<?xml version="1.0" encoding="UTF-8"?>
<testsuite xmlns:xsi="http://www.w3.org/2001/XMLSchema-instance" xsi:noNamespaceSchemaLocation="https://maven.apache.org/surefire/maven-surefire-plugin/xsd/surefire-test-report-3.0.xsd" version="3.0" name="runners.performance.SequentialLoginRunner" time="32.812" tests="1" errors="0" skipped="0" failures="0">
  <properties>
    <property name="java.specification.version" value="17"/>
    <property name="sun.cpu.isalist" value="amd64"/>
    <property name="sun.jnu.encoding" value="Cp1252"/>
    <property name="java.class.path" value="C:\Users\monst\karate-tests\target\test-classes;C:\Users\monst\karate-tests\target\classes;C:\Users\monst\.m2\repository\com\intuit\karate\karate-junit5\1.4.1\karate-junit5-1.4.1.jar;C:\Users\monst\.m2\repository\com\intuit\karate\karate-core\1.4.1\karate-core-1.4.1.jar;C:\Users\monst\.m2\repository\org\graalvm\js\js-scriptengine\22.3.3\js-scriptengine-22.3.3.jar;C:\Users\monst\.m2\repository\org\graalvm\sdk\graal-sdk\22.3.3\graal-sdk-22.3.3.jar;C:\Users\monst\.m2\repository\org\graalvm\js\js\22.3.3\js-22.3.3.jar;C:\Users\monst\.m2\repository\org\graalvm\regex\regex\22.3.3\regex-22.3.3.jar;C:\Users\monst\.m2\repository\org\graalvm\truffle\truffle-api\22.3.3\truffle-api-22.3.3.jar;C:\Users\monst\.m2\repository\com\ibm\icu\icu4j\71.1\icu4j-71.1.jar;C:\Users\monst\.m2\repository\org\thymeleaf\thymeleaf\3.1.2.RELEASE\thymeleaf-3.1.2.RELEASE.jar;C:\Users\monst\.m2\repository\ognl\ognl\3.3.4\ognl-3.3.4.jar;C:\Users\monst\.m2\repository\org\javassist\javassist\3.29.0-GA\javassist-3.29.0-GA.jar;C:\Users\monst\.m2\repository\org\attoparser\attoparser\2.0.7.RELEASE\attoparser-2.0.7.RELEASE.jar;C:\Users\monst\.m2\repository\org\unbescape\unbescape\1.1.6.RELEASE\unbescape-1.1.6.RELEASE.jar;C:\Users\monst\.m2\repository\org\slf4j\slf4j-api\2.0.7\slf4j-api-2.0.7.jar;C:\Users\monst\.m2\repository\com\linecorp\armeria\armeria\1.25.2\armeria-1.25.2.jar;C:\Users\monst\.m2\repository\com\fasterxml\jackson\core\jackson-core\2.15.2\jackson-core-2.15.2.jar;C:\Users\monst\.m2\repository\com\fasterxml\jackson\core\jackson-annotations\2.15.2\jackson-annotations-2.15.2.jar;C:\Users\monst\.m2\repository\com\fasterxml\jackson\core\jackson-databind\2.15.2\jackson-databind-2.15.2.jar;C:\Users\monst\.m2\repository\com\fasterxml\jackson\datatype\jackson-datatype-jdk8\2.15.2\jackson-datatype-jdk8-2.15.2.jar;C:\Users\monst\.m2\repository\com\fasterxml\jackson\datatype\jackson-datatype-jsr310\2.15.2\jackson-datatype-jsr310-2.15.2.jar;C:\Users\monst\.m2\repository\io\micrometer\micrometer-core\1.11.3\micrometer-core-1.11.3.jar;C:\Users\monst\.m2\repository\io\micrometer\micrometer-commons\1.11.3\micrometer-commons-1.11.3.jar;C:\Users\monst\.m2\repository\io\micrometer\micrometer-observation\1.11.3\micrometer-observation-1.11.3.jar;C:\Users\monst\.m2\repository\org\hdrhistogram\HdrHistogram\2.1.12\HdrHistogram-2.1.12.jar;C:\Users\monst\.m2\repository\org\latencyutils\LatencyUtils\2.0.3\LatencyUtils-2.0.3.jar;C:\Users\monst\.m2\repository\io\netty\netty-transport\4.1.96.Final\netty-transport-4.1.96.Final.jar;C:\Users\monst\.m2\repository\io\netty\netty-common\4.1.96.Final\netty-common-4.1.96.Final.jar;C:\Users\monst\.m2\repository\io\netty\netty-buffer\4.1.96.Final\netty-buffer-4.1.96.Final.jar;C:\Users\monst\.m2\repository\io\netty\netty-resolver\4.1.96.Final\netty-resolver-4.1.96.Final.jar;C:\Users\monst\.m2\repository\io\netty\netty-codec-haproxy\4.1.96.Final\netty-codec-haproxy-4.1.96.Final.jar;C:\Users\monst\.m2\repository\io\netty\netty-codec\4.1.96.Final\netty-codec-4.1.96.Final.jar;C:\Users\monst\.m2\repository\io\netty\netty-codec-http2\4.1.96.Final\netty-codec-http2-4.1.96.Final.jar;C:\Users\monst\.m2\repository\io\netty\netty-handler\4.1.96.Final\netty-handler-4.1.96.Final.jar;C:\Users\monst\.m2\repository\io\netty\netty-codec-http\4.1.96.Final\netty-codec-http-4.1.96.Final.jar;C:\Users\monst\.m2\repository\io\netty\netty-resolver-dns\4.1.96.Final\netty-resolver-dns-4.1.96.Final.jar;C:\Users\monst\.m2\repository\io\netty\netty-codec-dns\4.1.96.Final\netty-codec-dns-4.1.96.Final.jar;C:\Users\monst\.m2\repository\org\reactivestreams\reactive-streams\1.0.4\reactive-streams-1.0.4.jar;C:\Users\monst\.m2\repository\com\google\code\findbugs\jsr305\3.0.2\jsr305-3.0.2.jar;C:\Users\monst\.m2\repository\io\netty\netty-handler-proxy\4.1.96.Final\netty-handler-proxy-4.1.96.Final.jar;C:\Users\monst\.m2\repository\io\netty\netty-codec-socks\4.1.96.Final\netty-codec-socks-4.1.96.Final.jar;C:\Users\monst\.m2\repository\io\netty\netty-transport-native-unix-common\4.1.96.Final\netty-transport-native-unix-common-4.1.96.Final-linux-x86_64.jar;C:\Users\monst\.m2\repository\io\netty\netty-transport-native-epoll\4.1.96.Final\netty-transport-native-epoll-4.1.96.Final-linux-x86_64.jar;C:\Users\monst\.m2\repository\io\netty\netty-transport-native-unix-common\4.1.96.Final\netty-transport-native-unix-common-4.1.96.Final.jar;C:\Users\monst\.m2\repository\io\netty\netty-transport-classes-epoll\4.1.96.Final\netty-transport-classes-epoll-4.1.96.Final.jar;C:\Users\monst\.m2\repository\io\netty\netty-transport-native-unix-common\4.1.96.Final\netty-transport-native-unix-common-4.1.96.Final-linux-aarch_64.jar;C:\Users\monst\.m2\repository\io\netty\netty-transport-native-epoll\4.1.96.Final\netty-transport-native-epoll-4.1.96.Final-linux-aarch_64.jar;C:\Users\monst\.m2\repository\io\netty\netty-transport-native-unix-common\4.1.96.Final\netty-transport-native-unix-common-4.1.96.Final-osx-x86_64.jar;C:\Users\monst\.m2\repository\io\netty\netty-transport-native-kqueue\4.1.96.Final\netty-transport-native-kqueue-4.1.96.Final-osx-x86_64.jar;C:\Users\monst\.m2\repository\io\netty\netty-transport-classes-kqueue\4.1.96.Final\netty-transport-classes-kqueue-4.1.96.Final.jar;C:\Users\monst\.m2\repository\io\netty\netty-resolver-dns-native-macos\4.1.96.Final\netty-resolver-dns-native-macos-4.1.96.Final-osx-x86_64.jar;C:\Users\monst\.m2\repository\io\netty\netty-resolver-dns-classes-macos\4.1.96.Final\netty-resolver-dns-classes-macos-4.1.96.Final.jar;C:\Users\monst\.m2\repository\io\netty\netty-transport-native-unix-common\4.1.96.Final\netty-transport-native-unix-common-4.1.96.Final-osx-aarch_64.jar;C:\Users\monst\.m2\repository\io\netty\netty-transport-native-kqueue\4.1.96.Final\netty-transport-native-kqueue-4.1.96.Final-osx-aarch_64.jar;C:\Users\monst\.m2\repository\io\netty\netty-resolver-dns-native-macos\4.1.96.Final\netty-resolver-dns-native-macos-4.1.96.Final-osx-aarch_64.jar;C:\Users\monst\.m2\repository\io\netty\netty-tcnative-boringssl-static\2.0.61.Final\netty-tcnative-boringssl-static-2.0.61.Final-linux-x86_64.jar;C:\Users\monst\.m2\repository\io\netty\netty-tcnative-classes\2.0.61.Final\netty-tcnative-classes-2.0.61.Final.jar;C:\Users\monst\.m2\repository\io\netty\netty-tcnative-boringssl-static\2.0.61.Final\netty-tcnative-boringssl-static-2.0.61.Final-linux-aarch_64.jar;C:\Users\monst\.m2\repository\io\netty\netty-tcnative-boringssl-static\2.0.61.Final\netty-tcnative-boringssl-static-2.0.61.Final-osx-x86_64.jar;C:\Users\monst\.m2\repository\io\netty\netty-tcnative-boringssl-static\2.0.61.Final\netty-tcnative-boringssl-static-2.0.61.Final-osx-aarch_64.jar;C:\Users\monst\.m2\repository\io\netty\netty-tcnative-boringssl-static\2.0.61.Final\netty-tcnative-boringssl-static-2.0.61.Final-windows-x86_64.jar;C:\Users\monst\.m2\repository\com\aayushatharva\brotli4j\brotli4j\1.12.0\brotli4j-1.12.0.jar;C:\Users\monst\.m2\repository\com\aayushatharva\brotli4j\service\1.12.0\service-1.12.0.jar;C:\Users\monst\.m2\repository\com\aayushatharva\brotli4j\native-windows-x86_64\1.12.0\native-windows-x86_64-1.12.0.jar;C:\Users\monst\.m2\repository\org\apache\httpcomponents\httpclient\4.5.14\httpclient-4.5.14.jar;C:\Users\monst\.m2\repository\org\apache\httpcomponents\httpcore\4.4.16\httpcore-4.4.16.jar;C:\Users\monst\.m2\repository\ch\qos\logback\logback-classic\1.4.11\logback-classic-1.4.11.jar;C:\Users\monst\.m2\repository\ch\qos\logback\logback-core\1.4.11\logback-core-1.4.11.jar;C:\Users\monst\.m2\repository\org\slf4j\jcl-over-slf4j\2.0.9\jcl-over-slf4j-2.0.9.jar;C:\Users\monst\.m2\repository\org\antlr\antlr4-runtime\4.11.1\antlr4-runtime-4.11.1.jar;C:\Users\monst\.m2\repository\com\jayway\jsonpath\json-path\2.8.0\json-path-2.8.0.jar;C:\Users\monst\.m2\repository\net\minidev\json-smart\2.4.10\json-smart-2.4.10.jar;C:\Users\monst\.m2\repository\net\minidev\accessors-smart\2.4.9\accessors-smart-2.4.9.jar;C:\Users\monst\.m2\repository\org\ow2\asm\asm\9.3\asm-9.3.jar;C:\Users\monst\.m2\repository\org\yaml\snakeyaml\2.0\snakeyaml-2.0.jar;C:\Users\monst\.m2\repository\de\siegmar\fastcsv\2.2.1\fastcsv-2.2.1.jar;C:\Users\monst\.m2\repository\info\picocli\picocli\4.7.1\picocli-4.7.1.jar;C:\Users\monst\.m2\repository\io\github\classgraph\classgraph\4.8.160\classgraph-4.8.160.jar;C:\Users\monst\.m2\repository\io\github\t12y\resemble\1.0.2\resemble-1.0.2.jar;C:\Users\monst\.m2\repository\io\github\t12y\ssim\1.0.0\ssim-1.0.0.jar;C:\Users\monst\.m2\repository\org\junit\jupiter\junit-jupiter-api\5.9.3\junit-jupiter-api-5.9.3.jar;C:\Users\monst\.m2\repository\org\opentest4j\opentest4j\1.2.0\opentest4j-1.2.0.jar;C:\Users\monst\.m2\repository\org\junit\platform\junit-platform-commons\1.9.3\junit-platform-commons-1.9.3.jar;C:\Users\monst\.m2\repository\org\apiguardian\apiguardian-api\1.1.2\apiguardian-api-1.1.2.jar;C:\Users\monst\.m2\repository\org\junit\jupiter\junit-jupiter-engine\5.9.3\junit-jupiter-engine-5.9.3.jar;C:\Users\monst\.m2\repository\org\junit\platform\junit-platform-engine\1.9.3\junit-platform-engine-1.9.3.jar;C:\Users\monst\.m2\repository\org\apache\poi\poi\5.2.4\poi-5.2.4.jar;C:\Users\monst\.m2\repository\commons-codec\commons-codec\1.16.0\commons-codec-1.16.0.jar;C:\Users\monst\.m2\repository\org\apache\commons\commons-collections4\4.4\commons-collections4-4.4.jar;C:\Users\monst\.m2\repository\org\apache\commons\commons-math3\3.6.1\commons-math3-3.6.1.jar;C:\Users\monst\.m2\repository\commons-io\commons-io\2.13.0\commons-io-2.13.0.jar;C:\Users\monst\.m2\repository\com\zaxxer\SparseBitSet\1.3\SparseBitSet-1.3.jar;C:\Users\monst\.m2\repository\org\apache\logging\log4j\log4j-api\2.20.0\log4j-api-2.20.0.jar;C:\Users\monst\.m2\repository\org\apache\poi\poi-ooxml\5.2.4\poi-ooxml-5.2.4.jar;C:\Users\monst\.m2\repository\org\apache\poi\poi-ooxml-lite\5.2.4\poi-ooxml-lite-5.2.4.jar;C:\Users\monst\.m2\repository\org\apache\xmlbeans\xmlbeans\5.1.1\xmlbeans-5.1.1.jar;C:\Users\monst\.m2\repository\org\apache\commons\commons-compress\1.24.0\commons-compress-1.24.0.jar;C:\Users\monst\.m2\repository\com\github\virtuald\curvesapi\1.08\curvesapi-1.08.jar;"/>
    <property name="java.vm.vendor" value="Oracle Corporation"/>
    <property name="sun.arch.data.model" value="64"/>
    <property name="user.variant" value=""/>
    <property name="java.vendor.url" value="https://java.oracle.com/"/>
    <property name="user.timezone" value="Asia/Saigon"/>
    <property name="os.name" value="Windows 11"/>
    <property name="java.vm.specification.version" value="17"/>
    <property name="sun.java.launcher" value="SUN_STANDARD"/>
    <property name="user.country" value="US"/>
    <property name="sun.boot.library.path" value="C:\Program Files\Java\jdk-17\bin"/>
    <property name="sun.java.command" value="C:\Users\monst\AppData\Local\Temp\surefire7098108598506927333\surefirebooter-20250624161159437_3.jar C:\Users\monst\AppData\Local\Temp\surefire7098108598506927333 2025-06-24T16-11-59_022-jvmRun1 surefire-20250624161159437_1tmp surefire_0-20250624161159437_2tmp"/>
    <property name="jdk.debug" value="release"/>
    <property name="test" value="SequentialLoginRunner"/>
    <property name="surefire.test.class.path" value="C:\Users\monst\karate-tests\target\test-classes;C:\Users\monst\karate-tests\target\classes;C:\Users\monst\.m2\repository\com\intuit\karate\karate-junit5\1.4.1\karate-junit5-1.4.1.jar;C:\Users\monst\.m2\repository\com\intuit\karate\karate-core\1.4.1\karate-core-1.4.1.jar;C:\Users\monst\.m2\repository\org\graalvm\js\js-scriptengine\22.3.3\js-scriptengine-22.3.3.jar;C:\Users\monst\.m2\repository\org\graalvm\sdk\graal-sdk\22.3.3\graal-sdk-22.3.3.jar;C:\Users\monst\.m2\repository\org\graalvm\js\js\22.3.3\js-22.3.3.jar;C:\Users\monst\.m2\repository\org\graalvm\regex\regex\22.3.3\regex-22.3.3.jar;C:\Users\monst\.m2\repository\org\graalvm\truffle\truffle-api\22.3.3\truffle-api-22.3.3.jar;C:\Users\monst\.m2\repository\com\ibm\icu\icu4j\71.1\icu4j-71.1.jar;C:\Users\monst\.m2\repository\org\thymeleaf\thymeleaf\3.1.2.RELEASE\thymeleaf-3.1.2.RELEASE.jar;C:\Users\monst\.m2\repository\ognl\ognl\3.3.4\ognl-3.3.4.jar;C:\Users\monst\.m2\repository\org\javassist\javassist\3.29.0-GA\javassist-3.29.0-GA.jar;C:\Users\monst\.m2\repository\org\attoparser\attoparser\2.0.7.RELEASE\attoparser-2.0.7.RELEASE.jar;C:\Users\monst\.m2\repository\org\unbescape\unbescape\1.1.6.RELEASE\unbescape-1.1.6.RELEASE.jar;C:\Users\monst\.m2\repository\org\slf4j\slf4j-api\2.0.7\slf4j-api-2.0.7.jar;C:\Users\monst\.m2\repository\com\linecorp\armeria\armeria\1.25.2\armeria-1.25.2.jar;C:\Users\monst\.m2\repository\com\fasterxml\jackson\core\jackson-core\2.15.2\jackson-core-2.15.2.jar;C:\Users\monst\.m2\repository\com\fasterxml\jackson\core\jackson-annotations\2.15.2\jackson-annotations-2.15.2.jar;C:\Users\monst\.m2\repository\com\fasterxml\jackson\core\jackson-databind\2.15.2\jackson-databind-2.15.2.jar;C:\Users\monst\.m2\repository\com\fasterxml\jackson\datatype\jackson-datatype-jdk8\2.15.2\jackson-datatype-jdk8-2.15.2.jar;C:\Users\monst\.m2\repository\com\fasterxml\jackson\datatype\jackson-datatype-jsr310\2.15.2\jackson-datatype-jsr310-2.15.2.jar;C:\Users\monst\.m2\repository\io\micrometer\micrometer-core\1.11.3\micrometer-core-1.11.3.jar;C:\Users\monst\.m2\repository\io\micrometer\micrometer-commons\1.11.3\micrometer-commons-1.11.3.jar;C:\Users\monst\.m2\repository\io\micrometer\micrometer-observation\1.11.3\micrometer-observation-1.11.3.jar;C:\Users\monst\.m2\repository\org\hdrhistogram\HdrHistogram\2.1.12\HdrHistogram-2.1.12.jar;C:\Users\monst\.m2\repository\org\latencyutils\LatencyUtils\2.0.3\LatencyUtils-2.0.3.jar;C:\Users\monst\.m2\repository\io\netty\netty-transport\4.1.96.Final\netty-transport-4.1.96.Final.jar;C:\Users\monst\.m2\repository\io\netty\netty-common\4.1.96.Final\netty-common-4.1.96.Final.jar;C:\Users\monst\.m2\repository\io\netty\netty-buffer\4.1.96.Final\netty-buffer-4.1.96.Final.jar;C:\Users\monst\.m2\repository\io\netty\netty-resolver\4.1.96.Final\netty-resolver-4.1.96.Final.jar;C:\Users\monst\.m2\repository\io\netty\netty-codec-haproxy\4.1.96.Final\netty-codec-haproxy-4.1.96.Final.jar;C:\Users\monst\.m2\repository\io\netty\netty-codec\4.1.96.Final\netty-codec-4.1.96.Final.jar;C:\Users\monst\.m2\repository\io\netty\netty-codec-http2\4.1.96.Final\netty-codec-http2-4.1.96.Final.jar;C:\Users\monst\.m2\repository\io\netty\netty-handler\4.1.96.Final\netty-handler-4.1.96.Final.jar;C:\Users\monst\.m2\repository\io\netty\netty-codec-http\4.1.96.Final\netty-codec-http-4.1.96.Final.jar;C:\Users\monst\.m2\repository\io\netty\netty-resolver-dns\4.1.96.Final\netty-resolver-dns-4.1.96.Final.jar;C:\Users\monst\.m2\repository\io\netty\netty-codec-dns\4.1.96.Final\netty-codec-dns-4.1.96.Final.jar;C:\Users\monst\.m2\repository\org\reactivestreams\reactive-streams\1.0.4\reactive-streams-1.0.4.jar;C:\Users\monst\.m2\repository\com\google\code\findbugs\jsr305\3.0.2\jsr305-3.0.2.jar;C:\Users\monst\.m2\repository\io\netty\netty-handler-proxy\4.1.96.Final\netty-handler-proxy-4.1.96.Final.jar;C:\Users\monst\.m2\repository\io\netty\netty-codec-socks\4.1.96.Final\netty-codec-socks-4.1.96.Final.jar;C:\Users\monst\.m2\repository\io\netty\netty-transport-native-unix-common\4.1.96.Final\netty-transport-native-unix-common-4.1.96.Final-linux-x86_64.jar;C:\Users\monst\.m2\repository\io\netty\netty-transport-native-epoll\4.1.96.Final\netty-transport-native-epoll-4.1.96.Final-linux-x86_64.jar;C:\Users\monst\.m2\repository\io\netty\netty-transport-native-unix-common\4.1.96.Final\netty-transport-native-unix-common-4.1.96.Final.jar;C:\Users\monst\.m2\repository\io\netty\netty-transport-classes-epoll\4.1.96.Final\netty-transport-classes-epoll-4.1.96.Final.jar;C:\Users\monst\.m2\repository\io\netty\netty-transport-native-unix-common\4.1.96.Final\netty-transport-native-unix-common-4.1.96.Final-linux-aarch_64.jar;C:\Users\monst\.m2\repository\io\netty\netty-transport-native-epoll\4.1.96.Final\netty-transport-native-epoll-4.1.96.Final-linux-aarch_64.jar;C:\Users\monst\.m2\repository\io\netty\netty-transport-native-unix-common\4.1.96.Final\netty-transport-native-unix-common-4.1.96.Final-osx-x86_64.jar;C:\Users\monst\.m2\repository\io\netty\netty-transport-native-kqueue\4.1.96.Final\netty-transport-native-kqueue-4.1.96.Final-osx-x86_64.jar;C:\Users\monst\.m2\repository\io\netty\netty-transport-classes-kqueue\4.1.96.Final\netty-transport-classes-kqueue-4.1.96.Final.jar;C:\Users\monst\.m2\repository\io\netty\netty-resolver-dns-native-macos\4.1.96.Final\netty-resolver-dns-native-macos-4.1.96.Final-osx-x86_64.jar;C:\Users\monst\.m2\repository\io\netty\netty-resolver-dns-classes-macos\4.1.96.Final\netty-resolver-dns-classes-macos-4.1.96.Final.jar;C:\Users\monst\.m2\repository\io\netty\netty-transport-native-unix-common\4.1.96.Final\netty-transport-native-unix-common-4.1.96.Final-osx-aarch_64.jar;C:\Users\monst\.m2\repository\io\netty\netty-transport-native-kqueue\4.1.96.Final\netty-transport-native-kqueue-4.1.96.Final-osx-aarch_64.jar;C:\Users\monst\.m2\repository\io\netty\netty-resolver-dns-native-macos\4.1.96.Final\netty-resolver-dns-native-macos-4.1.96.Final-osx-aarch_64.jar;C:\Users\monst\.m2\repository\io\netty\netty-tcnative-boringssl-static\2.0.61.Final\netty-tcnative-boringssl-static-2.0.61.Final-linux-x86_64.jar;C:\Users\monst\.m2\repository\io\netty\netty-tcnative-classes\2.0.61.Final\netty-tcnative-classes-2.0.61.Final.jar;C:\Users\monst\.m2\repository\io\netty\netty-tcnative-boringssl-static\2.0.61.Final\netty-tcnative-boringssl-static-2.0.61.Final-linux-aarch_64.jar;C:\Users\monst\.m2\repository\io\netty\netty-tcnative-boringssl-static\2.0.61.Final\netty-tcnative-boringssl-static-2.0.61.Final-osx-x86_64.jar;C:\Users\monst\.m2\repository\io\netty\netty-tcnative-boringssl-static\2.0.61.Final\netty-tcnative-boringssl-static-2.0.61.Final-osx-aarch_64.jar;C:\Users\monst\.m2\repository\io\netty\netty-tcnative-boringssl-static\2.0.61.Final\netty-tcnative-boringssl-static-2.0.61.Final-windows-x86_64.jar;C:\Users\monst\.m2\repository\com\aayushatharva\brotli4j\brotli4j\1.12.0\brotli4j-1.12.0.jar;C:\Users\monst\.m2\repository\com\aayushatharva\brotli4j\service\1.12.0\service-1.12.0.jar;C:\Users\monst\.m2\repository\com\aayushatharva\brotli4j\native-windows-x86_64\1.12.0\native-windows-x86_64-1.12.0.jar;C:\Users\monst\.m2\repository\org\apache\httpcomponents\httpclient\4.5.14\httpclient-4.5.14.jar;C:\Users\monst\.m2\repository\org\apache\httpcomponents\httpcore\4.4.16\httpcore-4.4.16.jar;C:\Users\monst\.m2\repository\ch\qos\logback\logback-classic\1.4.11\logback-classic-1.4.11.jar;C:\Users\monst\.m2\repository\ch\qos\logback\logback-core\1.4.11\logback-core-1.4.11.jar;C:\Users\monst\.m2\repository\org\slf4j\jcl-over-slf4j\2.0.9\jcl-over-slf4j-2.0.9.jar;C:\Users\monst\.m2\repository\org\antlr\antlr4-runtime\4.11.1\antlr4-runtime-4.11.1.jar;C:\Users\monst\.m2\repository\com\jayway\jsonpath\json-path\2.8.0\json-path-2.8.0.jar;C:\Users\monst\.m2\repository\net\minidev\json-smart\2.4.10\json-smart-2.4.10.jar;C:\Users\monst\.m2\repository\net\minidev\accessors-smart\2.4.9\accessors-smart-2.4.9.jar;C:\Users\monst\.m2\repository\org\ow2\asm\asm\9.3\asm-9.3.jar;C:\Users\monst\.m2\repository\org\yaml\snakeyaml\2.0\snakeyaml-2.0.jar;C:\Users\monst\.m2\repository\de\siegmar\fastcsv\2.2.1\fastcsv-2.2.1.jar;C:\Users\monst\.m2\repository\info\picocli\picocli\4.7.1\picocli-4.7.1.jar;C:\Users\monst\.m2\repository\io\github\classgraph\classgraph\4.8.160\classgraph-4.8.160.jar;C:\Users\monst\.m2\repository\io\github\t12y\resemble\1.0.2\resemble-1.0.2.jar;C:\Users\monst\.m2\repository\io\github\t12y\ssim\1.0.0\ssim-1.0.0.jar;C:\Users\monst\.m2\repository\org\junit\jupiter\junit-jupiter-api\5.9.3\junit-jupiter-api-5.9.3.jar;C:\Users\monst\.m2\repository\org\opentest4j\opentest4j\1.2.0\opentest4j-1.2.0.jar;C:\Users\monst\.m2\repository\org\junit\platform\junit-platform-commons\1.9.3\junit-platform-commons-1.9.3.jar;C:\Users\monst\.m2\repository\org\apiguardian\apiguardian-api\1.1.2\apiguardian-api-1.1.2.jar;C:\Users\monst\.m2\repository\org\junit\jupiter\junit-jupiter-engine\5.9.3\junit-jupiter-engine-5.9.3.jar;C:\Users\monst\.m2\repository\org\junit\platform\junit-platform-engine\1.9.3\junit-platform-engine-1.9.3.jar;C:\Users\monst\.m2\repository\org\apache\poi\poi\5.2.4\poi-5.2.4.jar;C:\Users\monst\.m2\repository\commons-codec\commons-codec\1.16.0\commons-codec-1.16.0.jar;C:\Users\monst\.m2\repository\org\apache\commons\commons-collections4\4.4\commons-collections4-4.4.jar;C:\Users\monst\.m2\repository\org\apache\commons\commons-math3\3.6.1\commons-math3-3.6.1.jar;C:\Users\monst\.m2\repository\commons-io\commons-io\2.13.0\commons-io-2.13.0.jar;C:\Users\monst\.m2\repository\com\zaxxer\SparseBitSet\1.3\SparseBitSet-1.3.jar;C:\Users\monst\.m2\repository\org\apache\logging\log4j\log4j-api\2.20.0\log4j-api-2.20.0.jar;C:\Users\monst\.m2\repository\org\apache\poi\poi-ooxml\5.2.4\poi-ooxml-5.2.4.jar;C:\Users\monst\.m2\repository\org\apache\poi\poi-ooxml-lite\5.2.4\poi-ooxml-lite-5.2.4.jar;C:\Users\monst\.m2\repository\org\apache\xmlbeans\xmlbeans\5.1.1\xmlbeans-5.1.1.jar;C:\Users\monst\.m2\repository\org\apache\commons\commons-compress\1.24.0\commons-compress-1.24.0.jar;C:\Users\monst\.m2\repository\com\github\virtuald\curvesapi\1.08\curvesapi-1.08.jar;"/>
    <property name="sun.cpu.endian" value="little"/>
    <property name="user.home" value="C:\Users\monst"/>
    <property name="user.language" value="en"/>
    <property name="java.specification.vendor" value="Oracle Corporation"/>
    <property name="java.version.date" value="2023-10-17"/>
    <property name="java.home" value="C:\Program Files\Java\jdk-17"/>
    <property name="file.separator" value="\"/>
    <property name="basedir" value="C:\Users\monst\karate-tests"/>
    <property name="java.vm.compressedOopsMode" value="Zero based"/>
    <property name="line.separator" value="&#10;"/>
    <property name="java.vm.specification.vendor" value="Oracle Corporation"/>
    <property name="java.specification.name" value="Java Platform API Specification"/>
    <property name="surefire.real.class.path" value="C:\Users\monst\AppData\Local\Temp\surefire7098108598506927333\surefirebooter-20250624161159437_3.jar"/>
    <property name="user.script" value=""/>
    <property name="sun.management.compiler" value="HotSpot 64-Bit Tiered Compilers"/>
    <property name="java.runtime.version" value="17.0.9+11-LTS-201"/>
    <property name="user.name" value="monst"/>
    <property name="path.separator" value=";"/>
    <property name="os.version" value="10.0"/>
    <property name="java.runtime.name" value="Java(TM) SE Runtime Environment"/>
    <property name="file.encoding" value="Cp1252"/>
    <property name="java.vm.name" value="Java HotSpot(TM) 64-Bit Server VM"/>
    <property name="localRepository" value="C:\Users\monst\.m2\repository"/>
    <property name="java.vendor.url.bug" value="https://bugreport.java.com/bugreport/"/>
    <property name="java.io.tmpdir" value="C:\Users\monst\AppData\Local\Temp\"/>
    <property name="java.version" value="17.0.9"/>
    <property name="user.dir" value="C:\Users\monst\karate-tests"/>
    <property name="os.arch" value="amd64"/>
    <property name="java.vm.specification.name" value="Java Virtual Machine Specification"/>
    <property name="sun.os.patch.level" value=""/>
    <property name="native.encoding" value="Cp1252"/>
    <property name="java.library.path" value="C:\Program Files\Java\jdk-17\bin;C:\WINDOWS\Sun\Java\bin;C:\WINDOWS\system32;C:\WINDOWS;C:\Program Files\Eclipse Adoptium\jdk-17.0.12.7-hotspot\bin;C:\Program Files\Common Files\Oracle\Java\javapath;C:\Program Files (x86)\VMware\VMware Workstation\bin\;C:\Windows\system32;C:\Windows;C:\Windows\System32\Wbem;C:\Windows\System32\WindowsPowerShell\v1.0\;C:\Windows\System32\OpenSSH\;C:\Program Files (x86)\NVIDIA Corporation\PhysX\Common;C:\Program Files\NVIDIA Corporation\NVIDIA NvDLISR;C:\WINDOWS\system32;C:\WINDOWS;C:\WINDOWS\System32\Wbem;C:\WINDOWS\System32\WindowsPowerShell\v1.0\;C:\WINDOWS\System32\OpenSSH\;C:\Program Files\Azure Data Studio\bin;C:\Program Files (x86)\Microsoft SQL Server\160\Tools\Binn\;C:\Program Files\Microsoft SQL Server\160\Tools\Binn\;C:\Program Files\Microsoft SQL Server\Client SDK\ODBC\170\Tools\Binn\;C:\Program Files\Microsoft SQL Server\160\DTS\Binn\;C:\Program Files (x86)\Microsoft SQL Server\160\DTS\Binn\;C:\ProgramData\chocolatey\bin;C:\Program Files\Docker\Docker\resources\bin;C:\Program Files\nodejs\;C:\Program Files\MySQL\MySQL Server 8.0\bin;C:\Program Files\Git\cmd;C:\Program Files (x86)\Windows Kits\10\Windows Performance Toolkit\;C:\Program Files\dotnet\;C:\Program Files\Microsoft SQL Server\150\Tools\Binn\;C:\Program Files\Apache\apache-maven-3.9.9\bin;C:\Users\monst\AppData\Local\Android\Sdk\platform-tools;C:\Program Files\Cloudflare\Cloudflare WARP\;C:\Users\monst\AppData\Local\Programs\Python\Python313\Scripts\;C:\dev\flutter\bin;C:\Users\monst\.dotnet\tools;C:\Users\monst\AppData\Local\Programs\Microsoft VS Code\bin;C:\Users\monst\AppData\Local\Programs\Python\Python313\;C:\Users\monst\AppData\Local\Programs\cursor\resources\app\bin;C:\Users\monst\AppData\Roaming\npm;;."/>
    <property name="java.vm.info" value="mixed mode, sharing"/>
    <property name="java.vendor" value="Oracle Corporation"/>
    <property name="java.vm.version" value="17.0.9+11-LTS-201"/>
    <property name="sun.io.unicode.encoding" value="UnicodeLittle"/>
    <property name="java.class.version" value="61.0"/>
  </properties>
  <testcase name="testSequentialLoginPerformance" classname="runners.performance.SequentialLoginRunner" time="32.791">
    <system-out><![CDATA[🚀 Starting Sequential Performance Test - 100 requests...
16:12:00.867 [main] INFO com.intuit.karate.Suite -- backed up existing 'target\karate-reports' dir to: target\karate-reports_1750756320862
16:12:01.808 [main] INFO com.intuit.karate -- [print] === STARTING SEQUENTIAL PERFORMANCE TEST - 100 REQUESTS === 
16:12:01.843 [main] DEBUG com.jayway.jsonpath.internal.path.CompiledPath -- Evaluating path: $
16:12:01.850 [main] DEBUG com.jayway.jsonpath.internal.path.CompiledPath -- Evaluating path: $
16:12:01.851 [main] DEBUG com.jayway.jsonpath.internal.path.CompiledPath -- Evaluating path: $
16:12:01.915 [main] INFO com.intuit.karate -- *** SEQUENTIAL REQUEST #1 *** 
16:12:01.916 [main] INFO com.intuit.karate -- User: nam@gmail.com 
16:12:01.957 [main] INFO com.intuit.karate -- [print] *** BEFORE API CALL *** Email: nam@gmail.com URL: http://localhost:3000/auth/login 
16:12:01.957 [main] DEBUG com.jayway.jsonpath.internal.path.CompiledPath -- Evaluating path: $
16:12:01.961 [main] INFO com.intuit.karate -- [print] *** SENDING REQUEST *** Body: {
  "email": "#(email)",
  "password": "#(password)"
}
 
16:12:01.985 [main] DEBUG io.netty.util.internal.logging.InternalLoggerFactory -- Using SLF4J as the default logging framework
16:12:01.986 [main] DEBUG io.netty.util.internal.PlatformDependent0 -- -Dio.netty.noUnsafe: false
16:12:01.986 [main] DEBUG io.netty.util.internal.PlatformDependent0 -- Java version: 17
16:12:01.986 [main] DEBUG io.netty.util.internal.PlatformDependent0 -- sun.misc.Unsafe.theUnsafe: available
16:12:01.988 [main] DEBUG io.netty.util.internal.PlatformDependent0 -- sun.misc.Unsafe.copyMemory: available
16:12:01.988 [main] DEBUG io.netty.util.internal.PlatformDependent0 -- sun.misc.Unsafe.storeFence: available
16:12:01.988 [main] DEBUG io.netty.util.internal.PlatformDependent0 -- java.nio.Buffer.address: available
16:12:01.988 [main] DEBUG io.netty.util.internal.PlatformDependent0 -- direct buffer constructor: unavailable: Reflective setAccessible(true) disabled
16:12:01.989 [main] DEBUG io.netty.util.internal.PlatformDependent0 -- java.nio.Bits.unaligned: available, true
16:12:01.989 [main] DEBUG io.netty.util.internal.PlatformDependent0 -- jdk.internal.misc.Unsafe.allocateUninitializedArray(int): unavailable: class io.netty.util.internal.PlatformDependent0$7 cannot access class jdk.internal.misc.Unsafe (in module java.base) because module java.base does not export jdk.internal.misc to unnamed module @376b4233
16:12:01.990 [main] DEBUG io.netty.util.internal.PlatformDependent0 -- java.nio.DirectByteBuffer.<init>(long, {int,long}): unavailable
16:12:01.990 [main] DEBUG io.netty.util.internal.PlatformDependent -- sun.misc.Unsafe: available
16:12:01.991 [main] DEBUG io.netty.util.internal.PlatformDependent -- maxDirectMemory: 4123000832 bytes (maybe)
16:12:01.991 [main] DEBUG io.netty.util.internal.PlatformDependent -- -Dio.netty.tmpdir: C:\Users\monst\AppData\Local\Temp (java.io.tmpdir)
16:12:01.991 [main] DEBUG io.netty.util.internal.PlatformDependent -- -Dio.netty.bitMode: 64 (sun.arch.data.model)
16:12:01.992 [main] DEBUG io.netty.util.internal.PlatformDependent -- Platform: Windows
16:12:01.992 [main] DEBUG io.netty.util.internal.PlatformDependent -- -Dio.netty.maxDirectMemory: -1 bytes
16:12:01.992 [main] DEBUG io.netty.util.internal.PlatformDependent -- -Dio.netty.uninitializedArrayAllocationThreshold: -1
16:12:01.993 [main] DEBUG io.netty.util.internal.CleanerJava9 -- java.nio.ByteBuffer.cleaner(): available
16:12:01.993 [main] DEBUG io.netty.util.internal.PlatformDependent -- -Dio.netty.noPreferDirect: false
16:12:02.276 [main] DEBUG org.apache.http.client.protocol.RequestAddCookies -- CookieSpec selected: karate
16:12:02.283 [main] DEBUG org.apache.http.client.protocol.RequestAuthCache -- Auth cache not set in the context
16:12:02.284 [main] DEBUG com.intuit.karate -- request:
1 > POST http://localhost:3000/auth/login
1 > Content-Type: application/json; charset=UTF-8
1 > Content-Length: 45
1 > Host: localhost:3000
1 > Connection: Keep-Alive
1 > User-Agent: Apache-HttpClient/4.5.14 (Java/17.0.9)
1 > Accept-Encoding: gzip,deflate
{"email":"nam@gmail.com","password":"123456"}

16:12:02.285 [main] DEBUG org.apache.http.impl.conn.PoolingHttpClientConnectionManager -- Connection request: [route: {}->http://localhost:3000][total available: 0; route allocated: 0 of 5; total allocated: 0 of 10]
16:12:02.293 [main] DEBUG org.apache.http.impl.conn.PoolingHttpClientConnectionManager -- Connection leased: [id: 0][route: {}->http://localhost:3000][total available: 0; route allocated: 1 of 5; total allocated: 1 of 10]
16:12:02.294 [main] DEBUG org.apache.http.impl.execchain.MainClientExec -- Opening connection {}->http://localhost:3000
16:12:02.300 [main] DEBUG org.apache.http.impl.conn.DefaultHttpClientConnectionOperator -- Connecting to localhost/127.0.0.1:3000
16:12:02.302 [main] DEBUG org.apache.http.impl.conn.DefaultHttpClientConnectionOperator -- Connection established 127.0.0.1:51044<->127.0.0.1:3000
16:12:02.302 [main] DEBUG org.apache.http.impl.conn.DefaultManagedHttpClientConnection -- http-outgoing-0: set socket timeout to 30000
16:12:02.302 [main] DEBUG org.apache.http.impl.execchain.MainClientExec -- Executing request POST /auth/login HTTP/1.1
16:12:02.302 [main] DEBUG org.apache.http.impl.execchain.MainClientExec -- Target auth state: UNCHALLENGED
16:12:02.303 [main] DEBUG org.apache.http.impl.execchain.MainClientExec -- Proxy auth state: UNCHALLENGED
16:12:02.304 [main] DEBUG org.apache.http.headers -- http-outgoing-0 >> POST /auth/login HTTP/1.1
16:12:02.304 [main] DEBUG org.apache.http.headers -- http-outgoing-0 >> Content-Type: application/json; charset=UTF-8
16:12:02.304 [main] DEBUG org.apache.http.headers -- http-outgoing-0 >> Content-Length: 45
16:12:02.304 [main] DEBUG org.apache.http.headers -- http-outgoing-0 >> Host: localhost:3000
16:12:02.304 [main] DEBUG org.apache.http.headers -- http-outgoing-0 >> Connection: Keep-Alive
16:12:02.304 [main] DEBUG org.apache.http.headers -- http-outgoing-0 >> User-Agent: Apache-HttpClient/4.5.14 (Java/17.0.9)
16:12:02.304 [main] DEBUG org.apache.http.headers -- http-outgoing-0 >> Accept-Encoding: gzip,deflate
16:12:02.304 [main] DEBUG org.apache.http.wire -- http-outgoing-0 >> "POST /auth/login HTTP/1.1[\r][\n]"
16:12:02.304 [main] DEBUG org.apache.http.wire -- http-outgoing-0 >> "Content-Type: application/json; charset=UTF-8[\r][\n]"
16:12:02.304 [main] DEBUG org.apache.http.wire -- http-outgoing-0 >> "Content-Length: 45[\r][\n]"
16:12:02.304 [main] DEBUG org.apache.http.wire -- http-outgoing-0 >> "Host: localhost:3000[\r][\n]"
16:12:02.304 [main] DEBUG org.apache.http.wire -- http-outgoing-0 >> "Connection: Keep-Alive[\r][\n]"
16:12:02.304 [main] DEBUG org.apache.http.wire -- http-outgoing-0 >> "User-Agent: Apache-HttpClient/4.5.14 (Java/17.0.9)[\r][\n]"
16:12:02.304 [main] DEBUG org.apache.http.wire -- http-outgoing-0 >> "Accept-Encoding: gzip,deflate[\r][\n]"
16:12:02.306 [main] DEBUG org.apache.http.wire -- http-outgoing-0 >> "[\r][\n]"
16:12:02.306 [main] DEBUG org.apache.http.wire -- http-outgoing-0 >> "{"email":"nam@gmail.com","password":"123456"}"
16:12:02.587 [main] DEBUG org.apache.http.wire -- http-outgoing-0 << "HTTP/1.1 200 OK[\r][\n]"
16:12:02.587 [main] DEBUG org.apache.http.wire -- http-outgoing-0 << "X-Powered-By: Express[\r][\n]"
16:12:02.587 [main] DEBUG org.apache.http.wire -- http-outgoing-0 << "Access-Control-Allow-Origin: *[\r][\n]"
16:12:02.587 [main] DEBUG org.apache.http.wire -- http-outgoing-0 << "Content-Type: application/json; charset=utf-8[\r][\n]"
16:12:02.587 [main] DEBUG org.apache.http.wire -- http-outgoing-0 << "Content-Length: 708[\r][\n]"
16:12:02.587 [main] DEBUG org.apache.http.wire -- http-outgoing-0 << "ETag: W/"2c4-TcQVn12QK98ATHEWisfwOhjFSS0"[\r][\n]"
16:12:02.587 [main] DEBUG org.apache.http.wire -- http-outgoing-0 << "Date: Tue, 24 Jun 2025 09:12:02 GMT[\r][\n]"
16:12:02.588 [main] DEBUG org.apache.http.wire -- http-outgoing-0 << "Connection: keep-alive[\r][\n]"
16:12:02.588 [main] DEBUG org.apache.http.wire -- http-outgoing-0 << "Keep-Alive: timeout=5[\r][\n]"
16:12:02.588 [main] DEBUG org.apache.http.wire -- http-outgoing-0 << "[\r][\n]"
16:12:02.588 [main] DEBUG org.apache.http.wire -- http-outgoing-0 << "{"access_token":"eyJhbGciOiJIUzI1NiIsInR5cCI6IkpXVCJ9.eyJzdWIiOiIwODUxNWIwNS0yZDNlLTQ3ODktYWQ2MC1kYjM1NTI1YTQ5NzAiLCJ1c2VybmFtZSI6Im5hbSIsInJvbGUiOjAsImlhdCI6MTc1MDc1NjMyMiwiZXhwIjoxNzUwNzU5OTIyfQ.Q7yIOcb-3F8XIg0M82FJl05-q8IK6RCEaD_0o5nW9oY","refresh_token":"0f8fe4ae3f427ba1eebca7b4b63f545675a82405ae9019673feed3d824a0d183","user":{"id":"08515b05-2d3e-4789-ad60-db35525a4970","email":"nam@gmail.com","username":"nam","name":"nam","phoneNumber":"0123456789","profilePic":"https://res.cloudinary.com/dizcvrefo/image/upload/v1749266646/nestjs_uploads/zk9zrpeidnovxibfqdxr.png","bio":"Chu tich hoi dong Quan tri 1","private":false,"verified":false,"role":0,"followersCount":2,"followingCount":5,"postCount":13}}"
16:12:02.590 [main] DEBUG org.apache.http.headers -- http-outgoing-0 << HTTP/1.1 200 OK
16:12:02.590 [main] DEBUG org.apache.http.headers -- http-outgoing-0 << X-Powered-By: Express
16:12:02.590 [main] DEBUG org.apache.http.headers -- http-outgoing-0 << Access-Control-Allow-Origin: *
16:12:02.590 [main] DEBUG org.apache.http.headers -- http-outgoing-0 << Content-Type: application/json; charset=utf-8
16:12:02.590 [main] DEBUG org.apache.http.headers -- http-outgoing-0 << Content-Length: 708
16:12:02.590 [main] DEBUG org.apache.http.headers -- http-outgoing-0 << ETag: W/"2c4-TcQVn12QK98ATHEWisfwOhjFSS0"
16:12:02.590 [main] DEBUG org.apache.http.headers -- http-outgoing-0 << Date: Tue, 24 Jun 2025 09:12:02 GMT
16:12:02.590 [main] DEBUG org.apache.http.headers -- http-outgoing-0 << Connection: keep-alive
16:12:02.590 [main] DEBUG org.apache.http.headers -- http-outgoing-0 << Keep-Alive: timeout=5
16:12:02.593 [main] DEBUG org.apache.http.impl.execchain.MainClientExec -- Connection can be kept alive for 5000 MILLISECONDS
16:12:02.595 [main] DEBUG org.apache.http.impl.conn.PoolingHttpClientConnectionManager -- Connection [id: 0][route: {}->http://localhost:3000] can be kept alive for 5.0 seconds
16:12:02.595 [main] DEBUG org.apache.http.impl.conn.DefaultManagedHttpClientConnection -- http-outgoing-0: set socket timeout to 0
16:12:02.595 [main] DEBUG org.apache.http.impl.conn.PoolingHttpClientConnectionManager -- Connection released: [id: 0][route: {}->http://localhost:3000][total available: 1; route allocated: 1 of 5; total allocated: 1 of 10]
16:12:02.595 [main] DEBUG org.apache.http.impl.conn.PoolingHttpClientConnectionManager -- Connection manager is shutting down
16:12:02.595 [main] DEBUG org.apache.http.impl.conn.DefaultManagedHttpClientConnection -- http-outgoing-0: Close connection
16:12:02.597 [main] DEBUG org.apache.http.impl.conn.PoolingHttpClientConnectionManager -- Connection manager shut down
16:12:02.598 [main] DEBUG com.intuit.karate -- response time in milliseconds: 311
1 < 200
1 < X-Powered-By: Express
1 < Access-Control-Allow-Origin: *
1 < Content-Type: application/json; charset=utf-8
1 < Content-Length: 708
1 < ETag: W/"2c4-TcQVn12QK98ATHEWisfwOhjFSS0"
1 < Date: Tue, 24 Jun 2025 09:12:02 GMT
1 < Connection: keep-alive
1 < Keep-Alive: timeout=5
{"access_token":"eyJhbGciOiJIUzI1NiIsInR5cCI6IkpXVCJ9.eyJzdWIiOiIwODUxNWIwNS0yZDNlLTQ3ODktYWQ2MC1kYjM1NTI1YTQ5NzAiLCJ1c2VybmFtZSI6Im5hbSIsInJvbGUiOjAsImlhdCI6MTc1MDc1NjMyMiwiZXhwIjoxNzUwNzU5OTIyfQ.Q7yIOcb-3F8XIg0M82FJl05-q8IK6RCEaD_0o5nW9oY","refresh_token":"0f8fe4ae3f427ba1eebca7b4b63f545675a82405ae9019673feed3d824a0d183","user":{"id":"08515b05-2d3e-4789-ad60-db35525a4970","email":"nam@gmail.com","username":"nam","name":"nam","phoneNumber":"0123456789","profilePic":"https://res.cloudinary.com/dizcvrefo/image/upload/v1749266646/nestjs_uploads/zk9zrpeidnovxibfqdxr.png","bio":"Chu tich hoi dong Quan tri 1","private":false,"verified":false,"role":0,"followersCount":2,"followingCount":5,"postCount":13}}

16:12:02.602 [main] INFO com.intuit.karate -- [print] *** AFTER API CALL *** Status: 200 
16:12:02.610 [main] INFO com.intuit.karate -- [print] ### API CALL COMPLETED ### Email: nam@gmail.com Status: 200 
16:12:02.613 [main] INFO com.intuit.karate -- [print] ### RESPONSE BODY ### {
  "access_token": "eyJhbGciOiJIUzI1NiIsInR5cCI6IkpXVCJ9.eyJzdWIiOiIwODUxNWIwNS0yZDNlLTQ3ODktYWQ2MC1kYjM1NTI1YTQ5NzAiLCJ1c2VybmFtZSI6Im5hbSIsInJvbGUiOjAsImlhdCI6MTc1MDc1NjMyMiwiZXhwIjoxNzUwNzU5OTIyfQ.Q7yIOcb-3F8XIg0M82FJl05-q8IK6RCEaD_0o5nW9oY",
  "refresh_token": "0f8fe4ae3f427ba1eebca7b4b63f545675a82405ae9019673feed3d824a0d183",
  "user": {
    "id": "08515b05-2d3e-4789-ad60-db35525a4970",
    "email": "nam@gmail.com",
    "username": "nam",
    "name": "nam",
    "phoneNumber": "0123456789",
    "profilePic": "https://res.cloudinary.com/dizcvrefo/image/upload/v1749266646/nestjs_uploads/zk9zrpeidnovxibfqdxr.png",
    "bio": "Chu tich hoi dong Quan tri 1",
    "private": false,
    "verified": false,
    "role": 0,
    "followersCount": 2,
    "followingCount": 5,
    "postCount": 13
  }
}
 
16:12:02.619 [main] INFO com.intuit.karate -- Request #1 completed - Status: 200 Time: 695ms 
16:12:02.635 [main] INFO com.intuit.karate -- *** SEQUENTIAL REQUEST #2 *** 
16:12:02.635 [main] INFO com.intuit.karate -- User: quang1@gmail.com 
16:12:02.645 [main] INFO com.intuit.karate -- [print] *** BEFORE API CALL *** Email: quang1@gmail.com URL: http://localhost:3000/auth/login 
16:12:02.647 [main] DEBUG com.jayway.jsonpath.internal.path.CompiledPath -- Evaluating path: $
16:12:02.648 [main] INFO com.intuit.karate -- [print] *** SENDING REQUEST *** Body: {
  "email": "#(email)",
  "password": "#(password)"
}
 
16:12:02.650 [main] DEBUG org.apache.http.client.protocol.RequestAddCookies -- CookieSpec selected: karate
16:12:02.650 [main] DEBUG org.apache.http.client.protocol.RequestAuthCache -- Auth cache not set in the context
16:12:02.651 [main] DEBUG com.intuit.karate -- request:
1 > POST http://localhost:3000/auth/login
1 > Content-Type: application/json; charset=UTF-8
1 > Content-Length: 48
1 > Host: localhost:3000
1 > Connection: Keep-Alive
1 > User-Agent: Apache-HttpClient/4.5.14 (Java/17.0.9)
1 > Accept-Encoding: gzip,deflate
{"email":"quang1@gmail.com","password":"quang1"}

16:12:02.651 [main] DEBUG org.apache.http.impl.conn.PoolingHttpClientConnectionManager -- Connection request: [route: {}->http://localhost:3000][total available: 0; route allocated: 0 of 5; total allocated: 0 of 10]
16:12:02.651 [main] DEBUG org.apache.http.impl.conn.PoolingHttpClientConnectionManager -- Connection leased: [id: 1][route: {}->http://localhost:3000][total available: 0; route allocated: 1 of 5; total allocated: 1 of 10]
16:12:02.651 [main] DEBUG org.apache.http.impl.execchain.MainClientExec -- Opening connection {}->http://localhost:3000
16:12:02.651 [main] DEBUG org.apache.http.impl.conn.DefaultHttpClientConnectionOperator -- Connecting to localhost/127.0.0.1:3000
16:12:02.651 [main] DEBUG org.apache.http.impl.conn.DefaultHttpClientConnectionOperator -- Connection established 127.0.0.1:51045<->127.0.0.1:3000
16:12:02.652 [main] DEBUG org.apache.http.impl.conn.DefaultManagedHttpClientConnection -- http-outgoing-1: set socket timeout to 30000
16:12:02.652 [main] DEBUG org.apache.http.impl.execchain.MainClientExec -- Executing request POST /auth/login HTTP/1.1
16:12:02.652 [main] DEBUG org.apache.http.impl.execchain.MainClientExec -- Target auth state: UNCHALLENGED
16:12:02.652 [main] DEBUG org.apache.http.impl.execchain.MainClientExec -- Proxy auth state: UNCHALLENGED
16:12:02.652 [main] DEBUG org.apache.http.headers -- http-outgoing-1 >> POST /auth/login HTTP/1.1
16:12:02.652 [main] DEBUG org.apache.http.headers -- http-outgoing-1 >> Content-Type: application/json; charset=UTF-8
16:12:02.652 [main] DEBUG org.apache.http.headers -- http-outgoing-1 >> Content-Length: 48
16:12:02.652 [main] DEBUG org.apache.http.headers -- http-outgoing-1 >> Host: localhost:3000
16:12:02.652 [main] DEBUG org.apache.http.headers -- http-outgoing-1 >> Connection: Keep-Alive
16:12:02.652 [main] DEBUG org.apache.http.headers -- http-outgoing-1 >> User-Agent: Apache-HttpClient/4.5.14 (Java/17.0.9)
16:12:02.652 [main] DEBUG org.apache.http.headers -- http-outgoing-1 >> Accept-Encoding: gzip,deflate
16:12:02.652 [main] DEBUG org.apache.http.wire -- http-outgoing-1 >> "POST /auth/login HTTP/1.1[\r][\n]"
16:12:02.652 [main] DEBUG org.apache.http.wire -- http-outgoing-1 >> "Content-Type: application/json; charset=UTF-8[\r][\n]"
16:12:02.652 [main] DEBUG org.apache.http.wire -- http-outgoing-1 >> "Content-Length: 48[\r][\n]"
16:12:02.652 [main] DEBUG org.apache.http.wire -- http-outgoing-1 >> "Host: localhost:3000[\r][\n]"
16:12:02.652 [main] DEBUG org.apache.http.wire -- http-outgoing-1 >> "Connection: Keep-Alive[\r][\n]"
16:12:02.652 [main] DEBUG org.apache.http.wire -- http-outgoing-1 >> "User-Agent: Apache-HttpClient/4.5.14 (Java/17.0.9)[\r][\n]"
16:12:02.652 [main] DEBUG org.apache.http.wire -- http-outgoing-1 >> "Accept-Encoding: gzip,deflate[\r][\n]"
16:12:02.652 [main] DEBUG org.apache.http.wire -- http-outgoing-1 >> "[\r][\n]"
16:12:02.652 [main] DEBUG org.apache.http.wire -- http-outgoing-1 >> "{"email":"quang1@gmail.com","password":"quang1"}"
16:12:02.931 [main] DEBUG org.apache.http.wire -- http-outgoing-1 << "HTTP/1.1 200 OK[\r][\n]"
16:12:02.931 [main] DEBUG org.apache.http.wire -- http-outgoing-1 << "X-Powered-By: Express[\r][\n]"
16:12:02.931 [main] DEBUG org.apache.http.wire -- http-outgoing-1 << "Access-Control-Allow-Origin: *[\r][\n]"
16:12:02.932 [main] DEBUG org.apache.http.wire -- http-outgoing-1 << "Content-Type: application/json; charset=utf-8[\r][\n]"
16:12:02.932 [main] DEBUG org.apache.http.wire -- http-outgoing-1 << "Content-Length: 715[\r][\n]"
16:12:02.932 [main] DEBUG org.apache.http.wire -- http-outgoing-1 << "ETag: W/"2cb-iLd9CoBbzrYa9QcgfHHg6GSpykg"[\r][\n]"
16:12:02.932 [main] DEBUG org.apache.http.wire -- http-outgoing-1 << "Date: Tue, 24 Jun 2025 09:12:02 GMT[\r][\n]"
16:12:02.932 [main] DEBUG org.apache.http.wire -- http-outgoing-1 << "Connection: keep-alive[\r][\n]"
16:12:02.932 [main] DEBUG org.apache.http.wire -- http-outgoing-1 << "Keep-Alive: timeout=5[\r][\n]"
16:12:02.932 [main] DEBUG org.apache.http.wire -- http-outgoing-1 << "[\r][\n]"
16:12:02.932 [main] DEBUG org.apache.http.wire -- http-outgoing-1 << "{"access_token":"eyJhbGciOiJIUzI1NiIsInR5cCI6IkpXVCJ9.eyJzdWIiOiIyYjg0YWEyNC02NjhhLTQwZTItYWYxYy1hZDRmYzRmYTVhNmYiLCJ1c2VybmFtZSI6InF1YW5nMSIsInJvbGUiOjAsImlhdCI6MTc1MDc1NjMyMiwiZXhwIjoxNzUwNzU5OTIyfQ.fkchJYS0_ar98JGJ1qMvInhFx2FXh75fwMxl3IGjgck","refresh_token":"d84b9340d875f9334bb05a091ef49bb6c4ac8fa1e8225e175ce9068391137521","user":{"id":"2b84aa24-668a-40e2-af1c-ad4fc4fa5a6f","email":"quang1@gmail.com","username":"quang1","name":"quang1","phoneNumber":"09874563210","profilePic":"https://res.cloudinary.com/dizcvrefo/image/upload/v1749027586/nestjs_uploads/xehairydt9rzlbmbmv4c.jpg","bio":"Thang Nam Lao Vua Thoi","private":false,"verified":false,"role":0,"followersCount":2,"followingCount":3,"postCount":2}}"
16:12:02.932 [main] DEBUG org.apache.http.headers -- http-outgoing-1 << HTTP/1.1 200 OK
16:12:02.932 [main] DEBUG org.apache.http.headers -- http-outgoing-1 << X-Powered-By: Express
16:12:02.932 [main] DEBUG org.apache.http.headers -- http-outgoing-1 << Access-Control-Allow-Origin: *
16:12:02.932 [main] DEBUG org.apache.http.headers -- http-outgoing-1 << Content-Type: application/json; charset=utf-8
16:12:02.932 [main] DEBUG org.apache.http.headers -- http-outgoing-1 << Content-Length: 715
16:12:02.932 [main] DEBUG org.apache.http.headers -- http-outgoing-1 << ETag: W/"2cb-iLd9CoBbzrYa9QcgfHHg6GSpykg"
16:12:02.932 [main] DEBUG org.apache.http.headers -- http-outgoing-1 << Date: Tue, 24 Jun 2025 09:12:02 GMT
16:12:02.932 [main] DEBUG org.apache.http.headers -- http-outgoing-1 << Connection: keep-alive
16:12:02.932 [main] DEBUG org.apache.http.headers -- http-outgoing-1 << Keep-Alive: timeout=5
16:12:02.932 [main] DEBUG org.apache.http.impl.execchain.MainClientExec -- Connection can be kept alive for 5000 MILLISECONDS
16:12:02.932 [main] DEBUG org.apache.http.impl.conn.PoolingHttpClientConnectionManager -- Connection [id: 1][route: {}->http://localhost:3000] can be kept alive for 5.0 seconds
16:12:02.932 [main] DEBUG org.apache.http.impl.conn.DefaultManagedHttpClientConnection -- http-outgoing-1: set socket timeout to 0
16:12:02.933 [main] DEBUG org.apache.http.impl.conn.PoolingHttpClientConnectionManager -- Connection released: [id: 1][route: {}->http://localhost:3000][total available: 1; route allocated: 1 of 5; total allocated: 1 of 10]
16:12:02.933 [main] DEBUG org.apache.http.impl.conn.PoolingHttpClientConnectionManager -- Connection manager is shutting down
16:12:02.933 [main] DEBUG org.apache.http.impl.conn.DefaultManagedHttpClientConnection -- http-outgoing-1: Close connection
16:12:02.933 [main] DEBUG org.apache.http.impl.conn.PoolingHttpClientConnectionManager -- Connection manager shut down
16:12:02.933 [main] DEBUG com.intuit.karate -- response time in milliseconds: 282
1 < 200
1 < X-Powered-By: Express
1 < Access-Control-Allow-Origin: *
1 < Content-Type: application/json; charset=utf-8
1 < Content-Length: 715
1 < ETag: W/"2cb-iLd9CoBbzrYa9QcgfHHg6GSpykg"
1 < Date: Tue, 24 Jun 2025 09:12:02 GMT
1 < Connection: keep-alive
1 < Keep-Alive: timeout=5
{"access_token":"eyJhbGciOiJIUzI1NiIsInR5cCI6IkpXVCJ9.eyJzdWIiOiIyYjg0YWEyNC02NjhhLTQwZTItYWYxYy1hZDRmYzRmYTVhNmYiLCJ1c2VybmFtZSI6InF1YW5nMSIsInJvbGUiOjAsImlhdCI6MTc1MDc1NjMyMiwiZXhwIjoxNzUwNzU5OTIyfQ.fkchJYS0_ar98JGJ1qMvInhFx2FXh75fwMxl3IGjgck","refresh_token":"d84b9340d875f9334bb05a091ef49bb6c4ac8fa1e8225e175ce9068391137521","user":{"id":"2b84aa24-668a-40e2-af1c-ad4fc4fa5a6f","email":"quang1@gmail.com","username":"quang1","name":"quang1","phoneNumber":"09874563210","profilePic":"https://res.cloudinary.com/dizcvrefo/image/upload/v1749027586/nestjs_uploads/xehairydt9rzlbmbmv4c.jpg","bio":"Thang Nam Lao Vua Thoi","private":false,"verified":false,"role":0,"followersCount":2,"followingCount":3,"postCount":2}}

16:12:02.934 [main] INFO com.intuit.karate -- [print] *** AFTER API CALL *** Status: 200 
16:12:02.935 [main] INFO com.intuit.karate -- [print] ### API CALL COMPLETED ### Email: quang1@gmail.com Status: 200 
16:12:02.936 [main] INFO com.intuit.karate -- [print] ### RESPONSE BODY ### {
  "access_token": "eyJhbGciOiJIUzI1NiIsInR5cCI6IkpXVCJ9.eyJzdWIiOiIyYjg0YWEyNC02NjhhLTQwZTItYWYxYy1hZDRmYzRmYTVhNmYiLCJ1c2VybmFtZSI6InF1YW5nMSIsInJvbGUiOjAsImlhdCI6MTc1MDc1NjMyMiwiZXhwIjoxNzUwNzU5OTIyfQ.fkchJYS0_ar98JGJ1qMvInhFx2FXh75fwMxl3IGjgck",
  "refresh_token": "d84b9340d875f9334bb05a091ef49bb6c4ac8fa1e8225e175ce9068391137521",
  "user": {
    "id": "2b84aa24-668a-40e2-af1c-ad4fc4fa5a6f",
    "email": "quang1@gmail.com",
    "username": "quang1",
    "name": "quang1",
    "phoneNumber": "09874563210",
    "profilePic": "https://res.cloudinary.com/dizcvrefo/image/upload/v1749027586/nestjs_uploads/xehairydt9rzlbmbmv4c.jpg",
    "bio": "Thang Nam Lao Vua Thoi",
    "private": false,
    "verified": false,
    "role": 0,
    "followersCount": 2,
    "followingCount": 3,
    "postCount": 2
  }
}
 
16:12:02.937 [main] INFO com.intuit.karate -- Request #2 completed - Status: 200 Time: 300ms 
16:12:02.938 [main] INFO com.intuit.karate -- *** SEQUENTIAL REQUEST #3 *** 
16:12:02.938 [main] INFO com.intuit.karate -- User: test@example.com 
16:12:02.945 [main] INFO com.intuit.karate -- [print] *** BEFORE API CALL *** Email: test@example.com URL: http://localhost:3000/auth/login 
16:12:02.946 [main] DEBUG com.jayway.jsonpath.internal.path.CompiledPath -- Evaluating path: $
16:12:02.946 [main] INFO com.intuit.karate -- [print] *** SENDING REQUEST *** Body: {
  "email": "#(email)",
  "password": "#(password)"
}
 
16:12:02.947 [main] DEBUG org.apache.http.client.protocol.RequestAddCookies -- CookieSpec selected: karate
16:12:02.948 [main] DEBUG org.apache.http.client.protocol.RequestAuthCache -- Auth cache not set in the context
16:12:02.948 [main] DEBUG com.intuit.karate -- request:
1 > POST http://localhost:3000/auth/login
1 > Content-Type: application/json; charset=UTF-8
1 > Content-Length: 53
1 > Host: localhost:3000
1 > Connection: Keep-Alive
1 > User-Agent: Apache-HttpClient/4.5.14 (Java/17.0.9)
1 > Accept-Encoding: gzip,deflate
{"email":"test@example.com","password":"Password123"}

16:12:02.948 [main] DEBUG org.apache.http.impl.conn.PoolingHttpClientConnectionManager -- Connection request: [route: {}->http://localhost:3000][total available: 0; route allocated: 0 of 5; total allocated: 0 of 10]
16:12:02.948 [main] DEBUG org.apache.http.impl.conn.PoolingHttpClientConnectionManager -- Connection leased: [id: 2][route: {}->http://localhost:3000][total available: 0; route allocated: 1 of 5; total allocated: 1 of 10]
16:12:02.948 [main] DEBUG org.apache.http.impl.execchain.MainClientExec -- Opening connection {}->http://localhost:3000
16:12:02.949 [main] DEBUG org.apache.http.impl.conn.DefaultHttpClientConnectionOperator -- Connecting to localhost/127.0.0.1:3000
16:12:02.949 [main] DEBUG org.apache.http.impl.conn.DefaultHttpClientConnectionOperator -- Connection established 127.0.0.1:51046<->127.0.0.1:3000
16:12:02.949 [main] DEBUG org.apache.http.impl.conn.DefaultManagedHttpClientConnection -- http-outgoing-2: set socket timeout to 30000
16:12:02.949 [main] DEBUG org.apache.http.impl.execchain.MainClientExec -- Executing request POST /auth/login HTTP/1.1
16:12:02.949 [main] DEBUG org.apache.http.impl.execchain.MainClientExec -- Target auth state: UNCHALLENGED
16:12:02.949 [main] DEBUG org.apache.http.impl.execchain.MainClientExec -- Proxy auth state: UNCHALLENGED
16:12:02.949 [main] DEBUG org.apache.http.headers -- http-outgoing-2 >> POST /auth/login HTTP/1.1
16:12:02.949 [main] DEBUG org.apache.http.headers -- http-outgoing-2 >> Content-Type: application/json; charset=UTF-8
16:12:02.949 [main] DEBUG org.apache.http.headers -- http-outgoing-2 >> Content-Length: 53
16:12:02.949 [main] DEBUG org.apache.http.headers -- http-outgoing-2 >> Host: localhost:3000
16:12:02.949 [main] DEBUG org.apache.http.headers -- http-outgoing-2 >> Connection: Keep-Alive
16:12:02.949 [main] DEBUG org.apache.http.headers -- http-outgoing-2 >> User-Agent: Apache-HttpClient/4.5.14 (Java/17.0.9)
16:12:02.949 [main] DEBUG org.apache.http.headers -- http-outgoing-2 >> Accept-Encoding: gzip,deflate
16:12:02.949 [main] DEBUG org.apache.http.wire -- http-outgoing-2 >> "POST /auth/login HTTP/1.1[\r][\n]"
16:12:02.949 [main] DEBUG org.apache.http.wire -- http-outgoing-2 >> "Content-Type: application/json; charset=UTF-8[\r][\n]"
16:12:02.949 [main] DEBUG org.apache.http.wire -- http-outgoing-2 >> "Content-Length: 53[\r][\n]"
16:12:02.949 [main] DEBUG org.apache.http.wire -- http-outgoing-2 >> "Host: localhost:3000[\r][\n]"
16:12:02.950 [main] DEBUG org.apache.http.wire -- http-outgoing-2 >> "Connection: Keep-Alive[\r][\n]"
16:12:02.950 [main] DEBUG org.apache.http.wire -- http-outgoing-2 >> "User-Agent: Apache-HttpClient/4.5.14 (Java/17.0.9)[\r][\n]"
16:12:02.950 [main] DEBUG org.apache.http.wire -- http-outgoing-2 >> "Accept-Encoding: gzip,deflate[\r][\n]"
16:12:02.950 [main] DEBUG org.apache.http.wire -- http-outgoing-2 >> "[\r][\n]"
16:12:02.950 [main] DEBUG org.apache.http.wire -- http-outgoing-2 >> "{"email":"test@example.com","password":"Password123"}"
16:12:03.217 [main] DEBUG org.apache.http.wire -- http-outgoing-2 << "HTTP/1.1 200 OK[\r][\n]"
16:12:03.217 [main] DEBUG org.apache.http.wire -- http-outgoing-2 << "X-Powered-By: Express[\r][\n]"
16:12:03.217 [main] DEBUG org.apache.http.wire -- http-outgoing-2 << "Access-Control-Allow-Origin: *[\r][\n]"
16:12:03.217 [main] DEBUG org.apache.http.wire -- http-outgoing-2 << "Content-Type: application/json; charset=utf-8[\r][\n]"
16:12:03.217 [main] DEBUG org.apache.http.wire -- http-outgoing-2 << "Content-Length: 599[\r][\n]"
16:12:03.217 [main] DEBUG org.apache.http.wire -- http-outgoing-2 << "ETag: W/"257-/CGtvMpCSVrn+KN+p97xRJszvMk"[\r][\n]"
16:12:03.217 [main] DEBUG org.apache.http.wire -- http-outgoing-2 << "Date: Tue, 24 Jun 2025 09:12:03 GMT[\r][\n]"
16:12:03.217 [main] DEBUG org.apache.http.wire -- http-outgoing-2 << "Connection: keep-alive[\r][\n]"
16:12:03.217 [main] DEBUG org.apache.http.wire -- http-outgoing-2 << "Keep-Alive: timeout=5[\r][\n]"
16:12:03.217 [main] DEBUG org.apache.http.wire -- http-outgoing-2 << "[\r][\n]"
16:12:03.217 [main] DEBUG org.apache.http.wire -- http-outgoing-2 << "{"access_token":"eyJhbGciOiJIUzI1NiIsInR5cCI6IkpXVCJ9.eyJzdWIiOiIyZGRhMDQzOS01MTgwLTQ1YWEtOTE3Zi1lNjMyZTQ1YThlNDEiLCJ1c2VybmFtZSI6ImpvaG5kb2UiLCJyb2xlIjowLCJpYXQiOjE3NTA3NTYzMjMsImV4cCI6MTc1MDc1OTkyM30.XkK6dXhuxERWKO6MQ_EAcYyPm6CLzoC0lY5PvetZVvA","refresh_token":"adb1fe73c5ef4d5063418728a21116e912406c8cafcd68ed59494b9c29caa975","user":{"id":"2dda0439-5180-45aa-917f-e632e45a8e41","email":"test@example.com","username":"johndoe","name":"John Doe","phoneNumber":"0987654321","profilePic":null,"bio":null,"private":false,"verified":false,"role":0,"followersCount":0,"followingCount":0,"postCount":0}}"
16:12:03.217 [main] DEBUG org.apache.http.headers -- http-outgoing-2 << HTTP/1.1 200 OK
16:12:03.217 [main] DEBUG org.apache.http.headers -- http-outgoing-2 << X-Powered-By: Express
16:12:03.218 [main] DEBUG org.apache.http.headers -- http-outgoing-2 << Access-Control-Allow-Origin: *
16:12:03.218 [main] DEBUG org.apache.http.headers -- http-outgoing-2 << Content-Type: application/json; charset=utf-8
16:12:03.218 [main] DEBUG org.apache.http.headers -- http-outgoing-2 << Content-Length: 599
16:12:03.218 [main] DEBUG org.apache.http.headers -- http-outgoing-2 << ETag: W/"257-/CGtvMpCSVrn+KN+p97xRJszvMk"
16:12:03.218 [main] DEBUG org.apache.http.headers -- http-outgoing-2 << Date: Tue, 24 Jun 2025 09:12:03 GMT
16:12:03.218 [main] DEBUG org.apache.http.headers -- http-outgoing-2 << Connection: keep-alive
16:12:03.218 [main] DEBUG org.apache.http.headers -- http-outgoing-2 << Keep-Alive: timeout=5
16:12:03.218 [main] DEBUG org.apache.http.impl.execchain.MainClientExec -- Connection can be kept alive for 5000 MILLISECONDS
16:12:03.218 [main] DEBUG org.apache.http.impl.conn.PoolingHttpClientConnectionManager -- Connection [id: 2][route: {}->http://localhost:3000] can be kept alive for 5.0 seconds
16:12:03.218 [main] DEBUG org.apache.http.impl.conn.DefaultManagedHttpClientConnection -- http-outgoing-2: set socket timeout to 0
16:12:03.218 [main] DEBUG org.apache.http.impl.conn.PoolingHttpClientConnectionManager -- Connection released: [id: 2][route: {}->http://localhost:3000][total available: 1; route allocated: 1 of 5; total allocated: 1 of 10]
16:12:03.218 [main] DEBUG org.apache.http.impl.conn.PoolingHttpClientConnectionManager -- Connection manager is shutting down
16:12:03.218 [main] DEBUG org.apache.http.impl.conn.DefaultManagedHttpClientConnection -- http-outgoing-2: Close connection
16:12:03.218 [main] DEBUG org.apache.http.impl.conn.PoolingHttpClientConnectionManager -- Connection manager shut down
16:12:03.219 [main] DEBUG com.intuit.karate -- response time in milliseconds: 270
1 < 200
1 < X-Powered-By: Express
1 < Access-Control-Allow-Origin: *
1 < Content-Type: application/json; charset=utf-8
1 < Content-Length: 599
1 < ETag: W/"257-/CGtvMpCSVrn+KN+p97xRJszvMk"
1 < Date: Tue, 24 Jun 2025 09:12:03 GMT
1 < Connection: keep-alive
1 < Keep-Alive: timeout=5
{"access_token":"eyJhbGciOiJIUzI1NiIsInR5cCI6IkpXVCJ9.eyJzdWIiOiIyZGRhMDQzOS01MTgwLTQ1YWEtOTE3Zi1lNjMyZTQ1YThlNDEiLCJ1c2VybmFtZSI6ImpvaG5kb2UiLCJyb2xlIjowLCJpYXQiOjE3NTA3NTYzMjMsImV4cCI6MTc1MDc1OTkyM30.XkK6dXhuxERWKO6MQ_EAcYyPm6CLzoC0lY5PvetZVvA","refresh_token":"adb1fe73c5ef4d5063418728a21116e912406c8cafcd68ed59494b9c29caa975","user":{"id":"2dda0439-5180-45aa-917f-e632e45a8e41","email":"test@example.com","username":"johndoe","name":"John Doe","phoneNumber":"0987654321","profilePic":null,"bio":null,"private":false,"verified":false,"role":0,"followersCount":0,"followingCount":0,"postCount":0}}

16:12:03.220 [main] INFO com.intuit.karate -- [print] *** AFTER API CALL *** Status: 200 
16:12:03.221 [main] INFO com.intuit.karate -- [print] ### API CALL COMPLETED ### Email: test@example.com Status: 200 
16:12:03.222 [main] INFO com.intuit.karate -- [print] ### RESPONSE BODY ### {
  "access_token": "eyJhbGciOiJIUzI1NiIsInR5cCI6IkpXVCJ9.eyJzdWIiOiIyZGRhMDQzOS01MTgwLTQ1YWEtOTE3Zi1lNjMyZTQ1YThlNDEiLCJ1c2VybmFtZSI6ImpvaG5kb2UiLCJyb2xlIjowLCJpYXQiOjE3NTA3NTYzMjMsImV4cCI6MTc1MDc1OTkyM30.XkK6dXhuxERWKO6MQ_EAcYyPm6CLzoC0lY5PvetZVvA",
  "refresh_token": "adb1fe73c5ef4d5063418728a21116e912406c8cafcd68ed59494b9c29caa975",
  "user": {
    "id": "2dda0439-5180-45aa-917f-e632e45a8e41",
    "email": "test@example.com",
    "username": "johndoe",
    "name": "John Doe",
    "phoneNumber": "0987654321",
    "profilePic": null,
    "bio": null,
    "private": false,
    "verified": false,
    "role": 0,
    "followersCount": 0,
    "followingCount": 0,
    "postCount": 0
  }
}
 
16:12:03.223 [main] INFO com.intuit.karate -- Request #3 completed - Status: 200 Time: 284ms 
16:12:03.224 [main] INFO com.intuit.karate -- *** SEQUENTIAL REQUEST #4 *** 
16:12:03.224 [main] INFO com.intuit.karate -- User: test2@example.com 
16:12:03.231 [main] INFO com.intuit.karate -- [print] *** BEFORE API CALL *** Email: test2@example.com URL: http://localhost:3000/auth/login 
16:12:03.231 [main] DEBUG com.jayway.jsonpath.internal.path.CompiledPath -- Evaluating path: $
16:12:03.232 [main] INFO com.intuit.karate -- [print] *** SENDING REQUEST *** Body: {
  "email": "#(email)",
  "password": "#(password)"
}
 
16:12:03.232 [main] DEBUG org.apache.http.client.protocol.RequestAddCookies -- CookieSpec selected: karate
16:12:03.234 [main] DEBUG org.apache.http.client.protocol.RequestAuthCache -- Auth cache not set in the context
16:12:03.234 [main] DEBUG com.intuit.karate -- request:
1 > POST http://localhost:3000/auth/login
1 > Content-Type: application/json; charset=UTF-8
1 > Content-Length: 54
1 > Host: localhost:3000
1 > Connection: Keep-Alive
1 > User-Agent: Apache-HttpClient/4.5.14 (Java/17.0.9)
1 > Accept-Encoding: gzip,deflate
{"email":"test2@example.com","password":"Password123"}

16:12:03.234 [main] DEBUG org.apache.http.impl.conn.PoolingHttpClientConnectionManager -- Connection request: [route: {}->http://localhost:3000][total available: 0; route allocated: 0 of 5; total allocated: 0 of 10]
16:12:03.234 [main] DEBUG org.apache.http.impl.conn.PoolingHttpClientConnectionManager -- Connection leased: [id: 3][route: {}->http://localhost:3000][total available: 0; route allocated: 1 of 5; total allocated: 1 of 10]
16:12:03.234 [main] DEBUG org.apache.http.impl.execchain.MainClientExec -- Opening connection {}->http://localhost:3000
16:12:03.234 [main] DEBUG org.apache.http.impl.conn.DefaultHttpClientConnectionOperator -- Connecting to localhost/127.0.0.1:3000
16:12:03.234 [main] DEBUG org.apache.http.impl.conn.DefaultHttpClientConnectionOperator -- Connection established 127.0.0.1:51047<->127.0.0.1:3000
16:12:03.234 [main] DEBUG org.apache.http.impl.conn.DefaultManagedHttpClientConnection -- http-outgoing-3: set socket timeout to 30000
16:12:03.234 [main] DEBUG org.apache.http.impl.execchain.MainClientExec -- Executing request POST /auth/login HTTP/1.1
16:12:03.234 [main] DEBUG org.apache.http.impl.execchain.MainClientExec -- Target auth state: UNCHALLENGED
16:12:03.234 [main] DEBUG org.apache.http.impl.execchain.MainClientExec -- Proxy auth state: UNCHALLENGED
16:12:03.234 [main] DEBUG org.apache.http.headers -- http-outgoing-3 >> POST /auth/login HTTP/1.1
16:12:03.234 [main] DEBUG org.apache.http.headers -- http-outgoing-3 >> Content-Type: application/json; charset=UTF-8
16:12:03.234 [main] DEBUG org.apache.http.headers -- http-outgoing-3 >> Content-Length: 54
16:12:03.234 [main] DEBUG org.apache.http.headers -- http-outgoing-3 >> Host: localhost:3000
16:12:03.234 [main] DEBUG org.apache.http.headers -- http-outgoing-3 >> Connection: Keep-Alive
16:12:03.234 [main] DEBUG org.apache.http.headers -- http-outgoing-3 >> User-Agent: Apache-HttpClient/4.5.14 (Java/17.0.9)
16:12:03.234 [main] DEBUG org.apache.http.headers -- http-outgoing-3 >> Accept-Encoding: gzip,deflate
16:12:03.234 [main] DEBUG org.apache.http.wire -- http-outgoing-3 >> "POST /auth/login HTTP/1.1[\r][\n]"
16:12:03.234 [main] DEBUG org.apache.http.wire -- http-outgoing-3 >> "Content-Type: application/json; charset=UTF-8[\r][\n]"
16:12:03.234 [main] DEBUG org.apache.http.wire -- http-outgoing-3 >> "Content-Length: 54[\r][\n]"
16:12:03.234 [main] DEBUG org.apache.http.wire -- http-outgoing-3 >> "Host: localhost:3000[\r][\n]"
16:12:03.234 [main] DEBUG org.apache.http.wire -- http-outgoing-3 >> "Connection: Keep-Alive[\r][\n]"
16:12:03.234 [main] DEBUG org.apache.http.wire -- http-outgoing-3 >> "User-Agent: Apache-HttpClient/4.5.14 (Java/17.0.9)[\r][\n]"
16:12:03.234 [main] DEBUG org.apache.http.wire -- http-outgoing-3 >> "Accept-Encoding: gzip,deflate[\r][\n]"
16:12:03.234 [main] DEBUG org.apache.http.wire -- http-outgoing-3 >> "[\r][\n]"
16:12:03.234 [main] DEBUG org.apache.http.wire -- http-outgoing-3 >> "{"email":"test2@example.com","password":"Password123"}"
16:12:03.504 [main] DEBUG org.apache.http.wire -- http-outgoing-3 << "HTTP/1.1 200 OK[\r][\n]"
16:12:03.504 [main] DEBUG org.apache.http.wire -- http-outgoing-3 << "X-Powered-By: Express[\r][\n]"
16:12:03.504 [main] DEBUG org.apache.http.wire -- http-outgoing-3 << "Access-Control-Allow-Origin: *[\r][\n]"
16:12:03.504 [main] DEBUG org.apache.http.wire -- http-outgoing-3 << "Content-Type: application/json; charset=utf-8[\r][\n]"
16:12:03.504 [main] DEBUG org.apache.http.wire -- http-outgoing-3 << "Content-Length: 608[\r][\n]"
16:12:03.504 [main] DEBUG org.apache.http.wire -- http-outgoing-3 << "ETag: W/"260-qOxr/jAEJYPrrMoJg5JOwVaj1uU"[\r][\n]"
16:12:03.504 [main] DEBUG org.apache.http.wire -- http-outgoing-3 << "Date: Tue, 24 Jun 2025 09:12:03 GMT[\r][\n]"
16:12:03.504 [main] DEBUG org.apache.http.wire -- http-outgoing-3 << "Connection: keep-alive[\r][\n]"
16:12:03.504 [main] DEBUG org.apache.http.wire -- http-outgoing-3 << "Keep-Alive: timeout=5[\r][\n]"
16:12:03.504 [main] DEBUG org.apache.http.wire -- http-outgoing-3 << "[\r][\n]"
16:12:03.504 [main] DEBUG org.apache.http.wire -- http-outgoing-3 << "{"access_token":"eyJhbGciOiJIUzI1NiIsInR5cCI6IkpXVCJ9.eyJzdWIiOiI4YTI0NzQ2MS01YzA0LTQyMWQtOThmNS1mYTljNzM0ZmFlYTUiLCJ1c2VybmFtZSI6ImphbmVzbWl0aCIsInJvbGUiOjAsImlhdCI6MTc1MDc1NjMyMywiZXhwIjoxNzUwNzU5OTIzfQ.SsQcqnz_vJIv0Wc1si4-ib2u_cMvr7VwUpUtzs48dK4","refresh_token":"6348cfb4a59da704b10ec35d88b318b9fbb73d4293a13e5de4a776d67c3f704f","user":{"id":"8a247461-5c04-421d-98f5-fa9c734faea5","email":"test2@example.com","username":"janesmith","name":"Jane Smith","phoneNumber":"01234567890","profilePic":null,"bio":null,"private":false,"verified":false,"role":0,"followersCount":0,"followingCount":0,"postCount":0}}"
16:12:03.504 [main] DEBUG org.apache.http.headers -- http-outgoing-3 << HTTP/1.1 200 OK
16:12:03.504 [main] DEBUG org.apache.http.headers -- http-outgoing-3 << X-Powered-By: Express
16:12:03.504 [main] DEBUG org.apache.http.headers -- http-outgoing-3 << Access-Control-Allow-Origin: *
16:12:03.504 [main] DEBUG org.apache.http.headers -- http-outgoing-3 << Content-Type: application/json; charset=utf-8
16:12:03.504 [main] DEBUG org.apache.http.headers -- http-outgoing-3 << Content-Length: 608
16:12:03.504 [main] DEBUG org.apache.http.headers -- http-outgoing-3 << ETag: W/"260-qOxr/jAEJYPrrMoJg5JOwVaj1uU"
16:12:03.504 [main] DEBUG org.apache.http.headers -- http-outgoing-3 << Date: Tue, 24 Jun 2025 09:12:03 GMT
16:12:03.504 [main] DEBUG org.apache.http.headers -- http-outgoing-3 << Connection: keep-alive
16:12:03.504 [main] DEBUG org.apache.http.headers -- http-outgoing-3 << Keep-Alive: timeout=5
16:12:03.505 [main] DEBUG org.apache.http.impl.execchain.MainClientExec -- Connection can be kept alive for 5000 MILLISECONDS
16:12:03.505 [main] DEBUG org.apache.http.impl.conn.PoolingHttpClientConnectionManager -- Connection [id: 3][route: {}->http://localhost:3000] can be kept alive for 5.0 seconds
16:12:03.505 [main] DEBUG org.apache.http.impl.conn.DefaultManagedHttpClientConnection -- http-outgoing-3: set socket timeout to 0
16:12:03.505 [main] DEBUG org.apache.http.impl.conn.PoolingHttpClientConnectionManager -- Connection released: [id: 3][route: {}->http://localhost:3000][total available: 1; route allocated: 1 of 5; total allocated: 1 of 10]
16:12:03.505 [main] DEBUG org.apache.http.impl.conn.PoolingHttpClientConnectionManager -- Connection manager is shutting down
16:12:03.505 [main] DEBUG org.apache.http.impl.conn.DefaultManagedHttpClientConnection -- http-outgoing-3: Close connection
16:12:03.505 [main] DEBUG org.apache.http.impl.conn.PoolingHttpClientConnectionManager -- Connection manager shut down
16:12:03.505 [main] DEBUG com.intuit.karate -- response time in milliseconds: 271
1 < 200
1 < X-Powered-By: Express
1 < Access-Control-Allow-Origin: *
1 < Content-Type: application/json; charset=utf-8
1 < Content-Length: 608
1 < ETag: W/"260-qOxr/jAEJYPrrMoJg5JOwVaj1uU"
1 < Date: Tue, 24 Jun 2025 09:12:03 GMT
1 < Connection: keep-alive
1 < Keep-Alive: timeout=5
{"access_token":"eyJhbGciOiJIUzI1NiIsInR5cCI6IkpXVCJ9.eyJzdWIiOiI4YTI0NzQ2MS01YzA0LTQyMWQtOThmNS1mYTljNzM0ZmFlYTUiLCJ1c2VybmFtZSI6ImphbmVzbWl0aCIsInJvbGUiOjAsImlhdCI6MTc1MDc1NjMyMywiZXhwIjoxNzUwNzU5OTIzfQ.SsQcqnz_vJIv0Wc1si4-ib2u_cMvr7VwUpUtzs48dK4","refresh_token":"6348cfb4a59da704b10ec35d88b318b9fbb73d4293a13e5de4a776d67c3f704f","user":{"id":"8a247461-5c04-421d-98f5-fa9c734faea5","email":"test2@example.com","username":"janesmith","name":"Jane Smith","phoneNumber":"01234567890","profilePic":null,"bio":null,"private":false,"verified":false,"role":0,"followersCount":0,"followingCount":0,"postCount":0}}

16:12:03.507 [main] INFO com.intuit.karate -- [print] *** AFTER API CALL *** Status: 200 
16:12:03.510 [main] INFO com.intuit.karate -- [print] ### API CALL COMPLETED ### Email: test2@example.com Status: 200 
16:12:03.510 [main] INFO com.intuit.karate -- [print] ### RESPONSE BODY ### {
  "access_token": "eyJhbGciOiJIUzI1NiIsInR5cCI6IkpXVCJ9.eyJzdWIiOiI4YTI0NzQ2MS01YzA0LTQyMWQtOThmNS1mYTljNzM0ZmFlYTUiLCJ1c2VybmFtZSI6ImphbmVzbWl0aCIsInJvbGUiOjAsImlhdCI6MTc1MDc1NjMyMywiZXhwIjoxNzUwNzU5OTIzfQ.SsQcqnz_vJIv0Wc1si4-ib2u_cMvr7VwUpUtzs48dK4",
  "refresh_token": "6348cfb4a59da704b10ec35d88b318b9fbb73d4293a13e5de4a776d67c3f704f",
  "user": {
    "id": "8a247461-5c04-421d-98f5-fa9c734faea5",
    "email": "test2@example.com",
    "username": "janesmith",
    "name": "Jane Smith",
    "phoneNumber": "01234567890",
    "profilePic": null,
    "bio": null,
    "private": false,
    "verified": false,
    "role": 0,
    "followersCount": 0,
    "followingCount": 0,
    "postCount": 0
  }
}
 
16:12:03.511 [main] INFO com.intuit.karate -- Request #4 completed - Status: 200 Time: 287ms 
16:12:03.512 [main] INFO com.intuit.karate -- *** SEQUENTIAL REQUEST #5 *** 
16:12:03.512 [main] INFO com.intuit.karate -- User: test28@example.com 
16:12:03.520 [main] INFO com.intuit.karate -- [print] *** BEFORE API CALL *** Email: test28@example.com URL: http://localhost:3000/auth/login 
16:12:03.520 [main] DEBUG com.jayway.jsonpath.internal.path.CompiledPath -- Evaluating path: $
16:12:03.521 [main] INFO com.intuit.karate -- [print] *** SENDING REQUEST *** Body: {
  "email": "#(email)",
  "password": "#(password)"
}
 
16:12:03.523 [main] DEBUG org.apache.http.client.protocol.RequestAddCookies -- CookieSpec selected: karate
16:12:03.523 [main] DEBUG org.apache.http.client.protocol.RequestAuthCache -- Auth cache not set in the context
16:12:03.523 [main] DEBUG com.intuit.karate -- request:
1 > POST http://localhost:3000/auth/login
1 > Content-Type: application/json; charset=UTF-8
1 > Content-Length: 55
1 > Host: localhost:3000
1 > Connection: Keep-Alive
1 > User-Agent: Apache-HttpClient/4.5.14 (Java/17.0.9)
1 > Accept-Encoding: gzip,deflate
{"email":"test28@example.com","password":"Password123"}

16:12:03.523 [main] DEBUG org.apache.http.impl.conn.PoolingHttpClientConnectionManager -- Connection request: [route: {}->http://localhost:3000][total available: 0; route allocated: 0 of 5; total allocated: 0 of 10]
16:12:03.523 [main] DEBUG org.apache.http.impl.conn.PoolingHttpClientConnectionManager -- Connection leased: [id: 4][route: {}->http://localhost:3000][total available: 0; route allocated: 1 of 5; total allocated: 1 of 10]
16:12:03.523 [main] DEBUG org.apache.http.impl.execchain.MainClientExec -- Opening connection {}->http://localhost:3000
16:12:03.523 [main] DEBUG org.apache.http.impl.conn.DefaultHttpClientConnectionOperator -- Connecting to localhost/127.0.0.1:3000
16:12:03.524 [main] DEBUG org.apache.http.impl.conn.DefaultHttpClientConnectionOperator -- Connection established 127.0.0.1:51048<->127.0.0.1:3000
16:12:03.524 [main] DEBUG org.apache.http.impl.conn.DefaultManagedHttpClientConnection -- http-outgoing-4: set socket timeout to 30000
16:12:03.524 [main] DEBUG org.apache.http.impl.execchain.MainClientExec -- Executing request POST /auth/login HTTP/1.1
16:12:03.524 [main] DEBUG org.apache.http.impl.execchain.MainClientExec -- Target auth state: UNCHALLENGED
16:12:03.524 [main] DEBUG org.apache.http.impl.execchain.MainClientExec -- Proxy auth state: UNCHALLENGED
16:12:03.524 [main] DEBUG org.apache.http.headers -- http-outgoing-4 >> POST /auth/login HTTP/1.1
16:12:03.524 [main] DEBUG org.apache.http.headers -- http-outgoing-4 >> Content-Type: application/json; charset=UTF-8
16:12:03.524 [main] DEBUG org.apache.http.headers -- http-outgoing-4 >> Content-Length: 55
16:12:03.524 [main] DEBUG org.apache.http.headers -- http-outgoing-4 >> Host: localhost:3000
16:12:03.524 [main] DEBUG org.apache.http.headers -- http-outgoing-4 >> Connection: Keep-Alive
16:12:03.524 [main] DEBUG org.apache.http.headers -- http-outgoing-4 >> User-Agent: Apache-HttpClient/4.5.14 (Java/17.0.9)
16:12:03.524 [main] DEBUG org.apache.http.headers -- http-outgoing-4 >> Accept-Encoding: gzip,deflate
16:12:03.524 [main] DEBUG org.apache.http.wire -- http-outgoing-4 >> "POST /auth/login HTTP/1.1[\r][\n]"
16:12:03.524 [main] DEBUG org.apache.http.wire -- http-outgoing-4 >> "Content-Type: application/json; charset=UTF-8[\r][\n]"
16:12:03.524 [main] DEBUG org.apache.http.wire -- http-outgoing-4 >> "Content-Length: 55[\r][\n]"
16:12:03.524 [main] DEBUG org.apache.http.wire -- http-outgoing-4 >> "Host: localhost:3000[\r][\n]"
16:12:03.524 [main] DEBUG org.apache.http.wire -- http-outgoing-4 >> "Connection: Keep-Alive[\r][\n]"
16:12:03.524 [main] DEBUG org.apache.http.wire -- http-outgoing-4 >> "User-Agent: Apache-HttpClient/4.5.14 (Java/17.0.9)[\r][\n]"
16:12:03.524 [main] DEBUG org.apache.http.wire -- http-outgoing-4 >> "Accept-Encoding: gzip,deflate[\r][\n]"
16:12:03.524 [main] DEBUG org.apache.http.wire -- http-outgoing-4 >> "[\r][\n]"
16:12:03.524 [main] DEBUG org.apache.http.wire -- http-outgoing-4 >> "{"email":"test28@example.com","password":"Password123"}"
16:12:03.803 [main] DEBUG org.apache.http.wire -- http-outgoing-4 << "HTTP/1.1 200 OK[\r][\n]"
16:12:03.804 [main] DEBUG org.apache.http.wire -- http-outgoing-4 << "X-Powered-By: Express[\r][\n]"
16:12:03.804 [main] DEBUG org.apache.http.wire -- http-outgoing-4 << "Access-Control-Allow-Origin: *[\r][\n]"
16:12:03.804 [main] DEBUG org.apache.http.wire -- http-outgoing-4 << "Content-Type: application/json; charset=utf-8[\r][\n]"
16:12:03.804 [main] DEBUG org.apache.http.wire -- http-outgoing-4 << "Content-Length: 607[\r][\n]"
16:12:03.804 [main] DEBUG org.apache.http.wire -- http-outgoing-4 << "ETag: W/"25f-Ie35TENiPBpOh6kYA+ObYyOGvo8"[\r][\n]"
16:12:03.804 [main] DEBUG org.apache.http.wire -- http-outgoing-4 << "Date: Tue, 24 Jun 2025 09:12:03 GMT[\r][\n]"
16:12:03.804 [main] DEBUG org.apache.http.wire -- http-outgoing-4 << "Connection: keep-alive[\r][\n]"
16:12:03.804 [main] DEBUG org.apache.http.wire -- http-outgoing-4 << "Keep-Alive: timeout=5[\r][\n]"
16:12:03.804 [main] DEBUG org.apache.http.wire -- http-outgoing-4 << "[\r][\n]"
16:12:03.804 [main] DEBUG org.apache.http.wire -- http-outgoing-4 << "{"access_token":"eyJhbGciOiJIUzI1NiIsInR5cCI6IkpXVCJ9.eyJzdWIiOiJjMjE0MjJkZi1jY2VjLTQ0MGUtOWE0Mi1jMWI4MmFiZjczM2QiLCJ1c2VybmFtZSI6ImpvaG5kb2UyOCIsInJvbGUiOjAsImlhdCI6MTc1MDc1NjMyMywiZXhwIjoxNzUwNzU5OTIzfQ.OryVfC1f7WDWgccBgFLWuifeK4lwt_lhILsjduJ32xY","refresh_token":"5299c9528196cc21c871a6a11d643b99f0f1e3eb6ecefcf8e5c44f920cb3fc54","user":{"id":"c21422df-ccec-440e-9a42-c1b82abf733d","email":"test28@example.com","username":"johndoe28","name":"John Doe","phoneNumber":"84987654321","profilePic":null,"bio":null,"private":false,"verified":false,"role":0,"followersCount":0,"followingCount":0,"postCount":0}}"
16:12:03.804 [main] DEBUG org.apache.http.headers -- http-outgoing-4 << HTTP/1.1 200 OK
16:12:03.804 [main] DEBUG org.apache.http.headers -- http-outgoing-4 << X-Powered-By: Express
16:12:03.804 [main] DEBUG org.apache.http.headers -- http-outgoing-4 << Access-Control-Allow-Origin: *
16:12:03.804 [main] DEBUG org.apache.http.headers -- http-outgoing-4 << Content-Type: application/json; charset=utf-8
16:12:03.804 [main] DEBUG org.apache.http.headers -- http-outgoing-4 << Content-Length: 607
16:12:03.804 [main] DEBUG org.apache.http.headers -- http-outgoing-4 << ETag: W/"25f-Ie35TENiPBpOh6kYA+ObYyOGvo8"
16:12:03.804 [main] DEBUG org.apache.http.headers -- http-outgoing-4 << Date: Tue, 24 Jun 2025 09:12:03 GMT
16:12:03.804 [main] DEBUG org.apache.http.headers -- http-outgoing-4 << Connection: keep-alive
16:12:03.804 [main] DEBUG org.apache.http.headers -- http-outgoing-4 << Keep-Alive: timeout=5
16:12:03.805 [main] DEBUG org.apache.http.impl.execchain.MainClientExec -- Connection can be kept alive for 5000 MILLISECONDS
16:12:03.805 [main] DEBUG org.apache.http.impl.conn.PoolingHttpClientConnectionManager -- Connection [id: 4][route: {}->http://localhost:3000] can be kept alive for 5.0 seconds
16:12:03.805 [main] DEBUG org.apache.http.impl.conn.DefaultManagedHttpClientConnection -- http-outgoing-4: set socket timeout to 0
16:12:03.805 [main] DEBUG org.apache.http.impl.conn.PoolingHttpClientConnectionManager -- Connection released: [id: 4][route: {}->http://localhost:3000][total available: 1; route allocated: 1 of 5; total allocated: 1 of 10]
16:12:03.805 [main] DEBUG org.apache.http.impl.conn.PoolingHttpClientConnectionManager -- Connection manager is shutting down
16:12:03.805 [main] DEBUG org.apache.http.impl.conn.DefaultManagedHttpClientConnection -- http-outgoing-4: Close connection
16:12:03.805 [main] DEBUG org.apache.http.impl.conn.PoolingHttpClientConnectionManager -- Connection manager shut down
16:12:03.805 [main] DEBUG com.intuit.karate -- response time in milliseconds: 282
1 < 200
1 < X-Powered-By: Express
1 < Access-Control-Allow-Origin: *
1 < Content-Type: application/json; charset=utf-8
1 < Content-Length: 607
1 < ETag: W/"25f-Ie35TENiPBpOh6kYA+ObYyOGvo8"
1 < Date: Tue, 24 Jun 2025 09:12:03 GMT
1 < Connection: keep-alive
1 < Keep-Alive: timeout=5
{"access_token":"eyJhbGciOiJIUzI1NiIsInR5cCI6IkpXVCJ9.eyJzdWIiOiJjMjE0MjJkZi1jY2VjLTQ0MGUtOWE0Mi1jMWI4MmFiZjczM2QiLCJ1c2VybmFtZSI6ImpvaG5kb2UyOCIsInJvbGUiOjAsImlhdCI6MTc1MDc1NjMyMywiZXhwIjoxNzUwNzU5OTIzfQ.OryVfC1f7WDWgccBgFLWuifeK4lwt_lhILsjduJ32xY","refresh_token":"5299c9528196cc21c871a6a11d643b99f0f1e3eb6ecefcf8e5c44f920cb3fc54","user":{"id":"c21422df-ccec-440e-9a42-c1b82abf733d","email":"test28@example.com","username":"johndoe28","name":"John Doe","phoneNumber":"84987654321","profilePic":null,"bio":null,"private":false,"verified":false,"role":0,"followersCount":0,"followingCount":0,"postCount":0}}

16:12:03.807 [main] INFO com.intuit.karate -- [print] *** AFTER API CALL *** Status: 200 
16:12:03.810 [main] INFO com.intuit.karate -- [print] ### API CALL COMPLETED ### Email: test28@example.com Status: 200 
16:12:03.811 [main] INFO com.intuit.karate -- [print] ### RESPONSE BODY ### {
  "access_token": "eyJhbGciOiJIUzI1NiIsInR5cCI6IkpXVCJ9.eyJzdWIiOiJjMjE0MjJkZi1jY2VjLTQ0MGUtOWE0Mi1jMWI4MmFiZjczM2QiLCJ1c2VybmFtZSI6ImpvaG5kb2UyOCIsInJvbGUiOjAsImlhdCI6MTc1MDc1NjMyMywiZXhwIjoxNzUwNzU5OTIzfQ.OryVfC1f7WDWgccBgFLWuifeK4lwt_lhILsjduJ32xY",
  "refresh_token": "5299c9528196cc21c871a6a11d643b99f0f1e3eb6ecefcf8e5c44f920cb3fc54",
  "user": {
    "id": "c21422df-ccec-440e-9a42-c1b82abf733d",
    "email": "test28@example.com",
    "username": "johndoe28",
    "name": "John Doe",
    "phoneNumber": "84987654321",
    "profilePic": null,
    "bio": null,
    "private": false,
    "verified": false,
    "role": 0,
    "followersCount": 0,
    "followingCount": 0,
    "postCount": 0
  }
}
 
16:12:03.812 [main] INFO com.intuit.karate -- Request #5 completed - Status: 200 Time: 298ms 
16:12:03.813 [main] INFO com.intuit.karate -- *** SEQUENTIAL REQUEST #6 *** 
16:12:03.813 [main] INFO com.intuit.karate -- User: testit4@gmail.com 
16:12:03.821 [main] INFO com.intuit.karate -- [print] *** BEFORE API CALL *** Email: testit4@gmail.com URL: http://localhost:3000/auth/login 
16:12:03.821 [main] DEBUG com.jayway.jsonpath.internal.path.CompiledPath -- Evaluating path: $
16:12:03.822 [main] INFO com.intuit.karate -- [print] *** SENDING REQUEST *** Body: {
  "email": "#(email)",
  "password": "#(password)"
}
 
16:12:03.824 [main] DEBUG org.apache.http.client.protocol.RequestAddCookies -- CookieSpec selected: karate
16:12:03.824 [main] DEBUG org.apache.http.client.protocol.RequestAuthCache -- Auth cache not set in the context
16:12:03.824 [main] DEBUG com.intuit.karate -- request:
1 > POST http://localhost:3000/auth/login
1 > Content-Type: application/json; charset=UTF-8
1 > Content-Length: 54
1 > Host: localhost:3000
1 > Connection: Keep-Alive
1 > User-Agent: Apache-HttpClient/4.5.14 (Java/17.0.9)
1 > Accept-Encoding: gzip,deflate
{"email":"testit4@gmail.com","password":"Password123"}

16:12:03.824 [main] DEBUG org.apache.http.impl.conn.PoolingHttpClientConnectionManager -- Connection request: [route: {}->http://localhost:3000][total available: 0; route allocated: 0 of 5; total allocated: 0 of 10]
16:12:03.824 [main] DEBUG org.apache.http.impl.conn.PoolingHttpClientConnectionManager -- Connection leased: [id: 5][route: {}->http://localhost:3000][total available: 0; route allocated: 1 of 5; total allocated: 1 of 10]
16:12:03.824 [main] DEBUG org.apache.http.impl.execchain.MainClientExec -- Opening connection {}->http://localhost:3000
16:12:03.824 [main] DEBUG org.apache.http.impl.conn.DefaultHttpClientConnectionOperator -- Connecting to localhost/127.0.0.1:3000
16:12:03.824 [main] DEBUG org.apache.http.impl.conn.DefaultHttpClientConnectionOperator -- Connection established 127.0.0.1:51049<->127.0.0.1:3000
16:12:03.824 [main] DEBUG org.apache.http.impl.conn.DefaultManagedHttpClientConnection -- http-outgoing-5: set socket timeout to 30000
16:12:03.824 [main] DEBUG org.apache.http.impl.execchain.MainClientExec -- Executing request POST /auth/login HTTP/1.1
16:12:03.824 [main] DEBUG org.apache.http.impl.execchain.MainClientExec -- Target auth state: UNCHALLENGED
16:12:03.825 [main] DEBUG org.apache.http.impl.execchain.MainClientExec -- Proxy auth state: UNCHALLENGED
16:12:03.825 [main] DEBUG org.apache.http.headers -- http-outgoing-5 >> POST /auth/login HTTP/1.1
16:12:03.825 [main] DEBUG org.apache.http.headers -- http-outgoing-5 >> Content-Type: application/json; charset=UTF-8
16:12:03.825 [main] DEBUG org.apache.http.headers -- http-outgoing-5 >> Content-Length: 54
16:12:03.825 [main] DEBUG org.apache.http.headers -- http-outgoing-5 >> Host: localhost:3000
16:12:03.825 [main] DEBUG org.apache.http.headers -- http-outgoing-5 >> Connection: Keep-Alive
16:12:03.825 [main] DEBUG org.apache.http.headers -- http-outgoing-5 >> User-Agent: Apache-HttpClient/4.5.14 (Java/17.0.9)
16:12:03.825 [main] DEBUG org.apache.http.headers -- http-outgoing-5 >> Accept-Encoding: gzip,deflate
16:12:03.825 [main] DEBUG org.apache.http.wire -- http-outgoing-5 >> "POST /auth/login HTTP/1.1[\r][\n]"
16:12:03.825 [main] DEBUG org.apache.http.wire -- http-outgoing-5 >> "Content-Type: application/json; charset=UTF-8[\r][\n]"
16:12:03.825 [main] DEBUG org.apache.http.wire -- http-outgoing-5 >> "Content-Length: 54[\r][\n]"
16:12:03.825 [main] DEBUG org.apache.http.wire -- http-outgoing-5 >> "Host: localhost:3000[\r][\n]"
16:12:03.825 [main] DEBUG org.apache.http.wire -- http-outgoing-5 >> "Connection: Keep-Alive[\r][\n]"
16:12:03.825 [main] DEBUG org.apache.http.wire -- http-outgoing-5 >> "User-Agent: Apache-HttpClient/4.5.14 (Java/17.0.9)[\r][\n]"
16:12:03.825 [main] DEBUG org.apache.http.wire -- http-outgoing-5 >> "Accept-Encoding: gzip,deflate[\r][\n]"
16:12:03.825 [main] DEBUG org.apache.http.wire -- http-outgoing-5 >> "[\r][\n]"
16:12:03.825 [main] DEBUG org.apache.http.wire -- http-outgoing-5 >> "{"email":"testit4@gmail.com","password":"Password123"}"
16:12:04.092 [main] DEBUG org.apache.http.wire -- http-outgoing-5 << "HTTP/1.1 200 OK[\r][\n]"
16:12:04.093 [main] DEBUG org.apache.http.wire -- http-outgoing-5 << "X-Powered-By: Express[\r][\n]"
16:12:04.093 [main] DEBUG org.apache.http.wire -- http-outgoing-5 << "Access-Control-Allow-Origin: *[\r][\n]"
16:12:04.093 [main] DEBUG org.apache.http.wire -- http-outgoing-5 << "Content-Type: application/json; charset=utf-8[\r][\n]"
16:12:04.093 [main] DEBUG org.apache.http.wire -- http-outgoing-5 << "Content-Length: 607[\r][\n]"
16:12:04.093 [main] DEBUG org.apache.http.wire -- http-outgoing-5 << "ETag: W/"25f-AuGNWX3+eFW5gkq5dcGeY016quA"[\r][\n]"
16:12:04.093 [main] DEBUG org.apache.http.wire -- http-outgoing-5 << "Date: Tue, 24 Jun 2025 09:12:04 GMT[\r][\n]"
16:12:04.093 [main] DEBUG org.apache.http.wire -- http-outgoing-5 << "Connection: keep-alive[\r][\n]"
16:12:04.093 [main] DEBUG org.apache.http.wire -- http-outgoing-5 << "Keep-Alive: timeout=5[\r][\n]"
16:12:04.093 [main] DEBUG org.apache.http.wire -- http-outgoing-5 << "[\r][\n]"
16:12:04.093 [main] DEBUG org.apache.http.wire -- http-outgoing-5 << "{"access_token":"eyJhbGciOiJIUzI1NiIsInR5cCI6IkpXVCJ9.eyJzdWIiOiI5YTI2OTc2Yy0xNTMyLTRkZjMtYTE2ZS03NjMxNTI1Yzg1MDIiLCJ1c2VybmFtZSI6ImpvaG5kb2UyZDUiLCJyb2xlIjowLCJpYXQiOjE3NTA3NTYzMjQsImV4cCI6MTc1MDc1OTkyNH0.H1MToLbudqGvfRuhtMwXWa24VN13-x-aEAPznsjiVUA","refresh_token":"624f8aa73e0e1965ddd4711dc86eb0dc1f2fec09a74a7d137f703bbbc54c5848","user":{"id":"9a26976c-1532-4df3-a16e-7631525c8502","email":"testit4@gmail.com","username":"johndoe2d5","name":"John Doe","phoneNumber":"0123456212","profilePic":null,"bio":null,"private":false,"verified":false,"role":0,"followersCount":0,"followingCount":0,"postCount":0}}"
16:12:04.093 [main] DEBUG org.apache.http.headers -- http-outgoing-5 << HTTP/1.1 200 OK
16:12:04.093 [main] DEBUG org.apache.http.headers -- http-outgoing-5 << X-Powered-By: Express
16:12:04.093 [main] DEBUG org.apache.http.headers -- http-outgoing-5 << Access-Control-Allow-Origin: *
16:12:04.093 [main] DEBUG org.apache.http.headers -- http-outgoing-5 << Content-Type: application/json; charset=utf-8
16:12:04.093 [main] DEBUG org.apache.http.headers -- http-outgoing-5 << Content-Length: 607
16:12:04.093 [main] DEBUG org.apache.http.headers -- http-outgoing-5 << ETag: W/"25f-AuGNWX3+eFW5gkq5dcGeY016quA"
16:12:04.093 [main] DEBUG org.apache.http.headers -- http-outgoing-5 << Date: Tue, 24 Jun 2025 09:12:04 GMT
16:12:04.093 [main] DEBUG org.apache.http.headers -- http-outgoing-5 << Connection: keep-alive
16:12:04.093 [main] DEBUG org.apache.http.headers -- http-outgoing-5 << Keep-Alive: timeout=5
16:12:04.093 [main] DEBUG org.apache.http.impl.execchain.MainClientExec -- Connection can be kept alive for 5000 MILLISECONDS
16:12:04.094 [main] DEBUG org.apache.http.impl.conn.PoolingHttpClientConnectionManager -- Connection [id: 5][route: {}->http://localhost:3000] can be kept alive for 5.0 seconds
16:12:04.094 [main] DEBUG org.apache.http.impl.conn.DefaultManagedHttpClientConnection -- http-outgoing-5: set socket timeout to 0
16:12:04.094 [main] DEBUG org.apache.http.impl.conn.PoolingHttpClientConnectionManager -- Connection released: [id: 5][route: {}->http://localhost:3000][total available: 1; route allocated: 1 of 5; total allocated: 1 of 10]
16:12:04.094 [main] DEBUG org.apache.http.impl.conn.PoolingHttpClientConnectionManager -- Connection manager is shutting down
16:12:04.094 [main] DEBUG org.apache.http.impl.conn.DefaultManagedHttpClientConnection -- http-outgoing-5: Close connection
16:12:04.094 [main] DEBUG org.apache.http.impl.conn.PoolingHttpClientConnectionManager -- Connection manager shut down
16:12:04.094 [main] DEBUG com.intuit.karate -- response time in milliseconds: 270
1 < 200
1 < X-Powered-By: Express
1 < Access-Control-Allow-Origin: *
1 < Content-Type: application/json; charset=utf-8
1 < Content-Length: 607
1 < ETag: W/"25f-AuGNWX3+eFW5gkq5dcGeY016quA"
1 < Date: Tue, 24 Jun 2025 09:12:04 GMT
1 < Connection: keep-alive
1 < Keep-Alive: timeout=5
{"access_token":"eyJhbGciOiJIUzI1NiIsInR5cCI6IkpXVCJ9.eyJzdWIiOiI5YTI2OTc2Yy0xNTMyLTRkZjMtYTE2ZS03NjMxNTI1Yzg1MDIiLCJ1c2VybmFtZSI6ImpvaG5kb2UyZDUiLCJyb2xlIjowLCJpYXQiOjE3NTA3NTYzMjQsImV4cCI6MTc1MDc1OTkyNH0.H1MToLbudqGvfRuhtMwXWa24VN13-x-aEAPznsjiVUA","refresh_token":"624f8aa73e0e1965ddd4711dc86eb0dc1f2fec09a74a7d137f703bbbc54c5848","user":{"id":"9a26976c-1532-4df3-a16e-7631525c8502","email":"testit4@gmail.com","username":"johndoe2d5","name":"John Doe","phoneNumber":"0123456212","profilePic":null,"bio":null,"private":false,"verified":false,"role":0,"followersCount":0,"followingCount":0,"postCount":0}}

16:12:04.095 [main] INFO com.intuit.karate -- [print] *** AFTER API CALL *** Status: 200 
16:12:04.096 [main] INFO com.intuit.karate -- [print] ### API CALL COMPLETED ### Email: testit4@gmail.com Status: 200 
16:12:04.097 [main] INFO com.intuit.karate -- [print] ### RESPONSE BODY ### {
  "access_token": "eyJhbGciOiJIUzI1NiIsInR5cCI6IkpXVCJ9.eyJzdWIiOiI5YTI2OTc2Yy0xNTMyLTRkZjMtYTE2ZS03NjMxNTI1Yzg1MDIiLCJ1c2VybmFtZSI6ImpvaG5kb2UyZDUiLCJyb2xlIjowLCJpYXQiOjE3NTA3NTYzMjQsImV4cCI6MTc1MDc1OTkyNH0.H1MToLbudqGvfRuhtMwXWa24VN13-x-aEAPznsjiVUA",
  "refresh_token": "624f8aa73e0e1965ddd4711dc86eb0dc1f2fec09a74a7d137f703bbbc54c5848",
  "user": {
    "id": "9a26976c-1532-4df3-a16e-7631525c8502",
    "email": "testit4@gmail.com",
    "username": "johndoe2d5",
    "name": "John Doe",
    "phoneNumber": "0123456212",
    "profilePic": null,
    "bio": null,
    "private": false,
    "verified": false,
    "role": 0,
    "followersCount": 0,
    "followingCount": 0,
    "postCount": 0
  }
}
 
16:12:04.098 [main] INFO com.intuit.karate -- Request #6 completed - Status: 200 Time: 284ms 
16:12:04.099 [main] INFO com.intuit.karate -- *** SEQUENTIAL REQUEST #7 *** 
16:12:04.099 [main] INFO com.intuit.karate -- User: testit3@gmail.com 
16:12:04.105 [main] INFO com.intuit.karate -- [print] *** BEFORE API CALL *** Email: testit3@gmail.com URL: http://localhost:3000/auth/login 
16:12:04.105 [main] DEBUG com.jayway.jsonpath.internal.path.CompiledPath -- Evaluating path: $
16:12:04.105 [main] INFO com.intuit.karate -- [print] *** SENDING REQUEST *** Body: {
  "email": "#(email)",
  "password": "#(password)"
}
 
16:12:04.107 [main] DEBUG org.apache.http.client.protocol.RequestAddCookies -- CookieSpec selected: karate
16:12:04.108 [main] DEBUG org.apache.http.client.protocol.RequestAuthCache -- Auth cache not set in the context
16:12:04.108 [main] DEBUG com.intuit.karate -- request:
1 > POST http://localhost:3000/auth/login
1 > Content-Type: application/json; charset=UTF-8
1 > Content-Length: 54
1 > Host: localhost:3000
1 > Connection: Keep-Alive
1 > User-Agent: Apache-HttpClient/4.5.14 (Java/17.0.9)
1 > Accept-Encoding: gzip,deflate
{"email":"testit3@gmail.com","password":"Password123"}

16:12:04.108 [main] DEBUG org.apache.http.impl.conn.PoolingHttpClientConnectionManager -- Connection request: [route: {}->http://localhost:3000][total available: 0; route allocated: 0 of 5; total allocated: 0 of 10]
16:12:04.108 [main] DEBUG org.apache.http.impl.conn.PoolingHttpClientConnectionManager -- Connection leased: [id: 6][route: {}->http://localhost:3000][total available: 0; route allocated: 1 of 5; total allocated: 1 of 10]
16:12:04.108 [main] DEBUG org.apache.http.impl.execchain.MainClientExec -- Opening connection {}->http://localhost:3000
16:12:04.108 [main] DEBUG org.apache.http.impl.conn.DefaultHttpClientConnectionOperator -- Connecting to localhost/127.0.0.1:3000
16:12:04.108 [main] DEBUG org.apache.http.impl.conn.DefaultHttpClientConnectionOperator -- Connection established 127.0.0.1:51050<->127.0.0.1:3000
16:12:04.109 [main] DEBUG org.apache.http.impl.conn.DefaultManagedHttpClientConnection -- http-outgoing-6: set socket timeout to 30000
16:12:04.109 [main] DEBUG org.apache.http.impl.execchain.MainClientExec -- Executing request POST /auth/login HTTP/1.1
16:12:04.109 [main] DEBUG org.apache.http.impl.execchain.MainClientExec -- Target auth state: UNCHALLENGED
16:12:04.109 [main] DEBUG org.apache.http.impl.execchain.MainClientExec -- Proxy auth state: UNCHALLENGED
16:12:04.109 [main] DEBUG org.apache.http.headers -- http-outgoing-6 >> POST /auth/login HTTP/1.1
16:12:04.109 [main] DEBUG org.apache.http.headers -- http-outgoing-6 >> Content-Type: application/json; charset=UTF-8
16:12:04.109 [main] DEBUG org.apache.http.headers -- http-outgoing-6 >> Content-Length: 54
16:12:04.109 [main] DEBUG org.apache.http.headers -- http-outgoing-6 >> Host: localhost:3000
16:12:04.109 [main] DEBUG org.apache.http.headers -- http-outgoing-6 >> Connection: Keep-Alive
16:12:04.109 [main] DEBUG org.apache.http.headers -- http-outgoing-6 >> User-Agent: Apache-HttpClient/4.5.14 (Java/17.0.9)
16:12:04.109 [main] DEBUG org.apache.http.headers -- http-outgoing-6 >> Accept-Encoding: gzip,deflate
16:12:04.109 [main] DEBUG org.apache.http.wire -- http-outgoing-6 >> "POST /auth/login HTTP/1.1[\r][\n]"
16:12:04.109 [main] DEBUG org.apache.http.wire -- http-outgoing-6 >> "Content-Type: application/json; charset=UTF-8[\r][\n]"
16:12:04.109 [main] DEBUG org.apache.http.wire -- http-outgoing-6 >> "Content-Length: 54[\r][\n]"
16:12:04.109 [main] DEBUG org.apache.http.wire -- http-outgoing-6 >> "Host: localhost:3000[\r][\n]"
16:12:04.109 [main] DEBUG org.apache.http.wire -- http-outgoing-6 >> "Connection: Keep-Alive[\r][\n]"
16:12:04.109 [main] DEBUG org.apache.http.wire -- http-outgoing-6 >> "User-Agent: Apache-HttpClient/4.5.14 (Java/17.0.9)[\r][\n]"
16:12:04.109 [main] DEBUG org.apache.http.wire -- http-outgoing-6 >> "Accept-Encoding: gzip,deflate[\r][\n]"
16:12:04.109 [main] DEBUG org.apache.http.wire -- http-outgoing-6 >> "[\r][\n]"
16:12:04.109 [main] DEBUG org.apache.http.wire -- http-outgoing-6 >> "{"email":"testit3@gmail.com","password":"Password123"}"
16:12:04.371 [main] DEBUG org.apache.http.wire -- http-outgoing-6 << "HTTP/1.1 200 OK[\r][\n]"
16:12:04.371 [main] DEBUG org.apache.http.wire -- http-outgoing-6 << "X-Powered-By: Express[\r][\n]"
16:12:04.371 [main] DEBUG org.apache.http.wire -- http-outgoing-6 << "Access-Control-Allow-Origin: *[\r][\n]"
16:12:04.371 [main] DEBUG org.apache.http.wire -- http-outgoing-6 << "Content-Type: application/json; charset=utf-8[\r][\n]"
16:12:04.371 [main] DEBUG org.apache.http.wire -- http-outgoing-6 << "Content-Length: 605[\r][\n]"
16:12:04.371 [main] DEBUG org.apache.http.wire -- http-outgoing-6 << "ETag: W/"25d-yOdXIdz+4ortzsGLncN5/L/9DPs"[\r][\n]"
16:12:04.371 [main] DEBUG org.apache.http.wire -- http-outgoing-6 << "Date: Tue, 24 Jun 2025 09:12:04 GMT[\r][\n]"
16:12:04.371 [main] DEBUG org.apache.http.wire -- http-outgoing-6 << "Connection: keep-alive[\r][\n]"
16:12:04.371 [main] DEBUG org.apache.http.wire -- http-outgoing-6 << "Keep-Alive: timeout=5[\r][\n]"
16:12:04.371 [main] DEBUG org.apache.http.wire -- http-outgoing-6 << "[\r][\n]"
16:12:04.371 [main] DEBUG org.apache.http.wire -- http-outgoing-6 << "{"access_token":"eyJhbGciOiJIUzI1NiIsInR5cCI6IkpXVCJ9.eyJzdWIiOiI2NTBjZTFlZC1hYWNhLTQzOGYtOTk4OC0xZjA1OGFiNWFhMWEiLCJ1c2VybmFtZSI6ImpvaG5kb2UyNSIsInJvbGUiOjAsImlhdCI6MTc1MDc1NjMyNCwiZXhwIjoxNzUwNzU5OTI0fQ.izg0bauDXpgfqoqRbHHtWwwCbBCcdq3KIdlMNlAFvdQ","refresh_token":"d3c4760789146d0ca14f1cc2861ed62365681b17a4f90d11545817ba6a34cd06","user":{"id":"650ce1ed-aaca-438f-9988-1f058ab5aa1a","email":"testit3@gmail.com","username":"johndoe25","name":"John Doe","phoneNumber":"0123456713","profilePic":null,"bio":null,"private":false,"verified":false,"role":0,"followersCount":0,"followingCount":0,"postCount":0}}"
16:12:04.373 [main] DEBUG org.apache.http.headers -- http-outgoing-6 << HTTP/1.1 200 OK
16:12:04.373 [main] DEBUG org.apache.http.headers -- http-outgoing-6 << X-Powered-By: Express
16:12:04.373 [main] DEBUG org.apache.http.headers -- http-outgoing-6 << Access-Control-Allow-Origin: *
16:12:04.373 [main] DEBUG org.apache.http.headers -- http-outgoing-6 << Content-Type: application/json; charset=utf-8
16:12:04.373 [main] DEBUG org.apache.http.headers -- http-outgoing-6 << Content-Length: 605
16:12:04.373 [main] DEBUG org.apache.http.headers -- http-outgoing-6 << ETag: W/"25d-yOdXIdz+4ortzsGLncN5/L/9DPs"
16:12:04.373 [main] DEBUG org.apache.http.headers -- http-outgoing-6 << Date: Tue, 24 Jun 2025 09:12:04 GMT
16:12:04.373 [main] DEBUG org.apache.http.headers -- http-outgoing-6 << Connection: keep-alive
16:12:04.373 [main] DEBUG org.apache.http.headers -- http-outgoing-6 << Keep-Alive: timeout=5
16:12:04.373 [main] DEBUG org.apache.http.impl.execchain.MainClientExec -- Connection can be kept alive for 5000 MILLISECONDS
16:12:04.373 [main] DEBUG org.apache.http.impl.conn.PoolingHttpClientConnectionManager -- Connection [id: 6][route: {}->http://localhost:3000] can be kept alive for 5.0 seconds
16:12:04.373 [main] DEBUG org.apache.http.impl.conn.DefaultManagedHttpClientConnection -- http-outgoing-6: set socket timeout to 0
16:12:04.373 [main] DEBUG org.apache.http.impl.conn.PoolingHttpClientConnectionManager -- Connection released: [id: 6][route: {}->http://localhost:3000][total available: 1; route allocated: 1 of 5; total allocated: 1 of 10]
16:12:04.373 [main] DEBUG org.apache.http.impl.conn.PoolingHttpClientConnectionManager -- Connection manager is shutting down
16:12:04.373 [main] DEBUG org.apache.http.impl.conn.DefaultManagedHttpClientConnection -- http-outgoing-6: Close connection
16:12:04.373 [main] DEBUG org.apache.http.impl.conn.PoolingHttpClientConnectionManager -- Connection manager shut down
16:12:04.373 [main] DEBUG com.intuit.karate -- response time in milliseconds: 265
1 < 200
1 < X-Powered-By: Express
1 < Access-Control-Allow-Origin: *
1 < Content-Type: application/json; charset=utf-8
1 < Content-Length: 605
1 < ETag: W/"25d-yOdXIdz+4ortzsGLncN5/L/9DPs"
1 < Date: Tue, 24 Jun 2025 09:12:04 GMT
1 < Connection: keep-alive
1 < Keep-Alive: timeout=5
{"access_token":"eyJhbGciOiJIUzI1NiIsInR5cCI6IkpXVCJ9.eyJzdWIiOiI2NTBjZTFlZC1hYWNhLTQzOGYtOTk4OC0xZjA1OGFiNWFhMWEiLCJ1c2VybmFtZSI6ImpvaG5kb2UyNSIsInJvbGUiOjAsImlhdCI6MTc1MDc1NjMyNCwiZXhwIjoxNzUwNzU5OTI0fQ.izg0bauDXpgfqoqRbHHtWwwCbBCcdq3KIdlMNlAFvdQ","refresh_token":"d3c4760789146d0ca14f1cc2861ed62365681b17a4f90d11545817ba6a34cd06","user":{"id":"650ce1ed-aaca-438f-9988-1f058ab5aa1a","email":"testit3@gmail.com","username":"johndoe25","name":"John Doe","phoneNumber":"0123456713","profilePic":null,"bio":null,"private":false,"verified":false,"role":0,"followersCount":0,"followingCount":0,"postCount":0}}

16:12:04.374 [main] INFO com.intuit.karate -- [print] *** AFTER API CALL *** Status: 200 
16:12:04.375 [main] INFO com.intuit.karate -- [print] ### API CALL COMPLETED ### Email: testit3@gmail.com Status: 200 
16:12:04.375 [main] INFO com.intuit.karate -- [print] ### RESPONSE BODY ### {
  "access_token": "eyJhbGciOiJIUzI1NiIsInR5cCI6IkpXVCJ9.eyJzdWIiOiI2NTBjZTFlZC1hYWNhLTQzOGYtOTk4OC0xZjA1OGFiNWFhMWEiLCJ1c2VybmFtZSI6ImpvaG5kb2UyNSIsInJvbGUiOjAsImlhdCI6MTc1MDc1NjMyNCwiZXhwIjoxNzUwNzU5OTI0fQ.izg0bauDXpgfqoqRbHHtWwwCbBCcdq3KIdlMNlAFvdQ",
  "refresh_token": "d3c4760789146d0ca14f1cc2861ed62365681b17a4f90d11545817ba6a34cd06",
  "user": {
    "id": "650ce1ed-aaca-438f-9988-1f058ab5aa1a",
    "email": "testit3@gmail.com",
    "username": "johndoe25",
    "name": "John Doe",
    "phoneNumber": "0123456713",
    "profilePic": null,
    "bio": null,
    "private": false,
    "verified": false,
    "role": 0,
    "followersCount": 0,
    "followingCount": 0,
    "postCount": 0
  }
}
 
16:12:04.376 [main] INFO com.intuit.karate -- Request #7 completed - Status: 200 Time: 275ms 
16:12:04.376 [main] INFO com.intuit.karate -- *** SEQUENTIAL REQUEST #8 *** 
16:12:04.376 [main] INFO com.intuit.karate -- User: testit5@gmail.com 
16:12:04.382 [main] INFO com.intuit.karate -- [print] *** BEFORE API CALL *** Email: testit5@gmail.com URL: http://localhost:3000/auth/login 
16:12:04.383 [main] DEBUG com.jayway.jsonpath.internal.path.CompiledPath -- Evaluating path: $
16:12:04.383 [main] INFO com.intuit.karate -- [print] *** SENDING REQUEST *** Body: {
  "email": "#(email)",
  "password": "#(password)"
}
 
16:12:04.384 [main] DEBUG org.apache.http.client.protocol.RequestAddCookies -- CookieSpec selected: karate
16:12:04.384 [main] DEBUG org.apache.http.client.protocol.RequestAuthCache -- Auth cache not set in the context
16:12:04.384 [main] DEBUG com.intuit.karate -- request:
1 > POST http://localhost:3000/auth/login
1 > Content-Type: application/json; charset=UTF-8
1 > Content-Length: 54
1 > Host: localhost:3000
1 > Connection: Keep-Alive
1 > User-Agent: Apache-HttpClient/4.5.14 (Java/17.0.9)
1 > Accept-Encoding: gzip,deflate
{"email":"testit5@gmail.com","password":"Password123"}

16:12:04.384 [main] DEBUG org.apache.http.impl.conn.PoolingHttpClientConnectionManager -- Connection request: [route: {}->http://localhost:3000][total available: 0; route allocated: 0 of 5; total allocated: 0 of 10]
16:12:04.384 [main] DEBUG org.apache.http.impl.conn.PoolingHttpClientConnectionManager -- Connection leased: [id: 7][route: {}->http://localhost:3000][total available: 0; route allocated: 1 of 5; total allocated: 1 of 10]
16:12:04.384 [main] DEBUG org.apache.http.impl.execchain.MainClientExec -- Opening connection {}->http://localhost:3000
16:12:04.384 [main] DEBUG org.apache.http.impl.conn.DefaultHttpClientConnectionOperator -- Connecting to localhost/127.0.0.1:3000
16:12:04.385 [main] DEBUG org.apache.http.impl.conn.DefaultHttpClientConnectionOperator -- Connection established 127.0.0.1:51051<->127.0.0.1:3000
16:12:04.385 [main] DEBUG org.apache.http.impl.conn.DefaultManagedHttpClientConnection -- http-outgoing-7: set socket timeout to 30000
16:12:04.385 [main] DEBUG org.apache.http.impl.execchain.MainClientExec -- Executing request POST /auth/login HTTP/1.1
16:12:04.385 [main] DEBUG org.apache.http.impl.execchain.MainClientExec -- Target auth state: UNCHALLENGED
16:12:04.385 [main] DEBUG org.apache.http.impl.execchain.MainClientExec -- Proxy auth state: UNCHALLENGED
16:12:04.385 [main] DEBUG org.apache.http.headers -- http-outgoing-7 >> POST /auth/login HTTP/1.1
16:12:04.385 [main] DEBUG org.apache.http.headers -- http-outgoing-7 >> Content-Type: application/json; charset=UTF-8
16:12:04.385 [main] DEBUG org.apache.http.headers -- http-outgoing-7 >> Content-Length: 54
16:12:04.385 [main] DEBUG org.apache.http.headers -- http-outgoing-7 >> Host: localhost:3000
16:12:04.385 [main] DEBUG org.apache.http.headers -- http-outgoing-7 >> Connection: Keep-Alive
16:12:04.385 [main] DEBUG org.apache.http.headers -- http-outgoing-7 >> User-Agent: Apache-HttpClient/4.5.14 (Java/17.0.9)
16:12:04.385 [main] DEBUG org.apache.http.headers -- http-outgoing-7 >> Accept-Encoding: gzip,deflate
16:12:04.385 [main] DEBUG org.apache.http.wire -- http-outgoing-7 >> "POST /auth/login HTTP/1.1[\r][\n]"
16:12:04.385 [main] DEBUG org.apache.http.wire -- http-outgoing-7 >> "Content-Type: application/json; charset=UTF-8[\r][\n]"
16:12:04.385 [main] DEBUG org.apache.http.wire -- http-outgoing-7 >> "Content-Length: 54[\r][\n]"
16:12:04.385 [main] DEBUG org.apache.http.wire -- http-outgoing-7 >> "Host: localhost:3000[\r][\n]"
16:12:04.385 [main] DEBUG org.apache.http.wire -- http-outgoing-7 >> "Connection: Keep-Alive[\r][\n]"
16:12:04.385 [main] DEBUG org.apache.http.wire -- http-outgoing-7 >> "User-Agent: Apache-HttpClient/4.5.14 (Java/17.0.9)[\r][\n]"
16:12:04.385 [main] DEBUG org.apache.http.wire -- http-outgoing-7 >> "Accept-Encoding: gzip,deflate[\r][\n]"
16:12:04.385 [main] DEBUG org.apache.http.wire -- http-outgoing-7 >> "[\r][\n]"
16:12:04.385 [main] DEBUG org.apache.http.wire -- http-outgoing-7 >> "{"email":"testit5@gmail.com","password":"Password123"}"
16:12:04.669 [main] DEBUG org.apache.http.wire -- http-outgoing-7 << "HTTP/1.1 200 OK[\r][\n]"
16:12:04.669 [main] DEBUG org.apache.http.wire -- http-outgoing-7 << "X-Powered-By: Express[\r][\n]"
16:12:04.670 [main] DEBUG org.apache.http.wire -- http-outgoing-7 << "Access-Control-Allow-Origin: *[\r][\n]"
16:12:04.670 [main] DEBUG org.apache.http.wire -- http-outgoing-7 << "Content-Type: application/json; charset=utf-8[\r][\n]"
16:12:04.670 [main] DEBUG org.apache.http.wire -- http-outgoing-7 << "Content-Length: 609[\r][\n]"
16:12:04.670 [main] DEBUG org.apache.http.wire -- http-outgoing-7 << "ETag: W/"261-E8d4UrxD3FlMQOZtVw/li2y6KRk"[\r][\n]"
16:12:04.670 [main] DEBUG org.apache.http.wire -- http-outgoing-7 << "Date: Tue, 24 Jun 2025 09:12:04 GMT[\r][\n]"
16:12:04.670 [main] DEBUG org.apache.http.wire -- http-outgoing-7 << "Connection: keep-alive[\r][\n]"
16:12:04.670 [main] DEBUG org.apache.http.wire -- http-outgoing-7 << "Keep-Alive: timeout=5[\r][\n]"
16:12:04.670 [main] DEBUG org.apache.http.wire -- http-outgoing-7 << "[\r][\n]"
16:12:04.670 [main] DEBUG org.apache.http.wire -- http-outgoing-7 << "{"access_token":"eyJhbGciOiJIUzI1NiIsInR5cCI6IkpXVCJ9.eyJzdWIiOiIyNzJmNmI1NS01MTc5LTRhZTMtODU2My1iNGVjMTBmNzY3MTUiLCJ1c2VybmFtZSI6ImpvaG5kb2UyZDVkIiwicm9sZSI6MCwiaWF0IjoxNzUwNzU2MzI0LCJleHAiOjE3NTA3NTk5MjR9.txPrU-IMrUJ8UaUNWmI2mc9w0RGcNQ8Jsbue6-9yKR4","refresh_token":"a3392a62bc923f809259f73bd0e2ebf332745fee1784f5ce5adc729b2bfeadb6","user":{"id":"272f6b55-5179-4ae3-8563-b4ec10f76715","email":"testit5@gmail.com","username":"johndoe2d5d","name":"John Doe","phoneNumber":"0123456132","profilePic":null,"bio":null,"private":false,"verified":false,"role":0,"followersCount":0,"followingCount":0,"postCount":0}}"
16:12:04.670 [main] DEBUG org.apache.http.headers -- http-outgoing-7 << HTTP/1.1 200 OK
16:12:04.670 [main] DEBUG org.apache.http.headers -- http-outgoing-7 << X-Powered-By: Express
16:12:04.670 [main] DEBUG org.apache.http.headers -- http-outgoing-7 << Access-Control-Allow-Origin: *
16:12:04.670 [main] DEBUG org.apache.http.headers -- http-outgoing-7 << Content-Type: application/json; charset=utf-8
16:12:04.670 [main] DEBUG org.apache.http.headers -- http-outgoing-7 << Content-Length: 609
16:12:04.670 [main] DEBUG org.apache.http.headers -- http-outgoing-7 << ETag: W/"261-E8d4UrxD3FlMQOZtVw/li2y6KRk"
16:12:04.670 [main] DEBUG org.apache.http.headers -- http-outgoing-7 << Date: Tue, 24 Jun 2025 09:12:04 GMT
16:12:04.670 [main] DEBUG org.apache.http.headers -- http-outgoing-7 << Connection: keep-alive
16:12:04.670 [main] DEBUG org.apache.http.headers -- http-outgoing-7 << Keep-Alive: timeout=5
16:12:04.670 [main] DEBUG org.apache.http.impl.execchain.MainClientExec -- Connection can be kept alive for 5000 MILLISECONDS
16:12:04.670 [main] DEBUG org.apache.http.impl.conn.PoolingHttpClientConnectionManager -- Connection [id: 7][route: {}->http://localhost:3000] can be kept alive for 5.0 seconds
16:12:04.671 [main] DEBUG org.apache.http.impl.conn.DefaultManagedHttpClientConnection -- http-outgoing-7: set socket timeout to 0
16:12:04.671 [main] DEBUG org.apache.http.impl.conn.PoolingHttpClientConnectionManager -- Connection released: [id: 7][route: {}->http://localhost:3000][total available: 1; route allocated: 1 of 5; total allocated: 1 of 10]
16:12:04.671 [main] DEBUG org.apache.http.impl.conn.PoolingHttpClientConnectionManager -- Connection manager is shutting down
16:12:04.671 [main] DEBUG org.apache.http.impl.conn.DefaultManagedHttpClientConnection -- http-outgoing-7: Close connection
16:12:04.671 [main] DEBUG org.apache.http.impl.conn.PoolingHttpClientConnectionManager -- Connection manager shut down
16:12:04.671 [main] DEBUG com.intuit.karate -- response time in milliseconds: 287
1 < 200
1 < X-Powered-By: Express
1 < Access-Control-Allow-Origin: *
1 < Content-Type: application/json; charset=utf-8
1 < Content-Length: 609
1 < ETag: W/"261-E8d4UrxD3FlMQOZtVw/li2y6KRk"
1 < Date: Tue, 24 Jun 2025 09:12:04 GMT
1 < Connection: keep-alive
1 < Keep-Alive: timeout=5
{"access_token":"eyJhbGciOiJIUzI1NiIsInR5cCI6IkpXVCJ9.eyJzdWIiOiIyNzJmNmI1NS01MTc5LTRhZTMtODU2My1iNGVjMTBmNzY3MTUiLCJ1c2VybmFtZSI6ImpvaG5kb2UyZDVkIiwicm9sZSI6MCwiaWF0IjoxNzUwNzU2MzI0LCJleHAiOjE3NTA3NTk5MjR9.txPrU-IMrUJ8UaUNWmI2mc9w0RGcNQ8Jsbue6-9yKR4","refresh_token":"a3392a62bc923f809259f73bd0e2ebf332745fee1784f5ce5adc729b2bfeadb6","user":{"id":"272f6b55-5179-4ae3-8563-b4ec10f76715","email":"testit5@gmail.com","username":"johndoe2d5d","name":"John Doe","phoneNumber":"0123456132","profilePic":null,"bio":null,"private":false,"verified":false,"role":0,"followersCount":0,"followingCount":0,"postCount":0}}

16:12:04.672 [main] INFO com.intuit.karate -- [print] *** AFTER API CALL *** Status: 200 
16:12:04.673 [main] INFO com.intuit.karate -- [print] ### API CALL COMPLETED ### Email: testit5@gmail.com Status: 200 
16:12:04.673 [main] INFO com.intuit.karate -- [print] ### RESPONSE BODY ### {
  "access_token": "eyJhbGciOiJIUzI1NiIsInR5cCI6IkpXVCJ9.eyJzdWIiOiIyNzJmNmI1NS01MTc5LTRhZTMtODU2My1iNGVjMTBmNzY3MTUiLCJ1c2VybmFtZSI6ImpvaG5kb2UyZDVkIiwicm9sZSI6MCwiaWF0IjoxNzUwNzU2MzI0LCJleHAiOjE3NTA3NTk5MjR9.txPrU-IMrUJ8UaUNWmI2mc9w0RGcNQ8Jsbue6-9yKR4",
  "refresh_token": "a3392a62bc923f809259f73bd0e2ebf332745fee1784f5ce5adc729b2bfeadb6",
  "user": {
    "id": "272f6b55-5179-4ae3-8563-b4ec10f76715",
    "email": "testit5@gmail.com",
    "username": "johndoe2d5d",
    "name": "John Doe",
    "phoneNumber": "0123456132",
    "profilePic": null,
    "bio": null,
    "private": false,
    "verified": false,
    "role": 0,
    "followersCount": 0,
    "followingCount": 0,
    "postCount": 0
  }
}
 
16:12:04.674 [main] INFO com.intuit.karate -- Request #8 completed - Status: 200 Time: 297ms 
16:12:04.675 [main] INFO com.intuit.karate -- *** SEQUENTIAL REQUEST #9 *** 
16:12:04.675 [main] INFO com.intuit.karate -- User: testit@gmail.com 
16:12:04.682 [main] INFO com.intuit.karate -- [print] *** BEFORE API CALL *** Email: testit@gmail.com URL: http://localhost:3000/auth/login 
16:12:04.682 [main] DEBUG com.jayway.jsonpath.internal.path.CompiledPath -- Evaluating path: $
16:12:04.683 [main] INFO com.intuit.karate -- [print] *** SENDING REQUEST *** Body: {
  "email": "#(email)",
  "password": "#(password)"
}
 
16:12:04.684 [main] DEBUG org.apache.http.client.protocol.RequestAddCookies -- CookieSpec selected: karate
16:12:04.684 [main] DEBUG org.apache.http.client.protocol.RequestAuthCache -- Auth cache not set in the context
16:12:04.684 [main] DEBUG com.intuit.karate -- request:
1 > POST http://localhost:3000/auth/login
1 > Content-Type: application/json; charset=UTF-8
1 > Content-Length: 53
1 > Host: localhost:3000
1 > Connection: Keep-Alive
1 > User-Agent: Apache-HttpClient/4.5.14 (Java/17.0.9)
1 > Accept-Encoding: gzip,deflate
{"email":"testit@gmail.com","password":"Password123"}

16:12:04.684 [main] DEBUG org.apache.http.impl.conn.PoolingHttpClientConnectionManager -- Connection request: [route: {}->http://localhost:3000][total available: 0; route allocated: 0 of 5; total allocated: 0 of 10]
16:12:04.684 [main] DEBUG org.apache.http.impl.conn.PoolingHttpClientConnectionManager -- Connection leased: [id: 8][route: {}->http://localhost:3000][total available: 0; route allocated: 1 of 5; total allocated: 1 of 10]
16:12:04.684 [main] DEBUG org.apache.http.impl.execchain.MainClientExec -- Opening connection {}->http://localhost:3000
16:12:04.684 [main] DEBUG org.apache.http.impl.conn.DefaultHttpClientConnectionOperator -- Connecting to localhost/127.0.0.1:3000
16:12:04.685 [main] DEBUG org.apache.http.impl.conn.DefaultHttpClientConnectionOperator -- Connection established 127.0.0.1:51052<->127.0.0.1:3000
16:12:04.685 [main] DEBUG org.apache.http.impl.conn.DefaultManagedHttpClientConnection -- http-outgoing-8: set socket timeout to 30000
16:12:04.685 [main] DEBUG org.apache.http.impl.execchain.MainClientExec -- Executing request POST /auth/login HTTP/1.1
16:12:04.685 [main] DEBUG org.apache.http.impl.execchain.MainClientExec -- Target auth state: UNCHALLENGED
16:12:04.685 [main] DEBUG org.apache.http.impl.execchain.MainClientExec -- Proxy auth state: UNCHALLENGED
16:12:04.685 [main] DEBUG org.apache.http.headers -- http-outgoing-8 >> POST /auth/login HTTP/1.1
16:12:04.685 [main] DEBUG org.apache.http.headers -- http-outgoing-8 >> Content-Type: application/json; charset=UTF-8
16:12:04.685 [main] DEBUG org.apache.http.headers -- http-outgoing-8 >> Content-Length: 53
16:12:04.685 [main] DEBUG org.apache.http.headers -- http-outgoing-8 >> Host: localhost:3000
16:12:04.685 [main] DEBUG org.apache.http.headers -- http-outgoing-8 >> Connection: Keep-Alive
16:12:04.685 [main] DEBUG org.apache.http.headers -- http-outgoing-8 >> User-Agent: Apache-HttpClient/4.5.14 (Java/17.0.9)
16:12:04.685 [main] DEBUG org.apache.http.headers -- http-outgoing-8 >> Accept-Encoding: gzip,deflate
16:12:04.685 [main] DEBUG org.apache.http.wire -- http-outgoing-8 >> "POST /auth/login HTTP/1.1[\r][\n]"
16:12:04.685 [main] DEBUG org.apache.http.wire -- http-outgoing-8 >> "Content-Type: application/json; charset=UTF-8[\r][\n]"
16:12:04.685 [main] DEBUG org.apache.http.wire -- http-outgoing-8 >> "Content-Length: 53[\r][\n]"
16:12:04.685 [main] DEBUG org.apache.http.wire -- http-outgoing-8 >> "Host: localhost:3000[\r][\n]"
16:12:04.685 [main] DEBUG org.apache.http.wire -- http-outgoing-8 >> "Connection: Keep-Alive[\r][\n]"
16:12:04.685 [main] DEBUG org.apache.http.wire -- http-outgoing-8 >> "User-Agent: Apache-HttpClient/4.5.14 (Java/17.0.9)[\r][\n]"
16:12:04.685 [main] DEBUG org.apache.http.wire -- http-outgoing-8 >> "Accept-Encoding: gzip,deflate[\r][\n]"
16:12:04.685 [main] DEBUG org.apache.http.wire -- http-outgoing-8 >> "[\r][\n]"
16:12:04.685 [main] DEBUG org.apache.http.wire -- http-outgoing-8 >> "{"email":"testit@gmail.com","password":"Password123"}"
16:12:04.958 [main] DEBUG org.apache.http.wire -- http-outgoing-8 << "HTTP/1.1 200 OK[\r][\n]"
16:12:04.958 [main] DEBUG org.apache.http.wire -- http-outgoing-8 << "X-Powered-By: Express[\r][\n]"
16:12:04.958 [main] DEBUG org.apache.http.wire -- http-outgoing-8 << "Access-Control-Allow-Origin: *[\r][\n]"
16:12:04.958 [main] DEBUG org.apache.http.wire -- http-outgoing-8 << "Content-Type: application/json; charset=utf-8[\r][\n]"
16:12:04.958 [main] DEBUG org.apache.http.wire -- http-outgoing-8 << "Content-Length: 604[\r][\n]"
16:12:04.958 [main] DEBUG org.apache.http.wire -- http-outgoing-8 << "ETag: W/"25c-pcnuWpHFuazZB30glRN1BlOdhVo"[\r][\n]"
16:12:04.958 [main] DEBUG org.apache.http.wire -- http-outgoing-8 << "Date: Tue, 24 Jun 2025 09:12:04 GMT[\r][\n]"
16:12:04.958 [main] DEBUG org.apache.http.wire -- http-outgoing-8 << "Connection: keep-alive[\r][\n]"
16:12:04.958 [main] DEBUG org.apache.http.wire -- http-outgoing-8 << "Keep-Alive: timeout=5[\r][\n]"
16:12:04.958 [main] DEBUG org.apache.http.wire -- http-outgoing-8 << "[\r][\n]"
16:12:04.958 [main] DEBUG org.apache.http.wire -- http-outgoing-8 << "{"access_token":"eyJhbGciOiJIUzI1NiIsInR5cCI6IkpXVCJ9.eyJzdWIiOiJkZjZmMDkxOS1hMjNkLTQ0YzktYTkyNS00ZWE4YmU1MjVkMTAiLCJ1c2VybmFtZSI6ImpvaG5kb2UyMyIsInJvbGUiOjAsImlhdCI6MTc1MDc1NjMyNCwiZXhwIjoxNzUwNzU5OTI0fQ.n8BnBtQdHCfYq2cc8MjkktwSEjk8SmUEBOkiqgYCuB0","refresh_token":"813b854e4bb2f742067915eb40e9e222a2f27191b8059d43332d38c30ead3309","user":{"id":"df6f0919-a23d-44c9-a925-4ea8be525d10","email":"testit@gmail.com","username":"johndoe23","name":"John Doe","phoneNumber":"0123456788","profilePic":null,"bio":null,"private":false,"verified":false,"role":0,"followersCount":0,"followingCount":0,"postCount":0}}"
16:12:04.958 [main] DEBUG org.apache.http.headers -- http-outgoing-8 << HTTP/1.1 200 OK
16:12:04.958 [main] DEBUG org.apache.http.headers -- http-outgoing-8 << X-Powered-By: Express
16:12:04.958 [main] DEBUG org.apache.http.headers -- http-outgoing-8 << Access-Control-Allow-Origin: *
16:12:04.958 [main] DEBUG org.apache.http.headers -- http-outgoing-8 << Content-Type: application/json; charset=utf-8
16:12:04.958 [main] DEBUG org.apache.http.headers -- http-outgoing-8 << Content-Length: 604
16:12:04.958 [main] DEBUG org.apache.http.headers -- http-outgoing-8 << ETag: W/"25c-pcnuWpHFuazZB30glRN1BlOdhVo"
16:12:04.958 [main] DEBUG org.apache.http.headers -- http-outgoing-8 << Date: Tue, 24 Jun 2025 09:12:04 GMT
16:12:04.958 [main] DEBUG org.apache.http.headers -- http-outgoing-8 << Connection: keep-alive
16:12:04.958 [main] DEBUG org.apache.http.headers -- http-outgoing-8 << Keep-Alive: timeout=5
16:12:04.959 [main] DEBUG org.apache.http.impl.execchain.MainClientExec -- Connection can be kept alive for 5000 MILLISECONDS
16:12:04.959 [main] DEBUG org.apache.http.impl.conn.PoolingHttpClientConnectionManager -- Connection [id: 8][route: {}->http://localhost:3000] can be kept alive for 5.0 seconds
16:12:04.959 [main] DEBUG org.apache.http.impl.conn.DefaultManagedHttpClientConnection -- http-outgoing-8: set socket timeout to 0
16:12:04.959 [main] DEBUG org.apache.http.impl.conn.PoolingHttpClientConnectionManager -- Connection released: [id: 8][route: {}->http://localhost:3000][total available: 1; route allocated: 1 of 5; total allocated: 1 of 10]
16:12:04.959 [main] DEBUG org.apache.http.impl.conn.PoolingHttpClientConnectionManager -- Connection manager is shutting down
16:12:04.959 [main] DEBUG org.apache.http.impl.conn.DefaultManagedHttpClientConnection -- http-outgoing-8: Close connection
16:12:04.959 [main] DEBUG org.apache.http.impl.conn.PoolingHttpClientConnectionManager -- Connection manager shut down
16:12:04.959 [main] DEBUG com.intuit.karate -- response time in milliseconds: 275
1 < 200
1 < X-Powered-By: Express
1 < Access-Control-Allow-Origin: *
1 < Content-Type: application/json; charset=utf-8
1 < Content-Length: 604
1 < ETag: W/"25c-pcnuWpHFuazZB30glRN1BlOdhVo"
1 < Date: Tue, 24 Jun 2025 09:12:04 GMT
1 < Connection: keep-alive
1 < Keep-Alive: timeout=5
{"access_token":"eyJhbGciOiJIUzI1NiIsInR5cCI6IkpXVCJ9.eyJzdWIiOiJkZjZmMDkxOS1hMjNkLTQ0YzktYTkyNS00ZWE4YmU1MjVkMTAiLCJ1c2VybmFtZSI6ImpvaG5kb2UyMyIsInJvbGUiOjAsImlhdCI6MTc1MDc1NjMyNCwiZXhwIjoxNzUwNzU5OTI0fQ.n8BnBtQdHCfYq2cc8MjkktwSEjk8SmUEBOkiqgYCuB0","refresh_token":"813b854e4bb2f742067915eb40e9e222a2f27191b8059d43332d38c30ead3309","user":{"id":"df6f0919-a23d-44c9-a925-4ea8be525d10","email":"testit@gmail.com","username":"johndoe23","name":"John Doe","phoneNumber":"0123456788","profilePic":null,"bio":null,"private":false,"verified":false,"role":0,"followersCount":0,"followingCount":0,"postCount":0}}

16:12:04.960 [main] INFO com.intuit.karate -- [print] *** AFTER API CALL *** Status: 200 
16:12:04.961 [main] INFO com.intuit.karate -- [print] ### API CALL COMPLETED ### Email: testit@gmail.com Status: 200 
16:12:04.962 [main] INFO com.intuit.karate -- [print] ### RESPONSE BODY ### {
  "access_token": "eyJhbGciOiJIUzI1NiIsInR5cCI6IkpXVCJ9.eyJzdWIiOiJkZjZmMDkxOS1hMjNkLTQ0YzktYTkyNS00ZWE4YmU1MjVkMTAiLCJ1c2VybmFtZSI6ImpvaG5kb2UyMyIsInJvbGUiOjAsImlhdCI6MTc1MDc1NjMyNCwiZXhwIjoxNzUwNzU5OTI0fQ.n8BnBtQdHCfYq2cc8MjkktwSEjk8SmUEBOkiqgYCuB0",
  "refresh_token": "813b854e4bb2f742067915eb40e9e222a2f27191b8059d43332d38c30ead3309",
  "user": {
    "id": "df6f0919-a23d-44c9-a925-4ea8be525d10",
    "email": "testit@gmail.com",
    "username": "johndoe23",
    "name": "John Doe",
    "phoneNumber": "0123456788",
    "profilePic": null,
    "bio": null,
    "private": false,
    "verified": false,
    "role": 0,
    "followersCount": 0,
    "followingCount": 0,
    "postCount": 0
  }
}
 
16:12:04.963 [main] INFO com.intuit.karate -- Request #9 completed - Status: 200 Time: 288ms 
16:12:04.964 [main] INFO com.intuit.karate -- *** SEQUENTIAL REQUEST #10 *** 
16:12:04.964 [main] INFO com.intuit.karate -- User: testit2@gmail.com 
16:12:04.970 [main] INFO com.intuit.karate -- [print] *** BEFORE API CALL *** Email: testit2@gmail.com URL: http://localhost:3000/auth/login 
16:12:04.971 [main] DEBUG com.jayway.jsonpath.internal.path.CompiledPath -- Evaluating path: $
16:12:04.971 [main] INFO com.intuit.karate -- [print] *** SENDING REQUEST *** Body: {
  "email": "#(email)",
  "password": "#(password)"
}
 
16:12:04.973 [main] DEBUG org.apache.http.client.protocol.RequestAddCookies -- CookieSpec selected: karate
16:12:04.973 [main] DEBUG org.apache.http.client.protocol.RequestAuthCache -- Auth cache not set in the context
16:12:04.973 [main] DEBUG com.intuit.karate -- request:
1 > POST http://localhost:3000/auth/login
1 > Content-Type: application/json; charset=UTF-8
1 > Content-Length: 54
1 > Host: localhost:3000
1 > Connection: Keep-Alive
1 > User-Agent: Apache-HttpClient/4.5.14 (Java/17.0.9)
1 > Accept-Encoding: gzip,deflate
{"email":"testit2@gmail.com","password":"Password123"}

16:12:04.973 [main] DEBUG org.apache.http.impl.conn.PoolingHttpClientConnectionManager -- Connection request: [route: {}->http://localhost:3000][total available: 0; route allocated: 0 of 5; total allocated: 0 of 10]
16:12:04.973 [main] DEBUG org.apache.http.impl.conn.PoolingHttpClientConnectionManager -- Connection leased: [id: 9][route: {}->http://localhost:3000][total available: 0; route allocated: 1 of 5; total allocated: 1 of 10]
16:12:04.973 [main] DEBUG org.apache.http.impl.execchain.MainClientExec -- Opening connection {}->http://localhost:3000
16:12:04.973 [main] DEBUG org.apache.http.impl.conn.DefaultHttpClientConnectionOperator -- Connecting to localhost/127.0.0.1:3000
16:12:04.974 [main] DEBUG org.apache.http.impl.conn.DefaultHttpClientConnectionOperator -- Connection established 127.0.0.1:51053<->127.0.0.1:3000
16:12:04.974 [main] DEBUG org.apache.http.impl.conn.DefaultManagedHttpClientConnection -- http-outgoing-9: set socket timeout to 30000
16:12:04.974 [main] DEBUG org.apache.http.impl.execchain.MainClientExec -- Executing request POST /auth/login HTTP/1.1
16:12:04.974 [main] DEBUG org.apache.http.impl.execchain.MainClientExec -- Target auth state: UNCHALLENGED
16:12:04.974 [main] DEBUG org.apache.http.impl.execchain.MainClientExec -- Proxy auth state: UNCHALLENGED
16:12:04.974 [main] DEBUG org.apache.http.headers -- http-outgoing-9 >> POST /auth/login HTTP/1.1
16:12:04.974 [main] DEBUG org.apache.http.headers -- http-outgoing-9 >> Content-Type: application/json; charset=UTF-8
16:12:04.974 [main] DEBUG org.apache.http.headers -- http-outgoing-9 >> Content-Length: 54
16:12:04.974 [main] DEBUG org.apache.http.headers -- http-outgoing-9 >> Host: localhost:3000
16:12:04.974 [main] DEBUG org.apache.http.headers -- http-outgoing-9 >> Connection: Keep-Alive
16:12:04.974 [main] DEBUG org.apache.http.headers -- http-outgoing-9 >> User-Agent: Apache-HttpClient/4.5.14 (Java/17.0.9)
16:12:04.974 [main] DEBUG org.apache.http.headers -- http-outgoing-9 >> Accept-Encoding: gzip,deflate
16:12:04.974 [main] DEBUG org.apache.http.wire -- http-outgoing-9 >> "POST /auth/login HTTP/1.1[\r][\n]"
16:12:04.974 [main] DEBUG org.apache.http.wire -- http-outgoing-9 >> "Content-Type: application/json; charset=UTF-8[\r][\n]"
16:12:04.974 [main] DEBUG org.apache.http.wire -- http-outgoing-9 >> "Content-Length: 54[\r][\n]"
16:12:04.974 [main] DEBUG org.apache.http.wire -- http-outgoing-9 >> "Host: localhost:3000[\r][\n]"
16:12:04.974 [main] DEBUG org.apache.http.wire -- http-outgoing-9 >> "Connection: Keep-Alive[\r][\n]"
16:12:04.974 [main] DEBUG org.apache.http.wire -- http-outgoing-9 >> "User-Agent: Apache-HttpClient/4.5.14 (Java/17.0.9)[\r][\n]"
16:12:04.974 [main] DEBUG org.apache.http.wire -- http-outgoing-9 >> "Accept-Encoding: gzip,deflate[\r][\n]"
16:12:04.974 [main] DEBUG org.apache.http.wire -- http-outgoing-9 >> "[\r][\n]"
16:12:04.974 [main] DEBUG org.apache.http.wire -- http-outgoing-9 >> "{"email":"testit2@gmail.com","password":"Password123"}"
16:12:05.261 [main] DEBUG org.apache.http.wire -- http-outgoing-9 << "HTTP/1.1 200 OK[\r][\n]"
16:12:05.261 [main] DEBUG org.apache.http.wire -- http-outgoing-9 << "X-Powered-By: Express[\r][\n]"
16:12:05.262 [main] DEBUG org.apache.http.wire -- http-outgoing-9 << "Access-Control-Allow-Origin: *[\r][\n]"
16:12:05.262 [main] DEBUG org.apache.http.wire -- http-outgoing-9 << "Content-Type: application/json; charset=utf-8[\r][\n]"
16:12:05.262 [main] DEBUG org.apache.http.wire -- http-outgoing-9 << "Content-Length: 605[\r][\n]"
16:12:05.262 [main] DEBUG org.apache.http.wire -- http-outgoing-9 << "ETag: W/"25d-zi8nRsni/iRpHSmo+oGZruqRp9w"[\r][\n]"
16:12:05.262 [main] DEBUG org.apache.http.wire -- http-outgoing-9 << "Date: Tue, 24 Jun 2025 09:12:05 GMT[\r][\n]"
16:12:05.262 [main] DEBUG org.apache.http.wire -- http-outgoing-9 << "Connection: keep-alive[\r][\n]"
16:12:05.262 [main] DEBUG org.apache.http.wire -- http-outgoing-9 << "Keep-Alive: timeout=5[\r][\n]"
16:12:05.262 [main] DEBUG org.apache.http.wire -- http-outgoing-9 << "[\r][\n]"
16:12:05.262 [main] DEBUG org.apache.http.wire -- http-outgoing-9 << "{"access_token":"eyJhbGciOiJIUzI1NiIsInR5cCI6IkpXVCJ9.eyJzdWIiOiIwYTM3ZWY0My1mZWU4LTQxZDMtYTY4Ni04YWIwODY5NDg2OTUiLCJ1c2VybmFtZSI6ImpvaG5kb2UyMSIsInJvbGUiOjAsImlhdCI6MTc1MDc1NjMyNSwiZXhwIjoxNzUwNzU5OTI1fQ.DnOloP1eEnPaBTR33nEyHB8KykqHb9DYmMS7F9mmIsw","refresh_token":"b87bd7df319b2420ee269403fb90135bdda36f6a1b6def85770920c9346dfafc","user":{"id":"0a37ef43-fee8-41d3-a686-8ab086948695","email":"testit2@gmail.com","username":"johndoe21","name":"John Doe","phoneNumber":"0123456712","profilePic":null,"bio":null,"private":false,"verified":false,"role":0,"followersCount":0,"followingCount":0,"postCount":0}}"
16:12:05.262 [main] DEBUG org.apache.http.headers -- http-outgoing-9 << HTTP/1.1 200 OK
16:12:05.262 [main] DEBUG org.apache.http.headers -- http-outgoing-9 << X-Powered-By: Express
16:12:05.262 [main] DEBUG org.apache.http.headers -- http-outgoing-9 << Access-Control-Allow-Origin: *
16:12:05.262 [main] DEBUG org.apache.http.headers -- http-outgoing-9 << Content-Type: application/json; charset=utf-8
16:12:05.262 [main] DEBUG org.apache.http.headers -- http-outgoing-9 << Content-Length: 605
16:12:05.262 [main] DEBUG org.apache.http.headers -- http-outgoing-9 << ETag: W/"25d-zi8nRsni/iRpHSmo+oGZruqRp9w"
16:12:05.262 [main] DEBUG org.apache.http.headers -- http-outgoing-9 << Date: Tue, 24 Jun 2025 09:12:05 GMT
16:12:05.262 [main] DEBUG org.apache.http.headers -- http-outgoing-9 << Connection: keep-alive
16:12:05.262 [main] DEBUG org.apache.http.headers -- http-outgoing-9 << Keep-Alive: timeout=5
16:12:05.262 [main] DEBUG org.apache.http.impl.execchain.MainClientExec -- Connection can be kept alive for 5000 MILLISECONDS
16:12:05.262 [main] DEBUG org.apache.http.impl.conn.PoolingHttpClientConnectionManager -- Connection [id: 9][route: {}->http://localhost:3000] can be kept alive for 5.0 seconds
16:12:05.262 [main] DEBUG org.apache.http.impl.conn.DefaultManagedHttpClientConnection -- http-outgoing-9: set socket timeout to 0
16:12:05.262 [main] DEBUG org.apache.http.impl.conn.PoolingHttpClientConnectionManager -- Connection released: [id: 9][route: {}->http://localhost:3000][total available: 1; route allocated: 1 of 5; total allocated: 1 of 10]
16:12:05.262 [main] DEBUG org.apache.http.impl.conn.PoolingHttpClientConnectionManager -- Connection manager is shutting down
16:12:05.262 [main] DEBUG org.apache.http.impl.conn.DefaultManagedHttpClientConnection -- http-outgoing-9: Close connection
16:12:05.263 [main] DEBUG org.apache.http.impl.conn.PoolingHttpClientConnectionManager -- Connection manager shut down
16:12:05.263 [main] DEBUG com.intuit.karate -- response time in milliseconds: 289
1 < 200
1 < X-Powered-By: Express
1 < Access-Control-Allow-Origin: *
1 < Content-Type: application/json; charset=utf-8
1 < Content-Length: 605
1 < ETag: W/"25d-zi8nRsni/iRpHSmo+oGZruqRp9w"
1 < Date: Tue, 24 Jun 2025 09:12:05 GMT
1 < Connection: keep-alive
1 < Keep-Alive: timeout=5
{"access_token":"eyJhbGciOiJIUzI1NiIsInR5cCI6IkpXVCJ9.eyJzdWIiOiIwYTM3ZWY0My1mZWU4LTQxZDMtYTY4Ni04YWIwODY5NDg2OTUiLCJ1c2VybmFtZSI6ImpvaG5kb2UyMSIsInJvbGUiOjAsImlhdCI6MTc1MDc1NjMyNSwiZXhwIjoxNzUwNzU5OTI1fQ.DnOloP1eEnPaBTR33nEyHB8KykqHb9DYmMS7F9mmIsw","refresh_token":"b87bd7df319b2420ee269403fb90135bdda36f6a1b6def85770920c9346dfafc","user":{"id":"0a37ef43-fee8-41d3-a686-8ab086948695","email":"testit2@gmail.com","username":"johndoe21","name":"John Doe","phoneNumber":"0123456712","profilePic":null,"bio":null,"private":false,"verified":false,"role":0,"followersCount":0,"followingCount":0,"postCount":0}}

16:12:05.264 [main] INFO com.intuit.karate -- [print] *** AFTER API CALL *** Status: 200 
16:12:05.265 [main] INFO com.intuit.karate -- [print] ### API CALL COMPLETED ### Email: testit2@gmail.com Status: 200 
16:12:05.266 [main] INFO com.intuit.karate -- [print] ### RESPONSE BODY ### {
  "access_token": "eyJhbGciOiJIUzI1NiIsInR5cCI6IkpXVCJ9.eyJzdWIiOiIwYTM3ZWY0My1mZWU4LTQxZDMtYTY4Ni04YWIwODY5NDg2OTUiLCJ1c2VybmFtZSI6ImpvaG5kb2UyMSIsInJvbGUiOjAsImlhdCI6MTc1MDc1NjMyNSwiZXhwIjoxNzUwNzU5OTI1fQ.DnOloP1eEnPaBTR33nEyHB8KykqHb9DYmMS7F9mmIsw",
  "refresh_token": "b87bd7df319b2420ee269403fb90135bdda36f6a1b6def85770920c9346dfafc",
  "user": {
    "id": "0a37ef43-fee8-41d3-a686-8ab086948695",
    "email": "testit2@gmail.com",
    "username": "johndoe21",
    "name": "John Doe",
    "phoneNumber": "0123456712",
    "profilePic": null,
    "bio": null,
    "private": false,
    "verified": false,
    "role": 0,
    "followersCount": 0,
    "followingCount": 0,
    "postCount": 0
  }
}
 
16:12:05.267 [main] INFO com.intuit.karate -- Request #10 completed - Status: 200 Time: 303ms 
16:12:05.268 [main] INFO com.intuit.karate -- *** SEQUENTIAL REQUEST #11 *** 
16:12:05.268 [main] INFO com.intuit.karate -- User: nam@gmail.com 
16:12:05.275 [main] INFO com.intuit.karate -- [print] *** BEFORE API CALL *** Email: nam@gmail.com URL: http://localhost:3000/auth/login 
16:12:05.276 [main] DEBUG com.jayway.jsonpath.internal.path.CompiledPath -- Evaluating path: $
16:12:05.276 [main] INFO com.intuit.karate -- [print] *** SENDING REQUEST *** Body: {
  "email": "#(email)",
  "password": "#(password)"
}
 
16:12:05.278 [main] DEBUG org.apache.http.client.protocol.RequestAddCookies -- CookieSpec selected: karate
16:12:05.278 [main] DEBUG org.apache.http.client.protocol.RequestAuthCache -- Auth cache not set in the context
16:12:05.278 [main] DEBUG com.intuit.karate -- request:
1 > POST http://localhost:3000/auth/login
1 > Content-Type: application/json; charset=UTF-8
1 > Content-Length: 45
1 > Host: localhost:3000
1 > Connection: Keep-Alive
1 > User-Agent: Apache-HttpClient/4.5.14 (Java/17.0.9)
1 > Accept-Encoding: gzip,deflate
{"email":"nam@gmail.com","password":"123456"}

16:12:05.278 [main] DEBUG org.apache.http.impl.conn.PoolingHttpClientConnectionManager -- Connection request: [route: {}->http://localhost:3000][total available: 0; route allocated: 0 of 5; total allocated: 0 of 10]
16:12:05.279 [main] DEBUG org.apache.http.impl.conn.PoolingHttpClientConnectionManager -- Connection leased: [id: 10][route: {}->http://localhost:3000][total available: 0; route allocated: 1 of 5; total allocated: 1 of 10]
16:12:05.279 [main] DEBUG org.apache.http.impl.execchain.MainClientExec -- Opening connection {}->http://localhost:3000
16:12:05.279 [main] DEBUG org.apache.http.impl.conn.DefaultHttpClientConnectionOperator -- Connecting to localhost/127.0.0.1:3000
16:12:05.279 [main] DEBUG org.apache.http.impl.conn.DefaultHttpClientConnectionOperator -- Connection established 127.0.0.1:51054<->127.0.0.1:3000
16:12:05.279 [main] DEBUG org.apache.http.impl.conn.DefaultManagedHttpClientConnection -- http-outgoing-10: set socket timeout to 30000
16:12:05.279 [main] DEBUG org.apache.http.impl.execchain.MainClientExec -- Executing request POST /auth/login HTTP/1.1
16:12:05.279 [main] DEBUG org.apache.http.impl.execchain.MainClientExec -- Target auth state: UNCHALLENGED
16:12:05.280 [main] DEBUG org.apache.http.impl.execchain.MainClientExec -- Proxy auth state: UNCHALLENGED
16:12:05.280 [main] DEBUG org.apache.http.headers -- http-outgoing-10 >> POST /auth/login HTTP/1.1
16:12:05.280 [main] DEBUG org.apache.http.headers -- http-outgoing-10 >> Content-Type: application/json; charset=UTF-8
16:12:05.280 [main] DEBUG org.apache.http.headers -- http-outgoing-10 >> Content-Length: 45
16:12:05.280 [main] DEBUG org.apache.http.headers -- http-outgoing-10 >> Host: localhost:3000
16:12:05.280 [main] DEBUG org.apache.http.headers -- http-outgoing-10 >> Connection: Keep-Alive
16:12:05.280 [main] DEBUG org.apache.http.headers -- http-outgoing-10 >> User-Agent: Apache-HttpClient/4.5.14 (Java/17.0.9)
16:12:05.280 [main] DEBUG org.apache.http.headers -- http-outgoing-10 >> Accept-Encoding: gzip,deflate
16:12:05.280 [main] DEBUG org.apache.http.wire -- http-outgoing-10 >> "POST /auth/login HTTP/1.1[\r][\n]"
16:12:05.280 [main] DEBUG org.apache.http.wire -- http-outgoing-10 >> "Content-Type: application/json; charset=UTF-8[\r][\n]"
16:12:05.280 [main] DEBUG org.apache.http.wire -- http-outgoing-10 >> "Content-Length: 45[\r][\n]"
16:12:05.280 [main] DEBUG org.apache.http.wire -- http-outgoing-10 >> "Host: localhost:3000[\r][\n]"
16:12:05.280 [main] DEBUG org.apache.http.wire -- http-outgoing-10 >> "Connection: Keep-Alive[\r][\n]"
16:12:05.280 [main] DEBUG org.apache.http.wire -- http-outgoing-10 >> "User-Agent: Apache-HttpClient/4.5.14 (Java/17.0.9)[\r][\n]"
16:12:05.280 [main] DEBUG org.apache.http.wire -- http-outgoing-10 >> "Accept-Encoding: gzip,deflate[\r][\n]"
16:12:05.280 [main] DEBUG org.apache.http.wire -- http-outgoing-10 >> "[\r][\n]"
16:12:05.280 [main] DEBUG org.apache.http.wire -- http-outgoing-10 >> "{"email":"nam@gmail.com","password":"123456"}"
16:12:05.567 [main] DEBUG org.apache.http.wire -- http-outgoing-10 << "HTTP/1.1 200 OK[\r][\n]"
16:12:05.567 [main] DEBUG org.apache.http.wire -- http-outgoing-10 << "X-Powered-By: Express[\r][\n]"
16:12:05.567 [main] DEBUG org.apache.http.wire -- http-outgoing-10 << "Access-Control-Allow-Origin: *[\r][\n]"
16:12:05.567 [main] DEBUG org.apache.http.wire -- http-outgoing-10 << "Content-Type: application/json; charset=utf-8[\r][\n]"
16:12:05.567 [main] DEBUG org.apache.http.wire -- http-outgoing-10 << "Content-Length: 708[\r][\n]"
16:12:05.567 [main] DEBUG org.apache.http.wire -- http-outgoing-10 << "ETag: W/"2c4-G+ZEx5KhgZGZgZSEQ+hqfOPG3dE"[\r][\n]"
16:12:05.567 [main] DEBUG org.apache.http.wire -- http-outgoing-10 << "Date: Tue, 24 Jun 2025 09:12:05 GMT[\r][\n]"
16:12:05.567 [main] DEBUG org.apache.http.wire -- http-outgoing-10 << "Connection: keep-alive[\r][\n]"
16:12:05.567 [main] DEBUG org.apache.http.wire -- http-outgoing-10 << "Keep-Alive: timeout=5[\r][\n]"
16:12:05.567 [main] DEBUG org.apache.http.wire -- http-outgoing-10 << "[\r][\n]"
16:12:05.567 [main] DEBUG org.apache.http.wire -- http-outgoing-10 << "{"access_token":"eyJhbGciOiJIUzI1NiIsInR5cCI6IkpXVCJ9.eyJzdWIiOiIwODUxNWIwNS0yZDNlLTQ3ODktYWQ2MC1kYjM1NTI1YTQ5NzAiLCJ1c2VybmFtZSI6Im5hbSIsInJvbGUiOjAsImlhdCI6MTc1MDc1NjMyNSwiZXhwIjoxNzUwNzU5OTI1fQ.0rBRwRIWUO45zkX1BwDSPcfU7dCvQJ2FYZ3-AtOqz9U","refresh_token":"ac307c96b0b678f8ce3f67044f7a606a06e2f7c4447292be1a2b35a70efaa054","user":{"id":"08515b05-2d3e-4789-ad60-db35525a4970","email":"nam@gmail.com","username":"nam","name":"nam","phoneNumber":"0123456789","profilePic":"https://res.cloudinary.com/dizcvrefo/image/upload/v1749266646/nestjs_uploads/zk9zrpeidnovxibfqdxr.png","bio":"Chu tich hoi dong Quan tri 1","private":false,"verified":false,"role":0,"followersCount":2,"followingCount":5,"postCount":13}}"
16:12:05.567 [main] DEBUG org.apache.http.headers -- http-outgoing-10 << HTTP/1.1 200 OK
16:12:05.567 [main] DEBUG org.apache.http.headers -- http-outgoing-10 << X-Powered-By: Express
16:12:05.567 [main] DEBUG org.apache.http.headers -- http-outgoing-10 << Access-Control-Allow-Origin: *
16:12:05.567 [main] DEBUG org.apache.http.headers -- http-outgoing-10 << Content-Type: application/json; charset=utf-8
16:12:05.567 [main] DEBUG org.apache.http.headers -- http-outgoing-10 << Content-Length: 708
16:12:05.567 [main] DEBUG org.apache.http.headers -- http-outgoing-10 << ETag: W/"2c4-G+ZEx5KhgZGZgZSEQ+hqfOPG3dE"
16:12:05.567 [main] DEBUG org.apache.http.headers -- http-outgoing-10 << Date: Tue, 24 Jun 2025 09:12:05 GMT
16:12:05.567 [main] DEBUG org.apache.http.headers -- http-outgoing-10 << Connection: keep-alive
16:12:05.567 [main] DEBUG org.apache.http.headers -- http-outgoing-10 << Keep-Alive: timeout=5
16:12:05.567 [main] DEBUG org.apache.http.impl.execchain.MainClientExec -- Connection can be kept alive for 5000 MILLISECONDS
16:12:05.568 [main] DEBUG org.apache.http.impl.conn.PoolingHttpClientConnectionManager -- Connection [id: 10][route: {}->http://localhost:3000] can be kept alive for 5.0 seconds
16:12:05.568 [main] DEBUG org.apache.http.impl.conn.DefaultManagedHttpClientConnection -- http-outgoing-10: set socket timeout to 0
16:12:05.568 [main] DEBUG org.apache.http.impl.conn.PoolingHttpClientConnectionManager -- Connection released: [id: 10][route: {}->http://localhost:3000][total available: 1; route allocated: 1 of 5; total allocated: 1 of 10]
16:12:05.568 [main] DEBUG org.apache.http.impl.conn.PoolingHttpClientConnectionManager -- Connection manager is shutting down
16:12:05.568 [main] DEBUG org.apache.http.impl.conn.DefaultManagedHttpClientConnection -- http-outgoing-10: Close connection
16:12:05.568 [main] DEBUG org.apache.http.impl.conn.PoolingHttpClientConnectionManager -- Connection manager shut down
16:12:05.568 [main] DEBUG com.intuit.karate -- response time in milliseconds: 290
1 < 200
1 < X-Powered-By: Express
1 < Access-Control-Allow-Origin: *
1 < Content-Type: application/json; charset=utf-8
1 < Content-Length: 708
1 < ETag: W/"2c4-G+ZEx5KhgZGZgZSEQ+hqfOPG3dE"
1 < Date: Tue, 24 Jun 2025 09:12:05 GMT
1 < Connection: keep-alive
1 < Keep-Alive: timeout=5
{"access_token":"eyJhbGciOiJIUzI1NiIsInR5cCI6IkpXVCJ9.eyJzdWIiOiIwODUxNWIwNS0yZDNlLTQ3ODktYWQ2MC1kYjM1NTI1YTQ5NzAiLCJ1c2VybmFtZSI6Im5hbSIsInJvbGUiOjAsImlhdCI6MTc1MDc1NjMyNSwiZXhwIjoxNzUwNzU5OTI1fQ.0rBRwRIWUO45zkX1BwDSPcfU7dCvQJ2FYZ3-AtOqz9U","refresh_token":"ac307c96b0b678f8ce3f67044f7a606a06e2f7c4447292be1a2b35a70efaa054","user":{"id":"08515b05-2d3e-4789-ad60-db35525a4970","email":"nam@gmail.com","username":"nam","name":"nam","phoneNumber":"0123456789","profilePic":"https://res.cloudinary.com/dizcvrefo/image/upload/v1749266646/nestjs_uploads/zk9zrpeidnovxibfqdxr.png","bio":"Chu tich hoi dong Quan tri 1","private":false,"verified":false,"role":0,"followersCount":2,"followingCount":5,"postCount":13}}

16:12:05.569 [main] INFO com.intuit.karate -- [print] *** AFTER API CALL *** Status: 200 
16:12:05.570 [main] INFO com.intuit.karate -- [print] ### API CALL COMPLETED ### Email: nam@gmail.com Status: 200 
16:12:05.571 [main] INFO com.intuit.karate -- [print] ### RESPONSE BODY ### {
  "access_token": "eyJhbGciOiJIUzI1NiIsInR5cCI6IkpXVCJ9.eyJzdWIiOiIwODUxNWIwNS0yZDNlLTQ3ODktYWQ2MC1kYjM1NTI1YTQ5NzAiLCJ1c2VybmFtZSI6Im5hbSIsInJvbGUiOjAsImlhdCI6MTc1MDc1NjMyNSwiZXhwIjoxNzUwNzU5OTI1fQ.0rBRwRIWUO45zkX1BwDSPcfU7dCvQJ2FYZ3-AtOqz9U",
  "refresh_token": "ac307c96b0b678f8ce3f67044f7a606a06e2f7c4447292be1a2b35a70efaa054",
  "user": {
    "id": "08515b05-2d3e-4789-ad60-db35525a4970",
    "email": "nam@gmail.com",
    "username": "nam",
    "name": "nam",
    "phoneNumber": "0123456789",
    "profilePic": "https://res.cloudinary.com/dizcvrefo/image/upload/v1749266646/nestjs_uploads/zk9zrpeidnovxibfqdxr.png",
    "bio": "Chu tich hoi dong Quan tri 1",
    "private": false,
    "verified": false,
    "role": 0,
    "followersCount": 2,
    "followingCount": 5,
    "postCount": 13
  }
}
 
16:12:05.572 [main] INFO com.intuit.karate -- Request #11 completed - Status: 200 Time: 304ms 
16:12:05.573 [main] INFO com.intuit.karate -- *** SEQUENTIAL REQUEST #12 *** 
16:12:05.573 [main] INFO com.intuit.karate -- User: quang1@gmail.com 
16:12:05.579 [main] INFO com.intuit.karate -- [print] *** BEFORE API CALL *** Email: quang1@gmail.com URL: http://localhost:3000/auth/login 
16:12:05.579 [main] DEBUG com.jayway.jsonpath.internal.path.CompiledPath -- Evaluating path: $
16:12:05.580 [main] INFO com.intuit.karate -- [print] *** SENDING REQUEST *** Body: {
  "email": "#(email)",
  "password": "#(password)"
}
 
16:12:05.583 [main] DEBUG org.apache.http.client.protocol.RequestAddCookies -- CookieSpec selected: karate
16:12:05.583 [main] DEBUG org.apache.http.client.protocol.RequestAuthCache -- Auth cache not set in the context
16:12:05.583 [main] DEBUG com.intuit.karate -- request:
1 > POST http://localhost:3000/auth/login
1 > Content-Type: application/json; charset=UTF-8
1 > Content-Length: 48
1 > Host: localhost:3000
1 > Connection: Keep-Alive
1 > User-Agent: Apache-HttpClient/4.5.14 (Java/17.0.9)
1 > Accept-Encoding: gzip,deflate
{"email":"quang1@gmail.com","password":"quang1"}

16:12:05.583 [main] DEBUG org.apache.http.impl.conn.PoolingHttpClientConnectionManager -- Connection request: [route: {}->http://localhost:3000][total available: 0; route allocated: 0 of 5; total allocated: 0 of 10]
16:12:05.583 [main] DEBUG org.apache.http.impl.conn.PoolingHttpClientConnectionManager -- Connection leased: [id: 11][route: {}->http://localhost:3000][total available: 0; route allocated: 1 of 5; total allocated: 1 of 10]
16:12:05.583 [main] DEBUG org.apache.http.impl.execchain.MainClientExec -- Opening connection {}->http://localhost:3000
16:12:05.584 [main] DEBUG org.apache.http.impl.conn.DefaultHttpClientConnectionOperator -- Connecting to localhost/127.0.0.1:3000
16:12:05.584 [main] DEBUG org.apache.http.impl.conn.DefaultHttpClientConnectionOperator -- Connection established 127.0.0.1:51055<->127.0.0.1:3000
16:12:05.584 [main] DEBUG org.apache.http.impl.conn.DefaultManagedHttpClientConnection -- http-outgoing-11: set socket timeout to 30000
16:12:05.584 [main] DEBUG org.apache.http.impl.execchain.MainClientExec -- Executing request POST /auth/login HTTP/1.1
16:12:05.584 [main] DEBUG org.apache.http.impl.execchain.MainClientExec -- Target auth state: UNCHALLENGED
16:12:05.584 [main] DEBUG org.apache.http.impl.execchain.MainClientExec -- Proxy auth state: UNCHALLENGED
16:12:05.584 [main] DEBUG org.apache.http.headers -- http-outgoing-11 >> POST /auth/login HTTP/1.1
16:12:05.585 [main] DEBUG org.apache.http.headers -- http-outgoing-11 >> Content-Type: application/json; charset=UTF-8
16:12:05.585 [main] DEBUG org.apache.http.headers -- http-outgoing-11 >> Content-Length: 48
16:12:05.585 [main] DEBUG org.apache.http.headers -- http-outgoing-11 >> Host: localhost:3000
16:12:05.585 [main] DEBUG org.apache.http.headers -- http-outgoing-11 >> Connection: Keep-Alive
16:12:05.585 [main] DEBUG org.apache.http.headers -- http-outgoing-11 >> User-Agent: Apache-HttpClient/4.5.14 (Java/17.0.9)
16:12:05.585 [main] DEBUG org.apache.http.headers -- http-outgoing-11 >> Accept-Encoding: gzip,deflate
16:12:05.585 [main] DEBUG org.apache.http.wire -- http-outgoing-11 >> "POST /auth/login HTTP/1.1[\r][\n]"
16:12:05.585 [main] DEBUG org.apache.http.wire -- http-outgoing-11 >> "Content-Type: application/json; charset=UTF-8[\r][\n]"
16:12:05.585 [main] DEBUG org.apache.http.wire -- http-outgoing-11 >> "Content-Length: 48[\r][\n]"
16:12:05.585 [main] DEBUG org.apache.http.wire -- http-outgoing-11 >> "Host: localhost:3000[\r][\n]"
16:12:05.585 [main] DEBUG org.apache.http.wire -- http-outgoing-11 >> "Connection: Keep-Alive[\r][\n]"
16:12:05.585 [main] DEBUG org.apache.http.wire -- http-outgoing-11 >> "User-Agent: Apache-HttpClient/4.5.14 (Java/17.0.9)[\r][\n]"
16:12:05.585 [main] DEBUG org.apache.http.wire -- http-outgoing-11 >> "Accept-Encoding: gzip,deflate[\r][\n]"
16:12:05.585 [main] DEBUG org.apache.http.wire -- http-outgoing-11 >> "[\r][\n]"
16:12:05.585 [main] DEBUG org.apache.http.wire -- http-outgoing-11 >> "{"email":"quang1@gmail.com","password":"quang1"}"
16:12:05.889 [main] DEBUG org.apache.http.wire -- http-outgoing-11 << "HTTP/1.1 200 OK[\r][\n]"
16:12:05.891 [main] DEBUG org.apache.http.wire -- http-outgoing-11 << "X-Powered-By: Express[\r][\n]"
16:12:05.891 [main] DEBUG org.apache.http.wire -- http-outgoing-11 << "Access-Control-Allow-Origin: *[\r][\n]"
16:12:05.891 [main] DEBUG org.apache.http.wire -- http-outgoing-11 << "Content-Type: application/json; charset=utf-8[\r][\n]"
16:12:05.891 [main] DEBUG org.apache.http.wire -- http-outgoing-11 << "Content-Length: 715[\r][\n]"
16:12:05.891 [main] DEBUG org.apache.http.wire -- http-outgoing-11 << "ETag: W/"2cb-SeY6d2cgeTB3GccqVvUxZm2TRWo"[\r][\n]"
16:12:05.891 [main] DEBUG org.apache.http.wire -- http-outgoing-11 << "Date: Tue, 24 Jun 2025 09:12:05 GMT[\r][\n]"
16:12:05.891 [main] DEBUG org.apache.http.wire -- http-outgoing-11 << "Connection: keep-alive[\r][\n]"
16:12:05.891 [main] DEBUG org.apache.http.wire -- http-outgoing-11 << "Keep-Alive: timeout=5[\r][\n]"
16:12:05.891 [main] DEBUG org.apache.http.wire -- http-outgoing-11 << "[\r][\n]"
16:12:05.891 [main] DEBUG org.apache.http.wire -- http-outgoing-11 << "{"access_token":"eyJhbGciOiJIUzI1NiIsInR5cCI6IkpXVCJ9.eyJzdWIiOiIyYjg0YWEyNC02NjhhLTQwZTItYWYxYy1hZDRmYzRmYTVhNmYiLCJ1c2VybmFtZSI6InF1YW5nMSIsInJvbGUiOjAsImlhdCI6MTc1MDc1NjMyNSwiZXhwIjoxNzUwNzU5OTI1fQ.EeMKgFgpftTREdiy5shAoNl3_gF9-m-aLLuM5mnfczI","refresh_token":"bed5e5f8f4fc976c4db0992ce4ed3c7e25157ec435a52f030c32b7417c8b9279","user":{"id":"2b84aa24-668a-40e2-af1c-ad4fc4fa5a6f","email":"quang1@gmail.com","username":"quang1","name":"quang1","phoneNumber":"09874563210","profilePic":"https://res.cloudinary.com/dizcvrefo/image/upload/v1749027586/nestjs_uploads/xehairydt9rzlbmbmv4c.jpg","bio":"Thang Nam Lao Vua Thoi","private":false,"verified":false,"role":0,"followersCount":2,"followingCount":3,"postCount":2}}"
16:12:05.891 [main] DEBUG org.apache.http.headers -- http-outgoing-11 << HTTP/1.1 200 OK
16:12:05.891 [main] DEBUG org.apache.http.headers -- http-outgoing-11 << X-Powered-By: Express
16:12:05.891 [main] DEBUG org.apache.http.headers -- http-outgoing-11 << Access-Control-Allow-Origin: *
16:12:05.891 [main] DEBUG org.apache.http.headers -- http-outgoing-11 << Content-Type: application/json; charset=utf-8
16:12:05.891 [main] DEBUG org.apache.http.headers -- http-outgoing-11 << Content-Length: 715
16:12:05.891 [main] DEBUG org.apache.http.headers -- http-outgoing-11 << ETag: W/"2cb-SeY6d2cgeTB3GccqVvUxZm2TRWo"
16:12:05.891 [main] DEBUG org.apache.http.headers -- http-outgoing-11 << Date: Tue, 24 Jun 2025 09:12:05 GMT
16:12:05.891 [main] DEBUG org.apache.http.headers -- http-outgoing-11 << Connection: keep-alive
16:12:05.891 [main] DEBUG org.apache.http.headers -- http-outgoing-11 << Keep-Alive: timeout=5
16:12:05.891 [main] DEBUG org.apache.http.impl.execchain.MainClientExec -- Connection can be kept alive for 5000 MILLISECONDS
16:12:05.891 [main] DEBUG org.apache.http.impl.conn.PoolingHttpClientConnectionManager -- Connection [id: 11][route: {}->http://localhost:3000] can be kept alive for 5.0 seconds
16:12:05.891 [main] DEBUG org.apache.http.impl.conn.DefaultManagedHttpClientConnection -- http-outgoing-11: set socket timeout to 0
16:12:05.891 [main] DEBUG org.apache.http.impl.conn.PoolingHttpClientConnectionManager -- Connection released: [id: 11][route: {}->http://localhost:3000][total available: 1; route allocated: 1 of 5; total allocated: 1 of 10]
16:12:05.891 [main] DEBUG org.apache.http.impl.conn.PoolingHttpClientConnectionManager -- Connection manager is shutting down
16:12:05.891 [main] DEBUG org.apache.http.impl.conn.DefaultManagedHttpClientConnection -- http-outgoing-11: Close connection
16:12:05.892 [main] DEBUG org.apache.http.impl.conn.PoolingHttpClientConnectionManager -- Connection manager shut down
16:12:05.892 [main] DEBUG com.intuit.karate -- response time in milliseconds: 308
1 < 200
1 < X-Powered-By: Express
1 < Access-Control-Allow-Origin: *
1 < Content-Type: application/json; charset=utf-8
1 < Content-Length: 715
1 < ETag: W/"2cb-SeY6d2cgeTB3GccqVvUxZm2TRWo"
1 < Date: Tue, 24 Jun 2025 09:12:05 GMT
1 < Connection: keep-alive
1 < Keep-Alive: timeout=5
{"access_token":"eyJhbGciOiJIUzI1NiIsInR5cCI6IkpXVCJ9.eyJzdWIiOiIyYjg0YWEyNC02NjhhLTQwZTItYWYxYy1hZDRmYzRmYTVhNmYiLCJ1c2VybmFtZSI6InF1YW5nMSIsInJvbGUiOjAsImlhdCI6MTc1MDc1NjMyNSwiZXhwIjoxNzUwNzU5OTI1fQ.EeMKgFgpftTREdiy5shAoNl3_gF9-m-aLLuM5mnfczI","refresh_token":"bed5e5f8f4fc976c4db0992ce4ed3c7e25157ec435a52f030c32b7417c8b9279","user":{"id":"2b84aa24-668a-40e2-af1c-ad4fc4fa5a6f","email":"quang1@gmail.com","username":"quang1","name":"quang1","phoneNumber":"09874563210","profilePic":"https://res.cloudinary.com/dizcvrefo/image/upload/v1749027586/nestjs_uploads/xehairydt9rzlbmbmv4c.jpg","bio":"Thang Nam Lao Vua Thoi","private":false,"verified":false,"role":0,"followersCount":2,"followingCount":3,"postCount":2}}

16:12:05.893 [main] INFO com.intuit.karate -- [print] *** AFTER API CALL *** Status: 200 
16:12:05.893 [main] INFO com.intuit.karate -- [print] ### API CALL COMPLETED ### Email: quang1@gmail.com Status: 200 
16:12:05.894 [main] INFO com.intuit.karate -- [print] ### RESPONSE BODY ### {
  "access_token": "eyJhbGciOiJIUzI1NiIsInR5cCI6IkpXVCJ9.eyJzdWIiOiIyYjg0YWEyNC02NjhhLTQwZTItYWYxYy1hZDRmYzRmYTVhNmYiLCJ1c2VybmFtZSI6InF1YW5nMSIsInJvbGUiOjAsImlhdCI6MTc1MDc1NjMyNSwiZXhwIjoxNzUwNzU5OTI1fQ.EeMKgFgpftTREdiy5shAoNl3_gF9-m-aLLuM5mnfczI",
  "refresh_token": "bed5e5f8f4fc976c4db0992ce4ed3c7e25157ec435a52f030c32b7417c8b9279",
  "user": {
    "id": "2b84aa24-668a-40e2-af1c-ad4fc4fa5a6f",
    "email": "quang1@gmail.com",
    "username": "quang1",
    "name": "quang1",
    "phoneNumber": "09874563210",
    "profilePic": "https://res.cloudinary.com/dizcvrefo/image/upload/v1749027586/nestjs_uploads/xehairydt9rzlbmbmv4c.jpg",
    "bio": "Thang Nam Lao Vua Thoi",
    "private": false,
    "verified": false,
    "role": 0,
    "followersCount": 2,
    "followingCount": 3,
    "postCount": 2
  }
}
 
16:12:05.894 [main] INFO com.intuit.karate -- Request #12 completed - Status: 200 Time: 320ms 
16:12:05.895 [main] INFO com.intuit.karate -- *** SEQUENTIAL REQUEST #13 *** 
16:12:05.895 [main] INFO com.intuit.karate -- User: test@example.com 
16:12:05.899 [main] INFO com.intuit.karate -- [print] *** BEFORE API CALL *** Email: test@example.com URL: http://localhost:3000/auth/login 
16:12:05.900 [main] DEBUG com.jayway.jsonpath.internal.path.CompiledPath -- Evaluating path: $
16:12:05.901 [main] INFO com.intuit.karate -- [print] *** SENDING REQUEST *** Body: {
  "email": "#(email)",
  "password": "#(password)"
}
 
16:12:05.902 [main] DEBUG org.apache.http.client.protocol.RequestAddCookies -- CookieSpec selected: karate
16:12:05.902 [main] DEBUG org.apache.http.client.protocol.RequestAuthCache -- Auth cache not set in the context
16:12:05.902 [main] DEBUG com.intuit.karate -- request:
1 > POST http://localhost:3000/auth/login
1 > Content-Type: application/json; charset=UTF-8
1 > Content-Length: 53
1 > Host: localhost:3000
1 > Connection: Keep-Alive
1 > User-Agent: Apache-HttpClient/4.5.14 (Java/17.0.9)
1 > Accept-Encoding: gzip,deflate
{"email":"test@example.com","password":"Password123"}

16:12:05.902 [main] DEBUG org.apache.http.impl.conn.PoolingHttpClientConnectionManager -- Connection request: [route: {}->http://localhost:3000][total available: 0; route allocated: 0 of 5; total allocated: 0 of 10]
16:12:05.902 [main] DEBUG org.apache.http.impl.conn.PoolingHttpClientConnectionManager -- Connection leased: [id: 12][route: {}->http://localhost:3000][total available: 0; route allocated: 1 of 5; total allocated: 1 of 10]
16:12:05.902 [main] DEBUG org.apache.http.impl.execchain.MainClientExec -- Opening connection {}->http://localhost:3000
16:12:05.903 [main] DEBUG org.apache.http.impl.conn.DefaultHttpClientConnectionOperator -- Connecting to localhost/127.0.0.1:3000
16:12:05.903 [main] DEBUG org.apache.http.impl.conn.DefaultHttpClientConnectionOperator -- Connection established 127.0.0.1:51056<->127.0.0.1:3000
16:12:05.903 [main] DEBUG org.apache.http.impl.conn.DefaultManagedHttpClientConnection -- http-outgoing-12: set socket timeout to 30000
16:12:05.903 [main] DEBUG org.apache.http.impl.execchain.MainClientExec -- Executing request POST /auth/login HTTP/1.1
16:12:05.903 [main] DEBUG org.apache.http.impl.execchain.MainClientExec -- Target auth state: UNCHALLENGED
16:12:05.903 [main] DEBUG org.apache.http.impl.execchain.MainClientExec -- Proxy auth state: UNCHALLENGED
16:12:05.903 [main] DEBUG org.apache.http.headers -- http-outgoing-12 >> POST /auth/login HTTP/1.1
16:12:05.903 [main] DEBUG org.apache.http.headers -- http-outgoing-12 >> Content-Type: application/json; charset=UTF-8
16:12:05.903 [main] DEBUG org.apache.http.headers -- http-outgoing-12 >> Content-Length: 53
16:12:05.903 [main] DEBUG org.apache.http.headers -- http-outgoing-12 >> Host: localhost:3000
16:12:05.903 [main] DEBUG org.apache.http.headers -- http-outgoing-12 >> Connection: Keep-Alive
16:12:05.903 [main] DEBUG org.apache.http.headers -- http-outgoing-12 >> User-Agent: Apache-HttpClient/4.5.14 (Java/17.0.9)
16:12:05.903 [main] DEBUG org.apache.http.headers -- http-outgoing-12 >> Accept-Encoding: gzip,deflate
16:12:05.903 [main] DEBUG org.apache.http.wire -- http-outgoing-12 >> "POST /auth/login HTTP/1.1[\r][\n]"
16:12:05.903 [main] DEBUG org.apache.http.wire -- http-outgoing-12 >> "Content-Type: application/json; charset=UTF-8[\r][\n]"
16:12:05.903 [main] DEBUG org.apache.http.wire -- http-outgoing-12 >> "Content-Length: 53[\r][\n]"
16:12:05.903 [main] DEBUG org.apache.http.wire -- http-outgoing-12 >> "Host: localhost:3000[\r][\n]"
16:12:05.903 [main] DEBUG org.apache.http.wire -- http-outgoing-12 >> "Connection: Keep-Alive[\r][\n]"
16:12:05.903 [main] DEBUG org.apache.http.wire -- http-outgoing-12 >> "User-Agent: Apache-HttpClient/4.5.14 (Java/17.0.9)[\r][\n]"
16:12:05.903 [main] DEBUG org.apache.http.wire -- http-outgoing-12 >> "Accept-Encoding: gzip,deflate[\r][\n]"
16:12:05.903 [main] DEBUG org.apache.http.wire -- http-outgoing-12 >> "[\r][\n]"
16:12:05.903 [main] DEBUG org.apache.http.wire -- http-outgoing-12 >> "{"email":"test@example.com","password":"Password123"}"
16:12:06.177 [main] DEBUG org.apache.http.wire -- http-outgoing-12 << "HTTP/1.1 200 OK[\r][\n]"
16:12:06.177 [main] DEBUG org.apache.http.wire -- http-outgoing-12 << "X-Powered-By: Express[\r][\n]"
16:12:06.177 [main] DEBUG org.apache.http.wire -- http-outgoing-12 << "Access-Control-Allow-Origin: *[\r][\n]"
16:12:06.177 [main] DEBUG org.apache.http.wire -- http-outgoing-12 << "Content-Type: application/json; charset=utf-8[\r][\n]"
16:12:06.177 [main] DEBUG org.apache.http.wire -- http-outgoing-12 << "Content-Length: 599[\r][\n]"
16:12:06.177 [main] DEBUG org.apache.http.wire -- http-outgoing-12 << "ETag: W/"257-eeQ+wFXVWDT+H6BIIQpoh3S2XKg"[\r][\n]"
16:12:06.177 [main] DEBUG org.apache.http.wire -- http-outgoing-12 << "Date: Tue, 24 Jun 2025 09:12:06 GMT[\r][\n]"
16:12:06.178 [main] DEBUG org.apache.http.wire -- http-outgoing-12 << "Connection: keep-alive[\r][\n]"
16:12:06.178 [main] DEBUG org.apache.http.wire -- http-outgoing-12 << "Keep-Alive: timeout=5[\r][\n]"
16:12:06.178 [main] DEBUG org.apache.http.wire -- http-outgoing-12 << "[\r][\n]"
16:12:06.178 [main] DEBUG org.apache.http.wire -- http-outgoing-12 << "{"access_token":"eyJhbGciOiJIUzI1NiIsInR5cCI6IkpXVCJ9.eyJzdWIiOiIyZGRhMDQzOS01MTgwLTQ1YWEtOTE3Zi1lNjMyZTQ1YThlNDEiLCJ1c2VybmFtZSI6ImpvaG5kb2UiLCJyb2xlIjowLCJpYXQiOjE3NTA3NTYzMjYsImV4cCI6MTc1MDc1OTkyNn0.I8HkFleyWYa6fq5gp3eWG0LxQOO9AKVNA9QGZaxqWqA","refresh_token":"6fb0a4bbd5b95ccffa5ed1c5b22029feaf1f3132dbc09a0af1dc92480ab189ed","user":{"id":"2dda0439-5180-45aa-917f-e632e45a8e41","email":"test@example.com","username":"johndoe","name":"John Doe","phoneNumber":"0987654321","profilePic":null,"bio":null,"private":false,"verified":false,"role":0,"followersCount":0,"followingCount":0,"postCount":0}}"
16:12:06.178 [main] DEBUG org.apache.http.headers -- http-outgoing-12 << HTTP/1.1 200 OK
16:12:06.178 [main] DEBUG org.apache.http.headers -- http-outgoing-12 << X-Powered-By: Express
16:12:06.178 [main] DEBUG org.apache.http.headers -- http-outgoing-12 << Access-Control-Allow-Origin: *
16:12:06.178 [main] DEBUG org.apache.http.headers -- http-outgoing-12 << Content-Type: application/json; charset=utf-8
16:12:06.178 [main] DEBUG org.apache.http.headers -- http-outgoing-12 << Content-Length: 599
16:12:06.178 [main] DEBUG org.apache.http.headers -- http-outgoing-12 << ETag: W/"257-eeQ+wFXVWDT+H6BIIQpoh3S2XKg"
16:12:06.178 [main] DEBUG org.apache.http.headers -- http-outgoing-12 << Date: Tue, 24 Jun 2025 09:12:06 GMT
16:12:06.178 [main] DEBUG org.apache.http.headers -- http-outgoing-12 << Connection: keep-alive
16:12:06.178 [main] DEBUG org.apache.http.headers -- http-outgoing-12 << Keep-Alive: timeout=5
16:12:06.179 [main] DEBUG org.apache.http.impl.execchain.MainClientExec -- Connection can be kept alive for 5000 MILLISECONDS
16:12:06.179 [main] DEBUG org.apache.http.impl.conn.PoolingHttpClientConnectionManager -- Connection [id: 12][route: {}->http://localhost:3000] can be kept alive for 5.0 seconds
16:12:06.179 [main] DEBUG org.apache.http.impl.conn.DefaultManagedHttpClientConnection -- http-outgoing-12: set socket timeout to 0
16:12:06.179 [main] DEBUG org.apache.http.impl.conn.PoolingHttpClientConnectionManager -- Connection released: [id: 12][route: {}->http://localhost:3000][total available: 1; route allocated: 1 of 5; total allocated: 1 of 10]
16:12:06.179 [main] DEBUG org.apache.http.impl.conn.PoolingHttpClientConnectionManager -- Connection manager is shutting down
16:12:06.179 [main] DEBUG org.apache.http.impl.conn.DefaultManagedHttpClientConnection -- http-outgoing-12: Close connection
16:12:06.179 [main] DEBUG org.apache.http.impl.conn.PoolingHttpClientConnectionManager -- Connection manager shut down
16:12:06.179 [main] DEBUG com.intuit.karate -- response time in milliseconds: 277
1 < 200
1 < X-Powered-By: Express
1 < Access-Control-Allow-Origin: *
1 < Content-Type: application/json; charset=utf-8
1 < Content-Length: 599
1 < ETag: W/"257-eeQ+wFXVWDT+H6BIIQpoh3S2XKg"
1 < Date: Tue, 24 Jun 2025 09:12:06 GMT
1 < Connection: keep-alive
1 < Keep-Alive: timeout=5
{"access_token":"eyJhbGciOiJIUzI1NiIsInR5cCI6IkpXVCJ9.eyJzdWIiOiIyZGRhMDQzOS01MTgwLTQ1YWEtOTE3Zi1lNjMyZTQ1YThlNDEiLCJ1c2VybmFtZSI6ImpvaG5kb2UiLCJyb2xlIjowLCJpYXQiOjE3NTA3NTYzMjYsImV4cCI6MTc1MDc1OTkyNn0.I8HkFleyWYa6fq5gp3eWG0LxQOO9AKVNA9QGZaxqWqA","refresh_token":"6fb0a4bbd5b95ccffa5ed1c5b22029feaf1f3132dbc09a0af1dc92480ab189ed","user":{"id":"2dda0439-5180-45aa-917f-e632e45a8e41","email":"test@example.com","username":"johndoe","name":"John Doe","phoneNumber":"0987654321","profilePic":null,"bio":null,"private":false,"verified":false,"role":0,"followersCount":0,"followingCount":0,"postCount":0}}

16:12:06.180 [main] INFO com.intuit.karate -- [print] *** AFTER API CALL *** Status: 200 
16:12:06.181 [main] INFO com.intuit.karate -- [print] ### API CALL COMPLETED ### Email: test@example.com Status: 200 
16:12:06.181 [main] INFO com.intuit.karate -- [print] ### RESPONSE BODY ### {
  "access_token": "eyJhbGciOiJIUzI1NiIsInR5cCI6IkpXVCJ9.eyJzdWIiOiIyZGRhMDQzOS01MTgwLTQ1YWEtOTE3Zi1lNjMyZTQ1YThlNDEiLCJ1c2VybmFtZSI6ImpvaG5kb2UiLCJyb2xlIjowLCJpYXQiOjE3NTA3NTYzMjYsImV4cCI6MTc1MDc1OTkyNn0.I8HkFleyWYa6fq5gp3eWG0LxQOO9AKVNA9QGZaxqWqA",
  "refresh_token": "6fb0a4bbd5b95ccffa5ed1c5b22029feaf1f3132dbc09a0af1dc92480ab189ed",
  "user": {
    "id": "2dda0439-5180-45aa-917f-e632e45a8e41",
    "email": "test@example.com",
    "username": "johndoe",
    "name": "John Doe",
    "phoneNumber": "0987654321",
    "profilePic": null,
    "bio": null,
    "private": false,
    "verified": false,
    "role": 0,
    "followersCount": 0,
    "followingCount": 0,
    "postCount": 0
  }
}
 
16:12:06.182 [main] INFO com.intuit.karate -- Request #13 completed - Status: 200 Time: 287ms 
16:12:06.183 [main] INFO com.intuit.karate -- *** SEQUENTIAL REQUEST #14 *** 
16:12:06.183 [main] INFO com.intuit.karate -- User: test2@example.com 
16:12:06.187 [main] INFO com.intuit.karate -- [print] *** BEFORE API CALL *** Email: test2@example.com URL: http://localhost:3000/auth/login 
16:12:06.188 [main] DEBUG com.jayway.jsonpath.internal.path.CompiledPath -- Evaluating path: $
16:12:06.188 [main] INFO com.intuit.karate -- [print] *** SENDING REQUEST *** Body: {
  "email": "#(email)",
  "password": "#(password)"
}
 
16:12:06.188 [main] DEBUG org.apache.http.client.protocol.RequestAddCookies -- CookieSpec selected: karate
16:12:06.188 [main] DEBUG org.apache.http.client.protocol.RequestAuthCache -- Auth cache not set in the context
16:12:06.189 [main] DEBUG com.intuit.karate -- request:
1 > POST http://localhost:3000/auth/login
1 > Content-Type: application/json; charset=UTF-8
1 > Content-Length: 54
1 > Host: localhost:3000
1 > Connection: Keep-Alive
1 > User-Agent: Apache-HttpClient/4.5.14 (Java/17.0.9)
1 > Accept-Encoding: gzip,deflate
{"email":"test2@example.com","password":"Password123"}

16:12:06.189 [main] DEBUG org.apache.http.impl.conn.PoolingHttpClientConnectionManager -- Connection request: [route: {}->http://localhost:3000][total available: 0; route allocated: 0 of 5; total allocated: 0 of 10]
16:12:06.189 [main] DEBUG org.apache.http.impl.conn.PoolingHttpClientConnectionManager -- Connection leased: [id: 13][route: {}->http://localhost:3000][total available: 0; route allocated: 1 of 5; total allocated: 1 of 10]
16:12:06.189 [main] DEBUG org.apache.http.impl.execchain.MainClientExec -- Opening connection {}->http://localhost:3000
16:12:06.189 [main] DEBUG org.apache.http.impl.conn.DefaultHttpClientConnectionOperator -- Connecting to localhost/127.0.0.1:3000
16:12:06.189 [main] DEBUG org.apache.http.impl.conn.DefaultHttpClientConnectionOperator -- Connection established 127.0.0.1:51057<->127.0.0.1:3000
16:12:06.189 [main] DEBUG org.apache.http.impl.conn.DefaultManagedHttpClientConnection -- http-outgoing-13: set socket timeout to 30000
16:12:06.189 [main] DEBUG org.apache.http.impl.execchain.MainClientExec -- Executing request POST /auth/login HTTP/1.1
16:12:06.189 [main] DEBUG org.apache.http.impl.execchain.MainClientExec -- Target auth state: UNCHALLENGED
16:12:06.189 [main] DEBUG org.apache.http.impl.execchain.MainClientExec -- Proxy auth state: UNCHALLENGED
16:12:06.189 [main] DEBUG org.apache.http.headers -- http-outgoing-13 >> POST /auth/login HTTP/1.1
16:12:06.189 [main] DEBUG org.apache.http.headers -- http-outgoing-13 >> Content-Type: application/json; charset=UTF-8
16:12:06.189 [main] DEBUG org.apache.http.headers -- http-outgoing-13 >> Content-Length: 54
16:12:06.189 [main] DEBUG org.apache.http.headers -- http-outgoing-13 >> Host: localhost:3000
16:12:06.189 [main] DEBUG org.apache.http.headers -- http-outgoing-13 >> Connection: Keep-Alive
16:12:06.189 [main] DEBUG org.apache.http.headers -- http-outgoing-13 >> User-Agent: Apache-HttpClient/4.5.14 (Java/17.0.9)
16:12:06.189 [main] DEBUG org.apache.http.headers -- http-outgoing-13 >> Accept-Encoding: gzip,deflate
16:12:06.189 [main] DEBUG org.apache.http.wire -- http-outgoing-13 >> "POST /auth/login HTTP/1.1[\r][\n]"
16:12:06.189 [main] DEBUG org.apache.http.wire -- http-outgoing-13 >> "Content-Type: application/json; charset=UTF-8[\r][\n]"
16:12:06.189 [main] DEBUG org.apache.http.wire -- http-outgoing-13 >> "Content-Length: 54[\r][\n]"
16:12:06.189 [main] DEBUG org.apache.http.wire -- http-outgoing-13 >> "Host: localhost:3000[\r][\n]"
16:12:06.189 [main] DEBUG org.apache.http.wire -- http-outgoing-13 >> "Connection: Keep-Alive[\r][\n]"
16:12:06.189 [main] DEBUG org.apache.http.wire -- http-outgoing-13 >> "User-Agent: Apache-HttpClient/4.5.14 (Java/17.0.9)[\r][\n]"
16:12:06.189 [main] DEBUG org.apache.http.wire -- http-outgoing-13 >> "Accept-Encoding: gzip,deflate[\r][\n]"
16:12:06.189 [main] DEBUG org.apache.http.wire -- http-outgoing-13 >> "[\r][\n]"
16:12:06.189 [main] DEBUG org.apache.http.wire -- http-outgoing-13 >> "{"email":"test2@example.com","password":"Password123"}"
16:12:06.452 [main] DEBUG org.apache.http.wire -- http-outgoing-13 << "HTTP/1.1 200 OK[\r][\n]"
16:12:06.452 [main] DEBUG org.apache.http.wire -- http-outgoing-13 << "X-Powered-By: Express[\r][\n]"
16:12:06.452 [main] DEBUG org.apache.http.wire -- http-outgoing-13 << "Access-Control-Allow-Origin: *[\r][\n]"
16:12:06.452 [main] DEBUG org.apache.http.wire -- http-outgoing-13 << "Content-Type: application/json; charset=utf-8[\r][\n]"
16:12:06.452 [main] DEBUG org.apache.http.wire -- http-outgoing-13 << "Content-Length: 608[\r][\n]"
16:12:06.452 [main] DEBUG org.apache.http.wire -- http-outgoing-13 << "ETag: W/"260-rtKsxC9wInCAWyHtoNPQxrzyKSk"[\r][\n]"
16:12:06.452 [main] DEBUG org.apache.http.wire -- http-outgoing-13 << "Date: Tue, 24 Jun 2025 09:12:06 GMT[\r][\n]"
16:12:06.452 [main] DEBUG org.apache.http.wire -- http-outgoing-13 << "Connection: keep-alive[\r][\n]"
16:12:06.452 [main] DEBUG org.apache.http.wire -- http-outgoing-13 << "Keep-Alive: timeout=5[\r][\n]"
16:12:06.452 [main] DEBUG org.apache.http.wire -- http-outgoing-13 << "[\r][\n]"
16:12:06.452 [main] DEBUG org.apache.http.wire -- http-outgoing-13 << "{"access_token":"eyJhbGciOiJIUzI1NiIsInR5cCI6IkpXVCJ9.eyJzdWIiOiI4YTI0NzQ2MS01YzA0LTQyMWQtOThmNS1mYTljNzM0ZmFlYTUiLCJ1c2VybmFtZSI6ImphbmVzbWl0aCIsInJvbGUiOjAsImlhdCI6MTc1MDc1NjMyNiwiZXhwIjoxNzUwNzU5OTI2fQ.8F3aTafsMoC24JrEO3J7jGaohWkVskSkVJZoEBj99ng","refresh_token":"d7dba87df9a8269164cab2a2b1dfff3a56c04b48f4ce29df92e8debcec60ec85","user":{"id":"8a247461-5c04-421d-98f5-fa9c734faea5","email":"test2@example.com","username":"janesmith","name":"Jane Smith","phoneNumber":"01234567890","profilePic":null,"bio":null,"private":false,"verified":false,"role":0,"followersCount":0,"followingCount":0,"postCount":0}}"
16:12:06.452 [main] DEBUG org.apache.http.headers -- http-outgoing-13 << HTTP/1.1 200 OK
16:12:06.452 [main] DEBUG org.apache.http.headers -- http-outgoing-13 << X-Powered-By: Express
16:12:06.452 [main] DEBUG org.apache.http.headers -- http-outgoing-13 << Access-Control-Allow-Origin: *
16:12:06.452 [main] DEBUG org.apache.http.headers -- http-outgoing-13 << Content-Type: application/json; charset=utf-8
16:12:06.452 [main] DEBUG org.apache.http.headers -- http-outgoing-13 << Content-Length: 608
16:12:06.452 [main] DEBUG org.apache.http.headers -- http-outgoing-13 << ETag: W/"260-rtKsxC9wInCAWyHtoNPQxrzyKSk"
16:12:06.452 [main] DEBUG org.apache.http.headers -- http-outgoing-13 << Date: Tue, 24 Jun 2025 09:12:06 GMT
16:12:06.452 [main] DEBUG org.apache.http.headers -- http-outgoing-13 << Connection: keep-alive
16:12:06.452 [main] DEBUG org.apache.http.headers -- http-outgoing-13 << Keep-Alive: timeout=5
16:12:06.452 [main] DEBUG org.apache.http.impl.execchain.MainClientExec -- Connection can be kept alive for 5000 MILLISECONDS
16:12:06.452 [main] DEBUG org.apache.http.impl.conn.PoolingHttpClientConnectionManager -- Connection [id: 13][route: {}->http://localhost:3000] can be kept alive for 5.0 seconds
16:12:06.453 [main] DEBUG org.apache.http.impl.conn.DefaultManagedHttpClientConnection -- http-outgoing-13: set socket timeout to 0
16:12:06.453 [main] DEBUG org.apache.http.impl.conn.PoolingHttpClientConnectionManager -- Connection released: [id: 13][route: {}->http://localhost:3000][total available: 1; route allocated: 1 of 5; total allocated: 1 of 10]
16:12:06.453 [main] DEBUG org.apache.http.impl.conn.PoolingHttpClientConnectionManager -- Connection manager is shutting down
16:12:06.453 [main] DEBUG org.apache.http.impl.conn.DefaultManagedHttpClientConnection -- http-outgoing-13: Close connection
16:12:06.453 [main] DEBUG org.apache.http.impl.conn.PoolingHttpClientConnectionManager -- Connection manager shut down
16:12:06.453 [main] DEBUG com.intuit.karate -- response time in milliseconds: 264
1 < 200
1 < X-Powered-By: Express
1 < Access-Control-Allow-Origin: *
1 < Content-Type: application/json; charset=utf-8
1 < Content-Length: 608
1 < ETag: W/"260-rtKsxC9wInCAWyHtoNPQxrzyKSk"
1 < Date: Tue, 24 Jun 2025 09:12:06 GMT
1 < Connection: keep-alive
1 < Keep-Alive: timeout=5
{"access_token":"eyJhbGciOiJIUzI1NiIsInR5cCI6IkpXVCJ9.eyJzdWIiOiI4YTI0NzQ2MS01YzA0LTQyMWQtOThmNS1mYTljNzM0ZmFlYTUiLCJ1c2VybmFtZSI6ImphbmVzbWl0aCIsInJvbGUiOjAsImlhdCI6MTc1MDc1NjMyNiwiZXhwIjoxNzUwNzU5OTI2fQ.8F3aTafsMoC24JrEO3J7jGaohWkVskSkVJZoEBj99ng","refresh_token":"d7dba87df9a8269164cab2a2b1dfff3a56c04b48f4ce29df92e8debcec60ec85","user":{"id":"8a247461-5c04-421d-98f5-fa9c734faea5","email":"test2@example.com","username":"janesmith","name":"Jane Smith","phoneNumber":"01234567890","profilePic":null,"bio":null,"private":false,"verified":false,"role":0,"followersCount":0,"followingCount":0,"postCount":0}}

16:12:06.454 [main] INFO com.intuit.karate -- [print] *** AFTER API CALL *** Status: 200 
16:12:06.454 [main] INFO com.intuit.karate -- [print] ### API CALL COMPLETED ### Email: test2@example.com Status: 200 
16:12:06.455 [main] INFO com.intuit.karate -- [print] ### RESPONSE BODY ### {
  "access_token": "eyJhbGciOiJIUzI1NiIsInR5cCI6IkpXVCJ9.eyJzdWIiOiI4YTI0NzQ2MS01YzA0LTQyMWQtOThmNS1mYTljNzM0ZmFlYTUiLCJ1c2VybmFtZSI6ImphbmVzbWl0aCIsInJvbGUiOjAsImlhdCI6MTc1MDc1NjMyNiwiZXhwIjoxNzUwNzU5OTI2fQ.8F3aTafsMoC24JrEO3J7jGaohWkVskSkVJZoEBj99ng",
  "refresh_token": "d7dba87df9a8269164cab2a2b1dfff3a56c04b48f4ce29df92e8debcec60ec85",
  "user": {
    "id": "8a247461-5c04-421d-98f5-fa9c734faea5",
    "email": "test2@example.com",
    "username": "janesmith",
    "name": "Jane Smith",
    "phoneNumber": "01234567890",
    "profilePic": null,
    "bio": null,
    "private": false,
    "verified": false,
    "role": 0,
    "followersCount": 0,
    "followingCount": 0,
    "postCount": 0
  }
}
 
16:12:06.455 [main] INFO com.intuit.karate -- Request #14 completed - Status: 200 Time: 272ms 
16:12:06.456 [main] INFO com.intuit.karate -- *** SEQUENTIAL REQUEST #15 *** 
16:12:06.456 [main] INFO com.intuit.karate -- User: test28@example.com 
16:12:06.461 [main] INFO com.intuit.karate -- [print] *** BEFORE API CALL *** Email: test28@example.com URL: http://localhost:3000/auth/login 
16:12:06.461 [main] DEBUG com.jayway.jsonpath.internal.path.CompiledPath -- Evaluating path: $
16:12:06.463 [main] INFO com.intuit.karate -- [print] *** SENDING REQUEST *** Body: {
  "email": "#(email)",
  "password": "#(password)"
}
 
16:12:06.464 [main] DEBUG org.apache.http.client.protocol.RequestAddCookies -- CookieSpec selected: karate
16:12:06.464 [main] DEBUG org.apache.http.client.protocol.RequestAuthCache -- Auth cache not set in the context
16:12:06.464 [main] DEBUG com.intuit.karate -- request:
1 > POST http://localhost:3000/auth/login
1 > Content-Type: application/json; charset=UTF-8
1 > Content-Length: 55
1 > Host: localhost:3000
1 > Connection: Keep-Alive
1 > User-Agent: Apache-HttpClient/4.5.14 (Java/17.0.9)
1 > Accept-Encoding: gzip,deflate
{"email":"test28@example.com","password":"Password123"}

16:12:06.464 [main] DEBUG org.apache.http.impl.conn.PoolingHttpClientConnectionManager -- Connection request: [route: {}->http://localhost:3000][total available: 0; route allocated: 0 of 5; total allocated: 0 of 10]
16:12:06.465 [main] DEBUG org.apache.http.impl.conn.PoolingHttpClientConnectionManager -- Connection leased: [id: 14][route: {}->http://localhost:3000][total available: 0; route allocated: 1 of 5; total allocated: 1 of 10]
16:12:06.465 [main] DEBUG org.apache.http.impl.execchain.MainClientExec -- Opening connection {}->http://localhost:3000
16:12:06.465 [main] DEBUG org.apache.http.impl.conn.DefaultHttpClientConnectionOperator -- Connecting to localhost/127.0.0.1:3000
16:12:06.465 [main] DEBUG org.apache.http.impl.conn.DefaultHttpClientConnectionOperator -- Connection established 127.0.0.1:51058<->127.0.0.1:3000
16:12:06.465 [main] DEBUG org.apache.http.impl.conn.DefaultManagedHttpClientConnection -- http-outgoing-14: set socket timeout to 30000
16:12:06.465 [main] DEBUG org.apache.http.impl.execchain.MainClientExec -- Executing request POST /auth/login HTTP/1.1
16:12:06.465 [main] DEBUG org.apache.http.impl.execchain.MainClientExec -- Target auth state: UNCHALLENGED
16:12:06.465 [main] DEBUG org.apache.http.impl.execchain.MainClientExec -- Proxy auth state: UNCHALLENGED
16:12:06.465 [main] DEBUG org.apache.http.headers -- http-outgoing-14 >> POST /auth/login HTTP/1.1
16:12:06.465 [main] DEBUG org.apache.http.headers -- http-outgoing-14 >> Content-Type: application/json; charset=UTF-8
16:12:06.465 [main] DEBUG org.apache.http.headers -- http-outgoing-14 >> Content-Length: 55
16:12:06.465 [main] DEBUG org.apache.http.headers -- http-outgoing-14 >> Host: localhost:3000
16:12:06.465 [main] DEBUG org.apache.http.headers -- http-outgoing-14 >> Connection: Keep-Alive
16:12:06.465 [main] DEBUG org.apache.http.headers -- http-outgoing-14 >> User-Agent: Apache-HttpClient/4.5.14 (Java/17.0.9)
16:12:06.465 [main] DEBUG org.apache.http.headers -- http-outgoing-14 >> Accept-Encoding: gzip,deflate
16:12:06.465 [main] DEBUG org.apache.http.wire -- http-outgoing-14 >> "POST /auth/login HTTP/1.1[\r][\n]"
16:12:06.465 [main] DEBUG org.apache.http.wire -- http-outgoing-14 >> "Content-Type: application/json; charset=UTF-8[\r][\n]"
16:12:06.465 [main] DEBUG org.apache.http.wire -- http-outgoing-14 >> "Content-Length: 55[\r][\n]"
16:12:06.465 [main] DEBUG org.apache.http.wire -- http-outgoing-14 >> "Host: localhost:3000[\r][\n]"
16:12:06.465 [main] DEBUG org.apache.http.wire -- http-outgoing-14 >> "Connection: Keep-Alive[\r][\n]"
16:12:06.465 [main] DEBUG org.apache.http.wire -- http-outgoing-14 >> "User-Agent: Apache-HttpClient/4.5.14 (Java/17.0.9)[\r][\n]"
16:12:06.465 [main] DEBUG org.apache.http.wire -- http-outgoing-14 >> "Accept-Encoding: gzip,deflate[\r][\n]"
16:12:06.465 [main] DEBUG org.apache.http.wire -- http-outgoing-14 >> "[\r][\n]"
16:12:06.465 [main] DEBUG org.apache.http.wire -- http-outgoing-14 >> "{"email":"test28@example.com","password":"Password123"}"
16:12:06.730 [main] DEBUG org.apache.http.wire -- http-outgoing-14 << "HTTP/1.1 200 OK[\r][\n]"
16:12:06.730 [main] DEBUG org.apache.http.wire -- http-outgoing-14 << "X-Powered-By: Express[\r][\n]"
16:12:06.730 [main] DEBUG org.apache.http.wire -- http-outgoing-14 << "Access-Control-Allow-Origin: *[\r][\n]"
16:12:06.730 [main] DEBUG org.apache.http.wire -- http-outgoing-14 << "Content-Type: application/json; charset=utf-8[\r][\n]"
16:12:06.731 [main] DEBUG org.apache.http.wire -- http-outgoing-14 << "Content-Length: 607[\r][\n]"
16:12:06.731 [main] DEBUG org.apache.http.wire -- http-outgoing-14 << "ETag: W/"25f-rAiaJFuwoVIR0pgBhMwRdmHmysI"[\r][\n]"
16:12:06.731 [main] DEBUG org.apache.http.wire -- http-outgoing-14 << "Date: Tue, 24 Jun 2025 09:12:06 GMT[\r][\n]"
16:12:06.731 [main] DEBUG org.apache.http.wire -- http-outgoing-14 << "Connection: keep-alive[\r][\n]"
16:12:06.731 [main] DEBUG org.apache.http.wire -- http-outgoing-14 << "Keep-Alive: timeout=5[\r][\n]"
16:12:06.731 [main] DEBUG org.apache.http.wire -- http-outgoing-14 << "[\r][\n]"
16:12:06.731 [main] DEBUG org.apache.http.wire -- http-outgoing-14 << "{"access_token":"eyJhbGciOiJIUzI1NiIsInR5cCI6IkpXVCJ9.eyJzdWIiOiJjMjE0MjJkZi1jY2VjLTQ0MGUtOWE0Mi1jMWI4MmFiZjczM2QiLCJ1c2VybmFtZSI6ImpvaG5kb2UyOCIsInJvbGUiOjAsImlhdCI6MTc1MDc1NjMyNiwiZXhwIjoxNzUwNzU5OTI2fQ.aL3j3xs9Uj-5xSxjBFbghXAkR8CQlPGxS3p55vVBWjE","refresh_token":"b635bfb8dfe59ffd87ffc471e92c6e212936dd27f1b2fda8426088d5b6d9e68e","user":{"id":"c21422df-ccec-440e-9a42-c1b82abf733d","email":"test28@example.com","username":"johndoe28","name":"John Doe","phoneNumber":"84987654321","profilePic":null,"bio":null,"private":false,"verified":false,"role":0,"followersCount":0,"followingCount":0,"postCount":0}}"
16:12:06.731 [main] DEBUG org.apache.http.headers -- http-outgoing-14 << HTTP/1.1 200 OK
16:12:06.731 [main] DEBUG org.apache.http.headers -- http-outgoing-14 << X-Powered-By: Express
16:12:06.731 [main] DEBUG org.apache.http.headers -- http-outgoing-14 << Access-Control-Allow-Origin: *
16:12:06.731 [main] DEBUG org.apache.http.headers -- http-outgoing-14 << Content-Type: application/json; charset=utf-8
16:12:06.731 [main] DEBUG org.apache.http.headers -- http-outgoing-14 << Content-Length: 607
16:12:06.731 [main] DEBUG org.apache.http.headers -- http-outgoing-14 << ETag: W/"25f-rAiaJFuwoVIR0pgBhMwRdmHmysI"
16:12:06.731 [main] DEBUG org.apache.http.headers -- http-outgoing-14 << Date: Tue, 24 Jun 2025 09:12:06 GMT
16:12:06.731 [main] DEBUG org.apache.http.headers -- http-outgoing-14 << Connection: keep-alive
16:12:06.731 [main] DEBUG org.apache.http.headers -- http-outgoing-14 << Keep-Alive: timeout=5
16:12:06.731 [main] DEBUG org.apache.http.impl.execchain.MainClientExec -- Connection can be kept alive for 5000 MILLISECONDS
16:12:06.731 [main] DEBUG org.apache.http.impl.conn.PoolingHttpClientConnectionManager -- Connection [id: 14][route: {}->http://localhost:3000] can be kept alive for 5.0 seconds
16:12:06.731 [main] DEBUG org.apache.http.impl.conn.DefaultManagedHttpClientConnection -- http-outgoing-14: set socket timeout to 0
16:12:06.731 [main] DEBUG org.apache.http.impl.conn.PoolingHttpClientConnectionManager -- Connection released: [id: 14][route: {}->http://localhost:3000][total available: 1; route allocated: 1 of 5; total allocated: 1 of 10]
16:12:06.731 [main] DEBUG org.apache.http.impl.conn.PoolingHttpClientConnectionManager -- Connection manager is shutting down
16:12:06.731 [main] DEBUG org.apache.http.impl.conn.DefaultManagedHttpClientConnection -- http-outgoing-14: Close connection
16:12:06.731 [main] DEBUG org.apache.http.impl.conn.PoolingHttpClientConnectionManager -- Connection manager shut down
16:12:06.731 [main] DEBUG com.intuit.karate -- response time in milliseconds: 267
1 < 200
1 < X-Powered-By: Express
1 < Access-Control-Allow-Origin: *
1 < Content-Type: application/json; charset=utf-8
1 < Content-Length: 607
1 < ETag: W/"25f-rAiaJFuwoVIR0pgBhMwRdmHmysI"
1 < Date: Tue, 24 Jun 2025 09:12:06 GMT
1 < Connection: keep-alive
1 < Keep-Alive: timeout=5
{"access_token":"eyJhbGciOiJIUzI1NiIsInR5cCI6IkpXVCJ9.eyJzdWIiOiJjMjE0MjJkZi1jY2VjLTQ0MGUtOWE0Mi1jMWI4MmFiZjczM2QiLCJ1c2VybmFtZSI6ImpvaG5kb2UyOCIsInJvbGUiOjAsImlhdCI6MTc1MDc1NjMyNiwiZXhwIjoxNzUwNzU5OTI2fQ.aL3j3xs9Uj-5xSxjBFbghXAkR8CQlPGxS3p55vVBWjE","refresh_token":"b635bfb8dfe59ffd87ffc471e92c6e212936dd27f1b2fda8426088d5b6d9e68e","user":{"id":"c21422df-ccec-440e-9a42-c1b82abf733d","email":"test28@example.com","username":"johndoe28","name":"John Doe","phoneNumber":"84987654321","profilePic":null,"bio":null,"private":false,"verified":false,"role":0,"followersCount":0,"followingCount":0,"postCount":0}}

16:12:06.732 [main] INFO com.intuit.karate -- [print] *** AFTER API CALL *** Status: 200 
16:12:06.733 [main] INFO com.intuit.karate -- [print] ### API CALL COMPLETED ### Email: test28@example.com Status: 200 
16:12:06.733 [main] INFO com.intuit.karate -- [print] ### RESPONSE BODY ### {
  "access_token": "eyJhbGciOiJIUzI1NiIsInR5cCI6IkpXVCJ9.eyJzdWIiOiJjMjE0MjJkZi1jY2VjLTQ0MGUtOWE0Mi1jMWI4MmFiZjczM2QiLCJ1c2VybmFtZSI6ImpvaG5kb2UyOCIsInJvbGUiOjAsImlhdCI6MTc1MDc1NjMyNiwiZXhwIjoxNzUwNzU5OTI2fQ.aL3j3xs9Uj-5xSxjBFbghXAkR8CQlPGxS3p55vVBWjE",
  "refresh_token": "b635bfb8dfe59ffd87ffc471e92c6e212936dd27f1b2fda8426088d5b6d9e68e",
  "user": {
    "id": "c21422df-ccec-440e-9a42-c1b82abf733d",
    "email": "test28@example.com",
    "username": "johndoe28",
    "name": "John Doe",
    "phoneNumber": "84987654321",
    "profilePic": null,
    "bio": null,
    "private": false,
    "verified": false,
    "role": 0,
    "followersCount": 0,
    "followingCount": 0,
    "postCount": 0
  }
}
 
16:12:06.734 [main] INFO com.intuit.karate -- Request #15 completed - Status: 200 Time: 277ms 
16:12:06.734 [main] INFO com.intuit.karate -- *** SEQUENTIAL REQUEST #16 *** 
16:12:06.734 [main] INFO com.intuit.karate -- User: testit4@gmail.com 
16:12:06.739 [main] INFO com.intuit.karate -- [print] *** BEFORE API CALL *** Email: testit4@gmail.com URL: http://localhost:3000/auth/login 
16:12:06.740 [main] DEBUG com.jayway.jsonpath.internal.path.CompiledPath -- Evaluating path: $
16:12:06.740 [main] INFO com.intuit.karate -- [print] *** SENDING REQUEST *** Body: {
  "email": "#(email)",
  "password": "#(password)"
}
 
16:12:06.742 [main] DEBUG org.apache.http.client.protocol.RequestAddCookies -- CookieSpec selected: karate
16:12:06.742 [main] DEBUG org.apache.http.client.protocol.RequestAuthCache -- Auth cache not set in the context
16:12:06.742 [main] DEBUG com.intuit.karate -- request:
1 > POST http://localhost:3000/auth/login
1 > Content-Type: application/json; charset=UTF-8
1 > Content-Length: 54
1 > Host: localhost:3000
1 > Connection: Keep-Alive
1 > User-Agent: Apache-HttpClient/4.5.14 (Java/17.0.9)
1 > Accept-Encoding: gzip,deflate
{"email":"testit4@gmail.com","password":"Password123"}

16:12:06.742 [main] DEBUG org.apache.http.impl.conn.PoolingHttpClientConnectionManager -- Connection request: [route: {}->http://localhost:3000][total available: 0; route allocated: 0 of 5; total allocated: 0 of 10]
16:12:06.742 [main] DEBUG org.apache.http.impl.conn.PoolingHttpClientConnectionManager -- Connection leased: [id: 15][route: {}->http://localhost:3000][total available: 0; route allocated: 1 of 5; total allocated: 1 of 10]
16:12:06.742 [main] DEBUG org.apache.http.impl.execchain.MainClientExec -- Opening connection {}->http://localhost:3000
16:12:06.742 [main] DEBUG org.apache.http.impl.conn.DefaultHttpClientConnectionOperator -- Connecting to localhost/127.0.0.1:3000
16:12:06.742 [main] DEBUG org.apache.http.impl.conn.DefaultHttpClientConnectionOperator -- Connection established 127.0.0.1:51059<->127.0.0.1:3000
16:12:06.742 [main] DEBUG org.apache.http.impl.conn.DefaultManagedHttpClientConnection -- http-outgoing-15: set socket timeout to 30000
16:12:06.742 [main] DEBUG org.apache.http.impl.execchain.MainClientExec -- Executing request POST /auth/login HTTP/1.1
16:12:06.742 [main] DEBUG org.apache.http.impl.execchain.MainClientExec -- Target auth state: UNCHALLENGED
16:12:06.742 [main] DEBUG org.apache.http.impl.execchain.MainClientExec -- Proxy auth state: UNCHALLENGED
16:12:06.742 [main] DEBUG org.apache.http.headers -- http-outgoing-15 >> POST /auth/login HTTP/1.1
16:12:06.743 [main] DEBUG org.apache.http.headers -- http-outgoing-15 >> Content-Type: application/json; charset=UTF-8
16:12:06.743 [main] DEBUG org.apache.http.headers -- http-outgoing-15 >> Content-Length: 54
16:12:06.743 [main] DEBUG org.apache.http.headers -- http-outgoing-15 >> Host: localhost:3000
16:12:06.743 [main] DEBUG org.apache.http.headers -- http-outgoing-15 >> Connection: Keep-Alive
16:12:06.743 [main] DEBUG org.apache.http.headers -- http-outgoing-15 >> User-Agent: Apache-HttpClient/4.5.14 (Java/17.0.9)
16:12:06.743 [main] DEBUG org.apache.http.headers -- http-outgoing-15 >> Accept-Encoding: gzip,deflate
16:12:06.743 [main] DEBUG org.apache.http.wire -- http-outgoing-15 >> "POST /auth/login HTTP/1.1[\r][\n]"
16:12:06.743 [main] DEBUG org.apache.http.wire -- http-outgoing-15 >> "Content-Type: application/json; charset=UTF-8[\r][\n]"
16:12:06.743 [main] DEBUG org.apache.http.wire -- http-outgoing-15 >> "Content-Length: 54[\r][\n]"
16:12:06.743 [main] DEBUG org.apache.http.wire -- http-outgoing-15 >> "Host: localhost:3000[\r][\n]"
16:12:06.743 [main] DEBUG org.apache.http.wire -- http-outgoing-15 >> "Connection: Keep-Alive[\r][\n]"
16:12:06.743 [main] DEBUG org.apache.http.wire -- http-outgoing-15 >> "User-Agent: Apache-HttpClient/4.5.14 (Java/17.0.9)[\r][\n]"
16:12:06.743 [main] DEBUG org.apache.http.wire -- http-outgoing-15 >> "Accept-Encoding: gzip,deflate[\r][\n]"
16:12:06.743 [main] DEBUG org.apache.http.wire -- http-outgoing-15 >> "[\r][\n]"
16:12:06.743 [main] DEBUG org.apache.http.wire -- http-outgoing-15 >> "{"email":"testit4@gmail.com","password":"Password123"}"
16:12:07.008 [main] DEBUG org.apache.http.wire -- http-outgoing-15 << "HTTP/1.1 200 OK[\r][\n]"
16:12:07.008 [main] DEBUG org.apache.http.wire -- http-outgoing-15 << "X-Powered-By: Express[\r][\n]"
16:12:07.008 [main] DEBUG org.apache.http.wire -- http-outgoing-15 << "Access-Control-Allow-Origin: *[\r][\n]"
16:12:07.008 [main] DEBUG org.apache.http.wire -- http-outgoing-15 << "Content-Type: application/json; charset=utf-8[\r][\n]"
16:12:07.008 [main] DEBUG org.apache.http.wire -- http-outgoing-15 << "Content-Length: 607[\r][\n]"
16:12:07.008 [main] DEBUG org.apache.http.wire -- http-outgoing-15 << "ETag: W/"25f-6at2L5L/sxelSKeYITFYm6aFJOs"[\r][\n]"
16:12:07.008 [main] DEBUG org.apache.http.wire -- http-outgoing-15 << "Date: Tue, 24 Jun 2025 09:12:06 GMT[\r][\n]"
16:12:07.008 [main] DEBUG org.apache.http.wire -- http-outgoing-15 << "Connection: keep-alive[\r][\n]"
16:12:07.008 [main] DEBUG org.apache.http.wire -- http-outgoing-15 << "Keep-Alive: timeout=5[\r][\n]"
16:12:07.008 [main] DEBUG org.apache.http.wire -- http-outgoing-15 << "[\r][\n]"
16:12:07.008 [main] DEBUG org.apache.http.wire -- http-outgoing-15 << "{"access_token":"eyJhbGciOiJIUzI1NiIsInR5cCI6IkpXVCJ9.eyJzdWIiOiI5YTI2OTc2Yy0xNTMyLTRkZjMtYTE2ZS03NjMxNTI1Yzg1MDIiLCJ1c2VybmFtZSI6ImpvaG5kb2UyZDUiLCJyb2xlIjowLCJpYXQiOjE3NTA3NTYzMjYsImV4cCI6MTc1MDc1OTkyNn0.GhwTHkSZh6aDvcNSdiJW7STUXlbAnI0JYvWc_J1YEjY","refresh_token":"e246a51c58a58273074e5ff25f89aa57c06e5b1796fdc13ec1f9ae649b43a6a7","user":{"id":"9a26976c-1532-4df3-a16e-7631525c8502","email":"testit4@gmail.com","username":"johndoe2d5","name":"John Doe","phoneNumber":"0123456212","profilePic":null,"bio":null,"private":false,"verified":false,"role":0,"followersCount":0,"followingCount":0,"postCount":0}}"
16:12:07.008 [main] DEBUG org.apache.http.headers -- http-outgoing-15 << HTTP/1.1 200 OK
16:12:07.008 [main] DEBUG org.apache.http.headers -- http-outgoing-15 << X-Powered-By: Express
16:12:07.008 [main] DEBUG org.apache.http.headers -- http-outgoing-15 << Access-Control-Allow-Origin: *
16:12:07.008 [main] DEBUG org.apache.http.headers -- http-outgoing-15 << Content-Type: application/json; charset=utf-8
16:12:07.008 [main] DEBUG org.apache.http.headers -- http-outgoing-15 << Content-Length: 607
16:12:07.008 [main] DEBUG org.apache.http.headers -- http-outgoing-15 << ETag: W/"25f-6at2L5L/sxelSKeYITFYm6aFJOs"
16:12:07.008 [main] DEBUG org.apache.http.headers -- http-outgoing-15 << Date: Tue, 24 Jun 2025 09:12:06 GMT
16:12:07.008 [main] DEBUG org.apache.http.headers -- http-outgoing-15 << Connection: keep-alive
16:12:07.008 [main] DEBUG org.apache.http.headers -- http-outgoing-15 << Keep-Alive: timeout=5
16:12:07.008 [main] DEBUG org.apache.http.impl.execchain.MainClientExec -- Connection can be kept alive for 5000 MILLISECONDS
16:12:07.008 [main] DEBUG org.apache.http.impl.conn.PoolingHttpClientConnectionManager -- Connection [id: 15][route: {}->http://localhost:3000] can be kept alive for 5.0 seconds
16:12:07.008 [main] DEBUG org.apache.http.impl.conn.DefaultManagedHttpClientConnection -- http-outgoing-15: set socket timeout to 0
16:12:07.008 [main] DEBUG org.apache.http.impl.conn.PoolingHttpClientConnectionManager -- Connection released: [id: 15][route: {}->http://localhost:3000][total available: 1; route allocated: 1 of 5; total allocated: 1 of 10]
16:12:07.008 [main] DEBUG org.apache.http.impl.conn.PoolingHttpClientConnectionManager -- Connection manager is shutting down
16:12:07.008 [main] DEBUG org.apache.http.impl.conn.DefaultManagedHttpClientConnection -- http-outgoing-15: Close connection
16:12:07.008 [main] DEBUG org.apache.http.impl.conn.PoolingHttpClientConnectionManager -- Connection manager shut down
16:12:07.009 [main] DEBUG com.intuit.karate -- response time in milliseconds: 266
1 < 200
1 < X-Powered-By: Express
1 < Access-Control-Allow-Origin: *
1 < Content-Type: application/json; charset=utf-8
1 < Content-Length: 607
1 < ETag: W/"25f-6at2L5L/sxelSKeYITFYm6aFJOs"
1 < Date: Tue, 24 Jun 2025 09:12:06 GMT
1 < Connection: keep-alive
1 < Keep-Alive: timeout=5
{"access_token":"eyJhbGciOiJIUzI1NiIsInR5cCI6IkpXVCJ9.eyJzdWIiOiI5YTI2OTc2Yy0xNTMyLTRkZjMtYTE2ZS03NjMxNTI1Yzg1MDIiLCJ1c2VybmFtZSI6ImpvaG5kb2UyZDUiLCJyb2xlIjowLCJpYXQiOjE3NTA3NTYzMjYsImV4cCI6MTc1MDc1OTkyNn0.GhwTHkSZh6aDvcNSdiJW7STUXlbAnI0JYvWc_J1YEjY","refresh_token":"e246a51c58a58273074e5ff25f89aa57c06e5b1796fdc13ec1f9ae649b43a6a7","user":{"id":"9a26976c-1532-4df3-a16e-7631525c8502","email":"testit4@gmail.com","username":"johndoe2d5","name":"John Doe","phoneNumber":"0123456212","profilePic":null,"bio":null,"private":false,"verified":false,"role":0,"followersCount":0,"followingCount":0,"postCount":0}}

16:12:07.009 [main] INFO com.intuit.karate -- [print] *** AFTER API CALL *** Status: 200 
16:12:07.010 [main] INFO com.intuit.karate -- [print] ### API CALL COMPLETED ### Email: testit4@gmail.com Status: 200 
16:12:07.010 [main] INFO com.intuit.karate -- [print] ### RESPONSE BODY ### {
  "access_token": "eyJhbGciOiJIUzI1NiIsInR5cCI6IkpXVCJ9.eyJzdWIiOiI5YTI2OTc2Yy0xNTMyLTRkZjMtYTE2ZS03NjMxNTI1Yzg1MDIiLCJ1c2VybmFtZSI6ImpvaG5kb2UyZDUiLCJyb2xlIjowLCJpYXQiOjE3NTA3NTYzMjYsImV4cCI6MTc1MDc1OTkyNn0.GhwTHkSZh6aDvcNSdiJW7STUXlbAnI0JYvWc_J1YEjY",
  "refresh_token": "e246a51c58a58273074e5ff25f89aa57c06e5b1796fdc13ec1f9ae649b43a6a7",
  "user": {
    "id": "9a26976c-1532-4df3-a16e-7631525c8502",
    "email": "testit4@gmail.com",
    "username": "johndoe2d5",
    "name": "John Doe",
    "phoneNumber": "0123456212",
    "profilePic": null,
    "bio": null,
    "private": false,
    "verified": false,
    "role": 0,
    "followersCount": 0,
    "followingCount": 0,
    "postCount": 0
  }
}
 
16:12:07.012 [main] INFO com.intuit.karate -- Request #16 completed - Status: 200 Time: 277ms 
16:12:07.012 [main] INFO com.intuit.karate -- *** SEQUENTIAL REQUEST #17 *** 
16:12:07.012 [main] INFO com.intuit.karate -- User: testit3@gmail.com 
16:12:07.016 [main] INFO com.intuit.karate -- [print] *** BEFORE API CALL *** Email: testit3@gmail.com URL: http://localhost:3000/auth/login 
16:12:07.016 [main] DEBUG com.jayway.jsonpath.internal.path.CompiledPath -- Evaluating path: $
16:12:07.016 [main] INFO com.intuit.karate -- [print] *** SENDING REQUEST *** Body: {
  "email": "#(email)",
  "password": "#(password)"
}
 
16:12:07.018 [main] DEBUG org.apache.http.client.protocol.RequestAddCookies -- CookieSpec selected: karate
16:12:07.018 [main] DEBUG org.apache.http.client.protocol.RequestAuthCache -- Auth cache not set in the context
16:12:07.018 [main] DEBUG com.intuit.karate -- request:
1 > POST http://localhost:3000/auth/login
1 > Content-Type: application/json; charset=UTF-8
1 > Content-Length: 54
1 > Host: localhost:3000
1 > Connection: Keep-Alive
1 > User-Agent: Apache-HttpClient/4.5.14 (Java/17.0.9)
1 > Accept-Encoding: gzip,deflate
{"email":"testit3@gmail.com","password":"Password123"}

16:12:07.018 [main] DEBUG org.apache.http.impl.conn.PoolingHttpClientConnectionManager -- Connection request: [route: {}->http://localhost:3000][total available: 0; route allocated: 0 of 5; total allocated: 0 of 10]
16:12:07.018 [main] DEBUG org.apache.http.impl.conn.PoolingHttpClientConnectionManager -- Connection leased: [id: 16][route: {}->http://localhost:3000][total available: 0; route allocated: 1 of 5; total allocated: 1 of 10]
16:12:07.018 [main] DEBUG org.apache.http.impl.execchain.MainClientExec -- Opening connection {}->http://localhost:3000
16:12:07.018 [main] DEBUG org.apache.http.impl.conn.DefaultHttpClientConnectionOperator -- Connecting to localhost/127.0.0.1:3000
16:12:07.018 [main] DEBUG org.apache.http.impl.conn.DefaultHttpClientConnectionOperator -- Connection established 127.0.0.1:51060<->127.0.0.1:3000
16:12:07.018 [main] DEBUG org.apache.http.impl.conn.DefaultManagedHttpClientConnection -- http-outgoing-16: set socket timeout to 30000
16:12:07.018 [main] DEBUG org.apache.http.impl.execchain.MainClientExec -- Executing request POST /auth/login HTTP/1.1
16:12:07.018 [main] DEBUG org.apache.http.impl.execchain.MainClientExec -- Target auth state: UNCHALLENGED
16:12:07.018 [main] DEBUG org.apache.http.impl.execchain.MainClientExec -- Proxy auth state: UNCHALLENGED
16:12:07.018 [main] DEBUG org.apache.http.headers -- http-outgoing-16 >> POST /auth/login HTTP/1.1
16:12:07.018 [main] DEBUG org.apache.http.headers -- http-outgoing-16 >> Content-Type: application/json; charset=UTF-8
16:12:07.018 [main] DEBUG org.apache.http.headers -- http-outgoing-16 >> Content-Length: 54
16:12:07.019 [main] DEBUG org.apache.http.headers -- http-outgoing-16 >> Host: localhost:3000
16:12:07.019 [main] DEBUG org.apache.http.headers -- http-outgoing-16 >> Connection: Keep-Alive
16:12:07.019 [main] DEBUG org.apache.http.headers -- http-outgoing-16 >> User-Agent: Apache-HttpClient/4.5.14 (Java/17.0.9)
16:12:07.019 [main] DEBUG org.apache.http.headers -- http-outgoing-16 >> Accept-Encoding: gzip,deflate
16:12:07.019 [main] DEBUG org.apache.http.wire -- http-outgoing-16 >> "POST /auth/login HTTP/1.1[\r][\n]"
16:12:07.019 [main] DEBUG org.apache.http.wire -- http-outgoing-16 >> "Content-Type: application/json; charset=UTF-8[\r][\n]"
16:12:07.019 [main] DEBUG org.apache.http.wire -- http-outgoing-16 >> "Content-Length: 54[\r][\n]"
16:12:07.019 [main] DEBUG org.apache.http.wire -- http-outgoing-16 >> "Host: localhost:3000[\r][\n]"
16:12:07.019 [main] DEBUG org.apache.http.wire -- http-outgoing-16 >> "Connection: Keep-Alive[\r][\n]"
16:12:07.019 [main] DEBUG org.apache.http.wire -- http-outgoing-16 >> "User-Agent: Apache-HttpClient/4.5.14 (Java/17.0.9)[\r][\n]"
16:12:07.019 [main] DEBUG org.apache.http.wire -- http-outgoing-16 >> "Accept-Encoding: gzip,deflate[\r][\n]"
16:12:07.019 [main] DEBUG org.apache.http.wire -- http-outgoing-16 >> "[\r][\n]"
16:12:07.019 [main] DEBUG org.apache.http.wire -- http-outgoing-16 >> "{"email":"testit3@gmail.com","password":"Password123"}"
16:12:07.311 [main] DEBUG org.apache.http.wire -- http-outgoing-16 << "HTTP/1.1 200 OK[\r][\n]"
16:12:07.313 [main] DEBUG org.apache.http.wire -- http-outgoing-16 << "X-Powered-By: Express[\r][\n]"
16:12:07.313 [main] DEBUG org.apache.http.wire -- http-outgoing-16 << "Access-Control-Allow-Origin: *[\r][\n]"
16:12:07.313 [main] DEBUG org.apache.http.wire -- http-outgoing-16 << "Content-Type: application/json; charset=utf-8[\r][\n]"
16:12:07.313 [main] DEBUG org.apache.http.wire -- http-outgoing-16 << "Content-Length: 605[\r][\n]"
16:12:07.313 [main] DEBUG org.apache.http.wire -- http-outgoing-16 << "ETag: W/"25d-40KSDcv5SXHfDQx65xCQtFk/Nto"[\r][\n]"
16:12:07.313 [main] DEBUG org.apache.http.wire -- http-outgoing-16 << "Date: Tue, 24 Jun 2025 09:12:07 GMT[\r][\n]"
16:12:07.313 [main] DEBUG org.apache.http.wire -- http-outgoing-16 << "Connection: keep-alive[\r][\n]"
16:12:07.313 [main] DEBUG org.apache.http.wire -- http-outgoing-16 << "Keep-Alive: timeout=5[\r][\n]"
16:12:07.313 [main] DEBUG org.apache.http.wire -- http-outgoing-16 << "[\r][\n]"
16:12:07.313 [main] DEBUG org.apache.http.wire -- http-outgoing-16 << "{"access_token":"eyJhbGciOiJIUzI1NiIsInR5cCI6IkpXVCJ9.eyJzdWIiOiI2NTBjZTFlZC1hYWNhLTQzOGYtOTk4OC0xZjA1OGFiNWFhMWEiLCJ1c2VybmFtZSI6ImpvaG5kb2UyNSIsInJvbGUiOjAsImlhdCI6MTc1MDc1NjMyNywiZXhwIjoxNzUwNzU5OTI3fQ.7rbTZzFb_yLuE0w9zbzb2R1Gh-4PtVtvDXQbxnqT-BM","refresh_token":"b3f480d41a49f309d5eb66bd204edbfcf4a37ec7551b2bd3358f88f2cabb200e","user":{"id":"650ce1ed-aaca-438f-9988-1f058ab5aa1a","email":"testit3@gmail.com","username":"johndoe25","name":"John Doe","phoneNumber":"0123456713","profilePic":null,"bio":null,"private":false,"verified":false,"role":0,"followersCount":0,"followingCount":0,"postCount":0}}"
16:12:07.313 [main] DEBUG org.apache.http.headers -- http-outgoing-16 << HTTP/1.1 200 OK
16:12:07.313 [main] DEBUG org.apache.http.headers -- http-outgoing-16 << X-Powered-By: Express
16:12:07.313 [main] DEBUG org.apache.http.headers -- http-outgoing-16 << Access-Control-Allow-Origin: *
16:12:07.313 [main] DEBUG org.apache.http.headers -- http-outgoing-16 << Content-Type: application/json; charset=utf-8
16:12:07.313 [main] DEBUG org.apache.http.headers -- http-outgoing-16 << Content-Length: 605
16:12:07.313 [main] DEBUG org.apache.http.headers -- http-outgoing-16 << ETag: W/"25d-40KSDcv5SXHfDQx65xCQtFk/Nto"
16:12:07.313 [main] DEBUG org.apache.http.headers -- http-outgoing-16 << Date: Tue, 24 Jun 2025 09:12:07 GMT
16:12:07.313 [main] DEBUG org.apache.http.headers -- http-outgoing-16 << Connection: keep-alive
16:12:07.313 [main] DEBUG org.apache.http.headers -- http-outgoing-16 << Keep-Alive: timeout=5
16:12:07.313 [main] DEBUG org.apache.http.impl.execchain.MainClientExec -- Connection can be kept alive for 5000 MILLISECONDS
16:12:07.313 [main] DEBUG org.apache.http.impl.conn.PoolingHttpClientConnectionManager -- Connection [id: 16][route: {}->http://localhost:3000] can be kept alive for 5.0 seconds
16:12:07.313 [main] DEBUG org.apache.http.impl.conn.DefaultManagedHttpClientConnection -- http-outgoing-16: set socket timeout to 0
16:12:07.313 [main] DEBUG org.apache.http.impl.conn.PoolingHttpClientConnectionManager -- Connection released: [id: 16][route: {}->http://localhost:3000][total available: 1; route allocated: 1 of 5; total allocated: 1 of 10]
16:12:07.313 [main] DEBUG org.apache.http.impl.conn.PoolingHttpClientConnectionManager -- Connection manager is shutting down
16:12:07.313 [main] DEBUG org.apache.http.impl.conn.DefaultManagedHttpClientConnection -- http-outgoing-16: Close connection
16:12:07.313 [main] DEBUG org.apache.http.impl.conn.PoolingHttpClientConnectionManager -- Connection manager shut down
16:12:07.313 [main] DEBUG com.intuit.karate -- response time in milliseconds: 295
1 < 200
1 < X-Powered-By: Express
1 < Access-Control-Allow-Origin: *
1 < Content-Type: application/json; charset=utf-8
1 < Content-Length: 605
1 < ETag: W/"25d-40KSDcv5SXHfDQx65xCQtFk/Nto"
1 < Date: Tue, 24 Jun 2025 09:12:07 GMT
1 < Connection: keep-alive
1 < Keep-Alive: timeout=5
{"access_token":"eyJhbGciOiJIUzI1NiIsInR5cCI6IkpXVCJ9.eyJzdWIiOiI2NTBjZTFlZC1hYWNhLTQzOGYtOTk4OC0xZjA1OGFiNWFhMWEiLCJ1c2VybmFtZSI6ImpvaG5kb2UyNSIsInJvbGUiOjAsImlhdCI6MTc1MDc1NjMyNywiZXhwIjoxNzUwNzU5OTI3fQ.7rbTZzFb_yLuE0w9zbzb2R1Gh-4PtVtvDXQbxnqT-BM","refresh_token":"b3f480d41a49f309d5eb66bd204edbfcf4a37ec7551b2bd3358f88f2cabb200e","user":{"id":"650ce1ed-aaca-438f-9988-1f058ab5aa1a","email":"testit3@gmail.com","username":"johndoe25","name":"John Doe","phoneNumber":"0123456713","profilePic":null,"bio":null,"private":false,"verified":false,"role":0,"followersCount":0,"followingCount":0,"postCount":0}}

16:12:07.313 [main] INFO com.intuit.karate -- [print] *** AFTER API CALL *** Status: 200 
16:12:07.314 [main] INFO com.intuit.karate -- [print] ### API CALL COMPLETED ### Email: testit3@gmail.com Status: 200 
16:12:07.314 [main] INFO com.intuit.karate -- [print] ### RESPONSE BODY ### {
  "access_token": "eyJhbGciOiJIUzI1NiIsInR5cCI6IkpXVCJ9.eyJzdWIiOiI2NTBjZTFlZC1hYWNhLTQzOGYtOTk4OC0xZjA1OGFiNWFhMWEiLCJ1c2VybmFtZSI6ImpvaG5kb2UyNSIsInJvbGUiOjAsImlhdCI6MTc1MDc1NjMyNywiZXhwIjoxNzUwNzU5OTI3fQ.7rbTZzFb_yLuE0w9zbzb2R1Gh-4PtVtvDXQbxnqT-BM",
  "refresh_token": "b3f480d41a49f309d5eb66bd204edbfcf4a37ec7551b2bd3358f88f2cabb200e",
  "user": {
    "id": "650ce1ed-aaca-438f-9988-1f058ab5aa1a",
    "email": "testit3@gmail.com",
    "username": "johndoe25",
    "name": "John Doe",
    "phoneNumber": "0123456713",
    "profilePic": null,
    "bio": null,
    "private": false,
    "verified": false,
    "role": 0,
    "followersCount": 0,
    "followingCount": 0,
    "postCount": 0
  }
}
 
16:12:07.315 [main] INFO com.intuit.karate -- Request #17 completed - Status: 200 Time: 302ms 
16:12:07.315 [main] INFO com.intuit.karate -- *** SEQUENTIAL REQUEST #18 *** 
16:12:07.316 [main] INFO com.intuit.karate -- User: testit5@gmail.com 
16:12:07.320 [main] INFO com.intuit.karate -- [print] *** BEFORE API CALL *** Email: testit5@gmail.com URL: http://localhost:3000/auth/login 
16:12:07.321 [main] DEBUG com.jayway.jsonpath.internal.path.CompiledPath -- Evaluating path: $
16:12:07.321 [main] INFO com.intuit.karate -- [print] *** SENDING REQUEST *** Body: {
  "email": "#(email)",
  "password": "#(password)"
}
 
16:12:07.322 [main] DEBUG org.apache.http.client.protocol.RequestAddCookies -- CookieSpec selected: karate
16:12:07.322 [main] DEBUG org.apache.http.client.protocol.RequestAuthCache -- Auth cache not set in the context
16:12:07.322 [main] DEBUG com.intuit.karate -- request:
1 > POST http://localhost:3000/auth/login
1 > Content-Type: application/json; charset=UTF-8
1 > Content-Length: 54
1 > Host: localhost:3000
1 > Connection: Keep-Alive
1 > User-Agent: Apache-HttpClient/4.5.14 (Java/17.0.9)
1 > Accept-Encoding: gzip,deflate
{"email":"testit5@gmail.com","password":"Password123"}

16:12:07.322 [main] DEBUG org.apache.http.impl.conn.PoolingHttpClientConnectionManager -- Connection request: [route: {}->http://localhost:3000][total available: 0; route allocated: 0 of 5; total allocated: 0 of 10]
16:12:07.322 [main] DEBUG org.apache.http.impl.conn.PoolingHttpClientConnectionManager -- Connection leased: [id: 17][route: {}->http://localhost:3000][total available: 0; route allocated: 1 of 5; total allocated: 1 of 10]
16:12:07.322 [main] DEBUG org.apache.http.impl.execchain.MainClientExec -- Opening connection {}->http://localhost:3000
16:12:07.322 [main] DEBUG org.apache.http.impl.conn.DefaultHttpClientConnectionOperator -- Connecting to localhost/127.0.0.1:3000
16:12:07.323 [main] DEBUG org.apache.http.impl.conn.DefaultHttpClientConnectionOperator -- Connection established 127.0.0.1:51061<->127.0.0.1:3000
16:12:07.323 [main] DEBUG org.apache.http.impl.conn.DefaultManagedHttpClientConnection -- http-outgoing-17: set socket timeout to 30000
16:12:07.323 [main] DEBUG org.apache.http.impl.execchain.MainClientExec -- Executing request POST /auth/login HTTP/1.1
16:12:07.323 [main] DEBUG org.apache.http.impl.execchain.MainClientExec -- Target auth state: UNCHALLENGED
16:12:07.323 [main] DEBUG org.apache.http.impl.execchain.MainClientExec -- Proxy auth state: UNCHALLENGED
16:12:07.323 [main] DEBUG org.apache.http.headers -- http-outgoing-17 >> POST /auth/login HTTP/1.1
16:12:07.323 [main] DEBUG org.apache.http.headers -- http-outgoing-17 >> Content-Type: application/json; charset=UTF-8
16:12:07.323 [main] DEBUG org.apache.http.headers -- http-outgoing-17 >> Content-Length: 54
16:12:07.323 [main] DEBUG org.apache.http.headers -- http-outgoing-17 >> Host: localhost:3000
16:12:07.323 [main] DEBUG org.apache.http.headers -- http-outgoing-17 >> Connection: Keep-Alive
16:12:07.323 [main] DEBUG org.apache.http.headers -- http-outgoing-17 >> User-Agent: Apache-HttpClient/4.5.14 (Java/17.0.9)
16:12:07.323 [main] DEBUG org.apache.http.headers -- http-outgoing-17 >> Accept-Encoding: gzip,deflate
16:12:07.323 [main] DEBUG org.apache.http.wire -- http-outgoing-17 >> "POST /auth/login HTTP/1.1[\r][\n]"
16:12:07.323 [main] DEBUG org.apache.http.wire -- http-outgoing-17 >> "Content-Type: application/json; charset=UTF-8[\r][\n]"
16:12:07.323 [main] DEBUG org.apache.http.wire -- http-outgoing-17 >> "Content-Length: 54[\r][\n]"
16:12:07.323 [main] DEBUG org.apache.http.wire -- http-outgoing-17 >> "Host: localhost:3000[\r][\n]"
16:12:07.323 [main] DEBUG org.apache.http.wire -- http-outgoing-17 >> "Connection: Keep-Alive[\r][\n]"
16:12:07.323 [main] DEBUG org.apache.http.wire -- http-outgoing-17 >> "User-Agent: Apache-HttpClient/4.5.14 (Java/17.0.9)[\r][\n]"
16:12:07.323 [main] DEBUG org.apache.http.wire -- http-outgoing-17 >> "Accept-Encoding: gzip,deflate[\r][\n]"
16:12:07.323 [main] DEBUG org.apache.http.wire -- http-outgoing-17 >> "[\r][\n]"
16:12:07.323 [main] DEBUG org.apache.http.wire -- http-outgoing-17 >> "{"email":"testit5@gmail.com","password":"Password123"}"
16:12:07.609 [main] DEBUG org.apache.http.wire -- http-outgoing-17 << "HTTP/1.1 200 OK[\r][\n]"
16:12:07.610 [main] DEBUG org.apache.http.wire -- http-outgoing-17 << "X-Powered-By: Express[\r][\n]"
16:12:07.610 [main] DEBUG org.apache.http.wire -- http-outgoing-17 << "Access-Control-Allow-Origin: *[\r][\n]"
16:12:07.610 [main] DEBUG org.apache.http.wire -- http-outgoing-17 << "Content-Type: application/json; charset=utf-8[\r][\n]"
16:12:07.610 [main] DEBUG org.apache.http.wire -- http-outgoing-17 << "Content-Length: 609[\r][\n]"
16:12:07.610 [main] DEBUG org.apache.http.wire -- http-outgoing-17 << "ETag: W/"261-aCU5SdwanF/6ncd9mG+0pdl3HpA"[\r][\n]"
16:12:07.610 [main] DEBUG org.apache.http.wire -- http-outgoing-17 << "Date: Tue, 24 Jun 2025 09:12:07 GMT[\r][\n]"
16:12:07.610 [main] DEBUG org.apache.http.wire -- http-outgoing-17 << "Connection: keep-alive[\r][\n]"
16:12:07.610 [main] DEBUG org.apache.http.wire -- http-outgoing-17 << "Keep-Alive: timeout=5[\r][\n]"
16:12:07.610 [main] DEBUG org.apache.http.wire -- http-outgoing-17 << "[\r][\n]"
16:12:07.610 [main] DEBUG org.apache.http.wire -- http-outgoing-17 << "{"access_token":"eyJhbGciOiJIUzI1NiIsInR5cCI6IkpXVCJ9.eyJzdWIiOiIyNzJmNmI1NS01MTc5LTRhZTMtODU2My1iNGVjMTBmNzY3MTUiLCJ1c2VybmFtZSI6ImpvaG5kb2UyZDVkIiwicm9sZSI6MCwiaWF0IjoxNzUwNzU2MzI3LCJleHAiOjE3NTA3NTk5Mjd9.YJYlf2_8LvRwyU6hSUMp-L8aJJUQrwkp7w9u7eBXtQc","refresh_token":"672880ea0641aff7fe70245b925cbbb57c642c6678986dade1a32996aa5cd40c","user":{"id":"272f6b55-5179-4ae3-8563-b4ec10f76715","email":"testit5@gmail.com","username":"johndoe2d5d","name":"John Doe","phoneNumber":"0123456132","profilePic":null,"bio":null,"private":false,"verified":false,"role":0,"followersCount":0,"followingCount":0,"postCount":0}}"
16:12:07.610 [main] DEBUG org.apache.http.headers -- http-outgoing-17 << HTTP/1.1 200 OK
16:12:07.610 [main] DEBUG org.apache.http.headers -- http-outgoing-17 << X-Powered-By: Express
16:12:07.610 [main] DEBUG org.apache.http.headers -- http-outgoing-17 << Access-Control-Allow-Origin: *
16:12:07.610 [main] DEBUG org.apache.http.headers -- http-outgoing-17 << Content-Type: application/json; charset=utf-8
16:12:07.610 [main] DEBUG org.apache.http.headers -- http-outgoing-17 << Content-Length: 609
16:12:07.610 [main] DEBUG org.apache.http.headers -- http-outgoing-17 << ETag: W/"261-aCU5SdwanF/6ncd9mG+0pdl3HpA"
16:12:07.610 [main] DEBUG org.apache.http.headers -- http-outgoing-17 << Date: Tue, 24 Jun 2025 09:12:07 GMT
16:12:07.610 [main] DEBUG org.apache.http.headers -- http-outgoing-17 << Connection: keep-alive
16:12:07.610 [main] DEBUG org.apache.http.headers -- http-outgoing-17 << Keep-Alive: timeout=5
16:12:07.610 [main] DEBUG org.apache.http.impl.execchain.MainClientExec -- Connection can be kept alive for 5000 MILLISECONDS
16:12:07.610 [main] DEBUG org.apache.http.impl.conn.PoolingHttpClientConnectionManager -- Connection [id: 17][route: {}->http://localhost:3000] can be kept alive for 5.0 seconds
16:12:07.610 [main] DEBUG org.apache.http.impl.conn.DefaultManagedHttpClientConnection -- http-outgoing-17: set socket timeout to 0
16:12:07.610 [main] DEBUG org.apache.http.impl.conn.PoolingHttpClientConnectionManager -- Connection released: [id: 17][route: {}->http://localhost:3000][total available: 1; route allocated: 1 of 5; total allocated: 1 of 10]
16:12:07.610 [main] DEBUG org.apache.http.impl.conn.PoolingHttpClientConnectionManager -- Connection manager is shutting down
16:12:07.610 [main] DEBUG org.apache.http.impl.conn.DefaultManagedHttpClientConnection -- http-outgoing-17: Close connection
16:12:07.610 [main] DEBUG org.apache.http.impl.conn.PoolingHttpClientConnectionManager -- Connection manager shut down
16:12:07.611 [main] DEBUG com.intuit.karate -- response time in milliseconds: 288
1 < 200
1 < X-Powered-By: Express
1 < Access-Control-Allow-Origin: *
1 < Content-Type: application/json; charset=utf-8
1 < Content-Length: 609
1 < ETag: W/"261-aCU5SdwanF/6ncd9mG+0pdl3HpA"
1 < Date: Tue, 24 Jun 2025 09:12:07 GMT
1 < Connection: keep-alive
1 < Keep-Alive: timeout=5
{"access_token":"eyJhbGciOiJIUzI1NiIsInR5cCI6IkpXVCJ9.eyJzdWIiOiIyNzJmNmI1NS01MTc5LTRhZTMtODU2My1iNGVjMTBmNzY3MTUiLCJ1c2VybmFtZSI6ImpvaG5kb2UyZDVkIiwicm9sZSI6MCwiaWF0IjoxNzUwNzU2MzI3LCJleHAiOjE3NTA3NTk5Mjd9.YJYlf2_8LvRwyU6hSUMp-L8aJJUQrwkp7w9u7eBXtQc","refresh_token":"672880ea0641aff7fe70245b925cbbb57c642c6678986dade1a32996aa5cd40c","user":{"id":"272f6b55-5179-4ae3-8563-b4ec10f76715","email":"testit5@gmail.com","username":"johndoe2d5d","name":"John Doe","phoneNumber":"0123456132","profilePic":null,"bio":null,"private":false,"verified":false,"role":0,"followersCount":0,"followingCount":0,"postCount":0}}

16:12:07.611 [main] INFO com.intuit.karate -- [print] *** AFTER API CALL *** Status: 200 
16:12:07.612 [main] INFO com.intuit.karate -- [print] ### API CALL COMPLETED ### Email: testit5@gmail.com Status: 200 
16:12:07.613 [main] INFO com.intuit.karate -- [print] ### RESPONSE BODY ### {
  "access_token": "eyJhbGciOiJIUzI1NiIsInR5cCI6IkpXVCJ9.eyJzdWIiOiIyNzJmNmI1NS01MTc5LTRhZTMtODU2My1iNGVjMTBmNzY3MTUiLCJ1c2VybmFtZSI6ImpvaG5kb2UyZDVkIiwicm9sZSI6MCwiaWF0IjoxNzUwNzU2MzI3LCJleHAiOjE3NTA3NTk5Mjd9.YJYlf2_8LvRwyU6hSUMp-L8aJJUQrwkp7w9u7eBXtQc",
  "refresh_token": "672880ea0641aff7fe70245b925cbbb57c642c6678986dade1a32996aa5cd40c",
  "user": {
    "id": "272f6b55-5179-4ae3-8563-b4ec10f76715",
    "email": "testit5@gmail.com",
    "username": "johndoe2d5d",
    "name": "John Doe",
    "phoneNumber": "0123456132",
    "profilePic": null,
    "bio": null,
    "private": false,
    "verified": false,
    "role": 0,
    "followersCount": 0,
    "followingCount": 0,
    "postCount": 0
  }
}
 
16:12:07.614 [main] INFO com.intuit.karate -- Request #18 completed - Status: 200 Time: 298ms 
16:12:07.615 [main] INFO com.intuit.karate -- *** SEQUENTIAL REQUEST #19 *** 
16:12:07.615 [main] INFO com.intuit.karate -- User: testit@gmail.com 
16:12:07.621 [main] INFO com.intuit.karate -- [print] *** BEFORE API CALL *** Email: testit@gmail.com URL: http://localhost:3000/auth/login 
16:12:07.622 [main] DEBUG com.jayway.jsonpath.internal.path.CompiledPath -- Evaluating path: $
16:12:07.622 [main] INFO com.intuit.karate -- [print] *** SENDING REQUEST *** Body: {
  "email": "#(email)",
  "password": "#(password)"
}
 
16:12:07.623 [main] DEBUG org.apache.http.client.protocol.RequestAddCookies -- CookieSpec selected: karate
16:12:07.624 [main] DEBUG org.apache.http.client.protocol.RequestAuthCache -- Auth cache not set in the context
16:12:07.624 [main] DEBUG com.intuit.karate -- request:
1 > POST http://localhost:3000/auth/login
1 > Content-Type: application/json; charset=UTF-8
1 > Content-Length: 53
1 > Host: localhost:3000
1 > Connection: Keep-Alive
1 > User-Agent: Apache-HttpClient/4.5.14 (Java/17.0.9)
1 > Accept-Encoding: gzip,deflate
{"email":"testit@gmail.com","password":"Password123"}

16:12:07.624 [main] DEBUG org.apache.http.impl.conn.PoolingHttpClientConnectionManager -- Connection request: [route: {}->http://localhost:3000][total available: 0; route allocated: 0 of 5; total allocated: 0 of 10]
16:12:07.624 [main] DEBUG org.apache.http.impl.conn.PoolingHttpClientConnectionManager -- Connection leased: [id: 18][route: {}->http://localhost:3000][total available: 0; route allocated: 1 of 5; total allocated: 1 of 10]
16:12:07.624 [main] DEBUG org.apache.http.impl.execchain.MainClientExec -- Opening connection {}->http://localhost:3000
16:12:07.624 [main] DEBUG org.apache.http.impl.conn.DefaultHttpClientConnectionOperator -- Connecting to localhost/127.0.0.1:3000
16:12:07.624 [main] DEBUG org.apache.http.impl.conn.DefaultHttpClientConnectionOperator -- Connection established 127.0.0.1:51062<->127.0.0.1:3000
16:12:07.624 [main] DEBUG org.apache.http.impl.conn.DefaultManagedHttpClientConnection -- http-outgoing-18: set socket timeout to 30000
16:12:07.624 [main] DEBUG org.apache.http.impl.execchain.MainClientExec -- Executing request POST /auth/login HTTP/1.1
16:12:07.624 [main] DEBUG org.apache.http.impl.execchain.MainClientExec -- Target auth state: UNCHALLENGED
16:12:07.624 [main] DEBUG org.apache.http.impl.execchain.MainClientExec -- Proxy auth state: UNCHALLENGED
16:12:07.624 [main] DEBUG org.apache.http.headers -- http-outgoing-18 >> POST /auth/login HTTP/1.1
16:12:07.624 [main] DEBUG org.apache.http.headers -- http-outgoing-18 >> Content-Type: application/json; charset=UTF-8
16:12:07.624 [main] DEBUG org.apache.http.headers -- http-outgoing-18 >> Content-Length: 53
16:12:07.624 [main] DEBUG org.apache.http.headers -- http-outgoing-18 >> Host: localhost:3000
16:12:07.624 [main] DEBUG org.apache.http.headers -- http-outgoing-18 >> Connection: Keep-Alive
16:12:07.624 [main] DEBUG org.apache.http.headers -- http-outgoing-18 >> User-Agent: Apache-HttpClient/4.5.14 (Java/17.0.9)
16:12:07.624 [main] DEBUG org.apache.http.headers -- http-outgoing-18 >> Accept-Encoding: gzip,deflate
16:12:07.624 [main] DEBUG org.apache.http.wire -- http-outgoing-18 >> "POST /auth/login HTTP/1.1[\r][\n]"
16:12:07.624 [main] DEBUG org.apache.http.wire -- http-outgoing-18 >> "Content-Type: application/json; charset=UTF-8[\r][\n]"
16:12:07.624 [main] DEBUG org.apache.http.wire -- http-outgoing-18 >> "Content-Length: 53[\r][\n]"
16:12:07.624 [main] DEBUG org.apache.http.wire -- http-outgoing-18 >> "Host: localhost:3000[\r][\n]"
16:12:07.624 [main] DEBUG org.apache.http.wire -- http-outgoing-18 >> "Connection: Keep-Alive[\r][\n]"
16:12:07.624 [main] DEBUG org.apache.http.wire -- http-outgoing-18 >> "User-Agent: Apache-HttpClient/4.5.14 (Java/17.0.9)[\r][\n]"
16:12:07.624 [main] DEBUG org.apache.http.wire -- http-outgoing-18 >> "Accept-Encoding: gzip,deflate[\r][\n]"
16:12:07.624 [main] DEBUG org.apache.http.wire -- http-outgoing-18 >> "[\r][\n]"
16:12:07.625 [main] DEBUG org.apache.http.wire -- http-outgoing-18 >> "{"email":"testit@gmail.com","password":"Password123"}"
16:12:07.892 [main] DEBUG org.apache.http.wire -- http-outgoing-18 << "HTTP/1.1 200 OK[\r][\n]"
16:12:07.892 [main] DEBUG org.apache.http.wire -- http-outgoing-18 << "X-Powered-By: Express[\r][\n]"
16:12:07.892 [main] DEBUG org.apache.http.wire -- http-outgoing-18 << "Access-Control-Allow-Origin: *[\r][\n]"
16:12:07.892 [main] DEBUG org.apache.http.wire -- http-outgoing-18 << "Content-Type: application/json; charset=utf-8[\r][\n]"
16:12:07.892 [main] DEBUG org.apache.http.wire -- http-outgoing-18 << "Content-Length: 604[\r][\n]"
16:12:07.892 [main] DEBUG org.apache.http.wire -- http-outgoing-18 << "ETag: W/"25c-R9sKhkxuYCANo2z4G7WBTd+LjlI"[\r][\n]"
16:12:07.892 [main] DEBUG org.apache.http.wire -- http-outgoing-18 << "Date: Tue, 24 Jun 2025 09:12:07 GMT[\r][\n]"
16:12:07.892 [main] DEBUG org.apache.http.wire -- http-outgoing-18 << "Connection: keep-alive[\r][\n]"
16:12:07.892 [main] DEBUG org.apache.http.wire -- http-outgoing-18 << "Keep-Alive: timeout=5[\r][\n]"
16:12:07.892 [main] DEBUG org.apache.http.wire -- http-outgoing-18 << "[\r][\n]"
16:12:07.892 [main] DEBUG org.apache.http.wire -- http-outgoing-18 << "{"access_token":"eyJhbGciOiJIUzI1NiIsInR5cCI6IkpXVCJ9.eyJzdWIiOiJkZjZmMDkxOS1hMjNkLTQ0YzktYTkyNS00ZWE4YmU1MjVkMTAiLCJ1c2VybmFtZSI6ImpvaG5kb2UyMyIsInJvbGUiOjAsImlhdCI6MTc1MDc1NjMyNywiZXhwIjoxNzUwNzU5OTI3fQ.YViQgU1T5TTZpkkyuLbspyRMsWpC5QX328bx9wFYzBk","refresh_token":"e182726057435e58527bb50960b1ab57c9e3f78122441cb3f01c02e762798f10","user":{"id":"df6f0919-a23d-44c9-a925-4ea8be525d10","email":"testit@gmail.com","username":"johndoe23","name":"John Doe","phoneNumber":"0123456788","profilePic":null,"bio":null,"private":false,"verified":false,"role":0,"followersCount":0,"followingCount":0,"postCount":0}}"
16:12:07.892 [main] DEBUG org.apache.http.headers -- http-outgoing-18 << HTTP/1.1 200 OK
16:12:07.892 [main] DEBUG org.apache.http.headers -- http-outgoing-18 << X-Powered-By: Express
16:12:07.892 [main] DEBUG org.apache.http.headers -- http-outgoing-18 << Access-Control-Allow-Origin: *
16:12:07.892 [main] DEBUG org.apache.http.headers -- http-outgoing-18 << Content-Type: application/json; charset=utf-8
16:12:07.892 [main] DEBUG org.apache.http.headers -- http-outgoing-18 << Content-Length: 604
16:12:07.892 [main] DEBUG org.apache.http.headers -- http-outgoing-18 << ETag: W/"25c-R9sKhkxuYCANo2z4G7WBTd+LjlI"
16:12:07.892 [main] DEBUG org.apache.http.headers -- http-outgoing-18 << Date: Tue, 24 Jun 2025 09:12:07 GMT
16:12:07.892 [main] DEBUG org.apache.http.headers -- http-outgoing-18 << Connection: keep-alive
16:12:07.892 [main] DEBUG org.apache.http.headers -- http-outgoing-18 << Keep-Alive: timeout=5
16:12:07.892 [main] DEBUG org.apache.http.impl.execchain.MainClientExec -- Connection can be kept alive for 5000 MILLISECONDS
16:12:07.892 [main] DEBUG org.apache.http.impl.conn.PoolingHttpClientConnectionManager -- Connection [id: 18][route: {}->http://localhost:3000] can be kept alive for 5.0 seconds
16:12:07.892 [main] DEBUG org.apache.http.impl.conn.DefaultManagedHttpClientConnection -- http-outgoing-18: set socket timeout to 0
16:12:07.893 [main] DEBUG org.apache.http.impl.conn.PoolingHttpClientConnectionManager -- Connection released: [id: 18][route: {}->http://localhost:3000][total available: 1; route allocated: 1 of 5; total allocated: 1 of 10]
16:12:07.893 [main] DEBUG org.apache.http.impl.conn.PoolingHttpClientConnectionManager -- Connection manager is shutting down
16:12:07.893 [main] DEBUG org.apache.http.impl.conn.DefaultManagedHttpClientConnection -- http-outgoing-18: Close connection
16:12:07.893 [main] DEBUG org.apache.http.impl.conn.PoolingHttpClientConnectionManager -- Connection manager shut down
16:12:07.893 [main] DEBUG com.intuit.karate -- response time in milliseconds: 269
1 < 200
1 < X-Powered-By: Express
1 < Access-Control-Allow-Origin: *
1 < Content-Type: application/json; charset=utf-8
1 < Content-Length: 604
1 < ETag: W/"25c-R9sKhkxuYCANo2z4G7WBTd+LjlI"
1 < Date: Tue, 24 Jun 2025 09:12:07 GMT
1 < Connection: keep-alive
1 < Keep-Alive: timeout=5
{"access_token":"eyJhbGciOiJIUzI1NiIsInR5cCI6IkpXVCJ9.eyJzdWIiOiJkZjZmMDkxOS1hMjNkLTQ0YzktYTkyNS00ZWE4YmU1MjVkMTAiLCJ1c2VybmFtZSI6ImpvaG5kb2UyMyIsInJvbGUiOjAsImlhdCI6MTc1MDc1NjMyNywiZXhwIjoxNzUwNzU5OTI3fQ.YViQgU1T5TTZpkkyuLbspyRMsWpC5QX328bx9wFYzBk","refresh_token":"e182726057435e58527bb50960b1ab57c9e3f78122441cb3f01c02e762798f10","user":{"id":"df6f0919-a23d-44c9-a925-4ea8be525d10","email":"testit@gmail.com","username":"johndoe23","name":"John Doe","phoneNumber":"0123456788","profilePic":null,"bio":null,"private":false,"verified":false,"role":0,"followersCount":0,"followingCount":0,"postCount":0}}

16:12:07.893 [main] INFO com.intuit.karate -- [print] *** AFTER API CALL *** Status: 200 
16:12:07.894 [main] INFO com.intuit.karate -- [print] ### API CALL COMPLETED ### Email: testit@gmail.com Status: 200 
16:12:07.894 [main] INFO com.intuit.karate -- [print] ### RESPONSE BODY ### {
  "access_token": "eyJhbGciOiJIUzI1NiIsInR5cCI6IkpXVCJ9.eyJzdWIiOiJkZjZmMDkxOS1hMjNkLTQ0YzktYTkyNS00ZWE4YmU1MjVkMTAiLCJ1c2VybmFtZSI6ImpvaG5kb2UyMyIsInJvbGUiOjAsImlhdCI6MTc1MDc1NjMyNywiZXhwIjoxNzUwNzU5OTI3fQ.YViQgU1T5TTZpkkyuLbspyRMsWpC5QX328bx9wFYzBk",
  "refresh_token": "e182726057435e58527bb50960b1ab57c9e3f78122441cb3f01c02e762798f10",
  "user": {
    "id": "df6f0919-a23d-44c9-a925-4ea8be525d10",
    "email": "testit@gmail.com",
    "username": "johndoe23",
    "name": "John Doe",
    "phoneNumber": "0123456788",
    "profilePic": null,
    "bio": null,
    "private": false,
    "verified": false,
    "role": 0,
    "followersCount": 0,
    "followingCount": 0,
    "postCount": 0
  }
}
 
16:12:07.895 [main] INFO com.intuit.karate -- Request #19 completed - Status: 200 Time: 279ms 
16:12:07.896 [main] INFO com.intuit.karate -- *** SEQUENTIAL REQUEST #20 *** 
16:12:07.897 [main] INFO com.intuit.karate -- User: testit2@gmail.com 
16:12:07.900 [main] INFO com.intuit.karate -- [print] *** BEFORE API CALL *** Email: testit2@gmail.com URL: http://localhost:3000/auth/login 
16:12:07.900 [main] DEBUG com.jayway.jsonpath.internal.path.CompiledPath -- Evaluating path: $
16:12:07.901 [main] INFO com.intuit.karate -- [print] *** SENDING REQUEST *** Body: {
  "email": "#(email)",
  "password": "#(password)"
}
 
16:12:07.902 [main] DEBUG org.apache.http.client.protocol.RequestAddCookies -- CookieSpec selected: karate
16:12:07.902 [main] DEBUG org.apache.http.client.protocol.RequestAuthCache -- Auth cache not set in the context
16:12:07.902 [main] DEBUG com.intuit.karate -- request:
1 > POST http://localhost:3000/auth/login
1 > Content-Type: application/json; charset=UTF-8
1 > Content-Length: 54
1 > Host: localhost:3000
1 > Connection: Keep-Alive
1 > User-Agent: Apache-HttpClient/4.5.14 (Java/17.0.9)
1 > Accept-Encoding: gzip,deflate
{"email":"testit2@gmail.com","password":"Password123"}

16:12:07.902 [main] DEBUG org.apache.http.impl.conn.PoolingHttpClientConnectionManager -- Connection request: [route: {}->http://localhost:3000][total available: 0; route allocated: 0 of 5; total allocated: 0 of 10]
16:12:07.902 [main] DEBUG org.apache.http.impl.conn.PoolingHttpClientConnectionManager -- Connection leased: [id: 19][route: {}->http://localhost:3000][total available: 0; route allocated: 1 of 5; total allocated: 1 of 10]
16:12:07.902 [main] DEBUG org.apache.http.impl.execchain.MainClientExec -- Opening connection {}->http://localhost:3000
16:12:07.902 [main] DEBUG org.apache.http.impl.conn.DefaultHttpClientConnectionOperator -- Connecting to localhost/127.0.0.1:3000
16:12:07.903 [main] DEBUG org.apache.http.impl.conn.DefaultHttpClientConnectionOperator -- Connection established 127.0.0.1:51063<->127.0.0.1:3000
16:12:07.903 [main] DEBUG org.apache.http.impl.conn.DefaultManagedHttpClientConnection -- http-outgoing-19: set socket timeout to 30000
16:12:07.903 [main] DEBUG org.apache.http.impl.execchain.MainClientExec -- Executing request POST /auth/login HTTP/1.1
16:12:07.903 [main] DEBUG org.apache.http.impl.execchain.MainClientExec -- Target auth state: UNCHALLENGED
16:12:07.903 [main] DEBUG org.apache.http.impl.execchain.MainClientExec -- Proxy auth state: UNCHALLENGED
16:12:07.903 [main] DEBUG org.apache.http.headers -- http-outgoing-19 >> POST /auth/login HTTP/1.1
16:12:07.903 [main] DEBUG org.apache.http.headers -- http-outgoing-19 >> Content-Type: application/json; charset=UTF-8
16:12:07.903 [main] DEBUG org.apache.http.headers -- http-outgoing-19 >> Content-Length: 54
16:12:07.903 [main] DEBUG org.apache.http.headers -- http-outgoing-19 >> Host: localhost:3000
16:12:07.903 [main] DEBUG org.apache.http.headers -- http-outgoing-19 >> Connection: Keep-Alive
16:12:07.903 [main] DEBUG org.apache.http.headers -- http-outgoing-19 >> User-Agent: Apache-HttpClient/4.5.14 (Java/17.0.9)
16:12:07.903 [main] DEBUG org.apache.http.headers -- http-outgoing-19 >> Accept-Encoding: gzip,deflate
16:12:07.903 [main] DEBUG org.apache.http.wire -- http-outgoing-19 >> "POST /auth/login HTTP/1.1[\r][\n]"
16:12:07.903 [main] DEBUG org.apache.http.wire -- http-outgoing-19 >> "Content-Type: application/json; charset=UTF-8[\r][\n]"
16:12:07.903 [main] DEBUG org.apache.http.wire -- http-outgoing-19 >> "Content-Length: 54[\r][\n]"
16:12:07.903 [main] DEBUG org.apache.http.wire -- http-outgoing-19 >> "Host: localhost:3000[\r][\n]"
16:12:07.903 [main] DEBUG org.apache.http.wire -- http-outgoing-19 >> "Connection: Keep-Alive[\r][\n]"
16:12:07.903 [main] DEBUG org.apache.http.wire -- http-outgoing-19 >> "User-Agent: Apache-HttpClient/4.5.14 (Java/17.0.9)[\r][\n]"
16:12:07.903 [main] DEBUG org.apache.http.wire -- http-outgoing-19 >> "Accept-Encoding: gzip,deflate[\r][\n]"
16:12:07.903 [main] DEBUG org.apache.http.wire -- http-outgoing-19 >> "[\r][\n]"
16:12:07.903 [main] DEBUG org.apache.http.wire -- http-outgoing-19 >> "{"email":"testit2@gmail.com","password":"Password123"}"
16:12:08.173 [main] DEBUG org.apache.http.wire -- http-outgoing-19 << "HTTP/1.1 200 OK[\r][\n]"
16:12:08.173 [main] DEBUG org.apache.http.wire -- http-outgoing-19 << "X-Powered-By: Express[\r][\n]"
16:12:08.173 [main] DEBUG org.apache.http.wire -- http-outgoing-19 << "Access-Control-Allow-Origin: *[\r][\n]"
16:12:08.173 [main] DEBUG org.apache.http.wire -- http-outgoing-19 << "Content-Type: application/json; charset=utf-8[\r][\n]"
16:12:08.173 [main] DEBUG org.apache.http.wire -- http-outgoing-19 << "Content-Length: 605[\r][\n]"
16:12:08.173 [main] DEBUG org.apache.http.wire -- http-outgoing-19 << "ETag: W/"25d-Aa8zsnhnUoIkM+czr8eVsojYtIw"[\r][\n]"
16:12:08.173 [main] DEBUG org.apache.http.wire -- http-outgoing-19 << "Date: Tue, 24 Jun 2025 09:12:08 GMT[\r][\n]"
16:12:08.173 [main] DEBUG org.apache.http.wire -- http-outgoing-19 << "Connection: keep-alive[\r][\n]"
16:12:08.173 [main] DEBUG org.apache.http.wire -- http-outgoing-19 << "Keep-Alive: timeout=5[\r][\n]"
16:12:08.173 [main] DEBUG org.apache.http.wire -- http-outgoing-19 << "[\r][\n]"
16:12:08.173 [main] DEBUG org.apache.http.wire -- http-outgoing-19 << "{"access_token":"eyJhbGciOiJIUzI1NiIsInR5cCI6IkpXVCJ9.eyJzdWIiOiIwYTM3ZWY0My1mZWU4LTQxZDMtYTY4Ni04YWIwODY5NDg2OTUiLCJ1c2VybmFtZSI6ImpvaG5kb2UyMSIsInJvbGUiOjAsImlhdCI6MTc1MDc1NjMyOCwiZXhwIjoxNzUwNzU5OTI4fQ.PL7ju_7xXjXSaPH4GwSLzT5d5Izn3I7rFISYrEtJj9c","refresh_token":"5a2b8618ce592084a03a63c73c71be68b18f7f48bc20b7221ef48d2607948c10","user":{"id":"0a37ef43-fee8-41d3-a686-8ab086948695","email":"testit2@gmail.com","username":"johndoe21","name":"John Doe","phoneNumber":"0123456712","profilePic":null,"bio":null,"private":false,"verified":false,"role":0,"followersCount":0,"followingCount":0,"postCount":0}}"
16:12:08.173 [main] DEBUG org.apache.http.headers -- http-outgoing-19 << HTTP/1.1 200 OK
16:12:08.173 [main] DEBUG org.apache.http.headers -- http-outgoing-19 << X-Powered-By: Express
16:12:08.173 [main] DEBUG org.apache.http.headers -- http-outgoing-19 << Access-Control-Allow-Origin: *
16:12:08.173 [main] DEBUG org.apache.http.headers -- http-outgoing-19 << Content-Type: application/json; charset=utf-8
16:12:08.173 [main] DEBUG org.apache.http.headers -- http-outgoing-19 << Content-Length: 605
16:12:08.173 [main] DEBUG org.apache.http.headers -- http-outgoing-19 << ETag: W/"25d-Aa8zsnhnUoIkM+czr8eVsojYtIw"
16:12:08.173 [main] DEBUG org.apache.http.headers -- http-outgoing-19 << Date: Tue, 24 Jun 2025 09:12:08 GMT
16:12:08.173 [main] DEBUG org.apache.http.headers -- http-outgoing-19 << Connection: keep-alive
16:12:08.173 [main] DEBUG org.apache.http.headers -- http-outgoing-19 << Keep-Alive: timeout=5
16:12:08.173 [main] DEBUG org.apache.http.impl.execchain.MainClientExec -- Connection can be kept alive for 5000 MILLISECONDS
16:12:08.173 [main] DEBUG org.apache.http.impl.conn.PoolingHttpClientConnectionManager -- Connection [id: 19][route: {}->http://localhost:3000] can be kept alive for 5.0 seconds
16:12:08.173 [main] DEBUG org.apache.http.impl.conn.DefaultManagedHttpClientConnection -- http-outgoing-19: set socket timeout to 0
16:12:08.173 [main] DEBUG org.apache.http.impl.conn.PoolingHttpClientConnectionManager -- Connection released: [id: 19][route: {}->http://localhost:3000][total available: 1; route allocated: 1 of 5; total allocated: 1 of 10]
16:12:08.173 [main] DEBUG org.apache.http.impl.conn.PoolingHttpClientConnectionManager -- Connection manager is shutting down
16:12:08.173 [main] DEBUG org.apache.http.impl.conn.DefaultManagedHttpClientConnection -- http-outgoing-19: Close connection
16:12:08.173 [main] DEBUG org.apache.http.impl.conn.PoolingHttpClientConnectionManager -- Connection manager shut down
16:12:08.173 [main] DEBUG com.intuit.karate -- response time in milliseconds: 271
1 < 200
1 < X-Powered-By: Express
1 < Access-Control-Allow-Origin: *
1 < Content-Type: application/json; charset=utf-8
1 < Content-Length: 605
1 < ETag: W/"25d-Aa8zsnhnUoIkM+czr8eVsojYtIw"
1 < Date: Tue, 24 Jun 2025 09:12:08 GMT
1 < Connection: keep-alive
1 < Keep-Alive: timeout=5
{"access_token":"eyJhbGciOiJIUzI1NiIsInR5cCI6IkpXVCJ9.eyJzdWIiOiIwYTM3ZWY0My1mZWU4LTQxZDMtYTY4Ni04YWIwODY5NDg2OTUiLCJ1c2VybmFtZSI6ImpvaG5kb2UyMSIsInJvbGUiOjAsImlhdCI6MTc1MDc1NjMyOCwiZXhwIjoxNzUwNzU5OTI4fQ.PL7ju_7xXjXSaPH4GwSLzT5d5Izn3I7rFISYrEtJj9c","refresh_token":"5a2b8618ce592084a03a63c73c71be68b18f7f48bc20b7221ef48d2607948c10","user":{"id":"0a37ef43-fee8-41d3-a686-8ab086948695","email":"testit2@gmail.com","username":"johndoe21","name":"John Doe","phoneNumber":"0123456712","profilePic":null,"bio":null,"private":false,"verified":false,"role":0,"followersCount":0,"followingCount":0,"postCount":0}}

16:12:08.175 [main] INFO com.intuit.karate -- [print] *** AFTER API CALL *** Status: 200 
16:12:08.175 [main] INFO com.intuit.karate -- [print] ### API CALL COMPLETED ### Email: testit2@gmail.com Status: 200 
16:12:08.175 [main] INFO com.intuit.karate -- [print] ### RESPONSE BODY ### {
  "access_token": "eyJhbGciOiJIUzI1NiIsInR5cCI6IkpXVCJ9.eyJzdWIiOiIwYTM3ZWY0My1mZWU4LTQxZDMtYTY4Ni04YWIwODY5NDg2OTUiLCJ1c2VybmFtZSI6ImpvaG5kb2UyMSIsInJvbGUiOjAsImlhdCI6MTc1MDc1NjMyOCwiZXhwIjoxNzUwNzU5OTI4fQ.PL7ju_7xXjXSaPH4GwSLzT5d5Izn3I7rFISYrEtJj9c",
  "refresh_token": "5a2b8618ce592084a03a63c73c71be68b18f7f48bc20b7221ef48d2607948c10",
  "user": {
    "id": "0a37ef43-fee8-41d3-a686-8ab086948695",
    "email": "testit2@gmail.com",
    "username": "johndoe21",
    "name": "John Doe",
    "phoneNumber": "0123456712",
    "profilePic": null,
    "bio": null,
    "private": false,
    "verified": false,
    "role": 0,
    "followersCount": 0,
    "followingCount": 0,
    "postCount": 0
  }
}
 
16:12:08.176 [main] INFO com.intuit.karate -- Request #20 completed - Status: 200 Time: 279ms 
16:12:08.177 [main] INFO com.intuit.karate -- *** SEQUENTIAL REQUEST #21 *** 
16:12:08.177 [main] INFO com.intuit.karate -- User: nam@gmail.com 
16:12:08.182 [main] INFO com.intuit.karate -- [print] *** BEFORE API CALL *** Email: nam@gmail.com URL: http://localhost:3000/auth/login 
16:12:08.182 [main] DEBUG com.jayway.jsonpath.internal.path.CompiledPath -- Evaluating path: $
16:12:08.182 [main] INFO com.intuit.karate -- [print] *** SENDING REQUEST *** Body: {
  "email": "#(email)",
  "password": "#(password)"
}
 
16:12:08.183 [main] DEBUG org.apache.http.client.protocol.RequestAddCookies -- CookieSpec selected: karate
16:12:08.183 [main] DEBUG org.apache.http.client.protocol.RequestAuthCache -- Auth cache not set in the context
16:12:08.183 [main] DEBUG com.intuit.karate -- request:
1 > POST http://localhost:3000/auth/login
1 > Content-Type: application/json; charset=UTF-8
1 > Content-Length: 45
1 > Host: localhost:3000
1 > Connection: Keep-Alive
1 > User-Agent: Apache-HttpClient/4.5.14 (Java/17.0.9)
1 > Accept-Encoding: gzip,deflate
{"email":"nam@gmail.com","password":"123456"}

16:12:08.183 [main] DEBUG org.apache.http.impl.conn.PoolingHttpClientConnectionManager -- Connection request: [route: {}->http://localhost:3000][total available: 0; route allocated: 0 of 5; total allocated: 0 of 10]
16:12:08.183 [main] DEBUG org.apache.http.impl.conn.PoolingHttpClientConnectionManager -- Connection leased: [id: 20][route: {}->http://localhost:3000][total available: 0; route allocated: 1 of 5; total allocated: 1 of 10]
16:12:08.183 [main] DEBUG org.apache.http.impl.execchain.MainClientExec -- Opening connection {}->http://localhost:3000
16:12:08.184 [main] DEBUG org.apache.http.impl.conn.DefaultHttpClientConnectionOperator -- Connecting to localhost/127.0.0.1:3000
16:12:08.184 [main] DEBUG org.apache.http.impl.conn.DefaultHttpClientConnectionOperator -- Connection established 127.0.0.1:51064<->127.0.0.1:3000
16:12:08.184 [main] DEBUG org.apache.http.impl.conn.DefaultManagedHttpClientConnection -- http-outgoing-20: set socket timeout to 30000
16:12:08.184 [main] DEBUG org.apache.http.impl.execchain.MainClientExec -- Executing request POST /auth/login HTTP/1.1
16:12:08.184 [main] DEBUG org.apache.http.impl.execchain.MainClientExec -- Target auth state: UNCHALLENGED
16:12:08.184 [main] DEBUG org.apache.http.impl.execchain.MainClientExec -- Proxy auth state: UNCHALLENGED
16:12:08.184 [main] DEBUG org.apache.http.headers -- http-outgoing-20 >> POST /auth/login HTTP/1.1
16:12:08.184 [main] DEBUG org.apache.http.headers -- http-outgoing-20 >> Content-Type: application/json; charset=UTF-8
16:12:08.184 [main] DEBUG org.apache.http.headers -- http-outgoing-20 >> Content-Length: 45
16:12:08.184 [main] DEBUG org.apache.http.headers -- http-outgoing-20 >> Host: localhost:3000
16:12:08.184 [main] DEBUG org.apache.http.headers -- http-outgoing-20 >> Connection: Keep-Alive
16:12:08.184 [main] DEBUG org.apache.http.headers -- http-outgoing-20 >> User-Agent: Apache-HttpClient/4.5.14 (Java/17.0.9)
16:12:08.184 [main] DEBUG org.apache.http.headers -- http-outgoing-20 >> Accept-Encoding: gzip,deflate
16:12:08.184 [main] DEBUG org.apache.http.wire -- http-outgoing-20 >> "POST /auth/login HTTP/1.1[\r][\n]"
16:12:08.184 [main] DEBUG org.apache.http.wire -- http-outgoing-20 >> "Content-Type: application/json; charset=UTF-8[\r][\n]"
16:12:08.184 [main] DEBUG org.apache.http.wire -- http-outgoing-20 >> "Content-Length: 45[\r][\n]"
16:12:08.184 [main] DEBUG org.apache.http.wire -- http-outgoing-20 >> "Host: localhost:3000[\r][\n]"
16:12:08.184 [main] DEBUG org.apache.http.wire -- http-outgoing-20 >> "Connection: Keep-Alive[\r][\n]"
16:12:08.184 [main] DEBUG org.apache.http.wire -- http-outgoing-20 >> "User-Agent: Apache-HttpClient/4.5.14 (Java/17.0.9)[\r][\n]"
16:12:08.184 [main] DEBUG org.apache.http.wire -- http-outgoing-20 >> "Accept-Encoding: gzip,deflate[\r][\n]"
16:12:08.184 [main] DEBUG org.apache.http.wire -- http-outgoing-20 >> "[\r][\n]"
16:12:08.184 [main] DEBUG org.apache.http.wire -- http-outgoing-20 >> "{"email":"nam@gmail.com","password":"123456"}"
16:12:08.445 [main] DEBUG org.apache.http.wire -- http-outgoing-20 << "HTTP/1.1 200 OK[\r][\n]"
16:12:08.445 [main] DEBUG org.apache.http.wire -- http-outgoing-20 << "X-Powered-By: Express[\r][\n]"
16:12:08.445 [main] DEBUG org.apache.http.wire -- http-outgoing-20 << "Access-Control-Allow-Origin: *[\r][\n]"
16:12:08.445 [main] DEBUG org.apache.http.wire -- http-outgoing-20 << "Content-Type: application/json; charset=utf-8[\r][\n]"
16:12:08.445 [main] DEBUG org.apache.http.wire -- http-outgoing-20 << "Content-Length: 708[\r][\n]"
16:12:08.445 [main] DEBUG org.apache.http.wire -- http-outgoing-20 << "ETag: W/"2c4-vxC909DSLIC6hxxl9QUHTcyzFgI"[\r][\n]"
16:12:08.445 [main] DEBUG org.apache.http.wire -- http-outgoing-20 << "Date: Tue, 24 Jun 2025 09:12:08 GMT[\r][\n]"
16:12:08.445 [main] DEBUG org.apache.http.wire -- http-outgoing-20 << "Connection: keep-alive[\r][\n]"
16:12:08.445 [main] DEBUG org.apache.http.wire -- http-outgoing-20 << "Keep-Alive: timeout=5[\r][\n]"
16:12:08.445 [main] DEBUG org.apache.http.wire -- http-outgoing-20 << "[\r][\n]"
16:12:08.445 [main] DEBUG org.apache.http.wire -- http-outgoing-20 << "{"access_token":"eyJhbGciOiJIUzI1NiIsInR5cCI6IkpXVCJ9.eyJzdWIiOiIwODUxNWIwNS0yZDNlLTQ3ODktYWQ2MC1kYjM1NTI1YTQ5NzAiLCJ1c2VybmFtZSI6Im5hbSIsInJvbGUiOjAsImlhdCI6MTc1MDc1NjMyOCwiZXhwIjoxNzUwNzU5OTI4fQ.Ofa7SV4a5jOqADXGP5QEmlaUOMRKiHxY6vWW76SwABI","refresh_token":"b2bc2035996fd13c820ba2977a3fb3dea5d565ab9e3a15e9365ebe07209ea859","user":{"id":"08515b05-2d3e-4789-ad60-db35525a4970","email":"nam@gmail.com","username":"nam","name":"nam","phoneNumber":"0123456789","profilePic":"https://res.cloudinary.com/dizcvrefo/image/upload/v1749266646/nestjs_uploads/zk9zrpeidnovxibfqdxr.png","bio":"Chu tich hoi dong Quan tri 1","private":false,"verified":false,"role":0,"followersCount":2,"followingCount":5,"postCount":13}}"
16:12:08.445 [main] DEBUG org.apache.http.headers -- http-outgoing-20 << HTTP/1.1 200 OK
16:12:08.445 [main] DEBUG org.apache.http.headers -- http-outgoing-20 << X-Powered-By: Express
16:12:08.445 [main] DEBUG org.apache.http.headers -- http-outgoing-20 << Access-Control-Allow-Origin: *
16:12:08.445 [main] DEBUG org.apache.http.headers -- http-outgoing-20 << Content-Type: application/json; charset=utf-8
16:12:08.445 [main] DEBUG org.apache.http.headers -- http-outgoing-20 << Content-Length: 708
16:12:08.445 [main] DEBUG org.apache.http.headers -- http-outgoing-20 << ETag: W/"2c4-vxC909DSLIC6hxxl9QUHTcyzFgI"
16:12:08.445 [main] DEBUG org.apache.http.headers -- http-outgoing-20 << Date: Tue, 24 Jun 2025 09:12:08 GMT
16:12:08.445 [main] DEBUG org.apache.http.headers -- http-outgoing-20 << Connection: keep-alive
16:12:08.445 [main] DEBUG org.apache.http.headers -- http-outgoing-20 << Keep-Alive: timeout=5
16:12:08.445 [main] DEBUG org.apache.http.impl.execchain.MainClientExec -- Connection can be kept alive for 5000 MILLISECONDS
16:12:08.445 [main] DEBUG org.apache.http.impl.conn.PoolingHttpClientConnectionManager -- Connection [id: 20][route: {}->http://localhost:3000] can be kept alive for 5.0 seconds
16:12:08.445 [main] DEBUG org.apache.http.impl.conn.DefaultManagedHttpClientConnection -- http-outgoing-20: set socket timeout to 0
16:12:08.445 [main] DEBUG org.apache.http.impl.conn.PoolingHttpClientConnectionManager -- Connection released: [id: 20][route: {}->http://localhost:3000][total available: 1; route allocated: 1 of 5; total allocated: 1 of 10]
16:12:08.445 [main] DEBUG org.apache.http.impl.conn.PoolingHttpClientConnectionManager -- Connection manager is shutting down
16:12:08.445 [main] DEBUG org.apache.http.impl.conn.DefaultManagedHttpClientConnection -- http-outgoing-20: Close connection
16:12:08.445 [main] DEBUG org.apache.http.impl.conn.PoolingHttpClientConnectionManager -- Connection manager shut down
16:12:08.445 [main] DEBUG com.intuit.karate -- response time in milliseconds: 262
1 < 200
1 < X-Powered-By: Express
1 < Access-Control-Allow-Origin: *
1 < Content-Type: application/json; charset=utf-8
1 < Content-Length: 708
1 < ETag: W/"2c4-vxC909DSLIC6hxxl9QUHTcyzFgI"
1 < Date: Tue, 24 Jun 2025 09:12:08 GMT
1 < Connection: keep-alive
1 < Keep-Alive: timeout=5
{"access_token":"eyJhbGciOiJIUzI1NiIsInR5cCI6IkpXVCJ9.eyJzdWIiOiIwODUxNWIwNS0yZDNlLTQ3ODktYWQ2MC1kYjM1NTI1YTQ5NzAiLCJ1c2VybmFtZSI6Im5hbSIsInJvbGUiOjAsImlhdCI6MTc1MDc1NjMyOCwiZXhwIjoxNzUwNzU5OTI4fQ.Ofa7SV4a5jOqADXGP5QEmlaUOMRKiHxY6vWW76SwABI","refresh_token":"b2bc2035996fd13c820ba2977a3fb3dea5d565ab9e3a15e9365ebe07209ea859","user":{"id":"08515b05-2d3e-4789-ad60-db35525a4970","email":"nam@gmail.com","username":"nam","name":"nam","phoneNumber":"0123456789","profilePic":"https://res.cloudinary.com/dizcvrefo/image/upload/v1749266646/nestjs_uploads/zk9zrpeidnovxibfqdxr.png","bio":"Chu tich hoi dong Quan tri 1","private":false,"verified":false,"role":0,"followersCount":2,"followingCount":5,"postCount":13}}

16:12:08.446 [main] INFO com.intuit.karate -- [print] *** AFTER API CALL *** Status: 200 
16:12:08.446 [main] INFO com.intuit.karate -- [print] ### API CALL COMPLETED ### Email: nam@gmail.com Status: 200 
16:12:08.448 [main] INFO com.intuit.karate -- [print] ### RESPONSE BODY ### {
  "access_token": "eyJhbGciOiJIUzI1NiIsInR5cCI6IkpXVCJ9.eyJzdWIiOiIwODUxNWIwNS0yZDNlLTQ3ODktYWQ2MC1kYjM1NTI1YTQ5NzAiLCJ1c2VybmFtZSI6Im5hbSIsInJvbGUiOjAsImlhdCI6MTc1MDc1NjMyOCwiZXhwIjoxNzUwNzU5OTI4fQ.Ofa7SV4a5jOqADXGP5QEmlaUOMRKiHxY6vWW76SwABI",
  "refresh_token": "b2bc2035996fd13c820ba2977a3fb3dea5d565ab9e3a15e9365ebe07209ea859",
  "user": {
    "id": "08515b05-2d3e-4789-ad60-db35525a4970",
    "email": "nam@gmail.com",
    "username": "nam",
    "name": "nam",
    "phoneNumber": "0123456789",
    "profilePic": "https://res.cloudinary.com/dizcvrefo/image/upload/v1749266646/nestjs_uploads/zk9zrpeidnovxibfqdxr.png",
    "bio": "Chu tich hoi dong Quan tri 1",
    "private": false,
    "verified": false,
    "role": 0,
    "followersCount": 2,
    "followingCount": 5,
    "postCount": 13
  }
}
 
16:12:08.448 [main] INFO com.intuit.karate -- Request #21 completed - Status: 200 Time: 270ms 
16:12:08.449 [main] INFO com.intuit.karate -- *** SEQUENTIAL REQUEST #22 *** 
16:12:08.449 [main] INFO com.intuit.karate -- User: quang1@gmail.com 
16:12:08.453 [main] INFO com.intuit.karate -- [print] *** BEFORE API CALL *** Email: quang1@gmail.com URL: http://localhost:3000/auth/login 
16:12:08.453 [main] DEBUG com.jayway.jsonpath.internal.path.CompiledPath -- Evaluating path: $
16:12:08.453 [main] INFO com.intuit.karate -- [print] *** SENDING REQUEST *** Body: {
  "email": "#(email)",
  "password": "#(password)"
}
 
16:12:08.454 [main] DEBUG org.apache.http.client.protocol.RequestAddCookies -- CookieSpec selected: karate
16:12:08.454 [main] DEBUG org.apache.http.client.protocol.RequestAuthCache -- Auth cache not set in the context
16:12:08.454 [main] DEBUG com.intuit.karate -- request:
1 > POST http://localhost:3000/auth/login
1 > Content-Type: application/json; charset=UTF-8
1 > Content-Length: 48
1 > Host: localhost:3000
1 > Connection: Keep-Alive
1 > User-Agent: Apache-HttpClient/4.5.14 (Java/17.0.9)
1 > Accept-Encoding: gzip,deflate
{"email":"quang1@gmail.com","password":"quang1"}

16:12:08.454 [main] DEBUG org.apache.http.impl.conn.PoolingHttpClientConnectionManager -- Connection request: [route: {}->http://localhost:3000][total available: 0; route allocated: 0 of 5; total allocated: 0 of 10]
16:12:08.454 [main] DEBUG org.apache.http.impl.conn.PoolingHttpClientConnectionManager -- Connection leased: [id: 21][route: {}->http://localhost:3000][total available: 0; route allocated: 1 of 5; total allocated: 1 of 10]
16:12:08.454 [main] DEBUG org.apache.http.impl.execchain.MainClientExec -- Opening connection {}->http://localhost:3000
16:12:08.455 [main] DEBUG org.apache.http.impl.conn.DefaultHttpClientConnectionOperator -- Connecting to localhost/127.0.0.1:3000
16:12:08.455 [main] DEBUG org.apache.http.impl.conn.DefaultHttpClientConnectionOperator -- Connection established 127.0.0.1:51065<->127.0.0.1:3000
16:12:08.455 [main] DEBUG org.apache.http.impl.conn.DefaultManagedHttpClientConnection -- http-outgoing-21: set socket timeout to 30000
16:12:08.455 [main] DEBUG org.apache.http.impl.execchain.MainClientExec -- Executing request POST /auth/login HTTP/1.1
16:12:08.455 [main] DEBUG org.apache.http.impl.execchain.MainClientExec -- Target auth state: UNCHALLENGED
16:12:08.455 [main] DEBUG org.apache.http.impl.execchain.MainClientExec -- Proxy auth state: UNCHALLENGED
16:12:08.455 [main] DEBUG org.apache.http.headers -- http-outgoing-21 >> POST /auth/login HTTP/1.1
16:12:08.455 [main] DEBUG org.apache.http.headers -- http-outgoing-21 >> Content-Type: application/json; charset=UTF-8
16:12:08.455 [main] DEBUG org.apache.http.headers -- http-outgoing-21 >> Content-Length: 48
16:12:08.455 [main] DEBUG org.apache.http.headers -- http-outgoing-21 >> Host: localhost:3000
16:12:08.455 [main] DEBUG org.apache.http.headers -- http-outgoing-21 >> Connection: Keep-Alive
16:12:08.455 [main] DEBUG org.apache.http.headers -- http-outgoing-21 >> User-Agent: Apache-HttpClient/4.5.14 (Java/17.0.9)
16:12:08.455 [main] DEBUG org.apache.http.headers -- http-outgoing-21 >> Accept-Encoding: gzip,deflate
16:12:08.455 [main] DEBUG org.apache.http.wire -- http-outgoing-21 >> "POST /auth/login HTTP/1.1[\r][\n]"
16:12:08.455 [main] DEBUG org.apache.http.wire -- http-outgoing-21 >> "Content-Type: application/json; charset=UTF-8[\r][\n]"
16:12:08.455 [main] DEBUG org.apache.http.wire -- http-outgoing-21 >> "Content-Length: 48[\r][\n]"
16:12:08.455 [main] DEBUG org.apache.http.wire -- http-outgoing-21 >> "Host: localhost:3000[\r][\n]"
16:12:08.455 [main] DEBUG org.apache.http.wire -- http-outgoing-21 >> "Connection: Keep-Alive[\r][\n]"
16:12:08.455 [main] DEBUG org.apache.http.wire -- http-outgoing-21 >> "User-Agent: Apache-HttpClient/4.5.14 (Java/17.0.9)[\r][\n]"
16:12:08.455 [main] DEBUG org.apache.http.wire -- http-outgoing-21 >> "Accept-Encoding: gzip,deflate[\r][\n]"
16:12:08.455 [main] DEBUG org.apache.http.wire -- http-outgoing-21 >> "[\r][\n]"
16:12:08.455 [main] DEBUG org.apache.http.wire -- http-outgoing-21 >> "{"email":"quang1@gmail.com","password":"quang1"}"
16:12:08.723 [main] DEBUG org.apache.http.wire -- http-outgoing-21 << "HTTP/1.1 200 OK[\r][\n]"
16:12:08.723 [main] DEBUG org.apache.http.wire -- http-outgoing-21 << "X-Powered-By: Express[\r][\n]"
16:12:08.723 [main] DEBUG org.apache.http.wire -- http-outgoing-21 << "Access-Control-Allow-Origin: *[\r][\n]"
16:12:08.723 [main] DEBUG org.apache.http.wire -- http-outgoing-21 << "Content-Type: application/json; charset=utf-8[\r][\n]"
16:12:08.723 [main] DEBUG org.apache.http.wire -- http-outgoing-21 << "Content-Length: 715[\r][\n]"
16:12:08.723 [main] DEBUG org.apache.http.wire -- http-outgoing-21 << "ETag: W/"2cb-y5A/1s32xgktDKbE2QqsfQdzEOg"[\r][\n]"
16:12:08.723 [main] DEBUG org.apache.http.wire -- http-outgoing-21 << "Date: Tue, 24 Jun 2025 09:12:08 GMT[\r][\n]"
16:12:08.723 [main] DEBUG org.apache.http.wire -- http-outgoing-21 << "Connection: keep-alive[\r][\n]"
16:12:08.723 [main] DEBUG org.apache.http.wire -- http-outgoing-21 << "Keep-Alive: timeout=5[\r][\n]"
16:12:08.723 [main] DEBUG org.apache.http.wire -- http-outgoing-21 << "[\r][\n]"
16:12:08.723 [main] DEBUG org.apache.http.wire -- http-outgoing-21 << "{"access_token":"eyJhbGciOiJIUzI1NiIsInR5cCI6IkpXVCJ9.eyJzdWIiOiIyYjg0YWEyNC02NjhhLTQwZTItYWYxYy1hZDRmYzRmYTVhNmYiLCJ1c2VybmFtZSI6InF1YW5nMSIsInJvbGUiOjAsImlhdCI6MTc1MDc1NjMyOCwiZXhwIjoxNzUwNzU5OTI4fQ.Xl0qYdO6fTwDzw-fwhhT3knUcVX9V3DjaQH-T6TaXuQ","refresh_token":"6315144005496be2942897f985dfbe730b60f73235b0e3e9dce54f70ec88849c","user":{"id":"2b84aa24-668a-40e2-af1c-ad4fc4fa5a6f","email":"quang1@gmail.com","username":"quang1","name":"quang1","phoneNumber":"09874563210","profilePic":"https://res.cloudinary.com/dizcvrefo/image/upload/v1749027586/nestjs_uploads/xehairydt9rzlbmbmv4c.jpg","bio":"Thang Nam Lao Vua Thoi","private":false,"verified":false,"role":0,"followersCount":2,"followingCount":3,"postCount":2}}"
16:12:08.724 [main] DEBUG org.apache.http.headers -- http-outgoing-21 << HTTP/1.1 200 OK
16:12:08.724 [main] DEBUG org.apache.http.headers -- http-outgoing-21 << X-Powered-By: Express
16:12:08.724 [main] DEBUG org.apache.http.headers -- http-outgoing-21 << Access-Control-Allow-Origin: *
16:12:08.724 [main] DEBUG org.apache.http.headers -- http-outgoing-21 << Content-Type: application/json; charset=utf-8
16:12:08.724 [main] DEBUG org.apache.http.headers -- http-outgoing-21 << Content-Length: 715
16:12:08.724 [main] DEBUG org.apache.http.headers -- http-outgoing-21 << ETag: W/"2cb-y5A/1s32xgktDKbE2QqsfQdzEOg"
16:12:08.724 [main] DEBUG org.apache.http.headers -- http-outgoing-21 << Date: Tue, 24 Jun 2025 09:12:08 GMT
16:12:08.724 [main] DEBUG org.apache.http.headers -- http-outgoing-21 << Connection: keep-alive
16:12:08.724 [main] DEBUG org.apache.http.headers -- http-outgoing-21 << Keep-Alive: timeout=5
16:12:08.724 [main] DEBUG org.apache.http.impl.execchain.MainClientExec -- Connection can be kept alive for 5000 MILLISECONDS
16:12:08.724 [main] DEBUG org.apache.http.impl.conn.PoolingHttpClientConnectionManager -- Connection [id: 21][route: {}->http://localhost:3000] can be kept alive for 5.0 seconds
16:12:08.724 [main] DEBUG org.apache.http.impl.conn.DefaultManagedHttpClientConnection -- http-outgoing-21: set socket timeout to 0
16:12:08.724 [main] DEBUG org.apache.http.impl.conn.PoolingHttpClientConnectionManager -- Connection released: [id: 21][route: {}->http://localhost:3000][total available: 1; route allocated: 1 of 5; total allocated: 1 of 10]
16:12:08.724 [main] DEBUG org.apache.http.impl.conn.PoolingHttpClientConnectionManager -- Connection manager is shutting down
16:12:08.724 [main] DEBUG org.apache.http.impl.conn.DefaultManagedHttpClientConnection -- http-outgoing-21: Close connection
16:12:08.724 [main] DEBUG org.apache.http.impl.conn.PoolingHttpClientConnectionManager -- Connection manager shut down
16:12:08.724 [main] DEBUG com.intuit.karate -- response time in milliseconds: 270
1 < 200
1 < X-Powered-By: Express
1 < Access-Control-Allow-Origin: *
1 < Content-Type: application/json; charset=utf-8
1 < Content-Length: 715
1 < ETag: W/"2cb-y5A/1s32xgktDKbE2QqsfQdzEOg"
1 < Date: Tue, 24 Jun 2025 09:12:08 GMT
1 < Connection: keep-alive
1 < Keep-Alive: timeout=5
{"access_token":"eyJhbGciOiJIUzI1NiIsInR5cCI6IkpXVCJ9.eyJzdWIiOiIyYjg0YWEyNC02NjhhLTQwZTItYWYxYy1hZDRmYzRmYTVhNmYiLCJ1c2VybmFtZSI6InF1YW5nMSIsInJvbGUiOjAsImlhdCI6MTc1MDc1NjMyOCwiZXhwIjoxNzUwNzU5OTI4fQ.Xl0qYdO6fTwDzw-fwhhT3knUcVX9V3DjaQH-T6TaXuQ","refresh_token":"6315144005496be2942897f985dfbe730b60f73235b0e3e9dce54f70ec88849c","user":{"id":"2b84aa24-668a-40e2-af1c-ad4fc4fa5a6f","email":"quang1@gmail.com","username":"quang1","name":"quang1","phoneNumber":"09874563210","profilePic":"https://res.cloudinary.com/dizcvrefo/image/upload/v1749027586/nestjs_uploads/xehairydt9rzlbmbmv4c.jpg","bio":"Thang Nam Lao Vua Thoi","private":false,"verified":false,"role":0,"followersCount":2,"followingCount":3,"postCount":2}}

16:12:08.725 [main] INFO com.intuit.karate -- [print] *** AFTER API CALL *** Status: 200 
16:12:08.725 [main] INFO com.intuit.karate -- [print] ### API CALL COMPLETED ### Email: quang1@gmail.com Status: 200 
16:12:08.725 [main] INFO com.intuit.karate -- [print] ### RESPONSE BODY ### {
  "access_token": "eyJhbGciOiJIUzI1NiIsInR5cCI6IkpXVCJ9.eyJzdWIiOiIyYjg0YWEyNC02NjhhLTQwZTItYWYxYy1hZDRmYzRmYTVhNmYiLCJ1c2VybmFtZSI6InF1YW5nMSIsInJvbGUiOjAsImlhdCI6MTc1MDc1NjMyOCwiZXhwIjoxNzUwNzU5OTI4fQ.Xl0qYdO6fTwDzw-fwhhT3knUcVX9V3DjaQH-T6TaXuQ",
  "refresh_token": "6315144005496be2942897f985dfbe730b60f73235b0e3e9dce54f70ec88849c",
  "user": {
    "id": "2b84aa24-668a-40e2-af1c-ad4fc4fa5a6f",
    "email": "quang1@gmail.com",
    "username": "quang1",
    "name": "quang1",
    "phoneNumber": "09874563210",
    "profilePic": "https://res.cloudinary.com/dizcvrefo/image/upload/v1749027586/nestjs_uploads/xehairydt9rzlbmbmv4c.jpg",
    "bio": "Thang Nam Lao Vua Thoi",
    "private": false,
    "verified": false,
    "role": 0,
    "followersCount": 2,
    "followingCount": 3,
    "postCount": 2
  }
}
 
16:12:08.726 [main] INFO com.intuit.karate -- Request #22 completed - Status: 200 Time: 277ms 
16:12:08.727 [main] INFO com.intuit.karate -- *** SEQUENTIAL REQUEST #23 *** 
16:12:08.727 [main] INFO com.intuit.karate -- User: test@example.com 
16:12:08.731 [main] INFO com.intuit.karate -- [print] *** BEFORE API CALL *** Email: test@example.com URL: http://localhost:3000/auth/login 
16:12:08.731 [main] DEBUG com.jayway.jsonpath.internal.path.CompiledPath -- Evaluating path: $
16:12:08.732 [main] INFO com.intuit.karate -- [print] *** SENDING REQUEST *** Body: {
  "email": "#(email)",
  "password": "#(password)"
}
 
16:12:08.733 [main] DEBUG org.apache.http.client.protocol.RequestAddCookies -- CookieSpec selected: karate
16:12:08.733 [main] DEBUG org.apache.http.client.protocol.RequestAuthCache -- Auth cache not set in the context
16:12:08.733 [main] DEBUG com.intuit.karate -- request:
1 > POST http://localhost:3000/auth/login
1 > Content-Type: application/json; charset=UTF-8
1 > Content-Length: 53
1 > Host: localhost:3000
1 > Connection: Keep-Alive
1 > User-Agent: Apache-HttpClient/4.5.14 (Java/17.0.9)
1 > Accept-Encoding: gzip,deflate
{"email":"test@example.com","password":"Password123"}

16:12:08.733 [main] DEBUG org.apache.http.impl.conn.PoolingHttpClientConnectionManager -- Connection request: [route: {}->http://localhost:3000][total available: 0; route allocated: 0 of 5; total allocated: 0 of 10]
16:12:08.733 [main] DEBUG org.apache.http.impl.conn.PoolingHttpClientConnectionManager -- Connection leased: [id: 22][route: {}->http://localhost:3000][total available: 0; route allocated: 1 of 5; total allocated: 1 of 10]
16:12:08.733 [main] DEBUG org.apache.http.impl.execchain.MainClientExec -- Opening connection {}->http://localhost:3000
16:12:08.733 [main] DEBUG org.apache.http.impl.conn.DefaultHttpClientConnectionOperator -- Connecting to localhost/127.0.0.1:3000
16:12:08.734 [main] DEBUG org.apache.http.impl.conn.DefaultHttpClientConnectionOperator -- Connection established 127.0.0.1:51066<->127.0.0.1:3000
16:12:08.734 [main] DEBUG org.apache.http.impl.conn.DefaultManagedHttpClientConnection -- http-outgoing-22: set socket timeout to 30000
16:12:08.734 [main] DEBUG org.apache.http.impl.execchain.MainClientExec -- Executing request POST /auth/login HTTP/1.1
16:12:08.734 [main] DEBUG org.apache.http.impl.execchain.MainClientExec -- Target auth state: UNCHALLENGED
16:12:08.734 [main] DEBUG org.apache.http.impl.execchain.MainClientExec -- Proxy auth state: UNCHALLENGED
16:12:08.734 [main] DEBUG org.apache.http.headers -- http-outgoing-22 >> POST /auth/login HTTP/1.1
16:12:08.734 [main] DEBUG org.apache.http.headers -- http-outgoing-22 >> Content-Type: application/json; charset=UTF-8
16:12:08.734 [main] DEBUG org.apache.http.headers -- http-outgoing-22 >> Content-Length: 53
16:12:08.734 [main] DEBUG org.apache.http.headers -- http-outgoing-22 >> Host: localhost:3000
16:12:08.734 [main] DEBUG org.apache.http.headers -- http-outgoing-22 >> Connection: Keep-Alive
16:12:08.734 [main] DEBUG org.apache.http.headers -- http-outgoing-22 >> User-Agent: Apache-HttpClient/4.5.14 (Java/17.0.9)
16:12:08.734 [main] DEBUG org.apache.http.headers -- http-outgoing-22 >> Accept-Encoding: gzip,deflate
16:12:08.734 [main] DEBUG org.apache.http.wire -- http-outgoing-22 >> "POST /auth/login HTTP/1.1[\r][\n]"
16:12:08.734 [main] DEBUG org.apache.http.wire -- http-outgoing-22 >> "Content-Type: application/json; charset=UTF-8[\r][\n]"
16:12:08.734 [main] DEBUG org.apache.http.wire -- http-outgoing-22 >> "Content-Length: 53[\r][\n]"
16:12:08.734 [main] DEBUG org.apache.http.wire -- http-outgoing-22 >> "Host: localhost:3000[\r][\n]"
16:12:08.734 [main] DEBUG org.apache.http.wire -- http-outgoing-22 >> "Connection: Keep-Alive[\r][\n]"
16:12:08.734 [main] DEBUG org.apache.http.wire -- http-outgoing-22 >> "User-Agent: Apache-HttpClient/4.5.14 (Java/17.0.9)[\r][\n]"
16:12:08.734 [main] DEBUG org.apache.http.wire -- http-outgoing-22 >> "Accept-Encoding: gzip,deflate[\r][\n]"
16:12:08.734 [main] DEBUG org.apache.http.wire -- http-outgoing-22 >> "[\r][\n]"
16:12:08.734 [main] DEBUG org.apache.http.wire -- http-outgoing-22 >> "{"email":"test@example.com","password":"Password123"}"
16:12:08.994 [main] DEBUG org.apache.http.wire -- http-outgoing-22 << "HTTP/1.1 200 OK[\r][\n]"
16:12:08.995 [main] DEBUG org.apache.http.wire -- http-outgoing-22 << "X-Powered-By: Express[\r][\n]"
16:12:08.995 [main] DEBUG org.apache.http.wire -- http-outgoing-22 << "Access-Control-Allow-Origin: *[\r][\n]"
16:12:08.995 [main] DEBUG org.apache.http.wire -- http-outgoing-22 << "Content-Type: application/json; charset=utf-8[\r][\n]"
16:12:08.995 [main] DEBUG org.apache.http.wire -- http-outgoing-22 << "Content-Length: 599[\r][\n]"
16:12:08.995 [main] DEBUG org.apache.http.wire -- http-outgoing-22 << "ETag: W/"257-8w0RRVp9dc+SGDc6BVXNsCoKa3Q"[\r][\n]"
16:12:08.995 [main] DEBUG org.apache.http.wire -- http-outgoing-22 << "Date: Tue, 24 Jun 2025 09:12:08 GMT[\r][\n]"
16:12:08.995 [main] DEBUG org.apache.http.wire -- http-outgoing-22 << "Connection: keep-alive[\r][\n]"
16:12:08.995 [main] DEBUG org.apache.http.wire -- http-outgoing-22 << "Keep-Alive: timeout=5[\r][\n]"
16:12:08.995 [main] DEBUG org.apache.http.wire -- http-outgoing-22 << "[\r][\n]"
16:12:08.995 [main] DEBUG org.apache.http.wire -- http-outgoing-22 << "{"access_token":"eyJhbGciOiJIUzI1NiIsInR5cCI6IkpXVCJ9.eyJzdWIiOiIyZGRhMDQzOS01MTgwLTQ1YWEtOTE3Zi1lNjMyZTQ1YThlNDEiLCJ1c2VybmFtZSI6ImpvaG5kb2UiLCJyb2xlIjowLCJpYXQiOjE3NTA3NTYzMjgsImV4cCI6MTc1MDc1OTkyOH0.BgyCY13xrRnpBQDAez2sCip-aUJD-E1cshTzYHzY7qE","refresh_token":"6dd313d674481969bd37f43e6c2c377ec65f0091e60c51e3950dc428065a40d1","user":{"id":"2dda0439-5180-45aa-917f-e632e45a8e41","email":"test@example.com","username":"johndoe","name":"John Doe","phoneNumber":"0987654321","profilePic":null,"bio":null,"private":false,"verified":false,"role":0,"followersCount":0,"followingCount":0,"postCount":0}}"
16:12:08.995 [main] DEBUG org.apache.http.headers -- http-outgoing-22 << HTTP/1.1 200 OK
16:12:08.995 [main] DEBUG org.apache.http.headers -- http-outgoing-22 << X-Powered-By: Express
16:12:08.995 [main] DEBUG org.apache.http.headers -- http-outgoing-22 << Access-Control-Allow-Origin: *
16:12:08.995 [main] DEBUG org.apache.http.headers -- http-outgoing-22 << Content-Type: application/json; charset=utf-8
16:12:08.995 [main] DEBUG org.apache.http.headers -- http-outgoing-22 << Content-Length: 599
16:12:08.995 [main] DEBUG org.apache.http.headers -- http-outgoing-22 << ETag: W/"257-8w0RRVp9dc+SGDc6BVXNsCoKa3Q"
16:12:08.995 [main] DEBUG org.apache.http.headers -- http-outgoing-22 << Date: Tue, 24 Jun 2025 09:12:08 GMT
16:12:08.995 [main] DEBUG org.apache.http.headers -- http-outgoing-22 << Connection: keep-alive
16:12:08.995 [main] DEBUG org.apache.http.headers -- http-outgoing-22 << Keep-Alive: timeout=5
16:12:08.995 [main] DEBUG org.apache.http.impl.execchain.MainClientExec -- Connection can be kept alive for 5000 MILLISECONDS
16:12:08.995 [main] DEBUG org.apache.http.impl.conn.PoolingHttpClientConnectionManager -- Connection [id: 22][route: {}->http://localhost:3000] can be kept alive for 5.0 seconds
16:12:08.995 [main] DEBUG org.apache.http.impl.conn.DefaultManagedHttpClientConnection -- http-outgoing-22: set socket timeout to 0
16:12:08.995 [main] DEBUG org.apache.http.impl.conn.PoolingHttpClientConnectionManager -- Connection released: [id: 22][route: {}->http://localhost:3000][total available: 1; route allocated: 1 of 5; total allocated: 1 of 10]
16:12:08.995 [main] DEBUG org.apache.http.impl.conn.PoolingHttpClientConnectionManager -- Connection manager is shutting down
16:12:08.995 [main] DEBUG org.apache.http.impl.conn.DefaultManagedHttpClientConnection -- http-outgoing-22: Close connection
16:12:08.995 [main] DEBUG org.apache.http.impl.conn.PoolingHttpClientConnectionManager -- Connection manager shut down
16:12:08.995 [main] DEBUG com.intuit.karate -- response time in milliseconds: 262
1 < 200
1 < X-Powered-By: Express
1 < Access-Control-Allow-Origin: *
1 < Content-Type: application/json; charset=utf-8
1 < Content-Length: 599
1 < ETag: W/"257-8w0RRVp9dc+SGDc6BVXNsCoKa3Q"
1 < Date: Tue, 24 Jun 2025 09:12:08 GMT
1 < Connection: keep-alive
1 < Keep-Alive: timeout=5
{"access_token":"eyJhbGciOiJIUzI1NiIsInR5cCI6IkpXVCJ9.eyJzdWIiOiIyZGRhMDQzOS01MTgwLTQ1YWEtOTE3Zi1lNjMyZTQ1YThlNDEiLCJ1c2VybmFtZSI6ImpvaG5kb2UiLCJyb2xlIjowLCJpYXQiOjE3NTA3NTYzMjgsImV4cCI6MTc1MDc1OTkyOH0.BgyCY13xrRnpBQDAez2sCip-aUJD-E1cshTzYHzY7qE","refresh_token":"6dd313d674481969bd37f43e6c2c377ec65f0091e60c51e3950dc428065a40d1","user":{"id":"2dda0439-5180-45aa-917f-e632e45a8e41","email":"test@example.com","username":"johndoe","name":"John Doe","phoneNumber":"0987654321","profilePic":null,"bio":null,"private":false,"verified":false,"role":0,"followersCount":0,"followingCount":0,"postCount":0}}

16:12:08.996 [main] INFO com.intuit.karate -- [print] *** AFTER API CALL *** Status: 200 
16:12:08.997 [main] INFO com.intuit.karate -- [print] ### API CALL COMPLETED ### Email: test@example.com Status: 200 
16:12:08.998 [main] INFO com.intuit.karate -- [print] ### RESPONSE BODY ### {
  "access_token": "eyJhbGciOiJIUzI1NiIsInR5cCI6IkpXVCJ9.eyJzdWIiOiIyZGRhMDQzOS01MTgwLTQ1YWEtOTE3Zi1lNjMyZTQ1YThlNDEiLCJ1c2VybmFtZSI6ImpvaG5kb2UiLCJyb2xlIjowLCJpYXQiOjE3NTA3NTYzMjgsImV4cCI6MTc1MDc1OTkyOH0.BgyCY13xrRnpBQDAez2sCip-aUJD-E1cshTzYHzY7qE",
  "refresh_token": "6dd313d674481969bd37f43e6c2c377ec65f0091e60c51e3950dc428065a40d1",
  "user": {
    "id": "2dda0439-5180-45aa-917f-e632e45a8e41",
    "email": "test@example.com",
    "username": "johndoe",
    "name": "John Doe",
    "phoneNumber": "0987654321",
    "profilePic": null,
    "bio": null,
    "private": false,
    "verified": false,
    "role": 0,
    "followersCount": 0,
    "followingCount": 0,
    "postCount": 0
  }
}
 
16:12:08.998 [main] INFO com.intuit.karate -- Request #23 completed - Status: 200 Time: 270ms 
16:12:08.999 [main] INFO com.intuit.karate -- *** SEQUENTIAL REQUEST #24 *** 
16:12:08.999 [main] INFO com.intuit.karate -- User: test2@example.com 
16:12:09.003 [main] INFO com.intuit.karate -- [print] *** BEFORE API CALL *** Email: test2@example.com URL: http://localhost:3000/auth/login 
16:12:09.003 [main] DEBUG com.jayway.jsonpath.internal.path.CompiledPath -- Evaluating path: $
16:12:09.004 [main] INFO com.intuit.karate -- [print] *** SENDING REQUEST *** Body: {
  "email": "#(email)",
  "password": "#(password)"
}
 
16:12:09.005 [main] DEBUG org.apache.http.client.protocol.RequestAddCookies -- CookieSpec selected: karate
16:12:09.005 [main] DEBUG org.apache.http.client.protocol.RequestAuthCache -- Auth cache not set in the context
16:12:09.005 [main] DEBUG com.intuit.karate -- request:
1 > POST http://localhost:3000/auth/login
1 > Content-Type: application/json; charset=UTF-8
1 > Content-Length: 54
1 > Host: localhost:3000
1 > Connection: Keep-Alive
1 > User-Agent: Apache-HttpClient/4.5.14 (Java/17.0.9)
1 > Accept-Encoding: gzip,deflate
{"email":"test2@example.com","password":"Password123"}

16:12:09.005 [main] DEBUG org.apache.http.impl.conn.PoolingHttpClientConnectionManager -- Connection request: [route: {}->http://localhost:3000][total available: 0; route allocated: 0 of 5; total allocated: 0 of 10]
16:12:09.005 [main] DEBUG org.apache.http.impl.conn.PoolingHttpClientConnectionManager -- Connection leased: [id: 23][route: {}->http://localhost:3000][total available: 0; route allocated: 1 of 5; total allocated: 1 of 10]
16:12:09.005 [main] DEBUG org.apache.http.impl.execchain.MainClientExec -- Opening connection {}->http://localhost:3000
16:12:09.005 [main] DEBUG org.apache.http.impl.conn.DefaultHttpClientConnectionOperator -- Connecting to localhost/127.0.0.1:3000
16:12:09.005 [main] DEBUG org.apache.http.impl.conn.DefaultHttpClientConnectionOperator -- Connection established 127.0.0.1:51067<->127.0.0.1:3000
16:12:09.005 [main] DEBUG org.apache.http.impl.conn.DefaultManagedHttpClientConnection -- http-outgoing-23: set socket timeout to 30000
16:12:09.005 [main] DEBUG org.apache.http.impl.execchain.MainClientExec -- Executing request POST /auth/login HTTP/1.1
16:12:09.005 [main] DEBUG org.apache.http.impl.execchain.MainClientExec -- Target auth state: UNCHALLENGED
16:12:09.005 [main] DEBUG org.apache.http.impl.execchain.MainClientExec -- Proxy auth state: UNCHALLENGED
16:12:09.005 [main] DEBUG org.apache.http.headers -- http-outgoing-23 >> POST /auth/login HTTP/1.1
16:12:09.005 [main] DEBUG org.apache.http.headers -- http-outgoing-23 >> Content-Type: application/json; charset=UTF-8
16:12:09.005 [main] DEBUG org.apache.http.headers -- http-outgoing-23 >> Content-Length: 54
16:12:09.005 [main] DEBUG org.apache.http.headers -- http-outgoing-23 >> Host: localhost:3000
16:12:09.005 [main] DEBUG org.apache.http.headers -- http-outgoing-23 >> Connection: Keep-Alive
16:12:09.005 [main] DEBUG org.apache.http.headers -- http-outgoing-23 >> User-Agent: Apache-HttpClient/4.5.14 (Java/17.0.9)
16:12:09.005 [main] DEBUG org.apache.http.headers -- http-outgoing-23 >> Accept-Encoding: gzip,deflate
16:12:09.005 [main] DEBUG org.apache.http.wire -- http-outgoing-23 >> "POST /auth/login HTTP/1.1[\r][\n]"
16:12:09.005 [main] DEBUG org.apache.http.wire -- http-outgoing-23 >> "Content-Type: application/json; charset=UTF-8[\r][\n]"
16:12:09.005 [main] DEBUG org.apache.http.wire -- http-outgoing-23 >> "Content-Length: 54[\r][\n]"
16:12:09.005 [main] DEBUG org.apache.http.wire -- http-outgoing-23 >> "Host: localhost:3000[\r][\n]"
16:12:09.005 [main] DEBUG org.apache.http.wire -- http-outgoing-23 >> "Connection: Keep-Alive[\r][\n]"
16:12:09.005 [main] DEBUG org.apache.http.wire -- http-outgoing-23 >> "User-Agent: Apache-HttpClient/4.5.14 (Java/17.0.9)[\r][\n]"
16:12:09.005 [main] DEBUG org.apache.http.wire -- http-outgoing-23 >> "Accept-Encoding: gzip,deflate[\r][\n]"
16:12:09.005 [main] DEBUG org.apache.http.wire -- http-outgoing-23 >> "[\r][\n]"
16:12:09.005 [main] DEBUG org.apache.http.wire -- http-outgoing-23 >> "{"email":"test2@example.com","password":"Password123"}"
16:12:09.268 [main] DEBUG org.apache.http.wire -- http-outgoing-23 << "HTTP/1.1 200 OK[\r][\n]"
16:12:09.268 [main] DEBUG org.apache.http.wire -- http-outgoing-23 << "X-Powered-By: Express[\r][\n]"
16:12:09.268 [main] DEBUG org.apache.http.wire -- http-outgoing-23 << "Access-Control-Allow-Origin: *[\r][\n]"
16:12:09.268 [main] DEBUG org.apache.http.wire -- http-outgoing-23 << "Content-Type: application/json; charset=utf-8[\r][\n]"
16:12:09.268 [main] DEBUG org.apache.http.wire -- http-outgoing-23 << "Content-Length: 608[\r][\n]"
16:12:09.268 [main] DEBUG org.apache.http.wire -- http-outgoing-23 << "ETag: W/"260-mopP3wXTYaTXP0A93DsmRhPT9KY"[\r][\n]"
16:12:09.268 [main] DEBUG org.apache.http.wire -- http-outgoing-23 << "Date: Tue, 24 Jun 2025 09:12:09 GMT[\r][\n]"
16:12:09.268 [main] DEBUG org.apache.http.wire -- http-outgoing-23 << "Connection: keep-alive[\r][\n]"
16:12:09.268 [main] DEBUG org.apache.http.wire -- http-outgoing-23 << "Keep-Alive: timeout=5[\r][\n]"
16:12:09.268 [main] DEBUG org.apache.http.wire -- http-outgoing-23 << "[\r][\n]"
16:12:09.268 [main] DEBUG org.apache.http.wire -- http-outgoing-23 << "{"access_token":"eyJhbGciOiJIUzI1NiIsInR5cCI6IkpXVCJ9.eyJzdWIiOiI4YTI0NzQ2MS01YzA0LTQyMWQtOThmNS1mYTljNzM0ZmFlYTUiLCJ1c2VybmFtZSI6ImphbmVzbWl0aCIsInJvbGUiOjAsImlhdCI6MTc1MDc1NjMyOSwiZXhwIjoxNzUwNzU5OTI5fQ.YNrMpTfDsv3DjZLLtgptJCnQgxqoHeZDHgGBBeRgNMc","refresh_token":"adfafeac6813177a1b3583f488c44da9ecfc9def4a22f8c0e1024bf84ef202a7","user":{"id":"8a247461-5c04-421d-98f5-fa9c734faea5","email":"test2@example.com","username":"janesmith","name":"Jane Smith","phoneNumber":"01234567890","profilePic":null,"bio":null,"private":false,"verified":false,"role":0,"followersCount":0,"followingCount":0,"postCount":0}}"
16:12:09.268 [main] DEBUG org.apache.http.headers -- http-outgoing-23 << HTTP/1.1 200 OK
16:12:09.268 [main] DEBUG org.apache.http.headers -- http-outgoing-23 << X-Powered-By: Express
16:12:09.268 [main] DEBUG org.apache.http.headers -- http-outgoing-23 << Access-Control-Allow-Origin: *
16:12:09.268 [main] DEBUG org.apache.http.headers -- http-outgoing-23 << Content-Type: application/json; charset=utf-8
16:12:09.269 [main] DEBUG org.apache.http.headers -- http-outgoing-23 << Content-Length: 608
16:12:09.269 [main] DEBUG org.apache.http.headers -- http-outgoing-23 << ETag: W/"260-mopP3wXTYaTXP0A93DsmRhPT9KY"
16:12:09.269 [main] DEBUG org.apache.http.headers -- http-outgoing-23 << Date: Tue, 24 Jun 2025 09:12:09 GMT
16:12:09.269 [main] DEBUG org.apache.http.headers -- http-outgoing-23 << Connection: keep-alive
16:12:09.269 [main] DEBUG org.apache.http.headers -- http-outgoing-23 << Keep-Alive: timeout=5
16:12:09.269 [main] DEBUG org.apache.http.impl.execchain.MainClientExec -- Connection can be kept alive for 5000 MILLISECONDS
16:12:09.269 [main] DEBUG org.apache.http.impl.conn.PoolingHttpClientConnectionManager -- Connection [id: 23][route: {}->http://localhost:3000] can be kept alive for 5.0 seconds
16:12:09.269 [main] DEBUG org.apache.http.impl.conn.DefaultManagedHttpClientConnection -- http-outgoing-23: set socket timeout to 0
16:12:09.269 [main] DEBUG org.apache.http.impl.conn.PoolingHttpClientConnectionManager -- Connection released: [id: 23][route: {}->http://localhost:3000][total available: 1; route allocated: 1 of 5; total allocated: 1 of 10]
16:12:09.269 [main] DEBUG org.apache.http.impl.conn.PoolingHttpClientConnectionManager -- Connection manager is shutting down
16:12:09.269 [main] DEBUG org.apache.http.impl.conn.DefaultManagedHttpClientConnection -- http-outgoing-23: Close connection
16:12:09.269 [main] DEBUG org.apache.http.impl.conn.PoolingHttpClientConnectionManager -- Connection manager shut down
16:12:09.269 [main] DEBUG com.intuit.karate -- response time in milliseconds: 264
1 < 200
1 < X-Powered-By: Express
1 < Access-Control-Allow-Origin: *
1 < Content-Type: application/json; charset=utf-8
1 < Content-Length: 608
1 < ETag: W/"260-mopP3wXTYaTXP0A93DsmRhPT9KY"
1 < Date: Tue, 24 Jun 2025 09:12:09 GMT
1 < Connection: keep-alive
1 < Keep-Alive: timeout=5
{"access_token":"eyJhbGciOiJIUzI1NiIsInR5cCI6IkpXVCJ9.eyJzdWIiOiI4YTI0NzQ2MS01YzA0LTQyMWQtOThmNS1mYTljNzM0ZmFlYTUiLCJ1c2VybmFtZSI6ImphbmVzbWl0aCIsInJvbGUiOjAsImlhdCI6MTc1MDc1NjMyOSwiZXhwIjoxNzUwNzU5OTI5fQ.YNrMpTfDsv3DjZLLtgptJCnQgxqoHeZDHgGBBeRgNMc","refresh_token":"adfafeac6813177a1b3583f488c44da9ecfc9def4a22f8c0e1024bf84ef202a7","user":{"id":"8a247461-5c04-421d-98f5-fa9c734faea5","email":"test2@example.com","username":"janesmith","name":"Jane Smith","phoneNumber":"01234567890","profilePic":null,"bio":null,"private":false,"verified":false,"role":0,"followersCount":0,"followingCount":0,"postCount":0}}

16:12:09.270 [main] INFO com.intuit.karate -- [print] *** AFTER API CALL *** Status: 200 
16:12:09.270 [main] INFO com.intuit.karate -- [print] ### API CALL COMPLETED ### Email: test2@example.com Status: 200 
16:12:09.270 [main] INFO com.intuit.karate -- [print] ### RESPONSE BODY ### {
  "access_token": "eyJhbGciOiJIUzI1NiIsInR5cCI6IkpXVCJ9.eyJzdWIiOiI4YTI0NzQ2MS01YzA0LTQyMWQtOThmNS1mYTljNzM0ZmFlYTUiLCJ1c2VybmFtZSI6ImphbmVzbWl0aCIsInJvbGUiOjAsImlhdCI6MTc1MDc1NjMyOSwiZXhwIjoxNzUwNzU5OTI5fQ.YNrMpTfDsv3DjZLLtgptJCnQgxqoHeZDHgGBBeRgNMc",
  "refresh_token": "adfafeac6813177a1b3583f488c44da9ecfc9def4a22f8c0e1024bf84ef202a7",
  "user": {
    "id": "8a247461-5c04-421d-98f5-fa9c734faea5",
    "email": "test2@example.com",
    "username": "janesmith",
    "name": "Jane Smith",
    "phoneNumber": "01234567890",
    "profilePic": null,
    "bio": null,
    "private": false,
    "verified": false,
    "role": 0,
    "followersCount": 0,
    "followingCount": 0,
    "postCount": 0
  }
}
 
16:12:09.271 [main] INFO com.intuit.karate -- Request #24 completed - Status: 200 Time: 272ms 
16:12:09.272 [main] INFO com.intuit.karate -- *** SEQUENTIAL REQUEST #25 *** 
16:12:09.272 [main] INFO com.intuit.karate -- User: test28@example.com 
16:12:09.277 [main] INFO com.intuit.karate -- [print] *** BEFORE API CALL *** Email: test28@example.com URL: http://localhost:3000/auth/login 
16:12:09.278 [main] DEBUG com.jayway.jsonpath.internal.path.CompiledPath -- Evaluating path: $
16:12:09.278 [main] INFO com.intuit.karate -- [print] *** SENDING REQUEST *** Body: {
  "email": "#(email)",
  "password": "#(password)"
}
 
16:12:09.281 [main] DEBUG org.apache.http.client.protocol.RequestAddCookies -- CookieSpec selected: karate
16:12:09.281 [main] DEBUG org.apache.http.client.protocol.RequestAuthCache -- Auth cache not set in the context
16:12:09.281 [main] DEBUG com.intuit.karate -- request:
1 > POST http://localhost:3000/auth/login
1 > Content-Type: application/json; charset=UTF-8
1 > Content-Length: 55
1 > Host: localhost:3000
1 > Connection: Keep-Alive
1 > User-Agent: Apache-HttpClient/4.5.14 (Java/17.0.9)
1 > Accept-Encoding: gzip,deflate
{"email":"test28@example.com","password":"Password123"}

16:12:09.283 [main] DEBUG org.apache.http.impl.conn.PoolingHttpClientConnectionManager -- Connection request: [route: {}->http://localhost:3000][total available: 0; route allocated: 0 of 5; total allocated: 0 of 10]
16:12:09.283 [main] DEBUG org.apache.http.impl.conn.PoolingHttpClientConnectionManager -- Connection leased: [id: 24][route: {}->http://localhost:3000][total available: 0; route allocated: 1 of 5; total allocated: 1 of 10]
16:12:09.283 [main] DEBUG org.apache.http.impl.execchain.MainClientExec -- Opening connection {}->http://localhost:3000
16:12:09.283 [main] DEBUG org.apache.http.impl.conn.DefaultHttpClientConnectionOperator -- Connecting to localhost/127.0.0.1:3000
16:12:09.284 [main] DEBUG org.apache.http.impl.conn.DefaultHttpClientConnectionOperator -- Connection established 127.0.0.1:51068<->127.0.0.1:3000
16:12:09.284 [main] DEBUG org.apache.http.impl.conn.DefaultManagedHttpClientConnection -- http-outgoing-24: set socket timeout to 30000
16:12:09.284 [main] DEBUG org.apache.http.impl.execchain.MainClientExec -- Executing request POST /auth/login HTTP/1.1
16:12:09.284 [main] DEBUG org.apache.http.impl.execchain.MainClientExec -- Target auth state: UNCHALLENGED
16:12:09.284 [main] DEBUG org.apache.http.impl.execchain.MainClientExec -- Proxy auth state: UNCHALLENGED
16:12:09.284 [main] DEBUG org.apache.http.headers -- http-outgoing-24 >> POST /auth/login HTTP/1.1
16:12:09.284 [main] DEBUG org.apache.http.headers -- http-outgoing-24 >> Content-Type: application/json; charset=UTF-8
16:12:09.284 [main] DEBUG org.apache.http.headers -- http-outgoing-24 >> Content-Length: 55
16:12:09.284 [main] DEBUG org.apache.http.headers -- http-outgoing-24 >> Host: localhost:3000
16:12:09.284 [main] DEBUG org.apache.http.headers -- http-outgoing-24 >> Connection: Keep-Alive
16:12:09.284 [main] DEBUG org.apache.http.headers -- http-outgoing-24 >> User-Agent: Apache-HttpClient/4.5.14 (Java/17.0.9)
16:12:09.284 [main] DEBUG org.apache.http.headers -- http-outgoing-24 >> Accept-Encoding: gzip,deflate
16:12:09.284 [main] DEBUG org.apache.http.wire -- http-outgoing-24 >> "POST /auth/login HTTP/1.1[\r][\n]"
16:12:09.284 [main] DEBUG org.apache.http.wire -- http-outgoing-24 >> "Content-Type: application/json; charset=UTF-8[\r][\n]"
16:12:09.284 [main] DEBUG org.apache.http.wire -- http-outgoing-24 >> "Content-Length: 55[\r][\n]"
16:12:09.284 [main] DEBUG org.apache.http.wire -- http-outgoing-24 >> "Host: localhost:3000[\r][\n]"
16:12:09.284 [main] DEBUG org.apache.http.wire -- http-outgoing-24 >> "Connection: Keep-Alive[\r][\n]"
16:12:09.284 [main] DEBUG org.apache.http.wire -- http-outgoing-24 >> "User-Agent: Apache-HttpClient/4.5.14 (Java/17.0.9)[\r][\n]"
16:12:09.284 [main] DEBUG org.apache.http.wire -- http-outgoing-24 >> "Accept-Encoding: gzip,deflate[\r][\n]"
16:12:09.284 [main] DEBUG org.apache.http.wire -- http-outgoing-24 >> "[\r][\n]"
16:12:09.284 [main] DEBUG org.apache.http.wire -- http-outgoing-24 >> "{"email":"test28@example.com","password":"Password123"}"
16:12:09.554 [main] DEBUG org.apache.http.wire -- http-outgoing-24 << "HTTP/1.1 200 OK[\r][\n]"
16:12:09.554 [main] DEBUG org.apache.http.wire -- http-outgoing-24 << "X-Powered-By: Express[\r][\n]"
16:12:09.554 [main] DEBUG org.apache.http.wire -- http-outgoing-24 << "Access-Control-Allow-Origin: *[\r][\n]"
16:12:09.554 [main] DEBUG org.apache.http.wire -- http-outgoing-24 << "Content-Type: application/json; charset=utf-8[\r][\n]"
16:12:09.554 [main] DEBUG org.apache.http.wire -- http-outgoing-24 << "Content-Length: 607[\r][\n]"
16:12:09.554 [main] DEBUG org.apache.http.wire -- http-outgoing-24 << "ETag: W/"25f-juWisDUtJPvbCZTrlxDcnGdC5yQ"[\r][\n]"
16:12:09.554 [main] DEBUG org.apache.http.wire -- http-outgoing-24 << "Date: Tue, 24 Jun 2025 09:12:09 GMT[\r][\n]"
16:12:09.554 [main] DEBUG org.apache.http.wire -- http-outgoing-24 << "Connection: keep-alive[\r][\n]"
16:12:09.554 [main] DEBUG org.apache.http.wire -- http-outgoing-24 << "Keep-Alive: timeout=5[\r][\n]"
16:12:09.554 [main] DEBUG org.apache.http.wire -- http-outgoing-24 << "[\r][\n]"
16:12:09.554 [main] DEBUG org.apache.http.wire -- http-outgoing-24 << "{"access_token":"eyJhbGciOiJIUzI1NiIsInR5cCI6IkpXVCJ9.eyJzdWIiOiJjMjE0MjJkZi1jY2VjLTQ0MGUtOWE0Mi1jMWI4MmFiZjczM2QiLCJ1c2VybmFtZSI6ImpvaG5kb2UyOCIsInJvbGUiOjAsImlhdCI6MTc1MDc1NjMyOSwiZXhwIjoxNzUwNzU5OTI5fQ.1BMb6m7MlMV5gwkPrhyxGree1HrxVitCXHhpup-1WW8","refresh_token":"a16d1243495730bf94eb43476db8a733bd3831bda0c7a3ed073783f99ebc491c","user":{"id":"c21422df-ccec-440e-9a42-c1b82abf733d","email":"test28@example.com","username":"johndoe28","name":"John Doe","phoneNumber":"84987654321","profilePic":null,"bio":null,"private":false,"verified":false,"role":0,"followersCount":0,"followingCount":0,"postCount":0}}"
16:12:09.555 [main] DEBUG org.apache.http.headers -- http-outgoing-24 << HTTP/1.1 200 OK
16:12:09.555 [main] DEBUG org.apache.http.headers -- http-outgoing-24 << X-Powered-By: Express
16:12:09.555 [main] DEBUG org.apache.http.headers -- http-outgoing-24 << Access-Control-Allow-Origin: *
16:12:09.555 [main] DEBUG org.apache.http.headers -- http-outgoing-24 << Content-Type: application/json; charset=utf-8
16:12:09.555 [main] DEBUG org.apache.http.headers -- http-outgoing-24 << Content-Length: 607
16:12:09.555 [main] DEBUG org.apache.http.headers -- http-outgoing-24 << ETag: W/"25f-juWisDUtJPvbCZTrlxDcnGdC5yQ"
16:12:09.555 [main] DEBUG org.apache.http.headers -- http-outgoing-24 << Date: Tue, 24 Jun 2025 09:12:09 GMT
16:12:09.555 [main] DEBUG org.apache.http.headers -- http-outgoing-24 << Connection: keep-alive
16:12:09.555 [main] DEBUG org.apache.http.headers -- http-outgoing-24 << Keep-Alive: timeout=5
16:12:09.555 [main] DEBUG org.apache.http.impl.execchain.MainClientExec -- Connection can be kept alive for 5000 MILLISECONDS
16:12:09.555 [main] DEBUG org.apache.http.impl.conn.PoolingHttpClientConnectionManager -- Connection [id: 24][route: {}->http://localhost:3000] can be kept alive for 5.0 seconds
16:12:09.555 [main] DEBUG org.apache.http.impl.conn.DefaultManagedHttpClientConnection -- http-outgoing-24: set socket timeout to 0
16:12:09.555 [main] DEBUG org.apache.http.impl.conn.PoolingHttpClientConnectionManager -- Connection released: [id: 24][route: {}->http://localhost:3000][total available: 1; route allocated: 1 of 5; total allocated: 1 of 10]
16:12:09.555 [main] DEBUG org.apache.http.impl.conn.PoolingHttpClientConnectionManager -- Connection manager is shutting down
16:12:09.555 [main] DEBUG org.apache.http.impl.conn.DefaultManagedHttpClientConnection -- http-outgoing-24: Close connection
16:12:09.555 [main] DEBUG org.apache.http.impl.conn.PoolingHttpClientConnectionManager -- Connection manager shut down
16:12:09.555 [main] DEBUG com.intuit.karate -- response time in milliseconds: 274
1 < 200
1 < X-Powered-By: Express
1 < Access-Control-Allow-Origin: *
1 < Content-Type: application/json; charset=utf-8
1 < Content-Length: 607
1 < ETag: W/"25f-juWisDUtJPvbCZTrlxDcnGdC5yQ"
1 < Date: Tue, 24 Jun 2025 09:12:09 GMT
1 < Connection: keep-alive
1 < Keep-Alive: timeout=5
{"access_token":"eyJhbGciOiJIUzI1NiIsInR5cCI6IkpXVCJ9.eyJzdWIiOiJjMjE0MjJkZi1jY2VjLTQ0MGUtOWE0Mi1jMWI4MmFiZjczM2QiLCJ1c2VybmFtZSI6ImpvaG5kb2UyOCIsInJvbGUiOjAsImlhdCI6MTc1MDc1NjMyOSwiZXhwIjoxNzUwNzU5OTI5fQ.1BMb6m7MlMV5gwkPrhyxGree1HrxVitCXHhpup-1WW8","refresh_token":"a16d1243495730bf94eb43476db8a733bd3831bda0c7a3ed073783f99ebc491c","user":{"id":"c21422df-ccec-440e-9a42-c1b82abf733d","email":"test28@example.com","username":"johndoe28","name":"John Doe","phoneNumber":"84987654321","profilePic":null,"bio":null,"private":false,"verified":false,"role":0,"followersCount":0,"followingCount":0,"postCount":0}}

16:12:09.555 [main] INFO com.intuit.karate -- [print] *** AFTER API CALL *** Status: 200 
16:12:09.556 [main] INFO com.intuit.karate -- [print] ### API CALL COMPLETED ### Email: test28@example.com Status: 200 
16:12:09.557 [main] INFO com.intuit.karate -- [print] ### RESPONSE BODY ### {
  "access_token": "eyJhbGciOiJIUzI1NiIsInR5cCI6IkpXVCJ9.eyJzdWIiOiJjMjE0MjJkZi1jY2VjLTQ0MGUtOWE0Mi1jMWI4MmFiZjczM2QiLCJ1c2VybmFtZSI6ImpvaG5kb2UyOCIsInJvbGUiOjAsImlhdCI6MTc1MDc1NjMyOSwiZXhwIjoxNzUwNzU5OTI5fQ.1BMb6m7MlMV5gwkPrhyxGree1HrxVitCXHhpup-1WW8",
  "refresh_token": "a16d1243495730bf94eb43476db8a733bd3831bda0c7a3ed073783f99ebc491c",
  "user": {
    "id": "c21422df-ccec-440e-9a42-c1b82abf733d",
    "email": "test28@example.com",
    "username": "johndoe28",
    "name": "John Doe",
    "phoneNumber": "84987654321",
    "profilePic": null,
    "bio": null,
    "private": false,
    "verified": false,
    "role": 0,
    "followersCount": 0,
    "followingCount": 0,
    "postCount": 0
  }
}
 
16:12:09.557 [main] INFO com.intuit.karate -- Request #25 completed - Status: 200 Time: 285ms 
16:12:09.559 [main] INFO com.intuit.karate -- *** SEQUENTIAL REQUEST #26 *** 
16:12:09.559 [main] INFO com.intuit.karate -- User: testit4@gmail.com 
16:12:09.562 [main] INFO com.intuit.karate -- [print] *** BEFORE API CALL *** Email: testit4@gmail.com URL: http://localhost:3000/auth/login 
16:12:09.562 [main] DEBUG com.jayway.jsonpath.internal.path.CompiledPath -- Evaluating path: $
16:12:09.563 [main] INFO com.intuit.karate -- [print] *** SENDING REQUEST *** Body: {
  "email": "#(email)",
  "password": "#(password)"
}
 
16:12:09.564 [main] DEBUG org.apache.http.client.protocol.RequestAddCookies -- CookieSpec selected: karate
16:12:09.564 [main] DEBUG org.apache.http.client.protocol.RequestAuthCache -- Auth cache not set in the context
16:12:09.564 [main] DEBUG com.intuit.karate -- request:
1 > POST http://localhost:3000/auth/login
1 > Content-Type: application/json; charset=UTF-8
1 > Content-Length: 54
1 > Host: localhost:3000
1 > Connection: Keep-Alive
1 > User-Agent: Apache-HttpClient/4.5.14 (Java/17.0.9)
1 > Accept-Encoding: gzip,deflate
{"email":"testit4@gmail.com","password":"Password123"}

16:12:09.564 [main] DEBUG org.apache.http.impl.conn.PoolingHttpClientConnectionManager -- Connection request: [route: {}->http://localhost:3000][total available: 0; route allocated: 0 of 5; total allocated: 0 of 10]
16:12:09.564 [main] DEBUG org.apache.http.impl.conn.PoolingHttpClientConnectionManager -- Connection leased: [id: 25][route: {}->http://localhost:3000][total available: 0; route allocated: 1 of 5; total allocated: 1 of 10]
16:12:09.564 [main] DEBUG org.apache.http.impl.execchain.MainClientExec -- Opening connection {}->http://localhost:3000
16:12:09.564 [main] DEBUG org.apache.http.impl.conn.DefaultHttpClientConnectionOperator -- Connecting to localhost/127.0.0.1:3000
16:12:09.564 [main] DEBUG org.apache.http.impl.conn.DefaultHttpClientConnectionOperator -- Connection established 127.0.0.1:51069<->127.0.0.1:3000
16:12:09.564 [main] DEBUG org.apache.http.impl.conn.DefaultManagedHttpClientConnection -- http-outgoing-25: set socket timeout to 30000
16:12:09.564 [main] DEBUG org.apache.http.impl.execchain.MainClientExec -- Executing request POST /auth/login HTTP/1.1
16:12:09.564 [main] DEBUG org.apache.http.impl.execchain.MainClientExec -- Target auth state: UNCHALLENGED
16:12:09.565 [main] DEBUG org.apache.http.impl.execchain.MainClientExec -- Proxy auth state: UNCHALLENGED
16:12:09.565 [main] DEBUG org.apache.http.headers -- http-outgoing-25 >> POST /auth/login HTTP/1.1
16:12:09.565 [main] DEBUG org.apache.http.headers -- http-outgoing-25 >> Content-Type: application/json; charset=UTF-8
16:12:09.565 [main] DEBUG org.apache.http.headers -- http-outgoing-25 >> Content-Length: 54
16:12:09.565 [main] DEBUG org.apache.http.headers -- http-outgoing-25 >> Host: localhost:3000
16:12:09.565 [main] DEBUG org.apache.http.headers -- http-outgoing-25 >> Connection: Keep-Alive
16:12:09.565 [main] DEBUG org.apache.http.headers -- http-outgoing-25 >> User-Agent: Apache-HttpClient/4.5.14 (Java/17.0.9)
16:12:09.565 [main] DEBUG org.apache.http.headers -- http-outgoing-25 >> Accept-Encoding: gzip,deflate
16:12:09.565 [main] DEBUG org.apache.http.wire -- http-outgoing-25 >> "POST /auth/login HTTP/1.1[\r][\n]"
16:12:09.565 [main] DEBUG org.apache.http.wire -- http-outgoing-25 >> "Content-Type: application/json; charset=UTF-8[\r][\n]"
16:12:09.565 [main] DEBUG org.apache.http.wire -- http-outgoing-25 >> "Content-Length: 54[\r][\n]"
16:12:09.565 [main] DEBUG org.apache.http.wire -- http-outgoing-25 >> "Host: localhost:3000[\r][\n]"
16:12:09.565 [main] DEBUG org.apache.http.wire -- http-outgoing-25 >> "Connection: Keep-Alive[\r][\n]"
16:12:09.565 [main] DEBUG org.apache.http.wire -- http-outgoing-25 >> "User-Agent: Apache-HttpClient/4.5.14 (Java/17.0.9)[\r][\n]"
16:12:09.565 [main] DEBUG org.apache.http.wire -- http-outgoing-25 >> "Accept-Encoding: gzip,deflate[\r][\n]"
16:12:09.565 [main] DEBUG org.apache.http.wire -- http-outgoing-25 >> "[\r][\n]"
16:12:09.565 [main] DEBUG org.apache.http.wire -- http-outgoing-25 >> "{"email":"testit4@gmail.com","password":"Password123"}"
16:12:09.826 [main] DEBUG org.apache.http.wire -- http-outgoing-25 << "HTTP/1.1 200 OK[\r][\n]"
16:12:09.826 [main] DEBUG org.apache.http.wire -- http-outgoing-25 << "X-Powered-By: Express[\r][\n]"
16:12:09.826 [main] DEBUG org.apache.http.wire -- http-outgoing-25 << "Access-Control-Allow-Origin: *[\r][\n]"
16:12:09.826 [main] DEBUG org.apache.http.wire -- http-outgoing-25 << "Content-Type: application/json; charset=utf-8[\r][\n]"
16:12:09.826 [main] DEBUG org.apache.http.wire -- http-outgoing-25 << "Content-Length: 607[\r][\n]"
16:12:09.826 [main] DEBUG org.apache.http.wire -- http-outgoing-25 << "ETag: W/"25f-E1w26pgMktdRTRqEiVIEvVv9MMk"[\r][\n]"
16:12:09.826 [main] DEBUG org.apache.http.wire -- http-outgoing-25 << "Date: Tue, 24 Jun 2025 09:12:09 GMT[\r][\n]"
16:12:09.826 [main] DEBUG org.apache.http.wire -- http-outgoing-25 << "Connection: keep-alive[\r][\n]"
16:12:09.826 [main] DEBUG org.apache.http.wire -- http-outgoing-25 << "Keep-Alive: timeout=5[\r][\n]"
16:12:09.826 [main] DEBUG org.apache.http.wire -- http-outgoing-25 << "[\r][\n]"
16:12:09.826 [main] DEBUG org.apache.http.wire -- http-outgoing-25 << "{"access_token":"eyJhbGciOiJIUzI1NiIsInR5cCI6IkpXVCJ9.eyJzdWIiOiI5YTI2OTc2Yy0xNTMyLTRkZjMtYTE2ZS03NjMxNTI1Yzg1MDIiLCJ1c2VybmFtZSI6ImpvaG5kb2UyZDUiLCJyb2xlIjowLCJpYXQiOjE3NTA3NTYzMjksImV4cCI6MTc1MDc1OTkyOX0.TyRMUx9tMJhAYQHLUp9dUltdKDBAU3XmEc1p7yTRDv8","refresh_token":"e6c3e41d28267d1220a19a70f38088f813d37e8e081672e4488cb34624eeb93b","user":{"id":"9a26976c-1532-4df3-a16e-7631525c8502","email":"testit4@gmail.com","username":"johndoe2d5","name":"John Doe","phoneNumber":"0123456212","profilePic":null,"bio":null,"private":false,"verified":false,"role":0,"followersCount":0,"followingCount":0,"postCount":0}}"
16:12:09.826 [main] DEBUG org.apache.http.headers -- http-outgoing-25 << HTTP/1.1 200 OK
16:12:09.826 [main] DEBUG org.apache.http.headers -- http-outgoing-25 << X-Powered-By: Express
16:12:09.826 [main] DEBUG org.apache.http.headers -- http-outgoing-25 << Access-Control-Allow-Origin: *
16:12:09.826 [main] DEBUG org.apache.http.headers -- http-outgoing-25 << Content-Type: application/json; charset=utf-8
16:12:09.826 [main] DEBUG org.apache.http.headers -- http-outgoing-25 << Content-Length: 607
16:12:09.826 [main] DEBUG org.apache.http.headers -- http-outgoing-25 << ETag: W/"25f-E1w26pgMktdRTRqEiVIEvVv9MMk"
16:12:09.826 [main] DEBUG org.apache.http.headers -- http-outgoing-25 << Date: Tue, 24 Jun 2025 09:12:09 GMT
16:12:09.826 [main] DEBUG org.apache.http.headers -- http-outgoing-25 << Connection: keep-alive
16:12:09.826 [main] DEBUG org.apache.http.headers -- http-outgoing-25 << Keep-Alive: timeout=5
16:12:09.826 [main] DEBUG org.apache.http.impl.execchain.MainClientExec -- Connection can be kept alive for 5000 MILLISECONDS
16:12:09.826 [main] DEBUG org.apache.http.impl.conn.PoolingHttpClientConnectionManager -- Connection [id: 25][route: {}->http://localhost:3000] can be kept alive for 5.0 seconds
16:12:09.826 [main] DEBUG org.apache.http.impl.conn.DefaultManagedHttpClientConnection -- http-outgoing-25: set socket timeout to 0
16:12:09.826 [main] DEBUG org.apache.http.impl.conn.PoolingHttpClientConnectionManager -- Connection released: [id: 25][route: {}->http://localhost:3000][total available: 1; route allocated: 1 of 5; total allocated: 1 of 10]
16:12:09.826 [main] DEBUG org.apache.http.impl.conn.PoolingHttpClientConnectionManager -- Connection manager is shutting down
16:12:09.826 [main] DEBUG org.apache.http.impl.conn.DefaultManagedHttpClientConnection -- http-outgoing-25: Close connection
16:12:09.827 [main] DEBUG org.apache.http.impl.conn.PoolingHttpClientConnectionManager -- Connection manager shut down
16:12:09.827 [main] DEBUG com.intuit.karate -- response time in milliseconds: 262
1 < 200
1 < X-Powered-By: Express
1 < Access-Control-Allow-Origin: *
1 < Content-Type: application/json; charset=utf-8
1 < Content-Length: 607
1 < ETag: W/"25f-E1w26pgMktdRTRqEiVIEvVv9MMk"
1 < Date: Tue, 24 Jun 2025 09:12:09 GMT
1 < Connection: keep-alive
1 < Keep-Alive: timeout=5
{"access_token":"eyJhbGciOiJIUzI1NiIsInR5cCI6IkpXVCJ9.eyJzdWIiOiI5YTI2OTc2Yy0xNTMyLTRkZjMtYTE2ZS03NjMxNTI1Yzg1MDIiLCJ1c2VybmFtZSI6ImpvaG5kb2UyZDUiLCJyb2xlIjowLCJpYXQiOjE3NTA3NTYzMjksImV4cCI6MTc1MDc1OTkyOX0.TyRMUx9tMJhAYQHLUp9dUltdKDBAU3XmEc1p7yTRDv8","refresh_token":"e6c3e41d28267d1220a19a70f38088f813d37e8e081672e4488cb34624eeb93b","user":{"id":"9a26976c-1532-4df3-a16e-7631525c8502","email":"testit4@gmail.com","username":"johndoe2d5","name":"John Doe","phoneNumber":"0123456212","profilePic":null,"bio":null,"private":false,"verified":false,"role":0,"followersCount":0,"followingCount":0,"postCount":0}}

16:12:09.828 [main] INFO com.intuit.karate -- [print] *** AFTER API CALL *** Status: 200 
16:12:09.829 [main] INFO com.intuit.karate -- [print] ### API CALL COMPLETED ### Email: testit4@gmail.com Status: 200 
16:12:09.829 [main] INFO com.intuit.karate -- [print] ### RESPONSE BODY ### {
  "access_token": "eyJhbGciOiJIUzI1NiIsInR5cCI6IkpXVCJ9.eyJzdWIiOiI5YTI2OTc2Yy0xNTMyLTRkZjMtYTE2ZS03NjMxNTI1Yzg1MDIiLCJ1c2VybmFtZSI6ImpvaG5kb2UyZDUiLCJyb2xlIjowLCJpYXQiOjE3NTA3NTYzMjksImV4cCI6MTc1MDc1OTkyOX0.TyRMUx9tMJhAYQHLUp9dUltdKDBAU3XmEc1p7yTRDv8",
  "refresh_token": "e6c3e41d28267d1220a19a70f38088f813d37e8e081672e4488cb34624eeb93b",
  "user": {
    "id": "9a26976c-1532-4df3-a16e-7631525c8502",
    "email": "testit4@gmail.com",
    "username": "johndoe2d5",
    "name": "John Doe",
    "phoneNumber": "0123456212",
    "profilePic": null,
    "bio": null,
    "private": false,
    "verified": false,
    "role": 0,
    "followersCount": 0,
    "followingCount": 0,
    "postCount": 0
  }
}
 
16:12:09.830 [main] INFO com.intuit.karate -- Request #26 completed - Status: 200 Time: 271ms 
16:12:09.830 [main] INFO com.intuit.karate -- *** SEQUENTIAL REQUEST #27 *** 
16:12:09.831 [main] INFO com.intuit.karate -- User: testit3@gmail.com 
16:12:09.838 [main] INFO com.intuit.karate -- [print] *** BEFORE API CALL *** Email: testit3@gmail.com URL: http://localhost:3000/auth/login 
16:12:09.839 [main] DEBUG com.jayway.jsonpath.internal.path.CompiledPath -- Evaluating path: $
16:12:09.839 [main] INFO com.intuit.karate -- [print] *** SENDING REQUEST *** Body: {
  "email": "#(email)",
  "password": "#(password)"
}
 
16:12:09.841 [main] DEBUG org.apache.http.client.protocol.RequestAddCookies -- CookieSpec selected: karate
16:12:09.841 [main] DEBUG org.apache.http.client.protocol.RequestAuthCache -- Auth cache not set in the context
16:12:09.841 [main] DEBUG com.intuit.karate -- request:
1 > POST http://localhost:3000/auth/login
1 > Content-Type: application/json; charset=UTF-8
1 > Content-Length: 54
1 > Host: localhost:3000
1 > Connection: Keep-Alive
1 > User-Agent: Apache-HttpClient/4.5.14 (Java/17.0.9)
1 > Accept-Encoding: gzip,deflate
{"email":"testit3@gmail.com","password":"Password123"}

16:12:09.841 [main] DEBUG org.apache.http.impl.conn.PoolingHttpClientConnectionManager -- Connection request: [route: {}->http://localhost:3000][total available: 0; route allocated: 0 of 5; total allocated: 0 of 10]
16:12:09.841 [main] DEBUG org.apache.http.impl.conn.PoolingHttpClientConnectionManager -- Connection leased: [id: 26][route: {}->http://localhost:3000][total available: 0; route allocated: 1 of 5; total allocated: 1 of 10]
16:12:09.841 [main] DEBUG org.apache.http.impl.execchain.MainClientExec -- Opening connection {}->http://localhost:3000
16:12:09.841 [main] DEBUG org.apache.http.impl.conn.DefaultHttpClientConnectionOperator -- Connecting to localhost/127.0.0.1:3000
16:12:09.842 [main] DEBUG org.apache.http.impl.conn.DefaultHttpClientConnectionOperator -- Connection established 127.0.0.1:51070<->127.0.0.1:3000
16:12:09.842 [main] DEBUG org.apache.http.impl.conn.DefaultManagedHttpClientConnection -- http-outgoing-26: set socket timeout to 30000
16:12:09.842 [main] DEBUG org.apache.http.impl.execchain.MainClientExec -- Executing request POST /auth/login HTTP/1.1
16:12:09.842 [main] DEBUG org.apache.http.impl.execchain.MainClientExec -- Target auth state: UNCHALLENGED
16:12:09.842 [main] DEBUG org.apache.http.impl.execchain.MainClientExec -- Proxy auth state: UNCHALLENGED
16:12:09.842 [main] DEBUG org.apache.http.headers -- http-outgoing-26 >> POST /auth/login HTTP/1.1
16:12:09.842 [main] DEBUG org.apache.http.headers -- http-outgoing-26 >> Content-Type: application/json; charset=UTF-8
16:12:09.842 [main] DEBUG org.apache.http.headers -- http-outgoing-26 >> Content-Length: 54
16:12:09.842 [main] DEBUG org.apache.http.headers -- http-outgoing-26 >> Host: localhost:3000
16:12:09.842 [main] DEBUG org.apache.http.headers -- http-outgoing-26 >> Connection: Keep-Alive
16:12:09.842 [main] DEBUG org.apache.http.headers -- http-outgoing-26 >> User-Agent: Apache-HttpClient/4.5.14 (Java/17.0.9)
16:12:09.842 [main] DEBUG org.apache.http.headers -- http-outgoing-26 >> Accept-Encoding: gzip,deflate
16:12:09.842 [main] DEBUG org.apache.http.wire -- http-outgoing-26 >> "POST /auth/login HTTP/1.1[\r][\n]"
16:12:09.842 [main] DEBUG org.apache.http.wire -- http-outgoing-26 >> "Content-Type: application/json; charset=UTF-8[\r][\n]"
16:12:09.842 [main] DEBUG org.apache.http.wire -- http-outgoing-26 >> "Content-Length: 54[\r][\n]"
16:12:09.842 [main] DEBUG org.apache.http.wire -- http-outgoing-26 >> "Host: localhost:3000[\r][\n]"
16:12:09.842 [main] DEBUG org.apache.http.wire -- http-outgoing-26 >> "Connection: Keep-Alive[\r][\n]"
16:12:09.842 [main] DEBUG org.apache.http.wire -- http-outgoing-26 >> "User-Agent: Apache-HttpClient/4.5.14 (Java/17.0.9)[\r][\n]"
16:12:09.842 [main] DEBUG org.apache.http.wire -- http-outgoing-26 >> "Accept-Encoding: gzip,deflate[\r][\n]"
16:12:09.842 [main] DEBUG org.apache.http.wire -- http-outgoing-26 >> "[\r][\n]"
16:12:09.842 [main] DEBUG org.apache.http.wire -- http-outgoing-26 >> "{"email":"testit3@gmail.com","password":"Password123"}"
16:12:10.108 [main] DEBUG org.apache.http.wire -- http-outgoing-26 << "HTTP/1.1 200 OK[\r][\n]"
16:12:10.108 [main] DEBUG org.apache.http.wire -- http-outgoing-26 << "X-Powered-By: Express[\r][\n]"
16:12:10.108 [main] DEBUG org.apache.http.wire -- http-outgoing-26 << "Access-Control-Allow-Origin: *[\r][\n]"
16:12:10.108 [main] DEBUG org.apache.http.wire -- http-outgoing-26 << "Content-Type: application/json; charset=utf-8[\r][\n]"
16:12:10.108 [main] DEBUG org.apache.http.wire -- http-outgoing-26 << "Content-Length: 605[\r][\n]"
16:12:10.108 [main] DEBUG org.apache.http.wire -- http-outgoing-26 << "ETag: W/"25d-AFTis5Txk0Xe2JAJTTJKtKJ5Pz0"[\r][\n]"
16:12:10.108 [main] DEBUG org.apache.http.wire -- http-outgoing-26 << "Date: Tue, 24 Jun 2025 09:12:10 GMT[\r][\n]"
16:12:10.108 [main] DEBUG org.apache.http.wire -- http-outgoing-26 << "Connection: keep-alive[\r][\n]"
16:12:10.108 [main] DEBUG org.apache.http.wire -- http-outgoing-26 << "Keep-Alive: timeout=5[\r][\n]"
16:12:10.108 [main] DEBUG org.apache.http.wire -- http-outgoing-26 << "[\r][\n]"
16:12:10.108 [main] DEBUG org.apache.http.wire -- http-outgoing-26 << "{"access_token":"eyJhbGciOiJIUzI1NiIsInR5cCI6IkpXVCJ9.eyJzdWIiOiI2NTBjZTFlZC1hYWNhLTQzOGYtOTk4OC0xZjA1OGFiNWFhMWEiLCJ1c2VybmFtZSI6ImpvaG5kb2UyNSIsInJvbGUiOjAsImlhdCI6MTc1MDc1NjMzMCwiZXhwIjoxNzUwNzU5OTMwfQ._UIoPQ2m-gHu3tM9u9JAZ0x2463a2r2FgzBwLw25kiA","refresh_token":"e71843ce000f3e3883b93220e0384bd83738cb9a13996355a9337881c0dcf4ec","user":{"id":"650ce1ed-aaca-438f-9988-1f058ab5aa1a","email":"testit3@gmail.com","username":"johndoe25","name":"John Doe","phoneNumber":"0123456713","profilePic":null,"bio":null,"private":false,"verified":false,"role":0,"followersCount":0,"followingCount":0,"postCount":0}}"
16:12:10.109 [main] DEBUG org.apache.http.headers -- http-outgoing-26 << HTTP/1.1 200 OK
16:12:10.109 [main] DEBUG org.apache.http.headers -- http-outgoing-26 << X-Powered-By: Express
16:12:10.109 [main] DEBUG org.apache.http.headers -- http-outgoing-26 << Access-Control-Allow-Origin: *
16:12:10.109 [main] DEBUG org.apache.http.headers -- http-outgoing-26 << Content-Type: application/json; charset=utf-8
16:12:10.109 [main] DEBUG org.apache.http.headers -- http-outgoing-26 << Content-Length: 605
16:12:10.109 [main] DEBUG org.apache.http.headers -- http-outgoing-26 << ETag: W/"25d-AFTis5Txk0Xe2JAJTTJKtKJ5Pz0"
16:12:10.109 [main] DEBUG org.apache.http.headers -- http-outgoing-26 << Date: Tue, 24 Jun 2025 09:12:10 GMT
16:12:10.109 [main] DEBUG org.apache.http.headers -- http-outgoing-26 << Connection: keep-alive
16:12:10.109 [main] DEBUG org.apache.http.headers -- http-outgoing-26 << Keep-Alive: timeout=5
16:12:10.109 [main] DEBUG org.apache.http.impl.execchain.MainClientExec -- Connection can be kept alive for 5000 MILLISECONDS
16:12:10.109 [main] DEBUG org.apache.http.impl.conn.PoolingHttpClientConnectionManager -- Connection [id: 26][route: {}->http://localhost:3000] can be kept alive for 5.0 seconds
16:12:10.109 [main] DEBUG org.apache.http.impl.conn.DefaultManagedHttpClientConnection -- http-outgoing-26: set socket timeout to 0
16:12:10.109 [main] DEBUG org.apache.http.impl.conn.PoolingHttpClientConnectionManager -- Connection released: [id: 26][route: {}->http://localhost:3000][total available: 1; route allocated: 1 of 5; total allocated: 1 of 10]
16:12:10.109 [main] DEBUG org.apache.http.impl.conn.PoolingHttpClientConnectionManager -- Connection manager is shutting down
16:12:10.109 [main] DEBUG org.apache.http.impl.conn.DefaultManagedHttpClientConnection -- http-outgoing-26: Close connection
16:12:10.109 [main] DEBUG org.apache.http.impl.conn.PoolingHttpClientConnectionManager -- Connection manager shut down
16:12:10.109 [main] DEBUG com.intuit.karate -- response time in milliseconds: 268
1 < 200
1 < X-Powered-By: Express
1 < Access-Control-Allow-Origin: *
1 < Content-Type: application/json; charset=utf-8
1 < Content-Length: 605
1 < ETag: W/"25d-AFTis5Txk0Xe2JAJTTJKtKJ5Pz0"
1 < Date: Tue, 24 Jun 2025 09:12:10 GMT
1 < Connection: keep-alive
1 < Keep-Alive: timeout=5
{"access_token":"eyJhbGciOiJIUzI1NiIsInR5cCI6IkpXVCJ9.eyJzdWIiOiI2NTBjZTFlZC1hYWNhLTQzOGYtOTk4OC0xZjA1OGFiNWFhMWEiLCJ1c2VybmFtZSI6ImpvaG5kb2UyNSIsInJvbGUiOjAsImlhdCI6MTc1MDc1NjMzMCwiZXhwIjoxNzUwNzU5OTMwfQ._UIoPQ2m-gHu3tM9u9JAZ0x2463a2r2FgzBwLw25kiA","refresh_token":"e71843ce000f3e3883b93220e0384bd83738cb9a13996355a9337881c0dcf4ec","user":{"id":"650ce1ed-aaca-438f-9988-1f058ab5aa1a","email":"testit3@gmail.com","username":"johndoe25","name":"John Doe","phoneNumber":"0123456713","profilePic":null,"bio":null,"private":false,"verified":false,"role":0,"followersCount":0,"followingCount":0,"postCount":0}}

16:12:10.110 [main] INFO com.intuit.karate -- [print] *** AFTER API CALL *** Status: 200 
16:12:10.110 [main] INFO com.intuit.karate -- [print] ### API CALL COMPLETED ### Email: testit3@gmail.com Status: 200 
16:12:10.111 [main] INFO com.intuit.karate -- [print] ### RESPONSE BODY ### {
  "access_token": "eyJhbGciOiJIUzI1NiIsInR5cCI6IkpXVCJ9.eyJzdWIiOiI2NTBjZTFlZC1hYWNhLTQzOGYtOTk4OC0xZjA1OGFiNWFhMWEiLCJ1c2VybmFtZSI6ImpvaG5kb2UyNSIsInJvbGUiOjAsImlhdCI6MTc1MDc1NjMzMCwiZXhwIjoxNzUwNzU5OTMwfQ._UIoPQ2m-gHu3tM9u9JAZ0x2463a2r2FgzBwLw25kiA",
  "refresh_token": "e71843ce000f3e3883b93220e0384bd83738cb9a13996355a9337881c0dcf4ec",
  "user": {
    "id": "650ce1ed-aaca-438f-9988-1f058ab5aa1a",
    "email": "testit3@gmail.com",
    "username": "johndoe25",
    "name": "John Doe",
    "phoneNumber": "0123456713",
    "profilePic": null,
    "bio": null,
    "private": false,
    "verified": false,
    "role": 0,
    "followersCount": 0,
    "followingCount": 0,
    "postCount": 0
  }
}
 
16:12:10.112 [main] INFO com.intuit.karate -- Request #27 completed - Status: 200 Time: 280ms 
16:12:10.112 [main] INFO com.intuit.karate -- *** SEQUENTIAL REQUEST #28 *** 
16:12:10.112 [main] INFO com.intuit.karate -- User: testit5@gmail.com 
16:12:10.116 [main] INFO com.intuit.karate -- [print] *** BEFORE API CALL *** Email: testit5@gmail.com URL: http://localhost:3000/auth/login 
16:12:10.116 [main] DEBUG com.jayway.jsonpath.internal.path.CompiledPath -- Evaluating path: $
16:12:10.116 [main] INFO com.intuit.karate -- [print] *** SENDING REQUEST *** Body: {
  "email": "#(email)",
  "password": "#(password)"
}
 
16:12:10.118 [main] DEBUG org.apache.http.client.protocol.RequestAddCookies -- CookieSpec selected: karate
16:12:10.118 [main] DEBUG org.apache.http.client.protocol.RequestAuthCache -- Auth cache not set in the context
16:12:10.118 [main] DEBUG com.intuit.karate -- request:
1 > POST http://localhost:3000/auth/login
1 > Content-Type: application/json; charset=UTF-8
1 > Content-Length: 54
1 > Host: localhost:3000
1 > Connection: Keep-Alive
1 > User-Agent: Apache-HttpClient/4.5.14 (Java/17.0.9)
1 > Accept-Encoding: gzip,deflate
{"email":"testit5@gmail.com","password":"Password123"}

16:12:10.118 [main] DEBUG org.apache.http.impl.conn.PoolingHttpClientConnectionManager -- Connection request: [route: {}->http://localhost:3000][total available: 0; route allocated: 0 of 5; total allocated: 0 of 10]
16:12:10.118 [main] DEBUG org.apache.http.impl.conn.PoolingHttpClientConnectionManager -- Connection leased: [id: 27][route: {}->http://localhost:3000][total available: 0; route allocated: 1 of 5; total allocated: 1 of 10]
16:12:10.118 [main] DEBUG org.apache.http.impl.execchain.MainClientExec -- Opening connection {}->http://localhost:3000
16:12:10.118 [main] DEBUG org.apache.http.impl.conn.DefaultHttpClientConnectionOperator -- Connecting to localhost/127.0.0.1:3000
16:12:10.119 [main] DEBUG org.apache.http.impl.conn.DefaultHttpClientConnectionOperator -- Connection established 127.0.0.1:51071<->127.0.0.1:3000
16:12:10.119 [main] DEBUG org.apache.http.impl.conn.DefaultManagedHttpClientConnection -- http-outgoing-27: set socket timeout to 30000
16:12:10.119 [main] DEBUG org.apache.http.impl.execchain.MainClientExec -- Executing request POST /auth/login HTTP/1.1
16:12:10.119 [main] DEBUG org.apache.http.impl.execchain.MainClientExec -- Target auth state: UNCHALLENGED
16:12:10.119 [main] DEBUG org.apache.http.impl.execchain.MainClientExec -- Proxy auth state: UNCHALLENGED
16:12:10.119 [main] DEBUG org.apache.http.headers -- http-outgoing-27 >> POST /auth/login HTTP/1.1
16:12:10.119 [main] DEBUG org.apache.http.headers -- http-outgoing-27 >> Content-Type: application/json; charset=UTF-8
16:12:10.119 [main] DEBUG org.apache.http.headers -- http-outgoing-27 >> Content-Length: 54
16:12:10.119 [main] DEBUG org.apache.http.headers -- http-outgoing-27 >> Host: localhost:3000
16:12:10.119 [main] DEBUG org.apache.http.headers -- http-outgoing-27 >> Connection: Keep-Alive
16:12:10.119 [main] DEBUG org.apache.http.headers -- http-outgoing-27 >> User-Agent: Apache-HttpClient/4.5.14 (Java/17.0.9)
16:12:10.119 [main] DEBUG org.apache.http.headers -- http-outgoing-27 >> Accept-Encoding: gzip,deflate
16:12:10.119 [main] DEBUG org.apache.http.wire -- http-outgoing-27 >> "POST /auth/login HTTP/1.1[\r][\n]"
16:12:10.119 [main] DEBUG org.apache.http.wire -- http-outgoing-27 >> "Content-Type: application/json; charset=UTF-8[\r][\n]"
16:12:10.119 [main] DEBUG org.apache.http.wire -- http-outgoing-27 >> "Content-Length: 54[\r][\n]"
16:12:10.119 [main] DEBUG org.apache.http.wire -- http-outgoing-27 >> "Host: localhost:3000[\r][\n]"
16:12:10.119 [main] DEBUG org.apache.http.wire -- http-outgoing-27 >> "Connection: Keep-Alive[\r][\n]"
16:12:10.119 [main] DEBUG org.apache.http.wire -- http-outgoing-27 >> "User-Agent: Apache-HttpClient/4.5.14 (Java/17.0.9)[\r][\n]"
16:12:10.119 [main] DEBUG org.apache.http.wire -- http-outgoing-27 >> "Accept-Encoding: gzip,deflate[\r][\n]"
16:12:10.119 [main] DEBUG org.apache.http.wire -- http-outgoing-27 >> "[\r][\n]"
16:12:10.119 [main] DEBUG org.apache.http.wire -- http-outgoing-27 >> "{"email":"testit5@gmail.com","password":"Password123"}"
16:12:10.382 [main] DEBUG org.apache.http.wire -- http-outgoing-27 << "HTTP/1.1 200 OK[\r][\n]"
16:12:10.382 [main] DEBUG org.apache.http.wire -- http-outgoing-27 << "X-Powered-By: Express[\r][\n]"
16:12:10.382 [main] DEBUG org.apache.http.wire -- http-outgoing-27 << "Access-Control-Allow-Origin: *[\r][\n]"
16:12:10.382 [main] DEBUG org.apache.http.wire -- http-outgoing-27 << "Content-Type: application/json; charset=utf-8[\r][\n]"
16:12:10.382 [main] DEBUG org.apache.http.wire -- http-outgoing-27 << "Content-Length: 609[\r][\n]"
16:12:10.382 [main] DEBUG org.apache.http.wire -- http-outgoing-27 << "ETag: W/"261-afGLkCdbES8F/v1Z27NU4GHtnEk"[\r][\n]"
16:12:10.382 [main] DEBUG org.apache.http.wire -- http-outgoing-27 << "Date: Tue, 24 Jun 2025 09:12:10 GMT[\r][\n]"
16:12:10.382 [main] DEBUG org.apache.http.wire -- http-outgoing-27 << "Connection: keep-alive[\r][\n]"
16:12:10.382 [main] DEBUG org.apache.http.wire -- http-outgoing-27 << "Keep-Alive: timeout=5[\r][\n]"
16:12:10.382 [main] DEBUG org.apache.http.wire -- http-outgoing-27 << "[\r][\n]"
16:12:10.382 [main] DEBUG org.apache.http.wire -- http-outgoing-27 << "{"access_token":"eyJhbGciOiJIUzI1NiIsInR5cCI6IkpXVCJ9.eyJzdWIiOiIyNzJmNmI1NS01MTc5LTRhZTMtODU2My1iNGVjMTBmNzY3MTUiLCJ1c2VybmFtZSI6ImpvaG5kb2UyZDVkIiwicm9sZSI6MCwiaWF0IjoxNzUwNzU2MzMwLCJleHAiOjE3NTA3NTk5MzB9.zHJCFLACQgDC7gMwnj2Crma2_Fj7cvhipjkyFuR-lBw","refresh_token":"ca3d2716656388255ce0d1431045f583815f9f549a2b2e550c61c7d0cbc58625","user":{"id":"272f6b55-5179-4ae3-8563-b4ec10f76715","email":"testit5@gmail.com","username":"johndoe2d5d","name":"John Doe","phoneNumber":"0123456132","profilePic":null,"bio":null,"private":false,"verified":false,"role":0,"followersCount":0,"followingCount":0,"postCount":0}}"
16:12:10.382 [main] DEBUG org.apache.http.headers -- http-outgoing-27 << HTTP/1.1 200 OK
16:12:10.382 [main] DEBUG org.apache.http.headers -- http-outgoing-27 << X-Powered-By: Express
16:12:10.382 [main] DEBUG org.apache.http.headers -- http-outgoing-27 << Access-Control-Allow-Origin: *
16:12:10.382 [main] DEBUG org.apache.http.headers -- http-outgoing-27 << Content-Type: application/json; charset=utf-8
16:12:10.382 [main] DEBUG org.apache.http.headers -- http-outgoing-27 << Content-Length: 609
16:12:10.382 [main] DEBUG org.apache.http.headers -- http-outgoing-27 << ETag: W/"261-afGLkCdbES8F/v1Z27NU4GHtnEk"
16:12:10.382 [main] DEBUG org.apache.http.headers -- http-outgoing-27 << Date: Tue, 24 Jun 2025 09:12:10 GMT
16:12:10.382 [main] DEBUG org.apache.http.headers -- http-outgoing-27 << Connection: keep-alive
16:12:10.382 [main] DEBUG org.apache.http.headers -- http-outgoing-27 << Keep-Alive: timeout=5
16:12:10.382 [main] DEBUG org.apache.http.impl.execchain.MainClientExec -- Connection can be kept alive for 5000 MILLISECONDS
16:12:10.382 [main] DEBUG org.apache.http.impl.conn.PoolingHttpClientConnectionManager -- Connection [id: 27][route: {}->http://localhost:3000] can be kept alive for 5.0 seconds
16:12:10.382 [main] DEBUG org.apache.http.impl.conn.DefaultManagedHttpClientConnection -- http-outgoing-27: set socket timeout to 0
16:12:10.382 [main] DEBUG org.apache.http.impl.conn.PoolingHttpClientConnectionManager -- Connection released: [id: 27][route: {}->http://localhost:3000][total available: 1; route allocated: 1 of 5; total allocated: 1 of 10]
16:12:10.382 [main] DEBUG org.apache.http.impl.conn.PoolingHttpClientConnectionManager -- Connection manager is shutting down
16:12:10.382 [main] DEBUG org.apache.http.impl.conn.DefaultManagedHttpClientConnection -- http-outgoing-27: Close connection
16:12:10.382 [main] DEBUG org.apache.http.impl.conn.PoolingHttpClientConnectionManager -- Connection manager shut down
16:12:10.382 [main] DEBUG com.intuit.karate -- response time in milliseconds: 264
1 < 200
1 < X-Powered-By: Express
1 < Access-Control-Allow-Origin: *
1 < Content-Type: application/json; charset=utf-8
1 < Content-Length: 609
1 < ETag: W/"261-afGLkCdbES8F/v1Z27NU4GHtnEk"
1 < Date: Tue, 24 Jun 2025 09:12:10 GMT
1 < Connection: keep-alive
1 < Keep-Alive: timeout=5
{"access_token":"eyJhbGciOiJIUzI1NiIsInR5cCI6IkpXVCJ9.eyJzdWIiOiIyNzJmNmI1NS01MTc5LTRhZTMtODU2My1iNGVjMTBmNzY3MTUiLCJ1c2VybmFtZSI6ImpvaG5kb2UyZDVkIiwicm9sZSI6MCwiaWF0IjoxNzUwNzU2MzMwLCJleHAiOjE3NTA3NTk5MzB9.zHJCFLACQgDC7gMwnj2Crma2_Fj7cvhipjkyFuR-lBw","refresh_token":"ca3d2716656388255ce0d1431045f583815f9f549a2b2e550c61c7d0cbc58625","user":{"id":"272f6b55-5179-4ae3-8563-b4ec10f76715","email":"testit5@gmail.com","username":"johndoe2d5d","name":"John Doe","phoneNumber":"0123456132","profilePic":null,"bio":null,"private":false,"verified":false,"role":0,"followersCount":0,"followingCount":0,"postCount":0}}

16:12:10.383 [main] INFO com.intuit.karate -- [print] *** AFTER API CALL *** Status: 200 
16:12:10.383 [main] INFO com.intuit.karate -- [print] ### API CALL COMPLETED ### Email: testit5@gmail.com Status: 200 
16:12:10.384 [main] INFO com.intuit.karate -- [print] ### RESPONSE BODY ### {
  "access_token": "eyJhbGciOiJIUzI1NiIsInR5cCI6IkpXVCJ9.eyJzdWIiOiIyNzJmNmI1NS01MTc5LTRhZTMtODU2My1iNGVjMTBmNzY3MTUiLCJ1c2VybmFtZSI6ImpvaG5kb2UyZDVkIiwicm9sZSI6MCwiaWF0IjoxNzUwNzU2MzMwLCJleHAiOjE3NTA3NTk5MzB9.zHJCFLACQgDC7gMwnj2Crma2_Fj7cvhipjkyFuR-lBw",
  "refresh_token": "ca3d2716656388255ce0d1431045f583815f9f549a2b2e550c61c7d0cbc58625",
  "user": {
    "id": "272f6b55-5179-4ae3-8563-b4ec10f76715",
    "email": "testit5@gmail.com",
    "username": "johndoe2d5d",
    "name": "John Doe",
    "phoneNumber": "0123456132",
    "profilePic": null,
    "bio": null,
    "private": false,
    "verified": false,
    "role": 0,
    "followersCount": 0,
    "followingCount": 0,
    "postCount": 0
  }
}
 
16:12:10.384 [main] INFO com.intuit.karate -- Request #28 completed - Status: 200 Time: 271ms 
16:12:10.385 [main] INFO com.intuit.karate -- *** SEQUENTIAL REQUEST #29 *** 
16:12:10.385 [main] INFO com.intuit.karate -- User: testit@gmail.com 
16:12:10.389 [main] INFO com.intuit.karate -- [print] *** BEFORE API CALL *** Email: testit@gmail.com URL: http://localhost:3000/auth/login 
16:12:10.389 [main] DEBUG com.jayway.jsonpath.internal.path.CompiledPath -- Evaluating path: $
16:12:10.389 [main] INFO com.intuit.karate -- [print] *** SENDING REQUEST *** Body: {
  "email": "#(email)",
  "password": "#(password)"
}
 
16:12:10.390 [main] DEBUG org.apache.http.client.protocol.RequestAddCookies -- CookieSpec selected: karate
16:12:10.390 [main] DEBUG org.apache.http.client.protocol.RequestAuthCache -- Auth cache not set in the context
16:12:10.390 [main] DEBUG com.intuit.karate -- request:
1 > POST http://localhost:3000/auth/login
1 > Content-Type: application/json; charset=UTF-8
1 > Content-Length: 53
1 > Host: localhost:3000
1 > Connection: Keep-Alive
1 > User-Agent: Apache-HttpClient/4.5.14 (Java/17.0.9)
1 > Accept-Encoding: gzip,deflate
{"email":"testit@gmail.com","password":"Password123"}

16:12:10.390 [main] DEBUG org.apache.http.impl.conn.PoolingHttpClientConnectionManager -- Connection request: [route: {}->http://localhost:3000][total available: 0; route allocated: 0 of 5; total allocated: 0 of 10]
16:12:10.390 [main] DEBUG org.apache.http.impl.conn.PoolingHttpClientConnectionManager -- Connection leased: [id: 28][route: {}->http://localhost:3000][total available: 0; route allocated: 1 of 5; total allocated: 1 of 10]
16:12:10.390 [main] DEBUG org.apache.http.impl.execchain.MainClientExec -- Opening connection {}->http://localhost:3000
16:12:10.390 [main] DEBUG org.apache.http.impl.conn.DefaultHttpClientConnectionOperator -- Connecting to localhost/127.0.0.1:3000
16:12:10.391 [main] DEBUG org.apache.http.impl.conn.DefaultHttpClientConnectionOperator -- Connection established 127.0.0.1:51072<->127.0.0.1:3000
16:12:10.391 [main] DEBUG org.apache.http.impl.conn.DefaultManagedHttpClientConnection -- http-outgoing-28: set socket timeout to 30000
16:12:10.391 [main] DEBUG org.apache.http.impl.execchain.MainClientExec -- Executing request POST /auth/login HTTP/1.1
16:12:10.391 [main] DEBUG org.apache.http.impl.execchain.MainClientExec -- Target auth state: UNCHALLENGED
16:12:10.391 [main] DEBUG org.apache.http.impl.execchain.MainClientExec -- Proxy auth state: UNCHALLENGED
16:12:10.391 [main] DEBUG org.apache.http.headers -- http-outgoing-28 >> POST /auth/login HTTP/1.1
16:12:10.391 [main] DEBUG org.apache.http.headers -- http-outgoing-28 >> Content-Type: application/json; charset=UTF-8
16:12:10.391 [main] DEBUG org.apache.http.headers -- http-outgoing-28 >> Content-Length: 53
16:12:10.391 [main] DEBUG org.apache.http.headers -- http-outgoing-28 >> Host: localhost:3000
16:12:10.391 [main] DEBUG org.apache.http.headers -- http-outgoing-28 >> Connection: Keep-Alive
16:12:10.391 [main] DEBUG org.apache.http.headers -- http-outgoing-28 >> User-Agent: Apache-HttpClient/4.5.14 (Java/17.0.9)
16:12:10.391 [main] DEBUG org.apache.http.headers -- http-outgoing-28 >> Accept-Encoding: gzip,deflate
16:12:10.391 [main] DEBUG org.apache.http.wire -- http-outgoing-28 >> "POST /auth/login HTTP/1.1[\r][\n]"
16:12:10.391 [main] DEBUG org.apache.http.wire -- http-outgoing-28 >> "Content-Type: application/json; charset=UTF-8[\r][\n]"
16:12:10.391 [main] DEBUG org.apache.http.wire -- http-outgoing-28 >> "Content-Length: 53[\r][\n]"
16:12:10.391 [main] DEBUG org.apache.http.wire -- http-outgoing-28 >> "Host: localhost:3000[\r][\n]"
16:12:10.391 [main] DEBUG org.apache.http.wire -- http-outgoing-28 >> "Connection: Keep-Alive[\r][\n]"
16:12:10.391 [main] DEBUG org.apache.http.wire -- http-outgoing-28 >> "User-Agent: Apache-HttpClient/4.5.14 (Java/17.0.9)[\r][\n]"
16:12:10.391 [main] DEBUG org.apache.http.wire -- http-outgoing-28 >> "Accept-Encoding: gzip,deflate[\r][\n]"
16:12:10.391 [main] DEBUG org.apache.http.wire -- http-outgoing-28 >> "[\r][\n]"
16:12:10.391 [main] DEBUG org.apache.http.wire -- http-outgoing-28 >> "{"email":"testit@gmail.com","password":"Password123"}"
16:12:10.657 [main] DEBUG org.apache.http.wire -- http-outgoing-28 << "HTTP/1.1 200 OK[\r][\n]"
16:12:10.657 [main] DEBUG org.apache.http.wire -- http-outgoing-28 << "X-Powered-By: Express[\r][\n]"
16:12:10.657 [main] DEBUG org.apache.http.wire -- http-outgoing-28 << "Access-Control-Allow-Origin: *[\r][\n]"
16:12:10.657 [main] DEBUG org.apache.http.wire -- http-outgoing-28 << "Content-Type: application/json; charset=utf-8[\r][\n]"
16:12:10.657 [main] DEBUG org.apache.http.wire -- http-outgoing-28 << "Content-Length: 604[\r][\n]"
16:12:10.657 [main] DEBUG org.apache.http.wire -- http-outgoing-28 << "ETag: W/"25c-oU5CMa8o+KIMURDhD5yUfdQDgwU"[\r][\n]"
16:12:10.657 [main] DEBUG org.apache.http.wire -- http-outgoing-28 << "Date: Tue, 24 Jun 2025 09:12:10 GMT[\r][\n]"
16:12:10.657 [main] DEBUG org.apache.http.wire -- http-outgoing-28 << "Connection: keep-alive[\r][\n]"
16:12:10.657 [main] DEBUG org.apache.http.wire -- http-outgoing-28 << "Keep-Alive: timeout=5[\r][\n]"
16:12:10.657 [main] DEBUG org.apache.http.wire -- http-outgoing-28 << "[\r][\n]"
16:12:10.657 [main] DEBUG org.apache.http.wire -- http-outgoing-28 << "{"access_token":"eyJhbGciOiJIUzI1NiIsInR5cCI6IkpXVCJ9.eyJzdWIiOiJkZjZmMDkxOS1hMjNkLTQ0YzktYTkyNS00ZWE4YmU1MjVkMTAiLCJ1c2VybmFtZSI6ImpvaG5kb2UyMyIsInJvbGUiOjAsImlhdCI6MTc1MDc1NjMzMCwiZXhwIjoxNzUwNzU5OTMwfQ.UQz99vQOiB-rLcRMZ_TbJ5i29_ZGPf2xf2qQGJceTmg","refresh_token":"552c0a3497d3c133af2c1fedad0eee367310120fb9116d1cf5eb3312103939a6","user":{"id":"df6f0919-a23d-44c9-a925-4ea8be525d10","email":"testit@gmail.com","username":"johndoe23","name":"John Doe","phoneNumber":"0123456788","profilePic":null,"bio":null,"private":false,"verified":false,"role":0,"followersCount":0,"followingCount":0,"postCount":0}}"
16:12:10.657 [main] DEBUG org.apache.http.headers -- http-outgoing-28 << HTTP/1.1 200 OK
16:12:10.657 [main] DEBUG org.apache.http.headers -- http-outgoing-28 << X-Powered-By: Express
16:12:10.657 [main] DEBUG org.apache.http.headers -- http-outgoing-28 << Access-Control-Allow-Origin: *
16:12:10.657 [main] DEBUG org.apache.http.headers -- http-outgoing-28 << Content-Type: application/json; charset=utf-8
16:12:10.657 [main] DEBUG org.apache.http.headers -- http-outgoing-28 << Content-Length: 604
16:12:10.657 [main] DEBUG org.apache.http.headers -- http-outgoing-28 << ETag: W/"25c-oU5CMa8o+KIMURDhD5yUfdQDgwU"
16:12:10.657 [main] DEBUG org.apache.http.headers -- http-outgoing-28 << Date: Tue, 24 Jun 2025 09:12:10 GMT
16:12:10.657 [main] DEBUG org.apache.http.headers -- http-outgoing-28 << Connection: keep-alive
16:12:10.657 [main] DEBUG org.apache.http.headers -- http-outgoing-28 << Keep-Alive: timeout=5
16:12:10.657 [main] DEBUG org.apache.http.impl.execchain.MainClientExec -- Connection can be kept alive for 5000 MILLISECONDS
16:12:10.657 [main] DEBUG org.apache.http.impl.conn.PoolingHttpClientConnectionManager -- Connection [id: 28][route: {}->http://localhost:3000] can be kept alive for 5.0 seconds
16:12:10.657 [main] DEBUG org.apache.http.impl.conn.DefaultManagedHttpClientConnection -- http-outgoing-28: set socket timeout to 0
16:12:10.657 [main] DEBUG org.apache.http.impl.conn.PoolingHttpClientConnectionManager -- Connection released: [id: 28][route: {}->http://localhost:3000][total available: 1; route allocated: 1 of 5; total allocated: 1 of 10]
16:12:10.657 [main] DEBUG org.apache.http.impl.conn.PoolingHttpClientConnectionManager -- Connection manager is shutting down
16:12:10.657 [main] DEBUG org.apache.http.impl.conn.DefaultManagedHttpClientConnection -- http-outgoing-28: Close connection
16:12:10.657 [main] DEBUG org.apache.http.impl.conn.PoolingHttpClientConnectionManager -- Connection manager shut down
16:12:10.658 [main] DEBUG com.intuit.karate -- response time in milliseconds: 267
1 < 200
1 < X-Powered-By: Express
1 < Access-Control-Allow-Origin: *
1 < Content-Type: application/json; charset=utf-8
1 < Content-Length: 604
1 < ETag: W/"25c-oU5CMa8o+KIMURDhD5yUfdQDgwU"
1 < Date: Tue, 24 Jun 2025 09:12:10 GMT
1 < Connection: keep-alive
1 < Keep-Alive: timeout=5
{"access_token":"eyJhbGciOiJIUzI1NiIsInR5cCI6IkpXVCJ9.eyJzdWIiOiJkZjZmMDkxOS1hMjNkLTQ0YzktYTkyNS00ZWE4YmU1MjVkMTAiLCJ1c2VybmFtZSI6ImpvaG5kb2UyMyIsInJvbGUiOjAsImlhdCI6MTc1MDc1NjMzMCwiZXhwIjoxNzUwNzU5OTMwfQ.UQz99vQOiB-rLcRMZ_TbJ5i29_ZGPf2xf2qQGJceTmg","refresh_token":"552c0a3497d3c133af2c1fedad0eee367310120fb9116d1cf5eb3312103939a6","user":{"id":"df6f0919-a23d-44c9-a925-4ea8be525d10","email":"testit@gmail.com","username":"johndoe23","name":"John Doe","phoneNumber":"0123456788","profilePic":null,"bio":null,"private":false,"verified":false,"role":0,"followersCount":0,"followingCount":0,"postCount":0}}

16:12:10.658 [main] INFO com.intuit.karate -- [print] *** AFTER API CALL *** Status: 200 
16:12:10.658 [main] INFO com.intuit.karate -- [print] ### API CALL COMPLETED ### Email: testit@gmail.com Status: 200 
16:12:10.660 [main] INFO com.intuit.karate -- [print] ### RESPONSE BODY ### {
  "access_token": "eyJhbGciOiJIUzI1NiIsInR5cCI6IkpXVCJ9.eyJzdWIiOiJkZjZmMDkxOS1hMjNkLTQ0YzktYTkyNS00ZWE4YmU1MjVkMTAiLCJ1c2VybmFtZSI6ImpvaG5kb2UyMyIsInJvbGUiOjAsImlhdCI6MTc1MDc1NjMzMCwiZXhwIjoxNzUwNzU5OTMwfQ.UQz99vQOiB-rLcRMZ_TbJ5i29_ZGPf2xf2qQGJceTmg",
  "refresh_token": "552c0a3497d3c133af2c1fedad0eee367310120fb9116d1cf5eb3312103939a6",
  "user": {
    "id": "df6f0919-a23d-44c9-a925-4ea8be525d10",
    "email": "testit@gmail.com",
    "username": "johndoe23",
    "name": "John Doe",
    "phoneNumber": "0123456788",
    "profilePic": null,
    "bio": null,
    "private": false,
    "verified": false,
    "role": 0,
    "followersCount": 0,
    "followingCount": 0,
    "postCount": 0
  }
}
 
16:12:10.660 [main] INFO com.intuit.karate -- Request #29 completed - Status: 200 Time: 275ms 
16:12:10.661 [main] INFO com.intuit.karate -- *** SEQUENTIAL REQUEST #30 *** 
16:12:10.661 [main] INFO com.intuit.karate -- User: testit2@gmail.com 
16:12:10.665 [main] INFO com.intuit.karate -- [print] *** BEFORE API CALL *** Email: testit2@gmail.com URL: http://localhost:3000/auth/login 
16:12:10.665 [main] DEBUG com.jayway.jsonpath.internal.path.CompiledPath -- Evaluating path: $
16:12:10.665 [main] INFO com.intuit.karate -- [print] *** SENDING REQUEST *** Body: {
  "email": "#(email)",
  "password": "#(password)"
}
 
16:12:10.667 [main] DEBUG org.apache.http.client.protocol.RequestAddCookies -- CookieSpec selected: karate
16:12:10.667 [main] DEBUG org.apache.http.client.protocol.RequestAuthCache -- Auth cache not set in the context
16:12:10.667 [main] DEBUG com.intuit.karate -- request:
1 > POST http://localhost:3000/auth/login
1 > Content-Type: application/json; charset=UTF-8
1 > Content-Length: 54
1 > Host: localhost:3000
1 > Connection: Keep-Alive
1 > User-Agent: Apache-HttpClient/4.5.14 (Java/17.0.9)
1 > Accept-Encoding: gzip,deflate
{"email":"testit2@gmail.com","password":"Password123"}

16:12:10.667 [main] DEBUG org.apache.http.impl.conn.PoolingHttpClientConnectionManager -- Connection request: [route: {}->http://localhost:3000][total available: 0; route allocated: 0 of 5; total allocated: 0 of 10]
16:12:10.667 [main] DEBUG org.apache.http.impl.conn.PoolingHttpClientConnectionManager -- Connection leased: [id: 29][route: {}->http://localhost:3000][total available: 0; route allocated: 1 of 5; total allocated: 1 of 10]
16:12:10.667 [main] DEBUG org.apache.http.impl.execchain.MainClientExec -- Opening connection {}->http://localhost:3000
16:12:10.667 [main] DEBUG org.apache.http.impl.conn.DefaultHttpClientConnectionOperator -- Connecting to localhost/127.0.0.1:3000
16:12:10.667 [main] DEBUG org.apache.http.impl.conn.DefaultHttpClientConnectionOperator -- Connection established 127.0.0.1:51073<->127.0.0.1:3000
16:12:10.667 [main] DEBUG org.apache.http.impl.conn.DefaultManagedHttpClientConnection -- http-outgoing-29: set socket timeout to 30000
16:12:10.667 [main] DEBUG org.apache.http.impl.execchain.MainClientExec -- Executing request POST /auth/login HTTP/1.1
16:12:10.667 [main] DEBUG org.apache.http.impl.execchain.MainClientExec -- Target auth state: UNCHALLENGED
16:12:10.667 [main] DEBUG org.apache.http.impl.execchain.MainClientExec -- Proxy auth state: UNCHALLENGED
16:12:10.667 [main] DEBUG org.apache.http.headers -- http-outgoing-29 >> POST /auth/login HTTP/1.1
16:12:10.667 [main] DEBUG org.apache.http.headers -- http-outgoing-29 >> Content-Type: application/json; charset=UTF-8
16:12:10.667 [main] DEBUG org.apache.http.headers -- http-outgoing-29 >> Content-Length: 54
16:12:10.667 [main] DEBUG org.apache.http.headers -- http-outgoing-29 >> Host: localhost:3000
16:12:10.667 [main] DEBUG org.apache.http.headers -- http-outgoing-29 >> Connection: Keep-Alive
16:12:10.667 [main] DEBUG org.apache.http.headers -- http-outgoing-29 >> User-Agent: Apache-HttpClient/4.5.14 (Java/17.0.9)
16:12:10.667 [main] DEBUG org.apache.http.headers -- http-outgoing-29 >> Accept-Encoding: gzip,deflate
16:12:10.667 [main] DEBUG org.apache.http.wire -- http-outgoing-29 >> "POST /auth/login HTTP/1.1[\r][\n]"
16:12:10.667 [main] DEBUG org.apache.http.wire -- http-outgoing-29 >> "Content-Type: application/json; charset=UTF-8[\r][\n]"
16:12:10.667 [main] DEBUG org.apache.http.wire -- http-outgoing-29 >> "Content-Length: 54[\r][\n]"
16:12:10.667 [main] DEBUG org.apache.http.wire -- http-outgoing-29 >> "Host: localhost:3000[\r][\n]"
16:12:10.667 [main] DEBUG org.apache.http.wire -- http-outgoing-29 >> "Connection: Keep-Alive[\r][\n]"
16:12:10.667 [main] DEBUG org.apache.http.wire -- http-outgoing-29 >> "User-Agent: Apache-HttpClient/4.5.14 (Java/17.0.9)[\r][\n]"
16:12:10.667 [main] DEBUG org.apache.http.wire -- http-outgoing-29 >> "Accept-Encoding: gzip,deflate[\r][\n]"
16:12:10.667 [main] DEBUG org.apache.http.wire -- http-outgoing-29 >> "[\r][\n]"
16:12:10.667 [main] DEBUG org.apache.http.wire -- http-outgoing-29 >> "{"email":"testit2@gmail.com","password":"Password123"}"
16:12:10.932 [main] DEBUG org.apache.http.wire -- http-outgoing-29 << "HTTP/1.1 200 OK[\r][\n]"
16:12:10.932 [main] DEBUG org.apache.http.wire -- http-outgoing-29 << "X-Powered-By: Express[\r][\n]"
16:12:10.932 [main] DEBUG org.apache.http.wire -- http-outgoing-29 << "Access-Control-Allow-Origin: *[\r][\n]"
16:12:10.932 [main] DEBUG org.apache.http.wire -- http-outgoing-29 << "Content-Type: application/json; charset=utf-8[\r][\n]"
16:12:10.932 [main] DEBUG org.apache.http.wire -- http-outgoing-29 << "Content-Length: 605[\r][\n]"
16:12:10.932 [main] DEBUG org.apache.http.wire -- http-outgoing-29 << "ETag: W/"25d-Zohwfkwb85a11WDfR4LsJXvfn7I"[\r][\n]"
16:12:10.932 [main] DEBUG org.apache.http.wire -- http-outgoing-29 << "Date: Tue, 24 Jun 2025 09:12:10 GMT[\r][\n]"
16:12:10.932 [main] DEBUG org.apache.http.wire -- http-outgoing-29 << "Connection: keep-alive[\r][\n]"
16:12:10.932 [main] DEBUG org.apache.http.wire -- http-outgoing-29 << "Keep-Alive: timeout=5[\r][\n]"
16:12:10.932 [main] DEBUG org.apache.http.wire -- http-outgoing-29 << "[\r][\n]"
16:12:10.932 [main] DEBUG org.apache.http.wire -- http-outgoing-29 << "{"access_token":"eyJhbGciOiJIUzI1NiIsInR5cCI6IkpXVCJ9.eyJzdWIiOiIwYTM3ZWY0My1mZWU4LTQxZDMtYTY4Ni04YWIwODY5NDg2OTUiLCJ1c2VybmFtZSI6ImpvaG5kb2UyMSIsInJvbGUiOjAsImlhdCI6MTc1MDc1NjMzMCwiZXhwIjoxNzUwNzU5OTMwfQ.jYAt73S9aomDzJL2k8vVZrfSwQvvnZ-dLY1ZqcIBGAo","refresh_token":"6192e2cfccffaeffab7566c802a0cc12bafe1e90a20cdb3a3bc4ff9511cd30d5","user":{"id":"0a37ef43-fee8-41d3-a686-8ab086948695","email":"testit2@gmail.com","username":"johndoe21","name":"John Doe","phoneNumber":"0123456712","profilePic":null,"bio":null,"private":false,"verified":false,"role":0,"followersCount":0,"followingCount":0,"postCount":0}}"
16:12:10.932 [main] DEBUG org.apache.http.headers -- http-outgoing-29 << HTTP/1.1 200 OK
16:12:10.932 [main] DEBUG org.apache.http.headers -- http-outgoing-29 << X-Powered-By: Express
16:12:10.932 [main] DEBUG org.apache.http.headers -- http-outgoing-29 << Access-Control-Allow-Origin: *
16:12:10.932 [main] DEBUG org.apache.http.headers -- http-outgoing-29 << Content-Type: application/json; charset=utf-8
16:12:10.932 [main] DEBUG org.apache.http.headers -- http-outgoing-29 << Content-Length: 605
16:12:10.932 [main] DEBUG org.apache.http.headers -- http-outgoing-29 << ETag: W/"25d-Zohwfkwb85a11WDfR4LsJXvfn7I"
16:12:10.932 [main] DEBUG org.apache.http.headers -- http-outgoing-29 << Date: Tue, 24 Jun 2025 09:12:10 GMT
16:12:10.932 [main] DEBUG org.apache.http.headers -- http-outgoing-29 << Connection: keep-alive
16:12:10.932 [main] DEBUG org.apache.http.headers -- http-outgoing-29 << Keep-Alive: timeout=5
16:12:10.932 [main] DEBUG org.apache.http.impl.execchain.MainClientExec -- Connection can be kept alive for 5000 MILLISECONDS
16:12:10.934 [main] DEBUG org.apache.http.impl.conn.PoolingHttpClientConnectionManager -- Connection [id: 29][route: {}->http://localhost:3000] can be kept alive for 5.0 seconds
16:12:10.934 [main] DEBUG org.apache.http.impl.conn.DefaultManagedHttpClientConnection -- http-outgoing-29: set socket timeout to 0
16:12:10.934 [main] DEBUG org.apache.http.impl.conn.PoolingHttpClientConnectionManager -- Connection released: [id: 29][route: {}->http://localhost:3000][total available: 1; route allocated: 1 of 5; total allocated: 1 of 10]
16:12:10.934 [main] DEBUG org.apache.http.impl.conn.PoolingHttpClientConnectionManager -- Connection manager is shutting down
16:12:10.934 [main] DEBUG org.apache.http.impl.conn.DefaultManagedHttpClientConnection -- http-outgoing-29: Close connection
16:12:10.934 [main] DEBUG org.apache.http.impl.conn.PoolingHttpClientConnectionManager -- Connection manager shut down
16:12:10.934 [main] DEBUG com.intuit.karate -- response time in milliseconds: 267
1 < 200
1 < X-Powered-By: Express
1 < Access-Control-Allow-Origin: *
1 < Content-Type: application/json; charset=utf-8
1 < Content-Length: 605
1 < ETag: W/"25d-Zohwfkwb85a11WDfR4LsJXvfn7I"
1 < Date: Tue, 24 Jun 2025 09:12:10 GMT
1 < Connection: keep-alive
1 < Keep-Alive: timeout=5
{"access_token":"eyJhbGciOiJIUzI1NiIsInR5cCI6IkpXVCJ9.eyJzdWIiOiIwYTM3ZWY0My1mZWU4LTQxZDMtYTY4Ni04YWIwODY5NDg2OTUiLCJ1c2VybmFtZSI6ImpvaG5kb2UyMSIsInJvbGUiOjAsImlhdCI6MTc1MDc1NjMzMCwiZXhwIjoxNzUwNzU5OTMwfQ.jYAt73S9aomDzJL2k8vVZrfSwQvvnZ-dLY1ZqcIBGAo","refresh_token":"6192e2cfccffaeffab7566c802a0cc12bafe1e90a20cdb3a3bc4ff9511cd30d5","user":{"id":"0a37ef43-fee8-41d3-a686-8ab086948695","email":"testit2@gmail.com","username":"johndoe21","name":"John Doe","phoneNumber":"0123456712","profilePic":null,"bio":null,"private":false,"verified":false,"role":0,"followersCount":0,"followingCount":0,"postCount":0}}

16:12:10.934 [main] INFO com.intuit.karate -- [print] *** AFTER API CALL *** Status: 200 
16:12:10.935 [main] INFO com.intuit.karate -- [print] ### API CALL COMPLETED ### Email: testit2@gmail.com Status: 200 
16:12:10.935 [main] INFO com.intuit.karate -- [print] ### RESPONSE BODY ### {
  "access_token": "eyJhbGciOiJIUzI1NiIsInR5cCI6IkpXVCJ9.eyJzdWIiOiIwYTM3ZWY0My1mZWU4LTQxZDMtYTY4Ni04YWIwODY5NDg2OTUiLCJ1c2VybmFtZSI6ImpvaG5kb2UyMSIsInJvbGUiOjAsImlhdCI6MTc1MDc1NjMzMCwiZXhwIjoxNzUwNzU5OTMwfQ.jYAt73S9aomDzJL2k8vVZrfSwQvvnZ-dLY1ZqcIBGAo",
  "refresh_token": "6192e2cfccffaeffab7566c802a0cc12bafe1e90a20cdb3a3bc4ff9511cd30d5",
  "user": {
    "id": "0a37ef43-fee8-41d3-a686-8ab086948695",
    "email": "testit2@gmail.com",
    "username": "johndoe21",
    "name": "John Doe",
    "phoneNumber": "0123456712",
    "profilePic": null,
    "bio": null,
    "private": false,
    "verified": false,
    "role": 0,
    "followersCount": 0,
    "followingCount": 0,
    "postCount": 0
  }
}
 
16:12:10.935 [main] INFO com.intuit.karate -- Request #30 completed - Status: 200 Time: 273ms 
16:12:10.936 [main] INFO com.intuit.karate -- *** SEQUENTIAL REQUEST #31 *** 
16:12:10.936 [main] INFO com.intuit.karate -- User: nam@gmail.com 
16:12:10.940 [main] INFO com.intuit.karate -- [print] *** BEFORE API CALL *** Email: nam@gmail.com URL: http://localhost:3000/auth/login 
16:12:10.941 [main] DEBUG com.jayway.jsonpath.internal.path.CompiledPath -- Evaluating path: $
16:12:10.941 [main] INFO com.intuit.karate -- [print] *** SENDING REQUEST *** Body: {
  "email": "#(email)",
  "password": "#(password)"
}
 
16:12:10.942 [main] DEBUG org.apache.http.client.protocol.RequestAddCookies -- CookieSpec selected: karate
16:12:10.942 [main] DEBUG org.apache.http.client.protocol.RequestAuthCache -- Auth cache not set in the context
16:12:10.942 [main] DEBUG com.intuit.karate -- request:
1 > POST http://localhost:3000/auth/login
1 > Content-Type: application/json; charset=UTF-8
1 > Content-Length: 45
1 > Host: localhost:3000
1 > Connection: Keep-Alive
1 > User-Agent: Apache-HttpClient/4.5.14 (Java/17.0.9)
1 > Accept-Encoding: gzip,deflate
{"email":"nam@gmail.com","password":"123456"}

16:12:10.942 [main] DEBUG org.apache.http.impl.conn.PoolingHttpClientConnectionManager -- Connection request: [route: {}->http://localhost:3000][total available: 0; route allocated: 0 of 5; total allocated: 0 of 10]
16:12:10.942 [main] DEBUG org.apache.http.impl.conn.PoolingHttpClientConnectionManager -- Connection leased: [id: 30][route: {}->http://localhost:3000][total available: 0; route allocated: 1 of 5; total allocated: 1 of 10]
16:12:10.942 [main] DEBUG org.apache.http.impl.execchain.MainClientExec -- Opening connection {}->http://localhost:3000
16:12:10.942 [main] DEBUG org.apache.http.impl.conn.DefaultHttpClientConnectionOperator -- Connecting to localhost/127.0.0.1:3000
16:12:10.943 [main] DEBUG org.apache.http.impl.conn.DefaultHttpClientConnectionOperator -- Connection established 127.0.0.1:51074<->127.0.0.1:3000
16:12:10.943 [main] DEBUG org.apache.http.impl.conn.DefaultManagedHttpClientConnection -- http-outgoing-30: set socket timeout to 30000
16:12:10.943 [main] DEBUG org.apache.http.impl.execchain.MainClientExec -- Executing request POST /auth/login HTTP/1.1
16:12:10.943 [main] DEBUG org.apache.http.impl.execchain.MainClientExec -- Target auth state: UNCHALLENGED
16:12:10.943 [main] DEBUG org.apache.http.impl.execchain.MainClientExec -- Proxy auth state: UNCHALLENGED
16:12:10.943 [main] DEBUG org.apache.http.headers -- http-outgoing-30 >> POST /auth/login HTTP/1.1
16:12:10.943 [main] DEBUG org.apache.http.headers -- http-outgoing-30 >> Content-Type: application/json; charset=UTF-8
16:12:10.943 [main] DEBUG org.apache.http.headers -- http-outgoing-30 >> Content-Length: 45
16:12:10.943 [main] DEBUG org.apache.http.headers -- http-outgoing-30 >> Host: localhost:3000
16:12:10.943 [main] DEBUG org.apache.http.headers -- http-outgoing-30 >> Connection: Keep-Alive
16:12:10.943 [main] DEBUG org.apache.http.headers -- http-outgoing-30 >> User-Agent: Apache-HttpClient/4.5.14 (Java/17.0.9)
16:12:10.943 [main] DEBUG org.apache.http.headers -- http-outgoing-30 >> Accept-Encoding: gzip,deflate
16:12:10.943 [main] DEBUG org.apache.http.wire -- http-outgoing-30 >> "POST /auth/login HTTP/1.1[\r][\n]"
16:12:10.943 [main] DEBUG org.apache.http.wire -- http-outgoing-30 >> "Content-Type: application/json; charset=UTF-8[\r][\n]"
16:12:10.943 [main] DEBUG org.apache.http.wire -- http-outgoing-30 >> "Content-Length: 45[\r][\n]"
16:12:10.943 [main] DEBUG org.apache.http.wire -- http-outgoing-30 >> "Host: localhost:3000[\r][\n]"
16:12:10.943 [main] DEBUG org.apache.http.wire -- http-outgoing-30 >> "Connection: Keep-Alive[\r][\n]"
16:12:10.943 [main] DEBUG org.apache.http.wire -- http-outgoing-30 >> "User-Agent: Apache-HttpClient/4.5.14 (Java/17.0.9)[\r][\n]"
16:12:10.943 [main] DEBUG org.apache.http.wire -- http-outgoing-30 >> "Accept-Encoding: gzip,deflate[\r][\n]"
16:12:10.943 [main] DEBUG org.apache.http.wire -- http-outgoing-30 >> "[\r][\n]"
16:12:10.943 [main] DEBUG org.apache.http.wire -- http-outgoing-30 >> "{"email":"nam@gmail.com","password":"123456"}"
16:12:11.208 [main] DEBUG org.apache.http.wire -- http-outgoing-30 << "HTTP/1.1 200 OK[\r][\n]"
16:12:11.208 [main] DEBUG org.apache.http.wire -- http-outgoing-30 << "X-Powered-By: Express[\r][\n]"
16:12:11.208 [main] DEBUG org.apache.http.wire -- http-outgoing-30 << "Access-Control-Allow-Origin: *[\r][\n]"
16:12:11.208 [main] DEBUG org.apache.http.wire -- http-outgoing-30 << "Content-Type: application/json; charset=utf-8[\r][\n]"
16:12:11.208 [main] DEBUG org.apache.http.wire -- http-outgoing-30 << "Content-Length: 708[\r][\n]"
16:12:11.208 [main] DEBUG org.apache.http.wire -- http-outgoing-30 << "ETag: W/"2c4-CE1XMv5V7af4Emqyz5L5s0u0Ofs"[\r][\n]"
16:12:11.208 [main] DEBUG org.apache.http.wire -- http-outgoing-30 << "Date: Tue, 24 Jun 2025 09:12:11 GMT[\r][\n]"
16:12:11.208 [main] DEBUG org.apache.http.wire -- http-outgoing-30 << "Connection: keep-alive[\r][\n]"
16:12:11.208 [main] DEBUG org.apache.http.wire -- http-outgoing-30 << "Keep-Alive: timeout=5[\r][\n]"
16:12:11.208 [main] DEBUG org.apache.http.wire -- http-outgoing-30 << "[\r][\n]"
16:12:11.209 [main] DEBUG org.apache.http.wire -- http-outgoing-30 << "{"access_token":"eyJhbGciOiJIUzI1NiIsInR5cCI6IkpXVCJ9.eyJzdWIiOiIwODUxNWIwNS0yZDNlLTQ3ODktYWQ2MC1kYjM1NTI1YTQ5NzAiLCJ1c2VybmFtZSI6Im5hbSIsInJvbGUiOjAsImlhdCI6MTc1MDc1NjMzMSwiZXhwIjoxNzUwNzU5OTMxfQ.ygZ6vKIcMM9_31GYCtADg_OWWXAMWAXWS20bmuXeY5Y","refresh_token":"e05144edc89ddc9a7a30e25cce3de8a253bf41ce6d6a0dd8210ff09591162d0b","user":{"id":"08515b05-2d3e-4789-ad60-db35525a4970","email":"nam@gmail.com","username":"nam","name":"nam","phoneNumber":"0123456789","profilePic":"https://res.cloudinary.com/dizcvrefo/image/upload/v1749266646/nestjs_uploads/zk9zrpeidnovxibfqdxr.png","bio":"Chu tich hoi dong Quan tri 1","private":false,"verified":false,"role":0,"followersCount":2,"followingCount":5,"postCount":13}}"
16:12:11.209 [main] DEBUG org.apache.http.headers -- http-outgoing-30 << HTTP/1.1 200 OK
16:12:11.209 [main] DEBUG org.apache.http.headers -- http-outgoing-30 << X-Powered-By: Express
16:12:11.209 [main] DEBUG org.apache.http.headers -- http-outgoing-30 << Access-Control-Allow-Origin: *
16:12:11.209 [main] DEBUG org.apache.http.headers -- http-outgoing-30 << Content-Type: application/json; charset=utf-8
16:12:11.209 [main] DEBUG org.apache.http.headers -- http-outgoing-30 << Content-Length: 708
16:12:11.209 [main] DEBUG org.apache.http.headers -- http-outgoing-30 << ETag: W/"2c4-CE1XMv5V7af4Emqyz5L5s0u0Ofs"
16:12:11.209 [main] DEBUG org.apache.http.headers -- http-outgoing-30 << Date: Tue, 24 Jun 2025 09:12:11 GMT
16:12:11.209 [main] DEBUG org.apache.http.headers -- http-outgoing-30 << Connection: keep-alive
16:12:11.209 [main] DEBUG org.apache.http.headers -- http-outgoing-30 << Keep-Alive: timeout=5
16:12:11.209 [main] DEBUG org.apache.http.impl.execchain.MainClientExec -- Connection can be kept alive for 5000 MILLISECONDS
16:12:11.209 [main] DEBUG org.apache.http.impl.conn.PoolingHttpClientConnectionManager -- Connection [id: 30][route: {}->http://localhost:3000] can be kept alive for 5.0 seconds
16:12:11.209 [main] DEBUG org.apache.http.impl.conn.DefaultManagedHttpClientConnection -- http-outgoing-30: set socket timeout to 0
16:12:11.209 [main] DEBUG org.apache.http.impl.conn.PoolingHttpClientConnectionManager -- Connection released: [id: 30][route: {}->http://localhost:3000][total available: 1; route allocated: 1 of 5; total allocated: 1 of 10]
16:12:11.209 [main] DEBUG org.apache.http.impl.conn.PoolingHttpClientConnectionManager -- Connection manager is shutting down
16:12:11.209 [main] DEBUG org.apache.http.impl.conn.DefaultManagedHttpClientConnection -- http-outgoing-30: Close connection
16:12:11.209 [main] DEBUG org.apache.http.impl.conn.PoolingHttpClientConnectionManager -- Connection manager shut down
16:12:11.209 [main] DEBUG com.intuit.karate -- response time in milliseconds: 267
1 < 200
1 < X-Powered-By: Express
1 < Access-Control-Allow-Origin: *
1 < Content-Type: application/json; charset=utf-8
1 < Content-Length: 708
1 < ETag: W/"2c4-CE1XMv5V7af4Emqyz5L5s0u0Ofs"
1 < Date: Tue, 24 Jun 2025 09:12:11 GMT
1 < Connection: keep-alive
1 < Keep-Alive: timeout=5
{"access_token":"eyJhbGciOiJIUzI1NiIsInR5cCI6IkpXVCJ9.eyJzdWIiOiIwODUxNWIwNS0yZDNlLTQ3ODktYWQ2MC1kYjM1NTI1YTQ5NzAiLCJ1c2VybmFtZSI6Im5hbSIsInJvbGUiOjAsImlhdCI6MTc1MDc1NjMzMSwiZXhwIjoxNzUwNzU5OTMxfQ.ygZ6vKIcMM9_31GYCtADg_OWWXAMWAXWS20bmuXeY5Y","refresh_token":"e05144edc89ddc9a7a30e25cce3de8a253bf41ce6d6a0dd8210ff09591162d0b","user":{"id":"08515b05-2d3e-4789-ad60-db35525a4970","email":"nam@gmail.com","username":"nam","name":"nam","phoneNumber":"0123456789","profilePic":"https://res.cloudinary.com/dizcvrefo/image/upload/v1749266646/nestjs_uploads/zk9zrpeidnovxibfqdxr.png","bio":"Chu tich hoi dong Quan tri 1","private":false,"verified":false,"role":0,"followersCount":2,"followingCount":5,"postCount":13}}

16:12:11.210 [main] INFO com.intuit.karate -- [print] *** AFTER API CALL *** Status: 200 
16:12:11.211 [main] INFO com.intuit.karate -- [print] ### API CALL COMPLETED ### Email: nam@gmail.com Status: 200 
16:12:11.211 [main] INFO com.intuit.karate -- [print] ### RESPONSE BODY ### {
  "access_token": "eyJhbGciOiJIUzI1NiIsInR5cCI6IkpXVCJ9.eyJzdWIiOiIwODUxNWIwNS0yZDNlLTQ3ODktYWQ2MC1kYjM1NTI1YTQ5NzAiLCJ1c2VybmFtZSI6Im5hbSIsInJvbGUiOjAsImlhdCI6MTc1MDc1NjMzMSwiZXhwIjoxNzUwNzU5OTMxfQ.ygZ6vKIcMM9_31GYCtADg_OWWXAMWAXWS20bmuXeY5Y",
  "refresh_token": "e05144edc89ddc9a7a30e25cce3de8a253bf41ce6d6a0dd8210ff09591162d0b",
  "user": {
    "id": "08515b05-2d3e-4789-ad60-db35525a4970",
    "email": "nam@gmail.com",
    "username": "nam",
    "name": "nam",
    "phoneNumber": "0123456789",
    "profilePic": "https://res.cloudinary.com/dizcvrefo/image/upload/v1749266646/nestjs_uploads/zk9zrpeidnovxibfqdxr.png",
    "bio": "Chu tich hoi dong Quan tri 1",
    "private": false,
    "verified": false,
    "role": 0,
    "followersCount": 2,
    "followingCount": 5,
    "postCount": 13
  }
}
 
16:12:11.213 [main] INFO com.intuit.karate -- Request #31 completed - Status: 200 Time: 277ms 
16:12:11.213 [main] INFO com.intuit.karate -- *** SEQUENTIAL REQUEST #32 *** 
16:12:11.213 [main] INFO com.intuit.karate -- User: quang1@gmail.com 
16:12:11.216 [main] INFO com.intuit.karate -- [print] *** BEFORE API CALL *** Email: quang1@gmail.com URL: http://localhost:3000/auth/login 
16:12:11.217 [main] DEBUG com.jayway.jsonpath.internal.path.CompiledPath -- Evaluating path: $
16:12:11.217 [main] INFO com.intuit.karate -- [print] *** SENDING REQUEST *** Body: {
  "email": "#(email)",
  "password": "#(password)"
}
 
16:12:11.218 [main] DEBUG org.apache.http.client.protocol.RequestAddCookies -- CookieSpec selected: karate
16:12:11.218 [main] DEBUG org.apache.http.client.protocol.RequestAuthCache -- Auth cache not set in the context
16:12:11.218 [main] DEBUG com.intuit.karate -- request:
1 > POST http://localhost:3000/auth/login
1 > Content-Type: application/json; charset=UTF-8
1 > Content-Length: 48
1 > Host: localhost:3000
1 > Connection: Keep-Alive
1 > User-Agent: Apache-HttpClient/4.5.14 (Java/17.0.9)
1 > Accept-Encoding: gzip,deflate
{"email":"quang1@gmail.com","password":"quang1"}

16:12:11.218 [main] DEBUG org.apache.http.impl.conn.PoolingHttpClientConnectionManager -- Connection request: [route: {}->http://localhost:3000][total available: 0; route allocated: 0 of 5; total allocated: 0 of 10]
16:12:11.218 [main] DEBUG org.apache.http.impl.conn.PoolingHttpClientConnectionManager -- Connection leased: [id: 31][route: {}->http://localhost:3000][total available: 0; route allocated: 1 of 5; total allocated: 1 of 10]
16:12:11.218 [main] DEBUG org.apache.http.impl.execchain.MainClientExec -- Opening connection {}->http://localhost:3000
16:12:11.218 [main] DEBUG org.apache.http.impl.conn.DefaultHttpClientConnectionOperator -- Connecting to localhost/127.0.0.1:3000
16:12:11.218 [main] DEBUG org.apache.http.impl.conn.DefaultHttpClientConnectionOperator -- Connection established 127.0.0.1:51075<->127.0.0.1:3000
16:12:11.220 [main] DEBUG org.apache.http.impl.conn.DefaultManagedHttpClientConnection -- http-outgoing-31: set socket timeout to 30000
16:12:11.220 [main] DEBUG org.apache.http.impl.execchain.MainClientExec -- Executing request POST /auth/login HTTP/1.1
16:12:11.220 [main] DEBUG org.apache.http.impl.execchain.MainClientExec -- Target auth state: UNCHALLENGED
16:12:11.220 [main] DEBUG org.apache.http.impl.execchain.MainClientExec -- Proxy auth state: UNCHALLENGED
16:12:11.220 [main] DEBUG org.apache.http.headers -- http-outgoing-31 >> POST /auth/login HTTP/1.1
16:12:11.220 [main] DEBUG org.apache.http.headers -- http-outgoing-31 >> Content-Type: application/json; charset=UTF-8
16:12:11.220 [main] DEBUG org.apache.http.headers -- http-outgoing-31 >> Content-Length: 48
16:12:11.220 [main] DEBUG org.apache.http.headers -- http-outgoing-31 >> Host: localhost:3000
16:12:11.220 [main] DEBUG org.apache.http.headers -- http-outgoing-31 >> Connection: Keep-Alive
16:12:11.220 [main] DEBUG org.apache.http.headers -- http-outgoing-31 >> User-Agent: Apache-HttpClient/4.5.14 (Java/17.0.9)
16:12:11.220 [main] DEBUG org.apache.http.headers -- http-outgoing-31 >> Accept-Encoding: gzip,deflate
16:12:11.220 [main] DEBUG org.apache.http.wire -- http-outgoing-31 >> "POST /auth/login HTTP/1.1[\r][\n]"
16:12:11.220 [main] DEBUG org.apache.http.wire -- http-outgoing-31 >> "Content-Type: application/json; charset=UTF-8[\r][\n]"
16:12:11.220 [main] DEBUG org.apache.http.wire -- http-outgoing-31 >> "Content-Length: 48[\r][\n]"
16:12:11.220 [main] DEBUG org.apache.http.wire -- http-outgoing-31 >> "Host: localhost:3000[\r][\n]"
16:12:11.220 [main] DEBUG org.apache.http.wire -- http-outgoing-31 >> "Connection: Keep-Alive[\r][\n]"
16:12:11.220 [main] DEBUG org.apache.http.wire -- http-outgoing-31 >> "User-Agent: Apache-HttpClient/4.5.14 (Java/17.0.9)[\r][\n]"
16:12:11.220 [main] DEBUG org.apache.http.wire -- http-outgoing-31 >> "Accept-Encoding: gzip,deflate[\r][\n]"
16:12:11.220 [main] DEBUG org.apache.http.wire -- http-outgoing-31 >> "[\r][\n]"
16:12:11.220 [main] DEBUG org.apache.http.wire -- http-outgoing-31 >> "{"email":"quang1@gmail.com","password":"quang1"}"
16:12:11.490 [main] DEBUG org.apache.http.wire -- http-outgoing-31 << "HTTP/1.1 200 OK[\r][\n]"
16:12:11.490 [main] DEBUG org.apache.http.wire -- http-outgoing-31 << "X-Powered-By: Express[\r][\n]"
16:12:11.490 [main] DEBUG org.apache.http.wire -- http-outgoing-31 << "Access-Control-Allow-Origin: *[\r][\n]"
16:12:11.490 [main] DEBUG org.apache.http.wire -- http-outgoing-31 << "Content-Type: application/json; charset=utf-8[\r][\n]"
16:12:11.490 [main] DEBUG org.apache.http.wire -- http-outgoing-31 << "Content-Length: 715[\r][\n]"
16:12:11.491 [main] DEBUG org.apache.http.wire -- http-outgoing-31 << "ETag: W/"2cb-dPhZ2qyD3VVr6lS/HzqRcSZ+9+o"[\r][\n]"
16:12:11.491 [main] DEBUG org.apache.http.wire -- http-outgoing-31 << "Date: Tue, 24 Jun 2025 09:12:11 GMT[\r][\n]"
16:12:11.491 [main] DEBUG org.apache.http.wire -- http-outgoing-31 << "Connection: keep-alive[\r][\n]"
16:12:11.491 [main] DEBUG org.apache.http.wire -- http-outgoing-31 << "Keep-Alive: timeout=5[\r][\n]"
16:12:11.491 [main] DEBUG org.apache.http.wire -- http-outgoing-31 << "[\r][\n]"
16:12:11.491 [main] DEBUG org.apache.http.wire -- http-outgoing-31 << "{"access_token":"eyJhbGciOiJIUzI1NiIsInR5cCI6IkpXVCJ9.eyJzdWIiOiIyYjg0YWEyNC02NjhhLTQwZTItYWYxYy1hZDRmYzRmYTVhNmYiLCJ1c2VybmFtZSI6InF1YW5nMSIsInJvbGUiOjAsImlhdCI6MTc1MDc1NjMzMSwiZXhwIjoxNzUwNzU5OTMxfQ.YKakXtwxj9A6Sy2nxqHmNzXAi-wEc_LogjaS2KA1m2s","refresh_token":"49936da84808ef7e30c3a5bc727d0bc1ed0e8da8afa9b7cc3e4edc0a8a702469","user":{"id":"2b84aa24-668a-40e2-af1c-ad4fc4fa5a6f","email":"quang1@gmail.com","username":"quang1","name":"quang1","phoneNumber":"09874563210","profilePic":"https://res.cloudinary.com/dizcvrefo/image/upload/v1749027586/nestjs_uploads/xehairydt9rzlbmbmv4c.jpg","bio":"Thang Nam Lao Vua Thoi","private":false,"verified":false,"role":0,"followersCount":2,"followingCount":3,"postCount":2}}"
16:12:11.491 [main] DEBUG org.apache.http.headers -- http-outgoing-31 << HTTP/1.1 200 OK
16:12:11.491 [main] DEBUG org.apache.http.headers -- http-outgoing-31 << X-Powered-By: Express
16:12:11.491 [main] DEBUG org.apache.http.headers -- http-outgoing-31 << Access-Control-Allow-Origin: *
16:12:11.491 [main] DEBUG org.apache.http.headers -- http-outgoing-31 << Content-Type: application/json; charset=utf-8
16:12:11.491 [main] DEBUG org.apache.http.headers -- http-outgoing-31 << Content-Length: 715
16:12:11.491 [main] DEBUG org.apache.http.headers -- http-outgoing-31 << ETag: W/"2cb-dPhZ2qyD3VVr6lS/HzqRcSZ+9+o"
16:12:11.491 [main] DEBUG org.apache.http.headers -- http-outgoing-31 << Date: Tue, 24 Jun 2025 09:12:11 GMT
16:12:11.491 [main] DEBUG org.apache.http.headers -- http-outgoing-31 << Connection: keep-alive
16:12:11.491 [main] DEBUG org.apache.http.headers -- http-outgoing-31 << Keep-Alive: timeout=5
16:12:11.491 [main] DEBUG org.apache.http.impl.execchain.MainClientExec -- Connection can be kept alive for 5000 MILLISECONDS
16:12:11.491 [main] DEBUG org.apache.http.impl.conn.PoolingHttpClientConnectionManager -- Connection [id: 31][route: {}->http://localhost:3000] can be kept alive for 5.0 seconds
16:12:11.491 [main] DEBUG org.apache.http.impl.conn.DefaultManagedHttpClientConnection -- http-outgoing-31: set socket timeout to 0
16:12:11.491 [main] DEBUG org.apache.http.impl.conn.PoolingHttpClientConnectionManager -- Connection released: [id: 31][route: {}->http://localhost:3000][total available: 1; route allocated: 1 of 5; total allocated: 1 of 10]
16:12:11.491 [main] DEBUG org.apache.http.impl.conn.PoolingHttpClientConnectionManager -- Connection manager is shutting down
16:12:11.491 [main] DEBUG org.apache.http.impl.conn.DefaultManagedHttpClientConnection -- http-outgoing-31: Close connection
16:12:11.491 [main] DEBUG org.apache.http.impl.conn.PoolingHttpClientConnectionManager -- Connection manager shut down
16:12:11.491 [main] DEBUG com.intuit.karate -- response time in milliseconds: 273
1 < 200
1 < X-Powered-By: Express
1 < Access-Control-Allow-Origin: *
1 < Content-Type: application/json; charset=utf-8
1 < Content-Length: 715
1 < ETag: W/"2cb-dPhZ2qyD3VVr6lS/HzqRcSZ+9+o"
1 < Date: Tue, 24 Jun 2025 09:12:11 GMT
1 < Connection: keep-alive
1 < Keep-Alive: timeout=5
{"access_token":"eyJhbGciOiJIUzI1NiIsInR5cCI6IkpXVCJ9.eyJzdWIiOiIyYjg0YWEyNC02NjhhLTQwZTItYWYxYy1hZDRmYzRmYTVhNmYiLCJ1c2VybmFtZSI6InF1YW5nMSIsInJvbGUiOjAsImlhdCI6MTc1MDc1NjMzMSwiZXhwIjoxNzUwNzU5OTMxfQ.YKakXtwxj9A6Sy2nxqHmNzXAi-wEc_LogjaS2KA1m2s","refresh_token":"49936da84808ef7e30c3a5bc727d0bc1ed0e8da8afa9b7cc3e4edc0a8a702469","user":{"id":"2b84aa24-668a-40e2-af1c-ad4fc4fa5a6f","email":"quang1@gmail.com","username":"quang1","name":"quang1","phoneNumber":"09874563210","profilePic":"https://res.cloudinary.com/dizcvrefo/image/upload/v1749027586/nestjs_uploads/xehairydt9rzlbmbmv4c.jpg","bio":"Thang Nam Lao Vua Thoi","private":false,"verified":false,"role":0,"followersCount":2,"followingCount":3,"postCount":2}}

16:12:11.492 [main] INFO com.intuit.karate -- [print] *** AFTER API CALL *** Status: 200 
16:12:11.492 [main] INFO com.intuit.karate -- [print] ### API CALL COMPLETED ### Email: quang1@gmail.com Status: 200 
16:12:11.493 [main] INFO com.intuit.karate -- [print] ### RESPONSE BODY ### {
  "access_token": "eyJhbGciOiJIUzI1NiIsInR5cCI6IkpXVCJ9.eyJzdWIiOiIyYjg0YWEyNC02NjhhLTQwZTItYWYxYy1hZDRmYzRmYTVhNmYiLCJ1c2VybmFtZSI6InF1YW5nMSIsInJvbGUiOjAsImlhdCI6MTc1MDc1NjMzMSwiZXhwIjoxNzUwNzU5OTMxfQ.YKakXtwxj9A6Sy2nxqHmNzXAi-wEc_LogjaS2KA1m2s",
  "refresh_token": "49936da84808ef7e30c3a5bc727d0bc1ed0e8da8afa9b7cc3e4edc0a8a702469",
  "user": {
    "id": "2b84aa24-668a-40e2-af1c-ad4fc4fa5a6f",
    "email": "quang1@gmail.com",
    "username": "quang1",
    "name": "quang1",
    "phoneNumber": "09874563210",
    "profilePic": "https://res.cloudinary.com/dizcvrefo/image/upload/v1749027586/nestjs_uploads/xehairydt9rzlbmbmv4c.jpg",
    "bio": "Thang Nam Lao Vua Thoi",
    "private": false,
    "verified": false,
    "role": 0,
    "followersCount": 2,
    "followingCount": 3,
    "postCount": 2
  }
}
 
16:12:11.493 [main] INFO com.intuit.karate -- Request #32 completed - Status: 200 Time: 279ms 
16:12:11.494 [main] INFO com.intuit.karate -- *** SEQUENTIAL REQUEST #33 *** 
16:12:11.494 [main] INFO com.intuit.karate -- User: test@example.com 
16:12:11.497 [main] INFO com.intuit.karate -- [print] *** BEFORE API CALL *** Email: test@example.com URL: http://localhost:3000/auth/login 
16:12:11.497 [main] DEBUG com.jayway.jsonpath.internal.path.CompiledPath -- Evaluating path: $
16:12:11.499 [main] INFO com.intuit.karate -- [print] *** SENDING REQUEST *** Body: {
  "email": "#(email)",
  "password": "#(password)"
}
 
16:12:11.499 [main] DEBUG org.apache.http.client.protocol.RequestAddCookies -- CookieSpec selected: karate
16:12:11.499 [main] DEBUG org.apache.http.client.protocol.RequestAuthCache -- Auth cache not set in the context
16:12:11.499 [main] DEBUG com.intuit.karate -- request:
1 > POST http://localhost:3000/auth/login
1 > Content-Type: application/json; charset=UTF-8
1 > Content-Length: 53
1 > Host: localhost:3000
1 > Connection: Keep-Alive
1 > User-Agent: Apache-HttpClient/4.5.14 (Java/17.0.9)
1 > Accept-Encoding: gzip,deflate
{"email":"test@example.com","password":"Password123"}

16:12:11.499 [main] DEBUG org.apache.http.impl.conn.PoolingHttpClientConnectionManager -- Connection request: [route: {}->http://localhost:3000][total available: 0; route allocated: 0 of 5; total allocated: 0 of 10]
16:12:11.499 [main] DEBUG org.apache.http.impl.conn.PoolingHttpClientConnectionManager -- Connection leased: [id: 32][route: {}->http://localhost:3000][total available: 0; route allocated: 1 of 5; total allocated: 1 of 10]
16:12:11.499 [main] DEBUG org.apache.http.impl.execchain.MainClientExec -- Opening connection {}->http://localhost:3000
16:12:11.500 [main] DEBUG org.apache.http.impl.conn.DefaultHttpClientConnectionOperator -- Connecting to localhost/127.0.0.1:3000
16:12:11.500 [main] DEBUG org.apache.http.impl.conn.DefaultHttpClientConnectionOperator -- Connection established 127.0.0.1:51076<->127.0.0.1:3000
16:12:11.500 [main] DEBUG org.apache.http.impl.conn.DefaultManagedHttpClientConnection -- http-outgoing-32: set socket timeout to 30000
16:12:11.500 [main] DEBUG org.apache.http.impl.execchain.MainClientExec -- Executing request POST /auth/login HTTP/1.1
16:12:11.500 [main] DEBUG org.apache.http.impl.execchain.MainClientExec -- Target auth state: UNCHALLENGED
16:12:11.500 [main] DEBUG org.apache.http.impl.execchain.MainClientExec -- Proxy auth state: UNCHALLENGED
16:12:11.500 [main] DEBUG org.apache.http.headers -- http-outgoing-32 >> POST /auth/login HTTP/1.1
16:12:11.500 [main] DEBUG org.apache.http.headers -- http-outgoing-32 >> Content-Type: application/json; charset=UTF-8
16:12:11.500 [main] DEBUG org.apache.http.headers -- http-outgoing-32 >> Content-Length: 53
16:12:11.500 [main] DEBUG org.apache.http.headers -- http-outgoing-32 >> Host: localhost:3000
16:12:11.500 [main] DEBUG org.apache.http.headers -- http-outgoing-32 >> Connection: Keep-Alive
16:12:11.500 [main] DEBUG org.apache.http.headers -- http-outgoing-32 >> User-Agent: Apache-HttpClient/4.5.14 (Java/17.0.9)
16:12:11.500 [main] DEBUG org.apache.http.headers -- http-outgoing-32 >> Accept-Encoding: gzip,deflate
16:12:11.500 [main] DEBUG org.apache.http.wire -- http-outgoing-32 >> "POST /auth/login HTTP/1.1[\r][\n]"
16:12:11.500 [main] DEBUG org.apache.http.wire -- http-outgoing-32 >> "Content-Type: application/json; charset=UTF-8[\r][\n]"
16:12:11.500 [main] DEBUG org.apache.http.wire -- http-outgoing-32 >> "Content-Length: 53[\r][\n]"
16:12:11.500 [main] DEBUG org.apache.http.wire -- http-outgoing-32 >> "Host: localhost:3000[\r][\n]"
16:12:11.500 [main] DEBUG org.apache.http.wire -- http-outgoing-32 >> "Connection: Keep-Alive[\r][\n]"
16:12:11.500 [main] DEBUG org.apache.http.wire -- http-outgoing-32 >> "User-Agent: Apache-HttpClient/4.5.14 (Java/17.0.9)[\r][\n]"
16:12:11.500 [main] DEBUG org.apache.http.wire -- http-outgoing-32 >> "Accept-Encoding: gzip,deflate[\r][\n]"
16:12:11.500 [main] DEBUG org.apache.http.wire -- http-outgoing-32 >> "[\r][\n]"
16:12:11.500 [main] DEBUG org.apache.http.wire -- http-outgoing-32 >> "{"email":"test@example.com","password":"Password123"}"
16:12:11.774 [main] DEBUG org.apache.http.wire -- http-outgoing-32 << "HTTP/1.1 200 OK[\r][\n]"
16:12:11.775 [main] DEBUG org.apache.http.wire -- http-outgoing-32 << "X-Powered-By: Express[\r][\n]"
16:12:11.775 [main] DEBUG org.apache.http.wire -- http-outgoing-32 << "Access-Control-Allow-Origin: *[\r][\n]"
16:12:11.775 [main] DEBUG org.apache.http.wire -- http-outgoing-32 << "Content-Type: application/json; charset=utf-8[\r][\n]"
16:12:11.775 [main] DEBUG org.apache.http.wire -- http-outgoing-32 << "Content-Length: 599[\r][\n]"
16:12:11.775 [main] DEBUG org.apache.http.wire -- http-outgoing-32 << "ETag: W/"257-KGZTtfvqqQiWj8SJ2phFbOcS33Y"[\r][\n]"
16:12:11.775 [main] DEBUG org.apache.http.wire -- http-outgoing-32 << "Date: Tue, 24 Jun 2025 09:12:11 GMT[\r][\n]"
16:12:11.775 [main] DEBUG org.apache.http.wire -- http-outgoing-32 << "Connection: keep-alive[\r][\n]"
16:12:11.775 [main] DEBUG org.apache.http.wire -- http-outgoing-32 << "Keep-Alive: timeout=5[\r][\n]"
16:12:11.775 [main] DEBUG org.apache.http.wire -- http-outgoing-32 << "[\r][\n]"
16:12:11.775 [main] DEBUG org.apache.http.wire -- http-outgoing-32 << "{"access_token":"eyJhbGciOiJIUzI1NiIsInR5cCI6IkpXVCJ9.eyJzdWIiOiIyZGRhMDQzOS01MTgwLTQ1YWEtOTE3Zi1lNjMyZTQ1YThlNDEiLCJ1c2VybmFtZSI6ImpvaG5kb2UiLCJyb2xlIjowLCJpYXQiOjE3NTA3NTYzMzEsImV4cCI6MTc1MDc1OTkzMX0.1owsS1aSe_ZpFoCzCQKJhnoAtluDBf1PP6RVG7GsktI","refresh_token":"fb33365800d394994fbe8e757065ee2b4806bf7f02ffa765232ba236a533a7ef","user":{"id":"2dda0439-5180-45aa-917f-e632e45a8e41","email":"test@example.com","username":"johndoe","name":"John Doe","phoneNumber":"0987654321","profilePic":null,"bio":null,"private":false,"verified":false,"role":0,"followersCount":0,"followingCount":0,"postCount":0}}"
16:12:11.775 [main] DEBUG org.apache.http.headers -- http-outgoing-32 << HTTP/1.1 200 OK
16:12:11.775 [main] DEBUG org.apache.http.headers -- http-outgoing-32 << X-Powered-By: Express
16:12:11.775 [main] DEBUG org.apache.http.headers -- http-outgoing-32 << Access-Control-Allow-Origin: *
16:12:11.775 [main] DEBUG org.apache.http.headers -- http-outgoing-32 << Content-Type: application/json; charset=utf-8
16:12:11.775 [main] DEBUG org.apache.http.headers -- http-outgoing-32 << Content-Length: 599
16:12:11.775 [main] DEBUG org.apache.http.headers -- http-outgoing-32 << ETag: W/"257-KGZTtfvqqQiWj8SJ2phFbOcS33Y"
16:12:11.775 [main] DEBUG org.apache.http.headers -- http-outgoing-32 << Date: Tue, 24 Jun 2025 09:12:11 GMT
16:12:11.775 [main] DEBUG org.apache.http.headers -- http-outgoing-32 << Connection: keep-alive
16:12:11.775 [main] DEBUG org.apache.http.headers -- http-outgoing-32 << Keep-Alive: timeout=5
16:12:11.775 [main] DEBUG org.apache.http.impl.execchain.MainClientExec -- Connection can be kept alive for 5000 MILLISECONDS
16:12:11.775 [main] DEBUG org.apache.http.impl.conn.PoolingHttpClientConnectionManager -- Connection [id: 32][route: {}->http://localhost:3000] can be kept alive for 5.0 seconds
16:12:11.775 [main] DEBUG org.apache.http.impl.conn.DefaultManagedHttpClientConnection -- http-outgoing-32: set socket timeout to 0
16:12:11.775 [main] DEBUG org.apache.http.impl.conn.PoolingHttpClientConnectionManager -- Connection released: [id: 32][route: {}->http://localhost:3000][total available: 1; route allocated: 1 of 5; total allocated: 1 of 10]
16:12:11.775 [main] DEBUG org.apache.http.impl.conn.PoolingHttpClientConnectionManager -- Connection manager is shutting down
16:12:11.775 [main] DEBUG org.apache.http.impl.conn.DefaultManagedHttpClientConnection -- http-outgoing-32: Close connection
16:12:11.775 [main] DEBUG org.apache.http.impl.conn.PoolingHttpClientConnectionManager -- Connection manager shut down
16:12:11.775 [main] DEBUG com.intuit.karate -- response time in milliseconds: 276
1 < 200
1 < X-Powered-By: Express
1 < Access-Control-Allow-Origin: *
1 < Content-Type: application/json; charset=utf-8
1 < Content-Length: 599
1 < ETag: W/"257-KGZTtfvqqQiWj8SJ2phFbOcS33Y"
1 < Date: Tue, 24 Jun 2025 09:12:11 GMT
1 < Connection: keep-alive
1 < Keep-Alive: timeout=5
{"access_token":"eyJhbGciOiJIUzI1NiIsInR5cCI6IkpXVCJ9.eyJzdWIiOiIyZGRhMDQzOS01MTgwLTQ1YWEtOTE3Zi1lNjMyZTQ1YThlNDEiLCJ1c2VybmFtZSI6ImpvaG5kb2UiLCJyb2xlIjowLCJpYXQiOjE3NTA3NTYzMzEsImV4cCI6MTc1MDc1OTkzMX0.1owsS1aSe_ZpFoCzCQKJhnoAtluDBf1PP6RVG7GsktI","refresh_token":"fb33365800d394994fbe8e757065ee2b4806bf7f02ffa765232ba236a533a7ef","user":{"id":"2dda0439-5180-45aa-917f-e632e45a8e41","email":"test@example.com","username":"johndoe","name":"John Doe","phoneNumber":"0987654321","profilePic":null,"bio":null,"private":false,"verified":false,"role":0,"followersCount":0,"followingCount":0,"postCount":0}}

16:12:11.775 [main] INFO com.intuit.karate -- [print] *** AFTER API CALL *** Status: 200 
16:12:11.776 [main] INFO com.intuit.karate -- [print] ### API CALL COMPLETED ### Email: test@example.com Status: 200 
16:12:11.776 [main] INFO com.intuit.karate -- [print] ### RESPONSE BODY ### {
  "access_token": "eyJhbGciOiJIUzI1NiIsInR5cCI6IkpXVCJ9.eyJzdWIiOiIyZGRhMDQzOS01MTgwLTQ1YWEtOTE3Zi1lNjMyZTQ1YThlNDEiLCJ1c2VybmFtZSI6ImpvaG5kb2UiLCJyb2xlIjowLCJpYXQiOjE3NTA3NTYzMzEsImV4cCI6MTc1MDc1OTkzMX0.1owsS1aSe_ZpFoCzCQKJhnoAtluDBf1PP6RVG7GsktI",
  "refresh_token": "fb33365800d394994fbe8e757065ee2b4806bf7f02ffa765232ba236a533a7ef",
  "user": {
    "id": "2dda0439-5180-45aa-917f-e632e45a8e41",
    "email": "test@example.com",
    "username": "johndoe",
    "name": "John Doe",
    "phoneNumber": "0987654321",
    "profilePic": null,
    "bio": null,
    "private": false,
    "verified": false,
    "role": 0,
    "followersCount": 0,
    "followingCount": 0,
    "postCount": 0
  }
}
 
16:12:11.777 [main] INFO com.intuit.karate -- Request #33 completed - Status: 200 Time: 283ms 
16:12:11.778 [main] INFO com.intuit.karate -- *** SEQUENTIAL REQUEST #34 *** 
16:12:11.778 [main] INFO com.intuit.karate -- User: test2@example.com 
16:12:11.781 [main] INFO com.intuit.karate -- [print] *** BEFORE API CALL *** Email: test2@example.com URL: http://localhost:3000/auth/login 
16:12:11.782 [main] DEBUG com.jayway.jsonpath.internal.path.CompiledPath -- Evaluating path: $
16:12:11.782 [main] INFO com.intuit.karate -- [print] *** SENDING REQUEST *** Body: {
  "email": "#(email)",
  "password": "#(password)"
}
 
16:12:11.783 [main] DEBUG org.apache.http.client.protocol.RequestAddCookies -- CookieSpec selected: karate
16:12:11.783 [main] DEBUG org.apache.http.client.protocol.RequestAuthCache -- Auth cache not set in the context
16:12:11.783 [main] DEBUG com.intuit.karate -- request:
1 > POST http://localhost:3000/auth/login
1 > Content-Type: application/json; charset=UTF-8
1 > Content-Length: 54
1 > Host: localhost:3000
1 > Connection: Keep-Alive
1 > User-Agent: Apache-HttpClient/4.5.14 (Java/17.0.9)
1 > Accept-Encoding: gzip,deflate
{"email":"test2@example.com","password":"Password123"}

16:12:11.783 [main] DEBUG org.apache.http.impl.conn.PoolingHttpClientConnectionManager -- Connection request: [route: {}->http://localhost:3000][total available: 0; route allocated: 0 of 5; total allocated: 0 of 10]
16:12:11.783 [main] DEBUG org.apache.http.impl.conn.PoolingHttpClientConnectionManager -- Connection leased: [id: 33][route: {}->http://localhost:3000][total available: 0; route allocated: 1 of 5; total allocated: 1 of 10]
16:12:11.783 [main] DEBUG org.apache.http.impl.execchain.MainClientExec -- Opening connection {}->http://localhost:3000
16:12:11.783 [main] DEBUG org.apache.http.impl.conn.DefaultHttpClientConnectionOperator -- Connecting to localhost/127.0.0.1:3000
16:12:11.783 [main] DEBUG org.apache.http.impl.conn.DefaultHttpClientConnectionOperator -- Connection established 127.0.0.1:51077<->127.0.0.1:3000
16:12:11.783 [main] DEBUG org.apache.http.impl.conn.DefaultManagedHttpClientConnection -- http-outgoing-33: set socket timeout to 30000
16:12:11.783 [main] DEBUG org.apache.http.impl.execchain.MainClientExec -- Executing request POST /auth/login HTTP/1.1
16:12:11.783 [main] DEBUG org.apache.http.impl.execchain.MainClientExec -- Target auth state: UNCHALLENGED
16:12:11.783 [main] DEBUG org.apache.http.impl.execchain.MainClientExec -- Proxy auth state: UNCHALLENGED
16:12:11.783 [main] DEBUG org.apache.http.headers -- http-outgoing-33 >> POST /auth/login HTTP/1.1
16:12:11.783 [main] DEBUG org.apache.http.headers -- http-outgoing-33 >> Content-Type: application/json; charset=UTF-8
16:12:11.783 [main] DEBUG org.apache.http.headers -- http-outgoing-33 >> Content-Length: 54
16:12:11.783 [main] DEBUG org.apache.http.headers -- http-outgoing-33 >> Host: localhost:3000
16:12:11.783 [main] DEBUG org.apache.http.headers -- http-outgoing-33 >> Connection: Keep-Alive
16:12:11.783 [main] DEBUG org.apache.http.headers -- http-outgoing-33 >> User-Agent: Apache-HttpClient/4.5.14 (Java/17.0.9)
16:12:11.783 [main] DEBUG org.apache.http.headers -- http-outgoing-33 >> Accept-Encoding: gzip,deflate
16:12:11.783 [main] DEBUG org.apache.http.wire -- http-outgoing-33 >> "POST /auth/login HTTP/1.1[\r][\n]"
16:12:11.783 [main] DEBUG org.apache.http.wire -- http-outgoing-33 >> "Content-Type: application/json; charset=UTF-8[\r][\n]"
16:12:11.783 [main] DEBUG org.apache.http.wire -- http-outgoing-33 >> "Content-Length: 54[\r][\n]"
16:12:11.783 [main] DEBUG org.apache.http.wire -- http-outgoing-33 >> "Host: localhost:3000[\r][\n]"
16:12:11.784 [main] DEBUG org.apache.http.wire -- http-outgoing-33 >> "Connection: Keep-Alive[\r][\n]"
16:12:11.784 [main] DEBUG org.apache.http.wire -- http-outgoing-33 >> "User-Agent: Apache-HttpClient/4.5.14 (Java/17.0.9)[\r][\n]"
16:12:11.784 [main] DEBUG org.apache.http.wire -- http-outgoing-33 >> "Accept-Encoding: gzip,deflate[\r][\n]"
16:12:11.784 [main] DEBUG org.apache.http.wire -- http-outgoing-33 >> "[\r][\n]"
16:12:11.784 [main] DEBUG org.apache.http.wire -- http-outgoing-33 >> "{"email":"test2@example.com","password":"Password123"}"
16:12:12.053 [main] DEBUG org.apache.http.wire -- http-outgoing-33 << "HTTP/1.1 200 OK[\r][\n]"
16:12:12.053 [main] DEBUG org.apache.http.wire -- http-outgoing-33 << "X-Powered-By: Express[\r][\n]"
16:12:12.053 [main] DEBUG org.apache.http.wire -- http-outgoing-33 << "Access-Control-Allow-Origin: *[\r][\n]"
16:12:12.053 [main] DEBUG org.apache.http.wire -- http-outgoing-33 << "Content-Type: application/json; charset=utf-8[\r][\n]"
16:12:12.053 [main] DEBUG org.apache.http.wire -- http-outgoing-33 << "Content-Length: 608[\r][\n]"
16:12:12.053 [main] DEBUG org.apache.http.wire -- http-outgoing-33 << "ETag: W/"260-aY+rcwo9tvSjeqvgKRCpc/53Pvk"[\r][\n]"
16:12:12.053 [main] DEBUG org.apache.http.wire -- http-outgoing-33 << "Date: Tue, 24 Jun 2025 09:12:12 GMT[\r][\n]"
16:12:12.053 [main] DEBUG org.apache.http.wire -- http-outgoing-33 << "Connection: keep-alive[\r][\n]"
16:12:12.053 [main] DEBUG org.apache.http.wire -- http-outgoing-33 << "Keep-Alive: timeout=5[\r][\n]"
16:12:12.053 [main] DEBUG org.apache.http.wire -- http-outgoing-33 << "[\r][\n]"
16:12:12.054 [main] DEBUG org.apache.http.wire -- http-outgoing-33 << "{"access_token":"eyJhbGciOiJIUzI1NiIsInR5cCI6IkpXVCJ9.eyJzdWIiOiI4YTI0NzQ2MS01YzA0LTQyMWQtOThmNS1mYTljNzM0ZmFlYTUiLCJ1c2VybmFtZSI6ImphbmVzbWl0aCIsInJvbGUiOjAsImlhdCI6MTc1MDc1NjMzMSwiZXhwIjoxNzUwNzU5OTMxfQ.hqm3i9nJrIKjmmx2rkShI4bXoNtWyq4RQMFzr40L2yg","refresh_token":"925490698460a19dffa7c5891f8c40dce3f91fbccbb4968b49dbbf55c5ed889b","user":{"id":"8a247461-5c04-421d-98f5-fa9c734faea5","email":"test2@example.com","username":"janesmith","name":"Jane Smith","phoneNumber":"01234567890","profilePic":null,"bio":null,"private":false,"verified":false,"role":0,"followersCount":0,"followingCount":0,"postCount":0}}"
16:12:12.054 [main] DEBUG org.apache.http.headers -- http-outgoing-33 << HTTP/1.1 200 OK
16:12:12.054 [main] DEBUG org.apache.http.headers -- http-outgoing-33 << X-Powered-By: Express
16:12:12.054 [main] DEBUG org.apache.http.headers -- http-outgoing-33 << Access-Control-Allow-Origin: *
16:12:12.054 [main] DEBUG org.apache.http.headers -- http-outgoing-33 << Content-Type: application/json; charset=utf-8
16:12:12.054 [main] DEBUG org.apache.http.headers -- http-outgoing-33 << Content-Length: 608
16:12:12.054 [main] DEBUG org.apache.http.headers -- http-outgoing-33 << ETag: W/"260-aY+rcwo9tvSjeqvgKRCpc/53Pvk"
16:12:12.054 [main] DEBUG org.apache.http.headers -- http-outgoing-33 << Date: Tue, 24 Jun 2025 09:12:12 GMT
16:12:12.054 [main] DEBUG org.apache.http.headers -- http-outgoing-33 << Connection: keep-alive
16:12:12.054 [main] DEBUG org.apache.http.headers -- http-outgoing-33 << Keep-Alive: timeout=5
16:12:12.054 [main] DEBUG org.apache.http.impl.execchain.MainClientExec -- Connection can be kept alive for 5000 MILLISECONDS
16:12:12.054 [main] DEBUG org.apache.http.impl.conn.PoolingHttpClientConnectionManager -- Connection [id: 33][route: {}->http://localhost:3000] can be kept alive for 5.0 seconds
16:12:12.054 [main] DEBUG org.apache.http.impl.conn.DefaultManagedHttpClientConnection -- http-outgoing-33: set socket timeout to 0
16:12:12.054 [main] DEBUG org.apache.http.impl.conn.PoolingHttpClientConnectionManager -- Connection released: [id: 33][route: {}->http://localhost:3000][total available: 1; route allocated: 1 of 5; total allocated: 1 of 10]
16:12:12.054 [main] DEBUG org.apache.http.impl.conn.PoolingHttpClientConnectionManager -- Connection manager is shutting down
16:12:12.054 [main] DEBUG org.apache.http.impl.conn.DefaultManagedHttpClientConnection -- http-outgoing-33: Close connection
16:12:12.054 [main] DEBUG org.apache.http.impl.conn.PoolingHttpClientConnectionManager -- Connection manager shut down
16:12:12.054 [main] DEBUG com.intuit.karate -- response time in milliseconds: 271
1 < 200
1 < X-Powered-By: Express
1 < Access-Control-Allow-Origin: *
1 < Content-Type: application/json; charset=utf-8
1 < Content-Length: 608
1 < ETag: W/"260-aY+rcwo9tvSjeqvgKRCpc/53Pvk"
1 < Date: Tue, 24 Jun 2025 09:12:12 GMT
1 < Connection: keep-alive
1 < Keep-Alive: timeout=5
{"access_token":"eyJhbGciOiJIUzI1NiIsInR5cCI6IkpXVCJ9.eyJzdWIiOiI4YTI0NzQ2MS01YzA0LTQyMWQtOThmNS1mYTljNzM0ZmFlYTUiLCJ1c2VybmFtZSI6ImphbmVzbWl0aCIsInJvbGUiOjAsImlhdCI6MTc1MDc1NjMzMSwiZXhwIjoxNzUwNzU5OTMxfQ.hqm3i9nJrIKjmmx2rkShI4bXoNtWyq4RQMFzr40L2yg","refresh_token":"925490698460a19dffa7c5891f8c40dce3f91fbccbb4968b49dbbf55c5ed889b","user":{"id":"8a247461-5c04-421d-98f5-fa9c734faea5","email":"test2@example.com","username":"janesmith","name":"Jane Smith","phoneNumber":"01234567890","profilePic":null,"bio":null,"private":false,"verified":false,"role":0,"followersCount":0,"followingCount":0,"postCount":0}}

16:12:12.055 [main] INFO com.intuit.karate -- [print] *** AFTER API CALL *** Status: 200 
16:12:12.055 [main] INFO com.intuit.karate -- [print] ### API CALL COMPLETED ### Email: test2@example.com Status: 200 
16:12:12.055 [main] INFO com.intuit.karate -- [print] ### RESPONSE BODY ### {
  "access_token": "eyJhbGciOiJIUzI1NiIsInR5cCI6IkpXVCJ9.eyJzdWIiOiI4YTI0NzQ2MS01YzA0LTQyMWQtOThmNS1mYTljNzM0ZmFlYTUiLCJ1c2VybmFtZSI6ImphbmVzbWl0aCIsInJvbGUiOjAsImlhdCI6MTc1MDc1NjMzMSwiZXhwIjoxNzUwNzU5OTMxfQ.hqm3i9nJrIKjmmx2rkShI4bXoNtWyq4RQMFzr40L2yg",
  "refresh_token": "925490698460a19dffa7c5891f8c40dce3f91fbccbb4968b49dbbf55c5ed889b",
  "user": {
    "id": "8a247461-5c04-421d-98f5-fa9c734faea5",
    "email": "test2@example.com",
    "username": "janesmith",
    "name": "Jane Smith",
    "phoneNumber": "01234567890",
    "profilePic": null,
    "bio": null,
    "private": false,
    "verified": false,
    "role": 0,
    "followersCount": 0,
    "followingCount": 0,
    "postCount": 0
  }
}
 
16:12:12.057 [main] INFO com.intuit.karate -- Request #34 completed - Status: 200 Time: 279ms 
16:12:12.058 [main] INFO com.intuit.karate -- *** SEQUENTIAL REQUEST #35 *** 
16:12:12.058 [main] INFO com.intuit.karate -- User: test28@example.com 
16:12:12.062 [main] INFO com.intuit.karate -- [print] *** BEFORE API CALL *** Email: test28@example.com URL: http://localhost:3000/auth/login 
16:12:12.063 [main] DEBUG com.jayway.jsonpath.internal.path.CompiledPath -- Evaluating path: $
16:12:12.063 [main] INFO com.intuit.karate -- [print] *** SENDING REQUEST *** Body: {
  "email": "#(email)",
  "password": "#(password)"
}
 
16:12:12.064 [main] DEBUG org.apache.http.client.protocol.RequestAddCookies -- CookieSpec selected: karate
16:12:12.064 [main] DEBUG org.apache.http.client.protocol.RequestAuthCache -- Auth cache not set in the context
16:12:12.064 [main] DEBUG com.intuit.karate -- request:
1 > POST http://localhost:3000/auth/login
1 > Content-Type: application/json; charset=UTF-8
1 > Content-Length: 55
1 > Host: localhost:3000
1 > Connection: Keep-Alive
1 > User-Agent: Apache-HttpClient/4.5.14 (Java/17.0.9)
1 > Accept-Encoding: gzip,deflate
{"email":"test28@example.com","password":"Password123"}

16:12:12.064 [main] DEBUG org.apache.http.impl.conn.PoolingHttpClientConnectionManager -- Connection request: [route: {}->http://localhost:3000][total available: 0; route allocated: 0 of 5; total allocated: 0 of 10]
16:12:12.064 [main] DEBUG org.apache.http.impl.conn.PoolingHttpClientConnectionManager -- Connection leased: [id: 34][route: {}->http://localhost:3000][total available: 0; route allocated: 1 of 5; total allocated: 1 of 10]
16:12:12.064 [main] DEBUG org.apache.http.impl.execchain.MainClientExec -- Opening connection {}->http://localhost:3000
16:12:12.064 [main] DEBUG org.apache.http.impl.conn.DefaultHttpClientConnectionOperator -- Connecting to localhost/127.0.0.1:3000
16:12:12.065 [main] DEBUG org.apache.http.impl.conn.DefaultHttpClientConnectionOperator -- Connection established 127.0.0.1:51078<->127.0.0.1:3000
16:12:12.065 [main] DEBUG org.apache.http.impl.conn.DefaultManagedHttpClientConnection -- http-outgoing-34: set socket timeout to 30000
16:12:12.065 [main] DEBUG org.apache.http.impl.execchain.MainClientExec -- Executing request POST /auth/login HTTP/1.1
16:12:12.065 [main] DEBUG org.apache.http.impl.execchain.MainClientExec -- Target auth state: UNCHALLENGED
16:12:12.065 [main] DEBUG org.apache.http.impl.execchain.MainClientExec -- Proxy auth state: UNCHALLENGED
16:12:12.065 [main] DEBUG org.apache.http.headers -- http-outgoing-34 >> POST /auth/login HTTP/1.1
16:12:12.065 [main] DEBUG org.apache.http.headers -- http-outgoing-34 >> Content-Type: application/json; charset=UTF-8
16:12:12.065 [main] DEBUG org.apache.http.headers -- http-outgoing-34 >> Content-Length: 55
16:12:12.065 [main] DEBUG org.apache.http.headers -- http-outgoing-34 >> Host: localhost:3000
16:12:12.065 [main] DEBUG org.apache.http.headers -- http-outgoing-34 >> Connection: Keep-Alive
16:12:12.065 [main] DEBUG org.apache.http.headers -- http-outgoing-34 >> User-Agent: Apache-HttpClient/4.5.14 (Java/17.0.9)
16:12:12.065 [main] DEBUG org.apache.http.headers -- http-outgoing-34 >> Accept-Encoding: gzip,deflate
16:12:12.065 [main] DEBUG org.apache.http.wire -- http-outgoing-34 >> "POST /auth/login HTTP/1.1[\r][\n]"
16:12:12.065 [main] DEBUG org.apache.http.wire -- http-outgoing-34 >> "Content-Type: application/json; charset=UTF-8[\r][\n]"
16:12:12.065 [main] DEBUG org.apache.http.wire -- http-outgoing-34 >> "Content-Length: 55[\r][\n]"
16:12:12.065 [main] DEBUG org.apache.http.wire -- http-outgoing-34 >> "Host: localhost:3000[\r][\n]"
16:12:12.065 [main] DEBUG org.apache.http.wire -- http-outgoing-34 >> "Connection: Keep-Alive[\r][\n]"
16:12:12.065 [main] DEBUG org.apache.http.wire -- http-outgoing-34 >> "User-Agent: Apache-HttpClient/4.5.14 (Java/17.0.9)[\r][\n]"
16:12:12.065 [main] DEBUG org.apache.http.wire -- http-outgoing-34 >> "Accept-Encoding: gzip,deflate[\r][\n]"
16:12:12.065 [main] DEBUG org.apache.http.wire -- http-outgoing-34 >> "[\r][\n]"
16:12:12.065 [main] DEBUG org.apache.http.wire -- http-outgoing-34 >> "{"email":"test28@example.com","password":"Password123"}"
16:12:12.330 [main] DEBUG org.apache.http.wire -- http-outgoing-34 << "HTTP/1.1 200 OK[\r][\n]"
16:12:12.330 [main] DEBUG org.apache.http.wire -- http-outgoing-34 << "X-Powered-By: Express[\r][\n]"
16:12:12.330 [main] DEBUG org.apache.http.wire -- http-outgoing-34 << "Access-Control-Allow-Origin: *[\r][\n]"
16:12:12.330 [main] DEBUG org.apache.http.wire -- http-outgoing-34 << "Content-Type: application/json; charset=utf-8[\r][\n]"
16:12:12.330 [main] DEBUG org.apache.http.wire -- http-outgoing-34 << "Content-Length: 607[\r][\n]"
16:12:12.330 [main] DEBUG org.apache.http.wire -- http-outgoing-34 << "ETag: W/"25f-1dV36J7IPnt9uXAs2J3RS/xowSA"[\r][\n]"
16:12:12.330 [main] DEBUG org.apache.http.wire -- http-outgoing-34 << "Date: Tue, 24 Jun 2025 09:12:12 GMT[\r][\n]"
16:12:12.330 [main] DEBUG org.apache.http.wire -- http-outgoing-34 << "Connection: keep-alive[\r][\n]"
16:12:12.330 [main] DEBUG org.apache.http.wire -- http-outgoing-34 << "Keep-Alive: timeout=5[\r][\n]"
16:12:12.330 [main] DEBUG org.apache.http.wire -- http-outgoing-34 << "[\r][\n]"
16:12:12.330 [main] DEBUG org.apache.http.wire -- http-outgoing-34 << "{"access_token":"eyJhbGciOiJIUzI1NiIsInR5cCI6IkpXVCJ9.eyJzdWIiOiJjMjE0MjJkZi1jY2VjLTQ0MGUtOWE0Mi1jMWI4MmFiZjczM2QiLCJ1c2VybmFtZSI6ImpvaG5kb2UyOCIsInJvbGUiOjAsImlhdCI6MTc1MDc1NjMzMiwiZXhwIjoxNzUwNzU5OTMyfQ.AHJVSN7o0g67Tf9-YJxv8aU3StakHg3ZiRYzvktPAIw","refresh_token":"431941db997c986d98d6aa4c47a83669cc838332a169063f177e02685275f95f","user":{"id":"c21422df-ccec-440e-9a42-c1b82abf733d","email":"test28@example.com","username":"johndoe28","name":"John Doe","phoneNumber":"84987654321","profilePic":null,"bio":null,"private":false,"verified":false,"role":0,"followersCount":0,"followingCount":0,"postCount":0}}"
16:12:12.330 [main] DEBUG org.apache.http.headers -- http-outgoing-34 << HTTP/1.1 200 OK
16:12:12.330 [main] DEBUG org.apache.http.headers -- http-outgoing-34 << X-Powered-By: Express
16:12:12.330 [main] DEBUG org.apache.http.headers -- http-outgoing-34 << Access-Control-Allow-Origin: *
16:12:12.330 [main] DEBUG org.apache.http.headers -- http-outgoing-34 << Content-Type: application/json; charset=utf-8
16:12:12.330 [main] DEBUG org.apache.http.headers -- http-outgoing-34 << Content-Length: 607
16:12:12.330 [main] DEBUG org.apache.http.headers -- http-outgoing-34 << ETag: W/"25f-1dV36J7IPnt9uXAs2J3RS/xowSA"
16:12:12.330 [main] DEBUG org.apache.http.headers -- http-outgoing-34 << Date: Tue, 24 Jun 2025 09:12:12 GMT
16:12:12.330 [main] DEBUG org.apache.http.headers -- http-outgoing-34 << Connection: keep-alive
16:12:12.330 [main] DEBUG org.apache.http.headers -- http-outgoing-34 << Keep-Alive: timeout=5
16:12:12.330 [main] DEBUG org.apache.http.impl.execchain.MainClientExec -- Connection can be kept alive for 5000 MILLISECONDS
16:12:12.332 [main] DEBUG org.apache.http.impl.conn.PoolingHttpClientConnectionManager -- Connection [id: 34][route: {}->http://localhost:3000] can be kept alive for 5.0 seconds
16:12:12.332 [main] DEBUG org.apache.http.impl.conn.DefaultManagedHttpClientConnection -- http-outgoing-34: set socket timeout to 0
16:12:12.332 [main] DEBUG org.apache.http.impl.conn.PoolingHttpClientConnectionManager -- Connection released: [id: 34][route: {}->http://localhost:3000][total available: 1; route allocated: 1 of 5; total allocated: 1 of 10]
16:12:12.332 [main] DEBUG org.apache.http.impl.conn.PoolingHttpClientConnectionManager -- Connection manager is shutting down
16:12:12.332 [main] DEBUG org.apache.http.impl.conn.DefaultManagedHttpClientConnection -- http-outgoing-34: Close connection
16:12:12.332 [main] DEBUG org.apache.http.impl.conn.PoolingHttpClientConnectionManager -- Connection manager shut down
16:12:12.332 [main] DEBUG com.intuit.karate -- response time in milliseconds: 268
1 < 200
1 < X-Powered-By: Express
1 < Access-Control-Allow-Origin: *
1 < Content-Type: application/json; charset=utf-8
1 < Content-Length: 607
1 < ETag: W/"25f-1dV36J7IPnt9uXAs2J3RS/xowSA"
1 < Date: Tue, 24 Jun 2025 09:12:12 GMT
1 < Connection: keep-alive
1 < Keep-Alive: timeout=5
{"access_token":"eyJhbGciOiJIUzI1NiIsInR5cCI6IkpXVCJ9.eyJzdWIiOiJjMjE0MjJkZi1jY2VjLTQ0MGUtOWE0Mi1jMWI4MmFiZjczM2QiLCJ1c2VybmFtZSI6ImpvaG5kb2UyOCIsInJvbGUiOjAsImlhdCI6MTc1MDc1NjMzMiwiZXhwIjoxNzUwNzU5OTMyfQ.AHJVSN7o0g67Tf9-YJxv8aU3StakHg3ZiRYzvktPAIw","refresh_token":"431941db997c986d98d6aa4c47a83669cc838332a169063f177e02685275f95f","user":{"id":"c21422df-ccec-440e-9a42-c1b82abf733d","email":"test28@example.com","username":"johndoe28","name":"John Doe","phoneNumber":"84987654321","profilePic":null,"bio":null,"private":false,"verified":false,"role":0,"followersCount":0,"followingCount":0,"postCount":0}}

16:12:12.332 [main] INFO com.intuit.karate -- [print] *** AFTER API CALL *** Status: 200 
16:12:12.333 [main] INFO com.intuit.karate -- [print] ### API CALL COMPLETED ### Email: test28@example.com Status: 200 
16:12:12.333 [main] INFO com.intuit.karate -- [print] ### RESPONSE BODY ### {
  "access_token": "eyJhbGciOiJIUzI1NiIsInR5cCI6IkpXVCJ9.eyJzdWIiOiJjMjE0MjJkZi1jY2VjLTQ0MGUtOWE0Mi1jMWI4MmFiZjczM2QiLCJ1c2VybmFtZSI6ImpvaG5kb2UyOCIsInJvbGUiOjAsImlhdCI6MTc1MDc1NjMzMiwiZXhwIjoxNzUwNzU5OTMyfQ.AHJVSN7o0g67Tf9-YJxv8aU3StakHg3ZiRYzvktPAIw",
  "refresh_token": "431941db997c986d98d6aa4c47a83669cc838332a169063f177e02685275f95f",
  "user": {
    "id": "c21422df-ccec-440e-9a42-c1b82abf733d",
    "email": "test28@example.com",
    "username": "johndoe28",
    "name": "John Doe",
    "phoneNumber": "84987654321",
    "profilePic": null,
    "bio": null,
    "private": false,
    "verified": false,
    "role": 0,
    "followersCount": 0,
    "followingCount": 0,
    "postCount": 0
  }
}
 
16:12:12.334 [main] INFO com.intuit.karate -- Request #35 completed - Status: 200 Time: 275ms 
16:12:12.335 [main] INFO com.intuit.karate -- *** SEQUENTIAL REQUEST #36 *** 
16:12:12.335 [main] INFO com.intuit.karate -- User: testit4@gmail.com 
16:12:12.338 [main] INFO com.intuit.karate -- [print] *** BEFORE API CALL *** Email: testit4@gmail.com URL: http://localhost:3000/auth/login 
16:12:12.339 [main] DEBUG com.jayway.jsonpath.internal.path.CompiledPath -- Evaluating path: $
16:12:12.339 [main] INFO com.intuit.karate -- [print] *** SENDING REQUEST *** Body: {
  "email": "#(email)",
  "password": "#(password)"
}
 
16:12:12.339 [main] DEBUG org.apache.http.client.protocol.RequestAddCookies -- CookieSpec selected: karate
16:12:12.340 [main] DEBUG org.apache.http.client.protocol.RequestAuthCache -- Auth cache not set in the context
16:12:12.340 [main] DEBUG com.intuit.karate -- request:
1 > POST http://localhost:3000/auth/login
1 > Content-Type: application/json; charset=UTF-8
1 > Content-Length: 54
1 > Host: localhost:3000
1 > Connection: Keep-Alive
1 > User-Agent: Apache-HttpClient/4.5.14 (Java/17.0.9)
1 > Accept-Encoding: gzip,deflate
{"email":"testit4@gmail.com","password":"Password123"}

16:12:12.340 [main] DEBUG org.apache.http.impl.conn.PoolingHttpClientConnectionManager -- Connection request: [route: {}->http://localhost:3000][total available: 0; route allocated: 0 of 5; total allocated: 0 of 10]
16:12:12.340 [main] DEBUG org.apache.http.impl.conn.PoolingHttpClientConnectionManager -- Connection leased: [id: 35][route: {}->http://localhost:3000][total available: 0; route allocated: 1 of 5; total allocated: 1 of 10]
16:12:12.340 [main] DEBUG org.apache.http.impl.execchain.MainClientExec -- Opening connection {}->http://localhost:3000
16:12:12.340 [main] DEBUG org.apache.http.impl.conn.DefaultHttpClientConnectionOperator -- Connecting to localhost/127.0.0.1:3000
16:12:12.340 [main] DEBUG org.apache.http.impl.conn.DefaultHttpClientConnectionOperator -- Connection established 127.0.0.1:51079<->127.0.0.1:3000
16:12:12.340 [main] DEBUG org.apache.http.impl.conn.DefaultManagedHttpClientConnection -- http-outgoing-35: set socket timeout to 30000
16:12:12.340 [main] DEBUG org.apache.http.impl.execchain.MainClientExec -- Executing request POST /auth/login HTTP/1.1
16:12:12.340 [main] DEBUG org.apache.http.impl.execchain.MainClientExec -- Target auth state: UNCHALLENGED
16:12:12.340 [main] DEBUG org.apache.http.impl.execchain.MainClientExec -- Proxy auth state: UNCHALLENGED
16:12:12.340 [main] DEBUG org.apache.http.headers -- http-outgoing-35 >> POST /auth/login HTTP/1.1
16:12:12.340 [main] DEBUG org.apache.http.headers -- http-outgoing-35 >> Content-Type: application/json; charset=UTF-8
16:12:12.340 [main] DEBUG org.apache.http.headers -- http-outgoing-35 >> Content-Length: 54
16:12:12.340 [main] DEBUG org.apache.http.headers -- http-outgoing-35 >> Host: localhost:3000
16:12:12.340 [main] DEBUG org.apache.http.headers -- http-outgoing-35 >> Connection: Keep-Alive
16:12:12.340 [main] DEBUG org.apache.http.headers -- http-outgoing-35 >> User-Agent: Apache-HttpClient/4.5.14 (Java/17.0.9)
16:12:12.340 [main] DEBUG org.apache.http.headers -- http-outgoing-35 >> Accept-Encoding: gzip,deflate
16:12:12.340 [main] DEBUG org.apache.http.wire -- http-outgoing-35 >> "POST /auth/login HTTP/1.1[\r][\n]"
16:12:12.340 [main] DEBUG org.apache.http.wire -- http-outgoing-35 >> "Content-Type: application/json; charset=UTF-8[\r][\n]"
16:12:12.340 [main] DEBUG org.apache.http.wire -- http-outgoing-35 >> "Content-Length: 54[\r][\n]"
16:12:12.340 [main] DEBUG org.apache.http.wire -- http-outgoing-35 >> "Host: localhost:3000[\r][\n]"
16:12:12.340 [main] DEBUG org.apache.http.wire -- http-outgoing-35 >> "Connection: Keep-Alive[\r][\n]"
16:12:12.341 [main] DEBUG org.apache.http.wire -- http-outgoing-35 >> "User-Agent: Apache-HttpClient/4.5.14 (Java/17.0.9)[\r][\n]"
16:12:12.341 [main] DEBUG org.apache.http.wire -- http-outgoing-35 >> "Accept-Encoding: gzip,deflate[\r][\n]"
16:12:12.341 [main] DEBUG org.apache.http.wire -- http-outgoing-35 >> "[\r][\n]"
16:12:12.341 [main] DEBUG org.apache.http.wire -- http-outgoing-35 >> "{"email":"testit4@gmail.com","password":"Password123"}"
16:12:12.609 [main] DEBUG org.apache.http.wire -- http-outgoing-35 << "HTTP/1.1 200 OK[\r][\n]"
16:12:12.609 [main] DEBUG org.apache.http.wire -- http-outgoing-35 << "X-Powered-By: Express[\r][\n]"
16:12:12.609 [main] DEBUG org.apache.http.wire -- http-outgoing-35 << "Access-Control-Allow-Origin: *[\r][\n]"
16:12:12.609 [main] DEBUG org.apache.http.wire -- http-outgoing-35 << "Content-Type: application/json; charset=utf-8[\r][\n]"
16:12:12.609 [main] DEBUG org.apache.http.wire -- http-outgoing-35 << "Content-Length: 607[\r][\n]"
16:12:12.609 [main] DEBUG org.apache.http.wire -- http-outgoing-35 << "ETag: W/"25f-QbMR6FFUgFSeifbvIQqrOu6HiUQ"[\r][\n]"
16:12:12.609 [main] DEBUG org.apache.http.wire -- http-outgoing-35 << "Date: Tue, 24 Jun 2025 09:12:12 GMT[\r][\n]"
16:12:12.609 [main] DEBUG org.apache.http.wire -- http-outgoing-35 << "Connection: keep-alive[\r][\n]"
16:12:12.609 [main] DEBUG org.apache.http.wire -- http-outgoing-35 << "Keep-Alive: timeout=5[\r][\n]"
16:12:12.609 [main] DEBUG org.apache.http.wire -- http-outgoing-35 << "[\r][\n]"
16:12:12.609 [main] DEBUG org.apache.http.wire -- http-outgoing-35 << "{"access_token":"eyJhbGciOiJIUzI1NiIsInR5cCI6IkpXVCJ9.eyJzdWIiOiI5YTI2OTc2Yy0xNTMyLTRkZjMtYTE2ZS03NjMxNTI1Yzg1MDIiLCJ1c2VybmFtZSI6ImpvaG5kb2UyZDUiLCJyb2xlIjowLCJpYXQiOjE3NTA3NTYzMzIsImV4cCI6MTc1MDc1OTkzMn0.24ksQ77_8fFdHu8_lZle5qOZLSR3JjINX67lvsR-GkA","refresh_token":"4251a856ece27770192c96b3f68d66ad8ee3c31bf8ffcf1609821dbc555862d4","user":{"id":"9a26976c-1532-4df3-a16e-7631525c8502","email":"testit4@gmail.com","username":"johndoe2d5","name":"John Doe","phoneNumber":"0123456212","profilePic":null,"bio":null,"private":false,"verified":false,"role":0,"followersCount":0,"followingCount":0,"postCount":0}}"
16:12:12.610 [main] DEBUG org.apache.http.headers -- http-outgoing-35 << HTTP/1.1 200 OK
16:12:12.610 [main] DEBUG org.apache.http.headers -- http-outgoing-35 << X-Powered-By: Express
16:12:12.610 [main] DEBUG org.apache.http.headers -- http-outgoing-35 << Access-Control-Allow-Origin: *
16:12:12.610 [main] DEBUG org.apache.http.headers -- http-outgoing-35 << Content-Type: application/json; charset=utf-8
16:12:12.610 [main] DEBUG org.apache.http.headers -- http-outgoing-35 << Content-Length: 607
16:12:12.610 [main] DEBUG org.apache.http.headers -- http-outgoing-35 << ETag: W/"25f-QbMR6FFUgFSeifbvIQqrOu6HiUQ"
16:12:12.610 [main] DEBUG org.apache.http.headers -- http-outgoing-35 << Date: Tue, 24 Jun 2025 09:12:12 GMT
16:12:12.610 [main] DEBUG org.apache.http.headers -- http-outgoing-35 << Connection: keep-alive
16:12:12.610 [main] DEBUG org.apache.http.headers -- http-outgoing-35 << Keep-Alive: timeout=5
16:12:12.610 [main] DEBUG org.apache.http.impl.execchain.MainClientExec -- Connection can be kept alive for 5000 MILLISECONDS
16:12:12.610 [main] DEBUG org.apache.http.impl.conn.PoolingHttpClientConnectionManager -- Connection [id: 35][route: {}->http://localhost:3000] can be kept alive for 5.0 seconds
16:12:12.610 [main] DEBUG org.apache.http.impl.conn.DefaultManagedHttpClientConnection -- http-outgoing-35: set socket timeout to 0
16:12:12.610 [main] DEBUG org.apache.http.impl.conn.PoolingHttpClientConnectionManager -- Connection released: [id: 35][route: {}->http://localhost:3000][total available: 1; route allocated: 1 of 5; total allocated: 1 of 10]
16:12:12.610 [main] DEBUG org.apache.http.impl.conn.PoolingHttpClientConnectionManager -- Connection manager is shutting down
16:12:12.610 [main] DEBUG org.apache.http.impl.conn.DefaultManagedHttpClientConnection -- http-outgoing-35: Close connection
16:12:12.610 [main] DEBUG org.apache.http.impl.conn.PoolingHttpClientConnectionManager -- Connection manager shut down
16:12:12.610 [main] DEBUG com.intuit.karate -- response time in milliseconds: 270
1 < 200
1 < X-Powered-By: Express
1 < Access-Control-Allow-Origin: *
1 < Content-Type: application/json; charset=utf-8
1 < Content-Length: 607
1 < ETag: W/"25f-QbMR6FFUgFSeifbvIQqrOu6HiUQ"
1 < Date: Tue, 24 Jun 2025 09:12:12 GMT
1 < Connection: keep-alive
1 < Keep-Alive: timeout=5
{"access_token":"eyJhbGciOiJIUzI1NiIsInR5cCI6IkpXVCJ9.eyJzdWIiOiI5YTI2OTc2Yy0xNTMyLTRkZjMtYTE2ZS03NjMxNTI1Yzg1MDIiLCJ1c2VybmFtZSI6ImpvaG5kb2UyZDUiLCJyb2xlIjowLCJpYXQiOjE3NTA3NTYzMzIsImV4cCI6MTc1MDc1OTkzMn0.24ksQ77_8fFdHu8_lZle5qOZLSR3JjINX67lvsR-GkA","refresh_token":"4251a856ece27770192c96b3f68d66ad8ee3c31bf8ffcf1609821dbc555862d4","user":{"id":"9a26976c-1532-4df3-a16e-7631525c8502","email":"testit4@gmail.com","username":"johndoe2d5","name":"John Doe","phoneNumber":"0123456212","profilePic":null,"bio":null,"private":false,"verified":false,"role":0,"followersCount":0,"followingCount":0,"postCount":0}}

16:12:12.611 [main] INFO com.intuit.karate -- [print] *** AFTER API CALL *** Status: 200 
16:12:12.612 [main] INFO com.intuit.karate -- [print] ### API CALL COMPLETED ### Email: testit4@gmail.com Status: 200 
16:12:12.612 [main] INFO com.intuit.karate -- [print] ### RESPONSE BODY ### {
  "access_token": "eyJhbGciOiJIUzI1NiIsInR5cCI6IkpXVCJ9.eyJzdWIiOiI5YTI2OTc2Yy0xNTMyLTRkZjMtYTE2ZS03NjMxNTI1Yzg1MDIiLCJ1c2VybmFtZSI6ImpvaG5kb2UyZDUiLCJyb2xlIjowLCJpYXQiOjE3NTA3NTYzMzIsImV4cCI6MTc1MDc1OTkzMn0.24ksQ77_8fFdHu8_lZle5qOZLSR3JjINX67lvsR-GkA",
  "refresh_token": "4251a856ece27770192c96b3f68d66ad8ee3c31bf8ffcf1609821dbc555862d4",
  "user": {
    "id": "9a26976c-1532-4df3-a16e-7631525c8502",
    "email": "testit4@gmail.com",
    "username": "johndoe2d5",
    "name": "John Doe",
    "phoneNumber": "0123456212",
    "profilePic": null,
    "bio": null,
    "private": false,
    "verified": false,
    "role": 0,
    "followersCount": 0,
    "followingCount": 0,
    "postCount": 0
  }
}
 
16:12:12.614 [main] INFO com.intuit.karate -- Request #36 completed - Status: 200 Time: 279ms 
16:12:12.615 [main] INFO com.intuit.karate -- *** SEQUENTIAL REQUEST #37 *** 
16:12:12.615 [main] INFO com.intuit.karate -- User: testit3@gmail.com 
16:12:12.619 [main] INFO com.intuit.karate -- [print] *** BEFORE API CALL *** Email: testit3@gmail.com URL: http://localhost:3000/auth/login 
16:12:12.620 [main] DEBUG com.jayway.jsonpath.internal.path.CompiledPath -- Evaluating path: $
16:12:12.620 [main] INFO com.intuit.karate -- [print] *** SENDING REQUEST *** Body: {
  "email": "#(email)",
  "password": "#(password)"
}
 
16:12:12.621 [main] DEBUG org.apache.http.client.protocol.RequestAddCookies -- CookieSpec selected: karate
16:12:12.621 [main] DEBUG org.apache.http.client.protocol.RequestAuthCache -- Auth cache not set in the context
16:12:12.621 [main] DEBUG com.intuit.karate -- request:
1 > POST http://localhost:3000/auth/login
1 > Content-Type: application/json; charset=UTF-8
1 > Content-Length: 54
1 > Host: localhost:3000
1 > Connection: Keep-Alive
1 > User-Agent: Apache-HttpClient/4.5.14 (Java/17.0.9)
1 > Accept-Encoding: gzip,deflate
{"email":"testit3@gmail.com","password":"Password123"}

16:12:12.621 [main] DEBUG org.apache.http.impl.conn.PoolingHttpClientConnectionManager -- Connection request: [route: {}->http://localhost:3000][total available: 0; route allocated: 0 of 5; total allocated: 0 of 10]
16:12:12.621 [main] DEBUG org.apache.http.impl.conn.PoolingHttpClientConnectionManager -- Connection leased: [id: 36][route: {}->http://localhost:3000][total available: 0; route allocated: 1 of 5; total allocated: 1 of 10]
16:12:12.621 [main] DEBUG org.apache.http.impl.execchain.MainClientExec -- Opening connection {}->http://localhost:3000
16:12:12.622 [main] DEBUG org.apache.http.impl.conn.DefaultHttpClientConnectionOperator -- Connecting to localhost/127.0.0.1:3000
16:12:12.622 [main] DEBUG org.apache.http.impl.conn.DefaultHttpClientConnectionOperator -- Connection established 127.0.0.1:51080<->127.0.0.1:3000
16:12:12.622 [main] DEBUG org.apache.http.impl.conn.DefaultManagedHttpClientConnection -- http-outgoing-36: set socket timeout to 30000
16:12:12.622 [main] DEBUG org.apache.http.impl.execchain.MainClientExec -- Executing request POST /auth/login HTTP/1.1
16:12:12.622 [main] DEBUG org.apache.http.impl.execchain.MainClientExec -- Target auth state: UNCHALLENGED
16:12:12.622 [main] DEBUG org.apache.http.impl.execchain.MainClientExec -- Proxy auth state: UNCHALLENGED
16:12:12.622 [main] DEBUG org.apache.http.headers -- http-outgoing-36 >> POST /auth/login HTTP/1.1
16:12:12.622 [main] DEBUG org.apache.http.headers -- http-outgoing-36 >> Content-Type: application/json; charset=UTF-8
16:12:12.622 [main] DEBUG org.apache.http.headers -- http-outgoing-36 >> Content-Length: 54
16:12:12.622 [main] DEBUG org.apache.http.headers -- http-outgoing-36 >> Host: localhost:3000
16:12:12.622 [main] DEBUG org.apache.http.headers -- http-outgoing-36 >> Connection: Keep-Alive
16:12:12.622 [main] DEBUG org.apache.http.headers -- http-outgoing-36 >> User-Agent: Apache-HttpClient/4.5.14 (Java/17.0.9)
16:12:12.622 [main] DEBUG org.apache.http.headers -- http-outgoing-36 >> Accept-Encoding: gzip,deflate
16:12:12.622 [main] DEBUG org.apache.http.wire -- http-outgoing-36 >> "POST /auth/login HTTP/1.1[\r][\n]"
16:12:12.622 [main] DEBUG org.apache.http.wire -- http-outgoing-36 >> "Content-Type: application/json; charset=UTF-8[\r][\n]"
16:12:12.622 [main] DEBUG org.apache.http.wire -- http-outgoing-36 >> "Content-Length: 54[\r][\n]"
16:12:12.622 [main] DEBUG org.apache.http.wire -- http-outgoing-36 >> "Host: localhost:3000[\r][\n]"
16:12:12.622 [main] DEBUG org.apache.http.wire -- http-outgoing-36 >> "Connection: Keep-Alive[\r][\n]"
16:12:12.622 [main] DEBUG org.apache.http.wire -- http-outgoing-36 >> "User-Agent: Apache-HttpClient/4.5.14 (Java/17.0.9)[\r][\n]"
16:12:12.622 [main] DEBUG org.apache.http.wire -- http-outgoing-36 >> "Accept-Encoding: gzip,deflate[\r][\n]"
16:12:12.622 [main] DEBUG org.apache.http.wire -- http-outgoing-36 >> "[\r][\n]"
16:12:12.622 [main] DEBUG org.apache.http.wire -- http-outgoing-36 >> "{"email":"testit3@gmail.com","password":"Password123"}"
16:12:12.906 [main] DEBUG org.apache.http.wire -- http-outgoing-36 << "HTTP/1.1 200 OK[\r][\n]"
16:12:12.906 [main] DEBUG org.apache.http.wire -- http-outgoing-36 << "X-Powered-By: Express[\r][\n]"
16:12:12.906 [main] DEBUG org.apache.http.wire -- http-outgoing-36 << "Access-Control-Allow-Origin: *[\r][\n]"
16:12:12.906 [main] DEBUG org.apache.http.wire -- http-outgoing-36 << "Content-Type: application/json; charset=utf-8[\r][\n]"
16:12:12.906 [main] DEBUG org.apache.http.wire -- http-outgoing-36 << "Content-Length: 605[\r][\n]"
16:12:12.906 [main] DEBUG org.apache.http.wire -- http-outgoing-36 << "ETag: W/"25d-dRQ8y+ySV5h+D65ZRFfPs0T+oBY"[\r][\n]"
16:12:12.906 [main] DEBUG org.apache.http.wire -- http-outgoing-36 << "Date: Tue, 24 Jun 2025 09:12:12 GMT[\r][\n]"
16:12:12.906 [main] DEBUG org.apache.http.wire -- http-outgoing-36 << "Connection: keep-alive[\r][\n]"
16:12:12.906 [main] DEBUG org.apache.http.wire -- http-outgoing-36 << "Keep-Alive: timeout=5[\r][\n]"
16:12:12.906 [main] DEBUG org.apache.http.wire -- http-outgoing-36 << "[\r][\n]"
16:12:12.906 [main] DEBUG org.apache.http.wire -- http-outgoing-36 << "{"access_token":"eyJhbGciOiJIUzI1NiIsInR5cCI6IkpXVCJ9.eyJzdWIiOiI2NTBjZTFlZC1hYWNhLTQzOGYtOTk4OC0xZjA1OGFiNWFhMWEiLCJ1c2VybmFtZSI6ImpvaG5kb2UyNSIsInJvbGUiOjAsImlhdCI6MTc1MDc1NjMzMiwiZXhwIjoxNzUwNzU5OTMyfQ.tUATTODRX4LqFhWMH_IVaKqvgXDgY-lYPxuCdImANpY","refresh_token":"2c18b9f43986bc0869ad5baef007e56386c3f47e60df00355756d7ffed3dac46","user":{"id":"650ce1ed-aaca-438f-9988-1f058ab5aa1a","email":"testit3@gmail.com","username":"johndoe25","name":"John Doe","phoneNumber":"0123456713","profilePic":null,"bio":null,"private":false,"verified":false,"role":0,"followersCount":0,"followingCount":0,"postCount":0}}"
16:12:12.906 [main] DEBUG org.apache.http.headers -- http-outgoing-36 << HTTP/1.1 200 OK
16:12:12.906 [main] DEBUG org.apache.http.headers -- http-outgoing-36 << X-Powered-By: Express
16:12:12.906 [main] DEBUG org.apache.http.headers -- http-outgoing-36 << Access-Control-Allow-Origin: *
16:12:12.906 [main] DEBUG org.apache.http.headers -- http-outgoing-36 << Content-Type: application/json; charset=utf-8
16:12:12.906 [main] DEBUG org.apache.http.headers -- http-outgoing-36 << Content-Length: 605
16:12:12.906 [main] DEBUG org.apache.http.headers -- http-outgoing-36 << ETag: W/"25d-dRQ8y+ySV5h+D65ZRFfPs0T+oBY"
16:12:12.906 [main] DEBUG org.apache.http.headers -- http-outgoing-36 << Date: Tue, 24 Jun 2025 09:12:12 GMT
16:12:12.906 [main] DEBUG org.apache.http.headers -- http-outgoing-36 << Connection: keep-alive
16:12:12.907 [main] DEBUG org.apache.http.headers -- http-outgoing-36 << Keep-Alive: timeout=5
16:12:12.907 [main] DEBUG org.apache.http.impl.execchain.MainClientExec -- Connection can be kept alive for 5000 MILLISECONDS
16:12:12.907 [main] DEBUG org.apache.http.impl.conn.PoolingHttpClientConnectionManager -- Connection [id: 36][route: {}->http://localhost:3000] can be kept alive for 5.0 seconds
16:12:12.907 [main] DEBUG org.apache.http.impl.conn.DefaultManagedHttpClientConnection -- http-outgoing-36: set socket timeout to 0
16:12:12.907 [main] DEBUG org.apache.http.impl.conn.PoolingHttpClientConnectionManager -- Connection released: [id: 36][route: {}->http://localhost:3000][total available: 1; route allocated: 1 of 5; total allocated: 1 of 10]
16:12:12.907 [main] DEBUG org.apache.http.impl.conn.PoolingHttpClientConnectionManager -- Connection manager is shutting down
16:12:12.907 [main] DEBUG org.apache.http.impl.conn.DefaultManagedHttpClientConnection -- http-outgoing-36: Close connection
16:12:12.907 [main] DEBUG org.apache.http.impl.conn.PoolingHttpClientConnectionManager -- Connection manager shut down
16:12:12.907 [main] DEBUG com.intuit.karate -- response time in milliseconds: 286
1 < 200
1 < X-Powered-By: Express
1 < Access-Control-Allow-Origin: *
1 < Content-Type: application/json; charset=utf-8
1 < Content-Length: 605
1 < ETag: W/"25d-dRQ8y+ySV5h+D65ZRFfPs0T+oBY"
1 < Date: Tue, 24 Jun 2025 09:12:12 GMT
1 < Connection: keep-alive
1 < Keep-Alive: timeout=5
{"access_token":"eyJhbGciOiJIUzI1NiIsInR5cCI6IkpXVCJ9.eyJzdWIiOiI2NTBjZTFlZC1hYWNhLTQzOGYtOTk4OC0xZjA1OGFiNWFhMWEiLCJ1c2VybmFtZSI6ImpvaG5kb2UyNSIsInJvbGUiOjAsImlhdCI6MTc1MDc1NjMzMiwiZXhwIjoxNzUwNzU5OTMyfQ.tUATTODRX4LqFhWMH_IVaKqvgXDgY-lYPxuCdImANpY","refresh_token":"2c18b9f43986bc0869ad5baef007e56386c3f47e60df00355756d7ffed3dac46","user":{"id":"650ce1ed-aaca-438f-9988-1f058ab5aa1a","email":"testit3@gmail.com","username":"johndoe25","name":"John Doe","phoneNumber":"0123456713","profilePic":null,"bio":null,"private":false,"verified":false,"role":0,"followersCount":0,"followingCount":0,"postCount":0}}

16:12:12.909 [main] INFO com.intuit.karate -- [print] *** AFTER API CALL *** Status: 200 
16:12:12.909 [main] INFO com.intuit.karate -- [print] ### API CALL COMPLETED ### Email: testit3@gmail.com Status: 200 
16:12:12.909 [main] INFO com.intuit.karate -- [print] ### RESPONSE BODY ### {
  "access_token": "eyJhbGciOiJIUzI1NiIsInR5cCI6IkpXVCJ9.eyJzdWIiOiI2NTBjZTFlZC1hYWNhLTQzOGYtOTk4OC0xZjA1OGFiNWFhMWEiLCJ1c2VybmFtZSI6ImpvaG5kb2UyNSIsInJvbGUiOjAsImlhdCI6MTc1MDc1NjMzMiwiZXhwIjoxNzUwNzU5OTMyfQ.tUATTODRX4LqFhWMH_IVaKqvgXDgY-lYPxuCdImANpY",
  "refresh_token": "2c18b9f43986bc0869ad5baef007e56386c3f47e60df00355756d7ffed3dac46",
  "user": {
    "id": "650ce1ed-aaca-438f-9988-1f058ab5aa1a",
    "email": "testit3@gmail.com",
    "username": "johndoe25",
    "name": "John Doe",
    "phoneNumber": "0123456713",
    "profilePic": null,
    "bio": null,
    "private": false,
    "verified": false,
    "role": 0,
    "followersCount": 0,
    "followingCount": 0,
    "postCount": 0
  }
}
 
16:12:12.910 [main] INFO com.intuit.karate -- Request #37 completed - Status: 200 Time: 295ms 
16:12:12.910 [main] INFO com.intuit.karate -- *** SEQUENTIAL REQUEST #38 *** 
16:12:12.910 [main] INFO com.intuit.karate -- User: testit5@gmail.com 
16:12:12.913 [main] INFO com.intuit.karate -- [print] *** BEFORE API CALL *** Email: testit5@gmail.com URL: http://localhost:3000/auth/login 
16:12:12.913 [main] DEBUG com.jayway.jsonpath.internal.path.CompiledPath -- Evaluating path: $
16:12:12.913 [main] INFO com.intuit.karate -- [print] *** SENDING REQUEST *** Body: {
  "email": "#(email)",
  "password": "#(password)"
}
 
16:12:12.915 [main] DEBUG org.apache.http.client.protocol.RequestAddCookies -- CookieSpec selected: karate
16:12:12.915 [main] DEBUG org.apache.http.client.protocol.RequestAuthCache -- Auth cache not set in the context
16:12:12.915 [main] DEBUG com.intuit.karate -- request:
1 > POST http://localhost:3000/auth/login
1 > Content-Type: application/json; charset=UTF-8
1 > Content-Length: 54
1 > Host: localhost:3000
1 > Connection: Keep-Alive
1 > User-Agent: Apache-HttpClient/4.5.14 (Java/17.0.9)
1 > Accept-Encoding: gzip,deflate
{"email":"testit5@gmail.com","password":"Password123"}

16:12:12.915 [main] DEBUG org.apache.http.impl.conn.PoolingHttpClientConnectionManager -- Connection request: [route: {}->http://localhost:3000][total available: 0; route allocated: 0 of 5; total allocated: 0 of 10]
16:12:12.915 [main] DEBUG org.apache.http.impl.conn.PoolingHttpClientConnectionManager -- Connection leased: [id: 37][route: {}->http://localhost:3000][total available: 0; route allocated: 1 of 5; total allocated: 1 of 10]
16:12:12.915 [main] DEBUG org.apache.http.impl.execchain.MainClientExec -- Opening connection {}->http://localhost:3000
16:12:12.915 [main] DEBUG org.apache.http.impl.conn.DefaultHttpClientConnectionOperator -- Connecting to localhost/127.0.0.1:3000
16:12:12.915 [main] DEBUG org.apache.http.impl.conn.DefaultHttpClientConnectionOperator -- Connection established 127.0.0.1:51081<->127.0.0.1:3000
16:12:12.915 [main] DEBUG org.apache.http.impl.conn.DefaultManagedHttpClientConnection -- http-outgoing-37: set socket timeout to 30000
16:12:12.915 [main] DEBUG org.apache.http.impl.execchain.MainClientExec -- Executing request POST /auth/login HTTP/1.1
16:12:12.915 [main] DEBUG org.apache.http.impl.execchain.MainClientExec -- Target auth state: UNCHALLENGED
16:12:12.915 [main] DEBUG org.apache.http.impl.execchain.MainClientExec -- Proxy auth state: UNCHALLENGED
16:12:12.915 [main] DEBUG org.apache.http.headers -- http-outgoing-37 >> POST /auth/login HTTP/1.1
16:12:12.915 [main] DEBUG org.apache.http.headers -- http-outgoing-37 >> Content-Type: application/json; charset=UTF-8
16:12:12.915 [main] DEBUG org.apache.http.headers -- http-outgoing-37 >> Content-Length: 54
16:12:12.915 [main] DEBUG org.apache.http.headers -- http-outgoing-37 >> Host: localhost:3000
16:12:12.916 [main] DEBUG org.apache.http.headers -- http-outgoing-37 >> Connection: Keep-Alive
16:12:12.916 [main] DEBUG org.apache.http.headers -- http-outgoing-37 >> User-Agent: Apache-HttpClient/4.5.14 (Java/17.0.9)
16:12:12.916 [main] DEBUG org.apache.http.headers -- http-outgoing-37 >> Accept-Encoding: gzip,deflate
16:12:12.916 [main] DEBUG org.apache.http.wire -- http-outgoing-37 >> "POST /auth/login HTTP/1.1[\r][\n]"
16:12:12.916 [main] DEBUG org.apache.http.wire -- http-outgoing-37 >> "Content-Type: application/json; charset=UTF-8[\r][\n]"
16:12:12.916 [main] DEBUG org.apache.http.wire -- http-outgoing-37 >> "Content-Length: 54[\r][\n]"
16:12:12.916 [main] DEBUG org.apache.http.wire -- http-outgoing-37 >> "Host: localhost:3000[\r][\n]"
16:12:12.916 [main] DEBUG org.apache.http.wire -- http-outgoing-37 >> "Connection: Keep-Alive[\r][\n]"
16:12:12.916 [main] DEBUG org.apache.http.wire -- http-outgoing-37 >> "User-Agent: Apache-HttpClient/4.5.14 (Java/17.0.9)[\r][\n]"
16:12:12.916 [main] DEBUG org.apache.http.wire -- http-outgoing-37 >> "Accept-Encoding: gzip,deflate[\r][\n]"
16:12:12.916 [main] DEBUG org.apache.http.wire -- http-outgoing-37 >> "[\r][\n]"
16:12:12.916 [main] DEBUG org.apache.http.wire -- http-outgoing-37 >> "{"email":"testit5@gmail.com","password":"Password123"}"
16:12:13.181 [main] DEBUG org.apache.http.wire -- http-outgoing-37 << "HTTP/1.1 200 OK[\r][\n]"
16:12:13.181 [main] DEBUG org.apache.http.wire -- http-outgoing-37 << "X-Powered-By: Express[\r][\n]"
16:12:13.181 [main] DEBUG org.apache.http.wire -- http-outgoing-37 << "Access-Control-Allow-Origin: *[\r][\n]"
16:12:13.181 [main] DEBUG org.apache.http.wire -- http-outgoing-37 << "Content-Type: application/json; charset=utf-8[\r][\n]"
16:12:13.181 [main] DEBUG org.apache.http.wire -- http-outgoing-37 << "Content-Length: 609[\r][\n]"
16:12:13.181 [main] DEBUG org.apache.http.wire -- http-outgoing-37 << "ETag: W/"261-6458RFpYMnL0OVTx/s7TDBh1EPA"[\r][\n]"
16:12:13.181 [main] DEBUG org.apache.http.wire -- http-outgoing-37 << "Date: Tue, 24 Jun 2025 09:12:13 GMT[\r][\n]"
16:12:13.181 [main] DEBUG org.apache.http.wire -- http-outgoing-37 << "Connection: keep-alive[\r][\n]"
16:12:13.181 [main] DEBUG org.apache.http.wire -- http-outgoing-37 << "Keep-Alive: timeout=5[\r][\n]"
16:12:13.181 [main] DEBUG org.apache.http.wire -- http-outgoing-37 << "[\r][\n]"
16:12:13.181 [main] DEBUG org.apache.http.wire -- http-outgoing-37 << "{"access_token":"eyJhbGciOiJIUzI1NiIsInR5cCI6IkpXVCJ9.eyJzdWIiOiIyNzJmNmI1NS01MTc5LTRhZTMtODU2My1iNGVjMTBmNzY3MTUiLCJ1c2VybmFtZSI6ImpvaG5kb2UyZDVkIiwicm9sZSI6MCwiaWF0IjoxNzUwNzU2MzMzLCJleHAiOjE3NTA3NTk5MzN9.63h5-J9Jz6D6HXQqb8974Zxn3HxkATGpmqglG-Ik-j0","refresh_token":"6ba5a05eb93887c4ad15e6f4acbd7a14dfa69bb2c484631fbdf323450cf700b3","user":{"id":"272f6b55-5179-4ae3-8563-b4ec10f76715","email":"testit5@gmail.com","username":"johndoe2d5d","name":"John Doe","phoneNumber":"0123456132","profilePic":null,"bio":null,"private":false,"verified":false,"role":0,"followersCount":0,"followingCount":0,"postCount":0}}"
16:12:13.181 [main] DEBUG org.apache.http.headers -- http-outgoing-37 << HTTP/1.1 200 OK
16:12:13.181 [main] DEBUG org.apache.http.headers -- http-outgoing-37 << X-Powered-By: Express
16:12:13.181 [main] DEBUG org.apache.http.headers -- http-outgoing-37 << Access-Control-Allow-Origin: *
16:12:13.181 [main] DEBUG org.apache.http.headers -- http-outgoing-37 << Content-Type: application/json; charset=utf-8
16:12:13.181 [main] DEBUG org.apache.http.headers -- http-outgoing-37 << Content-Length: 609
16:12:13.181 [main] DEBUG org.apache.http.headers -- http-outgoing-37 << ETag: W/"261-6458RFpYMnL0OVTx/s7TDBh1EPA"
16:12:13.181 [main] DEBUG org.apache.http.headers -- http-outgoing-37 << Date: Tue, 24 Jun 2025 09:12:13 GMT
16:12:13.181 [main] DEBUG org.apache.http.headers -- http-outgoing-37 << Connection: keep-alive
16:12:13.181 [main] DEBUG org.apache.http.headers -- http-outgoing-37 << Keep-Alive: timeout=5
16:12:13.181 [main] DEBUG org.apache.http.impl.execchain.MainClientExec -- Connection can be kept alive for 5000 MILLISECONDS
16:12:13.181 [main] DEBUG org.apache.http.impl.conn.PoolingHttpClientConnectionManager -- Connection [id: 37][route: {}->http://localhost:3000] can be kept alive for 5.0 seconds
16:12:13.181 [main] DEBUG org.apache.http.impl.conn.DefaultManagedHttpClientConnection -- http-outgoing-37: set socket timeout to 0
16:12:13.181 [main] DEBUG org.apache.http.impl.conn.PoolingHttpClientConnectionManager -- Connection released: [id: 37][route: {}->http://localhost:3000][total available: 1; route allocated: 1 of 5; total allocated: 1 of 10]
16:12:13.181 [main] DEBUG org.apache.http.impl.conn.PoolingHttpClientConnectionManager -- Connection manager is shutting down
16:12:13.181 [main] DEBUG org.apache.http.impl.conn.DefaultManagedHttpClientConnection -- http-outgoing-37: Close connection
16:12:13.181 [main] DEBUG org.apache.http.impl.conn.PoolingHttpClientConnectionManager -- Connection manager shut down
16:12:13.183 [main] DEBUG com.intuit.karate -- response time in milliseconds: 266
1 < 200
1 < X-Powered-By: Express
1 < Access-Control-Allow-Origin: *
1 < Content-Type: application/json; charset=utf-8
1 < Content-Length: 609
1 < ETag: W/"261-6458RFpYMnL0OVTx/s7TDBh1EPA"
1 < Date: Tue, 24 Jun 2025 09:12:13 GMT
1 < Connection: keep-alive
1 < Keep-Alive: timeout=5
{"access_token":"eyJhbGciOiJIUzI1NiIsInR5cCI6IkpXVCJ9.eyJzdWIiOiIyNzJmNmI1NS01MTc5LTRhZTMtODU2My1iNGVjMTBmNzY3MTUiLCJ1c2VybmFtZSI6ImpvaG5kb2UyZDVkIiwicm9sZSI6MCwiaWF0IjoxNzUwNzU2MzMzLCJleHAiOjE3NTA3NTk5MzN9.63h5-J9Jz6D6HXQqb8974Zxn3HxkATGpmqglG-Ik-j0","refresh_token":"6ba5a05eb93887c4ad15e6f4acbd7a14dfa69bb2c484631fbdf323450cf700b3","user":{"id":"272f6b55-5179-4ae3-8563-b4ec10f76715","email":"testit5@gmail.com","username":"johndoe2d5d","name":"John Doe","phoneNumber":"0123456132","profilePic":null,"bio":null,"private":false,"verified":false,"role":0,"followersCount":0,"followingCount":0,"postCount":0}}

16:12:13.183 [main] INFO com.intuit.karate -- [print] *** AFTER API CALL *** Status: 200 
16:12:13.184 [main] INFO com.intuit.karate -- [print] ### API CALL COMPLETED ### Email: testit5@gmail.com Status: 200 
16:12:13.184 [main] INFO com.intuit.karate -- [print] ### RESPONSE BODY ### {
  "access_token": "eyJhbGciOiJIUzI1NiIsInR5cCI6IkpXVCJ9.eyJzdWIiOiIyNzJmNmI1NS01MTc5LTRhZTMtODU2My1iNGVjMTBmNzY3MTUiLCJ1c2VybmFtZSI6ImpvaG5kb2UyZDVkIiwicm9sZSI6MCwiaWF0IjoxNzUwNzU2MzMzLCJleHAiOjE3NTA3NTk5MzN9.63h5-J9Jz6D6HXQqb8974Zxn3HxkATGpmqglG-Ik-j0",
  "refresh_token": "6ba5a05eb93887c4ad15e6f4acbd7a14dfa69bb2c484631fbdf323450cf700b3",
  "user": {
    "id": "272f6b55-5179-4ae3-8563-b4ec10f76715",
    "email": "testit5@gmail.com",
    "username": "johndoe2d5d",
    "name": "John Doe",
    "phoneNumber": "0123456132",
    "profilePic": null,
    "bio": null,
    "private": false,
    "verified": false,
    "role": 0,
    "followersCount": 0,
    "followingCount": 0,
    "postCount": 0
  }
}
 
16:12:13.184 [main] INFO com.intuit.karate -- Request #38 completed - Status: 200 Time: 274ms 
16:12:13.186 [main] INFO com.intuit.karate -- *** SEQUENTIAL REQUEST #39 *** 
16:12:13.186 [main] INFO com.intuit.karate -- User: testit@gmail.com 
16:12:13.191 [main] INFO com.intuit.karate -- [print] *** BEFORE API CALL *** Email: testit@gmail.com URL: http://localhost:3000/auth/login 
16:12:13.191 [main] DEBUG com.jayway.jsonpath.internal.path.CompiledPath -- Evaluating path: $
16:12:13.192 [main] INFO com.intuit.karate -- [print] *** SENDING REQUEST *** Body: {
  "email": "#(email)",
  "password": "#(password)"
}
 
16:12:13.193 [main] DEBUG org.apache.http.client.protocol.RequestAddCookies -- CookieSpec selected: karate
16:12:13.193 [main] DEBUG org.apache.http.client.protocol.RequestAuthCache -- Auth cache not set in the context
16:12:13.193 [main] DEBUG com.intuit.karate -- request:
1 > POST http://localhost:3000/auth/login
1 > Content-Type: application/json; charset=UTF-8
1 > Content-Length: 53
1 > Host: localhost:3000
1 > Connection: Keep-Alive
1 > User-Agent: Apache-HttpClient/4.5.14 (Java/17.0.9)
1 > Accept-Encoding: gzip,deflate
{"email":"testit@gmail.com","password":"Password123"}

16:12:13.193 [main] DEBUG org.apache.http.impl.conn.PoolingHttpClientConnectionManager -- Connection request: [route: {}->http://localhost:3000][total available: 0; route allocated: 0 of 5; total allocated: 0 of 10]
16:12:13.193 [main] DEBUG org.apache.http.impl.conn.PoolingHttpClientConnectionManager -- Connection leased: [id: 38][route: {}->http://localhost:3000][total available: 0; route allocated: 1 of 5; total allocated: 1 of 10]
16:12:13.193 [main] DEBUG org.apache.http.impl.execchain.MainClientExec -- Opening connection {}->http://localhost:3000
16:12:13.193 [main] DEBUG org.apache.http.impl.conn.DefaultHttpClientConnectionOperator -- Connecting to localhost/127.0.0.1:3000
16:12:13.194 [main] DEBUG org.apache.http.impl.conn.DefaultHttpClientConnectionOperator -- Connection established 127.0.0.1:51082<->127.0.0.1:3000
16:12:13.194 [main] DEBUG org.apache.http.impl.conn.DefaultManagedHttpClientConnection -- http-outgoing-38: set socket timeout to 30000
16:12:13.194 [main] DEBUG org.apache.http.impl.execchain.MainClientExec -- Executing request POST /auth/login HTTP/1.1
16:12:13.194 [main] DEBUG org.apache.http.impl.execchain.MainClientExec -- Target auth state: UNCHALLENGED
16:12:13.194 [main] DEBUG org.apache.http.impl.execchain.MainClientExec -- Proxy auth state: UNCHALLENGED
16:12:13.194 [main] DEBUG org.apache.http.headers -- http-outgoing-38 >> POST /auth/login HTTP/1.1
16:12:13.194 [main] DEBUG org.apache.http.headers -- http-outgoing-38 >> Content-Type: application/json; charset=UTF-8
16:12:13.194 [main] DEBUG org.apache.http.headers -- http-outgoing-38 >> Content-Length: 53
16:12:13.194 [main] DEBUG org.apache.http.headers -- http-outgoing-38 >> Host: localhost:3000
16:12:13.194 [main] DEBUG org.apache.http.headers -- http-outgoing-38 >> Connection: Keep-Alive
16:12:13.194 [main] DEBUG org.apache.http.headers -- http-outgoing-38 >> User-Agent: Apache-HttpClient/4.5.14 (Java/17.0.9)
16:12:13.194 [main] DEBUG org.apache.http.headers -- http-outgoing-38 >> Accept-Encoding: gzip,deflate
16:12:13.194 [main] DEBUG org.apache.http.wire -- http-outgoing-38 >> "POST /auth/login HTTP/1.1[\r][\n]"
16:12:13.194 [main] DEBUG org.apache.http.wire -- http-outgoing-38 >> "Content-Type: application/json; charset=UTF-8[\r][\n]"
16:12:13.194 [main] DEBUG org.apache.http.wire -- http-outgoing-38 >> "Content-Length: 53[\r][\n]"
16:12:13.194 [main] DEBUG org.apache.http.wire -- http-outgoing-38 >> "Host: localhost:3000[\r][\n]"
16:12:13.194 [main] DEBUG org.apache.http.wire -- http-outgoing-38 >> "Connection: Keep-Alive[\r][\n]"
16:12:13.194 [main] DEBUG org.apache.http.wire -- http-outgoing-38 >> "User-Agent: Apache-HttpClient/4.5.14 (Java/17.0.9)[\r][\n]"
16:12:13.194 [main] DEBUG org.apache.http.wire -- http-outgoing-38 >> "Accept-Encoding: gzip,deflate[\r][\n]"
16:12:13.194 [main] DEBUG org.apache.http.wire -- http-outgoing-38 >> "[\r][\n]"
16:12:13.194 [main] DEBUG org.apache.http.wire -- http-outgoing-38 >> "{"email":"testit@gmail.com","password":"Password123"}"
16:12:13.466 [main] DEBUG org.apache.http.wire -- http-outgoing-38 << "HTTP/1.1 200 OK[\r][\n]"
16:12:13.466 [main] DEBUG org.apache.http.wire -- http-outgoing-38 << "X-Powered-By: Express[\r][\n]"
16:12:13.466 [main] DEBUG org.apache.http.wire -- http-outgoing-38 << "Access-Control-Allow-Origin: *[\r][\n]"
16:12:13.466 [main] DEBUG org.apache.http.wire -- http-outgoing-38 << "Content-Type: application/json; charset=utf-8[\r][\n]"
16:12:13.466 [main] DEBUG org.apache.http.wire -- http-outgoing-38 << "Content-Length: 604[\r][\n]"
16:12:13.466 [main] DEBUG org.apache.http.wire -- http-outgoing-38 << "ETag: W/"25c-yn0Syt6KlyJmAmj2Gzxh0ZV5z/Y"[\r][\n]"
16:12:13.466 [main] DEBUG org.apache.http.wire -- http-outgoing-38 << "Date: Tue, 24 Jun 2025 09:12:13 GMT[\r][\n]"
16:12:13.466 [main] DEBUG org.apache.http.wire -- http-outgoing-38 << "Connection: keep-alive[\r][\n]"
16:12:13.466 [main] DEBUG org.apache.http.wire -- http-outgoing-38 << "Keep-Alive: timeout=5[\r][\n]"
16:12:13.466 [main] DEBUG org.apache.http.wire -- http-outgoing-38 << "[\r][\n]"
16:12:13.466 [main] DEBUG org.apache.http.wire -- http-outgoing-38 << "{"access_token":"eyJhbGciOiJIUzI1NiIsInR5cCI6IkpXVCJ9.eyJzdWIiOiJkZjZmMDkxOS1hMjNkLTQ0YzktYTkyNS00ZWE4YmU1MjVkMTAiLCJ1c2VybmFtZSI6ImpvaG5kb2UyMyIsInJvbGUiOjAsImlhdCI6MTc1MDc1NjMzMywiZXhwIjoxNzUwNzU5OTMzfQ.LfUqb8H2vz030y9nv6FzGZSn_Hh-XA48bbXXhLOu5RM","refresh_token":"e67bfcd77f5291e4ee8e55e1c5a50c95f3ee69da77e0cd71e7c6aa46517651ff","user":{"id":"df6f0919-a23d-44c9-a925-4ea8be525d10","email":"testit@gmail.com","username":"johndoe23","name":"John Doe","phoneNumber":"0123456788","profilePic":null,"bio":null,"private":false,"verified":false,"role":0,"followersCount":0,"followingCount":0,"postCount":0}}"
16:12:13.466 [main] DEBUG org.apache.http.headers -- http-outgoing-38 << HTTP/1.1 200 OK
16:12:13.466 [main] DEBUG org.apache.http.headers -- http-outgoing-38 << X-Powered-By: Express
16:12:13.466 [main] DEBUG org.apache.http.headers -- http-outgoing-38 << Access-Control-Allow-Origin: *
16:12:13.466 [main] DEBUG org.apache.http.headers -- http-outgoing-38 << Content-Type: application/json; charset=utf-8
16:12:13.466 [main] DEBUG org.apache.http.headers -- http-outgoing-38 << Content-Length: 604
16:12:13.466 [main] DEBUG org.apache.http.headers -- http-outgoing-38 << ETag: W/"25c-yn0Syt6KlyJmAmj2Gzxh0ZV5z/Y"
16:12:13.466 [main] DEBUG org.apache.http.headers -- http-outgoing-38 << Date: Tue, 24 Jun 2025 09:12:13 GMT
16:12:13.466 [main] DEBUG org.apache.http.headers -- http-outgoing-38 << Connection: keep-alive
16:12:13.466 [main] DEBUG org.apache.http.headers -- http-outgoing-38 << Keep-Alive: timeout=5
16:12:13.467 [main] DEBUG org.apache.http.impl.execchain.MainClientExec -- Connection can be kept alive for 5000 MILLISECONDS
16:12:13.467 [main] DEBUG org.apache.http.impl.conn.PoolingHttpClientConnectionManager -- Connection [id: 38][route: {}->http://localhost:3000] can be kept alive for 5.0 seconds
16:12:13.467 [main] DEBUG org.apache.http.impl.conn.DefaultManagedHttpClientConnection -- http-outgoing-38: set socket timeout to 0
16:12:13.467 [main] DEBUG org.apache.http.impl.conn.PoolingHttpClientConnectionManager -- Connection released: [id: 38][route: {}->http://localhost:3000][total available: 1; route allocated: 1 of 5; total allocated: 1 of 10]
16:12:13.467 [main] DEBUG org.apache.http.impl.conn.PoolingHttpClientConnectionManager -- Connection manager is shutting down
16:12:13.467 [main] DEBUG org.apache.http.impl.conn.DefaultManagedHttpClientConnection -- http-outgoing-38: Close connection
16:12:13.467 [main] DEBUG org.apache.http.impl.conn.PoolingHttpClientConnectionManager -- Connection manager shut down
16:12:13.467 [main] DEBUG com.intuit.karate -- response time in milliseconds: 274
1 < 200
1 < X-Powered-By: Express
1 < Access-Control-Allow-Origin: *
1 < Content-Type: application/json; charset=utf-8
1 < Content-Length: 604
1 < ETag: W/"25c-yn0Syt6KlyJmAmj2Gzxh0ZV5z/Y"
1 < Date: Tue, 24 Jun 2025 09:12:13 GMT
1 < Connection: keep-alive
1 < Keep-Alive: timeout=5
{"access_token":"eyJhbGciOiJIUzI1NiIsInR5cCI6IkpXVCJ9.eyJzdWIiOiJkZjZmMDkxOS1hMjNkLTQ0YzktYTkyNS00ZWE4YmU1MjVkMTAiLCJ1c2VybmFtZSI6ImpvaG5kb2UyMyIsInJvbGUiOjAsImlhdCI6MTc1MDc1NjMzMywiZXhwIjoxNzUwNzU5OTMzfQ.LfUqb8H2vz030y9nv6FzGZSn_Hh-XA48bbXXhLOu5RM","refresh_token":"e67bfcd77f5291e4ee8e55e1c5a50c95f3ee69da77e0cd71e7c6aa46517651ff","user":{"id":"df6f0919-a23d-44c9-a925-4ea8be525d10","email":"testit@gmail.com","username":"johndoe23","name":"John Doe","phoneNumber":"0123456788","profilePic":null,"bio":null,"private":false,"verified":false,"role":0,"followersCount":0,"followingCount":0,"postCount":0}}

16:12:13.468 [main] INFO com.intuit.karate -- [print] *** AFTER API CALL *** Status: 200 
16:12:13.468 [main] INFO com.intuit.karate -- [print] ### API CALL COMPLETED ### Email: testit@gmail.com Status: 200 
16:12:13.468 [main] INFO com.intuit.karate -- [print] ### RESPONSE BODY ### {
  "access_token": "eyJhbGciOiJIUzI1NiIsInR5cCI6IkpXVCJ9.eyJzdWIiOiJkZjZmMDkxOS1hMjNkLTQ0YzktYTkyNS00ZWE4YmU1MjVkMTAiLCJ1c2VybmFtZSI6ImpvaG5kb2UyMyIsInJvbGUiOjAsImlhdCI6MTc1MDc1NjMzMywiZXhwIjoxNzUwNzU5OTMzfQ.LfUqb8H2vz030y9nv6FzGZSn_Hh-XA48bbXXhLOu5RM",
  "refresh_token": "e67bfcd77f5291e4ee8e55e1c5a50c95f3ee69da77e0cd71e7c6aa46517651ff",
  "user": {
    "id": "df6f0919-a23d-44c9-a925-4ea8be525d10",
    "email": "testit@gmail.com",
    "username": "johndoe23",
    "name": "John Doe",
    "phoneNumber": "0123456788",
    "profilePic": null,
    "bio": null,
    "private": false,
    "verified": false,
    "role": 0,
    "followersCount": 0,
    "followingCount": 0,
    "postCount": 0
  }
}
 
16:12:13.469 [main] INFO com.intuit.karate -- Request #39 completed - Status: 200 Time: 282ms 
16:12:13.470 [main] INFO com.intuit.karate -- *** SEQUENTIAL REQUEST #40 *** 
16:12:13.470 [main] INFO com.intuit.karate -- User: testit2@gmail.com 
16:12:13.479 [main] INFO com.intuit.karate -- [print] *** BEFORE API CALL *** Email: testit2@gmail.com URL: http://localhost:3000/auth/login 
16:12:13.480 [main] DEBUG com.jayway.jsonpath.internal.path.CompiledPath -- Evaluating path: $
16:12:13.481 [main] INFO com.intuit.karate -- [print] *** SENDING REQUEST *** Body: {
  "email": "#(email)",
  "password": "#(password)"
}
 
16:12:13.483 [main] DEBUG org.apache.http.client.protocol.RequestAddCookies -- CookieSpec selected: karate
16:12:13.483 [main] DEBUG org.apache.http.client.protocol.RequestAuthCache -- Auth cache not set in the context
16:12:13.483 [main] DEBUG com.intuit.karate -- request:
1 > POST http://localhost:3000/auth/login
1 > Content-Type: application/json; charset=UTF-8
1 > Content-Length: 54
1 > Host: localhost:3000
1 > Connection: Keep-Alive
1 > User-Agent: Apache-HttpClient/4.5.14 (Java/17.0.9)
1 > Accept-Encoding: gzip,deflate
{"email":"testit2@gmail.com","password":"Password123"}

16:12:13.483 [main] DEBUG org.apache.http.impl.conn.PoolingHttpClientConnectionManager -- Connection request: [route: {}->http://localhost:3000][total available: 0; route allocated: 0 of 5; total allocated: 0 of 10]
16:12:13.483 [main] DEBUG org.apache.http.impl.conn.PoolingHttpClientConnectionManager -- Connection leased: [id: 39][route: {}->http://localhost:3000][total available: 0; route allocated: 1 of 5; total allocated: 1 of 10]
16:12:13.483 [main] DEBUG org.apache.http.impl.execchain.MainClientExec -- Opening connection {}->http://localhost:3000
16:12:13.483 [main] DEBUG org.apache.http.impl.conn.DefaultHttpClientConnectionOperator -- Connecting to localhost/127.0.0.1:3000
16:12:13.484 [main] DEBUG org.apache.http.impl.conn.DefaultHttpClientConnectionOperator -- Connection established 127.0.0.1:51083<->127.0.0.1:3000
16:12:13.484 [main] DEBUG org.apache.http.impl.conn.DefaultManagedHttpClientConnection -- http-outgoing-39: set socket timeout to 30000
16:12:13.484 [main] DEBUG org.apache.http.impl.execchain.MainClientExec -- Executing request POST /auth/login HTTP/1.1
16:12:13.484 [main] DEBUG org.apache.http.impl.execchain.MainClientExec -- Target auth state: UNCHALLENGED
16:12:13.484 [main] DEBUG org.apache.http.impl.execchain.MainClientExec -- Proxy auth state: UNCHALLENGED
16:12:13.484 [main] DEBUG org.apache.http.headers -- http-outgoing-39 >> POST /auth/login HTTP/1.1
16:12:13.484 [main] DEBUG org.apache.http.headers -- http-outgoing-39 >> Content-Type: application/json; charset=UTF-8
16:12:13.484 [main] DEBUG org.apache.http.headers -- http-outgoing-39 >> Content-Length: 54
16:12:13.484 [main] DEBUG org.apache.http.headers -- http-outgoing-39 >> Host: localhost:3000
16:12:13.484 [main] DEBUG org.apache.http.headers -- http-outgoing-39 >> Connection: Keep-Alive
16:12:13.484 [main] DEBUG org.apache.http.headers -- http-outgoing-39 >> User-Agent: Apache-HttpClient/4.5.14 (Java/17.0.9)
16:12:13.484 [main] DEBUG org.apache.http.headers -- http-outgoing-39 >> Accept-Encoding: gzip,deflate
16:12:13.484 [main] DEBUG org.apache.http.wire -- http-outgoing-39 >> "POST /auth/login HTTP/1.1[\r][\n]"
16:12:13.484 [main] DEBUG org.apache.http.wire -- http-outgoing-39 >> "Content-Type: application/json; charset=UTF-8[\r][\n]"
16:12:13.484 [main] DEBUG org.apache.http.wire -- http-outgoing-39 >> "Content-Length: 54[\r][\n]"
16:12:13.484 [main] DEBUG org.apache.http.wire -- http-outgoing-39 >> "Host: localhost:3000[\r][\n]"
16:12:13.484 [main] DEBUG org.apache.http.wire -- http-outgoing-39 >> "Connection: Keep-Alive[\r][\n]"
16:12:13.484 [main] DEBUG org.apache.http.wire -- http-outgoing-39 >> "User-Agent: Apache-HttpClient/4.5.14 (Java/17.0.9)[\r][\n]"
16:12:13.484 [main] DEBUG org.apache.http.wire -- http-outgoing-39 >> "Accept-Encoding: gzip,deflate[\r][\n]"
16:12:13.484 [main] DEBUG org.apache.http.wire -- http-outgoing-39 >> "[\r][\n]"
16:12:13.484 [main] DEBUG org.apache.http.wire -- http-outgoing-39 >> "{"email":"testit2@gmail.com","password":"Password123"}"
16:12:13.755 [main] DEBUG org.apache.http.wire -- http-outgoing-39 << "HTTP/1.1 200 OK[\r][\n]"
16:12:13.755 [main] DEBUG org.apache.http.wire -- http-outgoing-39 << "X-Powered-By: Express[\r][\n]"
16:12:13.755 [main] DEBUG org.apache.http.wire -- http-outgoing-39 << "Access-Control-Allow-Origin: *[\r][\n]"
16:12:13.755 [main] DEBUG org.apache.http.wire -- http-outgoing-39 << "Content-Type: application/json; charset=utf-8[\r][\n]"
16:12:13.755 [main] DEBUG org.apache.http.wire -- http-outgoing-39 << "Content-Length: 605[\r][\n]"
16:12:13.755 [main] DEBUG org.apache.http.wire -- http-outgoing-39 << "ETag: W/"25d-dqvBZ59GSPoheJpgh6l6DoZlDDo"[\r][\n]"
16:12:13.755 [main] DEBUG org.apache.http.wire -- http-outgoing-39 << "Date: Tue, 24 Jun 2025 09:12:13 GMT[\r][\n]"
16:12:13.755 [main] DEBUG org.apache.http.wire -- http-outgoing-39 << "Connection: keep-alive[\r][\n]"
16:12:13.755 [main] DEBUG org.apache.http.wire -- http-outgoing-39 << "Keep-Alive: timeout=5[\r][\n]"
16:12:13.755 [main] DEBUG org.apache.http.wire -- http-outgoing-39 << "[\r][\n]"
16:12:13.755 [main] DEBUG org.apache.http.wire -- http-outgoing-39 << "{"access_token":"eyJhbGciOiJIUzI1NiIsInR5cCI6IkpXVCJ9.eyJzdWIiOiIwYTM3ZWY0My1mZWU4LTQxZDMtYTY4Ni04YWIwODY5NDg2OTUiLCJ1c2VybmFtZSI6ImpvaG5kb2UyMSIsInJvbGUiOjAsImlhdCI6MTc1MDc1NjMzMywiZXhwIjoxNzUwNzU5OTMzfQ.FWKxWswwaisHx8hho_isF9ZB5dFUnwAUENGDPVrqOJw","refresh_token":"f769f58523af45ccb43494f791aa35d370dd09708cceef4e008a686296d3d1c6","user":{"id":"0a37ef43-fee8-41d3-a686-8ab086948695","email":"testit2@gmail.com","username":"johndoe21","name":"John Doe","phoneNumber":"0123456712","profilePic":null,"bio":null,"private":false,"verified":false,"role":0,"followersCount":0,"followingCount":0,"postCount":0}}"
16:12:13.755 [main] DEBUG org.apache.http.headers -- http-outgoing-39 << HTTP/1.1 200 OK
16:12:13.755 [main] DEBUG org.apache.http.headers -- http-outgoing-39 << X-Powered-By: Express
16:12:13.755 [main] DEBUG org.apache.http.headers -- http-outgoing-39 << Access-Control-Allow-Origin: *
16:12:13.755 [main] DEBUG org.apache.http.headers -- http-outgoing-39 << Content-Type: application/json; charset=utf-8
16:12:13.755 [main] DEBUG org.apache.http.headers -- http-outgoing-39 << Content-Length: 605
16:12:13.755 [main] DEBUG org.apache.http.headers -- http-outgoing-39 << ETag: W/"25d-dqvBZ59GSPoheJpgh6l6DoZlDDo"
16:12:13.755 [main] DEBUG org.apache.http.headers -- http-outgoing-39 << Date: Tue, 24 Jun 2025 09:12:13 GMT
16:12:13.755 [main] DEBUG org.apache.http.headers -- http-outgoing-39 << Connection: keep-alive
16:12:13.755 [main] DEBUG org.apache.http.headers -- http-outgoing-39 << Keep-Alive: timeout=5
16:12:13.755 [main] DEBUG org.apache.http.impl.execchain.MainClientExec -- Connection can be kept alive for 5000 MILLISECONDS
16:12:13.755 [main] DEBUG org.apache.http.impl.conn.PoolingHttpClientConnectionManager -- Connection [id: 39][route: {}->http://localhost:3000] can be kept alive for 5.0 seconds
16:12:13.755 [main] DEBUG org.apache.http.impl.conn.DefaultManagedHttpClientConnection -- http-outgoing-39: set socket timeout to 0
16:12:13.755 [main] DEBUG org.apache.http.impl.conn.PoolingHttpClientConnectionManager -- Connection released: [id: 39][route: {}->http://localhost:3000][total available: 1; route allocated: 1 of 5; total allocated: 1 of 10]
16:12:13.755 [main] DEBUG org.apache.http.impl.conn.PoolingHttpClientConnectionManager -- Connection manager is shutting down
16:12:13.755 [main] DEBUG org.apache.http.impl.conn.DefaultManagedHttpClientConnection -- http-outgoing-39: Close connection
16:12:13.755 [main] DEBUG org.apache.http.impl.conn.PoolingHttpClientConnectionManager -- Connection manager shut down
16:12:13.755 [main] DEBUG com.intuit.karate -- response time in milliseconds: 272
1 < 200
1 < X-Powered-By: Express
1 < Access-Control-Allow-Origin: *
1 < Content-Type: application/json; charset=utf-8
1 < Content-Length: 605
1 < ETag: W/"25d-dqvBZ59GSPoheJpgh6l6DoZlDDo"
1 < Date: Tue, 24 Jun 2025 09:12:13 GMT
1 < Connection: keep-alive
1 < Keep-Alive: timeout=5
{"access_token":"eyJhbGciOiJIUzI1NiIsInR5cCI6IkpXVCJ9.eyJzdWIiOiIwYTM3ZWY0My1mZWU4LTQxZDMtYTY4Ni04YWIwODY5NDg2OTUiLCJ1c2VybmFtZSI6ImpvaG5kb2UyMSIsInJvbGUiOjAsImlhdCI6MTc1MDc1NjMzMywiZXhwIjoxNzUwNzU5OTMzfQ.FWKxWswwaisHx8hho_isF9ZB5dFUnwAUENGDPVrqOJw","refresh_token":"f769f58523af45ccb43494f791aa35d370dd09708cceef4e008a686296d3d1c6","user":{"id":"0a37ef43-fee8-41d3-a686-8ab086948695","email":"testit2@gmail.com","username":"johndoe21","name":"John Doe","phoneNumber":"0123456712","profilePic":null,"bio":null,"private":false,"verified":false,"role":0,"followersCount":0,"followingCount":0,"postCount":0}}

16:12:13.756 [main] INFO com.intuit.karate -- [print] *** AFTER API CALL *** Status: 200 
16:12:13.757 [main] INFO com.intuit.karate -- [print] ### API CALL COMPLETED ### Email: testit2@gmail.com Status: 200 
16:12:13.758 [main] INFO com.intuit.karate -- [print] ### RESPONSE BODY ### {
  "access_token": "eyJhbGciOiJIUzI1NiIsInR5cCI6IkpXVCJ9.eyJzdWIiOiIwYTM3ZWY0My1mZWU4LTQxZDMtYTY4Ni04YWIwODY5NDg2OTUiLCJ1c2VybmFtZSI6ImpvaG5kb2UyMSIsInJvbGUiOjAsImlhdCI6MTc1MDc1NjMzMywiZXhwIjoxNzUwNzU5OTMzfQ.FWKxWswwaisHx8hho_isF9ZB5dFUnwAUENGDPVrqOJw",
  "refresh_token": "f769f58523af45ccb43494f791aa35d370dd09708cceef4e008a686296d3d1c6",
  "user": {
    "id": "0a37ef43-fee8-41d3-a686-8ab086948695",
    "email": "testit2@gmail.com",
    "username": "johndoe21",
    "name": "John Doe",
    "phoneNumber": "0123456712",
    "profilePic": null,
    "bio": null,
    "private": false,
    "verified": false,
    "role": 0,
    "followersCount": 0,
    "followingCount": 0,
    "postCount": 0
  }
}
 
16:12:13.759 [main] INFO com.intuit.karate -- Request #40 completed - Status: 200 Time: 289ms 
16:12:13.759 [main] INFO com.intuit.karate -- *** SEQUENTIAL REQUEST #41 *** 
16:12:13.759 [main] INFO com.intuit.karate -- User: nam@gmail.com 
16:12:13.762 [main] INFO com.intuit.karate -- [print] *** BEFORE API CALL *** Email: nam@gmail.com URL: http://localhost:3000/auth/login 
16:12:13.763 [main] DEBUG com.jayway.jsonpath.internal.path.CompiledPath -- Evaluating path: $
16:12:13.763 [main] INFO com.intuit.karate -- [print] *** SENDING REQUEST *** Body: {
  "email": "#(email)",
  "password": "#(password)"
}
 
16:12:13.763 [main] DEBUG org.apache.http.client.protocol.RequestAddCookies -- CookieSpec selected: karate
16:12:13.764 [main] DEBUG org.apache.http.client.protocol.RequestAuthCache -- Auth cache not set in the context
16:12:13.764 [main] DEBUG com.intuit.karate -- request:
1 > POST http://localhost:3000/auth/login
1 > Content-Type: application/json; charset=UTF-8
1 > Content-Length: 45
1 > Host: localhost:3000
1 > Connection: Keep-Alive
1 > User-Agent: Apache-HttpClient/4.5.14 (Java/17.0.9)
1 > Accept-Encoding: gzip,deflate
{"email":"nam@gmail.com","password":"123456"}

16:12:13.764 [main] DEBUG org.apache.http.impl.conn.PoolingHttpClientConnectionManager -- Connection request: [route: {}->http://localhost:3000][total available: 0; route allocated: 0 of 5; total allocated: 0 of 10]
16:12:13.764 [main] DEBUG org.apache.http.impl.conn.PoolingHttpClientConnectionManager -- Connection leased: [id: 40][route: {}->http://localhost:3000][total available: 0; route allocated: 1 of 5; total allocated: 1 of 10]
16:12:13.764 [main] DEBUG org.apache.http.impl.execchain.MainClientExec -- Opening connection {}->http://localhost:3000
16:12:13.764 [main] DEBUG org.apache.http.impl.conn.DefaultHttpClientConnectionOperator -- Connecting to localhost/127.0.0.1:3000
16:12:13.764 [main] DEBUG org.apache.http.impl.conn.DefaultHttpClientConnectionOperator -- Connection established 127.0.0.1:51084<->127.0.0.1:3000
16:12:13.764 [main] DEBUG org.apache.http.impl.conn.DefaultManagedHttpClientConnection -- http-outgoing-40: set socket timeout to 30000
16:12:13.764 [main] DEBUG org.apache.http.impl.execchain.MainClientExec -- Executing request POST /auth/login HTTP/1.1
16:12:13.764 [main] DEBUG org.apache.http.impl.execchain.MainClientExec -- Target auth state: UNCHALLENGED
16:12:13.764 [main] DEBUG org.apache.http.impl.execchain.MainClientExec -- Proxy auth state: UNCHALLENGED
16:12:13.764 [main] DEBUG org.apache.http.headers -- http-outgoing-40 >> POST /auth/login HTTP/1.1
16:12:13.764 [main] DEBUG org.apache.http.headers -- http-outgoing-40 >> Content-Type: application/json; charset=UTF-8
16:12:13.764 [main] DEBUG org.apache.http.headers -- http-outgoing-40 >> Content-Length: 45
16:12:13.764 [main] DEBUG org.apache.http.headers -- http-outgoing-40 >> Host: localhost:3000
16:12:13.764 [main] DEBUG org.apache.http.headers -- http-outgoing-40 >> Connection: Keep-Alive
16:12:13.764 [main] DEBUG org.apache.http.headers -- http-outgoing-40 >> User-Agent: Apache-HttpClient/4.5.14 (Java/17.0.9)
16:12:13.764 [main] DEBUG org.apache.http.headers -- http-outgoing-40 >> Accept-Encoding: gzip,deflate
16:12:13.764 [main] DEBUG org.apache.http.wire -- http-outgoing-40 >> "POST /auth/login HTTP/1.1[\r][\n]"
16:12:13.764 [main] DEBUG org.apache.http.wire -- http-outgoing-40 >> "Content-Type: application/json; charset=UTF-8[\r][\n]"
16:12:13.764 [main] DEBUG org.apache.http.wire -- http-outgoing-40 >> "Content-Length: 45[\r][\n]"
16:12:13.764 [main] DEBUG org.apache.http.wire -- http-outgoing-40 >> "Host: localhost:3000[\r][\n]"
16:12:13.764 [main] DEBUG org.apache.http.wire -- http-outgoing-40 >> "Connection: Keep-Alive[\r][\n]"
16:12:13.764 [main] DEBUG org.apache.http.wire -- http-outgoing-40 >> "User-Agent: Apache-HttpClient/4.5.14 (Java/17.0.9)[\r][\n]"
16:12:13.764 [main] DEBUG org.apache.http.wire -- http-outgoing-40 >> "Accept-Encoding: gzip,deflate[\r][\n]"
16:12:13.764 [main] DEBUG org.apache.http.wire -- http-outgoing-40 >> "[\r][\n]"
16:12:13.764 [main] DEBUG org.apache.http.wire -- http-outgoing-40 >> "{"email":"nam@gmail.com","password":"123456"}"
16:12:14.033 [main] DEBUG org.apache.http.wire -- http-outgoing-40 << "HTTP/1.1 200 OK[\r][\n]"
16:12:14.033 [main] DEBUG org.apache.http.wire -- http-outgoing-40 << "X-Powered-By: Express[\r][\n]"
16:12:14.033 [main] DEBUG org.apache.http.wire -- http-outgoing-40 << "Access-Control-Allow-Origin: *[\r][\n]"
16:12:14.033 [main] DEBUG org.apache.http.wire -- http-outgoing-40 << "Content-Type: application/json; charset=utf-8[\r][\n]"
16:12:14.033 [main] DEBUG org.apache.http.wire -- http-outgoing-40 << "Content-Length: 708[\r][\n]"
16:12:14.033 [main] DEBUG org.apache.http.wire -- http-outgoing-40 << "ETag: W/"2c4-AhCeAgw2U9rvZI0J6bm1bFkrwOA"[\r][\n]"
16:12:14.033 [main] DEBUG org.apache.http.wire -- http-outgoing-40 << "Date: Tue, 24 Jun 2025 09:12:14 GMT[\r][\n]"
16:12:14.033 [main] DEBUG org.apache.http.wire -- http-outgoing-40 << "Connection: keep-alive[\r][\n]"
16:12:14.033 [main] DEBUG org.apache.http.wire -- http-outgoing-40 << "Keep-Alive: timeout=5[\r][\n]"
16:12:14.033 [main] DEBUG org.apache.http.wire -- http-outgoing-40 << "[\r][\n]"
16:12:14.033 [main] DEBUG org.apache.http.wire -- http-outgoing-40 << "{"access_token":"eyJhbGciOiJIUzI1NiIsInR5cCI6IkpXVCJ9.eyJzdWIiOiIwODUxNWIwNS0yZDNlLTQ3ODktYWQ2MC1kYjM1NTI1YTQ5NzAiLCJ1c2VybmFtZSI6Im5hbSIsInJvbGUiOjAsImlhdCI6MTc1MDc1NjMzMywiZXhwIjoxNzUwNzU5OTMzfQ.pKVonQjLULn_puHOfvyrH6gojRNs_lFQcn3XnCRSHsc","refresh_token":"f17ef5fdd04e47a6218ccbc1cee47753f43ec67595afaa1d72f353dacd42c4e3","user":{"id":"08515b05-2d3e-4789-ad60-db35525a4970","email":"nam@gmail.com","username":"nam","name":"nam","phoneNumber":"0123456789","profilePic":"https://res.cloudinary.com/dizcvrefo/image/upload/v1749266646/nestjs_uploads/zk9zrpeidnovxibfqdxr.png","bio":"Chu tich hoi dong Quan tri 1","private":false,"verified":false,"role":0,"followersCount":2,"followingCount":5,"postCount":13}}"
16:12:14.033 [main] DEBUG org.apache.http.headers -- http-outgoing-40 << HTTP/1.1 200 OK
16:12:14.033 [main] DEBUG org.apache.http.headers -- http-outgoing-40 << X-Powered-By: Express
16:12:14.033 [main] DEBUG org.apache.http.headers -- http-outgoing-40 << Access-Control-Allow-Origin: *
16:12:14.033 [main] DEBUG org.apache.http.headers -- http-outgoing-40 << Content-Type: application/json; charset=utf-8
16:12:14.033 [main] DEBUG org.apache.http.headers -- http-outgoing-40 << Content-Length: 708
16:12:14.033 [main] DEBUG org.apache.http.headers -- http-outgoing-40 << ETag: W/"2c4-AhCeAgw2U9rvZI0J6bm1bFkrwOA"
16:12:14.033 [main] DEBUG org.apache.http.headers -- http-outgoing-40 << Date: Tue, 24 Jun 2025 09:12:14 GMT
16:12:14.033 [main] DEBUG org.apache.http.headers -- http-outgoing-40 << Connection: keep-alive
16:12:14.033 [main] DEBUG org.apache.http.headers -- http-outgoing-40 << Keep-Alive: timeout=5
16:12:14.034 [main] DEBUG org.apache.http.impl.execchain.MainClientExec -- Connection can be kept alive for 5000 MILLISECONDS
16:12:14.034 [main] DEBUG org.apache.http.impl.conn.PoolingHttpClientConnectionManager -- Connection [id: 40][route: {}->http://localhost:3000] can be kept alive for 5.0 seconds
16:12:14.034 [main] DEBUG org.apache.http.impl.conn.DefaultManagedHttpClientConnection -- http-outgoing-40: set socket timeout to 0
16:12:14.034 [main] DEBUG org.apache.http.impl.conn.PoolingHttpClientConnectionManager -- Connection released: [id: 40][route: {}->http://localhost:3000][total available: 1; route allocated: 1 of 5; total allocated: 1 of 10]
16:12:14.034 [main] DEBUG org.apache.http.impl.conn.PoolingHttpClientConnectionManager -- Connection manager is shutting down
16:12:14.034 [main] DEBUG org.apache.http.impl.conn.DefaultManagedHttpClientConnection -- http-outgoing-40: Close connection
16:12:14.034 [main] DEBUG org.apache.http.impl.conn.PoolingHttpClientConnectionManager -- Connection manager shut down
16:12:14.034 [main] DEBUG com.intuit.karate -- response time in milliseconds: 270
1 < 200
1 < X-Powered-By: Express
1 < Access-Control-Allow-Origin: *
1 < Content-Type: application/json; charset=utf-8
1 < Content-Length: 708
1 < ETag: W/"2c4-AhCeAgw2U9rvZI0J6bm1bFkrwOA"
1 < Date: Tue, 24 Jun 2025 09:12:14 GMT
1 < Connection: keep-alive
1 < Keep-Alive: timeout=5
{"access_token":"eyJhbGciOiJIUzI1NiIsInR5cCI6IkpXVCJ9.eyJzdWIiOiIwODUxNWIwNS0yZDNlLTQ3ODktYWQ2MC1kYjM1NTI1YTQ5NzAiLCJ1c2VybmFtZSI6Im5hbSIsInJvbGUiOjAsImlhdCI6MTc1MDc1NjMzMywiZXhwIjoxNzUwNzU5OTMzfQ.pKVonQjLULn_puHOfvyrH6gojRNs_lFQcn3XnCRSHsc","refresh_token":"f17ef5fdd04e47a6218ccbc1cee47753f43ec67595afaa1d72f353dacd42c4e3","user":{"id":"08515b05-2d3e-4789-ad60-db35525a4970","email":"nam@gmail.com","username":"nam","name":"nam","phoneNumber":"0123456789","profilePic":"https://res.cloudinary.com/dizcvrefo/image/upload/v1749266646/nestjs_uploads/zk9zrpeidnovxibfqdxr.png","bio":"Chu tich hoi dong Quan tri 1","private":false,"verified":false,"role":0,"followersCount":2,"followingCount":5,"postCount":13}}

16:12:14.035 [main] INFO com.intuit.karate -- [print] *** AFTER API CALL *** Status: 200 
16:12:14.036 [main] INFO com.intuit.karate -- [print] ### API CALL COMPLETED ### Email: nam@gmail.com Status: 200 
16:12:14.036 [main] INFO com.intuit.karate -- [print] ### RESPONSE BODY ### {
  "access_token": "eyJhbGciOiJIUzI1NiIsInR5cCI6IkpXVCJ9.eyJzdWIiOiIwODUxNWIwNS0yZDNlLTQ3ODktYWQ2MC1kYjM1NTI1YTQ5NzAiLCJ1c2VybmFtZSI6Im5hbSIsInJvbGUiOjAsImlhdCI6MTc1MDc1NjMzMywiZXhwIjoxNzUwNzU5OTMzfQ.pKVonQjLULn_puHOfvyrH6gojRNs_lFQcn3XnCRSHsc",
  "refresh_token": "f17ef5fdd04e47a6218ccbc1cee47753f43ec67595afaa1d72f353dacd42c4e3",
  "user": {
    "id": "08515b05-2d3e-4789-ad60-db35525a4970",
    "email": "nam@gmail.com",
    "username": "nam",
    "name": "nam",
    "phoneNumber": "0123456789",
    "profilePic": "https://res.cloudinary.com/dizcvrefo/image/upload/v1749266646/nestjs_uploads/zk9zrpeidnovxibfqdxr.png",
    "bio": "Chu tich hoi dong Quan tri 1",
    "private": false,
    "verified": false,
    "role": 0,
    "followersCount": 2,
    "followingCount": 5,
    "postCount": 13
  }
}
 
16:12:14.039 [main] INFO com.intuit.karate -- Request #41 completed - Status: 200 Time: 278ms 
16:12:14.039 [main] INFO com.intuit.karate -- *** SEQUENTIAL REQUEST #42 *** 
16:12:14.039 [main] INFO com.intuit.karate -- User: quang1@gmail.com 
16:12:14.049 [main] INFO com.intuit.karate -- [print] *** BEFORE API CALL *** Email: quang1@gmail.com URL: http://localhost:3000/auth/login 
16:12:14.050 [main] DEBUG com.jayway.jsonpath.internal.path.CompiledPath -- Evaluating path: $
16:12:14.051 [main] INFO com.intuit.karate -- [print] *** SENDING REQUEST *** Body: {
  "email": "#(email)",
  "password": "#(password)"
}
 
16:12:14.052 [main] DEBUG org.apache.http.client.protocol.RequestAddCookies -- CookieSpec selected: karate
16:12:14.052 [main] DEBUG org.apache.http.client.protocol.RequestAuthCache -- Auth cache not set in the context
16:12:14.052 [main] DEBUG com.intuit.karate -- request:
1 > POST http://localhost:3000/auth/login
1 > Content-Type: application/json; charset=UTF-8
1 > Content-Length: 48
1 > Host: localhost:3000
1 > Connection: Keep-Alive
1 > User-Agent: Apache-HttpClient/4.5.14 (Java/17.0.9)
1 > Accept-Encoding: gzip,deflate
{"email":"quang1@gmail.com","password":"quang1"}

16:12:14.052 [main] DEBUG org.apache.http.impl.conn.PoolingHttpClientConnectionManager -- Connection request: [route: {}->http://localhost:3000][total available: 0; route allocated: 0 of 5; total allocated: 0 of 10]
16:12:14.052 [main] DEBUG org.apache.http.impl.conn.PoolingHttpClientConnectionManager -- Connection leased: [id: 41][route: {}->http://localhost:3000][total available: 0; route allocated: 1 of 5; total allocated: 1 of 10]
16:12:14.052 [main] DEBUG org.apache.http.impl.execchain.MainClientExec -- Opening connection {}->http://localhost:3000
16:12:14.052 [main] DEBUG org.apache.http.impl.conn.DefaultHttpClientConnectionOperator -- Connecting to localhost/127.0.0.1:3000
16:12:14.052 [main] DEBUG org.apache.http.impl.conn.DefaultHttpClientConnectionOperator -- Connection established 127.0.0.1:51085<->127.0.0.1:3000
16:12:14.052 [main] DEBUG org.apache.http.impl.conn.DefaultManagedHttpClientConnection -- http-outgoing-41: set socket timeout to 30000
16:12:14.052 [main] DEBUG org.apache.http.impl.execchain.MainClientExec -- Executing request POST /auth/login HTTP/1.1
16:12:14.052 [main] DEBUG org.apache.http.impl.execchain.MainClientExec -- Target auth state: UNCHALLENGED
16:12:14.052 [main] DEBUG org.apache.http.impl.execchain.MainClientExec -- Proxy auth state: UNCHALLENGED
16:12:14.052 [main] DEBUG org.apache.http.headers -- http-outgoing-41 >> POST /auth/login HTTP/1.1
16:12:14.052 [main] DEBUG org.apache.http.headers -- http-outgoing-41 >> Content-Type: application/json; charset=UTF-8
16:12:14.052 [main] DEBUG org.apache.http.headers -- http-outgoing-41 >> Content-Length: 48
16:12:14.052 [main] DEBUG org.apache.http.headers -- http-outgoing-41 >> Host: localhost:3000
16:12:14.052 [main] DEBUG org.apache.http.headers -- http-outgoing-41 >> Connection: Keep-Alive
16:12:14.052 [main] DEBUG org.apache.http.headers -- http-outgoing-41 >> User-Agent: Apache-HttpClient/4.5.14 (Java/17.0.9)
16:12:14.052 [main] DEBUG org.apache.http.headers -- http-outgoing-41 >> Accept-Encoding: gzip,deflate
16:12:14.052 [main] DEBUG org.apache.http.wire -- http-outgoing-41 >> "POST /auth/login HTTP/1.1[\r][\n]"
16:12:14.052 [main] DEBUG org.apache.http.wire -- http-outgoing-41 >> "Content-Type: application/json; charset=UTF-8[\r][\n]"
16:12:14.052 [main] DEBUG org.apache.http.wire -- http-outgoing-41 >> "Content-Length: 48[\r][\n]"
16:12:14.052 [main] DEBUG org.apache.http.wire -- http-outgoing-41 >> "Host: localhost:3000[\r][\n]"
16:12:14.052 [main] DEBUG org.apache.http.wire -- http-outgoing-41 >> "Connection: Keep-Alive[\r][\n]"
16:12:14.052 [main] DEBUG org.apache.http.wire -- http-outgoing-41 >> "User-Agent: Apache-HttpClient/4.5.14 (Java/17.0.9)[\r][\n]"
16:12:14.052 [main] DEBUG org.apache.http.wire -- http-outgoing-41 >> "Accept-Encoding: gzip,deflate[\r][\n]"
16:12:14.052 [main] DEBUG org.apache.http.wire -- http-outgoing-41 >> "[\r][\n]"
16:12:14.052 [main] DEBUG org.apache.http.wire -- http-outgoing-41 >> "{"email":"quang1@gmail.com","password":"quang1"}"
16:12:14.320 [main] DEBUG org.apache.http.wire -- http-outgoing-41 << "HTTP/1.1 200 OK[\r][\n]"
16:12:14.320 [main] DEBUG org.apache.http.wire -- http-outgoing-41 << "X-Powered-By: Express[\r][\n]"
16:12:14.320 [main] DEBUG org.apache.http.wire -- http-outgoing-41 << "Access-Control-Allow-Origin: *[\r][\n]"
16:12:14.320 [main] DEBUG org.apache.http.wire -- http-outgoing-41 << "Content-Type: application/json; charset=utf-8[\r][\n]"
16:12:14.320 [main] DEBUG org.apache.http.wire -- http-outgoing-41 << "Content-Length: 715[\r][\n]"
16:12:14.320 [main] DEBUG org.apache.http.wire -- http-outgoing-41 << "ETag: W/"2cb-e7y4HrqbEZkiVcLjURm+knZsMn4"[\r][\n]"
16:12:14.320 [main] DEBUG org.apache.http.wire -- http-outgoing-41 << "Date: Tue, 24 Jun 2025 09:12:14 GMT[\r][\n]"
16:12:14.320 [main] DEBUG org.apache.http.wire -- http-outgoing-41 << "Connection: keep-alive[\r][\n]"
16:12:14.320 [main] DEBUG org.apache.http.wire -- http-outgoing-41 << "Keep-Alive: timeout=5[\r][\n]"
16:12:14.320 [main] DEBUG org.apache.http.wire -- http-outgoing-41 << "[\r][\n]"
16:12:14.320 [main] DEBUG org.apache.http.wire -- http-outgoing-41 << "{"access_token":"eyJhbGciOiJIUzI1NiIsInR5cCI6IkpXVCJ9.eyJzdWIiOiIyYjg0YWEyNC02NjhhLTQwZTItYWYxYy1hZDRmYzRmYTVhNmYiLCJ1c2VybmFtZSI6InF1YW5nMSIsInJvbGUiOjAsImlhdCI6MTc1MDc1NjMzNCwiZXhwIjoxNzUwNzU5OTM0fQ.wkmQXNFb_lFRVWHNGsb3tTPGkdjKPdM4htb7kWK4PHY","refresh_token":"15293c86b49e586a60ffd9c5b03cd5affa0fddf1cb0756f96753c9c2014611eb","user":{"id":"2b84aa24-668a-40e2-af1c-ad4fc4fa5a6f","email":"quang1@gmail.com","username":"quang1","name":"quang1","phoneNumber":"09874563210","profilePic":"https://res.cloudinary.com/dizcvrefo/image/upload/v1749027586/nestjs_uploads/xehairydt9rzlbmbmv4c.jpg","bio":"Thang Nam Lao Vua Thoi","private":false,"verified":false,"role":0,"followersCount":2,"followingCount":3,"postCount":2}}"
16:12:14.320 [main] DEBUG org.apache.http.headers -- http-outgoing-41 << HTTP/1.1 200 OK
16:12:14.320 [main] DEBUG org.apache.http.headers -- http-outgoing-41 << X-Powered-By: Express
16:12:14.320 [main] DEBUG org.apache.http.headers -- http-outgoing-41 << Access-Control-Allow-Origin: *
16:12:14.320 [main] DEBUG org.apache.http.headers -- http-outgoing-41 << Content-Type: application/json; charset=utf-8
16:12:14.320 [main] DEBUG org.apache.http.headers -- http-outgoing-41 << Content-Length: 715
16:12:14.320 [main] DEBUG org.apache.http.headers -- http-outgoing-41 << ETag: W/"2cb-e7y4HrqbEZkiVcLjURm+knZsMn4"
16:12:14.320 [main] DEBUG org.apache.http.headers -- http-outgoing-41 << Date: Tue, 24 Jun 2025 09:12:14 GMT
16:12:14.320 [main] DEBUG org.apache.http.headers -- http-outgoing-41 << Connection: keep-alive
16:12:14.320 [main] DEBUG org.apache.http.headers -- http-outgoing-41 << Keep-Alive: timeout=5
16:12:14.320 [main] DEBUG org.apache.http.impl.execchain.MainClientExec -- Connection can be kept alive for 5000 MILLISECONDS
16:12:14.321 [main] DEBUG org.apache.http.impl.conn.PoolingHttpClientConnectionManager -- Connection [id: 41][route: {}->http://localhost:3000] can be kept alive for 5.0 seconds
16:12:14.321 [main] DEBUG org.apache.http.impl.conn.DefaultManagedHttpClientConnection -- http-outgoing-41: set socket timeout to 0
16:12:14.321 [main] DEBUG org.apache.http.impl.conn.PoolingHttpClientConnectionManager -- Connection released: [id: 41][route: {}->http://localhost:3000][total available: 1; route allocated: 1 of 5; total allocated: 1 of 10]
16:12:14.321 [main] DEBUG org.apache.http.impl.conn.PoolingHttpClientConnectionManager -- Connection manager is shutting down
16:12:14.321 [main] DEBUG org.apache.http.impl.conn.DefaultManagedHttpClientConnection -- http-outgoing-41: Close connection
16:12:14.321 [main] DEBUG org.apache.http.impl.conn.PoolingHttpClientConnectionManager -- Connection manager shut down
16:12:14.321 [main] DEBUG com.intuit.karate -- response time in milliseconds: 269
1 < 200
1 < X-Powered-By: Express
1 < Access-Control-Allow-Origin: *
1 < Content-Type: application/json; charset=utf-8
1 < Content-Length: 715
1 < ETag: W/"2cb-e7y4HrqbEZkiVcLjURm+knZsMn4"
1 < Date: Tue, 24 Jun 2025 09:12:14 GMT
1 < Connection: keep-alive
1 < Keep-Alive: timeout=5
{"access_token":"eyJhbGciOiJIUzI1NiIsInR5cCI6IkpXVCJ9.eyJzdWIiOiIyYjg0YWEyNC02NjhhLTQwZTItYWYxYy1hZDRmYzRmYTVhNmYiLCJ1c2VybmFtZSI6InF1YW5nMSIsInJvbGUiOjAsImlhdCI6MTc1MDc1NjMzNCwiZXhwIjoxNzUwNzU5OTM0fQ.wkmQXNFb_lFRVWHNGsb3tTPGkdjKPdM4htb7kWK4PHY","refresh_token":"15293c86b49e586a60ffd9c5b03cd5affa0fddf1cb0756f96753c9c2014611eb","user":{"id":"2b84aa24-668a-40e2-af1c-ad4fc4fa5a6f","email":"quang1@gmail.com","username":"quang1","name":"quang1","phoneNumber":"09874563210","profilePic":"https://res.cloudinary.com/dizcvrefo/image/upload/v1749027586/nestjs_uploads/xehairydt9rzlbmbmv4c.jpg","bio":"Thang Nam Lao Vua Thoi","private":false,"verified":false,"role":0,"followersCount":2,"followingCount":3,"postCount":2}}

16:12:14.322 [main] INFO com.intuit.karate -- [print] *** AFTER API CALL *** Status: 200 
16:12:14.323 [main] INFO com.intuit.karate -- [print] ### API CALL COMPLETED ### Email: quang1@gmail.com Status: 200 
16:12:14.323 [main] INFO com.intuit.karate -- [print] ### RESPONSE BODY ### {
  "access_token": "eyJhbGciOiJIUzI1NiIsInR5cCI6IkpXVCJ9.eyJzdWIiOiIyYjg0YWEyNC02NjhhLTQwZTItYWYxYy1hZDRmYzRmYTVhNmYiLCJ1c2VybmFtZSI6InF1YW5nMSIsInJvbGUiOjAsImlhdCI6MTc1MDc1NjMzNCwiZXhwIjoxNzUwNzU5OTM0fQ.wkmQXNFb_lFRVWHNGsb3tTPGkdjKPdM4htb7kWK4PHY",
  "refresh_token": "15293c86b49e586a60ffd9c5b03cd5affa0fddf1cb0756f96753c9c2014611eb",
  "user": {
    "id": "2b84aa24-668a-40e2-af1c-ad4fc4fa5a6f",
    "email": "quang1@gmail.com",
    "username": "quang1",
    "name": "quang1",
    "phoneNumber": "09874563210",
    "profilePic": "https://res.cloudinary.com/dizcvrefo/image/upload/v1749027586/nestjs_uploads/xehairydt9rzlbmbmv4c.jpg",
    "bio": "Thang Nam Lao Vua Thoi",
    "private": false,
    "verified": false,
    "role": 0,
    "followersCount": 2,
    "followingCount": 3,
    "postCount": 2
  }
}
 
16:12:14.324 [main] INFO com.intuit.karate -- Request #42 completed - Status: 200 Time: 284ms 
16:12:14.325 [main] INFO com.intuit.karate -- *** SEQUENTIAL REQUEST #43 *** 
16:12:14.325 [main] INFO com.intuit.karate -- User: test@example.com 
16:12:14.328 [main] INFO com.intuit.karate -- [print] *** BEFORE API CALL *** Email: test@example.com URL: http://localhost:3000/auth/login 
16:12:14.328 [main] DEBUG com.jayway.jsonpath.internal.path.CompiledPath -- Evaluating path: $
16:12:14.328 [main] INFO com.intuit.karate -- [print] *** SENDING REQUEST *** Body: {
  "email": "#(email)",
  "password": "#(password)"
}
 
16:12:14.329 [main] DEBUG org.apache.http.client.protocol.RequestAddCookies -- CookieSpec selected: karate
16:12:14.329 [main] DEBUG org.apache.http.client.protocol.RequestAuthCache -- Auth cache not set in the context
16:12:14.329 [main] DEBUG com.intuit.karate -- request:
1 > POST http://localhost:3000/auth/login
1 > Content-Type: application/json; charset=UTF-8
1 > Content-Length: 53
1 > Host: localhost:3000
1 > Connection: Keep-Alive
1 > User-Agent: Apache-HttpClient/4.5.14 (Java/17.0.9)
1 > Accept-Encoding: gzip,deflate
{"email":"test@example.com","password":"Password123"}

16:12:14.329 [main] DEBUG org.apache.http.impl.conn.PoolingHttpClientConnectionManager -- Connection request: [route: {}->http://localhost:3000][total available: 0; route allocated: 0 of 5; total allocated: 0 of 10]
16:12:14.329 [main] DEBUG org.apache.http.impl.conn.PoolingHttpClientConnectionManager -- Connection leased: [id: 42][route: {}->http://localhost:3000][total available: 0; route allocated: 1 of 5; total allocated: 1 of 10]
16:12:14.329 [main] DEBUG org.apache.http.impl.execchain.MainClientExec -- Opening connection {}->http://localhost:3000
16:12:14.330 [main] DEBUG org.apache.http.impl.conn.DefaultHttpClientConnectionOperator -- Connecting to localhost/127.0.0.1:3000
16:12:14.330 [main] DEBUG org.apache.http.impl.conn.DefaultHttpClientConnectionOperator -- Connection established 127.0.0.1:51086<->127.0.0.1:3000
16:12:14.330 [main] DEBUG org.apache.http.impl.conn.DefaultManagedHttpClientConnection -- http-outgoing-42: set socket timeout to 30000
16:12:14.330 [main] DEBUG org.apache.http.impl.execchain.MainClientExec -- Executing request POST /auth/login HTTP/1.1
16:12:14.330 [main] DEBUG org.apache.http.impl.execchain.MainClientExec -- Target auth state: UNCHALLENGED
16:12:14.330 [main] DEBUG org.apache.http.impl.execchain.MainClientExec -- Proxy auth state: UNCHALLENGED
16:12:14.330 [main] DEBUG org.apache.http.headers -- http-outgoing-42 >> POST /auth/login HTTP/1.1
16:12:14.330 [main] DEBUG org.apache.http.headers -- http-outgoing-42 >> Content-Type: application/json; charset=UTF-8
16:12:14.330 [main] DEBUG org.apache.http.headers -- http-outgoing-42 >> Content-Length: 53
16:12:14.330 [main] DEBUG org.apache.http.headers -- http-outgoing-42 >> Host: localhost:3000
16:12:14.330 [main] DEBUG org.apache.http.headers -- http-outgoing-42 >> Connection: Keep-Alive
16:12:14.330 [main] DEBUG org.apache.http.headers -- http-outgoing-42 >> User-Agent: Apache-HttpClient/4.5.14 (Java/17.0.9)
16:12:14.330 [main] DEBUG org.apache.http.headers -- http-outgoing-42 >> Accept-Encoding: gzip,deflate
16:12:14.330 [main] DEBUG org.apache.http.wire -- http-outgoing-42 >> "POST /auth/login HTTP/1.1[\r][\n]"
16:12:14.330 [main] DEBUG org.apache.http.wire -- http-outgoing-42 >> "Content-Type: application/json; charset=UTF-8[\r][\n]"
16:12:14.330 [main] DEBUG org.apache.http.wire -- http-outgoing-42 >> "Content-Length: 53[\r][\n]"
16:12:14.330 [main] DEBUG org.apache.http.wire -- http-outgoing-42 >> "Host: localhost:3000[\r][\n]"
16:12:14.330 [main] DEBUG org.apache.http.wire -- http-outgoing-42 >> "Connection: Keep-Alive[\r][\n]"
16:12:14.330 [main] DEBUG org.apache.http.wire -- http-outgoing-42 >> "User-Agent: Apache-HttpClient/4.5.14 (Java/17.0.9)[\r][\n]"
16:12:14.330 [main] DEBUG org.apache.http.wire -- http-outgoing-42 >> "Accept-Encoding: gzip,deflate[\r][\n]"
16:12:14.330 [main] DEBUG org.apache.http.wire -- http-outgoing-42 >> "[\r][\n]"
16:12:14.330 [main] DEBUG org.apache.http.wire -- http-outgoing-42 >> "{"email":"test@example.com","password":"Password123"}"
16:12:14.591 [main] DEBUG org.apache.http.wire -- http-outgoing-42 << "HTTP/1.1 200 OK[\r][\n]"
16:12:14.592 [main] DEBUG org.apache.http.wire -- http-outgoing-42 << "X-Powered-By: Express[\r][\n]"
16:12:14.592 [main] DEBUG org.apache.http.wire -- http-outgoing-42 << "Access-Control-Allow-Origin: *[\r][\n]"
16:12:14.592 [main] DEBUG org.apache.http.wire -- http-outgoing-42 << "Content-Type: application/json; charset=utf-8[\r][\n]"
16:12:14.592 [main] DEBUG org.apache.http.wire -- http-outgoing-42 << "Content-Length: 599[\r][\n]"
16:12:14.592 [main] DEBUG org.apache.http.wire -- http-outgoing-42 << "ETag: W/"257-4uZklgbzmAP9zyagiHN6GR7Obhc"[\r][\n]"
16:12:14.592 [main] DEBUG org.apache.http.wire -- http-outgoing-42 << "Date: Tue, 24 Jun 2025 09:12:14 GMT[\r][\n]"
16:12:14.592 [main] DEBUG org.apache.http.wire -- http-outgoing-42 << "Connection: keep-alive[\r][\n]"
16:12:14.592 [main] DEBUG org.apache.http.wire -- http-outgoing-42 << "Keep-Alive: timeout=5[\r][\n]"
16:12:14.592 [main] DEBUG org.apache.http.wire -- http-outgoing-42 << "[\r][\n]"
16:12:14.592 [main] DEBUG org.apache.http.wire -- http-outgoing-42 << "{"access_token":"eyJhbGciOiJIUzI1NiIsInR5cCI6IkpXVCJ9.eyJzdWIiOiIyZGRhMDQzOS01MTgwLTQ1YWEtOTE3Zi1lNjMyZTQ1YThlNDEiLCJ1c2VybmFtZSI6ImpvaG5kb2UiLCJyb2xlIjowLCJpYXQiOjE3NTA3NTYzMzQsImV4cCI6MTc1MDc1OTkzNH0.0Rhjxssxamiu8Uv8wv_KT45mZbFLvTMNhVwa-mTgE5U","refresh_token":"5824bf54aa8e6d251a9045ea2841520dd12d6b63b714916a3e612d11c832edeb","user":{"id":"2dda0439-5180-45aa-917f-e632e45a8e41","email":"test@example.com","username":"johndoe","name":"John Doe","phoneNumber":"0987654321","profilePic":null,"bio":null,"private":false,"verified":false,"role":0,"followersCount":0,"followingCount":0,"postCount":0}}"
16:12:14.592 [main] DEBUG org.apache.http.headers -- http-outgoing-42 << HTTP/1.1 200 OK
16:12:14.592 [main] DEBUG org.apache.http.headers -- http-outgoing-42 << X-Powered-By: Express
16:12:14.592 [main] DEBUG org.apache.http.headers -- http-outgoing-42 << Access-Control-Allow-Origin: *
16:12:14.592 [main] DEBUG org.apache.http.headers -- http-outgoing-42 << Content-Type: application/json; charset=utf-8
16:12:14.592 [main] DEBUG org.apache.http.headers -- http-outgoing-42 << Content-Length: 599
16:12:14.592 [main] DEBUG org.apache.http.headers -- http-outgoing-42 << ETag: W/"257-4uZklgbzmAP9zyagiHN6GR7Obhc"
16:12:14.592 [main] DEBUG org.apache.http.headers -- http-outgoing-42 << Date: Tue, 24 Jun 2025 09:12:14 GMT
16:12:14.592 [main] DEBUG org.apache.http.headers -- http-outgoing-42 << Connection: keep-alive
16:12:14.592 [main] DEBUG org.apache.http.headers -- http-outgoing-42 << Keep-Alive: timeout=5
16:12:14.592 [main] DEBUG org.apache.http.impl.execchain.MainClientExec -- Connection can be kept alive for 5000 MILLISECONDS
16:12:14.592 [main] DEBUG org.apache.http.impl.conn.PoolingHttpClientConnectionManager -- Connection [id: 42][route: {}->http://localhost:3000] can be kept alive for 5.0 seconds
16:12:14.592 [main] DEBUG org.apache.http.impl.conn.DefaultManagedHttpClientConnection -- http-outgoing-42: set socket timeout to 0
16:12:14.592 [main] DEBUG org.apache.http.impl.conn.PoolingHttpClientConnectionManager -- Connection released: [id: 42][route: {}->http://localhost:3000][total available: 1; route allocated: 1 of 5; total allocated: 1 of 10]
16:12:14.592 [main] DEBUG org.apache.http.impl.conn.PoolingHttpClientConnectionManager -- Connection manager is shutting down
16:12:14.592 [main] DEBUG org.apache.http.impl.conn.DefaultManagedHttpClientConnection -- http-outgoing-42: Close connection
16:12:14.592 [main] DEBUG org.apache.http.impl.conn.PoolingHttpClientConnectionManager -- Connection manager shut down
16:12:14.592 [main] DEBUG com.intuit.karate -- response time in milliseconds: 263
1 < 200
1 < X-Powered-By: Express
1 < Access-Control-Allow-Origin: *
1 < Content-Type: application/json; charset=utf-8
1 < Content-Length: 599
1 < ETag: W/"257-4uZklgbzmAP9zyagiHN6GR7Obhc"
1 < Date: Tue, 24 Jun 2025 09:12:14 GMT
1 < Connection: keep-alive
1 < Keep-Alive: timeout=5
{"access_token":"eyJhbGciOiJIUzI1NiIsInR5cCI6IkpXVCJ9.eyJzdWIiOiIyZGRhMDQzOS01MTgwLTQ1YWEtOTE3Zi1lNjMyZTQ1YThlNDEiLCJ1c2VybmFtZSI6ImpvaG5kb2UiLCJyb2xlIjowLCJpYXQiOjE3NTA3NTYzMzQsImV4cCI6MTc1MDc1OTkzNH0.0Rhjxssxamiu8Uv8wv_KT45mZbFLvTMNhVwa-mTgE5U","refresh_token":"5824bf54aa8e6d251a9045ea2841520dd12d6b63b714916a3e612d11c832edeb","user":{"id":"2dda0439-5180-45aa-917f-e632e45a8e41","email":"test@example.com","username":"johndoe","name":"John Doe","phoneNumber":"0987654321","profilePic":null,"bio":null,"private":false,"verified":false,"role":0,"followersCount":0,"followingCount":0,"postCount":0}}

16:12:14.593 [main] INFO com.intuit.karate -- [print] *** AFTER API CALL *** Status: 200 
16:12:14.593 [main] INFO com.intuit.karate -- [print] ### API CALL COMPLETED ### Email: test@example.com Status: 200 
16:12:14.593 [main] INFO com.intuit.karate -- [print] ### RESPONSE BODY ### {
  "access_token": "eyJhbGciOiJIUzI1NiIsInR5cCI6IkpXVCJ9.eyJzdWIiOiIyZGRhMDQzOS01MTgwLTQ1YWEtOTE3Zi1lNjMyZTQ1YThlNDEiLCJ1c2VybmFtZSI6ImpvaG5kb2UiLCJyb2xlIjowLCJpYXQiOjE3NTA3NTYzMzQsImV4cCI6MTc1MDc1OTkzNH0.0Rhjxssxamiu8Uv8wv_KT45mZbFLvTMNhVwa-mTgE5U",
  "refresh_token": "5824bf54aa8e6d251a9045ea2841520dd12d6b63b714916a3e612d11c832edeb",
  "user": {
    "id": "2dda0439-5180-45aa-917f-e632e45a8e41",
    "email": "test@example.com",
    "username": "johndoe",
    "name": "John Doe",
    "phoneNumber": "0987654321",
    "profilePic": null,
    "bio": null,
    "private": false,
    "verified": false,
    "role": 0,
    "followersCount": 0,
    "followingCount": 0,
    "postCount": 0
  }
}
 
16:12:14.594 [main] INFO com.intuit.karate -- Request #43 completed - Status: 200 Time: 269ms 
16:12:14.594 [main] INFO com.intuit.karate -- *** SEQUENTIAL REQUEST #44 *** 
16:12:14.594 [main] INFO com.intuit.karate -- User: test2@example.com 
16:12:14.597 [main] INFO com.intuit.karate -- [print] *** BEFORE API CALL *** Email: test2@example.com URL: http://localhost:3000/auth/login 
16:12:14.598 [main] DEBUG com.jayway.jsonpath.internal.path.CompiledPath -- Evaluating path: $
16:12:14.598 [main] INFO com.intuit.karate -- [print] *** SENDING REQUEST *** Body: {
  "email": "#(email)",
  "password": "#(password)"
}
 
16:12:14.599 [main] DEBUG org.apache.http.client.protocol.RequestAddCookies -- CookieSpec selected: karate
16:12:14.599 [main] DEBUG org.apache.http.client.protocol.RequestAuthCache -- Auth cache not set in the context
16:12:14.599 [main] DEBUG com.intuit.karate -- request:
1 > POST http://localhost:3000/auth/login
1 > Content-Type: application/json; charset=UTF-8
1 > Content-Length: 54
1 > Host: localhost:3000
1 > Connection: Keep-Alive
1 > User-Agent: Apache-HttpClient/4.5.14 (Java/17.0.9)
1 > Accept-Encoding: gzip,deflate
{"email":"test2@example.com","password":"Password123"}

16:12:14.599 [main] DEBUG org.apache.http.impl.conn.PoolingHttpClientConnectionManager -- Connection request: [route: {}->http://localhost:3000][total available: 0; route allocated: 0 of 5; total allocated: 0 of 10]
16:12:14.599 [main] DEBUG org.apache.http.impl.conn.PoolingHttpClientConnectionManager -- Connection leased: [id: 43][route: {}->http://localhost:3000][total available: 0; route allocated: 1 of 5; total allocated: 1 of 10]
16:12:14.599 [main] DEBUG org.apache.http.impl.execchain.MainClientExec -- Opening connection {}->http://localhost:3000
16:12:14.599 [main] DEBUG org.apache.http.impl.conn.DefaultHttpClientConnectionOperator -- Connecting to localhost/127.0.0.1:3000
16:12:14.600 [main] DEBUG org.apache.http.impl.conn.DefaultHttpClientConnectionOperator -- Connection established 127.0.0.1:51087<->127.0.0.1:3000
16:12:14.600 [main] DEBUG org.apache.http.impl.conn.DefaultManagedHttpClientConnection -- http-outgoing-43: set socket timeout to 30000
16:12:14.600 [main] DEBUG org.apache.http.impl.execchain.MainClientExec -- Executing request POST /auth/login HTTP/1.1
16:12:14.600 [main] DEBUG org.apache.http.impl.execchain.MainClientExec -- Target auth state: UNCHALLENGED
16:12:14.600 [main] DEBUG org.apache.http.impl.execchain.MainClientExec -- Proxy auth state: UNCHALLENGED
16:12:14.600 [main] DEBUG org.apache.http.headers -- http-outgoing-43 >> POST /auth/login HTTP/1.1
16:12:14.600 [main] DEBUG org.apache.http.headers -- http-outgoing-43 >> Content-Type: application/json; charset=UTF-8
16:12:14.600 [main] DEBUG org.apache.http.headers -- http-outgoing-43 >> Content-Length: 54
16:12:14.600 [main] DEBUG org.apache.http.headers -- http-outgoing-43 >> Host: localhost:3000
16:12:14.600 [main] DEBUG org.apache.http.headers -- http-outgoing-43 >> Connection: Keep-Alive
16:12:14.600 [main] DEBUG org.apache.http.headers -- http-outgoing-43 >> User-Agent: Apache-HttpClient/4.5.14 (Java/17.0.9)
16:12:14.600 [main] DEBUG org.apache.http.headers -- http-outgoing-43 >> Accept-Encoding: gzip,deflate
16:12:14.600 [main] DEBUG org.apache.http.wire -- http-outgoing-43 >> "POST /auth/login HTTP/1.1[\r][\n]"
16:12:14.600 [main] DEBUG org.apache.http.wire -- http-outgoing-43 >> "Content-Type: application/json; charset=UTF-8[\r][\n]"
16:12:14.600 [main] DEBUG org.apache.http.wire -- http-outgoing-43 >> "Content-Length: 54[\r][\n]"
16:12:14.600 [main] DEBUG org.apache.http.wire -- http-outgoing-43 >> "Host: localhost:3000[\r][\n]"
16:12:14.600 [main] DEBUG org.apache.http.wire -- http-outgoing-43 >> "Connection: Keep-Alive[\r][\n]"
16:12:14.600 [main] DEBUG org.apache.http.wire -- http-outgoing-43 >> "User-Agent: Apache-HttpClient/4.5.14 (Java/17.0.9)[\r][\n]"
16:12:14.600 [main] DEBUG org.apache.http.wire -- http-outgoing-43 >> "Accept-Encoding: gzip,deflate[\r][\n]"
16:12:14.600 [main] DEBUG org.apache.http.wire -- http-outgoing-43 >> "[\r][\n]"
16:12:14.600 [main] DEBUG org.apache.http.wire -- http-outgoing-43 >> "{"email":"test2@example.com","password":"Password123"}"
16:12:14.867 [main] DEBUG org.apache.http.wire -- http-outgoing-43 << "HTTP/1.1 200 OK[\r][\n]"
16:12:14.869 [main] DEBUG org.apache.http.wire -- http-outgoing-43 << "X-Powered-By: Express[\r][\n]"
16:12:14.869 [main] DEBUG org.apache.http.wire -- http-outgoing-43 << "Access-Control-Allow-Origin: *[\r][\n]"
16:12:14.869 [main] DEBUG org.apache.http.wire -- http-outgoing-43 << "Content-Type: application/json; charset=utf-8[\r][\n]"
16:12:14.869 [main] DEBUG org.apache.http.wire -- http-outgoing-43 << "Content-Length: 608[\r][\n]"
16:12:14.869 [main] DEBUG org.apache.http.wire -- http-outgoing-43 << "ETag: W/"260-jo5fhq9JHWKd/7oCVchJNQEZflA"[\r][\n]"
16:12:14.869 [main] DEBUG org.apache.http.wire -- http-outgoing-43 << "Date: Tue, 24 Jun 2025 09:12:14 GMT[\r][\n]"
16:12:14.869 [main] DEBUG org.apache.http.wire -- http-outgoing-43 << "Connection: keep-alive[\r][\n]"
16:12:14.869 [main] DEBUG org.apache.http.wire -- http-outgoing-43 << "Keep-Alive: timeout=5[\r][\n]"
16:12:14.869 [main] DEBUG org.apache.http.wire -- http-outgoing-43 << "[\r][\n]"
16:12:14.869 [main] DEBUG org.apache.http.wire -- http-outgoing-43 << "{"access_token":"eyJhbGciOiJIUzI1NiIsInR5cCI6IkpXVCJ9.eyJzdWIiOiI4YTI0NzQ2MS01YzA0LTQyMWQtOThmNS1mYTljNzM0ZmFlYTUiLCJ1c2VybmFtZSI6ImphbmVzbWl0aCIsInJvbGUiOjAsImlhdCI6MTc1MDc1NjMzNCwiZXhwIjoxNzUwNzU5OTM0fQ.iZj7ILSxzH0WCIn2bcs7j9HLkF4HNmRD4Ip_jyVfSu8","refresh_token":"11154d9510a00849fd98cad00bbbd7b07ef1a68e468b3d464439effae2fc77f5","user":{"id":"8a247461-5c04-421d-98f5-fa9c734faea5","email":"test2@example.com","username":"janesmith","name":"Jane Smith","phoneNumber":"01234567890","profilePic":null,"bio":null,"private":false,"verified":false,"role":0,"followersCount":0,"followingCount":0,"postCount":0}}"
16:12:14.869 [main] DEBUG org.apache.http.headers -- http-outgoing-43 << HTTP/1.1 200 OK
16:12:14.869 [main] DEBUG org.apache.http.headers -- http-outgoing-43 << X-Powered-By: Express
16:12:14.869 [main] DEBUG org.apache.http.headers -- http-outgoing-43 << Access-Control-Allow-Origin: *
16:12:14.869 [main] DEBUG org.apache.http.headers -- http-outgoing-43 << Content-Type: application/json; charset=utf-8
16:12:14.869 [main] DEBUG org.apache.http.headers -- http-outgoing-43 << Content-Length: 608
16:12:14.869 [main] DEBUG org.apache.http.headers -- http-outgoing-43 << ETag: W/"260-jo5fhq9JHWKd/7oCVchJNQEZflA"
16:12:14.869 [main] DEBUG org.apache.http.headers -- http-outgoing-43 << Date: Tue, 24 Jun 2025 09:12:14 GMT
16:12:14.869 [main] DEBUG org.apache.http.headers -- http-outgoing-43 << Connection: keep-alive
16:12:14.869 [main] DEBUG org.apache.http.headers -- http-outgoing-43 << Keep-Alive: timeout=5
16:12:14.869 [main] DEBUG org.apache.http.impl.execchain.MainClientExec -- Connection can be kept alive for 5000 MILLISECONDS
16:12:14.869 [main] DEBUG org.apache.http.impl.conn.PoolingHttpClientConnectionManager -- Connection [id: 43][route: {}->http://localhost:3000] can be kept alive for 5.0 seconds
16:12:14.869 [main] DEBUG org.apache.http.impl.conn.DefaultManagedHttpClientConnection -- http-outgoing-43: set socket timeout to 0
16:12:14.869 [main] DEBUG org.apache.http.impl.conn.PoolingHttpClientConnectionManager -- Connection released: [id: 43][route: {}->http://localhost:3000][total available: 1; route allocated: 1 of 5; total allocated: 1 of 10]
16:12:14.869 [main] DEBUG org.apache.http.impl.conn.PoolingHttpClientConnectionManager -- Connection manager is shutting down
16:12:14.869 [main] DEBUG org.apache.http.impl.conn.DefaultManagedHttpClientConnection -- http-outgoing-43: Close connection
16:12:14.869 [main] DEBUG org.apache.http.impl.conn.PoolingHttpClientConnectionManager -- Connection manager shut down
16:12:14.869 [main] DEBUG com.intuit.karate -- response time in milliseconds: 270
1 < 200
1 < X-Powered-By: Express
1 < Access-Control-Allow-Origin: *
1 < Content-Type: application/json; charset=utf-8
1 < Content-Length: 608
1 < ETag: W/"260-jo5fhq9JHWKd/7oCVchJNQEZflA"
1 < Date: Tue, 24 Jun 2025 09:12:14 GMT
1 < Connection: keep-alive
1 < Keep-Alive: timeout=5
{"access_token":"eyJhbGciOiJIUzI1NiIsInR5cCI6IkpXVCJ9.eyJzdWIiOiI4YTI0NzQ2MS01YzA0LTQyMWQtOThmNS1mYTljNzM0ZmFlYTUiLCJ1c2VybmFtZSI6ImphbmVzbWl0aCIsInJvbGUiOjAsImlhdCI6MTc1MDc1NjMzNCwiZXhwIjoxNzUwNzU5OTM0fQ.iZj7ILSxzH0WCIn2bcs7j9HLkF4HNmRD4Ip_jyVfSu8","refresh_token":"11154d9510a00849fd98cad00bbbd7b07ef1a68e468b3d464439effae2fc77f5","user":{"id":"8a247461-5c04-421d-98f5-fa9c734faea5","email":"test2@example.com","username":"janesmith","name":"Jane Smith","phoneNumber":"01234567890","profilePic":null,"bio":null,"private":false,"verified":false,"role":0,"followersCount":0,"followingCount":0,"postCount":0}}

16:12:14.870 [main] INFO com.intuit.karate -- [print] *** AFTER API CALL *** Status: 200 
16:12:14.870 [main] INFO com.intuit.karate -- [print] ### API CALL COMPLETED ### Email: test2@example.com Status: 200 
16:12:14.870 [main] INFO com.intuit.karate -- [print] ### RESPONSE BODY ### {
  "access_token": "eyJhbGciOiJIUzI1NiIsInR5cCI6IkpXVCJ9.eyJzdWIiOiI4YTI0NzQ2MS01YzA0LTQyMWQtOThmNS1mYTljNzM0ZmFlYTUiLCJ1c2VybmFtZSI6ImphbmVzbWl0aCIsInJvbGUiOjAsImlhdCI6MTc1MDc1NjMzNCwiZXhwIjoxNzUwNzU5OTM0fQ.iZj7ILSxzH0WCIn2bcs7j9HLkF4HNmRD4Ip_jyVfSu8",
  "refresh_token": "11154d9510a00849fd98cad00bbbd7b07ef1a68e468b3d464439effae2fc77f5",
  "user": {
    "id": "8a247461-5c04-421d-98f5-fa9c734faea5",
    "email": "test2@example.com",
    "username": "janesmith",
    "name": "Jane Smith",
    "phoneNumber": "01234567890",
    "profilePic": null,
    "bio": null,
    "private": false,
    "verified": false,
    "role": 0,
    "followersCount": 0,
    "followingCount": 0,
    "postCount": 0
  }
}
 
16:12:14.871 [main] INFO com.intuit.karate -- Request #44 completed - Status: 200 Time: 276ms 
16:12:14.871 [main] INFO com.intuit.karate -- *** SEQUENTIAL REQUEST #45 *** 
16:12:14.871 [main] INFO com.intuit.karate -- User: test28@example.com 
16:12:14.874 [main] INFO com.intuit.karate -- [print] *** BEFORE API CALL *** Email: test28@example.com URL: http://localhost:3000/auth/login 
16:12:14.874 [main] DEBUG com.jayway.jsonpath.internal.path.CompiledPath -- Evaluating path: $
16:12:14.874 [main] INFO com.intuit.karate -- [print] *** SENDING REQUEST *** Body: {
  "email": "#(email)",
  "password": "#(password)"
}
 
16:12:14.875 [main] DEBUG org.apache.http.client.protocol.RequestAddCookies -- CookieSpec selected: karate
16:12:14.875 [main] DEBUG org.apache.http.client.protocol.RequestAuthCache -- Auth cache not set in the context
16:12:14.875 [main] DEBUG com.intuit.karate -- request:
1 > POST http://localhost:3000/auth/login
1 > Content-Type: application/json; charset=UTF-8
1 > Content-Length: 55
1 > Host: localhost:3000
1 > Connection: Keep-Alive
1 > User-Agent: Apache-HttpClient/4.5.14 (Java/17.0.9)
1 > Accept-Encoding: gzip,deflate
{"email":"test28@example.com","password":"Password123"}

16:12:14.875 [main] DEBUG org.apache.http.impl.conn.PoolingHttpClientConnectionManager -- Connection request: [route: {}->http://localhost:3000][total available: 0; route allocated: 0 of 5; total allocated: 0 of 10]
16:12:14.875 [main] DEBUG org.apache.http.impl.conn.PoolingHttpClientConnectionManager -- Connection leased: [id: 44][route: {}->http://localhost:3000][total available: 0; route allocated: 1 of 5; total allocated: 1 of 10]
16:12:14.875 [main] DEBUG org.apache.http.impl.execchain.MainClientExec -- Opening connection {}->http://localhost:3000
16:12:14.875 [main] DEBUG org.apache.http.impl.conn.DefaultHttpClientConnectionOperator -- Connecting to localhost/127.0.0.1:3000
16:12:14.875 [main] DEBUG org.apache.http.impl.conn.DefaultHttpClientConnectionOperator -- Connection established 127.0.0.1:51088<->127.0.0.1:3000
16:12:14.875 [main] DEBUG org.apache.http.impl.conn.DefaultManagedHttpClientConnection -- http-outgoing-44: set socket timeout to 30000
16:12:14.875 [main] DEBUG org.apache.http.impl.execchain.MainClientExec -- Executing request POST /auth/login HTTP/1.1
16:12:14.875 [main] DEBUG org.apache.http.impl.execchain.MainClientExec -- Target auth state: UNCHALLENGED
16:12:14.875 [main] DEBUG org.apache.http.impl.execchain.MainClientExec -- Proxy auth state: UNCHALLENGED
16:12:14.875 [main] DEBUG org.apache.http.headers -- http-outgoing-44 >> POST /auth/login HTTP/1.1
16:12:14.875 [main] DEBUG org.apache.http.headers -- http-outgoing-44 >> Content-Type: application/json; charset=UTF-8
16:12:14.876 [main] DEBUG org.apache.http.headers -- http-outgoing-44 >> Content-Length: 55
16:12:14.876 [main] DEBUG org.apache.http.headers -- http-outgoing-44 >> Host: localhost:3000
16:12:14.876 [main] DEBUG org.apache.http.headers -- http-outgoing-44 >> Connection: Keep-Alive
16:12:14.876 [main] DEBUG org.apache.http.headers -- http-outgoing-44 >> User-Agent: Apache-HttpClient/4.5.14 (Java/17.0.9)
16:12:14.876 [main] DEBUG org.apache.http.headers -- http-outgoing-44 >> Accept-Encoding: gzip,deflate
16:12:14.876 [main] DEBUG org.apache.http.wire -- http-outgoing-44 >> "POST /auth/login HTTP/1.1[\r][\n]"
16:12:14.876 [main] DEBUG org.apache.http.wire -- http-outgoing-44 >> "Content-Type: application/json; charset=UTF-8[\r][\n]"
16:12:14.876 [main] DEBUG org.apache.http.wire -- http-outgoing-44 >> "Content-Length: 55[\r][\n]"
16:12:14.876 [main] DEBUG org.apache.http.wire -- http-outgoing-44 >> "Host: localhost:3000[\r][\n]"
16:12:14.876 [main] DEBUG org.apache.http.wire -- http-outgoing-44 >> "Connection: Keep-Alive[\r][\n]"
16:12:14.876 [main] DEBUG org.apache.http.wire -- http-outgoing-44 >> "User-Agent: Apache-HttpClient/4.5.14 (Java/17.0.9)[\r][\n]"
16:12:14.876 [main] DEBUG org.apache.http.wire -- http-outgoing-44 >> "Accept-Encoding: gzip,deflate[\r][\n]"
16:12:14.876 [main] DEBUG org.apache.http.wire -- http-outgoing-44 >> "[\r][\n]"
16:12:14.876 [main] DEBUG org.apache.http.wire -- http-outgoing-44 >> "{"email":"test28@example.com","password":"Password123"}"
16:12:15.140 [main] DEBUG org.apache.http.wire -- http-outgoing-44 << "HTTP/1.1 200 OK[\r][\n]"
16:12:15.140 [main] DEBUG org.apache.http.wire -- http-outgoing-44 << "X-Powered-By: Express[\r][\n]"
16:12:15.140 [main] DEBUG org.apache.http.wire -- http-outgoing-44 << "Access-Control-Allow-Origin: *[\r][\n]"
16:12:15.140 [main] DEBUG org.apache.http.wire -- http-outgoing-44 << "Content-Type: application/json; charset=utf-8[\r][\n]"
16:12:15.140 [main] DEBUG org.apache.http.wire -- http-outgoing-44 << "Content-Length: 607[\r][\n]"
16:12:15.140 [main] DEBUG org.apache.http.wire -- http-outgoing-44 << "ETag: W/"25f-8RIP1q5VHmPMdh2NAvXQJeQP7Dk"[\r][\n]"
16:12:15.140 [main] DEBUG org.apache.http.wire -- http-outgoing-44 << "Date: Tue, 24 Jun 2025 09:12:15 GMT[\r][\n]"
16:12:15.140 [main] DEBUG org.apache.http.wire -- http-outgoing-44 << "Connection: keep-alive[\r][\n]"
16:12:15.140 [main] DEBUG org.apache.http.wire -- http-outgoing-44 << "Keep-Alive: timeout=5[\r][\n]"
16:12:15.140 [main] DEBUG org.apache.http.wire -- http-outgoing-44 << "[\r][\n]"
16:12:15.140 [main] DEBUG org.apache.http.wire -- http-outgoing-44 << "{"access_token":"eyJhbGciOiJIUzI1NiIsInR5cCI6IkpXVCJ9.eyJzdWIiOiJjMjE0MjJkZi1jY2VjLTQ0MGUtOWE0Mi1jMWI4MmFiZjczM2QiLCJ1c2VybmFtZSI6ImpvaG5kb2UyOCIsInJvbGUiOjAsImlhdCI6MTc1MDc1NjMzNSwiZXhwIjoxNzUwNzU5OTM1fQ.0T4vTTMlEpyaOqpwXt69VwwlEkmuSVf7Qswg2dRiboM","refresh_token":"c7b647c42c16e19d12208e6789d1fd5a3e9390d0da3a542f0b6adeff9739b158","user":{"id":"c21422df-ccec-440e-9a42-c1b82abf733d","email":"test28@example.com","username":"johndoe28","name":"John Doe","phoneNumber":"84987654321","profilePic":null,"bio":null,"private":false,"verified":false,"role":0,"followersCount":0,"followingCount":0,"postCount":0}}"
16:12:15.140 [main] DEBUG org.apache.http.headers -- http-outgoing-44 << HTTP/1.1 200 OK
16:12:15.140 [main] DEBUG org.apache.http.headers -- http-outgoing-44 << X-Powered-By: Express
16:12:15.140 [main] DEBUG org.apache.http.headers -- http-outgoing-44 << Access-Control-Allow-Origin: *
16:12:15.140 [main] DEBUG org.apache.http.headers -- http-outgoing-44 << Content-Type: application/json; charset=utf-8
16:12:15.140 [main] DEBUG org.apache.http.headers -- http-outgoing-44 << Content-Length: 607
16:12:15.140 [main] DEBUG org.apache.http.headers -- http-outgoing-44 << ETag: W/"25f-8RIP1q5VHmPMdh2NAvXQJeQP7Dk"
16:12:15.140 [main] DEBUG org.apache.http.headers -- http-outgoing-44 << Date: Tue, 24 Jun 2025 09:12:15 GMT
16:12:15.140 [main] DEBUG org.apache.http.headers -- http-outgoing-44 << Connection: keep-alive
16:12:15.140 [main] DEBUG org.apache.http.headers -- http-outgoing-44 << Keep-Alive: timeout=5
16:12:15.140 [main] DEBUG org.apache.http.impl.execchain.MainClientExec -- Connection can be kept alive for 5000 MILLISECONDS
16:12:15.140 [main] DEBUG org.apache.http.impl.conn.PoolingHttpClientConnectionManager -- Connection [id: 44][route: {}->http://localhost:3000] can be kept alive for 5.0 seconds
16:12:15.140 [main] DEBUG org.apache.http.impl.conn.DefaultManagedHttpClientConnection -- http-outgoing-44: set socket timeout to 0
16:12:15.140 [main] DEBUG org.apache.http.impl.conn.PoolingHttpClientConnectionManager -- Connection released: [id: 44][route: {}->http://localhost:3000][total available: 1; route allocated: 1 of 5; total allocated: 1 of 10]
16:12:15.140 [main] DEBUG org.apache.http.impl.conn.PoolingHttpClientConnectionManager -- Connection manager is shutting down
16:12:15.140 [main] DEBUG org.apache.http.impl.conn.DefaultManagedHttpClientConnection -- http-outgoing-44: Close connection
16:12:15.140 [main] DEBUG org.apache.http.impl.conn.PoolingHttpClientConnectionManager -- Connection manager shut down
16:12:15.140 [main] DEBUG com.intuit.karate -- response time in milliseconds: 265
1 < 200
1 < X-Powered-By: Express
1 < Access-Control-Allow-Origin: *
1 < Content-Type: application/json; charset=utf-8
1 < Content-Length: 607
1 < ETag: W/"25f-8RIP1q5VHmPMdh2NAvXQJeQP7Dk"
1 < Date: Tue, 24 Jun 2025 09:12:15 GMT
1 < Connection: keep-alive
1 < Keep-Alive: timeout=5
{"access_token":"eyJhbGciOiJIUzI1NiIsInR5cCI6IkpXVCJ9.eyJzdWIiOiJjMjE0MjJkZi1jY2VjLTQ0MGUtOWE0Mi1jMWI4MmFiZjczM2QiLCJ1c2VybmFtZSI6ImpvaG5kb2UyOCIsInJvbGUiOjAsImlhdCI6MTc1MDc1NjMzNSwiZXhwIjoxNzUwNzU5OTM1fQ.0T4vTTMlEpyaOqpwXt69VwwlEkmuSVf7Qswg2dRiboM","refresh_token":"c7b647c42c16e19d12208e6789d1fd5a3e9390d0da3a542f0b6adeff9739b158","user":{"id":"c21422df-ccec-440e-9a42-c1b82abf733d","email":"test28@example.com","username":"johndoe28","name":"John Doe","phoneNumber":"84987654321","profilePic":null,"bio":null,"private":false,"verified":false,"role":0,"followersCount":0,"followingCount":0,"postCount":0}}

16:12:15.140 [main] INFO com.intuit.karate -- [print] *** AFTER API CALL *** Status: 200 
16:12:15.140 [main] INFO com.intuit.karate -- [print] ### API CALL COMPLETED ### Email: test28@example.com Status: 200 
16:12:15.140 [main] INFO com.intuit.karate -- [print] ### RESPONSE BODY ### {
  "access_token": "eyJhbGciOiJIUzI1NiIsInR5cCI6IkpXVCJ9.eyJzdWIiOiJjMjE0MjJkZi1jY2VjLTQ0MGUtOWE0Mi1jMWI4MmFiZjczM2QiLCJ1c2VybmFtZSI6ImpvaG5kb2UyOCIsInJvbGUiOjAsImlhdCI6MTc1MDc1NjMzNSwiZXhwIjoxNzUwNzU5OTM1fQ.0T4vTTMlEpyaOqpwXt69VwwlEkmuSVf7Qswg2dRiboM",
  "refresh_token": "c7b647c42c16e19d12208e6789d1fd5a3e9390d0da3a542f0b6adeff9739b158",
  "user": {
    "id": "c21422df-ccec-440e-9a42-c1b82abf733d",
    "email": "test28@example.com",
    "username": "johndoe28",
    "name": "John Doe",
    "phoneNumber": "84987654321",
    "profilePic": null,
    "bio": null,
    "private": false,
    "verified": false,
    "role": 0,
    "followersCount": 0,
    "followingCount": 0,
    "postCount": 0
  }
}
 
16:12:15.142 [main] INFO com.intuit.karate -- Request #45 completed - Status: 200 Time: 271ms 
16:12:15.142 [main] INFO com.intuit.karate -- *** SEQUENTIAL REQUEST #46 *** 
16:12:15.142 [main] INFO com.intuit.karate -- User: testit4@gmail.com 
16:12:15.146 [main] INFO com.intuit.karate -- [print] *** BEFORE API CALL *** Email: testit4@gmail.com URL: http://localhost:3000/auth/login 
16:12:15.146 [main] DEBUG com.jayway.jsonpath.internal.path.CompiledPath -- Evaluating path: $
16:12:15.146 [main] INFO com.intuit.karate -- [print] *** SENDING REQUEST *** Body: {
  "email": "#(email)",
  "password": "#(password)"
}
 
16:12:15.147 [main] DEBUG org.apache.http.client.protocol.RequestAddCookies -- CookieSpec selected: karate
16:12:15.147 [main] DEBUG org.apache.http.client.protocol.RequestAuthCache -- Auth cache not set in the context
16:12:15.147 [main] DEBUG com.intuit.karate -- request:
1 > POST http://localhost:3000/auth/login
1 > Content-Type: application/json; charset=UTF-8
1 > Content-Length: 54
1 > Host: localhost:3000
1 > Connection: Keep-Alive
1 > User-Agent: Apache-HttpClient/4.5.14 (Java/17.0.9)
1 > Accept-Encoding: gzip,deflate
{"email":"testit4@gmail.com","password":"Password123"}

16:12:15.147 [main] DEBUG org.apache.http.impl.conn.PoolingHttpClientConnectionManager -- Connection request: [route: {}->http://localhost:3000][total available: 0; route allocated: 0 of 5; total allocated: 0 of 10]
16:12:15.147 [main] DEBUG org.apache.http.impl.conn.PoolingHttpClientConnectionManager -- Connection leased: [id: 45][route: {}->http://localhost:3000][total available: 0; route allocated: 1 of 5; total allocated: 1 of 10]
16:12:15.147 [main] DEBUG org.apache.http.impl.execchain.MainClientExec -- Opening connection {}->http://localhost:3000
16:12:15.147 [main] DEBUG org.apache.http.impl.conn.DefaultHttpClientConnectionOperator -- Connecting to localhost/127.0.0.1:3000
16:12:15.147 [main] DEBUG org.apache.http.impl.conn.DefaultHttpClientConnectionOperator -- Connection established 127.0.0.1:51089<->127.0.0.1:3000
16:12:15.147 [main] DEBUG org.apache.http.impl.conn.DefaultManagedHttpClientConnection -- http-outgoing-45: set socket timeout to 30000
16:12:15.147 [main] DEBUG org.apache.http.impl.execchain.MainClientExec -- Executing request POST /auth/login HTTP/1.1
16:12:15.147 [main] DEBUG org.apache.http.impl.execchain.MainClientExec -- Target auth state: UNCHALLENGED
16:12:15.147 [main] DEBUG org.apache.http.impl.execchain.MainClientExec -- Proxy auth state: UNCHALLENGED
16:12:15.147 [main] DEBUG org.apache.http.headers -- http-outgoing-45 >> POST /auth/login HTTP/1.1
16:12:15.147 [main] DEBUG org.apache.http.headers -- http-outgoing-45 >> Content-Type: application/json; charset=UTF-8
16:12:15.147 [main] DEBUG org.apache.http.headers -- http-outgoing-45 >> Content-Length: 54
16:12:15.147 [main] DEBUG org.apache.http.headers -- http-outgoing-45 >> Host: localhost:3000
16:12:15.147 [main] DEBUG org.apache.http.headers -- http-outgoing-45 >> Connection: Keep-Alive
16:12:15.147 [main] DEBUG org.apache.http.headers -- http-outgoing-45 >> User-Agent: Apache-HttpClient/4.5.14 (Java/17.0.9)
16:12:15.147 [main] DEBUG org.apache.http.headers -- http-outgoing-45 >> Accept-Encoding: gzip,deflate
16:12:15.147 [main] DEBUG org.apache.http.wire -- http-outgoing-45 >> "POST /auth/login HTTP/1.1[\r][\n]"
16:12:15.147 [main] DEBUG org.apache.http.wire -- http-outgoing-45 >> "Content-Type: application/json; charset=UTF-8[\r][\n]"
16:12:15.147 [main] DEBUG org.apache.http.wire -- http-outgoing-45 >> "Content-Length: 54[\r][\n]"
16:12:15.147 [main] DEBUG org.apache.http.wire -- http-outgoing-45 >> "Host: localhost:3000[\r][\n]"
16:12:15.147 [main] DEBUG org.apache.http.wire -- http-outgoing-45 >> "Connection: Keep-Alive[\r][\n]"
16:12:15.147 [main] DEBUG org.apache.http.wire -- http-outgoing-45 >> "User-Agent: Apache-HttpClient/4.5.14 (Java/17.0.9)[\r][\n]"
16:12:15.147 [main] DEBUG org.apache.http.wire -- http-outgoing-45 >> "Accept-Encoding: gzip,deflate[\r][\n]"
16:12:15.147 [main] DEBUG org.apache.http.wire -- http-outgoing-45 >> "[\r][\n]"
16:12:15.147 [main] DEBUG org.apache.http.wire -- http-outgoing-45 >> "{"email":"testit4@gmail.com","password":"Password123"}"
16:12:15.423 [main] DEBUG org.apache.http.wire -- http-outgoing-45 << "HTTP/1.1 200 OK[\r][\n]"
16:12:15.423 [main] DEBUG org.apache.http.wire -- http-outgoing-45 << "X-Powered-By: Express[\r][\n]"
16:12:15.423 [main] DEBUG org.apache.http.wire -- http-outgoing-45 << "Access-Control-Allow-Origin: *[\r][\n]"
16:12:15.423 [main] DEBUG org.apache.http.wire -- http-outgoing-45 << "Content-Type: application/json; charset=utf-8[\r][\n]"
16:12:15.423 [main] DEBUG org.apache.http.wire -- http-outgoing-45 << "Content-Length: 607[\r][\n]"
16:12:15.423 [main] DEBUG org.apache.http.wire -- http-outgoing-45 << "ETag: W/"25f-7VtPymVcbJouPbOjvRcamfWqAY0"[\r][\n]"
16:12:15.423 [main] DEBUG org.apache.http.wire -- http-outgoing-45 << "Date: Tue, 24 Jun 2025 09:12:15 GMT[\r][\n]"
16:12:15.423 [main] DEBUG org.apache.http.wire -- http-outgoing-45 << "Connection: keep-alive[\r][\n]"
16:12:15.423 [main] DEBUG org.apache.http.wire -- http-outgoing-45 << "Keep-Alive: timeout=5[\r][\n]"
16:12:15.423 [main] DEBUG org.apache.http.wire -- http-outgoing-45 << "[\r][\n]"
16:12:15.423 [main] DEBUG org.apache.http.wire -- http-outgoing-45 << "{"access_token":"eyJhbGciOiJIUzI1NiIsInR5cCI6IkpXVCJ9.eyJzdWIiOiI5YTI2OTc2Yy0xNTMyLTRkZjMtYTE2ZS03NjMxNTI1Yzg1MDIiLCJ1c2VybmFtZSI6ImpvaG5kb2UyZDUiLCJyb2xlIjowLCJpYXQiOjE3NTA3NTYzMzUsImV4cCI6MTc1MDc1OTkzNX0.UqV6LjyikhlDC4XBIo9ooFnIGhm0OMPr6ijfjDGq38Q","refresh_token":"e39c418e71b61e6bb5e0cdd3e418ffabfa54990da6c388d831df9931a16d3cc7","user":{"id":"9a26976c-1532-4df3-a16e-7631525c8502","email":"testit4@gmail.com","username":"johndoe2d5","name":"John Doe","phoneNumber":"0123456212","profilePic":null,"bio":null,"private":false,"verified":false,"role":0,"followersCount":0,"followingCount":0,"postCount":0}}"
16:12:15.423 [main] DEBUG org.apache.http.headers -- http-outgoing-45 << HTTP/1.1 200 OK
16:12:15.423 [main] DEBUG org.apache.http.headers -- http-outgoing-45 << X-Powered-By: Express
16:12:15.423 [main] DEBUG org.apache.http.headers -- http-outgoing-45 << Access-Control-Allow-Origin: *
16:12:15.423 [main] DEBUG org.apache.http.headers -- http-outgoing-45 << Content-Type: application/json; charset=utf-8
16:12:15.423 [main] DEBUG org.apache.http.headers -- http-outgoing-45 << Content-Length: 607
16:12:15.423 [main] DEBUG org.apache.http.headers -- http-outgoing-45 << ETag: W/"25f-7VtPymVcbJouPbOjvRcamfWqAY0"
16:12:15.423 [main] DEBUG org.apache.http.headers -- http-outgoing-45 << Date: Tue, 24 Jun 2025 09:12:15 GMT
16:12:15.423 [main] DEBUG org.apache.http.headers -- http-outgoing-45 << Connection: keep-alive
16:12:15.423 [main] DEBUG org.apache.http.headers -- http-outgoing-45 << Keep-Alive: timeout=5
16:12:15.424 [main] DEBUG org.apache.http.impl.execchain.MainClientExec -- Connection can be kept alive for 5000 MILLISECONDS
16:12:15.424 [main] DEBUG org.apache.http.impl.conn.PoolingHttpClientConnectionManager -- Connection [id: 45][route: {}->http://localhost:3000] can be kept alive for 5.0 seconds
16:12:15.424 [main] DEBUG org.apache.http.impl.conn.DefaultManagedHttpClientConnection -- http-outgoing-45: set socket timeout to 0
16:12:15.424 [main] DEBUG org.apache.http.impl.conn.PoolingHttpClientConnectionManager -- Connection released: [id: 45][route: {}->http://localhost:3000][total available: 1; route allocated: 1 of 5; total allocated: 1 of 10]
16:12:15.424 [main] DEBUG org.apache.http.impl.conn.PoolingHttpClientConnectionManager -- Connection manager is shutting down
16:12:15.424 [main] DEBUG org.apache.http.impl.conn.DefaultManagedHttpClientConnection -- http-outgoing-45: Close connection
16:12:15.424 [main] DEBUG org.apache.http.impl.conn.PoolingHttpClientConnectionManager -- Connection manager shut down
16:12:15.424 [main] DEBUG com.intuit.karate -- response time in milliseconds: 277
1 < 200
1 < X-Powered-By: Express
1 < Access-Control-Allow-Origin: *
1 < Content-Type: application/json; charset=utf-8
1 < Content-Length: 607
1 < ETag: W/"25f-7VtPymVcbJouPbOjvRcamfWqAY0"
1 < Date: Tue, 24 Jun 2025 09:12:15 GMT
1 < Connection: keep-alive
1 < Keep-Alive: timeout=5
{"access_token":"eyJhbGciOiJIUzI1NiIsInR5cCI6IkpXVCJ9.eyJzdWIiOiI5YTI2OTc2Yy0xNTMyLTRkZjMtYTE2ZS03NjMxNTI1Yzg1MDIiLCJ1c2VybmFtZSI6ImpvaG5kb2UyZDUiLCJyb2xlIjowLCJpYXQiOjE3NTA3NTYzMzUsImV4cCI6MTc1MDc1OTkzNX0.UqV6LjyikhlDC4XBIo9ooFnIGhm0OMPr6ijfjDGq38Q","refresh_token":"e39c418e71b61e6bb5e0cdd3e418ffabfa54990da6c388d831df9931a16d3cc7","user":{"id":"9a26976c-1532-4df3-a16e-7631525c8502","email":"testit4@gmail.com","username":"johndoe2d5","name":"John Doe","phoneNumber":"0123456212","profilePic":null,"bio":null,"private":false,"verified":false,"role":0,"followersCount":0,"followingCount":0,"postCount":0}}

16:12:15.424 [main] INFO com.intuit.karate -- [print] *** AFTER API CALL *** Status: 200 
16:12:15.424 [main] INFO com.intuit.karate -- [print] ### API CALL COMPLETED ### Email: testit4@gmail.com Status: 200 
16:12:15.424 [main] INFO com.intuit.karate -- [print] ### RESPONSE BODY ### {
  "access_token": "eyJhbGciOiJIUzI1NiIsInR5cCI6IkpXVCJ9.eyJzdWIiOiI5YTI2OTc2Yy0xNTMyLTRkZjMtYTE2ZS03NjMxNTI1Yzg1MDIiLCJ1c2VybmFtZSI6ImpvaG5kb2UyZDUiLCJyb2xlIjowLCJpYXQiOjE3NTA3NTYzMzUsImV4cCI6MTc1MDc1OTkzNX0.UqV6LjyikhlDC4XBIo9ooFnIGhm0OMPr6ijfjDGq38Q",
  "refresh_token": "e39c418e71b61e6bb5e0cdd3e418ffabfa54990da6c388d831df9931a16d3cc7",
  "user": {
    "id": "9a26976c-1532-4df3-a16e-7631525c8502",
    "email": "testit4@gmail.com",
    "username": "johndoe2d5",
    "name": "John Doe",
    "phoneNumber": "0123456212",
    "profilePic": null,
    "bio": null,
    "private": false,
    "verified": false,
    "role": 0,
    "followersCount": 0,
    "followingCount": 0,
    "postCount": 0
  }
}
 
16:12:15.426 [main] INFO com.intuit.karate -- Request #46 completed - Status: 200 Time: 283ms 
16:12:15.426 [main] INFO com.intuit.karate -- *** SEQUENTIAL REQUEST #47 *** 
16:12:15.426 [main] INFO com.intuit.karate -- User: testit3@gmail.com 
16:12:15.430 [main] INFO com.intuit.karate -- [print] *** BEFORE API CALL *** Email: testit3@gmail.com URL: http://localhost:3000/auth/login 
16:12:15.430 [main] DEBUG com.jayway.jsonpath.internal.path.CompiledPath -- Evaluating path: $
16:12:15.430 [main] INFO com.intuit.karate -- [print] *** SENDING REQUEST *** Body: {
  "email": "#(email)",
  "password": "#(password)"
}
 
16:12:15.431 [main] DEBUG org.apache.http.client.protocol.RequestAddCookies -- CookieSpec selected: karate
16:12:15.431 [main] DEBUG org.apache.http.client.protocol.RequestAuthCache -- Auth cache not set in the context
16:12:15.431 [main] DEBUG com.intuit.karate -- request:
1 > POST http://localhost:3000/auth/login
1 > Content-Type: application/json; charset=UTF-8
1 > Content-Length: 54
1 > Host: localhost:3000
1 > Connection: Keep-Alive
1 > User-Agent: Apache-HttpClient/4.5.14 (Java/17.0.9)
1 > Accept-Encoding: gzip,deflate
{"email":"testit3@gmail.com","password":"Password123"}

16:12:15.431 [main] DEBUG org.apache.http.impl.conn.PoolingHttpClientConnectionManager -- Connection request: [route: {}->http://localhost:3000][total available: 0; route allocated: 0 of 5; total allocated: 0 of 10]
16:12:15.431 [main] DEBUG org.apache.http.impl.conn.PoolingHttpClientConnectionManager -- Connection leased: [id: 46][route: {}->http://localhost:3000][total available: 0; route allocated: 1 of 5; total allocated: 1 of 10]
16:12:15.431 [main] DEBUG org.apache.http.impl.execchain.MainClientExec -- Opening connection {}->http://localhost:3000
16:12:15.432 [main] DEBUG org.apache.http.impl.conn.DefaultHttpClientConnectionOperator -- Connecting to localhost/127.0.0.1:3000
16:12:15.432 [main] DEBUG org.apache.http.impl.conn.DefaultHttpClientConnectionOperator -- Connection established 127.0.0.1:51090<->127.0.0.1:3000
16:12:15.432 [main] DEBUG org.apache.http.impl.conn.DefaultManagedHttpClientConnection -- http-outgoing-46: set socket timeout to 30000
16:12:15.432 [main] DEBUG org.apache.http.impl.execchain.MainClientExec -- Executing request POST /auth/login HTTP/1.1
16:12:15.432 [main] DEBUG org.apache.http.impl.execchain.MainClientExec -- Target auth state: UNCHALLENGED
16:12:15.432 [main] DEBUG org.apache.http.impl.execchain.MainClientExec -- Proxy auth state: UNCHALLENGED
16:12:15.432 [main] DEBUG org.apache.http.headers -- http-outgoing-46 >> POST /auth/login HTTP/1.1
16:12:15.432 [main] DEBUG org.apache.http.headers -- http-outgoing-46 >> Content-Type: application/json; charset=UTF-8
16:12:15.432 [main] DEBUG org.apache.http.headers -- http-outgoing-46 >> Content-Length: 54
16:12:15.432 [main] DEBUG org.apache.http.headers -- http-outgoing-46 >> Host: localhost:3000
16:12:15.432 [main] DEBUG org.apache.http.headers -- http-outgoing-46 >> Connection: Keep-Alive
16:12:15.432 [main] DEBUG org.apache.http.headers -- http-outgoing-46 >> User-Agent: Apache-HttpClient/4.5.14 (Java/17.0.9)
16:12:15.432 [main] DEBUG org.apache.http.headers -- http-outgoing-46 >> Accept-Encoding: gzip,deflate
16:12:15.432 [main] DEBUG org.apache.http.wire -- http-outgoing-46 >> "POST /auth/login HTTP/1.1[\r][\n]"
16:12:15.432 [main] DEBUG org.apache.http.wire -- http-outgoing-46 >> "Content-Type: application/json; charset=UTF-8[\r][\n]"
16:12:15.432 [main] DEBUG org.apache.http.wire -- http-outgoing-46 >> "Content-Length: 54[\r][\n]"
16:12:15.432 [main] DEBUG org.apache.http.wire -- http-outgoing-46 >> "Host: localhost:3000[\r][\n]"
16:12:15.432 [main] DEBUG org.apache.http.wire -- http-outgoing-46 >> "Connection: Keep-Alive[\r][\n]"
16:12:15.432 [main] DEBUG org.apache.http.wire -- http-outgoing-46 >> "User-Agent: Apache-HttpClient/4.5.14 (Java/17.0.9)[\r][\n]"
16:12:15.432 [main] DEBUG org.apache.http.wire -- http-outgoing-46 >> "Accept-Encoding: gzip,deflate[\r][\n]"
16:12:15.432 [main] DEBUG org.apache.http.wire -- http-outgoing-46 >> "[\r][\n]"
16:12:15.432 [main] DEBUG org.apache.http.wire -- http-outgoing-46 >> "{"email":"testit3@gmail.com","password":"Password123"}"
16:12:15.703 [main] DEBUG org.apache.http.wire -- http-outgoing-46 << "HTTP/1.1 200 OK[\r][\n]"
16:12:15.703 [main] DEBUG org.apache.http.wire -- http-outgoing-46 << "X-Powered-By: Express[\r][\n]"
16:12:15.703 [main] DEBUG org.apache.http.wire -- http-outgoing-46 << "Access-Control-Allow-Origin: *[\r][\n]"
16:12:15.703 [main] DEBUG org.apache.http.wire -- http-outgoing-46 << "Content-Type: application/json; charset=utf-8[\r][\n]"
16:12:15.703 [main] DEBUG org.apache.http.wire -- http-outgoing-46 << "Content-Length: 605[\r][\n]"
16:12:15.703 [main] DEBUG org.apache.http.wire -- http-outgoing-46 << "ETag: W/"25d-7uTVvQWASnJW9FDL3TYe38A+xp0"[\r][\n]"
16:12:15.703 [main] DEBUG org.apache.http.wire -- http-outgoing-46 << "Date: Tue, 24 Jun 2025 09:12:15 GMT[\r][\n]"
16:12:15.703 [main] DEBUG org.apache.http.wire -- http-outgoing-46 << "Connection: keep-alive[\r][\n]"
16:12:15.703 [main] DEBUG org.apache.http.wire -- http-outgoing-46 << "Keep-Alive: timeout=5[\r][\n]"
16:12:15.703 [main] DEBUG org.apache.http.wire -- http-outgoing-46 << "[\r][\n]"
16:12:15.703 [main] DEBUG org.apache.http.wire -- http-outgoing-46 << "{"access_token":"eyJhbGciOiJIUzI1NiIsInR5cCI6IkpXVCJ9.eyJzdWIiOiI2NTBjZTFlZC1hYWNhLTQzOGYtOTk4OC0xZjA1OGFiNWFhMWEiLCJ1c2VybmFtZSI6ImpvaG5kb2UyNSIsInJvbGUiOjAsImlhdCI6MTc1MDc1NjMzNSwiZXhwIjoxNzUwNzU5OTM1fQ.kAzU1kAg-qzeYVkuMDzFsE8yTFWcLvOojVkURgOMu78","refresh_token":"7a9ae6687c3d73d53e3c0dcafbeee0f85f6ba8800344cf7b6edfc9e6bb8ea263","user":{"id":"650ce1ed-aaca-438f-9988-1f058ab5aa1a","email":"testit3@gmail.com","username":"johndoe25","name":"John Doe","phoneNumber":"0123456713","profilePic":null,"bio":null,"private":false,"verified":false,"role":0,"followersCount":0,"followingCount":0,"postCount":0}}"
16:12:15.704 [main] DEBUG org.apache.http.headers -- http-outgoing-46 << HTTP/1.1 200 OK
16:12:15.704 [main] DEBUG org.apache.http.headers -- http-outgoing-46 << X-Powered-By: Express
16:12:15.704 [main] DEBUG org.apache.http.headers -- http-outgoing-46 << Access-Control-Allow-Origin: *
16:12:15.704 [main] DEBUG org.apache.http.headers -- http-outgoing-46 << Content-Type: application/json; charset=utf-8
16:12:15.704 [main] DEBUG org.apache.http.headers -- http-outgoing-46 << Content-Length: 605
16:12:15.704 [main] DEBUG org.apache.http.headers -- http-outgoing-46 << ETag: W/"25d-7uTVvQWASnJW9FDL3TYe38A+xp0"
16:12:15.704 [main] DEBUG org.apache.http.headers -- http-outgoing-46 << Date: Tue, 24 Jun 2025 09:12:15 GMT
16:12:15.704 [main] DEBUG org.apache.http.headers -- http-outgoing-46 << Connection: keep-alive
16:12:15.704 [main] DEBUG org.apache.http.headers -- http-outgoing-46 << Keep-Alive: timeout=5
16:12:15.704 [main] DEBUG org.apache.http.impl.execchain.MainClientExec -- Connection can be kept alive for 5000 MILLISECONDS
16:12:15.704 [main] DEBUG org.apache.http.impl.conn.PoolingHttpClientConnectionManager -- Connection [id: 46][route: {}->http://localhost:3000] can be kept alive for 5.0 seconds
16:12:15.704 [main] DEBUG org.apache.http.impl.conn.DefaultManagedHttpClientConnection -- http-outgoing-46: set socket timeout to 0
16:12:15.704 [main] DEBUG org.apache.http.impl.conn.PoolingHttpClientConnectionManager -- Connection released: [id: 46][route: {}->http://localhost:3000][total available: 1; route allocated: 1 of 5; total allocated: 1 of 10]
16:12:15.704 [main] DEBUG org.apache.http.impl.conn.PoolingHttpClientConnectionManager -- Connection manager is shutting down
16:12:15.704 [main] DEBUG org.apache.http.impl.conn.DefaultManagedHttpClientConnection -- http-outgoing-46: Close connection
16:12:15.704 [main] DEBUG org.apache.http.impl.conn.PoolingHttpClientConnectionManager -- Connection manager shut down
16:12:15.704 [main] DEBUG com.intuit.karate -- response time in milliseconds: 273
1 < 200
1 < X-Powered-By: Express
1 < Access-Control-Allow-Origin: *
1 < Content-Type: application/json; charset=utf-8
1 < Content-Length: 605
1 < ETag: W/"25d-7uTVvQWASnJW9FDL3TYe38A+xp0"
1 < Date: Tue, 24 Jun 2025 09:12:15 GMT
1 < Connection: keep-alive
1 < Keep-Alive: timeout=5
{"access_token":"eyJhbGciOiJIUzI1NiIsInR5cCI6IkpXVCJ9.eyJzdWIiOiI2NTBjZTFlZC1hYWNhLTQzOGYtOTk4OC0xZjA1OGFiNWFhMWEiLCJ1c2VybmFtZSI6ImpvaG5kb2UyNSIsInJvbGUiOjAsImlhdCI6MTc1MDc1NjMzNSwiZXhwIjoxNzUwNzU5OTM1fQ.kAzU1kAg-qzeYVkuMDzFsE8yTFWcLvOojVkURgOMu78","refresh_token":"7a9ae6687c3d73d53e3c0dcafbeee0f85f6ba8800344cf7b6edfc9e6bb8ea263","user":{"id":"650ce1ed-aaca-438f-9988-1f058ab5aa1a","email":"testit3@gmail.com","username":"johndoe25","name":"John Doe","phoneNumber":"0123456713","profilePic":null,"bio":null,"private":false,"verified":false,"role":0,"followersCount":0,"followingCount":0,"postCount":0}}

16:12:15.705 [main] INFO com.intuit.karate -- [print] *** AFTER API CALL *** Status: 200 
16:12:15.705 [main] INFO com.intuit.karate -- [print] ### API CALL COMPLETED ### Email: testit3@gmail.com Status: 200 
16:12:15.705 [main] INFO com.intuit.karate -- [print] ### RESPONSE BODY ### {
  "access_token": "eyJhbGciOiJIUzI1NiIsInR5cCI6IkpXVCJ9.eyJzdWIiOiI2NTBjZTFlZC1hYWNhLTQzOGYtOTk4OC0xZjA1OGFiNWFhMWEiLCJ1c2VybmFtZSI6ImpvaG5kb2UyNSIsInJvbGUiOjAsImlhdCI6MTc1MDc1NjMzNSwiZXhwIjoxNzUwNzU5OTM1fQ.kAzU1kAg-qzeYVkuMDzFsE8yTFWcLvOojVkURgOMu78",
  "refresh_token": "7a9ae6687c3d73d53e3c0dcafbeee0f85f6ba8800344cf7b6edfc9e6bb8ea263",
  "user": {
    "id": "650ce1ed-aaca-438f-9988-1f058ab5aa1a",
    "email": "testit3@gmail.com",
    "username": "johndoe25",
    "name": "John Doe",
    "phoneNumber": "0123456713",
    "profilePic": null,
    "bio": null,
    "private": false,
    "verified": false,
    "role": 0,
    "followersCount": 0,
    "followingCount": 0,
    "postCount": 0
  }
}
 
16:12:15.705 [main] INFO com.intuit.karate -- Request #47 completed - Status: 200 Time: 279ms 
16:12:15.706 [main] INFO com.intuit.karate -- *** SEQUENTIAL REQUEST #48 *** 
16:12:15.706 [main] INFO com.intuit.karate -- User: testit5@gmail.com 
16:12:15.709 [main] INFO com.intuit.karate -- [print] *** BEFORE API CALL *** Email: testit5@gmail.com URL: http://localhost:3000/auth/login 
16:12:15.709 [main] DEBUG com.jayway.jsonpath.internal.path.CompiledPath -- Evaluating path: $
16:12:15.710 [main] INFO com.intuit.karate -- [print] *** SENDING REQUEST *** Body: {
  "email": "#(email)",
  "password": "#(password)"
}
 
16:12:15.711 [main] DEBUG org.apache.http.client.protocol.RequestAddCookies -- CookieSpec selected: karate
16:12:15.711 [main] DEBUG org.apache.http.client.protocol.RequestAuthCache -- Auth cache not set in the context
16:12:15.711 [main] DEBUG com.intuit.karate -- request:
1 > POST http://localhost:3000/auth/login
1 > Content-Type: application/json; charset=UTF-8
1 > Content-Length: 54
1 > Host: localhost:3000
1 > Connection: Keep-Alive
1 > User-Agent: Apache-HttpClient/4.5.14 (Java/17.0.9)
1 > Accept-Encoding: gzip,deflate
{"email":"testit5@gmail.com","password":"Password123"}

16:12:15.711 [main] DEBUG org.apache.http.impl.conn.PoolingHttpClientConnectionManager -- Connection request: [route: {}->http://localhost:3000][total available: 0; route allocated: 0 of 5; total allocated: 0 of 10]
16:12:15.711 [main] DEBUG org.apache.http.impl.conn.PoolingHttpClientConnectionManager -- Connection leased: [id: 47][route: {}->http://localhost:3000][total available: 0; route allocated: 1 of 5; total allocated: 1 of 10]
16:12:15.711 [main] DEBUG org.apache.http.impl.execchain.MainClientExec -- Opening connection {}->http://localhost:3000
16:12:15.711 [main] DEBUG org.apache.http.impl.conn.DefaultHttpClientConnectionOperator -- Connecting to localhost/127.0.0.1:3000
16:12:15.711 [main] DEBUG org.apache.http.impl.conn.DefaultHttpClientConnectionOperator -- Connection established 127.0.0.1:51091<->127.0.0.1:3000
16:12:15.711 [main] DEBUG org.apache.http.impl.conn.DefaultManagedHttpClientConnection -- http-outgoing-47: set socket timeout to 30000
16:12:15.711 [main] DEBUG org.apache.http.impl.execchain.MainClientExec -- Executing request POST /auth/login HTTP/1.1
16:12:15.711 [main] DEBUG org.apache.http.impl.execchain.MainClientExec -- Target auth state: UNCHALLENGED
16:12:15.711 [main] DEBUG org.apache.http.impl.execchain.MainClientExec -- Proxy auth state: UNCHALLENGED
16:12:15.711 [main] DEBUG org.apache.http.headers -- http-outgoing-47 >> POST /auth/login HTTP/1.1
16:12:15.711 [main] DEBUG org.apache.http.headers -- http-outgoing-47 >> Content-Type: application/json; charset=UTF-8
16:12:15.711 [main] DEBUG org.apache.http.headers -- http-outgoing-47 >> Content-Length: 54
16:12:15.711 [main] DEBUG org.apache.http.headers -- http-outgoing-47 >> Host: localhost:3000
16:12:15.711 [main] DEBUG org.apache.http.headers -- http-outgoing-47 >> Connection: Keep-Alive
16:12:15.711 [main] DEBUG org.apache.http.headers -- http-outgoing-47 >> User-Agent: Apache-HttpClient/4.5.14 (Java/17.0.9)
16:12:15.711 [main] DEBUG org.apache.http.headers -- http-outgoing-47 >> Accept-Encoding: gzip,deflate
16:12:15.711 [main] DEBUG org.apache.http.wire -- http-outgoing-47 >> "POST /auth/login HTTP/1.1[\r][\n]"
16:12:15.711 [main] DEBUG org.apache.http.wire -- http-outgoing-47 >> "Content-Type: application/json; charset=UTF-8[\r][\n]"
16:12:15.711 [main] DEBUG org.apache.http.wire -- http-outgoing-47 >> "Content-Length: 54[\r][\n]"
16:12:15.711 [main] DEBUG org.apache.http.wire -- http-outgoing-47 >> "Host: localhost:3000[\r][\n]"
16:12:15.711 [main] DEBUG org.apache.http.wire -- http-outgoing-47 >> "Connection: Keep-Alive[\r][\n]"
16:12:15.711 [main] DEBUG org.apache.http.wire -- http-outgoing-47 >> "User-Agent: Apache-HttpClient/4.5.14 (Java/17.0.9)[\r][\n]"
16:12:15.711 [main] DEBUG org.apache.http.wire -- http-outgoing-47 >> "Accept-Encoding: gzip,deflate[\r][\n]"
16:12:15.711 [main] DEBUG org.apache.http.wire -- http-outgoing-47 >> "[\r][\n]"
16:12:15.711 [main] DEBUG org.apache.http.wire -- http-outgoing-47 >> "{"email":"testit5@gmail.com","password":"Password123"}"
16:12:15.982 [main] DEBUG org.apache.http.wire -- http-outgoing-47 << "HTTP/1.1 200 OK[\r][\n]"
16:12:15.982 [main] DEBUG org.apache.http.wire -- http-outgoing-47 << "X-Powered-By: Express[\r][\n]"
16:12:15.982 [main] DEBUG org.apache.http.wire -- http-outgoing-47 << "Access-Control-Allow-Origin: *[\r][\n]"
16:12:15.982 [main] DEBUG org.apache.http.wire -- http-outgoing-47 << "Content-Type: application/json; charset=utf-8[\r][\n]"
16:12:15.982 [main] DEBUG org.apache.http.wire -- http-outgoing-47 << "Content-Length: 609[\r][\n]"
16:12:15.982 [main] DEBUG org.apache.http.wire -- http-outgoing-47 << "ETag: W/"261-xo+5KylQmeTTGQVDbHIJRL3hJ8U"[\r][\n]"
16:12:15.982 [main] DEBUG org.apache.http.wire -- http-outgoing-47 << "Date: Tue, 24 Jun 2025 09:12:15 GMT[\r][\n]"
16:12:15.982 [main] DEBUG org.apache.http.wire -- http-outgoing-47 << "Connection: keep-alive[\r][\n]"
16:12:15.982 [main] DEBUG org.apache.http.wire -- http-outgoing-47 << "Keep-Alive: timeout=5[\r][\n]"
16:12:15.982 [main] DEBUG org.apache.http.wire -- http-outgoing-47 << "[\r][\n]"
16:12:15.982 [main] DEBUG org.apache.http.wire -- http-outgoing-47 << "{"access_token":"eyJhbGciOiJIUzI1NiIsInR5cCI6IkpXVCJ9.eyJzdWIiOiIyNzJmNmI1NS01MTc5LTRhZTMtODU2My1iNGVjMTBmNzY3MTUiLCJ1c2VybmFtZSI6ImpvaG5kb2UyZDVkIiwicm9sZSI6MCwiaWF0IjoxNzUwNzU2MzM1LCJleHAiOjE3NTA3NTk5MzV9.2h4V_a5I-zX7FsQq2NHlQK98C2INbGw4pfC5kCy0YlY","refresh_token":"06838dfa55de0e7f352c06229fbbd4827cf63d753a22acedb63ff89881528984","user":{"id":"272f6b55-5179-4ae3-8563-b4ec10f76715","email":"testit5@gmail.com","username":"johndoe2d5d","name":"John Doe","phoneNumber":"0123456132","profilePic":null,"bio":null,"private":false,"verified":false,"role":0,"followersCount":0,"followingCount":0,"postCount":0}}"
16:12:15.982 [main] DEBUG org.apache.http.headers -- http-outgoing-47 << HTTP/1.1 200 OK
16:12:15.982 [main] DEBUG org.apache.http.headers -- http-outgoing-47 << X-Powered-By: Express
16:12:15.982 [main] DEBUG org.apache.http.headers -- http-outgoing-47 << Access-Control-Allow-Origin: *
16:12:15.982 [main] DEBUG org.apache.http.headers -- http-outgoing-47 << Content-Type: application/json; charset=utf-8
16:12:15.982 [main] DEBUG org.apache.http.headers -- http-outgoing-47 << Content-Length: 609
16:12:15.982 [main] DEBUG org.apache.http.headers -- http-outgoing-47 << ETag: W/"261-xo+5KylQmeTTGQVDbHIJRL3hJ8U"
16:12:15.982 [main] DEBUG org.apache.http.headers -- http-outgoing-47 << Date: Tue, 24 Jun 2025 09:12:15 GMT
16:12:15.982 [main] DEBUG org.apache.http.headers -- http-outgoing-47 << Connection: keep-alive
16:12:15.982 [main] DEBUG org.apache.http.headers -- http-outgoing-47 << Keep-Alive: timeout=5
16:12:15.982 [main] DEBUG org.apache.http.impl.execchain.MainClientExec -- Connection can be kept alive for 5000 MILLISECONDS
16:12:15.983 [main] DEBUG org.apache.http.impl.conn.PoolingHttpClientConnectionManager -- Connection [id: 47][route: {}->http://localhost:3000] can be kept alive for 5.0 seconds
16:12:15.983 [main] DEBUG org.apache.http.impl.conn.DefaultManagedHttpClientConnection -- http-outgoing-47: set socket timeout to 0
16:12:15.983 [main] DEBUG org.apache.http.impl.conn.PoolingHttpClientConnectionManager -- Connection released: [id: 47][route: {}->http://localhost:3000][total available: 1; route allocated: 1 of 5; total allocated: 1 of 10]
16:12:15.983 [main] DEBUG org.apache.http.impl.conn.PoolingHttpClientConnectionManager -- Connection manager is shutting down
16:12:15.983 [main] DEBUG org.apache.http.impl.conn.DefaultManagedHttpClientConnection -- http-outgoing-47: Close connection
16:12:15.983 [main] DEBUG org.apache.http.impl.conn.PoolingHttpClientConnectionManager -- Connection manager shut down
16:12:15.983 [main] DEBUG com.intuit.karate -- response time in milliseconds: 272
1 < 200
1 < X-Powered-By: Express
1 < Access-Control-Allow-Origin: *
1 < Content-Type: application/json; charset=utf-8
1 < Content-Length: 609
1 < ETag: W/"261-xo+5KylQmeTTGQVDbHIJRL3hJ8U"
1 < Date: Tue, 24 Jun 2025 09:12:15 GMT
1 < Connection: keep-alive
1 < Keep-Alive: timeout=5
{"access_token":"eyJhbGciOiJIUzI1NiIsInR5cCI6IkpXVCJ9.eyJzdWIiOiIyNzJmNmI1NS01MTc5LTRhZTMtODU2My1iNGVjMTBmNzY3MTUiLCJ1c2VybmFtZSI6ImpvaG5kb2UyZDVkIiwicm9sZSI6MCwiaWF0IjoxNzUwNzU2MzM1LCJleHAiOjE3NTA3NTk5MzV9.2h4V_a5I-zX7FsQq2NHlQK98C2INbGw4pfC5kCy0YlY","refresh_token":"06838dfa55de0e7f352c06229fbbd4827cf63d753a22acedb63ff89881528984","user":{"id":"272f6b55-5179-4ae3-8563-b4ec10f76715","email":"testit5@gmail.com","username":"johndoe2d5d","name":"John Doe","phoneNumber":"0123456132","profilePic":null,"bio":null,"private":false,"verified":false,"role":0,"followersCount":0,"followingCount":0,"postCount":0}}

16:12:15.984 [main] INFO com.intuit.karate -- [print] *** AFTER API CALL *** Status: 200 
16:12:15.984 [main] INFO com.intuit.karate -- [print] ### API CALL COMPLETED ### Email: testit5@gmail.com Status: 200 
16:12:15.984 [main] INFO com.intuit.karate -- [print] ### RESPONSE BODY ### {
  "access_token": "eyJhbGciOiJIUzI1NiIsInR5cCI6IkpXVCJ9.eyJzdWIiOiIyNzJmNmI1NS01MTc5LTRhZTMtODU2My1iNGVjMTBmNzY3MTUiLCJ1c2VybmFtZSI6ImpvaG5kb2UyZDVkIiwicm9sZSI6MCwiaWF0IjoxNzUwNzU2MzM1LCJleHAiOjE3NTA3NTk5MzV9.2h4V_a5I-zX7FsQq2NHlQK98C2INbGw4pfC5kCy0YlY",
  "refresh_token": "06838dfa55de0e7f352c06229fbbd4827cf63d753a22acedb63ff89881528984",
  "user": {
    "id": "272f6b55-5179-4ae3-8563-b4ec10f76715",
    "email": "testit5@gmail.com",
    "username": "johndoe2d5d",
    "name": "John Doe",
    "phoneNumber": "0123456132",
    "profilePic": null,
    "bio": null,
    "private": false,
    "verified": false,
    "role": 0,
    "followersCount": 0,
    "followingCount": 0,
    "postCount": 0
  }
}
 
16:12:15.985 [main] INFO com.intuit.karate -- Request #48 completed - Status: 200 Time: 279ms 
16:12:15.985 [main] INFO com.intuit.karate -- *** SEQUENTIAL REQUEST #49 *** 
16:12:15.985 [main] INFO com.intuit.karate -- User: testit@gmail.com 
16:12:15.989 [main] INFO com.intuit.karate -- [print] *** BEFORE API CALL *** Email: testit@gmail.com URL: http://localhost:3000/auth/login 
16:12:15.990 [main] DEBUG com.jayway.jsonpath.internal.path.CompiledPath -- Evaluating path: $
16:12:15.990 [main] INFO com.intuit.karate -- [print] *** SENDING REQUEST *** Body: {
  "email": "#(email)",
  "password": "#(password)"
}
 
16:12:15.991 [main] DEBUG org.apache.http.client.protocol.RequestAddCookies -- CookieSpec selected: karate
16:12:15.991 [main] DEBUG org.apache.http.client.protocol.RequestAuthCache -- Auth cache not set in the context
16:12:15.991 [main] DEBUG com.intuit.karate -- request:
1 > POST http://localhost:3000/auth/login
1 > Content-Type: application/json; charset=UTF-8
1 > Content-Length: 53
1 > Host: localhost:3000
1 > Connection: Keep-Alive
1 > User-Agent: Apache-HttpClient/4.5.14 (Java/17.0.9)
1 > Accept-Encoding: gzip,deflate
{"email":"testit@gmail.com","password":"Password123"}

16:12:15.991 [main] DEBUG org.apache.http.impl.conn.PoolingHttpClientConnectionManager -- Connection request: [route: {}->http://localhost:3000][total available: 0; route allocated: 0 of 5; total allocated: 0 of 10]
16:12:15.991 [main] DEBUG org.apache.http.impl.conn.PoolingHttpClientConnectionManager -- Connection leased: [id: 48][route: {}->http://localhost:3000][total available: 0; route allocated: 1 of 5; total allocated: 1 of 10]
16:12:15.991 [main] DEBUG org.apache.http.impl.execchain.MainClientExec -- Opening connection {}->http://localhost:3000
16:12:15.991 [main] DEBUG org.apache.http.impl.conn.DefaultHttpClientConnectionOperator -- Connecting to localhost/127.0.0.1:3000
16:12:15.991 [main] DEBUG org.apache.http.impl.conn.DefaultHttpClientConnectionOperator -- Connection established 127.0.0.1:51092<->127.0.0.1:3000
16:12:15.991 [main] DEBUG org.apache.http.impl.conn.DefaultManagedHttpClientConnection -- http-outgoing-48: set socket timeout to 30000
16:12:15.992 [main] DEBUG org.apache.http.impl.execchain.MainClientExec -- Executing request POST /auth/login HTTP/1.1
16:12:15.992 [main] DEBUG org.apache.http.impl.execchain.MainClientExec -- Target auth state: UNCHALLENGED
16:12:15.992 [main] DEBUG org.apache.http.impl.execchain.MainClientExec -- Proxy auth state: UNCHALLENGED
16:12:15.992 [main] DEBUG org.apache.http.headers -- http-outgoing-48 >> POST /auth/login HTTP/1.1
16:12:15.992 [main] DEBUG org.apache.http.headers -- http-outgoing-48 >> Content-Type: application/json; charset=UTF-8
16:12:15.992 [main] DEBUG org.apache.http.headers -- http-outgoing-48 >> Content-Length: 53
16:12:15.992 [main] DEBUG org.apache.http.headers -- http-outgoing-48 >> Host: localhost:3000
16:12:15.992 [main] DEBUG org.apache.http.headers -- http-outgoing-48 >> Connection: Keep-Alive
16:12:15.992 [main] DEBUG org.apache.http.headers -- http-outgoing-48 >> User-Agent: Apache-HttpClient/4.5.14 (Java/17.0.9)
16:12:15.992 [main] DEBUG org.apache.http.headers -- http-outgoing-48 >> Accept-Encoding: gzip,deflate
16:12:15.992 [main] DEBUG org.apache.http.wire -- http-outgoing-48 >> "POST /auth/login HTTP/1.1[\r][\n]"
16:12:15.992 [main] DEBUG org.apache.http.wire -- http-outgoing-48 >> "Content-Type: application/json; charset=UTF-8[\r][\n]"
16:12:15.992 [main] DEBUG org.apache.http.wire -- http-outgoing-48 >> "Content-Length: 53[\r][\n]"
16:12:15.992 [main] DEBUG org.apache.http.wire -- http-outgoing-48 >> "Host: localhost:3000[\r][\n]"
16:12:15.992 [main] DEBUG org.apache.http.wire -- http-outgoing-48 >> "Connection: Keep-Alive[\r][\n]"
16:12:15.992 [main] DEBUG org.apache.http.wire -- http-outgoing-48 >> "User-Agent: Apache-HttpClient/4.5.14 (Java/17.0.9)[\r][\n]"
16:12:15.992 [main] DEBUG org.apache.http.wire -- http-outgoing-48 >> "Accept-Encoding: gzip,deflate[\r][\n]"
16:12:15.992 [main] DEBUG org.apache.http.wire -- http-outgoing-48 >> "[\r][\n]"
16:12:15.992 [main] DEBUG org.apache.http.wire -- http-outgoing-48 >> "{"email":"testit@gmail.com","password":"Password123"}"
16:12:16.263 [main] DEBUG org.apache.http.wire -- http-outgoing-48 << "HTTP/1.1 200 OK[\r][\n]"
16:12:16.263 [main] DEBUG org.apache.http.wire -- http-outgoing-48 << "X-Powered-By: Express[\r][\n]"
16:12:16.263 [main] DEBUG org.apache.http.wire -- http-outgoing-48 << "Access-Control-Allow-Origin: *[\r][\n]"
16:12:16.263 [main] DEBUG org.apache.http.wire -- http-outgoing-48 << "Content-Type: application/json; charset=utf-8[\r][\n]"
16:12:16.263 [main] DEBUG org.apache.http.wire -- http-outgoing-48 << "Content-Length: 604[\r][\n]"
16:12:16.263 [main] DEBUG org.apache.http.wire -- http-outgoing-48 << "ETag: W/"25c-lZZluyGcrDiymQc2yAVQfXHTHos"[\r][\n]"
16:12:16.263 [main] DEBUG org.apache.http.wire -- http-outgoing-48 << "Date: Tue, 24 Jun 2025 09:12:16 GMT[\r][\n]"
16:12:16.263 [main] DEBUG org.apache.http.wire -- http-outgoing-48 << "Connection: keep-alive[\r][\n]"
16:12:16.263 [main] DEBUG org.apache.http.wire -- http-outgoing-48 << "Keep-Alive: timeout=5[\r][\n]"
16:12:16.263 [main] DEBUG org.apache.http.wire -- http-outgoing-48 << "[\r][\n]"
16:12:16.263 [main] DEBUG org.apache.http.wire -- http-outgoing-48 << "{"access_token":"eyJhbGciOiJIUzI1NiIsInR5cCI6IkpXVCJ9.eyJzdWIiOiJkZjZmMDkxOS1hMjNkLTQ0YzktYTkyNS00ZWE4YmU1MjVkMTAiLCJ1c2VybmFtZSI6ImpvaG5kb2UyMyIsInJvbGUiOjAsImlhdCI6MTc1MDc1NjMzNiwiZXhwIjoxNzUwNzU5OTM2fQ.ouJw6SbAy6i8C4xWcV1IGj2JarPW3p8WxgzR6gLlLaw","refresh_token":"a367dcd4fe52fd40d683d714375004811c0876ab8dd9eaa3397cec4ba01378b7","user":{"id":"df6f0919-a23d-44c9-a925-4ea8be525d10","email":"testit@gmail.com","username":"johndoe23","name":"John Doe","phoneNumber":"0123456788","profilePic":null,"bio":null,"private":false,"verified":false,"role":0,"followersCount":0,"followingCount":0,"postCount":0}}"
16:12:16.263 [main] DEBUG org.apache.http.headers -- http-outgoing-48 << HTTP/1.1 200 OK
16:12:16.263 [main] DEBUG org.apache.http.headers -- http-outgoing-48 << X-Powered-By: Express
16:12:16.263 [main] DEBUG org.apache.http.headers -- http-outgoing-48 << Access-Control-Allow-Origin: *
16:12:16.263 [main] DEBUG org.apache.http.headers -- http-outgoing-48 << Content-Type: application/json; charset=utf-8
16:12:16.263 [main] DEBUG org.apache.http.headers -- http-outgoing-48 << Content-Length: 604
16:12:16.263 [main] DEBUG org.apache.http.headers -- http-outgoing-48 << ETag: W/"25c-lZZluyGcrDiymQc2yAVQfXHTHos"
16:12:16.263 [main] DEBUG org.apache.http.headers -- http-outgoing-48 << Date: Tue, 24 Jun 2025 09:12:16 GMT
16:12:16.263 [main] DEBUG org.apache.http.headers -- http-outgoing-48 << Connection: keep-alive
16:12:16.263 [main] DEBUG org.apache.http.headers -- http-outgoing-48 << Keep-Alive: timeout=5
16:12:16.263 [main] DEBUG org.apache.http.impl.execchain.MainClientExec -- Connection can be kept alive for 5000 MILLISECONDS
16:12:16.263 [main] DEBUG org.apache.http.impl.conn.PoolingHttpClientConnectionManager -- Connection [id: 48][route: {}->http://localhost:3000] can be kept alive for 5.0 seconds
16:12:16.263 [main] DEBUG org.apache.http.impl.conn.DefaultManagedHttpClientConnection -- http-outgoing-48: set socket timeout to 0
16:12:16.263 [main] DEBUG org.apache.http.impl.conn.PoolingHttpClientConnectionManager -- Connection released: [id: 48][route: {}->http://localhost:3000][total available: 1; route allocated: 1 of 5; total allocated: 1 of 10]
16:12:16.263 [main] DEBUG org.apache.http.impl.conn.PoolingHttpClientConnectionManager -- Connection manager is shutting down
16:12:16.263 [main] DEBUG org.apache.http.impl.conn.DefaultManagedHttpClientConnection -- http-outgoing-48: Close connection
16:12:16.263 [main] DEBUG org.apache.http.impl.conn.PoolingHttpClientConnectionManager -- Connection manager shut down
16:12:16.263 [main] DEBUG com.intuit.karate -- response time in milliseconds: 272
1 < 200
1 < X-Powered-By: Express
1 < Access-Control-Allow-Origin: *
1 < Content-Type: application/json; charset=utf-8
1 < Content-Length: 604
1 < ETag: W/"25c-lZZluyGcrDiymQc2yAVQfXHTHos"
1 < Date: Tue, 24 Jun 2025 09:12:16 GMT
1 < Connection: keep-alive
1 < Keep-Alive: timeout=5
{"access_token":"eyJhbGciOiJIUzI1NiIsInR5cCI6IkpXVCJ9.eyJzdWIiOiJkZjZmMDkxOS1hMjNkLTQ0YzktYTkyNS00ZWE4YmU1MjVkMTAiLCJ1c2VybmFtZSI6ImpvaG5kb2UyMyIsInJvbGUiOjAsImlhdCI6MTc1MDc1NjMzNiwiZXhwIjoxNzUwNzU5OTM2fQ.ouJw6SbAy6i8C4xWcV1IGj2JarPW3p8WxgzR6gLlLaw","refresh_token":"a367dcd4fe52fd40d683d714375004811c0876ab8dd9eaa3397cec4ba01378b7","user":{"id":"df6f0919-a23d-44c9-a925-4ea8be525d10","email":"testit@gmail.com","username":"johndoe23","name":"John Doe","phoneNumber":"0123456788","profilePic":null,"bio":null,"private":false,"verified":false,"role":0,"followersCount":0,"followingCount":0,"postCount":0}}

16:12:16.264 [main] INFO com.intuit.karate -- [print] *** AFTER API CALL *** Status: 200 
16:12:16.265 [main] INFO com.intuit.karate -- [print] ### API CALL COMPLETED ### Email: testit@gmail.com Status: 200 
16:12:16.265 [main] INFO com.intuit.karate -- [print] ### RESPONSE BODY ### {
  "access_token": "eyJhbGciOiJIUzI1NiIsInR5cCI6IkpXVCJ9.eyJzdWIiOiJkZjZmMDkxOS1hMjNkLTQ0YzktYTkyNS00ZWE4YmU1MjVkMTAiLCJ1c2VybmFtZSI6ImpvaG5kb2UyMyIsInJvbGUiOjAsImlhdCI6MTc1MDc1NjMzNiwiZXhwIjoxNzUwNzU5OTM2fQ.ouJw6SbAy6i8C4xWcV1IGj2JarPW3p8WxgzR6gLlLaw",
  "refresh_token": "a367dcd4fe52fd40d683d714375004811c0876ab8dd9eaa3397cec4ba01378b7",
  "user": {
    "id": "df6f0919-a23d-44c9-a925-4ea8be525d10",
    "email": "testit@gmail.com",
    "username": "johndoe23",
    "name": "John Doe",
    "phoneNumber": "0123456788",
    "profilePic": null,
    "bio": null,
    "private": false,
    "verified": false,
    "role": 0,
    "followersCount": 0,
    "followingCount": 0,
    "postCount": 0
  }
}
 
16:12:16.265 [main] INFO com.intuit.karate -- Request #49 completed - Status: 200 Time: 279ms 
16:12:16.266 [main] INFO com.intuit.karate -- *** SEQUENTIAL REQUEST #50 *** 
16:12:16.266 [main] INFO com.intuit.karate -- User: testit2@gmail.com 
16:12:16.270 [main] INFO com.intuit.karate -- [print] *** BEFORE API CALL *** Email: testit2@gmail.com URL: http://localhost:3000/auth/login 
16:12:16.270 [main] DEBUG com.jayway.jsonpath.internal.path.CompiledPath -- Evaluating path: $
16:12:16.271 [main] INFO com.intuit.karate -- [print] *** SENDING REQUEST *** Body: {
  "email": "#(email)",
  "password": "#(password)"
}
 
16:12:16.272 [main] DEBUG org.apache.http.client.protocol.RequestAddCookies -- CookieSpec selected: karate
16:12:16.272 [main] DEBUG org.apache.http.client.protocol.RequestAuthCache -- Auth cache not set in the context
16:12:16.272 [main] DEBUG com.intuit.karate -- request:
1 > POST http://localhost:3000/auth/login
1 > Content-Type: application/json; charset=UTF-8
1 > Content-Length: 54
1 > Host: localhost:3000
1 > Connection: Keep-Alive
1 > User-Agent: Apache-HttpClient/4.5.14 (Java/17.0.9)
1 > Accept-Encoding: gzip,deflate
{"email":"testit2@gmail.com","password":"Password123"}

16:12:16.272 [main] DEBUG org.apache.http.impl.conn.PoolingHttpClientConnectionManager -- Connection request: [route: {}->http://localhost:3000][total available: 0; route allocated: 0 of 5; total allocated: 0 of 10]
16:12:16.272 [main] DEBUG org.apache.http.impl.conn.PoolingHttpClientConnectionManager -- Connection leased: [id: 49][route: {}->http://localhost:3000][total available: 0; route allocated: 1 of 5; total allocated: 1 of 10]
16:12:16.272 [main] DEBUG org.apache.http.impl.execchain.MainClientExec -- Opening connection {}->http://localhost:3000
16:12:16.272 [main] DEBUG org.apache.http.impl.conn.DefaultHttpClientConnectionOperator -- Connecting to localhost/127.0.0.1:3000
16:12:16.272 [main] DEBUG org.apache.http.impl.conn.DefaultHttpClientConnectionOperator -- Connection established 127.0.0.1:51093<->127.0.0.1:3000
16:12:16.272 [main] DEBUG org.apache.http.impl.conn.DefaultManagedHttpClientConnection -- http-outgoing-49: set socket timeout to 30000
16:12:16.272 [main] DEBUG org.apache.http.impl.execchain.MainClientExec -- Executing request POST /auth/login HTTP/1.1
16:12:16.272 [main] DEBUG org.apache.http.impl.execchain.MainClientExec -- Target auth state: UNCHALLENGED
16:12:16.272 [main] DEBUG org.apache.http.impl.execchain.MainClientExec -- Proxy auth state: UNCHALLENGED
16:12:16.272 [main] DEBUG org.apache.http.headers -- http-outgoing-49 >> POST /auth/login HTTP/1.1
16:12:16.272 [main] DEBUG org.apache.http.headers -- http-outgoing-49 >> Content-Type: application/json; charset=UTF-8
16:12:16.272 [main] DEBUG org.apache.http.headers -- http-outgoing-49 >> Content-Length: 54
16:12:16.272 [main] DEBUG org.apache.http.headers -- http-outgoing-49 >> Host: localhost:3000
16:12:16.272 [main] DEBUG org.apache.http.headers -- http-outgoing-49 >> Connection: Keep-Alive
16:12:16.272 [main] DEBUG org.apache.http.headers -- http-outgoing-49 >> User-Agent: Apache-HttpClient/4.5.14 (Java/17.0.9)
16:12:16.272 [main] DEBUG org.apache.http.headers -- http-outgoing-49 >> Accept-Encoding: gzip,deflate
16:12:16.272 [main] DEBUG org.apache.http.wire -- http-outgoing-49 >> "POST /auth/login HTTP/1.1[\r][\n]"
16:12:16.274 [main] DEBUG org.apache.http.wire -- http-outgoing-49 >> "Content-Type: application/json; charset=UTF-8[\r][\n]"
16:12:16.274 [main] DEBUG org.apache.http.wire -- http-outgoing-49 >> "Content-Length: 54[\r][\n]"
16:12:16.274 [main] DEBUG org.apache.http.wire -- http-outgoing-49 >> "Host: localhost:3000[\r][\n]"
16:12:16.274 [main] DEBUG org.apache.http.wire -- http-outgoing-49 >> "Connection: Keep-Alive[\r][\n]"
16:12:16.274 [main] DEBUG org.apache.http.wire -- http-outgoing-49 >> "User-Agent: Apache-HttpClient/4.5.14 (Java/17.0.9)[\r][\n]"
16:12:16.274 [main] DEBUG org.apache.http.wire -- http-outgoing-49 >> "Accept-Encoding: gzip,deflate[\r][\n]"
16:12:16.274 [main] DEBUG org.apache.http.wire -- http-outgoing-49 >> "[\r][\n]"
16:12:16.274 [main] DEBUG org.apache.http.wire -- http-outgoing-49 >> "{"email":"testit2@gmail.com","password":"Password123"}"
16:12:16.529 [main] DEBUG org.apache.http.wire -- http-outgoing-49 << "HTTP/1.1 200 OK[\r][\n]"
16:12:16.529 [main] DEBUG org.apache.http.wire -- http-outgoing-49 << "X-Powered-By: Express[\r][\n]"
16:12:16.529 [main] DEBUG org.apache.http.wire -- http-outgoing-49 << "Access-Control-Allow-Origin: *[\r][\n]"
16:12:16.530 [main] DEBUG org.apache.http.wire -- http-outgoing-49 << "Content-Type: application/json; charset=utf-8[\r][\n]"
16:12:16.530 [main] DEBUG org.apache.http.wire -- http-outgoing-49 << "Content-Length: 605[\r][\n]"
16:12:16.530 [main] DEBUG org.apache.http.wire -- http-outgoing-49 << "ETag: W/"25d-zFc8xMnqq08AVDJtaKT2ElMdjEM"[\r][\n]"
16:12:16.530 [main] DEBUG org.apache.http.wire -- http-outgoing-49 << "Date: Tue, 24 Jun 2025 09:12:16 GMT[\r][\n]"
16:12:16.530 [main] DEBUG org.apache.http.wire -- http-outgoing-49 << "Connection: keep-alive[\r][\n]"
16:12:16.530 [main] DEBUG org.apache.http.wire -- http-outgoing-49 << "Keep-Alive: timeout=5[\r][\n]"
16:12:16.530 [main] DEBUG org.apache.http.wire -- http-outgoing-49 << "[\r][\n]"
16:12:16.530 [main] DEBUG org.apache.http.wire -- http-outgoing-49 << "{"access_token":"eyJhbGciOiJIUzI1NiIsInR5cCI6IkpXVCJ9.eyJzdWIiOiIwYTM3ZWY0My1mZWU4LTQxZDMtYTY4Ni04YWIwODY5NDg2OTUiLCJ1c2VybmFtZSI6ImpvaG5kb2UyMSIsInJvbGUiOjAsImlhdCI6MTc1MDc1NjMzNiwiZXhwIjoxNzUwNzU5OTM2fQ.MDC89YbFkFY3QKl733MJaRTlVCj3S3-AbRw8WcFbFh4","refresh_token":"490555b9f1cb823291dbca8f1b74ccef030fb7a93b374e97c4cdaa1e14187f66","user":{"id":"0a37ef43-fee8-41d3-a686-8ab086948695","email":"testit2@gmail.com","username":"johndoe21","name":"John Doe","phoneNumber":"0123456712","profilePic":null,"bio":null,"private":false,"verified":false,"role":0,"followersCount":0,"followingCount":0,"postCount":0}}"
16:12:16.530 [main] DEBUG org.apache.http.headers -- http-outgoing-49 << HTTP/1.1 200 OK
16:12:16.530 [main] DEBUG org.apache.http.headers -- http-outgoing-49 << X-Powered-By: Express
16:12:16.530 [main] DEBUG org.apache.http.headers -- http-outgoing-49 << Access-Control-Allow-Origin: *
16:12:16.530 [main] DEBUG org.apache.http.headers -- http-outgoing-49 << Content-Type: application/json; charset=utf-8
16:12:16.530 [main] DEBUG org.apache.http.headers -- http-outgoing-49 << Content-Length: 605
16:12:16.530 [main] DEBUG org.apache.http.headers -- http-outgoing-49 << ETag: W/"25d-zFc8xMnqq08AVDJtaKT2ElMdjEM"
16:12:16.530 [main] DEBUG org.apache.http.headers -- http-outgoing-49 << Date: Tue, 24 Jun 2025 09:12:16 GMT
16:12:16.530 [main] DEBUG org.apache.http.headers -- http-outgoing-49 << Connection: keep-alive
16:12:16.530 [main] DEBUG org.apache.http.headers -- http-outgoing-49 << Keep-Alive: timeout=5
16:12:16.530 [main] DEBUG org.apache.http.impl.execchain.MainClientExec -- Connection can be kept alive for 5000 MILLISECONDS
16:12:16.530 [main] DEBUG org.apache.http.impl.conn.PoolingHttpClientConnectionManager -- Connection [id: 49][route: {}->http://localhost:3000] can be kept alive for 5.0 seconds
16:12:16.530 [main] DEBUG org.apache.http.impl.conn.DefaultManagedHttpClientConnection -- http-outgoing-49: set socket timeout to 0
16:12:16.531 [main] DEBUG org.apache.http.impl.conn.PoolingHttpClientConnectionManager -- Connection released: [id: 49][route: {}->http://localhost:3000][total available: 1; route allocated: 1 of 5; total allocated: 1 of 10]
16:12:16.531 [main] DEBUG org.apache.http.impl.conn.PoolingHttpClientConnectionManager -- Connection manager is shutting down
16:12:16.531 [main] DEBUG org.apache.http.impl.conn.DefaultManagedHttpClientConnection -- http-outgoing-49: Close connection
16:12:16.531 [main] DEBUG org.apache.http.impl.conn.PoolingHttpClientConnectionManager -- Connection manager shut down
16:12:16.531 [main] DEBUG com.intuit.karate -- response time in milliseconds: 259
1 < 200
1 < X-Powered-By: Express
1 < Access-Control-Allow-Origin: *
1 < Content-Type: application/json; charset=utf-8
1 < Content-Length: 605
1 < ETag: W/"25d-zFc8xMnqq08AVDJtaKT2ElMdjEM"
1 < Date: Tue, 24 Jun 2025 09:12:16 GMT
1 < Connection: keep-alive
1 < Keep-Alive: timeout=5
{"access_token":"eyJhbGciOiJIUzI1NiIsInR5cCI6IkpXVCJ9.eyJzdWIiOiIwYTM3ZWY0My1mZWU4LTQxZDMtYTY4Ni04YWIwODY5NDg2OTUiLCJ1c2VybmFtZSI6ImpvaG5kb2UyMSIsInJvbGUiOjAsImlhdCI6MTc1MDc1NjMzNiwiZXhwIjoxNzUwNzU5OTM2fQ.MDC89YbFkFY3QKl733MJaRTlVCj3S3-AbRw8WcFbFh4","refresh_token":"490555b9f1cb823291dbca8f1b74ccef030fb7a93b374e97c4cdaa1e14187f66","user":{"id":"0a37ef43-fee8-41d3-a686-8ab086948695","email":"testit2@gmail.com","username":"johndoe21","name":"John Doe","phoneNumber":"0123456712","profilePic":null,"bio":null,"private":false,"verified":false,"role":0,"followersCount":0,"followingCount":0,"postCount":0}}

16:12:16.531 [main] INFO com.intuit.karate -- [print] *** AFTER API CALL *** Status: 200 
16:12:16.531 [main] INFO com.intuit.karate -- [print] ### API CALL COMPLETED ### Email: testit2@gmail.com Status: 200 
16:12:16.532 [main] INFO com.intuit.karate -- [print] ### RESPONSE BODY ### {
  "access_token": "eyJhbGciOiJIUzI1NiIsInR5cCI6IkpXVCJ9.eyJzdWIiOiIwYTM3ZWY0My1mZWU4LTQxZDMtYTY4Ni04YWIwODY5NDg2OTUiLCJ1c2VybmFtZSI6ImpvaG5kb2UyMSIsInJvbGUiOjAsImlhdCI6MTc1MDc1NjMzNiwiZXhwIjoxNzUwNzU5OTM2fQ.MDC89YbFkFY3QKl733MJaRTlVCj3S3-AbRw8WcFbFh4",
  "refresh_token": "490555b9f1cb823291dbca8f1b74ccef030fb7a93b374e97c4cdaa1e14187f66",
  "user": {
    "id": "0a37ef43-fee8-41d3-a686-8ab086948695",
    "email": "testit2@gmail.com",
    "username": "johndoe21",
    "name": "John Doe",
    "phoneNumber": "0123456712",
    "profilePic": null,
    "bio": null,
    "private": false,
    "verified": false,
    "role": 0,
    "followersCount": 0,
    "followingCount": 0,
    "postCount": 0
  }
}
 
16:12:16.532 [main] INFO com.intuit.karate -- Request #50 completed - Status: 200 Time: 266ms 
16:12:16.533 [main] INFO com.intuit.karate -- *** SEQUENTIAL REQUEST #51 *** 
16:12:16.533 [main] INFO com.intuit.karate -- User: nam@gmail.com 
16:12:16.535 [main] INFO com.intuit.karate -- [print] *** BEFORE API CALL *** Email: nam@gmail.com URL: http://localhost:3000/auth/login 
16:12:16.536 [main] DEBUG com.jayway.jsonpath.internal.path.CompiledPath -- Evaluating path: $
16:12:16.536 [main] INFO com.intuit.karate -- [print] *** SENDING REQUEST *** Body: {
  "email": "#(email)",
  "password": "#(password)"
}
 
16:12:16.537 [main] DEBUG org.apache.http.client.protocol.RequestAddCookies -- CookieSpec selected: karate
16:12:16.537 [main] DEBUG org.apache.http.client.protocol.RequestAuthCache -- Auth cache not set in the context
16:12:16.537 [main] DEBUG com.intuit.karate -- request:
1 > POST http://localhost:3000/auth/login
1 > Content-Type: application/json; charset=UTF-8
1 > Content-Length: 45
1 > Host: localhost:3000
1 > Connection: Keep-Alive
1 > User-Agent: Apache-HttpClient/4.5.14 (Java/17.0.9)
1 > Accept-Encoding: gzip,deflate
{"email":"nam@gmail.com","password":"123456"}

16:12:16.537 [main] DEBUG org.apache.http.impl.conn.PoolingHttpClientConnectionManager -- Connection request: [route: {}->http://localhost:3000][total available: 0; route allocated: 0 of 5; total allocated: 0 of 10]
16:12:16.537 [main] DEBUG org.apache.http.impl.conn.PoolingHttpClientConnectionManager -- Connection leased: [id: 50][route: {}->http://localhost:3000][total available: 0; route allocated: 1 of 5; total allocated: 1 of 10]
16:12:16.537 [main] DEBUG org.apache.http.impl.execchain.MainClientExec -- Opening connection {}->http://localhost:3000
16:12:16.538 [main] DEBUG org.apache.http.impl.conn.DefaultHttpClientConnectionOperator -- Connecting to localhost/127.0.0.1:3000
16:12:16.538 [main] DEBUG org.apache.http.impl.conn.DefaultHttpClientConnectionOperator -- Connection established 127.0.0.1:51094<->127.0.0.1:3000
16:12:16.538 [main] DEBUG org.apache.http.impl.conn.DefaultManagedHttpClientConnection -- http-outgoing-50: set socket timeout to 30000
16:12:16.538 [main] DEBUG org.apache.http.impl.execchain.MainClientExec -- Executing request POST /auth/login HTTP/1.1
16:12:16.538 [main] DEBUG org.apache.http.impl.execchain.MainClientExec -- Target auth state: UNCHALLENGED
16:12:16.538 [main] DEBUG org.apache.http.impl.execchain.MainClientExec -- Proxy auth state: UNCHALLENGED
16:12:16.538 [main] DEBUG org.apache.http.headers -- http-outgoing-50 >> POST /auth/login HTTP/1.1
16:12:16.538 [main] DEBUG org.apache.http.headers -- http-outgoing-50 >> Content-Type: application/json; charset=UTF-8
16:12:16.538 [main] DEBUG org.apache.http.headers -- http-outgoing-50 >> Content-Length: 45
16:12:16.538 [main] DEBUG org.apache.http.headers -- http-outgoing-50 >> Host: localhost:3000
16:12:16.538 [main] DEBUG org.apache.http.headers -- http-outgoing-50 >> Connection: Keep-Alive
16:12:16.538 [main] DEBUG org.apache.http.headers -- http-outgoing-50 >> User-Agent: Apache-HttpClient/4.5.14 (Java/17.0.9)
16:12:16.538 [main] DEBUG org.apache.http.headers -- http-outgoing-50 >> Accept-Encoding: gzip,deflate
16:12:16.538 [main] DEBUG org.apache.http.wire -- http-outgoing-50 >> "POST /auth/login HTTP/1.1[\r][\n]"
16:12:16.538 [main] DEBUG org.apache.http.wire -- http-outgoing-50 >> "Content-Type: application/json; charset=UTF-8[\r][\n]"
16:12:16.538 [main] DEBUG org.apache.http.wire -- http-outgoing-50 >> "Content-Length: 45[\r][\n]"
16:12:16.538 [main] DEBUG org.apache.http.wire -- http-outgoing-50 >> "Host: localhost:3000[\r][\n]"
16:12:16.538 [main] DEBUG org.apache.http.wire -- http-outgoing-50 >> "Connection: Keep-Alive[\r][\n]"
16:12:16.538 [main] DEBUG org.apache.http.wire -- http-outgoing-50 >> "User-Agent: Apache-HttpClient/4.5.14 (Java/17.0.9)[\r][\n]"
16:12:16.538 [main] DEBUG org.apache.http.wire -- http-outgoing-50 >> "Accept-Encoding: gzip,deflate[\r][\n]"
16:12:16.538 [main] DEBUG org.apache.http.wire -- http-outgoing-50 >> "[\r][\n]"
16:12:16.538 [main] DEBUG org.apache.http.wire -- http-outgoing-50 >> "{"email":"nam@gmail.com","password":"123456"}"
16:12:16.811 [main] DEBUG org.apache.http.wire -- http-outgoing-50 << "HTTP/1.1 200 OK[\r][\n]"
16:12:16.811 [main] DEBUG org.apache.http.wire -- http-outgoing-50 << "X-Powered-By: Express[\r][\n]"
16:12:16.811 [main] DEBUG org.apache.http.wire -- http-outgoing-50 << "Access-Control-Allow-Origin: *[\r][\n]"
16:12:16.811 [main] DEBUG org.apache.http.wire -- http-outgoing-50 << "Content-Type: application/json; charset=utf-8[\r][\n]"
16:12:16.811 [main] DEBUG org.apache.http.wire -- http-outgoing-50 << "Content-Length: 708[\r][\n]"
16:12:16.811 [main] DEBUG org.apache.http.wire -- http-outgoing-50 << "ETag: W/"2c4-YjrPQ0KMYUZtOOyMEDRmEZudfhM"[\r][\n]"
16:12:16.811 [main] DEBUG org.apache.http.wire -- http-outgoing-50 << "Date: Tue, 24 Jun 2025 09:12:16 GMT[\r][\n]"
16:12:16.811 [main] DEBUG org.apache.http.wire -- http-outgoing-50 << "Connection: keep-alive[\r][\n]"
16:12:16.811 [main] DEBUG org.apache.http.wire -- http-outgoing-50 << "Keep-Alive: timeout=5[\r][\n]"
16:12:16.811 [main] DEBUG org.apache.http.wire -- http-outgoing-50 << "[\r][\n]"
16:12:16.811 [main] DEBUG org.apache.http.wire -- http-outgoing-50 << "{"access_token":"eyJhbGciOiJIUzI1NiIsInR5cCI6IkpXVCJ9.eyJzdWIiOiIwODUxNWIwNS0yZDNlLTQ3ODktYWQ2MC1kYjM1NTI1YTQ5NzAiLCJ1c2VybmFtZSI6Im5hbSIsInJvbGUiOjAsImlhdCI6MTc1MDc1NjMzNiwiZXhwIjoxNzUwNzU5OTM2fQ.d2w6sLqKmP0fKT4Qv1byQe7j4UjCjtYZDbRuWRFNlZE","refresh_token":"6c10f77ba20214ea9d76f40c49fc58d581ab910632735d51e94aebc644ba3df3","user":{"id":"08515b05-2d3e-4789-ad60-db35525a4970","email":"nam@gmail.com","username":"nam","name":"nam","phoneNumber":"0123456789","profilePic":"https://res.cloudinary.com/dizcvrefo/image/upload/v1749266646/nestjs_uploads/zk9zrpeidnovxibfqdxr.png","bio":"Chu tich hoi dong Quan tri 1","private":false,"verified":false,"role":0,"followersCount":2,"followingCount":5,"postCount":13}}"
16:12:16.811 [main] DEBUG org.apache.http.headers -- http-outgoing-50 << HTTP/1.1 200 OK
16:12:16.811 [main] DEBUG org.apache.http.headers -- http-outgoing-50 << X-Powered-By: Express
16:12:16.811 [main] DEBUG org.apache.http.headers -- http-outgoing-50 << Access-Control-Allow-Origin: *
16:12:16.811 [main] DEBUG org.apache.http.headers -- http-outgoing-50 << Content-Type: application/json; charset=utf-8
16:12:16.811 [main] DEBUG org.apache.http.headers -- http-outgoing-50 << Content-Length: 708
16:12:16.811 [main] DEBUG org.apache.http.headers -- http-outgoing-50 << ETag: W/"2c4-YjrPQ0KMYUZtOOyMEDRmEZudfhM"
16:12:16.811 [main] DEBUG org.apache.http.headers -- http-outgoing-50 << Date: Tue, 24 Jun 2025 09:12:16 GMT
16:12:16.811 [main] DEBUG org.apache.http.headers -- http-outgoing-50 << Connection: keep-alive
16:12:16.811 [main] DEBUG org.apache.http.headers -- http-outgoing-50 << Keep-Alive: timeout=5
16:12:16.811 [main] DEBUG org.apache.http.impl.execchain.MainClientExec -- Connection can be kept alive for 5000 MILLISECONDS
16:12:16.811 [main] DEBUG org.apache.http.impl.conn.PoolingHttpClientConnectionManager -- Connection [id: 50][route: {}->http://localhost:3000] can be kept alive for 5.0 seconds
16:12:16.811 [main] DEBUG org.apache.http.impl.conn.DefaultManagedHttpClientConnection -- http-outgoing-50: set socket timeout to 0
16:12:16.811 [main] DEBUG org.apache.http.impl.conn.PoolingHttpClientConnectionManager -- Connection released: [id: 50][route: {}->http://localhost:3000][total available: 1; route allocated: 1 of 5; total allocated: 1 of 10]
16:12:16.811 [main] DEBUG org.apache.http.impl.conn.PoolingHttpClientConnectionManager -- Connection manager is shutting down
16:12:16.811 [main] DEBUG org.apache.http.impl.conn.DefaultManagedHttpClientConnection -- http-outgoing-50: Close connection
16:12:16.811 [main] DEBUG org.apache.http.impl.conn.PoolingHttpClientConnectionManager -- Connection manager shut down
16:12:16.811 [main] DEBUG com.intuit.karate -- response time in milliseconds: 274
1 < 200
1 < X-Powered-By: Express
1 < Access-Control-Allow-Origin: *
1 < Content-Type: application/json; charset=utf-8
1 < Content-Length: 708
1 < ETag: W/"2c4-YjrPQ0KMYUZtOOyMEDRmEZudfhM"
1 < Date: Tue, 24 Jun 2025 09:12:16 GMT
1 < Connection: keep-alive
1 < Keep-Alive: timeout=5
{"access_token":"eyJhbGciOiJIUzI1NiIsInR5cCI6IkpXVCJ9.eyJzdWIiOiIwODUxNWIwNS0yZDNlLTQ3ODktYWQ2MC1kYjM1NTI1YTQ5NzAiLCJ1c2VybmFtZSI6Im5hbSIsInJvbGUiOjAsImlhdCI6MTc1MDc1NjMzNiwiZXhwIjoxNzUwNzU5OTM2fQ.d2w6sLqKmP0fKT4Qv1byQe7j4UjCjtYZDbRuWRFNlZE","refresh_token":"6c10f77ba20214ea9d76f40c49fc58d581ab910632735d51e94aebc644ba3df3","user":{"id":"08515b05-2d3e-4789-ad60-db35525a4970","email":"nam@gmail.com","username":"nam","name":"nam","phoneNumber":"0123456789","profilePic":"https://res.cloudinary.com/dizcvrefo/image/upload/v1749266646/nestjs_uploads/zk9zrpeidnovxibfqdxr.png","bio":"Chu tich hoi dong Quan tri 1","private":false,"verified":false,"role":0,"followersCount":2,"followingCount":5,"postCount":13}}

16:12:16.812 [main] INFO com.intuit.karate -- [print] *** AFTER API CALL *** Status: 200 
16:12:16.812 [main] INFO com.intuit.karate -- [print] ### API CALL COMPLETED ### Email: nam@gmail.com Status: 200 
16:12:16.812 [main] INFO com.intuit.karate -- [print] ### RESPONSE BODY ### {
  "access_token": "eyJhbGciOiJIUzI1NiIsInR5cCI6IkpXVCJ9.eyJzdWIiOiIwODUxNWIwNS0yZDNlLTQ3ODktYWQ2MC1kYjM1NTI1YTQ5NzAiLCJ1c2VybmFtZSI6Im5hbSIsInJvbGUiOjAsImlhdCI6MTc1MDc1NjMzNiwiZXhwIjoxNzUwNzU5OTM2fQ.d2w6sLqKmP0fKT4Qv1byQe7j4UjCjtYZDbRuWRFNlZE",
  "refresh_token": "6c10f77ba20214ea9d76f40c49fc58d581ab910632735d51e94aebc644ba3df3",
  "user": {
    "id": "08515b05-2d3e-4789-ad60-db35525a4970",
    "email": "nam@gmail.com",
    "username": "nam",
    "name": "nam",
    "phoneNumber": "0123456789",
    "profilePic": "https://res.cloudinary.com/dizcvrefo/image/upload/v1749266646/nestjs_uploads/zk9zrpeidnovxibfqdxr.png",
    "bio": "Chu tich hoi dong Quan tri 1",
    "private": false,
    "verified": false,
    "role": 0,
    "followersCount": 2,
    "followingCount": 5,
    "postCount": 13
  }
}
 
16:12:16.813 [main] INFO com.intuit.karate -- Request #51 completed - Status: 200 Time: 280ms 
16:12:16.814 [main] INFO com.intuit.karate -- *** SEQUENTIAL REQUEST #52 *** 
16:12:16.814 [main] INFO com.intuit.karate -- User: quang1@gmail.com 
16:12:16.817 [main] INFO com.intuit.karate -- [print] *** BEFORE API CALL *** Email: quang1@gmail.com URL: http://localhost:3000/auth/login 
16:12:16.817 [main] DEBUG com.jayway.jsonpath.internal.path.CompiledPath -- Evaluating path: $
16:12:16.817 [main] INFO com.intuit.karate -- [print] *** SENDING REQUEST *** Body: {
  "email": "#(email)",
  "password": "#(password)"
}
 
16:12:16.819 [main] DEBUG org.apache.http.client.protocol.RequestAddCookies -- CookieSpec selected: karate
16:12:16.819 [main] DEBUG org.apache.http.client.protocol.RequestAuthCache -- Auth cache not set in the context
16:12:16.819 [main] DEBUG com.intuit.karate -- request:
1 > POST http://localhost:3000/auth/login
1 > Content-Type: application/json; charset=UTF-8
1 > Content-Length: 48
1 > Host: localhost:3000
1 > Connection: Keep-Alive
1 > User-Agent: Apache-HttpClient/4.5.14 (Java/17.0.9)
1 > Accept-Encoding: gzip,deflate
{"email":"quang1@gmail.com","password":"quang1"}

16:12:16.819 [main] DEBUG org.apache.http.impl.conn.PoolingHttpClientConnectionManager -- Connection request: [route: {}->http://localhost:3000][total available: 0; route allocated: 0 of 5; total allocated: 0 of 10]
16:12:16.819 [main] DEBUG org.apache.http.impl.conn.PoolingHttpClientConnectionManager -- Connection leased: [id: 51][route: {}->http://localhost:3000][total available: 0; route allocated: 1 of 5; total allocated: 1 of 10]
16:12:16.819 [main] DEBUG org.apache.http.impl.execchain.MainClientExec -- Opening connection {}->http://localhost:3000
16:12:16.819 [main] DEBUG org.apache.http.impl.conn.DefaultHttpClientConnectionOperator -- Connecting to localhost/127.0.0.1:3000
16:12:16.819 [main] DEBUG org.apache.http.impl.conn.DefaultHttpClientConnectionOperator -- Connection established 127.0.0.1:51095<->127.0.0.1:3000
16:12:16.819 [main] DEBUG org.apache.http.impl.conn.DefaultManagedHttpClientConnection -- http-outgoing-51: set socket timeout to 30000
16:12:16.819 [main] DEBUG org.apache.http.impl.execchain.MainClientExec -- Executing request POST /auth/login HTTP/1.1
16:12:16.819 [main] DEBUG org.apache.http.impl.execchain.MainClientExec -- Target auth state: UNCHALLENGED
16:12:16.819 [main] DEBUG org.apache.http.impl.execchain.MainClientExec -- Proxy auth state: UNCHALLENGED
16:12:16.819 [main] DEBUG org.apache.http.headers -- http-outgoing-51 >> POST /auth/login HTTP/1.1
16:12:16.819 [main] DEBUG org.apache.http.headers -- http-outgoing-51 >> Content-Type: application/json; charset=UTF-8
16:12:16.819 [main] DEBUG org.apache.http.headers -- http-outgoing-51 >> Content-Length: 48
16:12:16.819 [main] DEBUG org.apache.http.headers -- http-outgoing-51 >> Host: localhost:3000
16:12:16.819 [main] DEBUG org.apache.http.headers -- http-outgoing-51 >> Connection: Keep-Alive
16:12:16.819 [main] DEBUG org.apache.http.headers -- http-outgoing-51 >> User-Agent: Apache-HttpClient/4.5.14 (Java/17.0.9)
16:12:16.819 [main] DEBUG org.apache.http.headers -- http-outgoing-51 >> Accept-Encoding: gzip,deflate
16:12:16.819 [main] DEBUG org.apache.http.wire -- http-outgoing-51 >> "POST /auth/login HTTP/1.1[\r][\n]"
16:12:16.819 [main] DEBUG org.apache.http.wire -- http-outgoing-51 >> "Content-Type: application/json; charset=UTF-8[\r][\n]"
16:12:16.819 [main] DEBUG org.apache.http.wire -- http-outgoing-51 >> "Content-Length: 48[\r][\n]"
16:12:16.819 [main] DEBUG org.apache.http.wire -- http-outgoing-51 >> "Host: localhost:3000[\r][\n]"
16:12:16.819 [main] DEBUG org.apache.http.wire -- http-outgoing-51 >> "Connection: Keep-Alive[\r][\n]"
16:12:16.819 [main] DEBUG org.apache.http.wire -- http-outgoing-51 >> "User-Agent: Apache-HttpClient/4.5.14 (Java/17.0.9)[\r][\n]"
16:12:16.819 [main] DEBUG org.apache.http.wire -- http-outgoing-51 >> "Accept-Encoding: gzip,deflate[\r][\n]"
16:12:16.819 [main] DEBUG org.apache.http.wire -- http-outgoing-51 >> "[\r][\n]"
16:12:16.819 [main] DEBUG org.apache.http.wire -- http-outgoing-51 >> "{"email":"quang1@gmail.com","password":"quang1"}"
16:12:17.095 [main] DEBUG org.apache.http.wire -- http-outgoing-51 << "HTTP/1.1 200 OK[\r][\n]"
16:12:17.095 [main] DEBUG org.apache.http.wire -- http-outgoing-51 << "X-Powered-By: Express[\r][\n]"
16:12:17.095 [main] DEBUG org.apache.http.wire -- http-outgoing-51 << "Access-Control-Allow-Origin: *[\r][\n]"
16:12:17.095 [main] DEBUG org.apache.http.wire -- http-outgoing-51 << "Content-Type: application/json; charset=utf-8[\r][\n]"
16:12:17.095 [main] DEBUG org.apache.http.wire -- http-outgoing-51 << "Content-Length: 715[\r][\n]"
16:12:17.095 [main] DEBUG org.apache.http.wire -- http-outgoing-51 << "ETag: W/"2cb-D5Trl8rUtUrlC4URkKW+6t/t5ng"[\r][\n]"
16:12:17.095 [main] DEBUG org.apache.http.wire -- http-outgoing-51 << "Date: Tue, 24 Jun 2025 09:12:17 GMT[\r][\n]"
16:12:17.095 [main] DEBUG org.apache.http.wire -- http-outgoing-51 << "Connection: keep-alive[\r][\n]"
16:12:17.095 [main] DEBUG org.apache.http.wire -- http-outgoing-51 << "Keep-Alive: timeout=5[\r][\n]"
16:12:17.095 [main] DEBUG org.apache.http.wire -- http-outgoing-51 << "[\r][\n]"
16:12:17.095 [main] DEBUG org.apache.http.wire -- http-outgoing-51 << "{"access_token":"eyJhbGciOiJIUzI1NiIsInR5cCI6IkpXVCJ9.eyJzdWIiOiIyYjg0YWEyNC02NjhhLTQwZTItYWYxYy1hZDRmYzRmYTVhNmYiLCJ1c2VybmFtZSI6InF1YW5nMSIsInJvbGUiOjAsImlhdCI6MTc1MDc1NjMzNywiZXhwIjoxNzUwNzU5OTM3fQ.9MxQMk8S0b5F89Zbd3Xekae4Wo0h0hx9CsCyPum1Dn4","refresh_token":"71ecae474cd0331e2c537ce6f2985421a65d1bf6a057297da6a392d55301e9d7","user":{"id":"2b84aa24-668a-40e2-af1c-ad4fc4fa5a6f","email":"quang1@gmail.com","username":"quang1","name":"quang1","phoneNumber":"09874563210","profilePic":"https://res.cloudinary.com/dizcvrefo/image/upload/v1749027586/nestjs_uploads/xehairydt9rzlbmbmv4c.jpg","bio":"Thang Nam Lao Vua Thoi","private":false,"verified":false,"role":0,"followersCount":2,"followingCount":3,"postCount":2}}"
16:12:17.095 [main] DEBUG org.apache.http.headers -- http-outgoing-51 << HTTP/1.1 200 OK
16:12:17.095 [main] DEBUG org.apache.http.headers -- http-outgoing-51 << X-Powered-By: Express
16:12:17.095 [main] DEBUG org.apache.http.headers -- http-outgoing-51 << Access-Control-Allow-Origin: *
16:12:17.095 [main] DEBUG org.apache.http.headers -- http-outgoing-51 << Content-Type: application/json; charset=utf-8
16:12:17.095 [main] DEBUG org.apache.http.headers -- http-outgoing-51 << Content-Length: 715
16:12:17.095 [main] DEBUG org.apache.http.headers -- http-outgoing-51 << ETag: W/"2cb-D5Trl8rUtUrlC4URkKW+6t/t5ng"
16:12:17.095 [main] DEBUG org.apache.http.headers -- http-outgoing-51 << Date: Tue, 24 Jun 2025 09:12:17 GMT
16:12:17.095 [main] DEBUG org.apache.http.headers -- http-outgoing-51 << Connection: keep-alive
16:12:17.095 [main] DEBUG org.apache.http.headers -- http-outgoing-51 << Keep-Alive: timeout=5
16:12:17.095 [main] DEBUG org.apache.http.impl.execchain.MainClientExec -- Connection can be kept alive for 5000 MILLISECONDS
16:12:17.096 [main] DEBUG org.apache.http.impl.conn.PoolingHttpClientConnectionManager -- Connection [id: 51][route: {}->http://localhost:3000] can be kept alive for 5.0 seconds
16:12:17.096 [main] DEBUG org.apache.http.impl.conn.DefaultManagedHttpClientConnection -- http-outgoing-51: set socket timeout to 0
16:12:17.096 [main] DEBUG org.apache.http.impl.conn.PoolingHttpClientConnectionManager -- Connection released: [id: 51][route: {}->http://localhost:3000][total available: 1; route allocated: 1 of 5; total allocated: 1 of 10]
16:12:17.096 [main] DEBUG org.apache.http.impl.conn.PoolingHttpClientConnectionManager -- Connection manager is shutting down
16:12:17.096 [main] DEBUG org.apache.http.impl.conn.DefaultManagedHttpClientConnection -- http-outgoing-51: Close connection
16:12:17.096 [main] DEBUG org.apache.http.impl.conn.PoolingHttpClientConnectionManager -- Connection manager shut down
16:12:17.096 [main] DEBUG com.intuit.karate -- response time in milliseconds: 277
1 < 200
1 < X-Powered-By: Express
1 < Access-Control-Allow-Origin: *
1 < Content-Type: application/json; charset=utf-8
1 < Content-Length: 715
1 < ETag: W/"2cb-D5Trl8rUtUrlC4URkKW+6t/t5ng"
1 < Date: Tue, 24 Jun 2025 09:12:17 GMT
1 < Connection: keep-alive
1 < Keep-Alive: timeout=5
{"access_token":"eyJhbGciOiJIUzI1NiIsInR5cCI6IkpXVCJ9.eyJzdWIiOiIyYjg0YWEyNC02NjhhLTQwZTItYWYxYy1hZDRmYzRmYTVhNmYiLCJ1c2VybmFtZSI6InF1YW5nMSIsInJvbGUiOjAsImlhdCI6MTc1MDc1NjMzNywiZXhwIjoxNzUwNzU5OTM3fQ.9MxQMk8S0b5F89Zbd3Xekae4Wo0h0hx9CsCyPum1Dn4","refresh_token":"71ecae474cd0331e2c537ce6f2985421a65d1bf6a057297da6a392d55301e9d7","user":{"id":"2b84aa24-668a-40e2-af1c-ad4fc4fa5a6f","email":"quang1@gmail.com","username":"quang1","name":"quang1","phoneNumber":"09874563210","profilePic":"https://res.cloudinary.com/dizcvrefo/image/upload/v1749027586/nestjs_uploads/xehairydt9rzlbmbmv4c.jpg","bio":"Thang Nam Lao Vua Thoi","private":false,"verified":false,"role":0,"followersCount":2,"followingCount":3,"postCount":2}}

16:12:17.096 [main] INFO com.intuit.karate -- [print] *** AFTER API CALL *** Status: 200 
16:12:17.097 [main] INFO com.intuit.karate -- [print] ### API CALL COMPLETED ### Email: quang1@gmail.com Status: 200 
16:12:17.097 [main] INFO com.intuit.karate -- [print] ### RESPONSE BODY ### {
  "access_token": "eyJhbGciOiJIUzI1NiIsInR5cCI6IkpXVCJ9.eyJzdWIiOiIyYjg0YWEyNC02NjhhLTQwZTItYWYxYy1hZDRmYzRmYTVhNmYiLCJ1c2VybmFtZSI6InF1YW5nMSIsInJvbGUiOjAsImlhdCI6MTc1MDc1NjMzNywiZXhwIjoxNzUwNzU5OTM3fQ.9MxQMk8S0b5F89Zbd3Xekae4Wo0h0hx9CsCyPum1Dn4",
  "refresh_token": "71ecae474cd0331e2c537ce6f2985421a65d1bf6a057297da6a392d55301e9d7",
  "user": {
    "id": "2b84aa24-668a-40e2-af1c-ad4fc4fa5a6f",
    "email": "quang1@gmail.com",
    "username": "quang1",
    "name": "quang1",
    "phoneNumber": "09874563210",
    "profilePic": "https://res.cloudinary.com/dizcvrefo/image/upload/v1749027586/nestjs_uploads/xehairydt9rzlbmbmv4c.jpg",
    "bio": "Thang Nam Lao Vua Thoi",
    "private": false,
    "verified": false,
    "role": 0,
    "followersCount": 2,
    "followingCount": 3,
    "postCount": 2
  }
}
 
16:12:17.098 [main] INFO com.intuit.karate -- Request #52 completed - Status: 200 Time: 284ms 
16:12:17.098 [main] INFO com.intuit.karate -- *** SEQUENTIAL REQUEST #53 *** 
16:12:17.098 [main] INFO com.intuit.karate -- User: test@example.com 
16:12:17.104 [main] INFO com.intuit.karate -- [print] *** BEFORE API CALL *** Email: test@example.com URL: http://localhost:3000/auth/login 
16:12:17.104 [main] DEBUG com.jayway.jsonpath.internal.path.CompiledPath -- Evaluating path: $
16:12:17.104 [main] INFO com.intuit.karate -- [print] *** SENDING REQUEST *** Body: {
  "email": "#(email)",
  "password": "#(password)"
}
 
16:12:17.107 [main] DEBUG org.apache.http.client.protocol.RequestAddCookies -- CookieSpec selected: karate
16:12:17.107 [main] DEBUG org.apache.http.client.protocol.RequestAuthCache -- Auth cache not set in the context
16:12:17.107 [main] DEBUG com.intuit.karate -- request:
1 > POST http://localhost:3000/auth/login
1 > Content-Type: application/json; charset=UTF-8
1 > Content-Length: 53
1 > Host: localhost:3000
1 > Connection: Keep-Alive
1 > User-Agent: Apache-HttpClient/4.5.14 (Java/17.0.9)
1 > Accept-Encoding: gzip,deflate
{"email":"test@example.com","password":"Password123"}

16:12:17.107 [main] DEBUG org.apache.http.impl.conn.PoolingHttpClientConnectionManager -- Connection request: [route: {}->http://localhost:3000][total available: 0; route allocated: 0 of 5; total allocated: 0 of 10]
16:12:17.107 [main] DEBUG org.apache.http.impl.conn.PoolingHttpClientConnectionManager -- Connection leased: [id: 52][route: {}->http://localhost:3000][total available: 0; route allocated: 1 of 5; total allocated: 1 of 10]
16:12:17.107 [main] DEBUG org.apache.http.impl.execchain.MainClientExec -- Opening connection {}->http://localhost:3000
16:12:17.107 [main] DEBUG org.apache.http.impl.conn.DefaultHttpClientConnectionOperator -- Connecting to localhost/127.0.0.1:3000
16:12:17.108 [main] DEBUG org.apache.http.impl.conn.DefaultHttpClientConnectionOperator -- Connection established 127.0.0.1:51096<->127.0.0.1:3000
16:12:17.108 [main] DEBUG org.apache.http.impl.conn.DefaultManagedHttpClientConnection -- http-outgoing-52: set socket timeout to 30000
16:12:17.108 [main] DEBUG org.apache.http.impl.execchain.MainClientExec -- Executing request POST /auth/login HTTP/1.1
16:12:17.108 [main] DEBUG org.apache.http.impl.execchain.MainClientExec -- Target auth state: UNCHALLENGED
16:12:17.108 [main] DEBUG org.apache.http.impl.execchain.MainClientExec -- Proxy auth state: UNCHALLENGED
16:12:17.108 [main] DEBUG org.apache.http.headers -- http-outgoing-52 >> POST /auth/login HTTP/1.1
16:12:17.109 [main] DEBUG org.apache.http.headers -- http-outgoing-52 >> Content-Type: application/json; charset=UTF-8
16:12:17.109 [main] DEBUG org.apache.http.headers -- http-outgoing-52 >> Content-Length: 53
16:12:17.109 [main] DEBUG org.apache.http.headers -- http-outgoing-52 >> Host: localhost:3000
16:12:17.109 [main] DEBUG org.apache.http.headers -- http-outgoing-52 >> Connection: Keep-Alive
16:12:17.109 [main] DEBUG org.apache.http.headers -- http-outgoing-52 >> User-Agent: Apache-HttpClient/4.5.14 (Java/17.0.9)
16:12:17.109 [main] DEBUG org.apache.http.headers -- http-outgoing-52 >> Accept-Encoding: gzip,deflate
16:12:17.109 [main] DEBUG org.apache.http.wire -- http-outgoing-52 >> "POST /auth/login HTTP/1.1[\r][\n]"
16:12:17.109 [main] DEBUG org.apache.http.wire -- http-outgoing-52 >> "Content-Type: application/json; charset=UTF-8[\r][\n]"
16:12:17.109 [main] DEBUG org.apache.http.wire -- http-outgoing-52 >> "Content-Length: 53[\r][\n]"
16:12:17.109 [main] DEBUG org.apache.http.wire -- http-outgoing-52 >> "Host: localhost:3000[\r][\n]"
16:12:17.109 [main] DEBUG org.apache.http.wire -- http-outgoing-52 >> "Connection: Keep-Alive[\r][\n]"
16:12:17.109 [main] DEBUG org.apache.http.wire -- http-outgoing-52 >> "User-Agent: Apache-HttpClient/4.5.14 (Java/17.0.9)[\r][\n]"
16:12:17.109 [main] DEBUG org.apache.http.wire -- http-outgoing-52 >> "Accept-Encoding: gzip,deflate[\r][\n]"
16:12:17.109 [main] DEBUG org.apache.http.wire -- http-outgoing-52 >> "[\r][\n]"
16:12:17.109 [main] DEBUG org.apache.http.wire -- http-outgoing-52 >> "{"email":"test@example.com","password":"Password123"}"
16:12:17.372 [main] DEBUG org.apache.http.wire -- http-outgoing-52 << "HTTP/1.1 200 OK[\r][\n]"
16:12:17.373 [main] DEBUG org.apache.http.wire -- http-outgoing-52 << "X-Powered-By: Express[\r][\n]"
16:12:17.373 [main] DEBUG org.apache.http.wire -- http-outgoing-52 << "Access-Control-Allow-Origin: *[\r][\n]"
16:12:17.373 [main] DEBUG org.apache.http.wire -- http-outgoing-52 << "Content-Type: application/json; charset=utf-8[\r][\n]"
16:12:17.373 [main] DEBUG org.apache.http.wire -- http-outgoing-52 << "Content-Length: 599[\r][\n]"
16:12:17.373 [main] DEBUG org.apache.http.wire -- http-outgoing-52 << "ETag: W/"257-ZCTzQYmpCSqf0Igb9kHFDKFEFaE"[\r][\n]"
16:12:17.373 [main] DEBUG org.apache.http.wire -- http-outgoing-52 << "Date: Tue, 24 Jun 2025 09:12:17 GMT[\r][\n]"
16:12:17.373 [main] DEBUG org.apache.http.wire -- http-outgoing-52 << "Connection: keep-alive[\r][\n]"
16:12:17.373 [main] DEBUG org.apache.http.wire -- http-outgoing-52 << "Keep-Alive: timeout=5[\r][\n]"
16:12:17.373 [main] DEBUG org.apache.http.wire -- http-outgoing-52 << "[\r][\n]"
16:12:17.373 [main] DEBUG org.apache.http.wire -- http-outgoing-52 << "{"access_token":"eyJhbGciOiJIUzI1NiIsInR5cCI6IkpXVCJ9.eyJzdWIiOiIyZGRhMDQzOS01MTgwLTQ1YWEtOTE3Zi1lNjMyZTQ1YThlNDEiLCJ1c2VybmFtZSI6ImpvaG5kb2UiLCJyb2xlIjowLCJpYXQiOjE3NTA3NTYzMzcsImV4cCI6MTc1MDc1OTkzN30.WXc9AjDrwy5SAEExb52SaikAsEKmHCa9qjgmMAYRxdU","refresh_token":"413ea764911381924b129796f4cee5d3295f98c0b62c4a3f1ab6bc86c2c54bcd","user":{"id":"2dda0439-5180-45aa-917f-e632e45a8e41","email":"test@example.com","username":"johndoe","name":"John Doe","phoneNumber":"0987654321","profilePic":null,"bio":null,"private":false,"verified":false,"role":0,"followersCount":0,"followingCount":0,"postCount":0}}"
16:12:17.373 [main] DEBUG org.apache.http.headers -- http-outgoing-52 << HTTP/1.1 200 OK
16:12:17.373 [main] DEBUG org.apache.http.headers -- http-outgoing-52 << X-Powered-By: Express
16:12:17.373 [main] DEBUG org.apache.http.headers -- http-outgoing-52 << Access-Control-Allow-Origin: *
16:12:17.373 [main] DEBUG org.apache.http.headers -- http-outgoing-52 << Content-Type: application/json; charset=utf-8
16:12:17.373 [main] DEBUG org.apache.http.headers -- http-outgoing-52 << Content-Length: 599
16:12:17.373 [main] DEBUG org.apache.http.headers -- http-outgoing-52 << ETag: W/"257-ZCTzQYmpCSqf0Igb9kHFDKFEFaE"
16:12:17.373 [main] DEBUG org.apache.http.headers -- http-outgoing-52 << Date: Tue, 24 Jun 2025 09:12:17 GMT
16:12:17.373 [main] DEBUG org.apache.http.headers -- http-outgoing-52 << Connection: keep-alive
16:12:17.373 [main] DEBUG org.apache.http.headers -- http-outgoing-52 << Keep-Alive: timeout=5
16:12:17.373 [main] DEBUG org.apache.http.impl.execchain.MainClientExec -- Connection can be kept alive for 5000 MILLISECONDS
16:12:17.373 [main] DEBUG org.apache.http.impl.conn.PoolingHttpClientConnectionManager -- Connection [id: 52][route: {}->http://localhost:3000] can be kept alive for 5.0 seconds
16:12:17.373 [main] DEBUG org.apache.http.impl.conn.DefaultManagedHttpClientConnection -- http-outgoing-52: set socket timeout to 0
16:12:17.373 [main] DEBUG org.apache.http.impl.conn.PoolingHttpClientConnectionManager -- Connection released: [id: 52][route: {}->http://localhost:3000][total available: 1; route allocated: 1 of 5; total allocated: 1 of 10]
16:12:17.373 [main] DEBUG org.apache.http.impl.conn.PoolingHttpClientConnectionManager -- Connection manager is shutting down
16:12:17.373 [main] DEBUG org.apache.http.impl.conn.DefaultManagedHttpClientConnection -- http-outgoing-52: Close connection
16:12:17.373 [main] DEBUG org.apache.http.impl.conn.PoolingHttpClientConnectionManager -- Connection manager shut down
16:12:17.373 [main] DEBUG com.intuit.karate -- response time in milliseconds: 266
1 < 200
1 < X-Powered-By: Express
1 < Access-Control-Allow-Origin: *
1 < Content-Type: application/json; charset=utf-8
1 < Content-Length: 599
1 < ETag: W/"257-ZCTzQYmpCSqf0Igb9kHFDKFEFaE"
1 < Date: Tue, 24 Jun 2025 09:12:17 GMT
1 < Connection: keep-alive
1 < Keep-Alive: timeout=5
{"access_token":"eyJhbGciOiJIUzI1NiIsInR5cCI6IkpXVCJ9.eyJzdWIiOiIyZGRhMDQzOS01MTgwLTQ1YWEtOTE3Zi1lNjMyZTQ1YThlNDEiLCJ1c2VybmFtZSI6ImpvaG5kb2UiLCJyb2xlIjowLCJpYXQiOjE3NTA3NTYzMzcsImV4cCI6MTc1MDc1OTkzN30.WXc9AjDrwy5SAEExb52SaikAsEKmHCa9qjgmMAYRxdU","refresh_token":"413ea764911381924b129796f4cee5d3295f98c0b62c4a3f1ab6bc86c2c54bcd","user":{"id":"2dda0439-5180-45aa-917f-e632e45a8e41","email":"test@example.com","username":"johndoe","name":"John Doe","phoneNumber":"0987654321","profilePic":null,"bio":null,"private":false,"verified":false,"role":0,"followersCount":0,"followingCount":0,"postCount":0}}

16:12:17.374 [main] INFO com.intuit.karate -- [print] *** AFTER API CALL *** Status: 200 
16:12:17.374 [main] INFO com.intuit.karate -- [print] ### API CALL COMPLETED ### Email: test@example.com Status: 200 
16:12:17.374 [main] INFO com.intuit.karate -- [print] ### RESPONSE BODY ### {
  "access_token": "eyJhbGciOiJIUzI1NiIsInR5cCI6IkpXVCJ9.eyJzdWIiOiIyZGRhMDQzOS01MTgwLTQ1YWEtOTE3Zi1lNjMyZTQ1YThlNDEiLCJ1c2VybmFtZSI6ImpvaG5kb2UiLCJyb2xlIjowLCJpYXQiOjE3NTA3NTYzMzcsImV4cCI6MTc1MDc1OTkzN30.WXc9AjDrwy5SAEExb52SaikAsEKmHCa9qjgmMAYRxdU",
  "refresh_token": "413ea764911381924b129796f4cee5d3295f98c0b62c4a3f1ab6bc86c2c54bcd",
  "user": {
    "id": "2dda0439-5180-45aa-917f-e632e45a8e41",
    "email": "test@example.com",
    "username": "johndoe",
    "name": "John Doe",
    "phoneNumber": "0987654321",
    "profilePic": null,
    "bio": null,
    "private": false,
    "verified": false,
    "role": 0,
    "followersCount": 0,
    "followingCount": 0,
    "postCount": 0
  }
}
 
16:12:17.375 [main] INFO com.intuit.karate -- Request #53 completed - Status: 200 Time: 276ms 
16:12:17.375 [main] INFO com.intuit.karate -- *** SEQUENTIAL REQUEST #54 *** 
16:12:17.375 [main] INFO com.intuit.karate -- User: test2@example.com 
16:12:17.379 [main] INFO com.intuit.karate -- [print] *** BEFORE API CALL *** Email: test2@example.com URL: http://localhost:3000/auth/login 
16:12:17.379 [main] DEBUG com.jayway.jsonpath.internal.path.CompiledPath -- Evaluating path: $
16:12:17.379 [main] INFO com.intuit.karate -- [print] *** SENDING REQUEST *** Body: {
  "email": "#(email)",
  "password": "#(password)"
}
 
16:12:17.380 [main] DEBUG org.apache.http.client.protocol.RequestAddCookies -- CookieSpec selected: karate
16:12:17.380 [main] DEBUG org.apache.http.client.protocol.RequestAuthCache -- Auth cache not set in the context
16:12:17.380 [main] DEBUG com.intuit.karate -- request:
1 > POST http://localhost:3000/auth/login
1 > Content-Type: application/json; charset=UTF-8
1 > Content-Length: 54
1 > Host: localhost:3000
1 > Connection: Keep-Alive
1 > User-Agent: Apache-HttpClient/4.5.14 (Java/17.0.9)
1 > Accept-Encoding: gzip,deflate
{"email":"test2@example.com","password":"Password123"}

16:12:17.380 [main] DEBUG org.apache.http.impl.conn.PoolingHttpClientConnectionManager -- Connection request: [route: {}->http://localhost:3000][total available: 0; route allocated: 0 of 5; total allocated: 0 of 10]
16:12:17.380 [main] DEBUG org.apache.http.impl.conn.PoolingHttpClientConnectionManager -- Connection leased: [id: 53][route: {}->http://localhost:3000][total available: 0; route allocated: 1 of 5; total allocated: 1 of 10]
16:12:17.380 [main] DEBUG org.apache.http.impl.execchain.MainClientExec -- Opening connection {}->http://localhost:3000
16:12:17.380 [main] DEBUG org.apache.http.impl.conn.DefaultHttpClientConnectionOperator -- Connecting to localhost/127.0.0.1:3000
16:12:17.381 [main] DEBUG org.apache.http.impl.conn.DefaultHttpClientConnectionOperator -- Connection established 127.0.0.1:51097<->127.0.0.1:3000
16:12:17.381 [main] DEBUG org.apache.http.impl.conn.DefaultManagedHttpClientConnection -- http-outgoing-53: set socket timeout to 30000
16:12:17.381 [main] DEBUG org.apache.http.impl.execchain.MainClientExec -- Executing request POST /auth/login HTTP/1.1
16:12:17.381 [main] DEBUG org.apache.http.impl.execchain.MainClientExec -- Target auth state: UNCHALLENGED
16:12:17.381 [main] DEBUG org.apache.http.impl.execchain.MainClientExec -- Proxy auth state: UNCHALLENGED
16:12:17.381 [main] DEBUG org.apache.http.headers -- http-outgoing-53 >> POST /auth/login HTTP/1.1
16:12:17.381 [main] DEBUG org.apache.http.headers -- http-outgoing-53 >> Content-Type: application/json; charset=UTF-8
16:12:17.381 [main] DEBUG org.apache.http.headers -- http-outgoing-53 >> Content-Length: 54
16:12:17.381 [main] DEBUG org.apache.http.headers -- http-outgoing-53 >> Host: localhost:3000
16:12:17.381 [main] DEBUG org.apache.http.headers -- http-outgoing-53 >> Connection: Keep-Alive
16:12:17.381 [main] DEBUG org.apache.http.headers -- http-outgoing-53 >> User-Agent: Apache-HttpClient/4.5.14 (Java/17.0.9)
16:12:17.381 [main] DEBUG org.apache.http.headers -- http-outgoing-53 >> Accept-Encoding: gzip,deflate
16:12:17.381 [main] DEBUG org.apache.http.wire -- http-outgoing-53 >> "POST /auth/login HTTP/1.1[\r][\n]"
16:12:17.381 [main] DEBUG org.apache.http.wire -- http-outgoing-53 >> "Content-Type: application/json; charset=UTF-8[\r][\n]"
16:12:17.381 [main] DEBUG org.apache.http.wire -- http-outgoing-53 >> "Content-Length: 54[\r][\n]"
16:12:17.381 [main] DEBUG org.apache.http.wire -- http-outgoing-53 >> "Host: localhost:3000[\r][\n]"
16:12:17.381 [main] DEBUG org.apache.http.wire -- http-outgoing-53 >> "Connection: Keep-Alive[\r][\n]"
16:12:17.381 [main] DEBUG org.apache.http.wire -- http-outgoing-53 >> "User-Agent: Apache-HttpClient/4.5.14 (Java/17.0.9)[\r][\n]"
16:12:17.381 [main] DEBUG org.apache.http.wire -- http-outgoing-53 >> "Accept-Encoding: gzip,deflate[\r][\n]"
16:12:17.381 [main] DEBUG org.apache.http.wire -- http-outgoing-53 >> "[\r][\n]"
16:12:17.381 [main] DEBUG org.apache.http.wire -- http-outgoing-53 >> "{"email":"test2@example.com","password":"Password123"}"
16:12:17.655 [main] DEBUG org.apache.http.wire -- http-outgoing-53 << "HTTP/1.1 200 OK[\r][\n]"
16:12:17.655 [main] DEBUG org.apache.http.wire -- http-outgoing-53 << "X-Powered-By: Express[\r][\n]"
16:12:17.655 [main] DEBUG org.apache.http.wire -- http-outgoing-53 << "Access-Control-Allow-Origin: *[\r][\n]"
16:12:17.655 [main] DEBUG org.apache.http.wire -- http-outgoing-53 << "Content-Type: application/json; charset=utf-8[\r][\n]"
16:12:17.655 [main] DEBUG org.apache.http.wire -- http-outgoing-53 << "Content-Length: 608[\r][\n]"
16:12:17.655 [main] DEBUG org.apache.http.wire -- http-outgoing-53 << "ETag: W/"260-yCLSIOWQ4AA3JIxGDlgnHrjQo9Q"[\r][\n]"
16:12:17.655 [main] DEBUG org.apache.http.wire -- http-outgoing-53 << "Date: Tue, 24 Jun 2025 09:12:17 GMT[\r][\n]"
16:12:17.655 [main] DEBUG org.apache.http.wire -- http-outgoing-53 << "Connection: keep-alive[\r][\n]"
16:12:17.655 [main] DEBUG org.apache.http.wire -- http-outgoing-53 << "Keep-Alive: timeout=5[\r][\n]"
16:12:17.655 [main] DEBUG org.apache.http.wire -- http-outgoing-53 << "[\r][\n]"
16:12:17.655 [main] DEBUG org.apache.http.wire -- http-outgoing-53 << "{"access_token":"eyJhbGciOiJIUzI1NiIsInR5cCI6IkpXVCJ9.eyJzdWIiOiI4YTI0NzQ2MS01YzA0LTQyMWQtOThmNS1mYTljNzM0ZmFlYTUiLCJ1c2VybmFtZSI6ImphbmVzbWl0aCIsInJvbGUiOjAsImlhdCI6MTc1MDc1NjMzNywiZXhwIjoxNzUwNzU5OTM3fQ.UQXnnoho1raaoqwqJpotGFaEPOc9xzJwqowGD-bxWRg","refresh_token":"02479665fb294c171a3d5492f61a08b78969805f4ddf746913b96840d01aac01","user":{"id":"8a247461-5c04-421d-98f5-fa9c734faea5","email":"test2@example.com","username":"janesmith","name":"Jane Smith","phoneNumber":"01234567890","profilePic":null,"bio":null,"private":false,"verified":false,"role":0,"followersCount":0,"followingCount":0,"postCount":0}}"
16:12:17.655 [main] DEBUG org.apache.http.headers -- http-outgoing-53 << HTTP/1.1 200 OK
16:12:17.655 [main] DEBUG org.apache.http.headers -- http-outgoing-53 << X-Powered-By: Express
16:12:17.655 [main] DEBUG org.apache.http.headers -- http-outgoing-53 << Access-Control-Allow-Origin: *
16:12:17.655 [main] DEBUG org.apache.http.headers -- http-outgoing-53 << Content-Type: application/json; charset=utf-8
16:12:17.655 [main] DEBUG org.apache.http.headers -- http-outgoing-53 << Content-Length: 608
16:12:17.655 [main] DEBUG org.apache.http.headers -- http-outgoing-53 << ETag: W/"260-yCLSIOWQ4AA3JIxGDlgnHrjQo9Q"
16:12:17.655 [main] DEBUG org.apache.http.headers -- http-outgoing-53 << Date: Tue, 24 Jun 2025 09:12:17 GMT
16:12:17.655 [main] DEBUG org.apache.http.headers -- http-outgoing-53 << Connection: keep-alive
16:12:17.655 [main] DEBUG org.apache.http.headers -- http-outgoing-53 << Keep-Alive: timeout=5
16:12:17.655 [main] DEBUG org.apache.http.impl.execchain.MainClientExec -- Connection can be kept alive for 5000 MILLISECONDS
16:12:17.655 [main] DEBUG org.apache.http.impl.conn.PoolingHttpClientConnectionManager -- Connection [id: 53][route: {}->http://localhost:3000] can be kept alive for 5.0 seconds
16:12:17.655 [main] DEBUG org.apache.http.impl.conn.DefaultManagedHttpClientConnection -- http-outgoing-53: set socket timeout to 0
16:12:17.655 [main] DEBUG org.apache.http.impl.conn.PoolingHttpClientConnectionManager -- Connection released: [id: 53][route: {}->http://localhost:3000][total available: 1; route allocated: 1 of 5; total allocated: 1 of 10]
16:12:17.655 [main] DEBUG org.apache.http.impl.conn.PoolingHttpClientConnectionManager -- Connection manager is shutting down
16:12:17.655 [main] DEBUG org.apache.http.impl.conn.DefaultManagedHttpClientConnection -- http-outgoing-53: Close connection
16:12:17.655 [main] DEBUG org.apache.http.impl.conn.PoolingHttpClientConnectionManager -- Connection manager shut down
16:12:17.656 [main] DEBUG com.intuit.karate -- response time in milliseconds: 275
1 < 200
1 < X-Powered-By: Express
1 < Access-Control-Allow-Origin: *
1 < Content-Type: application/json; charset=utf-8
1 < Content-Length: 608
1 < ETag: W/"260-yCLSIOWQ4AA3JIxGDlgnHrjQo9Q"
1 < Date: Tue, 24 Jun 2025 09:12:17 GMT
1 < Connection: keep-alive
1 < Keep-Alive: timeout=5
{"access_token":"eyJhbGciOiJIUzI1NiIsInR5cCI6IkpXVCJ9.eyJzdWIiOiI4YTI0NzQ2MS01YzA0LTQyMWQtOThmNS1mYTljNzM0ZmFlYTUiLCJ1c2VybmFtZSI6ImphbmVzbWl0aCIsInJvbGUiOjAsImlhdCI6MTc1MDc1NjMzNywiZXhwIjoxNzUwNzU5OTM3fQ.UQXnnoho1raaoqwqJpotGFaEPOc9xzJwqowGD-bxWRg","refresh_token":"02479665fb294c171a3d5492f61a08b78969805f4ddf746913b96840d01aac01","user":{"id":"8a247461-5c04-421d-98f5-fa9c734faea5","email":"test2@example.com","username":"janesmith","name":"Jane Smith","phoneNumber":"01234567890","profilePic":null,"bio":null,"private":false,"verified":false,"role":0,"followersCount":0,"followingCount":0,"postCount":0}}

16:12:17.656 [main] INFO com.intuit.karate -- [print] *** AFTER API CALL *** Status: 200 
16:12:17.657 [main] INFO com.intuit.karate -- [print] ### API CALL COMPLETED ### Email: test2@example.com Status: 200 
16:12:17.657 [main] INFO com.intuit.karate -- [print] ### RESPONSE BODY ### {
  "access_token": "eyJhbGciOiJIUzI1NiIsInR5cCI6IkpXVCJ9.eyJzdWIiOiI4YTI0NzQ2MS01YzA0LTQyMWQtOThmNS1mYTljNzM0ZmFlYTUiLCJ1c2VybmFtZSI6ImphbmVzbWl0aCIsInJvbGUiOjAsImlhdCI6MTc1MDc1NjMzNywiZXhwIjoxNzUwNzU5OTM3fQ.UQXnnoho1raaoqwqJpotGFaEPOc9xzJwqowGD-bxWRg",
  "refresh_token": "02479665fb294c171a3d5492f61a08b78969805f4ddf746913b96840d01aac01",
  "user": {
    "id": "8a247461-5c04-421d-98f5-fa9c734faea5",
    "email": "test2@example.com",
    "username": "janesmith",
    "name": "Jane Smith",
    "phoneNumber": "01234567890",
    "profilePic": null,
    "bio": null,
    "private": false,
    "verified": false,
    "role": 0,
    "followersCount": 0,
    "followingCount": 0,
    "postCount": 0
  }
}
 
16:12:17.660 [main] INFO com.intuit.karate -- Request #54 completed - Status: 200 Time: 283ms 
16:12:17.660 [main] INFO com.intuit.karate -- *** SEQUENTIAL REQUEST #55 *** 
16:12:17.660 [main] INFO com.intuit.karate -- User: test28@example.com 
16:12:17.664 [main] INFO com.intuit.karate -- [print] *** BEFORE API CALL *** Email: test28@example.com URL: http://localhost:3000/auth/login 
16:12:17.665 [main] DEBUG com.jayway.jsonpath.internal.path.CompiledPath -- Evaluating path: $
16:12:17.665 [main] INFO com.intuit.karate -- [print] *** SENDING REQUEST *** Body: {
  "email": "#(email)",
  "password": "#(password)"
}
 
16:12:17.666 [main] DEBUG org.apache.http.client.protocol.RequestAddCookies -- CookieSpec selected: karate
16:12:17.666 [main] DEBUG org.apache.http.client.protocol.RequestAuthCache -- Auth cache not set in the context
16:12:17.666 [main] DEBUG com.intuit.karate -- request:
1 > POST http://localhost:3000/auth/login
1 > Content-Type: application/json; charset=UTF-8
1 > Content-Length: 55
1 > Host: localhost:3000
1 > Connection: Keep-Alive
1 > User-Agent: Apache-HttpClient/4.5.14 (Java/17.0.9)
1 > Accept-Encoding: gzip,deflate
{"email":"test28@example.com","password":"Password123"}

16:12:17.666 [main] DEBUG org.apache.http.impl.conn.PoolingHttpClientConnectionManager -- Connection request: [route: {}->http://localhost:3000][total available: 0; route allocated: 0 of 5; total allocated: 0 of 10]
16:12:17.666 [main] DEBUG org.apache.http.impl.conn.PoolingHttpClientConnectionManager -- Connection leased: [id: 54][route: {}->http://localhost:3000][total available: 0; route allocated: 1 of 5; total allocated: 1 of 10]
16:12:17.666 [main] DEBUG org.apache.http.impl.execchain.MainClientExec -- Opening connection {}->http://localhost:3000
16:12:17.666 [main] DEBUG org.apache.http.impl.conn.DefaultHttpClientConnectionOperator -- Connecting to localhost/127.0.0.1:3000
16:12:17.667 [main] DEBUG org.apache.http.impl.conn.DefaultHttpClientConnectionOperator -- Connection established 127.0.0.1:51098<->127.0.0.1:3000
16:12:17.667 [main] DEBUG org.apache.http.impl.conn.DefaultManagedHttpClientConnection -- http-outgoing-54: set socket timeout to 30000
16:12:17.667 [main] DEBUG org.apache.http.impl.execchain.MainClientExec -- Executing request POST /auth/login HTTP/1.1
16:12:17.667 [main] DEBUG org.apache.http.impl.execchain.MainClientExec -- Target auth state: UNCHALLENGED
16:12:17.667 [main] DEBUG org.apache.http.impl.execchain.MainClientExec -- Proxy auth state: UNCHALLENGED
16:12:17.667 [main] DEBUG org.apache.http.headers -- http-outgoing-54 >> POST /auth/login HTTP/1.1
16:12:17.667 [main] DEBUG org.apache.http.headers -- http-outgoing-54 >> Content-Type: application/json; charset=UTF-8
16:12:17.667 [main] DEBUG org.apache.http.headers -- http-outgoing-54 >> Content-Length: 55
16:12:17.667 [main] DEBUG org.apache.http.headers -- http-outgoing-54 >> Host: localhost:3000
16:12:17.667 [main] DEBUG org.apache.http.headers -- http-outgoing-54 >> Connection: Keep-Alive
16:12:17.667 [main] DEBUG org.apache.http.headers -- http-outgoing-54 >> User-Agent: Apache-HttpClient/4.5.14 (Java/17.0.9)
16:12:17.667 [main] DEBUG org.apache.http.headers -- http-outgoing-54 >> Accept-Encoding: gzip,deflate
16:12:17.667 [main] DEBUG org.apache.http.wire -- http-outgoing-54 >> "POST /auth/login HTTP/1.1[\r][\n]"
16:12:17.667 [main] DEBUG org.apache.http.wire -- http-outgoing-54 >> "Content-Type: application/json; charset=UTF-8[\r][\n]"
16:12:17.667 [main] DEBUG org.apache.http.wire -- http-outgoing-54 >> "Content-Length: 55[\r][\n]"
16:12:17.667 [main] DEBUG org.apache.http.wire -- http-outgoing-54 >> "Host: localhost:3000[\r][\n]"
16:12:17.667 [main] DEBUG org.apache.http.wire -- http-outgoing-54 >> "Connection: Keep-Alive[\r][\n]"
16:12:17.667 [main] DEBUG org.apache.http.wire -- http-outgoing-54 >> "User-Agent: Apache-HttpClient/4.5.14 (Java/17.0.9)[\r][\n]"
16:12:17.667 [main] DEBUG org.apache.http.wire -- http-outgoing-54 >> "Accept-Encoding: gzip,deflate[\r][\n]"
16:12:17.667 [main] DEBUG org.apache.http.wire -- http-outgoing-54 >> "[\r][\n]"
16:12:17.667 [main] DEBUG org.apache.http.wire -- http-outgoing-54 >> "{"email":"test28@example.com","password":"Password123"}"
16:12:17.943 [main] DEBUG org.apache.http.wire -- http-outgoing-54 << "HTTP/1.1 200 OK[\r][\n]"
16:12:17.943 [main] DEBUG org.apache.http.wire -- http-outgoing-54 << "X-Powered-By: Express[\r][\n]"
16:12:17.943 [main] DEBUG org.apache.http.wire -- http-outgoing-54 << "Access-Control-Allow-Origin: *[\r][\n]"
16:12:17.943 [main] DEBUG org.apache.http.wire -- http-outgoing-54 << "Content-Type: application/json; charset=utf-8[\r][\n]"
16:12:17.943 [main] DEBUG org.apache.http.wire -- http-outgoing-54 << "Content-Length: 607[\r][\n]"
16:12:17.943 [main] DEBUG org.apache.http.wire -- http-outgoing-54 << "ETag: W/"25f-+ku+xQATQkbGn9q66oicWtu9vaE"[\r][\n]"
16:12:17.943 [main] DEBUG org.apache.http.wire -- http-outgoing-54 << "Date: Tue, 24 Jun 2025 09:12:17 GMT[\r][\n]"
16:12:17.943 [main] DEBUG org.apache.http.wire -- http-outgoing-54 << "Connection: keep-alive[\r][\n]"
16:12:17.943 [main] DEBUG org.apache.http.wire -- http-outgoing-54 << "Keep-Alive: timeout=5[\r][\n]"
16:12:17.943 [main] DEBUG org.apache.http.wire -- http-outgoing-54 << "[\r][\n]"
16:12:17.943 [main] DEBUG org.apache.http.wire -- http-outgoing-54 << "{"access_token":"eyJhbGciOiJIUzI1NiIsInR5cCI6IkpXVCJ9.eyJzdWIiOiJjMjE0MjJkZi1jY2VjLTQ0MGUtOWE0Mi1jMWI4MmFiZjczM2QiLCJ1c2VybmFtZSI6ImpvaG5kb2UyOCIsInJvbGUiOjAsImlhdCI6MTc1MDc1NjMzNywiZXhwIjoxNzUwNzU5OTM3fQ.lHPakwJDK3ed4eR6gA_9mtpD-Xt9-jntY53wTNUxoQc","refresh_token":"401d8a2b41d4c82d23737fddaeca20d33a81f40a3399563279f9f5126183e7d9","user":{"id":"c21422df-ccec-440e-9a42-c1b82abf733d","email":"test28@example.com","username":"johndoe28","name":"John Doe","phoneNumber":"84987654321","profilePic":null,"bio":null,"private":false,"verified":false,"role":0,"followersCount":0,"followingCount":0,"postCount":0}}"
16:12:17.943 [main] DEBUG org.apache.http.headers -- http-outgoing-54 << HTTP/1.1 200 OK
16:12:17.943 [main] DEBUG org.apache.http.headers -- http-outgoing-54 << X-Powered-By: Express
16:12:17.943 [main] DEBUG org.apache.http.headers -- http-outgoing-54 << Access-Control-Allow-Origin: *
16:12:17.943 [main] DEBUG org.apache.http.headers -- http-outgoing-54 << Content-Type: application/json; charset=utf-8
16:12:17.943 [main] DEBUG org.apache.http.headers -- http-outgoing-54 << Content-Length: 607
16:12:17.943 [main] DEBUG org.apache.http.headers -- http-outgoing-54 << ETag: W/"25f-+ku+xQATQkbGn9q66oicWtu9vaE"
16:12:17.943 [main] DEBUG org.apache.http.headers -- http-outgoing-54 << Date: Tue, 24 Jun 2025 09:12:17 GMT
16:12:17.943 [main] DEBUG org.apache.http.headers -- http-outgoing-54 << Connection: keep-alive
16:12:17.943 [main] DEBUG org.apache.http.headers -- http-outgoing-54 << Keep-Alive: timeout=5
16:12:17.943 [main] DEBUG org.apache.http.impl.execchain.MainClientExec -- Connection can be kept alive for 5000 MILLISECONDS
16:12:17.944 [main] DEBUG org.apache.http.impl.conn.PoolingHttpClientConnectionManager -- Connection [id: 54][route: {}->http://localhost:3000] can be kept alive for 5.0 seconds
16:12:17.944 [main] DEBUG org.apache.http.impl.conn.DefaultManagedHttpClientConnection -- http-outgoing-54: set socket timeout to 0
16:12:17.944 [main] DEBUG org.apache.http.impl.conn.PoolingHttpClientConnectionManager -- Connection released: [id: 54][route: {}->http://localhost:3000][total available: 1; route allocated: 1 of 5; total allocated: 1 of 10]
16:12:17.944 [main] DEBUG org.apache.http.impl.conn.PoolingHttpClientConnectionManager -- Connection manager is shutting down
16:12:17.944 [main] DEBUG org.apache.http.impl.conn.DefaultManagedHttpClientConnection -- http-outgoing-54: Close connection
16:12:17.944 [main] DEBUG org.apache.http.impl.conn.PoolingHttpClientConnectionManager -- Connection manager shut down
16:12:17.944 [main] DEBUG com.intuit.karate -- response time in milliseconds: 278
1 < 200
1 < X-Powered-By: Express
1 < Access-Control-Allow-Origin: *
1 < Content-Type: application/json; charset=utf-8
1 < Content-Length: 607
1 < ETag: W/"25f-+ku+xQATQkbGn9q66oicWtu9vaE"
1 < Date: Tue, 24 Jun 2025 09:12:17 GMT
1 < Connection: keep-alive
1 < Keep-Alive: timeout=5
{"access_token":"eyJhbGciOiJIUzI1NiIsInR5cCI6IkpXVCJ9.eyJzdWIiOiJjMjE0MjJkZi1jY2VjLTQ0MGUtOWE0Mi1jMWI4MmFiZjczM2QiLCJ1c2VybmFtZSI6ImpvaG5kb2UyOCIsInJvbGUiOjAsImlhdCI6MTc1MDc1NjMzNywiZXhwIjoxNzUwNzU5OTM3fQ.lHPakwJDK3ed4eR6gA_9mtpD-Xt9-jntY53wTNUxoQc","refresh_token":"401d8a2b41d4c82d23737fddaeca20d33a81f40a3399563279f9f5126183e7d9","user":{"id":"c21422df-ccec-440e-9a42-c1b82abf733d","email":"test28@example.com","username":"johndoe28","name":"John Doe","phoneNumber":"84987654321","profilePic":null,"bio":null,"private":false,"verified":false,"role":0,"followersCount":0,"followingCount":0,"postCount":0}}

16:12:17.945 [main] INFO com.intuit.karate -- [print] *** AFTER API CALL *** Status: 200 
16:12:17.945 [main] INFO com.intuit.karate -- [print] ### API CALL COMPLETED ### Email: test28@example.com Status: 200 
16:12:17.945 [main] INFO com.intuit.karate -- [print] ### RESPONSE BODY ### {
  "access_token": "eyJhbGciOiJIUzI1NiIsInR5cCI6IkpXVCJ9.eyJzdWIiOiJjMjE0MjJkZi1jY2VjLTQ0MGUtOWE0Mi1jMWI4MmFiZjczM2QiLCJ1c2VybmFtZSI6ImpvaG5kb2UyOCIsInJvbGUiOjAsImlhdCI6MTc1MDc1NjMzNywiZXhwIjoxNzUwNzU5OTM3fQ.lHPakwJDK3ed4eR6gA_9mtpD-Xt9-jntY53wTNUxoQc",
  "refresh_token": "401d8a2b41d4c82d23737fddaeca20d33a81f40a3399563279f9f5126183e7d9",
  "user": {
    "id": "c21422df-ccec-440e-9a42-c1b82abf733d",
    "email": "test28@example.com",
    "username": "johndoe28",
    "name": "John Doe",
    "phoneNumber": "84987654321",
    "profilePic": null,
    "bio": null,
    "private": false,
    "verified": false,
    "role": 0,
    "followersCount": 0,
    "followingCount": 0,
    "postCount": 0
  }
}
 
16:12:17.947 [main] INFO com.intuit.karate -- Request #55 completed - Status: 200 Time: 286ms 
16:12:17.948 [main] INFO com.intuit.karate -- *** SEQUENTIAL REQUEST #56 *** 
16:12:17.948 [main] INFO com.intuit.karate -- User: testit4@gmail.com 
16:12:17.953 [main] INFO com.intuit.karate -- [print] *** BEFORE API CALL *** Email: testit4@gmail.com URL: http://localhost:3000/auth/login 
16:12:17.953 [main] DEBUG com.jayway.jsonpath.internal.path.CompiledPath -- Evaluating path: $
16:12:17.954 [main] INFO com.intuit.karate -- [print] *** SENDING REQUEST *** Body: {
  "email": "#(email)",
  "password": "#(password)"
}
 
16:12:17.955 [main] DEBUG org.apache.http.client.protocol.RequestAddCookies -- CookieSpec selected: karate
16:12:17.955 [main] DEBUG org.apache.http.client.protocol.RequestAuthCache -- Auth cache not set in the context
16:12:17.955 [main] DEBUG com.intuit.karate -- request:
1 > POST http://localhost:3000/auth/login
1 > Content-Type: application/json; charset=UTF-8
1 > Content-Length: 54
1 > Host: localhost:3000
1 > Connection: Keep-Alive
1 > User-Agent: Apache-HttpClient/4.5.14 (Java/17.0.9)
1 > Accept-Encoding: gzip,deflate
{"email":"testit4@gmail.com","password":"Password123"}

16:12:17.955 [main] DEBUG org.apache.http.impl.conn.PoolingHttpClientConnectionManager -- Connection request: [route: {}->http://localhost:3000][total available: 0; route allocated: 0 of 5; total allocated: 0 of 10]
16:12:17.955 [main] DEBUG org.apache.http.impl.conn.PoolingHttpClientConnectionManager -- Connection leased: [id: 55][route: {}->http://localhost:3000][total available: 0; route allocated: 1 of 5; total allocated: 1 of 10]
16:12:17.955 [main] DEBUG org.apache.http.impl.execchain.MainClientExec -- Opening connection {}->http://localhost:3000
16:12:17.955 [main] DEBUG org.apache.http.impl.conn.DefaultHttpClientConnectionOperator -- Connecting to localhost/127.0.0.1:3000
16:12:17.955 [main] DEBUG org.apache.http.impl.conn.DefaultHttpClientConnectionOperator -- Connection established 127.0.0.1:51099<->127.0.0.1:3000
16:12:17.955 [main] DEBUG org.apache.http.impl.conn.DefaultManagedHttpClientConnection -- http-outgoing-55: set socket timeout to 30000
16:12:17.955 [main] DEBUG org.apache.http.impl.execchain.MainClientExec -- Executing request POST /auth/login HTTP/1.1
16:12:17.955 [main] DEBUG org.apache.http.impl.execchain.MainClientExec -- Target auth state: UNCHALLENGED
16:12:17.955 [main] DEBUG org.apache.http.impl.execchain.MainClientExec -- Proxy auth state: UNCHALLENGED
16:12:17.955 [main] DEBUG org.apache.http.headers -- http-outgoing-55 >> POST /auth/login HTTP/1.1
16:12:17.955 [main] DEBUG org.apache.http.headers -- http-outgoing-55 >> Content-Type: application/json; charset=UTF-8
16:12:17.955 [main] DEBUG org.apache.http.headers -- http-outgoing-55 >> Content-Length: 54
16:12:17.955 [main] DEBUG org.apache.http.headers -- http-outgoing-55 >> Host: localhost:3000
16:12:17.955 [main] DEBUG org.apache.http.headers -- http-outgoing-55 >> Connection: Keep-Alive
16:12:17.955 [main] DEBUG org.apache.http.headers -- http-outgoing-55 >> User-Agent: Apache-HttpClient/4.5.14 (Java/17.0.9)
16:12:17.955 [main] DEBUG org.apache.http.headers -- http-outgoing-55 >> Accept-Encoding: gzip,deflate
16:12:17.955 [main] DEBUG org.apache.http.wire -- http-outgoing-55 >> "POST /auth/login HTTP/1.1[\r][\n]"
16:12:17.955 [main] DEBUG org.apache.http.wire -- http-outgoing-55 >> "Content-Type: application/json; charset=UTF-8[\r][\n]"
16:12:17.955 [main] DEBUG org.apache.http.wire -- http-outgoing-55 >> "Content-Length: 54[\r][\n]"
16:12:17.955 [main] DEBUG org.apache.http.wire -- http-outgoing-55 >> "Host: localhost:3000[\r][\n]"
16:12:17.955 [main] DEBUG org.apache.http.wire -- http-outgoing-55 >> "Connection: Keep-Alive[\r][\n]"
16:12:17.955 [main] DEBUG org.apache.http.wire -- http-outgoing-55 >> "User-Agent: Apache-HttpClient/4.5.14 (Java/17.0.9)[\r][\n]"
16:12:17.955 [main] DEBUG org.apache.http.wire -- http-outgoing-55 >> "Accept-Encoding: gzip,deflate[\r][\n]"
16:12:17.955 [main] DEBUG org.apache.http.wire -- http-outgoing-55 >> "[\r][\n]"
16:12:17.955 [main] DEBUG org.apache.http.wire -- http-outgoing-55 >> "{"email":"testit4@gmail.com","password":"Password123"}"
16:12:18.232 [main] DEBUG org.apache.http.wire -- http-outgoing-55 << "HTTP/1.1 200 OK[\r][\n]"
16:12:18.232 [main] DEBUG org.apache.http.wire -- http-outgoing-55 << "X-Powered-By: Express[\r][\n]"
16:12:18.232 [main] DEBUG org.apache.http.wire -- http-outgoing-55 << "Access-Control-Allow-Origin: *[\r][\n]"
16:12:18.232 [main] DEBUG org.apache.http.wire -- http-outgoing-55 << "Content-Type: application/json; charset=utf-8[\r][\n]"
16:12:18.232 [main] DEBUG org.apache.http.wire -- http-outgoing-55 << "Content-Length: 607[\r][\n]"
16:12:18.232 [main] DEBUG org.apache.http.wire -- http-outgoing-55 << "ETag: W/"25f-AI9g2xeowLaHpK3OFkeOoTvU3oA"[\r][\n]"
16:12:18.232 [main] DEBUG org.apache.http.wire -- http-outgoing-55 << "Date: Tue, 24 Jun 2025 09:12:18 GMT[\r][\n]"
16:12:18.232 [main] DEBUG org.apache.http.wire -- http-outgoing-55 << "Connection: keep-alive[\r][\n]"
16:12:18.232 [main] DEBUG org.apache.http.wire -- http-outgoing-55 << "Keep-Alive: timeout=5[\r][\n]"
16:12:18.232 [main] DEBUG org.apache.http.wire -- http-outgoing-55 << "[\r][\n]"
16:12:18.232 [main] DEBUG org.apache.http.wire -- http-outgoing-55 << "{"access_token":"eyJhbGciOiJIUzI1NiIsInR5cCI6IkpXVCJ9.eyJzdWIiOiI5YTI2OTc2Yy0xNTMyLTRkZjMtYTE2ZS03NjMxNTI1Yzg1MDIiLCJ1c2VybmFtZSI6ImpvaG5kb2UyZDUiLCJyb2xlIjowLCJpYXQiOjE3NTA3NTYzMzgsImV4cCI6MTc1MDc1OTkzOH0.zvggPYr1RMhgUzq-Nb_FkNEZ6iJM-4xDpBTlrwF7I5Q","refresh_token":"9042230c18355d8e7e4b59e652fa054c4014e54aac46e7ccc6a0eb45b8e2dc71","user":{"id":"9a26976c-1532-4df3-a16e-7631525c8502","email":"testit4@gmail.com","username":"johndoe2d5","name":"John Doe","phoneNumber":"0123456212","profilePic":null,"bio":null,"private":false,"verified":false,"role":0,"followersCount":0,"followingCount":0,"postCount":0}}"
16:12:18.232 [main] DEBUG org.apache.http.headers -- http-outgoing-55 << HTTP/1.1 200 OK
16:12:18.232 [main] DEBUG org.apache.http.headers -- http-outgoing-55 << X-Powered-By: Express
16:12:18.232 [main] DEBUG org.apache.http.headers -- http-outgoing-55 << Access-Control-Allow-Origin: *
16:12:18.232 [main] DEBUG org.apache.http.headers -- http-outgoing-55 << Content-Type: application/json; charset=utf-8
16:12:18.232 [main] DEBUG org.apache.http.headers -- http-outgoing-55 << Content-Length: 607
16:12:18.232 [main] DEBUG org.apache.http.headers -- http-outgoing-55 << ETag: W/"25f-AI9g2xeowLaHpK3OFkeOoTvU3oA"
16:12:18.232 [main] DEBUG org.apache.http.headers -- http-outgoing-55 << Date: Tue, 24 Jun 2025 09:12:18 GMT
16:12:18.232 [main] DEBUG org.apache.http.headers -- http-outgoing-55 << Connection: keep-alive
16:12:18.232 [main] DEBUG org.apache.http.headers -- http-outgoing-55 << Keep-Alive: timeout=5
16:12:18.232 [main] DEBUG org.apache.http.impl.execchain.MainClientExec -- Connection can be kept alive for 5000 MILLISECONDS
16:12:18.232 [main] DEBUG org.apache.http.impl.conn.PoolingHttpClientConnectionManager -- Connection [id: 55][route: {}->http://localhost:3000] can be kept alive for 5.0 seconds
16:12:18.232 [main] DEBUG org.apache.http.impl.conn.DefaultManagedHttpClientConnection -- http-outgoing-55: set socket timeout to 0
16:12:18.232 [main] DEBUG org.apache.http.impl.conn.PoolingHttpClientConnectionManager -- Connection released: [id: 55][route: {}->http://localhost:3000][total available: 1; route allocated: 1 of 5; total allocated: 1 of 10]
16:12:18.232 [main] DEBUG org.apache.http.impl.conn.PoolingHttpClientConnectionManager -- Connection manager is shutting down
16:12:18.232 [main] DEBUG org.apache.http.impl.conn.DefaultManagedHttpClientConnection -- http-outgoing-55: Close connection
16:12:18.232 [main] DEBUG org.apache.http.impl.conn.PoolingHttpClientConnectionManager -- Connection manager shut down
16:12:18.232 [main] DEBUG com.intuit.karate -- response time in milliseconds: 277
1 < 200
1 < X-Powered-By: Express
1 < Access-Control-Allow-Origin: *
1 < Content-Type: application/json; charset=utf-8
1 < Content-Length: 607
1 < ETag: W/"25f-AI9g2xeowLaHpK3OFkeOoTvU3oA"
1 < Date: Tue, 24 Jun 2025 09:12:18 GMT
1 < Connection: keep-alive
1 < Keep-Alive: timeout=5
{"access_token":"eyJhbGciOiJIUzI1NiIsInR5cCI6IkpXVCJ9.eyJzdWIiOiI5YTI2OTc2Yy0xNTMyLTRkZjMtYTE2ZS03NjMxNTI1Yzg1MDIiLCJ1c2VybmFtZSI6ImpvaG5kb2UyZDUiLCJyb2xlIjowLCJpYXQiOjE3NTA3NTYzMzgsImV4cCI6MTc1MDc1OTkzOH0.zvggPYr1RMhgUzq-Nb_FkNEZ6iJM-4xDpBTlrwF7I5Q","refresh_token":"9042230c18355d8e7e4b59e652fa054c4014e54aac46e7ccc6a0eb45b8e2dc71","user":{"id":"9a26976c-1532-4df3-a16e-7631525c8502","email":"testit4@gmail.com","username":"johndoe2d5","name":"John Doe","phoneNumber":"0123456212","profilePic":null,"bio":null,"private":false,"verified":false,"role":0,"followersCount":0,"followingCount":0,"postCount":0}}

16:12:18.233 [main] INFO com.intuit.karate -- [print] *** AFTER API CALL *** Status: 200 
16:12:18.233 [main] INFO com.intuit.karate -- [print] ### API CALL COMPLETED ### Email: testit4@gmail.com Status: 200 
16:12:18.233 [main] INFO com.intuit.karate -- [print] ### RESPONSE BODY ### {
  "access_token": "eyJhbGciOiJIUzI1NiIsInR5cCI6IkpXVCJ9.eyJzdWIiOiI5YTI2OTc2Yy0xNTMyLTRkZjMtYTE2ZS03NjMxNTI1Yzg1MDIiLCJ1c2VybmFtZSI6ImpvaG5kb2UyZDUiLCJyb2xlIjowLCJpYXQiOjE3NTA3NTYzMzgsImV4cCI6MTc1MDc1OTkzOH0.zvggPYr1RMhgUzq-Nb_FkNEZ6iJM-4xDpBTlrwF7I5Q",
  "refresh_token": "9042230c18355d8e7e4b59e652fa054c4014e54aac46e7ccc6a0eb45b8e2dc71",
  "user": {
    "id": "9a26976c-1532-4df3-a16e-7631525c8502",
    "email": "testit4@gmail.com",
    "username": "johndoe2d5",
    "name": "John Doe",
    "phoneNumber": "0123456212",
    "profilePic": null,
    "bio": null,
    "private": false,
    "verified": false,
    "role": 0,
    "followersCount": 0,
    "followingCount": 0,
    "postCount": 0
  }
}
 
16:12:18.234 [main] INFO com.intuit.karate -- Request #56 completed - Status: 200 Time: 286ms 
16:12:18.234 [main] INFO com.intuit.karate -- *** SEQUENTIAL REQUEST #57 *** 
16:12:18.234 [main] INFO com.intuit.karate -- User: testit3@gmail.com 
16:12:18.237 [main] INFO com.intuit.karate -- [print] *** BEFORE API CALL *** Email: testit3@gmail.com URL: http://localhost:3000/auth/login 
16:12:18.237 [main] DEBUG com.jayway.jsonpath.internal.path.CompiledPath -- Evaluating path: $
16:12:18.237 [main] INFO com.intuit.karate -- [print] *** SENDING REQUEST *** Body: {
  "email": "#(email)",
  "password": "#(password)"
}
 
16:12:18.238 [main] DEBUG org.apache.http.client.protocol.RequestAddCookies -- CookieSpec selected: karate
16:12:18.238 [main] DEBUG org.apache.http.client.protocol.RequestAuthCache -- Auth cache not set in the context
16:12:18.238 [main] DEBUG com.intuit.karate -- request:
1 > POST http://localhost:3000/auth/login
1 > Content-Type: application/json; charset=UTF-8
1 > Content-Length: 54
1 > Host: localhost:3000
1 > Connection: Keep-Alive
1 > User-Agent: Apache-HttpClient/4.5.14 (Java/17.0.9)
1 > Accept-Encoding: gzip,deflate
{"email":"testit3@gmail.com","password":"Password123"}

16:12:18.238 [main] DEBUG org.apache.http.impl.conn.PoolingHttpClientConnectionManager -- Connection request: [route: {}->http://localhost:3000][total available: 0; route allocated: 0 of 5; total allocated: 0 of 10]
16:12:18.238 [main] DEBUG org.apache.http.impl.conn.PoolingHttpClientConnectionManager -- Connection leased: [id: 56][route: {}->http://localhost:3000][total available: 0; route allocated: 1 of 5; total allocated: 1 of 10]
16:12:18.238 [main] DEBUG org.apache.http.impl.execchain.MainClientExec -- Opening connection {}->http://localhost:3000
16:12:18.238 [main] DEBUG org.apache.http.impl.conn.DefaultHttpClientConnectionOperator -- Connecting to localhost/127.0.0.1:3000
16:12:18.239 [main] DEBUG org.apache.http.impl.conn.DefaultHttpClientConnectionOperator -- Connection established 127.0.0.1:51100<->127.0.0.1:3000
16:12:18.239 [main] DEBUG org.apache.http.impl.conn.DefaultManagedHttpClientConnection -- http-outgoing-56: set socket timeout to 30000
16:12:18.239 [main] DEBUG org.apache.http.impl.execchain.MainClientExec -- Executing request POST /auth/login HTTP/1.1
16:12:18.239 [main] DEBUG org.apache.http.impl.execchain.MainClientExec -- Target auth state: UNCHALLENGED
16:12:18.239 [main] DEBUG org.apache.http.impl.execchain.MainClientExec -- Proxy auth state: UNCHALLENGED
16:12:18.239 [main] DEBUG org.apache.http.headers -- http-outgoing-56 >> POST /auth/login HTTP/1.1
16:12:18.239 [main] DEBUG org.apache.http.headers -- http-outgoing-56 >> Content-Type: application/json; charset=UTF-8
16:12:18.239 [main] DEBUG org.apache.http.headers -- http-outgoing-56 >> Content-Length: 54
16:12:18.239 [main] DEBUG org.apache.http.headers -- http-outgoing-56 >> Host: localhost:3000
16:12:18.239 [main] DEBUG org.apache.http.headers -- http-outgoing-56 >> Connection: Keep-Alive
16:12:18.239 [main] DEBUG org.apache.http.headers -- http-outgoing-56 >> User-Agent: Apache-HttpClient/4.5.14 (Java/17.0.9)
16:12:18.239 [main] DEBUG org.apache.http.headers -- http-outgoing-56 >> Accept-Encoding: gzip,deflate
16:12:18.239 [main] DEBUG org.apache.http.wire -- http-outgoing-56 >> "POST /auth/login HTTP/1.1[\r][\n]"
16:12:18.239 [main] DEBUG org.apache.http.wire -- http-outgoing-56 >> "Content-Type: application/json; charset=UTF-8[\r][\n]"
16:12:18.239 [main] DEBUG org.apache.http.wire -- http-outgoing-56 >> "Content-Length: 54[\r][\n]"
16:12:18.239 [main] DEBUG org.apache.http.wire -- http-outgoing-56 >> "Host: localhost:3000[\r][\n]"
16:12:18.239 [main] DEBUG org.apache.http.wire -- http-outgoing-56 >> "Connection: Keep-Alive[\r][\n]"
16:12:18.239 [main] DEBUG org.apache.http.wire -- http-outgoing-56 >> "User-Agent: Apache-HttpClient/4.5.14 (Java/17.0.9)[\r][\n]"
16:12:18.239 [main] DEBUG org.apache.http.wire -- http-outgoing-56 >> "Accept-Encoding: gzip,deflate[\r][\n]"
16:12:18.239 [main] DEBUG org.apache.http.wire -- http-outgoing-56 >> "[\r][\n]"
16:12:18.239 [main] DEBUG org.apache.http.wire -- http-outgoing-56 >> "{"email":"testit3@gmail.com","password":"Password123"}"
16:12:18.512 [main] DEBUG org.apache.http.wire -- http-outgoing-56 << "HTTP/1.1 200 OK[\r][\n]"
16:12:18.512 [main] DEBUG org.apache.http.wire -- http-outgoing-56 << "X-Powered-By: Express[\r][\n]"
16:12:18.512 [main] DEBUG org.apache.http.wire -- http-outgoing-56 << "Access-Control-Allow-Origin: *[\r][\n]"
16:12:18.512 [main] DEBUG org.apache.http.wire -- http-outgoing-56 << "Content-Type: application/json; charset=utf-8[\r][\n]"
16:12:18.512 [main] DEBUG org.apache.http.wire -- http-outgoing-56 << "Content-Length: 605[\r][\n]"
16:12:18.512 [main] DEBUG org.apache.http.wire -- http-outgoing-56 << "ETag: W/"25d-C66vgylogwpdFPbus3T14JZLfyQ"[\r][\n]"
16:12:18.512 [main] DEBUG org.apache.http.wire -- http-outgoing-56 << "Date: Tue, 24 Jun 2025 09:12:18 GMT[\r][\n]"
16:12:18.512 [main] DEBUG org.apache.http.wire -- http-outgoing-56 << "Connection: keep-alive[\r][\n]"
16:12:18.512 [main] DEBUG org.apache.http.wire -- http-outgoing-56 << "Keep-Alive: timeout=5[\r][\n]"
16:12:18.512 [main] DEBUG org.apache.http.wire -- http-outgoing-56 << "[\r][\n]"
16:12:18.512 [main] DEBUG org.apache.http.wire -- http-outgoing-56 << "{"access_token":"eyJhbGciOiJIUzI1NiIsInR5cCI6IkpXVCJ9.eyJzdWIiOiI2NTBjZTFlZC1hYWNhLTQzOGYtOTk4OC0xZjA1OGFiNWFhMWEiLCJ1c2VybmFtZSI6ImpvaG5kb2UyNSIsInJvbGUiOjAsImlhdCI6MTc1MDc1NjMzOCwiZXhwIjoxNzUwNzU5OTM4fQ.emeOgrsXriQJBUflcGWGceNzt01wp_YNoa8QWcVX_CE","refresh_token":"515418c02afece280835f8e2cc073a5d7b33af6d1d2e9b07a26e20c3e41c7ec0","user":{"id":"650ce1ed-aaca-438f-9988-1f058ab5aa1a","email":"testit3@gmail.com","username":"johndoe25","name":"John Doe","phoneNumber":"0123456713","profilePic":null,"bio":null,"private":false,"verified":false,"role":0,"followersCount":0,"followingCount":0,"postCount":0}}"
16:12:18.512 [main] DEBUG org.apache.http.headers -- http-outgoing-56 << HTTP/1.1 200 OK
16:12:18.512 [main] DEBUG org.apache.http.headers -- http-outgoing-56 << X-Powered-By: Express
16:12:18.512 [main] DEBUG org.apache.http.headers -- http-outgoing-56 << Access-Control-Allow-Origin: *
16:12:18.512 [main] DEBUG org.apache.http.headers -- http-outgoing-56 << Content-Type: application/json; charset=utf-8
16:12:18.512 [main] DEBUG org.apache.http.headers -- http-outgoing-56 << Content-Length: 605
16:12:18.512 [main] DEBUG org.apache.http.headers -- http-outgoing-56 << ETag: W/"25d-C66vgylogwpdFPbus3T14JZLfyQ"
16:12:18.512 [main] DEBUG org.apache.http.headers -- http-outgoing-56 << Date: Tue, 24 Jun 2025 09:12:18 GMT
16:12:18.512 [main] DEBUG org.apache.http.headers -- http-outgoing-56 << Connection: keep-alive
16:12:18.512 [main] DEBUG org.apache.http.headers -- http-outgoing-56 << Keep-Alive: timeout=5
16:12:18.513 [main] DEBUG org.apache.http.impl.execchain.MainClientExec -- Connection can be kept alive for 5000 MILLISECONDS
16:12:18.513 [main] DEBUG org.apache.http.impl.conn.PoolingHttpClientConnectionManager -- Connection [id: 56][route: {}->http://localhost:3000] can be kept alive for 5.0 seconds
16:12:18.513 [main] DEBUG org.apache.http.impl.conn.DefaultManagedHttpClientConnection -- http-outgoing-56: set socket timeout to 0
16:12:18.513 [main] DEBUG org.apache.http.impl.conn.PoolingHttpClientConnectionManager -- Connection released: [id: 56][route: {}->http://localhost:3000][total available: 1; route allocated: 1 of 5; total allocated: 1 of 10]
16:12:18.513 [main] DEBUG org.apache.http.impl.conn.PoolingHttpClientConnectionManager -- Connection manager is shutting down
16:12:18.513 [main] DEBUG org.apache.http.impl.conn.DefaultManagedHttpClientConnection -- http-outgoing-56: Close connection
16:12:18.513 [main] DEBUG org.apache.http.impl.conn.PoolingHttpClientConnectionManager -- Connection manager shut down
16:12:18.513 [main] DEBUG com.intuit.karate -- response time in milliseconds: 275
1 < 200
1 < X-Powered-By: Express
1 < Access-Control-Allow-Origin: *
1 < Content-Type: application/json; charset=utf-8
1 < Content-Length: 605
1 < ETag: W/"25d-C66vgylogwpdFPbus3T14JZLfyQ"
1 < Date: Tue, 24 Jun 2025 09:12:18 GMT
1 < Connection: keep-alive
1 < Keep-Alive: timeout=5
{"access_token":"eyJhbGciOiJIUzI1NiIsInR5cCI6IkpXVCJ9.eyJzdWIiOiI2NTBjZTFlZC1hYWNhLTQzOGYtOTk4OC0xZjA1OGFiNWFhMWEiLCJ1c2VybmFtZSI6ImpvaG5kb2UyNSIsInJvbGUiOjAsImlhdCI6MTc1MDc1NjMzOCwiZXhwIjoxNzUwNzU5OTM4fQ.emeOgrsXriQJBUflcGWGceNzt01wp_YNoa8QWcVX_CE","refresh_token":"515418c02afece280835f8e2cc073a5d7b33af6d1d2e9b07a26e20c3e41c7ec0","user":{"id":"650ce1ed-aaca-438f-9988-1f058ab5aa1a","email":"testit3@gmail.com","username":"johndoe25","name":"John Doe","phoneNumber":"0123456713","profilePic":null,"bio":null,"private":false,"verified":false,"role":0,"followersCount":0,"followingCount":0,"postCount":0}}

16:12:18.513 [main] INFO com.intuit.karate -- [print] *** AFTER API CALL *** Status: 200 
16:12:18.514 [main] INFO com.intuit.karate -- [print] ### API CALL COMPLETED ### Email: testit3@gmail.com Status: 200 
16:12:18.514 [main] INFO com.intuit.karate -- [print] ### RESPONSE BODY ### {
  "access_token": "eyJhbGciOiJIUzI1NiIsInR5cCI6IkpXVCJ9.eyJzdWIiOiI2NTBjZTFlZC1hYWNhLTQzOGYtOTk4OC0xZjA1OGFiNWFhMWEiLCJ1c2VybmFtZSI6ImpvaG5kb2UyNSIsInJvbGUiOjAsImlhdCI6MTc1MDc1NjMzOCwiZXhwIjoxNzUwNzU5OTM4fQ.emeOgrsXriQJBUflcGWGceNzt01wp_YNoa8QWcVX_CE",
  "refresh_token": "515418c02afece280835f8e2cc073a5d7b33af6d1d2e9b07a26e20c3e41c7ec0",
  "user": {
    "id": "650ce1ed-aaca-438f-9988-1f058ab5aa1a",
    "email": "testit3@gmail.com",
    "username": "johndoe25",
    "name": "John Doe",
    "phoneNumber": "0123456713",
    "profilePic": null,
    "bio": null,
    "private": false,
    "verified": false,
    "role": 0,
    "followersCount": 0,
    "followingCount": 0,
    "postCount": 0
  }
}
 
16:12:18.514 [main] INFO com.intuit.karate -- Request #57 completed - Status: 200 Time: 280ms 
16:12:18.515 [main] INFO com.intuit.karate -- *** SEQUENTIAL REQUEST #58 *** 
16:12:18.515 [main] INFO com.intuit.karate -- User: testit5@gmail.com 
16:12:18.518 [main] INFO com.intuit.karate -- [print] *** BEFORE API CALL *** Email: testit5@gmail.com URL: http://localhost:3000/auth/login 
16:12:18.518 [main] DEBUG com.jayway.jsonpath.internal.path.CompiledPath -- Evaluating path: $
16:12:18.518 [main] INFO com.intuit.karate -- [print] *** SENDING REQUEST *** Body: {
  "email": "#(email)",
  "password": "#(password)"
}
 
16:12:18.519 [main] DEBUG org.apache.http.client.protocol.RequestAddCookies -- CookieSpec selected: karate
16:12:18.519 [main] DEBUG org.apache.http.client.protocol.RequestAuthCache -- Auth cache not set in the context
16:12:18.519 [main] DEBUG com.intuit.karate -- request:
1 > POST http://localhost:3000/auth/login
1 > Content-Type: application/json; charset=UTF-8
1 > Content-Length: 54
1 > Host: localhost:3000
1 > Connection: Keep-Alive
1 > User-Agent: Apache-HttpClient/4.5.14 (Java/17.0.9)
1 > Accept-Encoding: gzip,deflate
{"email":"testit5@gmail.com","password":"Password123"}

16:12:18.519 [main] DEBUG org.apache.http.impl.conn.PoolingHttpClientConnectionManager -- Connection request: [route: {}->http://localhost:3000][total available: 0; route allocated: 0 of 5; total allocated: 0 of 10]
16:12:18.519 [main] DEBUG org.apache.http.impl.conn.PoolingHttpClientConnectionManager -- Connection leased: [id: 57][route: {}->http://localhost:3000][total available: 0; route allocated: 1 of 5; total allocated: 1 of 10]
16:12:18.519 [main] DEBUG org.apache.http.impl.execchain.MainClientExec -- Opening connection {}->http://localhost:3000
16:12:18.519 [main] DEBUG org.apache.http.impl.conn.DefaultHttpClientConnectionOperator -- Connecting to localhost/127.0.0.1:3000
16:12:18.520 [main] DEBUG org.apache.http.impl.conn.DefaultHttpClientConnectionOperator -- Connection established 127.0.0.1:51101<->127.0.0.1:3000
16:12:18.520 [main] DEBUG org.apache.http.impl.conn.DefaultManagedHttpClientConnection -- http-outgoing-57: set socket timeout to 30000
16:12:18.520 [main] DEBUG org.apache.http.impl.execchain.MainClientExec -- Executing request POST /auth/login HTTP/1.1
16:12:18.520 [main] DEBUG org.apache.http.impl.execchain.MainClientExec -- Target auth state: UNCHALLENGED
16:12:18.520 [main] DEBUG org.apache.http.impl.execchain.MainClientExec -- Proxy auth state: UNCHALLENGED
16:12:18.520 [main] DEBUG org.apache.http.headers -- http-outgoing-57 >> POST /auth/login HTTP/1.1
16:12:18.520 [main] DEBUG org.apache.http.headers -- http-outgoing-57 >> Content-Type: application/json; charset=UTF-8
16:12:18.520 [main] DEBUG org.apache.http.headers -- http-outgoing-57 >> Content-Length: 54
16:12:18.520 [main] DEBUG org.apache.http.headers -- http-outgoing-57 >> Host: localhost:3000
16:12:18.520 [main] DEBUG org.apache.http.headers -- http-outgoing-57 >> Connection: Keep-Alive
16:12:18.520 [main] DEBUG org.apache.http.headers -- http-outgoing-57 >> User-Agent: Apache-HttpClient/4.5.14 (Java/17.0.9)
16:12:18.520 [main] DEBUG org.apache.http.headers -- http-outgoing-57 >> Accept-Encoding: gzip,deflate
16:12:18.520 [main] DEBUG org.apache.http.wire -- http-outgoing-57 >> "POST /auth/login HTTP/1.1[\r][\n]"
16:12:18.520 [main] DEBUG org.apache.http.wire -- http-outgoing-57 >> "Content-Type: application/json; charset=UTF-8[\r][\n]"
16:12:18.520 [main] DEBUG org.apache.http.wire -- http-outgoing-57 >> "Content-Length: 54[\r][\n]"
16:12:18.520 [main] DEBUG org.apache.http.wire -- http-outgoing-57 >> "Host: localhost:3000[\r][\n]"
16:12:18.520 [main] DEBUG org.apache.http.wire -- http-outgoing-57 >> "Connection: Keep-Alive[\r][\n]"
16:12:18.520 [main] DEBUG org.apache.http.wire -- http-outgoing-57 >> "User-Agent: Apache-HttpClient/4.5.14 (Java/17.0.9)[\r][\n]"
16:12:18.520 [main] DEBUG org.apache.http.wire -- http-outgoing-57 >> "Accept-Encoding: gzip,deflate[\r][\n]"
16:12:18.520 [main] DEBUG org.apache.http.wire -- http-outgoing-57 >> "[\r][\n]"
16:12:18.520 [main] DEBUG org.apache.http.wire -- http-outgoing-57 >> "{"email":"testit5@gmail.com","password":"Password123"}"
16:12:18.790 [main] DEBUG org.apache.http.wire -- http-outgoing-57 << "HTTP/1.1 200 OK[\r][\n]"
16:12:18.790 [main] DEBUG org.apache.http.wire -- http-outgoing-57 << "X-Powered-By: Express[\r][\n]"
16:12:18.790 [main] DEBUG org.apache.http.wire -- http-outgoing-57 << "Access-Control-Allow-Origin: *[\r][\n]"
16:12:18.790 [main] DEBUG org.apache.http.wire -- http-outgoing-57 << "Content-Type: application/json; charset=utf-8[\r][\n]"
16:12:18.790 [main] DEBUG org.apache.http.wire -- http-outgoing-57 << "Content-Length: 609[\r][\n]"
16:12:18.790 [main] DEBUG org.apache.http.wire -- http-outgoing-57 << "ETag: W/"261-jY19x3+TxbdwLFQPTfpxIEimziU"[\r][\n]"
16:12:18.790 [main] DEBUG org.apache.http.wire -- http-outgoing-57 << "Date: Tue, 24 Jun 2025 09:12:18 GMT[\r][\n]"
16:12:18.790 [main] DEBUG org.apache.http.wire -- http-outgoing-57 << "Connection: keep-alive[\r][\n]"
16:12:18.790 [main] DEBUG org.apache.http.wire -- http-outgoing-57 << "Keep-Alive: timeout=5[\r][\n]"
16:12:18.790 [main] DEBUG org.apache.http.wire -- http-outgoing-57 << "[\r][\n]"
16:12:18.790 [main] DEBUG org.apache.http.wire -- http-outgoing-57 << "{"access_token":"eyJhbGciOiJIUzI1NiIsInR5cCI6IkpXVCJ9.eyJzdWIiOiIyNzJmNmI1NS01MTc5LTRhZTMtODU2My1iNGVjMTBmNzY3MTUiLCJ1c2VybmFtZSI6ImpvaG5kb2UyZDVkIiwicm9sZSI6MCwiaWF0IjoxNzUwNzU2MzM4LCJleHAiOjE3NTA3NTk5Mzh9.mAkaz9Bm5pusbeHR6chbs91ZnSJdUghr5kzjdME2x-c","refresh_token":"4a988f87039e71785345cd7d94311e3863c4c86933daa0170d37a72da002f91b","user":{"id":"272f6b55-5179-4ae3-8563-b4ec10f76715","email":"testit5@gmail.com","username":"johndoe2d5d","name":"John Doe","phoneNumber":"0123456132","profilePic":null,"bio":null,"private":false,"verified":false,"role":0,"followersCount":0,"followingCount":0,"postCount":0}}"
16:12:18.790 [main] DEBUG org.apache.http.headers -- http-outgoing-57 << HTTP/1.1 200 OK
16:12:18.790 [main] DEBUG org.apache.http.headers -- http-outgoing-57 << X-Powered-By: Express
16:12:18.790 [main] DEBUG org.apache.http.headers -- http-outgoing-57 << Access-Control-Allow-Origin: *
16:12:18.790 [main] DEBUG org.apache.http.headers -- http-outgoing-57 << Content-Type: application/json; charset=utf-8
16:12:18.790 [main] DEBUG org.apache.http.headers -- http-outgoing-57 << Content-Length: 609
16:12:18.790 [main] DEBUG org.apache.http.headers -- http-outgoing-57 << ETag: W/"261-jY19x3+TxbdwLFQPTfpxIEimziU"
16:12:18.790 [main] DEBUG org.apache.http.headers -- http-outgoing-57 << Date: Tue, 24 Jun 2025 09:12:18 GMT
16:12:18.790 [main] DEBUG org.apache.http.headers -- http-outgoing-57 << Connection: keep-alive
16:12:18.790 [main] DEBUG org.apache.http.headers -- http-outgoing-57 << Keep-Alive: timeout=5
16:12:18.790 [main] DEBUG org.apache.http.impl.execchain.MainClientExec -- Connection can be kept alive for 5000 MILLISECONDS
16:12:18.790 [main] DEBUG org.apache.http.impl.conn.PoolingHttpClientConnectionManager -- Connection [id: 57][route: {}->http://localhost:3000] can be kept alive for 5.0 seconds
16:12:18.790 [main] DEBUG org.apache.http.impl.conn.DefaultManagedHttpClientConnection -- http-outgoing-57: set socket timeout to 0
16:12:18.790 [main] DEBUG org.apache.http.impl.conn.PoolingHttpClientConnectionManager -- Connection released: [id: 57][route: {}->http://localhost:3000][total available: 1; route allocated: 1 of 5; total allocated: 1 of 10]
16:12:18.790 [main] DEBUG org.apache.http.impl.conn.PoolingHttpClientConnectionManager -- Connection manager is shutting down
16:12:18.790 [main] DEBUG org.apache.http.impl.conn.DefaultManagedHttpClientConnection -- http-outgoing-57: Close connection
16:12:18.790 [main] DEBUG org.apache.http.impl.conn.PoolingHttpClientConnectionManager -- Connection manager shut down
16:12:18.791 [main] DEBUG com.intuit.karate -- response time in milliseconds: 271
1 < 200
1 < X-Powered-By: Express
1 < Access-Control-Allow-Origin: *
1 < Content-Type: application/json; charset=utf-8
1 < Content-Length: 609
1 < ETag: W/"261-jY19x3+TxbdwLFQPTfpxIEimziU"
1 < Date: Tue, 24 Jun 2025 09:12:18 GMT
1 < Connection: keep-alive
1 < Keep-Alive: timeout=5
{"access_token":"eyJhbGciOiJIUzI1NiIsInR5cCI6IkpXVCJ9.eyJzdWIiOiIyNzJmNmI1NS01MTc5LTRhZTMtODU2My1iNGVjMTBmNzY3MTUiLCJ1c2VybmFtZSI6ImpvaG5kb2UyZDVkIiwicm9sZSI6MCwiaWF0IjoxNzUwNzU2MzM4LCJleHAiOjE3NTA3NTk5Mzh9.mAkaz9Bm5pusbeHR6chbs91ZnSJdUghr5kzjdME2x-c","refresh_token":"4a988f87039e71785345cd7d94311e3863c4c86933daa0170d37a72da002f91b","user":{"id":"272f6b55-5179-4ae3-8563-b4ec10f76715","email":"testit5@gmail.com","username":"johndoe2d5d","name":"John Doe","phoneNumber":"0123456132","profilePic":null,"bio":null,"private":false,"verified":false,"role":0,"followersCount":0,"followingCount":0,"postCount":0}}

16:12:18.791 [main] INFO com.intuit.karate -- [print] *** AFTER API CALL *** Status: 200 
16:12:18.791 [main] INFO com.intuit.karate -- [print] ### API CALL COMPLETED ### Email: testit5@gmail.com Status: 200 
16:12:18.791 [main] INFO com.intuit.karate -- [print] ### RESPONSE BODY ### {
  "access_token": "eyJhbGciOiJIUzI1NiIsInR5cCI6IkpXVCJ9.eyJzdWIiOiIyNzJmNmI1NS01MTc5LTRhZTMtODU2My1iNGVjMTBmNzY3MTUiLCJ1c2VybmFtZSI6ImpvaG5kb2UyZDVkIiwicm9sZSI6MCwiaWF0IjoxNzUwNzU2MzM4LCJleHAiOjE3NTA3NTk5Mzh9.mAkaz9Bm5pusbeHR6chbs91ZnSJdUghr5kzjdME2x-c",
  "refresh_token": "4a988f87039e71785345cd7d94311e3863c4c86933daa0170d37a72da002f91b",
  "user": {
    "id": "272f6b55-5179-4ae3-8563-b4ec10f76715",
    "email": "testit5@gmail.com",
    "username": "johndoe2d5d",
    "name": "John Doe",
    "phoneNumber": "0123456132",
    "profilePic": null,
    "bio": null,
    "private": false,
    "verified": false,
    "role": 0,
    "followersCount": 0,
    "followingCount": 0,
    "postCount": 0
  }
}
 
16:12:18.792 [main] INFO com.intuit.karate -- Request #58 completed - Status: 200 Time: 277ms 
16:12:18.793 [main] INFO com.intuit.karate -- *** SEQUENTIAL REQUEST #59 *** 
16:12:18.793 [main] INFO com.intuit.karate -- User: testit@gmail.com 
16:12:18.796 [main] INFO com.intuit.karate -- [print] *** BEFORE API CALL *** Email: testit@gmail.com URL: http://localhost:3000/auth/login 
16:12:18.797 [main] DEBUG com.jayway.jsonpath.internal.path.CompiledPath -- Evaluating path: $
16:12:18.797 [main] INFO com.intuit.karate -- [print] *** SENDING REQUEST *** Body: {
  "email": "#(email)",
  "password": "#(password)"
}
 
16:12:18.798 [main] DEBUG org.apache.http.client.protocol.RequestAddCookies -- CookieSpec selected: karate
16:12:18.798 [main] DEBUG org.apache.http.client.protocol.RequestAuthCache -- Auth cache not set in the context
16:12:18.798 [main] DEBUG com.intuit.karate -- request:
1 > POST http://localhost:3000/auth/login
1 > Content-Type: application/json; charset=UTF-8
1 > Content-Length: 53
1 > Host: localhost:3000
1 > Connection: Keep-Alive
1 > User-Agent: Apache-HttpClient/4.5.14 (Java/17.0.9)
1 > Accept-Encoding: gzip,deflate
{"email":"testit@gmail.com","password":"Password123"}

16:12:18.798 [main] DEBUG org.apache.http.impl.conn.PoolingHttpClientConnectionManager -- Connection request: [route: {}->http://localhost:3000][total available: 0; route allocated: 0 of 5; total allocated: 0 of 10]
16:12:18.798 [main] DEBUG org.apache.http.impl.conn.PoolingHttpClientConnectionManager -- Connection leased: [id: 58][route: {}->http://localhost:3000][total available: 0; route allocated: 1 of 5; total allocated: 1 of 10]
16:12:18.798 [main] DEBUG org.apache.http.impl.execchain.MainClientExec -- Opening connection {}->http://localhost:3000
16:12:18.798 [main] DEBUG org.apache.http.impl.conn.DefaultHttpClientConnectionOperator -- Connecting to localhost/127.0.0.1:3000
16:12:18.799 [main] DEBUG org.apache.http.impl.conn.DefaultHttpClientConnectionOperator -- Connection established 127.0.0.1:51102<->127.0.0.1:3000
16:12:18.799 [main] DEBUG org.apache.http.impl.conn.DefaultManagedHttpClientConnection -- http-outgoing-58: set socket timeout to 30000
16:12:18.799 [main] DEBUG org.apache.http.impl.execchain.MainClientExec -- Executing request POST /auth/login HTTP/1.1
16:12:18.799 [main] DEBUG org.apache.http.impl.execchain.MainClientExec -- Target auth state: UNCHALLENGED
16:12:18.799 [main] DEBUG org.apache.http.impl.execchain.MainClientExec -- Proxy auth state: UNCHALLENGED
16:12:18.799 [main] DEBUG org.apache.http.headers -- http-outgoing-58 >> POST /auth/login HTTP/1.1
16:12:18.799 [main] DEBUG org.apache.http.headers -- http-outgoing-58 >> Content-Type: application/json; charset=UTF-8
16:12:18.799 [main] DEBUG org.apache.http.headers -- http-outgoing-58 >> Content-Length: 53
16:12:18.799 [main] DEBUG org.apache.http.headers -- http-outgoing-58 >> Host: localhost:3000
16:12:18.799 [main] DEBUG org.apache.http.headers -- http-outgoing-58 >> Connection: Keep-Alive
16:12:18.799 [main] DEBUG org.apache.http.headers -- http-outgoing-58 >> User-Agent: Apache-HttpClient/4.5.14 (Java/17.0.9)
16:12:18.799 [main] DEBUG org.apache.http.headers -- http-outgoing-58 >> Accept-Encoding: gzip,deflate
16:12:18.799 [main] DEBUG org.apache.http.wire -- http-outgoing-58 >> "POST /auth/login HTTP/1.1[\r][\n]"
16:12:18.799 [main] DEBUG org.apache.http.wire -- http-outgoing-58 >> "Content-Type: application/json; charset=UTF-8[\r][\n]"
16:12:18.799 [main] DEBUG org.apache.http.wire -- http-outgoing-58 >> "Content-Length: 53[\r][\n]"
16:12:18.799 [main] DEBUG org.apache.http.wire -- http-outgoing-58 >> "Host: localhost:3000[\r][\n]"
16:12:18.799 [main] DEBUG org.apache.http.wire -- http-outgoing-58 >> "Connection: Keep-Alive[\r][\n]"
16:12:18.799 [main] DEBUG org.apache.http.wire -- http-outgoing-58 >> "User-Agent: Apache-HttpClient/4.5.14 (Java/17.0.9)[\r][\n]"
16:12:18.799 [main] DEBUG org.apache.http.wire -- http-outgoing-58 >> "Accept-Encoding: gzip,deflate[\r][\n]"
16:12:18.799 [main] DEBUG org.apache.http.wire -- http-outgoing-58 >> "[\r][\n]"
16:12:18.799 [main] DEBUG org.apache.http.wire -- http-outgoing-58 >> "{"email":"testit@gmail.com","password":"Password123"}"
16:12:19.074 [main] DEBUG org.apache.http.wire -- http-outgoing-58 << "HTTP/1.1 200 OK[\r][\n]"
16:12:19.074 [main] DEBUG org.apache.http.wire -- http-outgoing-58 << "X-Powered-By: Express[\r][\n]"
16:12:19.074 [main] DEBUG org.apache.http.wire -- http-outgoing-58 << "Access-Control-Allow-Origin: *[\r][\n]"
16:12:19.074 [main] DEBUG org.apache.http.wire -- http-outgoing-58 << "Content-Type: application/json; charset=utf-8[\r][\n]"
16:12:19.074 [main] DEBUG org.apache.http.wire -- http-outgoing-58 << "Content-Length: 604[\r][\n]"
16:12:19.074 [main] DEBUG org.apache.http.wire -- http-outgoing-58 << "ETag: W/"25c-D1t10nDt2B6mtV6ihRHdtgNi+Lk"[\r][\n]"
16:12:19.074 [main] DEBUG org.apache.http.wire -- http-outgoing-58 << "Date: Tue, 24 Jun 2025 09:12:19 GMT[\r][\n]"
16:12:19.074 [main] DEBUG org.apache.http.wire -- http-outgoing-58 << "Connection: keep-alive[\r][\n]"
16:12:19.074 [main] DEBUG org.apache.http.wire -- http-outgoing-58 << "Keep-Alive: timeout=5[\r][\n]"
16:12:19.074 [main] DEBUG org.apache.http.wire -- http-outgoing-58 << "[\r][\n]"
16:12:19.074 [main] DEBUG org.apache.http.wire -- http-outgoing-58 << "{"access_token":"eyJhbGciOiJIUzI1NiIsInR5cCI6IkpXVCJ9.eyJzdWIiOiJkZjZmMDkxOS1hMjNkLTQ0YzktYTkyNS00ZWE4YmU1MjVkMTAiLCJ1c2VybmFtZSI6ImpvaG5kb2UyMyIsInJvbGUiOjAsImlhdCI6MTc1MDc1NjMzOSwiZXhwIjoxNzUwNzU5OTM5fQ.UiBtAEybO6vIqBDLZiVPPxOb1VlKR47XAwm_51eypa4","refresh_token":"a16876016db9c2c4191fe63e7da94d12c56ff786dcc7ac550246bbbf4d44a76b","user":{"id":"df6f0919-a23d-44c9-a925-4ea8be525d10","email":"testit@gmail.com","username":"johndoe23","name":"John Doe","phoneNumber":"0123456788","profilePic":null,"bio":null,"private":false,"verified":false,"role":0,"followersCount":0,"followingCount":0,"postCount":0}}"
16:12:19.074 [main] DEBUG org.apache.http.headers -- http-outgoing-58 << HTTP/1.1 200 OK
16:12:19.074 [main] DEBUG org.apache.http.headers -- http-outgoing-58 << X-Powered-By: Express
16:12:19.074 [main] DEBUG org.apache.http.headers -- http-outgoing-58 << Access-Control-Allow-Origin: *
16:12:19.074 [main] DEBUG org.apache.http.headers -- http-outgoing-58 << Content-Type: application/json; charset=utf-8
16:12:19.074 [main] DEBUG org.apache.http.headers -- http-outgoing-58 << Content-Length: 604
16:12:19.074 [main] DEBUG org.apache.http.headers -- http-outgoing-58 << ETag: W/"25c-D1t10nDt2B6mtV6ihRHdtgNi+Lk"
16:12:19.074 [main] DEBUG org.apache.http.headers -- http-outgoing-58 << Date: Tue, 24 Jun 2025 09:12:19 GMT
16:12:19.074 [main] DEBUG org.apache.http.headers -- http-outgoing-58 << Connection: keep-alive
16:12:19.074 [main] DEBUG org.apache.http.headers -- http-outgoing-58 << Keep-Alive: timeout=5
16:12:19.074 [main] DEBUG org.apache.http.impl.execchain.MainClientExec -- Connection can be kept alive for 5000 MILLISECONDS
16:12:19.074 [main] DEBUG org.apache.http.impl.conn.PoolingHttpClientConnectionManager -- Connection [id: 58][route: {}->http://localhost:3000] can be kept alive for 5.0 seconds
16:12:19.074 [main] DEBUG org.apache.http.impl.conn.DefaultManagedHttpClientConnection -- http-outgoing-58: set socket timeout to 0
16:12:19.074 [main] DEBUG org.apache.http.impl.conn.PoolingHttpClientConnectionManager -- Connection released: [id: 58][route: {}->http://localhost:3000][total available: 1; route allocated: 1 of 5; total allocated: 1 of 10]
16:12:19.074 [main] DEBUG org.apache.http.impl.conn.PoolingHttpClientConnectionManager -- Connection manager is shutting down
16:12:19.074 [main] DEBUG org.apache.http.impl.conn.DefaultManagedHttpClientConnection -- http-outgoing-58: Close connection
16:12:19.074 [main] DEBUG org.apache.http.impl.conn.PoolingHttpClientConnectionManager -- Connection manager shut down
16:12:19.075 [main] DEBUG com.intuit.karate -- response time in milliseconds: 276
1 < 200
1 < X-Powered-By: Express
1 < Access-Control-Allow-Origin: *
1 < Content-Type: application/json; charset=utf-8
1 < Content-Length: 604
1 < ETag: W/"25c-D1t10nDt2B6mtV6ihRHdtgNi+Lk"
1 < Date: Tue, 24 Jun 2025 09:12:19 GMT
1 < Connection: keep-alive
1 < Keep-Alive: timeout=5
{"access_token":"eyJhbGciOiJIUzI1NiIsInR5cCI6IkpXVCJ9.eyJzdWIiOiJkZjZmMDkxOS1hMjNkLTQ0YzktYTkyNS00ZWE4YmU1MjVkMTAiLCJ1c2VybmFtZSI6ImpvaG5kb2UyMyIsInJvbGUiOjAsImlhdCI6MTc1MDc1NjMzOSwiZXhwIjoxNzUwNzU5OTM5fQ.UiBtAEybO6vIqBDLZiVPPxOb1VlKR47XAwm_51eypa4","refresh_token":"a16876016db9c2c4191fe63e7da94d12c56ff786dcc7ac550246bbbf4d44a76b","user":{"id":"df6f0919-a23d-44c9-a925-4ea8be525d10","email":"testit@gmail.com","username":"johndoe23","name":"John Doe","phoneNumber":"0123456788","profilePic":null,"bio":null,"private":false,"verified":false,"role":0,"followersCount":0,"followingCount":0,"postCount":0}}

16:12:19.075 [main] INFO com.intuit.karate -- [print] *** AFTER API CALL *** Status: 200 
16:12:19.076 [main] INFO com.intuit.karate -- [print] ### API CALL COMPLETED ### Email: testit@gmail.com Status: 200 
16:12:19.076 [main] INFO com.intuit.karate -- [print] ### RESPONSE BODY ### {
  "access_token": "eyJhbGciOiJIUzI1NiIsInR5cCI6IkpXVCJ9.eyJzdWIiOiJkZjZmMDkxOS1hMjNkLTQ0YzktYTkyNS00ZWE4YmU1MjVkMTAiLCJ1c2VybmFtZSI6ImpvaG5kb2UyMyIsInJvbGUiOjAsImlhdCI6MTc1MDc1NjMzOSwiZXhwIjoxNzUwNzU5OTM5fQ.UiBtAEybO6vIqBDLZiVPPxOb1VlKR47XAwm_51eypa4",
  "refresh_token": "a16876016db9c2c4191fe63e7da94d12c56ff786dcc7ac550246bbbf4d44a76b",
  "user": {
    "id": "df6f0919-a23d-44c9-a925-4ea8be525d10",
    "email": "testit@gmail.com",
    "username": "johndoe23",
    "name": "John Doe",
    "phoneNumber": "0123456788",
    "profilePic": null,
    "bio": null,
    "private": false,
    "verified": false,
    "role": 0,
    "followersCount": 0,
    "followingCount": 0,
    "postCount": 0
  }
}
 
16:12:19.076 [main] INFO com.intuit.karate -- Request #59 completed - Status: 200 Time: 283ms 
16:12:19.077 [main] INFO com.intuit.karate -- *** SEQUENTIAL REQUEST #60 *** 
16:12:19.077 [main] INFO com.intuit.karate -- User: testit2@gmail.com 
16:12:19.080 [main] INFO com.intuit.karate -- [print] *** BEFORE API CALL *** Email: testit2@gmail.com URL: http://localhost:3000/auth/login 
16:12:19.080 [main] DEBUG com.jayway.jsonpath.internal.path.CompiledPath -- Evaluating path: $
16:12:19.080 [main] INFO com.intuit.karate -- [print] *** SENDING REQUEST *** Body: {
  "email": "#(email)",
  "password": "#(password)"
}
 
16:12:19.081 [main] DEBUG org.apache.http.client.protocol.RequestAddCookies -- CookieSpec selected: karate
16:12:19.081 [main] DEBUG org.apache.http.client.protocol.RequestAuthCache -- Auth cache not set in the context
16:12:19.081 [main] DEBUG com.intuit.karate -- request:
1 > POST http://localhost:3000/auth/login
1 > Content-Type: application/json; charset=UTF-8
1 > Content-Length: 54
1 > Host: localhost:3000
1 > Connection: Keep-Alive
1 > User-Agent: Apache-HttpClient/4.5.14 (Java/17.0.9)
1 > Accept-Encoding: gzip,deflate
{"email":"testit2@gmail.com","password":"Password123"}

16:12:19.081 [main] DEBUG org.apache.http.impl.conn.PoolingHttpClientConnectionManager -- Connection request: [route: {}->http://localhost:3000][total available: 0; route allocated: 0 of 5; total allocated: 0 of 10]
16:12:19.081 [main] DEBUG org.apache.http.impl.conn.PoolingHttpClientConnectionManager -- Connection leased: [id: 59][route: {}->http://localhost:3000][total available: 0; route allocated: 1 of 5; total allocated: 1 of 10]
16:12:19.081 [main] DEBUG org.apache.http.impl.execchain.MainClientExec -- Opening connection {}->http://localhost:3000
16:12:19.081 [main] DEBUG org.apache.http.impl.conn.DefaultHttpClientConnectionOperator -- Connecting to localhost/127.0.0.1:3000
16:12:19.082 [main] DEBUG org.apache.http.impl.conn.DefaultHttpClientConnectionOperator -- Connection established 127.0.0.1:51103<->127.0.0.1:3000
16:12:19.082 [main] DEBUG org.apache.http.impl.conn.DefaultManagedHttpClientConnection -- http-outgoing-59: set socket timeout to 30000
16:12:19.082 [main] DEBUG org.apache.http.impl.execchain.MainClientExec -- Executing request POST /auth/login HTTP/1.1
16:12:19.082 [main] DEBUG org.apache.http.impl.execchain.MainClientExec -- Target auth state: UNCHALLENGED
16:12:19.082 [main] DEBUG org.apache.http.impl.execchain.MainClientExec -- Proxy auth state: UNCHALLENGED
16:12:19.082 [main] DEBUG org.apache.http.headers -- http-outgoing-59 >> POST /auth/login HTTP/1.1
16:12:19.082 [main] DEBUG org.apache.http.headers -- http-outgoing-59 >> Content-Type: application/json; charset=UTF-8
16:12:19.082 [main] DEBUG org.apache.http.headers -- http-outgoing-59 >> Content-Length: 54
16:12:19.082 [main] DEBUG org.apache.http.headers -- http-outgoing-59 >> Host: localhost:3000
16:12:19.082 [main] DEBUG org.apache.http.headers -- http-outgoing-59 >> Connection: Keep-Alive
16:12:19.082 [main] DEBUG org.apache.http.headers -- http-outgoing-59 >> User-Agent: Apache-HttpClient/4.5.14 (Java/17.0.9)
16:12:19.082 [main] DEBUG org.apache.http.headers -- http-outgoing-59 >> Accept-Encoding: gzip,deflate
16:12:19.082 [main] DEBUG org.apache.http.wire -- http-outgoing-59 >> "POST /auth/login HTTP/1.1[\r][\n]"
16:12:19.082 [main] DEBUG org.apache.http.wire -- http-outgoing-59 >> "Content-Type: application/json; charset=UTF-8[\r][\n]"
16:12:19.082 [main] DEBUG org.apache.http.wire -- http-outgoing-59 >> "Content-Length: 54[\r][\n]"
16:12:19.082 [main] DEBUG org.apache.http.wire -- http-outgoing-59 >> "Host: localhost:3000[\r][\n]"
16:12:19.082 [main] DEBUG org.apache.http.wire -- http-outgoing-59 >> "Connection: Keep-Alive[\r][\n]"
16:12:19.082 [main] DEBUG org.apache.http.wire -- http-outgoing-59 >> "User-Agent: Apache-HttpClient/4.5.14 (Java/17.0.9)[\r][\n]"
16:12:19.082 [main] DEBUG org.apache.http.wire -- http-outgoing-59 >> "Accept-Encoding: gzip,deflate[\r][\n]"
16:12:19.082 [main] DEBUG org.apache.http.wire -- http-outgoing-59 >> "[\r][\n]"
16:12:19.082 [main] DEBUG org.apache.http.wire -- http-outgoing-59 >> "{"email":"testit2@gmail.com","password":"Password123"}"
16:12:19.346 [main] DEBUG org.apache.http.wire -- http-outgoing-59 << "HTTP/1.1 200 OK[\r][\n]"
16:12:19.347 [main] DEBUG org.apache.http.wire -- http-outgoing-59 << "X-Powered-By: Express[\r][\n]"
16:12:19.347 [main] DEBUG org.apache.http.wire -- http-outgoing-59 << "Access-Control-Allow-Origin: *[\r][\n]"
16:12:19.347 [main] DEBUG org.apache.http.wire -- http-outgoing-59 << "Content-Type: application/json; charset=utf-8[\r][\n]"
16:12:19.347 [main] DEBUG org.apache.http.wire -- http-outgoing-59 << "Content-Length: 605[\r][\n]"
16:12:19.347 [main] DEBUG org.apache.http.wire -- http-outgoing-59 << "ETag: W/"25d-7UeMZmx+PcUOkEmk/2DTyBtwarI"[\r][\n]"
16:12:19.347 [main] DEBUG org.apache.http.wire -- http-outgoing-59 << "Date: Tue, 24 Jun 2025 09:12:19 GMT[\r][\n]"
16:12:19.347 [main] DEBUG org.apache.http.wire -- http-outgoing-59 << "Connection: keep-alive[\r][\n]"
16:12:19.347 [main] DEBUG org.apache.http.wire -- http-outgoing-59 << "Keep-Alive: timeout=5[\r][\n]"
16:12:19.347 [main] DEBUG org.apache.http.wire -- http-outgoing-59 << "[\r][\n]"
16:12:19.347 [main] DEBUG org.apache.http.wire -- http-outgoing-59 << "{"access_token":"eyJhbGciOiJIUzI1NiIsInR5cCI6IkpXVCJ9.eyJzdWIiOiIwYTM3ZWY0My1mZWU4LTQxZDMtYTY4Ni04YWIwODY5NDg2OTUiLCJ1c2VybmFtZSI6ImpvaG5kb2UyMSIsInJvbGUiOjAsImlhdCI6MTc1MDc1NjMzOSwiZXhwIjoxNzUwNzU5OTM5fQ.bs4QxzgF1SARXQWVcD37-9Lc1neWFtoZdOG7sM0RzTs","refresh_token":"0bab62a78c362f0bed03eb5c97c6a3cec87d43ebb80380a2782b47d0a99d136b","user":{"id":"0a37ef43-fee8-41d3-a686-8ab086948695","email":"testit2@gmail.com","username":"johndoe21","name":"John Doe","phoneNumber":"0123456712","profilePic":null,"bio":null,"private":false,"verified":false,"role":0,"followersCount":0,"followingCount":0,"postCount":0}}"
16:12:19.347 [main] DEBUG org.apache.http.headers -- http-outgoing-59 << HTTP/1.1 200 OK
16:12:19.347 [main] DEBUG org.apache.http.headers -- http-outgoing-59 << X-Powered-By: Express
16:12:19.347 [main] DEBUG org.apache.http.headers -- http-outgoing-59 << Access-Control-Allow-Origin: *
16:12:19.347 [main] DEBUG org.apache.http.headers -- http-outgoing-59 << Content-Type: application/json; charset=utf-8
16:12:19.347 [main] DEBUG org.apache.http.headers -- http-outgoing-59 << Content-Length: 605
16:12:19.347 [main] DEBUG org.apache.http.headers -- http-outgoing-59 << ETag: W/"25d-7UeMZmx+PcUOkEmk/2DTyBtwarI"
16:12:19.347 [main] DEBUG org.apache.http.headers -- http-outgoing-59 << Date: Tue, 24 Jun 2025 09:12:19 GMT
16:12:19.347 [main] DEBUG org.apache.http.headers -- http-outgoing-59 << Connection: keep-alive
16:12:19.347 [main] DEBUG org.apache.http.headers -- http-outgoing-59 << Keep-Alive: timeout=5
16:12:19.347 [main] DEBUG org.apache.http.impl.execchain.MainClientExec -- Connection can be kept alive for 5000 MILLISECONDS
16:12:19.347 [main] DEBUG org.apache.http.impl.conn.PoolingHttpClientConnectionManager -- Connection [id: 59][route: {}->http://localhost:3000] can be kept alive for 5.0 seconds
16:12:19.347 [main] DEBUG org.apache.http.impl.conn.DefaultManagedHttpClientConnection -- http-outgoing-59: set socket timeout to 0
16:12:19.347 [main] DEBUG org.apache.http.impl.conn.PoolingHttpClientConnectionManager -- Connection released: [id: 59][route: {}->http://localhost:3000][total available: 1; route allocated: 1 of 5; total allocated: 1 of 10]
16:12:19.347 [main] DEBUG org.apache.http.impl.conn.PoolingHttpClientConnectionManager -- Connection manager is shutting down
16:12:19.347 [main] DEBUG org.apache.http.impl.conn.DefaultManagedHttpClientConnection -- http-outgoing-59: Close connection
16:12:19.347 [main] DEBUG org.apache.http.impl.conn.PoolingHttpClientConnectionManager -- Connection manager shut down
16:12:19.347 [main] DEBUG com.intuit.karate -- response time in milliseconds: 266
1 < 200
1 < X-Powered-By: Express
1 < Access-Control-Allow-Origin: *
1 < Content-Type: application/json; charset=utf-8
1 < Content-Length: 605
1 < ETag: W/"25d-7UeMZmx+PcUOkEmk/2DTyBtwarI"
1 < Date: Tue, 24 Jun 2025 09:12:19 GMT
1 < Connection: keep-alive
1 < Keep-Alive: timeout=5
{"access_token":"eyJhbGciOiJIUzI1NiIsInR5cCI6IkpXVCJ9.eyJzdWIiOiIwYTM3ZWY0My1mZWU4LTQxZDMtYTY4Ni04YWIwODY5NDg2OTUiLCJ1c2VybmFtZSI6ImpvaG5kb2UyMSIsInJvbGUiOjAsImlhdCI6MTc1MDc1NjMzOSwiZXhwIjoxNzUwNzU5OTM5fQ.bs4QxzgF1SARXQWVcD37-9Lc1neWFtoZdOG7sM0RzTs","refresh_token":"0bab62a78c362f0bed03eb5c97c6a3cec87d43ebb80380a2782b47d0a99d136b","user":{"id":"0a37ef43-fee8-41d3-a686-8ab086948695","email":"testit2@gmail.com","username":"johndoe21","name":"John Doe","phoneNumber":"0123456712","profilePic":null,"bio":null,"private":false,"verified":false,"role":0,"followersCount":0,"followingCount":0,"postCount":0}}

16:12:19.348 [main] INFO com.intuit.karate -- [print] *** AFTER API CALL *** Status: 200 
16:12:19.348 [main] INFO com.intuit.karate -- [print] ### API CALL COMPLETED ### Email: testit2@gmail.com Status: 200 
16:12:19.348 [main] INFO com.intuit.karate -- [print] ### RESPONSE BODY ### {
  "access_token": "eyJhbGciOiJIUzI1NiIsInR5cCI6IkpXVCJ9.eyJzdWIiOiIwYTM3ZWY0My1mZWU4LTQxZDMtYTY4Ni04YWIwODY5NDg2OTUiLCJ1c2VybmFtZSI6ImpvaG5kb2UyMSIsInJvbGUiOjAsImlhdCI6MTc1MDc1NjMzOSwiZXhwIjoxNzUwNzU5OTM5fQ.bs4QxzgF1SARXQWVcD37-9Lc1neWFtoZdOG7sM0RzTs",
  "refresh_token": "0bab62a78c362f0bed03eb5c97c6a3cec87d43ebb80380a2782b47d0a99d136b",
  "user": {
    "id": "0a37ef43-fee8-41d3-a686-8ab086948695",
    "email": "testit2@gmail.com",
    "username": "johndoe21",
    "name": "John Doe",
    "phoneNumber": "0123456712",
    "profilePic": null,
    "bio": null,
    "private": false,
    "verified": false,
    "role": 0,
    "followersCount": 0,
    "followingCount": 0,
    "postCount": 0
  }
}
 
16:12:19.349 [main] INFO com.intuit.karate -- Request #60 completed - Status: 200 Time: 271ms 
16:12:19.349 [main] INFO com.intuit.karate -- *** SEQUENTIAL REQUEST #61 *** 
16:12:19.349 [main] INFO com.intuit.karate -- User: nam@gmail.com 
16:12:19.352 [main] INFO com.intuit.karate -- [print] *** BEFORE API CALL *** Email: nam@gmail.com URL: http://localhost:3000/auth/login 
16:12:19.352 [main] DEBUG com.jayway.jsonpath.internal.path.CompiledPath -- Evaluating path: $
16:12:19.352 [main] INFO com.intuit.karate -- [print] *** SENDING REQUEST *** Body: {
  "email": "#(email)",
  "password": "#(password)"
}
 
16:12:19.353 [main] DEBUG org.apache.http.client.protocol.RequestAddCookies -- CookieSpec selected: karate
16:12:19.353 [main] DEBUG org.apache.http.client.protocol.RequestAuthCache -- Auth cache not set in the context
16:12:19.353 [main] DEBUG com.intuit.karate -- request:
1 > POST http://localhost:3000/auth/login
1 > Content-Type: application/json; charset=UTF-8
1 > Content-Length: 45
1 > Host: localhost:3000
1 > Connection: Keep-Alive
1 > User-Agent: Apache-HttpClient/4.5.14 (Java/17.0.9)
1 > Accept-Encoding: gzip,deflate
{"email":"nam@gmail.com","password":"123456"}

16:12:19.353 [main] DEBUG org.apache.http.impl.conn.PoolingHttpClientConnectionManager -- Connection request: [route: {}->http://localhost:3000][total available: 0; route allocated: 0 of 5; total allocated: 0 of 10]
16:12:19.353 [main] DEBUG org.apache.http.impl.conn.PoolingHttpClientConnectionManager -- Connection leased: [id: 60][route: {}->http://localhost:3000][total available: 0; route allocated: 1 of 5; total allocated: 1 of 10]
16:12:19.354 [main] DEBUG org.apache.http.impl.execchain.MainClientExec -- Opening connection {}->http://localhost:3000
16:12:19.354 [main] DEBUG org.apache.http.impl.conn.DefaultHttpClientConnectionOperator -- Connecting to localhost/127.0.0.1:3000
16:12:19.354 [main] DEBUG org.apache.http.impl.conn.DefaultHttpClientConnectionOperator -- Connection established 127.0.0.1:51104<->127.0.0.1:3000
16:12:19.354 [main] DEBUG org.apache.http.impl.conn.DefaultManagedHttpClientConnection -- http-outgoing-60: set socket timeout to 30000
16:12:19.354 [main] DEBUG org.apache.http.impl.execchain.MainClientExec -- Executing request POST /auth/login HTTP/1.1
16:12:19.354 [main] DEBUG org.apache.http.impl.execchain.MainClientExec -- Target auth state: UNCHALLENGED
16:12:19.354 [main] DEBUG org.apache.http.impl.execchain.MainClientExec -- Proxy auth state: UNCHALLENGED
16:12:19.354 [main] DEBUG org.apache.http.headers -- http-outgoing-60 >> POST /auth/login HTTP/1.1
16:12:19.354 [main] DEBUG org.apache.http.headers -- http-outgoing-60 >> Content-Type: application/json; charset=UTF-8
16:12:19.354 [main] DEBUG org.apache.http.headers -- http-outgoing-60 >> Content-Length: 45
16:12:19.354 [main] DEBUG org.apache.http.headers -- http-outgoing-60 >> Host: localhost:3000
16:12:19.354 [main] DEBUG org.apache.http.headers -- http-outgoing-60 >> Connection: Keep-Alive
16:12:19.354 [main] DEBUG org.apache.http.headers -- http-outgoing-60 >> User-Agent: Apache-HttpClient/4.5.14 (Java/17.0.9)
16:12:19.354 [main] DEBUG org.apache.http.headers -- http-outgoing-60 >> Accept-Encoding: gzip,deflate
16:12:19.354 [main] DEBUG org.apache.http.wire -- http-outgoing-60 >> "POST /auth/login HTTP/1.1[\r][\n]"
16:12:19.354 [main] DEBUG org.apache.http.wire -- http-outgoing-60 >> "Content-Type: application/json; charset=UTF-8[\r][\n]"
16:12:19.354 [main] DEBUG org.apache.http.wire -- http-outgoing-60 >> "Content-Length: 45[\r][\n]"
16:12:19.354 [main] DEBUG org.apache.http.wire -- http-outgoing-60 >> "Host: localhost:3000[\r][\n]"
16:12:19.354 [main] DEBUG org.apache.http.wire -- http-outgoing-60 >> "Connection: Keep-Alive[\r][\n]"
16:12:19.354 [main] DEBUG org.apache.http.wire -- http-outgoing-60 >> "User-Agent: Apache-HttpClient/4.5.14 (Java/17.0.9)[\r][\n]"
16:12:19.354 [main] DEBUG org.apache.http.wire -- http-outgoing-60 >> "Accept-Encoding: gzip,deflate[\r][\n]"
16:12:19.354 [main] DEBUG org.apache.http.wire -- http-outgoing-60 >> "[\r][\n]"
16:12:19.354 [main] DEBUG org.apache.http.wire -- http-outgoing-60 >> "{"email":"nam@gmail.com","password":"123456"}"
16:12:19.629 [main] DEBUG org.apache.http.wire -- http-outgoing-60 << "HTTP/1.1 200 OK[\r][\n]"
16:12:19.630 [main] DEBUG org.apache.http.wire -- http-outgoing-60 << "X-Powered-By: Express[\r][\n]"
16:12:19.630 [main] DEBUG org.apache.http.wire -- http-outgoing-60 << "Access-Control-Allow-Origin: *[\r][\n]"
16:12:19.630 [main] DEBUG org.apache.http.wire -- http-outgoing-60 << "Content-Type: application/json; charset=utf-8[\r][\n]"
16:12:19.630 [main] DEBUG org.apache.http.wire -- http-outgoing-60 << "Content-Length: 708[\r][\n]"
16:12:19.630 [main] DEBUG org.apache.http.wire -- http-outgoing-60 << "ETag: W/"2c4-rVmLhcSg1jc9dH6yB3AdYE0bffE"[\r][\n]"
16:12:19.630 [main] DEBUG org.apache.http.wire -- http-outgoing-60 << "Date: Tue, 24 Jun 2025 09:12:19 GMT[\r][\n]"
16:12:19.630 [main] DEBUG org.apache.http.wire -- http-outgoing-60 << "Connection: keep-alive[\r][\n]"
16:12:19.630 [main] DEBUG org.apache.http.wire -- http-outgoing-60 << "Keep-Alive: timeout=5[\r][\n]"
16:12:19.630 [main] DEBUG org.apache.http.wire -- http-outgoing-60 << "[\r][\n]"
16:12:19.630 [main] DEBUG org.apache.http.wire -- http-outgoing-60 << "{"access_token":"eyJhbGciOiJIUzI1NiIsInR5cCI6IkpXVCJ9.eyJzdWIiOiIwODUxNWIwNS0yZDNlLTQ3ODktYWQ2MC1kYjM1NTI1YTQ5NzAiLCJ1c2VybmFtZSI6Im5hbSIsInJvbGUiOjAsImlhdCI6MTc1MDc1NjMzOSwiZXhwIjoxNzUwNzU5OTM5fQ.0uj0c-giBph7qTq3DIYDDKwbI3YApv0Xs7dG4D0MTZY","refresh_token":"80291178e5876c774ae13e22432886c4ce6c9e34c06802d26702d5d1c1a1c9e0","user":{"id":"08515b05-2d3e-4789-ad60-db35525a4970","email":"nam@gmail.com","username":"nam","name":"nam","phoneNumber":"0123456789","profilePic":"https://res.cloudinary.com/dizcvrefo/image/upload/v1749266646/nestjs_uploads/zk9zrpeidnovxibfqdxr.png","bio":"Chu tich hoi dong Quan tri 1","private":false,"verified":false,"role":0,"followersCount":2,"followingCount":5,"postCount":13}}"
16:12:19.630 [main] DEBUG org.apache.http.headers -- http-outgoing-60 << HTTP/1.1 200 OK
16:12:19.630 [main] DEBUG org.apache.http.headers -- http-outgoing-60 << X-Powered-By: Express
16:12:19.630 [main] DEBUG org.apache.http.headers -- http-outgoing-60 << Access-Control-Allow-Origin: *
16:12:19.630 [main] DEBUG org.apache.http.headers -- http-outgoing-60 << Content-Type: application/json; charset=utf-8
16:12:19.630 [main] DEBUG org.apache.http.headers -- http-outgoing-60 << Content-Length: 708
16:12:19.630 [main] DEBUG org.apache.http.headers -- http-outgoing-60 << ETag: W/"2c4-rVmLhcSg1jc9dH6yB3AdYE0bffE"
16:12:19.630 [main] DEBUG org.apache.http.headers -- http-outgoing-60 << Date: Tue, 24 Jun 2025 09:12:19 GMT
16:12:19.630 [main] DEBUG org.apache.http.headers -- http-outgoing-60 << Connection: keep-alive
16:12:19.630 [main] DEBUG org.apache.http.headers -- http-outgoing-60 << Keep-Alive: timeout=5
16:12:19.630 [main] DEBUG org.apache.http.impl.execchain.MainClientExec -- Connection can be kept alive for 5000 MILLISECONDS
16:12:19.630 [main] DEBUG org.apache.http.impl.conn.PoolingHttpClientConnectionManager -- Connection [id: 60][route: {}->http://localhost:3000] can be kept alive for 5.0 seconds
16:12:19.630 [main] DEBUG org.apache.http.impl.conn.DefaultManagedHttpClientConnection -- http-outgoing-60: set socket timeout to 0
16:12:19.630 [main] DEBUG org.apache.http.impl.conn.PoolingHttpClientConnectionManager -- Connection released: [id: 60][route: {}->http://localhost:3000][total available: 1; route allocated: 1 of 5; total allocated: 1 of 10]
16:12:19.630 [main] DEBUG org.apache.http.impl.conn.PoolingHttpClientConnectionManager -- Connection manager is shutting down
16:12:19.630 [main] DEBUG org.apache.http.impl.conn.DefaultManagedHttpClientConnection -- http-outgoing-60: Close connection
16:12:19.630 [main] DEBUG org.apache.http.impl.conn.PoolingHttpClientConnectionManager -- Connection manager shut down
16:12:19.630 [main] DEBUG com.intuit.karate -- response time in milliseconds: 277
1 < 200
1 < X-Powered-By: Express
1 < Access-Control-Allow-Origin: *
1 < Content-Type: application/json; charset=utf-8
1 < Content-Length: 708
1 < ETag: W/"2c4-rVmLhcSg1jc9dH6yB3AdYE0bffE"
1 < Date: Tue, 24 Jun 2025 09:12:19 GMT
1 < Connection: keep-alive
1 < Keep-Alive: timeout=5
{"access_token":"eyJhbGciOiJIUzI1NiIsInR5cCI6IkpXVCJ9.eyJzdWIiOiIwODUxNWIwNS0yZDNlLTQ3ODktYWQ2MC1kYjM1NTI1YTQ5NzAiLCJ1c2VybmFtZSI6Im5hbSIsInJvbGUiOjAsImlhdCI6MTc1MDc1NjMzOSwiZXhwIjoxNzUwNzU5OTM5fQ.0uj0c-giBph7qTq3DIYDDKwbI3YApv0Xs7dG4D0MTZY","refresh_token":"80291178e5876c774ae13e22432886c4ce6c9e34c06802d26702d5d1c1a1c9e0","user":{"id":"08515b05-2d3e-4789-ad60-db35525a4970","email":"nam@gmail.com","username":"nam","name":"nam","phoneNumber":"0123456789","profilePic":"https://res.cloudinary.com/dizcvrefo/image/upload/v1749266646/nestjs_uploads/zk9zrpeidnovxibfqdxr.png","bio":"Chu tich hoi dong Quan tri 1","private":false,"verified":false,"role":0,"followersCount":2,"followingCount":5,"postCount":13}}

16:12:19.631 [main] INFO com.intuit.karate -- [print] *** AFTER API CALL *** Status: 200 
16:12:19.631 [main] INFO com.intuit.karate -- [print] ### API CALL COMPLETED ### Email: nam@gmail.com Status: 200 
16:12:19.631 [main] INFO com.intuit.karate -- [print] ### RESPONSE BODY ### {
  "access_token": "eyJhbGciOiJIUzI1NiIsInR5cCI6IkpXVCJ9.eyJzdWIiOiIwODUxNWIwNS0yZDNlLTQ3ODktYWQ2MC1kYjM1NTI1YTQ5NzAiLCJ1c2VybmFtZSI6Im5hbSIsInJvbGUiOjAsImlhdCI6MTc1MDc1NjMzOSwiZXhwIjoxNzUwNzU5OTM5fQ.0uj0c-giBph7qTq3DIYDDKwbI3YApv0Xs7dG4D0MTZY",
  "refresh_token": "80291178e5876c774ae13e22432886c4ce6c9e34c06802d26702d5d1c1a1c9e0",
  "user": {
    "id": "08515b05-2d3e-4789-ad60-db35525a4970",
    "email": "nam@gmail.com",
    "username": "nam",
    "name": "nam",
    "phoneNumber": "0123456789",
    "profilePic": "https://res.cloudinary.com/dizcvrefo/image/upload/v1749266646/nestjs_uploads/zk9zrpeidnovxibfqdxr.png",
    "bio": "Chu tich hoi dong Quan tri 1",
    "private": false,
    "verified": false,
    "role": 0,
    "followersCount": 2,
    "followingCount": 5,
    "postCount": 13
  }
}
 
16:12:19.632 [main] INFO com.intuit.karate -- Request #61 completed - Status: 200 Time: 282ms 
16:12:19.633 [main] INFO com.intuit.karate -- *** SEQUENTIAL REQUEST #62 *** 
16:12:19.633 [main] INFO com.intuit.karate -- User: quang1@gmail.com 
16:12:19.637 [main] INFO com.intuit.karate -- [print] *** BEFORE API CALL *** Email: quang1@gmail.com URL: http://localhost:3000/auth/login 
16:12:19.638 [main] DEBUG com.jayway.jsonpath.internal.path.CompiledPath -- Evaluating path: $
16:12:19.638 [main] INFO com.intuit.karate -- [print] *** SENDING REQUEST *** Body: {
  "email": "#(email)",
  "password": "#(password)"
}
 
16:12:19.639 [main] DEBUG org.apache.http.client.protocol.RequestAddCookies -- CookieSpec selected: karate
16:12:19.639 [main] DEBUG org.apache.http.client.protocol.RequestAuthCache -- Auth cache not set in the context
16:12:19.639 [main] DEBUG com.intuit.karate -- request:
1 > POST http://localhost:3000/auth/login
1 > Content-Type: application/json; charset=UTF-8
1 > Content-Length: 48
1 > Host: localhost:3000
1 > Connection: Keep-Alive
1 > User-Agent: Apache-HttpClient/4.5.14 (Java/17.0.9)
1 > Accept-Encoding: gzip,deflate
{"email":"quang1@gmail.com","password":"quang1"}

16:12:19.639 [main] DEBUG org.apache.http.impl.conn.PoolingHttpClientConnectionManager -- Connection request: [route: {}->http://localhost:3000][total available: 0; route allocated: 0 of 5; total allocated: 0 of 10]
16:12:19.639 [main] DEBUG org.apache.http.impl.conn.PoolingHttpClientConnectionManager -- Connection leased: [id: 61][route: {}->http://localhost:3000][total available: 0; route allocated: 1 of 5; total allocated: 1 of 10]
16:12:19.639 [main] DEBUG org.apache.http.impl.execchain.MainClientExec -- Opening connection {}->http://localhost:3000
16:12:19.639 [main] DEBUG org.apache.http.impl.conn.DefaultHttpClientConnectionOperator -- Connecting to localhost/127.0.0.1:3000
16:12:19.640 [main] DEBUG org.apache.http.impl.conn.DefaultHttpClientConnectionOperator -- Connection established 127.0.0.1:51105<->127.0.0.1:3000
16:12:19.640 [main] DEBUG org.apache.http.impl.conn.DefaultManagedHttpClientConnection -- http-outgoing-61: set socket timeout to 30000
16:12:19.640 [main] DEBUG org.apache.http.impl.execchain.MainClientExec -- Executing request POST /auth/login HTTP/1.1
16:12:19.640 [main] DEBUG org.apache.http.impl.execchain.MainClientExec -- Target auth state: UNCHALLENGED
16:12:19.640 [main] DEBUG org.apache.http.impl.execchain.MainClientExec -- Proxy auth state: UNCHALLENGED
16:12:19.640 [main] DEBUG org.apache.http.headers -- http-outgoing-61 >> POST /auth/login HTTP/1.1
16:12:19.640 [main] DEBUG org.apache.http.headers -- http-outgoing-61 >> Content-Type: application/json; charset=UTF-8
16:12:19.640 [main] DEBUG org.apache.http.headers -- http-outgoing-61 >> Content-Length: 48
16:12:19.640 [main] DEBUG org.apache.http.headers -- http-outgoing-61 >> Host: localhost:3000
16:12:19.640 [main] DEBUG org.apache.http.headers -- http-outgoing-61 >> Connection: Keep-Alive
16:12:19.640 [main] DEBUG org.apache.http.headers -- http-outgoing-61 >> User-Agent: Apache-HttpClient/4.5.14 (Java/17.0.9)
16:12:19.640 [main] DEBUG org.apache.http.headers -- http-outgoing-61 >> Accept-Encoding: gzip,deflate
16:12:19.640 [main] DEBUG org.apache.http.wire -- http-outgoing-61 >> "POST /auth/login HTTP/1.1[\r][\n]"
16:12:19.640 [main] DEBUG org.apache.http.wire -- http-outgoing-61 >> "Content-Type: application/json; charset=UTF-8[\r][\n]"
16:12:19.640 [main] DEBUG org.apache.http.wire -- http-outgoing-61 >> "Content-Length: 48[\r][\n]"
16:12:19.640 [main] DEBUG org.apache.http.wire -- http-outgoing-61 >> "Host: localhost:3000[\r][\n]"
16:12:19.640 [main] DEBUG org.apache.http.wire -- http-outgoing-61 >> "Connection: Keep-Alive[\r][\n]"
16:12:19.640 [main] DEBUG org.apache.http.wire -- http-outgoing-61 >> "User-Agent: Apache-HttpClient/4.5.14 (Java/17.0.9)[\r][\n]"
16:12:19.640 [main] DEBUG org.apache.http.wire -- http-outgoing-61 >> "Accept-Encoding: gzip,deflate[\r][\n]"
16:12:19.640 [main] DEBUG org.apache.http.wire -- http-outgoing-61 >> "[\r][\n]"
16:12:19.640 [main] DEBUG org.apache.http.wire -- http-outgoing-61 >> "{"email":"quang1@gmail.com","password":"quang1"}"
16:12:19.905 [main] DEBUG org.apache.http.wire -- http-outgoing-61 << "HTTP/1.1 200 OK[\r][\n]"
16:12:19.905 [main] DEBUG org.apache.http.wire -- http-outgoing-61 << "X-Powered-By: Express[\r][\n]"
16:12:19.905 [main] DEBUG org.apache.http.wire -- http-outgoing-61 << "Access-Control-Allow-Origin: *[\r][\n]"
16:12:19.905 [main] DEBUG org.apache.http.wire -- http-outgoing-61 << "Content-Type: application/json; charset=utf-8[\r][\n]"
16:12:19.905 [main] DEBUG org.apache.http.wire -- http-outgoing-61 << "Content-Length: 715[\r][\n]"
16:12:19.905 [main] DEBUG org.apache.http.wire -- http-outgoing-61 << "ETag: W/"2cb-pIaKq3gF7r3qpNalfhsnl27Gvcg"[\r][\n]"
16:12:19.905 [main] DEBUG org.apache.http.wire -- http-outgoing-61 << "Date: Tue, 24 Jun 2025 09:12:19 GMT[\r][\n]"
16:12:19.905 [main] DEBUG org.apache.http.wire -- http-outgoing-61 << "Connection: keep-alive[\r][\n]"
16:12:19.905 [main] DEBUG org.apache.http.wire -- http-outgoing-61 << "Keep-Alive: timeout=5[\r][\n]"
16:12:19.905 [main] DEBUG org.apache.http.wire -- http-outgoing-61 << "[\r][\n]"
16:12:19.905 [main] DEBUG org.apache.http.wire -- http-outgoing-61 << "{"access_token":"eyJhbGciOiJIUzI1NiIsInR5cCI6IkpXVCJ9.eyJzdWIiOiIyYjg0YWEyNC02NjhhLTQwZTItYWYxYy1hZDRmYzRmYTVhNmYiLCJ1c2VybmFtZSI6InF1YW5nMSIsInJvbGUiOjAsImlhdCI6MTc1MDc1NjMzOSwiZXhwIjoxNzUwNzU5OTM5fQ.pZn2sN76U965xM7CmQ53KZtnB7vJ-TcJMRFmzQpj8LY","refresh_token":"4973f525337cb471db96f45819b07ccbf381c5cb5be7299f014aa39f5649881f","user":{"id":"2b84aa24-668a-40e2-af1c-ad4fc4fa5a6f","email":"quang1@gmail.com","username":"quang1","name":"quang1","phoneNumber":"09874563210","profilePic":"https://res.cloudinary.com/dizcvrefo/image/upload/v1749027586/nestjs_uploads/xehairydt9rzlbmbmv4c.jpg","bio":"Thang Nam Lao Vua Thoi","private":false,"verified":false,"role":0,"followersCount":2,"followingCount":3,"postCount":2}}"
16:12:19.905 [main] DEBUG org.apache.http.headers -- http-outgoing-61 << HTTP/1.1 200 OK
16:12:19.905 [main] DEBUG org.apache.http.headers -- http-outgoing-61 << X-Powered-By: Express
16:12:19.905 [main] DEBUG org.apache.http.headers -- http-outgoing-61 << Access-Control-Allow-Origin: *
16:12:19.905 [main] DEBUG org.apache.http.headers -- http-outgoing-61 << Content-Type: application/json; charset=utf-8
16:12:19.905 [main] DEBUG org.apache.http.headers -- http-outgoing-61 << Content-Length: 715
16:12:19.905 [main] DEBUG org.apache.http.headers -- http-outgoing-61 << ETag: W/"2cb-pIaKq3gF7r3qpNalfhsnl27Gvcg"
16:12:19.905 [main] DEBUG org.apache.http.headers -- http-outgoing-61 << Date: Tue, 24 Jun 2025 09:12:19 GMT
16:12:19.905 [main] DEBUG org.apache.http.headers -- http-outgoing-61 << Connection: keep-alive
16:12:19.905 [main] DEBUG org.apache.http.headers -- http-outgoing-61 << Keep-Alive: timeout=5
16:12:19.905 [main] DEBUG org.apache.http.impl.execchain.MainClientExec -- Connection can be kept alive for 5000 MILLISECONDS
16:12:19.906 [main] DEBUG org.apache.http.impl.conn.PoolingHttpClientConnectionManager -- Connection [id: 61][route: {}->http://localhost:3000] can be kept alive for 5.0 seconds
16:12:19.906 [main] DEBUG org.apache.http.impl.conn.DefaultManagedHttpClientConnection -- http-outgoing-61: set socket timeout to 0
16:12:19.906 [main] DEBUG org.apache.http.impl.conn.PoolingHttpClientConnectionManager -- Connection released: [id: 61][route: {}->http://localhost:3000][total available: 1; route allocated: 1 of 5; total allocated: 1 of 10]
16:12:19.906 [main] DEBUG org.apache.http.impl.conn.PoolingHttpClientConnectionManager -- Connection manager is shutting down
16:12:19.906 [main] DEBUG org.apache.http.impl.conn.DefaultManagedHttpClientConnection -- http-outgoing-61: Close connection
16:12:19.906 [main] DEBUG org.apache.http.impl.conn.PoolingHttpClientConnectionManager -- Connection manager shut down
16:12:19.906 [main] DEBUG com.intuit.karate -- response time in milliseconds: 267
1 < 200
1 < X-Powered-By: Express
1 < Access-Control-Allow-Origin: *
1 < Content-Type: application/json; charset=utf-8
1 < Content-Length: 715
1 < ETag: W/"2cb-pIaKq3gF7r3qpNalfhsnl27Gvcg"
1 < Date: Tue, 24 Jun 2025 09:12:19 GMT
1 < Connection: keep-alive
1 < Keep-Alive: timeout=5
{"access_token":"eyJhbGciOiJIUzI1NiIsInR5cCI6IkpXVCJ9.eyJzdWIiOiIyYjg0YWEyNC02NjhhLTQwZTItYWYxYy1hZDRmYzRmYTVhNmYiLCJ1c2VybmFtZSI6InF1YW5nMSIsInJvbGUiOjAsImlhdCI6MTc1MDc1NjMzOSwiZXhwIjoxNzUwNzU5OTM5fQ.pZn2sN76U965xM7CmQ53KZtnB7vJ-TcJMRFmzQpj8LY","refresh_token":"4973f525337cb471db96f45819b07ccbf381c5cb5be7299f014aa39f5649881f","user":{"id":"2b84aa24-668a-40e2-af1c-ad4fc4fa5a6f","email":"quang1@gmail.com","username":"quang1","name":"quang1","phoneNumber":"09874563210","profilePic":"https://res.cloudinary.com/dizcvrefo/image/upload/v1749027586/nestjs_uploads/xehairydt9rzlbmbmv4c.jpg","bio":"Thang Nam Lao Vua Thoi","private":false,"verified":false,"role":0,"followersCount":2,"followingCount":3,"postCount":2}}

16:12:19.906 [main] INFO com.intuit.karate -- [print] *** AFTER API CALL *** Status: 200 
16:12:19.906 [main] INFO com.intuit.karate -- [print] ### API CALL COMPLETED ### Email: quang1@gmail.com Status: 200 
16:12:19.907 [main] INFO com.intuit.karate -- [print] ### RESPONSE BODY ### {
  "access_token": "eyJhbGciOiJIUzI1NiIsInR5cCI6IkpXVCJ9.eyJzdWIiOiIyYjg0YWEyNC02NjhhLTQwZTItYWYxYy1hZDRmYzRmYTVhNmYiLCJ1c2VybmFtZSI6InF1YW5nMSIsInJvbGUiOjAsImlhdCI6MTc1MDc1NjMzOSwiZXhwIjoxNzUwNzU5OTM5fQ.pZn2sN76U965xM7CmQ53KZtnB7vJ-TcJMRFmzQpj8LY",
  "refresh_token": "4973f525337cb471db96f45819b07ccbf381c5cb5be7299f014aa39f5649881f",
  "user": {
    "id": "2b84aa24-668a-40e2-af1c-ad4fc4fa5a6f",
    "email": "quang1@gmail.com",
    "username": "quang1",
    "name": "quang1",
    "phoneNumber": "09874563210",
    "profilePic": "https://res.cloudinary.com/dizcvrefo/image/upload/v1749027586/nestjs_uploads/xehairydt9rzlbmbmv4c.jpg",
    "bio": "Thang Nam Lao Vua Thoi",
    "private": false,
    "verified": false,
    "role": 0,
    "followersCount": 2,
    "followingCount": 3,
    "postCount": 2
  }
}
 
16:12:19.907 [main] INFO com.intuit.karate -- Request #62 completed - Status: 200 Time: 274ms 
16:12:19.908 [main] INFO com.intuit.karate -- *** SEQUENTIAL REQUEST #63 *** 
16:12:19.908 [main] INFO com.intuit.karate -- User: test@example.com 
16:12:19.911 [main] INFO com.intuit.karate -- [print] *** BEFORE API CALL *** Email: test@example.com URL: http://localhost:3000/auth/login 
16:12:19.911 [main] DEBUG com.jayway.jsonpath.internal.path.CompiledPath -- Evaluating path: $
16:12:19.912 [main] INFO com.intuit.karate -- [print] *** SENDING REQUEST *** Body: {
  "email": "#(email)",
  "password": "#(password)"
}
 
16:12:19.913 [main] DEBUG org.apache.http.client.protocol.RequestAddCookies -- CookieSpec selected: karate
16:12:19.913 [main] DEBUG org.apache.http.client.protocol.RequestAuthCache -- Auth cache not set in the context
16:12:19.913 [main] DEBUG com.intuit.karate -- request:
1 > POST http://localhost:3000/auth/login
1 > Content-Type: application/json; charset=UTF-8
1 > Content-Length: 53
1 > Host: localhost:3000
1 > Connection: Keep-Alive
1 > User-Agent: Apache-HttpClient/4.5.14 (Java/17.0.9)
1 > Accept-Encoding: gzip,deflate
{"email":"test@example.com","password":"Password123"}

16:12:19.913 [main] DEBUG org.apache.http.impl.conn.PoolingHttpClientConnectionManager -- Connection request: [route: {}->http://localhost:3000][total available: 0; route allocated: 0 of 5; total allocated: 0 of 10]
16:12:19.913 [main] DEBUG org.apache.http.impl.conn.PoolingHttpClientConnectionManager -- Connection leased: [id: 62][route: {}->http://localhost:3000][total available: 0; route allocated: 1 of 5; total allocated: 1 of 10]
16:12:19.913 [main] DEBUG org.apache.http.impl.execchain.MainClientExec -- Opening connection {}->http://localhost:3000
16:12:19.913 [main] DEBUG org.apache.http.impl.conn.DefaultHttpClientConnectionOperator -- Connecting to localhost/127.0.0.1:3000
16:12:19.913 [main] DEBUG org.apache.http.impl.conn.DefaultHttpClientConnectionOperator -- Connection established 127.0.0.1:51106<->127.0.0.1:3000
16:12:19.913 [main] DEBUG org.apache.http.impl.conn.DefaultManagedHttpClientConnection -- http-outgoing-62: set socket timeout to 30000
16:12:19.913 [main] DEBUG org.apache.http.impl.execchain.MainClientExec -- Executing request POST /auth/login HTTP/1.1
16:12:19.913 [main] DEBUG org.apache.http.impl.execchain.MainClientExec -- Target auth state: UNCHALLENGED
16:12:19.913 [main] DEBUG org.apache.http.impl.execchain.MainClientExec -- Proxy auth state: UNCHALLENGED
16:12:19.913 [main] DEBUG org.apache.http.headers -- http-outgoing-62 >> POST /auth/login HTTP/1.1
16:12:19.913 [main] DEBUG org.apache.http.headers -- http-outgoing-62 >> Content-Type: application/json; charset=UTF-8
16:12:19.913 [main] DEBUG org.apache.http.headers -- http-outgoing-62 >> Content-Length: 53
16:12:19.913 [main] DEBUG org.apache.http.headers -- http-outgoing-62 >> Host: localhost:3000
16:12:19.913 [main] DEBUG org.apache.http.headers -- http-outgoing-62 >> Connection: Keep-Alive
16:12:19.913 [main] DEBUG org.apache.http.headers -- http-outgoing-62 >> User-Agent: Apache-HttpClient/4.5.14 (Java/17.0.9)
16:12:19.913 [main] DEBUG org.apache.http.headers -- http-outgoing-62 >> Accept-Encoding: gzip,deflate
16:12:19.913 [main] DEBUG org.apache.http.wire -- http-outgoing-62 >> "POST /auth/login HTTP/1.1[\r][\n]"
16:12:19.913 [main] DEBUG org.apache.http.wire -- http-outgoing-62 >> "Content-Type: application/json; charset=UTF-8[\r][\n]"
16:12:19.913 [main] DEBUG org.apache.http.wire -- http-outgoing-62 >> "Content-Length: 53[\r][\n]"
16:12:19.913 [main] DEBUG org.apache.http.wire -- http-outgoing-62 >> "Host: localhost:3000[\r][\n]"
16:12:19.913 [main] DEBUG org.apache.http.wire -- http-outgoing-62 >> "Connection: Keep-Alive[\r][\n]"
16:12:19.913 [main] DEBUG org.apache.http.wire -- http-outgoing-62 >> "User-Agent: Apache-HttpClient/4.5.14 (Java/17.0.9)[\r][\n]"
16:12:19.913 [main] DEBUG org.apache.http.wire -- http-outgoing-62 >> "Accept-Encoding: gzip,deflate[\r][\n]"
16:12:19.913 [main] DEBUG org.apache.http.wire -- http-outgoing-62 >> "[\r][\n]"
16:12:19.913 [main] DEBUG org.apache.http.wire -- http-outgoing-62 >> "{"email":"test@example.com","password":"Password123"}"
16:12:20.175 [main] DEBUG org.apache.http.wire -- http-outgoing-62 << "HTTP/1.1 200 OK[\r][\n]"
16:12:20.177 [main] DEBUG org.apache.http.wire -- http-outgoing-62 << "X-Powered-By: Express[\r][\n]"
16:12:20.177 [main] DEBUG org.apache.http.wire -- http-outgoing-62 << "Access-Control-Allow-Origin: *[\r][\n]"
16:12:20.177 [main] DEBUG org.apache.http.wire -- http-outgoing-62 << "Content-Type: application/json; charset=utf-8[\r][\n]"
16:12:20.177 [main] DEBUG org.apache.http.wire -- http-outgoing-62 << "Content-Length: 599[\r][\n]"
16:12:20.177 [main] DEBUG org.apache.http.wire -- http-outgoing-62 << "ETag: W/"257-pNKfk0AVCpr1UJoL5RzPPy0RDfI"[\r][\n]"
16:12:20.177 [main] DEBUG org.apache.http.wire -- http-outgoing-62 << "Date: Tue, 24 Jun 2025 09:12:20 GMT[\r][\n]"
16:12:20.177 [main] DEBUG org.apache.http.wire -- http-outgoing-62 << "Connection: keep-alive[\r][\n]"
16:12:20.177 [main] DEBUG org.apache.http.wire -- http-outgoing-62 << "Keep-Alive: timeout=5[\r][\n]"
16:12:20.177 [main] DEBUG org.apache.http.wire -- http-outgoing-62 << "[\r][\n]"
16:12:20.177 [main] DEBUG org.apache.http.wire -- http-outgoing-62 << "{"access_token":"eyJhbGciOiJIUzI1NiIsInR5cCI6IkpXVCJ9.eyJzdWIiOiIyZGRhMDQzOS01MTgwLTQ1YWEtOTE3Zi1lNjMyZTQ1YThlNDEiLCJ1c2VybmFtZSI6ImpvaG5kb2UiLCJyb2xlIjowLCJpYXQiOjE3NTA3NTYzNDAsImV4cCI6MTc1MDc1OTk0MH0.SdogyHe0OF3OjiTqFZeLzkAUkJMcHEwHRdmGRbe0hOY","refresh_token":"6732f5180bc31cc4daa77a530ffcffb011f8c36c9783696a4b14cf273ebb5f7d","user":{"id":"2dda0439-5180-45aa-917f-e632e45a8e41","email":"test@example.com","username":"johndoe","name":"John Doe","phoneNumber":"0987654321","profilePic":null,"bio":null,"private":false,"verified":false,"role":0,"followersCount":0,"followingCount":0,"postCount":0}}"
16:12:20.177 [main] DEBUG org.apache.http.headers -- http-outgoing-62 << HTTP/1.1 200 OK
16:12:20.177 [main] DEBUG org.apache.http.headers -- http-outgoing-62 << X-Powered-By: Express
16:12:20.177 [main] DEBUG org.apache.http.headers -- http-outgoing-62 << Access-Control-Allow-Origin: *
16:12:20.177 [main] DEBUG org.apache.http.headers -- http-outgoing-62 << Content-Type: application/json; charset=utf-8
16:12:20.177 [main] DEBUG org.apache.http.headers -- http-outgoing-62 << Content-Length: 599
16:12:20.177 [main] DEBUG org.apache.http.headers -- http-outgoing-62 << ETag: W/"257-pNKfk0AVCpr1UJoL5RzPPy0RDfI"
16:12:20.177 [main] DEBUG org.apache.http.headers -- http-outgoing-62 << Date: Tue, 24 Jun 2025 09:12:20 GMT
16:12:20.177 [main] DEBUG org.apache.http.headers -- http-outgoing-62 << Connection: keep-alive
16:12:20.177 [main] DEBUG org.apache.http.headers -- http-outgoing-62 << Keep-Alive: timeout=5
16:12:20.177 [main] DEBUG org.apache.http.impl.execchain.MainClientExec -- Connection can be kept alive for 5000 MILLISECONDS
16:12:20.177 [main] DEBUG org.apache.http.impl.conn.PoolingHttpClientConnectionManager -- Connection [id: 62][route: {}->http://localhost:3000] can be kept alive for 5.0 seconds
16:12:20.177 [main] DEBUG org.apache.http.impl.conn.DefaultManagedHttpClientConnection -- http-outgoing-62: set socket timeout to 0
16:12:20.177 [main] DEBUG org.apache.http.impl.conn.PoolingHttpClientConnectionManager -- Connection released: [id: 62][route: {}->http://localhost:3000][total available: 1; route allocated: 1 of 5; total allocated: 1 of 10]
16:12:20.177 [main] DEBUG org.apache.http.impl.conn.PoolingHttpClientConnectionManager -- Connection manager is shutting down
16:12:20.177 [main] DEBUG org.apache.http.impl.conn.DefaultManagedHttpClientConnection -- http-outgoing-62: Close connection
16:12:20.177 [main] DEBUG org.apache.http.impl.conn.PoolingHttpClientConnectionManager -- Connection manager shut down
16:12:20.177 [main] DEBUG com.intuit.karate -- response time in milliseconds: 264
1 < 200
1 < X-Powered-By: Express
1 < Access-Control-Allow-Origin: *
1 < Content-Type: application/json; charset=utf-8
1 < Content-Length: 599
1 < ETag: W/"257-pNKfk0AVCpr1UJoL5RzPPy0RDfI"
1 < Date: Tue, 24 Jun 2025 09:12:20 GMT
1 < Connection: keep-alive
1 < Keep-Alive: timeout=5
{"access_token":"eyJhbGciOiJIUzI1NiIsInR5cCI6IkpXVCJ9.eyJzdWIiOiIyZGRhMDQzOS01MTgwLTQ1YWEtOTE3Zi1lNjMyZTQ1YThlNDEiLCJ1c2VybmFtZSI6ImpvaG5kb2UiLCJyb2xlIjowLCJpYXQiOjE3NTA3NTYzNDAsImV4cCI6MTc1MDc1OTk0MH0.SdogyHe0OF3OjiTqFZeLzkAUkJMcHEwHRdmGRbe0hOY","refresh_token":"6732f5180bc31cc4daa77a530ffcffb011f8c36c9783696a4b14cf273ebb5f7d","user":{"id":"2dda0439-5180-45aa-917f-e632e45a8e41","email":"test@example.com","username":"johndoe","name":"John Doe","phoneNumber":"0987654321","profilePic":null,"bio":null,"private":false,"verified":false,"role":0,"followersCount":0,"followingCount":0,"postCount":0}}

16:12:20.178 [main] INFO com.intuit.karate -- [print] *** AFTER API CALL *** Status: 200 
16:12:20.179 [main] INFO com.intuit.karate -- [print] ### API CALL COMPLETED ### Email: test@example.com Status: 200 
16:12:20.179 [main] INFO com.intuit.karate -- [print] ### RESPONSE BODY ### {
  "access_token": "eyJhbGciOiJIUzI1NiIsInR5cCI6IkpXVCJ9.eyJzdWIiOiIyZGRhMDQzOS01MTgwLTQ1YWEtOTE3Zi1lNjMyZTQ1YThlNDEiLCJ1c2VybmFtZSI6ImpvaG5kb2UiLCJyb2xlIjowLCJpYXQiOjE3NTA3NTYzNDAsImV4cCI6MTc1MDc1OTk0MH0.SdogyHe0OF3OjiTqFZeLzkAUkJMcHEwHRdmGRbe0hOY",
  "refresh_token": "6732f5180bc31cc4daa77a530ffcffb011f8c36c9783696a4b14cf273ebb5f7d",
  "user": {
    "id": "2dda0439-5180-45aa-917f-e632e45a8e41",
    "email": "test@example.com",
    "username": "johndoe",
    "name": "John Doe",
    "phoneNumber": "0987654321",
    "profilePic": null,
    "bio": null,
    "private": false,
    "verified": false,
    "role": 0,
    "followersCount": 0,
    "followingCount": 0,
    "postCount": 0
  }
}
 
16:12:20.180 [main] INFO com.intuit.karate -- Request #63 completed - Status: 200 Time: 272ms 
16:12:20.181 [main] INFO com.intuit.karate -- *** SEQUENTIAL REQUEST #64 *** 
16:12:20.181 [main] INFO com.intuit.karate -- User: test2@example.com 
16:12:20.187 [main] INFO com.intuit.karate -- [print] *** BEFORE API CALL *** Email: test2@example.com URL: http://localhost:3000/auth/login 
16:12:20.187 [main] DEBUG com.jayway.jsonpath.internal.path.CompiledPath -- Evaluating path: $
16:12:20.188 [main] INFO com.intuit.karate -- [print] *** SENDING REQUEST *** Body: {
  "email": "#(email)",
  "password": "#(password)"
}
 
16:12:20.189 [main] DEBUG org.apache.http.client.protocol.RequestAddCookies -- CookieSpec selected: karate
16:12:20.189 [main] DEBUG org.apache.http.client.protocol.RequestAuthCache -- Auth cache not set in the context
16:12:20.190 [main] DEBUG com.intuit.karate -- request:
1 > POST http://localhost:3000/auth/login
1 > Content-Type: application/json; charset=UTF-8
1 > Content-Length: 54
1 > Host: localhost:3000
1 > Connection: Keep-Alive
1 > User-Agent: Apache-HttpClient/4.5.14 (Java/17.0.9)
1 > Accept-Encoding: gzip,deflate
{"email":"test2@example.com","password":"Password123"}

16:12:20.190 [main] DEBUG org.apache.http.impl.conn.PoolingHttpClientConnectionManager -- Connection request: [route: {}->http://localhost:3000][total available: 0; route allocated: 0 of 5; total allocated: 0 of 10]
16:12:20.190 [main] DEBUG org.apache.http.impl.conn.PoolingHttpClientConnectionManager -- Connection leased: [id: 63][route: {}->http://localhost:3000][total available: 0; route allocated: 1 of 5; total allocated: 1 of 10]
16:12:20.190 [main] DEBUG org.apache.http.impl.execchain.MainClientExec -- Opening connection {}->http://localhost:3000
16:12:20.190 [main] DEBUG org.apache.http.impl.conn.DefaultHttpClientConnectionOperator -- Connecting to localhost/127.0.0.1:3000
16:12:20.190 [main] DEBUG org.apache.http.impl.conn.DefaultHttpClientConnectionOperator -- Connection established 127.0.0.1:51107<->127.0.0.1:3000
16:12:20.190 [main] DEBUG org.apache.http.impl.conn.DefaultManagedHttpClientConnection -- http-outgoing-63: set socket timeout to 30000
16:12:20.190 [main] DEBUG org.apache.http.impl.execchain.MainClientExec -- Executing request POST /auth/login HTTP/1.1
16:12:20.190 [main] DEBUG org.apache.http.impl.execchain.MainClientExec -- Target auth state: UNCHALLENGED
16:12:20.190 [main] DEBUG org.apache.http.impl.execchain.MainClientExec -- Proxy auth state: UNCHALLENGED
16:12:20.190 [main] DEBUG org.apache.http.headers -- http-outgoing-63 >> POST /auth/login HTTP/1.1
16:12:20.190 [main] DEBUG org.apache.http.headers -- http-outgoing-63 >> Content-Type: application/json; charset=UTF-8
16:12:20.190 [main] DEBUG org.apache.http.headers -- http-outgoing-63 >> Content-Length: 54
16:12:20.190 [main] DEBUG org.apache.http.headers -- http-outgoing-63 >> Host: localhost:3000
16:12:20.190 [main] DEBUG org.apache.http.headers -- http-outgoing-63 >> Connection: Keep-Alive
16:12:20.190 [main] DEBUG org.apache.http.headers -- http-outgoing-63 >> User-Agent: Apache-HttpClient/4.5.14 (Java/17.0.9)
16:12:20.190 [main] DEBUG org.apache.http.headers -- http-outgoing-63 >> Accept-Encoding: gzip,deflate
16:12:20.190 [main] DEBUG org.apache.http.wire -- http-outgoing-63 >> "POST /auth/login HTTP/1.1[\r][\n]"
16:12:20.190 [main] DEBUG org.apache.http.wire -- http-outgoing-63 >> "Content-Type: application/json; charset=UTF-8[\r][\n]"
16:12:20.190 [main] DEBUG org.apache.http.wire -- http-outgoing-63 >> "Content-Length: 54[\r][\n]"
16:12:20.190 [main] DEBUG org.apache.http.wire -- http-outgoing-63 >> "Host: localhost:3000[\r][\n]"
16:12:20.190 [main] DEBUG org.apache.http.wire -- http-outgoing-63 >> "Connection: Keep-Alive[\r][\n]"
16:12:20.190 [main] DEBUG org.apache.http.wire -- http-outgoing-63 >> "User-Agent: Apache-HttpClient/4.5.14 (Java/17.0.9)[\r][\n]"
16:12:20.190 [main] DEBUG org.apache.http.wire -- http-outgoing-63 >> "Accept-Encoding: gzip,deflate[\r][\n]"
16:12:20.190 [main] DEBUG org.apache.http.wire -- http-outgoing-63 >> "[\r][\n]"
16:12:20.190 [main] DEBUG org.apache.http.wire -- http-outgoing-63 >> "{"email":"test2@example.com","password":"Password123"}"
16:12:20.463 [main] DEBUG org.apache.http.wire -- http-outgoing-63 << "HTTP/1.1 200 OK[\r][\n]"
16:12:20.463 [main] DEBUG org.apache.http.wire -- http-outgoing-63 << "X-Powered-By: Express[\r][\n]"
16:12:20.463 [main] DEBUG org.apache.http.wire -- http-outgoing-63 << "Access-Control-Allow-Origin: *[\r][\n]"
16:12:20.463 [main] DEBUG org.apache.http.wire -- http-outgoing-63 << "Content-Type: application/json; charset=utf-8[\r][\n]"
16:12:20.463 [main] DEBUG org.apache.http.wire -- http-outgoing-63 << "Content-Length: 608[\r][\n]"
16:12:20.463 [main] DEBUG org.apache.http.wire -- http-outgoing-63 << "ETag: W/"260-i5HUeS/DXXr4QkpGZrm3QGVD5qg"[\r][\n]"
16:12:20.463 [main] DEBUG org.apache.http.wire -- http-outgoing-63 << "Date: Tue, 24 Jun 2025 09:12:20 GMT[\r][\n]"
16:12:20.463 [main] DEBUG org.apache.http.wire -- http-outgoing-63 << "Connection: keep-alive[\r][\n]"
16:12:20.463 [main] DEBUG org.apache.http.wire -- http-outgoing-63 << "Keep-Alive: timeout=5[\r][\n]"
16:12:20.463 [main] DEBUG org.apache.http.wire -- http-outgoing-63 << "[\r][\n]"
16:12:20.463 [main] DEBUG org.apache.http.wire -- http-outgoing-63 << "{"access_token":"eyJhbGciOiJIUzI1NiIsInR5cCI6IkpXVCJ9.eyJzdWIiOiI4YTI0NzQ2MS01YzA0LTQyMWQtOThmNS1mYTljNzM0ZmFlYTUiLCJ1c2VybmFtZSI6ImphbmVzbWl0aCIsInJvbGUiOjAsImlhdCI6MTc1MDc1NjM0MCwiZXhwIjoxNzUwNzU5OTQwfQ.Zd7BBFVul7E_sihtPkL84kuoOVzXOa863HAwwFFHR6U","refresh_token":"2b80c4ef97a1e834e1b19ad1e26cd96a13741c309c1dca3f2b548c0eca0c7156","user":{"id":"8a247461-5c04-421d-98f5-fa9c734faea5","email":"test2@example.com","username":"janesmith","name":"Jane Smith","phoneNumber":"01234567890","profilePic":null,"bio":null,"private":false,"verified":false,"role":0,"followersCount":0,"followingCount":0,"postCount":0}}"
16:12:20.463 [main] DEBUG org.apache.http.headers -- http-outgoing-63 << HTTP/1.1 200 OK
16:12:20.463 [main] DEBUG org.apache.http.headers -- http-outgoing-63 << X-Powered-By: Express
16:12:20.463 [main] DEBUG org.apache.http.headers -- http-outgoing-63 << Access-Control-Allow-Origin: *
16:12:20.463 [main] DEBUG org.apache.http.headers -- http-outgoing-63 << Content-Type: application/json; charset=utf-8
16:12:20.463 [main] DEBUG org.apache.http.headers -- http-outgoing-63 << Content-Length: 608
16:12:20.463 [main] DEBUG org.apache.http.headers -- http-outgoing-63 << ETag: W/"260-i5HUeS/DXXr4QkpGZrm3QGVD5qg"
16:12:20.463 [main] DEBUG org.apache.http.headers -- http-outgoing-63 << Date: Tue, 24 Jun 2025 09:12:20 GMT
16:12:20.463 [main] DEBUG org.apache.http.headers -- http-outgoing-63 << Connection: keep-alive
16:12:20.463 [main] DEBUG org.apache.http.headers -- http-outgoing-63 << Keep-Alive: timeout=5
16:12:20.463 [main] DEBUG org.apache.http.impl.execchain.MainClientExec -- Connection can be kept alive for 5000 MILLISECONDS
16:12:20.463 [main] DEBUG org.apache.http.impl.conn.PoolingHttpClientConnectionManager -- Connection [id: 63][route: {}->http://localhost:3000] can be kept alive for 5.0 seconds
16:12:20.463 [main] DEBUG org.apache.http.impl.conn.DefaultManagedHttpClientConnection -- http-outgoing-63: set socket timeout to 0
16:12:20.463 [main] DEBUG org.apache.http.impl.conn.PoolingHttpClientConnectionManager -- Connection released: [id: 63][route: {}->http://localhost:3000][total available: 1; route allocated: 1 of 5; total allocated: 1 of 10]
16:12:20.463 [main] DEBUG org.apache.http.impl.conn.PoolingHttpClientConnectionManager -- Connection manager is shutting down
16:12:20.463 [main] DEBUG org.apache.http.impl.conn.DefaultManagedHttpClientConnection -- http-outgoing-63: Close connection
16:12:20.463 [main] DEBUG org.apache.http.impl.conn.PoolingHttpClientConnectionManager -- Connection manager shut down
16:12:20.463 [main] DEBUG com.intuit.karate -- response time in milliseconds: 273
1 < 200
1 < X-Powered-By: Express
1 < Access-Control-Allow-Origin: *
1 < Content-Type: application/json; charset=utf-8
1 < Content-Length: 608
1 < ETag: W/"260-i5HUeS/DXXr4QkpGZrm3QGVD5qg"
1 < Date: Tue, 24 Jun 2025 09:12:20 GMT
1 < Connection: keep-alive
1 < Keep-Alive: timeout=5
{"access_token":"eyJhbGciOiJIUzI1NiIsInR5cCI6IkpXVCJ9.eyJzdWIiOiI4YTI0NzQ2MS01YzA0LTQyMWQtOThmNS1mYTljNzM0ZmFlYTUiLCJ1c2VybmFtZSI6ImphbmVzbWl0aCIsInJvbGUiOjAsImlhdCI6MTc1MDc1NjM0MCwiZXhwIjoxNzUwNzU5OTQwfQ.Zd7BBFVul7E_sihtPkL84kuoOVzXOa863HAwwFFHR6U","refresh_token":"2b80c4ef97a1e834e1b19ad1e26cd96a13741c309c1dca3f2b548c0eca0c7156","user":{"id":"8a247461-5c04-421d-98f5-fa9c734faea5","email":"test2@example.com","username":"janesmith","name":"Jane Smith","phoneNumber":"01234567890","profilePic":null,"bio":null,"private":false,"verified":false,"role":0,"followersCount":0,"followingCount":0,"postCount":0}}

16:12:20.463 [main] INFO com.intuit.karate -- [print] *** AFTER API CALL *** Status: 200 
16:12:20.464 [main] INFO com.intuit.karate -- [print] ### API CALL COMPLETED ### Email: test2@example.com Status: 200 
16:12:20.464 [main] INFO com.intuit.karate -- [print] ### RESPONSE BODY ### {
  "access_token": "eyJhbGciOiJIUzI1NiIsInR5cCI6IkpXVCJ9.eyJzdWIiOiI4YTI0NzQ2MS01YzA0LTQyMWQtOThmNS1mYTljNzM0ZmFlYTUiLCJ1c2VybmFtZSI6ImphbmVzbWl0aCIsInJvbGUiOjAsImlhdCI6MTc1MDc1NjM0MCwiZXhwIjoxNzUwNzU5OTQwfQ.Zd7BBFVul7E_sihtPkL84kuoOVzXOa863HAwwFFHR6U",
  "refresh_token": "2b80c4ef97a1e834e1b19ad1e26cd96a13741c309c1dca3f2b548c0eca0c7156",
  "user": {
    "id": "8a247461-5c04-421d-98f5-fa9c734faea5",
    "email": "test2@example.com",
    "username": "janesmith",
    "name": "Jane Smith",
    "phoneNumber": "01234567890",
    "profilePic": null,
    "bio": null,
    "private": false,
    "verified": false,
    "role": 0,
    "followersCount": 0,
    "followingCount": 0,
    "postCount": 0
  }
}
 
16:12:20.465 [main] INFO com.intuit.karate -- Request #64 completed - Status: 200 Time: 283ms 
16:12:20.467 [main] INFO com.intuit.karate -- *** SEQUENTIAL REQUEST #65 *** 
16:12:20.467 [main] INFO com.intuit.karate -- User: test28@example.com 
16:12:20.471 [main] INFO com.intuit.karate -- [print] *** BEFORE API CALL *** Email: test28@example.com URL: http://localhost:3000/auth/login 
16:12:20.471 [main] DEBUG com.jayway.jsonpath.internal.path.CompiledPath -- Evaluating path: $
16:12:20.471 [main] INFO com.intuit.karate -- [print] *** SENDING REQUEST *** Body: {
  "email": "#(email)",
  "password": "#(password)"
}
 
16:12:20.472 [main] DEBUG org.apache.http.client.protocol.RequestAddCookies -- CookieSpec selected: karate
16:12:20.472 [main] DEBUG org.apache.http.client.protocol.RequestAuthCache -- Auth cache not set in the context
16:12:20.472 [main] DEBUG com.intuit.karate -- request:
1 > POST http://localhost:3000/auth/login
1 > Content-Type: application/json; charset=UTF-8
1 > Content-Length: 55
1 > Host: localhost:3000
1 > Connection: Keep-Alive
1 > User-Agent: Apache-HttpClient/4.5.14 (Java/17.0.9)
1 > Accept-Encoding: gzip,deflate
{"email":"test28@example.com","password":"Password123"}

16:12:20.473 [main] DEBUG org.apache.http.impl.conn.PoolingHttpClientConnectionManager -- Connection request: [route: {}->http://localhost:3000][total available: 0; route allocated: 0 of 5; total allocated: 0 of 10]
16:12:20.473 [main] DEBUG org.apache.http.impl.conn.PoolingHttpClientConnectionManager -- Connection leased: [id: 64][route: {}->http://localhost:3000][total available: 0; route allocated: 1 of 5; total allocated: 1 of 10]
16:12:20.473 [main] DEBUG org.apache.http.impl.execchain.MainClientExec -- Opening connection {}->http://localhost:3000
16:12:20.473 [main] DEBUG org.apache.http.impl.conn.DefaultHttpClientConnectionOperator -- Connecting to localhost/127.0.0.1:3000
16:12:20.473 [main] DEBUG org.apache.http.impl.conn.DefaultHttpClientConnectionOperator -- Connection established 127.0.0.1:51108<->127.0.0.1:3000
16:12:20.473 [main] DEBUG org.apache.http.impl.conn.DefaultManagedHttpClientConnection -- http-outgoing-64: set socket timeout to 30000
16:12:20.473 [main] DEBUG org.apache.http.impl.execchain.MainClientExec -- Executing request POST /auth/login HTTP/1.1
16:12:20.473 [main] DEBUG org.apache.http.impl.execchain.MainClientExec -- Target auth state: UNCHALLENGED
16:12:20.473 [main] DEBUG org.apache.http.impl.execchain.MainClientExec -- Proxy auth state: UNCHALLENGED
16:12:20.473 [main] DEBUG org.apache.http.headers -- http-outgoing-64 >> POST /auth/login HTTP/1.1
16:12:20.473 [main] DEBUG org.apache.http.headers -- http-outgoing-64 >> Content-Type: application/json; charset=UTF-8
16:12:20.473 [main] DEBUG org.apache.http.headers -- http-outgoing-64 >> Content-Length: 55
16:12:20.473 [main] DEBUG org.apache.http.headers -- http-outgoing-64 >> Host: localhost:3000
16:12:20.473 [main] DEBUG org.apache.http.headers -- http-outgoing-64 >> Connection: Keep-Alive
16:12:20.473 [main] DEBUG org.apache.http.headers -- http-outgoing-64 >> User-Agent: Apache-HttpClient/4.5.14 (Java/17.0.9)
16:12:20.473 [main] DEBUG org.apache.http.headers -- http-outgoing-64 >> Accept-Encoding: gzip,deflate
16:12:20.473 [main] DEBUG org.apache.http.wire -- http-outgoing-64 >> "POST /auth/login HTTP/1.1[\r][\n]"
16:12:20.473 [main] DEBUG org.apache.http.wire -- http-outgoing-64 >> "Content-Type: application/json; charset=UTF-8[\r][\n]"
16:12:20.473 [main] DEBUG org.apache.http.wire -- http-outgoing-64 >> "Content-Length: 55[\r][\n]"
16:12:20.473 [main] DEBUG org.apache.http.wire -- http-outgoing-64 >> "Host: localhost:3000[\r][\n]"
16:12:20.473 [main] DEBUG org.apache.http.wire -- http-outgoing-64 >> "Connection: Keep-Alive[\r][\n]"
16:12:20.473 [main] DEBUG org.apache.http.wire -- http-outgoing-64 >> "User-Agent: Apache-HttpClient/4.5.14 (Java/17.0.9)[\r][\n]"
16:12:20.473 [main] DEBUG org.apache.http.wire -- http-outgoing-64 >> "Accept-Encoding: gzip,deflate[\r][\n]"
16:12:20.473 [main] DEBUG org.apache.http.wire -- http-outgoing-64 >> "[\r][\n]"
16:12:20.473 [main] DEBUG org.apache.http.wire -- http-outgoing-64 >> "{"email":"test28@example.com","password":"Password123"}"
16:12:20.738 [main] DEBUG org.apache.http.wire -- http-outgoing-64 << "HTTP/1.1 200 OK[\r][\n]"
16:12:20.738 [main] DEBUG org.apache.http.wire -- http-outgoing-64 << "X-Powered-By: Express[\r][\n]"
16:12:20.738 [main] DEBUG org.apache.http.wire -- http-outgoing-64 << "Access-Control-Allow-Origin: *[\r][\n]"
16:12:20.738 [main] DEBUG org.apache.http.wire -- http-outgoing-64 << "Content-Type: application/json; charset=utf-8[\r][\n]"
16:12:20.738 [main] DEBUG org.apache.http.wire -- http-outgoing-64 << "Content-Length: 607[\r][\n]"
16:12:20.738 [main] DEBUG org.apache.http.wire -- http-outgoing-64 << "ETag: W/"25f-iI1FCAvUTLDFwOdB0mwC30hkJfA"[\r][\n]"
16:12:20.738 [main] DEBUG org.apache.http.wire -- http-outgoing-64 << "Date: Tue, 24 Jun 2025 09:12:20 GMT[\r][\n]"
16:12:20.738 [main] DEBUG org.apache.http.wire -- http-outgoing-64 << "Connection: keep-alive[\r][\n]"
16:12:20.738 [main] DEBUG org.apache.http.wire -- http-outgoing-64 << "Keep-Alive: timeout=5[\r][\n]"
16:12:20.738 [main] DEBUG org.apache.http.wire -- http-outgoing-64 << "[\r][\n]"
16:12:20.738 [main] DEBUG org.apache.http.wire -- http-outgoing-64 << "{"access_token":"eyJhbGciOiJIUzI1NiIsInR5cCI6IkpXVCJ9.eyJzdWIiOiJjMjE0MjJkZi1jY2VjLTQ0MGUtOWE0Mi1jMWI4MmFiZjczM2QiLCJ1c2VybmFtZSI6ImpvaG5kb2UyOCIsInJvbGUiOjAsImlhdCI6MTc1MDc1NjM0MCwiZXhwIjoxNzUwNzU5OTQwfQ.FnJ_lpCixYVd8eIHHH2RywmfZNwCLDPhPGDcOsVQCTo","refresh_token":"e1ad618718d43686aa069e69689393ee7734738f7131a5ad52f10302907199a1","user":{"id":"c21422df-ccec-440e-9a42-c1b82abf733d","email":"test28@example.com","username":"johndoe28","name":"John Doe","phoneNumber":"84987654321","profilePic":null,"bio":null,"private":false,"verified":false,"role":0,"followersCount":0,"followingCount":0,"postCount":0}}"
16:12:20.738 [main] DEBUG org.apache.http.headers -- http-outgoing-64 << HTTP/1.1 200 OK
16:12:20.738 [main] DEBUG org.apache.http.headers -- http-outgoing-64 << X-Powered-By: Express
16:12:20.738 [main] DEBUG org.apache.http.headers -- http-outgoing-64 << Access-Control-Allow-Origin: *
16:12:20.738 [main] DEBUG org.apache.http.headers -- http-outgoing-64 << Content-Type: application/json; charset=utf-8
16:12:20.738 [main] DEBUG org.apache.http.headers -- http-outgoing-64 << Content-Length: 607
16:12:20.738 [main] DEBUG org.apache.http.headers -- http-outgoing-64 << ETag: W/"25f-iI1FCAvUTLDFwOdB0mwC30hkJfA"
16:12:20.738 [main] DEBUG org.apache.http.headers -- http-outgoing-64 << Date: Tue, 24 Jun 2025 09:12:20 GMT
16:12:20.739 [main] DEBUG org.apache.http.headers -- http-outgoing-64 << Connection: keep-alive
16:12:20.739 [main] DEBUG org.apache.http.headers -- http-outgoing-64 << Keep-Alive: timeout=5
16:12:20.739 [main] DEBUG org.apache.http.impl.execchain.MainClientExec -- Connection can be kept alive for 5000 MILLISECONDS
16:12:20.739 [main] DEBUG org.apache.http.impl.conn.PoolingHttpClientConnectionManager -- Connection [id: 64][route: {}->http://localhost:3000] can be kept alive for 5.0 seconds
16:12:20.739 [main] DEBUG org.apache.http.impl.conn.DefaultManagedHttpClientConnection -- http-outgoing-64: set socket timeout to 0
16:12:20.739 [main] DEBUG org.apache.http.impl.conn.PoolingHttpClientConnectionManager -- Connection released: [id: 64][route: {}->http://localhost:3000][total available: 1; route allocated: 1 of 5; total allocated: 1 of 10]
16:12:20.739 [main] DEBUG org.apache.http.impl.conn.PoolingHttpClientConnectionManager -- Connection manager is shutting down
16:12:20.739 [main] DEBUG org.apache.http.impl.conn.DefaultManagedHttpClientConnection -- http-outgoing-64: Close connection
16:12:20.739 [main] DEBUG org.apache.http.impl.conn.PoolingHttpClientConnectionManager -- Connection manager shut down
16:12:20.739 [main] DEBUG com.intuit.karate -- response time in milliseconds: 267
1 < 200
1 < X-Powered-By: Express
1 < Access-Control-Allow-Origin: *
1 < Content-Type: application/json; charset=utf-8
1 < Content-Length: 607
1 < ETag: W/"25f-iI1FCAvUTLDFwOdB0mwC30hkJfA"
1 < Date: Tue, 24 Jun 2025 09:12:20 GMT
1 < Connection: keep-alive
1 < Keep-Alive: timeout=5
{"access_token":"eyJhbGciOiJIUzI1NiIsInR5cCI6IkpXVCJ9.eyJzdWIiOiJjMjE0MjJkZi1jY2VjLTQ0MGUtOWE0Mi1jMWI4MmFiZjczM2QiLCJ1c2VybmFtZSI6ImpvaG5kb2UyOCIsInJvbGUiOjAsImlhdCI6MTc1MDc1NjM0MCwiZXhwIjoxNzUwNzU5OTQwfQ.FnJ_lpCixYVd8eIHHH2RywmfZNwCLDPhPGDcOsVQCTo","refresh_token":"e1ad618718d43686aa069e69689393ee7734738f7131a5ad52f10302907199a1","user":{"id":"c21422df-ccec-440e-9a42-c1b82abf733d","email":"test28@example.com","username":"johndoe28","name":"John Doe","phoneNumber":"84987654321","profilePic":null,"bio":null,"private":false,"verified":false,"role":0,"followersCount":0,"followingCount":0,"postCount":0}}

16:12:20.739 [main] INFO com.intuit.karate -- [print] *** AFTER API CALL *** Status: 200 
16:12:20.740 [main] INFO com.intuit.karate -- [print] ### API CALL COMPLETED ### Email: test28@example.com Status: 200 
16:12:20.740 [main] INFO com.intuit.karate -- [print] ### RESPONSE BODY ### {
  "access_token": "eyJhbGciOiJIUzI1NiIsInR5cCI6IkpXVCJ9.eyJzdWIiOiJjMjE0MjJkZi1jY2VjLTQ0MGUtOWE0Mi1jMWI4MmFiZjczM2QiLCJ1c2VybmFtZSI6ImpvaG5kb2UyOCIsInJvbGUiOjAsImlhdCI6MTc1MDc1NjM0MCwiZXhwIjoxNzUwNzU5OTQwfQ.FnJ_lpCixYVd8eIHHH2RywmfZNwCLDPhPGDcOsVQCTo",
  "refresh_token": "e1ad618718d43686aa069e69689393ee7734738f7131a5ad52f10302907199a1",
  "user": {
    "id": "c21422df-ccec-440e-9a42-c1b82abf733d",
    "email": "test28@example.com",
    "username": "johndoe28",
    "name": "John Doe",
    "phoneNumber": "84987654321",
    "profilePic": null,
    "bio": null,
    "private": false,
    "verified": false,
    "role": 0,
    "followersCount": 0,
    "followingCount": 0,
    "postCount": 0
  }
}
 
16:12:20.740 [main] INFO com.intuit.karate -- Request #65 completed - Status: 200 Time: 272ms 
16:12:20.741 [main] INFO com.intuit.karate -- *** SEQUENTIAL REQUEST #66 *** 
16:12:20.741 [main] INFO com.intuit.karate -- User: testit4@gmail.com 
16:12:20.744 [main] INFO com.intuit.karate -- [print] *** BEFORE API CALL *** Email: testit4@gmail.com URL: http://localhost:3000/auth/login 
16:12:20.745 [main] DEBUG com.jayway.jsonpath.internal.path.CompiledPath -- Evaluating path: $
16:12:20.745 [main] INFO com.intuit.karate -- [print] *** SENDING REQUEST *** Body: {
  "email": "#(email)",
  "password": "#(password)"
}
 
16:12:20.745 [main] DEBUG org.apache.http.client.protocol.RequestAddCookies -- CookieSpec selected: karate
16:12:20.745 [main] DEBUG org.apache.http.client.protocol.RequestAuthCache -- Auth cache not set in the context
16:12:20.745 [main] DEBUG com.intuit.karate -- request:
1 > POST http://localhost:3000/auth/login
1 > Content-Type: application/json; charset=UTF-8
1 > Content-Length: 54
1 > Host: localhost:3000
1 > Connection: Keep-Alive
1 > User-Agent: Apache-HttpClient/4.5.14 (Java/17.0.9)
1 > Accept-Encoding: gzip,deflate
{"email":"testit4@gmail.com","password":"Password123"}

16:12:20.745 [main] DEBUG org.apache.http.impl.conn.PoolingHttpClientConnectionManager -- Connection request: [route: {}->http://localhost:3000][total available: 0; route allocated: 0 of 5; total allocated: 0 of 10]
16:12:20.745 [main] DEBUG org.apache.http.impl.conn.PoolingHttpClientConnectionManager -- Connection leased: [id: 65][route: {}->http://localhost:3000][total available: 0; route allocated: 1 of 5; total allocated: 1 of 10]
16:12:20.745 [main] DEBUG org.apache.http.impl.execchain.MainClientExec -- Opening connection {}->http://localhost:3000
16:12:20.745 [main] DEBUG org.apache.http.impl.conn.DefaultHttpClientConnectionOperator -- Connecting to localhost/127.0.0.1:3000
16:12:20.746 [main] DEBUG org.apache.http.impl.conn.DefaultHttpClientConnectionOperator -- Connection established 127.0.0.1:51109<->127.0.0.1:3000
16:12:20.746 [main] DEBUG org.apache.http.impl.conn.DefaultManagedHttpClientConnection -- http-outgoing-65: set socket timeout to 30000
16:12:20.746 [main] DEBUG org.apache.http.impl.execchain.MainClientExec -- Executing request POST /auth/login HTTP/1.1
16:12:20.746 [main] DEBUG org.apache.http.impl.execchain.MainClientExec -- Target auth state: UNCHALLENGED
16:12:20.746 [main] DEBUG org.apache.http.impl.execchain.MainClientExec -- Proxy auth state: UNCHALLENGED
16:12:20.746 [main] DEBUG org.apache.http.headers -- http-outgoing-65 >> POST /auth/login HTTP/1.1
16:12:20.746 [main] DEBUG org.apache.http.headers -- http-outgoing-65 >> Content-Type: application/json; charset=UTF-8
16:12:20.746 [main] DEBUG org.apache.http.headers -- http-outgoing-65 >> Content-Length: 54
16:12:20.746 [main] DEBUG org.apache.http.headers -- http-outgoing-65 >> Host: localhost:3000
16:12:20.746 [main] DEBUG org.apache.http.headers -- http-outgoing-65 >> Connection: Keep-Alive
16:12:20.746 [main] DEBUG org.apache.http.headers -- http-outgoing-65 >> User-Agent: Apache-HttpClient/4.5.14 (Java/17.0.9)
16:12:20.746 [main] DEBUG org.apache.http.headers -- http-outgoing-65 >> Accept-Encoding: gzip,deflate
16:12:20.746 [main] DEBUG org.apache.http.wire -- http-outgoing-65 >> "POST /auth/login HTTP/1.1[\r][\n]"
16:12:20.746 [main] DEBUG org.apache.http.wire -- http-outgoing-65 >> "Content-Type: application/json; charset=UTF-8[\r][\n]"
16:12:20.746 [main] DEBUG org.apache.http.wire -- http-outgoing-65 >> "Content-Length: 54[\r][\n]"
16:12:20.746 [main] DEBUG org.apache.http.wire -- http-outgoing-65 >> "Host: localhost:3000[\r][\n]"
16:12:20.746 [main] DEBUG org.apache.http.wire -- http-outgoing-65 >> "Connection: Keep-Alive[\r][\n]"
16:12:20.746 [main] DEBUG org.apache.http.wire -- http-outgoing-65 >> "User-Agent: Apache-HttpClient/4.5.14 (Java/17.0.9)[\r][\n]"
16:12:20.746 [main] DEBUG org.apache.http.wire -- http-outgoing-65 >> "Accept-Encoding: gzip,deflate[\r][\n]"
16:12:20.746 [main] DEBUG org.apache.http.wire -- http-outgoing-65 >> "[\r][\n]"
16:12:20.746 [main] DEBUG org.apache.http.wire -- http-outgoing-65 >> "{"email":"testit4@gmail.com","password":"Password123"}"
16:12:21.010 [main] DEBUG org.apache.http.wire -- http-outgoing-65 << "HTTP/1.1 200 OK[\r][\n]"
16:12:21.010 [main] DEBUG org.apache.http.wire -- http-outgoing-65 << "X-Powered-By: Express[\r][\n]"
16:12:21.010 [main] DEBUG org.apache.http.wire -- http-outgoing-65 << "Access-Control-Allow-Origin: *[\r][\n]"
16:12:21.010 [main] DEBUG org.apache.http.wire -- http-outgoing-65 << "Content-Type: application/json; charset=utf-8[\r][\n]"
16:12:21.010 [main] DEBUG org.apache.http.wire -- http-outgoing-65 << "Content-Length: 607[\r][\n]"
16:12:21.010 [main] DEBUG org.apache.http.wire -- http-outgoing-65 << "ETag: W/"25f-rouIHsdSCnK6NEM4zQc7kH9C6Ac"[\r][\n]"
16:12:21.010 [main] DEBUG org.apache.http.wire -- http-outgoing-65 << "Date: Tue, 24 Jun 2025 09:12:21 GMT[\r][\n]"
16:12:21.010 [main] DEBUG org.apache.http.wire -- http-outgoing-65 << "Connection: keep-alive[\r][\n]"
16:12:21.010 [main] DEBUG org.apache.http.wire -- http-outgoing-65 << "Keep-Alive: timeout=5[\r][\n]"
16:12:21.010 [main] DEBUG org.apache.http.wire -- http-outgoing-65 << "[\r][\n]"
16:12:21.010 [main] DEBUG org.apache.http.wire -- http-outgoing-65 << "{"access_token":"eyJhbGciOiJIUzI1NiIsInR5cCI6IkpXVCJ9.eyJzdWIiOiI5YTI2OTc2Yy0xNTMyLTRkZjMtYTE2ZS03NjMxNTI1Yzg1MDIiLCJ1c2VybmFtZSI6ImpvaG5kb2UyZDUiLCJyb2xlIjowLCJpYXQiOjE3NTA3NTYzNDAsImV4cCI6MTc1MDc1OTk0MH0.CSoUCB06i-Prn0wD1et7f_-4_YlNJWsi3NZzGk7M6dM","refresh_token":"d901a3379e380f76c15f2be930b24684d2df9acc52f1b56a7c324a446cc2d01c","user":{"id":"9a26976c-1532-4df3-a16e-7631525c8502","email":"testit4@gmail.com","username":"johndoe2d5","name":"John Doe","phoneNumber":"0123456212","profilePic":null,"bio":null,"private":false,"verified":false,"role":0,"followersCount":0,"followingCount":0,"postCount":0}}"
16:12:21.010 [main] DEBUG org.apache.http.headers -- http-outgoing-65 << HTTP/1.1 200 OK
16:12:21.010 [main] DEBUG org.apache.http.headers -- http-outgoing-65 << X-Powered-By: Express
16:12:21.010 [main] DEBUG org.apache.http.headers -- http-outgoing-65 << Access-Control-Allow-Origin: *
16:12:21.010 [main] DEBUG org.apache.http.headers -- http-outgoing-65 << Content-Type: application/json; charset=utf-8
16:12:21.010 [main] DEBUG org.apache.http.headers -- http-outgoing-65 << Content-Length: 607
16:12:21.010 [main] DEBUG org.apache.http.headers -- http-outgoing-65 << ETag: W/"25f-rouIHsdSCnK6NEM4zQc7kH9C6Ac"
16:12:21.010 [main] DEBUG org.apache.http.headers -- http-outgoing-65 << Date: Tue, 24 Jun 2025 09:12:21 GMT
16:12:21.010 [main] DEBUG org.apache.http.headers -- http-outgoing-65 << Connection: keep-alive
16:12:21.010 [main] DEBUG org.apache.http.headers -- http-outgoing-65 << Keep-Alive: timeout=5
16:12:21.010 [main] DEBUG org.apache.http.impl.execchain.MainClientExec -- Connection can be kept alive for 5000 MILLISECONDS
16:12:21.010 [main] DEBUG org.apache.http.impl.conn.PoolingHttpClientConnectionManager -- Connection [id: 65][route: {}->http://localhost:3000] can be kept alive for 5.0 seconds
16:12:21.010 [main] DEBUG org.apache.http.impl.conn.DefaultManagedHttpClientConnection -- http-outgoing-65: set socket timeout to 0
16:12:21.010 [main] DEBUG org.apache.http.impl.conn.PoolingHttpClientConnectionManager -- Connection released: [id: 65][route: {}->http://localhost:3000][total available: 1; route allocated: 1 of 5; total allocated: 1 of 10]
16:12:21.010 [main] DEBUG org.apache.http.impl.conn.PoolingHttpClientConnectionManager -- Connection manager is shutting down
16:12:21.011 [main] DEBUG org.apache.http.impl.conn.DefaultManagedHttpClientConnection -- http-outgoing-65: Close connection
16:12:21.011 [main] DEBUG org.apache.http.impl.conn.PoolingHttpClientConnectionManager -- Connection manager shut down
16:12:21.011 [main] DEBUG com.intuit.karate -- response time in milliseconds: 265
1 < 200
1 < X-Powered-By: Express
1 < Access-Control-Allow-Origin: *
1 < Content-Type: application/json; charset=utf-8
1 < Content-Length: 607
1 < ETag: W/"25f-rouIHsdSCnK6NEM4zQc7kH9C6Ac"
1 < Date: Tue, 24 Jun 2025 09:12:21 GMT
1 < Connection: keep-alive
1 < Keep-Alive: timeout=5
{"access_token":"eyJhbGciOiJIUzI1NiIsInR5cCI6IkpXVCJ9.eyJzdWIiOiI5YTI2OTc2Yy0xNTMyLTRkZjMtYTE2ZS03NjMxNTI1Yzg1MDIiLCJ1c2VybmFtZSI6ImpvaG5kb2UyZDUiLCJyb2xlIjowLCJpYXQiOjE3NTA3NTYzNDAsImV4cCI6MTc1MDc1OTk0MH0.CSoUCB06i-Prn0wD1et7f_-4_YlNJWsi3NZzGk7M6dM","refresh_token":"d901a3379e380f76c15f2be930b24684d2df9acc52f1b56a7c324a446cc2d01c","user":{"id":"9a26976c-1532-4df3-a16e-7631525c8502","email":"testit4@gmail.com","username":"johndoe2d5","name":"John Doe","phoneNumber":"0123456212","profilePic":null,"bio":null,"private":false,"verified":false,"role":0,"followersCount":0,"followingCount":0,"postCount":0}}

16:12:21.011 [main] INFO com.intuit.karate -- [print] *** AFTER API CALL *** Status: 200 
16:12:21.013 [main] INFO com.intuit.karate -- [print] ### API CALL COMPLETED ### Email: testit4@gmail.com Status: 200 
16:12:21.013 [main] INFO com.intuit.karate -- [print] ### RESPONSE BODY ### {
  "access_token": "eyJhbGciOiJIUzI1NiIsInR5cCI6IkpXVCJ9.eyJzdWIiOiI5YTI2OTc2Yy0xNTMyLTRkZjMtYTE2ZS03NjMxNTI1Yzg1MDIiLCJ1c2VybmFtZSI6ImpvaG5kb2UyZDUiLCJyb2xlIjowLCJpYXQiOjE3NTA3NTYzNDAsImV4cCI6MTc1MDc1OTk0MH0.CSoUCB06i-Prn0wD1et7f_-4_YlNJWsi3NZzGk7M6dM",
  "refresh_token": "d901a3379e380f76c15f2be930b24684d2df9acc52f1b56a7c324a446cc2d01c",
  "user": {
    "id": "9a26976c-1532-4df3-a16e-7631525c8502",
    "email": "testit4@gmail.com",
    "username": "johndoe2d5",
    "name": "John Doe",
    "phoneNumber": "0123456212",
    "profilePic": null,
    "bio": null,
    "private": false,
    "verified": false,
    "role": 0,
    "followersCount": 0,
    "followingCount": 0,
    "postCount": 0
  }
}
 
16:12:21.014 [main] INFO com.intuit.karate -- Request #66 completed - Status: 200 Time: 272ms 
16:12:21.014 [main] INFO com.intuit.karate -- *** SEQUENTIAL REQUEST #67 *** 
16:12:21.014 [main] INFO com.intuit.karate -- User: testit3@gmail.com 
16:12:21.017 [main] INFO com.intuit.karate -- [print] *** BEFORE API CALL *** Email: testit3@gmail.com URL: http://localhost:3000/auth/login 
16:12:21.017 [main] DEBUG com.jayway.jsonpath.internal.path.CompiledPath -- Evaluating path: $
16:12:21.018 [main] INFO com.intuit.karate -- [print] *** SENDING REQUEST *** Body: {
  "email": "#(email)",
  "password": "#(password)"
}
 
16:12:21.018 [main] DEBUG org.apache.http.client.protocol.RequestAddCookies -- CookieSpec selected: karate
16:12:21.018 [main] DEBUG org.apache.http.client.protocol.RequestAuthCache -- Auth cache not set in the context
16:12:21.018 [main] DEBUG com.intuit.karate -- request:
1 > POST http://localhost:3000/auth/login
1 > Content-Type: application/json; charset=UTF-8
1 > Content-Length: 54
1 > Host: localhost:3000
1 > Connection: Keep-Alive
1 > User-Agent: Apache-HttpClient/4.5.14 (Java/17.0.9)
1 > Accept-Encoding: gzip,deflate
{"email":"testit3@gmail.com","password":"Password123"}

16:12:21.019 [main] DEBUG org.apache.http.impl.conn.PoolingHttpClientConnectionManager -- Connection request: [route: {}->http://localhost:3000][total available: 0; route allocated: 0 of 5; total allocated: 0 of 10]
16:12:21.019 [main] DEBUG org.apache.http.impl.conn.PoolingHttpClientConnectionManager -- Connection leased: [id: 66][route: {}->http://localhost:3000][total available: 0; route allocated: 1 of 5; total allocated: 1 of 10]
16:12:21.019 [main] DEBUG org.apache.http.impl.execchain.MainClientExec -- Opening connection {}->http://localhost:3000
16:12:21.019 [main] DEBUG org.apache.http.impl.conn.DefaultHttpClientConnectionOperator -- Connecting to localhost/127.0.0.1:3000
16:12:21.019 [main] DEBUG org.apache.http.impl.conn.DefaultHttpClientConnectionOperator -- Connection established 127.0.0.1:51110<->127.0.0.1:3000
16:12:21.019 [main] DEBUG org.apache.http.impl.conn.DefaultManagedHttpClientConnection -- http-outgoing-66: set socket timeout to 30000
16:12:21.019 [main] DEBUG org.apache.http.impl.execchain.MainClientExec -- Executing request POST /auth/login HTTP/1.1
16:12:21.019 [main] DEBUG org.apache.http.impl.execchain.MainClientExec -- Target auth state: UNCHALLENGED
16:12:21.019 [main] DEBUG org.apache.http.impl.execchain.MainClientExec -- Proxy auth state: UNCHALLENGED
16:12:21.020 [main] DEBUG org.apache.http.headers -- http-outgoing-66 >> POST /auth/login HTTP/1.1
16:12:21.020 [main] DEBUG org.apache.http.headers -- http-outgoing-66 >> Content-Type: application/json; charset=UTF-8
16:12:21.020 [main] DEBUG org.apache.http.headers -- http-outgoing-66 >> Content-Length: 54
16:12:21.020 [main] DEBUG org.apache.http.headers -- http-outgoing-66 >> Host: localhost:3000
16:12:21.020 [main] DEBUG org.apache.http.headers -- http-outgoing-66 >> Connection: Keep-Alive
16:12:21.020 [main] DEBUG org.apache.http.headers -- http-outgoing-66 >> User-Agent: Apache-HttpClient/4.5.14 (Java/17.0.9)
16:12:21.020 [main] DEBUG org.apache.http.headers -- http-outgoing-66 >> Accept-Encoding: gzip,deflate
16:12:21.020 [main] DEBUG org.apache.http.wire -- http-outgoing-66 >> "POST /auth/login HTTP/1.1[\r][\n]"
16:12:21.020 [main] DEBUG org.apache.http.wire -- http-outgoing-66 >> "Content-Type: application/json; charset=UTF-8[\r][\n]"
16:12:21.020 [main] DEBUG org.apache.http.wire -- http-outgoing-66 >> "Content-Length: 54[\r][\n]"
16:12:21.020 [main] DEBUG org.apache.http.wire -- http-outgoing-66 >> "Host: localhost:3000[\r][\n]"
16:12:21.020 [main] DEBUG org.apache.http.wire -- http-outgoing-66 >> "Connection: Keep-Alive[\r][\n]"
16:12:21.020 [main] DEBUG org.apache.http.wire -- http-outgoing-66 >> "User-Agent: Apache-HttpClient/4.5.14 (Java/17.0.9)[\r][\n]"
16:12:21.020 [main] DEBUG org.apache.http.wire -- http-outgoing-66 >> "Accept-Encoding: gzip,deflate[\r][\n]"
16:12:21.020 [main] DEBUG org.apache.http.wire -- http-outgoing-66 >> "[\r][\n]"
16:12:21.020 [main] DEBUG org.apache.http.wire -- http-outgoing-66 >> "{"email":"testit3@gmail.com","password":"Password123"}"
16:12:21.288 [main] DEBUG org.apache.http.wire -- http-outgoing-66 << "HTTP/1.1 200 OK[\r][\n]"
16:12:21.288 [main] DEBUG org.apache.http.wire -- http-outgoing-66 << "X-Powered-By: Express[\r][\n]"
16:12:21.288 [main] DEBUG org.apache.http.wire -- http-outgoing-66 << "Access-Control-Allow-Origin: *[\r][\n]"
16:12:21.288 [main] DEBUG org.apache.http.wire -- http-outgoing-66 << "Content-Type: application/json; charset=utf-8[\r][\n]"
16:12:21.288 [main] DEBUG org.apache.http.wire -- http-outgoing-66 << "Content-Length: 605[\r][\n]"
16:12:21.288 [main] DEBUG org.apache.http.wire -- http-outgoing-66 << "ETag: W/"25d-glJE8566XqhqEplx4jQOZjLfSmk"[\r][\n]"
16:12:21.288 [main] DEBUG org.apache.http.wire -- http-outgoing-66 << "Date: Tue, 24 Jun 2025 09:12:21 GMT[\r][\n]"
16:12:21.288 [main] DEBUG org.apache.http.wire -- http-outgoing-66 << "Connection: keep-alive[\r][\n]"
16:12:21.288 [main] DEBUG org.apache.http.wire -- http-outgoing-66 << "Keep-Alive: timeout=5[\r][\n]"
16:12:21.288 [main] DEBUG org.apache.http.wire -- http-outgoing-66 << "[\r][\n]"
16:12:21.288 [main] DEBUG org.apache.http.wire -- http-outgoing-66 << "{"access_token":"eyJhbGciOiJIUzI1NiIsInR5cCI6IkpXVCJ9.eyJzdWIiOiI2NTBjZTFlZC1hYWNhLTQzOGYtOTk4OC0xZjA1OGFiNWFhMWEiLCJ1c2VybmFtZSI6ImpvaG5kb2UyNSIsInJvbGUiOjAsImlhdCI6MTc1MDc1NjM0MSwiZXhwIjoxNzUwNzU5OTQxfQ.6gdI1gtq2lOd-a0QvTSgPrr-q5MDCSSdaJlLc0wFF-0","refresh_token":"2b8c4aaf6b27f5aeeb852795702a84c4ecebbea9ce15bab02ded4500815653c2","user":{"id":"650ce1ed-aaca-438f-9988-1f058ab5aa1a","email":"testit3@gmail.com","username":"johndoe25","name":"John Doe","phoneNumber":"0123456713","profilePic":null,"bio":null,"private":false,"verified":false,"role":0,"followersCount":0,"followingCount":0,"postCount":0}}"
16:12:21.288 [main] DEBUG org.apache.http.headers -- http-outgoing-66 << HTTP/1.1 200 OK
16:12:21.288 [main] DEBUG org.apache.http.headers -- http-outgoing-66 << X-Powered-By: Express
16:12:21.288 [main] DEBUG org.apache.http.headers -- http-outgoing-66 << Access-Control-Allow-Origin: *
16:12:21.288 [main] DEBUG org.apache.http.headers -- http-outgoing-66 << Content-Type: application/json; charset=utf-8
16:12:21.288 [main] DEBUG org.apache.http.headers -- http-outgoing-66 << Content-Length: 605
16:12:21.288 [main] DEBUG org.apache.http.headers -- http-outgoing-66 << ETag: W/"25d-glJE8566XqhqEplx4jQOZjLfSmk"
16:12:21.288 [main] DEBUG org.apache.http.headers -- http-outgoing-66 << Date: Tue, 24 Jun 2025 09:12:21 GMT
16:12:21.288 [main] DEBUG org.apache.http.headers -- http-outgoing-66 << Connection: keep-alive
16:12:21.288 [main] DEBUG org.apache.http.headers -- http-outgoing-66 << Keep-Alive: timeout=5
16:12:21.288 [main] DEBUG org.apache.http.impl.execchain.MainClientExec -- Connection can be kept alive for 5000 MILLISECONDS
16:12:21.288 [main] DEBUG org.apache.http.impl.conn.PoolingHttpClientConnectionManager -- Connection [id: 66][route: {}->http://localhost:3000] can be kept alive for 5.0 seconds
16:12:21.288 [main] DEBUG org.apache.http.impl.conn.DefaultManagedHttpClientConnection -- http-outgoing-66: set socket timeout to 0
16:12:21.288 [main] DEBUG org.apache.http.impl.conn.PoolingHttpClientConnectionManager -- Connection released: [id: 66][route: {}->http://localhost:3000][total available: 1; route allocated: 1 of 5; total allocated: 1 of 10]
16:12:21.288 [main] DEBUG org.apache.http.impl.conn.PoolingHttpClientConnectionManager -- Connection manager is shutting down
16:12:21.288 [main] DEBUG org.apache.http.impl.conn.DefaultManagedHttpClientConnection -- http-outgoing-66: Close connection
16:12:21.288 [main] DEBUG org.apache.http.impl.conn.PoolingHttpClientConnectionManager -- Connection manager shut down
16:12:21.288 [main] DEBUG com.intuit.karate -- response time in milliseconds: 270
1 < 200
1 < X-Powered-By: Express
1 < Access-Control-Allow-Origin: *
1 < Content-Type: application/json; charset=utf-8
1 < Content-Length: 605
1 < ETag: W/"25d-glJE8566XqhqEplx4jQOZjLfSmk"
1 < Date: Tue, 24 Jun 2025 09:12:21 GMT
1 < Connection: keep-alive
1 < Keep-Alive: timeout=5
{"access_token":"eyJhbGciOiJIUzI1NiIsInR5cCI6IkpXVCJ9.eyJzdWIiOiI2NTBjZTFlZC1hYWNhLTQzOGYtOTk4OC0xZjA1OGFiNWFhMWEiLCJ1c2VybmFtZSI6ImpvaG5kb2UyNSIsInJvbGUiOjAsImlhdCI6MTc1MDc1NjM0MSwiZXhwIjoxNzUwNzU5OTQxfQ.6gdI1gtq2lOd-a0QvTSgPrr-q5MDCSSdaJlLc0wFF-0","refresh_token":"2b8c4aaf6b27f5aeeb852795702a84c4ecebbea9ce15bab02ded4500815653c2","user":{"id":"650ce1ed-aaca-438f-9988-1f058ab5aa1a","email":"testit3@gmail.com","username":"johndoe25","name":"John Doe","phoneNumber":"0123456713","profilePic":null,"bio":null,"private":false,"verified":false,"role":0,"followersCount":0,"followingCount":0,"postCount":0}}

16:12:21.289 [main] INFO com.intuit.karate -- [print] *** AFTER API CALL *** Status: 200 
16:12:21.289 [main] INFO com.intuit.karate -- [print] ### API CALL COMPLETED ### Email: testit3@gmail.com Status: 200 
16:12:21.289 [main] INFO com.intuit.karate -- [print] ### RESPONSE BODY ### {
  "access_token": "eyJhbGciOiJIUzI1NiIsInR5cCI6IkpXVCJ9.eyJzdWIiOiI2NTBjZTFlZC1hYWNhLTQzOGYtOTk4OC0xZjA1OGFiNWFhMWEiLCJ1c2VybmFtZSI6ImpvaG5kb2UyNSIsInJvbGUiOjAsImlhdCI6MTc1MDc1NjM0MSwiZXhwIjoxNzUwNzU5OTQxfQ.6gdI1gtq2lOd-a0QvTSgPrr-q5MDCSSdaJlLc0wFF-0",
  "refresh_token": "2b8c4aaf6b27f5aeeb852795702a84c4ecebbea9ce15bab02ded4500815653c2",
  "user": {
    "id": "650ce1ed-aaca-438f-9988-1f058ab5aa1a",
    "email": "testit3@gmail.com",
    "username": "johndoe25",
    "name": "John Doe",
    "phoneNumber": "0123456713",
    "profilePic": null,
    "bio": null,
    "private": false,
    "verified": false,
    "role": 0,
    "followersCount": 0,
    "followingCount": 0,
    "postCount": 0
  }
}
 
16:12:21.290 [main] INFO com.intuit.karate -- Request #67 completed - Status: 200 Time: 275ms 
16:12:21.290 [main] INFO com.intuit.karate -- *** SEQUENTIAL REQUEST #68 *** 
16:12:21.290 [main] INFO com.intuit.karate -- User: testit5@gmail.com 
16:12:21.293 [main] INFO com.intuit.karate -- [print] *** BEFORE API CALL *** Email: testit5@gmail.com URL: http://localhost:3000/auth/login 
16:12:21.293 [main] DEBUG com.jayway.jsonpath.internal.path.CompiledPath -- Evaluating path: $
16:12:21.293 [main] INFO com.intuit.karate -- [print] *** SENDING REQUEST *** Body: {
  "email": "#(email)",
  "password": "#(password)"
}
 
16:12:21.294 [main] DEBUG org.apache.http.client.protocol.RequestAddCookies -- CookieSpec selected: karate
16:12:21.294 [main] DEBUG org.apache.http.client.protocol.RequestAuthCache -- Auth cache not set in the context
16:12:21.294 [main] DEBUG com.intuit.karate -- request:
1 > POST http://localhost:3000/auth/login
1 > Content-Type: application/json; charset=UTF-8
1 > Content-Length: 54
1 > Host: localhost:3000
1 > Connection: Keep-Alive
1 > User-Agent: Apache-HttpClient/4.5.14 (Java/17.0.9)
1 > Accept-Encoding: gzip,deflate
{"email":"testit5@gmail.com","password":"Password123"}

16:12:21.294 [main] DEBUG org.apache.http.impl.conn.PoolingHttpClientConnectionManager -- Connection request: [route: {}->http://localhost:3000][total available: 0; route allocated: 0 of 5; total allocated: 0 of 10]
16:12:21.294 [main] DEBUG org.apache.http.impl.conn.PoolingHttpClientConnectionManager -- Connection leased: [id: 67][route: {}->http://localhost:3000][total available: 0; route allocated: 1 of 5; total allocated: 1 of 10]
16:12:21.294 [main] DEBUG org.apache.http.impl.execchain.MainClientExec -- Opening connection {}->http://localhost:3000
16:12:21.294 [main] DEBUG org.apache.http.impl.conn.DefaultHttpClientConnectionOperator -- Connecting to localhost/127.0.0.1:3000
16:12:21.295 [main] DEBUG org.apache.http.impl.conn.DefaultHttpClientConnectionOperator -- Connection established 127.0.0.1:51111<->127.0.0.1:3000
16:12:21.295 [main] DEBUG org.apache.http.impl.conn.DefaultManagedHttpClientConnection -- http-outgoing-67: set socket timeout to 30000
16:12:21.295 [main] DEBUG org.apache.http.impl.execchain.MainClientExec -- Executing request POST /auth/login HTTP/1.1
16:12:21.295 [main] DEBUG org.apache.http.impl.execchain.MainClientExec -- Target auth state: UNCHALLENGED
16:12:21.295 [main] DEBUG org.apache.http.impl.execchain.MainClientExec -- Proxy auth state: UNCHALLENGED
16:12:21.295 [main] DEBUG org.apache.http.headers -- http-outgoing-67 >> POST /auth/login HTTP/1.1
16:12:21.295 [main] DEBUG org.apache.http.headers -- http-outgoing-67 >> Content-Type: application/json; charset=UTF-8
16:12:21.295 [main] DEBUG org.apache.http.headers -- http-outgoing-67 >> Content-Length: 54
16:12:21.295 [main] DEBUG org.apache.http.headers -- http-outgoing-67 >> Host: localhost:3000
16:12:21.295 [main] DEBUG org.apache.http.headers -- http-outgoing-67 >> Connection: Keep-Alive
16:12:21.295 [main] DEBUG org.apache.http.headers -- http-outgoing-67 >> User-Agent: Apache-HttpClient/4.5.14 (Java/17.0.9)
16:12:21.295 [main] DEBUG org.apache.http.headers -- http-outgoing-67 >> Accept-Encoding: gzip,deflate
16:12:21.295 [main] DEBUG org.apache.http.wire -- http-outgoing-67 >> "POST /auth/login HTTP/1.1[\r][\n]"
16:12:21.295 [main] DEBUG org.apache.http.wire -- http-outgoing-67 >> "Content-Type: application/json; charset=UTF-8[\r][\n]"
16:12:21.295 [main] DEBUG org.apache.http.wire -- http-outgoing-67 >> "Content-Length: 54[\r][\n]"
16:12:21.295 [main] DEBUG org.apache.http.wire -- http-outgoing-67 >> "Host: localhost:3000[\r][\n]"
16:12:21.295 [main] DEBUG org.apache.http.wire -- http-outgoing-67 >> "Connection: Keep-Alive[\r][\n]"
16:12:21.295 [main] DEBUG org.apache.http.wire -- http-outgoing-67 >> "User-Agent: Apache-HttpClient/4.5.14 (Java/17.0.9)[\r][\n]"
16:12:21.295 [main] DEBUG org.apache.http.wire -- http-outgoing-67 >> "Accept-Encoding: gzip,deflate[\r][\n]"
16:12:21.295 [main] DEBUG org.apache.http.wire -- http-outgoing-67 >> "[\r][\n]"
16:12:21.295 [main] DEBUG org.apache.http.wire -- http-outgoing-67 >> "{"email":"testit5@gmail.com","password":"Password123"}"
16:12:21.566 [main] DEBUG org.apache.http.wire -- http-outgoing-67 << "HTTP/1.1 200 OK[\r][\n]"
16:12:21.566 [main] DEBUG org.apache.http.wire -- http-outgoing-67 << "X-Powered-By: Express[\r][\n]"
16:12:21.566 [main] DEBUG org.apache.http.wire -- http-outgoing-67 << "Access-Control-Allow-Origin: *[\r][\n]"
16:12:21.566 [main] DEBUG org.apache.http.wire -- http-outgoing-67 << "Content-Type: application/json; charset=utf-8[\r][\n]"
16:12:21.566 [main] DEBUG org.apache.http.wire -- http-outgoing-67 << "Content-Length: 609[\r][\n]"
16:12:21.566 [main] DEBUG org.apache.http.wire -- http-outgoing-67 << "ETag: W/"261-Lnxhm6+CtD03siaOgCQQu2iw6pE"[\r][\n]"
16:12:21.566 [main] DEBUG org.apache.http.wire -- http-outgoing-67 << "Date: Tue, 24 Jun 2025 09:12:21 GMT[\r][\n]"
16:12:21.566 [main] DEBUG org.apache.http.wire -- http-outgoing-67 << "Connection: keep-alive[\r][\n]"
16:12:21.566 [main] DEBUG org.apache.http.wire -- http-outgoing-67 << "Keep-Alive: timeout=5[\r][\n]"
16:12:21.566 [main] DEBUG org.apache.http.wire -- http-outgoing-67 << "[\r][\n]"
16:12:21.566 [main] DEBUG org.apache.http.wire -- http-outgoing-67 << "{"access_token":"eyJhbGciOiJIUzI1NiIsInR5cCI6IkpXVCJ9.eyJzdWIiOiIyNzJmNmI1NS01MTc5LTRhZTMtODU2My1iNGVjMTBmNzY3MTUiLCJ1c2VybmFtZSI6ImpvaG5kb2UyZDVkIiwicm9sZSI6MCwiaWF0IjoxNzUwNzU2MzQxLCJleHAiOjE3NTA3NTk5NDF9.gd6srae4XP2Q8-W0kwyYP0W3jdmXqMaBEzrSmQ2BfXQ","refresh_token":"d8824bcf3683105a1b20595aaacfbf53022714f9858482395e4297aada2277d3","user":{"id":"272f6b55-5179-4ae3-8563-b4ec10f76715","email":"testit5@gmail.com","username":"johndoe2d5d","name":"John Doe","phoneNumber":"0123456132","profilePic":null,"bio":null,"private":false,"verified":false,"role":0,"followersCount":0,"followingCount":0,"postCount":0}}"
16:12:21.566 [main] DEBUG org.apache.http.headers -- http-outgoing-67 << HTTP/1.1 200 OK
16:12:21.566 [main] DEBUG org.apache.http.headers -- http-outgoing-67 << X-Powered-By: Express
16:12:21.566 [main] DEBUG org.apache.http.headers -- http-outgoing-67 << Access-Control-Allow-Origin: *
16:12:21.566 [main] DEBUG org.apache.http.headers -- http-outgoing-67 << Content-Type: application/json; charset=utf-8
16:12:21.566 [main] DEBUG org.apache.http.headers -- http-outgoing-67 << Content-Length: 609
16:12:21.566 [main] DEBUG org.apache.http.headers -- http-outgoing-67 << ETag: W/"261-Lnxhm6+CtD03siaOgCQQu2iw6pE"
16:12:21.566 [main] DEBUG org.apache.http.headers -- http-outgoing-67 << Date: Tue, 24 Jun 2025 09:12:21 GMT
16:12:21.566 [main] DEBUG org.apache.http.headers -- http-outgoing-67 << Connection: keep-alive
16:12:21.566 [main] DEBUG org.apache.http.headers -- http-outgoing-67 << Keep-Alive: timeout=5
16:12:21.567 [main] DEBUG org.apache.http.impl.execchain.MainClientExec -- Connection can be kept alive for 5000 MILLISECONDS
16:12:21.567 [main] DEBUG org.apache.http.impl.conn.PoolingHttpClientConnectionManager -- Connection [id: 67][route: {}->http://localhost:3000] can be kept alive for 5.0 seconds
16:12:21.567 [main] DEBUG org.apache.http.impl.conn.DefaultManagedHttpClientConnection -- http-outgoing-67: set socket timeout to 0
16:12:21.567 [main] DEBUG org.apache.http.impl.conn.PoolingHttpClientConnectionManager -- Connection released: [id: 67][route: {}->http://localhost:3000][total available: 1; route allocated: 1 of 5; total allocated: 1 of 10]
16:12:21.567 [main] DEBUG org.apache.http.impl.conn.PoolingHttpClientConnectionManager -- Connection manager is shutting down
16:12:21.567 [main] DEBUG org.apache.http.impl.conn.DefaultManagedHttpClientConnection -- http-outgoing-67: Close connection
16:12:21.567 [main] DEBUG org.apache.http.impl.conn.PoolingHttpClientConnectionManager -- Connection manager shut down
16:12:21.567 [main] DEBUG com.intuit.karate -- response time in milliseconds: 273
1 < 200
1 < X-Powered-By: Express
1 < Access-Control-Allow-Origin: *
1 < Content-Type: application/json; charset=utf-8
1 < Content-Length: 609
1 < ETag: W/"261-Lnxhm6+CtD03siaOgCQQu2iw6pE"
1 < Date: Tue, 24 Jun 2025 09:12:21 GMT
1 < Connection: keep-alive
1 < Keep-Alive: timeout=5
{"access_token":"eyJhbGciOiJIUzI1NiIsInR5cCI6IkpXVCJ9.eyJzdWIiOiIyNzJmNmI1NS01MTc5LTRhZTMtODU2My1iNGVjMTBmNzY3MTUiLCJ1c2VybmFtZSI6ImpvaG5kb2UyZDVkIiwicm9sZSI6MCwiaWF0IjoxNzUwNzU2MzQxLCJleHAiOjE3NTA3NTk5NDF9.gd6srae4XP2Q8-W0kwyYP0W3jdmXqMaBEzrSmQ2BfXQ","refresh_token":"d8824bcf3683105a1b20595aaacfbf53022714f9858482395e4297aada2277d3","user":{"id":"272f6b55-5179-4ae3-8563-b4ec10f76715","email":"testit5@gmail.com","username":"johndoe2d5d","name":"John Doe","phoneNumber":"0123456132","profilePic":null,"bio":null,"private":false,"verified":false,"role":0,"followersCount":0,"followingCount":0,"postCount":0}}

16:12:21.567 [main] INFO com.intuit.karate -- [print] *** AFTER API CALL *** Status: 200 
16:12:21.567 [main] INFO com.intuit.karate -- [print] ### API CALL COMPLETED ### Email: testit5@gmail.com Status: 200 
16:12:21.567 [main] INFO com.intuit.karate -- [print] ### RESPONSE BODY ### {
  "access_token": "eyJhbGciOiJIUzI1NiIsInR5cCI6IkpXVCJ9.eyJzdWIiOiIyNzJmNmI1NS01MTc5LTRhZTMtODU2My1iNGVjMTBmNzY3MTUiLCJ1c2VybmFtZSI6ImpvaG5kb2UyZDVkIiwicm9sZSI6MCwiaWF0IjoxNzUwNzU2MzQxLCJleHAiOjE3NTA3NTk5NDF9.gd6srae4XP2Q8-W0kwyYP0W3jdmXqMaBEzrSmQ2BfXQ",
  "refresh_token": "d8824bcf3683105a1b20595aaacfbf53022714f9858482395e4297aada2277d3",
  "user": {
    "id": "272f6b55-5179-4ae3-8563-b4ec10f76715",
    "email": "testit5@gmail.com",
    "username": "johndoe2d5d",
    "name": "John Doe",
    "phoneNumber": "0123456132",
    "profilePic": null,
    "bio": null,
    "private": false,
    "verified": false,
    "role": 0,
    "followersCount": 0,
    "followingCount": 0,
    "postCount": 0
  }
}
 
16:12:21.568 [main] INFO com.intuit.karate -- Request #68 completed - Status: 200 Time: 278ms 
16:12:21.568 [main] INFO com.intuit.karate -- *** SEQUENTIAL REQUEST #69 *** 
16:12:21.568 [main] INFO com.intuit.karate -- User: testit@gmail.com 
16:12:21.573 [main] INFO com.intuit.karate -- [print] *** BEFORE API CALL *** Email: testit@gmail.com URL: http://localhost:3000/auth/login 
16:12:21.573 [main] DEBUG com.jayway.jsonpath.internal.path.CompiledPath -- Evaluating path: $
16:12:21.573 [main] INFO com.intuit.karate -- [print] *** SENDING REQUEST *** Body: {
  "email": "#(email)",
  "password": "#(password)"
}
 
16:12:21.574 [main] DEBUG org.apache.http.client.protocol.RequestAddCookies -- CookieSpec selected: karate
16:12:21.574 [main] DEBUG org.apache.http.client.protocol.RequestAuthCache -- Auth cache not set in the context
16:12:21.574 [main] DEBUG com.intuit.karate -- request:
1 > POST http://localhost:3000/auth/login
1 > Content-Type: application/json; charset=UTF-8
1 > Content-Length: 53
1 > Host: localhost:3000
1 > Connection: Keep-Alive
1 > User-Agent: Apache-HttpClient/4.5.14 (Java/17.0.9)
1 > Accept-Encoding: gzip,deflate
{"email":"testit@gmail.com","password":"Password123"}

16:12:21.574 [main] DEBUG org.apache.http.impl.conn.PoolingHttpClientConnectionManager -- Connection request: [route: {}->http://localhost:3000][total available: 0; route allocated: 0 of 5; total allocated: 0 of 10]
16:12:21.574 [main] DEBUG org.apache.http.impl.conn.PoolingHttpClientConnectionManager -- Connection leased: [id: 68][route: {}->http://localhost:3000][total available: 0; route allocated: 1 of 5; total allocated: 1 of 10]
16:12:21.574 [main] DEBUG org.apache.http.impl.execchain.MainClientExec -- Opening connection {}->http://localhost:3000
16:12:21.574 [main] DEBUG org.apache.http.impl.conn.DefaultHttpClientConnectionOperator -- Connecting to localhost/127.0.0.1:3000
16:12:21.575 [main] DEBUG org.apache.http.impl.conn.DefaultHttpClientConnectionOperator -- Connection established 127.0.0.1:51112<->127.0.0.1:3000
16:12:21.575 [main] DEBUG org.apache.http.impl.conn.DefaultManagedHttpClientConnection -- http-outgoing-68: set socket timeout to 30000
16:12:21.575 [main] DEBUG org.apache.http.impl.execchain.MainClientExec -- Executing request POST /auth/login HTTP/1.1
16:12:21.575 [main] DEBUG org.apache.http.impl.execchain.MainClientExec -- Target auth state: UNCHALLENGED
16:12:21.575 [main] DEBUG org.apache.http.impl.execchain.MainClientExec -- Proxy auth state: UNCHALLENGED
16:12:21.575 [main] DEBUG org.apache.http.headers -- http-outgoing-68 >> POST /auth/login HTTP/1.1
16:12:21.575 [main] DEBUG org.apache.http.headers -- http-outgoing-68 >> Content-Type: application/json; charset=UTF-8
16:12:21.575 [main] DEBUG org.apache.http.headers -- http-outgoing-68 >> Content-Length: 53
16:12:21.575 [main] DEBUG org.apache.http.headers -- http-outgoing-68 >> Host: localhost:3000
16:12:21.575 [main] DEBUG org.apache.http.headers -- http-outgoing-68 >> Connection: Keep-Alive
16:12:21.575 [main] DEBUG org.apache.http.headers -- http-outgoing-68 >> User-Agent: Apache-HttpClient/4.5.14 (Java/17.0.9)
16:12:21.575 [main] DEBUG org.apache.http.headers -- http-outgoing-68 >> Accept-Encoding: gzip,deflate
16:12:21.575 [main] DEBUG org.apache.http.wire -- http-outgoing-68 >> "POST /auth/login HTTP/1.1[\r][\n]"
16:12:21.575 [main] DEBUG org.apache.http.wire -- http-outgoing-68 >> "Content-Type: application/json; charset=UTF-8[\r][\n]"
16:12:21.575 [main] DEBUG org.apache.http.wire -- http-outgoing-68 >> "Content-Length: 53[\r][\n]"
16:12:21.575 [main] DEBUG org.apache.http.wire -- http-outgoing-68 >> "Host: localhost:3000[\r][\n]"
16:12:21.575 [main] DEBUG org.apache.http.wire -- http-outgoing-68 >> "Connection: Keep-Alive[\r][\n]"
16:12:21.575 [main] DEBUG org.apache.http.wire -- http-outgoing-68 >> "User-Agent: Apache-HttpClient/4.5.14 (Java/17.0.9)[\r][\n]"
16:12:21.575 [main] DEBUG org.apache.http.wire -- http-outgoing-68 >> "Accept-Encoding: gzip,deflate[\r][\n]"
16:12:21.575 [main] DEBUG org.apache.http.wire -- http-outgoing-68 >> "[\r][\n]"
16:12:21.575 [main] DEBUG org.apache.http.wire -- http-outgoing-68 >> "{"email":"testit@gmail.com","password":"Password123"}"
16:12:21.868 [main] DEBUG org.apache.http.wire -- http-outgoing-68 << "HTTP/1.1 200 OK[\r][\n]"
16:12:21.868 [main] DEBUG org.apache.http.wire -- http-outgoing-68 << "X-Powered-By: Express[\r][\n]"
16:12:21.868 [main] DEBUG org.apache.http.wire -- http-outgoing-68 << "Access-Control-Allow-Origin: *[\r][\n]"
16:12:21.868 [main] DEBUG org.apache.http.wire -- http-outgoing-68 << "Content-Type: application/json; charset=utf-8[\r][\n]"
16:12:21.868 [main] DEBUG org.apache.http.wire -- http-outgoing-68 << "Content-Length: 604[\r][\n]"
16:12:21.869 [main] DEBUG org.apache.http.wire -- http-outgoing-68 << "ETag: W/"25c-y/H94OVATKd+7n22sNTTN9SOymk"[\r][\n]"
16:12:21.869 [main] DEBUG org.apache.http.wire -- http-outgoing-68 << "Date: Tue, 24 Jun 2025 09:12:21 GMT[\r][\n]"
16:12:21.869 [main] DEBUG org.apache.http.wire -- http-outgoing-68 << "Connection: keep-alive[\r][\n]"
16:12:21.869 [main] DEBUG org.apache.http.wire -- http-outgoing-68 << "Keep-Alive: timeout=5[\r][\n]"
16:12:21.869 [main] DEBUG org.apache.http.wire -- http-outgoing-68 << "[\r][\n]"
16:12:21.869 [main] DEBUG org.apache.http.wire -- http-outgoing-68 << "{"access_token":"eyJhbGciOiJIUzI1NiIsInR5cCI6IkpXVCJ9.eyJzdWIiOiJkZjZmMDkxOS1hMjNkLTQ0YzktYTkyNS00ZWE4YmU1MjVkMTAiLCJ1c2VybmFtZSI6ImpvaG5kb2UyMyIsInJvbGUiOjAsImlhdCI6MTc1MDc1NjM0MSwiZXhwIjoxNzUwNzU5OTQxfQ.Mr9GeNEPA1Hgr9EsmPBTNIgxVowNxE5eI2Ra5lkCNHQ","refresh_token":"6fb54d58fb76cdb755a8a0a695522341815efd849ebc8cc188a2b74db7614cc3","user":{"id":"df6f0919-a23d-44c9-a925-4ea8be525d10","email":"testit@gmail.com","username":"johndoe23","name":"John Doe","phoneNumber":"0123456788","profilePic":null,"bio":null,"private":false,"verified":false,"role":0,"followersCount":0,"followingCount":0,"postCount":0}}"
16:12:21.869 [main] DEBUG org.apache.http.headers -- http-outgoing-68 << HTTP/1.1 200 OK
16:12:21.869 [main] DEBUG org.apache.http.headers -- http-outgoing-68 << X-Powered-By: Express
16:12:21.869 [main] DEBUG org.apache.http.headers -- http-outgoing-68 << Access-Control-Allow-Origin: *
16:12:21.869 [main] DEBUG org.apache.http.headers -- http-outgoing-68 << Content-Type: application/json; charset=utf-8
16:12:21.869 [main] DEBUG org.apache.http.headers -- http-outgoing-68 << Content-Length: 604
16:12:21.869 [main] DEBUG org.apache.http.headers -- http-outgoing-68 << ETag: W/"25c-y/H94OVATKd+7n22sNTTN9SOymk"
16:12:21.869 [main] DEBUG org.apache.http.headers -- http-outgoing-68 << Date: Tue, 24 Jun 2025 09:12:21 GMT
16:12:21.869 [main] DEBUG org.apache.http.headers -- http-outgoing-68 << Connection: keep-alive
16:12:21.869 [main] DEBUG org.apache.http.headers -- http-outgoing-68 << Keep-Alive: timeout=5
16:12:21.869 [main] DEBUG org.apache.http.impl.execchain.MainClientExec -- Connection can be kept alive for 5000 MILLISECONDS
16:12:21.869 [main] DEBUG org.apache.http.impl.conn.PoolingHttpClientConnectionManager -- Connection [id: 68][route: {}->http://localhost:3000] can be kept alive for 5.0 seconds
16:12:21.869 [main] DEBUG org.apache.http.impl.conn.DefaultManagedHttpClientConnection -- http-outgoing-68: set socket timeout to 0
16:12:21.869 [main] DEBUG org.apache.http.impl.conn.PoolingHttpClientConnectionManager -- Connection released: [id: 68][route: {}->http://localhost:3000][total available: 1; route allocated: 1 of 5; total allocated: 1 of 10]
16:12:21.869 [main] DEBUG org.apache.http.impl.conn.PoolingHttpClientConnectionManager -- Connection manager is shutting down
16:12:21.869 [main] DEBUG org.apache.http.impl.conn.DefaultManagedHttpClientConnection -- http-outgoing-68: Close connection
16:12:21.869 [main] DEBUG org.apache.http.impl.conn.PoolingHttpClientConnectionManager -- Connection manager shut down
16:12:21.869 [main] DEBUG com.intuit.karate -- response time in milliseconds: 295
1 < 200
1 < X-Powered-By: Express
1 < Access-Control-Allow-Origin: *
1 < Content-Type: application/json; charset=utf-8
1 < Content-Length: 604
1 < ETag: W/"25c-y/H94OVATKd+7n22sNTTN9SOymk"
1 < Date: Tue, 24 Jun 2025 09:12:21 GMT
1 < Connection: keep-alive
1 < Keep-Alive: timeout=5
{"access_token":"eyJhbGciOiJIUzI1NiIsInR5cCI6IkpXVCJ9.eyJzdWIiOiJkZjZmMDkxOS1hMjNkLTQ0YzktYTkyNS00ZWE4YmU1MjVkMTAiLCJ1c2VybmFtZSI6ImpvaG5kb2UyMyIsInJvbGUiOjAsImlhdCI6MTc1MDc1NjM0MSwiZXhwIjoxNzUwNzU5OTQxfQ.Mr9GeNEPA1Hgr9EsmPBTNIgxVowNxE5eI2Ra5lkCNHQ","refresh_token":"6fb54d58fb76cdb755a8a0a695522341815efd849ebc8cc188a2b74db7614cc3","user":{"id":"df6f0919-a23d-44c9-a925-4ea8be525d10","email":"testit@gmail.com","username":"johndoe23","name":"John Doe","phoneNumber":"0123456788","profilePic":null,"bio":null,"private":false,"verified":false,"role":0,"followersCount":0,"followingCount":0,"postCount":0}}

16:12:21.870 [main] INFO com.intuit.karate -- [print] *** AFTER API CALL *** Status: 200 
16:12:21.870 [main] INFO com.intuit.karate -- [print] ### API CALL COMPLETED ### Email: testit@gmail.com Status: 200 
16:12:21.870 [main] INFO com.intuit.karate -- [print] ### RESPONSE BODY ### {
  "access_token": "eyJhbGciOiJIUzI1NiIsInR5cCI6IkpXVCJ9.eyJzdWIiOiJkZjZmMDkxOS1hMjNkLTQ0YzktYTkyNS00ZWE4YmU1MjVkMTAiLCJ1c2VybmFtZSI6ImpvaG5kb2UyMyIsInJvbGUiOjAsImlhdCI6MTc1MDc1NjM0MSwiZXhwIjoxNzUwNzU5OTQxfQ.Mr9GeNEPA1Hgr9EsmPBTNIgxVowNxE5eI2Ra5lkCNHQ",
  "refresh_token": "6fb54d58fb76cdb755a8a0a695522341815efd849ebc8cc188a2b74db7614cc3",
  "user": {
    "id": "df6f0919-a23d-44c9-a925-4ea8be525d10",
    "email": "testit@gmail.com",
    "username": "johndoe23",
    "name": "John Doe",
    "phoneNumber": "0123456788",
    "profilePic": null,
    "bio": null,
    "private": false,
    "verified": false,
    "role": 0,
    "followersCount": 0,
    "followingCount": 0,
    "postCount": 0
  }
}
 
16:12:21.871 [main] INFO com.intuit.karate -- Request #69 completed - Status: 200 Time: 302ms 
16:12:21.871 [main] INFO com.intuit.karate -- *** SEQUENTIAL REQUEST #70 *** 
16:12:21.871 [main] INFO com.intuit.karate -- User: testit2@gmail.com 
16:12:21.874 [main] INFO com.intuit.karate -- [print] *** BEFORE API CALL *** Email: testit2@gmail.com URL: http://localhost:3000/auth/login 
16:12:21.874 [main] DEBUG com.jayway.jsonpath.internal.path.CompiledPath -- Evaluating path: $
16:12:21.874 [main] INFO com.intuit.karate -- [print] *** SENDING REQUEST *** Body: {
  "email": "#(email)",
  "password": "#(password)"
}
 
16:12:21.876 [main] DEBUG org.apache.http.client.protocol.RequestAddCookies -- CookieSpec selected: karate
16:12:21.876 [main] DEBUG org.apache.http.client.protocol.RequestAuthCache -- Auth cache not set in the context
16:12:21.876 [main] DEBUG com.intuit.karate -- request:
1 > POST http://localhost:3000/auth/login
1 > Content-Type: application/json; charset=UTF-8
1 > Content-Length: 54
1 > Host: localhost:3000
1 > Connection: Keep-Alive
1 > User-Agent: Apache-HttpClient/4.5.14 (Java/17.0.9)
1 > Accept-Encoding: gzip,deflate
{"email":"testit2@gmail.com","password":"Password123"}

16:12:21.876 [main] DEBUG org.apache.http.impl.conn.PoolingHttpClientConnectionManager -- Connection request: [route: {}->http://localhost:3000][total available: 0; route allocated: 0 of 5; total allocated: 0 of 10]
16:12:21.876 [main] DEBUG org.apache.http.impl.conn.PoolingHttpClientConnectionManager -- Connection leased: [id: 69][route: {}->http://localhost:3000][total available: 0; route allocated: 1 of 5; total allocated: 1 of 10]
16:12:21.876 [main] DEBUG org.apache.http.impl.execchain.MainClientExec -- Opening connection {}->http://localhost:3000
16:12:21.876 [main] DEBUG org.apache.http.impl.conn.DefaultHttpClientConnectionOperator -- Connecting to localhost/127.0.0.1:3000
16:12:21.876 [main] DEBUG org.apache.http.impl.conn.DefaultHttpClientConnectionOperator -- Connection established 127.0.0.1:51113<->127.0.0.1:3000
16:12:21.876 [main] DEBUG org.apache.http.impl.conn.DefaultManagedHttpClientConnection -- http-outgoing-69: set socket timeout to 30000
16:12:21.876 [main] DEBUG org.apache.http.impl.execchain.MainClientExec -- Executing request POST /auth/login HTTP/1.1
16:12:21.876 [main] DEBUG org.apache.http.impl.execchain.MainClientExec -- Target auth state: UNCHALLENGED
16:12:21.876 [main] DEBUG org.apache.http.impl.execchain.MainClientExec -- Proxy auth state: UNCHALLENGED
16:12:21.876 [main] DEBUG org.apache.http.headers -- http-outgoing-69 >> POST /auth/login HTTP/1.1
16:12:21.876 [main] DEBUG org.apache.http.headers -- http-outgoing-69 >> Content-Type: application/json; charset=UTF-8
16:12:21.876 [main] DEBUG org.apache.http.headers -- http-outgoing-69 >> Content-Length: 54
16:12:21.876 [main] DEBUG org.apache.http.headers -- http-outgoing-69 >> Host: localhost:3000
16:12:21.876 [main] DEBUG org.apache.http.headers -- http-outgoing-69 >> Connection: Keep-Alive
16:12:21.876 [main] DEBUG org.apache.http.headers -- http-outgoing-69 >> User-Agent: Apache-HttpClient/4.5.14 (Java/17.0.9)
16:12:21.876 [main] DEBUG org.apache.http.headers -- http-outgoing-69 >> Accept-Encoding: gzip,deflate
16:12:21.876 [main] DEBUG org.apache.http.wire -- http-outgoing-69 >> "POST /auth/login HTTP/1.1[\r][\n]"
16:12:21.876 [main] DEBUG org.apache.http.wire -- http-outgoing-69 >> "Content-Type: application/json; charset=UTF-8[\r][\n]"
16:12:21.876 [main] DEBUG org.apache.http.wire -- http-outgoing-69 >> "Content-Length: 54[\r][\n]"
16:12:21.876 [main] DEBUG org.apache.http.wire -- http-outgoing-69 >> "Host: localhost:3000[\r][\n]"
16:12:21.876 [main] DEBUG org.apache.http.wire -- http-outgoing-69 >> "Connection: Keep-Alive[\r][\n]"
16:12:21.876 [main] DEBUG org.apache.http.wire -- http-outgoing-69 >> "User-Agent: Apache-HttpClient/4.5.14 (Java/17.0.9)[\r][\n]"
16:12:21.876 [main] DEBUG org.apache.http.wire -- http-outgoing-69 >> "Accept-Encoding: gzip,deflate[\r][\n]"
16:12:21.876 [main] DEBUG org.apache.http.wire -- http-outgoing-69 >> "[\r][\n]"
16:12:21.876 [main] DEBUG org.apache.http.wire -- http-outgoing-69 >> "{"email":"testit2@gmail.com","password":"Password123"}"
16:12:22.147 [main] DEBUG org.apache.http.wire -- http-outgoing-69 << "HTTP/1.1 200 OK[\r][\n]"
16:12:22.147 [main] DEBUG org.apache.http.wire -- http-outgoing-69 << "X-Powered-By: Express[\r][\n]"
16:12:22.147 [main] DEBUG org.apache.http.wire -- http-outgoing-69 << "Access-Control-Allow-Origin: *[\r][\n]"
16:12:22.147 [main] DEBUG org.apache.http.wire -- http-outgoing-69 << "Content-Type: application/json; charset=utf-8[\r][\n]"
16:12:22.147 [main] DEBUG org.apache.http.wire -- http-outgoing-69 << "Content-Length: 605[\r][\n]"
16:12:22.147 [main] DEBUG org.apache.http.wire -- http-outgoing-69 << "ETag: W/"25d-GaOAQLx5vJt8AYmdv6WV9TBAdqs"[\r][\n]"
16:12:22.147 [main] DEBUG org.apache.http.wire -- http-outgoing-69 << "Date: Tue, 24 Jun 2025 09:12:22 GMT[\r][\n]"
16:12:22.147 [main] DEBUG org.apache.http.wire -- http-outgoing-69 << "Connection: keep-alive[\r][\n]"
16:12:22.147 [main] DEBUG org.apache.http.wire -- http-outgoing-69 << "Keep-Alive: timeout=5[\r][\n]"
16:12:22.147 [main] DEBUG org.apache.http.wire -- http-outgoing-69 << "[\r][\n]"
16:12:22.147 [main] DEBUG org.apache.http.wire -- http-outgoing-69 << "{"access_token":"eyJhbGciOiJIUzI1NiIsInR5cCI6IkpXVCJ9.eyJzdWIiOiIwYTM3ZWY0My1mZWU4LTQxZDMtYTY4Ni04YWIwODY5NDg2OTUiLCJ1c2VybmFtZSI6ImpvaG5kb2UyMSIsInJvbGUiOjAsImlhdCI6MTc1MDc1NjM0MiwiZXhwIjoxNzUwNzU5OTQyfQ.DxAlx8Z44rU1n3KA_7Z3AK5g8xFLcEv32WYP1SaqUBk","refresh_token":"f938da0c8c56373c6f59a4f2fc912297b79e1763014527bc6db70f0778492ffd","user":{"id":"0a37ef43-fee8-41d3-a686-8ab086948695","email":"testit2@gmail.com","username":"johndoe21","name":"John Doe","phoneNumber":"0123456712","profilePic":null,"bio":null,"private":false,"verified":false,"role":0,"followersCount":0,"followingCount":0,"postCount":0}}"
16:12:22.147 [main] DEBUG org.apache.http.headers -- http-outgoing-69 << HTTP/1.1 200 OK
16:12:22.147 [main] DEBUG org.apache.http.headers -- http-outgoing-69 << X-Powered-By: Express
16:12:22.147 [main] DEBUG org.apache.http.headers -- http-outgoing-69 << Access-Control-Allow-Origin: *
16:12:22.147 [main] DEBUG org.apache.http.headers -- http-outgoing-69 << Content-Type: application/json; charset=utf-8
16:12:22.147 [main] DEBUG org.apache.http.headers -- http-outgoing-69 << Content-Length: 605
16:12:22.147 [main] DEBUG org.apache.http.headers -- http-outgoing-69 << ETag: W/"25d-GaOAQLx5vJt8AYmdv6WV9TBAdqs"
16:12:22.147 [main] DEBUG org.apache.http.headers -- http-outgoing-69 << Date: Tue, 24 Jun 2025 09:12:22 GMT
16:12:22.147 [main] DEBUG org.apache.http.headers -- http-outgoing-69 << Connection: keep-alive
16:12:22.147 [main] DEBUG org.apache.http.headers -- http-outgoing-69 << Keep-Alive: timeout=5
16:12:22.147 [main] DEBUG org.apache.http.impl.execchain.MainClientExec -- Connection can be kept alive for 5000 MILLISECONDS
16:12:22.147 [main] DEBUG org.apache.http.impl.conn.PoolingHttpClientConnectionManager -- Connection [id: 69][route: {}->http://localhost:3000] can be kept alive for 5.0 seconds
16:12:22.147 [main] DEBUG org.apache.http.impl.conn.DefaultManagedHttpClientConnection -- http-outgoing-69: set socket timeout to 0
16:12:22.147 [main] DEBUG org.apache.http.impl.conn.PoolingHttpClientConnectionManager -- Connection released: [id: 69][route: {}->http://localhost:3000][total available: 1; route allocated: 1 of 5; total allocated: 1 of 10]
16:12:22.147 [main] DEBUG org.apache.http.impl.conn.PoolingHttpClientConnectionManager -- Connection manager is shutting down
16:12:22.147 [main] DEBUG org.apache.http.impl.conn.DefaultManagedHttpClientConnection -- http-outgoing-69: Close connection
16:12:22.147 [main] DEBUG org.apache.http.impl.conn.PoolingHttpClientConnectionManager -- Connection manager shut down
16:12:22.147 [main] DEBUG com.intuit.karate -- response time in milliseconds: 271
1 < 200
1 < X-Powered-By: Express
1 < Access-Control-Allow-Origin: *
1 < Content-Type: application/json; charset=utf-8
1 < Content-Length: 605
1 < ETag: W/"25d-GaOAQLx5vJt8AYmdv6WV9TBAdqs"
1 < Date: Tue, 24 Jun 2025 09:12:22 GMT
1 < Connection: keep-alive
1 < Keep-Alive: timeout=5
{"access_token":"eyJhbGciOiJIUzI1NiIsInR5cCI6IkpXVCJ9.eyJzdWIiOiIwYTM3ZWY0My1mZWU4LTQxZDMtYTY4Ni04YWIwODY5NDg2OTUiLCJ1c2VybmFtZSI6ImpvaG5kb2UyMSIsInJvbGUiOjAsImlhdCI6MTc1MDc1NjM0MiwiZXhwIjoxNzUwNzU5OTQyfQ.DxAlx8Z44rU1n3KA_7Z3AK5g8xFLcEv32WYP1SaqUBk","refresh_token":"f938da0c8c56373c6f59a4f2fc912297b79e1763014527bc6db70f0778492ffd","user":{"id":"0a37ef43-fee8-41d3-a686-8ab086948695","email":"testit2@gmail.com","username":"johndoe21","name":"John Doe","phoneNumber":"0123456712","profilePic":null,"bio":null,"private":false,"verified":false,"role":0,"followersCount":0,"followingCount":0,"postCount":0}}

16:12:22.147 [main] INFO com.intuit.karate -- [print] *** AFTER API CALL *** Status: 200 
16:12:22.147 [main] INFO com.intuit.karate -- [print] ### API CALL COMPLETED ### Email: testit2@gmail.com Status: 200 
16:12:22.147 [main] INFO com.intuit.karate -- [print] ### RESPONSE BODY ### {
  "access_token": "eyJhbGciOiJIUzI1NiIsInR5cCI6IkpXVCJ9.eyJzdWIiOiIwYTM3ZWY0My1mZWU4LTQxZDMtYTY4Ni04YWIwODY5NDg2OTUiLCJ1c2VybmFtZSI6ImpvaG5kb2UyMSIsInJvbGUiOjAsImlhdCI6MTc1MDc1NjM0MiwiZXhwIjoxNzUwNzU5OTQyfQ.DxAlx8Z44rU1n3KA_7Z3AK5g8xFLcEv32WYP1SaqUBk",
  "refresh_token": "f938da0c8c56373c6f59a4f2fc912297b79e1763014527bc6db70f0778492ffd",
  "user": {
    "id": "0a37ef43-fee8-41d3-a686-8ab086948695",
    "email": "testit2@gmail.com",
    "username": "johndoe21",
    "name": "John Doe",
    "phoneNumber": "0123456712",
    "profilePic": null,
    "bio": null,
    "private": false,
    "verified": false,
    "role": 0,
    "followersCount": 0,
    "followingCount": 0,
    "postCount": 0
  }
}
 
16:12:22.149 [main] INFO com.intuit.karate -- Request #70 completed - Status: 200 Time: 278ms 
16:12:22.149 [main] INFO com.intuit.karate -- *** SEQUENTIAL REQUEST #71 *** 
16:12:22.149 [main] INFO com.intuit.karate -- User: nam@gmail.com 
16:12:22.152 [main] INFO com.intuit.karate -- [print] *** BEFORE API CALL *** Email: nam@gmail.com URL: http://localhost:3000/auth/login 
16:12:22.152 [main] DEBUG com.jayway.jsonpath.internal.path.CompiledPath -- Evaluating path: $
16:12:22.152 [main] INFO com.intuit.karate -- [print] *** SENDING REQUEST *** Body: {
  "email": "#(email)",
  "password": "#(password)"
}
 
16:12:22.153 [main] DEBUG org.apache.http.client.protocol.RequestAddCookies -- CookieSpec selected: karate
16:12:22.153 [main] DEBUG org.apache.http.client.protocol.RequestAuthCache -- Auth cache not set in the context
16:12:22.153 [main] DEBUG com.intuit.karate -- request:
1 > POST http://localhost:3000/auth/login
1 > Content-Type: application/json; charset=UTF-8
1 > Content-Length: 45
1 > Host: localhost:3000
1 > Connection: Keep-Alive
1 > User-Agent: Apache-HttpClient/4.5.14 (Java/17.0.9)
1 > Accept-Encoding: gzip,deflate
{"email":"nam@gmail.com","password":"123456"}

16:12:22.153 [main] DEBUG org.apache.http.impl.conn.PoolingHttpClientConnectionManager -- Connection request: [route: {}->http://localhost:3000][total available: 0; route allocated: 0 of 5; total allocated: 0 of 10]
16:12:22.153 [main] DEBUG org.apache.http.impl.conn.PoolingHttpClientConnectionManager -- Connection leased: [id: 70][route: {}->http://localhost:3000][total available: 0; route allocated: 1 of 5; total allocated: 1 of 10]
16:12:22.153 [main] DEBUG org.apache.http.impl.execchain.MainClientExec -- Opening connection {}->http://localhost:3000
16:12:22.153 [main] DEBUG org.apache.http.impl.conn.DefaultHttpClientConnectionOperator -- Connecting to localhost/127.0.0.1:3000
16:12:22.154 [main] DEBUG org.apache.http.impl.conn.DefaultHttpClientConnectionOperator -- Connection established 127.0.0.1:51114<->127.0.0.1:3000
16:12:22.154 [main] DEBUG org.apache.http.impl.conn.DefaultManagedHttpClientConnection -- http-outgoing-70: set socket timeout to 30000
16:12:22.154 [main] DEBUG org.apache.http.impl.execchain.MainClientExec -- Executing request POST /auth/login HTTP/1.1
16:12:22.154 [main] DEBUG org.apache.http.impl.execchain.MainClientExec -- Target auth state: UNCHALLENGED
16:12:22.154 [main] DEBUG org.apache.http.impl.execchain.MainClientExec -- Proxy auth state: UNCHALLENGED
16:12:22.154 [main] DEBUG org.apache.http.headers -- http-outgoing-70 >> POST /auth/login HTTP/1.1
16:12:22.154 [main] DEBUG org.apache.http.headers -- http-outgoing-70 >> Content-Type: application/json; charset=UTF-8
16:12:22.154 [main] DEBUG org.apache.http.headers -- http-outgoing-70 >> Content-Length: 45
16:12:22.154 [main] DEBUG org.apache.http.headers -- http-outgoing-70 >> Host: localhost:3000
16:12:22.154 [main] DEBUG org.apache.http.headers -- http-outgoing-70 >> Connection: Keep-Alive
16:12:22.154 [main] DEBUG org.apache.http.headers -- http-outgoing-70 >> User-Agent: Apache-HttpClient/4.5.14 (Java/17.0.9)
16:12:22.154 [main] DEBUG org.apache.http.headers -- http-outgoing-70 >> Accept-Encoding: gzip,deflate
16:12:22.154 [main] DEBUG org.apache.http.wire -- http-outgoing-70 >> "POST /auth/login HTTP/1.1[\r][\n]"
16:12:22.154 [main] DEBUG org.apache.http.wire -- http-outgoing-70 >> "Content-Type: application/json; charset=UTF-8[\r][\n]"
16:12:22.154 [main] DEBUG org.apache.http.wire -- http-outgoing-70 >> "Content-Length: 45[\r][\n]"
16:12:22.154 [main] DEBUG org.apache.http.wire -- http-outgoing-70 >> "Host: localhost:3000[\r][\n]"
16:12:22.154 [main] DEBUG org.apache.http.wire -- http-outgoing-70 >> "Connection: Keep-Alive[\r][\n]"
16:12:22.154 [main] DEBUG org.apache.http.wire -- http-outgoing-70 >> "User-Agent: Apache-HttpClient/4.5.14 (Java/17.0.9)[\r][\n]"
16:12:22.154 [main] DEBUG org.apache.http.wire -- http-outgoing-70 >> "Accept-Encoding: gzip,deflate[\r][\n]"
16:12:22.154 [main] DEBUG org.apache.http.wire -- http-outgoing-70 >> "[\r][\n]"
16:12:22.154 [main] DEBUG org.apache.http.wire -- http-outgoing-70 >> "{"email":"nam@gmail.com","password":"123456"}"
16:12:22.415 [main] DEBUG org.apache.http.wire -- http-outgoing-70 << "HTTP/1.1 200 OK[\r][\n]"
16:12:22.415 [main] DEBUG org.apache.http.wire -- http-outgoing-70 << "X-Powered-By: Express[\r][\n]"
16:12:22.415 [main] DEBUG org.apache.http.wire -- http-outgoing-70 << "Access-Control-Allow-Origin: *[\r][\n]"
16:12:22.415 [main] DEBUG org.apache.http.wire -- http-outgoing-70 << "Content-Type: application/json; charset=utf-8[\r][\n]"
16:12:22.415 [main] DEBUG org.apache.http.wire -- http-outgoing-70 << "Content-Length: 708[\r][\n]"
16:12:22.415 [main] DEBUG org.apache.http.wire -- http-outgoing-70 << "ETag: W/"2c4-FWb9XGd8Rsxhwe4nYgQH5X5Anxk"[\r][\n]"
16:12:22.415 [main] DEBUG org.apache.http.wire -- http-outgoing-70 << "Date: Tue, 24 Jun 2025 09:12:22 GMT[\r][\n]"
16:12:22.415 [main] DEBUG org.apache.http.wire -- http-outgoing-70 << "Connection: keep-alive[\r][\n]"
16:12:22.415 [main] DEBUG org.apache.http.wire -- http-outgoing-70 << "Keep-Alive: timeout=5[\r][\n]"
16:12:22.415 [main] DEBUG org.apache.http.wire -- http-outgoing-70 << "[\r][\n]"
16:12:22.415 [main] DEBUG org.apache.http.wire -- http-outgoing-70 << "{"access_token":"eyJhbGciOiJIUzI1NiIsInR5cCI6IkpXVCJ9.eyJzdWIiOiIwODUxNWIwNS0yZDNlLTQ3ODktYWQ2MC1kYjM1NTI1YTQ5NzAiLCJ1c2VybmFtZSI6Im5hbSIsInJvbGUiOjAsImlhdCI6MTc1MDc1NjM0MiwiZXhwIjoxNzUwNzU5OTQyfQ.94XJ9yBwdatc2bgNjOpxiZC4ixN8pBiP2UjIHwmnCP0","refresh_token":"0d738ca7afdef4e1eb525225f0c9a2e79e25017c2e34de3b8567ec1558322b7b","user":{"id":"08515b05-2d3e-4789-ad60-db35525a4970","email":"nam@gmail.com","username":"nam","name":"nam","phoneNumber":"0123456789","profilePic":"https://res.cloudinary.com/dizcvrefo/image/upload/v1749266646/nestjs_uploads/zk9zrpeidnovxibfqdxr.png","bio":"Chu tich hoi dong Quan tri 1","private":false,"verified":false,"role":0,"followersCount":2,"followingCount":5,"postCount":13}}"
16:12:22.415 [main] DEBUG org.apache.http.headers -- http-outgoing-70 << HTTP/1.1 200 OK
16:12:22.415 [main] DEBUG org.apache.http.headers -- http-outgoing-70 << X-Powered-By: Express
16:12:22.415 [main] DEBUG org.apache.http.headers -- http-outgoing-70 << Access-Control-Allow-Origin: *
16:12:22.415 [main] DEBUG org.apache.http.headers -- http-outgoing-70 << Content-Type: application/json; charset=utf-8
16:12:22.415 [main] DEBUG org.apache.http.headers -- http-outgoing-70 << Content-Length: 708
16:12:22.415 [main] DEBUG org.apache.http.headers -- http-outgoing-70 << ETag: W/"2c4-FWb9XGd8Rsxhwe4nYgQH5X5Anxk"
16:12:22.415 [main] DEBUG org.apache.http.headers -- http-outgoing-70 << Date: Tue, 24 Jun 2025 09:12:22 GMT
16:12:22.415 [main] DEBUG org.apache.http.headers -- http-outgoing-70 << Connection: keep-alive
16:12:22.415 [main] DEBUG org.apache.http.headers -- http-outgoing-70 << Keep-Alive: timeout=5
16:12:22.415 [main] DEBUG org.apache.http.impl.execchain.MainClientExec -- Connection can be kept alive for 5000 MILLISECONDS
16:12:22.415 [main] DEBUG org.apache.http.impl.conn.PoolingHttpClientConnectionManager -- Connection [id: 70][route: {}->http://localhost:3000] can be kept alive for 5.0 seconds
16:12:22.415 [main] DEBUG org.apache.http.impl.conn.DefaultManagedHttpClientConnection -- http-outgoing-70: set socket timeout to 0
16:12:22.415 [main] DEBUG org.apache.http.impl.conn.PoolingHttpClientConnectionManager -- Connection released: [id: 70][route: {}->http://localhost:3000][total available: 1; route allocated: 1 of 5; total allocated: 1 of 10]
16:12:22.417 [main] DEBUG org.apache.http.impl.conn.PoolingHttpClientConnectionManager -- Connection manager is shutting down
16:12:22.417 [main] DEBUG org.apache.http.impl.conn.DefaultManagedHttpClientConnection -- http-outgoing-70: Close connection
16:12:22.417 [main] DEBUG org.apache.http.impl.conn.PoolingHttpClientConnectionManager -- Connection manager shut down
16:12:22.417 [main] DEBUG com.intuit.karate -- response time in milliseconds: 262
1 < 200
1 < X-Powered-By: Express
1 < Access-Control-Allow-Origin: *
1 < Content-Type: application/json; charset=utf-8
1 < Content-Length: 708
1 < ETag: W/"2c4-FWb9XGd8Rsxhwe4nYgQH5X5Anxk"
1 < Date: Tue, 24 Jun 2025 09:12:22 GMT
1 < Connection: keep-alive
1 < Keep-Alive: timeout=5
{"access_token":"eyJhbGciOiJIUzI1NiIsInR5cCI6IkpXVCJ9.eyJzdWIiOiIwODUxNWIwNS0yZDNlLTQ3ODktYWQ2MC1kYjM1NTI1YTQ5NzAiLCJ1c2VybmFtZSI6Im5hbSIsInJvbGUiOjAsImlhdCI6MTc1MDc1NjM0MiwiZXhwIjoxNzUwNzU5OTQyfQ.94XJ9yBwdatc2bgNjOpxiZC4ixN8pBiP2UjIHwmnCP0","refresh_token":"0d738ca7afdef4e1eb525225f0c9a2e79e25017c2e34de3b8567ec1558322b7b","user":{"id":"08515b05-2d3e-4789-ad60-db35525a4970","email":"nam@gmail.com","username":"nam","name":"nam","phoneNumber":"0123456789","profilePic":"https://res.cloudinary.com/dizcvrefo/image/upload/v1749266646/nestjs_uploads/zk9zrpeidnovxibfqdxr.png","bio":"Chu tich hoi dong Quan tri 1","private":false,"verified":false,"role":0,"followersCount":2,"followingCount":5,"postCount":13}}

16:12:22.418 [main] INFO com.intuit.karate -- [print] *** AFTER API CALL *** Status: 200 
16:12:22.418 [main] INFO com.intuit.karate -- [print] ### API CALL COMPLETED ### Email: nam@gmail.com Status: 200 
16:12:22.418 [main] INFO com.intuit.karate -- [print] ### RESPONSE BODY ### {
  "access_token": "eyJhbGciOiJIUzI1NiIsInR5cCI6IkpXVCJ9.eyJzdWIiOiIwODUxNWIwNS0yZDNlLTQ3ODktYWQ2MC1kYjM1NTI1YTQ5NzAiLCJ1c2VybmFtZSI6Im5hbSIsInJvbGUiOjAsImlhdCI6MTc1MDc1NjM0MiwiZXhwIjoxNzUwNzU5OTQyfQ.94XJ9yBwdatc2bgNjOpxiZC4ixN8pBiP2UjIHwmnCP0",
  "refresh_token": "0d738ca7afdef4e1eb525225f0c9a2e79e25017c2e34de3b8567ec1558322b7b",
  "user": {
    "id": "08515b05-2d3e-4789-ad60-db35525a4970",
    "email": "nam@gmail.com",
    "username": "nam",
    "name": "nam",
    "phoneNumber": "0123456789",
    "profilePic": "https://res.cloudinary.com/dizcvrefo/image/upload/v1749266646/nestjs_uploads/zk9zrpeidnovxibfqdxr.png",
    "bio": "Chu tich hoi dong Quan tri 1",
    "private": false,
    "verified": false,
    "role": 0,
    "followersCount": 2,
    "followingCount": 5,
    "postCount": 13
  }
}
 
16:12:22.419 [main] INFO com.intuit.karate -- Request #71 completed - Status: 200 Time: 270ms 
16:12:22.419 [main] INFO com.intuit.karate -- *** SEQUENTIAL REQUEST #72 *** 
16:12:22.419 [main] INFO com.intuit.karate -- User: quang1@gmail.com 
16:12:22.423 [main] INFO com.intuit.karate -- [print] *** BEFORE API CALL *** Email: quang1@gmail.com URL: http://localhost:3000/auth/login 
16:12:22.423 [main] DEBUG com.jayway.jsonpath.internal.path.CompiledPath -- Evaluating path: $
16:12:22.423 [main] INFO com.intuit.karate -- [print] *** SENDING REQUEST *** Body: {
  "email": "#(email)",
  "password": "#(password)"
}
 
16:12:22.424 [main] DEBUG org.apache.http.client.protocol.RequestAddCookies -- CookieSpec selected: karate
16:12:22.424 [main] DEBUG org.apache.http.client.protocol.RequestAuthCache -- Auth cache not set in the context
16:12:22.424 [main] DEBUG com.intuit.karate -- request:
1 > POST http://localhost:3000/auth/login
1 > Content-Type: application/json; charset=UTF-8
1 > Content-Length: 48
1 > Host: localhost:3000
1 > Connection: Keep-Alive
1 > User-Agent: Apache-HttpClient/4.5.14 (Java/17.0.9)
1 > Accept-Encoding: gzip,deflate
{"email":"quang1@gmail.com","password":"quang1"}

16:12:22.424 [main] DEBUG org.apache.http.impl.conn.PoolingHttpClientConnectionManager -- Connection request: [route: {}->http://localhost:3000][total available: 0; route allocated: 0 of 5; total allocated: 0 of 10]
16:12:22.424 [main] DEBUG org.apache.http.impl.conn.PoolingHttpClientConnectionManager -- Connection leased: [id: 71][route: {}->http://localhost:3000][total available: 0; route allocated: 1 of 5; total allocated: 1 of 10]
16:12:22.424 [main] DEBUG org.apache.http.impl.execchain.MainClientExec -- Opening connection {}->http://localhost:3000
16:12:22.425 [main] DEBUG org.apache.http.impl.conn.DefaultHttpClientConnectionOperator -- Connecting to localhost/127.0.0.1:3000
16:12:22.425 [main] DEBUG org.apache.http.impl.conn.DefaultHttpClientConnectionOperator -- Connection established 127.0.0.1:51115<->127.0.0.1:3000
16:12:22.425 [main] DEBUG org.apache.http.impl.conn.DefaultManagedHttpClientConnection -- http-outgoing-71: set socket timeout to 30000
16:12:22.425 [main] DEBUG org.apache.http.impl.execchain.MainClientExec -- Executing request POST /auth/login HTTP/1.1
16:12:22.425 [main] DEBUG org.apache.http.impl.execchain.MainClientExec -- Target auth state: UNCHALLENGED
16:12:22.425 [main] DEBUG org.apache.http.impl.execchain.MainClientExec -- Proxy auth state: UNCHALLENGED
16:12:22.425 [main] DEBUG org.apache.http.headers -- http-outgoing-71 >> POST /auth/login HTTP/1.1
16:12:22.425 [main] DEBUG org.apache.http.headers -- http-outgoing-71 >> Content-Type: application/json; charset=UTF-8
16:12:22.425 [main] DEBUG org.apache.http.headers -- http-outgoing-71 >> Content-Length: 48
16:12:22.425 [main] DEBUG org.apache.http.headers -- http-outgoing-71 >> Host: localhost:3000
16:12:22.425 [main] DEBUG org.apache.http.headers -- http-outgoing-71 >> Connection: Keep-Alive
16:12:22.425 [main] DEBUG org.apache.http.headers -- http-outgoing-71 >> User-Agent: Apache-HttpClient/4.5.14 (Java/17.0.9)
16:12:22.425 [main] DEBUG org.apache.http.headers -- http-outgoing-71 >> Accept-Encoding: gzip,deflate
16:12:22.425 [main] DEBUG org.apache.http.wire -- http-outgoing-71 >> "POST /auth/login HTTP/1.1[\r][\n]"
16:12:22.425 [main] DEBUG org.apache.http.wire -- http-outgoing-71 >> "Content-Type: application/json; charset=UTF-8[\r][\n]"
16:12:22.425 [main] DEBUG org.apache.http.wire -- http-outgoing-71 >> "Content-Length: 48[\r][\n]"
16:12:22.425 [main] DEBUG org.apache.http.wire -- http-outgoing-71 >> "Host: localhost:3000[\r][\n]"
16:12:22.425 [main] DEBUG org.apache.http.wire -- http-outgoing-71 >> "Connection: Keep-Alive[\r][\n]"
16:12:22.425 [main] DEBUG org.apache.http.wire -- http-outgoing-71 >> "User-Agent: Apache-HttpClient/4.5.14 (Java/17.0.9)[\r][\n]"
16:12:22.425 [main] DEBUG org.apache.http.wire -- http-outgoing-71 >> "Accept-Encoding: gzip,deflate[\r][\n]"
16:12:22.425 [main] DEBUG org.apache.http.wire -- http-outgoing-71 >> "[\r][\n]"
16:12:22.425 [main] DEBUG org.apache.http.wire -- http-outgoing-71 >> "{"email":"quang1@gmail.com","password":"quang1"}"
16:12:22.698 [main] DEBUG org.apache.http.wire -- http-outgoing-71 << "HTTP/1.1 200 OK[\r][\n]"
16:12:22.698 [main] DEBUG org.apache.http.wire -- http-outgoing-71 << "X-Powered-By: Express[\r][\n]"
16:12:22.698 [main] DEBUG org.apache.http.wire -- http-outgoing-71 << "Access-Control-Allow-Origin: *[\r][\n]"
16:12:22.698 [main] DEBUG org.apache.http.wire -- http-outgoing-71 << "Content-Type: application/json; charset=utf-8[\r][\n]"
16:12:22.698 [main] DEBUG org.apache.http.wire -- http-outgoing-71 << "Content-Length: 715[\r][\n]"
16:12:22.698 [main] DEBUG org.apache.http.wire -- http-outgoing-71 << "ETag: W/"2cb-zkQb4K21/RPJU6uHJtEvjVQ+p+I"[\r][\n]"
16:12:22.698 [main] DEBUG org.apache.http.wire -- http-outgoing-71 << "Date: Tue, 24 Jun 2025 09:12:22 GMT[\r][\n]"
16:12:22.698 [main] DEBUG org.apache.http.wire -- http-outgoing-71 << "Connection: keep-alive[\r][\n]"
16:12:22.698 [main] DEBUG org.apache.http.wire -- http-outgoing-71 << "Keep-Alive: timeout=5[\r][\n]"
16:12:22.698 [main] DEBUG org.apache.http.wire -- http-outgoing-71 << "[\r][\n]"
16:12:22.698 [main] DEBUG org.apache.http.wire -- http-outgoing-71 << "{"access_token":"eyJhbGciOiJIUzI1NiIsInR5cCI6IkpXVCJ9.eyJzdWIiOiIyYjg0YWEyNC02NjhhLTQwZTItYWYxYy1hZDRmYzRmYTVhNmYiLCJ1c2VybmFtZSI6InF1YW5nMSIsInJvbGUiOjAsImlhdCI6MTc1MDc1NjM0MiwiZXhwIjoxNzUwNzU5OTQyfQ.AmbIP0GaOgshuP_sB0HAn7oQ32kchaQogYl9bUU09AI","refresh_token":"6c75e31c3f3e9b092f7c06cf4eb803c78037f30f0aacc240d1bb170e294473ab","user":{"id":"2b84aa24-668a-40e2-af1c-ad4fc4fa5a6f","email":"quang1@gmail.com","username":"quang1","name":"quang1","phoneNumber":"09874563210","profilePic":"https://res.cloudinary.com/dizcvrefo/image/upload/v1749027586/nestjs_uploads/xehairydt9rzlbmbmv4c.jpg","bio":"Thang Nam Lao Vua Thoi","private":false,"verified":false,"role":0,"followersCount":2,"followingCount":3,"postCount":2}}"
16:12:22.698 [main] DEBUG org.apache.http.headers -- http-outgoing-71 << HTTP/1.1 200 OK
16:12:22.698 [main] DEBUG org.apache.http.headers -- http-outgoing-71 << X-Powered-By: Express
16:12:22.698 [main] DEBUG org.apache.http.headers -- http-outgoing-71 << Access-Control-Allow-Origin: *
16:12:22.698 [main] DEBUG org.apache.http.headers -- http-outgoing-71 << Content-Type: application/json; charset=utf-8
16:12:22.698 [main] DEBUG org.apache.http.headers -- http-outgoing-71 << Content-Length: 715
16:12:22.698 [main] DEBUG org.apache.http.headers -- http-outgoing-71 << ETag: W/"2cb-zkQb4K21/RPJU6uHJtEvjVQ+p+I"
16:12:22.698 [main] DEBUG org.apache.http.headers -- http-outgoing-71 << Date: Tue, 24 Jun 2025 09:12:22 GMT
16:12:22.698 [main] DEBUG org.apache.http.headers -- http-outgoing-71 << Connection: keep-alive
16:12:22.698 [main] DEBUG org.apache.http.headers -- http-outgoing-71 << Keep-Alive: timeout=5
16:12:22.698 [main] DEBUG org.apache.http.impl.execchain.MainClientExec -- Connection can be kept alive for 5000 MILLISECONDS
16:12:22.698 [main] DEBUG org.apache.http.impl.conn.PoolingHttpClientConnectionManager -- Connection [id: 71][route: {}->http://localhost:3000] can be kept alive for 5.0 seconds
16:12:22.699 [main] DEBUG org.apache.http.impl.conn.DefaultManagedHttpClientConnection -- http-outgoing-71: set socket timeout to 0
16:12:22.699 [main] DEBUG org.apache.http.impl.conn.PoolingHttpClientConnectionManager -- Connection released: [id: 71][route: {}->http://localhost:3000][total available: 1; route allocated: 1 of 5; total allocated: 1 of 10]
16:12:22.699 [main] DEBUG org.apache.http.impl.conn.PoolingHttpClientConnectionManager -- Connection manager is shutting down
16:12:22.699 [main] DEBUG org.apache.http.impl.conn.DefaultManagedHttpClientConnection -- http-outgoing-71: Close connection
16:12:22.699 [main] DEBUG org.apache.http.impl.conn.PoolingHttpClientConnectionManager -- Connection manager shut down
16:12:22.699 [main] DEBUG com.intuit.karate -- response time in milliseconds: 275
1 < 200
1 < X-Powered-By: Express
1 < Access-Control-Allow-Origin: *
1 < Content-Type: application/json; charset=utf-8
1 < Content-Length: 715
1 < ETag: W/"2cb-zkQb4K21/RPJU6uHJtEvjVQ+p+I"
1 < Date: Tue, 24 Jun 2025 09:12:22 GMT
1 < Connection: keep-alive
1 < Keep-Alive: timeout=5
{"access_token":"eyJhbGciOiJIUzI1NiIsInR5cCI6IkpXVCJ9.eyJzdWIiOiIyYjg0YWEyNC02NjhhLTQwZTItYWYxYy1hZDRmYzRmYTVhNmYiLCJ1c2VybmFtZSI6InF1YW5nMSIsInJvbGUiOjAsImlhdCI6MTc1MDc1NjM0MiwiZXhwIjoxNzUwNzU5OTQyfQ.AmbIP0GaOgshuP_sB0HAn7oQ32kchaQogYl9bUU09AI","refresh_token":"6c75e31c3f3e9b092f7c06cf4eb803c78037f30f0aacc240d1bb170e294473ab","user":{"id":"2b84aa24-668a-40e2-af1c-ad4fc4fa5a6f","email":"quang1@gmail.com","username":"quang1","name":"quang1","phoneNumber":"09874563210","profilePic":"https://res.cloudinary.com/dizcvrefo/image/upload/v1749027586/nestjs_uploads/xehairydt9rzlbmbmv4c.jpg","bio":"Thang Nam Lao Vua Thoi","private":false,"verified":false,"role":0,"followersCount":2,"followingCount":3,"postCount":2}}

16:12:22.701 [main] INFO com.intuit.karate -- [print] *** AFTER API CALL *** Status: 200 
16:12:22.702 [main] INFO com.intuit.karate -- [print] ### API CALL COMPLETED ### Email: quang1@gmail.com Status: 200 
16:12:22.702 [main] INFO com.intuit.karate -- [print] ### RESPONSE BODY ### {
  "access_token": "eyJhbGciOiJIUzI1NiIsInR5cCI6IkpXVCJ9.eyJzdWIiOiIyYjg0YWEyNC02NjhhLTQwZTItYWYxYy1hZDRmYzRmYTVhNmYiLCJ1c2VybmFtZSI6InF1YW5nMSIsInJvbGUiOjAsImlhdCI6MTc1MDc1NjM0MiwiZXhwIjoxNzUwNzU5OTQyfQ.AmbIP0GaOgshuP_sB0HAn7oQ32kchaQogYl9bUU09AI",
  "refresh_token": "6c75e31c3f3e9b092f7c06cf4eb803c78037f30f0aacc240d1bb170e294473ab",
  "user": {
    "id": "2b84aa24-668a-40e2-af1c-ad4fc4fa5a6f",
    "email": "quang1@gmail.com",
    "username": "quang1",
    "name": "quang1",
    "phoneNumber": "09874563210",
    "profilePic": "https://res.cloudinary.com/dizcvrefo/image/upload/v1749027586/nestjs_uploads/xehairydt9rzlbmbmv4c.jpg",
    "bio": "Thang Nam Lao Vua Thoi",
    "private": false,
    "verified": false,
    "role": 0,
    "followersCount": 2,
    "followingCount": 3,
    "postCount": 2
  }
}
 
16:12:22.704 [main] INFO com.intuit.karate -- Request #72 completed - Status: 200 Time: 284ms 
16:12:22.706 [main] INFO com.intuit.karate -- *** SEQUENTIAL REQUEST #73 *** 
16:12:22.706 [main] INFO com.intuit.karate -- User: test@example.com 
16:12:22.713 [main] INFO com.intuit.karate -- [print] *** BEFORE API CALL *** Email: test@example.com URL: http://localhost:3000/auth/login 
16:12:22.713 [main] DEBUG com.jayway.jsonpath.internal.path.CompiledPath -- Evaluating path: $
16:12:22.713 [main] INFO com.intuit.karate -- [print] *** SENDING REQUEST *** Body: {
  "email": "#(email)",
  "password": "#(password)"
}
 
16:12:22.714 [main] DEBUG org.apache.http.client.protocol.RequestAddCookies -- CookieSpec selected: karate
16:12:22.714 [main] DEBUG org.apache.http.client.protocol.RequestAuthCache -- Auth cache not set in the context
16:12:22.714 [main] DEBUG com.intuit.karate -- request:
1 > POST http://localhost:3000/auth/login
1 > Content-Type: application/json; charset=UTF-8
1 > Content-Length: 53
1 > Host: localhost:3000
1 > Connection: Keep-Alive
1 > User-Agent: Apache-HttpClient/4.5.14 (Java/17.0.9)
1 > Accept-Encoding: gzip,deflate
{"email":"test@example.com","password":"Password123"}

16:12:22.714 [main] DEBUG org.apache.http.impl.conn.PoolingHttpClientConnectionManager -- Connection request: [route: {}->http://localhost:3000][total available: 0; route allocated: 0 of 5; total allocated: 0 of 10]
16:12:22.715 [main] DEBUG org.apache.http.impl.conn.PoolingHttpClientConnectionManager -- Connection leased: [id: 72][route: {}->http://localhost:3000][total available: 0; route allocated: 1 of 5; total allocated: 1 of 10]
16:12:22.715 [main] DEBUG org.apache.http.impl.execchain.MainClientExec -- Opening connection {}->http://localhost:3000
16:12:22.715 [main] DEBUG org.apache.http.impl.conn.DefaultHttpClientConnectionOperator -- Connecting to localhost/127.0.0.1:3000
16:12:22.715 [main] DEBUG org.apache.http.impl.conn.DefaultHttpClientConnectionOperator -- Connection established 127.0.0.1:51116<->127.0.0.1:3000
16:12:22.715 [main] DEBUG org.apache.http.impl.conn.DefaultManagedHttpClientConnection -- http-outgoing-72: set socket timeout to 30000
16:12:22.715 [main] DEBUG org.apache.http.impl.execchain.MainClientExec -- Executing request POST /auth/login HTTP/1.1
16:12:22.715 [main] DEBUG org.apache.http.impl.execchain.MainClientExec -- Target auth state: UNCHALLENGED
16:12:22.715 [main] DEBUG org.apache.http.impl.execchain.MainClientExec -- Proxy auth state: UNCHALLENGED
16:12:22.715 [main] DEBUG org.apache.http.headers -- http-outgoing-72 >> POST /auth/login HTTP/1.1
16:12:22.715 [main] DEBUG org.apache.http.headers -- http-outgoing-72 >> Content-Type: application/json; charset=UTF-8
16:12:22.715 [main] DEBUG org.apache.http.headers -- http-outgoing-72 >> Content-Length: 53
16:12:22.715 [main] DEBUG org.apache.http.headers -- http-outgoing-72 >> Host: localhost:3000
16:12:22.715 [main] DEBUG org.apache.http.headers -- http-outgoing-72 >> Connection: Keep-Alive
16:12:22.715 [main] DEBUG org.apache.http.headers -- http-outgoing-72 >> User-Agent: Apache-HttpClient/4.5.14 (Java/17.0.9)
16:12:22.715 [main] DEBUG org.apache.http.headers -- http-outgoing-72 >> Accept-Encoding: gzip,deflate
16:12:22.715 [main] DEBUG org.apache.http.wire -- http-outgoing-72 >> "POST /auth/login HTTP/1.1[\r][\n]"
16:12:22.715 [main] DEBUG org.apache.http.wire -- http-outgoing-72 >> "Content-Type: application/json; charset=UTF-8[\r][\n]"
16:12:22.715 [main] DEBUG org.apache.http.wire -- http-outgoing-72 >> "Content-Length: 53[\r][\n]"
16:12:22.715 [main] DEBUG org.apache.http.wire -- http-outgoing-72 >> "Host: localhost:3000[\r][\n]"
16:12:22.715 [main] DEBUG org.apache.http.wire -- http-outgoing-72 >> "Connection: Keep-Alive[\r][\n]"
16:12:22.715 [main] DEBUG org.apache.http.wire -- http-outgoing-72 >> "User-Agent: Apache-HttpClient/4.5.14 (Java/17.0.9)[\r][\n]"
16:12:22.715 [main] DEBUG org.apache.http.wire -- http-outgoing-72 >> "Accept-Encoding: gzip,deflate[\r][\n]"
16:12:22.715 [main] DEBUG org.apache.http.wire -- http-outgoing-72 >> "[\r][\n]"
16:12:22.715 [main] DEBUG org.apache.http.wire -- http-outgoing-72 >> "{"email":"test@example.com","password":"Password123"}"
16:12:22.982 [main] DEBUG org.apache.http.wire -- http-outgoing-72 << "HTTP/1.1 200 OK[\r][\n]"
16:12:22.983 [main] DEBUG org.apache.http.wire -- http-outgoing-72 << "X-Powered-By: Express[\r][\n]"
16:12:22.983 [main] DEBUG org.apache.http.wire -- http-outgoing-72 << "Access-Control-Allow-Origin: *[\r][\n]"
16:12:22.983 [main] DEBUG org.apache.http.wire -- http-outgoing-72 << "Content-Type: application/json; charset=utf-8[\r][\n]"
16:12:22.983 [main] DEBUG org.apache.http.wire -- http-outgoing-72 << "Content-Length: 599[\r][\n]"
16:12:22.983 [main] DEBUG org.apache.http.wire -- http-outgoing-72 << "ETag: W/"257-isTveIcqiMFYBC00VRAYGSh2Nnw"[\r][\n]"
16:12:22.983 [main] DEBUG org.apache.http.wire -- http-outgoing-72 << "Date: Tue, 24 Jun 2025 09:12:22 GMT[\r][\n]"
16:12:22.983 [main] DEBUG org.apache.http.wire -- http-outgoing-72 << "Connection: keep-alive[\r][\n]"
16:12:22.983 [main] DEBUG org.apache.http.wire -- http-outgoing-72 << "Keep-Alive: timeout=5[\r][\n]"
16:12:22.983 [main] DEBUG org.apache.http.wire -- http-outgoing-72 << "[\r][\n]"
16:12:22.983 [main] DEBUG org.apache.http.wire -- http-outgoing-72 << "{"access_token":"eyJhbGciOiJIUzI1NiIsInR5cCI6IkpXVCJ9.eyJzdWIiOiIyZGRhMDQzOS01MTgwLTQ1YWEtOTE3Zi1lNjMyZTQ1YThlNDEiLCJ1c2VybmFtZSI6ImpvaG5kb2UiLCJyb2xlIjowLCJpYXQiOjE3NTA3NTYzNDIsImV4cCI6MTc1MDc1OTk0Mn0.aRUPVb5OB2-6c9mjhlL9uMXkXnWUJjCBaG1QZufgxYY","refresh_token":"28c945fa2c3596e34de2621b973b4ec6d4d0234722f407d458e9f89cc391a4f2","user":{"id":"2dda0439-5180-45aa-917f-e632e45a8e41","email":"test@example.com","username":"johndoe","name":"John Doe","phoneNumber":"0987654321","profilePic":null,"bio":null,"private":false,"verified":false,"role":0,"followersCount":0,"followingCount":0,"postCount":0}}"
16:12:22.983 [main] DEBUG org.apache.http.headers -- http-outgoing-72 << HTTP/1.1 200 OK
16:12:22.983 [main] DEBUG org.apache.http.headers -- http-outgoing-72 << X-Powered-By: Express
16:12:22.983 [main] DEBUG org.apache.http.headers -- http-outgoing-72 << Access-Control-Allow-Origin: *
16:12:22.983 [main] DEBUG org.apache.http.headers -- http-outgoing-72 << Content-Type: application/json; charset=utf-8
16:12:22.983 [main] DEBUG org.apache.http.headers -- http-outgoing-72 << Content-Length: 599
16:12:22.983 [main] DEBUG org.apache.http.headers -- http-outgoing-72 << ETag: W/"257-isTveIcqiMFYBC00VRAYGSh2Nnw"
16:12:22.983 [main] DEBUG org.apache.http.headers -- http-outgoing-72 << Date: Tue, 24 Jun 2025 09:12:22 GMT
16:12:22.983 [main] DEBUG org.apache.http.headers -- http-outgoing-72 << Connection: keep-alive
16:12:22.983 [main] DEBUG org.apache.http.headers -- http-outgoing-72 << Keep-Alive: timeout=5
16:12:22.983 [main] DEBUG org.apache.http.impl.execchain.MainClientExec -- Connection can be kept alive for 5000 MILLISECONDS
16:12:22.983 [main] DEBUG org.apache.http.impl.conn.PoolingHttpClientConnectionManager -- Connection [id: 72][route: {}->http://localhost:3000] can be kept alive for 5.0 seconds
16:12:22.983 [main] DEBUG org.apache.http.impl.conn.DefaultManagedHttpClientConnection -- http-outgoing-72: set socket timeout to 0
16:12:22.983 [main] DEBUG org.apache.http.impl.conn.PoolingHttpClientConnectionManager -- Connection released: [id: 72][route: {}->http://localhost:3000][total available: 1; route allocated: 1 of 5; total allocated: 1 of 10]
16:12:22.983 [main] DEBUG org.apache.http.impl.conn.PoolingHttpClientConnectionManager -- Connection manager is shutting down
16:12:22.983 [main] DEBUG org.apache.http.impl.conn.DefaultManagedHttpClientConnection -- http-outgoing-72: Close connection
16:12:22.983 [main] DEBUG org.apache.http.impl.conn.PoolingHttpClientConnectionManager -- Connection manager shut down
16:12:22.983 [main] DEBUG com.intuit.karate -- response time in milliseconds: 269
1 < 200
1 < X-Powered-By: Express
1 < Access-Control-Allow-Origin: *
1 < Content-Type: application/json; charset=utf-8
1 < Content-Length: 599
1 < ETag: W/"257-isTveIcqiMFYBC00VRAYGSh2Nnw"
1 < Date: Tue, 24 Jun 2025 09:12:22 GMT
1 < Connection: keep-alive
1 < Keep-Alive: timeout=5
{"access_token":"eyJhbGciOiJIUzI1NiIsInR5cCI6IkpXVCJ9.eyJzdWIiOiIyZGRhMDQzOS01MTgwLTQ1YWEtOTE3Zi1lNjMyZTQ1YThlNDEiLCJ1c2VybmFtZSI6ImpvaG5kb2UiLCJyb2xlIjowLCJpYXQiOjE3NTA3NTYzNDIsImV4cCI6MTc1MDc1OTk0Mn0.aRUPVb5OB2-6c9mjhlL9uMXkXnWUJjCBaG1QZufgxYY","refresh_token":"28c945fa2c3596e34de2621b973b4ec6d4d0234722f407d458e9f89cc391a4f2","user":{"id":"2dda0439-5180-45aa-917f-e632e45a8e41","email":"test@example.com","username":"johndoe","name":"John Doe","phoneNumber":"0987654321","profilePic":null,"bio":null,"private":false,"verified":false,"role":0,"followersCount":0,"followingCount":0,"postCount":0}}

16:12:22.984 [main] INFO com.intuit.karate -- [print] *** AFTER API CALL *** Status: 200 
16:12:22.984 [main] INFO com.intuit.karate -- [print] ### API CALL COMPLETED ### Email: test@example.com Status: 200 
16:12:22.984 [main] INFO com.intuit.karate -- [print] ### RESPONSE BODY ### {
  "access_token": "eyJhbGciOiJIUzI1NiIsInR5cCI6IkpXVCJ9.eyJzdWIiOiIyZGRhMDQzOS01MTgwLTQ1YWEtOTE3Zi1lNjMyZTQ1YThlNDEiLCJ1c2VybmFtZSI6ImpvaG5kb2UiLCJyb2xlIjowLCJpYXQiOjE3NTA3NTYzNDIsImV4cCI6MTc1MDc1OTk0Mn0.aRUPVb5OB2-6c9mjhlL9uMXkXnWUJjCBaG1QZufgxYY",
  "refresh_token": "28c945fa2c3596e34de2621b973b4ec6d4d0234722f407d458e9f89cc391a4f2",
  "user": {
    "id": "2dda0439-5180-45aa-917f-e632e45a8e41",
    "email": "test@example.com",
    "username": "johndoe",
    "name": "John Doe",
    "phoneNumber": "0987654321",
    "profilePic": null,
    "bio": null,
    "private": false,
    "verified": false,
    "role": 0,
    "followersCount": 0,
    "followingCount": 0,
    "postCount": 0
  }
}
 
16:12:22.985 [main] INFO com.intuit.karate -- Request #73 completed - Status: 200 Time: 277ms 
16:12:22.985 [main] INFO com.intuit.karate -- *** SEQUENTIAL REQUEST #74 *** 
16:12:22.985 [main] INFO com.intuit.karate -- User: test2@example.com 
16:12:22.988 [main] INFO com.intuit.karate -- [print] *** BEFORE API CALL *** Email: test2@example.com URL: http://localhost:3000/auth/login 
16:12:22.988 [main] DEBUG com.jayway.jsonpath.internal.path.CompiledPath -- Evaluating path: $
16:12:22.988 [main] INFO com.intuit.karate -- [print] *** SENDING REQUEST *** Body: {
  "email": "#(email)",
  "password": "#(password)"
}
 
16:12:22.989 [main] DEBUG org.apache.http.client.protocol.RequestAddCookies -- CookieSpec selected: karate
16:12:22.989 [main] DEBUG org.apache.http.client.protocol.RequestAuthCache -- Auth cache not set in the context
16:12:22.989 [main] DEBUG com.intuit.karate -- request:
1 > POST http://localhost:3000/auth/login
1 > Content-Type: application/json; charset=UTF-8
1 > Content-Length: 54
1 > Host: localhost:3000
1 > Connection: Keep-Alive
1 > User-Agent: Apache-HttpClient/4.5.14 (Java/17.0.9)
1 > Accept-Encoding: gzip,deflate
{"email":"test2@example.com","password":"Password123"}

16:12:22.990 [main] DEBUG org.apache.http.impl.conn.PoolingHttpClientConnectionManager -- Connection request: [route: {}->http://localhost:3000][total available: 0; route allocated: 0 of 5; total allocated: 0 of 10]
16:12:22.990 [main] DEBUG org.apache.http.impl.conn.PoolingHttpClientConnectionManager -- Connection leased: [id: 73][route: {}->http://localhost:3000][total available: 0; route allocated: 1 of 5; total allocated: 1 of 10]
16:12:22.990 [main] DEBUG org.apache.http.impl.execchain.MainClientExec -- Opening connection {}->http://localhost:3000
16:12:22.990 [main] DEBUG org.apache.http.impl.conn.DefaultHttpClientConnectionOperator -- Connecting to localhost/127.0.0.1:3000
16:12:22.991 [main] DEBUG org.apache.http.impl.conn.DefaultHttpClientConnectionOperator -- Connection established 127.0.0.1:51117<->127.0.0.1:3000
16:12:22.991 [main] DEBUG org.apache.http.impl.conn.DefaultManagedHttpClientConnection -- http-outgoing-73: set socket timeout to 30000
16:12:22.991 [main] DEBUG org.apache.http.impl.execchain.MainClientExec -- Executing request POST /auth/login HTTP/1.1
16:12:22.991 [main] DEBUG org.apache.http.impl.execchain.MainClientExec -- Target auth state: UNCHALLENGED
16:12:22.991 [main] DEBUG org.apache.http.impl.execchain.MainClientExec -- Proxy auth state: UNCHALLENGED
16:12:22.991 [main] DEBUG org.apache.http.headers -- http-outgoing-73 >> POST /auth/login HTTP/1.1
16:12:22.991 [main] DEBUG org.apache.http.headers -- http-outgoing-73 >> Content-Type: application/json; charset=UTF-8
16:12:22.991 [main] DEBUG org.apache.http.headers -- http-outgoing-73 >> Content-Length: 54
16:12:22.991 [main] DEBUG org.apache.http.headers -- http-outgoing-73 >> Host: localhost:3000
16:12:22.991 [main] DEBUG org.apache.http.headers -- http-outgoing-73 >> Connection: Keep-Alive
16:12:22.991 [main] DEBUG org.apache.http.headers -- http-outgoing-73 >> User-Agent: Apache-HttpClient/4.5.14 (Java/17.0.9)
16:12:22.991 [main] DEBUG org.apache.http.headers -- http-outgoing-73 >> Accept-Encoding: gzip,deflate
16:12:22.991 [main] DEBUG org.apache.http.wire -- http-outgoing-73 >> "POST /auth/login HTTP/1.1[\r][\n]"
16:12:22.991 [main] DEBUG org.apache.http.wire -- http-outgoing-73 >> "Content-Type: application/json; charset=UTF-8[\r][\n]"
16:12:22.991 [main] DEBUG org.apache.http.wire -- http-outgoing-73 >> "Content-Length: 54[\r][\n]"
16:12:22.991 [main] DEBUG org.apache.http.wire -- http-outgoing-73 >> "Host: localhost:3000[\r][\n]"
16:12:22.991 [main] DEBUG org.apache.http.wire -- http-outgoing-73 >> "Connection: Keep-Alive[\r][\n]"
16:12:22.991 [main] DEBUG org.apache.http.wire -- http-outgoing-73 >> "User-Agent: Apache-HttpClient/4.5.14 (Java/17.0.9)[\r][\n]"
16:12:22.991 [main] DEBUG org.apache.http.wire -- http-outgoing-73 >> "Accept-Encoding: gzip,deflate[\r][\n]"
16:12:22.991 [main] DEBUG org.apache.http.wire -- http-outgoing-73 >> "[\r][\n]"
16:12:22.991 [main] DEBUG org.apache.http.wire -- http-outgoing-73 >> "{"email":"test2@example.com","password":"Password123"}"
16:12:23.252 [main] DEBUG org.apache.http.wire -- http-outgoing-73 << "HTTP/1.1 200 OK[\r][\n]"
16:12:23.252 [main] DEBUG org.apache.http.wire -- http-outgoing-73 << "X-Powered-By: Express[\r][\n]"
16:12:23.252 [main] DEBUG org.apache.http.wire -- http-outgoing-73 << "Access-Control-Allow-Origin: *[\r][\n]"
16:12:23.252 [main] DEBUG org.apache.http.wire -- http-outgoing-73 << "Content-Type: application/json; charset=utf-8[\r][\n]"
16:12:23.252 [main] DEBUG org.apache.http.wire -- http-outgoing-73 << "Content-Length: 608[\r][\n]"
16:12:23.252 [main] DEBUG org.apache.http.wire -- http-outgoing-73 << "ETag: W/"260-t2iBGPAA2DyjdxV7NzB+iUhWpbY"[\r][\n]"
16:12:23.252 [main] DEBUG org.apache.http.wire -- http-outgoing-73 << "Date: Tue, 24 Jun 2025 09:12:23 GMT[\r][\n]"
16:12:23.252 [main] DEBUG org.apache.http.wire -- http-outgoing-73 << "Connection: keep-alive[\r][\n]"
16:12:23.252 [main] DEBUG org.apache.http.wire -- http-outgoing-73 << "Keep-Alive: timeout=5[\r][\n]"
16:12:23.252 [main] DEBUG org.apache.http.wire -- http-outgoing-73 << "[\r][\n]"
16:12:23.252 [main] DEBUG org.apache.http.wire -- http-outgoing-73 << "{"access_token":"eyJhbGciOiJIUzI1NiIsInR5cCI6IkpXVCJ9.eyJzdWIiOiI4YTI0NzQ2MS01YzA0LTQyMWQtOThmNS1mYTljNzM0ZmFlYTUiLCJ1c2VybmFtZSI6ImphbmVzbWl0aCIsInJvbGUiOjAsImlhdCI6MTc1MDc1NjM0MywiZXhwIjoxNzUwNzU5OTQzfQ.TnNYA55FACUgE7shKy0b0LQLuwj4Xpcj0tWUF6Nc-ms","refresh_token":"a197c0fe66c2beed59f5d3cd814f7d3a55e38c9e6d411ad60239d3a4a01a3302","user":{"id":"8a247461-5c04-421d-98f5-fa9c734faea5","email":"test2@example.com","username":"janesmith","name":"Jane Smith","phoneNumber":"01234567890","profilePic":null,"bio":null,"private":false,"verified":false,"role":0,"followersCount":0,"followingCount":0,"postCount":0}}"
16:12:23.252 [main] DEBUG org.apache.http.headers -- http-outgoing-73 << HTTP/1.1 200 OK
16:12:23.252 [main] DEBUG org.apache.http.headers -- http-outgoing-73 << X-Powered-By: Express
16:12:23.252 [main] DEBUG org.apache.http.headers -- http-outgoing-73 << Access-Control-Allow-Origin: *
16:12:23.252 [main] DEBUG org.apache.http.headers -- http-outgoing-73 << Content-Type: application/json; charset=utf-8
16:12:23.252 [main] DEBUG org.apache.http.headers -- http-outgoing-73 << Content-Length: 608
16:12:23.252 [main] DEBUG org.apache.http.headers -- http-outgoing-73 << ETag: W/"260-t2iBGPAA2DyjdxV7NzB+iUhWpbY"
16:12:23.252 [main] DEBUG org.apache.http.headers -- http-outgoing-73 << Date: Tue, 24 Jun 2025 09:12:23 GMT
16:12:23.252 [main] DEBUG org.apache.http.headers -- http-outgoing-73 << Connection: keep-alive
16:12:23.252 [main] DEBUG org.apache.http.headers -- http-outgoing-73 << Keep-Alive: timeout=5
16:12:23.252 [main] DEBUG org.apache.http.impl.execchain.MainClientExec -- Connection can be kept alive for 5000 MILLISECONDS
16:12:23.252 [main] DEBUG org.apache.http.impl.conn.PoolingHttpClientConnectionManager -- Connection [id: 73][route: {}->http://localhost:3000] can be kept alive for 5.0 seconds
16:12:23.252 [main] DEBUG org.apache.http.impl.conn.DefaultManagedHttpClientConnection -- http-outgoing-73: set socket timeout to 0
16:12:23.252 [main] DEBUG org.apache.http.impl.conn.PoolingHttpClientConnectionManager -- Connection released: [id: 73][route: {}->http://localhost:3000][total available: 1; route allocated: 1 of 5; total allocated: 1 of 10]
16:12:23.252 [main] DEBUG org.apache.http.impl.conn.PoolingHttpClientConnectionManager -- Connection manager is shutting down
16:12:23.252 [main] DEBUG org.apache.http.impl.conn.DefaultManagedHttpClientConnection -- http-outgoing-73: Close connection
16:12:23.252 [main] DEBUG org.apache.http.impl.conn.PoolingHttpClientConnectionManager -- Connection manager shut down
16:12:23.252 [main] DEBUG com.intuit.karate -- response time in milliseconds: 263
1 < 200
1 < X-Powered-By: Express
1 < Access-Control-Allow-Origin: *
1 < Content-Type: application/json; charset=utf-8
1 < Content-Length: 608
1 < ETag: W/"260-t2iBGPAA2DyjdxV7NzB+iUhWpbY"
1 < Date: Tue, 24 Jun 2025 09:12:23 GMT
1 < Connection: keep-alive
1 < Keep-Alive: timeout=5
{"access_token":"eyJhbGciOiJIUzI1NiIsInR5cCI6IkpXVCJ9.eyJzdWIiOiI4YTI0NzQ2MS01YzA0LTQyMWQtOThmNS1mYTljNzM0ZmFlYTUiLCJ1c2VybmFtZSI6ImphbmVzbWl0aCIsInJvbGUiOjAsImlhdCI6MTc1MDc1NjM0MywiZXhwIjoxNzUwNzU5OTQzfQ.TnNYA55FACUgE7shKy0b0LQLuwj4Xpcj0tWUF6Nc-ms","refresh_token":"a197c0fe66c2beed59f5d3cd814f7d3a55e38c9e6d411ad60239d3a4a01a3302","user":{"id":"8a247461-5c04-421d-98f5-fa9c734faea5","email":"test2@example.com","username":"janesmith","name":"Jane Smith","phoneNumber":"01234567890","profilePic":null,"bio":null,"private":false,"verified":false,"role":0,"followersCount":0,"followingCount":0,"postCount":0}}

16:12:23.253 [main] INFO com.intuit.karate -- [print] *** AFTER API CALL *** Status: 200 
16:12:23.253 [main] INFO com.intuit.karate -- [print] ### API CALL COMPLETED ### Email: test2@example.com Status: 200 
16:12:23.253 [main] INFO com.intuit.karate -- [print] ### RESPONSE BODY ### {
  "access_token": "eyJhbGciOiJIUzI1NiIsInR5cCI6IkpXVCJ9.eyJzdWIiOiI4YTI0NzQ2MS01YzA0LTQyMWQtOThmNS1mYTljNzM0ZmFlYTUiLCJ1c2VybmFtZSI6ImphbmVzbWl0aCIsInJvbGUiOjAsImlhdCI6MTc1MDc1NjM0MywiZXhwIjoxNzUwNzU5OTQzfQ.TnNYA55FACUgE7shKy0b0LQLuwj4Xpcj0tWUF6Nc-ms",
  "refresh_token": "a197c0fe66c2beed59f5d3cd814f7d3a55e38c9e6d411ad60239d3a4a01a3302",
  "user": {
    "id": "8a247461-5c04-421d-98f5-fa9c734faea5",
    "email": "test2@example.com",
    "username": "janesmith",
    "name": "Jane Smith",
    "phoneNumber": "01234567890",
    "profilePic": null,
    "bio": null,
    "private": false,
    "verified": false,
    "role": 0,
    "followersCount": 0,
    "followingCount": 0,
    "postCount": 0
  }
}
 
16:12:23.253 [main] INFO com.intuit.karate -- Request #74 completed - Status: 200 Time: 268ms 
16:12:23.255 [main] INFO com.intuit.karate -- *** SEQUENTIAL REQUEST #75 *** 
16:12:23.255 [main] INFO com.intuit.karate -- User: test28@example.com 
16:12:23.257 [main] INFO com.intuit.karate -- [print] *** BEFORE API CALL *** Email: test28@example.com URL: http://localhost:3000/auth/login 
16:12:23.257 [main] DEBUG com.jayway.jsonpath.internal.path.CompiledPath -- Evaluating path: $
16:12:23.257 [main] INFO com.intuit.karate -- [print] *** SENDING REQUEST *** Body: {
  "email": "#(email)",
  "password": "#(password)"
}
 
16:12:23.258 [main] DEBUG org.apache.http.client.protocol.RequestAddCookies -- CookieSpec selected: karate
16:12:23.258 [main] DEBUG org.apache.http.client.protocol.RequestAuthCache -- Auth cache not set in the context
16:12:23.258 [main] DEBUG com.intuit.karate -- request:
1 > POST http://localhost:3000/auth/login
1 > Content-Type: application/json; charset=UTF-8
1 > Content-Length: 55
1 > Host: localhost:3000
1 > Connection: Keep-Alive
1 > User-Agent: Apache-HttpClient/4.5.14 (Java/17.0.9)
1 > Accept-Encoding: gzip,deflate
{"email":"test28@example.com","password":"Password123"}

16:12:23.258 [main] DEBUG org.apache.http.impl.conn.PoolingHttpClientConnectionManager -- Connection request: [route: {}->http://localhost:3000][total available: 0; route allocated: 0 of 5; total allocated: 0 of 10]
16:12:23.258 [main] DEBUG org.apache.http.impl.conn.PoolingHttpClientConnectionManager -- Connection leased: [id: 74][route: {}->http://localhost:3000][total available: 0; route allocated: 1 of 5; total allocated: 1 of 10]
16:12:23.258 [main] DEBUG org.apache.http.impl.execchain.MainClientExec -- Opening connection {}->http://localhost:3000
16:12:23.259 [main] DEBUG org.apache.http.impl.conn.DefaultHttpClientConnectionOperator -- Connecting to localhost/127.0.0.1:3000
16:12:23.259 [main] DEBUG org.apache.http.impl.conn.DefaultHttpClientConnectionOperator -- Connection established 127.0.0.1:51118<->127.0.0.1:3000
16:12:23.259 [main] DEBUG org.apache.http.impl.conn.DefaultManagedHttpClientConnection -- http-outgoing-74: set socket timeout to 30000
16:12:23.259 [main] DEBUG org.apache.http.impl.execchain.MainClientExec -- Executing request POST /auth/login HTTP/1.1
16:12:23.259 [main] DEBUG org.apache.http.impl.execchain.MainClientExec -- Target auth state: UNCHALLENGED
16:12:23.259 [main] DEBUG org.apache.http.impl.execchain.MainClientExec -- Proxy auth state: UNCHALLENGED
16:12:23.259 [main] DEBUG org.apache.http.headers -- http-outgoing-74 >> POST /auth/login HTTP/1.1
16:12:23.259 [main] DEBUG org.apache.http.headers -- http-outgoing-74 >> Content-Type: application/json; charset=UTF-8
16:12:23.259 [main] DEBUG org.apache.http.headers -- http-outgoing-74 >> Content-Length: 55
16:12:23.259 [main] DEBUG org.apache.http.headers -- http-outgoing-74 >> Host: localhost:3000
16:12:23.259 [main] DEBUG org.apache.http.headers -- http-outgoing-74 >> Connection: Keep-Alive
16:12:23.259 [main] DEBUG org.apache.http.headers -- http-outgoing-74 >> User-Agent: Apache-HttpClient/4.5.14 (Java/17.0.9)
16:12:23.259 [main] DEBUG org.apache.http.headers -- http-outgoing-74 >> Accept-Encoding: gzip,deflate
16:12:23.259 [main] DEBUG org.apache.http.wire -- http-outgoing-74 >> "POST /auth/login HTTP/1.1[\r][\n]"
16:12:23.259 [main] DEBUG org.apache.http.wire -- http-outgoing-74 >> "Content-Type: application/json; charset=UTF-8[\r][\n]"
16:12:23.259 [main] DEBUG org.apache.http.wire -- http-outgoing-74 >> "Content-Length: 55[\r][\n]"
16:12:23.259 [main] DEBUG org.apache.http.wire -- http-outgoing-74 >> "Host: localhost:3000[\r][\n]"
16:12:23.259 [main] DEBUG org.apache.http.wire -- http-outgoing-74 >> "Connection: Keep-Alive[\r][\n]"
16:12:23.259 [main] DEBUG org.apache.http.wire -- http-outgoing-74 >> "User-Agent: Apache-HttpClient/4.5.14 (Java/17.0.9)[\r][\n]"
16:12:23.259 [main] DEBUG org.apache.http.wire -- http-outgoing-74 >> "Accept-Encoding: gzip,deflate[\r][\n]"
16:12:23.259 [main] DEBUG org.apache.http.wire -- http-outgoing-74 >> "[\r][\n]"
16:12:23.259 [main] DEBUG org.apache.http.wire -- http-outgoing-74 >> "{"email":"test28@example.com","password":"Password123"}"
16:12:23.526 [main] DEBUG org.apache.http.wire -- http-outgoing-74 << "HTTP/1.1 200 OK[\r][\n]"
16:12:23.526 [main] DEBUG org.apache.http.wire -- http-outgoing-74 << "X-Powered-By: Express[\r][\n]"
16:12:23.526 [main] DEBUG org.apache.http.wire -- http-outgoing-74 << "Access-Control-Allow-Origin: *[\r][\n]"
16:12:23.526 [main] DEBUG org.apache.http.wire -- http-outgoing-74 << "Content-Type: application/json; charset=utf-8[\r][\n]"
16:12:23.526 [main] DEBUG org.apache.http.wire -- http-outgoing-74 << "Content-Length: 607[\r][\n]"
16:12:23.526 [main] DEBUG org.apache.http.wire -- http-outgoing-74 << "ETag: W/"25f-eNwbRoiZpN+lYKUawKPiyLiu50M"[\r][\n]"
16:12:23.526 [main] DEBUG org.apache.http.wire -- http-outgoing-74 << "Date: Tue, 24 Jun 2025 09:12:23 GMT[\r][\n]"
16:12:23.526 [main] DEBUG org.apache.http.wire -- http-outgoing-74 << "Connection: keep-alive[\r][\n]"
16:12:23.526 [main] DEBUG org.apache.http.wire -- http-outgoing-74 << "Keep-Alive: timeout=5[\r][\n]"
16:12:23.526 [main] DEBUG org.apache.http.wire -- http-outgoing-74 << "[\r][\n]"
16:12:23.526 [main] DEBUG org.apache.http.wire -- http-outgoing-74 << "{"access_token":"eyJhbGciOiJIUzI1NiIsInR5cCI6IkpXVCJ9.eyJzdWIiOiJjMjE0MjJkZi1jY2VjLTQ0MGUtOWE0Mi1jMWI4MmFiZjczM2QiLCJ1c2VybmFtZSI6ImpvaG5kb2UyOCIsInJvbGUiOjAsImlhdCI6MTc1MDc1NjM0MywiZXhwIjoxNzUwNzU5OTQzfQ.GH4Ypmz5r2ck6yx0xzLJB1X7c1bVqgJLnqEwavtjEcE","refresh_token":"600e743690ebdc29da63d1b22425360c24e7b6affad7f504b1c29bb84046199a","user":{"id":"c21422df-ccec-440e-9a42-c1b82abf733d","email":"test28@example.com","username":"johndoe28","name":"John Doe","phoneNumber":"84987654321","profilePic":null,"bio":null,"private":false,"verified":false,"role":0,"followersCount":0,"followingCount":0,"postCount":0}}"
16:12:23.526 [main] DEBUG org.apache.http.headers -- http-outgoing-74 << HTTP/1.1 200 OK
16:12:23.526 [main] DEBUG org.apache.http.headers -- http-outgoing-74 << X-Powered-By: Express
16:12:23.526 [main] DEBUG org.apache.http.headers -- http-outgoing-74 << Access-Control-Allow-Origin: *
16:12:23.526 [main] DEBUG org.apache.http.headers -- http-outgoing-74 << Content-Type: application/json; charset=utf-8
16:12:23.526 [main] DEBUG org.apache.http.headers -- http-outgoing-74 << Content-Length: 607
16:12:23.526 [main] DEBUG org.apache.http.headers -- http-outgoing-74 << ETag: W/"25f-eNwbRoiZpN+lYKUawKPiyLiu50M"
16:12:23.526 [main] DEBUG org.apache.http.headers -- http-outgoing-74 << Date: Tue, 24 Jun 2025 09:12:23 GMT
16:12:23.526 [main] DEBUG org.apache.http.headers -- http-outgoing-74 << Connection: keep-alive
16:12:23.526 [main] DEBUG org.apache.http.headers -- http-outgoing-74 << Keep-Alive: timeout=5
16:12:23.526 [main] DEBUG org.apache.http.impl.execchain.MainClientExec -- Connection can be kept alive for 5000 MILLISECONDS
16:12:23.526 [main] DEBUG org.apache.http.impl.conn.PoolingHttpClientConnectionManager -- Connection [id: 74][route: {}->http://localhost:3000] can be kept alive for 5.0 seconds
16:12:23.526 [main] DEBUG org.apache.http.impl.conn.DefaultManagedHttpClientConnection -- http-outgoing-74: set socket timeout to 0
16:12:23.526 [main] DEBUG org.apache.http.impl.conn.PoolingHttpClientConnectionManager -- Connection released: [id: 74][route: {}->http://localhost:3000][total available: 1; route allocated: 1 of 5; total allocated: 1 of 10]
16:12:23.527 [main] DEBUG org.apache.http.impl.conn.PoolingHttpClientConnectionManager -- Connection manager is shutting down
16:12:23.527 [main] DEBUG org.apache.http.impl.conn.DefaultManagedHttpClientConnection -- http-outgoing-74: Close connection
16:12:23.527 [main] DEBUG org.apache.http.impl.conn.PoolingHttpClientConnectionManager -- Connection manager shut down
16:12:23.527 [main] DEBUG com.intuit.karate -- response time in milliseconds: 268
1 < 200
1 < X-Powered-By: Express
1 < Access-Control-Allow-Origin: *
1 < Content-Type: application/json; charset=utf-8
1 < Content-Length: 607
1 < ETag: W/"25f-eNwbRoiZpN+lYKUawKPiyLiu50M"
1 < Date: Tue, 24 Jun 2025 09:12:23 GMT
1 < Connection: keep-alive
1 < Keep-Alive: timeout=5
{"access_token":"eyJhbGciOiJIUzI1NiIsInR5cCI6IkpXVCJ9.eyJzdWIiOiJjMjE0MjJkZi1jY2VjLTQ0MGUtOWE0Mi1jMWI4MmFiZjczM2QiLCJ1c2VybmFtZSI6ImpvaG5kb2UyOCIsInJvbGUiOjAsImlhdCI6MTc1MDc1NjM0MywiZXhwIjoxNzUwNzU5OTQzfQ.GH4Ypmz5r2ck6yx0xzLJB1X7c1bVqgJLnqEwavtjEcE","refresh_token":"600e743690ebdc29da63d1b22425360c24e7b6affad7f504b1c29bb84046199a","user":{"id":"c21422df-ccec-440e-9a42-c1b82abf733d","email":"test28@example.com","username":"johndoe28","name":"John Doe","phoneNumber":"84987654321","profilePic":null,"bio":null,"private":false,"verified":false,"role":0,"followersCount":0,"followingCount":0,"postCount":0}}

16:12:23.527 [main] INFO com.intuit.karate -- [print] *** AFTER API CALL *** Status: 200 
16:12:23.527 [main] INFO com.intuit.karate -- [print] ### API CALL COMPLETED ### Email: test28@example.com Status: 200 
16:12:23.527 [main] INFO com.intuit.karate -- [print] ### RESPONSE BODY ### {
  "access_token": "eyJhbGciOiJIUzI1NiIsInR5cCI6IkpXVCJ9.eyJzdWIiOiJjMjE0MjJkZi1jY2VjLTQ0MGUtOWE0Mi1jMWI4MmFiZjczM2QiLCJ1c2VybmFtZSI6ImpvaG5kb2UyOCIsInJvbGUiOjAsImlhdCI6MTc1MDc1NjM0MywiZXhwIjoxNzUwNzU5OTQzfQ.GH4Ypmz5r2ck6yx0xzLJB1X7c1bVqgJLnqEwavtjEcE",
  "refresh_token": "600e743690ebdc29da63d1b22425360c24e7b6affad7f504b1c29bb84046199a",
  "user": {
    "id": "c21422df-ccec-440e-9a42-c1b82abf733d",
    "email": "test28@example.com",
    "username": "johndoe28",
    "name": "John Doe",
    "phoneNumber": "84987654321",
    "profilePic": null,
    "bio": null,
    "private": false,
    "verified": false,
    "role": 0,
    "followersCount": 0,
    "followingCount": 0,
    "postCount": 0
  }
}
 
16:12:23.527 [main] INFO com.intuit.karate -- Request #75 completed - Status: 200 Time: 272ms 
16:12:23.528 [main] INFO com.intuit.karate -- *** SEQUENTIAL REQUEST #76 *** 
16:12:23.528 [main] INFO com.intuit.karate -- User: testit4@gmail.com 
16:12:23.531 [main] INFO com.intuit.karate -- [print] *** BEFORE API CALL *** Email: testit4@gmail.com URL: http://localhost:3000/auth/login 
16:12:23.532 [main] DEBUG com.jayway.jsonpath.internal.path.CompiledPath -- Evaluating path: $
16:12:23.532 [main] INFO com.intuit.karate -- [print] *** SENDING REQUEST *** Body: {
  "email": "#(email)",
  "password": "#(password)"
}
 
16:12:23.533 [main] DEBUG org.apache.http.client.protocol.RequestAddCookies -- CookieSpec selected: karate
16:12:23.534 [main] DEBUG org.apache.http.client.protocol.RequestAuthCache -- Auth cache not set in the context
16:12:23.534 [main] DEBUG com.intuit.karate -- request:
1 > POST http://localhost:3000/auth/login
1 > Content-Type: application/json; charset=UTF-8
1 > Content-Length: 54
1 > Host: localhost:3000
1 > Connection: Keep-Alive
1 > User-Agent: Apache-HttpClient/4.5.14 (Java/17.0.9)
1 > Accept-Encoding: gzip,deflate
{"email":"testit4@gmail.com","password":"Password123"}

16:12:23.534 [main] DEBUG org.apache.http.impl.conn.PoolingHttpClientConnectionManager -- Connection request: [route: {}->http://localhost:3000][total available: 0; route allocated: 0 of 5; total allocated: 0 of 10]
16:12:23.534 [main] DEBUG org.apache.http.impl.conn.PoolingHttpClientConnectionManager -- Connection leased: [id: 75][route: {}->http://localhost:3000][total available: 0; route allocated: 1 of 5; total allocated: 1 of 10]
16:12:23.534 [main] DEBUG org.apache.http.impl.execchain.MainClientExec -- Opening connection {}->http://localhost:3000
16:12:23.534 [main] DEBUG org.apache.http.impl.conn.DefaultHttpClientConnectionOperator -- Connecting to localhost/127.0.0.1:3000
16:12:23.535 [main] DEBUG org.apache.http.impl.conn.DefaultHttpClientConnectionOperator -- Connection established 127.0.0.1:51119<->127.0.0.1:3000
16:12:23.535 [main] DEBUG org.apache.http.impl.conn.DefaultManagedHttpClientConnection -- http-outgoing-75: set socket timeout to 30000
16:12:23.536 [main] DEBUG org.apache.http.impl.execchain.MainClientExec -- Executing request POST /auth/login HTTP/1.1
16:12:23.536 [main] DEBUG org.apache.http.impl.execchain.MainClientExec -- Target auth state: UNCHALLENGED
16:12:23.536 [main] DEBUG org.apache.http.impl.execchain.MainClientExec -- Proxy auth state: UNCHALLENGED
16:12:23.536 [main] DEBUG org.apache.http.headers -- http-outgoing-75 >> POST /auth/login HTTP/1.1
16:12:23.536 [main] DEBUG org.apache.http.headers -- http-outgoing-75 >> Content-Type: application/json; charset=UTF-8
16:12:23.536 [main] DEBUG org.apache.http.headers -- http-outgoing-75 >> Content-Length: 54
16:12:23.536 [main] DEBUG org.apache.http.headers -- http-outgoing-75 >> Host: localhost:3000
16:12:23.536 [main] DEBUG org.apache.http.headers -- http-outgoing-75 >> Connection: Keep-Alive
16:12:23.536 [main] DEBUG org.apache.http.headers -- http-outgoing-75 >> User-Agent: Apache-HttpClient/4.5.14 (Java/17.0.9)
16:12:23.536 [main] DEBUG org.apache.http.headers -- http-outgoing-75 >> Accept-Encoding: gzip,deflate
16:12:23.536 [main] DEBUG org.apache.http.wire -- http-outgoing-75 >> "POST /auth/login HTTP/1.1[\r][\n]"
16:12:23.536 [main] DEBUG org.apache.http.wire -- http-outgoing-75 >> "Content-Type: application/json; charset=UTF-8[\r][\n]"
16:12:23.536 [main] DEBUG org.apache.http.wire -- http-outgoing-75 >> "Content-Length: 54[\r][\n]"
16:12:23.536 [main] DEBUG org.apache.http.wire -- http-outgoing-75 >> "Host: localhost:3000[\r][\n]"
16:12:23.536 [main] DEBUG org.apache.http.wire -- http-outgoing-75 >> "Connection: Keep-Alive[\r][\n]"
16:12:23.536 [main] DEBUG org.apache.http.wire -- http-outgoing-75 >> "User-Agent: Apache-HttpClient/4.5.14 (Java/17.0.9)[\r][\n]"
16:12:23.536 [main] DEBUG org.apache.http.wire -- http-outgoing-75 >> "Accept-Encoding: gzip,deflate[\r][\n]"
16:12:23.536 [main] DEBUG org.apache.http.wire -- http-outgoing-75 >> "[\r][\n]"
16:12:23.536 [main] DEBUG org.apache.http.wire -- http-outgoing-75 >> "{"email":"testit4@gmail.com","password":"Password123"}"
16:12:23.799 [main] DEBUG org.apache.http.wire -- http-outgoing-75 << "HTTP/1.1 200 OK[\r][\n]"
16:12:23.800 [main] DEBUG org.apache.http.wire -- http-outgoing-75 << "X-Powered-By: Express[\r][\n]"
16:12:23.800 [main] DEBUG org.apache.http.wire -- http-outgoing-75 << "Access-Control-Allow-Origin: *[\r][\n]"
16:12:23.800 [main] DEBUG org.apache.http.wire -- http-outgoing-75 << "Content-Type: application/json; charset=utf-8[\r][\n]"
16:12:23.800 [main] DEBUG org.apache.http.wire -- http-outgoing-75 << "Content-Length: 607[\r][\n]"
16:12:23.800 [main] DEBUG org.apache.http.wire -- http-outgoing-75 << "ETag: W/"25f-7JbMy0UYZ4l+IOgY4N5LohUGdhU"[\r][\n]"
16:12:23.800 [main] DEBUG org.apache.http.wire -- http-outgoing-75 << "Date: Tue, 24 Jun 2025 09:12:23 GMT[\r][\n]"
16:12:23.800 [main] DEBUG org.apache.http.wire -- http-outgoing-75 << "Connection: keep-alive[\r][\n]"
16:12:23.800 [main] DEBUG org.apache.http.wire -- http-outgoing-75 << "Keep-Alive: timeout=5[\r][\n]"
16:12:23.800 [main] DEBUG org.apache.http.wire -- http-outgoing-75 << "[\r][\n]"
16:12:23.800 [main] DEBUG org.apache.http.wire -- http-outgoing-75 << "{"access_token":"eyJhbGciOiJIUzI1NiIsInR5cCI6IkpXVCJ9.eyJzdWIiOiI5YTI2OTc2Yy0xNTMyLTRkZjMtYTE2ZS03NjMxNTI1Yzg1MDIiLCJ1c2VybmFtZSI6ImpvaG5kb2UyZDUiLCJyb2xlIjowLCJpYXQiOjE3NTA3NTYzNDMsImV4cCI6MTc1MDc1OTk0M30.1xC1aqAux7BE2Dn5k2lfaWO_zORayl99SgHK27aIhN4","refresh_token":"08308bd350c9405fba23dcf05e4e24eb0eaa905f61c816d8697d767983a06e55","user":{"id":"9a26976c-1532-4df3-a16e-7631525c8502","email":"testit4@gmail.com","username":"johndoe2d5","name":"John Doe","phoneNumber":"0123456212","profilePic":null,"bio":null,"private":false,"verified":false,"role":0,"followersCount":0,"followingCount":0,"postCount":0}}"
16:12:23.800 [main] DEBUG org.apache.http.headers -- http-outgoing-75 << HTTP/1.1 200 OK
16:12:23.800 [main] DEBUG org.apache.http.headers -- http-outgoing-75 << X-Powered-By: Express
16:12:23.800 [main] DEBUG org.apache.http.headers -- http-outgoing-75 << Access-Control-Allow-Origin: *
16:12:23.800 [main] DEBUG org.apache.http.headers -- http-outgoing-75 << Content-Type: application/json; charset=utf-8
16:12:23.800 [main] DEBUG org.apache.http.headers -- http-outgoing-75 << Content-Length: 607
16:12:23.800 [main] DEBUG org.apache.http.headers -- http-outgoing-75 << ETag: W/"25f-7JbMy0UYZ4l+IOgY4N5LohUGdhU"
16:12:23.800 [main] DEBUG org.apache.http.headers -- http-outgoing-75 << Date: Tue, 24 Jun 2025 09:12:23 GMT
16:12:23.800 [main] DEBUG org.apache.http.headers -- http-outgoing-75 << Connection: keep-alive
16:12:23.800 [main] DEBUG org.apache.http.headers -- http-outgoing-75 << Keep-Alive: timeout=5
16:12:23.800 [main] DEBUG org.apache.http.impl.execchain.MainClientExec -- Connection can be kept alive for 5000 MILLISECONDS
16:12:23.800 [main] DEBUG org.apache.http.impl.conn.PoolingHttpClientConnectionManager -- Connection [id: 75][route: {}->http://localhost:3000] can be kept alive for 5.0 seconds
16:12:23.800 [main] DEBUG org.apache.http.impl.conn.DefaultManagedHttpClientConnection -- http-outgoing-75: set socket timeout to 0
16:12:23.800 [main] DEBUG org.apache.http.impl.conn.PoolingHttpClientConnectionManager -- Connection released: [id: 75][route: {}->http://localhost:3000][total available: 1; route allocated: 1 of 5; total allocated: 1 of 10]
16:12:23.800 [main] DEBUG org.apache.http.impl.conn.PoolingHttpClientConnectionManager -- Connection manager is shutting down
16:12:23.800 [main] DEBUG org.apache.http.impl.conn.DefaultManagedHttpClientConnection -- http-outgoing-75: Close connection
16:12:23.800 [main] DEBUG org.apache.http.impl.conn.PoolingHttpClientConnectionManager -- Connection manager shut down
16:12:23.800 [main] DEBUG com.intuit.karate -- response time in milliseconds: 266
1 < 200
1 < X-Powered-By: Express
1 < Access-Control-Allow-Origin: *
1 < Content-Type: application/json; charset=utf-8
1 < Content-Length: 607
1 < ETag: W/"25f-7JbMy0UYZ4l+IOgY4N5LohUGdhU"
1 < Date: Tue, 24 Jun 2025 09:12:23 GMT
1 < Connection: keep-alive
1 < Keep-Alive: timeout=5
{"access_token":"eyJhbGciOiJIUzI1NiIsInR5cCI6IkpXVCJ9.eyJzdWIiOiI5YTI2OTc2Yy0xNTMyLTRkZjMtYTE2ZS03NjMxNTI1Yzg1MDIiLCJ1c2VybmFtZSI6ImpvaG5kb2UyZDUiLCJyb2xlIjowLCJpYXQiOjE3NTA3NTYzNDMsImV4cCI6MTc1MDc1OTk0M30.1xC1aqAux7BE2Dn5k2lfaWO_zORayl99SgHK27aIhN4","refresh_token":"08308bd350c9405fba23dcf05e4e24eb0eaa905f61c816d8697d767983a06e55","user":{"id":"9a26976c-1532-4df3-a16e-7631525c8502","email":"testit4@gmail.com","username":"johndoe2d5","name":"John Doe","phoneNumber":"0123456212","profilePic":null,"bio":null,"private":false,"verified":false,"role":0,"followersCount":0,"followingCount":0,"postCount":0}}

16:12:23.800 [main] INFO com.intuit.karate -- [print] *** AFTER API CALL *** Status: 200 
16:12:23.802 [main] INFO com.intuit.karate -- [print] ### API CALL COMPLETED ### Email: testit4@gmail.com Status: 200 
16:12:23.802 [main] INFO com.intuit.karate -- [print] ### RESPONSE BODY ### {
  "access_token": "eyJhbGciOiJIUzI1NiIsInR5cCI6IkpXVCJ9.eyJzdWIiOiI5YTI2OTc2Yy0xNTMyLTRkZjMtYTE2ZS03NjMxNTI1Yzg1MDIiLCJ1c2VybmFtZSI6ImpvaG5kb2UyZDUiLCJyb2xlIjowLCJpYXQiOjE3NTA3NTYzNDMsImV4cCI6MTc1MDc1OTk0M30.1xC1aqAux7BE2Dn5k2lfaWO_zORayl99SgHK27aIhN4",
  "refresh_token": "08308bd350c9405fba23dcf05e4e24eb0eaa905f61c816d8697d767983a06e55",
  "user": {
    "id": "9a26976c-1532-4df3-a16e-7631525c8502",
    "email": "testit4@gmail.com",
    "username": "johndoe2d5",
    "name": "John Doe",
    "phoneNumber": "0123456212",
    "profilePic": null,
    "bio": null,
    "private": false,
    "verified": false,
    "role": 0,
    "followersCount": 0,
    "followingCount": 0,
    "postCount": 0
  }
}
 
16:12:23.802 [main] INFO com.intuit.karate -- Request #76 completed - Status: 200 Time: 274ms 
16:12:23.803 [main] INFO com.intuit.karate -- *** SEQUENTIAL REQUEST #77 *** 
16:12:23.803 [main] INFO com.intuit.karate -- User: testit3@gmail.com 
16:12:23.805 [main] INFO com.intuit.karate -- [print] *** BEFORE API CALL *** Email: testit3@gmail.com URL: http://localhost:3000/auth/login 
16:12:23.805 [main] DEBUG com.jayway.jsonpath.internal.path.CompiledPath -- Evaluating path: $
16:12:23.805 [main] INFO com.intuit.karate -- [print] *** SENDING REQUEST *** Body: {
  "email": "#(email)",
  "password": "#(password)"
}
 
16:12:23.805 [main] DEBUG org.apache.http.client.protocol.RequestAddCookies -- CookieSpec selected: karate
16:12:23.805 [main] DEBUG org.apache.http.client.protocol.RequestAuthCache -- Auth cache not set in the context
16:12:23.805 [main] DEBUG com.intuit.karate -- request:
1 > POST http://localhost:3000/auth/login
1 > Content-Type: application/json; charset=UTF-8
1 > Content-Length: 54
1 > Host: localhost:3000
1 > Connection: Keep-Alive
1 > User-Agent: Apache-HttpClient/4.5.14 (Java/17.0.9)
1 > Accept-Encoding: gzip,deflate
{"email":"testit3@gmail.com","password":"Password123"}

16:12:23.805 [main] DEBUG org.apache.http.impl.conn.PoolingHttpClientConnectionManager -- Connection request: [route: {}->http://localhost:3000][total available: 0; route allocated: 0 of 5; total allocated: 0 of 10]
16:12:23.805 [main] DEBUG org.apache.http.impl.conn.PoolingHttpClientConnectionManager -- Connection leased: [id: 76][route: {}->http://localhost:3000][total available: 0; route allocated: 1 of 5; total allocated: 1 of 10]
16:12:23.805 [main] DEBUG org.apache.http.impl.execchain.MainClientExec -- Opening connection {}->http://localhost:3000
16:12:23.807 [main] DEBUG org.apache.http.impl.conn.DefaultHttpClientConnectionOperator -- Connecting to localhost/127.0.0.1:3000
16:12:23.807 [main] DEBUG org.apache.http.impl.conn.DefaultHttpClientConnectionOperator -- Connection established 127.0.0.1:51120<->127.0.0.1:3000
16:12:23.807 [main] DEBUG org.apache.http.impl.conn.DefaultManagedHttpClientConnection -- http-outgoing-76: set socket timeout to 30000
16:12:23.807 [main] DEBUG org.apache.http.impl.execchain.MainClientExec -- Executing request POST /auth/login HTTP/1.1
16:12:23.807 [main] DEBUG org.apache.http.impl.execchain.MainClientExec -- Target auth state: UNCHALLENGED
16:12:23.807 [main] DEBUG org.apache.http.impl.execchain.MainClientExec -- Proxy auth state: UNCHALLENGED
16:12:23.807 [main] DEBUG org.apache.http.headers -- http-outgoing-76 >> POST /auth/login HTTP/1.1
16:12:23.807 [main] DEBUG org.apache.http.headers -- http-outgoing-76 >> Content-Type: application/json; charset=UTF-8
16:12:23.807 [main] DEBUG org.apache.http.headers -- http-outgoing-76 >> Content-Length: 54
16:12:23.807 [main] DEBUG org.apache.http.headers -- http-outgoing-76 >> Host: localhost:3000
16:12:23.807 [main] DEBUG org.apache.http.headers -- http-outgoing-76 >> Connection: Keep-Alive
16:12:23.807 [main] DEBUG org.apache.http.headers -- http-outgoing-76 >> User-Agent: Apache-HttpClient/4.5.14 (Java/17.0.9)
16:12:23.807 [main] DEBUG org.apache.http.headers -- http-outgoing-76 >> Accept-Encoding: gzip,deflate
16:12:23.807 [main] DEBUG org.apache.http.wire -- http-outgoing-76 >> "POST /auth/login HTTP/1.1[\r][\n]"
16:12:23.807 [main] DEBUG org.apache.http.wire -- http-outgoing-76 >> "Content-Type: application/json; charset=UTF-8[\r][\n]"
16:12:23.807 [main] DEBUG org.apache.http.wire -- http-outgoing-76 >> "Content-Length: 54[\r][\n]"
16:12:23.807 [main] DEBUG org.apache.http.wire -- http-outgoing-76 >> "Host: localhost:3000[\r][\n]"
16:12:23.807 [main] DEBUG org.apache.http.wire -- http-outgoing-76 >> "Connection: Keep-Alive[\r][\n]"
16:12:23.807 [main] DEBUG org.apache.http.wire -- http-outgoing-76 >> "User-Agent: Apache-HttpClient/4.5.14 (Java/17.0.9)[\r][\n]"
16:12:23.807 [main] DEBUG org.apache.http.wire -- http-outgoing-76 >> "Accept-Encoding: gzip,deflate[\r][\n]"
16:12:23.807 [main] DEBUG org.apache.http.wire -- http-outgoing-76 >> "[\r][\n]"
16:12:23.807 [main] DEBUG org.apache.http.wire -- http-outgoing-76 >> "{"email":"testit3@gmail.com","password":"Password123"}"
16:12:24.078 [main] DEBUG org.apache.http.wire -- http-outgoing-76 << "HTTP/1.1 200 OK[\r][\n]"
16:12:24.078 [main] DEBUG org.apache.http.wire -- http-outgoing-76 << "X-Powered-By: Express[\r][\n]"
16:12:24.078 [main] DEBUG org.apache.http.wire -- http-outgoing-76 << "Access-Control-Allow-Origin: *[\r][\n]"
16:12:24.078 [main] DEBUG org.apache.http.wire -- http-outgoing-76 << "Content-Type: application/json; charset=utf-8[\r][\n]"
16:12:24.078 [main] DEBUG org.apache.http.wire -- http-outgoing-76 << "Content-Length: 605[\r][\n]"
16:12:24.078 [main] DEBUG org.apache.http.wire -- http-outgoing-76 << "ETag: W/"25d-D9RpKpCNpx2J8XcKjVjGU08RUSg"[\r][\n]"
16:12:24.078 [main] DEBUG org.apache.http.wire -- http-outgoing-76 << "Date: Tue, 24 Jun 2025 09:12:24 GMT[\r][\n]"
16:12:24.078 [main] DEBUG org.apache.http.wire -- http-outgoing-76 << "Connection: keep-alive[\r][\n]"
16:12:24.078 [main] DEBUG org.apache.http.wire -- http-outgoing-76 << "Keep-Alive: timeout=5[\r][\n]"
16:12:24.078 [main] DEBUG org.apache.http.wire -- http-outgoing-76 << "[\r][\n]"
16:12:24.078 [main] DEBUG org.apache.http.wire -- http-outgoing-76 << "{"access_token":"eyJhbGciOiJIUzI1NiIsInR5cCI6IkpXVCJ9.eyJzdWIiOiI2NTBjZTFlZC1hYWNhLTQzOGYtOTk4OC0xZjA1OGFiNWFhMWEiLCJ1c2VybmFtZSI6ImpvaG5kb2UyNSIsInJvbGUiOjAsImlhdCI6MTc1MDc1NjM0NCwiZXhwIjoxNzUwNzU5OTQ0fQ.__5IjcWRZcedgWsYP6qf17ALWrxnULE3aZg6Aa969Fs","refresh_token":"ae07efa62b9eded6dbb21dc0cb703d22adb4f6966fd9e14010d321250a739dcc","user":{"id":"650ce1ed-aaca-438f-9988-1f058ab5aa1a","email":"testit3@gmail.com","username":"johndoe25","name":"John Doe","phoneNumber":"0123456713","profilePic":null,"bio":null,"private":false,"verified":false,"role":0,"followersCount":0,"followingCount":0,"postCount":0}}"
16:12:24.078 [main] DEBUG org.apache.http.headers -- http-outgoing-76 << HTTP/1.1 200 OK
16:12:24.078 [main] DEBUG org.apache.http.headers -- http-outgoing-76 << X-Powered-By: Express
16:12:24.078 [main] DEBUG org.apache.http.headers -- http-outgoing-76 << Access-Control-Allow-Origin: *
16:12:24.078 [main] DEBUG org.apache.http.headers -- http-outgoing-76 << Content-Type: application/json; charset=utf-8
16:12:24.078 [main] DEBUG org.apache.http.headers -- http-outgoing-76 << Content-Length: 605
16:12:24.078 [main] DEBUG org.apache.http.headers -- http-outgoing-76 << ETag: W/"25d-D9RpKpCNpx2J8XcKjVjGU08RUSg"
16:12:24.078 [main] DEBUG org.apache.http.headers -- http-outgoing-76 << Date: Tue, 24 Jun 2025 09:12:24 GMT
16:12:24.078 [main] DEBUG org.apache.http.headers -- http-outgoing-76 << Connection: keep-alive
16:12:24.078 [main] DEBUG org.apache.http.headers -- http-outgoing-76 << Keep-Alive: timeout=5
16:12:24.078 [main] DEBUG org.apache.http.impl.execchain.MainClientExec -- Connection can be kept alive for 5000 MILLISECONDS
16:12:24.080 [main] DEBUG org.apache.http.impl.conn.PoolingHttpClientConnectionManager -- Connection [id: 76][route: {}->http://localhost:3000] can be kept alive for 5.0 seconds
16:12:24.080 [main] DEBUG org.apache.http.impl.conn.DefaultManagedHttpClientConnection -- http-outgoing-76: set socket timeout to 0
16:12:24.080 [main] DEBUG org.apache.http.impl.conn.PoolingHttpClientConnectionManager -- Connection released: [id: 76][route: {}->http://localhost:3000][total available: 1; route allocated: 1 of 5; total allocated: 1 of 10]
16:12:24.080 [main] DEBUG org.apache.http.impl.conn.PoolingHttpClientConnectionManager -- Connection manager is shutting down
16:12:24.080 [main] DEBUG org.apache.http.impl.conn.DefaultManagedHttpClientConnection -- http-outgoing-76: Close connection
16:12:24.080 [main] DEBUG org.apache.http.impl.conn.PoolingHttpClientConnectionManager -- Connection manager shut down
16:12:24.080 [main] DEBUG com.intuit.karate -- response time in milliseconds: 275
1 < 200
1 < X-Powered-By: Express
1 < Access-Control-Allow-Origin: *
1 < Content-Type: application/json; charset=utf-8
1 < Content-Length: 605
1 < ETag: W/"25d-D9RpKpCNpx2J8XcKjVjGU08RUSg"
1 < Date: Tue, 24 Jun 2025 09:12:24 GMT
1 < Connection: keep-alive
1 < Keep-Alive: timeout=5
{"access_token":"eyJhbGciOiJIUzI1NiIsInR5cCI6IkpXVCJ9.eyJzdWIiOiI2NTBjZTFlZC1hYWNhLTQzOGYtOTk4OC0xZjA1OGFiNWFhMWEiLCJ1c2VybmFtZSI6ImpvaG5kb2UyNSIsInJvbGUiOjAsImlhdCI6MTc1MDc1NjM0NCwiZXhwIjoxNzUwNzU5OTQ0fQ.__5IjcWRZcedgWsYP6qf17ALWrxnULE3aZg6Aa969Fs","refresh_token":"ae07efa62b9eded6dbb21dc0cb703d22adb4f6966fd9e14010d321250a739dcc","user":{"id":"650ce1ed-aaca-438f-9988-1f058ab5aa1a","email":"testit3@gmail.com","username":"johndoe25","name":"John Doe","phoneNumber":"0123456713","profilePic":null,"bio":null,"private":false,"verified":false,"role":0,"followersCount":0,"followingCount":0,"postCount":0}}

16:12:24.081 [main] INFO com.intuit.karate -- [print] *** AFTER API CALL *** Status: 200 
16:12:24.081 [main] INFO com.intuit.karate -- [print] ### API CALL COMPLETED ### Email: testit3@gmail.com Status: 200 
16:12:24.081 [main] INFO com.intuit.karate -- [print] ### RESPONSE BODY ### {
  "access_token": "eyJhbGciOiJIUzI1NiIsInR5cCI6IkpXVCJ9.eyJzdWIiOiI2NTBjZTFlZC1hYWNhLTQzOGYtOTk4OC0xZjA1OGFiNWFhMWEiLCJ1c2VybmFtZSI6ImpvaG5kb2UyNSIsInJvbGUiOjAsImlhdCI6MTc1MDc1NjM0NCwiZXhwIjoxNzUwNzU5OTQ0fQ.__5IjcWRZcedgWsYP6qf17ALWrxnULE3aZg6Aa969Fs",
  "refresh_token": "ae07efa62b9eded6dbb21dc0cb703d22adb4f6966fd9e14010d321250a739dcc",
  "user": {
    "id": "650ce1ed-aaca-438f-9988-1f058ab5aa1a",
    "email": "testit3@gmail.com",
    "username": "johndoe25",
    "name": "John Doe",
    "phoneNumber": "0123456713",
    "profilePic": null,
    "bio": null,
    "private": false,
    "verified": false,
    "role": 0,
    "followersCount": 0,
    "followingCount": 0,
    "postCount": 0
  }
}
 
16:12:24.082 [main] INFO com.intuit.karate -- Request #77 completed - Status: 200 Time: 279ms 
16:12:24.082 [main] INFO com.intuit.karate -- *** SEQUENTIAL REQUEST #78 *** 
16:12:24.082 [main] INFO com.intuit.karate -- User: testit5@gmail.com 
16:12:24.086 [main] INFO com.intuit.karate -- [print] *** BEFORE API CALL *** Email: testit5@gmail.com URL: http://localhost:3000/auth/login 
16:12:24.086 [main] DEBUG com.jayway.jsonpath.internal.path.CompiledPath -- Evaluating path: $
16:12:24.086 [main] INFO com.intuit.karate -- [print] *** SENDING REQUEST *** Body: {
  "email": "#(email)",
  "password": "#(password)"
}
 
16:12:24.088 [main] DEBUG org.apache.http.client.protocol.RequestAddCookies -- CookieSpec selected: karate
16:12:24.088 [main] DEBUG org.apache.http.client.protocol.RequestAuthCache -- Auth cache not set in the context
16:12:24.088 [main] DEBUG com.intuit.karate -- request:
1 > POST http://localhost:3000/auth/login
1 > Content-Type: application/json; charset=UTF-8
1 > Content-Length: 54
1 > Host: localhost:3000
1 > Connection: Keep-Alive
1 > User-Agent: Apache-HttpClient/4.5.14 (Java/17.0.9)
1 > Accept-Encoding: gzip,deflate
{"email":"testit5@gmail.com","password":"Password123"}

16:12:24.088 [main] DEBUG org.apache.http.impl.conn.PoolingHttpClientConnectionManager -- Connection request: [route: {}->http://localhost:3000][total available: 0; route allocated: 0 of 5; total allocated: 0 of 10]
16:12:24.088 [main] DEBUG org.apache.http.impl.conn.PoolingHttpClientConnectionManager -- Connection leased: [id: 77][route: {}->http://localhost:3000][total available: 0; route allocated: 1 of 5; total allocated: 1 of 10]
16:12:24.088 [main] DEBUG org.apache.http.impl.execchain.MainClientExec -- Opening connection {}->http://localhost:3000
16:12:24.088 [main] DEBUG org.apache.http.impl.conn.DefaultHttpClientConnectionOperator -- Connecting to localhost/127.0.0.1:3000
16:12:24.089 [main] DEBUG org.apache.http.impl.conn.DefaultHttpClientConnectionOperator -- Connection established 127.0.0.1:51121<->127.0.0.1:3000
16:12:24.089 [main] DEBUG org.apache.http.impl.conn.DefaultManagedHttpClientConnection -- http-outgoing-77: set socket timeout to 30000
16:12:24.089 [main] DEBUG org.apache.http.impl.execchain.MainClientExec -- Executing request POST /auth/login HTTP/1.1
16:12:24.089 [main] DEBUG org.apache.http.impl.execchain.MainClientExec -- Target auth state: UNCHALLENGED
16:12:24.089 [main] DEBUG org.apache.http.impl.execchain.MainClientExec -- Proxy auth state: UNCHALLENGED
16:12:24.089 [main] DEBUG org.apache.http.headers -- http-outgoing-77 >> POST /auth/login HTTP/1.1
16:12:24.089 [main] DEBUG org.apache.http.headers -- http-outgoing-77 >> Content-Type: application/json; charset=UTF-8
16:12:24.089 [main] DEBUG org.apache.http.headers -- http-outgoing-77 >> Content-Length: 54
16:12:24.089 [main] DEBUG org.apache.http.headers -- http-outgoing-77 >> Host: localhost:3000
16:12:24.089 [main] DEBUG org.apache.http.headers -- http-outgoing-77 >> Connection: Keep-Alive
16:12:24.089 [main] DEBUG org.apache.http.headers -- http-outgoing-77 >> User-Agent: Apache-HttpClient/4.5.14 (Java/17.0.9)
16:12:24.089 [main] DEBUG org.apache.http.headers -- http-outgoing-77 >> Accept-Encoding: gzip,deflate
16:12:24.089 [main] DEBUG org.apache.http.wire -- http-outgoing-77 >> "POST /auth/login HTTP/1.1[\r][\n]"
16:12:24.089 [main] DEBUG org.apache.http.wire -- http-outgoing-77 >> "Content-Type: application/json; charset=UTF-8[\r][\n]"
16:12:24.089 [main] DEBUG org.apache.http.wire -- http-outgoing-77 >> "Content-Length: 54[\r][\n]"
16:12:24.089 [main] DEBUG org.apache.http.wire -- http-outgoing-77 >> "Host: localhost:3000[\r][\n]"
16:12:24.089 [main] DEBUG org.apache.http.wire -- http-outgoing-77 >> "Connection: Keep-Alive[\r][\n]"
16:12:24.089 [main] DEBUG org.apache.http.wire -- http-outgoing-77 >> "User-Agent: Apache-HttpClient/4.5.14 (Java/17.0.9)[\r][\n]"
16:12:24.089 [main] DEBUG org.apache.http.wire -- http-outgoing-77 >> "Accept-Encoding: gzip,deflate[\r][\n]"
16:12:24.089 [main] DEBUG org.apache.http.wire -- http-outgoing-77 >> "[\r][\n]"
16:12:24.089 [main] DEBUG org.apache.http.wire -- http-outgoing-77 >> "{"email":"testit5@gmail.com","password":"Password123"}"
16:12:24.358 [main] DEBUG org.apache.http.wire -- http-outgoing-77 << "HTTP/1.1 200 OK[\r][\n]"
16:12:24.358 [main] DEBUG org.apache.http.wire -- http-outgoing-77 << "X-Powered-By: Express[\r][\n]"
16:12:24.358 [main] DEBUG org.apache.http.wire -- http-outgoing-77 << "Access-Control-Allow-Origin: *[\r][\n]"
16:12:24.358 [main] DEBUG org.apache.http.wire -- http-outgoing-77 << "Content-Type: application/json; charset=utf-8[\r][\n]"
16:12:24.358 [main] DEBUG org.apache.http.wire -- http-outgoing-77 << "Content-Length: 609[\r][\n]"
16:12:24.358 [main] DEBUG org.apache.http.wire -- http-outgoing-77 << "ETag: W/"261-VKSYlrTjc2tvMaIQY4mKasvXzyU"[\r][\n]"
16:12:24.358 [main] DEBUG org.apache.http.wire -- http-outgoing-77 << "Date: Tue, 24 Jun 2025 09:12:24 GMT[\r][\n]"
16:12:24.358 [main] DEBUG org.apache.http.wire -- http-outgoing-77 << "Connection: keep-alive[\r][\n]"
16:12:24.358 [main] DEBUG org.apache.http.wire -- http-outgoing-77 << "Keep-Alive: timeout=5[\r][\n]"
16:12:24.358 [main] DEBUG org.apache.http.wire -- http-outgoing-77 << "[\r][\n]"
16:12:24.358 [main] DEBUG org.apache.http.wire -- http-outgoing-77 << "{"access_token":"eyJhbGciOiJIUzI1NiIsInR5cCI6IkpXVCJ9.eyJzdWIiOiIyNzJmNmI1NS01MTc5LTRhZTMtODU2My1iNGVjMTBmNzY3MTUiLCJ1c2VybmFtZSI6ImpvaG5kb2UyZDVkIiwicm9sZSI6MCwiaWF0IjoxNzUwNzU2MzQ0LCJleHAiOjE3NTA3NTk5NDR9.ZQXMa86Ov1u_y_X2pck2TooHmEqfkYITOZk_C2FxRxU","refresh_token":"da76cb759dcd836bf306b6847f96156b330c3d50e1bd871a38d4d161470a2cd3","user":{"id":"272f6b55-5179-4ae3-8563-b4ec10f76715","email":"testit5@gmail.com","username":"johndoe2d5d","name":"John Doe","phoneNumber":"0123456132","profilePic":null,"bio":null,"private":false,"verified":false,"role":0,"followersCount":0,"followingCount":0,"postCount":0}}"
16:12:24.359 [main] DEBUG org.apache.http.headers -- http-outgoing-77 << HTTP/1.1 200 OK
16:12:24.359 [main] DEBUG org.apache.http.headers -- http-outgoing-77 << X-Powered-By: Express
16:12:24.359 [main] DEBUG org.apache.http.headers -- http-outgoing-77 << Access-Control-Allow-Origin: *
16:12:24.359 [main] DEBUG org.apache.http.headers -- http-outgoing-77 << Content-Type: application/json; charset=utf-8
16:12:24.359 [main] DEBUG org.apache.http.headers -- http-outgoing-77 << Content-Length: 609
16:12:24.359 [main] DEBUG org.apache.http.headers -- http-outgoing-77 << ETag: W/"261-VKSYlrTjc2tvMaIQY4mKasvXzyU"
16:12:24.359 [main] DEBUG org.apache.http.headers -- http-outgoing-77 << Date: Tue, 24 Jun 2025 09:12:24 GMT
16:12:24.359 [main] DEBUG org.apache.http.headers -- http-outgoing-77 << Connection: keep-alive
16:12:24.359 [main] DEBUG org.apache.http.headers -- http-outgoing-77 << Keep-Alive: timeout=5
16:12:24.359 [main] DEBUG org.apache.http.impl.execchain.MainClientExec -- Connection can be kept alive for 5000 MILLISECONDS
16:12:24.359 [main] DEBUG org.apache.http.impl.conn.PoolingHttpClientConnectionManager -- Connection [id: 77][route: {}->http://localhost:3000] can be kept alive for 5.0 seconds
16:12:24.359 [main] DEBUG org.apache.http.impl.conn.DefaultManagedHttpClientConnection -- http-outgoing-77: set socket timeout to 0
16:12:24.359 [main] DEBUG org.apache.http.impl.conn.PoolingHttpClientConnectionManager -- Connection released: [id: 77][route: {}->http://localhost:3000][total available: 1; route allocated: 1 of 5; total allocated: 1 of 10]
16:12:24.359 [main] DEBUG org.apache.http.impl.conn.PoolingHttpClientConnectionManager -- Connection manager is shutting down
16:12:24.359 [main] DEBUG org.apache.http.impl.conn.DefaultManagedHttpClientConnection -- http-outgoing-77: Close connection
16:12:24.359 [main] DEBUG org.apache.http.impl.conn.PoolingHttpClientConnectionManager -- Connection manager shut down
16:12:24.359 [main] DEBUG com.intuit.karate -- response time in milliseconds: 271
1 < 200
1 < X-Powered-By: Express
1 < Access-Control-Allow-Origin: *
1 < Content-Type: application/json; charset=utf-8
1 < Content-Length: 609
1 < ETag: W/"261-VKSYlrTjc2tvMaIQY4mKasvXzyU"
1 < Date: Tue, 24 Jun 2025 09:12:24 GMT
1 < Connection: keep-alive
1 < Keep-Alive: timeout=5
{"access_token":"eyJhbGciOiJIUzI1NiIsInR5cCI6IkpXVCJ9.eyJzdWIiOiIyNzJmNmI1NS01MTc5LTRhZTMtODU2My1iNGVjMTBmNzY3MTUiLCJ1c2VybmFtZSI6ImpvaG5kb2UyZDVkIiwicm9sZSI6MCwiaWF0IjoxNzUwNzU2MzQ0LCJleHAiOjE3NTA3NTk5NDR9.ZQXMa86Ov1u_y_X2pck2TooHmEqfkYITOZk_C2FxRxU","refresh_token":"da76cb759dcd836bf306b6847f96156b330c3d50e1bd871a38d4d161470a2cd3","user":{"id":"272f6b55-5179-4ae3-8563-b4ec10f76715","email":"testit5@gmail.com","username":"johndoe2d5d","name":"John Doe","phoneNumber":"0123456132","profilePic":null,"bio":null,"private":false,"verified":false,"role":0,"followersCount":0,"followingCount":0,"postCount":0}}

16:12:24.359 [main] INFO com.intuit.karate -- [print] *** AFTER API CALL *** Status: 200 
16:12:24.360 [main] INFO com.intuit.karate -- [print] ### API CALL COMPLETED ### Email: testit5@gmail.com Status: 200 
16:12:24.360 [main] INFO com.intuit.karate -- [print] ### RESPONSE BODY ### {
  "access_token": "eyJhbGciOiJIUzI1NiIsInR5cCI6IkpXVCJ9.eyJzdWIiOiIyNzJmNmI1NS01MTc5LTRhZTMtODU2My1iNGVjMTBmNzY3MTUiLCJ1c2VybmFtZSI6ImpvaG5kb2UyZDVkIiwicm9sZSI6MCwiaWF0IjoxNzUwNzU2MzQ0LCJleHAiOjE3NTA3NTk5NDR9.ZQXMa86Ov1u_y_X2pck2TooHmEqfkYITOZk_C2FxRxU",
  "refresh_token": "da76cb759dcd836bf306b6847f96156b330c3d50e1bd871a38d4d161470a2cd3",
  "user": {
    "id": "272f6b55-5179-4ae3-8563-b4ec10f76715",
    "email": "testit5@gmail.com",
    "username": "johndoe2d5d",
    "name": "John Doe",
    "phoneNumber": "0123456132",
    "profilePic": null,
    "bio": null,
    "private": false,
    "verified": false,
    "role": 0,
    "followersCount": 0,
    "followingCount": 0,
    "postCount": 0
  }
}
 
16:12:24.360 [main] INFO com.intuit.karate -- Request #78 completed - Status: 200 Time: 278ms 
16:12:24.361 [main] INFO com.intuit.karate -- *** SEQUENTIAL REQUEST #79 *** 
16:12:24.361 [main] INFO com.intuit.karate -- User: testit@gmail.com 
16:12:24.364 [main] INFO com.intuit.karate -- [print] *** BEFORE API CALL *** Email: testit@gmail.com URL: http://localhost:3000/auth/login 
16:12:24.364 [main] DEBUG com.jayway.jsonpath.internal.path.CompiledPath -- Evaluating path: $
16:12:24.364 [main] INFO com.intuit.karate -- [print] *** SENDING REQUEST *** Body: {
  "email": "#(email)",
  "password": "#(password)"
}
 
16:12:24.365 [main] DEBUG org.apache.http.client.protocol.RequestAddCookies -- CookieSpec selected: karate
16:12:24.365 [main] DEBUG org.apache.http.client.protocol.RequestAuthCache -- Auth cache not set in the context
16:12:24.365 [main] DEBUG com.intuit.karate -- request:
1 > POST http://localhost:3000/auth/login
1 > Content-Type: application/json; charset=UTF-8
1 > Content-Length: 53
1 > Host: localhost:3000
1 > Connection: Keep-Alive
1 > User-Agent: Apache-HttpClient/4.5.14 (Java/17.0.9)
1 > Accept-Encoding: gzip,deflate
{"email":"testit@gmail.com","password":"Password123"}

16:12:24.365 [main] DEBUG org.apache.http.impl.conn.PoolingHttpClientConnectionManager -- Connection request: [route: {}->http://localhost:3000][total available: 0; route allocated: 0 of 5; total allocated: 0 of 10]
16:12:24.365 [main] DEBUG org.apache.http.impl.conn.PoolingHttpClientConnectionManager -- Connection leased: [id: 78][route: {}->http://localhost:3000][total available: 0; route allocated: 1 of 5; total allocated: 1 of 10]
16:12:24.365 [main] DEBUG org.apache.http.impl.execchain.MainClientExec -- Opening connection {}->http://localhost:3000
16:12:24.365 [main] DEBUG org.apache.http.impl.conn.DefaultHttpClientConnectionOperator -- Connecting to localhost/127.0.0.1:3000
16:12:24.366 [main] DEBUG org.apache.http.impl.conn.DefaultHttpClientConnectionOperator -- Connection established 127.0.0.1:51122<->127.0.0.1:3000
16:12:24.366 [main] DEBUG org.apache.http.impl.conn.DefaultManagedHttpClientConnection -- http-outgoing-78: set socket timeout to 30000
16:12:24.366 [main] DEBUG org.apache.http.impl.execchain.MainClientExec -- Executing request POST /auth/login HTTP/1.1
16:12:24.366 [main] DEBUG org.apache.http.impl.execchain.MainClientExec -- Target auth state: UNCHALLENGED
16:12:24.366 [main] DEBUG org.apache.http.impl.execchain.MainClientExec -- Proxy auth state: UNCHALLENGED
16:12:24.366 [main] DEBUG org.apache.http.headers -- http-outgoing-78 >> POST /auth/login HTTP/1.1
16:12:24.366 [main] DEBUG org.apache.http.headers -- http-outgoing-78 >> Content-Type: application/json; charset=UTF-8
16:12:24.366 [main] DEBUG org.apache.http.headers -- http-outgoing-78 >> Content-Length: 53
16:12:24.366 [main] DEBUG org.apache.http.headers -- http-outgoing-78 >> Host: localhost:3000
16:12:24.366 [main] DEBUG org.apache.http.headers -- http-outgoing-78 >> Connection: Keep-Alive
16:12:24.366 [main] DEBUG org.apache.http.headers -- http-outgoing-78 >> User-Agent: Apache-HttpClient/4.5.14 (Java/17.0.9)
16:12:24.366 [main] DEBUG org.apache.http.headers -- http-outgoing-78 >> Accept-Encoding: gzip,deflate
16:12:24.366 [main] DEBUG org.apache.http.wire -- http-outgoing-78 >> "POST /auth/login HTTP/1.1[\r][\n]"
16:12:24.366 [main] DEBUG org.apache.http.wire -- http-outgoing-78 >> "Content-Type: application/json; charset=UTF-8[\r][\n]"
16:12:24.366 [main] DEBUG org.apache.http.wire -- http-outgoing-78 >> "Content-Length: 53[\r][\n]"
16:12:24.366 [main] DEBUG org.apache.http.wire -- http-outgoing-78 >> "Host: localhost:3000[\r][\n]"
16:12:24.366 [main] DEBUG org.apache.http.wire -- http-outgoing-78 >> "Connection: Keep-Alive[\r][\n]"
16:12:24.366 [main] DEBUG org.apache.http.wire -- http-outgoing-78 >> "User-Agent: Apache-HttpClient/4.5.14 (Java/17.0.9)[\r][\n]"
16:12:24.366 [main] DEBUG org.apache.http.wire -- http-outgoing-78 >> "Accept-Encoding: gzip,deflate[\r][\n]"
16:12:24.366 [main] DEBUG org.apache.http.wire -- http-outgoing-78 >> "[\r][\n]"
16:12:24.366 [main] DEBUG org.apache.http.wire -- http-outgoing-78 >> "{"email":"testit@gmail.com","password":"Password123"}"
16:12:24.638 [main] DEBUG org.apache.http.wire -- http-outgoing-78 << "HTTP/1.1 200 OK[\r][\n]"
16:12:24.638 [main] DEBUG org.apache.http.wire -- http-outgoing-78 << "X-Powered-By: Express[\r][\n]"
16:12:24.638 [main] DEBUG org.apache.http.wire -- http-outgoing-78 << "Access-Control-Allow-Origin: *[\r][\n]"
16:12:24.638 [main] DEBUG org.apache.http.wire -- http-outgoing-78 << "Content-Type: application/json; charset=utf-8[\r][\n]"
16:12:24.638 [main] DEBUG org.apache.http.wire -- http-outgoing-78 << "Content-Length: 604[\r][\n]"
16:12:24.638 [main] DEBUG org.apache.http.wire -- http-outgoing-78 << "ETag: W/"25c-sF0+UFmYyO7viJUZe8HQEsbW+Hc"[\r][\n]"
16:12:24.638 [main] DEBUG org.apache.http.wire -- http-outgoing-78 << "Date: Tue, 24 Jun 2025 09:12:24 GMT[\r][\n]"
16:12:24.638 [main] DEBUG org.apache.http.wire -- http-outgoing-78 << "Connection: keep-alive[\r][\n]"
16:12:24.638 [main] DEBUG org.apache.http.wire -- http-outgoing-78 << "Keep-Alive: timeout=5[\r][\n]"
16:12:24.638 [main] DEBUG org.apache.http.wire -- http-outgoing-78 << "[\r][\n]"
16:12:24.638 [main] DEBUG org.apache.http.wire -- http-outgoing-78 << "{"access_token":"eyJhbGciOiJIUzI1NiIsInR5cCI6IkpXVCJ9.eyJzdWIiOiJkZjZmMDkxOS1hMjNkLTQ0YzktYTkyNS00ZWE4YmU1MjVkMTAiLCJ1c2VybmFtZSI6ImpvaG5kb2UyMyIsInJvbGUiOjAsImlhdCI6MTc1MDc1NjM0NCwiZXhwIjoxNzUwNzU5OTQ0fQ.R-d2-WDC05CcQqve3DD-w1DJh5pS67ofvPRAIJqCmLw","refresh_token":"847e84313da6de31eff820d4b96d9a0709194bbc850726eb2d2eafdcf5baa215","user":{"id":"df6f0919-a23d-44c9-a925-4ea8be525d10","email":"testit@gmail.com","username":"johndoe23","name":"John Doe","phoneNumber":"0123456788","profilePic":null,"bio":null,"private":false,"verified":false,"role":0,"followersCount":0,"followingCount":0,"postCount":0}}"
16:12:24.639 [main] DEBUG org.apache.http.headers -- http-outgoing-78 << HTTP/1.1 200 OK
16:12:24.639 [main] DEBUG org.apache.http.headers -- http-outgoing-78 << X-Powered-By: Express
16:12:24.639 [main] DEBUG org.apache.http.headers -- http-outgoing-78 << Access-Control-Allow-Origin: *
16:12:24.639 [main] DEBUG org.apache.http.headers -- http-outgoing-78 << Content-Type: application/json; charset=utf-8
16:12:24.639 [main] DEBUG org.apache.http.headers -- http-outgoing-78 << Content-Length: 604
16:12:24.639 [main] DEBUG org.apache.http.headers -- http-outgoing-78 << ETag: W/"25c-sF0+UFmYyO7viJUZe8HQEsbW+Hc"
16:12:24.639 [main] DEBUG org.apache.http.headers -- http-outgoing-78 << Date: Tue, 24 Jun 2025 09:12:24 GMT
16:12:24.639 [main] DEBUG org.apache.http.headers -- http-outgoing-78 << Connection: keep-alive
16:12:24.639 [main] DEBUG org.apache.http.headers -- http-outgoing-78 << Keep-Alive: timeout=5
16:12:24.639 [main] DEBUG org.apache.http.impl.execchain.MainClientExec -- Connection can be kept alive for 5000 MILLISECONDS
16:12:24.639 [main] DEBUG org.apache.http.impl.conn.PoolingHttpClientConnectionManager -- Connection [id: 78][route: {}->http://localhost:3000] can be kept alive for 5.0 seconds
16:12:24.639 [main] DEBUG org.apache.http.impl.conn.DefaultManagedHttpClientConnection -- http-outgoing-78: set socket timeout to 0
16:12:24.639 [main] DEBUG org.apache.http.impl.conn.PoolingHttpClientConnectionManager -- Connection released: [id: 78][route: {}->http://localhost:3000][total available: 1; route allocated: 1 of 5; total allocated: 1 of 10]
16:12:24.639 [main] DEBUG org.apache.http.impl.conn.PoolingHttpClientConnectionManager -- Connection manager is shutting down
16:12:24.639 [main] DEBUG org.apache.http.impl.conn.DefaultManagedHttpClientConnection -- http-outgoing-78: Close connection
16:12:24.639 [main] DEBUG org.apache.http.impl.conn.PoolingHttpClientConnectionManager -- Connection manager shut down
16:12:24.639 [main] DEBUG com.intuit.karate -- response time in milliseconds: 274
1 < 200
1 < X-Powered-By: Express
1 < Access-Control-Allow-Origin: *
1 < Content-Type: application/json; charset=utf-8
1 < Content-Length: 604
1 < ETag: W/"25c-sF0+UFmYyO7viJUZe8HQEsbW+Hc"
1 < Date: Tue, 24 Jun 2025 09:12:24 GMT
1 < Connection: keep-alive
1 < Keep-Alive: timeout=5
{"access_token":"eyJhbGciOiJIUzI1NiIsInR5cCI6IkpXVCJ9.eyJzdWIiOiJkZjZmMDkxOS1hMjNkLTQ0YzktYTkyNS00ZWE4YmU1MjVkMTAiLCJ1c2VybmFtZSI6ImpvaG5kb2UyMyIsInJvbGUiOjAsImlhdCI6MTc1MDc1NjM0NCwiZXhwIjoxNzUwNzU5OTQ0fQ.R-d2-WDC05CcQqve3DD-w1DJh5pS67ofvPRAIJqCmLw","refresh_token":"847e84313da6de31eff820d4b96d9a0709194bbc850726eb2d2eafdcf5baa215","user":{"id":"df6f0919-a23d-44c9-a925-4ea8be525d10","email":"testit@gmail.com","username":"johndoe23","name":"John Doe","phoneNumber":"0123456788","profilePic":null,"bio":null,"private":false,"verified":false,"role":0,"followersCount":0,"followingCount":0,"postCount":0}}

16:12:24.640 [main] INFO com.intuit.karate -- [print] *** AFTER API CALL *** Status: 200 
16:12:24.640 [main] INFO com.intuit.karate -- [print] ### API CALL COMPLETED ### Email: testit@gmail.com Status: 200 
16:12:24.640 [main] INFO com.intuit.karate -- [print] ### RESPONSE BODY ### {
  "access_token": "eyJhbGciOiJIUzI1NiIsInR5cCI6IkpXVCJ9.eyJzdWIiOiJkZjZmMDkxOS1hMjNkLTQ0YzktYTkyNS00ZWE4YmU1MjVkMTAiLCJ1c2VybmFtZSI6ImpvaG5kb2UyMyIsInJvbGUiOjAsImlhdCI6MTc1MDc1NjM0NCwiZXhwIjoxNzUwNzU5OTQ0fQ.R-d2-WDC05CcQqve3DD-w1DJh5pS67ofvPRAIJqCmLw",
  "refresh_token": "847e84313da6de31eff820d4b96d9a0709194bbc850726eb2d2eafdcf5baa215",
  "user": {
    "id": "df6f0919-a23d-44c9-a925-4ea8be525d10",
    "email": "testit@gmail.com",
    "username": "johndoe23",
    "name": "John Doe",
    "phoneNumber": "0123456788",
    "profilePic": null,
    "bio": null,
    "private": false,
    "verified": false,
    "role": 0,
    "followersCount": 0,
    "followingCount": 0,
    "postCount": 0
  }
}
 
16:12:24.641 [main] INFO com.intuit.karate -- Request #79 completed - Status: 200 Time: 280ms 
16:12:24.641 [main] INFO com.intuit.karate -- *** SEQUENTIAL REQUEST #80 *** 
16:12:24.641 [main] INFO com.intuit.karate -- User: testit2@gmail.com 
16:12:24.644 [main] INFO com.intuit.karate -- [print] *** BEFORE API CALL *** Email: testit2@gmail.com URL: http://localhost:3000/auth/login 
16:12:24.644 [main] DEBUG com.jayway.jsonpath.internal.path.CompiledPath -- Evaluating path: $
16:12:24.644 [main] INFO com.intuit.karate -- [print] *** SENDING REQUEST *** Body: {
  "email": "#(email)",
  "password": "#(password)"
}
 
16:12:24.645 [main] DEBUG org.apache.http.client.protocol.RequestAddCookies -- CookieSpec selected: karate
16:12:24.645 [main] DEBUG org.apache.http.client.protocol.RequestAuthCache -- Auth cache not set in the context
16:12:24.645 [main] DEBUG com.intuit.karate -- request:
1 > POST http://localhost:3000/auth/login
1 > Content-Type: application/json; charset=UTF-8
1 > Content-Length: 54
1 > Host: localhost:3000
1 > Connection: Keep-Alive
1 > User-Agent: Apache-HttpClient/4.5.14 (Java/17.0.9)
1 > Accept-Encoding: gzip,deflate
{"email":"testit2@gmail.com","password":"Password123"}

16:12:24.645 [main] DEBUG org.apache.http.impl.conn.PoolingHttpClientConnectionManager -- Connection request: [route: {}->http://localhost:3000][total available: 0; route allocated: 0 of 5; total allocated: 0 of 10]
16:12:24.645 [main] DEBUG org.apache.http.impl.conn.PoolingHttpClientConnectionManager -- Connection leased: [id: 79][route: {}->http://localhost:3000][total available: 0; route allocated: 1 of 5; total allocated: 1 of 10]
16:12:24.645 [main] DEBUG org.apache.http.impl.execchain.MainClientExec -- Opening connection {}->http://localhost:3000
16:12:24.645 [main] DEBUG org.apache.http.impl.conn.DefaultHttpClientConnectionOperator -- Connecting to localhost/127.0.0.1:3000
16:12:24.645 [main] DEBUG org.apache.http.impl.conn.DefaultHttpClientConnectionOperator -- Connection established 127.0.0.1:51123<->127.0.0.1:3000
16:12:24.645 [main] DEBUG org.apache.http.impl.conn.DefaultManagedHttpClientConnection -- http-outgoing-79: set socket timeout to 30000
16:12:24.645 [main] DEBUG org.apache.http.impl.execchain.MainClientExec -- Executing request POST /auth/login HTTP/1.1
16:12:24.645 [main] DEBUG org.apache.http.impl.execchain.MainClientExec -- Target auth state: UNCHALLENGED
16:12:24.645 [main] DEBUG org.apache.http.impl.execchain.MainClientExec -- Proxy auth state: UNCHALLENGED
16:12:24.645 [main] DEBUG org.apache.http.headers -- http-outgoing-79 >> POST /auth/login HTTP/1.1
16:12:24.645 [main] DEBUG org.apache.http.headers -- http-outgoing-79 >> Content-Type: application/json; charset=UTF-8
16:12:24.645 [main] DEBUG org.apache.http.headers -- http-outgoing-79 >> Content-Length: 54
16:12:24.645 [main] DEBUG org.apache.http.headers -- http-outgoing-79 >> Host: localhost:3000
16:12:24.645 [main] DEBUG org.apache.http.headers -- http-outgoing-79 >> Connection: Keep-Alive
16:12:24.645 [main] DEBUG org.apache.http.headers -- http-outgoing-79 >> User-Agent: Apache-HttpClient/4.5.14 (Java/17.0.9)
16:12:24.645 [main] DEBUG org.apache.http.headers -- http-outgoing-79 >> Accept-Encoding: gzip,deflate
16:12:24.645 [main] DEBUG org.apache.http.wire -- http-outgoing-79 >> "POST /auth/login HTTP/1.1[\r][\n]"
16:12:24.645 [main] DEBUG org.apache.http.wire -- http-outgoing-79 >> "Content-Type: application/json; charset=UTF-8[\r][\n]"
16:12:24.645 [main] DEBUG org.apache.http.wire -- http-outgoing-79 >> "Content-Length: 54[\r][\n]"
16:12:24.645 [main] DEBUG org.apache.http.wire -- http-outgoing-79 >> "Host: localhost:3000[\r][\n]"
16:12:24.645 [main] DEBUG org.apache.http.wire -- http-outgoing-79 >> "Connection: Keep-Alive[\r][\n]"
16:12:24.645 [main] DEBUG org.apache.http.wire -- http-outgoing-79 >> "User-Agent: Apache-HttpClient/4.5.14 (Java/17.0.9)[\r][\n]"
16:12:24.645 [main] DEBUG org.apache.http.wire -- http-outgoing-79 >> "Accept-Encoding: gzip,deflate[\r][\n]"
16:12:24.645 [main] DEBUG org.apache.http.wire -- http-outgoing-79 >> "[\r][\n]"
16:12:24.645 [main] DEBUG org.apache.http.wire -- http-outgoing-79 >> "{"email":"testit2@gmail.com","password":"Password123"}"
16:12:24.904 [main] DEBUG org.apache.http.wire -- http-outgoing-79 << "HTTP/1.1 200 OK[\r][\n]"
16:12:24.904 [main] DEBUG org.apache.http.wire -- http-outgoing-79 << "X-Powered-By: Express[\r][\n]"
16:12:24.904 [main] DEBUG org.apache.http.wire -- http-outgoing-79 << "Access-Control-Allow-Origin: *[\r][\n]"
16:12:24.904 [main] DEBUG org.apache.http.wire -- http-outgoing-79 << "Content-Type: application/json; charset=utf-8[\r][\n]"
16:12:24.904 [main] DEBUG org.apache.http.wire -- http-outgoing-79 << "Content-Length: 605[\r][\n]"
16:12:24.904 [main] DEBUG org.apache.http.wire -- http-outgoing-79 << "ETag: W/"25d-1dGLi2Ok6Lkw5TgH6Ft+0IRuI44"[\r][\n]"
16:12:24.904 [main] DEBUG org.apache.http.wire -- http-outgoing-79 << "Date: Tue, 24 Jun 2025 09:12:24 GMT[\r][\n]"
16:12:24.904 [main] DEBUG org.apache.http.wire -- http-outgoing-79 << "Connection: keep-alive[\r][\n]"
16:12:24.904 [main] DEBUG org.apache.http.wire -- http-outgoing-79 << "Keep-Alive: timeout=5[\r][\n]"
16:12:24.904 [main] DEBUG org.apache.http.wire -- http-outgoing-79 << "[\r][\n]"
16:12:24.904 [main] DEBUG org.apache.http.wire -- http-outgoing-79 << "{"access_token":"eyJhbGciOiJIUzI1NiIsInR5cCI6IkpXVCJ9.eyJzdWIiOiIwYTM3ZWY0My1mZWU4LTQxZDMtYTY4Ni04YWIwODY5NDg2OTUiLCJ1c2VybmFtZSI6ImpvaG5kb2UyMSIsInJvbGUiOjAsImlhdCI6MTc1MDc1NjM0NCwiZXhwIjoxNzUwNzU5OTQ0fQ.j3ewItWWIkrv1qru_n7EMTf61atRaM1xrU9bckCzh8Q","refresh_token":"598538ef05500fd6261773058577788aedd066e0f5bbe932f63566cd6010d2ba","user":{"id":"0a37ef43-fee8-41d3-a686-8ab086948695","email":"testit2@gmail.com","username":"johndoe21","name":"John Doe","phoneNumber":"0123456712","profilePic":null,"bio":null,"private":false,"verified":false,"role":0,"followersCount":0,"followingCount":0,"postCount":0}}"
16:12:24.905 [main] DEBUG org.apache.http.headers -- http-outgoing-79 << HTTP/1.1 200 OK
16:12:24.905 [main] DEBUG org.apache.http.headers -- http-outgoing-79 << X-Powered-By: Express
16:12:24.905 [main] DEBUG org.apache.http.headers -- http-outgoing-79 << Access-Control-Allow-Origin: *
16:12:24.905 [main] DEBUG org.apache.http.headers -- http-outgoing-79 << Content-Type: application/json; charset=utf-8
16:12:24.905 [main] DEBUG org.apache.http.headers -- http-outgoing-79 << Content-Length: 605
16:12:24.905 [main] DEBUG org.apache.http.headers -- http-outgoing-79 << ETag: W/"25d-1dGLi2Ok6Lkw5TgH6Ft+0IRuI44"
16:12:24.905 [main] DEBUG org.apache.http.headers -- http-outgoing-79 << Date: Tue, 24 Jun 2025 09:12:24 GMT
16:12:24.905 [main] DEBUG org.apache.http.headers -- http-outgoing-79 << Connection: keep-alive
16:12:24.905 [main] DEBUG org.apache.http.headers -- http-outgoing-79 << Keep-Alive: timeout=5
16:12:24.905 [main] DEBUG org.apache.http.impl.execchain.MainClientExec -- Connection can be kept alive for 5000 MILLISECONDS
16:12:24.905 [main] DEBUG org.apache.http.impl.conn.PoolingHttpClientConnectionManager -- Connection [id: 79][route: {}->http://localhost:3000] can be kept alive for 5.0 seconds
16:12:24.905 [main] DEBUG org.apache.http.impl.conn.DefaultManagedHttpClientConnection -- http-outgoing-79: set socket timeout to 0
16:12:24.905 [main] DEBUG org.apache.http.impl.conn.PoolingHttpClientConnectionManager -- Connection released: [id: 79][route: {}->http://localhost:3000][total available: 1; route allocated: 1 of 5; total allocated: 1 of 10]
16:12:24.905 [main] DEBUG org.apache.http.impl.conn.PoolingHttpClientConnectionManager -- Connection manager is shutting down
16:12:24.905 [main] DEBUG org.apache.http.impl.conn.DefaultManagedHttpClientConnection -- http-outgoing-79: Close connection
16:12:24.905 [main] DEBUG org.apache.http.impl.conn.PoolingHttpClientConnectionManager -- Connection manager shut down
16:12:24.905 [main] DEBUG com.intuit.karate -- response time in milliseconds: 260
1 < 200
1 < X-Powered-By: Express
1 < Access-Control-Allow-Origin: *
1 < Content-Type: application/json; charset=utf-8
1 < Content-Length: 605
1 < ETag: W/"25d-1dGLi2Ok6Lkw5TgH6Ft+0IRuI44"
1 < Date: Tue, 24 Jun 2025 09:12:24 GMT
1 < Connection: keep-alive
1 < Keep-Alive: timeout=5
{"access_token":"eyJhbGciOiJIUzI1NiIsInR5cCI6IkpXVCJ9.eyJzdWIiOiIwYTM3ZWY0My1mZWU4LTQxZDMtYTY4Ni04YWIwODY5NDg2OTUiLCJ1c2VybmFtZSI6ImpvaG5kb2UyMSIsInJvbGUiOjAsImlhdCI6MTc1MDc1NjM0NCwiZXhwIjoxNzUwNzU5OTQ0fQ.j3ewItWWIkrv1qru_n7EMTf61atRaM1xrU9bckCzh8Q","refresh_token":"598538ef05500fd6261773058577788aedd066e0f5bbe932f63566cd6010d2ba","user":{"id":"0a37ef43-fee8-41d3-a686-8ab086948695","email":"testit2@gmail.com","username":"johndoe21","name":"John Doe","phoneNumber":"0123456712","profilePic":null,"bio":null,"private":false,"verified":false,"role":0,"followersCount":0,"followingCount":0,"postCount":0}}

16:12:24.905 [main] INFO com.intuit.karate -- [print] *** AFTER API CALL *** Status: 200 
16:12:24.905 [main] INFO com.intuit.karate -- [print] ### API CALL COMPLETED ### Email: testit2@gmail.com Status: 200 
16:12:24.905 [main] INFO com.intuit.karate -- [print] ### RESPONSE BODY ### {
  "access_token": "eyJhbGciOiJIUzI1NiIsInR5cCI6IkpXVCJ9.eyJzdWIiOiIwYTM3ZWY0My1mZWU4LTQxZDMtYTY4Ni04YWIwODY5NDg2OTUiLCJ1c2VybmFtZSI6ImpvaG5kb2UyMSIsInJvbGUiOjAsImlhdCI6MTc1MDc1NjM0NCwiZXhwIjoxNzUwNzU5OTQ0fQ.j3ewItWWIkrv1qru_n7EMTf61atRaM1xrU9bckCzh8Q",
  "refresh_token": "598538ef05500fd6261773058577788aedd066e0f5bbe932f63566cd6010d2ba",
  "user": {
    "id": "0a37ef43-fee8-41d3-a686-8ab086948695",
    "email": "testit2@gmail.com",
    "username": "johndoe21",
    "name": "John Doe",
    "phoneNumber": "0123456712",
    "profilePic": null,
    "bio": null,
    "private": false,
    "verified": false,
    "role": 0,
    "followersCount": 0,
    "followingCount": 0,
    "postCount": 0
  }
}
 
16:12:24.907 [main] INFO com.intuit.karate -- Request #80 completed - Status: 200 Time: 266ms 
16:12:24.907 [main] INFO com.intuit.karate -- *** SEQUENTIAL REQUEST #81 *** 
16:12:24.907 [main] INFO com.intuit.karate -- User: nam@gmail.com 
16:12:24.910 [main] INFO com.intuit.karate -- [print] *** BEFORE API CALL *** Email: nam@gmail.com URL: http://localhost:3000/auth/login 
16:12:24.910 [main] DEBUG com.jayway.jsonpath.internal.path.CompiledPath -- Evaluating path: $
16:12:24.911 [main] INFO com.intuit.karate -- [print] *** SENDING REQUEST *** Body: {
  "email": "#(email)",
  "password": "#(password)"
}
 
16:12:24.911 [main] DEBUG org.apache.http.client.protocol.RequestAddCookies -- CookieSpec selected: karate
16:12:24.911 [main] DEBUG org.apache.http.client.protocol.RequestAuthCache -- Auth cache not set in the context
16:12:24.911 [main] DEBUG com.intuit.karate -- request:
1 > POST http://localhost:3000/auth/login
1 > Content-Type: application/json; charset=UTF-8
1 > Content-Length: 45
1 > Host: localhost:3000
1 > Connection: Keep-Alive
1 > User-Agent: Apache-HttpClient/4.5.14 (Java/17.0.9)
1 > Accept-Encoding: gzip,deflate
{"email":"nam@gmail.com","password":"123456"}

16:12:24.911 [main] DEBUG org.apache.http.impl.conn.PoolingHttpClientConnectionManager -- Connection request: [route: {}->http://localhost:3000][total available: 0; route allocated: 0 of 5; total allocated: 0 of 10]
16:12:24.911 [main] DEBUG org.apache.http.impl.conn.PoolingHttpClientConnectionManager -- Connection leased: [id: 80][route: {}->http://localhost:3000][total available: 0; route allocated: 1 of 5; total allocated: 1 of 10]
16:12:24.911 [main] DEBUG org.apache.http.impl.execchain.MainClientExec -- Opening connection {}->http://localhost:3000
16:12:24.911 [main] DEBUG org.apache.http.impl.conn.DefaultHttpClientConnectionOperator -- Connecting to localhost/127.0.0.1:3000
16:12:24.913 [main] DEBUG org.apache.http.impl.conn.DefaultHttpClientConnectionOperator -- Connection established 127.0.0.1:51124<->127.0.0.1:3000
16:12:24.913 [main] DEBUG org.apache.http.impl.conn.DefaultManagedHttpClientConnection -- http-outgoing-80: set socket timeout to 30000
16:12:24.913 [main] DEBUG org.apache.http.impl.execchain.MainClientExec -- Executing request POST /auth/login HTTP/1.1
16:12:24.913 [main] DEBUG org.apache.http.impl.execchain.MainClientExec -- Target auth state: UNCHALLENGED
16:12:24.913 [main] DEBUG org.apache.http.impl.execchain.MainClientExec -- Proxy auth state: UNCHALLENGED
16:12:24.913 [main] DEBUG org.apache.http.headers -- http-outgoing-80 >> POST /auth/login HTTP/1.1
16:12:24.913 [main] DEBUG org.apache.http.headers -- http-outgoing-80 >> Content-Type: application/json; charset=UTF-8
16:12:24.913 [main] DEBUG org.apache.http.headers -- http-outgoing-80 >> Content-Length: 45
16:12:24.913 [main] DEBUG org.apache.http.headers -- http-outgoing-80 >> Host: localhost:3000
16:12:24.913 [main] DEBUG org.apache.http.headers -- http-outgoing-80 >> Connection: Keep-Alive
16:12:24.913 [main] DEBUG org.apache.http.headers -- http-outgoing-80 >> User-Agent: Apache-HttpClient/4.5.14 (Java/17.0.9)
16:12:24.913 [main] DEBUG org.apache.http.headers -- http-outgoing-80 >> Accept-Encoding: gzip,deflate
16:12:24.913 [main] DEBUG org.apache.http.wire -- http-outgoing-80 >> "POST /auth/login HTTP/1.1[\r][\n]"
16:12:24.913 [main] DEBUG org.apache.http.wire -- http-outgoing-80 >> "Content-Type: application/json; charset=UTF-8[\r][\n]"
16:12:24.913 [main] DEBUG org.apache.http.wire -- http-outgoing-80 >> "Content-Length: 45[\r][\n]"
16:12:24.913 [main] DEBUG org.apache.http.wire -- http-outgoing-80 >> "Host: localhost:3000[\r][\n]"
16:12:24.913 [main] DEBUG org.apache.http.wire -- http-outgoing-80 >> "Connection: Keep-Alive[\r][\n]"
16:12:24.913 [main] DEBUG org.apache.http.wire -- http-outgoing-80 >> "User-Agent: Apache-HttpClient/4.5.14 (Java/17.0.9)[\r][\n]"
16:12:24.913 [main] DEBUG org.apache.http.wire -- http-outgoing-80 >> "Accept-Encoding: gzip,deflate[\r][\n]"
16:12:24.913 [main] DEBUG org.apache.http.wire -- http-outgoing-80 >> "[\r][\n]"
16:12:24.913 [main] DEBUG org.apache.http.wire -- http-outgoing-80 >> "{"email":"nam@gmail.com","password":"123456"}"
16:12:25.178 [main] DEBUG org.apache.http.wire -- http-outgoing-80 << "HTTP/1.1 200 OK[\r][\n]"
16:12:25.179 [main] DEBUG org.apache.http.wire -- http-outgoing-80 << "X-Powered-By: Express[\r][\n]"
16:12:25.179 [main] DEBUG org.apache.http.wire -- http-outgoing-80 << "Access-Control-Allow-Origin: *[\r][\n]"
16:12:25.179 [main] DEBUG org.apache.http.wire -- http-outgoing-80 << "Content-Type: application/json; charset=utf-8[\r][\n]"
16:12:25.179 [main] DEBUG org.apache.http.wire -- http-outgoing-80 << "Content-Length: 708[\r][\n]"
16:12:25.179 [main] DEBUG org.apache.http.wire -- http-outgoing-80 << "ETag: W/"2c4-5iqMpFOw4T0/xRP7UNuQ9BLwVrU"[\r][\n]"
16:12:25.179 [main] DEBUG org.apache.http.wire -- http-outgoing-80 << "Date: Tue, 24 Jun 2025 09:12:25 GMT[\r][\n]"
16:12:25.179 [main] DEBUG org.apache.http.wire -- http-outgoing-80 << "Connection: keep-alive[\r][\n]"
16:12:25.179 [main] DEBUG org.apache.http.wire -- http-outgoing-80 << "Keep-Alive: timeout=5[\r][\n]"
16:12:25.179 [main] DEBUG org.apache.http.wire -- http-outgoing-80 << "[\r][\n]"
16:12:25.179 [main] DEBUG org.apache.http.wire -- http-outgoing-80 << "{"access_token":"eyJhbGciOiJIUzI1NiIsInR5cCI6IkpXVCJ9.eyJzdWIiOiIwODUxNWIwNS0yZDNlLTQ3ODktYWQ2MC1kYjM1NTI1YTQ5NzAiLCJ1c2VybmFtZSI6Im5hbSIsInJvbGUiOjAsImlhdCI6MTc1MDc1NjM0NSwiZXhwIjoxNzUwNzU5OTQ1fQ.B7-VKLIJRZFdbUxZZeEWXUyiJol-5g1EWF8F4-FHXt0","refresh_token":"6bc8501492429ae406fb6ef8ff542b52e6deb7332a28565a2ba3aee520e1edd6","user":{"id":"08515b05-2d3e-4789-ad60-db35525a4970","email":"nam@gmail.com","username":"nam","name":"nam","phoneNumber":"0123456789","profilePic":"https://res.cloudinary.com/dizcvrefo/image/upload/v1749266646/nestjs_uploads/zk9zrpeidnovxibfqdxr.png","bio":"Chu tich hoi dong Quan tri 1","private":false,"verified":false,"role":0,"followersCount":2,"followingCount":5,"postCount":13}}"
16:12:25.179 [main] DEBUG org.apache.http.headers -- http-outgoing-80 << HTTP/1.1 200 OK
16:12:25.179 [main] DEBUG org.apache.http.headers -- http-outgoing-80 << X-Powered-By: Express
16:12:25.179 [main] DEBUG org.apache.http.headers -- http-outgoing-80 << Access-Control-Allow-Origin: *
16:12:25.179 [main] DEBUG org.apache.http.headers -- http-outgoing-80 << Content-Type: application/json; charset=utf-8
16:12:25.179 [main] DEBUG org.apache.http.headers -- http-outgoing-80 << Content-Length: 708
16:12:25.179 [main] DEBUG org.apache.http.headers -- http-outgoing-80 << ETag: W/"2c4-5iqMpFOw4T0/xRP7UNuQ9BLwVrU"
16:12:25.179 [main] DEBUG org.apache.http.headers -- http-outgoing-80 << Date: Tue, 24 Jun 2025 09:12:25 GMT
16:12:25.179 [main] DEBUG org.apache.http.headers -- http-outgoing-80 << Connection: keep-alive
16:12:25.179 [main] DEBUG org.apache.http.headers -- http-outgoing-80 << Keep-Alive: timeout=5
16:12:25.179 [main] DEBUG org.apache.http.impl.execchain.MainClientExec -- Connection can be kept alive for 5000 MILLISECONDS
16:12:25.179 [main] DEBUG org.apache.http.impl.conn.PoolingHttpClientConnectionManager -- Connection [id: 80][route: {}->http://localhost:3000] can be kept alive for 5.0 seconds
16:12:25.179 [main] DEBUG org.apache.http.impl.conn.DefaultManagedHttpClientConnection -- http-outgoing-80: set socket timeout to 0
16:12:25.179 [main] DEBUG org.apache.http.impl.conn.PoolingHttpClientConnectionManager -- Connection released: [id: 80][route: {}->http://localhost:3000][total available: 1; route allocated: 1 of 5; total allocated: 1 of 10]
16:12:25.179 [main] DEBUG org.apache.http.impl.conn.PoolingHttpClientConnectionManager -- Connection manager is shutting down
16:12:25.179 [main] DEBUG org.apache.http.impl.conn.DefaultManagedHttpClientConnection -- http-outgoing-80: Close connection
16:12:25.179 [main] DEBUG org.apache.http.impl.conn.PoolingHttpClientConnectionManager -- Connection manager shut down
16:12:25.180 [main] DEBUG com.intuit.karate -- response time in milliseconds: 268
1 < 200
1 < X-Powered-By: Express
1 < Access-Control-Allow-Origin: *
1 < Content-Type: application/json; charset=utf-8
1 < Content-Length: 708
1 < ETag: W/"2c4-5iqMpFOw4T0/xRP7UNuQ9BLwVrU"
1 < Date: Tue, 24 Jun 2025 09:12:25 GMT
1 < Connection: keep-alive
1 < Keep-Alive: timeout=5
{"access_token":"eyJhbGciOiJIUzI1NiIsInR5cCI6IkpXVCJ9.eyJzdWIiOiIwODUxNWIwNS0yZDNlLTQ3ODktYWQ2MC1kYjM1NTI1YTQ5NzAiLCJ1c2VybmFtZSI6Im5hbSIsInJvbGUiOjAsImlhdCI6MTc1MDc1NjM0NSwiZXhwIjoxNzUwNzU5OTQ1fQ.B7-VKLIJRZFdbUxZZeEWXUyiJol-5g1EWF8F4-FHXt0","refresh_token":"6bc8501492429ae406fb6ef8ff542b52e6deb7332a28565a2ba3aee520e1edd6","user":{"id":"08515b05-2d3e-4789-ad60-db35525a4970","email":"nam@gmail.com","username":"nam","name":"nam","phoneNumber":"0123456789","profilePic":"https://res.cloudinary.com/dizcvrefo/image/upload/v1749266646/nestjs_uploads/zk9zrpeidnovxibfqdxr.png","bio":"Chu tich hoi dong Quan tri 1","private":false,"verified":false,"role":0,"followersCount":2,"followingCount":5,"postCount":13}}

16:12:25.180 [main] INFO com.intuit.karate -- [print] *** AFTER API CALL *** Status: 200 
16:12:25.180 [main] INFO com.intuit.karate -- [print] ### API CALL COMPLETED ### Email: nam@gmail.com Status: 200 
16:12:25.180 [main] INFO com.intuit.karate -- [print] ### RESPONSE BODY ### {
  "access_token": "eyJhbGciOiJIUzI1NiIsInR5cCI6IkpXVCJ9.eyJzdWIiOiIwODUxNWIwNS0yZDNlLTQ3ODktYWQ2MC1kYjM1NTI1YTQ5NzAiLCJ1c2VybmFtZSI6Im5hbSIsInJvbGUiOjAsImlhdCI6MTc1MDc1NjM0NSwiZXhwIjoxNzUwNzU5OTQ1fQ.B7-VKLIJRZFdbUxZZeEWXUyiJol-5g1EWF8F4-FHXt0",
  "refresh_token": "6bc8501492429ae406fb6ef8ff542b52e6deb7332a28565a2ba3aee520e1edd6",
  "user": {
    "id": "08515b05-2d3e-4789-ad60-db35525a4970",
    "email": "nam@gmail.com",
    "username": "nam",
    "name": "nam",
    "phoneNumber": "0123456789",
    "profilePic": "https://res.cloudinary.com/dizcvrefo/image/upload/v1749266646/nestjs_uploads/zk9zrpeidnovxibfqdxr.png",
    "bio": "Chu tich hoi dong Quan tri 1",
    "private": false,
    "verified": false,
    "role": 0,
    "followersCount": 2,
    "followingCount": 5,
    "postCount": 13
  }
}
 
16:12:25.181 [main] INFO com.intuit.karate -- Request #81 completed - Status: 200 Time: 274ms 
16:12:25.181 [main] INFO com.intuit.karate -- *** SEQUENTIAL REQUEST #82 *** 
16:12:25.181 [main] INFO com.intuit.karate -- User: quang1@gmail.com 
16:12:25.185 [main] INFO com.intuit.karate -- [print] *** BEFORE API CALL *** Email: quang1@gmail.com URL: http://localhost:3000/auth/login 
16:12:25.185 [main] DEBUG com.jayway.jsonpath.internal.path.CompiledPath -- Evaluating path: $
16:12:25.185 [main] INFO com.intuit.karate -- [print] *** SENDING REQUEST *** Body: {
  "email": "#(email)",
  "password": "#(password)"
}
 
16:12:25.186 [main] DEBUG org.apache.http.client.protocol.RequestAddCookies -- CookieSpec selected: karate
16:12:25.186 [main] DEBUG org.apache.http.client.protocol.RequestAuthCache -- Auth cache not set in the context
16:12:25.186 [main] DEBUG com.intuit.karate -- request:
1 > POST http://localhost:3000/auth/login
1 > Content-Type: application/json; charset=UTF-8
1 > Content-Length: 48
1 > Host: localhost:3000
1 > Connection: Keep-Alive
1 > User-Agent: Apache-HttpClient/4.5.14 (Java/17.0.9)
1 > Accept-Encoding: gzip,deflate
{"email":"quang1@gmail.com","password":"quang1"}

16:12:25.186 [main] DEBUG org.apache.http.impl.conn.PoolingHttpClientConnectionManager -- Connection request: [route: {}->http://localhost:3000][total available: 0; route allocated: 0 of 5; total allocated: 0 of 10]
16:12:25.186 [main] DEBUG org.apache.http.impl.conn.PoolingHttpClientConnectionManager -- Connection leased: [id: 81][route: {}->http://localhost:3000][total available: 0; route allocated: 1 of 5; total allocated: 1 of 10]
16:12:25.186 [main] DEBUG org.apache.http.impl.execchain.MainClientExec -- Opening connection {}->http://localhost:3000
16:12:25.186 [main] DEBUG org.apache.http.impl.conn.DefaultHttpClientConnectionOperator -- Connecting to localhost/127.0.0.1:3000
16:12:25.187 [main] DEBUG org.apache.http.impl.conn.DefaultHttpClientConnectionOperator -- Connection established 127.0.0.1:51125<->127.0.0.1:3000
16:12:25.187 [main] DEBUG org.apache.http.impl.conn.DefaultManagedHttpClientConnection -- http-outgoing-81: set socket timeout to 30000
16:12:25.187 [main] DEBUG org.apache.http.impl.execchain.MainClientExec -- Executing request POST /auth/login HTTP/1.1
16:12:25.187 [main] DEBUG org.apache.http.impl.execchain.MainClientExec -- Target auth state: UNCHALLENGED
16:12:25.187 [main] DEBUG org.apache.http.impl.execchain.MainClientExec -- Proxy auth state: UNCHALLENGED
16:12:25.187 [main] DEBUG org.apache.http.headers -- http-outgoing-81 >> POST /auth/login HTTP/1.1
16:12:25.187 [main] DEBUG org.apache.http.headers -- http-outgoing-81 >> Content-Type: application/json; charset=UTF-8
16:12:25.187 [main] DEBUG org.apache.http.headers -- http-outgoing-81 >> Content-Length: 48
16:12:25.187 [main] DEBUG org.apache.http.headers -- http-outgoing-81 >> Host: localhost:3000
16:12:25.187 [main] DEBUG org.apache.http.headers -- http-outgoing-81 >> Connection: Keep-Alive
16:12:25.187 [main] DEBUG org.apache.http.headers -- http-outgoing-81 >> User-Agent: Apache-HttpClient/4.5.14 (Java/17.0.9)
16:12:25.187 [main] DEBUG org.apache.http.headers -- http-outgoing-81 >> Accept-Encoding: gzip,deflate
16:12:25.187 [main] DEBUG org.apache.http.wire -- http-outgoing-81 >> "POST /auth/login HTTP/1.1[\r][\n]"
16:12:25.187 [main] DEBUG org.apache.http.wire -- http-outgoing-81 >> "Content-Type: application/json; charset=UTF-8[\r][\n]"
16:12:25.187 [main] DEBUG org.apache.http.wire -- http-outgoing-81 >> "Content-Length: 48[\r][\n]"
16:12:25.187 [main] DEBUG org.apache.http.wire -- http-outgoing-81 >> "Host: localhost:3000[\r][\n]"
16:12:25.187 [main] DEBUG org.apache.http.wire -- http-outgoing-81 >> "Connection: Keep-Alive[\r][\n]"
16:12:25.187 [main] DEBUG org.apache.http.wire -- http-outgoing-81 >> "User-Agent: Apache-HttpClient/4.5.14 (Java/17.0.9)[\r][\n]"
16:12:25.187 [main] DEBUG org.apache.http.wire -- http-outgoing-81 >> "Accept-Encoding: gzip,deflate[\r][\n]"
16:12:25.187 [main] DEBUG org.apache.http.wire -- http-outgoing-81 >> "[\r][\n]"
16:12:25.187 [main] DEBUG org.apache.http.wire -- http-outgoing-81 >> "{"email":"quang1@gmail.com","password":"quang1"}"
16:12:25.464 [main] DEBUG org.apache.http.wire -- http-outgoing-81 << "HTTP/1.1 200 OK[\r][\n]"
16:12:25.464 [main] DEBUG org.apache.http.wire -- http-outgoing-81 << "X-Powered-By: Express[\r][\n]"
16:12:25.464 [main] DEBUG org.apache.http.wire -- http-outgoing-81 << "Access-Control-Allow-Origin: *[\r][\n]"
16:12:25.464 [main] DEBUG org.apache.http.wire -- http-outgoing-81 << "Content-Type: application/json; charset=utf-8[\r][\n]"
16:12:25.464 [main] DEBUG org.apache.http.wire -- http-outgoing-81 << "Content-Length: 715[\r][\n]"
16:12:25.464 [main] DEBUG org.apache.http.wire -- http-outgoing-81 << "ETag: W/"2cb-SexDCU2jLJR7f5oae+qCntY3SUw"[\r][\n]"
16:12:25.464 [main] DEBUG org.apache.http.wire -- http-outgoing-81 << "Date: Tue, 24 Jun 2025 09:12:25 GMT[\r][\n]"
16:12:25.464 [main] DEBUG org.apache.http.wire -- http-outgoing-81 << "Connection: keep-alive[\r][\n]"
16:12:25.464 [main] DEBUG org.apache.http.wire -- http-outgoing-81 << "Keep-Alive: timeout=5[\r][\n]"
16:12:25.464 [main] DEBUG org.apache.http.wire -- http-outgoing-81 << "[\r][\n]"
16:12:25.464 [main] DEBUG org.apache.http.wire -- http-outgoing-81 << "{"access_token":"eyJhbGciOiJIUzI1NiIsInR5cCI6IkpXVCJ9.eyJzdWIiOiIyYjg0YWEyNC02NjhhLTQwZTItYWYxYy1hZDRmYzRmYTVhNmYiLCJ1c2VybmFtZSI6InF1YW5nMSIsInJvbGUiOjAsImlhdCI6MTc1MDc1NjM0NSwiZXhwIjoxNzUwNzU5OTQ1fQ.0aG25FWtcqEn2c5dB0s9_84VnGdsE02OgiA4E79vVdI","refresh_token":"28729958bb20ff119e3605bd0099059337b9740ec69d7bc5e7c79a70b521b9c0","user":{"id":"2b84aa24-668a-40e2-af1c-ad4fc4fa5a6f","email":"quang1@gmail.com","username":"quang1","name":"quang1","phoneNumber":"09874563210","profilePic":"https://res.cloudinary.com/dizcvrefo/image/upload/v1749027586/nestjs_uploads/xehairydt9rzlbmbmv4c.jpg","bio":"Thang Nam Lao Vua Thoi","private":false,"verified":false,"role":0,"followersCount":2,"followingCount":3,"postCount":2}}"
16:12:25.464 [main] DEBUG org.apache.http.headers -- http-outgoing-81 << HTTP/1.1 200 OK
16:12:25.464 [main] DEBUG org.apache.http.headers -- http-outgoing-81 << X-Powered-By: Express
16:12:25.464 [main] DEBUG org.apache.http.headers -- http-outgoing-81 << Access-Control-Allow-Origin: *
16:12:25.464 [main] DEBUG org.apache.http.headers -- http-outgoing-81 << Content-Type: application/json; charset=utf-8
16:12:25.464 [main] DEBUG org.apache.http.headers -- http-outgoing-81 << Content-Length: 715
16:12:25.464 [main] DEBUG org.apache.http.headers -- http-outgoing-81 << ETag: W/"2cb-SexDCU2jLJR7f5oae+qCntY3SUw"
16:12:25.464 [main] DEBUG org.apache.http.headers -- http-outgoing-81 << Date: Tue, 24 Jun 2025 09:12:25 GMT
16:12:25.464 [main] DEBUG org.apache.http.headers -- http-outgoing-81 << Connection: keep-alive
16:12:25.464 [main] DEBUG org.apache.http.headers -- http-outgoing-81 << Keep-Alive: timeout=5
16:12:25.464 [main] DEBUG org.apache.http.impl.execchain.MainClientExec -- Connection can be kept alive for 5000 MILLISECONDS
16:12:25.464 [main] DEBUG org.apache.http.impl.conn.PoolingHttpClientConnectionManager -- Connection [id: 81][route: {}->http://localhost:3000] can be kept alive for 5.0 seconds
16:12:25.464 [main] DEBUG org.apache.http.impl.conn.DefaultManagedHttpClientConnection -- http-outgoing-81: set socket timeout to 0
16:12:25.464 [main] DEBUG org.apache.http.impl.conn.PoolingHttpClientConnectionManager -- Connection released: [id: 81][route: {}->http://localhost:3000][total available: 1; route allocated: 1 of 5; total allocated: 1 of 10]
16:12:25.464 [main] DEBUG org.apache.http.impl.conn.PoolingHttpClientConnectionManager -- Connection manager is shutting down
16:12:25.464 [main] DEBUG org.apache.http.impl.conn.DefaultManagedHttpClientConnection -- http-outgoing-81: Close connection
16:12:25.465 [main] DEBUG org.apache.http.impl.conn.PoolingHttpClientConnectionManager -- Connection manager shut down
16:12:25.465 [main] DEBUG com.intuit.karate -- response time in milliseconds: 278
1 < 200
1 < X-Powered-By: Express
1 < Access-Control-Allow-Origin: *
1 < Content-Type: application/json; charset=utf-8
1 < Content-Length: 715
1 < ETag: W/"2cb-SexDCU2jLJR7f5oae+qCntY3SUw"
1 < Date: Tue, 24 Jun 2025 09:12:25 GMT
1 < Connection: keep-alive
1 < Keep-Alive: timeout=5
{"access_token":"eyJhbGciOiJIUzI1NiIsInR5cCI6IkpXVCJ9.eyJzdWIiOiIyYjg0YWEyNC02NjhhLTQwZTItYWYxYy1hZDRmYzRmYTVhNmYiLCJ1c2VybmFtZSI6InF1YW5nMSIsInJvbGUiOjAsImlhdCI6MTc1MDc1NjM0NSwiZXhwIjoxNzUwNzU5OTQ1fQ.0aG25FWtcqEn2c5dB0s9_84VnGdsE02OgiA4E79vVdI","refresh_token":"28729958bb20ff119e3605bd0099059337b9740ec69d7bc5e7c79a70b521b9c0","user":{"id":"2b84aa24-668a-40e2-af1c-ad4fc4fa5a6f","email":"quang1@gmail.com","username":"quang1","name":"quang1","phoneNumber":"09874563210","profilePic":"https://res.cloudinary.com/dizcvrefo/image/upload/v1749027586/nestjs_uploads/xehairydt9rzlbmbmv4c.jpg","bio":"Thang Nam Lao Vua Thoi","private":false,"verified":false,"role":0,"followersCount":2,"followingCount":3,"postCount":2}}

16:12:25.465 [main] INFO com.intuit.karate -- [print] *** AFTER API CALL *** Status: 200 
16:12:25.465 [main] INFO com.intuit.karate -- [print] ### API CALL COMPLETED ### Email: quang1@gmail.com Status: 200 
16:12:25.465 [main] INFO com.intuit.karate -- [print] ### RESPONSE BODY ### {
  "access_token": "eyJhbGciOiJIUzI1NiIsInR5cCI6IkpXVCJ9.eyJzdWIiOiIyYjg0YWEyNC02NjhhLTQwZTItYWYxYy1hZDRmYzRmYTVhNmYiLCJ1c2VybmFtZSI6InF1YW5nMSIsInJvbGUiOjAsImlhdCI6MTc1MDc1NjM0NSwiZXhwIjoxNzUwNzU5OTQ1fQ.0aG25FWtcqEn2c5dB0s9_84VnGdsE02OgiA4E79vVdI",
  "refresh_token": "28729958bb20ff119e3605bd0099059337b9740ec69d7bc5e7c79a70b521b9c0",
  "user": {
    "id": "2b84aa24-668a-40e2-af1c-ad4fc4fa5a6f",
    "email": "quang1@gmail.com",
    "username": "quang1",
    "name": "quang1",
    "phoneNumber": "09874563210",
    "profilePic": "https://res.cloudinary.com/dizcvrefo/image/upload/v1749027586/nestjs_uploads/xehairydt9rzlbmbmv4c.jpg",
    "bio": "Thang Nam Lao Vua Thoi",
    "private": false,
    "verified": false,
    "role": 0,
    "followersCount": 2,
    "followingCount": 3,
    "postCount": 2
  }
}
 
16:12:25.466 [main] INFO com.intuit.karate -- Request #82 completed - Status: 200 Time: 284ms 
16:12:25.466 [main] INFO com.intuit.karate -- *** SEQUENTIAL REQUEST #83 *** 
16:12:25.466 [main] INFO com.intuit.karate -- User: test@example.com 
16:12:25.470 [main] INFO com.intuit.karate -- [print] *** BEFORE API CALL *** Email: test@example.com URL: http://localhost:3000/auth/login 
16:12:25.470 [main] DEBUG com.jayway.jsonpath.internal.path.CompiledPath -- Evaluating path: $
16:12:25.470 [main] INFO com.intuit.karate -- [print] *** SENDING REQUEST *** Body: {
  "email": "#(email)",
  "password": "#(password)"
}
 
16:12:25.471 [main] DEBUG org.apache.http.client.protocol.RequestAddCookies -- CookieSpec selected: karate
16:12:25.471 [main] DEBUG org.apache.http.client.protocol.RequestAuthCache -- Auth cache not set in the context
16:12:25.471 [main] DEBUG com.intuit.karate -- request:
1 > POST http://localhost:3000/auth/login
1 > Content-Type: application/json; charset=UTF-8
1 > Content-Length: 53
1 > Host: localhost:3000
1 > Connection: Keep-Alive
1 > User-Agent: Apache-HttpClient/4.5.14 (Java/17.0.9)
1 > Accept-Encoding: gzip,deflate
{"email":"test@example.com","password":"Password123"}

16:12:25.471 [main] DEBUG org.apache.http.impl.conn.PoolingHttpClientConnectionManager -- Connection request: [route: {}->http://localhost:3000][total available: 0; route allocated: 0 of 5; total allocated: 0 of 10]
16:12:25.471 [main] DEBUG org.apache.http.impl.conn.PoolingHttpClientConnectionManager -- Connection leased: [id: 82][route: {}->http://localhost:3000][total available: 0; route allocated: 1 of 5; total allocated: 1 of 10]
16:12:25.471 [main] DEBUG org.apache.http.impl.execchain.MainClientExec -- Opening connection {}->http://localhost:3000
16:12:25.472 [main] DEBUG org.apache.http.impl.conn.DefaultHttpClientConnectionOperator -- Connecting to localhost/127.0.0.1:3000
16:12:25.472 [main] DEBUG org.apache.http.impl.conn.DefaultHttpClientConnectionOperator -- Connection established 127.0.0.1:51126<->127.0.0.1:3000
16:12:25.472 [main] DEBUG org.apache.http.impl.conn.DefaultManagedHttpClientConnection -- http-outgoing-82: set socket timeout to 30000
16:12:25.472 [main] DEBUG org.apache.http.impl.execchain.MainClientExec -- Executing request POST /auth/login HTTP/1.1
16:12:25.472 [main] DEBUG org.apache.http.impl.execchain.MainClientExec -- Target auth state: UNCHALLENGED
16:12:25.472 [main] DEBUG org.apache.http.impl.execchain.MainClientExec -- Proxy auth state: UNCHALLENGED
16:12:25.472 [main] DEBUG org.apache.http.headers -- http-outgoing-82 >> POST /auth/login HTTP/1.1
16:12:25.472 [main] DEBUG org.apache.http.headers -- http-outgoing-82 >> Content-Type: application/json; charset=UTF-8
16:12:25.472 [main] DEBUG org.apache.http.headers -- http-outgoing-82 >> Content-Length: 53
16:12:25.472 [main] DEBUG org.apache.http.headers -- http-outgoing-82 >> Host: localhost:3000
16:12:25.472 [main] DEBUG org.apache.http.headers -- http-outgoing-82 >> Connection: Keep-Alive
16:12:25.472 [main] DEBUG org.apache.http.headers -- http-outgoing-82 >> User-Agent: Apache-HttpClient/4.5.14 (Java/17.0.9)
16:12:25.472 [main] DEBUG org.apache.http.headers -- http-outgoing-82 >> Accept-Encoding: gzip,deflate
16:12:25.472 [main] DEBUG org.apache.http.wire -- http-outgoing-82 >> "POST /auth/login HTTP/1.1[\r][\n]"
16:12:25.472 [main] DEBUG org.apache.http.wire -- http-outgoing-82 >> "Content-Type: application/json; charset=UTF-8[\r][\n]"
16:12:25.472 [main] DEBUG org.apache.http.wire -- http-outgoing-82 >> "Content-Length: 53[\r][\n]"
16:12:25.472 [main] DEBUG org.apache.http.wire -- http-outgoing-82 >> "Host: localhost:3000[\r][\n]"
16:12:25.472 [main] DEBUG org.apache.http.wire -- http-outgoing-82 >> "Connection: Keep-Alive[\r][\n]"
16:12:25.472 [main] DEBUG org.apache.http.wire -- http-outgoing-82 >> "User-Agent: Apache-HttpClient/4.5.14 (Java/17.0.9)[\r][\n]"
16:12:25.472 [main] DEBUG org.apache.http.wire -- http-outgoing-82 >> "Accept-Encoding: gzip,deflate[\r][\n]"
16:12:25.472 [main] DEBUG org.apache.http.wire -- http-outgoing-82 >> "[\r][\n]"
16:12:25.472 [main] DEBUG org.apache.http.wire -- http-outgoing-82 >> "{"email":"test@example.com","password":"Password123"}"
16:12:25.740 [main] DEBUG org.apache.http.wire -- http-outgoing-82 << "HTTP/1.1 200 OK[\r][\n]"
16:12:25.740 [main] DEBUG org.apache.http.wire -- http-outgoing-82 << "X-Powered-By: Express[\r][\n]"
16:12:25.740 [main] DEBUG org.apache.http.wire -- http-outgoing-82 << "Access-Control-Allow-Origin: *[\r][\n]"
16:12:25.740 [main] DEBUG org.apache.http.wire -- http-outgoing-82 << "Content-Type: application/json; charset=utf-8[\r][\n]"
16:12:25.740 [main] DEBUG org.apache.http.wire -- http-outgoing-82 << "Content-Length: 599[\r][\n]"
16:12:25.740 [main] DEBUG org.apache.http.wire -- http-outgoing-82 << "ETag: W/"257-Lor9Nq+tJkSAu9FQxNrYACAFIc8"[\r][\n]"
16:12:25.740 [main] DEBUG org.apache.http.wire -- http-outgoing-82 << "Date: Tue, 24 Jun 2025 09:12:25 GMT[\r][\n]"
16:12:25.740 [main] DEBUG org.apache.http.wire -- http-outgoing-82 << "Connection: keep-alive[\r][\n]"
16:12:25.740 [main] DEBUG org.apache.http.wire -- http-outgoing-82 << "Keep-Alive: timeout=5[\r][\n]"
16:12:25.740 [main] DEBUG org.apache.http.wire -- http-outgoing-82 << "[\r][\n]"
16:12:25.740 [main] DEBUG org.apache.http.wire -- http-outgoing-82 << "{"access_token":"eyJhbGciOiJIUzI1NiIsInR5cCI6IkpXVCJ9.eyJzdWIiOiIyZGRhMDQzOS01MTgwLTQ1YWEtOTE3Zi1lNjMyZTQ1YThlNDEiLCJ1c2VybmFtZSI6ImpvaG5kb2UiLCJyb2xlIjowLCJpYXQiOjE3NTA3NTYzNDUsImV4cCI6MTc1MDc1OTk0NX0.VXBZvIe3hIVvpF_7mMnntKkWdMCLkpb2YPx0NL_bpfA","refresh_token":"4774fb10ba84e8dc739f4e3864f9deffd50ddbf09c4f5291f7c6f956a70d9d1c","user":{"id":"2dda0439-5180-45aa-917f-e632e45a8e41","email":"test@example.com","username":"johndoe","name":"John Doe","phoneNumber":"0987654321","profilePic":null,"bio":null,"private":false,"verified":false,"role":0,"followersCount":0,"followingCount":0,"postCount":0}}"
16:12:25.742 [main] DEBUG org.apache.http.headers -- http-outgoing-82 << HTTP/1.1 200 OK
16:12:25.742 [main] DEBUG org.apache.http.headers -- http-outgoing-82 << X-Powered-By: Express
16:12:25.742 [main] DEBUG org.apache.http.headers -- http-outgoing-82 << Access-Control-Allow-Origin: *
16:12:25.742 [main] DEBUG org.apache.http.headers -- http-outgoing-82 << Content-Type: application/json; charset=utf-8
16:12:25.742 [main] DEBUG org.apache.http.headers -- http-outgoing-82 << Content-Length: 599
16:12:25.742 [main] DEBUG org.apache.http.headers -- http-outgoing-82 << ETag: W/"257-Lor9Nq+tJkSAu9FQxNrYACAFIc8"
16:12:25.742 [main] DEBUG org.apache.http.headers -- http-outgoing-82 << Date: Tue, 24 Jun 2025 09:12:25 GMT
16:12:25.742 [main] DEBUG org.apache.http.headers -- http-outgoing-82 << Connection: keep-alive
16:12:25.742 [main] DEBUG org.apache.http.headers -- http-outgoing-82 << Keep-Alive: timeout=5
16:12:25.742 [main] DEBUG org.apache.http.impl.execchain.MainClientExec -- Connection can be kept alive for 5000 MILLISECONDS
16:12:25.742 [main] DEBUG org.apache.http.impl.conn.PoolingHttpClientConnectionManager -- Connection [id: 82][route: {}->http://localhost:3000] can be kept alive for 5.0 seconds
16:12:25.742 [main] DEBUG org.apache.http.impl.conn.DefaultManagedHttpClientConnection -- http-outgoing-82: set socket timeout to 0
16:12:25.742 [main] DEBUG org.apache.http.impl.conn.PoolingHttpClientConnectionManager -- Connection released: [id: 82][route: {}->http://localhost:3000][total available: 1; route allocated: 1 of 5; total allocated: 1 of 10]
16:12:25.742 [main] DEBUG org.apache.http.impl.conn.PoolingHttpClientConnectionManager -- Connection manager is shutting down
16:12:25.742 [main] DEBUG org.apache.http.impl.conn.DefaultManagedHttpClientConnection -- http-outgoing-82: Close connection
16:12:25.742 [main] DEBUG org.apache.http.impl.conn.PoolingHttpClientConnectionManager -- Connection manager shut down
16:12:25.742 [main] DEBUG com.intuit.karate -- response time in milliseconds: 271
1 < 200
1 < X-Powered-By: Express
1 < Access-Control-Allow-Origin: *
1 < Content-Type: application/json; charset=utf-8
1 < Content-Length: 599
1 < ETag: W/"257-Lor9Nq+tJkSAu9FQxNrYACAFIc8"
1 < Date: Tue, 24 Jun 2025 09:12:25 GMT
1 < Connection: keep-alive
1 < Keep-Alive: timeout=5
{"access_token":"eyJhbGciOiJIUzI1NiIsInR5cCI6IkpXVCJ9.eyJzdWIiOiIyZGRhMDQzOS01MTgwLTQ1YWEtOTE3Zi1lNjMyZTQ1YThlNDEiLCJ1c2VybmFtZSI6ImpvaG5kb2UiLCJyb2xlIjowLCJpYXQiOjE3NTA3NTYzNDUsImV4cCI6MTc1MDc1OTk0NX0.VXBZvIe3hIVvpF_7mMnntKkWdMCLkpb2YPx0NL_bpfA","refresh_token":"4774fb10ba84e8dc739f4e3864f9deffd50ddbf09c4f5291f7c6f956a70d9d1c","user":{"id":"2dda0439-5180-45aa-917f-e632e45a8e41","email":"test@example.com","username":"johndoe","name":"John Doe","phoneNumber":"0987654321","profilePic":null,"bio":null,"private":false,"verified":false,"role":0,"followersCount":0,"followingCount":0,"postCount":0}}

16:12:25.742 [main] INFO com.intuit.karate -- [print] *** AFTER API CALL *** Status: 200 
16:12:25.742 [main] INFO com.intuit.karate -- [print] ### API CALL COMPLETED ### Email: test@example.com Status: 200 
16:12:25.743 [main] INFO com.intuit.karate -- [print] ### RESPONSE BODY ### {
  "access_token": "eyJhbGciOiJIUzI1NiIsInR5cCI6IkpXVCJ9.eyJzdWIiOiIyZGRhMDQzOS01MTgwLTQ1YWEtOTE3Zi1lNjMyZTQ1YThlNDEiLCJ1c2VybmFtZSI6ImpvaG5kb2UiLCJyb2xlIjowLCJpYXQiOjE3NTA3NTYzNDUsImV4cCI6MTc1MDc1OTk0NX0.VXBZvIe3hIVvpF_7mMnntKkWdMCLkpb2YPx0NL_bpfA",
  "refresh_token": "4774fb10ba84e8dc739f4e3864f9deffd50ddbf09c4f5291f7c6f956a70d9d1c",
  "user": {
    "id": "2dda0439-5180-45aa-917f-e632e45a8e41",
    "email": "test@example.com",
    "username": "johndoe",
    "name": "John Doe",
    "phoneNumber": "0987654321",
    "profilePic": null,
    "bio": null,
    "private": false,
    "verified": false,
    "role": 0,
    "followersCount": 0,
    "followingCount": 0,
    "postCount": 0
  }
}
 
16:12:25.743 [main] INFO com.intuit.karate -- Request #83 completed - Status: 200 Time: 276ms 
16:12:25.743 [main] INFO com.intuit.karate -- *** SEQUENTIAL REQUEST #84 *** 
16:12:25.743 [main] INFO com.intuit.karate -- User: test2@example.com 
16:12:25.746 [main] INFO com.intuit.karate -- [print] *** BEFORE API CALL *** Email: test2@example.com URL: http://localhost:3000/auth/login 
16:12:25.746 [main] DEBUG com.jayway.jsonpath.internal.path.CompiledPath -- Evaluating path: $
16:12:25.746 [main] INFO com.intuit.karate -- [print] *** SENDING REQUEST *** Body: {
  "email": "#(email)",
  "password": "#(password)"
}
 
16:12:25.748 [main] DEBUG org.apache.http.client.protocol.RequestAddCookies -- CookieSpec selected: karate
16:12:25.748 [main] DEBUG org.apache.http.client.protocol.RequestAuthCache -- Auth cache not set in the context
16:12:25.748 [main] DEBUG com.intuit.karate -- request:
1 > POST http://localhost:3000/auth/login
1 > Content-Type: application/json; charset=UTF-8
1 > Content-Length: 54
1 > Host: localhost:3000
1 > Connection: Keep-Alive
1 > User-Agent: Apache-HttpClient/4.5.14 (Java/17.0.9)
1 > Accept-Encoding: gzip,deflate
{"email":"test2@example.com","password":"Password123"}

16:12:25.748 [main] DEBUG org.apache.http.impl.conn.PoolingHttpClientConnectionManager -- Connection request: [route: {}->http://localhost:3000][total available: 0; route allocated: 0 of 5; total allocated: 0 of 10]
16:12:25.748 [main] DEBUG org.apache.http.impl.conn.PoolingHttpClientConnectionManager -- Connection leased: [id: 83][route: {}->http://localhost:3000][total available: 0; route allocated: 1 of 5; total allocated: 1 of 10]
16:12:25.748 [main] DEBUG org.apache.http.impl.execchain.MainClientExec -- Opening connection {}->http://localhost:3000
16:12:25.748 [main] DEBUG org.apache.http.impl.conn.DefaultHttpClientConnectionOperator -- Connecting to localhost/127.0.0.1:3000
16:12:25.748 [main] DEBUG org.apache.http.impl.conn.DefaultHttpClientConnectionOperator -- Connection established 127.0.0.1:51127<->127.0.0.1:3000
16:12:25.749 [main] DEBUG org.apache.http.impl.conn.DefaultManagedHttpClientConnection -- http-outgoing-83: set socket timeout to 30000
16:12:25.749 [main] DEBUG org.apache.http.impl.execchain.MainClientExec -- Executing request POST /auth/login HTTP/1.1
16:12:25.749 [main] DEBUG org.apache.http.impl.execchain.MainClientExec -- Target auth state: UNCHALLENGED
16:12:25.749 [main] DEBUG org.apache.http.impl.execchain.MainClientExec -- Proxy auth state: UNCHALLENGED
16:12:25.749 [main] DEBUG org.apache.http.headers -- http-outgoing-83 >> POST /auth/login HTTP/1.1
16:12:25.749 [main] DEBUG org.apache.http.headers -- http-outgoing-83 >> Content-Type: application/json; charset=UTF-8
16:12:25.749 [main] DEBUG org.apache.http.headers -- http-outgoing-83 >> Content-Length: 54
16:12:25.749 [main] DEBUG org.apache.http.headers -- http-outgoing-83 >> Host: localhost:3000
16:12:25.749 [main] DEBUG org.apache.http.headers -- http-outgoing-83 >> Connection: Keep-Alive
16:12:25.749 [main] DEBUG org.apache.http.headers -- http-outgoing-83 >> User-Agent: Apache-HttpClient/4.5.14 (Java/17.0.9)
16:12:25.749 [main] DEBUG org.apache.http.headers -- http-outgoing-83 >> Accept-Encoding: gzip,deflate
16:12:25.749 [main] DEBUG org.apache.http.wire -- http-outgoing-83 >> "POST /auth/login HTTP/1.1[\r][\n]"
16:12:25.749 [main] DEBUG org.apache.http.wire -- http-outgoing-83 >> "Content-Type: application/json; charset=UTF-8[\r][\n]"
16:12:25.749 [main] DEBUG org.apache.http.wire -- http-outgoing-83 >> "Content-Length: 54[\r][\n]"
16:12:25.749 [main] DEBUG org.apache.http.wire -- http-outgoing-83 >> "Host: localhost:3000[\r][\n]"
16:12:25.749 [main] DEBUG org.apache.http.wire -- http-outgoing-83 >> "Connection: Keep-Alive[\r][\n]"
16:12:25.749 [main] DEBUG org.apache.http.wire -- http-outgoing-83 >> "User-Agent: Apache-HttpClient/4.5.14 (Java/17.0.9)[\r][\n]"
16:12:25.749 [main] DEBUG org.apache.http.wire -- http-outgoing-83 >> "Accept-Encoding: gzip,deflate[\r][\n]"
16:12:25.749 [main] DEBUG org.apache.http.wire -- http-outgoing-83 >> "[\r][\n]"
16:12:25.749 [main] DEBUG org.apache.http.wire -- http-outgoing-83 >> "{"email":"test2@example.com","password":"Password123"}"
16:12:26.011 [main] DEBUG org.apache.http.wire -- http-outgoing-83 << "HTTP/1.1 200 OK[\r][\n]"
16:12:26.011 [main] DEBUG org.apache.http.wire -- http-outgoing-83 << "X-Powered-By: Express[\r][\n]"
16:12:26.011 [main] DEBUG org.apache.http.wire -- http-outgoing-83 << "Access-Control-Allow-Origin: *[\r][\n]"
16:12:26.011 [main] DEBUG org.apache.http.wire -- http-outgoing-83 << "Content-Type: application/json; charset=utf-8[\r][\n]"
16:12:26.011 [main] DEBUG org.apache.http.wire -- http-outgoing-83 << "Content-Length: 608[\r][\n]"
16:12:26.011 [main] DEBUG org.apache.http.wire -- http-outgoing-83 << "ETag: W/"260-ysFU689PAxNWLbZyY0rBsR/dU2c"[\r][\n]"
16:12:26.011 [main] DEBUG org.apache.http.wire -- http-outgoing-83 << "Date: Tue, 24 Jun 2025 09:12:26 GMT[\r][\n]"
16:12:26.011 [main] DEBUG org.apache.http.wire -- http-outgoing-83 << "Connection: keep-alive[\r][\n]"
16:12:26.011 [main] DEBUG org.apache.http.wire -- http-outgoing-83 << "Keep-Alive: timeout=5[\r][\n]"
16:12:26.011 [main] DEBUG org.apache.http.wire -- http-outgoing-83 << "[\r][\n]"
16:12:26.011 [main] DEBUG org.apache.http.wire -- http-outgoing-83 << "{"access_token":"eyJhbGciOiJIUzI1NiIsInR5cCI6IkpXVCJ9.eyJzdWIiOiI4YTI0NzQ2MS01YzA0LTQyMWQtOThmNS1mYTljNzM0ZmFlYTUiLCJ1c2VybmFtZSI6ImphbmVzbWl0aCIsInJvbGUiOjAsImlhdCI6MTc1MDc1NjM0NSwiZXhwIjoxNzUwNzU5OTQ1fQ.bMLpJca2pT3b_gysJC1kBMyRIa5JHZYY_Pg4hm_8c7w","refresh_token":"5b6a51280b9672bf49d9cb15bce900cd1ed44eb58e98d4eaeafe7f77538bd46b","user":{"id":"8a247461-5c04-421d-98f5-fa9c734faea5","email":"test2@example.com","username":"janesmith","name":"Jane Smith","phoneNumber":"01234567890","profilePic":null,"bio":null,"private":false,"verified":false,"role":0,"followersCount":0,"followingCount":0,"postCount":0}}"
16:12:26.011 [main] DEBUG org.apache.http.headers -- http-outgoing-83 << HTTP/1.1 200 OK
16:12:26.011 [main] DEBUG org.apache.http.headers -- http-outgoing-83 << X-Powered-By: Express
16:12:26.011 [main] DEBUG org.apache.http.headers -- http-outgoing-83 << Access-Control-Allow-Origin: *
16:12:26.011 [main] DEBUG org.apache.http.headers -- http-outgoing-83 << Content-Type: application/json; charset=utf-8
16:12:26.011 [main] DEBUG org.apache.http.headers -- http-outgoing-83 << Content-Length: 608
16:12:26.011 [main] DEBUG org.apache.http.headers -- http-outgoing-83 << ETag: W/"260-ysFU689PAxNWLbZyY0rBsR/dU2c"
16:12:26.011 [main] DEBUG org.apache.http.headers -- http-outgoing-83 << Date: Tue, 24 Jun 2025 09:12:26 GMT
16:12:26.011 [main] DEBUG org.apache.http.headers -- http-outgoing-83 << Connection: keep-alive
16:12:26.011 [main] DEBUG org.apache.http.headers -- http-outgoing-83 << Keep-Alive: timeout=5
16:12:26.012 [main] DEBUG org.apache.http.impl.execchain.MainClientExec -- Connection can be kept alive for 5000 MILLISECONDS
16:12:26.012 [main] DEBUG org.apache.http.impl.conn.PoolingHttpClientConnectionManager -- Connection [id: 83][route: {}->http://localhost:3000] can be kept alive for 5.0 seconds
16:12:26.012 [main] DEBUG org.apache.http.impl.conn.DefaultManagedHttpClientConnection -- http-outgoing-83: set socket timeout to 0
16:12:26.012 [main] DEBUG org.apache.http.impl.conn.PoolingHttpClientConnectionManager -- Connection released: [id: 83][route: {}->http://localhost:3000][total available: 1; route allocated: 1 of 5; total allocated: 1 of 10]
16:12:26.012 [main] DEBUG org.apache.http.impl.conn.PoolingHttpClientConnectionManager -- Connection manager is shutting down
16:12:26.012 [main] DEBUG org.apache.http.impl.conn.DefaultManagedHttpClientConnection -- http-outgoing-83: Close connection
16:12:26.013 [main] DEBUG org.apache.http.impl.conn.PoolingHttpClientConnectionManager -- Connection manager shut down
16:12:26.013 [main] DEBUG com.intuit.karate -- response time in milliseconds: 264
1 < 200
1 < X-Powered-By: Express
1 < Access-Control-Allow-Origin: *
1 < Content-Type: application/json; charset=utf-8
1 < Content-Length: 608
1 < ETag: W/"260-ysFU689PAxNWLbZyY0rBsR/dU2c"
1 < Date: Tue, 24 Jun 2025 09:12:26 GMT
1 < Connection: keep-alive
1 < Keep-Alive: timeout=5
{"access_token":"eyJhbGciOiJIUzI1NiIsInR5cCI6IkpXVCJ9.eyJzdWIiOiI4YTI0NzQ2MS01YzA0LTQyMWQtOThmNS1mYTljNzM0ZmFlYTUiLCJ1c2VybmFtZSI6ImphbmVzbWl0aCIsInJvbGUiOjAsImlhdCI6MTc1MDc1NjM0NSwiZXhwIjoxNzUwNzU5OTQ1fQ.bMLpJca2pT3b_gysJC1kBMyRIa5JHZYY_Pg4hm_8c7w","refresh_token":"5b6a51280b9672bf49d9cb15bce900cd1ed44eb58e98d4eaeafe7f77538bd46b","user":{"id":"8a247461-5c04-421d-98f5-fa9c734faea5","email":"test2@example.com","username":"janesmith","name":"Jane Smith","phoneNumber":"01234567890","profilePic":null,"bio":null,"private":false,"verified":false,"role":0,"followersCount":0,"followingCount":0,"postCount":0}}

16:12:26.013 [main] INFO com.intuit.karate -- [print] *** AFTER API CALL *** Status: 200 
16:12:26.014 [main] INFO com.intuit.karate -- [print] ### API CALL COMPLETED ### Email: test2@example.com Status: 200 
16:12:26.014 [main] INFO com.intuit.karate -- [print] ### RESPONSE BODY ### {
  "access_token": "eyJhbGciOiJIUzI1NiIsInR5cCI6IkpXVCJ9.eyJzdWIiOiI4YTI0NzQ2MS01YzA0LTQyMWQtOThmNS1mYTljNzM0ZmFlYTUiLCJ1c2VybmFtZSI6ImphbmVzbWl0aCIsInJvbGUiOjAsImlhdCI6MTc1MDc1NjM0NSwiZXhwIjoxNzUwNzU5OTQ1fQ.bMLpJca2pT3b_gysJC1kBMyRIa5JHZYY_Pg4hm_8c7w",
  "refresh_token": "5b6a51280b9672bf49d9cb15bce900cd1ed44eb58e98d4eaeafe7f77538bd46b",
  "user": {
    "id": "8a247461-5c04-421d-98f5-fa9c734faea5",
    "email": "test2@example.com",
    "username": "janesmith",
    "name": "Jane Smith",
    "phoneNumber": "01234567890",
    "profilePic": null,
    "bio": null,
    "private": false,
    "verified": false,
    "role": 0,
    "followersCount": 0,
    "followingCount": 0,
    "postCount": 0
  }
}
 
16:12:26.015 [main] INFO com.intuit.karate -- Request #84 completed - Status: 200 Time: 272ms 
16:12:26.016 [main] INFO com.intuit.karate -- *** SEQUENTIAL REQUEST #85 *** 
16:12:26.016 [main] INFO com.intuit.karate -- User: test28@example.com 
16:12:26.020 [main] INFO com.intuit.karate -- [print] *** BEFORE API CALL *** Email: test28@example.com URL: http://localhost:3000/auth/login 
16:12:26.021 [main] DEBUG com.jayway.jsonpath.internal.path.CompiledPath -- Evaluating path: $
16:12:26.021 [main] INFO com.intuit.karate -- [print] *** SENDING REQUEST *** Body: {
  "email": "#(email)",
  "password": "#(password)"
}
 
16:12:26.022 [main] DEBUG org.apache.http.client.protocol.RequestAddCookies -- CookieSpec selected: karate
16:12:26.022 [main] DEBUG org.apache.http.client.protocol.RequestAuthCache -- Auth cache not set in the context
16:12:26.022 [main] DEBUG com.intuit.karate -- request:
1 > POST http://localhost:3000/auth/login
1 > Content-Type: application/json; charset=UTF-8
1 > Content-Length: 55
1 > Host: localhost:3000
1 > Connection: Keep-Alive
1 > User-Agent: Apache-HttpClient/4.5.14 (Java/17.0.9)
1 > Accept-Encoding: gzip,deflate
{"email":"test28@example.com","password":"Password123"}

16:12:26.022 [main] DEBUG org.apache.http.impl.conn.PoolingHttpClientConnectionManager -- Connection request: [route: {}->http://localhost:3000][total available: 0; route allocated: 0 of 5; total allocated: 0 of 10]
16:12:26.022 [main] DEBUG org.apache.http.impl.conn.PoolingHttpClientConnectionManager -- Connection leased: [id: 84][route: {}->http://localhost:3000][total available: 0; route allocated: 1 of 5; total allocated: 1 of 10]
16:12:26.022 [main] DEBUG org.apache.http.impl.execchain.MainClientExec -- Opening connection {}->http://localhost:3000
16:12:26.023 [main] DEBUG org.apache.http.impl.conn.DefaultHttpClientConnectionOperator -- Connecting to localhost/127.0.0.1:3000
16:12:26.023 [main] DEBUG org.apache.http.impl.conn.DefaultHttpClientConnectionOperator -- Connection established 127.0.0.1:51128<->127.0.0.1:3000
16:12:26.023 [main] DEBUG org.apache.http.impl.conn.DefaultManagedHttpClientConnection -- http-outgoing-84: set socket timeout to 30000
16:12:26.023 [main] DEBUG org.apache.http.impl.execchain.MainClientExec -- Executing request POST /auth/login HTTP/1.1
16:12:26.023 [main] DEBUG org.apache.http.impl.execchain.MainClientExec -- Target auth state: UNCHALLENGED
16:12:26.023 [main] DEBUG org.apache.http.impl.execchain.MainClientExec -- Proxy auth state: UNCHALLENGED
16:12:26.023 [main] DEBUG org.apache.http.headers -- http-outgoing-84 >> POST /auth/login HTTP/1.1
16:12:26.023 [main] DEBUG org.apache.http.headers -- http-outgoing-84 >> Content-Type: application/json; charset=UTF-8
16:12:26.023 [main] DEBUG org.apache.http.headers -- http-outgoing-84 >> Content-Length: 55
16:12:26.023 [main] DEBUG org.apache.http.headers -- http-outgoing-84 >> Host: localhost:3000
16:12:26.023 [main] DEBUG org.apache.http.headers -- http-outgoing-84 >> Connection: Keep-Alive
16:12:26.023 [main] DEBUG org.apache.http.headers -- http-outgoing-84 >> User-Agent: Apache-HttpClient/4.5.14 (Java/17.0.9)
16:12:26.023 [main] DEBUG org.apache.http.headers -- http-outgoing-84 >> Accept-Encoding: gzip,deflate
16:12:26.023 [main] DEBUG org.apache.http.wire -- http-outgoing-84 >> "POST /auth/login HTTP/1.1[\r][\n]"
16:12:26.023 [main] DEBUG org.apache.http.wire -- http-outgoing-84 >> "Content-Type: application/json; charset=UTF-8[\r][\n]"
16:12:26.023 [main] DEBUG org.apache.http.wire -- http-outgoing-84 >> "Content-Length: 55[\r][\n]"
16:12:26.023 [main] DEBUG org.apache.http.wire -- http-outgoing-84 >> "Host: localhost:3000[\r][\n]"
16:12:26.023 [main] DEBUG org.apache.http.wire -- http-outgoing-84 >> "Connection: Keep-Alive[\r][\n]"
16:12:26.023 [main] DEBUG org.apache.http.wire -- http-outgoing-84 >> "User-Agent: Apache-HttpClient/4.5.14 (Java/17.0.9)[\r][\n]"
16:12:26.023 [main] DEBUG org.apache.http.wire -- http-outgoing-84 >> "Accept-Encoding: gzip,deflate[\r][\n]"
16:12:26.023 [main] DEBUG org.apache.http.wire -- http-outgoing-84 >> "[\r][\n]"
16:12:26.023 [main] DEBUG org.apache.http.wire -- http-outgoing-84 >> "{"email":"test28@example.com","password":"Password123"}"
16:12:26.283 [main] DEBUG org.apache.http.wire -- http-outgoing-84 << "HTTP/1.1 200 OK[\r][\n]"
16:12:26.283 [main] DEBUG org.apache.http.wire -- http-outgoing-84 << "X-Powered-By: Express[\r][\n]"
16:12:26.283 [main] DEBUG org.apache.http.wire -- http-outgoing-84 << "Access-Control-Allow-Origin: *[\r][\n]"
16:12:26.283 [main] DEBUG org.apache.http.wire -- http-outgoing-84 << "Content-Type: application/json; charset=utf-8[\r][\n]"
16:12:26.283 [main] DEBUG org.apache.http.wire -- http-outgoing-84 << "Content-Length: 607[\r][\n]"
16:12:26.283 [main] DEBUG org.apache.http.wire -- http-outgoing-84 << "ETag: W/"25f-Xkgzt2LyRvdnKo918IStHz98OxY"[\r][\n]"
16:12:26.283 [main] DEBUG org.apache.http.wire -- http-outgoing-84 << "Date: Tue, 24 Jun 2025 09:12:26 GMT[\r][\n]"
16:12:26.283 [main] DEBUG org.apache.http.wire -- http-outgoing-84 << "Connection: keep-alive[\r][\n]"
16:12:26.283 [main] DEBUG org.apache.http.wire -- http-outgoing-84 << "Keep-Alive: timeout=5[\r][\n]"
16:12:26.283 [main] DEBUG org.apache.http.wire -- http-outgoing-84 << "[\r][\n]"
16:12:26.283 [main] DEBUG org.apache.http.wire -- http-outgoing-84 << "{"access_token":"eyJhbGciOiJIUzI1NiIsInR5cCI6IkpXVCJ9.eyJzdWIiOiJjMjE0MjJkZi1jY2VjLTQ0MGUtOWE0Mi1jMWI4MmFiZjczM2QiLCJ1c2VybmFtZSI6ImpvaG5kb2UyOCIsInJvbGUiOjAsImlhdCI6MTc1MDc1NjM0NiwiZXhwIjoxNzUwNzU5OTQ2fQ.-bQ0O4NYgCw6LRdwzfHevwBmroTOd4_1g4bm0luBoBM","refresh_token":"70f7764ead27ea75ab127b0ae330850bd7b9edb02dd9981715e555e1cad79b3b","user":{"id":"c21422df-ccec-440e-9a42-c1b82abf733d","email":"test28@example.com","username":"johndoe28","name":"John Doe","phoneNumber":"84987654321","profilePic":null,"bio":null,"private":false,"verified":false,"role":0,"followersCount":0,"followingCount":0,"postCount":0}}"
16:12:26.283 [main] DEBUG org.apache.http.headers -- http-outgoing-84 << HTTP/1.1 200 OK
16:12:26.283 [main] DEBUG org.apache.http.headers -- http-outgoing-84 << X-Powered-By: Express
16:12:26.283 [main] DEBUG org.apache.http.headers -- http-outgoing-84 << Access-Control-Allow-Origin: *
16:12:26.283 [main] DEBUG org.apache.http.headers -- http-outgoing-84 << Content-Type: application/json; charset=utf-8
16:12:26.283 [main] DEBUG org.apache.http.headers -- http-outgoing-84 << Content-Length: 607
16:12:26.283 [main] DEBUG org.apache.http.headers -- http-outgoing-84 << ETag: W/"25f-Xkgzt2LyRvdnKo918IStHz98OxY"
16:12:26.283 [main] DEBUG org.apache.http.headers -- http-outgoing-84 << Date: Tue, 24 Jun 2025 09:12:26 GMT
16:12:26.283 [main] DEBUG org.apache.http.headers -- http-outgoing-84 << Connection: keep-alive
16:12:26.283 [main] DEBUG org.apache.http.headers -- http-outgoing-84 << Keep-Alive: timeout=5
16:12:26.283 [main] DEBUG org.apache.http.impl.execchain.MainClientExec -- Connection can be kept alive for 5000 MILLISECONDS
16:12:26.283 [main] DEBUG org.apache.http.impl.conn.PoolingHttpClientConnectionManager -- Connection [id: 84][route: {}->http://localhost:3000] can be kept alive for 5.0 seconds
16:12:26.283 [main] DEBUG org.apache.http.impl.conn.DefaultManagedHttpClientConnection -- http-outgoing-84: set socket timeout to 0
16:12:26.283 [main] DEBUG org.apache.http.impl.conn.PoolingHttpClientConnectionManager -- Connection released: [id: 84][route: {}->http://localhost:3000][total available: 1; route allocated: 1 of 5; total allocated: 1 of 10]
16:12:26.283 [main] DEBUG org.apache.http.impl.conn.PoolingHttpClientConnectionManager -- Connection manager is shutting down
16:12:26.283 [main] DEBUG org.apache.http.impl.conn.DefaultManagedHttpClientConnection -- http-outgoing-84: Close connection
16:12:26.283 [main] DEBUG org.apache.http.impl.conn.PoolingHttpClientConnectionManager -- Connection manager shut down
16:12:26.283 [main] DEBUG com.intuit.karate -- response time in milliseconds: 261
1 < 200
1 < X-Powered-By: Express
1 < Access-Control-Allow-Origin: *
1 < Content-Type: application/json; charset=utf-8
1 < Content-Length: 607
1 < ETag: W/"25f-Xkgzt2LyRvdnKo918IStHz98OxY"
1 < Date: Tue, 24 Jun 2025 09:12:26 GMT
1 < Connection: keep-alive
1 < Keep-Alive: timeout=5
{"access_token":"eyJhbGciOiJIUzI1NiIsInR5cCI6IkpXVCJ9.eyJzdWIiOiJjMjE0MjJkZi1jY2VjLTQ0MGUtOWE0Mi1jMWI4MmFiZjczM2QiLCJ1c2VybmFtZSI6ImpvaG5kb2UyOCIsInJvbGUiOjAsImlhdCI6MTc1MDc1NjM0NiwiZXhwIjoxNzUwNzU5OTQ2fQ.-bQ0O4NYgCw6LRdwzfHevwBmroTOd4_1g4bm0luBoBM","refresh_token":"70f7764ead27ea75ab127b0ae330850bd7b9edb02dd9981715e555e1cad79b3b","user":{"id":"c21422df-ccec-440e-9a42-c1b82abf733d","email":"test28@example.com","username":"johndoe28","name":"John Doe","phoneNumber":"84987654321","profilePic":null,"bio":null,"private":false,"verified":false,"role":0,"followersCount":0,"followingCount":0,"postCount":0}}

16:12:26.284 [main] INFO com.intuit.karate -- [print] *** AFTER API CALL *** Status: 200 
16:12:26.284 [main] INFO com.intuit.karate -- [print] ### API CALL COMPLETED ### Email: test28@example.com Status: 200 
16:12:26.284 [main] INFO com.intuit.karate -- [print] ### RESPONSE BODY ### {
  "access_token": "eyJhbGciOiJIUzI1NiIsInR5cCI6IkpXVCJ9.eyJzdWIiOiJjMjE0MjJkZi1jY2VjLTQ0MGUtOWE0Mi1jMWI4MmFiZjczM2QiLCJ1c2VybmFtZSI6ImpvaG5kb2UyOCIsInJvbGUiOjAsImlhdCI6MTc1MDc1NjM0NiwiZXhwIjoxNzUwNzU5OTQ2fQ.-bQ0O4NYgCw6LRdwzfHevwBmroTOd4_1g4bm0luBoBM",
  "refresh_token": "70f7764ead27ea75ab127b0ae330850bd7b9edb02dd9981715e555e1cad79b3b",
  "user": {
    "id": "c21422df-ccec-440e-9a42-c1b82abf733d",
    "email": "test28@example.com",
    "username": "johndoe28",
    "name": "John Doe",
    "phoneNumber": "84987654321",
    "profilePic": null,
    "bio": null,
    "private": false,
    "verified": false,
    "role": 0,
    "followersCount": 0,
    "followingCount": 0,
    "postCount": 0
  }
}
 
16:12:26.285 [main] INFO com.intuit.karate -- Request #85 completed - Status: 200 Time: 268ms 
16:12:26.285 [main] INFO com.intuit.karate -- *** SEQUENTIAL REQUEST #86 *** 
16:12:26.285 [main] INFO com.intuit.karate -- User: testit4@gmail.com 
16:12:26.288 [main] INFO com.intuit.karate -- [print] *** BEFORE API CALL *** Email: testit4@gmail.com URL: http://localhost:3000/auth/login 
16:12:26.289 [main] DEBUG com.jayway.jsonpath.internal.path.CompiledPath -- Evaluating path: $
16:12:26.289 [main] INFO com.intuit.karate -- [print] *** SENDING REQUEST *** Body: {
  "email": "#(email)",
  "password": "#(password)"
}
 
16:12:26.290 [main] DEBUG org.apache.http.client.protocol.RequestAddCookies -- CookieSpec selected: karate
16:12:26.290 [main] DEBUG org.apache.http.client.protocol.RequestAuthCache -- Auth cache not set in the context
16:12:26.290 [main] DEBUG com.intuit.karate -- request:
1 > POST http://localhost:3000/auth/login
1 > Content-Type: application/json; charset=UTF-8
1 > Content-Length: 54
1 > Host: localhost:3000
1 > Connection: Keep-Alive
1 > User-Agent: Apache-HttpClient/4.5.14 (Java/17.0.9)
1 > Accept-Encoding: gzip,deflate
{"email":"testit4@gmail.com","password":"Password123"}

16:12:26.290 [main] DEBUG org.apache.http.impl.conn.PoolingHttpClientConnectionManager -- Connection request: [route: {}->http://localhost:3000][total available: 0; route allocated: 0 of 5; total allocated: 0 of 10]
16:12:26.290 [main] DEBUG org.apache.http.impl.conn.PoolingHttpClientConnectionManager -- Connection leased: [id: 85][route: {}->http://localhost:3000][total available: 0; route allocated: 1 of 5; total allocated: 1 of 10]
16:12:26.290 [main] DEBUG org.apache.http.impl.execchain.MainClientExec -- Opening connection {}->http://localhost:3000
16:12:26.290 [main] DEBUG org.apache.http.impl.conn.DefaultHttpClientConnectionOperator -- Connecting to localhost/127.0.0.1:3000
16:12:26.290 [main] DEBUG org.apache.http.impl.conn.DefaultHttpClientConnectionOperator -- Connection established 127.0.0.1:51129<->127.0.0.1:3000
16:12:26.290 [main] DEBUG org.apache.http.impl.conn.DefaultManagedHttpClientConnection -- http-outgoing-85: set socket timeout to 30000
16:12:26.290 [main] DEBUG org.apache.http.impl.execchain.MainClientExec -- Executing request POST /auth/login HTTP/1.1
16:12:26.290 [main] DEBUG org.apache.http.impl.execchain.MainClientExec -- Target auth state: UNCHALLENGED
16:12:26.290 [main] DEBUG org.apache.http.impl.execchain.MainClientExec -- Proxy auth state: UNCHALLENGED
16:12:26.291 [main] DEBUG org.apache.http.headers -- http-outgoing-85 >> POST /auth/login HTTP/1.1
16:12:26.291 [main] DEBUG org.apache.http.headers -- http-outgoing-85 >> Content-Type: application/json; charset=UTF-8
16:12:26.291 [main] DEBUG org.apache.http.headers -- http-outgoing-85 >> Content-Length: 54
16:12:26.291 [main] DEBUG org.apache.http.headers -- http-outgoing-85 >> Host: localhost:3000
16:12:26.291 [main] DEBUG org.apache.http.headers -- http-outgoing-85 >> Connection: Keep-Alive
16:12:26.291 [main] DEBUG org.apache.http.headers -- http-outgoing-85 >> User-Agent: Apache-HttpClient/4.5.14 (Java/17.0.9)
16:12:26.291 [main] DEBUG org.apache.http.headers -- http-outgoing-85 >> Accept-Encoding: gzip,deflate
16:12:26.291 [main] DEBUG org.apache.http.wire -- http-outgoing-85 >> "POST /auth/login HTTP/1.1[\r][\n]"
16:12:26.291 [main] DEBUG org.apache.http.wire -- http-outgoing-85 >> "Content-Type: application/json; charset=UTF-8[\r][\n]"
16:12:26.291 [main] DEBUG org.apache.http.wire -- http-outgoing-85 >> "Content-Length: 54[\r][\n]"
16:12:26.291 [main] DEBUG org.apache.http.wire -- http-outgoing-85 >> "Host: localhost:3000[\r][\n]"
16:12:26.291 [main] DEBUG org.apache.http.wire -- http-outgoing-85 >> "Connection: Keep-Alive[\r][\n]"
16:12:26.291 [main] DEBUG org.apache.http.wire -- http-outgoing-85 >> "User-Agent: Apache-HttpClient/4.5.14 (Java/17.0.9)[\r][\n]"
16:12:26.291 [main] DEBUG org.apache.http.wire -- http-outgoing-85 >> "Accept-Encoding: gzip,deflate[\r][\n]"
16:12:26.291 [main] DEBUG org.apache.http.wire -- http-outgoing-85 >> "[\r][\n]"
16:12:26.291 [main] DEBUG org.apache.http.wire -- http-outgoing-85 >> "{"email":"testit4@gmail.com","password":"Password123"}"
16:12:26.557 [main] DEBUG org.apache.http.wire -- http-outgoing-85 << "HTTP/1.1 200 OK[\r][\n]"
16:12:26.557 [main] DEBUG org.apache.http.wire -- http-outgoing-85 << "X-Powered-By: Express[\r][\n]"
16:12:26.557 [main] DEBUG org.apache.http.wire -- http-outgoing-85 << "Access-Control-Allow-Origin: *[\r][\n]"
16:12:26.557 [main] DEBUG org.apache.http.wire -- http-outgoing-85 << "Content-Type: application/json; charset=utf-8[\r][\n]"
16:12:26.557 [main] DEBUG org.apache.http.wire -- http-outgoing-85 << "Content-Length: 607[\r][\n]"
16:12:26.557 [main] DEBUG org.apache.http.wire -- http-outgoing-85 << "ETag: W/"25f-eZyPUpdcdjFKg3eSRdb1/kXjKNs"[\r][\n]"
16:12:26.557 [main] DEBUG org.apache.http.wire -- http-outgoing-85 << "Date: Tue, 24 Jun 2025 09:12:26 GMT[\r][\n]"
16:12:26.557 [main] DEBUG org.apache.http.wire -- http-outgoing-85 << "Connection: keep-alive[\r][\n]"
16:12:26.557 [main] DEBUG org.apache.http.wire -- http-outgoing-85 << "Keep-Alive: timeout=5[\r][\n]"
16:12:26.557 [main] DEBUG org.apache.http.wire -- http-outgoing-85 << "[\r][\n]"
16:12:26.557 [main] DEBUG org.apache.http.wire -- http-outgoing-85 << "{"access_token":"eyJhbGciOiJIUzI1NiIsInR5cCI6IkpXVCJ9.eyJzdWIiOiI5YTI2OTc2Yy0xNTMyLTRkZjMtYTE2ZS03NjMxNTI1Yzg1MDIiLCJ1c2VybmFtZSI6ImpvaG5kb2UyZDUiLCJyb2xlIjowLCJpYXQiOjE3NTA3NTYzNDYsImV4cCI6MTc1MDc1OTk0Nn0.-K8sRhK6LMHkPII8qEFtt4zFS7G0kzd6oJqpi63twGM","refresh_token":"1dcc299528ac618367bba392da3ab421169d603102e27383f0450186d5ca10c0","user":{"id":"9a26976c-1532-4df3-a16e-7631525c8502","email":"testit4@gmail.com","username":"johndoe2d5","name":"John Doe","phoneNumber":"0123456212","profilePic":null,"bio":null,"private":false,"verified":false,"role":0,"followersCount":0,"followingCount":0,"postCount":0}}"
16:12:26.557 [main] DEBUG org.apache.http.headers -- http-outgoing-85 << HTTP/1.1 200 OK
16:12:26.557 [main] DEBUG org.apache.http.headers -- http-outgoing-85 << X-Powered-By: Express
16:12:26.557 [main] DEBUG org.apache.http.headers -- http-outgoing-85 << Access-Control-Allow-Origin: *
16:12:26.557 [main] DEBUG org.apache.http.headers -- http-outgoing-85 << Content-Type: application/json; charset=utf-8
16:12:26.557 [main] DEBUG org.apache.http.headers -- http-outgoing-85 << Content-Length: 607
16:12:26.557 [main] DEBUG org.apache.http.headers -- http-outgoing-85 << ETag: W/"25f-eZyPUpdcdjFKg3eSRdb1/kXjKNs"
16:12:26.557 [main] DEBUG org.apache.http.headers -- http-outgoing-85 << Date: Tue, 24 Jun 2025 09:12:26 GMT
16:12:26.557 [main] DEBUG org.apache.http.headers -- http-outgoing-85 << Connection: keep-alive
16:12:26.557 [main] DEBUG org.apache.http.headers -- http-outgoing-85 << Keep-Alive: timeout=5
16:12:26.557 [main] DEBUG org.apache.http.impl.execchain.MainClientExec -- Connection can be kept alive for 5000 MILLISECONDS
16:12:26.557 [main] DEBUG org.apache.http.impl.conn.PoolingHttpClientConnectionManager -- Connection [id: 85][route: {}->http://localhost:3000] can be kept alive for 5.0 seconds
16:12:26.557 [main] DEBUG org.apache.http.impl.conn.DefaultManagedHttpClientConnection -- http-outgoing-85: set socket timeout to 0
16:12:26.557 [main] DEBUG org.apache.http.impl.conn.PoolingHttpClientConnectionManager -- Connection released: [id: 85][route: {}->http://localhost:3000][total available: 1; route allocated: 1 of 5; total allocated: 1 of 10]
16:12:26.557 [main] DEBUG org.apache.http.impl.conn.PoolingHttpClientConnectionManager -- Connection manager is shutting down
16:12:26.557 [main] DEBUG org.apache.http.impl.conn.DefaultManagedHttpClientConnection -- http-outgoing-85: Close connection
16:12:26.557 [main] DEBUG org.apache.http.impl.conn.PoolingHttpClientConnectionManager -- Connection manager shut down
16:12:26.557 [main] DEBUG com.intuit.karate -- response time in milliseconds: 267
1 < 200
1 < X-Powered-By: Express
1 < Access-Control-Allow-Origin: *
1 < Content-Type: application/json; charset=utf-8
1 < Content-Length: 607
1 < ETag: W/"25f-eZyPUpdcdjFKg3eSRdb1/kXjKNs"
1 < Date: Tue, 24 Jun 2025 09:12:26 GMT
1 < Connection: keep-alive
1 < Keep-Alive: timeout=5
{"access_token":"eyJhbGciOiJIUzI1NiIsInR5cCI6IkpXVCJ9.eyJzdWIiOiI5YTI2OTc2Yy0xNTMyLTRkZjMtYTE2ZS03NjMxNTI1Yzg1MDIiLCJ1c2VybmFtZSI6ImpvaG5kb2UyZDUiLCJyb2xlIjowLCJpYXQiOjE3NTA3NTYzNDYsImV4cCI6MTc1MDc1OTk0Nn0.-K8sRhK6LMHkPII8qEFtt4zFS7G0kzd6oJqpi63twGM","refresh_token":"1dcc299528ac618367bba392da3ab421169d603102e27383f0450186d5ca10c0","user":{"id":"9a26976c-1532-4df3-a16e-7631525c8502","email":"testit4@gmail.com","username":"johndoe2d5","name":"John Doe","phoneNumber":"0123456212","profilePic":null,"bio":null,"private":false,"verified":false,"role":0,"followersCount":0,"followingCount":0,"postCount":0}}

16:12:26.558 [main] INFO com.intuit.karate -- [print] *** AFTER API CALL *** Status: 200 
16:12:26.558 [main] INFO com.intuit.karate -- [print] ### API CALL COMPLETED ### Email: testit4@gmail.com Status: 200 
16:12:26.558 [main] INFO com.intuit.karate -- [print] ### RESPONSE BODY ### {
  "access_token": "eyJhbGciOiJIUzI1NiIsInR5cCI6IkpXVCJ9.eyJzdWIiOiI5YTI2OTc2Yy0xNTMyLTRkZjMtYTE2ZS03NjMxNTI1Yzg1MDIiLCJ1c2VybmFtZSI6ImpvaG5kb2UyZDUiLCJyb2xlIjowLCJpYXQiOjE3NTA3NTYzNDYsImV4cCI6MTc1MDc1OTk0Nn0.-K8sRhK6LMHkPII8qEFtt4zFS7G0kzd6oJqpi63twGM",
  "refresh_token": "1dcc299528ac618367bba392da3ab421169d603102e27383f0450186d5ca10c0",
  "user": {
    "id": "9a26976c-1532-4df3-a16e-7631525c8502",
    "email": "testit4@gmail.com",
    "username": "johndoe2d5",
    "name": "John Doe",
    "phoneNumber": "0123456212",
    "profilePic": null,
    "bio": null,
    "private": false,
    "verified": false,
    "role": 0,
    "followersCount": 0,
    "followingCount": 0,
    "postCount": 0
  }
}
 
16:12:26.559 [main] INFO com.intuit.karate -- Request #86 completed - Status: 200 Time: 274ms 
16:12:26.560 [main] INFO com.intuit.karate -- *** SEQUENTIAL REQUEST #87 *** 
16:12:26.560 [main] INFO com.intuit.karate -- User: testit3@gmail.com 
16:12:26.562 [main] INFO com.intuit.karate -- [print] *** BEFORE API CALL *** Email: testit3@gmail.com URL: http://localhost:3000/auth/login 
16:12:26.563 [main] DEBUG com.jayway.jsonpath.internal.path.CompiledPath -- Evaluating path: $
16:12:26.563 [main] INFO com.intuit.karate -- [print] *** SENDING REQUEST *** Body: {
  "email": "#(email)",
  "password": "#(password)"
}
 
16:12:26.563 [main] DEBUG org.apache.http.client.protocol.RequestAddCookies -- CookieSpec selected: karate
16:12:26.563 [main] DEBUG org.apache.http.client.protocol.RequestAuthCache -- Auth cache not set in the context
16:12:26.564 [main] DEBUG com.intuit.karate -- request:
1 > POST http://localhost:3000/auth/login
1 > Content-Type: application/json; charset=UTF-8
1 > Content-Length: 54
1 > Host: localhost:3000
1 > Connection: Keep-Alive
1 > User-Agent: Apache-HttpClient/4.5.14 (Java/17.0.9)
1 > Accept-Encoding: gzip,deflate
{"email":"testit3@gmail.com","password":"Password123"}

16:12:26.564 [main] DEBUG org.apache.http.impl.conn.PoolingHttpClientConnectionManager -- Connection request: [route: {}->http://localhost:3000][total available: 0; route allocated: 0 of 5; total allocated: 0 of 10]
16:12:26.564 [main] DEBUG org.apache.http.impl.conn.PoolingHttpClientConnectionManager -- Connection leased: [id: 86][route: {}->http://localhost:3000][total available: 0; route allocated: 1 of 5; total allocated: 1 of 10]
16:12:26.564 [main] DEBUG org.apache.http.impl.execchain.MainClientExec -- Opening connection {}->http://localhost:3000
16:12:26.564 [main] DEBUG org.apache.http.impl.conn.DefaultHttpClientConnectionOperator -- Connecting to localhost/127.0.0.1:3000
16:12:26.564 [main] DEBUG org.apache.http.impl.conn.DefaultHttpClientConnectionOperator -- Connection established 127.0.0.1:51130<->127.0.0.1:3000
16:12:26.564 [main] DEBUG org.apache.http.impl.conn.DefaultManagedHttpClientConnection -- http-outgoing-86: set socket timeout to 30000
16:12:26.564 [main] DEBUG org.apache.http.impl.execchain.MainClientExec -- Executing request POST /auth/login HTTP/1.1
16:12:26.564 [main] DEBUG org.apache.http.impl.execchain.MainClientExec -- Target auth state: UNCHALLENGED
16:12:26.564 [main] DEBUG org.apache.http.impl.execchain.MainClientExec -- Proxy auth state: UNCHALLENGED
16:12:26.564 [main] DEBUG org.apache.http.headers -- http-outgoing-86 >> POST /auth/login HTTP/1.1
16:12:26.564 [main] DEBUG org.apache.http.headers -- http-outgoing-86 >> Content-Type: application/json; charset=UTF-8
16:12:26.564 [main] DEBUG org.apache.http.headers -- http-outgoing-86 >> Content-Length: 54
16:12:26.564 [main] DEBUG org.apache.http.headers -- http-outgoing-86 >> Host: localhost:3000
16:12:26.564 [main] DEBUG org.apache.http.headers -- http-outgoing-86 >> Connection: Keep-Alive
16:12:26.564 [main] DEBUG org.apache.http.headers -- http-outgoing-86 >> User-Agent: Apache-HttpClient/4.5.14 (Java/17.0.9)
16:12:26.564 [main] DEBUG org.apache.http.headers -- http-outgoing-86 >> Accept-Encoding: gzip,deflate
16:12:26.564 [main] DEBUG org.apache.http.wire -- http-outgoing-86 >> "POST /auth/login HTTP/1.1[\r][\n]"
16:12:26.564 [main] DEBUG org.apache.http.wire -- http-outgoing-86 >> "Content-Type: application/json; charset=UTF-8[\r][\n]"
16:12:26.564 [main] DEBUG org.apache.http.wire -- http-outgoing-86 >> "Content-Length: 54[\r][\n]"
16:12:26.564 [main] DEBUG org.apache.http.wire -- http-outgoing-86 >> "Host: localhost:3000[\r][\n]"
16:12:26.564 [main] DEBUG org.apache.http.wire -- http-outgoing-86 >> "Connection: Keep-Alive[\r][\n]"
16:12:26.564 [main] DEBUG org.apache.http.wire -- http-outgoing-86 >> "User-Agent: Apache-HttpClient/4.5.14 (Java/17.0.9)[\r][\n]"
16:12:26.564 [main] DEBUG org.apache.http.wire -- http-outgoing-86 >> "Accept-Encoding: gzip,deflate[\r][\n]"
16:12:26.564 [main] DEBUG org.apache.http.wire -- http-outgoing-86 >> "[\r][\n]"
16:12:26.564 [main] DEBUG org.apache.http.wire -- http-outgoing-86 >> "{"email":"testit3@gmail.com","password":"Password123"}"
16:12:26.825 [main] DEBUG org.apache.http.wire -- http-outgoing-86 << "HTTP/1.1 200 OK[\r][\n]"
16:12:26.825 [main] DEBUG org.apache.http.wire -- http-outgoing-86 << "X-Powered-By: Express[\r][\n]"
16:12:26.825 [main] DEBUG org.apache.http.wire -- http-outgoing-86 << "Access-Control-Allow-Origin: *[\r][\n]"
16:12:26.825 [main] DEBUG org.apache.http.wire -- http-outgoing-86 << "Content-Type: application/json; charset=utf-8[\r][\n]"
16:12:26.825 [main] DEBUG org.apache.http.wire -- http-outgoing-86 << "Content-Length: 605[\r][\n]"
16:12:26.825 [main] DEBUG org.apache.http.wire -- http-outgoing-86 << "ETag: W/"25d-wXaJnLcaxjkSH6qjKpJ6SMJLtpo"[\r][\n]"
16:12:26.825 [main] DEBUG org.apache.http.wire -- http-outgoing-86 << "Date: Tue, 24 Jun 2025 09:12:26 GMT[\r][\n]"
16:12:26.825 [main] DEBUG org.apache.http.wire -- http-outgoing-86 << "Connection: keep-alive[\r][\n]"
16:12:26.825 [main] DEBUG org.apache.http.wire -- http-outgoing-86 << "Keep-Alive: timeout=5[\r][\n]"
16:12:26.825 [main] DEBUG org.apache.http.wire -- http-outgoing-86 << "[\r][\n]"
16:12:26.825 [main] DEBUG org.apache.http.wire -- http-outgoing-86 << "{"access_token":"eyJhbGciOiJIUzI1NiIsInR5cCI6IkpXVCJ9.eyJzdWIiOiI2NTBjZTFlZC1hYWNhLTQzOGYtOTk4OC0xZjA1OGFiNWFhMWEiLCJ1c2VybmFtZSI6ImpvaG5kb2UyNSIsInJvbGUiOjAsImlhdCI6MTc1MDc1NjM0NiwiZXhwIjoxNzUwNzU5OTQ2fQ.HAAKPEEsRR1u7nAV8t1IRCsPcCMg9Rkupe1_ElGh2I8","refresh_token":"23f940c0a9287084d36856482de23c77381d87b9b47436eaef6aba083376911b","user":{"id":"650ce1ed-aaca-438f-9988-1f058ab5aa1a","email":"testit3@gmail.com","username":"johndoe25","name":"John Doe","phoneNumber":"0123456713","profilePic":null,"bio":null,"private":false,"verified":false,"role":0,"followersCount":0,"followingCount":0,"postCount":0}}"
16:12:26.825 [main] DEBUG org.apache.http.headers -- http-outgoing-86 << HTTP/1.1 200 OK
16:12:26.825 [main] DEBUG org.apache.http.headers -- http-outgoing-86 << X-Powered-By: Express
16:12:26.825 [main] DEBUG org.apache.http.headers -- http-outgoing-86 << Access-Control-Allow-Origin: *
16:12:26.825 [main] DEBUG org.apache.http.headers -- http-outgoing-86 << Content-Type: application/json; charset=utf-8
16:12:26.825 [main] DEBUG org.apache.http.headers -- http-outgoing-86 << Content-Length: 605
16:12:26.825 [main] DEBUG org.apache.http.headers -- http-outgoing-86 << ETag: W/"25d-wXaJnLcaxjkSH6qjKpJ6SMJLtpo"
16:12:26.825 [main] DEBUG org.apache.http.headers -- http-outgoing-86 << Date: Tue, 24 Jun 2025 09:12:26 GMT
16:12:26.825 [main] DEBUG org.apache.http.headers -- http-outgoing-86 << Connection: keep-alive
16:12:26.825 [main] DEBUG org.apache.http.headers -- http-outgoing-86 << Keep-Alive: timeout=5
16:12:26.825 [main] DEBUG org.apache.http.impl.execchain.MainClientExec -- Connection can be kept alive for 5000 MILLISECONDS
16:12:26.825 [main] DEBUG org.apache.http.impl.conn.PoolingHttpClientConnectionManager -- Connection [id: 86][route: {}->http://localhost:3000] can be kept alive for 5.0 seconds
16:12:26.825 [main] DEBUG org.apache.http.impl.conn.DefaultManagedHttpClientConnection -- http-outgoing-86: set socket timeout to 0
16:12:26.825 [main] DEBUG org.apache.http.impl.conn.PoolingHttpClientConnectionManager -- Connection released: [id: 86][route: {}->http://localhost:3000][total available: 1; route allocated: 1 of 5; total allocated: 1 of 10]
16:12:26.826 [main] DEBUG org.apache.http.impl.conn.PoolingHttpClientConnectionManager -- Connection manager is shutting down
16:12:26.826 [main] DEBUG org.apache.http.impl.conn.DefaultManagedHttpClientConnection -- http-outgoing-86: Close connection
16:12:26.826 [main] DEBUG org.apache.http.impl.conn.PoolingHttpClientConnectionManager -- Connection manager shut down
16:12:26.826 [main] DEBUG com.intuit.karate -- response time in milliseconds: 261
1 < 200
1 < X-Powered-By: Express
1 < Access-Control-Allow-Origin: *
1 < Content-Type: application/json; charset=utf-8
1 < Content-Length: 605
1 < ETag: W/"25d-wXaJnLcaxjkSH6qjKpJ6SMJLtpo"
1 < Date: Tue, 24 Jun 2025 09:12:26 GMT
1 < Connection: keep-alive
1 < Keep-Alive: timeout=5
{"access_token":"eyJhbGciOiJIUzI1NiIsInR5cCI6IkpXVCJ9.eyJzdWIiOiI2NTBjZTFlZC1hYWNhLTQzOGYtOTk4OC0xZjA1OGFiNWFhMWEiLCJ1c2VybmFtZSI6ImpvaG5kb2UyNSIsInJvbGUiOjAsImlhdCI6MTc1MDc1NjM0NiwiZXhwIjoxNzUwNzU5OTQ2fQ.HAAKPEEsRR1u7nAV8t1IRCsPcCMg9Rkupe1_ElGh2I8","refresh_token":"23f940c0a9287084d36856482de23c77381d87b9b47436eaef6aba083376911b","user":{"id":"650ce1ed-aaca-438f-9988-1f058ab5aa1a","email":"testit3@gmail.com","username":"johndoe25","name":"John Doe","phoneNumber":"0123456713","profilePic":null,"bio":null,"private":false,"verified":false,"role":0,"followersCount":0,"followingCount":0,"postCount":0}}

16:12:26.826 [main] INFO com.intuit.karate -- [print] *** AFTER API CALL *** Status: 200 
16:12:26.826 [main] INFO com.intuit.karate -- [print] ### API CALL COMPLETED ### Email: testit3@gmail.com Status: 200 
16:12:26.826 [main] INFO com.intuit.karate -- [print] ### RESPONSE BODY ### {
  "access_token": "eyJhbGciOiJIUzI1NiIsInR5cCI6IkpXVCJ9.eyJzdWIiOiI2NTBjZTFlZC1hYWNhLTQzOGYtOTk4OC0xZjA1OGFiNWFhMWEiLCJ1c2VybmFtZSI6ImpvaG5kb2UyNSIsInJvbGUiOjAsImlhdCI6MTc1MDc1NjM0NiwiZXhwIjoxNzUwNzU5OTQ2fQ.HAAKPEEsRR1u7nAV8t1IRCsPcCMg9Rkupe1_ElGh2I8",
  "refresh_token": "23f940c0a9287084d36856482de23c77381d87b9b47436eaef6aba083376911b",
  "user": {
    "id": "650ce1ed-aaca-438f-9988-1f058ab5aa1a",
    "email": "testit3@gmail.com",
    "username": "johndoe25",
    "name": "John Doe",
    "phoneNumber": "0123456713",
    "profilePic": null,
    "bio": null,
    "private": false,
    "verified": false,
    "role": 0,
    "followersCount": 0,
    "followingCount": 0,
    "postCount": 0
  }
}
 
16:12:26.827 [main] INFO com.intuit.karate -- Request #87 completed - Status: 200 Time: 267ms 
16:12:26.828 [main] INFO com.intuit.karate -- *** SEQUENTIAL REQUEST #88 *** 
16:12:26.828 [main] INFO com.intuit.karate -- User: testit5@gmail.com 
16:12:26.830 [main] INFO com.intuit.karate -- [print] *** BEFORE API CALL *** Email: testit5@gmail.com URL: http://localhost:3000/auth/login 
16:12:26.831 [main] DEBUG com.jayway.jsonpath.internal.path.CompiledPath -- Evaluating path: $
16:12:26.831 [main] INFO com.intuit.karate -- [print] *** SENDING REQUEST *** Body: {
  "email": "#(email)",
  "password": "#(password)"
}
 
16:12:26.831 [main] DEBUG org.apache.http.client.protocol.RequestAddCookies -- CookieSpec selected: karate
16:12:26.832 [main] DEBUG org.apache.http.client.protocol.RequestAuthCache -- Auth cache not set in the context
16:12:26.832 [main] DEBUG com.intuit.karate -- request:
1 > POST http://localhost:3000/auth/login
1 > Content-Type: application/json; charset=UTF-8
1 > Content-Length: 54
1 > Host: localhost:3000
1 > Connection: Keep-Alive
1 > User-Agent: Apache-HttpClient/4.5.14 (Java/17.0.9)
1 > Accept-Encoding: gzip,deflate
{"email":"testit5@gmail.com","password":"Password123"}

16:12:26.832 [main] DEBUG org.apache.http.impl.conn.PoolingHttpClientConnectionManager -- Connection request: [route: {}->http://localhost:3000][total available: 0; route allocated: 0 of 5; total allocated: 0 of 10]
16:12:26.832 [main] DEBUG org.apache.http.impl.conn.PoolingHttpClientConnectionManager -- Connection leased: [id: 87][route: {}->http://localhost:3000][total available: 0; route allocated: 1 of 5; total allocated: 1 of 10]
16:12:26.832 [main] DEBUG org.apache.http.impl.execchain.MainClientExec -- Opening connection {}->http://localhost:3000
16:12:26.832 [main] DEBUG org.apache.http.impl.conn.DefaultHttpClientConnectionOperator -- Connecting to localhost/127.0.0.1:3000
16:12:26.832 [main] DEBUG org.apache.http.impl.conn.DefaultHttpClientConnectionOperator -- Connection established 127.0.0.1:51131<->127.0.0.1:3000
16:12:26.832 [main] DEBUG org.apache.http.impl.conn.DefaultManagedHttpClientConnection -- http-outgoing-87: set socket timeout to 30000
16:12:26.832 [main] DEBUG org.apache.http.impl.execchain.MainClientExec -- Executing request POST /auth/login HTTP/1.1
16:12:26.832 [main] DEBUG org.apache.http.impl.execchain.MainClientExec -- Target auth state: UNCHALLENGED
16:12:26.832 [main] DEBUG org.apache.http.impl.execchain.MainClientExec -- Proxy auth state: UNCHALLENGED
16:12:26.832 [main] DEBUG org.apache.http.headers -- http-outgoing-87 >> POST /auth/login HTTP/1.1
16:12:26.832 [main] DEBUG org.apache.http.headers -- http-outgoing-87 >> Content-Type: application/json; charset=UTF-8
16:12:26.832 [main] DEBUG org.apache.http.headers -- http-outgoing-87 >> Content-Length: 54
16:12:26.832 [main] DEBUG org.apache.http.headers -- http-outgoing-87 >> Host: localhost:3000
16:12:26.832 [main] DEBUG org.apache.http.headers -- http-outgoing-87 >> Connection: Keep-Alive
16:12:26.832 [main] DEBUG org.apache.http.headers -- http-outgoing-87 >> User-Agent: Apache-HttpClient/4.5.14 (Java/17.0.9)
16:12:26.832 [main] DEBUG org.apache.http.headers -- http-outgoing-87 >> Accept-Encoding: gzip,deflate
16:12:26.832 [main] DEBUG org.apache.http.wire -- http-outgoing-87 >> "POST /auth/login HTTP/1.1[\r][\n]"
16:12:26.832 [main] DEBUG org.apache.http.wire -- http-outgoing-87 >> "Content-Type: application/json; charset=UTF-8[\r][\n]"
16:12:26.832 [main] DEBUG org.apache.http.wire -- http-outgoing-87 >> "Content-Length: 54[\r][\n]"
16:12:26.832 [main] DEBUG org.apache.http.wire -- http-outgoing-87 >> "Host: localhost:3000[\r][\n]"
16:12:26.832 [main] DEBUG org.apache.http.wire -- http-outgoing-87 >> "Connection: Keep-Alive[\r][\n]"
16:12:26.832 [main] DEBUG org.apache.http.wire -- http-outgoing-87 >> "User-Agent: Apache-HttpClient/4.5.14 (Java/17.0.9)[\r][\n]"
16:12:26.832 [main] DEBUG org.apache.http.wire -- http-outgoing-87 >> "Accept-Encoding: gzip,deflate[\r][\n]"
16:12:26.832 [main] DEBUG org.apache.http.wire -- http-outgoing-87 >> "[\r][\n]"
16:12:26.832 [main] DEBUG org.apache.http.wire -- http-outgoing-87 >> "{"email":"testit5@gmail.com","password":"Password123"}"
16:12:27.096 [main] DEBUG org.apache.http.wire -- http-outgoing-87 << "HTTP/1.1 200 OK[\r][\n]"
16:12:27.096 [main] DEBUG org.apache.http.wire -- http-outgoing-87 << "X-Powered-By: Express[\r][\n]"
16:12:27.096 [main] DEBUG org.apache.http.wire -- http-outgoing-87 << "Access-Control-Allow-Origin: *[\r][\n]"
16:12:27.096 [main] DEBUG org.apache.http.wire -- http-outgoing-87 << "Content-Type: application/json; charset=utf-8[\r][\n]"
16:12:27.096 [main] DEBUG org.apache.http.wire -- http-outgoing-87 << "Content-Length: 609[\r][\n]"
16:12:27.096 [main] DEBUG org.apache.http.wire -- http-outgoing-87 << "ETag: W/"261-qC4JkSGYHnYkmiDxjoGjCs9e5Ko"[\r][\n]"
16:12:27.096 [main] DEBUG org.apache.http.wire -- http-outgoing-87 << "Date: Tue, 24 Jun 2025 09:12:27 GMT[\r][\n]"
16:12:27.096 [main] DEBUG org.apache.http.wire -- http-outgoing-87 << "Connection: keep-alive[\r][\n]"
16:12:27.096 [main] DEBUG org.apache.http.wire -- http-outgoing-87 << "Keep-Alive: timeout=5[\r][\n]"
16:12:27.096 [main] DEBUG org.apache.http.wire -- http-outgoing-87 << "[\r][\n]"
16:12:27.096 [main] DEBUG org.apache.http.wire -- http-outgoing-87 << "{"access_token":"eyJhbGciOiJIUzI1NiIsInR5cCI6IkpXVCJ9.eyJzdWIiOiIyNzJmNmI1NS01MTc5LTRhZTMtODU2My1iNGVjMTBmNzY3MTUiLCJ1c2VybmFtZSI6ImpvaG5kb2UyZDVkIiwicm9sZSI6MCwiaWF0IjoxNzUwNzU2MzQ3LCJleHAiOjE3NTA3NTk5NDd9.wymxt5w4XCV_8ptcJiQfpnthER_zltIdq_IaJ0CLidU","refresh_token":"bcd6051cd6ea108932037be48051ff40e4eb9a10dcfa5305f0caf73223119626","user":{"id":"272f6b55-5179-4ae3-8563-b4ec10f76715","email":"testit5@gmail.com","username":"johndoe2d5d","name":"John Doe","phoneNumber":"0123456132","profilePic":null,"bio":null,"private":false,"verified":false,"role":0,"followersCount":0,"followingCount":0,"postCount":0}}"
16:12:27.096 [main] DEBUG org.apache.http.headers -- http-outgoing-87 << HTTP/1.1 200 OK
16:12:27.096 [main] DEBUG org.apache.http.headers -- http-outgoing-87 << X-Powered-By: Express
16:12:27.096 [main] DEBUG org.apache.http.headers -- http-outgoing-87 << Access-Control-Allow-Origin: *
16:12:27.096 [main] DEBUG org.apache.http.headers -- http-outgoing-87 << Content-Type: application/json; charset=utf-8
16:12:27.096 [main] DEBUG org.apache.http.headers -- http-outgoing-87 << Content-Length: 609
16:12:27.096 [main] DEBUG org.apache.http.headers -- http-outgoing-87 << ETag: W/"261-qC4JkSGYHnYkmiDxjoGjCs9e5Ko"
16:12:27.096 [main] DEBUG org.apache.http.headers -- http-outgoing-87 << Date: Tue, 24 Jun 2025 09:12:27 GMT
16:12:27.096 [main] DEBUG org.apache.http.headers -- http-outgoing-87 << Connection: keep-alive
16:12:27.096 [main] DEBUG org.apache.http.headers -- http-outgoing-87 << Keep-Alive: timeout=5
16:12:27.096 [main] DEBUG org.apache.http.impl.execchain.MainClientExec -- Connection can be kept alive for 5000 MILLISECONDS
16:12:27.096 [main] DEBUG org.apache.http.impl.conn.PoolingHttpClientConnectionManager -- Connection [id: 87][route: {}->http://localhost:3000] can be kept alive for 5.0 seconds
16:12:27.096 [main] DEBUG org.apache.http.impl.conn.DefaultManagedHttpClientConnection -- http-outgoing-87: set socket timeout to 0
16:12:27.096 [main] DEBUG org.apache.http.impl.conn.PoolingHttpClientConnectionManager -- Connection released: [id: 87][route: {}->http://localhost:3000][total available: 1; route allocated: 1 of 5; total allocated: 1 of 10]
16:12:27.096 [main] DEBUG org.apache.http.impl.conn.PoolingHttpClientConnectionManager -- Connection manager is shutting down
16:12:27.096 [main] DEBUG org.apache.http.impl.conn.DefaultManagedHttpClientConnection -- http-outgoing-87: Close connection
16:12:27.096 [main] DEBUG org.apache.http.impl.conn.PoolingHttpClientConnectionManager -- Connection manager shut down
16:12:27.096 [main] DEBUG com.intuit.karate -- response time in milliseconds: 264
1 < 200
1 < X-Powered-By: Express
1 < Access-Control-Allow-Origin: *
1 < Content-Type: application/json; charset=utf-8
1 < Content-Length: 609
1 < ETag: W/"261-qC4JkSGYHnYkmiDxjoGjCs9e5Ko"
1 < Date: Tue, 24 Jun 2025 09:12:27 GMT
1 < Connection: keep-alive
1 < Keep-Alive: timeout=5
{"access_token":"eyJhbGciOiJIUzI1NiIsInR5cCI6IkpXVCJ9.eyJzdWIiOiIyNzJmNmI1NS01MTc5LTRhZTMtODU2My1iNGVjMTBmNzY3MTUiLCJ1c2VybmFtZSI6ImpvaG5kb2UyZDVkIiwicm9sZSI6MCwiaWF0IjoxNzUwNzU2MzQ3LCJleHAiOjE3NTA3NTk5NDd9.wymxt5w4XCV_8ptcJiQfpnthER_zltIdq_IaJ0CLidU","refresh_token":"bcd6051cd6ea108932037be48051ff40e4eb9a10dcfa5305f0caf73223119626","user":{"id":"272f6b55-5179-4ae3-8563-b4ec10f76715","email":"testit5@gmail.com","username":"johndoe2d5d","name":"John Doe","phoneNumber":"0123456132","profilePic":null,"bio":null,"private":false,"verified":false,"role":0,"followersCount":0,"followingCount":0,"postCount":0}}

16:12:27.097 [main] INFO com.intuit.karate -- [print] *** AFTER API CALL *** Status: 200 
16:12:27.097 [main] INFO com.intuit.karate -- [print] ### API CALL COMPLETED ### Email: testit5@gmail.com Status: 200 
16:12:27.097 [main] INFO com.intuit.karate -- [print] ### RESPONSE BODY ### {
  "access_token": "eyJhbGciOiJIUzI1NiIsInR5cCI6IkpXVCJ9.eyJzdWIiOiIyNzJmNmI1NS01MTc5LTRhZTMtODU2My1iNGVjMTBmNzY3MTUiLCJ1c2VybmFtZSI6ImpvaG5kb2UyZDVkIiwicm9sZSI6MCwiaWF0IjoxNzUwNzU2MzQ3LCJleHAiOjE3NTA3NTk5NDd9.wymxt5w4XCV_8ptcJiQfpnthER_zltIdq_IaJ0CLidU",
  "refresh_token": "bcd6051cd6ea108932037be48051ff40e4eb9a10dcfa5305f0caf73223119626",
  "user": {
    "id": "272f6b55-5179-4ae3-8563-b4ec10f76715",
    "email": "testit5@gmail.com",
    "username": "johndoe2d5d",
    "name": "John Doe",
    "phoneNumber": "0123456132",
    "profilePic": null,
    "bio": null,
    "private": false,
    "verified": false,
    "role": 0,
    "followersCount": 0,
    "followingCount": 0,
    "postCount": 0
  }
}
 
16:12:27.098 [main] INFO com.intuit.karate -- Request #88 completed - Status: 200 Time: 270ms 
16:12:27.099 [main] INFO com.intuit.karate -- *** SEQUENTIAL REQUEST #89 *** 
16:12:27.099 [main] INFO com.intuit.karate -- User: testit@gmail.com 
16:12:27.102 [main] INFO com.intuit.karate -- [print] *** BEFORE API CALL *** Email: testit@gmail.com URL: http://localhost:3000/auth/login 
16:12:27.102 [main] DEBUG com.jayway.jsonpath.internal.path.CompiledPath -- Evaluating path: $
16:12:27.102 [main] INFO com.intuit.karate -- [print] *** SENDING REQUEST *** Body: {
  "email": "#(email)",
  "password": "#(password)"
}
 
16:12:27.103 [main] DEBUG org.apache.http.client.protocol.RequestAddCookies -- CookieSpec selected: karate
16:12:27.103 [main] DEBUG org.apache.http.client.protocol.RequestAuthCache -- Auth cache not set in the context
16:12:27.103 [main] DEBUG com.intuit.karate -- request:
1 > POST http://localhost:3000/auth/login
1 > Content-Type: application/json; charset=UTF-8
1 > Content-Length: 53
1 > Host: localhost:3000
1 > Connection: Keep-Alive
1 > User-Agent: Apache-HttpClient/4.5.14 (Java/17.0.9)
1 > Accept-Encoding: gzip,deflate
{"email":"testit@gmail.com","password":"Password123"}

16:12:27.103 [main] DEBUG org.apache.http.impl.conn.PoolingHttpClientConnectionManager -- Connection request: [route: {}->http://localhost:3000][total available: 0; route allocated: 0 of 5; total allocated: 0 of 10]
16:12:27.103 [main] DEBUG org.apache.http.impl.conn.PoolingHttpClientConnectionManager -- Connection leased: [id: 88][route: {}->http://localhost:3000][total available: 0; route allocated: 1 of 5; total allocated: 1 of 10]
16:12:27.103 [main] DEBUG org.apache.http.impl.execchain.MainClientExec -- Opening connection {}->http://localhost:3000
16:12:27.103 [main] DEBUG org.apache.http.impl.conn.DefaultHttpClientConnectionOperator -- Connecting to localhost/127.0.0.1:3000
16:12:27.103 [main] DEBUG org.apache.http.impl.conn.DefaultHttpClientConnectionOperator -- Connection established 127.0.0.1:51132<->127.0.0.1:3000
16:12:27.103 [main] DEBUG org.apache.http.impl.conn.DefaultManagedHttpClientConnection -- http-outgoing-88: set socket timeout to 30000
16:12:27.103 [main] DEBUG org.apache.http.impl.execchain.MainClientExec -- Executing request POST /auth/login HTTP/1.1
16:12:27.103 [main] DEBUG org.apache.http.impl.execchain.MainClientExec -- Target auth state: UNCHALLENGED
16:12:27.103 [main] DEBUG org.apache.http.impl.execchain.MainClientExec -- Proxy auth state: UNCHALLENGED
16:12:27.103 [main] DEBUG org.apache.http.headers -- http-outgoing-88 >> POST /auth/login HTTP/1.1
16:12:27.103 [main] DEBUG org.apache.http.headers -- http-outgoing-88 >> Content-Type: application/json; charset=UTF-8
16:12:27.103 [main] DEBUG org.apache.http.headers -- http-outgoing-88 >> Content-Length: 53
16:12:27.103 [main] DEBUG org.apache.http.headers -- http-outgoing-88 >> Host: localhost:3000
16:12:27.103 [main] DEBUG org.apache.http.headers -- http-outgoing-88 >> Connection: Keep-Alive
16:12:27.103 [main] DEBUG org.apache.http.headers -- http-outgoing-88 >> User-Agent: Apache-HttpClient/4.5.14 (Java/17.0.9)
16:12:27.103 [main] DEBUG org.apache.http.headers -- http-outgoing-88 >> Accept-Encoding: gzip,deflate
16:12:27.103 [main] DEBUG org.apache.http.wire -- http-outgoing-88 >> "POST /auth/login HTTP/1.1[\r][\n]"
16:12:27.103 [main] DEBUG org.apache.http.wire -- http-outgoing-88 >> "Content-Type: application/json; charset=UTF-8[\r][\n]"
16:12:27.103 [main] DEBUG org.apache.http.wire -- http-outgoing-88 >> "Content-Length: 53[\r][\n]"
16:12:27.103 [main] DEBUG org.apache.http.wire -- http-outgoing-88 >> "Host: localhost:3000[\r][\n]"
16:12:27.103 [main] DEBUG org.apache.http.wire -- http-outgoing-88 >> "Connection: Keep-Alive[\r][\n]"
16:12:27.103 [main] DEBUG org.apache.http.wire -- http-outgoing-88 >> "User-Agent: Apache-HttpClient/4.5.14 (Java/17.0.9)[\r][\n]"
16:12:27.103 [main] DEBUG org.apache.http.wire -- http-outgoing-88 >> "Accept-Encoding: gzip,deflate[\r][\n]"
16:12:27.103 [main] DEBUG org.apache.http.wire -- http-outgoing-88 >> "[\r][\n]"
16:12:27.103 [main] DEBUG org.apache.http.wire -- http-outgoing-88 >> "{"email":"testit@gmail.com","password":"Password123"}"
16:12:27.369 [main] DEBUG org.apache.http.wire -- http-outgoing-88 << "HTTP/1.1 200 OK[\r][\n]"
16:12:27.369 [main] DEBUG org.apache.http.wire -- http-outgoing-88 << "X-Powered-By: Express[\r][\n]"
16:12:27.369 [main] DEBUG org.apache.http.wire -- http-outgoing-88 << "Access-Control-Allow-Origin: *[\r][\n]"
16:12:27.369 [main] DEBUG org.apache.http.wire -- http-outgoing-88 << "Content-Type: application/json; charset=utf-8[\r][\n]"
16:12:27.369 [main] DEBUG org.apache.http.wire -- http-outgoing-88 << "Content-Length: 604[\r][\n]"
16:12:27.369 [main] DEBUG org.apache.http.wire -- http-outgoing-88 << "ETag: W/"25c-/chgS8BdyD7L8AJHjefByaC2Cwo"[\r][\n]"
16:12:27.369 [main] DEBUG org.apache.http.wire -- http-outgoing-88 << "Date: Tue, 24 Jun 2025 09:12:27 GMT[\r][\n]"
16:12:27.369 [main] DEBUG org.apache.http.wire -- http-outgoing-88 << "Connection: keep-alive[\r][\n]"
16:12:27.369 [main] DEBUG org.apache.http.wire -- http-outgoing-88 << "Keep-Alive: timeout=5[\r][\n]"
16:12:27.369 [main] DEBUG org.apache.http.wire -- http-outgoing-88 << "[\r][\n]"
16:12:27.369 [main] DEBUG org.apache.http.wire -- http-outgoing-88 << "{"access_token":"eyJhbGciOiJIUzI1NiIsInR5cCI6IkpXVCJ9.eyJzdWIiOiJkZjZmMDkxOS1hMjNkLTQ0YzktYTkyNS00ZWE4YmU1MjVkMTAiLCJ1c2VybmFtZSI6ImpvaG5kb2UyMyIsInJvbGUiOjAsImlhdCI6MTc1MDc1NjM0NywiZXhwIjoxNzUwNzU5OTQ3fQ.kqGIjQHiUmyDHbJ2UEbtQsqtBf_bJn0kYJ1WVkRg4Sw","refresh_token":"19404601305c531f07e154cffd53f01a6e2a5048807251f71d5e0cb0e3af6ed1","user":{"id":"df6f0919-a23d-44c9-a925-4ea8be525d10","email":"testit@gmail.com","username":"johndoe23","name":"John Doe","phoneNumber":"0123456788","profilePic":null,"bio":null,"private":false,"verified":false,"role":0,"followersCount":0,"followingCount":0,"postCount":0}}"
16:12:27.369 [main] DEBUG org.apache.http.headers -- http-outgoing-88 << HTTP/1.1 200 OK
16:12:27.369 [main] DEBUG org.apache.http.headers -- http-outgoing-88 << X-Powered-By: Express
16:12:27.369 [main] DEBUG org.apache.http.headers -- http-outgoing-88 << Access-Control-Allow-Origin: *
16:12:27.369 [main] DEBUG org.apache.http.headers -- http-outgoing-88 << Content-Type: application/json; charset=utf-8
16:12:27.369 [main] DEBUG org.apache.http.headers -- http-outgoing-88 << Content-Length: 604
16:12:27.369 [main] DEBUG org.apache.http.headers -- http-outgoing-88 << ETag: W/"25c-/chgS8BdyD7L8AJHjefByaC2Cwo"
16:12:27.369 [main] DEBUG org.apache.http.headers -- http-outgoing-88 << Date: Tue, 24 Jun 2025 09:12:27 GMT
16:12:27.369 [main] DEBUG org.apache.http.headers -- http-outgoing-88 << Connection: keep-alive
16:12:27.369 [main] DEBUG org.apache.http.headers -- http-outgoing-88 << Keep-Alive: timeout=5
16:12:27.369 [main] DEBUG org.apache.http.impl.execchain.MainClientExec -- Connection can be kept alive for 5000 MILLISECONDS
16:12:27.369 [main] DEBUG org.apache.http.impl.conn.PoolingHttpClientConnectionManager -- Connection [id: 88][route: {}->http://localhost:3000] can be kept alive for 5.0 seconds
16:12:27.369 [main] DEBUG org.apache.http.impl.conn.DefaultManagedHttpClientConnection -- http-outgoing-88: set socket timeout to 0
16:12:27.371 [main] DEBUG org.apache.http.impl.conn.PoolingHttpClientConnectionManager -- Connection released: [id: 88][route: {}->http://localhost:3000][total available: 1; route allocated: 1 of 5; total allocated: 1 of 10]
16:12:27.371 [main] DEBUG org.apache.http.impl.conn.PoolingHttpClientConnectionManager -- Connection manager is shutting down
16:12:27.371 [main] DEBUG org.apache.http.impl.conn.DefaultManagedHttpClientConnection -- http-outgoing-88: Close connection
16:12:27.371 [main] DEBUG org.apache.http.impl.conn.PoolingHttpClientConnectionManager -- Connection manager shut down
16:12:27.371 [main] DEBUG com.intuit.karate -- response time in milliseconds: 268
1 < 200
1 < X-Powered-By: Express
1 < Access-Control-Allow-Origin: *
1 < Content-Type: application/json; charset=utf-8
1 < Content-Length: 604
1 < ETag: W/"25c-/chgS8BdyD7L8AJHjefByaC2Cwo"
1 < Date: Tue, 24 Jun 2025 09:12:27 GMT
1 < Connection: keep-alive
1 < Keep-Alive: timeout=5
{"access_token":"eyJhbGciOiJIUzI1NiIsInR5cCI6IkpXVCJ9.eyJzdWIiOiJkZjZmMDkxOS1hMjNkLTQ0YzktYTkyNS00ZWE4YmU1MjVkMTAiLCJ1c2VybmFtZSI6ImpvaG5kb2UyMyIsInJvbGUiOjAsImlhdCI6MTc1MDc1NjM0NywiZXhwIjoxNzUwNzU5OTQ3fQ.kqGIjQHiUmyDHbJ2UEbtQsqtBf_bJn0kYJ1WVkRg4Sw","refresh_token":"19404601305c531f07e154cffd53f01a6e2a5048807251f71d5e0cb0e3af6ed1","user":{"id":"df6f0919-a23d-44c9-a925-4ea8be525d10","email":"testit@gmail.com","username":"johndoe23","name":"John Doe","phoneNumber":"0123456788","profilePic":null,"bio":null,"private":false,"verified":false,"role":0,"followersCount":0,"followingCount":0,"postCount":0}}

16:12:27.371 [main] INFO com.intuit.karate -- [print] *** AFTER API CALL *** Status: 200 
16:12:27.371 [main] INFO com.intuit.karate -- [print] ### API CALL COMPLETED ### Email: testit@gmail.com Status: 200 
16:12:27.371 [main] INFO com.intuit.karate -- [print] ### RESPONSE BODY ### {
  "access_token": "eyJhbGciOiJIUzI1NiIsInR5cCI6IkpXVCJ9.eyJzdWIiOiJkZjZmMDkxOS1hMjNkLTQ0YzktYTkyNS00ZWE4YmU1MjVkMTAiLCJ1c2VybmFtZSI6ImpvaG5kb2UyMyIsInJvbGUiOjAsImlhdCI6MTc1MDc1NjM0NywiZXhwIjoxNzUwNzU5OTQ3fQ.kqGIjQHiUmyDHbJ2UEbtQsqtBf_bJn0kYJ1WVkRg4Sw",
  "refresh_token": "19404601305c531f07e154cffd53f01a6e2a5048807251f71d5e0cb0e3af6ed1",
  "user": {
    "id": "df6f0919-a23d-44c9-a925-4ea8be525d10",
    "email": "testit@gmail.com",
    "username": "johndoe23",
    "name": "John Doe",
    "phoneNumber": "0123456788",
    "profilePic": null,
    "bio": null,
    "private": false,
    "verified": false,
    "role": 0,
    "followersCount": 0,
    "followingCount": 0,
    "postCount": 0
  }
}
 
16:12:27.372 [main] INFO com.intuit.karate -- Request #89 completed - Status: 200 Time: 273ms 
16:12:27.372 [main] INFO com.intuit.karate -- *** SEQUENTIAL REQUEST #90 *** 
16:12:27.372 [main] INFO com.intuit.karate -- User: testit2@gmail.com 
16:12:27.375 [main] INFO com.intuit.karate -- [print] *** BEFORE API CALL *** Email: testit2@gmail.com URL: http://localhost:3000/auth/login 
16:12:27.375 [main] DEBUG com.jayway.jsonpath.internal.path.CompiledPath -- Evaluating path: $
16:12:27.375 [main] INFO com.intuit.karate -- [print] *** SENDING REQUEST *** Body: {
  "email": "#(email)",
  "password": "#(password)"
}
 
16:12:27.376 [main] DEBUG org.apache.http.client.protocol.RequestAddCookies -- CookieSpec selected: karate
16:12:27.376 [main] DEBUG org.apache.http.client.protocol.RequestAuthCache -- Auth cache not set in the context
16:12:27.376 [main] DEBUG com.intuit.karate -- request:
1 > POST http://localhost:3000/auth/login
1 > Content-Type: application/json; charset=UTF-8
1 > Content-Length: 54
1 > Host: localhost:3000
1 > Connection: Keep-Alive
1 > User-Agent: Apache-HttpClient/4.5.14 (Java/17.0.9)
1 > Accept-Encoding: gzip,deflate
{"email":"testit2@gmail.com","password":"Password123"}

16:12:27.376 [main] DEBUG org.apache.http.impl.conn.PoolingHttpClientConnectionManager -- Connection request: [route: {}->http://localhost:3000][total available: 0; route allocated: 0 of 5; total allocated: 0 of 10]
16:12:27.376 [main] DEBUG org.apache.http.impl.conn.PoolingHttpClientConnectionManager -- Connection leased: [id: 89][route: {}->http://localhost:3000][total available: 0; route allocated: 1 of 5; total allocated: 1 of 10]
16:12:27.376 [main] DEBUG org.apache.http.impl.execchain.MainClientExec -- Opening connection {}->http://localhost:3000
16:12:27.376 [main] DEBUG org.apache.http.impl.conn.DefaultHttpClientConnectionOperator -- Connecting to localhost/127.0.0.1:3000
16:12:27.376 [main] DEBUG org.apache.http.impl.conn.DefaultHttpClientConnectionOperator -- Connection established 127.0.0.1:51133<->127.0.0.1:3000
16:12:27.377 [main] DEBUG org.apache.http.impl.conn.DefaultManagedHttpClientConnection -- http-outgoing-89: set socket timeout to 30000
16:12:27.377 [main] DEBUG org.apache.http.impl.execchain.MainClientExec -- Executing request POST /auth/login HTTP/1.1
16:12:27.377 [main] DEBUG org.apache.http.impl.execchain.MainClientExec -- Target auth state: UNCHALLENGED
16:12:27.377 [main] DEBUG org.apache.http.impl.execchain.MainClientExec -- Proxy auth state: UNCHALLENGED
16:12:27.377 [main] DEBUG org.apache.http.headers -- http-outgoing-89 >> POST /auth/login HTTP/1.1
16:12:27.377 [main] DEBUG org.apache.http.headers -- http-outgoing-89 >> Content-Type: application/json; charset=UTF-8
16:12:27.377 [main] DEBUG org.apache.http.headers -- http-outgoing-89 >> Content-Length: 54
16:12:27.377 [main] DEBUG org.apache.http.headers -- http-outgoing-89 >> Host: localhost:3000
16:12:27.377 [main] DEBUG org.apache.http.headers -- http-outgoing-89 >> Connection: Keep-Alive
16:12:27.377 [main] DEBUG org.apache.http.headers -- http-outgoing-89 >> User-Agent: Apache-HttpClient/4.5.14 (Java/17.0.9)
16:12:27.377 [main] DEBUG org.apache.http.headers -- http-outgoing-89 >> Accept-Encoding: gzip,deflate
16:12:27.377 [main] DEBUG org.apache.http.wire -- http-outgoing-89 >> "POST /auth/login HTTP/1.1[\r][\n]"
16:12:27.377 [main] DEBUG org.apache.http.wire -- http-outgoing-89 >> "Content-Type: application/json; charset=UTF-8[\r][\n]"
16:12:27.377 [main] DEBUG org.apache.http.wire -- http-outgoing-89 >> "Content-Length: 54[\r][\n]"
16:12:27.377 [main] DEBUG org.apache.http.wire -- http-outgoing-89 >> "Host: localhost:3000[\r][\n]"
16:12:27.377 [main] DEBUG org.apache.http.wire -- http-outgoing-89 >> "Connection: Keep-Alive[\r][\n]"
16:12:27.377 [main] DEBUG org.apache.http.wire -- http-outgoing-89 >> "User-Agent: Apache-HttpClient/4.5.14 (Java/17.0.9)[\r][\n]"
16:12:27.377 [main] DEBUG org.apache.http.wire -- http-outgoing-89 >> "Accept-Encoding: gzip,deflate[\r][\n]"
16:12:27.377 [main] DEBUG org.apache.http.wire -- http-outgoing-89 >> "[\r][\n]"
16:12:27.377 [main] DEBUG org.apache.http.wire -- http-outgoing-89 >> "{"email":"testit2@gmail.com","password":"Password123"}"
16:12:27.643 [main] DEBUG org.apache.http.wire -- http-outgoing-89 << "HTTP/1.1 200 OK[\r][\n]"
16:12:27.643 [main] DEBUG org.apache.http.wire -- http-outgoing-89 << "X-Powered-By: Express[\r][\n]"
16:12:27.643 [main] DEBUG org.apache.http.wire -- http-outgoing-89 << "Access-Control-Allow-Origin: *[\r][\n]"
16:12:27.643 [main] DEBUG org.apache.http.wire -- http-outgoing-89 << "Content-Type: application/json; charset=utf-8[\r][\n]"
16:12:27.643 [main] DEBUG org.apache.http.wire -- http-outgoing-89 << "Content-Length: 605[\r][\n]"
16:12:27.643 [main] DEBUG org.apache.http.wire -- http-outgoing-89 << "ETag: W/"25d-Zv/HL7dyAorj1xLxDfhssqp4kpw"[\r][\n]"
16:12:27.643 [main] DEBUG org.apache.http.wire -- http-outgoing-89 << "Date: Tue, 24 Jun 2025 09:12:27 GMT[\r][\n]"
16:12:27.643 [main] DEBUG org.apache.http.wire -- http-outgoing-89 << "Connection: keep-alive[\r][\n]"
16:12:27.643 [main] DEBUG org.apache.http.wire -- http-outgoing-89 << "Keep-Alive: timeout=5[\r][\n]"
16:12:27.643 [main] DEBUG org.apache.http.wire -- http-outgoing-89 << "[\r][\n]"
16:12:27.643 [main] DEBUG org.apache.http.wire -- http-outgoing-89 << "{"access_token":"eyJhbGciOiJIUzI1NiIsInR5cCI6IkpXVCJ9.eyJzdWIiOiIwYTM3ZWY0My1mZWU4LTQxZDMtYTY4Ni04YWIwODY5NDg2OTUiLCJ1c2VybmFtZSI6ImpvaG5kb2UyMSIsInJvbGUiOjAsImlhdCI6MTc1MDc1NjM0NywiZXhwIjoxNzUwNzU5OTQ3fQ.amf9lZgHjO3I9TnhDqK4CgmTON6XAmsz-eNeR40r1m4","refresh_token":"e29014f5f11f90203d4e9649918723484ba0e6b4325d4bb3260b4276e527459d","user":{"id":"0a37ef43-fee8-41d3-a686-8ab086948695","email":"testit2@gmail.com","username":"johndoe21","name":"John Doe","phoneNumber":"0123456712","profilePic":null,"bio":null,"private":false,"verified":false,"role":0,"followersCount":0,"followingCount":0,"postCount":0}}"
16:12:27.643 [main] DEBUG org.apache.http.headers -- http-outgoing-89 << HTTP/1.1 200 OK
16:12:27.643 [main] DEBUG org.apache.http.headers -- http-outgoing-89 << X-Powered-By: Express
16:12:27.643 [main] DEBUG org.apache.http.headers -- http-outgoing-89 << Access-Control-Allow-Origin: *
16:12:27.643 [main] DEBUG org.apache.http.headers -- http-outgoing-89 << Content-Type: application/json; charset=utf-8
16:12:27.643 [main] DEBUG org.apache.http.headers -- http-outgoing-89 << Content-Length: 605
16:12:27.643 [main] DEBUG org.apache.http.headers -- http-outgoing-89 << ETag: W/"25d-Zv/HL7dyAorj1xLxDfhssqp4kpw"
16:12:27.643 [main] DEBUG org.apache.http.headers -- http-outgoing-89 << Date: Tue, 24 Jun 2025 09:12:27 GMT
16:12:27.643 [main] DEBUG org.apache.http.headers -- http-outgoing-89 << Connection: keep-alive
16:12:27.643 [main] DEBUG org.apache.http.headers -- http-outgoing-89 << Keep-Alive: timeout=5
16:12:27.643 [main] DEBUG org.apache.http.impl.execchain.MainClientExec -- Connection can be kept alive for 5000 MILLISECONDS
16:12:27.643 [main] DEBUG org.apache.http.impl.conn.PoolingHttpClientConnectionManager -- Connection [id: 89][route: {}->http://localhost:3000] can be kept alive for 5.0 seconds
16:12:27.643 [main] DEBUG org.apache.http.impl.conn.DefaultManagedHttpClientConnection -- http-outgoing-89: set socket timeout to 0
16:12:27.643 [main] DEBUG org.apache.http.impl.conn.PoolingHttpClientConnectionManager -- Connection released: [id: 89][route: {}->http://localhost:3000][total available: 1; route allocated: 1 of 5; total allocated: 1 of 10]
16:12:27.643 [main] DEBUG org.apache.http.impl.conn.PoolingHttpClientConnectionManager -- Connection manager is shutting down
16:12:27.643 [main] DEBUG org.apache.http.impl.conn.DefaultManagedHttpClientConnection -- http-outgoing-89: Close connection
16:12:27.644 [main] DEBUG org.apache.http.impl.conn.PoolingHttpClientConnectionManager -- Connection manager shut down
16:12:27.644 [main] DEBUG com.intuit.karate -- response time in milliseconds: 267
1 < 200
1 < X-Powered-By: Express
1 < Access-Control-Allow-Origin: *
1 < Content-Type: application/json; charset=utf-8
1 < Content-Length: 605
1 < ETag: W/"25d-Zv/HL7dyAorj1xLxDfhssqp4kpw"
1 < Date: Tue, 24 Jun 2025 09:12:27 GMT
1 < Connection: keep-alive
1 < Keep-Alive: timeout=5
{"access_token":"eyJhbGciOiJIUzI1NiIsInR5cCI6IkpXVCJ9.eyJzdWIiOiIwYTM3ZWY0My1mZWU4LTQxZDMtYTY4Ni04YWIwODY5NDg2OTUiLCJ1c2VybmFtZSI6ImpvaG5kb2UyMSIsInJvbGUiOjAsImlhdCI6MTc1MDc1NjM0NywiZXhwIjoxNzUwNzU5OTQ3fQ.amf9lZgHjO3I9TnhDqK4CgmTON6XAmsz-eNeR40r1m4","refresh_token":"e29014f5f11f90203d4e9649918723484ba0e6b4325d4bb3260b4276e527459d","user":{"id":"0a37ef43-fee8-41d3-a686-8ab086948695","email":"testit2@gmail.com","username":"johndoe21","name":"John Doe","phoneNumber":"0123456712","profilePic":null,"bio":null,"private":false,"verified":false,"role":0,"followersCount":0,"followingCount":0,"postCount":0}}

16:12:27.644 [main] INFO com.intuit.karate -- [print] *** AFTER API CALL *** Status: 200 
16:12:27.644 [main] INFO com.intuit.karate -- [print] ### API CALL COMPLETED ### Email: testit2@gmail.com Status: 200 
16:12:27.644 [main] INFO com.intuit.karate -- [print] ### RESPONSE BODY ### {
  "access_token": "eyJhbGciOiJIUzI1NiIsInR5cCI6IkpXVCJ9.eyJzdWIiOiIwYTM3ZWY0My1mZWU4LTQxZDMtYTY4Ni04YWIwODY5NDg2OTUiLCJ1c2VybmFtZSI6ImpvaG5kb2UyMSIsInJvbGUiOjAsImlhdCI6MTc1MDc1NjM0NywiZXhwIjoxNzUwNzU5OTQ3fQ.amf9lZgHjO3I9TnhDqK4CgmTON6XAmsz-eNeR40r1m4",
  "refresh_token": "e29014f5f11f90203d4e9649918723484ba0e6b4325d4bb3260b4276e527459d",
  "user": {
    "id": "0a37ef43-fee8-41d3-a686-8ab086948695",
    "email": "testit2@gmail.com",
    "username": "johndoe21",
    "name": "John Doe",
    "phoneNumber": "0123456712",
    "profilePic": null,
    "bio": null,
    "private": false,
    "verified": false,
    "role": 0,
    "followersCount": 0,
    "followingCount": 0,
    "postCount": 0
  }
}
 
16:12:27.646 [main] INFO com.intuit.karate -- Request #90 completed - Status: 200 Time: 273ms 
16:12:27.646 [main] INFO com.intuit.karate -- *** SEQUENTIAL REQUEST #91 *** 
16:12:27.646 [main] INFO com.intuit.karate -- User: nam@gmail.com 
16:12:27.649 [main] INFO com.intuit.karate -- [print] *** BEFORE API CALL *** Email: nam@gmail.com URL: http://localhost:3000/auth/login 
16:12:27.649 [main] DEBUG com.jayway.jsonpath.internal.path.CompiledPath -- Evaluating path: $
16:12:27.649 [main] INFO com.intuit.karate -- [print] *** SENDING REQUEST *** Body: {
  "email": "#(email)",
  "password": "#(password)"
}
 
16:12:27.652 [main] DEBUG org.apache.http.client.protocol.RequestAddCookies -- CookieSpec selected: karate
16:12:27.652 [main] DEBUG org.apache.http.client.protocol.RequestAuthCache -- Auth cache not set in the context
16:12:27.652 [main] DEBUG com.intuit.karate -- request:
1 > POST http://localhost:3000/auth/login
1 > Content-Type: application/json; charset=UTF-8
1 > Content-Length: 45
1 > Host: localhost:3000
1 > Connection: Keep-Alive
1 > User-Agent: Apache-HttpClient/4.5.14 (Java/17.0.9)
1 > Accept-Encoding: gzip,deflate
{"email":"nam@gmail.com","password":"123456"}

16:12:27.652 [main] DEBUG org.apache.http.impl.conn.PoolingHttpClientConnectionManager -- Connection request: [route: {}->http://localhost:3000][total available: 0; route allocated: 0 of 5; total allocated: 0 of 10]
16:12:27.652 [main] DEBUG org.apache.http.impl.conn.PoolingHttpClientConnectionManager -- Connection leased: [id: 90][route: {}->http://localhost:3000][total available: 0; route allocated: 1 of 5; total allocated: 1 of 10]
16:12:27.652 [main] DEBUG org.apache.http.impl.execchain.MainClientExec -- Opening connection {}->http://localhost:3000
16:12:27.652 [main] DEBUG org.apache.http.impl.conn.DefaultHttpClientConnectionOperator -- Connecting to localhost/127.0.0.1:3000
16:12:27.653 [main] DEBUG org.apache.http.impl.conn.DefaultHttpClientConnectionOperator -- Connection established 127.0.0.1:51134<->127.0.0.1:3000
16:12:27.653 [main] DEBUG org.apache.http.impl.conn.DefaultManagedHttpClientConnection -- http-outgoing-90: set socket timeout to 30000
16:12:27.653 [main] DEBUG org.apache.http.impl.execchain.MainClientExec -- Executing request POST /auth/login HTTP/1.1
16:12:27.653 [main] DEBUG org.apache.http.impl.execchain.MainClientExec -- Target auth state: UNCHALLENGED
16:12:27.653 [main] DEBUG org.apache.http.impl.execchain.MainClientExec -- Proxy auth state: UNCHALLENGED
16:12:27.653 [main] DEBUG org.apache.http.headers -- http-outgoing-90 >> POST /auth/login HTTP/1.1
16:12:27.653 [main] DEBUG org.apache.http.headers -- http-outgoing-90 >> Content-Type: application/json; charset=UTF-8
16:12:27.653 [main] DEBUG org.apache.http.headers -- http-outgoing-90 >> Content-Length: 45
16:12:27.653 [main] DEBUG org.apache.http.headers -- http-outgoing-90 >> Host: localhost:3000
16:12:27.653 [main] DEBUG org.apache.http.headers -- http-outgoing-90 >> Connection: Keep-Alive
16:12:27.653 [main] DEBUG org.apache.http.headers -- http-outgoing-90 >> User-Agent: Apache-HttpClient/4.5.14 (Java/17.0.9)
16:12:27.653 [main] DEBUG org.apache.http.headers -- http-outgoing-90 >> Accept-Encoding: gzip,deflate
16:12:27.653 [main] DEBUG org.apache.http.wire -- http-outgoing-90 >> "POST /auth/login HTTP/1.1[\r][\n]"
16:12:27.653 [main] DEBUG org.apache.http.wire -- http-outgoing-90 >> "Content-Type: application/json; charset=UTF-8[\r][\n]"
16:12:27.653 [main] DEBUG org.apache.http.wire -- http-outgoing-90 >> "Content-Length: 45[\r][\n]"
16:12:27.653 [main] DEBUG org.apache.http.wire -- http-outgoing-90 >> "Host: localhost:3000[\r][\n]"
16:12:27.653 [main] DEBUG org.apache.http.wire -- http-outgoing-90 >> "Connection: Keep-Alive[\r][\n]"
16:12:27.653 [main] DEBUG org.apache.http.wire -- http-outgoing-90 >> "User-Agent: Apache-HttpClient/4.5.14 (Java/17.0.9)[\r][\n]"
16:12:27.653 [main] DEBUG org.apache.http.wire -- http-outgoing-90 >> "Accept-Encoding: gzip,deflate[\r][\n]"
16:12:27.653 [main] DEBUG org.apache.http.wire -- http-outgoing-90 >> "[\r][\n]"
16:12:27.653 [main] DEBUG org.apache.http.wire -- http-outgoing-90 >> "{"email":"nam@gmail.com","password":"123456"}"
16:12:27.921 [main] DEBUG org.apache.http.wire -- http-outgoing-90 << "HTTP/1.1 200 OK[\r][\n]"
16:12:27.922 [main] DEBUG org.apache.http.wire -- http-outgoing-90 << "X-Powered-By: Express[\r][\n]"
16:12:27.922 [main] DEBUG org.apache.http.wire -- http-outgoing-90 << "Access-Control-Allow-Origin: *[\r][\n]"
16:12:27.922 [main] DEBUG org.apache.http.wire -- http-outgoing-90 << "Content-Type: application/json; charset=utf-8[\r][\n]"
16:12:27.922 [main] DEBUG org.apache.http.wire -- http-outgoing-90 << "Content-Length: 708[\r][\n]"
16:12:27.922 [main] DEBUG org.apache.http.wire -- http-outgoing-90 << "ETag: W/"2c4-LzRNNIzMAVucOf8VZWS3daW2F6c"[\r][\n]"
16:12:27.922 [main] DEBUG org.apache.http.wire -- http-outgoing-90 << "Date: Tue, 24 Jun 2025 09:12:27 GMT[\r][\n]"
16:12:27.922 [main] DEBUG org.apache.http.wire -- http-outgoing-90 << "Connection: keep-alive[\r][\n]"
16:12:27.922 [main] DEBUG org.apache.http.wire -- http-outgoing-90 << "Keep-Alive: timeout=5[\r][\n]"
16:12:27.922 [main] DEBUG org.apache.http.wire -- http-outgoing-90 << "[\r][\n]"
16:12:27.922 [main] DEBUG org.apache.http.wire -- http-outgoing-90 << "{"access_token":"eyJhbGciOiJIUzI1NiIsInR5cCI6IkpXVCJ9.eyJzdWIiOiIwODUxNWIwNS0yZDNlLTQ3ODktYWQ2MC1kYjM1NTI1YTQ5NzAiLCJ1c2VybmFtZSI6Im5hbSIsInJvbGUiOjAsImlhdCI6MTc1MDc1NjM0NywiZXhwIjoxNzUwNzU5OTQ3fQ.LzvnhoZhW405MFF89YQzk_NOvs9wYVA4-BC9-JGJ7vA","refresh_token":"17679fc58a677d369d32cfeb1de64264ce36a30ac873e7462927d6ee366440dd","user":{"id":"08515b05-2d3e-4789-ad60-db35525a4970","email":"nam@gmail.com","username":"nam","name":"nam","phoneNumber":"0123456789","profilePic":"https://res.cloudinary.com/dizcvrefo/image/upload/v1749266646/nestjs_uploads/zk9zrpeidnovxibfqdxr.png","bio":"Chu tich hoi dong Quan tri 1","private":false,"verified":false,"role":0,"followersCount":2,"followingCount":5,"postCount":13}}"
16:12:27.922 [main] DEBUG org.apache.http.headers -- http-outgoing-90 << HTTP/1.1 200 OK
16:12:27.922 [main] DEBUG org.apache.http.headers -- http-outgoing-90 << X-Powered-By: Express
16:12:27.922 [main] DEBUG org.apache.http.headers -- http-outgoing-90 << Access-Control-Allow-Origin: *
16:12:27.922 [main] DEBUG org.apache.http.headers -- http-outgoing-90 << Content-Type: application/json; charset=utf-8
16:12:27.922 [main] DEBUG org.apache.http.headers -- http-outgoing-90 << Content-Length: 708
16:12:27.922 [main] DEBUG org.apache.http.headers -- http-outgoing-90 << ETag: W/"2c4-LzRNNIzMAVucOf8VZWS3daW2F6c"
16:12:27.922 [main] DEBUG org.apache.http.headers -- http-outgoing-90 << Date: Tue, 24 Jun 2025 09:12:27 GMT
16:12:27.922 [main] DEBUG org.apache.http.headers -- http-outgoing-90 << Connection: keep-alive
16:12:27.922 [main] DEBUG org.apache.http.headers -- http-outgoing-90 << Keep-Alive: timeout=5
16:12:27.922 [main] DEBUG org.apache.http.impl.execchain.MainClientExec -- Connection can be kept alive for 5000 MILLISECONDS
16:12:27.922 [main] DEBUG org.apache.http.impl.conn.PoolingHttpClientConnectionManager -- Connection [id: 90][route: {}->http://localhost:3000] can be kept alive for 5.0 seconds
16:12:27.922 [main] DEBUG org.apache.http.impl.conn.DefaultManagedHttpClientConnection -- http-outgoing-90: set socket timeout to 0
16:12:27.922 [main] DEBUG org.apache.http.impl.conn.PoolingHttpClientConnectionManager -- Connection released: [id: 90][route: {}->http://localhost:3000][total available: 1; route allocated: 1 of 5; total allocated: 1 of 10]
16:12:27.922 [main] DEBUG org.apache.http.impl.conn.PoolingHttpClientConnectionManager -- Connection manager is shutting down
16:12:27.922 [main] DEBUG org.apache.http.impl.conn.DefaultManagedHttpClientConnection -- http-outgoing-90: Close connection
16:12:27.922 [main] DEBUG org.apache.http.impl.conn.PoolingHttpClientConnectionManager -- Connection manager shut down
16:12:27.922 [main] DEBUG com.intuit.karate -- response time in milliseconds: 270
1 < 200
1 < X-Powered-By: Express
1 < Access-Control-Allow-Origin: *
1 < Content-Type: application/json; charset=utf-8
1 < Content-Length: 708
1 < ETag: W/"2c4-LzRNNIzMAVucOf8VZWS3daW2F6c"
1 < Date: Tue, 24 Jun 2025 09:12:27 GMT
1 < Connection: keep-alive
1 < Keep-Alive: timeout=5
{"access_token":"eyJhbGciOiJIUzI1NiIsInR5cCI6IkpXVCJ9.eyJzdWIiOiIwODUxNWIwNS0yZDNlLTQ3ODktYWQ2MC1kYjM1NTI1YTQ5NzAiLCJ1c2VybmFtZSI6Im5hbSIsInJvbGUiOjAsImlhdCI6MTc1MDc1NjM0NywiZXhwIjoxNzUwNzU5OTQ3fQ.LzvnhoZhW405MFF89YQzk_NOvs9wYVA4-BC9-JGJ7vA","refresh_token":"17679fc58a677d369d32cfeb1de64264ce36a30ac873e7462927d6ee366440dd","user":{"id":"08515b05-2d3e-4789-ad60-db35525a4970","email":"nam@gmail.com","username":"nam","name":"nam","phoneNumber":"0123456789","profilePic":"https://res.cloudinary.com/dizcvrefo/image/upload/v1749266646/nestjs_uploads/zk9zrpeidnovxibfqdxr.png","bio":"Chu tich hoi dong Quan tri 1","private":false,"verified":false,"role":0,"followersCount":2,"followingCount":5,"postCount":13}}

16:12:27.923 [main] INFO com.intuit.karate -- [print] *** AFTER API CALL *** Status: 200 
16:12:27.924 [main] INFO com.intuit.karate -- [print] ### API CALL COMPLETED ### Email: nam@gmail.com Status: 200 
16:12:27.926 [main] INFO com.intuit.karate -- [print] ### RESPONSE BODY ### {
  "access_token": "eyJhbGciOiJIUzI1NiIsInR5cCI6IkpXVCJ9.eyJzdWIiOiIwODUxNWIwNS0yZDNlLTQ3ODktYWQ2MC1kYjM1NTI1YTQ5NzAiLCJ1c2VybmFtZSI6Im5hbSIsInJvbGUiOjAsImlhdCI6MTc1MDc1NjM0NywiZXhwIjoxNzUwNzU5OTQ3fQ.LzvnhoZhW405MFF89YQzk_NOvs9wYVA4-BC9-JGJ7vA",
  "refresh_token": "17679fc58a677d369d32cfeb1de64264ce36a30ac873e7462927d6ee366440dd",
  "user": {
    "id": "08515b05-2d3e-4789-ad60-db35525a4970",
    "email": "nam@gmail.com",
    "username": "nam",
    "name": "nam",
    "phoneNumber": "0123456789",
    "profilePic": "https://res.cloudinary.com/dizcvrefo/image/upload/v1749266646/nestjs_uploads/zk9zrpeidnovxibfqdxr.png",
    "bio": "Chu tich hoi dong Quan tri 1",
    "private": false,
    "verified": false,
    "role": 0,
    "followersCount": 2,
    "followingCount": 5,
    "postCount": 13
  }
}
 
16:12:27.927 [main] INFO com.intuit.karate -- Request #91 completed - Status: 200 Time: 280ms 
16:12:27.927 [main] INFO com.intuit.karate -- *** SEQUENTIAL REQUEST #92 *** 
16:12:27.927 [main] INFO com.intuit.karate -- User: quang1@gmail.com 
16:12:27.931 [main] INFO com.intuit.karate -- [print] *** BEFORE API CALL *** Email: quang1@gmail.com URL: http://localhost:3000/auth/login 
16:12:27.932 [main] DEBUG com.jayway.jsonpath.internal.path.CompiledPath -- Evaluating path: $
16:12:27.934 [main] INFO com.intuit.karate -- [print] *** SENDING REQUEST *** Body: {
  "email": "#(email)",
  "password": "#(password)"
}
 
16:12:27.934 [main] DEBUG org.apache.http.client.protocol.RequestAddCookies -- CookieSpec selected: karate
16:12:27.934 [main] DEBUG org.apache.http.client.protocol.RequestAuthCache -- Auth cache not set in the context
16:12:27.934 [main] DEBUG com.intuit.karate -- request:
1 > POST http://localhost:3000/auth/login
1 > Content-Type: application/json; charset=UTF-8
1 > Content-Length: 48
1 > Host: localhost:3000
1 > Connection: Keep-Alive
1 > User-Agent: Apache-HttpClient/4.5.14 (Java/17.0.9)
1 > Accept-Encoding: gzip,deflate
{"email":"quang1@gmail.com","password":"quang1"}

16:12:27.935 [main] DEBUG org.apache.http.impl.conn.PoolingHttpClientConnectionManager -- Connection request: [route: {}->http://localhost:3000][total available: 0; route allocated: 0 of 5; total allocated: 0 of 10]
16:12:27.935 [main] DEBUG org.apache.http.impl.conn.PoolingHttpClientConnectionManager -- Connection leased: [id: 91][route: {}->http://localhost:3000][total available: 0; route allocated: 1 of 5; total allocated: 1 of 10]
16:12:27.935 [main] DEBUG org.apache.http.impl.execchain.MainClientExec -- Opening connection {}->http://localhost:3000
16:12:27.935 [main] DEBUG org.apache.http.impl.conn.DefaultHttpClientConnectionOperator -- Connecting to localhost/127.0.0.1:3000
16:12:27.935 [main] DEBUG org.apache.http.impl.conn.DefaultHttpClientConnectionOperator -- Connection established 127.0.0.1:51135<->127.0.0.1:3000
16:12:27.935 [main] DEBUG org.apache.http.impl.conn.DefaultManagedHttpClientConnection -- http-outgoing-91: set socket timeout to 30000
16:12:27.935 [main] DEBUG org.apache.http.impl.execchain.MainClientExec -- Executing request POST /auth/login HTTP/1.1
16:12:27.935 [main] DEBUG org.apache.http.impl.execchain.MainClientExec -- Target auth state: UNCHALLENGED
16:12:27.935 [main] DEBUG org.apache.http.impl.execchain.MainClientExec -- Proxy auth state: UNCHALLENGED
16:12:27.935 [main] DEBUG org.apache.http.headers -- http-outgoing-91 >> POST /auth/login HTTP/1.1
16:12:27.935 [main] DEBUG org.apache.http.headers -- http-outgoing-91 >> Content-Type: application/json; charset=UTF-8
16:12:27.935 [main] DEBUG org.apache.http.headers -- http-outgoing-91 >> Content-Length: 48
16:12:27.935 [main] DEBUG org.apache.http.headers -- http-outgoing-91 >> Host: localhost:3000
16:12:27.935 [main] DEBUG org.apache.http.headers -- http-outgoing-91 >> Connection: Keep-Alive
16:12:27.935 [main] DEBUG org.apache.http.headers -- http-outgoing-91 >> User-Agent: Apache-HttpClient/4.5.14 (Java/17.0.9)
16:12:27.935 [main] DEBUG org.apache.http.headers -- http-outgoing-91 >> Accept-Encoding: gzip,deflate
16:12:27.935 [main] DEBUG org.apache.http.wire -- http-outgoing-91 >> "POST /auth/login HTTP/1.1[\r][\n]"
16:12:27.935 [main] DEBUG org.apache.http.wire -- http-outgoing-91 >> "Content-Type: application/json; charset=UTF-8[\r][\n]"
16:12:27.935 [main] DEBUG org.apache.http.wire -- http-outgoing-91 >> "Content-Length: 48[\r][\n]"
16:12:27.935 [main] DEBUG org.apache.http.wire -- http-outgoing-91 >> "Host: localhost:3000[\r][\n]"
16:12:27.935 [main] DEBUG org.apache.http.wire -- http-outgoing-91 >> "Connection: Keep-Alive[\r][\n]"
16:12:27.935 [main] DEBUG org.apache.http.wire -- http-outgoing-91 >> "User-Agent: Apache-HttpClient/4.5.14 (Java/17.0.9)[\r][\n]"
16:12:27.935 [main] DEBUG org.apache.http.wire -- http-outgoing-91 >> "Accept-Encoding: gzip,deflate[\r][\n]"
16:12:27.935 [main] DEBUG org.apache.http.wire -- http-outgoing-91 >> "[\r][\n]"
16:12:27.935 [main] DEBUG org.apache.http.wire -- http-outgoing-91 >> "{"email":"quang1@gmail.com","password":"quang1"}"
16:12:28.198 [main] DEBUG org.apache.http.wire -- http-outgoing-91 << "HTTP/1.1 200 OK[\r][\n]"
16:12:28.198 [main] DEBUG org.apache.http.wire -- http-outgoing-91 << "X-Powered-By: Express[\r][\n]"
16:12:28.198 [main] DEBUG org.apache.http.wire -- http-outgoing-91 << "Access-Control-Allow-Origin: *[\r][\n]"
16:12:28.198 [main] DEBUG org.apache.http.wire -- http-outgoing-91 << "Content-Type: application/json; charset=utf-8[\r][\n]"
16:12:28.198 [main] DEBUG org.apache.http.wire -- http-outgoing-91 << "Content-Length: 715[\r][\n]"
16:12:28.198 [main] DEBUG org.apache.http.wire -- http-outgoing-91 << "ETag: W/"2cb-8TRGdJxoBJ87Sy2tiigND4NTsG4"[\r][\n]"
16:12:28.198 [main] DEBUG org.apache.http.wire -- http-outgoing-91 << "Date: Tue, 24 Jun 2025 09:12:28 GMT[\r][\n]"
16:12:28.198 [main] DEBUG org.apache.http.wire -- http-outgoing-91 << "Connection: keep-alive[\r][\n]"
16:12:28.198 [main] DEBUG org.apache.http.wire -- http-outgoing-91 << "Keep-Alive: timeout=5[\r][\n]"
16:12:28.198 [main] DEBUG org.apache.http.wire -- http-outgoing-91 << "[\r][\n]"
16:12:28.198 [main] DEBUG org.apache.http.wire -- http-outgoing-91 << "{"access_token":"eyJhbGciOiJIUzI1NiIsInR5cCI6IkpXVCJ9.eyJzdWIiOiIyYjg0YWEyNC02NjhhLTQwZTItYWYxYy1hZDRmYzRmYTVhNmYiLCJ1c2VybmFtZSI6InF1YW5nMSIsInJvbGUiOjAsImlhdCI6MTc1MDc1NjM0OCwiZXhwIjoxNzUwNzU5OTQ4fQ.D43cXDU4HOOHzwWrQwmf-h8n_olG8IVmJu9QM7OEAx8","refresh_token":"4ac167e904dfe8df42756b05b127dd48589702b51612c70556c2b18b5f3b7bdc","user":{"id":"2b84aa24-668a-40e2-af1c-ad4fc4fa5a6f","email":"quang1@gmail.com","username":"quang1","name":"quang1","phoneNumber":"09874563210","profilePic":"https://res.cloudinary.com/dizcvrefo/image/upload/v1749027586/nestjs_uploads/xehairydt9rzlbmbmv4c.jpg","bio":"Thang Nam Lao Vua Thoi","private":false,"verified":false,"role":0,"followersCount":2,"followingCount":3,"postCount":2}}"
16:12:28.198 [main] DEBUG org.apache.http.headers -- http-outgoing-91 << HTTP/1.1 200 OK
16:12:28.198 [main] DEBUG org.apache.http.headers -- http-outgoing-91 << X-Powered-By: Express
16:12:28.198 [main] DEBUG org.apache.http.headers -- http-outgoing-91 << Access-Control-Allow-Origin: *
16:12:28.198 [main] DEBUG org.apache.http.headers -- http-outgoing-91 << Content-Type: application/json; charset=utf-8
16:12:28.198 [main] DEBUG org.apache.http.headers -- http-outgoing-91 << Content-Length: 715
16:12:28.198 [main] DEBUG org.apache.http.headers -- http-outgoing-91 << ETag: W/"2cb-8TRGdJxoBJ87Sy2tiigND4NTsG4"
16:12:28.198 [main] DEBUG org.apache.http.headers -- http-outgoing-91 << Date: Tue, 24 Jun 2025 09:12:28 GMT
16:12:28.198 [main] DEBUG org.apache.http.headers -- http-outgoing-91 << Connection: keep-alive
16:12:28.198 [main] DEBUG org.apache.http.headers -- http-outgoing-91 << Keep-Alive: timeout=5
16:12:28.198 [main] DEBUG org.apache.http.impl.execchain.MainClientExec -- Connection can be kept alive for 5000 MILLISECONDS
16:12:28.200 [main] DEBUG org.apache.http.impl.conn.PoolingHttpClientConnectionManager -- Connection [id: 91][route: {}->http://localhost:3000] can be kept alive for 5.0 seconds
16:12:28.200 [main] DEBUG org.apache.http.impl.conn.DefaultManagedHttpClientConnection -- http-outgoing-91: set socket timeout to 0
16:12:28.200 [main] DEBUG org.apache.http.impl.conn.PoolingHttpClientConnectionManager -- Connection released: [id: 91][route: {}->http://localhost:3000][total available: 1; route allocated: 1 of 5; total allocated: 1 of 10]
16:12:28.200 [main] DEBUG org.apache.http.impl.conn.PoolingHttpClientConnectionManager -- Connection manager is shutting down
16:12:28.200 [main] DEBUG org.apache.http.impl.conn.DefaultManagedHttpClientConnection -- http-outgoing-91: Close connection
16:12:28.200 [main] DEBUG org.apache.http.impl.conn.PoolingHttpClientConnectionManager -- Connection manager shut down
16:12:28.200 [main] DEBUG com.intuit.karate -- response time in milliseconds: 266
1 < 200
1 < X-Powered-By: Express
1 < Access-Control-Allow-Origin: *
1 < Content-Type: application/json; charset=utf-8
1 < Content-Length: 715
1 < ETag: W/"2cb-8TRGdJxoBJ87Sy2tiigND4NTsG4"
1 < Date: Tue, 24 Jun 2025 09:12:28 GMT
1 < Connection: keep-alive
1 < Keep-Alive: timeout=5
{"access_token":"eyJhbGciOiJIUzI1NiIsInR5cCI6IkpXVCJ9.eyJzdWIiOiIyYjg0YWEyNC02NjhhLTQwZTItYWYxYy1hZDRmYzRmYTVhNmYiLCJ1c2VybmFtZSI6InF1YW5nMSIsInJvbGUiOjAsImlhdCI6MTc1MDc1NjM0OCwiZXhwIjoxNzUwNzU5OTQ4fQ.D43cXDU4HOOHzwWrQwmf-h8n_olG8IVmJu9QM7OEAx8","refresh_token":"4ac167e904dfe8df42756b05b127dd48589702b51612c70556c2b18b5f3b7bdc","user":{"id":"2b84aa24-668a-40e2-af1c-ad4fc4fa5a6f","email":"quang1@gmail.com","username":"quang1","name":"quang1","phoneNumber":"09874563210","profilePic":"https://res.cloudinary.com/dizcvrefo/image/upload/v1749027586/nestjs_uploads/xehairydt9rzlbmbmv4c.jpg","bio":"Thang Nam Lao Vua Thoi","private":false,"verified":false,"role":0,"followersCount":2,"followingCount":3,"postCount":2}}

16:12:28.200 [main] INFO com.intuit.karate -- [print] *** AFTER API CALL *** Status: 200 
16:12:28.200 [main] INFO com.intuit.karate -- [print] ### API CALL COMPLETED ### Email: quang1@gmail.com Status: 200 
16:12:28.200 [main] INFO com.intuit.karate -- [print] ### RESPONSE BODY ### {
  "access_token": "eyJhbGciOiJIUzI1NiIsInR5cCI6IkpXVCJ9.eyJzdWIiOiIyYjg0YWEyNC02NjhhLTQwZTItYWYxYy1hZDRmYzRmYTVhNmYiLCJ1c2VybmFtZSI6InF1YW5nMSIsInJvbGUiOjAsImlhdCI6MTc1MDc1NjM0OCwiZXhwIjoxNzUwNzU5OTQ4fQ.D43cXDU4HOOHzwWrQwmf-h8n_olG8IVmJu9QM7OEAx8",
  "refresh_token": "4ac167e904dfe8df42756b05b127dd48589702b51612c70556c2b18b5f3b7bdc",
  "user": {
    "id": "2b84aa24-668a-40e2-af1c-ad4fc4fa5a6f",
    "email": "quang1@gmail.com",
    "username": "quang1",
    "name": "quang1",
    "phoneNumber": "09874563210",
    "profilePic": "https://res.cloudinary.com/dizcvrefo/image/upload/v1749027586/nestjs_uploads/xehairydt9rzlbmbmv4c.jpg",
    "bio": "Thang Nam Lao Vua Thoi",
    "private": false,
    "verified": false,
    "role": 0,
    "followersCount": 2,
    "followingCount": 3,
    "postCount": 2
  }
}
 
16:12:28.200 [main] INFO com.intuit.karate -- Request #92 completed - Status: 200 Time: 273ms 
16:12:28.201 [main] INFO com.intuit.karate -- *** SEQUENTIAL REQUEST #93 *** 
16:12:28.201 [main] INFO com.intuit.karate -- User: test@example.com 
16:12:28.204 [main] INFO com.intuit.karate -- [print] *** BEFORE API CALL *** Email: test@example.com URL: http://localhost:3000/auth/login 
16:12:28.205 [main] DEBUG com.jayway.jsonpath.internal.path.CompiledPath -- Evaluating path: $
16:12:28.205 [main] INFO com.intuit.karate -- [print] *** SENDING REQUEST *** Body: {
  "email": "#(email)",
  "password": "#(password)"
}
 
16:12:28.206 [main] DEBUG org.apache.http.client.protocol.RequestAddCookies -- CookieSpec selected: karate
16:12:28.206 [main] DEBUG org.apache.http.client.protocol.RequestAuthCache -- Auth cache not set in the context
16:12:28.206 [main] DEBUG com.intuit.karate -- request:
1 > POST http://localhost:3000/auth/login
1 > Content-Type: application/json; charset=UTF-8
1 > Content-Length: 53
1 > Host: localhost:3000
1 > Connection: Keep-Alive
1 > User-Agent: Apache-HttpClient/4.5.14 (Java/17.0.9)
1 > Accept-Encoding: gzip,deflate
{"email":"test@example.com","password":"Password123"}

16:12:28.206 [main] DEBUG org.apache.http.impl.conn.PoolingHttpClientConnectionManager -- Connection request: [route: {}->http://localhost:3000][total available: 0; route allocated: 0 of 5; total allocated: 0 of 10]
16:12:28.206 [main] DEBUG org.apache.http.impl.conn.PoolingHttpClientConnectionManager -- Connection leased: [id: 92][route: {}->http://localhost:3000][total available: 0; route allocated: 1 of 5; total allocated: 1 of 10]
16:12:28.206 [main] DEBUG org.apache.http.impl.execchain.MainClientExec -- Opening connection {}->http://localhost:3000
16:12:28.206 [main] DEBUG org.apache.http.impl.conn.DefaultHttpClientConnectionOperator -- Connecting to localhost/127.0.0.1:3000
16:12:28.207 [main] DEBUG org.apache.http.impl.conn.DefaultHttpClientConnectionOperator -- Connection established 127.0.0.1:51136<->127.0.0.1:3000
16:12:28.207 [main] DEBUG org.apache.http.impl.conn.DefaultManagedHttpClientConnection -- http-outgoing-92: set socket timeout to 30000
16:12:28.207 [main] DEBUG org.apache.http.impl.execchain.MainClientExec -- Executing request POST /auth/login HTTP/1.1
16:12:28.207 [main] DEBUG org.apache.http.impl.execchain.MainClientExec -- Target auth state: UNCHALLENGED
16:12:28.207 [main] DEBUG org.apache.http.impl.execchain.MainClientExec -- Proxy auth state: UNCHALLENGED
16:12:28.207 [main] DEBUG org.apache.http.headers -- http-outgoing-92 >> POST /auth/login HTTP/1.1
16:12:28.207 [main] DEBUG org.apache.http.headers -- http-outgoing-92 >> Content-Type: application/json; charset=UTF-8
16:12:28.207 [main] DEBUG org.apache.http.headers -- http-outgoing-92 >> Content-Length: 53
16:12:28.207 [main] DEBUG org.apache.http.headers -- http-outgoing-92 >> Host: localhost:3000
16:12:28.207 [main] DEBUG org.apache.http.headers -- http-outgoing-92 >> Connection: Keep-Alive
16:12:28.207 [main] DEBUG org.apache.http.headers -- http-outgoing-92 >> User-Agent: Apache-HttpClient/4.5.14 (Java/17.0.9)
16:12:28.207 [main] DEBUG org.apache.http.headers -- http-outgoing-92 >> Accept-Encoding: gzip,deflate
16:12:28.207 [main] DEBUG org.apache.http.wire -- http-outgoing-92 >> "POST /auth/login HTTP/1.1[\r][\n]"
16:12:28.207 [main] DEBUG org.apache.http.wire -- http-outgoing-92 >> "Content-Type: application/json; charset=UTF-8[\r][\n]"
16:12:28.207 [main] DEBUG org.apache.http.wire -- http-outgoing-92 >> "Content-Length: 53[\r][\n]"
16:12:28.207 [main] DEBUG org.apache.http.wire -- http-outgoing-92 >> "Host: localhost:3000[\r][\n]"
16:12:28.207 [main] DEBUG org.apache.http.wire -- http-outgoing-92 >> "Connection: Keep-Alive[\r][\n]"
16:12:28.207 [main] DEBUG org.apache.http.wire -- http-outgoing-92 >> "User-Agent: Apache-HttpClient/4.5.14 (Java/17.0.9)[\r][\n]"
16:12:28.207 [main] DEBUG org.apache.http.wire -- http-outgoing-92 >> "Accept-Encoding: gzip,deflate[\r][\n]"
16:12:28.207 [main] DEBUG org.apache.http.wire -- http-outgoing-92 >> "[\r][\n]"
16:12:28.207 [main] DEBUG org.apache.http.wire -- http-outgoing-92 >> "{"email":"test@example.com","password":"Password123"}"
16:12:28.483 [main] DEBUG org.apache.http.wire -- http-outgoing-92 << "HTTP/1.1 200 OK[\r][\n]"
16:12:28.483 [main] DEBUG org.apache.http.wire -- http-outgoing-92 << "X-Powered-By: Express[\r][\n]"
16:12:28.483 [main] DEBUG org.apache.http.wire -- http-outgoing-92 << "Access-Control-Allow-Origin: *[\r][\n]"
16:12:28.483 [main] DEBUG org.apache.http.wire -- http-outgoing-92 << "Content-Type: application/json; charset=utf-8[\r][\n]"
16:12:28.483 [main] DEBUG org.apache.http.wire -- http-outgoing-92 << "Content-Length: 599[\r][\n]"
16:12:28.483 [main] DEBUG org.apache.http.wire -- http-outgoing-92 << "ETag: W/"257-MT0Nz+f3xbFxhGOhR4uWVC4Yqqg"[\r][\n]"
16:12:28.483 [main] DEBUG org.apache.http.wire -- http-outgoing-92 << "Date: Tue, 24 Jun 2025 09:12:28 GMT[\r][\n]"
16:12:28.483 [main] DEBUG org.apache.http.wire -- http-outgoing-92 << "Connection: keep-alive[\r][\n]"
16:12:28.483 [main] DEBUG org.apache.http.wire -- http-outgoing-92 << "Keep-Alive: timeout=5[\r][\n]"
16:12:28.483 [main] DEBUG org.apache.http.wire -- http-outgoing-92 << "[\r][\n]"
16:12:28.483 [main] DEBUG org.apache.http.wire -- http-outgoing-92 << "{"access_token":"eyJhbGciOiJIUzI1NiIsInR5cCI6IkpXVCJ9.eyJzdWIiOiIyZGRhMDQzOS01MTgwLTQ1YWEtOTE3Zi1lNjMyZTQ1YThlNDEiLCJ1c2VybmFtZSI6ImpvaG5kb2UiLCJyb2xlIjowLCJpYXQiOjE3NTA3NTYzNDgsImV4cCI6MTc1MDc1OTk0OH0.0CgbamjGD4Vcv05W9wCrAKtyWXzIxunVgEdkrStOGfA","refresh_token":"b5bdd7237348ee98621225c3bc48a3ad51dc2a6c284b1f374fe4833552bc8b0d","user":{"id":"2dda0439-5180-45aa-917f-e632e45a8e41","email":"test@example.com","username":"johndoe","name":"John Doe","phoneNumber":"0987654321","profilePic":null,"bio":null,"private":false,"verified":false,"role":0,"followersCount":0,"followingCount":0,"postCount":0}}"
16:12:28.484 [main] DEBUG org.apache.http.headers -- http-outgoing-92 << HTTP/1.1 200 OK
16:12:28.484 [main] DEBUG org.apache.http.headers -- http-outgoing-92 << X-Powered-By: Express
16:12:28.484 [main] DEBUG org.apache.http.headers -- http-outgoing-92 << Access-Control-Allow-Origin: *
16:12:28.484 [main] DEBUG org.apache.http.headers -- http-outgoing-92 << Content-Type: application/json; charset=utf-8
16:12:28.484 [main] DEBUG org.apache.http.headers -- http-outgoing-92 << Content-Length: 599
16:12:28.484 [main] DEBUG org.apache.http.headers -- http-outgoing-92 << ETag: W/"257-MT0Nz+f3xbFxhGOhR4uWVC4Yqqg"
16:12:28.484 [main] DEBUG org.apache.http.headers -- http-outgoing-92 << Date: Tue, 24 Jun 2025 09:12:28 GMT
16:12:28.484 [main] DEBUG org.apache.http.headers -- http-outgoing-92 << Connection: keep-alive
16:12:28.484 [main] DEBUG org.apache.http.headers -- http-outgoing-92 << Keep-Alive: timeout=5
16:12:28.484 [main] DEBUG org.apache.http.impl.execchain.MainClientExec -- Connection can be kept alive for 5000 MILLISECONDS
16:12:28.484 [main] DEBUG org.apache.http.impl.conn.PoolingHttpClientConnectionManager -- Connection [id: 92][route: {}->http://localhost:3000] can be kept alive for 5.0 seconds
16:12:28.484 [main] DEBUG org.apache.http.impl.conn.DefaultManagedHttpClientConnection -- http-outgoing-92: set socket timeout to 0
16:12:28.484 [main] DEBUG org.apache.http.impl.conn.PoolingHttpClientConnectionManager -- Connection released: [id: 92][route: {}->http://localhost:3000][total available: 1; route allocated: 1 of 5; total allocated: 1 of 10]
16:12:28.484 [main] DEBUG org.apache.http.impl.conn.PoolingHttpClientConnectionManager -- Connection manager is shutting down
16:12:28.484 [main] DEBUG org.apache.http.impl.conn.DefaultManagedHttpClientConnection -- http-outgoing-92: Close connection
16:12:28.484 [main] DEBUG org.apache.http.impl.conn.PoolingHttpClientConnectionManager -- Connection manager shut down
16:12:28.484 [main] DEBUG com.intuit.karate -- response time in milliseconds: 278
1 < 200
1 < X-Powered-By: Express
1 < Access-Control-Allow-Origin: *
1 < Content-Type: application/json; charset=utf-8
1 < Content-Length: 599
1 < ETag: W/"257-MT0Nz+f3xbFxhGOhR4uWVC4Yqqg"
1 < Date: Tue, 24 Jun 2025 09:12:28 GMT
1 < Connection: keep-alive
1 < Keep-Alive: timeout=5
{"access_token":"eyJhbGciOiJIUzI1NiIsInR5cCI6IkpXVCJ9.eyJzdWIiOiIyZGRhMDQzOS01MTgwLTQ1YWEtOTE3Zi1lNjMyZTQ1YThlNDEiLCJ1c2VybmFtZSI6ImpvaG5kb2UiLCJyb2xlIjowLCJpYXQiOjE3NTA3NTYzNDgsImV4cCI6MTc1MDc1OTk0OH0.0CgbamjGD4Vcv05W9wCrAKtyWXzIxunVgEdkrStOGfA","refresh_token":"b5bdd7237348ee98621225c3bc48a3ad51dc2a6c284b1f374fe4833552bc8b0d","user":{"id":"2dda0439-5180-45aa-917f-e632e45a8e41","email":"test@example.com","username":"johndoe","name":"John Doe","phoneNumber":"0987654321","profilePic":null,"bio":null,"private":false,"verified":false,"role":0,"followersCount":0,"followingCount":0,"postCount":0}}

16:12:28.484 [main] INFO com.intuit.karate -- [print] *** AFTER API CALL *** Status: 200 
16:12:28.485 [main] INFO com.intuit.karate -- [print] ### API CALL COMPLETED ### Email: test@example.com Status: 200 
16:12:28.485 [main] INFO com.intuit.karate -- [print] ### RESPONSE BODY ### {
  "access_token": "eyJhbGciOiJIUzI1NiIsInR5cCI6IkpXVCJ9.eyJzdWIiOiIyZGRhMDQzOS01MTgwLTQ1YWEtOTE3Zi1lNjMyZTQ1YThlNDEiLCJ1c2VybmFtZSI6ImpvaG5kb2UiLCJyb2xlIjowLCJpYXQiOjE3NTA3NTYzNDgsImV4cCI6MTc1MDc1OTk0OH0.0CgbamjGD4Vcv05W9wCrAKtyWXzIxunVgEdkrStOGfA",
  "refresh_token": "b5bdd7237348ee98621225c3bc48a3ad51dc2a6c284b1f374fe4833552bc8b0d",
  "user": {
    "id": "2dda0439-5180-45aa-917f-e632e45a8e41",
    "email": "test@example.com",
    "username": "johndoe",
    "name": "John Doe",
    "phoneNumber": "0987654321",
    "profilePic": null,
    "bio": null,
    "private": false,
    "verified": false,
    "role": 0,
    "followersCount": 0,
    "followingCount": 0,
    "postCount": 0
  }
}
 
16:12:28.485 [main] INFO com.intuit.karate -- Request #93 completed - Status: 200 Time: 284ms 
16:12:28.485 [main] INFO com.intuit.karate -- *** SEQUENTIAL REQUEST #94 *** 
16:12:28.485 [main] INFO com.intuit.karate -- User: test2@example.com 
16:12:28.489 [main] INFO com.intuit.karate -- [print] *** BEFORE API CALL *** Email: test2@example.com URL: http://localhost:3000/auth/login 
16:12:28.489 [main] DEBUG com.jayway.jsonpath.internal.path.CompiledPath -- Evaluating path: $
16:12:28.489 [main] INFO com.intuit.karate -- [print] *** SENDING REQUEST *** Body: {
  "email": "#(email)",
  "password": "#(password)"
}
 
16:12:28.490 [main] DEBUG org.apache.http.client.protocol.RequestAddCookies -- CookieSpec selected: karate
16:12:28.490 [main] DEBUG org.apache.http.client.protocol.RequestAuthCache -- Auth cache not set in the context
16:12:28.490 [main] DEBUG com.intuit.karate -- request:
1 > POST http://localhost:3000/auth/login
1 > Content-Type: application/json; charset=UTF-8
1 > Content-Length: 54
1 > Host: localhost:3000
1 > Connection: Keep-Alive
1 > User-Agent: Apache-HttpClient/4.5.14 (Java/17.0.9)
1 > Accept-Encoding: gzip,deflate
{"email":"test2@example.com","password":"Password123"}

16:12:28.490 [main] DEBUG org.apache.http.impl.conn.PoolingHttpClientConnectionManager -- Connection request: [route: {}->http://localhost:3000][total available: 0; route allocated: 0 of 5; total allocated: 0 of 10]
16:12:28.490 [main] DEBUG org.apache.http.impl.conn.PoolingHttpClientConnectionManager -- Connection leased: [id: 93][route: {}->http://localhost:3000][total available: 0; route allocated: 1 of 5; total allocated: 1 of 10]
16:12:28.490 [main] DEBUG org.apache.http.impl.execchain.MainClientExec -- Opening connection {}->http://localhost:3000
16:12:28.490 [main] DEBUG org.apache.http.impl.conn.DefaultHttpClientConnectionOperator -- Connecting to localhost/127.0.0.1:3000
16:12:28.490 [main] DEBUG org.apache.http.impl.conn.DefaultHttpClientConnectionOperator -- Connection established 127.0.0.1:51137<->127.0.0.1:3000
16:12:28.490 [main] DEBUG org.apache.http.impl.conn.DefaultManagedHttpClientConnection -- http-outgoing-93: set socket timeout to 30000
16:12:28.490 [main] DEBUG org.apache.http.impl.execchain.MainClientExec -- Executing request POST /auth/login HTTP/1.1
16:12:28.491 [main] DEBUG org.apache.http.impl.execchain.MainClientExec -- Target auth state: UNCHALLENGED
16:12:28.491 [main] DEBUG org.apache.http.impl.execchain.MainClientExec -- Proxy auth state: UNCHALLENGED
16:12:28.491 [main] DEBUG org.apache.http.headers -- http-outgoing-93 >> POST /auth/login HTTP/1.1
16:12:28.491 [main] DEBUG org.apache.http.headers -- http-outgoing-93 >> Content-Type: application/json; charset=UTF-8
16:12:28.491 [main] DEBUG org.apache.http.headers -- http-outgoing-93 >> Content-Length: 54
16:12:28.491 [main] DEBUG org.apache.http.headers -- http-outgoing-93 >> Host: localhost:3000
16:12:28.491 [main] DEBUG org.apache.http.headers -- http-outgoing-93 >> Connection: Keep-Alive
16:12:28.491 [main] DEBUG org.apache.http.headers -- http-outgoing-93 >> User-Agent: Apache-HttpClient/4.5.14 (Java/17.0.9)
16:12:28.491 [main] DEBUG org.apache.http.headers -- http-outgoing-93 >> Accept-Encoding: gzip,deflate
16:12:28.491 [main] DEBUG org.apache.http.wire -- http-outgoing-93 >> "POST /auth/login HTTP/1.1[\r][\n]"
16:12:28.491 [main] DEBUG org.apache.http.wire -- http-outgoing-93 >> "Content-Type: application/json; charset=UTF-8[\r][\n]"
16:12:28.491 [main] DEBUG org.apache.http.wire -- http-outgoing-93 >> "Content-Length: 54[\r][\n]"
16:12:28.491 [main] DEBUG org.apache.http.wire -- http-outgoing-93 >> "Host: localhost:3000[\r][\n]"
16:12:28.491 [main] DEBUG org.apache.http.wire -- http-outgoing-93 >> "Connection: Keep-Alive[\r][\n]"
16:12:28.491 [main] DEBUG org.apache.http.wire -- http-outgoing-93 >> "User-Agent: Apache-HttpClient/4.5.14 (Java/17.0.9)[\r][\n]"
16:12:28.491 [main] DEBUG org.apache.http.wire -- http-outgoing-93 >> "Accept-Encoding: gzip,deflate[\r][\n]"
16:12:28.491 [main] DEBUG org.apache.http.wire -- http-outgoing-93 >> "[\r][\n]"
16:12:28.491 [main] DEBUG org.apache.http.wire -- http-outgoing-93 >> "{"email":"test2@example.com","password":"Password123"}"
16:12:28.758 [main] DEBUG org.apache.http.wire -- http-outgoing-93 << "HTTP/1.1 200 OK[\r][\n]"
16:12:28.758 [main] DEBUG org.apache.http.wire -- http-outgoing-93 << "X-Powered-By: Express[\r][\n]"
16:12:28.758 [main] DEBUG org.apache.http.wire -- http-outgoing-93 << "Access-Control-Allow-Origin: *[\r][\n]"
16:12:28.758 [main] DEBUG org.apache.http.wire -- http-outgoing-93 << "Content-Type: application/json; charset=utf-8[\r][\n]"
16:12:28.758 [main] DEBUG org.apache.http.wire -- http-outgoing-93 << "Content-Length: 608[\r][\n]"
16:12:28.758 [main] DEBUG org.apache.http.wire -- http-outgoing-93 << "ETag: W/"260-QSS99DmL4LzZTi+Yl44XDQHdRv4"[\r][\n]"
16:12:28.758 [main] DEBUG org.apache.http.wire -- http-outgoing-93 << "Date: Tue, 24 Jun 2025 09:12:28 GMT[\r][\n]"
16:12:28.758 [main] DEBUG org.apache.http.wire -- http-outgoing-93 << "Connection: keep-alive[\r][\n]"
16:12:28.758 [main] DEBUG org.apache.http.wire -- http-outgoing-93 << "Keep-Alive: timeout=5[\r][\n]"
16:12:28.758 [main] DEBUG org.apache.http.wire -- http-outgoing-93 << "[\r][\n]"
16:12:28.758 [main] DEBUG org.apache.http.wire -- http-outgoing-93 << "{"access_token":"eyJhbGciOiJIUzI1NiIsInR5cCI6IkpXVCJ9.eyJzdWIiOiI4YTI0NzQ2MS01YzA0LTQyMWQtOThmNS1mYTljNzM0ZmFlYTUiLCJ1c2VybmFtZSI6ImphbmVzbWl0aCIsInJvbGUiOjAsImlhdCI6MTc1MDc1NjM0OCwiZXhwIjoxNzUwNzU5OTQ4fQ.bLIUqePLoZYVOGoDAtYbRlt0YcRbI-wglkR970yRKmg","refresh_token":"db992159b478c98de5d14d296c63f1ff43549221a08e7814f82d687ddaa8635b","user":{"id":"8a247461-5c04-421d-98f5-fa9c734faea5","email":"test2@example.com","username":"janesmith","name":"Jane Smith","phoneNumber":"01234567890","profilePic":null,"bio":null,"private":false,"verified":false,"role":0,"followersCount":0,"followingCount":0,"postCount":0}}"
16:12:28.758 [main] DEBUG org.apache.http.headers -- http-outgoing-93 << HTTP/1.1 200 OK
16:12:28.758 [main] DEBUG org.apache.http.headers -- http-outgoing-93 << X-Powered-By: Express
16:12:28.758 [main] DEBUG org.apache.http.headers -- http-outgoing-93 << Access-Control-Allow-Origin: *
16:12:28.758 [main] DEBUG org.apache.http.headers -- http-outgoing-93 << Content-Type: application/json; charset=utf-8
16:12:28.758 [main] DEBUG org.apache.http.headers -- http-outgoing-93 << Content-Length: 608
16:12:28.758 [main] DEBUG org.apache.http.headers -- http-outgoing-93 << ETag: W/"260-QSS99DmL4LzZTi+Yl44XDQHdRv4"
16:12:28.758 [main] DEBUG org.apache.http.headers -- http-outgoing-93 << Date: Tue, 24 Jun 2025 09:12:28 GMT
16:12:28.758 [main] DEBUG org.apache.http.headers -- http-outgoing-93 << Connection: keep-alive
16:12:28.758 [main] DEBUG org.apache.http.headers -- http-outgoing-93 << Keep-Alive: timeout=5
16:12:28.759 [main] DEBUG org.apache.http.impl.execchain.MainClientExec -- Connection can be kept alive for 5000 MILLISECONDS
16:12:28.759 [main] DEBUG org.apache.http.impl.conn.PoolingHttpClientConnectionManager -- Connection [id: 93][route: {}->http://localhost:3000] can be kept alive for 5.0 seconds
16:12:28.759 [main] DEBUG org.apache.http.impl.conn.DefaultManagedHttpClientConnection -- http-outgoing-93: set socket timeout to 0
16:12:28.759 [main] DEBUG org.apache.http.impl.conn.PoolingHttpClientConnectionManager -- Connection released: [id: 93][route: {}->http://localhost:3000][total available: 1; route allocated: 1 of 5; total allocated: 1 of 10]
16:12:28.759 [main] DEBUG org.apache.http.impl.conn.PoolingHttpClientConnectionManager -- Connection manager is shutting down
16:12:28.759 [main] DEBUG org.apache.http.impl.conn.DefaultManagedHttpClientConnection -- http-outgoing-93: Close connection
16:12:28.759 [main] DEBUG org.apache.http.impl.conn.PoolingHttpClientConnectionManager -- Connection manager shut down
16:12:28.759 [main] DEBUG com.intuit.karate -- response time in milliseconds: 269
1 < 200
1 < X-Powered-By: Express
1 < Access-Control-Allow-Origin: *
1 < Content-Type: application/json; charset=utf-8
1 < Content-Length: 608
1 < ETag: W/"260-QSS99DmL4LzZTi+Yl44XDQHdRv4"
1 < Date: Tue, 24 Jun 2025 09:12:28 GMT
1 < Connection: keep-alive
1 < Keep-Alive: timeout=5
{"access_token":"eyJhbGciOiJIUzI1NiIsInR5cCI6IkpXVCJ9.eyJzdWIiOiI4YTI0NzQ2MS01YzA0LTQyMWQtOThmNS1mYTljNzM0ZmFlYTUiLCJ1c2VybmFtZSI6ImphbmVzbWl0aCIsInJvbGUiOjAsImlhdCI6MTc1MDc1NjM0OCwiZXhwIjoxNzUwNzU5OTQ4fQ.bLIUqePLoZYVOGoDAtYbRlt0YcRbI-wglkR970yRKmg","refresh_token":"db992159b478c98de5d14d296c63f1ff43549221a08e7814f82d687ddaa8635b","user":{"id":"8a247461-5c04-421d-98f5-fa9c734faea5","email":"test2@example.com","username":"janesmith","name":"Jane Smith","phoneNumber":"01234567890","profilePic":null,"bio":null,"private":false,"verified":false,"role":0,"followersCount":0,"followingCount":0,"postCount":0}}

16:12:28.759 [main] INFO com.intuit.karate -- [print] *** AFTER API CALL *** Status: 200 
16:12:28.759 [main] INFO com.intuit.karate -- [print] ### API CALL COMPLETED ### Email: test2@example.com Status: 200 
16:12:28.759 [main] INFO com.intuit.karate -- [print] ### RESPONSE BODY ### {
  "access_token": "eyJhbGciOiJIUzI1NiIsInR5cCI6IkpXVCJ9.eyJzdWIiOiI4YTI0NzQ2MS01YzA0LTQyMWQtOThmNS1mYTljNzM0ZmFlYTUiLCJ1c2VybmFtZSI6ImphbmVzbWl0aCIsInJvbGUiOjAsImlhdCI6MTc1MDc1NjM0OCwiZXhwIjoxNzUwNzU5OTQ4fQ.bLIUqePLoZYVOGoDAtYbRlt0YcRbI-wglkR970yRKmg",
  "refresh_token": "db992159b478c98de5d14d296c63f1ff43549221a08e7814f82d687ddaa8635b",
  "user": {
    "id": "8a247461-5c04-421d-98f5-fa9c734faea5",
    "email": "test2@example.com",
    "username": "janesmith",
    "name": "Jane Smith",
    "phoneNumber": "01234567890",
    "profilePic": null,
    "bio": null,
    "private": false,
    "verified": false,
    "role": 0,
    "followersCount": 0,
    "followingCount": 0,
    "postCount": 0
  }
}
 
16:12:28.761 [main] INFO com.intuit.karate -- Request #94 completed - Status: 200 Time: 275ms 
16:12:28.761 [main] INFO com.intuit.karate -- *** SEQUENTIAL REQUEST #95 *** 
16:12:28.761 [main] INFO com.intuit.karate -- User: test28@example.com 
16:12:28.763 [main] INFO com.intuit.karate -- [print] *** BEFORE API CALL *** Email: test28@example.com URL: http://localhost:3000/auth/login 
16:12:28.763 [main] DEBUG com.jayway.jsonpath.internal.path.CompiledPath -- Evaluating path: $
16:12:28.763 [main] INFO com.intuit.karate -- [print] *** SENDING REQUEST *** Body: {
  "email": "#(email)",
  "password": "#(password)"
}
 
16:12:28.764 [main] DEBUG org.apache.http.client.protocol.RequestAddCookies -- CookieSpec selected: karate
16:12:28.764 [main] DEBUG org.apache.http.client.protocol.RequestAuthCache -- Auth cache not set in the context
16:12:28.764 [main] DEBUG com.intuit.karate -- request:
1 > POST http://localhost:3000/auth/login
1 > Content-Type: application/json; charset=UTF-8
1 > Content-Length: 55
1 > Host: localhost:3000
1 > Connection: Keep-Alive
1 > User-Agent: Apache-HttpClient/4.5.14 (Java/17.0.9)
1 > Accept-Encoding: gzip,deflate
{"email":"test28@example.com","password":"Password123"}

16:12:28.764 [main] DEBUG org.apache.http.impl.conn.PoolingHttpClientConnectionManager -- Connection request: [route: {}->http://localhost:3000][total available: 0; route allocated: 0 of 5; total allocated: 0 of 10]
16:12:28.764 [main] DEBUG org.apache.http.impl.conn.PoolingHttpClientConnectionManager -- Connection leased: [id: 94][route: {}->http://localhost:3000][total available: 0; route allocated: 1 of 5; total allocated: 1 of 10]
16:12:28.764 [main] DEBUG org.apache.http.impl.execchain.MainClientExec -- Opening connection {}->http://localhost:3000
16:12:28.764 [main] DEBUG org.apache.http.impl.conn.DefaultHttpClientConnectionOperator -- Connecting to localhost/127.0.0.1:3000
16:12:28.765 [main] DEBUG org.apache.http.impl.conn.DefaultHttpClientConnectionOperator -- Connection established 127.0.0.1:51138<->127.0.0.1:3000
16:12:28.765 [main] DEBUG org.apache.http.impl.conn.DefaultManagedHttpClientConnection -- http-outgoing-94: set socket timeout to 30000
16:12:28.765 [main] DEBUG org.apache.http.impl.execchain.MainClientExec -- Executing request POST /auth/login HTTP/1.1
16:12:28.765 [main] DEBUG org.apache.http.impl.execchain.MainClientExec -- Target auth state: UNCHALLENGED
16:12:28.765 [main] DEBUG org.apache.http.impl.execchain.MainClientExec -- Proxy auth state: UNCHALLENGED
16:12:28.765 [main] DEBUG org.apache.http.headers -- http-outgoing-94 >> POST /auth/login HTTP/1.1
16:12:28.765 [main] DEBUG org.apache.http.headers -- http-outgoing-94 >> Content-Type: application/json; charset=UTF-8
16:12:28.765 [main] DEBUG org.apache.http.headers -- http-outgoing-94 >> Content-Length: 55
16:12:28.765 [main] DEBUG org.apache.http.headers -- http-outgoing-94 >> Host: localhost:3000
16:12:28.765 [main] DEBUG org.apache.http.headers -- http-outgoing-94 >> Connection: Keep-Alive
16:12:28.765 [main] DEBUG org.apache.http.headers -- http-outgoing-94 >> User-Agent: Apache-HttpClient/4.5.14 (Java/17.0.9)
16:12:28.765 [main] DEBUG org.apache.http.headers -- http-outgoing-94 >> Accept-Encoding: gzip,deflate
16:12:28.765 [main] DEBUG org.apache.http.wire -- http-outgoing-94 >> "POST /auth/login HTTP/1.1[\r][\n]"
16:12:28.765 [main] DEBUG org.apache.http.wire -- http-outgoing-94 >> "Content-Type: application/json; charset=UTF-8[\r][\n]"
16:12:28.765 [main] DEBUG org.apache.http.wire -- http-outgoing-94 >> "Content-Length: 55[\r][\n]"
16:12:28.765 [main] DEBUG org.apache.http.wire -- http-outgoing-94 >> "Host: localhost:3000[\r][\n]"
16:12:28.765 [main] DEBUG org.apache.http.wire -- http-outgoing-94 >> "Connection: Keep-Alive[\r][\n]"
16:12:28.765 [main] DEBUG org.apache.http.wire -- http-outgoing-94 >> "User-Agent: Apache-HttpClient/4.5.14 (Java/17.0.9)[\r][\n]"
16:12:28.765 [main] DEBUG org.apache.http.wire -- http-outgoing-94 >> "Accept-Encoding: gzip,deflate[\r][\n]"
16:12:28.765 [main] DEBUG org.apache.http.wire -- http-outgoing-94 >> "[\r][\n]"
16:12:28.765 [main] DEBUG org.apache.http.wire -- http-outgoing-94 >> "{"email":"test28@example.com","password":"Password123"}"
16:12:29.027 [main] DEBUG org.apache.http.wire -- http-outgoing-94 << "HTTP/1.1 200 OK[\r][\n]"
16:12:29.027 [main] DEBUG org.apache.http.wire -- http-outgoing-94 << "X-Powered-By: Express[\r][\n]"
16:12:29.027 [main] DEBUG org.apache.http.wire -- http-outgoing-94 << "Access-Control-Allow-Origin: *[\r][\n]"
16:12:29.027 [main] DEBUG org.apache.http.wire -- http-outgoing-94 << "Content-Type: application/json; charset=utf-8[\r][\n]"
16:12:29.027 [main] DEBUG org.apache.http.wire -- http-outgoing-94 << "Content-Length: 607[\r][\n]"
16:12:29.027 [main] DEBUG org.apache.http.wire -- http-outgoing-94 << "ETag: W/"25f-pNzSlpmpHu/5SUmDGjzSOfRyO8U"[\r][\n]"
16:12:29.027 [main] DEBUG org.apache.http.wire -- http-outgoing-94 << "Date: Tue, 24 Jun 2025 09:12:29 GMT[\r][\n]"
16:12:29.027 [main] DEBUG org.apache.http.wire -- http-outgoing-94 << "Connection: keep-alive[\r][\n]"
16:12:29.027 [main] DEBUG org.apache.http.wire -- http-outgoing-94 << "Keep-Alive: timeout=5[\r][\n]"
16:12:29.027 [main] DEBUG org.apache.http.wire -- http-outgoing-94 << "[\r][\n]"
16:12:29.027 [main] DEBUG org.apache.http.wire -- http-outgoing-94 << "{"access_token":"eyJhbGciOiJIUzI1NiIsInR5cCI6IkpXVCJ9.eyJzdWIiOiJjMjE0MjJkZi1jY2VjLTQ0MGUtOWE0Mi1jMWI4MmFiZjczM2QiLCJ1c2VybmFtZSI6ImpvaG5kb2UyOCIsInJvbGUiOjAsImlhdCI6MTc1MDc1NjM0OCwiZXhwIjoxNzUwNzU5OTQ4fQ.a4PiRfifRzrGZ6WSYF6_DgLwMNUywHd0HfGxGb7We4s","refresh_token":"fe7b9267239cd261a2a4a6537e03b8d8c2238f4a1bf8d27cf68d28d81c78cd4b","user":{"id":"c21422df-ccec-440e-9a42-c1b82abf733d","email":"test28@example.com","username":"johndoe28","name":"John Doe","phoneNumber":"84987654321","profilePic":null,"bio":null,"private":false,"verified":false,"role":0,"followersCount":0,"followingCount":0,"postCount":0}}"
16:12:29.027 [main] DEBUG org.apache.http.headers -- http-outgoing-94 << HTTP/1.1 200 OK
16:12:29.027 [main] DEBUG org.apache.http.headers -- http-outgoing-94 << X-Powered-By: Express
16:12:29.027 [main] DEBUG org.apache.http.headers -- http-outgoing-94 << Access-Control-Allow-Origin: *
16:12:29.027 [main] DEBUG org.apache.http.headers -- http-outgoing-94 << Content-Type: application/json; charset=utf-8
16:12:29.027 [main] DEBUG org.apache.http.headers -- http-outgoing-94 << Content-Length: 607
16:12:29.027 [main] DEBUG org.apache.http.headers -- http-outgoing-94 << ETag: W/"25f-pNzSlpmpHu/5SUmDGjzSOfRyO8U"
16:12:29.027 [main] DEBUG org.apache.http.headers -- http-outgoing-94 << Date: Tue, 24 Jun 2025 09:12:29 GMT
16:12:29.027 [main] DEBUG org.apache.http.headers -- http-outgoing-94 << Connection: keep-alive
16:12:29.027 [main] DEBUG org.apache.http.headers -- http-outgoing-94 << Keep-Alive: timeout=5
16:12:29.027 [main] DEBUG org.apache.http.impl.execchain.MainClientExec -- Connection can be kept alive for 5000 MILLISECONDS
16:12:29.027 [main] DEBUG org.apache.http.impl.conn.PoolingHttpClientConnectionManager -- Connection [id: 94][route: {}->http://localhost:3000] can be kept alive for 5.0 seconds
16:12:29.027 [main] DEBUG org.apache.http.impl.conn.DefaultManagedHttpClientConnection -- http-outgoing-94: set socket timeout to 0
16:12:29.027 [main] DEBUG org.apache.http.impl.conn.PoolingHttpClientConnectionManager -- Connection released: [id: 94][route: {}->http://localhost:3000][total available: 1; route allocated: 1 of 5; total allocated: 1 of 10]
16:12:29.027 [main] DEBUG org.apache.http.impl.conn.PoolingHttpClientConnectionManager -- Connection manager is shutting down
16:12:29.027 [main] DEBUG org.apache.http.impl.conn.DefaultManagedHttpClientConnection -- http-outgoing-94: Close connection
16:12:29.029 [main] DEBUG org.apache.http.impl.conn.PoolingHttpClientConnectionManager -- Connection manager shut down
16:12:29.029 [main] DEBUG com.intuit.karate -- response time in milliseconds: 263
1 < 200
1 < X-Powered-By: Express
1 < Access-Control-Allow-Origin: *
1 < Content-Type: application/json; charset=utf-8
1 < Content-Length: 607
1 < ETag: W/"25f-pNzSlpmpHu/5SUmDGjzSOfRyO8U"
1 < Date: Tue, 24 Jun 2025 09:12:29 GMT
1 < Connection: keep-alive
1 < Keep-Alive: timeout=5
{"access_token":"eyJhbGciOiJIUzI1NiIsInR5cCI6IkpXVCJ9.eyJzdWIiOiJjMjE0MjJkZi1jY2VjLTQ0MGUtOWE0Mi1jMWI4MmFiZjczM2QiLCJ1c2VybmFtZSI6ImpvaG5kb2UyOCIsInJvbGUiOjAsImlhdCI6MTc1MDc1NjM0OCwiZXhwIjoxNzUwNzU5OTQ4fQ.a4PiRfifRzrGZ6WSYF6_DgLwMNUywHd0HfGxGb7We4s","refresh_token":"fe7b9267239cd261a2a4a6537e03b8d8c2238f4a1bf8d27cf68d28d81c78cd4b","user":{"id":"c21422df-ccec-440e-9a42-c1b82abf733d","email":"test28@example.com","username":"johndoe28","name":"John Doe","phoneNumber":"84987654321","profilePic":null,"bio":null,"private":false,"verified":false,"role":0,"followersCount":0,"followingCount":0,"postCount":0}}

16:12:29.029 [main] INFO com.intuit.karate -- [print] *** AFTER API CALL *** Status: 200 
16:12:29.029 [main] INFO com.intuit.karate -- [print] ### API CALL COMPLETED ### Email: test28@example.com Status: 200 
16:12:29.029 [main] INFO com.intuit.karate -- [print] ### RESPONSE BODY ### {
  "access_token": "eyJhbGciOiJIUzI1NiIsInR5cCI6IkpXVCJ9.eyJzdWIiOiJjMjE0MjJkZi1jY2VjLTQ0MGUtOWE0Mi1jMWI4MmFiZjczM2QiLCJ1c2VybmFtZSI6ImpvaG5kb2UyOCIsInJvbGUiOjAsImlhdCI6MTc1MDc1NjM0OCwiZXhwIjoxNzUwNzU5OTQ4fQ.a4PiRfifRzrGZ6WSYF6_DgLwMNUywHd0HfGxGb7We4s",
  "refresh_token": "fe7b9267239cd261a2a4a6537e03b8d8c2238f4a1bf8d27cf68d28d81c78cd4b",
  "user": {
    "id": "c21422df-ccec-440e-9a42-c1b82abf733d",
    "email": "test28@example.com",
    "username": "johndoe28",
    "name": "John Doe",
    "phoneNumber": "84987654321",
    "profilePic": null,
    "bio": null,
    "private": false,
    "verified": false,
    "role": 0,
    "followersCount": 0,
    "followingCount": 0,
    "postCount": 0
  }
}
 
16:12:29.030 [main] INFO com.intuit.karate -- Request #95 completed - Status: 200 Time: 269ms 
16:12:29.031 [main] INFO com.intuit.karate -- *** SEQUENTIAL REQUEST #96 *** 
16:12:29.031 [main] INFO com.intuit.karate -- User: testit4@gmail.com 
16:12:29.033 [main] INFO com.intuit.karate -- [print] *** BEFORE API CALL *** Email: testit4@gmail.com URL: http://localhost:3000/auth/login 
16:12:29.033 [main] DEBUG com.jayway.jsonpath.internal.path.CompiledPath -- Evaluating path: $
16:12:29.033 [main] INFO com.intuit.karate -- [print] *** SENDING REQUEST *** Body: {
  "email": "#(email)",
  "password": "#(password)"
}
 
16:12:29.034 [main] DEBUG org.apache.http.client.protocol.RequestAddCookies -- CookieSpec selected: karate
16:12:29.034 [main] DEBUG org.apache.http.client.protocol.RequestAuthCache -- Auth cache not set in the context
16:12:29.034 [main] DEBUG com.intuit.karate -- request:
1 > POST http://localhost:3000/auth/login
1 > Content-Type: application/json; charset=UTF-8
1 > Content-Length: 54
1 > Host: localhost:3000
1 > Connection: Keep-Alive
1 > User-Agent: Apache-HttpClient/4.5.14 (Java/17.0.9)
1 > Accept-Encoding: gzip,deflate
{"email":"testit4@gmail.com","password":"Password123"}

16:12:29.034 [main] DEBUG org.apache.http.impl.conn.PoolingHttpClientConnectionManager -- Connection request: [route: {}->http://localhost:3000][total available: 0; route allocated: 0 of 5; total allocated: 0 of 10]
16:12:29.034 [main] DEBUG org.apache.http.impl.conn.PoolingHttpClientConnectionManager -- Connection leased: [id: 95][route: {}->http://localhost:3000][total available: 0; route allocated: 1 of 5; total allocated: 1 of 10]
16:12:29.034 [main] DEBUG org.apache.http.impl.execchain.MainClientExec -- Opening connection {}->http://localhost:3000
16:12:29.034 [main] DEBUG org.apache.http.impl.conn.DefaultHttpClientConnectionOperator -- Connecting to localhost/127.0.0.1:3000
16:12:29.035 [main] DEBUG org.apache.http.impl.conn.DefaultHttpClientConnectionOperator -- Connection established 127.0.0.1:51139<->127.0.0.1:3000
16:12:29.035 [main] DEBUG org.apache.http.impl.conn.DefaultManagedHttpClientConnection -- http-outgoing-95: set socket timeout to 30000
16:12:29.035 [main] DEBUG org.apache.http.impl.execchain.MainClientExec -- Executing request POST /auth/login HTTP/1.1
16:12:29.035 [main] DEBUG org.apache.http.impl.execchain.MainClientExec -- Target auth state: UNCHALLENGED
16:12:29.035 [main] DEBUG org.apache.http.impl.execchain.MainClientExec -- Proxy auth state: UNCHALLENGED
16:12:29.035 [main] DEBUG org.apache.http.headers -- http-outgoing-95 >> POST /auth/login HTTP/1.1
16:12:29.035 [main] DEBUG org.apache.http.headers -- http-outgoing-95 >> Content-Type: application/json; charset=UTF-8
16:12:29.035 [main] DEBUG org.apache.http.headers -- http-outgoing-95 >> Content-Length: 54
16:12:29.035 [main] DEBUG org.apache.http.headers -- http-outgoing-95 >> Host: localhost:3000
16:12:29.035 [main] DEBUG org.apache.http.headers -- http-outgoing-95 >> Connection: Keep-Alive
16:12:29.035 [main] DEBUG org.apache.http.headers -- http-outgoing-95 >> User-Agent: Apache-HttpClient/4.5.14 (Java/17.0.9)
16:12:29.035 [main] DEBUG org.apache.http.headers -- http-outgoing-95 >> Accept-Encoding: gzip,deflate
16:12:29.035 [main] DEBUG org.apache.http.wire -- http-outgoing-95 >> "POST /auth/login HTTP/1.1[\r][\n]"
16:12:29.035 [main] DEBUG org.apache.http.wire -- http-outgoing-95 >> "Content-Type: application/json; charset=UTF-8[\r][\n]"
16:12:29.035 [main] DEBUG org.apache.http.wire -- http-outgoing-95 >> "Content-Length: 54[\r][\n]"
16:12:29.035 [main] DEBUG org.apache.http.wire -- http-outgoing-95 >> "Host: localhost:3000[\r][\n]"
16:12:29.035 [main] DEBUG org.apache.http.wire -- http-outgoing-95 >> "Connection: Keep-Alive[\r][\n]"
16:12:29.035 [main] DEBUG org.apache.http.wire -- http-outgoing-95 >> "User-Agent: Apache-HttpClient/4.5.14 (Java/17.0.9)[\r][\n]"
16:12:29.035 [main] DEBUG org.apache.http.wire -- http-outgoing-95 >> "Accept-Encoding: gzip,deflate[\r][\n]"
16:12:29.035 [main] DEBUG org.apache.http.wire -- http-outgoing-95 >> "[\r][\n]"
16:12:29.035 [main] DEBUG org.apache.http.wire -- http-outgoing-95 >> "{"email":"testit4@gmail.com","password":"Password123"}"
16:12:29.300 [main] DEBUG org.apache.http.wire -- http-outgoing-95 << "HTTP/1.1 200 OK[\r][\n]"
16:12:29.300 [main] DEBUG org.apache.http.wire -- http-outgoing-95 << "X-Powered-By: Express[\r][\n]"
16:12:29.300 [main] DEBUG org.apache.http.wire -- http-outgoing-95 << "Access-Control-Allow-Origin: *[\r][\n]"
16:12:29.300 [main] DEBUG org.apache.http.wire -- http-outgoing-95 << "Content-Type: application/json; charset=utf-8[\r][\n]"
16:12:29.300 [main] DEBUG org.apache.http.wire -- http-outgoing-95 << "Content-Length: 607[\r][\n]"
16:12:29.300 [main] DEBUG org.apache.http.wire -- http-outgoing-95 << "ETag: W/"25f-qYKmDX2BBWYcyGy6rHxqHwgYEPo"[\r][\n]"
16:12:29.300 [main] DEBUG org.apache.http.wire -- http-outgoing-95 << "Date: Tue, 24 Jun 2025 09:12:29 GMT[\r][\n]"
16:12:29.300 [main] DEBUG org.apache.http.wire -- http-outgoing-95 << "Connection: keep-alive[\r][\n]"
16:12:29.300 [main] DEBUG org.apache.http.wire -- http-outgoing-95 << "Keep-Alive: timeout=5[\r][\n]"
16:12:29.300 [main] DEBUG org.apache.http.wire -- http-outgoing-95 << "[\r][\n]"
16:12:29.300 [main] DEBUG org.apache.http.wire -- http-outgoing-95 << "{"access_token":"eyJhbGciOiJIUzI1NiIsInR5cCI6IkpXVCJ9.eyJzdWIiOiI5YTI2OTc2Yy0xNTMyLTRkZjMtYTE2ZS03NjMxNTI1Yzg1MDIiLCJ1c2VybmFtZSI6ImpvaG5kb2UyZDUiLCJyb2xlIjowLCJpYXQiOjE3NTA3NTYzNDksImV4cCI6MTc1MDc1OTk0OX0.biGtd0T0Vc-eTW_VOHVA7y13i7mEy1Ix-eQnDmlYgI8","refresh_token":"dfebda6f3f0730dbb97f3c2284004038a0ea99af7d966e72ccd6b828522a5342","user":{"id":"9a26976c-1532-4df3-a16e-7631525c8502","email":"testit4@gmail.com","username":"johndoe2d5","name":"John Doe","phoneNumber":"0123456212","profilePic":null,"bio":null,"private":false,"verified":false,"role":0,"followersCount":0,"followingCount":0,"postCount":0}}"
16:12:29.300 [main] DEBUG org.apache.http.headers -- http-outgoing-95 << HTTP/1.1 200 OK
16:12:29.300 [main] DEBUG org.apache.http.headers -- http-outgoing-95 << X-Powered-By: Express
16:12:29.300 [main] DEBUG org.apache.http.headers -- http-outgoing-95 << Access-Control-Allow-Origin: *
16:12:29.300 [main] DEBUG org.apache.http.headers -- http-outgoing-95 << Content-Type: application/json; charset=utf-8
16:12:29.300 [main] DEBUG org.apache.http.headers -- http-outgoing-95 << Content-Length: 607
16:12:29.300 [main] DEBUG org.apache.http.headers -- http-outgoing-95 << ETag: W/"25f-qYKmDX2BBWYcyGy6rHxqHwgYEPo"
16:12:29.300 [main] DEBUG org.apache.http.headers -- http-outgoing-95 << Date: Tue, 24 Jun 2025 09:12:29 GMT
16:12:29.300 [main] DEBUG org.apache.http.headers -- http-outgoing-95 << Connection: keep-alive
16:12:29.300 [main] DEBUG org.apache.http.headers -- http-outgoing-95 << Keep-Alive: timeout=5
16:12:29.300 [main] DEBUG org.apache.http.impl.execchain.MainClientExec -- Connection can be kept alive for 5000 MILLISECONDS
16:12:29.301 [main] DEBUG org.apache.http.impl.conn.PoolingHttpClientConnectionManager -- Connection [id: 95][route: {}->http://localhost:3000] can be kept alive for 5.0 seconds
16:12:29.301 [main] DEBUG org.apache.http.impl.conn.DefaultManagedHttpClientConnection -- http-outgoing-95: set socket timeout to 0
16:12:29.301 [main] DEBUG org.apache.http.impl.conn.PoolingHttpClientConnectionManager -- Connection released: [id: 95][route: {}->http://localhost:3000][total available: 1; route allocated: 1 of 5; total allocated: 1 of 10]
16:12:29.301 [main] DEBUG org.apache.http.impl.conn.PoolingHttpClientConnectionManager -- Connection manager is shutting down
16:12:29.301 [main] DEBUG org.apache.http.impl.conn.DefaultManagedHttpClientConnection -- http-outgoing-95: Close connection
16:12:29.301 [main] DEBUG org.apache.http.impl.conn.PoolingHttpClientConnectionManager -- Connection manager shut down
16:12:29.301 [main] DEBUG com.intuit.karate -- response time in milliseconds: 267
1 < 200
1 < X-Powered-By: Express
1 < Access-Control-Allow-Origin: *
1 < Content-Type: application/json; charset=utf-8
1 < Content-Length: 607
1 < ETag: W/"25f-qYKmDX2BBWYcyGy6rHxqHwgYEPo"
1 < Date: Tue, 24 Jun 2025 09:12:29 GMT
1 < Connection: keep-alive
1 < Keep-Alive: timeout=5
{"access_token":"eyJhbGciOiJIUzI1NiIsInR5cCI6IkpXVCJ9.eyJzdWIiOiI5YTI2OTc2Yy0xNTMyLTRkZjMtYTE2ZS03NjMxNTI1Yzg1MDIiLCJ1c2VybmFtZSI6ImpvaG5kb2UyZDUiLCJyb2xlIjowLCJpYXQiOjE3NTA3NTYzNDksImV4cCI6MTc1MDc1OTk0OX0.biGtd0T0Vc-eTW_VOHVA7y13i7mEy1Ix-eQnDmlYgI8","refresh_token":"dfebda6f3f0730dbb97f3c2284004038a0ea99af7d966e72ccd6b828522a5342","user":{"id":"9a26976c-1532-4df3-a16e-7631525c8502","email":"testit4@gmail.com","username":"johndoe2d5","name":"John Doe","phoneNumber":"0123456212","profilePic":null,"bio":null,"private":false,"verified":false,"role":0,"followersCount":0,"followingCount":0,"postCount":0}}

16:12:29.301 [main] INFO com.intuit.karate -- [print] *** AFTER API CALL *** Status: 200 
16:12:29.301 [main] INFO com.intuit.karate -- [print] ### API CALL COMPLETED ### Email: testit4@gmail.com Status: 200 
16:12:29.302 [main] INFO com.intuit.karate -- [print] ### RESPONSE BODY ### {
  "access_token": "eyJhbGciOiJIUzI1NiIsInR5cCI6IkpXVCJ9.eyJzdWIiOiI5YTI2OTc2Yy0xNTMyLTRkZjMtYTE2ZS03NjMxNTI1Yzg1MDIiLCJ1c2VybmFtZSI6ImpvaG5kb2UyZDUiLCJyb2xlIjowLCJpYXQiOjE3NTA3NTYzNDksImV4cCI6MTc1MDc1OTk0OX0.biGtd0T0Vc-eTW_VOHVA7y13i7mEy1Ix-eQnDmlYgI8",
  "refresh_token": "dfebda6f3f0730dbb97f3c2284004038a0ea99af7d966e72ccd6b828522a5342",
  "user": {
    "id": "9a26976c-1532-4df3-a16e-7631525c8502",
    "email": "testit4@gmail.com",
    "username": "johndoe2d5",
    "name": "John Doe",
    "phoneNumber": "0123456212",
    "profilePic": null,
    "bio": null,
    "private": false,
    "verified": false,
    "role": 0,
    "followersCount": 0,
    "followingCount": 0,
    "postCount": 0
  }
}
 
16:12:29.302 [main] INFO com.intuit.karate -- Request #96 completed - Status: 200 Time: 271ms 
16:12:29.303 [main] INFO com.intuit.karate -- *** SEQUENTIAL REQUEST #97 *** 
16:12:29.303 [main] INFO com.intuit.karate -- User: testit3@gmail.com 
16:12:29.306 [main] INFO com.intuit.karate -- [print] *** BEFORE API CALL *** Email: testit3@gmail.com URL: http://localhost:3000/auth/login 
16:12:29.306 [main] DEBUG com.jayway.jsonpath.internal.path.CompiledPath -- Evaluating path: $
16:12:29.307 [main] INFO com.intuit.karate -- [print] *** SENDING REQUEST *** Body: {
  "email": "#(email)",
  "password": "#(password)"
}
 
16:12:29.307 [main] DEBUG org.apache.http.client.protocol.RequestAddCookies -- CookieSpec selected: karate
16:12:29.307 [main] DEBUG org.apache.http.client.protocol.RequestAuthCache -- Auth cache not set in the context
16:12:29.307 [main] DEBUG com.intuit.karate -- request:
1 > POST http://localhost:3000/auth/login
1 > Content-Type: application/json; charset=UTF-8
1 > Content-Length: 54
1 > Host: localhost:3000
1 > Connection: Keep-Alive
1 > User-Agent: Apache-HttpClient/4.5.14 (Java/17.0.9)
1 > Accept-Encoding: gzip,deflate
{"email":"testit3@gmail.com","password":"Password123"}

16:12:29.307 [main] DEBUG org.apache.http.impl.conn.PoolingHttpClientConnectionManager -- Connection request: [route: {}->http://localhost:3000][total available: 0; route allocated: 0 of 5; total allocated: 0 of 10]
16:12:29.307 [main] DEBUG org.apache.http.impl.conn.PoolingHttpClientConnectionManager -- Connection leased: [id: 96][route: {}->http://localhost:3000][total available: 0; route allocated: 1 of 5; total allocated: 1 of 10]
16:12:29.307 [main] DEBUG org.apache.http.impl.execchain.MainClientExec -- Opening connection {}->http://localhost:3000
16:12:29.308 [main] DEBUG org.apache.http.impl.conn.DefaultHttpClientConnectionOperator -- Connecting to localhost/127.0.0.1:3000
16:12:29.308 [main] DEBUG org.apache.http.impl.conn.DefaultHttpClientConnectionOperator -- Connection established 127.0.0.1:51140<->127.0.0.1:3000
16:12:29.308 [main] DEBUG org.apache.http.impl.conn.DefaultManagedHttpClientConnection -- http-outgoing-96: set socket timeout to 30000
16:12:29.308 [main] DEBUG org.apache.http.impl.execchain.MainClientExec -- Executing request POST /auth/login HTTP/1.1
16:12:29.308 [main] DEBUG org.apache.http.impl.execchain.MainClientExec -- Target auth state: UNCHALLENGED
16:12:29.308 [main] DEBUG org.apache.http.impl.execchain.MainClientExec -- Proxy auth state: UNCHALLENGED
16:12:29.308 [main] DEBUG org.apache.http.headers -- http-outgoing-96 >> POST /auth/login HTTP/1.1
16:12:29.308 [main] DEBUG org.apache.http.headers -- http-outgoing-96 >> Content-Type: application/json; charset=UTF-8
16:12:29.308 [main] DEBUG org.apache.http.headers -- http-outgoing-96 >> Content-Length: 54
16:12:29.308 [main] DEBUG org.apache.http.headers -- http-outgoing-96 >> Host: localhost:3000
16:12:29.308 [main] DEBUG org.apache.http.headers -- http-outgoing-96 >> Connection: Keep-Alive
16:12:29.308 [main] DEBUG org.apache.http.headers -- http-outgoing-96 >> User-Agent: Apache-HttpClient/4.5.14 (Java/17.0.9)
16:12:29.308 [main] DEBUG org.apache.http.headers -- http-outgoing-96 >> Accept-Encoding: gzip,deflate
16:12:29.308 [main] DEBUG org.apache.http.wire -- http-outgoing-96 >> "POST /auth/login HTTP/1.1[\r][\n]"
16:12:29.308 [main] DEBUG org.apache.http.wire -- http-outgoing-96 >> "Content-Type: application/json; charset=UTF-8[\r][\n]"
16:12:29.308 [main] DEBUG org.apache.http.wire -- http-outgoing-96 >> "Content-Length: 54[\r][\n]"
16:12:29.308 [main] DEBUG org.apache.http.wire -- http-outgoing-96 >> "Host: localhost:3000[\r][\n]"
16:12:29.308 [main] DEBUG org.apache.http.wire -- http-outgoing-96 >> "Connection: Keep-Alive[\r][\n]"
16:12:29.308 [main] DEBUG org.apache.http.wire -- http-outgoing-96 >> "User-Agent: Apache-HttpClient/4.5.14 (Java/17.0.9)[\r][\n]"
16:12:29.308 [main] DEBUG org.apache.http.wire -- http-outgoing-96 >> "Accept-Encoding: gzip,deflate[\r][\n]"
16:12:29.308 [main] DEBUG org.apache.http.wire -- http-outgoing-96 >> "[\r][\n]"
16:12:29.308 [main] DEBUG org.apache.http.wire -- http-outgoing-96 >> "{"email":"testit3@gmail.com","password":"Password123"}"
16:12:29.571 [main] DEBUG org.apache.http.wire -- http-outgoing-96 << "HTTP/1.1 200 OK[\r][\n]"
16:12:29.571 [main] DEBUG org.apache.http.wire -- http-outgoing-96 << "X-Powered-By: Express[\r][\n]"
16:12:29.571 [main] DEBUG org.apache.http.wire -- http-outgoing-96 << "Access-Control-Allow-Origin: *[\r][\n]"
16:12:29.571 [main] DEBUG org.apache.http.wire -- http-outgoing-96 << "Content-Type: application/json; charset=utf-8[\r][\n]"
16:12:29.571 [main] DEBUG org.apache.http.wire -- http-outgoing-96 << "Content-Length: 605[\r][\n]"
16:12:29.571 [main] DEBUG org.apache.http.wire -- http-outgoing-96 << "ETag: W/"25d-fw7QTf+HAfGWB2d5VT4oPYY19Wc"[\r][\n]"
16:12:29.571 [main] DEBUG org.apache.http.wire -- http-outgoing-96 << "Date: Tue, 24 Jun 2025 09:12:29 GMT[\r][\n]"
16:12:29.571 [main] DEBUG org.apache.http.wire -- http-outgoing-96 << "Connection: keep-alive[\r][\n]"
16:12:29.571 [main] DEBUG org.apache.http.wire -- http-outgoing-96 << "Keep-Alive: timeout=5[\r][\n]"
16:12:29.571 [main] DEBUG org.apache.http.wire -- http-outgoing-96 << "[\r][\n]"
16:12:29.571 [main] DEBUG org.apache.http.wire -- http-outgoing-96 << "{"access_token":"eyJhbGciOiJIUzI1NiIsInR5cCI6IkpXVCJ9.eyJzdWIiOiI2NTBjZTFlZC1hYWNhLTQzOGYtOTk4OC0xZjA1OGFiNWFhMWEiLCJ1c2VybmFtZSI6ImpvaG5kb2UyNSIsInJvbGUiOjAsImlhdCI6MTc1MDc1NjM0OSwiZXhwIjoxNzUwNzU5OTQ5fQ.UpostvkafOpGNoA7fvl78dDEExjH0cCK2dHVS-Dzozs","refresh_token":"d1cdeade432023e2a38d3fbd4b9d5aa3e4ea8999b47a316b59f4548d6e2768cf","user":{"id":"650ce1ed-aaca-438f-9988-1f058ab5aa1a","email":"testit3@gmail.com","username":"johndoe25","name":"John Doe","phoneNumber":"0123456713","profilePic":null,"bio":null,"private":false,"verified":false,"role":0,"followersCount":0,"followingCount":0,"postCount":0}}"
16:12:29.571 [main] DEBUG org.apache.http.headers -- http-outgoing-96 << HTTP/1.1 200 OK
16:12:29.571 [main] DEBUG org.apache.http.headers -- http-outgoing-96 << X-Powered-By: Express
16:12:29.571 [main] DEBUG org.apache.http.headers -- http-outgoing-96 << Access-Control-Allow-Origin: *
16:12:29.571 [main] DEBUG org.apache.http.headers -- http-outgoing-96 << Content-Type: application/json; charset=utf-8
16:12:29.571 [main] DEBUG org.apache.http.headers -- http-outgoing-96 << Content-Length: 605
16:12:29.571 [main] DEBUG org.apache.http.headers -- http-outgoing-96 << ETag: W/"25d-fw7QTf+HAfGWB2d5VT4oPYY19Wc"
16:12:29.571 [main] DEBUG org.apache.http.headers -- http-outgoing-96 << Date: Tue, 24 Jun 2025 09:12:29 GMT
16:12:29.571 [main] DEBUG org.apache.http.headers -- http-outgoing-96 << Connection: keep-alive
16:12:29.571 [main] DEBUG org.apache.http.headers -- http-outgoing-96 << Keep-Alive: timeout=5
16:12:29.571 [main] DEBUG org.apache.http.impl.execchain.MainClientExec -- Connection can be kept alive for 5000 MILLISECONDS
16:12:29.571 [main] DEBUG org.apache.http.impl.conn.PoolingHttpClientConnectionManager -- Connection [id: 96][route: {}->http://localhost:3000] can be kept alive for 5.0 seconds
16:12:29.571 [main] DEBUG org.apache.http.impl.conn.DefaultManagedHttpClientConnection -- http-outgoing-96: set socket timeout to 0
16:12:29.571 [main] DEBUG org.apache.http.impl.conn.PoolingHttpClientConnectionManager -- Connection released: [id: 96][route: {}->http://localhost:3000][total available: 1; route allocated: 1 of 5; total allocated: 1 of 10]
16:12:29.571 [main] DEBUG org.apache.http.impl.conn.PoolingHttpClientConnectionManager -- Connection manager is shutting down
16:12:29.571 [main] DEBUG org.apache.http.impl.conn.DefaultManagedHttpClientConnection -- http-outgoing-96: Close connection
16:12:29.571 [main] DEBUG org.apache.http.impl.conn.PoolingHttpClientConnectionManager -- Connection manager shut down
16:12:29.571 [main] DEBUG com.intuit.karate -- response time in milliseconds: 264
1 < 200
1 < X-Powered-By: Express
1 < Access-Control-Allow-Origin: *
1 < Content-Type: application/json; charset=utf-8
1 < Content-Length: 605
1 < ETag: W/"25d-fw7QTf+HAfGWB2d5VT4oPYY19Wc"
1 < Date: Tue, 24 Jun 2025 09:12:29 GMT
1 < Connection: keep-alive
1 < Keep-Alive: timeout=5
{"access_token":"eyJhbGciOiJIUzI1NiIsInR5cCI6IkpXVCJ9.eyJzdWIiOiI2NTBjZTFlZC1hYWNhLTQzOGYtOTk4OC0xZjA1OGFiNWFhMWEiLCJ1c2VybmFtZSI6ImpvaG5kb2UyNSIsInJvbGUiOjAsImlhdCI6MTc1MDc1NjM0OSwiZXhwIjoxNzUwNzU5OTQ5fQ.UpostvkafOpGNoA7fvl78dDEExjH0cCK2dHVS-Dzozs","refresh_token":"d1cdeade432023e2a38d3fbd4b9d5aa3e4ea8999b47a316b59f4548d6e2768cf","user":{"id":"650ce1ed-aaca-438f-9988-1f058ab5aa1a","email":"testit3@gmail.com","username":"johndoe25","name":"John Doe","phoneNumber":"0123456713","profilePic":null,"bio":null,"private":false,"verified":false,"role":0,"followersCount":0,"followingCount":0,"postCount":0}}

16:12:29.571 [main] INFO com.intuit.karate -- [print] *** AFTER API CALL *** Status: 200 
16:12:29.573 [main] INFO com.intuit.karate -- [print] ### API CALL COMPLETED ### Email: testit3@gmail.com Status: 200 
16:12:29.573 [main] INFO com.intuit.karate -- [print] ### RESPONSE BODY ### {
  "access_token": "eyJhbGciOiJIUzI1NiIsInR5cCI6IkpXVCJ9.eyJzdWIiOiI2NTBjZTFlZC1hYWNhLTQzOGYtOTk4OC0xZjA1OGFiNWFhMWEiLCJ1c2VybmFtZSI6ImpvaG5kb2UyNSIsInJvbGUiOjAsImlhdCI6MTc1MDc1NjM0OSwiZXhwIjoxNzUwNzU5OTQ5fQ.UpostvkafOpGNoA7fvl78dDEExjH0cCK2dHVS-Dzozs",
  "refresh_token": "d1cdeade432023e2a38d3fbd4b9d5aa3e4ea8999b47a316b59f4548d6e2768cf",
  "user": {
    "id": "650ce1ed-aaca-438f-9988-1f058ab5aa1a",
    "email": "testit3@gmail.com",
    "username": "johndoe25",
    "name": "John Doe",
    "phoneNumber": "0123456713",
    "profilePic": null,
    "bio": null,
    "private": false,
    "verified": false,
    "role": 0,
    "followersCount": 0,
    "followingCount": 0,
    "postCount": 0
  }
}
 
16:12:29.574 [main] INFO com.intuit.karate -- Request #97 completed - Status: 200 Time: 270ms 
16:12:29.574 [main] INFO com.intuit.karate -- *** SEQUENTIAL REQUEST #98 *** 
16:12:29.574 [main] INFO com.intuit.karate -- User: testit5@gmail.com 
16:12:29.578 [main] INFO com.intuit.karate -- [print] *** BEFORE API CALL *** Email: testit5@gmail.com URL: http://localhost:3000/auth/login 
16:12:29.578 [main] DEBUG com.jayway.jsonpath.internal.path.CompiledPath -- Evaluating path: $
16:12:29.579 [main] INFO com.intuit.karate -- [print] *** SENDING REQUEST *** Body: {
  "email": "#(email)",
  "password": "#(password)"
}
 
16:12:29.579 [main] DEBUG org.apache.http.client.protocol.RequestAddCookies -- CookieSpec selected: karate
16:12:29.579 [main] DEBUG org.apache.http.client.protocol.RequestAuthCache -- Auth cache not set in the context
16:12:29.579 [main] DEBUG com.intuit.karate -- request:
1 > POST http://localhost:3000/auth/login
1 > Content-Type: application/json; charset=UTF-8
1 > Content-Length: 54
1 > Host: localhost:3000
1 > Connection: Keep-Alive
1 > User-Agent: Apache-HttpClient/4.5.14 (Java/17.0.9)
1 > Accept-Encoding: gzip,deflate
{"email":"testit5@gmail.com","password":"Password123"}

16:12:29.579 [main] DEBUG org.apache.http.impl.conn.PoolingHttpClientConnectionManager -- Connection request: [route: {}->http://localhost:3000][total available: 0; route allocated: 0 of 5; total allocated: 0 of 10]
16:12:29.579 [main] DEBUG org.apache.http.impl.conn.PoolingHttpClientConnectionManager -- Connection leased: [id: 97][route: {}->http://localhost:3000][total available: 0; route allocated: 1 of 5; total allocated: 1 of 10]
16:12:29.579 [main] DEBUG org.apache.http.impl.execchain.MainClientExec -- Opening connection {}->http://localhost:3000
16:12:29.580 [main] DEBUG org.apache.http.impl.conn.DefaultHttpClientConnectionOperator -- Connecting to localhost/127.0.0.1:3000
16:12:29.580 [main] DEBUG org.apache.http.impl.conn.DefaultHttpClientConnectionOperator -- Connection established 127.0.0.1:51141<->127.0.0.1:3000
16:12:29.580 [main] DEBUG org.apache.http.impl.conn.DefaultManagedHttpClientConnection -- http-outgoing-97: set socket timeout to 30000
16:12:29.580 [main] DEBUG org.apache.http.impl.execchain.MainClientExec -- Executing request POST /auth/login HTTP/1.1
16:12:29.580 [main] DEBUG org.apache.http.impl.execchain.MainClientExec -- Target auth state: UNCHALLENGED
16:12:29.580 [main] DEBUG org.apache.http.impl.execchain.MainClientExec -- Proxy auth state: UNCHALLENGED
16:12:29.580 [main] DEBUG org.apache.http.headers -- http-outgoing-97 >> POST /auth/login HTTP/1.1
16:12:29.580 [main] DEBUG org.apache.http.headers -- http-outgoing-97 >> Content-Type: application/json; charset=UTF-8
16:12:29.580 [main] DEBUG org.apache.http.headers -- http-outgoing-97 >> Content-Length: 54
16:12:29.580 [main] DEBUG org.apache.http.headers -- http-outgoing-97 >> Host: localhost:3000
16:12:29.580 [main] DEBUG org.apache.http.headers -- http-outgoing-97 >> Connection: Keep-Alive
16:12:29.580 [main] DEBUG org.apache.http.headers -- http-outgoing-97 >> User-Agent: Apache-HttpClient/4.5.14 (Java/17.0.9)
16:12:29.580 [main] DEBUG org.apache.http.headers -- http-outgoing-97 >> Accept-Encoding: gzip,deflate
16:12:29.580 [main] DEBUG org.apache.http.wire -- http-outgoing-97 >> "POST /auth/login HTTP/1.1[\r][\n]"
16:12:29.580 [main] DEBUG org.apache.http.wire -- http-outgoing-97 >> "Content-Type: application/json; charset=UTF-8[\r][\n]"
16:12:29.580 [main] DEBUG org.apache.http.wire -- http-outgoing-97 >> "Content-Length: 54[\r][\n]"
16:12:29.580 [main] DEBUG org.apache.http.wire -- http-outgoing-97 >> "Host: localhost:3000[\r][\n]"
16:12:29.580 [main] DEBUG org.apache.http.wire -- http-outgoing-97 >> "Connection: Keep-Alive[\r][\n]"
16:12:29.580 [main] DEBUG org.apache.http.wire -- http-outgoing-97 >> "User-Agent: Apache-HttpClient/4.5.14 (Java/17.0.9)[\r][\n]"
16:12:29.580 [main] DEBUG org.apache.http.wire -- http-outgoing-97 >> "Accept-Encoding: gzip,deflate[\r][\n]"
16:12:29.580 [main] DEBUG org.apache.http.wire -- http-outgoing-97 >> "[\r][\n]"
16:12:29.580 [main] DEBUG org.apache.http.wire -- http-outgoing-97 >> "{"email":"testit5@gmail.com","password":"Password123"}"
16:12:29.845 [main] DEBUG org.apache.http.wire -- http-outgoing-97 << "HTTP/1.1 200 OK[\r][\n]"
16:12:29.845 [main] DEBUG org.apache.http.wire -- http-outgoing-97 << "X-Powered-By: Express[\r][\n]"
16:12:29.845 [main] DEBUG org.apache.http.wire -- http-outgoing-97 << "Access-Control-Allow-Origin: *[\r][\n]"
16:12:29.845 [main] DEBUG org.apache.http.wire -- http-outgoing-97 << "Content-Type: application/json; charset=utf-8[\r][\n]"
16:12:29.845 [main] DEBUG org.apache.http.wire -- http-outgoing-97 << "Content-Length: 609[\r][\n]"
16:12:29.845 [main] DEBUG org.apache.http.wire -- http-outgoing-97 << "ETag: W/"261-UKsiJu2Dfxu8t5szKdcKzYQGka4"[\r][\n]"
16:12:29.845 [main] DEBUG org.apache.http.wire -- http-outgoing-97 << "Date: Tue, 24 Jun 2025 09:12:29 GMT[\r][\n]"
16:12:29.845 [main] DEBUG org.apache.http.wire -- http-outgoing-97 << "Connection: keep-alive[\r][\n]"
16:12:29.845 [main] DEBUG org.apache.http.wire -- http-outgoing-97 << "Keep-Alive: timeout=5[\r][\n]"
16:12:29.845 [main] DEBUG org.apache.http.wire -- http-outgoing-97 << "[\r][\n]"
16:12:29.845 [main] DEBUG org.apache.http.wire -- http-outgoing-97 << "{"access_token":"eyJhbGciOiJIUzI1NiIsInR5cCI6IkpXVCJ9.eyJzdWIiOiIyNzJmNmI1NS01MTc5LTRhZTMtODU2My1iNGVjMTBmNzY3MTUiLCJ1c2VybmFtZSI6ImpvaG5kb2UyZDVkIiwicm9sZSI6MCwiaWF0IjoxNzUwNzU2MzQ5LCJleHAiOjE3NTA3NTk5NDl9.LsLgP_pnkpapjOJg6EoiLocN0w8AJ7LrK6FcDY9hZeo","refresh_token":"bdf928fa97db8a2415e8599ec901afa0352932324da062410084278bb6649f5d","user":{"id":"272f6b55-5179-4ae3-8563-b4ec10f76715","email":"testit5@gmail.com","username":"johndoe2d5d","name":"John Doe","phoneNumber":"0123456132","profilePic":null,"bio":null,"private":false,"verified":false,"role":0,"followersCount":0,"followingCount":0,"postCount":0}}"
16:12:29.845 [main] DEBUG org.apache.http.headers -- http-outgoing-97 << HTTP/1.1 200 OK
16:12:29.845 [main] DEBUG org.apache.http.headers -- http-outgoing-97 << X-Powered-By: Express
16:12:29.845 [main] DEBUG org.apache.http.headers -- http-outgoing-97 << Access-Control-Allow-Origin: *
16:12:29.845 [main] DEBUG org.apache.http.headers -- http-outgoing-97 << Content-Type: application/json; charset=utf-8
16:12:29.845 [main] DEBUG org.apache.http.headers -- http-outgoing-97 << Content-Length: 609
16:12:29.845 [main] DEBUG org.apache.http.headers -- http-outgoing-97 << ETag: W/"261-UKsiJu2Dfxu8t5szKdcKzYQGka4"
16:12:29.845 [main] DEBUG org.apache.http.headers -- http-outgoing-97 << Date: Tue, 24 Jun 2025 09:12:29 GMT
16:12:29.845 [main] DEBUG org.apache.http.headers -- http-outgoing-97 << Connection: keep-alive
16:12:29.845 [main] DEBUG org.apache.http.headers -- http-outgoing-97 << Keep-Alive: timeout=5
16:12:29.845 [main] DEBUG org.apache.http.impl.execchain.MainClientExec -- Connection can be kept alive for 5000 MILLISECONDS
16:12:29.846 [main] DEBUG org.apache.http.impl.conn.PoolingHttpClientConnectionManager -- Connection [id: 97][route: {}->http://localhost:3000] can be kept alive for 5.0 seconds
16:12:29.846 [main] DEBUG org.apache.http.impl.conn.DefaultManagedHttpClientConnection -- http-outgoing-97: set socket timeout to 0
16:12:29.846 [main] DEBUG org.apache.http.impl.conn.PoolingHttpClientConnectionManager -- Connection released: [id: 97][route: {}->http://localhost:3000][total available: 1; route allocated: 1 of 5; total allocated: 1 of 10]
16:12:29.846 [main] DEBUG org.apache.http.impl.conn.PoolingHttpClientConnectionManager -- Connection manager is shutting down
16:12:29.846 [main] DEBUG org.apache.http.impl.conn.DefaultManagedHttpClientConnection -- http-outgoing-97: Close connection
16:12:29.846 [main] DEBUG org.apache.http.impl.conn.PoolingHttpClientConnectionManager -- Connection manager shut down
16:12:29.846 [main] DEBUG com.intuit.karate -- response time in milliseconds: 267
1 < 200
1 < X-Powered-By: Express
1 < Access-Control-Allow-Origin: *
1 < Content-Type: application/json; charset=utf-8
1 < Content-Length: 609
1 < ETag: W/"261-UKsiJu2Dfxu8t5szKdcKzYQGka4"
1 < Date: Tue, 24 Jun 2025 09:12:29 GMT
1 < Connection: keep-alive
1 < Keep-Alive: timeout=5
{"access_token":"eyJhbGciOiJIUzI1NiIsInR5cCI6IkpXVCJ9.eyJzdWIiOiIyNzJmNmI1NS01MTc5LTRhZTMtODU2My1iNGVjMTBmNzY3MTUiLCJ1c2VybmFtZSI6ImpvaG5kb2UyZDVkIiwicm9sZSI6MCwiaWF0IjoxNzUwNzU2MzQ5LCJleHAiOjE3NTA3NTk5NDl9.LsLgP_pnkpapjOJg6EoiLocN0w8AJ7LrK6FcDY9hZeo","refresh_token":"bdf928fa97db8a2415e8599ec901afa0352932324da062410084278bb6649f5d","user":{"id":"272f6b55-5179-4ae3-8563-b4ec10f76715","email":"testit5@gmail.com","username":"johndoe2d5d","name":"John Doe","phoneNumber":"0123456132","profilePic":null,"bio":null,"private":false,"verified":false,"role":0,"followersCount":0,"followingCount":0,"postCount":0}}

16:12:29.847 [main] INFO com.intuit.karate -- [print] *** AFTER API CALL *** Status: 200 
16:12:29.847 [main] INFO com.intuit.karate -- [print] ### API CALL COMPLETED ### Email: testit5@gmail.com Status: 200 
16:12:29.847 [main] INFO com.intuit.karate -- [print] ### RESPONSE BODY ### {
  "access_token": "eyJhbGciOiJIUzI1NiIsInR5cCI6IkpXVCJ9.eyJzdWIiOiIyNzJmNmI1NS01MTc5LTRhZTMtODU2My1iNGVjMTBmNzY3MTUiLCJ1c2VybmFtZSI6ImpvaG5kb2UyZDVkIiwicm9sZSI6MCwiaWF0IjoxNzUwNzU2MzQ5LCJleHAiOjE3NTA3NTk5NDl9.LsLgP_pnkpapjOJg6EoiLocN0w8AJ7LrK6FcDY9hZeo",
  "refresh_token": "bdf928fa97db8a2415e8599ec901afa0352932324da062410084278bb6649f5d",
  "user": {
    "id": "272f6b55-5179-4ae3-8563-b4ec10f76715",
    "email": "testit5@gmail.com",
    "username": "johndoe2d5d",
    "name": "John Doe",
    "phoneNumber": "0123456132",
    "profilePic": null,
    "bio": null,
    "private": false,
    "verified": false,
    "role": 0,
    "followersCount": 0,
    "followingCount": 0,
    "postCount": 0
  }
}
 
16:12:29.847 [main] INFO com.intuit.karate -- Request #98 completed - Status: 200 Time: 273ms 
16:12:29.848 [main] INFO com.intuit.karate -- *** SEQUENTIAL REQUEST #99 *** 
16:12:29.848 [main] INFO com.intuit.karate -- User: testit@gmail.com 
16:12:29.852 [main] INFO com.intuit.karate -- [print] *** BEFORE API CALL *** Email: testit@gmail.com URL: http://localhost:3000/auth/login 
16:12:29.852 [main] DEBUG com.jayway.jsonpath.internal.path.CompiledPath -- Evaluating path: $
16:12:29.852 [main] INFO com.intuit.karate -- [print] *** SENDING REQUEST *** Body: {
  "email": "#(email)",
  "password": "#(password)"
}
 
16:12:29.853 [main] DEBUG org.apache.http.client.protocol.RequestAddCookies -- CookieSpec selected: karate
16:12:29.853 [main] DEBUG org.apache.http.client.protocol.RequestAuthCache -- Auth cache not set in the context
16:12:29.853 [main] DEBUG com.intuit.karate -- request:
1 > POST http://localhost:3000/auth/login
1 > Content-Type: application/json; charset=UTF-8
1 > Content-Length: 53
1 > Host: localhost:3000
1 > Connection: Keep-Alive
1 > User-Agent: Apache-HttpClient/4.5.14 (Java/17.0.9)
1 > Accept-Encoding: gzip,deflate
{"email":"testit@gmail.com","password":"Password123"}

16:12:29.853 [main] DEBUG org.apache.http.impl.conn.PoolingHttpClientConnectionManager -- Connection request: [route: {}->http://localhost:3000][total available: 0; route allocated: 0 of 5; total allocated: 0 of 10]
16:12:29.853 [main] DEBUG org.apache.http.impl.conn.PoolingHttpClientConnectionManager -- Connection leased: [id: 98][route: {}->http://localhost:3000][total available: 0; route allocated: 1 of 5; total allocated: 1 of 10]
16:12:29.853 [main] DEBUG org.apache.http.impl.execchain.MainClientExec -- Opening connection {}->http://localhost:3000
16:12:29.854 [main] DEBUG org.apache.http.impl.conn.DefaultHttpClientConnectionOperator -- Connecting to localhost/127.0.0.1:3000
16:12:29.854 [main] DEBUG org.apache.http.impl.conn.DefaultHttpClientConnectionOperator -- Connection established 127.0.0.1:51142<->127.0.0.1:3000
16:12:29.854 [main] DEBUG org.apache.http.impl.conn.DefaultManagedHttpClientConnection -- http-outgoing-98: set socket timeout to 30000
16:12:29.854 [main] DEBUG org.apache.http.impl.execchain.MainClientExec -- Executing request POST /auth/login HTTP/1.1
16:12:29.854 [main] DEBUG org.apache.http.impl.execchain.MainClientExec -- Target auth state: UNCHALLENGED
16:12:29.854 [main] DEBUG org.apache.http.impl.execchain.MainClientExec -- Proxy auth state: UNCHALLENGED
16:12:29.855 [main] DEBUG org.apache.http.headers -- http-outgoing-98 >> POST /auth/login HTTP/1.1
16:12:29.855 [main] DEBUG org.apache.http.headers -- http-outgoing-98 >> Content-Type: application/json; charset=UTF-8
16:12:29.855 [main] DEBUG org.apache.http.headers -- http-outgoing-98 >> Content-Length: 53
16:12:29.855 [main] DEBUG org.apache.http.headers -- http-outgoing-98 >> Host: localhost:3000
16:12:29.855 [main] DEBUG org.apache.http.headers -- http-outgoing-98 >> Connection: Keep-Alive
16:12:29.855 [main] DEBUG org.apache.http.headers -- http-outgoing-98 >> User-Agent: Apache-HttpClient/4.5.14 (Java/17.0.9)
16:12:29.855 [main] DEBUG org.apache.http.headers -- http-outgoing-98 >> Accept-Encoding: gzip,deflate
16:12:29.855 [main] DEBUG org.apache.http.wire -- http-outgoing-98 >> "POST /auth/login HTTP/1.1[\r][\n]"
16:12:29.855 [main] DEBUG org.apache.http.wire -- http-outgoing-98 >> "Content-Type: application/json; charset=UTF-8[\r][\n]"
16:12:29.855 [main] DEBUG org.apache.http.wire -- http-outgoing-98 >> "Content-Length: 53[\r][\n]"
16:12:29.855 [main] DEBUG org.apache.http.wire -- http-outgoing-98 >> "Host: localhost:3000[\r][\n]"
16:12:29.855 [main] DEBUG org.apache.http.wire -- http-outgoing-98 >> "Connection: Keep-Alive[\r][\n]"
16:12:29.855 [main] DEBUG org.apache.http.wire -- http-outgoing-98 >> "User-Agent: Apache-HttpClient/4.5.14 (Java/17.0.9)[\r][\n]"
16:12:29.855 [main] DEBUG org.apache.http.wire -- http-outgoing-98 >> "Accept-Encoding: gzip,deflate[\r][\n]"
16:12:29.855 [main] DEBUG org.apache.http.wire -- http-outgoing-98 >> "[\r][\n]"
16:12:29.855 [main] DEBUG org.apache.http.wire -- http-outgoing-98 >> "{"email":"testit@gmail.com","password":"Password123"}"
16:12:30.141 [main] DEBUG org.apache.http.wire -- http-outgoing-98 << "HTTP/1.1 200 OK[\r][\n]"
16:12:30.141 [main] DEBUG org.apache.http.wire -- http-outgoing-98 << "X-Powered-By: Express[\r][\n]"
16:12:30.141 [main] DEBUG org.apache.http.wire -- http-outgoing-98 << "Access-Control-Allow-Origin: *[\r][\n]"
16:12:30.141 [main] DEBUG org.apache.http.wire -- http-outgoing-98 << "Content-Type: application/json; charset=utf-8[\r][\n]"
16:12:30.141 [main] DEBUG org.apache.http.wire -- http-outgoing-98 << "Content-Length: 604[\r][\n]"
16:12:30.141 [main] DEBUG org.apache.http.wire -- http-outgoing-98 << "ETag: W/"25c-jiK3+mv0mfUxSJV9YNWrTZf7+mg"[\r][\n]"
16:12:30.141 [main] DEBUG org.apache.http.wire -- http-outgoing-98 << "Date: Tue, 24 Jun 2025 09:12:30 GMT[\r][\n]"
16:12:30.141 [main] DEBUG org.apache.http.wire -- http-outgoing-98 << "Connection: keep-alive[\r][\n]"
16:12:30.141 [main] DEBUG org.apache.http.wire -- http-outgoing-98 << "Keep-Alive: timeout=5[\r][\n]"
16:12:30.141 [main] DEBUG org.apache.http.wire -- http-outgoing-98 << "[\r][\n]"
16:12:30.141 [main] DEBUG org.apache.http.wire -- http-outgoing-98 << "{"access_token":"eyJhbGciOiJIUzI1NiIsInR5cCI6IkpXVCJ9.eyJzdWIiOiJkZjZmMDkxOS1hMjNkLTQ0YzktYTkyNS00ZWE4YmU1MjVkMTAiLCJ1c2VybmFtZSI6ImpvaG5kb2UyMyIsInJvbGUiOjAsImlhdCI6MTc1MDc1NjM1MCwiZXhwIjoxNzUwNzU5OTUwfQ.Rj0D5JvEfUXY_tXuBlQsLx5OIXwo0FAk-CW9osjQYgM","refresh_token":"71b790faadef7bb808bba6bea095b8dc96316244665219af0afe4c58467319f5","user":{"id":"df6f0919-a23d-44c9-a925-4ea8be525d10","email":"testit@gmail.com","username":"johndoe23","name":"John Doe","phoneNumber":"0123456788","profilePic":null,"bio":null,"private":false,"verified":false,"role":0,"followersCount":0,"followingCount":0,"postCount":0}}"
16:12:30.141 [main] DEBUG org.apache.http.headers -- http-outgoing-98 << HTTP/1.1 200 OK
16:12:30.141 [main] DEBUG org.apache.http.headers -- http-outgoing-98 << X-Powered-By: Express
16:12:30.141 [main] DEBUG org.apache.http.headers -- http-outgoing-98 << Access-Control-Allow-Origin: *
16:12:30.141 [main] DEBUG org.apache.http.headers -- http-outgoing-98 << Content-Type: application/json; charset=utf-8
16:12:30.141 [main] DEBUG org.apache.http.headers -- http-outgoing-98 << Content-Length: 604
16:12:30.141 [main] DEBUG org.apache.http.headers -- http-outgoing-98 << ETag: W/"25c-jiK3+mv0mfUxSJV9YNWrTZf7+mg"
16:12:30.141 [main] DEBUG org.apache.http.headers -- http-outgoing-98 << Date: Tue, 24 Jun 2025 09:12:30 GMT
16:12:30.141 [main] DEBUG org.apache.http.headers -- http-outgoing-98 << Connection: keep-alive
16:12:30.141 [main] DEBUG org.apache.http.headers -- http-outgoing-98 << Keep-Alive: timeout=5
16:12:30.142 [main] DEBUG org.apache.http.impl.execchain.MainClientExec -- Connection can be kept alive for 5000 MILLISECONDS
16:12:30.142 [main] DEBUG org.apache.http.impl.conn.PoolingHttpClientConnectionManager -- Connection [id: 98][route: {}->http://localhost:3000] can be kept alive for 5.0 seconds
16:12:30.142 [main] DEBUG org.apache.http.impl.conn.DefaultManagedHttpClientConnection -- http-outgoing-98: set socket timeout to 0
16:12:30.142 [main] DEBUG org.apache.http.impl.conn.PoolingHttpClientConnectionManager -- Connection released: [id: 98][route: {}->http://localhost:3000][total available: 1; route allocated: 1 of 5; total allocated: 1 of 10]
16:12:30.142 [main] DEBUG org.apache.http.impl.conn.PoolingHttpClientConnectionManager -- Connection manager is shutting down
16:12:30.142 [main] DEBUG org.apache.http.impl.conn.DefaultManagedHttpClientConnection -- http-outgoing-98: Close connection
16:12:30.142 [main] DEBUG org.apache.http.impl.conn.PoolingHttpClientConnectionManager -- Connection manager shut down
16:12:30.142 [main] DEBUG com.intuit.karate -- response time in milliseconds: 289
1 < 200
1 < X-Powered-By: Express
1 < Access-Control-Allow-Origin: *
1 < Content-Type: application/json; charset=utf-8
1 < Content-Length: 604
1 < ETag: W/"25c-jiK3+mv0mfUxSJV9YNWrTZf7+mg"
1 < Date: Tue, 24 Jun 2025 09:12:30 GMT
1 < Connection: keep-alive
1 < Keep-Alive: timeout=5
{"access_token":"eyJhbGciOiJIUzI1NiIsInR5cCI6IkpXVCJ9.eyJzdWIiOiJkZjZmMDkxOS1hMjNkLTQ0YzktYTkyNS00ZWE4YmU1MjVkMTAiLCJ1c2VybmFtZSI6ImpvaG5kb2UyMyIsInJvbGUiOjAsImlhdCI6MTc1MDc1NjM1MCwiZXhwIjoxNzUwNzU5OTUwfQ.Rj0D5JvEfUXY_tXuBlQsLx5OIXwo0FAk-CW9osjQYgM","refresh_token":"71b790faadef7bb808bba6bea095b8dc96316244665219af0afe4c58467319f5","user":{"id":"df6f0919-a23d-44c9-a925-4ea8be525d10","email":"testit@gmail.com","username":"johndoe23","name":"John Doe","phoneNumber":"0123456788","profilePic":null,"bio":null,"private":false,"verified":false,"role":0,"followersCount":0,"followingCount":0,"postCount":0}}

16:12:30.142 [main] INFO com.intuit.karate -- [print] *** AFTER API CALL *** Status: 200 
16:12:30.142 [main] INFO com.intuit.karate -- [print] ### API CALL COMPLETED ### Email: testit@gmail.com Status: 200 
16:12:30.142 [main] INFO com.intuit.karate -- [print] ### RESPONSE BODY ### {
  "access_token": "eyJhbGciOiJIUzI1NiIsInR5cCI6IkpXVCJ9.eyJzdWIiOiJkZjZmMDkxOS1hMjNkLTQ0YzktYTkyNS00ZWE4YmU1MjVkMTAiLCJ1c2VybmFtZSI6ImpvaG5kb2UyMyIsInJvbGUiOjAsImlhdCI6MTc1MDc1NjM1MCwiZXhwIjoxNzUwNzU5OTUwfQ.Rj0D5JvEfUXY_tXuBlQsLx5OIXwo0FAk-CW9osjQYgM",
  "refresh_token": "71b790faadef7bb808bba6bea095b8dc96316244665219af0afe4c58467319f5",
  "user": {
    "id": "df6f0919-a23d-44c9-a925-4ea8be525d10",
    "email": "testit@gmail.com",
    "username": "johndoe23",
    "name": "John Doe",
    "phoneNumber": "0123456788",
    "profilePic": null,
    "bio": null,
    "private": false,
    "verified": false,
    "role": 0,
    "followersCount": 0,
    "followingCount": 0,
    "postCount": 0
  }
}
 
16:12:30.143 [main] INFO com.intuit.karate -- Request #99 completed - Status: 200 Time: 295ms 
16:12:30.143 [main] INFO com.intuit.karate -- *** SEQUENTIAL REQUEST #100 *** 
16:12:30.143 [main] INFO com.intuit.karate -- User: testit2@gmail.com 
16:12:30.146 [main] INFO com.intuit.karate -- [print] *** BEFORE API CALL *** Email: testit2@gmail.com URL: http://localhost:3000/auth/login 
16:12:30.146 [main] DEBUG com.jayway.jsonpath.internal.path.CompiledPath -- Evaluating path: $
16:12:30.147 [main] INFO com.intuit.karate -- [print] *** SENDING REQUEST *** Body: {
  "email": "#(email)",
  "password": "#(password)"
}
 
16:12:30.148 [main] DEBUG org.apache.http.client.protocol.RequestAddCookies -- CookieSpec selected: karate
16:12:30.148 [main] DEBUG org.apache.http.client.protocol.RequestAuthCache -- Auth cache not set in the context
16:12:30.148 [main] DEBUG com.intuit.karate -- request:
1 > POST http://localhost:3000/auth/login
1 > Content-Type: application/json; charset=UTF-8
1 > Content-Length: 54
1 > Host: localhost:3000
1 > Connection: Keep-Alive
1 > User-Agent: Apache-HttpClient/4.5.14 (Java/17.0.9)
1 > Accept-Encoding: gzip,deflate
{"email":"testit2@gmail.com","password":"Password123"}

16:12:30.148 [main] DEBUG org.apache.http.impl.conn.PoolingHttpClientConnectionManager -- Connection request: [route: {}->http://localhost:3000][total available: 0; route allocated: 0 of 5; total allocated: 0 of 10]
16:12:30.148 [main] DEBUG org.apache.http.impl.conn.PoolingHttpClientConnectionManager -- Connection leased: [id: 99][route: {}->http://localhost:3000][total available: 0; route allocated: 1 of 5; total allocated: 1 of 10]
16:12:30.148 [main] DEBUG org.apache.http.impl.execchain.MainClientExec -- Opening connection {}->http://localhost:3000
16:12:30.148 [main] DEBUG org.apache.http.impl.conn.DefaultHttpClientConnectionOperator -- Connecting to localhost/127.0.0.1:3000
16:12:30.148 [main] DEBUG org.apache.http.impl.conn.DefaultHttpClientConnectionOperator -- Connection established 127.0.0.1:51143<->127.0.0.1:3000
16:12:30.148 [main] DEBUG org.apache.http.impl.conn.DefaultManagedHttpClientConnection -- http-outgoing-99: set socket timeout to 30000
16:12:30.148 [main] DEBUG org.apache.http.impl.execchain.MainClientExec -- Executing request POST /auth/login HTTP/1.1
16:12:30.148 [main] DEBUG org.apache.http.impl.execchain.MainClientExec -- Target auth state: UNCHALLENGED
16:12:30.148 [main] DEBUG org.apache.http.impl.execchain.MainClientExec -- Proxy auth state: UNCHALLENGED
16:12:30.148 [main] DEBUG org.apache.http.headers -- http-outgoing-99 >> POST /auth/login HTTP/1.1
16:12:30.148 [main] DEBUG org.apache.http.headers -- http-outgoing-99 >> Content-Type: application/json; charset=UTF-8
16:12:30.148 [main] DEBUG org.apache.http.headers -- http-outgoing-99 >> Content-Length: 54
16:12:30.148 [main] DEBUG org.apache.http.headers -- http-outgoing-99 >> Host: localhost:3000
16:12:30.148 [main] DEBUG org.apache.http.headers -- http-outgoing-99 >> Connection: Keep-Alive
16:12:30.148 [main] DEBUG org.apache.http.headers -- http-outgoing-99 >> User-Agent: Apache-HttpClient/4.5.14 (Java/17.0.9)
16:12:30.148 [main] DEBUG org.apache.http.headers -- http-outgoing-99 >> Accept-Encoding: gzip,deflate
16:12:30.148 [main] DEBUG org.apache.http.wire -- http-outgoing-99 >> "POST /auth/login HTTP/1.1[\r][\n]"
16:12:30.148 [main] DEBUG org.apache.http.wire -- http-outgoing-99 >> "Content-Type: application/json; charset=UTF-8[\r][\n]"
16:12:30.148 [main] DEBUG org.apache.http.wire -- http-outgoing-99 >> "Content-Length: 54[\r][\n]"
16:12:30.148 [main] DEBUG org.apache.http.wire -- http-outgoing-99 >> "Host: localhost:3000[\r][\n]"
16:12:30.148 [main] DEBUG org.apache.http.wire -- http-outgoing-99 >> "Connection: Keep-Alive[\r][\n]"
16:12:30.148 [main] DEBUG org.apache.http.wire -- http-outgoing-99 >> "User-Agent: Apache-HttpClient/4.5.14 (Java/17.0.9)[\r][\n]"
16:12:30.148 [main] DEBUG org.apache.http.wire -- http-outgoing-99 >> "Accept-Encoding: gzip,deflate[\r][\n]"
16:12:30.148 [main] DEBUG org.apache.http.wire -- http-outgoing-99 >> "[\r][\n]"
16:12:30.148 [main] DEBUG org.apache.http.wire -- http-outgoing-99 >> "{"email":"testit2@gmail.com","password":"Password123"}"
16:12:30.410 [main] DEBUG org.apache.http.wire -- http-outgoing-99 << "HTTP/1.1 200 OK[\r][\n]"
16:12:30.410 [main] DEBUG org.apache.http.wire -- http-outgoing-99 << "X-Powered-By: Express[\r][\n]"
16:12:30.410 [main] DEBUG org.apache.http.wire -- http-outgoing-99 << "Access-Control-Allow-Origin: *[\r][\n]"
16:12:30.410 [main] DEBUG org.apache.http.wire -- http-outgoing-99 << "Content-Type: application/json; charset=utf-8[\r][\n]"
16:12:30.410 [main] DEBUG org.apache.http.wire -- http-outgoing-99 << "Content-Length: 605[\r][\n]"
16:12:30.410 [main] DEBUG org.apache.http.wire -- http-outgoing-99 << "ETag: W/"25d-5+hjdGKuYuCaoypZn+IEf0qA5VU"[\r][\n]"
16:12:30.410 [main] DEBUG org.apache.http.wire -- http-outgoing-99 << "Date: Tue, 24 Jun 2025 09:12:30 GMT[\r][\n]"
16:12:30.410 [main] DEBUG org.apache.http.wire -- http-outgoing-99 << "Connection: keep-alive[\r][\n]"
16:12:30.410 [main] DEBUG org.apache.http.wire -- http-outgoing-99 << "Keep-Alive: timeout=5[\r][\n]"
16:12:30.410 [main] DEBUG org.apache.http.wire -- http-outgoing-99 << "[\r][\n]"
16:12:30.410 [main] DEBUG org.apache.http.wire -- http-outgoing-99 << "{"access_token":"eyJhbGciOiJIUzI1NiIsInR5cCI6IkpXVCJ9.eyJzdWIiOiIwYTM3ZWY0My1mZWU4LTQxZDMtYTY4Ni04YWIwODY5NDg2OTUiLCJ1c2VybmFtZSI6ImpvaG5kb2UyMSIsInJvbGUiOjAsImlhdCI6MTc1MDc1NjM1MCwiZXhwIjoxNzUwNzU5OTUwfQ.U_lGtQ5-W_lGm4sRWan2nWYYKWrtbzOUIVAqPO1YRmU","refresh_token":"8992d8e9c7173e9304bf492a1fb0fa50aedf6240048126496355fd9fcd6a72c5","user":{"id":"0a37ef43-fee8-41d3-a686-8ab086948695","email":"testit2@gmail.com","username":"johndoe21","name":"John Doe","phoneNumber":"0123456712","profilePic":null,"bio":null,"private":false,"verified":false,"role":0,"followersCount":0,"followingCount":0,"postCount":0}}"
16:12:30.410 [main] DEBUG org.apache.http.headers -- http-outgoing-99 << HTTP/1.1 200 OK
16:12:30.410 [main] DEBUG org.apache.http.headers -- http-outgoing-99 << X-Powered-By: Express
16:12:30.410 [main] DEBUG org.apache.http.headers -- http-outgoing-99 << Access-Control-Allow-Origin: *
16:12:30.410 [main] DEBUG org.apache.http.headers -- http-outgoing-99 << Content-Type: application/json; charset=utf-8
16:12:30.410 [main] DEBUG org.apache.http.headers -- http-outgoing-99 << Content-Length: 605
16:12:30.410 [main] DEBUG org.apache.http.headers -- http-outgoing-99 << ETag: W/"25d-5+hjdGKuYuCaoypZn+IEf0qA5VU"
16:12:30.410 [main] DEBUG org.apache.http.headers -- http-outgoing-99 << Date: Tue, 24 Jun 2025 09:12:30 GMT
16:12:30.410 [main] DEBUG org.apache.http.headers -- http-outgoing-99 << Connection: keep-alive
16:12:30.410 [main] DEBUG org.apache.http.headers -- http-outgoing-99 << Keep-Alive: timeout=5
16:12:30.410 [main] DEBUG org.apache.http.impl.execchain.MainClientExec -- Connection can be kept alive for 5000 MILLISECONDS
16:12:30.410 [main] DEBUG org.apache.http.impl.conn.PoolingHttpClientConnectionManager -- Connection [id: 99][route: {}->http://localhost:3000] can be kept alive for 5.0 seconds
16:12:30.410 [main] DEBUG org.apache.http.impl.conn.DefaultManagedHttpClientConnection -- http-outgoing-99: set socket timeout to 0
16:12:30.410 [main] DEBUG org.apache.http.impl.conn.PoolingHttpClientConnectionManager -- Connection released: [id: 99][route: {}->http://localhost:3000][total available: 1; route allocated: 1 of 5; total allocated: 1 of 10]
16:12:30.410 [main] DEBUG org.apache.http.impl.conn.PoolingHttpClientConnectionManager -- Connection manager is shutting down
16:12:30.410 [main] DEBUG org.apache.http.impl.conn.DefaultManagedHttpClientConnection -- http-outgoing-99: Close connection
16:12:30.411 [main] DEBUG org.apache.http.impl.conn.PoolingHttpClientConnectionManager -- Connection manager shut down
16:12:30.411 [main] DEBUG com.intuit.karate -- response time in milliseconds: 262
1 < 200
1 < X-Powered-By: Express
1 < Access-Control-Allow-Origin: *
1 < Content-Type: application/json; charset=utf-8
1 < Content-Length: 605
1 < ETag: W/"25d-5+hjdGKuYuCaoypZn+IEf0qA5VU"
1 < Date: Tue, 24 Jun 2025 09:12:30 GMT
1 < Connection: keep-alive
1 < Keep-Alive: timeout=5
{"access_token":"eyJhbGciOiJIUzI1NiIsInR5cCI6IkpXVCJ9.eyJzdWIiOiIwYTM3ZWY0My1mZWU4LTQxZDMtYTY4Ni04YWIwODY5NDg2OTUiLCJ1c2VybmFtZSI6ImpvaG5kb2UyMSIsInJvbGUiOjAsImlhdCI6MTc1MDc1NjM1MCwiZXhwIjoxNzUwNzU5OTUwfQ.U_lGtQ5-W_lGm4sRWan2nWYYKWrtbzOUIVAqPO1YRmU","refresh_token":"8992d8e9c7173e9304bf492a1fb0fa50aedf6240048126496355fd9fcd6a72c5","user":{"id":"0a37ef43-fee8-41d3-a686-8ab086948695","email":"testit2@gmail.com","username":"johndoe21","name":"John Doe","phoneNumber":"0123456712","profilePic":null,"bio":null,"private":false,"verified":false,"role":0,"followersCount":0,"followingCount":0,"postCount":0}}

16:12:30.411 [main] INFO com.intuit.karate -- [print] *** AFTER API CALL *** Status: 200 
16:12:30.412 [main] INFO com.intuit.karate -- [print] ### API CALL COMPLETED ### Email: testit2@gmail.com Status: 200 
16:12:30.412 [main] INFO com.intuit.karate -- [print] ### RESPONSE BODY ### {
  "access_token": "eyJhbGciOiJIUzI1NiIsInR5cCI6IkpXVCJ9.eyJzdWIiOiIwYTM3ZWY0My1mZWU4LTQxZDMtYTY4Ni04YWIwODY5NDg2OTUiLCJ1c2VybmFtZSI6ImpvaG5kb2UyMSIsInJvbGUiOjAsImlhdCI6MTc1MDc1NjM1MCwiZXhwIjoxNzUwNzU5OTUwfQ.U_lGtQ5-W_lGm4sRWan2nWYYKWrtbzOUIVAqPO1YRmU",
  "refresh_token": "8992d8e9c7173e9304bf492a1fb0fa50aedf6240048126496355fd9fcd6a72c5",
  "user": {
    "id": "0a37ef43-fee8-41d3-a686-8ab086948695",
    "email": "testit2@gmail.com",
    "username": "johndoe21",
    "name": "John Doe",
    "phoneNumber": "0123456712",
    "profilePic": null,
    "bio": null,
    "private": false,
    "verified": false,
    "role": 0,
    "followersCount": 0,
    "followingCount": 0,
    "postCount": 0
  }
}
 
16:12:30.413 [main] INFO com.intuit.karate -- Request #100 completed - Status: 200 Time: 270ms 
16:12:30.419 [main] INFO com.intuit.karate -- [print] === SEQUENTIAL PERFORMANCE TEST RESULTS === 
16:12:30.420 [main] INFO com.intuit.karate -- [print] Total Requests: 100 
16:12:30.420 [main] INFO com.intuit.karate -- [print] Successful Requests: 100 
16:12:30.421 [main] INFO com.intuit.karate -- [print] Failed Requests: 0 
16:12:30.421 [main] INFO com.intuit.karate -- [print] Success Rate: 100% 
16:12:30.424 [main] INFO com.intuit.karate -- [print] Average Response Time: 283.59 ms 
16:12:30.425 [main] INFO com.intuit.karate -- [print] Min Response Time: 266 ms 
16:12:30.425 [main] INFO com.intuit.karate -- [print] Max Response Time: 695 ms 
16:12:30.425 [main] INFO com.intuit.karate -- [print] Total Response Time: 28359 ms 
16:12:30.429 [main] INFO com.intuit.karate -- [print] === TEST COMPLETED === 
16:12:30.432 [main] DEBUG com.jayway.jsonpath.internal.path.CompiledPath -- Evaluating path: $
16:12:30.433 [main] DEBUG com.jayway.jsonpath.internal.path.CompiledPath -- Evaluating path: $
16:12:30.433 [main] DEBUG com.jayway.jsonpath.internal.path.CompiledPath -- Evaluating path: $
16:12:30.433 [main] DEBUG com.jayway.jsonpath.internal.path.CompiledPath -- Evaluating path: $
16:12:30.433 [main] DEBUG com.jayway.jsonpath.internal.path.CompiledPath -- Evaluating path: $
16:12:30.433 [main] DEBUG com.jayway.jsonpath.internal.path.CompiledPath -- Evaluating path: $
16:12:30.433 [main] DEBUG com.jayway.jsonpath.internal.path.CompiledPath -- Evaluating path: $
16:12:30.433 [main] DEBUG com.jayway.jsonpath.internal.path.CompiledPath -- Evaluating path: $
16:12:30.433 [main] DEBUG com.jayway.jsonpath.internal.path.CompiledPath -- Evaluating path: $
16:12:30.433 [main] DEBUG com.jayway.jsonpath.internal.path.CompiledPath -- Evaluating path: $
16:12:30.433 [main] DEBUG com.jayway.jsonpath.internal.path.CompiledPath -- Evaluating path: $
16:12:30.433 [main] DEBUG com.jayway.jsonpath.internal.path.CompiledPath -- Evaluating path: $
16:12:30.434 [main] DEBUG com.jayway.jsonpath.internal.path.CompiledPath -- Evaluating path: $
16:12:30.434 [main] DEBUG com.jayway.jsonpath.internal.path.CompiledPath -- Evaluating path: $
16:12:30.434 [main] DEBUG com.jayway.jsonpath.internal.path.CompiledPath -- Evaluating path: $
16:12:30.434 [main] DEBUG com.jayway.jsonpath.internal.path.CompiledPath -- Evaluating path: $
16:12:30.434 [main] DEBUG com.jayway.jsonpath.internal.path.CompiledPath -- Evaluating path: $
16:12:30.434 [main] DEBUG com.jayway.jsonpath.internal.path.CompiledPath -- Evaluating path: $
16:12:30.434 [main] DEBUG com.jayway.jsonpath.internal.path.CompiledPath -- Evaluating path: $
16:12:30.434 [main] DEBUG com.jayway.jsonpath.internal.path.CompiledPath -- Evaluating path: $
16:12:30.434 [main] DEBUG com.jayway.jsonpath.internal.path.CompiledPath -- Evaluating path: $
16:12:30.434 [main] DEBUG com.jayway.jsonpath.internal.path.CompiledPath -- Evaluating path: $
16:12:30.435 [main] DEBUG com.jayway.jsonpath.internal.path.CompiledPath -- Evaluating path: $
16:12:30.435 [main] DEBUG com.jayway.jsonpath.internal.path.CompiledPath -- Evaluating path: $
16:12:30.435 [main] DEBUG com.jayway.jsonpath.internal.path.CompiledPath -- Evaluating path: $
16:12:30.435 [main] DEBUG com.jayway.jsonpath.internal.path.CompiledPath -- Evaluating path: $
16:12:30.435 [main] DEBUG com.jayway.jsonpath.internal.path.CompiledPath -- Evaluating path: $
16:12:30.435 [main] DEBUG com.jayway.jsonpath.internal.path.CompiledPath -- Evaluating path: $
16:12:30.435 [main] DEBUG com.jayway.jsonpath.internal.path.CompiledPath -- Evaluating path: $
16:12:30.435 [main] DEBUG com.jayway.jsonpath.internal.path.CompiledPath -- Evaluating path: $
16:12:30.435 [main] DEBUG com.jayway.jsonpath.internal.path.CompiledPath -- Evaluating path: $
16:12:30.435 [main] DEBUG com.jayway.jsonpath.internal.path.CompiledPath -- Evaluating path: $
16:12:30.435 [main] DEBUG com.jayway.jsonpath.internal.path.CompiledPath -- Evaluating path: $
16:12:30.436 [main] DEBUG com.jayway.jsonpath.internal.path.CompiledPath -- Evaluating path: $
16:12:30.436 [main] DEBUG com.jayway.jsonpath.internal.path.CompiledPath -- Evaluating path: $
16:12:30.436 [main] DEBUG com.jayway.jsonpath.internal.path.CompiledPath -- Evaluating path: $
16:12:30.436 [main] DEBUG com.jayway.jsonpath.internal.path.CompiledPath -- Evaluating path: $
16:12:30.436 [main] DEBUG com.jayway.jsonpath.internal.path.CompiledPath -- Evaluating path: $
16:12:30.436 [main] DEBUG com.jayway.jsonpath.internal.path.CompiledPath -- Evaluating path: $
16:12:30.436 [main] DEBUG com.jayway.jsonpath.internal.path.CompiledPath -- Evaluating path: $
16:12:30.436 [main] DEBUG com.jayway.jsonpath.internal.path.CompiledPath -- Evaluating path: $
16:12:30.436 [main] DEBUG com.jayway.jsonpath.internal.path.CompiledPath -- Evaluating path: $
16:12:30.436 [main] DEBUG com.jayway.jsonpath.internal.path.CompiledPath -- Evaluating path: $
16:12:30.436 [main] DEBUG com.jayway.jsonpath.internal.path.CompiledPath -- Evaluating path: $
16:12:30.436 [main] DEBUG com.jayway.jsonpath.internal.path.CompiledPath -- Evaluating path: $
16:12:30.437 [main] DEBUG com.jayway.jsonpath.internal.path.CompiledPath -- Evaluating path: $
16:12:30.437 [main] DEBUG com.jayway.jsonpath.internal.path.CompiledPath -- Evaluating path: $
16:12:30.437 [main] DEBUG com.jayway.jsonpath.internal.path.CompiledPath -- Evaluating path: $
16:12:30.437 [main] DEBUG com.jayway.jsonpath.internal.path.CompiledPath -- Evaluating path: $
16:12:30.437 [main] DEBUG com.jayway.jsonpath.internal.path.CompiledPath -- Evaluating path: $
16:12:30.437 [main] DEBUG com.jayway.jsonpath.internal.path.CompiledPath -- Evaluating path: $
16:12:30.437 [main] DEBUG com.jayway.jsonpath.internal.path.CompiledPath -- Evaluating path: $
16:12:30.438 [main] DEBUG com.jayway.jsonpath.internal.path.CompiledPath -- Evaluating path: $
16:12:30.438 [main] DEBUG com.jayway.jsonpath.internal.path.CompiledPath -- Evaluating path: $
16:12:30.438 [main] DEBUG com.jayway.jsonpath.internal.path.CompiledPath -- Evaluating path: $
16:12:30.438 [main] DEBUG com.jayway.jsonpath.internal.path.CompiledPath -- Evaluating path: $
16:12:30.438 [main] DEBUG com.jayway.jsonpath.internal.path.CompiledPath -- Evaluating path: $
16:12:30.438 [main] DEBUG com.jayway.jsonpath.internal.path.CompiledPath -- Evaluating path: $
16:12:30.438 [main] DEBUG com.jayway.jsonpath.internal.path.CompiledPath -- Evaluating path: $
16:12:30.439 [main] DEBUG com.jayway.jsonpath.internal.path.CompiledPath -- Evaluating path: $
16:12:30.439 [main] DEBUG com.jayway.jsonpath.internal.path.CompiledPath -- Evaluating path: $
16:12:30.439 [main] DEBUG com.jayway.jsonpath.internal.path.CompiledPath -- Evaluating path: $
16:12:30.439 [main] DEBUG com.jayway.jsonpath.internal.path.CompiledPath -- Evaluating path: $
16:12:30.439 [main] DEBUG com.jayway.jsonpath.internal.path.CompiledPath -- Evaluating path: $
16:12:30.439 [main] DEBUG com.jayway.jsonpath.internal.path.CompiledPath -- Evaluating path: $
16:12:30.439 [main] DEBUG com.jayway.jsonpath.internal.path.CompiledPath -- Evaluating path: $
16:12:30.439 [main] DEBUG com.jayway.jsonpath.internal.path.CompiledPath -- Evaluating path: $
16:12:30.439 [main] DEBUG com.jayway.jsonpath.internal.path.CompiledPath -- Evaluating path: $
16:12:30.439 [main] DEBUG com.jayway.jsonpath.internal.path.CompiledPath -- Evaluating path: $
16:12:30.439 [main] DEBUG com.jayway.jsonpath.internal.path.CompiledPath -- Evaluating path: $
16:12:30.439 [main] DEBUG com.jayway.jsonpath.internal.path.CompiledPath -- Evaluating path: $
16:12:30.439 [main] DEBUG com.jayway.jsonpath.internal.path.CompiledPath -- Evaluating path: $
16:12:30.439 [main] DEBUG com.jayway.jsonpath.internal.path.CompiledPath -- Evaluating path: $
16:12:30.440 [main] DEBUG com.jayway.jsonpath.internal.path.CompiledPath -- Evaluating path: $
16:12:30.440 [main] DEBUG com.jayway.jsonpath.internal.path.CompiledPath -- Evaluating path: $
16:12:30.440 [main] DEBUG com.jayway.jsonpath.internal.path.CompiledPath -- Evaluating path: $
16:12:30.440 [main] DEBUG com.jayway.jsonpath.internal.path.CompiledPath -- Evaluating path: $
16:12:30.440 [main] DEBUG com.jayway.jsonpath.internal.path.CompiledPath -- Evaluating path: $
16:12:30.440 [main] DEBUG com.jayway.jsonpath.internal.path.CompiledPath -- Evaluating path: $
16:12:30.440 [main] DEBUG com.jayway.jsonpath.internal.path.CompiledPath -- Evaluating path: $
16:12:30.440 [main] DEBUG com.jayway.jsonpath.internal.path.CompiledPath -- Evaluating path: $
16:12:30.440 [main] DEBUG com.jayway.jsonpath.internal.path.CompiledPath -- Evaluating path: $
16:12:30.440 [main] DEBUG com.jayway.jsonpath.internal.path.CompiledPath -- Evaluating path: $
16:12:30.440 [main] DEBUG com.jayway.jsonpath.internal.path.CompiledPath -- Evaluating path: $
16:12:30.441 [main] DEBUG com.jayway.jsonpath.internal.path.CompiledPath -- Evaluating path: $
16:12:30.441 [main] DEBUG com.jayway.jsonpath.internal.path.CompiledPath -- Evaluating path: $
16:12:30.441 [main] DEBUG com.jayway.jsonpath.internal.path.CompiledPath -- Evaluating path: $
16:12:30.441 [main] DEBUG com.jayway.jsonpath.internal.path.CompiledPath -- Evaluating path: $
16:12:30.441 [main] DEBUG com.jayway.jsonpath.internal.path.CompiledPath -- Evaluating path: $
16:12:30.441 [main] DEBUG com.jayway.jsonpath.internal.path.CompiledPath -- Evaluating path: $
16:12:30.441 [main] DEBUG com.jayway.jsonpath.internal.path.CompiledPath -- Evaluating path: $
16:12:30.441 [main] DEBUG com.jayway.jsonpath.internal.path.CompiledPath -- Evaluating path: $
16:12:30.441 [main] DEBUG com.jayway.jsonpath.internal.path.CompiledPath -- Evaluating path: $
16:12:30.441 [main] DEBUG com.jayway.jsonpath.internal.path.CompiledPath -- Evaluating path: $
16:12:30.441 [main] DEBUG com.jayway.jsonpath.internal.path.CompiledPath -- Evaluating path: $
16:12:30.441 [main] DEBUG com.jayway.jsonpath.internal.path.CompiledPath -- Evaluating path: $
16:12:30.442 [main] DEBUG com.jayway.jsonpath.internal.path.CompiledPath -- Evaluating path: $
16:12:30.442 [main] DEBUG com.jayway.jsonpath.internal.path.CompiledPath -- Evaluating path: $
16:12:30.442 [main] DEBUG com.jayway.jsonpath.internal.path.CompiledPath -- Evaluating path: $
16:12:30.442 [main] DEBUG com.jayway.jsonpath.internal.path.CompiledPath -- Evaluating path: $
16:12:30.475 [main] DEBUG com.jayway.jsonpath.internal.path.CompiledPath -- Evaluating path: $
16:12:30.475 [main] DEBUG com.jayway.jsonpath.internal.path.CompiledPath -- Evaluating path: $
16:12:30.475 [main] DEBUG com.jayway.jsonpath.internal.path.CompiledPath -- Evaluating path: $
16:12:30.475 [main] DEBUG com.jayway.jsonpath.internal.path.CompiledPath -- Evaluating path: $
16:12:30.475 [main] DEBUG com.jayway.jsonpath.internal.path.CompiledPath -- Evaluating path: $
16:12:30.475 [main] DEBUG com.jayway.jsonpath.internal.path.CompiledPath -- Evaluating path: $
16:12:30.475 [main] DEBUG com.jayway.jsonpath.internal.path.CompiledPath -- Evaluating path: $
16:12:30.475 [main] DEBUG com.jayway.jsonpath.internal.path.CompiledPath -- Evaluating path: $
16:12:30.475 [main] DEBUG com.jayway.jsonpath.internal.path.CompiledPath -- Evaluating path: $
16:12:30.475 [main] DEBUG com.jayway.jsonpath.internal.path.CompiledPath -- Evaluating path: $
16:12:30.475 [main] DEBUG com.jayway.jsonpath.internal.path.CompiledPath -- Evaluating path: $
16:12:30.475 [main] DEBUG com.jayway.jsonpath.internal.path.CompiledPath -- Evaluating path: $
16:12:30.475 [main] DEBUG com.jayway.jsonpath.internal.path.CompiledPath -- Evaluating path: $
16:12:30.475 [main] DEBUG com.jayway.jsonpath.internal.path.CompiledPath -- Evaluating path: $
16:12:30.475 [main] DEBUG com.jayway.jsonpath.internal.path.CompiledPath -- Evaluating path: $
16:12:30.475 [main] DEBUG com.jayway.jsonpath.internal.path.CompiledPath -- Evaluating path: $
16:12:30.476 [main] DEBUG com.jayway.jsonpath.internal.path.CompiledPath -- Evaluating path: $
16:12:30.476 [main] DEBUG com.jayway.jsonpath.internal.path.CompiledPath -- Evaluating path: $
16:12:30.476 [main] DEBUG com.jayway.jsonpath.internal.path.CompiledPath -- Evaluating path: $
16:12:30.476 [main] DEBUG com.jayway.jsonpath.internal.path.CompiledPath -- Evaluating path: $
16:12:30.476 [main] DEBUG com.jayway.jsonpath.internal.path.CompiledPath -- Evaluating path: $
16:12:30.476 [main] DEBUG com.jayway.jsonpath.internal.path.CompiledPath -- Evaluating path: $
16:12:30.476 [main] DEBUG com.jayway.jsonpath.internal.path.CompiledPath -- Evaluating path: $
16:12:30.476 [main] DEBUG com.jayway.jsonpath.internal.path.CompiledPath -- Evaluating path: $
16:12:30.476 [main] DEBUG com.jayway.jsonpath.internal.path.CompiledPath -- Evaluating path: $
16:12:30.476 [main] DEBUG com.jayway.jsonpath.internal.path.CompiledPath -- Evaluating path: $
16:12:30.476 [main] DEBUG com.jayway.jsonpath.internal.path.CompiledPath -- Evaluating path: $
16:12:30.476 [main] DEBUG com.jayway.jsonpath.internal.path.CompiledPath -- Evaluating path: $
16:12:30.476 [main] DEBUG com.jayway.jsonpath.internal.path.CompiledPath -- Evaluating path: $
16:12:30.476 [main] DEBUG com.jayway.jsonpath.internal.path.CompiledPath -- Evaluating path: $
16:12:30.476 [main] DEBUG com.jayway.jsonpath.internal.path.CompiledPath -- Evaluating path: $
16:12:30.476 [main] DEBUG com.jayway.jsonpath.internal.path.CompiledPath -- Evaluating path: $
16:12:30.476 [main] DEBUG com.jayway.jsonpath.internal.path.CompiledPath -- Evaluating path: $
16:12:30.476 [main] DEBUG com.jayway.jsonpath.internal.path.CompiledPath -- Evaluating path: $
16:12:30.476 [main] DEBUG com.jayway.jsonpath.internal.path.CompiledPath -- Evaluating path: $
16:12:30.476 [main] DEBUG com.jayway.jsonpath.internal.path.CompiledPath -- Evaluating path: $
16:12:30.476 [main] DEBUG com.jayway.jsonpath.internal.path.CompiledPath -- Evaluating path: $
16:12:30.476 [main] DEBUG com.jayway.jsonpath.internal.path.CompiledPath -- Evaluating path: $
16:12:30.477 [main] DEBUG com.jayway.jsonpath.internal.path.CompiledPath -- Evaluating path: $
16:12:30.477 [main] DEBUG com.jayway.jsonpath.internal.path.CompiledPath -- Evaluating path: $
16:12:30.477 [main] DEBUG com.jayway.jsonpath.internal.path.CompiledPath -- Evaluating path: $
16:12:30.477 [main] DEBUG com.jayway.jsonpath.internal.path.CompiledPath -- Evaluating path: $
16:12:30.477 [main] DEBUG com.jayway.jsonpath.internal.path.CompiledPath -- Evaluating path: $
16:12:30.477 [main] DEBUG com.jayway.jsonpath.internal.path.CompiledPath -- Evaluating path: $
16:12:30.477 [main] DEBUG com.jayway.jsonpath.internal.path.CompiledPath -- Evaluating path: $
16:12:30.477 [main] DEBUG com.jayway.jsonpath.internal.path.CompiledPath -- Evaluating path: $
16:12:30.477 [main] DEBUG com.jayway.jsonpath.internal.path.CompiledPath -- Evaluating path: $
16:12:30.477 [main] DEBUG com.jayway.jsonpath.internal.path.CompiledPath -- Evaluating path: $
16:12:30.477 [main] DEBUG com.jayway.jsonpath.internal.path.CompiledPath -- Evaluating path: $
16:12:30.477 [main] DEBUG com.jayway.jsonpath.internal.path.CompiledPath -- Evaluating path: $
16:12:30.477 [main] DEBUG com.jayway.jsonpath.internal.path.CompiledPath -- Evaluating path: $
16:12:30.477 [main] DEBUG com.jayway.jsonpath.internal.path.CompiledPath -- Evaluating path: $
16:12:30.477 [main] DEBUG com.jayway.jsonpath.internal.path.CompiledPath -- Evaluating path: $
16:12:30.477 [main] DEBUG com.jayway.jsonpath.internal.path.CompiledPath -- Evaluating path: $
16:12:30.477 [main] DEBUG com.jayway.jsonpath.internal.path.CompiledPath -- Evaluating path: $
16:12:30.477 [main] DEBUG com.jayway.jsonpath.internal.path.CompiledPath -- Evaluating path: $
16:12:30.477 [main] DEBUG com.jayway.jsonpath.internal.path.CompiledPath -- Evaluating path: $
16:12:30.477 [main] DEBUG com.jayway.jsonpath.internal.path.CompiledPath -- Evaluating path: $
16:12:30.477 [main] DEBUG com.jayway.jsonpath.internal.path.CompiledPath -- Evaluating path: $
16:12:30.477 [main] DEBUG com.jayway.jsonpath.internal.path.CompiledPath -- Evaluating path: $
16:12:30.477 [main] DEBUG com.jayway.jsonpath.internal.path.CompiledPath -- Evaluating path: $
16:12:30.478 [main] DEBUG com.jayway.jsonpath.internal.path.CompiledPath -- Evaluating path: $
16:12:30.478 [main] DEBUG com.jayway.jsonpath.internal.path.CompiledPath -- Evaluating path: $
16:12:30.478 [main] DEBUG com.jayway.jsonpath.internal.path.CompiledPath -- Evaluating path: $
16:12:30.478 [main] DEBUG com.jayway.jsonpath.internal.path.CompiledPath -- Evaluating path: $
16:12:30.478 [main] DEBUG com.jayway.jsonpath.internal.path.CompiledPath -- Evaluating path: $
16:12:30.478 [main] DEBUG com.jayway.jsonpath.internal.path.CompiledPath -- Evaluating path: $
16:12:30.478 [main] DEBUG com.jayway.jsonpath.internal.path.CompiledPath -- Evaluating path: $
16:12:30.478 [main] DEBUG com.jayway.jsonpath.internal.path.CompiledPath -- Evaluating path: $
16:12:30.478 [main] DEBUG com.jayway.jsonpath.internal.path.CompiledPath -- Evaluating path: $
16:12:30.478 [main] DEBUG com.jayway.jsonpath.internal.path.CompiledPath -- Evaluating path: $
16:12:30.478 [main] DEBUG com.jayway.jsonpath.internal.path.CompiledPath -- Evaluating path: $
16:12:30.478 [main] DEBUG com.jayway.jsonpath.internal.path.CompiledPath -- Evaluating path: $
16:12:30.478 [main] DEBUG com.jayway.jsonpath.internal.path.CompiledPath -- Evaluating path: $
16:12:30.478 [main] DEBUG com.jayway.jsonpath.internal.path.CompiledPath -- Evaluating path: $
16:12:30.478 [main] DEBUG com.jayway.jsonpath.internal.path.CompiledPath -- Evaluating path: $
16:12:30.478 [main] DEBUG com.jayway.jsonpath.internal.path.CompiledPath -- Evaluating path: $
16:12:30.478 [main] DEBUG com.jayway.jsonpath.internal.path.CompiledPath -- Evaluating path: $
16:12:30.478 [main] DEBUG com.jayway.jsonpath.internal.path.CompiledPath -- Evaluating path: $
16:12:30.478 [main] DEBUG com.jayway.jsonpath.internal.path.CompiledPath -- Evaluating path: $
16:12:30.478 [main] DEBUG com.jayway.jsonpath.internal.path.CompiledPath -- Evaluating path: $
16:12:30.479 [main] DEBUG com.jayway.jsonpath.internal.path.CompiledPath -- Evaluating path: $
16:12:30.479 [main] DEBUG com.jayway.jsonpath.internal.path.CompiledPath -- Evaluating path: $
16:12:30.479 [main] DEBUG com.jayway.jsonpath.internal.path.CompiledPath -- Evaluating path: $
16:12:30.479 [main] DEBUG com.jayway.jsonpath.internal.path.CompiledPath -- Evaluating path: $
16:12:30.479 [main] DEBUG com.jayway.jsonpath.internal.path.CompiledPath -- Evaluating path: $
16:12:30.479 [main] DEBUG com.jayway.jsonpath.internal.path.CompiledPath -- Evaluating path: $
16:12:30.479 [main] DEBUG com.jayway.jsonpath.internal.path.CompiledPath -- Evaluating path: $
16:12:30.479 [main] DEBUG com.jayway.jsonpath.internal.path.CompiledPath -- Evaluating path: $
16:12:30.479 [main] DEBUG com.jayway.jsonpath.internal.path.CompiledPath -- Evaluating path: $
16:12:30.479 [main] DEBUG com.jayway.jsonpath.internal.path.CompiledPath -- Evaluating path: $
16:12:30.479 [main] DEBUG com.jayway.jsonpath.internal.path.CompiledPath -- Evaluating path: $
16:12:30.479 [main] DEBUG com.jayway.jsonpath.internal.path.CompiledPath -- Evaluating path: $
16:12:30.479 [main] DEBUG com.jayway.jsonpath.internal.path.CompiledPath -- Evaluating path: $
16:12:30.479 [main] DEBUG com.jayway.jsonpath.internal.path.CompiledPath -- Evaluating path: $
16:12:30.479 [main] DEBUG com.jayway.jsonpath.internal.path.CompiledPath -- Evaluating path: $
16:12:30.479 [main] DEBUG com.jayway.jsonpath.internal.path.CompiledPath -- Evaluating path: $
16:12:30.479 [main] DEBUG com.jayway.jsonpath.internal.path.CompiledPath -- Evaluating path: $
16:12:30.479 [main] DEBUG com.jayway.jsonpath.internal.path.CompiledPath -- Evaluating path: $
16:12:30.480 [main] DEBUG com.jayway.jsonpath.internal.path.CompiledPath -- Evaluating path: $
16:12:30.513 [main] DEBUG org.thymeleaf.TemplateEngine -- [THYMELEAF] INITIALIZING TEMPLATE ENGINE
16:12:30.665 [main] DEBUG org.thymeleaf.TemplateEngine.CONFIG -- Initializing Thymeleaf Template engine configuration...
[THYMELEAF] TEMPLATE ENGINE CONFIGURATION:
[THYMELEAF] * Thymeleaf version: 3.1.2.RELEASE (built 2023-07-30T19:25:50+0000)
[THYMELEAF] * Cache Manager implementation: org.thymeleaf.cache.StandardCacheManager
[THYMELEAF] * Template resolvers:
[THYMELEAF]     * [1] com.intuit.karate.template.ResourceHtmlTemplateResolver
[THYMELEAF] * Message resolvers:
[THYMELEAF]     * org.thymeleaf.messageresolver.StandardMessageResolver
[THYMELEAF] * Link builders:
[THYMELEAF]     * org.thymeleaf.linkbuilder.StandardLinkBuilder
[THYMELEAF] * Dialect [1 of 2]: Standard (com.intuit.karate.template.KarateStandardDialect)
[THYMELEAF]     * Prefix: "th"
[THYMELEAF]     * Processors for Template Mode: HTML
[THYMELEAF]         * Element Tag Processors by [matching element and attribute name] [precedence]:
[THYMELEAF]             * [* {th:include,data-th-include}] [100]: org.thymeleaf.standard.processor.StandardIncludeTagProcessor
[THYMELEAF]             * [* {th:insert,data-th-insert}] [100]: org.thymeleaf.standard.processor.StandardInsertTagProcessor
[THYMELEAF]             * [* {th:replace,data-th-replace}] [100]: org.thymeleaf.standard.processor.StandardReplaceTagProcessor
[THYMELEAF]             * [* {th:each,data-th-each}] [200]: com.intuit.karate.template.KarateEachTagProcessor
[THYMELEAF]             * [* {th:switch,data-th-switch}] [250]: org.thymeleaf.standard.processor.StandardSwitchTagProcessor
[THYMELEAF]             * [* {th:case,data-th-case}] [275]: org.thymeleaf.standard.processor.StandardCaseTagProcessor
[THYMELEAF]             * [* {th:if,data-th-if}] [300]: org.thymeleaf.standard.processor.StandardIfTagProcessor
[THYMELEAF]             * [* {th:unless,data-th-unless}] [400]: org.thymeleaf.standard.processor.StandardUnlessTagProcessor
[THYMELEAF]             * [* {th:object,data-th-object}] [500]: org.thymeleaf.standard.processor.StandardObjectTagProcessor
[THYMELEAF]             * [* {th:with,data-th-with}] [600]: com.intuit.karate.template.KarateWithTagProcessor
[THYMELEAF]             * [* {th:attr,data-th-attr}] [700]: com.intuit.karate.template.KarateAttributeTagProcessor.KarateAttrTagProcessor
[THYMELEAF]             * [* {th:attrappend,data-th-attrappend}] [900]: com.intuit.karate.template.KarateAttributeTagProcessor.KarateAttrappendTagProcessor
[THYMELEAF]             * [* {th:attrprepend,data-th-attrprepend}] [900]: com.intuit.karate.template.KarateAttributeTagProcessor.KarateAttrprependTagProcessor
[THYMELEAF]             * [* {th:alt-title,data-th-alt-title}] [990]: org.thymeleaf.standard.processor.StandardAltTitleTagProcessor
[THYMELEAF]             * [* {th:lang-xmllang,data-th-lang-xmllang}] [990]: org.thymeleaf.standard.processor.StandardLangXmlLangTagProcessor
[THYMELEAF]             * [* {th:action,data-th-action}] [1000]: org.thymeleaf.standard.processor.StandardActionTagProcessor
[THYMELEAF]             * [* {th:async,data-th-async}] [1000]: org.thymeleaf.standard.processor.StandardConditionalFixedValueTagProcessor
[THYMELEAF]             * [* {th:defer,data-th-defer}] [1000]: org.thymeleaf.standard.processor.StandardConditionalFixedValueTagProcessor
[THYMELEAF]             * [* {th:checked,data-th-checked}] [1000]: org.thymeleaf.standard.processor.StandardConditionalFixedValueTagProcessor
[THYMELEAF]             * [* {th:readonly,data-th-readonly}] [1000]: org.thymeleaf.standard.processor.StandardConditionalFixedValueTagProcessor
[THYMELEAF]             * [* {th:nowrap,data-th-nowrap}] [1000]: org.thymeleaf.standard.processor.StandardConditionalFixedValueTagProcessor
[THYMELEAF]             * [* {th:multiple,data-th-multiple}] [1000]: org.thymeleaf.standard.processor.StandardConditionalFixedValueTagProcessor
[THYMELEAF]             * [* {th:required,data-th-required}] [1000]: org.thymeleaf.standard.processor.StandardConditionalFixedValueTagProcessor
[THYMELEAF]             * [* {th:default,data-th-default}] [1000]: org.thymeleaf.standard.processor.StandardConditionalFixedValueTagProcessor
[THYMELEAF]             * [* {th:seamless,data-th-seamless}] [1000]: org.thymeleaf.standard.processor.StandardConditionalFixedValueTagProcessor
[THYMELEAF]             * [* {th:open,data-th-open}] [1000]: org.thymeleaf.standard.processor.StandardConditionalFixedValueTagProcessor
[THYMELEAF]             * [* {th:declare,data-th-declare}] [1000]: org.thymeleaf.standard.processor.StandardConditionalFixedValueTagProcessor
[THYMELEAF]             * [* {th:selected,data-th-selected}] [1000]: org.thymeleaf.standard.processor.StandardConditionalFixedValueTagProcessor
[THYMELEAF]             * [* {th:formnovalidate,data-th-formnovalidate}] [1000]: org.thymeleaf.standard.processor.StandardConditionalFixedValueTagProcessor
[THYMELEAF]             * [* {th:pubdate,data-th-pubdate}] [1000]: org.thymeleaf.standard.processor.StandardConditionalFixedValueTagProcessor
[THYMELEAF]             * [* {th:ismap,data-th-ismap}] [1000]: org.thymeleaf.standard.processor.StandardConditionalFixedValueTagProcessor
[THYMELEAF]             * [* {th:loop,data-th-loop}] [1000]: org.thymeleaf.standard.processor.StandardConditionalFixedValueTagProcessor
[THYMELEAF]             * [* {th:controls,data-th-controls}] [1000]: org.thymeleaf.standard.processor.StandardConditionalFixedValueTagProcessor
[THYMELEAF]             * [* {th:autoplay,data-th-autoplay}] [1000]: org.thymeleaf.standard.processor.StandardConditionalFixedValueTagProcessor
[THYMELEAF]             * [* {th:novalidate,data-th-novalidate}] [1000]: org.thymeleaf.standard.processor.StandardConditionalFixedValueTagProcessor
[THYMELEAF]             * [* {th:reversed,data-th-reversed}] [1000]: org.thymeleaf.standard.processor.StandardConditionalFixedValueTagProcessor
[THYMELEAF]             * [* {th:disabled,data-th-disabled}] [1000]: org.thymeleaf.standard.processor.StandardConditionalFixedValueTagProcessor
[THYMELEAF]             * [* {th:hidden,data-th-hidden}] [1000]: org.thymeleaf.standard.processor.StandardConditionalFixedValueTagProcessor
[THYMELEAF]             * [* {th:scoped,data-th-scoped}] [1000]: org.thymeleaf.standard.processor.StandardConditionalFixedValueTagProcessor
[THYMELEAF]             * [* {th:autofocus,data-th-autofocus}] [1000]: org.thymeleaf.standard.processor.StandardConditionalFixedValueTagProcessor
[THYMELEAF]             * [* {th:onpopstate,data-th-onpopstate}] [1000]: org.thymeleaf.standard.processor.StandardDOMEventAttributeTagProcessor
[THYMELEAF]             * [* {th:onemptied,data-th-onemptied}] [1000]: org.thymeleaf.standard.processor.StandardDOMEventAttributeTagProcessor
[THYMELEAF]             * [* {th:onundo,data-th-onundo}] [1000]: org.thymeleaf.standard.processor.StandardDOMEventAttributeTagProcessor
[THYMELEAF]             * [* {th:onmousewheel,data-th-onmousewheel}] [1000]: org.thymeleaf.standard.processor.StandardDOMEventAttributeTagProcessor
[THYMELEAF]             * [* {th:onplay,data-th-onplay}] [1000]: org.thymeleaf.standard.processor.StandardDOMEventAttributeTagProcessor
[THYMELEAF]             * [* {th:onscroll,data-th-onscroll}] [1000]: org.thymeleaf.standard.processor.StandardDOMEventAttributeTagProcessor
[THYMELEAF]             * [* {th:onstalled,data-th-onstalled}] [1000]: org.thymeleaf.standard.processor.StandardDOMEventAttributeTagProcessor
[THYMELEAF]             * [* {th:onblur,data-th-onblur}] [1000]: org.thymeleaf.standard.processor.StandardDOMEventAttributeTagProcessor
[THYMELEAF]             * [* {th:onmouseup,data-th-onmouseup}] [1000]: org.thymeleaf.standard.processor.StandardDOMEventAttributeTagProcessor
[THYMELEAF]             * [* {th:onclick,data-th-onclick}] [1000]: org.thymeleaf.standard.processor.StandardDOMEventAttributeTagProcessor
[THYMELEAF]             * [* {th:onfocus,data-th-onfocus}] [1000]: org.thymeleaf.standard.processor.StandardDOMEventAttributeTagProcessor
[THYMELEAF]             * [* {th:onbeforeunload,data-th-onbeforeunload}] [1000]: org.thymeleaf.standard.processor.StandardDOMEventAttributeTagProcessor
[THYMELEAF]             * [* {th:onresize,data-th-onresize}] [1000]: org.thymeleaf.standard.processor.StandardDOMEventAttributeTagProcessor
[THYMELEAF]             * [* {th:onmessage,data-th-onmessage}] [1000]: org.thymeleaf.standard.processor.StandardDOMEventAttributeTagProcessor
[THYMELEAF]             * [* {th:ondragover,data-th-ondragover}] [1000]: org.thymeleaf.standard.processor.StandardDOMEventAttributeTagProcessor
[THYMELEAF]             * [* {th:onprogress,data-th-onprogress}] [1000]: org.thymeleaf.standard.processor.StandardDOMEventAttributeTagProcessor
[THYMELEAF]             * [* {th:ontimeupdate,data-th-ontimeupdate}] [1000]: org.thymeleaf.standard.processor.StandardDOMEventAttributeTagProcessor
[THYMELEAF]             * [* {th:onmouseover,data-th-onmouseover}] [1000]: org.thymeleaf.standard.processor.StandardDOMEventAttributeTagProcessor
[THYMELEAF]             * [* {th:onvolumechange,data-th-onvolumechange}] [1000]: org.thymeleaf.standard.processor.StandardDOMEventAttributeTagProcessor
[THYMELEAF]             * [* {th:oncanplay,data-th-oncanplay}] [1000]: org.thymeleaf.standard.processor.StandardDOMEventAttributeTagProcessor
[THYMELEAF]             * [* {th:onmouseout,data-th-onmouseout}] [1000]: org.thymeleaf.standard.processor.StandardDOMEventAttributeTagProcessor
[THYMELEAF]             * [* {th:onbeforeprint,data-th-onbeforeprint}] [1000]: org.thymeleaf.standard.processor.StandardDOMEventAttributeTagProcessor
[THYMELEAF]             * [* {th:onkeypress,data-th-onkeypress}] [1000]: org.thymeleaf.standard.processor.StandardDOMEventAttributeTagProcessor
[THYMELEAF]             * [* {th:onwaiting,data-th-onwaiting}] [1000]: org.thymeleaf.standard.processor.StandardDOMEventAttributeTagProcessor
[THYMELEAF]             * [* {th:onkeydown,data-th-onkeydown}] [1000]: org.thymeleaf.standard.processor.StandardDOMEventAttributeTagProcessor
[THYMELEAF]             * [* {th:ondragend,data-th-ondragend}] [1000]: org.thymeleaf.standard.processor.StandardDOMEventAttributeTagProcessor
[THYMELEAF]             * [* {th:onabort,data-th-onabort}] [1000]: org.thymeleaf.standard.processor.StandardDOMEventAttributeTagProcessor
[THYMELEAF]             * [* {th:onpause,data-th-onpause}] [1000]: org.thymeleaf.standard.processor.StandardDOMEventAttributeTagProcessor
[THYMELEAF]             * [* {th:ondrop,data-th-ondrop}] [1000]: org.thymeleaf.standard.processor.StandardDOMEventAttributeTagProcessor
[THYMELEAF]             * [* {th:onafterprint,data-th-onafterprint}] [1000]: org.thymeleaf.standard.processor.StandardDOMEventAttributeTagProcessor
[THYMELEAF]             * [* {th:onshow,data-th-onshow}] [1000]: org.thymeleaf.standard.processor.StandardDOMEventAttributeTagProcessor
[THYMELEAF]             * [* {th:onloadedmetadata,data-th-onloadedmetadata}] [1000]: org.thymeleaf.standard.processor.StandardDOMEventAttributeTagProcessor
[THYMELEAF]             * [* {th:ondragenter,data-th-ondragenter}] [1000]: org.thymeleaf.standard.processor.StandardDOMEventAttributeTagProcessor
[THYMELEAF]             * [* {th:onmousemove,data-th-onmousemove}] [1000]: org.thymeleaf.standard.processor.StandardDOMEventAttributeTagProcessor
[THYMELEAF]             * [* {th:ondblclick,data-th-ondblclick}] [1000]: org.thymeleaf.standard.processor.StandardDOMEventAttributeTagProcessor
[THYMELEAF]             * [* {th:onended,data-th-onended}] [1000]: org.thymeleaf.standard.processor.StandardDOMEventAttributeTagProcessor
[THYMELEAF]             * [* {th:ondragleave,data-th-ondragleave}] [1000]: org.thymeleaf.standard.processor.StandardDOMEventAttributeTagProcessor
[THYMELEAF]             * [* {th:onhashchange,data-th-onhashchange}] [1000]: org.thymeleaf.standard.processor.StandardDOMEventAttributeTagProcessor
[THYMELEAF]             * [* {th:onselect,data-th-onselect}] [1000]: org.thymeleaf.standard.processor.StandardDOMEventAttributeTagProcessor
[THYMELEAF]             * [* {th:onreset,data-th-onreset}] [1000]: org.thymeleaf.standard.processor.StandardDOMEventAttributeTagProcessor
[THYMELEAF]             * [* {th:onsuspend,data-th-onsuspend}] [1000]: org.thymeleaf.standard.processor.StandardDOMEventAttributeTagProcessor
[THYMELEAF]             * [* {th:onseeking,data-th-onseeking}] [1000]: org.thymeleaf.standard.processor.StandardDOMEventAttributeTagProcessor
[THYMELEAF]             * [* {th:oninvalid,data-th-oninvalid}] [1000]: org.thymeleaf.standard.processor.StandardDOMEventAttributeTagProcessor
[THYMELEAF]             * [* {th:onoffline,data-th-onoffline}] [1000]: org.thymeleaf.standard.processor.StandardDOMEventAttributeTagProcessor
[THYMELEAF]             * [* {th:onerror,data-th-onerror}] [1000]: org.thymeleaf.standard.processor.StandardDOMEventAttributeTagProcessor
[THYMELEAF]             * [* {th:onredo,data-th-onredo}] [1000]: org.thymeleaf.standard.processor.StandardDOMEventAttributeTagProcessor
[THYMELEAF]             * [* {th:oncanplaythrough,data-th-oncanplaythrough}] [1000]: org.thymeleaf.standard.processor.StandardDOMEventAttributeTagProcessor
[THYMELEAF]             * [* {th:ondurationchange,data-th-ondurationchange}] [1000]: org.thymeleaf.standard.processor.StandardDOMEventAttributeTagProcessor
[THYMELEAF]             * [* {th:onplaying,data-th-onplaying}] [1000]: org.thymeleaf.standard.processor.StandardDOMEventAttributeTagProcessor
[THYMELEAF]             * [* {th:onunload,data-th-onunload}] [1000]: org.thymeleaf.standard.processor.StandardDOMEventAttributeTagProcessor
[THYMELEAF]             * [* {th:onload,data-th-onload}] [1000]: org.thymeleaf.standard.processor.StandardDOMEventAttributeTagProcessor
[THYMELEAF]             * [* {th:onreadystatechange,data-th-onreadystatechange}] [1000]: org.thymeleaf.standard.processor.StandardDOMEventAttributeTagProcessor
[THYMELEAF]             * [* {th:onmousedown,data-th-onmousedown}] [1000]: org.thymeleaf.standard.processor.StandardDOMEventAttributeTagProcessor
[THYMELEAF]             * [* {th:onforminput,data-th-onforminput}] [1000]: org.thymeleaf.standard.processor.StandardDOMEventAttributeTagProcessor
[THYMELEAF]             * [* {th:onchange,data-th-onchange}] [1000]: org.thymeleaf.standard.processor.StandardDOMEventAttributeTagProcessor
[THYMELEAF]             * [* {th:onloadeddata,data-th-onloadeddata}] [1000]: org.thymeleaf.standard.processor.StandardDOMEventAttributeTagProcessor
[THYMELEAF]             * [* {th:onsubmit,data-th-onsubmit}] [1000]: org.thymeleaf.standard.processor.StandardDOMEventAttributeTagProcessor
[THYMELEAF]             * [* {th:onloadstart,data-th-onloadstart}] [1000]: org.thymeleaf.standard.processor.StandardDOMEventAttributeTagProcessor
[THYMELEAF]             * [* {th:oninput,data-th-oninput}] [1000]: org.thymeleaf.standard.processor.StandardDOMEventAttributeTagProcessor
[THYMELEAF]             * [* {th:onstorage,data-th-onstorage}] [1000]: org.thymeleaf.standard.processor.StandardDOMEventAttributeTagProcessor
[THYMELEAF]             * [* {th:onratechange,data-th-onratechange}] [1000]: org.thymeleaf.standard.processor.StandardDOMEventAttributeTagProcessor
[THYMELEAF]             * [* {th:oncontextmenu,data-th-oncontextmenu}] [1000]: org.thymeleaf.standard.processor.StandardDOMEventAttributeTagProcessor
[THYMELEAF]             * [* {th:ondragstart,data-th-ondragstart}] [1000]: org.thymeleaf.standard.processor.StandardDOMEventAttributeTagProcessor
[THYMELEAF]             * [* {th:onkeyup,data-th-onkeyup}] [1000]: org.thymeleaf.standard.processor.StandardDOMEventAttributeTagProcessor
[THYMELEAF]             * [* {th:onseeked,data-th-onseeked}] [1000]: org.thymeleaf.standard.processor.StandardDOMEventAttributeTagProcessor
[THYMELEAF]             * [* {th:ondrag,data-th-ondrag}] [1000]: org.thymeleaf.standard.processor.StandardDOMEventAttributeTagProcessor
[THYMELEAF]             * [* {th:onformchange,data-th-onformchange}] [1000]: org.thymeleaf.standard.processor.StandardDOMEventAttributeTagProcessor
[THYMELEAF]             * [* {th:ononline,data-th-ononline}] [1000]: org.thymeleaf.standard.processor.StandardDOMEventAttributeTagProcessor
[THYMELEAF]             * [* {th:href,data-th-href}] [1000]: org.thymeleaf.standard.processor.StandardHrefTagProcessor
[THYMELEAF]             * [* {th:inline,data-th-inline}] [1000]: org.thymeleaf.standard.processor.StandardInlineHTMLTagProcessor
[THYMELEAF]             * [* {th:method,data-th-method}] [1000]: org.thymeleaf.standard.processor.StandardMethodTagProcessor
[THYMELEAF]             * [* {th:name,data-th-name}] [1000]: org.thymeleaf.standard.processor.StandardNonRemovableAttributeTagProcessor
[THYMELEAF]             * [* {th:type,data-th-type}] [1000]: org.thymeleaf.standard.processor.StandardNonRemovableAttributeTagProcessor
[THYMELEAF]             * [* {th:srclang,data-th-srclang}] [1000]: org.thymeleaf.standard.processor.StandardRemovableAttributeTagProcessor
[THYMELEAF]             * [* {th:marginwidth,data-th-marginwidth}] [1000]: org.thymeleaf.standard.processor.StandardRemovableAttributeTagProcessor
[THYMELEAF]             * [* {th:wrap,data-th-wrap}] [1000]: org.thymeleaf.standard.processor.StandardRemovableAttributeTagProcessor
[THYMELEAF]             * [* {th:label,data-th-label}] [1000]: org.thymeleaf.standard.processor.StandardRemovableAttributeTagProcessor
[THYMELEAF]             * [* {th:spellcheck,data-th-spellcheck}] [1000]: org.thymeleaf.standard.processor.StandardRemovableAttributeTagProcessor
[THYMELEAF]             * [* {th:start,data-th-start}] [1000]: org.thymeleaf.standard.processor.StandardRemovableAttributeTagProcessor
[THYMELEAF]             * [* {th:height,data-th-height}] [1000]: org.thymeleaf.standard.processor.StandardRemovableAttributeTagProcessor
[THYMELEAF]             * [* {th:sizes,data-th-sizes}] [1000]: org.thymeleaf.standard.processor.StandardRemovableAttributeTagProcessor
[THYMELEAF]             * [* {th:formenctype,data-th-formenctype}] [1000]: org.thymeleaf.standard.processor.StandardRemovableAttributeTagProcessor
[THYMELEAF]             * [* {th:dir,data-th-dir}] [1000]: org.thymeleaf.standard.processor.StandardRemovableAttributeTagProcessor
[THYMELEAF]             * [* {th:rows,data-th-rows}] [1000]: org.thymeleaf.standard.processor.StandardRemovableAttributeTagProcessor
[THYMELEAF]             * [* {th:formaction,data-th-formaction}] [1000]: org.thymeleaf.standard.processor.StandardRemovableAttributeTagProcessor
[THYMELEAF]             * [* {th:draggable,data-th-draggable}] [1000]: org.thymeleaf.standard.processor.StandardRemovableAttributeTagProcessor
[THYMELEAF]             * [* {th:style,data-th-style}] [1000]: org.thymeleaf.standard.processor.StandardRemovableAttributeTagProcessor
[THYMELEAF]             * [* {th:cols,data-th-cols}] [1000]: org.thymeleaf.standard.processor.StandardRemovableAttributeTagProcessor
[THYMELEAF]             * [* {th:form,data-th-form}] [1000]: org.thymeleaf.standard.processor.StandardRemovableAttributeTagProcessor
[THYMELEAF]             * [* {th:autocomplete,data-th-autocomplete}] [1000]: org.thymeleaf.standard.processor.StandardRemovableAttributeTagProcessor
[THYMELEAF]             * [* {th:alt,data-th-alt}] [1000]: org.thymeleaf.standard.processor.StandardRemovableAttributeTagProcessor
[THYMELEAF]             * [* {th:data,data-th-data}] [1000]: org.thymeleaf.standard.processor.StandardRemovableAttributeTagProcessor
[THYMELEAF]             * [* {th:cite,data-th-cite}] [1000]: org.thymeleaf.standard.processor.StandardRemovableAttributeTagProcessor
[THYMELEAF]             * [* {th:codebase,data-th-codebase}] [1000]: org.thymeleaf.standard.processor.StandardRemovableAttributeTagProcessor
[THYMELEAF]             * [* {th:scope,data-th-scope}] [1000]: org.thymeleaf.standard.processor.StandardRemovableAttributeTagProcessor
[THYMELEAF]             * [* {th:tabindex,data-th-tabindex}] [1000]: org.thymeleaf.standard.processor.StandardRemovableAttributeTagProcessor
[THYMELEAF]             * [* {th:scheme,data-th-scheme}] [1000]: org.thymeleaf.standard.processor.StandardRemovableAttributeTagProcessor
[THYMELEAF]             * [* {th:size,data-th-size}] [1000]: org.thymeleaf.standard.processor.StandardRemovableAttributeTagProcessor
[THYMELEAF]             * [* {th:content,data-th-content}] [1000]: org.thymeleaf.standard.processor.StandardRemovableAttributeTagProcessor
[THYMELEAF]             * [* {th:sandbox,data-th-sandbox}] [1000]: org.thymeleaf.standard.processor.StandardRemovableAttributeTagProcessor
[THYMELEAF]             * [* {th:abbr,data-th-abbr}] [1000]: org.thymeleaf.standard.processor.StandardRemovableAttributeTagProcessor
[THYMELEAF]             * [* {th:poster,data-th-poster}] [1000]: org.thymeleaf.standard.processor.StandardRemovableAttributeTagProcessor
[THYMELEAF]             * [* {th:id,data-th-id}] [1000]: org.thymeleaf.standard.processor.StandardRemovableAttributeTagProcessor
[THYMELEAF]             * [* {th:for,data-th-for}] [1000]: org.thymeleaf.standard.processor.StandardRemovableAttributeTagProcessor
[THYMELEAF]             * [* {th:list,data-th-list}] [1000]: org.thymeleaf.standard.processor.StandardRemovableAttributeTagProcessor
[THYMELEAF]             * [* {th:hreflang,data-th-hreflang}] [1000]: org.thymeleaf.standard.processor.StandardRemovableAttributeTagProcessor
[THYMELEAF]             * [* {th:manifest,data-th-manifest}] [1000]: org.thymeleaf.standard.processor.StandardRemovableAttributeTagProcessor
[THYMELEAF]             * [* {th:pattern,data-th-pattern}] [1000]: org.thymeleaf.standard.processor.StandardRemovableAttributeTagProcessor
[THYMELEAF]             * [* {th:charset,data-th-charset}] [1000]: org.thymeleaf.standard.processor.StandardRemovableAttributeTagProcessor
[THYMELEAF]             * [* {th:target,data-th-target}] [1000]: org.thymeleaf.standard.processor.StandardRemovableAttributeTagProcessor
[THYMELEAF]             * [* {th:cellspacing,data-th-cellspacing}] [1000]: org.thymeleaf.standard.processor.StandardRemovableAttributeTagProcessor
[THYMELEAF]             * [* {th:hspace,data-th-hspace}] [1000]: org.thymeleaf.standard.processor.StandardRemovableAttributeTagProcessor
[THYMELEAF]             * [* {th:datetime,data-th-datetime}] [1000]: org.thymeleaf.standard.processor.StandardRemovableAttributeTagProcessor
[THYMELEAF]             * [* {th:challenge,data-th-challenge}] [1000]: org.thymeleaf.standard.processor.StandardRemovableAttributeTagProcessor
[THYMELEAF]             * [* {th:rowspan,data-th-rowspan}] [1000]: org.thymeleaf.standard.processor.StandardRemovableAttributeTagProcessor
[THYMELEAF]             * [* {th:media,data-th-media}] [1000]: org.thymeleaf.standard.processor.StandardRemovableAttributeTagProcessor
[THYMELEAF]             * [* {th:compact,data-th-compact}] [1000]: org.thymeleaf.standard.processor.StandardRemovableAttributeTagProcessor
[THYMELEAF]             * [* {th:vspace,data-th-vspace}] [1000]: org.thymeleaf.standard.processor.StandardRemovableAttributeTagProcessor
[THYMELEAF]             * [* {th:accesskey,data-th-accesskey}] [1000]: org.thymeleaf.standard.processor.StandardRemovableAttributeTagProcessor
[THYMELEAF]             * [* {th:rules,data-th-rules}] [1000]: org.thymeleaf.standard.processor.StandardRemovableAttributeTagProcessor
[THYMELEAF]             * [* {th:lang,data-th-lang}] [1000]: org.thymeleaf.standard.processor.StandardRemovableAttributeTagProcessor
[THYMELEAF]             * [* {th:rev,data-th-rev}] [1000]: org.thymeleaf.standard.processor.StandardRemovableAttributeTagProcessor
[THYMELEAF]             * [* {th:width,data-th-width}] [1000]: org.thymeleaf.standard.processor.StandardRemovableAttributeTagProcessor
[THYMELEAF]             * [* {th:max,data-th-max}] [1000]: org.thymeleaf.standard.processor.StandardRemovableAttributeTagProcessor
[THYMELEAF]             * [* {th:radiogroup,data-th-radiogroup}] [1000]: org.thymeleaf.standard.processor.StandardRemovableAttributeTagProcessor
[THYMELEAF]             * [* {th:dropzone,data-th-dropzone}] [1000]: org.thymeleaf.standard.processor.StandardRemovableAttributeTagProcessor
[THYMELEAF]             * [* {th:span,data-th-span}] [1000]: org.thymeleaf.standard.processor.StandardRemovableAttributeTagProcessor
[THYMELEAF]             * [* {th:preload,data-th-preload}] [1000]: org.thymeleaf.standard.processor.StandardRemovableAttributeTagProcessor
[THYMELEAF]             * [* {th:align,data-th-align}] [1000]: org.thymeleaf.standard.processor.StandardRemovableAttributeTagProcessor
[THYMELEAF]             * [* {th:frame,data-th-frame}] [1000]: org.thymeleaf.standard.processor.StandardRemovableAttributeTagProcessor
[THYMELEAF]             * [* {th:enctype,data-th-enctype}] [1000]: org.thymeleaf.standard.processor.StandardRemovableAttributeTagProcessor
[THYMELEAF]             * [* {th:kind,data-th-kind}] [1000]: org.thymeleaf.standard.processor.StandardRemovableAttributeTagProcessor
[THYMELEAF]             * [* {th:summary,data-th-summary}] [1000]: org.thymeleaf.standard.processor.StandardRemovableAttributeTagProcessor
[THYMELEAF]             * [* {th:longdesc,data-th-longdesc}] [1000]: org.thymeleaf.standard.processor.StandardRemovableAttributeTagProcessor
[THYMELEAF]             * [* {th:marginheight,data-th-marginheight}] [1000]: org.thymeleaf.standard.processor.StandardRemovableAttributeTagProcessor
[THYMELEAF]             * [* {th:axis,data-th-axis}] [1000]: org.thymeleaf.standard.processor.StandardRemovableAttributeTagProcessor
[THYMELEAF]             * [* {th:high,data-th-high}] [1000]: org.thymeleaf.standard.processor.StandardRemovableAttributeTagProcessor
[THYMELEAF]             * [* {th:frameborder,data-th-frameborder}] [1000]: org.thymeleaf.standard.processor.StandardRemovableAttributeTagProcessor
[THYMELEAF]             * [* {th:contextmenu,data-th-contextmenu}] [1000]: org.thymeleaf.standard.processor.StandardRemovableAttributeTagProcessor
[THYMELEAF]             * [* {th:http-equiv,data-th-http-equiv}] [1000]: org.thymeleaf.standard.processor.StandardRemovableAttributeTagProcessor
[THYMELEAF]             * [* {th:contenteditable,data-th-contenteditable}] [1000]: org.thymeleaf.standard.processor.StandardRemovableAttributeTagProcessor
[THYMELEAF]             * [* {th:standby,data-th-standby}] [1000]: org.thymeleaf.standard.processor.StandardRemovableAttributeTagProcessor
[THYMELEAF]             * [* {th:title,data-th-title}] [1000]: org.thymeleaf.standard.processor.StandardRemovableAttributeTagProcessor
[THYMELEAF]             * [* {th:class,data-th-class}] [1000]: org.thymeleaf.standard.processor.StandardRemovableAttributeTagProcessor
[THYMELEAF]             * [* {th:border,data-th-border}] [1000]: org.thymeleaf.standard.processor.StandardRemovableAttributeTagProcessor
[THYMELEAF]             * [* {th:formmethod,data-th-formmethod}] [1000]: org.thymeleaf.standard.processor.StandardRemovableAttributeTagProcessor
[THYMELEAF]             * [* {th:headers,data-th-headers}] [1000]: org.thymeleaf.standard.processor.StandardRemovableAttributeTagProcessor
[THYMELEAF]             * [* {th:cellpadding,data-th-cellpadding}] [1000]: org.thymeleaf.standard.processor.StandardRemovableAttributeTagProcessor
[THYMELEAF]             * [* {th:usemap,data-th-usemap}] [1000]: org.thymeleaf.standard.processor.StandardRemovableAttributeTagProcessor
[THYMELEAF]             * [* {th:rel,data-th-rel}] [1000]: org.thymeleaf.standard.processor.StandardRemovableAttributeTagProcessor
[THYMELEAF]             * [* {th:accept-charset,data-th-accept-charset}] [1000]: org.thymeleaf.standard.processor.StandardRemovableAttributeTagProcessor
[THYMELEAF]             * [* {th:formtarget,data-th-formtarget}] [1000]: org.thymeleaf.standard.processor.StandardRemovableAttributeTagProcessor
[THYMELEAF]             * [* {th:optimum,data-th-optimum}] [1000]: org.thymeleaf.standard.processor.StandardRemovableAttributeTagProcessor
[THYMELEAF]             * [* {th:classid,data-th-classid}] [1000]: org.thymeleaf.standard.processor.StandardRemovableAttributeTagProcessor
[THYMELEAF]             * [* {th:maxlength,data-th-maxlength}] [1000]: org.thymeleaf.standard.processor.StandardRemovableAttributeTagProcessor
[THYMELEAF]             * [* {th:keytype,data-th-keytype}] [1000]: org.thymeleaf.standard.processor.StandardRemovableAttributeTagProcessor
[THYMELEAF]             * [* {th:colspan,data-th-colspan}] [1000]: org.thymeleaf.standard.processor.StandardRemovableAttributeTagProcessor
[THYMELEAF]             * [* {th:bgcolor,data-th-bgcolor}] [1000]: org.thymeleaf.standard.processor.StandardRemovableAttributeTagProcessor
[THYMELEAF]             * [* {th:placeholder,data-th-placeholder}] [1000]: org.thymeleaf.standard.processor.StandardRemovableAttributeTagProcessor
[THYMELEAF]             * [* {th:scrolling,data-th-scrolling}] [1000]: org.thymeleaf.standard.processor.StandardRemovableAttributeTagProcessor
[THYMELEAF]             * [* {th:valuetype,data-th-valuetype}] [1000]: org.thymeleaf.standard.processor.StandardRemovableAttributeTagProcessor
[THYMELEAF]             * [* {th:background,data-th-background}] [1000]: org.thymeleaf.standard.processor.StandardRemovableAttributeTagProcessor
[THYMELEAF]             * [* {th:audio,data-th-audio}] [1000]: org.thymeleaf.standard.processor.StandardRemovableAttributeTagProcessor
[THYMELEAF]             * [* {th:step,data-th-step}] [1000]: org.thymeleaf.standard.processor.StandardRemovableAttributeTagProcessor
[THYMELEAF]             * [* {th:codetype,data-th-codetype}] [1000]: org.thymeleaf.standard.processor.StandardRemovableAttributeTagProcessor
[THYMELEAF]             * [* {th:low,data-th-low}] [1000]: org.thymeleaf.standard.processor.StandardRemovableAttributeTagProcessor
[THYMELEAF]             * [* {th:archive,data-th-archive}] [1000]: org.thymeleaf.standard.processor.StandardRemovableAttributeTagProcessor
[THYMELEAF]             * [* {th:accept,data-th-accept}] [1000]: org.thymeleaf.standard.processor.StandardRemovableAttributeTagProcessor
[THYMELEAF]             * [* {th:icon,data-th-icon}] [1000]: org.thymeleaf.standard.processor.StandardRemovableAttributeTagProcessor
[THYMELEAF]             * [* {th:min,data-th-min}] [1000]: org.thymeleaf.standard.processor.StandardRemovableAttributeTagProcessor
[THYMELEAF]             * [* {th:src,data-th-src}] [1000]: org.thymeleaf.standard.processor.StandardSrcTagProcessor
[THYMELEAF]             * [* {th:value,data-th-value}] [1000]: org.thymeleaf.standard.processor.StandardValueTagProcessor
[THYMELEAF]             * [* {th:xmlbase,data-th-xmlbase}] [1000]: org.thymeleaf.standard.processor.StandardXmlBaseTagProcessor
[THYMELEAF]             * [* {th:xmllang,data-th-xmllang}] [1000]: org.thymeleaf.standard.processor.StandardXmlLangTagProcessor
[THYMELEAF]             * [* {xmlns:th}] [1000]: org.thymeleaf.standard.processor.StandardXmlNsTagProcessor
[THYMELEAF]             * [* {th:xmlspace,data-th-xmlspace}] [1000]: org.thymeleaf.standard.processor.StandardXmlSpaceTagProcessor
[THYMELEAF]             * [* {th:classappend,data-th-classappend}] [1100]: org.thymeleaf.standard.processor.StandardClassappendTagProcessor
[THYMELEAF]             * [* {th:styleappend,data-th-styleappend}] [1100]: org.thymeleaf.standard.processor.StandardStyleappendTagProcessor
[THYMELEAF]             * [* {th:text,data-th-text}] [1300]: org.thymeleaf.standard.processor.StandardTextTagProcessor
[THYMELEAF]             * [* {th:utext,data-th-utext}] [1400]: org.thymeleaf.standard.processor.StandardUtextTagProcessor
[THYMELEAF]             * [* {th:fragment,data-th-fragment}] [1500]: org.thymeleaf.standard.processor.StandardFragmentTagProcessor
[THYMELEAF]             * [* {th:assert,data-th-assert}] [1550]: org.thymeleaf.standard.processor.StandardAssertTagProcessor
[THYMELEAF]             * [* {th:remove,data-th-remove}] [1600]: org.thymeleaf.standard.processor.StandardRemoveTagProcessor
[THYMELEAF]             * [* {th:ref,data-th-ref}] [10000]: org.thymeleaf.standard.processor.StandardRefAttributeTagProcessor
[THYMELEAF]             * [{th:block,th-block} *] [100000]: org.thymeleaf.standard.processor.StandardBlockTagProcessor
[THYMELEAF]             * [* th:*] [2147483647]: org.thymeleaf.standard.processor.StandardDefaultAttributesTagProcessor
[THYMELEAF]         * Text Processors by [precedence]:
[THYMELEAF]             * [1000]: org.thymeleaf.standard.processor.StandardInliningTextProcessor
[THYMELEAF]         * DOCTYPE Processors by [precedence]:
[THYMELEAF]             * [1000]: org.thymeleaf.standard.processor.StandardTranslationDocTypeProcessor
[THYMELEAF]         * CDATA Section Processors by [precedence]:
[THYMELEAF]             * [1000]: org.thymeleaf.standard.processor.StandardInliningCDATASectionProcessor
[THYMELEAF]         * Comment Processors by [precedence]:
[THYMELEAF]             * [1000]: org.thymeleaf.standard.processor.StandardInliningCommentProcessor
[THYMELEAF]             * [1100]: org.thymeleaf.standard.processor.StandardConditionalCommentProcessor
[THYMELEAF]     * Processors for Template Mode: XML
[THYMELEAF]         * Element Tag Processors by [matching element and attribute name] [precedence]:
[THYMELEAF]             * [* {th:include}] [100]: org.thymeleaf.standard.processor.StandardIncludeTagProcessor
[THYMELEAF]             * [* {th:insert}] [100]: org.thymeleaf.standard.processor.StandardInsertTagProcessor
[THYMELEAF]             * [* {th:replace}] [100]: org.thymeleaf.standard.processor.StandardReplaceTagProcessor
[THYMELEAF]             * [* {th:each}] [200]: com.intuit.karate.template.KarateEachTagProcessor
[THYMELEAF]             * [* {th:switch}] [250]: org.thymeleaf.standard.processor.StandardSwitchTagProcessor
[THYMELEAF]             * [* {th:case}] [275]: org.thymeleaf.standard.processor.StandardCaseTagProcessor
[THYMELEAF]             * [* {th:if}] [300]: org.thymeleaf.standard.processor.StandardIfTagProcessor
[THYMELEAF]             * [* {th:unless}] [400]: org.thymeleaf.standard.processor.StandardUnlessTagProcessor
[THYMELEAF]             * [* {th:object}] [500]: org.thymeleaf.standard.processor.StandardObjectTagProcessor
[THYMELEAF]             * [* {th:with}] [600]: com.intuit.karate.template.KarateWithTagProcessor
[THYMELEAF]             * [* {th:attr}] [700]: com.intuit.karate.template.KarateAttributeTagProcessor.KarateAttrTagProcessor
[THYMELEAF]             * [* {th:attrappend}] [900]: com.intuit.karate.template.KarateAttributeTagProcessor.KarateAttrappendTagProcessor
[THYMELEAF]             * [* {th:attrprepend}] [900]: com.intuit.karate.template.KarateAttributeTagProcessor.KarateAttrprependTagProcessor
[THYMELEAF]             * [* {th:inline}] [1000]: org.thymeleaf.standard.processor.StandardInlineXMLTagProcessor
[THYMELEAF]             * [* {xmlns:th}] [1000]: org.thymeleaf.standard.processor.StandardXmlNsTagProcessor
[THYMELEAF]             * [* {th:text}] [1300]: org.thymeleaf.standard.processor.StandardTextTagProcessor
[THYMELEAF]             * [* {th:utext}] [1400]: org.thymeleaf.standard.processor.StandardUtextTagProcessor
[THYMELEAF]             * [* {th:fragment}] [1500]: org.thymeleaf.standard.processor.StandardFragmentTagProcessor
[THYMELEAF]             * [* {th:assert}] [1550]: org.thymeleaf.standard.processor.StandardAssertTagProcessor
[THYMELEAF]             * [* {th:remove}] [1600]: org.thymeleaf.standard.processor.StandardRemoveTagProcessor
[THYMELEAF]             * [* {th:ref}] [10000]: org.thymeleaf.standard.processor.StandardRefAttributeTagProcessor
[THYMELEAF]             * [{th:block} *] [100000]: org.thymeleaf.standard.processor.StandardBlockTagProcessor
[THYMELEAF]             * [* th:*] [2147483647]: org.thymeleaf.standard.processor.StandardDefaultAttributesTagProcessor
[THYMELEAF]         * Text Processors by [precedence]:
[THYMELEAF]             * [1000]: org.thymeleaf.standard.processor.StandardInliningTextProcessor
[THYMELEAF]         * CDATA Section Processors by [precedence]:
[THYMELEAF]             * [1000]: org.thymeleaf.standard.processor.StandardInliningCDATASectionProcessor
[THYMELEAF]         * Comment Processors by [precedence]:
[THYMELEAF]             * [1000]: org.thymeleaf.standard.processor.StandardInliningCommentProcessor
[THYMELEAF]     * Processors for Template Mode: TEXT
[THYMELEAF]         * Element Tag Processors by [matching element and attribute name] [precedence]:
[THYMELEAF]             * [* {th:insert}] [100]: org.thymeleaf.standard.processor.StandardInsertTagProcessor
[THYMELEAF]             * [* {th:replace}] [100]: org.thymeleaf.standard.processor.StandardReplaceTagProcessor
[THYMELEAF]             * [* {th:each}] [200]: com.intuit.karate.template.KarateEachTagProcessor
[THYMELEAF]             * [* {th:switch}] [250]: org.thymeleaf.standard.processor.StandardSwitchTagProcessor
[THYMELEAF]             * [* {th:case}] [275]: org.thymeleaf.standard.processor.StandardCaseTagProcessor
[THYMELEAF]             * [* {th:if}] [300]: org.thymeleaf.standard.processor.StandardIfTagProcessor
[THYMELEAF]             * [* {th:unless}] [400]: org.thymeleaf.standard.processor.StandardUnlessTagProcessor
[THYMELEAF]             * [* {th:object}] [500]: org.thymeleaf.standard.processor.StandardObjectTagProcessor
[THYMELEAF]             * [* {th:with}] [600]: com.intuit.karate.template.KarateWithTagProcessor
[THYMELEAF]             * [* {th:inline}] [1000]: org.thymeleaf.standard.processor.StandardInlineTextualTagProcessor
[THYMELEAF]             * [* {th:text}] [1300]: org.thymeleaf.standard.processor.StandardTextTagProcessor
[THYMELEAF]             * [* {th:utext}] [1400]: org.thymeleaf.standard.processor.StandardUtextTagProcessor
[THYMELEAF]             * [* {th:assert}] [1550]: org.thymeleaf.standard.processor.StandardAssertTagProcessor
[THYMELEAF]             * [* {th:remove}] [1600]: org.thymeleaf.standard.processor.StandardRemoveTagProcessor
[THYMELEAF]             * [{th:block} *] [100000]: org.thymeleaf.standard.processor.StandardBlockTagProcessor
[THYMELEAF]             * [* 100000] [org.thymeleaf.standard.processor.StandardBlockTagProcessor]: {}
[THYMELEAF]         * Text Processors by [precedence]:
[THYMELEAF]             * [1000]: org.thymeleaf.standard.processor.StandardInliningTextProcessor
[THYMELEAF]     * Processors for Template Mode: JAVASCRIPT
[THYMELEAF]         * Element Tag Processors by [matching element and attribute name] [precedence]:
[THYMELEAF]             * [* {th:insert}] [100]: org.thymeleaf.standard.processor.StandardInsertTagProcessor
[THYMELEAF]             * [* {th:replace}] [100]: org.thymeleaf.standard.processor.StandardReplaceTagProcessor
[THYMELEAF]             * [* {th:each}] [200]: com.intuit.karate.template.KarateEachTagProcessor
[THYMELEAF]             * [* {th:switch}] [250]: org.thymeleaf.standard.processor.StandardSwitchTagProcessor
[THYMELEAF]             * [* {th:case}] [275]: org.thymeleaf.standard.processor.StandardCaseTagProcessor
[THYMELEAF]             * [* {th:if}] [300]: org.thymeleaf.standard.processor.StandardIfTagProcessor
[THYMELEAF]             * [* {th:unless}] [400]: org.thymeleaf.standard.processor.StandardUnlessTagProcessor
[THYMELEAF]             * [* {th:object}] [500]: org.thymeleaf.standard.processor.StandardObjectTagProcessor
[THYMELEAF]             * [* {th:with}] [600]: com.intuit.karate.template.KarateWithTagProcessor
[THYMELEAF]             * [* {th:inline}] [1000]: org.thymeleaf.standard.processor.StandardInlineTextualTagProcessor
[THYMELEAF]             * [* {th:text}] [1300]: org.thymeleaf.standard.processor.StandardTextTagProcessor
[THYMELEAF]             * [* {th:utext}] [1400]: org.thymeleaf.standard.processor.StandardUtextTagProcessor
[THYMELEAF]             * [* {th:assert}] [1550]: org.thymeleaf.standard.processor.StandardAssertTagProcessor
[THYMELEAF]             * [* {th:remove}] [1600]: org.thymeleaf.standard.processor.StandardRemoveTagProcessor
[THYMELEAF]             * [{th:block} *] [100000]: org.thymeleaf.standard.processor.StandardBlockTagProcessor
[THYMELEAF]             * [* 100000] [org.thymeleaf.standard.processor.StandardBlockTagProcessor]: {}
[THYMELEAF]         * Text Processors by [precedence]:
[THYMELEAF]             * [1000]: org.thymeleaf.standard.processor.StandardInliningTextProcessor
[THYMELEAF]     * Processors for Template Mode: CSS
[THYMELEAF]         * Element Tag Processors by [matching element and attribute name] [precedence]:
[THYMELEAF]             * [* {th:insert}] [100]: org.thymeleaf.standard.processor.StandardInsertTagProcessor
[THYMELEAF]             * [* {th:replace}] [100]: org.thymeleaf.standard.processor.StandardReplaceTagProcessor
[THYMELEAF]             * [* {th:each}] [200]: com.intuit.karate.template.KarateEachTagProcessor
[THYMELEAF]             * [* {th:switch}] [250]: org.thymeleaf.standard.processor.StandardSwitchTagProcessor
[THYMELEAF]             * [* {th:case}] [275]: org.thymeleaf.standard.processor.StandardCaseTagProcessor
[THYMELEAF]             * [* {th:if}] [300]: org.thymeleaf.standard.processor.StandardIfTagProcessor
[THYMELEAF]             * [* {th:unless}] [400]: org.thymeleaf.standard.processor.StandardUnlessTagProcessor
[THYMELEAF]             * [* {th:object}] [500]: org.thymeleaf.standard.processor.StandardObjectTagProcessor
[THYMELEAF]             * [* {th:with}] [600]: com.intuit.karate.template.KarateWithTagProcessor
[THYMELEAF]             * [* {th:inline}] [1000]: org.thymeleaf.standard.processor.StandardInlineTextualTagProcessor
[THYMELEAF]             * [* {th:text}] [1300]: org.thymeleaf.standard.processor.StandardTextTagProcessor
[THYMELEAF]             * [* {th:utext}] [1400]: org.thymeleaf.standard.processor.StandardUtextTagProcessor
[THYMELEAF]             * [* {th:assert}] [1550]: org.thymeleaf.standard.processor.StandardAssertTagProcessor
[THYMELEAF]             * [* {th:remove}] [1600]: org.thymeleaf.standard.processor.StandardRemoveTagProcessor
[THYMELEAF]             * [{th:block} *] [100000]: org.thymeleaf.standard.processor.StandardBlockTagProcessor
[THYMELEAF]             * [* 100000] [org.thymeleaf.standard.processor.StandardBlockTagProcessor]: {}
[THYMELEAF]         * Text Processors by [precedence]:
[THYMELEAF]             * [1000]: org.thymeleaf.standard.processor.StandardInliningTextProcessor
[THYMELEAF]     * Expression Objects:
[THYMELEAF]         * #ctx
[THYMELEAF]         * #root
[THYMELEAF]         * #vars
[THYMELEAF]         * #object
[THYMELEAF]         * #locale
[THYMELEAF]         * #conversions
[THYMELEAF]         * #uris
[THYMELEAF]         * #temporals
[THYMELEAF]         * #calendars
[THYMELEAF]         * #dates
[THYMELEAF]         * #bools
[THYMELEAF]         * #numbers
[THYMELEAF]         * #objects
[THYMELEAF]         * #strings
[THYMELEAF]         * #arrays
[THYMELEAF]         * #lists
[THYMELEAF]         * #sets
[THYMELEAF]         * #maps
[THYMELEAF]         * #aggregates
[THYMELEAF]         * #messages
[THYMELEAF]         * #ids
[THYMELEAF]         * #execInfo
[THYMELEAF]         * #request
[THYMELEAF]         * #response
[THYMELEAF]         * #session
[THYMELEAF]         * #servletContext
[THYMELEAF]     * Execution Attributes:
[THYMELEAF]         * "StandardExpressionParser": com.intuit.karate.template.KarateStandardDialect@73a6cc79
[THYMELEAF]         * "StandardJavaScriptSerializer": org.thymeleaf.standard.serializer.StandardJavaScriptSerializer@615439f7
[THYMELEAF]         * "StandardCSSSerializer": org.thymeleaf.standard.serializer.StandardCSSSerializer@632cf7d3
[THYMELEAF]         * "StandardVariableExpressionEvaluator": com.intuit.karate.template.KarateStandardDialect@73a6cc79
[THYMELEAF]         * "StandardConversionService": org.thymeleaf.standard.expression.StandardConversionService@51b87df7
[THYMELEAF] * Dialect [2 of 2]: karate (com.intuit.karate.template.KarateScriptDialect)
[THYMELEAF]     * Prefix: "ka"
[THYMELEAF]     * Processors for Template Mode: HTML
[THYMELEAF]         * Element Tag Processors by [matching element and attribute name] [precedence]:
[THYMELEAF]             * [* {src}] [1000]: com.intuit.karate.template.KaScriptAttrProcessor
[THYMELEAF]         * Element Model Processors by [matching element and attribute name] [precedence]:
[THYMELEAF]             * [{script} {ka:scope,data-ka-scope}] [1000]: com.intuit.karate.template.KaScriptElemProcessor
[THYMELEAF]             * [* {ka:set,data-ka-set}] [1000]: com.intuit.karate.template.KaSetElemProcessor
[THYMELEAF] TEMPLATE ENGINE CONFIGURED OK
16:12:30.666 [main] DEBUG org.thymeleaf.TemplateEngine -- [THYMELEAF] TEMPLATE ENGINE INITIALIZED
---------------------------------------------------------
feature: classpath:features/performance/login-performance-sequential.feature
scenarios:  1 | passed:  1 | failed:  0 | time: 28.7176
---------------------------------------------------------

16:12:32.633 [main] INFO com.intuit.karate.Suite -- <<pass>> feature 1 of 1 (0 remaining) classpath:features/performance/login-performance-sequential.feature
Karate version: 1.4.1
======================================================
elapsed:  32.28 | threads:    1 | thread time: 28.72 
features:     1 | skipped:    0 | efficiency: 0.89
scenarios:    1 | passed:     1 | failed: 0
======================================================
16:12:32.787 [main] DEBUG org.thymeleaf.TemplateEngine -- [THYMELEAF] INITIALIZING TEMPLATE ENGINE
16:12:32.806 [main] DEBUG org.thymeleaf.TemplateEngine.CONFIG -- Initializing Thymeleaf Template engine configuration...
[THYMELEAF] TEMPLATE ENGINE CONFIGURATION:
[THYMELEAF] * Thymeleaf version: 3.1.2.RELEASE (built 2023-07-30T19:25:50+0000)
[THYMELEAF] * Cache Manager implementation: org.thymeleaf.cache.StandardCacheManager
[THYMELEAF] * Template resolvers:
[THYMELEAF]     * [1] com.intuit.karate.template.ResourceHtmlTemplateResolver
[THYMELEAF] * Message resolvers:
[THYMELEAF]     * org.thymeleaf.messageresolver.StandardMessageResolver
[THYMELEAF] * Link builders:
[THYMELEAF]     * org.thymeleaf.linkbuilder.StandardLinkBuilder
[THYMELEAF] * Dialect [1 of 2]: Standard (com.intuit.karate.template.KarateStandardDialect)
[THYMELEAF]     * Prefix: "th"
[THYMELEAF]     * Processors for Template Mode: HTML
[THYMELEAF]         * Element Tag Processors by [matching element and attribute name] [precedence]:
[THYMELEAF]             * [* {th:include,data-th-include}] [100]: org.thymeleaf.standard.processor.StandardIncludeTagProcessor
[THYMELEAF]             * [* {th:insert,data-th-insert}] [100]: org.thymeleaf.standard.processor.StandardInsertTagProcessor
[THYMELEAF]             * [* {th:replace,data-th-replace}] [100]: org.thymeleaf.standard.processor.StandardReplaceTagProcessor
[THYMELEAF]             * [* {th:each,data-th-each}] [200]: com.intuit.karate.template.KarateEachTagProcessor
[THYMELEAF]             * [* {th:switch,data-th-switch}] [250]: org.thymeleaf.standard.processor.StandardSwitchTagProcessor
[THYMELEAF]             * [* {th:case,data-th-case}] [275]: org.thymeleaf.standard.processor.StandardCaseTagProcessor
[THYMELEAF]             * [* {th:if,data-th-if}] [300]: org.thymeleaf.standard.processor.StandardIfTagProcessor
[THYMELEAF]             * [* {th:unless,data-th-unless}] [400]: org.thymeleaf.standard.processor.StandardUnlessTagProcessor
[THYMELEAF]             * [* {th:object,data-th-object}] [500]: org.thymeleaf.standard.processor.StandardObjectTagProcessor
[THYMELEAF]             * [* {th:with,data-th-with}] [600]: com.intuit.karate.template.KarateWithTagProcessor
[THYMELEAF]             * [* {th:attr,data-th-attr}] [700]: com.intuit.karate.template.KarateAttributeTagProcessor.KarateAttrTagProcessor
[THYMELEAF]             * [* {th:attrappend,data-th-attrappend}] [900]: com.intuit.karate.template.KarateAttributeTagProcessor.KarateAttrappendTagProcessor
[THYMELEAF]             * [* {th:attrprepend,data-th-attrprepend}] [900]: com.intuit.karate.template.KarateAttributeTagProcessor.KarateAttrprependTagProcessor
[THYMELEAF]             * [* {th:alt-title,data-th-alt-title}] [990]: org.thymeleaf.standard.processor.StandardAltTitleTagProcessor
[THYMELEAF]             * [* {th:lang-xmllang,data-th-lang-xmllang}] [990]: org.thymeleaf.standard.processor.StandardLangXmlLangTagProcessor
[THYMELEAF]             * [* {th:action,data-th-action}] [1000]: org.thymeleaf.standard.processor.StandardActionTagProcessor
[THYMELEAF]             * [* {th:ismap,data-th-ismap}] [1000]: org.thymeleaf.standard.processor.StandardConditionalFixedValueTagProcessor
[THYMELEAF]             * [* {th:defer,data-th-defer}] [1000]: org.thymeleaf.standard.processor.StandardConditionalFixedValueTagProcessor
[THYMELEAF]             * [* {th:seamless,data-th-seamless}] [1000]: org.thymeleaf.standard.processor.StandardConditionalFixedValueTagProcessor
[THYMELEAF]             * [* {th:required,data-th-required}] [1000]: org.thymeleaf.standard.processor.StandardConditionalFixedValueTagProcessor
[THYMELEAF]             * [* {th:checked,data-th-checked}] [1000]: org.thymeleaf.standard.processor.StandardConditionalFixedValueTagProcessor
[THYMELEAF]             * [* {th:disabled,data-th-disabled}] [1000]: org.thymeleaf.standard.processor.StandardConditionalFixedValueTagProcessor
[THYMELEAF]             * [* {th:default,data-th-default}] [1000]: org.thymeleaf.standard.processor.StandardConditionalFixedValueTagProcessor
[THYMELEAF]             * [* {th:async,data-th-async}] [1000]: org.thymeleaf.standard.processor.StandardConditionalFixedValueTagProcessor
[THYMELEAF]             * [* {th:autoplay,data-th-autoplay}] [1000]: org.thymeleaf.standard.processor.StandardConditionalFixedValueTagProcessor
[THYMELEAF]             * [* {th:loop,data-th-loop}] [1000]: org.thymeleaf.standard.processor.StandardConditionalFixedValueTagProcessor
[THYMELEAF]             * [* {th:readonly,data-th-readonly}] [1000]: org.thymeleaf.standard.processor.StandardConditionalFixedValueTagProcessor
[THYMELEAF]             * [* {th:autofocus,data-th-autofocus}] [1000]: org.thymeleaf.standard.processor.StandardConditionalFixedValueTagProcessor
[THYMELEAF]             * [* {th:controls,data-th-controls}] [1000]: org.thymeleaf.standard.processor.StandardConditionalFixedValueTagProcessor
[THYMELEAF]             * [* {th:formnovalidate,data-th-formnovalidate}] [1000]: org.thymeleaf.standard.processor.StandardConditionalFixedValueTagProcessor
[THYMELEAF]             * [* {th:selected,data-th-selected}] [1000]: org.thymeleaf.standard.processor.StandardConditionalFixedValueTagProcessor
[THYMELEAF]             * [* {th:nowrap,data-th-nowrap}] [1000]: org.thymeleaf.standard.processor.StandardConditionalFixedValueTagProcessor
[THYMELEAF]             * [* {th:declare,data-th-declare}] [1000]: org.thymeleaf.standard.processor.StandardConditionalFixedValueTagProcessor
[THYMELEAF]             * [* {th:scoped,data-th-scoped}] [1000]: org.thymeleaf.standard.processor.StandardConditionalFixedValueTagProcessor
[THYMELEAF]             * [* {th:pubdate,data-th-pubdate}] [1000]: org.thymeleaf.standard.processor.StandardConditionalFixedValueTagProcessor
[THYMELEAF]             * [* {th:multiple,data-th-multiple}] [1000]: org.thymeleaf.standard.processor.StandardConditionalFixedValueTagProcessor
[THYMELEAF]             * [* {th:novalidate,data-th-novalidate}] [1000]: org.thymeleaf.standard.processor.StandardConditionalFixedValueTagProcessor
[THYMELEAF]             * [* {th:open,data-th-open}] [1000]: org.thymeleaf.standard.processor.StandardConditionalFixedValueTagProcessor
[THYMELEAF]             * [* {th:hidden,data-th-hidden}] [1000]: org.thymeleaf.standard.processor.StandardConditionalFixedValueTagProcessor
[THYMELEAF]             * [* {th:reversed,data-th-reversed}] [1000]: org.thymeleaf.standard.processor.StandardConditionalFixedValueTagProcessor
[THYMELEAF]             * [* {th:onfocus,data-th-onfocus}] [1000]: org.thymeleaf.standard.processor.StandardDOMEventAttributeTagProcessor
[THYMELEAF]             * [* {th:ondblclick,data-th-ondblclick}] [1000]: org.thymeleaf.standard.processor.StandardDOMEventAttributeTagProcessor
[THYMELEAF]             * [* {th:ontimeupdate,data-th-ontimeupdate}] [1000]: org.thymeleaf.standard.processor.StandardDOMEventAttributeTagProcessor
[THYMELEAF]             * [* {th:onclick,data-th-onclick}] [1000]: org.thymeleaf.standard.processor.StandardDOMEventAttributeTagProcessor
[THYMELEAF]             * [* {th:onreadystatechange,data-th-onreadystatechange}] [1000]: org.thymeleaf.standard.processor.StandardDOMEventAttributeTagProcessor
[THYMELEAF]             * [* {th:onredo,data-th-onredo}] [1000]: org.thymeleaf.standard.processor.StandardDOMEventAttributeTagProcessor
[THYMELEAF]             * [* {th:onforminput,data-th-onforminput}] [1000]: org.thymeleaf.standard.processor.StandardDOMEventAttributeTagProcessor
[THYMELEAF]             * [* {th:onemptied,data-th-onemptied}] [1000]: org.thymeleaf.standard.processor.StandardDOMEventAttributeTagProcessor
[THYMELEAF]             * [* {th:ononline,data-th-ononline}] [1000]: org.thymeleaf.standard.processor.StandardDOMEventAttributeTagProcessor
[THYMELEAF]             * [* {th:onplay,data-th-onplay}] [1000]: org.thymeleaf.standard.processor.StandardDOMEventAttributeTagProcessor
[THYMELEAF]             * [* {th:oninvalid,data-th-oninvalid}] [1000]: org.thymeleaf.standard.processor.StandardDOMEventAttributeTagProcessor
[THYMELEAF]             * [* {th:ondragstart,data-th-ondragstart}] [1000]: org.thymeleaf.standard.processor.StandardDOMEventAttributeTagProcessor
[THYMELEAF]             * [* {th:oninput,data-th-oninput}] [1000]: org.thymeleaf.standard.processor.StandardDOMEventAttributeTagProcessor
[THYMELEAF]             * [* {th:onratechange,data-th-onratechange}] [1000]: org.thymeleaf.standard.processor.StandardDOMEventAttributeTagProcessor
[THYMELEAF]             * [* {th:onchange,data-th-onchange}] [1000]: org.thymeleaf.standard.processor.StandardDOMEventAttributeTagProcessor
[THYMELEAF]             * [* {th:onmouseout,data-th-onmouseout}] [1000]: org.thymeleaf.standard.processor.StandardDOMEventAttributeTagProcessor
[THYMELEAF]             * [* {th:onloadstart,data-th-onloadstart}] [1000]: org.thymeleaf.standard.processor.StandardDOMEventAttributeTagProcessor
[THYMELEAF]             * [* {th:onmousedown,data-th-onmousedown}] [1000]: org.thymeleaf.standard.processor.StandardDOMEventAttributeTagProcessor
[THYMELEAF]             * [* {th:onafterprint,data-th-onafterprint}] [1000]: org.thymeleaf.standard.processor.StandardDOMEventAttributeTagProcessor
[THYMELEAF]             * [* {th:onmousewheel,data-th-onmousewheel}] [1000]: org.thymeleaf.standard.processor.StandardDOMEventAttributeTagProcessor
[THYMELEAF]             * [* {th:onunload,data-th-onunload}] [1000]: org.thymeleaf.standard.processor.StandardDOMEventAttributeTagProcessor
[THYMELEAF]             * [* {th:onshow,data-th-onshow}] [1000]: org.thymeleaf.standard.processor.StandardDOMEventAttributeTagProcessor
[THYMELEAF]             * [* {th:onloadeddata,data-th-onloadeddata}] [1000]: org.thymeleaf.standard.processor.StandardDOMEventAttributeTagProcessor
[THYMELEAF]             * [* {th:onmouseover,data-th-onmouseover}] [1000]: org.thymeleaf.standard.processor.StandardDOMEventAttributeTagProcessor
[THYMELEAF]             * [* {th:onbeforeprint,data-th-onbeforeprint}] [1000]: org.thymeleaf.standard.processor.StandardDOMEventAttributeTagProcessor
[THYMELEAF]             * [* {th:onseeked,data-th-onseeked}] [1000]: org.thymeleaf.standard.processor.StandardDOMEventAttributeTagProcessor
[THYMELEAF]             * [* {th:onreset,data-th-onreset}] [1000]: org.thymeleaf.standard.processor.StandardDOMEventAttributeTagProcessor
[THYMELEAF]             * [* {th:oncanplaythrough,data-th-oncanplaythrough}] [1000]: org.thymeleaf.standard.processor.StandardDOMEventAttributeTagProcessor
[THYMELEAF]             * [* {th:onblur,data-th-onblur}] [1000]: org.thymeleaf.standard.processor.StandardDOMEventAttributeTagProcessor
[THYMELEAF]             * [* {th:onkeydown,data-th-onkeydown}] [1000]: org.thymeleaf.standard.processor.StandardDOMEventAttributeTagProcessor
[THYMELEAF]             * [* {th:onerror,data-th-onerror}] [1000]: org.thymeleaf.standard.processor.StandardDOMEventAttributeTagProcessor
[THYMELEAF]             * [* {th:ondragenter,data-th-ondragenter}] [1000]: org.thymeleaf.standard.processor.StandardDOMEventAttributeTagProcessor
[THYMELEAF]             * [* {th:ondragend,data-th-ondragend}] [1000]: org.thymeleaf.standard.processor.StandardDOMEventAttributeTagProcessor
[THYMELEAF]             * [* {th:onprogress,data-th-onprogress}] [1000]: org.thymeleaf.standard.processor.StandardDOMEventAttributeTagProcessor
[THYMELEAF]             * [* {th:onsubmit,data-th-onsubmit}] [1000]: org.thymeleaf.standard.processor.StandardDOMEventAttributeTagProcessor
[THYMELEAF]             * [* {th:onmousemove,data-th-onmousemove}] [1000]: org.thymeleaf.standard.processor.StandardDOMEventAttributeTagProcessor
[THYMELEAF]             * [* {th:oncontextmenu,data-th-oncontextmenu}] [1000]: org.thymeleaf.standard.processor.StandardDOMEventAttributeTagProcessor
[THYMELEAF]             * [* {th:onpause,data-th-onpause}] [1000]: org.thymeleaf.standard.processor.StandardDOMEventAttributeTagProcessor
[THYMELEAF]             * [* {th:ondrag,data-th-ondrag}] [1000]: org.thymeleaf.standard.processor.StandardDOMEventAttributeTagProcessor
[THYMELEAF]             * [* {th:onkeypress,data-th-onkeypress}] [1000]: org.thymeleaf.standard.processor.StandardDOMEventAttributeTagProcessor
[THYMELEAF]             * [* {th:oncanplay,data-th-oncanplay}] [1000]: org.thymeleaf.standard.processor.StandardDOMEventAttributeTagProcessor
[THYMELEAF]             * [* {th:onformchange,data-th-onformchange}] [1000]: org.thymeleaf.standard.processor.StandardDOMEventAttributeTagProcessor
[THYMELEAF]             * [* {th:ondurationchange,data-th-ondurationchange}] [1000]: org.thymeleaf.standard.processor.StandardDOMEventAttributeTagProcessor
[THYMELEAF]             * [* {th:onscroll,data-th-onscroll}] [1000]: org.thymeleaf.standard.processor.StandardDOMEventAttributeTagProcessor
[THYMELEAF]             * [* {th:onload,data-th-onload}] [1000]: org.thymeleaf.standard.processor.StandardDOMEventAttributeTagProcessor
[THYMELEAF]             * [* {th:onwaiting,data-th-onwaiting}] [1000]: org.thymeleaf.standard.processor.StandardDOMEventAttributeTagProcessor
[THYMELEAF]             * [* {th:onstalled,data-th-onstalled}] [1000]: org.thymeleaf.standard.processor.StandardDOMEventAttributeTagProcessor
[THYMELEAF]             * [* {th:onplaying,data-th-onplaying}] [1000]: org.thymeleaf.standard.processor.StandardDOMEventAttributeTagProcessor
[THYMELEAF]             * [* {th:onundo,data-th-onundo}] [1000]: org.thymeleaf.standard.processor.StandardDOMEventAttributeTagProcessor
[THYMELEAF]             * [* {th:onresize,data-th-onresize}] [1000]: org.thymeleaf.standard.processor.StandardDOMEventAttributeTagProcessor
[THYMELEAF]             * [* {th:ondrop,data-th-ondrop}] [1000]: org.thymeleaf.standard.processor.StandardDOMEventAttributeTagProcessor
[THYMELEAF]             * [* {th:onmouseup,data-th-onmouseup}] [1000]: org.thymeleaf.standard.processor.StandardDOMEventAttributeTagProcessor
[THYMELEAF]             * [* {th:onstorage,data-th-onstorage}] [1000]: org.thymeleaf.standard.processor.StandardDOMEventAttributeTagProcessor
[THYMELEAF]             * [* {th:onhashchange,data-th-onhashchange}] [1000]: org.thymeleaf.standard.processor.StandardDOMEventAttributeTagProcessor
[THYMELEAF]             * [* {th:onoffline,data-th-onoffline}] [1000]: org.thymeleaf.standard.processor.StandardDOMEventAttributeTagProcessor
[THYMELEAF]             * [* {th:onkeyup,data-th-onkeyup}] [1000]: org.thymeleaf.standard.processor.StandardDOMEventAttributeTagProcessor
[THYMELEAF]             * [* {th:onloadedmetadata,data-th-onloadedmetadata}] [1000]: org.thymeleaf.standard.processor.StandardDOMEventAttributeTagProcessor
[THYMELEAF]             * [* {th:onabort,data-th-onabort}] [1000]: org.thymeleaf.standard.processor.StandardDOMEventAttributeTagProcessor
[THYMELEAF]             * [* {th:onselect,data-th-onselect}] [1000]: org.thymeleaf.standard.processor.StandardDOMEventAttributeTagProcessor
[THYMELEAF]             * [* {th:onpopstate,data-th-onpopstate}] [1000]: org.thymeleaf.standard.processor.StandardDOMEventAttributeTagProcessor
[THYMELEAF]             * [* {th:onvolumechange,data-th-onvolumechange}] [1000]: org.thymeleaf.standard.processor.StandardDOMEventAttributeTagProcessor
[THYMELEAF]             * [* {th:onsuspend,data-th-onsuspend}] [1000]: org.thymeleaf.standard.processor.StandardDOMEventAttributeTagProcessor
[THYMELEAF]             * [* {th:onbeforeunload,data-th-onbeforeunload}] [1000]: org.thymeleaf.standard.processor.StandardDOMEventAttributeTagProcessor
[THYMELEAF]             * [* {th:onseeking,data-th-onseeking}] [1000]: org.thymeleaf.standard.processor.StandardDOMEventAttributeTagProcessor
[THYMELEAF]             * [* {th:ondragover,data-th-ondragover}] [1000]: org.thymeleaf.standard.processor.StandardDOMEventAttributeTagProcessor
[THYMELEAF]             * [* {th:onended,data-th-onended}] [1000]: org.thymeleaf.standard.processor.StandardDOMEventAttributeTagProcessor
[THYMELEAF]             * [* {th:onmessage,data-th-onmessage}] [1000]: org.thymeleaf.standard.processor.StandardDOMEventAttributeTagProcessor
[THYMELEAF]             * [* {th:ondragleave,data-th-ondragleave}] [1000]: org.thymeleaf.standard.processor.StandardDOMEventAttributeTagProcessor
[THYMELEAF]             * [* {th:href,data-th-href}] [1000]: org.thymeleaf.standard.processor.StandardHrefTagProcessor
[THYMELEAF]             * [* {th:inline,data-th-inline}] [1000]: org.thymeleaf.standard.processor.StandardInlineHTMLTagProcessor
[THYMELEAF]             * [* {th:method,data-th-method}] [1000]: org.thymeleaf.standard.processor.StandardMethodTagProcessor
[THYMELEAF]             * [* {th:type,data-th-type}] [1000]: org.thymeleaf.standard.processor.StandardNonRemovableAttributeTagProcessor
[THYMELEAF]             * [* {th:name,data-th-name}] [1000]: org.thymeleaf.standard.processor.StandardNonRemovableAttributeTagProcessor
[THYMELEAF]             * [* {th:hreflang,data-th-hreflang}] [1000]: org.thymeleaf.standard.processor.StandardRemovableAttributeTagProcessor
[THYMELEAF]             * [* {th:id,data-th-id}] [1000]: org.thymeleaf.standard.processor.StandardRemovableAttributeTagProcessor
[THYMELEAF]             * [* {th:rel,data-th-rel}] [1000]: org.thymeleaf.standard.processor.StandardRemovableAttributeTagProcessor
[THYMELEAF]             * [* {th:audio,data-th-audio}] [1000]: org.thymeleaf.standard.processor.StandardRemovableAttributeTagProcessor
[THYMELEAF]             * [* {th:formaction,data-th-formaction}] [1000]: org.thymeleaf.standard.processor.StandardRemovableAttributeTagProcessor
[THYMELEAF]             * [* {th:tabindex,data-th-tabindex}] [1000]: org.thymeleaf.standard.processor.StandardRemovableAttributeTagProcessor
[THYMELEAF]             * [* {th:bgcolor,data-th-bgcolor}] [1000]: org.thymeleaf.standard.processor.StandardRemovableAttributeTagProcessor
[THYMELEAF]             * [* {th:accept-charset,data-th-accept-charset}] [1000]: org.thymeleaf.standard.processor.StandardRemovableAttributeTagProcessor
[THYMELEAF]             * [* {th:high,data-th-high}] [1000]: org.thymeleaf.standard.processor.StandardRemovableAttributeTagProcessor
[THYMELEAF]             * [* {th:colspan,data-th-colspan}] [1000]: org.thymeleaf.standard.processor.StandardRemovableAttributeTagProcessor
[THYMELEAF]             * [* {th:contextmenu,data-th-contextmenu}] [1000]: org.thymeleaf.standard.processor.StandardRemovableAttributeTagProcessor
[THYMELEAF]             * [* {th:min,data-th-min}] [1000]: org.thymeleaf.standard.processor.StandardRemovableAttributeTagProcessor
[THYMELEAF]             * [* {th:label,data-th-label}] [1000]: org.thymeleaf.standard.processor.StandardRemovableAttributeTagProcessor
[THYMELEAF]             * [* {th:start,data-th-start}] [1000]: org.thymeleaf.standard.processor.StandardRemovableAttributeTagProcessor
[THYMELEAF]             * [* {th:axis,data-th-axis}] [1000]: org.thymeleaf.standard.processor.StandardRemovableAttributeTagProcessor
[THYMELEAF]             * [* {th:datetime,data-th-datetime}] [1000]: org.thymeleaf.standard.processor.StandardRemovableAttributeTagProcessor
[THYMELEAF]             * [* {th:summary,data-th-summary}] [1000]: org.thymeleaf.standard.processor.StandardRemovableAttributeTagProcessor
[THYMELEAF]             * [* {th:dir,data-th-dir}] [1000]: org.thymeleaf.standard.processor.StandardRemovableAttributeTagProcessor
[THYMELEAF]             * [* {th:classid,data-th-classid}] [1000]: org.thymeleaf.standard.processor.StandardRemovableAttributeTagProcessor
[THYMELEAF]             * [* {th:step,data-th-step}] [1000]: org.thymeleaf.standard.processor.StandardRemovableAttributeTagProcessor
[THYMELEAF]             * [* {th:lang,data-th-lang}] [1000]: org.thymeleaf.standard.processor.StandardRemovableAttributeTagProcessor
[THYMELEAF]             * [* {th:formtarget,data-th-formtarget}] [1000]: org.thymeleaf.standard.processor.StandardRemovableAttributeTagProcessor
[THYMELEAF]             * [* {th:low,data-th-low}] [1000]: org.thymeleaf.standard.processor.StandardRemovableAttributeTagProcessor
[THYMELEAF]             * [* {th:headers,data-th-headers}] [1000]: org.thymeleaf.standard.processor.StandardRemovableAttributeTagProcessor
[THYMELEAF]             * [* {th:icon,data-th-icon}] [1000]: org.thymeleaf.standard.processor.StandardRemovableAttributeTagProcessor
[THYMELEAF]             * [* {th:hspace,data-th-hspace}] [1000]: org.thymeleaf.standard.processor.StandardRemovableAttributeTagProcessor
[THYMELEAF]             * [* {th:media,data-th-media}] [1000]: org.thymeleaf.standard.processor.StandardRemovableAttributeTagProcessor
[THYMELEAF]             * [* {th:title,data-th-title}] [1000]: org.thymeleaf.standard.processor.StandardRemovableAttributeTagProcessor
[THYMELEAF]             * [* {th:frame,data-th-frame}] [1000]: org.thymeleaf.standard.processor.StandardRemovableAttributeTagProcessor
[THYMELEAF]             * [* {th:sandbox,data-th-sandbox}] [1000]: org.thymeleaf.standard.processor.StandardRemovableAttributeTagProcessor
[THYMELEAF]             * [* {th:standby,data-th-standby}] [1000]: org.thymeleaf.standard.processor.StandardRemovableAttributeTagProcessor
[THYMELEAF]             * [* {th:manifest,data-th-manifest}] [1000]: org.thymeleaf.standard.processor.StandardRemovableAttributeTagProcessor
[THYMELEAF]             * [* {th:cite,data-th-cite}] [1000]: org.thymeleaf.standard.processor.StandardRemovableAttributeTagProcessor
[THYMELEAF]             * [* {th:kind,data-th-kind}] [1000]: org.thymeleaf.standard.processor.StandardRemovableAttributeTagProcessor
[THYMELEAF]             * [* {th:class,data-th-class}] [1000]: org.thymeleaf.standard.processor.StandardRemovableAttributeTagProcessor
[THYMELEAF]             * [* {th:style,data-th-style}] [1000]: org.thymeleaf.standard.processor.StandardRemovableAttributeTagProcessor
[THYMELEAF]             * [* {th:size,data-th-size}] [1000]: org.thymeleaf.standard.processor.StandardRemovableAttributeTagProcessor
[THYMELEAF]             * [* {th:charset,data-th-charset}] [1000]: org.thymeleaf.standard.processor.StandardRemovableAttributeTagProcessor
[THYMELEAF]             * [* {th:wrap,data-th-wrap}] [1000]: org.thymeleaf.standard.processor.StandardRemovableAttributeTagProcessor
[THYMELEAF]             * [* {th:optimum,data-th-optimum}] [1000]: org.thymeleaf.standard.processor.StandardRemovableAttributeTagProcessor
[THYMELEAF]             * [* {th:spellcheck,data-th-spellcheck}] [1000]: org.thymeleaf.standard.processor.StandardRemovableAttributeTagProcessor
[THYMELEAF]             * [* {th:draggable,data-th-draggable}] [1000]: org.thymeleaf.standard.processor.StandardRemovableAttributeTagProcessor
[THYMELEAF]             * [* {th:cellpadding,data-th-cellpadding}] [1000]: org.thymeleaf.standard.processor.StandardRemovableAttributeTagProcessor
[THYMELEAF]             * [* {th:srclang,data-th-srclang}] [1000]: org.thymeleaf.standard.processor.StandardRemovableAttributeTagProcessor
[THYMELEAF]             * [* {th:span,data-th-span}] [1000]: org.thymeleaf.standard.processor.StandardRemovableAttributeTagProcessor
[THYMELEAF]             * [* {th:preload,data-th-preload}] [1000]: org.thymeleaf.standard.processor.StandardRemovableAttributeTagProcessor
[THYMELEAF]             * [* {th:poster,data-th-poster}] [1000]: org.thymeleaf.standard.processor.StandardRemovableAttributeTagProcessor
[THYMELEAF]             * [* {th:background,data-th-background}] [1000]: org.thymeleaf.standard.processor.StandardRemovableAttributeTagProcessor
[THYMELEAF]             * [* {th:width,data-th-width}] [1000]: org.thymeleaf.standard.processor.StandardRemovableAttributeTagProcessor
[THYMELEAF]             * [* {th:accesskey,data-th-accesskey}] [1000]: org.thymeleaf.standard.processor.StandardRemovableAttributeTagProcessor
[THYMELEAF]             * [* {th:cellspacing,data-th-cellspacing}] [1000]: org.thymeleaf.standard.processor.StandardRemovableAttributeTagProcessor
[THYMELEAF]             * [* {th:challenge,data-th-challenge}] [1000]: org.thymeleaf.standard.processor.StandardRemovableAttributeTagProcessor
[THYMELEAF]             * [* {th:data,data-th-data}] [1000]: org.thymeleaf.standard.processor.StandardRemovableAttributeTagProcessor
[THYMELEAF]             * [* {th:radiogroup,data-th-radiogroup}] [1000]: org.thymeleaf.standard.processor.StandardRemovableAttributeTagProcessor
[THYMELEAF]             * [* {th:vspace,data-th-vspace}] [1000]: org.thymeleaf.standard.processor.StandardRemovableAttributeTagProcessor
[THYMELEAF]             * [* {th:rules,data-th-rules}] [1000]: org.thymeleaf.standard.processor.StandardRemovableAttributeTagProcessor
[THYMELEAF]             * [* {th:cols,data-th-cols}] [1000]: org.thymeleaf.standard.processor.StandardRemovableAttributeTagProcessor
[THYMELEAF]             * [* {th:formmethod,data-th-formmethod}] [1000]: org.thymeleaf.standard.processor.StandardRemovableAttributeTagProcessor
[THYMELEAF]             * [* {th:marginheight,data-th-marginheight}] [1000]: org.thymeleaf.standard.processor.StandardRemovableAttributeTagProcessor
[THYMELEAF]             * [* {th:maxlength,data-th-maxlength}] [1000]: org.thymeleaf.standard.processor.StandardRemovableAttributeTagProcessor
[THYMELEAF]             * [* {th:align,data-th-align}] [1000]: org.thymeleaf.standard.processor.StandardRemovableAttributeTagProcessor
[THYMELEAF]             * [* {th:rowspan,data-th-rowspan}] [1000]: org.thymeleaf.standard.processor.StandardRemovableAttributeTagProcessor
[THYMELEAF]             * [* {th:usemap,data-th-usemap}] [1000]: org.thymeleaf.standard.processor.StandardRemovableAttributeTagProcessor
[THYMELEAF]             * [* {th:sizes,data-th-sizes}] [1000]: org.thymeleaf.standard.processor.StandardRemovableAttributeTagProcessor
[THYMELEAF]             * [* {th:pattern,data-th-pattern}] [1000]: org.thymeleaf.standard.processor.StandardRemovableAttributeTagProcessor
[THYMELEAF]             * [* {th:alt,data-th-alt}] [1000]: org.thymeleaf.standard.processor.StandardRemovableAttributeTagProcessor
[THYMELEAF]             * [* {th:accept,data-th-accept}] [1000]: org.thymeleaf.standard.processor.StandardRemovableAttributeTagProcessor
[THYMELEAF]             * [* {th:codetype,data-th-codetype}] [1000]: org.thymeleaf.standard.processor.StandardRemovableAttributeTagProcessor
[THYMELEAF]             * [* {th:autocomplete,data-th-autocomplete}] [1000]: org.thymeleaf.standard.processor.StandardRemovableAttributeTagProcessor
[THYMELEAF]             * [* {th:scheme,data-th-scheme}] [1000]: org.thymeleaf.standard.processor.StandardRemovableAttributeTagProcessor
[THYMELEAF]             * [* {th:marginwidth,data-th-marginwidth}] [1000]: org.thymeleaf.standard.processor.StandardRemovableAttributeTagProcessor
[THYMELEAF]             * [* {th:codebase,data-th-codebase}] [1000]: org.thymeleaf.standard.processor.StandardRemovableAttributeTagProcessor
[THYMELEAF]             * [* {th:frameborder,data-th-frameborder}] [1000]: org.thymeleaf.standard.processor.StandardRemovableAttributeTagProcessor
[THYMELEAF]             * [* {th:valuetype,data-th-valuetype}] [1000]: org.thymeleaf.standard.processor.StandardRemovableAttributeTagProcessor
[THYMELEAF]             * [* {th:dropzone,data-th-dropzone}] [1000]: org.thymeleaf.standard.processor.StandardRemovableAttributeTagProcessor
[THYMELEAF]             * [* {th:content,data-th-content}] [1000]: org.thymeleaf.standard.processor.StandardRemovableAttributeTagProcessor
[THYMELEAF]             * [* {th:http-equiv,data-th-http-equiv}] [1000]: org.thymeleaf.standard.processor.StandardRemovableAttributeTagProcessor
[THYMELEAF]             * [* {th:compact,data-th-compact}] [1000]: org.thymeleaf.standard.processor.StandardRemovableAttributeTagProcessor
[THYMELEAF]             * [* {th:rows,data-th-rows}] [1000]: org.thymeleaf.standard.processor.StandardRemovableAttributeTagProcessor
[THYMELEAF]             * [* {th:archive,data-th-archive}] [1000]: org.thymeleaf.standard.processor.StandardRemovableAttributeTagProcessor
[THYMELEAF]             * [* {th:rev,data-th-rev}] [1000]: org.thymeleaf.standard.processor.StandardRemovableAttributeTagProcessor
[THYMELEAF]             * [* {th:max,data-th-max}] [1000]: org.thymeleaf.standard.processor.StandardRemovableAttributeTagProcessor
[THYMELEAF]             * [* {th:form,data-th-form}] [1000]: org.thymeleaf.standard.processor.StandardRemovableAttributeTagProcessor
[THYMELEAF]             * [* {th:longdesc,data-th-longdesc}] [1000]: org.thymeleaf.standard.processor.StandardRemovableAttributeTagProcessor
[THYMELEAF]             * [* {th:height,data-th-height}] [1000]: org.thymeleaf.standard.processor.StandardRemovableAttributeTagProcessor
[THYMELEAF]             * [* {th:abbr,data-th-abbr}] [1000]: org.thymeleaf.standard.processor.StandardRemovableAttributeTagProcessor
[THYMELEAF]             * [* {th:scrolling,data-th-scrolling}] [1000]: org.thymeleaf.standard.processor.StandardRemovableAttributeTagProcessor
[THYMELEAF]             * [* {th:for,data-th-for}] [1000]: org.thymeleaf.standard.processor.StandardRemovableAttributeTagProcessor
[THYMELEAF]             * [* {th:contenteditable,data-th-contenteditable}] [1000]: org.thymeleaf.standard.processor.StandardRemovableAttributeTagProcessor
[THYMELEAF]             * [* {th:scope,data-th-scope}] [1000]: org.thymeleaf.standard.processor.StandardRemovableAttributeTagProcessor
[THYMELEAF]             * [* {th:formenctype,data-th-formenctype}] [1000]: org.thymeleaf.standard.processor.StandardRemovableAttributeTagProcessor
[THYMELEAF]             * [* {th:keytype,data-th-keytype}] [1000]: org.thymeleaf.standard.processor.StandardRemovableAttributeTagProcessor
[THYMELEAF]             * [* {th:enctype,data-th-enctype}] [1000]: org.thymeleaf.standard.processor.StandardRemovableAttributeTagProcessor
[THYMELEAF]             * [* {th:border,data-th-border}] [1000]: org.thymeleaf.standard.processor.StandardRemovableAttributeTagProcessor
[THYMELEAF]             * [* {th:list,data-th-list}] [1000]: org.thymeleaf.standard.processor.StandardRemovableAttributeTagProcessor
[THYMELEAF]             * [* {th:placeholder,data-th-placeholder}] [1000]: org.thymeleaf.standard.processor.StandardRemovableAttributeTagProcessor
[THYMELEAF]             * [* {th:target,data-th-target}] [1000]: org.thymeleaf.standard.processor.StandardRemovableAttributeTagProcessor
[THYMELEAF]             * [* {th:src,data-th-src}] [1000]: org.thymeleaf.standard.processor.StandardSrcTagProcessor
[THYMELEAF]             * [* {th:value,data-th-value}] [1000]: org.thymeleaf.standard.processor.StandardValueTagProcessor
[THYMELEAF]             * [* {th:xmlbase,data-th-xmlbase}] [1000]: org.thymeleaf.standard.processor.StandardXmlBaseTagProcessor
[THYMELEAF]             * [* {th:xmllang,data-th-xmllang}] [1000]: org.thymeleaf.standard.processor.StandardXmlLangTagProcessor
[THYMELEAF]             * [* {xmlns:th}] [1000]: org.thymeleaf.standard.processor.StandardXmlNsTagProcessor
[THYMELEAF]             * [* {th:xmlspace,data-th-xmlspace}] [1000]: org.thymeleaf.standard.processor.StandardXmlSpaceTagProcessor
[THYMELEAF]             * [* {th:classappend,data-th-classappend}] [1100]: org.thymeleaf.standard.processor.StandardClassappendTagProcessor
[THYMELEAF]             * [* {th:styleappend,data-th-styleappend}] [1100]: org.thymeleaf.standard.processor.StandardStyleappendTagProcessor
[THYMELEAF]             * [* {th:text,data-th-text}] [1300]: org.thymeleaf.standard.processor.StandardTextTagProcessor
[THYMELEAF]             * [* {th:utext,data-th-utext}] [1400]: org.thymeleaf.standard.processor.StandardUtextTagProcessor
[THYMELEAF]             * [* {th:fragment,data-th-fragment}] [1500]: org.thymeleaf.standard.processor.StandardFragmentTagProcessor
[THYMELEAF]             * [* {th:assert,data-th-assert}] [1550]: org.thymeleaf.standard.processor.StandardAssertTagProcessor
[THYMELEAF]             * [* {th:remove,data-th-remove}] [1600]: org.thymeleaf.standard.processor.StandardRemoveTagProcessor
[THYMELEAF]             * [* {th:ref,data-th-ref}] [10000]: org.thymeleaf.standard.processor.StandardRefAttributeTagProcessor
[THYMELEAF]             * [{th:block,th-block} *] [100000]: org.thymeleaf.standard.processor.StandardBlockTagProcessor
[THYMELEAF]             * [* th:*] [2147483647]: org.thymeleaf.standard.processor.StandardDefaultAttributesTagProcessor
[THYMELEAF]         * Text Processors by [precedence]:
[THYMELEAF]             * [1000]: org.thymeleaf.standard.processor.StandardInliningTextProcessor
[THYMELEAF]         * DOCTYPE Processors by [precedence]:
[THYMELEAF]             * [1000]: org.thymeleaf.standard.processor.StandardTranslationDocTypeProcessor
[THYMELEAF]         * CDATA Section Processors by [precedence]:
[THYMELEAF]             * [1000]: org.thymeleaf.standard.processor.StandardInliningCDATASectionProcessor
[THYMELEAF]         * Comment Processors by [precedence]:
[THYMELEAF]             * [1000]: org.thymeleaf.standard.processor.StandardInliningCommentProcessor
[THYMELEAF]             * [1100]: org.thymeleaf.standard.processor.StandardConditionalCommentProcessor
[THYMELEAF]     * Processors for Template Mode: XML
[THYMELEAF]         * Element Tag Processors by [matching element and attribute name] [precedence]:
[THYMELEAF]             * [* {th:include}] [100]: org.thymeleaf.standard.processor.StandardIncludeTagProcessor
[THYMELEAF]             * [* {th:insert}] [100]: org.thymeleaf.standard.processor.StandardInsertTagProcessor
[THYMELEAF]             * [* {th:replace}] [100]: org.thymeleaf.standard.processor.StandardReplaceTagProcessor
[THYMELEAF]             * [* {th:each}] [200]: com.intuit.karate.template.KarateEachTagProcessor
[THYMELEAF]             * [* {th:switch}] [250]: org.thymeleaf.standard.processor.StandardSwitchTagProcessor
[THYMELEAF]             * [* {th:case}] [275]: org.thymeleaf.standard.processor.StandardCaseTagProcessor
[THYMELEAF]             * [* {th:if}] [300]: org.thymeleaf.standard.processor.StandardIfTagProcessor
[THYMELEAF]             * [* {th:unless}] [400]: org.thymeleaf.standard.processor.StandardUnlessTagProcessor
[THYMELEAF]             * [* {th:object}] [500]: org.thymeleaf.standard.processor.StandardObjectTagProcessor
[THYMELEAF]             * [* {th:with}] [600]: com.intuit.karate.template.KarateWithTagProcessor
[THYMELEAF]             * [* {th:attr}] [700]: com.intuit.karate.template.KarateAttributeTagProcessor.KarateAttrTagProcessor
[THYMELEAF]             * [* {th:attrappend}] [900]: com.intuit.karate.template.KarateAttributeTagProcessor.KarateAttrappendTagProcessor
[THYMELEAF]             * [* {th:attrprepend}] [900]: com.intuit.karate.template.KarateAttributeTagProcessor.KarateAttrprependTagProcessor
[THYMELEAF]             * [* {th:inline}] [1000]: org.thymeleaf.standard.processor.StandardInlineXMLTagProcessor
[THYMELEAF]             * [* {xmlns:th}] [1000]: org.thymeleaf.standard.processor.StandardXmlNsTagProcessor
[THYMELEAF]             * [* {th:text}] [1300]: org.thymeleaf.standard.processor.StandardTextTagProcessor
[THYMELEAF]             * [* {th:utext}] [1400]: org.thymeleaf.standard.processor.StandardUtextTagProcessor
[THYMELEAF]             * [* {th:fragment}] [1500]: org.thymeleaf.standard.processor.StandardFragmentTagProcessor
[THYMELEAF]             * [* {th:assert}] [1550]: org.thymeleaf.standard.processor.StandardAssertTagProcessor
[THYMELEAF]             * [* {th:remove}] [1600]: org.thymeleaf.standard.processor.StandardRemoveTagProcessor
[THYMELEAF]             * [* {th:ref}] [10000]: org.thymeleaf.standard.processor.StandardRefAttributeTagProcessor
[THYMELEAF]             * [{th:block} *] [100000]: org.thymeleaf.standard.processor.StandardBlockTagProcessor
[THYMELEAF]             * [* th:*] [2147483647]: org.thymeleaf.standard.processor.StandardDefaultAttributesTagProcessor
[THYMELEAF]         * Text Processors by [precedence]:
[THYMELEAF]             * [1000]: org.thymeleaf.standard.processor.StandardInliningTextProcessor
[THYMELEAF]         * CDATA Section Processors by [precedence]:
[THYMELEAF]             * [1000]: org.thymeleaf.standard.processor.StandardInliningCDATASectionProcessor
[THYMELEAF]         * Comment Processors by [precedence]:
[THYMELEAF]             * [1000]: org.thymeleaf.standard.processor.StandardInliningCommentProcessor
[THYMELEAF]     * Processors for Template Mode: TEXT
[THYMELEAF]         * Element Tag Processors by [matching element and attribute name] [precedence]:
[THYMELEAF]             * [* {th:insert}] [100]: org.thymeleaf.standard.processor.StandardInsertTagProcessor
[THYMELEAF]             * [* {th:replace}] [100]: org.thymeleaf.standard.processor.StandardReplaceTagProcessor
[THYMELEAF]             * [* {th:each}] [200]: com.intuit.karate.template.KarateEachTagProcessor
[THYMELEAF]             * [* {th:switch}] [250]: org.thymeleaf.standard.processor.StandardSwitchTagProcessor
[THYMELEAF]             * [* {th:case}] [275]: org.thymeleaf.standard.processor.StandardCaseTagProcessor
[THYMELEAF]             * [* {th:if}] [300]: org.thymeleaf.standard.processor.StandardIfTagProcessor
[THYMELEAF]             * [* {th:unless}] [400]: org.thymeleaf.standard.processor.StandardUnlessTagProcessor
[THYMELEAF]             * [* {th:object}] [500]: org.thymeleaf.standard.processor.StandardObjectTagProcessor
[THYMELEAF]             * [* {th:with}] [600]: com.intuit.karate.template.KarateWithTagProcessor
[THYMELEAF]             * [* {th:inline}] [1000]: org.thymeleaf.standard.processor.StandardInlineTextualTagProcessor
[THYMELEAF]             * [* {th:text}] [1300]: org.thymeleaf.standard.processor.StandardTextTagProcessor
[THYMELEAF]             * [* {th:utext}] [1400]: org.thymeleaf.standard.processor.StandardUtextTagProcessor
[THYMELEAF]             * [* {th:assert}] [1550]: org.thymeleaf.standard.processor.StandardAssertTagProcessor
[THYMELEAF]             * [* {th:remove}] [1600]: org.thymeleaf.standard.processor.StandardRemoveTagProcessor
[THYMELEAF]             * [{th:block} *] [100000]: org.thymeleaf.standard.processor.StandardBlockTagProcessor
[THYMELEAF]             * [* 100000] [org.thymeleaf.standard.processor.StandardBlockTagProcessor]: {}
[THYMELEAF]         * Text Processors by [precedence]:
[THYMELEAF]             * [1000]: org.thymeleaf.standard.processor.StandardInliningTextProcessor
[THYMELEAF]     * Processors for Template Mode: JAVASCRIPT
[THYMELEAF]         * Element Tag Processors by [matching element and attribute name] [precedence]:
[THYMELEAF]             * [* {th:insert}] [100]: org.thymeleaf.standard.processor.StandardInsertTagProcessor
[THYMELEAF]             * [* {th:replace}] [100]: org.thymeleaf.standard.processor.StandardReplaceTagProcessor
[THYMELEAF]             * [* {th:each}] [200]: com.intuit.karate.template.KarateEachTagProcessor
[THYMELEAF]             * [* {th:switch}] [250]: org.thymeleaf.standard.processor.StandardSwitchTagProcessor
[THYMELEAF]             * [* {th:case}] [275]: org.thymeleaf.standard.processor.StandardCaseTagProcessor
[THYMELEAF]             * [* {th:if}] [300]: org.thymeleaf.standard.processor.StandardIfTagProcessor
[THYMELEAF]             * [* {th:unless}] [400]: org.thymeleaf.standard.processor.StandardUnlessTagProcessor
[THYMELEAF]             * [* {th:object}] [500]: org.thymeleaf.standard.processor.StandardObjectTagProcessor
[THYMELEAF]             * [* {th:with}] [600]: com.intuit.karate.template.KarateWithTagProcessor
[THYMELEAF]             * [* {th:inline}] [1000]: org.thymeleaf.standard.processor.StandardInlineTextualTagProcessor
[THYMELEAF]             * [* {th:text}] [1300]: org.thymeleaf.standard.processor.StandardTextTagProcessor
[THYMELEAF]             * [* {th:utext}] [1400]: org.thymeleaf.standard.processor.StandardUtextTagProcessor
[THYMELEAF]             * [* {th:assert}] [1550]: org.thymeleaf.standard.processor.StandardAssertTagProcessor
[THYMELEAF]             * [* {th:remove}] [1600]: org.thymeleaf.standard.processor.StandardRemoveTagProcessor
[THYMELEAF]             * [* 100000] [org.thymeleaf.standard.processor.StandardBlockTagProcessor]: {}
[THYMELEAF]             * [{th:block} *] [100000]: org.thymeleaf.standard.processor.StandardBlockTagProcessor
[THYMELEAF]         * Text Processors by [precedence]:
[THYMELEAF]             * [1000]: org.thymeleaf.standard.processor.StandardInliningTextProcessor
[THYMELEAF]     * Processors for Template Mode: CSS
[THYMELEAF]         * Element Tag Processors by [matching element and attribute name] [precedence]:
[THYMELEAF]             * [* {th:insert}] [100]: org.thymeleaf.standard.processor.StandardInsertTagProcessor
[THYMELEAF]             * [* {th:replace}] [100]: org.thymeleaf.standard.processor.StandardReplaceTagProcessor
[THYMELEAF]             * [* {th:each}] [200]: com.intuit.karate.template.KarateEachTagProcessor
[THYMELEAF]             * [* {th:switch}] [250]: org.thymeleaf.standard.processor.StandardSwitchTagProcessor
[THYMELEAF]             * [* {th:case}] [275]: org.thymeleaf.standard.processor.StandardCaseTagProcessor
[THYMELEAF]             * [* {th:if}] [300]: org.thymeleaf.standard.processor.StandardIfTagProcessor
[THYMELEAF]             * [* {th:unless}] [400]: org.thymeleaf.standard.processor.StandardUnlessTagProcessor
[THYMELEAF]             * [* {th:object}] [500]: org.thymeleaf.standard.processor.StandardObjectTagProcessor
[THYMELEAF]             * [* {th:with}] [600]: com.intuit.karate.template.KarateWithTagProcessor
[THYMELEAF]             * [* {th:inline}] [1000]: org.thymeleaf.standard.processor.StandardInlineTextualTagProcessor
[THYMELEAF]             * [* {th:text}] [1300]: org.thymeleaf.standard.processor.StandardTextTagProcessor
[THYMELEAF]             * [* {th:utext}] [1400]: org.thymeleaf.standard.processor.StandardUtextTagProcessor
[THYMELEAF]             * [* {th:assert}] [1550]: org.thymeleaf.standard.processor.StandardAssertTagProcessor
[THYMELEAF]             * [* {th:remove}] [1600]: org.thymeleaf.standard.processor.StandardRemoveTagProcessor
[THYMELEAF]             * [{th:block} *] [100000]: org.thymeleaf.standard.processor.StandardBlockTagProcessor
[THYMELEAF]             * [* 100000] [org.thymeleaf.standard.processor.StandardBlockTagProcessor]: {}
[THYMELEAF]         * Text Processors by [precedence]:
[THYMELEAF]             * [1000]: org.thymeleaf.standard.processor.StandardInliningTextProcessor
[THYMELEAF]     * Expression Objects:
[THYMELEAF]         * #ctx
[THYMELEAF]         * #root
[THYMELEAF]         * #vars
[THYMELEAF]         * #object
[THYMELEAF]         * #locale
[THYMELEAF]         * #conversions
[THYMELEAF]         * #uris
[THYMELEAF]         * #temporals
[THYMELEAF]         * #calendars
[THYMELEAF]         * #dates
[THYMELEAF]         * #bools
[THYMELEAF]         * #numbers
[THYMELEAF]         * #objects
[THYMELEAF]         * #strings
[THYMELEAF]         * #arrays
[THYMELEAF]         * #lists
[THYMELEAF]         * #sets
[THYMELEAF]         * #maps
[THYMELEAF]         * #aggregates
[THYMELEAF]         * #messages
[THYMELEAF]         * #ids
[THYMELEAF]         * #execInfo
[THYMELEAF]         * #request
[THYMELEAF]         * #response
[THYMELEAF]         * #session
[THYMELEAF]         * #servletContext
[THYMELEAF]     * Execution Attributes:
[THYMELEAF]         * "StandardExpressionParser": com.intuit.karate.template.KarateStandardDialect@211a9647
[THYMELEAF]         * "StandardJavaScriptSerializer": org.thymeleaf.standard.serializer.StandardJavaScriptSerializer@14485747
[THYMELEAF]         * "StandardCSSSerializer": org.thymeleaf.standard.serializer.StandardCSSSerializer@59fea5f5
[THYMELEAF]         * "StandardVariableExpressionEvaluator": com.intuit.karate.template.KarateStandardDialect@211a9647
[THYMELEAF]         * "StandardConversionService": org.thymeleaf.standard.expression.StandardConversionService@78eafad
[THYMELEAF] * Dialect [2 of 2]: karate (com.intuit.karate.template.KarateScriptDialect)
[THYMELEAF]     * Prefix: "ka"
[THYMELEAF]     * Processors for Template Mode: HTML
[THYMELEAF]         * Element Tag Processors by [matching element and attribute name] [precedence]:
[THYMELEAF]             * [* {src}] [1000]: com.intuit.karate.template.KaScriptAttrProcessor
[THYMELEAF]         * Element Model Processors by [matching element and attribute name] [precedence]:
[THYMELEAF]             * [{script} {ka:scope,data-ka-scope}] [1000]: com.intuit.karate.template.KaScriptElemProcessor
[THYMELEAF]             * [* {ka:set,data-ka-set}] [1000]: com.intuit.karate.template.KaSetElemProcessor
[THYMELEAF] TEMPLATE ENGINE CONFIGURED OK
16:12:32.808 [main] DEBUG org.thymeleaf.TemplateEngine -- [THYMELEAF] TEMPLATE ENGINE INITIALIZED
16:12:32.816 [main] DEBUG org.thymeleaf.TemplateEngine -- [THYMELEAF] INITIALIZING TEMPLATE ENGINE
16:12:32.829 [main] DEBUG org.thymeleaf.TemplateEngine.CONFIG -- Initializing Thymeleaf Template engine configuration...
[THYMELEAF] TEMPLATE ENGINE CONFIGURATION:
[THYMELEAF] * Thymeleaf version: 3.1.2.RELEASE (built 2023-07-30T19:25:50+0000)
[THYMELEAF] * Cache Manager implementation: org.thymeleaf.cache.StandardCacheManager
[THYMELEAF] * Template resolvers:
[THYMELEAF]     * [1] com.intuit.karate.template.ResourceHtmlTemplateResolver
[THYMELEAF] * Message resolvers:
[THYMELEAF]     * org.thymeleaf.messageresolver.StandardMessageResolver
[THYMELEAF] * Link builders:
[THYMELEAF]     * org.thymeleaf.linkbuilder.StandardLinkBuilder
[THYMELEAF] * Dialect [1 of 2]: Standard (com.intuit.karate.template.KarateStandardDialect)
[THYMELEAF]     * Prefix: "th"
[THYMELEAF]     * Processors for Template Mode: HTML
[THYMELEAF]         * Element Tag Processors by [matching element and attribute name] [precedence]:
[THYMELEAF]             * [* {th:include,data-th-include}] [100]: org.thymeleaf.standard.processor.StandardIncludeTagProcessor
[THYMELEAF]             * [* {th:insert,data-th-insert}] [100]: org.thymeleaf.standard.processor.StandardInsertTagProcessor
[THYMELEAF]             * [* {th:replace,data-th-replace}] [100]: org.thymeleaf.standard.processor.StandardReplaceTagProcessor
[THYMELEAF]             * [* {th:each,data-th-each}] [200]: com.intuit.karate.template.KarateEachTagProcessor
[THYMELEAF]             * [* {th:switch,data-th-switch}] [250]: org.thymeleaf.standard.processor.StandardSwitchTagProcessor
[THYMELEAF]             * [* {th:case,data-th-case}] [275]: org.thymeleaf.standard.processor.StandardCaseTagProcessor
[THYMELEAF]             * [* {th:if,data-th-if}] [300]: org.thymeleaf.standard.processor.StandardIfTagProcessor
[THYMELEAF]             * [* {th:unless,data-th-unless}] [400]: org.thymeleaf.standard.processor.StandardUnlessTagProcessor
[THYMELEAF]             * [* {th:object,data-th-object}] [500]: org.thymeleaf.standard.processor.StandardObjectTagProcessor
[THYMELEAF]             * [* {th:with,data-th-with}] [600]: com.intuit.karate.template.KarateWithTagProcessor
[THYMELEAF]             * [* {th:attr,data-th-attr}] [700]: com.intuit.karate.template.KarateAttributeTagProcessor.KarateAttrTagProcessor
[THYMELEAF]             * [* {th:attrappend,data-th-attrappend}] [900]: com.intuit.karate.template.KarateAttributeTagProcessor.KarateAttrappendTagProcessor
[THYMELEAF]             * [* {th:attrprepend,data-th-attrprepend}] [900]: com.intuit.karate.template.KarateAttributeTagProcessor.KarateAttrprependTagProcessor
[THYMELEAF]             * [* {th:alt-title,data-th-alt-title}] [990]: org.thymeleaf.standard.processor.StandardAltTitleTagProcessor
[THYMELEAF]             * [* {th:lang-xmllang,data-th-lang-xmllang}] [990]: org.thymeleaf.standard.processor.StandardLangXmlLangTagProcessor
[THYMELEAF]             * [* {th:action,data-th-action}] [1000]: org.thymeleaf.standard.processor.StandardActionTagProcessor
[THYMELEAF]             * [* {th:hidden,data-th-hidden}] [1000]: org.thymeleaf.standard.processor.StandardConditionalFixedValueTagProcessor
[THYMELEAF]             * [* {th:disabled,data-th-disabled}] [1000]: org.thymeleaf.standard.processor.StandardConditionalFixedValueTagProcessor
[THYMELEAF]             * [* {th:formnovalidate,data-th-formnovalidate}] [1000]: org.thymeleaf.standard.processor.StandardConditionalFixedValueTagProcessor
[THYMELEAF]             * [* {th:default,data-th-default}] [1000]: org.thymeleaf.standard.processor.StandardConditionalFixedValueTagProcessor
[THYMELEAF]             * [* {th:async,data-th-async}] [1000]: org.thymeleaf.standard.processor.StandardConditionalFixedValueTagProcessor
[THYMELEAF]             * [* {th:autoplay,data-th-autoplay}] [1000]: org.thymeleaf.standard.processor.StandardConditionalFixedValueTagProcessor
[THYMELEAF]             * [* {th:ismap,data-th-ismap}] [1000]: org.thymeleaf.standard.processor.StandardConditionalFixedValueTagProcessor
[THYMELEAF]             * [* {th:controls,data-th-controls}] [1000]: org.thymeleaf.standard.processor.StandardConditionalFixedValueTagProcessor
[THYMELEAF]             * [* {th:multiple,data-th-multiple}] [1000]: org.thymeleaf.standard.processor.StandardConditionalFixedValueTagProcessor
[THYMELEAF]             * [* {th:novalidate,data-th-novalidate}] [1000]: org.thymeleaf.standard.processor.StandardConditionalFixedValueTagProcessor
[THYMELEAF]             * [* {th:pubdate,data-th-pubdate}] [1000]: org.thymeleaf.standard.processor.StandardConditionalFixedValueTagProcessor
[THYMELEAF]             * [* {th:seamless,data-th-seamless}] [1000]: org.thymeleaf.standard.processor.StandardConditionalFixedValueTagProcessor
[THYMELEAF]             * [* {th:required,data-th-required}] [1000]: org.thymeleaf.standard.processor.StandardConditionalFixedValueTagProcessor
[THYMELEAF]             * [* {th:defer,data-th-defer}] [1000]: org.thymeleaf.standard.processor.StandardConditionalFixedValueTagProcessor
[THYMELEAF]             * [* {th:reversed,data-th-reversed}] [1000]: org.thymeleaf.standard.processor.StandardConditionalFixedValueTagProcessor
[THYMELEAF]             * [* {th:autofocus,data-th-autofocus}] [1000]: org.thymeleaf.standard.processor.StandardConditionalFixedValueTagProcessor
[THYMELEAF]             * [* {th:open,data-th-open}] [1000]: org.thymeleaf.standard.processor.StandardConditionalFixedValueTagProcessor
[THYMELEAF]             * [* {th:declare,data-th-declare}] [1000]: org.thymeleaf.standard.processor.StandardConditionalFixedValueTagProcessor
[THYMELEAF]             * [* {th:nowrap,data-th-nowrap}] [1000]: org.thymeleaf.standard.processor.StandardConditionalFixedValueTagProcessor
[THYMELEAF]             * [* {th:readonly,data-th-readonly}] [1000]: org.thymeleaf.standard.processor.StandardConditionalFixedValueTagProcessor
[THYMELEAF]             * [* {th:loop,data-th-loop}] [1000]: org.thymeleaf.standard.processor.StandardConditionalFixedValueTagProcessor
[THYMELEAF]             * [* {th:checked,data-th-checked}] [1000]: org.thymeleaf.standard.processor.StandardConditionalFixedValueTagProcessor
[THYMELEAF]             * [* {th:selected,data-th-selected}] [1000]: org.thymeleaf.standard.processor.StandardConditionalFixedValueTagProcessor
[THYMELEAF]             * [* {th:scoped,data-th-scoped}] [1000]: org.thymeleaf.standard.processor.StandardConditionalFixedValueTagProcessor
[THYMELEAF]             * [* {th:onloadedmetadata,data-th-onloadedmetadata}] [1000]: org.thymeleaf.standard.processor.StandardDOMEventAttributeTagProcessor
[THYMELEAF]             * [* {th:oncontextmenu,data-th-oncontextmenu}] [1000]: org.thymeleaf.standard.processor.StandardDOMEventAttributeTagProcessor
[THYMELEAF]             * [* {th:onchange,data-th-onchange}] [1000]: org.thymeleaf.standard.processor.StandardDOMEventAttributeTagProcessor
[THYMELEAF]             * [* {th:onkeydown,data-th-onkeydown}] [1000]: org.thymeleaf.standard.processor.StandardDOMEventAttributeTagProcessor
[THYMELEAF]             * [* {th:onmousewheel,data-th-onmousewheel}] [1000]: org.thymeleaf.standard.processor.StandardDOMEventAttributeTagProcessor
[THYMELEAF]             * [* {th:oninvalid,data-th-oninvalid}] [1000]: org.thymeleaf.standard.processor.StandardDOMEventAttributeTagProcessor
[THYMELEAF]             * [* {th:ontimeupdate,data-th-ontimeupdate}] [1000]: org.thymeleaf.standard.processor.StandardDOMEventAttributeTagProcessor
[THYMELEAF]             * [* {th:onplaying,data-th-onplaying}] [1000]: org.thymeleaf.standard.processor.StandardDOMEventAttributeTagProcessor
[THYMELEAF]             * [* {th:onvolumechange,data-th-onvolumechange}] [1000]: org.thymeleaf.standard.processor.StandardDOMEventAttributeTagProcessor
[THYMELEAF]             * [* {th:onmouseover,data-th-onmouseover}] [1000]: org.thymeleaf.standard.processor.StandardDOMEventAttributeTagProcessor
[THYMELEAF]             * [* {th:onkeypress,data-th-onkeypress}] [1000]: org.thymeleaf.standard.processor.StandardDOMEventAttributeTagProcessor
[THYMELEAF]             * [* {th:onscroll,data-th-onscroll}] [1000]: org.thymeleaf.standard.processor.StandardDOMEventAttributeTagProcessor
[THYMELEAF]             * [* {th:onmousemove,data-th-onmousemove}] [1000]: org.thymeleaf.standard.processor.StandardDOMEventAttributeTagProcessor
[THYMELEAF]             * [* {th:onerror,data-th-onerror}] [1000]: org.thymeleaf.standard.processor.StandardDOMEventAttributeTagProcessor
[THYMELEAF]             * [* {th:onstorage,data-th-onstorage}] [1000]: org.thymeleaf.standard.processor.StandardDOMEventAttributeTagProcessor
[THYMELEAF]             * [* {th:ondurationchange,data-th-ondurationchange}] [1000]: org.thymeleaf.standard.processor.StandardDOMEventAttributeTagProcessor
[THYMELEAF]             * [* {th:onstalled,data-th-onstalled}] [1000]: org.thymeleaf.standard.processor.StandardDOMEventAttributeTagProcessor
[THYMELEAF]             * [* {th:onhashchange,data-th-onhashchange}] [1000]: org.thymeleaf.standard.processor.StandardDOMEventAttributeTagProcessor
[THYMELEAF]             * [* {th:onpopstate,data-th-onpopstate}] [1000]: org.thymeleaf.standard.processor.StandardDOMEventAttributeTagProcessor
[THYMELEAF]             * [* {th:ondragenter,data-th-ondragenter}] [1000]: org.thymeleaf.standard.processor.StandardDOMEventAttributeTagProcessor
[THYMELEAF]             * [* {th:onblur,data-th-onblur}] [1000]: org.thymeleaf.standard.processor.StandardDOMEventAttributeTagProcessor
[THYMELEAF]             * [* {th:onmouseout,data-th-onmouseout}] [1000]: org.thymeleaf.standard.processor.StandardDOMEventAttributeTagProcessor
[THYMELEAF]             * [* {th:ondragstart,data-th-ondragstart}] [1000]: org.thymeleaf.standard.processor.StandardDOMEventAttributeTagProcessor
[THYMELEAF]             * [* {th:onresize,data-th-onresize}] [1000]: org.thymeleaf.standard.processor.StandardDOMEventAttributeTagProcessor
[THYMELEAF]             * [* {th:oncanplay,data-th-oncanplay}] [1000]: org.thymeleaf.standard.processor.StandardDOMEventAttributeTagProcessor
[THYMELEAF]             * [* {th:onpause,data-th-onpause}] [1000]: org.thymeleaf.standard.processor.StandardDOMEventAttributeTagProcessor
[THYMELEAF]             * [* {th:onloadstart,data-th-onloadstart}] [1000]: org.thymeleaf.standard.processor.StandardDOMEventAttributeTagProcessor
[THYMELEAF]             * [* {th:onbeforeprint,data-th-onbeforeprint}] [1000]: org.thymeleaf.standard.processor.StandardDOMEventAttributeTagProcessor
[THYMELEAF]             * [* {th:onfocus,data-th-onfocus}] [1000]: org.thymeleaf.standard.processor.StandardDOMEventAttributeTagProcessor
[THYMELEAF]             * [* {th:onseeking,data-th-onseeking}] [1000]: org.thymeleaf.standard.processor.StandardDOMEventAttributeTagProcessor
[THYMELEAF]             * [* {th:onmousedown,data-th-onmousedown}] [1000]: org.thymeleaf.standard.processor.StandardDOMEventAttributeTagProcessor
[THYMELEAF]             * [* {th:ononline,data-th-ononline}] [1000]: org.thymeleaf.standard.processor.StandardDOMEventAttributeTagProcessor
[THYMELEAF]             * [* {th:onloadeddata,data-th-onloadeddata}] [1000]: org.thymeleaf.standard.processor.StandardDOMEventAttributeTagProcessor
[THYMELEAF]             * [* {th:onratechange,data-th-onratechange}] [1000]: org.thymeleaf.standard.processor.StandardDOMEventAttributeTagProcessor
[THYMELEAF]             * [* {th:onprogress,data-th-onprogress}] [1000]: org.thymeleaf.standard.processor.StandardDOMEventAttributeTagProcessor
[THYMELEAF]             * [* {th:onload,data-th-onload}] [1000]: org.thymeleaf.standard.processor.StandardDOMEventAttributeTagProcessor
[THYMELEAF]             * [* {th:onafterprint,data-th-onafterprint}] [1000]: org.thymeleaf.standard.processor.StandardDOMEventAttributeTagProcessor
[THYMELEAF]             * [* {th:ondragover,data-th-ondragover}] [1000]: org.thymeleaf.standard.processor.StandardDOMEventAttributeTagProcessor
[THYMELEAF]             * [* {th:onbeforeunload,data-th-onbeforeunload}] [1000]: org.thymeleaf.standard.processor.StandardDOMEventAttributeTagProcessor
[THYMELEAF]             * [* {th:onabort,data-th-onabort}] [1000]: org.thymeleaf.standard.processor.StandardDOMEventAttributeTagProcessor
[THYMELEAF]             * [* {th:onemptied,data-th-onemptied}] [1000]: org.thymeleaf.standard.processor.StandardDOMEventAttributeTagProcessor
[THYMELEAF]             * [* {th:ondrag,data-th-ondrag}] [1000]: org.thymeleaf.standard.processor.StandardDOMEventAttributeTagProcessor
[THYMELEAF]             * [* {th:ondragleave,data-th-ondragleave}] [1000]: org.thymeleaf.standard.processor.StandardDOMEventAttributeTagProcessor
[THYMELEAF]             * [* {th:onwaiting,data-th-onwaiting}] [1000]: org.thymeleaf.standard.processor.StandardDOMEventAttributeTagProcessor
[THYMELEAF]             * [* {th:onredo,data-th-onredo}] [1000]: org.thymeleaf.standard.processor.StandardDOMEventAttributeTagProcessor
[THYMELEAF]             * [* {th:onreadystatechange,data-th-onreadystatechange}] [1000]: org.thymeleaf.standard.processor.StandardDOMEventAttributeTagProcessor
[THYMELEAF]             * [* {th:onundo,data-th-onundo}] [1000]: org.thymeleaf.standard.processor.StandardDOMEventAttributeTagProcessor
[THYMELEAF]             * [* {th:oncanplaythrough,data-th-oncanplaythrough}] [1000]: org.thymeleaf.standard.processor.StandardDOMEventAttributeTagProcessor
[THYMELEAF]             * [* {th:ondblclick,data-th-ondblclick}] [1000]: org.thymeleaf.standard.processor.StandardDOMEventAttributeTagProcessor
[THYMELEAF]             * [* {th:onclick,data-th-onclick}] [1000]: org.thymeleaf.standard.processor.StandardDOMEventAttributeTagProcessor
[THYMELEAF]             * [* {th:onreset,data-th-onreset}] [1000]: org.thymeleaf.standard.processor.StandardDOMEventAttributeTagProcessor
[THYMELEAF]             * [* {th:onoffline,data-th-onoffline}] [1000]: org.thymeleaf.standard.processor.StandardDOMEventAttributeTagProcessor
[THYMELEAF]             * [* {th:onforminput,data-th-onforminput}] [1000]: org.thymeleaf.standard.processor.StandardDOMEventAttributeTagProcessor
[THYMELEAF]             * [* {th:oninput,data-th-oninput}] [1000]: org.thymeleaf.standard.processor.StandardDOMEventAttributeTagProcessor
[THYMELEAF]             * [* {th:onseeked,data-th-onseeked}] [1000]: org.thymeleaf.standard.processor.StandardDOMEventAttributeTagProcessor
[THYMELEAF]             * [* {th:ondragend,data-th-ondragend}] [1000]: org.thymeleaf.standard.processor.StandardDOMEventAttributeTagProcessor
[THYMELEAF]             * [* {th:onselect,data-th-onselect}] [1000]: org.thymeleaf.standard.processor.StandardDOMEventAttributeTagProcessor
[THYMELEAF]             * [* {th:onkeyup,data-th-onkeyup}] [1000]: org.thymeleaf.standard.processor.StandardDOMEventAttributeTagProcessor
[THYMELEAF]             * [* {th:onended,data-th-onended}] [1000]: org.thymeleaf.standard.processor.StandardDOMEventAttributeTagProcessor
[THYMELEAF]             * [* {th:onunload,data-th-onunload}] [1000]: org.thymeleaf.standard.processor.StandardDOMEventAttributeTagProcessor
[THYMELEAF]             * [* {th:onmouseup,data-th-onmouseup}] [1000]: org.thymeleaf.standard.processor.StandardDOMEventAttributeTagProcessor
[THYMELEAF]             * [* {th:ondrop,data-th-ondrop}] [1000]: org.thymeleaf.standard.processor.StandardDOMEventAttributeTagProcessor
[THYMELEAF]             * [* {th:onsubmit,data-th-onsubmit}] [1000]: org.thymeleaf.standard.processor.StandardDOMEventAttributeTagProcessor
[THYMELEAF]             * [* {th:onmessage,data-th-onmessage}] [1000]: org.thymeleaf.standard.processor.StandardDOMEventAttributeTagProcessor
[THYMELEAF]             * [* {th:onsuspend,data-th-onsuspend}] [1000]: org.thymeleaf.standard.processor.StandardDOMEventAttributeTagProcessor
[THYMELEAF]             * [* {th:onplay,data-th-onplay}] [1000]: org.thymeleaf.standard.processor.StandardDOMEventAttributeTagProcessor
[THYMELEAF]             * [* {th:onshow,data-th-onshow}] [1000]: org.thymeleaf.standard.processor.StandardDOMEventAttributeTagProcessor
[THYMELEAF]             * [* {th:onformchange,data-th-onformchange}] [1000]: org.thymeleaf.standard.processor.StandardDOMEventAttributeTagProcessor
[THYMELEAF]             * [* {th:href,data-th-href}] [1000]: org.thymeleaf.standard.processor.StandardHrefTagProcessor
[THYMELEAF]             * [* {th:inline,data-th-inline}] [1000]: org.thymeleaf.standard.processor.StandardInlineHTMLTagProcessor
[THYMELEAF]             * [* {th:method,data-th-method}] [1000]: org.thymeleaf.standard.processor.StandardMethodTagProcessor
[THYMELEAF]             * [* {th:type,data-th-type}] [1000]: org.thymeleaf.standard.processor.StandardNonRemovableAttributeTagProcessor
[THYMELEAF]             * [* {th:name,data-th-name}] [1000]: org.thymeleaf.standard.processor.StandardNonRemovableAttributeTagProcessor
[THYMELEAF]             * [* {th:alt,data-th-alt}] [1000]: org.thymeleaf.standard.processor.StandardRemovableAttributeTagProcessor
[THYMELEAF]             * [* {th:background,data-th-background}] [1000]: org.thymeleaf.standard.processor.StandardRemovableAttributeTagProcessor
[THYMELEAF]             * [* {th:poster,data-th-poster}] [1000]: org.thymeleaf.standard.processor.StandardRemovableAttributeTagProcessor
[THYMELEAF]             * [* {th:cols,data-th-cols}] [1000]: org.thymeleaf.standard.processor.StandardRemovableAttributeTagProcessor
[THYMELEAF]             * [* {th:content,data-th-content}] [1000]: org.thymeleaf.standard.processor.StandardRemovableAttributeTagProcessor
[THYMELEAF]             * [* {th:tabindex,data-th-tabindex}] [1000]: org.thymeleaf.standard.processor.StandardRemovableAttributeTagProcessor
[THYMELEAF]             * [* {th:radiogroup,data-th-radiogroup}] [1000]: org.thymeleaf.standard.processor.StandardRemovableAttributeTagProcessor
[THYMELEAF]             * [* {th:summary,data-th-summary}] [1000]: org.thymeleaf.standard.processor.StandardRemovableAttributeTagProcessor
[THYMELEAF]             * [* {th:frame,data-th-frame}] [1000]: org.thymeleaf.standard.processor.StandardRemovableAttributeTagProcessor
[THYMELEAF]             * [* {th:cellpadding,data-th-cellpadding}] [1000]: org.thymeleaf.standard.processor.StandardRemovableAttributeTagProcessor
[THYMELEAF]             * [* {th:longdesc,data-th-longdesc}] [1000]: org.thymeleaf.standard.processor.StandardRemovableAttributeTagProcessor
[THYMELEAF]             * [* {th:hspace,data-th-hspace}] [1000]: org.thymeleaf.standard.processor.StandardRemovableAttributeTagProcessor
[THYMELEAF]             * [* {th:label,data-th-label}] [1000]: org.thymeleaf.standard.processor.StandardRemovableAttributeTagProcessor
[THYMELEAF]             * [* {th:valuetype,data-th-valuetype}] [1000]: org.thymeleaf.standard.processor.StandardRemovableAttributeTagProcessor
[THYMELEAF]             * [* {th:standby,data-th-standby}] [1000]: org.thymeleaf.standard.processor.StandardRemovableAttributeTagProcessor
[THYMELEAF]             * [* {th:sandbox,data-th-sandbox}] [1000]: org.thymeleaf.standard.processor.StandardRemovableAttributeTagProcessor
[THYMELEAF]             * [* {th:contextmenu,data-th-contextmenu}] [1000]: org.thymeleaf.standard.processor.StandardRemovableAttributeTagProcessor
[THYMELEAF]             * [* {th:span,data-th-span}] [1000]: org.thymeleaf.standard.processor.StandardRemovableAttributeTagProcessor
[THYMELEAF]             * [* {th:accept-charset,data-th-accept-charset}] [1000]: org.thymeleaf.standard.processor.StandardRemovableAttributeTagProcessor
[THYMELEAF]             * [* {th:icon,data-th-icon}] [1000]: org.thymeleaf.standard.processor.StandardRemovableAttributeTagProcessor
[THYMELEAF]             * [* {th:pattern,data-th-pattern}] [1000]: org.thymeleaf.standard.processor.StandardRemovableAttributeTagProcessor
[THYMELEAF]             * [* {th:scope,data-th-scope}] [1000]: org.thymeleaf.standard.processor.StandardRemovableAttributeTagProcessor
[THYMELEAF]             * [* {th:rowspan,data-th-rowspan}] [1000]: org.thymeleaf.standard.processor.StandardRemovableAttributeTagProcessor
[THYMELEAF]             * [* {th:charset,data-th-charset}] [1000]: org.thymeleaf.standard.processor.StandardRemovableAttributeTagProcessor
[THYMELEAF]             * [* {th:axis,data-th-axis}] [1000]: org.thymeleaf.standard.processor.StandardRemovableAttributeTagProcessor
[THYMELEAF]             * [* {th:codetype,data-th-codetype}] [1000]: org.thymeleaf.standard.processor.StandardRemovableAttributeTagProcessor
[THYMELEAF]             * [* {th:autocomplete,data-th-autocomplete}] [1000]: org.thymeleaf.standard.processor.StandardRemovableAttributeTagProcessor
[THYMELEAF]             * [* {th:class,data-th-class}] [1000]: org.thymeleaf.standard.processor.StandardRemovableAttributeTagProcessor
[THYMELEAF]             * [* {th:accesskey,data-th-accesskey}] [1000]: org.thymeleaf.standard.processor.StandardRemovableAttributeTagProcessor
[THYMELEAF]             * [* {th:kind,data-th-kind}] [1000]: org.thymeleaf.standard.processor.StandardRemovableAttributeTagProcessor
[THYMELEAF]             * [* {th:formaction,data-th-formaction}] [1000]: org.thymeleaf.standard.processor.StandardRemovableAttributeTagProcessor
[THYMELEAF]             * [* {th:classid,data-th-classid}] [1000]: org.thymeleaf.standard.processor.StandardRemovableAttributeTagProcessor
[THYMELEAF]             * [* {th:preload,data-th-preload}] [1000]: org.thymeleaf.standard.processor.StandardRemovableAttributeTagProcessor
[THYMELEAF]             * [* {th:for,data-th-for}] [1000]: org.thymeleaf.standard.processor.StandardRemovableAttributeTagProcessor
[THYMELEAF]             * [* {th:media,data-th-media}] [1000]: org.thymeleaf.standard.processor.StandardRemovableAttributeTagProcessor
[THYMELEAF]             * [* {th:hreflang,data-th-hreflang}] [1000]: org.thymeleaf.standard.processor.StandardRemovableAttributeTagProcessor
[THYMELEAF]             * [* {th:enctype,data-th-enctype}] [1000]: org.thymeleaf.standard.processor.StandardRemovableAttributeTagProcessor
[THYMELEAF]             * [* {th:min,data-th-min}] [1000]: org.thymeleaf.standard.processor.StandardRemovableAttributeTagProcessor
[THYMELEAF]             * [* {th:abbr,data-th-abbr}] [1000]: org.thymeleaf.standard.processor.StandardRemovableAttributeTagProcessor
[THYMELEAF]             * [* {th:rev,data-th-rev}] [1000]: org.thymeleaf.standard.processor.StandardRemovableAttributeTagProcessor
[THYMELEAF]             * [* {th:maxlength,data-th-maxlength}] [1000]: org.thymeleaf.standard.processor.StandardRemovableAttributeTagProcessor
[THYMELEAF]             * [* {th:height,data-th-height}] [1000]: org.thymeleaf.standard.processor.StandardRemovableAttributeTagProcessor
[THYMELEAF]             * [* {th:cite,data-th-cite}] [1000]: org.thymeleaf.standard.processor.StandardRemovableAttributeTagProcessor
[THYMELEAF]             * [* {th:accept,data-th-accept}] [1000]: org.thymeleaf.standard.processor.StandardRemovableAttributeTagProcessor
[THYMELEAF]             * [* {th:max,data-th-max}] [1000]: org.thymeleaf.standard.processor.StandardRemovableAttributeTagProcessor
[THYMELEAF]             * [* {th:size,data-th-size}] [1000]: org.thymeleaf.standard.processor.StandardRemovableAttributeTagProcessor
[THYMELEAF]             * [* {th:target,data-th-target}] [1000]: org.thymeleaf.standard.processor.StandardRemovableAttributeTagProcessor
[THYMELEAF]             * [* {th:rules,data-th-rules}] [1000]: org.thymeleaf.standard.processor.StandardRemovableAttributeTagProcessor
[THYMELEAF]             * [* {th:width,data-th-width}] [1000]: org.thymeleaf.standard.processor.StandardRemovableAttributeTagProcessor
[THYMELEAF]             * [* {th:formmethod,data-th-formmethod}] [1000]: org.thymeleaf.standard.processor.StandardRemovableAttributeTagProcessor
[THYMELEAF]             * [* {th:high,data-th-high}] [1000]: org.thymeleaf.standard.processor.StandardRemovableAttributeTagProcessor
[THYMELEAF]             * [* {th:dropzone,data-th-dropzone}] [1000]: org.thymeleaf.standard.processor.StandardRemovableAttributeTagProcessor
[THYMELEAF]             * [* {th:list,data-th-list}] [1000]: org.thymeleaf.standard.processor.StandardRemovableAttributeTagProcessor
[THYMELEAF]             * [* {th:step,data-th-step}] [1000]: org.thymeleaf.standard.processor.StandardRemovableAttributeTagProcessor
[THYMELEAF]             * [* {th:bgcolor,data-th-bgcolor}] [1000]: org.thymeleaf.standard.processor.StandardRemovableAttributeTagProcessor
[THYMELEAF]             * [* {th:placeholder,data-th-placeholder}] [1000]: org.thymeleaf.standard.processor.StandardRemovableAttributeTagProcessor
[THYMELEAF]             * [* {th:low,data-th-low}] [1000]: org.thymeleaf.standard.processor.StandardRemovableAttributeTagProcessor
[THYMELEAF]             * [* {th:marginheight,data-th-marginheight}] [1000]: org.thymeleaf.standard.processor.StandardRemovableAttributeTagProcessor
[THYMELEAF]             * [* {th:formenctype,data-th-formenctype}] [1000]: org.thymeleaf.standard.processor.StandardRemovableAttributeTagProcessor
[THYMELEAF]             * [* {th:contenteditable,data-th-contenteditable}] [1000]: org.thymeleaf.standard.processor.StandardRemovableAttributeTagProcessor
[THYMELEAF]             * [* {th:formtarget,data-th-formtarget}] [1000]: org.thymeleaf.standard.processor.StandardRemovableAttributeTagProcessor
[THYMELEAF]             * [* {th:vspace,data-th-vspace}] [1000]: org.thymeleaf.standard.processor.StandardRemovableAttributeTagProcessor
[THYMELEAF]             * [* {th:align,data-th-align}] [1000]: org.thymeleaf.standard.processor.StandardRemovableAttributeTagProcessor
[THYMELEAF]             * [* {th:rows,data-th-rows}] [1000]: org.thymeleaf.standard.processor.StandardRemovableAttributeTagProcessor
[THYMELEAF]             * [* {th:datetime,data-th-datetime}] [1000]: org.thymeleaf.standard.processor.StandardRemovableAttributeTagProcessor
[THYMELEAF]             * [* {th:scrolling,data-th-scrolling}] [1000]: org.thymeleaf.standard.processor.StandardRemovableAttributeTagProcessor
[THYMELEAF]             * [* {th:title,data-th-title}] [1000]: org.thymeleaf.standard.processor.StandardRemovableAttributeTagProcessor
[THYMELEAF]             * [* {th:sizes,data-th-sizes}] [1000]: org.thymeleaf.standard.processor.StandardRemovableAttributeTagProcessor
[THYMELEAF]             * [* {th:usemap,data-th-usemap}] [1000]: org.thymeleaf.standard.processor.StandardRemovableAttributeTagProcessor
[THYMELEAF]             * [* {th:scheme,data-th-scheme}] [1000]: org.thymeleaf.standard.processor.StandardRemovableAttributeTagProcessor
[THYMELEAF]             * [* {th:draggable,data-th-draggable}] [1000]: org.thymeleaf.standard.processor.StandardRemovableAttributeTagProcessor
[THYMELEAF]             * [* {th:headers,data-th-headers}] [1000]: org.thymeleaf.standard.processor.StandardRemovableAttributeTagProcessor
[THYMELEAF]             * [* {th:codebase,data-th-codebase}] [1000]: org.thymeleaf.standard.processor.StandardRemovableAttributeTagProcessor
[THYMELEAF]             * [* {th:border,data-th-border}] [1000]: org.thymeleaf.standard.processor.StandardRemovableAttributeTagProcessor
[THYMELEAF]             * [* {th:compact,data-th-compact}] [1000]: org.thymeleaf.standard.processor.StandardRemovableAttributeTagProcessor
[THYMELEAF]             * [* {th:lang,data-th-lang}] [1000]: org.thymeleaf.standard.processor.StandardRemovableAttributeTagProcessor
[THYMELEAF]             * [* {th:style,data-th-style}] [1000]: org.thymeleaf.standard.processor.StandardRemovableAttributeTagProcessor
[THYMELEAF]             * [* {th:optimum,data-th-optimum}] [1000]: org.thymeleaf.standard.processor.StandardRemovableAttributeTagProcessor
[THYMELEAF]             * [* {th:dir,data-th-dir}] [1000]: org.thymeleaf.standard.processor.StandardRemovableAttributeTagProcessor
[THYMELEAF]             * [* {th:wrap,data-th-wrap}] [1000]: org.thymeleaf.standard.processor.StandardRemovableAttributeTagProcessor
[THYMELEAF]             * [* {th:colspan,data-th-colspan}] [1000]: org.thymeleaf.standard.processor.StandardRemovableAttributeTagProcessor
[THYMELEAF]             * [* {th:start,data-th-start}] [1000]: org.thymeleaf.standard.processor.StandardRemovableAttributeTagProcessor
[THYMELEAF]             * [* {th:audio,data-th-audio}] [1000]: org.thymeleaf.standard.processor.StandardRemovableAttributeTagProcessor
[THYMELEAF]             * [* {th:id,data-th-id}] [1000]: org.thymeleaf.standard.processor.StandardRemovableAttributeTagProcessor
[THYMELEAF]             * [* {th:spellcheck,data-th-spellcheck}] [1000]: org.thymeleaf.standard.processor.StandardRemovableAttributeTagProcessor
[THYMELEAF]             * [* {th:http-equiv,data-th-http-equiv}] [1000]: org.thymeleaf.standard.processor.StandardRemovableAttributeTagProcessor
[THYMELEAF]             * [* {th:cellspacing,data-th-cellspacing}] [1000]: org.thymeleaf.standard.processor.StandardRemovableAttributeTagProcessor
[THYMELEAF]             * [* {th:data,data-th-data}] [1000]: org.thymeleaf.standard.processor.StandardRemovableAttributeTagProcessor
[THYMELEAF]             * [* {th:form,data-th-form}] [1000]: org.thymeleaf.standard.processor.StandardRemovableAttributeTagProcessor
[THYMELEAF]             * [* {th:keytype,data-th-keytype}] [1000]: org.thymeleaf.standard.processor.StandardRemovableAttributeTagProcessor
[THYMELEAF]             * [* {th:archive,data-th-archive}] [1000]: org.thymeleaf.standard.processor.StandardRemovableAttributeTagProcessor
[THYMELEAF]             * [* {th:marginwidth,data-th-marginwidth}] [1000]: org.thymeleaf.standard.processor.StandardRemovableAttributeTagProcessor
[THYMELEAF]             * [* {th:srclang,data-th-srclang}] [1000]: org.thymeleaf.standard.processor.StandardRemovableAttributeTagProcessor
[THYMELEAF]             * [* {th:rel,data-th-rel}] [1000]: org.thymeleaf.standard.processor.StandardRemovableAttributeTagProcessor
[THYMELEAF]             * [* {th:frameborder,data-th-frameborder}] [1000]: org.thymeleaf.standard.processor.StandardRemovableAttributeTagProcessor
[THYMELEAF]             * [* {th:challenge,data-th-challenge}] [1000]: org.thymeleaf.standard.processor.StandardRemovableAttributeTagProcessor
[THYMELEAF]             * [* {th:manifest,data-th-manifest}] [1000]: org.thymeleaf.standard.processor.StandardRemovableAttributeTagProcessor
[THYMELEAF]             * [* {th:src,data-th-src}] [1000]: org.thymeleaf.standard.processor.StandardSrcTagProcessor
[THYMELEAF]             * [* {th:value,data-th-value}] [1000]: org.thymeleaf.standard.processor.StandardValueTagProcessor
[THYMELEAF]             * [* {th:xmlbase,data-th-xmlbase}] [1000]: org.thymeleaf.standard.processor.StandardXmlBaseTagProcessor
[THYMELEAF]             * [* {th:xmllang,data-th-xmllang}] [1000]: org.thymeleaf.standard.processor.StandardXmlLangTagProcessor
[THYMELEAF]             * [* {xmlns:th}] [1000]: org.thymeleaf.standard.processor.StandardXmlNsTagProcessor
[THYMELEAF]             * [* {th:xmlspace,data-th-xmlspace}] [1000]: org.thymeleaf.standard.processor.StandardXmlSpaceTagProcessor
[THYMELEAF]             * [* {th:classappend,data-th-classappend}] [1100]: org.thymeleaf.standard.processor.StandardClassappendTagProcessor
[THYMELEAF]             * [* {th:styleappend,data-th-styleappend}] [1100]: org.thymeleaf.standard.processor.StandardStyleappendTagProcessor
[THYMELEAF]             * [* {th:text,data-th-text}] [1300]: org.thymeleaf.standard.processor.StandardTextTagProcessor
[THYMELEAF]             * [* {th:utext,data-th-utext}] [1400]: org.thymeleaf.standard.processor.StandardUtextTagProcessor
[THYMELEAF]             * [* {th:fragment,data-th-fragment}] [1500]: org.thymeleaf.standard.processor.StandardFragmentTagProcessor
[THYMELEAF]             * [* {th:assert,data-th-assert}] [1550]: org.thymeleaf.standard.processor.StandardAssertTagProcessor
[THYMELEAF]             * [* {th:remove,data-th-remove}] [1600]: org.thymeleaf.standard.processor.StandardRemoveTagProcessor
[THYMELEAF]             * [* {th:ref,data-th-ref}] [10000]: org.thymeleaf.standard.processor.StandardRefAttributeTagProcessor
[THYMELEAF]             * [{th:block,th-block} *] [100000]: org.thymeleaf.standard.processor.StandardBlockTagProcessor
[THYMELEAF]             * [* th:*] [2147483647]: org.thymeleaf.standard.processor.StandardDefaultAttributesTagProcessor
[THYMELEAF]         * Text Processors by [precedence]:
[THYMELEAF]             * [1000]: org.thymeleaf.standard.processor.StandardInliningTextProcessor
[THYMELEAF]         * DOCTYPE Processors by [precedence]:
[THYMELEAF]             * [1000]: org.thymeleaf.standard.processor.StandardTranslationDocTypeProcessor
[THYMELEAF]         * CDATA Section Processors by [precedence]:
[THYMELEAF]             * [1000]: org.thymeleaf.standard.processor.StandardInliningCDATASectionProcessor
[THYMELEAF]         * Comment Processors by [precedence]:
[THYMELEAF]             * [1000]: org.thymeleaf.standard.processor.StandardInliningCommentProcessor
[THYMELEAF]             * [1100]: org.thymeleaf.standard.processor.StandardConditionalCommentProcessor
[THYMELEAF]     * Processors for Template Mode: XML
[THYMELEAF]         * Element Tag Processors by [matching element and attribute name] [precedence]:
[THYMELEAF]             * [* {th:include}] [100]: org.thymeleaf.standard.processor.StandardIncludeTagProcessor
[THYMELEAF]             * [* {th:insert}] [100]: org.thymeleaf.standard.processor.StandardInsertTagProcessor
[THYMELEAF]             * [* {th:replace}] [100]: org.thymeleaf.standard.processor.StandardReplaceTagProcessor
[THYMELEAF]             * [* {th:each}] [200]: com.intuit.karate.template.KarateEachTagProcessor
[THYMELEAF]             * [* {th:switch}] [250]: org.thymeleaf.standard.processor.StandardSwitchTagProcessor
[THYMELEAF]             * [* {th:case}] [275]: org.thymeleaf.standard.processor.StandardCaseTagProcessor
[THYMELEAF]             * [* {th:if}] [300]: org.thymeleaf.standard.processor.StandardIfTagProcessor
[THYMELEAF]             * [* {th:unless}] [400]: org.thymeleaf.standard.processor.StandardUnlessTagProcessor
[THYMELEAF]             * [* {th:object}] [500]: org.thymeleaf.standard.processor.StandardObjectTagProcessor
[THYMELEAF]             * [* {th:with}] [600]: com.intuit.karate.template.KarateWithTagProcessor
[THYMELEAF]             * [* {th:attr}] [700]: com.intuit.karate.template.KarateAttributeTagProcessor.KarateAttrTagProcessor
[THYMELEAF]             * [* {th:attrappend}] [900]: com.intuit.karate.template.KarateAttributeTagProcessor.KarateAttrappendTagProcessor
[THYMELEAF]             * [* {th:attrprepend}] [900]: com.intuit.karate.template.KarateAttributeTagProcessor.KarateAttrprependTagProcessor
[THYMELEAF]             * [* {th:inline}] [1000]: org.thymeleaf.standard.processor.StandardInlineXMLTagProcessor
[THYMELEAF]             * [* {xmlns:th}] [1000]: org.thymeleaf.standard.processor.StandardXmlNsTagProcessor
[THYMELEAF]             * [* {th:text}] [1300]: org.thymeleaf.standard.processor.StandardTextTagProcessor
[THYMELEAF]             * [* {th:utext}] [1400]: org.thymeleaf.standard.processor.StandardUtextTagProcessor
[THYMELEAF]             * [* {th:fragment}] [1500]: org.thymeleaf.standard.processor.StandardFragmentTagProcessor
[THYMELEAF]             * [* {th:assert}] [1550]: org.thymeleaf.standard.processor.StandardAssertTagProcessor
[THYMELEAF]             * [* {th:remove}] [1600]: org.thymeleaf.standard.processor.StandardRemoveTagProcessor
[THYMELEAF]             * [* {th:ref}] [10000]: org.thymeleaf.standard.processor.StandardRefAttributeTagProcessor
[THYMELEAF]             * [{th:block} *] [100000]: org.thymeleaf.standard.processor.StandardBlockTagProcessor
[THYMELEAF]             * [* th:*] [2147483647]: org.thymeleaf.standard.processor.StandardDefaultAttributesTagProcessor
[THYMELEAF]         * Text Processors by [precedence]:
[THYMELEAF]             * [1000]: org.thymeleaf.standard.processor.StandardInliningTextProcessor
[THYMELEAF]         * CDATA Section Processors by [precedence]:
[THYMELEAF]             * [1000]: org.thymeleaf.standard.processor.StandardInliningCDATASectionProcessor
[THYMELEAF]         * Comment Processors by [precedence]:
[THYMELEAF]             * [1000]: org.thymeleaf.standard.processor.StandardInliningCommentProcessor
[THYMELEAF]     * Processors for Template Mode: TEXT
[THYMELEAF]         * Element Tag Processors by [matching element and attribute name] [precedence]:
[THYMELEAF]             * [* {th:insert}] [100]: org.thymeleaf.standard.processor.StandardInsertTagProcessor
[THYMELEAF]             * [* {th:replace}] [100]: org.thymeleaf.standard.processor.StandardReplaceTagProcessor
[THYMELEAF]             * [* {th:each}] [200]: com.intuit.karate.template.KarateEachTagProcessor
[THYMELEAF]             * [* {th:switch}] [250]: org.thymeleaf.standard.processor.StandardSwitchTagProcessor
[THYMELEAF]             * [* {th:case}] [275]: org.thymeleaf.standard.processor.StandardCaseTagProcessor
[THYMELEAF]             * [* {th:if}] [300]: org.thymeleaf.standard.processor.StandardIfTagProcessor
[THYMELEAF]             * [* {th:unless}] [400]: org.thymeleaf.standard.processor.StandardUnlessTagProcessor
[THYMELEAF]             * [* {th:object}] [500]: org.thymeleaf.standard.processor.StandardObjectTagProcessor
[THYMELEAF]             * [* {th:with}] [600]: com.intuit.karate.template.KarateWithTagProcessor
[THYMELEAF]             * [* {th:inline}] [1000]: org.thymeleaf.standard.processor.StandardInlineTextualTagProcessor
[THYMELEAF]             * [* {th:text}] [1300]: org.thymeleaf.standard.processor.StandardTextTagProcessor
[THYMELEAF]             * [* {th:utext}] [1400]: org.thymeleaf.standard.processor.StandardUtextTagProcessor
[THYMELEAF]             * [* {th:assert}] [1550]: org.thymeleaf.standard.processor.StandardAssertTagProcessor
[THYMELEAF]             * [* {th:remove}] [1600]: org.thymeleaf.standard.processor.StandardRemoveTagProcessor
[THYMELEAF]             * [* 100000] [org.thymeleaf.standard.processor.StandardBlockTagProcessor]: {}
[THYMELEAF]             * [{th:block} *] [100000]: org.thymeleaf.standard.processor.StandardBlockTagProcessor
[THYMELEAF]         * Text Processors by [precedence]:
[THYMELEAF]             * [1000]: org.thymeleaf.standard.processor.StandardInliningTextProcessor
[THYMELEAF]     * Processors for Template Mode: JAVASCRIPT
[THYMELEAF]         * Element Tag Processors by [matching element and attribute name] [precedence]:
[THYMELEAF]             * [* {th:insert}] [100]: org.thymeleaf.standard.processor.StandardInsertTagProcessor
[THYMELEAF]             * [* {th:replace}] [100]: org.thymeleaf.standard.processor.StandardReplaceTagProcessor
[THYMELEAF]             * [* {th:each}] [200]: com.intuit.karate.template.KarateEachTagProcessor
[THYMELEAF]             * [* {th:switch}] [250]: org.thymeleaf.standard.processor.StandardSwitchTagProcessor
[THYMELEAF]             * [* {th:case}] [275]: org.thymeleaf.standard.processor.StandardCaseTagProcessor
[THYMELEAF]             * [* {th:if}] [300]: org.thymeleaf.standard.processor.StandardIfTagProcessor
[THYMELEAF]             * [* {th:unless}] [400]: org.thymeleaf.standard.processor.StandardUnlessTagProcessor
[THYMELEAF]             * [* {th:object}] [500]: org.thymeleaf.standard.processor.StandardObjectTagProcessor
[THYMELEAF]             * [* {th:with}] [600]: com.intuit.karate.template.KarateWithTagProcessor
[THYMELEAF]             * [* {th:inline}] [1000]: org.thymeleaf.standard.processor.StandardInlineTextualTagProcessor
[THYMELEAF]             * [* {th:text}] [1300]: org.thymeleaf.standard.processor.StandardTextTagProcessor
[THYMELEAF]             * [* {th:utext}] [1400]: org.thymeleaf.standard.processor.StandardUtextTagProcessor
[THYMELEAF]             * [* {th:assert}] [1550]: org.thymeleaf.standard.processor.StandardAssertTagProcessor
[THYMELEAF]             * [* {th:remove}] [1600]: org.thymeleaf.standard.processor.StandardRemoveTagProcessor
[THYMELEAF]             * [{th:block} *] [100000]: org.thymeleaf.standard.processor.StandardBlockTagProcessor
[THYMELEAF]             * [* 100000] [org.thymeleaf.standard.processor.StandardBlockTagProcessor]: {}
[THYMELEAF]         * Text Processors by [precedence]:
[THYMELEAF]             * [1000]: org.thymeleaf.standard.processor.StandardInliningTextProcessor
[THYMELEAF]     * Processors for Template Mode: CSS
[THYMELEAF]         * Element Tag Processors by [matching element and attribute name] [precedence]:
[THYMELEAF]             * [* {th:insert}] [100]: org.thymeleaf.standard.processor.StandardInsertTagProcessor
[THYMELEAF]             * [* {th:replace}] [100]: org.thymeleaf.standard.processor.StandardReplaceTagProcessor
[THYMELEAF]             * [* {th:each}] [200]: com.intuit.karate.template.KarateEachTagProcessor
[THYMELEAF]             * [* {th:switch}] [250]: org.thymeleaf.standard.processor.StandardSwitchTagProcessor
[THYMELEAF]             * [* {th:case}] [275]: org.thymeleaf.standard.processor.StandardCaseTagProcessor
[THYMELEAF]             * [* {th:if}] [300]: org.thymeleaf.standard.processor.StandardIfTagProcessor
[THYMELEAF]             * [* {th:unless}] [400]: org.thymeleaf.standard.processor.StandardUnlessTagProcessor
[THYMELEAF]             * [* {th:object}] [500]: org.thymeleaf.standard.processor.StandardObjectTagProcessor
[THYMELEAF]             * [* {th:with}] [600]: com.intuit.karate.template.KarateWithTagProcessor
[THYMELEAF]             * [* {th:inline}] [1000]: org.thymeleaf.standard.processor.StandardInlineTextualTagProcessor
[THYMELEAF]             * [* {th:text}] [1300]: org.thymeleaf.standard.processor.StandardTextTagProcessor
[THYMELEAF]             * [* {th:utext}] [1400]: org.thymeleaf.standard.processor.StandardUtextTagProcessor
[THYMELEAF]             * [* {th:assert}] [1550]: org.thymeleaf.standard.processor.StandardAssertTagProcessor
[THYMELEAF]             * [* {th:remove}] [1600]: org.thymeleaf.standard.processor.StandardRemoveTagProcessor
[THYMELEAF]             * [{th:block} *] [100000]: org.thymeleaf.standard.processor.StandardBlockTagProcessor
[THYMELEAF]             * [* 100000] [org.thymeleaf.standard.processor.StandardBlockTagProcessor]: {}
[THYMELEAF]         * Text Processors by [precedence]:
[THYMELEAF]             * [1000]: org.thymeleaf.standard.processor.StandardInliningTextProcessor
[THYMELEAF]     * Expression Objects:
[THYMELEAF]         * #ctx
[THYMELEAF]         * #root
[THYMELEAF]         * #vars
[THYMELEAF]         * #object
[THYMELEAF]         * #locale
[THYMELEAF]         * #conversions
[THYMELEAF]         * #uris
[THYMELEAF]         * #temporals
[THYMELEAF]         * #calendars
[THYMELEAF]         * #dates
[THYMELEAF]         * #bools
[THYMELEAF]         * #numbers
[THYMELEAF]         * #objects
[THYMELEAF]         * #strings
[THYMELEAF]         * #arrays
[THYMELEAF]         * #lists
[THYMELEAF]         * #sets
[THYMELEAF]         * #maps
[THYMELEAF]         * #aggregates
[THYMELEAF]         * #messages
[THYMELEAF]         * #ids
[THYMELEAF]         * #execInfo
[THYMELEAF]         * #request
[THYMELEAF]         * #response
[THYMELEAF]         * #session
[THYMELEAF]         * #servletContext
[THYMELEAF]     * Execution Attributes:
[THYMELEAF]         * "StandardExpressionParser": com.intuit.karate.template.KarateStandardDialect@17354708
[THYMELEAF]         * "StandardJavaScriptSerializer": org.thymeleaf.standard.serializer.StandardJavaScriptSerializer@61ad30f6
[THYMELEAF]         * "StandardCSSSerializer": org.thymeleaf.standard.serializer.StandardCSSSerializer@312f3050
[THYMELEAF]         * "StandardVariableExpressionEvaluator": com.intuit.karate.template.KarateStandardDialect@17354708
[THYMELEAF]         * "StandardConversionService": org.thymeleaf.standard.expression.StandardConversionService@615bad16
[THYMELEAF] * Dialect [2 of 2]: karate (com.intuit.karate.template.KarateScriptDialect)
[THYMELEAF]     * Prefix: "ka"
[THYMELEAF]     * Processors for Template Mode: HTML
[THYMELEAF]         * Element Tag Processors by [matching element and attribute name] [precedence]:
[THYMELEAF]             * [* {src}] [1000]: com.intuit.karate.template.KaScriptAttrProcessor
[THYMELEAF]         * Element Model Processors by [matching element and attribute name] [precedence]:
[THYMELEAF]             * [{script} {ka:scope,data-ka-scope}] [1000]: com.intuit.karate.template.KaScriptElemProcessor
[THYMELEAF]             * [* {ka:set,data-ka-set}] [1000]: com.intuit.karate.template.KaSetElemProcessor
[THYMELEAF] TEMPLATE ENGINE CONFIGURED OK
16:12:32.829 [main] DEBUG org.thymeleaf.TemplateEngine -- [THYMELEAF] TEMPLATE ENGINE INITIALIZED
16:12:32.843 [main] DEBUG org.thymeleaf.TemplateEngine -- [THYMELEAF] INITIALIZING TEMPLATE ENGINE
16:12:32.853 [main] DEBUG org.thymeleaf.TemplateEngine.CONFIG -- Initializing Thymeleaf Template engine configuration...
[THYMELEAF] TEMPLATE ENGINE CONFIGURATION:
[THYMELEAF] * Thymeleaf version: 3.1.2.RELEASE (built 2023-07-30T19:25:50+0000)
[THYMELEAF] * Cache Manager implementation: org.thymeleaf.cache.StandardCacheManager
[THYMELEAF] * Template resolvers:
[THYMELEAF]     * [1] com.intuit.karate.template.ResourceHtmlTemplateResolver
[THYMELEAF] * Message resolvers:
[THYMELEAF]     * org.thymeleaf.messageresolver.StandardMessageResolver
[THYMELEAF] * Link builders:
[THYMELEAF]     * org.thymeleaf.linkbuilder.StandardLinkBuilder
[THYMELEAF] * Dialect [1 of 2]: Standard (com.intuit.karate.template.KarateStandardDialect)
[THYMELEAF]     * Prefix: "th"
[THYMELEAF]     * Processors for Template Mode: HTML
[THYMELEAF]         * Element Tag Processors by [matching element and attribute name] [precedence]:
[THYMELEAF]             * [* {th:include,data-th-include}] [100]: org.thymeleaf.standard.processor.StandardIncludeTagProcessor
[THYMELEAF]             * [* {th:insert,data-th-insert}] [100]: org.thymeleaf.standard.processor.StandardInsertTagProcessor
[THYMELEAF]             * [* {th:replace,data-th-replace}] [100]: org.thymeleaf.standard.processor.StandardReplaceTagProcessor
[THYMELEAF]             * [* {th:each,data-th-each}] [200]: com.intuit.karate.template.KarateEachTagProcessor
[THYMELEAF]             * [* {th:switch,data-th-switch}] [250]: org.thymeleaf.standard.processor.StandardSwitchTagProcessor
[THYMELEAF]             * [* {th:case,data-th-case}] [275]: org.thymeleaf.standard.processor.StandardCaseTagProcessor
[THYMELEAF]             * [* {th:if,data-th-if}] [300]: org.thymeleaf.standard.processor.StandardIfTagProcessor
[THYMELEAF]             * [* {th:unless,data-th-unless}] [400]: org.thymeleaf.standard.processor.StandardUnlessTagProcessor
[THYMELEAF]             * [* {th:object,data-th-object}] [500]: org.thymeleaf.standard.processor.StandardObjectTagProcessor
[THYMELEAF]             * [* {th:with,data-th-with}] [600]: com.intuit.karate.template.KarateWithTagProcessor
[THYMELEAF]             * [* {th:attr,data-th-attr}] [700]: com.intuit.karate.template.KarateAttributeTagProcessor.KarateAttrTagProcessor
[THYMELEAF]             * [* {th:attrappend,data-th-attrappend}] [900]: com.intuit.karate.template.KarateAttributeTagProcessor.KarateAttrappendTagProcessor
[THYMELEAF]             * [* {th:attrprepend,data-th-attrprepend}] [900]: com.intuit.karate.template.KarateAttributeTagProcessor.KarateAttrprependTagProcessor
[THYMELEAF]             * [* {th:alt-title,data-th-alt-title}] [990]: org.thymeleaf.standard.processor.StandardAltTitleTagProcessor
[THYMELEAF]             * [* {th:lang-xmllang,data-th-lang-xmllang}] [990]: org.thymeleaf.standard.processor.StandardLangXmlLangTagProcessor
[THYMELEAF]             * [* {th:action,data-th-action}] [1000]: org.thymeleaf.standard.processor.StandardActionTagProcessor
[THYMELEAF]             * [* {th:seamless,data-th-seamless}] [1000]: org.thymeleaf.standard.processor.StandardConditionalFixedValueTagProcessor
[THYMELEAF]             * [* {th:readonly,data-th-readonly}] [1000]: org.thymeleaf.standard.processor.StandardConditionalFixedValueTagProcessor
[THYMELEAF]             * [* {th:novalidate,data-th-novalidate}] [1000]: org.thymeleaf.standard.processor.StandardConditionalFixedValueTagProcessor
[THYMELEAF]             * [* {th:multiple,data-th-multiple}] [1000]: org.thymeleaf.standard.processor.StandardConditionalFixedValueTagProcessor
[THYMELEAF]             * [* {th:open,data-th-open}] [1000]: org.thymeleaf.standard.processor.StandardConditionalFixedValueTagProcessor
[THYMELEAF]             * [* {th:scoped,data-th-scoped}] [1000]: org.thymeleaf.standard.processor.StandardConditionalFixedValueTagProcessor
[THYMELEAF]             * [* {th:controls,data-th-controls}] [1000]: org.thymeleaf.standard.processor.StandardConditionalFixedValueTagProcessor
[THYMELEAF]             * [* {th:hidden,data-th-hidden}] [1000]: org.thymeleaf.standard.processor.StandardConditionalFixedValueTagProcessor
[THYMELEAF]             * [* {th:nowrap,data-th-nowrap}] [1000]: org.thymeleaf.standard.processor.StandardConditionalFixedValueTagProcessor
[THYMELEAF]             * [* {th:defer,data-th-defer}] [1000]: org.thymeleaf.standard.processor.StandardConditionalFixedValueTagProcessor
[THYMELEAF]             * [* {th:selected,data-th-selected}] [1000]: org.thymeleaf.standard.processor.StandardConditionalFixedValueTagProcessor
[THYMELEAF]             * [* {th:required,data-th-required}] [1000]: org.thymeleaf.standard.processor.StandardConditionalFixedValueTagProcessor
[THYMELEAF]             * [* {th:declare,data-th-declare}] [1000]: org.thymeleaf.standard.processor.StandardConditionalFixedValueTagProcessor
[THYMELEAF]             * [* {th:formnovalidate,data-th-formnovalidate}] [1000]: org.thymeleaf.standard.processor.StandardConditionalFixedValueTagProcessor
[THYMELEAF]             * [* {th:autoplay,data-th-autoplay}] [1000]: org.thymeleaf.standard.processor.StandardConditionalFixedValueTagProcessor
[THYMELEAF]             * [* {th:reversed,data-th-reversed}] [1000]: org.thymeleaf.standard.processor.StandardConditionalFixedValueTagProcessor
[THYMELEAF]             * [* {th:loop,data-th-loop}] [1000]: org.thymeleaf.standard.processor.StandardConditionalFixedValueTagProcessor
[THYMELEAF]             * [* {th:default,data-th-default}] [1000]: org.thymeleaf.standard.processor.StandardConditionalFixedValueTagProcessor
[THYMELEAF]             * [* {th:pubdate,data-th-pubdate}] [1000]: org.thymeleaf.standard.processor.StandardConditionalFixedValueTagProcessor
[THYMELEAF]             * [* {th:async,data-th-async}] [1000]: org.thymeleaf.standard.processor.StandardConditionalFixedValueTagProcessor
[THYMELEAF]             * [* {th:checked,data-th-checked}] [1000]: org.thymeleaf.standard.processor.StandardConditionalFixedValueTagProcessor
[THYMELEAF]             * [* {th:disabled,data-th-disabled}] [1000]: org.thymeleaf.standard.processor.StandardConditionalFixedValueTagProcessor
[THYMELEAF]             * [* {th:ismap,data-th-ismap}] [1000]: org.thymeleaf.standard.processor.StandardConditionalFixedValueTagProcessor
[THYMELEAF]             * [* {th:autofocus,data-th-autofocus}] [1000]: org.thymeleaf.standard.processor.StandardConditionalFixedValueTagProcessor
[THYMELEAF]             * [* {th:onpause,data-th-onpause}] [1000]: org.thymeleaf.standard.processor.StandardDOMEventAttributeTagProcessor
[THYMELEAF]             * [* {th:oncontextmenu,data-th-oncontextmenu}] [1000]: org.thymeleaf.standard.processor.StandardDOMEventAttributeTagProcessor
[THYMELEAF]             * [* {th:ondragenter,data-th-ondragenter}] [1000]: org.thymeleaf.standard.processor.StandardDOMEventAttributeTagProcessor
[THYMELEAF]             * [* {th:oncanplaythrough,data-th-oncanplaythrough}] [1000]: org.thymeleaf.standard.processor.StandardDOMEventAttributeTagProcessor
[THYMELEAF]             * [* {th:ondrag,data-th-ondrag}] [1000]: org.thymeleaf.standard.processor.StandardDOMEventAttributeTagProcessor
[THYMELEAF]             * [* {th:onundo,data-th-onundo}] [1000]: org.thymeleaf.standard.processor.StandardDOMEventAttributeTagProcessor
[THYMELEAF]             * [* {th:ondblclick,data-th-ondblclick}] [1000]: org.thymeleaf.standard.processor.StandardDOMEventAttributeTagProcessor
[THYMELEAF]             * [* {th:onscroll,data-th-onscroll}] [1000]: org.thymeleaf.standard.processor.StandardDOMEventAttributeTagProcessor
[THYMELEAF]             * [* {th:onfocus,data-th-onfocus}] [1000]: org.thymeleaf.standard.processor.StandardDOMEventAttributeTagProcessor
[THYMELEAF]             * [* {th:ontimeupdate,data-th-ontimeupdate}] [1000]: org.thymeleaf.standard.processor.StandardDOMEventAttributeTagProcessor
[THYMELEAF]             * [* {th:ondragleave,data-th-ondragleave}] [1000]: org.thymeleaf.standard.processor.StandardDOMEventAttributeTagProcessor
[THYMELEAF]             * [* {th:onmouseout,data-th-onmouseout}] [1000]: org.thymeleaf.standard.processor.StandardDOMEventAttributeTagProcessor
[THYMELEAF]             * [* {th:oncanplay,data-th-oncanplay}] [1000]: org.thymeleaf.standard.processor.StandardDOMEventAttributeTagProcessor
[THYMELEAF]             * [* {th:onblur,data-th-onblur}] [1000]: org.thymeleaf.standard.processor.StandardDOMEventAttributeTagProcessor
[THYMELEAF]             * [* {th:onratechange,data-th-onratechange}] [1000]: org.thymeleaf.standard.processor.StandardDOMEventAttributeTagProcessor
[THYMELEAF]             * [* {th:onemptied,data-th-onemptied}] [1000]: org.thymeleaf.standard.processor.StandardDOMEventAttributeTagProcessor
[THYMELEAF]             * [* {th:onkeydown,data-th-onkeydown}] [1000]: org.thymeleaf.standard.processor.StandardDOMEventAttributeTagProcessor
[THYMELEAF]             * [* {th:ondragover,data-th-ondragover}] [1000]: org.thymeleaf.standard.processor.StandardDOMEventAttributeTagProcessor
[THYMELEAF]             * [* {th:ondurationchange,data-th-ondurationchange}] [1000]: org.thymeleaf.standard.processor.StandardDOMEventAttributeTagProcessor
[THYMELEAF]             * [* {th:onshow,data-th-onshow}] [1000]: org.thymeleaf.standard.processor.StandardDOMEventAttributeTagProcessor
[THYMELEAF]             * [* {th:onmousewheel,data-th-onmousewheel}] [1000]: org.thymeleaf.standard.processor.StandardDOMEventAttributeTagProcessor
[THYMELEAF]             * [* {th:onmousedown,data-th-onmousedown}] [1000]: org.thymeleaf.standard.processor.StandardDOMEventAttributeTagProcessor
[THYMELEAF]             * [* {th:onafterprint,data-th-onafterprint}] [1000]: org.thymeleaf.standard.processor.StandardDOMEventAttributeTagProcessor
[THYMELEAF]             * [* {th:onkeyup,data-th-onkeyup}] [1000]: org.thymeleaf.standard.processor.StandardDOMEventAttributeTagProcessor
[THYMELEAF]             * [* {th:onloadstart,data-th-onloadstart}] [1000]: org.thymeleaf.standard.processor.StandardDOMEventAttributeTagProcessor
[THYMELEAF]             * [* {th:ondragend,data-th-ondragend}] [1000]: org.thymeleaf.standard.processor.StandardDOMEventAttributeTagProcessor
[THYMELEAF]             * [* {th:onclick,data-th-onclick}] [1000]: org.thymeleaf.standard.processor.StandardDOMEventAttributeTagProcessor
[THYMELEAF]             * [* {th:onforminput,data-th-onforminput}] [1000]: org.thymeleaf.standard.processor.StandardDOMEventAttributeTagProcessor
[THYMELEAF]             * [* {th:onreset,data-th-onreset}] [1000]: org.thymeleaf.standard.processor.StandardDOMEventAttributeTagProcessor
[THYMELEAF]             * [* {th:onredo,data-th-onredo}] [1000]: org.thymeleaf.standard.processor.StandardDOMEventAttributeTagProcessor
[THYMELEAF]             * [* {th:onformchange,data-th-onformchange}] [1000]: org.thymeleaf.standard.processor.StandardDOMEventAttributeTagProcessor
[THYMELEAF]             * [* {th:onbeforeprint,data-th-onbeforeprint}] [1000]: org.thymeleaf.standard.processor.StandardDOMEventAttributeTagProcessor
[THYMELEAF]             * [* {th:onended,data-th-onended}] [1000]: org.thymeleaf.standard.processor.StandardDOMEventAttributeTagProcessor
[THYMELEAF]             * [* {th:onstorage,data-th-onstorage}] [1000]: org.thymeleaf.standard.processor.StandardDOMEventAttributeTagProcessor
[THYMELEAF]             * [* {th:onseeking,data-th-onseeking}] [1000]: org.thymeleaf.standard.processor.StandardDOMEventAttributeTagProcessor
[THYMELEAF]             * [* {th:onvolumechange,data-th-onvolumechange}] [1000]: org.thymeleaf.standard.processor.StandardDOMEventAttributeTagProcessor
[THYMELEAF]             * [* {th:onprogress,data-th-onprogress}] [1000]: org.thymeleaf.standard.processor.StandardDOMEventAttributeTagProcessor
[THYMELEAF]             * [* {th:onpopstate,data-th-onpopstate}] [1000]: org.thymeleaf.standard.processor.StandardDOMEventAttributeTagProcessor
[THYMELEAF]             * [* {th:onhashchange,data-th-onhashchange}] [1000]: org.thymeleaf.standard.processor.StandardDOMEventAttributeTagProcessor
[THYMELEAF]             * [* {th:onsuspend,data-th-onsuspend}] [1000]: org.thymeleaf.standard.processor.StandardDOMEventAttributeTagProcessor
[THYMELEAF]             * [* {th:onstalled,data-th-onstalled}] [1000]: org.thymeleaf.standard.processor.StandardDOMEventAttributeTagProcessor
[THYMELEAF]             * [* {th:onabort,data-th-onabort}] [1000]: org.thymeleaf.standard.processor.StandardDOMEventAttributeTagProcessor
[THYMELEAF]             * [* {th:onplay,data-th-onplay}] [1000]: org.thymeleaf.standard.processor.StandardDOMEventAttributeTagProcessor
[THYMELEAF]             * [* {th:onresize,data-th-onresize}] [1000]: org.thymeleaf.standard.processor.StandardDOMEventAttributeTagProcessor
[THYMELEAF]             * [* {th:onmouseover,data-th-onmouseover}] [1000]: org.thymeleaf.standard.processor.StandardDOMEventAttributeTagProcessor
[THYMELEAF]             * [* {th:onunload,data-th-onunload}] [1000]: org.thymeleaf.standard.processor.StandardDOMEventAttributeTagProcessor
[THYMELEAF]             * [* {th:onreadystatechange,data-th-onreadystatechange}] [1000]: org.thymeleaf.standard.processor.StandardDOMEventAttributeTagProcessor
[THYMELEAF]             * [* {th:onmouseup,data-th-onmouseup}] [1000]: org.thymeleaf.standard.processor.StandardDOMEventAttributeTagProcessor
[THYMELEAF]             * [* {th:oninvalid,data-th-oninvalid}] [1000]: org.thymeleaf.standard.processor.StandardDOMEventAttributeTagProcessor
[THYMELEAF]             * [* {th:onplaying,data-th-onplaying}] [1000]: org.thymeleaf.standard.processor.StandardDOMEventAttributeTagProcessor
[THYMELEAF]             * [* {th:ondrop,data-th-ondrop}] [1000]: org.thymeleaf.standard.processor.StandardDOMEventAttributeTagProcessor
[THYMELEAF]             * [* {th:onwaiting,data-th-onwaiting}] [1000]: org.thymeleaf.standard.processor.StandardDOMEventAttributeTagProcessor
[THYMELEAF]             * [* {th:onselect,data-th-onselect}] [1000]: org.thymeleaf.standard.processor.StandardDOMEventAttributeTagProcessor
[THYMELEAF]             * [* {th:onloadedmetadata,data-th-onloadedmetadata}] [1000]: org.thymeleaf.standard.processor.StandardDOMEventAttributeTagProcessor
[THYMELEAF]             * [* {th:onmessage,data-th-onmessage}] [1000]: org.thymeleaf.standard.processor.StandardDOMEventAttributeTagProcessor
[THYMELEAF]             * [* {th:ondragstart,data-th-ondragstart}] [1000]: org.thymeleaf.standard.processor.StandardDOMEventAttributeTagProcessor
[THYMELEAF]             * [* {th:onchange,data-th-onchange}] [1000]: org.thymeleaf.standard.processor.StandardDOMEventAttributeTagProcessor
[THYMELEAF]             * [* {th:ononline,data-th-ononline}] [1000]: org.thymeleaf.standard.processor.StandardDOMEventAttributeTagProcessor
[THYMELEAF]             * [* {th:oninput,data-th-oninput}] [1000]: org.thymeleaf.standard.processor.StandardDOMEventAttributeTagProcessor
[THYMELEAF]             * [* {th:onsubmit,data-th-onsubmit}] [1000]: org.thymeleaf.standard.processor.StandardDOMEventAttributeTagProcessor
[THYMELEAF]             * [* {th:onloadeddata,data-th-onloadeddata}] [1000]: org.thymeleaf.standard.processor.StandardDOMEventAttributeTagProcessor
[THYMELEAF]             * [* {th:onload,data-th-onload}] [1000]: org.thymeleaf.standard.processor.StandardDOMEventAttributeTagProcessor
[THYMELEAF]             * [* {th:onseeked,data-th-onseeked}] [1000]: org.thymeleaf.standard.processor.StandardDOMEventAttributeTagProcessor
[THYMELEAF]             * [* {th:onmousemove,data-th-onmousemove}] [1000]: org.thymeleaf.standard.processor.StandardDOMEventAttributeTagProcessor
[THYMELEAF]             * [* {th:onkeypress,data-th-onkeypress}] [1000]: org.thymeleaf.standard.processor.StandardDOMEventAttributeTagProcessor
[THYMELEAF]             * [* {th:onerror,data-th-onerror}] [1000]: org.thymeleaf.standard.processor.StandardDOMEventAttributeTagProcessor
[THYMELEAF]             * [* {th:onbeforeunload,data-th-onbeforeunload}] [1000]: org.thymeleaf.standard.processor.StandardDOMEventAttributeTagProcessor
[THYMELEAF]             * [* {th:onoffline,data-th-onoffline}] [1000]: org.thymeleaf.standard.processor.StandardDOMEventAttributeTagProcessor
[THYMELEAF]             * [* {th:href,data-th-href}] [1000]: org.thymeleaf.standard.processor.StandardHrefTagProcessor
[THYMELEAF]             * [* {th:inline,data-th-inline}] [1000]: org.thymeleaf.standard.processor.StandardInlineHTMLTagProcessor
[THYMELEAF]             * [* {th:method,data-th-method}] [1000]: org.thymeleaf.standard.processor.StandardMethodTagProcessor
[THYMELEAF]             * [* {th:type,data-th-type}] [1000]: org.thymeleaf.standard.processor.StandardNonRemovableAttributeTagProcessor
[THYMELEAF]             * [* {th:name,data-th-name}] [1000]: org.thymeleaf.standard.processor.StandardNonRemovableAttributeTagProcessor
[THYMELEAF]             * [* {th:vspace,data-th-vspace}] [1000]: org.thymeleaf.standard.processor.StandardRemovableAttributeTagProcessor
[THYMELEAF]             * [* {th:challenge,data-th-challenge}] [1000]: org.thymeleaf.standard.processor.StandardRemovableAttributeTagProcessor
[THYMELEAF]             * [* {th:accept-charset,data-th-accept-charset}] [1000]: org.thymeleaf.standard.processor.StandardRemovableAttributeTagProcessor
[THYMELEAF]             * [* {th:rel,data-th-rel}] [1000]: org.thymeleaf.standard.processor.StandardRemovableAttributeTagProcessor
[THYMELEAF]             * [* {th:kind,data-th-kind}] [1000]: org.thymeleaf.standard.processor.StandardRemovableAttributeTagProcessor
[THYMELEAF]             * [* {th:min,data-th-min}] [1000]: org.thymeleaf.standard.processor.StandardRemovableAttributeTagProcessor
[THYMELEAF]             * [* {th:poster,data-th-poster}] [1000]: org.thymeleaf.standard.processor.StandardRemovableAttributeTagProcessor
[THYMELEAF]             * [* {th:pattern,data-th-pattern}] [1000]: org.thymeleaf.standard.processor.StandardRemovableAttributeTagProcessor
[THYMELEAF]             * [* {th:max,data-th-max}] [1000]: org.thymeleaf.standard.processor.StandardRemovableAttributeTagProcessor
[THYMELEAF]             * [* {th:audio,data-th-audio}] [1000]: org.thymeleaf.standard.processor.StandardRemovableAttributeTagProcessor
[THYMELEAF]             * [* {th:compact,data-th-compact}] [1000]: org.thymeleaf.standard.processor.StandardRemovableAttributeTagProcessor
[THYMELEAF]             * [* {th:scrolling,data-th-scrolling}] [1000]: org.thymeleaf.standard.processor.StandardRemovableAttributeTagProcessor
[THYMELEAF]             * [* {th:codetype,data-th-codetype}] [1000]: org.thymeleaf.standard.processor.StandardRemovableAttributeTagProcessor
[THYMELEAF]             * [* {th:archive,data-th-archive}] [1000]: org.thymeleaf.standard.processor.StandardRemovableAttributeTagProcessor
[THYMELEAF]             * [* {th:span,data-th-span}] [1000]: org.thymeleaf.standard.processor.StandardRemovableAttributeTagProcessor
[THYMELEAF]             * [* {th:spellcheck,data-th-spellcheck}] [1000]: org.thymeleaf.standard.processor.StandardRemovableAttributeTagProcessor
[THYMELEAF]             * [* {th:icon,data-th-icon}] [1000]: org.thymeleaf.standard.processor.StandardRemovableAttributeTagProcessor
[THYMELEAF]             * [* {th:scheme,data-th-scheme}] [1000]: org.thymeleaf.standard.processor.StandardRemovableAttributeTagProcessor
[THYMELEAF]             * [* {th:scope,data-th-scope}] [1000]: org.thymeleaf.standard.processor.StandardRemovableAttributeTagProcessor
[THYMELEAF]             * [* {th:id,data-th-id}] [1000]: org.thymeleaf.standard.processor.StandardRemovableAttributeTagProcessor
[THYMELEAF]             * [* {th:cite,data-th-cite}] [1000]: org.thymeleaf.standard.processor.StandardRemovableAttributeTagProcessor
[THYMELEAF]             * [* {th:step,data-th-step}] [1000]: org.thymeleaf.standard.processor.StandardRemovableAttributeTagProcessor
[THYMELEAF]             * [* {th:dir,data-th-dir}] [1000]: org.thymeleaf.standard.processor.StandardRemovableAttributeTagProcessor
[THYMELEAF]             * [* {th:lang,data-th-lang}] [1000]: org.thymeleaf.standard.processor.StandardRemovableAttributeTagProcessor
[THYMELEAF]             * [* {th:border,data-th-border}] [1000]: org.thymeleaf.standard.processor.StandardRemovableAttributeTagProcessor
[THYMELEAF]             * [* {th:target,data-th-target}] [1000]: org.thymeleaf.standard.processor.StandardRemovableAttributeTagProcessor
[THYMELEAF]             * [* {th:rev,data-th-rev}] [1000]: org.thymeleaf.standard.processor.StandardRemovableAttributeTagProcessor
[THYMELEAF]             * [* {th:cellpadding,data-th-cellpadding}] [1000]: org.thymeleaf.standard.processor.StandardRemovableAttributeTagProcessor
[THYMELEAF]             * [* {th:optimum,data-th-optimum}] [1000]: org.thymeleaf.standard.processor.StandardRemovableAttributeTagProcessor
[THYMELEAF]             * [* {th:style,data-th-style}] [1000]: org.thymeleaf.standard.processor.StandardRemovableAttributeTagProcessor
[THYMELEAF]             * [* {th:summary,data-th-summary}] [1000]: org.thymeleaf.standard.processor.StandardRemovableAttributeTagProcessor
[THYMELEAF]             * [* {th:sandbox,data-th-sandbox}] [1000]: org.thymeleaf.standard.processor.StandardRemovableAttributeTagProcessor
[THYMELEAF]             * [* {th:form,data-th-form}] [1000]: org.thymeleaf.standard.processor.StandardRemovableAttributeTagProcessor
[THYMELEAF]             * [* {th:charset,data-th-charset}] [1000]: org.thymeleaf.standard.processor.StandardRemovableAttributeTagProcessor
[THYMELEAF]             * [* {th:standby,data-th-standby}] [1000]: org.thymeleaf.standard.processor.StandardRemovableAttributeTagProcessor
[THYMELEAF]             * [* {th:longdesc,data-th-longdesc}] [1000]: org.thymeleaf.standard.processor.StandardRemovableAttributeTagProcessor
[THYMELEAF]             * [* {th:accesskey,data-th-accesskey}] [1000]: org.thymeleaf.standard.processor.StandardRemovableAttributeTagProcessor
[THYMELEAF]             * [* {th:rules,data-th-rules}] [1000]: org.thymeleaf.standard.processor.StandardRemovableAttributeTagProcessor
[THYMELEAF]             * [* {th:dropzone,data-th-dropzone}] [1000]: org.thymeleaf.standard.processor.StandardRemovableAttributeTagProcessor
[THYMELEAF]             * [* {th:low,data-th-low}] [1000]: org.thymeleaf.standard.processor.StandardRemovableAttributeTagProcessor
[THYMELEAF]             * [* {th:start,data-th-start}] [1000]: org.thymeleaf.standard.processor.StandardRemovableAttributeTagProcessor
[THYMELEAF]             * [* {th:marginheight,data-th-marginheight}] [1000]: org.thymeleaf.standard.processor.StandardRemovableAttributeTagProcessor
[THYMELEAF]             * [* {th:headers,data-th-headers}] [1000]: org.thymeleaf.standard.processor.StandardRemovableAttributeTagProcessor
[THYMELEAF]             * [* {th:marginwidth,data-th-marginwidth}] [1000]: org.thymeleaf.standard.processor.StandardRemovableAttributeTagProcessor
[THYMELEAF]             * [* {th:axis,data-th-axis}] [1000]: org.thymeleaf.standard.processor.StandardRemovableAttributeTagProcessor
[THYMELEAF]             * [* {th:placeholder,data-th-placeholder}] [1000]: org.thymeleaf.standard.processor.StandardRemovableAttributeTagProcessor
[THYMELEAF]             * [* {th:size,data-th-size}] [1000]: org.thymeleaf.standard.processor.StandardRemovableAttributeTagProcessor
[THYMELEAF]             * [* {th:label,data-th-label}] [1000]: org.thymeleaf.standard.processor.StandardRemovableAttributeTagProcessor
[THYMELEAF]             * [* {th:hreflang,data-th-hreflang}] [1000]: org.thymeleaf.standard.processor.StandardRemovableAttributeTagProcessor
[THYMELEAF]             * [* {th:bgcolor,data-th-bgcolor}] [1000]: org.thymeleaf.standard.processor.StandardRemovableAttributeTagProcessor
[THYMELEAF]             * [* {th:tabindex,data-th-tabindex}] [1000]: org.thymeleaf.standard.processor.StandardRemovableAttributeTagProcessor
[THYMELEAF]             * [* {th:width,data-th-width}] [1000]: org.thymeleaf.standard.processor.StandardRemovableAttributeTagProcessor
[THYMELEAF]             * [* {th:abbr,data-th-abbr}] [1000]: org.thymeleaf.standard.processor.StandardRemovableAttributeTagProcessor
[THYMELEAF]             * [* {th:cols,data-th-cols}] [1000]: org.thymeleaf.standard.processor.StandardRemovableAttributeTagProcessor
[THYMELEAF]             * [* {th:cellspacing,data-th-cellspacing}] [1000]: org.thymeleaf.standard.processor.StandardRemovableAttributeTagProcessor
[THYMELEAF]             * [* {th:wrap,data-th-wrap}] [1000]: org.thymeleaf.standard.processor.StandardRemovableAttributeTagProcessor
[THYMELEAF]             * [* {th:http-equiv,data-th-http-equiv}] [1000]: org.thymeleaf.standard.processor.StandardRemovableAttributeTagProcessor
[THYMELEAF]             * [* {th:alt,data-th-alt}] [1000]: org.thymeleaf.standard.processor.StandardRemovableAttributeTagProcessor
[THYMELEAF]             * [* {th:high,data-th-high}] [1000]: org.thymeleaf.standard.processor.StandardRemovableAttributeTagProcessor
[THYMELEAF]             * [* {th:align,data-th-align}] [1000]: org.thymeleaf.standard.processor.StandardRemovableAttributeTagProcessor
[THYMELEAF]             * [* {th:enctype,data-th-enctype}] [1000]: org.thymeleaf.standard.processor.StandardRemovableAttributeTagProcessor
[THYMELEAF]             * [* {th:formmethod,data-th-formmethod}] [1000]: org.thymeleaf.standard.processor.StandardRemovableAttributeTagProcessor
[THYMELEAF]             * [* {th:media,data-th-media}] [1000]: org.thymeleaf.standard.processor.StandardRemovableAttributeTagProcessor
[THYMELEAF]             * [* {th:rows,data-th-rows}] [1000]: org.thymeleaf.standard.processor.StandardRemovableAttributeTagProcessor
[THYMELEAF]             * [* {th:draggable,data-th-draggable}] [1000]: org.thymeleaf.standard.processor.StandardRemovableAttributeTagProcessor
[THYMELEAF]             * [* {th:list,data-th-list}] [1000]: org.thymeleaf.standard.processor.StandardRemovableAttributeTagProcessor
[THYMELEAF]             * [* {th:manifest,data-th-manifest}] [1000]: org.thymeleaf.standard.processor.StandardRemovableAttributeTagProcessor
[THYMELEAF]             * [* {th:class,data-th-class}] [1000]: org.thymeleaf.standard.processor.StandardRemovableAttributeTagProcessor
[THYMELEAF]             * [* {th:data,data-th-data}] [1000]: org.thymeleaf.standard.processor.StandardRemovableAttributeTagProcessor
[THYMELEAF]             * [* {th:contextmenu,data-th-contextmenu}] [1000]: org.thymeleaf.standard.processor.StandardRemovableAttributeTagProcessor
[THYMELEAF]             * [* {th:accept,data-th-accept}] [1000]: org.thymeleaf.standard.processor.StandardRemovableAttributeTagProcessor
[THYMELEAF]             * [* {th:keytype,data-th-keytype}] [1000]: org.thymeleaf.standard.processor.StandardRemovableAttributeTagProcessor
[THYMELEAF]             * [* {th:srclang,data-th-srclang}] [1000]: org.thymeleaf.standard.processor.StandardRemovableAttributeTagProcessor
[THYMELEAF]             * [* {th:content,data-th-content}] [1000]: org.thymeleaf.standard.processor.StandardRemovableAttributeTagProcessor
[THYMELEAF]             * [* {th:frame,data-th-frame}] [1000]: org.thymeleaf.standard.processor.StandardRemovableAttributeTagProcessor
[THYMELEAF]             * [* {th:hspace,data-th-hspace}] [1000]: org.thymeleaf.standard.processor.StandardRemovableAttributeTagProcessor
[THYMELEAF]             * [* {th:autocomplete,data-th-autocomplete}] [1000]: org.thymeleaf.standard.processor.StandardRemovableAttributeTagProcessor
[THYMELEAF]             * [* {th:colspan,data-th-colspan}] [1000]: org.thymeleaf.standard.processor.StandardRemovableAttributeTagProcessor
[THYMELEAF]             * [* {th:for,data-th-for}] [1000]: org.thymeleaf.standard.processor.StandardRemovableAttributeTagProcessor
[THYMELEAF]             * [* {th:valuetype,data-th-valuetype}] [1000]: org.thymeleaf.standard.processor.StandardRemovableAttributeTagProcessor
[THYMELEAF]             * [* {th:classid,data-th-classid}] [1000]: org.thymeleaf.standard.processor.StandardRemovableAttributeTagProcessor
[THYMELEAF]             * [* {th:formenctype,data-th-formenctype}] [1000]: org.thymeleaf.standard.processor.StandardRemovableAttributeTagProcessor
[THYMELEAF]             * [* {th:contenteditable,data-th-contenteditable}] [1000]: org.thymeleaf.standard.processor.StandardRemovableAttributeTagProcessor
[THYMELEAF]             * [* {th:background,data-th-background}] [1000]: org.thymeleaf.standard.processor.StandardRemovableAttributeTagProcessor
[THYMELEAF]             * [* {th:radiogroup,data-th-radiogroup}] [1000]: org.thymeleaf.standard.processor.StandardRemovableAttributeTagProcessor
[THYMELEAF]             * [* {th:rowspan,data-th-rowspan}] [1000]: org.thymeleaf.standard.processor.StandardRemovableAttributeTagProcessor
[THYMELEAF]             * [* {th:title,data-th-title}] [1000]: org.thymeleaf.standard.processor.StandardRemovableAttributeTagProcessor
[THYMELEAF]             * [* {th:formtarget,data-th-formtarget}] [1000]: org.thymeleaf.standard.processor.StandardRemovableAttributeTagProcessor
[THYMELEAF]             * [* {th:usemap,data-th-usemap}] [1000]: org.thymeleaf.standard.processor.StandardRemovableAttributeTagProcessor
[THYMELEAF]             * [* {th:formaction,data-th-formaction}] [1000]: org.thymeleaf.standard.processor.StandardRemovableAttributeTagProcessor
[THYMELEAF]             * [* {th:sizes,data-th-sizes}] [1000]: org.thymeleaf.standard.processor.StandardRemovableAttributeTagProcessor
[THYMELEAF]             * [* {th:height,data-th-height}] [1000]: org.thymeleaf.standard.processor.StandardRemovableAttributeTagProcessor
[THYMELEAF]             * [* {th:datetime,data-th-datetime}] [1000]: org.thymeleaf.standard.processor.StandardRemovableAttributeTagProcessor
[THYMELEAF]             * [* {th:frameborder,data-th-frameborder}] [1000]: org.thymeleaf.standard.processor.StandardRemovableAttributeTagProcessor
[THYMELEAF]             * [* {th:preload,data-th-preload}] [1000]: org.thymeleaf.standard.processor.StandardRemovableAttributeTagProcessor
[THYMELEAF]             * [* {th:codebase,data-th-codebase}] [1000]: org.thymeleaf.standard.processor.StandardRemovableAttributeTagProcessor
[THYMELEAF]             * [* {th:maxlength,data-th-maxlength}] [1000]: org.thymeleaf.standard.processor.StandardRemovableAttributeTagProcessor
[THYMELEAF]             * [* {th:src,data-th-src}] [1000]: org.thymeleaf.standard.processor.StandardSrcTagProcessor
[THYMELEAF]             * [* {th:value,data-th-value}] [1000]: org.thymeleaf.standard.processor.StandardValueTagProcessor
[THYMELEAF]             * [* {th:xmlbase,data-th-xmlbase}] [1000]: org.thymeleaf.standard.processor.StandardXmlBaseTagProcessor
[THYMELEAF]             * [* {th:xmllang,data-th-xmllang}] [1000]: org.thymeleaf.standard.processor.StandardXmlLangTagProcessor
[THYMELEAF]             * [* {xmlns:th}] [1000]: org.thymeleaf.standard.processor.StandardXmlNsTagProcessor
[THYMELEAF]             * [* {th:xmlspace,data-th-xmlspace}] [1000]: org.thymeleaf.standard.processor.StandardXmlSpaceTagProcessor
[THYMELEAF]             * [* {th:classappend,data-th-classappend}] [1100]: org.thymeleaf.standard.processor.StandardClassappendTagProcessor
[THYMELEAF]             * [* {th:styleappend,data-th-styleappend}] [1100]: org.thymeleaf.standard.processor.StandardStyleappendTagProcessor
[THYMELEAF]             * [* {th:text,data-th-text}] [1300]: org.thymeleaf.standard.processor.StandardTextTagProcessor
[THYMELEAF]             * [* {th:utext,data-th-utext}] [1400]: org.thymeleaf.standard.processor.StandardUtextTagProcessor
[THYMELEAF]             * [* {th:fragment,data-th-fragment}] [1500]: org.thymeleaf.standard.processor.StandardFragmentTagProcessor
[THYMELEAF]             * [* {th:assert,data-th-assert}] [1550]: org.thymeleaf.standard.processor.StandardAssertTagProcessor
[THYMELEAF]             * [* {th:remove,data-th-remove}] [1600]: org.thymeleaf.standard.processor.StandardRemoveTagProcessor
[THYMELEAF]             * [* {th:ref,data-th-ref}] [10000]: org.thymeleaf.standard.processor.StandardRefAttributeTagProcessor
[THYMELEAF]             * [{th:block,th-block} *] [100000]: org.thymeleaf.standard.processor.StandardBlockTagProcessor
[THYMELEAF]             * [* th:*] [2147483647]: org.thymeleaf.standard.processor.StandardDefaultAttributesTagProcessor
[THYMELEAF]         * Text Processors by [precedence]:
[THYMELEAF]             * [1000]: org.thymeleaf.standard.processor.StandardInliningTextProcessor
[THYMELEAF]         * DOCTYPE Processors by [precedence]:
[THYMELEAF]             * [1000]: org.thymeleaf.standard.processor.StandardTranslationDocTypeProcessor
[THYMELEAF]         * CDATA Section Processors by [precedence]:
[THYMELEAF]             * [1000]: org.thymeleaf.standard.processor.StandardInliningCDATASectionProcessor
[THYMELEAF]         * Comment Processors by [precedence]:
[THYMELEAF]             * [1000]: org.thymeleaf.standard.processor.StandardInliningCommentProcessor
[THYMELEAF]             * [1100]: org.thymeleaf.standard.processor.StandardConditionalCommentProcessor
[THYMELEAF]     * Processors for Template Mode: XML
[THYMELEAF]         * Element Tag Processors by [matching element and attribute name] [precedence]:
[THYMELEAF]             * [* {th:include}] [100]: org.thymeleaf.standard.processor.StandardIncludeTagProcessor
[THYMELEAF]             * [* {th:insert}] [100]: org.thymeleaf.standard.processor.StandardInsertTagProcessor
[THYMELEAF]             * [* {th:replace}] [100]: org.thymeleaf.standard.processor.StandardReplaceTagProcessor
[THYMELEAF]             * [* {th:each}] [200]: com.intuit.karate.template.KarateEachTagProcessor
[THYMELEAF]             * [* {th:switch}] [250]: org.thymeleaf.standard.processor.StandardSwitchTagProcessor
[THYMELEAF]             * [* {th:case}] [275]: org.thymeleaf.standard.processor.StandardCaseTagProcessor
[THYMELEAF]             * [* {th:if}] [300]: org.thymeleaf.standard.processor.StandardIfTagProcessor
[THYMELEAF]             * [* {th:unless}] [400]: org.thymeleaf.standard.processor.StandardUnlessTagProcessor
[THYMELEAF]             * [* {th:object}] [500]: org.thymeleaf.standard.processor.StandardObjectTagProcessor
[THYMELEAF]             * [* {th:with}] [600]: com.intuit.karate.template.KarateWithTagProcessor
[THYMELEAF]             * [* {th:attr}] [700]: com.intuit.karate.template.KarateAttributeTagProcessor.KarateAttrTagProcessor
[THYMELEAF]             * [* {th:attrappend}] [900]: com.intuit.karate.template.KarateAttributeTagProcessor.KarateAttrappendTagProcessor
[THYMELEAF]             * [* {th:attrprepend}] [900]: com.intuit.karate.template.KarateAttributeTagProcessor.KarateAttrprependTagProcessor
[THYMELEAF]             * [* {th:inline}] [1000]: org.thymeleaf.standard.processor.StandardInlineXMLTagProcessor
[THYMELEAF]             * [* {xmlns:th}] [1000]: org.thymeleaf.standard.processor.StandardXmlNsTagProcessor
[THYMELEAF]             * [* {th:text}] [1300]: org.thymeleaf.standard.processor.StandardTextTagProcessor
[THYMELEAF]             * [* {th:utext}] [1400]: org.thymeleaf.standard.processor.StandardUtextTagProcessor
[THYMELEAF]             * [* {th:fragment}] [1500]: org.thymeleaf.standard.processor.StandardFragmentTagProcessor
[THYMELEAF]             * [* {th:assert}] [1550]: org.thymeleaf.standard.processor.StandardAssertTagProcessor
[THYMELEAF]             * [* {th:remove}] [1600]: org.thymeleaf.standard.processor.StandardRemoveTagProcessor
[THYMELEAF]             * [* {th:ref}] [10000]: org.thymeleaf.standard.processor.StandardRefAttributeTagProcessor
[THYMELEAF]             * [{th:block} *] [100000]: org.thymeleaf.standard.processor.StandardBlockTagProcessor
[THYMELEAF]             * [* th:*] [2147483647]: org.thymeleaf.standard.processor.StandardDefaultAttributesTagProcessor
[THYMELEAF]         * Text Processors by [precedence]:
[THYMELEAF]             * [1000]: org.thymeleaf.standard.processor.StandardInliningTextProcessor
[THYMELEAF]         * CDATA Section Processors by [precedence]:
[THYMELEAF]             * [1000]: org.thymeleaf.standard.processor.StandardInliningCDATASectionProcessor
[THYMELEAF]         * Comment Processors by [precedence]:
[THYMELEAF]             * [1000]: org.thymeleaf.standard.processor.StandardInliningCommentProcessor
[THYMELEAF]     * Processors for Template Mode: TEXT
[THYMELEAF]         * Element Tag Processors by [matching element and attribute name] [precedence]:
[THYMELEAF]             * [* {th:insert}] [100]: org.thymeleaf.standard.processor.StandardInsertTagProcessor
[THYMELEAF]             * [* {th:replace}] [100]: org.thymeleaf.standard.processor.StandardReplaceTagProcessor
[THYMELEAF]             * [* {th:each}] [200]: com.intuit.karate.template.KarateEachTagProcessor
[THYMELEAF]             * [* {th:switch}] [250]: org.thymeleaf.standard.processor.StandardSwitchTagProcessor
[THYMELEAF]             * [* {th:case}] [275]: org.thymeleaf.standard.processor.StandardCaseTagProcessor
[THYMELEAF]             * [* {th:if}] [300]: org.thymeleaf.standard.processor.StandardIfTagProcessor
[THYMELEAF]             * [* {th:unless}] [400]: org.thymeleaf.standard.processor.StandardUnlessTagProcessor
[THYMELEAF]             * [* {th:object}] [500]: org.thymeleaf.standard.processor.StandardObjectTagProcessor
[THYMELEAF]             * [* {th:with}] [600]: com.intuit.karate.template.KarateWithTagProcessor
[THYMELEAF]             * [* {th:inline}] [1000]: org.thymeleaf.standard.processor.StandardInlineTextualTagProcessor
[THYMELEAF]             * [* {th:text}] [1300]: org.thymeleaf.standard.processor.StandardTextTagProcessor
[THYMELEAF]             * [* {th:utext}] [1400]: org.thymeleaf.standard.processor.StandardUtextTagProcessor
[THYMELEAF]             * [* {th:assert}] [1550]: org.thymeleaf.standard.processor.StandardAssertTagProcessor
[THYMELEAF]             * [* {th:remove}] [1600]: org.thymeleaf.standard.processor.StandardRemoveTagProcessor
[THYMELEAF]             * [* 100000] [org.thymeleaf.standard.processor.StandardBlockTagProcessor]: {}
[THYMELEAF]             * [{th:block} *] [100000]: org.thymeleaf.standard.processor.StandardBlockTagProcessor
[THYMELEAF]         * Text Processors by [precedence]:
[THYMELEAF]             * [1000]: org.thymeleaf.standard.processor.StandardInliningTextProcessor
[THYMELEAF]     * Processors for Template Mode: JAVASCRIPT
[THYMELEAF]         * Element Tag Processors by [matching element and attribute name] [precedence]:
[THYMELEAF]             * [* {th:insert}] [100]: org.thymeleaf.standard.processor.StandardInsertTagProcessor
[THYMELEAF]             * [* {th:replace}] [100]: org.thymeleaf.standard.processor.StandardReplaceTagProcessor
[THYMELEAF]             * [* {th:each}] [200]: com.intuit.karate.template.KarateEachTagProcessor
[THYMELEAF]             * [* {th:switch}] [250]: org.thymeleaf.standard.processor.StandardSwitchTagProcessor
[THYMELEAF]             * [* {th:case}] [275]: org.thymeleaf.standard.processor.StandardCaseTagProcessor
[THYMELEAF]             * [* {th:if}] [300]: org.thymeleaf.standard.processor.StandardIfTagProcessor
[THYMELEAF]             * [* {th:unless}] [400]: org.thymeleaf.standard.processor.StandardUnlessTagProcessor
[THYMELEAF]             * [* {th:object}] [500]: org.thymeleaf.standard.processor.StandardObjectTagProcessor
[THYMELEAF]             * [* {th:with}] [600]: com.intuit.karate.template.KarateWithTagProcessor
[THYMELEAF]             * [* {th:inline}] [1000]: org.thymeleaf.standard.processor.StandardInlineTextualTagProcessor
[THYMELEAF]             * [* {th:text}] [1300]: org.thymeleaf.standard.processor.StandardTextTagProcessor
[THYMELEAF]             * [* {th:utext}] [1400]: org.thymeleaf.standard.processor.StandardUtextTagProcessor
[THYMELEAF]             * [* {th:assert}] [1550]: org.thymeleaf.standard.processor.StandardAssertTagProcessor
[THYMELEAF]             * [* {th:remove}] [1600]: org.thymeleaf.standard.processor.StandardRemoveTagProcessor
[THYMELEAF]             * [* 100000] [org.thymeleaf.standard.processor.StandardBlockTagProcessor]: {}
[THYMELEAF]             * [{th:block} *] [100000]: org.thymeleaf.standard.processor.StandardBlockTagProcessor
[THYMELEAF]         * Text Processors by [precedence]:
[THYMELEAF]             * [1000]: org.thymeleaf.standard.processor.StandardInliningTextProcessor
[THYMELEAF]     * Processors for Template Mode: CSS
[THYMELEAF]         * Element Tag Processors by [matching element and attribute name] [precedence]:
[THYMELEAF]             * [* {th:insert}] [100]: org.thymeleaf.standard.processor.StandardInsertTagProcessor
[THYMELEAF]             * [* {th:replace}] [100]: org.thymeleaf.standard.processor.StandardReplaceTagProcessor
[THYMELEAF]             * [* {th:each}] [200]: com.intuit.karate.template.KarateEachTagProcessor
[THYMELEAF]             * [* {th:switch}] [250]: org.thymeleaf.standard.processor.StandardSwitchTagProcessor
[THYMELEAF]             * [* {th:case}] [275]: org.thymeleaf.standard.processor.StandardCaseTagProcessor
[THYMELEAF]             * [* {th:if}] [300]: org.thymeleaf.standard.processor.StandardIfTagProcessor
[THYMELEAF]             * [* {th:unless}] [400]: org.thymeleaf.standard.processor.StandardUnlessTagProcessor
[THYMELEAF]             * [* {th:object}] [500]: org.thymeleaf.standard.processor.StandardObjectTagProcessor
[THYMELEAF]             * [* {th:with}] [600]: com.intuit.karate.template.KarateWithTagProcessor
[THYMELEAF]             * [* {th:inline}] [1000]: org.thymeleaf.standard.processor.StandardInlineTextualTagProcessor
[THYMELEAF]             * [* {th:text}] [1300]: org.thymeleaf.standard.processor.StandardTextTagProcessor
[THYMELEAF]             * [* {th:utext}] [1400]: org.thymeleaf.standard.processor.StandardUtextTagProcessor
[THYMELEAF]             * [* {th:assert}] [1550]: org.thymeleaf.standard.processor.StandardAssertTagProcessor
[THYMELEAF]             * [* {th:remove}] [1600]: org.thymeleaf.standard.processor.StandardRemoveTagProcessor
[THYMELEAF]             * [{th:block} *] [100000]: org.thymeleaf.standard.processor.StandardBlockTagProcessor
[THYMELEAF]             * [* 100000] [org.thymeleaf.standard.processor.StandardBlockTagProcessor]: {}
[THYMELEAF]         * Text Processors by [precedence]:
[THYMELEAF]             * [1000]: org.thymeleaf.standard.processor.StandardInliningTextProcessor
[THYMELEAF]     * Expression Objects:
[THYMELEAF]         * #ctx
[THYMELEAF]         * #root
[THYMELEAF]         * #vars
[THYMELEAF]         * #object
[THYMELEAF]         * #locale
[THYMELEAF]         * #conversions
[THYMELEAF]         * #uris
[THYMELEAF]         * #temporals
[THYMELEAF]         * #calendars
[THYMELEAF]         * #dates
[THYMELEAF]         * #bools
[THYMELEAF]         * #numbers
[THYMELEAF]         * #objects
[THYMELEAF]         * #strings
[THYMELEAF]         * #arrays
[THYMELEAF]         * #lists
[THYMELEAF]         * #sets
[THYMELEAF]         * #maps
[THYMELEAF]         * #aggregates
[THYMELEAF]         * #messages
[THYMELEAF]         * #ids
[THYMELEAF]         * #execInfo
[THYMELEAF]         * #request
[THYMELEAF]         * #response
[THYMELEAF]         * #session
[THYMELEAF]         * #servletContext
[THYMELEAF]     * Execution Attributes:
[THYMELEAF]         * "StandardExpressionParser": com.intuit.karate.template.KarateStandardDialect@7573c7b5
[THYMELEAF]         * "StandardJavaScriptSerializer": org.thymeleaf.standard.serializer.StandardJavaScriptSerializer@538e74fc
[THYMELEAF]         * "StandardCSSSerializer": org.thymeleaf.standard.serializer.StandardCSSSerializer@7ecb9e17
[THYMELEAF]         * "StandardVariableExpressionEvaluator": com.intuit.karate.template.KarateStandardDialect@7573c7b5
[THYMELEAF]         * "StandardConversionService": org.thymeleaf.standard.expression.StandardConversionService@6475e778
[THYMELEAF] * Dialect [2 of 2]: karate (com.intuit.karate.template.KarateScriptDialect)
[THYMELEAF]     * Prefix: "ka"
[THYMELEAF]     * Processors for Template Mode: HTML
[THYMELEAF]         * Element Tag Processors by [matching element and attribute name] [precedence]:
[THYMELEAF]             * [* {src}] [1000]: com.intuit.karate.template.KaScriptAttrProcessor
[THYMELEAF]         * Element Model Processors by [matching element and attribute name] [precedence]:
[THYMELEAF]             * [{script} {ka:scope,data-ka-scope}] [1000]: com.intuit.karate.template.KaScriptElemProcessor
[THYMELEAF]             * [* {ka:set,data-ka-set}] [1000]: com.intuit.karate.template.KaSetElemProcessor
[THYMELEAF] TEMPLATE ENGINE CONFIGURED OK
16:12:32.853 [main] DEBUG org.thymeleaf.TemplateEngine -- [THYMELEAF] TEMPLATE ENGINE INITIALIZED

HTML report: (paste into browser to view) | Karate version: 1.4.1
file:///C:/Users/monst/karate-tests/target/karate-reports/karate-summary.html
===================================================================


=====================================================
🎯 SEQUENTIAL Performance Test Results:
- Total Time: 32726 ms
- Average Time Per Request: 327.26 ms
- Requests Per Second: 3.06
- Sequential Report saved to: C:\Users\monst\karate-tests\target\performance-reports\sequential-report-2025-06-24_16-12-32.md
=====================================================

]]></system-out>
  </testcase>
</testsuite>