<?xml version="1.0" encoding="UTF-8"?>
<testsuite xmlns:xsi="http://www.w3.org/2001/XMLSchema-instance" xsi:noNamespaceSchemaLocation="https://maven.apache.org/surefire/maven-surefire-plugin/xsd/surefire-test-report-3.0.xsd" version="3.0" name="runners.auth.LoginExcelTestRunner" time="5.326" tests="1" errors="0" skipped="0" failures="0">
  <properties>
    <property name="java.specification.version" value="17"/>
    <property name="sun.cpu.isalist" value="amd64"/>
    <property name="sun.jnu.encoding" value="Cp1252"/>
    <property name="java.class.path" value="E:\f_code\TesterProMax\target\test-classes;E:\f_code\TesterProMax\target\classes;C:\Users\quang\.m2\repository\com\intuit\karate\karate-junit5\1.4.1\karate-junit5-1.4.1.jar;C:\Users\quang\.m2\repository\com\intuit\karate\karate-core\1.4.1\karate-core-1.4.1.jar;C:\Users\quang\.m2\repository\org\graalvm\js\js-scriptengine\22.3.3\js-scriptengine-22.3.3.jar;C:\Users\quang\.m2\repository\org\graalvm\sdk\graal-sdk\22.3.3\graal-sdk-22.3.3.jar;C:\Users\quang\.m2\repository\org\graalvm\js\js\22.3.3\js-22.3.3.jar;C:\Users\quang\.m2\repository\org\graalvm\regex\regex\22.3.3\regex-22.3.3.jar;C:\Users\quang\.m2\repository\org\graalvm\truffle\truffle-api\22.3.3\truffle-api-22.3.3.jar;C:\Users\quang\.m2\repository\com\ibm\icu\icu4j\71.1\icu4j-71.1.jar;C:\Users\quang\.m2\repository\org\thymeleaf\thymeleaf\3.1.2.RELEASE\thymeleaf-3.1.2.RELEASE.jar;C:\Users\quang\.m2\repository\ognl\ognl\3.3.4\ognl-3.3.4.jar;C:\Users\quang\.m2\repository\org\javassist\javassist\3.29.0-GA\javassist-3.29.0-GA.jar;C:\Users\quang\.m2\repository\org\attoparser\attoparser\2.0.7.RELEASE\attoparser-2.0.7.RELEASE.jar;C:\Users\quang\.m2\repository\org\unbescape\unbescape\1.1.6.RELEASE\unbescape-1.1.6.RELEASE.jar;C:\Users\quang\.m2\repository\org\slf4j\slf4j-api\2.0.7\slf4j-api-2.0.7.jar;C:\Users\quang\.m2\repository\com\linecorp\armeria\armeria\1.25.2\armeria-1.25.2.jar;C:\Users\quang\.m2\repository\com\fasterxml\jackson\core\jackson-core\2.15.2\jackson-core-2.15.2.jar;C:\Users\quang\.m2\repository\com\fasterxml\jackson\core\jackson-annotations\2.15.2\jackson-annotations-2.15.2.jar;C:\Users\quang\.m2\repository\com\fasterxml\jackson\datatype\jackson-datatype-jdk8\2.15.2\jackson-datatype-jdk8-2.15.2.jar;C:\Users\quang\.m2\repository\com\fasterxml\jackson\datatype\jackson-datatype-jsr310\2.15.2\jackson-datatype-jsr310-2.15.2.jar;C:\Users\quang\.m2\repository\io\micrometer\micrometer-core\1.11.3\micrometer-core-1.11.3.jar;C:\Users\quang\.m2\repository\io\micrometer\micrometer-commons\1.11.3\micrometer-commons-1.11.3.jar;C:\Users\quang\.m2\repository\io\micrometer\micrometer-observation\1.11.3\micrometer-observation-1.11.3.jar;C:\Users\quang\.m2\repository\org\latencyutils\LatencyUtils\2.0.3\LatencyUtils-2.0.3.jar;C:\Users\quang\.m2\repository\io\netty\netty-transport\4.1.96.Final\netty-transport-4.1.96.Final.jar;C:\Users\quang\.m2\repository\io\netty\netty-codec-haproxy\4.1.96.Final\netty-codec-haproxy-4.1.96.Final.jar;C:\Users\quang\.m2\repository\io\netty\netty-codec-http2\4.1.96.Final\netty-codec-http2-4.1.96.Final.jar;C:\Users\quang\.m2\repository\io\netty\netty-resolver-dns\4.1.96.Final\netty-resolver-dns-4.1.96.Final.jar;C:\Users\quang\.m2\repository\io\netty\netty-codec-dns\4.1.96.Final\netty-codec-dns-4.1.96.Final.jar;C:\Users\quang\.m2\repository\org\reactivestreams\reactive-streams\1.0.4\reactive-streams-1.0.4.jar;C:\Users\quang\.m2\repository\io\netty\netty-handler-proxy\4.1.96.Final\netty-handler-proxy-4.1.96.Final.jar;C:\Users\quang\.m2\repository\io\netty\netty-codec-socks\4.1.96.Final\netty-codec-socks-4.1.96.Final.jar;C:\Users\quang\.m2\repository\io\netty\netty-transport-native-unix-common\4.1.96.Final\netty-transport-native-unix-common-4.1.96.Final-linux-x86_64.jar;C:\Users\quang\.m2\repository\io\netty\netty-transport-native-unix-common\4.1.96.Final\netty-transport-native-unix-common-4.1.96.Final-linux-aarch_64.jar;C:\Users\quang\.m2\repository\io\netty\netty-transport-native-unix-common\4.1.96.Final\netty-transport-native-unix-common-4.1.96.Final-osx-x86_64.jar;C:\Users\quang\.m2\repository\io\netty\netty-transport-native-kqueue\4.1.96.Final\netty-transport-native-kqueue-4.1.96.Final-osx-x86_64.jar;C:\Users\quang\.m2\repository\io\netty\netty-transport-classes-kqueue\4.1.96.Final\netty-transport-classes-kqueue-4.1.96.Final.jar;C:\Users\quang\.m2\repository\io\netty\netty-resolver-dns-native-macos\4.1.96.Final\netty-resolver-dns-native-macos-4.1.96.Final-osx-x86_64.jar;C:\Users\quang\.m2\repository\io\netty\netty-resolver-dns-classes-macos\4.1.96.Final\netty-resolver-dns-classes-macos-4.1.96.Final.jar;C:\Users\quang\.m2\repository\io\netty\netty-transport-native-unix-common\4.1.96.Final\netty-transport-native-unix-common-4.1.96.Final-osx-aarch_64.jar;C:\Users\quang\.m2\repository\io\netty\netty-transport-native-kqueue\4.1.96.Final\netty-transport-native-kqueue-4.1.96.Final-osx-aarch_64.jar;C:\Users\quang\.m2\repository\io\netty\netty-resolver-dns-native-macos\4.1.96.Final\netty-resolver-dns-native-macos-4.1.96.Final-osx-aarch_64.jar;C:\Users\quang\.m2\repository\io\netty\netty-tcnative-boringssl-static\2.0.61.Final\netty-tcnative-boringssl-static-2.0.61.Final-linux-x86_64.jar;C:\Users\quang\.m2\repository\io\netty\netty-tcnative-boringssl-static\2.0.61.Final\netty-tcnative-boringssl-static-2.0.61.Final-linux-aarch_64.jar;C:\Users\quang\.m2\repository\io\netty\netty-tcnative-boringssl-static\2.0.61.Final\netty-tcnative-boringssl-static-2.0.61.Final-osx-x86_64.jar;C:\Users\quang\.m2\repository\io\netty\netty-tcnative-boringssl-static\2.0.61.Final\netty-tcnative-boringssl-static-2.0.61.Final-osx-aarch_64.jar;C:\Users\quang\.m2\repository\io\netty\netty-tcnative-boringssl-static\2.0.61.Final\netty-tcnative-boringssl-static-2.0.61.Final-windows-x86_64.jar;C:\Users\quang\.m2\repository\com\aayushatharva\brotli4j\brotli4j\1.12.0\brotli4j-1.12.0.jar;C:\Users\quang\.m2\repository\com\aayushatharva\brotli4j\service\1.12.0\service-1.12.0.jar;C:\Users\quang\.m2\repository\org\apache\httpcomponents\httpclient\4.5.14\httpclient-4.5.14.jar;C:\Users\quang\.m2\repository\org\apache\httpcomponents\httpcore\4.4.16\httpcore-4.4.16.jar;C:\Users\quang\.m2\repository\ch\qos\logback\logback-classic\1.4.11\logback-classic-1.4.11.jar;C:\Users\quang\.m2\repository\ch\qos\logback\logback-core\1.4.11\logback-core-1.4.11.jar;C:\Users\quang\.m2\repository\org\slf4j\jcl-over-slf4j\2.0.9\jcl-over-slf4j-2.0.9.jar;C:\Users\quang\.m2\repository\org\antlr\antlr4-runtime\4.11.1\antlr4-runtime-4.11.1.jar;C:\Users\quang\.m2\repository\com\jayway\jsonpath\json-path\2.8.0\json-path-2.8.0.jar;C:\Users\quang\.m2\repository\net\minidev\json-smart\2.4.10\json-smart-2.4.10.jar;C:\Users\quang\.m2\repository\net\minidev\accessors-smart\2.4.9\accessors-smart-2.4.9.jar;C:\Users\quang\.m2\repository\org\ow2\asm\asm\9.3\asm-9.3.jar;C:\Users\quang\.m2\repository\org\yaml\snakeyaml\2.0\snakeyaml-2.0.jar;C:\Users\quang\.m2\repository\de\siegmar\fastcsv\2.2.1\fastcsv-2.2.1.jar;C:\Users\quang\.m2\repository\info\picocli\picocli\4.7.1\picocli-4.7.1.jar;C:\Users\quang\.m2\repository\io\github\classgraph\classgraph\4.8.160\classgraph-4.8.160.jar;C:\Users\quang\.m2\repository\io\github\t12y\resemble\1.0.2\resemble-1.0.2.jar;C:\Users\quang\.m2\repository\io\github\t12y\ssim\1.0.0\ssim-1.0.0.jar;C:\Users\quang\.m2\repository\org\junit\jupiter\junit-jupiter-api\5.9.3\junit-jupiter-api-5.9.3.jar;C:\Users\quang\.m2\repository\org\opentest4j\opentest4j\1.2.0\opentest4j-1.2.0.jar;C:\Users\quang\.m2\repository\org\junit\platform\junit-platform-commons\1.9.3\junit-platform-commons-1.9.3.jar;C:\Users\quang\.m2\repository\org\apiguardian\apiguardian-api\1.1.2\apiguardian-api-1.1.2.jar;C:\Users\quang\.m2\repository\org\junit\jupiter\junit-jupiter-engine\5.9.3\junit-jupiter-engine-5.9.3.jar;C:\Users\quang\.m2\repository\org\junit\platform\junit-platform-engine\1.9.3\junit-platform-engine-1.9.3.jar;C:\Users\quang\.m2\repository\org\apache\poi\poi\5.2.4\poi-5.2.4.jar;C:\Users\quang\.m2\repository\commons-codec\commons-codec\1.16.0\commons-codec-1.16.0.jar;C:\Users\quang\.m2\repository\org\apache\commons\commons-collections4\4.4\commons-collections4-4.4.jar;C:\Users\quang\.m2\repository\org\apache\commons\commons-math3\3.6.1\commons-math3-3.6.1.jar;C:\Users\quang\.m2\repository\commons-io\commons-io\2.13.0\commons-io-2.13.0.jar;C:\Users\quang\.m2\repository\com\zaxxer\SparseBitSet\1.3\SparseBitSet-1.3.jar;C:\Users\quang\.m2\repository\org\apache\logging\log4j\log4j-api\2.20.0\log4j-api-2.20.0.jar;C:\Users\quang\.m2\repository\org\apache\poi\poi-ooxml\5.2.4\poi-ooxml-5.2.4.jar;C:\Users\quang\.m2\repository\org\apache\poi\poi-ooxml-lite\5.2.4\poi-ooxml-lite-5.2.4.jar;C:\Users\quang\.m2\repository\org\apache\xmlbeans\xmlbeans\5.1.1\xmlbeans-5.1.1.jar;C:\Users\quang\.m2\repository\org\apache\commons\commons-compress\1.24.0\commons-compress-1.24.0.jar;C:\Users\quang\.m2\repository\com\github\virtuald\curvesapi\1.08\curvesapi-1.08.jar;C:\Users\quang\.m2\repository\com\intuit\karate\karate-gatling\1.4.1\karate-gatling-1.4.1.jar;C:\Users\quang\.m2\repository\io\gatling\gatling-app\3.9.0\gatling-app-3.9.0.jar;C:\Users\quang\.m2\repository\io\gatling\gatling-core\3.9.0\gatling-core-3.9.0.jar;C:\Users\quang\.m2\repository\io\gatling\gatling-netty-util\3.9.0\gatling-netty-util-3.9.0.jar;C:\Users\quang\.m2\repository\io\gatling\gatling-jdk-util\3.9.0\gatling-jdk-util-3.9.0.jar;C:\Users\quang\.m2\repository\io\netty\netty-buffer\4.1.86.Final\netty-buffer-4.1.86.Final.jar;C:\Users\quang\.m2\repository\io\netty\incubator\netty-incubator-transport-native-io_uring\0.0.16.Final\netty-incubator-transport-native-io_uring-0.0.16.Final-linux-x86_64.jar;C:\Users\quang\.m2\repository\io\netty\incubator\netty-incubator-transport-classes-io_uring\0.0.16.Final\netty-incubator-transport-classes-io_uring-0.0.16.Final.jar;C:\Users\quang\.m2\repository\io\netty\incubator\netty-incubator-transport-native-io_uring\0.0.16.Final\netty-incubator-transport-native-io_uring-0.0.16.Final-linux-aarch_64.jar;C:\Users\quang\.m2\repository\io\gatling\gatling-commons\3.9.0\gatling-commons-3.9.0.jar;C:\Users\quang\.m2\repository\io\gatling\gatling-commons-shared\3.9.0\gatling-commons-shared-3.9.0.jar;C:\Users\quang\.m2\repository\org\scala-lang\scala-reflect\2.13.10\scala-reflect-2.13.10.jar;C:\Users\quang\.m2\repository\io\suzaku\boopickle_2.13\1.3.3\boopickle_2.13-1.3.3.jar;C:\Users\quang\.m2\repository\io\gatling\gatling-commons-shared-unstable\3.9.0\gatling-commons-shared-unstable-3.9.0.jar;C:\Users\quang\.m2\repository\com\typesafe\config\1.4.2\config-1.4.2.jar;C:\Users\quang\.m2\repository\org\typelevel\spire-macros_2.13\0.17.0\spire-macros_2.13-0.17.0.jar;C:\Users\quang\.m2\repository\com\typesafe\scala-logging\scala-logging_2.13\3.9.5\scala-logging_2.13-3.9.5.jar;C:\Users\quang\.m2\repository\io\gatling\gatling-jsonpath\3.9.0\gatling-jsonpath-3.9.0.jar;C:\Users\quang\.m2\repository\com\typesafe\akka\akka-actor_2.13\2.6.20\akka-actor_2.13-2.6.20.jar;C:\Users\quang\.m2\repository\org\scala-lang\modules\scala-java8-compat_2.13\1.0.0\scala-java8-compat_2.13-1.0.0.jar;C:\Users\quang\.m2\repository\com\typesafe\akka\akka-slf4j_2.13\2.6.20\akka-slf4j_2.13-2.6.20.jar;C:\Users\quang\.m2\repository\org\simpleflatmapper\lightning-csv\8.2.3\lightning-csv-8.2.3.jar;C:\Users\quang\.m2\repository\org\simpleflatmapper\sfm-util\8.2.3\sfm-util-8.2.3.jar;C:\Users\quang\.m2\repository\com\github\ben-manes\caffeine\caffeine\2.9.3\caffeine-2.9.3.jar;C:\Users\quang\.m2\repository\org\checkerframework\checker-qual\3.19.0\checker-qual-3.19.0.jar;C:\Users\quang\.m2\repository\com\google\errorprone\error_prone_annotations\2.10.0\error_prone_annotations-2.10.0.jar;C:\Users\quang\.m2\repository\io\pebbletemplates\pebble\3.2.0\pebble-3.2.0.jar;C:\Users\quang\.m2\repository\org\scala-lang\modules\scala-parser-combinators_2.13\2.1.1\scala-parser-combinators_2.13-2.1.1.jar;C:\Users\quang\.m2\repository\com\github\scopt\scopt_2.13\3.7.1\scopt_2.13-3.7.1.jar;C:\Users\quang\.m2\repository\io\netty\netty-handler\4.1.86.Final\netty-handler-4.1.86.Final.jar;C:\Users\quang\.m2\repository\io\netty\netty-common\4.1.86.Final\netty-common-4.1.86.Final.jar;C:\Users\quang\.m2\repository\io\netty\netty-resolver\4.1.86.Final\netty-resolver-4.1.86.Final.jar;C:\Users\quang\.m2\repository\io\netty\netty-transport-native-unix-common\4.1.86.Final\netty-transport-native-unix-common-4.1.86.Final.jar;C:\Users\quang\.m2\repository\io\netty\netty-codec\4.1.86.Final\netty-codec-4.1.86.Final.jar;C:\Users\quang\.m2\repository\io\netty\netty-tcnative-classes\2.0.54.Final\netty-tcnative-classes-2.0.54.Final.jar;C:\Users\quang\.m2\repository\com\softwaremill\quicklens\quicklens_2.13\1.9.0\quicklens_2.13-1.9.0.jar;C:\Users\quang\.m2\repository\com\fasterxml\jackson\core\jackson-databind\2.14.1\jackson-databind-2.14.1.jar;C:\Users\quang\.m2\repository\net\sf\saxon\Saxon-HE\10.6\Saxon-HE-10.6.jar;C:\Users\quang\.m2\repository\org\jodd\jodd-lagarto\6.0.6\jodd-lagarto-6.0.6.jar;C:\Users\quang\.m2\repository\org\jodd\jodd-util\6.1.0\jodd-util-6.1.0.jar;C:\Users\quang\.m2\repository\io\burt\jmespath-jackson\0.5.1\jmespath-jackson-0.5.1.jar;C:\Users\quang\.m2\repository\io\burt\jmespath-core\0.5.1\jmespath-core-0.5.1.jar;C:\Users\quang\.m2\repository\io\gatling\gatling-core-java\3.9.0\gatling-core-java-3.9.0.jar;C:\Users\quang\.m2\repository\net\jodah\typetools\0.6.3\typetools-0.6.3.jar;C:\Users\quang\.m2\repository\com\google\code\findbugs\jsr305\3.0.2\jsr305-3.0.2.jar;C:\Users\quang\.m2\repository\io\gatling\gatling-http\3.9.0\gatling-http-3.9.0.jar;C:\Users\quang\.m2\repository\io\gatling\gatling-http-client\3.9.0\gatling-http-client-3.9.0.jar;C:\Users\quang\.m2\repository\io\netty\netty-tcnative-boringssl-static\2.0.54.Final\netty-tcnative-boringssl-static-2.0.54.Final.jar;C:\Users\quang\.m2\repository\com\aayushatharva\brotli4j\native-linux-x86_64\1.8.0\native-linux-x86_64-1.8.0.jar;C:\Users\quang\.m2\repository\com\aayushatharva\brotli4j\native-linux-aarch64\1.8.0\native-linux-aarch64-1.8.0.jar;C:\Users\quang\.m2\repository\com\aayushatharva\brotli4j\native-osx-x86_64\1.8.0\native-osx-x86_64-1.8.0.jar;C:\Users\quang\.m2\repository\com\aayushatharva\brotli4j\native-osx-aarch64\1.8.0\native-osx-aarch64-1.8.0.jar;C:\Users\quang\.m2\repository\com\aayushatharva\brotli4j\native-windows-x86_64\1.8.0\native-windows-x86_64-1.8.0.jar;C:\Users\quang\.m2\repository\io\gatling\gatling-http-java\3.9.0\gatling-http-java-3.9.0.jar;C:\Users\quang\.m2\repository\io\gatling\gatling-jms\3.9.0\gatling-jms-3.9.0.jar;C:\Users\quang\.m2\repository\javax\jms\javax.jms-api\2.0.1\javax.jms-api-2.0.1.jar;C:\Users\quang\.m2\repository\com\eatthepath\fast-uuid\0.2.0\fast-uuid-0.2.0.jar;C:\Users\quang\.m2\repository\io\gatling\gatling-jms-java\3.9.0\gatling-jms-java-3.9.0.jar;C:\Users\quang\.m2\repository\io\gatling\gatling-mqtt\3.9.0\gatling-mqtt-3.9.0.jar;C:\Users\quang\.m2\repository\io\netty\netty-codec-mqtt\4.1.86.Final\netty-codec-mqtt-4.1.86.Final.jar;C:\Users\quang\.m2\repository\io\netty\netty-transport-native-epoll\4.1.86.Final\netty-transport-native-epoll-4.1.86.Final-linux-x86_64.jar;C:\Users\quang\.m2\repository\io\netty\netty-transport-classes-epoll\4.1.86.Final\netty-transport-classes-epoll-4.1.86.Final.jar;C:\Users\quang\.m2\repository\io\netty\netty-transport-native-epoll\4.1.86.Final\netty-transport-native-epoll-4.1.86.Final-linux-aarch_64.jar;C:\Users\quang\.m2\repository\io\gatling\gatling-mqtt-java\3.9.0\gatling-mqtt-java-3.9.0.jar;C:\Users\quang\.m2\repository\io\gatling\gatling-jdbc\3.9.0\gatling-jdbc-3.9.0.jar;C:\Users\quang\.m2\repository\io\gatling\gatling-jdbc-java\3.9.0\gatling-jdbc-java-3.9.0.jar;C:\Users\quang\.m2\repository\io\gatling\gatling-redis\3.9.0\gatling-redis-3.9.0.jar;C:\Users\quang\.m2\repository\net\debasishg\redisclient_2.13\3.42\redisclient_2.13-3.42.jar;C:\Users\quang\.m2\repository\org\apache\commons\commons-pool2\2.8.0\commons-pool2-2.8.0.jar;C:\Users\quang\.m2\repository\io\gatling\gatling-redis-java\3.9.0\gatling-redis-java-3.9.0.jar;C:\Users\quang\.m2\repository\io\gatling\gatling-graphite\3.9.0\gatling-graphite-3.9.0.jar;C:\Users\quang\.m2\repository\org\hdrhistogram\HdrHistogram\2.1.12\HdrHistogram-2.1.12.jar;C:\Users\quang\.m2\repository\io\gatling\gatling-charts\3.9.0\gatling-charts-3.9.0.jar;C:\Users\quang\.m2\repository\com\tdunning\t-digest\3.1\t-digest-3.1.jar;C:\Users\quang\.m2\repository\io\gatling\highcharts\gatling-charts-highcharts\3.9.0\gatling-charts-highcharts-3.9.0.jar;C:\Users\quang\.m2\repository\io\gatling\gatling-recorder\3.9.0\gatling-recorder-3.9.0.jar;C:\Users\quang\.m2\repository\org\scala-lang\modules\scala-swing_2.13\3.0.0\scala-swing_2.13-3.0.0.jar;C:\Users\quang\.m2\repository\io\gatling\gatling-recorder-bc-shaded\1.72\gatling-recorder-bc-shaded-1.72.jar;C:\Users\quang\.m2\repository\io\netty\netty-codec-http\4.1.86.Final\netty-codec-http-4.1.86.Final.jar;C:\Users\quang\.m2\repository\org\scala-lang\scala-library\2.13.10\scala-library-2.13.10.jar;"/>
    <property name="java.vm.vendor" value="Oracle Corporation"/>
    <property name="sun.arch.data.model" value="64"/>
    <property name="user.variant" value=""/>
    <property name="java.vendor.url" value="https://java.oracle.com/"/>
    <property name="user.timezone" value="Asia/Saigon"/>
    <property name="os.name" value="Windows 11"/>
    <property name="java.vm.specification.version" value="17"/>
    <property name="sun.java.launcher" value="SUN_STANDARD"/>
    <property name="user.country" value="US"/>
    <property name="sun.boot.library.path" value="C:\Program Files\Java\jdk-17\bin"/>
    <property name="sun.java.command" value="C:\Users\quang\AppData\Local\Temp\surefire8824470232122142537\surefirebooter-20250621233227029_3.jar C:\Users\quang\AppData\Local\Temp\surefire8824470232122142537 2025-06-21T23-32-26_688-jvmRun1 surefire-20250621233227029_1tmp surefire_0-20250621233227029_2tmp"/>
    <property name="jdk.debug" value="release"/>
    <property name="test" value="LoginExcelTestRunner"/>
    <property name="surefire.test.class.path" value="E:\f_code\TesterProMax\target\test-classes;E:\f_code\TesterProMax\target\classes;C:\Users\quang\.m2\repository\com\intuit\karate\karate-junit5\1.4.1\karate-junit5-1.4.1.jar;C:\Users\quang\.m2\repository\com\intuit\karate\karate-core\1.4.1\karate-core-1.4.1.jar;C:\Users\quang\.m2\repository\org\graalvm\js\js-scriptengine\22.3.3\js-scriptengine-22.3.3.jar;C:\Users\quang\.m2\repository\org\graalvm\sdk\graal-sdk\22.3.3\graal-sdk-22.3.3.jar;C:\Users\quang\.m2\repository\org\graalvm\js\js\22.3.3\js-22.3.3.jar;C:\Users\quang\.m2\repository\org\graalvm\regex\regex\22.3.3\regex-22.3.3.jar;C:\Users\quang\.m2\repository\org\graalvm\truffle\truffle-api\22.3.3\truffle-api-22.3.3.jar;C:\Users\quang\.m2\repository\com\ibm\icu\icu4j\71.1\icu4j-71.1.jar;C:\Users\quang\.m2\repository\org\thymeleaf\thymeleaf\3.1.2.RELEASE\thymeleaf-3.1.2.RELEASE.jar;C:\Users\quang\.m2\repository\ognl\ognl\3.3.4\ognl-3.3.4.jar;C:\Users\quang\.m2\repository\org\javassist\javassist\3.29.0-GA\javassist-3.29.0-GA.jar;C:\Users\quang\.m2\repository\org\attoparser\attoparser\2.0.7.RELEASE\attoparser-2.0.7.RELEASE.jar;C:\Users\quang\.m2\repository\org\unbescape\unbescape\1.1.6.RELEASE\unbescape-1.1.6.RELEASE.jar;C:\Users\quang\.m2\repository\org\slf4j\slf4j-api\2.0.7\slf4j-api-2.0.7.jar;C:\Users\quang\.m2\repository\com\linecorp\armeria\armeria\1.25.2\armeria-1.25.2.jar;C:\Users\quang\.m2\repository\com\fasterxml\jackson\core\jackson-core\2.15.2\jackson-core-2.15.2.jar;C:\Users\quang\.m2\repository\com\fasterxml\jackson\core\jackson-annotations\2.15.2\jackson-annotations-2.15.2.jar;C:\Users\quang\.m2\repository\com\fasterxml\jackson\datatype\jackson-datatype-jdk8\2.15.2\jackson-datatype-jdk8-2.15.2.jar;C:\Users\quang\.m2\repository\com\fasterxml\jackson\datatype\jackson-datatype-jsr310\2.15.2\jackson-datatype-jsr310-2.15.2.jar;C:\Users\quang\.m2\repository\io\micrometer\micrometer-core\1.11.3\micrometer-core-1.11.3.jar;C:\Users\quang\.m2\repository\io\micrometer\micrometer-commons\1.11.3\micrometer-commons-1.11.3.jar;C:\Users\quang\.m2\repository\io\micrometer\micrometer-observation\1.11.3\micrometer-observation-1.11.3.jar;C:\Users\quang\.m2\repository\org\latencyutils\LatencyUtils\2.0.3\LatencyUtils-2.0.3.jar;C:\Users\quang\.m2\repository\io\netty\netty-transport\4.1.96.Final\netty-transport-4.1.96.Final.jar;C:\Users\quang\.m2\repository\io\netty\netty-codec-haproxy\4.1.96.Final\netty-codec-haproxy-4.1.96.Final.jar;C:\Users\quang\.m2\repository\io\netty\netty-codec-http2\4.1.96.Final\netty-codec-http2-4.1.96.Final.jar;C:\Users\quang\.m2\repository\io\netty\netty-resolver-dns\4.1.96.Final\netty-resolver-dns-4.1.96.Final.jar;C:\Users\quang\.m2\repository\io\netty\netty-codec-dns\4.1.96.Final\netty-codec-dns-4.1.96.Final.jar;C:\Users\quang\.m2\repository\org\reactivestreams\reactive-streams\1.0.4\reactive-streams-1.0.4.jar;C:\Users\quang\.m2\repository\io\netty\netty-handler-proxy\4.1.96.Final\netty-handler-proxy-4.1.96.Final.jar;C:\Users\quang\.m2\repository\io\netty\netty-codec-socks\4.1.96.Final\netty-codec-socks-4.1.96.Final.jar;C:\Users\quang\.m2\repository\io\netty\netty-transport-native-unix-common\4.1.96.Final\netty-transport-native-unix-common-4.1.96.Final-linux-x86_64.jar;C:\Users\quang\.m2\repository\io\netty\netty-transport-native-unix-common\4.1.96.Final\netty-transport-native-unix-common-4.1.96.Final-linux-aarch_64.jar;C:\Users\quang\.m2\repository\io\netty\netty-transport-native-unix-common\4.1.96.Final\netty-transport-native-unix-common-4.1.96.Final-osx-x86_64.jar;C:\Users\quang\.m2\repository\io\netty\netty-transport-native-kqueue\4.1.96.Final\netty-transport-native-kqueue-4.1.96.Final-osx-x86_64.jar;C:\Users\quang\.m2\repository\io\netty\netty-transport-classes-kqueue\4.1.96.Final\netty-transport-classes-kqueue-4.1.96.Final.jar;C:\Users\quang\.m2\repository\io\netty\netty-resolver-dns-native-macos\4.1.96.Final\netty-resolver-dns-native-macos-4.1.96.Final-osx-x86_64.jar;C:\Users\quang\.m2\repository\io\netty\netty-resolver-dns-classes-macos\4.1.96.Final\netty-resolver-dns-classes-macos-4.1.96.Final.jar;C:\Users\quang\.m2\repository\io\netty\netty-transport-native-unix-common\4.1.96.Final\netty-transport-native-unix-common-4.1.96.Final-osx-aarch_64.jar;C:\Users\quang\.m2\repository\io\netty\netty-transport-native-kqueue\4.1.96.Final\netty-transport-native-kqueue-4.1.96.Final-osx-aarch_64.jar;C:\Users\quang\.m2\repository\io\netty\netty-resolver-dns-native-macos\4.1.96.Final\netty-resolver-dns-native-macos-4.1.96.Final-osx-aarch_64.jar;C:\Users\quang\.m2\repository\io\netty\netty-tcnative-boringssl-static\2.0.61.Final\netty-tcnative-boringssl-static-2.0.61.Final-linux-x86_64.jar;C:\Users\quang\.m2\repository\io\netty\netty-tcnative-boringssl-static\2.0.61.Final\netty-tcnative-boringssl-static-2.0.61.Final-linux-aarch_64.jar;C:\Users\quang\.m2\repository\io\netty\netty-tcnative-boringssl-static\2.0.61.Final\netty-tcnative-boringssl-static-2.0.61.Final-osx-x86_64.jar;C:\Users\quang\.m2\repository\io\netty\netty-tcnative-boringssl-static\2.0.61.Final\netty-tcnative-boringssl-static-2.0.61.Final-osx-aarch_64.jar;C:\Users\quang\.m2\repository\io\netty\netty-tcnative-boringssl-static\2.0.61.Final\netty-tcnative-boringssl-static-2.0.61.Final-windows-x86_64.jar;C:\Users\quang\.m2\repository\com\aayushatharva\brotli4j\brotli4j\1.12.0\brotli4j-1.12.0.jar;C:\Users\quang\.m2\repository\com\aayushatharva\brotli4j\service\1.12.0\service-1.12.0.jar;C:\Users\quang\.m2\repository\org\apache\httpcomponents\httpclient\4.5.14\httpclient-4.5.14.jar;C:\Users\quang\.m2\repository\org\apache\httpcomponents\httpcore\4.4.16\httpcore-4.4.16.jar;C:\Users\quang\.m2\repository\ch\qos\logback\logback-classic\1.4.11\logback-classic-1.4.11.jar;C:\Users\quang\.m2\repository\ch\qos\logback\logback-core\1.4.11\logback-core-1.4.11.jar;C:\Users\quang\.m2\repository\org\slf4j\jcl-over-slf4j\2.0.9\jcl-over-slf4j-2.0.9.jar;C:\Users\quang\.m2\repository\org\antlr\antlr4-runtime\4.11.1\antlr4-runtime-4.11.1.jar;C:\Users\quang\.m2\repository\com\jayway\jsonpath\json-path\2.8.0\json-path-2.8.0.jar;C:\Users\quang\.m2\repository\net\minidev\json-smart\2.4.10\json-smart-2.4.10.jar;C:\Users\quang\.m2\repository\net\minidev\accessors-smart\2.4.9\accessors-smart-2.4.9.jar;C:\Users\quang\.m2\repository\org\ow2\asm\asm\9.3\asm-9.3.jar;C:\Users\quang\.m2\repository\org\yaml\snakeyaml\2.0\snakeyaml-2.0.jar;C:\Users\quang\.m2\repository\de\siegmar\fastcsv\2.2.1\fastcsv-2.2.1.jar;C:\Users\quang\.m2\repository\info\picocli\picocli\4.7.1\picocli-4.7.1.jar;C:\Users\quang\.m2\repository\io\github\classgraph\classgraph\4.8.160\classgraph-4.8.160.jar;C:\Users\quang\.m2\repository\io\github\t12y\resemble\1.0.2\resemble-1.0.2.jar;C:\Users\quang\.m2\repository\io\github\t12y\ssim\1.0.0\ssim-1.0.0.jar;C:\Users\quang\.m2\repository\org\junit\jupiter\junit-jupiter-api\5.9.3\junit-jupiter-api-5.9.3.jar;C:\Users\quang\.m2\repository\org\opentest4j\opentest4j\1.2.0\opentest4j-1.2.0.jar;C:\Users\quang\.m2\repository\org\junit\platform\junit-platform-commons\1.9.3\junit-platform-commons-1.9.3.jar;C:\Users\quang\.m2\repository\org\apiguardian\apiguardian-api\1.1.2\apiguardian-api-1.1.2.jar;C:\Users\quang\.m2\repository\org\junit\jupiter\junit-jupiter-engine\5.9.3\junit-jupiter-engine-5.9.3.jar;C:\Users\quang\.m2\repository\org\junit\platform\junit-platform-engine\1.9.3\junit-platform-engine-1.9.3.jar;C:\Users\quang\.m2\repository\org\apache\poi\poi\5.2.4\poi-5.2.4.jar;C:\Users\quang\.m2\repository\commons-codec\commons-codec\1.16.0\commons-codec-1.16.0.jar;C:\Users\quang\.m2\repository\org\apache\commons\commons-collections4\4.4\commons-collections4-4.4.jar;C:\Users\quang\.m2\repository\org\apache\commons\commons-math3\3.6.1\commons-math3-3.6.1.jar;C:\Users\quang\.m2\repository\commons-io\commons-io\2.13.0\commons-io-2.13.0.jar;C:\Users\quang\.m2\repository\com\zaxxer\SparseBitSet\1.3\SparseBitSet-1.3.jar;C:\Users\quang\.m2\repository\org\apache\logging\log4j\log4j-api\2.20.0\log4j-api-2.20.0.jar;C:\Users\quang\.m2\repository\org\apache\poi\poi-ooxml\5.2.4\poi-ooxml-5.2.4.jar;C:\Users\quang\.m2\repository\org\apache\poi\poi-ooxml-lite\5.2.4\poi-ooxml-lite-5.2.4.jar;C:\Users\quang\.m2\repository\org\apache\xmlbeans\xmlbeans\5.1.1\xmlbeans-5.1.1.jar;C:\Users\quang\.m2\repository\org\apache\commons\commons-compress\1.24.0\commons-compress-1.24.0.jar;C:\Users\quang\.m2\repository\com\github\virtuald\curvesapi\1.08\curvesapi-1.08.jar;C:\Users\quang\.m2\repository\com\intuit\karate\karate-gatling\1.4.1\karate-gatling-1.4.1.jar;C:\Users\quang\.m2\repository\io\gatling\gatling-app\3.9.0\gatling-app-3.9.0.jar;C:\Users\quang\.m2\repository\io\gatling\gatling-core\3.9.0\gatling-core-3.9.0.jar;C:\Users\quang\.m2\repository\io\gatling\gatling-netty-util\3.9.0\gatling-netty-util-3.9.0.jar;C:\Users\quang\.m2\repository\io\gatling\gatling-jdk-util\3.9.0\gatling-jdk-util-3.9.0.jar;C:\Users\quang\.m2\repository\io\netty\netty-buffer\4.1.86.Final\netty-buffer-4.1.86.Final.jar;C:\Users\quang\.m2\repository\io\netty\incubator\netty-incubator-transport-native-io_uring\0.0.16.Final\netty-incubator-transport-native-io_uring-0.0.16.Final-linux-x86_64.jar;C:\Users\quang\.m2\repository\io\netty\incubator\netty-incubator-transport-classes-io_uring\0.0.16.Final\netty-incubator-transport-classes-io_uring-0.0.16.Final.jar;C:\Users\quang\.m2\repository\io\netty\incubator\netty-incubator-transport-native-io_uring\0.0.16.Final\netty-incubator-transport-native-io_uring-0.0.16.Final-linux-aarch_64.jar;C:\Users\quang\.m2\repository\io\gatling\gatling-commons\3.9.0\gatling-commons-3.9.0.jar;C:\Users\quang\.m2\repository\io\gatling\gatling-commons-shared\3.9.0\gatling-commons-shared-3.9.0.jar;C:\Users\quang\.m2\repository\org\scala-lang\scala-reflect\2.13.10\scala-reflect-2.13.10.jar;C:\Users\quang\.m2\repository\io\suzaku\boopickle_2.13\1.3.3\boopickle_2.13-1.3.3.jar;C:\Users\quang\.m2\repository\io\gatling\gatling-commons-shared-unstable\3.9.0\gatling-commons-shared-unstable-3.9.0.jar;C:\Users\quang\.m2\repository\com\typesafe\config\1.4.2\config-1.4.2.jar;C:\Users\quang\.m2\repository\org\typelevel\spire-macros_2.13\0.17.0\spire-macros_2.13-0.17.0.jar;C:\Users\quang\.m2\repository\com\typesafe\scala-logging\scala-logging_2.13\3.9.5\scala-logging_2.13-3.9.5.jar;C:\Users\quang\.m2\repository\io\gatling\gatling-jsonpath\3.9.0\gatling-jsonpath-3.9.0.jar;C:\Users\quang\.m2\repository\com\typesafe\akka\akka-actor_2.13\2.6.20\akka-actor_2.13-2.6.20.jar;C:\Users\quang\.m2\repository\org\scala-lang\modules\scala-java8-compat_2.13\1.0.0\scala-java8-compat_2.13-1.0.0.jar;C:\Users\quang\.m2\repository\com\typesafe\akka\akka-slf4j_2.13\2.6.20\akka-slf4j_2.13-2.6.20.jar;C:\Users\quang\.m2\repository\org\simpleflatmapper\lightning-csv\8.2.3\lightning-csv-8.2.3.jar;C:\Users\quang\.m2\repository\org\simpleflatmapper\sfm-util\8.2.3\sfm-util-8.2.3.jar;C:\Users\quang\.m2\repository\com\github\ben-manes\caffeine\caffeine\2.9.3\caffeine-2.9.3.jar;C:\Users\quang\.m2\repository\org\checkerframework\checker-qual\3.19.0\checker-qual-3.19.0.jar;C:\Users\quang\.m2\repository\com\google\errorprone\error_prone_annotations\2.10.0\error_prone_annotations-2.10.0.jar;C:\Users\quang\.m2\repository\io\pebbletemplates\pebble\3.2.0\pebble-3.2.0.jar;C:\Users\quang\.m2\repository\org\scala-lang\modules\scala-parser-combinators_2.13\2.1.1\scala-parser-combinators_2.13-2.1.1.jar;C:\Users\quang\.m2\repository\com\github\scopt\scopt_2.13\3.7.1\scopt_2.13-3.7.1.jar;C:\Users\quang\.m2\repository\io\netty\netty-handler\4.1.86.Final\netty-handler-4.1.86.Final.jar;C:\Users\quang\.m2\repository\io\netty\netty-common\4.1.86.Final\netty-common-4.1.86.Final.jar;C:\Users\quang\.m2\repository\io\netty\netty-resolver\4.1.86.Final\netty-resolver-4.1.86.Final.jar;C:\Users\quang\.m2\repository\io\netty\netty-transport-native-unix-common\4.1.86.Final\netty-transport-native-unix-common-4.1.86.Final.jar;C:\Users\quang\.m2\repository\io\netty\netty-codec\4.1.86.Final\netty-codec-4.1.86.Final.jar;C:\Users\quang\.m2\repository\io\netty\netty-tcnative-classes\2.0.54.Final\netty-tcnative-classes-2.0.54.Final.jar;C:\Users\quang\.m2\repository\com\softwaremill\quicklens\quicklens_2.13\1.9.0\quicklens_2.13-1.9.0.jar;C:\Users\quang\.m2\repository\com\fasterxml\jackson\core\jackson-databind\2.14.1\jackson-databind-2.14.1.jar;C:\Users\quang\.m2\repository\net\sf\saxon\Saxon-HE\10.6\Saxon-HE-10.6.jar;C:\Users\quang\.m2\repository\org\jodd\jodd-lagarto\6.0.6\jodd-lagarto-6.0.6.jar;C:\Users\quang\.m2\repository\org\jodd\jodd-util\6.1.0\jodd-util-6.1.0.jar;C:\Users\quang\.m2\repository\io\burt\jmespath-jackson\0.5.1\jmespath-jackson-0.5.1.jar;C:\Users\quang\.m2\repository\io\burt\jmespath-core\0.5.1\jmespath-core-0.5.1.jar;C:\Users\quang\.m2\repository\io\gatling\gatling-core-java\3.9.0\gatling-core-java-3.9.0.jar;C:\Users\quang\.m2\repository\net\jodah\typetools\0.6.3\typetools-0.6.3.jar;C:\Users\quang\.m2\repository\com\google\code\findbugs\jsr305\3.0.2\jsr305-3.0.2.jar;C:\Users\quang\.m2\repository\io\gatling\gatling-http\3.9.0\gatling-http-3.9.0.jar;C:\Users\quang\.m2\repository\io\gatling\gatling-http-client\3.9.0\gatling-http-client-3.9.0.jar;C:\Users\quang\.m2\repository\io\netty\netty-tcnative-boringssl-static\2.0.54.Final\netty-tcnative-boringssl-static-2.0.54.Final.jar;C:\Users\quang\.m2\repository\com\aayushatharva\brotli4j\native-linux-x86_64\1.8.0\native-linux-x86_64-1.8.0.jar;C:\Users\quang\.m2\repository\com\aayushatharva\brotli4j\native-linux-aarch64\1.8.0\native-linux-aarch64-1.8.0.jar;C:\Users\quang\.m2\repository\com\aayushatharva\brotli4j\native-osx-x86_64\1.8.0\native-osx-x86_64-1.8.0.jar;C:\Users\quang\.m2\repository\com\aayushatharva\brotli4j\native-osx-aarch64\1.8.0\native-osx-aarch64-1.8.0.jar;C:\Users\quang\.m2\repository\com\aayushatharva\brotli4j\native-windows-x86_64\1.8.0\native-windows-x86_64-1.8.0.jar;C:\Users\quang\.m2\repository\io\gatling\gatling-http-java\3.9.0\gatling-http-java-3.9.0.jar;C:\Users\quang\.m2\repository\io\gatling\gatling-jms\3.9.0\gatling-jms-3.9.0.jar;C:\Users\quang\.m2\repository\javax\jms\javax.jms-api\2.0.1\javax.jms-api-2.0.1.jar;C:\Users\quang\.m2\repository\com\eatthepath\fast-uuid\0.2.0\fast-uuid-0.2.0.jar;C:\Users\quang\.m2\repository\io\gatling\gatling-jms-java\3.9.0\gatling-jms-java-3.9.0.jar;C:\Users\quang\.m2\repository\io\gatling\gatling-mqtt\3.9.0\gatling-mqtt-3.9.0.jar;C:\Users\quang\.m2\repository\io\netty\netty-codec-mqtt\4.1.86.Final\netty-codec-mqtt-4.1.86.Final.jar;C:\Users\quang\.m2\repository\io\netty\netty-transport-native-epoll\4.1.86.Final\netty-transport-native-epoll-4.1.86.Final-linux-x86_64.jar;C:\Users\quang\.m2\repository\io\netty\netty-transport-classes-epoll\4.1.86.Final\netty-transport-classes-epoll-4.1.86.Final.jar;C:\Users\quang\.m2\repository\io\netty\netty-transport-native-epoll\4.1.86.Final\netty-transport-native-epoll-4.1.86.Final-linux-aarch_64.jar;C:\Users\quang\.m2\repository\io\gatling\gatling-mqtt-java\3.9.0\gatling-mqtt-java-3.9.0.jar;C:\Users\quang\.m2\repository\io\gatling\gatling-jdbc\3.9.0\gatling-jdbc-3.9.0.jar;C:\Users\quang\.m2\repository\io\gatling\gatling-jdbc-java\3.9.0\gatling-jdbc-java-3.9.0.jar;C:\Users\quang\.m2\repository\io\gatling\gatling-redis\3.9.0\gatling-redis-3.9.0.jar;C:\Users\quang\.m2\repository\net\debasishg\redisclient_2.13\3.42\redisclient_2.13-3.42.jar;C:\Users\quang\.m2\repository\org\apache\commons\commons-pool2\2.8.0\commons-pool2-2.8.0.jar;C:\Users\quang\.m2\repository\io\gatling\gatling-redis-java\3.9.0\gatling-redis-java-3.9.0.jar;C:\Users\quang\.m2\repository\io\gatling\gatling-graphite\3.9.0\gatling-graphite-3.9.0.jar;C:\Users\quang\.m2\repository\org\hdrhistogram\HdrHistogram\2.1.12\HdrHistogram-2.1.12.jar;C:\Users\quang\.m2\repository\io\gatling\gatling-charts\3.9.0\gatling-charts-3.9.0.jar;C:\Users\quang\.m2\repository\com\tdunning\t-digest\3.1\t-digest-3.1.jar;C:\Users\quang\.m2\repository\io\gatling\highcharts\gatling-charts-highcharts\3.9.0\gatling-charts-highcharts-3.9.0.jar;C:\Users\quang\.m2\repository\io\gatling\gatling-recorder\3.9.0\gatling-recorder-3.9.0.jar;C:\Users\quang\.m2\repository\org\scala-lang\modules\scala-swing_2.13\3.0.0\scala-swing_2.13-3.0.0.jar;C:\Users\quang\.m2\repository\io\gatling\gatling-recorder-bc-shaded\1.72\gatling-recorder-bc-shaded-1.72.jar;C:\Users\quang\.m2\repository\io\netty\netty-codec-http\4.1.86.Final\netty-codec-http-4.1.86.Final.jar;C:\Users\quang\.m2\repository\org\scala-lang\scala-library\2.13.10\scala-library-2.13.10.jar;"/>
    <property name="sun.cpu.endian" value="little"/>
    <property name="user.home" value="C:\Users\quang"/>
    <property name="user.language" value="en"/>
    <property name="java.specification.vendor" value="Oracle Corporation"/>
    <property name="java.version.date" value="2024-07-16"/>
    <property name="java.home" value="C:\Program Files\Java\jdk-17"/>
    <property name="file.separator" value="\"/>
    <property name="basedir" value="E:\f_code\TesterProMax"/>
    <property name="java.vm.compressedOopsMode" value="Zero based"/>
    <property name="line.separator" value="&#10;"/>
    <property name="java.vm.specification.vendor" value="Oracle Corporation"/>
    <property name="java.specification.name" value="Java Platform API Specification"/>
    <property name="surefire.real.class.path" value="C:\Users\quang\AppData\Local\Temp\surefire8824470232122142537\surefirebooter-20250621233227029_3.jar"/>
    <property name="user.script" value=""/>
    <property name="sun.management.compiler" value="HotSpot 64-Bit Tiered Compilers"/>
    <property name="java.runtime.version" value="17.0.12+8-LTS-286"/>
    <property name="user.name" value="quang"/>
    <property name="path.separator" value=";"/>
    <property name="os.version" value="10.0"/>
    <property name="java.runtime.name" value="Java(TM) SE Runtime Environment"/>
    <property name="file.encoding" value="Cp1252"/>
    <property name="java.vm.name" value="Java HotSpot(TM) 64-Bit Server VM"/>
    <property name="localRepository" value="C:\Users\quang\.m2\repository"/>
    <property name="java.vendor.url.bug" value="https://bugreport.java.com/bugreport/"/>
    <property name="java.io.tmpdir" value="C:\Users\quang\AppData\Local\Temp\"/>
    <property name="java.version" value="17.0.12"/>
    <property name="user.dir" value="E:\f_code\TesterProMax"/>
    <property name="os.arch" value="amd64"/>
    <property name="java.vm.specification.name" value="Java Virtual Machine Specification"/>
    <property name="sun.os.patch.level" value=""/>
    <property name="native.encoding" value="Cp1252"/>
    <property name="java.library.path" value="C:\Program Files\Java\jdk-17\bin;C:\WINDOWS\Sun\Java\bin;C:\WINDOWS\system32;C:\WINDOWS;C:\Program Files\Common Files\Oracle\Java\javapath;C:\Program Files (x86)\VMware\VMware Workstation\bin\;C:\WINDOWS\system32;C:\WINDOWS;C:\WINDOWS\System32\Wbem;C:\WINDOWS\System32\WindowsPowerShell\v1.0\;C:\WINDOWS\System32\OpenSSH\;D:\app_code\Nodejs\;D:\app_code\Git\cmd;C:\Program Files\MongoDB\Server\8.0\bin;C:\Program Files\Cloudflare\Cloudflare WARP\;E:\f_download\maven-mvnd-1.0.2-windows-amd64\maven-mvnd-1.0.2-windows-amd64\bin;C:\Program Files\Java\jdk-17\bin;E:\f_download\apache-maven-3.9.10-bin\apache-maven-3.9.10\bin;C:\Users\quang\AppData\Local\Microsoft\WindowsApps;D:\app_code\Microsoft VS Code\bin;C:\Users\quang\AppData\Roaming\npm;C:\Program Files\MongoDB\Server\8.0\bin;C:\Users\quang\AppData\Local\Programs\mongosh\;C:\Program Files\JetBrains\PhpStorm 2025.1.1\bin;;E:\f_download\maven-mvnd-1.0.2-windows-amd64\maven-mvnd-1.0.2-windows-amd64\bin;;c:\Users\quang\AppData\Roaming\Code\User\globalStorage\github.copilot-chat\debugCommand;."/>
    <property name="java.vm.info" value="mixed mode, sharing"/>
    <property name="java.vendor" value="Oracle Corporation"/>
    <property name="java.vm.version" value="17.0.12+8-LTS-286"/>
    <property name="sun.io.unicode.encoding" value="UnicodeLittle"/>
    <property name="java.class.version" value="61.0"/>
  </properties>
  <testcase name="[1:13] Chạy tất cả test cases từ Excel Login sheet" classname="features/auth/login-excel" time="4.57">
    <system-out><![CDATA[23:32:28.350 [main] DEBUG com.intuit.karate.Suite -- [config] classpath:karate-config.js
23:32:29.165 [main] INFO com.intuit.karate -- karate.env system property was: null 
23:32:29.901 [main] INFO com.intuit.karate -- Headers found: [
  "email",
  "password",
  "expectedStatus",
  "expectedResult",
  "testDescription",
  "responseStatus",
  "result"
]
 
23:32:29.980 [main] INFO com.intuit.karate -- Read data from Excel: [
  {
    "email": "nam@gmail.com",
    "password": "123456",
    "expectedStatus": 200.0,
    "expectedResult": "success",
    "testDescription": "Valid login credentials",
    "responseStatus": "",
    "result": ""
  },
  {
    "email": "nam@gmail.com",
    "password": "",
    "expectedStatus": 400.0,
    "expectedResult": "Missing password",
    "testDescription": "Login without password",
    "responseStatus": "",
    "result": ""
  },
  {
    "email": "invalid@email.com",
    "password": "password123",
    "expectedStatus": 400.0,
    "expectedResult": "user not found",
    "testDescription": "Login with invalid email",
    "responseStatus": "",
    "result": ""
  },
  {
    "email": "",
    "password": "password123",
    "expectedStatus": 400.0,
    "expectedResult": "Missing email or username",
    "testDescription": "Login without email",
    "responseStatus": "",
    "result": ""
  },
  {
    "email": "nam@gmail.com",
    "password": "wrongpassword",
    "expectedStatus": 400.0,
    "expectedResult": "user not found",
    "testDescription": "Login with wrong password",
    "responseStatus": "",
    "result": ""
  },
  {
    "email": "user@",
    "password": "password123",
    "expectedStatus": 400.0,
    "expectedResult": "Invalid email format",
    "testDescription": "TC: Email không h?p l? - thi?u domain",
    "responseStatus": "",
    "result": ""
  },
  {
    "email": "user.example.com",
    "password": "password123",
    "expectedStatus": 400.0,
    "expectedResult": "Invalid email format",
    "testDescription": "TC: Email không h?p l? - thi?u ký t? @",
    "responseStatus": "",
    "result": ""
  },
  {
    "email": "@example.com",
    "password": "password123",
    "expectedStatus": 400.0,
    "expectedResult": "Invalid email format",
    "testDescription": "TC: Email không h?p l? - thi?u ph?n username",
    "responseStatus": "",
    "result": ""
  },
  {
    "email": "nam@gmail.com",
    "password": "12",
    "expectedStatus": 400.0,
    "expectedResult": "Password must be between X and Y characters",
    "testDescription": "TC: Password quá ng?n",
    "responseStatus": "",
    "result": ""
  },
  {
    "email": "nam@gmail.com",
    "password": "verylongpasswordthatexceedsthenormallimitsforpasswordlengthvalidationwhichshouldnotbeaccepted123456789",
    "expectedStatus": 400.0,
    "expectedResult": "Password must be between X and Y characters",
    "testDescription": "TC: Password quá dài",
    "responseStatus": "",
    "result": ""
  },
  {
    "email": "' OR '1'='1",
    "password": "password123",
    "expectedStatus": 400.0,
    "expectedResult": "Invalid input",
    "testDescription": "TC: SQL Injection trong email",
    "responseStatus": "",
    "result": ""
  },
  {
    "email": "nam@gmail.com",
    "password": "' OR '1'='1",
    "expectedStatus": 400.0,
    "expectedResult": "Invalid input",
    "testDescription": "TC: SQL Injection trong password",
    "responseStatus": "",
    "result": ""
  },
  {
    "email": "<script>alert(\"xss\")</script>@test.com",
    "password": "password123",
    "expectedStatus": 400.0,
    "expectedResult": "Invalid input",
    "testDescription": "TC: XSS trong email",
    "responseStatus": "",
    "result": ""
  },
  {
    "email": "nam@gmail.com",
    "password": "<script>alert(\"xss\")</script>",
    "expectedStatus": 400.0,
    "expectedResult": "Invalid input",
    "testDescription": "TC: XSS trong password",
    "responseStatus": "",
    "result": ""
  },
  {
    "email": "brute.force@test.com",
    "password": "wrongpass1",
    "expectedStatus": 429.0,
    "expectedResult": "Too many login attempts",
    "testDescription": "TC: V??t quá s? l?n th? - l?n 1",
    "responseStatus": "",
    "result": ""
  },
  {
    "email": "brute.force@test.com",
    "password": "wrongpass2",
    "expectedStatus": 429.0,
    "expectedResult": "Too many login attempts",
    "testDescription": "TC: V??t quá s? l?n th? - l?n 2",
    "responseStatus": "",
    "result": ""
  },
  {
    "email": "brute.force@test.com",
    "password": "wrongpass3",
    "expectedStatus": 429.0,
    "expectedResult": "Too many login attempts",
    "testDescription": "TC: V??t quá s? l?n th? - l?n 3",
    "responseStatus": "",
    "result": ""
  },
  {
    "email": "brute.force@test.com",
    "password": "wrongpass4",
    "expectedStatus": 429.0,
    "expectedResult": "Too many login attempts",
    "testDescription": "TC: V??t quá s? l?n th? - l?n 4",
    "responseStatus": "",
    "result": ""
  },
  {
    "email": "brute.force@test.com",
    "password": "wrongpass5",
    "expectedStatus": 429.0,
    "expectedResult": "Too many login attempts",
    "testDescription": "TC: V??t quá s? l?n th? - l?n 5",
    "responseStatus": "",
    "result": ""
  },
  {
    "email": "eve.holt@reqres.in",
    "password": "cityslicka",
    "expectedStatus": 200.0,
    "expectedResult": "success",
    "testDescription": "Valid login credentials",
    "responseStatus": "",
    "result": ""
  }
]
 
23:32:30.009 [main] INFO com.intuit.karate -- [print] ??c ???c 20 test cases t? Excel sheet: login 
23:32:30.023 [main] DEBUG com.jayway.jsonpath.internal.path.CompiledPath -- Evaluating path: $
23:32:30.035 [main] INFO com.intuit.karate -- ?ang ch?y test case #1: Valid login credentials 
23:32:30.052 [main] INFO com.intuit.karate -- karate.env system property was: null 
23:32:30.054 [main] DEBUG com.jayway.jsonpath.internal.path.CompiledPath -- Evaluating path: $
23:32:30.078 [main] DEBUG io.netty.util.internal.logging.InternalLoggerFactory -- Using SLF4J as the default logging framework
23:32:30.079 [main] DEBUG io.netty.util.internal.PlatformDependent0 -- -Dio.netty.noUnsafe: false
23:32:30.079 [main] DEBUG io.netty.util.internal.PlatformDependent0 -- Java version: 17
23:32:30.080 [main] DEBUG io.netty.util.internal.PlatformDependent0 -- sun.misc.Unsafe.theUnsafe: available
23:32:30.080 [main] DEBUG io.netty.util.internal.PlatformDependent0 -- sun.misc.Unsafe.copyMemory: available
23:32:30.080 [main] DEBUG io.netty.util.internal.PlatformDependent0 -- sun.misc.Unsafe.storeFence: available
23:32:30.081 [main] DEBUG io.netty.util.internal.PlatformDependent0 -- java.nio.Buffer.address: available
23:32:30.081 [main] DEBUG io.netty.util.internal.PlatformDependent0 -- direct buffer constructor: unavailable: Reflective setAccessible(true) disabled
23:32:30.082 [main] DEBUG io.netty.util.internal.PlatformDependent0 -- java.nio.Bits.unaligned: available, true
23:32:30.082 [main] DEBUG io.netty.util.internal.PlatformDependent0 -- jdk.internal.misc.Unsafe.allocateUninitializedArray(int): unavailable: class io.netty.util.internal.PlatformDependent0$7 cannot access class jdk.internal.misc.Unsafe (in module java.base) because module java.base does not export jdk.internal.misc to unnamed module @11e21d0e
23:32:30.083 [main] DEBUG io.netty.util.internal.PlatformDependent0 -- java.nio.DirectByteBuffer.<init>(long, int): unavailable
23:32:30.083 [main] DEBUG io.netty.util.internal.PlatformDependent -- sun.misc.Unsafe: available
23:32:30.084 [main] DEBUG io.netty.util.internal.PlatformDependent -- maxDirectMemory: 4223664128 bytes (maybe)
23:32:30.084 [main] DEBUG io.netty.util.internal.PlatformDependent -- -Dio.netty.tmpdir: C:\Users\quang\AppData\Local\Temp (java.io.tmpdir)
23:32:30.084 [main] DEBUG io.netty.util.internal.PlatformDependent -- -Dio.netty.bitMode: 64 (sun.arch.data.model)
23:32:30.084 [main] DEBUG io.netty.util.internal.PlatformDependent -- Platform: Windows
23:32:30.085 [main] DEBUG io.netty.util.internal.PlatformDependent -- -Dio.netty.maxDirectMemory: -1 bytes
23:32:30.085 [main] DEBUG io.netty.util.internal.PlatformDependent -- -Dio.netty.uninitializedArrayAllocationThreshold: -1
23:32:30.085 [main] DEBUG io.netty.util.internal.CleanerJava9 -- java.nio.ByteBuffer.cleaner(): available
23:32:30.085 [main] DEBUG io.netty.util.internal.PlatformDependent -- -Dio.netty.noPreferDirect: false
23:32:30.305 [main] DEBUG org.apache.http.client.protocol.RequestAddCookies -- CookieSpec selected: karate
23:32:30.310 [main] DEBUG org.apache.http.client.protocol.RequestAuthCache -- Auth cache not set in the context
23:32:30.313 [main] DEBUG com.intuit.karate -- request:
1 > POST http://localhost:3000/auth/login
1 > Content-Type: application/json; charset=UTF-8
1 > Content-Length: 45
1 > Host: localhost:3000
1 > Connection: Keep-Alive
1 > User-Agent: Apache-HttpClient/4.5.14 (Java/17.0.12)
1 > Accept-Encoding: gzip,deflate
{
  "email": "nam@gmail.com",
  "password": "123456"
}


23:32:30.314 [main] DEBUG org.apache.http.impl.conn.PoolingHttpClientConnectionManager -- Connection request: [route: {}->http://localhost:3000][total available: 0; route allocated: 0 of 5; total allocated: 0 of 10]
23:32:30.319 [main] DEBUG org.apache.http.impl.conn.PoolingHttpClientConnectionManager -- Connection leased: [id: 0][route: {}->http://localhost:3000][total available: 0; route allocated: 1 of 5; total allocated: 1 of 10]
23:32:30.320 [main] DEBUG org.apache.http.impl.execchain.MainClientExec -- Opening connection {}->http://localhost:3000
23:32:30.326 [main] DEBUG org.apache.http.impl.conn.DefaultHttpClientConnectionOperator -- Connecting to localhost/127.0.0.1:3000
23:32:30.328 [main] DEBUG org.apache.http.impl.conn.DefaultHttpClientConnectionOperator -- Connection established 127.0.0.1:63370<->127.0.0.1:3000
23:32:30.328 [main] DEBUG org.apache.http.impl.conn.DefaultManagedHttpClientConnection -- http-outgoing-0: set socket timeout to 5000
23:32:30.328 [main] DEBUG org.apache.http.impl.execchain.MainClientExec -- Executing request POST /auth/login HTTP/1.1
23:32:30.328 [main] DEBUG org.apache.http.impl.execchain.MainClientExec -- Target auth state: UNCHALLENGED
23:32:30.328 [main] DEBUG org.apache.http.impl.execchain.MainClientExec -- Proxy auth state: UNCHALLENGED
23:32:30.329 [main] DEBUG org.apache.http.headers -- http-outgoing-0 >> POST /auth/login HTTP/1.1
23:32:30.329 [main] DEBUG org.apache.http.headers -- http-outgoing-0 >> Content-Type: application/json; charset=UTF-8
23:32:30.329 [main] DEBUG org.apache.http.headers -- http-outgoing-0 >> Content-Length: 45
23:32:30.330 [main] DEBUG org.apache.http.headers -- http-outgoing-0 >> Host: localhost:3000
23:32:30.330 [main] DEBUG org.apache.http.headers -- http-outgoing-0 >> Connection: Keep-Alive
23:32:30.330 [main] DEBUG org.apache.http.headers -- http-outgoing-0 >> User-Agent: Apache-HttpClient/4.5.14 (Java/17.0.12)
23:32:30.330 [main] DEBUG org.apache.http.headers -- http-outgoing-0 >> Accept-Encoding: gzip,deflate
23:32:30.330 [main] DEBUG org.apache.http.wire -- http-outgoing-0 >> "POST /auth/login HTTP/1.1[\r][\n]"
23:32:30.330 [main] DEBUG org.apache.http.wire -- http-outgoing-0 >> "Content-Type: application/json; charset=UTF-8[\r][\n]"
23:32:30.330 [main] DEBUG org.apache.http.wire -- http-outgoing-0 >> "Content-Length: 45[\r][\n]"
23:32:30.330 [main] DEBUG org.apache.http.wire -- http-outgoing-0 >> "Host: localhost:3000[\r][\n]"
23:32:30.330 [main] DEBUG org.apache.http.wire -- http-outgoing-0 >> "Connection: Keep-Alive[\r][\n]"
23:32:30.330 [main] DEBUG org.apache.http.wire -- http-outgoing-0 >> "User-Agent: Apache-HttpClient/4.5.14 (Java/17.0.12)[\r][\n]"
23:32:30.330 [main] DEBUG org.apache.http.wire -- http-outgoing-0 >> "Accept-Encoding: gzip,deflate[\r][\n]"
23:32:30.330 [main] DEBUG org.apache.http.wire -- http-outgoing-0 >> "[\r][\n]"
23:32:30.330 [main] DEBUG org.apache.http.wire -- http-outgoing-0 >> "{"email":"nam@gmail.com","password":"123456"}"
23:32:30.617 [main] DEBUG org.apache.http.wire -- http-outgoing-0 << "HTTP/1.1 200 OK[\r][\n]"
23:32:30.617 [main] DEBUG org.apache.http.wire -- http-outgoing-0 << "X-Powered-By: Express[\r][\n]"
23:32:30.617 [main] DEBUG org.apache.http.wire -- http-outgoing-0 << "Access-Control-Allow-Origin: *[\r][\n]"
23:32:30.617 [main] DEBUG org.apache.http.wire -- http-outgoing-0 << "Content-Type: application/json; charset=utf-8[\r][\n]"
23:32:30.617 [main] DEBUG org.apache.http.wire -- http-outgoing-0 << "Content-Length: 708[\r][\n]"
23:32:30.617 [main] DEBUG org.apache.http.wire -- http-outgoing-0 << "ETag: W/"2c4-eSfhA7StXGAxgW2Cnt0cOLITu7s"[\r][\n]"
23:32:30.617 [main] DEBUG org.apache.http.wire -- http-outgoing-0 << "Date: Sat, 21 Jun 2025 16:32:30 GMT[\r][\n]"
23:32:30.617 [main] DEBUG org.apache.http.wire -- http-outgoing-0 << "Connection: keep-alive[\r][\n]"
23:32:30.617 [main] DEBUG org.apache.http.wire -- http-outgoing-0 << "Keep-Alive: timeout=5[\r][\n]"
23:32:30.617 [main] DEBUG org.apache.http.wire -- http-outgoing-0 << "[\r][\n]"
23:32:30.617 [main] DEBUG org.apache.http.wire -- http-outgoing-0 << "{"access_token":"eyJhbGciOiJIUzI1NiIsInR5cCI6IkpXVCJ9.eyJzdWIiOiIwODUxNWIwNS0yZDNlLTQ3ODktYWQ2MC1kYjM1NTI1YTQ5NzAiLCJ1c2VybmFtZSI6Im5hbSIsInJvbGUiOjAsImlhdCI6MTc1MDUyMzU1MCwiZXhwIjoxNzUwNTI3MTUwfQ.I4H6YmeemqlNTynAboocwjwA9L8VQz0n8zv_38WMpJA","refresh_token":"be1a2ea13249eb789b2612fda2b755edcd9ff236da82b48b0b52c3c39e225c67","user":{"id":"08515b05-2d3e-4789-ad60-db35525a4970","email":"nam@gmail.com","username":"nam","name":"nam","phoneNumber":"0123456789","profilePic":"https://res.cloudinary.com/dizcvrefo/image/upload/v1749266646/nestjs_uploads/zk9zrpeidnovxibfqdxr.png","bio":"Chu tich hoi dong Quan tri 1","private":false,"verified":false,"role":0,"followersCount":2,"followingCount":2,"postCount":13}}"
23:32:30.618 [main] DEBUG org.apache.http.headers -- http-outgoing-0 << HTTP/1.1 200 OK
23:32:30.619 [main] DEBUG org.apache.http.headers -- http-outgoing-0 << X-Powered-By: Express
23:32:30.619 [main] DEBUG org.apache.http.headers -- http-outgoing-0 << Access-Control-Allow-Origin: *
23:32:30.619 [main] DEBUG org.apache.http.headers -- http-outgoing-0 << Content-Type: application/json; charset=utf-8
23:32:30.619 [main] DEBUG org.apache.http.headers -- http-outgoing-0 << Content-Length: 708
23:32:30.619 [main] DEBUG org.apache.http.headers -- http-outgoing-0 << ETag: W/"2c4-eSfhA7StXGAxgW2Cnt0cOLITu7s"
23:32:30.619 [main] DEBUG org.apache.http.headers -- http-outgoing-0 << Date: Sat, 21 Jun 2025 16:32:30 GMT
23:32:30.619 [main] DEBUG org.apache.http.headers -- http-outgoing-0 << Connection: keep-alive
23:32:30.619 [main] DEBUG org.apache.http.headers -- http-outgoing-0 << Keep-Alive: timeout=5
23:32:30.620 [main] DEBUG org.apache.http.impl.execchain.MainClientExec -- Connection can be kept alive for 5000 MILLISECONDS
23:32:30.621 [main] DEBUG org.apache.http.impl.conn.PoolingHttpClientConnectionManager -- Connection [id: 0][route: {}->http://localhost:3000] can be kept alive for 5.0 seconds
23:32:30.621 [main] DEBUG org.apache.http.impl.conn.DefaultManagedHttpClientConnection -- http-outgoing-0: set socket timeout to 0
23:32:30.622 [main] DEBUG org.apache.http.impl.conn.PoolingHttpClientConnectionManager -- Connection released: [id: 0][route: {}->http://localhost:3000][total available: 1; route allocated: 1 of 5; total allocated: 1 of 10]
23:32:30.622 [main] DEBUG org.apache.http.impl.conn.PoolingHttpClientConnectionManager -- Connection manager is shutting down
23:32:30.622 [main] DEBUG org.apache.http.impl.conn.DefaultManagedHttpClientConnection -- http-outgoing-0: Close connection
23:32:30.622 [main] DEBUG org.apache.http.impl.conn.PoolingHttpClientConnectionManager -- Connection manager shut down
23:32:30.624 [main] DEBUG com.intuit.karate -- response time in milliseconds: 309
1 < 200
1 < X-Powered-By: Express
1 < Access-Control-Allow-Origin: *
1 < Content-Type: application/json; charset=utf-8
1 < Content-Length: 708
1 < ETag: W/"2c4-eSfhA7StXGAxgW2Cnt0cOLITu7s"
1 < Date: Sat, 21 Jun 2025 16:32:30 GMT
1 < Connection: keep-alive
1 < Keep-Alive: timeout=5
{
  "access_token": "eyJhbGciOiJIUzI1NiIsInR5cCI6IkpXVCJ9.eyJzdWIiOiIwODUxNWIwNS0yZDNlLTQ3ODktYWQ2MC1kYjM1NTI1YTQ5NzAiLCJ1c2VybmFtZSI6Im5hbSIsInJvbGUiOjAsImlhdCI6MTc1MDUyMzU1MCwiZXhwIjoxNzUwNTI3MTUwfQ.I4H6YmeemqlNTynAboocwjwA9L8VQz0n8zv_38WMpJA",
  "refresh_token": "be1a2ea13249eb789b2612fda2b755edcd9ff236da82b48b0b52c3c39e225c67",
  "user": {
    "id": "08515b05-2d3e-4789-ad60-db35525a4970",
    "email": "nam@gmail.com",
    "username": "nam",
    "name": "nam",
    "phoneNumber": "0123456789",
    "profilePic": "https://res.cloudinary.com/dizcvrefo/image/upload/v1749266646/nestjs_uploads/zk9zrpeidnovxibfqdxr.png",
    "bio": "Chu tich hoi dong Quan tri 1",
    "private": false,
    "verified": false,
    "role": 0,
    "followersCount": 2,
    "followingCount": 2,
    "postCount": 13
  }
}


23:32:30.627 [main] INFO com.intuit.karate -- [print] Calling login API v?i email: nam@gmail.com password: 123456 
23:32:30.628 [main] INFO com.intuit.karate -- [print] Response status: 200 body: {
  "access_token": "eyJhbGciOiJIUzI1NiIsInR5cCI6IkpXVCJ9.eyJzdWIiOiIwODUxNWIwNS0yZDNlLTQ3ODktYWQ2MC1kYjM1NTI1YTQ5NzAiLCJ1c2VybmFtZSI6Im5hbSIsInJvbGUiOjAsImlhdCI6MTc1MDUyMzU1MCwiZXhwIjoxNzUwNTI3MTUwfQ.I4H6YmeemqlNTynAboocwjwA9L8VQz0n8zv_38WMpJA",
  "refresh_token": "be1a2ea13249eb789b2612fda2b755edcd9ff236da82b48b0b52c3c39e225c67",
  "user": {
    "id": "08515b05-2d3e-4789-ad60-db35525a4970",
    "email": "nam@gmail.com",
    "username": "nam",
    "name": "nam",
    "phoneNumber": "0123456789",
    "profilePic": "https://res.cloudinary.com/dizcvrefo/image/upload/v1749266646/nestjs_uploads/zk9zrpeidnovxibfqdxr.png",
    "bio": "Chu tich hoi dong Quan tri 1",
    "private": false,
    "verified": false,
    "role": 0,
    "followersCount": 2,
    "followingCount": 2,
    "postCount": 13
  }
}
 
23:32:30.641 [main] INFO com.intuit.karate -- Test Case Data: {
  "email": "nam@gmail.com",
  "password": "123456",
  "expectedStatus": 200.0,
  "expectedResult": "success",
  "testDescription": "Valid login credentials",
  "responseStatus": "",
  "result": ""
}
 
23:32:30.643 [main] INFO com.intuit.karate -- Expected Status: 200.0 
23:32:30.643 [main] INFO com.intuit.karate -- Expected Result: success 
23:32:30.643 [main] INFO com.intuit.karate -- Actual Status: 200 
23:32:30.643 [main] INFO com.intuit.karate -- Is Expected Status: true 
23:32:30.644 [main] INFO com.intuit.karate -- Test case #1 - Status: 200, Result: {"access_token":"eyJhbGciOiJIUzI1NiIsInR5cCI6IkpXVCJ9.eyJzdWIiOiIwODUxNWIwNS0yZDNlLTQ3ODktYWQ2MC1kYjM1NTI1YTQ5NzAiLCJ1c2VybmFtZSI6Im5hbSIsInJvbGUiOjAsImlhdCI6MTc1MDUyMzU1MCwiZXhwIjoxNzUwNTI3MTUwfQ.I4H6YmeemqlNTynAboocwjwA9L8VQz0n8zv_38WMpJA","refresh_token":"be1a2ea13249eb789b2612fda2b755edcd9ff236da82b48b0b52c3c39e225c67","user":{"id":"08515b05-2d3e-4789-ad60-db35525a4970","email":"nam@gmail.com","username":"nam","name":"nam","phoneNumber":"0123456789","profilePic":"https://res.cloudinary.com/dizcvrefo/image/upload/v1749266646/nestjs_uploads/zk9zrpeidnovxibfqdxr.png","bio":"Chu tich hoi dong Quan tri 1","private":false,"verified":false,"role":0,"followersCount":2,"followingCount":2,"postCount":13}} 
23:32:30.645 [main] INFO com.intuit.karate -- ?ang ch?y test case #2: Login without password 
23:32:30.654 [main] INFO com.intuit.karate -- karate.env system property was: null 
23:32:30.657 [main] DEBUG com.jayway.jsonpath.internal.path.CompiledPath -- Evaluating path: $
23:32:30.658 [main] DEBUG org.apache.http.client.protocol.RequestAddCookies -- CookieSpec selected: karate
23:32:30.659 [main] DEBUG org.apache.http.client.protocol.RequestAuthCache -- Auth cache not set in the context
23:32:30.659 [main] DEBUG com.intuit.karate -- request:
1 > POST http://localhost:3000/auth/login
1 > Content-Type: application/json; charset=UTF-8
1 > Content-Length: 39
1 > Host: localhost:3000
1 > Connection: Keep-Alive
1 > User-Agent: Apache-HttpClient/4.5.14 (Java/17.0.12)
1 > Accept-Encoding: gzip,deflate
{
  "email": "nam@gmail.com",
  "password": ""
}


23:32:30.659 [main] DEBUG org.apache.http.impl.conn.PoolingHttpClientConnectionManager -- Connection request: [route: {}->http://localhost:3000][total available: 0; route allocated: 0 of 5; total allocated: 0 of 10]
23:32:30.659 [main] DEBUG org.apache.http.impl.conn.PoolingHttpClientConnectionManager -- Connection leased: [id: 1][route: {}->http://localhost:3000][total available: 0; route allocated: 1 of 5; total allocated: 1 of 10]
23:32:30.659 [main] DEBUG org.apache.http.impl.execchain.MainClientExec -- Opening connection {}->http://localhost:3000
23:32:30.659 [main] DEBUG org.apache.http.impl.conn.DefaultHttpClientConnectionOperator -- Connecting to localhost/127.0.0.1:3000
23:32:30.660 [main] DEBUG org.apache.http.impl.conn.DefaultHttpClientConnectionOperator -- Connection established 127.0.0.1:63371<->127.0.0.1:3000
23:32:30.660 [main] DEBUG org.apache.http.impl.conn.DefaultManagedHttpClientConnection -- http-outgoing-1: set socket timeout to 5000
23:32:30.660 [main] DEBUG org.apache.http.impl.execchain.MainClientExec -- Executing request POST /auth/login HTTP/1.1
23:32:30.660 [main] DEBUG org.apache.http.impl.execchain.MainClientExec -- Target auth state: UNCHALLENGED
23:32:30.660 [main] DEBUG org.apache.http.impl.execchain.MainClientExec -- Proxy auth state: UNCHALLENGED
23:32:30.660 [main] DEBUG org.apache.http.headers -- http-outgoing-1 >> POST /auth/login HTTP/1.1
23:32:30.660 [main] DEBUG org.apache.http.headers -- http-outgoing-1 >> Content-Type: application/json; charset=UTF-8
23:32:30.660 [main] DEBUG org.apache.http.headers -- http-outgoing-1 >> Content-Length: 39
23:32:30.660 [main] DEBUG org.apache.http.headers -- http-outgoing-1 >> Host: localhost:3000
23:32:30.660 [main] DEBUG org.apache.http.headers -- http-outgoing-1 >> Connection: Keep-Alive
23:32:30.660 [main] DEBUG org.apache.http.headers -- http-outgoing-1 >> User-Agent: Apache-HttpClient/4.5.14 (Java/17.0.12)
23:32:30.660 [main] DEBUG org.apache.http.headers -- http-outgoing-1 >> Accept-Encoding: gzip,deflate
23:32:30.661 [main] DEBUG org.apache.http.wire -- http-outgoing-1 >> "POST /auth/login HTTP/1.1[\r][\n]"
23:32:30.661 [main] DEBUG org.apache.http.wire -- http-outgoing-1 >> "Content-Type: application/json; charset=UTF-8[\r][\n]"
23:32:30.661 [main] DEBUG org.apache.http.wire -- http-outgoing-1 >> "Content-Length: 39[\r][\n]"
23:32:30.661 [main] DEBUG org.apache.http.wire -- http-outgoing-1 >> "Host: localhost:3000[\r][\n]"
23:32:30.661 [main] DEBUG org.apache.http.wire -- http-outgoing-1 >> "Connection: Keep-Alive[\r][\n]"
23:32:30.661 [main] DEBUG org.apache.http.wire -- http-outgoing-1 >> "User-Agent: Apache-HttpClient/4.5.14 (Java/17.0.12)[\r][\n]"
23:32:30.661 [main] DEBUG org.apache.http.wire -- http-outgoing-1 >> "Accept-Encoding: gzip,deflate[\r][\n]"
23:32:30.661 [main] DEBUG org.apache.http.wire -- http-outgoing-1 >> "[\r][\n]"
23:32:30.661 [main] DEBUG org.apache.http.wire -- http-outgoing-1 >> "{"email":"nam@gmail.com","password":""}"
23:32:30.662 [main] DEBUG org.apache.http.wire -- http-outgoing-1 << "HTTP/1.1 400 Bad Request[\r][\n]"
23:32:30.662 [main] DEBUG org.apache.http.wire -- http-outgoing-1 << "X-Powered-By: Express[\r][\n]"
23:32:30.662 [main] DEBUG org.apache.http.wire -- http-outgoing-1 << "Access-Control-Allow-Origin: *[\r][\n]"
23:32:30.662 [main] DEBUG org.apache.http.wire -- http-outgoing-1 << "Content-Type: application/json; charset=utf-8[\r][\n]"
23:32:30.662 [main] DEBUG org.apache.http.wire -- http-outgoing-1 << "Content-Length: 136[\r][\n]"
23:32:30.662 [main] DEBUG org.apache.http.wire -- http-outgoing-1 << "ETag: W/"88-1Q/uXmHUPCrlC3IaiaK9iiQvI34"[\r][\n]"
23:32:30.662 [main] DEBUG org.apache.http.wire -- http-outgoing-1 << "Date: Sat, 21 Jun 2025 16:32:30 GMT[\r][\n]"
23:32:30.662 [main] DEBUG org.apache.http.wire -- http-outgoing-1 << "Connection: keep-alive[\r][\n]"
23:32:30.662 [main] DEBUG org.apache.http.wire -- http-outgoing-1 << "Keep-Alive: timeout=5[\r][\n]"
23:32:30.662 [main] DEBUG org.apache.http.wire -- http-outgoing-1 << "[\r][\n]"
23:32:30.662 [main] DEBUG org.apache.http.wire -- http-outgoing-1 << "{"success":false,"statusCode":400,"message":"D[0xe1][0xbb][0xaf] li[0xe1][0xbb][0x87]u kh[0xc3][0xb4]ng h[0xe1][0xbb][0xa3]p l[0xe1][0xbb][0x87]","path":"/auth/login","timestamp":"2025-06-21T16:32:30.662Z"}"
23:32:30.662 [main] DEBUG org.apache.http.headers -- http-outgoing-1 << HTTP/1.1 400 Bad Request
23:32:30.662 [main] DEBUG org.apache.http.headers -- http-outgoing-1 << X-Powered-By: Express
23:32:30.662 [main] DEBUG org.apache.http.headers -- http-outgoing-1 << Access-Control-Allow-Origin: *
23:32:30.662 [main] DEBUG org.apache.http.headers -- http-outgoing-1 << Content-Type: application/json; charset=utf-8
23:32:30.663 [main] DEBUG org.apache.http.headers -- http-outgoing-1 << Content-Length: 136
23:32:30.663 [main] DEBUG org.apache.http.headers -- http-outgoing-1 << ETag: W/"88-1Q/uXmHUPCrlC3IaiaK9iiQvI34"
23:32:30.663 [main] DEBUG org.apache.http.headers -- http-outgoing-1 << Date: Sat, 21 Jun 2025 16:32:30 GMT
23:32:30.663 [main] DEBUG org.apache.http.headers -- http-outgoing-1 << Connection: keep-alive
23:32:30.663 [main] DEBUG org.apache.http.headers -- http-outgoing-1 << Keep-Alive: timeout=5
23:32:30.663 [main] DEBUG org.apache.http.impl.execchain.MainClientExec -- Connection can be kept alive for 5000 MILLISECONDS
23:32:30.663 [main] DEBUG org.apache.http.impl.conn.PoolingHttpClientConnectionManager -- Connection [id: 1][route: {}->http://localhost:3000] can be kept alive for 5.0 seconds
23:32:30.663 [main] DEBUG org.apache.http.impl.conn.DefaultManagedHttpClientConnection -- http-outgoing-1: set socket timeout to 0
23:32:30.663 [main] DEBUG org.apache.http.impl.conn.PoolingHttpClientConnectionManager -- Connection released: [id: 1][route: {}->http://localhost:3000][total available: 1; route allocated: 1 of 5; total allocated: 1 of 10]
23:32:30.663 [main] DEBUG org.apache.http.impl.conn.PoolingHttpClientConnectionManager -- Connection manager is shutting down
23:32:30.663 [main] DEBUG org.apache.http.impl.conn.DefaultManagedHttpClientConnection -- http-outgoing-1: Close connection
23:32:30.663 [main] DEBUG org.apache.http.impl.conn.PoolingHttpClientConnectionManager -- Connection manager shut down
23:32:30.663 [main] DEBUG com.intuit.karate -- response time in milliseconds: 4
1 < 400
1 < X-Powered-By: Express
1 < Access-Control-Allow-Origin: *
1 < Content-Type: application/json; charset=utf-8
1 < Content-Length: 136
1 < ETag: W/"88-1Q/uXmHUPCrlC3IaiaK9iiQvI34"
1 < Date: Sat, 21 Jun 2025 16:32:30 GMT
1 < Connection: keep-alive
1 < Keep-Alive: timeout=5
{
  "success": false,
  "statusCode": 400,
  "message": "D? li?u không h?p l?",
  "path": "/auth/login",
  "timestamp": "2025-06-21T16:32:30.662Z"
}


23:32:30.665 [main] INFO com.intuit.karate -- [print] Calling login API v?i email: nam@gmail.com password:  
23:32:30.665 [main] INFO com.intuit.karate -- [print] Response status: 400 body: {
  "success": false,
  "statusCode": 400,
  "message": "D? li?u không h?p l?",
  "path": "/auth/login",
  "timestamp": "2025-06-21T16:32:30.662Z"
}
 
23:32:30.667 [main] INFO com.intuit.karate -- Test Case Data: {
  "email": "nam@gmail.com",
  "password": "",
  "expectedStatus": 400.0,
  "expectedResult": "Missing password",
  "testDescription": "Login without password",
  "responseStatus": "",
  "result": ""
}
 
23:32:30.667 [main] INFO com.intuit.karate -- Expected Status: 400.0 
23:32:30.667 [main] INFO com.intuit.karate -- Expected Result: Missing password 
23:32:30.667 [main] INFO com.intuit.karate -- Actual Status: 400 
23:32:30.667 [main] INFO com.intuit.karate -- Is Expected Status: true 
23:32:30.668 [main] INFO com.intuit.karate -- Test case #2 - Status: 400, Result: {"success":false,"statusCode":400,"message":"D? li?u không h?p l?","path":"/auth/login","timestamp":"2025-06-21T16:32:30.662Z"} 
23:32:30.669 [main] INFO com.intuit.karate -- ?ang ch?y test case #3: Login with invalid email 
23:32:30.678 [main] INFO com.intuit.karate -- karate.env system property was: null 
23:32:30.680 [main] DEBUG com.jayway.jsonpath.internal.path.CompiledPath -- Evaluating path: $
23:32:30.681 [main] DEBUG org.apache.http.client.protocol.RequestAddCookies -- CookieSpec selected: karate
23:32:30.681 [main] DEBUG org.apache.http.client.protocol.RequestAuthCache -- Auth cache not set in the context
23:32:30.681 [main] DEBUG com.intuit.karate -- request:
1 > POST http://localhost:3000/auth/login
1 > Content-Type: application/json; charset=UTF-8
1 > Content-Length: 54
1 > Host: localhost:3000
1 > Connection: Keep-Alive
1 > User-Agent: Apache-HttpClient/4.5.14 (Java/17.0.12)
1 > Accept-Encoding: gzip,deflate
{
  "email": "invalid@email.com",
  "password": "password123"
}


23:32:30.681 [main] DEBUG org.apache.http.impl.conn.PoolingHttpClientConnectionManager -- Connection request: [route: {}->http://localhost:3000][total available: 0; route allocated: 0 of 5; total allocated: 0 of 10]
23:32:30.681 [main] DEBUG org.apache.http.impl.conn.PoolingHttpClientConnectionManager -- Connection leased: [id: 2][route: {}->http://localhost:3000][total available: 0; route allocated: 1 of 5; total allocated: 1 of 10]
23:32:30.681 [main] DEBUG org.apache.http.impl.execchain.MainClientExec -- Opening connection {}->http://localhost:3000
23:32:30.681 [main] DEBUG org.apache.http.impl.conn.DefaultHttpClientConnectionOperator -- Connecting to localhost/127.0.0.1:3000
23:32:30.682 [main] DEBUG org.apache.http.impl.conn.DefaultHttpClientConnectionOperator -- Connection established 127.0.0.1:63372<->127.0.0.1:3000
23:32:30.682 [main] DEBUG org.apache.http.impl.conn.DefaultManagedHttpClientConnection -- http-outgoing-2: set socket timeout to 5000
23:32:30.682 [main] DEBUG org.apache.http.impl.execchain.MainClientExec -- Executing request POST /auth/login HTTP/1.1
23:32:30.682 [main] DEBUG org.apache.http.impl.execchain.MainClientExec -- Target auth state: UNCHALLENGED
23:32:30.682 [main] DEBUG org.apache.http.impl.execchain.MainClientExec -- Proxy auth state: UNCHALLENGED
23:32:30.682 [main] DEBUG org.apache.http.headers -- http-outgoing-2 >> POST /auth/login HTTP/1.1
23:32:30.682 [main] DEBUG org.apache.http.headers -- http-outgoing-2 >> Content-Type: application/json; charset=UTF-8
23:32:30.682 [main] DEBUG org.apache.http.headers -- http-outgoing-2 >> Content-Length: 54
23:32:30.682 [main] DEBUG org.apache.http.headers -- http-outgoing-2 >> Host: localhost:3000
23:32:30.682 [main] DEBUG org.apache.http.headers -- http-outgoing-2 >> Connection: Keep-Alive
23:32:30.682 [main] DEBUG org.apache.http.headers -- http-outgoing-2 >> User-Agent: Apache-HttpClient/4.5.14 (Java/17.0.12)
23:32:30.682 [main] DEBUG org.apache.http.headers -- http-outgoing-2 >> Accept-Encoding: gzip,deflate
23:32:30.682 [main] DEBUG org.apache.http.wire -- http-outgoing-2 >> "POST /auth/login HTTP/1.1[\r][\n]"
23:32:30.682 [main] DEBUG org.apache.http.wire -- http-outgoing-2 >> "Content-Type: application/json; charset=UTF-8[\r][\n]"
23:32:30.682 [main] DEBUG org.apache.http.wire -- http-outgoing-2 >> "Content-Length: 54[\r][\n]"
23:32:30.682 [main] DEBUG org.apache.http.wire -- http-outgoing-2 >> "Host: localhost:3000[\r][\n]"
23:32:30.682 [main] DEBUG org.apache.http.wire -- http-outgoing-2 >> "Connection: Keep-Alive[\r][\n]"
23:32:30.682 [main] DEBUG org.apache.http.wire -- http-outgoing-2 >> "User-Agent: Apache-HttpClient/4.5.14 (Java/17.0.12)[\r][\n]"
23:32:30.682 [main] DEBUG org.apache.http.wire -- http-outgoing-2 >> "Accept-Encoding: gzip,deflate[\r][\n]"
23:32:30.682 [main] DEBUG org.apache.http.wire -- http-outgoing-2 >> "[\r][\n]"
23:32:30.682 [main] DEBUG org.apache.http.wire -- http-outgoing-2 >> "{"email":"invalid@email.com","password":"password123"}"
23:32:30.713 [main] DEBUG org.apache.http.wire -- http-outgoing-2 << "HTTP/1.1 401 Unauthorized[\r][\n]"
23:32:30.714 [main] DEBUG org.apache.http.wire -- http-outgoing-2 << "X-Powered-By: Express[\r][\n]"
23:32:30.714 [main] DEBUG org.apache.http.wire -- http-outgoing-2 << "Access-Control-Allow-Origin: *[\r][\n]"
23:32:30.714 [main] DEBUG org.apache.http.wire -- http-outgoing-2 << "Content-Type: application/json; charset=utf-8[\r][\n]"
23:32:30.714 [main] DEBUG org.apache.http.wire -- http-outgoing-2 << "Content-Length: 149[\r][\n]"
23:32:30.714 [main] DEBUG org.apache.http.wire -- http-outgoing-2 << "ETag: W/"95-Kr7QMaoyox8//YrLJ9VwnyIDnp0"[\r][\n]"
23:32:30.714 [main] DEBUG org.apache.http.wire -- http-outgoing-2 << "Date: Sat, 21 Jun 2025 16:32:30 GMT[\r][\n]"
23:32:30.714 [main] DEBUG org.apache.http.wire -- http-outgoing-2 << "Connection: keep-alive[\r][\n]"
23:32:30.714 [main] DEBUG org.apache.http.wire -- http-outgoing-2 << "Keep-Alive: timeout=5[\r][\n]"
23:32:30.714 [main] DEBUG org.apache.http.wire -- http-outgoing-2 << "[\r][\n]"
23:32:30.714 [main] DEBUG org.apache.http.wire -- http-outgoing-2 << "{"success":false,"statusCode":401,"message":"Th[0xc3][0xb4]ng tin [0xc4][0x91][0xc4][0x83]ng nh[0xe1][0xba][0xad]p kh[0xc3][0xb4]ng h[0xe1][0xbb][0xa3]p l[0xe1][0xbb][0x87]","path":"/auth/login","timestamp":"2025-06-21T16:32:30.713Z"}"
23:32:30.714 [main] DEBUG org.apache.http.headers -- http-outgoing-2 << HTTP/1.1 401 Unauthorized
23:32:30.714 [main] DEBUG org.apache.http.headers -- http-outgoing-2 << X-Powered-By: Express
23:32:30.714 [main] DEBUG org.apache.http.headers -- http-outgoing-2 << Access-Control-Allow-Origin: *
23:32:30.714 [main] DEBUG org.apache.http.headers -- http-outgoing-2 << Content-Type: application/json; charset=utf-8
23:32:30.714 [main] DEBUG org.apache.http.headers -- http-outgoing-2 << Content-Length: 149
23:32:30.714 [main] DEBUG org.apache.http.headers -- http-outgoing-2 << ETag: W/"95-Kr7QMaoyox8//YrLJ9VwnyIDnp0"
23:32:30.714 [main] DEBUG org.apache.http.headers -- http-outgoing-2 << Date: Sat, 21 Jun 2025 16:32:30 GMT
23:32:30.714 [main] DEBUG org.apache.http.headers -- http-outgoing-2 << Connection: keep-alive
23:32:30.714 [main] DEBUG org.apache.http.headers -- http-outgoing-2 << Keep-Alive: timeout=5
23:32:30.714 [main] DEBUG org.apache.http.impl.execchain.MainClientExec -- Connection can be kept alive for 5000 MILLISECONDS
23:32:30.714 [main] DEBUG org.apache.http.impl.auth.HttpAuthenticator -- Authentication required
23:32:30.714 [main] DEBUG org.apache.http.impl.auth.HttpAuthenticator -- localhost:3000 requested authentication
23:32:30.715 [main] DEBUG org.apache.http.impl.auth.HttpAuthenticator -- Response contains no authentication challenges
23:32:30.715 [main] DEBUG org.apache.http.impl.conn.PoolingHttpClientConnectionManager -- Connection [id: 2][route: {}->http://localhost:3000] can be kept alive for 5.0 seconds
23:32:30.715 [main] DEBUG org.apache.http.impl.conn.DefaultManagedHttpClientConnection -- http-outgoing-2: set socket timeout to 0
23:32:30.715 [main] DEBUG org.apache.http.impl.conn.PoolingHttpClientConnectionManager -- Connection released: [id: 2][route: {}->http://localhost:3000][total available: 1; route allocated: 1 of 5; total allocated: 1 of 10]
23:32:30.715 [main] DEBUG org.apache.http.impl.conn.PoolingHttpClientConnectionManager -- Connection manager is shutting down
23:32:30.715 [main] DEBUG org.apache.http.impl.conn.DefaultManagedHttpClientConnection -- http-outgoing-2: Close connection
23:32:30.715 [main] DEBUG org.apache.http.impl.conn.PoolingHttpClientConnectionManager -- Connection manager shut down
23:32:30.715 [main] DEBUG com.intuit.karate -- response time in milliseconds: 34
1 < 401
1 < X-Powered-By: Express
1 < Access-Control-Allow-Origin: *
1 < Content-Type: application/json; charset=utf-8
1 < Content-Length: 149
1 < ETag: W/"95-Kr7QMaoyox8//YrLJ9VwnyIDnp0"
1 < Date: Sat, 21 Jun 2025 16:32:30 GMT
1 < Connection: keep-alive
1 < Keep-Alive: timeout=5
{
  "success": false,
  "statusCode": 401,
  "message": "Thông tin ??ng nh?p không h?p l?",
  "path": "/auth/login",
  "timestamp": "2025-06-21T16:32:30.713Z"
}


23:32:30.717 [main] INFO com.intuit.karate -- [print] Calling login API v?i email: invalid@email.com password: password123 
23:32:30.717 [main] INFO com.intuit.karate -- [print] Response status: 401 body: {
  "success": false,
  "statusCode": 401,
  "message": "Thông tin ??ng nh?p không h?p l?",
  "path": "/auth/login",
  "timestamp": "2025-06-21T16:32:30.713Z"
}
 
23:32:30.720 [main] INFO com.intuit.karate -- STATUS MISMATCH - Expected: 400, Actual: 401 
23:32:30.720 [main] INFO com.intuit.karate -- Test Case Data: {
  "email": "invalid@email.com",
  "password": "password123",
  "expectedStatus": 400.0,
  "expectedResult": "user not found",
  "testDescription": "Login with invalid email",
  "responseStatus": "",
  "result": ""
}
 
23:32:30.721 [main] INFO com.intuit.karate -- Expected Status: 400.0 
23:32:30.721 [main] INFO com.intuit.karate -- Expected Result: user not found 
23:32:30.721 [main] INFO com.intuit.karate -- Actual Status: 401 
23:32:30.721 [main] INFO com.intuit.karate -- Is Expected Status: false 
23:32:30.721 [main] INFO com.intuit.karate -- Test case #3 - Status: 401, Result: {"success":false,"statusCode":401,"message":"Thông tin ??ng nh?p không h?p l?","path":"/auth/login","timestamp":"2025-06-21T16:32:30.713Z"} 
23:32:30.721 [main] INFO com.intuit.karate -- ?ang ch?y test case #4: Login without email 
23:32:30.729 [main] INFO com.intuit.karate -- karate.env system property was: null 
23:32:30.730 [main] DEBUG com.jayway.jsonpath.internal.path.CompiledPath -- Evaluating path: $
23:32:30.731 [main] DEBUG org.apache.http.client.protocol.RequestAddCookies -- CookieSpec selected: karate
23:32:30.731 [main] DEBUG org.apache.http.client.protocol.RequestAuthCache -- Auth cache not set in the context
23:32:30.731 [main] DEBUG com.intuit.karate -- request:
1 > POST http://localhost:3000/auth/login
1 > Content-Type: application/json; charset=UTF-8
1 > Content-Length: 37
1 > Host: localhost:3000
1 > Connection: Keep-Alive
1 > User-Agent: Apache-HttpClient/4.5.14 (Java/17.0.12)
1 > Accept-Encoding: gzip,deflate
{
  "email": "",
  "password": "password123"
}


23:32:30.731 [main] DEBUG org.apache.http.impl.conn.PoolingHttpClientConnectionManager -- Connection request: [route: {}->http://localhost:3000][total available: 0; route allocated: 0 of 5; total allocated: 0 of 10]
23:32:30.731 [main] DEBUG org.apache.http.impl.conn.PoolingHttpClientConnectionManager -- Connection leased: [id: 3][route: {}->http://localhost:3000][total available: 0; route allocated: 1 of 5; total allocated: 1 of 10]
23:32:30.731 [main] DEBUG org.apache.http.impl.execchain.MainClientExec -- Opening connection {}->http://localhost:3000
23:32:30.732 [main] DEBUG org.apache.http.impl.conn.DefaultHttpClientConnectionOperator -- Connecting to localhost/127.0.0.1:3000
23:32:30.732 [main] DEBUG org.apache.http.impl.conn.DefaultHttpClientConnectionOperator -- Connection established 127.0.0.1:63373<->127.0.0.1:3000
23:32:30.732 [main] DEBUG org.apache.http.impl.conn.DefaultManagedHttpClientConnection -- http-outgoing-3: set socket timeout to 5000
23:32:30.732 [main] DEBUG org.apache.http.impl.execchain.MainClientExec -- Executing request POST /auth/login HTTP/1.1
23:32:30.732 [main] DEBUG org.apache.http.impl.execchain.MainClientExec -- Target auth state: UNCHALLENGED
23:32:30.732 [main] DEBUG org.apache.http.impl.execchain.MainClientExec -- Proxy auth state: UNCHALLENGED
23:32:30.732 [main] DEBUG org.apache.http.headers -- http-outgoing-3 >> POST /auth/login HTTP/1.1
23:32:30.732 [main] DEBUG org.apache.http.headers -- http-outgoing-3 >> Content-Type: application/json; charset=UTF-8
23:32:30.732 [main] DEBUG org.apache.http.headers -- http-outgoing-3 >> Content-Length: 37
23:32:30.732 [main] DEBUG org.apache.http.headers -- http-outgoing-3 >> Host: localhost:3000
23:32:30.732 [main] DEBUG org.apache.http.headers -- http-outgoing-3 >> Connection: Keep-Alive
23:32:30.732 [main] DEBUG org.apache.http.headers -- http-outgoing-3 >> User-Agent: Apache-HttpClient/4.5.14 (Java/17.0.12)
23:32:30.733 [main] DEBUG org.apache.http.headers -- http-outgoing-3 >> Accept-Encoding: gzip,deflate
23:32:30.733 [main] DEBUG org.apache.http.wire -- http-outgoing-3 >> "POST /auth/login HTTP/1.1[\r][\n]"
23:32:30.733 [main] DEBUG org.apache.http.wire -- http-outgoing-3 >> "Content-Type: application/json; charset=UTF-8[\r][\n]"
23:32:30.733 [main] DEBUG org.apache.http.wire -- http-outgoing-3 >> "Content-Length: 37[\r][\n]"
23:32:30.733 [main] DEBUG org.apache.http.wire -- http-outgoing-3 >> "Host: localhost:3000[\r][\n]"
23:32:30.733 [main] DEBUG org.apache.http.wire -- http-outgoing-3 >> "Connection: Keep-Alive[\r][\n]"
23:32:30.733 [main] DEBUG org.apache.http.wire -- http-outgoing-3 >> "User-Agent: Apache-HttpClient/4.5.14 (Java/17.0.12)[\r][\n]"
23:32:30.733 [main] DEBUG org.apache.http.wire -- http-outgoing-3 >> "Accept-Encoding: gzip,deflate[\r][\n]"
23:32:30.733 [main] DEBUG org.apache.http.wire -- http-outgoing-3 >> "[\r][\n]"
23:32:30.733 [main] DEBUG org.apache.http.wire -- http-outgoing-3 >> "{"email":"","password":"password123"}"
23:32:30.734 [main] DEBUG org.apache.http.wire -- http-outgoing-3 << "HTTP/1.1 400 Bad Request[\r][\n]"
23:32:30.735 [main] DEBUG org.apache.http.wire -- http-outgoing-3 << "X-Powered-By: Express[\r][\n]"
23:32:30.735 [main] DEBUG org.apache.http.wire -- http-outgoing-3 << "Access-Control-Allow-Origin: *[\r][\n]"
23:32:30.735 [main] DEBUG org.apache.http.wire -- http-outgoing-3 << "Content-Type: application/json; charset=utf-8[\r][\n]"
23:32:30.735 [main] DEBUG org.apache.http.wire -- http-outgoing-3 << "Content-Length: 136[\r][\n]"
23:32:30.735 [main] DEBUG org.apache.http.wire -- http-outgoing-3 << "ETag: W/"88-Vik1EFw4t97FIz7gsE4FGEpX+uk"[\r][\n]"
23:32:30.735 [main] DEBUG org.apache.http.wire -- http-outgoing-3 << "Date: Sat, 21 Jun 2025 16:32:30 GMT[\r][\n]"
23:32:30.735 [main] DEBUG org.apache.http.wire -- http-outgoing-3 << "Connection: keep-alive[\r][\n]"
23:32:30.735 [main] DEBUG org.apache.http.wire -- http-outgoing-3 << "Keep-Alive: timeout=5[\r][\n]"
23:32:30.735 [main] DEBUG org.apache.http.wire -- http-outgoing-3 << "[\r][\n]"
23:32:30.735 [main] DEBUG org.apache.http.wire -- http-outgoing-3 << "{"success":false,"statusCode":400,"message":"D[0xe1][0xbb][0xaf] li[0xe1][0xbb][0x87]u kh[0xc3][0xb4]ng h[0xe1][0xbb][0xa3]p l[0xe1][0xbb][0x87]","path":"/auth/login","timestamp":"2025-06-21T16:32:30.734Z"}"
23:32:30.735 [main] DEBUG org.apache.http.headers -- http-outgoing-3 << HTTP/1.1 400 Bad Request
23:32:30.735 [main] DEBUG org.apache.http.headers -- http-outgoing-3 << X-Powered-By: Express
23:32:30.735 [main] DEBUG org.apache.http.headers -- http-outgoing-3 << Access-Control-Allow-Origin: *
23:32:30.735 [main] DEBUG org.apache.http.headers -- http-outgoing-3 << Content-Type: application/json; charset=utf-8
23:32:30.735 [main] DEBUG org.apache.http.headers -- http-outgoing-3 << Content-Length: 136
23:32:30.735 [main] DEBUG org.apache.http.headers -- http-outgoing-3 << ETag: W/"88-Vik1EFw4t97FIz7gsE4FGEpX+uk"
23:32:30.735 [main] DEBUG org.apache.http.headers -- http-outgoing-3 << Date: Sat, 21 Jun 2025 16:32:30 GMT
23:32:30.735 [main] DEBUG org.apache.http.headers -- http-outgoing-3 << Connection: keep-alive
23:32:30.735 [main] DEBUG org.apache.http.headers -- http-outgoing-3 << Keep-Alive: timeout=5
23:32:30.735 [main] DEBUG org.apache.http.impl.execchain.MainClientExec -- Connection can be kept alive for 5000 MILLISECONDS
23:32:30.735 [main] DEBUG org.apache.http.impl.conn.PoolingHttpClientConnectionManager -- Connection [id: 3][route: {}->http://localhost:3000] can be kept alive for 5.0 seconds
23:32:30.735 [main] DEBUG org.apache.http.impl.conn.DefaultManagedHttpClientConnection -- http-outgoing-3: set socket timeout to 0
23:32:30.735 [main] DEBUG org.apache.http.impl.conn.PoolingHttpClientConnectionManager -- Connection released: [id: 3][route: {}->http://localhost:3000][total available: 1; route allocated: 1 of 5; total allocated: 1 of 10]
23:32:30.735 [main] DEBUG org.apache.http.impl.conn.PoolingHttpClientConnectionManager -- Connection manager is shutting down
23:32:30.735 [main] DEBUG org.apache.http.impl.conn.DefaultManagedHttpClientConnection -- http-outgoing-3: Close connection
23:32:30.736 [main] DEBUG org.apache.http.impl.conn.PoolingHttpClientConnectionManager -- Connection manager shut down
23:32:30.736 [main] DEBUG com.intuit.karate -- response time in milliseconds: 4
1 < 400
1 < X-Powered-By: Express
1 < Access-Control-Allow-Origin: *
1 < Content-Type: application/json; charset=utf-8
1 < Content-Length: 136
1 < ETag: W/"88-Vik1EFw4t97FIz7gsE4FGEpX+uk"
1 < Date: Sat, 21 Jun 2025 16:32:30 GMT
1 < Connection: keep-alive
1 < Keep-Alive: timeout=5
{
  "success": false,
  "statusCode": 400,
  "message": "D? li?u không h?p l?",
  "path": "/auth/login",
  "timestamp": "2025-06-21T16:32:30.734Z"
}


23:32:30.737 [main] INFO com.intuit.karate -- [print] Calling login API v?i email:  password: password123 
23:32:30.737 [main] INFO com.intuit.karate -- [print] Response status: 400 body: {
  "success": false,
  "statusCode": 400,
  "message": "D? li?u không h?p l?",
  "path": "/auth/login",
  "timestamp": "2025-06-21T16:32:30.734Z"
}
 
23:32:30.738 [main] INFO com.intuit.karate -- Test Case Data: {
  "email": "",
  "password": "password123",
  "expectedStatus": 400.0,
  "expectedResult": "Missing email or username",
  "testDescription": "Login without email",
  "responseStatus": "",
  "result": ""
}
 
23:32:30.738 [main] INFO com.intuit.karate -- Expected Status: 400.0 
23:32:30.738 [main] INFO com.intuit.karate -- Expected Result: Missing email or username 
23:32:30.738 [main] INFO com.intuit.karate -- Actual Status: 400 
23:32:30.739 [main] INFO com.intuit.karate -- Is Expected Status: true 
23:32:30.739 [main] INFO com.intuit.karate -- Test case #4 - Status: 400, Result: {"success":false,"statusCode":400,"message":"D? li?u không h?p l?","path":"/auth/login","timestamp":"2025-06-21T16:32:30.734Z"} 
23:32:30.739 [main] INFO com.intuit.karate -- ?ang ch?y test case #5: Login with wrong password 
23:32:30.745 [main] INFO com.intuit.karate -- karate.env system property was: null 
23:32:30.747 [main] DEBUG com.jayway.jsonpath.internal.path.CompiledPath -- Evaluating path: $
23:32:30.748 [main] DEBUG org.apache.http.client.protocol.RequestAddCookies -- CookieSpec selected: karate
23:32:30.748 [main] DEBUG org.apache.http.client.protocol.RequestAuthCache -- Auth cache not set in the context
23:32:30.748 [main] DEBUG com.intuit.karate -- request:
1 > POST http://localhost:3000/auth/login
1 > Content-Type: application/json; charset=UTF-8
1 > Content-Length: 52
1 > Host: localhost:3000
1 > Connection: Keep-Alive
1 > User-Agent: Apache-HttpClient/4.5.14 (Java/17.0.12)
1 > Accept-Encoding: gzip,deflate
{
  "email": "nam@gmail.com",
  "password": "wrongpassword"
}


23:32:30.748 [main] DEBUG org.apache.http.impl.conn.PoolingHttpClientConnectionManager -- Connection request: [route: {}->http://localhost:3000][total available: 0; route allocated: 0 of 5; total allocated: 0 of 10]
23:32:30.748 [main] DEBUG org.apache.http.impl.conn.PoolingHttpClientConnectionManager -- Connection leased: [id: 4][route: {}->http://localhost:3000][total available: 0; route allocated: 1 of 5; total allocated: 1 of 10]
23:32:30.748 [main] DEBUG org.apache.http.impl.execchain.MainClientExec -- Opening connection {}->http://localhost:3000
23:32:30.748 [main] DEBUG org.apache.http.impl.conn.DefaultHttpClientConnectionOperator -- Connecting to localhost/127.0.0.1:3000
23:32:30.749 [main] DEBUG org.apache.http.impl.conn.DefaultHttpClientConnectionOperator -- Connection established 127.0.0.1:63374<->127.0.0.1:3000
23:32:30.749 [main] DEBUG org.apache.http.impl.conn.DefaultManagedHttpClientConnection -- http-outgoing-4: set socket timeout to 5000
23:32:30.749 [main] DEBUG org.apache.http.impl.execchain.MainClientExec -- Executing request POST /auth/login HTTP/1.1
23:32:30.749 [main] DEBUG org.apache.http.impl.execchain.MainClientExec -- Target auth state: UNCHALLENGED
23:32:30.749 [main] DEBUG org.apache.http.impl.execchain.MainClientExec -- Proxy auth state: UNCHALLENGED
23:32:30.749 [main] DEBUG org.apache.http.headers -- http-outgoing-4 >> POST /auth/login HTTP/1.1
23:32:30.749 [main] DEBUG org.apache.http.headers -- http-outgoing-4 >> Content-Type: application/json; charset=UTF-8
23:32:30.749 [main] DEBUG org.apache.http.headers -- http-outgoing-4 >> Content-Length: 52
23:32:30.749 [main] DEBUG org.apache.http.headers -- http-outgoing-4 >> Host: localhost:3000
23:32:30.749 [main] DEBUG org.apache.http.headers -- http-outgoing-4 >> Connection: Keep-Alive
23:32:30.749 [main] DEBUG org.apache.http.headers -- http-outgoing-4 >> User-Agent: Apache-HttpClient/4.5.14 (Java/17.0.12)
23:32:30.749 [main] DEBUG org.apache.http.headers -- http-outgoing-4 >> Accept-Encoding: gzip,deflate
23:32:30.749 [main] DEBUG org.apache.http.wire -- http-outgoing-4 >> "POST /auth/login HTTP/1.1[\r][\n]"
23:32:30.749 [main] DEBUG org.apache.http.wire -- http-outgoing-4 >> "Content-Type: application/json; charset=UTF-8[\r][\n]"
23:32:30.749 [main] DEBUG org.apache.http.wire -- http-outgoing-4 >> "Content-Length: 52[\r][\n]"
23:32:30.749 [main] DEBUG org.apache.http.wire -- http-outgoing-4 >> "Host: localhost:3000[\r][\n]"
23:32:30.749 [main] DEBUG org.apache.http.wire -- http-outgoing-4 >> "Connection: Keep-Alive[\r][\n]"
23:32:30.749 [main] DEBUG org.apache.http.wire -- http-outgoing-4 >> "User-Agent: Apache-HttpClient/4.5.14 (Java/17.0.12)[\r][\n]"
23:32:30.749 [main] DEBUG org.apache.http.wire -- http-outgoing-4 >> "Accept-Encoding: gzip,deflate[\r][\n]"
23:32:30.749 [main] DEBUG org.apache.http.wire -- http-outgoing-4 >> "[\r][\n]"
23:32:30.749 [main] DEBUG org.apache.http.wire -- http-outgoing-4 >> "{"email":"nam@gmail.com","password":"wrongpassword"}"
23:32:30.833 [main] DEBUG org.apache.http.wire -- http-outgoing-4 << "HTTP/1.1 401 Unauthorized[\r][\n]"
23:32:30.833 [main] DEBUG org.apache.http.wire -- http-outgoing-4 << "X-Powered-By: Express[\r][\n]"
23:32:30.833 [main] DEBUG org.apache.http.wire -- http-outgoing-4 << "Access-Control-Allow-Origin: *[\r][\n]"
23:32:30.833 [main] DEBUG org.apache.http.wire -- http-outgoing-4 << "Content-Type: application/json; charset=utf-8[\r][\n]"
23:32:30.833 [main] DEBUG org.apache.http.wire -- http-outgoing-4 << "Content-Length: 149[\r][\n]"
23:32:30.833 [main] DEBUG org.apache.http.wire -- http-outgoing-4 << "ETag: W/"95-Xxr2TNhYMTJZxQnt7FNt6e223TY"[\r][\n]"
23:32:30.833 [main] DEBUG org.apache.http.wire -- http-outgoing-4 << "Date: Sat, 21 Jun 2025 16:32:30 GMT[\r][\n]"
23:32:30.833 [main] DEBUG org.apache.http.wire -- http-outgoing-4 << "Connection: keep-alive[\r][\n]"
23:32:30.833 [main] DEBUG org.apache.http.wire -- http-outgoing-4 << "Keep-Alive: timeout=5[\r][\n]"
23:32:30.833 [main] DEBUG org.apache.http.wire -- http-outgoing-4 << "[\r][\n]"
23:32:30.833 [main] DEBUG org.apache.http.wire -- http-outgoing-4 << "{"success":false,"statusCode":401,"message":"Th[0xc3][0xb4]ng tin [0xc4][0x91][0xc4][0x83]ng nh[0xe1][0xba][0xad]p kh[0xc3][0xb4]ng h[0xe1][0xbb][0xa3]p l[0xe1][0xbb][0x87]","path":"/auth/login","timestamp":"2025-06-21T16:32:30.833Z"}"
23:32:30.833 [main] DEBUG org.apache.http.headers -- http-outgoing-4 << HTTP/1.1 401 Unauthorized
23:32:30.833 [main] DEBUG org.apache.http.headers -- http-outgoing-4 << X-Powered-By: Express
23:32:30.833 [main] DEBUG org.apache.http.headers -- http-outgoing-4 << Access-Control-Allow-Origin: *
23:32:30.833 [main] DEBUG org.apache.http.headers -- http-outgoing-4 << Content-Type: application/json; charset=utf-8
23:32:30.833 [main] DEBUG org.apache.http.headers -- http-outgoing-4 << Content-Length: 149
23:32:30.833 [main] DEBUG org.apache.http.headers -- http-outgoing-4 << ETag: W/"95-Xxr2TNhYMTJZxQnt7FNt6e223TY"
23:32:30.833 [main] DEBUG org.apache.http.headers -- http-outgoing-4 << Date: Sat, 21 Jun 2025 16:32:30 GMT
23:32:30.833 [main] DEBUG org.apache.http.headers -- http-outgoing-4 << Connection: keep-alive
23:32:30.833 [main] DEBUG org.apache.http.headers -- http-outgoing-4 << Keep-Alive: timeout=5
23:32:30.833 [main] DEBUG org.apache.http.impl.execchain.MainClientExec -- Connection can be kept alive for 5000 MILLISECONDS
23:32:30.833 [main] DEBUG org.apache.http.impl.auth.HttpAuthenticator -- Authentication required
23:32:30.834 [main] DEBUG org.apache.http.impl.auth.HttpAuthenticator -- localhost:3000 requested authentication
23:32:30.834 [main] DEBUG org.apache.http.impl.auth.HttpAuthenticator -- Response contains no authentication challenges
23:32:30.834 [main] DEBUG org.apache.http.impl.conn.PoolingHttpClientConnectionManager -- Connection [id: 4][route: {}->http://localhost:3000] can be kept alive for 5.0 seconds
23:32:30.834 [main] DEBUG org.apache.http.impl.conn.DefaultManagedHttpClientConnection -- http-outgoing-4: set socket timeout to 0
23:32:30.834 [main] DEBUG org.apache.http.impl.conn.PoolingHttpClientConnectionManager -- Connection released: [id: 4][route: {}->http://localhost:3000][total available: 1; route allocated: 1 of 5; total allocated: 1 of 10]
23:32:30.834 [main] DEBUG org.apache.http.impl.conn.PoolingHttpClientConnectionManager -- Connection manager is shutting down
23:32:30.834 [main] DEBUG org.apache.http.impl.conn.DefaultManagedHttpClientConnection -- http-outgoing-4: Close connection
23:32:30.834 [main] DEBUG org.apache.http.impl.conn.PoolingHttpClientConnectionManager -- Connection manager shut down
23:32:30.834 [main] DEBUG com.intuit.karate -- response time in milliseconds: 86
1 < 401
1 < X-Powered-By: Express
1 < Access-Control-Allow-Origin: *
1 < Content-Type: application/json; charset=utf-8
1 < Content-Length: 149
1 < ETag: W/"95-Xxr2TNhYMTJZxQnt7FNt6e223TY"
1 < Date: Sat, 21 Jun 2025 16:32:30 GMT
1 < Connection: keep-alive
1 < Keep-Alive: timeout=5
{
  "success": false,
  "statusCode": 401,
  "message": "Thông tin ??ng nh?p không h?p l?",
  "path": "/auth/login",
  "timestamp": "2025-06-21T16:32:30.833Z"
}


23:32:30.835 [main] INFO com.intuit.karate -- [print] Calling login API v?i email: nam@gmail.com password: wrongpassword 
23:32:30.836 [main] INFO com.intuit.karate -- [print] Response status: 401 body: {
  "success": false,
  "statusCode": 401,
  "message": "Thông tin ??ng nh?p không h?p l?",
  "path": "/auth/login",
  "timestamp": "2025-06-21T16:32:30.833Z"
}
 
23:32:30.837 [main] INFO com.intuit.karate -- STATUS MISMATCH - Expected: 400, Actual: 401 
23:32:30.837 [main] INFO com.intuit.karate -- Test Case Data: {
  "email": "nam@gmail.com",
  "password": "wrongpassword",
  "expectedStatus": 400.0,
  "expectedResult": "user not found",
  "testDescription": "Login with wrong password",
  "responseStatus": "",
  "result": ""
}
 
23:32:30.837 [main] INFO com.intuit.karate -- Expected Status: 400.0 
23:32:30.837 [main] INFO com.intuit.karate -- Expected Result: user not found 
23:32:30.837 [main] INFO com.intuit.karate -- Actual Status: 401 
23:32:30.838 [main] INFO com.intuit.karate -- Is Expected Status: false 
23:32:30.838 [main] INFO com.intuit.karate -- Test case #5 - Status: 401, Result: {"success":false,"statusCode":401,"message":"Thông tin ??ng nh?p không h?p l?","path":"/auth/login","timestamp":"2025-06-21T16:32:30.833Z"} 
23:32:30.838 [main] INFO com.intuit.karate -- ?ang ch?y test case #6: TC: Email không h?p l? - thi?u domain 
23:32:30.844 [main] INFO com.intuit.karate -- karate.env system property was: null 
23:32:30.845 [main] DEBUG com.jayway.jsonpath.internal.path.CompiledPath -- Evaluating path: $
23:32:30.846 [main] DEBUG org.apache.http.client.protocol.RequestAddCookies -- CookieSpec selected: karate
23:32:30.846 [main] DEBUG org.apache.http.client.protocol.RequestAuthCache -- Auth cache not set in the context
23:32:30.846 [main] DEBUG com.intuit.karate -- request:
1 > POST http://localhost:3000/auth/login
1 > Content-Type: application/json; charset=UTF-8
1 > Content-Length: 42
1 > Host: localhost:3000
1 > Connection: Keep-Alive
1 > User-Agent: Apache-HttpClient/4.5.14 (Java/17.0.12)
1 > Accept-Encoding: gzip,deflate
{
  "email": "user@",
  "password": "password123"
}


23:32:30.846 [main] DEBUG org.apache.http.impl.conn.PoolingHttpClientConnectionManager -- Connection request: [route: {}->http://localhost:3000][total available: 0; route allocated: 0 of 5; total allocated: 0 of 10]
23:32:30.847 [main] DEBUG org.apache.http.impl.conn.PoolingHttpClientConnectionManager -- Connection leased: [id: 5][route: {}->http://localhost:3000][total available: 0; route allocated: 1 of 5; total allocated: 1 of 10]
23:32:30.847 [main] DEBUG org.apache.http.impl.execchain.MainClientExec -- Opening connection {}->http://localhost:3000
23:32:30.847 [main] DEBUG org.apache.http.impl.conn.DefaultHttpClientConnectionOperator -- Connecting to localhost/127.0.0.1:3000
23:32:30.847 [main] DEBUG org.apache.http.impl.conn.DefaultHttpClientConnectionOperator -- Connection established 127.0.0.1:63375<->127.0.0.1:3000
23:32:30.847 [main] DEBUG org.apache.http.impl.conn.DefaultManagedHttpClientConnection -- http-outgoing-5: set socket timeout to 5000
23:32:30.847 [main] DEBUG org.apache.http.impl.execchain.MainClientExec -- Executing request POST /auth/login HTTP/1.1
23:32:30.847 [main] DEBUG org.apache.http.impl.execchain.MainClientExec -- Target auth state: UNCHALLENGED
23:32:30.847 [main] DEBUG org.apache.http.impl.execchain.MainClientExec -- Proxy auth state: UNCHALLENGED
23:32:30.848 [main] DEBUG org.apache.http.headers -- http-outgoing-5 >> POST /auth/login HTTP/1.1
23:32:30.848 [main] DEBUG org.apache.http.headers -- http-outgoing-5 >> Content-Type: application/json; charset=UTF-8
23:32:30.848 [main] DEBUG org.apache.http.headers -- http-outgoing-5 >> Content-Length: 42
23:32:30.848 [main] DEBUG org.apache.http.headers -- http-outgoing-5 >> Host: localhost:3000
23:32:30.848 [main] DEBUG org.apache.http.headers -- http-outgoing-5 >> Connection: Keep-Alive
23:32:30.848 [main] DEBUG org.apache.http.headers -- http-outgoing-5 >> User-Agent: Apache-HttpClient/4.5.14 (Java/17.0.12)
23:32:30.848 [main] DEBUG org.apache.http.headers -- http-outgoing-5 >> Accept-Encoding: gzip,deflate
23:32:30.848 [main] DEBUG org.apache.http.wire -- http-outgoing-5 >> "POST /auth/login HTTP/1.1[\r][\n]"
23:32:30.848 [main] DEBUG org.apache.http.wire -- http-outgoing-5 >> "Content-Type: application/json; charset=UTF-8[\r][\n]"
23:32:30.848 [main] DEBUG org.apache.http.wire -- http-outgoing-5 >> "Content-Length: 42[\r][\n]"
23:32:30.848 [main] DEBUG org.apache.http.wire -- http-outgoing-5 >> "Host: localhost:3000[\r][\n]"
23:32:30.848 [main] DEBUG org.apache.http.wire -- http-outgoing-5 >> "Connection: Keep-Alive[\r][\n]"
23:32:30.848 [main] DEBUG org.apache.http.wire -- http-outgoing-5 >> "User-Agent: Apache-HttpClient/4.5.14 (Java/17.0.12)[\r][\n]"
23:32:30.848 [main] DEBUG org.apache.http.wire -- http-outgoing-5 >> "Accept-Encoding: gzip,deflate[\r][\n]"
23:32:30.848 [main] DEBUG org.apache.http.wire -- http-outgoing-5 >> "[\r][\n]"
23:32:30.848 [main] DEBUG org.apache.http.wire -- http-outgoing-5 >> "{"email":"user@","password":"password123"}"
23:32:30.850 [main] DEBUG org.apache.http.wire -- http-outgoing-5 << "HTTP/1.1 400 Bad Request[\r][\n]"
23:32:30.850 [main] DEBUG org.apache.http.wire -- http-outgoing-5 << "X-Powered-By: Express[\r][\n]"
23:32:30.850 [main] DEBUG org.apache.http.wire -- http-outgoing-5 << "Access-Control-Allow-Origin: *[\r][\n]"
23:32:30.850 [main] DEBUG org.apache.http.wire -- http-outgoing-5 << "Content-Type: application/json; charset=utf-8[\r][\n]"
23:32:30.850 [main] DEBUG org.apache.http.wire -- http-outgoing-5 << "Content-Length: 136[\r][\n]"
23:32:30.850 [main] DEBUG org.apache.http.wire -- http-outgoing-5 << "ETag: W/"88-DAnr4XRHHiNTALm4PwK0W1wNmgs"[\r][\n]"
23:32:30.850 [main] DEBUG org.apache.http.wire -- http-outgoing-5 << "Date: Sat, 21 Jun 2025 16:32:30 GMT[\r][\n]"
23:32:30.850 [main] DEBUG org.apache.http.wire -- http-outgoing-5 << "Connection: keep-alive[\r][\n]"
23:32:30.850 [main] DEBUG org.apache.http.wire -- http-outgoing-5 << "Keep-Alive: timeout=5[\r][\n]"
23:32:30.850 [main] DEBUG org.apache.http.wire -- http-outgoing-5 << "[\r][\n]"
23:32:30.850 [main] DEBUG org.apache.http.wire -- http-outgoing-5 << "{"success":false,"statusCode":400,"message":"D[0xe1][0xbb][0xaf] li[0xe1][0xbb][0x87]u kh[0xc3][0xb4]ng h[0xe1][0xbb][0xa3]p l[0xe1][0xbb][0x87]","path":"/auth/login","timestamp":"2025-06-21T16:32:30.850Z"}"
23:32:30.850 [main] DEBUG org.apache.http.headers -- http-outgoing-5 << HTTP/1.1 400 Bad Request
23:32:30.850 [main] DEBUG org.apache.http.headers -- http-outgoing-5 << X-Powered-By: Express
23:32:30.850 [main] DEBUG org.apache.http.headers -- http-outgoing-5 << Access-Control-Allow-Origin: *
23:32:30.850 [main] DEBUG org.apache.http.headers -- http-outgoing-5 << Content-Type: application/json; charset=utf-8
23:32:30.850 [main] DEBUG org.apache.http.headers -- http-outgoing-5 << Content-Length: 136
23:32:30.850 [main] DEBUG org.apache.http.headers -- http-outgoing-5 << ETag: W/"88-DAnr4XRHHiNTALm4PwK0W1wNmgs"
23:32:30.850 [main] DEBUG org.apache.http.headers -- http-outgoing-5 << Date: Sat, 21 Jun 2025 16:32:30 GMT
23:32:30.850 [main] DEBUG org.apache.http.headers -- http-outgoing-5 << Connection: keep-alive
23:32:30.850 [main] DEBUG org.apache.http.headers -- http-outgoing-5 << Keep-Alive: timeout=5
23:32:30.850 [main] DEBUG org.apache.http.impl.execchain.MainClientExec -- Connection can be kept alive for 5000 MILLISECONDS
23:32:30.850 [main] DEBUG org.apache.http.impl.conn.PoolingHttpClientConnectionManager -- Connection [id: 5][route: {}->http://localhost:3000] can be kept alive for 5.0 seconds
23:32:30.850 [main] DEBUG org.apache.http.impl.conn.DefaultManagedHttpClientConnection -- http-outgoing-5: set socket timeout to 0
23:32:30.850 [main] DEBUG org.apache.http.impl.conn.PoolingHttpClientConnectionManager -- Connection released: [id: 5][route: {}->http://localhost:3000][total available: 1; route allocated: 1 of 5; total allocated: 1 of 10]
23:32:30.851 [main] DEBUG org.apache.http.impl.conn.PoolingHttpClientConnectionManager -- Connection manager is shutting down
23:32:30.851 [main] DEBUG org.apache.http.impl.conn.DefaultManagedHttpClientConnection -- http-outgoing-5: Close connection
23:32:30.851 [main] DEBUG org.apache.http.impl.conn.PoolingHttpClientConnectionManager -- Connection manager shut down
23:32:30.851 [main] DEBUG com.intuit.karate -- response time in milliseconds: 5
1 < 400
1 < X-Powered-By: Express
1 < Access-Control-Allow-Origin: *
1 < Content-Type: application/json; charset=utf-8
1 < Content-Length: 136
1 < ETag: W/"88-DAnr4XRHHiNTALm4PwK0W1wNmgs"
1 < Date: Sat, 21 Jun 2025 16:32:30 GMT
1 < Connection: keep-alive
1 < Keep-Alive: timeout=5
{
  "success": false,
  "statusCode": 400,
  "message": "D? li?u không h?p l?",
  "path": "/auth/login",
  "timestamp": "2025-06-21T16:32:30.850Z"
}


23:32:30.853 [main] INFO com.intuit.karate -- [print] Calling login API v?i email: user@ password: password123 
23:32:30.854 [main] INFO com.intuit.karate -- [print] Response status: 400 body: {
  "success": false,
  "statusCode": 400,
  "message": "D? li?u không h?p l?",
  "path": "/auth/login",
  "timestamp": "2025-06-21T16:32:30.850Z"
}
 
23:32:30.855 [main] INFO com.intuit.karate -- Test Case Data: {
  "email": "user@",
  "password": "password123",
  "expectedStatus": 400.0,
  "expectedResult": "Invalid email format",
  "testDescription": "TC: Email không h?p l? - thi?u domain",
  "responseStatus": "",
  "result": ""
}
 
23:32:30.855 [main] INFO com.intuit.karate -- Expected Status: 400.0 
23:32:30.857 [main] INFO com.intuit.karate -- Expected Result: Invalid email format 
23:32:30.857 [main] INFO com.intuit.karate -- Actual Status: 400 
23:32:30.857 [main] INFO com.intuit.karate -- Is Expected Status: true 
23:32:30.857 [main] INFO com.intuit.karate -- Test case #6 - Status: 400, Result: {"success":false,"statusCode":400,"message":"D? li?u không h?p l?","path":"/auth/login","timestamp":"2025-06-21T16:32:30.850Z"} 
23:32:30.858 [main] INFO com.intuit.karate -- ?ang ch?y test case #7: TC: Email không h?p l? - thi?u ký t? @ 
23:32:30.868 [main] INFO com.intuit.karate -- karate.env system property was: null 
23:32:30.871 [main] DEBUG com.jayway.jsonpath.internal.path.CompiledPath -- Evaluating path: $
23:32:30.873 [main] DEBUG org.apache.http.client.protocol.RequestAddCookies -- CookieSpec selected: karate
23:32:30.873 [main] DEBUG org.apache.http.client.protocol.RequestAuthCache -- Auth cache not set in the context
23:32:30.874 [main] DEBUG com.intuit.karate -- request:
1 > POST http://localhost:3000/auth/login
1 > Content-Type: application/json; charset=UTF-8
1 > Content-Length: 53
1 > Host: localhost:3000
1 > Connection: Keep-Alive
1 > User-Agent: Apache-HttpClient/4.5.14 (Java/17.0.12)
1 > Accept-Encoding: gzip,deflate
{
  "email": "user.example.com",
  "password": "password123"
}


23:32:30.874 [main] DEBUG org.apache.http.impl.conn.PoolingHttpClientConnectionManager -- Connection request: [route: {}->http://localhost:3000][total available: 0; route allocated: 0 of 5; total allocated: 0 of 10]
23:32:30.874 [main] DEBUG org.apache.http.impl.conn.PoolingHttpClientConnectionManager -- Connection leased: [id: 6][route: {}->http://localhost:3000][total available: 0; route allocated: 1 of 5; total allocated: 1 of 10]
23:32:30.875 [main] DEBUG org.apache.http.impl.execchain.MainClientExec -- Opening connection {}->http://localhost:3000
23:32:30.875 [main] DEBUG org.apache.http.impl.conn.DefaultHttpClientConnectionOperator -- Connecting to localhost/127.0.0.1:3000
23:32:30.875 [main] DEBUG org.apache.http.impl.conn.DefaultHttpClientConnectionOperator -- Connection established 127.0.0.1:63376<->127.0.0.1:3000
23:32:30.877 [main] DEBUG org.apache.http.impl.conn.DefaultManagedHttpClientConnection -- http-outgoing-6: set socket timeout to 5000
23:32:30.877 [main] DEBUG org.apache.http.impl.execchain.MainClientExec -- Executing request POST /auth/login HTTP/1.1
23:32:30.877 [main] DEBUG org.apache.http.impl.execchain.MainClientExec -- Target auth state: UNCHALLENGED
23:32:30.877 [main] DEBUG org.apache.http.impl.execchain.MainClientExec -- Proxy auth state: UNCHALLENGED
23:32:30.877 [main] DEBUG org.apache.http.headers -- http-outgoing-6 >> POST /auth/login HTTP/1.1
23:32:30.877 [main] DEBUG org.apache.http.headers -- http-outgoing-6 >> Content-Type: application/json; charset=UTF-8
23:32:30.877 [main] DEBUG org.apache.http.headers -- http-outgoing-6 >> Content-Length: 53
23:32:30.877 [main] DEBUG org.apache.http.headers -- http-outgoing-6 >> Host: localhost:3000
23:32:30.877 [main] DEBUG org.apache.http.headers -- http-outgoing-6 >> Connection: Keep-Alive
23:32:30.877 [main] DEBUG org.apache.http.headers -- http-outgoing-6 >> User-Agent: Apache-HttpClient/4.5.14 (Java/17.0.12)
23:32:30.877 [main] DEBUG org.apache.http.headers -- http-outgoing-6 >> Accept-Encoding: gzip,deflate
23:32:30.877 [main] DEBUG org.apache.http.wire -- http-outgoing-6 >> "POST /auth/login HTTP/1.1[\r][\n]"
23:32:30.877 [main] DEBUG org.apache.http.wire -- http-outgoing-6 >> "Content-Type: application/json; charset=UTF-8[\r][\n]"
23:32:30.877 [main] DEBUG org.apache.http.wire -- http-outgoing-6 >> "Content-Length: 53[\r][\n]"
23:32:30.877 [main] DEBUG org.apache.http.wire -- http-outgoing-6 >> "Host: localhost:3000[\r][\n]"
23:32:30.877 [main] DEBUG org.apache.http.wire -- http-outgoing-6 >> "Connection: Keep-Alive[\r][\n]"
23:32:30.877 [main] DEBUG org.apache.http.wire -- http-outgoing-6 >> "User-Agent: Apache-HttpClient/4.5.14 (Java/17.0.12)[\r][\n]"
23:32:30.877 [main] DEBUG org.apache.http.wire -- http-outgoing-6 >> "Accept-Encoding: gzip,deflate[\r][\n]"
23:32:30.877 [main] DEBUG org.apache.http.wire -- http-outgoing-6 >> "[\r][\n]"
23:32:30.877 [main] DEBUG org.apache.http.wire -- http-outgoing-6 >> "{"email":"user.example.com","password":"password123"}"
23:32:30.881 [main] DEBUG org.apache.http.wire -- http-outgoing-6 << "HTTP/1.1 400 Bad Request[\r][\n]"
23:32:30.881 [main] DEBUG org.apache.http.wire -- http-outgoing-6 << "X-Powered-By: Express[\r][\n]"
23:32:30.881 [main] DEBUG org.apache.http.wire -- http-outgoing-6 << "Access-Control-Allow-Origin: *[\r][\n]"
23:32:30.881 [main] DEBUG org.apache.http.wire -- http-outgoing-6 << "Content-Type: application/json; charset=utf-8[\r][\n]"
23:32:30.881 [main] DEBUG org.apache.http.wire -- http-outgoing-6 << "Content-Length: 136[\r][\n]"
23:32:30.881 [main] DEBUG org.apache.http.wire -- http-outgoing-6 << "ETag: W/"88-jZ/RJXGbFqt073YX1uQMvVPzyI4"[\r][\n]"
23:32:30.881 [main] DEBUG org.apache.http.wire -- http-outgoing-6 << "Date: Sat, 21 Jun 2025 16:32:30 GMT[\r][\n]"
23:32:30.881 [main] DEBUG org.apache.http.wire -- http-outgoing-6 << "Connection: keep-alive[\r][\n]"
23:32:30.881 [main] DEBUG org.apache.http.wire -- http-outgoing-6 << "Keep-Alive: timeout=5[\r][\n]"
23:32:30.881 [main] DEBUG org.apache.http.wire -- http-outgoing-6 << "[\r][\n]"
23:32:30.881 [main] DEBUG org.apache.http.wire -- http-outgoing-6 << "{"success":false,"statusCode":400,"message":"D[0xe1][0xbb][0xaf] li[0xe1][0xbb][0x87]u kh[0xc3][0xb4]ng h[0xe1][0xbb][0xa3]p l[0xe1][0xbb][0x87]","path":"/auth/login","timestamp":"2025-06-21T16:32:30.880Z"}"
23:32:30.881 [main] DEBUG org.apache.http.headers -- http-outgoing-6 << HTTP/1.1 400 Bad Request
23:32:30.881 [main] DEBUG org.apache.http.headers -- http-outgoing-6 << X-Powered-By: Express
23:32:30.881 [main] DEBUG org.apache.http.headers -- http-outgoing-6 << Access-Control-Allow-Origin: *
23:32:30.881 [main] DEBUG org.apache.http.headers -- http-outgoing-6 << Content-Type: application/json; charset=utf-8
23:32:30.881 [main] DEBUG org.apache.http.headers -- http-outgoing-6 << Content-Length: 136
23:32:30.881 [main] DEBUG org.apache.http.headers -- http-outgoing-6 << ETag: W/"88-jZ/RJXGbFqt073YX1uQMvVPzyI4"
23:32:30.881 [main] DEBUG org.apache.http.headers -- http-outgoing-6 << Date: Sat, 21 Jun 2025 16:32:30 GMT
23:32:30.881 [main] DEBUG org.apache.http.headers -- http-outgoing-6 << Connection: keep-alive
23:32:30.881 [main] DEBUG org.apache.http.headers -- http-outgoing-6 << Keep-Alive: timeout=5
23:32:30.881 [main] DEBUG org.apache.http.impl.execchain.MainClientExec -- Connection can be kept alive for 5000 MILLISECONDS
23:32:30.882 [main] DEBUG org.apache.http.impl.conn.PoolingHttpClientConnectionManager -- Connection [id: 6][route: {}->http://localhost:3000] can be kept alive for 5.0 seconds
23:32:30.882 [main] DEBUG org.apache.http.impl.conn.DefaultManagedHttpClientConnection -- http-outgoing-6: set socket timeout to 0
23:32:30.882 [main] DEBUG org.apache.http.impl.conn.PoolingHttpClientConnectionManager -- Connection released: [id: 6][route: {}->http://localhost:3000][total available: 1; route allocated: 1 of 5; total allocated: 1 of 10]
23:32:30.882 [main] DEBUG org.apache.http.impl.conn.PoolingHttpClientConnectionManager -- Connection manager is shutting down
23:32:30.882 [main] DEBUG org.apache.http.impl.conn.DefaultManagedHttpClientConnection -- http-outgoing-6: Close connection
23:32:30.882 [main] DEBUG org.apache.http.impl.conn.PoolingHttpClientConnectionManager -- Connection manager shut down
23:32:30.882 [main] DEBUG com.intuit.karate -- response time in milliseconds: 8
1 < 400
1 < X-Powered-By: Express
1 < Access-Control-Allow-Origin: *
1 < Content-Type: application/json; charset=utf-8
1 < Content-Length: 136
1 < ETag: W/"88-jZ/RJXGbFqt073YX1uQMvVPzyI4"
1 < Date: Sat, 21 Jun 2025 16:32:30 GMT
1 < Connection: keep-alive
1 < Keep-Alive: timeout=5
{
  "success": false,
  "statusCode": 400,
  "message": "D? li?u không h?p l?",
  "path": "/auth/login",
  "timestamp": "2025-06-21T16:32:30.880Z"
}


23:32:30.886 [main] INFO com.intuit.karate -- [print] Calling login API v?i email: user.example.com password: password123 
23:32:30.887 [main] INFO com.intuit.karate -- [print] Response status: 400 body: {
  "success": false,
  "statusCode": 400,
  "message": "D? li?u không h?p l?",
  "path": "/auth/login",
  "timestamp": "2025-06-21T16:32:30.880Z"
}
 
23:32:30.889 [main] INFO com.intuit.karate -- Test Case Data: {
  "email": "user.example.com",
  "password": "password123",
  "expectedStatus": 400.0,
  "expectedResult": "Invalid email format",
  "testDescription": "TC: Email không h?p l? - thi?u ký t? @",
  "responseStatus": "",
  "result": ""
}
 
23:32:30.889 [main] INFO com.intuit.karate -- Expected Status: 400.0 
23:32:30.890 [main] INFO com.intuit.karate -- Expected Result: Invalid email format 
23:32:30.890 [main] INFO com.intuit.karate -- Actual Status: 400 
23:32:30.890 [main] INFO com.intuit.karate -- Is Expected Status: true 
23:32:30.890 [main] INFO com.intuit.karate -- Test case #7 - Status: 400, Result: {"success":false,"statusCode":400,"message":"D? li?u không h?p l?","path":"/auth/login","timestamp":"2025-06-21T16:32:30.880Z"} 
23:32:30.891 [main] INFO com.intuit.karate -- ?ang ch?y test case #8: TC: Email không h?p l? - thi?u ph?n username 
23:32:30.899 [main] INFO com.intuit.karate -- karate.env system property was: null 
23:32:30.901 [main] DEBUG com.jayway.jsonpath.internal.path.CompiledPath -- Evaluating path: $
23:32:30.903 [main] DEBUG org.apache.http.client.protocol.RequestAddCookies -- CookieSpec selected: karate
23:32:30.903 [main] DEBUG org.apache.http.client.protocol.RequestAuthCache -- Auth cache not set in the context
23:32:30.903 [main] DEBUG com.intuit.karate -- request:
1 > POST http://localhost:3000/auth/login
1 > Content-Type: application/json; charset=UTF-8
1 > Content-Length: 49
1 > Host: localhost:3000
1 > Connection: Keep-Alive
1 > User-Agent: Apache-HttpClient/4.5.14 (Java/17.0.12)
1 > Accept-Encoding: gzip,deflate
{
  "email": "@example.com",
  "password": "password123"
}


23:32:30.903 [main] DEBUG org.apache.http.impl.conn.PoolingHttpClientConnectionManager -- Connection request: [route: {}->http://localhost:3000][total available: 0; route allocated: 0 of 5; total allocated: 0 of 10]
23:32:30.903 [main] DEBUG org.apache.http.impl.conn.PoolingHttpClientConnectionManager -- Connection leased: [id: 7][route: {}->http://localhost:3000][total available: 0; route allocated: 1 of 5; total allocated: 1 of 10]
23:32:30.903 [main] DEBUG org.apache.http.impl.execchain.MainClientExec -- Opening connection {}->http://localhost:3000
23:32:30.904 [main] DEBUG org.apache.http.impl.conn.DefaultHttpClientConnectionOperator -- Connecting to localhost/127.0.0.1:3000
23:32:30.905 [main] DEBUG org.apache.http.impl.conn.DefaultHttpClientConnectionOperator -- Connection established 127.0.0.1:63377<->127.0.0.1:3000
23:32:30.905 [main] DEBUG org.apache.http.impl.conn.DefaultManagedHttpClientConnection -- http-outgoing-7: set socket timeout to 5000
23:32:30.905 [main] DEBUG org.apache.http.impl.execchain.MainClientExec -- Executing request POST /auth/login HTTP/1.1
23:32:30.905 [main] DEBUG org.apache.http.impl.execchain.MainClientExec -- Target auth state: UNCHALLENGED
23:32:30.905 [main] DEBUG org.apache.http.impl.execchain.MainClientExec -- Proxy auth state: UNCHALLENGED
23:32:30.905 [main] DEBUG org.apache.http.headers -- http-outgoing-7 >> POST /auth/login HTTP/1.1
23:32:30.905 [main] DEBUG org.apache.http.headers -- http-outgoing-7 >> Content-Type: application/json; charset=UTF-8
23:32:30.905 [main] DEBUG org.apache.http.headers -- http-outgoing-7 >> Content-Length: 49
23:32:30.905 [main] DEBUG org.apache.http.headers -- http-outgoing-7 >> Host: localhost:3000
23:32:30.905 [main] DEBUG org.apache.http.headers -- http-outgoing-7 >> Connection: Keep-Alive
23:32:30.905 [main] DEBUG org.apache.http.headers -- http-outgoing-7 >> User-Agent: Apache-HttpClient/4.5.14 (Java/17.0.12)
23:32:30.905 [main] DEBUG org.apache.http.headers -- http-outgoing-7 >> Accept-Encoding: gzip,deflate
23:32:30.905 [main] DEBUG org.apache.http.wire -- http-outgoing-7 >> "POST /auth/login HTTP/1.1[\r][\n]"
23:32:30.905 [main] DEBUG org.apache.http.wire -- http-outgoing-7 >> "Content-Type: application/json; charset=UTF-8[\r][\n]"
23:32:30.905 [main] DEBUG org.apache.http.wire -- http-outgoing-7 >> "Content-Length: 49[\r][\n]"
23:32:30.905 [main] DEBUG org.apache.http.wire -- http-outgoing-7 >> "Host: localhost:3000[\r][\n]"
23:32:30.905 [main] DEBUG org.apache.http.wire -- http-outgoing-7 >> "Connection: Keep-Alive[\r][\n]"
23:32:30.905 [main] DEBUG org.apache.http.wire -- http-outgoing-7 >> "User-Agent: Apache-HttpClient/4.5.14 (Java/17.0.12)[\r][\n]"
23:32:30.905 [main] DEBUG org.apache.http.wire -- http-outgoing-7 >> "Accept-Encoding: gzip,deflate[\r][\n]"
23:32:30.905 [main] DEBUG org.apache.http.wire -- http-outgoing-7 >> "[\r][\n]"
23:32:30.905 [main] DEBUG org.apache.http.wire -- http-outgoing-7 >> "{"email":"@example.com","password":"password123"}"
23:32:30.907 [main] DEBUG org.apache.http.wire -- http-outgoing-7 << "HTTP/1.1 400 Bad Request[\r][\n]"
23:32:30.907 [main] DEBUG org.apache.http.wire -- http-outgoing-7 << "X-Powered-By: Express[\r][\n]"
23:32:30.907 [main] DEBUG org.apache.http.wire -- http-outgoing-7 << "Access-Control-Allow-Origin: *[\r][\n]"
23:32:30.907 [main] DEBUG org.apache.http.wire -- http-outgoing-7 << "Content-Type: application/json; charset=utf-8[\r][\n]"
23:32:30.907 [main] DEBUG org.apache.http.wire -- http-outgoing-7 << "Content-Length: 136[\r][\n]"
23:32:30.907 [main] DEBUG org.apache.http.wire -- http-outgoing-7 << "ETag: W/"88-t6eROvwCYI+BeVk4gSFROnOb7wc"[\r][\n]"
23:32:30.907 [main] DEBUG org.apache.http.wire -- http-outgoing-7 << "Date: Sat, 21 Jun 2025 16:32:30 GMT[\r][\n]"
23:32:30.907 [main] DEBUG org.apache.http.wire -- http-outgoing-7 << "Connection: keep-alive[\r][\n]"
23:32:30.907 [main] DEBUG org.apache.http.wire -- http-outgoing-7 << "Keep-Alive: timeout=5[\r][\n]"
23:32:30.907 [main] DEBUG org.apache.http.wire -- http-outgoing-7 << "[\r][\n]"
23:32:30.907 [main] DEBUG org.apache.http.wire -- http-outgoing-7 << "{"success":false,"statusCode":400,"message":"D[0xe1][0xbb][0xaf] li[0xe1][0xbb][0x87]u kh[0xc3][0xb4]ng h[0xe1][0xbb][0xa3]p l[0xe1][0xbb][0x87]","path":"/auth/login","timestamp":"2025-06-21T16:32:30.907Z"}"
23:32:30.908 [main] DEBUG org.apache.http.headers -- http-outgoing-7 << HTTP/1.1 400 Bad Request
23:32:30.908 [main] DEBUG org.apache.http.headers -- http-outgoing-7 << X-Powered-By: Express
23:32:30.908 [main] DEBUG org.apache.http.headers -- http-outgoing-7 << Access-Control-Allow-Origin: *
23:32:30.908 [main] DEBUG org.apache.http.headers -- http-outgoing-7 << Content-Type: application/json; charset=utf-8
23:32:30.908 [main] DEBUG org.apache.http.headers -- http-outgoing-7 << Content-Length: 136
23:32:30.908 [main] DEBUG org.apache.http.headers -- http-outgoing-7 << ETag: W/"88-t6eROvwCYI+BeVk4gSFROnOb7wc"
23:32:30.908 [main] DEBUG org.apache.http.headers -- http-outgoing-7 << Date: Sat, 21 Jun 2025 16:32:30 GMT
23:32:30.908 [main] DEBUG org.apache.http.headers -- http-outgoing-7 << Connection: keep-alive
23:32:30.908 [main] DEBUG org.apache.http.headers -- http-outgoing-7 << Keep-Alive: timeout=5
23:32:30.908 [main] DEBUG org.apache.http.impl.execchain.MainClientExec -- Connection can be kept alive for 5000 MILLISECONDS
23:32:30.908 [main] DEBUG org.apache.http.impl.conn.PoolingHttpClientConnectionManager -- Connection [id: 7][route: {}->http://localhost:3000] can be kept alive for 5.0 seconds
23:32:30.908 [main] DEBUG org.apache.http.impl.conn.DefaultManagedHttpClientConnection -- http-outgoing-7: set socket timeout to 0
23:32:30.908 [main] DEBUG org.apache.http.impl.conn.PoolingHttpClientConnectionManager -- Connection released: [id: 7][route: {}->http://localhost:3000][total available: 1; route allocated: 1 of 5; total allocated: 1 of 10]
23:32:30.908 [main] DEBUG org.apache.http.impl.conn.PoolingHttpClientConnectionManager -- Connection manager is shutting down
23:32:30.908 [main] DEBUG org.apache.http.impl.conn.DefaultManagedHttpClientConnection -- http-outgoing-7: Close connection
23:32:30.908 [main] DEBUG org.apache.http.impl.conn.PoolingHttpClientConnectionManager -- Connection manager shut down
23:32:30.909 [main] DEBUG com.intuit.karate -- response time in milliseconds: 5
1 < 400
1 < X-Powered-By: Express
1 < Access-Control-Allow-Origin: *
1 < Content-Type: application/json; charset=utf-8
1 < Content-Length: 136
1 < ETag: W/"88-t6eROvwCYI+BeVk4gSFROnOb7wc"
1 < Date: Sat, 21 Jun 2025 16:32:30 GMT
1 < Connection: keep-alive
1 < Keep-Alive: timeout=5
{
  "success": false,
  "statusCode": 400,
  "message": "D? li?u không h?p l?",
  "path": "/auth/login",
  "timestamp": "2025-06-21T16:32:30.907Z"
}


23:32:30.911 [main] INFO com.intuit.karate -- [print] Calling login API v?i email: @example.com password: password123 
23:32:30.913 [main] INFO com.intuit.karate -- [print] Response status: 400 body: {
  "success": false,
  "statusCode": 400,
  "message": "D? li?u không h?p l?",
  "path": "/auth/login",
  "timestamp": "2025-06-21T16:32:30.907Z"
}
 
23:32:30.914 [main] INFO com.intuit.karate -- Test Case Data: {
  "email": "@example.com",
  "password": "password123",
  "expectedStatus": 400.0,
  "expectedResult": "Invalid email format",
  "testDescription": "TC: Email không h?p l? - thi?u ph?n username",
  "responseStatus": "",
  "result": ""
}
 
23:32:30.914 [main] INFO com.intuit.karate -- Expected Status: 400.0 
23:32:30.914 [main] INFO com.intuit.karate -- Expected Result: Invalid email format 
23:32:30.914 [main] INFO com.intuit.karate -- Actual Status: 400 
23:32:30.914 [main] INFO com.intuit.karate -- Is Expected Status: true 
23:32:30.914 [main] INFO com.intuit.karate -- Test case #8 - Status: 400, Result: {"success":false,"statusCode":400,"message":"D? li?u không h?p l?","path":"/auth/login","timestamp":"2025-06-21T16:32:30.907Z"} 
23:32:30.915 [main] INFO com.intuit.karate -- ?ang ch?y test case #9: TC: Password quá ng?n 
23:32:30.922 [main] INFO com.intuit.karate -- karate.env system property was: null 
23:32:30.922 [main] DEBUG com.jayway.jsonpath.internal.path.CompiledPath -- Evaluating path: $
23:32:30.923 [main] DEBUG org.apache.http.client.protocol.RequestAddCookies -- CookieSpec selected: karate
23:32:30.924 [main] DEBUG org.apache.http.client.protocol.RequestAuthCache -- Auth cache not set in the context
23:32:30.924 [main] DEBUG com.intuit.karate -- request:
1 > POST http://localhost:3000/auth/login
1 > Content-Type: application/json; charset=UTF-8
1 > Content-Length: 41
1 > Host: localhost:3000
1 > Connection: Keep-Alive
1 > User-Agent: Apache-HttpClient/4.5.14 (Java/17.0.12)
1 > Accept-Encoding: gzip,deflate
{
  "email": "nam@gmail.com",
  "password": "12"
}


23:32:30.924 [main] DEBUG org.apache.http.impl.conn.PoolingHttpClientConnectionManager -- Connection request: [route: {}->http://localhost:3000][total available: 0; route allocated: 0 of 5; total allocated: 0 of 10]
23:32:30.924 [main] DEBUG org.apache.http.impl.conn.PoolingHttpClientConnectionManager -- Connection leased: [id: 8][route: {}->http://localhost:3000][total available: 0; route allocated: 1 of 5; total allocated: 1 of 10]
23:32:30.924 [main] DEBUG org.apache.http.impl.execchain.MainClientExec -- Opening connection {}->http://localhost:3000
23:32:30.924 [main] DEBUG org.apache.http.impl.conn.DefaultHttpClientConnectionOperator -- Connecting to localhost/127.0.0.1:3000
23:32:30.924 [main] DEBUG org.apache.http.impl.conn.DefaultHttpClientConnectionOperator -- Connection established 127.0.0.1:63378<->127.0.0.1:3000
23:32:30.924 [main] DEBUG org.apache.http.impl.conn.DefaultManagedHttpClientConnection -- http-outgoing-8: set socket timeout to 5000
23:32:30.925 [main] DEBUG org.apache.http.impl.execchain.MainClientExec -- Executing request POST /auth/login HTTP/1.1
23:32:30.925 [main] DEBUG org.apache.http.impl.execchain.MainClientExec -- Target auth state: UNCHALLENGED
23:32:30.925 [main] DEBUG org.apache.http.impl.execchain.MainClientExec -- Proxy auth state: UNCHALLENGED
23:32:30.925 [main] DEBUG org.apache.http.headers -- http-outgoing-8 >> POST /auth/login HTTP/1.1
23:32:30.925 [main] DEBUG org.apache.http.headers -- http-outgoing-8 >> Content-Type: application/json; charset=UTF-8
23:32:30.925 [main] DEBUG org.apache.http.headers -- http-outgoing-8 >> Content-Length: 41
23:32:30.925 [main] DEBUG org.apache.http.headers -- http-outgoing-8 >> Host: localhost:3000
23:32:30.925 [main] DEBUG org.apache.http.headers -- http-outgoing-8 >> Connection: Keep-Alive
23:32:30.925 [main] DEBUG org.apache.http.headers -- http-outgoing-8 >> User-Agent: Apache-HttpClient/4.5.14 (Java/17.0.12)
23:32:30.925 [main] DEBUG org.apache.http.headers -- http-outgoing-8 >> Accept-Encoding: gzip,deflate
23:32:30.925 [main] DEBUG org.apache.http.wire -- http-outgoing-8 >> "POST /auth/login HTTP/1.1[\r][\n]"
23:32:30.925 [main] DEBUG org.apache.http.wire -- http-outgoing-8 >> "Content-Type: application/json; charset=UTF-8[\r][\n]"
23:32:30.925 [main] DEBUG org.apache.http.wire -- http-outgoing-8 >> "Content-Length: 41[\r][\n]"
23:32:30.925 [main] DEBUG org.apache.http.wire -- http-outgoing-8 >> "Host: localhost:3000[\r][\n]"
23:32:30.925 [main] DEBUG org.apache.http.wire -- http-outgoing-8 >> "Connection: Keep-Alive[\r][\n]"
23:32:30.925 [main] DEBUG org.apache.http.wire -- http-outgoing-8 >> "User-Agent: Apache-HttpClient/4.5.14 (Java/17.0.12)[\r][\n]"
23:32:30.925 [main] DEBUG org.apache.http.wire -- http-outgoing-8 >> "Accept-Encoding: gzip,deflate[\r][\n]"
23:32:30.925 [main] DEBUG org.apache.http.wire -- http-outgoing-8 >> "[\r][\n]"
23:32:30.925 [main] DEBUG org.apache.http.wire -- http-outgoing-8 >> "{"email":"nam@gmail.com","password":"12"}"
23:32:31.010 [main] DEBUG org.apache.http.wire -- http-outgoing-8 << "HTTP/1.1 401 Unauthorized[\r][\n]"
23:32:31.010 [main] DEBUG org.apache.http.wire -- http-outgoing-8 << "X-Powered-By: Express[\r][\n]"
23:32:31.010 [main] DEBUG org.apache.http.wire -- http-outgoing-8 << "Access-Control-Allow-Origin: *[\r][\n]"
23:32:31.010 [main] DEBUG org.apache.http.wire -- http-outgoing-8 << "Content-Type: application/json; charset=utf-8[\r][\n]"
23:32:31.010 [main] DEBUG org.apache.http.wire -- http-outgoing-8 << "Content-Length: 149[\r][\n]"
23:32:31.010 [main] DEBUG org.apache.http.wire -- http-outgoing-8 << "ETag: W/"95-NotOmc/OYnLeWTAZkpj2MYmLYOo"[\r][\n]"
23:32:31.010 [main] DEBUG org.apache.http.wire -- http-outgoing-8 << "Date: Sat, 21 Jun 2025 16:32:30 GMT[\r][\n]"
23:32:31.010 [main] DEBUG org.apache.http.wire -- http-outgoing-8 << "Connection: keep-alive[\r][\n]"
23:32:31.010 [main] DEBUG org.apache.http.wire -- http-outgoing-8 << "Keep-Alive: timeout=5[\r][\n]"
23:32:31.010 [main] DEBUG org.apache.http.wire -- http-outgoing-8 << "[\r][\n]"
23:32:31.010 [main] DEBUG org.apache.http.wire -- http-outgoing-8 << "{"success":false,"statusCode":401,"message":"Th[0xc3][0xb4]ng tin [0xc4][0x91][0xc4][0x83]ng nh[0xe1][0xba][0xad]p kh[0xc3][0xb4]ng h[0xe1][0xbb][0xa3]p l[0xe1][0xbb][0x87]","path":"/auth/login","timestamp":"2025-06-21T16:32:31.010Z"}"
23:32:31.010 [main] DEBUG org.apache.http.headers -- http-outgoing-8 << HTTP/1.1 401 Unauthorized
23:32:31.010 [main] DEBUG org.apache.http.headers -- http-outgoing-8 << X-Powered-By: Express
23:32:31.010 [main] DEBUG org.apache.http.headers -- http-outgoing-8 << Access-Control-Allow-Origin: *
23:32:31.010 [main] DEBUG org.apache.http.headers -- http-outgoing-8 << Content-Type: application/json; charset=utf-8
23:32:31.010 [main] DEBUG org.apache.http.headers -- http-outgoing-8 << Content-Length: 149
23:32:31.010 [main] DEBUG org.apache.http.headers -- http-outgoing-8 << ETag: W/"95-NotOmc/OYnLeWTAZkpj2MYmLYOo"
23:32:31.010 [main] DEBUG org.apache.http.headers -- http-outgoing-8 << Date: Sat, 21 Jun 2025 16:32:30 GMT
23:32:31.010 [main] DEBUG org.apache.http.headers -- http-outgoing-8 << Connection: keep-alive
23:32:31.010 [main] DEBUG org.apache.http.headers -- http-outgoing-8 << Keep-Alive: timeout=5
23:32:31.010 [main] DEBUG org.apache.http.impl.execchain.MainClientExec -- Connection can be kept alive for 5000 MILLISECONDS
23:32:31.010 [main] DEBUG org.apache.http.impl.auth.HttpAuthenticator -- Authentication required
23:32:31.010 [main] DEBUG org.apache.http.impl.auth.HttpAuthenticator -- localhost:3000 requested authentication
23:32:31.010 [main] DEBUG org.apache.http.impl.auth.HttpAuthenticator -- Response contains no authentication challenges
23:32:31.010 [main] DEBUG org.apache.http.impl.conn.PoolingHttpClientConnectionManager -- Connection [id: 8][route: {}->http://localhost:3000] can be kept alive for 5.0 seconds
23:32:31.010 [main] DEBUG org.apache.http.impl.conn.DefaultManagedHttpClientConnection -- http-outgoing-8: set socket timeout to 0
23:32:31.010 [main] DEBUG org.apache.http.impl.conn.PoolingHttpClientConnectionManager -- Connection released: [id: 8][route: {}->http://localhost:3000][total available: 1; route allocated: 1 of 5; total allocated: 1 of 10]
23:32:31.010 [main] DEBUG org.apache.http.impl.conn.PoolingHttpClientConnectionManager -- Connection manager is shutting down
23:32:31.010 [main] DEBUG org.apache.http.impl.conn.DefaultManagedHttpClientConnection -- http-outgoing-8: Close connection
23:32:31.011 [main] DEBUG org.apache.http.impl.conn.PoolingHttpClientConnectionManager -- Connection manager shut down
23:32:31.011 [main] DEBUG com.intuit.karate -- response time in milliseconds: 86
1 < 401
1 < X-Powered-By: Express
1 < Access-Control-Allow-Origin: *
1 < Content-Type: application/json; charset=utf-8
1 < Content-Length: 149
1 < ETag: W/"95-NotOmc/OYnLeWTAZkpj2MYmLYOo"
1 < Date: Sat, 21 Jun 2025 16:32:30 GMT
1 < Connection: keep-alive
1 < Keep-Alive: timeout=5
{
  "success": false,
  "statusCode": 401,
  "message": "Thông tin ??ng nh?p không h?p l?",
  "path": "/auth/login",
  "timestamp": "2025-06-21T16:32:31.010Z"
}


23:32:31.012 [main] INFO com.intuit.karate -- [print] Calling login API v?i email: nam@gmail.com password: 12 
23:32:31.012 [main] INFO com.intuit.karate -- [print] Response status: 401 body: {
  "success": false,
  "statusCode": 401,
  "message": "Thông tin ??ng nh?p không h?p l?",
  "path": "/auth/login",
  "timestamp": "2025-06-21T16:32:31.010Z"
}
 
23:32:31.013 [main] INFO com.intuit.karate -- STATUS MISMATCH - Expected: 400, Actual: 401 
23:32:31.014 [main] INFO com.intuit.karate -- Test Case Data: {
  "email": "nam@gmail.com",
  "password": "12",
  "expectedStatus": 400.0,
  "expectedResult": "Password must be between X and Y characters",
  "testDescription": "TC: Password quá ng?n",
  "responseStatus": "",
  "result": ""
}
 
23:32:31.014 [main] INFO com.intuit.karate -- Expected Status: 400.0 
23:32:31.014 [main] INFO com.intuit.karate -- Expected Result: Password must be between X and Y characters 
23:32:31.014 [main] INFO com.intuit.karate -- Actual Status: 401 
23:32:31.014 [main] INFO com.intuit.karate -- Is Expected Status: false 
23:32:31.014 [main] INFO com.intuit.karate -- Test case #9 - Status: 401, Result: {"success":false,"statusCode":401,"message":"Thông tin ??ng nh?p không h?p l?","path":"/auth/login","timestamp":"2025-06-21T16:32:31.010Z"} 
23:32:31.015 [main] INFO com.intuit.karate -- ?ang ch?y test case #10: TC: Password quá dài 
23:32:31.018 [main] INFO com.intuit.karate -- karate.env system property was: null 
23:32:31.020 [main] DEBUG com.jayway.jsonpath.internal.path.CompiledPath -- Evaluating path: $
23:32:31.021 [main] DEBUG org.apache.http.client.protocol.RequestAddCookies -- CookieSpec selected: karate
23:32:31.021 [main] DEBUG org.apache.http.client.protocol.RequestAuthCache -- Auth cache not set in the context
23:32:31.021 [main] DEBUG com.intuit.karate -- request:
1 > POST http://localhost:3000/auth/login
1 > Content-Type: application/json; charset=UTF-8
1 > Content-Length: 141
1 > Host: localhost:3000
1 > Connection: Keep-Alive
1 > User-Agent: Apache-HttpClient/4.5.14 (Java/17.0.12)
1 > Accept-Encoding: gzip,deflate
{
  "email": "nam@gmail.com",
  "password": "verylongpasswordthatexceedsthenormallimitsforpasswordlengthvalidationwhichshouldnotbeaccepted123456789"
}


23:32:31.021 [main] DEBUG org.apache.http.impl.conn.PoolingHttpClientConnectionManager -- Connection request: [route: {}->http://localhost:3000][total available: 0; route allocated: 0 of 5; total allocated: 0 of 10]
23:32:31.021 [main] DEBUG org.apache.http.impl.conn.PoolingHttpClientConnectionManager -- Connection leased: [id: 9][route: {}->http://localhost:3000][total available: 0; route allocated: 1 of 5; total allocated: 1 of 10]
23:32:31.021 [main] DEBUG org.apache.http.impl.execchain.MainClientExec -- Opening connection {}->http://localhost:3000
23:32:31.021 [main] DEBUG org.apache.http.impl.conn.DefaultHttpClientConnectionOperator -- Connecting to localhost/127.0.0.1:3000
23:32:31.022 [main] DEBUG org.apache.http.impl.conn.DefaultHttpClientConnectionOperator -- Connection established 127.0.0.1:63379<->127.0.0.1:3000
23:32:31.022 [main] DEBUG org.apache.http.impl.conn.DefaultManagedHttpClientConnection -- http-outgoing-9: set socket timeout to 5000
23:32:31.022 [main] DEBUG org.apache.http.impl.execchain.MainClientExec -- Executing request POST /auth/login HTTP/1.1
23:32:31.022 [main] DEBUG org.apache.http.impl.execchain.MainClientExec -- Target auth state: UNCHALLENGED
23:32:31.022 [main] DEBUG org.apache.http.impl.execchain.MainClientExec -- Proxy auth state: UNCHALLENGED
23:32:31.022 [main] DEBUG org.apache.http.headers -- http-outgoing-9 >> POST /auth/login HTTP/1.1
23:32:31.022 [main] DEBUG org.apache.http.headers -- http-outgoing-9 >> Content-Type: application/json; charset=UTF-8
23:32:31.022 [main] DEBUG org.apache.http.headers -- http-outgoing-9 >> Content-Length: 141
23:32:31.022 [main] DEBUG org.apache.http.headers -- http-outgoing-9 >> Host: localhost:3000
23:32:31.022 [main] DEBUG org.apache.http.headers -- http-outgoing-9 >> Connection: Keep-Alive
23:32:31.022 [main] DEBUG org.apache.http.headers -- http-outgoing-9 >> User-Agent: Apache-HttpClient/4.5.14 (Java/17.0.12)
23:32:31.022 [main] DEBUG org.apache.http.headers -- http-outgoing-9 >> Accept-Encoding: gzip,deflate
23:32:31.022 [main] DEBUG org.apache.http.wire -- http-outgoing-9 >> "POST /auth/login HTTP/1.1[\r][\n]"
23:32:31.022 [main] DEBUG org.apache.http.wire -- http-outgoing-9 >> "Content-Type: application/json; charset=UTF-8[\r][\n]"
23:32:31.022 [main] DEBUG org.apache.http.wire -- http-outgoing-9 >> "Content-Length: 141[\r][\n]"
23:32:31.022 [main] DEBUG org.apache.http.wire -- http-outgoing-9 >> "Host: localhost:3000[\r][\n]"
23:32:31.022 [main] DEBUG org.apache.http.wire -- http-outgoing-9 >> "Connection: Keep-Alive[\r][\n]"
23:32:31.022 [main] DEBUG org.apache.http.wire -- http-outgoing-9 >> "User-Agent: Apache-HttpClient/4.5.14 (Java/17.0.12)[\r][\n]"
23:32:31.022 [main] DEBUG org.apache.http.wire -- http-outgoing-9 >> "Accept-Encoding: gzip,deflate[\r][\n]"
23:32:31.022 [main] DEBUG org.apache.http.wire -- http-outgoing-9 >> "[\r][\n]"
23:32:31.022 [main] DEBUG org.apache.http.wire -- http-outgoing-9 >> "{"email":"nam@gmail.com","password":"verylongpasswordthatexceedsthenormallimitsforpasswordlengthvalidationwhichshouldnotbeaccepted123456789"}"
23:32:31.108 [main] DEBUG org.apache.http.wire -- http-outgoing-9 << "HTTP/1.1 401 Unauthorized[\r][\n]"
23:32:31.108 [main] DEBUG org.apache.http.wire -- http-outgoing-9 << "X-Powered-By: Express[\r][\n]"
23:32:31.108 [main] DEBUG org.apache.http.wire -- http-outgoing-9 << "Access-Control-Allow-Origin: *[\r][\n]"
23:32:31.108 [main] DEBUG org.apache.http.wire -- http-outgoing-9 << "Content-Type: application/json; charset=utf-8[\r][\n]"
23:32:31.108 [main] DEBUG org.apache.http.wire -- http-outgoing-9 << "Content-Length: 149[\r][\n]"
23:32:31.108 [main] DEBUG org.apache.http.wire -- http-outgoing-9 << "ETag: W/"95-2b1xnOXZIfCqk5iSYkXeE7d03Ks"[\r][\n]"
23:32:31.108 [main] DEBUG org.apache.http.wire -- http-outgoing-9 << "Date: Sat, 21 Jun 2025 16:32:31 GMT[\r][\n]"
23:32:31.108 [main] DEBUG org.apache.http.wire -- http-outgoing-9 << "Connection: keep-alive[\r][\n]"
23:32:31.108 [main] DEBUG org.apache.http.wire -- http-outgoing-9 << "Keep-Alive: timeout=5[\r][\n]"
23:32:31.108 [main] DEBUG org.apache.http.wire -- http-outgoing-9 << "[\r][\n]"
23:32:31.108 [main] DEBUG org.apache.http.wire -- http-outgoing-9 << "{"success":false,"statusCode":401,"message":"Th[0xc3][0xb4]ng tin [0xc4][0x91][0xc4][0x83]ng nh[0xe1][0xba][0xad]p kh[0xc3][0xb4]ng h[0xe1][0xbb][0xa3]p l[0xe1][0xbb][0x87]","path":"/auth/login","timestamp":"2025-06-21T16:32:31.107Z"}"
23:32:31.108 [main] DEBUG org.apache.http.headers -- http-outgoing-9 << HTTP/1.1 401 Unauthorized
23:32:31.108 [main] DEBUG org.apache.http.headers -- http-outgoing-9 << X-Powered-By: Express
23:32:31.108 [main] DEBUG org.apache.http.headers -- http-outgoing-9 << Access-Control-Allow-Origin: *
23:32:31.108 [main] DEBUG org.apache.http.headers -- http-outgoing-9 << Content-Type: application/json; charset=utf-8
23:32:31.108 [main] DEBUG org.apache.http.headers -- http-outgoing-9 << Content-Length: 149
23:32:31.108 [main] DEBUG org.apache.http.headers -- http-outgoing-9 << ETag: W/"95-2b1xnOXZIfCqk5iSYkXeE7d03Ks"
23:32:31.108 [main] DEBUG org.apache.http.headers -- http-outgoing-9 << Date: Sat, 21 Jun 2025 16:32:31 GMT
23:32:31.108 [main] DEBUG org.apache.http.headers -- http-outgoing-9 << Connection: keep-alive
23:32:31.108 [main] DEBUG org.apache.http.headers -- http-outgoing-9 << Keep-Alive: timeout=5
23:32:31.108 [main] DEBUG org.apache.http.impl.execchain.MainClientExec -- Connection can be kept alive for 5000 MILLISECONDS
23:32:31.108 [main] DEBUG org.apache.http.impl.auth.HttpAuthenticator -- Authentication required
23:32:31.108 [main] DEBUG org.apache.http.impl.auth.HttpAuthenticator -- localhost:3000 requested authentication
23:32:31.108 [main] DEBUG org.apache.http.impl.auth.HttpAuthenticator -- Response contains no authentication challenges
23:32:31.108 [main] DEBUG org.apache.http.impl.conn.PoolingHttpClientConnectionManager -- Connection [id: 9][route: {}->http://localhost:3000] can be kept alive for 5.0 seconds
23:32:31.108 [main] DEBUG org.apache.http.impl.conn.DefaultManagedHttpClientConnection -- http-outgoing-9: set socket timeout to 0
23:32:31.108 [main] DEBUG org.apache.http.impl.conn.PoolingHttpClientConnectionManager -- Connection released: [id: 9][route: {}->http://localhost:3000][total available: 1; route allocated: 1 of 5; total allocated: 1 of 10]
23:32:31.108 [main] DEBUG org.apache.http.impl.conn.PoolingHttpClientConnectionManager -- Connection manager is shutting down
23:32:31.108 [main] DEBUG org.apache.http.impl.conn.DefaultManagedHttpClientConnection -- http-outgoing-9: Close connection
23:32:31.109 [main] DEBUG org.apache.http.impl.conn.PoolingHttpClientConnectionManager -- Connection manager shut down
23:32:31.109 [main] DEBUG com.intuit.karate -- response time in milliseconds: 87
1 < 401
1 < X-Powered-By: Express
1 < Access-Control-Allow-Origin: *
1 < Content-Type: application/json; charset=utf-8
1 < Content-Length: 149
1 < ETag: W/"95-2b1xnOXZIfCqk5iSYkXeE7d03Ks"
1 < Date: Sat, 21 Jun 2025 16:32:31 GMT
1 < Connection: keep-alive
1 < Keep-Alive: timeout=5
{
  "success": false,
  "statusCode": 401,
  "message": "Thông tin ??ng nh?p không h?p l?",
  "path": "/auth/login",
  "timestamp": "2025-06-21T16:32:31.107Z"
}


23:32:31.111 [main] INFO com.intuit.karate -- [print] Calling login API v?i email: nam@gmail.com password: verylongpasswordthatexceedsthenormallimitsforpasswordlengthvalidationwhichshouldnotbeaccepted123456789 
23:32:31.112 [main] INFO com.intuit.karate -- [print] Response status: 401 body: {
  "success": false,
  "statusCode": 401,
  "message": "Thông tin ??ng nh?p không h?p l?",
  "path": "/auth/login",
  "timestamp": "2025-06-21T16:32:31.107Z"
}
 
23:32:31.112 [main] INFO com.intuit.karate -- STATUS MISMATCH - Expected: 400, Actual: 401 
23:32:31.112 [main] INFO com.intuit.karate -- Test Case Data: {
  "email": "nam@gmail.com",
  "password": "verylongpasswordthatexceedsthenormallimitsforpasswordlengthvalidationwhichshouldnotbeaccepted123456789",
  "expectedStatus": 400.0,
  "expectedResult": "Password must be between X and Y characters",
  "testDescription": "TC: Password quá dài",
  "responseStatus": "",
  "result": ""
}
 
23:32:31.113 [main] INFO com.intuit.karate -- Expected Status: 400.0 
23:32:31.113 [main] INFO com.intuit.karate -- Expected Result: Password must be between X and Y characters 
23:32:31.113 [main] INFO com.intuit.karate -- Actual Status: 401 
23:32:31.113 [main] INFO com.intuit.karate -- Is Expected Status: false 
23:32:31.113 [main] INFO com.intuit.karate -- Test case #10 - Status: 401, Result: {"success":false,"statusCode":401,"message":"Thông tin ??ng nh?p không h?p l?","path":"/auth/login","timestamp":"2025-06-21T16:32:31.107Z"} 
23:32:31.114 [main] INFO com.intuit.karate -- ?ang ch?y test case #11: TC: SQL Injection trong email 
23:32:31.120 [main] INFO com.intuit.karate -- karate.env system property was: null 
23:32:31.121 [main] DEBUG com.jayway.jsonpath.internal.path.CompiledPath -- Evaluating path: $
23:32:31.123 [main] DEBUG org.apache.http.client.protocol.RequestAddCookies -- CookieSpec selected: karate
23:32:31.123 [main] DEBUG org.apache.http.client.protocol.RequestAuthCache -- Auth cache not set in the context
23:32:31.123 [main] DEBUG com.intuit.karate -- request:
1 > POST http://localhost:3000/auth/login
1 > Content-Type: application/json; charset=UTF-8
1 > Content-Length: 48
1 > Host: localhost:3000
1 > Connection: Keep-Alive
1 > User-Agent: Apache-HttpClient/4.5.14 (Java/17.0.12)
1 > Accept-Encoding: gzip,deflate
{
  "email": "' OR '1'='1",
  "password": "password123"
}


23:32:31.123 [main] DEBUG org.apache.http.impl.conn.PoolingHttpClientConnectionManager -- Connection request: [route: {}->http://localhost:3000][total available: 0; route allocated: 0 of 5; total allocated: 0 of 10]
23:32:31.123 [main] DEBUG org.apache.http.impl.conn.PoolingHttpClientConnectionManager -- Connection leased: [id: 10][route: {}->http://localhost:3000][total available: 0; route allocated: 1 of 5; total allocated: 1 of 10]
23:32:31.123 [main] DEBUG org.apache.http.impl.execchain.MainClientExec -- Opening connection {}->http://localhost:3000
23:32:31.123 [main] DEBUG org.apache.http.impl.conn.DefaultHttpClientConnectionOperator -- Connecting to localhost/127.0.0.1:3000
23:32:31.124 [main] DEBUG org.apache.http.impl.conn.DefaultHttpClientConnectionOperator -- Connection established 127.0.0.1:63380<->127.0.0.1:3000
23:32:31.124 [main] DEBUG org.apache.http.impl.conn.DefaultManagedHttpClientConnection -- http-outgoing-10: set socket timeout to 5000
23:32:31.124 [main] DEBUG org.apache.http.impl.execchain.MainClientExec -- Executing request POST /auth/login HTTP/1.1
23:32:31.124 [main] DEBUG org.apache.http.impl.execchain.MainClientExec -- Target auth state: UNCHALLENGED
23:32:31.124 [main] DEBUG org.apache.http.impl.execchain.MainClientExec -- Proxy auth state: UNCHALLENGED
23:32:31.125 [main] DEBUG org.apache.http.headers -- http-outgoing-10 >> POST /auth/login HTTP/1.1
23:32:31.125 [main] DEBUG org.apache.http.headers -- http-outgoing-10 >> Content-Type: application/json; charset=UTF-8
23:32:31.125 [main] DEBUG org.apache.http.headers -- http-outgoing-10 >> Content-Length: 48
23:32:31.125 [main] DEBUG org.apache.http.headers -- http-outgoing-10 >> Host: localhost:3000
23:32:31.125 [main] DEBUG org.apache.http.headers -- http-outgoing-10 >> Connection: Keep-Alive
23:32:31.125 [main] DEBUG org.apache.http.headers -- http-outgoing-10 >> User-Agent: Apache-HttpClient/4.5.14 (Java/17.0.12)
23:32:31.125 [main] DEBUG org.apache.http.headers -- http-outgoing-10 >> Accept-Encoding: gzip,deflate
23:32:31.125 [main] DEBUG org.apache.http.wire -- http-outgoing-10 >> "POST /auth/login HTTP/1.1[\r][\n]"
23:32:31.125 [main] DEBUG org.apache.http.wire -- http-outgoing-10 >> "Content-Type: application/json; charset=UTF-8[\r][\n]"
23:32:31.125 [main] DEBUG org.apache.http.wire -- http-outgoing-10 >> "Content-Length: 48[\r][\n]"
23:32:31.125 [main] DEBUG org.apache.http.wire -- http-outgoing-10 >> "Host: localhost:3000[\r][\n]"
23:32:31.125 [main] DEBUG org.apache.http.wire -- http-outgoing-10 >> "Connection: Keep-Alive[\r][\n]"
23:32:31.125 [main] DEBUG org.apache.http.wire -- http-outgoing-10 >> "User-Agent: Apache-HttpClient/4.5.14 (Java/17.0.12)[\r][\n]"
23:32:31.125 [main] DEBUG org.apache.http.wire -- http-outgoing-10 >> "Accept-Encoding: gzip,deflate[\r][\n]"
23:32:31.125 [main] DEBUG org.apache.http.wire -- http-outgoing-10 >> "[\r][\n]"
23:32:31.125 [main] DEBUG org.apache.http.wire -- http-outgoing-10 >> "{"email":"' OR '1'='1","password":"password123"}"
23:32:31.126 [main] DEBUG org.apache.http.wire -- http-outgoing-10 << "HTTP/1.1 400 Bad Request[\r][\n]"
23:32:31.126 [main] DEBUG org.apache.http.wire -- http-outgoing-10 << "X-Powered-By: Express[\r][\n]"
23:32:31.126 [main] DEBUG org.apache.http.wire -- http-outgoing-10 << "Access-Control-Allow-Origin: *[\r][\n]"
23:32:31.126 [main] DEBUG org.apache.http.wire -- http-outgoing-10 << "Content-Type: application/json; charset=utf-8[\r][\n]"
23:32:31.126 [main] DEBUG org.apache.http.wire -- http-outgoing-10 << "Content-Length: 136[\r][\n]"
23:32:31.126 [main] DEBUG org.apache.http.wire -- http-outgoing-10 << "ETag: W/"88-sfLUDer8vK0PzdMetMzBUT6ypHw"[\r][\n]"
23:32:31.126 [main] DEBUG org.apache.http.wire -- http-outgoing-10 << "Date: Sat, 21 Jun 2025 16:32:31 GMT[\r][\n]"
23:32:31.126 [main] DEBUG org.apache.http.wire -- http-outgoing-10 << "Connection: keep-alive[\r][\n]"
23:32:31.126 [main] DEBUG org.apache.http.wire -- http-outgoing-10 << "Keep-Alive: timeout=5[\r][\n]"
23:32:31.126 [main] DEBUG org.apache.http.wire -- http-outgoing-10 << "[\r][\n]"
23:32:31.126 [main] DEBUG org.apache.http.wire -- http-outgoing-10 << "{"success":false,"statusCode":400,"message":"D[0xe1][0xbb][0xaf] li[0xe1][0xbb][0x87]u kh[0xc3][0xb4]ng h[0xe1][0xbb][0xa3]p l[0xe1][0xbb][0x87]","path":"/auth/login","timestamp":"2025-06-21T16:32:31.126Z"}"
23:32:31.127 [main] DEBUG org.apache.http.headers -- http-outgoing-10 << HTTP/1.1 400 Bad Request
23:32:31.127 [main] DEBUG org.apache.http.headers -- http-outgoing-10 << X-Powered-By: Express
23:32:31.127 [main] DEBUG org.apache.http.headers -- http-outgoing-10 << Access-Control-Allow-Origin: *
23:32:31.127 [main] DEBUG org.apache.http.headers -- http-outgoing-10 << Content-Type: application/json; charset=utf-8
23:32:31.127 [main] DEBUG org.apache.http.headers -- http-outgoing-10 << Content-Length: 136
23:32:31.127 [main] DEBUG org.apache.http.headers -- http-outgoing-10 << ETag: W/"88-sfLUDer8vK0PzdMetMzBUT6ypHw"
23:32:31.127 [main] DEBUG org.apache.http.headers -- http-outgoing-10 << Date: Sat, 21 Jun 2025 16:32:31 GMT
23:32:31.127 [main] DEBUG org.apache.http.headers -- http-outgoing-10 << Connection: keep-alive
23:32:31.127 [main] DEBUG org.apache.http.headers -- http-outgoing-10 << Keep-Alive: timeout=5
23:32:31.127 [main] DEBUG org.apache.http.impl.execchain.MainClientExec -- Connection can be kept alive for 5000 MILLISECONDS
23:32:31.127 [main] DEBUG org.apache.http.impl.conn.PoolingHttpClientConnectionManager -- Connection [id: 10][route: {}->http://localhost:3000] can be kept alive for 5.0 seconds
23:32:31.127 [main] DEBUG org.apache.http.impl.conn.DefaultManagedHttpClientConnection -- http-outgoing-10: set socket timeout to 0
23:32:31.127 [main] DEBUG org.apache.http.impl.conn.PoolingHttpClientConnectionManager -- Connection released: [id: 10][route: {}->http://localhost:3000][total available: 1; route allocated: 1 of 5; total allocated: 1 of 10]
23:32:31.127 [main] DEBUG org.apache.http.impl.conn.PoolingHttpClientConnectionManager -- Connection manager is shutting down
23:32:31.127 [main] DEBUG org.apache.http.impl.conn.DefaultManagedHttpClientConnection -- http-outgoing-10: Close connection
23:32:31.127 [main] DEBUG org.apache.http.impl.conn.PoolingHttpClientConnectionManager -- Connection manager shut down
23:32:31.128 [main] DEBUG com.intuit.karate -- response time in milliseconds: 4
1 < 400
1 < X-Powered-By: Express
1 < Access-Control-Allow-Origin: *
1 < Content-Type: application/json; charset=utf-8
1 < Content-Length: 136
1 < ETag: W/"88-sfLUDer8vK0PzdMetMzBUT6ypHw"
1 < Date: Sat, 21 Jun 2025 16:32:31 GMT
1 < Connection: keep-alive
1 < Keep-Alive: timeout=5
{
  "success": false,
  "statusCode": 400,
  "message": "D? li?u không h?p l?",
  "path": "/auth/login",
  "timestamp": "2025-06-21T16:32:31.126Z"
}


23:32:31.129 [main] INFO com.intuit.karate -- [print] Calling login API v?i email: ' OR '1'='1 password: password123 
23:32:31.129 [main] INFO com.intuit.karate -- [print] Response status: 400 body: {
  "success": false,
  "statusCode": 400,
  "message": "D? li?u không h?p l?",
  "path": "/auth/login",
  "timestamp": "2025-06-21T16:32:31.126Z"
}
 
23:32:31.130 [main] INFO com.intuit.karate -- Test Case Data: {
  "email": "' OR '1'='1",
  "password": "password123",
  "expectedStatus": 400.0,
  "expectedResult": "Invalid input",
  "testDescription": "TC: SQL Injection trong email",
  "responseStatus": "",
  "result": ""
}
 
23:32:31.130 [main] INFO com.intuit.karate -- Expected Status: 400.0 
23:32:31.131 [main] INFO com.intuit.karate -- Expected Result: Invalid input 
23:32:31.131 [main] INFO com.intuit.karate -- Actual Status: 400 
23:32:31.131 [main] INFO com.intuit.karate -- Is Expected Status: true 
23:32:31.131 [main] INFO com.intuit.karate -- Test case #11 - Status: 400, Result: {"success":false,"statusCode":400,"message":"D? li?u không h?p l?","path":"/auth/login","timestamp":"2025-06-21T16:32:31.126Z"} 
23:32:31.132 [main] INFO com.intuit.karate -- ?ang ch?y test case #12: TC: SQL Injection trong password 
23:32:31.137 [main] INFO com.intuit.karate -- karate.env system property was: null 
23:32:31.138 [main] DEBUG com.jayway.jsonpath.internal.path.CompiledPath -- Evaluating path: $
23:32:31.139 [main] DEBUG org.apache.http.client.protocol.RequestAddCookies -- CookieSpec selected: karate
23:32:31.139 [main] DEBUG org.apache.http.client.protocol.RequestAuthCache -- Auth cache not set in the context
23:32:31.139 [main] DEBUG com.intuit.karate -- request:
1 > POST http://localhost:3000/auth/login
1 > Content-Type: application/json; charset=UTF-8
1 > Content-Length: 50
1 > Host: localhost:3000
1 > Connection: Keep-Alive
1 > User-Agent: Apache-HttpClient/4.5.14 (Java/17.0.12)
1 > Accept-Encoding: gzip,deflate
{
  "email": "nam@gmail.com",
  "password": "' OR '1'='1"
}


23:32:31.139 [main] DEBUG org.apache.http.impl.conn.PoolingHttpClientConnectionManager -- Connection request: [route: {}->http://localhost:3000][total available: 0; route allocated: 0 of 5; total allocated: 0 of 10]
23:32:31.140 [main] DEBUG org.apache.http.impl.conn.PoolingHttpClientConnectionManager -- Connection leased: [id: 11][route: {}->http://localhost:3000][total available: 0; route allocated: 1 of 5; total allocated: 1 of 10]
23:32:31.140 [main] DEBUG org.apache.http.impl.execchain.MainClientExec -- Opening connection {}->http://localhost:3000
23:32:31.140 [main] DEBUG org.apache.http.impl.conn.DefaultHttpClientConnectionOperator -- Connecting to localhost/127.0.0.1:3000
23:32:31.140 [main] DEBUG org.apache.http.impl.conn.DefaultHttpClientConnectionOperator -- Connection established 127.0.0.1:63381<->127.0.0.1:3000
23:32:31.140 [main] DEBUG org.apache.http.impl.conn.DefaultManagedHttpClientConnection -- http-outgoing-11: set socket timeout to 5000
23:32:31.140 [main] DEBUG org.apache.http.impl.execchain.MainClientExec -- Executing request POST /auth/login HTTP/1.1
23:32:31.140 [main] DEBUG org.apache.http.impl.execchain.MainClientExec -- Target auth state: UNCHALLENGED
23:32:31.140 [main] DEBUG org.apache.http.impl.execchain.MainClientExec -- Proxy auth state: UNCHALLENGED
23:32:31.140 [main] DEBUG org.apache.http.headers -- http-outgoing-11 >> POST /auth/login HTTP/1.1
23:32:31.140 [main] DEBUG org.apache.http.headers -- http-outgoing-11 >> Content-Type: application/json; charset=UTF-8
23:32:31.140 [main] DEBUG org.apache.http.headers -- http-outgoing-11 >> Content-Length: 50
23:32:31.140 [main] DEBUG org.apache.http.headers -- http-outgoing-11 >> Host: localhost:3000
23:32:31.140 [main] DEBUG org.apache.http.headers -- http-outgoing-11 >> Connection: Keep-Alive
23:32:31.140 [main] DEBUG org.apache.http.headers -- http-outgoing-11 >> User-Agent: Apache-HttpClient/4.5.14 (Java/17.0.12)
23:32:31.140 [main] DEBUG org.apache.http.headers -- http-outgoing-11 >> Accept-Encoding: gzip,deflate
23:32:31.140 [main] DEBUG org.apache.http.wire -- http-outgoing-11 >> "POST /auth/login HTTP/1.1[\r][\n]"
23:32:31.140 [main] DEBUG org.apache.http.wire -- http-outgoing-11 >> "Content-Type: application/json; charset=UTF-8[\r][\n]"
23:32:31.140 [main] DEBUG org.apache.http.wire -- http-outgoing-11 >> "Content-Length: 50[\r][\n]"
23:32:31.140 [main] DEBUG org.apache.http.wire -- http-outgoing-11 >> "Host: localhost:3000[\r][\n]"
23:32:31.140 [main] DEBUG org.apache.http.wire -- http-outgoing-11 >> "Connection: Keep-Alive[\r][\n]"
23:32:31.140 [main] DEBUG org.apache.http.wire -- http-outgoing-11 >> "User-Agent: Apache-HttpClient/4.5.14 (Java/17.0.12)[\r][\n]"
23:32:31.140 [main] DEBUG org.apache.http.wire -- http-outgoing-11 >> "Accept-Encoding: gzip,deflate[\r][\n]"
23:32:31.140 [main] DEBUG org.apache.http.wire -- http-outgoing-11 >> "[\r][\n]"
23:32:31.140 [main] DEBUG org.apache.http.wire -- http-outgoing-11 >> "{"email":"nam@gmail.com","password":"' OR '1'='1"}"
23:32:31.230 [main] DEBUG org.apache.http.wire -- http-outgoing-11 << "HTTP/1.1 401 Unauthorized[\r][\n]"
23:32:31.230 [main] DEBUG org.apache.http.wire -- http-outgoing-11 << "X-Powered-By: Express[\r][\n]"
23:32:31.230 [main] DEBUG org.apache.http.wire -- http-outgoing-11 << "Access-Control-Allow-Origin: *[\r][\n]"
23:32:31.230 [main] DEBUG org.apache.http.wire -- http-outgoing-11 << "Content-Type: application/json; charset=utf-8[\r][\n]"
23:32:31.230 [main] DEBUG org.apache.http.wire -- http-outgoing-11 << "Content-Length: 149[\r][\n]"
23:32:31.230 [main] DEBUG org.apache.http.wire -- http-outgoing-11 << "ETag: W/"95-cFmyeVAKRvhJGC1y47jKHGtsXAk"[\r][\n]"
23:32:31.230 [main] DEBUG org.apache.http.wire -- http-outgoing-11 << "Date: Sat, 21 Jun 2025 16:32:31 GMT[\r][\n]"
23:32:31.230 [main] DEBUG org.apache.http.wire -- http-outgoing-11 << "Connection: keep-alive[\r][\n]"
23:32:31.230 [main] DEBUG org.apache.http.wire -- http-outgoing-11 << "Keep-Alive: timeout=5[\r][\n]"
23:32:31.230 [main] DEBUG org.apache.http.wire -- http-outgoing-11 << "[\r][\n]"
23:32:31.231 [main] DEBUG org.apache.http.wire -- http-outgoing-11 << "{"success":false,"statusCode":401,"message":"Th[0xc3][0xb4]ng tin [0xc4][0x91][0xc4][0x83]ng nh[0xe1][0xba][0xad]p kh[0xc3][0xb4]ng h[0xe1][0xbb][0xa3]p l[0xe1][0xbb][0x87]","path":"/auth/login","timestamp":"2025-06-21T16:32:31.230Z"}"
23:32:31.231 [main] DEBUG org.apache.http.headers -- http-outgoing-11 << HTTP/1.1 401 Unauthorized
23:32:31.231 [main] DEBUG org.apache.http.headers -- http-outgoing-11 << X-Powered-By: Express
23:32:31.231 [main] DEBUG org.apache.http.headers -- http-outgoing-11 << Access-Control-Allow-Origin: *
23:32:31.231 [main] DEBUG org.apache.http.headers -- http-outgoing-11 << Content-Type: application/json; charset=utf-8
23:32:31.231 [main] DEBUG org.apache.http.headers -- http-outgoing-11 << Content-Length: 149
23:32:31.231 [main] DEBUG org.apache.http.headers -- http-outgoing-11 << ETag: W/"95-cFmyeVAKRvhJGC1y47jKHGtsXAk"
23:32:31.231 [main] DEBUG org.apache.http.headers -- http-outgoing-11 << Date: Sat, 21 Jun 2025 16:32:31 GMT
23:32:31.231 [main] DEBUG org.apache.http.headers -- http-outgoing-11 << Connection: keep-alive
23:32:31.231 [main] DEBUG org.apache.http.headers -- http-outgoing-11 << Keep-Alive: timeout=5
23:32:31.231 [main] DEBUG org.apache.http.impl.execchain.MainClientExec -- Connection can be kept alive for 5000 MILLISECONDS
23:32:31.231 [main] DEBUG org.apache.http.impl.auth.HttpAuthenticator -- Authentication required
23:32:31.231 [main] DEBUG org.apache.http.impl.auth.HttpAuthenticator -- localhost:3000 requested authentication
23:32:31.231 [main] DEBUG org.apache.http.impl.auth.HttpAuthenticator -- Response contains no authentication challenges
23:32:31.231 [main] DEBUG org.apache.http.impl.conn.PoolingHttpClientConnectionManager -- Connection [id: 11][route: {}->http://localhost:3000] can be kept alive for 5.0 seconds
23:32:31.231 [main] DEBUG org.apache.http.impl.conn.DefaultManagedHttpClientConnection -- http-outgoing-11: set socket timeout to 0
23:32:31.231 [main] DEBUG org.apache.http.impl.conn.PoolingHttpClientConnectionManager -- Connection released: [id: 11][route: {}->http://localhost:3000][total available: 1; route allocated: 1 of 5; total allocated: 1 of 10]
23:32:31.231 [main] DEBUG org.apache.http.impl.conn.PoolingHttpClientConnectionManager -- Connection manager is shutting down
23:32:31.231 [main] DEBUG org.apache.http.impl.conn.DefaultManagedHttpClientConnection -- http-outgoing-11: Close connection
23:32:31.231 [main] DEBUG org.apache.http.impl.conn.PoolingHttpClientConnectionManager -- Connection manager shut down
23:32:31.231 [main] DEBUG com.intuit.karate -- response time in milliseconds: 92
1 < 401
1 < X-Powered-By: Express
1 < Access-Control-Allow-Origin: *
1 < Content-Type: application/json; charset=utf-8
1 < Content-Length: 149
1 < ETag: W/"95-cFmyeVAKRvhJGC1y47jKHGtsXAk"
1 < Date: Sat, 21 Jun 2025 16:32:31 GMT
1 < Connection: keep-alive
1 < Keep-Alive: timeout=5
{
  "success": false,
  "statusCode": 401,
  "message": "Thông tin ??ng nh?p không h?p l?",
  "path": "/auth/login",
  "timestamp": "2025-06-21T16:32:31.230Z"
}


23:32:31.232 [main] INFO com.intuit.karate -- [print] Calling login API v?i email: nam@gmail.com password: ' OR '1'='1 
23:32:31.233 [main] INFO com.intuit.karate -- [print] Response status: 401 body: {
  "success": false,
  "statusCode": 401,
  "message": "Thông tin ??ng nh?p không h?p l?",
  "path": "/auth/login",
  "timestamp": "2025-06-21T16:32:31.230Z"
}
 
23:32:31.233 [main] INFO com.intuit.karate -- STATUS MISMATCH - Expected: 400, Actual: 401 
23:32:31.234 [main] INFO com.intuit.karate -- Test Case Data: {
  "email": "nam@gmail.com",
  "password": "' OR '1'='1",
  "expectedStatus": 400.0,
  "expectedResult": "Invalid input",
  "testDescription": "TC: SQL Injection trong password",
  "responseStatus": "",
  "result": ""
}
 
23:32:31.234 [main] INFO com.intuit.karate -- Expected Status: 400.0 
23:32:31.234 [main] INFO com.intuit.karate -- Expected Result: Invalid input 
23:32:31.234 [main] INFO com.intuit.karate -- Actual Status: 401 
23:32:31.234 [main] INFO com.intuit.karate -- Is Expected Status: false 
23:32:31.235 [main] INFO com.intuit.karate -- Test case #12 - Status: 401, Result: {"success":false,"statusCode":401,"message":"Thông tin ??ng nh?p không h?p l?","path":"/auth/login","timestamp":"2025-06-21T16:32:31.230Z"} 
23:32:31.236 [main] INFO com.intuit.karate -- ?ang ch?y test case #13: TC: XSS trong email 
23:32:31.241 [main] INFO com.intuit.karate -- karate.env system property was: null 
23:32:31.242 [main] DEBUG com.jayway.jsonpath.internal.path.CompiledPath -- Evaluating path: $
23:32:31.244 [main] DEBUG org.apache.http.client.protocol.RequestAddCookies -- CookieSpec selected: karate
23:32:31.244 [main] DEBUG org.apache.http.client.protocol.RequestAuthCache -- Auth cache not set in the context
23:32:31.244 [main] DEBUG com.intuit.karate -- request:
1 > POST http://localhost:3000/auth/login
1 > Content-Type: application/json; charset=UTF-8
1 > Content-Length: 78
1 > Host: localhost:3000
1 > Connection: Keep-Alive
1 > User-Agent: Apache-HttpClient/4.5.14 (Java/17.0.12)
1 > Accept-Encoding: gzip,deflate
{
  "email": "<script>alert(\"xss\")</script>@test.com",
  "password": "password123"
}


23:32:31.244 [main] DEBUG org.apache.http.impl.conn.PoolingHttpClientConnectionManager -- Connection request: [route: {}->http://localhost:3000][total available: 0; route allocated: 0 of 5; total allocated: 0 of 10]
23:32:31.244 [main] DEBUG org.apache.http.impl.conn.PoolingHttpClientConnectionManager -- Connection leased: [id: 12][route: {}->http://localhost:3000][total available: 0; route allocated: 1 of 5; total allocated: 1 of 10]
23:32:31.244 [main] DEBUG org.apache.http.impl.execchain.MainClientExec -- Opening connection {}->http://localhost:3000
23:32:31.244 [main] DEBUG org.apache.http.impl.conn.DefaultHttpClientConnectionOperator -- Connecting to localhost/127.0.0.1:3000
23:32:31.245 [main] DEBUG org.apache.http.impl.conn.DefaultHttpClientConnectionOperator -- Connection established 127.0.0.1:63382<->127.0.0.1:3000
23:32:31.245 [main] DEBUG org.apache.http.impl.conn.DefaultManagedHttpClientConnection -- http-outgoing-12: set socket timeout to 5000
23:32:31.245 [main] DEBUG org.apache.http.impl.execchain.MainClientExec -- Executing request POST /auth/login HTTP/1.1
23:32:31.245 [main] DEBUG org.apache.http.impl.execchain.MainClientExec -- Target auth state: UNCHALLENGED
23:32:31.245 [main] DEBUG org.apache.http.impl.execchain.MainClientExec -- Proxy auth state: UNCHALLENGED
23:32:31.245 [main] DEBUG org.apache.http.headers -- http-outgoing-12 >> POST /auth/login HTTP/1.1
23:32:31.245 [main] DEBUG org.apache.http.headers -- http-outgoing-12 >> Content-Type: application/json; charset=UTF-8
23:32:31.245 [main] DEBUG org.apache.http.headers -- http-outgoing-12 >> Content-Length: 78
23:32:31.245 [main] DEBUG org.apache.http.headers -- http-outgoing-12 >> Host: localhost:3000
23:32:31.245 [main] DEBUG org.apache.http.headers -- http-outgoing-12 >> Connection: Keep-Alive
23:32:31.245 [main] DEBUG org.apache.http.headers -- http-outgoing-12 >> User-Agent: Apache-HttpClient/4.5.14 (Java/17.0.12)
23:32:31.245 [main] DEBUG org.apache.http.headers -- http-outgoing-12 >> Accept-Encoding: gzip,deflate
23:32:31.245 [main] DEBUG org.apache.http.wire -- http-outgoing-12 >> "POST /auth/login HTTP/1.1[\r][\n]"
23:32:31.245 [main] DEBUG org.apache.http.wire -- http-outgoing-12 >> "Content-Type: application/json; charset=UTF-8[\r][\n]"
23:32:31.245 [main] DEBUG org.apache.http.wire -- http-outgoing-12 >> "Content-Length: 78[\r][\n]"
23:32:31.245 [main] DEBUG org.apache.http.wire -- http-outgoing-12 >> "Host: localhost:3000[\r][\n]"
23:32:31.245 [main] DEBUG org.apache.http.wire -- http-outgoing-12 >> "Connection: Keep-Alive[\r][\n]"
23:32:31.245 [main] DEBUG org.apache.http.wire -- http-outgoing-12 >> "User-Agent: Apache-HttpClient/4.5.14 (Java/17.0.12)[\r][\n]"
23:32:31.245 [main] DEBUG org.apache.http.wire -- http-outgoing-12 >> "Accept-Encoding: gzip,deflate[\r][\n]"
23:32:31.245 [main] DEBUG org.apache.http.wire -- http-outgoing-12 >> "[\r][\n]"
23:32:31.245 [main] DEBUG org.apache.http.wire -- http-outgoing-12 >> "{"email":"<script>alert(\"xss\")<\/script>@test.com","password":"password123"}"
23:32:31.246 [main] DEBUG org.apache.http.wire -- http-outgoing-12 << "HTTP/1.1 400 Bad Request[\r][\n]"
23:32:31.246 [main] DEBUG org.apache.http.wire -- http-outgoing-12 << "X-Powered-By: Express[\r][\n]"
23:32:31.246 [main] DEBUG org.apache.http.wire -- http-outgoing-12 << "Access-Control-Allow-Origin: *[\r][\n]"
23:32:31.246 [main] DEBUG org.apache.http.wire -- http-outgoing-12 << "Content-Type: application/json; charset=utf-8[\r][\n]"
23:32:31.246 [main] DEBUG org.apache.http.wire -- http-outgoing-12 << "Content-Length: 136[\r][\n]"
23:32:31.246 [main] DEBUG org.apache.http.wire -- http-outgoing-12 << "ETag: W/"88-vwcd/86lKmMn6L2fKAZR4Uy1OFY"[\r][\n]"
23:32:31.246 [main] DEBUG org.apache.http.wire -- http-outgoing-12 << "Date: Sat, 21 Jun 2025 16:32:31 GMT[\r][\n]"
23:32:31.246 [main] DEBUG org.apache.http.wire -- http-outgoing-12 << "Connection: keep-alive[\r][\n]"
23:32:31.246 [main] DEBUG org.apache.http.wire -- http-outgoing-12 << "Keep-Alive: timeout=5[\r][\n]"
23:32:31.246 [main] DEBUG org.apache.http.wire -- http-outgoing-12 << "[\r][\n]"
23:32:31.246 [main] DEBUG org.apache.http.wire -- http-outgoing-12 << "{"success":false,"statusCode":400,"message":"D[0xe1][0xbb][0xaf] li[0xe1][0xbb][0x87]u kh[0xc3][0xb4]ng h[0xe1][0xbb][0xa3]p l[0xe1][0xbb][0x87]","path":"/auth/login","timestamp":"2025-06-21T16:32:31.246Z"}"
23:32:31.246 [main] DEBUG org.apache.http.headers -- http-outgoing-12 << HTTP/1.1 400 Bad Request
23:32:31.246 [main] DEBUG org.apache.http.headers -- http-outgoing-12 << X-Powered-By: Express
23:32:31.246 [main] DEBUG org.apache.http.headers -- http-outgoing-12 << Access-Control-Allow-Origin: *
23:32:31.246 [main] DEBUG org.apache.http.headers -- http-outgoing-12 << Content-Type: application/json; charset=utf-8
23:32:31.246 [main] DEBUG org.apache.http.headers -- http-outgoing-12 << Content-Length: 136
23:32:31.246 [main] DEBUG org.apache.http.headers -- http-outgoing-12 << ETag: W/"88-vwcd/86lKmMn6L2fKAZR4Uy1OFY"
23:32:31.246 [main] DEBUG org.apache.http.headers -- http-outgoing-12 << Date: Sat, 21 Jun 2025 16:32:31 GMT
23:32:31.246 [main] DEBUG org.apache.http.headers -- http-outgoing-12 << Connection: keep-alive
23:32:31.246 [main] DEBUG org.apache.http.headers -- http-outgoing-12 << Keep-Alive: timeout=5
23:32:31.246 [main] DEBUG org.apache.http.impl.execchain.MainClientExec -- Connection can be kept alive for 5000 MILLISECONDS
23:32:31.246 [main] DEBUG org.apache.http.impl.conn.PoolingHttpClientConnectionManager -- Connection [id: 12][route: {}->http://localhost:3000] can be kept alive for 5.0 seconds
23:32:31.246 [main] DEBUG org.apache.http.impl.conn.DefaultManagedHttpClientConnection -- http-outgoing-12: set socket timeout to 0
23:32:31.246 [main] DEBUG org.apache.http.impl.conn.PoolingHttpClientConnectionManager -- Connection released: [id: 12][route: {}->http://localhost:3000][total available: 1; route allocated: 1 of 5; total allocated: 1 of 10]
23:32:31.246 [main] DEBUG org.apache.http.impl.conn.PoolingHttpClientConnectionManager -- Connection manager is shutting down
23:32:31.246 [main] DEBUG org.apache.http.impl.conn.DefaultManagedHttpClientConnection -- http-outgoing-12: Close connection
23:32:31.246 [main] DEBUG org.apache.http.impl.conn.PoolingHttpClientConnectionManager -- Connection manager shut down
23:32:31.247 [main] DEBUG com.intuit.karate -- response time in milliseconds: 2
1 < 400
1 < X-Powered-By: Express
1 < Access-Control-Allow-Origin: *
1 < Content-Type: application/json; charset=utf-8
1 < Content-Length: 136
1 < ETag: W/"88-vwcd/86lKmMn6L2fKAZR4Uy1OFY"
1 < Date: Sat, 21 Jun 2025 16:32:31 GMT
1 < Connection: keep-alive
1 < Keep-Alive: timeout=5
{
  "success": false,
  "statusCode": 400,
  "message": "D? li?u không h?p l?",
  "path": "/auth/login",
  "timestamp": "2025-06-21T16:32:31.246Z"
}


23:32:31.247 [main] INFO com.intuit.karate -- [print] Calling login API v?i email: <script>alert("xss")</script>@test.com password: password123 
23:32:31.248 [main] INFO com.intuit.karate -- [print] Response status: 400 body: {
  "success": false,
  "statusCode": 400,
  "message": "D? li?u không h?p l?",
  "path": "/auth/login",
  "timestamp": "2025-06-21T16:32:31.246Z"
}
 
23:32:31.248 [main] INFO com.intuit.karate -- Test Case Data: {
  "email": "<script>alert(\"xss\")</script>@test.com",
  "password": "password123",
  "expectedStatus": 400.0,
  "expectedResult": "Invalid input",
  "testDescription": "TC: XSS trong email",
  "responseStatus": "",
  "result": ""
}
 
23:32:31.248 [main] INFO com.intuit.karate -- Expected Status: 400.0 
23:32:31.249 [main] INFO com.intuit.karate -- Expected Result: Invalid input 
23:32:31.249 [main] INFO com.intuit.karate -- Actual Status: 400 
23:32:31.249 [main] INFO com.intuit.karate -- Is Expected Status: true 
23:32:31.249 [main] INFO com.intuit.karate -- Test case #13 - Status: 400, Result: {"success":false,"statusCode":400,"message":"D? li?u không h?p l?","path":"/auth/login","timestamp":"2025-06-21T16:32:31.246Z"} 
23:32:31.249 [main] INFO com.intuit.karate -- ?ang ch?y test case #14: TC: XSS trong password 
23:32:31.254 [main] INFO com.intuit.karate -- karate.env system property was: null 
23:32:31.255 [main] DEBUG com.jayway.jsonpath.internal.path.CompiledPath -- Evaluating path: $
23:32:31.255 [main] DEBUG org.apache.http.client.protocol.RequestAddCookies -- CookieSpec selected: karate
23:32:31.255 [main] DEBUG org.apache.http.client.protocol.RequestAuthCache -- Auth cache not set in the context
23:32:31.255 [main] DEBUG com.intuit.karate -- request:
1 > POST http://localhost:3000/auth/login
1 > Content-Type: application/json; charset=UTF-8
1 > Content-Length: 71
1 > Host: localhost:3000
1 > Connection: Keep-Alive
1 > User-Agent: Apache-HttpClient/4.5.14 (Java/17.0.12)
1 > Accept-Encoding: gzip,deflate
{
  "email": "nam@gmail.com",
  "password": "<script>alert(\"xss\")</script>"
}


23:32:31.255 [main] DEBUG org.apache.http.impl.conn.PoolingHttpClientConnectionManager -- Connection request: [route: {}->http://localhost:3000][total available: 0; route allocated: 0 of 5; total allocated: 0 of 10]
23:32:31.255 [main] DEBUG org.apache.http.impl.conn.PoolingHttpClientConnectionManager -- Connection leased: [id: 13][route: {}->http://localhost:3000][total available: 0; route allocated: 1 of 5; total allocated: 1 of 10]
23:32:31.255 [main] DEBUG org.apache.http.impl.execchain.MainClientExec -- Opening connection {}->http://localhost:3000
23:32:31.256 [main] DEBUG org.apache.http.impl.conn.DefaultHttpClientConnectionOperator -- Connecting to localhost/127.0.0.1:3000
23:32:31.256 [main] DEBUG org.apache.http.impl.conn.DefaultHttpClientConnectionOperator -- Connection established 127.0.0.1:63383<->127.0.0.1:3000
23:32:31.256 [main] DEBUG org.apache.http.impl.conn.DefaultManagedHttpClientConnection -- http-outgoing-13: set socket timeout to 5000
23:32:31.256 [main] DEBUG org.apache.http.impl.execchain.MainClientExec -- Executing request POST /auth/login HTTP/1.1
23:32:31.256 [main] DEBUG org.apache.http.impl.execchain.MainClientExec -- Target auth state: UNCHALLENGED
23:32:31.256 [main] DEBUG org.apache.http.impl.execchain.MainClientExec -- Proxy auth state: UNCHALLENGED
23:32:31.256 [main] DEBUG org.apache.http.headers -- http-outgoing-13 >> POST /auth/login HTTP/1.1
23:32:31.256 [main] DEBUG org.apache.http.headers -- http-outgoing-13 >> Content-Type: application/json; charset=UTF-8
23:32:31.256 [main] DEBUG org.apache.http.headers -- http-outgoing-13 >> Content-Length: 71
23:32:31.256 [main] DEBUG org.apache.http.headers -- http-outgoing-13 >> Host: localhost:3000
23:32:31.256 [main] DEBUG org.apache.http.headers -- http-outgoing-13 >> Connection: Keep-Alive
23:32:31.256 [main] DEBUG org.apache.http.headers -- http-outgoing-13 >> User-Agent: Apache-HttpClient/4.5.14 (Java/17.0.12)
23:32:31.256 [main] DEBUG org.apache.http.headers -- http-outgoing-13 >> Accept-Encoding: gzip,deflate
23:32:31.256 [main] DEBUG org.apache.http.wire -- http-outgoing-13 >> "POST /auth/login HTTP/1.1[\r][\n]"
23:32:31.256 [main] DEBUG org.apache.http.wire -- http-outgoing-13 >> "Content-Type: application/json; charset=UTF-8[\r][\n]"
23:32:31.256 [main] DEBUG org.apache.http.wire -- http-outgoing-13 >> "Content-Length: 71[\r][\n]"
23:32:31.256 [main] DEBUG org.apache.http.wire -- http-outgoing-13 >> "Host: localhost:3000[\r][\n]"
23:32:31.256 [main] DEBUG org.apache.http.wire -- http-outgoing-13 >> "Connection: Keep-Alive[\r][\n]"
23:32:31.256 [main] DEBUG org.apache.http.wire -- http-outgoing-13 >> "User-Agent: Apache-HttpClient/4.5.14 (Java/17.0.12)[\r][\n]"
23:32:31.256 [main] DEBUG org.apache.http.wire -- http-outgoing-13 >> "Accept-Encoding: gzip,deflate[\r][\n]"
23:32:31.256 [main] DEBUG org.apache.http.wire -- http-outgoing-13 >> "[\r][\n]"
23:32:31.256 [main] DEBUG org.apache.http.wire -- http-outgoing-13 >> "{"email":"nam@gmail.com","password":"<script>alert(\"xss\")<\/script>"}"
23:32:31.340 [main] DEBUG org.apache.http.wire -- http-outgoing-13 << "HTTP/1.1 401 Unauthorized[\r][\n]"
23:32:31.340 [main] DEBUG org.apache.http.wire -- http-outgoing-13 << "X-Powered-By: Express[\r][\n]"
23:32:31.340 [main] DEBUG org.apache.http.wire -- http-outgoing-13 << "Access-Control-Allow-Origin: *[\r][\n]"
23:32:31.340 [main] DEBUG org.apache.http.wire -- http-outgoing-13 << "Content-Type: application/json; charset=utf-8[\r][\n]"
23:32:31.340 [main] DEBUG org.apache.http.wire -- http-outgoing-13 << "Content-Length: 149[\r][\n]"
23:32:31.340 [main] DEBUG org.apache.http.wire -- http-outgoing-13 << "ETag: W/"95-10ru/XRKA7zRQA/EufmWjtT4hE4"[\r][\n]"
23:32:31.340 [main] DEBUG org.apache.http.wire -- http-outgoing-13 << "Date: Sat, 21 Jun 2025 16:32:31 GMT[\r][\n]"
23:32:31.340 [main] DEBUG org.apache.http.wire -- http-outgoing-13 << "Connection: keep-alive[\r][\n]"
23:32:31.340 [main] DEBUG org.apache.http.wire -- http-outgoing-13 << "Keep-Alive: timeout=5[\r][\n]"
23:32:31.340 [main] DEBUG org.apache.http.wire -- http-outgoing-13 << "[\r][\n]"
23:32:31.340 [main] DEBUG org.apache.http.wire -- http-outgoing-13 << "{"success":false,"statusCode":401,"message":"Th[0xc3][0xb4]ng tin [0xc4][0x91][0xc4][0x83]ng nh[0xe1][0xba][0xad]p kh[0xc3][0xb4]ng h[0xe1][0xbb][0xa3]p l[0xe1][0xbb][0x87]","path":"/auth/login","timestamp":"2025-06-21T16:32:31.340Z"}"
23:32:31.340 [main] DEBUG org.apache.http.headers -- http-outgoing-13 << HTTP/1.1 401 Unauthorized
23:32:31.340 [main] DEBUG org.apache.http.headers -- http-outgoing-13 << X-Powered-By: Express
23:32:31.340 [main] DEBUG org.apache.http.headers -- http-outgoing-13 << Access-Control-Allow-Origin: *
23:32:31.340 [main] DEBUG org.apache.http.headers -- http-outgoing-13 << Content-Type: application/json; charset=utf-8
23:32:31.340 [main] DEBUG org.apache.http.headers -- http-outgoing-13 << Content-Length: 149
23:32:31.340 [main] DEBUG org.apache.http.headers -- http-outgoing-13 << ETag: W/"95-10ru/XRKA7zRQA/EufmWjtT4hE4"
23:32:31.340 [main] DEBUG org.apache.http.headers -- http-outgoing-13 << Date: Sat, 21 Jun 2025 16:32:31 GMT
23:32:31.340 [main] DEBUG org.apache.http.headers -- http-outgoing-13 << Connection: keep-alive
23:32:31.340 [main] DEBUG org.apache.http.headers -- http-outgoing-13 << Keep-Alive: timeout=5
23:32:31.341 [main] DEBUG org.apache.http.impl.execchain.MainClientExec -- Connection can be kept alive for 5000 MILLISECONDS
23:32:31.341 [main] DEBUG org.apache.http.impl.auth.HttpAuthenticator -- Authentication required
23:32:31.341 [main] DEBUG org.apache.http.impl.auth.HttpAuthenticator -- localhost:3000 requested authentication
23:32:31.341 [main] DEBUG org.apache.http.impl.auth.HttpAuthenticator -- Response contains no authentication challenges
23:32:31.341 [main] DEBUG org.apache.http.impl.conn.PoolingHttpClientConnectionManager -- Connection [id: 13][route: {}->http://localhost:3000] can be kept alive for 5.0 seconds
23:32:31.341 [main] DEBUG org.apache.http.impl.conn.DefaultManagedHttpClientConnection -- http-outgoing-13: set socket timeout to 0
23:32:31.341 [main] DEBUG org.apache.http.impl.conn.PoolingHttpClientConnectionManager -- Connection released: [id: 13][route: {}->http://localhost:3000][total available: 1; route allocated: 1 of 5; total allocated: 1 of 10]
23:32:31.341 [main] DEBUG org.apache.http.impl.conn.PoolingHttpClientConnectionManager -- Connection manager is shutting down
23:32:31.341 [main] DEBUG org.apache.http.impl.conn.DefaultManagedHttpClientConnection -- http-outgoing-13: Close connection
23:32:31.341 [main] DEBUG org.apache.http.impl.conn.PoolingHttpClientConnectionManager -- Connection manager shut down
23:32:31.341 [main] DEBUG com.intuit.karate -- response time in milliseconds: 86
1 < 401
1 < X-Powered-By: Express
1 < Access-Control-Allow-Origin: *
1 < Content-Type: application/json; charset=utf-8
1 < Content-Length: 149
1 < ETag: W/"95-10ru/XRKA7zRQA/EufmWjtT4hE4"
1 < Date: Sat, 21 Jun 2025 16:32:31 GMT
1 < Connection: keep-alive
1 < Keep-Alive: timeout=5
{
  "success": false,
  "statusCode": 401,
  "message": "Thông tin ??ng nh?p không h?p l?",
  "path": "/auth/login",
  "timestamp": "2025-06-21T16:32:31.340Z"
}


23:32:31.342 [main] INFO com.intuit.karate -- [print] Calling login API v?i email: nam@gmail.com password: <script>alert("xss")</script> 
23:32:31.342 [main] INFO com.intuit.karate -- [print] Response status: 401 body: {
  "success": false,
  "statusCode": 401,
  "message": "Thông tin ??ng nh?p không h?p l?",
  "path": "/auth/login",
  "timestamp": "2025-06-21T16:32:31.340Z"
}
 
23:32:31.343 [main] INFO com.intuit.karate -- STATUS MISMATCH - Expected: 400, Actual: 401 
23:32:31.344 [main] INFO com.intuit.karate -- Test Case Data: {
  "email": "nam@gmail.com",
  "password": "<script>alert(\"xss\")</script>",
  "expectedStatus": 400.0,
  "expectedResult": "Invalid input",
  "testDescription": "TC: XSS trong password",
  "responseStatus": "",
  "result": ""
}
 
23:32:31.344 [main] INFO com.intuit.karate -- Expected Status: 400.0 
23:32:31.344 [main] INFO com.intuit.karate -- Expected Result: Invalid input 
23:32:31.344 [main] INFO com.intuit.karate -- Actual Status: 401 
23:32:31.344 [main] INFO com.intuit.karate -- Is Expected Status: false 
23:32:31.344 [main] INFO com.intuit.karate -- Test case #14 - Status: 401, Result: {"success":false,"statusCode":401,"message":"Thông tin ??ng nh?p không h?p l?","path":"/auth/login","timestamp":"2025-06-21T16:32:31.340Z"} 
23:32:31.344 [main] INFO com.intuit.karate -- ?ang ch?y test case #15: TC: V??t quá s? l?n th? - l?n 1 
23:32:31.348 [main] INFO com.intuit.karate -- karate.env system property was: null 
23:32:31.349 [main] DEBUG com.jayway.jsonpath.internal.path.CompiledPath -- Evaluating path: $
23:32:31.350 [main] DEBUG org.apache.http.client.protocol.RequestAddCookies -- CookieSpec selected: karate
23:32:31.351 [main] DEBUG org.apache.http.client.protocol.RequestAuthCache -- Auth cache not set in the context
23:32:31.351 [main] DEBUG com.intuit.karate -- request:
1 > POST http://localhost:3000/auth/login
1 > Content-Type: application/json; charset=UTF-8
1 > Content-Length: 56
1 > Host: localhost:3000
1 > Connection: Keep-Alive
1 > User-Agent: Apache-HttpClient/4.5.14 (Java/17.0.12)
1 > Accept-Encoding: gzip,deflate
{
  "email": "brute.force@test.com",
  "password": "wrongpass1"
}


23:32:31.351 [main] DEBUG org.apache.http.impl.conn.PoolingHttpClientConnectionManager -- Connection request: [route: {}->http://localhost:3000][total available: 0; route allocated: 0 of 5; total allocated: 0 of 10]
23:32:31.351 [main] DEBUG org.apache.http.impl.conn.PoolingHttpClientConnectionManager -- Connection leased: [id: 14][route: {}->http://localhost:3000][total available: 0; route allocated: 1 of 5; total allocated: 1 of 10]
23:32:31.351 [main] DEBUG org.apache.http.impl.execchain.MainClientExec -- Opening connection {}->http://localhost:3000
23:32:31.351 [main] DEBUG org.apache.http.impl.conn.DefaultHttpClientConnectionOperator -- Connecting to localhost/127.0.0.1:3000
23:32:31.351 [main] DEBUG org.apache.http.impl.conn.DefaultHttpClientConnectionOperator -- Connection established 127.0.0.1:63384<->127.0.0.1:3000
23:32:31.351 [main] DEBUG org.apache.http.impl.conn.DefaultManagedHttpClientConnection -- http-outgoing-14: set socket timeout to 5000
23:32:31.351 [main] DEBUG org.apache.http.impl.execchain.MainClientExec -- Executing request POST /auth/login HTTP/1.1
23:32:31.351 [main] DEBUG org.apache.http.impl.execchain.MainClientExec -- Target auth state: UNCHALLENGED
23:32:31.351 [main] DEBUG org.apache.http.impl.execchain.MainClientExec -- Proxy auth state: UNCHALLENGED
23:32:31.351 [main] DEBUG org.apache.http.headers -- http-outgoing-14 >> POST /auth/login HTTP/1.1
23:32:31.352 [main] DEBUG org.apache.http.headers -- http-outgoing-14 >> Content-Type: application/json; charset=UTF-8
23:32:31.352 [main] DEBUG org.apache.http.headers -- http-outgoing-14 >> Content-Length: 56
23:32:31.352 [main] DEBUG org.apache.http.headers -- http-outgoing-14 >> Host: localhost:3000
23:32:31.352 [main] DEBUG org.apache.http.headers -- http-outgoing-14 >> Connection: Keep-Alive
23:32:31.352 [main] DEBUG org.apache.http.headers -- http-outgoing-14 >> User-Agent: Apache-HttpClient/4.5.14 (Java/17.0.12)
23:32:31.352 [main] DEBUG org.apache.http.headers -- http-outgoing-14 >> Accept-Encoding: gzip,deflate
23:32:31.352 [main] DEBUG org.apache.http.wire -- http-outgoing-14 >> "POST /auth/login HTTP/1.1[\r][\n]"
23:32:31.352 [main] DEBUG org.apache.http.wire -- http-outgoing-14 >> "Content-Type: application/json; charset=UTF-8[\r][\n]"
23:32:31.352 [main] DEBUG org.apache.http.wire -- http-outgoing-14 >> "Content-Length: 56[\r][\n]"
23:32:31.352 [main] DEBUG org.apache.http.wire -- http-outgoing-14 >> "Host: localhost:3000[\r][\n]"
23:32:31.352 [main] DEBUG org.apache.http.wire -- http-outgoing-14 >> "Connection: Keep-Alive[\r][\n]"
23:32:31.352 [main] DEBUG org.apache.http.wire -- http-outgoing-14 >> "User-Agent: Apache-HttpClient/4.5.14 (Java/17.0.12)[\r][\n]"
23:32:31.352 [main] DEBUG org.apache.http.wire -- http-outgoing-14 >> "Accept-Encoding: gzip,deflate[\r][\n]"
23:32:31.352 [main] DEBUG org.apache.http.wire -- http-outgoing-14 >> "[\r][\n]"
23:32:31.352 [main] DEBUG org.apache.http.wire -- http-outgoing-14 >> "{"email":"brute.force@test.com","password":"wrongpass1"}"
23:32:31.381 [main] DEBUG org.apache.http.wire -- http-outgoing-14 << "HTTP/1.1 401 Unauthorized[\r][\n]"
23:32:31.381 [main] DEBUG org.apache.http.wire -- http-outgoing-14 << "X-Powered-By: Express[\r][\n]"
23:32:31.381 [main] DEBUG org.apache.http.wire -- http-outgoing-14 << "Access-Control-Allow-Origin: *[\r][\n]"
23:32:31.381 [main] DEBUG org.apache.http.wire -- http-outgoing-14 << "Content-Type: application/json; charset=utf-8[\r][\n]"
23:32:31.381 [main] DEBUG org.apache.http.wire -- http-outgoing-14 << "Content-Length: 149[\r][\n]"
23:32:31.381 [main] DEBUG org.apache.http.wire -- http-outgoing-14 << "ETag: W/"95-CE6V2a64xRU1LQ9aM6gHDyWFjFg"[\r][\n]"
23:32:31.381 [main] DEBUG org.apache.http.wire -- http-outgoing-14 << "Date: Sat, 21 Jun 2025 16:32:31 GMT[\r][\n]"
23:32:31.381 [main] DEBUG org.apache.http.wire -- http-outgoing-14 << "Connection: keep-alive[\r][\n]"
23:32:31.381 [main] DEBUG org.apache.http.wire -- http-outgoing-14 << "Keep-Alive: timeout=5[\r][\n]"
23:32:31.381 [main] DEBUG org.apache.http.wire -- http-outgoing-14 << "[\r][\n]"
23:32:31.381 [main] DEBUG org.apache.http.wire -- http-outgoing-14 << "{"success":false,"statusCode":401,"message":"Th[0xc3][0xb4]ng tin [0xc4][0x91][0xc4][0x83]ng nh[0xe1][0xba][0xad]p kh[0xc3][0xb4]ng h[0xe1][0xbb][0xa3]p l[0xe1][0xbb][0x87]","path":"/auth/login","timestamp":"2025-06-21T16:32:31.382Z"}"
23:32:31.381 [main] DEBUG org.apache.http.headers -- http-outgoing-14 << HTTP/1.1 401 Unauthorized
23:32:31.381 [main] DEBUG org.apache.http.headers -- http-outgoing-14 << X-Powered-By: Express
23:32:31.381 [main] DEBUG org.apache.http.headers -- http-outgoing-14 << Access-Control-Allow-Origin: *
23:32:31.381 [main] DEBUG org.apache.http.headers -- http-outgoing-14 << Content-Type: application/json; charset=utf-8
23:32:31.381 [main] DEBUG org.apache.http.headers -- http-outgoing-14 << Content-Length: 149
23:32:31.381 [main] DEBUG org.apache.http.headers -- http-outgoing-14 << ETag: W/"95-CE6V2a64xRU1LQ9aM6gHDyWFjFg"
23:32:31.381 [main] DEBUG org.apache.http.headers -- http-outgoing-14 << Date: Sat, 21 Jun 2025 16:32:31 GMT
23:32:31.381 [main] DEBUG org.apache.http.headers -- http-outgoing-14 << Connection: keep-alive
23:32:31.381 [main] DEBUG org.apache.http.headers -- http-outgoing-14 << Keep-Alive: timeout=5
23:32:31.381 [main] DEBUG org.apache.http.impl.execchain.MainClientExec -- Connection can be kept alive for 5000 MILLISECONDS
23:32:31.381 [main] DEBUG org.apache.http.impl.auth.HttpAuthenticator -- Authentication required
23:32:31.381 [main] DEBUG org.apache.http.impl.auth.HttpAuthenticator -- localhost:3000 requested authentication
23:32:31.381 [main] DEBUG org.apache.http.impl.auth.HttpAuthenticator -- Response contains no authentication challenges
23:32:31.381 [main] DEBUG org.apache.http.impl.conn.PoolingHttpClientConnectionManager -- Connection [id: 14][route: {}->http://localhost:3000] can be kept alive for 5.0 seconds
23:32:31.381 [main] DEBUG org.apache.http.impl.conn.DefaultManagedHttpClientConnection -- http-outgoing-14: set socket timeout to 0
23:32:31.381 [main] DEBUG org.apache.http.impl.conn.PoolingHttpClientConnectionManager -- Connection released: [id: 14][route: {}->http://localhost:3000][total available: 1; route allocated: 1 of 5; total allocated: 1 of 10]
23:32:31.381 [main] DEBUG org.apache.http.impl.conn.PoolingHttpClientConnectionManager -- Connection manager is shutting down
23:32:31.381 [main] DEBUG org.apache.http.impl.conn.DefaultManagedHttpClientConnection -- http-outgoing-14: Close connection
23:32:31.381 [main] DEBUG org.apache.http.impl.conn.PoolingHttpClientConnectionManager -- Connection manager shut down
23:32:31.383 [main] DEBUG com.intuit.karate -- response time in milliseconds: 30
1 < 401
1 < X-Powered-By: Express
1 < Access-Control-Allow-Origin: *
1 < Content-Type: application/json; charset=utf-8
1 < Content-Length: 149
1 < ETag: W/"95-CE6V2a64xRU1LQ9aM6gHDyWFjFg"
1 < Date: Sat, 21 Jun 2025 16:32:31 GMT
1 < Connection: keep-alive
1 < Keep-Alive: timeout=5
{
  "success": false,
  "statusCode": 401,
  "message": "Thông tin ??ng nh?p không h?p l?",
  "path": "/auth/login",
  "timestamp": "2025-06-21T16:32:31.382Z"
}


23:32:31.384 [main] INFO com.intuit.karate -- [print] Calling login API v?i email: brute.force@test.com password: wrongpass1 
23:32:31.384 [main] INFO com.intuit.karate -- [print] Response status: 401 body: {
  "success": false,
  "statusCode": 401,
  "message": "Thông tin ??ng nh?p không h?p l?",
  "path": "/auth/login",
  "timestamp": "2025-06-21T16:32:31.382Z"
}
 
23:32:31.385 [main] INFO com.intuit.karate -- STATUS MISMATCH - Expected: 429, Actual: 401 
23:32:31.385 [main] INFO com.intuit.karate -- Test Case Data: {
  "email": "brute.force@test.com",
  "password": "wrongpass1",
  "expectedStatus": 429.0,
  "expectedResult": "Too many login attempts",
  "testDescription": "TC: V??t quá s? l?n th? - l?n 1",
  "responseStatus": "",
  "result": ""
}
 
23:32:31.385 [main] INFO com.intuit.karate -- Expected Status: 429.0 
23:32:31.385 [main] INFO com.intuit.karate -- Expected Result: Too many login attempts 
23:32:31.385 [main] INFO com.intuit.karate -- Actual Status: 401 
23:32:31.385 [main] INFO com.intuit.karate -- Is Expected Status: false 
23:32:31.385 [main] INFO com.intuit.karate -- Test case #15 - Status: 401, Result: {"success":false,"statusCode":401,"message":"Thông tin ??ng nh?p không h?p l?","path":"/auth/login","timestamp":"2025-06-21T16:32:31.382Z"} 
23:32:31.385 [main] INFO com.intuit.karate -- ?ang ch?y test case #16: TC: V??t quá s? l?n th? - l?n 2 
23:32:31.389 [main] INFO com.intuit.karate -- karate.env system property was: null 
23:32:31.390 [main] DEBUG com.jayway.jsonpath.internal.path.CompiledPath -- Evaluating path: $
23:32:31.391 [main] DEBUG org.apache.http.client.protocol.RequestAddCookies -- CookieSpec selected: karate
23:32:31.391 [main] DEBUG org.apache.http.client.protocol.RequestAuthCache -- Auth cache not set in the context
23:32:31.391 [main] DEBUG com.intuit.karate -- request:
1 > POST http://localhost:3000/auth/login
1 > Content-Type: application/json; charset=UTF-8
1 > Content-Length: 56
1 > Host: localhost:3000
1 > Connection: Keep-Alive
1 > User-Agent: Apache-HttpClient/4.5.14 (Java/17.0.12)
1 > Accept-Encoding: gzip,deflate
{
  "email": "brute.force@test.com",
  "password": "wrongpass2"
}


23:32:31.391 [main] DEBUG org.apache.http.impl.conn.PoolingHttpClientConnectionManager -- Connection request: [route: {}->http://localhost:3000][total available: 0; route allocated: 0 of 5; total allocated: 0 of 10]
23:32:31.391 [main] DEBUG org.apache.http.impl.conn.PoolingHttpClientConnectionManager -- Connection leased: [id: 15][route: {}->http://localhost:3000][total available: 0; route allocated: 1 of 5; total allocated: 1 of 10]
23:32:31.391 [main] DEBUG org.apache.http.impl.execchain.MainClientExec -- Opening connection {}->http://localhost:3000
23:32:31.391 [main] DEBUG org.apache.http.impl.conn.DefaultHttpClientConnectionOperator -- Connecting to localhost/127.0.0.1:3000
23:32:31.391 [main] DEBUG org.apache.http.impl.conn.DefaultHttpClientConnectionOperator -- Connection established 127.0.0.1:63385<->127.0.0.1:3000
23:32:31.391 [main] DEBUG org.apache.http.impl.conn.DefaultManagedHttpClientConnection -- http-outgoing-15: set socket timeout to 5000
23:32:31.391 [main] DEBUG org.apache.http.impl.execchain.MainClientExec -- Executing request POST /auth/login HTTP/1.1
23:32:31.391 [main] DEBUG org.apache.http.impl.execchain.MainClientExec -- Target auth state: UNCHALLENGED
23:32:31.391 [main] DEBUG org.apache.http.impl.execchain.MainClientExec -- Proxy auth state: UNCHALLENGED
23:32:31.393 [main] DEBUG org.apache.http.headers -- http-outgoing-15 >> POST /auth/login HTTP/1.1
23:32:31.393 [main] DEBUG org.apache.http.headers -- http-outgoing-15 >> Content-Type: application/json; charset=UTF-8
23:32:31.393 [main] DEBUG org.apache.http.headers -- http-outgoing-15 >> Content-Length: 56
23:32:31.393 [main] DEBUG org.apache.http.headers -- http-outgoing-15 >> Host: localhost:3000
23:32:31.393 [main] DEBUG org.apache.http.headers -- http-outgoing-15 >> Connection: Keep-Alive
23:32:31.393 [main] DEBUG org.apache.http.headers -- http-outgoing-15 >> User-Agent: Apache-HttpClient/4.5.14 (Java/17.0.12)
23:32:31.393 [main] DEBUG org.apache.http.headers -- http-outgoing-15 >> Accept-Encoding: gzip,deflate
23:32:31.393 [main] DEBUG org.apache.http.wire -- http-outgoing-15 >> "POST /auth/login HTTP/1.1[\r][\n]"
23:32:31.393 [main] DEBUG org.apache.http.wire -- http-outgoing-15 >> "Content-Type: application/json; charset=UTF-8[\r][\n]"
23:32:31.393 [main] DEBUG org.apache.http.wire -- http-outgoing-15 >> "Content-Length: 56[\r][\n]"
23:32:31.393 [main] DEBUG org.apache.http.wire -- http-outgoing-15 >> "Host: localhost:3000[\r][\n]"
23:32:31.393 [main] DEBUG org.apache.http.wire -- http-outgoing-15 >> "Connection: Keep-Alive[\r][\n]"
23:32:31.393 [main] DEBUG org.apache.http.wire -- http-outgoing-15 >> "User-Agent: Apache-HttpClient/4.5.14 (Java/17.0.12)[\r][\n]"
23:32:31.393 [main] DEBUG org.apache.http.wire -- http-outgoing-15 >> "Accept-Encoding: gzip,deflate[\r][\n]"
23:32:31.393 [main] DEBUG org.apache.http.wire -- http-outgoing-15 >> "[\r][\n]"
23:32:31.393 [main] DEBUG org.apache.http.wire -- http-outgoing-15 >> "{"email":"brute.force@test.com","password":"wrongpass2"}"
23:32:31.425 [main] DEBUG org.apache.http.wire -- http-outgoing-15 << "HTTP/1.1 401 Unauthorized[\r][\n]"
23:32:31.425 [main] DEBUG org.apache.http.wire -- http-outgoing-15 << "X-Powered-By: Express[\r][\n]"
23:32:31.425 [main] DEBUG org.apache.http.wire -- http-outgoing-15 << "Access-Control-Allow-Origin: *[\r][\n]"
23:32:31.425 [main] DEBUG org.apache.http.wire -- http-outgoing-15 << "Content-Type: application/json; charset=utf-8[\r][\n]"
23:32:31.425 [main] DEBUG org.apache.http.wire -- http-outgoing-15 << "Content-Length: 149[\r][\n]"
23:32:31.425 [main] DEBUG org.apache.http.wire -- http-outgoing-15 << "ETag: W/"95-JtAybJhqw86dzxdMGOGEMn0IX+w"[\r][\n]"
23:32:31.425 [main] DEBUG org.apache.http.wire -- http-outgoing-15 << "Date: Sat, 21 Jun 2025 16:32:31 GMT[\r][\n]"
23:32:31.425 [main] DEBUG org.apache.http.wire -- http-outgoing-15 << "Connection: keep-alive[\r][\n]"
23:32:31.425 [main] DEBUG org.apache.http.wire -- http-outgoing-15 << "Keep-Alive: timeout=5[\r][\n]"
23:32:31.425 [main] DEBUG org.apache.http.wire -- http-outgoing-15 << "[\r][\n]"
23:32:31.425 [main] DEBUG org.apache.http.wire -- http-outgoing-15 << "{"success":false,"statusCode":401,"message":"Th[0xc3][0xb4]ng tin [0xc4][0x91][0xc4][0x83]ng nh[0xe1][0xba][0xad]p kh[0xc3][0xb4]ng h[0xe1][0xbb][0xa3]p l[0xe1][0xbb][0x87]","path":"/auth/login","timestamp":"2025-06-21T16:32:31.426Z"}"
23:32:31.425 [main] DEBUG org.apache.http.headers -- http-outgoing-15 << HTTP/1.1 401 Unauthorized
23:32:31.425 [main] DEBUG org.apache.http.headers -- http-outgoing-15 << X-Powered-By: Express
23:32:31.425 [main] DEBUG org.apache.http.headers -- http-outgoing-15 << Access-Control-Allow-Origin: *
23:32:31.425 [main] DEBUG org.apache.http.headers -- http-outgoing-15 << Content-Type: application/json; charset=utf-8
23:32:31.425 [main] DEBUG org.apache.http.headers -- http-outgoing-15 << Content-Length: 149
23:32:31.425 [main] DEBUG org.apache.http.headers -- http-outgoing-15 << ETag: W/"95-JtAybJhqw86dzxdMGOGEMn0IX+w"
23:32:31.425 [main] DEBUG org.apache.http.headers -- http-outgoing-15 << Date: Sat, 21 Jun 2025 16:32:31 GMT
23:32:31.425 [main] DEBUG org.apache.http.headers -- http-outgoing-15 << Connection: keep-alive
23:32:31.425 [main] DEBUG org.apache.http.headers -- http-outgoing-15 << Keep-Alive: timeout=5
23:32:31.427 [main] DEBUG org.apache.http.impl.execchain.MainClientExec -- Connection can be kept alive for 5000 MILLISECONDS
23:32:31.427 [main] DEBUG org.apache.http.impl.auth.HttpAuthenticator -- Authentication required
23:32:31.427 [main] DEBUG org.apache.http.impl.auth.HttpAuthenticator -- localhost:3000 requested authentication
23:32:31.427 [main] DEBUG org.apache.http.impl.auth.HttpAuthenticator -- Response contains no authentication challenges
23:32:31.427 [main] DEBUG org.apache.http.impl.conn.PoolingHttpClientConnectionManager -- Connection [id: 15][route: {}->http://localhost:3000] can be kept alive for 5.0 seconds
23:32:31.427 [main] DEBUG org.apache.http.impl.conn.DefaultManagedHttpClientConnection -- http-outgoing-15: set socket timeout to 0
23:32:31.427 [main] DEBUG org.apache.http.impl.conn.PoolingHttpClientConnectionManager -- Connection released: [id: 15][route: {}->http://localhost:3000][total available: 1; route allocated: 1 of 5; total allocated: 1 of 10]
23:32:31.427 [main] DEBUG org.apache.http.impl.conn.PoolingHttpClientConnectionManager -- Connection manager is shutting down
23:32:31.427 [main] DEBUG org.apache.http.impl.conn.DefaultManagedHttpClientConnection -- http-outgoing-15: Close connection
23:32:31.427 [main] DEBUG org.apache.http.impl.conn.PoolingHttpClientConnectionManager -- Connection manager shut down
23:32:31.427 [main] DEBUG com.intuit.karate -- response time in milliseconds: 36
1 < 401
1 < X-Powered-By: Express
1 < Access-Control-Allow-Origin: *
1 < Content-Type: application/json; charset=utf-8
1 < Content-Length: 149
1 < ETag: W/"95-JtAybJhqw86dzxdMGOGEMn0IX+w"
1 < Date: Sat, 21 Jun 2025 16:32:31 GMT
1 < Connection: keep-alive
1 < Keep-Alive: timeout=5
{
  "success": false,
  "statusCode": 401,
  "message": "Thông tin ??ng nh?p không h?p l?",
  "path": "/auth/login",
  "timestamp": "2025-06-21T16:32:31.426Z"
}


23:32:31.428 [main] INFO com.intuit.karate -- [print] Calling login API v?i email: brute.force@test.com password: wrongpass2 
23:32:31.428 [main] INFO com.intuit.karate -- [print] Response status: 401 body: {
  "success": false,
  "statusCode": 401,
  "message": "Thông tin ??ng nh?p không h?p l?",
  "path": "/auth/login",
  "timestamp": "2025-06-21T16:32:31.426Z"
}
 
23:32:31.429 [main] INFO com.intuit.karate -- STATUS MISMATCH - Expected: 429, Actual: 401 
23:32:31.429 [main] INFO com.intuit.karate -- Test Case Data: {
  "email": "brute.force@test.com",
  "password": "wrongpass2",
  "expectedStatus": 429.0,
  "expectedResult": "Too many login attempts",
  "testDescription": "TC: V??t quá s? l?n th? - l?n 2",
  "responseStatus": "",
  "result": ""
}
 
23:32:31.429 [main] INFO com.intuit.karate -- Expected Status: 429.0 
23:32:31.429 [main] INFO com.intuit.karate -- Expected Result: Too many login attempts 
23:32:31.429 [main] INFO com.intuit.karate -- Actual Status: 401 
23:32:31.429 [main] INFO com.intuit.karate -- Is Expected Status: false 
23:32:31.429 [main] INFO com.intuit.karate -- Test case #16 - Status: 401, Result: {"success":false,"statusCode":401,"message":"Thông tin ??ng nh?p không h?p l?","path":"/auth/login","timestamp":"2025-06-21T16:32:31.426Z"} 
23:32:31.430 [main] INFO com.intuit.karate -- ?ang ch?y test case #17: TC: V??t quá s? l?n th? - l?n 3 
23:32:31.434 [main] INFO com.intuit.karate -- karate.env system property was: null 
23:32:31.435 [main] DEBUG com.jayway.jsonpath.internal.path.CompiledPath -- Evaluating path: $
23:32:31.436 [main] DEBUG org.apache.http.client.protocol.RequestAddCookies -- CookieSpec selected: karate
23:32:31.436 [main] DEBUG org.apache.http.client.protocol.RequestAuthCache -- Auth cache not set in the context
23:32:31.437 [main] DEBUG com.intuit.karate -- request:
1 > POST http://localhost:3000/auth/login
1 > Content-Type: application/json; charset=UTF-8
1 > Content-Length: 56
1 > Host: localhost:3000
1 > Connection: Keep-Alive
1 > User-Agent: Apache-HttpClient/4.5.14 (Java/17.0.12)
1 > Accept-Encoding: gzip,deflate
{
  "email": "brute.force@test.com",
  "password": "wrongpass3"
}


23:32:31.437 [main] DEBUG org.apache.http.impl.conn.PoolingHttpClientConnectionManager -- Connection request: [route: {}->http://localhost:3000][total available: 0; route allocated: 0 of 5; total allocated: 0 of 10]
23:32:31.437 [main] DEBUG org.apache.http.impl.conn.PoolingHttpClientConnectionManager -- Connection leased: [id: 16][route: {}->http://localhost:3000][total available: 0; route allocated: 1 of 5; total allocated: 1 of 10]
23:32:31.437 [main] DEBUG org.apache.http.impl.execchain.MainClientExec -- Opening connection {}->http://localhost:3000
23:32:31.437 [main] DEBUG org.apache.http.impl.conn.DefaultHttpClientConnectionOperator -- Connecting to localhost/127.0.0.1:3000
23:32:31.437 [main] DEBUG org.apache.http.impl.conn.DefaultHttpClientConnectionOperator -- Connection established 127.0.0.1:63386<->127.0.0.1:3000
23:32:31.437 [main] DEBUG org.apache.http.impl.conn.DefaultManagedHttpClientConnection -- http-outgoing-16: set socket timeout to 5000
23:32:31.437 [main] DEBUG org.apache.http.impl.execchain.MainClientExec -- Executing request POST /auth/login HTTP/1.1
23:32:31.437 [main] DEBUG org.apache.http.impl.execchain.MainClientExec -- Target auth state: UNCHALLENGED
23:32:31.437 [main] DEBUG org.apache.http.impl.execchain.MainClientExec -- Proxy auth state: UNCHALLENGED
23:32:31.438 [main] DEBUG org.apache.http.headers -- http-outgoing-16 >> POST /auth/login HTTP/1.1
23:32:31.438 [main] DEBUG org.apache.http.headers -- http-outgoing-16 >> Content-Type: application/json; charset=UTF-8
23:32:31.438 [main] DEBUG org.apache.http.headers -- http-outgoing-16 >> Content-Length: 56
23:32:31.438 [main] DEBUG org.apache.http.headers -- http-outgoing-16 >> Host: localhost:3000
23:32:31.438 [main] DEBUG org.apache.http.headers -- http-outgoing-16 >> Connection: Keep-Alive
23:32:31.438 [main] DEBUG org.apache.http.headers -- http-outgoing-16 >> User-Agent: Apache-HttpClient/4.5.14 (Java/17.0.12)
23:32:31.438 [main] DEBUG org.apache.http.headers -- http-outgoing-16 >> Accept-Encoding: gzip,deflate
23:32:31.438 [main] DEBUG org.apache.http.wire -- http-outgoing-16 >> "POST /auth/login HTTP/1.1[\r][\n]"
23:32:31.438 [main] DEBUG org.apache.http.wire -- http-outgoing-16 >> "Content-Type: application/json; charset=UTF-8[\r][\n]"
23:32:31.438 [main] DEBUG org.apache.http.wire -- http-outgoing-16 >> "Content-Length: 56[\r][\n]"
23:32:31.438 [main] DEBUG org.apache.http.wire -- http-outgoing-16 >> "Host: localhost:3000[\r][\n]"
23:32:31.438 [main] DEBUG org.apache.http.wire -- http-outgoing-16 >> "Connection: Keep-Alive[\r][\n]"
23:32:31.438 [main] DEBUG org.apache.http.wire -- http-outgoing-16 >> "User-Agent: Apache-HttpClient/4.5.14 (Java/17.0.12)[\r][\n]"
23:32:31.438 [main] DEBUG org.apache.http.wire -- http-outgoing-16 >> "Accept-Encoding: gzip,deflate[\r][\n]"
23:32:31.438 [main] DEBUG org.apache.http.wire -- http-outgoing-16 >> "[\r][\n]"
23:32:31.438 [main] DEBUG org.apache.http.wire -- http-outgoing-16 >> "{"email":"brute.force@test.com","password":"wrongpass3"}"
23:32:31.466 [main] DEBUG org.apache.http.wire -- http-outgoing-16 << "HTTP/1.1 401 Unauthorized[\r][\n]"
23:32:31.467 [main] DEBUG org.apache.http.wire -- http-outgoing-16 << "X-Powered-By: Express[\r][\n]"
23:32:31.467 [main] DEBUG org.apache.http.wire -- http-outgoing-16 << "Access-Control-Allow-Origin: *[\r][\n]"
23:32:31.467 [main] DEBUG org.apache.http.wire -- http-outgoing-16 << "Content-Type: application/json; charset=utf-8[\r][\n]"
23:32:31.467 [main] DEBUG org.apache.http.wire -- http-outgoing-16 << "Content-Length: 149[\r][\n]"
23:32:31.467 [main] DEBUG org.apache.http.wire -- http-outgoing-16 << "ETag: W/"95-G3y4JIfla9LD8Gv/CXMtMS25Xc0"[\r][\n]"
23:32:31.467 [main] DEBUG org.apache.http.wire -- http-outgoing-16 << "Date: Sat, 21 Jun 2025 16:32:31 GMT[\r][\n]"
23:32:31.467 [main] DEBUG org.apache.http.wire -- http-outgoing-16 << "Connection: keep-alive[\r][\n]"
23:32:31.467 [main] DEBUG org.apache.http.wire -- http-outgoing-16 << "Keep-Alive: timeout=5[\r][\n]"
23:32:31.467 [main] DEBUG org.apache.http.wire -- http-outgoing-16 << "[\r][\n]"
23:32:31.467 [main] DEBUG org.apache.http.wire -- http-outgoing-16 << "{"success":false,"statusCode":401,"message":"Th[0xc3][0xb4]ng tin [0xc4][0x91][0xc4][0x83]ng nh[0xe1][0xba][0xad]p kh[0xc3][0xb4]ng h[0xe1][0xbb][0xa3]p l[0xe1][0xbb][0x87]","path":"/auth/login","timestamp":"2025-06-21T16:32:31.467Z"}"
23:32:31.467 [main] DEBUG org.apache.http.headers -- http-outgoing-16 << HTTP/1.1 401 Unauthorized
23:32:31.467 [main] DEBUG org.apache.http.headers -- http-outgoing-16 << X-Powered-By: Express
23:32:31.467 [main] DEBUG org.apache.http.headers -- http-outgoing-16 << Access-Control-Allow-Origin: *
23:32:31.467 [main] DEBUG org.apache.http.headers -- http-outgoing-16 << Content-Type: application/json; charset=utf-8
23:32:31.467 [main] DEBUG org.apache.http.headers -- http-outgoing-16 << Content-Length: 149
23:32:31.467 [main] DEBUG org.apache.http.headers -- http-outgoing-16 << ETag: W/"95-G3y4JIfla9LD8Gv/CXMtMS25Xc0"
23:32:31.467 [main] DEBUG org.apache.http.headers -- http-outgoing-16 << Date: Sat, 21 Jun 2025 16:32:31 GMT
23:32:31.467 [main] DEBUG org.apache.http.headers -- http-outgoing-16 << Connection: keep-alive
23:32:31.467 [main] DEBUG org.apache.http.headers -- http-outgoing-16 << Keep-Alive: timeout=5
23:32:31.467 [main] DEBUG org.apache.http.impl.execchain.MainClientExec -- Connection can be kept alive for 5000 MILLISECONDS
23:32:31.467 [main] DEBUG org.apache.http.impl.auth.HttpAuthenticator -- Authentication required
23:32:31.467 [main] DEBUG org.apache.http.impl.auth.HttpAuthenticator -- localhost:3000 requested authentication
23:32:31.467 [main] DEBUG org.apache.http.impl.auth.HttpAuthenticator -- Response contains no authentication challenges
23:32:31.467 [main] DEBUG org.apache.http.impl.conn.PoolingHttpClientConnectionManager -- Connection [id: 16][route: {}->http://localhost:3000] can be kept alive for 5.0 seconds
23:32:31.467 [main] DEBUG org.apache.http.impl.conn.DefaultManagedHttpClientConnection -- http-outgoing-16: set socket timeout to 0
23:32:31.467 [main] DEBUG org.apache.http.impl.conn.PoolingHttpClientConnectionManager -- Connection released: [id: 16][route: {}->http://localhost:3000][total available: 1; route allocated: 1 of 5; total allocated: 1 of 10]
23:32:31.467 [main] DEBUG org.apache.http.impl.conn.PoolingHttpClientConnectionManager -- Connection manager is shutting down
23:32:31.467 [main] DEBUG org.apache.http.impl.conn.DefaultManagedHttpClientConnection -- http-outgoing-16: Close connection
23:32:31.467 [main] DEBUG org.apache.http.impl.conn.PoolingHttpClientConnectionManager -- Connection manager shut down
23:32:31.467 [main] DEBUG com.intuit.karate -- response time in milliseconds: 30
1 < 401
1 < X-Powered-By: Express
1 < Access-Control-Allow-Origin: *
1 < Content-Type: application/json; charset=utf-8
1 < Content-Length: 149
1 < ETag: W/"95-G3y4JIfla9LD8Gv/CXMtMS25Xc0"
1 < Date: Sat, 21 Jun 2025 16:32:31 GMT
1 < Connection: keep-alive
1 < Keep-Alive: timeout=5
{
  "success": false,
  "statusCode": 401,
  "message": "Thông tin ??ng nh?p không h?p l?",
  "path": "/auth/login",
  "timestamp": "2025-06-21T16:32:31.467Z"
}


23:32:31.468 [main] INFO com.intuit.karate -- [print] Calling login API v?i email: brute.force@test.com password: wrongpass3 
23:32:31.468 [main] INFO com.intuit.karate -- [print] Response status: 401 body: {
  "success": false,
  "statusCode": 401,
  "message": "Thông tin ??ng nh?p không h?p l?",
  "path": "/auth/login",
  "timestamp": "2025-06-21T16:32:31.467Z"
}
 
23:32:31.469 [main] INFO com.intuit.karate -- STATUS MISMATCH - Expected: 429, Actual: 401 
23:32:31.469 [main] INFO com.intuit.karate -- Test Case Data: {
  "email": "brute.force@test.com",
  "password": "wrongpass3",
  "expectedStatus": 429.0,
  "expectedResult": "Too many login attempts",
  "testDescription": "TC: V??t quá s? l?n th? - l?n 3",
  "responseStatus": "",
  "result": ""
}
 
23:32:31.469 [main] INFO com.intuit.karate -- Expected Status: 429.0 
23:32:31.469 [main] INFO com.intuit.karate -- Expected Result: Too many login attempts 
23:32:31.469 [main] INFO com.intuit.karate -- Actual Status: 401 
23:32:31.469 [main] INFO com.intuit.karate -- Is Expected Status: false 
23:32:31.469 [main] INFO com.intuit.karate -- Test case #17 - Status: 401, Result: {"success":false,"statusCode":401,"message":"Thông tin ??ng nh?p không h?p l?","path":"/auth/login","timestamp":"2025-06-21T16:32:31.467Z"} 
23:32:31.470 [main] INFO com.intuit.karate -- ?ang ch?y test case #18: TC: V??t quá s? l?n th? - l?n 4 
23:32:31.474 [main] INFO com.intuit.karate -- karate.env system property was: null 
23:32:31.475 [main] DEBUG com.jayway.jsonpath.internal.path.CompiledPath -- Evaluating path: $
23:32:31.475 [main] DEBUG org.apache.http.client.protocol.RequestAddCookies -- CookieSpec selected: karate
23:32:31.475 [main] DEBUG org.apache.http.client.protocol.RequestAuthCache -- Auth cache not set in the context
23:32:31.475 [main] DEBUG com.intuit.karate -- request:
1 > POST http://localhost:3000/auth/login
1 > Content-Type: application/json; charset=UTF-8
1 > Content-Length: 56
1 > Host: localhost:3000
1 > Connection: Keep-Alive
1 > User-Agent: Apache-HttpClient/4.5.14 (Java/17.0.12)
1 > Accept-Encoding: gzip,deflate
{
  "email": "brute.force@test.com",
  "password": "wrongpass4"
}


23:32:31.475 [main] DEBUG org.apache.http.impl.conn.PoolingHttpClientConnectionManager -- Connection request: [route: {}->http://localhost:3000][total available: 0; route allocated: 0 of 5; total allocated: 0 of 10]
23:32:31.475 [main] DEBUG org.apache.http.impl.conn.PoolingHttpClientConnectionManager -- Connection leased: [id: 17][route: {}->http://localhost:3000][total available: 0; route allocated: 1 of 5; total allocated: 1 of 10]
23:32:31.475 [main] DEBUG org.apache.http.impl.execchain.MainClientExec -- Opening connection {}->http://localhost:3000
23:32:31.475 [main] DEBUG org.apache.http.impl.conn.DefaultHttpClientConnectionOperator -- Connecting to localhost/127.0.0.1:3000
23:32:31.476 [main] DEBUG org.apache.http.impl.conn.DefaultHttpClientConnectionOperator -- Connection established 127.0.0.1:63387<->127.0.0.1:3000
23:32:31.476 [main] DEBUG org.apache.http.impl.conn.DefaultManagedHttpClientConnection -- http-outgoing-17: set socket timeout to 5000
23:32:31.476 [main] DEBUG org.apache.http.impl.execchain.MainClientExec -- Executing request POST /auth/login HTTP/1.1
23:32:31.476 [main] DEBUG org.apache.http.impl.execchain.MainClientExec -- Target auth state: UNCHALLENGED
23:32:31.476 [main] DEBUG org.apache.http.impl.execchain.MainClientExec -- Proxy auth state: UNCHALLENGED
23:32:31.476 [main] DEBUG org.apache.http.headers -- http-outgoing-17 >> POST /auth/login HTTP/1.1
23:32:31.476 [main] DEBUG org.apache.http.headers -- http-outgoing-17 >> Content-Type: application/json; charset=UTF-8
23:32:31.476 [main] DEBUG org.apache.http.headers -- http-outgoing-17 >> Content-Length: 56
23:32:31.476 [main] DEBUG org.apache.http.headers -- http-outgoing-17 >> Host: localhost:3000
23:32:31.476 [main] DEBUG org.apache.http.headers -- http-outgoing-17 >> Connection: Keep-Alive
23:32:31.476 [main] DEBUG org.apache.http.headers -- http-outgoing-17 >> User-Agent: Apache-HttpClient/4.5.14 (Java/17.0.12)
23:32:31.476 [main] DEBUG org.apache.http.headers -- http-outgoing-17 >> Accept-Encoding: gzip,deflate
23:32:31.476 [main] DEBUG org.apache.http.wire -- http-outgoing-17 >> "POST /auth/login HTTP/1.1[\r][\n]"
23:32:31.476 [main] DEBUG org.apache.http.wire -- http-outgoing-17 >> "Content-Type: application/json; charset=UTF-8[\r][\n]"
23:32:31.476 [main] DEBUG org.apache.http.wire -- http-outgoing-17 >> "Content-Length: 56[\r][\n]"
23:32:31.476 [main] DEBUG org.apache.http.wire -- http-outgoing-17 >> "Host: localhost:3000[\r][\n]"
23:32:31.476 [main] DEBUG org.apache.http.wire -- http-outgoing-17 >> "Connection: Keep-Alive[\r][\n]"
23:32:31.476 [main] DEBUG org.apache.http.wire -- http-outgoing-17 >> "User-Agent: Apache-HttpClient/4.5.14 (Java/17.0.12)[\r][\n]"
23:32:31.476 [main] DEBUG org.apache.http.wire -- http-outgoing-17 >> "Accept-Encoding: gzip,deflate[\r][\n]"
23:32:31.476 [main] DEBUG org.apache.http.wire -- http-outgoing-17 >> "[\r][\n]"
23:32:31.476 [main] DEBUG org.apache.http.wire -- http-outgoing-17 >> "{"email":"brute.force@test.com","password":"wrongpass4"}"
23:32:31.506 [main] DEBUG org.apache.http.wire -- http-outgoing-17 << "HTTP/1.1 401 Unauthorized[\r][\n]"
23:32:31.506 [main] DEBUG org.apache.http.wire -- http-outgoing-17 << "X-Powered-By: Express[\r][\n]"
23:32:31.506 [main] DEBUG org.apache.http.wire -- http-outgoing-17 << "Access-Control-Allow-Origin: *[\r][\n]"
23:32:31.506 [main] DEBUG org.apache.http.wire -- http-outgoing-17 << "Content-Type: application/json; charset=utf-8[\r][\n]"
23:32:31.506 [main] DEBUG org.apache.http.wire -- http-outgoing-17 << "Content-Length: 149[\r][\n]"
23:32:31.506 [main] DEBUG org.apache.http.wire -- http-outgoing-17 << "ETag: W/"95-ue9WLlZljl0PFESqkihNPVK+/Jg"[\r][\n]"
23:32:31.506 [main] DEBUG org.apache.http.wire -- http-outgoing-17 << "Date: Sat, 21 Jun 2025 16:32:31 GMT[\r][\n]"
23:32:31.506 [main] DEBUG org.apache.http.wire -- http-outgoing-17 << "Connection: keep-alive[\r][\n]"
23:32:31.506 [main] DEBUG org.apache.http.wire -- http-outgoing-17 << "Keep-Alive: timeout=5[\r][\n]"
23:32:31.506 [main] DEBUG org.apache.http.wire -- http-outgoing-17 << "[\r][\n]"
23:32:31.506 [main] DEBUG org.apache.http.wire -- http-outgoing-17 << "{"success":false,"statusCode":401,"message":"Th[0xc3][0xb4]ng tin [0xc4][0x91][0xc4][0x83]ng nh[0xe1][0xba][0xad]p kh[0xc3][0xb4]ng h[0xe1][0xbb][0xa3]p l[0xe1][0xbb][0x87]","path":"/auth/login","timestamp":"2025-06-21T16:32:31.506Z"}"
23:32:31.506 [main] DEBUG org.apache.http.headers -- http-outgoing-17 << HTTP/1.1 401 Unauthorized
23:32:31.506 [main] DEBUG org.apache.http.headers -- http-outgoing-17 << X-Powered-By: Express
23:32:31.506 [main] DEBUG org.apache.http.headers -- http-outgoing-17 << Access-Control-Allow-Origin: *
23:32:31.506 [main] DEBUG org.apache.http.headers -- http-outgoing-17 << Content-Type: application/json; charset=utf-8
23:32:31.506 [main] DEBUG org.apache.http.headers -- http-outgoing-17 << Content-Length: 149
23:32:31.506 [main] DEBUG org.apache.http.headers -- http-outgoing-17 << ETag: W/"95-ue9WLlZljl0PFESqkihNPVK+/Jg"
23:32:31.506 [main] DEBUG org.apache.http.headers -- http-outgoing-17 << Date: Sat, 21 Jun 2025 16:32:31 GMT
23:32:31.506 [main] DEBUG org.apache.http.headers -- http-outgoing-17 << Connection: keep-alive
23:32:31.506 [main] DEBUG org.apache.http.headers -- http-outgoing-17 << Keep-Alive: timeout=5
23:32:31.506 [main] DEBUG org.apache.http.impl.execchain.MainClientExec -- Connection can be kept alive for 5000 MILLISECONDS
23:32:31.506 [main] DEBUG org.apache.http.impl.auth.HttpAuthenticator -- Authentication required
23:32:31.506 [main] DEBUG org.apache.http.impl.auth.HttpAuthenticator -- localhost:3000 requested authentication
23:32:31.506 [main] DEBUG org.apache.http.impl.auth.HttpAuthenticator -- Response contains no authentication challenges
23:32:31.506 [main] DEBUG org.apache.http.impl.conn.PoolingHttpClientConnectionManager -- Connection [id: 17][route: {}->http://localhost:3000] can be kept alive for 5.0 seconds
23:32:31.506 [main] DEBUG org.apache.http.impl.conn.DefaultManagedHttpClientConnection -- http-outgoing-17: set socket timeout to 0
23:32:31.506 [main] DEBUG org.apache.http.impl.conn.PoolingHttpClientConnectionManager -- Connection released: [id: 17][route: {}->http://localhost:3000][total available: 1; route allocated: 1 of 5; total allocated: 1 of 10]
23:32:31.506 [main] DEBUG org.apache.http.impl.conn.PoolingHttpClientConnectionManager -- Connection manager is shutting down
23:32:31.506 [main] DEBUG org.apache.http.impl.conn.DefaultManagedHttpClientConnection -- http-outgoing-17: Close connection
23:32:31.506 [main] DEBUG org.apache.http.impl.conn.PoolingHttpClientConnectionManager -- Connection manager shut down
23:32:31.506 [main] DEBUG com.intuit.karate -- response time in milliseconds: 31
1 < 401
1 < X-Powered-By: Express
1 < Access-Control-Allow-Origin: *
1 < Content-Type: application/json; charset=utf-8
1 < Content-Length: 149
1 < ETag: W/"95-ue9WLlZljl0PFESqkihNPVK+/Jg"
1 < Date: Sat, 21 Jun 2025 16:32:31 GMT
1 < Connection: keep-alive
1 < Keep-Alive: timeout=5
{
  "success": false,
  "statusCode": 401,
  "message": "Thông tin ??ng nh?p không h?p l?",
  "path": "/auth/login",
  "timestamp": "2025-06-21T16:32:31.506Z"
}


23:32:31.508 [main] INFO com.intuit.karate -- [print] Calling login API v?i email: brute.force@test.com password: wrongpass4 
23:32:31.509 [main] INFO com.intuit.karate -- [print] Response status: 401 body: {
  "success": false,
  "statusCode": 401,
  "message": "Thông tin ??ng nh?p không h?p l?",
  "path": "/auth/login",
  "timestamp": "2025-06-21T16:32:31.506Z"
}
 
23:32:31.509 [main] INFO com.intuit.karate -- STATUS MISMATCH - Expected: 429, Actual: 401 
23:32:31.509 [main] INFO com.intuit.karate -- Test Case Data: {
  "email": "brute.force@test.com",
  "password": "wrongpass4",
  "expectedStatus": 429.0,
  "expectedResult": "Too many login attempts",
  "testDescription": "TC: V??t quá s? l?n th? - l?n 4",
  "responseStatus": "",
  "result": ""
}
 
23:32:31.510 [main] INFO com.intuit.karate -- Expected Status: 429.0 
23:32:31.510 [main] INFO com.intuit.karate -- Expected Result: Too many login attempts 
23:32:31.510 [main] INFO com.intuit.karate -- Actual Status: 401 
23:32:31.510 [main] INFO com.intuit.karate -- Is Expected Status: false 
23:32:31.510 [main] INFO com.intuit.karate -- Test case #18 - Status: 401, Result: {"success":false,"statusCode":401,"message":"Thông tin ??ng nh?p không h?p l?","path":"/auth/login","timestamp":"2025-06-21T16:32:31.506Z"} 
23:32:31.510 [main] INFO com.intuit.karate -- ?ang ch?y test case #19: TC: V??t quá s? l?n th? - l?n 5 
23:32:31.514 [main] INFO com.intuit.karate -- karate.env system property was: null 
23:32:31.515 [main] DEBUG com.jayway.jsonpath.internal.path.CompiledPath -- Evaluating path: $
23:32:31.516 [main] DEBUG org.apache.http.client.protocol.RequestAddCookies -- CookieSpec selected: karate
23:32:31.516 [main] DEBUG org.apache.http.client.protocol.RequestAuthCache -- Auth cache not set in the context
23:32:31.516 [main] DEBUG com.intuit.karate -- request:
1 > POST http://localhost:3000/auth/login
1 > Content-Type: application/json; charset=UTF-8
1 > Content-Length: 56
1 > Host: localhost:3000
1 > Connection: Keep-Alive
1 > User-Agent: Apache-HttpClient/4.5.14 (Java/17.0.12)
1 > Accept-Encoding: gzip,deflate
{
  "email": "brute.force@test.com",
  "password": "wrongpass5"
}


23:32:31.517 [main] DEBUG org.apache.http.impl.conn.PoolingHttpClientConnectionManager -- Connection request: [route: {}->http://localhost:3000][total available: 0; route allocated: 0 of 5; total allocated: 0 of 10]
23:32:31.517 [main] DEBUG org.apache.http.impl.conn.PoolingHttpClientConnectionManager -- Connection leased: [id: 18][route: {}->http://localhost:3000][total available: 0; route allocated: 1 of 5; total allocated: 1 of 10]
23:32:31.517 [main] DEBUG org.apache.http.impl.execchain.MainClientExec -- Opening connection {}->http://localhost:3000
23:32:31.517 [main] DEBUG org.apache.http.impl.conn.DefaultHttpClientConnectionOperator -- Connecting to localhost/127.0.0.1:3000
23:32:31.517 [main] DEBUG org.apache.http.impl.conn.DefaultHttpClientConnectionOperator -- Connection established 127.0.0.1:63388<->127.0.0.1:3000
23:32:31.517 [main] DEBUG org.apache.http.impl.conn.DefaultManagedHttpClientConnection -- http-outgoing-18: set socket timeout to 5000
23:32:31.517 [main] DEBUG org.apache.http.impl.execchain.MainClientExec -- Executing request POST /auth/login HTTP/1.1
23:32:31.517 [main] DEBUG org.apache.http.impl.execchain.MainClientExec -- Target auth state: UNCHALLENGED
23:32:31.517 [main] DEBUG org.apache.http.impl.execchain.MainClientExec -- Proxy auth state: UNCHALLENGED
23:32:31.517 [main] DEBUG org.apache.http.headers -- http-outgoing-18 >> POST /auth/login HTTP/1.1
23:32:31.517 [main] DEBUG org.apache.http.headers -- http-outgoing-18 >> Content-Type: application/json; charset=UTF-8
23:32:31.517 [main] DEBUG org.apache.http.headers -- http-outgoing-18 >> Content-Length: 56
23:32:31.517 [main] DEBUG org.apache.http.headers -- http-outgoing-18 >> Host: localhost:3000
23:32:31.517 [main] DEBUG org.apache.http.headers -- http-outgoing-18 >> Connection: Keep-Alive
23:32:31.517 [main] DEBUG org.apache.http.headers -- http-outgoing-18 >> User-Agent: Apache-HttpClient/4.5.14 (Java/17.0.12)
23:32:31.517 [main] DEBUG org.apache.http.headers -- http-outgoing-18 >> Accept-Encoding: gzip,deflate
23:32:31.517 [main] DEBUG org.apache.http.wire -- http-outgoing-18 >> "POST /auth/login HTTP/1.1[\r][\n]"
23:32:31.517 [main] DEBUG org.apache.http.wire -- http-outgoing-18 >> "Content-Type: application/json; charset=UTF-8[\r][\n]"
23:32:31.517 [main] DEBUG org.apache.http.wire -- http-outgoing-18 >> "Content-Length: 56[\r][\n]"
23:32:31.517 [main] DEBUG org.apache.http.wire -- http-outgoing-18 >> "Host: localhost:3000[\r][\n]"
23:32:31.517 [main] DEBUG org.apache.http.wire -- http-outgoing-18 >> "Connection: Keep-Alive[\r][\n]"
23:32:31.517 [main] DEBUG org.apache.http.wire -- http-outgoing-18 >> "User-Agent: Apache-HttpClient/4.5.14 (Java/17.0.12)[\r][\n]"
23:32:31.517 [main] DEBUG org.apache.http.wire -- http-outgoing-18 >> "Accept-Encoding: gzip,deflate[\r][\n]"
23:32:31.517 [main] DEBUG org.apache.http.wire -- http-outgoing-18 >> "[\r][\n]"
23:32:31.517 [main] DEBUG org.apache.http.wire -- http-outgoing-18 >> "{"email":"brute.force@test.com","password":"wrongpass5"}"
23:32:31.547 [main] DEBUG org.apache.http.wire -- http-outgoing-18 << "HTTP/1.1 401 Unauthorized[\r][\n]"
23:32:31.547 [main] DEBUG org.apache.http.wire -- http-outgoing-18 << "X-Powered-By: Express[\r][\n]"
23:32:31.547 [main] DEBUG org.apache.http.wire -- http-outgoing-18 << "Access-Control-Allow-Origin: *[\r][\n]"
23:32:31.547 [main] DEBUG org.apache.http.wire -- http-outgoing-18 << "Content-Type: application/json; charset=utf-8[\r][\n]"
23:32:31.547 [main] DEBUG org.apache.http.wire -- http-outgoing-18 << "Content-Length: 149[\r][\n]"
23:32:31.547 [main] DEBUG org.apache.http.wire -- http-outgoing-18 << "ETag: W/"95-1khKpErOfeM0St/PbTvEID3fxC4"[\r][\n]"
23:32:31.547 [main] DEBUG org.apache.http.wire -- http-outgoing-18 << "Date: Sat, 21 Jun 2025 16:32:31 GMT[\r][\n]"
23:32:31.547 [main] DEBUG org.apache.http.wire -- http-outgoing-18 << "Connection: keep-alive[\r][\n]"
23:32:31.547 [main] DEBUG org.apache.http.wire -- http-outgoing-18 << "Keep-Alive: timeout=5[\r][\n]"
23:32:31.547 [main] DEBUG org.apache.http.wire -- http-outgoing-18 << "[\r][\n]"
23:32:31.547 [main] DEBUG org.apache.http.wire -- http-outgoing-18 << "{"success":false,"statusCode":401,"message":"Th[0xc3][0xb4]ng tin [0xc4][0x91][0xc4][0x83]ng nh[0xe1][0xba][0xad]p kh[0xc3][0xb4]ng h[0xe1][0xbb][0xa3]p l[0xe1][0xbb][0x87]","path":"/auth/login","timestamp":"2025-06-21T16:32:31.546Z"}"
23:32:31.547 [main] DEBUG org.apache.http.headers -- http-outgoing-18 << HTTP/1.1 401 Unauthorized
23:32:31.547 [main] DEBUG org.apache.http.headers -- http-outgoing-18 << X-Powered-By: Express
23:32:31.547 [main] DEBUG org.apache.http.headers -- http-outgoing-18 << Access-Control-Allow-Origin: *
23:32:31.547 [main] DEBUG org.apache.http.headers -- http-outgoing-18 << Content-Type: application/json; charset=utf-8
23:32:31.547 [main] DEBUG org.apache.http.headers -- http-outgoing-18 << Content-Length: 149
23:32:31.547 [main] DEBUG org.apache.http.headers -- http-outgoing-18 << ETag: W/"95-1khKpErOfeM0St/PbTvEID3fxC4"
23:32:31.547 [main] DEBUG org.apache.http.headers -- http-outgoing-18 << Date: Sat, 21 Jun 2025 16:32:31 GMT
23:32:31.547 [main] DEBUG org.apache.http.headers -- http-outgoing-18 << Connection: keep-alive
23:32:31.547 [main] DEBUG org.apache.http.headers -- http-outgoing-18 << Keep-Alive: timeout=5
23:32:31.547 [main] DEBUG org.apache.http.impl.execchain.MainClientExec -- Connection can be kept alive for 5000 MILLISECONDS
23:32:31.547 [main] DEBUG org.apache.http.impl.auth.HttpAuthenticator -- Authentication required
23:32:31.547 [main] DEBUG org.apache.http.impl.auth.HttpAuthenticator -- localhost:3000 requested authentication
23:32:31.547 [main] DEBUG org.apache.http.impl.auth.HttpAuthenticator -- Response contains no authentication challenges
23:32:31.547 [main] DEBUG org.apache.http.impl.conn.PoolingHttpClientConnectionManager -- Connection [id: 18][route: {}->http://localhost:3000] can be kept alive for 5.0 seconds
23:32:31.547 [main] DEBUG org.apache.http.impl.conn.DefaultManagedHttpClientConnection -- http-outgoing-18: set socket timeout to 0
23:32:31.547 [main] DEBUG org.apache.http.impl.conn.PoolingHttpClientConnectionManager -- Connection released: [id: 18][route: {}->http://localhost:3000][total available: 1; route allocated: 1 of 5; total allocated: 1 of 10]
23:32:31.547 [main] DEBUG org.apache.http.impl.conn.PoolingHttpClientConnectionManager -- Connection manager is shutting down
23:32:31.547 [main] DEBUG org.apache.http.impl.conn.DefaultManagedHttpClientConnection -- http-outgoing-18: Close connection
23:32:31.547 [main] DEBUG org.apache.http.impl.conn.PoolingHttpClientConnectionManager -- Connection manager shut down
23:32:31.547 [main] DEBUG com.intuit.karate -- response time in milliseconds: 30
1 < 401
1 < X-Powered-By: Express
1 < Access-Control-Allow-Origin: *
1 < Content-Type: application/json; charset=utf-8
1 < Content-Length: 149
1 < ETag: W/"95-1khKpErOfeM0St/PbTvEID3fxC4"
1 < Date: Sat, 21 Jun 2025 16:32:31 GMT
1 < Connection: keep-alive
1 < Keep-Alive: timeout=5
{
  "success": false,
  "statusCode": 401,
  "message": "Thông tin ??ng nh?p không h?p l?",
  "path": "/auth/login",
  "timestamp": "2025-06-21T16:32:31.546Z"
}


23:32:31.548 [main] INFO com.intuit.karate -- [print] Calling login API v?i email: brute.force@test.com password: wrongpass5 
23:32:31.549 [main] INFO com.intuit.karate -- [print] Response status: 401 body: {
  "success": false,
  "statusCode": 401,
  "message": "Thông tin ??ng nh?p không h?p l?",
  "path": "/auth/login",
  "timestamp": "2025-06-21T16:32:31.546Z"
}
 
23:32:31.549 [main] INFO com.intuit.karate -- STATUS MISMATCH - Expected: 429, Actual: 401 
23:32:31.549 [main] INFO com.intuit.karate -- Test Case Data: {
  "email": "brute.force@test.com",
  "password": "wrongpass5",
  "expectedStatus": 429.0,
  "expectedResult": "Too many login attempts",
  "testDescription": "TC: V??t quá s? l?n th? - l?n 5",
  "responseStatus": "",
  "result": ""
}
 
23:32:31.549 [main] INFO com.intuit.karate -- Expected Status: 429.0 
23:32:31.549 [main] INFO com.intuit.karate -- Expected Result: Too many login attempts 
23:32:31.549 [main] INFO com.intuit.karate -- Actual Status: 401 
23:32:31.549 [main] INFO com.intuit.karate -- Is Expected Status: false 
23:32:31.549 [main] INFO com.intuit.karate -- Test case #19 - Status: 401, Result: {"success":false,"statusCode":401,"message":"Thông tin ??ng nh?p không h?p l?","path":"/auth/login","timestamp":"2025-06-21T16:32:31.546Z"} 
23:32:31.549 [main] INFO com.intuit.karate -- ?ang ch?y test case #20: Valid login credentials 
23:32:31.553 [main] INFO com.intuit.karate -- karate.env system property was: null 
23:32:31.554 [main] DEBUG com.jayway.jsonpath.internal.path.CompiledPath -- Evaluating path: $
23:32:31.555 [main] DEBUG org.apache.http.client.protocol.RequestAddCookies -- CookieSpec selected: karate
23:32:31.555 [main] DEBUG org.apache.http.client.protocol.RequestAuthCache -- Auth cache not set in the context
23:32:31.555 [main] DEBUG com.intuit.karate -- request:
1 > POST http://localhost:3000/auth/login
1 > Content-Type: application/json; charset=UTF-8
1 > Content-Length: 54
1 > Host: localhost:3000
1 > Connection: Keep-Alive
1 > User-Agent: Apache-HttpClient/4.5.14 (Java/17.0.12)
1 > Accept-Encoding: gzip,deflate
{
  "email": "eve.holt@reqres.in",
  "password": "cityslicka"
}


23:32:31.555 [main] DEBUG org.apache.http.impl.conn.PoolingHttpClientConnectionManager -- Connection request: [route: {}->http://localhost:3000][total available: 0; route allocated: 0 of 5; total allocated: 0 of 10]
23:32:31.555 [main] DEBUG org.apache.http.impl.conn.PoolingHttpClientConnectionManager -- Connection leased: [id: 19][route: {}->http://localhost:3000][total available: 0; route allocated: 1 of 5; total allocated: 1 of 10]
23:32:31.555 [main] DEBUG org.apache.http.impl.execchain.MainClientExec -- Opening connection {}->http://localhost:3000
23:32:31.555 [main] DEBUG org.apache.http.impl.conn.DefaultHttpClientConnectionOperator -- Connecting to localhost/127.0.0.1:3000
23:32:31.556 [main] DEBUG org.apache.http.impl.conn.DefaultHttpClientConnectionOperator -- Connection established 127.0.0.1:63389<->127.0.0.1:3000
23:32:31.556 [main] DEBUG org.apache.http.impl.conn.DefaultManagedHttpClientConnection -- http-outgoing-19: set socket timeout to 5000
23:32:31.556 [main] DEBUG org.apache.http.impl.execchain.MainClientExec -- Executing request POST /auth/login HTTP/1.1
23:32:31.556 [main] DEBUG org.apache.http.impl.execchain.MainClientExec -- Target auth state: UNCHALLENGED
23:32:31.556 [main] DEBUG org.apache.http.impl.execchain.MainClientExec -- Proxy auth state: UNCHALLENGED
23:32:31.556 [main] DEBUG org.apache.http.headers -- http-outgoing-19 >> POST /auth/login HTTP/1.1
23:32:31.556 [main] DEBUG org.apache.http.headers -- http-outgoing-19 >> Content-Type: application/json; charset=UTF-8
23:32:31.556 [main] DEBUG org.apache.http.headers -- http-outgoing-19 >> Content-Length: 54
23:32:31.556 [main] DEBUG org.apache.http.headers -- http-outgoing-19 >> Host: localhost:3000
23:32:31.556 [main] DEBUG org.apache.http.headers -- http-outgoing-19 >> Connection: Keep-Alive
23:32:31.556 [main] DEBUG org.apache.http.headers -- http-outgoing-19 >> User-Agent: Apache-HttpClient/4.5.14 (Java/17.0.12)
23:32:31.556 [main] DEBUG org.apache.http.headers -- http-outgoing-19 >> Accept-Encoding: gzip,deflate
23:32:31.556 [main] DEBUG org.apache.http.wire -- http-outgoing-19 >> "POST /auth/login HTTP/1.1[\r][\n]"
23:32:31.556 [main] DEBUG org.apache.http.wire -- http-outgoing-19 >> "Content-Type: application/json; charset=UTF-8[\r][\n]"
23:32:31.556 [main] DEBUG org.apache.http.wire -- http-outgoing-19 >> "Content-Length: 54[\r][\n]"
23:32:31.556 [main] DEBUG org.apache.http.wire -- http-outgoing-19 >> "Host: localhost:3000[\r][\n]"
23:32:31.556 [main] DEBUG org.apache.http.wire -- http-outgoing-19 >> "Connection: Keep-Alive[\r][\n]"
23:32:31.556 [main] DEBUG org.apache.http.wire -- http-outgoing-19 >> "User-Agent: Apache-HttpClient/4.5.14 (Java/17.0.12)[\r][\n]"
23:32:31.557 [main] DEBUG org.apache.http.wire -- http-outgoing-19 >> "Accept-Encoding: gzip,deflate[\r][\n]"
23:32:31.557 [main] DEBUG org.apache.http.wire -- http-outgoing-19 >> "[\r][\n]"
23:32:31.557 [main] DEBUG org.apache.http.wire -- http-outgoing-19 >> "{"email":"eve.holt@reqres.in","password":"cityslicka"}"
23:32:31.586 [main] DEBUG org.apache.http.wire -- http-outgoing-19 << "HTTP/1.1 401 Unauthorized[\r][\n]"
23:32:31.587 [main] DEBUG org.apache.http.wire -- http-outgoing-19 << "X-Powered-By: Express[\r][\n]"
23:32:31.587 [main] DEBUG org.apache.http.wire -- http-outgoing-19 << "Access-Control-Allow-Origin: *[\r][\n]"
23:32:31.587 [main] DEBUG org.apache.http.wire -- http-outgoing-19 << "Content-Type: application/json; charset=utf-8[\r][\n]"
23:32:31.587 [main] DEBUG org.apache.http.wire -- http-outgoing-19 << "Content-Length: 149[\r][\n]"
23:32:31.587 [main] DEBUG org.apache.http.wire -- http-outgoing-19 << "ETag: W/"95-U62QU6ex2Zu8c2OV5nG+s7uZAr8"[\r][\n]"
23:32:31.587 [main] DEBUG org.apache.http.wire -- http-outgoing-19 << "Date: Sat, 21 Jun 2025 16:32:31 GMT[\r][\n]"
23:32:31.587 [main] DEBUG org.apache.http.wire -- http-outgoing-19 << "Connection: keep-alive[\r][\n]"
23:32:31.587 [main] DEBUG org.apache.http.wire -- http-outgoing-19 << "Keep-Alive: timeout=5[\r][\n]"
23:32:31.587 [main] DEBUG org.apache.http.wire -- http-outgoing-19 << "[\r][\n]"
23:32:31.587 [main] DEBUG org.apache.http.wire -- http-outgoing-19 << "{"success":false,"statusCode":401,"message":"Th[0xc3][0xb4]ng tin [0xc4][0x91][0xc4][0x83]ng nh[0xe1][0xba][0xad]p kh[0xc3][0xb4]ng h[0xe1][0xbb][0xa3]p l[0xe1][0xbb][0x87]","path":"/auth/login","timestamp":"2025-06-21T16:32:31.587Z"}"
23:32:31.587 [main] DEBUG org.apache.http.headers -- http-outgoing-19 << HTTP/1.1 401 Unauthorized
23:32:31.587 [main] DEBUG org.apache.http.headers -- http-outgoing-19 << X-Powered-By: Express
23:32:31.587 [main] DEBUG org.apache.http.headers -- http-outgoing-19 << Access-Control-Allow-Origin: *
23:32:31.587 [main] DEBUG org.apache.http.headers -- http-outgoing-19 << Content-Type: application/json; charset=utf-8
23:32:31.587 [main] DEBUG org.apache.http.headers -- http-outgoing-19 << Content-Length: 149
23:32:31.587 [main] DEBUG org.apache.http.headers -- http-outgoing-19 << ETag: W/"95-U62QU6ex2Zu8c2OV5nG+s7uZAr8"
23:32:31.587 [main] DEBUG org.apache.http.headers -- http-outgoing-19 << Date: Sat, 21 Jun 2025 16:32:31 GMT
23:32:31.587 [main] DEBUG org.apache.http.headers -- http-outgoing-19 << Connection: keep-alive
23:32:31.587 [main] DEBUG org.apache.http.headers -- http-outgoing-19 << Keep-Alive: timeout=5
23:32:31.587 [main] DEBUG org.apache.http.impl.execchain.MainClientExec -- Connection can be kept alive for 5000 MILLISECONDS
23:32:31.587 [main] DEBUG org.apache.http.impl.auth.HttpAuthenticator -- Authentication required
23:32:31.587 [main] DEBUG org.apache.http.impl.auth.HttpAuthenticator -- localhost:3000 requested authentication
23:32:31.587 [main] DEBUG org.apache.http.impl.auth.HttpAuthenticator -- Response contains no authentication challenges
23:32:31.587 [main] DEBUG org.apache.http.impl.conn.PoolingHttpClientConnectionManager -- Connection [id: 19][route: {}->http://localhost:3000] can be kept alive for 5.0 seconds
23:32:31.587 [main] DEBUG org.apache.http.impl.conn.DefaultManagedHttpClientConnection -- http-outgoing-19: set socket timeout to 0
23:32:31.587 [main] DEBUG org.apache.http.impl.conn.PoolingHttpClientConnectionManager -- Connection released: [id: 19][route: {}->http://localhost:3000][total available: 1; route allocated: 1 of 5; total allocated: 1 of 10]
23:32:31.587 [main] DEBUG org.apache.http.impl.conn.PoolingHttpClientConnectionManager -- Connection manager is shutting down
23:32:31.587 [main] DEBUG org.apache.http.impl.conn.DefaultManagedHttpClientConnection -- http-outgoing-19: Close connection
23:32:31.587 [main] DEBUG org.apache.http.impl.conn.PoolingHttpClientConnectionManager -- Connection manager shut down
23:32:31.587 [main] DEBUG com.intuit.karate -- response time in milliseconds: 32
1 < 401
1 < X-Powered-By: Express
1 < Access-Control-Allow-Origin: *
1 < Content-Type: application/json; charset=utf-8
1 < Content-Length: 149
1 < ETag: W/"95-U62QU6ex2Zu8c2OV5nG+s7uZAr8"
1 < Date: Sat, 21 Jun 2025 16:32:31 GMT
1 < Connection: keep-alive
1 < Keep-Alive: timeout=5
{
  "success": false,
  "statusCode": 401,
  "message": "Thông tin ??ng nh?p không h?p l?",
  "path": "/auth/login",
  "timestamp": "2025-06-21T16:32:31.587Z"
}


23:32:31.588 [main] INFO com.intuit.karate -- [print] Calling login API v?i email: eve.holt@reqres.in password: cityslicka 
23:32:31.589 [main] INFO com.intuit.karate -- [print] Response status: 401 body: {
  "success": false,
  "statusCode": 401,
  "message": "Thông tin ??ng nh?p không h?p l?",
  "path": "/auth/login",
  "timestamp": "2025-06-21T16:32:31.587Z"
}
 
23:32:31.589 [main] INFO com.intuit.karate -- STATUS MISMATCH - Expected: 200, Actual: 401 
23:32:31.590 [main] INFO com.intuit.karate -- Test Case Data: {
  "email": "eve.holt@reqres.in",
  "password": "cityslicka",
  "expectedStatus": 200.0,
  "expectedResult": "success",
  "testDescription": "Valid login credentials",
  "responseStatus": "",
  "result": ""
}
 
23:32:31.590 [main] INFO com.intuit.karate -- Expected Status: 200.0 
23:32:31.590 [main] INFO com.intuit.karate -- Expected Result: success 
23:32:31.590 [main] INFO com.intuit.karate -- Actual Status: 401 
23:32:31.590 [main] INFO com.intuit.karate -- Is Expected Status: false 
23:32:31.590 [main] INFO com.intuit.karate -- Test case #20 - Status: 401, Result: {"success":false,"statusCode":401,"message":"Thông tin ??ng nh?p không h?p l?","path":"/auth/login","timestamp":"2025-06-21T16:32:31.587Z"} 
23:32:31.590 [main] DEBUG com.intuit.karate.core.ScenarioEngine -- over-writing existing variable 'testResults' with new value: results
23:32:31.592 [main] INFO com.intuit.karate -- [print] Hoàn thành t?t c? test cases. ?ang ghi k?t qu? vào Excel... 
23:32:32.062 [main] INFO com.intuit.karate -- ?ã ghi k?t qu? vào Excel thành công! 
23:32:32.065 [main] DEBUG com.jayway.jsonpath.internal.path.CompiledPath -- Evaluating path: $
23:32:32.066 [main] DEBUG com.jayway.jsonpath.internal.path.CompiledPath -- Evaluating path: $
23:32:32.066 [main] DEBUG com.jayway.jsonpath.internal.path.CompiledPath -- Evaluating path: $
23:32:32.066 [main] DEBUG com.jayway.jsonpath.internal.path.CompiledPath -- Evaluating path: $
23:32:32.066 [main] DEBUG com.jayway.jsonpath.internal.path.CompiledPath -- Evaluating path: $
23:32:32.066 [main] DEBUG com.jayway.jsonpath.internal.path.CompiledPath -- Evaluating path: $
23:32:32.066 [main] DEBUG com.jayway.jsonpath.internal.path.CompiledPath -- Evaluating path: $
23:32:32.066 [main] DEBUG com.jayway.jsonpath.internal.path.CompiledPath -- Evaluating path: $
23:32:32.067 [main] DEBUG com.jayway.jsonpath.internal.path.CompiledPath -- Evaluating path: $
23:32:32.067 [main] DEBUG com.jayway.jsonpath.internal.path.CompiledPath -- Evaluating path: $
23:32:32.067 [main] DEBUG com.jayway.jsonpath.internal.path.CompiledPath -- Evaluating path: $
23:32:32.067 [main] DEBUG com.jayway.jsonpath.internal.path.CompiledPath -- Evaluating path: $
23:32:32.067 [main] DEBUG com.jayway.jsonpath.internal.path.CompiledPath -- Evaluating path: $
23:32:32.067 [main] DEBUG com.jayway.jsonpath.internal.path.CompiledPath -- Evaluating path: $
23:32:32.067 [main] DEBUG com.jayway.jsonpath.internal.path.CompiledPath -- Evaluating path: $
23:32:32.067 [main] DEBUG com.jayway.jsonpath.internal.path.CompiledPath -- Evaluating path: $
23:32:32.067 [main] DEBUG com.jayway.jsonpath.internal.path.CompiledPath -- Evaluating path: $
23:32:32.067 [main] DEBUG com.jayway.jsonpath.internal.path.CompiledPath -- Evaluating path: $
23:32:32.068 [main] DEBUG com.jayway.jsonpath.internal.path.CompiledPath -- Evaluating path: $
23:32:32.068 [main] DEBUG com.jayway.jsonpath.internal.path.CompiledPath -- Evaluating path: $
23:32:32.076 [main] DEBUG com.jayway.jsonpath.internal.path.CompiledPath -- Evaluating path: $
23:32:32.076 [main] DEBUG com.jayway.jsonpath.internal.path.CompiledPath -- Evaluating path: $
23:32:32.076 [main] DEBUG com.jayway.jsonpath.internal.path.CompiledPath -- Evaluating path: $
23:32:32.076 [main] DEBUG com.jayway.jsonpath.internal.path.CompiledPath -- Evaluating path: $
23:32:32.076 [main] DEBUG com.jayway.jsonpath.internal.path.CompiledPath -- Evaluating path: $
23:32:32.076 [main] DEBUG com.jayway.jsonpath.internal.path.CompiledPath -- Evaluating path: $
23:32:32.076 [main] DEBUG com.jayway.jsonpath.internal.path.CompiledPath -- Evaluating path: $
23:32:32.076 [main] DEBUG com.jayway.jsonpath.internal.path.CompiledPath -- Evaluating path: $
23:32:32.076 [main] DEBUG com.jayway.jsonpath.internal.path.CompiledPath -- Evaluating path: $
23:32:32.076 [main] DEBUG com.jayway.jsonpath.internal.path.CompiledPath -- Evaluating path: $
23:32:32.076 [main] DEBUG com.jayway.jsonpath.internal.path.CompiledPath -- Evaluating path: $
23:32:32.077 [main] DEBUG com.jayway.jsonpath.internal.path.CompiledPath -- Evaluating path: $
23:32:32.077 [main] DEBUG com.jayway.jsonpath.internal.path.CompiledPath -- Evaluating path: $
23:32:32.077 [main] DEBUG com.jayway.jsonpath.internal.path.CompiledPath -- Evaluating path: $
23:32:32.077 [main] DEBUG com.jayway.jsonpath.internal.path.CompiledPath -- Evaluating path: $
23:32:32.077 [main] DEBUG com.jayway.jsonpath.internal.path.CompiledPath -- Evaluating path: $
23:32:32.077 [main] DEBUG com.jayway.jsonpath.internal.path.CompiledPath -- Evaluating path: $
23:32:32.077 [main] DEBUG com.jayway.jsonpath.internal.path.CompiledPath -- Evaluating path: $
23:32:32.077 [main] DEBUG com.jayway.jsonpath.internal.path.CompiledPath -- Evaluating path: $
23:32:32.077 [main] DEBUG com.jayway.jsonpath.internal.path.CompiledPath -- Evaluating path: $
23:32:32.097 [main] DEBUG org.thymeleaf.TemplateEngine -- [THYMELEAF] INITIALIZING TEMPLATE ENGINE
23:32:32.225 [main] DEBUG org.thymeleaf.TemplateEngine.CONFIG -- Initializing Thymeleaf Template engine configuration...
[THYMELEAF] TEMPLATE ENGINE CONFIGURATION:
[THYMELEAF] * Thymeleaf version: 3.1.2.RELEASE (built 2023-07-30T19:25:50+0000)
[THYMELEAF] * Cache Manager implementation: org.thymeleaf.cache.StandardCacheManager
[THYMELEAF] * Template resolvers:
[THYMELEAF]     * [1] com.intuit.karate.template.ResourceHtmlTemplateResolver
[THYMELEAF] * Message resolvers:
[THYMELEAF]     * org.thymeleaf.messageresolver.StandardMessageResolver
[THYMELEAF] * Link builders:
[THYMELEAF]     * org.thymeleaf.linkbuilder.StandardLinkBuilder
[THYMELEAF] * Dialect [1 of 2]: Standard (com.intuit.karate.template.KarateStandardDialect)
[THYMELEAF]     * Prefix: "th"
[THYMELEAF]     * Processors for Template Mode: HTML
[THYMELEAF]         * Element Tag Processors by [matching element and attribute name] [precedence]:
[THYMELEAF]             * [* {th:include,data-th-include}] [100]: org.thymeleaf.standard.processor.StandardIncludeTagProcessor
[THYMELEAF]             * [* {th:insert,data-th-insert}] [100]: org.thymeleaf.standard.processor.StandardInsertTagProcessor
[THYMELEAF]             * [* {th:replace,data-th-replace}] [100]: org.thymeleaf.standard.processor.StandardReplaceTagProcessor
[THYMELEAF]             * [* {th:each,data-th-each}] [200]: com.intuit.karate.template.KarateEachTagProcessor
[THYMELEAF]             * [* {th:switch,data-th-switch}] [250]: org.thymeleaf.standard.processor.StandardSwitchTagProcessor
[THYMELEAF]             * [* {th:case,data-th-case}] [275]: org.thymeleaf.standard.processor.StandardCaseTagProcessor
[THYMELEAF]             * [* {th:if,data-th-if}] [300]: org.thymeleaf.standard.processor.StandardIfTagProcessor
[THYMELEAF]             * [* {th:unless,data-th-unless}] [400]: org.thymeleaf.standard.processor.StandardUnlessTagProcessor
[THYMELEAF]             * [* {th:object,data-th-object}] [500]: org.thymeleaf.standard.processor.StandardObjectTagProcessor
[THYMELEAF]             * [* {th:with,data-th-with}] [600]: com.intuit.karate.template.KarateWithTagProcessor
[THYMELEAF]             * [* {th:attr,data-th-attr}] [700]: com.intuit.karate.template.KarateAttributeTagProcessor.KarateAttrTagProcessor
[THYMELEAF]             * [* {th:attrappend,data-th-attrappend}] [900]: com.intuit.karate.template.KarateAttributeTagProcessor.KarateAttrappendTagProcessor
[THYMELEAF]             * [* {th:attrprepend,data-th-attrprepend}] [900]: com.intuit.karate.template.KarateAttributeTagProcessor.KarateAttrprependTagProcessor
[THYMELEAF]             * [* {th:alt-title,data-th-alt-title}] [990]: org.thymeleaf.standard.processor.StandardAltTitleTagProcessor
[THYMELEAF]             * [* {th:lang-xmllang,data-th-lang-xmllang}] [990]: org.thymeleaf.standard.processor.StandardLangXmlLangTagProcessor
[THYMELEAF]             * [* {th:action,data-th-action}] [1000]: org.thymeleaf.standard.processor.StandardActionTagProcessor
[THYMELEAF]             * [* {th:declare,data-th-declare}] [1000]: org.thymeleaf.standard.processor.StandardConditionalFixedValueTagProcessor
[THYMELEAF]             * [* {th:nowrap,data-th-nowrap}] [1000]: org.thymeleaf.standard.processor.StandardConditionalFixedValueTagProcessor
[THYMELEAF]             * [* {th:required,data-th-required}] [1000]: org.thymeleaf.standard.processor.StandardConditionalFixedValueTagProcessor
[THYMELEAF]             * [* {th:loop,data-th-loop}] [1000]: org.thymeleaf.standard.processor.StandardConditionalFixedValueTagProcessor
[THYMELEAF]             * [* {th:pubdate,data-th-pubdate}] [1000]: org.thymeleaf.standard.processor.StandardConditionalFixedValueTagProcessor
[THYMELEAF]             * [* {th:open,data-th-open}] [1000]: org.thymeleaf.standard.processor.StandardConditionalFixedValueTagProcessor
[THYMELEAF]             * [* {th:async,data-th-async}] [1000]: org.thymeleaf.standard.processor.StandardConditionalFixedValueTagProcessor
[THYMELEAF]             * [* {th:reversed,data-th-reversed}] [1000]: org.thymeleaf.standard.processor.StandardConditionalFixedValueTagProcessor
[THYMELEAF]             * [* {th:ismap,data-th-ismap}] [1000]: org.thymeleaf.standard.processor.StandardConditionalFixedValueTagProcessor
[THYMELEAF]             * [* {th:hidden,data-th-hidden}] [1000]: org.thymeleaf.standard.processor.StandardConditionalFixedValueTagProcessor
[THYMELEAF]             * [* {th:controls,data-th-controls}] [1000]: org.thymeleaf.standard.processor.StandardConditionalFixedValueTagProcessor
[THYMELEAF]             * [* {th:selected,data-th-selected}] [1000]: org.thymeleaf.standard.processor.StandardConditionalFixedValueTagProcessor
[THYMELEAF]             * [* {th:defer,data-th-defer}] [1000]: org.thymeleaf.standard.processor.StandardConditionalFixedValueTagProcessor
[THYMELEAF]             * [* {th:readonly,data-th-readonly}] [1000]: org.thymeleaf.standard.processor.StandardConditionalFixedValueTagProcessor
[THYMELEAF]             * [* {th:novalidate,data-th-novalidate}] [1000]: org.thymeleaf.standard.processor.StandardConditionalFixedValueTagProcessor
[THYMELEAF]             * [* {th:checked,data-th-checked}] [1000]: org.thymeleaf.standard.processor.StandardConditionalFixedValueTagProcessor
[THYMELEAF]             * [* {th:disabled,data-th-disabled}] [1000]: org.thymeleaf.standard.processor.StandardConditionalFixedValueTagProcessor
[THYMELEAF]             * [* {th:autofocus,data-th-autofocus}] [1000]: org.thymeleaf.standard.processor.StandardConditionalFixedValueTagProcessor
[THYMELEAF]             * [* {th:default,data-th-default}] [1000]: org.thymeleaf.standard.processor.StandardConditionalFixedValueTagProcessor
[THYMELEAF]             * [* {th:autoplay,data-th-autoplay}] [1000]: org.thymeleaf.standard.processor.StandardConditionalFixedValueTagProcessor
[THYMELEAF]             * [* {th:seamless,data-th-seamless}] [1000]: org.thymeleaf.standard.processor.StandardConditionalFixedValueTagProcessor
[THYMELEAF]             * [* {th:scoped,data-th-scoped}] [1000]: org.thymeleaf.standard.processor.StandardConditionalFixedValueTagProcessor
[THYMELEAF]             * [* {th:multiple,data-th-multiple}] [1000]: org.thymeleaf.standard.processor.StandardConditionalFixedValueTagProcessor
[THYMELEAF]             * [* {th:formnovalidate,data-th-formnovalidate}] [1000]: org.thymeleaf.standard.processor.StandardConditionalFixedValueTagProcessor
[THYMELEAF]             * [* {th:onseeking,data-th-onseeking}] [1000]: org.thymeleaf.standard.processor.StandardDOMEventAttributeTagProcessor
[THYMELEAF]             * [* {th:onundo,data-th-onundo}] [1000]: org.thymeleaf.standard.processor.StandardDOMEventAttributeTagProcessor
[THYMELEAF]             * [* {th:oninput,data-th-oninput}] [1000]: org.thymeleaf.standard.processor.StandardDOMEventAttributeTagProcessor
[THYMELEAF]             * [* {th:onreadystatechange,data-th-onreadystatechange}] [1000]: org.thymeleaf.standard.processor.StandardDOMEventAttributeTagProcessor
[THYMELEAF]             * [* {th:onplaying,data-th-onplaying}] [1000]: org.thymeleaf.standard.processor.StandardDOMEventAttributeTagProcessor
[THYMELEAF]             * [* {th:onmousedown,data-th-onmousedown}] [1000]: org.thymeleaf.standard.processor.StandardDOMEventAttributeTagProcessor
[THYMELEAF]             * [* {th:onblur,data-th-onblur}] [1000]: org.thymeleaf.standard.processor.StandardDOMEventAttributeTagProcessor
[THYMELEAF]             * [* {th:onresize,data-th-onresize}] [1000]: org.thymeleaf.standard.processor.StandardDOMEventAttributeTagProcessor
[THYMELEAF]             * [* {th:onplay,data-th-onplay}] [1000]: org.thymeleaf.standard.processor.StandardDOMEventAttributeTagProcessor
[THYMELEAF]             * [* {th:onended,data-th-onended}] [1000]: org.thymeleaf.standard.processor.StandardDOMEventAttributeTagProcessor
[THYMELEAF]             * [* {th:onshow,data-th-onshow}] [1000]: org.thymeleaf.standard.processor.StandardDOMEventAttributeTagProcessor
[THYMELEAF]             * [* {th:onload,data-th-onload}] [1000]: org.thymeleaf.standard.processor.StandardDOMEventAttributeTagProcessor
[THYMELEAF]             * [* {th:onafterprint,data-th-onafterprint}] [1000]: org.thymeleaf.standard.processor.StandardDOMEventAttributeTagProcessor
[THYMELEAF]             * [* {th:ondblclick,data-th-ondblclick}] [1000]: org.thymeleaf.standard.processor.StandardDOMEventAttributeTagProcessor
[THYMELEAF]             * [* {th:onscroll,data-th-onscroll}] [1000]: org.thymeleaf.standard.processor.StandardDOMEventAttributeTagProcessor
[THYMELEAF]             * [* {th:onabort,data-th-onabort}] [1000]: org.thymeleaf.standard.processor.StandardDOMEventAttributeTagProcessor
[THYMELEAF]             * [* {th:onmouseup,data-th-onmouseup}] [1000]: org.thymeleaf.standard.processor.StandardDOMEventAttributeTagProcessor
[THYMELEAF]             * [* {th:onformchange,data-th-onformchange}] [1000]: org.thymeleaf.standard.processor.StandardDOMEventAttributeTagProcessor
[THYMELEAF]             * [* {th:onunload,data-th-onunload}] [1000]: org.thymeleaf.standard.processor.StandardDOMEventAttributeTagProcessor
[THYMELEAF]             * [* {th:ondurationchange,data-th-ondurationchange}] [1000]: org.thymeleaf.standard.processor.StandardDOMEventAttributeTagProcessor
[THYMELEAF]             * [* {th:ondragend,data-th-ondragend}] [1000]: org.thymeleaf.standard.processor.StandardDOMEventAttributeTagProcessor
[THYMELEAF]             * [* {th:ondragstart,data-th-ondragstart}] [1000]: org.thymeleaf.standard.processor.StandardDOMEventAttributeTagProcessor
[THYMELEAF]             * [* {th:oncanplaythrough,data-th-oncanplaythrough}] [1000]: org.thymeleaf.standard.processor.StandardDOMEventAttributeTagProcessor
[THYMELEAF]             * [* {th:onloadstart,data-th-onloadstart}] [1000]: org.thymeleaf.standard.processor.StandardDOMEventAttributeTagProcessor
[THYMELEAF]             * [* {th:onloadedmetadata,data-th-onloadedmetadata}] [1000]: org.thymeleaf.standard.processor.StandardDOMEventAttributeTagProcessor
[THYMELEAF]             * [* {th:onstorage,data-th-onstorage}] [1000]: org.thymeleaf.standard.processor.StandardDOMEventAttributeTagProcessor
[THYMELEAF]             * [* {th:oncanplay,data-th-oncanplay}] [1000]: org.thymeleaf.standard.processor.StandardDOMEventAttributeTagProcessor
[THYMELEAF]             * [* {th:onbeforeprint,data-th-onbeforeprint}] [1000]: org.thymeleaf.standard.processor.StandardDOMEventAttributeTagProcessor
[THYMELEAF]             * [* {th:onsuspend,data-th-onsuspend}] [1000]: org.thymeleaf.standard.processor.StandardDOMEventAttributeTagProcessor
[THYMELEAF]             * [* {th:onoffline,data-th-onoffline}] [1000]: org.thymeleaf.standard.processor.StandardDOMEventAttributeTagProcessor
[THYMELEAF]             * [* {th:onselect,data-th-onselect}] [1000]: org.thymeleaf.standard.processor.StandardDOMEventAttributeTagProcessor
[THYMELEAF]             * [* {th:onmouseout,data-th-onmouseout}] [1000]: org.thymeleaf.standard.processor.StandardDOMEventAttributeTagProcessor
[THYMELEAF]             * [* {th:onreset,data-th-onreset}] [1000]: org.thymeleaf.standard.processor.StandardDOMEventAttributeTagProcessor
[THYMELEAF]             * [* {th:onwaiting,data-th-onwaiting}] [1000]: org.thymeleaf.standard.processor.StandardDOMEventAttributeTagProcessor
[THYMELEAF]             * [* {th:onprogress,data-th-onprogress}] [1000]: org.thymeleaf.standard.processor.StandardDOMEventAttributeTagProcessor
[THYMELEAF]             * [* {th:onkeyup,data-th-onkeyup}] [1000]: org.thymeleaf.standard.processor.StandardDOMEventAttributeTagProcessor
[THYMELEAF]             * [* {th:onkeypress,data-th-onkeypress}] [1000]: org.thymeleaf.standard.processor.StandardDOMEventAttributeTagProcessor
[THYMELEAF]             * [* {th:onvolumechange,data-th-onvolumechange}] [1000]: org.thymeleaf.standard.processor.StandardDOMEventAttributeTagProcessor
[THYMELEAF]             * [* {th:onchange,data-th-onchange}] [1000]: org.thymeleaf.standard.processor.StandardDOMEventAttributeTagProcessor
[THYMELEAF]             * [* {th:onpause,data-th-onpause}] [1000]: org.thymeleaf.standard.processor.StandardDOMEventAttributeTagProcessor
[THYMELEAF]             * [* {th:onmousewheel,data-th-onmousewheel}] [1000]: org.thymeleaf.standard.processor.StandardDOMEventAttributeTagProcessor
[THYMELEAF]             * [* {th:oninvalid,data-th-oninvalid}] [1000]: org.thymeleaf.standard.processor.StandardDOMEventAttributeTagProcessor
[THYMELEAF]             * [* {th:onmessage,data-th-onmessage}] [1000]: org.thymeleaf.standard.processor.StandardDOMEventAttributeTagProcessor
[THYMELEAF]             * [* {th:onerror,data-th-onerror}] [1000]: org.thymeleaf.standard.processor.StandardDOMEventAttributeTagProcessor
[THYMELEAF]             * [* {th:onpopstate,data-th-onpopstate}] [1000]: org.thymeleaf.standard.processor.StandardDOMEventAttributeTagProcessor
[THYMELEAF]             * [* {th:onloadeddata,data-th-onloadeddata}] [1000]: org.thymeleaf.standard.processor.StandardDOMEventAttributeTagProcessor
[THYMELEAF]             * [* {th:onfocus,data-th-onfocus}] [1000]: org.thymeleaf.standard.processor.StandardDOMEventAttributeTagProcessor
[THYMELEAF]             * [* {th:oncontextmenu,data-th-oncontextmenu}] [1000]: org.thymeleaf.standard.processor.StandardDOMEventAttributeTagProcessor
[THYMELEAF]             * [* {th:ontimeupdate,data-th-ontimeupdate}] [1000]: org.thymeleaf.standard.processor.StandardDOMEventAttributeTagProcessor
[THYMELEAF]             * [* {th:onkeydown,data-th-onkeydown}] [1000]: org.thymeleaf.standard.processor.StandardDOMEventAttributeTagProcessor
[THYMELEAF]             * [* {th:onseeked,data-th-onseeked}] [1000]: org.thymeleaf.standard.processor.StandardDOMEventAttributeTagProcessor
[THYMELEAF]             * [* {th:onratechange,data-th-onratechange}] [1000]: org.thymeleaf.standard.processor.StandardDOMEventAttributeTagProcessor
[THYMELEAF]             * [* {th:onmouseover,data-th-onmouseover}] [1000]: org.thymeleaf.standard.processor.StandardDOMEventAttributeTagProcessor
[THYMELEAF]             * [* {th:ondragover,data-th-ondragover}] [1000]: org.thymeleaf.standard.processor.StandardDOMEventAttributeTagProcessor
[THYMELEAF]             * [* {th:ondrop,data-th-ondrop}] [1000]: org.thymeleaf.standard.processor.StandardDOMEventAttributeTagProcessor
[THYMELEAF]             * [* {th:onhashchange,data-th-onhashchange}] [1000]: org.thymeleaf.standard.processor.StandardDOMEventAttributeTagProcessor
[THYMELEAF]             * [* {th:onsubmit,data-th-onsubmit}] [1000]: org.thymeleaf.standard.processor.StandardDOMEventAttributeTagProcessor
[THYMELEAF]             * [* {th:onclick,data-th-onclick}] [1000]: org.thymeleaf.standard.processor.StandardDOMEventAttributeTagProcessor
[THYMELEAF]             * [* {th:ononline,data-th-ononline}] [1000]: org.thymeleaf.standard.processor.StandardDOMEventAttributeTagProcessor
[THYMELEAF]             * [* {th:onstalled,data-th-onstalled}] [1000]: org.thymeleaf.standard.processor.StandardDOMEventAttributeTagProcessor
[THYMELEAF]             * [* {th:ondragleave,data-th-ondragleave}] [1000]: org.thymeleaf.standard.processor.StandardDOMEventAttributeTagProcessor
[THYMELEAF]             * [* {th:onredo,data-th-onredo}] [1000]: org.thymeleaf.standard.processor.StandardDOMEventAttributeTagProcessor
[THYMELEAF]             * [* {th:ondragenter,data-th-ondragenter}] [1000]: org.thymeleaf.standard.processor.StandardDOMEventAttributeTagProcessor
[THYMELEAF]             * [* {th:onmousemove,data-th-onmousemove}] [1000]: org.thymeleaf.standard.processor.StandardDOMEventAttributeTagProcessor
[THYMELEAF]             * [* {th:onemptied,data-th-onemptied}] [1000]: org.thymeleaf.standard.processor.StandardDOMEventAttributeTagProcessor
[THYMELEAF]             * [* {th:ondrag,data-th-ondrag}] [1000]: org.thymeleaf.standard.processor.StandardDOMEventAttributeTagProcessor
[THYMELEAF]             * [* {th:onbeforeunload,data-th-onbeforeunload}] [1000]: org.thymeleaf.standard.processor.StandardDOMEventAttributeTagProcessor
[THYMELEAF]             * [* {th:onforminput,data-th-onforminput}] [1000]: org.thymeleaf.standard.processor.StandardDOMEventAttributeTagProcessor
[THYMELEAF]             * [* {th:href,data-th-href}] [1000]: org.thymeleaf.standard.processor.StandardHrefTagProcessor
[THYMELEAF]             * [* {th:inline,data-th-inline}] [1000]: org.thymeleaf.standard.processor.StandardInlineHTMLTagProcessor
[THYMELEAF]             * [* {th:method,data-th-method}] [1000]: org.thymeleaf.standard.processor.StandardMethodTagProcessor
[THYMELEAF]             * [* {th:name,data-th-name}] [1000]: org.thymeleaf.standard.processor.StandardNonRemovableAttributeTagProcessor
[THYMELEAF]             * [* {th:type,data-th-type}] [1000]: org.thymeleaf.standard.processor.StandardNonRemovableAttributeTagProcessor
[THYMELEAF]             * [* {th:scheme,data-th-scheme}] [1000]: org.thymeleaf.standard.processor.StandardRemovableAttributeTagProcessor
[THYMELEAF]             * [* {th:label,data-th-label}] [1000]: org.thymeleaf.standard.processor.StandardRemovableAttributeTagProcessor
[THYMELEAF]             * [* {th:enctype,data-th-enctype}] [1000]: org.thymeleaf.standard.processor.StandardRemovableAttributeTagProcessor
[THYMELEAF]             * [* {th:valuetype,data-th-valuetype}] [1000]: org.thymeleaf.standard.processor.StandardRemovableAttributeTagProcessor
[THYMELEAF]             * [* {th:hreflang,data-th-hreflang}] [1000]: org.thymeleaf.standard.processor.StandardRemovableAttributeTagProcessor
[THYMELEAF]             * [* {th:id,data-th-id}] [1000]: org.thymeleaf.standard.processor.StandardRemovableAttributeTagProcessor
[THYMELEAF]             * [* {th:http-equiv,data-th-http-equiv}] [1000]: org.thymeleaf.standard.processor.StandardRemovableAttributeTagProcessor
[THYMELEAF]             * [* {th:headers,data-th-headers}] [1000]: org.thymeleaf.standard.processor.StandardRemovableAttributeTagProcessor
[THYMELEAF]             * [* {th:archive,data-th-archive}] [1000]: org.thymeleaf.standard.processor.StandardRemovableAttributeTagProcessor
[THYMELEAF]             * [* {th:max,data-th-max}] [1000]: org.thymeleaf.standard.processor.StandardRemovableAttributeTagProcessor
[THYMELEAF]             * [* {th:accesskey,data-th-accesskey}] [1000]: org.thymeleaf.standard.processor.StandardRemovableAttributeTagProcessor
[THYMELEAF]             * [* {th:standby,data-th-standby}] [1000]: org.thymeleaf.standard.processor.StandardRemovableAttributeTagProcessor
[THYMELEAF]             * [* {th:min,data-th-min}] [1000]: org.thymeleaf.standard.processor.StandardRemovableAttributeTagProcessor
[THYMELEAF]             * [* {th:optimum,data-th-optimum}] [1000]: org.thymeleaf.standard.processor.StandardRemovableAttributeTagProcessor
[THYMELEAF]             * [* {th:dir,data-th-dir}] [1000]: org.thymeleaf.standard.processor.StandardRemovableAttributeTagProcessor
[THYMELEAF]             * [* {th:marginheight,data-th-marginheight}] [1000]: org.thymeleaf.standard.processor.StandardRemovableAttributeTagProcessor
[THYMELEAF]             * [* {th:marginwidth,data-th-marginwidth}] [1000]: org.thymeleaf.standard.processor.StandardRemovableAttributeTagProcessor
[THYMELEAF]             * [* {th:target,data-th-target}] [1000]: org.thymeleaf.standard.processor.StandardRemovableAttributeTagProcessor
[THYMELEAF]             * [* {th:draggable,data-th-draggable}] [1000]: org.thymeleaf.standard.processor.StandardRemovableAttributeTagProcessor
[THYMELEAF]             * [* {th:radiogroup,data-th-radiogroup}] [1000]: org.thymeleaf.standard.processor.StandardRemovableAttributeTagProcessor
[THYMELEAF]             * [* {th:border,data-th-border}] [1000]: org.thymeleaf.standard.processor.StandardRemovableAttributeTagProcessor
[THYMELEAF]             * [* {th:form,data-th-form}] [1000]: org.thymeleaf.standard.processor.StandardRemovableAttributeTagProcessor
[THYMELEAF]             * [* {th:rows,data-th-rows}] [1000]: org.thymeleaf.standard.processor.StandardRemovableAttributeTagProcessor
[THYMELEAF]             * [* {th:lang,data-th-lang}] [1000]: org.thymeleaf.standard.processor.StandardRemovableAttributeTagProcessor
[THYMELEAF]             * [* {th:start,data-th-start}] [1000]: org.thymeleaf.standard.processor.StandardRemovableAttributeTagProcessor
[THYMELEAF]             * [* {th:sizes,data-th-sizes}] [1000]: org.thymeleaf.standard.processor.StandardRemovableAttributeTagProcessor
[THYMELEAF]             * [* {th:spellcheck,data-th-spellcheck}] [1000]: org.thymeleaf.standard.processor.StandardRemovableAttributeTagProcessor
[THYMELEAF]             * [* {th:hspace,data-th-hspace}] [1000]: org.thymeleaf.standard.processor.StandardRemovableAttributeTagProcessor
[THYMELEAF]             * [* {th:placeholder,data-th-placeholder}] [1000]: org.thymeleaf.standard.processor.StandardRemovableAttributeTagProcessor
[THYMELEAF]             * [* {th:rel,data-th-rel}] [1000]: org.thymeleaf.standard.processor.StandardRemovableAttributeTagProcessor
[THYMELEAF]             * [* {th:manifest,data-th-manifest}] [1000]: org.thymeleaf.standard.processor.StandardRemovableAttributeTagProcessor
[THYMELEAF]             * [* {th:width,data-th-width}] [1000]: org.thymeleaf.standard.processor.StandardRemovableAttributeTagProcessor
[THYMELEAF]             * [* {th:tabindex,data-th-tabindex}] [1000]: org.thymeleaf.standard.processor.StandardRemovableAttributeTagProcessor
[THYMELEAF]             * [* {th:cite,data-th-cite}] [1000]: org.thymeleaf.standard.processor.StandardRemovableAttributeTagProcessor
[THYMELEAF]             * [* {th:pattern,data-th-pattern}] [1000]: org.thymeleaf.standard.processor.StandardRemovableAttributeTagProcessor
[THYMELEAF]             * [* {th:formenctype,data-th-formenctype}] [1000]: org.thymeleaf.standard.processor.StandardRemovableAttributeTagProcessor
[THYMELEAF]             * [* {th:step,data-th-step}] [1000]: org.thymeleaf.standard.processor.StandardRemovableAttributeTagProcessor
[THYMELEAF]             * [* {th:low,data-th-low}] [1000]: org.thymeleaf.standard.processor.StandardRemovableAttributeTagProcessor
[THYMELEAF]             * [* {th:cellspacing,data-th-cellspacing}] [1000]: org.thymeleaf.standard.processor.StandardRemovableAttributeTagProcessor
[THYMELEAF]             * [* {th:formmethod,data-th-formmethod}] [1000]: org.thymeleaf.standard.processor.StandardRemovableAttributeTagProcessor
[THYMELEAF]             * [* {th:preload,data-th-preload}] [1000]: org.thymeleaf.standard.processor.StandardRemovableAttributeTagProcessor
[THYMELEAF]             * [* {th:frame,data-th-frame}] [1000]: org.thymeleaf.standard.processor.StandardRemovableAttributeTagProcessor
[THYMELEAF]             * [* {th:compact,data-th-compact}] [1000]: org.thymeleaf.standard.processor.StandardRemovableAttributeTagProcessor
[THYMELEAF]             * [* {th:usemap,data-th-usemap}] [1000]: org.thymeleaf.standard.processor.StandardRemovableAttributeTagProcessor
[THYMELEAF]             * [* {th:frameborder,data-th-frameborder}] [1000]: org.thymeleaf.standard.processor.StandardRemovableAttributeTagProcessor
[THYMELEAF]             * [* {th:icon,data-th-icon}] [1000]: org.thymeleaf.standard.processor.StandardRemovableAttributeTagProcessor
[THYMELEAF]             * [* {th:maxlength,data-th-maxlength}] [1000]: org.thymeleaf.standard.processor.StandardRemovableAttributeTagProcessor
[THYMELEAF]             * [* {th:for,data-th-for}] [1000]: org.thymeleaf.standard.processor.StandardRemovableAttributeTagProcessor
[THYMELEAF]             * [* {th:contextmenu,data-th-contextmenu}] [1000]: org.thymeleaf.standard.processor.StandardRemovableAttributeTagProcessor
[THYMELEAF]             * [* {th:summary,data-th-summary}] [1000]: org.thymeleaf.standard.processor.StandardRemovableAttributeTagProcessor
[THYMELEAF]             * [* {th:rev,data-th-rev}] [1000]: org.thymeleaf.standard.processor.StandardRemovableAttributeTagProcessor
[THYMELEAF]             * [* {th:scope,data-th-scope}] [1000]: org.thymeleaf.standard.processor.StandardRemovableAttributeTagProcessor
[THYMELEAF]             * [* {th:size,data-th-size}] [1000]: org.thymeleaf.standard.processor.StandardRemovableAttributeTagProcessor
[THYMELEAF]             * [* {th:align,data-th-align}] [1000]: org.thymeleaf.standard.processor.StandardRemovableAttributeTagProcessor
[THYMELEAF]             * [* {th:scrolling,data-th-scrolling}] [1000]: org.thymeleaf.standard.processor.StandardRemovableAttributeTagProcessor
[THYMELEAF]             * [* {th:datetime,data-th-datetime}] [1000]: org.thymeleaf.standard.processor.StandardRemovableAttributeTagProcessor
[THYMELEAF]             * [* {th:wrap,data-th-wrap}] [1000]: org.thymeleaf.standard.processor.StandardRemovableAttributeTagProcessor
[THYMELEAF]             * [* {th:contenteditable,data-th-contenteditable}] [1000]: org.thymeleaf.standard.processor.StandardRemovableAttributeTagProcessor
[THYMELEAF]             * [* {th:title,data-th-title}] [1000]: org.thymeleaf.standard.processor.StandardRemovableAttributeTagProcessor
[THYMELEAF]             * [* {th:challenge,data-th-challenge}] [1000]: org.thymeleaf.standard.processor.StandardRemovableAttributeTagProcessor
[THYMELEAF]             * [* {th:codebase,data-th-codebase}] [1000]: org.thymeleaf.standard.processor.StandardRemovableAttributeTagProcessor
[THYMELEAF]             * [* {th:high,data-th-high}] [1000]: org.thymeleaf.standard.processor.StandardRemovableAttributeTagProcessor
[THYMELEAF]             * [* {th:list,data-th-list}] [1000]: org.thymeleaf.standard.processor.StandardRemovableAttributeTagProcessor
[THYMELEAF]             * [* {th:cellpadding,data-th-cellpadding}] [1000]: org.thymeleaf.standard.processor.StandardRemovableAttributeTagProcessor
[THYMELEAF]             * [* {th:formaction,data-th-formaction}] [1000]: org.thymeleaf.standard.processor.StandardRemovableAttributeTagProcessor
[THYMELEAF]             * [* {th:style,data-th-style}] [1000]: org.thymeleaf.standard.processor.StandardRemovableAttributeTagProcessor
[THYMELEAF]             * [* {th:formtarget,data-th-formtarget}] [1000]: org.thymeleaf.standard.processor.StandardRemovableAttributeTagProcessor
[THYMELEAF]             * [* {th:abbr,data-th-abbr}] [1000]: org.thymeleaf.standard.processor.StandardRemovableAttributeTagProcessor
[THYMELEAF]             * [* {th:background,data-th-background}] [1000]: org.thymeleaf.standard.processor.StandardRemovableAttributeTagProcessor
[THYMELEAF]             * [* {th:axis,data-th-axis}] [1000]: org.thymeleaf.standard.processor.StandardRemovableAttributeTagProcessor
[THYMELEAF]             * [* {th:dropzone,data-th-dropzone}] [1000]: org.thymeleaf.standard.processor.StandardRemovableAttributeTagProcessor
[THYMELEAF]             * [* {th:poster,data-th-poster}] [1000]: org.thymeleaf.standard.processor.StandardRemovableAttributeTagProcessor
[THYMELEAF]             * [* {th:audio,data-th-audio}] [1000]: org.thymeleaf.standard.processor.StandardRemovableAttributeTagProcessor
[THYMELEAF]             * [* {th:cols,data-th-cols}] [1000]: org.thymeleaf.standard.processor.StandardRemovableAttributeTagProcessor
[THYMELEAF]             * [* {th:data,data-th-data}] [1000]: org.thymeleaf.standard.processor.StandardRemovableAttributeTagProcessor
[THYMELEAF]             * [* {th:alt,data-th-alt}] [1000]: org.thymeleaf.standard.processor.StandardRemovableAttributeTagProcessor
[THYMELEAF]             * [* {th:charset,data-th-charset}] [1000]: org.thymeleaf.standard.processor.StandardRemovableAttributeTagProcessor
[THYMELEAF]             * [* {th:sandbox,data-th-sandbox}] [1000]: org.thymeleaf.standard.processor.StandardRemovableAttributeTagProcessor
[THYMELEAF]             * [* {th:accept,data-th-accept}] [1000]: org.thymeleaf.standard.processor.StandardRemovableAttributeTagProcessor
[THYMELEAF]             * [* {th:classid,data-th-classid}] [1000]: org.thymeleaf.standard.processor.StandardRemovableAttributeTagProcessor
[THYMELEAF]             * [* {th:autocomplete,data-th-autocomplete}] [1000]: org.thymeleaf.standard.processor.StandardRemovableAttributeTagProcessor
[THYMELEAF]             * [* {th:kind,data-th-kind}] [1000]: org.thymeleaf.standard.processor.StandardRemovableAttributeTagProcessor
[THYMELEAF]             * [* {th:longdesc,data-th-longdesc}] [1000]: org.thymeleaf.standard.processor.StandardRemovableAttributeTagProcessor
[THYMELEAF]             * [* {th:rowspan,data-th-rowspan}] [1000]: org.thymeleaf.standard.processor.StandardRemovableAttributeTagProcessor
[THYMELEAF]             * [* {th:codetype,data-th-codetype}] [1000]: org.thymeleaf.standard.processor.StandardRemovableAttributeTagProcessor
[THYMELEAF]             * [* {th:rules,data-th-rules}] [1000]: org.thymeleaf.standard.processor.StandardRemovableAttributeTagProcessor
[THYMELEAF]             * [* {th:class,data-th-class}] [1000]: org.thymeleaf.standard.processor.StandardRemovableAttributeTagProcessor
[THYMELEAF]             * [* {th:media,data-th-media}] [1000]: org.thymeleaf.standard.processor.StandardRemovableAttributeTagProcessor
[THYMELEAF]             * [* {th:vspace,data-th-vspace}] [1000]: org.thymeleaf.standard.processor.StandardRemovableAttributeTagProcessor
[THYMELEAF]             * [* {th:content,data-th-content}] [1000]: org.thymeleaf.standard.processor.StandardRemovableAttributeTagProcessor
[THYMELEAF]             * [* {th:bgcolor,data-th-bgcolor}] [1000]: org.thymeleaf.standard.processor.StandardRemovableAttributeTagProcessor
[THYMELEAF]             * [* {th:span,data-th-span}] [1000]: org.thymeleaf.standard.processor.StandardRemovableAttributeTagProcessor
[THYMELEAF]             * [* {th:colspan,data-th-colspan}] [1000]: org.thymeleaf.standard.processor.StandardRemovableAttributeTagProcessor
[THYMELEAF]             * [* {th:keytype,data-th-keytype}] [1000]: org.thymeleaf.standard.processor.StandardRemovableAttributeTagProcessor
[THYMELEAF]             * [* {th:accept-charset,data-th-accept-charset}] [1000]: org.thymeleaf.standard.processor.StandardRemovableAttributeTagProcessor
[THYMELEAF]             * [* {th:srclang,data-th-srclang}] [1000]: org.thymeleaf.standard.processor.StandardRemovableAttributeTagProcessor
[THYMELEAF]             * [* {th:height,data-th-height}] [1000]: org.thymeleaf.standard.processor.StandardRemovableAttributeTagProcessor
[THYMELEAF]             * [* {th:src,data-th-src}] [1000]: org.thymeleaf.standard.processor.StandardSrcTagProcessor
[THYMELEAF]             * [* {th:value,data-th-value}] [1000]: org.thymeleaf.standard.processor.StandardValueTagProcessor
[THYMELEAF]             * [* {th:xmlbase,data-th-xmlbase}] [1000]: org.thymeleaf.standard.processor.StandardXmlBaseTagProcessor
[THYMELEAF]             * [* {th:xmllang,data-th-xmllang}] [1000]: org.thymeleaf.standard.processor.StandardXmlLangTagProcessor
[THYMELEAF]             * [* {xmlns:th}] [1000]: org.thymeleaf.standard.processor.StandardXmlNsTagProcessor
[THYMELEAF]             * [* {th:xmlspace,data-th-xmlspace}] [1000]: org.thymeleaf.standard.processor.StandardXmlSpaceTagProcessor
[THYMELEAF]             * [* {th:classappend,data-th-classappend}] [1100]: org.thymeleaf.standard.processor.StandardClassappendTagProcessor
[THYMELEAF]             * [* {th:styleappend,data-th-styleappend}] [1100]: org.thymeleaf.standard.processor.StandardStyleappendTagProcessor
[THYMELEAF]             * [* {th:text,data-th-text}] [1300]: org.thymeleaf.standard.processor.StandardTextTagProcessor
[THYMELEAF]             * [* {th:utext,data-th-utext}] [1400]: org.thymeleaf.standard.processor.StandardUtextTagProcessor
[THYMELEAF]             * [* {th:fragment,data-th-fragment}] [1500]: org.thymeleaf.standard.processor.StandardFragmentTagProcessor
[THYMELEAF]             * [* {th:assert,data-th-assert}] [1550]: org.thymeleaf.standard.processor.StandardAssertTagProcessor
[THYMELEAF]             * [* {th:remove,data-th-remove}] [1600]: org.thymeleaf.standard.processor.StandardRemoveTagProcessor
[THYMELEAF]             * [* {th:ref,data-th-ref}] [10000]: org.thymeleaf.standard.processor.StandardRefAttributeTagProcessor
[THYMELEAF]             * [{th:block,th-block} *] [100000]: org.thymeleaf.standard.processor.StandardBlockTagProcessor
[THYMELEAF]             * [* th:*] [2147483647]: org.thymeleaf.standard.processor.StandardDefaultAttributesTagProcessor
[THYMELEAF]         * Text Processors by [precedence]:
[THYMELEAF]             * [1000]: org.thymeleaf.standard.processor.StandardInliningTextProcessor
[THYMELEAF]         * DOCTYPE Processors by [precedence]:
[THYMELEAF]             * [1000]: org.thymeleaf.standard.processor.StandardTranslationDocTypeProcessor
[THYMELEAF]         * CDATA Section Processors by [precedence]:
[THYMELEAF]             * [1000]: org.thymeleaf.standard.processor.StandardInliningCDATASectionProcessor
[THYMELEAF]         * Comment Processors by [precedence]:
[THYMELEAF]             * [1000]: org.thymeleaf.standard.processor.StandardInliningCommentProcessor
[THYMELEAF]             * [1100]: org.thymeleaf.standard.processor.StandardConditionalCommentProcessor
[THYMELEAF]     * Processors for Template Mode: XML
[THYMELEAF]         * Element Tag Processors by [matching element and attribute name] [precedence]:
[THYMELEAF]             * [* {th:include}] [100]: org.thymeleaf.standard.processor.StandardIncludeTagProcessor
[THYMELEAF]             * [* {th:insert}] [100]: org.thymeleaf.standard.processor.StandardInsertTagProcessor
[THYMELEAF]             * [* {th:replace}] [100]: org.thymeleaf.standard.processor.StandardReplaceTagProcessor
[THYMELEAF]             * [* {th:each}] [200]: com.intuit.karate.template.KarateEachTagProcessor
[THYMELEAF]             * [* {th:switch}] [250]: org.thymeleaf.standard.processor.StandardSwitchTagProcessor
[THYMELEAF]             * [* {th:case}] [275]: org.thymeleaf.standard.processor.StandardCaseTagProcessor
[THYMELEAF]             * [* {th:if}] [300]: org.thymeleaf.standard.processor.StandardIfTagProcessor
[THYMELEAF]             * [* {th:unless}] [400]: org.thymeleaf.standard.processor.StandardUnlessTagProcessor
[THYMELEAF]             * [* {th:object}] [500]: org.thymeleaf.standard.processor.StandardObjectTagProcessor
[THYMELEAF]             * [* {th:with}] [600]: com.intuit.karate.template.KarateWithTagProcessor
[THYMELEAF]             * [* {th:attr}] [700]: com.intuit.karate.template.KarateAttributeTagProcessor.KarateAttrTagProcessor
[THYMELEAF]             * [* {th:attrappend}] [900]: com.intuit.karate.template.KarateAttributeTagProcessor.KarateAttrappendTagProcessor
[THYMELEAF]             * [* {th:attrprepend}] [900]: com.intuit.karate.template.KarateAttributeTagProcessor.KarateAttrprependTagProcessor
[THYMELEAF]             * [* {th:inline}] [1000]: org.thymeleaf.standard.processor.StandardInlineXMLTagProcessor
[THYMELEAF]             * [* {xmlns:th}] [1000]: org.thymeleaf.standard.processor.StandardXmlNsTagProcessor
[THYMELEAF]             * [* {th:text}] [1300]: org.thymeleaf.standard.processor.StandardTextTagProcessor
[THYMELEAF]             * [* {th:utext}] [1400]: org.thymeleaf.standard.processor.StandardUtextTagProcessor
[THYMELEAF]             * [* {th:fragment}] [1500]: org.thymeleaf.standard.processor.StandardFragmentTagProcessor
[THYMELEAF]             * [* {th:assert}] [1550]: org.thymeleaf.standard.processor.StandardAssertTagProcessor
[THYMELEAF]             * [* {th:remove}] [1600]: org.thymeleaf.standard.processor.StandardRemoveTagProcessor
[THYMELEAF]             * [* {th:ref}] [10000]: org.thymeleaf.standard.processor.StandardRefAttributeTagProcessor
[THYMELEAF]             * [{th:block} *] [100000]: org.thymeleaf.standard.processor.StandardBlockTagProcessor
[THYMELEAF]             * [* th:*] [2147483647]: org.thymeleaf.standard.processor.StandardDefaultAttributesTagProcessor
[THYMELEAF]         * Text Processors by [precedence]:
[THYMELEAF]             * [1000]: org.thymeleaf.standard.processor.StandardInliningTextProcessor
[THYMELEAF]         * CDATA Section Processors by [precedence]:
[THYMELEAF]             * [1000]: org.thymeleaf.standard.processor.StandardInliningCDATASectionProcessor
[THYMELEAF]         * Comment Processors by [precedence]:
[THYMELEAF]             * [1000]: org.thymeleaf.standard.processor.StandardInliningCommentProcessor
[THYMELEAF]     * Processors for Template Mode: TEXT
[THYMELEAF]         * Element Tag Processors by [matching element and attribute name] [precedence]:
[THYMELEAF]             * [* {th:insert}] [100]: org.thymeleaf.standard.processor.StandardInsertTagProcessor
[THYMELEAF]             * [* {th:replace}] [100]: org.thymeleaf.standard.processor.StandardReplaceTagProcessor
[THYMELEAF]             * [* {th:each}] [200]: com.intuit.karate.template.KarateEachTagProcessor
[THYMELEAF]             * [* {th:switch}] [250]: org.thymeleaf.standard.processor.StandardSwitchTagProcessor
[THYMELEAF]             * [* {th:case}] [275]: org.thymeleaf.standard.processor.StandardCaseTagProcessor
[THYMELEAF]             * [* {th:if}] [300]: org.thymeleaf.standard.processor.StandardIfTagProcessor
[THYMELEAF]             * [* {th:unless}] [400]: org.thymeleaf.standard.processor.StandardUnlessTagProcessor
[THYMELEAF]             * [* {th:object}] [500]: org.thymeleaf.standard.processor.StandardObjectTagProcessor
[THYMELEAF]             * [* {th:with}] [600]: com.intuit.karate.template.KarateWithTagProcessor
[THYMELEAF]             * [* {th:inline}] [1000]: org.thymeleaf.standard.processor.StandardInlineTextualTagProcessor
[THYMELEAF]             * [* {th:text}] [1300]: org.thymeleaf.standard.processor.StandardTextTagProcessor
[THYMELEAF]             * [* {th:utext}] [1400]: org.thymeleaf.standard.processor.StandardUtextTagProcessor
[THYMELEAF]             * [* {th:assert}] [1550]: org.thymeleaf.standard.processor.StandardAssertTagProcessor
[THYMELEAF]             * [* {th:remove}] [1600]: org.thymeleaf.standard.processor.StandardRemoveTagProcessor
[THYMELEAF]             * [* 100000] [org.thymeleaf.standard.processor.StandardBlockTagProcessor]: {}
[THYMELEAF]             * [{th:block} *] [100000]: org.thymeleaf.standard.processor.StandardBlockTagProcessor
[THYMELEAF]         * Text Processors by [precedence]:
[THYMELEAF]             * [1000]: org.thymeleaf.standard.processor.StandardInliningTextProcessor
[THYMELEAF]     * Processors for Template Mode: JAVASCRIPT
[THYMELEAF]         * Element Tag Processors by [matching element and attribute name] [precedence]:
[THYMELEAF]             * [* {th:insert}] [100]: org.thymeleaf.standard.processor.StandardInsertTagProcessor
[THYMELEAF]             * [* {th:replace}] [100]: org.thymeleaf.standard.processor.StandardReplaceTagProcessor
[THYMELEAF]             * [* {th:each}] [200]: com.intuit.karate.template.KarateEachTagProcessor
[THYMELEAF]             * [* {th:switch}] [250]: org.thymeleaf.standard.processor.StandardSwitchTagProcessor
[THYMELEAF]             * [* {th:case}] [275]: org.thymeleaf.standard.processor.StandardCaseTagProcessor
[THYMELEAF]             * [* {th:if}] [300]: org.thymeleaf.standard.processor.StandardIfTagProcessor
[THYMELEAF]             * [* {th:unless}] [400]: org.thymeleaf.standard.processor.StandardUnlessTagProcessor
[THYMELEAF]             * [* {th:object}] [500]: org.thymeleaf.standard.processor.StandardObjectTagProcessor
[THYMELEAF]             * [* {th:with}] [600]: com.intuit.karate.template.KarateWithTagProcessor
[THYMELEAF]             * [* {th:inline}] [1000]: org.thymeleaf.standard.processor.StandardInlineTextualTagProcessor
[THYMELEAF]             * [* {th:text}] [1300]: org.thymeleaf.standard.processor.StandardTextTagProcessor
[THYMELEAF]             * [* {th:utext}] [1400]: org.thymeleaf.standard.processor.StandardUtextTagProcessor
[THYMELEAF]             * [* {th:assert}] [1550]: org.thymeleaf.standard.processor.StandardAssertTagProcessor
[THYMELEAF]             * [* {th:remove}] [1600]: org.thymeleaf.standard.processor.StandardRemoveTagProcessor
[THYMELEAF]             * [{th:block} *] [100000]: org.thymeleaf.standard.processor.StandardBlockTagProcessor
[THYMELEAF]             * [* 100000] [org.thymeleaf.standard.processor.StandardBlockTagProcessor]: {}
[THYMELEAF]         * Text Processors by [precedence]:
[THYMELEAF]             * [1000]: org.thymeleaf.standard.processor.StandardInliningTextProcessor
[THYMELEAF]     * Processors for Template Mode: CSS
[THYMELEAF]         * Element Tag Processors by [matching element and attribute name] [precedence]:
[THYMELEAF]             * [* {th:insert}] [100]: org.thymeleaf.standard.processor.StandardInsertTagProcessor
[THYMELEAF]             * [* {th:replace}] [100]: org.thymeleaf.standard.processor.StandardReplaceTagProcessor
[THYMELEAF]             * [* {th:each}] [200]: com.intuit.karate.template.KarateEachTagProcessor
[THYMELEAF]             * [* {th:switch}] [250]: org.thymeleaf.standard.processor.StandardSwitchTagProcessor
[THYMELEAF]             * [* {th:case}] [275]: org.thymeleaf.standard.processor.StandardCaseTagProcessor
[THYMELEAF]             * [* {th:if}] [300]: org.thymeleaf.standard.processor.StandardIfTagProcessor
[THYMELEAF]             * [* {th:unless}] [400]: org.thymeleaf.standard.processor.StandardUnlessTagProcessor
[THYMELEAF]             * [* {th:object}] [500]: org.thymeleaf.standard.processor.StandardObjectTagProcessor
[THYMELEAF]             * [* {th:with}] [600]: com.intuit.karate.template.KarateWithTagProcessor
[THYMELEAF]             * [* {th:inline}] [1000]: org.thymeleaf.standard.processor.StandardInlineTextualTagProcessor
[THYMELEAF]             * [* {th:text}] [1300]: org.thymeleaf.standard.processor.StandardTextTagProcessor
[THYMELEAF]             * [* {th:utext}] [1400]: org.thymeleaf.standard.processor.StandardUtextTagProcessor
[THYMELEAF]             * [* {th:assert}] [1550]: org.thymeleaf.standard.processor.StandardAssertTagProcessor
[THYMELEAF]             * [* {th:remove}] [1600]: org.thymeleaf.standard.processor.StandardRemoveTagProcessor
[THYMELEAF]             * [{th:block} *] [100000]: org.thymeleaf.standard.processor.StandardBlockTagProcessor
[THYMELEAF]             * [* 100000] [org.thymeleaf.standard.processor.StandardBlockTagProcessor]: {}
[THYMELEAF]         * Text Processors by [precedence]:
[THYMELEAF]             * [1000]: org.thymeleaf.standard.processor.StandardInliningTextProcessor
[THYMELEAF]     * Expression Objects:
[THYMELEAF]         * #ctx
[THYMELEAF]         * #root
[THYMELEAF]         * #vars
[THYMELEAF]         * #object
[THYMELEAF]         * #locale
[THYMELEAF]         * #conversions
[THYMELEAF]         * #uris
[THYMELEAF]         * #temporals
[THYMELEAF]         * #calendars
[THYMELEAF]         * #dates
[THYMELEAF]         * #bools
[THYMELEAF]         * #numbers
[THYMELEAF]         * #objects
[THYMELEAF]         * #strings
[THYMELEAF]         * #arrays
[THYMELEAF]         * #lists
[THYMELEAF]         * #sets
[THYMELEAF]         * #maps
[THYMELEAF]         * #aggregates
[THYMELEAF]         * #messages
[THYMELEAF]         * #ids
[THYMELEAF]         * #execInfo
[THYMELEAF]         * #request
[THYMELEAF]         * #response
[THYMELEAF]         * #session
[THYMELEAF]         * #servletContext
[THYMELEAF]     * Execution Attributes:
[THYMELEAF]         * "StandardExpressionParser": com.intuit.karate.template.KarateStandardDialect@6dcbbb49
[THYMELEAF]         * "StandardJavaScriptSerializer": org.thymeleaf.standard.serializer.StandardJavaScriptSerializer@76dc36e5
[THYMELEAF]         * "StandardCSSSerializer": org.thymeleaf.standard.serializer.StandardCSSSerializer@2a54c92e
[THYMELEAF]         * "StandardVariableExpressionEvaluator": com.intuit.karate.template.KarateStandardDialect@6dcbbb49
[THYMELEAF]         * "StandardConversionService": org.thymeleaf.standard.expression.StandardConversionService@31533eb1
[THYMELEAF] * Dialect [2 of 2]: karate (com.intuit.karate.template.KarateScriptDialect)
[THYMELEAF]     * Prefix: "ka"
[THYMELEAF]     * Processors for Template Mode: HTML
[THYMELEAF]         * Element Tag Processors by [matching element and attribute name] [precedence]:
[THYMELEAF]             * [* {src}] [1000]: com.intuit.karate.template.KaScriptAttrProcessor
[THYMELEAF]         * Element Model Processors by [matching element and attribute name] [precedence]:
[THYMELEAF]             * [{script} {ka:scope,data-ka-scope}] [1000]: com.intuit.karate.template.KaScriptElemProcessor
[THYMELEAF]             * [* {ka:set,data-ka-set}] [1000]: com.intuit.karate.template.KaSetElemProcessor
[THYMELEAF] TEMPLATE ENGINE CONFIGURED OK
23:32:32.226 [main] DEBUG org.thymeleaf.TemplateEngine -- [THYMELEAF] TEMPLATE ENGINE INITIALIZED
---------------------------------------------------------
feature: classpath:features/auth/login-excel.feature
scenarios:  1 | passed:  1 | failed:  0 | time: 2.8628
---------------------------------------------------------

Karate version: 1.4.1
======================================================
elapsed:   4.55 | threads:    1 | thread time: 2.86 
features:     1 | skipped:    0 | efficiency: 0.63
scenarios:    1 | passed:     1 | failed: 0
======================================================
23:32:32.863 [main] DEBUG org.thymeleaf.TemplateEngine -- [THYMELEAF] INITIALIZING TEMPLATE ENGINE
23:32:32.875 [main] DEBUG org.thymeleaf.TemplateEngine.CONFIG -- Initializing Thymeleaf Template engine configuration...
[THYMELEAF] TEMPLATE ENGINE CONFIGURATION:
[THYMELEAF] * Thymeleaf version: 3.1.2.RELEASE (built 2023-07-30T19:25:50+0000)
[THYMELEAF] * Cache Manager implementation: org.thymeleaf.cache.StandardCacheManager
[THYMELEAF] * Template resolvers:
[THYMELEAF]     * [1] com.intuit.karate.template.ResourceHtmlTemplateResolver
[THYMELEAF] * Message resolvers:
[THYMELEAF]     * org.thymeleaf.messageresolver.StandardMessageResolver
[THYMELEAF] * Link builders:
[THYMELEAF]     * org.thymeleaf.linkbuilder.StandardLinkBuilder
[THYMELEAF] * Dialect [1 of 2]: Standard (com.intuit.karate.template.KarateStandardDialect)
[THYMELEAF]     * Prefix: "th"
[THYMELEAF]     * Processors for Template Mode: HTML
[THYMELEAF]         * Element Tag Processors by [matching element and attribute name] [precedence]:
[THYMELEAF]             * [* {th:include,data-th-include}] [100]: org.thymeleaf.standard.processor.StandardIncludeTagProcessor
[THYMELEAF]             * [* {th:insert,data-th-insert}] [100]: org.thymeleaf.standard.processor.StandardInsertTagProcessor
[THYMELEAF]             * [* {th:replace,data-th-replace}] [100]: org.thymeleaf.standard.processor.StandardReplaceTagProcessor
[THYMELEAF]             * [* {th:each,data-th-each}] [200]: com.intuit.karate.template.KarateEachTagProcessor
[THYMELEAF]             * [* {th:switch,data-th-switch}] [250]: org.thymeleaf.standard.processor.StandardSwitchTagProcessor
[THYMELEAF]             * [* {th:case,data-th-case}] [275]: org.thymeleaf.standard.processor.StandardCaseTagProcessor
[THYMELEAF]             * [* {th:if,data-th-if}] [300]: org.thymeleaf.standard.processor.StandardIfTagProcessor
[THYMELEAF]             * [* {th:unless,data-th-unless}] [400]: org.thymeleaf.standard.processor.StandardUnlessTagProcessor
[THYMELEAF]             * [* {th:object,data-th-object}] [500]: org.thymeleaf.standard.processor.StandardObjectTagProcessor
[THYMELEAF]             * [* {th:with,data-th-with}] [600]: com.intuit.karate.template.KarateWithTagProcessor
[THYMELEAF]             * [* {th:attr,data-th-attr}] [700]: com.intuit.karate.template.KarateAttributeTagProcessor.KarateAttrTagProcessor
[THYMELEAF]             * [* {th:attrappend,data-th-attrappend}] [900]: com.intuit.karate.template.KarateAttributeTagProcessor.KarateAttrappendTagProcessor
[THYMELEAF]             * [* {th:attrprepend,data-th-attrprepend}] [900]: com.intuit.karate.template.KarateAttributeTagProcessor.KarateAttrprependTagProcessor
[THYMELEAF]             * [* {th:alt-title,data-th-alt-title}] [990]: org.thymeleaf.standard.processor.StandardAltTitleTagProcessor
[THYMELEAF]             * [* {th:lang-xmllang,data-th-lang-xmllang}] [990]: org.thymeleaf.standard.processor.StandardLangXmlLangTagProcessor
[THYMELEAF]             * [* {th:action,data-th-action}] [1000]: org.thymeleaf.standard.processor.StandardActionTagProcessor
[THYMELEAF]             * [* {th:defer,data-th-defer}] [1000]: org.thymeleaf.standard.processor.StandardConditionalFixedValueTagProcessor
[THYMELEAF]             * [* {th:reversed,data-th-reversed}] [1000]: org.thymeleaf.standard.processor.StandardConditionalFixedValueTagProcessor
[THYMELEAF]             * [* {th:open,data-th-open}] [1000]: org.thymeleaf.standard.processor.StandardConditionalFixedValueTagProcessor
[THYMELEAF]             * [* {th:checked,data-th-checked}] [1000]: org.thymeleaf.standard.processor.StandardConditionalFixedValueTagProcessor
[THYMELEAF]             * [* {th:multiple,data-th-multiple}] [1000]: org.thymeleaf.standard.processor.StandardConditionalFixedValueTagProcessor
[THYMELEAF]             * [* {th:pubdate,data-th-pubdate}] [1000]: org.thymeleaf.standard.processor.StandardConditionalFixedValueTagProcessor
[THYMELEAF]             * [* {th:declare,data-th-declare}] [1000]: org.thymeleaf.standard.processor.StandardConditionalFixedValueTagProcessor
[THYMELEAF]             * [* {th:autofocus,data-th-autofocus}] [1000]: org.thymeleaf.standard.processor.StandardConditionalFixedValueTagProcessor
[THYMELEAF]             * [* {th:hidden,data-th-hidden}] [1000]: org.thymeleaf.standard.processor.StandardConditionalFixedValueTagProcessor
[THYMELEAF]             * [* {th:ismap,data-th-ismap}] [1000]: org.thymeleaf.standard.processor.StandardConditionalFixedValueTagProcessor
[THYMELEAF]             * [* {th:async,data-th-async}] [1000]: org.thymeleaf.standard.processor.StandardConditionalFixedValueTagProcessor
[THYMELEAF]             * [* {th:required,data-th-required}] [1000]: org.thymeleaf.standard.processor.StandardConditionalFixedValueTagProcessor
[THYMELEAF]             * [* {th:default,data-th-default}] [1000]: org.thymeleaf.standard.processor.StandardConditionalFixedValueTagProcessor
[THYMELEAF]             * [* {th:loop,data-th-loop}] [1000]: org.thymeleaf.standard.processor.StandardConditionalFixedValueTagProcessor
[THYMELEAF]             * [* {th:autoplay,data-th-autoplay}] [1000]: org.thymeleaf.standard.processor.StandardConditionalFixedValueTagProcessor
[THYMELEAF]             * [* {th:novalidate,data-th-novalidate}] [1000]: org.thymeleaf.standard.processor.StandardConditionalFixedValueTagProcessor
[THYMELEAF]             * [* {th:seamless,data-th-seamless}] [1000]: org.thymeleaf.standard.processor.StandardConditionalFixedValueTagProcessor
[THYMELEAF]             * [* {th:readonly,data-th-readonly}] [1000]: org.thymeleaf.standard.processor.StandardConditionalFixedValueTagProcessor
[THYMELEAF]             * [* {th:controls,data-th-controls}] [1000]: org.thymeleaf.standard.processor.StandardConditionalFixedValueTagProcessor
[THYMELEAF]             * [* {th:disabled,data-th-disabled}] [1000]: org.thymeleaf.standard.processor.StandardConditionalFixedValueTagProcessor
[THYMELEAF]             * [* {th:scoped,data-th-scoped}] [1000]: org.thymeleaf.standard.processor.StandardConditionalFixedValueTagProcessor
[THYMELEAF]             * [* {th:nowrap,data-th-nowrap}] [1000]: org.thymeleaf.standard.processor.StandardConditionalFixedValueTagProcessor
[THYMELEAF]             * [* {th:formnovalidate,data-th-formnovalidate}] [1000]: org.thymeleaf.standard.processor.StandardConditionalFixedValueTagProcessor
[THYMELEAF]             * [* {th:selected,data-th-selected}] [1000]: org.thymeleaf.standard.processor.StandardConditionalFixedValueTagProcessor
[THYMELEAF]             * [* {th:onformchange,data-th-onformchange}] [1000]: org.thymeleaf.standard.processor.StandardDOMEventAttributeTagProcessor
[THYMELEAF]             * [* {th:onload,data-th-onload}] [1000]: org.thymeleaf.standard.processor.StandardDOMEventAttributeTagProcessor
[THYMELEAF]             * [* {th:onmessage,data-th-onmessage}] [1000]: org.thymeleaf.standard.processor.StandardDOMEventAttributeTagProcessor
[THYMELEAF]             * [* {th:onbeforeprint,data-th-onbeforeprint}] [1000]: org.thymeleaf.standard.processor.StandardDOMEventAttributeTagProcessor
[THYMELEAF]             * [* {th:onbeforeunload,data-th-onbeforeunload}] [1000]: org.thymeleaf.standard.processor.StandardDOMEventAttributeTagProcessor
[THYMELEAF]             * [* {th:ondragstart,data-th-ondragstart}] [1000]: org.thymeleaf.standard.processor.StandardDOMEventAttributeTagProcessor
[THYMELEAF]             * [* {th:onundo,data-th-onundo}] [1000]: org.thymeleaf.standard.processor.StandardDOMEventAttributeTagProcessor
[THYMELEAF]             * [* {th:onselect,data-th-onselect}] [1000]: org.thymeleaf.standard.processor.StandardDOMEventAttributeTagProcessor
[THYMELEAF]             * [* {th:onscroll,data-th-onscroll}] [1000]: org.thymeleaf.standard.processor.StandardDOMEventAttributeTagProcessor
[THYMELEAF]             * [* {th:onprogress,data-th-onprogress}] [1000]: org.thymeleaf.standard.processor.StandardDOMEventAttributeTagProcessor
[THYMELEAF]             * [* {th:onpause,data-th-onpause}] [1000]: org.thymeleaf.standard.processor.StandardDOMEventAttributeTagProcessor
[THYMELEAF]             * [* {th:onemptied,data-th-onemptied}] [1000]: org.thymeleaf.standard.processor.StandardDOMEventAttributeTagProcessor
[THYMELEAF]             * [* {th:onmouseout,data-th-onmouseout}] [1000]: org.thymeleaf.standard.processor.StandardDOMEventAttributeTagProcessor
[THYMELEAF]             * [* {th:onchange,data-th-onchange}] [1000]: org.thymeleaf.standard.processor.StandardDOMEventAttributeTagProcessor
[THYMELEAF]             * [* {th:onplaying,data-th-onplaying}] [1000]: org.thymeleaf.standard.processor.StandardDOMEventAttributeTagProcessor
[THYMELEAF]             * [* {th:onkeyup,data-th-onkeyup}] [1000]: org.thymeleaf.standard.processor.StandardDOMEventAttributeTagProcessor
[THYMELEAF]             * [* {th:onclick,data-th-onclick}] [1000]: org.thymeleaf.standard.processor.StandardDOMEventAttributeTagProcessor
[THYMELEAF]             * [* {th:ondragend,data-th-ondragend}] [1000]: org.thymeleaf.standard.processor.StandardDOMEventAttributeTagProcessor
[THYMELEAF]             * [* {th:ononline,data-th-ononline}] [1000]: org.thymeleaf.standard.processor.StandardDOMEventAttributeTagProcessor
[THYMELEAF]             * [* {th:onfocus,data-th-onfocus}] [1000]: org.thymeleaf.standard.processor.StandardDOMEventAttributeTagProcessor
[THYMELEAF]             * [* {th:onmouseup,data-th-onmouseup}] [1000]: org.thymeleaf.standard.processor.StandardDOMEventAttributeTagProcessor
[THYMELEAF]             * [* {th:onkeypress,data-th-onkeypress}] [1000]: org.thymeleaf.standard.processor.StandardDOMEventAttributeTagProcessor
[THYMELEAF]             * [* {th:onmousewheel,data-th-onmousewheel}] [1000]: org.thymeleaf.standard.processor.StandardDOMEventAttributeTagProcessor
[THYMELEAF]             * [* {th:onstalled,data-th-onstalled}] [1000]: org.thymeleaf.standard.processor.StandardDOMEventAttributeTagProcessor
[THYMELEAF]             * [* {th:oncanplay,data-th-oncanplay}] [1000]: org.thymeleaf.standard.processor.StandardDOMEventAttributeTagProcessor
[THYMELEAF]             * [* {th:onmouseover,data-th-onmouseover}] [1000]: org.thymeleaf.standard.processor.StandardDOMEventAttributeTagProcessor
[THYMELEAF]             * [* {th:onseeking,data-th-onseeking}] [1000]: org.thymeleaf.standard.processor.StandardDOMEventAttributeTagProcessor
[THYMELEAF]             * [* {th:onoffline,data-th-onoffline}] [1000]: org.thymeleaf.standard.processor.StandardDOMEventAttributeTagProcessor
[THYMELEAF]             * [* {th:onratechange,data-th-onratechange}] [1000]: org.thymeleaf.standard.processor.StandardDOMEventAttributeTagProcessor
[THYMELEAF]             * [* {th:ontimeupdate,data-th-ontimeupdate}] [1000]: org.thymeleaf.standard.processor.StandardDOMEventAttributeTagProcessor
[THYMELEAF]             * [* {th:ondurationchange,data-th-ondurationchange}] [1000]: org.thymeleaf.standard.processor.StandardDOMEventAttributeTagProcessor
[THYMELEAF]             * [* {th:onshow,data-th-onshow}] [1000]: org.thymeleaf.standard.processor.StandardDOMEventAttributeTagProcessor
[THYMELEAF]             * [* {th:onloadstart,data-th-onloadstart}] [1000]: org.thymeleaf.standard.processor.StandardDOMEventAttributeTagProcessor
[THYMELEAF]             * [* {th:onmousemove,data-th-onmousemove}] [1000]: org.thymeleaf.standard.processor.StandardDOMEventAttributeTagProcessor
[THYMELEAF]             * [* {th:onloadedmetadata,data-th-onloadedmetadata}] [1000]: org.thymeleaf.standard.processor.StandardDOMEventAttributeTagProcessor
[THYMELEAF]             * [* {th:ondragleave,data-th-ondragleave}] [1000]: org.thymeleaf.standard.processor.StandardDOMEventAttributeTagProcessor
[THYMELEAF]             * [* {th:onpopstate,data-th-onpopstate}] [1000]: org.thymeleaf.standard.processor.StandardDOMEventAttributeTagProcessor
[THYMELEAF]             * [* {th:oncontextmenu,data-th-oncontextmenu}] [1000]: org.thymeleaf.standard.processor.StandardDOMEventAttributeTagProcessor
[THYMELEAF]             * [* {th:onmousedown,data-th-onmousedown}] [1000]: org.thymeleaf.standard.processor.StandardDOMEventAttributeTagProcessor
[THYMELEAF]             * [* {th:onunload,data-th-onunload}] [1000]: org.thymeleaf.standard.processor.StandardDOMEventAttributeTagProcessor
[THYMELEAF]             * [* {th:onerror,data-th-onerror}] [1000]: org.thymeleaf.standard.processor.StandardDOMEventAttributeTagProcessor
[THYMELEAF]             * [* {th:onhashchange,data-th-onhashchange}] [1000]: org.thymeleaf.standard.processor.StandardDOMEventAttributeTagProcessor
[THYMELEAF]             * [* {th:onloadeddata,data-th-onloadeddata}] [1000]: org.thymeleaf.standard.processor.StandardDOMEventAttributeTagProcessor
[THYMELEAF]             * [* {th:ondrop,data-th-ondrop}] [1000]: org.thymeleaf.standard.processor.StandardDOMEventAttributeTagProcessor
[THYMELEAF]             * [* {th:onwaiting,data-th-onwaiting}] [1000]: org.thymeleaf.standard.processor.StandardDOMEventAttributeTagProcessor
[THYMELEAF]             * [* {th:ondragenter,data-th-ondragenter}] [1000]: org.thymeleaf.standard.processor.StandardDOMEventAttributeTagProcessor
[THYMELEAF]             * [* {th:oninvalid,data-th-oninvalid}] [1000]: org.thymeleaf.standard.processor.StandardDOMEventAttributeTagProcessor
[THYMELEAF]             * [* {th:onreset,data-th-onreset}] [1000]: org.thymeleaf.standard.processor.StandardDOMEventAttributeTagProcessor
[THYMELEAF]             * [* {th:ondrag,data-th-ondrag}] [1000]: org.thymeleaf.standard.processor.StandardDOMEventAttributeTagProcessor
[THYMELEAF]             * [* {th:onseeked,data-th-onseeked}] [1000]: org.thymeleaf.standard.processor.StandardDOMEventAttributeTagProcessor
[THYMELEAF]             * [* {th:onresize,data-th-onresize}] [1000]: org.thymeleaf.standard.processor.StandardDOMEventAttributeTagProcessor
[THYMELEAF]             * [* {th:onkeydown,data-th-onkeydown}] [1000]: org.thymeleaf.standard.processor.StandardDOMEventAttributeTagProcessor
[THYMELEAF]             * [* {th:ondblclick,data-th-ondblclick}] [1000]: org.thymeleaf.standard.processor.StandardDOMEventAttributeTagProcessor
[THYMELEAF]             * [* {th:onabort,data-th-onabort}] [1000]: org.thymeleaf.standard.processor.StandardDOMEventAttributeTagProcessor
[THYMELEAF]             * [* {th:ondragover,data-th-ondragover}] [1000]: org.thymeleaf.standard.processor.StandardDOMEventAttributeTagProcessor
[THYMELEAF]             * [* {th:onafterprint,data-th-onafterprint}] [1000]: org.thymeleaf.standard.processor.StandardDOMEventAttributeTagProcessor
[THYMELEAF]             * [* {th:onsuspend,data-th-onsuspend}] [1000]: org.thymeleaf.standard.processor.StandardDOMEventAttributeTagProcessor
[THYMELEAF]             * [* {th:onstorage,data-th-onstorage}] [1000]: org.thymeleaf.standard.processor.StandardDOMEventAttributeTagProcessor
[THYMELEAF]             * [* {th:onredo,data-th-onredo}] [1000]: org.thymeleaf.standard.processor.StandardDOMEventAttributeTagProcessor
[THYMELEAF]             * [* {th:oninput,data-th-oninput}] [1000]: org.thymeleaf.standard.processor.StandardDOMEventAttributeTagProcessor
[THYMELEAF]             * [* {th:onvolumechange,data-th-onvolumechange}] [1000]: org.thymeleaf.standard.processor.StandardDOMEventAttributeTagProcessor
[THYMELEAF]             * [* {th:oncanplaythrough,data-th-oncanplaythrough}] [1000]: org.thymeleaf.standard.processor.StandardDOMEventAttributeTagProcessor
[THYMELEAF]             * [* {th:onplay,data-th-onplay}] [1000]: org.thymeleaf.standard.processor.StandardDOMEventAttributeTagProcessor
[THYMELEAF]             * [* {th:onended,data-th-onended}] [1000]: org.thymeleaf.standard.processor.StandardDOMEventAttributeTagProcessor
[THYMELEAF]             * [* {th:onblur,data-th-onblur}] [1000]: org.thymeleaf.standard.processor.StandardDOMEventAttributeTagProcessor
[THYMELEAF]             * [* {th:onreadystatechange,data-th-onreadystatechange}] [1000]: org.thymeleaf.standard.processor.StandardDOMEventAttributeTagProcessor
[THYMELEAF]             * [* {th:onsubmit,data-th-onsubmit}] [1000]: org.thymeleaf.standard.processor.StandardDOMEventAttributeTagProcessor
[THYMELEAF]             * [* {th:onforminput,data-th-onforminput}] [1000]: org.thymeleaf.standard.processor.StandardDOMEventAttributeTagProcessor
[THYMELEAF]             * [* {th:href,data-th-href}] [1000]: org.thymeleaf.standard.processor.StandardHrefTagProcessor
[THYMELEAF]             * [* {th:inline,data-th-inline}] [1000]: org.thymeleaf.standard.processor.StandardInlineHTMLTagProcessor
[THYMELEAF]             * [* {th:method,data-th-method}] [1000]: org.thymeleaf.standard.processor.StandardMethodTagProcessor
[THYMELEAF]             * [* {th:name,data-th-name}] [1000]: org.thymeleaf.standard.processor.StandardNonRemovableAttributeTagProcessor
[THYMELEAF]             * [* {th:type,data-th-type}] [1000]: org.thymeleaf.standard.processor.StandardNonRemovableAttributeTagProcessor
[THYMELEAF]             * [* {th:bgcolor,data-th-bgcolor}] [1000]: org.thymeleaf.standard.processor.StandardRemovableAttributeTagProcessor
[THYMELEAF]             * [* {th:vspace,data-th-vspace}] [1000]: org.thymeleaf.standard.processor.StandardRemovableAttributeTagProcessor
[THYMELEAF]             * [* {th:rel,data-th-rel}] [1000]: org.thymeleaf.standard.processor.StandardRemovableAttributeTagProcessor
[THYMELEAF]             * [* {th:align,data-th-align}] [1000]: org.thymeleaf.standard.processor.StandardRemovableAttributeTagProcessor
[THYMELEAF]             * [* {th:cellpadding,data-th-cellpadding}] [1000]: org.thymeleaf.standard.processor.StandardRemovableAttributeTagProcessor
[THYMELEAF]             * [* {th:standby,data-th-standby}] [1000]: org.thymeleaf.standard.processor.StandardRemovableAttributeTagProcessor
[THYMELEAF]             * [* {th:headers,data-th-headers}] [1000]: org.thymeleaf.standard.processor.StandardRemovableAttributeTagProcessor
[THYMELEAF]             * [* {th:cols,data-th-cols}] [1000]: org.thymeleaf.standard.processor.StandardRemovableAttributeTagProcessor
[THYMELEAF]             * [* {th:poster,data-th-poster}] [1000]: org.thymeleaf.standard.processor.StandardRemovableAttributeTagProcessor
[THYMELEAF]             * [* {th:sizes,data-th-sizes}] [1000]: org.thymeleaf.standard.processor.StandardRemovableAttributeTagProcessor
[THYMELEAF]             * [* {th:sandbox,data-th-sandbox}] [1000]: org.thymeleaf.standard.processor.StandardRemovableAttributeTagProcessor
[THYMELEAF]             * [* {th:scheme,data-th-scheme}] [1000]: org.thymeleaf.standard.processor.StandardRemovableAttributeTagProcessor
[THYMELEAF]             * [* {th:accesskey,data-th-accesskey}] [1000]: org.thymeleaf.standard.processor.StandardRemovableAttributeTagProcessor
[THYMELEAF]             * [* {th:high,data-th-high}] [1000]: org.thymeleaf.standard.processor.StandardRemovableAttributeTagProcessor
[THYMELEAF]             * [* {th:background,data-th-background}] [1000]: org.thymeleaf.standard.processor.StandardRemovableAttributeTagProcessor
[THYMELEAF]             * [* {th:formenctype,data-th-formenctype}] [1000]: org.thymeleaf.standard.processor.StandardRemovableAttributeTagProcessor
[THYMELEAF]             * [* {th:optimum,data-th-optimum}] [1000]: org.thymeleaf.standard.processor.StandardRemovableAttributeTagProcessor
[THYMELEAF]             * [* {th:charset,data-th-charset}] [1000]: org.thymeleaf.standard.processor.StandardRemovableAttributeTagProcessor
[THYMELEAF]             * [* {th:hreflang,data-th-hreflang}] [1000]: org.thymeleaf.standard.processor.StandardRemovableAttributeTagProcessor
[THYMELEAF]             * [* {th:border,data-th-border}] [1000]: org.thymeleaf.standard.processor.StandardRemovableAttributeTagProcessor
[THYMELEAF]             * [* {th:compact,data-th-compact}] [1000]: org.thymeleaf.standard.processor.StandardRemovableAttributeTagProcessor
[THYMELEAF]             * [* {th:rev,data-th-rev}] [1000]: org.thymeleaf.standard.processor.StandardRemovableAttributeTagProcessor
[THYMELEAF]             * [* {th:datetime,data-th-datetime}] [1000]: org.thymeleaf.standard.processor.StandardRemovableAttributeTagProcessor
[THYMELEAF]             * [* {th:min,data-th-min}] [1000]: org.thymeleaf.standard.processor.StandardRemovableAttributeTagProcessor
[THYMELEAF]             * [* {th:alt,data-th-alt}] [1000]: org.thymeleaf.standard.processor.StandardRemovableAttributeTagProcessor
[THYMELEAF]             * [* {th:step,data-th-step}] [1000]: org.thymeleaf.standard.processor.StandardRemovableAttributeTagProcessor
[THYMELEAF]             * [* {th:enctype,data-th-enctype}] [1000]: org.thymeleaf.standard.processor.StandardRemovableAttributeTagProcessor
[THYMELEAF]             * [* {th:usemap,data-th-usemap}] [1000]: org.thymeleaf.standard.processor.StandardRemovableAttributeTagProcessor
[THYMELEAF]             * [* {th:longdesc,data-th-longdesc}] [1000]: org.thymeleaf.standard.processor.StandardRemovableAttributeTagProcessor
[THYMELEAF]             * [* {th:preload,data-th-preload}] [1000]: org.thymeleaf.standard.processor.StandardRemovableAttributeTagProcessor
[THYMELEAF]             * [* {th:title,data-th-title}] [1000]: org.thymeleaf.standard.processor.StandardRemovableAttributeTagProcessor
[THYMELEAF]             * [* {th:codetype,data-th-codetype}] [1000]: org.thymeleaf.standard.processor.StandardRemovableAttributeTagProcessor
[THYMELEAF]             * [* {th:contenteditable,data-th-contenteditable}] [1000]: org.thymeleaf.standard.processor.StandardRemovableAttributeTagProcessor
[THYMELEAF]             * [* {th:tabindex,data-th-tabindex}] [1000]: org.thymeleaf.standard.processor.StandardRemovableAttributeTagProcessor
[THYMELEAF]             * [* {th:classid,data-th-classid}] [1000]: org.thymeleaf.standard.processor.StandardRemovableAttributeTagProcessor
[THYMELEAF]             * [* {th:media,data-th-media}] [1000]: org.thymeleaf.standard.processor.StandardRemovableAttributeTagProcessor
[THYMELEAF]             * [* {th:colspan,data-th-colspan}] [1000]: org.thymeleaf.standard.processor.StandardRemovableAttributeTagProcessor
[THYMELEAF]             * [* {th:kind,data-th-kind}] [1000]: org.thymeleaf.standard.processor.StandardRemovableAttributeTagProcessor
[THYMELEAF]             * [* {th:radiogroup,data-th-radiogroup}] [1000]: org.thymeleaf.standard.processor.StandardRemovableAttributeTagProcessor
[THYMELEAF]             * [* {th:spellcheck,data-th-spellcheck}] [1000]: org.thymeleaf.standard.processor.StandardRemovableAttributeTagProcessor
[THYMELEAF]             * [* {th:accept,data-th-accept}] [1000]: org.thymeleaf.standard.processor.StandardRemovableAttributeTagProcessor
[THYMELEAF]             * [* {th:style,data-th-style}] [1000]: org.thymeleaf.standard.processor.StandardRemovableAttributeTagProcessor
[THYMELEAF]             * [* {th:accept-charset,data-th-accept-charset}] [1000]: org.thymeleaf.standard.processor.StandardRemovableAttributeTagProcessor
[THYMELEAF]             * [* {th:icon,data-th-icon}] [1000]: org.thymeleaf.standard.processor.StandardRemovableAttributeTagProcessor
[THYMELEAF]             * [* {th:abbr,data-th-abbr}] [1000]: org.thymeleaf.standard.processor.StandardRemovableAttributeTagProcessor
[THYMELEAF]             * [* {th:for,data-th-for}] [1000]: org.thymeleaf.standard.processor.StandardRemovableAttributeTagProcessor
[THYMELEAF]             * [* {th:summary,data-th-summary}] [1000]: org.thymeleaf.standard.processor.StandardRemovableAttributeTagProcessor
[THYMELEAF]             * [* {th:rules,data-th-rules}] [1000]: org.thymeleaf.standard.processor.StandardRemovableAttributeTagProcessor
[THYMELEAF]             * [* {th:audio,data-th-audio}] [1000]: org.thymeleaf.standard.processor.StandardRemovableAttributeTagProcessor
[THYMELEAF]             * [* {th:target,data-th-target}] [1000]: org.thymeleaf.standard.processor.StandardRemovableAttributeTagProcessor
[THYMELEAF]             * [* {th:list,data-th-list}] [1000]: org.thymeleaf.standard.processor.StandardRemovableAttributeTagProcessor
[THYMELEAF]             * [* {th:scrolling,data-th-scrolling}] [1000]: org.thymeleaf.standard.processor.StandardRemovableAttributeTagProcessor
[THYMELEAF]             * [* {th:manifest,data-th-manifest}] [1000]: org.thymeleaf.standard.processor.StandardRemovableAttributeTagProcessor
[THYMELEAF]             * [* {th:rowspan,data-th-rowspan}] [1000]: org.thymeleaf.standard.processor.StandardRemovableAttributeTagProcessor
[THYMELEAF]             * [* {th:frameborder,data-th-frameborder}] [1000]: org.thymeleaf.standard.processor.StandardRemovableAttributeTagProcessor
[THYMELEAF]             * [* {th:dir,data-th-dir}] [1000]: org.thymeleaf.standard.processor.StandardRemovableAttributeTagProcessor
[THYMELEAF]             * [* {th:span,data-th-span}] [1000]: org.thymeleaf.standard.processor.StandardRemovableAttributeTagProcessor
[THYMELEAF]             * [* {th:content,data-th-content}] [1000]: org.thymeleaf.standard.processor.StandardRemovableAttributeTagProcessor
[THYMELEAF]             * [* {th:wrap,data-th-wrap}] [1000]: org.thymeleaf.standard.processor.StandardRemovableAttributeTagProcessor
[THYMELEAF]             * [* {th:lang,data-th-lang}] [1000]: org.thymeleaf.standard.processor.StandardRemovableAttributeTagProcessor
[THYMELEAF]             * [* {th:pattern,data-th-pattern}] [1000]: org.thymeleaf.standard.processor.StandardRemovableAttributeTagProcessor
[THYMELEAF]             * [* {th:contextmenu,data-th-contextmenu}] [1000]: org.thymeleaf.standard.processor.StandardRemovableAttributeTagProcessor
[THYMELEAF]             * [* {th:draggable,data-th-draggable}] [1000]: org.thymeleaf.standard.processor.StandardRemovableAttributeTagProcessor
[THYMELEAF]             * [* {th:autocomplete,data-th-autocomplete}] [1000]: org.thymeleaf.standard.processor.StandardRemovableAttributeTagProcessor
[THYMELEAF]             * [* {th:maxlength,data-th-maxlength}] [1000]: org.thymeleaf.standard.processor.StandardRemovableAttributeTagProcessor
[THYMELEAF]             * [* {th:max,data-th-max}] [1000]: org.thymeleaf.standard.processor.StandardRemovableAttributeTagProcessor
[THYMELEAF]             * [* {th:height,data-th-height}] [1000]: org.thymeleaf.standard.processor.StandardRemovableAttributeTagProcessor
[THYMELEAF]             * [* {th:keytype,data-th-keytype}] [1000]: org.thymeleaf.standard.processor.StandardRemovableAttributeTagProcessor
[THYMELEAF]             * [* {th:low,data-th-low}] [1000]: org.thymeleaf.standard.processor.StandardRemovableAttributeTagProcessor
[THYMELEAF]             * [* {th:label,data-th-label}] [1000]: org.thymeleaf.standard.processor.StandardRemovableAttributeTagProcessor
[THYMELEAF]             * [* {th:data,data-th-data}] [1000]: org.thymeleaf.standard.processor.StandardRemovableAttributeTagProcessor
[THYMELEAF]             * [* {th:challenge,data-th-challenge}] [1000]: org.thymeleaf.standard.processor.StandardRemovableAttributeTagProcessor
[THYMELEAF]             * [* {th:cellspacing,data-th-cellspacing}] [1000]: org.thymeleaf.standard.processor.StandardRemovableAttributeTagProcessor
[THYMELEAF]             * [* {th:width,data-th-width}] [1000]: org.thymeleaf.standard.processor.StandardRemovableAttributeTagProcessor
[THYMELEAF]             * [* {th:class,data-th-class}] [1000]: org.thymeleaf.standard.processor.StandardRemovableAttributeTagProcessor
[THYMELEAF]             * [* {th:id,data-th-id}] [1000]: org.thymeleaf.standard.processor.StandardRemovableAttributeTagProcessor
[THYMELEAF]             * [* {th:codebase,data-th-codebase}] [1000]: org.thymeleaf.standard.processor.StandardRemovableAttributeTagProcessor
[THYMELEAF]             * [* {th:formmethod,data-th-formmethod}] [1000]: org.thymeleaf.standard.processor.StandardRemovableAttributeTagProcessor
[THYMELEAF]             * [* {th:scope,data-th-scope}] [1000]: org.thymeleaf.standard.processor.StandardRemovableAttributeTagProcessor
[THYMELEAF]             * [* {th:hspace,data-th-hspace}] [1000]: org.thymeleaf.standard.processor.StandardRemovableAttributeTagProcessor
[THYMELEAF]             * [* {th:form,data-th-form}] [1000]: org.thymeleaf.standard.processor.StandardRemovableAttributeTagProcessor
[THYMELEAF]             * [* {th:rows,data-th-rows}] [1000]: org.thymeleaf.standard.processor.StandardRemovableAttributeTagProcessor
[THYMELEAF]             * [* {th:srclang,data-th-srclang}] [1000]: org.thymeleaf.standard.processor.StandardRemovableAttributeTagProcessor
[THYMELEAF]             * [* {th:dropzone,data-th-dropzone}] [1000]: org.thymeleaf.standard.processor.StandardRemovableAttributeTagProcessor
[THYMELEAF]             * [* {th:formaction,data-th-formaction}] [1000]: org.thymeleaf.standard.processor.StandardRemovableAttributeTagProcessor
[THYMELEAF]             * [* {th:formtarget,data-th-formtarget}] [1000]: org.thymeleaf.standard.processor.StandardRemovableAttributeTagProcessor
[THYMELEAF]             * [* {th:frame,data-th-frame}] [1000]: org.thymeleaf.standard.processor.StandardRemovableAttributeTagProcessor
[THYMELEAF]             * [* {th:archive,data-th-archive}] [1000]: org.thymeleaf.standard.processor.StandardRemovableAttributeTagProcessor
[THYMELEAF]             * [* {th:http-equiv,data-th-http-equiv}] [1000]: org.thymeleaf.standard.processor.StandardRemovableAttributeTagProcessor
[THYMELEAF]             * [* {th:start,data-th-start}] [1000]: org.thymeleaf.standard.processor.StandardRemovableAttributeTagProcessor
[THYMELEAF]             * [* {th:marginwidth,data-th-marginwidth}] [1000]: org.thymeleaf.standard.processor.StandardRemovableAttributeTagProcessor
[THYMELEAF]             * [* {th:marginheight,data-th-marginheight}] [1000]: org.thymeleaf.standard.processor.StandardRemovableAttributeTagProcessor
[THYMELEAF]             * [* {th:valuetype,data-th-valuetype}] [1000]: org.thymeleaf.standard.processor.StandardRemovableAttributeTagProcessor
[THYMELEAF]             * [* {th:cite,data-th-cite}] [1000]: org.thymeleaf.standard.processor.StandardRemovableAttributeTagProcessor
[THYMELEAF]             * [* {th:size,data-th-size}] [1000]: org.thymeleaf.standard.processor.StandardRemovableAttributeTagProcessor
[THYMELEAF]             * [* {th:axis,data-th-axis}] [1000]: org.thymeleaf.standard.processor.StandardRemovableAttributeTagProcessor
[THYMELEAF]             * [* {th:placeholder,data-th-placeholder}] [1000]: org.thymeleaf.standard.processor.StandardRemovableAttributeTagProcessor
[THYMELEAF]             * [* {th:src,data-th-src}] [1000]: org.thymeleaf.standard.processor.StandardSrcTagProcessor
[THYMELEAF]             * [* {th:value,data-th-value}] [1000]: org.thymeleaf.standard.processor.StandardValueTagProcessor
[THYMELEAF]             * [* {th:xmlbase,data-th-xmlbase}] [1000]: org.thymeleaf.standard.processor.StandardXmlBaseTagProcessor
[THYMELEAF]             * [* {th:xmllang,data-th-xmllang}] [1000]: org.thymeleaf.standard.processor.StandardXmlLangTagProcessor
[THYMELEAF]             * [* {xmlns:th}] [1000]: org.thymeleaf.standard.processor.StandardXmlNsTagProcessor
[THYMELEAF]             * [* {th:xmlspace,data-th-xmlspace}] [1000]: org.thymeleaf.standard.processor.StandardXmlSpaceTagProcessor
[THYMELEAF]             * [* {th:classappend,data-th-classappend}] [1100]: org.thymeleaf.standard.processor.StandardClassappendTagProcessor
[THYMELEAF]             * [* {th:styleappend,data-th-styleappend}] [1100]: org.thymeleaf.standard.processor.StandardStyleappendTagProcessor
[THYMELEAF]             * [* {th:text,data-th-text}] [1300]: org.thymeleaf.standard.processor.StandardTextTagProcessor
[THYMELEAF]             * [* {th:utext,data-th-utext}] [1400]: org.thymeleaf.standard.processor.StandardUtextTagProcessor
[THYMELEAF]             * [* {th:fragment,data-th-fragment}] [1500]: org.thymeleaf.standard.processor.StandardFragmentTagProcessor
[THYMELEAF]             * [* {th:assert,data-th-assert}] [1550]: org.thymeleaf.standard.processor.StandardAssertTagProcessor
[THYMELEAF]             * [* {th:remove,data-th-remove}] [1600]: org.thymeleaf.standard.processor.StandardRemoveTagProcessor
[THYMELEAF]             * [* {th:ref,data-th-ref}] [10000]: org.thymeleaf.standard.processor.StandardRefAttributeTagProcessor
[THYMELEAF]             * [{th:block,th-block} *] [100000]: org.thymeleaf.standard.processor.StandardBlockTagProcessor
[THYMELEAF]             * [* th:*] [2147483647]: org.thymeleaf.standard.processor.StandardDefaultAttributesTagProcessor
[THYMELEAF]         * Text Processors by [precedence]:
[THYMELEAF]             * [1000]: org.thymeleaf.standard.processor.StandardInliningTextProcessor
[THYMELEAF]         * DOCTYPE Processors by [precedence]:
[THYMELEAF]             * [1000]: org.thymeleaf.standard.processor.StandardTranslationDocTypeProcessor
[THYMELEAF]         * CDATA Section Processors by [precedence]:
[THYMELEAF]             * [1000]: org.thymeleaf.standard.processor.StandardInliningCDATASectionProcessor
[THYMELEAF]         * Comment Processors by [precedence]:
[THYMELEAF]             * [1000]: org.thymeleaf.standard.processor.StandardInliningCommentProcessor
[THYMELEAF]             * [1100]: org.thymeleaf.standard.processor.StandardConditionalCommentProcessor
[THYMELEAF]     * Processors for Template Mode: XML
[THYMELEAF]         * Element Tag Processors by [matching element and attribute name] [precedence]:
[THYMELEAF]             * [* {th:include}] [100]: org.thymeleaf.standard.processor.StandardIncludeTagProcessor
[THYMELEAF]             * [* {th:insert}] [100]: org.thymeleaf.standard.processor.StandardInsertTagProcessor
[THYMELEAF]             * [* {th:replace}] [100]: org.thymeleaf.standard.processor.StandardReplaceTagProcessor
[THYMELEAF]             * [* {th:each}] [200]: com.intuit.karate.template.KarateEachTagProcessor
[THYMELEAF]             * [* {th:switch}] [250]: org.thymeleaf.standard.processor.StandardSwitchTagProcessor
[THYMELEAF]             * [* {th:case}] [275]: org.thymeleaf.standard.processor.StandardCaseTagProcessor
[THYMELEAF]             * [* {th:if}] [300]: org.thymeleaf.standard.processor.StandardIfTagProcessor
[THYMELEAF]             * [* {th:unless}] [400]: org.thymeleaf.standard.processor.StandardUnlessTagProcessor
[THYMELEAF]             * [* {th:object}] [500]: org.thymeleaf.standard.processor.StandardObjectTagProcessor
[THYMELEAF]             * [* {th:with}] [600]: com.intuit.karate.template.KarateWithTagProcessor
[THYMELEAF]             * [* {th:attr}] [700]: com.intuit.karate.template.KarateAttributeTagProcessor.KarateAttrTagProcessor
[THYMELEAF]             * [* {th:attrappend}] [900]: com.intuit.karate.template.KarateAttributeTagProcessor.KarateAttrappendTagProcessor
[THYMELEAF]             * [* {th:attrprepend}] [900]: com.intuit.karate.template.KarateAttributeTagProcessor.KarateAttrprependTagProcessor
[THYMELEAF]             * [* {th:inline}] [1000]: org.thymeleaf.standard.processor.StandardInlineXMLTagProcessor
[THYMELEAF]             * [* {xmlns:th}] [1000]: org.thymeleaf.standard.processor.StandardXmlNsTagProcessor
[THYMELEAF]             * [* {th:text}] [1300]: org.thymeleaf.standard.processor.StandardTextTagProcessor
[THYMELEAF]             * [* {th:utext}] [1400]: org.thymeleaf.standard.processor.StandardUtextTagProcessor
[THYMELEAF]             * [* {th:fragment}] [1500]: org.thymeleaf.standard.processor.StandardFragmentTagProcessor
[THYMELEAF]             * [* {th:assert}] [1550]: org.thymeleaf.standard.processor.StandardAssertTagProcessor
[THYMELEAF]             * [* {th:remove}] [1600]: org.thymeleaf.standard.processor.StandardRemoveTagProcessor
[THYMELEAF]             * [* {th:ref}] [10000]: org.thymeleaf.standard.processor.StandardRefAttributeTagProcessor
[THYMELEAF]             * [{th:block} *] [100000]: org.thymeleaf.standard.processor.StandardBlockTagProcessor
[THYMELEAF]             * [* th:*] [2147483647]: org.thymeleaf.standard.processor.StandardDefaultAttributesTagProcessor
[THYMELEAF]         * Text Processors by [precedence]:
[THYMELEAF]             * [1000]: org.thymeleaf.standard.processor.StandardInliningTextProcessor
[THYMELEAF]         * CDATA Section Processors by [precedence]:
[THYMELEAF]             * [1000]: org.thymeleaf.standard.processor.StandardInliningCDATASectionProcessor
[THYMELEAF]         * Comment Processors by [precedence]:
[THYMELEAF]             * [1000]: org.thymeleaf.standard.processor.StandardInliningCommentProcessor
[THYMELEAF]     * Processors for Template Mode: TEXT
[THYMELEAF]         * Element Tag Processors by [matching element and attribute name] [precedence]:
[THYMELEAF]             * [* {th:insert}] [100]: org.thymeleaf.standard.processor.StandardInsertTagProcessor
[THYMELEAF]             * [* {th:replace}] [100]: org.thymeleaf.standard.processor.StandardReplaceTagProcessor
[THYMELEAF]             * [* {th:each}] [200]: com.intuit.karate.template.KarateEachTagProcessor
[THYMELEAF]             * [* {th:switch}] [250]: org.thymeleaf.standard.processor.StandardSwitchTagProcessor
[THYMELEAF]             * [* {th:case}] [275]: org.thymeleaf.standard.processor.StandardCaseTagProcessor
[THYMELEAF]             * [* {th:if}] [300]: org.thymeleaf.standard.processor.StandardIfTagProcessor
[THYMELEAF]             * [* {th:unless}] [400]: org.thymeleaf.standard.processor.StandardUnlessTagProcessor
[THYMELEAF]             * [* {th:object}] [500]: org.thymeleaf.standard.processor.StandardObjectTagProcessor
[THYMELEAF]             * [* {th:with}] [600]: com.intuit.karate.template.KarateWithTagProcessor
[THYMELEAF]             * [* {th:inline}] [1000]: org.thymeleaf.standard.processor.StandardInlineTextualTagProcessor
[THYMELEAF]             * [* {th:text}] [1300]: org.thymeleaf.standard.processor.StandardTextTagProcessor
[THYMELEAF]             * [* {th:utext}] [1400]: org.thymeleaf.standard.processor.StandardUtextTagProcessor
[THYMELEAF]             * [* {th:assert}] [1550]: org.thymeleaf.standard.processor.StandardAssertTagProcessor
[THYMELEAF]             * [* {th:remove}] [1600]: org.thymeleaf.standard.processor.StandardRemoveTagProcessor
[THYMELEAF]             * [* 100000] [org.thymeleaf.standard.processor.StandardBlockTagProcessor]: {}
[THYMELEAF]             * [{th:block} *] [100000]: org.thymeleaf.standard.processor.StandardBlockTagProcessor
[THYMELEAF]         * Text Processors by [precedence]:
[THYMELEAF]             * [1000]: org.thymeleaf.standard.processor.StandardInliningTextProcessor
[THYMELEAF]     * Processors for Template Mode: JAVASCRIPT
[THYMELEAF]         * Element Tag Processors by [matching element and attribute name] [precedence]:
[THYMELEAF]             * [* {th:insert}] [100]: org.thymeleaf.standard.processor.StandardInsertTagProcessor
[THYMELEAF]             * [* {th:replace}] [100]: org.thymeleaf.standard.processor.StandardReplaceTagProcessor
[THYMELEAF]             * [* {th:each}] [200]: com.intuit.karate.template.KarateEachTagProcessor
[THYMELEAF]             * [* {th:switch}] [250]: org.thymeleaf.standard.processor.StandardSwitchTagProcessor
[THYMELEAF]             * [* {th:case}] [275]: org.thymeleaf.standard.processor.StandardCaseTagProcessor
[THYMELEAF]             * [* {th:if}] [300]: org.thymeleaf.standard.processor.StandardIfTagProcessor
[THYMELEAF]             * [* {th:unless}] [400]: org.thymeleaf.standard.processor.StandardUnlessTagProcessor
[THYMELEAF]             * [* {th:object}] [500]: org.thymeleaf.standard.processor.StandardObjectTagProcessor
[THYMELEAF]             * [* {th:with}] [600]: com.intuit.karate.template.KarateWithTagProcessor
[THYMELEAF]             * [* {th:inline}] [1000]: org.thymeleaf.standard.processor.StandardInlineTextualTagProcessor
[THYMELEAF]             * [* {th:text}] [1300]: org.thymeleaf.standard.processor.StandardTextTagProcessor
[THYMELEAF]             * [* {th:utext}] [1400]: org.thymeleaf.standard.processor.StandardUtextTagProcessor
[THYMELEAF]             * [* {th:assert}] [1550]: org.thymeleaf.standard.processor.StandardAssertTagProcessor
[THYMELEAF]             * [* {th:remove}] [1600]: org.thymeleaf.standard.processor.StandardRemoveTagProcessor
[THYMELEAF]             * [{th:block} *] [100000]: org.thymeleaf.standard.processor.StandardBlockTagProcessor
[THYMELEAF]             * [* 100000] [org.thymeleaf.standard.processor.StandardBlockTagProcessor]: {}
[THYMELEAF]         * Text Processors by [precedence]:
[THYMELEAF]             * [1000]: org.thymeleaf.standard.processor.StandardInliningTextProcessor
[THYMELEAF]     * Processors for Template Mode: CSS
[THYMELEAF]         * Element Tag Processors by [matching element and attribute name] [precedence]:
[THYMELEAF]             * [* {th:insert}] [100]: org.thymeleaf.standard.processor.StandardInsertTagProcessor
[THYMELEAF]             * [* {th:replace}] [100]: org.thymeleaf.standard.processor.StandardReplaceTagProcessor
[THYMELEAF]             * [* {th:each}] [200]: com.intuit.karate.template.KarateEachTagProcessor
[THYMELEAF]             * [* {th:switch}] [250]: org.thymeleaf.standard.processor.StandardSwitchTagProcessor
[THYMELEAF]             * [* {th:case}] [275]: org.thymeleaf.standard.processor.StandardCaseTagProcessor
[THYMELEAF]             * [* {th:if}] [300]: org.thymeleaf.standard.processor.StandardIfTagProcessor
[THYMELEAF]             * [* {th:unless}] [400]: org.thymeleaf.standard.processor.StandardUnlessTagProcessor
[THYMELEAF]             * [* {th:object}] [500]: org.thymeleaf.standard.processor.StandardObjectTagProcessor
[THYMELEAF]             * [* {th:with}] [600]: com.intuit.karate.template.KarateWithTagProcessor
[THYMELEAF]             * [* {th:inline}] [1000]: org.thymeleaf.standard.processor.StandardInlineTextualTagProcessor
[THYMELEAF]             * [* {th:text}] [1300]: org.thymeleaf.standard.processor.StandardTextTagProcessor
[THYMELEAF]             * [* {th:utext}] [1400]: org.thymeleaf.standard.processor.StandardUtextTagProcessor
[THYMELEAF]             * [* {th:assert}] [1550]: org.thymeleaf.standard.processor.StandardAssertTagProcessor
[THYMELEAF]             * [* {th:remove}] [1600]: org.thymeleaf.standard.processor.StandardRemoveTagProcessor
[THYMELEAF]             * [* 100000] [org.thymeleaf.standard.processor.StandardBlockTagProcessor]: {}
[THYMELEAF]             * [{th:block} *] [100000]: org.thymeleaf.standard.processor.StandardBlockTagProcessor
[THYMELEAF]         * Text Processors by [precedence]:
[THYMELEAF]             * [1000]: org.thymeleaf.standard.processor.StandardInliningTextProcessor
[THYMELEAF]     * Expression Objects:
[THYMELEAF]         * #ctx
[THYMELEAF]         * #root
[THYMELEAF]         * #vars
[THYMELEAF]         * #object
[THYMELEAF]         * #locale
[THYMELEAF]         * #conversions
[THYMELEAF]         * #uris
[THYMELEAF]         * #temporals
[THYMELEAF]         * #calendars
[THYMELEAF]         * #dates
[THYMELEAF]         * #bools
[THYMELEAF]         * #numbers
[THYMELEAF]         * #objects
[THYMELEAF]         * #strings
[THYMELEAF]         * #arrays
[THYMELEAF]         * #lists
[THYMELEAF]         * #sets
[THYMELEAF]         * #maps
[THYMELEAF]         * #aggregates
[THYMELEAF]         * #messages
[THYMELEAF]         * #ids
[THYMELEAF]         * #execInfo
[THYMELEAF]         * #request
[THYMELEAF]         * #response
[THYMELEAF]         * #session
[THYMELEAF]         * #servletContext
[THYMELEAF]     * Execution Attributes:
[THYMELEAF]         * "StandardExpressionParser": com.intuit.karate.template.KarateStandardDialect@672d8370
[THYMELEAF]         * "StandardJavaScriptSerializer": org.thymeleaf.standard.serializer.StandardJavaScriptSerializer@5909285b
[THYMELEAF]         * "StandardCSSSerializer": org.thymeleaf.standard.serializer.StandardCSSSerializer@2059f785
[THYMELEAF]         * "StandardVariableExpressionEvaluator": com.intuit.karate.template.KarateStandardDialect@672d8370
[THYMELEAF]         * "StandardConversionService": org.thymeleaf.standard.expression.StandardConversionService@18ca9277
[THYMELEAF] * Dialect [2 of 2]: karate (com.intuit.karate.template.KarateScriptDialect)
[THYMELEAF]     * Prefix: "ka"
[THYMELEAF]     * Processors for Template Mode: HTML
[THYMELEAF]         * Element Tag Processors by [matching element and attribute name] [precedence]:
[THYMELEAF]             * [* {src}] [1000]: com.intuit.karate.template.KaScriptAttrProcessor
[THYMELEAF]         * Element Model Processors by [matching element and attribute name] [precedence]:
[THYMELEAF]             * [{script} {ka:scope,data-ka-scope}] [1000]: com.intuit.karate.template.KaScriptElemProcessor
[THYMELEAF]             * [* {ka:set,data-ka-set}] [1000]: com.intuit.karate.template.KaSetElemProcessor
[THYMELEAF] TEMPLATE ENGINE CONFIGURED OK
23:32:32.876 [main] DEBUG org.thymeleaf.TemplateEngine -- [THYMELEAF] TEMPLATE ENGINE INITIALIZED
23:32:32.881 [main] DEBUG org.thymeleaf.TemplateEngine -- [THYMELEAF] INITIALIZING TEMPLATE ENGINE
23:32:32.890 [main] DEBUG org.thymeleaf.TemplateEngine.CONFIG -- Initializing Thymeleaf Template engine configuration...
[THYMELEAF] TEMPLATE ENGINE CONFIGURATION:
[THYMELEAF] * Thymeleaf version: 3.1.2.RELEASE (built 2023-07-30T19:25:50+0000)
[THYMELEAF] * Cache Manager implementation: org.thymeleaf.cache.StandardCacheManager
[THYMELEAF] * Template resolvers:
[THYMELEAF]     * [1] com.intuit.karate.template.ResourceHtmlTemplateResolver
[THYMELEAF] * Message resolvers:
[THYMELEAF]     * org.thymeleaf.messageresolver.StandardMessageResolver
[THYMELEAF] * Link builders:
[THYMELEAF]     * org.thymeleaf.linkbuilder.StandardLinkBuilder
[THYMELEAF] * Dialect [1 of 2]: Standard (com.intuit.karate.template.KarateStandardDialect)
[THYMELEAF]     * Prefix: "th"
[THYMELEAF]     * Processors for Template Mode: HTML
[THYMELEAF]         * Element Tag Processors by [matching element and attribute name] [precedence]:
[THYMELEAF]             * [* {th:include,data-th-include}] [100]: org.thymeleaf.standard.processor.StandardIncludeTagProcessor
[THYMELEAF]             * [* {th:insert,data-th-insert}] [100]: org.thymeleaf.standard.processor.StandardInsertTagProcessor
[THYMELEAF]             * [* {th:replace,data-th-replace}] [100]: org.thymeleaf.standard.processor.StandardReplaceTagProcessor
[THYMELEAF]             * [* {th:each,data-th-each}] [200]: com.intuit.karate.template.KarateEachTagProcessor
[THYMELEAF]             * [* {th:switch,data-th-switch}] [250]: org.thymeleaf.standard.processor.StandardSwitchTagProcessor
[THYMELEAF]             * [* {th:case,data-th-case}] [275]: org.thymeleaf.standard.processor.StandardCaseTagProcessor
[THYMELEAF]             * [* {th:if,data-th-if}] [300]: org.thymeleaf.standard.processor.StandardIfTagProcessor
[THYMELEAF]             * [* {th:unless,data-th-unless}] [400]: org.thymeleaf.standard.processor.StandardUnlessTagProcessor
[THYMELEAF]             * [* {th:object,data-th-object}] [500]: org.thymeleaf.standard.processor.StandardObjectTagProcessor
[THYMELEAF]             * [* {th:with,data-th-with}] [600]: com.intuit.karate.template.KarateWithTagProcessor
[THYMELEAF]             * [* {th:attr,data-th-attr}] [700]: com.intuit.karate.template.KarateAttributeTagProcessor.KarateAttrTagProcessor
[THYMELEAF]             * [* {th:attrappend,data-th-attrappend}] [900]: com.intuit.karate.template.KarateAttributeTagProcessor.KarateAttrappendTagProcessor
[THYMELEAF]             * [* {th:attrprepend,data-th-attrprepend}] [900]: com.intuit.karate.template.KarateAttributeTagProcessor.KarateAttrprependTagProcessor
[THYMELEAF]             * [* {th:alt-title,data-th-alt-title}] [990]: org.thymeleaf.standard.processor.StandardAltTitleTagProcessor
[THYMELEAF]             * [* {th:lang-xmllang,data-th-lang-xmllang}] [990]: org.thymeleaf.standard.processor.StandardLangXmlLangTagProcessor
[THYMELEAF]             * [* {th:action,data-th-action}] [1000]: org.thymeleaf.standard.processor.StandardActionTagProcessor
[THYMELEAF]             * [* {th:pubdate,data-th-pubdate}] [1000]: org.thymeleaf.standard.processor.StandardConditionalFixedValueTagProcessor
[THYMELEAF]             * [* {th:async,data-th-async}] [1000]: org.thymeleaf.standard.processor.StandardConditionalFixedValueTagProcessor
[THYMELEAF]             * [* {th:disabled,data-th-disabled}] [1000]: org.thymeleaf.standard.processor.StandardConditionalFixedValueTagProcessor
[THYMELEAF]             * [* {th:nowrap,data-th-nowrap}] [1000]: org.thymeleaf.standard.processor.StandardConditionalFixedValueTagProcessor
[THYMELEAF]             * [* {th:open,data-th-open}] [1000]: org.thymeleaf.standard.processor.StandardConditionalFixedValueTagProcessor
[THYMELEAF]             * [* {th:defer,data-th-defer}] [1000]: org.thymeleaf.standard.processor.StandardConditionalFixedValueTagProcessor
[THYMELEAF]             * [* {th:scoped,data-th-scoped}] [1000]: org.thymeleaf.standard.processor.StandardConditionalFixedValueTagProcessor
[THYMELEAF]             * [* {th:reversed,data-th-reversed}] [1000]: org.thymeleaf.standard.processor.StandardConditionalFixedValueTagProcessor
[THYMELEAF]             * [* {th:declare,data-th-declare}] [1000]: org.thymeleaf.standard.processor.StandardConditionalFixedValueTagProcessor
[THYMELEAF]             * [* {th:formnovalidate,data-th-formnovalidate}] [1000]: org.thymeleaf.standard.processor.StandardConditionalFixedValueTagProcessor
[THYMELEAF]             * [* {th:multiple,data-th-multiple}] [1000]: org.thymeleaf.standard.processor.StandardConditionalFixedValueTagProcessor
[THYMELEAF]             * [* {th:seamless,data-th-seamless}] [1000]: org.thymeleaf.standard.processor.StandardConditionalFixedValueTagProcessor
[THYMELEAF]             * [* {th:required,data-th-required}] [1000]: org.thymeleaf.standard.processor.StandardConditionalFixedValueTagProcessor
[THYMELEAF]             * [* {th:hidden,data-th-hidden}] [1000]: org.thymeleaf.standard.processor.StandardConditionalFixedValueTagProcessor
[THYMELEAF]             * [* {th:novalidate,data-th-novalidate}] [1000]: org.thymeleaf.standard.processor.StandardConditionalFixedValueTagProcessor
[THYMELEAF]             * [* {th:readonly,data-th-readonly}] [1000]: org.thymeleaf.standard.processor.StandardConditionalFixedValueTagProcessor
[THYMELEAF]             * [* {th:autofocus,data-th-autofocus}] [1000]: org.thymeleaf.standard.processor.StandardConditionalFixedValueTagProcessor
[THYMELEAF]             * [* {th:selected,data-th-selected}] [1000]: org.thymeleaf.standard.processor.StandardConditionalFixedValueTagProcessor
[THYMELEAF]             * [* {th:loop,data-th-loop}] [1000]: org.thymeleaf.standard.processor.StandardConditionalFixedValueTagProcessor
[THYMELEAF]             * [* {th:autoplay,data-th-autoplay}] [1000]: org.thymeleaf.standard.processor.StandardConditionalFixedValueTagProcessor
[THYMELEAF]             * [* {th:controls,data-th-controls}] [1000]: org.thymeleaf.standard.processor.StandardConditionalFixedValueTagProcessor
[THYMELEAF]             * [* {th:ismap,data-th-ismap}] [1000]: org.thymeleaf.standard.processor.StandardConditionalFixedValueTagProcessor
[THYMELEAF]             * [* {th:default,data-th-default}] [1000]: org.thymeleaf.standard.processor.StandardConditionalFixedValueTagProcessor
[THYMELEAF]             * [* {th:checked,data-th-checked}] [1000]: org.thymeleaf.standard.processor.StandardConditionalFixedValueTagProcessor
[THYMELEAF]             * [* {th:onundo,data-th-onundo}] [1000]: org.thymeleaf.standard.processor.StandardDOMEventAttributeTagProcessor
[THYMELEAF]             * [* {th:onwaiting,data-th-onwaiting}] [1000]: org.thymeleaf.standard.processor.StandardDOMEventAttributeTagProcessor
[THYMELEAF]             * [* {th:onbeforeprint,data-th-onbeforeprint}] [1000]: org.thymeleaf.standard.processor.StandardDOMEventAttributeTagProcessor
[THYMELEAF]             * [* {th:onpopstate,data-th-onpopstate}] [1000]: org.thymeleaf.standard.processor.StandardDOMEventAttributeTagProcessor
[THYMELEAF]             * [* {th:onplay,data-th-onplay}] [1000]: org.thymeleaf.standard.processor.StandardDOMEventAttributeTagProcessor
[THYMELEAF]             * [* {th:onload,data-th-onload}] [1000]: org.thymeleaf.standard.processor.StandardDOMEventAttributeTagProcessor
[THYMELEAF]             * [* {th:onfocus,data-th-onfocus}] [1000]: org.thymeleaf.standard.processor.StandardDOMEventAttributeTagProcessor
[THYMELEAF]             * [* {th:onbeforeunload,data-th-onbeforeunload}] [1000]: org.thymeleaf.standard.processor.StandardDOMEventAttributeTagProcessor
[THYMELEAF]             * [* {th:oncanplaythrough,data-th-oncanplaythrough}] [1000]: org.thymeleaf.standard.processor.StandardDOMEventAttributeTagProcessor
[THYMELEAF]             * [* {th:onmouseout,data-th-onmouseout}] [1000]: org.thymeleaf.standard.processor.StandardDOMEventAttributeTagProcessor
[THYMELEAF]             * [* {th:onredo,data-th-onredo}] [1000]: org.thymeleaf.standard.processor.StandardDOMEventAttributeTagProcessor
[THYMELEAF]             * [* {th:onseeking,data-th-onseeking}] [1000]: org.thymeleaf.standard.processor.StandardDOMEventAttributeTagProcessor
[THYMELEAF]             * [* {th:oncontextmenu,data-th-oncontextmenu}] [1000]: org.thymeleaf.standard.processor.StandardDOMEventAttributeTagProcessor
[THYMELEAF]             * [* {th:onshow,data-th-onshow}] [1000]: org.thymeleaf.standard.processor.StandardDOMEventAttributeTagProcessor
[THYMELEAF]             * [* {th:onreset,data-th-onreset}] [1000]: org.thymeleaf.standard.processor.StandardDOMEventAttributeTagProcessor
[THYMELEAF]             * [* {th:onpause,data-th-onpause}] [1000]: org.thymeleaf.standard.processor.StandardDOMEventAttributeTagProcessor
[THYMELEAF]             * [* {th:ondragenter,data-th-ondragenter}] [1000]: org.thymeleaf.standard.processor.StandardDOMEventAttributeTagProcessor
[THYMELEAF]             * [* {th:onmouseover,data-th-onmouseover}] [1000]: org.thymeleaf.standard.processor.StandardDOMEventAttributeTagProcessor
[THYMELEAF]             * [* {th:ondragover,data-th-ondragover}] [1000]: org.thymeleaf.standard.processor.StandardDOMEventAttributeTagProcessor
[THYMELEAF]             * [* {th:ondragleave,data-th-ondragleave}] [1000]: org.thymeleaf.standard.processor.StandardDOMEventAttributeTagProcessor
[THYMELEAF]             * [* {th:onkeypress,data-th-onkeypress}] [1000]: org.thymeleaf.standard.processor.StandardDOMEventAttributeTagProcessor
[THYMELEAF]             * [* {th:onmousedown,data-th-onmousedown}] [1000]: org.thymeleaf.standard.processor.StandardDOMEventAttributeTagProcessor
[THYMELEAF]             * [* {th:onvolumechange,data-th-onvolumechange}] [1000]: org.thymeleaf.standard.processor.StandardDOMEventAttributeTagProcessor
[THYMELEAF]             * [* {th:onreadystatechange,data-th-onreadystatechange}] [1000]: org.thymeleaf.standard.processor.StandardDOMEventAttributeTagProcessor
[THYMELEAF]             * [* {th:onafterprint,data-th-onafterprint}] [1000]: org.thymeleaf.standard.processor.StandardDOMEventAttributeTagProcessor
[THYMELEAF]             * [* {th:onoffline,data-th-onoffline}] [1000]: org.thymeleaf.standard.processor.StandardDOMEventAttributeTagProcessor
[THYMELEAF]             * [* {th:onkeydown,data-th-onkeydown}] [1000]: org.thymeleaf.standard.processor.StandardDOMEventAttributeTagProcessor
[THYMELEAF]             * [* {th:onstalled,data-th-onstalled}] [1000]: org.thymeleaf.standard.processor.StandardDOMEventAttributeTagProcessor
[THYMELEAF]             * [* {th:onstorage,data-th-onstorage}] [1000]: org.thymeleaf.standard.processor.StandardDOMEventAttributeTagProcessor
[THYMELEAF]             * [* {th:onforminput,data-th-onforminput}] [1000]: org.thymeleaf.standard.processor.StandardDOMEventAttributeTagProcessor
[THYMELEAF]             * [* {th:onselect,data-th-onselect}] [1000]: org.thymeleaf.standard.processor.StandardDOMEventAttributeTagProcessor
[THYMELEAF]             * [* {th:onhashchange,data-th-onhashchange}] [1000]: org.thymeleaf.standard.processor.StandardDOMEventAttributeTagProcessor
[THYMELEAF]             * [* {th:ononline,data-th-ononline}] [1000]: org.thymeleaf.standard.processor.StandardDOMEventAttributeTagProcessor
[THYMELEAF]             * [* {th:ondrag,data-th-ondrag}] [1000]: org.thymeleaf.standard.processor.StandardDOMEventAttributeTagProcessor
[THYMELEAF]             * [* {th:onended,data-th-onended}] [1000]: org.thymeleaf.standard.processor.StandardDOMEventAttributeTagProcessor
[THYMELEAF]             * [* {th:onunload,data-th-onunload}] [1000]: org.thymeleaf.standard.processor.StandardDOMEventAttributeTagProcessor
[THYMELEAF]             * [* {th:onabort,data-th-onabort}] [1000]: org.thymeleaf.standard.processor.StandardDOMEventAttributeTagProcessor
[THYMELEAF]             * [* {th:onmessage,data-th-onmessage}] [1000]: org.thymeleaf.standard.processor.StandardDOMEventAttributeTagProcessor
[THYMELEAF]             * [* {th:onscroll,data-th-onscroll}] [1000]: org.thymeleaf.standard.processor.StandardDOMEventAttributeTagProcessor
[THYMELEAF]             * [* {th:ondblclick,data-th-ondblclick}] [1000]: org.thymeleaf.standard.processor.StandardDOMEventAttributeTagProcessor
[THYMELEAF]             * [* {th:ondragend,data-th-ondragend}] [1000]: org.thymeleaf.standard.processor.StandardDOMEventAttributeTagProcessor
[THYMELEAF]             * [* {th:oninvalid,data-th-oninvalid}] [1000]: org.thymeleaf.standard.processor.StandardDOMEventAttributeTagProcessor
[THYMELEAF]             * [* {th:onchange,data-th-onchange}] [1000]: org.thymeleaf.standard.processor.StandardDOMEventAttributeTagProcessor
[THYMELEAF]             * [* {th:ondrop,data-th-ondrop}] [1000]: org.thymeleaf.standard.processor.StandardDOMEventAttributeTagProcessor
[THYMELEAF]             * [* {th:onemptied,data-th-onemptied}] [1000]: org.thymeleaf.standard.processor.StandardDOMEventAttributeTagProcessor
[THYMELEAF]             * [* {th:onclick,data-th-onclick}] [1000]: org.thymeleaf.standard.processor.StandardDOMEventAttributeTagProcessor
[THYMELEAF]             * [* {th:ondurationchange,data-th-ondurationchange}] [1000]: org.thymeleaf.standard.processor.StandardDOMEventAttributeTagProcessor
[THYMELEAF]             * [* {th:ondragstart,data-th-ondragstart}] [1000]: org.thymeleaf.standard.processor.StandardDOMEventAttributeTagProcessor
[THYMELEAF]             * [* {th:onplaying,data-th-onplaying}] [1000]: org.thymeleaf.standard.processor.StandardDOMEventAttributeTagProcessor
[THYMELEAF]             * [* {th:onmousemove,data-th-onmousemove}] [1000]: org.thymeleaf.standard.processor.StandardDOMEventAttributeTagProcessor
[THYMELEAF]             * [* {th:onmouseup,data-th-onmouseup}] [1000]: org.thymeleaf.standard.processor.StandardDOMEventAttributeTagProcessor
[THYMELEAF]             * [* {th:onmousewheel,data-th-onmousewheel}] [1000]: org.thymeleaf.standard.processor.StandardDOMEventAttributeTagProcessor
[THYMELEAF]             * [* {th:onprogress,data-th-onprogress}] [1000]: org.thymeleaf.standard.processor.StandardDOMEventAttributeTagProcessor
[THYMELEAF]             * [* {th:onloadstart,data-th-onloadstart}] [1000]: org.thymeleaf.standard.processor.StandardDOMEventAttributeTagProcessor
[THYMELEAF]             * [* {th:onsubmit,data-th-onsubmit}] [1000]: org.thymeleaf.standard.processor.StandardDOMEventAttributeTagProcessor
[THYMELEAF]             * [* {th:ontimeupdate,data-th-ontimeupdate}] [1000]: org.thymeleaf.standard.processor.StandardDOMEventAttributeTagProcessor
[THYMELEAF]             * [* {th:onformchange,data-th-onformchange}] [1000]: org.thymeleaf.standard.processor.StandardDOMEventAttributeTagProcessor
[THYMELEAF]             * [* {th:onkeyup,data-th-onkeyup}] [1000]: org.thymeleaf.standard.processor.StandardDOMEventAttributeTagProcessor
[THYMELEAF]             * [* {th:onerror,data-th-onerror}] [1000]: org.thymeleaf.standard.processor.StandardDOMEventAttributeTagProcessor
[THYMELEAF]             * [* {th:onblur,data-th-onblur}] [1000]: org.thymeleaf.standard.processor.StandardDOMEventAttributeTagProcessor
[THYMELEAF]             * [* {th:onloadeddata,data-th-onloadeddata}] [1000]: org.thymeleaf.standard.processor.StandardDOMEventAttributeTagProcessor
[THYMELEAF]             * [* {th:oninput,data-th-oninput}] [1000]: org.thymeleaf.standard.processor.StandardDOMEventAttributeTagProcessor
[THYMELEAF]             * [* {th:oncanplay,data-th-oncanplay}] [1000]: org.thymeleaf.standard.processor.StandardDOMEventAttributeTagProcessor
[THYMELEAF]             * [* {th:onratechange,data-th-onratechange}] [1000]: org.thymeleaf.standard.processor.StandardDOMEventAttributeTagProcessor
[THYMELEAF]             * [* {th:onsuspend,data-th-onsuspend}] [1000]: org.thymeleaf.standard.processor.StandardDOMEventAttributeTagProcessor
[THYMELEAF]             * [* {th:onresize,data-th-onresize}] [1000]: org.thymeleaf.standard.processor.StandardDOMEventAttributeTagProcessor
[THYMELEAF]             * [* {th:onloadedmetadata,data-th-onloadedmetadata}] [1000]: org.thymeleaf.standard.processor.StandardDOMEventAttributeTagProcessor
[THYMELEAF]             * [* {th:onseeked,data-th-onseeked}] [1000]: org.thymeleaf.standard.processor.StandardDOMEventAttributeTagProcessor
[THYMELEAF]             * [* {th:href,data-th-href}] [1000]: org.thymeleaf.standard.processor.StandardHrefTagProcessor
[THYMELEAF]             * [* {th:inline,data-th-inline}] [1000]: org.thymeleaf.standard.processor.StandardInlineHTMLTagProcessor
[THYMELEAF]             * [* {th:method,data-th-method}] [1000]: org.thymeleaf.standard.processor.StandardMethodTagProcessor
[THYMELEAF]             * [* {th:type,data-th-type}] [1000]: org.thymeleaf.standard.processor.StandardNonRemovableAttributeTagProcessor
[THYMELEAF]             * [* {th:name,data-th-name}] [1000]: org.thymeleaf.standard.processor.StandardNonRemovableAttributeTagProcessor
[THYMELEAF]             * [* {th:border,data-th-border}] [1000]: org.thymeleaf.standard.processor.StandardRemovableAttributeTagProcessor
[THYMELEAF]             * [* {th:span,data-th-span}] [1000]: org.thymeleaf.standard.processor.StandardRemovableAttributeTagProcessor
[THYMELEAF]             * [* {th:min,data-th-min}] [1000]: org.thymeleaf.standard.processor.StandardRemovableAttributeTagProcessor
[THYMELEAF]             * [* {th:enctype,data-th-enctype}] [1000]: org.thymeleaf.standard.processor.StandardRemovableAttributeTagProcessor
[THYMELEAF]             * [* {th:keytype,data-th-keytype}] [1000]: org.thymeleaf.standard.processor.StandardRemovableAttributeTagProcessor
[THYMELEAF]             * [* {th:marginheight,data-th-marginheight}] [1000]: org.thymeleaf.standard.processor.StandardRemovableAttributeTagProcessor
[THYMELEAF]             * [* {th:longdesc,data-th-longdesc}] [1000]: org.thymeleaf.standard.processor.StandardRemovableAttributeTagProcessor
[THYMELEAF]             * [* {th:data,data-th-data}] [1000]: org.thymeleaf.standard.processor.StandardRemovableAttributeTagProcessor
[THYMELEAF]             * [* {th:audio,data-th-audio}] [1000]: org.thymeleaf.standard.processor.StandardRemovableAttributeTagProcessor
[THYMELEAF]             * [* {th:class,data-th-class}] [1000]: org.thymeleaf.standard.processor.StandardRemovableAttributeTagProcessor
[THYMELEAF]             * [* {th:placeholder,data-th-placeholder}] [1000]: org.thymeleaf.standard.processor.StandardRemovableAttributeTagProcessor
[THYMELEAF]             * [* {th:usemap,data-th-usemap}] [1000]: org.thymeleaf.standard.processor.StandardRemovableAttributeTagProcessor
[THYMELEAF]             * [* {th:vspace,data-th-vspace}] [1000]: org.thymeleaf.standard.processor.StandardRemovableAttributeTagProcessor
[THYMELEAF]             * [* {th:formmethod,data-th-formmethod}] [1000]: org.thymeleaf.standard.processor.StandardRemovableAttributeTagProcessor
[THYMELEAF]             * [* {th:icon,data-th-icon}] [1000]: org.thymeleaf.standard.processor.StandardRemovableAttributeTagProcessor
[THYMELEAF]             * [* {th:colspan,data-th-colspan}] [1000]: org.thymeleaf.standard.processor.StandardRemovableAttributeTagProcessor
[THYMELEAF]             * [* {th:codetype,data-th-codetype}] [1000]: org.thymeleaf.standard.processor.StandardRemovableAttributeTagProcessor
[THYMELEAF]             * [* {th:scope,data-th-scope}] [1000]: org.thymeleaf.standard.processor.StandardRemovableAttributeTagProcessor
[THYMELEAF]             * [* {th:challenge,data-th-challenge}] [1000]: org.thymeleaf.standard.processor.StandardRemovableAttributeTagProcessor
[THYMELEAF]             * [* {th:step,data-th-step}] [1000]: org.thymeleaf.standard.processor.StandardRemovableAttributeTagProcessor
[THYMELEAF]             * [* {th:archive,data-th-archive}] [1000]: org.thymeleaf.standard.processor.StandardRemovableAttributeTagProcessor
[THYMELEAF]             * [* {th:pattern,data-th-pattern}] [1000]: org.thymeleaf.standard.processor.StandardRemovableAttributeTagProcessor
[THYMELEAF]             * [* {th:content,data-th-content}] [1000]: org.thymeleaf.standard.processor.StandardRemovableAttributeTagProcessor
[THYMELEAF]             * [* {th:formtarget,data-th-formtarget}] [1000]: org.thymeleaf.standard.processor.StandardRemovableAttributeTagProcessor
[THYMELEAF]             * [* {th:classid,data-th-classid}] [1000]: org.thymeleaf.standard.processor.StandardRemovableAttributeTagProcessor
[THYMELEAF]             * [* {th:title,data-th-title}] [1000]: org.thymeleaf.standard.processor.StandardRemovableAttributeTagProcessor
[THYMELEAF]             * [* {th:hspace,data-th-hspace}] [1000]: org.thymeleaf.standard.processor.StandardRemovableAttributeTagProcessor
[THYMELEAF]             * [* {th:radiogroup,data-th-radiogroup}] [1000]: org.thymeleaf.standard.processor.StandardRemovableAttributeTagProcessor
[THYMELEAF]             * [* {th:abbr,data-th-abbr}] [1000]: org.thymeleaf.standard.processor.StandardRemovableAttributeTagProcessor
[THYMELEAF]             * [* {th:srclang,data-th-srclang}] [1000]: org.thymeleaf.standard.processor.StandardRemovableAttributeTagProcessor
[THYMELEAF]             * [* {th:formaction,data-th-formaction}] [1000]: org.thymeleaf.standard.processor.StandardRemovableAttributeTagProcessor
[THYMELEAF]             * [* {th:hreflang,data-th-hreflang}] [1000]: org.thymeleaf.standard.processor.StandardRemovableAttributeTagProcessor
[THYMELEAF]             * [* {th:label,data-th-label}] [1000]: org.thymeleaf.standard.processor.StandardRemovableAttributeTagProcessor
[THYMELEAF]             * [* {th:cellpadding,data-th-cellpadding}] [1000]: org.thymeleaf.standard.processor.StandardRemovableAttributeTagProcessor
[THYMELEAF]             * [* {th:tabindex,data-th-tabindex}] [1000]: org.thymeleaf.standard.processor.StandardRemovableAttributeTagProcessor
[THYMELEAF]             * [* {th:kind,data-th-kind}] [1000]: org.thymeleaf.standard.processor.StandardRemovableAttributeTagProcessor
[THYMELEAF]             * [* {th:frameborder,data-th-frameborder}] [1000]: org.thymeleaf.standard.processor.StandardRemovableAttributeTagProcessor
[THYMELEAF]             * [* {th:scrolling,data-th-scrolling}] [1000]: org.thymeleaf.standard.processor.StandardRemovableAttributeTagProcessor
[THYMELEAF]             * [* {th:axis,data-th-axis}] [1000]: org.thymeleaf.standard.processor.StandardRemovableAttributeTagProcessor
[THYMELEAF]             * [* {th:maxlength,data-th-maxlength}] [1000]: org.thymeleaf.standard.processor.StandardRemovableAttributeTagProcessor
[THYMELEAF]             * [* {th:spellcheck,data-th-spellcheck}] [1000]: org.thymeleaf.standard.processor.StandardRemovableAttributeTagProcessor
[THYMELEAF]             * [* {th:dir,data-th-dir}] [1000]: org.thymeleaf.standard.processor.StandardRemovableAttributeTagProcessor
[THYMELEAF]             * [* {th:alt,data-th-alt}] [1000]: org.thymeleaf.standard.processor.StandardRemovableAttributeTagProcessor
[THYMELEAF]             * [* {th:sandbox,data-th-sandbox}] [1000]: org.thymeleaf.standard.processor.StandardRemovableAttributeTagProcessor
[THYMELEAF]             * [* {th:rows,data-th-rows}] [1000]: org.thymeleaf.standard.processor.StandardRemovableAttributeTagProcessor
[THYMELEAF]             * [* {th:compact,data-th-compact}] [1000]: org.thymeleaf.standard.processor.StandardRemovableAttributeTagProcessor
[THYMELEAF]             * [* {th:poster,data-th-poster}] [1000]: org.thymeleaf.standard.processor.StandardRemovableAttributeTagProcessor
[THYMELEAF]             * [* {th:cellspacing,data-th-cellspacing}] [1000]: org.thymeleaf.standard.processor.StandardRemovableAttributeTagProcessor
[THYMELEAF]             * [* {th:contenteditable,data-th-contenteditable}] [1000]: org.thymeleaf.standard.processor.StandardRemovableAttributeTagProcessor
[THYMELEAF]             * [* {th:rev,data-th-rev}] [1000]: org.thymeleaf.standard.processor.StandardRemovableAttributeTagProcessor
[THYMELEAF]             * [* {th:high,data-th-high}] [1000]: org.thymeleaf.standard.processor.StandardRemovableAttributeTagProcessor
[THYMELEAF]             * [* {th:start,data-th-start}] [1000]: org.thymeleaf.standard.processor.StandardRemovableAttributeTagProcessor
[THYMELEAF]             * [* {th:background,data-th-background}] [1000]: org.thymeleaf.standard.processor.StandardRemovableAttributeTagProcessor
[THYMELEAF]             * [* {th:list,data-th-list}] [1000]: org.thymeleaf.standard.processor.StandardRemovableAttributeTagProcessor
[THYMELEAF]             * [* {th:preload,data-th-preload}] [1000]: org.thymeleaf.standard.processor.StandardRemovableAttributeTagProcessor
[THYMELEAF]             * [* {th:summary,data-th-summary}] [1000]: org.thymeleaf.standard.processor.StandardRemovableAttributeTagProcessor
[THYMELEAF]             * [* {th:size,data-th-size}] [1000]: org.thymeleaf.standard.processor.StandardRemovableAttributeTagProcessor
[THYMELEAF]             * [* {th:accept,data-th-accept}] [1000]: org.thymeleaf.standard.processor.StandardRemovableAttributeTagProcessor
[THYMELEAF]             * [* {th:marginwidth,data-th-marginwidth}] [1000]: org.thymeleaf.standard.processor.StandardRemovableAttributeTagProcessor
[THYMELEAF]             * [* {th:low,data-th-low}] [1000]: org.thymeleaf.standard.processor.StandardRemovableAttributeTagProcessor
[THYMELEAF]             * [* {th:width,data-th-width}] [1000]: org.thymeleaf.standard.processor.StandardRemovableAttributeTagProcessor
[THYMELEAF]             * [* {th:contextmenu,data-th-contextmenu}] [1000]: org.thymeleaf.standard.processor.StandardRemovableAttributeTagProcessor
[THYMELEAF]             * [* {th:frame,data-th-frame}] [1000]: org.thymeleaf.standard.processor.StandardRemovableAttributeTagProcessor
[THYMELEAF]             * [* {th:accept-charset,data-th-accept-charset}] [1000]: org.thymeleaf.standard.processor.StandardRemovableAttributeTagProcessor
[THYMELEAF]             * [* {th:bgcolor,data-th-bgcolor}] [1000]: org.thymeleaf.standard.processor.StandardRemovableAttributeTagProcessor
[THYMELEAF]             * [* {th:style,data-th-style}] [1000]: org.thymeleaf.standard.processor.StandardRemovableAttributeTagProcessor
[THYMELEAF]             * [* {th:rowspan,data-th-rowspan}] [1000]: org.thymeleaf.standard.processor.StandardRemovableAttributeTagProcessor
[THYMELEAF]             * [* {th:headers,data-th-headers}] [1000]: org.thymeleaf.standard.processor.StandardRemovableAttributeTagProcessor
[THYMELEAF]             * [* {th:height,data-th-height}] [1000]: org.thymeleaf.standard.processor.StandardRemovableAttributeTagProcessor
[THYMELEAF]             * [* {th:rel,data-th-rel}] [1000]: org.thymeleaf.standard.processor.StandardRemovableAttributeTagProcessor
[THYMELEAF]             * [* {th:target,data-th-target}] [1000]: org.thymeleaf.standard.processor.StandardRemovableAttributeTagProcessor
[THYMELEAF]             * [* {th:media,data-th-media}] [1000]: org.thymeleaf.standard.processor.StandardRemovableAttributeTagProcessor
[THYMELEAF]             * [* {th:wrap,data-th-wrap}] [1000]: org.thymeleaf.standard.processor.StandardRemovableAttributeTagProcessor
[THYMELEAF]             * [* {th:dropzone,data-th-dropzone}] [1000]: org.thymeleaf.standard.processor.StandardRemovableAttributeTagProcessor
[THYMELEAF]             * [* {th:id,data-th-id}] [1000]: org.thymeleaf.standard.processor.StandardRemovableAttributeTagProcessor
[THYMELEAF]             * [* {th:form,data-th-form}] [1000]: org.thymeleaf.standard.processor.StandardRemovableAttributeTagProcessor
[THYMELEAF]             * [* {th:datetime,data-th-datetime}] [1000]: org.thymeleaf.standard.processor.StandardRemovableAttributeTagProcessor
[THYMELEAF]             * [* {th:cite,data-th-cite}] [1000]: org.thymeleaf.standard.processor.StandardRemovableAttributeTagProcessor
[THYMELEAF]             * [* {th:valuetype,data-th-valuetype}] [1000]: org.thymeleaf.standard.processor.StandardRemovableAttributeTagProcessor
[THYMELEAF]             * [* {th:http-equiv,data-th-http-equiv}] [1000]: org.thymeleaf.standard.processor.StandardRemovableAttributeTagProcessor
[THYMELEAF]             * [* {th:optimum,data-th-optimum}] [1000]: org.thymeleaf.standard.processor.StandardRemovableAttributeTagProcessor
[THYMELEAF]             * [* {th:manifest,data-th-manifest}] [1000]: org.thymeleaf.standard.processor.StandardRemovableAttributeTagProcessor
[THYMELEAF]             * [* {th:align,data-th-align}] [1000]: org.thymeleaf.standard.processor.StandardRemovableAttributeTagProcessor
[THYMELEAF]             * [* {th:standby,data-th-standby}] [1000]: org.thymeleaf.standard.processor.StandardRemovableAttributeTagProcessor
[THYMELEAF]             * [* {th:rules,data-th-rules}] [1000]: org.thymeleaf.standard.processor.StandardRemovableAttributeTagProcessor
[THYMELEAF]             * [* {th:codebase,data-th-codebase}] [1000]: org.thymeleaf.standard.processor.StandardRemovableAttributeTagProcessor
[THYMELEAF]             * [* {th:autocomplete,data-th-autocomplete}] [1000]: org.thymeleaf.standard.processor.StandardRemovableAttributeTagProcessor
[THYMELEAF]             * [* {th:charset,data-th-charset}] [1000]: org.thymeleaf.standard.processor.StandardRemovableAttributeTagProcessor
[THYMELEAF]             * [* {th:lang,data-th-lang}] [1000]: org.thymeleaf.standard.processor.StandardRemovableAttributeTagProcessor
[THYMELEAF]             * [* {th:sizes,data-th-sizes}] [1000]: org.thymeleaf.standard.processor.StandardRemovableAttributeTagProcessor
[THYMELEAF]             * [* {th:for,data-th-for}] [1000]: org.thymeleaf.standard.processor.StandardRemovableAttributeTagProcessor
[THYMELEAF]             * [* {th:draggable,data-th-draggable}] [1000]: org.thymeleaf.standard.processor.StandardRemovableAttributeTagProcessor
[THYMELEAF]             * [* {th:accesskey,data-th-accesskey}] [1000]: org.thymeleaf.standard.processor.StandardRemovableAttributeTagProcessor
[THYMELEAF]             * [* {th:cols,data-th-cols}] [1000]: org.thymeleaf.standard.processor.StandardRemovableAttributeTagProcessor
[THYMELEAF]             * [* {th:formenctype,data-th-formenctype}] [1000]: org.thymeleaf.standard.processor.StandardRemovableAttributeTagProcessor
[THYMELEAF]             * [* {th:scheme,data-th-scheme}] [1000]: org.thymeleaf.standard.processor.StandardRemovableAttributeTagProcessor
[THYMELEAF]             * [* {th:max,data-th-max}] [1000]: org.thymeleaf.standard.processor.StandardRemovableAttributeTagProcessor
[THYMELEAF]             * [* {th:src,data-th-src}] [1000]: org.thymeleaf.standard.processor.StandardSrcTagProcessor
[THYMELEAF]             * [* {th:value,data-th-value}] [1000]: org.thymeleaf.standard.processor.StandardValueTagProcessor
[THYMELEAF]             * [* {th:xmlbase,data-th-xmlbase}] [1000]: org.thymeleaf.standard.processor.StandardXmlBaseTagProcessor
[THYMELEAF]             * [* {th:xmllang,data-th-xmllang}] [1000]: org.thymeleaf.standard.processor.StandardXmlLangTagProcessor
[THYMELEAF]             * [* {xmlns:th}] [1000]: org.thymeleaf.standard.processor.StandardXmlNsTagProcessor
[THYMELEAF]             * [* {th:xmlspace,data-th-xmlspace}] [1000]: org.thymeleaf.standard.processor.StandardXmlSpaceTagProcessor
[THYMELEAF]             * [* {th:classappend,data-th-classappend}] [1100]: org.thymeleaf.standard.processor.StandardClassappendTagProcessor
[THYMELEAF]             * [* {th:styleappend,data-th-styleappend}] [1100]: org.thymeleaf.standard.processor.StandardStyleappendTagProcessor
[THYMELEAF]             * [* {th:text,data-th-text}] [1300]: org.thymeleaf.standard.processor.StandardTextTagProcessor
[THYMELEAF]             * [* {th:utext,data-th-utext}] [1400]: org.thymeleaf.standard.processor.StandardUtextTagProcessor
[THYMELEAF]             * [* {th:fragment,data-th-fragment}] [1500]: org.thymeleaf.standard.processor.StandardFragmentTagProcessor
[THYMELEAF]             * [* {th:assert,data-th-assert}] [1550]: org.thymeleaf.standard.processor.StandardAssertTagProcessor
[THYMELEAF]             * [* {th:remove,data-th-remove}] [1600]: org.thymeleaf.standard.processor.StandardRemoveTagProcessor
[THYMELEAF]             * [* {th:ref,data-th-ref}] [10000]: org.thymeleaf.standard.processor.StandardRefAttributeTagProcessor
[THYMELEAF]             * [{th:block,th-block} *] [100000]: org.thymeleaf.standard.processor.StandardBlockTagProcessor
[THYMELEAF]             * [* th:*] [2147483647]: org.thymeleaf.standard.processor.StandardDefaultAttributesTagProcessor
[THYMELEAF]         * Text Processors by [precedence]:
[THYMELEAF]             * [1000]: org.thymeleaf.standard.processor.StandardInliningTextProcessor
[THYMELEAF]         * DOCTYPE Processors by [precedence]:
[THYMELEAF]             * [1000]: org.thymeleaf.standard.processor.StandardTranslationDocTypeProcessor
[THYMELEAF]         * CDATA Section Processors by [precedence]:
[THYMELEAF]             * [1000]: org.thymeleaf.standard.processor.StandardInliningCDATASectionProcessor
[THYMELEAF]         * Comment Processors by [precedence]:
[THYMELEAF]             * [1000]: org.thymeleaf.standard.processor.StandardInliningCommentProcessor
[THYMELEAF]             * [1100]: org.thymeleaf.standard.processor.StandardConditionalCommentProcessor
[THYMELEAF]     * Processors for Template Mode: XML
[THYMELEAF]         * Element Tag Processors by [matching element and attribute name] [precedence]:
[THYMELEAF]             * [* {th:include}] [100]: org.thymeleaf.standard.processor.StandardIncludeTagProcessor
[THYMELEAF]             * [* {th:insert}] [100]: org.thymeleaf.standard.processor.StandardInsertTagProcessor
[THYMELEAF]             * [* {th:replace}] [100]: org.thymeleaf.standard.processor.StandardReplaceTagProcessor
[THYMELEAF]             * [* {th:each}] [200]: com.intuit.karate.template.KarateEachTagProcessor
[THYMELEAF]             * [* {th:switch}] [250]: org.thymeleaf.standard.processor.StandardSwitchTagProcessor
[THYMELEAF]             * [* {th:case}] [275]: org.thymeleaf.standard.processor.StandardCaseTagProcessor
[THYMELEAF]             * [* {th:if}] [300]: org.thymeleaf.standard.processor.StandardIfTagProcessor
[THYMELEAF]             * [* {th:unless}] [400]: org.thymeleaf.standard.processor.StandardUnlessTagProcessor
[THYMELEAF]             * [* {th:object}] [500]: org.thymeleaf.standard.processor.StandardObjectTagProcessor
[THYMELEAF]             * [* {th:with}] [600]: com.intuit.karate.template.KarateWithTagProcessor
[THYMELEAF]             * [* {th:attr}] [700]: com.intuit.karate.template.KarateAttributeTagProcessor.KarateAttrTagProcessor
[THYMELEAF]             * [* {th:attrappend}] [900]: com.intuit.karate.template.KarateAttributeTagProcessor.KarateAttrappendTagProcessor
[THYMELEAF]             * [* {th:attrprepend}] [900]: com.intuit.karate.template.KarateAttributeTagProcessor.KarateAttrprependTagProcessor
[THYMELEAF]             * [* {th:inline}] [1000]: org.thymeleaf.standard.processor.StandardInlineXMLTagProcessor
[THYMELEAF]             * [* {xmlns:th}] [1000]: org.thymeleaf.standard.processor.StandardXmlNsTagProcessor
[THYMELEAF]             * [* {th:text}] [1300]: org.thymeleaf.standard.processor.StandardTextTagProcessor
[THYMELEAF]             * [* {th:utext}] [1400]: org.thymeleaf.standard.processor.StandardUtextTagProcessor
[THYMELEAF]             * [* {th:fragment}] [1500]: org.thymeleaf.standard.processor.StandardFragmentTagProcessor
[THYMELEAF]             * [* {th:assert}] [1550]: org.thymeleaf.standard.processor.StandardAssertTagProcessor
[THYMELEAF]             * [* {th:remove}] [1600]: org.thymeleaf.standard.processor.StandardRemoveTagProcessor
[THYMELEAF]             * [* {th:ref}] [10000]: org.thymeleaf.standard.processor.StandardRefAttributeTagProcessor
[THYMELEAF]             * [{th:block} *] [100000]: org.thymeleaf.standard.processor.StandardBlockTagProcessor
[THYMELEAF]             * [* th:*] [2147483647]: org.thymeleaf.standard.processor.StandardDefaultAttributesTagProcessor
[THYMELEAF]         * Text Processors by [precedence]:
[THYMELEAF]             * [1000]: org.thymeleaf.standard.processor.StandardInliningTextProcessor
[THYMELEAF]         * CDATA Section Processors by [precedence]:
[THYMELEAF]             * [1000]: org.thymeleaf.standard.processor.StandardInliningCDATASectionProcessor
[THYMELEAF]         * Comment Processors by [precedence]:
[THYMELEAF]             * [1000]: org.thymeleaf.standard.processor.StandardInliningCommentProcessor
[THYMELEAF]     * Processors for Template Mode: TEXT
[THYMELEAF]         * Element Tag Processors by [matching element and attribute name] [precedence]:
[THYMELEAF]             * [* {th:insert}] [100]: org.thymeleaf.standard.processor.StandardInsertTagProcessor
[THYMELEAF]             * [* {th:replace}] [100]: org.thymeleaf.standard.processor.StandardReplaceTagProcessor
[THYMELEAF]             * [* {th:each}] [200]: com.intuit.karate.template.KarateEachTagProcessor
[THYMELEAF]             * [* {th:switch}] [250]: org.thymeleaf.standard.processor.StandardSwitchTagProcessor
[THYMELEAF]             * [* {th:case}] [275]: org.thymeleaf.standard.processor.StandardCaseTagProcessor
[THYMELEAF]             * [* {th:if}] [300]: org.thymeleaf.standard.processor.StandardIfTagProcessor
[THYMELEAF]             * [* {th:unless}] [400]: org.thymeleaf.standard.processor.StandardUnlessTagProcessor
[THYMELEAF]             * [* {th:object}] [500]: org.thymeleaf.standard.processor.StandardObjectTagProcessor
[THYMELEAF]             * [* {th:with}] [600]: com.intuit.karate.template.KarateWithTagProcessor
[THYMELEAF]             * [* {th:inline}] [1000]: org.thymeleaf.standard.processor.StandardInlineTextualTagProcessor
[THYMELEAF]             * [* {th:text}] [1300]: org.thymeleaf.standard.processor.StandardTextTagProcessor
[THYMELEAF]             * [* {th:utext}] [1400]: org.thymeleaf.standard.processor.StandardUtextTagProcessor
[THYMELEAF]             * [* {th:assert}] [1550]: org.thymeleaf.standard.processor.StandardAssertTagProcessor
[THYMELEAF]             * [* {th:remove}] [1600]: org.thymeleaf.standard.processor.StandardRemoveTagProcessor
[THYMELEAF]             * [{th:block} *] [100000]: org.thymeleaf.standard.processor.StandardBlockTagProcessor
[THYMELEAF]             * [* 100000] [org.thymeleaf.standard.processor.StandardBlockTagProcessor]: {}
[THYMELEAF]         * Text Processors by [precedence]:
[THYMELEAF]             * [1000]: org.thymeleaf.standard.processor.StandardInliningTextProcessor
[THYMELEAF]     * Processors for Template Mode: JAVASCRIPT
[THYMELEAF]         * Element Tag Processors by [matching element and attribute name] [precedence]:
[THYMELEAF]             * [* {th:insert}] [100]: org.thymeleaf.standard.processor.StandardInsertTagProcessor
[THYMELEAF]             * [* {th:replace}] [100]: org.thymeleaf.standard.processor.StandardReplaceTagProcessor
[THYMELEAF]             * [* {th:each}] [200]: com.intuit.karate.template.KarateEachTagProcessor
[THYMELEAF]             * [* {th:switch}] [250]: org.thymeleaf.standard.processor.StandardSwitchTagProcessor
[THYMELEAF]             * [* {th:case}] [275]: org.thymeleaf.standard.processor.StandardCaseTagProcessor
[THYMELEAF]             * [* {th:if}] [300]: org.thymeleaf.standard.processor.StandardIfTagProcessor
[THYMELEAF]             * [* {th:unless}] [400]: org.thymeleaf.standard.processor.StandardUnlessTagProcessor
[THYMELEAF]             * [* {th:object}] [500]: org.thymeleaf.standard.processor.StandardObjectTagProcessor
[THYMELEAF]             * [* {th:with}] [600]: com.intuit.karate.template.KarateWithTagProcessor
[THYMELEAF]             * [* {th:inline}] [1000]: org.thymeleaf.standard.processor.StandardInlineTextualTagProcessor
[THYMELEAF]             * [* {th:text}] [1300]: org.thymeleaf.standard.processor.StandardTextTagProcessor
[THYMELEAF]             * [* {th:utext}] [1400]: org.thymeleaf.standard.processor.StandardUtextTagProcessor
[THYMELEAF]             * [* {th:assert}] [1550]: org.thymeleaf.standard.processor.StandardAssertTagProcessor
[THYMELEAF]             * [* {th:remove}] [1600]: org.thymeleaf.standard.processor.StandardRemoveTagProcessor
[THYMELEAF]             * [{th:block} *] [100000]: org.thymeleaf.standard.processor.StandardBlockTagProcessor
[THYMELEAF]             * [* 100000] [org.thymeleaf.standard.processor.StandardBlockTagProcessor]: {}
[THYMELEAF]         * Text Processors by [precedence]:
[THYMELEAF]             * [1000]: org.thymeleaf.standard.processor.StandardInliningTextProcessor
[THYMELEAF]     * Processors for Template Mode: CSS
[THYMELEAF]         * Element Tag Processors by [matching element and attribute name] [precedence]:
[THYMELEAF]             * [* {th:insert}] [100]: org.thymeleaf.standard.processor.StandardInsertTagProcessor
[THYMELEAF]             * [* {th:replace}] [100]: org.thymeleaf.standard.processor.StandardReplaceTagProcessor
[THYMELEAF]             * [* {th:each}] [200]: com.intuit.karate.template.KarateEachTagProcessor
[THYMELEAF]             * [* {th:switch}] [250]: org.thymeleaf.standard.processor.StandardSwitchTagProcessor
[THYMELEAF]             * [* {th:case}] [275]: org.thymeleaf.standard.processor.StandardCaseTagProcessor
[THYMELEAF]             * [* {th:if}] [300]: org.thymeleaf.standard.processor.StandardIfTagProcessor
[THYMELEAF]             * [* {th:unless}] [400]: org.thymeleaf.standard.processor.StandardUnlessTagProcessor
[THYMELEAF]             * [* {th:object}] [500]: org.thymeleaf.standard.processor.StandardObjectTagProcessor
[THYMELEAF]             * [* {th:with}] [600]: com.intuit.karate.template.KarateWithTagProcessor
[THYMELEAF]             * [* {th:inline}] [1000]: org.thymeleaf.standard.processor.StandardInlineTextualTagProcessor
[THYMELEAF]             * [* {th:text}] [1300]: org.thymeleaf.standard.processor.StandardTextTagProcessor
[THYMELEAF]             * [* {th:utext}] [1400]: org.thymeleaf.standard.processor.StandardUtextTagProcessor
[THYMELEAF]             * [* {th:assert}] [1550]: org.thymeleaf.standard.processor.StandardAssertTagProcessor
[THYMELEAF]             * [* {th:remove}] [1600]: org.thymeleaf.standard.processor.StandardRemoveTagProcessor
[THYMELEAF]             * [{th:block} *] [100000]: org.thymeleaf.standard.processor.StandardBlockTagProcessor
[THYMELEAF]             * [* 100000] [org.thymeleaf.standard.processor.StandardBlockTagProcessor]: {}
[THYMELEAF]         * Text Processors by [precedence]:
[THYMELEAF]             * [1000]: org.thymeleaf.standard.processor.StandardInliningTextProcessor
[THYMELEAF]     * Expression Objects:
[THYMELEAF]         * #ctx
[THYMELEAF]         * #root
[THYMELEAF]         * #vars
[THYMELEAF]         * #object
[THYMELEAF]         * #locale
[THYMELEAF]         * #conversions
[THYMELEAF]         * #uris
[THYMELEAF]         * #temporals
[THYMELEAF]         * #calendars
[THYMELEAF]         * #dates
[THYMELEAF]         * #bools
[THYMELEAF]         * #numbers
[THYMELEAF]         * #objects
[THYMELEAF]         * #strings
[THYMELEAF]         * #arrays
[THYMELEAF]         * #lists
[THYMELEAF]         * #sets
[THYMELEAF]         * #maps
[THYMELEAF]         * #aggregates
[THYMELEAF]         * #messages
[THYMELEAF]         * #ids
[THYMELEAF]         * #execInfo
[THYMELEAF]         * #request
[THYMELEAF]         * #response
[THYMELEAF]         * #session
[THYMELEAF]         * #servletContext
[THYMELEAF]     * Execution Attributes:
[THYMELEAF]         * "StandardExpressionParser": com.intuit.karate.template.KarateStandardDialect@3bc6c10f
[THYMELEAF]         * "StandardJavaScriptSerializer": org.thymeleaf.standard.serializer.StandardJavaScriptSerializer@5cf3a7f9
[THYMELEAF]         * "StandardCSSSerializer": org.thymeleaf.standard.serializer.StandardCSSSerializer@42db955e
[THYMELEAF]         * "StandardVariableExpressionEvaluator": com.intuit.karate.template.KarateStandardDialect@3bc6c10f
[THYMELEAF]         * "StandardConversionService": org.thymeleaf.standard.expression.StandardConversionService@6bd2f039
[THYMELEAF] * Dialect [2 of 2]: karate (com.intuit.karate.template.KarateScriptDialect)
[THYMELEAF]     * Prefix: "ka"
[THYMELEAF]     * Processors for Template Mode: HTML
[THYMELEAF]         * Element Tag Processors by [matching element and attribute name] [precedence]:
[THYMELEAF]             * [* {src}] [1000]: com.intuit.karate.template.KaScriptAttrProcessor
[THYMELEAF]         * Element Model Processors by [matching element and attribute name] [precedence]:
[THYMELEAF]             * [{script} {ka:scope,data-ka-scope}] [1000]: com.intuit.karate.template.KaScriptElemProcessor
[THYMELEAF]             * [* {ka:set,data-ka-set}] [1000]: com.intuit.karate.template.KaSetElemProcessor
[THYMELEAF] TEMPLATE ENGINE CONFIGURED OK
23:32:32.891 [main] DEBUG org.thymeleaf.TemplateEngine -- [THYMELEAF] TEMPLATE ENGINE INITIALIZED
23:32:32.905 [main] DEBUG org.thymeleaf.TemplateEngine -- [THYMELEAF] INITIALIZING TEMPLATE ENGINE
23:32:32.915 [main] DEBUG org.thymeleaf.TemplateEngine.CONFIG -- Initializing Thymeleaf Template engine configuration...
[THYMELEAF] TEMPLATE ENGINE CONFIGURATION:
[THYMELEAF] * Thymeleaf version: 3.1.2.RELEASE (built 2023-07-30T19:25:50+0000)
[THYMELEAF] * Cache Manager implementation: org.thymeleaf.cache.StandardCacheManager
[THYMELEAF] * Template resolvers:
[THYMELEAF]     * [1] com.intuit.karate.template.ResourceHtmlTemplateResolver
[THYMELEAF] * Message resolvers:
[THYMELEAF]     * org.thymeleaf.messageresolver.StandardMessageResolver
[THYMELEAF] * Link builders:
[THYMELEAF]     * org.thymeleaf.linkbuilder.StandardLinkBuilder
[THYMELEAF] * Dialect [1 of 2]: Standard (com.intuit.karate.template.KarateStandardDialect)
[THYMELEAF]     * Prefix: "th"
[THYMELEAF]     * Processors for Template Mode: HTML
[THYMELEAF]         * Element Tag Processors by [matching element and attribute name] [precedence]:
[THYMELEAF]             * [* {th:include,data-th-include}] [100]: org.thymeleaf.standard.processor.StandardIncludeTagProcessor
[THYMELEAF]             * [* {th:insert,data-th-insert}] [100]: org.thymeleaf.standard.processor.StandardInsertTagProcessor
[THYMELEAF]             * [* {th:replace,data-th-replace}] [100]: org.thymeleaf.standard.processor.StandardReplaceTagProcessor
[THYMELEAF]             * [* {th:each,data-th-each}] [200]: com.intuit.karate.template.KarateEachTagProcessor
[THYMELEAF]             * [* {th:switch,data-th-switch}] [250]: org.thymeleaf.standard.processor.StandardSwitchTagProcessor
[THYMELEAF]             * [* {th:case,data-th-case}] [275]: org.thymeleaf.standard.processor.StandardCaseTagProcessor
[THYMELEAF]             * [* {th:if,data-th-if}] [300]: org.thymeleaf.standard.processor.StandardIfTagProcessor
[THYMELEAF]             * [* {th:unless,data-th-unless}] [400]: org.thymeleaf.standard.processor.StandardUnlessTagProcessor
[THYMELEAF]             * [* {th:object,data-th-object}] [500]: org.thymeleaf.standard.processor.StandardObjectTagProcessor
[THYMELEAF]             * [* {th:with,data-th-with}] [600]: com.intuit.karate.template.KarateWithTagProcessor
[THYMELEAF]             * [* {th:attr,data-th-attr}] [700]: com.intuit.karate.template.KarateAttributeTagProcessor.KarateAttrTagProcessor
[THYMELEAF]             * [* {th:attrappend,data-th-attrappend}] [900]: com.intuit.karate.template.KarateAttributeTagProcessor.KarateAttrappendTagProcessor
[THYMELEAF]             * [* {th:attrprepend,data-th-attrprepend}] [900]: com.intuit.karate.template.KarateAttributeTagProcessor.KarateAttrprependTagProcessor
[THYMELEAF]             * [* {th:alt-title,data-th-alt-title}] [990]: org.thymeleaf.standard.processor.StandardAltTitleTagProcessor
[THYMELEAF]             * [* {th:lang-xmllang,data-th-lang-xmllang}] [990]: org.thymeleaf.standard.processor.StandardLangXmlLangTagProcessor
[THYMELEAF]             * [* {th:action,data-th-action}] [1000]: org.thymeleaf.standard.processor.StandardActionTagProcessor
[THYMELEAF]             * [* {th:novalidate,data-th-novalidate}] [1000]: org.thymeleaf.standard.processor.StandardConditionalFixedValueTagProcessor
[THYMELEAF]             * [* {th:async,data-th-async}] [1000]: org.thymeleaf.standard.processor.StandardConditionalFixedValueTagProcessor
[THYMELEAF]             * [* {th:loop,data-th-loop}] [1000]: org.thymeleaf.standard.processor.StandardConditionalFixedValueTagProcessor
[THYMELEAF]             * [* {th:autofocus,data-th-autofocus}] [1000]: org.thymeleaf.standard.processor.StandardConditionalFixedValueTagProcessor
[THYMELEAF]             * [* {th:ismap,data-th-ismap}] [1000]: org.thymeleaf.standard.processor.StandardConditionalFixedValueTagProcessor
[THYMELEAF]             * [* {th:checked,data-th-checked}] [1000]: org.thymeleaf.standard.processor.StandardConditionalFixedValueTagProcessor
[THYMELEAF]             * [* {th:declare,data-th-declare}] [1000]: org.thymeleaf.standard.processor.StandardConditionalFixedValueTagProcessor
[THYMELEAF]             * [* {th:required,data-th-required}] [1000]: org.thymeleaf.standard.processor.StandardConditionalFixedValueTagProcessor
[THYMELEAF]             * [* {th:hidden,data-th-hidden}] [1000]: org.thymeleaf.standard.processor.StandardConditionalFixedValueTagProcessor
[THYMELEAF]             * [* {th:scoped,data-th-scoped}] [1000]: org.thymeleaf.standard.processor.StandardConditionalFixedValueTagProcessor
[THYMELEAF]             * [* {th:reversed,data-th-reversed}] [1000]: org.thymeleaf.standard.processor.StandardConditionalFixedValueTagProcessor
[THYMELEAF]             * [* {th:pubdate,data-th-pubdate}] [1000]: org.thymeleaf.standard.processor.StandardConditionalFixedValueTagProcessor
[THYMELEAF]             * [* {th:multiple,data-th-multiple}] [1000]: org.thymeleaf.standard.processor.StandardConditionalFixedValueTagProcessor
[THYMELEAF]             * [* {th:selected,data-th-selected}] [1000]: org.thymeleaf.standard.processor.StandardConditionalFixedValueTagProcessor
[THYMELEAF]             * [* {th:open,data-th-open}] [1000]: org.thymeleaf.standard.processor.StandardConditionalFixedValueTagProcessor
[THYMELEAF]             * [* {th:nowrap,data-th-nowrap}] [1000]: org.thymeleaf.standard.processor.StandardConditionalFixedValueTagProcessor
[THYMELEAF]             * [* {th:readonly,data-th-readonly}] [1000]: org.thymeleaf.standard.processor.StandardConditionalFixedValueTagProcessor
[THYMELEAF]             * [* {th:autoplay,data-th-autoplay}] [1000]: org.thymeleaf.standard.processor.StandardConditionalFixedValueTagProcessor
[THYMELEAF]             * [* {th:seamless,data-th-seamless}] [1000]: org.thymeleaf.standard.processor.StandardConditionalFixedValueTagProcessor
[THYMELEAF]             * [* {th:disabled,data-th-disabled}] [1000]: org.thymeleaf.standard.processor.StandardConditionalFixedValueTagProcessor
[THYMELEAF]             * [* {th:controls,data-th-controls}] [1000]: org.thymeleaf.standard.processor.StandardConditionalFixedValueTagProcessor
[THYMELEAF]             * [* {th:formnovalidate,data-th-formnovalidate}] [1000]: org.thymeleaf.standard.processor.StandardConditionalFixedValueTagProcessor
[THYMELEAF]             * [* {th:defer,data-th-defer}] [1000]: org.thymeleaf.standard.processor.StandardConditionalFixedValueTagProcessor
[THYMELEAF]             * [* {th:default,data-th-default}] [1000]: org.thymeleaf.standard.processor.StandardConditionalFixedValueTagProcessor
[THYMELEAF]             * [* {th:onpause,data-th-onpause}] [1000]: org.thymeleaf.standard.processor.StandardDOMEventAttributeTagProcessor
[THYMELEAF]             * [* {th:onreadystatechange,data-th-onreadystatechange}] [1000]: org.thymeleaf.standard.processor.StandardDOMEventAttributeTagProcessor
[THYMELEAF]             * [* {th:onsuspend,data-th-onsuspend}] [1000]: org.thymeleaf.standard.processor.StandardDOMEventAttributeTagProcessor
[THYMELEAF]             * [* {th:onmouseout,data-th-onmouseout}] [1000]: org.thymeleaf.standard.processor.StandardDOMEventAttributeTagProcessor
[THYMELEAF]             * [* {th:onloadstart,data-th-onloadstart}] [1000]: org.thymeleaf.standard.processor.StandardDOMEventAttributeTagProcessor
[THYMELEAF]             * [* {th:onstalled,data-th-onstalled}] [1000]: org.thymeleaf.standard.processor.StandardDOMEventAttributeTagProcessor
[THYMELEAF]             * [* {th:onplaying,data-th-onplaying}] [1000]: org.thymeleaf.standard.processor.StandardDOMEventAttributeTagProcessor
[THYMELEAF]             * [* {th:ondblclick,data-th-ondblclick}] [1000]: org.thymeleaf.standard.processor.StandardDOMEventAttributeTagProcessor
[THYMELEAF]             * [* {th:onmousemove,data-th-onmousemove}] [1000]: org.thymeleaf.standard.processor.StandardDOMEventAttributeTagProcessor
[THYMELEAF]             * [* {th:onundo,data-th-onundo}] [1000]: org.thymeleaf.standard.processor.StandardDOMEventAttributeTagProcessor
[THYMELEAF]             * [* {th:onscroll,data-th-onscroll}] [1000]: org.thymeleaf.standard.processor.StandardDOMEventAttributeTagProcessor
[THYMELEAF]             * [* {th:oninput,data-th-oninput}] [1000]: org.thymeleaf.standard.processor.StandardDOMEventAttributeTagProcessor
[THYMELEAF]             * [* {th:onloadeddata,data-th-onloadeddata}] [1000]: org.thymeleaf.standard.processor.StandardDOMEventAttributeTagProcessor
[THYMELEAF]             * [* {th:oncontextmenu,data-th-oncontextmenu}] [1000]: org.thymeleaf.standard.processor.StandardDOMEventAttributeTagProcessor
[THYMELEAF]             * [* {th:onmessage,data-th-onmessage}] [1000]: org.thymeleaf.standard.processor.StandardDOMEventAttributeTagProcessor
[THYMELEAF]             * [* {th:onseeked,data-th-onseeked}] [1000]: org.thymeleaf.standard.processor.StandardDOMEventAttributeTagProcessor
[THYMELEAF]             * [* {th:onchange,data-th-onchange}] [1000]: org.thymeleaf.standard.processor.StandardDOMEventAttributeTagProcessor
[THYMELEAF]             * [* {th:onselect,data-th-onselect}] [1000]: org.thymeleaf.standard.processor.StandardDOMEventAttributeTagProcessor
[THYMELEAF]             * [* {th:onhashchange,data-th-onhashchange}] [1000]: org.thymeleaf.standard.processor.StandardDOMEventAttributeTagProcessor
[THYMELEAF]             * [* {th:onerror,data-th-onerror}] [1000]: org.thymeleaf.standard.processor.StandardDOMEventAttributeTagProcessor
[THYMELEAF]             * [* {th:onformchange,data-th-onformchange}] [1000]: org.thymeleaf.standard.processor.StandardDOMEventAttributeTagProcessor
[THYMELEAF]             * [* {th:onkeyup,data-th-onkeyup}] [1000]: org.thymeleaf.standard.processor.StandardDOMEventAttributeTagProcessor
[THYMELEAF]             * [* {th:onbeforeunload,data-th-onbeforeunload}] [1000]: org.thymeleaf.standard.processor.StandardDOMEventAttributeTagProcessor
[THYMELEAF]             * [* {th:onload,data-th-onload}] [1000]: org.thymeleaf.standard.processor.StandardDOMEventAttributeTagProcessor
[THYMELEAF]             * [* {th:onreset,data-th-onreset}] [1000]: org.thymeleaf.standard.processor.StandardDOMEventAttributeTagProcessor
[THYMELEAF]             * [* {th:onresize,data-th-onresize}] [1000]: org.thymeleaf.standard.processor.StandardDOMEventAttributeTagProcessor
[THYMELEAF]             * [* {th:oncanplaythrough,data-th-oncanplaythrough}] [1000]: org.thymeleaf.standard.processor.StandardDOMEventAttributeTagProcessor
[THYMELEAF]             * [* {th:onfocus,data-th-onfocus}] [1000]: org.thymeleaf.standard.processor.StandardDOMEventAttributeTagProcessor
[THYMELEAF]             * [* {th:onprogress,data-th-onprogress}] [1000]: org.thymeleaf.standard.processor.StandardDOMEventAttributeTagProcessor
[THYMELEAF]             * [* {th:ondragenter,data-th-ondragenter}] [1000]: org.thymeleaf.standard.processor.StandardDOMEventAttributeTagProcessor
[THYMELEAF]             * [* {th:onended,data-th-onended}] [1000]: org.thymeleaf.standard.processor.StandardDOMEventAttributeTagProcessor
[THYMELEAF]             * [* {th:onblur,data-th-onblur}] [1000]: org.thymeleaf.standard.processor.StandardDOMEventAttributeTagProcessor
[THYMELEAF]             * [* {th:onabort,data-th-onabort}] [1000]: org.thymeleaf.standard.processor.StandardDOMEventAttributeTagProcessor
[THYMELEAF]             * [* {th:ondragleave,data-th-ondragleave}] [1000]: org.thymeleaf.standard.processor.StandardDOMEventAttributeTagProcessor
[THYMELEAF]             * [* {th:onbeforeprint,data-th-onbeforeprint}] [1000]: org.thymeleaf.standard.processor.StandardDOMEventAttributeTagProcessor
[THYMELEAF]             * [* {th:ondrag,data-th-ondrag}] [1000]: org.thymeleaf.standard.processor.StandardDOMEventAttributeTagProcessor
[THYMELEAF]             * [* {th:onmousewheel,data-th-onmousewheel}] [1000]: org.thymeleaf.standard.processor.StandardDOMEventAttributeTagProcessor
[THYMELEAF]             * [* {th:ondragover,data-th-ondragover}] [1000]: org.thymeleaf.standard.processor.StandardDOMEventAttributeTagProcessor
[THYMELEAF]             * [* {th:onstorage,data-th-onstorage}] [1000]: org.thymeleaf.standard.processor.StandardDOMEventAttributeTagProcessor
[THYMELEAF]             * [* {th:ononline,data-th-ononline}] [1000]: org.thymeleaf.standard.processor.StandardDOMEventAttributeTagProcessor
[THYMELEAF]             * [* {th:onforminput,data-th-onforminput}] [1000]: org.thymeleaf.standard.processor.StandardDOMEventAttributeTagProcessor
[THYMELEAF]             * [* {th:onkeydown,data-th-onkeydown}] [1000]: org.thymeleaf.standard.processor.StandardDOMEventAttributeTagProcessor
[THYMELEAF]             * [* {th:ondragstart,data-th-ondragstart}] [1000]: org.thymeleaf.standard.processor.StandardDOMEventAttributeTagProcessor
[THYMELEAF]             * [* {th:onmouseover,data-th-onmouseover}] [1000]: org.thymeleaf.standard.processor.StandardDOMEventAttributeTagProcessor
[THYMELEAF]             * [* {th:onplay,data-th-onplay}] [1000]: org.thymeleaf.standard.processor.StandardDOMEventAttributeTagProcessor
[THYMELEAF]             * [* {th:oninvalid,data-th-oninvalid}] [1000]: org.thymeleaf.standard.processor.StandardDOMEventAttributeTagProcessor
[THYMELEAF]             * [* {th:onclick,data-th-onclick}] [1000]: org.thymeleaf.standard.processor.StandardDOMEventAttributeTagProcessor
[THYMELEAF]             * [* {th:onsubmit,data-th-onsubmit}] [1000]: org.thymeleaf.standard.processor.StandardDOMEventAttributeTagProcessor
[THYMELEAF]             * [* {th:onvolumechange,data-th-onvolumechange}] [1000]: org.thymeleaf.standard.processor.StandardDOMEventAttributeTagProcessor
[THYMELEAF]             * [* {th:ondragend,data-th-ondragend}] [1000]: org.thymeleaf.standard.processor.StandardDOMEventAttributeTagProcessor
[THYMELEAF]             * [* {th:onpopstate,data-th-onpopstate}] [1000]: org.thymeleaf.standard.processor.StandardDOMEventAttributeTagProcessor
[THYMELEAF]             * [* {th:onmouseup,data-th-onmouseup}] [1000]: org.thymeleaf.standard.processor.StandardDOMEventAttributeTagProcessor
[THYMELEAF]             * [* {th:onredo,data-th-onredo}] [1000]: org.thymeleaf.standard.processor.StandardDOMEventAttributeTagProcessor
[THYMELEAF]             * [* {th:onloadedmetadata,data-th-onloadedmetadata}] [1000]: org.thymeleaf.standard.processor.StandardDOMEventAttributeTagProcessor
[THYMELEAF]             * [* {th:onafterprint,data-th-onafterprint}] [1000]: org.thymeleaf.standard.processor.StandardDOMEventAttributeTagProcessor
[THYMELEAF]             * [* {th:onoffline,data-th-onoffline}] [1000]: org.thymeleaf.standard.processor.StandardDOMEventAttributeTagProcessor
[THYMELEAF]             * [* {th:onemptied,data-th-onemptied}] [1000]: org.thymeleaf.standard.processor.StandardDOMEventAttributeTagProcessor
[THYMELEAF]             * [* {th:ondurationchange,data-th-ondurationchange}] [1000]: org.thymeleaf.standard.processor.StandardDOMEventAttributeTagProcessor
[THYMELEAF]             * [* {th:oncanplay,data-th-oncanplay}] [1000]: org.thymeleaf.standard.processor.StandardDOMEventAttributeTagProcessor
[THYMELEAF]             * [* {th:ontimeupdate,data-th-ontimeupdate}] [1000]: org.thymeleaf.standard.processor.StandardDOMEventAttributeTagProcessor
[THYMELEAF]             * [* {th:onunload,data-th-onunload}] [1000]: org.thymeleaf.standard.processor.StandardDOMEventAttributeTagProcessor
[THYMELEAF]             * [* {th:onshow,data-th-onshow}] [1000]: org.thymeleaf.standard.processor.StandardDOMEventAttributeTagProcessor
[THYMELEAF]             * [* {th:onkeypress,data-th-onkeypress}] [1000]: org.thymeleaf.standard.processor.StandardDOMEventAttributeTagProcessor
[THYMELEAF]             * [* {th:onratechange,data-th-onratechange}] [1000]: org.thymeleaf.standard.processor.StandardDOMEventAttributeTagProcessor
[THYMELEAF]             * [* {th:onseeking,data-th-onseeking}] [1000]: org.thymeleaf.standard.processor.StandardDOMEventAttributeTagProcessor
[THYMELEAF]             * [* {th:ondrop,data-th-ondrop}] [1000]: org.thymeleaf.standard.processor.StandardDOMEventAttributeTagProcessor
[THYMELEAF]             * [* {th:onwaiting,data-th-onwaiting}] [1000]: org.thymeleaf.standard.processor.StandardDOMEventAttributeTagProcessor
[THYMELEAF]             * [* {th:onmousedown,data-th-onmousedown}] [1000]: org.thymeleaf.standard.processor.StandardDOMEventAttributeTagProcessor
[THYMELEAF]             * [* {th:href,data-th-href}] [1000]: org.thymeleaf.standard.processor.StandardHrefTagProcessor
[THYMELEAF]             * [* {th:inline,data-th-inline}] [1000]: org.thymeleaf.standard.processor.StandardInlineHTMLTagProcessor
[THYMELEAF]             * [* {th:method,data-th-method}] [1000]: org.thymeleaf.standard.processor.StandardMethodTagProcessor
[THYMELEAF]             * [* {th:name,data-th-name}] [1000]: org.thymeleaf.standard.processor.StandardNonRemovableAttributeTagProcessor
[THYMELEAF]             * [* {th:type,data-th-type}] [1000]: org.thymeleaf.standard.processor.StandardNonRemovableAttributeTagProcessor
[THYMELEAF]             * [* {th:max,data-th-max}] [1000]: org.thymeleaf.standard.processor.StandardRemovableAttributeTagProcessor
[THYMELEAF]             * [* {th:width,data-th-width}] [1000]: org.thymeleaf.standard.processor.StandardRemovableAttributeTagProcessor
[THYMELEAF]             * [* {th:valuetype,data-th-valuetype}] [1000]: org.thymeleaf.standard.processor.StandardRemovableAttributeTagProcessor
[THYMELEAF]             * [* {th:wrap,data-th-wrap}] [1000]: org.thymeleaf.standard.processor.StandardRemovableAttributeTagProcessor
[THYMELEAF]             * [* {th:keytype,data-th-keytype}] [1000]: org.thymeleaf.standard.processor.StandardRemovableAttributeTagProcessor
[THYMELEAF]             * [* {th:radiogroup,data-th-radiogroup}] [1000]: org.thymeleaf.standard.processor.StandardRemovableAttributeTagProcessor
[THYMELEAF]             * [* {th:label,data-th-label}] [1000]: org.thymeleaf.standard.processor.StandardRemovableAttributeTagProcessor
[THYMELEAF]             * [* {th:rowspan,data-th-rowspan}] [1000]: org.thymeleaf.standard.processor.StandardRemovableAttributeTagProcessor
[THYMELEAF]             * [* {th:contenteditable,data-th-contenteditable}] [1000]: org.thymeleaf.standard.processor.StandardRemovableAttributeTagProcessor
[THYMELEAF]             * [* {th:formmethod,data-th-formmethod}] [1000]: org.thymeleaf.standard.processor.StandardRemovableAttributeTagProcessor
[THYMELEAF]             * [* {th:rel,data-th-rel}] [1000]: org.thymeleaf.standard.processor.StandardRemovableAttributeTagProcessor
[THYMELEAF]             * [* {th:codetype,data-th-codetype}] [1000]: org.thymeleaf.standard.processor.StandardRemovableAttributeTagProcessor
[THYMELEAF]             * [* {th:cite,data-th-cite}] [1000]: org.thymeleaf.standard.processor.StandardRemovableAttributeTagProcessor
[THYMELEAF]             * [* {th:codebase,data-th-codebase}] [1000]: org.thymeleaf.standard.processor.StandardRemovableAttributeTagProcessor
[THYMELEAF]             * [* {th:cellpadding,data-th-cellpadding}] [1000]: org.thymeleaf.standard.processor.StandardRemovableAttributeTagProcessor
[THYMELEAF]             * [* {th:dir,data-th-dir}] [1000]: org.thymeleaf.standard.processor.StandardRemovableAttributeTagProcessor
[THYMELEAF]             * [* {th:maxlength,data-th-maxlength}] [1000]: org.thymeleaf.standard.processor.StandardRemovableAttributeTagProcessor
[THYMELEAF]             * [* {th:marginwidth,data-th-marginwidth}] [1000]: org.thymeleaf.standard.processor.StandardRemovableAttributeTagProcessor
[THYMELEAF]             * [* {th:hreflang,data-th-hreflang}] [1000]: org.thymeleaf.standard.processor.StandardRemovableAttributeTagProcessor
[THYMELEAF]             * [* {th:target,data-th-target}] [1000]: org.thymeleaf.standard.processor.StandardRemovableAttributeTagProcessor
[THYMELEAF]             * [* {th:audio,data-th-audio}] [1000]: org.thymeleaf.standard.processor.StandardRemovableAttributeTagProcessor
[THYMELEAF]             * [* {th:rev,data-th-rev}] [1000]: org.thymeleaf.standard.processor.StandardRemovableAttributeTagProcessor
[THYMELEAF]             * [* {th:http-equiv,data-th-http-equiv}] [1000]: org.thymeleaf.standard.processor.StandardRemovableAttributeTagProcessor
[THYMELEAF]             * [* {th:placeholder,data-th-placeholder}] [1000]: org.thymeleaf.standard.processor.StandardRemovableAttributeTagProcessor
[THYMELEAF]             * [* {th:align,data-th-align}] [1000]: org.thymeleaf.standard.processor.StandardRemovableAttributeTagProcessor
[THYMELEAF]             * [* {th:alt,data-th-alt}] [1000]: org.thymeleaf.standard.processor.StandardRemovableAttributeTagProcessor
[THYMELEAF]             * [* {th:lang,data-th-lang}] [1000]: org.thymeleaf.standard.processor.StandardRemovableAttributeTagProcessor
[THYMELEAF]             * [* {th:accept-charset,data-th-accept-charset}] [1000]: org.thymeleaf.standard.processor.StandardRemovableAttributeTagProcessor
[THYMELEAF]             * [* {th:abbr,data-th-abbr}] [1000]: org.thymeleaf.standard.processor.StandardRemovableAttributeTagProcessor
[THYMELEAF]             * [* {th:media,data-th-media}] [1000]: org.thymeleaf.standard.processor.StandardRemovableAttributeTagProcessor
[THYMELEAF]             * [* {th:archive,data-th-archive}] [1000]: org.thymeleaf.standard.processor.StandardRemovableAttributeTagProcessor
[THYMELEAF]             * [* {th:accesskey,data-th-accesskey}] [1000]: org.thymeleaf.standard.processor.StandardRemovableAttributeTagProcessor
[THYMELEAF]             * [* {th:style,data-th-style}] [1000]: org.thymeleaf.standard.processor.StandardRemovableAttributeTagProcessor
[THYMELEAF]             * [* {th:start,data-th-start}] [1000]: org.thymeleaf.standard.processor.StandardRemovableAttributeTagProcessor
[THYMELEAF]             * [* {th:formenctype,data-th-formenctype}] [1000]: org.thymeleaf.standard.processor.StandardRemovableAttributeTagProcessor
[THYMELEAF]             * [* {th:min,data-th-min}] [1000]: org.thymeleaf.standard.processor.StandardRemovableAttributeTagProcessor
[THYMELEAF]             * [* {th:hspace,data-th-hspace}] [1000]: org.thymeleaf.standard.processor.StandardRemovableAttributeTagProcessor
[THYMELEAF]             * [* {th:for,data-th-for}] [1000]: org.thymeleaf.standard.processor.StandardRemovableAttributeTagProcessor
[THYMELEAF]             * [* {th:frame,data-th-frame}] [1000]: org.thymeleaf.standard.processor.StandardRemovableAttributeTagProcessor
[THYMELEAF]             * [* {th:high,data-th-high}] [1000]: org.thymeleaf.standard.processor.StandardRemovableAttributeTagProcessor
[THYMELEAF]             * [* {th:step,data-th-step}] [1000]: org.thymeleaf.standard.processor.StandardRemovableAttributeTagProcessor
[THYMELEAF]             * [* {th:vspace,data-th-vspace}] [1000]: org.thymeleaf.standard.processor.StandardRemovableAttributeTagProcessor
[THYMELEAF]             * [* {th:kind,data-th-kind}] [1000]: org.thymeleaf.standard.processor.StandardRemovableAttributeTagProcessor
[THYMELEAF]             * [* {th:enctype,data-th-enctype}] [1000]: org.thymeleaf.standard.processor.StandardRemovableAttributeTagProcessor
[THYMELEAF]             * [* {th:manifest,data-th-manifest}] [1000]: org.thymeleaf.standard.processor.StandardRemovableAttributeTagProcessor
[THYMELEAF]             * [* {th:title,data-th-title}] [1000]: org.thymeleaf.standard.processor.StandardRemovableAttributeTagProcessor
[THYMELEAF]             * [* {th:content,data-th-content}] [1000]: org.thymeleaf.standard.processor.StandardRemovableAttributeTagProcessor
[THYMELEAF]             * [* {th:bgcolor,data-th-bgcolor}] [1000]: org.thymeleaf.standard.processor.StandardRemovableAttributeTagProcessor
[THYMELEAF]             * [* {th:accept,data-th-accept}] [1000]: org.thymeleaf.standard.processor.StandardRemovableAttributeTagProcessor
[THYMELEAF]             * [* {th:sandbox,data-th-sandbox}] [1000]: org.thymeleaf.standard.processor.StandardRemovableAttributeTagProcessor
[THYMELEAF]             * [* {th:tabindex,data-th-tabindex}] [1000]: org.thymeleaf.standard.processor.StandardRemovableAttributeTagProcessor
[THYMELEAF]             * [* {th:summary,data-th-summary}] [1000]: org.thymeleaf.standard.processor.StandardRemovableAttributeTagProcessor
[THYMELEAF]             * [* {th:poster,data-th-poster}] [1000]: org.thymeleaf.standard.processor.StandardRemovableAttributeTagProcessor
[THYMELEAF]             * [* {th:classid,data-th-classid}] [1000]: org.thymeleaf.standard.processor.StandardRemovableAttributeTagProcessor
[THYMELEAF]             * [* {th:longdesc,data-th-longdesc}] [1000]: org.thymeleaf.standard.processor.StandardRemovableAttributeTagProcessor
[THYMELEAF]             * [* {th:axis,data-th-axis}] [1000]: org.thymeleaf.standard.processor.StandardRemovableAttributeTagProcessor
[THYMELEAF]             * [* {th:cellspacing,data-th-cellspacing}] [1000]: org.thymeleaf.standard.processor.StandardRemovableAttributeTagProcessor
[THYMELEAF]             * [* {th:id,data-th-id}] [1000]: org.thymeleaf.standard.processor.StandardRemovableAttributeTagProcessor
[THYMELEAF]             * [* {th:scrolling,data-th-scrolling}] [1000]: org.thymeleaf.standard.processor.StandardRemovableAttributeTagProcessor
[THYMELEAF]             * [* {th:height,data-th-height}] [1000]: org.thymeleaf.standard.processor.StandardRemovableAttributeTagProcessor
[THYMELEAF]             * [* {th:autocomplete,data-th-autocomplete}] [1000]: org.thymeleaf.standard.processor.StandardRemovableAttributeTagProcessor
[THYMELEAF]             * [* {th:rules,data-th-rules}] [1000]: org.thymeleaf.standard.processor.StandardRemovableAttributeTagProcessor
[THYMELEAF]             * [* {th:optimum,data-th-optimum}] [1000]: org.thymeleaf.standard.processor.StandardRemovableAttributeTagProcessor
[THYMELEAF]             * [* {th:scope,data-th-scope}] [1000]: org.thymeleaf.standard.processor.StandardRemovableAttributeTagProcessor
[THYMELEAF]             * [* {th:list,data-th-list}] [1000]: org.thymeleaf.standard.processor.StandardRemovableAttributeTagProcessor
[THYMELEAF]             * [* {th:background,data-th-background}] [1000]: org.thymeleaf.standard.processor.StandardRemovableAttributeTagProcessor
[THYMELEAF]             * [* {th:formtarget,data-th-formtarget}] [1000]: org.thymeleaf.standard.processor.StandardRemovableAttributeTagProcessor
[THYMELEAF]             * [* {th:data,data-th-data}] [1000]: org.thymeleaf.standard.processor.StandardRemovableAttributeTagProcessor
[THYMELEAF]             * [* {th:cols,data-th-cols}] [1000]: org.thymeleaf.standard.processor.StandardRemovableAttributeTagProcessor
[THYMELEAF]             * [* {th:compact,data-th-compact}] [1000]: org.thymeleaf.standard.processor.StandardRemovableAttributeTagProcessor
[THYMELEAF]             * [* {th:marginheight,data-th-marginheight}] [1000]: org.thymeleaf.standard.processor.StandardRemovableAttributeTagProcessor
[THYMELEAF]             * [* {th:scheme,data-th-scheme}] [1000]: org.thymeleaf.standard.processor.StandardRemovableAttributeTagProcessor
[THYMELEAF]             * [* {th:preload,data-th-preload}] [1000]: org.thymeleaf.standard.processor.StandardRemovableAttributeTagProcessor
[THYMELEAF]             * [* {th:class,data-th-class}] [1000]: org.thymeleaf.standard.processor.StandardRemovableAttributeTagProcessor
[THYMELEAF]             * [* {th:challenge,data-th-challenge}] [1000]: org.thymeleaf.standard.processor.StandardRemovableAttributeTagProcessor
[THYMELEAF]             * [* {th:contextmenu,data-th-contextmenu}] [1000]: org.thymeleaf.standard.processor.StandardRemovableAttributeTagProcessor
[THYMELEAF]             * [* {th:draggable,data-th-draggable}] [1000]: org.thymeleaf.standard.processor.StandardRemovableAttributeTagProcessor
[THYMELEAF]             * [* {th:dropzone,data-th-dropzone}] [1000]: org.thymeleaf.standard.processor.StandardRemovableAttributeTagProcessor
[THYMELEAF]             * [* {th:headers,data-th-headers}] [1000]: org.thymeleaf.standard.processor.StandardRemovableAttributeTagProcessor
[THYMELEAF]             * [* {th:standby,data-th-standby}] [1000]: org.thymeleaf.standard.processor.StandardRemovableAttributeTagProcessor
[THYMELEAF]             * [* {th:size,data-th-size}] [1000]: org.thymeleaf.standard.processor.StandardRemovableAttributeTagProcessor
[THYMELEAF]             * [* {th:colspan,data-th-colspan}] [1000]: org.thymeleaf.standard.processor.StandardRemovableAttributeTagProcessor
[THYMELEAF]             * [* {th:icon,data-th-icon}] [1000]: org.thymeleaf.standard.processor.StandardRemovableAttributeTagProcessor
[THYMELEAF]             * [* {th:srclang,data-th-srclang}] [1000]: org.thymeleaf.standard.processor.StandardRemovableAttributeTagProcessor
[THYMELEAF]             * [* {th:rows,data-th-rows}] [1000]: org.thymeleaf.standard.processor.StandardRemovableAttributeTagProcessor
[THYMELEAF]             * [* {th:usemap,data-th-usemap}] [1000]: org.thymeleaf.standard.processor.StandardRemovableAttributeTagProcessor
[THYMELEAF]             * [* {th:formaction,data-th-formaction}] [1000]: org.thymeleaf.standard.processor.StandardRemovableAttributeTagProcessor
[THYMELEAF]             * [* {th:low,data-th-low}] [1000]: org.thymeleaf.standard.processor.StandardRemovableAttributeTagProcessor
[THYMELEAF]             * [* {th:datetime,data-th-datetime}] [1000]: org.thymeleaf.standard.processor.StandardRemovableAttributeTagProcessor
[THYMELEAF]             * [* {th:form,data-th-form}] [1000]: org.thymeleaf.standard.processor.StandardRemovableAttributeTagProcessor
[THYMELEAF]             * [* {th:span,data-th-span}] [1000]: org.thymeleaf.standard.processor.StandardRemovableAttributeTagProcessor
[THYMELEAF]             * [* {th:sizes,data-th-sizes}] [1000]: org.thymeleaf.standard.processor.StandardRemovableAttributeTagProcessor
[THYMELEAF]             * [* {th:frameborder,data-th-frameborder}] [1000]: org.thymeleaf.standard.processor.StandardRemovableAttributeTagProcessor
[THYMELEAF]             * [* {th:border,data-th-border}] [1000]: org.thymeleaf.standard.processor.StandardRemovableAttributeTagProcessor
[THYMELEAF]             * [* {th:spellcheck,data-th-spellcheck}] [1000]: org.thymeleaf.standard.processor.StandardRemovableAttributeTagProcessor
[THYMELEAF]             * [* {th:pattern,data-th-pattern}] [1000]: org.thymeleaf.standard.processor.StandardRemovableAttributeTagProcessor
[THYMELEAF]             * [* {th:charset,data-th-charset}] [1000]: org.thymeleaf.standard.processor.StandardRemovableAttributeTagProcessor
[THYMELEAF]             * [* {th:src,data-th-src}] [1000]: org.thymeleaf.standard.processor.StandardSrcTagProcessor
[THYMELEAF]             * [* {th:value,data-th-value}] [1000]: org.thymeleaf.standard.processor.StandardValueTagProcessor
[THYMELEAF]             * [* {th:xmlbase,data-th-xmlbase}] [1000]: org.thymeleaf.standard.processor.StandardXmlBaseTagProcessor
[THYMELEAF]             * [* {th:xmllang,data-th-xmllang}] [1000]: org.thymeleaf.standard.processor.StandardXmlLangTagProcessor
[THYMELEAF]             * [* {xmlns:th}] [1000]: org.thymeleaf.standard.processor.StandardXmlNsTagProcessor
[THYMELEAF]             * [* {th:xmlspace,data-th-xmlspace}] [1000]: org.thymeleaf.standard.processor.StandardXmlSpaceTagProcessor
[THYMELEAF]             * [* {th:classappend,data-th-classappend}] [1100]: org.thymeleaf.standard.processor.StandardClassappendTagProcessor
[THYMELEAF]             * [* {th:styleappend,data-th-styleappend}] [1100]: org.thymeleaf.standard.processor.StandardStyleappendTagProcessor
[THYMELEAF]             * [* {th:text,data-th-text}] [1300]: org.thymeleaf.standard.processor.StandardTextTagProcessor
[THYMELEAF]             * [* {th:utext,data-th-utext}] [1400]: org.thymeleaf.standard.processor.StandardUtextTagProcessor
[THYMELEAF]             * [* {th:fragment,data-th-fragment}] [1500]: org.thymeleaf.standard.processor.StandardFragmentTagProcessor
[THYMELEAF]             * [* {th:assert,data-th-assert}] [1550]: org.thymeleaf.standard.processor.StandardAssertTagProcessor
[THYMELEAF]             * [* {th:remove,data-th-remove}] [1600]: org.thymeleaf.standard.processor.StandardRemoveTagProcessor
[THYMELEAF]             * [* {th:ref,data-th-ref}] [10000]: org.thymeleaf.standard.processor.StandardRefAttributeTagProcessor
[THYMELEAF]             * [{th:block,th-block} *] [100000]: org.thymeleaf.standard.processor.StandardBlockTagProcessor
[THYMELEAF]             * [* th:*] [2147483647]: org.thymeleaf.standard.processor.StandardDefaultAttributesTagProcessor
[THYMELEAF]         * Text Processors by [precedence]:
[THYMELEAF]             * [1000]: org.thymeleaf.standard.processor.StandardInliningTextProcessor
[THYMELEAF]         * DOCTYPE Processors by [precedence]:
[THYMELEAF]             * [1000]: org.thymeleaf.standard.processor.StandardTranslationDocTypeProcessor
[THYMELEAF]         * CDATA Section Processors by [precedence]:
[THYMELEAF]             * [1000]: org.thymeleaf.standard.processor.StandardInliningCDATASectionProcessor
[THYMELEAF]         * Comment Processors by [precedence]:
[THYMELEAF]             * [1000]: org.thymeleaf.standard.processor.StandardInliningCommentProcessor
[THYMELEAF]             * [1100]: org.thymeleaf.standard.processor.StandardConditionalCommentProcessor
[THYMELEAF]     * Processors for Template Mode: XML
[THYMELEAF]         * Element Tag Processors by [matching element and attribute name] [precedence]:
[THYMELEAF]             * [* {th:include}] [100]: org.thymeleaf.standard.processor.StandardIncludeTagProcessor
[THYMELEAF]             * [* {th:insert}] [100]: org.thymeleaf.standard.processor.StandardInsertTagProcessor
[THYMELEAF]             * [* {th:replace}] [100]: org.thymeleaf.standard.processor.StandardReplaceTagProcessor
[THYMELEAF]             * [* {th:each}] [200]: com.intuit.karate.template.KarateEachTagProcessor
[THYMELEAF]             * [* {th:switch}] [250]: org.thymeleaf.standard.processor.StandardSwitchTagProcessor
[THYMELEAF]             * [* {th:case}] [275]: org.thymeleaf.standard.processor.StandardCaseTagProcessor
[THYMELEAF]             * [* {th:if}] [300]: org.thymeleaf.standard.processor.StandardIfTagProcessor
[THYMELEAF]             * [* {th:unless}] [400]: org.thymeleaf.standard.processor.StandardUnlessTagProcessor
[THYMELEAF]             * [* {th:object}] [500]: org.thymeleaf.standard.processor.StandardObjectTagProcessor
[THYMELEAF]             * [* {th:with}] [600]: com.intuit.karate.template.KarateWithTagProcessor
[THYMELEAF]             * [* {th:attr}] [700]: com.intuit.karate.template.KarateAttributeTagProcessor.KarateAttrTagProcessor
[THYMELEAF]             * [* {th:attrappend}] [900]: com.intuit.karate.template.KarateAttributeTagProcessor.KarateAttrappendTagProcessor
[THYMELEAF]             * [* {th:attrprepend}] [900]: com.intuit.karate.template.KarateAttributeTagProcessor.KarateAttrprependTagProcessor
[THYMELEAF]             * [* {th:inline}] [1000]: org.thymeleaf.standard.processor.StandardInlineXMLTagProcessor
[THYMELEAF]             * [* {xmlns:th}] [1000]: org.thymeleaf.standard.processor.StandardXmlNsTagProcessor
[THYMELEAF]             * [* {th:text}] [1300]: org.thymeleaf.standard.processor.StandardTextTagProcessor
[THYMELEAF]             * [* {th:utext}] [1400]: org.thymeleaf.standard.processor.StandardUtextTagProcessor
[THYMELEAF]             * [* {th:fragment}] [1500]: org.thymeleaf.standard.processor.StandardFragmentTagProcessor
[THYMELEAF]             * [* {th:assert}] [1550]: org.thymeleaf.standard.processor.StandardAssertTagProcessor
[THYMELEAF]             * [* {th:remove}] [1600]: org.thymeleaf.standard.processor.StandardRemoveTagProcessor
[THYMELEAF]             * [* {th:ref}] [10000]: org.thymeleaf.standard.processor.StandardRefAttributeTagProcessor
[THYMELEAF]             * [{th:block} *] [100000]: org.thymeleaf.standard.processor.StandardBlockTagProcessor
[THYMELEAF]             * [* th:*] [2147483647]: org.thymeleaf.standard.processor.StandardDefaultAttributesTagProcessor
[THYMELEAF]         * Text Processors by [precedence]:
[THYMELEAF]             * [1000]: org.thymeleaf.standard.processor.StandardInliningTextProcessor
[THYMELEAF]         * CDATA Section Processors by [precedence]:
[THYMELEAF]             * [1000]: org.thymeleaf.standard.processor.StandardInliningCDATASectionProcessor
[THYMELEAF]         * Comment Processors by [precedence]:
[THYMELEAF]             * [1000]: org.thymeleaf.standard.processor.StandardInliningCommentProcessor
[THYMELEAF]     * Processors for Template Mode: TEXT
[THYMELEAF]         * Element Tag Processors by [matching element and attribute name] [precedence]:
[THYMELEAF]             * [* {th:insert}] [100]: org.thymeleaf.standard.processor.StandardInsertTagProcessor
[THYMELEAF]             * [* {th:replace}] [100]: org.thymeleaf.standard.processor.StandardReplaceTagProcessor
[THYMELEAF]             * [* {th:each}] [200]: com.intuit.karate.template.KarateEachTagProcessor
[THYMELEAF]             * [* {th:switch}] [250]: org.thymeleaf.standard.processor.StandardSwitchTagProcessor
[THYMELEAF]             * [* {th:case}] [275]: org.thymeleaf.standard.processor.StandardCaseTagProcessor
[THYMELEAF]             * [* {th:if}] [300]: org.thymeleaf.standard.processor.StandardIfTagProcessor
[THYMELEAF]             * [* {th:unless}] [400]: org.thymeleaf.standard.processor.StandardUnlessTagProcessor
[THYMELEAF]             * [* {th:object}] [500]: org.thymeleaf.standard.processor.StandardObjectTagProcessor
[THYMELEAF]             * [* {th:with}] [600]: com.intuit.karate.template.KarateWithTagProcessor
[THYMELEAF]             * [* {th:inline}] [1000]: org.thymeleaf.standard.processor.StandardInlineTextualTagProcessor
[THYMELEAF]             * [* {th:text}] [1300]: org.thymeleaf.standard.processor.StandardTextTagProcessor
[THYMELEAF]             * [* {th:utext}] [1400]: org.thymeleaf.standard.processor.StandardUtextTagProcessor
[THYMELEAF]             * [* {th:assert}] [1550]: org.thymeleaf.standard.processor.StandardAssertTagProcessor
[THYMELEAF]             * [* {th:remove}] [1600]: org.thymeleaf.standard.processor.StandardRemoveTagProcessor
[THYMELEAF]             * [{th:block} *] [100000]: org.thymeleaf.standard.processor.StandardBlockTagProcessor
[THYMELEAF]             * [* 100000] [org.thymeleaf.standard.processor.StandardBlockTagProcessor]: {}
[THYMELEAF]         * Text Processors by [precedence]:
[THYMELEAF]             * [1000]: org.thymeleaf.standard.processor.StandardInliningTextProcessor
[THYMELEAF]     * Processors for Template Mode: JAVASCRIPT
[THYMELEAF]         * Element Tag Processors by [matching element and attribute name] [precedence]:
[THYMELEAF]             * [* {th:insert}] [100]: org.thymeleaf.standard.processor.StandardInsertTagProcessor
[THYMELEAF]             * [* {th:replace}] [100]: org.thymeleaf.standard.processor.StandardReplaceTagProcessor
[THYMELEAF]             * [* {th:each}] [200]: com.intuit.karate.template.KarateEachTagProcessor
[THYMELEAF]             * [* {th:switch}] [250]: org.thymeleaf.standard.processor.StandardSwitchTagProcessor
[THYMELEAF]             * [* {th:case}] [275]: org.thymeleaf.standard.processor.StandardCaseTagProcessor
[THYMELEAF]             * [* {th:if}] [300]: org.thymeleaf.standard.processor.StandardIfTagProcessor
[THYMELEAF]             * [* {th:unless}] [400]: org.thymeleaf.standard.processor.StandardUnlessTagProcessor
[THYMELEAF]             * [* {th:object}] [500]: org.thymeleaf.standard.processor.StandardObjectTagProcessor
[THYMELEAF]             * [* {th:with}] [600]: com.intuit.karate.template.KarateWithTagProcessor
[THYMELEAF]             * [* {th:inline}] [1000]: org.thymeleaf.standard.processor.StandardInlineTextualTagProcessor
[THYMELEAF]             * [* {th:text}] [1300]: org.thymeleaf.standard.processor.StandardTextTagProcessor
[THYMELEAF]             * [* {th:utext}] [1400]: org.thymeleaf.standard.processor.StandardUtextTagProcessor
[THYMELEAF]             * [* {th:assert}] [1550]: org.thymeleaf.standard.processor.StandardAssertTagProcessor
[THYMELEAF]             * [* {th:remove}] [1600]: org.thymeleaf.standard.processor.StandardRemoveTagProcessor
[THYMELEAF]             * [{th:block} *] [100000]: org.thymeleaf.standard.processor.StandardBlockTagProcessor
[THYMELEAF]             * [* 100000] [org.thymeleaf.standard.processor.StandardBlockTagProcessor]: {}
[THYMELEAF]         * Text Processors by [precedence]:
[THYMELEAF]             * [1000]: org.thymeleaf.standard.processor.StandardInliningTextProcessor
[THYMELEAF]     * Processors for Template Mode: CSS
[THYMELEAF]         * Element Tag Processors by [matching element and attribute name] [precedence]:
[THYMELEAF]             * [* {th:insert}] [100]: org.thymeleaf.standard.processor.StandardInsertTagProcessor
[THYMELEAF]             * [* {th:replace}] [100]: org.thymeleaf.standard.processor.StandardReplaceTagProcessor
[THYMELEAF]             * [* {th:each}] [200]: com.intuit.karate.template.KarateEachTagProcessor
[THYMELEAF]             * [* {th:switch}] [250]: org.thymeleaf.standard.processor.StandardSwitchTagProcessor
[THYMELEAF]             * [* {th:case}] [275]: org.thymeleaf.standard.processor.StandardCaseTagProcessor
[THYMELEAF]             * [* {th:if}] [300]: org.thymeleaf.standard.processor.StandardIfTagProcessor
[THYMELEAF]             * [* {th:unless}] [400]: org.thymeleaf.standard.processor.StandardUnlessTagProcessor
[THYMELEAF]             * [* {th:object}] [500]: org.thymeleaf.standard.processor.StandardObjectTagProcessor
[THYMELEAF]             * [* {th:with}] [600]: com.intuit.karate.template.KarateWithTagProcessor
[THYMELEAF]             * [* {th:inline}] [1000]: org.thymeleaf.standard.processor.StandardInlineTextualTagProcessor
[THYMELEAF]             * [* {th:text}] [1300]: org.thymeleaf.standard.processor.StandardTextTagProcessor
[THYMELEAF]             * [* {th:utext}] [1400]: org.thymeleaf.standard.processor.StandardUtextTagProcessor
[THYMELEAF]             * [* {th:assert}] [1550]: org.thymeleaf.standard.processor.StandardAssertTagProcessor
[THYMELEAF]             * [* {th:remove}] [1600]: org.thymeleaf.standard.processor.StandardRemoveTagProcessor
[THYMELEAF]             * [* 100000] [org.thymeleaf.standard.processor.StandardBlockTagProcessor]: {}
[THYMELEAF]             * [{th:block} *] [100000]: org.thymeleaf.standard.processor.StandardBlockTagProcessor
[THYMELEAF]         * Text Processors by [precedence]:
[THYMELEAF]             * [1000]: org.thymeleaf.standard.processor.StandardInliningTextProcessor
[THYMELEAF]     * Expression Objects:
[THYMELEAF]         * #ctx
[THYMELEAF]         * #root
[THYMELEAF]         * #vars
[THYMELEAF]         * #object
[THYMELEAF]         * #locale
[THYMELEAF]         * #conversions
[THYMELEAF]         * #uris
[THYMELEAF]         * #temporals
[THYMELEAF]         * #calendars
[THYMELEAF]         * #dates
[THYMELEAF]         * #bools
[THYMELEAF]         * #numbers
[THYMELEAF]         * #objects
[THYMELEAF]         * #strings
[THYMELEAF]         * #arrays
[THYMELEAF]         * #lists
[THYMELEAF]         * #sets
[THYMELEAF]         * #maps
[THYMELEAF]         * #aggregates
[THYMELEAF]         * #messages
[THYMELEAF]         * #ids
[THYMELEAF]         * #execInfo
[THYMELEAF]         * #request
[THYMELEAF]         * #response
[THYMELEAF]         * #session
[THYMELEAF]         * #servletContext
[THYMELEAF]     * Execution Attributes:
[THYMELEAF]         * "StandardExpressionParser": com.intuit.karate.template.KarateStandardDialect@4e4af370
[THYMELEAF]         * "StandardJavaScriptSerializer": org.thymeleaf.standard.serializer.StandardJavaScriptSerializer@279ab15e
[THYMELEAF]         * "StandardCSSSerializer": org.thymeleaf.standard.serializer.StandardCSSSerializer@571c2ed8
[THYMELEAF]         * "StandardVariableExpressionEvaluator": com.intuit.karate.template.KarateStandardDialect@4e4af370
[THYMELEAF]         * "StandardConversionService": org.thymeleaf.standard.expression.StandardConversionService@5810772a
[THYMELEAF] * Dialect [2 of 2]: karate (com.intuit.karate.template.KarateScriptDialect)
[THYMELEAF]     * Prefix: "ka"
[THYMELEAF]     * Processors for Template Mode: HTML
[THYMELEAF]         * Element Tag Processors by [matching element and attribute name] [precedence]:
[THYMELEAF]             * [* {src}] [1000]: com.intuit.karate.template.KaScriptAttrProcessor
[THYMELEAF]         * Element Model Processors by [matching element and attribute name] [precedence]:
[THYMELEAF]             * [{script} {ka:scope,data-ka-scope}] [1000]: com.intuit.karate.template.KaScriptElemProcessor
[THYMELEAF]             * [* {ka:set,data-ka-set}] [1000]: com.intuit.karate.template.KaSetElemProcessor
[THYMELEAF] TEMPLATE ENGINE CONFIGURED OK
23:32:32.916 [main] DEBUG org.thymeleaf.TemplateEngine -- [THYMELEAF] TEMPLATE ENGINE INITIALIZED

HTML report: (paste into browser to view) | Karate version: 1.4.1
file:///E:/f_code/TesterProMax/target/karate-reports/karate-summary.html
===================================================================

]]></system-out>
    <system-err><![CDATA[ERROR StatusLogger Log4j2 could not find a logging implementation. Please add log4j-core to the classpath. Using SimpleLogger to log to the console...
]]></system-err>
  </testcase>
</testsuite>