<?xml version="1.0" encoding="UTF-8"?>
<testsuite xmlns:xsi="http://www.w3.org/2001/XMLSchema-instance" xsi:noNamespaceSchemaLocation="https://maven.apache.org/surefire/maven-surefire-plugin/xsd/surefire-test-report-3.0.xsd" version="3.0" name="runners.performance.Concurrent50ThreadsRunner" time="19.267" tests="1" errors="0" skipped="0" failures="0">
  <properties>
    <property name="java.specification.version" value="17"/>
    <property name="sun.cpu.isalist" value="amd64"/>
    <property name="sun.jnu.encoding" value="Cp1252"/>
    <property name="java.class.path" value="C:\Users\monst\karate-tests\target\test-classes;C:\Users\monst\karate-tests\target\classes;C:\Users\monst\.m2\repository\com\intuit\karate\karate-junit5\1.4.1\karate-junit5-1.4.1.jar;C:\Users\monst\.m2\repository\com\intuit\karate\karate-core\1.4.1\karate-core-1.4.1.jar;C:\Users\monst\.m2\repository\org\graalvm\js\js-scriptengine\22.3.3\js-scriptengine-22.3.3.jar;C:\Users\monst\.m2\repository\org\graalvm\sdk\graal-sdk\22.3.3\graal-sdk-22.3.3.jar;C:\Users\monst\.m2\repository\org\graalvm\js\js\22.3.3\js-22.3.3.jar;C:\Users\monst\.m2\repository\org\graalvm\regex\regex\22.3.3\regex-22.3.3.jar;C:\Users\monst\.m2\repository\org\graalvm\truffle\truffle-api\22.3.3\truffle-api-22.3.3.jar;C:\Users\monst\.m2\repository\com\ibm\icu\icu4j\71.1\icu4j-71.1.jar;C:\Users\monst\.m2\repository\org\thymeleaf\thymeleaf\3.1.2.RELEASE\thymeleaf-3.1.2.RELEASE.jar;C:\Users\monst\.m2\repository\ognl\ognl\3.3.4\ognl-3.3.4.jar;C:\Users\monst\.m2\repository\org\javassist\javassist\3.29.0-GA\javassist-3.29.0-GA.jar;C:\Users\monst\.m2\repository\org\attoparser\attoparser\2.0.7.RELEASE\attoparser-2.0.7.RELEASE.jar;C:\Users\monst\.m2\repository\org\unbescape\unbescape\1.1.6.RELEASE\unbescape-1.1.6.RELEASE.jar;C:\Users\monst\.m2\repository\org\slf4j\slf4j-api\2.0.7\slf4j-api-2.0.7.jar;C:\Users\monst\.m2\repository\com\linecorp\armeria\armeria\1.25.2\armeria-1.25.2.jar;C:\Users\monst\.m2\repository\com\fasterxml\jackson\core\jackson-core\2.15.2\jackson-core-2.15.2.jar;C:\Users\monst\.m2\repository\com\fasterxml\jackson\core\jackson-annotations\2.15.2\jackson-annotations-2.15.2.jar;C:\Users\monst\.m2\repository\com\fasterxml\jackson\core\jackson-databind\2.15.2\jackson-databind-2.15.2.jar;C:\Users\monst\.m2\repository\com\fasterxml\jackson\datatype\jackson-datatype-jdk8\2.15.2\jackson-datatype-jdk8-2.15.2.jar;C:\Users\monst\.m2\repository\com\fasterxml\jackson\datatype\jackson-datatype-jsr310\2.15.2\jackson-datatype-jsr310-2.15.2.jar;C:\Users\monst\.m2\repository\io\micrometer\micrometer-core\1.11.3\micrometer-core-1.11.3.jar;C:\Users\monst\.m2\repository\io\micrometer\micrometer-commons\1.11.3\micrometer-commons-1.11.3.jar;C:\Users\monst\.m2\repository\io\micrometer\micrometer-observation\1.11.3\micrometer-observation-1.11.3.jar;C:\Users\monst\.m2\repository\org\hdrhistogram\HdrHistogram\2.1.12\HdrHistogram-2.1.12.jar;C:\Users\monst\.m2\repository\org\latencyutils\LatencyUtils\2.0.3\LatencyUtils-2.0.3.jar;C:\Users\monst\.m2\repository\io\netty\netty-transport\4.1.96.Final\netty-transport-4.1.96.Final.jar;C:\Users\monst\.m2\repository\io\netty\netty-common\4.1.96.Final\netty-common-4.1.96.Final.jar;C:\Users\monst\.m2\repository\io\netty\netty-buffer\4.1.96.Final\netty-buffer-4.1.96.Final.jar;C:\Users\monst\.m2\repository\io\netty\netty-resolver\4.1.96.Final\netty-resolver-4.1.96.Final.jar;C:\Users\monst\.m2\repository\io\netty\netty-codec-haproxy\4.1.96.Final\netty-codec-haproxy-4.1.96.Final.jar;C:\Users\monst\.m2\repository\io\netty\netty-codec\4.1.96.Final\netty-codec-4.1.96.Final.jar;C:\Users\monst\.m2\repository\io\netty\netty-codec-http2\4.1.96.Final\netty-codec-http2-4.1.96.Final.jar;C:\Users\monst\.m2\repository\io\netty\netty-handler\4.1.96.Final\netty-handler-4.1.96.Final.jar;C:\Users\monst\.m2\repository\io\netty\netty-codec-http\4.1.96.Final\netty-codec-http-4.1.96.Final.jar;C:\Users\monst\.m2\repository\io\netty\netty-resolver-dns\4.1.96.Final\netty-resolver-dns-4.1.96.Final.jar;C:\Users\monst\.m2\repository\io\netty\netty-codec-dns\4.1.96.Final\netty-codec-dns-4.1.96.Final.jar;C:\Users\monst\.m2\repository\org\reactivestreams\reactive-streams\1.0.4\reactive-streams-1.0.4.jar;C:\Users\monst\.m2\repository\com\google\code\findbugs\jsr305\3.0.2\jsr305-3.0.2.jar;C:\Users\monst\.m2\repository\io\netty\netty-handler-proxy\4.1.96.Final\netty-handler-proxy-4.1.96.Final.jar;C:\Users\monst\.m2\repository\io\netty\netty-codec-socks\4.1.96.Final\netty-codec-socks-4.1.96.Final.jar;C:\Users\monst\.m2\repository\io\netty\netty-transport-native-unix-common\4.1.96.Final\netty-transport-native-unix-common-4.1.96.Final-linux-x86_64.jar;C:\Users\monst\.m2\repository\io\netty\netty-transport-native-epoll\4.1.96.Final\netty-transport-native-epoll-4.1.96.Final-linux-x86_64.jar;C:\Users\monst\.m2\repository\io\netty\netty-transport-native-unix-common\4.1.96.Final\netty-transport-native-unix-common-4.1.96.Final.jar;C:\Users\monst\.m2\repository\io\netty\netty-transport-classes-epoll\4.1.96.Final\netty-transport-classes-epoll-4.1.96.Final.jar;C:\Users\monst\.m2\repository\io\netty\netty-transport-native-unix-common\4.1.96.Final\netty-transport-native-unix-common-4.1.96.Final-linux-aarch_64.jar;C:\Users\monst\.m2\repository\io\netty\netty-transport-native-epoll\4.1.96.Final\netty-transport-native-epoll-4.1.96.Final-linux-aarch_64.jar;C:\Users\monst\.m2\repository\io\netty\netty-transport-native-unix-common\4.1.96.Final\netty-transport-native-unix-common-4.1.96.Final-osx-x86_64.jar;C:\Users\monst\.m2\repository\io\netty\netty-transport-native-kqueue\4.1.96.Final\netty-transport-native-kqueue-4.1.96.Final-osx-x86_64.jar;C:\Users\monst\.m2\repository\io\netty\netty-transport-classes-kqueue\4.1.96.Final\netty-transport-classes-kqueue-4.1.96.Final.jar;C:\Users\monst\.m2\repository\io\netty\netty-resolver-dns-native-macos\4.1.96.Final\netty-resolver-dns-native-macos-4.1.96.Final-osx-x86_64.jar;C:\Users\monst\.m2\repository\io\netty\netty-resolver-dns-classes-macos\4.1.96.Final\netty-resolver-dns-classes-macos-4.1.96.Final.jar;C:\Users\monst\.m2\repository\io\netty\netty-transport-native-unix-common\4.1.96.Final\netty-transport-native-unix-common-4.1.96.Final-osx-aarch_64.jar;C:\Users\monst\.m2\repository\io\netty\netty-transport-native-kqueue\4.1.96.Final\netty-transport-native-kqueue-4.1.96.Final-osx-aarch_64.jar;C:\Users\monst\.m2\repository\io\netty\netty-resolver-dns-native-macos\4.1.96.Final\netty-resolver-dns-native-macos-4.1.96.Final-osx-aarch_64.jar;C:\Users\monst\.m2\repository\io\netty\netty-tcnative-boringssl-static\2.0.61.Final\netty-tcnative-boringssl-static-2.0.61.Final-linux-x86_64.jar;C:\Users\monst\.m2\repository\io\netty\netty-tcnative-classes\2.0.61.Final\netty-tcnative-classes-2.0.61.Final.jar;C:\Users\monst\.m2\repository\io\netty\netty-tcnative-boringssl-static\2.0.61.Final\netty-tcnative-boringssl-static-2.0.61.Final-linux-aarch_64.jar;C:\Users\monst\.m2\repository\io\netty\netty-tcnative-boringssl-static\2.0.61.Final\netty-tcnative-boringssl-static-2.0.61.Final-osx-x86_64.jar;C:\Users\monst\.m2\repository\io\netty\netty-tcnative-boringssl-static\2.0.61.Final\netty-tcnative-boringssl-static-2.0.61.Final-osx-aarch_64.jar;C:\Users\monst\.m2\repository\io\netty\netty-tcnative-boringssl-static\2.0.61.Final\netty-tcnative-boringssl-static-2.0.61.Final-windows-x86_64.jar;C:\Users\monst\.m2\repository\com\aayushatharva\brotli4j\brotli4j\1.12.0\brotli4j-1.12.0.jar;C:\Users\monst\.m2\repository\com\aayushatharva\brotli4j\service\1.12.0\service-1.12.0.jar;C:\Users\monst\.m2\repository\com\aayushatharva\brotli4j\native-windows-x86_64\1.12.0\native-windows-x86_64-1.12.0.jar;C:\Users\monst\.m2\repository\org\apache\httpcomponents\httpclient\4.5.14\httpclient-4.5.14.jar;C:\Users\monst\.m2\repository\org\apache\httpcomponents\httpcore\4.4.16\httpcore-4.4.16.jar;C:\Users\monst\.m2\repository\ch\qos\logback\logback-classic\1.4.11\logback-classic-1.4.11.jar;C:\Users\monst\.m2\repository\ch\qos\logback\logback-core\1.4.11\logback-core-1.4.11.jar;C:\Users\monst\.m2\repository\org\slf4j\jcl-over-slf4j\2.0.9\jcl-over-slf4j-2.0.9.jar;C:\Users\monst\.m2\repository\org\antlr\antlr4-runtime\4.11.1\antlr4-runtime-4.11.1.jar;C:\Users\monst\.m2\repository\com\jayway\jsonpath\json-path\2.8.0\json-path-2.8.0.jar;C:\Users\monst\.m2\repository\net\minidev\json-smart\2.4.10\json-smart-2.4.10.jar;C:\Users\monst\.m2\repository\net\minidev\accessors-smart\2.4.9\accessors-smart-2.4.9.jar;C:\Users\monst\.m2\repository\org\ow2\asm\asm\9.3\asm-9.3.jar;C:\Users\monst\.m2\repository\org\yaml\snakeyaml\2.0\snakeyaml-2.0.jar;C:\Users\monst\.m2\repository\de\siegmar\fastcsv\2.2.1\fastcsv-2.2.1.jar;C:\Users\monst\.m2\repository\info\picocli\picocli\4.7.1\picocli-4.7.1.jar;C:\Users\monst\.m2\repository\io\github\classgraph\classgraph\4.8.160\classgraph-4.8.160.jar;C:\Users\monst\.m2\repository\io\github\t12y\resemble\1.0.2\resemble-1.0.2.jar;C:\Users\monst\.m2\repository\io\github\t12y\ssim\1.0.0\ssim-1.0.0.jar;C:\Users\monst\.m2\repository\org\junit\jupiter\junit-jupiter-api\5.9.3\junit-jupiter-api-5.9.3.jar;C:\Users\monst\.m2\repository\org\opentest4j\opentest4j\1.2.0\opentest4j-1.2.0.jar;C:\Users\monst\.m2\repository\org\junit\platform\junit-platform-commons\1.9.3\junit-platform-commons-1.9.3.jar;C:\Users\monst\.m2\repository\org\apiguardian\apiguardian-api\1.1.2\apiguardian-api-1.1.2.jar;C:\Users\monst\.m2\repository\org\junit\jupiter\junit-jupiter-engine\5.9.3\junit-jupiter-engine-5.9.3.jar;C:\Users\monst\.m2\repository\org\junit\platform\junit-platform-engine\1.9.3\junit-platform-engine-1.9.3.jar;C:\Users\monst\.m2\repository\org\apache\poi\poi\5.2.4\poi-5.2.4.jar;C:\Users\monst\.m2\repository\commons-codec\commons-codec\1.16.0\commons-codec-1.16.0.jar;C:\Users\monst\.m2\repository\org\apache\commons\commons-collections4\4.4\commons-collections4-4.4.jar;C:\Users\monst\.m2\repository\org\apache\commons\commons-math3\3.6.1\commons-math3-3.6.1.jar;C:\Users\monst\.m2\repository\commons-io\commons-io\2.13.0\commons-io-2.13.0.jar;C:\Users\monst\.m2\repository\com\zaxxer\SparseBitSet\1.3\SparseBitSet-1.3.jar;C:\Users\monst\.m2\repository\org\apache\logging\log4j\log4j-api\2.20.0\log4j-api-2.20.0.jar;C:\Users\monst\.m2\repository\org\apache\poi\poi-ooxml\5.2.4\poi-ooxml-5.2.4.jar;C:\Users\monst\.m2\repository\org\apache\poi\poi-ooxml-lite\5.2.4\poi-ooxml-lite-5.2.4.jar;C:\Users\monst\.m2\repository\org\apache\xmlbeans\xmlbeans\5.1.1\xmlbeans-5.1.1.jar;C:\Users\monst\.m2\repository\org\apache\commons\commons-compress\1.24.0\commons-compress-1.24.0.jar;C:\Users\monst\.m2\repository\com\github\virtuald\curvesapi\1.08\curvesapi-1.08.jar;"/>
    <property name="java.vm.vendor" value="Oracle Corporation"/>
    <property name="sun.arch.data.model" value="64"/>
    <property name="user.variant" value=""/>
    <property name="java.vendor.url" value="https://java.oracle.com/"/>
    <property name="user.timezone" value="Asia/Saigon"/>
    <property name="os.name" value="Windows 11"/>
    <property name="java.vm.specification.version" value="17"/>
    <property name="sun.java.launcher" value="SUN_STANDARD"/>
    <property name="user.country" value="US"/>
    <property name="sun.boot.library.path" value="C:\Program Files\Java\jdk-17\bin"/>
    <property name="sun.java.command" value="C:\Users\monst\AppData\Local\Temp\surefire10964941452365224964\surefirebooter-20250624163157118_3.jar C:\Users\monst\AppData\Local\Temp\surefire10964941452365224964 2025-06-24T16-31-56_672-jvmRun1 surefire-20250624163157118_1tmp surefire_0-20250624163157118_2tmp"/>
    <property name="jdk.debug" value="release"/>
    <property name="test" value="Concurrent50ThreadsRunner"/>
    <property name="surefire.test.class.path" value="C:\Users\monst\karate-tests\target\test-classes;C:\Users\monst\karate-tests\target\classes;C:\Users\monst\.m2\repository\com\intuit\karate\karate-junit5\1.4.1\karate-junit5-1.4.1.jar;C:\Users\monst\.m2\repository\com\intuit\karate\karate-core\1.4.1\karate-core-1.4.1.jar;C:\Users\monst\.m2\repository\org\graalvm\js\js-scriptengine\22.3.3\js-scriptengine-22.3.3.jar;C:\Users\monst\.m2\repository\org\graalvm\sdk\graal-sdk\22.3.3\graal-sdk-22.3.3.jar;C:\Users\monst\.m2\repository\org\graalvm\js\js\22.3.3\js-22.3.3.jar;C:\Users\monst\.m2\repository\org\graalvm\regex\regex\22.3.3\regex-22.3.3.jar;C:\Users\monst\.m2\repository\org\graalvm\truffle\truffle-api\22.3.3\truffle-api-22.3.3.jar;C:\Users\monst\.m2\repository\com\ibm\icu\icu4j\71.1\icu4j-71.1.jar;C:\Users\monst\.m2\repository\org\thymeleaf\thymeleaf\3.1.2.RELEASE\thymeleaf-3.1.2.RELEASE.jar;C:\Users\monst\.m2\repository\ognl\ognl\3.3.4\ognl-3.3.4.jar;C:\Users\monst\.m2\repository\org\javassist\javassist\3.29.0-GA\javassist-3.29.0-GA.jar;C:\Users\monst\.m2\repository\org\attoparser\attoparser\2.0.7.RELEASE\attoparser-2.0.7.RELEASE.jar;C:\Users\monst\.m2\repository\org\unbescape\unbescape\1.1.6.RELEASE\unbescape-1.1.6.RELEASE.jar;C:\Users\monst\.m2\repository\org\slf4j\slf4j-api\2.0.7\slf4j-api-2.0.7.jar;C:\Users\monst\.m2\repository\com\linecorp\armeria\armeria\1.25.2\armeria-1.25.2.jar;C:\Users\monst\.m2\repository\com\fasterxml\jackson\core\jackson-core\2.15.2\jackson-core-2.15.2.jar;C:\Users\monst\.m2\repository\com\fasterxml\jackson\core\jackson-annotations\2.15.2\jackson-annotations-2.15.2.jar;C:\Users\monst\.m2\repository\com\fasterxml\jackson\core\jackson-databind\2.15.2\jackson-databind-2.15.2.jar;C:\Users\monst\.m2\repository\com\fasterxml\jackson\datatype\jackson-datatype-jdk8\2.15.2\jackson-datatype-jdk8-2.15.2.jar;C:\Users\monst\.m2\repository\com\fasterxml\jackson\datatype\jackson-datatype-jsr310\2.15.2\jackson-datatype-jsr310-2.15.2.jar;C:\Users\monst\.m2\repository\io\micrometer\micrometer-core\1.11.3\micrometer-core-1.11.3.jar;C:\Users\monst\.m2\repository\io\micrometer\micrometer-commons\1.11.3\micrometer-commons-1.11.3.jar;C:\Users\monst\.m2\repository\io\micrometer\micrometer-observation\1.11.3\micrometer-observation-1.11.3.jar;C:\Users\monst\.m2\repository\org\hdrhistogram\HdrHistogram\2.1.12\HdrHistogram-2.1.12.jar;C:\Users\monst\.m2\repository\org\latencyutils\LatencyUtils\2.0.3\LatencyUtils-2.0.3.jar;C:\Users\monst\.m2\repository\io\netty\netty-transport\4.1.96.Final\netty-transport-4.1.96.Final.jar;C:\Users\monst\.m2\repository\io\netty\netty-common\4.1.96.Final\netty-common-4.1.96.Final.jar;C:\Users\monst\.m2\repository\io\netty\netty-buffer\4.1.96.Final\netty-buffer-4.1.96.Final.jar;C:\Users\monst\.m2\repository\io\netty\netty-resolver\4.1.96.Final\netty-resolver-4.1.96.Final.jar;C:\Users\monst\.m2\repository\io\netty\netty-codec-haproxy\4.1.96.Final\netty-codec-haproxy-4.1.96.Final.jar;C:\Users\monst\.m2\repository\io\netty\netty-codec\4.1.96.Final\netty-codec-4.1.96.Final.jar;C:\Users\monst\.m2\repository\io\netty\netty-codec-http2\4.1.96.Final\netty-codec-http2-4.1.96.Final.jar;C:\Users\monst\.m2\repository\io\netty\netty-handler\4.1.96.Final\netty-handler-4.1.96.Final.jar;C:\Users\monst\.m2\repository\io\netty\netty-codec-http\4.1.96.Final\netty-codec-http-4.1.96.Final.jar;C:\Users\monst\.m2\repository\io\netty\netty-resolver-dns\4.1.96.Final\netty-resolver-dns-4.1.96.Final.jar;C:\Users\monst\.m2\repository\io\netty\netty-codec-dns\4.1.96.Final\netty-codec-dns-4.1.96.Final.jar;C:\Users\monst\.m2\repository\org\reactivestreams\reactive-streams\1.0.4\reactive-streams-1.0.4.jar;C:\Users\monst\.m2\repository\com\google\code\findbugs\jsr305\3.0.2\jsr305-3.0.2.jar;C:\Users\monst\.m2\repository\io\netty\netty-handler-proxy\4.1.96.Final\netty-handler-proxy-4.1.96.Final.jar;C:\Users\monst\.m2\repository\io\netty\netty-codec-socks\4.1.96.Final\netty-codec-socks-4.1.96.Final.jar;C:\Users\monst\.m2\repository\io\netty\netty-transport-native-unix-common\4.1.96.Final\netty-transport-native-unix-common-4.1.96.Final-linux-x86_64.jar;C:\Users\monst\.m2\repository\io\netty\netty-transport-native-epoll\4.1.96.Final\netty-transport-native-epoll-4.1.96.Final-linux-x86_64.jar;C:\Users\monst\.m2\repository\io\netty\netty-transport-native-unix-common\4.1.96.Final\netty-transport-native-unix-common-4.1.96.Final.jar;C:\Users\monst\.m2\repository\io\netty\netty-transport-classes-epoll\4.1.96.Final\netty-transport-classes-epoll-4.1.96.Final.jar;C:\Users\monst\.m2\repository\io\netty\netty-transport-native-unix-common\4.1.96.Final\netty-transport-native-unix-common-4.1.96.Final-linux-aarch_64.jar;C:\Users\monst\.m2\repository\io\netty\netty-transport-native-epoll\4.1.96.Final\netty-transport-native-epoll-4.1.96.Final-linux-aarch_64.jar;C:\Users\monst\.m2\repository\io\netty\netty-transport-native-unix-common\4.1.96.Final\netty-transport-native-unix-common-4.1.96.Final-osx-x86_64.jar;C:\Users\monst\.m2\repository\io\netty\netty-transport-native-kqueue\4.1.96.Final\netty-transport-native-kqueue-4.1.96.Final-osx-x86_64.jar;C:\Users\monst\.m2\repository\io\netty\netty-transport-classes-kqueue\4.1.96.Final\netty-transport-classes-kqueue-4.1.96.Final.jar;C:\Users\monst\.m2\repository\io\netty\netty-resolver-dns-native-macos\4.1.96.Final\netty-resolver-dns-native-macos-4.1.96.Final-osx-x86_64.jar;C:\Users\monst\.m2\repository\io\netty\netty-resolver-dns-classes-macos\4.1.96.Final\netty-resolver-dns-classes-macos-4.1.96.Final.jar;C:\Users\monst\.m2\repository\io\netty\netty-transport-native-unix-common\4.1.96.Final\netty-transport-native-unix-common-4.1.96.Final-osx-aarch_64.jar;C:\Users\monst\.m2\repository\io\netty\netty-transport-native-kqueue\4.1.96.Final\netty-transport-native-kqueue-4.1.96.Final-osx-aarch_64.jar;C:\Users\monst\.m2\repository\io\netty\netty-resolver-dns-native-macos\4.1.96.Final\netty-resolver-dns-native-macos-4.1.96.Final-osx-aarch_64.jar;C:\Users\monst\.m2\repository\io\netty\netty-tcnative-boringssl-static\2.0.61.Final\netty-tcnative-boringssl-static-2.0.61.Final-linux-x86_64.jar;C:\Users\monst\.m2\repository\io\netty\netty-tcnative-classes\2.0.61.Final\netty-tcnative-classes-2.0.61.Final.jar;C:\Users\monst\.m2\repository\io\netty\netty-tcnative-boringssl-static\2.0.61.Final\netty-tcnative-boringssl-static-2.0.61.Final-linux-aarch_64.jar;C:\Users\monst\.m2\repository\io\netty\netty-tcnative-boringssl-static\2.0.61.Final\netty-tcnative-boringssl-static-2.0.61.Final-osx-x86_64.jar;C:\Users\monst\.m2\repository\io\netty\netty-tcnative-boringssl-static\2.0.61.Final\netty-tcnative-boringssl-static-2.0.61.Final-osx-aarch_64.jar;C:\Users\monst\.m2\repository\io\netty\netty-tcnative-boringssl-static\2.0.61.Final\netty-tcnative-boringssl-static-2.0.61.Final-windows-x86_64.jar;C:\Users\monst\.m2\repository\com\aayushatharva\brotli4j\brotli4j\1.12.0\brotli4j-1.12.0.jar;C:\Users\monst\.m2\repository\com\aayushatharva\brotli4j\service\1.12.0\service-1.12.0.jar;C:\Users\monst\.m2\repository\com\aayushatharva\brotli4j\native-windows-x86_64\1.12.0\native-windows-x86_64-1.12.0.jar;C:\Users\monst\.m2\repository\org\apache\httpcomponents\httpclient\4.5.14\httpclient-4.5.14.jar;C:\Users\monst\.m2\repository\org\apache\httpcomponents\httpcore\4.4.16\httpcore-4.4.16.jar;C:\Users\monst\.m2\repository\ch\qos\logback\logback-classic\1.4.11\logback-classic-1.4.11.jar;C:\Users\monst\.m2\repository\ch\qos\logback\logback-core\1.4.11\logback-core-1.4.11.jar;C:\Users\monst\.m2\repository\org\slf4j\jcl-over-slf4j\2.0.9\jcl-over-slf4j-2.0.9.jar;C:\Users\monst\.m2\repository\org\antlr\antlr4-runtime\4.11.1\antlr4-runtime-4.11.1.jar;C:\Users\monst\.m2\repository\com\jayway\jsonpath\json-path\2.8.0\json-path-2.8.0.jar;C:\Users\monst\.m2\repository\net\minidev\json-smart\2.4.10\json-smart-2.4.10.jar;C:\Users\monst\.m2\repository\net\minidev\accessors-smart\2.4.9\accessors-smart-2.4.9.jar;C:\Users\monst\.m2\repository\org\ow2\asm\asm\9.3\asm-9.3.jar;C:\Users\monst\.m2\repository\org\yaml\snakeyaml\2.0\snakeyaml-2.0.jar;C:\Users\monst\.m2\repository\de\siegmar\fastcsv\2.2.1\fastcsv-2.2.1.jar;C:\Users\monst\.m2\repository\info\picocli\picocli\4.7.1\picocli-4.7.1.jar;C:\Users\monst\.m2\repository\io\github\classgraph\classgraph\4.8.160\classgraph-4.8.160.jar;C:\Users\monst\.m2\repository\io\github\t12y\resemble\1.0.2\resemble-1.0.2.jar;C:\Users\monst\.m2\repository\io\github\t12y\ssim\1.0.0\ssim-1.0.0.jar;C:\Users\monst\.m2\repository\org\junit\jupiter\junit-jupiter-api\5.9.3\junit-jupiter-api-5.9.3.jar;C:\Users\monst\.m2\repository\org\opentest4j\opentest4j\1.2.0\opentest4j-1.2.0.jar;C:\Users\monst\.m2\repository\org\junit\platform\junit-platform-commons\1.9.3\junit-platform-commons-1.9.3.jar;C:\Users\monst\.m2\repository\org\apiguardian\apiguardian-api\1.1.2\apiguardian-api-1.1.2.jar;C:\Users\monst\.m2\repository\org\junit\jupiter\junit-jupiter-engine\5.9.3\junit-jupiter-engine-5.9.3.jar;C:\Users\monst\.m2\repository\org\junit\platform\junit-platform-engine\1.9.3\junit-platform-engine-1.9.3.jar;C:\Users\monst\.m2\repository\org\apache\poi\poi\5.2.4\poi-5.2.4.jar;C:\Users\monst\.m2\repository\commons-codec\commons-codec\1.16.0\commons-codec-1.16.0.jar;C:\Users\monst\.m2\repository\org\apache\commons\commons-collections4\4.4\commons-collections4-4.4.jar;C:\Users\monst\.m2\repository\org\apache\commons\commons-math3\3.6.1\commons-math3-3.6.1.jar;C:\Users\monst\.m2\repository\commons-io\commons-io\2.13.0\commons-io-2.13.0.jar;C:\Users\monst\.m2\repository\com\zaxxer\SparseBitSet\1.3\SparseBitSet-1.3.jar;C:\Users\monst\.m2\repository\org\apache\logging\log4j\log4j-api\2.20.0\log4j-api-2.20.0.jar;C:\Users\monst\.m2\repository\org\apache\poi\poi-ooxml\5.2.4\poi-ooxml-5.2.4.jar;C:\Users\monst\.m2\repository\org\apache\poi\poi-ooxml-lite\5.2.4\poi-ooxml-lite-5.2.4.jar;C:\Users\monst\.m2\repository\org\apache\xmlbeans\xmlbeans\5.1.1\xmlbeans-5.1.1.jar;C:\Users\monst\.m2\repository\org\apache\commons\commons-compress\1.24.0\commons-compress-1.24.0.jar;C:\Users\monst\.m2\repository\com\github\virtuald\curvesapi\1.08\curvesapi-1.08.jar;"/>
    <property name="sun.cpu.endian" value="little"/>
    <property name="user.home" value="C:\Users\monst"/>
    <property name="user.language" value="en"/>
    <property name="java.specification.vendor" value="Oracle Corporation"/>
    <property name="java.version.date" value="2023-10-17"/>
    <property name="java.home" value="C:\Program Files\Java\jdk-17"/>
    <property name="file.separator" value="\"/>
    <property name="basedir" value="C:\Users\monst\karate-tests"/>
    <property name="java.vm.compressedOopsMode" value="Zero based"/>
    <property name="line.separator" value="&#10;"/>
    <property name="java.vm.specification.vendor" value="Oracle Corporation"/>
    <property name="java.specification.name" value="Java Platform API Specification"/>
    <property name="surefire.real.class.path" value="C:\Users\monst\AppData\Local\Temp\surefire10964941452365224964\surefirebooter-20250624163157118_3.jar"/>
    <property name="user.script" value=""/>
    <property name="sun.management.compiler" value="HotSpot 64-Bit Tiered Compilers"/>
    <property name="java.runtime.version" value="17.0.9+11-LTS-201"/>
    <property name="user.name" value="monst"/>
    <property name="path.separator" value=";"/>
    <property name="os.version" value="10.0"/>
    <property name="java.runtime.name" value="Java(TM) SE Runtime Environment"/>
    <property name="file.encoding" value="Cp1252"/>
    <property name="java.vm.name" value="Java HotSpot(TM) 64-Bit Server VM"/>
    <property name="localRepository" value="C:\Users\monst\.m2\repository"/>
    <property name="java.vendor.url.bug" value="https://bugreport.java.com/bugreport/"/>
    <property name="java.io.tmpdir" value="C:\Users\monst\AppData\Local\Temp\"/>
    <property name="java.version" value="17.0.9"/>
    <property name="user.dir" value="C:\Users\monst\karate-tests"/>
    <property name="os.arch" value="amd64"/>
    <property name="java.vm.specification.name" value="Java Virtual Machine Specification"/>
    <property name="sun.os.patch.level" value=""/>
    <property name="native.encoding" value="Cp1252"/>
    <property name="java.library.path" value="C:\Program Files\Java\jdk-17\bin;C:\WINDOWS\Sun\Java\bin;C:\WINDOWS\system32;C:\WINDOWS;C:\Program Files\Eclipse Adoptium\jdk-17.0.12.7-hotspot\bin;C:\Program Files\Common Files\Oracle\Java\javapath;C:\Program Files (x86)\VMware\VMware Workstation\bin\;C:\Windows\system32;C:\Windows;C:\Windows\System32\Wbem;C:\Windows\System32\WindowsPowerShell\v1.0\;C:\Windows\System32\OpenSSH\;C:\Program Files (x86)\NVIDIA Corporation\PhysX\Common;C:\Program Files\NVIDIA Corporation\NVIDIA NvDLISR;C:\WINDOWS\system32;C:\WINDOWS;C:\WINDOWS\System32\Wbem;C:\WINDOWS\System32\WindowsPowerShell\v1.0\;C:\WINDOWS\System32\OpenSSH\;C:\Program Files\Azure Data Studio\bin;C:\Program Files (x86)\Microsoft SQL Server\160\Tools\Binn\;C:\Program Files\Microsoft SQL Server\160\Tools\Binn\;C:\Program Files\Microsoft SQL Server\Client SDK\ODBC\170\Tools\Binn\;C:\Program Files\Microsoft SQL Server\160\DTS\Binn\;C:\Program Files (x86)\Microsoft SQL Server\160\DTS\Binn\;C:\ProgramData\chocolatey\bin;C:\Program Files\Docker\Docker\resources\bin;C:\Program Files\nodejs\;C:\Program Files\MySQL\MySQL Server 8.0\bin;C:\Program Files\Git\cmd;C:\Program Files (x86)\Windows Kits\10\Windows Performance Toolkit\;C:\Program Files\dotnet\;C:\Program Files\Microsoft SQL Server\150\Tools\Binn\;C:\Program Files\Apache\apache-maven-3.9.9\bin;C:\Users\monst\AppData\Local\Android\Sdk\platform-tools;C:\Program Files\Cloudflare\Cloudflare WARP\;C:\Users\monst\AppData\Local\Programs\Python\Python313\Scripts\;C:\dev\flutter\bin;C:\Users\monst\.dotnet\tools;C:\Users\monst\AppData\Local\Programs\Microsoft VS Code\bin;C:\Users\monst\AppData\Local\Programs\Python\Python313\;C:\Users\monst\AppData\Local\Programs\cursor\resources\app\bin;C:\Users\monst\AppData\Roaming\npm;;."/>
    <property name="java.vm.info" value="mixed mode, sharing"/>
    <property name="java.vendor" value="Oracle Corporation"/>
    <property name="java.vm.version" value="17.0.9+11-LTS-201"/>
    <property name="sun.io.unicode.encoding" value="UnicodeLittle"/>
    <property name="java.class.version" value="61.0"/>
  </properties>
  <testcase name="testConcurrent50ThreadsPerformance" classname="runners.performance.Concurrent50ThreadsRunner" time="19.249">
    <system-out><![CDATA[🚀 Starting 50-Threads Performance Test - 50 requests with 50 threads...
16:31:58.424 [main] INFO com.intuit.karate.Suite -- backed up existing 'target\karate-reports' dir to: target\karate-reports_1750757518421
16:31:59.949 [pool-2-thread-3] DEBUG com.jayway.jsonpath.internal.path.CompiledPath -- Evaluating path: $
16:31:59.949 [pool-2-thread-29] DEBUG com.jayway.jsonpath.internal.path.CompiledPath -- Evaluating path: $
16:31:59.949 [pool-2-thread-44] DEBUG com.jayway.jsonpath.internal.path.CompiledPath -- Evaluating path: $
16:31:59.950 [pool-2-thread-11] DEBUG com.jayway.jsonpath.internal.path.CompiledPath -- Evaluating path: $
16:31:59.950 [pool-2-thread-35] DEBUG com.jayway.jsonpath.internal.path.CompiledPath -- Evaluating path: $
16:31:59.949 [pool-2-thread-26] DEBUG com.jayway.jsonpath.internal.path.CompiledPath -- Evaluating path: $
16:31:59.949 [pool-2-thread-6] DEBUG com.jayway.jsonpath.internal.path.CompiledPath -- Evaluating path: $
16:31:59.949 [pool-2-thread-16] DEBUG com.jayway.jsonpath.internal.path.CompiledPath -- Evaluating path: $
16:31:59.949 [pool-2-thread-49] DEBUG com.jayway.jsonpath.internal.path.CompiledPath -- Evaluating path: $
16:31:59.949 [pool-2-thread-43] DEBUG com.jayway.jsonpath.internal.path.CompiledPath -- Evaluating path: $
16:31:59.949 [pool-2-thread-36] DEBUG com.jayway.jsonpath.internal.path.CompiledPath -- Evaluating path: $
16:31:59.949 [pool-2-thread-39] DEBUG com.jayway.jsonpath.internal.path.CompiledPath -- Evaluating path: $
16:31:59.949 [pool-2-thread-40] DEBUG com.jayway.jsonpath.internal.path.CompiledPath -- Evaluating path: $
16:31:59.949 [pool-2-thread-1] DEBUG com.jayway.jsonpath.internal.path.CompiledPath -- Evaluating path: $
16:31:59.949 [pool-2-thread-31] DEBUG com.jayway.jsonpath.internal.path.CompiledPath -- Evaluating path: $
16:31:59.949 [pool-2-thread-34] DEBUG com.jayway.jsonpath.internal.path.CompiledPath -- Evaluating path: $
16:31:59.949 [pool-2-thread-47] DEBUG com.jayway.jsonpath.internal.path.CompiledPath -- Evaluating path: $
16:31:59.949 [pool-2-thread-2] DEBUG com.jayway.jsonpath.internal.path.CompiledPath -- Evaluating path: $
16:31:59.949 [pool-2-thread-45] DEBUG com.jayway.jsonpath.internal.path.CompiledPath -- Evaluating path: $
16:31:59.949 [pool-2-thread-4] DEBUG com.jayway.jsonpath.internal.path.CompiledPath -- Evaluating path: $
16:31:59.949 [pool-2-thread-22] DEBUG com.jayway.jsonpath.internal.path.CompiledPath -- Evaluating path: $
16:31:59.949 [pool-2-thread-46] DEBUG com.jayway.jsonpath.internal.path.CompiledPath -- Evaluating path: $
16:31:59.949 [pool-2-thread-7] DEBUG com.jayway.jsonpath.internal.path.CompiledPath -- Evaluating path: $
16:31:59.949 [pool-2-thread-17] DEBUG com.jayway.jsonpath.internal.path.CompiledPath -- Evaluating path: $
16:31:59.949 [pool-2-thread-37] DEBUG com.jayway.jsonpath.internal.path.CompiledPath -- Evaluating path: $
16:31:59.949 [pool-2-thread-27] DEBUG com.jayway.jsonpath.internal.path.CompiledPath -- Evaluating path: $
16:31:59.949 [pool-2-thread-18] DEBUG com.jayway.jsonpath.internal.path.CompiledPath -- Evaluating path: $
16:31:59.949 [pool-2-thread-19] DEBUG com.jayway.jsonpath.internal.path.CompiledPath -- Evaluating path: $
16:31:59.949 [pool-2-thread-50] DEBUG com.jayway.jsonpath.internal.path.CompiledPath -- Evaluating path: $
16:31:59.949 [pool-2-thread-48] DEBUG com.jayway.jsonpath.internal.path.CompiledPath -- Evaluating path: $
16:31:59.949 [pool-2-thread-33] DEBUG com.jayway.jsonpath.internal.path.CompiledPath -- Evaluating path: $
16:31:59.949 [pool-2-thread-21] DEBUG com.jayway.jsonpath.internal.path.CompiledPath -- Evaluating path: $
16:31:59.950 [pool-2-thread-8] DEBUG com.jayway.jsonpath.internal.path.CompiledPath -- Evaluating path: $
16:31:59.950 [pool-2-thread-13] DEBUG com.jayway.jsonpath.internal.path.CompiledPath -- Evaluating path: $
16:31:59.950 [pool-2-thread-25] DEBUG com.jayway.jsonpath.internal.path.CompiledPath -- Evaluating path: $
16:31:59.950 [pool-2-thread-32] DEBUG com.jayway.jsonpath.internal.path.CompiledPath -- Evaluating path: $
16:31:59.950 [pool-2-thread-15] DEBUG com.jayway.jsonpath.internal.path.CompiledPath -- Evaluating path: $
16:31:59.950 [pool-2-thread-14] DEBUG com.jayway.jsonpath.internal.path.CompiledPath -- Evaluating path: $
16:31:59.950 [pool-2-thread-20] DEBUG com.jayway.jsonpath.internal.path.CompiledPath -- Evaluating path: $
16:31:59.950 [pool-2-thread-30] DEBUG com.jayway.jsonpath.internal.path.CompiledPath -- Evaluating path: $
16:31:59.950 [pool-2-thread-10] DEBUG com.jayway.jsonpath.internal.path.CompiledPath -- Evaluating path: $
16:31:59.950 [pool-2-thread-23] DEBUG com.jayway.jsonpath.internal.path.CompiledPath -- Evaluating path: $
16:31:59.950 [pool-2-thread-41] DEBUG com.jayway.jsonpath.internal.path.CompiledPath -- Evaluating path: $
16:31:59.950 [pool-2-thread-24] DEBUG com.jayway.jsonpath.internal.path.CompiledPath -- Evaluating path: $
16:31:59.950 [pool-2-thread-42] DEBUG com.jayway.jsonpath.internal.path.CompiledPath -- Evaluating path: $
16:31:59.950 [pool-2-thread-38] DEBUG com.jayway.jsonpath.internal.path.CompiledPath -- Evaluating path: $
16:31:59.950 [pool-2-thread-28] DEBUG com.jayway.jsonpath.internal.path.CompiledPath -- Evaluating path: $
16:31:59.950 [pool-2-thread-12] DEBUG com.jayway.jsonpath.internal.path.CompiledPath -- Evaluating path: $
16:31:59.950 [pool-2-thread-9] DEBUG com.jayway.jsonpath.internal.path.CompiledPath -- Evaluating path: $
16:31:59.950 [pool-2-thread-5] DEBUG com.jayway.jsonpath.internal.path.CompiledPath -- Evaluating path: $
16:32:00.091 [pool-2-thread-45] INFO com.intuit.karate -- [print] *** 50-THREAD CONCURRENT API CALL for user: test28@example.com *** 
16:32:00.091 [pool-2-thread-32] INFO com.intuit.karate -- [print] *** 50-THREAD CONCURRENT API CALL for user: quang1@gmail.com *** 
16:32:00.091 [pool-2-thread-35] INFO com.intuit.karate -- [print] *** 50-THREAD CONCURRENT API CALL for user: test28@example.com *** 
16:32:00.091 [pool-2-thread-41] INFO com.intuit.karate -- [print] *** 50-THREAD CONCURRENT API CALL for user: nam@gmail.com *** 
16:32:00.091 [pool-2-thread-30] INFO com.intuit.karate -- [print] *** 50-THREAD CONCURRENT API CALL for user: testit2@gmail.com *** 
16:32:00.092 [pool-2-thread-19] INFO com.intuit.karate -- [print] *** 50-THREAD CONCURRENT API CALL for user: testit@gmail.com *** 
16:32:00.092 [pool-2-thread-39] INFO com.intuit.karate -- [print] *** 50-THREAD CONCURRENT API CALL for user: testit@gmail.com *** 
16:32:00.091 [pool-2-thread-22] INFO com.intuit.karate -- [print] *** 50-THREAD CONCURRENT API CALL for user: quang1@gmail.com *** 
16:32:00.093 [pool-2-thread-15] INFO com.intuit.karate -- [print] *** 50-THREAD CONCURRENT API CALL for user: test28@example.com *** 
16:32:00.093 [pool-2-thread-4] INFO com.intuit.karate -- [print] *** 50-THREAD CONCURRENT API CALL for user: test2@example.com *** 
16:32:00.091 [pool-2-thread-46] INFO com.intuit.karate -- [print] *** 50-THREAD CONCURRENT API CALL for user: testit4@gmail.com *** 
16:32:00.093 [pool-2-thread-7] INFO com.intuit.karate -- [print] *** 50-THREAD CONCURRENT API CALL for user: testit3@gmail.com *** 
16:32:00.093 [pool-2-thread-5] INFO com.intuit.karate -- [print] *** 50-THREAD CONCURRENT API CALL for user: test28@example.com *** 
16:32:00.093 [pool-2-thread-24] INFO com.intuit.karate -- [print] *** 50-THREAD CONCURRENT API CALL for user: test2@example.com *** 
16:32:00.094 [pool-2-thread-20] INFO com.intuit.karate -- [print] *** 50-THREAD CONCURRENT API CALL for user: testit2@gmail.com *** 
16:32:00.091 [pool-2-thread-44] INFO com.intuit.karate -- [print] *** 50-THREAD CONCURRENT API CALL for user: test2@example.com *** 
16:32:00.094 [pool-2-thread-11] INFO com.intuit.karate -- [print] *** 50-THREAD CONCURRENT API CALL for user: nam@gmail.com *** 
16:32:00.091 [pool-2-thread-40] INFO com.intuit.karate -- [print] *** 50-THREAD CONCURRENT API CALL for user: testit2@gmail.com *** 
16:32:00.091 [pool-2-thread-2] INFO com.intuit.karate -- [print] *** 50-THREAD CONCURRENT API CALL for user: quang1@gmail.com *** 
16:32:00.091 [pool-2-thread-25] INFO com.intuit.karate -- [print] *** 50-THREAD CONCURRENT API CALL for user: test28@example.com *** 
16:32:00.091 [pool-2-thread-42] INFO com.intuit.karate -- [print] *** 50-THREAD CONCURRENT API CALL for user: quang1@gmail.com *** 
16:32:00.091 [pool-2-thread-8] INFO com.intuit.karate -- [print] *** 50-THREAD CONCURRENT API CALL for user: testit5@gmail.com *** 
16:32:00.091 [pool-2-thread-38] INFO com.intuit.karate -- [print] *** 50-THREAD CONCURRENT API CALL for user: testit5@gmail.com *** 
16:32:00.091 [pool-2-thread-3] INFO com.intuit.karate -- [print] *** 50-THREAD CONCURRENT API CALL for user: test@example.com *** 
16:32:00.091 [pool-2-thread-16] INFO com.intuit.karate -- [print] *** 50-THREAD CONCURRENT API CALL for user: testit4@gmail.com *** 
16:32:00.091 [pool-2-thread-43] INFO com.intuit.karate -- [print] *** 50-THREAD CONCURRENT API CALL for user: test@example.com *** 
16:32:00.091 [pool-2-thread-1] INFO com.intuit.karate -- [print] *** 50-THREAD CONCURRENT API CALL for user: nam@gmail.com *** 
16:32:00.091 [pool-2-thread-18] INFO com.intuit.karate -- [print] *** 50-THREAD CONCURRENT API CALL for user: testit5@gmail.com *** 
16:32:00.091 [pool-2-thread-29] INFO com.intuit.karate -- [print] *** 50-THREAD CONCURRENT API CALL for user: testit@gmail.com *** 
16:32:00.091 [pool-2-thread-49] INFO com.intuit.karate -- [print] *** 50-THREAD CONCURRENT API CALL for user: testit@gmail.com *** 
16:32:00.091 [pool-2-thread-9] INFO com.intuit.karate -- [print] *** 50-THREAD CONCURRENT API CALL for user: testit@gmail.com *** 
16:32:00.091 [pool-2-thread-6] INFO com.intuit.karate -- [print] *** 50-THREAD CONCURRENT API CALL for user: testit4@gmail.com *** 
16:32:00.091 [pool-2-thread-23] INFO com.intuit.karate -- [print] *** 50-THREAD CONCURRENT API CALL for user: test@example.com *** 
16:32:00.092 [pool-2-thread-33] INFO com.intuit.karate -- [print] *** 50-THREAD CONCURRENT API CALL for user: test@example.com *** 
16:32:00.092 [pool-2-thread-17] INFO com.intuit.karate -- [print] *** 50-THREAD CONCURRENT API CALL for user: testit3@gmail.com *** 
16:32:00.092 [pool-2-thread-12] INFO com.intuit.karate -- [print] *** 50-THREAD CONCURRENT API CALL for user: quang1@gmail.com *** 
16:32:00.092 [pool-2-thread-48] INFO com.intuit.karate -- [print] *** 50-THREAD CONCURRENT API CALL for user: testit5@gmail.com *** 
16:32:00.093 [pool-2-thread-14] INFO com.intuit.karate -- [print] *** 50-THREAD CONCURRENT API CALL for user: test2@example.com *** 
16:32:00.093 [pool-2-thread-21] INFO com.intuit.karate -- [print] *** 50-THREAD CONCURRENT API CALL for user: nam@gmail.com *** 
16:32:00.093 [pool-2-thread-50] INFO com.intuit.karate -- [print] *** 50-THREAD CONCURRENT API CALL for user: testit2@gmail.com *** 
16:32:00.093 [pool-2-thread-27] INFO com.intuit.karate -- [print] *** 50-THREAD CONCURRENT API CALL for user: testit3@gmail.com *** 
16:32:00.093 [pool-2-thread-31] INFO com.intuit.karate -- [print] *** 50-THREAD CONCURRENT API CALL for user: nam@gmail.com *** 
16:32:00.093 [pool-2-thread-13] INFO com.intuit.karate -- [print] *** 50-THREAD CONCURRENT API CALL for user: test@example.com *** 
16:32:00.094 [pool-2-thread-37] INFO com.intuit.karate -- [print] *** 50-THREAD CONCURRENT API CALL for user: testit3@gmail.com *** 
16:32:00.094 [pool-2-thread-10] INFO com.intuit.karate -- [print] *** 50-THREAD CONCURRENT API CALL for user: testit2@gmail.com *** 
16:32:00.094 [pool-2-thread-36] INFO com.intuit.karate -- [print] *** 50-THREAD CONCURRENT API CALL for user: testit4@gmail.com *** 
16:32:00.094 [pool-2-thread-28] INFO com.intuit.karate -- [print] *** 50-THREAD CONCURRENT API CALL for user: testit5@gmail.com *** 
16:32:00.094 [pool-2-thread-47] INFO com.intuit.karate -- [print] *** 50-THREAD CONCURRENT API CALL for user: testit3@gmail.com *** 
16:32:00.094 [pool-2-thread-34] INFO com.intuit.karate -- [print] *** 50-THREAD CONCURRENT API CALL for user: test2@example.com *** 
16:32:00.094 [pool-2-thread-26] INFO com.intuit.karate -- [print] *** 50-THREAD CONCURRENT API CALL for user: testit4@gmail.com *** 
16:32:00.149 [pool-2-thread-7] DEBUG io.netty.util.internal.logging.InternalLoggerFactory -- Using SLF4J as the default logging framework
16:32:00.152 [pool-2-thread-7] DEBUG io.netty.util.internal.PlatformDependent0 -- -Dio.netty.noUnsafe: false
16:32:00.152 [pool-2-thread-7] DEBUG io.netty.util.internal.PlatformDependent0 -- Java version: 17
16:32:00.153 [pool-2-thread-7] DEBUG io.netty.util.internal.PlatformDependent0 -- sun.misc.Unsafe.theUnsafe: available
16:32:00.154 [pool-2-thread-7] DEBUG io.netty.util.internal.PlatformDependent0 -- sun.misc.Unsafe.copyMemory: available
16:32:00.154 [pool-2-thread-7] DEBUG io.netty.util.internal.PlatformDependent0 -- sun.misc.Unsafe.storeFence: available
16:32:00.154 [pool-2-thread-7] DEBUG io.netty.util.internal.PlatformDependent0 -- java.nio.Buffer.address: available
16:32:00.156 [pool-2-thread-7] DEBUG io.netty.util.internal.PlatformDependent0 -- direct buffer constructor: unavailable: Reflective setAccessible(true) disabled
16:32:00.157 [pool-2-thread-7] DEBUG io.netty.util.internal.PlatformDependent0 -- java.nio.Bits.unaligned: available, true
16:32:00.157 [pool-2-thread-7] DEBUG io.netty.util.internal.PlatformDependent0 -- jdk.internal.misc.Unsafe.allocateUninitializedArray(int): unavailable: class io.netty.util.internal.PlatformDependent0$7 cannot access class jdk.internal.misc.Unsafe (in module java.base) because module java.base does not export jdk.internal.misc to unnamed module @376b4233
16:32:00.158 [pool-2-thread-7] DEBUG io.netty.util.internal.PlatformDependent0 -- java.nio.DirectByteBuffer.<init>(long, {int,long}): unavailable
16:32:00.158 [pool-2-thread-7] DEBUG io.netty.util.internal.PlatformDependent -- sun.misc.Unsafe: available
16:32:00.159 [pool-2-thread-7] DEBUG io.netty.util.internal.PlatformDependent -- maxDirectMemory: 4123000832 bytes (maybe)
16:32:00.161 [pool-2-thread-7] DEBUG io.netty.util.internal.PlatformDependent -- -Dio.netty.tmpdir: C:\Users\monst\AppData\Local\Temp (java.io.tmpdir)
16:32:00.161 [pool-2-thread-7] DEBUG io.netty.util.internal.PlatformDependent -- -Dio.netty.bitMode: 64 (sun.arch.data.model)
16:32:00.161 [pool-2-thread-7] DEBUG io.netty.util.internal.PlatformDependent -- Platform: Windows
16:32:00.163 [pool-2-thread-7] DEBUG io.netty.util.internal.PlatformDependent -- -Dio.netty.maxDirectMemory: -1 bytes
16:32:00.163 [pool-2-thread-7] DEBUG io.netty.util.internal.PlatformDependent -- -Dio.netty.uninitializedArrayAllocationThreshold: -1
16:32:00.164 [pool-2-thread-7] DEBUG io.netty.util.internal.CleanerJava9 -- java.nio.ByteBuffer.cleaner(): available
16:32:00.164 [pool-2-thread-7] DEBUG io.netty.util.internal.PlatformDependent -- -Dio.netty.noPreferDirect: false
16:32:00.480 [pool-2-thread-25] DEBUG org.apache.http.client.protocol.RequestAddCookies -- CookieSpec selected: karate
16:32:00.480 [pool-2-thread-19] DEBUG org.apache.http.client.protocol.RequestAddCookies -- CookieSpec selected: karate
16:32:00.480 [pool-2-thread-44] DEBUG org.apache.http.client.protocol.RequestAddCookies -- CookieSpec selected: karate
16:32:00.480 [pool-2-thread-30] DEBUG org.apache.http.client.protocol.RequestAddCookies -- CookieSpec selected: karate
16:32:00.480 [pool-2-thread-31] DEBUG org.apache.http.client.protocol.RequestAddCookies -- CookieSpec selected: karate
16:32:00.480 [pool-2-thread-13] DEBUG org.apache.http.client.protocol.RequestAddCookies -- CookieSpec selected: karate
16:32:00.480 [pool-2-thread-41] DEBUG org.apache.http.client.protocol.RequestAddCookies -- CookieSpec selected: karate
16:32:00.480 [pool-2-thread-47] DEBUG org.apache.http.client.protocol.RequestAddCookies -- CookieSpec selected: karate
16:32:00.480 [pool-2-thread-32] DEBUG org.apache.http.client.protocol.RequestAddCookies -- CookieSpec selected: karate
16:32:00.480 [pool-2-thread-29] DEBUG org.apache.http.client.protocol.RequestAddCookies -- CookieSpec selected: karate
16:32:00.480 [pool-2-thread-10] DEBUG org.apache.http.client.protocol.RequestAddCookies -- CookieSpec selected: karate
16:32:00.480 [pool-2-thread-38] DEBUG org.apache.http.client.protocol.RequestAddCookies -- CookieSpec selected: karate
16:32:00.480 [pool-2-thread-7] DEBUG org.apache.http.client.protocol.RequestAddCookies -- CookieSpec selected: karate
16:32:00.480 [pool-2-thread-18] DEBUG org.apache.http.client.protocol.RequestAddCookies -- CookieSpec selected: karate
16:32:00.480 [pool-2-thread-37] DEBUG org.apache.http.client.protocol.RequestAddCookies -- CookieSpec selected: karate
16:32:00.480 [pool-2-thread-24] DEBUG org.apache.http.client.protocol.RequestAddCookies -- CookieSpec selected: karate
16:32:00.480 [pool-2-thread-28] DEBUG org.apache.http.client.protocol.RequestAddCookies -- CookieSpec selected: karate
16:32:00.480 [pool-2-thread-46] DEBUG org.apache.http.client.protocol.RequestAddCookies -- CookieSpec selected: karate
16:32:00.481 [pool-2-thread-21] DEBUG org.apache.http.client.protocol.RequestAddCookies -- CookieSpec selected: karate
16:32:00.481 [pool-2-thread-45] DEBUG org.apache.http.client.protocol.RequestAddCookies -- CookieSpec selected: karate
16:32:00.481 [pool-2-thread-14] DEBUG org.apache.http.client.protocol.RequestAddCookies -- CookieSpec selected: karate
16:32:00.481 [pool-2-thread-23] DEBUG org.apache.http.client.protocol.RequestAddCookies -- CookieSpec selected: karate
16:32:00.481 [pool-2-thread-48] DEBUG org.apache.http.client.protocol.RequestAddCookies -- CookieSpec selected: karate
16:32:00.481 [pool-2-thread-12] DEBUG org.apache.http.client.protocol.RequestAddCookies -- CookieSpec selected: karate
16:32:00.481 [pool-2-thread-11] DEBUG org.apache.http.client.protocol.RequestAddCookies -- CookieSpec selected: karate
16:32:00.481 [pool-2-thread-43] DEBUG org.apache.http.client.protocol.RequestAddCookies -- CookieSpec selected: karate
16:32:00.480 [pool-2-thread-2] DEBUG org.apache.http.client.protocol.RequestAddCookies -- CookieSpec selected: karate
16:32:00.481 [pool-2-thread-42] DEBUG org.apache.http.client.protocol.RequestAddCookies -- CookieSpec selected: karate
16:32:00.481 [pool-2-thread-8] DEBUG org.apache.http.client.protocol.RequestAddCookies -- CookieSpec selected: karate
16:32:00.481 [pool-2-thread-9] DEBUG org.apache.http.client.protocol.RequestAddCookies -- CookieSpec selected: karate
16:32:00.480 [pool-2-thread-4] DEBUG org.apache.http.client.protocol.RequestAddCookies -- CookieSpec selected: karate
16:32:00.480 [pool-2-thread-17] DEBUG org.apache.http.client.protocol.RequestAddCookies -- CookieSpec selected: karate
16:32:00.481 [pool-2-thread-40] DEBUG org.apache.http.client.protocol.RequestAddCookies -- CookieSpec selected: karate
16:32:00.481 [pool-2-thread-3] DEBUG org.apache.http.client.protocol.RequestAddCookies -- CookieSpec selected: karate
16:32:00.480 [pool-2-thread-36] DEBUG org.apache.http.client.protocol.RequestAddCookies -- CookieSpec selected: karate
16:32:00.480 [pool-2-thread-33] DEBUG org.apache.http.client.protocol.RequestAddCookies -- CookieSpec selected: karate
16:32:00.480 [pool-2-thread-50] DEBUG org.apache.http.client.protocol.RequestAddCookies -- CookieSpec selected: karate
16:32:00.480 [pool-2-thread-27] DEBUG org.apache.http.client.protocol.RequestAddCookies -- CookieSpec selected: karate
16:32:00.480 [pool-2-thread-26] DEBUG org.apache.http.client.protocol.RequestAddCookies -- CookieSpec selected: karate
16:32:00.480 [pool-2-thread-35] DEBUG org.apache.http.client.protocol.RequestAddCookies -- CookieSpec selected: karate
16:32:00.480 [pool-2-thread-49] DEBUG org.apache.http.client.protocol.RequestAddCookies -- CookieSpec selected: karate
16:32:00.480 [pool-2-thread-20] DEBUG org.apache.http.client.protocol.RequestAddCookies -- CookieSpec selected: karate
16:32:00.480 [pool-2-thread-6] DEBUG org.apache.http.client.protocol.RequestAddCookies -- CookieSpec selected: karate
16:32:00.481 [pool-2-thread-1] DEBUG org.apache.http.client.protocol.RequestAddCookies -- CookieSpec selected: karate
16:32:00.481 [pool-2-thread-39] DEBUG org.apache.http.client.protocol.RequestAddCookies -- CookieSpec selected: karate
16:32:00.481 [pool-2-thread-22] DEBUG org.apache.http.client.protocol.RequestAddCookies -- CookieSpec selected: karate
16:32:00.481 [pool-2-thread-16] DEBUG org.apache.http.client.protocol.RequestAddCookies -- CookieSpec selected: karate
16:32:00.481 [pool-2-thread-34] DEBUG org.apache.http.client.protocol.RequestAddCookies -- CookieSpec selected: karate
16:32:00.481 [pool-2-thread-5] DEBUG org.apache.http.client.protocol.RequestAddCookies -- CookieSpec selected: karate
16:32:00.481 [pool-2-thread-15] DEBUG org.apache.http.client.protocol.RequestAddCookies -- CookieSpec selected: karate
16:32:00.490 [pool-2-thread-39] DEBUG org.apache.http.client.protocol.RequestAuthCache -- Auth cache not set in the context
16:32:00.490 [pool-2-thread-24] DEBUG org.apache.http.client.protocol.RequestAuthCache -- Auth cache not set in the context
16:32:00.490 [pool-2-thread-1] DEBUG org.apache.http.client.protocol.RequestAuthCache -- Auth cache not set in the context
16:32:00.490 [pool-2-thread-19] DEBUG org.apache.http.client.protocol.RequestAuthCache -- Auth cache not set in the context
16:32:00.490 [pool-2-thread-30] DEBUG org.apache.http.client.protocol.RequestAuthCache -- Auth cache not set in the context
16:32:00.490 [pool-2-thread-45] DEBUG org.apache.http.client.protocol.RequestAuthCache -- Auth cache not set in the context
16:32:00.490 [pool-2-thread-9] DEBUG org.apache.http.client.protocol.RequestAuthCache -- Auth cache not set in the context
16:32:00.490 [pool-2-thread-47] DEBUG org.apache.http.client.protocol.RequestAuthCache -- Auth cache not set in the context
16:32:00.490 [pool-2-thread-4] DEBUG org.apache.http.client.protocol.RequestAuthCache -- Auth cache not set in the context
16:32:00.490 [pool-2-thread-16] DEBUG org.apache.http.client.protocol.RequestAuthCache -- Auth cache not set in the context
16:32:00.490 [pool-2-thread-7] DEBUG org.apache.http.client.protocol.RequestAuthCache -- Auth cache not set in the context
16:32:00.490 [pool-2-thread-42] DEBUG org.apache.http.client.protocol.RequestAuthCache -- Auth cache not set in the context
16:32:00.490 [pool-2-thread-35] DEBUG org.apache.http.client.protocol.RequestAuthCache -- Auth cache not set in the context
16:32:00.490 [pool-2-thread-2] DEBUG org.apache.http.client.protocol.RequestAuthCache -- Auth cache not set in the context
16:32:00.490 [pool-2-thread-6] DEBUG org.apache.http.client.protocol.RequestAuthCache -- Auth cache not set in the context
16:32:00.491 [pool-2-thread-14] DEBUG org.apache.http.client.protocol.RequestAuthCache -- Auth cache not set in the context
16:32:00.490 [pool-2-thread-40] DEBUG org.apache.http.client.protocol.RequestAuthCache -- Auth cache not set in the context
16:32:00.491 [pool-2-thread-34] DEBUG org.apache.http.client.protocol.RequestAuthCache -- Auth cache not set in the context
16:32:00.491 [pool-2-thread-48] DEBUG org.apache.http.client.protocol.RequestAuthCache -- Auth cache not set in the context
16:32:00.490 [pool-2-thread-27] DEBUG org.apache.http.client.protocol.RequestAuthCache -- Auth cache not set in the context
16:32:00.491 [pool-2-thread-10] DEBUG org.apache.http.client.protocol.RequestAuthCache -- Auth cache not set in the context
16:32:00.491 [pool-2-thread-49] DEBUG org.apache.http.client.protocol.RequestAuthCache -- Auth cache not set in the context
16:32:00.490 [pool-2-thread-50] DEBUG org.apache.http.client.protocol.RequestAuthCache -- Auth cache not set in the context
16:32:00.491 [pool-2-thread-20] DEBUG org.apache.http.client.protocol.RequestAuthCache -- Auth cache not set in the context
16:32:00.491 [pool-2-thread-18] DEBUG org.apache.http.client.protocol.RequestAuthCache -- Auth cache not set in the context
16:32:00.490 [pool-2-thread-32] DEBUG org.apache.http.client.protocol.RequestAuthCache -- Auth cache not set in the context
16:32:00.490 [pool-2-thread-43] DEBUG org.apache.http.client.protocol.RequestAuthCache -- Auth cache not set in the context
16:32:00.490 [pool-2-thread-25] DEBUG org.apache.http.client.protocol.RequestAuthCache -- Auth cache not set in the context
16:32:00.490 [pool-2-thread-8] DEBUG org.apache.http.client.protocol.RequestAuthCache -- Auth cache not set in the context
16:32:00.490 [pool-2-thread-26] DEBUG org.apache.http.client.protocol.RequestAuthCache -- Auth cache not set in the context
16:32:00.490 [pool-2-thread-22] DEBUG org.apache.http.client.protocol.RequestAuthCache -- Auth cache not set in the context
16:32:00.490 [pool-2-thread-41] DEBUG org.apache.http.client.protocol.RequestAuthCache -- Auth cache not set in the context
16:32:00.490 [pool-2-thread-11] DEBUG org.apache.http.client.protocol.RequestAuthCache -- Auth cache not set in the context
16:32:00.490 [pool-2-thread-38] DEBUG org.apache.http.client.protocol.RequestAuthCache -- Auth cache not set in the context
16:32:00.490 [pool-2-thread-36] DEBUG org.apache.http.client.protocol.RequestAuthCache -- Auth cache not set in the context
16:32:00.490 [pool-2-thread-46] DEBUG org.apache.http.client.protocol.RequestAuthCache -- Auth cache not set in the context
16:32:00.490 [pool-2-thread-33] DEBUG org.apache.http.client.protocol.RequestAuthCache -- Auth cache not set in the context
16:32:00.490 [pool-2-thread-12] DEBUG org.apache.http.client.protocol.RequestAuthCache -- Auth cache not set in the context
16:32:00.490 [pool-2-thread-5] DEBUG org.apache.http.client.protocol.RequestAuthCache -- Auth cache not set in the context
16:32:00.490 [pool-2-thread-17] DEBUG org.apache.http.client.protocol.RequestAuthCache -- Auth cache not set in the context
16:32:00.490 [pool-2-thread-21] DEBUG org.apache.http.client.protocol.RequestAuthCache -- Auth cache not set in the context
16:32:00.490 [pool-2-thread-29] DEBUG org.apache.http.client.protocol.RequestAuthCache -- Auth cache not set in the context
16:32:00.490 [pool-2-thread-3] DEBUG org.apache.http.client.protocol.RequestAuthCache -- Auth cache not set in the context
16:32:00.491 [pool-2-thread-37] DEBUG org.apache.http.client.protocol.RequestAuthCache -- Auth cache not set in the context
16:32:00.491 [pool-2-thread-23] DEBUG org.apache.http.client.protocol.RequestAuthCache -- Auth cache not set in the context
16:32:00.491 [pool-2-thread-15] DEBUG org.apache.http.client.protocol.RequestAuthCache -- Auth cache not set in the context
16:32:00.491 [pool-2-thread-13] DEBUG org.apache.http.client.protocol.RequestAuthCache -- Auth cache not set in the context
16:32:00.491 [pool-2-thread-28] DEBUG org.apache.http.client.protocol.RequestAuthCache -- Auth cache not set in the context
16:32:00.491 [pool-2-thread-31] DEBUG org.apache.http.client.protocol.RequestAuthCache -- Auth cache not set in the context
16:32:00.491 [pool-2-thread-44] DEBUG org.apache.http.client.protocol.RequestAuthCache -- Auth cache not set in the context
16:32:00.498 [pool-2-thread-23] DEBUG com.intuit.karate -- request:
1 > POST http://localhost:3000/auth/login
1 > Content-Type: application/json; charset=UTF-8
1 > Content-Length: 53
1 > Host: localhost:3000
1 > Connection: Keep-Alive
1 > User-Agent: Apache-HttpClient/4.5.14 (Java/17.0.9)
1 > Accept-Encoding: gzip,deflate
{"email":"test@example.com","password":"Password123"}

16:32:00.499 [pool-2-thread-15] DEBUG com.intuit.karate -- request:
1 > POST http://localhost:3000/auth/login
1 > Content-Type: application/json; charset=UTF-8
1 > Content-Length: 55
1 > Host: localhost:3000
1 > Connection: Keep-Alive
1 > User-Agent: Apache-HttpClient/4.5.14 (Java/17.0.9)
1 > Accept-Encoding: gzip,deflate
{"email":"test28@example.com","password":"Password123"}

16:32:00.498 [pool-2-thread-44] DEBUG com.intuit.karate -- request:
1 > POST http://localhost:3000/auth/login
1 > Content-Type: application/json; charset=UTF-8
1 > Content-Length: 54
1 > Host: localhost:3000
1 > Connection: Keep-Alive
1 > User-Agent: Apache-HttpClient/4.5.14 (Java/17.0.9)
1 > Accept-Encoding: gzip,deflate
{"email":"test2@example.com","password":"Password123"}

16:32:00.499 [pool-2-thread-35] DEBUG com.intuit.karate -- request:
1 > POST http://localhost:3000/auth/login
1 > Content-Type: application/json; charset=UTF-8
1 > Content-Length: 55
1 > Host: localhost:3000
1 > Connection: Keep-Alive
1 > User-Agent: Apache-HttpClient/4.5.14 (Java/17.0.9)
1 > Accept-Encoding: gzip,deflate
{"email":"test28@example.com","password":"Password123"}

16:32:00.499 [pool-2-thread-14] DEBUG com.intuit.karate -- request:
1 > POST http://localhost:3000/auth/login
1 > Content-Type: application/json; charset=UTF-8
1 > Content-Length: 54
1 > Host: localhost:3000
1 > Connection: Keep-Alive
1 > User-Agent: Apache-HttpClient/4.5.14 (Java/17.0.9)
1 > Accept-Encoding: gzip,deflate
{"email":"test2@example.com","password":"Password123"}

16:32:00.499 [pool-2-thread-34] DEBUG com.intuit.karate -- request:
1 > POST http://localhost:3000/auth/login
1 > Content-Type: application/json; charset=UTF-8
1 > Content-Length: 54
1 > Host: localhost:3000
1 > Connection: Keep-Alive
1 > User-Agent: Apache-HttpClient/4.5.14 (Java/17.0.9)
1 > Accept-Encoding: gzip,deflate
{"email":"test2@example.com","password":"Password123"}

16:32:00.499 [pool-2-thread-24] DEBUG com.intuit.karate -- request:
1 > POST http://localhost:3000/auth/login
1 > Content-Type: application/json; charset=UTF-8
1 > Content-Length: 54
1 > Host: localhost:3000
1 > Connection: Keep-Alive
1 > User-Agent: Apache-HttpClient/4.5.14 (Java/17.0.9)
1 > Accept-Encoding: gzip,deflate
{"email":"test2@example.com","password":"Password123"}

16:32:00.499 [pool-2-thread-3] DEBUG com.intuit.karate -- request:
1 > POST http://localhost:3000/auth/login
1 > Content-Type: application/json; charset=UTF-8
1 > Content-Length: 53
1 > Host: localhost:3000
1 > Connection: Keep-Alive
1 > User-Agent: Apache-HttpClient/4.5.14 (Java/17.0.9)
1 > Accept-Encoding: gzip,deflate
{"email":"test@example.com","password":"Password123"}

16:32:00.499 [pool-2-thread-28] DEBUG com.intuit.karate -- request:
1 > POST http://localhost:3000/auth/login
1 > Content-Type: application/json; charset=UTF-8
1 > Content-Length: 54
1 > Host: localhost:3000
1 > Connection: Keep-Alive
1 > User-Agent: Apache-HttpClient/4.5.14 (Java/17.0.9)
1 > Accept-Encoding: gzip,deflate
{"email":"testit5@gmail.com","password":"Password123"}

16:32:00.499 [pool-2-thread-33] DEBUG com.intuit.karate -- request:
1 > POST http://localhost:3000/auth/login
1 > Content-Type: application/json; charset=UTF-8
1 > Content-Length: 53
1 > Host: localhost:3000
1 > Connection: Keep-Alive
1 > User-Agent: Apache-HttpClient/4.5.14 (Java/17.0.9)
1 > Accept-Encoding: gzip,deflate
{"email":"test@example.com","password":"Password123"}

16:32:00.499 [pool-2-thread-6] DEBUG com.intuit.karate -- request:
1 > POST http://localhost:3000/auth/login
1 > Content-Type: application/json; charset=UTF-8
1 > Content-Length: 54
1 > Host: localhost:3000
1 > Connection: Keep-Alive
1 > User-Agent: Apache-HttpClient/4.5.14 (Java/17.0.9)
1 > Accept-Encoding: gzip,deflate
{"email":"testit4@gmail.com","password":"Password123"}

16:32:00.499 [pool-2-thread-47] DEBUG com.intuit.karate -- request:
1 > POST http://localhost:3000/auth/login
1 > Content-Type: application/json; charset=UTF-8
1 > Content-Length: 54
1 > Host: localhost:3000
1 > Connection: Keep-Alive
1 > User-Agent: Apache-HttpClient/4.5.14 (Java/17.0.9)
1 > Accept-Encoding: gzip,deflate
{"email":"testit3@gmail.com","password":"Password123"}

16:32:00.499 [pool-2-thread-38] DEBUG com.intuit.karate -- request:
1 > POST http://localhost:3000/auth/login
1 > Content-Type: application/json; charset=UTF-8
1 > Content-Length: 54
1 > Host: localhost:3000
1 > Connection: Keep-Alive
1 > User-Agent: Apache-HttpClient/4.5.14 (Java/17.0.9)
1 > Accept-Encoding: gzip,deflate
{"email":"testit5@gmail.com","password":"Password123"}

16:32:00.499 [pool-2-thread-11] DEBUG com.intuit.karate -- request:
1 > POST http://localhost:3000/auth/login
1 > Content-Type: application/json; charset=UTF-8
1 > Content-Length: 45
1 > Host: localhost:3000
1 > Connection: Keep-Alive
1 > User-Agent: Apache-HttpClient/4.5.14 (Java/17.0.9)
1 > Accept-Encoding: gzip,deflate
{"email":"nam@gmail.com","password":"123456"}

16:32:00.499 [pool-2-thread-9] DEBUG com.intuit.karate -- request:
1 > POST http://localhost:3000/auth/login
1 > Content-Type: application/json; charset=UTF-8
1 > Content-Length: 53
1 > Host: localhost:3000
1 > Connection: Keep-Alive
1 > User-Agent: Apache-HttpClient/4.5.14 (Java/17.0.9)
1 > Accept-Encoding: gzip,deflate
{"email":"testit@gmail.com","password":"Password123"}

16:32:00.498 [pool-2-thread-13] DEBUG com.intuit.karate -- request:
1 > POST http://localhost:3000/auth/login
1 > Content-Type: application/json; charset=UTF-8
1 > Content-Length: 53
1 > Host: localhost:3000
1 > Connection: Keep-Alive
1 > User-Agent: Apache-HttpClient/4.5.14 (Java/17.0.9)
1 > Accept-Encoding: gzip,deflate
{"email":"test@example.com","password":"Password123"}

16:32:00.500 [pool-2-thread-16] DEBUG com.intuit.karate -- request:
1 > POST http://localhost:3000/auth/login
1 > Content-Type: application/json; charset=UTF-8
1 > Content-Length: 54
1 > Host: localhost:3000
1 > Connection: Keep-Alive
1 > User-Agent: Apache-HttpClient/4.5.14 (Java/17.0.9)
1 > Accept-Encoding: gzip,deflate
{"email":"testit4@gmail.com","password":"Password123"}

16:32:00.500 [pool-2-thread-22] DEBUG com.intuit.karate -- request:
1 > POST http://localhost:3000/auth/login
1 > Content-Type: application/json; charset=UTF-8
1 > Content-Length: 48
1 > Host: localhost:3000
1 > Connection: Keep-Alive
1 > User-Agent: Apache-HttpClient/4.5.14 (Java/17.0.9)
1 > Accept-Encoding: gzip,deflate
{"email":"quang1@gmail.com","password":"quang1"}

16:32:00.499 [pool-2-thread-37] DEBUG com.intuit.karate -- request:
1 > POST http://localhost:3000/auth/login
1 > Content-Type: application/json; charset=UTF-8
1 > Content-Length: 54
1 > Host: localhost:3000
1 > Connection: Keep-Alive
1 > User-Agent: Apache-HttpClient/4.5.14 (Java/17.0.9)
1 > Accept-Encoding: gzip,deflate
{"email":"testit3@gmail.com","password":"Password123"}

16:32:00.499 [pool-2-thread-49] DEBUG com.intuit.karate -- request:
1 > POST http://localhost:3000/auth/login
1 > Content-Type: application/json; charset=UTF-8
1 > Content-Length: 53
1 > Host: localhost:3000
1 > Connection: Keep-Alive
1 > User-Agent: Apache-HttpClient/4.5.14 (Java/17.0.9)
1 > Accept-Encoding: gzip,deflate
{"email":"testit@gmail.com","password":"Password123"}

16:32:00.500 [pool-2-thread-26] DEBUG com.intuit.karate -- request:
1 > POST http://localhost:3000/auth/login
1 > Content-Type: application/json; charset=UTF-8
1 > Content-Length: 54
1 > Host: localhost:3000
1 > Connection: Keep-Alive
1 > User-Agent: Apache-HttpClient/4.5.14 (Java/17.0.9)
1 > Accept-Encoding: gzip,deflate
{"email":"testit4@gmail.com","password":"Password123"}

16:32:00.499 [pool-2-thread-29] DEBUG com.intuit.karate -- request:
1 > POST http://localhost:3000/auth/login
1 > Content-Type: application/json; charset=UTF-8
1 > Content-Length: 53
1 > Host: localhost:3000
1 > Connection: Keep-Alive
1 > User-Agent: Apache-HttpClient/4.5.14 (Java/17.0.9)
1 > Accept-Encoding: gzip,deflate
{"email":"testit@gmail.com","password":"Password123"}

16:32:00.499 [pool-2-thread-48] DEBUG com.intuit.karate -- request:
1 > POST http://localhost:3000/auth/login
1 > Content-Type: application/json; charset=UTF-8
1 > Content-Length: 54
1 > Host: localhost:3000
1 > Connection: Keep-Alive
1 > User-Agent: Apache-HttpClient/4.5.14 (Java/17.0.9)
1 > Accept-Encoding: gzip,deflate
{"email":"testit5@gmail.com","password":"Password123"}

16:32:00.499 [pool-2-thread-19] DEBUG com.intuit.karate -- request:
1 > POST http://localhost:3000/auth/login
1 > Content-Type: application/json; charset=UTF-8
1 > Content-Length: 53
1 > Host: localhost:3000
1 > Connection: Keep-Alive
1 > User-Agent: Apache-HttpClient/4.5.14 (Java/17.0.9)
1 > Accept-Encoding: gzip,deflate
{"email":"testit@gmail.com","password":"Password123"}

16:32:00.500 [pool-2-thread-8] DEBUG com.intuit.karate -- request:
1 > POST http://localhost:3000/auth/login
1 > Content-Type: application/json; charset=UTF-8
1 > Content-Length: 54
1 > Host: localhost:3000
1 > Connection: Keep-Alive
1 > User-Agent: Apache-HttpClient/4.5.14 (Java/17.0.9)
1 > Accept-Encoding: gzip,deflate
{"email":"testit5@gmail.com","password":"Password123"}

16:32:00.501 [pool-2-thread-25] DEBUG com.intuit.karate -- request:
1 > POST http://localhost:3000/auth/login
1 > Content-Type: application/json; charset=UTF-8
1 > Content-Length: 55
1 > Host: localhost:3000
1 > Connection: Keep-Alive
1 > User-Agent: Apache-HttpClient/4.5.14 (Java/17.0.9)
1 > Accept-Encoding: gzip,deflate
{"email":"test28@example.com","password":"Password123"}

16:32:00.501 [pool-2-thread-43] DEBUG com.intuit.karate -- request:
1 > POST http://localhost:3000/auth/login
1 > Content-Type: application/json; charset=UTF-8
1 > Content-Length: 53
1 > Host: localhost:3000
1 > Connection: Keep-Alive
1 > User-Agent: Apache-HttpClient/4.5.14 (Java/17.0.9)
1 > Accept-Encoding: gzip,deflate
{"email":"test@example.com","password":"Password123"}

16:32:00.499 [pool-2-thread-21] DEBUG com.intuit.karate -- request:
1 > POST http://localhost:3000/auth/login
1 > Content-Type: application/json; charset=UTF-8
1 > Content-Length: 45
1 > Host: localhost:3000
1 > Connection: Keep-Alive
1 > User-Agent: Apache-HttpClient/4.5.14 (Java/17.0.9)
1 > Accept-Encoding: gzip,deflate
{"email":"nam@gmail.com","password":"123456"}

16:32:00.499 [pool-2-thread-17] DEBUG com.intuit.karate -- request:
1 > POST http://localhost:3000/auth/login
1 > Content-Type: application/json; charset=UTF-8
1 > Content-Length: 54
1 > Host: localhost:3000
1 > Connection: Keep-Alive
1 > User-Agent: Apache-HttpClient/4.5.14 (Java/17.0.9)
1 > Accept-Encoding: gzip,deflate
{"email":"testit3@gmail.com","password":"Password123"}

16:32:00.501 [pool-2-thread-32] DEBUG com.intuit.karate -- request:
1 > POST http://localhost:3000/auth/login
1 > Content-Type: application/json; charset=UTF-8
1 > Content-Length: 48
1 > Host: localhost:3000
1 > Connection: Keep-Alive
1 > User-Agent: Apache-HttpClient/4.5.14 (Java/17.0.9)
1 > Accept-Encoding: gzip,deflate
{"email":"quang1@gmail.com","password":"quang1"}

16:32:00.499 [pool-2-thread-2] DEBUG com.intuit.karate -- request:
1 > POST http://localhost:3000/auth/login
1 > Content-Type: application/json; charset=UTF-8
1 > Content-Length: 48
1 > Host: localhost:3000
1 > Connection: Keep-Alive
1 > User-Agent: Apache-HttpClient/4.5.14 (Java/17.0.9)
1 > Accept-Encoding: gzip,deflate
{"email":"quang1@gmail.com","password":"quang1"}

16:32:00.501 [pool-2-thread-29] DEBUG org.apache.http.impl.conn.PoolingHttpClientConnectionManager -- Connection request: [route: {}->http://localhost:3000][total available: 0; route allocated: 0 of 5; total allocated: 0 of 10]
16:32:00.501 [pool-2-thread-2] DEBUG org.apache.http.impl.conn.PoolingHttpClientConnectionManager -- Connection request: [route: {}->http://localhost:3000][total available: 0; route allocated: 0 of 5; total allocated: 0 of 10]
16:32:00.501 [pool-2-thread-34] DEBUG org.apache.http.impl.conn.PoolingHttpClientConnectionManager -- Connection request: [route: {}->http://localhost:3000][total available: 0; route allocated: 0 of 5; total allocated: 0 of 10]
16:32:00.501 [pool-2-thread-26] DEBUG org.apache.http.impl.conn.PoolingHttpClientConnectionManager -- Connection request: [route: {}->http://localhost:3000][total available: 0; route allocated: 0 of 5; total allocated: 0 of 10]
16:32:00.502 [pool-2-thread-28] DEBUG org.apache.http.impl.conn.PoolingHttpClientConnectionManager -- Connection request: [route: {}->http://localhost:3000][total available: 0; route allocated: 0 of 5; total allocated: 0 of 10]
16:32:00.502 [pool-2-thread-38] DEBUG org.apache.http.impl.conn.PoolingHttpClientConnectionManager -- Connection request: [route: {}->http://localhost:3000][total available: 0; route allocated: 0 of 5; total allocated: 0 of 10]
16:32:00.499 [pool-2-thread-10] DEBUG com.intuit.karate -- request:
1 > POST http://localhost:3000/auth/login
1 > Content-Type: application/json; charset=UTF-8
1 > Content-Length: 54
1 > Host: localhost:3000
1 > Connection: Keep-Alive
1 > User-Agent: Apache-HttpClient/4.5.14 (Java/17.0.9)
1 > Accept-Encoding: gzip,deflate
{"email":"testit2@gmail.com","password":"Password123"}

16:32:00.502 [pool-2-thread-21] DEBUG org.apache.http.impl.conn.PoolingHttpClientConnectionManager -- Connection request: [route: {}->http://localhost:3000][total available: 0; route allocated: 0 of 5; total allocated: 0 of 10]
16:32:00.502 [pool-2-thread-22] DEBUG org.apache.http.impl.conn.PoolingHttpClientConnectionManager -- Connection request: [route: {}->http://localhost:3000][total available: 0; route allocated: 0 of 5; total allocated: 0 of 10]
16:32:00.499 [pool-2-thread-5] DEBUG com.intuit.karate -- request:
1 > POST http://localhost:3000/auth/login
1 > Content-Type: application/json; charset=UTF-8
1 > Content-Length: 55
1 > Host: localhost:3000
1 > Connection: Keep-Alive
1 > User-Agent: Apache-HttpClient/4.5.14 (Java/17.0.9)
1 > Accept-Encoding: gzip,deflate
{"email":"test28@example.com","password":"Password123"}

16:32:00.502 [pool-2-thread-16] DEBUG org.apache.http.impl.conn.PoolingHttpClientConnectionManager -- Connection request: [route: {}->http://localhost:3000][total available: 0; route allocated: 0 of 5; total allocated: 0 of 10]
16:32:00.502 [pool-2-thread-24] DEBUG org.apache.http.impl.conn.PoolingHttpClientConnectionManager -- Connection request: [route: {}->http://localhost:3000][total available: 0; route allocated: 0 of 5; total allocated: 0 of 10]
16:32:00.502 [pool-2-thread-9] DEBUG org.apache.http.impl.conn.PoolingHttpClientConnectionManager -- Connection request: [route: {}->http://localhost:3000][total available: 0; route allocated: 0 of 5; total allocated: 0 of 10]
16:32:00.499 [pool-2-thread-18] DEBUG com.intuit.karate -- request:
1 > POST http://localhost:3000/auth/login
1 > Content-Type: application/json; charset=UTF-8
1 > Content-Length: 54
1 > Host: localhost:3000
1 > Connection: Keep-Alive
1 > User-Agent: Apache-HttpClient/4.5.14 (Java/17.0.9)
1 > Accept-Encoding: gzip,deflate
{"email":"testit5@gmail.com","password":"Password123"}

16:32:00.499 [pool-2-thread-42] DEBUG com.intuit.karate -- request:
1 > POST http://localhost:3000/auth/login
1 > Content-Type: application/json; charset=UTF-8
1 > Content-Length: 48
1 > Host: localhost:3000
1 > Connection: Keep-Alive
1 > User-Agent: Apache-HttpClient/4.5.14 (Java/17.0.9)
1 > Accept-Encoding: gzip,deflate
{"email":"quang1@gmail.com","password":"quang1"}

16:32:00.499 [pool-2-thread-1] DEBUG com.intuit.karate -- request:
1 > POST http://localhost:3000/auth/login
1 > Content-Type: application/json; charset=UTF-8
1 > Content-Length: 45
1 > Host: localhost:3000
1 > Connection: Keep-Alive
1 > User-Agent: Apache-HttpClient/4.5.14 (Java/17.0.9)
1 > Accept-Encoding: gzip,deflate
{"email":"nam@gmail.com","password":"123456"}

16:32:00.502 [pool-2-thread-1] DEBUG org.apache.http.impl.conn.PoolingHttpClientConnectionManager -- Connection request: [route: {}->http://localhost:3000][total available: 0; route allocated: 0 of 5; total allocated: 0 of 10]
16:32:00.499 [pool-2-thread-27] DEBUG com.intuit.karate -- request:
1 > POST http://localhost:3000/auth/login
1 > Content-Type: application/json; charset=UTF-8
1 > Content-Length: 54
1 > Host: localhost:3000
1 > Connection: Keep-Alive
1 > User-Agent: Apache-HttpClient/4.5.14 (Java/17.0.9)
1 > Accept-Encoding: gzip,deflate
{"email":"testit3@gmail.com","password":"Password123"}

16:32:00.499 [pool-2-thread-12] DEBUG com.intuit.karate -- request:
1 > POST http://localhost:3000/auth/login
1 > Content-Type: application/json; charset=UTF-8
1 > Content-Length: 48
1 > Host: localhost:3000
1 > Connection: Keep-Alive
1 > User-Agent: Apache-HttpClient/4.5.14 (Java/17.0.9)
1 > Accept-Encoding: gzip,deflate
{"email":"quang1@gmail.com","password":"quang1"}

16:32:00.499 [pool-2-thread-31] DEBUG com.intuit.karate -- request:
1 > POST http://localhost:3000/auth/login
1 > Content-Type: application/json; charset=UTF-8
1 > Content-Length: 45
1 > Host: localhost:3000
1 > Connection: Keep-Alive
1 > User-Agent: Apache-HttpClient/4.5.14 (Java/17.0.9)
1 > Accept-Encoding: gzip,deflate
{"email":"nam@gmail.com","password":"123456"}

16:32:00.503 [pool-2-thread-12] DEBUG org.apache.http.impl.conn.PoolingHttpClientConnectionManager -- Connection request: [route: {}->http://localhost:3000][total available: 0; route allocated: 0 of 5; total allocated: 0 of 10]
16:32:00.499 [pool-2-thread-30] DEBUG com.intuit.karate -- request:
1 > POST http://localhost:3000/auth/login
1 > Content-Type: application/json; charset=UTF-8
1 > Content-Length: 54
1 > Host: localhost:3000
1 > Connection: Keep-Alive
1 > User-Agent: Apache-HttpClient/4.5.14 (Java/17.0.9)
1 > Accept-Encoding: gzip,deflate
{"email":"testit2@gmail.com","password":"Password123"}

16:32:00.503 [pool-2-thread-30] DEBUG org.apache.http.impl.conn.PoolingHttpClientConnectionManager -- Connection request: [route: {}->http://localhost:3000][total available: 0; route allocated: 0 of 5; total allocated: 0 of 10]
16:32:00.499 [pool-2-thread-46] DEBUG com.intuit.karate -- request:
1 > POST http://localhost:3000/auth/login
1 > Content-Type: application/json; charset=UTF-8
1 > Content-Length: 54
1 > Host: localhost:3000
1 > Connection: Keep-Alive
1 > User-Agent: Apache-HttpClient/4.5.14 (Java/17.0.9)
1 > Accept-Encoding: gzip,deflate
{"email":"testit4@gmail.com","password":"Password123"}

16:32:00.499 [pool-2-thread-40] DEBUG com.intuit.karate -- request:
1 > POST http://localhost:3000/auth/login
1 > Content-Type: application/json; charset=UTF-8
1 > Content-Length: 54
1 > Host: localhost:3000
1 > Connection: Keep-Alive
1 > User-Agent: Apache-HttpClient/4.5.14 (Java/17.0.9)
1 > Accept-Encoding: gzip,deflate
{"email":"testit2@gmail.com","password":"Password123"}

16:32:00.504 [pool-2-thread-46] DEBUG org.apache.http.impl.conn.PoolingHttpClientConnectionManager -- Connection request: [route: {}->http://localhost:3000][total available: 0; route allocated: 0 of 5; total allocated: 0 of 10]
16:32:00.504 [pool-2-thread-40] DEBUG org.apache.http.impl.conn.PoolingHttpClientConnectionManager -- Connection request: [route: {}->http://localhost:3000][total available: 0; route allocated: 0 of 5; total allocated: 0 of 10]
16:32:00.499 [pool-2-thread-45] DEBUG com.intuit.karate -- request:
1 > POST http://localhost:3000/auth/login
1 > Content-Type: application/json; charset=UTF-8
1 > Content-Length: 55
1 > Host: localhost:3000
1 > Connection: Keep-Alive
1 > User-Agent: Apache-HttpClient/4.5.14 (Java/17.0.9)
1 > Accept-Encoding: gzip,deflate
{"email":"test28@example.com","password":"Password123"}

16:32:00.499 [pool-2-thread-36] DEBUG com.intuit.karate -- request:
1 > POST http://localhost:3000/auth/login
1 > Content-Type: application/json; charset=UTF-8
1 > Content-Length: 54
1 > Host: localhost:3000
1 > Connection: Keep-Alive
1 > User-Agent: Apache-HttpClient/4.5.14 (Java/17.0.9)
1 > Accept-Encoding: gzip,deflate
{"email":"testit4@gmail.com","password":"Password123"}

16:32:00.504 [pool-2-thread-45] DEBUG org.apache.http.impl.conn.PoolingHttpClientConnectionManager -- Connection request: [route: {}->http://localhost:3000][total available: 0; route allocated: 0 of 5; total allocated: 0 of 10]
16:32:00.499 [pool-2-thread-20] DEBUG com.intuit.karate -- request:
1 > POST http://localhost:3000/auth/login
1 > Content-Type: application/json; charset=UTF-8
1 > Content-Length: 54
1 > Host: localhost:3000
1 > Connection: Keep-Alive
1 > User-Agent: Apache-HttpClient/4.5.14 (Java/17.0.9)
1 > Accept-Encoding: gzip,deflate
{"email":"testit2@gmail.com","password":"Password123"}

16:32:00.504 [pool-2-thread-36] DEBUG org.apache.http.impl.conn.PoolingHttpClientConnectionManager -- Connection request: [route: {}->http://localhost:3000][total available: 0; route allocated: 0 of 5; total allocated: 0 of 10]
16:32:00.499 [pool-2-thread-50] DEBUG com.intuit.karate -- request:
1 > POST http://localhost:3000/auth/login
1 > Content-Type: application/json; charset=UTF-8
1 > Content-Length: 54
1 > Host: localhost:3000
1 > Connection: Keep-Alive
1 > User-Agent: Apache-HttpClient/4.5.14 (Java/17.0.9)
1 > Accept-Encoding: gzip,deflate
{"email":"testit2@gmail.com","password":"Password123"}

16:32:00.500 [pool-2-thread-7] DEBUG com.intuit.karate -- request:
1 > POST http://localhost:3000/auth/login
1 > Content-Type: application/json; charset=UTF-8
1 > Content-Length: 54
1 > Host: localhost:3000
1 > Connection: Keep-Alive
1 > User-Agent: Apache-HttpClient/4.5.14 (Java/17.0.9)
1 > Accept-Encoding: gzip,deflate
{"email":"testit3@gmail.com","password":"Password123"}

16:32:00.504 [pool-2-thread-50] DEBUG org.apache.http.impl.conn.PoolingHttpClientConnectionManager -- Connection request: [route: {}->http://localhost:3000][total available: 0; route allocated: 0 of 5; total allocated: 0 of 10]
16:32:00.504 [pool-2-thread-7] DEBUG org.apache.http.impl.conn.PoolingHttpClientConnectionManager -- Connection request: [route: {}->http://localhost:3000][total available: 0; route allocated: 0 of 5; total allocated: 0 of 10]
16:32:00.500 [pool-2-thread-41] DEBUG com.intuit.karate -- request:
1 > POST http://localhost:3000/auth/login
1 > Content-Type: application/json; charset=UTF-8
1 > Content-Length: 45
1 > Host: localhost:3000
1 > Connection: Keep-Alive
1 > User-Agent: Apache-HttpClient/4.5.14 (Java/17.0.9)
1 > Accept-Encoding: gzip,deflate
{"email":"nam@gmail.com","password":"123456"}

16:32:00.500 [pool-2-thread-4] DEBUG com.intuit.karate -- request:
1 > POST http://localhost:3000/auth/login
1 > Content-Type: application/json; charset=UTF-8
1 > Content-Length: 54
1 > Host: localhost:3000
1 > Connection: Keep-Alive
1 > User-Agent: Apache-HttpClient/4.5.14 (Java/17.0.9)
1 > Accept-Encoding: gzip,deflate
{"email":"test2@example.com","password":"Password123"}

16:32:00.500 [pool-2-thread-39] DEBUG com.intuit.karate -- request:
1 > POST http://localhost:3000/auth/login
1 > Content-Type: application/json; charset=UTF-8
1 > Content-Length: 53
1 > Host: localhost:3000
1 > Connection: Keep-Alive
1 > User-Agent: Apache-HttpClient/4.5.14 (Java/17.0.9)
1 > Accept-Encoding: gzip,deflate
{"email":"testit@gmail.com","password":"Password123"}

16:32:00.505 [pool-2-thread-41] DEBUG org.apache.http.impl.conn.PoolingHttpClientConnectionManager -- Connection request: [route: {}->http://localhost:3000][total available: 0; route allocated: 0 of 5; total allocated: 0 of 10]
16:32:00.501 [pool-2-thread-11] DEBUG org.apache.http.impl.conn.PoolingHttpClientConnectionManager -- Connection request: [route: {}->http://localhost:3000][total available: 0; route allocated: 0 of 5; total allocated: 0 of 10]
16:32:00.501 [pool-2-thread-49] DEBUG org.apache.http.impl.conn.PoolingHttpClientConnectionManager -- Connection request: [route: {}->http://localhost:3000][total available: 0; route allocated: 0 of 5; total allocated: 0 of 10]
16:32:00.501 [pool-2-thread-15] DEBUG org.apache.http.impl.conn.PoolingHttpClientConnectionManager -- Connection request: [route: {}->http://localhost:3000][total available: 0; route allocated: 0 of 5; total allocated: 0 of 10]
16:32:00.501 [pool-2-thread-32] DEBUG org.apache.http.impl.conn.PoolingHttpClientConnectionManager -- Connection request: [route: {}->http://localhost:3000][total available: 0; route allocated: 0 of 5; total allocated: 0 of 10]
16:32:00.501 [pool-2-thread-48] DEBUG org.apache.http.impl.conn.PoolingHttpClientConnectionManager -- Connection request: [route: {}->http://localhost:3000][total available: 0; route allocated: 0 of 5; total allocated: 0 of 10]
16:32:00.501 [pool-2-thread-6] DEBUG org.apache.http.impl.conn.PoolingHttpClientConnectionManager -- Connection request: [route: {}->http://localhost:3000][total available: 0; route allocated: 0 of 5; total allocated: 0 of 10]
16:32:00.501 [pool-2-thread-37] DEBUG org.apache.http.impl.conn.PoolingHttpClientConnectionManager -- Connection request: [route: {}->http://localhost:3000][total available: 0; route allocated: 0 of 5; total allocated: 0 of 10]
16:32:00.501 [pool-2-thread-17] DEBUG org.apache.http.impl.conn.PoolingHttpClientConnectionManager -- Connection request: [route: {}->http://localhost:3000][total available: 0; route allocated: 0 of 5; total allocated: 0 of 10]
16:32:00.501 [pool-2-thread-33] DEBUG org.apache.http.impl.conn.PoolingHttpClientConnectionManager -- Connection request: [route: {}->http://localhost:3000][total available: 0; route allocated: 0 of 5; total allocated: 0 of 10]
16:32:00.501 [pool-2-thread-44] DEBUG org.apache.http.impl.conn.PoolingHttpClientConnectionManager -- Connection request: [route: {}->http://localhost:3000][total available: 0; route allocated: 0 of 5; total allocated: 0 of 10]
16:32:00.502 [pool-2-thread-19] DEBUG org.apache.http.impl.conn.PoolingHttpClientConnectionManager -- Connection request: [route: {}->http://localhost:3000][total available: 0; route allocated: 0 of 5; total allocated: 0 of 10]
16:32:00.502 [pool-2-thread-8] DEBUG org.apache.http.impl.conn.PoolingHttpClientConnectionManager -- Connection request: [route: {}->http://localhost:3000][total available: 0; route allocated: 0 of 5; total allocated: 0 of 10]
16:32:00.502 [pool-2-thread-13] DEBUG org.apache.http.impl.conn.PoolingHttpClientConnectionManager -- Connection request: [route: {}->http://localhost:3000][total available: 0; route allocated: 0 of 5; total allocated: 0 of 10]
16:32:00.502 [pool-2-thread-47] DEBUG org.apache.http.impl.conn.PoolingHttpClientConnectionManager -- Connection request: [route: {}->http://localhost:3000][total available: 0; route allocated: 0 of 5; total allocated: 0 of 10]
16:32:00.502 [pool-2-thread-3] DEBUG org.apache.http.impl.conn.PoolingHttpClientConnectionManager -- Connection request: [route: {}->http://localhost:3000][total available: 0; route allocated: 0 of 5; total allocated: 0 of 10]
16:32:00.502 [pool-2-thread-14] DEBUG org.apache.http.impl.conn.PoolingHttpClientConnectionManager -- Connection request: [route: {}->http://localhost:3000][total available: 0; route allocated: 0 of 5; total allocated: 0 of 10]
16:32:00.502 [pool-2-thread-10] DEBUG org.apache.http.impl.conn.PoolingHttpClientConnectionManager -- Connection request: [route: {}->http://localhost:3000][total available: 0; route allocated: 0 of 5; total allocated: 0 of 10]
16:32:00.502 [pool-2-thread-25] DEBUG org.apache.http.impl.conn.PoolingHttpClientConnectionManager -- Connection request: [route: {}->http://localhost:3000][total available: 0; route allocated: 0 of 5; total allocated: 0 of 10]
16:32:00.502 [pool-2-thread-35] DEBUG org.apache.http.impl.conn.PoolingHttpClientConnectionManager -- Connection request: [route: {}->http://localhost:3000][total available: 0; route allocated: 0 of 5; total allocated: 0 of 10]
16:32:00.502 [pool-2-thread-43] DEBUG org.apache.http.impl.conn.PoolingHttpClientConnectionManager -- Connection request: [route: {}->http://localhost:3000][total available: 0; route allocated: 0 of 5; total allocated: 0 of 10]
16:32:00.502 [pool-2-thread-23] DEBUG org.apache.http.impl.conn.PoolingHttpClientConnectionManager -- Connection request: [route: {}->http://localhost:3000][total available: 0; route allocated: 0 of 5; total allocated: 0 of 10]
16:32:00.502 [pool-2-thread-5] DEBUG org.apache.http.impl.conn.PoolingHttpClientConnectionManager -- Connection request: [route: {}->http://localhost:3000][total available: 0; route allocated: 0 of 5; total allocated: 0 of 10]
16:32:00.502 [pool-2-thread-18] DEBUG org.apache.http.impl.conn.PoolingHttpClientConnectionManager -- Connection request: [route: {}->http://localhost:3000][total available: 0; route allocated: 0 of 5; total allocated: 0 of 10]
16:32:00.502 [pool-2-thread-42] DEBUG org.apache.http.impl.conn.PoolingHttpClientConnectionManager -- Connection request: [route: {}->http://localhost:3000][total available: 0; route allocated: 0 of 5; total allocated: 0 of 10]
16:32:00.503 [pool-2-thread-27] DEBUG org.apache.http.impl.conn.PoolingHttpClientConnectionManager -- Connection request: [route: {}->http://localhost:3000][total available: 0; route allocated: 0 of 5; total allocated: 0 of 10]
16:32:00.503 [pool-2-thread-31] DEBUG org.apache.http.impl.conn.PoolingHttpClientConnectionManager -- Connection request: [route: {}->http://localhost:3000][total available: 0; route allocated: 0 of 5; total allocated: 0 of 10]
16:32:00.504 [pool-2-thread-20] DEBUG org.apache.http.impl.conn.PoolingHttpClientConnectionManager -- Connection request: [route: {}->http://localhost:3000][total available: 0; route allocated: 0 of 5; total allocated: 0 of 10]
16:32:00.505 [pool-2-thread-4] DEBUG org.apache.http.impl.conn.PoolingHttpClientConnectionManager -- Connection request: [route: {}->http://localhost:3000][total available: 0; route allocated: 0 of 5; total allocated: 0 of 10]
16:32:00.505 [pool-2-thread-39] DEBUG org.apache.http.impl.conn.PoolingHttpClientConnectionManager -- Connection request: [route: {}->http://localhost:3000][total available: 0; route allocated: 0 of 5; total allocated: 0 of 10]
16:32:00.523 [pool-2-thread-7] DEBUG org.apache.http.impl.conn.PoolingHttpClientConnectionManager -- Connection leased: [id: 6][route: {}->http://localhost:3000][total available: 0; route allocated: 1 of 5; total allocated: 1 of 10]
16:32:00.523 [pool-2-thread-4] DEBUG org.apache.http.impl.conn.PoolingHttpClientConnectionManager -- Connection leased: [id: 8][route: {}->http://localhost:3000][total available: 0; route allocated: 1 of 5; total allocated: 1 of 10]
16:32:00.523 [pool-2-thread-48] DEBUG org.apache.http.impl.conn.PoolingHttpClientConnectionManager -- Connection leased: [id: 25][route: {}->http://localhost:3000][total available: 0; route allocated: 1 of 5; total allocated: 1 of 10]
16:32:00.524 [pool-2-thread-30] DEBUG org.apache.http.impl.conn.PoolingHttpClientConnectionManager -- Connection leased: [id: 26][route: {}->http://localhost:3000][total available: 0; route allocated: 1 of 5; total allocated: 1 of 10]
16:32:00.524 [pool-2-thread-6] DEBUG org.apache.http.impl.conn.PoolingHttpClientConnectionManager -- Connection leased: [id: 0][route: {}->http://localhost:3000][total available: 0; route allocated: 1 of 5; total allocated: 1 of 10]
16:32:00.524 [pool-2-thread-18] DEBUG org.apache.http.impl.conn.PoolingHttpClientConnectionManager -- Connection leased: [id: 16][route: {}->http://localhost:3000][total available: 0; route allocated: 1 of 5; total allocated: 1 of 10]
16:32:00.524 [pool-2-thread-8] DEBUG org.apache.http.impl.conn.PoolingHttpClientConnectionManager -- Connection leased: [id: 2][route: {}->http://localhost:3000][total available: 0; route allocated: 1 of 5; total allocated: 1 of 10]
16:32:00.523 [pool-2-thread-32] DEBUG org.apache.http.impl.conn.PoolingHttpClientConnectionManager -- Connection leased: [id: 4][route: {}->http://localhost:3000][total available: 0; route allocated: 1 of 5; total allocated: 1 of 10]
16:32:00.524 [pool-2-thread-39] DEBUG org.apache.http.impl.conn.PoolingHttpClientConnectionManager -- Connection leased: [id: 20][route: {}->http://localhost:3000][total available: 0; route allocated: 1 of 5; total allocated: 1 of 10]
16:32:00.523 [pool-2-thread-42] DEBUG org.apache.http.impl.conn.PoolingHttpClientConnectionManager -- Connection leased: [id: 15][route: {}->http://localhost:3000][total available: 0; route allocated: 1 of 5; total allocated: 1 of 10]
16:32:00.523 [pool-2-thread-19] DEBUG org.apache.http.impl.conn.PoolingHttpClientConnectionManager -- Connection leased: [id: 22][route: {}->http://localhost:3000][total available: 0; route allocated: 1 of 5; total allocated: 1 of 10]
16:32:00.524 [pool-2-thread-1] DEBUG org.apache.http.impl.conn.PoolingHttpClientConnectionManager -- Connection leased: [id: 30][route: {}->http://localhost:3000][total available: 0; route allocated: 1 of 5; total allocated: 1 of 10]
16:32:00.524 [pool-2-thread-12] DEBUG org.apache.http.impl.conn.PoolingHttpClientConnectionManager -- Connection leased: [id: 31][route: {}->http://localhost:3000][total available: 0; route allocated: 1 of 5; total allocated: 1 of 10]
16:32:00.524 [pool-2-thread-25] DEBUG org.apache.http.impl.conn.PoolingHttpClientConnectionManager -- Connection leased: [id: 11][route: {}->http://localhost:3000][total available: 0; route allocated: 1 of 5; total allocated: 1 of 10]
16:32:00.524 [pool-2-thread-29] DEBUG org.apache.http.impl.conn.PoolingHttpClientConnectionManager -- Connection leased: [id: 35][route: {}->http://localhost:3000][total available: 0; route allocated: 1 of 5; total allocated: 1 of 10]
16:32:00.524 [pool-2-thread-10] DEBUG org.apache.http.impl.conn.PoolingHttpClientConnectionManager -- Connection leased: [id: 36][route: {}->http://localhost:3000][total available: 0; route allocated: 1 of 5; total allocated: 1 of 10]
16:32:00.524 [pool-2-thread-46] DEBUG org.apache.http.impl.conn.PoolingHttpClientConnectionManager -- Connection leased: [id: 38][route: {}->http://localhost:3000][total available: 0; route allocated: 1 of 5; total allocated: 1 of 10]
16:32:00.523 [pool-2-thread-17] DEBUG org.apache.http.impl.conn.PoolingHttpClientConnectionManager -- Connection leased: [id: 23][route: {}->http://localhost:3000][total available: 0; route allocated: 1 of 5; total allocated: 1 of 10]
16:32:00.524 [pool-2-thread-2] DEBUG org.apache.http.impl.conn.PoolingHttpClientConnectionManager -- Connection leased: [id: 42][route: {}->http://localhost:3000][total available: 0; route allocated: 1 of 5; total allocated: 1 of 10]
16:32:00.524 [pool-2-thread-16] DEBUG org.apache.http.impl.conn.PoolingHttpClientConnectionManager -- Connection leased: [id: 45][route: {}->http://localhost:3000][total available: 0; route allocated: 1 of 5; total allocated: 1 of 10]
16:32:00.525 [pool-2-thread-33] DEBUG org.apache.http.impl.conn.PoolingHttpClientConnectionManager -- Connection leased: [id: 47][route: {}->http://localhost:3000][total available: 0; route allocated: 1 of 5; total allocated: 1 of 10]
16:32:00.523 [pool-2-thread-22] DEBUG org.apache.http.impl.conn.PoolingHttpClientConnectionManager -- Connection leased: [id: 7][route: {}->http://localhost:3000][total available: 0; route allocated: 1 of 5; total allocated: 1 of 10]
16:32:00.523 [pool-2-thread-47] DEBUG org.apache.http.impl.conn.PoolingHttpClientConnectionManager -- Connection leased: [id: 3][route: {}->http://localhost:3000][total available: 0; route allocated: 1 of 5; total allocated: 1 of 10]
16:32:00.523 [pool-2-thread-11] DEBUG org.apache.http.impl.conn.PoolingHttpClientConnectionManager -- Connection leased: [id: 24][route: {}->http://localhost:3000][total available: 0; route allocated: 1 of 5; total allocated: 1 of 10]
16:32:00.524 [pool-2-thread-40] DEBUG org.apache.http.impl.conn.PoolingHttpClientConnectionManager -- Connection leased: [id: 27][route: {}->http://localhost:3000][total available: 0; route allocated: 1 of 5; total allocated: 1 of 10]
16:32:00.524 [pool-2-thread-3] DEBUG org.apache.http.impl.conn.PoolingHttpClientConnectionManager -- Connection leased: [id: 21][route: {}->http://localhost:3000][total available: 0; route allocated: 1 of 5; total allocated: 1 of 10]
16:32:00.524 [pool-2-thread-15] DEBUG org.apache.http.impl.conn.PoolingHttpClientConnectionManager -- Connection leased: [id: 28][route: {}->http://localhost:3000][total available: 0; route allocated: 1 of 5; total allocated: 1 of 10]
16:32:00.524 [pool-2-thread-20] DEBUG org.apache.http.impl.conn.PoolingHttpClientConnectionManager -- Connection leased: [id: 19][route: {}->http://localhost:3000][total available: 0; route allocated: 1 of 5; total allocated: 1 of 10]
16:32:00.524 [pool-2-thread-50] DEBUG org.apache.http.impl.conn.PoolingHttpClientConnectionManager -- Connection leased: [id: 9][route: {}->http://localhost:3000][total available: 0; route allocated: 1 of 5; total allocated: 1 of 10]
16:32:00.524 [pool-2-thread-27] DEBUG org.apache.http.impl.conn.PoolingHttpClientConnectionManager -- Connection leased: [id: 29][route: {}->http://localhost:3000][total available: 0; route allocated: 1 of 5; total allocated: 1 of 10]
16:32:00.524 [pool-2-thread-21] DEBUG org.apache.http.impl.conn.PoolingHttpClientConnectionManager -- Connection leased: [id: 32][route: {}->http://localhost:3000][total available: 0; route allocated: 1 of 5; total allocated: 1 of 10]
16:32:00.524 [pool-2-thread-26] DEBUG org.apache.http.impl.conn.PoolingHttpClientConnectionManager -- Connection leased: [id: 10][route: {}->http://localhost:3000][total available: 0; route allocated: 1 of 5; total allocated: 1 of 10]
16:32:00.524 [pool-2-thread-31] DEBUG org.apache.http.impl.conn.PoolingHttpClientConnectionManager -- Connection leased: [id: 33][route: {}->http://localhost:3000][total available: 0; route allocated: 1 of 5; total allocated: 1 of 10]
16:32:00.524 [pool-2-thread-36] DEBUG org.apache.http.impl.conn.PoolingHttpClientConnectionManager -- Connection leased: [id: 34][route: {}->http://localhost:3000][total available: 0; route allocated: 1 of 5; total allocated: 1 of 10]
16:32:00.524 [pool-2-thread-13] DEBUG org.apache.http.impl.conn.PoolingHttpClientConnectionManager -- Connection leased: [id: 12][route: {}->http://localhost:3000][total available: 0; route allocated: 1 of 5; total allocated: 1 of 10]
16:32:00.524 [pool-2-thread-24] DEBUG org.apache.http.impl.conn.PoolingHttpClientConnectionManager -- Connection leased: [id: 18][route: {}->http://localhost:3000][total available: 0; route allocated: 1 of 5; total allocated: 1 of 10]
16:32:00.524 [pool-2-thread-34] DEBUG org.apache.http.impl.conn.PoolingHttpClientConnectionManager -- Connection leased: [id: 17][route: {}->http://localhost:3000][total available: 0; route allocated: 1 of 5; total allocated: 1 of 10]
16:32:00.524 [pool-2-thread-44] DEBUG org.apache.http.impl.conn.PoolingHttpClientConnectionManager -- Connection leased: [id: 13][route: {}->http://localhost:3000][total available: 0; route allocated: 1 of 5; total allocated: 1 of 10]
16:32:00.524 [pool-2-thread-9] DEBUG org.apache.http.impl.conn.PoolingHttpClientConnectionManager -- Connection leased: [id: 14][route: {}->http://localhost:3000][total available: 0; route allocated: 1 of 5; total allocated: 1 of 10]
16:32:00.524 [pool-2-thread-35] DEBUG org.apache.http.impl.conn.PoolingHttpClientConnectionManager -- Connection leased: [id: 1][route: {}->http://localhost:3000][total available: 0; route allocated: 1 of 5; total allocated: 1 of 10]
16:32:00.524 [pool-2-thread-43] DEBUG org.apache.http.impl.conn.PoolingHttpClientConnectionManager -- Connection leased: [id: 37][route: {}->http://localhost:3000][total available: 0; route allocated: 1 of 5; total allocated: 1 of 10]
16:32:00.524 [pool-2-thread-37] DEBUG org.apache.http.impl.conn.PoolingHttpClientConnectionManager -- Connection leased: [id: 5][route: {}->http://localhost:3000][total available: 0; route allocated: 1 of 5; total allocated: 1 of 10]
16:32:00.524 [pool-2-thread-14] DEBUG org.apache.http.impl.conn.PoolingHttpClientConnectionManager -- Connection leased: [id: 39][route: {}->http://localhost:3000][total available: 0; route allocated: 1 of 5; total allocated: 1 of 10]
16:32:00.524 [pool-2-thread-41] DEBUG org.apache.http.impl.conn.PoolingHttpClientConnectionManager -- Connection leased: [id: 40][route: {}->http://localhost:3000][total available: 0; route allocated: 1 of 5; total allocated: 1 of 10]
16:32:00.524 [pool-2-thread-28] DEBUG org.apache.http.impl.conn.PoolingHttpClientConnectionManager -- Connection leased: [id: 41][route: {}->http://localhost:3000][total available: 0; route allocated: 1 of 5; total allocated: 1 of 10]
16:32:00.524 [pool-2-thread-38] DEBUG org.apache.http.impl.conn.PoolingHttpClientConnectionManager -- Connection leased: [id: 43][route: {}->http://localhost:3000][total available: 0; route allocated: 1 of 5; total allocated: 1 of 10]
16:32:00.524 [pool-2-thread-5] DEBUG org.apache.http.impl.conn.PoolingHttpClientConnectionManager -- Connection leased: [id: 44][route: {}->http://localhost:3000][total available: 0; route allocated: 1 of 5; total allocated: 1 of 10]
16:32:00.524 [pool-2-thread-49] DEBUG org.apache.http.impl.conn.PoolingHttpClientConnectionManager -- Connection leased: [id: 46][route: {}->http://localhost:3000][total available: 0; route allocated: 1 of 5; total allocated: 1 of 10]
16:32:00.525 [pool-2-thread-23] DEBUG org.apache.http.impl.conn.PoolingHttpClientConnectionManager -- Connection leased: [id: 48][route: {}->http://localhost:3000][total available: 0; route allocated: 1 of 5; total allocated: 1 of 10]
16:32:00.525 [pool-2-thread-45] DEBUG org.apache.http.impl.conn.PoolingHttpClientConnectionManager -- Connection leased: [id: 49][route: {}->http://localhost:3000][total available: 0; route allocated: 1 of 5; total allocated: 1 of 10]
16:32:00.527 [pool-2-thread-44] DEBUG org.apache.http.impl.execchain.MainClientExec -- Opening connection {}->http://localhost:3000
16:32:00.527 [pool-2-thread-32] DEBUG org.apache.http.impl.execchain.MainClientExec -- Opening connection {}->http://localhost:3000
16:32:00.528 [pool-2-thread-20] DEBUG org.apache.http.impl.execchain.MainClientExec -- Opening connection {}->http://localhost:3000
16:32:00.528 [pool-2-thread-3] DEBUG org.apache.http.impl.execchain.MainClientExec -- Opening connection {}->http://localhost:3000
16:32:00.528 [pool-2-thread-10] DEBUG org.apache.http.impl.execchain.MainClientExec -- Opening connection {}->http://localhost:3000
16:32:00.528 [pool-2-thread-45] DEBUG org.apache.http.impl.execchain.MainClientExec -- Opening connection {}->http://localhost:3000
16:32:00.528 [pool-2-thread-25] DEBUG org.apache.http.impl.execchain.MainClientExec -- Opening connection {}->http://localhost:3000
16:32:00.528 [pool-2-thread-24] DEBUG org.apache.http.impl.execchain.MainClientExec -- Opening connection {}->http://localhost:3000
16:32:00.528 [pool-2-thread-38] DEBUG org.apache.http.impl.execchain.MainClientExec -- Opening connection {}->http://localhost:3000
16:32:00.528 [pool-2-thread-37] DEBUG org.apache.http.impl.execchain.MainClientExec -- Opening connection {}->http://localhost:3000
16:32:00.527 [pool-2-thread-16] DEBUG org.apache.http.impl.execchain.MainClientExec -- Opening connection {}->http://localhost:3000
16:32:00.528 [pool-2-thread-19] DEBUG org.apache.http.impl.execchain.MainClientExec -- Opening connection {}->http://localhost:3000
16:32:00.527 [pool-2-thread-2] DEBUG org.apache.http.impl.execchain.MainClientExec -- Opening connection {}->http://localhost:3000
16:32:00.527 [pool-2-thread-33] DEBUG org.apache.http.impl.execchain.MainClientExec -- Opening connection {}->http://localhost:3000
16:32:00.528 [pool-2-thread-8] DEBUG org.apache.http.impl.execchain.MainClientExec -- Opening connection {}->http://localhost:3000
16:32:00.527 [pool-2-thread-50] DEBUG org.apache.http.impl.execchain.MainClientExec -- Opening connection {}->http://localhost:3000
16:32:00.528 [pool-2-thread-6] DEBUG org.apache.http.impl.execchain.MainClientExec -- Opening connection {}->http://localhost:3000
16:32:00.527 [pool-2-thread-47] DEBUG org.apache.http.impl.execchain.MainClientExec -- Opening connection {}->http://localhost:3000
16:32:00.527 [pool-2-thread-17] DEBUG org.apache.http.impl.execchain.MainClientExec -- Opening connection {}->http://localhost:3000
16:32:00.527 [pool-2-thread-22] DEBUG org.apache.http.impl.execchain.MainClientExec -- Opening connection {}->http://localhost:3000
16:32:00.528 [pool-2-thread-34] DEBUG org.apache.http.impl.execchain.MainClientExec -- Opening connection {}->http://localhost:3000
16:32:00.528 [pool-2-thread-40] DEBUG org.apache.http.impl.execchain.MainClientExec -- Opening connection {}->http://localhost:3000
16:32:00.528 [pool-2-thread-46] DEBUG org.apache.http.impl.execchain.MainClientExec -- Opening connection {}->http://localhost:3000
16:32:00.528 [pool-2-thread-11] DEBUG org.apache.http.impl.execchain.MainClientExec -- Opening connection {}->http://localhost:3000
16:32:00.528 [pool-2-thread-27] DEBUG org.apache.http.impl.execchain.MainClientExec -- Opening connection {}->http://localhost:3000
16:32:00.528 [pool-2-thread-14] DEBUG org.apache.http.impl.execchain.MainClientExec -- Opening connection {}->http://localhost:3000
16:32:00.528 [pool-2-thread-9] DEBUG org.apache.http.impl.execchain.MainClientExec -- Opening connection {}->http://localhost:3000
16:32:00.528 [pool-2-thread-18] DEBUG org.apache.http.impl.execchain.MainClientExec -- Opening connection {}->http://localhost:3000
16:32:00.528 [pool-2-thread-23] DEBUG org.apache.http.impl.execchain.MainClientExec -- Opening connection {}->http://localhost:3000
16:32:00.528 [pool-2-thread-29] DEBUG org.apache.http.impl.execchain.MainClientExec -- Opening connection {}->http://localhost:3000
16:32:00.528 [pool-2-thread-35] DEBUG org.apache.http.impl.execchain.MainClientExec -- Opening connection {}->http://localhost:3000
16:32:00.528 [pool-2-thread-49] DEBUG org.apache.http.impl.execchain.MainClientExec -- Opening connection {}->http://localhost:3000
16:32:00.528 [pool-2-thread-43] DEBUG org.apache.http.impl.execchain.MainClientExec -- Opening connection {}->http://localhost:3000
16:32:00.528 [pool-2-thread-12] DEBUG org.apache.http.impl.execchain.MainClientExec -- Opening connection {}->http://localhost:3000
16:32:00.528 [pool-2-thread-5] DEBUG org.apache.http.impl.execchain.MainClientExec -- Opening connection {}->http://localhost:3000
16:32:00.528 [pool-2-thread-21] DEBUG org.apache.http.impl.execchain.MainClientExec -- Opening connection {}->http://localhost:3000
16:32:00.528 [pool-2-thread-41] DEBUG org.apache.http.impl.execchain.MainClientExec -- Opening connection {}->http://localhost:3000
16:32:00.528 [pool-2-thread-1] DEBUG org.apache.http.impl.execchain.MainClientExec -- Opening connection {}->http://localhost:3000
16:32:00.528 [pool-2-thread-28] DEBUG org.apache.http.impl.execchain.MainClientExec -- Opening connection {}->http://localhost:3000
16:32:00.528 [pool-2-thread-42] DEBUG org.apache.http.impl.execchain.MainClientExec -- Opening connection {}->http://localhost:3000
16:32:00.528 [pool-2-thread-13] DEBUG org.apache.http.impl.execchain.MainClientExec -- Opening connection {}->http://localhost:3000
16:32:00.528 [pool-2-thread-39] DEBUG org.apache.http.impl.execchain.MainClientExec -- Opening connection {}->http://localhost:3000
16:32:00.528 [pool-2-thread-26] DEBUG org.apache.http.impl.execchain.MainClientExec -- Opening connection {}->http://localhost:3000
16:32:00.528 [pool-2-thread-7] DEBUG org.apache.http.impl.execchain.MainClientExec -- Opening connection {}->http://localhost:3000
16:32:00.528 [pool-2-thread-31] DEBUG org.apache.http.impl.execchain.MainClientExec -- Opening connection {}->http://localhost:3000
16:32:00.528 [pool-2-thread-4] DEBUG org.apache.http.impl.execchain.MainClientExec -- Opening connection {}->http://localhost:3000
16:32:00.528 [pool-2-thread-30] DEBUG org.apache.http.impl.execchain.MainClientExec -- Opening connection {}->http://localhost:3000
16:32:00.528 [pool-2-thread-15] DEBUG org.apache.http.impl.execchain.MainClientExec -- Opening connection {}->http://localhost:3000
16:32:00.528 [pool-2-thread-48] DEBUG org.apache.http.impl.execchain.MainClientExec -- Opening connection {}->http://localhost:3000
16:32:00.528 [pool-2-thread-36] DEBUG org.apache.http.impl.execchain.MainClientExec -- Opening connection {}->http://localhost:3000
16:32:00.543 [pool-2-thread-44] DEBUG org.apache.http.impl.conn.DefaultHttpClientConnectionOperator -- Connecting to localhost/127.0.0.1:3000
16:32:00.543 [pool-2-thread-49] DEBUG org.apache.http.impl.conn.DefaultHttpClientConnectionOperator -- Connecting to localhost/127.0.0.1:3000
16:32:00.543 [pool-2-thread-16] DEBUG org.apache.http.impl.conn.DefaultHttpClientConnectionOperator -- Connecting to localhost/127.0.0.1:3000
16:32:00.543 [pool-2-thread-40] DEBUG org.apache.http.impl.conn.DefaultHttpClientConnectionOperator -- Connecting to localhost/127.0.0.1:3000
16:32:00.544 [pool-2-thread-4] DEBUG org.apache.http.impl.conn.DefaultHttpClientConnectionOperator -- Connecting to localhost/127.0.0.1:3000
16:32:00.544 [pool-2-thread-33] DEBUG org.apache.http.impl.conn.DefaultHttpClientConnectionOperator -- Connecting to localhost/127.0.0.1:3000
16:32:00.544 [pool-2-thread-7] DEBUG org.apache.http.impl.conn.DefaultHttpClientConnectionOperator -- Connecting to localhost/127.0.0.1:3000
16:32:00.544 [pool-2-thread-14] DEBUG org.apache.http.impl.conn.DefaultHttpClientConnectionOperator -- Connecting to localhost/127.0.0.1:3000
16:32:00.547 [pool-2-thread-34] DEBUG org.apache.http.impl.conn.DefaultHttpClientConnectionOperator -- Connecting to localhost/127.0.0.1:3000
16:32:00.547 [pool-2-thread-22] DEBUG org.apache.http.impl.conn.DefaultHttpClientConnectionOperator -- Connecting to localhost/127.0.0.1:3000
16:32:00.547 [pool-2-thread-31] DEBUG org.apache.http.impl.conn.DefaultHttpClientConnectionOperator -- Connecting to localhost/127.0.0.1:3000
16:32:00.547 [pool-2-thread-28] DEBUG org.apache.http.impl.conn.DefaultHttpClientConnectionOperator -- Connecting to localhost/127.0.0.1:3000
16:32:00.547 [pool-2-thread-5] DEBUG org.apache.http.impl.conn.DefaultHttpClientConnectionOperator -- Connecting to localhost/127.0.0.1:3000
16:32:00.547 [pool-2-thread-10] DEBUG org.apache.http.impl.conn.DefaultHttpClientConnectionOperator -- Connecting to localhost/127.0.0.1:3000
16:32:00.547 [pool-2-thread-2] DEBUG org.apache.http.impl.conn.DefaultHttpClientConnectionOperator -- Connecting to localhost/127.0.0.1:3000
16:32:00.548 [pool-2-thread-22] DEBUG org.apache.http.impl.conn.DefaultHttpClientConnectionOperator -- Connection established 127.0.0.1:52177<->127.0.0.1:3000
16:32:00.548 [pool-2-thread-28] DEBUG org.apache.http.impl.conn.DefaultHttpClientConnectionOperator -- Connection established 127.0.0.1:52179<->127.0.0.1:3000
16:32:00.548 [pool-2-thread-34] DEBUG org.apache.http.impl.conn.DefaultHttpClientConnectionOperator -- Connection established 127.0.0.1:52176<->127.0.0.1:3000
16:32:00.548 [pool-2-thread-34] DEBUG org.apache.http.impl.conn.DefaultManagedHttpClientConnection -- http-outgoing-8: set socket timeout to 30000
16:32:00.548 [pool-2-thread-7] DEBUG org.apache.http.impl.conn.DefaultHttpClientConnectionOperator -- Connection established 127.0.0.1:52171<->127.0.0.1:3000
16:32:00.548 [pool-2-thread-7] DEBUG org.apache.http.impl.conn.DefaultManagedHttpClientConnection -- http-outgoing-5: set socket timeout to 30000
16:32:00.548 [pool-2-thread-2] DEBUG org.apache.http.impl.conn.DefaultHttpClientConnectionOperator -- Connection established 127.0.0.1:52182<->127.0.0.1:3000
16:32:00.548 [pool-2-thread-7] DEBUG org.apache.http.impl.execchain.MainClientExec -- Executing request POST /auth/login HTTP/1.1
16:32:00.548 [pool-2-thread-49] DEBUG org.apache.http.impl.conn.DefaultHttpClientConnectionOperator -- Connection established 127.0.0.1:52170<->127.0.0.1:3000
16:32:00.548 [pool-2-thread-49] DEBUG org.apache.http.impl.conn.DefaultManagedHttpClientConnection -- http-outgoing-7: set socket timeout to 30000
16:32:00.548 [pool-2-thread-33] DEBUG org.apache.http.impl.conn.DefaultHttpClientConnectionOperator -- Connection established 127.0.0.1:52169<->127.0.0.1:3000
16:32:00.548 [pool-2-thread-27] DEBUG org.apache.http.impl.conn.DefaultHttpClientConnectionOperator -- Connecting to localhost/127.0.0.1:3000
16:32:00.548 [pool-2-thread-44] DEBUG org.apache.http.impl.conn.DefaultHttpClientConnectionOperator -- Connection established 127.0.0.1:52173<->127.0.0.1:3000
16:32:00.548 [pool-2-thread-44] DEBUG org.apache.http.impl.conn.DefaultManagedHttpClientConnection -- http-outgoing-30: set socket timeout to 30000
16:32:00.548 [pool-2-thread-44] DEBUG org.apache.http.impl.execchain.MainClientExec -- Executing request POST /auth/login HTTP/1.1
16:32:00.548 [pool-2-thread-27] DEBUG org.apache.http.impl.conn.DefaultHttpClientConnectionOperator -- Connection established 127.0.0.1:52183<->127.0.0.1:3000
16:32:00.548 [pool-2-thread-27] DEBUG org.apache.http.impl.conn.DefaultManagedHttpClientConnection -- http-outgoing-45: set socket timeout to 30000
16:32:00.548 [pool-2-thread-27] DEBUG org.apache.http.impl.execchain.MainClientExec -- Executing request POST /auth/login HTTP/1.1
16:32:00.548 [pool-2-thread-38] DEBUG org.apache.http.impl.conn.DefaultHttpClientConnectionOperator -- Connecting to localhost/127.0.0.1:3000
16:32:00.543 [pool-2-thread-15] DEBUG org.apache.http.impl.conn.DefaultHttpClientConnectionOperator -- Connecting to localhost/127.0.0.1:3000
16:32:00.549 [pool-2-thread-44] DEBUG org.apache.http.impl.execchain.MainClientExec -- Target auth state: UNCHALLENGED
16:32:00.543 [pool-2-thread-35] DEBUG org.apache.http.impl.conn.DefaultHttpClientConnectionOperator -- Connecting to localhost/127.0.0.1:3000
16:32:00.543 [pool-2-thread-36] DEBUG org.apache.http.impl.conn.DefaultHttpClientConnectionOperator -- Connecting to localhost/127.0.0.1:3000
16:32:00.543 [pool-2-thread-24] DEBUG org.apache.http.impl.conn.DefaultHttpClientConnectionOperator -- Connecting to localhost/127.0.0.1:3000
16:32:00.550 [pool-2-thread-36] DEBUG org.apache.http.impl.conn.DefaultHttpClientConnectionOperator -- Connection established 127.0.0.1:52187<->127.0.0.1:3000
16:32:00.550 [pool-2-thread-36] DEBUG org.apache.http.impl.conn.DefaultManagedHttpClientConnection -- http-outgoing-19: set socket timeout to 30000
16:32:00.550 [pool-2-thread-36] DEBUG org.apache.http.impl.execchain.MainClientExec -- Executing request POST /auth/login HTTP/1.1
16:32:00.550 [pool-2-thread-36] DEBUG org.apache.http.impl.execchain.MainClientExec -- Target auth state: UNCHALLENGED
16:32:00.550 [pool-2-thread-44] DEBUG org.apache.http.impl.execchain.MainClientExec -- Proxy auth state: UNCHALLENGED
16:32:00.550 [pool-2-thread-36] DEBUG org.apache.http.impl.execchain.MainClientExec -- Proxy auth state: UNCHALLENGED
16:32:00.550 [pool-2-thread-24] DEBUG org.apache.http.impl.conn.DefaultHttpClientConnectionOperator -- Connection established 127.0.0.1:52188<->127.0.0.1:3000
16:32:00.550 [pool-2-thread-24] DEBUG org.apache.http.impl.conn.DefaultManagedHttpClientConnection -- http-outgoing-13: set socket timeout to 30000
16:32:00.550 [pool-2-thread-24] DEBUG org.apache.http.impl.execchain.MainClientExec -- Executing request POST /auth/login HTTP/1.1
16:32:00.550 [pool-2-thread-24] DEBUG org.apache.http.impl.execchain.MainClientExec -- Target auth state: UNCHALLENGED
16:32:00.550 [pool-2-thread-24] DEBUG org.apache.http.impl.execchain.MainClientExec -- Proxy auth state: UNCHALLENGED
16:32:00.543 [pool-2-thread-21] DEBUG org.apache.http.impl.conn.DefaultHttpClientConnectionOperator -- Connecting to localhost/127.0.0.1:3000
16:32:00.551 [pool-2-thread-3] DEBUG org.apache.http.impl.conn.DefaultHttpClientConnectionOperator -- Connecting to localhost/127.0.0.1:3000
16:32:00.544 [pool-2-thread-13] DEBUG org.apache.http.impl.conn.DefaultHttpClientConnectionOperator -- Connecting to localhost/127.0.0.1:3000
16:32:00.544 [pool-2-thread-29] DEBUG org.apache.http.impl.conn.DefaultHttpClientConnectionOperator -- Connecting to localhost/127.0.0.1:3000
16:32:00.551 [pool-2-thread-21] DEBUG org.apache.http.impl.conn.DefaultHttpClientConnectionOperator -- Connection established 127.0.0.1:52189<->127.0.0.1:3000
16:32:00.551 [pool-2-thread-21] DEBUG org.apache.http.impl.conn.DefaultManagedHttpClientConnection -- http-outgoing-11: set socket timeout to 30000
16:32:00.551 [pool-2-thread-3] DEBUG org.apache.http.impl.conn.DefaultHttpClientConnectionOperator -- Connection established 127.0.0.1:52190<->127.0.0.1:3000
16:32:00.544 [pool-2-thread-48] DEBUG org.apache.http.impl.conn.DefaultHttpClientConnectionOperator -- Connecting to localhost/127.0.0.1:3000
16:32:00.551 [pool-2-thread-29] DEBUG org.apache.http.impl.conn.DefaultHttpClientConnectionOperator -- Connection established 127.0.0.1:52192<->127.0.0.1:3000
16:32:00.547 [pool-2-thread-30] DEBUG org.apache.http.impl.conn.DefaultHttpClientConnectionOperator -- Connecting to localhost/127.0.0.1:3000
16:32:00.551 [pool-2-thread-39] DEBUG org.apache.http.impl.conn.DefaultHttpClientConnectionOperator -- Connecting to localhost/127.0.0.1:3000
16:32:00.551 [pool-2-thread-48] DEBUG org.apache.http.impl.conn.DefaultHttpClientConnectionOperator -- Connection established 127.0.0.1:52193<->127.0.0.1:3000
16:32:00.547 [pool-2-thread-9] DEBUG org.apache.http.impl.conn.DefaultHttpClientConnectionOperator -- Connecting to localhost/127.0.0.1:3000
16:32:00.552 [pool-2-thread-48] DEBUG org.apache.http.impl.conn.DefaultManagedHttpClientConnection -- http-outgoing-23: set socket timeout to 30000
16:32:00.552 [pool-2-thread-48] DEBUG org.apache.http.impl.execchain.MainClientExec -- Executing request POST /auth/login HTTP/1.1
16:32:00.552 [pool-2-thread-48] DEBUG org.apache.http.impl.execchain.MainClientExec -- Target auth state: UNCHALLENGED
16:32:00.552 [pool-2-thread-48] DEBUG org.apache.http.impl.execchain.MainClientExec -- Proxy auth state: UNCHALLENGED
16:32:00.546 [pool-2-thread-8] DEBUG org.apache.http.impl.conn.DefaultHttpClientConnectionOperator -- Connecting to localhost/127.0.0.1:3000
16:32:00.552 [pool-2-thread-39] DEBUG org.apache.http.impl.conn.DefaultHttpClientConnectionOperator -- Connection established 127.0.0.1:52195<->127.0.0.1:3000
16:32:00.548 [pool-2-thread-5] DEBUG org.apache.http.impl.conn.DefaultHttpClientConnectionOperator -- Connection established 127.0.0.1:52180<->127.0.0.1:3000
16:32:00.552 [pool-2-thread-5] DEBUG org.apache.http.impl.conn.DefaultManagedHttpClientConnection -- http-outgoing-41: set socket timeout to 30000
16:32:00.552 [pool-2-thread-9] DEBUG org.apache.http.impl.conn.DefaultHttpClientConnectionOperator -- Connection established 127.0.0.1:52196<->127.0.0.1:3000
16:32:00.552 [pool-2-thread-9] DEBUG org.apache.http.impl.conn.DefaultManagedHttpClientConnection -- http-outgoing-15: set socket timeout to 30000
16:32:00.552 [pool-2-thread-12] DEBUG org.apache.http.impl.conn.DefaultHttpClientConnectionOperator -- Connecting to localhost/127.0.0.1:3000
16:32:00.552 [pool-2-thread-37] DEBUG org.apache.http.impl.conn.DefaultHttpClientConnectionOperator -- Connecting to localhost/127.0.0.1:3000
16:32:00.552 [pool-2-thread-25] DEBUG org.apache.http.impl.conn.DefaultHttpClientConnectionOperator -- Connecting to localhost/127.0.0.1:3000
16:32:00.552 [pool-2-thread-37] DEBUG org.apache.http.impl.conn.DefaultHttpClientConnectionOperator -- Connection established 127.0.0.1:52199<->127.0.0.1:3000
16:32:00.553 [pool-2-thread-37] DEBUG org.apache.http.impl.conn.DefaultManagedHttpClientConnection -- http-outgoing-27: set socket timeout to 30000
16:32:00.553 [pool-2-thread-11] DEBUG org.apache.http.impl.conn.DefaultHttpClientConnectionOperator -- Connecting to localhost/127.0.0.1:3000
16:32:00.553 [pool-2-thread-25] DEBUG org.apache.http.impl.conn.DefaultHttpClientConnectionOperator -- Connection established 127.0.0.1:52200<->127.0.0.1:3000
16:32:00.553 [pool-2-thread-25] DEBUG org.apache.http.impl.conn.DefaultManagedHttpClientConnection -- http-outgoing-38: set socket timeout to 30000
16:32:00.553 [pool-2-thread-25] DEBUG org.apache.http.impl.execchain.MainClientExec -- Executing request POST /auth/login HTTP/1.1
16:32:00.553 [pool-2-thread-25] DEBUG org.apache.http.impl.execchain.MainClientExec -- Target auth state: UNCHALLENGED
16:32:00.553 [pool-2-thread-25] DEBUG org.apache.http.impl.execchain.MainClientExec -- Proxy auth state: UNCHALLENGED
16:32:00.553 [pool-2-thread-11] DEBUG org.apache.http.impl.conn.DefaultHttpClientConnectionOperator -- Connection established 127.0.0.1:52201<->127.0.0.1:3000
16:32:00.553 [pool-2-thread-11] DEBUG org.apache.http.impl.conn.DefaultManagedHttpClientConnection -- http-outgoing-3: set socket timeout to 30000
16:32:00.553 [pool-2-thread-11] DEBUG org.apache.http.impl.execchain.MainClientExec -- Executing request POST /auth/login HTTP/1.1
16:32:00.553 [pool-2-thread-11] DEBUG org.apache.http.impl.execchain.MainClientExec -- Target auth state: UNCHALLENGED
16:32:00.553 [pool-2-thread-11] DEBUG org.apache.http.impl.execchain.MainClientExec -- Proxy auth state: UNCHALLENGED
16:32:00.548 [pool-2-thread-50] DEBUG org.apache.http.impl.conn.DefaultHttpClientConnectionOperator -- Connecting to localhost/127.0.0.1:3000
16:32:00.548 [pool-2-thread-10] DEBUG org.apache.http.impl.conn.DefaultHttpClientConnectionOperator -- Connection established 127.0.0.1:52181<->127.0.0.1:3000
16:32:00.548 [pool-2-thread-31] DEBUG org.apache.http.impl.conn.DefaultHttpClientConnectionOperator -- Connection established 127.0.0.1:52178<->127.0.0.1:3000
16:32:00.554 [pool-2-thread-31] DEBUG org.apache.http.impl.conn.DefaultManagedHttpClientConnection -- http-outgoing-46: set socket timeout to 30000
16:32:00.554 [pool-2-thread-31] DEBUG org.apache.http.impl.execchain.MainClientExec -- Executing request POST /auth/login HTTP/1.1
16:32:00.554 [pool-2-thread-31] DEBUG org.apache.http.impl.execchain.MainClientExec -- Target auth state: UNCHALLENGED
16:32:00.554 [pool-2-thread-31] DEBUG org.apache.http.impl.execchain.MainClientExec -- Proxy auth state: UNCHALLENGED
16:32:00.554 [pool-2-thread-50] DEBUG org.apache.http.impl.conn.DefaultHttpClientConnectionOperator -- Connection established 127.0.0.1:52202<->127.0.0.1:3000
16:32:00.548 [pool-2-thread-23] DEBUG org.apache.http.impl.conn.DefaultHttpClientConnectionOperator -- Connecting to localhost/127.0.0.1:3000
16:32:00.554 [pool-2-thread-50] DEBUG org.apache.http.impl.conn.DefaultManagedHttpClientConnection -- http-outgoing-10: set socket timeout to 30000
16:32:00.554 [pool-2-thread-50] DEBUG org.apache.http.impl.execchain.MainClientExec -- Executing request POST /auth/login HTTP/1.1
16:32:00.554 [pool-2-thread-50] DEBUG org.apache.http.impl.execchain.MainClientExec -- Target auth state: UNCHALLENGED
16:32:00.554 [pool-2-thread-50] DEBUG org.apache.http.impl.execchain.MainClientExec -- Proxy auth state: UNCHALLENGED
16:32:00.548 [pool-2-thread-22] DEBUG org.apache.http.impl.conn.DefaultManagedHttpClientConnection -- http-outgoing-9: set socket timeout to 30000
16:32:00.554 [pool-2-thread-22] DEBUG org.apache.http.impl.execchain.MainClientExec -- Executing request POST /auth/login HTTP/1.1
16:32:00.554 [pool-2-thread-22] DEBUG org.apache.http.impl.execchain.MainClientExec -- Target auth state: UNCHALLENGED
16:32:00.554 [pool-2-thread-22] DEBUG org.apache.http.impl.execchain.MainClientExec -- Proxy auth state: UNCHALLENGED
16:32:00.548 [pool-2-thread-28] DEBUG org.apache.http.impl.conn.DefaultManagedHttpClientConnection -- http-outgoing-21: set socket timeout to 30000
16:32:00.554 [pool-2-thread-28] DEBUG org.apache.http.impl.execchain.MainClientExec -- Executing request POST /auth/login HTTP/1.1
16:32:00.554 [pool-2-thread-23] DEBUG org.apache.http.impl.conn.DefaultHttpClientConnectionOperator -- Connection established 127.0.0.1:52203<->127.0.0.1:3000
16:32:00.555 [pool-2-thread-23] DEBUG org.apache.http.impl.conn.DefaultManagedHttpClientConnection -- http-outgoing-42: set socket timeout to 30000
16:32:00.555 [pool-2-thread-23] DEBUG org.apache.http.impl.execchain.MainClientExec -- Executing request POST /auth/login HTTP/1.1
16:32:00.555 [pool-2-thread-23] DEBUG org.apache.http.impl.execchain.MainClientExec -- Target auth state: UNCHALLENGED
16:32:00.555 [pool-2-thread-23] DEBUG org.apache.http.impl.execchain.MainClientExec -- Proxy auth state: UNCHALLENGED
16:32:00.548 [pool-2-thread-2] DEBUG org.apache.http.impl.conn.DefaultManagedHttpClientConnection -- http-outgoing-24: set socket timeout to 30000
16:32:00.548 [pool-2-thread-34] DEBUG org.apache.http.impl.execchain.MainClientExec -- Executing request POST /auth/login HTTP/1.1
16:32:00.548 [pool-2-thread-17] DEBUG org.apache.http.impl.conn.DefaultHttpClientConnectionOperator -- Connecting to localhost/127.0.0.1:3000
16:32:00.557 [pool-2-thread-34] DEBUG org.apache.http.impl.execchain.MainClientExec -- Target auth state: UNCHALLENGED
16:32:00.557 [pool-2-thread-34] DEBUG org.apache.http.impl.execchain.MainClientExec -- Proxy auth state: UNCHALLENGED
16:32:00.557 [pool-2-thread-2] DEBUG org.apache.http.impl.execchain.MainClientExec -- Executing request POST /auth/login HTTP/1.1
16:32:00.548 [pool-2-thread-4] DEBUG org.apache.http.impl.conn.DefaultHttpClientConnectionOperator -- Connection established 127.0.0.1:52172<->127.0.0.1:3000
16:32:00.557 [pool-2-thread-2] DEBUG org.apache.http.impl.execchain.MainClientExec -- Target auth state: UNCHALLENGED
16:32:00.557 [pool-2-thread-2] DEBUG org.apache.http.impl.execchain.MainClientExec -- Proxy auth state: UNCHALLENGED
16:32:00.548 [pool-2-thread-41] DEBUG org.apache.http.impl.conn.DefaultHttpClientConnectionOperator -- Connecting to localhost/127.0.0.1:3000
16:32:00.548 [pool-2-thread-40] DEBUG org.apache.http.impl.conn.DefaultHttpClientConnectionOperator -- Connection established 127.0.0.1:52174<->127.0.0.1:3000
16:32:00.548 [pool-2-thread-7] DEBUG org.apache.http.impl.execchain.MainClientExec -- Target auth state: UNCHALLENGED
16:32:00.557 [pool-2-thread-40] DEBUG org.apache.http.impl.conn.DefaultManagedHttpClientConnection -- http-outgoing-17: set socket timeout to 30000
16:32:00.558 [pool-2-thread-7] DEBUG org.apache.http.impl.execchain.MainClientExec -- Proxy auth state: UNCHALLENGED
16:32:00.558 [pool-2-thread-40] DEBUG org.apache.http.impl.execchain.MainClientExec -- Executing request POST /auth/login HTTP/1.1
16:32:00.558 [pool-2-thread-40] DEBUG org.apache.http.impl.execchain.MainClientExec -- Target auth state: UNCHALLENGED
16:32:00.558 [pool-2-thread-40] DEBUG org.apache.http.impl.execchain.MainClientExec -- Proxy auth state: UNCHALLENGED
16:32:00.558 [pool-2-thread-17] DEBUG org.apache.http.impl.conn.DefaultHttpClientConnectionOperator -- Connection established 127.0.0.1:52204<->127.0.0.1:3000
16:32:00.558 [pool-2-thread-17] DEBUG org.apache.http.impl.conn.DefaultManagedHttpClientConnection -- http-outgoing-28: set socket timeout to 30000
16:32:00.558 [pool-2-thread-41] DEBUG org.apache.http.impl.conn.DefaultHttpClientConnectionOperator -- Connection established 127.0.0.1:52205<->127.0.0.1:3000
16:32:00.558 [pool-2-thread-41] DEBUG org.apache.http.impl.conn.DefaultManagedHttpClientConnection -- http-outgoing-0: set socket timeout to 30000
16:32:00.558 [pool-2-thread-4] DEBUG org.apache.http.impl.conn.DefaultManagedHttpClientConnection -- http-outgoing-48: set socket timeout to 30000
16:32:00.558 [pool-2-thread-4] DEBUG org.apache.http.impl.execchain.MainClientExec -- Executing request POST /auth/login HTTP/1.1
16:32:00.558 [pool-2-thread-4] DEBUG org.apache.http.impl.execchain.MainClientExec -- Target auth state: UNCHALLENGED
16:32:00.558 [pool-2-thread-4] DEBUG org.apache.http.impl.execchain.MainClientExec -- Proxy auth state: UNCHALLENGED
16:32:00.548 [pool-2-thread-14] DEBUG org.apache.http.impl.conn.DefaultHttpClientConnectionOperator -- Connection established 127.0.0.1:52175<->127.0.0.1:3000
16:32:00.559 [pool-2-thread-14] DEBUG org.apache.http.impl.conn.DefaultManagedHttpClientConnection -- http-outgoing-36: set socket timeout to 30000
16:32:00.548 [pool-2-thread-16] DEBUG org.apache.http.impl.conn.DefaultHttpClientConnectionOperator -- Connection established 127.0.0.1:52168<->127.0.0.1:3000
16:32:00.559 [pool-2-thread-14] DEBUG org.apache.http.impl.execchain.MainClientExec -- Executing request POST /auth/login HTTP/1.1
16:32:00.559 [pool-2-thread-14] DEBUG org.apache.http.impl.execchain.MainClientExec -- Target auth state: UNCHALLENGED
16:32:00.548 [pool-2-thread-49] DEBUG org.apache.http.impl.execchain.MainClientExec -- Executing request POST /auth/login HTTP/1.1
16:32:00.548 [pool-2-thread-33] DEBUG org.apache.http.impl.conn.DefaultManagedHttpClientConnection -- http-outgoing-29: set socket timeout to 30000
16:32:00.560 [pool-2-thread-33] DEBUG org.apache.http.impl.execchain.MainClientExec -- Executing request POST /auth/login HTTP/1.1
16:32:00.560 [pool-2-thread-33] DEBUG org.apache.http.impl.execchain.MainClientExec -- Target auth state: UNCHALLENGED
16:32:00.560 [pool-2-thread-33] DEBUG org.apache.http.impl.execchain.MainClientExec -- Proxy auth state: UNCHALLENGED
16:32:00.548 [pool-2-thread-32] DEBUG org.apache.http.impl.conn.DefaultHttpClientConnectionOperator -- Connecting to localhost/127.0.0.1:3000
16:32:00.548 [pool-2-thread-27] DEBUG org.apache.http.impl.execchain.MainClientExec -- Target auth state: UNCHALLENGED
16:32:00.560 [pool-2-thread-27] DEBUG org.apache.http.impl.execchain.MainClientExec -- Proxy auth state: UNCHALLENGED
16:32:00.549 [pool-2-thread-15] DEBUG org.apache.http.impl.conn.DefaultHttpClientConnectionOperator -- Connection established 127.0.0.1:52184<->127.0.0.1:3000
16:32:00.549 [pool-2-thread-35] DEBUG org.apache.http.impl.conn.DefaultHttpClientConnectionOperator -- Connection established 127.0.0.1:52186<->127.0.0.1:3000
16:32:00.560 [pool-2-thread-15] DEBUG org.apache.http.impl.conn.DefaultManagedHttpClientConnection -- http-outgoing-12: set socket timeout to 30000
16:32:00.560 [pool-2-thread-35] DEBUG org.apache.http.impl.conn.DefaultManagedHttpClientConnection -- http-outgoing-39: set socket timeout to 30000
16:32:00.550 [pool-2-thread-38] DEBUG org.apache.http.impl.conn.DefaultHttpClientConnectionOperator -- Connection established 127.0.0.1:52185<->127.0.0.1:3000
16:32:00.561 [pool-2-thread-38] DEBUG org.apache.http.impl.conn.DefaultManagedHttpClientConnection -- http-outgoing-18: set socket timeout to 30000
16:32:00.561 [pool-2-thread-22] DEBUG org.apache.http.headers -- http-outgoing-9 >> POST /auth/login HTTP/1.1
16:32:00.561 [pool-2-thread-32] DEBUG org.apache.http.impl.conn.DefaultHttpClientConnectionOperator -- Connection established 127.0.0.1:52206<->127.0.0.1:3000
16:32:00.561 [pool-2-thread-22] DEBUG org.apache.http.headers -- http-outgoing-9 >> Content-Type: application/json; charset=UTF-8
16:32:00.561 [pool-2-thread-22] DEBUG org.apache.http.headers -- http-outgoing-9 >> Content-Length: 48
16:32:00.561 [pool-2-thread-31] DEBUG org.apache.http.headers -- http-outgoing-46 >> POST /auth/login HTTP/1.1
16:32:00.561 [pool-2-thread-31] DEBUG org.apache.http.headers -- http-outgoing-46 >> Content-Type: application/json; charset=UTF-8
16:32:00.561 [pool-2-thread-36] DEBUG org.apache.http.headers -- http-outgoing-19 >> POST /auth/login HTTP/1.1
16:32:00.551 [pool-2-thread-45] DEBUG org.apache.http.impl.conn.DefaultHttpClientConnectionOperator -- Connecting to localhost/127.0.0.1:3000
16:32:00.561 [pool-2-thread-36] DEBUG org.apache.http.headers -- http-outgoing-19 >> Content-Type: application/json; charset=UTF-8
16:32:00.561 [pool-2-thread-36] DEBUG org.apache.http.headers -- http-outgoing-19 >> Content-Length: 54
16:32:00.561 [pool-2-thread-36] DEBUG org.apache.http.headers -- http-outgoing-19 >> Host: localhost:3000
16:32:00.561 [pool-2-thread-36] DEBUG org.apache.http.headers -- http-outgoing-19 >> Connection: Keep-Alive
16:32:00.561 [pool-2-thread-36] DEBUG org.apache.http.headers -- http-outgoing-19 >> User-Agent: Apache-HttpClient/4.5.14 (Java/17.0.9)
16:32:00.561 [pool-2-thread-36] DEBUG org.apache.http.headers -- http-outgoing-19 >> Accept-Encoding: gzip,deflate
16:32:00.562 [pool-2-thread-2] DEBUG org.apache.http.headers -- http-outgoing-24 >> POST /auth/login HTTP/1.1
16:32:00.562 [pool-2-thread-2] DEBUG org.apache.http.headers -- http-outgoing-24 >> Content-Type: application/json; charset=UTF-8
16:32:00.562 [pool-2-thread-2] DEBUG org.apache.http.headers -- http-outgoing-24 >> Content-Length: 48
16:32:00.562 [pool-2-thread-2] DEBUG org.apache.http.headers -- http-outgoing-24 >> Host: localhost:3000
16:32:00.562 [pool-2-thread-2] DEBUG org.apache.http.headers -- http-outgoing-24 >> Connection: Keep-Alive
16:32:00.562 [pool-2-thread-2] DEBUG org.apache.http.headers -- http-outgoing-24 >> User-Agent: Apache-HttpClient/4.5.14 (Java/17.0.9)
16:32:00.562 [pool-2-thread-36] DEBUG org.apache.http.wire -- http-outgoing-19 >> "POST /auth/login HTTP/1.1[\r][\n]"
16:32:00.562 [pool-2-thread-36] DEBUG org.apache.http.wire -- http-outgoing-19 >> "Content-Type: application/json; charset=UTF-8[\r][\n]"
16:32:00.562 [pool-2-thread-36] DEBUG org.apache.http.wire -- http-outgoing-19 >> "Content-Length: 54[\r][\n]"
16:32:00.562 [pool-2-thread-36] DEBUG org.apache.http.wire -- http-outgoing-19 >> "Host: localhost:3000[\r][\n]"
16:32:00.562 [pool-2-thread-36] DEBUG org.apache.http.wire -- http-outgoing-19 >> "Connection: Keep-Alive[\r][\n]"
16:32:00.562 [pool-2-thread-36] DEBUG org.apache.http.wire -- http-outgoing-19 >> "User-Agent: Apache-HttpClient/4.5.14 (Java/17.0.9)[\r][\n]"
16:32:00.562 [pool-2-thread-36] DEBUG org.apache.http.wire -- http-outgoing-19 >> "Accept-Encoding: gzip,deflate[\r][\n]"
16:32:00.562 [pool-2-thread-36] DEBUG org.apache.http.wire -- http-outgoing-19 >> "[\r][\n]"
16:32:00.562 [pool-2-thread-36] DEBUG org.apache.http.wire -- http-outgoing-19 >> "{"email":"testit4@gmail.com","password":"Password123"}"
16:32:00.551 [pool-2-thread-21] DEBUG org.apache.http.impl.execchain.MainClientExec -- Executing request POST /auth/login HTTP/1.1
16:32:00.565 [pool-2-thread-21] DEBUG org.apache.http.impl.execchain.MainClientExec -- Target auth state: UNCHALLENGED
16:32:00.565 [pool-2-thread-21] DEBUG org.apache.http.impl.execchain.MainClientExec -- Proxy auth state: UNCHALLENGED
16:32:00.565 [pool-2-thread-21] DEBUG org.apache.http.headers -- http-outgoing-11 >> POST /auth/login HTTP/1.1
16:32:00.565 [pool-2-thread-21] DEBUG org.apache.http.headers -- http-outgoing-11 >> Content-Type: application/json; charset=UTF-8
16:32:00.565 [pool-2-thread-21] DEBUG org.apache.http.headers -- http-outgoing-11 >> Content-Length: 45
16:32:00.565 [pool-2-thread-21] DEBUG org.apache.http.headers -- http-outgoing-11 >> Host: localhost:3000
16:32:00.566 [pool-2-thread-21] DEBUG org.apache.http.headers -- http-outgoing-11 >> Connection: Keep-Alive
16:32:00.566 [pool-2-thread-24] DEBUG org.apache.http.headers -- http-outgoing-13 >> POST /auth/login HTTP/1.1
16:32:00.566 [pool-2-thread-24] DEBUG org.apache.http.headers -- http-outgoing-13 >> Content-Type: application/json; charset=UTF-8
16:32:00.566 [pool-2-thread-24] DEBUG org.apache.http.headers -- http-outgoing-13 >> Content-Length: 54
16:32:00.551 [pool-2-thread-13] DEBUG org.apache.http.impl.conn.DefaultHttpClientConnectionOperator -- Connection established 127.0.0.1:52191<->127.0.0.1:3000
16:32:00.566 [pool-2-thread-24] DEBUG org.apache.http.headers -- http-outgoing-13 >> Host: localhost:3000
16:32:00.567 [pool-2-thread-11] DEBUG org.apache.http.headers -- http-outgoing-3 >> POST /auth/login HTTP/1.1
16:32:00.567 [pool-2-thread-11] DEBUG org.apache.http.headers -- http-outgoing-3 >> Content-Type: application/json; charset=UTF-8
16:32:00.567 [pool-2-thread-11] DEBUG org.apache.http.headers -- http-outgoing-3 >> Content-Length: 45
16:32:00.567 [pool-2-thread-11] DEBUG org.apache.http.headers -- http-outgoing-3 >> Host: localhost:3000
16:32:00.567 [pool-2-thread-11] DEBUG org.apache.http.headers -- http-outgoing-3 >> Connection: Keep-Alive
16:32:00.567 [pool-2-thread-11] DEBUG org.apache.http.headers -- http-outgoing-3 >> User-Agent: Apache-HttpClient/4.5.14 (Java/17.0.9)
16:32:00.567 [pool-2-thread-11] DEBUG org.apache.http.headers -- http-outgoing-3 >> Accept-Encoding: gzip,deflate
16:32:00.567 [pool-2-thread-11] DEBUG org.apache.http.wire -- http-outgoing-3 >> "POST /auth/login HTTP/1.1[\r][\n]"
16:32:00.567 [pool-2-thread-11] DEBUG org.apache.http.wire -- http-outgoing-3 >> "Content-Type: application/json; charset=UTF-8[\r][\n]"
16:32:00.567 [pool-2-thread-11] DEBUG org.apache.http.wire -- http-outgoing-3 >> "Content-Length: 45[\r][\n]"
16:32:00.567 [pool-2-thread-11] DEBUG org.apache.http.wire -- http-outgoing-3 >> "Host: localhost:3000[\r][\n]"
16:32:00.567 [pool-2-thread-11] DEBUG org.apache.http.wire -- http-outgoing-3 >> "Connection: Keep-Alive[\r][\n]"
16:32:00.567 [pool-2-thread-11] DEBUG org.apache.http.wire -- http-outgoing-3 >> "User-Agent: Apache-HttpClient/4.5.14 (Java/17.0.9)[\r][\n]"
16:32:00.567 [pool-2-thread-11] DEBUG org.apache.http.wire -- http-outgoing-3 >> "Accept-Encoding: gzip,deflate[\r][\n]"
16:32:00.567 [pool-2-thread-11] DEBUG org.apache.http.wire -- http-outgoing-3 >> "[\r][\n]"
16:32:00.567 [pool-2-thread-11] DEBUG org.apache.http.wire -- http-outgoing-3 >> "{"email":"nam@gmail.com","password":"123456"}"
16:32:00.568 [pool-2-thread-33] DEBUG org.apache.http.headers -- http-outgoing-29 >> POST /auth/login HTTP/1.1
16:32:00.569 [pool-2-thread-33] DEBUG org.apache.http.headers -- http-outgoing-29 >> Content-Type: application/json; charset=UTF-8
16:32:00.569 [pool-2-thread-33] DEBUG org.apache.http.headers -- http-outgoing-29 >> Content-Length: 53
16:32:00.569 [pool-2-thread-33] DEBUG org.apache.http.headers -- http-outgoing-29 >> Host: localhost:3000
16:32:00.569 [pool-2-thread-33] DEBUG org.apache.http.headers -- http-outgoing-29 >> Connection: Keep-Alive
16:32:00.569 [pool-2-thread-33] DEBUG org.apache.http.headers -- http-outgoing-29 >> User-Agent: Apache-HttpClient/4.5.14 (Java/17.0.9)
16:32:00.569 [pool-2-thread-33] DEBUG org.apache.http.headers -- http-outgoing-29 >> Accept-Encoding: gzip,deflate
16:32:00.569 [pool-2-thread-33] DEBUG org.apache.http.wire -- http-outgoing-29 >> "POST /auth/login HTTP/1.1[\r][\n]"
16:32:00.569 [pool-2-thread-33] DEBUG org.apache.http.wire -- http-outgoing-29 >> "Content-Type: application/json; charset=UTF-8[\r][\n]"
16:32:00.569 [pool-2-thread-33] DEBUG org.apache.http.wire -- http-outgoing-29 >> "Content-Length: 53[\r][\n]"
16:32:00.569 [pool-2-thread-33] DEBUG org.apache.http.wire -- http-outgoing-29 >> "Host: localhost:3000[\r][\n]"
16:32:00.569 [pool-2-thread-33] DEBUG org.apache.http.wire -- http-outgoing-29 >> "Connection: Keep-Alive[\r][\n]"
16:32:00.569 [pool-2-thread-33] DEBUG org.apache.http.wire -- http-outgoing-29 >> "User-Agent: Apache-HttpClient/4.5.14 (Java/17.0.9)[\r][\n]"
16:32:00.569 [pool-2-thread-33] DEBUG org.apache.http.wire -- http-outgoing-29 >> "Accept-Encoding: gzip,deflate[\r][\n]"
16:32:00.569 [pool-2-thread-33] DEBUG org.apache.http.wire -- http-outgoing-29 >> "[\r][\n]"
16:32:00.569 [pool-2-thread-33] DEBUG org.apache.http.wire -- http-outgoing-29 >> "{"email":"test@example.com","password":"Password123"}"
16:32:00.569 [pool-2-thread-40] DEBUG org.apache.http.headers -- http-outgoing-17 >> POST /auth/login HTTP/1.1
16:32:00.569 [pool-2-thread-40] DEBUG org.apache.http.headers -- http-outgoing-17 >> Content-Type: application/json; charset=UTF-8
16:32:00.570 [pool-2-thread-40] DEBUG org.apache.http.headers -- http-outgoing-17 >> Content-Length: 54
16:32:00.570 [pool-2-thread-40] DEBUG org.apache.http.headers -- http-outgoing-17 >> Host: localhost:3000
16:32:00.570 [pool-2-thread-40] DEBUG org.apache.http.headers -- http-outgoing-17 >> Connection: Keep-Alive
16:32:00.570 [pool-2-thread-40] DEBUG org.apache.http.headers -- http-outgoing-17 >> User-Agent: Apache-HttpClient/4.5.14 (Java/17.0.9)
16:32:00.570 [pool-2-thread-40] DEBUG org.apache.http.headers -- http-outgoing-17 >> Accept-Encoding: gzip,deflate
16:32:00.570 [pool-2-thread-40] DEBUG org.apache.http.wire -- http-outgoing-17 >> "POST /auth/login HTTP/1.1[\r][\n]"
16:32:00.570 [pool-2-thread-40] DEBUG org.apache.http.wire -- http-outgoing-17 >> "Content-Type: application/json; charset=UTF-8[\r][\n]"
16:32:00.570 [pool-2-thread-40] DEBUG org.apache.http.wire -- http-outgoing-17 >> "Content-Length: 54[\r][\n]"
16:32:00.570 [pool-2-thread-40] DEBUG org.apache.http.wire -- http-outgoing-17 >> "Host: localhost:3000[\r][\n]"
16:32:00.570 [pool-2-thread-40] DEBUG org.apache.http.wire -- http-outgoing-17 >> "Connection: Keep-Alive[\r][\n]"
16:32:00.570 [pool-2-thread-40] DEBUG org.apache.http.wire -- http-outgoing-17 >> "User-Agent: Apache-HttpClient/4.5.14 (Java/17.0.9)[\r][\n]"
16:32:00.570 [pool-2-thread-40] DEBUG org.apache.http.wire -- http-outgoing-17 >> "Accept-Encoding: gzip,deflate[\r][\n]"
16:32:00.570 [pool-2-thread-40] DEBUG org.apache.http.wire -- http-outgoing-17 >> "[\r][\n]"
16:32:00.570 [pool-2-thread-40] DEBUG org.apache.http.wire -- http-outgoing-17 >> "{"email":"testit2@gmail.com","password":"Password123"}"
16:32:00.551 [pool-2-thread-3] DEBUG org.apache.http.impl.conn.DefaultManagedHttpClientConnection -- http-outgoing-35: set socket timeout to 30000
16:32:00.571 [pool-2-thread-3] DEBUG org.apache.http.impl.execchain.MainClientExec -- Executing request POST /auth/login HTTP/1.1
16:32:00.571 [pool-2-thread-3] DEBUG org.apache.http.impl.execchain.MainClientExec -- Target auth state: UNCHALLENGED
16:32:00.571 [pool-2-thread-3] DEBUG org.apache.http.impl.execchain.MainClientExec -- Proxy auth state: UNCHALLENGED
16:32:00.572 [pool-2-thread-3] DEBUG org.apache.http.headers -- http-outgoing-35 >> POST /auth/login HTTP/1.1
16:32:00.572 [pool-2-thread-3] DEBUG org.apache.http.headers -- http-outgoing-35 >> Content-Type: application/json; charset=UTF-8
16:32:00.572 [pool-2-thread-3] DEBUG org.apache.http.headers -- http-outgoing-35 >> Content-Length: 53
16:32:00.572 [pool-2-thread-3] DEBUG org.apache.http.headers -- http-outgoing-35 >> Host: localhost:3000
16:32:00.572 [pool-2-thread-3] DEBUG org.apache.http.headers -- http-outgoing-35 >> Connection: Keep-Alive
16:32:00.572 [pool-2-thread-3] DEBUG org.apache.http.headers -- http-outgoing-35 >> User-Agent: Apache-HttpClient/4.5.14 (Java/17.0.9)
16:32:00.572 [pool-2-thread-3] DEBUG org.apache.http.headers -- http-outgoing-35 >> Accept-Encoding: gzip,deflate
16:32:00.572 [pool-2-thread-3] DEBUG org.apache.http.wire -- http-outgoing-35 >> "POST /auth/login HTTP/1.1[\r][\n]"
16:32:00.572 [pool-2-thread-3] DEBUG org.apache.http.wire -- http-outgoing-35 >> "Content-Type: application/json; charset=UTF-8[\r][\n]"
16:32:00.572 [pool-2-thread-3] DEBUG org.apache.http.wire -- http-outgoing-35 >> "Content-Length: 53[\r][\n]"
16:32:00.572 [pool-2-thread-3] DEBUG org.apache.http.wire -- http-outgoing-35 >> "Host: localhost:3000[\r][\n]"
16:32:00.572 [pool-2-thread-3] DEBUG org.apache.http.wire -- http-outgoing-35 >> "Connection: Keep-Alive[\r][\n]"
16:32:00.572 [pool-2-thread-3] DEBUG org.apache.http.wire -- http-outgoing-35 >> "User-Agent: Apache-HttpClient/4.5.14 (Java/17.0.9)[\r][\n]"
16:32:00.572 [pool-2-thread-3] DEBUG org.apache.http.wire -- http-outgoing-35 >> "Accept-Encoding: gzip,deflate[\r][\n]"
16:32:00.572 [pool-2-thread-3] DEBUG org.apache.http.wire -- http-outgoing-35 >> "[\r][\n]"
16:32:00.572 [pool-2-thread-3] DEBUG org.apache.http.wire -- http-outgoing-35 >> "{"email":"test@example.com","password":"Password123"}"
16:32:00.551 [pool-2-thread-29] DEBUG org.apache.http.impl.conn.DefaultManagedHttpClientConnection -- http-outgoing-22: set socket timeout to 30000
16:32:00.572 [pool-2-thread-29] DEBUG org.apache.http.impl.execchain.MainClientExec -- Executing request POST /auth/login HTTP/1.1
16:32:00.572 [pool-2-thread-29] DEBUG org.apache.http.impl.execchain.MainClientExec -- Target auth state: UNCHALLENGED
16:32:00.572 [pool-2-thread-29] DEBUG org.apache.http.impl.execchain.MainClientExec -- Proxy auth state: UNCHALLENGED
16:32:00.573 [pool-2-thread-29] DEBUG org.apache.http.headers -- http-outgoing-22 >> POST /auth/login HTTP/1.1
16:32:00.573 [pool-2-thread-29] DEBUG org.apache.http.headers -- http-outgoing-22 >> Content-Type: application/json; charset=UTF-8
16:32:00.573 [pool-2-thread-29] DEBUG org.apache.http.headers -- http-outgoing-22 >> Content-Length: 53
16:32:00.573 [pool-2-thread-29] DEBUG org.apache.http.headers -- http-outgoing-22 >> Host: localhost:3000
16:32:00.573 [pool-2-thread-29] DEBUG org.apache.http.headers -- http-outgoing-22 >> Connection: Keep-Alive
16:32:00.573 [pool-2-thread-29] DEBUG org.apache.http.headers -- http-outgoing-22 >> User-Agent: Apache-HttpClient/4.5.14 (Java/17.0.9)
16:32:00.573 [pool-2-thread-29] DEBUG org.apache.http.headers -- http-outgoing-22 >> Accept-Encoding: gzip,deflate
16:32:00.573 [pool-2-thread-29] DEBUG org.apache.http.wire -- http-outgoing-22 >> "POST /auth/login HTTP/1.1[\r][\n]"
16:32:00.573 [pool-2-thread-29] DEBUG org.apache.http.wire -- http-outgoing-22 >> "Content-Type: application/json; charset=UTF-8[\r][\n]"
16:32:00.573 [pool-2-thread-29] DEBUG org.apache.http.wire -- http-outgoing-22 >> "Content-Length: 53[\r][\n]"
16:32:00.573 [pool-2-thread-29] DEBUG org.apache.http.wire -- http-outgoing-22 >> "Host: localhost:3000[\r][\n]"
16:32:00.573 [pool-2-thread-29] DEBUG org.apache.http.wire -- http-outgoing-22 >> "Connection: Keep-Alive[\r][\n]"
16:32:00.573 [pool-2-thread-29] DEBUG org.apache.http.wire -- http-outgoing-22 >> "User-Agent: Apache-HttpClient/4.5.14 (Java/17.0.9)[\r][\n]"
16:32:00.573 [pool-2-thread-29] DEBUG org.apache.http.wire -- http-outgoing-22 >> "Accept-Encoding: gzip,deflate[\r][\n]"
16:32:00.573 [pool-2-thread-29] DEBUG org.apache.http.wire -- http-outgoing-22 >> "[\r][\n]"
16:32:00.573 [pool-2-thread-29] DEBUG org.apache.http.wire -- http-outgoing-22 >> "{"email":"testit@gmail.com","password":"Password123"}"
16:32:00.551 [pool-2-thread-20] DEBUG org.apache.http.impl.conn.DefaultHttpClientConnectionOperator -- Connecting to localhost/127.0.0.1:3000
16:32:00.552 [pool-2-thread-30] DEBUG org.apache.http.impl.conn.DefaultHttpClientConnectionOperator -- Connection established 127.0.0.1:52194<->127.0.0.1:3000
16:32:00.575 [pool-2-thread-30] DEBUG org.apache.http.impl.conn.DefaultManagedHttpClientConnection -- http-outgoing-2: set socket timeout to 30000
16:32:00.575 [pool-2-thread-30] DEBUG org.apache.http.impl.execchain.MainClientExec -- Executing request POST /auth/login HTTP/1.1
16:32:00.575 [pool-2-thread-30] DEBUG org.apache.http.impl.execchain.MainClientExec -- Target auth state: UNCHALLENGED
16:32:00.575 [pool-2-thread-30] DEBUG org.apache.http.impl.execchain.MainClientExec -- Proxy auth state: UNCHALLENGED
16:32:00.552 [pool-2-thread-26] DEBUG org.apache.http.impl.conn.DefaultHttpClientConnectionOperator -- Connecting to localhost/127.0.0.1:3000
16:32:00.552 [pool-2-thread-42] DEBUG org.apache.http.impl.conn.DefaultHttpClientConnectionOperator -- Connecting to localhost/127.0.0.1:3000
16:32:00.577 [pool-2-thread-20] DEBUG org.apache.http.impl.conn.DefaultHttpClientConnectionOperator -- Connection established 127.0.0.1:52208<->127.0.0.1:3000
16:32:00.578 [pool-2-thread-20] DEBUG org.apache.http.impl.conn.DefaultManagedHttpClientConnection -- http-outgoing-47: set socket timeout to 30000
16:32:00.552 [pool-2-thread-39] DEBUG org.apache.http.impl.conn.DefaultManagedHttpClientConnection -- http-outgoing-49: set socket timeout to 30000
16:32:00.578 [pool-2-thread-20] DEBUG org.apache.http.impl.execchain.MainClientExec -- Executing request POST /auth/login HTTP/1.1
16:32:00.578 [pool-2-thread-39] DEBUG org.apache.http.impl.execchain.MainClientExec -- Executing request POST /auth/login HTTP/1.1
16:32:00.578 [pool-2-thread-39] DEBUG org.apache.http.impl.execchain.MainClientExec -- Target auth state: UNCHALLENGED
16:32:00.578 [pool-2-thread-39] DEBUG org.apache.http.impl.execchain.MainClientExec -- Proxy auth state: UNCHALLENGED
16:32:00.552 [pool-2-thread-18] DEBUG org.apache.http.impl.conn.DefaultHttpClientConnectionOperator -- Connecting to localhost/127.0.0.1:3000
16:32:00.578 [pool-2-thread-39] DEBUG org.apache.http.headers -- http-outgoing-49 >> POST /auth/login HTTP/1.1
16:32:00.578 [pool-2-thread-39] DEBUG org.apache.http.headers -- http-outgoing-49 >> Content-Type: application/json; charset=UTF-8
16:32:00.578 [pool-2-thread-39] DEBUG org.apache.http.headers -- http-outgoing-49 >> Content-Length: 53
16:32:00.578 [pool-2-thread-39] DEBUG org.apache.http.headers -- http-outgoing-49 >> Host: localhost:3000
16:32:00.578 [pool-2-thread-39] DEBUG org.apache.http.headers -- http-outgoing-49 >> Connection: Keep-Alive
16:32:00.578 [pool-2-thread-39] DEBUG org.apache.http.headers -- http-outgoing-49 >> User-Agent: Apache-HttpClient/4.5.14 (Java/17.0.9)
16:32:00.578 [pool-2-thread-39] DEBUG org.apache.http.headers -- http-outgoing-49 >> Accept-Encoding: gzip,deflate
16:32:00.578 [pool-2-thread-39] DEBUG org.apache.http.wire -- http-outgoing-49 >> "POST /auth/login HTTP/1.1[\r][\n]"
16:32:00.578 [pool-2-thread-18] DEBUG org.apache.http.impl.conn.DefaultHttpClientConnectionOperator -- Connection established 127.0.0.1:52211<->127.0.0.1:3000
16:32:00.578 [pool-2-thread-18] DEBUG org.apache.http.impl.conn.DefaultManagedHttpClientConnection -- http-outgoing-43: set socket timeout to 30000
16:32:00.578 [pool-2-thread-18] DEBUG org.apache.http.impl.execchain.MainClientExec -- Executing request POST /auth/login HTTP/1.1
16:32:00.578 [pool-2-thread-18] DEBUG org.apache.http.impl.execchain.MainClientExec -- Target auth state: UNCHALLENGED
16:32:00.578 [pool-2-thread-18] DEBUG org.apache.http.impl.execchain.MainClientExec -- Proxy auth state: UNCHALLENGED
16:32:00.578 [pool-2-thread-18] DEBUG org.apache.http.headers -- http-outgoing-43 >> POST /auth/login HTTP/1.1
16:32:00.578 [pool-2-thread-18] DEBUG org.apache.http.headers -- http-outgoing-43 >> Content-Type: application/json; charset=UTF-8
16:32:00.580 [pool-2-thread-18] DEBUG org.apache.http.headers -- http-outgoing-43 >> Content-Length: 54
16:32:00.580 [pool-2-thread-18] DEBUG org.apache.http.headers -- http-outgoing-43 >> Host: localhost:3000
16:32:00.580 [pool-2-thread-18] DEBUG org.apache.http.headers -- http-outgoing-43 >> Connection: Keep-Alive
16:32:00.580 [pool-2-thread-18] DEBUG org.apache.http.headers -- http-outgoing-43 >> User-Agent: Apache-HttpClient/4.5.14 (Java/17.0.9)
16:32:00.580 [pool-2-thread-18] DEBUG org.apache.http.headers -- http-outgoing-43 >> Accept-Encoding: gzip,deflate
16:32:00.552 [pool-2-thread-5] DEBUG org.apache.http.impl.execchain.MainClientExec -- Executing request POST /auth/login HTTP/1.1
16:32:00.580 [pool-2-thread-18] DEBUG org.apache.http.wire -- http-outgoing-43 >> "POST /auth/login HTTP/1.1[\r][\n]"
16:32:00.580 [pool-2-thread-18] DEBUG org.apache.http.wire -- http-outgoing-43 >> "Content-Type: application/json; charset=UTF-8[\r][\n]"
16:32:00.580 [pool-2-thread-18] DEBUG org.apache.http.wire -- http-outgoing-43 >> "Content-Length: 54[\r][\n]"
16:32:00.580 [pool-2-thread-18] DEBUG org.apache.http.wire -- http-outgoing-43 >> "Host: localhost:3000[\r][\n]"
16:32:00.580 [pool-2-thread-18] DEBUG org.apache.http.wire -- http-outgoing-43 >> "Connection: Keep-Alive[\r][\n]"
16:32:00.580 [pool-2-thread-18] DEBUG org.apache.http.wire -- http-outgoing-43 >> "User-Agent: Apache-HttpClient/4.5.14 (Java/17.0.9)[\r][\n]"
16:32:00.580 [pool-2-thread-18] DEBUG org.apache.http.wire -- http-outgoing-43 >> "Accept-Encoding: gzip,deflate[\r][\n]"
16:32:00.580 [pool-2-thread-18] DEBUG org.apache.http.wire -- http-outgoing-43 >> "[\r][\n]"
16:32:00.580 [pool-2-thread-18] DEBUG org.apache.http.wire -- http-outgoing-43 >> "{"email":"testit5@gmail.com","password":"Password123"}"
16:32:00.552 [pool-2-thread-19] DEBUG org.apache.http.impl.conn.DefaultHttpClientConnectionOperator -- Connecting to localhost/127.0.0.1:3000
16:32:00.552 [pool-2-thread-43] DEBUG org.apache.http.impl.conn.DefaultHttpClientConnectionOperator -- Connecting to localhost/127.0.0.1:3000
16:32:00.552 [pool-2-thread-9] DEBUG org.apache.http.impl.execchain.MainClientExec -- Executing request POST /auth/login HTTP/1.1
16:32:00.552 [pool-2-thread-6] DEBUG org.apache.http.impl.conn.DefaultHttpClientConnectionOperator -- Connecting to localhost/127.0.0.1:3000
16:32:00.552 [pool-2-thread-1] DEBUG org.apache.http.impl.conn.DefaultHttpClientConnectionOperator -- Connecting to localhost/127.0.0.1:3000
16:32:00.581 [pool-2-thread-6] DEBUG org.apache.http.impl.conn.DefaultHttpClientConnectionOperator -- Connection established 127.0.0.1:52214<->127.0.0.1:3000
16:32:00.581 [pool-2-thread-43] DEBUG org.apache.http.impl.conn.DefaultHttpClientConnectionOperator -- Connection established 127.0.0.1:52213<->127.0.0.1:3000
16:32:00.581 [pool-2-thread-43] DEBUG org.apache.http.impl.conn.DefaultManagedHttpClientConnection -- http-outgoing-40: set socket timeout to 30000
16:32:00.581 [pool-2-thread-43] DEBUG org.apache.http.impl.execchain.MainClientExec -- Executing request POST /auth/login HTTP/1.1
16:32:00.581 [pool-2-thread-43] DEBUG org.apache.http.impl.execchain.MainClientExec -- Target auth state: UNCHALLENGED
16:32:00.581 [pool-2-thread-43] DEBUG org.apache.http.impl.execchain.MainClientExec -- Proxy auth state: UNCHALLENGED
16:32:00.582 [pool-2-thread-43] DEBUG org.apache.http.headers -- http-outgoing-40 >> POST /auth/login HTTP/1.1
16:32:00.582 [pool-2-thread-1] DEBUG org.apache.http.impl.conn.DefaultHttpClientConnectionOperator -- Connection established 127.0.0.1:52215<->127.0.0.1:3000
16:32:00.582 [pool-2-thread-43] DEBUG org.apache.http.headers -- http-outgoing-40 >> Content-Type: application/json; charset=UTF-8
16:32:00.582 [pool-2-thread-43] DEBUG org.apache.http.headers -- http-outgoing-40 >> Content-Length: 53
16:32:00.582 [pool-2-thread-43] DEBUG org.apache.http.headers -- http-outgoing-40 >> Host: localhost:3000
16:32:00.582 [pool-2-thread-43] DEBUG org.apache.http.headers -- http-outgoing-40 >> Connection: Keep-Alive
16:32:00.582 [pool-2-thread-43] DEBUG org.apache.http.headers -- http-outgoing-40 >> User-Agent: Apache-HttpClient/4.5.14 (Java/17.0.9)
16:32:00.582 [pool-2-thread-43] DEBUG org.apache.http.headers -- http-outgoing-40 >> Accept-Encoding: gzip,deflate
16:32:00.582 [pool-2-thread-43] DEBUG org.apache.http.wire -- http-outgoing-40 >> "POST /auth/login HTTP/1.1[\r][\n]"
16:32:00.582 [pool-2-thread-43] DEBUG org.apache.http.wire -- http-outgoing-40 >> "Content-Type: application/json; charset=UTF-8[\r][\n]"
16:32:00.582 [pool-2-thread-43] DEBUG org.apache.http.wire -- http-outgoing-40 >> "Content-Length: 53[\r][\n]"
16:32:00.582 [pool-2-thread-43] DEBUG org.apache.http.wire -- http-outgoing-40 >> "Host: localhost:3000[\r][\n]"
16:32:00.582 [pool-2-thread-43] DEBUG org.apache.http.wire -- http-outgoing-40 >> "Connection: Keep-Alive[\r][\n]"
16:32:00.582 [pool-2-thread-43] DEBUG org.apache.http.wire -- http-outgoing-40 >> "User-Agent: Apache-HttpClient/4.5.14 (Java/17.0.9)[\r][\n]"
16:32:00.582 [pool-2-thread-43] DEBUG org.apache.http.wire -- http-outgoing-40 >> "Accept-Encoding: gzip,deflate[\r][\n]"
16:32:00.582 [pool-2-thread-43] DEBUG org.apache.http.wire -- http-outgoing-40 >> "[\r][\n]"
16:32:00.582 [pool-2-thread-43] DEBUG org.apache.http.wire -- http-outgoing-40 >> "{"email":"test@example.com","password":"Password123"}"
16:32:00.552 [pool-2-thread-8] DEBUG org.apache.http.impl.conn.DefaultHttpClientConnectionOperator -- Connection established 127.0.0.1:52197<->127.0.0.1:3000
16:32:00.587 [pool-2-thread-8] DEBUG org.apache.http.impl.conn.DefaultManagedHttpClientConnection -- http-outgoing-32: set socket timeout to 30000
16:32:00.587 [pool-2-thread-8] DEBUG org.apache.http.impl.execchain.MainClientExec -- Executing request POST /auth/login HTTP/1.1
16:32:00.587 [pool-2-thread-8] DEBUG org.apache.http.impl.execchain.MainClientExec -- Target auth state: UNCHALLENGED
16:32:00.587 [pool-2-thread-8] DEBUG org.apache.http.impl.execchain.MainClientExec -- Proxy auth state: UNCHALLENGED
16:32:00.588 [pool-2-thread-8] DEBUG org.apache.http.headers -- http-outgoing-32 >> POST /auth/login HTTP/1.1
16:32:00.588 [pool-2-thread-8] DEBUG org.apache.http.headers -- http-outgoing-32 >> Content-Type: application/json; charset=UTF-8
16:32:00.588 [pool-2-thread-8] DEBUG org.apache.http.headers -- http-outgoing-32 >> Content-Length: 54
16:32:00.588 [pool-2-thread-8] DEBUG org.apache.http.headers -- http-outgoing-32 >> Host: localhost:3000
16:32:00.588 [pool-2-thread-8] DEBUG org.apache.http.headers -- http-outgoing-32 >> Connection: Keep-Alive
16:32:00.588 [pool-2-thread-8] DEBUG org.apache.http.headers -- http-outgoing-32 >> User-Agent: Apache-HttpClient/4.5.14 (Java/17.0.9)
16:32:00.588 [pool-2-thread-8] DEBUG org.apache.http.headers -- http-outgoing-32 >> Accept-Encoding: gzip,deflate
16:32:00.552 [pool-2-thread-47] DEBUG org.apache.http.impl.conn.DefaultHttpClientConnectionOperator -- Connecting to localhost/127.0.0.1:3000
16:32:00.589 [pool-2-thread-8] DEBUG org.apache.http.wire -- http-outgoing-32 >> "POST /auth/login HTTP/1.1[\r][\n]"
16:32:00.589 [pool-2-thread-8] DEBUG org.apache.http.wire -- http-outgoing-32 >> "Content-Type: application/json; charset=UTF-8[\r][\n]"
16:32:00.589 [pool-2-thread-8] DEBUG org.apache.http.wire -- http-outgoing-32 >> "Content-Length: 54[\r][\n]"
16:32:00.589 [pool-2-thread-8] DEBUG org.apache.http.wire -- http-outgoing-32 >> "Host: localhost:3000[\r][\n]"
16:32:00.589 [pool-2-thread-8] DEBUG org.apache.http.wire -- http-outgoing-32 >> "Connection: Keep-Alive[\r][\n]"
16:32:00.589 [pool-2-thread-8] DEBUG org.apache.http.wire -- http-outgoing-32 >> "User-Agent: Apache-HttpClient/4.5.14 (Java/17.0.9)[\r][\n]"
16:32:00.589 [pool-2-thread-8] DEBUG org.apache.http.wire -- http-outgoing-32 >> "Accept-Encoding: gzip,deflate[\r][\n]"
16:32:00.589 [pool-2-thread-8] DEBUG org.apache.http.wire -- http-outgoing-32 >> "[\r][\n]"
16:32:00.589 [pool-2-thread-8] DEBUG org.apache.http.wire -- http-outgoing-32 >> "{"email":"testit5@gmail.com","password":"Password123"}"
16:32:00.590 [pool-2-thread-47] DEBUG org.apache.http.impl.conn.DefaultHttpClientConnectionOperator -- Connection established 127.0.0.1:52216<->127.0.0.1:3000
16:32:00.590 [pool-2-thread-47] DEBUG org.apache.http.impl.conn.DefaultManagedHttpClientConnection -- http-outgoing-34: set socket timeout to 30000
16:32:00.590 [pool-2-thread-47] DEBUG org.apache.http.impl.execchain.MainClientExec -- Executing request POST /auth/login HTTP/1.1
16:32:00.590 [pool-2-thread-47] DEBUG org.apache.http.impl.execchain.MainClientExec -- Target auth state: UNCHALLENGED
16:32:00.590 [pool-2-thread-47] DEBUG org.apache.http.impl.execchain.MainClientExec -- Proxy auth state: UNCHALLENGED
16:32:00.553 [pool-2-thread-46] DEBUG org.apache.http.impl.conn.DefaultHttpClientConnectionOperator -- Connecting to localhost/127.0.0.1:3000
16:32:00.592 [pool-2-thread-46] DEBUG org.apache.http.impl.conn.DefaultHttpClientConnectionOperator -- Connection established 127.0.0.1:52217<->127.0.0.1:3000
16:32:00.592 [pool-2-thread-46] DEBUG org.apache.http.impl.conn.DefaultManagedHttpClientConnection -- http-outgoing-16: set socket timeout to 30000
16:32:00.592 [pool-2-thread-46] DEBUG org.apache.http.impl.execchain.MainClientExec -- Executing request POST /auth/login HTTP/1.1
16:32:00.592 [pool-2-thread-46] DEBUG org.apache.http.impl.execchain.MainClientExec -- Target auth state: UNCHALLENGED
16:32:00.592 [pool-2-thread-46] DEBUG org.apache.http.impl.execchain.MainClientExec -- Proxy auth state: UNCHALLENGED
16:32:00.592 [pool-2-thread-46] DEBUG org.apache.http.headers -- http-outgoing-16 >> POST /auth/login HTTP/1.1
16:32:00.592 [pool-2-thread-46] DEBUG org.apache.http.headers -- http-outgoing-16 >> Content-Type: application/json; charset=UTF-8
16:32:00.592 [pool-2-thread-46] DEBUG org.apache.http.headers -- http-outgoing-16 >> Content-Length: 54
16:32:00.592 [pool-2-thread-46] DEBUG org.apache.http.headers -- http-outgoing-16 >> Host: localhost:3000
16:32:00.592 [pool-2-thread-46] DEBUG org.apache.http.headers -- http-outgoing-16 >> Connection: Keep-Alive
16:32:00.593 [pool-2-thread-46] DEBUG org.apache.http.headers -- http-outgoing-16 >> User-Agent: Apache-HttpClient/4.5.14 (Java/17.0.9)
16:32:00.593 [pool-2-thread-46] DEBUG org.apache.http.headers -- http-outgoing-16 >> Accept-Encoding: gzip,deflate
16:32:00.593 [pool-2-thread-46] DEBUG org.apache.http.wire -- http-outgoing-16 >> "POST /auth/login HTTP/1.1[\r][\n]"
16:32:00.593 [pool-2-thread-46] DEBUG org.apache.http.wire -- http-outgoing-16 >> "Content-Type: application/json; charset=UTF-8[\r][\n]"
16:32:00.593 [pool-2-thread-46] DEBUG org.apache.http.wire -- http-outgoing-16 >> "Content-Length: 54[\r][\n]"
16:32:00.593 [pool-2-thread-46] DEBUG org.apache.http.wire -- http-outgoing-16 >> "Host: localhost:3000[\r][\n]"
16:32:00.593 [pool-2-thread-46] DEBUG org.apache.http.wire -- http-outgoing-16 >> "Connection: Keep-Alive[\r][\n]"
16:32:00.593 [pool-2-thread-46] DEBUG org.apache.http.wire -- http-outgoing-16 >> "User-Agent: Apache-HttpClient/4.5.14 (Java/17.0.9)[\r][\n]"
16:32:00.593 [pool-2-thread-46] DEBUG org.apache.http.wire -- http-outgoing-16 >> "Accept-Encoding: gzip,deflate[\r][\n]"
16:32:00.593 [pool-2-thread-46] DEBUG org.apache.http.wire -- http-outgoing-16 >> "[\r][\n]"
16:32:00.593 [pool-2-thread-46] DEBUG org.apache.http.wire -- http-outgoing-16 >> "{"email":"testit4@gmail.com","password":"Password123"}"
16:32:00.553 [pool-2-thread-12] DEBUG org.apache.http.impl.conn.DefaultHttpClientConnectionOperator -- Connection established 127.0.0.1:52198<->127.0.0.1:3000
16:32:00.553 [pool-2-thread-37] DEBUG org.apache.http.impl.execchain.MainClientExec -- Executing request POST /auth/login HTTP/1.1
16:32:00.595 [pool-2-thread-37] DEBUG org.apache.http.impl.execchain.MainClientExec -- Target auth state: UNCHALLENGED
16:32:00.595 [pool-2-thread-37] DEBUG org.apache.http.impl.execchain.MainClientExec -- Proxy auth state: UNCHALLENGED
16:32:00.595 [pool-2-thread-37] DEBUG org.apache.http.headers -- http-outgoing-27 >> POST /auth/login HTTP/1.1
16:32:00.595 [pool-2-thread-37] DEBUG org.apache.http.headers -- http-outgoing-27 >> Content-Type: application/json; charset=UTF-8
16:32:00.595 [pool-2-thread-37] DEBUG org.apache.http.headers -- http-outgoing-27 >> Content-Length: 54
16:32:00.595 [pool-2-thread-37] DEBUG org.apache.http.headers -- http-outgoing-27 >> Host: localhost:3000
16:32:00.595 [pool-2-thread-37] DEBUG org.apache.http.headers -- http-outgoing-27 >> Connection: Keep-Alive
16:32:00.595 [pool-2-thread-37] DEBUG org.apache.http.headers -- http-outgoing-27 >> User-Agent: Apache-HttpClient/4.5.14 (Java/17.0.9)
16:32:00.595 [pool-2-thread-37] DEBUG org.apache.http.headers -- http-outgoing-27 >> Accept-Encoding: gzip,deflate
16:32:00.595 [pool-2-thread-37] DEBUG org.apache.http.wire -- http-outgoing-27 >> "POST /auth/login HTTP/1.1[\r][\n]"
16:32:00.595 [pool-2-thread-37] DEBUG org.apache.http.wire -- http-outgoing-27 >> "Content-Type: application/json; charset=UTF-8[\r][\n]"
16:32:00.595 [pool-2-thread-37] DEBUG org.apache.http.wire -- http-outgoing-27 >> "Content-Length: 54[\r][\n]"
16:32:00.595 [pool-2-thread-37] DEBUG org.apache.http.wire -- http-outgoing-27 >> "Host: localhost:3000[\r][\n]"
16:32:00.595 [pool-2-thread-37] DEBUG org.apache.http.wire -- http-outgoing-27 >> "Connection: Keep-Alive[\r][\n]"
16:32:00.595 [pool-2-thread-37] DEBUG org.apache.http.wire -- http-outgoing-27 >> "User-Agent: Apache-HttpClient/4.5.14 (Java/17.0.9)[\r][\n]"
16:32:00.595 [pool-2-thread-37] DEBUG org.apache.http.wire -- http-outgoing-27 >> "Accept-Encoding: gzip,deflate[\r][\n]"
16:32:00.595 [pool-2-thread-37] DEBUG org.apache.http.wire -- http-outgoing-27 >> "[\r][\n]"
16:32:00.595 [pool-2-thread-37] DEBUG org.apache.http.wire -- http-outgoing-27 >> "{"email":"testit3@gmail.com","password":"Password123"}"
16:32:00.554 [pool-2-thread-10] DEBUG org.apache.http.impl.conn.DefaultManagedHttpClientConnection -- http-outgoing-37: set socket timeout to 30000
16:32:00.603 [pool-2-thread-10] DEBUG org.apache.http.impl.execchain.MainClientExec -- Executing request POST /auth/login HTTP/1.1
16:32:00.603 [pool-2-thread-10] DEBUG org.apache.http.impl.execchain.MainClientExec -- Target auth state: UNCHALLENGED
16:32:00.603 [pool-2-thread-10] DEBUG org.apache.http.impl.execchain.MainClientExec -- Proxy auth state: UNCHALLENGED
16:32:00.554 [pool-2-thread-28] DEBUG org.apache.http.impl.execchain.MainClientExec -- Target auth state: UNCHALLENGED
16:32:00.607 [pool-2-thread-10] DEBUG org.apache.http.headers -- http-outgoing-37 >> POST /auth/login HTTP/1.1
16:32:00.608 [pool-2-thread-10] DEBUG org.apache.http.headers -- http-outgoing-37 >> Content-Type: application/json; charset=UTF-8
16:32:00.608 [pool-2-thread-10] DEBUG org.apache.http.headers -- http-outgoing-37 >> Content-Length: 54
16:32:00.608 [pool-2-thread-10] DEBUG org.apache.http.headers -- http-outgoing-37 >> Host: localhost:3000
16:32:00.608 [pool-2-thread-10] DEBUG org.apache.http.headers -- http-outgoing-37 >> Connection: Keep-Alive
16:32:00.608 [pool-2-thread-10] DEBUG org.apache.http.headers -- http-outgoing-37 >> User-Agent: Apache-HttpClient/4.5.14 (Java/17.0.9)
16:32:00.608 [pool-2-thread-10] DEBUG org.apache.http.headers -- http-outgoing-37 >> Accept-Encoding: gzip,deflate
16:32:00.608 [pool-2-thread-10] DEBUG org.apache.http.wire -- http-outgoing-37 >> "POST /auth/login HTTP/1.1[\r][\n]"
16:32:00.558 [pool-2-thread-17] DEBUG org.apache.http.impl.execchain.MainClientExec -- Executing request POST /auth/login HTTP/1.1
16:32:00.608 [pool-2-thread-17] DEBUG org.apache.http.impl.execchain.MainClientExec -- Target auth state: UNCHALLENGED
16:32:00.608 [pool-2-thread-17] DEBUG org.apache.http.impl.execchain.MainClientExec -- Proxy auth state: UNCHALLENGED
16:32:00.609 [pool-2-thread-17] DEBUG org.apache.http.headers -- http-outgoing-28 >> POST /auth/login HTTP/1.1
16:32:00.609 [pool-2-thread-17] DEBUG org.apache.http.headers -- http-outgoing-28 >> Content-Type: application/json; charset=UTF-8
16:32:00.609 [pool-2-thread-17] DEBUG org.apache.http.headers -- http-outgoing-28 >> Content-Length: 54
16:32:00.609 [pool-2-thread-17] DEBUG org.apache.http.headers -- http-outgoing-28 >> Host: localhost:3000
16:32:00.609 [pool-2-thread-17] DEBUG org.apache.http.headers -- http-outgoing-28 >> Connection: Keep-Alive
16:32:00.609 [pool-2-thread-17] DEBUG org.apache.http.headers -- http-outgoing-28 >> User-Agent: Apache-HttpClient/4.5.14 (Java/17.0.9)
16:32:00.609 [pool-2-thread-17] DEBUG org.apache.http.headers -- http-outgoing-28 >> Accept-Encoding: gzip,deflate
16:32:00.609 [pool-2-thread-17] DEBUG org.apache.http.wire -- http-outgoing-28 >> "POST /auth/login HTTP/1.1[\r][\n]"
16:32:00.609 [pool-2-thread-17] DEBUG org.apache.http.wire -- http-outgoing-28 >> "Content-Type: application/json; charset=UTF-8[\r][\n]"
16:32:00.609 [pool-2-thread-17] DEBUG org.apache.http.wire -- http-outgoing-28 >> "Content-Length: 54[\r][\n]"
16:32:00.609 [pool-2-thread-17] DEBUG org.apache.http.wire -- http-outgoing-28 >> "Host: localhost:3000[\r][\n]"
16:32:00.609 [pool-2-thread-17] DEBUG org.apache.http.wire -- http-outgoing-28 >> "Connection: Keep-Alive[\r][\n]"
16:32:00.609 [pool-2-thread-17] DEBUG org.apache.http.wire -- http-outgoing-28 >> "User-Agent: Apache-HttpClient/4.5.14 (Java/17.0.9)[\r][\n]"
16:32:00.609 [pool-2-thread-17] DEBUG org.apache.http.wire -- http-outgoing-28 >> "Accept-Encoding: gzip,deflate[\r][\n]"
16:32:00.609 [pool-2-thread-17] DEBUG org.apache.http.wire -- http-outgoing-28 >> "[\r][\n]"
16:32:00.609 [pool-2-thread-17] DEBUG org.apache.http.wire -- http-outgoing-28 >> "{"email":"testit3@gmail.com","password":"Password123"}"
16:32:00.558 [pool-2-thread-41] DEBUG org.apache.http.impl.execchain.MainClientExec -- Executing request POST /auth/login HTTP/1.1
16:32:00.609 [pool-2-thread-41] DEBUG org.apache.http.impl.execchain.MainClientExec -- Target auth state: UNCHALLENGED
16:32:00.609 [pool-2-thread-41] DEBUG org.apache.http.impl.execchain.MainClientExec -- Proxy auth state: UNCHALLENGED
16:32:00.609 [pool-2-thread-41] DEBUG org.apache.http.headers -- http-outgoing-0 >> POST /auth/login HTTP/1.1
16:32:00.609 [pool-2-thread-41] DEBUG org.apache.http.headers -- http-outgoing-0 >> Content-Type: application/json; charset=UTF-8
16:32:00.609 [pool-2-thread-41] DEBUG org.apache.http.headers -- http-outgoing-0 >> Content-Length: 45
16:32:00.609 [pool-2-thread-41] DEBUG org.apache.http.headers -- http-outgoing-0 >> Host: localhost:3000
16:32:00.609 [pool-2-thread-41] DEBUG org.apache.http.headers -- http-outgoing-0 >> Connection: Keep-Alive
16:32:00.609 [pool-2-thread-41] DEBUG org.apache.http.headers -- http-outgoing-0 >> User-Agent: Apache-HttpClient/4.5.14 (Java/17.0.9)
16:32:00.609 [pool-2-thread-41] DEBUG org.apache.http.headers -- http-outgoing-0 >> Accept-Encoding: gzip,deflate
16:32:00.610 [pool-2-thread-41] DEBUG org.apache.http.wire -- http-outgoing-0 >> "POST /auth/login HTTP/1.1[\r][\n]"
16:32:00.610 [pool-2-thread-41] DEBUG org.apache.http.wire -- http-outgoing-0 >> "Content-Type: application/json; charset=UTF-8[\r][\n]"
16:32:00.610 [pool-2-thread-41] DEBUG org.apache.http.wire -- http-outgoing-0 >> "Content-Length: 45[\r][\n]"
16:32:00.610 [pool-2-thread-41] DEBUG org.apache.http.wire -- http-outgoing-0 >> "Host: localhost:3000[\r][\n]"
16:32:00.610 [pool-2-thread-41] DEBUG org.apache.http.wire -- http-outgoing-0 >> "Connection: Keep-Alive[\r][\n]"
16:32:00.610 [pool-2-thread-41] DEBUG org.apache.http.wire -- http-outgoing-0 >> "User-Agent: Apache-HttpClient/4.5.14 (Java/17.0.9)[\r][\n]"
16:32:00.610 [pool-2-thread-41] DEBUG org.apache.http.wire -- http-outgoing-0 >> "Accept-Encoding: gzip,deflate[\r][\n]"
16:32:00.610 [pool-2-thread-41] DEBUG org.apache.http.wire -- http-outgoing-0 >> "[\r][\n]"
16:32:00.610 [pool-2-thread-41] DEBUG org.apache.http.wire -- http-outgoing-0 >> "{"email":"nam@gmail.com","password":"123456"}"
16:32:00.559 [pool-2-thread-16] DEBUG org.apache.http.impl.conn.DefaultManagedHttpClientConnection -- http-outgoing-6: set socket timeout to 30000
16:32:00.559 [pool-2-thread-14] DEBUG org.apache.http.impl.execchain.MainClientExec -- Proxy auth state: UNCHALLENGED
16:32:00.610 [pool-2-thread-14] DEBUG org.apache.http.headers -- http-outgoing-36 >> POST /auth/login HTTP/1.1
16:32:00.610 [pool-2-thread-14] DEBUG org.apache.http.headers -- http-outgoing-36 >> Content-Type: application/json; charset=UTF-8
16:32:00.610 [pool-2-thread-14] DEBUG org.apache.http.headers -- http-outgoing-36 >> Content-Length: 54
16:32:00.610 [pool-2-thread-14] DEBUG org.apache.http.headers -- http-outgoing-36 >> Host: localhost:3000
16:32:00.610 [pool-2-thread-14] DEBUG org.apache.http.headers -- http-outgoing-36 >> Connection: Keep-Alive
16:32:00.611 [pool-2-thread-14] DEBUG org.apache.http.headers -- http-outgoing-36 >> User-Agent: Apache-HttpClient/4.5.14 (Java/17.0.9)
16:32:00.611 [pool-2-thread-14] DEBUG org.apache.http.headers -- http-outgoing-36 >> Accept-Encoding: gzip,deflate
16:32:00.611 [pool-2-thread-14] DEBUG org.apache.http.wire -- http-outgoing-36 >> "POST /auth/login HTTP/1.1[\r][\n]"
16:32:00.611 [pool-2-thread-14] DEBUG org.apache.http.wire -- http-outgoing-36 >> "Content-Type: application/json; charset=UTF-8[\r][\n]"
16:32:00.611 [pool-2-thread-14] DEBUG org.apache.http.wire -- http-outgoing-36 >> "Content-Length: 54[\r][\n]"
16:32:00.611 [pool-2-thread-14] DEBUG org.apache.http.wire -- http-outgoing-36 >> "Host: localhost:3000[\r][\n]"
16:32:00.611 [pool-2-thread-14] DEBUG org.apache.http.wire -- http-outgoing-36 >> "Connection: Keep-Alive[\r][\n]"
16:32:00.611 [pool-2-thread-14] DEBUG org.apache.http.wire -- http-outgoing-36 >> "User-Agent: Apache-HttpClient/4.5.14 (Java/17.0.9)[\r][\n]"
16:32:00.611 [pool-2-thread-14] DEBUG org.apache.http.wire -- http-outgoing-36 >> "Accept-Encoding: gzip,deflate[\r][\n]"
16:32:00.611 [pool-2-thread-14] DEBUG org.apache.http.wire -- http-outgoing-36 >> "[\r][\n]"
16:32:00.611 [pool-2-thread-14] DEBUG org.apache.http.wire -- http-outgoing-36 >> "{"email":"test2@example.com","password":"Password123"}"
16:32:00.560 [pool-2-thread-49] DEBUG org.apache.http.impl.execchain.MainClientExec -- Target auth state: UNCHALLENGED
16:32:00.612 [pool-2-thread-49] DEBUG org.apache.http.impl.execchain.MainClientExec -- Proxy auth state: UNCHALLENGED
16:32:00.560 [pool-2-thread-15] DEBUG org.apache.http.impl.execchain.MainClientExec -- Executing request POST /auth/login HTTP/1.1
16:32:00.612 [pool-2-thread-49] DEBUG org.apache.http.headers -- http-outgoing-7 >> POST /auth/login HTTP/1.1
16:32:00.612 [pool-2-thread-15] DEBUG org.apache.http.impl.execchain.MainClientExec -- Target auth state: UNCHALLENGED
16:32:00.612 [pool-2-thread-15] DEBUG org.apache.http.impl.execchain.MainClientExec -- Proxy auth state: UNCHALLENGED
16:32:00.612 [pool-2-thread-15] DEBUG org.apache.http.headers -- http-outgoing-12 >> POST /auth/login HTTP/1.1
16:32:00.612 [pool-2-thread-15] DEBUG org.apache.http.headers -- http-outgoing-12 >> Content-Type: application/json; charset=UTF-8
16:32:00.612 [pool-2-thread-15] DEBUG org.apache.http.headers -- http-outgoing-12 >> Content-Length: 55
16:32:00.561 [pool-2-thread-50] DEBUG org.apache.http.headers -- http-outgoing-10 >> POST /auth/login HTTP/1.1
16:32:00.612 [pool-2-thread-50] DEBUG org.apache.http.headers -- http-outgoing-10 >> Content-Type: application/json; charset=UTF-8
16:32:00.612 [pool-2-thread-50] DEBUG org.apache.http.headers -- http-outgoing-10 >> Content-Length: 54
16:32:00.612 [pool-2-thread-50] DEBUG org.apache.http.headers -- http-outgoing-10 >> Host: localhost:3000
16:32:00.612 [pool-2-thread-50] DEBUG org.apache.http.headers -- http-outgoing-10 >> Connection: Keep-Alive
16:32:00.561 [pool-2-thread-23] DEBUG org.apache.http.headers -- http-outgoing-42 >> POST /auth/login HTTP/1.1
16:32:00.561 [pool-2-thread-35] DEBUG org.apache.http.impl.execchain.MainClientExec -- Executing request POST /auth/login HTTP/1.1
16:32:00.614 [pool-2-thread-35] DEBUG org.apache.http.impl.execchain.MainClientExec -- Target auth state: UNCHALLENGED
16:32:00.614 [pool-2-thread-35] DEBUG org.apache.http.impl.execchain.MainClientExec -- Proxy auth state: UNCHALLENGED
16:32:00.613 [pool-2-thread-50] DEBUG org.apache.http.headers -- http-outgoing-10 >> User-Agent: Apache-HttpClient/4.5.14 (Java/17.0.9)
16:32:00.614 [pool-2-thread-50] DEBUG org.apache.http.headers -- http-outgoing-10 >> Accept-Encoding: gzip,deflate
16:32:00.614 [pool-2-thread-35] DEBUG org.apache.http.headers -- http-outgoing-39 >> POST /auth/login HTTP/1.1
16:32:00.614 [pool-2-thread-35] DEBUG org.apache.http.headers -- http-outgoing-39 >> Content-Type: application/json; charset=UTF-8
16:32:00.614 [pool-2-thread-35] DEBUG org.apache.http.headers -- http-outgoing-39 >> Content-Length: 55
16:32:00.614 [pool-2-thread-35] DEBUG org.apache.http.headers -- http-outgoing-39 >> Host: localhost:3000
16:32:00.614 [pool-2-thread-35] DEBUG org.apache.http.headers -- http-outgoing-39 >> Connection: Keep-Alive
16:32:00.614 [pool-2-thread-35] DEBUG org.apache.http.headers -- http-outgoing-39 >> User-Agent: Apache-HttpClient/4.5.14 (Java/17.0.9)
16:32:00.614 [pool-2-thread-35] DEBUG org.apache.http.headers -- http-outgoing-39 >> Accept-Encoding: gzip,deflate
16:32:00.614 [pool-2-thread-35] DEBUG org.apache.http.wire -- http-outgoing-39 >> "POST /auth/login HTTP/1.1[\r][\n]"
16:32:00.614 [pool-2-thread-35] DEBUG org.apache.http.wire -- http-outgoing-39 >> "Content-Type: application/json; charset=UTF-8[\r][\n]"
16:32:00.614 [pool-2-thread-35] DEBUG org.apache.http.wire -- http-outgoing-39 >> "Content-Length: 55[\r][\n]"
16:32:00.614 [pool-2-thread-35] DEBUG org.apache.http.wire -- http-outgoing-39 >> "Host: localhost:3000[\r][\n]"
16:32:00.614 [pool-2-thread-35] DEBUG org.apache.http.wire -- http-outgoing-39 >> "Connection: Keep-Alive[\r][\n]"
16:32:00.614 [pool-2-thread-35] DEBUG org.apache.http.wire -- http-outgoing-39 >> "User-Agent: Apache-HttpClient/4.5.14 (Java/17.0.9)[\r][\n]"
16:32:00.614 [pool-2-thread-35] DEBUG org.apache.http.wire -- http-outgoing-39 >> "Accept-Encoding: gzip,deflate[\r][\n]"
16:32:00.614 [pool-2-thread-35] DEBUG org.apache.http.wire -- http-outgoing-39 >> "[\r][\n]"
16:32:00.614 [pool-2-thread-35] DEBUG org.apache.http.wire -- http-outgoing-39 >> "{"email":"test28@example.com","password":"Password123"}"
16:32:00.561 [pool-2-thread-32] DEBUG org.apache.http.impl.conn.DefaultManagedHttpClientConnection -- http-outgoing-20: set socket timeout to 30000
16:32:00.561 [pool-2-thread-48] DEBUG org.apache.http.headers -- http-outgoing-23 >> POST /auth/login HTTP/1.1
16:32:00.617 [pool-2-thread-48] DEBUG org.apache.http.headers -- http-outgoing-23 >> Content-Type: application/json; charset=UTF-8
16:32:00.617 [pool-2-thread-48] DEBUG org.apache.http.headers -- http-outgoing-23 >> Content-Length: 54
16:32:00.617 [pool-2-thread-48] DEBUG org.apache.http.headers -- http-outgoing-23 >> Host: localhost:3000
16:32:00.617 [pool-2-thread-48] DEBUG org.apache.http.headers -- http-outgoing-23 >> Connection: Keep-Alive
16:32:00.617 [pool-2-thread-48] DEBUG org.apache.http.headers -- http-outgoing-23 >> User-Agent: Apache-HttpClient/4.5.14 (Java/17.0.9)
16:32:00.617 [pool-2-thread-48] DEBUG org.apache.http.headers -- http-outgoing-23 >> Accept-Encoding: gzip,deflate
16:32:00.617 [pool-2-thread-48] DEBUG org.apache.http.wire -- http-outgoing-23 >> "POST /auth/login HTTP/1.1[\r][\n]"
16:32:00.617 [pool-2-thread-48] DEBUG org.apache.http.wire -- http-outgoing-23 >> "Content-Type: application/json; charset=UTF-8[\r][\n]"
16:32:00.617 [pool-2-thread-48] DEBUG org.apache.http.wire -- http-outgoing-23 >> "Content-Length: 54[\r][\n]"
16:32:00.617 [pool-2-thread-48] DEBUG org.apache.http.wire -- http-outgoing-23 >> "Host: localhost:3000[\r][\n]"
16:32:00.617 [pool-2-thread-48] DEBUG org.apache.http.wire -- http-outgoing-23 >> "Connection: Keep-Alive[\r][\n]"
16:32:00.617 [pool-2-thread-48] DEBUG org.apache.http.wire -- http-outgoing-23 >> "User-Agent: Apache-HttpClient/4.5.14 (Java/17.0.9)[\r][\n]"
16:32:00.617 [pool-2-thread-48] DEBUG org.apache.http.wire -- http-outgoing-23 >> "Accept-Encoding: gzip,deflate[\r][\n]"
16:32:00.617 [pool-2-thread-48] DEBUG org.apache.http.wire -- http-outgoing-23 >> "[\r][\n]"
16:32:00.617 [pool-2-thread-48] DEBUG org.apache.http.wire -- http-outgoing-23 >> "{"email":"testit5@gmail.com","password":"Password123"}"
16:32:00.615 [pool-2-thread-32] DEBUG org.apache.http.impl.execchain.MainClientExec -- Executing request POST /auth/login HTTP/1.1
16:32:00.617 [pool-2-thread-32] DEBUG org.apache.http.impl.execchain.MainClientExec -- Target auth state: UNCHALLENGED
16:32:00.617 [pool-2-thread-32] DEBUG org.apache.http.impl.execchain.MainClientExec -- Proxy auth state: UNCHALLENGED
16:32:00.617 [pool-2-thread-32] DEBUG org.apache.http.headers -- http-outgoing-20 >> POST /auth/login HTTP/1.1
16:32:00.617 [pool-2-thread-32] DEBUG org.apache.http.headers -- http-outgoing-20 >> Content-Type: application/json; charset=UTF-8
16:32:00.617 [pool-2-thread-32] DEBUG org.apache.http.headers -- http-outgoing-20 >> Content-Length: 48
16:32:00.617 [pool-2-thread-32] DEBUG org.apache.http.headers -- http-outgoing-20 >> Host: localhost:3000
16:32:00.617 [pool-2-thread-32] DEBUG org.apache.http.headers -- http-outgoing-20 >> Connection: Keep-Alive
16:32:00.617 [pool-2-thread-32] DEBUG org.apache.http.headers -- http-outgoing-20 >> User-Agent: Apache-HttpClient/4.5.14 (Java/17.0.9)
16:32:00.617 [pool-2-thread-32] DEBUG org.apache.http.headers -- http-outgoing-20 >> Accept-Encoding: gzip,deflate
16:32:00.617 [pool-2-thread-32] DEBUG org.apache.http.wire -- http-outgoing-20 >> "POST /auth/login HTTP/1.1[\r][\n]"
16:32:00.617 [pool-2-thread-32] DEBUG org.apache.http.wire -- http-outgoing-20 >> "Content-Type: application/json; charset=UTF-8[\r][\n]"
16:32:00.617 [pool-2-thread-32] DEBUG org.apache.http.wire -- http-outgoing-20 >> "Content-Length: 48[\r][\n]"
16:32:00.617 [pool-2-thread-32] DEBUG org.apache.http.wire -- http-outgoing-20 >> "Host: localhost:3000[\r][\n]"
16:32:00.617 [pool-2-thread-32] DEBUG org.apache.http.wire -- http-outgoing-20 >> "Connection: Keep-Alive[\r][\n]"
16:32:00.617 [pool-2-thread-32] DEBUG org.apache.http.wire -- http-outgoing-20 >> "User-Agent: Apache-HttpClient/4.5.14 (Java/17.0.9)[\r][\n]"
16:32:00.617 [pool-2-thread-32] DEBUG org.apache.http.wire -- http-outgoing-20 >> "Accept-Encoding: gzip,deflate[\r][\n]"
16:32:00.617 [pool-2-thread-32] DEBUG org.apache.http.wire -- http-outgoing-20 >> "[\r][\n]"
16:32:00.617 [pool-2-thread-32] DEBUG org.apache.http.wire -- http-outgoing-20 >> "{"email":"quang1@gmail.com","password":"quang1"}"
16:32:00.561 [pool-2-thread-22] DEBUG org.apache.http.headers -- http-outgoing-9 >> Host: localhost:3000
16:32:00.561 [pool-2-thread-38] DEBUG org.apache.http.impl.execchain.MainClientExec -- Executing request POST /auth/login HTTP/1.1
16:32:00.619 [pool-2-thread-22] DEBUG org.apache.http.headers -- http-outgoing-9 >> Connection: Keep-Alive
16:32:00.620 [pool-2-thread-22] DEBUG org.apache.http.headers -- http-outgoing-9 >> User-Agent: Apache-HttpClient/4.5.14 (Java/17.0.9)
16:32:00.620 [pool-2-thread-22] DEBUG org.apache.http.headers -- http-outgoing-9 >> Accept-Encoding: gzip,deflate
16:32:00.620 [pool-2-thread-22] DEBUG org.apache.http.wire -- http-outgoing-9 >> "POST /auth/login HTTP/1.1[\r][\n]"
16:32:00.620 [pool-2-thread-22] DEBUG org.apache.http.wire -- http-outgoing-9 >> "Content-Type: application/json; charset=UTF-8[\r][\n]"
16:32:00.620 [pool-2-thread-22] DEBUG org.apache.http.wire -- http-outgoing-9 >> "Content-Length: 48[\r][\n]"
16:32:00.620 [pool-2-thread-22] DEBUG org.apache.http.wire -- http-outgoing-9 >> "Host: localhost:3000[\r][\n]"
16:32:00.620 [pool-2-thread-22] DEBUG org.apache.http.wire -- http-outgoing-9 >> "Connection: Keep-Alive[\r][\n]"
16:32:00.620 [pool-2-thread-22] DEBUG org.apache.http.wire -- http-outgoing-9 >> "User-Agent: Apache-HttpClient/4.5.14 (Java/17.0.9)[\r][\n]"
16:32:00.620 [pool-2-thread-22] DEBUG org.apache.http.wire -- http-outgoing-9 >> "Accept-Encoding: gzip,deflate[\r][\n]"
16:32:00.620 [pool-2-thread-22] DEBUG org.apache.http.wire -- http-outgoing-9 >> "[\r][\n]"
16:32:00.620 [pool-2-thread-22] DEBUG org.apache.http.wire -- http-outgoing-9 >> "{"email":"quang1@gmail.com","password":"quang1"}"
16:32:00.561 [pool-2-thread-34] DEBUG org.apache.http.headers -- http-outgoing-8 >> POST /auth/login HTTP/1.1
16:32:00.561 [pool-2-thread-31] DEBUG org.apache.http.headers -- http-outgoing-46 >> Content-Length: 45
16:32:00.620 [pool-2-thread-34] DEBUG org.apache.http.headers -- http-outgoing-8 >> Content-Type: application/json; charset=UTF-8
16:32:00.620 [pool-2-thread-34] DEBUG org.apache.http.headers -- http-outgoing-8 >> Content-Length: 54
16:32:00.620 [pool-2-thread-34] DEBUG org.apache.http.headers -- http-outgoing-8 >> Host: localhost:3000
16:32:00.562 [pool-2-thread-25] DEBUG org.apache.http.headers -- http-outgoing-38 >> POST /auth/login HTTP/1.1
16:32:00.620 [pool-2-thread-25] DEBUG org.apache.http.headers -- http-outgoing-38 >> Content-Type: application/json; charset=UTF-8
16:32:00.620 [pool-2-thread-25] DEBUG org.apache.http.headers -- http-outgoing-38 >> Content-Length: 55
16:32:00.620 [pool-2-thread-25] DEBUG org.apache.http.headers -- http-outgoing-38 >> Host: localhost:3000
16:32:00.620 [pool-2-thread-25] DEBUG org.apache.http.headers -- http-outgoing-38 >> Connection: Keep-Alive
16:32:00.620 [pool-2-thread-25] DEBUG org.apache.http.headers -- http-outgoing-38 >> User-Agent: Apache-HttpClient/4.5.14 (Java/17.0.9)
16:32:00.620 [pool-2-thread-25] DEBUG org.apache.http.headers -- http-outgoing-38 >> Accept-Encoding: gzip,deflate
16:32:00.562 [pool-2-thread-45] DEBUG org.apache.http.impl.conn.DefaultHttpClientConnectionOperator -- Connection established 127.0.0.1:52207<->127.0.0.1:3000
16:32:00.620 [pool-2-thread-25] DEBUG org.apache.http.wire -- http-outgoing-38 >> "POST /auth/login HTTP/1.1[\r][\n]"
16:32:00.620 [pool-2-thread-25] DEBUG org.apache.http.wire -- http-outgoing-38 >> "Content-Type: application/json; charset=UTF-8[\r][\n]"
16:32:00.620 [pool-2-thread-25] DEBUG org.apache.http.wire -- http-outgoing-38 >> "Content-Length: 55[\r][\n]"
16:32:00.620 [pool-2-thread-25] DEBUG org.apache.http.wire -- http-outgoing-38 >> "Host: localhost:3000[\r][\n]"
16:32:00.620 [pool-2-thread-25] DEBUG org.apache.http.wire -- http-outgoing-38 >> "Connection: Keep-Alive[\r][\n]"
16:32:00.620 [pool-2-thread-25] DEBUG org.apache.http.wire -- http-outgoing-38 >> "User-Agent: Apache-HttpClient/4.5.14 (Java/17.0.9)[\r][\n]"
16:32:00.620 [pool-2-thread-25] DEBUG org.apache.http.wire -- http-outgoing-38 >> "Accept-Encoding: gzip,deflate[\r][\n]"
16:32:00.562 [pool-2-thread-2] DEBUG org.apache.http.headers -- http-outgoing-24 >> Accept-Encoding: gzip,deflate
16:32:00.621 [pool-2-thread-25] DEBUG org.apache.http.wire -- http-outgoing-38 >> "[\r][\n]"
16:32:00.621 [pool-2-thread-25] DEBUG org.apache.http.wire -- http-outgoing-38 >> "{"email":"test28@example.com","password":"Password123"}"
16:32:00.621 [pool-2-thread-2] DEBUG org.apache.http.wire -- http-outgoing-24 >> "POST /auth/login HTTP/1.1[\r][\n]"
16:32:00.621 [pool-2-thread-2] DEBUG org.apache.http.wire -- http-outgoing-24 >> "Content-Type: application/json; charset=UTF-8[\r][\n]"
16:32:00.621 [pool-2-thread-2] DEBUG org.apache.http.wire -- http-outgoing-24 >> "Content-Length: 48[\r][\n]"
16:32:00.621 [pool-2-thread-2] DEBUG org.apache.http.wire -- http-outgoing-24 >> "Host: localhost:3000[\r][\n]"
16:32:00.621 [pool-2-thread-2] DEBUG org.apache.http.wire -- http-outgoing-24 >> "Connection: Keep-Alive[\r][\n]"
16:32:00.621 [pool-2-thread-2] DEBUG org.apache.http.wire -- http-outgoing-24 >> "User-Agent: Apache-HttpClient/4.5.14 (Java/17.0.9)[\r][\n]"
16:32:00.621 [pool-2-thread-2] DEBUG org.apache.http.wire -- http-outgoing-24 >> "Accept-Encoding: gzip,deflate[\r][\n]"
16:32:00.621 [pool-2-thread-2] DEBUG org.apache.http.wire -- http-outgoing-24 >> "[\r][\n]"
16:32:00.621 [pool-2-thread-2] DEBUG org.apache.http.wire -- http-outgoing-24 >> "{"email":"quang1@gmail.com","password":"quang1"}"
16:32:00.562 [pool-2-thread-4] DEBUG org.apache.http.headers -- http-outgoing-48 >> POST /auth/login HTTP/1.1
16:32:00.621 [pool-2-thread-4] DEBUG org.apache.http.headers -- http-outgoing-48 >> Content-Type: application/json; charset=UTF-8
16:32:00.621 [pool-2-thread-4] DEBUG org.apache.http.headers -- http-outgoing-48 >> Content-Length: 54
16:32:00.621 [pool-2-thread-4] DEBUG org.apache.http.headers -- http-outgoing-48 >> Host: localhost:3000
16:32:00.621 [pool-2-thread-4] DEBUG org.apache.http.headers -- http-outgoing-48 >> Connection: Keep-Alive
16:32:00.621 [pool-2-thread-4] DEBUG org.apache.http.headers -- http-outgoing-48 >> User-Agent: Apache-HttpClient/4.5.14 (Java/17.0.9)
16:32:00.621 [pool-2-thread-4] DEBUG org.apache.http.headers -- http-outgoing-48 >> Accept-Encoding: gzip,deflate
16:32:00.621 [pool-2-thread-4] DEBUG org.apache.http.wire -- http-outgoing-48 >> "POST /auth/login HTTP/1.1[\r][\n]"
16:32:00.621 [pool-2-thread-4] DEBUG org.apache.http.wire -- http-outgoing-48 >> "Content-Type: application/json; charset=UTF-8[\r][\n]"
16:32:00.621 [pool-2-thread-4] DEBUG org.apache.http.wire -- http-outgoing-48 >> "Content-Length: 54[\r][\n]"
16:32:00.621 [pool-2-thread-4] DEBUG org.apache.http.wire -- http-outgoing-48 >> "Host: localhost:3000[\r][\n]"
16:32:00.621 [pool-2-thread-4] DEBUG org.apache.http.wire -- http-outgoing-48 >> "Connection: Keep-Alive[\r][\n]"
16:32:00.621 [pool-2-thread-4] DEBUG org.apache.http.wire -- http-outgoing-48 >> "User-Agent: Apache-HttpClient/4.5.14 (Java/17.0.9)[\r][\n]"
16:32:00.621 [pool-2-thread-4] DEBUG org.apache.http.wire -- http-outgoing-48 >> "Accept-Encoding: gzip,deflate[\r][\n]"
16:32:00.621 [pool-2-thread-4] DEBUG org.apache.http.wire -- http-outgoing-48 >> "[\r][\n]"
16:32:00.621 [pool-2-thread-4] DEBUG org.apache.http.wire -- http-outgoing-48 >> "{"email":"test2@example.com","password":"Password123"}"
16:32:00.565 [pool-2-thread-27] DEBUG org.apache.http.headers -- http-outgoing-45 >> POST /auth/login HTTP/1.1
16:32:00.622 [pool-2-thread-27] DEBUG org.apache.http.headers -- http-outgoing-45 >> Content-Type: application/json; charset=UTF-8
16:32:00.623 [pool-2-thread-27] DEBUG org.apache.http.headers -- http-outgoing-45 >> Content-Length: 54
16:32:00.624 [pool-2-thread-27] DEBUG org.apache.http.headers -- http-outgoing-45 >> Host: localhost:3000
16:32:00.624 [pool-2-thread-27] DEBUG org.apache.http.headers -- http-outgoing-45 >> Connection: Keep-Alive
16:32:00.624 [pool-2-thread-27] DEBUG org.apache.http.headers -- http-outgoing-45 >> User-Agent: Apache-HttpClient/4.5.14 (Java/17.0.9)
16:32:00.624 [pool-2-thread-27] DEBUG org.apache.http.headers -- http-outgoing-45 >> Accept-Encoding: gzip,deflate
16:32:00.624 [pool-2-thread-27] DEBUG org.apache.http.wire -- http-outgoing-45 >> "POST /auth/login HTTP/1.1[\r][\n]"
16:32:00.624 [pool-2-thread-27] DEBUG org.apache.http.wire -- http-outgoing-45 >> "Content-Type: application/json; charset=UTF-8[\r][\n]"
16:32:00.624 [pool-2-thread-27] DEBUG org.apache.http.wire -- http-outgoing-45 >> "Content-Length: 54[\r][\n]"
16:32:00.624 [pool-2-thread-27] DEBUG org.apache.http.wire -- http-outgoing-45 >> "Host: localhost:3000[\r][\n]"
16:32:00.624 [pool-2-thread-27] DEBUG org.apache.http.wire -- http-outgoing-45 >> "Connection: Keep-Alive[\r][\n]"
16:32:00.624 [pool-2-thread-27] DEBUG org.apache.http.wire -- http-outgoing-45 >> "User-Agent: Apache-HttpClient/4.5.14 (Java/17.0.9)[\r][\n]"
16:32:00.625 [pool-2-thread-27] DEBUG org.apache.http.wire -- http-outgoing-45 >> "Accept-Encoding: gzip,deflate[\r][\n]"
16:32:00.625 [pool-2-thread-27] DEBUG org.apache.http.wire -- http-outgoing-45 >> "[\r][\n]"
16:32:00.625 [pool-2-thread-27] DEBUG org.apache.http.wire -- http-outgoing-45 >> "{"email":"testit3@gmail.com","password":"Password123"}"
16:32:00.566 [pool-2-thread-21] DEBUG org.apache.http.headers -- http-outgoing-11 >> User-Agent: Apache-HttpClient/4.5.14 (Java/17.0.9)
16:32:00.627 [pool-2-thread-21] DEBUG org.apache.http.headers -- http-outgoing-11 >> Accept-Encoding: gzip,deflate
16:32:00.627 [pool-2-thread-21] DEBUG org.apache.http.wire -- http-outgoing-11 >> "POST /auth/login HTTP/1.1[\r][\n]"
16:32:00.627 [pool-2-thread-21] DEBUG org.apache.http.wire -- http-outgoing-11 >> "Content-Type: application/json; charset=UTF-8[\r][\n]"
16:32:00.627 [pool-2-thread-21] DEBUG org.apache.http.wire -- http-outgoing-11 >> "Content-Length: 45[\r][\n]"
16:32:00.627 [pool-2-thread-21] DEBUG org.apache.http.wire -- http-outgoing-11 >> "Host: localhost:3000[\r][\n]"
16:32:00.627 [pool-2-thread-21] DEBUG org.apache.http.wire -- http-outgoing-11 >> "Connection: Keep-Alive[\r][\n]"
16:32:00.627 [pool-2-thread-21] DEBUG org.apache.http.wire -- http-outgoing-11 >> "User-Agent: Apache-HttpClient/4.5.14 (Java/17.0.9)[\r][\n]"
16:32:00.627 [pool-2-thread-21] DEBUG org.apache.http.wire -- http-outgoing-11 >> "Accept-Encoding: gzip,deflate[\r][\n]"
16:32:00.627 [pool-2-thread-21] DEBUG org.apache.http.wire -- http-outgoing-11 >> "[\r][\n]"
16:32:00.627 [pool-2-thread-21] DEBUG org.apache.http.wire -- http-outgoing-11 >> "{"email":"nam@gmail.com","password":"123456"}"
16:32:00.567 [pool-2-thread-13] DEBUG org.apache.http.impl.conn.DefaultManagedHttpClientConnection -- http-outgoing-33: set socket timeout to 30000
16:32:00.627 [pool-2-thread-13] DEBUG org.apache.http.impl.execchain.MainClientExec -- Executing request POST /auth/login HTTP/1.1
16:32:00.627 [pool-2-thread-13] DEBUG org.apache.http.impl.execchain.MainClientExec -- Target auth state: UNCHALLENGED
16:32:00.627 [pool-2-thread-13] DEBUG org.apache.http.impl.execchain.MainClientExec -- Proxy auth state: UNCHALLENGED
16:32:00.627 [pool-2-thread-13] DEBUG org.apache.http.headers -- http-outgoing-33 >> POST /auth/login HTTP/1.1
16:32:00.627 [pool-2-thread-13] DEBUG org.apache.http.headers -- http-outgoing-33 >> Content-Type: application/json; charset=UTF-8
16:32:00.627 [pool-2-thread-13] DEBUG org.apache.http.headers -- http-outgoing-33 >> Content-Length: 53
16:32:00.628 [pool-2-thread-13] DEBUG org.apache.http.headers -- http-outgoing-33 >> Host: localhost:3000
16:32:00.628 [pool-2-thread-13] DEBUG org.apache.http.headers -- http-outgoing-33 >> Connection: Keep-Alive
16:32:00.628 [pool-2-thread-13] DEBUG org.apache.http.headers -- http-outgoing-33 >> User-Agent: Apache-HttpClient/4.5.14 (Java/17.0.9)
16:32:00.628 [pool-2-thread-13] DEBUG org.apache.http.headers -- http-outgoing-33 >> Accept-Encoding: gzip,deflate
16:32:00.628 [pool-2-thread-13] DEBUG org.apache.http.wire -- http-outgoing-33 >> "POST /auth/login HTTP/1.1[\r][\n]"
16:32:00.628 [pool-2-thread-13] DEBUG org.apache.http.wire -- http-outgoing-33 >> "Content-Type: application/json; charset=UTF-8[\r][\n]"
16:32:00.628 [pool-2-thread-13] DEBUG org.apache.http.wire -- http-outgoing-33 >> "Content-Length: 53[\r][\n]"
16:32:00.628 [pool-2-thread-13] DEBUG org.apache.http.wire -- http-outgoing-33 >> "Host: localhost:3000[\r][\n]"
16:32:00.628 [pool-2-thread-13] DEBUG org.apache.http.wire -- http-outgoing-33 >> "Connection: Keep-Alive[\r][\n]"
16:32:00.628 [pool-2-thread-13] DEBUG org.apache.http.wire -- http-outgoing-33 >> "User-Agent: Apache-HttpClient/4.5.14 (Java/17.0.9)[\r][\n]"
16:32:00.628 [pool-2-thread-13] DEBUG org.apache.http.wire -- http-outgoing-33 >> "Accept-Encoding: gzip,deflate[\r][\n]"
16:32:00.628 [pool-2-thread-13] DEBUG org.apache.http.wire -- http-outgoing-33 >> "[\r][\n]"
16:32:00.628 [pool-2-thread-13] DEBUG org.apache.http.wire -- http-outgoing-33 >> "{"email":"test@example.com","password":"Password123"}"
16:32:00.567 [pool-2-thread-24] DEBUG org.apache.http.headers -- http-outgoing-13 >> Connection: Keep-Alive
16:32:00.628 [pool-2-thread-24] DEBUG org.apache.http.headers -- http-outgoing-13 >> User-Agent: Apache-HttpClient/4.5.14 (Java/17.0.9)
16:32:00.628 [pool-2-thread-24] DEBUG org.apache.http.headers -- http-outgoing-13 >> Accept-Encoding: gzip,deflate
16:32:00.628 [pool-2-thread-24] DEBUG org.apache.http.wire -- http-outgoing-13 >> "POST /auth/login HTTP/1.1[\r][\n]"
16:32:00.628 [pool-2-thread-24] DEBUG org.apache.http.wire -- http-outgoing-13 >> "Content-Type: application/json; charset=UTF-8[\r][\n]"
16:32:00.628 [pool-2-thread-24] DEBUG org.apache.http.wire -- http-outgoing-13 >> "Content-Length: 54[\r][\n]"
16:32:00.628 [pool-2-thread-24] DEBUG org.apache.http.wire -- http-outgoing-13 >> "Host: localhost:3000[\r][\n]"
16:32:00.628 [pool-2-thread-24] DEBUG org.apache.http.wire -- http-outgoing-13 >> "Connection: Keep-Alive[\r][\n]"
16:32:00.628 [pool-2-thread-24] DEBUG org.apache.http.wire -- http-outgoing-13 >> "User-Agent: Apache-HttpClient/4.5.14 (Java/17.0.9)[\r][\n]"
16:32:00.628 [pool-2-thread-24] DEBUG org.apache.http.wire -- http-outgoing-13 >> "Accept-Encoding: gzip,deflate[\r][\n]"
16:32:00.628 [pool-2-thread-24] DEBUG org.apache.http.wire -- http-outgoing-13 >> "[\r][\n]"
16:32:00.628 [pool-2-thread-24] DEBUG org.apache.http.wire -- http-outgoing-13 >> "{"email":"test2@example.com","password":"Password123"}"
16:32:00.569 [pool-2-thread-7] DEBUG org.apache.http.headers -- http-outgoing-5 >> POST /auth/login HTTP/1.1
16:32:00.629 [pool-2-thread-7] DEBUG org.apache.http.headers -- http-outgoing-5 >> Content-Type: application/json; charset=UTF-8
16:32:00.629 [pool-2-thread-7] DEBUG org.apache.http.headers -- http-outgoing-5 >> Content-Length: 54
16:32:00.629 [pool-2-thread-7] DEBUG org.apache.http.headers -- http-outgoing-5 >> Host: localhost:3000
16:32:00.629 [pool-2-thread-7] DEBUG org.apache.http.headers -- http-outgoing-5 >> Connection: Keep-Alive
16:32:00.629 [pool-2-thread-7] DEBUG org.apache.http.headers -- http-outgoing-5 >> User-Agent: Apache-HttpClient/4.5.14 (Java/17.0.9)
16:32:00.629 [pool-2-thread-7] DEBUG org.apache.http.headers -- http-outgoing-5 >> Accept-Encoding: gzip,deflate
16:32:00.629 [pool-2-thread-7] DEBUG org.apache.http.wire -- http-outgoing-5 >> "POST /auth/login HTTP/1.1[\r][\n]"
16:32:00.629 [pool-2-thread-7] DEBUG org.apache.http.wire -- http-outgoing-5 >> "Content-Type: application/json; charset=UTF-8[\r][\n]"
16:32:00.629 [pool-2-thread-7] DEBUG org.apache.http.wire -- http-outgoing-5 >> "Content-Length: 54[\r][\n]"
16:32:00.629 [pool-2-thread-7] DEBUG org.apache.http.wire -- http-outgoing-5 >> "Host: localhost:3000[\r][\n]"
16:32:00.629 [pool-2-thread-7] DEBUG org.apache.http.wire -- http-outgoing-5 >> "Connection: Keep-Alive[\r][\n]"
16:32:00.629 [pool-2-thread-7] DEBUG org.apache.http.wire -- http-outgoing-5 >> "User-Agent: Apache-HttpClient/4.5.14 (Java/17.0.9)[\r][\n]"
16:32:00.629 [pool-2-thread-7] DEBUG org.apache.http.wire -- http-outgoing-5 >> "Accept-Encoding: gzip,deflate[\r][\n]"
16:32:00.629 [pool-2-thread-7] DEBUG org.apache.http.wire -- http-outgoing-5 >> "[\r][\n]"
16:32:00.629 [pool-2-thread-7] DEBUG org.apache.http.wire -- http-outgoing-5 >> "{"email":"testit3@gmail.com","password":"Password123"}"
16:32:00.572 [pool-2-thread-44] DEBUG org.apache.http.headers -- http-outgoing-30 >> POST /auth/login HTTP/1.1
16:32:00.635 [pool-2-thread-44] DEBUG org.apache.http.headers -- http-outgoing-30 >> Content-Type: application/json; charset=UTF-8
16:32:00.635 [pool-2-thread-44] DEBUG org.apache.http.headers -- http-outgoing-30 >> Content-Length: 54
16:32:00.635 [pool-2-thread-44] DEBUG org.apache.http.headers -- http-outgoing-30 >> Host: localhost:3000
16:32:00.635 [pool-2-thread-44] DEBUG org.apache.http.headers -- http-outgoing-30 >> Connection: Keep-Alive
16:32:00.635 [pool-2-thread-44] DEBUG org.apache.http.headers -- http-outgoing-30 >> User-Agent: Apache-HttpClient/4.5.14 (Java/17.0.9)
16:32:00.635 [pool-2-thread-44] DEBUG org.apache.http.headers -- http-outgoing-30 >> Accept-Encoding: gzip,deflate
16:32:00.635 [pool-2-thread-44] DEBUG org.apache.http.wire -- http-outgoing-30 >> "POST /auth/login HTTP/1.1[\r][\n]"
16:32:00.635 [pool-2-thread-44] DEBUG org.apache.http.wire -- http-outgoing-30 >> "Content-Type: application/json; charset=UTF-8[\r][\n]"
16:32:00.635 [pool-2-thread-44] DEBUG org.apache.http.wire -- http-outgoing-30 >> "Content-Length: 54[\r][\n]"
16:32:00.635 [pool-2-thread-44] DEBUG org.apache.http.wire -- http-outgoing-30 >> "Host: localhost:3000[\r][\n]"
16:32:00.635 [pool-2-thread-44] DEBUG org.apache.http.wire -- http-outgoing-30 >> "Connection: Keep-Alive[\r][\n]"
16:32:00.575 [pool-2-thread-30] DEBUG org.apache.http.headers -- http-outgoing-2 >> POST /auth/login HTTP/1.1
16:32:00.635 [pool-2-thread-30] DEBUG org.apache.http.headers -- http-outgoing-2 >> Content-Type: application/json; charset=UTF-8
16:32:00.635 [pool-2-thread-30] DEBUG org.apache.http.headers -- http-outgoing-2 >> Content-Length: 54
16:32:00.635 [pool-2-thread-30] DEBUG org.apache.http.headers -- http-outgoing-2 >> Host: localhost:3000
16:32:00.635 [pool-2-thread-30] DEBUG org.apache.http.headers -- http-outgoing-2 >> Connection: Keep-Alive
16:32:00.635 [pool-2-thread-30] DEBUG org.apache.http.headers -- http-outgoing-2 >> User-Agent: Apache-HttpClient/4.5.14 (Java/17.0.9)
16:32:00.635 [pool-2-thread-30] DEBUG org.apache.http.headers -- http-outgoing-2 >> Accept-Encoding: gzip,deflate
16:32:00.635 [pool-2-thread-30] DEBUG org.apache.http.wire -- http-outgoing-2 >> "POST /auth/login HTTP/1.1[\r][\n]"
16:32:00.635 [pool-2-thread-30] DEBUG org.apache.http.wire -- http-outgoing-2 >> "Content-Type: application/json; charset=UTF-8[\r][\n]"
16:32:00.635 [pool-2-thread-30] DEBUG org.apache.http.wire -- http-outgoing-2 >> "Content-Length: 54[\r][\n]"
16:32:00.635 [pool-2-thread-30] DEBUG org.apache.http.wire -- http-outgoing-2 >> "Host: localhost:3000[\r][\n]"
16:32:00.635 [pool-2-thread-30] DEBUG org.apache.http.wire -- http-outgoing-2 >> "Connection: Keep-Alive[\r][\n]"
16:32:00.636 [pool-2-thread-30] DEBUG org.apache.http.wire -- http-outgoing-2 >> "User-Agent: Apache-HttpClient/4.5.14 (Java/17.0.9)[\r][\n]"
16:32:00.636 [pool-2-thread-30] DEBUG org.apache.http.wire -- http-outgoing-2 >> "Accept-Encoding: gzip,deflate[\r][\n]"
16:32:00.636 [pool-2-thread-30] DEBUG org.apache.http.wire -- http-outgoing-2 >> "[\r][\n]"
16:32:00.636 [pool-2-thread-30] DEBUG org.apache.http.wire -- http-outgoing-2 >> "{"email":"testit2@gmail.com","password":"Password123"}"
16:32:00.638 [pool-2-thread-44] DEBUG org.apache.http.wire -- http-outgoing-30 >> "User-Agent: Apache-HttpClient/4.5.14 (Java/17.0.9)[\r][\n]"
16:32:00.638 [pool-2-thread-44] DEBUG org.apache.http.wire -- http-outgoing-30 >> "Accept-Encoding: gzip,deflate[\r][\n]"
16:32:00.638 [pool-2-thread-44] DEBUG org.apache.http.wire -- http-outgoing-30 >> "[\r][\n]"
16:32:00.638 [pool-2-thread-44] DEBUG org.apache.http.wire -- http-outgoing-30 >> "{"email":"test2@example.com","password":"Password123"}"
16:32:00.578 [pool-2-thread-26] DEBUG org.apache.http.impl.conn.DefaultHttpClientConnectionOperator -- Connection established 127.0.0.1:52209<->127.0.0.1:3000
16:32:00.639 [pool-2-thread-26] DEBUG org.apache.http.impl.conn.DefaultManagedHttpClientConnection -- http-outgoing-14: set socket timeout to 30000
16:32:00.639 [pool-2-thread-26] DEBUG org.apache.http.impl.execchain.MainClientExec -- Executing request POST /auth/login HTTP/1.1
16:32:00.639 [pool-2-thread-26] DEBUG org.apache.http.impl.execchain.MainClientExec -- Target auth state: UNCHALLENGED
16:32:00.639 [pool-2-thread-26] DEBUG org.apache.http.impl.execchain.MainClientExec -- Proxy auth state: UNCHALLENGED
16:32:00.578 [pool-2-thread-42] DEBUG org.apache.http.impl.conn.DefaultHttpClientConnectionOperator -- Connection established 127.0.0.1:52210<->127.0.0.1:3000
16:32:00.639 [pool-2-thread-42] DEBUG org.apache.http.impl.conn.DefaultManagedHttpClientConnection -- http-outgoing-44: set socket timeout to 30000
16:32:00.639 [pool-2-thread-26] DEBUG org.apache.http.headers -- http-outgoing-14 >> POST /auth/login HTTP/1.1
16:32:00.639 [pool-2-thread-42] DEBUG org.apache.http.impl.execchain.MainClientExec -- Executing request POST /auth/login HTTP/1.1
16:32:00.639 [pool-2-thread-26] DEBUG org.apache.http.headers -- http-outgoing-14 >> Content-Type: application/json; charset=UTF-8
16:32:00.639 [pool-2-thread-26] DEBUG org.apache.http.headers -- http-outgoing-14 >> Content-Length: 54
16:32:00.639 [pool-2-thread-26] DEBUG org.apache.http.headers -- http-outgoing-14 >> Host: localhost:3000
16:32:00.639 [pool-2-thread-26] DEBUG org.apache.http.headers -- http-outgoing-14 >> Connection: Keep-Alive
16:32:00.639 [pool-2-thread-26] DEBUG org.apache.http.headers -- http-outgoing-14 >> User-Agent: Apache-HttpClient/4.5.14 (Java/17.0.9)
16:32:00.639 [pool-2-thread-26] DEBUG org.apache.http.headers -- http-outgoing-14 >> Accept-Encoding: gzip,deflate
16:32:00.639 [pool-2-thread-26] DEBUG org.apache.http.wire -- http-outgoing-14 >> "POST /auth/login HTTP/1.1[\r][\n]"
16:32:00.639 [pool-2-thread-26] DEBUG org.apache.http.wire -- http-outgoing-14 >> "Content-Type: application/json; charset=UTF-8[\r][\n]"
16:32:00.639 [pool-2-thread-26] DEBUG org.apache.http.wire -- http-outgoing-14 >> "Content-Length: 54[\r][\n]"
16:32:00.639 [pool-2-thread-26] DEBUG org.apache.http.wire -- http-outgoing-14 >> "Host: localhost:3000[\r][\n]"
16:32:00.639 [pool-2-thread-26] DEBUG org.apache.http.wire -- http-outgoing-14 >> "Connection: Keep-Alive[\r][\n]"
16:32:00.639 [pool-2-thread-26] DEBUG org.apache.http.wire -- http-outgoing-14 >> "User-Agent: Apache-HttpClient/4.5.14 (Java/17.0.9)[\r][\n]"
16:32:00.639 [pool-2-thread-26] DEBUG org.apache.http.wire -- http-outgoing-14 >> "Accept-Encoding: gzip,deflate[\r][\n]"
16:32:00.639 [pool-2-thread-26] DEBUG org.apache.http.wire -- http-outgoing-14 >> "[\r][\n]"
16:32:00.639 [pool-2-thread-26] DEBUG org.apache.http.wire -- http-outgoing-14 >> "{"email":"testit4@gmail.com","password":"Password123"}"
16:32:00.578 [pool-2-thread-20] DEBUG org.apache.http.impl.execchain.MainClientExec -- Target auth state: UNCHALLENGED
16:32:00.640 [pool-2-thread-20] DEBUG org.apache.http.impl.execchain.MainClientExec -- Proxy auth state: UNCHALLENGED
16:32:00.640 [pool-2-thread-20] DEBUG org.apache.http.headers -- http-outgoing-47 >> POST /auth/login HTTP/1.1
16:32:00.640 [pool-2-thread-20] DEBUG org.apache.http.headers -- http-outgoing-47 >> Content-Type: application/json; charset=UTF-8
16:32:00.640 [pool-2-thread-20] DEBUG org.apache.http.headers -- http-outgoing-47 >> Content-Length: 54
16:32:00.640 [pool-2-thread-20] DEBUG org.apache.http.headers -- http-outgoing-47 >> Host: localhost:3000
16:32:00.640 [pool-2-thread-20] DEBUG org.apache.http.headers -- http-outgoing-47 >> Connection: Keep-Alive
16:32:00.640 [pool-2-thread-20] DEBUG org.apache.http.headers -- http-outgoing-47 >> User-Agent: Apache-HttpClient/4.5.14 (Java/17.0.9)
16:32:00.640 [pool-2-thread-20] DEBUG org.apache.http.headers -- http-outgoing-47 >> Accept-Encoding: gzip,deflate
16:32:00.640 [pool-2-thread-20] DEBUG org.apache.http.wire -- http-outgoing-47 >> "POST /auth/login HTTP/1.1[\r][\n]"
16:32:00.640 [pool-2-thread-20] DEBUG org.apache.http.wire -- http-outgoing-47 >> "Content-Type: application/json; charset=UTF-8[\r][\n]"
16:32:00.640 [pool-2-thread-20] DEBUG org.apache.http.wire -- http-outgoing-47 >> "Content-Length: 54[\r][\n]"
16:32:00.640 [pool-2-thread-20] DEBUG org.apache.http.wire -- http-outgoing-47 >> "Host: localhost:3000[\r][\n]"
16:32:00.640 [pool-2-thread-20] DEBUG org.apache.http.wire -- http-outgoing-47 >> "Connection: Keep-Alive[\r][\n]"
16:32:00.640 [pool-2-thread-20] DEBUG org.apache.http.wire -- http-outgoing-47 >> "User-Agent: Apache-HttpClient/4.5.14 (Java/17.0.9)[\r][\n]"
16:32:00.640 [pool-2-thread-20] DEBUG org.apache.http.wire -- http-outgoing-47 >> "Accept-Encoding: gzip,deflate[\r][\n]"
16:32:00.640 [pool-2-thread-20] DEBUG org.apache.http.wire -- http-outgoing-47 >> "[\r][\n]"
16:32:00.640 [pool-2-thread-20] DEBUG org.apache.http.wire -- http-outgoing-47 >> "{"email":"testit2@gmail.com","password":"Password123"}"
16:32:00.578 [pool-2-thread-39] DEBUG org.apache.http.wire -- http-outgoing-49 >> "Content-Type: application/json; charset=UTF-8[\r][\n]"
16:32:00.641 [pool-2-thread-39] DEBUG org.apache.http.wire -- http-outgoing-49 >> "Content-Length: 53[\r][\n]"
16:32:00.641 [pool-2-thread-39] DEBUG org.apache.http.wire -- http-outgoing-49 >> "Host: localhost:3000[\r][\n]"
16:32:00.641 [pool-2-thread-39] DEBUG org.apache.http.wire -- http-outgoing-49 >> "Connection: Keep-Alive[\r][\n]"
16:32:00.641 [pool-2-thread-39] DEBUG org.apache.http.wire -- http-outgoing-49 >> "User-Agent: Apache-HttpClient/4.5.14 (Java/17.0.9)[\r][\n]"
16:32:00.580 [pool-2-thread-5] DEBUG org.apache.http.impl.execchain.MainClientExec -- Target auth state: UNCHALLENGED
16:32:00.641 [pool-2-thread-5] DEBUG org.apache.http.impl.execchain.MainClientExec -- Proxy auth state: UNCHALLENGED
16:32:00.581 [pool-2-thread-9] DEBUG org.apache.http.impl.execchain.MainClientExec -- Target auth state: UNCHALLENGED
16:32:00.641 [pool-2-thread-5] DEBUG org.apache.http.headers -- http-outgoing-41 >> POST /auth/login HTTP/1.1
16:32:00.641 [pool-2-thread-5] DEBUG org.apache.http.headers -- http-outgoing-41 >> Content-Type: application/json; charset=UTF-8
16:32:00.641 [pool-2-thread-5] DEBUG org.apache.http.headers -- http-outgoing-41 >> Content-Length: 55
16:32:00.641 [pool-2-thread-5] DEBUG org.apache.http.headers -- http-outgoing-41 >> Host: localhost:3000
16:32:00.641 [pool-2-thread-5] DEBUG org.apache.http.headers -- http-outgoing-41 >> Connection: Keep-Alive
16:32:00.641 [pool-2-thread-5] DEBUG org.apache.http.headers -- http-outgoing-41 >> User-Agent: Apache-HttpClient/4.5.14 (Java/17.0.9)
16:32:00.641 [pool-2-thread-5] DEBUG org.apache.http.headers -- http-outgoing-41 >> Accept-Encoding: gzip,deflate
16:32:00.641 [pool-2-thread-5] DEBUG org.apache.http.wire -- http-outgoing-41 >> "POST /auth/login HTTP/1.1[\r][\n]"
16:32:00.641 [pool-2-thread-5] DEBUG org.apache.http.wire -- http-outgoing-41 >> "Content-Type: application/json; charset=UTF-8[\r][\n]"
16:32:00.641 [pool-2-thread-5] DEBUG org.apache.http.wire -- http-outgoing-41 >> "Content-Length: 55[\r][\n]"
16:32:00.641 [pool-2-thread-5] DEBUG org.apache.http.wire -- http-outgoing-41 >> "Host: localhost:3000[\r][\n]"
16:32:00.641 [pool-2-thread-5] DEBUG org.apache.http.wire -- http-outgoing-41 >> "Connection: Keep-Alive[\r][\n]"
16:32:00.641 [pool-2-thread-5] DEBUG org.apache.http.wire -- http-outgoing-41 >> "User-Agent: Apache-HttpClient/4.5.14 (Java/17.0.9)[\r][\n]"
16:32:00.641 [pool-2-thread-5] DEBUG org.apache.http.wire -- http-outgoing-41 >> "Accept-Encoding: gzip,deflate[\r][\n]"
16:32:00.641 [pool-2-thread-5] DEBUG org.apache.http.wire -- http-outgoing-41 >> "[\r][\n]"
16:32:00.641 [pool-2-thread-5] DEBUG org.apache.http.wire -- http-outgoing-41 >> "{"email":"test28@example.com","password":"Password123"}"
16:32:00.581 [pool-2-thread-19] DEBUG org.apache.http.impl.conn.DefaultHttpClientConnectionOperator -- Connection established 127.0.0.1:52212<->127.0.0.1:3000
16:32:00.641 [pool-2-thread-19] DEBUG org.apache.http.impl.conn.DefaultManagedHttpClientConnection -- http-outgoing-31: set socket timeout to 30000
16:32:00.641 [pool-2-thread-19] DEBUG org.apache.http.impl.execchain.MainClientExec -- Executing request POST /auth/login HTTP/1.1
16:32:00.641 [pool-2-thread-19] DEBUG org.apache.http.impl.execchain.MainClientExec -- Target auth state: UNCHALLENGED
16:32:00.641 [pool-2-thread-19] DEBUG org.apache.http.impl.execchain.MainClientExec -- Proxy auth state: UNCHALLENGED
16:32:00.581 [pool-2-thread-6] DEBUG org.apache.http.impl.conn.DefaultManagedHttpClientConnection -- http-outgoing-26: set socket timeout to 30000
16:32:00.642 [pool-2-thread-6] DEBUG org.apache.http.impl.execchain.MainClientExec -- Executing request POST /auth/login HTTP/1.1
16:32:00.642 [pool-2-thread-6] DEBUG org.apache.http.impl.execchain.MainClientExec -- Target auth state: UNCHALLENGED
16:32:00.642 [pool-2-thread-6] DEBUG org.apache.http.impl.execchain.MainClientExec -- Proxy auth state: UNCHALLENGED
16:32:00.642 [pool-2-thread-6] DEBUG org.apache.http.headers -- http-outgoing-26 >> POST /auth/login HTTP/1.1
16:32:00.642 [pool-2-thread-6] DEBUG org.apache.http.headers -- http-outgoing-26 >> Content-Type: application/json; charset=UTF-8
16:32:00.642 [pool-2-thread-6] DEBUG org.apache.http.headers -- http-outgoing-26 >> Content-Length: 54
16:32:00.642 [pool-2-thread-6] DEBUG org.apache.http.headers -- http-outgoing-26 >> Host: localhost:3000
16:32:00.642 [pool-2-thread-6] DEBUG org.apache.http.headers -- http-outgoing-26 >> Connection: Keep-Alive
16:32:00.642 [pool-2-thread-6] DEBUG org.apache.http.headers -- http-outgoing-26 >> User-Agent: Apache-HttpClient/4.5.14 (Java/17.0.9)
16:32:00.642 [pool-2-thread-6] DEBUG org.apache.http.headers -- http-outgoing-26 >> Accept-Encoding: gzip,deflate
16:32:00.642 [pool-2-thread-6] DEBUG org.apache.http.wire -- http-outgoing-26 >> "POST /auth/login HTTP/1.1[\r][\n]"
16:32:00.642 [pool-2-thread-6] DEBUG org.apache.http.wire -- http-outgoing-26 >> "Content-Type: application/json; charset=UTF-8[\r][\n]"
16:32:00.642 [pool-2-thread-6] DEBUG org.apache.http.wire -- http-outgoing-26 >> "Content-Length: 54[\r][\n]"
16:32:00.642 [pool-2-thread-6] DEBUG org.apache.http.wire -- http-outgoing-26 >> "Host: localhost:3000[\r][\n]"
16:32:00.642 [pool-2-thread-6] DEBUG org.apache.http.wire -- http-outgoing-26 >> "Connection: Keep-Alive[\r][\n]"
16:32:00.642 [pool-2-thread-6] DEBUG org.apache.http.wire -- http-outgoing-26 >> "User-Agent: Apache-HttpClient/4.5.14 (Java/17.0.9)[\r][\n]"
16:32:00.642 [pool-2-thread-6] DEBUG org.apache.http.wire -- http-outgoing-26 >> "Accept-Encoding: gzip,deflate[\r][\n]"
16:32:00.642 [pool-2-thread-6] DEBUG org.apache.http.wire -- http-outgoing-26 >> "[\r][\n]"
16:32:00.642 [pool-2-thread-6] DEBUG org.apache.http.wire -- http-outgoing-26 >> "{"email":"testit4@gmail.com","password":"Password123"}"
16:32:00.582 [pool-2-thread-1] DEBUG org.apache.http.impl.conn.DefaultManagedHttpClientConnection -- http-outgoing-1: set socket timeout to 30000
16:32:00.643 [pool-2-thread-1] DEBUG org.apache.http.impl.execchain.MainClientExec -- Executing request POST /auth/login HTTP/1.1
16:32:00.643 [pool-2-thread-1] DEBUG org.apache.http.impl.execchain.MainClientExec -- Target auth state: UNCHALLENGED
16:32:00.643 [pool-2-thread-1] DEBUG org.apache.http.impl.execchain.MainClientExec -- Proxy auth state: UNCHALLENGED
16:32:00.643 [pool-2-thread-1] DEBUG org.apache.http.headers -- http-outgoing-1 >> POST /auth/login HTTP/1.1
16:32:00.643 [pool-2-thread-1] DEBUG org.apache.http.headers -- http-outgoing-1 >> Content-Type: application/json; charset=UTF-8
16:32:00.643 [pool-2-thread-1] DEBUG org.apache.http.headers -- http-outgoing-1 >> Content-Length: 45
16:32:00.643 [pool-2-thread-1] DEBUG org.apache.http.headers -- http-outgoing-1 >> Host: localhost:3000
16:32:00.643 [pool-2-thread-1] DEBUG org.apache.http.headers -- http-outgoing-1 >> Connection: Keep-Alive
16:32:00.643 [pool-2-thread-1] DEBUG org.apache.http.headers -- http-outgoing-1 >> User-Agent: Apache-HttpClient/4.5.14 (Java/17.0.9)
16:32:00.644 [pool-2-thread-1] DEBUG org.apache.http.headers -- http-outgoing-1 >> Accept-Encoding: gzip,deflate
16:32:00.644 [pool-2-thread-1] DEBUG org.apache.http.wire -- http-outgoing-1 >> "POST /auth/login HTTP/1.1[\r][\n]"
16:32:00.644 [pool-2-thread-1] DEBUG org.apache.http.wire -- http-outgoing-1 >> "Content-Type: application/json; charset=UTF-8[\r][\n]"
16:32:00.644 [pool-2-thread-1] DEBUG org.apache.http.wire -- http-outgoing-1 >> "Content-Length: 45[\r][\n]"
16:32:00.644 [pool-2-thread-1] DEBUG org.apache.http.wire -- http-outgoing-1 >> "Host: localhost:3000[\r][\n]"
16:32:00.644 [pool-2-thread-1] DEBUG org.apache.http.wire -- http-outgoing-1 >> "Connection: Keep-Alive[\r][\n]"
16:32:00.644 [pool-2-thread-1] DEBUG org.apache.http.wire -- http-outgoing-1 >> "User-Agent: Apache-HttpClient/4.5.14 (Java/17.0.9)[\r][\n]"
16:32:00.644 [pool-2-thread-1] DEBUG org.apache.http.wire -- http-outgoing-1 >> "Accept-Encoding: gzip,deflate[\r][\n]"
16:32:00.644 [pool-2-thread-1] DEBUG org.apache.http.wire -- http-outgoing-1 >> "[\r][\n]"
16:32:00.644 [pool-2-thread-1] DEBUG org.apache.http.wire -- http-outgoing-1 >> "{"email":"nam@gmail.com","password":"123456"}"
16:32:00.590 [pool-2-thread-47] DEBUG org.apache.http.headers -- http-outgoing-34 >> POST /auth/login HTTP/1.1
16:32:00.644 [pool-2-thread-47] DEBUG org.apache.http.headers -- http-outgoing-34 >> Content-Type: application/json; charset=UTF-8
16:32:00.644 [pool-2-thread-47] DEBUG org.apache.http.headers -- http-outgoing-34 >> Content-Length: 54
16:32:00.644 [pool-2-thread-47] DEBUG org.apache.http.headers -- http-outgoing-34 >> Host: localhost:3000
16:32:00.644 [pool-2-thread-47] DEBUG org.apache.http.headers -- http-outgoing-34 >> Connection: Keep-Alive
16:32:00.644 [pool-2-thread-47] DEBUG org.apache.http.headers -- http-outgoing-34 >> User-Agent: Apache-HttpClient/4.5.14 (Java/17.0.9)
16:32:00.644 [pool-2-thread-47] DEBUG org.apache.http.headers -- http-outgoing-34 >> Accept-Encoding: gzip,deflate
16:32:00.595 [pool-2-thread-12] DEBUG org.apache.http.impl.conn.DefaultManagedHttpClientConnection -- http-outgoing-4: set socket timeout to 30000
16:32:00.644 [pool-2-thread-47] DEBUG org.apache.http.wire -- http-outgoing-34 >> "POST /auth/login HTTP/1.1[\r][\n]"
16:32:00.644 [pool-2-thread-47] DEBUG org.apache.http.wire -- http-outgoing-34 >> "Content-Type: application/json; charset=UTF-8[\r][\n]"
16:32:00.644 [pool-2-thread-47] DEBUG org.apache.http.wire -- http-outgoing-34 >> "Content-Length: 54[\r][\n]"
16:32:00.644 [pool-2-thread-47] DEBUG org.apache.http.wire -- http-outgoing-34 >> "Host: localhost:3000[\r][\n]"
16:32:00.644 [pool-2-thread-47] DEBUG org.apache.http.wire -- http-outgoing-34 >> "Connection: Keep-Alive[\r][\n]"
16:32:00.644 [pool-2-thread-47] DEBUG org.apache.http.wire -- http-outgoing-34 >> "User-Agent: Apache-HttpClient/4.5.14 (Java/17.0.9)[\r][\n]"
16:32:00.644 [pool-2-thread-47] DEBUG org.apache.http.wire -- http-outgoing-34 >> "Accept-Encoding: gzip,deflate[\r][\n]"
16:32:00.644 [pool-2-thread-47] DEBUG org.apache.http.wire -- http-outgoing-34 >> "[\r][\n]"
16:32:00.644 [pool-2-thread-47] DEBUG org.apache.http.wire -- http-outgoing-34 >> "{"email":"testit3@gmail.com","password":"Password123"}"
16:32:00.607 [pool-2-thread-28] DEBUG org.apache.http.impl.execchain.MainClientExec -- Proxy auth state: UNCHALLENGED
16:32:00.645 [pool-2-thread-28] DEBUG org.apache.http.headers -- http-outgoing-21 >> POST /auth/login HTTP/1.1
16:32:00.645 [pool-2-thread-28] DEBUG org.apache.http.headers -- http-outgoing-21 >> Content-Type: application/json; charset=UTF-8
16:32:00.645 [pool-2-thread-28] DEBUG org.apache.http.headers -- http-outgoing-21 >> Content-Length: 54
16:32:00.645 [pool-2-thread-28] DEBUG org.apache.http.headers -- http-outgoing-21 >> Host: localhost:3000
16:32:00.645 [pool-2-thread-28] DEBUG org.apache.http.headers -- http-outgoing-21 >> Connection: Keep-Alive
16:32:00.645 [pool-2-thread-28] DEBUG org.apache.http.headers -- http-outgoing-21 >> User-Agent: Apache-HttpClient/4.5.14 (Java/17.0.9)
16:32:00.645 [pool-2-thread-28] DEBUG org.apache.http.headers -- http-outgoing-21 >> Accept-Encoding: gzip,deflate
16:32:00.645 [pool-2-thread-28] DEBUG org.apache.http.wire -- http-outgoing-21 >> "POST /auth/login HTTP/1.1[\r][\n]"
16:32:00.645 [pool-2-thread-28] DEBUG org.apache.http.wire -- http-outgoing-21 >> "Content-Type: application/json; charset=UTF-8[\r][\n]"
16:32:00.645 [pool-2-thread-28] DEBUG org.apache.http.wire -- http-outgoing-21 >> "Content-Length: 54[\r][\n]"
16:32:00.645 [pool-2-thread-28] DEBUG org.apache.http.wire -- http-outgoing-21 >> "Host: localhost:3000[\r][\n]"
16:32:00.645 [pool-2-thread-28] DEBUG org.apache.http.wire -- http-outgoing-21 >> "Connection: Keep-Alive[\r][\n]"
16:32:00.645 [pool-2-thread-28] DEBUG org.apache.http.wire -- http-outgoing-21 >> "User-Agent: Apache-HttpClient/4.5.14 (Java/17.0.9)[\r][\n]"
16:32:00.645 [pool-2-thread-28] DEBUG org.apache.http.wire -- http-outgoing-21 >> "Accept-Encoding: gzip,deflate[\r][\n]"
16:32:00.645 [pool-2-thread-28] DEBUG org.apache.http.wire -- http-outgoing-21 >> "[\r][\n]"
16:32:00.645 [pool-2-thread-28] DEBUG org.apache.http.wire -- http-outgoing-21 >> "{"email":"testit5@gmail.com","password":"Password123"}"
16:32:00.608 [pool-2-thread-10] DEBUG org.apache.http.wire -- http-outgoing-37 >> "Content-Type: application/json; charset=UTF-8[\r][\n]"
16:32:00.646 [pool-2-thread-10] DEBUG org.apache.http.wire -- http-outgoing-37 >> "Content-Length: 54[\r][\n]"
16:32:00.646 [pool-2-thread-10] DEBUG org.apache.http.wire -- http-outgoing-37 >> "Host: localhost:3000[\r][\n]"
16:32:00.646 [pool-2-thread-10] DEBUG org.apache.http.wire -- http-outgoing-37 >> "Connection: Keep-Alive[\r][\n]"
16:32:00.646 [pool-2-thread-10] DEBUG org.apache.http.wire -- http-outgoing-37 >> "User-Agent: Apache-HttpClient/4.5.14 (Java/17.0.9)[\r][\n]"
16:32:00.648 [pool-2-thread-10] DEBUG org.apache.http.wire -- http-outgoing-37 >> "Accept-Encoding: gzip,deflate[\r][\n]"
16:32:00.649 [pool-2-thread-10] DEBUG org.apache.http.wire -- http-outgoing-37 >> "[\r][\n]"
16:32:00.649 [pool-2-thread-10] DEBUG org.apache.http.wire -- http-outgoing-37 >> "{"email":"testit2@gmail.com","password":"Password123"}"
16:32:00.610 [pool-2-thread-16] DEBUG org.apache.http.impl.execchain.MainClientExec -- Executing request POST /auth/login HTTP/1.1
16:32:00.649 [pool-2-thread-16] DEBUG org.apache.http.impl.execchain.MainClientExec -- Target auth state: UNCHALLENGED
16:32:00.649 [pool-2-thread-16] DEBUG org.apache.http.impl.execchain.MainClientExec -- Proxy auth state: UNCHALLENGED
16:32:00.650 [pool-2-thread-16] DEBUG org.apache.http.headers -- http-outgoing-6 >> POST /auth/login HTTP/1.1
16:32:00.650 [pool-2-thread-16] DEBUG org.apache.http.headers -- http-outgoing-6 >> Content-Type: application/json; charset=UTF-8
16:32:00.650 [pool-2-thread-16] DEBUG org.apache.http.headers -- http-outgoing-6 >> Content-Length: 54
16:32:00.650 [pool-2-thread-16] DEBUG org.apache.http.headers -- http-outgoing-6 >> Host: localhost:3000
16:32:00.650 [pool-2-thread-16] DEBUG org.apache.http.headers -- http-outgoing-6 >> Connection: Keep-Alive
16:32:00.650 [pool-2-thread-16] DEBUG org.apache.http.headers -- http-outgoing-6 >> User-Agent: Apache-HttpClient/4.5.14 (Java/17.0.9)
16:32:00.650 [pool-2-thread-16] DEBUG org.apache.http.headers -- http-outgoing-6 >> Accept-Encoding: gzip,deflate
16:32:00.650 [pool-2-thread-16] DEBUG org.apache.http.wire -- http-outgoing-6 >> "POST /auth/login HTTP/1.1[\r][\n]"
16:32:00.650 [pool-2-thread-16] DEBUG org.apache.http.wire -- http-outgoing-6 >> "Content-Type: application/json; charset=UTF-8[\r][\n]"
16:32:00.650 [pool-2-thread-16] DEBUG org.apache.http.wire -- http-outgoing-6 >> "Content-Length: 54[\r][\n]"
16:32:00.650 [pool-2-thread-16] DEBUG org.apache.http.wire -- http-outgoing-6 >> "Host: localhost:3000[\r][\n]"
16:32:00.650 [pool-2-thread-16] DEBUG org.apache.http.wire -- http-outgoing-6 >> "Connection: Keep-Alive[\r][\n]"
16:32:00.650 [pool-2-thread-16] DEBUG org.apache.http.wire -- http-outgoing-6 >> "User-Agent: Apache-HttpClient/4.5.14 (Java/17.0.9)[\r][\n]"
16:32:00.650 [pool-2-thread-16] DEBUG org.apache.http.wire -- http-outgoing-6 >> "Accept-Encoding: gzip,deflate[\r][\n]"
16:32:00.650 [pool-2-thread-16] DEBUG org.apache.http.wire -- http-outgoing-6 >> "[\r][\n]"
16:32:00.650 [pool-2-thread-16] DEBUG org.apache.http.wire -- http-outgoing-6 >> "{"email":"testit4@gmail.com","password":"Password123"}"
16:32:00.612 [pool-2-thread-49] DEBUG org.apache.http.headers -- http-outgoing-7 >> Content-Type: application/json; charset=UTF-8
16:32:00.651 [pool-2-thread-49] DEBUG org.apache.http.headers -- http-outgoing-7 >> Content-Length: 53
16:32:00.651 [pool-2-thread-49] DEBUG org.apache.http.headers -- http-outgoing-7 >> Host: localhost:3000
16:32:00.651 [pool-2-thread-49] DEBUG org.apache.http.headers -- http-outgoing-7 >> Connection: Keep-Alive
16:32:00.651 [pool-2-thread-49] DEBUG org.apache.http.headers -- http-outgoing-7 >> User-Agent: Apache-HttpClient/4.5.14 (Java/17.0.9)
16:32:00.651 [pool-2-thread-49] DEBUG org.apache.http.headers -- http-outgoing-7 >> Accept-Encoding: gzip,deflate
16:32:00.652 [pool-2-thread-49] DEBUG org.apache.http.wire -- http-outgoing-7 >> "POST /auth/login HTTP/1.1[\r][\n]"
16:32:00.652 [pool-2-thread-49] DEBUG org.apache.http.wire -- http-outgoing-7 >> "Content-Type: application/json; charset=UTF-8[\r][\n]"
16:32:00.652 [pool-2-thread-49] DEBUG org.apache.http.wire -- http-outgoing-7 >> "Content-Length: 53[\r][\n]"
16:32:00.652 [pool-2-thread-49] DEBUG org.apache.http.wire -- http-outgoing-7 >> "Host: localhost:3000[\r][\n]"
16:32:00.652 [pool-2-thread-49] DEBUG org.apache.http.wire -- http-outgoing-7 >> "Connection: Keep-Alive[\r][\n]"
16:32:00.652 [pool-2-thread-49] DEBUG org.apache.http.wire -- http-outgoing-7 >> "User-Agent: Apache-HttpClient/4.5.14 (Java/17.0.9)[\r][\n]"
16:32:00.612 [pool-2-thread-15] DEBUG org.apache.http.headers -- http-outgoing-12 >> Host: localhost:3000
16:32:00.652 [pool-2-thread-15] DEBUG org.apache.http.headers -- http-outgoing-12 >> Connection: Keep-Alive
16:32:00.652 [pool-2-thread-15] DEBUG org.apache.http.headers -- http-outgoing-12 >> User-Agent: Apache-HttpClient/4.5.14 (Java/17.0.9)
16:32:00.652 [pool-2-thread-15] DEBUG org.apache.http.headers -- http-outgoing-12 >> Accept-Encoding: gzip,deflate
16:32:00.652 [pool-2-thread-15] DEBUG org.apache.http.wire -- http-outgoing-12 >> "POST /auth/login HTTP/1.1[\r][\n]"
16:32:00.652 [pool-2-thread-15] DEBUG org.apache.http.wire -- http-outgoing-12 >> "Content-Type: application/json; charset=UTF-8[\r][\n]"
16:32:00.652 [pool-2-thread-15] DEBUG org.apache.http.wire -- http-outgoing-12 >> "Content-Length: 55[\r][\n]"
16:32:00.652 [pool-2-thread-15] DEBUG org.apache.http.wire -- http-outgoing-12 >> "Host: localhost:3000[\r][\n]"
16:32:00.652 [pool-2-thread-15] DEBUG org.apache.http.wire -- http-outgoing-12 >> "Connection: Keep-Alive[\r][\n]"
16:32:00.652 [pool-2-thread-15] DEBUG org.apache.http.wire -- http-outgoing-12 >> "User-Agent: Apache-HttpClient/4.5.14 (Java/17.0.9)[\r][\n]"
16:32:00.652 [pool-2-thread-15] DEBUG org.apache.http.wire -- http-outgoing-12 >> "Accept-Encoding: gzip,deflate[\r][\n]"
16:32:00.652 [pool-2-thread-15] DEBUG org.apache.http.wire -- http-outgoing-12 >> "[\r][\n]"
16:32:00.652 [pool-2-thread-15] DEBUG org.apache.http.wire -- http-outgoing-12 >> "{"email":"test28@example.com","password":"Password123"}"
16:32:00.614 [pool-2-thread-23] DEBUG org.apache.http.headers -- http-outgoing-42 >> Content-Type: application/json; charset=UTF-8
16:32:00.652 [pool-2-thread-23] DEBUG org.apache.http.headers -- http-outgoing-42 >> Content-Length: 53
16:32:00.614 [pool-2-thread-50] DEBUG org.apache.http.wire -- http-outgoing-10 >> "POST /auth/login HTTP/1.1[\r][\n]"
16:32:00.619 [pool-2-thread-38] DEBUG org.apache.http.impl.execchain.MainClientExec -- Target auth state: UNCHALLENGED
16:32:00.652 [pool-2-thread-50] DEBUG org.apache.http.wire -- http-outgoing-10 >> "Content-Type: application/json; charset=UTF-8[\r][\n]"
16:32:00.652 [pool-2-thread-50] DEBUG org.apache.http.wire -- http-outgoing-10 >> "Content-Length: 54[\r][\n]"
16:32:00.620 [pool-2-thread-31] DEBUG org.apache.http.headers -- http-outgoing-46 >> Host: localhost:3000
16:32:00.652 [pool-2-thread-50] DEBUG org.apache.http.wire -- http-outgoing-10 >> "Host: localhost:3000[\r][\n]"
16:32:00.652 [pool-2-thread-31] DEBUG org.apache.http.headers -- http-outgoing-46 >> Connection: Keep-Alive
16:32:00.652 [pool-2-thread-31] DEBUG org.apache.http.headers -- http-outgoing-46 >> User-Agent: Apache-HttpClient/4.5.14 (Java/17.0.9)
16:32:00.652 [pool-2-thread-31] DEBUG org.apache.http.headers -- http-outgoing-46 >> Accept-Encoding: gzip,deflate
16:32:00.652 [pool-2-thread-31] DEBUG org.apache.http.wire -- http-outgoing-46 >> "POST /auth/login HTTP/1.1[\r][\n]"
16:32:00.652 [pool-2-thread-23] DEBUG org.apache.http.headers -- http-outgoing-42 >> Host: localhost:3000
16:32:00.653 [pool-2-thread-23] DEBUG org.apache.http.headers -- http-outgoing-42 >> Connection: Keep-Alive
16:32:00.653 [pool-2-thread-23] DEBUG org.apache.http.headers -- http-outgoing-42 >> User-Agent: Apache-HttpClient/4.5.14 (Java/17.0.9)
16:32:00.653 [pool-2-thread-23] DEBUG org.apache.http.headers -- http-outgoing-42 >> Accept-Encoding: gzip,deflate
16:32:00.653 [pool-2-thread-23] DEBUG org.apache.http.wire -- http-outgoing-42 >> "POST /auth/login HTTP/1.1[\r][\n]"
16:32:00.653 [pool-2-thread-23] DEBUG org.apache.http.wire -- http-outgoing-42 >> "Content-Type: application/json; charset=UTF-8[\r][\n]"
16:32:00.620 [pool-2-thread-34] DEBUG org.apache.http.headers -- http-outgoing-8 >> Connection: Keep-Alive
16:32:00.653 [pool-2-thread-34] DEBUG org.apache.http.headers -- http-outgoing-8 >> User-Agent: Apache-HttpClient/4.5.14 (Java/17.0.9)
16:32:00.653 [pool-2-thread-34] DEBUG org.apache.http.headers -- http-outgoing-8 >> Accept-Encoding: gzip,deflate
16:32:00.653 [pool-2-thread-34] DEBUG org.apache.http.wire -- http-outgoing-8 >> "POST /auth/login HTTP/1.1[\r][\n]"
16:32:00.653 [pool-2-thread-34] DEBUG org.apache.http.wire -- http-outgoing-8 >> "Content-Type: application/json; charset=UTF-8[\r][\n]"
16:32:00.653 [pool-2-thread-34] DEBUG org.apache.http.wire -- http-outgoing-8 >> "Content-Length: 54[\r][\n]"
16:32:00.653 [pool-2-thread-34] DEBUG org.apache.http.wire -- http-outgoing-8 >> "Host: localhost:3000[\r][\n]"
16:32:00.653 [pool-2-thread-34] DEBUG org.apache.http.wire -- http-outgoing-8 >> "Connection: Keep-Alive[\r][\n]"
16:32:00.653 [pool-2-thread-34] DEBUG org.apache.http.wire -- http-outgoing-8 >> "User-Agent: Apache-HttpClient/4.5.14 (Java/17.0.9)[\r][\n]"
16:32:00.653 [pool-2-thread-34] DEBUG org.apache.http.wire -- http-outgoing-8 >> "Accept-Encoding: gzip,deflate[\r][\n]"
16:32:00.653 [pool-2-thread-34] DEBUG org.apache.http.wire -- http-outgoing-8 >> "[\r][\n]"
16:32:00.653 [pool-2-thread-34] DEBUG org.apache.http.wire -- http-outgoing-8 >> "{"email":"test2@example.com","password":"Password123"}"
16:32:00.620 [pool-2-thread-45] DEBUG org.apache.http.impl.conn.DefaultManagedHttpClientConnection -- http-outgoing-25: set socket timeout to 30000
16:32:00.639 [pool-2-thread-42] DEBUG org.apache.http.impl.execchain.MainClientExec -- Target auth state: UNCHALLENGED
16:32:00.655 [pool-2-thread-42] DEBUG org.apache.http.impl.execchain.MainClientExec -- Proxy auth state: UNCHALLENGED
16:32:00.655 [pool-2-thread-42] DEBUG org.apache.http.headers -- http-outgoing-44 >> POST /auth/login HTTP/1.1
16:32:00.655 [pool-2-thread-42] DEBUG org.apache.http.headers -- http-outgoing-44 >> Content-Type: application/json; charset=UTF-8
16:32:00.655 [pool-2-thread-42] DEBUG org.apache.http.headers -- http-outgoing-44 >> Content-Length: 48
16:32:00.655 [pool-2-thread-42] DEBUG org.apache.http.headers -- http-outgoing-44 >> Host: localhost:3000
16:32:00.655 [pool-2-thread-42] DEBUG org.apache.http.headers -- http-outgoing-44 >> Connection: Keep-Alive
16:32:00.657 [pool-2-thread-42] DEBUG org.apache.http.headers -- http-outgoing-44 >> User-Agent: Apache-HttpClient/4.5.14 (Java/17.0.9)
16:32:00.657 [pool-2-thread-42] DEBUG org.apache.http.headers -- http-outgoing-44 >> Accept-Encoding: gzip,deflate
16:32:00.657 [pool-2-thread-42] DEBUG org.apache.http.wire -- http-outgoing-44 >> "POST /auth/login HTTP/1.1[\r][\n]"
16:32:00.657 [pool-2-thread-42] DEBUG org.apache.http.wire -- http-outgoing-44 >> "Content-Type: application/json; charset=UTF-8[\r][\n]"
16:32:00.657 [pool-2-thread-42] DEBUG org.apache.http.wire -- http-outgoing-44 >> "Content-Length: 48[\r][\n]"
16:32:00.657 [pool-2-thread-42] DEBUG org.apache.http.wire -- http-outgoing-44 >> "Host: localhost:3000[\r][\n]"
16:32:00.657 [pool-2-thread-42] DEBUG org.apache.http.wire -- http-outgoing-44 >> "Connection: Keep-Alive[\r][\n]"
16:32:00.657 [pool-2-thread-42] DEBUG org.apache.http.wire -- http-outgoing-44 >> "User-Agent: Apache-HttpClient/4.5.14 (Java/17.0.9)[\r][\n]"
16:32:00.657 [pool-2-thread-42] DEBUG org.apache.http.wire -- http-outgoing-44 >> "Accept-Encoding: gzip,deflate[\r][\n]"
16:32:00.657 [pool-2-thread-42] DEBUG org.apache.http.wire -- http-outgoing-44 >> "[\r][\n]"
16:32:00.657 [pool-2-thread-42] DEBUG org.apache.http.wire -- http-outgoing-44 >> "{"email":"quang1@gmail.com","password":"quang1"}"
16:32:00.641 [pool-2-thread-39] DEBUG org.apache.http.wire -- http-outgoing-49 >> "Accept-Encoding: gzip,deflate[\r][\n]"
16:32:00.658 [pool-2-thread-39] DEBUG org.apache.http.wire -- http-outgoing-49 >> "[\r][\n]"
16:32:00.658 [pool-2-thread-39] DEBUG org.apache.http.wire -- http-outgoing-49 >> "{"email":"testit@gmail.com","password":"Password123"}"
16:32:00.641 [pool-2-thread-9] DEBUG org.apache.http.impl.execchain.MainClientExec -- Proxy auth state: UNCHALLENGED
16:32:00.659 [pool-2-thread-9] DEBUG org.apache.http.headers -- http-outgoing-15 >> POST /auth/login HTTP/1.1
16:32:00.659 [pool-2-thread-9] DEBUG org.apache.http.headers -- http-outgoing-15 >> Content-Type: application/json; charset=UTF-8
16:32:00.659 [pool-2-thread-9] DEBUG org.apache.http.headers -- http-outgoing-15 >> Content-Length: 53
16:32:00.659 [pool-2-thread-9] DEBUG org.apache.http.headers -- http-outgoing-15 >> Host: localhost:3000
16:32:00.659 [pool-2-thread-9] DEBUG org.apache.http.headers -- http-outgoing-15 >> Connection: Keep-Alive
16:32:00.659 [pool-2-thread-9] DEBUG org.apache.http.headers -- http-outgoing-15 >> User-Agent: Apache-HttpClient/4.5.14 (Java/17.0.9)
16:32:00.659 [pool-2-thread-9] DEBUG org.apache.http.headers -- http-outgoing-15 >> Accept-Encoding: gzip,deflate
16:32:00.659 [pool-2-thread-9] DEBUG org.apache.http.wire -- http-outgoing-15 >> "POST /auth/login HTTP/1.1[\r][\n]"
16:32:00.659 [pool-2-thread-9] DEBUG org.apache.http.wire -- http-outgoing-15 >> "Content-Type: application/json; charset=UTF-8[\r][\n]"
16:32:00.659 [pool-2-thread-9] DEBUG org.apache.http.wire -- http-outgoing-15 >> "Content-Length: 53[\r][\n]"
16:32:00.659 [pool-2-thread-9] DEBUG org.apache.http.wire -- http-outgoing-15 >> "Host: localhost:3000[\r][\n]"
16:32:00.659 [pool-2-thread-9] DEBUG org.apache.http.wire -- http-outgoing-15 >> "Connection: Keep-Alive[\r][\n]"
16:32:00.659 [pool-2-thread-9] DEBUG org.apache.http.wire -- http-outgoing-15 >> "User-Agent: Apache-HttpClient/4.5.14 (Java/17.0.9)[\r][\n]"
16:32:00.659 [pool-2-thread-9] DEBUG org.apache.http.wire -- http-outgoing-15 >> "Accept-Encoding: gzip,deflate[\r][\n]"
16:32:00.659 [pool-2-thread-9] DEBUG org.apache.http.wire -- http-outgoing-15 >> "[\r][\n]"
16:32:00.659 [pool-2-thread-9] DEBUG org.apache.http.wire -- http-outgoing-15 >> "{"email":"testit@gmail.com","password":"Password123"}"
16:32:00.642 [pool-2-thread-19] DEBUG org.apache.http.headers -- http-outgoing-31 >> POST /auth/login HTTP/1.1
16:32:00.660 [pool-2-thread-19] DEBUG org.apache.http.headers -- http-outgoing-31 >> Content-Type: application/json; charset=UTF-8
16:32:00.660 [pool-2-thread-19] DEBUG org.apache.http.headers -- http-outgoing-31 >> Content-Length: 53
16:32:00.660 [pool-2-thread-19] DEBUG org.apache.http.headers -- http-outgoing-31 >> Host: localhost:3000
16:32:00.660 [pool-2-thread-19] DEBUG org.apache.http.headers -- http-outgoing-31 >> Connection: Keep-Alive
16:32:00.660 [pool-2-thread-19] DEBUG org.apache.http.headers -- http-outgoing-31 >> User-Agent: Apache-HttpClient/4.5.14 (Java/17.0.9)
16:32:00.660 [pool-2-thread-19] DEBUG org.apache.http.headers -- http-outgoing-31 >> Accept-Encoding: gzip,deflate
16:32:00.660 [pool-2-thread-19] DEBUG org.apache.http.wire -- http-outgoing-31 >> "POST /auth/login HTTP/1.1[\r][\n]"
16:32:00.660 [pool-2-thread-19] DEBUG org.apache.http.wire -- http-outgoing-31 >> "Content-Type: application/json; charset=UTF-8[\r][\n]"
16:32:00.660 [pool-2-thread-19] DEBUG org.apache.http.wire -- http-outgoing-31 >> "Content-Length: 53[\r][\n]"
16:32:00.661 [pool-2-thread-19] DEBUG org.apache.http.wire -- http-outgoing-31 >> "Host: localhost:3000[\r][\n]"
16:32:00.661 [pool-2-thread-19] DEBUG org.apache.http.wire -- http-outgoing-31 >> "Connection: Keep-Alive[\r][\n]"
16:32:00.661 [pool-2-thread-19] DEBUG org.apache.http.wire -- http-outgoing-31 >> "User-Agent: Apache-HttpClient/4.5.14 (Java/17.0.9)[\r][\n]"
16:32:00.661 [pool-2-thread-19] DEBUG org.apache.http.wire -- http-outgoing-31 >> "Accept-Encoding: gzip,deflate[\r][\n]"
16:32:00.661 [pool-2-thread-19] DEBUG org.apache.http.wire -- http-outgoing-31 >> "[\r][\n]"
16:32:00.661 [pool-2-thread-19] DEBUG org.apache.http.wire -- http-outgoing-31 >> "{"email":"testit@gmail.com","password":"Password123"}"
16:32:00.644 [pool-2-thread-12] DEBUG org.apache.http.impl.execchain.MainClientExec -- Executing request POST /auth/login HTTP/1.1
16:32:00.661 [pool-2-thread-12] DEBUG org.apache.http.impl.execchain.MainClientExec -- Target auth state: UNCHALLENGED
16:32:00.661 [pool-2-thread-12] DEBUG org.apache.http.impl.execchain.MainClientExec -- Proxy auth state: UNCHALLENGED
16:32:00.661 [pool-2-thread-12] DEBUG org.apache.http.headers -- http-outgoing-4 >> POST /auth/login HTTP/1.1
16:32:00.661 [pool-2-thread-12] DEBUG org.apache.http.headers -- http-outgoing-4 >> Content-Type: application/json; charset=UTF-8
16:32:00.661 [pool-2-thread-12] DEBUG org.apache.http.headers -- http-outgoing-4 >> Content-Length: 48
16:32:00.661 [pool-2-thread-12] DEBUG org.apache.http.headers -- http-outgoing-4 >> Host: localhost:3000
16:32:00.661 [pool-2-thread-12] DEBUG org.apache.http.headers -- http-outgoing-4 >> Connection: Keep-Alive
16:32:00.661 [pool-2-thread-12] DEBUG org.apache.http.headers -- http-outgoing-4 >> User-Agent: Apache-HttpClient/4.5.14 (Java/17.0.9)
16:32:00.652 [pool-2-thread-49] DEBUG org.apache.http.wire -- http-outgoing-7 >> "Accept-Encoding: gzip,deflate[\r][\n]"
16:32:00.661 [pool-2-thread-49] DEBUG org.apache.http.wire -- http-outgoing-7 >> "[\r][\n]"
16:32:00.661 [pool-2-thread-49] DEBUG org.apache.http.wire -- http-outgoing-7 >> "{"email":"testit@gmail.com","password":"Password123"}"
16:32:00.652 [pool-2-thread-38] DEBUG org.apache.http.impl.execchain.MainClientExec -- Proxy auth state: UNCHALLENGED
16:32:00.662 [pool-2-thread-38] DEBUG org.apache.http.headers -- http-outgoing-18 >> POST /auth/login HTTP/1.1
16:32:00.662 [pool-2-thread-38] DEBUG org.apache.http.headers -- http-outgoing-18 >> Content-Type: application/json; charset=UTF-8
16:32:00.662 [pool-2-thread-38] DEBUG org.apache.http.headers -- http-outgoing-18 >> Content-Length: 54
16:32:00.662 [pool-2-thread-38] DEBUG org.apache.http.headers -- http-outgoing-18 >> Host: localhost:3000
16:32:00.662 [pool-2-thread-38] DEBUG org.apache.http.headers -- http-outgoing-18 >> Connection: Keep-Alive
16:32:00.662 [pool-2-thread-38] DEBUG org.apache.http.headers -- http-outgoing-18 >> User-Agent: Apache-HttpClient/4.5.14 (Java/17.0.9)
16:32:00.662 [pool-2-thread-38] DEBUG org.apache.http.headers -- http-outgoing-18 >> Accept-Encoding: gzip,deflate
16:32:00.662 [pool-2-thread-38] DEBUG org.apache.http.wire -- http-outgoing-18 >> "POST /auth/login HTTP/1.1[\r][\n]"
16:32:00.662 [pool-2-thread-38] DEBUG org.apache.http.wire -- http-outgoing-18 >> "Content-Type: application/json; charset=UTF-8[\r][\n]"
16:32:00.662 [pool-2-thread-38] DEBUG org.apache.http.wire -- http-outgoing-18 >> "Content-Length: 54[\r][\n]"
16:32:00.662 [pool-2-thread-38] DEBUG org.apache.http.wire -- http-outgoing-18 >> "Host: localhost:3000[\r][\n]"
16:32:00.662 [pool-2-thread-38] DEBUG org.apache.http.wire -- http-outgoing-18 >> "Connection: Keep-Alive[\r][\n]"
16:32:00.662 [pool-2-thread-38] DEBUG org.apache.http.wire -- http-outgoing-18 >> "User-Agent: Apache-HttpClient/4.5.14 (Java/17.0.9)[\r][\n]"
16:32:00.662 [pool-2-thread-38] DEBUG org.apache.http.wire -- http-outgoing-18 >> "Accept-Encoding: gzip,deflate[\r][\n]"
16:32:00.662 [pool-2-thread-38] DEBUG org.apache.http.wire -- http-outgoing-18 >> "[\r][\n]"
16:32:00.662 [pool-2-thread-38] DEBUG org.apache.http.wire -- http-outgoing-18 >> "{"email":"testit5@gmail.com","password":"Password123"}"
16:32:00.652 [pool-2-thread-50] DEBUG org.apache.http.wire -- http-outgoing-10 >> "Connection: Keep-Alive[\r][\n]"
16:32:00.667 [pool-2-thread-50] DEBUG org.apache.http.wire -- http-outgoing-10 >> "User-Agent: Apache-HttpClient/4.5.14 (Java/17.0.9)[\r][\n]"
16:32:00.667 [pool-2-thread-50] DEBUG org.apache.http.wire -- http-outgoing-10 >> "Accept-Encoding: gzip,deflate[\r][\n]"
16:32:00.667 [pool-2-thread-50] DEBUG org.apache.http.wire -- http-outgoing-10 >> "[\r][\n]"
16:32:00.667 [pool-2-thread-50] DEBUG org.apache.http.wire -- http-outgoing-10 >> "{"email":"testit2@gmail.com","password":"Password123"}"
16:32:00.652 [pool-2-thread-31] DEBUG org.apache.http.wire -- http-outgoing-46 >> "Content-Type: application/json; charset=UTF-8[\r][\n]"
16:32:00.653 [pool-2-thread-23] DEBUG org.apache.http.wire -- http-outgoing-42 >> "Content-Length: 53[\r][\n]"
16:32:00.668 [pool-2-thread-31] DEBUG org.apache.http.wire -- http-outgoing-46 >> "Content-Length: 45[\r][\n]"
16:32:00.668 [pool-2-thread-31] DEBUG org.apache.http.wire -- http-outgoing-46 >> "Host: localhost:3000[\r][\n]"
16:32:00.668 [pool-2-thread-23] DEBUG org.apache.http.wire -- http-outgoing-42 >> "Host: localhost:3000[\r][\n]"
16:32:00.668 [pool-2-thread-23] DEBUG org.apache.http.wire -- http-outgoing-42 >> "Connection: Keep-Alive[\r][\n]"
16:32:00.668 [pool-2-thread-23] DEBUG org.apache.http.wire -- http-outgoing-42 >> "User-Agent: Apache-HttpClient/4.5.14 (Java/17.0.9)[\r][\n]"
16:32:00.668 [pool-2-thread-23] DEBUG org.apache.http.wire -- http-outgoing-42 >> "Accept-Encoding: gzip,deflate[\r][\n]"
16:32:00.668 [pool-2-thread-23] DEBUG org.apache.http.wire -- http-outgoing-42 >> "[\r][\n]"
16:32:00.668 [pool-2-thread-23] DEBUG org.apache.http.wire -- http-outgoing-42 >> "{"email":"test@example.com","password":"Password123"}"
16:32:00.655 [pool-2-thread-45] DEBUG org.apache.http.impl.execchain.MainClientExec -- Executing request POST /auth/login HTTP/1.1
16:32:00.670 [pool-2-thread-45] DEBUG org.apache.http.impl.execchain.MainClientExec -- Target auth state: UNCHALLENGED
16:32:00.670 [pool-2-thread-45] DEBUG org.apache.http.impl.execchain.MainClientExec -- Proxy auth state: UNCHALLENGED
16:32:00.670 [pool-2-thread-45] DEBUG org.apache.http.headers -- http-outgoing-25 >> POST /auth/login HTTP/1.1
16:32:00.670 [pool-2-thread-45] DEBUG org.apache.http.headers -- http-outgoing-25 >> Content-Type: application/json; charset=UTF-8
16:32:00.670 [pool-2-thread-45] DEBUG org.apache.http.headers -- http-outgoing-25 >> Content-Length: 55
16:32:00.670 [pool-2-thread-45] DEBUG org.apache.http.headers -- http-outgoing-25 >> Host: localhost:3000
16:32:00.670 [pool-2-thread-45] DEBUG org.apache.http.headers -- http-outgoing-25 >> Connection: Keep-Alive
16:32:00.670 [pool-2-thread-45] DEBUG org.apache.http.headers -- http-outgoing-25 >> User-Agent: Apache-HttpClient/4.5.14 (Java/17.0.9)
16:32:00.670 [pool-2-thread-45] DEBUG org.apache.http.headers -- http-outgoing-25 >> Accept-Encoding: gzip,deflate
16:32:00.670 [pool-2-thread-45] DEBUG org.apache.http.wire -- http-outgoing-25 >> "POST /auth/login HTTP/1.1[\r][\n]"
16:32:00.670 [pool-2-thread-45] DEBUG org.apache.http.wire -- http-outgoing-25 >> "Content-Type: application/json; charset=UTF-8[\r][\n]"
16:32:00.670 [pool-2-thread-45] DEBUG org.apache.http.wire -- http-outgoing-25 >> "Content-Length: 55[\r][\n]"
16:32:00.670 [pool-2-thread-45] DEBUG org.apache.http.wire -- http-outgoing-25 >> "Host: localhost:3000[\r][\n]"
16:32:00.670 [pool-2-thread-45] DEBUG org.apache.http.wire -- http-outgoing-25 >> "Connection: Keep-Alive[\r][\n]"
16:32:00.670 [pool-2-thread-45] DEBUG org.apache.http.wire -- http-outgoing-25 >> "User-Agent: Apache-HttpClient/4.5.14 (Java/17.0.9)[\r][\n]"
16:32:00.670 [pool-2-thread-45] DEBUG org.apache.http.wire -- http-outgoing-25 >> "Accept-Encoding: gzip,deflate[\r][\n]"
16:32:00.670 [pool-2-thread-45] DEBUG org.apache.http.wire -- http-outgoing-25 >> "[\r][\n]"
16:32:00.670 [pool-2-thread-45] DEBUG org.apache.http.wire -- http-outgoing-25 >> "{"email":"test28@example.com","password":"Password123"}"
16:32:00.661 [pool-2-thread-12] DEBUG org.apache.http.headers -- http-outgoing-4 >> Accept-Encoding: gzip,deflate
16:32:00.672 [pool-2-thread-12] DEBUG org.apache.http.wire -- http-outgoing-4 >> "POST /auth/login HTTP/1.1[\r][\n]"
16:32:00.672 [pool-2-thread-12] DEBUG org.apache.http.wire -- http-outgoing-4 >> "Content-Type: application/json; charset=UTF-8[\r][\n]"
16:32:00.672 [pool-2-thread-12] DEBUG org.apache.http.wire -- http-outgoing-4 >> "Content-Length: 48[\r][\n]"
16:32:00.672 [pool-2-thread-12] DEBUG org.apache.http.wire -- http-outgoing-4 >> "Host: localhost:3000[\r][\n]"
16:32:00.672 [pool-2-thread-12] DEBUG org.apache.http.wire -- http-outgoing-4 >> "Connection: Keep-Alive[\r][\n]"
16:32:00.672 [pool-2-thread-12] DEBUG org.apache.http.wire -- http-outgoing-4 >> "User-Agent: Apache-HttpClient/4.5.14 (Java/17.0.9)[\r][\n]"
16:32:00.668 [pool-2-thread-31] DEBUG org.apache.http.wire -- http-outgoing-46 >> "Connection: Keep-Alive[\r][\n]"
16:32:00.675 [pool-2-thread-31] DEBUG org.apache.http.wire -- http-outgoing-46 >> "User-Agent: Apache-HttpClient/4.5.14 (Java/17.0.9)[\r][\n]"
16:32:00.675 [pool-2-thread-31] DEBUG org.apache.http.wire -- http-outgoing-46 >> "Accept-Encoding: gzip,deflate[\r][\n]"
16:32:00.675 [pool-2-thread-31] DEBUG org.apache.http.wire -- http-outgoing-46 >> "[\r][\n]"
16:32:00.675 [pool-2-thread-31] DEBUG org.apache.http.wire -- http-outgoing-46 >> "{"email":"nam@gmail.com","password":"123456"}"
16:32:00.675 [pool-2-thread-12] DEBUG org.apache.http.wire -- http-outgoing-4 >> "Accept-Encoding: gzip,deflate[\r][\n]"
16:32:00.675 [pool-2-thread-12] DEBUG org.apache.http.wire -- http-outgoing-4 >> "[\r][\n]"
16:32:00.675 [pool-2-thread-12] DEBUG org.apache.http.wire -- http-outgoing-4 >> "{"email":"quang1@gmail.com","password":"quang1"}"
16:32:01.604 [pool-2-thread-36] DEBUG org.apache.http.wire -- http-outgoing-19 << "HTTP/1.1 200 OK[\r][\n]"
16:32:01.605 [pool-2-thread-36] DEBUG org.apache.http.wire -- http-outgoing-19 << "X-Powered-By: Express[\r][\n]"
16:32:01.605 [pool-2-thread-18] DEBUG org.apache.http.wire -- http-outgoing-43 << "HTTP/1.1 200 OK[\r][\n]"
16:32:01.605 [pool-2-thread-36] DEBUG org.apache.http.wire -- http-outgoing-19 << "Access-Control-Allow-Origin: *[\r][\n]"
16:32:01.605 [pool-2-thread-18] DEBUG org.apache.http.wire -- http-outgoing-43 << "X-Powered-By: Express[\r][\n]"
16:32:01.605 [pool-2-thread-18] DEBUG org.apache.http.wire -- http-outgoing-43 << "Access-Control-Allow-Origin: *[\r][\n]"
16:32:01.605 [pool-2-thread-36] DEBUG org.apache.http.wire -- http-outgoing-19 << "Content-Type: application/json; charset=utf-8[\r][\n]"
16:32:01.605 [pool-2-thread-18] DEBUG org.apache.http.wire -- http-outgoing-43 << "Content-Type: application/json; charset=utf-8[\r][\n]"
16:32:01.605 [pool-2-thread-18] DEBUG org.apache.http.wire -- http-outgoing-43 << "Content-Length: 609[\r][\n]"
16:32:01.605 [pool-2-thread-36] DEBUG org.apache.http.wire -- http-outgoing-19 << "Content-Length: 607[\r][\n]"
16:32:01.605 [pool-2-thread-18] DEBUG org.apache.http.wire -- http-outgoing-43 << "ETag: W/"261-cbjF5892kcU+DMrwSI8xa/h+Fks"[\r][\n]"
16:32:01.605 [pool-2-thread-36] DEBUG org.apache.http.wire -- http-outgoing-19 << "ETag: W/"25f-qnGJW6yGar4IpW/dCOfyb9lMEB8"[\r][\n]"
16:32:01.605 [pool-2-thread-18] DEBUG org.apache.http.wire -- http-outgoing-43 << "Date: Tue, 24 Jun 2025 09:32:01 GMT[\r][\n]"
16:32:01.605 [pool-2-thread-36] DEBUG org.apache.http.wire -- http-outgoing-19 << "Date: Tue, 24 Jun 2025 09:32:01 GMT[\r][\n]"
16:32:01.605 [pool-2-thread-18] DEBUG org.apache.http.wire -- http-outgoing-43 << "Connection: keep-alive[\r][\n]"
16:32:01.605 [pool-2-thread-18] DEBUG org.apache.http.wire -- http-outgoing-43 << "Keep-Alive: timeout=5[\r][\n]"
16:32:01.605 [pool-2-thread-18] DEBUG org.apache.http.wire -- http-outgoing-43 << "[\r][\n]"
16:32:01.605 [pool-2-thread-36] DEBUG org.apache.http.wire -- http-outgoing-19 << "Connection: keep-alive[\r][\n]"
16:32:01.605 [pool-2-thread-36] DEBUG org.apache.http.wire -- http-outgoing-19 << "Keep-Alive: timeout=5[\r][\n]"
16:32:01.605 [pool-2-thread-36] DEBUG org.apache.http.wire -- http-outgoing-19 << "[\r][\n]"
16:32:01.605 [pool-2-thread-18] DEBUG org.apache.http.wire -- http-outgoing-43 << "{"access_token":"eyJhbGciOiJIUzI1NiIsInR5cCI6IkpXVCJ9.eyJzdWIiOiIyNzJmNmI1NS01MTc5LTRhZTMtODU2My1iNGVjMTBmNzY3MTUiLCJ1c2VybmFtZSI6ImpvaG5kb2UyZDVkIiwicm9sZSI6MCwiaWF0IjoxNzUwNzU3NTIwLCJleHAiOjE3NTA3NjExMjB9.dqHyldbqzw56NdqGgiVlfp3gaheC-w7A2Nk8MVWmj-0","refresh_token":"f61c79e94a3d902e2a1cd3a5ea75b3b1bc20564429971e46dc44221dcdd91327","user":{"id":"272f6b55-5179-4ae3-8563-b4ec10f76715","email":"testit5@gmail.com","username":"johndoe2d5d","name":"John Doe","phoneNumber":"0123456132","profilePic":null,"bio":null,"private":false,"verified":false,"role":0,"followersCount":0,"followingCount":0,"postCount":0}}"
16:32:01.605 [pool-2-thread-36] DEBUG org.apache.http.wire -- http-outgoing-19 << "{"access_token":"eyJhbGciOiJIUzI1NiIsInR5cCI6IkpXVCJ9.eyJzdWIiOiI5YTI2OTc2Yy0xNTMyLTRkZjMtYTE2ZS03NjMxNTI1Yzg1MDIiLCJ1c2VybmFtZSI6ImpvaG5kb2UyZDUiLCJyb2xlIjowLCJpYXQiOjE3NTA3NTc1MjAsImV4cCI6MTc1MDc2MTEyMH0.TvoDI1IMNDVnv8PLV_S6OXmVbGRmtJogB5t6ZsQB8L4","refresh_token":"52c2c0492892061d87b2567fca1931106b4b1206a0c585a2bcaa50a19516a21f","user":{"id":"9a26976c-1532-4df3-a16e-7631525c8502","email":"testit4@gmail.com","username":"johndoe2d5","name":"John Doe","phoneNumber":"0123456212","profilePic":null,"bio":null,"private":false,"verified":false,"role":0,"followersCount":0,"followingCount":0,"postCount":0}}"
16:32:01.605 [pool-2-thread-33] DEBUG org.apache.http.wire -- http-outgoing-29 << "HTTP/1.1 200 OK[\r][\n]"
16:32:01.605 [pool-2-thread-33] DEBUG org.apache.http.wire -- http-outgoing-29 << "X-Powered-By: Express[\r][\n]"
16:32:01.605 [pool-2-thread-33] DEBUG org.apache.http.wire -- http-outgoing-29 << "Access-Control-Allow-Origin: *[\r][\n]"
16:32:01.605 [pool-2-thread-33] DEBUG org.apache.http.wire -- http-outgoing-29 << "Content-Type: application/json; charset=utf-8[\r][\n]"
16:32:01.605 [pool-2-thread-33] DEBUG org.apache.http.wire -- http-outgoing-29 << "Content-Length: 599[\r][\n]"
16:32:01.605 [pool-2-thread-33] DEBUG org.apache.http.wire -- http-outgoing-29 << "ETag: W/"257-KjDtJm+pDLiOnPekTpqe787lctU"[\r][\n]"
16:32:01.605 [pool-2-thread-33] DEBUG org.apache.http.wire -- http-outgoing-29 << "Date: Tue, 24 Jun 2025 09:32:01 GMT[\r][\n]"
16:32:01.605 [pool-2-thread-33] DEBUG org.apache.http.wire -- http-outgoing-29 << "Connection: keep-alive[\r][\n]"
16:32:01.605 [pool-2-thread-33] DEBUG org.apache.http.wire -- http-outgoing-29 << "Keep-Alive: timeout=5[\r][\n]"
16:32:01.605 [pool-2-thread-33] DEBUG org.apache.http.wire -- http-outgoing-29 << "[\r][\n]"
16:32:01.605 [pool-2-thread-33] DEBUG org.apache.http.wire -- http-outgoing-29 << "{"access_token":"eyJhbGciOiJIUzI1NiIsInR5cCI6IkpXVCJ9.eyJzdWIiOiIyZGRhMDQzOS01MTgwLTQ1YWEtOTE3Zi1lNjMyZTQ1YThlNDEiLCJ1c2VybmFtZSI6ImpvaG5kb2UiLCJyb2xlIjowLCJpYXQiOjE3NTA3NTc1MjAsImV4cCI6MTc1MDc2MTEyMH0.D2AMy3VhNx0OoWQj5J2gIWy7hbQP5YbPiI1XaV_2GLQ","refresh_token":"4cc55e0e6385ff20f02bbdde260dd745ee0b18161b9d58d18ad41c1a1afa75a6","user":{"id":"2dda0439-5180-45aa-917f-e632e45a8e41","email":"test@example.com","username":"johndoe","name":"John Doe","phoneNumber":"0987654321","profilePic":null,"bio":null,"private":false,"verified":false,"role":0,"followersCount":0,"followingCount":0,"postCount":0}}"
16:32:01.605 [pool-2-thread-29] DEBUG org.apache.http.wire -- http-outgoing-22 << "HTTP/1.1 200 OK[\r][\n]"
16:32:01.605 [pool-2-thread-29] DEBUG org.apache.http.wire -- http-outgoing-22 << "X-Powered-By: Express[\r][\n]"
16:32:01.605 [pool-2-thread-29] DEBUG org.apache.http.wire -- http-outgoing-22 << "Access-Control-Allow-Origin: *[\r][\n]"
16:32:01.605 [pool-2-thread-29] DEBUG org.apache.http.wire -- http-outgoing-22 << "Content-Type: application/json; charset=utf-8[\r][\n]"
16:32:01.605 [pool-2-thread-29] DEBUG org.apache.http.wire -- http-outgoing-22 << "Content-Length: 604[\r][\n]"
16:32:01.605 [pool-2-thread-29] DEBUG org.apache.http.wire -- http-outgoing-22 << "ETag: W/"25c-7lqLHLevUawuaxNTk2x1rgJ5AG0"[\r][\n]"
16:32:01.605 [pool-2-thread-29] DEBUG org.apache.http.wire -- http-outgoing-22 << "Date: Tue, 24 Jun 2025 09:32:01 GMT[\r][\n]"
16:32:01.605 [pool-2-thread-29] DEBUG org.apache.http.wire -- http-outgoing-22 << "Connection: keep-alive[\r][\n]"
16:32:01.605 [pool-2-thread-29] DEBUG org.apache.http.wire -- http-outgoing-22 << "Keep-Alive: timeout=5[\r][\n]"
16:32:01.605 [pool-2-thread-29] DEBUG org.apache.http.wire -- http-outgoing-22 << "[\r][\n]"
16:32:01.605 [pool-2-thread-29] DEBUG org.apache.http.wire -- http-outgoing-22 << "{"access_token":"eyJhbGciOiJIUzI1NiIsInR5cCI6IkpXVCJ9.eyJzdWIiOiJkZjZmMDkxOS1hMjNkLTQ0YzktYTkyNS00ZWE4YmU1MjVkMTAiLCJ1c2VybmFtZSI6ImpvaG5kb2UyMyIsInJvbGUiOjAsImlhdCI6MTc1MDc1NzUyMCwiZXhwIjoxNzUwNzYxMTIwfQ.WKz3jwtJG8cKckVOan76L8qn1V0mOVGPRfwJPZ3m0w8","refresh_token":"e7cebdca2d6e6a40fc99964065476de521f605863304a9df62f19c8169f836e6","user":{"id":"df6f0919-a23d-44c9-a925-4ea8be525d10","email":"testit@gmail.com","username":"johndoe23","name":"John Doe","phoneNumber":"0123456788","profilePic":null,"bio":null,"private":false,"verified":false,"role":0,"followersCount":0,"followingCount":0,"postCount":0}}"
16:32:01.607 [pool-2-thread-11] DEBUG org.apache.http.wire -- http-outgoing-3 << "HTTP/1.1 200 OK[\r][\n]"
16:32:01.607 [pool-2-thread-11] DEBUG org.apache.http.wire -- http-outgoing-3 << "X-Powered-By: Express[\r][\n]"
16:32:01.607 [pool-2-thread-11] DEBUG org.apache.http.wire -- http-outgoing-3 << "Access-Control-Allow-Origin: *[\r][\n]"
16:32:01.607 [pool-2-thread-11] DEBUG org.apache.http.wire -- http-outgoing-3 << "Content-Type: application/json; charset=utf-8[\r][\n]"
16:32:01.607 [pool-2-thread-11] DEBUG org.apache.http.wire -- http-outgoing-3 << "Content-Length: 708[\r][\n]"
16:32:01.607 [pool-2-thread-11] DEBUG org.apache.http.wire -- http-outgoing-3 << "ETag: W/"2c4-+r/5PsDdpyGYObCcrO1kU1P5OvU"[\r][\n]"
16:32:01.607 [pool-2-thread-11] DEBUG org.apache.http.wire -- http-outgoing-3 << "Date: Tue, 24 Jun 2025 09:32:01 GMT[\r][\n]"
16:32:01.607 [pool-2-thread-11] DEBUG org.apache.http.wire -- http-outgoing-3 << "Connection: keep-alive[\r][\n]"
16:32:01.607 [pool-2-thread-11] DEBUG org.apache.http.wire -- http-outgoing-3 << "Keep-Alive: timeout=5[\r][\n]"
16:32:01.607 [pool-2-thread-11] DEBUG org.apache.http.wire -- http-outgoing-3 << "[\r][\n]"
16:32:01.607 [pool-2-thread-11] DEBUG org.apache.http.wire -- http-outgoing-3 << "{"access_token":"eyJhbGciOiJIUzI1NiIsInR5cCI6IkpXVCJ9.eyJzdWIiOiIwODUxNWIwNS0yZDNlLTQ3ODktYWQ2MC1kYjM1NTI1YTQ5NzAiLCJ1c2VybmFtZSI6Im5hbSIsInJvbGUiOjAsImlhdCI6MTc1MDc1NzUyMCwiZXhwIjoxNzUwNzYxMTIwfQ.uRSuIswasPoYnDLhvmV_wnWIb3CkqsbcRo40cZ4mu6M","refresh_token":"826a96b90b9d37445f98c6ce52230cb630fb9c8e66563b5da8cf1b8c3466186a","user":{"id":"08515b05-2d3e-4789-ad60-db35525a4970","email":"nam@gmail.com","username":"nam","name":"nam","phoneNumber":"0123456789","profilePic":"https://res.cloudinary.com/dizcvrefo/image/upload/v1749266646/nestjs_uploads/zk9zrpeidnovxibfqdxr.png","bio":"Chu tich hoi dong Quan tri 1","private":false,"verified":false,"role":0,"followersCount":2,"followingCount":5,"postCount":13}}"
16:32:01.607 [pool-2-thread-18] DEBUG org.apache.http.headers -- http-outgoing-43 << HTTP/1.1 200 OK
16:32:01.607 [pool-2-thread-18] DEBUG org.apache.http.headers -- http-outgoing-43 << X-Powered-By: Express
16:32:01.607 [pool-2-thread-18] DEBUG org.apache.http.headers -- http-outgoing-43 << Access-Control-Allow-Origin: *
16:32:01.607 [pool-2-thread-33] DEBUG org.apache.http.headers -- http-outgoing-29 << HTTP/1.1 200 OK
16:32:01.608 [pool-2-thread-33] DEBUG org.apache.http.headers -- http-outgoing-29 << X-Powered-By: Express
16:32:01.608 [pool-2-thread-33] DEBUG org.apache.http.headers -- http-outgoing-29 << Access-Control-Allow-Origin: *
16:32:01.608 [pool-2-thread-33] DEBUG org.apache.http.headers -- http-outgoing-29 << Content-Type: application/json; charset=utf-8
16:32:01.608 [pool-2-thread-33] DEBUG org.apache.http.headers -- http-outgoing-29 << Content-Length: 599
16:32:01.608 [pool-2-thread-33] DEBUG org.apache.http.headers -- http-outgoing-29 << ETag: W/"257-KjDtJm+pDLiOnPekTpqe787lctU"
16:32:01.608 [pool-2-thread-33] DEBUG org.apache.http.headers -- http-outgoing-29 << Date: Tue, 24 Jun 2025 09:32:01 GMT
16:32:01.608 [pool-2-thread-33] DEBUG org.apache.http.headers -- http-outgoing-29 << Connection: keep-alive
16:32:01.608 [pool-2-thread-33] DEBUG org.apache.http.headers -- http-outgoing-29 << Keep-Alive: timeout=5
16:32:01.607 [pool-2-thread-11] DEBUG org.apache.http.headers -- http-outgoing-3 << HTTP/1.1 200 OK
16:32:01.607 [pool-2-thread-36] DEBUG org.apache.http.headers -- http-outgoing-19 << HTTP/1.1 200 OK
16:32:01.607 [pool-2-thread-29] DEBUG org.apache.http.headers -- http-outgoing-22 << HTTP/1.1 200 OK
16:32:01.608 [pool-2-thread-29] DEBUG org.apache.http.headers -- http-outgoing-22 << X-Powered-By: Express
16:32:01.608 [pool-2-thread-29] DEBUG org.apache.http.headers -- http-outgoing-22 << Access-Control-Allow-Origin: *
16:32:01.607 [pool-2-thread-18] DEBUG org.apache.http.headers -- http-outgoing-43 << Content-Type: application/json; charset=utf-8
16:32:01.608 [pool-2-thread-11] DEBUG org.apache.http.headers -- http-outgoing-3 << X-Powered-By: Express
16:32:01.608 [pool-2-thread-18] DEBUG org.apache.http.headers -- http-outgoing-43 << Content-Length: 609
16:32:01.608 [pool-2-thread-11] DEBUG org.apache.http.headers -- http-outgoing-3 << Access-Control-Allow-Origin: *
16:32:01.608 [pool-2-thread-11] DEBUG org.apache.http.headers -- http-outgoing-3 << Content-Type: application/json; charset=utf-8
16:32:01.608 [pool-2-thread-36] DEBUG org.apache.http.headers -- http-outgoing-19 << X-Powered-By: Express
16:32:01.608 [pool-2-thread-29] DEBUG org.apache.http.headers -- http-outgoing-22 << Content-Type: application/json; charset=utf-8
16:32:01.608 [pool-2-thread-29] DEBUG org.apache.http.headers -- http-outgoing-22 << Content-Length: 604
16:32:01.608 [pool-2-thread-29] DEBUG org.apache.http.headers -- http-outgoing-22 << ETag: W/"25c-7lqLHLevUawuaxNTk2x1rgJ5AG0"
16:32:01.608 [pool-2-thread-18] DEBUG org.apache.http.headers -- http-outgoing-43 << ETag: W/"261-cbjF5892kcU+DMrwSI8xa/h+Fks"
16:32:01.608 [pool-2-thread-18] DEBUG org.apache.http.headers -- http-outgoing-43 << Date: Tue, 24 Jun 2025 09:32:01 GMT
16:32:01.608 [pool-2-thread-18] DEBUG org.apache.http.headers -- http-outgoing-43 << Connection: keep-alive
16:32:01.608 [pool-2-thread-11] DEBUG org.apache.http.headers -- http-outgoing-3 << Content-Length: 708
16:32:01.608 [pool-2-thread-11] DEBUG org.apache.http.headers -- http-outgoing-3 << ETag: W/"2c4-+r/5PsDdpyGYObCcrO1kU1P5OvU"
16:32:01.608 [pool-2-thread-11] DEBUG org.apache.http.headers -- http-outgoing-3 << Date: Tue, 24 Jun 2025 09:32:01 GMT
16:32:01.608 [pool-2-thread-36] DEBUG org.apache.http.headers -- http-outgoing-19 << Access-Control-Allow-Origin: *
16:32:01.608 [pool-2-thread-36] DEBUG org.apache.http.headers -- http-outgoing-19 << Content-Type: application/json; charset=utf-8
16:32:01.608 [pool-2-thread-36] DEBUG org.apache.http.headers -- http-outgoing-19 << Content-Length: 607
16:32:01.608 [pool-2-thread-29] DEBUG org.apache.http.headers -- http-outgoing-22 << Date: Tue, 24 Jun 2025 09:32:01 GMT
16:32:01.608 [pool-2-thread-29] DEBUG org.apache.http.headers -- http-outgoing-22 << Connection: keep-alive
16:32:01.608 [pool-2-thread-29] DEBUG org.apache.http.headers -- http-outgoing-22 << Keep-Alive: timeout=5
16:32:01.608 [pool-2-thread-18] DEBUG org.apache.http.headers -- http-outgoing-43 << Keep-Alive: timeout=5
16:32:01.608 [pool-2-thread-11] DEBUG org.apache.http.headers -- http-outgoing-3 << Connection: keep-alive
16:32:01.608 [pool-2-thread-11] DEBUG org.apache.http.headers -- http-outgoing-3 << Keep-Alive: timeout=5
16:32:01.608 [pool-2-thread-36] DEBUG org.apache.http.headers -- http-outgoing-19 << ETag: W/"25f-qnGJW6yGar4IpW/dCOfyb9lMEB8"
16:32:01.608 [pool-2-thread-36] DEBUG org.apache.http.headers -- http-outgoing-19 << Date: Tue, 24 Jun 2025 09:32:01 GMT
16:32:01.608 [pool-2-thread-36] DEBUG org.apache.http.headers -- http-outgoing-19 << Connection: keep-alive
16:32:01.608 [pool-2-thread-36] DEBUG org.apache.http.headers -- http-outgoing-19 << Keep-Alive: timeout=5
16:32:01.611 [pool-2-thread-36] DEBUG org.apache.http.impl.execchain.MainClientExec -- Connection can be kept alive for 5000 MILLISECONDS
16:32:01.611 [pool-2-thread-29] DEBUG org.apache.http.impl.execchain.MainClientExec -- Connection can be kept alive for 5000 MILLISECONDS
16:32:01.611 [pool-2-thread-33] DEBUG org.apache.http.impl.execchain.MainClientExec -- Connection can be kept alive for 5000 MILLISECONDS
16:32:01.611 [pool-2-thread-11] DEBUG org.apache.http.impl.execchain.MainClientExec -- Connection can be kept alive for 5000 MILLISECONDS
16:32:01.611 [pool-2-thread-18] DEBUG org.apache.http.impl.execchain.MainClientExec -- Connection can be kept alive for 5000 MILLISECONDS
16:32:01.613 [pool-2-thread-36] DEBUG org.apache.http.impl.conn.PoolingHttpClientConnectionManager -- Connection [id: 34][route: {}->http://localhost:3000] can be kept alive for 5.0 seconds
16:32:01.613 [pool-2-thread-11] DEBUG org.apache.http.impl.conn.PoolingHttpClientConnectionManager -- Connection [id: 24][route: {}->http://localhost:3000] can be kept alive for 5.0 seconds
16:32:01.613 [pool-2-thread-11] DEBUG org.apache.http.impl.conn.DefaultManagedHttpClientConnection -- http-outgoing-3: set socket timeout to 0
16:32:01.613 [pool-2-thread-29] DEBUG org.apache.http.impl.conn.PoolingHttpClientConnectionManager -- Connection [id: 35][route: {}->http://localhost:3000] can be kept alive for 5.0 seconds
16:32:01.613 [pool-2-thread-18] DEBUG org.apache.http.impl.conn.PoolingHttpClientConnectionManager -- Connection [id: 16][route: {}->http://localhost:3000] can be kept alive for 5.0 seconds
16:32:01.613 [pool-2-thread-33] DEBUG org.apache.http.impl.conn.PoolingHttpClientConnectionManager -- Connection [id: 47][route: {}->http://localhost:3000] can be kept alive for 5.0 seconds
16:32:01.613 [pool-2-thread-18] DEBUG org.apache.http.impl.conn.DefaultManagedHttpClientConnection -- http-outgoing-43: set socket timeout to 0
16:32:01.613 [pool-2-thread-36] DEBUG org.apache.http.impl.conn.DefaultManagedHttpClientConnection -- http-outgoing-19: set socket timeout to 0
16:32:01.613 [pool-2-thread-29] DEBUG org.apache.http.impl.conn.DefaultManagedHttpClientConnection -- http-outgoing-22: set socket timeout to 0
16:32:01.613 [pool-2-thread-33] DEBUG org.apache.http.impl.conn.DefaultManagedHttpClientConnection -- http-outgoing-29: set socket timeout to 0
16:32:01.613 [pool-2-thread-36] DEBUG org.apache.http.impl.conn.PoolingHttpClientConnectionManager -- Connection released: [id: 34][route: {}->http://localhost:3000][total available: 1; route allocated: 1 of 5; total allocated: 1 of 10]
16:32:01.613 [pool-2-thread-18] DEBUG org.apache.http.impl.conn.PoolingHttpClientConnectionManager -- Connection released: [id: 16][route: {}->http://localhost:3000][total available: 1; route allocated: 1 of 5; total allocated: 1 of 10]
16:32:01.613 [pool-2-thread-11] DEBUG org.apache.http.impl.conn.PoolingHttpClientConnectionManager -- Connection released: [id: 24][route: {}->http://localhost:3000][total available: 1; route allocated: 1 of 5; total allocated: 1 of 10]
16:32:01.613 [pool-2-thread-29] DEBUG org.apache.http.impl.conn.PoolingHttpClientConnectionManager -- Connection released: [id: 35][route: {}->http://localhost:3000][total available: 1; route allocated: 1 of 5; total allocated: 1 of 10]
16:32:01.613 [pool-2-thread-33] DEBUG org.apache.http.impl.conn.PoolingHttpClientConnectionManager -- Connection released: [id: 47][route: {}->http://localhost:3000][total available: 1; route allocated: 1 of 5; total allocated: 1 of 10]
16:32:01.613 [pool-2-thread-18] DEBUG org.apache.http.impl.conn.PoolingHttpClientConnectionManager -- Connection manager is shutting down
16:32:01.613 [pool-2-thread-33] DEBUG org.apache.http.impl.conn.PoolingHttpClientConnectionManager -- Connection manager is shutting down
16:32:01.613 [pool-2-thread-36] DEBUG org.apache.http.impl.conn.PoolingHttpClientConnectionManager -- Connection manager is shutting down
16:32:01.613 [pool-2-thread-29] DEBUG org.apache.http.impl.conn.PoolingHttpClientConnectionManager -- Connection manager is shutting down
16:32:01.613 [pool-2-thread-11] DEBUG org.apache.http.impl.conn.PoolingHttpClientConnectionManager -- Connection manager is shutting down
16:32:01.614 [pool-2-thread-33] DEBUG org.apache.http.impl.conn.DefaultManagedHttpClientConnection -- http-outgoing-29: Close connection
16:32:01.614 [pool-2-thread-36] DEBUG org.apache.http.impl.conn.DefaultManagedHttpClientConnection -- http-outgoing-19: Close connection
16:32:01.614 [pool-2-thread-29] DEBUG org.apache.http.impl.conn.DefaultManagedHttpClientConnection -- http-outgoing-22: Close connection
16:32:01.614 [pool-2-thread-11] DEBUG org.apache.http.impl.conn.DefaultManagedHttpClientConnection -- http-outgoing-3: Close connection
16:32:01.614 [pool-2-thread-18] DEBUG org.apache.http.impl.conn.DefaultManagedHttpClientConnection -- http-outgoing-43: Close connection
16:32:01.614 [pool-2-thread-29] DEBUG org.apache.http.impl.conn.PoolingHttpClientConnectionManager -- Connection manager shut down
16:32:01.614 [pool-2-thread-36] DEBUG org.apache.http.impl.conn.PoolingHttpClientConnectionManager -- Connection manager shut down
16:32:01.614 [pool-2-thread-11] DEBUG org.apache.http.impl.conn.PoolingHttpClientConnectionManager -- Connection manager shut down
16:32:01.614 [pool-2-thread-18] DEBUG org.apache.http.impl.conn.PoolingHttpClientConnectionManager -- Connection manager shut down
16:32:01.614 [pool-2-thread-33] DEBUG org.apache.http.impl.conn.PoolingHttpClientConnectionManager -- Connection manager shut down
16:32:01.615 [pool-2-thread-29] DEBUG com.intuit.karate -- response time in milliseconds: 1113
1 < 200
1 < X-Powered-By: Express
1 < Access-Control-Allow-Origin: *
1 < Content-Type: application/json; charset=utf-8
1 < Content-Length: 604
1 < ETag: W/"25c-7lqLHLevUawuaxNTk2x1rgJ5AG0"
1 < Date: Tue, 24 Jun 2025 09:32:01 GMT
1 < Connection: keep-alive
1 < Keep-Alive: timeout=5
{"access_token":"eyJhbGciOiJIUzI1NiIsInR5cCI6IkpXVCJ9.eyJzdWIiOiJkZjZmMDkxOS1hMjNkLTQ0YzktYTkyNS00ZWE4YmU1MjVkMTAiLCJ1c2VybmFtZSI6ImpvaG5kb2UyMyIsInJvbGUiOjAsImlhdCI6MTc1MDc1NzUyMCwiZXhwIjoxNzUwNzYxMTIwfQ.WKz3jwtJG8cKckVOan76L8qn1V0mOVGPRfwJPZ3m0w8","refresh_token":"e7cebdca2d6e6a40fc99964065476de521f605863304a9df62f19c8169f836e6","user":{"id":"df6f0919-a23d-44c9-a925-4ea8be525d10","email":"testit@gmail.com","username":"johndoe23","name":"John Doe","phoneNumber":"0123456788","profilePic":null,"bio":null,"private":false,"verified":false,"role":0,"followersCount":0,"followingCount":0,"postCount":0}}

16:32:01.617 [pool-2-thread-33] DEBUG com.intuit.karate -- response time in milliseconds: 1114
1 < 200
1 < X-Powered-By: Express
1 < Access-Control-Allow-Origin: *
1 < Content-Type: application/json; charset=utf-8
1 < Content-Length: 599
1 < ETag: W/"257-KjDtJm+pDLiOnPekTpqe787lctU"
1 < Date: Tue, 24 Jun 2025 09:32:01 GMT
1 < Connection: keep-alive
1 < Keep-Alive: timeout=5
{"access_token":"eyJhbGciOiJIUzI1NiIsInR5cCI6IkpXVCJ9.eyJzdWIiOiIyZGRhMDQzOS01MTgwLTQ1YWEtOTE3Zi1lNjMyZTQ1YThlNDEiLCJ1c2VybmFtZSI6ImpvaG5kb2UiLCJyb2xlIjowLCJpYXQiOjE3NTA3NTc1MjAsImV4cCI6MTc1MDc2MTEyMH0.D2AMy3VhNx0OoWQj5J2gIWy7hbQP5YbPiI1XaV_2GLQ","refresh_token":"4cc55e0e6385ff20f02bbdde260dd745ee0b18161b9d58d18ad41c1a1afa75a6","user":{"id":"2dda0439-5180-45aa-917f-e632e45a8e41","email":"test@example.com","username":"johndoe","name":"John Doe","phoneNumber":"0987654321","profilePic":null,"bio":null,"private":false,"verified":false,"role":0,"followersCount":0,"followingCount":0,"postCount":0}}

16:32:01.617 [pool-2-thread-36] DEBUG com.intuit.karate -- response time in milliseconds: 1109
1 < 200
1 < X-Powered-By: Express
1 < Access-Control-Allow-Origin: *
1 < Content-Type: application/json; charset=utf-8
1 < Content-Length: 607
1 < ETag: W/"25f-qnGJW6yGar4IpW/dCOfyb9lMEB8"
1 < Date: Tue, 24 Jun 2025 09:32:01 GMT
1 < Connection: keep-alive
1 < Keep-Alive: timeout=5
{"access_token":"eyJhbGciOiJIUzI1NiIsInR5cCI6IkpXVCJ9.eyJzdWIiOiI5YTI2OTc2Yy0xNTMyLTRkZjMtYTE2ZS03NjMxNTI1Yzg1MDIiLCJ1c2VybmFtZSI6ImpvaG5kb2UyZDUiLCJyb2xlIjowLCJpYXQiOjE3NTA3NTc1MjAsImV4cCI6MTc1MDc2MTEyMH0.TvoDI1IMNDVnv8PLV_S6OXmVbGRmtJogB5t6ZsQB8L4","refresh_token":"52c2c0492892061d87b2567fca1931106b4b1206a0c585a2bcaa50a19516a21f","user":{"id":"9a26976c-1532-4df3-a16e-7631525c8502","email":"testit4@gmail.com","username":"johndoe2d5","name":"John Doe","phoneNumber":"0123456212","profilePic":null,"bio":null,"private":false,"verified":false,"role":0,"followersCount":0,"followingCount":0,"postCount":0}}

16:32:01.617 [pool-2-thread-11] DEBUG com.intuit.karate -- response time in milliseconds: 1113
1 < 200
1 < X-Powered-By: Express
1 < Access-Control-Allow-Origin: *
1 < Content-Type: application/json; charset=utf-8
1 < Content-Length: 708
1 < ETag: W/"2c4-+r/5PsDdpyGYObCcrO1kU1P5OvU"
1 < Date: Tue, 24 Jun 2025 09:32:01 GMT
1 < Connection: keep-alive
1 < Keep-Alive: timeout=5
{"access_token":"eyJhbGciOiJIUzI1NiIsInR5cCI6IkpXVCJ9.eyJzdWIiOiIwODUxNWIwNS0yZDNlLTQ3ODktYWQ2MC1kYjM1NTI1YTQ5NzAiLCJ1c2VybmFtZSI6Im5hbSIsInJvbGUiOjAsImlhdCI6MTc1MDc1NzUyMCwiZXhwIjoxNzUwNzYxMTIwfQ.uRSuIswasPoYnDLhvmV_wnWIb3CkqsbcRo40cZ4mu6M","refresh_token":"826a96b90b9d37445f98c6ce52230cb630fb9c8e66563b5da8cf1b8c3466186a","user":{"id":"08515b05-2d3e-4789-ad60-db35525a4970","email":"nam@gmail.com","username":"nam","name":"nam","phoneNumber":"0123456789","profilePic":"https://res.cloudinary.com/dizcvrefo/image/upload/v1749266646/nestjs_uploads/zk9zrpeidnovxibfqdxr.png","bio":"Chu tich hoi dong Quan tri 1","private":false,"verified":false,"role":0,"followersCount":2,"followingCount":5,"postCount":13}}

16:32:01.617 [pool-2-thread-18] DEBUG com.intuit.karate -- response time in milliseconds: 1111
1 < 200
1 < X-Powered-By: Express
1 < Access-Control-Allow-Origin: *
1 < Content-Type: application/json; charset=utf-8
1 < Content-Length: 609
1 < ETag: W/"261-cbjF5892kcU+DMrwSI8xa/h+Fks"
1 < Date: Tue, 24 Jun 2025 09:32:01 GMT
1 < Connection: keep-alive
1 < Keep-Alive: timeout=5
{"access_token":"eyJhbGciOiJIUzI1NiIsInR5cCI6IkpXVCJ9.eyJzdWIiOiIyNzJmNmI1NS01MTc5LTRhZTMtODU2My1iNGVjMTBmNzY3MTUiLCJ1c2VybmFtZSI6ImpvaG5kb2UyZDVkIiwicm9sZSI6MCwiaWF0IjoxNzUwNzU3NTIwLCJleHAiOjE3NTA3NjExMjB9.dqHyldbqzw56NdqGgiVlfp3gaheC-w7A2Nk8MVWmj-0","refresh_token":"f61c79e94a3d902e2a1cd3a5ea75b3b1bc20564429971e46dc44221dcdd91327","user":{"id":"272f6b55-5179-4ae3-8563-b4ec10f76715","email":"testit5@gmail.com","username":"johndoe2d5d","name":"John Doe","phoneNumber":"0123456132","profilePic":null,"bio":null,"private":false,"verified":false,"role":0,"followersCount":0,"followingCount":0,"postCount":0}}

16:32:01.623 [pool-2-thread-29] INFO com.intuit.karate -- [print] 50-thread call completed, status: 200 
16:32:01.623 [pool-2-thread-33] INFO com.intuit.karate -- [print] 50-thread call completed, status: 200 
16:32:01.623 [pool-2-thread-36] INFO com.intuit.karate -- [print] 50-thread call completed, status: 200 
16:32:01.623 [pool-2-thread-18] INFO com.intuit.karate -- [print] 50-thread call completed, status: 200 
16:32:01.623 [pool-2-thread-11] INFO com.intuit.karate -- [print] 50-thread call completed, status: 200 
16:32:01.636 [pool-2-thread-33] DEBUG com.jayway.jsonpath.internal.path.CompiledPath -- Evaluating path: $
16:32:01.636 [pool-2-thread-36] DEBUG com.jayway.jsonpath.internal.path.CompiledPath -- Evaluating path: $
16:32:01.636 [pool-2-thread-11] DEBUG com.jayway.jsonpath.internal.path.CompiledPath -- Evaluating path: $
16:32:01.636 [pool-2-thread-29] DEBUG com.jayway.jsonpath.internal.path.CompiledPath -- Evaluating path: $
16:32:01.637 [pool-2-thread-40] DEBUG org.apache.http.wire -- http-outgoing-17 << "HTTP/1.1 200 OK[\r][\n]"
16:32:01.637 [pool-2-thread-40] DEBUG org.apache.http.wire -- http-outgoing-17 << "X-Powered-By: Express[\r][\n]"
16:32:01.637 [pool-2-thread-40] DEBUG org.apache.http.wire -- http-outgoing-17 << "Access-Control-Allow-Origin: *[\r][\n]"
16:32:01.637 [pool-2-thread-40] DEBUG org.apache.http.wire -- http-outgoing-17 << "Content-Type: application/json; charset=utf-8[\r][\n]"
16:32:01.636 [pool-2-thread-18] DEBUG com.jayway.jsonpath.internal.path.CompiledPath -- Evaluating path: $
16:32:01.637 [pool-2-thread-40] DEBUG org.apache.http.wire -- http-outgoing-17 << "Content-Length: 605[\r][\n]"
16:32:01.637 [pool-2-thread-40] DEBUG org.apache.http.wire -- http-outgoing-17 << "ETag: W/"25d-N27knE5SQ4v3Q6Aguzm8uKfsjeA"[\r][\n]"
16:32:01.637 [pool-2-thread-40] DEBUG org.apache.http.wire -- http-outgoing-17 << "Date: Tue, 24 Jun 2025 09:32:01 GMT[\r][\n]"
16:32:01.637 [pool-2-thread-40] DEBUG org.apache.http.wire -- http-outgoing-17 << "Connection: keep-alive[\r][\n]"
16:32:01.637 [pool-2-thread-40] DEBUG org.apache.http.wire -- http-outgoing-17 << "Keep-Alive: timeout=5[\r][\n]"
16:32:01.637 [pool-2-thread-40] DEBUG org.apache.http.wire -- http-outgoing-17 << "[\r][\n]"
16:32:01.637 [pool-2-thread-40] DEBUG org.apache.http.wire -- http-outgoing-17 << "{"access_token":"eyJhbGciOiJIUzI1NiIsInR5cCI6IkpXVCJ9.eyJzdWIiOiIwYTM3ZWY0My1mZWU4LTQxZDMtYTY4Ni04YWIwODY5NDg2OTUiLCJ1c2VybmFtZSI6ImpvaG5kb2UyMSIsInJvbGUiOjAsImlhdCI6MTc1MDc1NzUyMCwiZXhwIjoxNzUwNzYxMTIwfQ.hGsGhV6SM94D71w7jF1H9nkOq_m6JXdbRejRk-X4l5M","refresh_token":"8b7778ad5d1a3450d736a74c346ecbcf940c340dd270fd0745db6dea564202fe","user":{"id":"0a37ef43-fee8-41d3-a686-8ab086948695","email":"testit2@gmail.com","username":"johndoe21","name":"John Doe","phoneNumber":"0123456712","profilePic":null,"bio":null,"private":false,"verified":false,"role":0,"followersCount":0,"followingCount":0,"postCount":0}}"
16:32:01.637 [pool-2-thread-40] DEBUG org.apache.http.headers -- http-outgoing-17 << HTTP/1.1 200 OK
16:32:01.637 [pool-2-thread-40] DEBUG org.apache.http.headers -- http-outgoing-17 << X-Powered-By: Express
16:32:01.637 [pool-2-thread-40] DEBUG org.apache.http.headers -- http-outgoing-17 << Access-Control-Allow-Origin: *
16:32:01.637 [pool-2-thread-40] DEBUG org.apache.http.headers -- http-outgoing-17 << Content-Type: application/json; charset=utf-8
16:32:01.637 [pool-2-thread-40] DEBUG org.apache.http.headers -- http-outgoing-17 << Content-Length: 605
16:32:01.637 [pool-2-thread-40] DEBUG org.apache.http.headers -- http-outgoing-17 << ETag: W/"25d-N27knE5SQ4v3Q6Aguzm8uKfsjeA"
16:32:01.637 [pool-2-thread-40] DEBUG org.apache.http.headers -- http-outgoing-17 << Date: Tue, 24 Jun 2025 09:32:01 GMT
16:32:01.637 [pool-2-thread-40] DEBUG org.apache.http.headers -- http-outgoing-17 << Connection: keep-alive
16:32:01.637 [pool-2-thread-40] DEBUG org.apache.http.headers -- http-outgoing-17 << Keep-Alive: timeout=5
16:32:01.638 [pool-2-thread-40] DEBUG org.apache.http.impl.execchain.MainClientExec -- Connection can be kept alive for 5000 MILLISECONDS
16:32:01.638 [pool-2-thread-40] DEBUG org.apache.http.impl.conn.PoolingHttpClientConnectionManager -- Connection [id: 27][route: {}->http://localhost:3000] can be kept alive for 5.0 seconds
16:32:01.638 [pool-2-thread-40] DEBUG org.apache.http.impl.conn.DefaultManagedHttpClientConnection -- http-outgoing-17: set socket timeout to 0
16:32:01.638 [pool-2-thread-40] DEBUG org.apache.http.impl.conn.PoolingHttpClientConnectionManager -- Connection released: [id: 27][route: {}->http://localhost:3000][total available: 1; route allocated: 1 of 5; total allocated: 1 of 10]
16:32:01.638 [pool-2-thread-40] DEBUG org.apache.http.impl.conn.PoolingHttpClientConnectionManager -- Connection manager is shutting down
16:32:01.638 [pool-2-thread-40] DEBUG org.apache.http.impl.conn.DefaultManagedHttpClientConnection -- http-outgoing-17: Close connection
16:32:01.638 [pool-2-thread-40] DEBUG org.apache.http.impl.conn.PoolingHttpClientConnectionManager -- Connection manager shut down
16:32:01.638 [pool-2-thread-40] DEBUG com.intuit.karate -- response time in milliseconds: 1134
1 < 200
1 < X-Powered-By: Express
1 < Access-Control-Allow-Origin: *
1 < Content-Type: application/json; charset=utf-8
1 < Content-Length: 605
1 < ETag: W/"25d-N27knE5SQ4v3Q6Aguzm8uKfsjeA"
1 < Date: Tue, 24 Jun 2025 09:32:01 GMT
1 < Connection: keep-alive
1 < Keep-Alive: timeout=5
{"access_token":"eyJhbGciOiJIUzI1NiIsInR5cCI6IkpXVCJ9.eyJzdWIiOiIwYTM3ZWY0My1mZWU4LTQxZDMtYTY4Ni04YWIwODY5NDg2OTUiLCJ1c2VybmFtZSI6ImpvaG5kb2UyMSIsInJvbGUiOjAsImlhdCI6MTc1MDc1NzUyMCwiZXhwIjoxNzUwNzYxMTIwfQ.hGsGhV6SM94D71w7jF1H9nkOq_m6JXdbRejRk-X4l5M","refresh_token":"8b7778ad5d1a3450d736a74c346ecbcf940c340dd270fd0745db6dea564202fe","user":{"id":"0a37ef43-fee8-41d3-a686-8ab086948695","email":"testit2@gmail.com","username":"johndoe21","name":"John Doe","phoneNumber":"0123456712","profilePic":null,"bio":null,"private":false,"verified":false,"role":0,"followersCount":0,"followingCount":0,"postCount":0}}

16:32:01.639 [pool-2-thread-11] INFO com.intuit.karate -- [print] *** 50-THREAD CONCURRENT API CALL for user: test@example.com *** 
16:32:01.639 [pool-2-thread-18] INFO com.intuit.karate -- [print] *** 50-THREAD CONCURRENT API CALL for user: nam@gmail.com *** 
16:32:01.639 [pool-2-thread-33] INFO com.intuit.karate -- [print] *** 50-THREAD CONCURRENT API CALL for user: quang1@gmail.com *** 
16:32:01.639 [pool-2-thread-36] INFO com.intuit.karate -- [print] *** 50-THREAD CONCURRENT API CALL for user: test2@example.com *** 
16:32:01.639 [pool-2-thread-29] INFO com.intuit.karate -- [print] *** 50-THREAD CONCURRENT API CALL for user: test28@example.com *** 
16:32:01.641 [pool-2-thread-40] INFO com.intuit.karate -- [print] 50-thread call completed, status: 200 
16:32:01.642 [pool-2-thread-29] DEBUG org.apache.http.client.protocol.RequestAddCookies -- CookieSpec selected: karate
16:32:01.642 [pool-2-thread-18] DEBUG org.apache.http.client.protocol.RequestAddCookies -- CookieSpec selected: karate
16:32:01.642 [pool-2-thread-11] DEBUG org.apache.http.client.protocol.RequestAddCookies -- CookieSpec selected: karate
16:32:01.642 [pool-2-thread-33] DEBUG org.apache.http.client.protocol.RequestAddCookies -- CookieSpec selected: karate
16:32:01.642 [pool-2-thread-36] DEBUG org.apache.http.client.protocol.RequestAddCookies -- CookieSpec selected: karate
16:32:01.642 [pool-2-thread-11] DEBUG org.apache.http.client.protocol.RequestAuthCache -- Auth cache not set in the context
16:32:01.642 [pool-2-thread-18] DEBUG org.apache.http.client.protocol.RequestAuthCache -- Auth cache not set in the context
16:32:01.642 [pool-2-thread-33] DEBUG org.apache.http.client.protocol.RequestAuthCache -- Auth cache not set in the context
16:32:01.642 [pool-2-thread-36] DEBUG org.apache.http.client.protocol.RequestAuthCache -- Auth cache not set in the context
16:32:01.642 [pool-2-thread-29] DEBUG org.apache.http.client.protocol.RequestAuthCache -- Auth cache not set in the context
16:32:01.642 [pool-2-thread-18] DEBUG com.intuit.karate -- request:
1 > POST http://localhost:3000/auth/login
1 > Content-Type: application/json; charset=UTF-8
1 > Content-Length: 45
1 > Host: localhost:3000
1 > Connection: Keep-Alive
1 > User-Agent: Apache-HttpClient/4.5.14 (Java/17.0.9)
1 > Accept-Encoding: gzip,deflate
{"email":"nam@gmail.com","password":"123456"}

16:32:01.642 [pool-2-thread-36] DEBUG com.intuit.karate -- request:
1 > POST http://localhost:3000/auth/login
1 > Content-Type: application/json; charset=UTF-8
1 > Content-Length: 54
1 > Host: localhost:3000
1 > Connection: Keep-Alive
1 > User-Agent: Apache-HttpClient/4.5.14 (Java/17.0.9)
1 > Accept-Encoding: gzip,deflate
{"email":"test2@example.com","password":"Password123"}

16:32:01.642 [pool-2-thread-29] DEBUG com.intuit.karate -- request:
1 > POST http://localhost:3000/auth/login
1 > Content-Type: application/json; charset=UTF-8
1 > Content-Length: 55
1 > Host: localhost:3000
1 > Connection: Keep-Alive
1 > User-Agent: Apache-HttpClient/4.5.14 (Java/17.0.9)
1 > Accept-Encoding: gzip,deflate
{"email":"test28@example.com","password":"Password123"}

16:32:01.642 [pool-2-thread-11] DEBUG com.intuit.karate -- request:
1 > POST http://localhost:3000/auth/login
1 > Content-Type: application/json; charset=UTF-8
1 > Content-Length: 53
1 > Host: localhost:3000
1 > Connection: Keep-Alive
1 > User-Agent: Apache-HttpClient/4.5.14 (Java/17.0.9)
1 > Accept-Encoding: gzip,deflate
{"email":"test@example.com","password":"Password123"}

16:32:01.642 [pool-2-thread-33] DEBUG com.intuit.karate -- request:
1 > POST http://localhost:3000/auth/login
1 > Content-Type: application/json; charset=UTF-8
1 > Content-Length: 48
1 > Host: localhost:3000
1 > Connection: Keep-Alive
1 > User-Agent: Apache-HttpClient/4.5.14 (Java/17.0.9)
1 > Accept-Encoding: gzip,deflate
{"email":"quang1@gmail.com","password":"quang1"}

16:32:01.642 [pool-2-thread-18] DEBUG org.apache.http.impl.conn.PoolingHttpClientConnectionManager -- Connection request: [route: {}->http://localhost:3000][total available: 0; route allocated: 0 of 5; total allocated: 0 of 10]
16:32:01.642 [pool-2-thread-29] DEBUG org.apache.http.impl.conn.PoolingHttpClientConnectionManager -- Connection request: [route: {}->http://localhost:3000][total available: 0; route allocated: 0 of 5; total allocated: 0 of 10]
16:32:01.642 [pool-2-thread-11] DEBUG org.apache.http.impl.conn.PoolingHttpClientConnectionManager -- Connection request: [route: {}->http://localhost:3000][total available: 0; route allocated: 0 of 5; total allocated: 0 of 10]
16:32:01.642 [pool-2-thread-36] DEBUG org.apache.http.impl.conn.PoolingHttpClientConnectionManager -- Connection request: [route: {}->http://localhost:3000][total available: 0; route allocated: 0 of 5; total allocated: 0 of 10]
16:32:01.642 [pool-2-thread-33] DEBUG org.apache.http.impl.conn.PoolingHttpClientConnectionManager -- Connection request: [route: {}->http://localhost:3000][total available: 0; route allocated: 0 of 5; total allocated: 0 of 10]
16:32:01.643 [pool-2-thread-33] DEBUG org.apache.http.impl.conn.PoolingHttpClientConnectionManager -- Connection leased: [id: 53][route: {}->http://localhost:3000][total available: 0; route allocated: 1 of 5; total allocated: 1 of 10]
16:32:01.643 [pool-2-thread-29] DEBUG org.apache.http.impl.conn.PoolingHttpClientConnectionManager -- Connection leased: [id: 52][route: {}->http://localhost:3000][total available: 0; route allocated: 1 of 5; total allocated: 1 of 10]
16:32:01.643 [pool-2-thread-36] DEBUG org.apache.http.impl.conn.PoolingHttpClientConnectionManager -- Connection leased: [id: 54][route: {}->http://localhost:3000][total available: 0; route allocated: 1 of 5; total allocated: 1 of 10]
16:32:01.643 [pool-2-thread-29] DEBUG org.apache.http.impl.execchain.MainClientExec -- Opening connection {}->http://localhost:3000
16:32:01.643 [pool-2-thread-11] DEBUG org.apache.http.impl.conn.PoolingHttpClientConnectionManager -- Connection leased: [id: 51][route: {}->http://localhost:3000][total available: 0; route allocated: 1 of 5; total allocated: 1 of 10]
16:32:01.643 [pool-2-thread-36] DEBUG org.apache.http.impl.execchain.MainClientExec -- Opening connection {}->http://localhost:3000
16:32:01.643 [pool-2-thread-18] DEBUG org.apache.http.impl.conn.PoolingHttpClientConnectionManager -- Connection leased: [id: 50][route: {}->http://localhost:3000][total available: 0; route allocated: 1 of 5; total allocated: 1 of 10]
16:32:01.643 [pool-2-thread-33] DEBUG org.apache.http.impl.execchain.MainClientExec -- Opening connection {}->http://localhost:3000
16:32:01.643 [pool-2-thread-18] DEBUG org.apache.http.impl.execchain.MainClientExec -- Opening connection {}->http://localhost:3000
16:32:01.643 [pool-2-thread-11] DEBUG org.apache.http.impl.execchain.MainClientExec -- Opening connection {}->http://localhost:3000
16:32:01.643 [pool-2-thread-11] DEBUG org.apache.http.impl.conn.DefaultHttpClientConnectionOperator -- Connecting to localhost/127.0.0.1:3000
16:32:01.643 [pool-2-thread-18] DEBUG org.apache.http.impl.conn.DefaultHttpClientConnectionOperator -- Connecting to localhost/127.0.0.1:3000
16:32:01.643 [pool-2-thread-29] DEBUG org.apache.http.impl.conn.DefaultHttpClientConnectionOperator -- Connecting to localhost/127.0.0.1:3000
16:32:01.643 [pool-2-thread-36] DEBUG org.apache.http.impl.conn.DefaultHttpClientConnectionOperator -- Connecting to localhost/127.0.0.1:3000
16:32:01.643 [pool-2-thread-33] DEBUG org.apache.http.impl.conn.DefaultHttpClientConnectionOperator -- Connecting to localhost/127.0.0.1:3000
16:32:01.643 [pool-2-thread-29] DEBUG org.apache.http.impl.conn.DefaultHttpClientConnectionOperator -- Connection established 127.0.0.1:52221<->127.0.0.1:3000
16:32:01.643 [pool-2-thread-18] DEBUG org.apache.http.impl.conn.DefaultHttpClientConnectionOperator -- Connection established 127.0.0.1:52220<->127.0.0.1:3000
16:32:01.643 [pool-2-thread-33] DEBUG org.apache.http.impl.conn.DefaultHttpClientConnectionOperator -- Connection established 127.0.0.1:52222<->127.0.0.1:3000
16:32:01.643 [pool-2-thread-18] DEBUG org.apache.http.impl.conn.DefaultManagedHttpClientConnection -- http-outgoing-50: set socket timeout to 30000
16:32:01.643 [pool-2-thread-11] DEBUG org.apache.http.impl.conn.DefaultHttpClientConnectionOperator -- Connection established 127.0.0.1:52219<->127.0.0.1:3000
16:32:01.643 [pool-2-thread-18] DEBUG org.apache.http.impl.execchain.MainClientExec -- Executing request POST /auth/login HTTP/1.1
16:32:01.643 [pool-2-thread-29] DEBUG org.apache.http.impl.conn.DefaultManagedHttpClientConnection -- http-outgoing-52: set socket timeout to 30000
16:32:01.643 [pool-2-thread-11] DEBUG org.apache.http.impl.conn.DefaultManagedHttpClientConnection -- http-outgoing-51: set socket timeout to 30000
16:32:01.643 [pool-2-thread-36] DEBUG org.apache.http.impl.conn.DefaultHttpClientConnectionOperator -- Connection established 127.0.0.1:52223<->127.0.0.1:3000
16:32:01.643 [pool-2-thread-29] DEBUG org.apache.http.impl.execchain.MainClientExec -- Executing request POST /auth/login HTTP/1.1
16:32:01.643 [pool-2-thread-11] DEBUG org.apache.http.impl.execchain.MainClientExec -- Executing request POST /auth/login HTTP/1.1
16:32:01.643 [pool-2-thread-29] DEBUG org.apache.http.impl.execchain.MainClientExec -- Target auth state: UNCHALLENGED
16:32:01.643 [pool-2-thread-36] DEBUG org.apache.http.impl.conn.DefaultManagedHttpClientConnection -- http-outgoing-54: set socket timeout to 30000
16:32:01.643 [pool-2-thread-36] DEBUG org.apache.http.impl.execchain.MainClientExec -- Executing request POST /auth/login HTTP/1.1
16:32:01.643 [pool-2-thread-33] DEBUG org.apache.http.impl.conn.DefaultManagedHttpClientConnection -- http-outgoing-53: set socket timeout to 30000
16:32:01.643 [pool-2-thread-18] DEBUG org.apache.http.impl.execchain.MainClientExec -- Target auth state: UNCHALLENGED
16:32:01.643 [pool-2-thread-18] DEBUG org.apache.http.impl.execchain.MainClientExec -- Proxy auth state: UNCHALLENGED
16:32:01.643 [pool-2-thread-11] DEBUG org.apache.http.impl.execchain.MainClientExec -- Target auth state: UNCHALLENGED
16:32:01.643 [pool-2-thread-33] DEBUG org.apache.http.impl.execchain.MainClientExec -- Executing request POST /auth/login HTTP/1.1
16:32:01.643 [pool-2-thread-11] DEBUG org.apache.http.impl.execchain.MainClientExec -- Proxy auth state: UNCHALLENGED
16:32:01.643 [pool-2-thread-29] DEBUG org.apache.http.impl.execchain.MainClientExec -- Proxy auth state: UNCHALLENGED
16:32:01.643 [pool-2-thread-33] DEBUG org.apache.http.impl.execchain.MainClientExec -- Target auth state: UNCHALLENGED
16:32:01.643 [pool-2-thread-33] DEBUG org.apache.http.impl.execchain.MainClientExec -- Proxy auth state: UNCHALLENGED
16:32:01.643 [pool-2-thread-36] DEBUG org.apache.http.impl.execchain.MainClientExec -- Target auth state: UNCHALLENGED
16:32:01.643 [pool-2-thread-36] DEBUG org.apache.http.impl.execchain.MainClientExec -- Proxy auth state: UNCHALLENGED
16:32:01.643 [pool-2-thread-11] DEBUG org.apache.http.headers -- http-outgoing-51 >> POST /auth/login HTTP/1.1
16:32:01.643 [pool-2-thread-29] DEBUG org.apache.http.headers -- http-outgoing-52 >> POST /auth/login HTTP/1.1
16:32:01.643 [pool-2-thread-33] DEBUG org.apache.http.headers -- http-outgoing-53 >> POST /auth/login HTTP/1.1
16:32:01.643 [pool-2-thread-29] DEBUG org.apache.http.headers -- http-outgoing-52 >> Content-Type: application/json; charset=UTF-8
16:32:01.643 [pool-2-thread-29] DEBUG org.apache.http.headers -- http-outgoing-52 >> Content-Length: 55
16:32:01.643 [pool-2-thread-18] DEBUG org.apache.http.headers -- http-outgoing-50 >> POST /auth/login HTTP/1.1
16:32:01.643 [pool-2-thread-29] DEBUG org.apache.http.headers -- http-outgoing-52 >> Host: localhost:3000
16:32:01.643 [pool-2-thread-33] DEBUG org.apache.http.headers -- http-outgoing-53 >> Content-Type: application/json; charset=UTF-8
16:32:01.643 [pool-2-thread-11] DEBUG org.apache.http.headers -- http-outgoing-51 >> Content-Type: application/json; charset=UTF-8
16:32:01.643 [pool-2-thread-33] DEBUG org.apache.http.headers -- http-outgoing-53 >> Content-Length: 48
16:32:01.643 [pool-2-thread-11] DEBUG org.apache.http.headers -- http-outgoing-51 >> Content-Length: 53
16:32:01.643 [pool-2-thread-33] DEBUG org.apache.http.headers -- http-outgoing-53 >> Host: localhost:3000
16:32:01.643 [pool-2-thread-11] DEBUG org.apache.http.headers -- http-outgoing-51 >> Host: localhost:3000
16:32:01.643 [pool-2-thread-11] DEBUG org.apache.http.headers -- http-outgoing-51 >> Connection: Keep-Alive
16:32:01.643 [pool-2-thread-36] DEBUG org.apache.http.headers -- http-outgoing-54 >> POST /auth/login HTTP/1.1
16:32:01.643 [pool-2-thread-33] DEBUG org.apache.http.headers -- http-outgoing-53 >> Connection: Keep-Alive
16:32:01.643 [pool-2-thread-36] DEBUG org.apache.http.headers -- http-outgoing-54 >> Content-Type: application/json; charset=UTF-8
16:32:01.643 [pool-2-thread-29] DEBUG org.apache.http.headers -- http-outgoing-52 >> Connection: Keep-Alive
16:32:01.643 [pool-2-thread-18] DEBUG org.apache.http.headers -- http-outgoing-50 >> Content-Type: application/json; charset=UTF-8
16:32:01.643 [pool-2-thread-18] DEBUG org.apache.http.headers -- http-outgoing-50 >> Content-Length: 45
16:32:01.643 [pool-2-thread-29] DEBUG org.apache.http.headers -- http-outgoing-52 >> User-Agent: Apache-HttpClient/4.5.14 (Java/17.0.9)
16:32:01.643 [pool-2-thread-11] DEBUG org.apache.http.headers -- http-outgoing-51 >> User-Agent: Apache-HttpClient/4.5.14 (Java/17.0.9)
16:32:01.643 [pool-2-thread-29] DEBUG org.apache.http.headers -- http-outgoing-52 >> Accept-Encoding: gzip,deflate
16:32:01.643 [pool-2-thread-33] DEBUG org.apache.http.headers -- http-outgoing-53 >> User-Agent: Apache-HttpClient/4.5.14 (Java/17.0.9)
16:32:01.643 [pool-2-thread-36] DEBUG org.apache.http.headers -- http-outgoing-54 >> Content-Length: 54
16:32:01.643 [pool-2-thread-18] DEBUG org.apache.http.headers -- http-outgoing-50 >> Host: localhost:3000
16:32:01.643 [pool-2-thread-11] DEBUG org.apache.http.headers -- http-outgoing-51 >> Accept-Encoding: gzip,deflate
16:32:01.644 [pool-2-thread-36] DEBUG org.apache.http.headers -- http-outgoing-54 >> Host: localhost:3000
16:32:01.644 [pool-2-thread-29] DEBUG org.apache.http.wire -- http-outgoing-52 >> "POST /auth/login HTTP/1.1[\r][\n]"
16:32:01.644 [pool-2-thread-36] DEBUG org.apache.http.headers -- http-outgoing-54 >> Connection: Keep-Alive
16:32:01.644 [pool-2-thread-18] DEBUG org.apache.http.headers -- http-outgoing-50 >> Connection: Keep-Alive
16:32:01.644 [pool-2-thread-36] DEBUG org.apache.http.headers -- http-outgoing-54 >> User-Agent: Apache-HttpClient/4.5.14 (Java/17.0.9)
16:32:01.644 [pool-2-thread-36] DEBUG org.apache.http.headers -- http-outgoing-54 >> Accept-Encoding: gzip,deflate
16:32:01.643 [pool-2-thread-33] DEBUG org.apache.http.headers -- http-outgoing-53 >> Accept-Encoding: gzip,deflate
16:32:01.644 [pool-2-thread-11] DEBUG org.apache.http.wire -- http-outgoing-51 >> "POST /auth/login HTTP/1.1[\r][\n]"
16:32:01.644 [pool-2-thread-18] DEBUG org.apache.http.headers -- http-outgoing-50 >> User-Agent: Apache-HttpClient/4.5.14 (Java/17.0.9)
16:32:01.644 [pool-2-thread-36] DEBUG org.apache.http.wire -- http-outgoing-54 >> "POST /auth/login HTTP/1.1[\r][\n]"
16:32:01.644 [pool-2-thread-29] DEBUG org.apache.http.wire -- http-outgoing-52 >> "Content-Type: application/json; charset=UTF-8[\r][\n]"
16:32:01.644 [pool-2-thread-36] DEBUG org.apache.http.wire -- http-outgoing-54 >> "Content-Type: application/json; charset=UTF-8[\r][\n]"
16:32:01.644 [pool-2-thread-33] DEBUG org.apache.http.wire -- http-outgoing-53 >> "POST /auth/login HTTP/1.1[\r][\n]"
16:32:01.644 [pool-2-thread-11] DEBUG org.apache.http.wire -- http-outgoing-51 >> "Content-Type: application/json; charset=UTF-8[\r][\n]"
16:32:01.644 [pool-2-thread-33] DEBUG org.apache.http.wire -- http-outgoing-53 >> "Content-Type: application/json; charset=UTF-8[\r][\n]"
16:32:01.644 [pool-2-thread-11] DEBUG org.apache.http.wire -- http-outgoing-51 >> "Content-Length: 53[\r][\n]"
16:32:01.644 [pool-2-thread-18] DEBUG org.apache.http.headers -- http-outgoing-50 >> Accept-Encoding: gzip,deflate
16:32:01.644 [pool-2-thread-29] DEBUG org.apache.http.wire -- http-outgoing-52 >> "Content-Length: 55[\r][\n]"
16:32:01.644 [pool-2-thread-29] DEBUG org.apache.http.wire -- http-outgoing-52 >> "Host: localhost:3000[\r][\n]"
16:32:01.644 [pool-2-thread-29] DEBUG org.apache.http.wire -- http-outgoing-52 >> "Connection: Keep-Alive[\r][\n]"
16:32:01.644 [pool-2-thread-36] DEBUG org.apache.http.wire -- http-outgoing-54 >> "Content-Length: 54[\r][\n]"
16:32:01.644 [pool-2-thread-33] DEBUG org.apache.http.wire -- http-outgoing-53 >> "Content-Length: 48[\r][\n]"
16:32:01.644 [pool-2-thread-33] DEBUG org.apache.http.wire -- http-outgoing-53 >> "Host: localhost:3000[\r][\n]"
16:32:01.644 [pool-2-thread-33] DEBUG org.apache.http.wire -- http-outgoing-53 >> "Connection: Keep-Alive[\r][\n]"
16:32:01.644 [pool-2-thread-11] DEBUG org.apache.http.wire -- http-outgoing-51 >> "Host: localhost:3000[\r][\n]"
16:32:01.644 [pool-2-thread-33] DEBUG org.apache.http.wire -- http-outgoing-53 >> "User-Agent: Apache-HttpClient/4.5.14 (Java/17.0.9)[\r][\n]"
16:32:01.644 [pool-2-thread-11] DEBUG org.apache.http.wire -- http-outgoing-51 >> "Connection: Keep-Alive[\r][\n]"
16:32:01.644 [pool-2-thread-33] DEBUG org.apache.http.wire -- http-outgoing-53 >> "Accept-Encoding: gzip,deflate[\r][\n]"
16:32:01.644 [pool-2-thread-33] DEBUG org.apache.http.wire -- http-outgoing-53 >> "[\r][\n]"
16:32:01.644 [pool-2-thread-11] DEBUG org.apache.http.wire -- http-outgoing-51 >> "User-Agent: Apache-HttpClient/4.5.14 (Java/17.0.9)[\r][\n]"
16:32:01.644 [pool-2-thread-33] DEBUG org.apache.http.wire -- http-outgoing-53 >> "{"email":"quang1@gmail.com","password":"quang1"}"
16:32:01.644 [pool-2-thread-18] DEBUG org.apache.http.wire -- http-outgoing-50 >> "POST /auth/login HTTP/1.1[\r][\n]"
16:32:01.644 [pool-2-thread-29] DEBUG org.apache.http.wire -- http-outgoing-52 >> "User-Agent: Apache-HttpClient/4.5.14 (Java/17.0.9)[\r][\n]"
16:32:01.644 [pool-2-thread-36] DEBUG org.apache.http.wire -- http-outgoing-54 >> "Host: localhost:3000[\r][\n]"
16:32:01.644 [pool-2-thread-29] DEBUG org.apache.http.wire -- http-outgoing-52 >> "Accept-Encoding: gzip,deflate[\r][\n]"
16:32:01.644 [pool-2-thread-36] DEBUG org.apache.http.wire -- http-outgoing-54 >> "Connection: Keep-Alive[\r][\n]"
16:32:01.644 [pool-2-thread-29] DEBUG org.apache.http.wire -- http-outgoing-52 >> "[\r][\n]"
16:32:01.644 [pool-2-thread-11] DEBUG org.apache.http.wire -- http-outgoing-51 >> "Accept-Encoding: gzip,deflate[\r][\n]"
16:32:01.644 [pool-2-thread-29] DEBUG org.apache.http.wire -- http-outgoing-52 >> "{"email":"test28@example.com","password":"Password123"}"
16:32:01.644 [pool-2-thread-11] DEBUG org.apache.http.wire -- http-outgoing-51 >> "[\r][\n]"
16:32:01.644 [pool-2-thread-18] DEBUG org.apache.http.wire -- http-outgoing-50 >> "Content-Type: application/json; charset=UTF-8[\r][\n]"
16:32:01.644 [pool-2-thread-36] DEBUG org.apache.http.wire -- http-outgoing-54 >> "User-Agent: Apache-HttpClient/4.5.14 (Java/17.0.9)[\r][\n]"
16:32:01.644 [pool-2-thread-18] DEBUG org.apache.http.wire -- http-outgoing-50 >> "Content-Length: 45[\r][\n]"
16:32:01.644 [pool-2-thread-36] DEBUG org.apache.http.wire -- http-outgoing-54 >> "Accept-Encoding: gzip,deflate[\r][\n]"
16:32:01.644 [pool-2-thread-11] DEBUG org.apache.http.wire -- http-outgoing-51 >> "{"email":"test@example.com","password":"Password123"}"
16:32:01.644 [pool-2-thread-36] DEBUG org.apache.http.wire -- http-outgoing-54 >> "[\r][\n]"
16:32:01.644 [pool-2-thread-36] DEBUG org.apache.http.wire -- http-outgoing-54 >> "{"email":"test2@example.com","password":"Password123"}"
16:32:01.644 [pool-2-thread-18] DEBUG org.apache.http.wire -- http-outgoing-50 >> "Host: localhost:3000[\r][\n]"
16:32:01.644 [pool-2-thread-18] DEBUG org.apache.http.wire -- http-outgoing-50 >> "Connection: Keep-Alive[\r][\n]"
16:32:01.644 [pool-2-thread-18] DEBUG org.apache.http.wire -- http-outgoing-50 >> "User-Agent: Apache-HttpClient/4.5.14 (Java/17.0.9)[\r][\n]"
16:32:01.644 [pool-2-thread-18] DEBUG org.apache.http.wire -- http-outgoing-50 >> "Accept-Encoding: gzip,deflate[\r][\n]"
16:32:01.644 [pool-2-thread-18] DEBUG org.apache.http.wire -- http-outgoing-50 >> "[\r][\n]"
16:32:01.644 [pool-2-thread-18] DEBUG org.apache.http.wire -- http-outgoing-50 >> "{"email":"nam@gmail.com","password":"123456"}"
16:32:01.649 [pool-2-thread-40] DEBUG com.jayway.jsonpath.internal.path.CompiledPath -- Evaluating path: $
16:32:01.651 [pool-2-thread-40] INFO com.intuit.karate -- [print] *** 50-THREAD CONCURRENT API CALL for user: testit4@gmail.com *** 
16:32:01.655 [pool-2-thread-40] DEBUG org.apache.http.client.protocol.RequestAddCookies -- CookieSpec selected: karate
16:32:01.655 [pool-2-thread-40] DEBUG org.apache.http.client.protocol.RequestAuthCache -- Auth cache not set in the context
16:32:01.655 [pool-2-thread-40] DEBUG com.intuit.karate -- request:
1 > POST http://localhost:3000/auth/login
1 > Content-Type: application/json; charset=UTF-8
1 > Content-Length: 54
1 > Host: localhost:3000
1 > Connection: Keep-Alive
1 > User-Agent: Apache-HttpClient/4.5.14 (Java/17.0.9)
1 > Accept-Encoding: gzip,deflate
{"email":"testit4@gmail.com","password":"Password123"}

16:32:01.655 [pool-2-thread-40] DEBUG org.apache.http.impl.conn.PoolingHttpClientConnectionManager -- Connection request: [route: {}->http://localhost:3000][total available: 0; route allocated: 0 of 5; total allocated: 0 of 10]
16:32:01.657 [pool-2-thread-40] DEBUG org.apache.http.impl.conn.PoolingHttpClientConnectionManager -- Connection leased: [id: 55][route: {}->http://localhost:3000][total available: 0; route allocated: 1 of 5; total allocated: 1 of 10]
16:32:01.657 [pool-2-thread-40] DEBUG org.apache.http.impl.execchain.MainClientExec -- Opening connection {}->http://localhost:3000
16:32:01.657 [pool-2-thread-40] DEBUG org.apache.http.impl.conn.DefaultHttpClientConnectionOperator -- Connecting to localhost/127.0.0.1:3000
16:32:01.658 [pool-2-thread-40] DEBUG org.apache.http.impl.conn.DefaultHttpClientConnectionOperator -- Connection established 127.0.0.1:52224<->127.0.0.1:3000
16:32:01.658 [pool-2-thread-40] DEBUG org.apache.http.impl.conn.DefaultManagedHttpClientConnection -- http-outgoing-55: set socket timeout to 30000
16:32:01.658 [pool-2-thread-40] DEBUG org.apache.http.impl.execchain.MainClientExec -- Executing request POST /auth/login HTTP/1.1
16:32:01.658 [pool-2-thread-40] DEBUG org.apache.http.impl.execchain.MainClientExec -- Target auth state: UNCHALLENGED
16:32:01.658 [pool-2-thread-40] DEBUG org.apache.http.impl.execchain.MainClientExec -- Proxy auth state: UNCHALLENGED
16:32:01.658 [pool-2-thread-40] DEBUG org.apache.http.headers -- http-outgoing-55 >> POST /auth/login HTTP/1.1
16:32:01.658 [pool-2-thread-40] DEBUG org.apache.http.headers -- http-outgoing-55 >> Content-Type: application/json; charset=UTF-8
16:32:01.658 [pool-2-thread-40] DEBUG org.apache.http.headers -- http-outgoing-55 >> Content-Length: 54
16:32:01.658 [pool-2-thread-40] DEBUG org.apache.http.headers -- http-outgoing-55 >> Host: localhost:3000
16:32:01.658 [pool-2-thread-40] DEBUG org.apache.http.headers -- http-outgoing-55 >> Connection: Keep-Alive
16:32:01.658 [pool-2-thread-40] DEBUG org.apache.http.headers -- http-outgoing-55 >> User-Agent: Apache-HttpClient/4.5.14 (Java/17.0.9)
16:32:01.658 [pool-2-thread-40] DEBUG org.apache.http.headers -- http-outgoing-55 >> Accept-Encoding: gzip,deflate
16:32:01.658 [pool-2-thread-40] DEBUG org.apache.http.wire -- http-outgoing-55 >> "POST /auth/login HTTP/1.1[\r][\n]"
16:32:01.658 [pool-2-thread-40] DEBUG org.apache.http.wire -- http-outgoing-55 >> "Content-Type: application/json; charset=UTF-8[\r][\n]"
16:32:01.658 [pool-2-thread-40] DEBUG org.apache.http.wire -- http-outgoing-55 >> "Content-Length: 54[\r][\n]"
16:32:01.658 [pool-2-thread-40] DEBUG org.apache.http.wire -- http-outgoing-55 >> "Host: localhost:3000[\r][\n]"
16:32:01.658 [pool-2-thread-40] DEBUG org.apache.http.wire -- http-outgoing-55 >> "Connection: Keep-Alive[\r][\n]"
16:32:01.658 [pool-2-thread-40] DEBUG org.apache.http.wire -- http-outgoing-55 >> "User-Agent: Apache-HttpClient/4.5.14 (Java/17.0.9)[\r][\n]"
16:32:01.658 [pool-2-thread-40] DEBUG org.apache.http.wire -- http-outgoing-55 >> "Accept-Encoding: gzip,deflate[\r][\n]"
16:32:01.658 [pool-2-thread-40] DEBUG org.apache.http.wire -- http-outgoing-55 >> "[\r][\n]"
16:32:01.658 [pool-2-thread-40] DEBUG org.apache.http.wire -- http-outgoing-55 >> "{"email":"testit4@gmail.com","password":"Password123"}"
16:32:02.749 [pool-2-thread-37] DEBUG org.apache.http.wire -- http-outgoing-27 << "HTTP/1.1 200 OK[\r][\n]"
16:32:02.750 [pool-2-thread-37] DEBUG org.apache.http.wire -- http-outgoing-27 << "X-Powered-By: Express[\r][\n]"
16:32:02.750 [pool-2-thread-37] DEBUG org.apache.http.wire -- http-outgoing-27 << "Access-Control-Allow-Origin: *[\r][\n]"
16:32:02.750 [pool-2-thread-37] DEBUG org.apache.http.wire -- http-outgoing-27 << "Content-Type: application/json; charset=utf-8[\r][\n]"
16:32:02.750 [pool-2-thread-37] DEBUG org.apache.http.wire -- http-outgoing-27 << "Content-Length: 605[\r][\n]"
16:32:02.750 [pool-2-thread-37] DEBUG org.apache.http.wire -- http-outgoing-27 << "ETag: W/"25d-OM6XXa5AspIbXqjAqyiywC4UWso"[\r][\n]"
16:32:02.750 [pool-2-thread-37] DEBUG org.apache.http.wire -- http-outgoing-27 << "Date: Tue, 24 Jun 2025 09:32:02 GMT[\r][\n]"
16:32:02.750 [pool-2-thread-37] DEBUG org.apache.http.wire -- http-outgoing-27 << "Connection: keep-alive[\r][\n]"
16:32:02.750 [pool-2-thread-37] DEBUG org.apache.http.wire -- http-outgoing-27 << "Keep-Alive: timeout=5[\r][\n]"
16:32:02.750 [pool-2-thread-37] DEBUG org.apache.http.wire -- http-outgoing-27 << "[\r][\n]"
16:32:02.750 [pool-2-thread-37] DEBUG org.apache.http.wire -- http-outgoing-27 << "{"access_token":"eyJhbGciOiJIUzI1NiIsInR5cCI6IkpXVCJ9.eyJzdWIiOiI2NTBjZTFlZC1hYWNhLTQzOGYtOTk4OC0xZjA1OGFiNWFhMWEiLCJ1c2VybmFtZSI6ImpvaG5kb2UyNSIsInJvbGUiOjAsImlhdCI6MTc1MDc1NzUyMSwiZXhwIjoxNzUwNzYxMTIxfQ.UPx2VZPRjH0ngMGXJ5MAOHmhKxQ2a14AnOM_7N7O3-8","refresh_token":"f25e167b4eebd34fd259a273c60373a074a7a83a7d9b606c2cc4b5a62cae52fc","user":{"id":"650ce1ed-aaca-438f-9988-1f058ab5aa1a","email":"testit3@gmail.com","username":"johndoe25","name":"John Doe","phoneNumber":"0123456713","profilePic":null,"bio":null,"private":false,"verified":false,"role":0,"followersCount":0,"followingCount":0,"postCount":0}}"
16:32:02.750 [pool-2-thread-37] DEBUG org.apache.http.headers -- http-outgoing-27 << HTTP/1.1 200 OK
16:32:02.750 [pool-2-thread-37] DEBUG org.apache.http.headers -- http-outgoing-27 << X-Powered-By: Express
16:32:02.750 [pool-2-thread-37] DEBUG org.apache.http.headers -- http-outgoing-27 << Access-Control-Allow-Origin: *
16:32:02.750 [pool-2-thread-37] DEBUG org.apache.http.headers -- http-outgoing-27 << Content-Type: application/json; charset=utf-8
16:32:02.750 [pool-2-thread-37] DEBUG org.apache.http.headers -- http-outgoing-27 << Content-Length: 605
16:32:02.750 [pool-2-thread-37] DEBUG org.apache.http.headers -- http-outgoing-27 << ETag: W/"25d-OM6XXa5AspIbXqjAqyiywC4UWso"
16:32:02.750 [pool-2-thread-37] DEBUG org.apache.http.headers -- http-outgoing-27 << Date: Tue, 24 Jun 2025 09:32:02 GMT
16:32:02.750 [pool-2-thread-37] DEBUG org.apache.http.headers -- http-outgoing-27 << Connection: keep-alive
16:32:02.750 [pool-2-thread-37] DEBUG org.apache.http.headers -- http-outgoing-27 << Keep-Alive: timeout=5
16:32:02.750 [pool-2-thread-37] DEBUG org.apache.http.impl.execchain.MainClientExec -- Connection can be kept alive for 5000 MILLISECONDS
16:32:02.750 [pool-2-thread-37] DEBUG org.apache.http.impl.conn.PoolingHttpClientConnectionManager -- Connection [id: 5][route: {}->http://localhost:3000] can be kept alive for 5.0 seconds
16:32:02.750 [pool-2-thread-37] DEBUG org.apache.http.impl.conn.DefaultManagedHttpClientConnection -- http-outgoing-27: set socket timeout to 0
16:32:02.750 [pool-2-thread-37] DEBUG org.apache.http.impl.conn.PoolingHttpClientConnectionManager -- Connection released: [id: 5][route: {}->http://localhost:3000][total available: 1; route allocated: 1 of 5; total allocated: 1 of 10]
16:32:02.750 [pool-2-thread-37] DEBUG org.apache.http.impl.conn.PoolingHttpClientConnectionManager -- Connection manager is shutting down
16:32:02.750 [pool-2-thread-37] DEBUG org.apache.http.impl.conn.DefaultManagedHttpClientConnection -- http-outgoing-27: Close connection
16:32:02.750 [pool-2-thread-37] DEBUG org.apache.http.impl.conn.PoolingHttpClientConnectionManager -- Connection manager shut down
16:32:02.750 [pool-2-thread-37] DEBUG com.intuit.karate -- response time in milliseconds: 2250
1 < 200
1 < X-Powered-By: Express
1 < Access-Control-Allow-Origin: *
1 < Content-Type: application/json; charset=utf-8
1 < Content-Length: 605
1 < ETag: W/"25d-OM6XXa5AspIbXqjAqyiywC4UWso"
1 < Date: Tue, 24 Jun 2025 09:32:02 GMT
1 < Connection: keep-alive
1 < Keep-Alive: timeout=5
{"access_token":"eyJhbGciOiJIUzI1NiIsInR5cCI6IkpXVCJ9.eyJzdWIiOiI2NTBjZTFlZC1hYWNhLTQzOGYtOTk4OC0xZjA1OGFiNWFhMWEiLCJ1c2VybmFtZSI6ImpvaG5kb2UyNSIsInJvbGUiOjAsImlhdCI6MTc1MDc1NzUyMSwiZXhwIjoxNzUwNzYxMTIxfQ.UPx2VZPRjH0ngMGXJ5MAOHmhKxQ2a14AnOM_7N7O3-8","refresh_token":"f25e167b4eebd34fd259a273c60373a074a7a83a7d9b606c2cc4b5a62cae52fc","user":{"id":"650ce1ed-aaca-438f-9988-1f058ab5aa1a","email":"testit3@gmail.com","username":"johndoe25","name":"John Doe","phoneNumber":"0123456713","profilePic":null,"bio":null,"private":false,"verified":false,"role":0,"followersCount":0,"followingCount":0,"postCount":0}}

16:32:02.754 [pool-2-thread-37] INFO com.intuit.karate -- [print] 50-thread call completed, status: 200 
16:32:02.761 [pool-2-thread-37] DEBUG com.jayway.jsonpath.internal.path.CompiledPath -- Evaluating path: $
16:32:02.763 [pool-2-thread-37] INFO com.intuit.karate -- [print] *** 50-THREAD CONCURRENT API CALL for user: testit3@gmail.com *** 
16:32:02.766 [pool-2-thread-37] DEBUG org.apache.http.client.protocol.RequestAddCookies -- CookieSpec selected: karate
16:32:02.766 [pool-2-thread-37] DEBUG org.apache.http.client.protocol.RequestAuthCache -- Auth cache not set in the context
16:32:02.766 [pool-2-thread-37] DEBUG com.intuit.karate -- request:
1 > POST http://localhost:3000/auth/login
1 > Content-Type: application/json; charset=UTF-8
1 > Content-Length: 54
1 > Host: localhost:3000
1 > Connection: Keep-Alive
1 > User-Agent: Apache-HttpClient/4.5.14 (Java/17.0.9)
1 > Accept-Encoding: gzip,deflate
{"email":"testit3@gmail.com","password":"Password123"}

16:32:02.766 [pool-2-thread-37] DEBUG org.apache.http.impl.conn.PoolingHttpClientConnectionManager -- Connection request: [route: {}->http://localhost:3000][total available: 0; route allocated: 0 of 5; total allocated: 0 of 10]
16:32:02.766 [pool-2-thread-37] DEBUG org.apache.http.impl.conn.PoolingHttpClientConnectionManager -- Connection leased: [id: 56][route: {}->http://localhost:3000][total available: 0; route allocated: 1 of 5; total allocated: 1 of 10]
16:32:02.766 [pool-2-thread-37] DEBUG org.apache.http.impl.execchain.MainClientExec -- Opening connection {}->http://localhost:3000
16:32:02.767 [pool-2-thread-37] DEBUG org.apache.http.impl.conn.DefaultHttpClientConnectionOperator -- Connecting to localhost/127.0.0.1:3000
16:32:02.768 [pool-2-thread-37] DEBUG org.apache.http.impl.conn.DefaultHttpClientConnectionOperator -- Connection established 127.0.0.1:52226<->127.0.0.1:3000
16:32:02.768 [pool-2-thread-37] DEBUG org.apache.http.impl.conn.DefaultManagedHttpClientConnection -- http-outgoing-56: set socket timeout to 30000
16:32:02.768 [pool-2-thread-37] DEBUG org.apache.http.impl.execchain.MainClientExec -- Executing request POST /auth/login HTTP/1.1
16:32:02.768 [pool-2-thread-37] DEBUG org.apache.http.impl.execchain.MainClientExec -- Target auth state: UNCHALLENGED
16:32:02.768 [pool-2-thread-37] DEBUG org.apache.http.impl.execchain.MainClientExec -- Proxy auth state: UNCHALLENGED
16:32:02.768 [pool-2-thread-37] DEBUG org.apache.http.headers -- http-outgoing-56 >> POST /auth/login HTTP/1.1
16:32:02.768 [pool-2-thread-37] DEBUG org.apache.http.headers -- http-outgoing-56 >> Content-Type: application/json; charset=UTF-8
16:32:02.768 [pool-2-thread-37] DEBUG org.apache.http.headers -- http-outgoing-56 >> Content-Length: 54
16:32:02.768 [pool-2-thread-37] DEBUG org.apache.http.headers -- http-outgoing-56 >> Host: localhost:3000
16:32:02.768 [pool-2-thread-37] DEBUG org.apache.http.headers -- http-outgoing-56 >> Connection: Keep-Alive
16:32:02.768 [pool-2-thread-37] DEBUG org.apache.http.headers -- http-outgoing-56 >> User-Agent: Apache-HttpClient/4.5.14 (Java/17.0.9)
16:32:02.768 [pool-2-thread-37] DEBUG org.apache.http.headers -- http-outgoing-56 >> Accept-Encoding: gzip,deflate
16:32:02.768 [pool-2-thread-37] DEBUG org.apache.http.wire -- http-outgoing-56 >> "POST /auth/login HTTP/1.1[\r][\n]"
16:32:02.768 [pool-2-thread-37] DEBUG org.apache.http.wire -- http-outgoing-56 >> "Content-Type: application/json; charset=UTF-8[\r][\n]"
16:32:02.768 [pool-2-thread-37] DEBUG org.apache.http.wire -- http-outgoing-56 >> "Content-Length: 54[\r][\n]"
16:32:02.768 [pool-2-thread-37] DEBUG org.apache.http.wire -- http-outgoing-56 >> "Host: localhost:3000[\r][\n]"
16:32:02.768 [pool-2-thread-37] DEBUG org.apache.http.wire -- http-outgoing-56 >> "Connection: Keep-Alive[\r][\n]"
16:32:02.768 [pool-2-thread-37] DEBUG org.apache.http.wire -- http-outgoing-56 >> "User-Agent: Apache-HttpClient/4.5.14 (Java/17.0.9)[\r][\n]"
16:32:02.768 [pool-2-thread-37] DEBUG org.apache.http.wire -- http-outgoing-56 >> "Accept-Encoding: gzip,deflate[\r][\n]"
16:32:02.768 [pool-2-thread-37] DEBUG org.apache.http.wire -- http-outgoing-56 >> "[\r][\n]"
16:32:02.768 [pool-2-thread-37] DEBUG org.apache.http.wire -- http-outgoing-56 >> "{"email":"testit3@gmail.com","password":"Password123"}"
16:32:02.773 [pool-2-thread-3] DEBUG org.apache.http.wire -- http-outgoing-35 << "HTTP/1.1 200 OK[\r][\n]"
16:32:02.773 [pool-2-thread-3] DEBUG org.apache.http.wire -- http-outgoing-35 << "X-Powered-By: Express[\r][\n]"
16:32:02.773 [pool-2-thread-3] DEBUG org.apache.http.wire -- http-outgoing-35 << "Access-Control-Allow-Origin: *[\r][\n]"
16:32:02.773 [pool-2-thread-3] DEBUG org.apache.http.wire -- http-outgoing-35 << "Content-Type: application/json; charset=utf-8[\r][\n]"
16:32:02.773 [pool-2-thread-3] DEBUG org.apache.http.wire -- http-outgoing-35 << "Content-Length: 599[\r][\n]"
16:32:02.773 [pool-2-thread-3] DEBUG org.apache.http.wire -- http-outgoing-35 << "ETag: W/"257-zL0yMlaEgWjJBOPDZfw3v0IWZAU"[\r][\n]"
16:32:02.773 [pool-2-thread-3] DEBUG org.apache.http.wire -- http-outgoing-35 << "Date: Tue, 24 Jun 2025 09:32:02 GMT[\r][\n]"
16:32:02.773 [pool-2-thread-3] DEBUG org.apache.http.wire -- http-outgoing-35 << "Connection: keep-alive[\r][\n]"
16:32:02.773 [pool-2-thread-3] DEBUG org.apache.http.wire -- http-outgoing-35 << "Keep-Alive: timeout=5[\r][\n]"
16:32:02.773 [pool-2-thread-3] DEBUG org.apache.http.wire -- http-outgoing-35 << "[\r][\n]"
16:32:02.773 [pool-2-thread-3] DEBUG org.apache.http.wire -- http-outgoing-35 << "{"access_token":"eyJhbGciOiJIUzI1NiIsInR5cCI6IkpXVCJ9.eyJzdWIiOiIyZGRhMDQzOS01MTgwLTQ1YWEtOTE3Zi1lNjMyZTQ1YThlNDEiLCJ1c2VybmFtZSI6ImpvaG5kb2UiLCJyb2xlIjowLCJpYXQiOjE3NTA3NTc1MjEsImV4cCI6MTc1MDc2MTEyMX0.9s2tQJQVo6XNZb4LC8yqCsOdEpbI0DLk9CRUudDmGTQ","refresh_token":"712555d2082e8adb8aac4cf4d2df3164f3f20f1077d3d62bf830ef2e9d31c080","user":{"id":"2dda0439-5180-45aa-917f-e632e45a8e41","email":"test@example.com","username":"johndoe","name":"John Doe","phoneNumber":"0987654321","profilePic":null,"bio":null,"private":false,"verified":false,"role":0,"followersCount":0,"followingCount":0,"postCount":0}}"
16:32:02.773 [pool-2-thread-3] DEBUG org.apache.http.headers -- http-outgoing-35 << HTTP/1.1 200 OK
16:32:02.773 [pool-2-thread-3] DEBUG org.apache.http.headers -- http-outgoing-35 << X-Powered-By: Express
16:32:02.773 [pool-2-thread-3] DEBUG org.apache.http.headers -- http-outgoing-35 << Access-Control-Allow-Origin: *
16:32:02.773 [pool-2-thread-3] DEBUG org.apache.http.headers -- http-outgoing-35 << Content-Type: application/json; charset=utf-8
16:32:02.773 [pool-2-thread-3] DEBUG org.apache.http.headers -- http-outgoing-35 << Content-Length: 599
16:32:02.773 [pool-2-thread-3] DEBUG org.apache.http.headers -- http-outgoing-35 << ETag: W/"257-zL0yMlaEgWjJBOPDZfw3v0IWZAU"
16:32:02.773 [pool-2-thread-3] DEBUG org.apache.http.headers -- http-outgoing-35 << Date: Tue, 24 Jun 2025 09:32:02 GMT
16:32:02.773 [pool-2-thread-3] DEBUG org.apache.http.headers -- http-outgoing-35 << Connection: keep-alive
16:32:02.773 [pool-2-thread-3] DEBUG org.apache.http.headers -- http-outgoing-35 << Keep-Alive: timeout=5
16:32:02.773 [pool-2-thread-3] DEBUG org.apache.http.impl.execchain.MainClientExec -- Connection can be kept alive for 5000 MILLISECONDS
16:32:02.773 [pool-2-thread-3] DEBUG org.apache.http.impl.conn.PoolingHttpClientConnectionManager -- Connection [id: 21][route: {}->http://localhost:3000] can be kept alive for 5.0 seconds
16:32:02.773 [pool-2-thread-3] DEBUG org.apache.http.impl.conn.DefaultManagedHttpClientConnection -- http-outgoing-35: set socket timeout to 0
16:32:02.773 [pool-2-thread-3] DEBUG org.apache.http.impl.conn.PoolingHttpClientConnectionManager -- Connection released: [id: 21][route: {}->http://localhost:3000][total available: 1; route allocated: 1 of 5; total allocated: 1 of 10]
16:32:02.773 [pool-2-thread-3] DEBUG org.apache.http.impl.conn.PoolingHttpClientConnectionManager -- Connection manager is shutting down
16:32:02.773 [pool-2-thread-3] DEBUG org.apache.http.impl.conn.DefaultManagedHttpClientConnection -- http-outgoing-35: Close connection
16:32:02.773 [pool-2-thread-3] DEBUG org.apache.http.impl.conn.PoolingHttpClientConnectionManager -- Connection manager shut down
16:32:02.774 [pool-2-thread-3] DEBUG com.intuit.karate -- response time in milliseconds: 2274
1 < 200
1 < X-Powered-By: Express
1 < Access-Control-Allow-Origin: *
1 < Content-Type: application/json; charset=utf-8
1 < Content-Length: 599
1 < ETag: W/"257-zL0yMlaEgWjJBOPDZfw3v0IWZAU"
1 < Date: Tue, 24 Jun 2025 09:32:02 GMT
1 < Connection: keep-alive
1 < Keep-Alive: timeout=5
{"access_token":"eyJhbGciOiJIUzI1NiIsInR5cCI6IkpXVCJ9.eyJzdWIiOiIyZGRhMDQzOS01MTgwLTQ1YWEtOTE3Zi1lNjMyZTQ1YThlNDEiLCJ1c2VybmFtZSI6ImpvaG5kb2UiLCJyb2xlIjowLCJpYXQiOjE3NTA3NTc1MjEsImV4cCI6MTc1MDc2MTEyMX0.9s2tQJQVo6XNZb4LC8yqCsOdEpbI0DLk9CRUudDmGTQ","refresh_token":"712555d2082e8adb8aac4cf4d2df3164f3f20f1077d3d62bf830ef2e9d31c080","user":{"id":"2dda0439-5180-45aa-917f-e632e45a8e41","email":"test@example.com","username":"johndoe","name":"John Doe","phoneNumber":"0987654321","profilePic":null,"bio":null,"private":false,"verified":false,"role":0,"followersCount":0,"followingCount":0,"postCount":0}}

16:32:02.777 [pool-2-thread-3] INFO com.intuit.karate -- [print] 50-thread call completed, status: 200 
16:32:02.787 [pool-2-thread-3] DEBUG com.jayway.jsonpath.internal.path.CompiledPath -- Evaluating path: $
16:32:02.788 [pool-2-thread-3] INFO com.intuit.karate -- [print] *** 50-THREAD CONCURRENT API CALL for user: testit5@gmail.com *** 
16:32:02.792 [pool-2-thread-3] DEBUG org.apache.http.client.protocol.RequestAddCookies -- CookieSpec selected: karate
16:32:02.792 [pool-2-thread-3] DEBUG org.apache.http.client.protocol.RequestAuthCache -- Auth cache not set in the context
16:32:02.792 [pool-2-thread-3] DEBUG com.intuit.karate -- request:
1 > POST http://localhost:3000/auth/login
1 > Content-Type: application/json; charset=UTF-8
1 > Content-Length: 54
1 > Host: localhost:3000
1 > Connection: Keep-Alive
1 > User-Agent: Apache-HttpClient/4.5.14 (Java/17.0.9)
1 > Accept-Encoding: gzip,deflate
{"email":"testit5@gmail.com","password":"Password123"}

16:32:02.792 [pool-2-thread-3] DEBUG org.apache.http.impl.conn.PoolingHttpClientConnectionManager -- Connection request: [route: {}->http://localhost:3000][total available: 0; route allocated: 0 of 5; total allocated: 0 of 10]
16:32:02.792 [pool-2-thread-3] DEBUG org.apache.http.impl.conn.PoolingHttpClientConnectionManager -- Connection leased: [id: 57][route: {}->http://localhost:3000][total available: 0; route allocated: 1 of 5; total allocated: 1 of 10]
16:32:02.792 [pool-2-thread-3] DEBUG org.apache.http.impl.execchain.MainClientExec -- Opening connection {}->http://localhost:3000
16:32:02.793 [pool-2-thread-3] DEBUG org.apache.http.impl.conn.DefaultHttpClientConnectionOperator -- Connecting to localhost/127.0.0.1:3000
16:32:02.794 [pool-2-thread-3] DEBUG org.apache.http.impl.conn.DefaultHttpClientConnectionOperator -- Connection established 127.0.0.1:52227<->127.0.0.1:3000
16:32:02.794 [pool-2-thread-3] DEBUG org.apache.http.impl.conn.DefaultManagedHttpClientConnection -- http-outgoing-57: set socket timeout to 30000
16:32:02.794 [pool-2-thread-3] DEBUG org.apache.http.impl.execchain.MainClientExec -- Executing request POST /auth/login HTTP/1.1
16:32:02.794 [pool-2-thread-3] DEBUG org.apache.http.impl.execchain.MainClientExec -- Target auth state: UNCHALLENGED
16:32:02.794 [pool-2-thread-3] DEBUG org.apache.http.impl.execchain.MainClientExec -- Proxy auth state: UNCHALLENGED
16:32:02.794 [pool-2-thread-3] DEBUG org.apache.http.headers -- http-outgoing-57 >> POST /auth/login HTTP/1.1
16:32:02.794 [pool-2-thread-3] DEBUG org.apache.http.headers -- http-outgoing-57 >> Content-Type: application/json; charset=UTF-8
16:32:02.794 [pool-2-thread-3] DEBUG org.apache.http.headers -- http-outgoing-57 >> Content-Length: 54
16:32:02.794 [pool-2-thread-3] DEBUG org.apache.http.headers -- http-outgoing-57 >> Host: localhost:3000
16:32:02.794 [pool-2-thread-3] DEBUG org.apache.http.headers -- http-outgoing-57 >> Connection: Keep-Alive
16:32:02.794 [pool-2-thread-3] DEBUG org.apache.http.headers -- http-outgoing-57 >> User-Agent: Apache-HttpClient/4.5.14 (Java/17.0.9)
16:32:02.794 [pool-2-thread-3] DEBUG org.apache.http.headers -- http-outgoing-57 >> Accept-Encoding: gzip,deflate
16:32:02.794 [pool-2-thread-3] DEBUG org.apache.http.wire -- http-outgoing-57 >> "POST /auth/login HTTP/1.1[\r][\n]"
16:32:02.794 [pool-2-thread-3] DEBUG org.apache.http.wire -- http-outgoing-57 >> "Content-Type: application/json; charset=UTF-8[\r][\n]"
16:32:02.794 [pool-2-thread-3] DEBUG org.apache.http.wire -- http-outgoing-57 >> "Content-Length: 54[\r][\n]"
16:32:02.794 [pool-2-thread-3] DEBUG org.apache.http.wire -- http-outgoing-57 >> "Host: localhost:3000[\r][\n]"
16:32:02.794 [pool-2-thread-3] DEBUG org.apache.http.wire -- http-outgoing-57 >> "Connection: Keep-Alive[\r][\n]"
16:32:02.794 [pool-2-thread-3] DEBUG org.apache.http.wire -- http-outgoing-57 >> "User-Agent: Apache-HttpClient/4.5.14 (Java/17.0.9)[\r][\n]"
16:32:02.794 [pool-2-thread-3] DEBUG org.apache.http.wire -- http-outgoing-57 >> "Accept-Encoding: gzip,deflate[\r][\n]"
16:32:02.794 [pool-2-thread-3] DEBUG org.apache.http.wire -- http-outgoing-57 >> "[\r][\n]"
16:32:02.794 [pool-2-thread-3] DEBUG org.apache.http.wire -- http-outgoing-57 >> "{"email":"testit5@gmail.com","password":"Password123"}"
16:32:03.628 [pool-2-thread-46] DEBUG org.apache.http.wire -- http-outgoing-16 << "HTTP/1.1 200 OK[\r][\n]"
16:32:03.628 [pool-2-thread-46] DEBUG org.apache.http.wire -- http-outgoing-16 << "X-Powered-By: Express[\r][\n]"
16:32:03.628 [pool-2-thread-46] DEBUG org.apache.http.wire -- http-outgoing-16 << "Access-Control-Allow-Origin: *[\r][\n]"
16:32:03.628 [pool-2-thread-46] DEBUG org.apache.http.wire -- http-outgoing-16 << "Content-Type: application/json; charset=utf-8[\r][\n]"
16:32:03.628 [pool-2-thread-46] DEBUG org.apache.http.wire -- http-outgoing-16 << "Content-Length: 607[\r][\n]"
16:32:03.628 [pool-2-thread-46] DEBUG org.apache.http.wire -- http-outgoing-16 << "ETag: W/"25f-hSlygraLRIev4FmsUdyt/2xUC8E"[\r][\n]"
16:32:03.628 [pool-2-thread-46] DEBUG org.apache.http.wire -- http-outgoing-16 << "Date: Tue, 24 Jun 2025 09:32:03 GMT[\r][\n]"
16:32:03.628 [pool-2-thread-46] DEBUG org.apache.http.wire -- http-outgoing-16 << "Connection: keep-alive[\r][\n]"
16:32:03.628 [pool-2-thread-46] DEBUG org.apache.http.wire -- http-outgoing-16 << "Keep-Alive: timeout=5[\r][\n]"
16:32:03.628 [pool-2-thread-46] DEBUG org.apache.http.wire -- http-outgoing-16 << "[\r][\n]"
16:32:03.628 [pool-2-thread-46] DEBUG org.apache.http.wire -- http-outgoing-16 << "{"access_token":"eyJhbGciOiJIUzI1NiIsInR5cCI6IkpXVCJ9.eyJzdWIiOiI5YTI2OTc2Yy0xNTMyLTRkZjMtYTE2ZS03NjMxNTI1Yzg1MDIiLCJ1c2VybmFtZSI6ImpvaG5kb2UyZDUiLCJyb2xlIjowLCJpYXQiOjE3NTA3NTc1MjIsImV4cCI6MTc1MDc2MTEyMn0.bwbqHNja6SHu-1-580Em6I6SETKvorfKMLHe5xFuQ7E","refresh_token":"7ed7caa7eddddc43e6259c278639d0f178a5c055eb542f35c7c5c7846ef0bc99","user":{"id":"9a26976c-1532-4df3-a16e-7631525c8502","email":"testit4@gmail.com","username":"johndoe2d5","name":"John Doe","phoneNumber":"0123456212","profilePic":null,"bio":null,"private":false,"verified":false,"role":0,"followersCount":0,"followingCount":0,"postCount":0}}"
16:32:03.628 [pool-2-thread-46] DEBUG org.apache.http.headers -- http-outgoing-16 << HTTP/1.1 200 OK
16:32:03.628 [pool-2-thread-46] DEBUG org.apache.http.headers -- http-outgoing-16 << X-Powered-By: Express
16:32:03.628 [pool-2-thread-46] DEBUG org.apache.http.headers -- http-outgoing-16 << Access-Control-Allow-Origin: *
16:32:03.628 [pool-2-thread-46] DEBUG org.apache.http.headers -- http-outgoing-16 << Content-Type: application/json; charset=utf-8
16:32:03.628 [pool-2-thread-46] DEBUG org.apache.http.headers -- http-outgoing-16 << Content-Length: 607
16:32:03.628 [pool-2-thread-46] DEBUG org.apache.http.headers -- http-outgoing-16 << ETag: W/"25f-hSlygraLRIev4FmsUdyt/2xUC8E"
16:32:03.628 [pool-2-thread-46] DEBUG org.apache.http.headers -- http-outgoing-16 << Date: Tue, 24 Jun 2025 09:32:03 GMT
16:32:03.628 [pool-2-thread-46] DEBUG org.apache.http.headers -- http-outgoing-16 << Connection: keep-alive
16:32:03.628 [pool-2-thread-46] DEBUG org.apache.http.headers -- http-outgoing-16 << Keep-Alive: timeout=5
16:32:03.628 [pool-2-thread-46] DEBUG org.apache.http.impl.execchain.MainClientExec -- Connection can be kept alive for 5000 MILLISECONDS
16:32:03.628 [pool-2-thread-46] DEBUG org.apache.http.impl.conn.PoolingHttpClientConnectionManager -- Connection [id: 38][route: {}->http://localhost:3000] can be kept alive for 5.0 seconds
16:32:03.628 [pool-2-thread-46] DEBUG org.apache.http.impl.conn.DefaultManagedHttpClientConnection -- http-outgoing-16: set socket timeout to 0
16:32:03.630 [pool-2-thread-46] DEBUG org.apache.http.impl.conn.PoolingHttpClientConnectionManager -- Connection released: [id: 38][route: {}->http://localhost:3000][total available: 1; route allocated: 1 of 5; total allocated: 1 of 10]
16:32:03.630 [pool-2-thread-46] DEBUG org.apache.http.impl.conn.PoolingHttpClientConnectionManager -- Connection manager is shutting down
16:32:03.630 [pool-2-thread-46] DEBUG org.apache.http.impl.conn.DefaultManagedHttpClientConnection -- http-outgoing-16: Close connection
16:32:03.630 [pool-2-thread-46] DEBUG org.apache.http.impl.conn.PoolingHttpClientConnectionManager -- Connection manager shut down
16:32:03.630 [pool-2-thread-46] DEBUG com.intuit.karate -- response time in milliseconds: 3126
1 < 200
1 < X-Powered-By: Express
1 < Access-Control-Allow-Origin: *
1 < Content-Type: application/json; charset=utf-8
1 < Content-Length: 607
1 < ETag: W/"25f-hSlygraLRIev4FmsUdyt/2xUC8E"
1 < Date: Tue, 24 Jun 2025 09:32:03 GMT
1 < Connection: keep-alive
1 < Keep-Alive: timeout=5
{"access_token":"eyJhbGciOiJIUzI1NiIsInR5cCI6IkpXVCJ9.eyJzdWIiOiI5YTI2OTc2Yy0xNTMyLTRkZjMtYTE2ZS03NjMxNTI1Yzg1MDIiLCJ1c2VybmFtZSI6ImpvaG5kb2UyZDUiLCJyb2xlIjowLCJpYXQiOjE3NTA3NTc1MjIsImV4cCI6MTc1MDc2MTEyMn0.bwbqHNja6SHu-1-580Em6I6SETKvorfKMLHe5xFuQ7E","refresh_token":"7ed7caa7eddddc43e6259c278639d0f178a5c055eb542f35c7c5c7846ef0bc99","user":{"id":"9a26976c-1532-4df3-a16e-7631525c8502","email":"testit4@gmail.com","username":"johndoe2d5","name":"John Doe","phoneNumber":"0123456212","profilePic":null,"bio":null,"private":false,"verified":false,"role":0,"followersCount":0,"followingCount":0,"postCount":0}}

16:32:03.631 [pool-2-thread-46] INFO com.intuit.karate -- [print] 50-thread call completed, status: 200 
16:32:03.634 [pool-2-thread-46] DEBUG com.jayway.jsonpath.internal.path.CompiledPath -- Evaluating path: $
16:32:03.635 [pool-2-thread-46] INFO com.intuit.karate -- [print] *** 50-THREAD CONCURRENT API CALL for user: testit@gmail.com *** 
16:32:03.636 [pool-2-thread-46] DEBUG org.apache.http.client.protocol.RequestAddCookies -- CookieSpec selected: karate
16:32:03.636 [pool-2-thread-46] DEBUG org.apache.http.client.protocol.RequestAuthCache -- Auth cache not set in the context
16:32:03.636 [pool-2-thread-46] DEBUG com.intuit.karate -- request:
1 > POST http://localhost:3000/auth/login
1 > Content-Type: application/json; charset=UTF-8
1 > Content-Length: 53
1 > Host: localhost:3000
1 > Connection: Keep-Alive
1 > User-Agent: Apache-HttpClient/4.5.14 (Java/17.0.9)
1 > Accept-Encoding: gzip,deflate
{"email":"testit@gmail.com","password":"Password123"}

16:32:03.638 [pool-2-thread-46] DEBUG org.apache.http.impl.conn.PoolingHttpClientConnectionManager -- Connection request: [route: {}->http://localhost:3000][total available: 0; route allocated: 0 of 5; total allocated: 0 of 10]
16:32:03.638 [pool-2-thread-46] DEBUG org.apache.http.impl.conn.PoolingHttpClientConnectionManager -- Connection leased: [id: 58][route: {}->http://localhost:3000][total available: 0; route allocated: 1 of 5; total allocated: 1 of 10]
16:32:03.638 [pool-2-thread-46] DEBUG org.apache.http.impl.execchain.MainClientExec -- Opening connection {}->http://localhost:3000
16:32:03.638 [pool-2-thread-46] DEBUG org.apache.http.impl.conn.DefaultHttpClientConnectionOperator -- Connecting to localhost/127.0.0.1:3000
16:32:03.638 [pool-2-thread-46] DEBUG org.apache.http.impl.conn.DefaultHttpClientConnectionOperator -- Connection established 127.0.0.1:52228<->127.0.0.1:3000
16:32:03.638 [pool-2-thread-46] DEBUG org.apache.http.impl.conn.DefaultManagedHttpClientConnection -- http-outgoing-58: set socket timeout to 30000
16:32:03.638 [pool-2-thread-46] DEBUG org.apache.http.impl.execchain.MainClientExec -- Executing request POST /auth/login HTTP/1.1
16:32:03.638 [pool-2-thread-46] DEBUG org.apache.http.impl.execchain.MainClientExec -- Target auth state: UNCHALLENGED
16:32:03.638 [pool-2-thread-46] DEBUG org.apache.http.impl.execchain.MainClientExec -- Proxy auth state: UNCHALLENGED
16:32:03.638 [pool-2-thread-46] DEBUG org.apache.http.headers -- http-outgoing-58 >> POST /auth/login HTTP/1.1
16:32:03.638 [pool-2-thread-46] DEBUG org.apache.http.headers -- http-outgoing-58 >> Content-Type: application/json; charset=UTF-8
16:32:03.638 [pool-2-thread-46] DEBUG org.apache.http.headers -- http-outgoing-58 >> Content-Length: 53
16:32:03.638 [pool-2-thread-46] DEBUG org.apache.http.headers -- http-outgoing-58 >> Host: localhost:3000
16:32:03.638 [pool-2-thread-46] DEBUG org.apache.http.headers -- http-outgoing-58 >> Connection: Keep-Alive
16:32:03.638 [pool-2-thread-46] DEBUG org.apache.http.headers -- http-outgoing-58 >> User-Agent: Apache-HttpClient/4.5.14 (Java/17.0.9)
16:32:03.638 [pool-2-thread-46] DEBUG org.apache.http.headers -- http-outgoing-58 >> Accept-Encoding: gzip,deflate
16:32:03.638 [pool-2-thread-46] DEBUG org.apache.http.wire -- http-outgoing-58 >> "POST /auth/login HTTP/1.1[\r][\n]"
16:32:03.638 [pool-2-thread-46] DEBUG org.apache.http.wire -- http-outgoing-58 >> "Content-Type: application/json; charset=UTF-8[\r][\n]"
16:32:03.638 [pool-2-thread-46] DEBUG org.apache.http.wire -- http-outgoing-58 >> "Content-Length: 53[\r][\n]"
16:32:03.638 [pool-2-thread-46] DEBUG org.apache.http.wire -- http-outgoing-58 >> "Host: localhost:3000[\r][\n]"
16:32:03.638 [pool-2-thread-46] DEBUG org.apache.http.wire -- http-outgoing-58 >> "Connection: Keep-Alive[\r][\n]"
16:32:03.638 [pool-2-thread-46] DEBUG org.apache.http.wire -- http-outgoing-58 >> "User-Agent: Apache-HttpClient/4.5.14 (Java/17.0.9)[\r][\n]"
16:32:03.638 [pool-2-thread-46] DEBUG org.apache.http.wire -- http-outgoing-58 >> "Accept-Encoding: gzip,deflate[\r][\n]"
16:32:03.638 [pool-2-thread-46] DEBUG org.apache.http.wire -- http-outgoing-58 >> "[\r][\n]"
16:32:03.638 [pool-2-thread-46] DEBUG org.apache.http.wire -- http-outgoing-58 >> "{"email":"testit@gmail.com","password":"Password123"}"
16:32:03.735 [pool-2-thread-41] DEBUG org.apache.http.wire -- http-outgoing-0 << "HTTP/1.1 200 OK[\r][\n]"
16:32:03.735 [pool-2-thread-41] DEBUG org.apache.http.wire -- http-outgoing-0 << "X-Powered-By: Express[\r][\n]"
16:32:03.735 [pool-2-thread-41] DEBUG org.apache.http.wire -- http-outgoing-0 << "Access-Control-Allow-Origin: *[\r][\n]"
16:32:03.735 [pool-2-thread-41] DEBUG org.apache.http.wire -- http-outgoing-0 << "Content-Type: application/json; charset=utf-8[\r][\n]"
16:32:03.735 [pool-2-thread-41] DEBUG org.apache.http.wire -- http-outgoing-0 << "Content-Length: 708[\r][\n]"
16:32:03.735 [pool-2-thread-41] DEBUG org.apache.http.wire -- http-outgoing-0 << "ETag: W/"2c4-OfqIv61zc8WOOdAYCQsVfzBiynk"[\r][\n]"
16:32:03.735 [pool-2-thread-41] DEBUG org.apache.http.wire -- http-outgoing-0 << "Date: Tue, 24 Jun 2025 09:32:03 GMT[\r][\n]"
16:32:03.735 [pool-2-thread-41] DEBUG org.apache.http.wire -- http-outgoing-0 << "Connection: keep-alive[\r][\n]"
16:32:03.736 [pool-2-thread-41] DEBUG org.apache.http.wire -- http-outgoing-0 << "Keep-Alive: timeout=5[\r][\n]"
16:32:03.736 [pool-2-thread-41] DEBUG org.apache.http.wire -- http-outgoing-0 << "[\r][\n]"
16:32:03.736 [pool-2-thread-41] DEBUG org.apache.http.wire -- http-outgoing-0 << "{"access_token":"eyJhbGciOiJIUzI1NiIsInR5cCI6IkpXVCJ9.eyJzdWIiOiIwODUxNWIwNS0yZDNlLTQ3ODktYWQ2MC1kYjM1NTI1YTQ5NzAiLCJ1c2VybmFtZSI6Im5hbSIsInJvbGUiOjAsImlhdCI6MTc1MDc1NzUyMiwiZXhwIjoxNzUwNzYxMTIyfQ.REGOLANI12qFA9fO7DsB3dS4njiEqMjhiWkJRo4mq4A","refresh_token":"76e82ac6046941f7ba2d25a547f92e0b633ac4a2be7aaddb945c961e7e348992","user":{"id":"08515b05-2d3e-4789-ad60-db35525a4970","email":"nam@gmail.com","username":"nam","name":"nam","phoneNumber":"0123456789","profilePic":"https://res.cloudinary.com/dizcvrefo/image/upload/v1749266646/nestjs_uploads/zk9zrpeidnovxibfqdxr.png","bio":"Chu tich hoi dong Quan tri 1","private":false,"verified":false,"role":0,"followersCount":2,"followingCount":5,"postCount":13}}"
16:32:03.736 [pool-2-thread-41] DEBUG org.apache.http.headers -- http-outgoing-0 << HTTP/1.1 200 OK
16:32:03.736 [pool-2-thread-41] DEBUG org.apache.http.headers -- http-outgoing-0 << X-Powered-By: Express
16:32:03.736 [pool-2-thread-41] DEBUG org.apache.http.headers -- http-outgoing-0 << Access-Control-Allow-Origin: *
16:32:03.736 [pool-2-thread-41] DEBUG org.apache.http.headers -- http-outgoing-0 << Content-Type: application/json; charset=utf-8
16:32:03.736 [pool-2-thread-41] DEBUG org.apache.http.headers -- http-outgoing-0 << Content-Length: 708
16:32:03.736 [pool-2-thread-41] DEBUG org.apache.http.headers -- http-outgoing-0 << ETag: W/"2c4-OfqIv61zc8WOOdAYCQsVfzBiynk"
16:32:03.736 [pool-2-thread-41] DEBUG org.apache.http.headers -- http-outgoing-0 << Date: Tue, 24 Jun 2025 09:32:03 GMT
16:32:03.736 [pool-2-thread-41] DEBUG org.apache.http.headers -- http-outgoing-0 << Connection: keep-alive
16:32:03.736 [pool-2-thread-41] DEBUG org.apache.http.headers -- http-outgoing-0 << Keep-Alive: timeout=5
16:32:03.736 [pool-2-thread-41] DEBUG org.apache.http.impl.execchain.MainClientExec -- Connection can be kept alive for 5000 MILLISECONDS
16:32:03.736 [pool-2-thread-41] DEBUG org.apache.http.impl.conn.PoolingHttpClientConnectionManager -- Connection [id: 40][route: {}->http://localhost:3000] can be kept alive for 5.0 seconds
16:32:03.736 [pool-2-thread-41] DEBUG org.apache.http.impl.conn.DefaultManagedHttpClientConnection -- http-outgoing-0: set socket timeout to 0
16:32:03.736 [pool-2-thread-41] DEBUG org.apache.http.impl.conn.PoolingHttpClientConnectionManager -- Connection released: [id: 40][route: {}->http://localhost:3000][total available: 1; route allocated: 1 of 5; total allocated: 1 of 10]
16:32:03.736 [pool-2-thread-41] DEBUG org.apache.http.impl.conn.PoolingHttpClientConnectionManager -- Connection manager is shutting down
16:32:03.736 [pool-2-thread-41] DEBUG org.apache.http.impl.conn.DefaultManagedHttpClientConnection -- http-outgoing-0: Close connection
16:32:03.736 [pool-2-thread-41] DEBUG org.apache.http.impl.conn.PoolingHttpClientConnectionManager -- Connection manager shut down
16:32:03.736 [pool-2-thread-41] DEBUG com.intuit.karate -- response time in milliseconds: 3231
1 < 200
1 < X-Powered-By: Express
1 < Access-Control-Allow-Origin: *
1 < Content-Type: application/json; charset=utf-8
1 < Content-Length: 708
1 < ETag: W/"2c4-OfqIv61zc8WOOdAYCQsVfzBiynk"
1 < Date: Tue, 24 Jun 2025 09:32:03 GMT
1 < Connection: keep-alive
1 < Keep-Alive: timeout=5
{"access_token":"eyJhbGciOiJIUzI1NiIsInR5cCI6IkpXVCJ9.eyJzdWIiOiIwODUxNWIwNS0yZDNlLTQ3ODktYWQ2MC1kYjM1NTI1YTQ5NzAiLCJ1c2VybmFtZSI6Im5hbSIsInJvbGUiOjAsImlhdCI6MTc1MDc1NzUyMiwiZXhwIjoxNzUwNzYxMTIyfQ.REGOLANI12qFA9fO7DsB3dS4njiEqMjhiWkJRo4mq4A","refresh_token":"76e82ac6046941f7ba2d25a547f92e0b633ac4a2be7aaddb945c961e7e348992","user":{"id":"08515b05-2d3e-4789-ad60-db35525a4970","email":"nam@gmail.com","username":"nam","name":"nam","phoneNumber":"0123456789","profilePic":"https://res.cloudinary.com/dizcvrefo/image/upload/v1749266646/nestjs_uploads/zk9zrpeidnovxibfqdxr.png","bio":"Chu tich hoi dong Quan tri 1","private":false,"verified":false,"role":0,"followersCount":2,"followingCount":5,"postCount":13}}

16:32:03.739 [pool-2-thread-41] INFO com.intuit.karate -- [print] 50-thread call completed, status: 200 
16:32:03.748 [pool-2-thread-41] DEBUG com.jayway.jsonpath.internal.path.CompiledPath -- Evaluating path: $
16:32:03.748 [pool-2-thread-14] DEBUG org.apache.http.wire -- http-outgoing-36 << "HTTP/1.1 200 OK[\r][\n]"
16:32:03.748 [pool-2-thread-14] DEBUG org.apache.http.wire -- http-outgoing-36 << "X-Powered-By: Express[\r][\n]"
16:32:03.748 [pool-2-thread-14] DEBUG org.apache.http.wire -- http-outgoing-36 << "Access-Control-Allow-Origin: *[\r][\n]"
16:32:03.748 [pool-2-thread-48] DEBUG org.apache.http.wire -- http-outgoing-23 << "HTTP/1.1 200 OK[\r][\n]"
16:32:03.748 [pool-2-thread-48] DEBUG org.apache.http.wire -- http-outgoing-23 << "X-Powered-By: Express[\r][\n]"
16:32:03.748 [pool-2-thread-48] DEBUG org.apache.http.wire -- http-outgoing-23 << "Access-Control-Allow-Origin: *[\r][\n]"
16:32:03.748 [pool-2-thread-48] DEBUG org.apache.http.wire -- http-outgoing-23 << "Content-Type: application/json; charset=utf-8[\r][\n]"
16:32:03.748 [pool-2-thread-48] DEBUG org.apache.http.wire -- http-outgoing-23 << "Content-Length: 609[\r][\n]"
16:32:03.748 [pool-2-thread-48] DEBUG org.apache.http.wire -- http-outgoing-23 << "ETag: W/"261-I0qU6BWeFrcLCDxnkqCeY39OFkk"[\r][\n]"
16:32:03.748 [pool-2-thread-48] DEBUG org.apache.http.wire -- http-outgoing-23 << "Date: Tue, 24 Jun 2025 09:32:03 GMT[\r][\n]"
16:32:03.748 [pool-2-thread-48] DEBUG org.apache.http.wire -- http-outgoing-23 << "Connection: keep-alive[\r][\n]"
16:32:03.748 [pool-2-thread-48] DEBUG org.apache.http.wire -- http-outgoing-23 << "Keep-Alive: timeout=5[\r][\n]"
16:32:03.748 [pool-2-thread-48] DEBUG org.apache.http.wire -- http-outgoing-23 << "[\r][\n]"
16:32:03.748 [pool-2-thread-48] DEBUG org.apache.http.wire -- http-outgoing-23 << "{"access_token":"eyJhbGciOiJIUzI1NiIsInR5cCI6IkpXVCJ9.eyJzdWIiOiIyNzJmNmI1NS01MTc5LTRhZTMtODU2My1iNGVjMTBmNzY3MTUiLCJ1c2VybmFtZSI6ImpvaG5kb2UyZDVkIiwicm9sZSI6MCwiaWF0IjoxNzUwNzU3NTIyLCJleHAiOjE3NTA3NjExMjJ9.TN-YZDMhVq_xWWF-dDhbj_bu0D6CVoh1iaZ8QLmDTN8","refresh_token":"6854a7bb36aa6fcc4d87ec2e9da81e8c2c716579fa038a3ad9d7a35c7c92de23","user":{"id":"272f6b55-5179-4ae3-8563-b4ec10f76715","email":"testit5@gmail.com","username":"johndoe2d5d","name":"John Doe","phoneNumber":"0123456132","profilePic":null,"bio":null,"private":false,"verified":false,"role":0,"followersCount":0,"followingCount":0,"postCount":0}}"
16:32:03.748 [pool-2-thread-14] DEBUG org.apache.http.wire -- http-outgoing-36 << "Content-Type: application/json; charset=utf-8[\r][\n]"
16:32:03.748 [pool-2-thread-14] DEBUG org.apache.http.wire -- http-outgoing-36 << "Content-Length: 608[\r][\n]"
16:32:03.748 [pool-2-thread-14] DEBUG org.apache.http.wire -- http-outgoing-36 << "ETag: W/"260-BGWqrN6CWrHK2EeI2nM2h/ZBUu4"[\r][\n]"
16:32:03.748 [pool-2-thread-14] DEBUG org.apache.http.wire -- http-outgoing-36 << "Date: Tue, 24 Jun 2025 09:32:03 GMT[\r][\n]"
16:32:03.748 [pool-2-thread-14] DEBUG org.apache.http.wire -- http-outgoing-36 << "Connection: keep-alive[\r][\n]"
16:32:03.748 [pool-2-thread-14] DEBUG org.apache.http.wire -- http-outgoing-36 << "Keep-Alive: timeout=5[\r][\n]"
16:32:03.748 [pool-2-thread-48] DEBUG org.apache.http.headers -- http-outgoing-23 << HTTP/1.1 200 OK
16:32:03.749 [pool-2-thread-14] DEBUG org.apache.http.wire -- http-outgoing-36 << "[\r][\n]"
16:32:03.749 [pool-2-thread-48] DEBUG org.apache.http.headers -- http-outgoing-23 << X-Powered-By: Express
16:32:03.749 [pool-2-thread-48] DEBUG org.apache.http.headers -- http-outgoing-23 << Access-Control-Allow-Origin: *
16:32:03.749 [pool-2-thread-48] DEBUG org.apache.http.headers -- http-outgoing-23 << Content-Type: application/json; charset=utf-8
16:32:03.749 [pool-2-thread-48] DEBUG org.apache.http.headers -- http-outgoing-23 << Content-Length: 609
16:32:03.749 [pool-2-thread-48] DEBUG org.apache.http.headers -- http-outgoing-23 << ETag: W/"261-I0qU6BWeFrcLCDxnkqCeY39OFkk"
16:32:03.749 [pool-2-thread-48] DEBUG org.apache.http.headers -- http-outgoing-23 << Date: Tue, 24 Jun 2025 09:32:03 GMT
16:32:03.749 [pool-2-thread-14] DEBUG org.apache.http.wire -- http-outgoing-36 << "{"access_token":"eyJhbGciOiJIUzI1NiIsInR5cCI6IkpXVCJ9.eyJzdWIiOiI4YTI0NzQ2MS01YzA0LTQyMWQtOThmNS1mYTljNzM0ZmFlYTUiLCJ1c2VybmFtZSI6ImphbmVzbWl0aCIsInJvbGUiOjAsImlhdCI6MTc1MDc1NzUyMiwiZXhwIjoxNzUwNzYxMTIyfQ.1L8ixxWhyInADnML8qODlGldOTq6_WOIzZoUpKTBC-0","refresh_token":"6fa2571421fe161793484ec390bff8ce231340dd6cfa16315685042b42f3fb3e","user":{"id":"8a247461-5c04-421d-98f5-fa9c734faea5","email":"test2@example.com","username":"janesmith","name":"Jane Smith","phoneNumber":"01234567890","profilePic":null,"bio":null,"private":false,"verified":false,"role":0,"followersCount":0,"followingCount":0,"postCount":0}}"
16:32:03.749 [pool-2-thread-48] DEBUG org.apache.http.headers -- http-outgoing-23 << Connection: keep-alive
16:32:03.749 [pool-2-thread-48] DEBUG org.apache.http.headers -- http-outgoing-23 << Keep-Alive: timeout=5
16:32:03.749 [pool-2-thread-14] DEBUG org.apache.http.headers -- http-outgoing-36 << HTTP/1.1 200 OK
16:32:03.749 [pool-2-thread-14] DEBUG org.apache.http.headers -- http-outgoing-36 << X-Powered-By: Express
16:32:03.749 [pool-2-thread-14] DEBUG org.apache.http.headers -- http-outgoing-36 << Access-Control-Allow-Origin: *
16:32:03.749 [pool-2-thread-14] DEBUG org.apache.http.headers -- http-outgoing-36 << Content-Type: application/json; charset=utf-8
16:32:03.749 [pool-2-thread-14] DEBUG org.apache.http.headers -- http-outgoing-36 << Content-Length: 608
16:32:03.749 [pool-2-thread-14] DEBUG org.apache.http.headers -- http-outgoing-36 << ETag: W/"260-BGWqrN6CWrHK2EeI2nM2h/ZBUu4"
16:32:03.749 [pool-2-thread-14] DEBUG org.apache.http.headers -- http-outgoing-36 << Date: Tue, 24 Jun 2025 09:32:03 GMT
16:32:03.749 [pool-2-thread-14] DEBUG org.apache.http.headers -- http-outgoing-36 << Connection: keep-alive
16:32:03.749 [pool-2-thread-14] DEBUG org.apache.http.headers -- http-outgoing-36 << Keep-Alive: timeout=5
16:32:03.749 [pool-2-thread-14] DEBUG org.apache.http.impl.execchain.MainClientExec -- Connection can be kept alive for 5000 MILLISECONDS
16:32:03.749 [pool-2-thread-48] DEBUG org.apache.http.impl.execchain.MainClientExec -- Connection can be kept alive for 5000 MILLISECONDS
16:32:03.749 [pool-2-thread-48] DEBUG org.apache.http.impl.conn.PoolingHttpClientConnectionManager -- Connection [id: 25][route: {}->http://localhost:3000] can be kept alive for 5.0 seconds
16:32:03.749 [pool-2-thread-48] DEBUG org.apache.http.impl.conn.DefaultManagedHttpClientConnection -- http-outgoing-23: set socket timeout to 0
16:32:03.749 [pool-2-thread-14] DEBUG org.apache.http.impl.conn.PoolingHttpClientConnectionManager -- Connection [id: 39][route: {}->http://localhost:3000] can be kept alive for 5.0 seconds
16:32:03.749 [pool-2-thread-14] DEBUG org.apache.http.impl.conn.DefaultManagedHttpClientConnection -- http-outgoing-36: set socket timeout to 0
16:32:03.749 [pool-2-thread-14] DEBUG org.apache.http.impl.conn.PoolingHttpClientConnectionManager -- Connection released: [id: 39][route: {}->http://localhost:3000][total available: 1; route allocated: 1 of 5; total allocated: 1 of 10]
16:32:03.749 [pool-2-thread-14] DEBUG org.apache.http.impl.conn.PoolingHttpClientConnectionManager -- Connection manager is shutting down
16:32:03.749 [pool-2-thread-14] DEBUG org.apache.http.impl.conn.DefaultManagedHttpClientConnection -- http-outgoing-36: Close connection
16:32:03.750 [pool-2-thread-14] DEBUG org.apache.http.impl.conn.PoolingHttpClientConnectionManager -- Connection manager shut down
16:32:03.750 [pool-2-thread-14] DEBUG com.intuit.karate -- response time in milliseconds: 3250
1 < 200
1 < X-Powered-By: Express
1 < Access-Control-Allow-Origin: *
1 < Content-Type: application/json; charset=utf-8
1 < Content-Length: 608
1 < ETag: W/"260-BGWqrN6CWrHK2EeI2nM2h/ZBUu4"
1 < Date: Tue, 24 Jun 2025 09:32:03 GMT
1 < Connection: keep-alive
1 < Keep-Alive: timeout=5
{"access_token":"eyJhbGciOiJIUzI1NiIsInR5cCI6IkpXVCJ9.eyJzdWIiOiI4YTI0NzQ2MS01YzA0LTQyMWQtOThmNS1mYTljNzM0ZmFlYTUiLCJ1c2VybmFtZSI6ImphbmVzbWl0aCIsInJvbGUiOjAsImlhdCI6MTc1MDc1NzUyMiwiZXhwIjoxNzUwNzYxMTIyfQ.1L8ixxWhyInADnML8qODlGldOTq6_WOIzZoUpKTBC-0","refresh_token":"6fa2571421fe161793484ec390bff8ce231340dd6cfa16315685042b42f3fb3e","user":{"id":"8a247461-5c04-421d-98f5-fa9c734faea5","email":"test2@example.com","username":"janesmith","name":"Jane Smith","phoneNumber":"01234567890","profilePic":null,"bio":null,"private":false,"verified":false,"role":0,"followersCount":0,"followingCount":0,"postCount":0}}

16:32:03.750 [pool-2-thread-48] DEBUG org.apache.http.impl.conn.PoolingHttpClientConnectionManager -- Connection released: [id: 25][route: {}->http://localhost:3000][total available: 1; route allocated: 1 of 5; total allocated: 1 of 10]
16:32:03.750 [pool-2-thread-48] DEBUG org.apache.http.impl.conn.PoolingHttpClientConnectionManager -- Connection manager is shutting down
16:32:03.750 [pool-2-thread-48] DEBUG org.apache.http.impl.conn.DefaultManagedHttpClientConnection -- http-outgoing-23: Close connection
16:32:03.750 [pool-2-thread-48] DEBUG org.apache.http.impl.conn.PoolingHttpClientConnectionManager -- Connection manager shut down
16:32:03.750 [pool-2-thread-48] DEBUG com.intuit.karate -- response time in milliseconds: 3250
1 < 200
1 < X-Powered-By: Express
1 < Access-Control-Allow-Origin: *
1 < Content-Type: application/json; charset=utf-8
1 < Content-Length: 609
1 < ETag: W/"261-I0qU6BWeFrcLCDxnkqCeY39OFkk"
1 < Date: Tue, 24 Jun 2025 09:32:03 GMT
1 < Connection: keep-alive
1 < Keep-Alive: timeout=5
{"access_token":"eyJhbGciOiJIUzI1NiIsInR5cCI6IkpXVCJ9.eyJzdWIiOiIyNzJmNmI1NS01MTc5LTRhZTMtODU2My1iNGVjMTBmNzY3MTUiLCJ1c2VybmFtZSI6ImpvaG5kb2UyZDVkIiwicm9sZSI6MCwiaWF0IjoxNzUwNzU3NTIyLCJleHAiOjE3NTA3NjExMjJ9.TN-YZDMhVq_xWWF-dDhbj_bu0D6CVoh1iaZ8QLmDTN8","refresh_token":"6854a7bb36aa6fcc4d87ec2e9da81e8c2c716579fa038a3ad9d7a35c7c92de23","user":{"id":"272f6b55-5179-4ae3-8563-b4ec10f76715","email":"testit5@gmail.com","username":"johndoe2d5d","name":"John Doe","phoneNumber":"0123456132","profilePic":null,"bio":null,"private":false,"verified":false,"role":0,"followersCount":0,"followingCount":0,"postCount":0}}

16:32:03.750 [pool-2-thread-41] INFO com.intuit.karate -- [print] *** 50-THREAD CONCURRENT API CALL for user: testit2@gmail.com *** 
16:32:03.752 [pool-2-thread-14] INFO com.intuit.karate -- [print] 50-thread call completed, status: 200 
16:32:03.752 [pool-2-thread-48] INFO com.intuit.karate -- [print] 50-thread call completed, status: 200 
16:32:03.754 [pool-2-thread-41] DEBUG org.apache.http.client.protocol.RequestAddCookies -- CookieSpec selected: karate
16:32:03.754 [pool-2-thread-41] DEBUG org.apache.http.client.protocol.RequestAuthCache -- Auth cache not set in the context
16:32:03.754 [pool-2-thread-41] DEBUG com.intuit.karate -- request:
1 > POST http://localhost:3000/auth/login
1 > Content-Type: application/json; charset=UTF-8
1 > Content-Length: 54
1 > Host: localhost:3000
1 > Connection: Keep-Alive
1 > User-Agent: Apache-HttpClient/4.5.14 (Java/17.0.9)
1 > Accept-Encoding: gzip,deflate
{"email":"testit2@gmail.com","password":"Password123"}

16:32:03.754 [pool-2-thread-41] DEBUG org.apache.http.impl.conn.PoolingHttpClientConnectionManager -- Connection request: [route: {}->http://localhost:3000][total available: 0; route allocated: 0 of 5; total allocated: 0 of 10]
16:32:03.755 [pool-2-thread-41] DEBUG org.apache.http.impl.conn.PoolingHttpClientConnectionManager -- Connection leased: [id: 59][route: {}->http://localhost:3000][total available: 0; route allocated: 1 of 5; total allocated: 1 of 10]
16:32:03.755 [pool-2-thread-41] DEBUG org.apache.http.impl.execchain.MainClientExec -- Opening connection {}->http://localhost:3000
16:32:03.755 [pool-2-thread-41] DEBUG org.apache.http.impl.conn.DefaultHttpClientConnectionOperator -- Connecting to localhost/127.0.0.1:3000
16:32:03.755 [pool-2-thread-41] DEBUG org.apache.http.impl.conn.DefaultHttpClientConnectionOperator -- Connection established 127.0.0.1:52229<->127.0.0.1:3000
16:32:03.755 [pool-2-thread-41] DEBUG org.apache.http.impl.conn.DefaultManagedHttpClientConnection -- http-outgoing-59: set socket timeout to 30000
16:32:03.755 [pool-2-thread-41] DEBUG org.apache.http.impl.execchain.MainClientExec -- Executing request POST /auth/login HTTP/1.1
16:32:03.755 [pool-2-thread-41] DEBUG org.apache.http.impl.execchain.MainClientExec -- Target auth state: UNCHALLENGED
16:32:03.755 [pool-2-thread-41] DEBUG org.apache.http.impl.execchain.MainClientExec -- Proxy auth state: UNCHALLENGED
16:32:03.755 [pool-2-thread-41] DEBUG org.apache.http.headers -- http-outgoing-59 >> POST /auth/login HTTP/1.1
16:32:03.755 [pool-2-thread-41] DEBUG org.apache.http.headers -- http-outgoing-59 >> Content-Type: application/json; charset=UTF-8
16:32:03.755 [pool-2-thread-41] DEBUG org.apache.http.headers -- http-outgoing-59 >> Content-Length: 54
16:32:03.755 [pool-2-thread-41] DEBUG org.apache.http.headers -- http-outgoing-59 >> Host: localhost:3000
16:32:03.755 [pool-2-thread-41] DEBUG org.apache.http.headers -- http-outgoing-59 >> Connection: Keep-Alive
16:32:03.755 [pool-2-thread-41] DEBUG org.apache.http.headers -- http-outgoing-59 >> User-Agent: Apache-HttpClient/4.5.14 (Java/17.0.9)
16:32:03.755 [pool-2-thread-41] DEBUG org.apache.http.headers -- http-outgoing-59 >> Accept-Encoding: gzip,deflate
16:32:03.755 [pool-2-thread-41] DEBUG org.apache.http.wire -- http-outgoing-59 >> "POST /auth/login HTTP/1.1[\r][\n]"
16:32:03.755 [pool-2-thread-41] DEBUG org.apache.http.wire -- http-outgoing-59 >> "Content-Type: application/json; charset=UTF-8[\r][\n]"
16:32:03.755 [pool-2-thread-41] DEBUG org.apache.http.wire -- http-outgoing-59 >> "Content-Length: 54[\r][\n]"
16:32:03.755 [pool-2-thread-41] DEBUG org.apache.http.wire -- http-outgoing-59 >> "Host: localhost:3000[\r][\n]"
16:32:03.755 [pool-2-thread-41] DEBUG org.apache.http.wire -- http-outgoing-59 >> "Connection: Keep-Alive[\r][\n]"
16:32:03.755 [pool-2-thread-41] DEBUG org.apache.http.wire -- http-outgoing-59 >> "User-Agent: Apache-HttpClient/4.5.14 (Java/17.0.9)[\r][\n]"
16:32:03.755 [pool-2-thread-41] DEBUG org.apache.http.wire -- http-outgoing-59 >> "Accept-Encoding: gzip,deflate[\r][\n]"
16:32:03.755 [pool-2-thread-41] DEBUG org.apache.http.wire -- http-outgoing-59 >> "[\r][\n]"
16:32:03.755 [pool-2-thread-41] DEBUG org.apache.http.wire -- http-outgoing-59 >> "{"email":"testit2@gmail.com","password":"Password123"}"
16:32:03.757 [pool-2-thread-25] DEBUG org.apache.http.wire -- http-outgoing-38 << "HTTP/1.1 200 OK[\r][\n]"
16:32:03.757 [pool-2-thread-25] DEBUG org.apache.http.wire -- http-outgoing-38 << "X-Powered-By: Express[\r][\n]"
16:32:03.757 [pool-2-thread-25] DEBUG org.apache.http.wire -- http-outgoing-38 << "Access-Control-Allow-Origin: *[\r][\n]"
16:32:03.757 [pool-2-thread-25] DEBUG org.apache.http.wire -- http-outgoing-38 << "Content-Type: application/json; charset=utf-8[\r][\n]"
16:32:03.757 [pool-2-thread-25] DEBUG org.apache.http.wire -- http-outgoing-38 << "Content-Length: 607[\r][\n]"
16:32:03.757 [pool-2-thread-25] DEBUG org.apache.http.wire -- http-outgoing-38 << "ETag: W/"25f-UfqqOXUrG0EnEJx0Wtzj7Y2cU+8"[\r][\n]"
16:32:03.757 [pool-2-thread-25] DEBUG org.apache.http.wire -- http-outgoing-38 << "Date: Tue, 24 Jun 2025 09:32:03 GMT[\r][\n]"
16:32:03.757 [pool-2-thread-25] DEBUG org.apache.http.wire -- http-outgoing-38 << "Connection: keep-alive[\r][\n]"
16:32:03.757 [pool-2-thread-25] DEBUG org.apache.http.wire -- http-outgoing-38 << "Keep-Alive: timeout=5[\r][\n]"
16:32:03.757 [pool-2-thread-25] DEBUG org.apache.http.wire -- http-outgoing-38 << "[\r][\n]"
16:32:03.757 [pool-2-thread-25] DEBUG org.apache.http.wire -- http-outgoing-38 << "{"access_token":"eyJhbGciOiJIUzI1NiIsInR5cCI6IkpXVCJ9.eyJzdWIiOiJjMjE0MjJkZi1jY2VjLTQ0MGUtOWE0Mi1jMWI4MmFiZjczM2QiLCJ1c2VybmFtZSI6ImpvaG5kb2UyOCIsInJvbGUiOjAsImlhdCI6MTc1MDc1NzUyMiwiZXhwIjoxNzUwNzYxMTIyfQ.4V2rnsonm2gV3inbmv7Q7MehGHHJmeR4AT8p-Cax7rw","refresh_token":"d44052db4e7600d320dd94b94c14089b92eb2894e300c901ad26e0e903a09d36","user":{"id":"c21422df-ccec-440e-9a42-c1b82abf733d","email":"test28@example.com","username":"johndoe28","name":"John Doe","phoneNumber":"84987654321","profilePic":null,"bio":null,"private":false,"verified":false,"role":0,"followersCount":0,"followingCount":0,"postCount":0}}"
16:32:03.757 [pool-2-thread-25] DEBUG org.apache.http.headers -- http-outgoing-38 << HTTP/1.1 200 OK
16:32:03.757 [pool-2-thread-25] DEBUG org.apache.http.headers -- http-outgoing-38 << X-Powered-By: Express
16:32:03.757 [pool-2-thread-25] DEBUG org.apache.http.headers -- http-outgoing-38 << Access-Control-Allow-Origin: *
16:32:03.757 [pool-2-thread-25] DEBUG org.apache.http.headers -- http-outgoing-38 << Content-Type: application/json; charset=utf-8
16:32:03.757 [pool-2-thread-25] DEBUG org.apache.http.headers -- http-outgoing-38 << Content-Length: 607
16:32:03.757 [pool-2-thread-25] DEBUG org.apache.http.headers -- http-outgoing-38 << ETag: W/"25f-UfqqOXUrG0EnEJx0Wtzj7Y2cU+8"
16:32:03.757 [pool-2-thread-25] DEBUG org.apache.http.headers -- http-outgoing-38 << Date: Tue, 24 Jun 2025 09:32:03 GMT
16:32:03.757 [pool-2-thread-25] DEBUG org.apache.http.headers -- http-outgoing-38 << Connection: keep-alive
16:32:03.757 [pool-2-thread-25] DEBUG org.apache.http.headers -- http-outgoing-38 << Keep-Alive: timeout=5
16:32:03.757 [pool-2-thread-25] DEBUG org.apache.http.impl.execchain.MainClientExec -- Connection can be kept alive for 5000 MILLISECONDS
16:32:03.757 [pool-2-thread-25] DEBUG org.apache.http.impl.conn.PoolingHttpClientConnectionManager -- Connection [id: 11][route: {}->http://localhost:3000] can be kept alive for 5.0 seconds
16:32:03.757 [pool-2-thread-25] DEBUG org.apache.http.impl.conn.DefaultManagedHttpClientConnection -- http-outgoing-38: set socket timeout to 0
16:32:03.757 [pool-2-thread-25] DEBUG org.apache.http.impl.conn.PoolingHttpClientConnectionManager -- Connection released: [id: 11][route: {}->http://localhost:3000][total available: 1; route allocated: 1 of 5; total allocated: 1 of 10]
16:32:03.757 [pool-2-thread-25] DEBUG org.apache.http.impl.conn.PoolingHttpClientConnectionManager -- Connection manager is shutting down
16:32:03.757 [pool-2-thread-25] DEBUG org.apache.http.impl.conn.DefaultManagedHttpClientConnection -- http-outgoing-38: Close connection
16:32:03.757 [pool-2-thread-25] DEBUG org.apache.http.impl.conn.PoolingHttpClientConnectionManager -- Connection manager shut down
16:32:03.757 [pool-2-thread-25] DEBUG com.intuit.karate -- response time in milliseconds: 3256
1 < 200
1 < X-Powered-By: Express
1 < Access-Control-Allow-Origin: *
1 < Content-Type: application/json; charset=utf-8
1 < Content-Length: 607
1 < ETag: W/"25f-UfqqOXUrG0EnEJx0Wtzj7Y2cU+8"
1 < Date: Tue, 24 Jun 2025 09:32:03 GMT
1 < Connection: keep-alive
1 < Keep-Alive: timeout=5
{"access_token":"eyJhbGciOiJIUzI1NiIsInR5cCI6IkpXVCJ9.eyJzdWIiOiJjMjE0MjJkZi1jY2VjLTQ0MGUtOWE0Mi1jMWI4MmFiZjczM2QiLCJ1c2VybmFtZSI6ImpvaG5kb2UyOCIsInJvbGUiOjAsImlhdCI6MTc1MDc1NzUyMiwiZXhwIjoxNzUwNzYxMTIyfQ.4V2rnsonm2gV3inbmv7Q7MehGHHJmeR4AT8p-Cax7rw","refresh_token":"d44052db4e7600d320dd94b94c14089b92eb2894e300c901ad26e0e903a09d36","user":{"id":"c21422df-ccec-440e-9a42-c1b82abf733d","email":"test28@example.com","username":"johndoe28","name":"John Doe","phoneNumber":"84987654321","profilePic":null,"bio":null,"private":false,"verified":false,"role":0,"followersCount":0,"followingCount":0,"postCount":0}}

16:32:03.760 [pool-2-thread-48] DEBUG com.jayway.jsonpath.internal.path.CompiledPath -- Evaluating path: $
16:32:03.760 [pool-2-thread-25] INFO com.intuit.karate -- [print] 50-thread call completed, status: 200 
16:32:03.760 [pool-2-thread-14] DEBUG com.jayway.jsonpath.internal.path.CompiledPath -- Evaluating path: $
16:32:03.761 [pool-2-thread-48] INFO com.intuit.karate -- [print] *** 50-THREAD CONCURRENT API CALL for user: nam@gmail.com *** 
16:32:03.762 [pool-2-thread-14] INFO com.intuit.karate -- [print] *** 50-THREAD CONCURRENT API CALL for user: quang1@gmail.com *** 
16:32:03.764 [pool-2-thread-48] DEBUG org.apache.http.client.protocol.RequestAddCookies -- CookieSpec selected: karate
16:32:03.764 [pool-2-thread-48] DEBUG org.apache.http.client.protocol.RequestAuthCache -- Auth cache not set in the context
16:32:03.764 [pool-2-thread-14] DEBUG org.apache.http.client.protocol.RequestAddCookies -- CookieSpec selected: karate
16:32:03.764 [pool-2-thread-48] DEBUG com.intuit.karate -- request:
1 > POST http://localhost:3000/auth/login
1 > Content-Type: application/json; charset=UTF-8
1 > Content-Length: 45
1 > Host: localhost:3000
1 > Connection: Keep-Alive
1 > User-Agent: Apache-HttpClient/4.5.14 (Java/17.0.9)
1 > Accept-Encoding: gzip,deflate
{"email":"nam@gmail.com","password":"123456"}

16:32:03.764 [pool-2-thread-14] DEBUG org.apache.http.client.protocol.RequestAuthCache -- Auth cache not set in the context
16:32:03.764 [pool-2-thread-14] DEBUG com.intuit.karate -- request:
1 > POST http://localhost:3000/auth/login
1 > Content-Type: application/json; charset=UTF-8
1 > Content-Length: 48
1 > Host: localhost:3000
1 > Connection: Keep-Alive
1 > User-Agent: Apache-HttpClient/4.5.14 (Java/17.0.9)
1 > Accept-Encoding: gzip,deflate
{"email":"quang1@gmail.com","password":"quang1"}

16:32:03.764 [pool-2-thread-48] DEBUG org.apache.http.impl.conn.PoolingHttpClientConnectionManager -- Connection request: [route: {}->http://localhost:3000][total available: 0; route allocated: 0 of 5; total allocated: 0 of 10]
16:32:03.764 [pool-2-thread-14] DEBUG org.apache.http.impl.conn.PoolingHttpClientConnectionManager -- Connection request: [route: {}->http://localhost:3000][total available: 0; route allocated: 0 of 5; total allocated: 0 of 10]
16:32:03.764 [pool-2-thread-14] DEBUG org.apache.http.impl.conn.PoolingHttpClientConnectionManager -- Connection leased: [id: 60][route: {}->http://localhost:3000][total available: 0; route allocated: 1 of 5; total allocated: 1 of 10]
16:32:03.764 [pool-2-thread-48] DEBUG org.apache.http.impl.conn.PoolingHttpClientConnectionManager -- Connection leased: [id: 61][route: {}->http://localhost:3000][total available: 0; route allocated: 1 of 5; total allocated: 1 of 10]
16:32:03.765 [pool-2-thread-14] DEBUG org.apache.http.impl.execchain.MainClientExec -- Opening connection {}->http://localhost:3000
16:32:03.765 [pool-2-thread-48] DEBUG org.apache.http.impl.execchain.MainClientExec -- Opening connection {}->http://localhost:3000
16:32:03.765 [pool-2-thread-14] DEBUG org.apache.http.impl.conn.DefaultHttpClientConnectionOperator -- Connecting to localhost/127.0.0.1:3000
16:32:03.765 [pool-2-thread-48] DEBUG org.apache.http.impl.conn.DefaultHttpClientConnectionOperator -- Connecting to localhost/127.0.0.1:3000
16:32:03.765 [pool-2-thread-32] DEBUG org.apache.http.wire -- http-outgoing-20 << "HTTP/1.1 200 OK[\r][\n]"
16:32:03.765 [pool-2-thread-32] DEBUG org.apache.http.wire -- http-outgoing-20 << "X-Powered-By: Express[\r][\n]"
16:32:03.765 [pool-2-thread-32] DEBUG org.apache.http.wire -- http-outgoing-20 << "Access-Control-Allow-Origin: *[\r][\n]"
16:32:03.765 [pool-2-thread-32] DEBUG org.apache.http.wire -- http-outgoing-20 << "Content-Type: application/json; charset=utf-8[\r][\n]"
16:32:03.765 [pool-2-thread-32] DEBUG org.apache.http.wire -- http-outgoing-20 << "Content-Length: 715[\r][\n]"
16:32:03.765 [pool-2-thread-32] DEBUG org.apache.http.wire -- http-outgoing-20 << "ETag: W/"2cb-SqLsU0NIVFb7b7Cp6YXay27n6Ew"[\r][\n]"
16:32:03.765 [pool-2-thread-32] DEBUG org.apache.http.wire -- http-outgoing-20 << "Date: Tue, 24 Jun 2025 09:32:03 GMT[\r][\n]"
16:32:03.765 [pool-2-thread-32] DEBUG org.apache.http.wire -- http-outgoing-20 << "Connection: keep-alive[\r][\n]"
16:32:03.765 [pool-2-thread-32] DEBUG org.apache.http.wire -- http-outgoing-20 << "Keep-Alive: timeout=5[\r][\n]"
16:32:03.765 [pool-2-thread-32] DEBUG org.apache.http.wire -- http-outgoing-20 << "[\r][\n]"
16:32:03.765 [pool-2-thread-14] DEBUG org.apache.http.impl.conn.DefaultHttpClientConnectionOperator -- Connection established 127.0.0.1:52231<->127.0.0.1:3000
16:32:03.765 [pool-2-thread-48] DEBUG org.apache.http.impl.conn.DefaultHttpClientConnectionOperator -- Connection established 127.0.0.1:52230<->127.0.0.1:3000
16:32:03.765 [pool-2-thread-32] DEBUG org.apache.http.wire -- http-outgoing-20 << "{"access_token":"eyJhbGciOiJIUzI1NiIsInR5cCI6IkpXVCJ9.eyJzdWIiOiIyYjg0YWEyNC02NjhhLTQwZTItYWYxYy1hZDRmYzRmYTVhNmYiLCJ1c2VybmFtZSI6InF1YW5nMSIsInJvbGUiOjAsImlhdCI6MTc1MDc1NzUyMiwiZXhwIjoxNzUwNzYxMTIyfQ.pGegBq-zv70AbkPYCL5ZWPmi6zK3IAUB01PeVt5LBQM","refresh_token":"c6644a327bd11ecbd7e6079ee6443db87140de42af2b65abe008f5fa9f37de3b","user":{"id":"2b84aa24-668a-40e2-af1c-ad4fc4fa5a6f","email":"quang1@gmail.com","username":"quang1","name":"quang1","phoneNumber":"09874563210","profilePic":"https://res.cloudinary.com/dizcvrefo/image/upload/v1749027586/nestjs_uploads/xehairydt9rzlbmbmv4c.jpg","bio":"Thang Nam Lao Vua Thoi","private":false,"verified":false,"role":0,"followersCount":2,"followingCount":3,"postCount":2}}"
16:32:03.765 [pool-2-thread-14] DEBUG org.apache.http.impl.conn.DefaultManagedHttpClientConnection -- http-outgoing-60: set socket timeout to 30000
16:32:03.765 [pool-2-thread-14] DEBUG org.apache.http.impl.execchain.MainClientExec -- Executing request POST /auth/login HTTP/1.1
16:32:03.765 [pool-2-thread-14] DEBUG org.apache.http.impl.execchain.MainClientExec -- Target auth state: UNCHALLENGED
16:32:03.765 [pool-2-thread-32] DEBUG org.apache.http.headers -- http-outgoing-20 << HTTP/1.1 200 OK
16:32:03.765 [pool-2-thread-14] DEBUG org.apache.http.impl.execchain.MainClientExec -- Proxy auth state: UNCHALLENGED
16:32:03.765 [pool-2-thread-32] DEBUG org.apache.http.headers -- http-outgoing-20 << X-Powered-By: Express
16:32:03.765 [pool-2-thread-32] DEBUG org.apache.http.headers -- http-outgoing-20 << Access-Control-Allow-Origin: *
16:32:03.765 [pool-2-thread-32] DEBUG org.apache.http.headers -- http-outgoing-20 << Content-Type: application/json; charset=utf-8
16:32:03.765 [pool-2-thread-32] DEBUG org.apache.http.headers -- http-outgoing-20 << Content-Length: 715
16:32:03.765 [pool-2-thread-32] DEBUG org.apache.http.headers -- http-outgoing-20 << ETag: W/"2cb-SqLsU0NIVFb7b7Cp6YXay27n6Ew"
16:32:03.765 [pool-2-thread-32] DEBUG org.apache.http.headers -- http-outgoing-20 << Date: Tue, 24 Jun 2025 09:32:03 GMT
16:32:03.765 [pool-2-thread-14] DEBUG org.apache.http.headers -- http-outgoing-60 >> POST /auth/login HTTP/1.1
16:32:03.765 [pool-2-thread-48] DEBUG org.apache.http.impl.conn.DefaultManagedHttpClientConnection -- http-outgoing-61: set socket timeout to 30000
16:32:03.765 [pool-2-thread-48] DEBUG org.apache.http.impl.execchain.MainClientExec -- Executing request POST /auth/login HTTP/1.1
16:32:03.765 [pool-2-thread-48] DEBUG org.apache.http.impl.execchain.MainClientExec -- Target auth state: UNCHALLENGED
16:32:03.765 [pool-2-thread-48] DEBUG org.apache.http.impl.execchain.MainClientExec -- Proxy auth state: UNCHALLENGED
16:32:03.765 [pool-2-thread-48] DEBUG org.apache.http.headers -- http-outgoing-61 >> POST /auth/login HTTP/1.1
16:32:03.765 [pool-2-thread-48] DEBUG org.apache.http.headers -- http-outgoing-61 >> Content-Type: application/json; charset=UTF-8
16:32:03.765 [pool-2-thread-48] DEBUG org.apache.http.headers -- http-outgoing-61 >> Content-Length: 45
16:32:03.765 [pool-2-thread-48] DEBUG org.apache.http.headers -- http-outgoing-61 >> Host: localhost:3000
16:32:03.765 [pool-2-thread-48] DEBUG org.apache.http.headers -- http-outgoing-61 >> Connection: Keep-Alive
16:32:03.765 [pool-2-thread-48] DEBUG org.apache.http.headers -- http-outgoing-61 >> User-Agent: Apache-HttpClient/4.5.14 (Java/17.0.9)
16:32:03.765 [pool-2-thread-48] DEBUG org.apache.http.headers -- http-outgoing-61 >> Accept-Encoding: gzip,deflate
16:32:03.765 [pool-2-thread-48] DEBUG org.apache.http.wire -- http-outgoing-61 >> "POST /auth/login HTTP/1.1[\r][\n]"
16:32:03.765 [pool-2-thread-48] DEBUG org.apache.http.wire -- http-outgoing-61 >> "Content-Type: application/json; charset=UTF-8[\r][\n]"
16:32:03.765 [pool-2-thread-48] DEBUG org.apache.http.wire -- http-outgoing-61 >> "Content-Length: 45[\r][\n]"
16:32:03.765 [pool-2-thread-48] DEBUG org.apache.http.wire -- http-outgoing-61 >> "Host: localhost:3000[\r][\n]"
16:32:03.765 [pool-2-thread-48] DEBUG org.apache.http.wire -- http-outgoing-61 >> "Connection: Keep-Alive[\r][\n]"
16:32:03.765 [pool-2-thread-48] DEBUG org.apache.http.wire -- http-outgoing-61 >> "User-Agent: Apache-HttpClient/4.5.14 (Java/17.0.9)[\r][\n]"
16:32:03.765 [pool-2-thread-48] DEBUG org.apache.http.wire -- http-outgoing-61 >> "Accept-Encoding: gzip,deflate[\r][\n]"
16:32:03.765 [pool-2-thread-48] DEBUG org.apache.http.wire -- http-outgoing-61 >> "[\r][\n]"
16:32:03.765 [pool-2-thread-48] DEBUG org.apache.http.wire -- http-outgoing-61 >> "{"email":"nam@gmail.com","password":"123456"}"
16:32:03.765 [pool-2-thread-32] DEBUG org.apache.http.headers -- http-outgoing-20 << Connection: keep-alive
16:32:03.765 [pool-2-thread-32] DEBUG org.apache.http.headers -- http-outgoing-20 << Keep-Alive: timeout=5
16:32:03.765 [pool-2-thread-14] DEBUG org.apache.http.headers -- http-outgoing-60 >> Content-Type: application/json; charset=UTF-8
16:32:03.767 [pool-2-thread-14] DEBUG org.apache.http.headers -- http-outgoing-60 >> Content-Length: 48
16:32:03.767 [pool-2-thread-14] DEBUG org.apache.http.headers -- http-outgoing-60 >> Host: localhost:3000
16:32:03.767 [pool-2-thread-14] DEBUG org.apache.http.headers -- http-outgoing-60 >> Connection: Keep-Alive
16:32:03.767 [pool-2-thread-14] DEBUG org.apache.http.headers -- http-outgoing-60 >> User-Agent: Apache-HttpClient/4.5.14 (Java/17.0.9)
16:32:03.767 [pool-2-thread-14] DEBUG org.apache.http.headers -- http-outgoing-60 >> Accept-Encoding: gzip,deflate
16:32:03.767 [pool-2-thread-32] DEBUG org.apache.http.impl.execchain.MainClientExec -- Connection can be kept alive for 5000 MILLISECONDS
16:32:03.767 [pool-2-thread-14] DEBUG org.apache.http.wire -- http-outgoing-60 >> "POST /auth/login HTTP/1.1[\r][\n]"
16:32:03.767 [pool-2-thread-14] DEBUG org.apache.http.wire -- http-outgoing-60 >> "Content-Type: application/json; charset=UTF-8[\r][\n]"
16:32:03.767 [pool-2-thread-14] DEBUG org.apache.http.wire -- http-outgoing-60 >> "Content-Length: 48[\r][\n]"
16:32:03.767 [pool-2-thread-14] DEBUG org.apache.http.wire -- http-outgoing-60 >> "Host: localhost:3000[\r][\n]"
16:32:03.767 [pool-2-thread-14] DEBUG org.apache.http.wire -- http-outgoing-60 >> "Connection: Keep-Alive[\r][\n]"
16:32:03.767 [pool-2-thread-14] DEBUG org.apache.http.wire -- http-outgoing-60 >> "User-Agent: Apache-HttpClient/4.5.14 (Java/17.0.9)[\r][\n]"
16:32:03.767 [pool-2-thread-14] DEBUG org.apache.http.wire -- http-outgoing-60 >> "Accept-Encoding: gzip,deflate[\r][\n]"
16:32:03.767 [pool-2-thread-14] DEBUG org.apache.http.wire -- http-outgoing-60 >> "[\r][\n]"
16:32:03.767 [pool-2-thread-14] DEBUG org.apache.http.wire -- http-outgoing-60 >> "{"email":"quang1@gmail.com","password":"quang1"}"
16:32:03.767 [pool-2-thread-32] DEBUG org.apache.http.impl.conn.PoolingHttpClientConnectionManager -- Connection [id: 4][route: {}->http://localhost:3000] can be kept alive for 5.0 seconds
16:32:03.767 [pool-2-thread-32] DEBUG org.apache.http.impl.conn.DefaultManagedHttpClientConnection -- http-outgoing-20: set socket timeout to 0
16:32:03.767 [pool-2-thread-32] DEBUG org.apache.http.impl.conn.PoolingHttpClientConnectionManager -- Connection released: [id: 4][route: {}->http://localhost:3000][total available: 1; route allocated: 1 of 5; total allocated: 1 of 10]
16:32:03.767 [pool-2-thread-32] DEBUG org.apache.http.impl.conn.PoolingHttpClientConnectionManager -- Connection manager is shutting down
16:32:03.767 [pool-2-thread-32] DEBUG org.apache.http.impl.conn.DefaultManagedHttpClientConnection -- http-outgoing-20: Close connection
16:32:03.767 [pool-2-thread-32] DEBUG org.apache.http.impl.conn.PoolingHttpClientConnectionManager -- Connection manager shut down
16:32:03.767 [pool-2-thread-32] DEBUG com.intuit.karate -- response time in milliseconds: 3266
1 < 200
1 < X-Powered-By: Express
1 < Access-Control-Allow-Origin: *
1 < Content-Type: application/json; charset=utf-8
1 < Content-Length: 715
1 < ETag: W/"2cb-SqLsU0NIVFb7b7Cp6YXay27n6Ew"
1 < Date: Tue, 24 Jun 2025 09:32:03 GMT
1 < Connection: keep-alive
1 < Keep-Alive: timeout=5
{"access_token":"eyJhbGciOiJIUzI1NiIsInR5cCI6IkpXVCJ9.eyJzdWIiOiIyYjg0YWEyNC02NjhhLTQwZTItYWYxYy1hZDRmYzRmYTVhNmYiLCJ1c2VybmFtZSI6InF1YW5nMSIsInJvbGUiOjAsImlhdCI6MTc1MDc1NzUyMiwiZXhwIjoxNzUwNzYxMTIyfQ.pGegBq-zv70AbkPYCL5ZWPmi6zK3IAUB01PeVt5LBQM","refresh_token":"c6644a327bd11ecbd7e6079ee6443db87140de42af2b65abe008f5fa9f37de3b","user":{"id":"2b84aa24-668a-40e2-af1c-ad4fc4fa5a6f","email":"quang1@gmail.com","username":"quang1","name":"quang1","phoneNumber":"09874563210","profilePic":"https://res.cloudinary.com/dizcvrefo/image/upload/v1749027586/nestjs_uploads/xehairydt9rzlbmbmv4c.jpg","bio":"Thang Nam Lao Vua Thoi","private":false,"verified":false,"role":0,"followersCount":2,"followingCount":3,"postCount":2}}

16:32:03.767 [pool-2-thread-25] DEBUG com.jayway.jsonpath.internal.path.CompiledPath -- Evaluating path: $
16:32:03.769 [pool-2-thread-25] INFO com.intuit.karate -- [print] *** 50-THREAD CONCURRENT API CALL for user: test@example.com *** 
16:32:03.769 [pool-2-thread-32] INFO com.intuit.karate -- [print] 50-thread call completed, status: 200 
16:32:03.772 [pool-2-thread-25] DEBUG org.apache.http.client.protocol.RequestAddCookies -- CookieSpec selected: karate
16:32:03.773 [pool-2-thread-25] DEBUG org.apache.http.client.protocol.RequestAuthCache -- Auth cache not set in the context
16:32:03.773 [pool-2-thread-25] DEBUG com.intuit.karate -- request:
1 > POST http://localhost:3000/auth/login
1 > Content-Type: application/json; charset=UTF-8
1 > Content-Length: 53
1 > Host: localhost:3000
1 > Connection: Keep-Alive
1 > User-Agent: Apache-HttpClient/4.5.14 (Java/17.0.9)
1 > Accept-Encoding: gzip,deflate
{"email":"test@example.com","password":"Password123"}

16:32:03.773 [pool-2-thread-25] DEBUG org.apache.http.impl.conn.PoolingHttpClientConnectionManager -- Connection request: [route: {}->http://localhost:3000][total available: 0; route allocated: 0 of 5; total allocated: 0 of 10]
16:32:03.773 [pool-2-thread-25] DEBUG org.apache.http.impl.conn.PoolingHttpClientConnectionManager -- Connection leased: [id: 62][route: {}->http://localhost:3000][total available: 0; route allocated: 1 of 5; total allocated: 1 of 10]
16:32:03.773 [pool-2-thread-25] DEBUG org.apache.http.impl.execchain.MainClientExec -- Opening connection {}->http://localhost:3000
16:32:03.773 [pool-2-thread-25] DEBUG org.apache.http.impl.conn.DefaultHttpClientConnectionOperator -- Connecting to localhost/127.0.0.1:3000
16:32:03.774 [pool-2-thread-25] DEBUG org.apache.http.impl.conn.DefaultHttpClientConnectionOperator -- Connection established 127.0.0.1:52232<->127.0.0.1:3000
16:32:03.774 [pool-2-thread-25] DEBUG org.apache.http.impl.conn.DefaultManagedHttpClientConnection -- http-outgoing-62: set socket timeout to 30000
16:32:03.774 [pool-2-thread-25] DEBUG org.apache.http.impl.execchain.MainClientExec -- Executing request POST /auth/login HTTP/1.1
16:32:03.774 [pool-2-thread-25] DEBUG org.apache.http.impl.execchain.MainClientExec -- Target auth state: UNCHALLENGED
16:32:03.774 [pool-2-thread-25] DEBUG org.apache.http.impl.execchain.MainClientExec -- Proxy auth state: UNCHALLENGED
16:32:03.774 [pool-2-thread-25] DEBUG org.apache.http.headers -- http-outgoing-62 >> POST /auth/login HTTP/1.1
16:32:03.774 [pool-2-thread-25] DEBUG org.apache.http.headers -- http-outgoing-62 >> Content-Type: application/json; charset=UTF-8
16:32:03.774 [pool-2-thread-25] DEBUG org.apache.http.headers -- http-outgoing-62 >> Content-Length: 53
16:32:03.774 [pool-2-thread-25] DEBUG org.apache.http.headers -- http-outgoing-62 >> Host: localhost:3000
16:32:03.774 [pool-2-thread-25] DEBUG org.apache.http.headers -- http-outgoing-62 >> Connection: Keep-Alive
16:32:03.774 [pool-2-thread-25] DEBUG org.apache.http.headers -- http-outgoing-62 >> User-Agent: Apache-HttpClient/4.5.14 (Java/17.0.9)
16:32:03.774 [pool-2-thread-25] DEBUG org.apache.http.headers -- http-outgoing-62 >> Accept-Encoding: gzip,deflate
16:32:03.774 [pool-2-thread-25] DEBUG org.apache.http.wire -- http-outgoing-62 >> "POST /auth/login HTTP/1.1[\r][\n]"
16:32:03.774 [pool-2-thread-25] DEBUG org.apache.http.wire -- http-outgoing-62 >> "Content-Type: application/json; charset=UTF-8[\r][\n]"
16:32:03.774 [pool-2-thread-25] DEBUG org.apache.http.wire -- http-outgoing-62 >> "Content-Length: 53[\r][\n]"
16:32:03.774 [pool-2-thread-25] DEBUG org.apache.http.wire -- http-outgoing-62 >> "Host: localhost:3000[\r][\n]"
16:32:03.774 [pool-2-thread-25] DEBUG org.apache.http.wire -- http-outgoing-62 >> "Connection: Keep-Alive[\r][\n]"
16:32:03.775 [pool-2-thread-25] DEBUG org.apache.http.wire -- http-outgoing-62 >> "User-Agent: Apache-HttpClient/4.5.14 (Java/17.0.9)[\r][\n]"
16:32:03.775 [pool-2-thread-25] DEBUG org.apache.http.wire -- http-outgoing-62 >> "Accept-Encoding: gzip,deflate[\r][\n]"
16:32:03.775 [pool-2-thread-25] DEBUG org.apache.http.wire -- http-outgoing-62 >> "[\r][\n]"
16:32:03.775 [pool-2-thread-25] DEBUG org.apache.http.wire -- http-outgoing-62 >> "{"email":"test@example.com","password":"Password123"}"
16:32:03.792 [pool-2-thread-30] DEBUG org.apache.http.wire -- http-outgoing-2 << "HTTP/1.1 200 OK[\r][\n]"
16:32:03.793 [pool-2-thread-30] DEBUG org.apache.http.wire -- http-outgoing-2 << "X-Powered-By: Express[\r][\n]"
16:32:03.793 [pool-2-thread-30] DEBUG org.apache.http.wire -- http-outgoing-2 << "Access-Control-Allow-Origin: *[\r][\n]"
16:32:03.793 [pool-2-thread-30] DEBUG org.apache.http.wire -- http-outgoing-2 << "Content-Type: application/json; charset=utf-8[\r][\n]"
16:32:03.793 [pool-2-thread-30] DEBUG org.apache.http.wire -- http-outgoing-2 << "Content-Length: 605[\r][\n]"
16:32:03.793 [pool-2-thread-30] DEBUG org.apache.http.wire -- http-outgoing-2 << "ETag: W/"25d-+Scfn4LHNY4jB6AzRoZWVeERUwE"[\r][\n]"
16:32:03.793 [pool-2-thread-30] DEBUG org.apache.http.wire -- http-outgoing-2 << "Date: Tue, 24 Jun 2025 09:32:03 GMT[\r][\n]"
16:32:03.793 [pool-2-thread-30] DEBUG org.apache.http.wire -- http-outgoing-2 << "Connection: keep-alive[\r][\n]"
16:32:03.793 [pool-2-thread-30] DEBUG org.apache.http.wire -- http-outgoing-2 << "Keep-Alive: timeout=5[\r][\n]"
16:32:03.793 [pool-2-thread-30] DEBUG org.apache.http.wire -- http-outgoing-2 << "[\r][\n]"
16:32:03.793 [pool-2-thread-30] DEBUG org.apache.http.wire -- http-outgoing-2 << "{"access_token":"eyJhbGciOiJIUzI1NiIsInR5cCI6IkpXVCJ9.eyJzdWIiOiIwYTM3ZWY0My1mZWU4LTQxZDMtYTY4Ni04YWIwODY5NDg2OTUiLCJ1c2VybmFtZSI6ImpvaG5kb2UyMSIsInJvbGUiOjAsImlhdCI6MTc1MDc1NzUyMiwiZXhwIjoxNzUwNzYxMTIyfQ.CNXCvbuSjl-iXTC0g4JE6PFCgUjIiZ_pYAkXMCnxGCw","refresh_token":"1dbad5971e64ed4f6f0d3513e5992960979991619f5bdc528fed3328a9168198","user":{"id":"0a37ef43-fee8-41d3-a686-8ab086948695","email":"testit2@gmail.com","username":"johndoe21","name":"John Doe","phoneNumber":"0123456712","profilePic":null,"bio":null,"private":false,"verified":false,"role":0,"followersCount":0,"followingCount":0,"postCount":0}}"
16:32:03.793 [pool-2-thread-30] DEBUG org.apache.http.headers -- http-outgoing-2 << HTTP/1.1 200 OK
16:32:03.793 [pool-2-thread-30] DEBUG org.apache.http.headers -- http-outgoing-2 << X-Powered-By: Express
16:32:03.793 [pool-2-thread-30] DEBUG org.apache.http.headers -- http-outgoing-2 << Access-Control-Allow-Origin: *
16:32:03.793 [pool-2-thread-30] DEBUG org.apache.http.headers -- http-outgoing-2 << Content-Type: application/json; charset=utf-8
16:32:03.793 [pool-2-thread-30] DEBUG org.apache.http.headers -- http-outgoing-2 << Content-Length: 605
16:32:03.793 [pool-2-thread-30] DEBUG org.apache.http.headers -- http-outgoing-2 << ETag: W/"25d-+Scfn4LHNY4jB6AzRoZWVeERUwE"
16:32:03.793 [pool-2-thread-30] DEBUG org.apache.http.headers -- http-outgoing-2 << Date: Tue, 24 Jun 2025 09:32:03 GMT
16:32:03.793 [pool-2-thread-30] DEBUG org.apache.http.headers -- http-outgoing-2 << Connection: keep-alive
16:32:03.793 [pool-2-thread-30] DEBUG org.apache.http.headers -- http-outgoing-2 << Keep-Alive: timeout=5
16:32:03.793 [pool-2-thread-30] DEBUG org.apache.http.impl.execchain.MainClientExec -- Connection can be kept alive for 5000 MILLISECONDS
16:32:03.793 [pool-2-thread-32] DEBUG com.jayway.jsonpath.internal.path.CompiledPath -- Evaluating path: $
16:32:03.793 [pool-2-thread-30] DEBUG org.apache.http.impl.conn.PoolingHttpClientConnectionManager -- Connection [id: 26][route: {}->http://localhost:3000] can be kept alive for 5.0 seconds
16:32:03.794 [pool-2-thread-30] DEBUG org.apache.http.impl.conn.DefaultManagedHttpClientConnection -- http-outgoing-2: set socket timeout to 0
16:32:03.794 [pool-2-thread-30] DEBUG org.apache.http.impl.conn.PoolingHttpClientConnectionManager -- Connection released: [id: 26][route: {}->http://localhost:3000][total available: 1; route allocated: 1 of 5; total allocated: 1 of 10]
16:32:03.794 [pool-2-thread-30] DEBUG org.apache.http.impl.conn.PoolingHttpClientConnectionManager -- Connection manager is shutting down
16:32:03.794 [pool-2-thread-30] DEBUG org.apache.http.impl.conn.DefaultManagedHttpClientConnection -- http-outgoing-2: Close connection
16:32:03.794 [pool-2-thread-30] DEBUG org.apache.http.impl.conn.PoolingHttpClientConnectionManager -- Connection manager shut down
16:32:03.794 [pool-2-thread-30] DEBUG com.intuit.karate -- response time in milliseconds: 3291
1 < 200
1 < X-Powered-By: Express
1 < Access-Control-Allow-Origin: *
1 < Content-Type: application/json; charset=utf-8
1 < Content-Length: 605
1 < ETag: W/"25d-+Scfn4LHNY4jB6AzRoZWVeERUwE"
1 < Date: Tue, 24 Jun 2025 09:32:03 GMT
1 < Connection: keep-alive
1 < Keep-Alive: timeout=5
{"access_token":"eyJhbGciOiJIUzI1NiIsInR5cCI6IkpXVCJ9.eyJzdWIiOiIwYTM3ZWY0My1mZWU4LTQxZDMtYTY4Ni04YWIwODY5NDg2OTUiLCJ1c2VybmFtZSI6ImpvaG5kb2UyMSIsInJvbGUiOjAsImlhdCI6MTc1MDc1NzUyMiwiZXhwIjoxNzUwNzYxMTIyfQ.CNXCvbuSjl-iXTC0g4JE6PFCgUjIiZ_pYAkXMCnxGCw","refresh_token":"1dbad5971e64ed4f6f0d3513e5992960979991619f5bdc528fed3328a9168198","user":{"id":"0a37ef43-fee8-41d3-a686-8ab086948695","email":"testit2@gmail.com","username":"johndoe21","name":"John Doe","phoneNumber":"0123456712","profilePic":null,"bio":null,"private":false,"verified":false,"role":0,"followersCount":0,"followingCount":0,"postCount":0}}

16:32:03.797 [pool-2-thread-32] INFO com.intuit.karate -- [print] *** 50-THREAD CONCURRENT API CALL for user: test2@example.com *** 
16:32:03.798 [pool-2-thread-30] INFO com.intuit.karate -- [print] 50-thread call completed, status: 200 
16:32:03.799 [pool-2-thread-32] DEBUG org.apache.http.client.protocol.RequestAddCookies -- CookieSpec selected: karate
16:32:03.800 [pool-2-thread-32] DEBUG org.apache.http.client.protocol.RequestAuthCache -- Auth cache not set in the context
16:32:03.800 [pool-2-thread-32] DEBUG com.intuit.karate -- request:
1 > POST http://localhost:3000/auth/login
1 > Content-Type: application/json; charset=UTF-8
1 > Content-Length: 54
1 > Host: localhost:3000
1 > Connection: Keep-Alive
1 > User-Agent: Apache-HttpClient/4.5.14 (Java/17.0.9)
1 > Accept-Encoding: gzip,deflate
{"email":"test2@example.com","password":"Password123"}

16:32:03.800 [pool-2-thread-32] DEBUG org.apache.http.impl.conn.PoolingHttpClientConnectionManager -- Connection request: [route: {}->http://localhost:3000][total available: 0; route allocated: 0 of 5; total allocated: 0 of 10]
16:32:03.800 [pool-2-thread-32] DEBUG org.apache.http.impl.conn.PoolingHttpClientConnectionManager -- Connection leased: [id: 63][route: {}->http://localhost:3000][total available: 0; route allocated: 1 of 5; total allocated: 1 of 10]
16:32:03.800 [pool-2-thread-32] DEBUG org.apache.http.impl.execchain.MainClientExec -- Opening connection {}->http://localhost:3000
16:32:03.800 [pool-2-thread-32] DEBUG org.apache.http.impl.conn.DefaultHttpClientConnectionOperator -- Connecting to localhost/127.0.0.1:3000
16:32:03.801 [pool-2-thread-32] DEBUG org.apache.http.impl.conn.DefaultHttpClientConnectionOperator -- Connection established 127.0.0.1:52233<->127.0.0.1:3000
16:32:03.801 [pool-2-thread-32] DEBUG org.apache.http.impl.conn.DefaultManagedHttpClientConnection -- http-outgoing-63: set socket timeout to 30000
16:32:03.801 [pool-2-thread-32] DEBUG org.apache.http.impl.execchain.MainClientExec -- Executing request POST /auth/login HTTP/1.1
16:32:03.801 [pool-2-thread-32] DEBUG org.apache.http.impl.execchain.MainClientExec -- Target auth state: UNCHALLENGED
16:32:03.801 [pool-2-thread-32] DEBUG org.apache.http.impl.execchain.MainClientExec -- Proxy auth state: UNCHALLENGED
16:32:03.801 [pool-2-thread-32] DEBUG org.apache.http.headers -- http-outgoing-63 >> POST /auth/login HTTP/1.1
16:32:03.801 [pool-2-thread-32] DEBUG org.apache.http.headers -- http-outgoing-63 >> Content-Type: application/json; charset=UTF-8
16:32:03.801 [pool-2-thread-32] DEBUG org.apache.http.headers -- http-outgoing-63 >> Content-Length: 54
16:32:03.801 [pool-2-thread-32] DEBUG org.apache.http.headers -- http-outgoing-63 >> Host: localhost:3000
16:32:03.801 [pool-2-thread-32] DEBUG org.apache.http.headers -- http-outgoing-63 >> Connection: Keep-Alive
16:32:03.801 [pool-2-thread-32] DEBUG org.apache.http.headers -- http-outgoing-63 >> User-Agent: Apache-HttpClient/4.5.14 (Java/17.0.9)
16:32:03.801 [pool-2-thread-32] DEBUG org.apache.http.headers -- http-outgoing-63 >> Accept-Encoding: gzip,deflate
16:32:03.801 [pool-2-thread-32] DEBUG org.apache.http.wire -- http-outgoing-63 >> "POST /auth/login HTTP/1.1[\r][\n]"
16:32:03.802 [pool-2-thread-32] DEBUG org.apache.http.wire -- http-outgoing-63 >> "Content-Type: application/json; charset=UTF-8[\r][\n]"
16:32:03.802 [pool-2-thread-32] DEBUG org.apache.http.wire -- http-outgoing-63 >> "Content-Length: 54[\r][\n]"
16:32:03.802 [pool-2-thread-32] DEBUG org.apache.http.wire -- http-outgoing-63 >> "Host: localhost:3000[\r][\n]"
16:32:03.802 [pool-2-thread-32] DEBUG org.apache.http.wire -- http-outgoing-63 >> "Connection: Keep-Alive[\r][\n]"
16:32:03.802 [pool-2-thread-32] DEBUG org.apache.http.wire -- http-outgoing-63 >> "User-Agent: Apache-HttpClient/4.5.14 (Java/17.0.9)[\r][\n]"
16:32:03.802 [pool-2-thread-32] DEBUG org.apache.http.wire -- http-outgoing-63 >> "Accept-Encoding: gzip,deflate[\r][\n]"
16:32:03.802 [pool-2-thread-32] DEBUG org.apache.http.wire -- http-outgoing-63 >> "[\r][\n]"
16:32:03.802 [pool-2-thread-32] DEBUG org.apache.http.wire -- http-outgoing-63 >> "{"email":"test2@example.com","password":"Password123"}"
16:32:03.804 [pool-2-thread-30] DEBUG com.jayway.jsonpath.internal.path.CompiledPath -- Evaluating path: $
16:32:03.807 [pool-2-thread-30] INFO com.intuit.karate -- [print] *** 50-THREAD CONCURRENT API CALL for user: test28@example.com *** 
16:32:03.810 [pool-2-thread-30] DEBUG org.apache.http.client.protocol.RequestAddCookies -- CookieSpec selected: karate
16:32:03.810 [pool-2-thread-30] DEBUG org.apache.http.client.protocol.RequestAuthCache -- Auth cache not set in the context
16:32:03.810 [pool-2-thread-30] DEBUG com.intuit.karate -- request:
1 > POST http://localhost:3000/auth/login
1 > Content-Type: application/json; charset=UTF-8
1 > Content-Length: 55
1 > Host: localhost:3000
1 > Connection: Keep-Alive
1 > User-Agent: Apache-HttpClient/4.5.14 (Java/17.0.9)
1 > Accept-Encoding: gzip,deflate
{"email":"test28@example.com","password":"Password123"}

16:32:03.811 [pool-2-thread-30] DEBUG org.apache.http.impl.conn.PoolingHttpClientConnectionManager -- Connection request: [route: {}->http://localhost:3000][total available: 0; route allocated: 0 of 5; total allocated: 0 of 10]
16:32:03.811 [pool-2-thread-30] DEBUG org.apache.http.impl.conn.PoolingHttpClientConnectionManager -- Connection leased: [id: 64][route: {}->http://localhost:3000][total available: 0; route allocated: 1 of 5; total allocated: 1 of 10]
16:32:03.811 [pool-2-thread-30] DEBUG org.apache.http.impl.execchain.MainClientExec -- Opening connection {}->http://localhost:3000
16:32:03.811 [pool-2-thread-30] DEBUG org.apache.http.impl.conn.DefaultHttpClientConnectionOperator -- Connecting to localhost/127.0.0.1:3000
16:32:03.812 [pool-2-thread-30] DEBUG org.apache.http.impl.conn.DefaultHttpClientConnectionOperator -- Connection established 127.0.0.1:52234<->127.0.0.1:3000
16:32:03.812 [pool-2-thread-30] DEBUG org.apache.http.impl.conn.DefaultManagedHttpClientConnection -- http-outgoing-64: set socket timeout to 30000
16:32:03.812 [pool-2-thread-30] DEBUG org.apache.http.impl.execchain.MainClientExec -- Executing request POST /auth/login HTTP/1.1
16:32:03.812 [pool-2-thread-30] DEBUG org.apache.http.impl.execchain.MainClientExec -- Target auth state: UNCHALLENGED
16:32:03.812 [pool-2-thread-30] DEBUG org.apache.http.impl.execchain.MainClientExec -- Proxy auth state: UNCHALLENGED
16:32:03.812 [pool-2-thread-30] DEBUG org.apache.http.headers -- http-outgoing-64 >> POST /auth/login HTTP/1.1
16:32:03.812 [pool-2-thread-30] DEBUG org.apache.http.headers -- http-outgoing-64 >> Content-Type: application/json; charset=UTF-8
16:32:03.812 [pool-2-thread-30] DEBUG org.apache.http.headers -- http-outgoing-64 >> Content-Length: 55
16:32:03.812 [pool-2-thread-30] DEBUG org.apache.http.headers -- http-outgoing-64 >> Host: localhost:3000
16:32:03.812 [pool-2-thread-30] DEBUG org.apache.http.headers -- http-outgoing-64 >> Connection: Keep-Alive
16:32:03.812 [pool-2-thread-30] DEBUG org.apache.http.headers -- http-outgoing-64 >> User-Agent: Apache-HttpClient/4.5.14 (Java/17.0.9)
16:32:03.812 [pool-2-thread-30] DEBUG org.apache.http.headers -- http-outgoing-64 >> Accept-Encoding: gzip,deflate
16:32:03.812 [pool-2-thread-30] DEBUG org.apache.http.wire -- http-outgoing-64 >> "POST /auth/login HTTP/1.1[\r][\n]"
16:32:03.812 [pool-2-thread-30] DEBUG org.apache.http.wire -- http-outgoing-64 >> "Content-Type: application/json; charset=UTF-8[\r][\n]"
16:32:03.812 [pool-2-thread-30] DEBUG org.apache.http.wire -- http-outgoing-64 >> "Content-Length: 55[\r][\n]"
16:32:03.812 [pool-2-thread-30] DEBUG org.apache.http.wire -- http-outgoing-64 >> "Host: localhost:3000[\r][\n]"
16:32:03.812 [pool-2-thread-30] DEBUG org.apache.http.wire -- http-outgoing-64 >> "Connection: Keep-Alive[\r][\n]"
16:32:03.812 [pool-2-thread-30] DEBUG org.apache.http.wire -- http-outgoing-64 >> "User-Agent: Apache-HttpClient/4.5.14 (Java/17.0.9)[\r][\n]"
16:32:03.812 [pool-2-thread-30] DEBUG org.apache.http.wire -- http-outgoing-64 >> "Accept-Encoding: gzip,deflate[\r][\n]"
16:32:03.812 [pool-2-thread-30] DEBUG org.apache.http.wire -- http-outgoing-64 >> "[\r][\n]"
16:32:03.812 [pool-2-thread-30] DEBUG org.apache.http.wire -- http-outgoing-64 >> "{"email":"test28@example.com","password":"Password123"}"
16:32:03.875 [pool-2-thread-9] DEBUG org.apache.http.wire -- http-outgoing-15 << "HTTP/1.1 200 OK[\r][\n]"
16:32:03.875 [pool-2-thread-9] DEBUG org.apache.http.wire -- http-outgoing-15 << "X-Powered-By: Express[\r][\n]"
16:32:03.875 [pool-2-thread-9] DEBUG org.apache.http.wire -- http-outgoing-15 << "Access-Control-Allow-Origin: *[\r][\n]"
16:32:03.875 [pool-2-thread-9] DEBUG org.apache.http.wire -- http-outgoing-15 << "Content-Type: application/json; charset=utf-8[\r][\n]"
16:32:03.875 [pool-2-thread-9] DEBUG org.apache.http.wire -- http-outgoing-15 << "Content-Length: 604[\r][\n]"
16:32:03.875 [pool-2-thread-9] DEBUG org.apache.http.wire -- http-outgoing-15 << "ETag: W/"25c-DinUYnt9cZmLTyrvZSIzzp+lTes"[\r][\n]"
16:32:03.875 [pool-2-thread-9] DEBUG org.apache.http.wire -- http-outgoing-15 << "Date: Tue, 24 Jun 2025 09:32:03 GMT[\r][\n]"
16:32:03.875 [pool-2-thread-9] DEBUG org.apache.http.wire -- http-outgoing-15 << "Connection: keep-alive[\r][\n]"
16:32:03.875 [pool-2-thread-9] DEBUG org.apache.http.wire -- http-outgoing-15 << "Keep-Alive: timeout=5[\r][\n]"
16:32:03.875 [pool-2-thread-9] DEBUG org.apache.http.wire -- http-outgoing-15 << "[\r][\n]"
16:32:03.875 [pool-2-thread-9] DEBUG org.apache.http.wire -- http-outgoing-15 << "{"access_token":"eyJhbGciOiJIUzI1NiIsInR5cCI6IkpXVCJ9.eyJzdWIiOiJkZjZmMDkxOS1hMjNkLTQ0YzktYTkyNS00ZWE4YmU1MjVkMTAiLCJ1c2VybmFtZSI6ImpvaG5kb2UyMyIsInJvbGUiOjAsImlhdCI6MTc1MDc1NzUyMiwiZXhwIjoxNzUwNzYxMTIyfQ.JFYkYm-HkG_HnLKLz3kB5dxd6KszCHvfkr-94lpjcXs","refresh_token":"c9e29bb92f7cf5be533251d5a4c6c687e2796d03d4fd3cbf890ebee6cded4c6b","user":{"id":"df6f0919-a23d-44c9-a925-4ea8be525d10","email":"testit@gmail.com","username":"johndoe23","name":"John Doe","phoneNumber":"0123456788","profilePic":null,"bio":null,"private":false,"verified":false,"role":0,"followersCount":0,"followingCount":0,"postCount":0}}"
16:32:03.875 [pool-2-thread-9] DEBUG org.apache.http.headers -- http-outgoing-15 << HTTP/1.1 200 OK
16:32:03.875 [pool-2-thread-9] DEBUG org.apache.http.headers -- http-outgoing-15 << X-Powered-By: Express
16:32:03.875 [pool-2-thread-9] DEBUG org.apache.http.headers -- http-outgoing-15 << Access-Control-Allow-Origin: *
16:32:03.875 [pool-2-thread-9] DEBUG org.apache.http.headers -- http-outgoing-15 << Content-Type: application/json; charset=utf-8
16:32:03.875 [pool-2-thread-9] DEBUG org.apache.http.headers -- http-outgoing-15 << Content-Length: 604
16:32:03.875 [pool-2-thread-9] DEBUG org.apache.http.headers -- http-outgoing-15 << ETag: W/"25c-DinUYnt9cZmLTyrvZSIzzp+lTes"
16:32:03.875 [pool-2-thread-9] DEBUG org.apache.http.headers -- http-outgoing-15 << Date: Tue, 24 Jun 2025 09:32:03 GMT
16:32:03.875 [pool-2-thread-9] DEBUG org.apache.http.headers -- http-outgoing-15 << Connection: keep-alive
16:32:03.875 [pool-2-thread-9] DEBUG org.apache.http.headers -- http-outgoing-15 << Keep-Alive: timeout=5
16:32:03.876 [pool-2-thread-9] DEBUG org.apache.http.impl.execchain.MainClientExec -- Connection can be kept alive for 5000 MILLISECONDS
16:32:03.876 [pool-2-thread-9] DEBUG org.apache.http.impl.conn.PoolingHttpClientConnectionManager -- Connection [id: 14][route: {}->http://localhost:3000] can be kept alive for 5.0 seconds
16:32:03.876 [pool-2-thread-9] DEBUG org.apache.http.impl.conn.DefaultManagedHttpClientConnection -- http-outgoing-15: set socket timeout to 0
16:32:03.876 [pool-2-thread-9] DEBUG org.apache.http.impl.conn.PoolingHttpClientConnectionManager -- Connection released: [id: 14][route: {}->http://localhost:3000][total available: 1; route allocated: 1 of 5; total allocated: 1 of 10]
16:32:03.877 [pool-2-thread-9] DEBUG org.apache.http.impl.conn.PoolingHttpClientConnectionManager -- Connection manager is shutting down
16:32:03.877 [pool-2-thread-9] DEBUG org.apache.http.impl.conn.DefaultManagedHttpClientConnection -- http-outgoing-15: Close connection
16:32:03.877 [pool-2-thread-9] DEBUG org.apache.http.impl.conn.PoolingHttpClientConnectionManager -- Connection manager shut down
16:32:03.877 [pool-2-thread-9] DEBUG com.intuit.karate -- response time in milliseconds: 3377
1 < 200
1 < X-Powered-By: Express
1 < Access-Control-Allow-Origin: *
1 < Content-Type: application/json; charset=utf-8
1 < Content-Length: 604
1 < ETag: W/"25c-DinUYnt9cZmLTyrvZSIzzp+lTes"
1 < Date: Tue, 24 Jun 2025 09:32:03 GMT
1 < Connection: keep-alive
1 < Keep-Alive: timeout=5
{"access_token":"eyJhbGciOiJIUzI1NiIsInR5cCI6IkpXVCJ9.eyJzdWIiOiJkZjZmMDkxOS1hMjNkLTQ0YzktYTkyNS00ZWE4YmU1MjVkMTAiLCJ1c2VybmFtZSI6ImpvaG5kb2UyMyIsInJvbGUiOjAsImlhdCI6MTc1MDc1NzUyMiwiZXhwIjoxNzUwNzYxMTIyfQ.JFYkYm-HkG_HnLKLz3kB5dxd6KszCHvfkr-94lpjcXs","refresh_token":"c9e29bb92f7cf5be533251d5a4c6c687e2796d03d4fd3cbf890ebee6cded4c6b","user":{"id":"df6f0919-a23d-44c9-a925-4ea8be525d10","email":"testit@gmail.com","username":"johndoe23","name":"John Doe","phoneNumber":"0123456788","profilePic":null,"bio":null,"private":false,"verified":false,"role":0,"followersCount":0,"followingCount":0,"postCount":0}}

16:32:03.881 [pool-2-thread-9] INFO com.intuit.karate -- [print] 50-thread call completed, status: 200 
16:32:03.898 [pool-2-thread-9] DEBUG com.jayway.jsonpath.internal.path.CompiledPath -- Evaluating path: $
16:32:03.900 [pool-2-thread-9] INFO com.intuit.karate -- [print] *** 50-THREAD CONCURRENT API CALL for user: testit4@gmail.com *** 
16:32:03.908 [pool-2-thread-9] DEBUG org.apache.http.client.protocol.RequestAddCookies -- CookieSpec selected: karate
16:32:03.909 [pool-2-thread-9] DEBUG org.apache.http.client.protocol.RequestAuthCache -- Auth cache not set in the context
16:32:03.909 [pool-2-thread-9] DEBUG com.intuit.karate -- request:
1 > POST http://localhost:3000/auth/login
1 > Content-Type: application/json; charset=UTF-8
1 > Content-Length: 54
1 > Host: localhost:3000
1 > Connection: Keep-Alive
1 > User-Agent: Apache-HttpClient/4.5.14 (Java/17.0.9)
1 > Accept-Encoding: gzip,deflate
{"email":"testit4@gmail.com","password":"Password123"}

16:32:03.909 [pool-2-thread-9] DEBUG org.apache.http.impl.conn.PoolingHttpClientConnectionManager -- Connection request: [route: {}->http://localhost:3000][total available: 0; route allocated: 0 of 5; total allocated: 0 of 10]
16:32:03.909 [pool-2-thread-9] DEBUG org.apache.http.impl.conn.PoolingHttpClientConnectionManager -- Connection leased: [id: 65][route: {}->http://localhost:3000][total available: 0; route allocated: 1 of 5; total allocated: 1 of 10]
16:32:03.909 [pool-2-thread-9] DEBUG org.apache.http.impl.execchain.MainClientExec -- Opening connection {}->http://localhost:3000
16:32:03.910 [pool-2-thread-9] DEBUG org.apache.http.impl.conn.DefaultHttpClientConnectionOperator -- Connecting to localhost/127.0.0.1:3000
16:32:03.911 [pool-2-thread-9] DEBUG org.apache.http.impl.conn.DefaultHttpClientConnectionOperator -- Connection established 127.0.0.1:52235<->127.0.0.1:3000
16:32:03.911 [pool-2-thread-9] DEBUG org.apache.http.impl.conn.DefaultManagedHttpClientConnection -- http-outgoing-65: set socket timeout to 30000
16:32:03.911 [pool-2-thread-9] DEBUG org.apache.http.impl.execchain.MainClientExec -- Executing request POST /auth/login HTTP/1.1
16:32:03.911 [pool-2-thread-9] DEBUG org.apache.http.impl.execchain.MainClientExec -- Target auth state: UNCHALLENGED
16:32:03.911 [pool-2-thread-9] DEBUG org.apache.http.impl.execchain.MainClientExec -- Proxy auth state: UNCHALLENGED
16:32:03.911 [pool-2-thread-9] DEBUG org.apache.http.headers -- http-outgoing-65 >> POST /auth/login HTTP/1.1
16:32:03.912 [pool-2-thread-9] DEBUG org.apache.http.headers -- http-outgoing-65 >> Content-Type: application/json; charset=UTF-8
16:32:03.912 [pool-2-thread-9] DEBUG org.apache.http.headers -- http-outgoing-65 >> Content-Length: 54
16:32:03.912 [pool-2-thread-9] DEBUG org.apache.http.headers -- http-outgoing-65 >> Host: localhost:3000
16:32:03.912 [pool-2-thread-9] DEBUG org.apache.http.headers -- http-outgoing-65 >> Connection: Keep-Alive
16:32:03.912 [pool-2-thread-9] DEBUG org.apache.http.headers -- http-outgoing-65 >> User-Agent: Apache-HttpClient/4.5.14 (Java/17.0.9)
16:32:03.912 [pool-2-thread-9] DEBUG org.apache.http.headers -- http-outgoing-65 >> Accept-Encoding: gzip,deflate
16:32:03.912 [pool-2-thread-9] DEBUG org.apache.http.wire -- http-outgoing-65 >> "POST /auth/login HTTP/1.1[\r][\n]"
16:32:03.912 [pool-2-thread-9] DEBUG org.apache.http.wire -- http-outgoing-65 >> "Content-Type: application/json; charset=UTF-8[\r][\n]"
16:32:03.912 [pool-2-thread-9] DEBUG org.apache.http.wire -- http-outgoing-65 >> "Content-Length: 54[\r][\n]"
16:32:03.912 [pool-2-thread-9] DEBUG org.apache.http.wire -- http-outgoing-65 >> "Host: localhost:3000[\r][\n]"
16:32:03.912 [pool-2-thread-9] DEBUG org.apache.http.wire -- http-outgoing-65 >> "Connection: Keep-Alive[\r][\n]"
16:32:03.912 [pool-2-thread-9] DEBUG org.apache.http.wire -- http-outgoing-65 >> "User-Agent: Apache-HttpClient/4.5.14 (Java/17.0.9)[\r][\n]"
16:32:03.912 [pool-2-thread-9] DEBUG org.apache.http.wire -- http-outgoing-65 >> "Accept-Encoding: gzip,deflate[\r][\n]"
16:32:03.912 [pool-2-thread-9] DEBUG org.apache.http.wire -- http-outgoing-65 >> "[\r][\n]"
16:32:03.912 [pool-2-thread-9] DEBUG org.apache.http.wire -- http-outgoing-65 >> "{"email":"testit4@gmail.com","password":"Password123"}"
16:32:04.727 [pool-2-thread-17] DEBUG org.apache.http.wire -- http-outgoing-28 << "HTTP/1.1 200 OK[\r][\n]"
16:32:04.727 [pool-2-thread-17] DEBUG org.apache.http.wire -- http-outgoing-28 << "X-Powered-By: Express[\r][\n]"
16:32:04.727 [pool-2-thread-17] DEBUG org.apache.http.wire -- http-outgoing-28 << "Access-Control-Allow-Origin: *[\r][\n]"
16:32:04.727 [pool-2-thread-17] DEBUG org.apache.http.wire -- http-outgoing-28 << "Content-Type: application/json; charset=utf-8[\r][\n]"
16:32:04.727 [pool-2-thread-17] DEBUG org.apache.http.wire -- http-outgoing-28 << "Content-Length: 605[\r][\n]"
16:32:04.727 [pool-2-thread-17] DEBUG org.apache.http.wire -- http-outgoing-28 << "ETag: W/"25d-r1lFsfIc1c9go/nttjgc07HwJSM"[\r][\n]"
16:32:04.727 [pool-2-thread-17] DEBUG org.apache.http.wire -- http-outgoing-28 << "Date: Tue, 24 Jun 2025 09:32:04 GMT[\r][\n]"
16:32:04.727 [pool-2-thread-17] DEBUG org.apache.http.wire -- http-outgoing-28 << "Connection: keep-alive[\r][\n]"
16:32:04.727 [pool-2-thread-17] DEBUG org.apache.http.wire -- http-outgoing-28 << "Keep-Alive: timeout=5[\r][\n]"
16:32:04.727 [pool-2-thread-17] DEBUG org.apache.http.wire -- http-outgoing-28 << "[\r][\n]"
16:32:04.727 [pool-2-thread-17] DEBUG org.apache.http.wire -- http-outgoing-28 << "{"access_token":"eyJhbGciOiJIUzI1NiIsInR5cCI6IkpXVCJ9.eyJzdWIiOiI2NTBjZTFlZC1hYWNhLTQzOGYtOTk4OC0xZjA1OGFiNWFhMWEiLCJ1c2VybmFtZSI6ImpvaG5kb2UyNSIsInJvbGUiOjAsImlhdCI6MTc1MDc1NzUyMywiZXhwIjoxNzUwNzYxMTIzfQ.3-XU5diiLYeh0uvad7d2GxKZt9lkvJm6dTnxqfBklkc","refresh_token":"43264be34213ee00069081d8baf39ab520f8ff73bc1897eb2a14a499df6ced7c","user":{"id":"650ce1ed-aaca-438f-9988-1f058ab5aa1a","email":"testit3@gmail.com","username":"johndoe25","name":"John Doe","phoneNumber":"0123456713","profilePic":null,"bio":null,"private":false,"verified":false,"role":0,"followersCount":0,"followingCount":0,"postCount":0}}"
16:32:04.727 [pool-2-thread-17] DEBUG org.apache.http.headers -- http-outgoing-28 << HTTP/1.1 200 OK
16:32:04.727 [pool-2-thread-17] DEBUG org.apache.http.headers -- http-outgoing-28 << X-Powered-By: Express
16:32:04.727 [pool-2-thread-17] DEBUG org.apache.http.headers -- http-outgoing-28 << Access-Control-Allow-Origin: *
16:32:04.727 [pool-2-thread-17] DEBUG org.apache.http.headers -- http-outgoing-28 << Content-Type: application/json; charset=utf-8
16:32:04.727 [pool-2-thread-17] DEBUG org.apache.http.headers -- http-outgoing-28 << Content-Length: 605
16:32:04.727 [pool-2-thread-17] DEBUG org.apache.http.headers -- http-outgoing-28 << ETag: W/"25d-r1lFsfIc1c9go/nttjgc07HwJSM"
16:32:04.727 [pool-2-thread-17] DEBUG org.apache.http.headers -- http-outgoing-28 << Date: Tue, 24 Jun 2025 09:32:04 GMT
16:32:04.727 [pool-2-thread-17] DEBUG org.apache.http.headers -- http-outgoing-28 << Connection: keep-alive
16:32:04.727 [pool-2-thread-17] DEBUG org.apache.http.headers -- http-outgoing-28 << Keep-Alive: timeout=5
16:32:04.727 [pool-2-thread-17] DEBUG org.apache.http.impl.execchain.MainClientExec -- Connection can be kept alive for 5000 MILLISECONDS
16:32:04.727 [pool-2-thread-17] DEBUG org.apache.http.impl.conn.PoolingHttpClientConnectionManager -- Connection [id: 23][route: {}->http://localhost:3000] can be kept alive for 5.0 seconds
16:32:04.727 [pool-2-thread-17] DEBUG org.apache.http.impl.conn.DefaultManagedHttpClientConnection -- http-outgoing-28: set socket timeout to 0
16:32:04.727 [pool-2-thread-17] DEBUG org.apache.http.impl.conn.PoolingHttpClientConnectionManager -- Connection released: [id: 23][route: {}->http://localhost:3000][total available: 1; route allocated: 1 of 5; total allocated: 1 of 10]
16:32:04.727 [pool-2-thread-17] DEBUG org.apache.http.impl.conn.PoolingHttpClientConnectionManager -- Connection manager is shutting down
16:32:04.727 [pool-2-thread-17] DEBUG org.apache.http.impl.conn.DefaultManagedHttpClientConnection -- http-outgoing-28: Close connection
16:32:04.727 [pool-2-thread-17] DEBUG org.apache.http.impl.conn.PoolingHttpClientConnectionManager -- Connection manager shut down
16:32:04.727 [pool-2-thread-17] DEBUG com.intuit.karate -- response time in milliseconds: 4226
1 < 200
1 < X-Powered-By: Express
1 < Access-Control-Allow-Origin: *
1 < Content-Type: application/json; charset=utf-8
1 < Content-Length: 605
1 < ETag: W/"25d-r1lFsfIc1c9go/nttjgc07HwJSM"
1 < Date: Tue, 24 Jun 2025 09:32:04 GMT
1 < Connection: keep-alive
1 < Keep-Alive: timeout=5
{"access_token":"eyJhbGciOiJIUzI1NiIsInR5cCI6IkpXVCJ9.eyJzdWIiOiI2NTBjZTFlZC1hYWNhLTQzOGYtOTk4OC0xZjA1OGFiNWFhMWEiLCJ1c2VybmFtZSI6ImpvaG5kb2UyNSIsInJvbGUiOjAsImlhdCI6MTc1MDc1NzUyMywiZXhwIjoxNzUwNzYxMTIzfQ.3-XU5diiLYeh0uvad7d2GxKZt9lkvJm6dTnxqfBklkc","refresh_token":"43264be34213ee00069081d8baf39ab520f8ff73bc1897eb2a14a499df6ced7c","user":{"id":"650ce1ed-aaca-438f-9988-1f058ab5aa1a","email":"testit3@gmail.com","username":"johndoe25","name":"John Doe","phoneNumber":"0123456713","profilePic":null,"bio":null,"private":false,"verified":false,"role":0,"followersCount":0,"followingCount":0,"postCount":0}}

16:32:04.729 [pool-2-thread-17] INFO com.intuit.karate -- [print] 50-thread call completed, status: 200 
16:32:04.732 [pool-2-thread-17] DEBUG com.jayway.jsonpath.internal.path.CompiledPath -- Evaluating path: $
16:32:04.734 [pool-2-thread-17] INFO com.intuit.karate -- [print] *** 50-THREAD CONCURRENT API CALL for user: testit3@gmail.com *** 
16:32:04.735 [pool-2-thread-17] DEBUG org.apache.http.client.protocol.RequestAddCookies -- CookieSpec selected: karate
16:32:04.735 [pool-2-thread-17] DEBUG org.apache.http.client.protocol.RequestAuthCache -- Auth cache not set in the context
16:32:04.735 [pool-2-thread-17] DEBUG com.intuit.karate -- request:
1 > POST http://localhost:3000/auth/login
1 > Content-Type: application/json; charset=UTF-8
1 > Content-Length: 54
1 > Host: localhost:3000
1 > Connection: Keep-Alive
1 > User-Agent: Apache-HttpClient/4.5.14 (Java/17.0.9)
1 > Accept-Encoding: gzip,deflate
{"email":"testit3@gmail.com","password":"Password123"}

16:32:04.735 [pool-2-thread-17] DEBUG org.apache.http.impl.conn.PoolingHttpClientConnectionManager -- Connection request: [route: {}->http://localhost:3000][total available: 0; route allocated: 0 of 5; total allocated: 0 of 10]
16:32:04.735 [pool-2-thread-17] DEBUG org.apache.http.impl.conn.PoolingHttpClientConnectionManager -- Connection leased: [id: 66][route: {}->http://localhost:3000][total available: 0; route allocated: 1 of 5; total allocated: 1 of 10]
16:32:04.735 [pool-2-thread-17] DEBUG org.apache.http.impl.execchain.MainClientExec -- Opening connection {}->http://localhost:3000
16:32:04.735 [pool-2-thread-17] DEBUG org.apache.http.impl.conn.DefaultHttpClientConnectionOperator -- Connecting to localhost/127.0.0.1:3000
16:32:04.735 [pool-2-thread-17] DEBUG org.apache.http.impl.conn.DefaultHttpClientConnectionOperator -- Connection established 127.0.0.1:52236<->127.0.0.1:3000
16:32:04.735 [pool-2-thread-17] DEBUG org.apache.http.impl.conn.DefaultManagedHttpClientConnection -- http-outgoing-66: set socket timeout to 30000
16:32:04.735 [pool-2-thread-17] DEBUG org.apache.http.impl.execchain.MainClientExec -- Executing request POST /auth/login HTTP/1.1
16:32:04.736 [pool-2-thread-17] DEBUG org.apache.http.impl.execchain.MainClientExec -- Target auth state: UNCHALLENGED
16:32:04.736 [pool-2-thread-17] DEBUG org.apache.http.impl.execchain.MainClientExec -- Proxy auth state: UNCHALLENGED
16:32:04.736 [pool-2-thread-17] DEBUG org.apache.http.headers -- http-outgoing-66 >> POST /auth/login HTTP/1.1
16:32:04.736 [pool-2-thread-17] DEBUG org.apache.http.headers -- http-outgoing-66 >> Content-Type: application/json; charset=UTF-8
16:32:04.736 [pool-2-thread-17] DEBUG org.apache.http.headers -- http-outgoing-66 >> Content-Length: 54
16:32:04.736 [pool-2-thread-17] DEBUG org.apache.http.headers -- http-outgoing-66 >> Host: localhost:3000
16:32:04.736 [pool-2-thread-17] DEBUG org.apache.http.headers -- http-outgoing-66 >> Connection: Keep-Alive
16:32:04.736 [pool-2-thread-17] DEBUG org.apache.http.headers -- http-outgoing-66 >> User-Agent: Apache-HttpClient/4.5.14 (Java/17.0.9)
16:32:04.736 [pool-2-thread-17] DEBUG org.apache.http.headers -- http-outgoing-66 >> Accept-Encoding: gzip,deflate
16:32:04.736 [pool-2-thread-17] DEBUG org.apache.http.wire -- http-outgoing-66 >> "POST /auth/login HTTP/1.1[\r][\n]"
16:32:04.736 [pool-2-thread-17] DEBUG org.apache.http.wire -- http-outgoing-66 >> "Content-Type: application/json; charset=UTF-8[\r][\n]"
16:32:04.736 [pool-2-thread-17] DEBUG org.apache.http.wire -- http-outgoing-66 >> "Content-Length: 54[\r][\n]"
16:32:04.736 [pool-2-thread-17] DEBUG org.apache.http.wire -- http-outgoing-66 >> "Host: localhost:3000[\r][\n]"
16:32:04.736 [pool-2-thread-17] DEBUG org.apache.http.wire -- http-outgoing-66 >> "Connection: Keep-Alive[\r][\n]"
16:32:04.736 [pool-2-thread-17] DEBUG org.apache.http.wire -- http-outgoing-66 >> "User-Agent: Apache-HttpClient/4.5.14 (Java/17.0.9)[\r][\n]"
16:32:04.736 [pool-2-thread-17] DEBUG org.apache.http.wire -- http-outgoing-66 >> "Accept-Encoding: gzip,deflate[\r][\n]"
16:32:04.736 [pool-2-thread-17] DEBUG org.apache.http.wire -- http-outgoing-66 >> "[\r][\n]"
16:32:04.736 [pool-2-thread-17] DEBUG org.apache.http.wire -- http-outgoing-66 >> "{"email":"testit3@gmail.com","password":"Password123"}"
16:32:04.811 [pool-2-thread-11] DEBUG org.apache.http.wire -- http-outgoing-51 << "HTTP/1.1 200 OK[\r][\n]"
16:32:04.811 [pool-2-thread-11] DEBUG org.apache.http.wire -- http-outgoing-51 << "X-Powered-By: Express[\r][\n]"
16:32:04.811 [pool-2-thread-11] DEBUG org.apache.http.wire -- http-outgoing-51 << "Access-Control-Allow-Origin: *[\r][\n]"
16:32:04.811 [pool-2-thread-11] DEBUG org.apache.http.wire -- http-outgoing-51 << "Content-Type: application/json; charset=utf-8[\r][\n]"
16:32:04.811 [pool-2-thread-11] DEBUG org.apache.http.wire -- http-outgoing-51 << "Content-Length: 599[\r][\n]"
16:32:04.811 [pool-2-thread-11] DEBUG org.apache.http.wire -- http-outgoing-51 << "ETag: W/"257-A2fYwiSRauxqCORC+qm8yJtd9/g"[\r][\n]"
16:32:04.811 [pool-2-thread-11] DEBUG org.apache.http.wire -- http-outgoing-51 << "Date: Tue, 24 Jun 2025 09:32:04 GMT[\r][\n]"
16:32:04.811 [pool-2-thread-11] DEBUG org.apache.http.wire -- http-outgoing-51 << "Connection: keep-alive[\r][\n]"
16:32:04.811 [pool-2-thread-11] DEBUG org.apache.http.wire -- http-outgoing-51 << "Keep-Alive: timeout=5[\r][\n]"
16:32:04.811 [pool-2-thread-11] DEBUG org.apache.http.wire -- http-outgoing-51 << "[\r][\n]"
16:32:04.811 [pool-2-thread-11] DEBUG org.apache.http.wire -- http-outgoing-51 << "{"access_token":"eyJhbGciOiJIUzI1NiIsInR5cCI6IkpXVCJ9.eyJzdWIiOiIyZGRhMDQzOS01MTgwLTQ1YWEtOTE3Zi1lNjMyZTQ1YThlNDEiLCJ1c2VybmFtZSI6ImpvaG5kb2UiLCJyb2xlIjowLCJpYXQiOjE3NTA3NTc1MjMsImV4cCI6MTc1MDc2MTEyM30.P161nYwyMlF_weeF7smM96U2LsIwp9CF58Wa1NIsC0M","refresh_token":"8c9a828c5363ca7b92d9eeec6747085f831a1085122f1b477bb33ce8a8508c34","user":{"id":"2dda0439-5180-45aa-917f-e632e45a8e41","email":"test@example.com","username":"johndoe","name":"John Doe","phoneNumber":"0987654321","profilePic":null,"bio":null,"private":false,"verified":false,"role":0,"followersCount":0,"followingCount":0,"postCount":0}}"
16:32:04.811 [pool-2-thread-11] DEBUG org.apache.http.headers -- http-outgoing-51 << HTTP/1.1 200 OK
16:32:04.811 [pool-2-thread-11] DEBUG org.apache.http.headers -- http-outgoing-51 << X-Powered-By: Express
16:32:04.811 [pool-2-thread-11] DEBUG org.apache.http.headers -- http-outgoing-51 << Access-Control-Allow-Origin: *
16:32:04.811 [pool-2-thread-11] DEBUG org.apache.http.headers -- http-outgoing-51 << Content-Type: application/json; charset=utf-8
16:32:04.811 [pool-2-thread-11] DEBUG org.apache.http.headers -- http-outgoing-51 << Content-Length: 599
16:32:04.811 [pool-2-thread-11] DEBUG org.apache.http.headers -- http-outgoing-51 << ETag: W/"257-A2fYwiSRauxqCORC+qm8yJtd9/g"
16:32:04.811 [pool-2-thread-11] DEBUG org.apache.http.headers -- http-outgoing-51 << Date: Tue, 24 Jun 2025 09:32:04 GMT
16:32:04.811 [pool-2-thread-11] DEBUG org.apache.http.headers -- http-outgoing-51 << Connection: keep-alive
16:32:04.811 [pool-2-thread-11] DEBUG org.apache.http.headers -- http-outgoing-51 << Keep-Alive: timeout=5
16:32:04.811 [pool-2-thread-11] DEBUG org.apache.http.impl.execchain.MainClientExec -- Connection can be kept alive for 5000 MILLISECONDS
16:32:04.811 [pool-2-thread-11] DEBUG org.apache.http.impl.conn.PoolingHttpClientConnectionManager -- Connection [id: 51][route: {}->http://localhost:3000] can be kept alive for 5.0 seconds
16:32:04.811 [pool-2-thread-11] DEBUG org.apache.http.impl.conn.DefaultManagedHttpClientConnection -- http-outgoing-51: set socket timeout to 0
16:32:04.811 [pool-2-thread-11] DEBUG org.apache.http.impl.conn.PoolingHttpClientConnectionManager -- Connection released: [id: 51][route: {}->http://localhost:3000][total available: 1; route allocated: 1 of 5; total allocated: 1 of 10]
16:32:04.811 [pool-2-thread-11] DEBUG org.apache.http.impl.conn.PoolingHttpClientConnectionManager -- Connection manager is shutting down
16:32:04.811 [pool-2-thread-11] DEBUG org.apache.http.impl.conn.DefaultManagedHttpClientConnection -- http-outgoing-51: Close connection
16:32:04.811 [pool-2-thread-11] DEBUG org.apache.http.impl.conn.PoolingHttpClientConnectionManager -- Connection manager shut down
16:32:04.811 [pool-2-thread-11] DEBUG com.intuit.karate -- response time in milliseconds: 3169
1 < 200
1 < X-Powered-By: Express
1 < Access-Control-Allow-Origin: *
1 < Content-Type: application/json; charset=utf-8
1 < Content-Length: 599
1 < ETag: W/"257-A2fYwiSRauxqCORC+qm8yJtd9/g"
1 < Date: Tue, 24 Jun 2025 09:32:04 GMT
1 < Connection: keep-alive
1 < Keep-Alive: timeout=5
{"access_token":"eyJhbGciOiJIUzI1NiIsInR5cCI6IkpXVCJ9.eyJzdWIiOiIyZGRhMDQzOS01MTgwLTQ1YWEtOTE3Zi1lNjMyZTQ1YThlNDEiLCJ1c2VybmFtZSI6ImpvaG5kb2UiLCJyb2xlIjowLCJpYXQiOjE3NTA3NTc1MjMsImV4cCI6MTc1MDc2MTEyM30.P161nYwyMlF_weeF7smM96U2LsIwp9CF58Wa1NIsC0M","refresh_token":"8c9a828c5363ca7b92d9eeec6747085f831a1085122f1b477bb33ce8a8508c34","user":{"id":"2dda0439-5180-45aa-917f-e632e45a8e41","email":"test@example.com","username":"johndoe","name":"John Doe","phoneNumber":"0987654321","profilePic":null,"bio":null,"private":false,"verified":false,"role":0,"followersCount":0,"followingCount":0,"postCount":0}}

16:32:04.815 [pool-2-thread-11] INFO com.intuit.karate -- [print] 50-thread call completed, status: 200 
16:32:04.821 [pool-2-thread-11] DEBUG com.jayway.jsonpath.internal.path.CompiledPath -- Evaluating path: $
16:32:04.822 [pool-2-thread-11] INFO com.intuit.karate -- [print] *** 50-THREAD CONCURRENT API CALL for user: testit5@gmail.com *** 
16:32:04.824 [pool-2-thread-11] DEBUG org.apache.http.client.protocol.RequestAddCookies -- CookieSpec selected: karate
16:32:04.825 [pool-2-thread-11] DEBUG org.apache.http.client.protocol.RequestAuthCache -- Auth cache not set in the context
16:32:04.825 [pool-2-thread-11] DEBUG com.intuit.karate -- request:
1 > POST http://localhost:3000/auth/login
1 > Content-Type: application/json; charset=UTF-8
1 > Content-Length: 54
1 > Host: localhost:3000
1 > Connection: Keep-Alive
1 > User-Agent: Apache-HttpClient/4.5.14 (Java/17.0.9)
1 > Accept-Encoding: gzip,deflate
{"email":"testit5@gmail.com","password":"Password123"}

16:32:04.825 [pool-2-thread-11] DEBUG org.apache.http.impl.conn.PoolingHttpClientConnectionManager -- Connection request: [route: {}->http://localhost:3000][total available: 0; route allocated: 0 of 5; total allocated: 0 of 10]
16:32:04.825 [pool-2-thread-11] DEBUG org.apache.http.impl.conn.PoolingHttpClientConnectionManager -- Connection leased: [id: 67][route: {}->http://localhost:3000][total available: 0; route allocated: 1 of 5; total allocated: 1 of 10]
16:32:04.825 [pool-2-thread-11] DEBUG org.apache.http.impl.execchain.MainClientExec -- Opening connection {}->http://localhost:3000
16:32:04.825 [pool-2-thread-11] DEBUG org.apache.http.impl.conn.DefaultHttpClientConnectionOperator -- Connecting to localhost/127.0.0.1:3000
16:32:04.826 [pool-2-thread-11] DEBUG org.apache.http.impl.conn.DefaultHttpClientConnectionOperator -- Connection established 127.0.0.1:52237<->127.0.0.1:3000
16:32:04.826 [pool-2-thread-11] DEBUG org.apache.http.impl.conn.DefaultManagedHttpClientConnection -- http-outgoing-67: set socket timeout to 30000
16:32:04.826 [pool-2-thread-11] DEBUG org.apache.http.impl.execchain.MainClientExec -- Executing request POST /auth/login HTTP/1.1
16:32:04.826 [pool-2-thread-11] DEBUG org.apache.http.impl.execchain.MainClientExec -- Target auth state: UNCHALLENGED
16:32:04.826 [pool-2-thread-11] DEBUG org.apache.http.impl.execchain.MainClientExec -- Proxy auth state: UNCHALLENGED
16:32:04.826 [pool-2-thread-11] DEBUG org.apache.http.headers -- http-outgoing-67 >> POST /auth/login HTTP/1.1
16:32:04.826 [pool-2-thread-11] DEBUG org.apache.http.headers -- http-outgoing-67 >> Content-Type: application/json; charset=UTF-8
16:32:04.826 [pool-2-thread-11] DEBUG org.apache.http.headers -- http-outgoing-67 >> Content-Length: 54
16:32:04.826 [pool-2-thread-11] DEBUG org.apache.http.headers -- http-outgoing-67 >> Host: localhost:3000
16:32:04.826 [pool-2-thread-11] DEBUG org.apache.http.headers -- http-outgoing-67 >> Connection: Keep-Alive
16:32:04.826 [pool-2-thread-11] DEBUG org.apache.http.headers -- http-outgoing-67 >> User-Agent: Apache-HttpClient/4.5.14 (Java/17.0.9)
16:32:04.826 [pool-2-thread-11] DEBUG org.apache.http.headers -- http-outgoing-67 >> Accept-Encoding: gzip,deflate
16:32:04.826 [pool-2-thread-11] DEBUG org.apache.http.wire -- http-outgoing-67 >> "POST /auth/login HTTP/1.1[\r][\n]"
16:32:04.826 [pool-2-thread-11] DEBUG org.apache.http.wire -- http-outgoing-67 >> "Content-Type: application/json; charset=UTF-8[\r][\n]"
16:32:04.826 [pool-2-thread-11] DEBUG org.apache.http.wire -- http-outgoing-67 >> "Content-Length: 54[\r][\n]"
16:32:04.826 [pool-2-thread-11] DEBUG org.apache.http.wire -- http-outgoing-67 >> "Host: localhost:3000[\r][\n]"
16:32:04.826 [pool-2-thread-11] DEBUG org.apache.http.wire -- http-outgoing-67 >> "Connection: Keep-Alive[\r][\n]"
16:32:04.826 [pool-2-thread-11] DEBUG org.apache.http.wire -- http-outgoing-67 >> "User-Agent: Apache-HttpClient/4.5.14 (Java/17.0.9)[\r][\n]"
16:32:04.826 [pool-2-thread-11] DEBUG org.apache.http.wire -- http-outgoing-67 >> "Accept-Encoding: gzip,deflate[\r][\n]"
16:32:04.826 [pool-2-thread-11] DEBUG org.apache.http.wire -- http-outgoing-67 >> "[\r][\n]"
16:32:04.826 [pool-2-thread-11] DEBUG org.apache.http.wire -- http-outgoing-67 >> "{"email":"testit5@gmail.com","password":"Password123"}"
16:32:04.887 [pool-2-thread-18] DEBUG org.apache.http.wire -- http-outgoing-50 << "HTTP/1.1 200 OK[\r][\n]"
16:32:04.887 [pool-2-thread-18] DEBUG org.apache.http.wire -- http-outgoing-50 << "X-Powered-By: Express[\r][\n]"
16:32:04.887 [pool-2-thread-18] DEBUG org.apache.http.wire -- http-outgoing-50 << "Access-Control-Allow-Origin: *[\r][\n]"
16:32:04.887 [pool-2-thread-18] DEBUG org.apache.http.wire -- http-outgoing-50 << "Content-Type: application/json; charset=utf-8[\r][\n]"
16:32:04.887 [pool-2-thread-18] DEBUG org.apache.http.wire -- http-outgoing-50 << "Content-Length: 708[\r][\n]"
16:32:04.887 [pool-2-thread-18] DEBUG org.apache.http.wire -- http-outgoing-50 << "ETag: W/"2c4-ejD3uVy0dfV9UDmyTzKGOa+QJIE"[\r][\n]"
16:32:04.887 [pool-2-thread-18] DEBUG org.apache.http.wire -- http-outgoing-50 << "Date: Tue, 24 Jun 2025 09:32:04 GMT[\r][\n]"
16:32:04.887 [pool-2-thread-18] DEBUG org.apache.http.wire -- http-outgoing-50 << "Connection: keep-alive[\r][\n]"
16:32:04.887 [pool-2-thread-18] DEBUG org.apache.http.wire -- http-outgoing-50 << "Keep-Alive: timeout=5[\r][\n]"
16:32:04.887 [pool-2-thread-18] DEBUG org.apache.http.wire -- http-outgoing-50 << "[\r][\n]"
16:32:04.887 [pool-2-thread-18] DEBUG org.apache.http.wire -- http-outgoing-50 << "{"access_token":"eyJhbGciOiJIUzI1NiIsInR5cCI6IkpXVCJ9.eyJzdWIiOiIwODUxNWIwNS0yZDNlLTQ3ODktYWQ2MC1kYjM1NTI1YTQ5NzAiLCJ1c2VybmFtZSI6Im5hbSIsInJvbGUiOjAsImlhdCI6MTc1MDc1NzUyMywiZXhwIjoxNzUwNzYxMTIzfQ.-CPm4mdICATYW8QRLfLMeDDSXpAOpQb4CdaWP1nC_5s","refresh_token":"cbadc448f4156659bd445712c6a0cef42f566083aa15d1f7f83adabaada610c5","user":{"id":"08515b05-2d3e-4789-ad60-db35525a4970","email":"nam@gmail.com","username":"nam","name":"nam","phoneNumber":"0123456789","profilePic":"https://res.cloudinary.com/dizcvrefo/image/upload/v1749266646/nestjs_uploads/zk9zrpeidnovxibfqdxr.png","bio":"Chu tich hoi dong Quan tri 1","private":false,"verified":false,"role":0,"followersCount":2,"followingCount":5,"postCount":13}}"
16:32:04.887 [pool-2-thread-18] DEBUG org.apache.http.headers -- http-outgoing-50 << HTTP/1.1 200 OK
16:32:04.887 [pool-2-thread-18] DEBUG org.apache.http.headers -- http-outgoing-50 << X-Powered-By: Express
16:32:04.887 [pool-2-thread-18] DEBUG org.apache.http.headers -- http-outgoing-50 << Access-Control-Allow-Origin: *
16:32:04.887 [pool-2-thread-18] DEBUG org.apache.http.headers -- http-outgoing-50 << Content-Type: application/json; charset=utf-8
16:32:04.887 [pool-2-thread-18] DEBUG org.apache.http.headers -- http-outgoing-50 << Content-Length: 708
16:32:04.887 [pool-2-thread-18] DEBUG org.apache.http.headers -- http-outgoing-50 << ETag: W/"2c4-ejD3uVy0dfV9UDmyTzKGOa+QJIE"
16:32:04.887 [pool-2-thread-18] DEBUG org.apache.http.headers -- http-outgoing-50 << Date: Tue, 24 Jun 2025 09:32:04 GMT
16:32:04.887 [pool-2-thread-18] DEBUG org.apache.http.headers -- http-outgoing-50 << Connection: keep-alive
16:32:04.887 [pool-2-thread-18] DEBUG org.apache.http.headers -- http-outgoing-50 << Keep-Alive: timeout=5
16:32:04.887 [pool-2-thread-18] DEBUG org.apache.http.impl.execchain.MainClientExec -- Connection can be kept alive for 5000 MILLISECONDS
16:32:04.887 [pool-2-thread-18] DEBUG org.apache.http.impl.conn.PoolingHttpClientConnectionManager -- Connection [id: 50][route: {}->http://localhost:3000] can be kept alive for 5.0 seconds
16:32:04.888 [pool-2-thread-18] DEBUG org.apache.http.impl.conn.DefaultManagedHttpClientConnection -- http-outgoing-50: set socket timeout to 0
16:32:04.888 [pool-2-thread-18] DEBUG org.apache.http.impl.conn.PoolingHttpClientConnectionManager -- Connection released: [id: 50][route: {}->http://localhost:3000][total available: 1; route allocated: 1 of 5; total allocated: 1 of 10]
16:32:04.888 [pool-2-thread-18] DEBUG org.apache.http.impl.conn.PoolingHttpClientConnectionManager -- Connection manager is shutting down
16:32:04.888 [pool-2-thread-18] DEBUG org.apache.http.impl.conn.DefaultManagedHttpClientConnection -- http-outgoing-50: Close connection
16:32:04.888 [pool-2-thread-18] DEBUG org.apache.http.impl.conn.PoolingHttpClientConnectionManager -- Connection manager shut down
16:32:04.888 [pool-2-thread-18] DEBUG com.intuit.karate -- response time in milliseconds: 3246
1 < 200
1 < X-Powered-By: Express
1 < Access-Control-Allow-Origin: *
1 < Content-Type: application/json; charset=utf-8
1 < Content-Length: 708
1 < ETag: W/"2c4-ejD3uVy0dfV9UDmyTzKGOa+QJIE"
1 < Date: Tue, 24 Jun 2025 09:32:04 GMT
1 < Connection: keep-alive
1 < Keep-Alive: timeout=5
{"access_token":"eyJhbGciOiJIUzI1NiIsInR5cCI6IkpXVCJ9.eyJzdWIiOiIwODUxNWIwNS0yZDNlLTQ3ODktYWQ2MC1kYjM1NTI1YTQ5NzAiLCJ1c2VybmFtZSI6Im5hbSIsInJvbGUiOjAsImlhdCI6MTc1MDc1NzUyMywiZXhwIjoxNzUwNzYxMTIzfQ.-CPm4mdICATYW8QRLfLMeDDSXpAOpQb4CdaWP1nC_5s","refresh_token":"cbadc448f4156659bd445712c6a0cef42f566083aa15d1f7f83adabaada610c5","user":{"id":"08515b05-2d3e-4789-ad60-db35525a4970","email":"nam@gmail.com","username":"nam","name":"nam","phoneNumber":"0123456789","profilePic":"https://res.cloudinary.com/dizcvrefo/image/upload/v1749266646/nestjs_uploads/zk9zrpeidnovxibfqdxr.png","bio":"Chu tich hoi dong Quan tri 1","private":false,"verified":false,"role":0,"followersCount":2,"followingCount":5,"postCount":13}}

16:32:04.890 [pool-2-thread-18] INFO com.intuit.karate -- [print] 50-thread call completed, status: 200 
16:32:04.895 [pool-2-thread-18] DEBUG com.jayway.jsonpath.internal.path.CompiledPath -- Evaluating path: $
16:32:04.896 [pool-2-thread-40] DEBUG org.apache.http.wire -- http-outgoing-55 << "HTTP/1.1 200 OK[\r][\n]"
16:32:04.896 [pool-2-thread-40] DEBUG org.apache.http.wire -- http-outgoing-55 << "X-Powered-By: Express[\r][\n]"
16:32:04.896 [pool-2-thread-40] DEBUG org.apache.http.wire -- http-outgoing-55 << "Access-Control-Allow-Origin: *[\r][\n]"
16:32:04.896 [pool-2-thread-40] DEBUG org.apache.http.wire -- http-outgoing-55 << "Content-Type: application/json; charset=utf-8[\r][\n]"
16:32:04.896 [pool-2-thread-40] DEBUG org.apache.http.wire -- http-outgoing-55 << "Content-Length: 607[\r][\n]"
16:32:04.896 [pool-2-thread-40] DEBUG org.apache.http.wire -- http-outgoing-55 << "ETag: W/"25f-7PnLfw/MgL0ttbEuGPUAFBDkgvc"[\r][\n]"
16:32:04.896 [pool-2-thread-40] DEBUG org.apache.http.wire -- http-outgoing-55 << "Date: Tue, 24 Jun 2025 09:32:04 GMT[\r][\n]"
16:32:04.896 [pool-2-thread-40] DEBUG org.apache.http.wire -- http-outgoing-55 << "Connection: keep-alive[\r][\n]"
16:32:04.896 [pool-2-thread-40] DEBUG org.apache.http.wire -- http-outgoing-55 << "Keep-Alive: timeout=5[\r][\n]"
16:32:04.896 [pool-2-thread-40] DEBUG org.apache.http.wire -- http-outgoing-55 << "[\r][\n]"
16:32:04.896 [pool-2-thread-40] DEBUG org.apache.http.wire -- http-outgoing-55 << "{"access_token":"eyJhbGciOiJIUzI1NiIsInR5cCI6IkpXVCJ9.eyJzdWIiOiI5YTI2OTc2Yy0xNTMyLTRkZjMtYTE2ZS03NjMxNTI1Yzg1MDIiLCJ1c2VybmFtZSI6ImpvaG5kb2UyZDUiLCJyb2xlIjowLCJpYXQiOjE3NTA3NTc1MjMsImV4cCI6MTc1MDc2MTEyM30.V6HJNhQGLNcUnPiJ87oAo21qfV9WaU71lpsan8izHFY","refresh_token":"a628935e69e0b052bf7f96e0e7d0706e4a1040e79be093fe157913c0dd4f0820","user":{"id":"9a26976c-1532-4df3-a16e-7631525c8502","email":"testit4@gmail.com","username":"johndoe2d5","name":"John Doe","phoneNumber":"0123456212","profilePic":null,"bio":null,"private":false,"verified":false,"role":0,"followersCount":0,"followingCount":0,"postCount":0}}"
16:32:04.896 [pool-2-thread-40] DEBUG org.apache.http.headers -- http-outgoing-55 << HTTP/1.1 200 OK
16:32:04.896 [pool-2-thread-40] DEBUG org.apache.http.headers -- http-outgoing-55 << X-Powered-By: Express
16:32:04.896 [pool-2-thread-40] DEBUG org.apache.http.headers -- http-outgoing-55 << Access-Control-Allow-Origin: *
16:32:04.896 [pool-2-thread-40] DEBUG org.apache.http.headers -- http-outgoing-55 << Content-Type: application/json; charset=utf-8
16:32:04.896 [pool-2-thread-40] DEBUG org.apache.http.headers -- http-outgoing-55 << Content-Length: 607
16:32:04.896 [pool-2-thread-40] DEBUG org.apache.http.headers -- http-outgoing-55 << ETag: W/"25f-7PnLfw/MgL0ttbEuGPUAFBDkgvc"
16:32:04.896 [pool-2-thread-40] DEBUG org.apache.http.headers -- http-outgoing-55 << Date: Tue, 24 Jun 2025 09:32:04 GMT
16:32:04.896 [pool-2-thread-40] DEBUG org.apache.http.headers -- http-outgoing-55 << Connection: keep-alive
16:32:04.897 [pool-2-thread-40] DEBUG org.apache.http.headers -- http-outgoing-55 << Keep-Alive: timeout=5
16:32:04.897 [pool-2-thread-40] DEBUG org.apache.http.impl.execchain.MainClientExec -- Connection can be kept alive for 5000 MILLISECONDS
16:32:04.897 [pool-2-thread-40] DEBUG org.apache.http.impl.conn.PoolingHttpClientConnectionManager -- Connection [id: 55][route: {}->http://localhost:3000] can be kept alive for 5.0 seconds
16:32:04.897 [pool-2-thread-40] DEBUG org.apache.http.impl.conn.DefaultManagedHttpClientConnection -- http-outgoing-55: set socket timeout to 0
16:32:04.897 [pool-2-thread-40] DEBUG org.apache.http.impl.conn.PoolingHttpClientConnectionManager -- Connection released: [id: 55][route: {}->http://localhost:3000][total available: 1; route allocated: 1 of 5; total allocated: 1 of 10]
16:32:04.897 [pool-2-thread-40] DEBUG org.apache.http.impl.conn.PoolingHttpClientConnectionManager -- Connection manager is shutting down
16:32:04.897 [pool-2-thread-40] DEBUG org.apache.http.impl.conn.DefaultManagedHttpClientConnection -- http-outgoing-55: Close connection
16:32:04.897 [pool-2-thread-40] DEBUG org.apache.http.impl.conn.PoolingHttpClientConnectionManager -- Connection manager shut down
16:32:04.897 [pool-2-thread-40] DEBUG com.intuit.karate -- response time in milliseconds: 3242
1 < 200
1 < X-Powered-By: Express
1 < Access-Control-Allow-Origin: *
1 < Content-Type: application/json; charset=utf-8
1 < Content-Length: 607
1 < ETag: W/"25f-7PnLfw/MgL0ttbEuGPUAFBDkgvc"
1 < Date: Tue, 24 Jun 2025 09:32:04 GMT
1 < Connection: keep-alive
1 < Keep-Alive: timeout=5
{"access_token":"eyJhbGciOiJIUzI1NiIsInR5cCI6IkpXVCJ9.eyJzdWIiOiI5YTI2OTc2Yy0xNTMyLTRkZjMtYTE2ZS03NjMxNTI1Yzg1MDIiLCJ1c2VybmFtZSI6ImpvaG5kb2UyZDUiLCJyb2xlIjowLCJpYXQiOjE3NTA3NTc1MjMsImV4cCI6MTc1MDc2MTEyM30.V6HJNhQGLNcUnPiJ87oAo21qfV9WaU71lpsan8izHFY","refresh_token":"a628935e69e0b052bf7f96e0e7d0706e4a1040e79be093fe157913c0dd4f0820","user":{"id":"9a26976c-1532-4df3-a16e-7631525c8502","email":"testit4@gmail.com","username":"johndoe2d5","name":"John Doe","phoneNumber":"0123456212","profilePic":null,"bio":null,"private":false,"verified":false,"role":0,"followersCount":0,"followingCount":0,"postCount":0}}

16:32:04.897 [pool-2-thread-18] INFO com.intuit.karate -- [print] *** 50-THREAD CONCURRENT API CALL for user: testit@gmail.com *** 
16:32:04.899 [pool-2-thread-40] INFO com.intuit.karate -- [print] 50-thread call completed, status: 200 
16:32:04.899 [pool-2-thread-18] DEBUG org.apache.http.client.protocol.RequestAddCookies -- CookieSpec selected: karate
16:32:04.899 [pool-2-thread-18] DEBUG org.apache.http.client.protocol.RequestAuthCache -- Auth cache not set in the context
16:32:04.900 [pool-2-thread-18] DEBUG com.intuit.karate -- request:
1 > POST http://localhost:3000/auth/login
1 > Content-Type: application/json; charset=UTF-8
1 > Content-Length: 53
1 > Host: localhost:3000
1 > Connection: Keep-Alive
1 > User-Agent: Apache-HttpClient/4.5.14 (Java/17.0.9)
1 > Accept-Encoding: gzip,deflate
{"email":"testit@gmail.com","password":"Password123"}

16:32:04.900 [pool-2-thread-18] DEBUG org.apache.http.impl.conn.PoolingHttpClientConnectionManager -- Connection request: [route: {}->http://localhost:3000][total available: 0; route allocated: 0 of 5; total allocated: 0 of 10]
16:32:04.900 [pool-2-thread-18] DEBUG org.apache.http.impl.conn.PoolingHttpClientConnectionManager -- Connection leased: [id: 68][route: {}->http://localhost:3000][total available: 0; route allocated: 1 of 5; total allocated: 1 of 10]
16:32:04.900 [pool-2-thread-18] DEBUG org.apache.http.impl.execchain.MainClientExec -- Opening connection {}->http://localhost:3000
16:32:04.900 [pool-2-thread-18] DEBUG org.apache.http.impl.conn.DefaultHttpClientConnectionOperator -- Connecting to localhost/127.0.0.1:3000
16:32:04.901 [pool-2-thread-18] DEBUG org.apache.http.impl.conn.DefaultHttpClientConnectionOperator -- Connection established 127.0.0.1:52238<->127.0.0.1:3000
16:32:04.901 [pool-2-thread-18] DEBUG org.apache.http.impl.conn.DefaultManagedHttpClientConnection -- http-outgoing-68: set socket timeout to 30000
16:32:04.901 [pool-2-thread-18] DEBUG org.apache.http.impl.execchain.MainClientExec -- Executing request POST /auth/login HTTP/1.1
16:32:04.901 [pool-2-thread-18] DEBUG org.apache.http.impl.execchain.MainClientExec -- Target auth state: UNCHALLENGED
16:32:04.901 [pool-2-thread-18] DEBUG org.apache.http.impl.execchain.MainClientExec -- Proxy auth state: UNCHALLENGED
16:32:04.901 [pool-2-thread-18] DEBUG org.apache.http.headers -- http-outgoing-68 >> POST /auth/login HTTP/1.1
16:32:04.901 [pool-2-thread-18] DEBUG org.apache.http.headers -- http-outgoing-68 >> Content-Type: application/json; charset=UTF-8
16:32:04.901 [pool-2-thread-18] DEBUG org.apache.http.headers -- http-outgoing-68 >> Content-Length: 53
16:32:04.901 [pool-2-thread-18] DEBUG org.apache.http.headers -- http-outgoing-68 >> Host: localhost:3000
16:32:04.901 [pool-2-thread-18] DEBUG org.apache.http.headers -- http-outgoing-68 >> Connection: Keep-Alive
16:32:04.901 [pool-2-thread-18] DEBUG org.apache.http.headers -- http-outgoing-68 >> User-Agent: Apache-HttpClient/4.5.14 (Java/17.0.9)
16:32:04.901 [pool-2-thread-18] DEBUG org.apache.http.headers -- http-outgoing-68 >> Accept-Encoding: gzip,deflate
16:32:04.901 [pool-2-thread-18] DEBUG org.apache.http.wire -- http-outgoing-68 >> "POST /auth/login HTTP/1.1[\r][\n]"
16:32:04.901 [pool-2-thread-18] DEBUG org.apache.http.wire -- http-outgoing-68 >> "Content-Type: application/json; charset=UTF-8[\r][\n]"
16:32:04.901 [pool-2-thread-18] DEBUG org.apache.http.wire -- http-outgoing-68 >> "Content-Length: 53[\r][\n]"
16:32:04.901 [pool-2-thread-18] DEBUG org.apache.http.wire -- http-outgoing-68 >> "Host: localhost:3000[\r][\n]"
16:32:04.901 [pool-2-thread-18] DEBUG org.apache.http.wire -- http-outgoing-68 >> "Connection: Keep-Alive[\r][\n]"
16:32:04.901 [pool-2-thread-18] DEBUG org.apache.http.wire -- http-outgoing-68 >> "User-Agent: Apache-HttpClient/4.5.14 (Java/17.0.9)[\r][\n]"
16:32:04.901 [pool-2-thread-18] DEBUG org.apache.http.wire -- http-outgoing-68 >> "Accept-Encoding: gzip,deflate[\r][\n]"
16:32:04.901 [pool-2-thread-18] DEBUG org.apache.http.wire -- http-outgoing-68 >> "[\r][\n]"
16:32:04.901 [pool-2-thread-18] DEBUG org.apache.http.wire -- http-outgoing-68 >> "{"email":"testit@gmail.com","password":"Password123"}"
16:32:04.904 [pool-2-thread-40] DEBUG com.jayway.jsonpath.internal.path.CompiledPath -- Evaluating path: $
16:32:04.906 [pool-2-thread-40] INFO com.intuit.karate -- [print] *** 50-THREAD CONCURRENT API CALL for user: testit2@gmail.com *** 
16:32:04.909 [pool-2-thread-40] DEBUG org.apache.http.client.protocol.RequestAddCookies -- CookieSpec selected: karate
16:32:04.909 [pool-2-thread-40] DEBUG org.apache.http.client.protocol.RequestAuthCache -- Auth cache not set in the context
16:32:04.909 [pool-2-thread-40] DEBUG com.intuit.karate -- request:
1 > POST http://localhost:3000/auth/login
1 > Content-Type: application/json; charset=UTF-8
1 > Content-Length: 54
1 > Host: localhost:3000
1 > Connection: Keep-Alive
1 > User-Agent: Apache-HttpClient/4.5.14 (Java/17.0.9)
1 > Accept-Encoding: gzip,deflate
{"email":"testit2@gmail.com","password":"Password123"}

16:32:04.909 [pool-2-thread-40] DEBUG org.apache.http.impl.conn.PoolingHttpClientConnectionManager -- Connection request: [route: {}->http://localhost:3000][total available: 0; route allocated: 0 of 5; total allocated: 0 of 10]
16:32:04.909 [pool-2-thread-40] DEBUG org.apache.http.impl.conn.PoolingHttpClientConnectionManager -- Connection leased: [id: 69][route: {}->http://localhost:3000][total available: 0; route allocated: 1 of 5; total allocated: 1 of 10]
16:32:04.909 [pool-2-thread-40] DEBUG org.apache.http.impl.execchain.MainClientExec -- Opening connection {}->http://localhost:3000
16:32:04.910 [pool-2-thread-40] DEBUG org.apache.http.impl.conn.DefaultHttpClientConnectionOperator -- Connecting to localhost/127.0.0.1:3000
16:32:04.911 [pool-2-thread-40] DEBUG org.apache.http.impl.conn.DefaultHttpClientConnectionOperator -- Connection established 127.0.0.1:52239<->127.0.0.1:3000
16:32:04.911 [pool-2-thread-40] DEBUG org.apache.http.impl.conn.DefaultManagedHttpClientConnection -- http-outgoing-69: set socket timeout to 30000
16:32:04.911 [pool-2-thread-40] DEBUG org.apache.http.impl.execchain.MainClientExec -- Executing request POST /auth/login HTTP/1.1
16:32:04.911 [pool-2-thread-40] DEBUG org.apache.http.impl.execchain.MainClientExec -- Target auth state: UNCHALLENGED
16:32:04.911 [pool-2-thread-40] DEBUG org.apache.http.impl.execchain.MainClientExec -- Proxy auth state: UNCHALLENGED
16:32:04.911 [pool-2-thread-40] DEBUG org.apache.http.headers -- http-outgoing-69 >> POST /auth/login HTTP/1.1
16:32:04.911 [pool-2-thread-40] DEBUG org.apache.http.headers -- http-outgoing-69 >> Content-Type: application/json; charset=UTF-8
16:32:04.911 [pool-2-thread-40] DEBUG org.apache.http.headers -- http-outgoing-69 >> Content-Length: 54
16:32:04.911 [pool-2-thread-40] DEBUG org.apache.http.headers -- http-outgoing-69 >> Host: localhost:3000
16:32:04.911 [pool-2-thread-40] DEBUG org.apache.http.headers -- http-outgoing-69 >> Connection: Keep-Alive
16:32:04.911 [pool-2-thread-40] DEBUG org.apache.http.headers -- http-outgoing-69 >> User-Agent: Apache-HttpClient/4.5.14 (Java/17.0.9)
16:32:04.911 [pool-2-thread-40] DEBUG org.apache.http.headers -- http-outgoing-69 >> Accept-Encoding: gzip,deflate
16:32:04.911 [pool-2-thread-40] DEBUG org.apache.http.wire -- http-outgoing-69 >> "POST /auth/login HTTP/1.1[\r][\n]"
16:32:04.911 [pool-2-thread-40] DEBUG org.apache.http.wire -- http-outgoing-69 >> "Content-Type: application/json; charset=UTF-8[\r][\n]"
16:32:04.911 [pool-2-thread-40] DEBUG org.apache.http.wire -- http-outgoing-69 >> "Content-Length: 54[\r][\n]"
16:32:04.911 [pool-2-thread-40] DEBUG org.apache.http.wire -- http-outgoing-69 >> "Host: localhost:3000[\r][\n]"
16:32:04.911 [pool-2-thread-40] DEBUG org.apache.http.wire -- http-outgoing-69 >> "Connection: Keep-Alive[\r][\n]"
16:32:04.911 [pool-2-thread-40] DEBUG org.apache.http.wire -- http-outgoing-69 >> "User-Agent: Apache-HttpClient/4.5.14 (Java/17.0.9)[\r][\n]"
16:32:04.911 [pool-2-thread-40] DEBUG org.apache.http.wire -- http-outgoing-69 >> "Accept-Encoding: gzip,deflate[\r][\n]"
16:32:04.911 [pool-2-thread-40] DEBUG org.apache.http.wire -- http-outgoing-69 >> "[\r][\n]"
16:32:04.911 [pool-2-thread-40] DEBUG org.apache.http.wire -- http-outgoing-69 >> "{"email":"testit2@gmail.com","password":"Password123"}"
16:32:05.600 [pool-2-thread-20] DEBUG org.apache.http.wire -- http-outgoing-47 << "HTTP/1.1 200 OK[\r][\n]"
16:32:05.600 [pool-2-thread-20] DEBUG org.apache.http.wire -- http-outgoing-47 << "X-Powered-By: Express[\r][\n]"
16:32:05.600 [pool-2-thread-20] DEBUG org.apache.http.wire -- http-outgoing-47 << "Access-Control-Allow-Origin: *[\r][\n]"
16:32:05.600 [pool-2-thread-20] DEBUG org.apache.http.wire -- http-outgoing-47 << "Content-Type: application/json; charset=utf-8[\r][\n]"
16:32:05.601 [pool-2-thread-20] DEBUG org.apache.http.wire -- http-outgoing-47 << "Content-Length: 605[\r][\n]"
16:32:05.601 [pool-2-thread-20] DEBUG org.apache.http.wire -- http-outgoing-47 << "ETag: W/"25d-sXXYjWXwmRwRkA5CEEsT4t8Rb0g"[\r][\n]"
16:32:05.601 [pool-2-thread-20] DEBUG org.apache.http.wire -- http-outgoing-47 << "Date: Tue, 24 Jun 2025 09:32:05 GMT[\r][\n]"
16:32:05.601 [pool-2-thread-20] DEBUG org.apache.http.wire -- http-outgoing-47 << "Connection: keep-alive[\r][\n]"
16:32:05.601 [pool-2-thread-20] DEBUG org.apache.http.wire -- http-outgoing-47 << "Keep-Alive: timeout=5[\r][\n]"
16:32:05.601 [pool-2-thread-20] DEBUG org.apache.http.wire -- http-outgoing-47 << "[\r][\n]"
16:32:05.601 [pool-2-thread-20] DEBUG org.apache.http.wire -- http-outgoing-47 << "{"access_token":"eyJhbGciOiJIUzI1NiIsInR5cCI6IkpXVCJ9.eyJzdWIiOiIwYTM3ZWY0My1mZWU4LTQxZDMtYTY4Ni04YWIwODY5NDg2OTUiLCJ1c2VybmFtZSI6ImpvaG5kb2UyMSIsInJvbGUiOjAsImlhdCI6MTc1MDc1NzUyNCwiZXhwIjoxNzUwNzYxMTI0fQ.uZRJ86PIThu-qlvr9AtjlVzVIFrHdVt-IsQIZrvMxwY","refresh_token":"de2f320a3d34b3173e04ff15c48b5a1c899d4c42ba1dbeac9a906cb12113ff4a","user":{"id":"0a37ef43-fee8-41d3-a686-8ab086948695","email":"testit2@gmail.com","username":"johndoe21","name":"John Doe","phoneNumber":"0123456712","profilePic":null,"bio":null,"private":false,"verified":false,"role":0,"followersCount":0,"followingCount":0,"postCount":0}}"
16:32:05.601 [pool-2-thread-20] DEBUG org.apache.http.headers -- http-outgoing-47 << HTTP/1.1 200 OK
16:32:05.601 [pool-2-thread-20] DEBUG org.apache.http.headers -- http-outgoing-47 << X-Powered-By: Express
16:32:05.601 [pool-2-thread-20] DEBUG org.apache.http.headers -- http-outgoing-47 << Access-Control-Allow-Origin: *
16:32:05.601 [pool-2-thread-20] DEBUG org.apache.http.headers -- http-outgoing-47 << Content-Type: application/json; charset=utf-8
16:32:05.601 [pool-2-thread-20] DEBUG org.apache.http.headers -- http-outgoing-47 << Content-Length: 605
16:32:05.601 [pool-2-thread-20] DEBUG org.apache.http.headers -- http-outgoing-47 << ETag: W/"25d-sXXYjWXwmRwRkA5CEEsT4t8Rb0g"
16:32:05.601 [pool-2-thread-20] DEBUG org.apache.http.headers -- http-outgoing-47 << Date: Tue, 24 Jun 2025 09:32:05 GMT
16:32:05.601 [pool-2-thread-20] DEBUG org.apache.http.headers -- http-outgoing-47 << Connection: keep-alive
16:32:05.601 [pool-2-thread-20] DEBUG org.apache.http.headers -- http-outgoing-47 << Keep-Alive: timeout=5
16:32:05.601 [pool-2-thread-20] DEBUG org.apache.http.impl.execchain.MainClientExec -- Connection can be kept alive for 5000 MILLISECONDS
16:32:05.601 [pool-2-thread-20] DEBUG org.apache.http.impl.conn.PoolingHttpClientConnectionManager -- Connection [id: 19][route: {}->http://localhost:3000] can be kept alive for 5.0 seconds
16:32:05.601 [pool-2-thread-20] DEBUG org.apache.http.impl.conn.DefaultManagedHttpClientConnection -- http-outgoing-47: set socket timeout to 0
16:32:05.601 [pool-2-thread-20] DEBUG org.apache.http.impl.conn.PoolingHttpClientConnectionManager -- Connection released: [id: 19][route: {}->http://localhost:3000][total available: 1; route allocated: 1 of 5; total allocated: 1 of 10]
16:32:05.601 [pool-2-thread-20] DEBUG org.apache.http.impl.conn.PoolingHttpClientConnectionManager -- Connection manager is shutting down
16:32:05.601 [pool-2-thread-20] DEBUG org.apache.http.impl.conn.DefaultManagedHttpClientConnection -- http-outgoing-47: Close connection
16:32:05.601 [pool-2-thread-20] DEBUG org.apache.http.impl.conn.PoolingHttpClientConnectionManager -- Connection manager shut down
16:32:05.601 [pool-2-thread-20] DEBUG com.intuit.karate -- response time in milliseconds: 5097
1 < 200
1 < X-Powered-By: Express
1 < Access-Control-Allow-Origin: *
1 < Content-Type: application/json; charset=utf-8
1 < Content-Length: 605
1 < ETag: W/"25d-sXXYjWXwmRwRkA5CEEsT4t8Rb0g"
1 < Date: Tue, 24 Jun 2025 09:32:05 GMT
1 < Connection: keep-alive
1 < Keep-Alive: timeout=5
{"access_token":"eyJhbGciOiJIUzI1NiIsInR5cCI6IkpXVCJ9.eyJzdWIiOiIwYTM3ZWY0My1mZWU4LTQxZDMtYTY4Ni04YWIwODY5NDg2OTUiLCJ1c2VybmFtZSI6ImpvaG5kb2UyMSIsInJvbGUiOjAsImlhdCI6MTc1MDc1NzUyNCwiZXhwIjoxNzUwNzYxMTI0fQ.uZRJ86PIThu-qlvr9AtjlVzVIFrHdVt-IsQIZrvMxwY","refresh_token":"de2f320a3d34b3173e04ff15c48b5a1c899d4c42ba1dbeac9a906cb12113ff4a","user":{"id":"0a37ef43-fee8-41d3-a686-8ab086948695","email":"testit2@gmail.com","username":"johndoe21","name":"John Doe","phoneNumber":"0123456712","profilePic":null,"bio":null,"private":false,"verified":false,"role":0,"followersCount":0,"followingCount":0,"postCount":0}}

16:32:05.603 [pool-2-thread-20] INFO com.intuit.karate -- [print] 50-thread call completed, status: 200 
16:32:05.605 [pool-2-thread-20] DEBUG com.jayway.jsonpath.internal.path.CompiledPath -- Evaluating path: $
16:32:05.605 [pool-2-thread-20] INFO com.intuit.karate -- [print] *** 50-THREAD CONCURRENT API CALL for user: nam@gmail.com *** 
16:32:05.607 [pool-2-thread-20] DEBUG org.apache.http.client.protocol.RequestAddCookies -- CookieSpec selected: karate
16:32:05.607 [pool-2-thread-20] DEBUG org.apache.http.client.protocol.RequestAuthCache -- Auth cache not set in the context
16:32:05.607 [pool-2-thread-20] DEBUG com.intuit.karate -- request:
1 > POST http://localhost:3000/auth/login
1 > Content-Type: application/json; charset=UTF-8
1 > Content-Length: 45
1 > Host: localhost:3000
1 > Connection: Keep-Alive
1 > User-Agent: Apache-HttpClient/4.5.14 (Java/17.0.9)
1 > Accept-Encoding: gzip,deflate
{"email":"nam@gmail.com","password":"123456"}

16:32:05.607 [pool-2-thread-20] DEBUG org.apache.http.impl.conn.PoolingHttpClientConnectionManager -- Connection request: [route: {}->http://localhost:3000][total available: 0; route allocated: 0 of 5; total allocated: 0 of 10]
16:32:05.607 [pool-2-thread-20] DEBUG org.apache.http.impl.conn.PoolingHttpClientConnectionManager -- Connection leased: [id: 70][route: {}->http://localhost:3000][total available: 0; route allocated: 1 of 5; total allocated: 1 of 10]
16:32:05.607 [pool-2-thread-20] DEBUG org.apache.http.impl.execchain.MainClientExec -- Opening connection {}->http://localhost:3000
16:32:05.607 [pool-2-thread-20] DEBUG org.apache.http.impl.conn.DefaultHttpClientConnectionOperator -- Connecting to localhost/127.0.0.1:3000
16:32:05.608 [pool-2-thread-20] DEBUG org.apache.http.impl.conn.DefaultHttpClientConnectionOperator -- Connection established 127.0.0.1:52240<->127.0.0.1:3000
16:32:05.608 [pool-2-thread-20] DEBUG org.apache.http.impl.conn.DefaultManagedHttpClientConnection -- http-outgoing-70: set socket timeout to 30000
16:32:05.608 [pool-2-thread-20] DEBUG org.apache.http.impl.execchain.MainClientExec -- Executing request POST /auth/login HTTP/1.1
16:32:05.608 [pool-2-thread-20] DEBUG org.apache.http.impl.execchain.MainClientExec -- Target auth state: UNCHALLENGED
16:32:05.608 [pool-2-thread-20] DEBUG org.apache.http.impl.execchain.MainClientExec -- Proxy auth state: UNCHALLENGED
16:32:05.608 [pool-2-thread-20] DEBUG org.apache.http.headers -- http-outgoing-70 >> POST /auth/login HTTP/1.1
16:32:05.608 [pool-2-thread-20] DEBUG org.apache.http.headers -- http-outgoing-70 >> Content-Type: application/json; charset=UTF-8
16:32:05.608 [pool-2-thread-20] DEBUG org.apache.http.headers -- http-outgoing-70 >> Content-Length: 45
16:32:05.608 [pool-2-thread-20] DEBUG org.apache.http.headers -- http-outgoing-70 >> Host: localhost:3000
16:32:05.608 [pool-2-thread-20] DEBUG org.apache.http.headers -- http-outgoing-70 >> Connection: Keep-Alive
16:32:05.608 [pool-2-thread-20] DEBUG org.apache.http.headers -- http-outgoing-70 >> User-Agent: Apache-HttpClient/4.5.14 (Java/17.0.9)
16:32:05.608 [pool-2-thread-20] DEBUG org.apache.http.headers -- http-outgoing-70 >> Accept-Encoding: gzip,deflate
16:32:05.608 [pool-2-thread-20] DEBUG org.apache.http.wire -- http-outgoing-70 >> "POST /auth/login HTTP/1.1[\r][\n]"
16:32:05.608 [pool-2-thread-20] DEBUG org.apache.http.wire -- http-outgoing-70 >> "Content-Type: application/json; charset=UTF-8[\r][\n]"
16:32:05.608 [pool-2-thread-20] DEBUG org.apache.http.wire -- http-outgoing-70 >> "Content-Length: 45[\r][\n]"
16:32:05.608 [pool-2-thread-20] DEBUG org.apache.http.wire -- http-outgoing-70 >> "Host: localhost:3000[\r][\n]"
16:32:05.608 [pool-2-thread-20] DEBUG org.apache.http.wire -- http-outgoing-70 >> "Connection: Keep-Alive[\r][\n]"
16:32:05.608 [pool-2-thread-20] DEBUG org.apache.http.wire -- http-outgoing-70 >> "User-Agent: Apache-HttpClient/4.5.14 (Java/17.0.9)[\r][\n]"
16:32:05.608 [pool-2-thread-20] DEBUG org.apache.http.wire -- http-outgoing-70 >> "Accept-Encoding: gzip,deflate[\r][\n]"
16:32:05.608 [pool-2-thread-20] DEBUG org.apache.http.wire -- http-outgoing-70 >> "[\r][\n]"
16:32:05.608 [pool-2-thread-20] DEBUG org.apache.http.wire -- http-outgoing-70 >> "{"email":"nam@gmail.com","password":"123456"}"
16:32:05.609 [pool-2-thread-4] DEBUG org.apache.http.wire -- http-outgoing-48 << "HTTP/1.1 200 OK[\r][\n]"
16:32:05.609 [pool-2-thread-4] DEBUG org.apache.http.wire -- http-outgoing-48 << "X-Powered-By: Express[\r][\n]"
16:32:05.609 [pool-2-thread-4] DEBUG org.apache.http.wire -- http-outgoing-48 << "Access-Control-Allow-Origin: *[\r][\n]"
16:32:05.609 [pool-2-thread-4] DEBUG org.apache.http.wire -- http-outgoing-48 << "Content-Type: application/json; charset=utf-8[\r][\n]"
16:32:05.609 [pool-2-thread-4] DEBUG org.apache.http.wire -- http-outgoing-48 << "Content-Length: 608[\r][\n]"
16:32:05.609 [pool-2-thread-4] DEBUG org.apache.http.wire -- http-outgoing-48 << "ETag: W/"260-n60r/a04St16y/knJY5AFqg1qyw"[\r][\n]"
16:32:05.609 [pool-2-thread-4] DEBUG org.apache.http.wire -- http-outgoing-48 << "Date: Tue, 24 Jun 2025 09:32:05 GMT[\r][\n]"
16:32:05.609 [pool-2-thread-4] DEBUG org.apache.http.wire -- http-outgoing-48 << "Connection: keep-alive[\r][\n]"
16:32:05.609 [pool-2-thread-4] DEBUG org.apache.http.wire -- http-outgoing-48 << "Keep-Alive: timeout=5[\r][\n]"
16:32:05.609 [pool-2-thread-4] DEBUG org.apache.http.wire -- http-outgoing-48 << "[\r][\n]"
16:32:05.609 [pool-2-thread-4] DEBUG org.apache.http.wire -- http-outgoing-48 << "{"access_token":"eyJhbGciOiJIUzI1NiIsInR5cCI6IkpXVCJ9.eyJzdWIiOiI4YTI0NzQ2MS01YzA0LTQyMWQtOThmNS1mYTljNzM0ZmFlYTUiLCJ1c2VybmFtZSI6ImphbmVzbWl0aCIsInJvbGUiOjAsImlhdCI6MTc1MDc1NzUyNCwiZXhwIjoxNzUwNzYxMTI0fQ.rFlLKH4YZATtEj-1ypMfkh-sOVt2DaIXIXO50qpbnps","refresh_token":"fe302afa3144c39559f7c9575b35a95743563d28b9abcf006bd44722da32994c","user":{"id":"8a247461-5c04-421d-98f5-fa9c734faea5","email":"test2@example.com","username":"janesmith","name":"Jane Smith","phoneNumber":"01234567890","profilePic":null,"bio":null,"private":false,"verified":false,"role":0,"followersCount":0,"followingCount":0,"postCount":0}}"
16:32:05.609 [pool-2-thread-35] DEBUG org.apache.http.wire -- http-outgoing-39 << "HTTP/1.1 200 OK[\r][\n]"
16:32:05.609 [pool-2-thread-35] DEBUG org.apache.http.wire -- http-outgoing-39 << "X-Powered-By: Express[\r][\n]"
16:32:05.609 [pool-2-thread-35] DEBUG org.apache.http.wire -- http-outgoing-39 << "Access-Control-Allow-Origin: *[\r][\n]"
16:32:05.609 [pool-2-thread-35] DEBUG org.apache.http.wire -- http-outgoing-39 << "Content-Type: application/json; charset=utf-8[\r][\n]"
16:32:05.609 [pool-2-thread-35] DEBUG org.apache.http.wire -- http-outgoing-39 << "Content-Length: 607[\r][\n]"
16:32:05.609 [pool-2-thread-35] DEBUG org.apache.http.wire -- http-outgoing-39 << "ETag: W/"25f-ZMn2ECrwcTJxGryMCD+5cCvUJOI"[\r][\n]"
16:32:05.609 [pool-2-thread-35] DEBUG org.apache.http.wire -- http-outgoing-39 << "Date: Tue, 24 Jun 2025 09:32:05 GMT[\r][\n]"
16:32:05.609 [pool-2-thread-35] DEBUG org.apache.http.wire -- http-outgoing-39 << "Connection: keep-alive[\r][\n]"
16:32:05.609 [pool-2-thread-35] DEBUG org.apache.http.wire -- http-outgoing-39 << "Keep-Alive: timeout=5[\r][\n]"
16:32:05.609 [pool-2-thread-4] DEBUG org.apache.http.headers -- http-outgoing-48 << HTTP/1.1 200 OK
16:32:05.609 [pool-2-thread-35] DEBUG org.apache.http.wire -- http-outgoing-39 << "[\r][\n]"
16:32:05.609 [pool-2-thread-4] DEBUG org.apache.http.headers -- http-outgoing-48 << X-Powered-By: Express
16:32:05.609 [pool-2-thread-4] DEBUG org.apache.http.headers -- http-outgoing-48 << Access-Control-Allow-Origin: *
16:32:05.609 [pool-2-thread-4] DEBUG org.apache.http.headers -- http-outgoing-48 << Content-Type: application/json; charset=utf-8
16:32:05.609 [pool-2-thread-4] DEBUG org.apache.http.headers -- http-outgoing-48 << Content-Length: 608
16:32:05.609 [pool-2-thread-4] DEBUG org.apache.http.headers -- http-outgoing-48 << ETag: W/"260-n60r/a04St16y/knJY5AFqg1qyw"
16:32:05.609 [pool-2-thread-4] DEBUG org.apache.http.headers -- http-outgoing-48 << Date: Tue, 24 Jun 2025 09:32:05 GMT
16:32:05.609 [pool-2-thread-4] DEBUG org.apache.http.headers -- http-outgoing-48 << Connection: keep-alive
16:32:05.609 [pool-2-thread-4] DEBUG org.apache.http.headers -- http-outgoing-48 << Keep-Alive: timeout=5
16:32:05.609 [pool-2-thread-35] DEBUG org.apache.http.wire -- http-outgoing-39 << "{"access_token":"eyJhbGciOiJIUzI1NiIsInR5cCI6IkpXVCJ9.eyJzdWIiOiJjMjE0MjJkZi1jY2VjLTQ0MGUtOWE0Mi1jMWI4MmFiZjczM2QiLCJ1c2VybmFtZSI6ImpvaG5kb2UyOCIsInJvbGUiOjAsImlhdCI6MTc1MDc1NzUyNCwiZXhwIjoxNzUwNzYxMTI0fQ.TqhfJE1c6zW0LOi1XCRvxKcFGGC7_MiWN5kvEOxbLpE","refresh_token":"d053af0c57b8627c4f930a9eb28396b2d5b90ad490aa1f9badf64e77f9f5db55","user":{"id":"c21422df-ccec-440e-9a42-c1b82abf733d","email":"test28@example.com","username":"johndoe28","name":"John Doe","phoneNumber":"84987654321","profilePic":null,"bio":null,"private":false,"verified":false,"role":0,"followersCount":0,"followingCount":0,"postCount":0}}"
16:32:05.609 [pool-2-thread-35] DEBUG org.apache.http.headers -- http-outgoing-39 << HTTP/1.1 200 OK
16:32:05.609 [pool-2-thread-35] DEBUG org.apache.http.headers -- http-outgoing-39 << X-Powered-By: Express
16:32:05.609 [pool-2-thread-35] DEBUG org.apache.http.headers -- http-outgoing-39 << Access-Control-Allow-Origin: *
16:32:05.609 [pool-2-thread-35] DEBUG org.apache.http.headers -- http-outgoing-39 << Content-Type: application/json; charset=utf-8
16:32:05.609 [pool-2-thread-35] DEBUG org.apache.http.headers -- http-outgoing-39 << Content-Length: 607
16:32:05.609 [pool-2-thread-4] DEBUG org.apache.http.impl.execchain.MainClientExec -- Connection can be kept alive for 5000 MILLISECONDS
16:32:05.609 [pool-2-thread-35] DEBUG org.apache.http.headers -- http-outgoing-39 << ETag: W/"25f-ZMn2ECrwcTJxGryMCD+5cCvUJOI"
16:32:05.611 [pool-2-thread-35] DEBUG org.apache.http.headers -- http-outgoing-39 << Date: Tue, 24 Jun 2025 09:32:05 GMT
16:32:05.611 [pool-2-thread-35] DEBUG org.apache.http.headers -- http-outgoing-39 << Connection: keep-alive
16:32:05.611 [pool-2-thread-22] DEBUG org.apache.http.wire -- http-outgoing-9 << "HTTP/1.1 200 OK[\r][\n]"
16:32:05.611 [pool-2-thread-22] DEBUG org.apache.http.wire -- http-outgoing-9 << "X-Powered-By: Express[\r][\n]"
16:32:05.611 [pool-2-thread-35] DEBUG org.apache.http.headers -- http-outgoing-39 << Keep-Alive: timeout=5
16:32:05.611 [pool-2-thread-22] DEBUG org.apache.http.wire -- http-outgoing-9 << "Access-Control-Allow-Origin: *[\r][\n]"
16:32:05.611 [pool-2-thread-22] DEBUG org.apache.http.wire -- http-outgoing-9 << "Content-Type: application/json; charset=utf-8[\r][\n]"
16:32:05.611 [pool-2-thread-22] DEBUG org.apache.http.wire -- http-outgoing-9 << "Content-Length: 715[\r][\n]"
16:32:05.611 [pool-2-thread-22] DEBUG org.apache.http.wire -- http-outgoing-9 << "ETag: W/"2cb-kMI8jt+6sIAe+nmi2NZufhRHhr8"[\r][\n]"
16:32:05.611 [pool-2-thread-22] DEBUG org.apache.http.wire -- http-outgoing-9 << "Date: Tue, 24 Jun 2025 09:32:05 GMT[\r][\n]"
16:32:05.611 [pool-2-thread-22] DEBUG org.apache.http.wire -- http-outgoing-9 << "Connection: keep-alive[\r][\n]"
16:32:05.611 [pool-2-thread-22] DEBUG org.apache.http.wire -- http-outgoing-9 << "Keep-Alive: timeout=5[\r][\n]"
16:32:05.611 [pool-2-thread-22] DEBUG org.apache.http.wire -- http-outgoing-9 << "[\r][\n]"
16:32:05.611 [pool-2-thread-4] DEBUG org.apache.http.impl.conn.PoolingHttpClientConnectionManager -- Connection [id: 8][route: {}->http://localhost:3000] can be kept alive for 5.0 seconds
16:32:05.611 [pool-2-thread-35] DEBUG org.apache.http.impl.execchain.MainClientExec -- Connection can be kept alive for 5000 MILLISECONDS
16:32:05.611 [pool-2-thread-4] DEBUG org.apache.http.impl.conn.DefaultManagedHttpClientConnection -- http-outgoing-48: set socket timeout to 0
16:32:05.611 [pool-2-thread-22] DEBUG org.apache.http.wire -- http-outgoing-9 << "{"access_token":"eyJhbGciOiJIUzI1NiIsInR5cCI6IkpXVCJ9.eyJzdWIiOiIyYjg0YWEyNC02NjhhLTQwZTItYWYxYy1hZDRmYzRmYTVhNmYiLCJ1c2VybmFtZSI6InF1YW5nMSIsInJvbGUiOjAsImlhdCI6MTc1MDc1NzUyNCwiZXhwIjoxNzUwNzYxMTI0fQ.jP4FwQ1LuYaJabfcGYp94NNJ-VGY5uaf1WMqf4rPba4","refresh_token":"eb02ef5a1c7b4b5532c200f4ef25487da0080c6e00c6db569dfbafe3b18a86a3","user":{"id":"2b84aa24-668a-40e2-af1c-ad4fc4fa5a6f","email":"quang1@gmail.com","username":"quang1","name":"quang1","phoneNumber":"09874563210","profilePic":"https://res.cloudinary.com/dizcvrefo/image/upload/v1749027586/nestjs_uploads/xehairydt9rzlbmbmv4c.jpg","bio":"Thang Nam Lao Vua Thoi","private":false,"verified":false,"role":0,"followersCount":2,"followingCount":3,"postCount":2}}"
16:32:05.611 [pool-2-thread-4] DEBUG org.apache.http.impl.conn.PoolingHttpClientConnectionManager -- Connection released: [id: 8][route: {}->http://localhost:3000][total available: 1; route allocated: 1 of 5; total allocated: 1 of 10]
16:32:05.611 [pool-2-thread-35] DEBUG org.apache.http.impl.conn.PoolingHttpClientConnectionManager -- Connection [id: 1][route: {}->http://localhost:3000] can be kept alive for 5.0 seconds
16:32:05.611 [pool-2-thread-35] DEBUG org.apache.http.impl.conn.DefaultManagedHttpClientConnection -- http-outgoing-39: set socket timeout to 0
16:32:05.611 [pool-2-thread-4] DEBUG org.apache.http.impl.conn.PoolingHttpClientConnectionManager -- Connection manager is shutting down
16:32:05.611 [pool-2-thread-22] DEBUG org.apache.http.headers -- http-outgoing-9 << HTTP/1.1 200 OK
16:32:05.611 [pool-2-thread-22] DEBUG org.apache.http.headers -- http-outgoing-9 << X-Powered-By: Express
16:32:05.611 [pool-2-thread-22] DEBUG org.apache.http.headers -- http-outgoing-9 << Access-Control-Allow-Origin: *
16:32:05.611 [pool-2-thread-22] DEBUG org.apache.http.headers -- http-outgoing-9 << Content-Type: application/json; charset=utf-8
16:32:05.611 [pool-2-thread-35] DEBUG org.apache.http.impl.conn.PoolingHttpClientConnectionManager -- Connection released: [id: 1][route: {}->http://localhost:3000][total available: 1; route allocated: 1 of 5; total allocated: 1 of 10]
16:32:05.611 [pool-2-thread-22] DEBUG org.apache.http.headers -- http-outgoing-9 << Content-Length: 715
16:32:05.611 [pool-2-thread-22] DEBUG org.apache.http.headers -- http-outgoing-9 << ETag: W/"2cb-kMI8jt+6sIAe+nmi2NZufhRHhr8"
16:32:05.611 [pool-2-thread-4] DEBUG org.apache.http.impl.conn.DefaultManagedHttpClientConnection -- http-outgoing-48: Close connection
16:32:05.611 [pool-2-thread-35] DEBUG org.apache.http.impl.conn.PoolingHttpClientConnectionManager -- Connection manager is shutting down
16:32:05.611 [pool-2-thread-22] DEBUG org.apache.http.headers -- http-outgoing-9 << Date: Tue, 24 Jun 2025 09:32:05 GMT
16:32:05.611 [pool-2-thread-22] DEBUG org.apache.http.headers -- http-outgoing-9 << Connection: keep-alive
16:32:05.611 [pool-2-thread-35] DEBUG org.apache.http.impl.conn.DefaultManagedHttpClientConnection -- http-outgoing-39: Close connection
16:32:05.611 [pool-2-thread-22] DEBUG org.apache.http.headers -- http-outgoing-9 << Keep-Alive: timeout=5
16:32:05.611 [pool-2-thread-22] DEBUG org.apache.http.impl.execchain.MainClientExec -- Connection can be kept alive for 5000 MILLISECONDS
16:32:05.611 [pool-2-thread-35] DEBUG org.apache.http.impl.conn.PoolingHttpClientConnectionManager -- Connection manager shut down
16:32:05.611 [pool-2-thread-4] DEBUG org.apache.http.impl.conn.PoolingHttpClientConnectionManager -- Connection manager shut down
16:32:05.611 [pool-2-thread-22] DEBUG org.apache.http.impl.conn.PoolingHttpClientConnectionManager -- Connection [id: 7][route: {}->http://localhost:3000] can be kept alive for 5.0 seconds
16:32:05.611 [pool-2-thread-22] DEBUG org.apache.http.impl.conn.DefaultManagedHttpClientConnection -- http-outgoing-9: set socket timeout to 0
16:32:05.611 [pool-2-thread-22] DEBUG org.apache.http.impl.conn.PoolingHttpClientConnectionManager -- Connection released: [id: 7][route: {}->http://localhost:3000][total available: 1; route allocated: 1 of 5; total allocated: 1 of 10]
16:32:05.611 [pool-2-thread-22] DEBUG org.apache.http.impl.conn.PoolingHttpClientConnectionManager -- Connection manager is shutting down
16:32:05.611 [pool-2-thread-4] DEBUG com.intuit.karate -- response time in milliseconds: 5106
1 < 200
1 < X-Powered-By: Express
1 < Access-Control-Allow-Origin: *
1 < Content-Type: application/json; charset=utf-8
1 < Content-Length: 608
1 < ETag: W/"260-n60r/a04St16y/knJY5AFqg1qyw"
1 < Date: Tue, 24 Jun 2025 09:32:05 GMT
1 < Connection: keep-alive
1 < Keep-Alive: timeout=5
{"access_token":"eyJhbGciOiJIUzI1NiIsInR5cCI6IkpXVCJ9.eyJzdWIiOiI4YTI0NzQ2MS01YzA0LTQyMWQtOThmNS1mYTljNzM0ZmFlYTUiLCJ1c2VybmFtZSI6ImphbmVzbWl0aCIsInJvbGUiOjAsImlhdCI6MTc1MDc1NzUyNCwiZXhwIjoxNzUwNzYxMTI0fQ.rFlLKH4YZATtEj-1ypMfkh-sOVt2DaIXIXO50qpbnps","refresh_token":"fe302afa3144c39559f7c9575b35a95743563d28b9abcf006bd44722da32994c","user":{"id":"8a247461-5c04-421d-98f5-fa9c734faea5","email":"test2@example.com","username":"janesmith","name":"Jane Smith","phoneNumber":"01234567890","profilePic":null,"bio":null,"private":false,"verified":false,"role":0,"followersCount":0,"followingCount":0,"postCount":0}}

16:32:05.611 [pool-2-thread-22] DEBUG org.apache.http.impl.conn.DefaultManagedHttpClientConnection -- http-outgoing-9: Close connection
16:32:05.611 [pool-2-thread-35] DEBUG com.intuit.karate -- response time in milliseconds: 5112
1 < 200
1 < X-Powered-By: Express
1 < Access-Control-Allow-Origin: *
1 < Content-Type: application/json; charset=utf-8
1 < Content-Length: 607
1 < ETag: W/"25f-ZMn2ECrwcTJxGryMCD+5cCvUJOI"
1 < Date: Tue, 24 Jun 2025 09:32:05 GMT
1 < Connection: keep-alive
1 < Keep-Alive: timeout=5
{"access_token":"eyJhbGciOiJIUzI1NiIsInR5cCI6IkpXVCJ9.eyJzdWIiOiJjMjE0MjJkZi1jY2VjLTQ0MGUtOWE0Mi1jMWI4MmFiZjczM2QiLCJ1c2VybmFtZSI6ImpvaG5kb2UyOCIsInJvbGUiOjAsImlhdCI6MTc1MDc1NzUyNCwiZXhwIjoxNzUwNzYxMTI0fQ.TqhfJE1c6zW0LOi1XCRvxKcFGGC7_MiWN5kvEOxbLpE","refresh_token":"d053af0c57b8627c4f930a9eb28396b2d5b90ad490aa1f9badf64e77f9f5db55","user":{"id":"c21422df-ccec-440e-9a42-c1b82abf733d","email":"test28@example.com","username":"johndoe28","name":"John Doe","phoneNumber":"84987654321","profilePic":null,"bio":null,"private":false,"verified":false,"role":0,"followersCount":0,"followingCount":0,"postCount":0}}

16:32:05.611 [pool-2-thread-22] DEBUG org.apache.http.impl.conn.PoolingHttpClientConnectionManager -- Connection manager shut down
16:32:05.611 [pool-2-thread-22] DEBUG com.intuit.karate -- response time in milliseconds: 5111
1 < 200
1 < X-Powered-By: Express
1 < Access-Control-Allow-Origin: *
1 < Content-Type: application/json; charset=utf-8
1 < Content-Length: 715
1 < ETag: W/"2cb-kMI8jt+6sIAe+nmi2NZufhRHhr8"
1 < Date: Tue, 24 Jun 2025 09:32:05 GMT
1 < Connection: keep-alive
1 < Keep-Alive: timeout=5
{"access_token":"eyJhbGciOiJIUzI1NiIsInR5cCI6IkpXVCJ9.eyJzdWIiOiIyYjg0YWEyNC02NjhhLTQwZTItYWYxYy1hZDRmYzRmYTVhNmYiLCJ1c2VybmFtZSI6InF1YW5nMSIsInJvbGUiOjAsImlhdCI6MTc1MDc1NzUyNCwiZXhwIjoxNzUwNzYxMTI0fQ.jP4FwQ1LuYaJabfcGYp94NNJ-VGY5uaf1WMqf4rPba4","refresh_token":"eb02ef5a1c7b4b5532c200f4ef25487da0080c6e00c6db569dfbafe3b18a86a3","user":{"id":"2b84aa24-668a-40e2-af1c-ad4fc4fa5a6f","email":"quang1@gmail.com","username":"quang1","name":"quang1","phoneNumber":"09874563210","profilePic":"https://res.cloudinary.com/dizcvrefo/image/upload/v1749027586/nestjs_uploads/xehairydt9rzlbmbmv4c.jpg","bio":"Thang Nam Lao Vua Thoi","private":false,"verified":false,"role":0,"followersCount":2,"followingCount":3,"postCount":2}}

16:32:05.612 [pool-2-thread-4] INFO com.intuit.karate -- [print] 50-thread call completed, status: 200 
16:32:05.612 [pool-2-thread-35] INFO com.intuit.karate -- [print] 50-thread call completed, status: 200 
16:32:05.612 [pool-2-thread-22] INFO com.intuit.karate -- [print] 50-thread call completed, status: 200 
16:32:05.615 [pool-2-thread-35] DEBUG com.jayway.jsonpath.internal.path.CompiledPath -- Evaluating path: $
16:32:05.615 [pool-2-thread-4] DEBUG com.jayway.jsonpath.internal.path.CompiledPath -- Evaluating path: $
16:32:05.615 [pool-2-thread-22] DEBUG com.jayway.jsonpath.internal.path.CompiledPath -- Evaluating path: $
16:32:05.615 [pool-2-thread-22] INFO com.intuit.karate -- [print] *** 50-THREAD CONCURRENT API CALL for user: test2@example.com *** 
16:32:05.615 [pool-2-thread-4] INFO com.intuit.karate -- [print] *** 50-THREAD CONCURRENT API CALL for user: quang1@gmail.com *** 
16:32:05.615 [pool-2-thread-35] INFO com.intuit.karate -- [print] *** 50-THREAD CONCURRENT API CALL for user: test@example.com *** 
16:32:05.616 [pool-2-thread-22] DEBUG org.apache.http.client.protocol.RequestAddCookies -- CookieSpec selected: karate
16:32:05.616 [pool-2-thread-35] DEBUG org.apache.http.client.protocol.RequestAddCookies -- CookieSpec selected: karate
16:32:05.616 [pool-2-thread-4] DEBUG org.apache.http.client.protocol.RequestAddCookies -- CookieSpec selected: karate
16:32:05.616 [pool-2-thread-22] DEBUG org.apache.http.client.protocol.RequestAuthCache -- Auth cache not set in the context
16:32:05.616 [pool-2-thread-35] DEBUG org.apache.http.client.protocol.RequestAuthCache -- Auth cache not set in the context
16:32:05.616 [pool-2-thread-4] DEBUG org.apache.http.client.protocol.RequestAuthCache -- Auth cache not set in the context
16:32:05.616 [pool-2-thread-35] DEBUG com.intuit.karate -- request:
1 > POST http://localhost:3000/auth/login
1 > Content-Type: application/json; charset=UTF-8
1 > Content-Length: 53
1 > Host: localhost:3000
1 > Connection: Keep-Alive
1 > User-Agent: Apache-HttpClient/4.5.14 (Java/17.0.9)
1 > Accept-Encoding: gzip,deflate
{"email":"test@example.com","password":"Password123"}

16:32:05.616 [pool-2-thread-22] DEBUG com.intuit.karate -- request:
1 > POST http://localhost:3000/auth/login
1 > Content-Type: application/json; charset=UTF-8
1 > Content-Length: 54
1 > Host: localhost:3000
1 > Connection: Keep-Alive
1 > User-Agent: Apache-HttpClient/4.5.14 (Java/17.0.9)
1 > Accept-Encoding: gzip,deflate
{"email":"test2@example.com","password":"Password123"}

16:32:05.616 [pool-2-thread-4] DEBUG com.intuit.karate -- request:
1 > POST http://localhost:3000/auth/login
1 > Content-Type: application/json; charset=UTF-8
1 > Content-Length: 48
1 > Host: localhost:3000
1 > Connection: Keep-Alive
1 > User-Agent: Apache-HttpClient/4.5.14 (Java/17.0.9)
1 > Accept-Encoding: gzip,deflate
{"email":"quang1@gmail.com","password":"quang1"}

16:32:05.616 [pool-2-thread-22] DEBUG org.apache.http.impl.conn.PoolingHttpClientConnectionManager -- Connection request: [route: {}->http://localhost:3000][total available: 0; route allocated: 0 of 5; total allocated: 0 of 10]
16:32:05.616 [pool-2-thread-4] DEBUG org.apache.http.impl.conn.PoolingHttpClientConnectionManager -- Connection request: [route: {}->http://localhost:3000][total available: 0; route allocated: 0 of 5; total allocated: 0 of 10]
16:32:05.616 [pool-2-thread-35] DEBUG org.apache.http.impl.conn.PoolingHttpClientConnectionManager -- Connection request: [route: {}->http://localhost:3000][total available: 0; route allocated: 0 of 5; total allocated: 0 of 10]
16:32:05.617 [pool-2-thread-4] DEBUG org.apache.http.impl.conn.PoolingHttpClientConnectionManager -- Connection leased: [id: 71][route: {}->http://localhost:3000][total available: 0; route allocated: 1 of 5; total allocated: 1 of 10]
16:32:05.617 [pool-2-thread-22] DEBUG org.apache.http.impl.conn.PoolingHttpClientConnectionManager -- Connection leased: [id: 72][route: {}->http://localhost:3000][total available: 0; route allocated: 1 of 5; total allocated: 1 of 10]
16:32:05.617 [pool-2-thread-35] DEBUG org.apache.http.impl.conn.PoolingHttpClientConnectionManager -- Connection leased: [id: 73][route: {}->http://localhost:3000][total available: 0; route allocated: 1 of 5; total allocated: 1 of 10]
16:32:05.617 [pool-2-thread-4] DEBUG org.apache.http.impl.execchain.MainClientExec -- Opening connection {}->http://localhost:3000
16:32:05.617 [pool-2-thread-35] DEBUG org.apache.http.impl.execchain.MainClientExec -- Opening connection {}->http://localhost:3000
16:32:05.617 [pool-2-thread-22] DEBUG org.apache.http.impl.execchain.MainClientExec -- Opening connection {}->http://localhost:3000
16:32:05.617 [pool-2-thread-35] DEBUG org.apache.http.impl.conn.DefaultHttpClientConnectionOperator -- Connecting to localhost/127.0.0.1:3000
16:32:05.617 [pool-2-thread-22] DEBUG org.apache.http.impl.conn.DefaultHttpClientConnectionOperator -- Connecting to localhost/127.0.0.1:3000
16:32:05.617 [pool-2-thread-4] DEBUG org.apache.http.impl.conn.DefaultHttpClientConnectionOperator -- Connecting to localhost/127.0.0.1:3000
16:32:05.617 [pool-2-thread-35] DEBUG org.apache.http.impl.conn.DefaultHttpClientConnectionOperator -- Connection established 127.0.0.1:52241<->127.0.0.1:3000
16:32:05.617 [pool-2-thread-35] DEBUG org.apache.http.impl.conn.DefaultManagedHttpClientConnection -- http-outgoing-73: set socket timeout to 30000
16:32:05.617 [pool-2-thread-22] DEBUG org.apache.http.impl.conn.DefaultHttpClientConnectionOperator -- Connection established 127.0.0.1:52242<->127.0.0.1:3000
16:32:05.617 [pool-2-thread-35] DEBUG org.apache.http.impl.execchain.MainClientExec -- Executing request POST /auth/login HTTP/1.1
16:32:05.617 [pool-2-thread-22] DEBUG org.apache.http.impl.conn.DefaultManagedHttpClientConnection -- http-outgoing-71: set socket timeout to 30000
16:32:05.617 [pool-2-thread-35] DEBUG org.apache.http.impl.execchain.MainClientExec -- Target auth state: UNCHALLENGED
16:32:05.617 [pool-2-thread-35] DEBUG org.apache.http.impl.execchain.MainClientExec -- Proxy auth state: UNCHALLENGED
16:32:05.617 [pool-2-thread-4] DEBUG org.apache.http.impl.conn.DefaultHttpClientConnectionOperator -- Connection established 127.0.0.1:52243<->127.0.0.1:3000
16:32:05.617 [pool-2-thread-22] DEBUG org.apache.http.impl.execchain.MainClientExec -- Executing request POST /auth/login HTTP/1.1
16:32:05.617 [pool-2-thread-35] DEBUG org.apache.http.headers -- http-outgoing-73 >> POST /auth/login HTTP/1.1
16:32:05.617 [pool-2-thread-4] DEBUG org.apache.http.impl.conn.DefaultManagedHttpClientConnection -- http-outgoing-72: set socket timeout to 30000
16:32:05.617 [pool-2-thread-35] DEBUG org.apache.http.headers -- http-outgoing-73 >> Content-Type: application/json; charset=UTF-8
16:32:05.617 [pool-2-thread-22] DEBUG org.apache.http.impl.execchain.MainClientExec -- Target auth state: UNCHALLENGED
16:32:05.617 [pool-2-thread-35] DEBUG org.apache.http.headers -- http-outgoing-73 >> Content-Length: 53
16:32:05.617 [pool-2-thread-35] DEBUG org.apache.http.headers -- http-outgoing-73 >> Host: localhost:3000
16:32:05.617 [pool-2-thread-35] DEBUG org.apache.http.headers -- http-outgoing-73 >> Connection: Keep-Alive
16:32:05.617 [pool-2-thread-35] DEBUG org.apache.http.headers -- http-outgoing-73 >> User-Agent: Apache-HttpClient/4.5.14 (Java/17.0.9)
16:32:05.617 [pool-2-thread-35] DEBUG org.apache.http.headers -- http-outgoing-73 >> Accept-Encoding: gzip,deflate
16:32:05.617 [pool-2-thread-4] DEBUG org.apache.http.impl.execchain.MainClientExec -- Executing request POST /auth/login HTTP/1.1
16:32:05.617 [pool-2-thread-22] DEBUG org.apache.http.impl.execchain.MainClientExec -- Proxy auth state: UNCHALLENGED
16:32:05.617 [pool-2-thread-4] DEBUG org.apache.http.impl.execchain.MainClientExec -- Target auth state: UNCHALLENGED
16:32:05.617 [pool-2-thread-4] DEBUG org.apache.http.impl.execchain.MainClientExec -- Proxy auth state: UNCHALLENGED
16:32:05.617 [pool-2-thread-35] DEBUG org.apache.http.wire -- http-outgoing-73 >> "POST /auth/login HTTP/1.1[\r][\n]"
16:32:05.617 [pool-2-thread-35] DEBUG org.apache.http.wire -- http-outgoing-73 >> "Content-Type: application/json; charset=UTF-8[\r][\n]"
16:32:05.617 [pool-2-thread-35] DEBUG org.apache.http.wire -- http-outgoing-73 >> "Content-Length: 53[\r][\n]"
16:32:05.617 [pool-2-thread-22] DEBUG org.apache.http.headers -- http-outgoing-71 >> POST /auth/login HTTP/1.1
16:32:05.617 [pool-2-thread-22] DEBUG org.apache.http.headers -- http-outgoing-71 >> Content-Type: application/json; charset=UTF-8
16:32:05.617 [pool-2-thread-35] DEBUG org.apache.http.wire -- http-outgoing-73 >> "Host: localhost:3000[\r][\n]"
16:32:05.617 [pool-2-thread-4] DEBUG org.apache.http.headers -- http-outgoing-72 >> POST /auth/login HTTP/1.1
16:32:05.617 [pool-2-thread-4] DEBUG org.apache.http.headers -- http-outgoing-72 >> Content-Type: application/json; charset=UTF-8
16:32:05.617 [pool-2-thread-22] DEBUG org.apache.http.headers -- http-outgoing-71 >> Content-Length: 54
16:32:05.617 [pool-2-thread-22] DEBUG org.apache.http.headers -- http-outgoing-71 >> Host: localhost:3000
16:32:05.617 [pool-2-thread-22] DEBUG org.apache.http.headers -- http-outgoing-71 >> Connection: Keep-Alive
16:32:05.617 [pool-2-thread-22] DEBUG org.apache.http.headers -- http-outgoing-71 >> User-Agent: Apache-HttpClient/4.5.14 (Java/17.0.9)
16:32:05.617 [pool-2-thread-35] DEBUG org.apache.http.wire -- http-outgoing-73 >> "Connection: Keep-Alive[\r][\n]"
16:32:05.617 [pool-2-thread-4] DEBUG org.apache.http.headers -- http-outgoing-72 >> Content-Length: 48
16:32:05.617 [pool-2-thread-35] DEBUG org.apache.http.wire -- http-outgoing-73 >> "User-Agent: Apache-HttpClient/4.5.14 (Java/17.0.9)[\r][\n]"
16:32:05.617 [pool-2-thread-4] DEBUG org.apache.http.headers -- http-outgoing-72 >> Host: localhost:3000
16:32:05.617 [pool-2-thread-22] DEBUG org.apache.http.headers -- http-outgoing-71 >> Accept-Encoding: gzip,deflate
16:32:05.617 [pool-2-thread-4] DEBUG org.apache.http.headers -- http-outgoing-72 >> Connection: Keep-Alive
16:32:05.617 [pool-2-thread-35] DEBUG org.apache.http.wire -- http-outgoing-73 >> "Accept-Encoding: gzip,deflate[\r][\n]"
16:32:05.617 [pool-2-thread-4] DEBUG org.apache.http.headers -- http-outgoing-72 >> User-Agent: Apache-HttpClient/4.5.14 (Java/17.0.9)
16:32:05.617 [pool-2-thread-35] DEBUG org.apache.http.wire -- http-outgoing-73 >> "[\r][\n]"
16:32:05.617 [pool-2-thread-4] DEBUG org.apache.http.headers -- http-outgoing-72 >> Accept-Encoding: gzip,deflate
16:32:05.617 [pool-2-thread-22] DEBUG org.apache.http.wire -- http-outgoing-71 >> "POST /auth/login HTTP/1.1[\r][\n]"
16:32:05.617 [pool-2-thread-35] DEBUG org.apache.http.wire -- http-outgoing-73 >> "{"email":"test@example.com","password":"Password123"}"
16:32:05.617 [pool-2-thread-22] DEBUG org.apache.http.wire -- http-outgoing-71 >> "Content-Type: application/json; charset=UTF-8[\r][\n]"
16:32:05.617 [pool-2-thread-4] DEBUG org.apache.http.wire -- http-outgoing-72 >> "POST /auth/login HTTP/1.1[\r][\n]"
16:32:05.617 [pool-2-thread-22] DEBUG org.apache.http.wire -- http-outgoing-71 >> "Content-Length: 54[\r][\n]"
16:32:05.617 [pool-2-thread-4] DEBUG org.apache.http.wire -- http-outgoing-72 >> "Content-Type: application/json; charset=UTF-8[\r][\n]"
16:32:05.617 [pool-2-thread-22] DEBUG org.apache.http.wire -- http-outgoing-71 >> "Host: localhost:3000[\r][\n]"
16:32:05.617 [pool-2-thread-4] DEBUG org.apache.http.wire -- http-outgoing-72 >> "Content-Length: 48[\r][\n]"
16:32:05.617 [pool-2-thread-22] DEBUG org.apache.http.wire -- http-outgoing-71 >> "Connection: Keep-Alive[\r][\n]"
16:32:05.617 [pool-2-thread-4] DEBUG org.apache.http.wire -- http-outgoing-72 >> "Host: localhost:3000[\r][\n]"
16:32:05.617 [pool-2-thread-4] DEBUG org.apache.http.wire -- http-outgoing-72 >> "Connection: Keep-Alive[\r][\n]"
16:32:05.617 [pool-2-thread-22] DEBUG org.apache.http.wire -- http-outgoing-71 >> "User-Agent: Apache-HttpClient/4.5.14 (Java/17.0.9)[\r][\n]"
16:32:05.617 [pool-2-thread-4] DEBUG org.apache.http.wire -- http-outgoing-72 >> "User-Agent: Apache-HttpClient/4.5.14 (Java/17.0.9)[\r][\n]"
16:32:05.618 [pool-2-thread-22] DEBUG org.apache.http.wire -- http-outgoing-71 >> "Accept-Encoding: gzip,deflate[\r][\n]"
16:32:05.618 [pool-2-thread-4] DEBUG org.apache.http.wire -- http-outgoing-72 >> "Accept-Encoding: gzip,deflate[\r][\n]"
16:32:05.618 [pool-2-thread-4] DEBUG org.apache.http.wire -- http-outgoing-72 >> "[\r][\n]"
16:32:05.618 [pool-2-thread-22] DEBUG org.apache.http.wire -- http-outgoing-71 >> "[\r][\n]"
16:32:05.618 [pool-2-thread-4] DEBUG org.apache.http.wire -- http-outgoing-72 >> "{"email":"quang1@gmail.com","password":"quang1"}"
16:32:05.618 [pool-2-thread-22] DEBUG org.apache.http.wire -- http-outgoing-71 >> "{"email":"test2@example.com","password":"Password123"}"
16:32:05.641 [pool-2-thread-28] DEBUG org.apache.http.wire -- http-outgoing-21 << "HTTP/1.1 200 OK[\r][\n]"
16:32:05.641 [pool-2-thread-28] DEBUG org.apache.http.wire -- http-outgoing-21 << "X-Powered-By: Express[\r][\n]"
16:32:05.641 [pool-2-thread-28] DEBUG org.apache.http.wire -- http-outgoing-21 << "Access-Control-Allow-Origin: *[\r][\n]"
16:32:05.641 [pool-2-thread-28] DEBUG org.apache.http.wire -- http-outgoing-21 << "Content-Type: application/json; charset=utf-8[\r][\n]"
16:32:05.641 [pool-2-thread-28] DEBUG org.apache.http.wire -- http-outgoing-21 << "Content-Length: 609[\r][\n]"
16:32:05.641 [pool-2-thread-28] DEBUG org.apache.http.wire -- http-outgoing-21 << "ETag: W/"261-JVIvFr130Q//F0W6QDloN15wpIE"[\r][\n]"
16:32:05.641 [pool-2-thread-28] DEBUG org.apache.http.wire -- http-outgoing-21 << "Date: Tue, 24 Jun 2025 09:32:05 GMT[\r][\n]"
16:32:05.641 [pool-2-thread-28] DEBUG org.apache.http.wire -- http-outgoing-21 << "Connection: keep-alive[\r][\n]"
16:32:05.641 [pool-2-thread-28] DEBUG org.apache.http.wire -- http-outgoing-21 << "Keep-Alive: timeout=5[\r][\n]"
16:32:05.641 [pool-2-thread-28] DEBUG org.apache.http.wire -- http-outgoing-21 << "[\r][\n]"
16:32:05.641 [pool-2-thread-28] DEBUG org.apache.http.wire -- http-outgoing-21 << "{"access_token":"eyJhbGciOiJIUzI1NiIsInR5cCI6IkpXVCJ9.eyJzdWIiOiIyNzJmNmI1NS01MTc5LTRhZTMtODU2My1iNGVjMTBmNzY3MTUiLCJ1c2VybmFtZSI6ImpvaG5kb2UyZDVkIiwicm9sZSI6MCwiaWF0IjoxNzUwNzU3NTI0LCJleHAiOjE3NTA3NjExMjR9.Atyt-Ef_0af4Y9qkW3Odf8nZgSQXt2rd7hW1jyvb4A0","refresh_token":"846252439deae0effa44c3c913480c656b23fd2756ce657a86b3c1ef2fce9fea","user":{"id":"272f6b55-5179-4ae3-8563-b4ec10f76715","email":"testit5@gmail.com","username":"johndoe2d5d","name":"John Doe","phoneNumber":"0123456132","profilePic":null,"bio":null,"private":false,"verified":false,"role":0,"followersCount":0,"followingCount":0,"postCount":0}}"
16:32:05.641 [pool-2-thread-28] DEBUG org.apache.http.headers -- http-outgoing-21 << HTTP/1.1 200 OK
16:32:05.641 [pool-2-thread-28] DEBUG org.apache.http.headers -- http-outgoing-21 << X-Powered-By: Express
16:32:05.641 [pool-2-thread-28] DEBUG org.apache.http.headers -- http-outgoing-21 << Access-Control-Allow-Origin: *
16:32:05.641 [pool-2-thread-28] DEBUG org.apache.http.headers -- http-outgoing-21 << Content-Type: application/json; charset=utf-8
16:32:05.641 [pool-2-thread-28] DEBUG org.apache.http.headers -- http-outgoing-21 << Content-Length: 609
16:32:05.641 [pool-2-thread-28] DEBUG org.apache.http.headers -- http-outgoing-21 << ETag: W/"261-JVIvFr130Q//F0W6QDloN15wpIE"
16:32:05.641 [pool-2-thread-28] DEBUG org.apache.http.headers -- http-outgoing-21 << Date: Tue, 24 Jun 2025 09:32:05 GMT
16:32:05.641 [pool-2-thread-28] DEBUG org.apache.http.headers -- http-outgoing-21 << Connection: keep-alive
16:32:05.641 [pool-2-thread-28] DEBUG org.apache.http.headers -- http-outgoing-21 << Keep-Alive: timeout=5
16:32:05.641 [pool-2-thread-28] DEBUG org.apache.http.impl.execchain.MainClientExec -- Connection can be kept alive for 5000 MILLISECONDS
16:32:05.642 [pool-2-thread-28] DEBUG org.apache.http.impl.conn.PoolingHttpClientConnectionManager -- Connection [id: 41][route: {}->http://localhost:3000] can be kept alive for 5.0 seconds
16:32:05.642 [pool-2-thread-28] DEBUG org.apache.http.impl.conn.DefaultManagedHttpClientConnection -- http-outgoing-21: set socket timeout to 0
16:32:05.642 [pool-2-thread-28] DEBUG org.apache.http.impl.conn.PoolingHttpClientConnectionManager -- Connection released: [id: 41][route: {}->http://localhost:3000][total available: 1; route allocated: 1 of 5; total allocated: 1 of 10]
16:32:05.642 [pool-2-thread-28] DEBUG org.apache.http.impl.conn.PoolingHttpClientConnectionManager -- Connection manager is shutting down
16:32:05.642 [pool-2-thread-28] DEBUG org.apache.http.impl.conn.DefaultManagedHttpClientConnection -- http-outgoing-21: Close connection
16:32:05.642 [pool-2-thread-28] DEBUG org.apache.http.impl.conn.PoolingHttpClientConnectionManager -- Connection manager shut down
16:32:05.642 [pool-2-thread-28] DEBUG com.intuit.karate -- response time in milliseconds: 5143
1 < 200
1 < X-Powered-By: Express
1 < Access-Control-Allow-Origin: *
1 < Content-Type: application/json; charset=utf-8
1 < Content-Length: 609
1 < ETag: W/"261-JVIvFr130Q//F0W6QDloN15wpIE"
1 < Date: Tue, 24 Jun 2025 09:32:05 GMT
1 < Connection: keep-alive
1 < Keep-Alive: timeout=5
{"access_token":"eyJhbGciOiJIUzI1NiIsInR5cCI6IkpXVCJ9.eyJzdWIiOiIyNzJmNmI1NS01MTc5LTRhZTMtODU2My1iNGVjMTBmNzY3MTUiLCJ1c2VybmFtZSI6ImpvaG5kb2UyZDVkIiwicm9sZSI6MCwiaWF0IjoxNzUwNzU3NTI0LCJleHAiOjE3NTA3NjExMjR9.Atyt-Ef_0af4Y9qkW3Odf8nZgSQXt2rd7hW1jyvb4A0","refresh_token":"846252439deae0effa44c3c913480c656b23fd2756ce657a86b3c1ef2fce9fea","user":{"id":"272f6b55-5179-4ae3-8563-b4ec10f76715","email":"testit5@gmail.com","username":"johndoe2d5d","name":"John Doe","phoneNumber":"0123456132","profilePic":null,"bio":null,"private":false,"verified":false,"role":0,"followersCount":0,"followingCount":0,"postCount":0}}

16:32:05.645 [pool-2-thread-28] INFO com.intuit.karate -- [print] 50-thread call completed, status: 200 
16:32:05.650 [pool-2-thread-28] DEBUG com.jayway.jsonpath.internal.path.CompiledPath -- Evaluating path: $
16:32:05.651 [pool-2-thread-28] INFO com.intuit.karate -- [print] *** 50-THREAD CONCURRENT API CALL for user: test28@example.com *** 
16:32:05.654 [pool-2-thread-28] DEBUG org.apache.http.client.protocol.RequestAddCookies -- CookieSpec selected: karate
16:32:05.654 [pool-2-thread-28] DEBUG org.apache.http.client.protocol.RequestAuthCache -- Auth cache not set in the context
16:32:05.654 [pool-2-thread-28] DEBUG com.intuit.karate -- request:
1 > POST http://localhost:3000/auth/login
1 > Content-Type: application/json; charset=UTF-8
1 > Content-Length: 55
1 > Host: localhost:3000
1 > Connection: Keep-Alive
1 > User-Agent: Apache-HttpClient/4.5.14 (Java/17.0.9)
1 > Accept-Encoding: gzip,deflate
{"email":"test28@example.com","password":"Password123"}

16:32:05.654 [pool-2-thread-28] DEBUG org.apache.http.impl.conn.PoolingHttpClientConnectionManager -- Connection request: [route: {}->http://localhost:3000][total available: 0; route allocated: 0 of 5; total allocated: 0 of 10]
16:32:05.654 [pool-2-thread-28] DEBUG org.apache.http.impl.conn.PoolingHttpClientConnectionManager -- Connection leased: [id: 74][route: {}->http://localhost:3000][total available: 0; route allocated: 1 of 5; total allocated: 1 of 10]
16:32:05.654 [pool-2-thread-28] DEBUG org.apache.http.impl.execchain.MainClientExec -- Opening connection {}->http://localhost:3000
16:32:05.654 [pool-2-thread-28] DEBUG org.apache.http.impl.conn.DefaultHttpClientConnectionOperator -- Connecting to localhost/127.0.0.1:3000
16:32:05.655 [pool-2-thread-28] DEBUG org.apache.http.impl.conn.DefaultHttpClientConnectionOperator -- Connection established 127.0.0.1:52244<->127.0.0.1:3000
16:32:05.655 [pool-2-thread-28] DEBUG org.apache.http.impl.conn.DefaultManagedHttpClientConnection -- http-outgoing-74: set socket timeout to 30000
16:32:05.655 [pool-2-thread-28] DEBUG org.apache.http.impl.execchain.MainClientExec -- Executing request POST /auth/login HTTP/1.1
16:32:05.655 [pool-2-thread-28] DEBUG org.apache.http.impl.execchain.MainClientExec -- Target auth state: UNCHALLENGED
16:32:05.655 [pool-2-thread-28] DEBUG org.apache.http.impl.execchain.MainClientExec -- Proxy auth state: UNCHALLENGED
16:32:05.655 [pool-2-thread-28] DEBUG org.apache.http.headers -- http-outgoing-74 >> POST /auth/login HTTP/1.1
16:32:05.655 [pool-2-thread-28] DEBUG org.apache.http.headers -- http-outgoing-74 >> Content-Type: application/json; charset=UTF-8
16:32:05.655 [pool-2-thread-28] DEBUG org.apache.http.headers -- http-outgoing-74 >> Content-Length: 55
16:32:05.655 [pool-2-thread-28] DEBUG org.apache.http.headers -- http-outgoing-74 >> Host: localhost:3000
16:32:05.655 [pool-2-thread-28] DEBUG org.apache.http.headers -- http-outgoing-74 >> Connection: Keep-Alive
16:32:05.655 [pool-2-thread-28] DEBUG org.apache.http.headers -- http-outgoing-74 >> User-Agent: Apache-HttpClient/4.5.14 (Java/17.0.9)
16:32:05.655 [pool-2-thread-28] DEBUG org.apache.http.headers -- http-outgoing-74 >> Accept-Encoding: gzip,deflate
16:32:05.655 [pool-2-thread-28] DEBUG org.apache.http.wire -- http-outgoing-74 >> "POST /auth/login HTTP/1.1[\r][\n]"
16:32:05.655 [pool-2-thread-28] DEBUG org.apache.http.wire -- http-outgoing-74 >> "Content-Type: application/json; charset=UTF-8[\r][\n]"
16:32:05.655 [pool-2-thread-28] DEBUG org.apache.http.wire -- http-outgoing-74 >> "Content-Length: 55[\r][\n]"
16:32:05.655 [pool-2-thread-28] DEBUG org.apache.http.wire -- http-outgoing-74 >> "Host: localhost:3000[\r][\n]"
16:32:05.655 [pool-2-thread-28] DEBUG org.apache.http.wire -- http-outgoing-74 >> "Connection: Keep-Alive[\r][\n]"
16:32:05.655 [pool-2-thread-28] DEBUG org.apache.http.wire -- http-outgoing-74 >> "User-Agent: Apache-HttpClient/4.5.14 (Java/17.0.9)[\r][\n]"
16:32:05.655 [pool-2-thread-28] DEBUG org.apache.http.wire -- http-outgoing-74 >> "Accept-Encoding: gzip,deflate[\r][\n]"
16:32:05.655 [pool-2-thread-28] DEBUG org.apache.http.wire -- http-outgoing-74 >> "[\r][\n]"
16:32:05.655 [pool-2-thread-28] DEBUG org.apache.http.wire -- http-outgoing-74 >> "{"email":"test28@example.com","password":"Password123"}"
16:32:05.687 [pool-2-thread-19] DEBUG org.apache.http.wire -- http-outgoing-31 << "HTTP/1.1 200 OK[\r][\n]"
16:32:05.687 [pool-2-thread-19] DEBUG org.apache.http.wire -- http-outgoing-31 << "X-Powered-By: Express[\r][\n]"
16:32:05.687 [pool-2-thread-19] DEBUG org.apache.http.wire -- http-outgoing-31 << "Access-Control-Allow-Origin: *[\r][\n]"
16:32:05.687 [pool-2-thread-19] DEBUG org.apache.http.wire -- http-outgoing-31 << "Content-Type: application/json; charset=utf-8[\r][\n]"
16:32:05.687 [pool-2-thread-19] DEBUG org.apache.http.wire -- http-outgoing-31 << "Content-Length: 604[\r][\n]"
16:32:05.687 [pool-2-thread-19] DEBUG org.apache.http.wire -- http-outgoing-31 << "ETag: W/"25c-eQkA4JJ7vjRNqHaUC28VhKXewlY"[\r][\n]"
16:32:05.687 [pool-2-thread-19] DEBUG org.apache.http.wire -- http-outgoing-31 << "Date: Tue, 24 Jun 2025 09:32:05 GMT[\r][\n]"
16:32:05.687 [pool-2-thread-19] DEBUG org.apache.http.wire -- http-outgoing-31 << "Connection: keep-alive[\r][\n]"
16:32:05.687 [pool-2-thread-19] DEBUG org.apache.http.wire -- http-outgoing-31 << "Keep-Alive: timeout=5[\r][\n]"
16:32:05.687 [pool-2-thread-19] DEBUG org.apache.http.wire -- http-outgoing-31 << "[\r][\n]"
16:32:05.687 [pool-2-thread-19] DEBUG org.apache.http.wire -- http-outgoing-31 << "{"access_token":"eyJhbGciOiJIUzI1NiIsInR5cCI6IkpXVCJ9.eyJzdWIiOiJkZjZmMDkxOS1hMjNkLTQ0YzktYTkyNS00ZWE4YmU1MjVkMTAiLCJ1c2VybmFtZSI6ImpvaG5kb2UyMyIsInJvbGUiOjAsImlhdCI6MTc1MDc1NzUyNCwiZXhwIjoxNzUwNzYxMTI0fQ.1uF0bLsKidaArB8eqCbl9EdkB2sGLPuh56KOSyjb4O4","refresh_token":"d608bd5cf55611f1156253b4c106a78631ffeac044ab8e101079bea5530b5868","user":{"id":"df6f0919-a23d-44c9-a925-4ea8be525d10","email":"testit@gmail.com","username":"johndoe23","name":"John Doe","phoneNumber":"0123456788","profilePic":null,"bio":null,"private":false,"verified":false,"role":0,"followersCount":0,"followingCount":0,"postCount":0}}"
16:32:05.687 [pool-2-thread-19] DEBUG org.apache.http.headers -- http-outgoing-31 << HTTP/1.1 200 OK
16:32:05.687 [pool-2-thread-19] DEBUG org.apache.http.headers -- http-outgoing-31 << X-Powered-By: Express
16:32:05.687 [pool-2-thread-19] DEBUG org.apache.http.headers -- http-outgoing-31 << Access-Control-Allow-Origin: *
16:32:05.687 [pool-2-thread-19] DEBUG org.apache.http.headers -- http-outgoing-31 << Content-Type: application/json; charset=utf-8
16:32:05.687 [pool-2-thread-19] DEBUG org.apache.http.headers -- http-outgoing-31 << Content-Length: 604
16:32:05.687 [pool-2-thread-19] DEBUG org.apache.http.headers -- http-outgoing-31 << ETag: W/"25c-eQkA4JJ7vjRNqHaUC28VhKXewlY"
16:32:05.687 [pool-2-thread-19] DEBUG org.apache.http.headers -- http-outgoing-31 << Date: Tue, 24 Jun 2025 09:32:05 GMT
16:32:05.687 [pool-2-thread-19] DEBUG org.apache.http.headers -- http-outgoing-31 << Connection: keep-alive
16:32:05.687 [pool-2-thread-19] DEBUG org.apache.http.headers -- http-outgoing-31 << Keep-Alive: timeout=5
16:32:05.687 [pool-2-thread-19] DEBUG org.apache.http.impl.execchain.MainClientExec -- Connection can be kept alive for 5000 MILLISECONDS
16:32:05.687 [pool-2-thread-19] DEBUG org.apache.http.impl.conn.PoolingHttpClientConnectionManager -- Connection [id: 22][route: {}->http://localhost:3000] can be kept alive for 5.0 seconds
16:32:05.687 [pool-2-thread-19] DEBUG org.apache.http.impl.conn.DefaultManagedHttpClientConnection -- http-outgoing-31: set socket timeout to 0
16:32:05.687 [pool-2-thread-19] DEBUG org.apache.http.impl.conn.PoolingHttpClientConnectionManager -- Connection released: [id: 22][route: {}->http://localhost:3000][total available: 1; route allocated: 1 of 5; total allocated: 1 of 10]
16:32:05.687 [pool-2-thread-19] DEBUG org.apache.http.impl.conn.PoolingHttpClientConnectionManager -- Connection manager is shutting down
16:32:05.688 [pool-2-thread-19] DEBUG org.apache.http.impl.conn.DefaultManagedHttpClientConnection -- http-outgoing-31: Close connection
16:32:05.688 [pool-2-thread-19] DEBUG org.apache.http.impl.conn.PoolingHttpClientConnectionManager -- Connection manager shut down
16:32:05.689 [pool-2-thread-19] DEBUG com.intuit.karate -- response time in milliseconds: 5187
1 < 200
1 < X-Powered-By: Express
1 < Access-Control-Allow-Origin: *
1 < Content-Type: application/json; charset=utf-8
1 < Content-Length: 604
1 < ETag: W/"25c-eQkA4JJ7vjRNqHaUC28VhKXewlY"
1 < Date: Tue, 24 Jun 2025 09:32:05 GMT
1 < Connection: keep-alive
1 < Keep-Alive: timeout=5
{"access_token":"eyJhbGciOiJIUzI1NiIsInR5cCI6IkpXVCJ9.eyJzdWIiOiJkZjZmMDkxOS1hMjNkLTQ0YzktYTkyNS00ZWE4YmU1MjVkMTAiLCJ1c2VybmFtZSI6ImpvaG5kb2UyMyIsInJvbGUiOjAsImlhdCI6MTc1MDc1NzUyNCwiZXhwIjoxNzUwNzYxMTI0fQ.1uF0bLsKidaArB8eqCbl9EdkB2sGLPuh56KOSyjb4O4","refresh_token":"d608bd5cf55611f1156253b4c106a78631ffeac044ab8e101079bea5530b5868","user":{"id":"df6f0919-a23d-44c9-a925-4ea8be525d10","email":"testit@gmail.com","username":"johndoe23","name":"John Doe","phoneNumber":"0123456788","profilePic":null,"bio":null,"private":false,"verified":false,"role":0,"followersCount":0,"followingCount":0,"postCount":0}}

16:32:05.690 [pool-2-thread-19] INFO com.intuit.karate -- [print] 50-thread call completed, status: 200 
16:32:05.694 [pool-2-thread-19] DEBUG com.jayway.jsonpath.internal.path.CompiledPath -- Evaluating path: $
16:32:05.695 [pool-2-thread-19] INFO com.intuit.karate -- [print] *** 50-THREAD CONCURRENT API CALL for user: testit4@gmail.com *** 
16:32:05.698 [pool-2-thread-19] DEBUG org.apache.http.client.protocol.RequestAddCookies -- CookieSpec selected: karate
16:32:05.698 [pool-2-thread-19] DEBUG org.apache.http.client.protocol.RequestAuthCache -- Auth cache not set in the context
16:32:05.698 [pool-2-thread-19] DEBUG com.intuit.karate -- request:
1 > POST http://localhost:3000/auth/login
1 > Content-Type: application/json; charset=UTF-8
1 > Content-Length: 54
1 > Host: localhost:3000
1 > Connection: Keep-Alive
1 > User-Agent: Apache-HttpClient/4.5.14 (Java/17.0.9)
1 > Accept-Encoding: gzip,deflate
{"email":"testit4@gmail.com","password":"Password123"}

16:32:05.698 [pool-2-thread-19] DEBUG org.apache.http.impl.conn.PoolingHttpClientConnectionManager -- Connection request: [route: {}->http://localhost:3000][total available: 0; route allocated: 0 of 5; total allocated: 0 of 10]
16:32:05.698 [pool-2-thread-19] DEBUG org.apache.http.impl.conn.PoolingHttpClientConnectionManager -- Connection leased: [id: 75][route: {}->http://localhost:3000][total available: 0; route allocated: 1 of 5; total allocated: 1 of 10]
16:32:05.698 [pool-2-thread-19] DEBUG org.apache.http.impl.execchain.MainClientExec -- Opening connection {}->http://localhost:3000
16:32:05.699 [pool-2-thread-19] DEBUG org.apache.http.impl.conn.DefaultHttpClientConnectionOperator -- Connecting to localhost/127.0.0.1:3000
16:32:05.699 [pool-2-thread-19] DEBUG org.apache.http.impl.conn.DefaultHttpClientConnectionOperator -- Connection established 127.0.0.1:52245<->127.0.0.1:3000
16:32:05.699 [pool-2-thread-19] DEBUG org.apache.http.impl.conn.DefaultManagedHttpClientConnection -- http-outgoing-75: set socket timeout to 30000
16:32:05.699 [pool-2-thread-19] DEBUG org.apache.http.impl.execchain.MainClientExec -- Executing request POST /auth/login HTTP/1.1
16:32:05.699 [pool-2-thread-19] DEBUG org.apache.http.impl.execchain.MainClientExec -- Target auth state: UNCHALLENGED
16:32:05.699 [pool-2-thread-19] DEBUG org.apache.http.impl.execchain.MainClientExec -- Proxy auth state: UNCHALLENGED
16:32:05.699 [pool-2-thread-19] DEBUG org.apache.http.headers -- http-outgoing-75 >> POST /auth/login HTTP/1.1
16:32:05.699 [pool-2-thread-19] DEBUG org.apache.http.headers -- http-outgoing-75 >> Content-Type: application/json; charset=UTF-8
16:32:05.699 [pool-2-thread-19] DEBUG org.apache.http.headers -- http-outgoing-75 >> Content-Length: 54
16:32:05.699 [pool-2-thread-19] DEBUG org.apache.http.headers -- http-outgoing-75 >> Host: localhost:3000
16:32:05.699 [pool-2-thread-19] DEBUG org.apache.http.headers -- http-outgoing-75 >> Connection: Keep-Alive
16:32:05.699 [pool-2-thread-19] DEBUG org.apache.http.headers -- http-outgoing-75 >> User-Agent: Apache-HttpClient/4.5.14 (Java/17.0.9)
16:32:05.699 [pool-2-thread-19] DEBUG org.apache.http.headers -- http-outgoing-75 >> Accept-Encoding: gzip,deflate
16:32:05.699 [pool-2-thread-19] DEBUG org.apache.http.wire -- http-outgoing-75 >> "POST /auth/login HTTP/1.1[\r][\n]"
16:32:05.699 [pool-2-thread-19] DEBUG org.apache.http.wire -- http-outgoing-75 >> "Content-Type: application/json; charset=UTF-8[\r][\n]"
16:32:05.699 [pool-2-thread-19] DEBUG org.apache.http.wire -- http-outgoing-75 >> "Content-Length: 54[\r][\n]"
16:32:05.699 [pool-2-thread-19] DEBUG org.apache.http.wire -- http-outgoing-75 >> "Host: localhost:3000[\r][\n]"
16:32:05.699 [pool-2-thread-19] DEBUG org.apache.http.wire -- http-outgoing-75 >> "Connection: Keep-Alive[\r][\n]"
16:32:05.699 [pool-2-thread-19] DEBUG org.apache.http.wire -- http-outgoing-75 >> "User-Agent: Apache-HttpClient/4.5.14 (Java/17.0.9)[\r][\n]"
16:32:05.699 [pool-2-thread-19] DEBUG org.apache.http.wire -- http-outgoing-75 >> "Accept-Encoding: gzip,deflate[\r][\n]"
16:32:05.699 [pool-2-thread-19] DEBUG org.apache.http.wire -- http-outgoing-75 >> "[\r][\n]"
16:32:05.699 [pool-2-thread-19] DEBUG org.apache.http.wire -- http-outgoing-75 >> "{"email":"testit4@gmail.com","password":"Password123"}"
16:32:06.634 [pool-2-thread-37] DEBUG org.apache.http.wire -- http-outgoing-56 << "HTTP/1.1 200 OK[\r][\n]"
16:32:06.634 [pool-2-thread-37] DEBUG org.apache.http.wire -- http-outgoing-56 << "X-Powered-By: Express[\r][\n]"
16:32:06.634 [pool-2-thread-37] DEBUG org.apache.http.wire -- http-outgoing-56 << "Access-Control-Allow-Origin: *[\r][\n]"
16:32:06.634 [pool-2-thread-37] DEBUG org.apache.http.wire -- http-outgoing-56 << "Content-Type: application/json; charset=utf-8[\r][\n]"
16:32:06.634 [pool-2-thread-37] DEBUG org.apache.http.wire -- http-outgoing-56 << "Content-Length: 605[\r][\n]"
16:32:06.634 [pool-2-thread-37] DEBUG org.apache.http.wire -- http-outgoing-56 << "ETag: W/"25d-0lbqDCnCRB8P5y4PxDD/s8YBtdk"[\r][\n]"
16:32:06.634 [pool-2-thread-37] DEBUG org.apache.http.wire -- http-outgoing-56 << "Date: Tue, 24 Jun 2025 09:32:06 GMT[\r][\n]"
16:32:06.634 [pool-2-thread-37] DEBUG org.apache.http.wire -- http-outgoing-56 << "Connection: keep-alive[\r][\n]"
16:32:06.634 [pool-2-thread-37] DEBUG org.apache.http.wire -- http-outgoing-56 << "Keep-Alive: timeout=5[\r][\n]"
16:32:06.634 [pool-2-thread-37] DEBUG org.apache.http.wire -- http-outgoing-56 << "[\r][\n]"
16:32:06.634 [pool-2-thread-37] DEBUG org.apache.http.wire -- http-outgoing-56 << "{"access_token":"eyJhbGciOiJIUzI1NiIsInR5cCI6IkpXVCJ9.eyJzdWIiOiI2NTBjZTFlZC1hYWNhLTQzOGYtOTk4OC0xZjA1OGFiNWFhMWEiLCJ1c2VybmFtZSI6ImpvaG5kb2UyNSIsInJvbGUiOjAsImlhdCI6MTc1MDc1NzUyNSwiZXhwIjoxNzUwNzYxMTI1fQ.d1QBo48jHGKh94JpDEbUlEMTZBvXsIkpEct35D5OOQQ","refresh_token":"02d7f581ba267c5cacf4ba0131dba229815f7dc899928fea98e09bdf98f6dcca","user":{"id":"650ce1ed-aaca-438f-9988-1f058ab5aa1a","email":"testit3@gmail.com","username":"johndoe25","name":"John Doe","phoneNumber":"0123456713","profilePic":null,"bio":null,"private":false,"verified":false,"role":0,"followersCount":0,"followingCount":0,"postCount":0}}"
16:32:06.634 [pool-2-thread-37] DEBUG org.apache.http.headers -- http-outgoing-56 << HTTP/1.1 200 OK
16:32:06.634 [pool-2-thread-37] DEBUG org.apache.http.headers -- http-outgoing-56 << X-Powered-By: Express
16:32:06.634 [pool-2-thread-37] DEBUG org.apache.http.headers -- http-outgoing-56 << Access-Control-Allow-Origin: *
16:32:06.634 [pool-2-thread-37] DEBUG org.apache.http.headers -- http-outgoing-56 << Content-Type: application/json; charset=utf-8
16:32:06.634 [pool-2-thread-37] DEBUG org.apache.http.headers -- http-outgoing-56 << Content-Length: 605
16:32:06.634 [pool-2-thread-37] DEBUG org.apache.http.headers -- http-outgoing-56 << ETag: W/"25d-0lbqDCnCRB8P5y4PxDD/s8YBtdk"
16:32:06.634 [pool-2-thread-37] DEBUG org.apache.http.headers -- http-outgoing-56 << Date: Tue, 24 Jun 2025 09:32:06 GMT
16:32:06.634 [pool-2-thread-37] DEBUG org.apache.http.headers -- http-outgoing-56 << Connection: keep-alive
16:32:06.634 [pool-2-thread-37] DEBUG org.apache.http.headers -- http-outgoing-56 << Keep-Alive: timeout=5
16:32:06.634 [pool-2-thread-37] DEBUG org.apache.http.impl.execchain.MainClientExec -- Connection can be kept alive for 5000 MILLISECONDS
16:32:06.635 [pool-2-thread-37] DEBUG org.apache.http.impl.conn.PoolingHttpClientConnectionManager -- Connection [id: 56][route: {}->http://localhost:3000] can be kept alive for 5.0 seconds
16:32:06.635 [pool-2-thread-37] DEBUG org.apache.http.impl.conn.DefaultManagedHttpClientConnection -- http-outgoing-56: set socket timeout to 0
16:32:06.635 [pool-2-thread-37] DEBUG org.apache.http.impl.conn.PoolingHttpClientConnectionManager -- Connection released: [id: 56][route: {}->http://localhost:3000][total available: 1; route allocated: 1 of 5; total allocated: 1 of 10]
16:32:06.635 [pool-2-thread-37] DEBUG org.apache.http.impl.conn.PoolingHttpClientConnectionManager -- Connection manager is shutting down
16:32:06.635 [pool-2-thread-37] DEBUG org.apache.http.impl.conn.DefaultManagedHttpClientConnection -- http-outgoing-56: Close connection
16:32:06.635 [pool-2-thread-37] DEBUG org.apache.http.impl.conn.PoolingHttpClientConnectionManager -- Connection manager shut down
16:32:06.635 [pool-2-thread-37] DEBUG com.intuit.karate -- response time in milliseconds: 3869
1 < 200
1 < X-Powered-By: Express
1 < Access-Control-Allow-Origin: *
1 < Content-Type: application/json; charset=utf-8
1 < Content-Length: 605
1 < ETag: W/"25d-0lbqDCnCRB8P5y4PxDD/s8YBtdk"
1 < Date: Tue, 24 Jun 2025 09:32:06 GMT
1 < Connection: keep-alive
1 < Keep-Alive: timeout=5
{"access_token":"eyJhbGciOiJIUzI1NiIsInR5cCI6IkpXVCJ9.eyJzdWIiOiI2NTBjZTFlZC1hYWNhLTQzOGYtOTk4OC0xZjA1OGFiNWFhMWEiLCJ1c2VybmFtZSI6ImpvaG5kb2UyNSIsInJvbGUiOjAsImlhdCI6MTc1MDc1NzUyNSwiZXhwIjoxNzUwNzYxMTI1fQ.d1QBo48jHGKh94JpDEbUlEMTZBvXsIkpEct35D5OOQQ","refresh_token":"02d7f581ba267c5cacf4ba0131dba229815f7dc899928fea98e09bdf98f6dcca","user":{"id":"650ce1ed-aaca-438f-9988-1f058ab5aa1a","email":"testit3@gmail.com","username":"johndoe25","name":"John Doe","phoneNumber":"0123456713","profilePic":null,"bio":null,"private":false,"verified":false,"role":0,"followersCount":0,"followingCount":0,"postCount":0}}

16:32:06.636 [pool-2-thread-37] INFO com.intuit.karate -- [print] 50-thread call completed, status: 200 
16:32:06.639 [pool-2-thread-37] DEBUG com.jayway.jsonpath.internal.path.CompiledPath -- Evaluating path: $
16:32:06.639 [pool-2-thread-37] INFO com.intuit.karate -- [print] *** 50-THREAD CONCURRENT API CALL for user: testit3@gmail.com *** 
16:32:06.640 [pool-2-thread-37] DEBUG org.apache.http.client.protocol.RequestAddCookies -- CookieSpec selected: karate
16:32:06.640 [pool-2-thread-37] DEBUG org.apache.http.client.protocol.RequestAuthCache -- Auth cache not set in the context
16:32:06.640 [pool-2-thread-37] DEBUG com.intuit.karate -- request:
1 > POST http://localhost:3000/auth/login
1 > Content-Type: application/json; charset=UTF-8
1 > Content-Length: 54
1 > Host: localhost:3000
1 > Connection: Keep-Alive
1 > User-Agent: Apache-HttpClient/4.5.14 (Java/17.0.9)
1 > Accept-Encoding: gzip,deflate
{"email":"testit3@gmail.com","password":"Password123"}

16:32:06.640 [pool-2-thread-37] DEBUG org.apache.http.impl.conn.PoolingHttpClientConnectionManager -- Connection request: [route: {}->http://localhost:3000][total available: 0; route allocated: 0 of 5; total allocated: 0 of 10]
16:32:06.640 [pool-2-thread-37] DEBUG org.apache.http.impl.conn.PoolingHttpClientConnectionManager -- Connection leased: [id: 76][route: {}->http://localhost:3000][total available: 0; route allocated: 1 of 5; total allocated: 1 of 10]
16:32:06.640 [pool-2-thread-37] DEBUG org.apache.http.impl.execchain.MainClientExec -- Opening connection {}->http://localhost:3000
16:32:06.641 [pool-2-thread-37] DEBUG org.apache.http.impl.conn.DefaultHttpClientConnectionOperator -- Connecting to localhost/127.0.0.1:3000
16:32:06.641 [pool-2-thread-37] DEBUG org.apache.http.impl.conn.DefaultHttpClientConnectionOperator -- Connection established 127.0.0.1:52246<->127.0.0.1:3000
16:32:06.641 [pool-2-thread-37] DEBUG org.apache.http.impl.conn.DefaultManagedHttpClientConnection -- http-outgoing-76: set socket timeout to 30000
16:32:06.641 [pool-2-thread-37] DEBUG org.apache.http.impl.execchain.MainClientExec -- Executing request POST /auth/login HTTP/1.1
16:32:06.641 [pool-2-thread-37] DEBUG org.apache.http.impl.execchain.MainClientExec -- Target auth state: UNCHALLENGED
16:32:06.641 [pool-2-thread-37] DEBUG org.apache.http.impl.execchain.MainClientExec -- Proxy auth state: UNCHALLENGED
16:32:06.641 [pool-2-thread-37] DEBUG org.apache.http.headers -- http-outgoing-76 >> POST /auth/login HTTP/1.1
16:32:06.641 [pool-2-thread-37] DEBUG org.apache.http.headers -- http-outgoing-76 >> Content-Type: application/json; charset=UTF-8
16:32:06.641 [pool-2-thread-37] DEBUG org.apache.http.headers -- http-outgoing-76 >> Content-Length: 54
16:32:06.641 [pool-2-thread-37] DEBUG org.apache.http.headers -- http-outgoing-76 >> Host: localhost:3000
16:32:06.641 [pool-2-thread-37] DEBUG org.apache.http.headers -- http-outgoing-76 >> Connection: Keep-Alive
16:32:06.641 [pool-2-thread-37] DEBUG org.apache.http.headers -- http-outgoing-76 >> User-Agent: Apache-HttpClient/4.5.14 (Java/17.0.9)
16:32:06.641 [pool-2-thread-37] DEBUG org.apache.http.headers -- http-outgoing-76 >> Accept-Encoding: gzip,deflate
16:32:06.641 [pool-2-thread-37] DEBUG org.apache.http.wire -- http-outgoing-76 >> "POST /auth/login HTTP/1.1[\r][\n]"
16:32:06.641 [pool-2-thread-37] DEBUG org.apache.http.wire -- http-outgoing-76 >> "Content-Type: application/json; charset=UTF-8[\r][\n]"
16:32:06.641 [pool-2-thread-37] DEBUG org.apache.http.wire -- http-outgoing-76 >> "Content-Length: 54[\r][\n]"
16:32:06.641 [pool-2-thread-37] DEBUG org.apache.http.wire -- http-outgoing-76 >> "Host: localhost:3000[\r][\n]"
16:32:06.641 [pool-2-thread-37] DEBUG org.apache.http.wire -- http-outgoing-76 >> "Connection: Keep-Alive[\r][\n]"
16:32:06.641 [pool-2-thread-37] DEBUG org.apache.http.wire -- http-outgoing-76 >> "User-Agent: Apache-HttpClient/4.5.14 (Java/17.0.9)[\r][\n]"
16:32:06.641 [pool-2-thread-37] DEBUG org.apache.http.wire -- http-outgoing-76 >> "Accept-Encoding: gzip,deflate[\r][\n]"
16:32:06.641 [pool-2-thread-37] DEBUG org.apache.http.wire -- http-outgoing-76 >> "[\r][\n]"
16:32:06.641 [pool-2-thread-37] DEBUG org.apache.http.wire -- http-outgoing-76 >> "{"email":"testit3@gmail.com","password":"Password123"}"
16:32:06.703 [pool-2-thread-43] DEBUG org.apache.http.wire -- http-outgoing-40 << "HTTP/1.1 200 OK[\r][\n]"
16:32:06.703 [pool-2-thread-43] DEBUG org.apache.http.wire -- http-outgoing-40 << "X-Powered-By: Express[\r][\n]"
16:32:06.703 [pool-2-thread-43] DEBUG org.apache.http.wire -- http-outgoing-40 << "Access-Control-Allow-Origin: *[\r][\n]"
16:32:06.703 [pool-2-thread-43] DEBUG org.apache.http.wire -- http-outgoing-40 << "Content-Type: application/json; charset=utf-8[\r][\n]"
16:32:06.703 [pool-2-thread-43] DEBUG org.apache.http.wire -- http-outgoing-40 << "Content-Length: 599[\r][\n]"
16:32:06.703 [pool-2-thread-43] DEBUG org.apache.http.wire -- http-outgoing-40 << "ETag: W/"257-msIU5U5b0YQqFnFG82xK6O0Lklc"[\r][\n]"
16:32:06.703 [pool-2-thread-43] DEBUG org.apache.http.wire -- http-outgoing-40 << "Date: Tue, 24 Jun 2025 09:32:06 GMT[\r][\n]"
16:32:06.703 [pool-2-thread-43] DEBUG org.apache.http.wire -- http-outgoing-40 << "Connection: keep-alive[\r][\n]"
16:32:06.703 [pool-2-thread-43] DEBUG org.apache.http.wire -- http-outgoing-40 << "Keep-Alive: timeout=5[\r][\n]"
16:32:06.703 [pool-2-thread-43] DEBUG org.apache.http.wire -- http-outgoing-40 << "[\r][\n]"
16:32:06.703 [pool-2-thread-43] DEBUG org.apache.http.wire -- http-outgoing-40 << "{"access_token":"eyJhbGciOiJIUzI1NiIsInR5cCI6IkpXVCJ9.eyJzdWIiOiIyZGRhMDQzOS01MTgwLTQ1YWEtOTE3Zi1lNjMyZTQ1YThlNDEiLCJ1c2VybmFtZSI6ImpvaG5kb2UiLCJyb2xlIjowLCJpYXQiOjE3NTA3NTc1MjUsImV4cCI6MTc1MDc2MTEyNX0.CMFYFjd81jXfnS4DRsr1lQGS0dlhGQQOb4O2XUAmNfY","refresh_token":"3babb48b12ed1f9a1ffefb34370dea57d2081d6bfd2017b0475e06d4cbe476ae","user":{"id":"2dda0439-5180-45aa-917f-e632e45a8e41","email":"test@example.com","username":"johndoe","name":"John Doe","phoneNumber":"0987654321","profilePic":null,"bio":null,"private":false,"verified":false,"role":0,"followersCount":0,"followingCount":0,"postCount":0}}"
16:32:06.703 [pool-2-thread-43] DEBUG org.apache.http.headers -- http-outgoing-40 << HTTP/1.1 200 OK
16:32:06.703 [pool-2-thread-43] DEBUG org.apache.http.headers -- http-outgoing-40 << X-Powered-By: Express
16:32:06.703 [pool-2-thread-43] DEBUG org.apache.http.headers -- http-outgoing-40 << Access-Control-Allow-Origin: *
16:32:06.703 [pool-2-thread-43] DEBUG org.apache.http.headers -- http-outgoing-40 << Content-Type: application/json; charset=utf-8
16:32:06.703 [pool-2-thread-43] DEBUG org.apache.http.headers -- http-outgoing-40 << Content-Length: 599
16:32:06.703 [pool-2-thread-43] DEBUG org.apache.http.headers -- http-outgoing-40 << ETag: W/"257-msIU5U5b0YQqFnFG82xK6O0Lklc"
16:32:06.703 [pool-2-thread-43] DEBUG org.apache.http.headers -- http-outgoing-40 << Date: Tue, 24 Jun 2025 09:32:06 GMT
16:32:06.703 [pool-2-thread-43] DEBUG org.apache.http.headers -- http-outgoing-40 << Connection: keep-alive
16:32:06.703 [pool-2-thread-43] DEBUG org.apache.http.headers -- http-outgoing-40 << Keep-Alive: timeout=5
16:32:06.703 [pool-2-thread-43] DEBUG org.apache.http.impl.execchain.MainClientExec -- Connection can be kept alive for 5000 MILLISECONDS
16:32:06.703 [pool-2-thread-43] DEBUG org.apache.http.impl.conn.PoolingHttpClientConnectionManager -- Connection [id: 37][route: {}->http://localhost:3000] can be kept alive for 5.0 seconds
16:32:06.703 [pool-2-thread-43] DEBUG org.apache.http.impl.conn.DefaultManagedHttpClientConnection -- http-outgoing-40: set socket timeout to 0
16:32:06.703 [pool-2-thread-43] DEBUG org.apache.http.impl.conn.PoolingHttpClientConnectionManager -- Connection released: [id: 37][route: {}->http://localhost:3000][total available: 1; route allocated: 1 of 5; total allocated: 1 of 10]
16:32:06.704 [pool-2-thread-43] DEBUG org.apache.http.impl.conn.PoolingHttpClientConnectionManager -- Connection manager is shutting down
16:32:06.704 [pool-2-thread-43] DEBUG org.apache.http.impl.conn.DefaultManagedHttpClientConnection -- http-outgoing-40: Close connection
16:32:06.704 [pool-2-thread-43] DEBUG org.apache.http.impl.conn.PoolingHttpClientConnectionManager -- Connection manager shut down
16:32:06.704 [pool-2-thread-43] DEBUG com.intuit.karate -- response time in milliseconds: 6203
1 < 200
1 < X-Powered-By: Express
1 < Access-Control-Allow-Origin: *
1 < Content-Type: application/json; charset=utf-8
1 < Content-Length: 599
1 < ETag: W/"257-msIU5U5b0YQqFnFG82xK6O0Lklc"
1 < Date: Tue, 24 Jun 2025 09:32:06 GMT
1 < Connection: keep-alive
1 < Keep-Alive: timeout=5
{"access_token":"eyJhbGciOiJIUzI1NiIsInR5cCI6IkpXVCJ9.eyJzdWIiOiIyZGRhMDQzOS01MTgwLTQ1YWEtOTE3Zi1lNjMyZTQ1YThlNDEiLCJ1c2VybmFtZSI6ImpvaG5kb2UiLCJyb2xlIjowLCJpYXQiOjE3NTA3NTc1MjUsImV4cCI6MTc1MDc2MTEyNX0.CMFYFjd81jXfnS4DRsr1lQGS0dlhGQQOb4O2XUAmNfY","refresh_token":"3babb48b12ed1f9a1ffefb34370dea57d2081d6bfd2017b0475e06d4cbe476ae","user":{"id":"2dda0439-5180-45aa-917f-e632e45a8e41","email":"test@example.com","username":"johndoe","name":"John Doe","phoneNumber":"0987654321","profilePic":null,"bio":null,"private":false,"verified":false,"role":0,"followersCount":0,"followingCount":0,"postCount":0}}

16:32:06.705 [pool-2-thread-43] INFO com.intuit.karate -- [print] 50-thread call completed, status: 200 
16:32:06.708 [pool-2-thread-43] DEBUG com.jayway.jsonpath.internal.path.CompiledPath -- Evaluating path: $
16:32:06.709 [pool-2-thread-43] INFO com.intuit.karate -- [print] *** 50-THREAD CONCURRENT API CALL for user: testit5@gmail.com *** 
16:32:06.710 [pool-2-thread-43] DEBUG org.apache.http.client.protocol.RequestAddCookies -- CookieSpec selected: karate
16:32:06.710 [pool-2-thread-43] DEBUG org.apache.http.client.protocol.RequestAuthCache -- Auth cache not set in the context
16:32:06.710 [pool-2-thread-43] DEBUG com.intuit.karate -- request:
1 > POST http://localhost:3000/auth/login
1 > Content-Type: application/json; charset=UTF-8
1 > Content-Length: 54
1 > Host: localhost:3000
1 > Connection: Keep-Alive
1 > User-Agent: Apache-HttpClient/4.5.14 (Java/17.0.9)
1 > Accept-Encoding: gzip,deflate
{"email":"testit5@gmail.com","password":"Password123"}

16:32:06.710 [pool-2-thread-43] DEBUG org.apache.http.impl.conn.PoolingHttpClientConnectionManager -- Connection request: [route: {}->http://localhost:3000][total available: 0; route allocated: 0 of 5; total allocated: 0 of 10]
16:32:06.710 [pool-2-thread-43] DEBUG org.apache.http.impl.conn.PoolingHttpClientConnectionManager -- Connection leased: [id: 77][route: {}->http://localhost:3000][total available: 0; route allocated: 1 of 5; total allocated: 1 of 10]
16:32:06.710 [pool-2-thread-43] DEBUG org.apache.http.impl.execchain.MainClientExec -- Opening connection {}->http://localhost:3000
16:32:06.710 [pool-2-thread-43] DEBUG org.apache.http.impl.conn.DefaultHttpClientConnectionOperator -- Connecting to localhost/127.0.0.1:3000
16:32:06.711 [pool-2-thread-43] DEBUG org.apache.http.impl.conn.DefaultHttpClientConnectionOperator -- Connection established 127.0.0.1:52247<->127.0.0.1:3000
16:32:06.711 [pool-2-thread-43] DEBUG org.apache.http.impl.conn.DefaultManagedHttpClientConnection -- http-outgoing-77: set socket timeout to 30000
16:32:06.711 [pool-2-thread-43] DEBUG org.apache.http.impl.execchain.MainClientExec -- Executing request POST /auth/login HTTP/1.1
16:32:06.711 [pool-2-thread-43] DEBUG org.apache.http.impl.execchain.MainClientExec -- Target auth state: UNCHALLENGED
16:32:06.711 [pool-2-thread-43] DEBUG org.apache.http.impl.execchain.MainClientExec -- Proxy auth state: UNCHALLENGED
16:32:06.711 [pool-2-thread-43] DEBUG org.apache.http.headers -- http-outgoing-77 >> POST /auth/login HTTP/1.1
16:32:06.711 [pool-2-thread-43] DEBUG org.apache.http.headers -- http-outgoing-77 >> Content-Type: application/json; charset=UTF-8
16:32:06.711 [pool-2-thread-43] DEBUG org.apache.http.headers -- http-outgoing-77 >> Content-Length: 54
16:32:06.711 [pool-2-thread-43] DEBUG org.apache.http.headers -- http-outgoing-77 >> Host: localhost:3000
16:32:06.711 [pool-2-thread-43] DEBUG org.apache.http.headers -- http-outgoing-77 >> Connection: Keep-Alive
16:32:06.711 [pool-2-thread-43] DEBUG org.apache.http.headers -- http-outgoing-77 >> User-Agent: Apache-HttpClient/4.5.14 (Java/17.0.9)
16:32:06.711 [pool-2-thread-43] DEBUG org.apache.http.headers -- http-outgoing-77 >> Accept-Encoding: gzip,deflate
16:32:06.711 [pool-2-thread-43] DEBUG org.apache.http.wire -- http-outgoing-77 >> "POST /auth/login HTTP/1.1[\r][\n]"
16:32:06.711 [pool-2-thread-43] DEBUG org.apache.http.wire -- http-outgoing-77 >> "Content-Type: application/json; charset=UTF-8[\r][\n]"
16:32:06.711 [pool-2-thread-43] DEBUG org.apache.http.wire -- http-outgoing-77 >> "Content-Length: 54[\r][\n]"
16:32:06.711 [pool-2-thread-43] DEBUG org.apache.http.wire -- http-outgoing-77 >> "Host: localhost:3000[\r][\n]"
16:32:06.711 [pool-2-thread-43] DEBUG org.apache.http.wire -- http-outgoing-77 >> "Connection: Keep-Alive[\r][\n]"
16:32:06.711 [pool-2-thread-43] DEBUG org.apache.http.wire -- http-outgoing-77 >> "User-Agent: Apache-HttpClient/4.5.14 (Java/17.0.9)[\r][\n]"
16:32:06.711 [pool-2-thread-43] DEBUG org.apache.http.wire -- http-outgoing-77 >> "Accept-Encoding: gzip,deflate[\r][\n]"
16:32:06.711 [pool-2-thread-43] DEBUG org.apache.http.wire -- http-outgoing-77 >> "[\r][\n]"
16:32:06.711 [pool-2-thread-43] DEBUG org.apache.http.wire -- http-outgoing-77 >> "{"email":"testit5@gmail.com","password":"Password123"}"
16:32:06.737 [pool-2-thread-24] DEBUG org.apache.http.wire -- http-outgoing-13 << "HTTP/1.1 200 OK[\r][\n]"
16:32:06.737 [pool-2-thread-24] DEBUG org.apache.http.wire -- http-outgoing-13 << "X-Powered-By: Express[\r][\n]"
16:32:06.737 [pool-2-thread-24] DEBUG org.apache.http.wire -- http-outgoing-13 << "Access-Control-Allow-Origin: *[\r][\n]"
16:32:06.737 [pool-2-thread-24] DEBUG org.apache.http.wire -- http-outgoing-13 << "Content-Type: application/json; charset=utf-8[\r][\n]"
16:32:06.737 [pool-2-thread-24] DEBUG org.apache.http.wire -- http-outgoing-13 << "Content-Length: 608[\r][\n]"
16:32:06.737 [pool-2-thread-24] DEBUG org.apache.http.wire -- http-outgoing-13 << "ETag: W/"260-141XfZHBm/34q6wLNvxssHvKTT8"[\r][\n]"
16:32:06.737 [pool-2-thread-24] DEBUG org.apache.http.wire -- http-outgoing-13 << "Date: Tue, 24 Jun 2025 09:32:06 GMT[\r][\n]"
16:32:06.737 [pool-2-thread-24] DEBUG org.apache.http.wire -- http-outgoing-13 << "Connection: keep-alive[\r][\n]"
16:32:06.737 [pool-2-thread-24] DEBUG org.apache.http.wire -- http-outgoing-13 << "Keep-Alive: timeout=5[\r][\n]"
16:32:06.737 [pool-2-thread-24] DEBUG org.apache.http.wire -- http-outgoing-13 << "[\r][\n]"
16:32:06.737 [pool-2-thread-24] DEBUG org.apache.http.wire -- http-outgoing-13 << "{"access_token":"eyJhbGciOiJIUzI1NiIsInR5cCI6IkpXVCJ9.eyJzdWIiOiI4YTI0NzQ2MS01YzA0LTQyMWQtOThmNS1mYTljNzM0ZmFlYTUiLCJ1c2VybmFtZSI6ImphbmVzbWl0aCIsInJvbGUiOjAsImlhdCI6MTc1MDc1NzUyNSwiZXhwIjoxNzUwNzYxMTI1fQ.L_7W_MCLo3Z2im7JMgXAvNqsQNcGaeARCEeJ3vz3JGk","refresh_token":"c5536ea0d2b91c078ee6551ef409b965ca7aa1405247855dea8ae7378362ac02","user":{"id":"8a247461-5c04-421d-98f5-fa9c734faea5","email":"test2@example.com","username":"janesmith","name":"Jane Smith","phoneNumber":"01234567890","profilePic":null,"bio":null,"private":false,"verified":false,"role":0,"followersCount":0,"followingCount":0,"postCount":0}}"
16:32:06.737 [pool-2-thread-24] DEBUG org.apache.http.headers -- http-outgoing-13 << HTTP/1.1 200 OK
16:32:06.737 [pool-2-thread-24] DEBUG org.apache.http.headers -- http-outgoing-13 << X-Powered-By: Express
16:32:06.737 [pool-2-thread-24] DEBUG org.apache.http.headers -- http-outgoing-13 << Access-Control-Allow-Origin: *
16:32:06.737 [pool-2-thread-24] DEBUG org.apache.http.headers -- http-outgoing-13 << Content-Type: application/json; charset=utf-8
16:32:06.737 [pool-2-thread-24] DEBUG org.apache.http.headers -- http-outgoing-13 << Content-Length: 608
16:32:06.737 [pool-2-thread-24] DEBUG org.apache.http.headers -- http-outgoing-13 << ETag: W/"260-141XfZHBm/34q6wLNvxssHvKTT8"
16:32:06.737 [pool-2-thread-24] DEBUG org.apache.http.headers -- http-outgoing-13 << Date: Tue, 24 Jun 2025 09:32:06 GMT
16:32:06.737 [pool-2-thread-24] DEBUG org.apache.http.headers -- http-outgoing-13 << Connection: keep-alive
16:32:06.737 [pool-2-thread-24] DEBUG org.apache.http.headers -- http-outgoing-13 << Keep-Alive: timeout=5
16:32:06.737 [pool-2-thread-24] DEBUG org.apache.http.impl.execchain.MainClientExec -- Connection can be kept alive for 5000 MILLISECONDS
16:32:06.737 [pool-2-thread-24] DEBUG org.apache.http.impl.conn.PoolingHttpClientConnectionManager -- Connection [id: 18][route: {}->http://localhost:3000] can be kept alive for 5.0 seconds
16:32:06.737 [pool-2-thread-24] DEBUG org.apache.http.impl.conn.DefaultManagedHttpClientConnection -- http-outgoing-13: set socket timeout to 0
16:32:06.738 [pool-2-thread-24] DEBUG org.apache.http.impl.conn.PoolingHttpClientConnectionManager -- Connection released: [id: 18][route: {}->http://localhost:3000][total available: 1; route allocated: 1 of 5; total allocated: 1 of 10]
16:32:06.738 [pool-2-thread-24] DEBUG org.apache.http.impl.conn.PoolingHttpClientConnectionManager -- Connection manager is shutting down
16:32:06.738 [pool-2-thread-24] DEBUG org.apache.http.impl.conn.DefaultManagedHttpClientConnection -- http-outgoing-13: Close connection
16:32:06.738 [pool-2-thread-24] DEBUG org.apache.http.impl.conn.PoolingHttpClientConnectionManager -- Connection manager shut down
16:32:06.738 [pool-2-thread-24] DEBUG com.intuit.karate -- response time in milliseconds: 6239
1 < 200
1 < X-Powered-By: Express
1 < Access-Control-Allow-Origin: *
1 < Content-Type: application/json; charset=utf-8
1 < Content-Length: 608
1 < ETag: W/"260-141XfZHBm/34q6wLNvxssHvKTT8"
1 < Date: Tue, 24 Jun 2025 09:32:06 GMT
1 < Connection: keep-alive
1 < Keep-Alive: timeout=5
{"access_token":"eyJhbGciOiJIUzI1NiIsInR5cCI6IkpXVCJ9.eyJzdWIiOiI4YTI0NzQ2MS01YzA0LTQyMWQtOThmNS1mYTljNzM0ZmFlYTUiLCJ1c2VybmFtZSI6ImphbmVzbWl0aCIsInJvbGUiOjAsImlhdCI6MTc1MDc1NzUyNSwiZXhwIjoxNzUwNzYxMTI1fQ.L_7W_MCLo3Z2im7JMgXAvNqsQNcGaeARCEeJ3vz3JGk","refresh_token":"c5536ea0d2b91c078ee6551ef409b965ca7aa1405247855dea8ae7378362ac02","user":{"id":"8a247461-5c04-421d-98f5-fa9c734faea5","email":"test2@example.com","username":"janesmith","name":"Jane Smith","phoneNumber":"01234567890","profilePic":null,"bio":null,"private":false,"verified":false,"role":0,"followersCount":0,"followingCount":0,"postCount":0}}

16:32:06.741 [pool-2-thread-24] INFO com.intuit.karate -- [print] 50-thread call completed, status: 200 
16:32:06.747 [pool-2-thread-24] DEBUG com.jayway.jsonpath.internal.path.CompiledPath -- Evaluating path: $
16:32:06.749 [pool-2-thread-24] INFO com.intuit.karate -- [print] *** 50-THREAD CONCURRENT API CALL for user: testit@gmail.com *** 
16:32:06.749 [pool-2-thread-24] DEBUG org.apache.http.client.protocol.RequestAddCookies -- CookieSpec selected: karate
16:32:06.750 [pool-2-thread-24] DEBUG org.apache.http.client.protocol.RequestAuthCache -- Auth cache not set in the context
16:32:06.750 [pool-2-thread-24] DEBUG com.intuit.karate -- request:
1 > POST http://localhost:3000/auth/login
1 > Content-Type: application/json; charset=UTF-8
1 > Content-Length: 53
1 > Host: localhost:3000
1 > Connection: Keep-Alive
1 > User-Agent: Apache-HttpClient/4.5.14 (Java/17.0.9)
1 > Accept-Encoding: gzip,deflate
{"email":"testit@gmail.com","password":"Password123"}

16:32:06.750 [pool-2-thread-24] DEBUG org.apache.http.impl.conn.PoolingHttpClientConnectionManager -- Connection request: [route: {}->http://localhost:3000][total available: 0; route allocated: 0 of 5; total allocated: 0 of 10]
16:32:06.750 [pool-2-thread-24] DEBUG org.apache.http.impl.conn.PoolingHttpClientConnectionManager -- Connection leased: [id: 78][route: {}->http://localhost:3000][total available: 0; route allocated: 1 of 5; total allocated: 1 of 10]
16:32:06.750 [pool-2-thread-24] DEBUG org.apache.http.impl.execchain.MainClientExec -- Opening connection {}->http://localhost:3000
16:32:06.750 [pool-2-thread-24] DEBUG org.apache.http.impl.conn.DefaultHttpClientConnectionOperator -- Connecting to localhost/127.0.0.1:3000
16:32:06.751 [pool-2-thread-24] DEBUG org.apache.http.impl.conn.DefaultHttpClientConnectionOperator -- Connection established 127.0.0.1:52248<->127.0.0.1:3000
16:32:06.751 [pool-2-thread-24] DEBUG org.apache.http.impl.conn.DefaultManagedHttpClientConnection -- http-outgoing-78: set socket timeout to 30000
16:32:06.751 [pool-2-thread-24] DEBUG org.apache.http.impl.execchain.MainClientExec -- Executing request POST /auth/login HTTP/1.1
16:32:06.751 [pool-2-thread-24] DEBUG org.apache.http.impl.execchain.MainClientExec -- Target auth state: UNCHALLENGED
16:32:06.751 [pool-2-thread-24] DEBUG org.apache.http.impl.execchain.MainClientExec -- Proxy auth state: UNCHALLENGED
16:32:06.751 [pool-2-thread-24] DEBUG org.apache.http.headers -- http-outgoing-78 >> POST /auth/login HTTP/1.1
16:32:06.751 [pool-2-thread-24] DEBUG org.apache.http.headers -- http-outgoing-78 >> Content-Type: application/json; charset=UTF-8
16:32:06.751 [pool-2-thread-24] DEBUG org.apache.http.headers -- http-outgoing-78 >> Content-Length: 53
16:32:06.751 [pool-2-thread-24] DEBUG org.apache.http.headers -- http-outgoing-78 >> Host: localhost:3000
16:32:06.751 [pool-2-thread-24] DEBUG org.apache.http.headers -- http-outgoing-78 >> Connection: Keep-Alive
16:32:06.751 [pool-2-thread-24] DEBUG org.apache.http.headers -- http-outgoing-78 >> User-Agent: Apache-HttpClient/4.5.14 (Java/17.0.9)
16:32:06.751 [pool-2-thread-24] DEBUG org.apache.http.headers -- http-outgoing-78 >> Accept-Encoding: gzip,deflate
16:32:06.751 [pool-2-thread-24] DEBUG org.apache.http.wire -- http-outgoing-78 >> "POST /auth/login HTTP/1.1[\r][\n]"
16:32:06.751 [pool-2-thread-24] DEBUG org.apache.http.wire -- http-outgoing-78 >> "Content-Type: application/json; charset=UTF-8[\r][\n]"
16:32:06.751 [pool-2-thread-24] DEBUG org.apache.http.wire -- http-outgoing-78 >> "Content-Length: 53[\r][\n]"
16:32:06.751 [pool-2-thread-24] DEBUG org.apache.http.wire -- http-outgoing-78 >> "Host: localhost:3000[\r][\n]"
16:32:06.751 [pool-2-thread-24] DEBUG org.apache.http.wire -- http-outgoing-78 >> "Connection: Keep-Alive[\r][\n]"
16:32:06.751 [pool-2-thread-24] DEBUG org.apache.http.wire -- http-outgoing-78 >> "User-Agent: Apache-HttpClient/4.5.14 (Java/17.0.9)[\r][\n]"
16:32:06.751 [pool-2-thread-24] DEBUG org.apache.http.wire -- http-outgoing-78 >> "Accept-Encoding: gzip,deflate[\r][\n]"
16:32:06.751 [pool-2-thread-24] DEBUG org.apache.http.wire -- http-outgoing-78 >> "[\r][\n]"
16:32:06.751 [pool-2-thread-24] DEBUG org.apache.http.wire -- http-outgoing-78 >> "{"email":"testit@gmail.com","password":"Password123"}"
16:32:06.765 [pool-2-thread-2] DEBUG org.apache.http.wire -- http-outgoing-24 << "HTTP/1.1 200 OK[\r][\n]"
16:32:06.765 [pool-2-thread-2] DEBUG org.apache.http.wire -- http-outgoing-24 << "X-Powered-By: Express[\r][\n]"
16:32:06.765 [pool-2-thread-2] DEBUG org.apache.http.wire -- http-outgoing-24 << "Access-Control-Allow-Origin: *[\r][\n]"
16:32:06.765 [pool-2-thread-2] DEBUG org.apache.http.wire -- http-outgoing-24 << "Content-Type: application/json; charset=utf-8[\r][\n]"
16:32:06.765 [pool-2-thread-2] DEBUG org.apache.http.wire -- http-outgoing-24 << "Content-Length: 715[\r][\n]"
16:32:06.765 [pool-2-thread-2] DEBUG org.apache.http.wire -- http-outgoing-24 << "ETag: W/"2cb-Q7lBHwsiIj0qymIn+MJS5ljXuvI"[\r][\n]"
16:32:06.765 [pool-2-thread-2] DEBUG org.apache.http.wire -- http-outgoing-24 << "Date: Tue, 24 Jun 2025 09:32:06 GMT[\r][\n]"
16:32:06.765 [pool-2-thread-2] DEBUG org.apache.http.wire -- http-outgoing-24 << "Connection: keep-alive[\r][\n]"
16:32:06.765 [pool-2-thread-2] DEBUG org.apache.http.wire -- http-outgoing-24 << "Keep-Alive: timeout=5[\r][\n]"
16:32:06.765 [pool-2-thread-2] DEBUG org.apache.http.wire -- http-outgoing-24 << "[\r][\n]"
16:32:06.765 [pool-2-thread-2] DEBUG org.apache.http.wire -- http-outgoing-24 << "{"access_token":"eyJhbGciOiJIUzI1NiIsInR5cCI6IkpXVCJ9.eyJzdWIiOiIyYjg0YWEyNC02NjhhLTQwZTItYWYxYy1hZDRmYzRmYTVhNmYiLCJ1c2VybmFtZSI6InF1YW5nMSIsInJvbGUiOjAsImlhdCI6MTc1MDc1NzUyNSwiZXhwIjoxNzUwNzYxMTI1fQ.ppJkY_Y3oz-ILzyXytpT-rjh4bBciivVusd295GmC14","refresh_token":"60a85daded16a6efd9a08dd769261619669dbf55e562385ee2f84ccbea5b0bd9","user":{"id":"2b84aa24-668a-40e2-af1c-ad4fc4fa5a6f","email":"quang1@gmail.com","username":"quang1","name":"quang1","phoneNumber":"09874563210","profilePic":"https://res.cloudinary.com/dizcvrefo/image/upload/v1749027586/nestjs_uploads/xehairydt9rzlbmbmv4c.jpg","bio":"Thang Nam Lao Vua Thoi","private":false,"verified":false,"role":0,"followersCount":2,"followingCount":3,"postCount":2}}"
16:32:06.765 [pool-2-thread-21] DEBUG org.apache.http.wire -- http-outgoing-11 << "HTTP/1.1 200 OK[\r][\n]"
16:32:06.765 [pool-2-thread-21] DEBUG org.apache.http.wire -- http-outgoing-11 << "X-Powered-By: Express[\r][\n]"
16:32:06.765 [pool-2-thread-21] DEBUG org.apache.http.wire -- http-outgoing-11 << "Access-Control-Allow-Origin: *[\r][\n]"
16:32:06.765 [pool-2-thread-21] DEBUG org.apache.http.wire -- http-outgoing-11 << "Content-Type: application/json; charset=utf-8[\r][\n]"
16:32:06.765 [pool-2-thread-21] DEBUG org.apache.http.wire -- http-outgoing-11 << "Content-Length: 708[\r][\n]"
16:32:06.765 [pool-2-thread-21] DEBUG org.apache.http.wire -- http-outgoing-11 << "ETag: W/"2c4-5ckBabJr8oKt2QTOPUEptIpX0BY"[\r][\n]"
16:32:06.765 [pool-2-thread-21] DEBUG org.apache.http.wire -- http-outgoing-11 << "Date: Tue, 24 Jun 2025 09:32:06 GMT[\r][\n]"
16:32:06.765 [pool-2-thread-21] DEBUG org.apache.http.wire -- http-outgoing-11 << "Connection: keep-alive[\r][\n]"
16:32:06.765 [pool-2-thread-21] DEBUG org.apache.http.wire -- http-outgoing-11 << "Keep-Alive: timeout=5[\r][\n]"
16:32:06.765 [pool-2-thread-21] DEBUG org.apache.http.wire -- http-outgoing-11 << "[\r][\n]"
16:32:06.765 [pool-2-thread-2] DEBUG org.apache.http.headers -- http-outgoing-24 << HTTP/1.1 200 OK
16:32:06.765 [pool-2-thread-2] DEBUG org.apache.http.headers -- http-outgoing-24 << X-Powered-By: Express
16:32:06.765 [pool-2-thread-2] DEBUG org.apache.http.headers -- http-outgoing-24 << Access-Control-Allow-Origin: *
16:32:06.765 [pool-2-thread-2] DEBUG org.apache.http.headers -- http-outgoing-24 << Content-Type: application/json; charset=utf-8
16:32:06.765 [pool-2-thread-2] DEBUG org.apache.http.headers -- http-outgoing-24 << Content-Length: 715
16:32:06.765 [pool-2-thread-21] DEBUG org.apache.http.wire -- http-outgoing-11 << "{"access_token":"eyJhbGciOiJIUzI1NiIsInR5cCI6IkpXVCJ9.eyJzdWIiOiIwODUxNWIwNS0yZDNlLTQ3ODktYWQ2MC1kYjM1NTI1YTQ5NzAiLCJ1c2VybmFtZSI6Im5hbSIsInJvbGUiOjAsImlhdCI6MTc1MDc1NzUyNSwiZXhwIjoxNzUwNzYxMTI1fQ.rxaPV-SrJ0BX95mb6Z501vrGPIDlfKbGXoBNpIjg43s","refresh_token":"0044d68f806f351b0191d6e39055192b6e3aaca6390641a68b42a236499fb5b7","user":{"id":"08515b05-2d3e-4789-ad60-db35525a4970","email":"nam@gmail.com","username":"nam","name":"nam","phoneNumber":"0123456789","profilePic":"https://res.cloudinary.com/dizcvrefo/image/upload/v1749266646/nestjs_uploads/zk9zrpeidnovxibfqdxr.png","bio":"Chu tich hoi dong Quan tri 1","private":false,"verified":false,"role":0,"followersCount":2,"followingCount":5,"postCount":13}}"
16:32:06.765 [pool-2-thread-2] DEBUG org.apache.http.headers -- http-outgoing-24 << ETag: W/"2cb-Q7lBHwsiIj0qymIn+MJS5ljXuvI"
16:32:06.765 [pool-2-thread-2] DEBUG org.apache.http.headers -- http-outgoing-24 << Date: Tue, 24 Jun 2025 09:32:06 GMT
16:32:06.765 [pool-2-thread-2] DEBUG org.apache.http.headers -- http-outgoing-24 << Connection: keep-alive
16:32:06.765 [pool-2-thread-2] DEBUG org.apache.http.headers -- http-outgoing-24 << Keep-Alive: timeout=5
16:32:06.765 [pool-2-thread-21] DEBUG org.apache.http.headers -- http-outgoing-11 << HTTP/1.1 200 OK
16:32:06.765 [pool-2-thread-21] DEBUG org.apache.http.headers -- http-outgoing-11 << X-Powered-By: Express
16:32:06.765 [pool-2-thread-21] DEBUG org.apache.http.headers -- http-outgoing-11 << Access-Control-Allow-Origin: *
16:32:06.765 [pool-2-thread-21] DEBUG org.apache.http.headers -- http-outgoing-11 << Content-Type: application/json; charset=utf-8
16:32:06.765 [pool-2-thread-21] DEBUG org.apache.http.headers -- http-outgoing-11 << Content-Length: 708
16:32:06.765 [pool-2-thread-21] DEBUG org.apache.http.headers -- http-outgoing-11 << ETag: W/"2c4-5ckBabJr8oKt2QTOPUEptIpX0BY"
16:32:06.765 [pool-2-thread-21] DEBUG org.apache.http.headers -- http-outgoing-11 << Date: Tue, 24 Jun 2025 09:32:06 GMT
16:32:06.765 [pool-2-thread-21] DEBUG org.apache.http.headers -- http-outgoing-11 << Connection: keep-alive
16:32:06.765 [pool-2-thread-21] DEBUG org.apache.http.headers -- http-outgoing-11 << Keep-Alive: timeout=5
16:32:06.765 [pool-2-thread-2] DEBUG org.apache.http.impl.execchain.MainClientExec -- Connection can be kept alive for 5000 MILLISECONDS
16:32:06.765 [pool-2-thread-21] DEBUG org.apache.http.impl.execchain.MainClientExec -- Connection can be kept alive for 5000 MILLISECONDS
16:32:06.765 [pool-2-thread-2] DEBUG org.apache.http.impl.conn.PoolingHttpClientConnectionManager -- Connection [id: 42][route: {}->http://localhost:3000] can be kept alive for 5.0 seconds
16:32:06.765 [pool-2-thread-21] DEBUG org.apache.http.impl.conn.PoolingHttpClientConnectionManager -- Connection [id: 32][route: {}->http://localhost:3000] can be kept alive for 5.0 seconds
16:32:06.765 [pool-2-thread-2] DEBUG org.apache.http.impl.conn.DefaultManagedHttpClientConnection -- http-outgoing-24: set socket timeout to 0
16:32:06.765 [pool-2-thread-21] DEBUG org.apache.http.impl.conn.DefaultManagedHttpClientConnection -- http-outgoing-11: set socket timeout to 0
16:32:06.765 [pool-2-thread-2] DEBUG org.apache.http.impl.conn.PoolingHttpClientConnectionManager -- Connection released: [id: 42][route: {}->http://localhost:3000][total available: 1; route allocated: 1 of 5; total allocated: 1 of 10]
16:32:06.765 [pool-2-thread-21] DEBUG org.apache.http.impl.conn.PoolingHttpClientConnectionManager -- Connection released: [id: 32][route: {}->http://localhost:3000][total available: 1; route allocated: 1 of 5; total allocated: 1 of 10]
16:32:06.765 [pool-2-thread-2] DEBUG org.apache.http.impl.conn.PoolingHttpClientConnectionManager -- Connection manager is shutting down
16:32:06.765 [pool-2-thread-21] DEBUG org.apache.http.impl.conn.PoolingHttpClientConnectionManager -- Connection manager is shutting down
16:32:06.765 [pool-2-thread-2] DEBUG org.apache.http.impl.conn.DefaultManagedHttpClientConnection -- http-outgoing-24: Close connection
16:32:06.765 [pool-2-thread-21] DEBUG org.apache.http.impl.conn.DefaultManagedHttpClientConnection -- http-outgoing-11: Close connection
16:32:06.766 [pool-2-thread-21] DEBUG org.apache.http.impl.conn.PoolingHttpClientConnectionManager -- Connection manager shut down
16:32:06.766 [pool-2-thread-2] DEBUG org.apache.http.impl.conn.PoolingHttpClientConnectionManager -- Connection manager shut down
16:32:06.766 [pool-2-thread-21] DEBUG com.intuit.karate -- response time in milliseconds: 6264
1 < 200
1 < X-Powered-By: Express
1 < Access-Control-Allow-Origin: *
1 < Content-Type: application/json; charset=utf-8
1 < Content-Length: 708
1 < ETag: W/"2c4-5ckBabJr8oKt2QTOPUEptIpX0BY"
1 < Date: Tue, 24 Jun 2025 09:32:06 GMT
1 < Connection: keep-alive
1 < Keep-Alive: timeout=5
{"access_token":"eyJhbGciOiJIUzI1NiIsInR5cCI6IkpXVCJ9.eyJzdWIiOiIwODUxNWIwNS0yZDNlLTQ3ODktYWQ2MC1kYjM1NTI1YTQ5NzAiLCJ1c2VybmFtZSI6Im5hbSIsInJvbGUiOjAsImlhdCI6MTc1MDc1NzUyNSwiZXhwIjoxNzUwNzYxMTI1fQ.rxaPV-SrJ0BX95mb6Z501vrGPIDlfKbGXoBNpIjg43s","refresh_token":"0044d68f806f351b0191d6e39055192b6e3aaca6390641a68b42a236499fb5b7","user":{"id":"08515b05-2d3e-4789-ad60-db35525a4970","email":"nam@gmail.com","username":"nam","name":"nam","phoneNumber":"0123456789","profilePic":"https://res.cloudinary.com/dizcvrefo/image/upload/v1749266646/nestjs_uploads/zk9zrpeidnovxibfqdxr.png","bio":"Chu tich hoi dong Quan tri 1","private":false,"verified":false,"role":0,"followersCount":2,"followingCount":5,"postCount":13}}

16:32:06.766 [pool-2-thread-2] DEBUG com.intuit.karate -- response time in milliseconds: 6264
1 < 200
1 < X-Powered-By: Express
1 < Access-Control-Allow-Origin: *
1 < Content-Type: application/json; charset=utf-8
1 < Content-Length: 715
1 < ETag: W/"2cb-Q7lBHwsiIj0qymIn+MJS5ljXuvI"
1 < Date: Tue, 24 Jun 2025 09:32:06 GMT
1 < Connection: keep-alive
1 < Keep-Alive: timeout=5
{"access_token":"eyJhbGciOiJIUzI1NiIsInR5cCI6IkpXVCJ9.eyJzdWIiOiIyYjg0YWEyNC02NjhhLTQwZTItYWYxYy1hZDRmYzRmYTVhNmYiLCJ1c2VybmFtZSI6InF1YW5nMSIsInJvbGUiOjAsImlhdCI6MTc1MDc1NzUyNSwiZXhwIjoxNzUwNzYxMTI1fQ.ppJkY_Y3oz-ILzyXytpT-rjh4bBciivVusd295GmC14","refresh_token":"60a85daded16a6efd9a08dd769261619669dbf55e562385ee2f84ccbea5b0bd9","user":{"id":"2b84aa24-668a-40e2-af1c-ad4fc4fa5a6f","email":"quang1@gmail.com","username":"quang1","name":"quang1","phoneNumber":"09874563210","profilePic":"https://res.cloudinary.com/dizcvrefo/image/upload/v1749027586/nestjs_uploads/xehairydt9rzlbmbmv4c.jpg","bio":"Thang Nam Lao Vua Thoi","private":false,"verified":false,"role":0,"followersCount":2,"followingCount":3,"postCount":2}}

16:32:06.767 [pool-2-thread-21] INFO com.intuit.karate -- [print] 50-thread call completed, status: 200 
16:32:06.767 [pool-2-thread-2] INFO com.intuit.karate -- [print] 50-thread call completed, status: 200 
16:32:06.769 [pool-2-thread-10] DEBUG org.apache.http.wire -- http-outgoing-37 << "HTTP/1.1 200 OK[\r][\n]"
16:32:06.769 [pool-2-thread-10] DEBUG org.apache.http.wire -- http-outgoing-37 << "X-Powered-By: Express[\r][\n]"
16:32:06.769 [pool-2-thread-10] DEBUG org.apache.http.wire -- http-outgoing-37 << "Access-Control-Allow-Origin: *[\r][\n]"
16:32:06.769 [pool-2-thread-10] DEBUG org.apache.http.wire -- http-outgoing-37 << "Content-Type: application/json; charset=utf-8[\r][\n]"
16:32:06.769 [pool-2-thread-10] DEBUG org.apache.http.wire -- http-outgoing-37 << "Content-Length: 605[\r][\n]"
16:32:06.769 [pool-2-thread-10] DEBUG org.apache.http.wire -- http-outgoing-37 << "ETag: W/"25d-6xK2KYxsZ1DnX2eYwLyrrwp/IQE"[\r][\n]"
16:32:06.769 [pool-2-thread-10] DEBUG org.apache.http.wire -- http-outgoing-37 << "Date: Tue, 24 Jun 2025 09:32:06 GMT[\r][\n]"
16:32:06.769 [pool-2-thread-10] DEBUG org.apache.http.wire -- http-outgoing-37 << "Connection: keep-alive[\r][\n]"
16:32:06.769 [pool-2-thread-10] DEBUG org.apache.http.wire -- http-outgoing-37 << "Keep-Alive: timeout=5[\r][\n]"
16:32:06.769 [pool-2-thread-10] DEBUG org.apache.http.wire -- http-outgoing-37 << "[\r][\n]"
16:32:06.769 [pool-2-thread-10] DEBUG org.apache.http.wire -- http-outgoing-37 << "{"access_token":"eyJhbGciOiJIUzI1NiIsInR5cCI6IkpXVCJ9.eyJzdWIiOiIwYTM3ZWY0My1mZWU4LTQxZDMtYTY4Ni04YWIwODY5NDg2OTUiLCJ1c2VybmFtZSI6ImpvaG5kb2UyMSIsInJvbGUiOjAsImlhdCI6MTc1MDc1NzUyNSwiZXhwIjoxNzUwNzYxMTI1fQ.M9TtTGUMWwkFNy9SQ8LSPMVNG8vJUxmKxPKDMOvJjFQ","refresh_token":"32f3f5e81c65046904403d030753094fc563fdde8741ee8ec329f902b6297085","user":{"id":"0a37ef43-fee8-41d3-a686-8ab086948695","email":"testit2@gmail.com","username":"johndoe21","name":"John Doe","phoneNumber":"0123456712","profilePic":null,"bio":null,"private":false,"verified":false,"role":0,"followersCount":0,"followingCount":0,"postCount":0}}"
16:32:06.769 [pool-2-thread-10] DEBUG org.apache.http.headers -- http-outgoing-37 << HTTP/1.1 200 OK
16:32:06.769 [pool-2-thread-10] DEBUG org.apache.http.headers -- http-outgoing-37 << X-Powered-By: Express
16:32:06.769 [pool-2-thread-10] DEBUG org.apache.http.headers -- http-outgoing-37 << Access-Control-Allow-Origin: *
16:32:06.769 [pool-2-thread-10] DEBUG org.apache.http.headers -- http-outgoing-37 << Content-Type: application/json; charset=utf-8
16:32:06.769 [pool-2-thread-10] DEBUG org.apache.http.headers -- http-outgoing-37 << Content-Length: 605
16:32:06.769 [pool-2-thread-10] DEBUG org.apache.http.headers -- http-outgoing-37 << ETag: W/"25d-6xK2KYxsZ1DnX2eYwLyrrwp/IQE"
16:32:06.769 [pool-2-thread-10] DEBUG org.apache.http.headers -- http-outgoing-37 << Date: Tue, 24 Jun 2025 09:32:06 GMT
16:32:06.769 [pool-2-thread-10] DEBUG org.apache.http.headers -- http-outgoing-37 << Connection: keep-alive
16:32:06.769 [pool-2-thread-10] DEBUG org.apache.http.headers -- http-outgoing-37 << Keep-Alive: timeout=5
16:32:06.769 [pool-2-thread-10] DEBUG org.apache.http.impl.execchain.MainClientExec -- Connection can be kept alive for 5000 MILLISECONDS
16:32:06.769 [pool-2-thread-10] DEBUG org.apache.http.impl.conn.PoolingHttpClientConnectionManager -- Connection [id: 36][route: {}->http://localhost:3000] can be kept alive for 5.0 seconds
16:32:06.769 [pool-2-thread-10] DEBUG org.apache.http.impl.conn.DefaultManagedHttpClientConnection -- http-outgoing-37: set socket timeout to 0
16:32:06.769 [pool-2-thread-10] DEBUG org.apache.http.impl.conn.PoolingHttpClientConnectionManager -- Connection released: [id: 36][route: {}->http://localhost:3000][total available: 1; route allocated: 1 of 5; total allocated: 1 of 10]
16:32:06.769 [pool-2-thread-10] DEBUG org.apache.http.impl.conn.PoolingHttpClientConnectionManager -- Connection manager is shutting down
16:32:06.769 [pool-2-thread-10] DEBUG org.apache.http.impl.conn.DefaultManagedHttpClientConnection -- http-outgoing-37: Close connection
16:32:06.769 [pool-2-thread-10] DEBUG org.apache.http.impl.conn.PoolingHttpClientConnectionManager -- Connection manager shut down
16:32:06.769 [pool-2-thread-10] DEBUG com.intuit.karate -- response time in milliseconds: 6267
1 < 200
1 < X-Powered-By: Express
1 < Access-Control-Allow-Origin: *
1 < Content-Type: application/json; charset=utf-8
1 < Content-Length: 605
1 < ETag: W/"25d-6xK2KYxsZ1DnX2eYwLyrrwp/IQE"
1 < Date: Tue, 24 Jun 2025 09:32:06 GMT
1 < Connection: keep-alive
1 < Keep-Alive: timeout=5
{"access_token":"eyJhbGciOiJIUzI1NiIsInR5cCI6IkpXVCJ9.eyJzdWIiOiIwYTM3ZWY0My1mZWU4LTQxZDMtYTY4Ni04YWIwODY5NDg2OTUiLCJ1c2VybmFtZSI6ImpvaG5kb2UyMSIsInJvbGUiOjAsImlhdCI6MTc1MDc1NzUyNSwiZXhwIjoxNzUwNzYxMTI1fQ.M9TtTGUMWwkFNy9SQ8LSPMVNG8vJUxmKxPKDMOvJjFQ","refresh_token":"32f3f5e81c65046904403d030753094fc563fdde8741ee8ec329f902b6297085","user":{"id":"0a37ef43-fee8-41d3-a686-8ab086948695","email":"testit2@gmail.com","username":"johndoe21","name":"John Doe","phoneNumber":"0123456712","profilePic":null,"bio":null,"private":false,"verified":false,"role":0,"followersCount":0,"followingCount":0,"postCount":0}}

16:32:06.770 [pool-2-thread-2] DEBUG com.jayway.jsonpath.internal.path.CompiledPath -- Evaluating path: $
16:32:06.770 [pool-2-thread-21] DEBUG com.jayway.jsonpath.internal.path.CompiledPath -- Evaluating path: $
16:32:06.770 [pool-2-thread-10] INFO com.intuit.karate -- [print] 50-thread call completed, status: 200 
16:32:06.770 [pool-2-thread-2] INFO com.intuit.karate -- [print] *** 50-THREAD CONCURRENT API CALL for user: testit2@gmail.com *** 
16:32:06.770 [pool-2-thread-21] INFO com.intuit.karate -- [print] *** 50-THREAD CONCURRENT API CALL for user: nam@gmail.com *** 
16:32:06.773 [pool-2-thread-2] DEBUG org.apache.http.client.protocol.RequestAddCookies -- CookieSpec selected: karate
16:32:06.773 [pool-2-thread-2] DEBUG org.apache.http.client.protocol.RequestAuthCache -- Auth cache not set in the context
16:32:06.773 [pool-2-thread-2] DEBUG com.intuit.karate -- request:
1 > POST http://localhost:3000/auth/login
1 > Content-Type: application/json; charset=UTF-8
1 > Content-Length: 54
1 > Host: localhost:3000
1 > Connection: Keep-Alive
1 > User-Agent: Apache-HttpClient/4.5.14 (Java/17.0.9)
1 > Accept-Encoding: gzip,deflate
{"email":"testit2@gmail.com","password":"Password123"}

16:32:06.773 [pool-2-thread-21] DEBUG org.apache.http.client.protocol.RequestAddCookies -- CookieSpec selected: karate
16:32:06.773 [pool-2-thread-2] DEBUG org.apache.http.impl.conn.PoolingHttpClientConnectionManager -- Connection request: [route: {}->http://localhost:3000][total available: 0; route allocated: 0 of 5; total allocated: 0 of 10]
16:32:06.773 [pool-2-thread-21] DEBUG org.apache.http.client.protocol.RequestAuthCache -- Auth cache not set in the context
16:32:06.774 [pool-2-thread-2] DEBUG org.apache.http.impl.conn.PoolingHttpClientConnectionManager -- Connection leased: [id: 79][route: {}->http://localhost:3000][total available: 0; route allocated: 1 of 5; total allocated: 1 of 10]
16:32:06.774 [pool-2-thread-21] DEBUG com.intuit.karate -- request:
1 > POST http://localhost:3000/auth/login
1 > Content-Type: application/json; charset=UTF-8
1 > Content-Length: 45
1 > Host: localhost:3000
1 > Connection: Keep-Alive
1 > User-Agent: Apache-HttpClient/4.5.14 (Java/17.0.9)
1 > Accept-Encoding: gzip,deflate
{"email":"nam@gmail.com","password":"123456"}

16:32:06.774 [pool-2-thread-2] DEBUG org.apache.http.impl.execchain.MainClientExec -- Opening connection {}->http://localhost:3000
16:32:06.774 [pool-2-thread-21] DEBUG org.apache.http.impl.conn.PoolingHttpClientConnectionManager -- Connection request: [route: {}->http://localhost:3000][total available: 0; route allocated: 0 of 5; total allocated: 0 of 10]
16:32:06.774 [pool-2-thread-21] DEBUG org.apache.http.impl.conn.PoolingHttpClientConnectionManager -- Connection leased: [id: 80][route: {}->http://localhost:3000][total available: 0; route allocated: 1 of 5; total allocated: 1 of 10]
16:32:06.774 [pool-2-thread-21] DEBUG org.apache.http.impl.execchain.MainClientExec -- Opening connection {}->http://localhost:3000
16:32:06.774 [pool-2-thread-10] DEBUG com.jayway.jsonpath.internal.path.CompiledPath -- Evaluating path: $
16:32:06.774 [pool-2-thread-2] DEBUG org.apache.http.impl.conn.DefaultHttpClientConnectionOperator -- Connecting to localhost/127.0.0.1:3000
16:32:06.774 [pool-2-thread-21] DEBUG org.apache.http.impl.conn.DefaultHttpClientConnectionOperator -- Connecting to localhost/127.0.0.1:3000
16:32:06.774 [pool-2-thread-21] DEBUG org.apache.http.impl.conn.DefaultHttpClientConnectionOperator -- Connection established 127.0.0.1:52250<->127.0.0.1:3000
16:32:06.774 [pool-2-thread-2] DEBUG org.apache.http.impl.conn.DefaultHttpClientConnectionOperator -- Connection established 127.0.0.1:52249<->127.0.0.1:3000
16:32:06.774 [pool-2-thread-21] DEBUG org.apache.http.impl.conn.DefaultManagedHttpClientConnection -- http-outgoing-80: set socket timeout to 30000
16:32:06.774 [pool-2-thread-2] DEBUG org.apache.http.impl.conn.DefaultManagedHttpClientConnection -- http-outgoing-79: set socket timeout to 30000
16:32:06.774 [pool-2-thread-2] DEBUG org.apache.http.impl.execchain.MainClientExec -- Executing request POST /auth/login HTTP/1.1
16:32:06.774 [pool-2-thread-21] DEBUG org.apache.http.impl.execchain.MainClientExec -- Executing request POST /auth/login HTTP/1.1
16:32:06.774 [pool-2-thread-21] DEBUG org.apache.http.impl.execchain.MainClientExec -- Target auth state: UNCHALLENGED
16:32:06.774 [pool-2-thread-2] DEBUG org.apache.http.impl.execchain.MainClientExec -- Target auth state: UNCHALLENGED
16:32:06.774 [pool-2-thread-21] DEBUG org.apache.http.impl.execchain.MainClientExec -- Proxy auth state: UNCHALLENGED
16:32:06.775 [pool-2-thread-2] DEBUG org.apache.http.impl.execchain.MainClientExec -- Proxy auth state: UNCHALLENGED
16:32:06.775 [pool-2-thread-2] DEBUG org.apache.http.headers -- http-outgoing-79 >> POST /auth/login HTTP/1.1
16:32:06.775 [pool-2-thread-21] DEBUG org.apache.http.headers -- http-outgoing-80 >> POST /auth/login HTTP/1.1
16:32:06.775 [pool-2-thread-2] DEBUG org.apache.http.headers -- http-outgoing-79 >> Content-Type: application/json; charset=UTF-8
16:32:06.775 [pool-2-thread-21] DEBUG org.apache.http.headers -- http-outgoing-80 >> Content-Type: application/json; charset=UTF-8
16:32:06.775 [pool-2-thread-2] DEBUG org.apache.http.headers -- http-outgoing-79 >> Content-Length: 54
16:32:06.775 [pool-2-thread-2] DEBUG org.apache.http.headers -- http-outgoing-79 >> Host: localhost:3000
16:32:06.775 [pool-2-thread-21] DEBUG org.apache.http.headers -- http-outgoing-80 >> Content-Length: 45
16:32:06.775 [pool-2-thread-2] DEBUG org.apache.http.headers -- http-outgoing-79 >> Connection: Keep-Alive
16:32:06.775 [pool-2-thread-21] DEBUG org.apache.http.headers -- http-outgoing-80 >> Host: localhost:3000
16:32:06.775 [pool-2-thread-2] DEBUG org.apache.http.headers -- http-outgoing-79 >> User-Agent: Apache-HttpClient/4.5.14 (Java/17.0.9)
16:32:06.775 [pool-2-thread-21] DEBUG org.apache.http.headers -- http-outgoing-80 >> Connection: Keep-Alive
16:32:06.775 [pool-2-thread-2] DEBUG org.apache.http.headers -- http-outgoing-79 >> Accept-Encoding: gzip,deflate
16:32:06.775 [pool-2-thread-21] DEBUG org.apache.http.headers -- http-outgoing-80 >> User-Agent: Apache-HttpClient/4.5.14 (Java/17.0.9)
16:32:06.775 [pool-2-thread-21] DEBUG org.apache.http.headers -- http-outgoing-80 >> Accept-Encoding: gzip,deflate
16:32:06.775 [pool-2-thread-2] DEBUG org.apache.http.wire -- http-outgoing-79 >> "POST /auth/login HTTP/1.1[\r][\n]"
16:32:06.775 [pool-2-thread-2] DEBUG org.apache.http.wire -- http-outgoing-79 >> "Content-Type: application/json; charset=UTF-8[\r][\n]"
16:32:06.775 [pool-2-thread-2] DEBUG org.apache.http.wire -- http-outgoing-79 >> "Content-Length: 54[\r][\n]"
16:32:06.775 [pool-2-thread-2] DEBUG org.apache.http.wire -- http-outgoing-79 >> "Host: localhost:3000[\r][\n]"
16:32:06.775 [pool-2-thread-21] DEBUG org.apache.http.wire -- http-outgoing-80 >> "POST /auth/login HTTP/1.1[\r][\n]"
16:32:06.775 [pool-2-thread-21] DEBUG org.apache.http.wire -- http-outgoing-80 >> "Content-Type: application/json; charset=UTF-8[\r][\n]"
16:32:06.775 [pool-2-thread-2] DEBUG org.apache.http.wire -- http-outgoing-79 >> "Connection: Keep-Alive[\r][\n]"
16:32:06.775 [pool-2-thread-21] DEBUG org.apache.http.wire -- http-outgoing-80 >> "Content-Length: 45[\r][\n]"
16:32:06.775 [pool-2-thread-2] DEBUG org.apache.http.wire -- http-outgoing-79 >> "User-Agent: Apache-HttpClient/4.5.14 (Java/17.0.9)[\r][\n]"
16:32:06.775 [pool-2-thread-21] DEBUG org.apache.http.wire -- http-outgoing-80 >> "Host: localhost:3000[\r][\n]"
16:32:06.775 [pool-2-thread-21] DEBUG org.apache.http.wire -- http-outgoing-80 >> "Connection: Keep-Alive[\r][\n]"
16:32:06.775 [pool-2-thread-21] DEBUG org.apache.http.wire -- http-outgoing-80 >> "User-Agent: Apache-HttpClient/4.5.14 (Java/17.0.9)[\r][\n]"
16:32:06.775 [pool-2-thread-2] DEBUG org.apache.http.wire -- http-outgoing-79 >> "Accept-Encoding: gzip,deflate[\r][\n]"
16:32:06.775 [pool-2-thread-2] DEBUG org.apache.http.wire -- http-outgoing-79 >> "[\r][\n]"
16:32:06.775 [pool-2-thread-21] DEBUG org.apache.http.wire -- http-outgoing-80 >> "Accept-Encoding: gzip,deflate[\r][\n]"
16:32:06.775 [pool-2-thread-21] DEBUG org.apache.http.wire -- http-outgoing-80 >> "[\r][\n]"
16:32:06.775 [pool-2-thread-2] DEBUG org.apache.http.wire -- http-outgoing-79 >> "{"email":"testit2@gmail.com","password":"Password123"}"
16:32:06.775 [pool-2-thread-21] DEBUG org.apache.http.wire -- http-outgoing-80 >> "{"email":"nam@gmail.com","password":"123456"}"
16:32:06.775 [pool-2-thread-10] INFO com.intuit.karate -- [print] *** 50-THREAD CONCURRENT API CALL for user: quang1@gmail.com *** 
16:32:06.779 [pool-2-thread-10] DEBUG org.apache.http.client.protocol.RequestAddCookies -- CookieSpec selected: karate
16:32:06.779 [pool-2-thread-10] DEBUG org.apache.http.client.protocol.RequestAuthCache -- Auth cache not set in the context
16:32:06.779 [pool-2-thread-10] DEBUG com.intuit.karate -- request:
1 > POST http://localhost:3000/auth/login
1 > Content-Type: application/json; charset=UTF-8
1 > Content-Length: 48
1 > Host: localhost:3000
1 > Connection: Keep-Alive
1 > User-Agent: Apache-HttpClient/4.5.14 (Java/17.0.9)
1 > Accept-Encoding: gzip,deflate
{"email":"quang1@gmail.com","password":"quang1"}

16:32:06.779 [pool-2-thread-10] DEBUG org.apache.http.impl.conn.PoolingHttpClientConnectionManager -- Connection request: [route: {}->http://localhost:3000][total available: 0; route allocated: 0 of 5; total allocated: 0 of 10]
16:32:06.779 [pool-2-thread-10] DEBUG org.apache.http.impl.conn.PoolingHttpClientConnectionManager -- Connection leased: [id: 81][route: {}->http://localhost:3000][total available: 0; route allocated: 1 of 5; total allocated: 1 of 10]
16:32:06.779 [pool-2-thread-10] DEBUG org.apache.http.impl.execchain.MainClientExec -- Opening connection {}->http://localhost:3000
16:32:06.780 [pool-2-thread-10] DEBUG org.apache.http.impl.conn.DefaultHttpClientConnectionOperator -- Connecting to localhost/127.0.0.1:3000
16:32:06.780 [pool-2-thread-10] DEBUG org.apache.http.impl.conn.DefaultHttpClientConnectionOperator -- Connection established 127.0.0.1:52251<->127.0.0.1:3000
16:32:06.780 [pool-2-thread-10] DEBUG org.apache.http.impl.conn.DefaultManagedHttpClientConnection -- http-outgoing-81: set socket timeout to 30000
16:32:06.780 [pool-2-thread-10] DEBUG org.apache.http.impl.execchain.MainClientExec -- Executing request POST /auth/login HTTP/1.1
16:32:06.780 [pool-2-thread-10] DEBUG org.apache.http.impl.execchain.MainClientExec -- Target auth state: UNCHALLENGED
16:32:06.780 [pool-2-thread-10] DEBUG org.apache.http.impl.execchain.MainClientExec -- Proxy auth state: UNCHALLENGED
16:32:06.780 [pool-2-thread-10] DEBUG org.apache.http.headers -- http-outgoing-81 >> POST /auth/login HTTP/1.1
16:32:06.780 [pool-2-thread-10] DEBUG org.apache.http.headers -- http-outgoing-81 >> Content-Type: application/json; charset=UTF-8
16:32:06.780 [pool-2-thread-10] DEBUG org.apache.http.headers -- http-outgoing-81 >> Content-Length: 48
16:32:06.780 [pool-2-thread-10] DEBUG org.apache.http.headers -- http-outgoing-81 >> Host: localhost:3000
16:32:06.780 [pool-2-thread-10] DEBUG org.apache.http.headers -- http-outgoing-81 >> Connection: Keep-Alive
16:32:06.780 [pool-2-thread-10] DEBUG org.apache.http.headers -- http-outgoing-81 >> User-Agent: Apache-HttpClient/4.5.14 (Java/17.0.9)
16:32:06.780 [pool-2-thread-10] DEBUG org.apache.http.headers -- http-outgoing-81 >> Accept-Encoding: gzip,deflate
16:32:06.780 [pool-2-thread-10] DEBUG org.apache.http.wire -- http-outgoing-81 >> "POST /auth/login HTTP/1.1[\r][\n]"
16:32:06.780 [pool-2-thread-10] DEBUG org.apache.http.wire -- http-outgoing-81 >> "Content-Type: application/json; charset=UTF-8[\r][\n]"
16:32:06.780 [pool-2-thread-10] DEBUG org.apache.http.wire -- http-outgoing-81 >> "Content-Length: 48[\r][\n]"
16:32:06.780 [pool-2-thread-10] DEBUG org.apache.http.wire -- http-outgoing-81 >> "Host: localhost:3000[\r][\n]"
16:32:06.780 [pool-2-thread-10] DEBUG org.apache.http.wire -- http-outgoing-81 >> "Connection: Keep-Alive[\r][\n]"
16:32:06.780 [pool-2-thread-10] DEBUG org.apache.http.wire -- http-outgoing-81 >> "User-Agent: Apache-HttpClient/4.5.14 (Java/17.0.9)[\r][\n]"
16:32:06.780 [pool-2-thread-10] DEBUG org.apache.http.wire -- http-outgoing-81 >> "Accept-Encoding: gzip,deflate[\r][\n]"
16:32:06.780 [pool-2-thread-10] DEBUG org.apache.http.wire -- http-outgoing-81 >> "[\r][\n]"
16:32:06.780 [pool-2-thread-10] DEBUG org.apache.http.wire -- http-outgoing-81 >> "{"email":"quang1@gmail.com","password":"quang1"}"
16:32:06.788 [pool-2-thread-26] DEBUG org.apache.http.wire -- http-outgoing-14 << "HTTP/1.1 200 OK[\r][\n]"
16:32:06.788 [pool-2-thread-26] DEBUG org.apache.http.wire -- http-outgoing-14 << "X-Powered-By: Express[\r][\n]"
16:32:06.788 [pool-2-thread-26] DEBUG org.apache.http.wire -- http-outgoing-14 << "Access-Control-Allow-Origin: *[\r][\n]"
16:32:06.788 [pool-2-thread-26] DEBUG org.apache.http.wire -- http-outgoing-14 << "Content-Type: application/json; charset=utf-8[\r][\n]"
16:32:06.788 [pool-2-thread-26] DEBUG org.apache.http.wire -- http-outgoing-14 << "Content-Length: 607[\r][\n]"
16:32:06.788 [pool-2-thread-26] DEBUG org.apache.http.wire -- http-outgoing-14 << "ETag: W/"25f-sSKSc2Y7piAUPwx6WC28L4AbDpE"[\r][\n]"
16:32:06.788 [pool-2-thread-26] DEBUG org.apache.http.wire -- http-outgoing-14 << "Date: Tue, 24 Jun 2025 09:32:06 GMT[\r][\n]"
16:32:06.788 [pool-2-thread-26] DEBUG org.apache.http.wire -- http-outgoing-14 << "Connection: keep-alive[\r][\n]"
16:32:06.788 [pool-2-thread-26] DEBUG org.apache.http.wire -- http-outgoing-14 << "Keep-Alive: timeout=5[\r][\n]"
16:32:06.788 [pool-2-thread-26] DEBUG org.apache.http.wire -- http-outgoing-14 << "[\r][\n]"
16:32:06.788 [pool-2-thread-26] DEBUG org.apache.http.wire -- http-outgoing-14 << "{"access_token":"eyJhbGciOiJIUzI1NiIsInR5cCI6IkpXVCJ9.eyJzdWIiOiI5YTI2OTc2Yy0xNTMyLTRkZjMtYTE2ZS03NjMxNTI1Yzg1MDIiLCJ1c2VybmFtZSI6ImpvaG5kb2UyZDUiLCJyb2xlIjowLCJpYXQiOjE3NTA3NTc1MjUsImV4cCI6MTc1MDc2MTEyNX0.CRKe9wHxDcMBgLHJh8lxOlBnLP2_h43SEf89g8GZGOM","refresh_token":"c319712970fe4e2855bba210a1bc80d2c2db65dc2398f87705b4710212f71ee0","user":{"id":"9a26976c-1532-4df3-a16e-7631525c8502","email":"testit4@gmail.com","username":"johndoe2d5","name":"John Doe","phoneNumber":"0123456212","profilePic":null,"bio":null,"private":false,"verified":false,"role":0,"followersCount":0,"followingCount":0,"postCount":0}}"
16:32:06.788 [pool-2-thread-26] DEBUG org.apache.http.headers -- http-outgoing-14 << HTTP/1.1 200 OK
16:32:06.788 [pool-2-thread-26] DEBUG org.apache.http.headers -- http-outgoing-14 << X-Powered-By: Express
16:32:06.788 [pool-2-thread-26] DEBUG org.apache.http.headers -- http-outgoing-14 << Access-Control-Allow-Origin: *
16:32:06.788 [pool-2-thread-26] DEBUG org.apache.http.headers -- http-outgoing-14 << Content-Type: application/json; charset=utf-8
16:32:06.788 [pool-2-thread-26] DEBUG org.apache.http.headers -- http-outgoing-14 << Content-Length: 607
16:32:06.788 [pool-2-thread-26] DEBUG org.apache.http.headers -- http-outgoing-14 << ETag: W/"25f-sSKSc2Y7piAUPwx6WC28L4AbDpE"
16:32:06.788 [pool-2-thread-26] DEBUG org.apache.http.headers -- http-outgoing-14 << Date: Tue, 24 Jun 2025 09:32:06 GMT
16:32:06.788 [pool-2-thread-26] DEBUG org.apache.http.headers -- http-outgoing-14 << Connection: keep-alive
16:32:06.788 [pool-2-thread-26] DEBUG org.apache.http.headers -- http-outgoing-14 << Keep-Alive: timeout=5
16:32:06.789 [pool-2-thread-26] DEBUG org.apache.http.impl.execchain.MainClientExec -- Connection can be kept alive for 5000 MILLISECONDS
16:32:06.789 [pool-2-thread-26] DEBUG org.apache.http.impl.conn.PoolingHttpClientConnectionManager -- Connection [id: 10][route: {}->http://localhost:3000] can be kept alive for 5.0 seconds
16:32:06.789 [pool-2-thread-26] DEBUG org.apache.http.impl.conn.DefaultManagedHttpClientConnection -- http-outgoing-14: set socket timeout to 0
16:32:06.789 [pool-2-thread-26] DEBUG org.apache.http.impl.conn.PoolingHttpClientConnectionManager -- Connection released: [id: 10][route: {}->http://localhost:3000][total available: 1; route allocated: 1 of 5; total allocated: 1 of 10]
16:32:06.789 [pool-2-thread-26] DEBUG org.apache.http.impl.conn.PoolingHttpClientConnectionManager -- Connection manager is shutting down
16:32:06.789 [pool-2-thread-26] DEBUG org.apache.http.impl.conn.DefaultManagedHttpClientConnection -- http-outgoing-14: Close connection
16:32:06.789 [pool-2-thread-26] DEBUG org.apache.http.impl.conn.PoolingHttpClientConnectionManager -- Connection manager shut down
16:32:06.789 [pool-2-thread-26] DEBUG com.intuit.karate -- response time in milliseconds: 6289
1 < 200
1 < X-Powered-By: Express
1 < Access-Control-Allow-Origin: *
1 < Content-Type: application/json; charset=utf-8
1 < Content-Length: 607
1 < ETag: W/"25f-sSKSc2Y7piAUPwx6WC28L4AbDpE"
1 < Date: Tue, 24 Jun 2025 09:32:06 GMT
1 < Connection: keep-alive
1 < Keep-Alive: timeout=5
{"access_token":"eyJhbGciOiJIUzI1NiIsInR5cCI6IkpXVCJ9.eyJzdWIiOiI5YTI2OTc2Yy0xNTMyLTRkZjMtYTE2ZS03NjMxNTI1Yzg1MDIiLCJ1c2VybmFtZSI6ImpvaG5kb2UyZDUiLCJyb2xlIjowLCJpYXQiOjE3NTA3NTc1MjUsImV4cCI6MTc1MDc2MTEyNX0.CRKe9wHxDcMBgLHJh8lxOlBnLP2_h43SEf89g8GZGOM","refresh_token":"c319712970fe4e2855bba210a1bc80d2c2db65dc2398f87705b4710212f71ee0","user":{"id":"9a26976c-1532-4df3-a16e-7631525c8502","email":"testit4@gmail.com","username":"johndoe2d5","name":"John Doe","phoneNumber":"0123456212","profilePic":null,"bio":null,"private":false,"verified":false,"role":0,"followersCount":0,"followingCount":0,"postCount":0}}

16:32:06.790 [pool-2-thread-26] INFO com.intuit.karate -- [print] 50-thread call completed, status: 200 
16:32:06.794 [pool-2-thread-26] DEBUG com.jayway.jsonpath.internal.path.CompiledPath -- Evaluating path: $
16:32:06.796 [pool-2-thread-26] INFO com.intuit.karate -- [print] *** 50-THREAD CONCURRENT API CALL for user: test@example.com *** 
16:32:06.796 [pool-2-thread-15] DEBUG org.apache.http.wire -- http-outgoing-12 << "HTTP/1.1 200 OK[\r][\n]"
16:32:06.796 [pool-2-thread-15] DEBUG org.apache.http.wire -- http-outgoing-12 << "X-Powered-By: Express[\r][\n]"
16:32:06.796 [pool-2-thread-15] DEBUG org.apache.http.wire -- http-outgoing-12 << "Access-Control-Allow-Origin: *[\r][\n]"
16:32:06.796 [pool-2-thread-15] DEBUG org.apache.http.wire -- http-outgoing-12 << "Content-Type: application/json; charset=utf-8[\r][\n]"
16:32:06.796 [pool-2-thread-15] DEBUG org.apache.http.wire -- http-outgoing-12 << "Content-Length: 607[\r][\n]"
16:32:06.796 [pool-2-thread-15] DEBUG org.apache.http.wire -- http-outgoing-12 << "ETag: W/"25f-kwrX6C8iGdldrSNL/XthRNmRtTQ"[\r][\n]"
16:32:06.796 [pool-2-thread-15] DEBUG org.apache.http.wire -- http-outgoing-12 << "Date: Tue, 24 Jun 2025 09:32:06 GMT[\r][\n]"
16:32:06.796 [pool-2-thread-15] DEBUG org.apache.http.wire -- http-outgoing-12 << "Connection: keep-alive[\r][\n]"
16:32:06.796 [pool-2-thread-15] DEBUG org.apache.http.wire -- http-outgoing-12 << "Keep-Alive: timeout=5[\r][\n]"
16:32:06.796 [pool-2-thread-15] DEBUG org.apache.http.wire -- http-outgoing-12 << "[\r][\n]"
16:32:06.796 [pool-2-thread-15] DEBUG org.apache.http.wire -- http-outgoing-12 << "{"access_token":"eyJhbGciOiJIUzI1NiIsInR5cCI6IkpXVCJ9.eyJzdWIiOiJjMjE0MjJkZi1jY2VjLTQ0MGUtOWE0Mi1jMWI4MmFiZjczM2QiLCJ1c2VybmFtZSI6ImpvaG5kb2UyOCIsInJvbGUiOjAsImlhdCI6MTc1MDc1NzUyNSwiZXhwIjoxNzUwNzYxMTI1fQ.HEW0s2XQp082-tgO7FRcjpeEV6RY9Y7F1eGQ1qCz9U8","refresh_token":"060797a6ef9e01c28ab4f93b82b558c0fc5f438c952c0b69b97c20e3a9c08b2a","user":{"id":"c21422df-ccec-440e-9a42-c1b82abf733d","email":"test28@example.com","username":"johndoe28","name":"John Doe","phoneNumber":"84987654321","profilePic":null,"bio":null,"private":false,"verified":false,"role":0,"followersCount":0,"followingCount":0,"postCount":0}}"
16:32:06.796 [pool-2-thread-15] DEBUG org.apache.http.headers -- http-outgoing-12 << HTTP/1.1 200 OK
16:32:06.796 [pool-2-thread-15] DEBUG org.apache.http.headers -- http-outgoing-12 << X-Powered-By: Express
16:32:06.796 [pool-2-thread-15] DEBUG org.apache.http.headers -- http-outgoing-12 << Access-Control-Allow-Origin: *
16:32:06.796 [pool-2-thread-15] DEBUG org.apache.http.headers -- http-outgoing-12 << Content-Type: application/json; charset=utf-8
16:32:06.796 [pool-2-thread-15] DEBUG org.apache.http.headers -- http-outgoing-12 << Content-Length: 607
16:32:06.796 [pool-2-thread-15] DEBUG org.apache.http.headers -- http-outgoing-12 << ETag: W/"25f-kwrX6C8iGdldrSNL/XthRNmRtTQ"
16:32:06.796 [pool-2-thread-15] DEBUG org.apache.http.headers -- http-outgoing-12 << Date: Tue, 24 Jun 2025 09:32:06 GMT
16:32:06.796 [pool-2-thread-15] DEBUG org.apache.http.headers -- http-outgoing-12 << Connection: keep-alive
16:32:06.796 [pool-2-thread-15] DEBUG org.apache.http.headers -- http-outgoing-12 << Keep-Alive: timeout=5
16:32:06.797 [pool-2-thread-15] DEBUG org.apache.http.impl.execchain.MainClientExec -- Connection can be kept alive for 5000 MILLISECONDS
16:32:06.797 [pool-2-thread-15] DEBUG org.apache.http.impl.conn.PoolingHttpClientConnectionManager -- Connection [id: 28][route: {}->http://localhost:3000] can be kept alive for 5.0 seconds
16:32:06.797 [pool-2-thread-15] DEBUG org.apache.http.impl.conn.DefaultManagedHttpClientConnection -- http-outgoing-12: set socket timeout to 0
16:32:06.797 [pool-2-thread-15] DEBUG org.apache.http.impl.conn.PoolingHttpClientConnectionManager -- Connection released: [id: 28][route: {}->http://localhost:3000][total available: 1; route allocated: 1 of 5; total allocated: 1 of 10]
16:32:06.797 [pool-2-thread-15] DEBUG org.apache.http.impl.conn.PoolingHttpClientConnectionManager -- Connection manager is shutting down
16:32:06.797 [pool-2-thread-15] DEBUG org.apache.http.impl.conn.DefaultManagedHttpClientConnection -- http-outgoing-12: Close connection
16:32:06.797 [pool-2-thread-15] DEBUG org.apache.http.impl.conn.PoolingHttpClientConnectionManager -- Connection manager shut down
16:32:06.798 [pool-2-thread-15] DEBUG com.intuit.karate -- response time in milliseconds: 6298
1 < 200
1 < X-Powered-By: Express
1 < Access-Control-Allow-Origin: *
1 < Content-Type: application/json; charset=utf-8
1 < Content-Length: 607
1 < ETag: W/"25f-kwrX6C8iGdldrSNL/XthRNmRtTQ"
1 < Date: Tue, 24 Jun 2025 09:32:06 GMT
1 < Connection: keep-alive
1 < Keep-Alive: timeout=5
{"access_token":"eyJhbGciOiJIUzI1NiIsInR5cCI6IkpXVCJ9.eyJzdWIiOiJjMjE0MjJkZi1jY2VjLTQ0MGUtOWE0Mi1jMWI4MmFiZjczM2QiLCJ1c2VybmFtZSI6ImpvaG5kb2UyOCIsInJvbGUiOjAsImlhdCI6MTc1MDc1NzUyNSwiZXhwIjoxNzUwNzYxMTI1fQ.HEW0s2XQp082-tgO7FRcjpeEV6RY9Y7F1eGQ1qCz9U8","refresh_token":"060797a6ef9e01c28ab4f93b82b558c0fc5f438c952c0b69b97c20e3a9c08b2a","user":{"id":"c21422df-ccec-440e-9a42-c1b82abf733d","email":"test28@example.com","username":"johndoe28","name":"John Doe","phoneNumber":"84987654321","profilePic":null,"bio":null,"private":false,"verified":false,"role":0,"followersCount":0,"followingCount":0,"postCount":0}}

16:32:06.800 [pool-2-thread-26] DEBUG org.apache.http.client.protocol.RequestAddCookies -- CookieSpec selected: karate
16:32:06.800 [pool-2-thread-26] DEBUG org.apache.http.client.protocol.RequestAuthCache -- Auth cache not set in the context
16:32:06.800 [pool-2-thread-26] DEBUG com.intuit.karate -- request:
1 > POST http://localhost:3000/auth/login
1 > Content-Type: application/json; charset=UTF-8
1 > Content-Length: 53
1 > Host: localhost:3000
1 > Connection: Keep-Alive
1 > User-Agent: Apache-HttpClient/4.5.14 (Java/17.0.9)
1 > Accept-Encoding: gzip,deflate
{"email":"test@example.com","password":"Password123"}

16:32:06.800 [pool-2-thread-26] DEBUG org.apache.http.impl.conn.PoolingHttpClientConnectionManager -- Connection request: [route: {}->http://localhost:3000][total available: 0; route allocated: 0 of 5; total allocated: 0 of 10]
16:32:06.800 [pool-2-thread-15] INFO com.intuit.karate -- [print] 50-thread call completed, status: 200 
16:32:06.800 [pool-2-thread-26] DEBUG org.apache.http.impl.conn.PoolingHttpClientConnectionManager -- Connection leased: [id: 82][route: {}->http://localhost:3000][total available: 0; route allocated: 1 of 5; total allocated: 1 of 10]
16:32:06.800 [pool-2-thread-26] DEBUG org.apache.http.impl.execchain.MainClientExec -- Opening connection {}->http://localhost:3000
16:32:06.800 [pool-2-thread-26] DEBUG org.apache.http.impl.conn.DefaultHttpClientConnectionOperator -- Connecting to localhost/127.0.0.1:3000
16:32:06.800 [pool-2-thread-26] DEBUG org.apache.http.impl.conn.DefaultHttpClientConnectionOperator -- Connection established 127.0.0.1:52252<->127.0.0.1:3000
16:32:06.800 [pool-2-thread-26] DEBUG org.apache.http.impl.conn.DefaultManagedHttpClientConnection -- http-outgoing-82: set socket timeout to 30000
16:32:06.800 [pool-2-thread-26] DEBUG org.apache.http.impl.execchain.MainClientExec -- Executing request POST /auth/login HTTP/1.1
16:32:06.800 [pool-2-thread-26] DEBUG org.apache.http.impl.execchain.MainClientExec -- Target auth state: UNCHALLENGED
16:32:06.800 [pool-2-thread-26] DEBUG org.apache.http.impl.execchain.MainClientExec -- Proxy auth state: UNCHALLENGED
16:32:06.800 [pool-2-thread-26] DEBUG org.apache.http.headers -- http-outgoing-82 >> POST /auth/login HTTP/1.1
16:32:06.800 [pool-2-thread-26] DEBUG org.apache.http.headers -- http-outgoing-82 >> Content-Type: application/json; charset=UTF-8
16:32:06.800 [pool-2-thread-26] DEBUG org.apache.http.headers -- http-outgoing-82 >> Content-Length: 53
16:32:06.800 [pool-2-thread-26] DEBUG org.apache.http.headers -- http-outgoing-82 >> Host: localhost:3000
16:32:06.800 [pool-2-thread-26] DEBUG org.apache.http.headers -- http-outgoing-82 >> Connection: Keep-Alive
16:32:06.800 [pool-2-thread-26] DEBUG org.apache.http.headers -- http-outgoing-82 >> User-Agent: Apache-HttpClient/4.5.14 (Java/17.0.9)
16:32:06.800 [pool-2-thread-26] DEBUG org.apache.http.headers -- http-outgoing-82 >> Accept-Encoding: gzip,deflate
16:32:06.800 [pool-2-thread-26] DEBUG org.apache.http.wire -- http-outgoing-82 >> "POST /auth/login HTTP/1.1[\r][\n]"
16:32:06.800 [pool-2-thread-26] DEBUG org.apache.http.wire -- http-outgoing-82 >> "Content-Type: application/json; charset=UTF-8[\r][\n]"
16:32:06.800 [pool-2-thread-26] DEBUG org.apache.http.wire -- http-outgoing-82 >> "Content-Length: 53[\r][\n]"
16:32:06.800 [pool-2-thread-26] DEBUG org.apache.http.wire -- http-outgoing-82 >> "Host: localhost:3000[\r][\n]"
16:32:06.800 [pool-2-thread-26] DEBUG org.apache.http.wire -- http-outgoing-82 >> "Connection: Keep-Alive[\r][\n]"
16:32:06.800 [pool-2-thread-26] DEBUG org.apache.http.wire -- http-outgoing-82 >> "User-Agent: Apache-HttpClient/4.5.14 (Java/17.0.9)[\r][\n]"
16:32:06.800 [pool-2-thread-26] DEBUG org.apache.http.wire -- http-outgoing-82 >> "Accept-Encoding: gzip,deflate[\r][\n]"
16:32:06.800 [pool-2-thread-26] DEBUG org.apache.http.wire -- http-outgoing-82 >> "[\r][\n]"
16:32:06.800 [pool-2-thread-26] DEBUG org.apache.http.wire -- http-outgoing-82 >> "{"email":"test@example.com","password":"Password123"}"
16:32:06.806 [pool-2-thread-15] DEBUG com.jayway.jsonpath.internal.path.CompiledPath -- Evaluating path: $
16:32:06.809 [pool-2-thread-15] INFO com.intuit.karate -- [print] *** 50-THREAD CONCURRENT API CALL for user: test2@example.com *** 
16:32:06.812 [pool-2-thread-15] DEBUG org.apache.http.client.protocol.RequestAddCookies -- CookieSpec selected: karate
16:32:06.813 [pool-2-thread-15] DEBUG org.apache.http.client.protocol.RequestAuthCache -- Auth cache not set in the context
16:32:06.813 [pool-2-thread-15] DEBUG com.intuit.karate -- request:
1 > POST http://localhost:3000/auth/login
1 > Content-Type: application/json; charset=UTF-8
1 > Content-Length: 54
1 > Host: localhost:3000
1 > Connection: Keep-Alive
1 > User-Agent: Apache-HttpClient/4.5.14 (Java/17.0.9)
1 > Accept-Encoding: gzip,deflate
{"email":"test2@example.com","password":"Password123"}

16:32:06.813 [pool-2-thread-15] DEBUG org.apache.http.impl.conn.PoolingHttpClientConnectionManager -- Connection request: [route: {}->http://localhost:3000][total available: 0; route allocated: 0 of 5; total allocated: 0 of 10]
16:32:06.813 [pool-2-thread-15] DEBUG org.apache.http.impl.conn.PoolingHttpClientConnectionManager -- Connection leased: [id: 83][route: {}->http://localhost:3000][total available: 0; route allocated: 1 of 5; total allocated: 1 of 10]
16:32:06.813 [pool-2-thread-15] DEBUG org.apache.http.impl.execchain.MainClientExec -- Opening connection {}->http://localhost:3000
16:32:06.814 [pool-2-thread-15] DEBUG org.apache.http.impl.conn.DefaultHttpClientConnectionOperator -- Connecting to localhost/127.0.0.1:3000
16:32:06.815 [pool-2-thread-15] DEBUG org.apache.http.impl.conn.DefaultHttpClientConnectionOperator -- Connection established 127.0.0.1:52253<->127.0.0.1:3000
16:32:06.815 [pool-2-thread-15] DEBUG org.apache.http.impl.conn.DefaultManagedHttpClientConnection -- http-outgoing-83: set socket timeout to 30000
16:32:06.815 [pool-2-thread-15] DEBUG org.apache.http.impl.execchain.MainClientExec -- Executing request POST /auth/login HTTP/1.1
16:32:06.815 [pool-2-thread-15] DEBUG org.apache.http.impl.execchain.MainClientExec -- Target auth state: UNCHALLENGED
16:32:06.815 [pool-2-thread-15] DEBUG org.apache.http.impl.execchain.MainClientExec -- Proxy auth state: UNCHALLENGED
16:32:06.815 [pool-2-thread-15] DEBUG org.apache.http.headers -- http-outgoing-83 >> POST /auth/login HTTP/1.1
16:32:06.815 [pool-2-thread-15] DEBUG org.apache.http.headers -- http-outgoing-83 >> Content-Type: application/json; charset=UTF-8
16:32:06.815 [pool-2-thread-15] DEBUG org.apache.http.headers -- http-outgoing-83 >> Content-Length: 54
16:32:06.815 [pool-2-thread-15] DEBUG org.apache.http.headers -- http-outgoing-83 >> Host: localhost:3000
16:32:06.815 [pool-2-thread-15] DEBUG org.apache.http.headers -- http-outgoing-83 >> Connection: Keep-Alive
16:32:06.815 [pool-2-thread-15] DEBUG org.apache.http.headers -- http-outgoing-83 >> User-Agent: Apache-HttpClient/4.5.14 (Java/17.0.9)
16:32:06.815 [pool-2-thread-15] DEBUG org.apache.http.headers -- http-outgoing-83 >> Accept-Encoding: gzip,deflate
16:32:06.815 [pool-2-thread-15] DEBUG org.apache.http.wire -- http-outgoing-83 >> "POST /auth/login HTTP/1.1[\r][\n]"
16:32:06.815 [pool-2-thread-15] DEBUG org.apache.http.wire -- http-outgoing-83 >> "Content-Type: application/json; charset=UTF-8[\r][\n]"
16:32:06.815 [pool-2-thread-15] DEBUG org.apache.http.wire -- http-outgoing-83 >> "Content-Length: 54[\r][\n]"
16:32:06.815 [pool-2-thread-15] DEBUG org.apache.http.wire -- http-outgoing-83 >> "Host: localhost:3000[\r][\n]"
16:32:06.815 [pool-2-thread-15] DEBUG org.apache.http.wire -- http-outgoing-83 >> "Connection: Keep-Alive[\r][\n]"
16:32:06.815 [pool-2-thread-15] DEBUG org.apache.http.wire -- http-outgoing-83 >> "User-Agent: Apache-HttpClient/4.5.14 (Java/17.0.9)[\r][\n]"
16:32:06.815 [pool-2-thread-15] DEBUG org.apache.http.wire -- http-outgoing-83 >> "Accept-Encoding: gzip,deflate[\r][\n]"
16:32:06.815 [pool-2-thread-15] DEBUG org.apache.http.wire -- http-outgoing-83 >> "[\r][\n]"
16:32:06.815 [pool-2-thread-15] DEBUG org.apache.http.wire -- http-outgoing-83 >> "{"email":"test2@example.com","password":"Password123"}"
16:32:06.866 [pool-2-thread-46] DEBUG org.apache.http.wire -- http-outgoing-58 << "HTTP/1.1 200 OK[\r][\n]"
16:32:06.867 [pool-2-thread-46] DEBUG org.apache.http.wire -- http-outgoing-58 << "X-Powered-By: Express[\r][\n]"
16:32:06.867 [pool-2-thread-46] DEBUG org.apache.http.wire -- http-outgoing-58 << "Access-Control-Allow-Origin: *[\r][\n]"
16:32:06.867 [pool-2-thread-46] DEBUG org.apache.http.wire -- http-outgoing-58 << "Content-Type: application/json; charset=utf-8[\r][\n]"
16:32:06.867 [pool-2-thread-46] DEBUG org.apache.http.wire -- http-outgoing-58 << "Content-Length: 604[\r][\n]"
16:32:06.867 [pool-2-thread-46] DEBUG org.apache.http.wire -- http-outgoing-58 << "ETag: W/"25c-PHUiPjCKGfcJKtWSE72HhCFC9WQ"[\r][\n]"
16:32:06.867 [pool-2-thread-46] DEBUG org.apache.http.wire -- http-outgoing-58 << "Date: Tue, 24 Jun 2025 09:32:06 GMT[\r][\n]"
16:32:06.867 [pool-2-thread-46] DEBUG org.apache.http.wire -- http-outgoing-58 << "Connection: keep-alive[\r][\n]"
16:32:06.867 [pool-2-thread-46] DEBUG org.apache.http.wire -- http-outgoing-58 << "Keep-Alive: timeout=5[\r][\n]"
16:32:06.867 [pool-2-thread-46] DEBUG org.apache.http.wire -- http-outgoing-58 << "[\r][\n]"
16:32:06.867 [pool-2-thread-46] DEBUG org.apache.http.wire -- http-outgoing-58 << "{"access_token":"eyJhbGciOiJIUzI1NiIsInR5cCI6IkpXVCJ9.eyJzdWIiOiJkZjZmMDkxOS1hMjNkLTQ0YzktYTkyNS00ZWE4YmU1MjVkMTAiLCJ1c2VybmFtZSI6ImpvaG5kb2UyMyIsInJvbGUiOjAsImlhdCI6MTc1MDc1NzUyNSwiZXhwIjoxNzUwNzYxMTI1fQ.PDk7r7iL1-9Z2LOZLoHh5nudq43Y6aOPy05oSF0rleE","refresh_token":"f7544d41b61ab3ca4f6caa250662b7378d4e6cc8cd3813ff9aa2cac330a26d3c","user":{"id":"df6f0919-a23d-44c9-a925-4ea8be525d10","email":"testit@gmail.com","username":"johndoe23","name":"John Doe","phoneNumber":"0123456788","profilePic":null,"bio":null,"private":false,"verified":false,"role":0,"followersCount":0,"followingCount":0,"postCount":0}}"
16:32:06.867 [pool-2-thread-38] DEBUG org.apache.http.wire -- http-outgoing-18 << "HTTP/1.1 200 OK[\r][\n]"
16:32:06.867 [pool-2-thread-46] DEBUG org.apache.http.headers -- http-outgoing-58 << HTTP/1.1 200 OK
16:32:06.867 [pool-2-thread-46] DEBUG org.apache.http.headers -- http-outgoing-58 << X-Powered-By: Express
16:32:06.867 [pool-2-thread-46] DEBUG org.apache.http.headers -- http-outgoing-58 << Access-Control-Allow-Origin: *
16:32:06.867 [pool-2-thread-46] DEBUG org.apache.http.headers -- http-outgoing-58 << Content-Type: application/json; charset=utf-8
16:32:06.867 [pool-2-thread-46] DEBUG org.apache.http.headers -- http-outgoing-58 << Content-Length: 604
16:32:06.867 [pool-2-thread-46] DEBUG org.apache.http.headers -- http-outgoing-58 << ETag: W/"25c-PHUiPjCKGfcJKtWSE72HhCFC9WQ"
16:32:06.867 [pool-2-thread-46] DEBUG org.apache.http.headers -- http-outgoing-58 << Date: Tue, 24 Jun 2025 09:32:06 GMT
16:32:06.867 [pool-2-thread-46] DEBUG org.apache.http.headers -- http-outgoing-58 << Connection: keep-alive
16:32:06.867 [pool-2-thread-46] DEBUG org.apache.http.headers -- http-outgoing-58 << Keep-Alive: timeout=5
16:32:06.867 [pool-2-thread-38] DEBUG org.apache.http.wire -- http-outgoing-18 << "X-Powered-By: Express[\r][\n]"
16:32:06.867 [pool-2-thread-38] DEBUG org.apache.http.wire -- http-outgoing-18 << "Access-Control-Allow-Origin: *[\r][\n]"
16:32:06.867 [pool-2-thread-38] DEBUG org.apache.http.wire -- http-outgoing-18 << "Content-Type: application/json; charset=utf-8[\r][\n]"
16:32:06.867 [pool-2-thread-38] DEBUG org.apache.http.wire -- http-outgoing-18 << "Content-Length: 609[\r][\n]"
16:32:06.867 [pool-2-thread-38] DEBUG org.apache.http.wire -- http-outgoing-18 << "ETag: W/"261-WOhMjKvYRwHu/r1cNUmhZN6ReFM"[\r][\n]"
16:32:06.867 [pool-2-thread-38] DEBUG org.apache.http.wire -- http-outgoing-18 << "Date: Tue, 24 Jun 2025 09:32:06 GMT[\r][\n]"
16:32:06.867 [pool-2-thread-38] DEBUG org.apache.http.wire -- http-outgoing-18 << "Connection: keep-alive[\r][\n]"
16:32:06.867 [pool-2-thread-38] DEBUG org.apache.http.wire -- http-outgoing-18 << "Keep-Alive: timeout=5[\r][\n]"
16:32:06.867 [pool-2-thread-38] DEBUG org.apache.http.wire -- http-outgoing-18 << "[\r][\n]"
16:32:06.867 [pool-2-thread-38] DEBUG org.apache.http.wire -- http-outgoing-18 << "{"access_token":"eyJhbGciOiJIUzI1NiIsInR5cCI6IkpXVCJ9.eyJzdWIiOiIyNzJmNmI1NS01MTc5LTRhZTMtODU2My1iNGVjMTBmNzY3MTUiLCJ1c2VybmFtZSI6ImpvaG5kb2UyZDVkIiwicm9sZSI6MCwiaWF0IjoxNzUwNzU3NTI1LCJleHAiOjE3NTA3NjExMjV9.81GJkb-VCf_wL8JUoJPrBI1KEMfjAKu5y30ST0ylgDQ","refresh_token":"e7df9af37296f2bf22bcc25955186705b476bbb3f49186599d237d110ab8f03b","user":{"id":"272f6b55-5179-4ae3-8563-b4ec10f76715","email":"testit5@gmail.com","username":"johndoe2d5d","name":"John Doe","phoneNumber":"0123456132","profilePic":null,"bio":null,"private":false,"verified":false,"role":0,"followersCount":0,"followingCount":0,"postCount":0}}"
16:32:06.867 [pool-2-thread-46] DEBUG org.apache.http.impl.execchain.MainClientExec -- Connection can be kept alive for 5000 MILLISECONDS
16:32:06.867 [pool-2-thread-38] DEBUG org.apache.http.headers -- http-outgoing-18 << HTTP/1.1 200 OK
16:32:06.867 [pool-2-thread-38] DEBUG org.apache.http.headers -- http-outgoing-18 << X-Powered-By: Express
16:32:06.867 [pool-2-thread-38] DEBUG org.apache.http.headers -- http-outgoing-18 << Access-Control-Allow-Origin: *
16:32:06.867 [pool-2-thread-38] DEBUG org.apache.http.headers -- http-outgoing-18 << Content-Type: application/json; charset=utf-8
16:32:06.867 [pool-2-thread-38] DEBUG org.apache.http.headers -- http-outgoing-18 << Content-Length: 609
16:32:06.867 [pool-2-thread-38] DEBUG org.apache.http.headers -- http-outgoing-18 << ETag: W/"261-WOhMjKvYRwHu/r1cNUmhZN6ReFM"
16:32:06.867 [pool-2-thread-38] DEBUG org.apache.http.headers -- http-outgoing-18 << Date: Tue, 24 Jun 2025 09:32:06 GMT
16:32:06.867 [pool-2-thread-38] DEBUG org.apache.http.headers -- http-outgoing-18 << Connection: keep-alive
16:32:06.867 [pool-2-thread-38] DEBUG org.apache.http.headers -- http-outgoing-18 << Keep-Alive: timeout=5
16:32:06.867 [pool-2-thread-46] DEBUG org.apache.http.impl.conn.PoolingHttpClientConnectionManager -- Connection [id: 58][route: {}->http://localhost:3000] can be kept alive for 5.0 seconds
16:32:06.867 [pool-2-thread-38] DEBUG org.apache.http.impl.execchain.MainClientExec -- Connection can be kept alive for 5000 MILLISECONDS
16:32:06.867 [pool-2-thread-46] DEBUG org.apache.http.impl.conn.DefaultManagedHttpClientConnection -- http-outgoing-58: set socket timeout to 0
16:32:06.867 [pool-2-thread-46] DEBUG org.apache.http.impl.conn.PoolingHttpClientConnectionManager -- Connection released: [id: 58][route: {}->http://localhost:3000][total available: 1; route allocated: 1 of 5; total allocated: 1 of 10]
16:32:06.867 [pool-2-thread-46] DEBUG org.apache.http.impl.conn.PoolingHttpClientConnectionManager -- Connection manager is shutting down
16:32:06.867 [pool-2-thread-46] DEBUG org.apache.http.impl.conn.DefaultManagedHttpClientConnection -- http-outgoing-58: Close connection
16:32:06.867 [pool-2-thread-38] DEBUG org.apache.http.impl.conn.PoolingHttpClientConnectionManager -- Connection [id: 43][route: {}->http://localhost:3000] can be kept alive for 5.0 seconds
16:32:06.867 [pool-2-thread-38] DEBUG org.apache.http.impl.conn.DefaultManagedHttpClientConnection -- http-outgoing-18: set socket timeout to 0
16:32:06.867 [pool-2-thread-38] DEBUG org.apache.http.impl.conn.PoolingHttpClientConnectionManager -- Connection released: [id: 43][route: {}->http://localhost:3000][total available: 1; route allocated: 1 of 5; total allocated: 1 of 10]
16:32:06.867 [pool-2-thread-38] DEBUG org.apache.http.impl.conn.PoolingHttpClientConnectionManager -- Connection manager is shutting down
16:32:06.867 [pool-2-thread-38] DEBUG org.apache.http.impl.conn.DefaultManagedHttpClientConnection -- http-outgoing-18: Close connection
16:32:06.867 [pool-2-thread-46] DEBUG org.apache.http.impl.conn.PoolingHttpClientConnectionManager -- Connection manager shut down
16:32:06.867 [pool-2-thread-38] DEBUG org.apache.http.impl.conn.PoolingHttpClientConnectionManager -- Connection manager shut down
16:32:06.867 [pool-2-thread-38] DEBUG com.intuit.karate -- response time in milliseconds: 6367
1 < 200
1 < X-Powered-By: Express
1 < Access-Control-Allow-Origin: *
1 < Content-Type: application/json; charset=utf-8
1 < Content-Length: 609
1 < ETag: W/"261-WOhMjKvYRwHu/r1cNUmhZN6ReFM"
1 < Date: Tue, 24 Jun 2025 09:32:06 GMT
1 < Connection: keep-alive
1 < Keep-Alive: timeout=5
{"access_token":"eyJhbGciOiJIUzI1NiIsInR5cCI6IkpXVCJ9.eyJzdWIiOiIyNzJmNmI1NS01MTc5LTRhZTMtODU2My1iNGVjMTBmNzY3MTUiLCJ1c2VybmFtZSI6ImpvaG5kb2UyZDVkIiwicm9sZSI6MCwiaWF0IjoxNzUwNzU3NTI1LCJleHAiOjE3NTA3NjExMjV9.81GJkb-VCf_wL8JUoJPrBI1KEMfjAKu5y30ST0ylgDQ","refresh_token":"e7df9af37296f2bf22bcc25955186705b476bbb3f49186599d237d110ab8f03b","user":{"id":"272f6b55-5179-4ae3-8563-b4ec10f76715","email":"testit5@gmail.com","username":"johndoe2d5d","name":"John Doe","phoneNumber":"0123456132","profilePic":null,"bio":null,"private":false,"verified":false,"role":0,"followersCount":0,"followingCount":0,"postCount":0}}

16:32:06.867 [pool-2-thread-46] DEBUG com.intuit.karate -- response time in milliseconds: 3229
1 < 200
1 < X-Powered-By: Express
1 < Access-Control-Allow-Origin: *
1 < Content-Type: application/json; charset=utf-8
1 < Content-Length: 604
1 < ETag: W/"25c-PHUiPjCKGfcJKtWSE72HhCFC9WQ"
1 < Date: Tue, 24 Jun 2025 09:32:06 GMT
1 < Connection: keep-alive
1 < Keep-Alive: timeout=5
{"access_token":"eyJhbGciOiJIUzI1NiIsInR5cCI6IkpXVCJ9.eyJzdWIiOiJkZjZmMDkxOS1hMjNkLTQ0YzktYTkyNS00ZWE4YmU1MjVkMTAiLCJ1c2VybmFtZSI6ImpvaG5kb2UyMyIsInJvbGUiOjAsImlhdCI6MTc1MDc1NzUyNSwiZXhwIjoxNzUwNzYxMTI1fQ.PDk7r7iL1-9Z2LOZLoHh5nudq43Y6aOPy05oSF0rleE","refresh_token":"f7544d41b61ab3ca4f6caa250662b7378d4e6cc8cd3813ff9aa2cac330a26d3c","user":{"id":"df6f0919-a23d-44c9-a925-4ea8be525d10","email":"testit@gmail.com","username":"johndoe23","name":"John Doe","phoneNumber":"0123456788","profilePic":null,"bio":null,"private":false,"verified":false,"role":0,"followersCount":0,"followingCount":0,"postCount":0}}

16:32:06.869 [pool-2-thread-46] INFO com.intuit.karate -- [print] 50-thread call completed, status: 200 
16:32:06.869 [pool-2-thread-38] INFO com.intuit.karate -- [print] 50-thread call completed, status: 200 
16:32:06.872 [pool-2-thread-46] DEBUG com.jayway.jsonpath.internal.path.CompiledPath -- Evaluating path: $
16:32:06.872 [pool-2-thread-38] DEBUG com.jayway.jsonpath.internal.path.CompiledPath -- Evaluating path: $
16:32:06.874 [pool-2-thread-46] INFO com.intuit.karate -- [print] *** 50-THREAD CONCURRENT API CALL for user: test28@example.com *** 
16:32:06.874 [pool-2-thread-38] INFO com.intuit.karate -- [print] *** 50-THREAD CONCURRENT API CALL for user: testit4@gmail.com *** 
16:32:06.875 [pool-2-thread-46] DEBUG org.apache.http.client.protocol.RequestAddCookies -- CookieSpec selected: karate
16:32:06.875 [pool-2-thread-38] DEBUG org.apache.http.client.protocol.RequestAddCookies -- CookieSpec selected: karate
16:32:06.875 [pool-2-thread-46] DEBUG org.apache.http.client.protocol.RequestAuthCache -- Auth cache not set in the context
16:32:06.875 [pool-2-thread-38] DEBUG org.apache.http.client.protocol.RequestAuthCache -- Auth cache not set in the context
16:32:06.875 [pool-2-thread-46] DEBUG com.intuit.karate -- request:
1 > POST http://localhost:3000/auth/login
1 > Content-Type: application/json; charset=UTF-8
1 > Content-Length: 55
1 > Host: localhost:3000
1 > Connection: Keep-Alive
1 > User-Agent: Apache-HttpClient/4.5.14 (Java/17.0.9)
1 > Accept-Encoding: gzip,deflate
{"email":"test28@example.com","password":"Password123"}

16:32:06.875 [pool-2-thread-38] DEBUG com.intuit.karate -- request:
1 > POST http://localhost:3000/auth/login
1 > Content-Type: application/json; charset=UTF-8
1 > Content-Length: 54
1 > Host: localhost:3000
1 > Connection: Keep-Alive
1 > User-Agent: Apache-HttpClient/4.5.14 (Java/17.0.9)
1 > Accept-Encoding: gzip,deflate
{"email":"testit4@gmail.com","password":"Password123"}

16:32:06.875 [pool-2-thread-46] DEBUG org.apache.http.impl.conn.PoolingHttpClientConnectionManager -- Connection request: [route: {}->http://localhost:3000][total available: 0; route allocated: 0 of 5; total allocated: 0 of 10]
16:32:06.875 [pool-2-thread-38] DEBUG org.apache.http.impl.conn.PoolingHttpClientConnectionManager -- Connection request: [route: {}->http://localhost:3000][total available: 0; route allocated: 0 of 5; total allocated: 0 of 10]
16:32:06.875 [pool-2-thread-46] DEBUG org.apache.http.impl.conn.PoolingHttpClientConnectionManager -- Connection leased: [id: 84][route: {}->http://localhost:3000][total available: 0; route allocated: 1 of 5; total allocated: 1 of 10]
16:32:06.875 [pool-2-thread-38] DEBUG org.apache.http.impl.conn.PoolingHttpClientConnectionManager -- Connection leased: [id: 85][route: {}->http://localhost:3000][total available: 0; route allocated: 1 of 5; total allocated: 1 of 10]
16:32:06.875 [pool-2-thread-46] DEBUG org.apache.http.impl.execchain.MainClientExec -- Opening connection {}->http://localhost:3000
16:32:06.875 [pool-2-thread-38] DEBUG org.apache.http.impl.execchain.MainClientExec -- Opening connection {}->http://localhost:3000
16:32:06.875 [pool-2-thread-46] DEBUG org.apache.http.impl.conn.DefaultHttpClientConnectionOperator -- Connecting to localhost/127.0.0.1:3000
16:32:06.875 [pool-2-thread-38] DEBUG org.apache.http.impl.conn.DefaultHttpClientConnectionOperator -- Connecting to localhost/127.0.0.1:3000
16:32:06.875 [pool-2-thread-38] DEBUG org.apache.http.impl.conn.DefaultHttpClientConnectionOperator -- Connection established 127.0.0.1:52255<->127.0.0.1:3000
16:32:06.875 [pool-2-thread-46] DEBUG org.apache.http.impl.conn.DefaultHttpClientConnectionOperator -- Connection established 127.0.0.1:52254<->127.0.0.1:3000
16:32:06.875 [pool-2-thread-38] DEBUG org.apache.http.impl.conn.DefaultManagedHttpClientConnection -- http-outgoing-85: set socket timeout to 30000
16:32:06.875 [pool-2-thread-38] DEBUG org.apache.http.impl.execchain.MainClientExec -- Executing request POST /auth/login HTTP/1.1
16:32:06.875 [pool-2-thread-46] DEBUG org.apache.http.impl.conn.DefaultManagedHttpClientConnection -- http-outgoing-84: set socket timeout to 30000
16:32:06.875 [pool-2-thread-38] DEBUG org.apache.http.impl.execchain.MainClientExec -- Target auth state: UNCHALLENGED
16:32:06.875 [pool-2-thread-38] DEBUG org.apache.http.impl.execchain.MainClientExec -- Proxy auth state: UNCHALLENGED
16:32:06.875 [pool-2-thread-46] DEBUG org.apache.http.impl.execchain.MainClientExec -- Executing request POST /auth/login HTTP/1.1
16:32:06.875 [pool-2-thread-46] DEBUG org.apache.http.impl.execchain.MainClientExec -- Target auth state: UNCHALLENGED
16:32:06.875 [pool-2-thread-46] DEBUG org.apache.http.impl.execchain.MainClientExec -- Proxy auth state: UNCHALLENGED
16:32:06.875 [pool-2-thread-38] DEBUG org.apache.http.headers -- http-outgoing-85 >> POST /auth/login HTTP/1.1
16:32:06.875 [pool-2-thread-46] DEBUG org.apache.http.headers -- http-outgoing-84 >> POST /auth/login HTTP/1.1
16:32:06.875 [pool-2-thread-38] DEBUG org.apache.http.headers -- http-outgoing-85 >> Content-Type: application/json; charset=UTF-8
16:32:06.875 [pool-2-thread-38] DEBUG org.apache.http.headers -- http-outgoing-85 >> Content-Length: 54
16:32:06.875 [pool-2-thread-46] DEBUG org.apache.http.headers -- http-outgoing-84 >> Content-Type: application/json; charset=UTF-8
16:32:06.875 [pool-2-thread-38] DEBUG org.apache.http.headers -- http-outgoing-85 >> Host: localhost:3000
16:32:06.876 [pool-2-thread-46] DEBUG org.apache.http.headers -- http-outgoing-84 >> Content-Length: 55
16:32:06.876 [pool-2-thread-38] DEBUG org.apache.http.headers -- http-outgoing-85 >> Connection: Keep-Alive
16:32:06.876 [pool-2-thread-46] DEBUG org.apache.http.headers -- http-outgoing-84 >> Host: localhost:3000
16:32:06.876 [pool-2-thread-46] DEBUG org.apache.http.headers -- http-outgoing-84 >> Connection: Keep-Alive
16:32:06.876 [pool-2-thread-46] DEBUG org.apache.http.headers -- http-outgoing-84 >> User-Agent: Apache-HttpClient/4.5.14 (Java/17.0.9)
16:32:06.876 [pool-2-thread-46] DEBUG org.apache.http.headers -- http-outgoing-84 >> Accept-Encoding: gzip,deflate
16:32:06.876 [pool-2-thread-38] DEBUG org.apache.http.headers -- http-outgoing-85 >> User-Agent: Apache-HttpClient/4.5.14 (Java/17.0.9)
16:32:06.876 [pool-2-thread-38] DEBUG org.apache.http.headers -- http-outgoing-85 >> Accept-Encoding: gzip,deflate
16:32:06.876 [pool-2-thread-46] DEBUG org.apache.http.wire -- http-outgoing-84 >> "POST /auth/login HTTP/1.1[\r][\n]"
16:32:06.876 [pool-2-thread-38] DEBUG org.apache.http.wire -- http-outgoing-85 >> "POST /auth/login HTTP/1.1[\r][\n]"
16:32:06.876 [pool-2-thread-46] DEBUG org.apache.http.wire -- http-outgoing-84 >> "Content-Type: application/json; charset=UTF-8[\r][\n]"
16:32:06.876 [pool-2-thread-46] DEBUG org.apache.http.wire -- http-outgoing-84 >> "Content-Length: 55[\r][\n]"
16:32:06.876 [pool-2-thread-38] DEBUG org.apache.http.wire -- http-outgoing-85 >> "Content-Type: application/json; charset=UTF-8[\r][\n]"
16:32:06.876 [pool-2-thread-38] DEBUG org.apache.http.wire -- http-outgoing-85 >> "Content-Length: 54[\r][\n]"
16:32:06.876 [pool-2-thread-46] DEBUG org.apache.http.wire -- http-outgoing-84 >> "Host: localhost:3000[\r][\n]"
16:32:06.876 [pool-2-thread-38] DEBUG org.apache.http.wire -- http-outgoing-85 >> "Host: localhost:3000[\r][\n]"
16:32:06.876 [pool-2-thread-46] DEBUG org.apache.http.wire -- http-outgoing-84 >> "Connection: Keep-Alive[\r][\n]"
16:32:06.876 [pool-2-thread-38] DEBUG org.apache.http.wire -- http-outgoing-85 >> "Connection: Keep-Alive[\r][\n]"
16:32:06.876 [pool-2-thread-46] DEBUG org.apache.http.wire -- http-outgoing-84 >> "User-Agent: Apache-HttpClient/4.5.14 (Java/17.0.9)[\r][\n]"
16:32:06.876 [pool-2-thread-38] DEBUG org.apache.http.wire -- http-outgoing-85 >> "User-Agent: Apache-HttpClient/4.5.14 (Java/17.0.9)[\r][\n]"
16:32:06.876 [pool-2-thread-46] DEBUG org.apache.http.wire -- http-outgoing-84 >> "Accept-Encoding: gzip,deflate[\r][\n]"
16:32:06.876 [pool-2-thread-38] DEBUG org.apache.http.wire -- http-outgoing-85 >> "Accept-Encoding: gzip,deflate[\r][\n]"
16:32:06.876 [pool-2-thread-46] DEBUG org.apache.http.wire -- http-outgoing-84 >> "[\r][\n]"
16:32:06.876 [pool-2-thread-38] DEBUG org.apache.http.wire -- http-outgoing-85 >> "[\r][\n]"
16:32:06.876 [pool-2-thread-46] DEBUG org.apache.http.wire -- http-outgoing-84 >> "{"email":"test28@example.com","password":"Password123"}"
16:32:06.876 [pool-2-thread-38] DEBUG org.apache.http.wire -- http-outgoing-85 >> "{"email":"testit4@gmail.com","password":"Password123"}"
16:32:07.908 [pool-2-thread-13] DEBUG org.apache.http.wire -- http-outgoing-33 << "HTTP/1.1 200 OK[\r][\n]"
16:32:07.909 [pool-2-thread-13] DEBUG org.apache.http.wire -- http-outgoing-33 << "X-Powered-By: Express[\r][\n]"
16:32:07.909 [pool-2-thread-13] DEBUG org.apache.http.wire -- http-outgoing-33 << "Access-Control-Allow-Origin: *[\r][\n]"
16:32:07.909 [pool-2-thread-13] DEBUG org.apache.http.wire -- http-outgoing-33 << "Content-Type: application/json; charset=utf-8[\r][\n]"
16:32:07.909 [pool-2-thread-13] DEBUG org.apache.http.wire -- http-outgoing-33 << "Content-Length: 599[\r][\n]"
16:32:07.909 [pool-2-thread-13] DEBUG org.apache.http.wire -- http-outgoing-33 << "ETag: W/"257-m/lfmPbHAmrD+c4iy181sX4AUEw"[\r][\n]"
16:32:07.909 [pool-2-thread-13] DEBUG org.apache.http.wire -- http-outgoing-33 << "Date: Tue, 24 Jun 2025 09:32:07 GMT[\r][\n]"
16:32:07.909 [pool-2-thread-13] DEBUG org.apache.http.wire -- http-outgoing-33 << "Connection: keep-alive[\r][\n]"
16:32:07.909 [pool-2-thread-13] DEBUG org.apache.http.wire -- http-outgoing-33 << "Keep-Alive: timeout=5[\r][\n]"
16:32:07.909 [pool-2-thread-13] DEBUG org.apache.http.wire -- http-outgoing-33 << "[\r][\n]"
16:32:07.909 [pool-2-thread-13] DEBUG org.apache.http.wire -- http-outgoing-33 << "{"access_token":"eyJhbGciOiJIUzI1NiIsInR5cCI6IkpXVCJ9.eyJzdWIiOiIyZGRhMDQzOS01MTgwLTQ1YWEtOTE3Zi1lNjMyZTQ1YThlNDEiLCJ1c2VybmFtZSI6ImpvaG5kb2UiLCJyb2xlIjowLCJpYXQiOjE3NTA3NTc1MjYsImV4cCI6MTc1MDc2MTEyNn0.zk4au21Kqv5btl9Qsc046IycCBvYVmIEYL-z3kbIg50","refresh_token":"a6b13be2f9411ceb65904628601b0d8581279b72a2372900afe18600dddbd0eb","user":{"id":"2dda0439-5180-45aa-917f-e632e45a8e41","email":"test@example.com","username":"johndoe","name":"John Doe","phoneNumber":"0987654321","profilePic":null,"bio":null,"private":false,"verified":false,"role":0,"followersCount":0,"followingCount":0,"postCount":0}}"
16:32:07.909 [pool-2-thread-13] DEBUG org.apache.http.headers -- http-outgoing-33 << HTTP/1.1 200 OK
16:32:07.909 [pool-2-thread-13] DEBUG org.apache.http.headers -- http-outgoing-33 << X-Powered-By: Express
16:32:07.909 [pool-2-thread-13] DEBUG org.apache.http.headers -- http-outgoing-33 << Access-Control-Allow-Origin: *
16:32:07.909 [pool-2-thread-13] DEBUG org.apache.http.headers -- http-outgoing-33 << Content-Type: application/json; charset=utf-8
16:32:07.909 [pool-2-thread-13] DEBUG org.apache.http.headers -- http-outgoing-33 << Content-Length: 599
16:32:07.909 [pool-2-thread-13] DEBUG org.apache.http.headers -- http-outgoing-33 << ETag: W/"257-m/lfmPbHAmrD+c4iy181sX4AUEw"
16:32:07.909 [pool-2-thread-13] DEBUG org.apache.http.headers -- http-outgoing-33 << Date: Tue, 24 Jun 2025 09:32:07 GMT
16:32:07.909 [pool-2-thread-13] DEBUG org.apache.http.headers -- http-outgoing-33 << Connection: keep-alive
16:32:07.909 [pool-2-thread-13] DEBUG org.apache.http.headers -- http-outgoing-33 << Keep-Alive: timeout=5
16:32:07.909 [pool-2-thread-13] DEBUG org.apache.http.impl.execchain.MainClientExec -- Connection can be kept alive for 5000 MILLISECONDS
16:32:07.909 [pool-2-thread-13] DEBUG org.apache.http.impl.conn.PoolingHttpClientConnectionManager -- Connection [id: 12][route: {}->http://localhost:3000] can be kept alive for 5.0 seconds
16:32:07.909 [pool-2-thread-13] DEBUG org.apache.http.impl.conn.DefaultManagedHttpClientConnection -- http-outgoing-33: set socket timeout to 0
16:32:07.909 [pool-2-thread-13] DEBUG org.apache.http.impl.conn.PoolingHttpClientConnectionManager -- Connection released: [id: 12][route: {}->http://localhost:3000][total available: 1; route allocated: 1 of 5; total allocated: 1 of 10]
16:32:07.909 [pool-2-thread-13] DEBUG org.apache.http.impl.conn.PoolingHttpClientConnectionManager -- Connection manager is shutting down
16:32:07.909 [pool-2-thread-13] DEBUG org.apache.http.impl.conn.DefaultManagedHttpClientConnection -- http-outgoing-33: Close connection
16:32:07.909 [pool-2-thread-13] DEBUG org.apache.http.impl.conn.PoolingHttpClientConnectionManager -- Connection manager shut down
16:32:07.909 [pool-2-thread-13] DEBUG com.intuit.karate -- response time in milliseconds: 7409
1 < 200
1 < X-Powered-By: Express
1 < Access-Control-Allow-Origin: *
1 < Content-Type: application/json; charset=utf-8
1 < Content-Length: 599
1 < ETag: W/"257-m/lfmPbHAmrD+c4iy181sX4AUEw"
1 < Date: Tue, 24 Jun 2025 09:32:07 GMT
1 < Connection: keep-alive
1 < Keep-Alive: timeout=5
{"access_token":"eyJhbGciOiJIUzI1NiIsInR5cCI6IkpXVCJ9.eyJzdWIiOiIyZGRhMDQzOS01MTgwLTQ1YWEtOTE3Zi1lNjMyZTQ1YThlNDEiLCJ1c2VybmFtZSI6ImpvaG5kb2UiLCJyb2xlIjowLCJpYXQiOjE3NTA3NTc1MjYsImV4cCI6MTc1MDc2MTEyNn0.zk4au21Kqv5btl9Qsc046IycCBvYVmIEYL-z3kbIg50","refresh_token":"a6b13be2f9411ceb65904628601b0d8581279b72a2372900afe18600dddbd0eb","user":{"id":"2dda0439-5180-45aa-917f-e632e45a8e41","email":"test@example.com","username":"johndoe","name":"John Doe","phoneNumber":"0987654321","profilePic":null,"bio":null,"private":false,"verified":false,"role":0,"followersCount":0,"followingCount":0,"postCount":0}}

16:32:07.911 [pool-2-thread-13] INFO com.intuit.karate -- [print] 50-thread call completed, status: 200 
16:32:07.913 [pool-2-thread-13] DEBUG com.jayway.jsonpath.internal.path.CompiledPath -- Evaluating path: $
16:32:07.914 [pool-2-thread-13] INFO com.intuit.karate -- [print] *** 50-THREAD CONCURRENT API CALL for user: testit3@gmail.com *** 
16:32:07.915 [pool-2-thread-13] DEBUG org.apache.http.client.protocol.RequestAddCookies -- CookieSpec selected: karate
16:32:07.915 [pool-2-thread-13] DEBUG org.apache.http.client.protocol.RequestAuthCache -- Auth cache not set in the context
16:32:07.915 [pool-2-thread-13] DEBUG com.intuit.karate -- request:
1 > POST http://localhost:3000/auth/login
1 > Content-Type: application/json; charset=UTF-8
1 > Content-Length: 54
1 > Host: localhost:3000
1 > Connection: Keep-Alive
1 > User-Agent: Apache-HttpClient/4.5.14 (Java/17.0.9)
1 > Accept-Encoding: gzip,deflate
{"email":"testit3@gmail.com","password":"Password123"}

16:32:07.915 [pool-2-thread-13] DEBUG org.apache.http.impl.conn.PoolingHttpClientConnectionManager -- Connection request: [route: {}->http://localhost:3000][total available: 0; route allocated: 0 of 5; total allocated: 0 of 10]
16:32:07.915 [pool-2-thread-13] DEBUG org.apache.http.impl.conn.PoolingHttpClientConnectionManager -- Connection leased: [id: 86][route: {}->http://localhost:3000][total available: 0; route allocated: 1 of 5; total allocated: 1 of 10]
16:32:07.915 [pool-2-thread-13] DEBUG org.apache.http.impl.execchain.MainClientExec -- Opening connection {}->http://localhost:3000
16:32:07.915 [pool-2-thread-13] DEBUG org.apache.http.impl.conn.DefaultHttpClientConnectionOperator -- Connecting to localhost/127.0.0.1:3000
16:32:07.916 [pool-2-thread-13] DEBUG org.apache.http.impl.conn.DefaultHttpClientConnectionOperator -- Connection established 127.0.0.1:52256<->127.0.0.1:3000
16:32:07.916 [pool-2-thread-13] DEBUG org.apache.http.impl.conn.DefaultManagedHttpClientConnection -- http-outgoing-86: set socket timeout to 30000
16:32:07.916 [pool-2-thread-13] DEBUG org.apache.http.impl.execchain.MainClientExec -- Executing request POST /auth/login HTTP/1.1
16:32:07.916 [pool-2-thread-13] DEBUG org.apache.http.impl.execchain.MainClientExec -- Target auth state: UNCHALLENGED
16:32:07.916 [pool-2-thread-13] DEBUG org.apache.http.impl.execchain.MainClientExec -- Proxy auth state: UNCHALLENGED
16:32:07.916 [pool-2-thread-13] DEBUG org.apache.http.headers -- http-outgoing-86 >> POST /auth/login HTTP/1.1
16:32:07.916 [pool-2-thread-13] DEBUG org.apache.http.headers -- http-outgoing-86 >> Content-Type: application/json; charset=UTF-8
16:32:07.916 [pool-2-thread-13] DEBUG org.apache.http.headers -- http-outgoing-86 >> Content-Length: 54
16:32:07.916 [pool-2-thread-13] DEBUG org.apache.http.headers -- http-outgoing-86 >> Host: localhost:3000
16:32:07.916 [pool-2-thread-13] DEBUG org.apache.http.headers -- http-outgoing-86 >> Connection: Keep-Alive
16:32:07.916 [pool-2-thread-13] DEBUG org.apache.http.headers -- http-outgoing-86 >> User-Agent: Apache-HttpClient/4.5.14 (Java/17.0.9)
16:32:07.916 [pool-2-thread-13] DEBUG org.apache.http.headers -- http-outgoing-86 >> Accept-Encoding: gzip,deflate
16:32:07.916 [pool-2-thread-13] DEBUG org.apache.http.wire -- http-outgoing-86 >> "POST /auth/login HTTP/1.1[\r][\n]"
16:32:07.916 [pool-2-thread-13] DEBUG org.apache.http.wire -- http-outgoing-86 >> "Content-Type: application/json; charset=UTF-8[\r][\n]"
16:32:07.916 [pool-2-thread-13] DEBUG org.apache.http.wire -- http-outgoing-86 >> "Content-Length: 54[\r][\n]"
16:32:07.916 [pool-2-thread-13] DEBUG org.apache.http.wire -- http-outgoing-86 >> "Host: localhost:3000[\r][\n]"
16:32:07.916 [pool-2-thread-13] DEBUG org.apache.http.wire -- http-outgoing-86 >> "Connection: Keep-Alive[\r][\n]"
16:32:07.916 [pool-2-thread-13] DEBUG org.apache.http.wire -- http-outgoing-86 >> "User-Agent: Apache-HttpClient/4.5.14 (Java/17.0.9)[\r][\n]"
16:32:07.916 [pool-2-thread-13] DEBUG org.apache.http.wire -- http-outgoing-86 >> "Accept-Encoding: gzip,deflate[\r][\n]"
16:32:07.916 [pool-2-thread-13] DEBUG org.apache.http.wire -- http-outgoing-86 >> "[\r][\n]"
16:32:07.916 [pool-2-thread-13] DEBUG org.apache.http.wire -- http-outgoing-86 >> "{"email":"testit3@gmail.com","password":"Password123"}"
16:32:08.608 [pool-2-thread-44] DEBUG org.apache.http.wire -- http-outgoing-30 << "HTTP/1.1 200 OK[\r][\n]"
16:32:08.608 [pool-2-thread-44] DEBUG org.apache.http.wire -- http-outgoing-30 << "X-Powered-By: Express[\r][\n]"
16:32:08.608 [pool-2-thread-44] DEBUG org.apache.http.wire -- http-outgoing-30 << "Access-Control-Allow-Origin: *[\r][\n]"
16:32:08.608 [pool-2-thread-44] DEBUG org.apache.http.wire -- http-outgoing-30 << "Content-Type: application/json; charset=utf-8[\r][\n]"
16:32:08.608 [pool-2-thread-44] DEBUG org.apache.http.wire -- http-outgoing-30 << "Content-Length: 608[\r][\n]"
16:32:08.608 [pool-2-thread-44] DEBUG org.apache.http.wire -- http-outgoing-30 << "ETag: W/"260-s9YrW9jWlYtEyVGtDwT3ptvpY0U"[\r][\n]"
16:32:08.608 [pool-2-thread-44] DEBUG org.apache.http.wire -- http-outgoing-30 << "Date: Tue, 24 Jun 2025 09:32:08 GMT[\r][\n]"
16:32:08.608 [pool-2-thread-44] DEBUG org.apache.http.wire -- http-outgoing-30 << "Connection: keep-alive[\r][\n]"
16:32:08.608 [pool-2-thread-44] DEBUG org.apache.http.wire -- http-outgoing-30 << "Keep-Alive: timeout=5[\r][\n]"
16:32:08.608 [pool-2-thread-44] DEBUG org.apache.http.wire -- http-outgoing-30 << "[\r][\n]"
16:32:08.608 [pool-2-thread-44] DEBUG org.apache.http.wire -- http-outgoing-30 << "{"access_token":"eyJhbGciOiJIUzI1NiIsInR5cCI6IkpXVCJ9.eyJzdWIiOiI4YTI0NzQ2MS01YzA0LTQyMWQtOThmNS1mYTljNzM0ZmFlYTUiLCJ1c2VybmFtZSI6ImphbmVzbWl0aCIsInJvbGUiOjAsImlhdCI6MTc1MDc1NzUyNywiZXhwIjoxNzUwNzYxMTI3fQ.BDwufXRY6LHWfQC21e72bdwmgOS5L-UUwywX80pFfKo","refresh_token":"bc337b77f24f422a28f04b2e6fe364fe31efc4151bbdc88593bc9282642bfcdb","user":{"id":"8a247461-5c04-421d-98f5-fa9c734faea5","email":"test2@example.com","username":"janesmith","name":"Jane Smith","phoneNumber":"01234567890","profilePic":null,"bio":null,"private":false,"verified":false,"role":0,"followersCount":0,"followingCount":0,"postCount":0}}"
16:32:08.608 [pool-2-thread-44] DEBUG org.apache.http.headers -- http-outgoing-30 << HTTP/1.1 200 OK
16:32:08.608 [pool-2-thread-44] DEBUG org.apache.http.headers -- http-outgoing-30 << X-Powered-By: Express
16:32:08.608 [pool-2-thread-44] DEBUG org.apache.http.headers -- http-outgoing-30 << Access-Control-Allow-Origin: *
16:32:08.608 [pool-2-thread-44] DEBUG org.apache.http.headers -- http-outgoing-30 << Content-Type: application/json; charset=utf-8
16:32:08.608 [pool-2-thread-44] DEBUG org.apache.http.headers -- http-outgoing-30 << Content-Length: 608
16:32:08.608 [pool-2-thread-44] DEBUG org.apache.http.headers -- http-outgoing-30 << ETag: W/"260-s9YrW9jWlYtEyVGtDwT3ptvpY0U"
16:32:08.608 [pool-2-thread-44] DEBUG org.apache.http.headers -- http-outgoing-30 << Date: Tue, 24 Jun 2025 09:32:08 GMT
16:32:08.608 [pool-2-thread-44] DEBUG org.apache.http.headers -- http-outgoing-30 << Connection: keep-alive
16:32:08.608 [pool-2-thread-44] DEBUG org.apache.http.headers -- http-outgoing-30 << Keep-Alive: timeout=5
16:32:08.608 [pool-2-thread-44] DEBUG org.apache.http.impl.execchain.MainClientExec -- Connection can be kept alive for 5000 MILLISECONDS
16:32:08.608 [pool-2-thread-44] DEBUG org.apache.http.impl.conn.PoolingHttpClientConnectionManager -- Connection [id: 13][route: {}->http://localhost:3000] can be kept alive for 5.0 seconds
16:32:08.608 [pool-2-thread-44] DEBUG org.apache.http.impl.conn.DefaultManagedHttpClientConnection -- http-outgoing-30: set socket timeout to 0
16:32:08.608 [pool-2-thread-44] DEBUG org.apache.http.impl.conn.PoolingHttpClientConnectionManager -- Connection released: [id: 13][route: {}->http://localhost:3000][total available: 1; route allocated: 1 of 5; total allocated: 1 of 10]
16:32:08.608 [pool-2-thread-44] DEBUG org.apache.http.impl.conn.PoolingHttpClientConnectionManager -- Connection manager is shutting down
16:32:08.608 [pool-2-thread-44] DEBUG org.apache.http.impl.conn.DefaultManagedHttpClientConnection -- http-outgoing-30: Close connection
16:32:08.608 [pool-2-thread-44] DEBUG org.apache.http.impl.conn.PoolingHttpClientConnectionManager -- Connection manager shut down
16:32:08.608 [pool-2-thread-44] DEBUG com.intuit.karate -- response time in milliseconds: 8109
1 < 200
1 < X-Powered-By: Express
1 < Access-Control-Allow-Origin: *
1 < Content-Type: application/json; charset=utf-8
1 < Content-Length: 608
1 < ETag: W/"260-s9YrW9jWlYtEyVGtDwT3ptvpY0U"
1 < Date: Tue, 24 Jun 2025 09:32:08 GMT
1 < Connection: keep-alive
1 < Keep-Alive: timeout=5
{"access_token":"eyJhbGciOiJIUzI1NiIsInR5cCI6IkpXVCJ9.eyJzdWIiOiI4YTI0NzQ2MS01YzA0LTQyMWQtOThmNS1mYTljNzM0ZmFlYTUiLCJ1c2VybmFtZSI6ImphbmVzbWl0aCIsInJvbGUiOjAsImlhdCI6MTc1MDc1NzUyNywiZXhwIjoxNzUwNzYxMTI3fQ.BDwufXRY6LHWfQC21e72bdwmgOS5L-UUwywX80pFfKo","refresh_token":"bc337b77f24f422a28f04b2e6fe364fe31efc4151bbdc88593bc9282642bfcdb","user":{"id":"8a247461-5c04-421d-98f5-fa9c734faea5","email":"test2@example.com","username":"janesmith","name":"Jane Smith","phoneNumber":"01234567890","profilePic":null,"bio":null,"private":false,"verified":false,"role":0,"followersCount":0,"followingCount":0,"postCount":0}}

16:32:08.609 [pool-2-thread-44] INFO com.intuit.karate -- [print] 50-thread call completed, status: 200 
16:32:08.613 [pool-2-thread-44] DEBUG com.jayway.jsonpath.internal.path.CompiledPath -- Evaluating path: $
16:32:08.613 [pool-2-thread-44] INFO com.intuit.karate -- [print] *** 50-THREAD CONCURRENT API CALL for user: testit5@gmail.com *** 
16:32:08.614 [pool-2-thread-44] DEBUG org.apache.http.client.protocol.RequestAddCookies -- CookieSpec selected: karate
16:32:08.614 [pool-2-thread-44] DEBUG org.apache.http.client.protocol.RequestAuthCache -- Auth cache not set in the context
16:32:08.614 [pool-2-thread-44] DEBUG com.intuit.karate -- request:
1 > POST http://localhost:3000/auth/login
1 > Content-Type: application/json; charset=UTF-8
1 > Content-Length: 54
1 > Host: localhost:3000
1 > Connection: Keep-Alive
1 > User-Agent: Apache-HttpClient/4.5.14 (Java/17.0.9)
1 > Accept-Encoding: gzip,deflate
{"email":"testit5@gmail.com","password":"Password123"}

16:32:08.614 [pool-2-thread-44] DEBUG org.apache.http.impl.conn.PoolingHttpClientConnectionManager -- Connection request: [route: {}->http://localhost:3000][total available: 0; route allocated: 0 of 5; total allocated: 0 of 10]
16:32:08.614 [pool-2-thread-44] DEBUG org.apache.http.impl.conn.PoolingHttpClientConnectionManager -- Connection leased: [id: 87][route: {}->http://localhost:3000][total available: 0; route allocated: 1 of 5; total allocated: 1 of 10]
16:32:08.614 [pool-2-thread-44] DEBUG org.apache.http.impl.execchain.MainClientExec -- Opening connection {}->http://localhost:3000
16:32:08.614 [pool-2-thread-44] DEBUG org.apache.http.impl.conn.DefaultHttpClientConnectionOperator -- Connecting to localhost/127.0.0.1:3000
16:32:08.615 [pool-2-thread-44] DEBUG org.apache.http.impl.conn.DefaultHttpClientConnectionOperator -- Connection established 127.0.0.1:52257<->127.0.0.1:3000
16:32:08.615 [pool-2-thread-44] DEBUG org.apache.http.impl.conn.DefaultManagedHttpClientConnection -- http-outgoing-87: set socket timeout to 30000
16:32:08.615 [pool-2-thread-44] DEBUG org.apache.http.impl.execchain.MainClientExec -- Executing request POST /auth/login HTTP/1.1
16:32:08.615 [pool-2-thread-44] DEBUG org.apache.http.impl.execchain.MainClientExec -- Target auth state: UNCHALLENGED
16:32:08.615 [pool-2-thread-44] DEBUG org.apache.http.impl.execchain.MainClientExec -- Proxy auth state: UNCHALLENGED
16:32:08.615 [pool-2-thread-44] DEBUG org.apache.http.headers -- http-outgoing-87 >> POST /auth/login HTTP/1.1
16:32:08.615 [pool-2-thread-44] DEBUG org.apache.http.headers -- http-outgoing-87 >> Content-Type: application/json; charset=UTF-8
16:32:08.615 [pool-2-thread-44] DEBUG org.apache.http.headers -- http-outgoing-87 >> Content-Length: 54
16:32:08.615 [pool-2-thread-44] DEBUG org.apache.http.headers -- http-outgoing-87 >> Host: localhost:3000
16:32:08.615 [pool-2-thread-44] DEBUG org.apache.http.headers -- http-outgoing-87 >> Connection: Keep-Alive
16:32:08.615 [pool-2-thread-44] DEBUG org.apache.http.headers -- http-outgoing-87 >> User-Agent: Apache-HttpClient/4.5.14 (Java/17.0.9)
16:32:08.615 [pool-2-thread-44] DEBUG org.apache.http.headers -- http-outgoing-87 >> Accept-Encoding: gzip,deflate
16:32:08.615 [pool-2-thread-44] DEBUG org.apache.http.wire -- http-outgoing-87 >> "POST /auth/login HTTP/1.1[\r][\n]"
16:32:08.615 [pool-2-thread-44] DEBUG org.apache.http.wire -- http-outgoing-87 >> "Content-Type: application/json; charset=UTF-8[\r][\n]"
16:32:08.615 [pool-2-thread-44] DEBUG org.apache.http.wire -- http-outgoing-87 >> "Content-Length: 54[\r][\n]"
16:32:08.615 [pool-2-thread-44] DEBUG org.apache.http.wire -- http-outgoing-87 >> "Host: localhost:3000[\r][\n]"
16:32:08.615 [pool-2-thread-44] DEBUG org.apache.http.wire -- http-outgoing-87 >> "Connection: Keep-Alive[\r][\n]"
16:32:08.615 [pool-2-thread-44] DEBUG org.apache.http.wire -- http-outgoing-87 >> "User-Agent: Apache-HttpClient/4.5.14 (Java/17.0.9)[\r][\n]"
16:32:08.615 [pool-2-thread-44] DEBUG org.apache.http.wire -- http-outgoing-87 >> "Accept-Encoding: gzip,deflate[\r][\n]"
16:32:08.615 [pool-2-thread-44] DEBUG org.apache.http.wire -- http-outgoing-87 >> "[\r][\n]"
16:32:08.615 [pool-2-thread-44] DEBUG org.apache.http.wire -- http-outgoing-87 >> "{"email":"testit5@gmail.com","password":"Password123"}"
16:32:08.631 [pool-2-thread-27] DEBUG org.apache.http.wire -- http-outgoing-45 << "HTTP/1.1 200 OK[\r][\n]"
16:32:08.631 [pool-2-thread-27] DEBUG org.apache.http.wire -- http-outgoing-45 << "X-Powered-By: Express[\r][\n]"
16:32:08.631 [pool-2-thread-27] DEBUG org.apache.http.wire -- http-outgoing-45 << "Access-Control-Allow-Origin: *[\r][\n]"
16:32:08.631 [pool-2-thread-27] DEBUG org.apache.http.wire -- http-outgoing-45 << "Content-Type: application/json; charset=utf-8[\r][\n]"
16:32:08.631 [pool-2-thread-27] DEBUG org.apache.http.wire -- http-outgoing-45 << "Content-Length: 605[\r][\n]"
16:32:08.631 [pool-2-thread-27] DEBUG org.apache.http.wire -- http-outgoing-45 << "ETag: W/"25d-Z6yS3oy4mY+Utl1LL2JjoSgS9zM"[\r][\n]"
16:32:08.631 [pool-2-thread-27] DEBUG org.apache.http.wire -- http-outgoing-45 << "Date: Tue, 24 Jun 2025 09:32:08 GMT[\r][\n]"
16:32:08.631 [pool-2-thread-27] DEBUG org.apache.http.wire -- http-outgoing-45 << "Connection: keep-alive[\r][\n]"
16:32:08.631 [pool-2-thread-27] DEBUG org.apache.http.wire -- http-outgoing-45 << "Keep-Alive: timeout=5[\r][\n]"
16:32:08.631 [pool-2-thread-27] DEBUG org.apache.http.wire -- http-outgoing-45 << "[\r][\n]"
16:32:08.631 [pool-2-thread-27] DEBUG org.apache.http.wire -- http-outgoing-45 << "{"access_token":"eyJhbGciOiJIUzI1NiIsInR5cCI6IkpXVCJ9.eyJzdWIiOiI2NTBjZTFlZC1hYWNhLTQzOGYtOTk4OC0xZjA1OGFiNWFhMWEiLCJ1c2VybmFtZSI6ImpvaG5kb2UyNSIsInJvbGUiOjAsImlhdCI6MTc1MDc1NzUyNywiZXhwIjoxNzUwNzYxMTI3fQ.uKkJxeaafIpQCe-mr-hymL5SwfOPfstNo98iVaSPixU","refresh_token":"f60402b4e0700230cb44267df1b6853c6ad29bd2ea908bad56f4e082b9b7dab3","user":{"id":"650ce1ed-aaca-438f-9988-1f058ab5aa1a","email":"testit3@gmail.com","username":"johndoe25","name":"John Doe","phoneNumber":"0123456713","profilePic":null,"bio":null,"private":false,"verified":false,"role":0,"followersCount":0,"followingCount":0,"postCount":0}}"
16:32:08.631 [pool-2-thread-27] DEBUG org.apache.http.headers -- http-outgoing-45 << HTTP/1.1 200 OK
16:32:08.631 [pool-2-thread-27] DEBUG org.apache.http.headers -- http-outgoing-45 << X-Powered-By: Express
16:32:08.631 [pool-2-thread-27] DEBUG org.apache.http.headers -- http-outgoing-45 << Access-Control-Allow-Origin: *
16:32:08.631 [pool-2-thread-27] DEBUG org.apache.http.headers -- http-outgoing-45 << Content-Type: application/json; charset=utf-8
16:32:08.631 [pool-2-thread-27] DEBUG org.apache.http.headers -- http-outgoing-45 << Content-Length: 605
16:32:08.631 [pool-2-thread-27] DEBUG org.apache.http.headers -- http-outgoing-45 << ETag: W/"25d-Z6yS3oy4mY+Utl1LL2JjoSgS9zM"
16:32:08.631 [pool-2-thread-27] DEBUG org.apache.http.headers -- http-outgoing-45 << Date: Tue, 24 Jun 2025 09:32:08 GMT
16:32:08.631 [pool-2-thread-27] DEBUG org.apache.http.headers -- http-outgoing-45 << Connection: keep-alive
16:32:08.631 [pool-2-thread-27] DEBUG org.apache.http.headers -- http-outgoing-45 << Keep-Alive: timeout=5
16:32:08.631 [pool-2-thread-27] DEBUG org.apache.http.impl.execchain.MainClientExec -- Connection can be kept alive for 5000 MILLISECONDS
16:32:08.631 [pool-2-thread-27] DEBUG org.apache.http.impl.conn.PoolingHttpClientConnectionManager -- Connection [id: 29][route: {}->http://localhost:3000] can be kept alive for 5.0 seconds
16:32:08.631 [pool-2-thread-27] DEBUG org.apache.http.impl.conn.DefaultManagedHttpClientConnection -- http-outgoing-45: set socket timeout to 0
16:32:08.631 [pool-2-thread-27] DEBUG org.apache.http.impl.conn.PoolingHttpClientConnectionManager -- Connection released: [id: 29][route: {}->http://localhost:3000][total available: 1; route allocated: 1 of 5; total allocated: 1 of 10]
16:32:08.631 [pool-2-thread-27] DEBUG org.apache.http.impl.conn.PoolingHttpClientConnectionManager -- Connection manager is shutting down
16:32:08.631 [pool-2-thread-27] DEBUG org.apache.http.impl.conn.DefaultManagedHttpClientConnection -- http-outgoing-45: Close connection
16:32:08.631 [pool-2-thread-27] DEBUG org.apache.http.impl.conn.PoolingHttpClientConnectionManager -- Connection manager shut down
16:32:08.631 [pool-2-thread-27] DEBUG com.intuit.karate -- response time in milliseconds: 8128
1 < 200
1 < X-Powered-By: Express
1 < Access-Control-Allow-Origin: *
1 < Content-Type: application/json; charset=utf-8
1 < Content-Length: 605
1 < ETag: W/"25d-Z6yS3oy4mY+Utl1LL2JjoSgS9zM"
1 < Date: Tue, 24 Jun 2025 09:32:08 GMT
1 < Connection: keep-alive
1 < Keep-Alive: timeout=5
{"access_token":"eyJhbGciOiJIUzI1NiIsInR5cCI6IkpXVCJ9.eyJzdWIiOiI2NTBjZTFlZC1hYWNhLTQzOGYtOTk4OC0xZjA1OGFiNWFhMWEiLCJ1c2VybmFtZSI6ImpvaG5kb2UyNSIsInJvbGUiOjAsImlhdCI6MTc1MDc1NzUyNywiZXhwIjoxNzUwNzYxMTI3fQ.uKkJxeaafIpQCe-mr-hymL5SwfOPfstNo98iVaSPixU","refresh_token":"f60402b4e0700230cb44267df1b6853c6ad29bd2ea908bad56f4e082b9b7dab3","user":{"id":"650ce1ed-aaca-438f-9988-1f058ab5aa1a","email":"testit3@gmail.com","username":"johndoe25","name":"John Doe","phoneNumber":"0123456713","profilePic":null,"bio":null,"private":false,"verified":false,"role":0,"followersCount":0,"followingCount":0,"postCount":0}}

16:32:08.632 [pool-2-thread-27] INFO com.intuit.karate -- [print] 50-thread call completed, status: 200 
16:32:08.635 [pool-2-thread-27] DEBUG com.jayway.jsonpath.internal.path.CompiledPath -- Evaluating path: $
16:32:08.636 [pool-2-thread-27] INFO com.intuit.karate -- [print] *** 50-THREAD CONCURRENT API CALL for user: testit@gmail.com *** 
16:32:08.637 [pool-2-thread-27] DEBUG org.apache.http.client.protocol.RequestAddCookies -- CookieSpec selected: karate
16:32:08.637 [pool-2-thread-27] DEBUG org.apache.http.client.protocol.RequestAuthCache -- Auth cache not set in the context
16:32:08.637 [pool-2-thread-27] DEBUG com.intuit.karate -- request:
1 > POST http://localhost:3000/auth/login
1 > Content-Type: application/json; charset=UTF-8
1 > Content-Length: 53
1 > Host: localhost:3000
1 > Connection: Keep-Alive
1 > User-Agent: Apache-HttpClient/4.5.14 (Java/17.0.9)
1 > Accept-Encoding: gzip,deflate
{"email":"testit@gmail.com","password":"Password123"}

16:32:08.637 [pool-2-thread-27] DEBUG org.apache.http.impl.conn.PoolingHttpClientConnectionManager -- Connection request: [route: {}->http://localhost:3000][total available: 0; route allocated: 0 of 5; total allocated: 0 of 10]
16:32:08.637 [pool-2-thread-27] DEBUG org.apache.http.impl.conn.PoolingHttpClientConnectionManager -- Connection leased: [id: 88][route: {}->http://localhost:3000][total available: 0; route allocated: 1 of 5; total allocated: 1 of 10]
16:32:08.637 [pool-2-thread-27] DEBUG org.apache.http.impl.execchain.MainClientExec -- Opening connection {}->http://localhost:3000
16:32:08.637 [pool-2-thread-27] DEBUG org.apache.http.impl.conn.DefaultHttpClientConnectionOperator -- Connecting to localhost/127.0.0.1:3000
16:32:08.638 [pool-2-thread-27] DEBUG org.apache.http.impl.conn.DefaultHttpClientConnectionOperator -- Connection established 127.0.0.1:52258<->127.0.0.1:3000
16:32:08.638 [pool-2-thread-27] DEBUG org.apache.http.impl.conn.DefaultManagedHttpClientConnection -- http-outgoing-88: set socket timeout to 30000
16:32:08.638 [pool-2-thread-27] DEBUG org.apache.http.impl.execchain.MainClientExec -- Executing request POST /auth/login HTTP/1.1
16:32:08.638 [pool-2-thread-27] DEBUG org.apache.http.impl.execchain.MainClientExec -- Target auth state: UNCHALLENGED
16:32:08.638 [pool-2-thread-27] DEBUG org.apache.http.impl.execchain.MainClientExec -- Proxy auth state: UNCHALLENGED
16:32:08.638 [pool-2-thread-27] DEBUG org.apache.http.headers -- http-outgoing-88 >> POST /auth/login HTTP/1.1
16:32:08.638 [pool-2-thread-27] DEBUG org.apache.http.headers -- http-outgoing-88 >> Content-Type: application/json; charset=UTF-8
16:32:08.638 [pool-2-thread-27] DEBUG org.apache.http.headers -- http-outgoing-88 >> Content-Length: 53
16:32:08.638 [pool-2-thread-27] DEBUG org.apache.http.headers -- http-outgoing-88 >> Host: localhost:3000
16:32:08.638 [pool-2-thread-27] DEBUG org.apache.http.headers -- http-outgoing-88 >> Connection: Keep-Alive
16:32:08.638 [pool-2-thread-27] DEBUG org.apache.http.headers -- http-outgoing-88 >> User-Agent: Apache-HttpClient/4.5.14 (Java/17.0.9)
16:32:08.638 [pool-2-thread-27] DEBUG org.apache.http.headers -- http-outgoing-88 >> Accept-Encoding: gzip,deflate
16:32:08.638 [pool-2-thread-27] DEBUG org.apache.http.wire -- http-outgoing-88 >> "POST /auth/login HTTP/1.1[\r][\n]"
16:32:08.638 [pool-2-thread-27] DEBUG org.apache.http.wire -- http-outgoing-88 >> "Content-Type: application/json; charset=UTF-8[\r][\n]"
16:32:08.638 [pool-2-thread-27] DEBUG org.apache.http.wire -- http-outgoing-88 >> "Content-Length: 53[\r][\n]"
16:32:08.638 [pool-2-thread-27] DEBUG org.apache.http.wire -- http-outgoing-88 >> "Host: localhost:3000[\r][\n]"
16:32:08.638 [pool-2-thread-27] DEBUG org.apache.http.wire -- http-outgoing-88 >> "Connection: Keep-Alive[\r][\n]"
16:32:08.638 [pool-2-thread-27] DEBUG org.apache.http.wire -- http-outgoing-88 >> "User-Agent: Apache-HttpClient/4.5.14 (Java/17.0.9)[\r][\n]"
16:32:08.638 [pool-2-thread-27] DEBUG org.apache.http.wire -- http-outgoing-88 >> "Accept-Encoding: gzip,deflate[\r][\n]"
16:32:08.638 [pool-2-thread-27] DEBUG org.apache.http.wire -- http-outgoing-88 >> "[\r][\n]"
16:32:08.638 [pool-2-thread-27] DEBUG org.apache.http.wire -- http-outgoing-88 >> "{"email":"testit@gmail.com","password":"Password123"}"
16:32:08.640 [pool-2-thread-1] DEBUG org.apache.http.wire -- http-outgoing-1 << "HTTP/1.1 200 OK[\r][\n]"
16:32:08.640 [pool-2-thread-1] DEBUG org.apache.http.wire -- http-outgoing-1 << "X-Powered-By: Express[\r][\n]"
16:32:08.640 [pool-2-thread-1] DEBUG org.apache.http.wire -- http-outgoing-1 << "Access-Control-Allow-Origin: *[\r][\n]"
16:32:08.640 [pool-2-thread-1] DEBUG org.apache.http.wire -- http-outgoing-1 << "Content-Type: application/json; charset=utf-8[\r][\n]"
16:32:08.640 [pool-2-thread-1] DEBUG org.apache.http.wire -- http-outgoing-1 << "Content-Length: 708[\r][\n]"
16:32:08.640 [pool-2-thread-1] DEBUG org.apache.http.wire -- http-outgoing-1 << "ETag: W/"2c4-3udjIHH+vuSr6YobcRVAJ2SiuJY"[\r][\n]"
16:32:08.640 [pool-2-thread-1] DEBUG org.apache.http.wire -- http-outgoing-1 << "Date: Tue, 24 Jun 2025 09:32:08 GMT[\r][\n]"
16:32:08.640 [pool-2-thread-1] DEBUG org.apache.http.wire -- http-outgoing-1 << "Connection: keep-alive[\r][\n]"
16:32:08.640 [pool-2-thread-1] DEBUG org.apache.http.wire -- http-outgoing-1 << "Keep-Alive: timeout=5[\r][\n]"
16:32:08.640 [pool-2-thread-1] DEBUG org.apache.http.wire -- http-outgoing-1 << "[\r][\n]"
16:32:08.640 [pool-2-thread-1] DEBUG org.apache.http.wire -- http-outgoing-1 << "{"access_token":"eyJhbGciOiJIUzI1NiIsInR5cCI6IkpXVCJ9.eyJzdWIiOiIwODUxNWIwNS0yZDNlLTQ3ODktYWQ2MC1kYjM1NTI1YTQ5NzAiLCJ1c2VybmFtZSI6Im5hbSIsInJvbGUiOjAsImlhdCI6MTc1MDc1NzUyNywiZXhwIjoxNzUwNzYxMTI3fQ.ckoiDGtsE8mhCjz8pxChq9elm0bBicMvczD6qvbRAG4","refresh_token":"f5a9d9adba4a4f99f3c4dcb8ad138684796f0545b84545115361a16654acecd5","user":{"id":"08515b05-2d3e-4789-ad60-db35525a4970","email":"nam@gmail.com","username":"nam","name":"nam","phoneNumber":"0123456789","profilePic":"https://res.cloudinary.com/dizcvrefo/image/upload/v1749266646/nestjs_uploads/zk9zrpeidnovxibfqdxr.png","bio":"Chu tich hoi dong Quan tri 1","private":false,"verified":false,"role":0,"followersCount":2,"followingCount":5,"postCount":13}}"
16:32:08.640 [pool-2-thread-1] DEBUG org.apache.http.headers -- http-outgoing-1 << HTTP/1.1 200 OK
16:32:08.640 [pool-2-thread-1] DEBUG org.apache.http.headers -- http-outgoing-1 << X-Powered-By: Express
16:32:08.640 [pool-2-thread-1] DEBUG org.apache.http.headers -- http-outgoing-1 << Access-Control-Allow-Origin: *
16:32:08.640 [pool-2-thread-1] DEBUG org.apache.http.headers -- http-outgoing-1 << Content-Type: application/json; charset=utf-8
16:32:08.640 [pool-2-thread-1] DEBUG org.apache.http.headers -- http-outgoing-1 << Content-Length: 708
16:32:08.640 [pool-2-thread-1] DEBUG org.apache.http.headers -- http-outgoing-1 << ETag: W/"2c4-3udjIHH+vuSr6YobcRVAJ2SiuJY"
16:32:08.640 [pool-2-thread-1] DEBUG org.apache.http.headers -- http-outgoing-1 << Date: Tue, 24 Jun 2025 09:32:08 GMT
16:32:08.640 [pool-2-thread-1] DEBUG org.apache.http.headers -- http-outgoing-1 << Connection: keep-alive
16:32:08.640 [pool-2-thread-1] DEBUG org.apache.http.headers -- http-outgoing-1 << Keep-Alive: timeout=5
16:32:08.640 [pool-2-thread-1] DEBUG org.apache.http.impl.execchain.MainClientExec -- Connection can be kept alive for 5000 MILLISECONDS
16:32:08.640 [pool-2-thread-1] DEBUG org.apache.http.impl.conn.PoolingHttpClientConnectionManager -- Connection [id: 30][route: {}->http://localhost:3000] can be kept alive for 5.0 seconds
16:32:08.640 [pool-2-thread-1] DEBUG org.apache.http.impl.conn.DefaultManagedHttpClientConnection -- http-outgoing-1: set socket timeout to 0
16:32:08.640 [pool-2-thread-1] DEBUG org.apache.http.impl.conn.PoolingHttpClientConnectionManager -- Connection released: [id: 30][route: {}->http://localhost:3000][total available: 1; route allocated: 1 of 5; total allocated: 1 of 10]
16:32:08.640 [pool-2-thread-1] DEBUG org.apache.http.impl.conn.PoolingHttpClientConnectionManager -- Connection manager is shutting down
16:32:08.640 [pool-2-thread-1] DEBUG org.apache.http.impl.conn.DefaultManagedHttpClientConnection -- http-outgoing-1: Close connection
16:32:08.640 [pool-2-thread-1] DEBUG org.apache.http.impl.conn.PoolingHttpClientConnectionManager -- Connection manager shut down
16:32:08.640 [pool-2-thread-1] DEBUG com.intuit.karate -- response time in milliseconds: 8138
1 < 200
1 < X-Powered-By: Express
1 < Access-Control-Allow-Origin: *
1 < Content-Type: application/json; charset=utf-8
1 < Content-Length: 708
1 < ETag: W/"2c4-3udjIHH+vuSr6YobcRVAJ2SiuJY"
1 < Date: Tue, 24 Jun 2025 09:32:08 GMT
1 < Connection: keep-alive
1 < Keep-Alive: timeout=5
{"access_token":"eyJhbGciOiJIUzI1NiIsInR5cCI6IkpXVCJ9.eyJzdWIiOiIwODUxNWIwNS0yZDNlLTQ3ODktYWQ2MC1kYjM1NTI1YTQ5NzAiLCJ1c2VybmFtZSI6Im5hbSIsInJvbGUiOjAsImlhdCI6MTc1MDc1NzUyNywiZXhwIjoxNzUwNzYxMTI3fQ.ckoiDGtsE8mhCjz8pxChq9elm0bBicMvczD6qvbRAG4","refresh_token":"f5a9d9adba4a4f99f3c4dcb8ad138684796f0545b84545115361a16654acecd5","user":{"id":"08515b05-2d3e-4789-ad60-db35525a4970","email":"nam@gmail.com","username":"nam","name":"nam","phoneNumber":"0123456789","profilePic":"https://res.cloudinary.com/dizcvrefo/image/upload/v1749266646/nestjs_uploads/zk9zrpeidnovxibfqdxr.png","bio":"Chu tich hoi dong Quan tri 1","private":false,"verified":false,"role":0,"followersCount":2,"followingCount":5,"postCount":13}}

16:32:08.641 [pool-2-thread-16] DEBUG org.apache.http.wire -- http-outgoing-6 << "HTTP/1.1 200 OK[\r][\n]"
16:32:08.641 [pool-2-thread-16] DEBUG org.apache.http.wire -- http-outgoing-6 << "X-Powered-By: Express[\r][\n]"
16:32:08.641 [pool-2-thread-16] DEBUG org.apache.http.wire -- http-outgoing-6 << "Access-Control-Allow-Origin: *[\r][\n]"
16:32:08.641 [pool-2-thread-16] DEBUG org.apache.http.wire -- http-outgoing-6 << "Content-Type: application/json; charset=utf-8[\r][\n]"
16:32:08.641 [pool-2-thread-16] DEBUG org.apache.http.wire -- http-outgoing-6 << "Content-Length: 607[\r][\n]"
16:32:08.641 [pool-2-thread-16] DEBUG org.apache.http.wire -- http-outgoing-6 << "ETag: W/"25f-KxN6KcK/V2i+1Ss2z/sZY9u7r7A"[\r][\n]"
16:32:08.641 [pool-2-thread-16] DEBUG org.apache.http.wire -- http-outgoing-6 << "Date: Tue, 24 Jun 2025 09:32:08 GMT[\r][\n]"
16:32:08.641 [pool-2-thread-16] DEBUG org.apache.http.wire -- http-outgoing-6 << "Connection: keep-alive[\r][\n]"
16:32:08.641 [pool-2-thread-16] DEBUG org.apache.http.wire -- http-outgoing-6 << "Keep-Alive: timeout=5[\r][\n]"
16:32:08.641 [pool-2-thread-16] DEBUG org.apache.http.wire -- http-outgoing-6 << "[\r][\n]"
16:32:08.641 [pool-2-thread-16] DEBUG org.apache.http.wire -- http-outgoing-6 << "{"access_token":"eyJhbGciOiJIUzI1NiIsInR5cCI6IkpXVCJ9.eyJzdWIiOiI5YTI2OTc2Yy0xNTMyLTRkZjMtYTE2ZS03NjMxNTI1Yzg1MDIiLCJ1c2VybmFtZSI6ImpvaG5kb2UyZDUiLCJyb2xlIjowLCJpYXQiOjE3NTA3NTc1MjcsImV4cCI6MTc1MDc2MTEyN30.OwbBWtRBTcWoTRU8FjE7KJDr-6Osj0VcwL0vuPqmo8Q","refresh_token":"bdb0ab89858753c69c1c147ca4bb4d7334cdbe021850e464d1c9855cf5a47d64","user":{"id":"9a26976c-1532-4df3-a16e-7631525c8502","email":"testit4@gmail.com","username":"johndoe2d5","name":"John Doe","phoneNumber":"0123456212","profilePic":null,"bio":null,"private":false,"verified":false,"role":0,"followersCount":0,"followingCount":0,"postCount":0}}"
16:32:08.641 [pool-2-thread-16] DEBUG org.apache.http.headers -- http-outgoing-6 << HTTP/1.1 200 OK
16:32:08.641 [pool-2-thread-16] DEBUG org.apache.http.headers -- http-outgoing-6 << X-Powered-By: Express
16:32:08.641 [pool-2-thread-16] DEBUG org.apache.http.headers -- http-outgoing-6 << Access-Control-Allow-Origin: *
16:32:08.641 [pool-2-thread-16] DEBUG org.apache.http.headers -- http-outgoing-6 << Content-Type: application/json; charset=utf-8
16:32:08.641 [pool-2-thread-16] DEBUG org.apache.http.headers -- http-outgoing-6 << Content-Length: 607
16:32:08.641 [pool-2-thread-16] DEBUG org.apache.http.headers -- http-outgoing-6 << ETag: W/"25f-KxN6KcK/V2i+1Ss2z/sZY9u7r7A"
16:32:08.641 [pool-2-thread-16] DEBUG org.apache.http.headers -- http-outgoing-6 << Date: Tue, 24 Jun 2025 09:32:08 GMT
16:32:08.641 [pool-2-thread-16] DEBUG org.apache.http.headers -- http-outgoing-6 << Connection: keep-alive
16:32:08.641 [pool-2-thread-16] DEBUG org.apache.http.headers -- http-outgoing-6 << Keep-Alive: timeout=5
16:32:08.641 [pool-2-thread-16] DEBUG org.apache.http.impl.execchain.MainClientExec -- Connection can be kept alive for 5000 MILLISECONDS
16:32:08.641 [pool-2-thread-1] INFO com.intuit.karate -- [print] 50-thread call completed, status: 200 
16:32:08.641 [pool-2-thread-16] DEBUG org.apache.http.impl.conn.PoolingHttpClientConnectionManager -- Connection [id: 45][route: {}->http://localhost:3000] can be kept alive for 5.0 seconds
16:32:08.641 [pool-2-thread-16] DEBUG org.apache.http.impl.conn.DefaultManagedHttpClientConnection -- http-outgoing-6: set socket timeout to 0
16:32:08.641 [pool-2-thread-16] DEBUG org.apache.http.impl.conn.PoolingHttpClientConnectionManager -- Connection released: [id: 45][route: {}->http://localhost:3000][total available: 1; route allocated: 1 of 5; total allocated: 1 of 10]
16:32:08.641 [pool-2-thread-16] DEBUG org.apache.http.impl.conn.PoolingHttpClientConnectionManager -- Connection manager is shutting down
16:32:08.641 [pool-2-thread-16] DEBUG org.apache.http.impl.conn.DefaultManagedHttpClientConnection -- http-outgoing-6: Close connection
16:32:08.641 [pool-2-thread-16] DEBUG org.apache.http.impl.conn.PoolingHttpClientConnectionManager -- Connection manager shut down
16:32:08.641 [pool-2-thread-16] DEBUG com.intuit.karate -- response time in milliseconds: 8141
1 < 200
1 < X-Powered-By: Express
1 < Access-Control-Allow-Origin: *
1 < Content-Type: application/json; charset=utf-8
1 < Content-Length: 607
1 < ETag: W/"25f-KxN6KcK/V2i+1Ss2z/sZY9u7r7A"
1 < Date: Tue, 24 Jun 2025 09:32:08 GMT
1 < Connection: keep-alive
1 < Keep-Alive: timeout=5
{"access_token":"eyJhbGciOiJIUzI1NiIsInR5cCI6IkpXVCJ9.eyJzdWIiOiI5YTI2OTc2Yy0xNTMyLTRkZjMtYTE2ZS03NjMxNTI1Yzg1MDIiLCJ1c2VybmFtZSI6ImpvaG5kb2UyZDUiLCJyb2xlIjowLCJpYXQiOjE3NTA3NTc1MjcsImV4cCI6MTc1MDc2MTEyN30.OwbBWtRBTcWoTRU8FjE7KJDr-6Osj0VcwL0vuPqmo8Q","refresh_token":"bdb0ab89858753c69c1c147ca4bb4d7334cdbe021850e464d1c9855cf5a47d64","user":{"id":"9a26976c-1532-4df3-a16e-7631525c8502","email":"testit4@gmail.com","username":"johndoe2d5","name":"John Doe","phoneNumber":"0123456212","profilePic":null,"bio":null,"private":false,"verified":false,"role":0,"followersCount":0,"followingCount":0,"postCount":0}}

16:32:08.643 [pool-2-thread-16] INFO com.intuit.karate -- [print] 50-thread call completed, status: 200 
16:32:08.645 [pool-2-thread-1] DEBUG com.jayway.jsonpath.internal.path.CompiledPath -- Evaluating path: $
16:32:08.645 [pool-2-thread-5] DEBUG org.apache.http.wire -- http-outgoing-41 << "HTTP/1.1 200 OK[\r][\n]"
16:32:08.646 [pool-2-thread-5] DEBUG org.apache.http.wire -- http-outgoing-41 << "X-Powered-By: Express[\r][\n]"
16:32:08.646 [pool-2-thread-5] DEBUG org.apache.http.wire -- http-outgoing-41 << "Access-Control-Allow-Origin: *[\r][\n]"
16:32:08.646 [pool-2-thread-5] DEBUG org.apache.http.wire -- http-outgoing-41 << "Content-Type: application/json; charset=utf-8[\r][\n]"
16:32:08.646 [pool-2-thread-5] DEBUG org.apache.http.wire -- http-outgoing-41 << "Content-Length: 607[\r][\n]"
16:32:08.646 [pool-2-thread-5] DEBUG org.apache.http.wire -- http-outgoing-41 << "ETag: W/"25f-BshhF/8v5P8U09f0C5BbdnJkdhA"[\r][\n]"
16:32:08.646 [pool-2-thread-5] DEBUG org.apache.http.wire -- http-outgoing-41 << "Date: Tue, 24 Jun 2025 09:32:08 GMT[\r][\n]"
16:32:08.646 [pool-2-thread-5] DEBUG org.apache.http.wire -- http-outgoing-41 << "Connection: keep-alive[\r][\n]"
16:32:08.646 [pool-2-thread-5] DEBUG org.apache.http.wire -- http-outgoing-41 << "Keep-Alive: timeout=5[\r][\n]"
16:32:08.646 [pool-2-thread-5] DEBUG org.apache.http.wire -- http-outgoing-41 << "[\r][\n]"
16:32:08.646 [pool-2-thread-5] DEBUG org.apache.http.wire -- http-outgoing-41 << "{"access_token":"eyJhbGciOiJIUzI1NiIsInR5cCI6IkpXVCJ9.eyJzdWIiOiJjMjE0MjJkZi1jY2VjLTQ0MGUtOWE0Mi1jMWI4MmFiZjczM2QiLCJ1c2VybmFtZSI6ImpvaG5kb2UyOCIsInJvbGUiOjAsImlhdCI6MTc1MDc1NzUyNywiZXhwIjoxNzUwNzYxMTI3fQ.Cjmh4m3PqMu8XbIyqIZMajlD-XYYmxI9gNCjfznrCGM","refresh_token":"1d863adbbcd992973720b194f83cd7b132d5973f8379be3c1e690149fcf145e6","user":{"id":"c21422df-ccec-440e-9a42-c1b82abf733d","email":"test28@example.com","username":"johndoe28","name":"John Doe","phoneNumber":"84987654321","profilePic":null,"bio":null,"private":false,"verified":false,"role":0,"followersCount":0,"followingCount":0,"postCount":0}}"
16:32:08.646 [pool-2-thread-5] DEBUG org.apache.http.headers -- http-outgoing-41 << HTTP/1.1 200 OK
16:32:08.646 [pool-2-thread-5] DEBUG org.apache.http.headers -- http-outgoing-41 << X-Powered-By: Express
16:32:08.646 [pool-2-thread-5] DEBUG org.apache.http.headers -- http-outgoing-41 << Access-Control-Allow-Origin: *
16:32:08.646 [pool-2-thread-5] DEBUG org.apache.http.headers -- http-outgoing-41 << Content-Type: application/json; charset=utf-8
16:32:08.646 [pool-2-thread-5] DEBUG org.apache.http.headers -- http-outgoing-41 << Content-Length: 607
16:32:08.646 [pool-2-thread-5] DEBUG org.apache.http.headers -- http-outgoing-41 << ETag: W/"25f-BshhF/8v5P8U09f0C5BbdnJkdhA"
16:32:08.646 [pool-2-thread-5] DEBUG org.apache.http.headers -- http-outgoing-41 << Date: Tue, 24 Jun 2025 09:32:08 GMT
16:32:08.646 [pool-2-thread-5] DEBUG org.apache.http.headers -- http-outgoing-41 << Connection: keep-alive
16:32:08.646 [pool-2-thread-5] DEBUG org.apache.http.headers -- http-outgoing-41 << Keep-Alive: timeout=5
16:32:08.646 [pool-2-thread-16] DEBUG com.jayway.jsonpath.internal.path.CompiledPath -- Evaluating path: $
16:32:08.646 [pool-2-thread-5] DEBUG org.apache.http.impl.execchain.MainClientExec -- Connection can be kept alive for 5000 MILLISECONDS
16:32:08.647 [pool-2-thread-1] INFO com.intuit.karate -- [print] *** 50-THREAD CONCURRENT API CALL for user: testit2@gmail.com *** 
16:32:08.647 [pool-2-thread-5] DEBUG org.apache.http.impl.conn.PoolingHttpClientConnectionManager -- Connection [id: 44][route: {}->http://localhost:3000] can be kept alive for 5.0 seconds
16:32:08.647 [pool-2-thread-5] DEBUG org.apache.http.impl.conn.DefaultManagedHttpClientConnection -- http-outgoing-41: set socket timeout to 0
16:32:08.647 [pool-2-thread-5] DEBUG org.apache.http.impl.conn.PoolingHttpClientConnectionManager -- Connection released: [id: 44][route: {}->http://localhost:3000][total available: 1; route allocated: 1 of 5; total allocated: 1 of 10]
16:32:08.647 [pool-2-thread-5] DEBUG org.apache.http.impl.conn.PoolingHttpClientConnectionManager -- Connection manager is shutting down
16:32:08.647 [pool-2-thread-5] DEBUG org.apache.http.impl.conn.DefaultManagedHttpClientConnection -- http-outgoing-41: Close connection
16:32:08.647 [pool-2-thread-5] DEBUG org.apache.http.impl.conn.PoolingHttpClientConnectionManager -- Connection manager shut down
16:32:08.647 [pool-2-thread-5] DEBUG com.intuit.karate -- response time in milliseconds: 8145
1 < 200
1 < X-Powered-By: Express
1 < Access-Control-Allow-Origin: *
1 < Content-Type: application/json; charset=utf-8
1 < Content-Length: 607
1 < ETag: W/"25f-BshhF/8v5P8U09f0C5BbdnJkdhA"
1 < Date: Tue, 24 Jun 2025 09:32:08 GMT
1 < Connection: keep-alive
1 < Keep-Alive: timeout=5
{"access_token":"eyJhbGciOiJIUzI1NiIsInR5cCI6IkpXVCJ9.eyJzdWIiOiJjMjE0MjJkZi1jY2VjLTQ0MGUtOWE0Mi1jMWI4MmFiZjczM2QiLCJ1c2VybmFtZSI6ImpvaG5kb2UyOCIsInJvbGUiOjAsImlhdCI6MTc1MDc1NzUyNywiZXhwIjoxNzUwNzYxMTI3fQ.Cjmh4m3PqMu8XbIyqIZMajlD-XYYmxI9gNCjfznrCGM","refresh_token":"1d863adbbcd992973720b194f83cd7b132d5973f8379be3c1e690149fcf145e6","user":{"id":"c21422df-ccec-440e-9a42-c1b82abf733d","email":"test28@example.com","username":"johndoe28","name":"John Doe","phoneNumber":"84987654321","profilePic":null,"bio":null,"private":false,"verified":false,"role":0,"followersCount":0,"followingCount":0,"postCount":0}}

16:32:08.647 [pool-2-thread-16] INFO com.intuit.karate -- [print] *** 50-THREAD CONCURRENT API CALL for user: nam@gmail.com *** 
16:32:08.647 [pool-2-thread-5] INFO com.intuit.karate -- [print] 50-thread call completed, status: 200 
16:32:08.648 [pool-2-thread-16] DEBUG org.apache.http.client.protocol.RequestAddCookies -- CookieSpec selected: karate
16:32:08.648 [pool-2-thread-1] DEBUG org.apache.http.client.protocol.RequestAddCookies -- CookieSpec selected: karate
16:32:08.648 [pool-2-thread-16] DEBUG org.apache.http.client.protocol.RequestAuthCache -- Auth cache not set in the context
16:32:08.648 [pool-2-thread-1] DEBUG org.apache.http.client.protocol.RequestAuthCache -- Auth cache not set in the context
16:32:08.648 [pool-2-thread-16] DEBUG com.intuit.karate -- request:
1 > POST http://localhost:3000/auth/login
1 > Content-Type: application/json; charset=UTF-8
1 > Content-Length: 45
1 > Host: localhost:3000
1 > Connection: Keep-Alive
1 > User-Agent: Apache-HttpClient/4.5.14 (Java/17.0.9)
1 > Accept-Encoding: gzip,deflate
{"email":"nam@gmail.com","password":"123456"}

16:32:08.648 [pool-2-thread-1] DEBUG com.intuit.karate -- request:
1 > POST http://localhost:3000/auth/login
1 > Content-Type: application/json; charset=UTF-8
1 > Content-Length: 54
1 > Host: localhost:3000
1 > Connection: Keep-Alive
1 > User-Agent: Apache-HttpClient/4.5.14 (Java/17.0.9)
1 > Accept-Encoding: gzip,deflate
{"email":"testit2@gmail.com","password":"Password123"}

16:32:08.648 [pool-2-thread-16] DEBUG org.apache.http.impl.conn.PoolingHttpClientConnectionManager -- Connection request: [route: {}->http://localhost:3000][total available: 0; route allocated: 0 of 5; total allocated: 0 of 10]
16:32:08.648 [pool-2-thread-1] DEBUG org.apache.http.impl.conn.PoolingHttpClientConnectionManager -- Connection request: [route: {}->http://localhost:3000][total available: 0; route allocated: 0 of 5; total allocated: 0 of 10]
16:32:08.648 [pool-2-thread-16] DEBUG org.apache.http.impl.conn.PoolingHttpClientConnectionManager -- Connection leased: [id: 90][route: {}->http://localhost:3000][total available: 0; route allocated: 1 of 5; total allocated: 1 of 10]
16:32:08.648 [pool-2-thread-1] DEBUG org.apache.http.impl.conn.PoolingHttpClientConnectionManager -- Connection leased: [id: 89][route: {}->http://localhost:3000][total available: 0; route allocated: 1 of 5; total allocated: 1 of 10]
16:32:08.648 [pool-2-thread-16] DEBUG org.apache.http.impl.execchain.MainClientExec -- Opening connection {}->http://localhost:3000
16:32:08.648 [pool-2-thread-1] DEBUG org.apache.http.impl.execchain.MainClientExec -- Opening connection {}->http://localhost:3000
16:32:08.648 [pool-2-thread-16] DEBUG org.apache.http.impl.conn.DefaultHttpClientConnectionOperator -- Connecting to localhost/127.0.0.1:3000
16:32:08.648 [pool-2-thread-1] DEBUG org.apache.http.impl.conn.DefaultHttpClientConnectionOperator -- Connecting to localhost/127.0.0.1:3000
16:32:08.649 [pool-2-thread-1] DEBUG org.apache.http.impl.conn.DefaultHttpClientConnectionOperator -- Connection established 127.0.0.1:52260<->127.0.0.1:3000
16:32:08.649 [pool-2-thread-16] DEBUG org.apache.http.impl.conn.DefaultHttpClientConnectionOperator -- Connection established 127.0.0.1:52259<->127.0.0.1:3000
16:32:08.649 [pool-2-thread-1] DEBUG org.apache.http.impl.conn.DefaultManagedHttpClientConnection -- http-outgoing-90: set socket timeout to 30000
16:32:08.649 [pool-2-thread-16] DEBUG org.apache.http.impl.conn.DefaultManagedHttpClientConnection -- http-outgoing-89: set socket timeout to 30000
16:32:08.649 [pool-2-thread-1] DEBUG org.apache.http.impl.execchain.MainClientExec -- Executing request POST /auth/login HTTP/1.1
16:32:08.649 [pool-2-thread-1] DEBUG org.apache.http.impl.execchain.MainClientExec -- Target auth state: UNCHALLENGED
16:32:08.649 [pool-2-thread-16] DEBUG org.apache.http.impl.execchain.MainClientExec -- Executing request POST /auth/login HTTP/1.1
16:32:08.649 [pool-2-thread-1] DEBUG org.apache.http.impl.execchain.MainClientExec -- Proxy auth state: UNCHALLENGED
16:32:08.649 [pool-2-thread-16] DEBUG org.apache.http.impl.execchain.MainClientExec -- Target auth state: UNCHALLENGED
16:32:08.649 [pool-2-thread-16] DEBUG org.apache.http.impl.execchain.MainClientExec -- Proxy auth state: UNCHALLENGED
16:32:08.649 [pool-2-thread-16] DEBUG org.apache.http.headers -- http-outgoing-89 >> POST /auth/login HTTP/1.1
16:32:08.649 [pool-2-thread-1] DEBUG org.apache.http.headers -- http-outgoing-90 >> POST /auth/login HTTP/1.1
16:32:08.649 [pool-2-thread-1] DEBUG org.apache.http.headers -- http-outgoing-90 >> Content-Type: application/json; charset=UTF-8
16:32:08.649 [pool-2-thread-16] DEBUG org.apache.http.headers -- http-outgoing-89 >> Content-Type: application/json; charset=UTF-8
16:32:08.649 [pool-2-thread-1] DEBUG org.apache.http.headers -- http-outgoing-90 >> Content-Length: 54
16:32:08.649 [pool-2-thread-16] DEBUG org.apache.http.headers -- http-outgoing-89 >> Content-Length: 45
16:32:08.649 [pool-2-thread-1] DEBUG org.apache.http.headers -- http-outgoing-90 >> Host: localhost:3000
16:32:08.649 [pool-2-thread-16] DEBUG org.apache.http.headers -- http-outgoing-89 >> Host: localhost:3000
16:32:08.649 [pool-2-thread-1] DEBUG org.apache.http.headers -- http-outgoing-90 >> Connection: Keep-Alive
16:32:08.649 [pool-2-thread-16] DEBUG org.apache.http.headers -- http-outgoing-89 >> Connection: Keep-Alive
16:32:08.649 [pool-2-thread-1] DEBUG org.apache.http.headers -- http-outgoing-90 >> User-Agent: Apache-HttpClient/4.5.14 (Java/17.0.9)
16:32:08.649 [pool-2-thread-1] DEBUG org.apache.http.headers -- http-outgoing-90 >> Accept-Encoding: gzip,deflate
16:32:08.649 [pool-2-thread-16] DEBUG org.apache.http.headers -- http-outgoing-89 >> User-Agent: Apache-HttpClient/4.5.14 (Java/17.0.9)
16:32:08.649 [pool-2-thread-16] DEBUG org.apache.http.headers -- http-outgoing-89 >> Accept-Encoding: gzip,deflate
16:32:08.649 [pool-2-thread-1] DEBUG org.apache.http.wire -- http-outgoing-90 >> "POST /auth/login HTTP/1.1[\r][\n]"
16:32:08.649 [pool-2-thread-16] DEBUG org.apache.http.wire -- http-outgoing-89 >> "POST /auth/login HTTP/1.1[\r][\n]"
16:32:08.649 [pool-2-thread-1] DEBUG org.apache.http.wire -- http-outgoing-90 >> "Content-Type: application/json; charset=UTF-8[\r][\n]"
16:32:08.649 [pool-2-thread-16] DEBUG org.apache.http.wire -- http-outgoing-89 >> "Content-Type: application/json; charset=UTF-8[\r][\n]"
16:32:08.649 [pool-2-thread-16] DEBUG org.apache.http.wire -- http-outgoing-89 >> "Content-Length: 45[\r][\n]"
16:32:08.649 [pool-2-thread-1] DEBUG org.apache.http.wire -- http-outgoing-90 >> "Content-Length: 54[\r][\n]"
16:32:08.649 [pool-2-thread-16] DEBUG org.apache.http.wire -- http-outgoing-89 >> "Host: localhost:3000[\r][\n]"
16:32:08.649 [pool-2-thread-1] DEBUG org.apache.http.wire -- http-outgoing-90 >> "Host: localhost:3000[\r][\n]"
16:32:08.649 [pool-2-thread-16] DEBUG org.apache.http.wire -- http-outgoing-89 >> "Connection: Keep-Alive[\r][\n]"
16:32:08.649 [pool-2-thread-1] DEBUG org.apache.http.wire -- http-outgoing-90 >> "Connection: Keep-Alive[\r][\n]"
16:32:08.649 [pool-2-thread-16] DEBUG org.apache.http.wire -- http-outgoing-89 >> "User-Agent: Apache-HttpClient/4.5.14 (Java/17.0.9)[\r][\n]"
16:32:08.649 [pool-2-thread-16] DEBUG org.apache.http.wire -- http-outgoing-89 >> "Accept-Encoding: gzip,deflate[\r][\n]"
16:32:08.649 [pool-2-thread-16] DEBUG org.apache.http.wire -- http-outgoing-89 >> "[\r][\n]"
16:32:08.649 [pool-2-thread-1] DEBUG org.apache.http.wire -- http-outgoing-90 >> "User-Agent: Apache-HttpClient/4.5.14 (Java/17.0.9)[\r][\n]"
16:32:08.649 [pool-2-thread-16] DEBUG org.apache.http.wire -- http-outgoing-89 >> "{"email":"nam@gmail.com","password":"123456"}"
16:32:08.649 [pool-2-thread-1] DEBUG org.apache.http.wire -- http-outgoing-90 >> "Accept-Encoding: gzip,deflate[\r][\n]"
16:32:08.649 [pool-2-thread-1] DEBUG org.apache.http.wire -- http-outgoing-90 >> "[\r][\n]"
16:32:08.649 [pool-2-thread-1] DEBUG org.apache.http.wire -- http-outgoing-90 >> "{"email":"testit2@gmail.com","password":"Password123"}"
16:32:08.651 [pool-2-thread-5] DEBUG com.jayway.jsonpath.internal.path.CompiledPath -- Evaluating path: $
16:32:08.652 [pool-2-thread-5] INFO com.intuit.karate -- [print] *** 50-THREAD CONCURRENT API CALL for user: quang1@gmail.com *** 
16:32:08.655 [pool-2-thread-5] DEBUG org.apache.http.client.protocol.RequestAddCookies -- CookieSpec selected: karate
16:32:08.655 [pool-2-thread-5] DEBUG org.apache.http.client.protocol.RequestAuthCache -- Auth cache not set in the context
16:32:08.655 [pool-2-thread-5] DEBUG com.intuit.karate -- request:
1 > POST http://localhost:3000/auth/login
1 > Content-Type: application/json; charset=UTF-8
1 > Content-Length: 48
1 > Host: localhost:3000
1 > Connection: Keep-Alive
1 > User-Agent: Apache-HttpClient/4.5.14 (Java/17.0.9)
1 > Accept-Encoding: gzip,deflate
{"email":"quang1@gmail.com","password":"quang1"}

16:32:08.655 [pool-2-thread-5] DEBUG org.apache.http.impl.conn.PoolingHttpClientConnectionManager -- Connection request: [route: {}->http://localhost:3000][total available: 0; route allocated: 0 of 5; total allocated: 0 of 10]
16:32:08.655 [pool-2-thread-5] DEBUG org.apache.http.impl.conn.PoolingHttpClientConnectionManager -- Connection leased: [id: 91][route: {}->http://localhost:3000][total available: 0; route allocated: 1 of 5; total allocated: 1 of 10]
16:32:08.655 [pool-2-thread-5] DEBUG org.apache.http.impl.execchain.MainClientExec -- Opening connection {}->http://localhost:3000
16:32:08.655 [pool-2-thread-5] DEBUG org.apache.http.impl.conn.DefaultHttpClientConnectionOperator -- Connecting to localhost/127.0.0.1:3000
16:32:08.657 [pool-2-thread-5] DEBUG org.apache.http.impl.conn.DefaultHttpClientConnectionOperator -- Connection established 127.0.0.1:52261<->127.0.0.1:3000
16:32:08.657 [pool-2-thread-5] DEBUG org.apache.http.impl.conn.DefaultManagedHttpClientConnection -- http-outgoing-91: set socket timeout to 30000
16:32:08.657 [pool-2-thread-5] DEBUG org.apache.http.impl.execchain.MainClientExec -- Executing request POST /auth/login HTTP/1.1
16:32:08.657 [pool-2-thread-5] DEBUG org.apache.http.impl.execchain.MainClientExec -- Target auth state: UNCHALLENGED
16:32:08.657 [pool-2-thread-5] DEBUG org.apache.http.impl.execchain.MainClientExec -- Proxy auth state: UNCHALLENGED
16:32:08.657 [pool-2-thread-5] DEBUG org.apache.http.headers -- http-outgoing-91 >> POST /auth/login HTTP/1.1
16:32:08.657 [pool-2-thread-5] DEBUG org.apache.http.headers -- http-outgoing-91 >> Content-Type: application/json; charset=UTF-8
16:32:08.657 [pool-2-thread-5] DEBUG org.apache.http.headers -- http-outgoing-91 >> Content-Length: 48
16:32:08.657 [pool-2-thread-5] DEBUG org.apache.http.headers -- http-outgoing-91 >> Host: localhost:3000
16:32:08.657 [pool-2-thread-5] DEBUG org.apache.http.headers -- http-outgoing-91 >> Connection: Keep-Alive
16:32:08.657 [pool-2-thread-5] DEBUG org.apache.http.headers -- http-outgoing-91 >> User-Agent: Apache-HttpClient/4.5.14 (Java/17.0.9)
16:32:08.657 [pool-2-thread-5] DEBUG org.apache.http.headers -- http-outgoing-91 >> Accept-Encoding: gzip,deflate
16:32:08.657 [pool-2-thread-5] DEBUG org.apache.http.wire -- http-outgoing-91 >> "POST /auth/login HTTP/1.1[\r][\n]"
16:32:08.657 [pool-2-thread-5] DEBUG org.apache.http.wire -- http-outgoing-91 >> "Content-Type: application/json; charset=UTF-8[\r][\n]"
16:32:08.657 [pool-2-thread-5] DEBUG org.apache.http.wire -- http-outgoing-91 >> "Content-Length: 48[\r][\n]"
16:32:08.657 [pool-2-thread-5] DEBUG org.apache.http.wire -- http-outgoing-91 >> "Host: localhost:3000[\r][\n]"
16:32:08.657 [pool-2-thread-5] DEBUG org.apache.http.wire -- http-outgoing-91 >> "Connection: Keep-Alive[\r][\n]"
16:32:08.657 [pool-2-thread-5] DEBUG org.apache.http.wire -- http-outgoing-91 >> "User-Agent: Apache-HttpClient/4.5.14 (Java/17.0.9)[\r][\n]"
16:32:08.657 [pool-2-thread-5] DEBUG org.apache.http.wire -- http-outgoing-91 >> "Accept-Encoding: gzip,deflate[\r][\n]"
16:32:08.657 [pool-2-thread-5] DEBUG org.apache.http.wire -- http-outgoing-91 >> "[\r][\n]"
16:32:08.657 [pool-2-thread-5] DEBUG org.apache.http.wire -- http-outgoing-91 >> "{"email":"quang1@gmail.com","password":"quang1"}"
16:32:08.681 [pool-2-thread-50] DEBUG org.apache.http.wire -- http-outgoing-10 << "HTTP/1.1 200 OK[\r][\n]"
16:32:08.681 [pool-2-thread-50] DEBUG org.apache.http.wire -- http-outgoing-10 << "X-Powered-By: Express[\r][\n]"
16:32:08.681 [pool-2-thread-50] DEBUG org.apache.http.wire -- http-outgoing-10 << "Access-Control-Allow-Origin: *[\r][\n]"
16:32:08.681 [pool-2-thread-50] DEBUG org.apache.http.wire -- http-outgoing-10 << "Content-Type: application/json; charset=utf-8[\r][\n]"
16:32:08.681 [pool-2-thread-50] DEBUG org.apache.http.wire -- http-outgoing-10 << "Content-Length: 605[\r][\n]"
16:32:08.681 [pool-2-thread-50] DEBUG org.apache.http.wire -- http-outgoing-10 << "ETag: W/"25d-NVGMA5LeO99pu+zFB8XFIbyTPXI"[\r][\n]"
16:32:08.681 [pool-2-thread-50] DEBUG org.apache.http.wire -- http-outgoing-10 << "Date: Tue, 24 Jun 2025 09:32:08 GMT[\r][\n]"
16:32:08.681 [pool-2-thread-50] DEBUG org.apache.http.wire -- http-outgoing-10 << "Connection: keep-alive[\r][\n]"
16:32:08.681 [pool-2-thread-50] DEBUG org.apache.http.wire -- http-outgoing-10 << "Keep-Alive: timeout=5[\r][\n]"
16:32:08.681 [pool-2-thread-50] DEBUG org.apache.http.wire -- http-outgoing-10 << "[\r][\n]"
16:32:08.681 [pool-2-thread-50] DEBUG org.apache.http.wire -- http-outgoing-10 << "{"access_token":"eyJhbGciOiJIUzI1NiIsInR5cCI6IkpXVCJ9.eyJzdWIiOiIwYTM3ZWY0My1mZWU4LTQxZDMtYTY4Ni04YWIwODY5NDg2OTUiLCJ1c2VybmFtZSI6ImpvaG5kb2UyMSIsInJvbGUiOjAsImlhdCI6MTc1MDc1NzUyNywiZXhwIjoxNzUwNzYxMTI3fQ.tE0S6MTQ1gtlslIuyrTC--lAKXZeXDI3i6AFZWUN6-Y","refresh_token":"5af1709962ceee1e0dd780a885e09c7ee62c1f980a521cd8a6da2243a26fd6a6","user":{"id":"0a37ef43-fee8-41d3-a686-8ab086948695","email":"testit2@gmail.com","username":"johndoe21","name":"John Doe","phoneNumber":"0123456712","profilePic":null,"bio":null,"private":false,"verified":false,"role":0,"followersCount":0,"followingCount":0,"postCount":0}}"
16:32:08.682 [pool-2-thread-50] DEBUG org.apache.http.headers -- http-outgoing-10 << HTTP/1.1 200 OK
16:32:08.682 [pool-2-thread-50] DEBUG org.apache.http.headers -- http-outgoing-10 << X-Powered-By: Express
16:32:08.682 [pool-2-thread-50] DEBUG org.apache.http.headers -- http-outgoing-10 << Access-Control-Allow-Origin: *
16:32:08.682 [pool-2-thread-50] DEBUG org.apache.http.headers -- http-outgoing-10 << Content-Type: application/json; charset=utf-8
16:32:08.682 [pool-2-thread-50] DEBUG org.apache.http.headers -- http-outgoing-10 << Content-Length: 605
16:32:08.682 [pool-2-thread-50] DEBUG org.apache.http.headers -- http-outgoing-10 << ETag: W/"25d-NVGMA5LeO99pu+zFB8XFIbyTPXI"
16:32:08.682 [pool-2-thread-50] DEBUG org.apache.http.headers -- http-outgoing-10 << Date: Tue, 24 Jun 2025 09:32:08 GMT
16:32:08.682 [pool-2-thread-50] DEBUG org.apache.http.headers -- http-outgoing-10 << Connection: keep-alive
16:32:08.682 [pool-2-thread-50] DEBUG org.apache.http.headers -- http-outgoing-10 << Keep-Alive: timeout=5
16:32:08.682 [pool-2-thread-50] DEBUG org.apache.http.impl.execchain.MainClientExec -- Connection can be kept alive for 5000 MILLISECONDS
16:32:08.682 [pool-2-thread-50] DEBUG org.apache.http.impl.conn.PoolingHttpClientConnectionManager -- Connection [id: 9][route: {}->http://localhost:3000] can be kept alive for 5.0 seconds
16:32:08.682 [pool-2-thread-50] DEBUG org.apache.http.impl.conn.DefaultManagedHttpClientConnection -- http-outgoing-10: set socket timeout to 0
16:32:08.682 [pool-2-thread-50] DEBUG org.apache.http.impl.conn.PoolingHttpClientConnectionManager -- Connection released: [id: 9][route: {}->http://localhost:3000][total available: 1; route allocated: 1 of 5; total allocated: 1 of 10]
16:32:08.682 [pool-2-thread-50] DEBUG org.apache.http.impl.conn.PoolingHttpClientConnectionManager -- Connection manager is shutting down
16:32:08.682 [pool-2-thread-50] DEBUG org.apache.http.impl.conn.DefaultManagedHttpClientConnection -- http-outgoing-10: Close connection
16:32:08.682 [pool-2-thread-50] DEBUG org.apache.http.impl.conn.PoolingHttpClientConnectionManager -- Connection manager shut down
16:32:08.682 [pool-2-thread-50] DEBUG com.intuit.karate -- response time in milliseconds: 8178
1 < 200
1 < X-Powered-By: Express
1 < Access-Control-Allow-Origin: *
1 < Content-Type: application/json; charset=utf-8
1 < Content-Length: 605
1 < ETag: W/"25d-NVGMA5LeO99pu+zFB8XFIbyTPXI"
1 < Date: Tue, 24 Jun 2025 09:32:08 GMT
1 < Connection: keep-alive
1 < Keep-Alive: timeout=5
{"access_token":"eyJhbGciOiJIUzI1NiIsInR5cCI6IkpXVCJ9.eyJzdWIiOiIwYTM3ZWY0My1mZWU4LTQxZDMtYTY4Ni04YWIwODY5NDg2OTUiLCJ1c2VybmFtZSI6ImpvaG5kb2UyMSIsInJvbGUiOjAsImlhdCI6MTc1MDc1NzUyNywiZXhwIjoxNzUwNzYxMTI3fQ.tE0S6MTQ1gtlslIuyrTC--lAKXZeXDI3i6AFZWUN6-Y","refresh_token":"5af1709962ceee1e0dd780a885e09c7ee62c1f980a521cd8a6da2243a26fd6a6","user":{"id":"0a37ef43-fee8-41d3-a686-8ab086948695","email":"testit2@gmail.com","username":"johndoe21","name":"John Doe","phoneNumber":"0123456712","profilePic":null,"bio":null,"private":false,"verified":false,"role":0,"followersCount":0,"followingCount":0,"postCount":0}}

16:32:08.685 [pool-2-thread-50] INFO com.intuit.karate -- [print] 50-thread call completed, status: 200 
16:32:08.692 [pool-2-thread-50] DEBUG com.jayway.jsonpath.internal.path.CompiledPath -- Evaluating path: $
16:32:08.693 [pool-2-thread-50] INFO com.intuit.karate -- [print] *** 50-THREAD CONCURRENT API CALL for user: test@example.com *** 
16:32:08.698 [pool-2-thread-50] DEBUG org.apache.http.client.protocol.RequestAddCookies -- CookieSpec selected: karate
16:32:08.698 [pool-2-thread-50] DEBUG org.apache.http.client.protocol.RequestAuthCache -- Auth cache not set in the context
16:32:08.698 [pool-2-thread-50] DEBUG com.intuit.karate -- request:
1 > POST http://localhost:3000/auth/login
1 > Content-Type: application/json; charset=UTF-8
1 > Content-Length: 53
1 > Host: localhost:3000
1 > Connection: Keep-Alive
1 > User-Agent: Apache-HttpClient/4.5.14 (Java/17.0.9)
1 > Accept-Encoding: gzip,deflate
{"email":"test@example.com","password":"Password123"}

16:32:08.698 [pool-2-thread-50] DEBUG org.apache.http.impl.conn.PoolingHttpClientConnectionManager -- Connection request: [route: {}->http://localhost:3000][total available: 0; route allocated: 0 of 5; total allocated: 0 of 10]
16:32:08.699 [pool-2-thread-50] DEBUG org.apache.http.impl.conn.PoolingHttpClientConnectionManager -- Connection leased: [id: 92][route: {}->http://localhost:3000][total available: 0; route allocated: 1 of 5; total allocated: 1 of 10]
16:32:08.699 [pool-2-thread-50] DEBUG org.apache.http.impl.execchain.MainClientExec -- Opening connection {}->http://localhost:3000
16:32:08.699 [pool-2-thread-50] DEBUG org.apache.http.impl.conn.DefaultHttpClientConnectionOperator -- Connecting to localhost/127.0.0.1:3000
16:32:08.700 [pool-2-thread-50] DEBUG org.apache.http.impl.conn.DefaultHttpClientConnectionOperator -- Connection established 127.0.0.1:52262<->127.0.0.1:3000
16:32:08.700 [pool-2-thread-50] DEBUG org.apache.http.impl.conn.DefaultManagedHttpClientConnection -- http-outgoing-92: set socket timeout to 30000
16:32:08.700 [pool-2-thread-50] DEBUG org.apache.http.impl.execchain.MainClientExec -- Executing request POST /auth/login HTTP/1.1
16:32:08.700 [pool-2-thread-50] DEBUG org.apache.http.impl.execchain.MainClientExec -- Target auth state: UNCHALLENGED
16:32:08.700 [pool-2-thread-50] DEBUG org.apache.http.impl.execchain.MainClientExec -- Proxy auth state: UNCHALLENGED
16:32:08.700 [pool-2-thread-50] DEBUG org.apache.http.headers -- http-outgoing-92 >> POST /auth/login HTTP/1.1
16:32:08.700 [pool-2-thread-50] DEBUG org.apache.http.headers -- http-outgoing-92 >> Content-Type: application/json; charset=UTF-8
16:32:08.700 [pool-2-thread-50] DEBUG org.apache.http.headers -- http-outgoing-92 >> Content-Length: 53
16:32:08.700 [pool-2-thread-50] DEBUG org.apache.http.headers -- http-outgoing-92 >> Host: localhost:3000
16:32:08.700 [pool-2-thread-50] DEBUG org.apache.http.headers -- http-outgoing-92 >> Connection: Keep-Alive
16:32:08.700 [pool-2-thread-50] DEBUG org.apache.http.headers -- http-outgoing-92 >> User-Agent: Apache-HttpClient/4.5.14 (Java/17.0.9)
16:32:08.700 [pool-2-thread-50] DEBUG org.apache.http.headers -- http-outgoing-92 >> Accept-Encoding: gzip,deflate
16:32:08.700 [pool-2-thread-50] DEBUG org.apache.http.wire -- http-outgoing-92 >> "POST /auth/login HTTP/1.1[\r][\n]"
16:32:08.700 [pool-2-thread-50] DEBUG org.apache.http.wire -- http-outgoing-92 >> "Content-Type: application/json; charset=UTF-8[\r][\n]"
16:32:08.700 [pool-2-thread-50] DEBUG org.apache.http.wire -- http-outgoing-92 >> "Content-Length: 53[\r][\n]"
16:32:08.700 [pool-2-thread-50] DEBUG org.apache.http.wire -- http-outgoing-92 >> "Host: localhost:3000[\r][\n]"
16:32:08.700 [pool-2-thread-50] DEBUG org.apache.http.wire -- http-outgoing-92 >> "Connection: Keep-Alive[\r][\n]"
16:32:08.700 [pool-2-thread-50] DEBUG org.apache.http.wire -- http-outgoing-92 >> "User-Agent: Apache-HttpClient/4.5.14 (Java/17.0.9)[\r][\n]"
16:32:08.700 [pool-2-thread-50] DEBUG org.apache.http.wire -- http-outgoing-92 >> "Accept-Encoding: gzip,deflate[\r][\n]"
16:32:08.700 [pool-2-thread-50] DEBUG org.apache.http.wire -- http-outgoing-92 >> "[\r][\n]"
16:32:08.700 [pool-2-thread-50] DEBUG org.apache.http.wire -- http-outgoing-92 >> "{"email":"test@example.com","password":"Password123"}"
16:32:08.734 [pool-2-thread-39] DEBUG org.apache.http.wire -- http-outgoing-49 << "HTTP/1.1 200 OK[\r][\n]"
16:32:08.734 [pool-2-thread-39] DEBUG org.apache.http.wire -- http-outgoing-49 << "X-Powered-By: Express[\r][\n]"
16:32:08.734 [pool-2-thread-39] DEBUG org.apache.http.wire -- http-outgoing-49 << "Access-Control-Allow-Origin: *[\r][\n]"
16:32:08.734 [pool-2-thread-39] DEBUG org.apache.http.wire -- http-outgoing-49 << "Content-Type: application/json; charset=utf-8[\r][\n]"
16:32:08.734 [pool-2-thread-39] DEBUG org.apache.http.wire -- http-outgoing-49 << "Content-Length: 604[\r][\n]"
16:32:08.734 [pool-2-thread-39] DEBUG org.apache.http.wire -- http-outgoing-49 << "ETag: W/"25c-B1Jv/hSUmLW6aqfBRGYBcvq8Jgk"[\r][\n]"
16:32:08.734 [pool-2-thread-39] DEBUG org.apache.http.wire -- http-outgoing-49 << "Date: Tue, 24 Jun 2025 09:32:08 GMT[\r][\n]"
16:32:08.734 [pool-2-thread-39] DEBUG org.apache.http.wire -- http-outgoing-49 << "Connection: keep-alive[\r][\n]"
16:32:08.734 [pool-2-thread-39] DEBUG org.apache.http.wire -- http-outgoing-49 << "Keep-Alive: timeout=5[\r][\n]"
16:32:08.734 [pool-2-thread-39] DEBUG org.apache.http.wire -- http-outgoing-49 << "[\r][\n]"
16:32:08.734 [pool-2-thread-39] DEBUG org.apache.http.wire -- http-outgoing-49 << "{"access_token":"eyJhbGciOiJIUzI1NiIsInR5cCI6IkpXVCJ9.eyJzdWIiOiJkZjZmMDkxOS1hMjNkLTQ0YzktYTkyNS00ZWE4YmU1MjVkMTAiLCJ1c2VybmFtZSI6ImpvaG5kb2UyMyIsInJvbGUiOjAsImlhdCI6MTc1MDc1NzUyNywiZXhwIjoxNzUwNzYxMTI3fQ.8BDJuy76Rh-fHZxRtN3Da1WB1tuOIfGUNH94yCBBreY","refresh_token":"5acf729dd8aff0cea1f36d752603c03bcece03abae4feb3959995dfeba00933f","user":{"id":"df6f0919-a23d-44c9-a925-4ea8be525d10","email":"testit@gmail.com","username":"johndoe23","name":"John Doe","phoneNumber":"0123456788","profilePic":null,"bio":null,"private":false,"verified":false,"role":0,"followersCount":0,"followingCount":0,"postCount":0}}"
16:32:08.734 [pool-2-thread-39] DEBUG org.apache.http.headers -- http-outgoing-49 << HTTP/1.1 200 OK
16:32:08.734 [pool-2-thread-39] DEBUG org.apache.http.headers -- http-outgoing-49 << X-Powered-By: Express
16:32:08.734 [pool-2-thread-39] DEBUG org.apache.http.headers -- http-outgoing-49 << Access-Control-Allow-Origin: *
16:32:08.735 [pool-2-thread-39] DEBUG org.apache.http.headers -- http-outgoing-49 << Content-Type: application/json; charset=utf-8
16:32:08.735 [pool-2-thread-39] DEBUG org.apache.http.headers -- http-outgoing-49 << Content-Length: 604
16:32:08.735 [pool-2-thread-39] DEBUG org.apache.http.headers -- http-outgoing-49 << ETag: W/"25c-B1Jv/hSUmLW6aqfBRGYBcvq8Jgk"
16:32:08.735 [pool-2-thread-39] DEBUG org.apache.http.headers -- http-outgoing-49 << Date: Tue, 24 Jun 2025 09:32:08 GMT
16:32:08.735 [pool-2-thread-39] DEBUG org.apache.http.headers -- http-outgoing-49 << Connection: keep-alive
16:32:08.735 [pool-2-thread-39] DEBUG org.apache.http.headers -- http-outgoing-49 << Keep-Alive: timeout=5
16:32:08.735 [pool-2-thread-39] DEBUG org.apache.http.impl.execchain.MainClientExec -- Connection can be kept alive for 5000 MILLISECONDS
16:32:08.735 [pool-2-thread-39] DEBUG org.apache.http.impl.conn.PoolingHttpClientConnectionManager -- Connection [id: 20][route: {}->http://localhost:3000] can be kept alive for 5.0 seconds
16:32:08.735 [pool-2-thread-39] DEBUG org.apache.http.impl.conn.DefaultManagedHttpClientConnection -- http-outgoing-49: set socket timeout to 0
16:32:08.735 [pool-2-thread-39] DEBUG org.apache.http.impl.conn.PoolingHttpClientConnectionManager -- Connection released: [id: 20][route: {}->http://localhost:3000][total available: 1; route allocated: 1 of 5; total allocated: 1 of 10]
16:32:08.735 [pool-2-thread-39] DEBUG org.apache.http.impl.conn.PoolingHttpClientConnectionManager -- Connection manager is shutting down
16:32:08.735 [pool-2-thread-39] DEBUG org.apache.http.impl.conn.DefaultManagedHttpClientConnection -- http-outgoing-49: Close connection
16:32:08.735 [pool-2-thread-39] DEBUG org.apache.http.impl.conn.PoolingHttpClientConnectionManager -- Connection manager shut down
16:32:08.735 [pool-2-thread-39] DEBUG com.intuit.karate -- response time in milliseconds: 8230
1 < 200
1 < X-Powered-By: Express
1 < Access-Control-Allow-Origin: *
1 < Content-Type: application/json; charset=utf-8
1 < Content-Length: 604
1 < ETag: W/"25c-B1Jv/hSUmLW6aqfBRGYBcvq8Jgk"
1 < Date: Tue, 24 Jun 2025 09:32:08 GMT
1 < Connection: keep-alive
1 < Keep-Alive: timeout=5
{"access_token":"eyJhbGciOiJIUzI1NiIsInR5cCI6IkpXVCJ9.eyJzdWIiOiJkZjZmMDkxOS1hMjNkLTQ0YzktYTkyNS00ZWE4YmU1MjVkMTAiLCJ1c2VybmFtZSI6ImpvaG5kb2UyMyIsInJvbGUiOjAsImlhdCI6MTc1MDc1NzUyNywiZXhwIjoxNzUwNzYxMTI3fQ.8BDJuy76Rh-fHZxRtN3Da1WB1tuOIfGUNH94yCBBreY","refresh_token":"5acf729dd8aff0cea1f36d752603c03bcece03abae4feb3959995dfeba00933f","user":{"id":"df6f0919-a23d-44c9-a925-4ea8be525d10","email":"testit@gmail.com","username":"johndoe23","name":"John Doe","phoneNumber":"0123456788","profilePic":null,"bio":null,"private":false,"verified":false,"role":0,"followersCount":0,"followingCount":0,"postCount":0}}

16:32:08.737 [pool-2-thread-39] INFO com.intuit.karate -- [print] 50-thread call completed, status: 200 
16:32:08.740 [pool-2-thread-42] DEBUG org.apache.http.wire -- http-outgoing-44 << "HTTP/1.1 200 OK[\r][\n]"
16:32:08.740 [pool-2-thread-42] DEBUG org.apache.http.wire -- http-outgoing-44 << "X-Powered-By: Express[\r][\n]"
16:32:08.740 [pool-2-thread-42] DEBUG org.apache.http.wire -- http-outgoing-44 << "Access-Control-Allow-Origin: *[\r][\n]"
16:32:08.740 [pool-2-thread-42] DEBUG org.apache.http.wire -- http-outgoing-44 << "Content-Type: application/json; charset=utf-8[\r][\n]"
16:32:08.740 [pool-2-thread-42] DEBUG org.apache.http.wire -- http-outgoing-44 << "Content-Length: 715[\r][\n]"
16:32:08.740 [pool-2-thread-42] DEBUG org.apache.http.wire -- http-outgoing-44 << "ETag: W/"2cb-MWbPZO+GjeHHC3rsUr8Sjbl5j1o"[\r][\n]"
16:32:08.740 [pool-2-thread-42] DEBUG org.apache.http.wire -- http-outgoing-44 << "Date: Tue, 24 Jun 2025 09:32:08 GMT[\r][\n]"
16:32:08.740 [pool-2-thread-42] DEBUG org.apache.http.wire -- http-outgoing-44 << "Connection: keep-alive[\r][\n]"
16:32:08.740 [pool-2-thread-42] DEBUG org.apache.http.wire -- http-outgoing-44 << "Keep-Alive: timeout=5[\r][\n]"
16:32:08.740 [pool-2-thread-42] DEBUG org.apache.http.wire -- http-outgoing-44 << "[\r][\n]"
16:32:08.740 [pool-2-thread-42] DEBUG org.apache.http.wire -- http-outgoing-44 << "{"access_token":"eyJhbGciOiJIUzI1NiIsInR5cCI6IkpXVCJ9.eyJzdWIiOiIyYjg0YWEyNC02NjhhLTQwZTItYWYxYy1hZDRmYzRmYTVhNmYiLCJ1c2VybmFtZSI6InF1YW5nMSIsInJvbGUiOjAsImlhdCI6MTc1MDc1NzUyNywiZXhwIjoxNzUwNzYxMTI3fQ.6bkrCbKMEI_Z_Zd-W0fG_U242TfBqUnDrI_JTHFWvAU","refresh_token":"d90fd2cd9c349e48680b572100a387386dad739ac3c5135419ae49a490b062ab","user":{"id":"2b84aa24-668a-40e2-af1c-ad4fc4fa5a6f","email":"quang1@gmail.com","username":"quang1","name":"quang1","phoneNumber":"09874563210","profilePic":"https://res.cloudinary.com/dizcvrefo/image/upload/v1749027586/nestjs_uploads/xehairydt9rzlbmbmv4c.jpg","bio":"Thang Nam Lao Vua Thoi","private":false,"verified":false,"role":0,"followersCount":2,"followingCount":3,"postCount":2}}"
16:32:08.740 [pool-2-thread-42] DEBUG org.apache.http.headers -- http-outgoing-44 << HTTP/1.1 200 OK
16:32:08.740 [pool-2-thread-42] DEBUG org.apache.http.headers -- http-outgoing-44 << X-Powered-By: Express
16:32:08.740 [pool-2-thread-42] DEBUG org.apache.http.headers -- http-outgoing-44 << Access-Control-Allow-Origin: *
16:32:08.740 [pool-2-thread-42] DEBUG org.apache.http.headers -- http-outgoing-44 << Content-Type: application/json; charset=utf-8
16:32:08.740 [pool-2-thread-42] DEBUG org.apache.http.headers -- http-outgoing-44 << Content-Length: 715
16:32:08.740 [pool-2-thread-42] DEBUG org.apache.http.headers -- http-outgoing-44 << ETag: W/"2cb-MWbPZO+GjeHHC3rsUr8Sjbl5j1o"
16:32:08.740 [pool-2-thread-42] DEBUG org.apache.http.headers -- http-outgoing-44 << Date: Tue, 24 Jun 2025 09:32:08 GMT
16:32:08.740 [pool-2-thread-42] DEBUG org.apache.http.headers -- http-outgoing-44 << Connection: keep-alive
16:32:08.740 [pool-2-thread-42] DEBUG org.apache.http.headers -- http-outgoing-44 << Keep-Alive: timeout=5
16:32:08.741 [pool-2-thread-42] DEBUG org.apache.http.impl.execchain.MainClientExec -- Connection can be kept alive for 5000 MILLISECONDS
16:32:08.741 [pool-2-thread-42] DEBUG org.apache.http.impl.conn.PoolingHttpClientConnectionManager -- Connection [id: 15][route: {}->http://localhost:3000] can be kept alive for 5.0 seconds
16:32:08.741 [pool-2-thread-42] DEBUG org.apache.http.impl.conn.DefaultManagedHttpClientConnection -- http-outgoing-44: set socket timeout to 0
16:32:08.741 [pool-2-thread-42] DEBUG org.apache.http.impl.conn.PoolingHttpClientConnectionManager -- Connection released: [id: 15][route: {}->http://localhost:3000][total available: 1; route allocated: 1 of 5; total allocated: 1 of 10]
16:32:08.741 [pool-2-thread-42] DEBUG org.apache.http.impl.conn.PoolingHttpClientConnectionManager -- Connection manager is shutting down
16:32:08.741 [pool-2-thread-42] DEBUG org.apache.http.impl.conn.DefaultManagedHttpClientConnection -- http-outgoing-44: Close connection
16:32:08.741 [pool-2-thread-42] DEBUG org.apache.http.impl.conn.PoolingHttpClientConnectionManager -- Connection manager shut down
16:32:08.741 [pool-2-thread-42] DEBUG com.intuit.karate -- response time in milliseconds: 8239
1 < 200
1 < X-Powered-By: Express
1 < Access-Control-Allow-Origin: *
1 < Content-Type: application/json; charset=utf-8
1 < Content-Length: 715
1 < ETag: W/"2cb-MWbPZO+GjeHHC3rsUr8Sjbl5j1o"
1 < Date: Tue, 24 Jun 2025 09:32:08 GMT
1 < Connection: keep-alive
1 < Keep-Alive: timeout=5
{"access_token":"eyJhbGciOiJIUzI1NiIsInR5cCI6IkpXVCJ9.eyJzdWIiOiIyYjg0YWEyNC02NjhhLTQwZTItYWYxYy1hZDRmYzRmYTVhNmYiLCJ1c2VybmFtZSI6InF1YW5nMSIsInJvbGUiOjAsImlhdCI6MTc1MDc1NzUyNywiZXhwIjoxNzUwNzYxMTI3fQ.6bkrCbKMEI_Z_Zd-W0fG_U242TfBqUnDrI_JTHFWvAU","refresh_token":"d90fd2cd9c349e48680b572100a387386dad739ac3c5135419ae49a490b062ab","user":{"id":"2b84aa24-668a-40e2-af1c-ad4fc4fa5a6f","email":"quang1@gmail.com","username":"quang1","name":"quang1","phoneNumber":"09874563210","profilePic":"https://res.cloudinary.com/dizcvrefo/image/upload/v1749027586/nestjs_uploads/xehairydt9rzlbmbmv4c.jpg","bio":"Thang Nam Lao Vua Thoi","private":false,"verified":false,"role":0,"followersCount":2,"followingCount":3,"postCount":2}}

16:32:08.742 [pool-2-thread-39] DEBUG com.jayway.jsonpath.internal.path.CompiledPath -- Evaluating path: $
16:32:08.742 [pool-2-thread-42] INFO com.intuit.karate -- [print] 50-thread call completed, status: 200 
16:32:08.742 [pool-2-thread-39] INFO com.intuit.karate -- [print] *** 50-THREAD CONCURRENT API CALL for user: test2@example.com *** 
16:32:08.744 [pool-2-thread-39] DEBUG org.apache.http.client.protocol.RequestAddCookies -- CookieSpec selected: karate
16:32:08.744 [pool-2-thread-39] DEBUG org.apache.http.client.protocol.RequestAuthCache -- Auth cache not set in the context
16:32:08.745 [pool-2-thread-39] DEBUG com.intuit.karate -- request:
1 > POST http://localhost:3000/auth/login
1 > Content-Type: application/json; charset=UTF-8
1 > Content-Length: 54
1 > Host: localhost:3000
1 > Connection: Keep-Alive
1 > User-Agent: Apache-HttpClient/4.5.14 (Java/17.0.9)
1 > Accept-Encoding: gzip,deflate
{"email":"test2@example.com","password":"Password123"}

16:32:08.745 [pool-2-thread-39] DEBUG org.apache.http.impl.conn.PoolingHttpClientConnectionManager -- Connection request: [route: {}->http://localhost:3000][total available: 0; route allocated: 0 of 5; total allocated: 0 of 10]
16:32:08.745 [pool-2-thread-39] DEBUG org.apache.http.impl.conn.PoolingHttpClientConnectionManager -- Connection leased: [id: 93][route: {}->http://localhost:3000][total available: 0; route allocated: 1 of 5; total allocated: 1 of 10]
16:32:08.745 [pool-2-thread-39] DEBUG org.apache.http.impl.execchain.MainClientExec -- Opening connection {}->http://localhost:3000
16:32:08.745 [pool-2-thread-39] DEBUG org.apache.http.impl.conn.DefaultHttpClientConnectionOperator -- Connecting to localhost/127.0.0.1:3000
16:32:08.745 [pool-2-thread-42] DEBUG com.jayway.jsonpath.internal.path.CompiledPath -- Evaluating path: $
16:32:08.745 [pool-2-thread-39] DEBUG org.apache.http.impl.conn.DefaultHttpClientConnectionOperator -- Connection established 127.0.0.1:52263<->127.0.0.1:3000
16:32:08.745 [pool-2-thread-39] DEBUG org.apache.http.impl.conn.DefaultManagedHttpClientConnection -- http-outgoing-93: set socket timeout to 30000
16:32:08.745 [pool-2-thread-39] DEBUG org.apache.http.impl.execchain.MainClientExec -- Executing request POST /auth/login HTTP/1.1
16:32:08.745 [pool-2-thread-39] DEBUG org.apache.http.impl.execchain.MainClientExec -- Target auth state: UNCHALLENGED
16:32:08.745 [pool-2-thread-39] DEBUG org.apache.http.impl.execchain.MainClientExec -- Proxy auth state: UNCHALLENGED
16:32:08.745 [pool-2-thread-39] DEBUG org.apache.http.headers -- http-outgoing-93 >> POST /auth/login HTTP/1.1
16:32:08.745 [pool-2-thread-39] DEBUG org.apache.http.headers -- http-outgoing-93 >> Content-Type: application/json; charset=UTF-8
16:32:08.745 [pool-2-thread-39] DEBUG org.apache.http.headers -- http-outgoing-93 >> Content-Length: 54
16:32:08.745 [pool-2-thread-39] DEBUG org.apache.http.headers -- http-outgoing-93 >> Host: localhost:3000
16:32:08.745 [pool-2-thread-39] DEBUG org.apache.http.headers -- http-outgoing-93 >> Connection: Keep-Alive
16:32:08.745 [pool-2-thread-39] DEBUG org.apache.http.headers -- http-outgoing-93 >> User-Agent: Apache-HttpClient/4.5.14 (Java/17.0.9)
16:32:08.745 [pool-2-thread-39] DEBUG org.apache.http.headers -- http-outgoing-93 >> Accept-Encoding: gzip,deflate
16:32:08.746 [pool-2-thread-39] DEBUG org.apache.http.wire -- http-outgoing-93 >> "POST /auth/login HTTP/1.1[\r][\n]"
16:32:08.746 [pool-2-thread-39] DEBUG org.apache.http.wire -- http-outgoing-93 >> "Content-Type: application/json; charset=UTF-8[\r][\n]"
16:32:08.746 [pool-2-thread-39] DEBUG org.apache.http.wire -- http-outgoing-93 >> "Content-Length: 54[\r][\n]"
16:32:08.746 [pool-2-thread-39] DEBUG org.apache.http.wire -- http-outgoing-93 >> "Host: localhost:3000[\r][\n]"
16:32:08.746 [pool-2-thread-39] DEBUG org.apache.http.wire -- http-outgoing-93 >> "Connection: Keep-Alive[\r][\n]"
16:32:08.746 [pool-2-thread-39] DEBUG org.apache.http.wire -- http-outgoing-93 >> "User-Agent: Apache-HttpClient/4.5.14 (Java/17.0.9)[\r][\n]"
16:32:08.746 [pool-2-thread-39] DEBUG org.apache.http.wire -- http-outgoing-93 >> "Accept-Encoding: gzip,deflate[\r][\n]"
16:32:08.746 [pool-2-thread-39] DEBUG org.apache.http.wire -- http-outgoing-93 >> "[\r][\n]"
16:32:08.746 [pool-2-thread-39] DEBUG org.apache.http.wire -- http-outgoing-93 >> "{"email":"test2@example.com","password":"Password123"}"
16:32:08.747 [pool-2-thread-42] INFO com.intuit.karate -- [print] *** 50-THREAD CONCURRENT API CALL for user: test28@example.com *** 
16:32:08.750 [pool-2-thread-42] DEBUG org.apache.http.client.protocol.RequestAddCookies -- CookieSpec selected: karate
16:32:08.750 [pool-2-thread-42] DEBUG org.apache.http.client.protocol.RequestAuthCache -- Auth cache not set in the context
16:32:08.750 [pool-2-thread-42] DEBUG com.intuit.karate -- request:
1 > POST http://localhost:3000/auth/login
1 > Content-Type: application/json; charset=UTF-8
1 > Content-Length: 55
1 > Host: localhost:3000
1 > Connection: Keep-Alive
1 > User-Agent: Apache-HttpClient/4.5.14 (Java/17.0.9)
1 > Accept-Encoding: gzip,deflate
{"email":"test28@example.com","password":"Password123"}

16:32:08.750 [pool-2-thread-42] DEBUG org.apache.http.impl.conn.PoolingHttpClientConnectionManager -- Connection request: [route: {}->http://localhost:3000][total available: 0; route allocated: 0 of 5; total allocated: 0 of 10]
16:32:08.750 [pool-2-thread-42] DEBUG org.apache.http.impl.conn.PoolingHttpClientConnectionManager -- Connection leased: [id: 94][route: {}->http://localhost:3000][total available: 0; route allocated: 1 of 5; total allocated: 1 of 10]
16:32:08.750 [pool-2-thread-42] DEBUG org.apache.http.impl.execchain.MainClientExec -- Opening connection {}->http://localhost:3000
16:32:08.750 [pool-2-thread-42] DEBUG org.apache.http.impl.conn.DefaultHttpClientConnectionOperator -- Connecting to localhost/127.0.0.1:3000
16:32:08.751 [pool-2-thread-42] DEBUG org.apache.http.impl.conn.DefaultHttpClientConnectionOperator -- Connection established 127.0.0.1:52264<->127.0.0.1:3000
16:32:08.751 [pool-2-thread-42] DEBUG org.apache.http.impl.conn.DefaultManagedHttpClientConnection -- http-outgoing-94: set socket timeout to 30000
16:32:08.751 [pool-2-thread-42] DEBUG org.apache.http.impl.execchain.MainClientExec -- Executing request POST /auth/login HTTP/1.1
16:32:08.751 [pool-2-thread-42] DEBUG org.apache.http.impl.execchain.MainClientExec -- Target auth state: UNCHALLENGED
16:32:08.751 [pool-2-thread-42] DEBUG org.apache.http.impl.execchain.MainClientExec -- Proxy auth state: UNCHALLENGED
16:32:08.751 [pool-2-thread-42] DEBUG org.apache.http.headers -- http-outgoing-94 >> POST /auth/login HTTP/1.1
16:32:08.751 [pool-2-thread-42] DEBUG org.apache.http.headers -- http-outgoing-94 >> Content-Type: application/json; charset=UTF-8
16:32:08.751 [pool-2-thread-42] DEBUG org.apache.http.headers -- http-outgoing-94 >> Content-Length: 55
16:32:08.751 [pool-2-thread-42] DEBUG org.apache.http.headers -- http-outgoing-94 >> Host: localhost:3000
16:32:08.751 [pool-2-thread-42] DEBUG org.apache.http.headers -- http-outgoing-94 >> Connection: Keep-Alive
16:32:08.751 [pool-2-thread-42] DEBUG org.apache.http.headers -- http-outgoing-94 >> User-Agent: Apache-HttpClient/4.5.14 (Java/17.0.9)
16:32:08.751 [pool-2-thread-42] DEBUG org.apache.http.headers -- http-outgoing-94 >> Accept-Encoding: gzip,deflate
16:32:08.751 [pool-2-thread-42] DEBUG org.apache.http.wire -- http-outgoing-94 >> "POST /auth/login HTTP/1.1[\r][\n]"
16:32:08.751 [pool-2-thread-42] DEBUG org.apache.http.wire -- http-outgoing-94 >> "Content-Type: application/json; charset=UTF-8[\r][\n]"
16:32:08.751 [pool-2-thread-42] DEBUG org.apache.http.wire -- http-outgoing-94 >> "Content-Length: 55[\r][\n]"
16:32:08.751 [pool-2-thread-42] DEBUG org.apache.http.wire -- http-outgoing-94 >> "Host: localhost:3000[\r][\n]"
16:32:08.751 [pool-2-thread-42] DEBUG org.apache.http.wire -- http-outgoing-94 >> "Connection: Keep-Alive[\r][\n]"
16:32:08.751 [pool-2-thread-42] DEBUG org.apache.http.wire -- http-outgoing-94 >> "User-Agent: Apache-HttpClient/4.5.14 (Java/17.0.9)[\r][\n]"
16:32:08.751 [pool-2-thread-42] DEBUG org.apache.http.wire -- http-outgoing-94 >> "Accept-Encoding: gzip,deflate[\r][\n]"
16:32:08.751 [pool-2-thread-42] DEBUG org.apache.http.wire -- http-outgoing-94 >> "[\r][\n]"
16:32:08.751 [pool-2-thread-42] DEBUG org.apache.http.wire -- http-outgoing-94 >> "{"email":"test28@example.com","password":"Password123"}"
16:32:08.770 [pool-2-thread-11] DEBUG org.apache.http.wire -- http-outgoing-67 << "HTTP/1.1 200 OK[\r][\n]"
16:32:08.770 [pool-2-thread-11] DEBUG org.apache.http.wire -- http-outgoing-67 << "X-Powered-By: Express[\r][\n]"
16:32:08.770 [pool-2-thread-11] DEBUG org.apache.http.wire -- http-outgoing-67 << "Access-Control-Allow-Origin: *[\r][\n]"
16:32:08.770 [pool-2-thread-11] DEBUG org.apache.http.wire -- http-outgoing-67 << "Content-Type: application/json; charset=utf-8[\r][\n]"
16:32:08.770 [pool-2-thread-11] DEBUG org.apache.http.wire -- http-outgoing-67 << "Content-Length: 609[\r][\n]"
16:32:08.770 [pool-2-thread-11] DEBUG org.apache.http.wire -- http-outgoing-67 << "ETag: W/"261-kHNfiJpKCQCszIriV2Osud5davE"[\r][\n]"
16:32:08.770 [pool-2-thread-11] DEBUG org.apache.http.wire -- http-outgoing-67 << "Date: Tue, 24 Jun 2025 09:32:08 GMT[\r][\n]"
16:32:08.770 [pool-2-thread-11] DEBUG org.apache.http.wire -- http-outgoing-67 << "Connection: keep-alive[\r][\n]"
16:32:08.770 [pool-2-thread-11] DEBUG org.apache.http.wire -- http-outgoing-67 << "Keep-Alive: timeout=5[\r][\n]"
16:32:08.770 [pool-2-thread-11] DEBUG org.apache.http.wire -- http-outgoing-67 << "[\r][\n]"
16:32:08.770 [pool-2-thread-11] DEBUG org.apache.http.wire -- http-outgoing-67 << "{"access_token":"eyJhbGciOiJIUzI1NiIsInR5cCI6IkpXVCJ9.eyJzdWIiOiIyNzJmNmI1NS01MTc5LTRhZTMtODU2My1iNGVjMTBmNzY3MTUiLCJ1c2VybmFtZSI6ImpvaG5kb2UyZDVkIiwicm9sZSI6MCwiaWF0IjoxNzUwNzU3NTI3LCJleHAiOjE3NTA3NjExMjd9.sOI-M9Uq8oCZ0Dj_enUyOO3e9W0oerOrODLFG1bxe10","refresh_token":"01891a7d120cdef0f1b6b44940a60eaaba12709fa7d7d95aed817de28f97c5e8","user":{"id":"272f6b55-5179-4ae3-8563-b4ec10f76715","email":"testit5@gmail.com","username":"johndoe2d5d","name":"John Doe","phoneNumber":"0123456132","profilePic":null,"bio":null,"private":false,"verified":false,"role":0,"followersCount":0,"followingCount":0,"postCount":0}}"
16:32:08.771 [pool-2-thread-11] DEBUG org.apache.http.headers -- http-outgoing-67 << HTTP/1.1 200 OK
16:32:08.771 [pool-2-thread-11] DEBUG org.apache.http.headers -- http-outgoing-67 << X-Powered-By: Express
16:32:08.771 [pool-2-thread-11] DEBUG org.apache.http.headers -- http-outgoing-67 << Access-Control-Allow-Origin: *
16:32:08.771 [pool-2-thread-11] DEBUG org.apache.http.headers -- http-outgoing-67 << Content-Type: application/json; charset=utf-8
16:32:08.771 [pool-2-thread-11] DEBUG org.apache.http.headers -- http-outgoing-67 << Content-Length: 609
16:32:08.771 [pool-2-thread-11] DEBUG org.apache.http.headers -- http-outgoing-67 << ETag: W/"261-kHNfiJpKCQCszIriV2Osud5davE"
16:32:08.771 [pool-2-thread-11] DEBUG org.apache.http.headers -- http-outgoing-67 << Date: Tue, 24 Jun 2025 09:32:08 GMT
16:32:08.771 [pool-2-thread-11] DEBUG org.apache.http.headers -- http-outgoing-67 << Connection: keep-alive
16:32:08.771 [pool-2-thread-11] DEBUG org.apache.http.headers -- http-outgoing-67 << Keep-Alive: timeout=5
16:32:08.771 [pool-2-thread-11] DEBUG org.apache.http.impl.execchain.MainClientExec -- Connection can be kept alive for 5000 MILLISECONDS
16:32:08.771 [pool-2-thread-11] DEBUG org.apache.http.impl.conn.PoolingHttpClientConnectionManager -- Connection [id: 67][route: {}->http://localhost:3000] can be kept alive for 5.0 seconds
16:32:08.771 [pool-2-thread-11] DEBUG org.apache.http.impl.conn.DefaultManagedHttpClientConnection -- http-outgoing-67: set socket timeout to 0
16:32:08.771 [pool-2-thread-11] DEBUG org.apache.http.impl.conn.PoolingHttpClientConnectionManager -- Connection released: [id: 67][route: {}->http://localhost:3000][total available: 1; route allocated: 1 of 5; total allocated: 1 of 10]
16:32:08.771 [pool-2-thread-11] DEBUG org.apache.http.impl.conn.PoolingHttpClientConnectionManager -- Connection manager is shutting down
16:32:08.771 [pool-2-thread-11] DEBUG org.apache.http.impl.conn.DefaultManagedHttpClientConnection -- http-outgoing-67: Close connection
16:32:08.771 [pool-2-thread-11] DEBUG org.apache.http.impl.conn.PoolingHttpClientConnectionManager -- Connection manager shut down
16:32:08.771 [pool-2-thread-11] DEBUG com.intuit.karate -- response time in milliseconds: 3946
1 < 200
1 < X-Powered-By: Express
1 < Access-Control-Allow-Origin: *
1 < Content-Type: application/json; charset=utf-8
1 < Content-Length: 609
1 < ETag: W/"261-kHNfiJpKCQCszIriV2Osud5davE"
1 < Date: Tue, 24 Jun 2025 09:32:08 GMT
1 < Connection: keep-alive
1 < Keep-Alive: timeout=5
{"access_token":"eyJhbGciOiJIUzI1NiIsInR5cCI6IkpXVCJ9.eyJzdWIiOiIyNzJmNmI1NS01MTc5LTRhZTMtODU2My1iNGVjMTBmNzY3MTUiLCJ1c2VybmFtZSI6ImpvaG5kb2UyZDVkIiwicm9sZSI6MCwiaWF0IjoxNzUwNzU3NTI3LCJleHAiOjE3NTA3NjExMjd9.sOI-M9Uq8oCZ0Dj_enUyOO3e9W0oerOrODLFG1bxe10","refresh_token":"01891a7d120cdef0f1b6b44940a60eaaba12709fa7d7d95aed817de28f97c5e8","user":{"id":"272f6b55-5179-4ae3-8563-b4ec10f76715","email":"testit5@gmail.com","username":"johndoe2d5d","name":"John Doe","phoneNumber":"0123456132","profilePic":null,"bio":null,"private":false,"verified":false,"role":0,"followersCount":0,"followingCount":0,"postCount":0}}

16:32:08.773 [pool-2-thread-11] INFO com.intuit.karate -- [print] 50-thread call completed, status: 200 
16:32:08.777 [pool-2-thread-11] DEBUG com.jayway.jsonpath.internal.path.CompiledPath -- Evaluating path: $
16:32:08.777 [pool-2-thread-11] INFO com.intuit.karate -- [print] *** 50-THREAD CONCURRENT API CALL for user: testit4@gmail.com *** 
16:32:08.778 [pool-2-thread-11] DEBUG org.apache.http.client.protocol.RequestAddCookies -- CookieSpec selected: karate
16:32:08.778 [pool-2-thread-11] DEBUG org.apache.http.client.protocol.RequestAuthCache -- Auth cache not set in the context
16:32:08.778 [pool-2-thread-11] DEBUG com.intuit.karate -- request:
1 > POST http://localhost:3000/auth/login
1 > Content-Type: application/json; charset=UTF-8
1 > Content-Length: 54
1 > Host: localhost:3000
1 > Connection: Keep-Alive
1 > User-Agent: Apache-HttpClient/4.5.14 (Java/17.0.9)
1 > Accept-Encoding: gzip,deflate
{"email":"testit4@gmail.com","password":"Password123"}

16:32:08.778 [pool-2-thread-11] DEBUG org.apache.http.impl.conn.PoolingHttpClientConnectionManager -- Connection request: [route: {}->http://localhost:3000][total available: 0; route allocated: 0 of 5; total allocated: 0 of 10]
16:32:08.778 [pool-2-thread-11] DEBUG org.apache.http.impl.conn.PoolingHttpClientConnectionManager -- Connection leased: [id: 95][route: {}->http://localhost:3000][total available: 0; route allocated: 1 of 5; total allocated: 1 of 10]
16:32:08.778 [pool-2-thread-11] DEBUG org.apache.http.impl.execchain.MainClientExec -- Opening connection {}->http://localhost:3000
16:32:08.778 [pool-2-thread-11] DEBUG org.apache.http.impl.conn.DefaultHttpClientConnectionOperator -- Connecting to localhost/127.0.0.1:3000
16:32:08.780 [pool-2-thread-11] DEBUG org.apache.http.impl.conn.DefaultHttpClientConnectionOperator -- Connection established 127.0.0.1:52265<->127.0.0.1:3000
16:32:08.780 [pool-2-thread-11] DEBUG org.apache.http.impl.conn.DefaultManagedHttpClientConnection -- http-outgoing-95: set socket timeout to 30000
16:32:08.780 [pool-2-thread-11] DEBUG org.apache.http.impl.execchain.MainClientExec -- Executing request POST /auth/login HTTP/1.1
16:32:08.780 [pool-2-thread-11] DEBUG org.apache.http.impl.execchain.MainClientExec -- Target auth state: UNCHALLENGED
16:32:08.780 [pool-2-thread-11] DEBUG org.apache.http.impl.execchain.MainClientExec -- Proxy auth state: UNCHALLENGED
16:32:08.780 [pool-2-thread-11] DEBUG org.apache.http.headers -- http-outgoing-95 >> POST /auth/login HTTP/1.1
16:32:08.780 [pool-2-thread-11] DEBUG org.apache.http.headers -- http-outgoing-95 >> Content-Type: application/json; charset=UTF-8
16:32:08.780 [pool-2-thread-11] DEBUG org.apache.http.headers -- http-outgoing-95 >> Content-Length: 54
16:32:08.780 [pool-2-thread-11] DEBUG org.apache.http.headers -- http-outgoing-95 >> Host: localhost:3000
16:32:08.780 [pool-2-thread-11] DEBUG org.apache.http.headers -- http-outgoing-95 >> Connection: Keep-Alive
16:32:08.780 [pool-2-thread-11] DEBUG org.apache.http.headers -- http-outgoing-95 >> User-Agent: Apache-HttpClient/4.5.14 (Java/17.0.9)
16:32:08.780 [pool-2-thread-11] DEBUG org.apache.http.headers -- http-outgoing-95 >> Accept-Encoding: gzip,deflate
16:32:08.780 [pool-2-thread-11] DEBUG org.apache.http.wire -- http-outgoing-95 >> "POST /auth/login HTTP/1.1[\r][\n]"
16:32:08.780 [pool-2-thread-11] DEBUG org.apache.http.wire -- http-outgoing-95 >> "Content-Type: application/json; charset=UTF-8[\r][\n]"
16:32:08.780 [pool-2-thread-11] DEBUG org.apache.http.wire -- http-outgoing-95 >> "Content-Length: 54[\r][\n]"
16:32:08.780 [pool-2-thread-11] DEBUG org.apache.http.wire -- http-outgoing-95 >> "Host: localhost:3000[\r][\n]"
16:32:08.780 [pool-2-thread-11] DEBUG org.apache.http.wire -- http-outgoing-95 >> "Connection: Keep-Alive[\r][\n]"
16:32:08.780 [pool-2-thread-11] DEBUG org.apache.http.wire -- http-outgoing-95 >> "User-Agent: Apache-HttpClient/4.5.14 (Java/17.0.9)[\r][\n]"
16:32:08.780 [pool-2-thread-11] DEBUG org.apache.http.wire -- http-outgoing-95 >> "Accept-Encoding: gzip,deflate[\r][\n]"
16:32:08.780 [pool-2-thread-11] DEBUG org.apache.http.wire -- http-outgoing-95 >> "[\r][\n]"
16:32:08.780 [pool-2-thread-11] DEBUG org.apache.http.wire -- http-outgoing-95 >> "{"email":"testit4@gmail.com","password":"Password123"}"
16:32:09.765 [pool-2-thread-7] DEBUG org.apache.http.wire -- http-outgoing-5 << "HTTP/1.1 200 OK[\r][\n]"
16:32:09.765 [pool-2-thread-7] DEBUG org.apache.http.wire -- http-outgoing-5 << "X-Powered-By: Express[\r][\n]"
16:32:09.765 [pool-2-thread-7] DEBUG org.apache.http.wire -- http-outgoing-5 << "Access-Control-Allow-Origin: *[\r][\n]"
16:32:09.765 [pool-2-thread-7] DEBUG org.apache.http.wire -- http-outgoing-5 << "Content-Type: application/json; charset=utf-8[\r][\n]"
16:32:09.765 [pool-2-thread-7] DEBUG org.apache.http.wire -- http-outgoing-5 << "Content-Length: 605[\r][\n]"
16:32:09.765 [pool-2-thread-7] DEBUG org.apache.http.wire -- http-outgoing-5 << "ETag: W/"25d-uyGdQxdXqnp3POQQ+teLSpVMttk"[\r][\n]"
16:32:09.765 [pool-2-thread-7] DEBUG org.apache.http.wire -- http-outgoing-5 << "Date: Tue, 24 Jun 2025 09:32:09 GMT[\r][\n]"
16:32:09.765 [pool-2-thread-7] DEBUG org.apache.http.wire -- http-outgoing-5 << "Connection: keep-alive[\r][\n]"
16:32:09.765 [pool-2-thread-7] DEBUG org.apache.http.wire -- http-outgoing-5 << "Keep-Alive: timeout=5[\r][\n]"
16:32:09.765 [pool-2-thread-7] DEBUG org.apache.http.wire -- http-outgoing-5 << "[\r][\n]"
16:32:09.766 [pool-2-thread-7] DEBUG org.apache.http.wire -- http-outgoing-5 << "{"access_token":"eyJhbGciOiJIUzI1NiIsInR5cCI6IkpXVCJ9.eyJzdWIiOiI2NTBjZTFlZC1hYWNhLTQzOGYtOTk4OC0xZjA1OGFiNWFhMWEiLCJ1c2VybmFtZSI6ImpvaG5kb2UyNSIsInJvbGUiOjAsImlhdCI6MTc1MDc1NzUyOCwiZXhwIjoxNzUwNzYxMTI4fQ.vZeZ_quNfkKKgaQQveZypLGetE8yYWaBx-bV4uw0RZk","refresh_token":"983b1938a93ebfa2b0f26ba4ed6ced8863492c178b4747cd65ec7900bad4c852","user":{"id":"650ce1ed-aaca-438f-9988-1f058ab5aa1a","email":"testit3@gmail.com","username":"johndoe25","name":"John Doe","phoneNumber":"0123456713","profilePic":null,"bio":null,"private":false,"verified":false,"role":0,"followersCount":0,"followingCount":0,"postCount":0}}"
16:32:09.766 [pool-2-thread-7] DEBUG org.apache.http.headers -- http-outgoing-5 << HTTP/1.1 200 OK
16:32:09.766 [pool-2-thread-7] DEBUG org.apache.http.headers -- http-outgoing-5 << X-Powered-By: Express
16:32:09.766 [pool-2-thread-7] DEBUG org.apache.http.headers -- http-outgoing-5 << Access-Control-Allow-Origin: *
16:32:09.766 [pool-2-thread-7] DEBUG org.apache.http.headers -- http-outgoing-5 << Content-Type: application/json; charset=utf-8
16:32:09.766 [pool-2-thread-7] DEBUG org.apache.http.headers -- http-outgoing-5 << Content-Length: 605
16:32:09.766 [pool-2-thread-7] DEBUG org.apache.http.headers -- http-outgoing-5 << ETag: W/"25d-uyGdQxdXqnp3POQQ+teLSpVMttk"
16:32:09.766 [pool-2-thread-7] DEBUG org.apache.http.headers -- http-outgoing-5 << Date: Tue, 24 Jun 2025 09:32:09 GMT
16:32:09.766 [pool-2-thread-7] DEBUG org.apache.http.headers -- http-outgoing-5 << Connection: keep-alive
16:32:09.766 [pool-2-thread-7] DEBUG org.apache.http.headers -- http-outgoing-5 << Keep-Alive: timeout=5
16:32:09.766 [pool-2-thread-7] DEBUG org.apache.http.impl.execchain.MainClientExec -- Connection can be kept alive for 5000 MILLISECONDS
16:32:09.766 [pool-2-thread-7] DEBUG org.apache.http.impl.conn.PoolingHttpClientConnectionManager -- Connection [id: 6][route: {}->http://localhost:3000] can be kept alive for 5.0 seconds
16:32:09.766 [pool-2-thread-7] DEBUG org.apache.http.impl.conn.DefaultManagedHttpClientConnection -- http-outgoing-5: set socket timeout to 0
16:32:09.766 [pool-2-thread-7] DEBUG org.apache.http.impl.conn.PoolingHttpClientConnectionManager -- Connection released: [id: 6][route: {}->http://localhost:3000][total available: 1; route allocated: 1 of 5; total allocated: 1 of 10]
16:32:09.766 [pool-2-thread-7] DEBUG org.apache.http.impl.conn.PoolingHttpClientConnectionManager -- Connection manager is shutting down
16:32:09.766 [pool-2-thread-7] DEBUG org.apache.http.impl.conn.DefaultManagedHttpClientConnection -- http-outgoing-5: Close connection
16:32:09.766 [pool-2-thread-7] DEBUG org.apache.http.impl.conn.PoolingHttpClientConnectionManager -- Connection manager shut down
16:32:09.766 [pool-2-thread-7] DEBUG com.intuit.karate -- response time in milliseconds: 9262
1 < 200
1 < X-Powered-By: Express
1 < Access-Control-Allow-Origin: *
1 < Content-Type: application/json; charset=utf-8
1 < Content-Length: 605
1 < ETag: W/"25d-uyGdQxdXqnp3POQQ+teLSpVMttk"
1 < Date: Tue, 24 Jun 2025 09:32:09 GMT
1 < Connection: keep-alive
1 < Keep-Alive: timeout=5
{"access_token":"eyJhbGciOiJIUzI1NiIsInR5cCI6IkpXVCJ9.eyJzdWIiOiI2NTBjZTFlZC1hYWNhLTQzOGYtOTk4OC0xZjA1OGFiNWFhMWEiLCJ1c2VybmFtZSI6ImpvaG5kb2UyNSIsInJvbGUiOjAsImlhdCI6MTc1MDc1NzUyOCwiZXhwIjoxNzUwNzYxMTI4fQ.vZeZ_quNfkKKgaQQveZypLGetE8yYWaBx-bV4uw0RZk","refresh_token":"983b1938a93ebfa2b0f26ba4ed6ced8863492c178b4747cd65ec7900bad4c852","user":{"id":"650ce1ed-aaca-438f-9988-1f058ab5aa1a","email":"testit3@gmail.com","username":"johndoe25","name":"John Doe","phoneNumber":"0123456713","profilePic":null,"bio":null,"private":false,"verified":false,"role":0,"followersCount":0,"followingCount":0,"postCount":0}}

16:32:09.767 [pool-2-thread-7] INFO com.intuit.karate -- [print] 50-thread call completed, status: 200 
16:32:09.769 [pool-2-thread-7] DEBUG com.jayway.jsonpath.internal.path.CompiledPath -- Evaluating path: $
16:32:09.770 [pool-2-thread-7] INFO com.intuit.karate -- [print] *** 50-THREAD CONCURRENT API CALL for user: testit3@gmail.com *** 
16:32:09.772 [pool-2-thread-7] DEBUG org.apache.http.client.protocol.RequestAddCookies -- CookieSpec selected: karate
16:32:09.772 [pool-2-thread-7] DEBUG org.apache.http.client.protocol.RequestAuthCache -- Auth cache not set in the context
16:32:09.772 [pool-2-thread-7] DEBUG com.intuit.karate -- request:
1 > POST http://localhost:3000/auth/login
1 > Content-Type: application/json; charset=UTF-8
1 > Content-Length: 54
1 > Host: localhost:3000
1 > Connection: Keep-Alive
1 > User-Agent: Apache-HttpClient/4.5.14 (Java/17.0.9)
1 > Accept-Encoding: gzip,deflate
{"email":"testit3@gmail.com","password":"Password123"}

16:32:09.772 [pool-2-thread-7] DEBUG org.apache.http.impl.conn.PoolingHttpClientConnectionManager -- Connection request: [route: {}->http://localhost:3000][total available: 0; route allocated: 0 of 5; total allocated: 0 of 10]
16:32:09.772 [pool-2-thread-7] DEBUG org.apache.http.impl.conn.PoolingHttpClientConnectionManager -- Connection leased: [id: 96][route: {}->http://localhost:3000][total available: 0; route allocated: 1 of 5; total allocated: 1 of 10]
16:32:09.772 [pool-2-thread-7] DEBUG org.apache.http.impl.execchain.MainClientExec -- Opening connection {}->http://localhost:3000
16:32:09.772 [pool-2-thread-7] DEBUG org.apache.http.impl.conn.DefaultHttpClientConnectionOperator -- Connecting to localhost/127.0.0.1:3000
16:32:09.772 [pool-2-thread-7] DEBUG org.apache.http.impl.conn.DefaultHttpClientConnectionOperator -- Connection established 127.0.0.1:52266<->127.0.0.1:3000
16:32:09.772 [pool-2-thread-7] DEBUG org.apache.http.impl.conn.DefaultManagedHttpClientConnection -- http-outgoing-96: set socket timeout to 30000
16:32:09.772 [pool-2-thread-7] DEBUG org.apache.http.impl.execchain.MainClientExec -- Executing request POST /auth/login HTTP/1.1
16:32:09.772 [pool-2-thread-7] DEBUG org.apache.http.impl.execchain.MainClientExec -- Target auth state: UNCHALLENGED
16:32:09.772 [pool-2-thread-7] DEBUG org.apache.http.impl.execchain.MainClientExec -- Proxy auth state: UNCHALLENGED
16:32:09.772 [pool-2-thread-7] DEBUG org.apache.http.headers -- http-outgoing-96 >> POST /auth/login HTTP/1.1
16:32:09.772 [pool-2-thread-7] DEBUG org.apache.http.headers -- http-outgoing-96 >> Content-Type: application/json; charset=UTF-8
16:32:09.772 [pool-2-thread-7] DEBUG org.apache.http.headers -- http-outgoing-96 >> Content-Length: 54
16:32:09.772 [pool-2-thread-7] DEBUG org.apache.http.headers -- http-outgoing-96 >> Host: localhost:3000
16:32:09.772 [pool-2-thread-7] DEBUG org.apache.http.headers -- http-outgoing-96 >> Connection: Keep-Alive
16:32:09.772 [pool-2-thread-7] DEBUG org.apache.http.headers -- http-outgoing-96 >> User-Agent: Apache-HttpClient/4.5.14 (Java/17.0.9)
16:32:09.772 [pool-2-thread-7] DEBUG org.apache.http.headers -- http-outgoing-96 >> Accept-Encoding: gzip,deflate
16:32:09.772 [pool-2-thread-7] DEBUG org.apache.http.wire -- http-outgoing-96 >> "POST /auth/login HTTP/1.1[\r][\n]"
16:32:09.772 [pool-2-thread-7] DEBUG org.apache.http.wire -- http-outgoing-96 >> "Content-Type: application/json; charset=UTF-8[\r][\n]"
16:32:09.772 [pool-2-thread-7] DEBUG org.apache.http.wire -- http-outgoing-96 >> "Content-Length: 54[\r][\n]"
16:32:09.772 [pool-2-thread-7] DEBUG org.apache.http.wire -- http-outgoing-96 >> "Host: localhost:3000[\r][\n]"
16:32:09.772 [pool-2-thread-7] DEBUG org.apache.http.wire -- http-outgoing-96 >> "Connection: Keep-Alive[\r][\n]"
16:32:09.772 [pool-2-thread-7] DEBUG org.apache.http.wire -- http-outgoing-96 >> "User-Agent: Apache-HttpClient/4.5.14 (Java/17.0.9)[\r][\n]"
16:32:09.772 [pool-2-thread-7] DEBUG org.apache.http.wire -- http-outgoing-96 >> "Accept-Encoding: gzip,deflate[\r][\n]"
16:32:09.772 [pool-2-thread-7] DEBUG org.apache.http.wire -- http-outgoing-96 >> "[\r][\n]"
16:32:09.772 [pool-2-thread-7] DEBUG org.apache.http.wire -- http-outgoing-96 >> "{"email":"testit3@gmail.com","password":"Password123"}"
16:32:09.798 [pool-2-thread-6] DEBUG org.apache.http.wire -- http-outgoing-26 << "HTTP/1.1 200 OK[\r][\n]"
16:32:09.798 [pool-2-thread-6] DEBUG org.apache.http.wire -- http-outgoing-26 << "X-Powered-By: Express[\r][\n]"
16:32:09.798 [pool-2-thread-6] DEBUG org.apache.http.wire -- http-outgoing-26 << "Access-Control-Allow-Origin: *[\r][\n]"
16:32:09.798 [pool-2-thread-6] DEBUG org.apache.http.wire -- http-outgoing-26 << "Content-Type: application/json; charset=utf-8[\r][\n]"
16:32:09.798 [pool-2-thread-6] DEBUG org.apache.http.wire -- http-outgoing-26 << "Content-Length: 607[\r][\n]"
16:32:09.798 [pool-2-thread-6] DEBUG org.apache.http.wire -- http-outgoing-26 << "ETag: W/"25f-qzSWYJxuvpw4r4WVPjqbB7nMt78"[\r][\n]"
16:32:09.798 [pool-2-thread-6] DEBUG org.apache.http.wire -- http-outgoing-26 << "Date: Tue, 24 Jun 2025 09:32:09 GMT[\r][\n]"
16:32:09.798 [pool-2-thread-6] DEBUG org.apache.http.wire -- http-outgoing-26 << "Connection: keep-alive[\r][\n]"
16:32:09.798 [pool-2-thread-6] DEBUG org.apache.http.wire -- http-outgoing-26 << "Keep-Alive: timeout=5[\r][\n]"
16:32:09.798 [pool-2-thread-6] DEBUG org.apache.http.wire -- http-outgoing-26 << "[\r][\n]"
16:32:09.798 [pool-2-thread-6] DEBUG org.apache.http.wire -- http-outgoing-26 << "{"access_token":"eyJhbGciOiJIUzI1NiIsInR5cCI6IkpXVCJ9.eyJzdWIiOiI5YTI2OTc2Yy0xNTMyLTRkZjMtYTE2ZS03NjMxNTI1Yzg1MDIiLCJ1c2VybmFtZSI6ImpvaG5kb2UyZDUiLCJyb2xlIjowLCJpYXQiOjE3NTA3NTc1MjgsImV4cCI6MTc1MDc2MTEyOH0.hYuSozOOLEEp06J8baQglrq5K8mSW7t_VaXCTLGMF_M","refresh_token":"bd4de1c2f532f7a66e3963bcc1352b89d071561d807d4fd1f2ea737f1540953c","user":{"id":"9a26976c-1532-4df3-a16e-7631525c8502","email":"testit4@gmail.com","username":"johndoe2d5","name":"John Doe","phoneNumber":"0123456212","profilePic":null,"bio":null,"private":false,"verified":false,"role":0,"followersCount":0,"followingCount":0,"postCount":0}}"
16:32:09.798 [pool-2-thread-6] DEBUG org.apache.http.headers -- http-outgoing-26 << HTTP/1.1 200 OK
16:32:09.798 [pool-2-thread-6] DEBUG org.apache.http.headers -- http-outgoing-26 << X-Powered-By: Express
16:32:09.798 [pool-2-thread-6] DEBUG org.apache.http.headers -- http-outgoing-26 << Access-Control-Allow-Origin: *
16:32:09.798 [pool-2-thread-6] DEBUG org.apache.http.headers -- http-outgoing-26 << Content-Type: application/json; charset=utf-8
16:32:09.798 [pool-2-thread-6] DEBUG org.apache.http.headers -- http-outgoing-26 << Content-Length: 607
16:32:09.798 [pool-2-thread-6] DEBUG org.apache.http.headers -- http-outgoing-26 << ETag: W/"25f-qzSWYJxuvpw4r4WVPjqbB7nMt78"
16:32:09.798 [pool-2-thread-6] DEBUG org.apache.http.headers -- http-outgoing-26 << Date: Tue, 24 Jun 2025 09:32:09 GMT
16:32:09.798 [pool-2-thread-6] DEBUG org.apache.http.headers -- http-outgoing-26 << Connection: keep-alive
16:32:09.798 [pool-2-thread-6] DEBUG org.apache.http.headers -- http-outgoing-26 << Keep-Alive: timeout=5
16:32:09.799 [pool-2-thread-6] DEBUG org.apache.http.impl.execchain.MainClientExec -- Connection can be kept alive for 5000 MILLISECONDS
16:32:09.799 [pool-2-thread-6] DEBUG org.apache.http.impl.conn.PoolingHttpClientConnectionManager -- Connection [id: 0][route: {}->http://localhost:3000] can be kept alive for 5.0 seconds
16:32:09.799 [pool-2-thread-6] DEBUG org.apache.http.impl.conn.DefaultManagedHttpClientConnection -- http-outgoing-26: set socket timeout to 0
16:32:09.799 [pool-2-thread-6] DEBUG org.apache.http.impl.conn.PoolingHttpClientConnectionManager -- Connection released: [id: 0][route: {}->http://localhost:3000][total available: 1; route allocated: 1 of 5; total allocated: 1 of 10]
16:32:09.799 [pool-2-thread-6] DEBUG org.apache.http.impl.conn.PoolingHttpClientConnectionManager -- Connection manager is shutting down
16:32:09.799 [pool-2-thread-6] DEBUG org.apache.http.impl.conn.DefaultManagedHttpClientConnection -- http-outgoing-26: Close connection
16:32:09.799 [pool-2-thread-6] DEBUG org.apache.http.impl.conn.PoolingHttpClientConnectionManager -- Connection manager shut down
16:32:09.799 [pool-2-thread-6] DEBUG com.intuit.karate -- response time in milliseconds: 9300
1 < 200
1 < X-Powered-By: Express
1 < Access-Control-Allow-Origin: *
1 < Content-Type: application/json; charset=utf-8
1 < Content-Length: 607
1 < ETag: W/"25f-qzSWYJxuvpw4r4WVPjqbB7nMt78"
1 < Date: Tue, 24 Jun 2025 09:32:09 GMT
1 < Connection: keep-alive
1 < Keep-Alive: timeout=5
{"access_token":"eyJhbGciOiJIUzI1NiIsInR5cCI6IkpXVCJ9.eyJzdWIiOiI5YTI2OTc2Yy0xNTMyLTRkZjMtYTE2ZS03NjMxNTI1Yzg1MDIiLCJ1c2VybmFtZSI6ImpvaG5kb2UyZDUiLCJyb2xlIjowLCJpYXQiOjE3NTA3NTc1MjgsImV4cCI6MTc1MDc2MTEyOH0.hYuSozOOLEEp06J8baQglrq5K8mSW7t_VaXCTLGMF_M","refresh_token":"bd4de1c2f532f7a66e3963bcc1352b89d071561d807d4fd1f2ea737f1540953c","user":{"id":"9a26976c-1532-4df3-a16e-7631525c8502","email":"testit4@gmail.com","username":"johndoe2d5","name":"John Doe","phoneNumber":"0123456212","profilePic":null,"bio":null,"private":false,"verified":false,"role":0,"followersCount":0,"followingCount":0,"postCount":0}}

16:32:09.800 [pool-2-thread-6] INFO com.intuit.karate -- [print] 50-thread call completed, status: 200 
16:32:09.802 [pool-2-thread-6] DEBUG com.jayway.jsonpath.internal.path.CompiledPath -- Evaluating path: $
16:32:09.803 [pool-2-thread-6] INFO com.intuit.karate -- [print] *** 50-THREAD CONCURRENT API CALL for user: testit5@gmail.com *** 
16:32:09.805 [pool-2-thread-6] DEBUG org.apache.http.client.protocol.RequestAddCookies -- CookieSpec selected: karate
16:32:09.805 [pool-2-thread-6] DEBUG org.apache.http.client.protocol.RequestAuthCache -- Auth cache not set in the context
16:32:09.805 [pool-2-thread-6] DEBUG com.intuit.karate -- request:
1 > POST http://localhost:3000/auth/login
1 > Content-Type: application/json; charset=UTF-8
1 > Content-Length: 54
1 > Host: localhost:3000
1 > Connection: Keep-Alive
1 > User-Agent: Apache-HttpClient/4.5.14 (Java/17.0.9)
1 > Accept-Encoding: gzip,deflate
{"email":"testit5@gmail.com","password":"Password123"}

16:32:09.805 [pool-2-thread-6] DEBUG org.apache.http.impl.conn.PoolingHttpClientConnectionManager -- Connection request: [route: {}->http://localhost:3000][total available: 0; route allocated: 0 of 5; total allocated: 0 of 10]
16:32:09.805 [pool-2-thread-6] DEBUG org.apache.http.impl.conn.PoolingHttpClientConnectionManager -- Connection leased: [id: 97][route: {}->http://localhost:3000][total available: 0; route allocated: 1 of 5; total allocated: 1 of 10]
16:32:09.805 [pool-2-thread-6] DEBUG org.apache.http.impl.execchain.MainClientExec -- Opening connection {}->http://localhost:3000
16:32:09.805 [pool-2-thread-6] DEBUG org.apache.http.impl.conn.DefaultHttpClientConnectionOperator -- Connecting to localhost/127.0.0.1:3000
16:32:09.806 [pool-2-thread-6] DEBUG org.apache.http.impl.conn.DefaultHttpClientConnectionOperator -- Connection established 127.0.0.1:52267<->127.0.0.1:3000
16:32:09.806 [pool-2-thread-6] DEBUG org.apache.http.impl.conn.DefaultManagedHttpClientConnection -- http-outgoing-97: set socket timeout to 30000
16:32:09.806 [pool-2-thread-6] DEBUG org.apache.http.impl.execchain.MainClientExec -- Executing request POST /auth/login HTTP/1.1
16:32:09.806 [pool-2-thread-6] DEBUG org.apache.http.impl.execchain.MainClientExec -- Target auth state: UNCHALLENGED
16:32:09.806 [pool-2-thread-6] DEBUG org.apache.http.impl.execchain.MainClientExec -- Proxy auth state: UNCHALLENGED
16:32:09.806 [pool-2-thread-6] DEBUG org.apache.http.headers -- http-outgoing-97 >> POST /auth/login HTTP/1.1
16:32:09.806 [pool-2-thread-6] DEBUG org.apache.http.headers -- http-outgoing-97 >> Content-Type: application/json; charset=UTF-8
16:32:09.806 [pool-2-thread-6] DEBUG org.apache.http.headers -- http-outgoing-97 >> Content-Length: 54
16:32:09.806 [pool-2-thread-6] DEBUG org.apache.http.headers -- http-outgoing-97 >> Host: localhost:3000
16:32:09.806 [pool-2-thread-6] DEBUG org.apache.http.headers -- http-outgoing-97 >> Connection: Keep-Alive
16:32:09.806 [pool-2-thread-6] DEBUG org.apache.http.headers -- http-outgoing-97 >> User-Agent: Apache-HttpClient/4.5.14 (Java/17.0.9)
16:32:09.806 [pool-2-thread-6] DEBUG org.apache.http.headers -- http-outgoing-97 >> Accept-Encoding: gzip,deflate
16:32:09.806 [pool-2-thread-6] DEBUG org.apache.http.wire -- http-outgoing-97 >> "POST /auth/login HTTP/1.1[\r][\n]"
16:32:09.806 [pool-2-thread-6] DEBUG org.apache.http.wire -- http-outgoing-97 >> "Content-Type: application/json; charset=UTF-8[\r][\n]"
16:32:09.806 [pool-2-thread-6] DEBUG org.apache.http.wire -- http-outgoing-97 >> "Content-Length: 54[\r][\n]"
16:32:09.806 [pool-2-thread-6] DEBUG org.apache.http.wire -- http-outgoing-97 >> "Host: localhost:3000[\r][\n]"
16:32:09.806 [pool-2-thread-6] DEBUG org.apache.http.wire -- http-outgoing-97 >> "Connection: Keep-Alive[\r][\n]"
16:32:09.806 [pool-2-thread-6] DEBUG org.apache.http.wire -- http-outgoing-97 >> "User-Agent: Apache-HttpClient/4.5.14 (Java/17.0.9)[\r][\n]"
16:32:09.806 [pool-2-thread-6] DEBUG org.apache.http.wire -- http-outgoing-97 >> "Accept-Encoding: gzip,deflate[\r][\n]"
16:32:09.806 [pool-2-thread-6] DEBUG org.apache.http.wire -- http-outgoing-97 >> "[\r][\n]"
16:32:09.806 [pool-2-thread-6] DEBUG org.apache.http.wire -- http-outgoing-97 >> "{"email":"testit5@gmail.com","password":"Password123"}"
16:32:09.871 [pool-2-thread-34] DEBUG org.apache.http.wire -- http-outgoing-8 << "HTTP/1.1 200 OK[\r][\n]"
16:32:09.871 [pool-2-thread-34] DEBUG org.apache.http.wire -- http-outgoing-8 << "X-Powered-By: Express[\r][\n]"
16:32:09.871 [pool-2-thread-34] DEBUG org.apache.http.wire -- http-outgoing-8 << "Access-Control-Allow-Origin: *[\r][\n]"
16:32:09.871 [pool-2-thread-34] DEBUG org.apache.http.wire -- http-outgoing-8 << "Content-Type: application/json; charset=utf-8[\r][\n]"
16:32:09.871 [pool-2-thread-34] DEBUG org.apache.http.wire -- http-outgoing-8 << "Content-Length: 608[\r][\n]"
16:32:09.871 [pool-2-thread-34] DEBUG org.apache.http.wire -- http-outgoing-8 << "ETag: W/"260-uve2s/WZ4Qj5tO1wKA4FJJvp2w4"[\r][\n]"
16:32:09.871 [pool-2-thread-34] DEBUG org.apache.http.wire -- http-outgoing-8 << "Date: Tue, 24 Jun 2025 09:32:09 GMT[\r][\n]"
16:32:09.871 [pool-2-thread-34] DEBUG org.apache.http.wire -- http-outgoing-8 << "Connection: keep-alive[\r][\n]"
16:32:09.871 [pool-2-thread-34] DEBUG org.apache.http.wire -- http-outgoing-8 << "Keep-Alive: timeout=5[\r][\n]"
16:32:09.871 [pool-2-thread-34] DEBUG org.apache.http.wire -- http-outgoing-8 << "[\r][\n]"
16:32:09.871 [pool-2-thread-34] DEBUG org.apache.http.wire -- http-outgoing-8 << "{"access_token":"eyJhbGciOiJIUzI1NiIsInR5cCI6IkpXVCJ9.eyJzdWIiOiI4YTI0NzQ2MS01YzA0LTQyMWQtOThmNS1mYTljNzM0ZmFlYTUiLCJ1c2VybmFtZSI6ImphbmVzbWl0aCIsInJvbGUiOjAsImlhdCI6MTc1MDc1NzUyOCwiZXhwIjoxNzUwNzYxMTI4fQ.sTX1WEve_FImzPCAvqJD1LNFrLfTsdIujq_jdI-rmHk","refresh_token":"06955300c8c088f754047d0272abc35bfa8572b170119048a127b63fb39eebee","user":{"id":"8a247461-5c04-421d-98f5-fa9c734faea5","email":"test2@example.com","username":"janesmith","name":"Jane Smith","phoneNumber":"01234567890","profilePic":null,"bio":null,"private":false,"verified":false,"role":0,"followersCount":0,"followingCount":0,"postCount":0}}"
16:32:09.871 [pool-2-thread-23] DEBUG org.apache.http.wire -- http-outgoing-42 << "HTTP/1.1 200 OK[\r][\n]"
16:32:09.871 [pool-2-thread-23] DEBUG org.apache.http.wire -- http-outgoing-42 << "X-Powered-By: Express[\r][\n]"
16:32:09.871 [pool-2-thread-23] DEBUG org.apache.http.wire -- http-outgoing-42 << "Access-Control-Allow-Origin: *[\r][\n]"
16:32:09.871 [pool-2-thread-23] DEBUG org.apache.http.wire -- http-outgoing-42 << "Content-Type: application/json; charset=utf-8[\r][\n]"
16:32:09.871 [pool-2-thread-23] DEBUG org.apache.http.wire -- http-outgoing-42 << "Content-Length: 599[\r][\n]"
16:32:09.871 [pool-2-thread-23] DEBUG org.apache.http.wire -- http-outgoing-42 << "ETag: W/"257-KuVMDXkWdcv2LZIRs5yTppLNgOo"[\r][\n]"
16:32:09.871 [pool-2-thread-23] DEBUG org.apache.http.wire -- http-outgoing-42 << "Date: Tue, 24 Jun 2025 09:32:09 GMT[\r][\n]"
16:32:09.871 [pool-2-thread-34] DEBUG org.apache.http.headers -- http-outgoing-8 << HTTP/1.1 200 OK
16:32:09.871 [pool-2-thread-23] DEBUG org.apache.http.wire -- http-outgoing-42 << "Connection: keep-alive[\r][\n]"
16:32:09.871 [pool-2-thread-23] DEBUG org.apache.http.wire -- http-outgoing-42 << "Keep-Alive: timeout=5[\r][\n]"
16:32:09.871 [pool-2-thread-23] DEBUG org.apache.http.wire -- http-outgoing-42 << "[\r][\n]"
16:32:09.871 [pool-2-thread-34] DEBUG org.apache.http.headers -- http-outgoing-8 << X-Powered-By: Express
16:32:09.871 [pool-2-thread-34] DEBUG org.apache.http.headers -- http-outgoing-8 << Access-Control-Allow-Origin: *
16:32:09.871 [pool-2-thread-34] DEBUG org.apache.http.headers -- http-outgoing-8 << Content-Type: application/json; charset=utf-8
16:32:09.871 [pool-2-thread-34] DEBUG org.apache.http.headers -- http-outgoing-8 << Content-Length: 608
16:32:09.871 [pool-2-thread-34] DEBUG org.apache.http.headers -- http-outgoing-8 << ETag: W/"260-uve2s/WZ4Qj5tO1wKA4FJJvp2w4"
16:32:09.871 [pool-2-thread-23] DEBUG org.apache.http.wire -- http-outgoing-42 << "{"access_token":"eyJhbGciOiJIUzI1NiIsInR5cCI6IkpXVCJ9.eyJzdWIiOiIyZGRhMDQzOS01MTgwLTQ1YWEtOTE3Zi1lNjMyZTQ1YThlNDEiLCJ1c2VybmFtZSI6ImpvaG5kb2UiLCJyb2xlIjowLCJpYXQiOjE3NTA3NTc1MjgsImV4cCI6MTc1MDc2MTEyOH0.aqWUwYk3CbqgY2E_JR_BrR6iBZuhuWNHNeEAxDWUHys","refresh_token":"854be0fd0dd306d807274c3c3c7b685c75687b8b1c24995bf510b53bcfff5977","user":{"id":"2dda0439-5180-45aa-917f-e632e45a8e41","email":"test@example.com","username":"johndoe","name":"John Doe","phoneNumber":"0987654321","profilePic":null,"bio":null,"private":false,"verified":false,"role":0,"followersCount":0,"followingCount":0,"postCount":0}}"
16:32:09.871 [pool-2-thread-34] DEBUG org.apache.http.headers -- http-outgoing-8 << Date: Tue, 24 Jun 2025 09:32:09 GMT
16:32:09.871 [pool-2-thread-34] DEBUG org.apache.http.headers -- http-outgoing-8 << Connection: keep-alive
16:32:09.871 [pool-2-thread-34] DEBUG org.apache.http.headers -- http-outgoing-8 << Keep-Alive: timeout=5
16:32:09.871 [pool-2-thread-23] DEBUG org.apache.http.headers -- http-outgoing-42 << HTTP/1.1 200 OK
16:32:09.871 [pool-2-thread-23] DEBUG org.apache.http.headers -- http-outgoing-42 << X-Powered-By: Express
16:32:09.871 [pool-2-thread-23] DEBUG org.apache.http.headers -- http-outgoing-42 << Access-Control-Allow-Origin: *
16:32:09.871 [pool-2-thread-23] DEBUG org.apache.http.headers -- http-outgoing-42 << Content-Type: application/json; charset=utf-8
16:32:09.871 [pool-2-thread-23] DEBUG org.apache.http.headers -- http-outgoing-42 << Content-Length: 599
16:32:09.871 [pool-2-thread-23] DEBUG org.apache.http.headers -- http-outgoing-42 << ETag: W/"257-KuVMDXkWdcv2LZIRs5yTppLNgOo"
16:32:09.871 [pool-2-thread-23] DEBUG org.apache.http.headers -- http-outgoing-42 << Date: Tue, 24 Jun 2025 09:32:09 GMT
16:32:09.871 [pool-2-thread-23] DEBUG org.apache.http.headers -- http-outgoing-42 << Connection: keep-alive
16:32:09.871 [pool-2-thread-23] DEBUG org.apache.http.headers -- http-outgoing-42 << Keep-Alive: timeout=5
16:32:09.871 [pool-2-thread-34] DEBUG org.apache.http.impl.execchain.MainClientExec -- Connection can be kept alive for 5000 MILLISECONDS
16:32:09.871 [pool-2-thread-23] DEBUG org.apache.http.impl.execchain.MainClientExec -- Connection can be kept alive for 5000 MILLISECONDS
16:32:09.871 [pool-2-thread-49] DEBUG org.apache.http.wire -- http-outgoing-7 << "HTTP/1.1 200 OK[\r][\n]"
16:32:09.871 [pool-2-thread-49] DEBUG org.apache.http.wire -- http-outgoing-7 << "X-Powered-By: Express[\r][\n]"
16:32:09.871 [pool-2-thread-49] DEBUG org.apache.http.wire -- http-outgoing-7 << "Access-Control-Allow-Origin: *[\r][\n]"
16:32:09.871 [pool-2-thread-49] DEBUG org.apache.http.wire -- http-outgoing-7 << "Content-Type: application/json; charset=utf-8[\r][\n]"
16:32:09.871 [pool-2-thread-49] DEBUG org.apache.http.wire -- http-outgoing-7 << "Content-Length: 604[\r][\n]"
16:32:09.871 [pool-2-thread-49] DEBUG org.apache.http.wire -- http-outgoing-7 << "ETag: W/"25c-9jhURwZJlfYgYaGT+5zNSSHYLlk"[\r][\n]"
16:32:09.871 [pool-2-thread-49] DEBUG org.apache.http.wire -- http-outgoing-7 << "Date: Tue, 24 Jun 2025 09:32:09 GMT[\r][\n]"
16:32:09.871 [pool-2-thread-49] DEBUG org.apache.http.wire -- http-outgoing-7 << "Connection: keep-alive[\r][\n]"
16:32:09.871 [pool-2-thread-49] DEBUG org.apache.http.wire -- http-outgoing-7 << "Keep-Alive: timeout=5[\r][\n]"
16:32:09.871 [pool-2-thread-49] DEBUG org.apache.http.wire -- http-outgoing-7 << "[\r][\n]"
16:32:09.871 [pool-2-thread-49] DEBUG org.apache.http.wire -- http-outgoing-7 << "{"access_token":"eyJhbGciOiJIUzI1NiIsInR5cCI6IkpXVCJ9.eyJzdWIiOiJkZjZmMDkxOS1hMjNkLTQ0YzktYTkyNS00ZWE4YmU1MjVkMTAiLCJ1c2VybmFtZSI6ImpvaG5kb2UyMyIsInJvbGUiOjAsImlhdCI6MTc1MDc1NzUyOCwiZXhwIjoxNzUwNzYxMTI4fQ.Pvb0gwMAjrr6fGLjlcSh8CEvypnlRXHdlASrgc_pNEE","refresh_token":"cda3aad48638067ce4fae7e0e94bf04060491e7eac363c854476eccbe35b6579","user":{"id":"df6f0919-a23d-44c9-a925-4ea8be525d10","email":"testit@gmail.com","username":"johndoe23","name":"John Doe","phoneNumber":"0123456788","profilePic":null,"bio":null,"private":false,"verified":false,"role":0,"followersCount":0,"followingCount":0,"postCount":0}}"
16:32:09.871 [pool-2-thread-49] DEBUG org.apache.http.headers -- http-outgoing-7 << HTTP/1.1 200 OK
16:32:09.871 [pool-2-thread-49] DEBUG org.apache.http.headers -- http-outgoing-7 << X-Powered-By: Express
16:32:09.871 [pool-2-thread-49] DEBUG org.apache.http.headers -- http-outgoing-7 << Access-Control-Allow-Origin: *
16:32:09.871 [pool-2-thread-49] DEBUG org.apache.http.headers -- http-outgoing-7 << Content-Type: application/json; charset=utf-8
16:32:09.871 [pool-2-thread-49] DEBUG org.apache.http.headers -- http-outgoing-7 << Content-Length: 604
16:32:09.871 [pool-2-thread-49] DEBUG org.apache.http.headers -- http-outgoing-7 << ETag: W/"25c-9jhURwZJlfYgYaGT+5zNSSHYLlk"
16:32:09.871 [pool-2-thread-34] DEBUG org.apache.http.impl.conn.PoolingHttpClientConnectionManager -- Connection [id: 17][route: {}->http://localhost:3000] can be kept alive for 5.0 seconds
16:32:09.871 [pool-2-thread-34] DEBUG org.apache.http.impl.conn.DefaultManagedHttpClientConnection -- http-outgoing-8: set socket timeout to 0
16:32:09.871 [pool-2-thread-23] DEBUG org.apache.http.impl.conn.PoolingHttpClientConnectionManager -- Connection [id: 48][route: {}->http://localhost:3000] can be kept alive for 5.0 seconds
16:32:09.871 [pool-2-thread-23] DEBUG org.apache.http.impl.conn.DefaultManagedHttpClientConnection -- http-outgoing-42: set socket timeout to 0
16:32:09.871 [pool-2-thread-49] DEBUG org.apache.http.headers -- http-outgoing-7 << Date: Tue, 24 Jun 2025 09:32:09 GMT
16:32:09.871 [pool-2-thread-34] DEBUG org.apache.http.impl.conn.PoolingHttpClientConnectionManager -- Connection released: [id: 17][route: {}->http://localhost:3000][total available: 1; route allocated: 1 of 5; total allocated: 1 of 10]
16:32:09.871 [pool-2-thread-23] DEBUG org.apache.http.impl.conn.PoolingHttpClientConnectionManager -- Connection released: [id: 48][route: {}->http://localhost:3000][total available: 1; route allocated: 1 of 5; total allocated: 1 of 10]
16:32:09.871 [pool-2-thread-49] DEBUG org.apache.http.headers -- http-outgoing-7 << Connection: keep-alive
16:32:09.871 [pool-2-thread-23] DEBUG org.apache.http.impl.conn.PoolingHttpClientConnectionManager -- Connection manager is shutting down
16:32:09.871 [pool-2-thread-34] DEBUG org.apache.http.impl.conn.PoolingHttpClientConnectionManager -- Connection manager is shutting down
16:32:09.871 [pool-2-thread-49] DEBUG org.apache.http.headers -- http-outgoing-7 << Keep-Alive: timeout=5
16:32:09.871 [pool-2-thread-23] DEBUG org.apache.http.impl.conn.DefaultManagedHttpClientConnection -- http-outgoing-42: Close connection
16:32:09.871 [pool-2-thread-34] DEBUG org.apache.http.impl.conn.DefaultManagedHttpClientConnection -- http-outgoing-8: Close connection
16:32:09.871 [pool-2-thread-49] DEBUG org.apache.http.impl.execchain.MainClientExec -- Connection can be kept alive for 5000 MILLISECONDS
16:32:09.872 [pool-2-thread-34] DEBUG org.apache.http.impl.conn.PoolingHttpClientConnectionManager -- Connection manager shut down
16:32:09.872 [pool-2-thread-49] DEBUG org.apache.http.impl.conn.PoolingHttpClientConnectionManager -- Connection [id: 46][route: {}->http://localhost:3000] can be kept alive for 5.0 seconds
16:32:09.872 [pool-2-thread-49] DEBUG org.apache.http.impl.conn.DefaultManagedHttpClientConnection -- http-outgoing-7: set socket timeout to 0
16:32:09.872 [pool-2-thread-23] DEBUG org.apache.http.impl.conn.PoolingHttpClientConnectionManager -- Connection manager shut down
16:32:09.872 [pool-2-thread-49] DEBUG org.apache.http.impl.conn.PoolingHttpClientConnectionManager -- Connection released: [id: 46][route: {}->http://localhost:3000][total available: 1; route allocated: 1 of 5; total allocated: 1 of 10]
16:32:09.872 [pool-2-thread-49] DEBUG org.apache.http.impl.conn.PoolingHttpClientConnectionManager -- Connection manager is shutting down
16:32:09.872 [pool-2-thread-49] DEBUG org.apache.http.impl.conn.DefaultManagedHttpClientConnection -- http-outgoing-7: Close connection
16:32:09.872 [pool-2-thread-34] DEBUG com.intuit.karate -- response time in milliseconds: 9372
1 < 200
1 < X-Powered-By: Express
1 < Access-Control-Allow-Origin: *
1 < Content-Type: application/json; charset=utf-8
1 < Content-Length: 608
1 < ETag: W/"260-uve2s/WZ4Qj5tO1wKA4FJJvp2w4"
1 < Date: Tue, 24 Jun 2025 09:32:09 GMT
1 < Connection: keep-alive
1 < Keep-Alive: timeout=5
{"access_token":"eyJhbGciOiJIUzI1NiIsInR5cCI6IkpXVCJ9.eyJzdWIiOiI4YTI0NzQ2MS01YzA0LTQyMWQtOThmNS1mYTljNzM0ZmFlYTUiLCJ1c2VybmFtZSI6ImphbmVzbWl0aCIsInJvbGUiOjAsImlhdCI6MTc1MDc1NzUyOCwiZXhwIjoxNzUwNzYxMTI4fQ.sTX1WEve_FImzPCAvqJD1LNFrLfTsdIujq_jdI-rmHk","refresh_token":"06955300c8c088f754047d0272abc35bfa8572b170119048a127b63fb39eebee","user":{"id":"8a247461-5c04-421d-98f5-fa9c734faea5","email":"test2@example.com","username":"janesmith","name":"Jane Smith","phoneNumber":"01234567890","profilePic":null,"bio":null,"private":false,"verified":false,"role":0,"followersCount":0,"followingCount":0,"postCount":0}}

16:32:09.872 [pool-2-thread-23] DEBUG com.intuit.karate -- response time in milliseconds: 9372
1 < 200
1 < X-Powered-By: Express
1 < Access-Control-Allow-Origin: *
1 < Content-Type: application/json; charset=utf-8
1 < Content-Length: 599
1 < ETag: W/"257-KuVMDXkWdcv2LZIRs5yTppLNgOo"
1 < Date: Tue, 24 Jun 2025 09:32:09 GMT
1 < Connection: keep-alive
1 < Keep-Alive: timeout=5
{"access_token":"eyJhbGciOiJIUzI1NiIsInR5cCI6IkpXVCJ9.eyJzdWIiOiIyZGRhMDQzOS01MTgwLTQ1YWEtOTE3Zi1lNjMyZTQ1YThlNDEiLCJ1c2VybmFtZSI6ImpvaG5kb2UiLCJyb2xlIjowLCJpYXQiOjE3NTA3NTc1MjgsImV4cCI6MTc1MDc2MTEyOH0.aqWUwYk3CbqgY2E_JR_BrR6iBZuhuWNHNeEAxDWUHys","refresh_token":"854be0fd0dd306d807274c3c3c7b685c75687b8b1c24995bf510b53bcfff5977","user":{"id":"2dda0439-5180-45aa-917f-e632e45a8e41","email":"test@example.com","username":"johndoe","name":"John Doe","phoneNumber":"0987654321","profilePic":null,"bio":null,"private":false,"verified":false,"role":0,"followersCount":0,"followingCount":0,"postCount":0}}

16:32:09.872 [pool-2-thread-49] DEBUG org.apache.http.impl.conn.PoolingHttpClientConnectionManager -- Connection manager shut down
16:32:09.872 [pool-2-thread-49] DEBUG com.intuit.karate -- response time in milliseconds: 9372
1 < 200
1 < X-Powered-By: Express
1 < Access-Control-Allow-Origin: *
1 < Content-Type: application/json; charset=utf-8
1 < Content-Length: 604
1 < ETag: W/"25c-9jhURwZJlfYgYaGT+5zNSSHYLlk"
1 < Date: Tue, 24 Jun 2025 09:32:09 GMT
1 < Connection: keep-alive
1 < Keep-Alive: timeout=5
{"access_token":"eyJhbGciOiJIUzI1NiIsInR5cCI6IkpXVCJ9.eyJzdWIiOiJkZjZmMDkxOS1hMjNkLTQ0YzktYTkyNS00ZWE4YmU1MjVkMTAiLCJ1c2VybmFtZSI6ImpvaG5kb2UyMyIsInJvbGUiOjAsImlhdCI6MTc1MDc1NzUyOCwiZXhwIjoxNzUwNzYxMTI4fQ.Pvb0gwMAjrr6fGLjlcSh8CEvypnlRXHdlASrgc_pNEE","refresh_token":"cda3aad48638067ce4fae7e0e94bf04060491e7eac363c854476eccbe35b6579","user":{"id":"df6f0919-a23d-44c9-a925-4ea8be525d10","email":"testit@gmail.com","username":"johndoe23","name":"John Doe","phoneNumber":"0123456788","profilePic":null,"bio":null,"private":false,"verified":false,"role":0,"followersCount":0,"followingCount":0,"postCount":0}}

16:32:09.874 [pool-2-thread-34] INFO com.intuit.karate -- [print] 50-thread call completed, status: 200 
16:32:09.874 [pool-2-thread-49] INFO com.intuit.karate -- [print] 50-thread call completed, status: 200 
16:32:09.874 [pool-2-thread-23] INFO com.intuit.karate -- [print] 50-thread call completed, status: 200 
16:32:09.875 [pool-2-thread-45] DEBUG org.apache.http.wire -- http-outgoing-25 << "HTTP/1.1 200 OK[\r][\n]"
16:32:09.875 [pool-2-thread-45] DEBUG org.apache.http.wire -- http-outgoing-25 << "X-Powered-By: Express[\r][\n]"
16:32:09.875 [pool-2-thread-45] DEBUG org.apache.http.wire -- http-outgoing-25 << "Access-Control-Allow-Origin: *[\r][\n]"
16:32:09.875 [pool-2-thread-45] DEBUG org.apache.http.wire -- http-outgoing-25 << "Content-Type: application/json; charset=utf-8[\r][\n]"
16:32:09.875 [pool-2-thread-45] DEBUG org.apache.http.wire -- http-outgoing-25 << "Content-Length: 607[\r][\n]"
16:32:09.875 [pool-2-thread-45] DEBUG org.apache.http.wire -- http-outgoing-25 << "ETag: W/"25f-43QTPIu7A/yAs6OnN6W4bJc87hk"[\r][\n]"
16:32:09.875 [pool-2-thread-45] DEBUG org.apache.http.wire -- http-outgoing-25 << "Date: Tue, 24 Jun 2025 09:32:09 GMT[\r][\n]"
16:32:09.875 [pool-2-thread-45] DEBUG org.apache.http.wire -- http-outgoing-25 << "Connection: keep-alive[\r][\n]"
16:32:09.875 [pool-2-thread-45] DEBUG org.apache.http.wire -- http-outgoing-25 << "Keep-Alive: timeout=5[\r][\n]"
16:32:09.875 [pool-2-thread-45] DEBUG org.apache.http.wire -- http-outgoing-25 << "[\r][\n]"
16:32:09.875 [pool-2-thread-45] DEBUG org.apache.http.wire -- http-outgoing-25 << "{"access_token":"eyJhbGciOiJIUzI1NiIsInR5cCI6IkpXVCJ9.eyJzdWIiOiJjMjE0MjJkZi1jY2VjLTQ0MGUtOWE0Mi1jMWI4MmFiZjczM2QiLCJ1c2VybmFtZSI6ImpvaG5kb2UyOCIsInJvbGUiOjAsImlhdCI6MTc1MDc1NzUyOCwiZXhwIjoxNzUwNzYxMTI4fQ.Vpiu8hREwy77FeQ7gKsOU_SQJetELaISJYrvTw4vQS8","refresh_token":"4b21818ea1fccc0004d77672c5de3a73cb66928444ff96b0972171bbd2e39990","user":{"id":"c21422df-ccec-440e-9a42-c1b82abf733d","email":"test28@example.com","username":"johndoe28","name":"John Doe","phoneNumber":"84987654321","profilePic":null,"bio":null,"private":false,"verified":false,"role":0,"followersCount":0,"followingCount":0,"postCount":0}}"
16:32:09.876 [pool-2-thread-45] DEBUG org.apache.http.headers -- http-outgoing-25 << HTTP/1.1 200 OK
16:32:09.876 [pool-2-thread-45] DEBUG org.apache.http.headers -- http-outgoing-25 << X-Powered-By: Express
16:32:09.876 [pool-2-thread-45] DEBUG org.apache.http.headers -- http-outgoing-25 << Access-Control-Allow-Origin: *
16:32:09.876 [pool-2-thread-45] DEBUG org.apache.http.headers -- http-outgoing-25 << Content-Type: application/json; charset=utf-8
16:32:09.876 [pool-2-thread-45] DEBUG org.apache.http.headers -- http-outgoing-25 << Content-Length: 607
16:32:09.876 [pool-2-thread-45] DEBUG org.apache.http.headers -- http-outgoing-25 << ETag: W/"25f-43QTPIu7A/yAs6OnN6W4bJc87hk"
16:32:09.876 [pool-2-thread-45] DEBUG org.apache.http.headers -- http-outgoing-25 << Date: Tue, 24 Jun 2025 09:32:09 GMT
16:32:09.876 [pool-2-thread-45] DEBUG org.apache.http.headers -- http-outgoing-25 << Connection: keep-alive
16:32:09.876 [pool-2-thread-45] DEBUG org.apache.http.headers -- http-outgoing-25 << Keep-Alive: timeout=5
16:32:09.876 [pool-2-thread-45] DEBUG org.apache.http.impl.execchain.MainClientExec -- Connection can be kept alive for 5000 MILLISECONDS
16:32:09.876 [pool-2-thread-23] DEBUG com.jayway.jsonpath.internal.path.CompiledPath -- Evaluating path: $
16:32:09.876 [pool-2-thread-34] DEBUG com.jayway.jsonpath.internal.path.CompiledPath -- Evaluating path: $
16:32:09.876 [pool-2-thread-45] DEBUG org.apache.http.impl.conn.PoolingHttpClientConnectionManager -- Connection [id: 49][route: {}->http://localhost:3000] can be kept alive for 5.0 seconds
16:32:09.876 [pool-2-thread-45] DEBUG org.apache.http.impl.conn.DefaultManagedHttpClientConnection -- http-outgoing-25: set socket timeout to 0
16:32:09.876 [pool-2-thread-45] DEBUG org.apache.http.impl.conn.PoolingHttpClientConnectionManager -- Connection released: [id: 49][route: {}->http://localhost:3000][total available: 1; route allocated: 1 of 5; total allocated: 1 of 10]
16:32:09.876 [pool-2-thread-45] DEBUG org.apache.http.impl.conn.PoolingHttpClientConnectionManager -- Connection manager is shutting down
16:32:09.876 [pool-2-thread-45] DEBUG org.apache.http.impl.conn.DefaultManagedHttpClientConnection -- http-outgoing-25: Close connection
16:32:09.876 [pool-2-thread-45] DEBUG org.apache.http.impl.conn.PoolingHttpClientConnectionManager -- Connection manager shut down
16:32:09.876 [pool-2-thread-45] DEBUG com.intuit.karate -- response time in milliseconds: 9372
1 < 200
1 < X-Powered-By: Express
1 < Access-Control-Allow-Origin: *
1 < Content-Type: application/json; charset=utf-8
1 < Content-Length: 607
1 < ETag: W/"25f-43QTPIu7A/yAs6OnN6W4bJc87hk"
1 < Date: Tue, 24 Jun 2025 09:32:09 GMT
1 < Connection: keep-alive
1 < Keep-Alive: timeout=5
{"access_token":"eyJhbGciOiJIUzI1NiIsInR5cCI6IkpXVCJ9.eyJzdWIiOiJjMjE0MjJkZi1jY2VjLTQ0MGUtOWE0Mi1jMWI4MmFiZjczM2QiLCJ1c2VybmFtZSI6ImpvaG5kb2UyOCIsInJvbGUiOjAsImlhdCI6MTc1MDc1NzUyOCwiZXhwIjoxNzUwNzYxMTI4fQ.Vpiu8hREwy77FeQ7gKsOU_SQJetELaISJYrvTw4vQS8","refresh_token":"4b21818ea1fccc0004d77672c5de3a73cb66928444ff96b0972171bbd2e39990","user":{"id":"c21422df-ccec-440e-9a42-c1b82abf733d","email":"test28@example.com","username":"johndoe28","name":"John Doe","phoneNumber":"84987654321","profilePic":null,"bio":null,"private":false,"verified":false,"role":0,"followersCount":0,"followingCount":0,"postCount":0}}

16:32:09.876 [pool-2-thread-34] INFO com.intuit.karate -- [print] *** 50-THREAD CONCURRENT API CALL for user: testit@gmail.com *** 
16:32:09.876 [pool-2-thread-23] INFO com.intuit.karate -- [print] *** 50-THREAD CONCURRENT API CALL for user: testit2@gmail.com *** 
16:32:09.877 [pool-2-thread-45] INFO com.intuit.karate -- [print] 50-thread call completed, status: 200 
16:32:09.878 [pool-2-thread-23] DEBUG org.apache.http.client.protocol.RequestAddCookies -- CookieSpec selected: karate
16:32:09.878 [pool-2-thread-34] DEBUG org.apache.http.client.protocol.RequestAddCookies -- CookieSpec selected: karate
16:32:09.878 [pool-2-thread-23] DEBUG org.apache.http.client.protocol.RequestAuthCache -- Auth cache not set in the context
16:32:09.878 [pool-2-thread-34] DEBUG org.apache.http.client.protocol.RequestAuthCache -- Auth cache not set in the context
16:32:09.878 [pool-2-thread-34] DEBUG com.intuit.karate -- request:
1 > POST http://localhost:3000/auth/login
1 > Content-Type: application/json; charset=UTF-8
1 > Content-Length: 53
1 > Host: localhost:3000
1 > Connection: Keep-Alive
1 > User-Agent: Apache-HttpClient/4.5.14 (Java/17.0.9)
1 > Accept-Encoding: gzip,deflate
{"email":"testit@gmail.com","password":"Password123"}

16:32:09.878 [pool-2-thread-23] DEBUG com.intuit.karate -- request:
1 > POST http://localhost:3000/auth/login
1 > Content-Type: application/json; charset=UTF-8
1 > Content-Length: 54
1 > Host: localhost:3000
1 > Connection: Keep-Alive
1 > User-Agent: Apache-HttpClient/4.5.14 (Java/17.0.9)
1 > Accept-Encoding: gzip,deflate
{"email":"testit2@gmail.com","password":"Password123"}

16:32:09.879 [pool-2-thread-23] DEBUG org.apache.http.impl.conn.PoolingHttpClientConnectionManager -- Connection request: [route: {}->http://localhost:3000][total available: 0; route allocated: 0 of 5; total allocated: 0 of 10]
16:32:09.879 [pool-2-thread-34] DEBUG org.apache.http.impl.conn.PoolingHttpClientConnectionManager -- Connection request: [route: {}->http://localhost:3000][total available: 0; route allocated: 0 of 5; total allocated: 0 of 10]
16:32:09.879 [pool-2-thread-23] DEBUG org.apache.http.impl.conn.PoolingHttpClientConnectionManager -- Connection leased: [id: 99][route: {}->http://localhost:3000][total available: 0; route allocated: 1 of 5; total allocated: 1 of 10]
16:32:09.879 [pool-2-thread-34] DEBUG org.apache.http.impl.conn.PoolingHttpClientConnectionManager -- Connection leased: [id: 98][route: {}->http://localhost:3000][total available: 0; route allocated: 1 of 5; total allocated: 1 of 10]
16:32:09.879 [pool-2-thread-23] DEBUG org.apache.http.impl.execchain.MainClientExec -- Opening connection {}->http://localhost:3000
16:32:09.879 [pool-2-thread-34] DEBUG org.apache.http.impl.execchain.MainClientExec -- Opening connection {}->http://localhost:3000
16:32:09.879 [pool-2-thread-34] DEBUG org.apache.http.impl.conn.DefaultHttpClientConnectionOperator -- Connecting to localhost/127.0.0.1:3000
16:32:09.879 [pool-2-thread-23] DEBUG org.apache.http.impl.conn.DefaultHttpClientConnectionOperator -- Connecting to localhost/127.0.0.1:3000
16:32:09.879 [pool-2-thread-23] DEBUG org.apache.http.impl.conn.DefaultHttpClientConnectionOperator -- Connection established 127.0.0.1:52269<->127.0.0.1:3000
16:32:09.879 [pool-2-thread-34] DEBUG org.apache.http.impl.conn.DefaultHttpClientConnectionOperator -- Connection established 127.0.0.1:52268<->127.0.0.1:3000
16:32:09.879 [pool-2-thread-23] DEBUG org.apache.http.impl.conn.DefaultManagedHttpClientConnection -- http-outgoing-99: set socket timeout to 30000
16:32:09.879 [pool-2-thread-34] DEBUG org.apache.http.impl.conn.DefaultManagedHttpClientConnection -- http-outgoing-98: set socket timeout to 30000
16:32:09.879 [pool-2-thread-23] DEBUG org.apache.http.impl.execchain.MainClientExec -- Executing request POST /auth/login HTTP/1.1
16:32:09.879 [pool-2-thread-34] DEBUG org.apache.http.impl.execchain.MainClientExec -- Executing request POST /auth/login HTTP/1.1
16:32:09.879 [pool-2-thread-23] DEBUG org.apache.http.impl.execchain.MainClientExec -- Target auth state: UNCHALLENGED
16:32:09.879 [pool-2-thread-34] DEBUG org.apache.http.impl.execchain.MainClientExec -- Target auth state: UNCHALLENGED
16:32:09.879 [pool-2-thread-23] DEBUG org.apache.http.impl.execchain.MainClientExec -- Proxy auth state: UNCHALLENGED
16:32:09.879 [pool-2-thread-34] DEBUG org.apache.http.impl.execchain.MainClientExec -- Proxy auth state: UNCHALLENGED
16:32:09.879 [pool-2-thread-34] DEBUG org.apache.http.headers -- http-outgoing-98 >> POST /auth/login HTTP/1.1
16:32:09.879 [pool-2-thread-23] DEBUG org.apache.http.headers -- http-outgoing-99 >> POST /auth/login HTTP/1.1
16:32:09.879 [pool-2-thread-34] DEBUG org.apache.http.headers -- http-outgoing-98 >> Content-Type: application/json; charset=UTF-8
16:32:09.879 [pool-2-thread-23] DEBUG org.apache.http.headers -- http-outgoing-99 >> Content-Type: application/json; charset=UTF-8
16:32:09.879 [pool-2-thread-34] DEBUG org.apache.http.headers -- http-outgoing-98 >> Content-Length: 53
16:32:09.879 [pool-2-thread-23] DEBUG org.apache.http.headers -- http-outgoing-99 >> Content-Length: 54
16:32:09.879 [pool-2-thread-34] DEBUG org.apache.http.headers -- http-outgoing-98 >> Host: localhost:3000
16:32:09.879 [pool-2-thread-23] DEBUG org.apache.http.headers -- http-outgoing-99 >> Host: localhost:3000
16:32:09.879 [pool-2-thread-34] DEBUG org.apache.http.headers -- http-outgoing-98 >> Connection: Keep-Alive
16:32:09.879 [pool-2-thread-23] DEBUG org.apache.http.headers -- http-outgoing-99 >> Connection: Keep-Alive
16:32:09.879 [pool-2-thread-34] DEBUG org.apache.http.headers -- http-outgoing-98 >> User-Agent: Apache-HttpClient/4.5.14 (Java/17.0.9)
16:32:09.879 [pool-2-thread-34] DEBUG org.apache.http.headers -- http-outgoing-98 >> Accept-Encoding: gzip,deflate
16:32:09.879 [pool-2-thread-23] DEBUG org.apache.http.headers -- http-outgoing-99 >> User-Agent: Apache-HttpClient/4.5.14 (Java/17.0.9)
16:32:09.879 [pool-2-thread-23] DEBUG org.apache.http.headers -- http-outgoing-99 >> Accept-Encoding: gzip,deflate
16:32:09.879 [pool-2-thread-34] DEBUG org.apache.http.wire -- http-outgoing-98 >> "POST /auth/login HTTP/1.1[\r][\n]"
16:32:09.879 [pool-2-thread-34] DEBUG org.apache.http.wire -- http-outgoing-98 >> "Content-Type: application/json; charset=UTF-8[\r][\n]"
16:32:09.879 [pool-2-thread-34] DEBUG org.apache.http.wire -- http-outgoing-98 >> "Content-Length: 53[\r][\n]"
16:32:09.879 [pool-2-thread-34] DEBUG org.apache.http.wire -- http-outgoing-98 >> "Host: localhost:3000[\r][\n]"
16:32:09.879 [pool-2-thread-23] DEBUG org.apache.http.wire -- http-outgoing-99 >> "POST /auth/login HTTP/1.1[\r][\n]"
16:32:09.879 [pool-2-thread-23] DEBUG org.apache.http.wire -- http-outgoing-99 >> "Content-Type: application/json; charset=UTF-8[\r][\n]"
16:32:09.879 [pool-2-thread-34] DEBUG org.apache.http.wire -- http-outgoing-98 >> "Connection: Keep-Alive[\r][\n]"
16:32:09.879 [pool-2-thread-23] DEBUG org.apache.http.wire -- http-outgoing-99 >> "Content-Length: 54[\r][\n]"
16:32:09.879 [pool-2-thread-34] DEBUG org.apache.http.wire -- http-outgoing-98 >> "User-Agent: Apache-HttpClient/4.5.14 (Java/17.0.9)[\r][\n]"
16:32:09.879 [pool-2-thread-23] DEBUG org.apache.http.wire -- http-outgoing-99 >> "Host: localhost:3000[\r][\n]"
16:32:09.879 [pool-2-thread-34] DEBUG org.apache.http.wire -- http-outgoing-98 >> "Accept-Encoding: gzip,deflate[\r][\n]"
16:32:09.879 [pool-2-thread-23] DEBUG org.apache.http.wire -- http-outgoing-99 >> "Connection: Keep-Alive[\r][\n]"
16:32:09.879 [pool-2-thread-23] DEBUG org.apache.http.wire -- http-outgoing-99 >> "User-Agent: Apache-HttpClient/4.5.14 (Java/17.0.9)[\r][\n]"
16:32:09.879 [pool-2-thread-23] DEBUG org.apache.http.wire -- http-outgoing-99 >> "Accept-Encoding: gzip,deflate[\r][\n]"
16:32:09.879 [pool-2-thread-34] DEBUG org.apache.http.wire -- http-outgoing-98 >> "[\r][\n]"
16:32:09.879 [pool-2-thread-23] DEBUG org.apache.http.wire -- http-outgoing-99 >> "[\r][\n]"
16:32:09.879 [pool-2-thread-34] DEBUG org.apache.http.wire -- http-outgoing-98 >> "{"email":"testit@gmail.com","password":"Password123"}"
16:32:09.879 [pool-2-thread-23] DEBUG org.apache.http.wire -- http-outgoing-99 >> "{"email":"testit2@gmail.com","password":"Password123"}"
16:32:09.881 [pool-2-thread-8] DEBUG org.apache.http.wire -- http-outgoing-32 << "HTTP/1.1 200 OK[\r][\n]"
16:32:09.881 [pool-2-thread-8] DEBUG org.apache.http.wire -- http-outgoing-32 << "X-Powered-By: Express[\r][\n]"
16:32:09.881 [pool-2-thread-8] DEBUG org.apache.http.wire -- http-outgoing-32 << "Access-Control-Allow-Origin: *[\r][\n]"
16:32:09.881 [pool-2-thread-8] DEBUG org.apache.http.wire -- http-outgoing-32 << "Content-Type: application/json; charset=utf-8[\r][\n]"
16:32:09.881 [pool-2-thread-8] DEBUG org.apache.http.wire -- http-outgoing-32 << "Content-Length: 609[\r][\n]"
16:32:09.881 [pool-2-thread-8] DEBUG org.apache.http.wire -- http-outgoing-32 << "ETag: W/"261-w9B6qMWLcvl4kObX8vlxLK2UhgM"[\r][\n]"
16:32:09.881 [pool-2-thread-8] DEBUG org.apache.http.wire -- http-outgoing-32 << "Date: Tue, 24 Jun 2025 09:32:09 GMT[\r][\n]"
16:32:09.881 [pool-2-thread-8] DEBUG org.apache.http.wire -- http-outgoing-32 << "Connection: keep-alive[\r][\n]"
16:32:09.881 [pool-2-thread-8] DEBUG org.apache.http.wire -- http-outgoing-32 << "Keep-Alive: timeout=5[\r][\n]"
16:32:09.881 [pool-2-thread-8] DEBUG org.apache.http.wire -- http-outgoing-32 << "[\r][\n]"
16:32:09.881 [pool-2-thread-8] DEBUG org.apache.http.wire -- http-outgoing-32 << "{"access_token":"eyJhbGciOiJIUzI1NiIsInR5cCI6IkpXVCJ9.eyJzdWIiOiIyNzJmNmI1NS01MTc5LTRhZTMtODU2My1iNGVjMTBmNzY3MTUiLCJ1c2VybmFtZSI6ImpvaG5kb2UyZDVkIiwicm9sZSI6MCwiaWF0IjoxNzUwNzU3NTI4LCJleHAiOjE3NTA3NjExMjh9.oYoGv9xRIHuj08hJBAAkTpDGNXdGe192p_a-BntReVg","refresh_token":"fca5e045b2283534a03010fc7adfa97ade1099cf9411a2a9bf7095e500b163fd","user":{"id":"272f6b55-5179-4ae3-8563-b4ec10f76715","email":"testit5@gmail.com","username":"johndoe2d5d","name":"John Doe","phoneNumber":"0123456132","profilePic":null,"bio":null,"private":false,"verified":false,"role":0,"followersCount":0,"followingCount":0,"postCount":0}}"
16:32:09.881 [pool-2-thread-8] DEBUG org.apache.http.headers -- http-outgoing-32 << HTTP/1.1 200 OK
16:32:09.881 [pool-2-thread-8] DEBUG org.apache.http.headers -- http-outgoing-32 << X-Powered-By: Express
16:32:09.881 [pool-2-thread-8] DEBUG org.apache.http.headers -- http-outgoing-32 << Access-Control-Allow-Origin: *
16:32:09.881 [pool-2-thread-8] DEBUG org.apache.http.headers -- http-outgoing-32 << Content-Type: application/json; charset=utf-8
16:32:09.881 [pool-2-thread-8] DEBUG org.apache.http.headers -- http-outgoing-32 << Content-Length: 609
16:32:09.881 [pool-2-thread-8] DEBUG org.apache.http.headers -- http-outgoing-32 << ETag: W/"261-w9B6qMWLcvl4kObX8vlxLK2UhgM"
16:32:09.881 [pool-2-thread-8] DEBUG org.apache.http.headers -- http-outgoing-32 << Date: Tue, 24 Jun 2025 09:32:09 GMT
16:32:09.881 [pool-2-thread-8] DEBUG org.apache.http.headers -- http-outgoing-32 << Connection: keep-alive
16:32:09.881 [pool-2-thread-8] DEBUG org.apache.http.headers -- http-outgoing-32 << Keep-Alive: timeout=5
16:32:09.882 [pool-2-thread-8] DEBUG org.apache.http.impl.execchain.MainClientExec -- Connection can be kept alive for 5000 MILLISECONDS
16:32:09.882 [pool-2-thread-8] DEBUG org.apache.http.impl.conn.PoolingHttpClientConnectionManager -- Connection [id: 2][route: {}->http://localhost:3000] can be kept alive for 5.0 seconds
16:32:09.882 [pool-2-thread-8] DEBUG org.apache.http.impl.conn.DefaultManagedHttpClientConnection -- http-outgoing-32: set socket timeout to 0
16:32:09.882 [pool-2-thread-8] DEBUG org.apache.http.impl.conn.PoolingHttpClientConnectionManager -- Connection released: [id: 2][route: {}->http://localhost:3000][total available: 1; route allocated: 1 of 5; total allocated: 1 of 10]
16:32:09.882 [pool-2-thread-8] DEBUG org.apache.http.impl.conn.PoolingHttpClientConnectionManager -- Connection manager is shutting down
16:32:09.882 [pool-2-thread-8] DEBUG org.apache.http.impl.conn.DefaultManagedHttpClientConnection -- http-outgoing-32: Close connection
16:32:09.882 [pool-2-thread-8] DEBUG org.apache.http.impl.conn.PoolingHttpClientConnectionManager -- Connection manager shut down
16:32:09.882 [pool-2-thread-8] DEBUG com.intuit.karate -- response time in milliseconds: 9381
1 < 200
1 < X-Powered-By: Express
1 < Access-Control-Allow-Origin: *
1 < Content-Type: application/json; charset=utf-8
1 < Content-Length: 609
1 < ETag: W/"261-w9B6qMWLcvl4kObX8vlxLK2UhgM"
1 < Date: Tue, 24 Jun 2025 09:32:09 GMT
1 < Connection: keep-alive
1 < Keep-Alive: timeout=5
{"access_token":"eyJhbGciOiJIUzI1NiIsInR5cCI6IkpXVCJ9.eyJzdWIiOiIyNzJmNmI1NS01MTc5LTRhZTMtODU2My1iNGVjMTBmNzY3MTUiLCJ1c2VybmFtZSI6ImpvaG5kb2UyZDVkIiwicm9sZSI6MCwiaWF0IjoxNzUwNzU3NTI4LCJleHAiOjE3NTA3NjExMjh9.oYoGv9xRIHuj08hJBAAkTpDGNXdGe192p_a-BntReVg","refresh_token":"fca5e045b2283534a03010fc7adfa97ade1099cf9411a2a9bf7095e500b163fd","user":{"id":"272f6b55-5179-4ae3-8563-b4ec10f76715","email":"testit5@gmail.com","username":"johndoe2d5d","name":"John Doe","phoneNumber":"0123456132","profilePic":null,"bio":null,"private":false,"verified":false,"role":0,"followersCount":0,"followingCount":0,"postCount":0}}

16:32:09.883 [pool-2-thread-8] INFO com.intuit.karate -- [print] 50-thread call completed, status: 200 
16:32:09.895 [pool-2-thread-31] DEBUG org.apache.http.wire -- http-outgoing-46 << "HTTP/1.1 200 OK[\r][\n]"
16:32:09.897 [pool-2-thread-31] DEBUG org.apache.http.wire -- http-outgoing-46 << "X-Powered-By: Express[\r][\n]"
16:32:09.897 [pool-2-thread-31] DEBUG org.apache.http.wire -- http-outgoing-46 << "Access-Control-Allow-Origin: *[\r][\n]"
16:32:09.897 [pool-2-thread-31] DEBUG org.apache.http.wire -- http-outgoing-46 << "Content-Type: application/json; charset=utf-8[\r][\n]"
16:32:09.897 [pool-2-thread-31] DEBUG org.apache.http.wire -- http-outgoing-46 << "Content-Length: 708[\r][\n]"
16:32:09.897 [pool-2-thread-31] DEBUG org.apache.http.wire -- http-outgoing-46 << "ETag: W/"2c4-CtIZ9t2XIC3gi/AeIDG2zukZ9nQ"[\r][\n]"
16:32:09.897 [pool-2-thread-31] DEBUG org.apache.http.wire -- http-outgoing-46 << "Date: Tue, 24 Jun 2025 09:32:09 GMT[\r][\n]"
16:32:09.897 [pool-2-thread-31] DEBUG org.apache.http.wire -- http-outgoing-46 << "Connection: keep-alive[\r][\n]"
16:32:09.897 [pool-2-thread-31] DEBUG org.apache.http.wire -- http-outgoing-46 << "Keep-Alive: timeout=5[\r][\n]"
16:32:09.897 [pool-2-thread-31] DEBUG org.apache.http.wire -- http-outgoing-46 << "[\r][\n]"
16:32:09.897 [pool-2-thread-31] DEBUG org.apache.http.wire -- http-outgoing-46 << "{"access_token":"eyJhbGciOiJIUzI1NiIsInR5cCI6IkpXVCJ9.eyJzdWIiOiIwODUxNWIwNS0yZDNlLTQ3ODktYWQ2MC1kYjM1NTI1YTQ5NzAiLCJ1c2VybmFtZSI6Im5hbSIsInJvbGUiOjAsImlhdCI6MTc1MDc1NzUyOCwiZXhwIjoxNzUwNzYxMTI4fQ.J4ydGfTvzhIYLMvVNNzOp-T1oVX50f5VAXznA6VYFYs","refresh_token":"0dc36a9b8daf322f5e3abdcd79a58215d90ba9bfc5e503107c754c348c95ad60","user":{"id":"08515b05-2d3e-4789-ad60-db35525a4970","email":"nam@gmail.com","username":"nam","name":"nam","phoneNumber":"0123456789","profilePic":"https://res.cloudinary.com/dizcvrefo/image/upload/v1749266646/nestjs_uploads/zk9zrpeidnovxibfqdxr.png","bio":"Chu tich hoi dong Quan tri 1","private":false,"verified":false,"role":0,"followersCount":2,"followingCount":5,"postCount":13}}"
16:32:09.897 [pool-2-thread-31] DEBUG org.apache.http.headers -- http-outgoing-46 << HTTP/1.1 200 OK
16:32:09.897 [pool-2-thread-31] DEBUG org.apache.http.headers -- http-outgoing-46 << X-Powered-By: Express
16:32:09.897 [pool-2-thread-31] DEBUG org.apache.http.headers -- http-outgoing-46 << Access-Control-Allow-Origin: *
16:32:09.897 [pool-2-thread-31] DEBUG org.apache.http.headers -- http-outgoing-46 << Content-Type: application/json; charset=utf-8
16:32:09.897 [pool-2-thread-31] DEBUG org.apache.http.headers -- http-outgoing-46 << Content-Length: 708
16:32:09.897 [pool-2-thread-31] DEBUG org.apache.http.headers -- http-outgoing-46 << ETag: W/"2c4-CtIZ9t2XIC3gi/AeIDG2zukZ9nQ"
16:32:09.897 [pool-2-thread-31] DEBUG org.apache.http.headers -- http-outgoing-46 << Date: Tue, 24 Jun 2025 09:32:09 GMT
16:32:09.897 [pool-2-thread-31] DEBUG org.apache.http.headers -- http-outgoing-46 << Connection: keep-alive
16:32:09.897 [pool-2-thread-31] DEBUG org.apache.http.headers -- http-outgoing-46 << Keep-Alive: timeout=5
16:32:09.897 [pool-2-thread-31] DEBUG org.apache.http.impl.execchain.MainClientExec -- Connection can be kept alive for 5000 MILLISECONDS
16:32:09.897 [pool-2-thread-31] DEBUG org.apache.http.impl.conn.PoolingHttpClientConnectionManager -- Connection [id: 33][route: {}->http://localhost:3000] can be kept alive for 5.0 seconds
16:32:09.897 [pool-2-thread-31] DEBUG org.apache.http.impl.conn.DefaultManagedHttpClientConnection -- http-outgoing-46: set socket timeout to 0
16:32:09.897 [pool-2-thread-31] DEBUG org.apache.http.impl.conn.PoolingHttpClientConnectionManager -- Connection released: [id: 33][route: {}->http://localhost:3000][total available: 1; route allocated: 1 of 5; total allocated: 1 of 10]
16:32:09.897 [pool-2-thread-31] DEBUG org.apache.http.impl.conn.PoolingHttpClientConnectionManager -- Connection manager is shutting down
16:32:09.897 [pool-2-thread-31] DEBUG org.apache.http.impl.conn.DefaultManagedHttpClientConnection -- http-outgoing-46: Close connection
16:32:09.897 [pool-2-thread-31] DEBUG org.apache.http.impl.conn.PoolingHttpClientConnectionManager -- Connection manager shut down
16:32:09.897 [pool-2-thread-31] DEBUG com.intuit.karate -- response time in milliseconds: 9394
1 < 200
1 < X-Powered-By: Express
1 < Access-Control-Allow-Origin: *
1 < Content-Type: application/json; charset=utf-8
1 < Content-Length: 708
1 < ETag: W/"2c4-CtIZ9t2XIC3gi/AeIDG2zukZ9nQ"
1 < Date: Tue, 24 Jun 2025 09:32:09 GMT
1 < Connection: keep-alive
1 < Keep-Alive: timeout=5
{"access_token":"eyJhbGciOiJIUzI1NiIsInR5cCI6IkpXVCJ9.eyJzdWIiOiIwODUxNWIwNS0yZDNlLTQ3ODktYWQ2MC1kYjM1NTI1YTQ5NzAiLCJ1c2VybmFtZSI6Im5hbSIsInJvbGUiOjAsImlhdCI6MTc1MDc1NzUyOCwiZXhwIjoxNzUwNzYxMTI4fQ.J4ydGfTvzhIYLMvVNNzOp-T1oVX50f5VAXznA6VYFYs","refresh_token":"0dc36a9b8daf322f5e3abdcd79a58215d90ba9bfc5e503107c754c348c95ad60","user":{"id":"08515b05-2d3e-4789-ad60-db35525a4970","email":"nam@gmail.com","username":"nam","name":"nam","phoneNumber":"0123456789","profilePic":"https://res.cloudinary.com/dizcvrefo/image/upload/v1749266646/nestjs_uploads/zk9zrpeidnovxibfqdxr.png","bio":"Chu tich hoi dong Quan tri 1","private":false,"verified":false,"role":0,"followersCount":2,"followingCount":5,"postCount":13}}

16:32:09.898 [pool-2-thread-31] INFO com.intuit.karate -- [print] 50-thread call completed, status: 200 
16:32:10.607 [pool-2-thread-41] DEBUG org.apache.http.wire -- http-outgoing-59 << "HTTP/1.1 200 OK[\r][\n]"
16:32:10.607 [pool-2-thread-41] DEBUG org.apache.http.wire -- http-outgoing-59 << "X-Powered-By: Express[\r][\n]"
16:32:10.607 [pool-2-thread-41] DEBUG org.apache.http.wire -- http-outgoing-59 << "Access-Control-Allow-Origin: *[\r][\n]"
16:32:10.607 [pool-2-thread-41] DEBUG org.apache.http.wire -- http-outgoing-59 << "Content-Type: application/json; charset=utf-8[\r][\n]"
16:32:10.607 [pool-2-thread-41] DEBUG org.apache.http.wire -- http-outgoing-59 << "Content-Length: 605[\r][\n]"
16:32:10.607 [pool-2-thread-41] DEBUG org.apache.http.wire -- http-outgoing-59 << "ETag: W/"25d-wT4JBBdaPsMlZ6O0GBTZTqiy6s8"[\r][\n]"
16:32:10.607 [pool-2-thread-41] DEBUG org.apache.http.wire -- http-outgoing-59 << "Date: Tue, 24 Jun 2025 09:32:10 GMT[\r][\n]"
16:32:10.607 [pool-2-thread-41] DEBUG org.apache.http.wire -- http-outgoing-59 << "Connection: keep-alive[\r][\n]"
16:32:10.607 [pool-2-thread-41] DEBUG org.apache.http.wire -- http-outgoing-59 << "Keep-Alive: timeout=5[\r][\n]"
16:32:10.607 [pool-2-thread-41] DEBUG org.apache.http.wire -- http-outgoing-59 << "[\r][\n]"
16:32:10.607 [pool-2-thread-41] DEBUG org.apache.http.wire -- http-outgoing-59 << "{"access_token":"eyJhbGciOiJIUzI1NiIsInR5cCI6IkpXVCJ9.eyJzdWIiOiIwYTM3ZWY0My1mZWU4LTQxZDMtYTY4Ni04YWIwODY5NDg2OTUiLCJ1c2VybmFtZSI6ImpvaG5kb2UyMSIsInJvbGUiOjAsImlhdCI6MTc1MDc1NzUyOCwiZXhwIjoxNzUwNzYxMTI4fQ.Xje540WVp8pVm1msy5cpb8HnBR8OYuxh0iXFfv1A8N4","refresh_token":"7e3476442f2bcb8e6eb9e475895dab4aa1eb75112d0482535a30eba8dee9d719","user":{"id":"0a37ef43-fee8-41d3-a686-8ab086948695","email":"testit2@gmail.com","username":"johndoe21","name":"John Doe","phoneNumber":"0123456712","profilePic":null,"bio":null,"private":false,"verified":false,"role":0,"followersCount":0,"followingCount":0,"postCount":0}}"
16:32:10.607 [pool-2-thread-12] DEBUG org.apache.http.wire -- http-outgoing-4 << "HTTP/1.1 200 OK[\r][\n]"
16:32:10.607 [pool-2-thread-12] DEBUG org.apache.http.wire -- http-outgoing-4 << "X-Powered-By: Express[\r][\n]"
16:32:10.607 [pool-2-thread-12] DEBUG org.apache.http.wire -- http-outgoing-4 << "Access-Control-Allow-Origin: *[\r][\n]"
16:32:10.607 [pool-2-thread-41] DEBUG org.apache.http.headers -- http-outgoing-59 << HTTP/1.1 200 OK
16:32:10.607 [pool-2-thread-12] DEBUG org.apache.http.wire -- http-outgoing-4 << "Content-Type: application/json; charset=utf-8[\r][\n]"
16:32:10.607 [pool-2-thread-12] DEBUG org.apache.http.wire -- http-outgoing-4 << "Content-Length: 715[\r][\n]"
16:32:10.607 [pool-2-thread-41] DEBUG org.apache.http.headers -- http-outgoing-59 << X-Powered-By: Express
16:32:10.607 [pool-2-thread-12] DEBUG org.apache.http.wire -- http-outgoing-4 << "ETag: W/"2cb-EevABtN+wuc8rkF44TeQBU4u5sE"[\r][\n]"
16:32:10.607 [pool-2-thread-41] DEBUG org.apache.http.headers -- http-outgoing-59 << Access-Control-Allow-Origin: *
16:32:10.607 [pool-2-thread-12] DEBUG org.apache.http.wire -- http-outgoing-4 << "Date: Tue, 24 Jun 2025 09:32:10 GMT[\r][\n]"
16:32:10.607 [pool-2-thread-41] DEBUG org.apache.http.headers -- http-outgoing-59 << Content-Type: application/json; charset=utf-8
16:32:10.607 [pool-2-thread-12] DEBUG org.apache.http.wire -- http-outgoing-4 << "Connection: keep-alive[\r][\n]"
16:32:10.607 [pool-2-thread-41] DEBUG org.apache.http.headers -- http-outgoing-59 << Content-Length: 605
16:32:10.607 [pool-2-thread-12] DEBUG org.apache.http.wire -- http-outgoing-4 << "Keep-Alive: timeout=5[\r][\n]"
16:32:10.607 [pool-2-thread-41] DEBUG org.apache.http.headers -- http-outgoing-59 << ETag: W/"25d-wT4JBBdaPsMlZ6O0GBTZTqiy6s8"
16:32:10.607 [pool-2-thread-12] DEBUG org.apache.http.wire -- http-outgoing-4 << "[\r][\n]"
16:32:10.607 [pool-2-thread-41] DEBUG org.apache.http.headers -- http-outgoing-59 << Date: Tue, 24 Jun 2025 09:32:10 GMT
16:32:10.607 [pool-2-thread-41] DEBUG org.apache.http.headers -- http-outgoing-59 << Connection: keep-alive
16:32:10.607 [pool-2-thread-41] DEBUG org.apache.http.headers -- http-outgoing-59 << Keep-Alive: timeout=5
16:32:10.607 [pool-2-thread-12] DEBUG org.apache.http.wire -- http-outgoing-4 << "{"access_token":"eyJhbGciOiJIUzI1NiIsInR5cCI6IkpXVCJ9.eyJzdWIiOiIyYjg0YWEyNC02NjhhLTQwZTItYWYxYy1hZDRmYzRmYTVhNmYiLCJ1c2VybmFtZSI6InF1YW5nMSIsInJvbGUiOjAsImlhdCI6MTc1MDc1NzUyOCwiZXhwIjoxNzUwNzYxMTI4fQ.lLrNvxRMx4-xCVOul8aCaXPOM3tDOJ86PG-Q7SN8lKc","refresh_token":"f325fff6f97599b22733629e4062f7463c968aaef79dd2a04a6e912544d6a980","user":{"id":"2b84aa24-668a-40e2-af1c-ad4fc4fa5a6f","email":"quang1@gmail.com","username":"quang1","name":"quang1","phoneNumber":"09874563210","profilePic":"https://res.cloudinary.com/dizcvrefo/image/upload/v1749027586/nestjs_uploads/xehairydt9rzlbmbmv4c.jpg","bio":"Thang Nam Lao Vua Thoi","private":false,"verified":false,"role":0,"followersCount":2,"followingCount":3,"postCount":2}}"
16:32:10.607 [pool-2-thread-12] DEBUG org.apache.http.headers -- http-outgoing-4 << HTTP/1.1 200 OK
16:32:10.607 [pool-2-thread-12] DEBUG org.apache.http.headers -- http-outgoing-4 << X-Powered-By: Express
16:32:10.607 [pool-2-thread-12] DEBUG org.apache.http.headers -- http-outgoing-4 << Access-Control-Allow-Origin: *
16:32:10.607 [pool-2-thread-12] DEBUG org.apache.http.headers -- http-outgoing-4 << Content-Type: application/json; charset=utf-8
16:32:10.607 [pool-2-thread-12] DEBUG org.apache.http.headers -- http-outgoing-4 << Content-Length: 715
16:32:10.607 [pool-2-thread-41] DEBUG org.apache.http.impl.execchain.MainClientExec -- Connection can be kept alive for 5000 MILLISECONDS
16:32:10.607 [pool-2-thread-12] DEBUG org.apache.http.headers -- http-outgoing-4 << ETag: W/"2cb-EevABtN+wuc8rkF44TeQBU4u5sE"
16:32:10.607 [pool-2-thread-12] DEBUG org.apache.http.headers -- http-outgoing-4 << Date: Tue, 24 Jun 2025 09:32:10 GMT
16:32:10.607 [pool-2-thread-12] DEBUG org.apache.http.headers -- http-outgoing-4 << Connection: keep-alive
16:32:10.607 [pool-2-thread-12] DEBUG org.apache.http.headers -- http-outgoing-4 << Keep-Alive: timeout=5
16:32:10.607 [pool-2-thread-12] DEBUG org.apache.http.impl.execchain.MainClientExec -- Connection can be kept alive for 5000 MILLISECONDS
16:32:10.607 [pool-2-thread-41] DEBUG org.apache.http.impl.conn.PoolingHttpClientConnectionManager -- Connection [id: 59][route: {}->http://localhost:3000] can be kept alive for 5.0 seconds
16:32:10.607 [pool-2-thread-41] DEBUG org.apache.http.impl.conn.DefaultManagedHttpClientConnection -- http-outgoing-59: set socket timeout to 0
16:32:10.607 [pool-2-thread-41] DEBUG org.apache.http.impl.conn.PoolingHttpClientConnectionManager -- Connection released: [id: 59][route: {}->http://localhost:3000][total available: 1; route allocated: 1 of 5; total allocated: 1 of 10]
16:32:10.607 [pool-2-thread-41] DEBUG org.apache.http.impl.conn.PoolingHttpClientConnectionManager -- Connection manager is shutting down
16:32:10.607 [pool-2-thread-12] DEBUG org.apache.http.impl.conn.PoolingHttpClientConnectionManager -- Connection [id: 31][route: {}->http://localhost:3000] can be kept alive for 5.0 seconds
16:32:10.607 [pool-2-thread-41] DEBUG org.apache.http.impl.conn.DefaultManagedHttpClientConnection -- http-outgoing-59: Close connection
16:32:10.607 [pool-2-thread-12] DEBUG org.apache.http.impl.conn.DefaultManagedHttpClientConnection -- http-outgoing-4: set socket timeout to 0
16:32:10.607 [pool-2-thread-12] DEBUG org.apache.http.impl.conn.PoolingHttpClientConnectionManager -- Connection released: [id: 31][route: {}->http://localhost:3000][total available: 1; route allocated: 1 of 5; total allocated: 1 of 10]
16:32:10.607 [pool-2-thread-12] DEBUG org.apache.http.impl.conn.PoolingHttpClientConnectionManager -- Connection manager is shutting down
16:32:10.607 [pool-2-thread-12] DEBUG org.apache.http.impl.conn.DefaultManagedHttpClientConnection -- http-outgoing-4: Close connection
16:32:10.607 [pool-2-thread-12] DEBUG org.apache.http.impl.conn.PoolingHttpClientConnectionManager -- Connection manager shut down
16:32:10.607 [pool-2-thread-41] DEBUG org.apache.http.impl.conn.PoolingHttpClientConnectionManager -- Connection manager shut down
16:32:10.607 [pool-2-thread-41] DEBUG com.intuit.karate -- response time in milliseconds: 6853
1 < 200
1 < X-Powered-By: Express
1 < Access-Control-Allow-Origin: *
1 < Content-Type: application/json; charset=utf-8
1 < Content-Length: 605
1 < ETag: W/"25d-wT4JBBdaPsMlZ6O0GBTZTqiy6s8"
1 < Date: Tue, 24 Jun 2025 09:32:10 GMT
1 < Connection: keep-alive
1 < Keep-Alive: timeout=5
{"access_token":"eyJhbGciOiJIUzI1NiIsInR5cCI6IkpXVCJ9.eyJzdWIiOiIwYTM3ZWY0My1mZWU4LTQxZDMtYTY4Ni04YWIwODY5NDg2OTUiLCJ1c2VybmFtZSI6ImpvaG5kb2UyMSIsInJvbGUiOjAsImlhdCI6MTc1MDc1NzUyOCwiZXhwIjoxNzUwNzYxMTI4fQ.Xje540WVp8pVm1msy5cpb8HnBR8OYuxh0iXFfv1A8N4","refresh_token":"7e3476442f2bcb8e6eb9e475895dab4aa1eb75112d0482535a30eba8dee9d719","user":{"id":"0a37ef43-fee8-41d3-a686-8ab086948695","email":"testit2@gmail.com","username":"johndoe21","name":"John Doe","phoneNumber":"0123456712","profilePic":null,"bio":null,"private":false,"verified":false,"role":0,"followersCount":0,"followingCount":0,"postCount":0}}

16:32:10.607 [pool-2-thread-12] DEBUG com.intuit.karate -- response time in milliseconds: 10104
1 < 200
1 < X-Powered-By: Express
1 < Access-Control-Allow-Origin: *
1 < Content-Type: application/json; charset=utf-8
1 < Content-Length: 715
1 < ETag: W/"2cb-EevABtN+wuc8rkF44TeQBU4u5sE"
1 < Date: Tue, 24 Jun 2025 09:32:10 GMT
1 < Connection: keep-alive
1 < Keep-Alive: timeout=5
{"access_token":"eyJhbGciOiJIUzI1NiIsInR5cCI6IkpXVCJ9.eyJzdWIiOiIyYjg0YWEyNC02NjhhLTQwZTItYWYxYy1hZDRmYzRmYTVhNmYiLCJ1c2VybmFtZSI6InF1YW5nMSIsInJvbGUiOjAsImlhdCI6MTc1MDc1NzUyOCwiZXhwIjoxNzUwNzYxMTI4fQ.lLrNvxRMx4-xCVOul8aCaXPOM3tDOJ86PG-Q7SN8lKc","refresh_token":"f325fff6f97599b22733629e4062f7463c968aaef79dd2a04a6e912544d6a980","user":{"id":"2b84aa24-668a-40e2-af1c-ad4fc4fa5a6f","email":"quang1@gmail.com","username":"quang1","name":"quang1","phoneNumber":"09874563210","profilePic":"https://res.cloudinary.com/dizcvrefo/image/upload/v1749027586/nestjs_uploads/xehairydt9rzlbmbmv4c.jpg","bio":"Thang Nam Lao Vua Thoi","private":false,"verified":false,"role":0,"followersCount":2,"followingCount":3,"postCount":2}}

16:32:10.608 [pool-2-thread-12] INFO com.intuit.karate -- [print] 50-thread call completed, status: 200 
16:32:10.608 [pool-2-thread-41] INFO com.intuit.karate -- [print] 50-thread call completed, status: 200 
16:32:11.605 [pool-2-thread-47] DEBUG org.apache.http.wire -- http-outgoing-34 << "HTTP/1.1 200 OK[\r][\n]"
16:32:11.605 [pool-2-thread-47] DEBUG org.apache.http.wire -- http-outgoing-34 << "X-Powered-By: Express[\r][\n]"
16:32:11.605 [pool-2-thread-47] DEBUG org.apache.http.wire -- http-outgoing-34 << "Access-Control-Allow-Origin: *[\r][\n]"
16:32:11.605 [pool-2-thread-47] DEBUG org.apache.http.wire -- http-outgoing-34 << "Content-Type: application/json; charset=utf-8[\r][\n]"
16:32:11.605 [pool-2-thread-47] DEBUG org.apache.http.wire -- http-outgoing-34 << "Content-Length: 605[\r][\n]"
16:32:11.605 [pool-2-thread-47] DEBUG org.apache.http.wire -- http-outgoing-34 << "ETag: W/"25d-gDn4xX7b/hZtCoY3ng4oZNCv8sI"[\r][\n]"
16:32:11.605 [pool-2-thread-47] DEBUG org.apache.http.wire -- http-outgoing-34 << "Date: Tue, 24 Jun 2025 09:32:11 GMT[\r][\n]"
16:32:11.605 [pool-2-thread-47] DEBUG org.apache.http.wire -- http-outgoing-34 << "Connection: keep-alive[\r][\n]"
16:32:11.605 [pool-2-thread-47] DEBUG org.apache.http.wire -- http-outgoing-34 << "Keep-Alive: timeout=5[\r][\n]"
16:32:11.605 [pool-2-thread-47] DEBUG org.apache.http.wire -- http-outgoing-34 << "[\r][\n]"
16:32:11.605 [pool-2-thread-47] DEBUG org.apache.http.wire -- http-outgoing-34 << "{"access_token":"eyJhbGciOiJIUzI1NiIsInR5cCI6IkpXVCJ9.eyJzdWIiOiI2NTBjZTFlZC1hYWNhLTQzOGYtOTk4OC0xZjA1OGFiNWFhMWEiLCJ1c2VybmFtZSI6ImpvaG5kb2UyNSIsInJvbGUiOjAsImlhdCI6MTc1MDc1NzUzMCwiZXhwIjoxNzUwNzYxMTMwfQ.NvK9RwWd_cBSVto7CBFSI60JNap9qZl_N1g2Drp9gxw","refresh_token":"782ea50fa1eab41813a6c2a8b7831d475220b5250aea7af34f33e7adc046f54c","user":{"id":"650ce1ed-aaca-438f-9988-1f058ab5aa1a","email":"testit3@gmail.com","username":"johndoe25","name":"John Doe","phoneNumber":"0123456713","profilePic":null,"bio":null,"private":false,"verified":false,"role":0,"followersCount":0,"followingCount":0,"postCount":0}}"
16:32:11.605 [pool-2-thread-47] DEBUG org.apache.http.headers -- http-outgoing-34 << HTTP/1.1 200 OK
16:32:11.605 [pool-2-thread-47] DEBUG org.apache.http.headers -- http-outgoing-34 << X-Powered-By: Express
16:32:11.605 [pool-2-thread-47] DEBUG org.apache.http.headers -- http-outgoing-34 << Access-Control-Allow-Origin: *
16:32:11.605 [pool-2-thread-47] DEBUG org.apache.http.headers -- http-outgoing-34 << Content-Type: application/json; charset=utf-8
16:32:11.605 [pool-2-thread-47] DEBUG org.apache.http.headers -- http-outgoing-34 << Content-Length: 605
16:32:11.605 [pool-2-thread-47] DEBUG org.apache.http.headers -- http-outgoing-34 << ETag: W/"25d-gDn4xX7b/hZtCoY3ng4oZNCv8sI"
16:32:11.605 [pool-2-thread-47] DEBUG org.apache.http.headers -- http-outgoing-34 << Date: Tue, 24 Jun 2025 09:32:11 GMT
16:32:11.605 [pool-2-thread-47] DEBUG org.apache.http.headers -- http-outgoing-34 << Connection: keep-alive
16:32:11.605 [pool-2-thread-47] DEBUG org.apache.http.headers -- http-outgoing-34 << Keep-Alive: timeout=5
16:32:11.605 [pool-2-thread-47] DEBUG org.apache.http.impl.execchain.MainClientExec -- Connection can be kept alive for 5000 MILLISECONDS
16:32:11.606 [pool-2-thread-47] DEBUG org.apache.http.impl.conn.PoolingHttpClientConnectionManager -- Connection [id: 3][route: {}->http://localhost:3000] can be kept alive for 5.0 seconds
16:32:11.606 [pool-2-thread-47] DEBUG org.apache.http.impl.conn.DefaultManagedHttpClientConnection -- http-outgoing-34: set socket timeout to 0
16:32:11.607 [pool-2-thread-47] DEBUG org.apache.http.impl.conn.PoolingHttpClientConnectionManager -- Connection released: [id: 3][route: {}->http://localhost:3000][total available: 1; route allocated: 1 of 5; total allocated: 1 of 10]
16:32:11.607 [pool-2-thread-47] DEBUG org.apache.http.impl.conn.PoolingHttpClientConnectionManager -- Connection manager is shutting down
16:32:11.607 [pool-2-thread-47] DEBUG org.apache.http.impl.conn.DefaultManagedHttpClientConnection -- http-outgoing-34: Close connection
16:32:11.607 [pool-2-thread-47] DEBUG org.apache.http.impl.conn.PoolingHttpClientConnectionManager -- Connection manager shut down
16:32:11.607 [pool-2-thread-47] DEBUG com.intuit.karate -- response time in milliseconds: 11108
1 < 200
1 < X-Powered-By: Express
1 < Access-Control-Allow-Origin: *
1 < Content-Type: application/json; charset=utf-8
1 < Content-Length: 605
1 < ETag: W/"25d-gDn4xX7b/hZtCoY3ng4oZNCv8sI"
1 < Date: Tue, 24 Jun 2025 09:32:11 GMT
1 < Connection: keep-alive
1 < Keep-Alive: timeout=5
{"access_token":"eyJhbGciOiJIUzI1NiIsInR5cCI6IkpXVCJ9.eyJzdWIiOiI2NTBjZTFlZC1hYWNhLTQzOGYtOTk4OC0xZjA1OGFiNWFhMWEiLCJ1c2VybmFtZSI6ImpvaG5kb2UyNSIsInJvbGUiOjAsImlhdCI6MTc1MDc1NzUzMCwiZXhwIjoxNzUwNzYxMTMwfQ.NvK9RwWd_cBSVto7CBFSI60JNap9qZl_N1g2Drp9gxw","refresh_token":"782ea50fa1eab41813a6c2a8b7831d475220b5250aea7af34f33e7adc046f54c","user":{"id":"650ce1ed-aaca-438f-9988-1f058ab5aa1a","email":"testit3@gmail.com","username":"johndoe25","name":"John Doe","phoneNumber":"0123456713","profilePic":null,"bio":null,"private":false,"verified":false,"role":0,"followersCount":0,"followingCount":0,"postCount":0}}

16:32:11.607 [pool-2-thread-47] INFO com.intuit.karate -- [print] 50-thread call completed, status: 200 
16:32:11.705 [pool-2-thread-40] DEBUG org.apache.http.wire -- http-outgoing-69 << "HTTP/1.1 200 OK[\r][\n]"
16:32:11.705 [pool-2-thread-40] DEBUG org.apache.http.wire -- http-outgoing-69 << "X-Powered-By: Express[\r][\n]"
16:32:11.705 [pool-2-thread-40] DEBUG org.apache.http.wire -- http-outgoing-69 << "Access-Control-Allow-Origin: *[\r][\n]"
16:32:11.705 [pool-2-thread-40] DEBUG org.apache.http.wire -- http-outgoing-69 << "Content-Type: application/json; charset=utf-8[\r][\n]"
16:32:11.705 [pool-2-thread-40] DEBUG org.apache.http.wire -- http-outgoing-69 << "Content-Length: 605[\r][\n]"
16:32:11.705 [pool-2-thread-40] DEBUG org.apache.http.wire -- http-outgoing-69 << "ETag: W/"25d-bTI3cYor5+Es74INUp1IUOVKVUM"[\r][\n]"
16:32:11.705 [pool-2-thread-40] DEBUG org.apache.http.wire -- http-outgoing-69 << "Date: Tue, 24 Jun 2025 09:32:11 GMT[\r][\n]"
16:32:11.705 [pool-2-thread-40] DEBUG org.apache.http.wire -- http-outgoing-69 << "Connection: keep-alive[\r][\n]"
16:32:11.705 [pool-2-thread-40] DEBUG org.apache.http.wire -- http-outgoing-69 << "Keep-Alive: timeout=5[\r][\n]"
16:32:11.705 [pool-2-thread-40] DEBUG org.apache.http.wire -- http-outgoing-69 << "[\r][\n]"
16:32:11.705 [pool-2-thread-40] DEBUG org.apache.http.wire -- http-outgoing-69 << "{"access_token":"eyJhbGciOiJIUzI1NiIsInR5cCI6IkpXVCJ9.eyJzdWIiOiIwYTM3ZWY0My1mZWU4LTQxZDMtYTY4Ni04YWIwODY5NDg2OTUiLCJ1c2VybmFtZSI6ImpvaG5kb2UyMSIsInJvbGUiOjAsImlhdCI6MTc1MDc1NzUzMCwiZXhwIjoxNzUwNzYxMTMwfQ.z4AX53u4N6E_H15kSiRgDmBwI5z22a_r5GjiV-OvF48","refresh_token":"79e6a26d4446d89caa3312f5428a8ce6668d21d6e3643c4c7356d0886cf4c48d","user":{"id":"0a37ef43-fee8-41d3-a686-8ab086948695","email":"testit2@gmail.com","username":"johndoe21","name":"John Doe","phoneNumber":"0123456712","profilePic":null,"bio":null,"private":false,"verified":false,"role":0,"followersCount":0,"followingCount":0,"postCount":0}}"
16:32:11.705 [pool-2-thread-40] DEBUG org.apache.http.headers -- http-outgoing-69 << HTTP/1.1 200 OK
16:32:11.705 [pool-2-thread-40] DEBUG org.apache.http.headers -- http-outgoing-69 << X-Powered-By: Express
16:32:11.705 [pool-2-thread-40] DEBUG org.apache.http.headers -- http-outgoing-69 << Access-Control-Allow-Origin: *
16:32:11.705 [pool-2-thread-40] DEBUG org.apache.http.headers -- http-outgoing-69 << Content-Type: application/json; charset=utf-8
16:32:11.705 [pool-2-thread-40] DEBUG org.apache.http.headers -- http-outgoing-69 << Content-Length: 605
16:32:11.705 [pool-2-thread-40] DEBUG org.apache.http.headers -- http-outgoing-69 << ETag: W/"25d-bTI3cYor5+Es74INUp1IUOVKVUM"
16:32:11.705 [pool-2-thread-40] DEBUG org.apache.http.headers -- http-outgoing-69 << Date: Tue, 24 Jun 2025 09:32:11 GMT
16:32:11.705 [pool-2-thread-40] DEBUG org.apache.http.headers -- http-outgoing-69 << Connection: keep-alive
16:32:11.705 [pool-2-thread-40] DEBUG org.apache.http.headers -- http-outgoing-69 << Keep-Alive: timeout=5
16:32:11.705 [pool-2-thread-40] DEBUG org.apache.http.impl.execchain.MainClientExec -- Connection can be kept alive for 5000 MILLISECONDS
16:32:11.705 [pool-2-thread-40] DEBUG org.apache.http.impl.conn.PoolingHttpClientConnectionManager -- Connection [id: 69][route: {}->http://localhost:3000] can be kept alive for 5.0 seconds
16:32:11.705 [pool-2-thread-40] DEBUG org.apache.http.impl.conn.DefaultManagedHttpClientConnection -- http-outgoing-69: set socket timeout to 0
16:32:11.705 [pool-2-thread-40] DEBUG org.apache.http.impl.conn.PoolingHttpClientConnectionManager -- Connection released: [id: 69][route: {}->http://localhost:3000][total available: 1; route allocated: 1 of 5; total allocated: 1 of 10]
16:32:11.705 [pool-2-thread-40] DEBUG org.apache.http.impl.conn.PoolingHttpClientConnectionManager -- Connection manager is shutting down
16:32:11.706 [pool-2-thread-40] DEBUG org.apache.http.impl.conn.DefaultManagedHttpClientConnection -- http-outgoing-69: Close connection
16:32:11.706 [pool-2-thread-40] DEBUG org.apache.http.impl.conn.PoolingHttpClientConnectionManager -- Connection manager shut down
16:32:11.706 [pool-2-thread-40] DEBUG com.intuit.karate -- response time in milliseconds: 6796
1 < 200
1 < X-Powered-By: Express
1 < Access-Control-Allow-Origin: *
1 < Content-Type: application/json; charset=utf-8
1 < Content-Length: 605
1 < ETag: W/"25d-bTI3cYor5+Es74INUp1IUOVKVUM"
1 < Date: Tue, 24 Jun 2025 09:32:11 GMT
1 < Connection: keep-alive
1 < Keep-Alive: timeout=5
{"access_token":"eyJhbGciOiJIUzI1NiIsInR5cCI6IkpXVCJ9.eyJzdWIiOiIwYTM3ZWY0My1mZWU4LTQxZDMtYTY4Ni04YWIwODY5NDg2OTUiLCJ1c2VybmFtZSI6ImpvaG5kb2UyMSIsInJvbGUiOjAsImlhdCI6MTc1MDc1NzUzMCwiZXhwIjoxNzUwNzYxMTMwfQ.z4AX53u4N6E_H15kSiRgDmBwI5z22a_r5GjiV-OvF48","refresh_token":"79e6a26d4446d89caa3312f5428a8ce6668d21d6e3643c4c7356d0886cf4c48d","user":{"id":"0a37ef43-fee8-41d3-a686-8ab086948695","email":"testit2@gmail.com","username":"johndoe21","name":"John Doe","phoneNumber":"0123456712","profilePic":null,"bio":null,"private":false,"verified":false,"role":0,"followersCount":0,"followingCount":0,"postCount":0}}

16:32:11.707 [pool-2-thread-40] INFO com.intuit.karate -- [print] 50-thread call completed, status: 200 
16:32:11.722 [pool-2-thread-10] DEBUG org.apache.http.wire -- http-outgoing-81 << "HTTP/1.1 200 OK[\r][\n]"
16:32:11.722 [pool-2-thread-10] DEBUG org.apache.http.wire -- http-outgoing-81 << "X-Powered-By: Express[\r][\n]"
16:32:11.722 [pool-2-thread-10] DEBUG org.apache.http.wire -- http-outgoing-81 << "Access-Control-Allow-Origin: *[\r][\n]"
16:32:11.722 [pool-2-thread-10] DEBUG org.apache.http.wire -- http-outgoing-81 << "Content-Type: application/json; charset=utf-8[\r][\n]"
16:32:11.722 [pool-2-thread-10] DEBUG org.apache.http.wire -- http-outgoing-81 << "Content-Length: 715[\r][\n]"
16:32:11.722 [pool-2-thread-10] DEBUG org.apache.http.wire -- http-outgoing-81 << "ETag: W/"2cb-yRWYFdViUXUymFwRnH5wLbKGdAc"[\r][\n]"
16:32:11.722 [pool-2-thread-10] DEBUG org.apache.http.wire -- http-outgoing-81 << "Date: Tue, 24 Jun 2025 09:32:11 GMT[\r][\n]"
16:32:11.722 [pool-2-thread-10] DEBUG org.apache.http.wire -- http-outgoing-81 << "Connection: keep-alive[\r][\n]"
16:32:11.722 [pool-2-thread-10] DEBUG org.apache.http.wire -- http-outgoing-81 << "Keep-Alive: timeout=5[\r][\n]"
16:32:11.722 [pool-2-thread-10] DEBUG org.apache.http.wire -- http-outgoing-81 << "[\r][\n]"
16:32:11.722 [pool-2-thread-10] DEBUG org.apache.http.wire -- http-outgoing-81 << "{"access_token":"eyJhbGciOiJIUzI1NiIsInR5cCI6IkpXVCJ9.eyJzdWIiOiIyYjg0YWEyNC02NjhhLTQwZTItYWYxYy1hZDRmYzRmYTVhNmYiLCJ1c2VybmFtZSI6InF1YW5nMSIsInJvbGUiOjAsImlhdCI6MTc1MDc1NzUzMCwiZXhwIjoxNzUwNzYxMTMwfQ.ptAbQ0ofmSVPpg7Wl6WV5gbZLnxNt3qP9yCzyov6d_0","refresh_token":"6afa65bc9d135b20deefa41621ecc8b9ded28bc3b6a220243f7039836def4e20","user":{"id":"2b84aa24-668a-40e2-af1c-ad4fc4fa5a6f","email":"quang1@gmail.com","username":"quang1","name":"quang1","phoneNumber":"09874563210","profilePic":"https://res.cloudinary.com/dizcvrefo/image/upload/v1749027586/nestjs_uploads/xehairydt9rzlbmbmv4c.jpg","bio":"Thang Nam Lao Vua Thoi","private":false,"verified":false,"role":0,"followersCount":2,"followingCount":3,"postCount":2}}"
16:32:11.722 [pool-2-thread-10] DEBUG org.apache.http.headers -- http-outgoing-81 << HTTP/1.1 200 OK
16:32:11.722 [pool-2-thread-10] DEBUG org.apache.http.headers -- http-outgoing-81 << X-Powered-By: Express
16:32:11.722 [pool-2-thread-10] DEBUG org.apache.http.headers -- http-outgoing-81 << Access-Control-Allow-Origin: *
16:32:11.722 [pool-2-thread-10] DEBUG org.apache.http.headers -- http-outgoing-81 << Content-Type: application/json; charset=utf-8
16:32:11.722 [pool-2-thread-10] DEBUG org.apache.http.headers -- http-outgoing-81 << Content-Length: 715
16:32:11.722 [pool-2-thread-10] DEBUG org.apache.http.headers -- http-outgoing-81 << ETag: W/"2cb-yRWYFdViUXUymFwRnH5wLbKGdAc"
16:32:11.722 [pool-2-thread-10] DEBUG org.apache.http.headers -- http-outgoing-81 << Date: Tue, 24 Jun 2025 09:32:11 GMT
16:32:11.722 [pool-2-thread-10] DEBUG org.apache.http.headers -- http-outgoing-81 << Connection: keep-alive
16:32:11.722 [pool-2-thread-10] DEBUG org.apache.http.headers -- http-outgoing-81 << Keep-Alive: timeout=5
16:32:11.722 [pool-2-thread-24] DEBUG org.apache.http.wire -- http-outgoing-78 << "HTTP/1.1 200 OK[\r][\n]"
16:32:11.722 [pool-2-thread-24] DEBUG org.apache.http.wire -- http-outgoing-78 << "X-Powered-By: Express[\r][\n]"
16:32:11.722 [pool-2-thread-24] DEBUG org.apache.http.wire -- http-outgoing-78 << "Access-Control-Allow-Origin: *[\r][\n]"
16:32:11.722 [pool-2-thread-24] DEBUG org.apache.http.wire -- http-outgoing-78 << "Content-Type: application/json; charset=utf-8[\r][\n]"
16:32:11.722 [pool-2-thread-24] DEBUG org.apache.http.wire -- http-outgoing-78 << "Content-Length: 604[\r][\n]"
16:32:11.722 [pool-2-thread-24] DEBUG org.apache.http.wire -- http-outgoing-78 << "ETag: W/"25c-9Mgy5Gk19PoorXV0zULLJtzNJFk"[\r][\n]"
16:32:11.722 [pool-2-thread-24] DEBUG org.apache.http.wire -- http-outgoing-78 << "Date: Tue, 24 Jun 2025 09:32:11 GMT[\r][\n]"
16:32:11.722 [pool-2-thread-24] DEBUG org.apache.http.wire -- http-outgoing-78 << "Connection: keep-alive[\r][\n]"
16:32:11.722 [pool-2-thread-24] DEBUG org.apache.http.wire -- http-outgoing-78 << "Keep-Alive: timeout=5[\r][\n]"
16:32:11.722 [pool-2-thread-24] DEBUG org.apache.http.wire -- http-outgoing-78 << "[\r][\n]"
16:32:11.722 [pool-2-thread-24] DEBUG org.apache.http.wire -- http-outgoing-78 << "{"access_token":"eyJhbGciOiJIUzI1NiIsInR5cCI6IkpXVCJ9.eyJzdWIiOiJkZjZmMDkxOS1hMjNkLTQ0YzktYTkyNS00ZWE4YmU1MjVkMTAiLCJ1c2VybmFtZSI6ImpvaG5kb2UyMyIsInJvbGUiOjAsImlhdCI6MTc1MDc1NzUzMCwiZXhwIjoxNzUwNzYxMTMwfQ.eAk50iUml9Oe3Zu8c8K1pP-TwK_hhSEoMERQ1SC0fmk","refresh_token":"cef62ad99441a138b5f07ea352ba0fc48bce6449000a26c4e244711f9abd5e16","user":{"id":"df6f0919-a23d-44c9-a925-4ea8be525d10","email":"testit@gmail.com","username":"johndoe23","name":"John Doe","phoneNumber":"0123456788","profilePic":null,"bio":null,"private":false,"verified":false,"role":0,"followersCount":0,"followingCount":0,"postCount":0}}"
16:32:11.722 [pool-2-thread-10] DEBUG org.apache.http.impl.execchain.MainClientExec -- Connection can be kept alive for 5000 MILLISECONDS
16:32:11.722 [pool-2-thread-24] DEBUG org.apache.http.headers -- http-outgoing-78 << HTTP/1.1 200 OK
16:32:11.722 [pool-2-thread-24] DEBUG org.apache.http.headers -- http-outgoing-78 << X-Powered-By: Express
16:32:11.722 [pool-2-thread-24] DEBUG org.apache.http.headers -- http-outgoing-78 << Access-Control-Allow-Origin: *
16:32:11.722 [pool-2-thread-24] DEBUG org.apache.http.headers -- http-outgoing-78 << Content-Type: application/json; charset=utf-8
16:32:11.722 [pool-2-thread-24] DEBUG org.apache.http.headers -- http-outgoing-78 << Content-Length: 604
16:32:11.722 [pool-2-thread-24] DEBUG org.apache.http.headers -- http-outgoing-78 << ETag: W/"25c-9Mgy5Gk19PoorXV0zULLJtzNJFk"
16:32:11.722 [pool-2-thread-24] DEBUG org.apache.http.headers -- http-outgoing-78 << Date: Tue, 24 Jun 2025 09:32:11 GMT
16:32:11.722 [pool-2-thread-24] DEBUG org.apache.http.headers -- http-outgoing-78 << Connection: keep-alive
16:32:11.722 [pool-2-thread-24] DEBUG org.apache.http.headers -- http-outgoing-78 << Keep-Alive: timeout=5
16:32:11.722 [pool-2-thread-24] DEBUG org.apache.http.impl.execchain.MainClientExec -- Connection can be kept alive for 5000 MILLISECONDS
16:32:11.722 [pool-2-thread-10] DEBUG org.apache.http.impl.conn.PoolingHttpClientConnectionManager -- Connection [id: 81][route: {}->http://localhost:3000] can be kept alive for 5.0 seconds
16:32:11.722 [pool-2-thread-10] DEBUG org.apache.http.impl.conn.DefaultManagedHttpClientConnection -- http-outgoing-81: set socket timeout to 0
16:32:11.722 [pool-2-thread-24] DEBUG org.apache.http.impl.conn.PoolingHttpClientConnectionManager -- Connection [id: 78][route: {}->http://localhost:3000] can be kept alive for 5.0 seconds
16:32:11.722 [pool-2-thread-24] DEBUG org.apache.http.impl.conn.DefaultManagedHttpClientConnection -- http-outgoing-78: set socket timeout to 0
16:32:11.724 [pool-2-thread-24] DEBUG org.apache.http.impl.conn.PoolingHttpClientConnectionManager -- Connection released: [id: 78][route: {}->http://localhost:3000][total available: 1; route allocated: 1 of 5; total allocated: 1 of 10]
16:32:11.724 [pool-2-thread-10] DEBUG org.apache.http.impl.conn.PoolingHttpClientConnectionManager -- Connection released: [id: 81][route: {}->http://localhost:3000][total available: 1; route allocated: 1 of 5; total allocated: 1 of 10]
16:32:11.724 [pool-2-thread-10] DEBUG org.apache.http.impl.conn.PoolingHttpClientConnectionManager -- Connection manager is shutting down
16:32:11.724 [pool-2-thread-24] DEBUG org.apache.http.impl.conn.PoolingHttpClientConnectionManager -- Connection manager is shutting down
16:32:11.724 [pool-2-thread-10] DEBUG org.apache.http.impl.conn.DefaultManagedHttpClientConnection -- http-outgoing-81: Close connection
16:32:11.724 [pool-2-thread-24] DEBUG org.apache.http.impl.conn.DefaultManagedHttpClientConnection -- http-outgoing-78: Close connection
16:32:11.724 [pool-2-thread-24] DEBUG org.apache.http.impl.conn.PoolingHttpClientConnectionManager -- Connection manager shut down
16:32:11.724 [pool-2-thread-10] DEBUG org.apache.http.impl.conn.PoolingHttpClientConnectionManager -- Connection manager shut down
16:32:11.724 [pool-2-thread-24] DEBUG com.intuit.karate -- response time in milliseconds: 4974
1 < 200
1 < X-Powered-By: Express
1 < Access-Control-Allow-Origin: *
1 < Content-Type: application/json; charset=utf-8
1 < Content-Length: 604
1 < ETag: W/"25c-9Mgy5Gk19PoorXV0zULLJtzNJFk"
1 < Date: Tue, 24 Jun 2025 09:32:11 GMT
1 < Connection: keep-alive
1 < Keep-Alive: timeout=5
{"access_token":"eyJhbGciOiJIUzI1NiIsInR5cCI6IkpXVCJ9.eyJzdWIiOiJkZjZmMDkxOS1hMjNkLTQ0YzktYTkyNS00ZWE4YmU1MjVkMTAiLCJ1c2VybmFtZSI6ImpvaG5kb2UyMyIsInJvbGUiOjAsImlhdCI6MTc1MDc1NzUzMCwiZXhwIjoxNzUwNzYxMTMwfQ.eAk50iUml9Oe3Zu8c8K1pP-TwK_hhSEoMERQ1SC0fmk","refresh_token":"cef62ad99441a138b5f07ea352ba0fc48bce6449000a26c4e244711f9abd5e16","user":{"id":"df6f0919-a23d-44c9-a925-4ea8be525d10","email":"testit@gmail.com","username":"johndoe23","name":"John Doe","phoneNumber":"0123456788","profilePic":null,"bio":null,"private":false,"verified":false,"role":0,"followersCount":0,"followingCount":0,"postCount":0}}

16:32:11.724 [pool-2-thread-10] DEBUG com.intuit.karate -- response time in milliseconds: 4945
1 < 200
1 < X-Powered-By: Express
1 < Access-Control-Allow-Origin: *
1 < Content-Type: application/json; charset=utf-8
1 < Content-Length: 715
1 < ETag: W/"2cb-yRWYFdViUXUymFwRnH5wLbKGdAc"
1 < Date: Tue, 24 Jun 2025 09:32:11 GMT
1 < Connection: keep-alive
1 < Keep-Alive: timeout=5
{"access_token":"eyJhbGciOiJIUzI1NiIsInR5cCI6IkpXVCJ9.eyJzdWIiOiIyYjg0YWEyNC02NjhhLTQwZTItYWYxYy1hZDRmYzRmYTVhNmYiLCJ1c2VybmFtZSI6InF1YW5nMSIsInJvbGUiOjAsImlhdCI6MTc1MDc1NzUzMCwiZXhwIjoxNzUwNzYxMTMwfQ.ptAbQ0ofmSVPpg7Wl6WV5gbZLnxNt3qP9yCzyov6d_0","refresh_token":"6afa65bc9d135b20deefa41621ecc8b9ded28bc3b6a220243f7039836def4e20","user":{"id":"2b84aa24-668a-40e2-af1c-ad4fc4fa5a6f","email":"quang1@gmail.com","username":"quang1","name":"quang1","phoneNumber":"09874563210","profilePic":"https://res.cloudinary.com/dizcvrefo/image/upload/v1749027586/nestjs_uploads/xehairydt9rzlbmbmv4c.jpg","bio":"Thang Nam Lao Vua Thoi","private":false,"verified":false,"role":0,"followersCount":2,"followingCount":3,"postCount":2}}

16:32:11.724 [pool-2-thread-43] DEBUG org.apache.http.wire -- http-outgoing-77 << "HTTP/1.1 200 OK[\r][\n]"
16:32:11.724 [pool-2-thread-43] DEBUG org.apache.http.wire -- http-outgoing-77 << "X-Powered-By: Express[\r][\n]"
16:32:11.724 [pool-2-thread-43] DEBUG org.apache.http.wire -- http-outgoing-77 << "Access-Control-Allow-Origin: *[\r][\n]"
16:32:11.724 [pool-2-thread-43] DEBUG org.apache.http.wire -- http-outgoing-77 << "Content-Type: application/json; charset=utf-8[\r][\n]"
16:32:11.724 [pool-2-thread-43] DEBUG org.apache.http.wire -- http-outgoing-77 << "Content-Length: 609[\r][\n]"
16:32:11.724 [pool-2-thread-43] DEBUG org.apache.http.wire -- http-outgoing-77 << "ETag: W/"261-qCEdnpzXEUgSc9GIQB3nek5DOUM"[\r][\n]"
16:32:11.724 [pool-2-thread-43] DEBUG org.apache.http.wire -- http-outgoing-77 << "Date: Tue, 24 Jun 2025 09:32:11 GMT[\r][\n]"
16:32:11.724 [pool-2-thread-43] DEBUG org.apache.http.wire -- http-outgoing-77 << "Connection: keep-alive[\r][\n]"
16:32:11.724 [pool-2-thread-43] DEBUG org.apache.http.wire -- http-outgoing-77 << "Keep-Alive: timeout=5[\r][\n]"
16:32:11.724 [pool-2-thread-43] DEBUG org.apache.http.wire -- http-outgoing-77 << "[\r][\n]"
16:32:11.724 [pool-2-thread-43] DEBUG org.apache.http.wire -- http-outgoing-77 << "{"access_token":"eyJhbGciOiJIUzI1NiIsInR5cCI6IkpXVCJ9.eyJzdWIiOiIyNzJmNmI1NS01MTc5LTRhZTMtODU2My1iNGVjMTBmNzY3MTUiLCJ1c2VybmFtZSI6ImpvaG5kb2UyZDVkIiwicm9sZSI6MCwiaWF0IjoxNzUwNzU3NTMwLCJleHAiOjE3NTA3NjExMzB9.78YLFI_23xXoBOiuRt3f7AQtr8J85XQjq8HaO_lpbmM","refresh_token":"82868c2b75fa28095be93bdac3204fae7821d40abf694463b13f65b7787a62ab","user":{"id":"272f6b55-5179-4ae3-8563-b4ec10f76715","email":"testit5@gmail.com","username":"johndoe2d5d","name":"John Doe","phoneNumber":"0123456132","profilePic":null,"bio":null,"private":false,"verified":false,"role":0,"followersCount":0,"followingCount":0,"postCount":0}}"
16:32:11.724 [pool-2-thread-43] DEBUG org.apache.http.headers -- http-outgoing-77 << HTTP/1.1 200 OK
16:32:11.724 [pool-2-thread-43] DEBUG org.apache.http.headers -- http-outgoing-77 << X-Powered-By: Express
16:32:11.724 [pool-2-thread-43] DEBUG org.apache.http.headers -- http-outgoing-77 << Access-Control-Allow-Origin: *
16:32:11.724 [pool-2-thread-43] DEBUG org.apache.http.headers -- http-outgoing-77 << Content-Type: application/json; charset=utf-8
16:32:11.724 [pool-2-thread-43] DEBUG org.apache.http.headers -- http-outgoing-77 << Content-Length: 609
16:32:11.724 [pool-2-thread-43] DEBUG org.apache.http.headers -- http-outgoing-77 << ETag: W/"261-qCEdnpzXEUgSc9GIQB3nek5DOUM"
16:32:11.724 [pool-2-thread-43] DEBUG org.apache.http.headers -- http-outgoing-77 << Date: Tue, 24 Jun 2025 09:32:11 GMT
16:32:11.724 [pool-2-thread-43] DEBUG org.apache.http.headers -- http-outgoing-77 << Connection: keep-alive
16:32:11.724 [pool-2-thread-43] DEBUG org.apache.http.headers -- http-outgoing-77 << Keep-Alive: timeout=5
16:32:11.724 [pool-2-thread-43] DEBUG org.apache.http.impl.execchain.MainClientExec -- Connection can be kept alive for 5000 MILLISECONDS
16:32:11.724 [pool-2-thread-43] DEBUG org.apache.http.impl.conn.PoolingHttpClientConnectionManager -- Connection [id: 77][route: {}->http://localhost:3000] can be kept alive for 5.0 seconds
16:32:11.724 [pool-2-thread-43] DEBUG org.apache.http.impl.conn.DefaultManagedHttpClientConnection -- http-outgoing-77: set socket timeout to 0
16:32:11.724 [pool-2-thread-43] DEBUG org.apache.http.impl.conn.PoolingHttpClientConnectionManager -- Connection released: [id: 77][route: {}->http://localhost:3000][total available: 1; route allocated: 1 of 5; total allocated: 1 of 10]
16:32:11.724 [pool-2-thread-43] DEBUG org.apache.http.impl.conn.PoolingHttpClientConnectionManager -- Connection manager is shutting down
16:32:11.724 [pool-2-thread-43] DEBUG org.apache.http.impl.conn.DefaultManagedHttpClientConnection -- http-outgoing-77: Close connection
16:32:11.724 [pool-2-thread-43] DEBUG org.apache.http.impl.conn.PoolingHttpClientConnectionManager -- Connection manager shut down
16:32:11.724 [pool-2-thread-43] DEBUG com.intuit.karate -- response time in milliseconds: 5014
1 < 200
1 < X-Powered-By: Express
1 < Access-Control-Allow-Origin: *
1 < Content-Type: application/json; charset=utf-8
1 < Content-Length: 609
1 < ETag: W/"261-qCEdnpzXEUgSc9GIQB3nek5DOUM"
1 < Date: Tue, 24 Jun 2025 09:32:11 GMT
1 < Connection: keep-alive
1 < Keep-Alive: timeout=5
{"access_token":"eyJhbGciOiJIUzI1NiIsInR5cCI6IkpXVCJ9.eyJzdWIiOiIyNzJmNmI1NS01MTc5LTRhZTMtODU2My1iNGVjMTBmNzY3MTUiLCJ1c2VybmFtZSI6ImpvaG5kb2UyZDVkIiwicm9sZSI6MCwiaWF0IjoxNzUwNzU3NTMwLCJleHAiOjE3NTA3NjExMzB9.78YLFI_23xXoBOiuRt3f7AQtr8J85XQjq8HaO_lpbmM","refresh_token":"82868c2b75fa28095be93bdac3204fae7821d40abf694463b13f65b7787a62ab","user":{"id":"272f6b55-5179-4ae3-8563-b4ec10f76715","email":"testit5@gmail.com","username":"johndoe2d5d","name":"John Doe","phoneNumber":"0123456132","profilePic":null,"bio":null,"private":false,"verified":false,"role":0,"followersCount":0,"followingCount":0,"postCount":0}}

16:32:11.725 [pool-2-thread-43] INFO com.intuit.karate -- [print] 50-thread call completed, status: 200 
16:32:11.725 [pool-2-thread-10] INFO com.intuit.karate -- [print] 50-thread call completed, status: 200 
16:32:11.725 [pool-2-thread-24] INFO com.intuit.karate -- [print] 50-thread call completed, status: 200 
16:32:11.747 [pool-2-thread-21] DEBUG org.apache.http.wire -- http-outgoing-80 << "HTTP/1.1 200 OK[\r][\n]"
16:32:11.747 [pool-2-thread-21] DEBUG org.apache.http.wire -- http-outgoing-80 << "X-Powered-By: Express[\r][\n]"
16:32:11.747 [pool-2-thread-21] DEBUG org.apache.http.wire -- http-outgoing-80 << "Access-Control-Allow-Origin: *[\r][\n]"
16:32:11.747 [pool-2-thread-21] DEBUG org.apache.http.wire -- http-outgoing-80 << "Content-Type: application/json; charset=utf-8[\r][\n]"
16:32:11.747 [pool-2-thread-21] DEBUG org.apache.http.wire -- http-outgoing-80 << "Content-Length: 708[\r][\n]"
16:32:11.747 [pool-2-thread-21] DEBUG org.apache.http.wire -- http-outgoing-80 << "ETag: W/"2c4-8AuwcDKzfjUMVubZ47N/nisCinE"[\r][\n]"
16:32:11.747 [pool-2-thread-21] DEBUG org.apache.http.wire -- http-outgoing-80 << "Date: Tue, 24 Jun 2025 09:32:11 GMT[\r][\n]"
16:32:11.747 [pool-2-thread-21] DEBUG org.apache.http.wire -- http-outgoing-80 << "Connection: keep-alive[\r][\n]"
16:32:11.747 [pool-2-thread-21] DEBUG org.apache.http.wire -- http-outgoing-80 << "Keep-Alive: timeout=5[\r][\n]"
16:32:11.747 [pool-2-thread-21] DEBUG org.apache.http.wire -- http-outgoing-80 << "[\r][\n]"
16:32:11.747 [pool-2-thread-21] DEBUG org.apache.http.wire -- http-outgoing-80 << "{"access_token":"eyJhbGciOiJIUzI1NiIsInR5cCI6IkpXVCJ9.eyJzdWIiOiIwODUxNWIwNS0yZDNlLTQ3ODktYWQ2MC1kYjM1NTI1YTQ5NzAiLCJ1c2VybmFtZSI6Im5hbSIsInJvbGUiOjAsImlhdCI6MTc1MDc1NzUzMCwiZXhwIjoxNzUwNzYxMTMwfQ.hRo7LhAKUPyBBrieb1hsZJ0HB9FkSM2Y2CbYpwaFygw","refresh_token":"d0e535a0b3396bafccdbc1565be52c61fb45ab1ac7f195870e5b2930413b4cdd","user":{"id":"08515b05-2d3e-4789-ad60-db35525a4970","email":"nam@gmail.com","username":"nam","name":"nam","phoneNumber":"0123456789","profilePic":"https://res.cloudinary.com/dizcvrefo/image/upload/v1749266646/nestjs_uploads/zk9zrpeidnovxibfqdxr.png","bio":"Chu tich hoi dong Quan tri 1","private":false,"verified":false,"role":0,"followersCount":2,"followingCount":5,"postCount":13}}"
16:32:11.747 [pool-2-thread-21] DEBUG org.apache.http.headers -- http-outgoing-80 << HTTP/1.1 200 OK
16:32:11.747 [pool-2-thread-21] DEBUG org.apache.http.headers -- http-outgoing-80 << X-Powered-By: Express
16:32:11.747 [pool-2-thread-21] DEBUG org.apache.http.headers -- http-outgoing-80 << Access-Control-Allow-Origin: *
16:32:11.747 [pool-2-thread-21] DEBUG org.apache.http.headers -- http-outgoing-80 << Content-Type: application/json; charset=utf-8
16:32:11.747 [pool-2-thread-21] DEBUG org.apache.http.headers -- http-outgoing-80 << Content-Length: 708
16:32:11.747 [pool-2-thread-21] DEBUG org.apache.http.headers -- http-outgoing-80 << ETag: W/"2c4-8AuwcDKzfjUMVubZ47N/nisCinE"
16:32:11.747 [pool-2-thread-21] DEBUG org.apache.http.headers -- http-outgoing-80 << Date: Tue, 24 Jun 2025 09:32:11 GMT
16:32:11.747 [pool-2-thread-21] DEBUG org.apache.http.headers -- http-outgoing-80 << Connection: keep-alive
16:32:11.747 [pool-2-thread-21] DEBUG org.apache.http.headers -- http-outgoing-80 << Keep-Alive: timeout=5
16:32:11.747 [pool-2-thread-21] DEBUG org.apache.http.impl.execchain.MainClientExec -- Connection can be kept alive for 5000 MILLISECONDS
16:32:11.749 [pool-2-thread-21] DEBUG org.apache.http.impl.conn.PoolingHttpClientConnectionManager -- Connection [id: 80][route: {}->http://localhost:3000] can be kept alive for 5.0 seconds
16:32:11.749 [pool-2-thread-21] DEBUG org.apache.http.impl.conn.DefaultManagedHttpClientConnection -- http-outgoing-80: set socket timeout to 0
16:32:11.749 [pool-2-thread-21] DEBUG org.apache.http.impl.conn.PoolingHttpClientConnectionManager -- Connection released: [id: 80][route: {}->http://localhost:3000][total available: 1; route allocated: 1 of 5; total allocated: 1 of 10]
16:32:11.749 [pool-2-thread-21] DEBUG org.apache.http.impl.conn.PoolingHttpClientConnectionManager -- Connection manager is shutting down
16:32:11.749 [pool-2-thread-21] DEBUG org.apache.http.impl.conn.DefaultManagedHttpClientConnection -- http-outgoing-80: Close connection
16:32:11.749 [pool-2-thread-21] DEBUG org.apache.http.impl.conn.PoolingHttpClientConnectionManager -- Connection manager shut down
16:32:11.749 [pool-2-thread-21] DEBUG com.intuit.karate -- response time in milliseconds: 4975
1 < 200
1 < X-Powered-By: Express
1 < Access-Control-Allow-Origin: *
1 < Content-Type: application/json; charset=utf-8
1 < Content-Length: 708
1 < ETag: W/"2c4-8AuwcDKzfjUMVubZ47N/nisCinE"
1 < Date: Tue, 24 Jun 2025 09:32:11 GMT
1 < Connection: keep-alive
1 < Keep-Alive: timeout=5
{"access_token":"eyJhbGciOiJIUzI1NiIsInR5cCI6IkpXVCJ9.eyJzdWIiOiIwODUxNWIwNS0yZDNlLTQ3ODktYWQ2MC1kYjM1NTI1YTQ5NzAiLCJ1c2VybmFtZSI6Im5hbSIsInJvbGUiOjAsImlhdCI6MTc1MDc1NzUzMCwiZXhwIjoxNzUwNzYxMTMwfQ.hRo7LhAKUPyBBrieb1hsZJ0HB9FkSM2Y2CbYpwaFygw","refresh_token":"d0e535a0b3396bafccdbc1565be52c61fb45ab1ac7f195870e5b2930413b4cdd","user":{"id":"08515b05-2d3e-4789-ad60-db35525a4970","email":"nam@gmail.com","username":"nam","name":"nam","phoneNumber":"0123456789","profilePic":"https://res.cloudinary.com/dizcvrefo/image/upload/v1749266646/nestjs_uploads/zk9zrpeidnovxibfqdxr.png","bio":"Chu tich hoi dong Quan tri 1","private":false,"verified":false,"role":0,"followersCount":2,"followingCount":5,"postCount":13}}

16:32:11.749 [pool-2-thread-21] INFO com.intuit.karate -- [print] 50-thread call completed, status: 200 
16:32:11.766 [pool-2-thread-35] DEBUG org.apache.http.wire -- http-outgoing-73 << "HTTP/1.1 200 OK[\r][\n]"
16:32:11.766 [pool-2-thread-35] DEBUG org.apache.http.wire -- http-outgoing-73 << "X-Powered-By: Express[\r][\n]"
16:32:11.766 [pool-2-thread-35] DEBUG org.apache.http.wire -- http-outgoing-73 << "Access-Control-Allow-Origin: *[\r][\n]"
16:32:11.766 [pool-2-thread-35] DEBUG org.apache.http.wire -- http-outgoing-73 << "Content-Type: application/json; charset=utf-8[\r][\n]"
16:32:11.766 [pool-2-thread-35] DEBUG org.apache.http.wire -- http-outgoing-73 << "Content-Length: 599[\r][\n]"
16:32:11.766 [pool-2-thread-35] DEBUG org.apache.http.wire -- http-outgoing-73 << "ETag: W/"257-VwoUcpK6BAtgvcfUPRV6QrFfEmA"[\r][\n]"
16:32:11.766 [pool-2-thread-35] DEBUG org.apache.http.wire -- http-outgoing-73 << "Date: Tue, 24 Jun 2025 09:32:11 GMT[\r][\n]"
16:32:11.766 [pool-2-thread-35] DEBUG org.apache.http.wire -- http-outgoing-73 << "Connection: keep-alive[\r][\n]"
16:32:11.766 [pool-2-thread-35] DEBUG org.apache.http.wire -- http-outgoing-73 << "Keep-Alive: timeout=5[\r][\n]"
16:32:11.766 [pool-2-thread-35] DEBUG org.apache.http.wire -- http-outgoing-73 << "[\r][\n]"
16:32:11.766 [pool-2-thread-35] DEBUG org.apache.http.wire -- http-outgoing-73 << "{"access_token":"eyJhbGciOiJIUzI1NiIsInR5cCI6IkpXVCJ9.eyJzdWIiOiIyZGRhMDQzOS01MTgwLTQ1YWEtOTE3Zi1lNjMyZTQ1YThlNDEiLCJ1c2VybmFtZSI6ImpvaG5kb2UiLCJyb2xlIjowLCJpYXQiOjE3NTA3NTc1MzAsImV4cCI6MTc1MDc2MTEzMH0.IlNNzrrxxivpas4c0C-3BJLDup_2WFfxfHoWLgo0eJs","refresh_token":"b8ce80d16374b6dd86bb87ed90f3df7fb581386317b93b3b71c6af6216a7bbda","user":{"id":"2dda0439-5180-45aa-917f-e632e45a8e41","email":"test@example.com","username":"johndoe","name":"John Doe","phoneNumber":"0987654321","profilePic":null,"bio":null,"private":false,"verified":false,"role":0,"followersCount":0,"followingCount":0,"postCount":0}}"
16:32:11.766 [pool-2-thread-35] DEBUG org.apache.http.headers -- http-outgoing-73 << HTTP/1.1 200 OK
16:32:11.766 [pool-2-thread-35] DEBUG org.apache.http.headers -- http-outgoing-73 << X-Powered-By: Express
16:32:11.767 [pool-2-thread-35] DEBUG org.apache.http.headers -- http-outgoing-73 << Access-Control-Allow-Origin: *
16:32:11.767 [pool-2-thread-35] DEBUG org.apache.http.headers -- http-outgoing-73 << Content-Type: application/json; charset=utf-8
16:32:11.767 [pool-2-thread-35] DEBUG org.apache.http.headers -- http-outgoing-73 << Content-Length: 599
16:32:11.767 [pool-2-thread-35] DEBUG org.apache.http.headers -- http-outgoing-73 << ETag: W/"257-VwoUcpK6BAtgvcfUPRV6QrFfEmA"
16:32:11.767 [pool-2-thread-35] DEBUG org.apache.http.headers -- http-outgoing-73 << Date: Tue, 24 Jun 2025 09:32:11 GMT
16:32:11.767 [pool-2-thread-35] DEBUG org.apache.http.headers -- http-outgoing-73 << Connection: keep-alive
16:32:11.767 [pool-2-thread-35] DEBUG org.apache.http.headers -- http-outgoing-73 << Keep-Alive: timeout=5
16:32:11.767 [pool-2-thread-35] DEBUG org.apache.http.impl.execchain.MainClientExec -- Connection can be kept alive for 5000 MILLISECONDS
16:32:11.767 [pool-2-thread-35] DEBUG org.apache.http.impl.conn.PoolingHttpClientConnectionManager -- Connection [id: 73][route: {}->http://localhost:3000] can be kept alive for 5.0 seconds
16:32:11.767 [pool-2-thread-35] DEBUG org.apache.http.impl.conn.DefaultManagedHttpClientConnection -- http-outgoing-73: set socket timeout to 0
16:32:11.767 [pool-2-thread-35] DEBUG org.apache.http.impl.conn.PoolingHttpClientConnectionManager -- Connection released: [id: 73][route: {}->http://localhost:3000][total available: 1; route allocated: 1 of 5; total allocated: 1 of 10]
16:32:11.767 [pool-2-thread-35] DEBUG org.apache.http.impl.conn.PoolingHttpClientConnectionManager -- Connection manager is shutting down
16:32:11.767 [pool-2-thread-35] DEBUG org.apache.http.impl.conn.DefaultManagedHttpClientConnection -- http-outgoing-73: Close connection
16:32:11.767 [pool-2-thread-35] DEBUG org.apache.http.impl.conn.PoolingHttpClientConnectionManager -- Connection manager shut down
16:32:11.767 [pool-2-thread-35] DEBUG com.intuit.karate -- response time in milliseconds: 6151
1 < 200
1 < X-Powered-By: Express
1 < Access-Control-Allow-Origin: *
1 < Content-Type: application/json; charset=utf-8
1 < Content-Length: 599
1 < ETag: W/"257-VwoUcpK6BAtgvcfUPRV6QrFfEmA"
1 < Date: Tue, 24 Jun 2025 09:32:11 GMT
1 < Connection: keep-alive
1 < Keep-Alive: timeout=5
{"access_token":"eyJhbGciOiJIUzI1NiIsInR5cCI6IkpXVCJ9.eyJzdWIiOiIyZGRhMDQzOS01MTgwLTQ1YWEtOTE3Zi1lNjMyZTQ1YThlNDEiLCJ1c2VybmFtZSI6ImpvaG5kb2UiLCJyb2xlIjowLCJpYXQiOjE3NTA3NTc1MzAsImV4cCI6MTc1MDc2MTEzMH0.IlNNzrrxxivpas4c0C-3BJLDup_2WFfxfHoWLgo0eJs","refresh_token":"b8ce80d16374b6dd86bb87ed90f3df7fb581386317b93b3b71c6af6216a7bbda","user":{"id":"2dda0439-5180-45aa-917f-e632e45a8e41","email":"test@example.com","username":"johndoe","name":"John Doe","phoneNumber":"0987654321","profilePic":null,"bio":null,"private":false,"verified":false,"role":0,"followersCount":0,"followingCount":0,"postCount":0}}

16:32:11.768 [pool-2-thread-35] INFO com.intuit.karate -- [print] 50-thread call completed, status: 200 
16:32:11.801 [pool-2-thread-32] DEBUG org.apache.http.wire -- http-outgoing-63 << "HTTP/1.1 200 OK[\r][\n]"
16:32:11.801 [pool-2-thread-32] DEBUG org.apache.http.wire -- http-outgoing-63 << "X-Powered-By: Express[\r][\n]"
16:32:11.801 [pool-2-thread-32] DEBUG org.apache.http.wire -- http-outgoing-63 << "Access-Control-Allow-Origin: *[\r][\n]"
16:32:11.801 [pool-2-thread-32] DEBUG org.apache.http.wire -- http-outgoing-63 << "Content-Type: application/json; charset=utf-8[\r][\n]"
16:32:11.801 [pool-2-thread-32] DEBUG org.apache.http.wire -- http-outgoing-63 << "Content-Length: 608[\r][\n]"
16:32:11.801 [pool-2-thread-32] DEBUG org.apache.http.wire -- http-outgoing-63 << "ETag: W/"260-kCjHCky53nnPMdzZ+Ngvy8+CX9Q"[\r][\n]"
16:32:11.801 [pool-2-thread-32] DEBUG org.apache.http.wire -- http-outgoing-63 << "Date: Tue, 24 Jun 2025 09:32:11 GMT[\r][\n]"
16:32:11.801 [pool-2-thread-32] DEBUG org.apache.http.wire -- http-outgoing-63 << "Connection: keep-alive[\r][\n]"
16:32:11.801 [pool-2-thread-32] DEBUG org.apache.http.wire -- http-outgoing-63 << "Keep-Alive: timeout=5[\r][\n]"
16:32:11.801 [pool-2-thread-32] DEBUG org.apache.http.wire -- http-outgoing-63 << "[\r][\n]"
16:32:11.802 [pool-2-thread-32] DEBUG org.apache.http.wire -- http-outgoing-63 << "{"access_token":"eyJhbGciOiJIUzI1NiIsInR5cCI6IkpXVCJ9.eyJzdWIiOiI4YTI0NzQ2MS01YzA0LTQyMWQtOThmNS1mYTljNzM0ZmFlYTUiLCJ1c2VybmFtZSI6ImphbmVzbWl0aCIsInJvbGUiOjAsImlhdCI6MTc1MDc1NzUzMCwiZXhwIjoxNzUwNzYxMTMwfQ.kaDjcZXVb547aNx-ANHJMAUHrwVBSqXpItP7-yyGIEM","refresh_token":"98fdcc35ee9a37cb3e6035d595bea5d9cf2c6272542c9ed294001015a25282ae","user":{"id":"8a247461-5c04-421d-98f5-fa9c734faea5","email":"test2@example.com","username":"janesmith","name":"Jane Smith","phoneNumber":"01234567890","profilePic":null,"bio":null,"private":false,"verified":false,"role":0,"followersCount":0,"followingCount":0,"postCount":0}}"
16:32:11.802 [pool-2-thread-28] DEBUG org.apache.http.wire -- http-outgoing-74 << "HTTP/1.1 200 OK[\r][\n]"
16:32:11.802 [pool-2-thread-28] DEBUG org.apache.http.wire -- http-outgoing-74 << "X-Powered-By: Express[\r][\n]"
16:32:11.802 [pool-2-thread-28] DEBUG org.apache.http.wire -- http-outgoing-74 << "Access-Control-Allow-Origin: *[\r][\n]"
16:32:11.802 [pool-2-thread-28] DEBUG org.apache.http.wire -- http-outgoing-74 << "Content-Type: application/json; charset=utf-8[\r][\n]"
16:32:11.802 [pool-2-thread-28] DEBUG org.apache.http.wire -- http-outgoing-74 << "Content-Length: 607[\r][\n]"
16:32:11.802 [pool-2-thread-32] DEBUG org.apache.http.headers -- http-outgoing-63 << HTTP/1.1 200 OK
16:32:11.802 [pool-2-thread-32] DEBUG org.apache.http.headers -- http-outgoing-63 << X-Powered-By: Express
16:32:11.802 [pool-2-thread-28] DEBUG org.apache.http.wire -- http-outgoing-74 << "ETag: W/"25f-Lb0a2pUmRTS3btv9OHVtwGSTR2s"[\r][\n]"
16:32:11.802 [pool-2-thread-28] DEBUG org.apache.http.wire -- http-outgoing-74 << "Date: Tue, 24 Jun 2025 09:32:11 GMT[\r][\n]"
16:32:11.802 [pool-2-thread-32] DEBUG org.apache.http.headers -- http-outgoing-63 << Access-Control-Allow-Origin: *
16:32:11.802 [pool-2-thread-28] DEBUG org.apache.http.wire -- http-outgoing-74 << "Connection: keep-alive[\r][\n]"
16:32:11.802 [pool-2-thread-32] DEBUG org.apache.http.headers -- http-outgoing-63 << Content-Type: application/json; charset=utf-8
16:32:11.802 [pool-2-thread-28] DEBUG org.apache.http.wire -- http-outgoing-74 << "Keep-Alive: timeout=5[\r][\n]"
16:32:11.802 [pool-2-thread-32] DEBUG org.apache.http.headers -- http-outgoing-63 << Content-Length: 608
16:32:11.802 [pool-2-thread-32] DEBUG org.apache.http.headers -- http-outgoing-63 << ETag: W/"260-kCjHCky53nnPMdzZ+Ngvy8+CX9Q"
16:32:11.802 [pool-2-thread-32] DEBUG org.apache.http.headers -- http-outgoing-63 << Date: Tue, 24 Jun 2025 09:32:11 GMT
16:32:11.802 [pool-2-thread-28] DEBUG org.apache.http.wire -- http-outgoing-74 << "[\r][\n]"
16:32:11.802 [pool-2-thread-32] DEBUG org.apache.http.headers -- http-outgoing-63 << Connection: keep-alive
16:32:11.802 [pool-2-thread-32] DEBUG org.apache.http.headers -- http-outgoing-63 << Keep-Alive: timeout=5
16:32:11.802 [pool-2-thread-28] DEBUG org.apache.http.wire -- http-outgoing-74 << "{"access_token":"eyJhbGciOiJIUzI1NiIsInR5cCI6IkpXVCJ9.eyJzdWIiOiJjMjE0MjJkZi1jY2VjLTQ0MGUtOWE0Mi1jMWI4MmFiZjczM2QiLCJ1c2VybmFtZSI6ImpvaG5kb2UyOCIsInJvbGUiOjAsImlhdCI6MTc1MDc1NzUzMCwiZXhwIjoxNzUwNzYxMTMwfQ.vLj-DXoFPWPkhcv_YCNpeR6N3gNtkBwGeZ-LNDN5owE","refresh_token":"a0f6b9e5dd45e8e8b2fd53099d13467d54b0859876fb20ccee81f56479c2159d","user":{"id":"c21422df-ccec-440e-9a42-c1b82abf733d","email":"test28@example.com","username":"johndoe28","name":"John Doe","phoneNumber":"84987654321","profilePic":null,"bio":null,"private":false,"verified":false,"role":0,"followersCount":0,"followingCount":0,"postCount":0}}"
16:32:11.802 [pool-2-thread-28] DEBUG org.apache.http.headers -- http-outgoing-74 << HTTP/1.1 200 OK
16:32:11.802 [pool-2-thread-28] DEBUG org.apache.http.headers -- http-outgoing-74 << X-Powered-By: Express
16:32:11.802 [pool-2-thread-28] DEBUG org.apache.http.headers -- http-outgoing-74 << Access-Control-Allow-Origin: *
16:32:11.802 [pool-2-thread-28] DEBUG org.apache.http.headers -- http-outgoing-74 << Content-Type: application/json; charset=utf-8
16:32:11.802 [pool-2-thread-28] DEBUG org.apache.http.headers -- http-outgoing-74 << Content-Length: 607
16:32:11.802 [pool-2-thread-28] DEBUG org.apache.http.headers -- http-outgoing-74 << ETag: W/"25f-Lb0a2pUmRTS3btv9OHVtwGSTR2s"
16:32:11.802 [pool-2-thread-28] DEBUG org.apache.http.headers -- http-outgoing-74 << Date: Tue, 24 Jun 2025 09:32:11 GMT
16:32:11.802 [pool-2-thread-28] DEBUG org.apache.http.headers -- http-outgoing-74 << Connection: keep-alive
16:32:11.802 [pool-2-thread-28] DEBUG org.apache.http.headers -- http-outgoing-74 << Keep-Alive: timeout=5
16:32:11.802 [pool-2-thread-28] DEBUG org.apache.http.impl.execchain.MainClientExec -- Connection can be kept alive for 5000 MILLISECONDS
16:32:11.802 [pool-2-thread-32] DEBUG org.apache.http.impl.execchain.MainClientExec -- Connection can be kept alive for 5000 MILLISECONDS
16:32:11.802 [pool-2-thread-28] DEBUG org.apache.http.impl.conn.PoolingHttpClientConnectionManager -- Connection [id: 74][route: {}->http://localhost:3000] can be kept alive for 5.0 seconds
16:32:11.802 [pool-2-thread-32] DEBUG org.apache.http.impl.conn.PoolingHttpClientConnectionManager -- Connection [id: 63][route: {}->http://localhost:3000] can be kept alive for 5.0 seconds
16:32:11.802 [pool-2-thread-28] DEBUG org.apache.http.impl.conn.DefaultManagedHttpClientConnection -- http-outgoing-74: set socket timeout to 0
16:32:11.802 [pool-2-thread-32] DEBUG org.apache.http.impl.conn.DefaultManagedHttpClientConnection -- http-outgoing-63: set socket timeout to 0
16:32:11.802 [pool-2-thread-28] DEBUG org.apache.http.impl.conn.PoolingHttpClientConnectionManager -- Connection released: [id: 74][route: {}->http://localhost:3000][total available: 1; route allocated: 1 of 5; total allocated: 1 of 10]
16:32:11.802 [pool-2-thread-32] DEBUG org.apache.http.impl.conn.PoolingHttpClientConnectionManager -- Connection released: [id: 63][route: {}->http://localhost:3000][total available: 1; route allocated: 1 of 5; total allocated: 1 of 10]
16:32:11.802 [pool-2-thread-28] DEBUG org.apache.http.impl.conn.PoolingHttpClientConnectionManager -- Connection manager is shutting down
16:32:11.802 [pool-2-thread-32] DEBUG org.apache.http.impl.conn.PoolingHttpClientConnectionManager -- Connection manager is shutting down
16:32:11.802 [pool-2-thread-32] DEBUG org.apache.http.impl.conn.DefaultManagedHttpClientConnection -- http-outgoing-63: Close connection
16:32:11.802 [pool-2-thread-28] DEBUG org.apache.http.impl.conn.DefaultManagedHttpClientConnection -- http-outgoing-74: Close connection
16:32:11.802 [pool-2-thread-32] DEBUG org.apache.http.impl.conn.PoolingHttpClientConnectionManager -- Connection manager shut down
16:32:11.802 [pool-2-thread-28] DEBUG org.apache.http.impl.conn.PoolingHttpClientConnectionManager -- Connection manager shut down
16:32:11.802 [pool-2-thread-28] DEBUG com.intuit.karate -- response time in milliseconds: 6148
1 < 200
1 < X-Powered-By: Express
1 < Access-Control-Allow-Origin: *
1 < Content-Type: application/json; charset=utf-8
1 < Content-Length: 607
1 < ETag: W/"25f-Lb0a2pUmRTS3btv9OHVtwGSTR2s"
1 < Date: Tue, 24 Jun 2025 09:32:11 GMT
1 < Connection: keep-alive
1 < Keep-Alive: timeout=5
{"access_token":"eyJhbGciOiJIUzI1NiIsInR5cCI6IkpXVCJ9.eyJzdWIiOiJjMjE0MjJkZi1jY2VjLTQ0MGUtOWE0Mi1jMWI4MmFiZjczM2QiLCJ1c2VybmFtZSI6ImpvaG5kb2UyOCIsInJvbGUiOjAsImlhdCI6MTc1MDc1NzUzMCwiZXhwIjoxNzUwNzYxMTMwfQ.vLj-DXoFPWPkhcv_YCNpeR6N3gNtkBwGeZ-LNDN5owE","refresh_token":"a0f6b9e5dd45e8e8b2fd53099d13467d54b0859876fb20ccee81f56479c2159d","user":{"id":"c21422df-ccec-440e-9a42-c1b82abf733d","email":"test28@example.com","username":"johndoe28","name":"John Doe","phoneNumber":"84987654321","profilePic":null,"bio":null,"private":false,"verified":false,"role":0,"followersCount":0,"followingCount":0,"postCount":0}}

16:32:11.802 [pool-2-thread-32] DEBUG com.intuit.karate -- response time in milliseconds: 8002
1 < 200
1 < X-Powered-By: Express
1 < Access-Control-Allow-Origin: *
1 < Content-Type: application/json; charset=utf-8
1 < Content-Length: 608
1 < ETag: W/"260-kCjHCky53nnPMdzZ+Ngvy8+CX9Q"
1 < Date: Tue, 24 Jun 2025 09:32:11 GMT
1 < Connection: keep-alive
1 < Keep-Alive: timeout=5
{"access_token":"eyJhbGciOiJIUzI1NiIsInR5cCI6IkpXVCJ9.eyJzdWIiOiI4YTI0NzQ2MS01YzA0LTQyMWQtOThmNS1mYTljNzM0ZmFlYTUiLCJ1c2VybmFtZSI6ImphbmVzbWl0aCIsInJvbGUiOjAsImlhdCI6MTc1MDc1NzUzMCwiZXhwIjoxNzUwNzYxMTMwfQ.kaDjcZXVb547aNx-ANHJMAUHrwVBSqXpItP7-yyGIEM","refresh_token":"98fdcc35ee9a37cb3e6035d595bea5d9cf2c6272542c9ed294001015a25282ae","user":{"id":"8a247461-5c04-421d-98f5-fa9c734faea5","email":"test2@example.com","username":"janesmith","name":"Jane Smith","phoneNumber":"01234567890","profilePic":null,"bio":null,"private":false,"verified":false,"role":0,"followersCount":0,"followingCount":0,"postCount":0}}

16:32:11.803 [pool-2-thread-28] INFO com.intuit.karate -- [print] 50-thread call completed, status: 200 
16:32:11.804 [pool-2-thread-32] INFO com.intuit.karate -- [print] 50-thread call completed, status: 200 
16:32:11.817 [pool-2-thread-19] DEBUG org.apache.http.wire -- http-outgoing-75 << "HTTP/1.1 200 OK[\r][\n]"
16:32:11.817 [pool-2-thread-19] DEBUG org.apache.http.wire -- http-outgoing-75 << "X-Powered-By: Express[\r][\n]"
16:32:11.817 [pool-2-thread-19] DEBUG org.apache.http.wire -- http-outgoing-75 << "Access-Control-Allow-Origin: *[\r][\n]"
16:32:11.817 [pool-2-thread-19] DEBUG org.apache.http.wire -- http-outgoing-75 << "Content-Type: application/json; charset=utf-8[\r][\n]"
16:32:11.817 [pool-2-thread-19] DEBUG org.apache.http.wire -- http-outgoing-75 << "Content-Length: 607[\r][\n]"
16:32:11.817 [pool-2-thread-19] DEBUG org.apache.http.wire -- http-outgoing-75 << "ETag: W/"25f-6J37eAnieA47lQ75RaXx3TOk9nw"[\r][\n]"
16:32:11.817 [pool-2-thread-19] DEBUG org.apache.http.wire -- http-outgoing-75 << "Date: Tue, 24 Jun 2025 09:32:11 GMT[\r][\n]"
16:32:11.817 [pool-2-thread-19] DEBUG org.apache.http.wire -- http-outgoing-75 << "Connection: keep-alive[\r][\n]"
16:32:11.817 [pool-2-thread-19] DEBUG org.apache.http.wire -- http-outgoing-75 << "Keep-Alive: timeout=5[\r][\n]"
16:32:11.817 [pool-2-thread-19] DEBUG org.apache.http.wire -- http-outgoing-75 << "[\r][\n]"
16:32:11.817 [pool-2-thread-19] DEBUG org.apache.http.wire -- http-outgoing-75 << "{"access_token":"eyJhbGciOiJIUzI1NiIsInR5cCI6IkpXVCJ9.eyJzdWIiOiI5YTI2OTc2Yy0xNTMyLTRkZjMtYTE2ZS03NjMxNTI1Yzg1MDIiLCJ1c2VybmFtZSI6ImpvaG5kb2UyZDUiLCJyb2xlIjowLCJpYXQiOjE3NTA3NTc1MzAsImV4cCI6MTc1MDc2MTEzMH0.Dqp4OSFM787I6DTaVsMwZU2Wq1XgmkXmmFMgc-3gNWI","refresh_token":"66b4758369845df41232f33a42b8b4852f52fff0479a089ffc801e91338608cc","user":{"id":"9a26976c-1532-4df3-a16e-7631525c8502","email":"testit4@gmail.com","username":"johndoe2d5","name":"John Doe","phoneNumber":"0123456212","profilePic":null,"bio":null,"private":false,"verified":false,"role":0,"followersCount":0,"followingCount":0,"postCount":0}}"
16:32:11.817 [pool-2-thread-19] DEBUG org.apache.http.headers -- http-outgoing-75 << HTTP/1.1 200 OK
16:32:11.817 [pool-2-thread-19] DEBUG org.apache.http.headers -- http-outgoing-75 << X-Powered-By: Express
16:32:11.817 [pool-2-thread-19] DEBUG org.apache.http.headers -- http-outgoing-75 << Access-Control-Allow-Origin: *
16:32:11.817 [pool-2-thread-19] DEBUG org.apache.http.headers -- http-outgoing-75 << Content-Type: application/json; charset=utf-8
16:32:11.817 [pool-2-thread-19] DEBUG org.apache.http.headers -- http-outgoing-75 << Content-Length: 607
16:32:11.817 [pool-2-thread-19] DEBUG org.apache.http.headers -- http-outgoing-75 << ETag: W/"25f-6J37eAnieA47lQ75RaXx3TOk9nw"
16:32:11.817 [pool-2-thread-19] DEBUG org.apache.http.headers -- http-outgoing-75 << Date: Tue, 24 Jun 2025 09:32:11 GMT
16:32:11.817 [pool-2-thread-19] DEBUG org.apache.http.headers -- http-outgoing-75 << Connection: keep-alive
16:32:11.817 [pool-2-thread-19] DEBUG org.apache.http.headers -- http-outgoing-75 << Keep-Alive: timeout=5
16:32:11.817 [pool-2-thread-19] DEBUG org.apache.http.impl.execchain.MainClientExec -- Connection can be kept alive for 5000 MILLISECONDS
16:32:11.817 [pool-2-thread-19] DEBUG org.apache.http.impl.conn.PoolingHttpClientConnectionManager -- Connection [id: 75][route: {}->http://localhost:3000] can be kept alive for 5.0 seconds
16:32:11.817 [pool-2-thread-19] DEBUG org.apache.http.impl.conn.DefaultManagedHttpClientConnection -- http-outgoing-75: set socket timeout to 0
16:32:11.817 [pool-2-thread-19] DEBUG org.apache.http.impl.conn.PoolingHttpClientConnectionManager -- Connection released: [id: 75][route: {}->http://localhost:3000][total available: 1; route allocated: 1 of 5; total allocated: 1 of 10]
16:32:11.817 [pool-2-thread-19] DEBUG org.apache.http.impl.conn.PoolingHttpClientConnectionManager -- Connection manager is shutting down
16:32:11.817 [pool-2-thread-19] DEBUG org.apache.http.impl.conn.DefaultManagedHttpClientConnection -- http-outgoing-75: Close connection
16:32:11.817 [pool-2-thread-19] DEBUG org.apache.http.impl.conn.PoolingHttpClientConnectionManager -- Connection manager shut down
16:32:11.817 [pool-2-thread-19] DEBUG com.intuit.karate -- response time in milliseconds: 6119
1 < 200
1 < X-Powered-By: Express
1 < Access-Control-Allow-Origin: *
1 < Content-Type: application/json; charset=utf-8
1 < Content-Length: 607
1 < ETag: W/"25f-6J37eAnieA47lQ75RaXx3TOk9nw"
1 < Date: Tue, 24 Jun 2025 09:32:11 GMT
1 < Connection: keep-alive
1 < Keep-Alive: timeout=5
{"access_token":"eyJhbGciOiJIUzI1NiIsInR5cCI6IkpXVCJ9.eyJzdWIiOiI5YTI2OTc2Yy0xNTMyLTRkZjMtYTE2ZS03NjMxNTI1Yzg1MDIiLCJ1c2VybmFtZSI6ImpvaG5kb2UyZDUiLCJyb2xlIjowLCJpYXQiOjE3NTA3NTc1MzAsImV4cCI6MTc1MDc2MTEzMH0.Dqp4OSFM787I6DTaVsMwZU2Wq1XgmkXmmFMgc-3gNWI","refresh_token":"66b4758369845df41232f33a42b8b4852f52fff0479a089ffc801e91338608cc","user":{"id":"9a26976c-1532-4df3-a16e-7631525c8502","email":"testit4@gmail.com","username":"johndoe2d5","name":"John Doe","phoneNumber":"0123456212","profilePic":null,"bio":null,"private":false,"verified":false,"role":0,"followersCount":0,"followingCount":0,"postCount":0}}

16:32:11.817 [pool-2-thread-19] INFO com.intuit.karate -- [print] 50-thread call completed, status: 200 
16:32:12.685 [pool-2-thread-17] DEBUG org.apache.http.wire -- http-outgoing-66 << "HTTP/1.1 200 OK[\r][\n]"
16:32:12.685 [pool-2-thread-17] DEBUG org.apache.http.wire -- http-outgoing-66 << "X-Powered-By: Express[\r][\n]"
16:32:12.685 [pool-2-thread-17] DEBUG org.apache.http.wire -- http-outgoing-66 << "Access-Control-Allow-Origin: *[\r][\n]"
16:32:12.685 [pool-2-thread-17] DEBUG org.apache.http.wire -- http-outgoing-66 << "Content-Type: application/json; charset=utf-8[\r][\n]"
16:32:12.685 [pool-2-thread-17] DEBUG org.apache.http.wire -- http-outgoing-66 << "Content-Length: 605[\r][\n]"
16:32:12.685 [pool-2-thread-17] DEBUG org.apache.http.wire -- http-outgoing-66 << "ETag: W/"25d-gSjgLsDE4d41w5o8ArIahbItjZk"[\r][\n]"
16:32:12.685 [pool-2-thread-17] DEBUG org.apache.http.wire -- http-outgoing-66 << "Date: Tue, 24 Jun 2025 09:32:12 GMT[\r][\n]"
16:32:12.685 [pool-2-thread-17] DEBUG org.apache.http.wire -- http-outgoing-66 << "Connection: keep-alive[\r][\n]"
16:32:12.685 [pool-2-thread-17] DEBUG org.apache.http.wire -- http-outgoing-66 << "Keep-Alive: timeout=5[\r][\n]"
16:32:12.685 [pool-2-thread-17] DEBUG org.apache.http.wire -- http-outgoing-66 << "[\r][\n]"
16:32:12.685 [pool-2-thread-17] DEBUG org.apache.http.wire -- http-outgoing-66 << "{"access_token":"eyJhbGciOiJIUzI1NiIsInR5cCI6IkpXVCJ9.eyJzdWIiOiI2NTBjZTFlZC1hYWNhLTQzOGYtOTk4OC0xZjA1OGFiNWFhMWEiLCJ1c2VybmFtZSI6ImpvaG5kb2UyNSIsInJvbGUiOjAsImlhdCI6MTc1MDc1NzUzMSwiZXhwIjoxNzUwNzYxMTMxfQ.wFx42XGEdhQZMuHF93T4QuCOOGQsqOhlGLU0G_gxUyc","refresh_token":"4d2ea0245e0bc90905858a177ac6413d0ee92adf503af7bd42a5d6bee960f0a8","user":{"id":"650ce1ed-aaca-438f-9988-1f058ab5aa1a","email":"testit3@gmail.com","username":"johndoe25","name":"John Doe","phoneNumber":"0123456713","profilePic":null,"bio":null,"private":false,"verified":false,"role":0,"followersCount":0,"followingCount":0,"postCount":0}}"
16:32:12.686 [pool-2-thread-17] DEBUG org.apache.http.headers -- http-outgoing-66 << HTTP/1.1 200 OK
16:32:12.686 [pool-2-thread-17] DEBUG org.apache.http.headers -- http-outgoing-66 << X-Powered-By: Express
16:32:12.686 [pool-2-thread-17] DEBUG org.apache.http.headers -- http-outgoing-66 << Access-Control-Allow-Origin: *
16:32:12.686 [pool-2-thread-17] DEBUG org.apache.http.headers -- http-outgoing-66 << Content-Type: application/json; charset=utf-8
16:32:12.686 [pool-2-thread-17] DEBUG org.apache.http.headers -- http-outgoing-66 << Content-Length: 605
16:32:12.686 [pool-2-thread-17] DEBUG org.apache.http.headers -- http-outgoing-66 << ETag: W/"25d-gSjgLsDE4d41w5o8ArIahbItjZk"
16:32:12.686 [pool-2-thread-17] DEBUG org.apache.http.headers -- http-outgoing-66 << Date: Tue, 24 Jun 2025 09:32:12 GMT
16:32:12.686 [pool-2-thread-17] DEBUG org.apache.http.headers -- http-outgoing-66 << Connection: keep-alive
16:32:12.686 [pool-2-thread-17] DEBUG org.apache.http.headers -- http-outgoing-66 << Keep-Alive: timeout=5
16:32:12.686 [pool-2-thread-17] DEBUG org.apache.http.impl.execchain.MainClientExec -- Connection can be kept alive for 5000 MILLISECONDS
16:32:12.686 [pool-2-thread-17] DEBUG org.apache.http.impl.conn.PoolingHttpClientConnectionManager -- Connection [id: 66][route: {}->http://localhost:3000] can be kept alive for 5.0 seconds
16:32:12.686 [pool-2-thread-17] DEBUG org.apache.http.impl.conn.DefaultManagedHttpClientConnection -- http-outgoing-66: set socket timeout to 0
16:32:12.686 [pool-2-thread-17] DEBUG org.apache.http.impl.conn.PoolingHttpClientConnectionManager -- Connection released: [id: 66][route: {}->http://localhost:3000][total available: 1; route allocated: 1 of 5; total allocated: 1 of 10]
16:32:12.686 [pool-2-thread-17] DEBUG org.apache.http.impl.conn.PoolingHttpClientConnectionManager -- Connection manager is shutting down
16:32:12.686 [pool-2-thread-17] DEBUG org.apache.http.impl.conn.DefaultManagedHttpClientConnection -- http-outgoing-66: Close connection
16:32:12.686 [pool-2-thread-17] DEBUG org.apache.http.impl.conn.PoolingHttpClientConnectionManager -- Connection manager shut down
16:32:12.686 [pool-2-thread-17] DEBUG com.intuit.karate -- response time in milliseconds: 7951
1 < 200
1 < X-Powered-By: Express
1 < Access-Control-Allow-Origin: *
1 < Content-Type: application/json; charset=utf-8
1 < Content-Length: 605
1 < ETag: W/"25d-gSjgLsDE4d41w5o8ArIahbItjZk"
1 < Date: Tue, 24 Jun 2025 09:32:12 GMT
1 < Connection: keep-alive
1 < Keep-Alive: timeout=5
{"access_token":"eyJhbGciOiJIUzI1NiIsInR5cCI6IkpXVCJ9.eyJzdWIiOiI2NTBjZTFlZC1hYWNhLTQzOGYtOTk4OC0xZjA1OGFiNWFhMWEiLCJ1c2VybmFtZSI6ImpvaG5kb2UyNSIsInJvbGUiOjAsImlhdCI6MTc1MDc1NzUzMSwiZXhwIjoxNzUwNzYxMTMxfQ.wFx42XGEdhQZMuHF93T4QuCOOGQsqOhlGLU0G_gxUyc","refresh_token":"4d2ea0245e0bc90905858a177ac6413d0ee92adf503af7bd42a5d6bee960f0a8","user":{"id":"650ce1ed-aaca-438f-9988-1f058ab5aa1a","email":"testit3@gmail.com","username":"johndoe25","name":"John Doe","phoneNumber":"0123456713","profilePic":null,"bio":null,"private":false,"verified":false,"role":0,"followersCount":0,"followingCount":0,"postCount":0}}

16:32:12.688 [pool-2-thread-17] INFO com.intuit.karate -- [print] 50-thread call completed, status: 200 
16:32:12.731 [pool-2-thread-18] DEBUG org.apache.http.wire -- http-outgoing-68 << "HTTP/1.1 200 OK[\r][\n]"
16:32:12.731 [pool-2-thread-18] DEBUG org.apache.http.wire -- http-outgoing-68 << "X-Powered-By: Express[\r][\n]"
16:32:12.731 [pool-2-thread-18] DEBUG org.apache.http.wire -- http-outgoing-68 << "Access-Control-Allow-Origin: *[\r][\n]"
16:32:12.731 [pool-2-thread-18] DEBUG org.apache.http.wire -- http-outgoing-68 << "Content-Type: application/json; charset=utf-8[\r][\n]"
16:32:12.731 [pool-2-thread-18] DEBUG org.apache.http.wire -- http-outgoing-68 << "Content-Length: 604[\r][\n]"
16:32:12.731 [pool-2-thread-18] DEBUG org.apache.http.wire -- http-outgoing-68 << "ETag: W/"25c-5mDg/mnlVuW11A1F+MBjALhx72E"[\r][\n]"
16:32:12.731 [pool-2-thread-18] DEBUG org.apache.http.wire -- http-outgoing-68 << "Date: Tue, 24 Jun 2025 09:32:12 GMT[\r][\n]"
16:32:12.731 [pool-2-thread-18] DEBUG org.apache.http.wire -- http-outgoing-68 << "Connection: keep-alive[\r][\n]"
16:32:12.731 [pool-2-thread-18] DEBUG org.apache.http.wire -- http-outgoing-68 << "Keep-Alive: timeout=5[\r][\n]"
16:32:12.731 [pool-2-thread-18] DEBUG org.apache.http.wire -- http-outgoing-68 << "[\r][\n]"
16:32:12.731 [pool-2-thread-18] DEBUG org.apache.http.wire -- http-outgoing-68 << "{"access_token":"eyJhbGciOiJIUzI1NiIsInR5cCI6IkpXVCJ9.eyJzdWIiOiJkZjZmMDkxOS1hMjNkLTQ0YzktYTkyNS00ZWE4YmU1MjVkMTAiLCJ1c2VybmFtZSI6ImpvaG5kb2UyMyIsInJvbGUiOjAsImlhdCI6MTc1MDc1NzUzMSwiZXhwIjoxNzUwNzYxMTMxfQ.u06K8e_JC8MwYZ6b9aNAMSxSOL84cGIRkau65Xze_gU","refresh_token":"df4e3472ab77be130b322dbce0a2e1a3a2bf8559e9613ace2acd187d4a967235","user":{"id":"df6f0919-a23d-44c9-a925-4ea8be525d10","email":"testit@gmail.com","username":"johndoe23","name":"John Doe","phoneNumber":"0123456788","profilePic":null,"bio":null,"private":false,"verified":false,"role":0,"followersCount":0,"followingCount":0,"postCount":0}}"
16:32:12.731 [pool-2-thread-18] DEBUG org.apache.http.headers -- http-outgoing-68 << HTTP/1.1 200 OK
16:32:12.731 [pool-2-thread-18] DEBUG org.apache.http.headers -- http-outgoing-68 << X-Powered-By: Express
16:32:12.731 [pool-2-thread-18] DEBUG org.apache.http.headers -- http-outgoing-68 << Access-Control-Allow-Origin: *
16:32:12.731 [pool-2-thread-18] DEBUG org.apache.http.headers -- http-outgoing-68 << Content-Type: application/json; charset=utf-8
16:32:12.731 [pool-2-thread-18] DEBUG org.apache.http.headers -- http-outgoing-68 << Content-Length: 604
16:32:12.731 [pool-2-thread-18] DEBUG org.apache.http.headers -- http-outgoing-68 << ETag: W/"25c-5mDg/mnlVuW11A1F+MBjALhx72E"
16:32:12.731 [pool-2-thread-18] DEBUG org.apache.http.headers -- http-outgoing-68 << Date: Tue, 24 Jun 2025 09:32:12 GMT
16:32:12.731 [pool-2-thread-18] DEBUG org.apache.http.headers -- http-outgoing-68 << Connection: keep-alive
16:32:12.731 [pool-2-thread-18] DEBUG org.apache.http.headers -- http-outgoing-68 << Keep-Alive: timeout=5
16:32:12.731 [pool-2-thread-18] DEBUG org.apache.http.impl.execchain.MainClientExec -- Connection can be kept alive for 5000 MILLISECONDS
16:32:12.731 [pool-2-thread-18] DEBUG org.apache.http.impl.conn.PoolingHttpClientConnectionManager -- Connection [id: 68][route: {}->http://localhost:3000] can be kept alive for 5.0 seconds
16:32:12.731 [pool-2-thread-18] DEBUG org.apache.http.impl.conn.DefaultManagedHttpClientConnection -- http-outgoing-68: set socket timeout to 0
16:32:12.731 [pool-2-thread-18] DEBUG org.apache.http.impl.conn.PoolingHttpClientConnectionManager -- Connection released: [id: 68][route: {}->http://localhost:3000][total available: 1; route allocated: 1 of 5; total allocated: 1 of 10]
16:32:12.731 [pool-2-thread-18] DEBUG org.apache.http.impl.conn.PoolingHttpClientConnectionManager -- Connection manager is shutting down
16:32:12.731 [pool-2-thread-18] DEBUG org.apache.http.impl.conn.DefaultManagedHttpClientConnection -- http-outgoing-68: Close connection
16:32:12.731 [pool-2-thread-18] DEBUG org.apache.http.impl.conn.PoolingHttpClientConnectionManager -- Connection manager shut down
16:32:12.731 [pool-2-thread-18] DEBUG com.intuit.karate -- response time in milliseconds: 7831
1 < 200
1 < X-Powered-By: Express
1 < Access-Control-Allow-Origin: *
1 < Content-Type: application/json; charset=utf-8
1 < Content-Length: 604
1 < ETag: W/"25c-5mDg/mnlVuW11A1F+MBjALhx72E"
1 < Date: Tue, 24 Jun 2025 09:32:12 GMT
1 < Connection: keep-alive
1 < Keep-Alive: timeout=5
{"access_token":"eyJhbGciOiJIUzI1NiIsInR5cCI6IkpXVCJ9.eyJzdWIiOiJkZjZmMDkxOS1hMjNkLTQ0YzktYTkyNS00ZWE4YmU1MjVkMTAiLCJ1c2VybmFtZSI6ImpvaG5kb2UyMyIsInJvbGUiOjAsImlhdCI6MTc1MDc1NzUzMSwiZXhwIjoxNzUwNzYxMTMxfQ.u06K8e_JC8MwYZ6b9aNAMSxSOL84cGIRkau65Xze_gU","refresh_token":"df4e3472ab77be130b322dbce0a2e1a3a2bf8559e9613ace2acd187d4a967235","user":{"id":"df6f0919-a23d-44c9-a925-4ea8be525d10","email":"testit@gmail.com","username":"johndoe23","name":"John Doe","phoneNumber":"0123456788","profilePic":null,"bio":null,"private":false,"verified":false,"role":0,"followersCount":0,"followingCount":0,"postCount":0}}

16:32:12.732 [pool-2-thread-18] INFO com.intuit.karate -- [print] 50-thread call completed, status: 200 
16:32:12.760 [pool-2-thread-4] DEBUG org.apache.http.wire -- http-outgoing-72 << "HTTP/1.1 200 OK[\r][\n]"
16:32:12.760 [pool-2-thread-4] DEBUG org.apache.http.wire -- http-outgoing-72 << "X-Powered-By: Express[\r][\n]"
16:32:12.760 [pool-2-thread-4] DEBUG org.apache.http.wire -- http-outgoing-72 << "Access-Control-Allow-Origin: *[\r][\n]"
16:32:12.760 [pool-2-thread-4] DEBUG org.apache.http.wire -- http-outgoing-72 << "Content-Type: application/json; charset=utf-8[\r][\n]"
16:32:12.760 [pool-2-thread-4] DEBUG org.apache.http.wire -- http-outgoing-72 << "Content-Length: 715[\r][\n]"
16:32:12.760 [pool-2-thread-4] DEBUG org.apache.http.wire -- http-outgoing-72 << "ETag: W/"2cb-Ti1yG0ojW9orZxfA18eORkJbHwg"[\r][\n]"
16:32:12.760 [pool-2-thread-4] DEBUG org.apache.http.wire -- http-outgoing-72 << "Date: Tue, 24 Jun 2025 09:32:12 GMT[\r][\n]"
16:32:12.760 [pool-2-thread-4] DEBUG org.apache.http.wire -- http-outgoing-72 << "Connection: keep-alive[\r][\n]"
16:32:12.760 [pool-2-thread-4] DEBUG org.apache.http.wire -- http-outgoing-72 << "Keep-Alive: timeout=5[\r][\n]"
16:32:12.760 [pool-2-thread-4] DEBUG org.apache.http.wire -- http-outgoing-72 << "[\r][\n]"
16:32:12.760 [pool-2-thread-4] DEBUG org.apache.http.wire -- http-outgoing-72 << "{"access_token":"eyJhbGciOiJIUzI1NiIsInR5cCI6IkpXVCJ9.eyJzdWIiOiIyYjg0YWEyNC02NjhhLTQwZTItYWYxYy1hZDRmYzRmYTVhNmYiLCJ1c2VybmFtZSI6InF1YW5nMSIsInJvbGUiOjAsImlhdCI6MTc1MDc1NzUzMSwiZXhwIjoxNzUwNzYxMTMxfQ.7rQv0pZ4mg2Hwc3R8_cTQ_ftebY4uGq1CMtWp91HREQ","refresh_token":"4536ff613f4d1974704a32e6c93c421bc9863dc5102e0a4608f585913de6ef8a","user":{"id":"2b84aa24-668a-40e2-af1c-ad4fc4fa5a6f","email":"quang1@gmail.com","username":"quang1","name":"quang1","phoneNumber":"09874563210","profilePic":"https://res.cloudinary.com/dizcvrefo/image/upload/v1749027586/nestjs_uploads/xehairydt9rzlbmbmv4c.jpg","bio":"Thang Nam Lao Vua Thoi","private":false,"verified":false,"role":0,"followersCount":2,"followingCount":3,"postCount":2}}"
16:32:12.760 [pool-2-thread-4] DEBUG org.apache.http.headers -- http-outgoing-72 << HTTP/1.1 200 OK
16:32:12.760 [pool-2-thread-4] DEBUG org.apache.http.headers -- http-outgoing-72 << X-Powered-By: Express
16:32:12.760 [pool-2-thread-4] DEBUG org.apache.http.headers -- http-outgoing-72 << Access-Control-Allow-Origin: *
16:32:12.760 [pool-2-thread-4] DEBUG org.apache.http.headers -- http-outgoing-72 << Content-Type: application/json; charset=utf-8
16:32:12.760 [pool-2-thread-4] DEBUG org.apache.http.headers -- http-outgoing-72 << Content-Length: 715
16:32:12.760 [pool-2-thread-4] DEBUG org.apache.http.headers -- http-outgoing-72 << ETag: W/"2cb-Ti1yG0ojW9orZxfA18eORkJbHwg"
16:32:12.760 [pool-2-thread-4] DEBUG org.apache.http.headers -- http-outgoing-72 << Date: Tue, 24 Jun 2025 09:32:12 GMT
16:32:12.760 [pool-2-thread-4] DEBUG org.apache.http.headers -- http-outgoing-72 << Connection: keep-alive
16:32:12.760 [pool-2-thread-4] DEBUG org.apache.http.headers -- http-outgoing-72 << Keep-Alive: timeout=5
16:32:12.760 [pool-2-thread-4] DEBUG org.apache.http.impl.execchain.MainClientExec -- Connection can be kept alive for 5000 MILLISECONDS
16:32:12.760 [pool-2-thread-4] DEBUG org.apache.http.impl.conn.PoolingHttpClientConnectionManager -- Connection [id: 71][route: {}->http://localhost:3000] can be kept alive for 5.0 seconds
16:32:12.760 [pool-2-thread-4] DEBUG org.apache.http.impl.conn.DefaultManagedHttpClientConnection -- http-outgoing-72: set socket timeout to 0
16:32:12.760 [pool-2-thread-4] DEBUG org.apache.http.impl.conn.PoolingHttpClientConnectionManager -- Connection released: [id: 71][route: {}->http://localhost:3000][total available: 1; route allocated: 1 of 5; total allocated: 1 of 10]
16:32:12.760 [pool-2-thread-4] DEBUG org.apache.http.impl.conn.PoolingHttpClientConnectionManager -- Connection manager is shutting down
16:32:12.760 [pool-2-thread-4] DEBUG org.apache.http.impl.conn.DefaultManagedHttpClientConnection -- http-outgoing-72: Close connection
16:32:12.760 [pool-2-thread-4] DEBUG org.apache.http.impl.conn.PoolingHttpClientConnectionManager -- Connection manager shut down
16:32:12.760 [pool-2-thread-4] DEBUG com.intuit.karate -- response time in milliseconds: 7144
1 < 200
1 < X-Powered-By: Express
1 < Access-Control-Allow-Origin: *
1 < Content-Type: application/json; charset=utf-8
1 < Content-Length: 715
1 < ETag: W/"2cb-Ti1yG0ojW9orZxfA18eORkJbHwg"
1 < Date: Tue, 24 Jun 2025 09:32:12 GMT
1 < Connection: keep-alive
1 < Keep-Alive: timeout=5
{"access_token":"eyJhbGciOiJIUzI1NiIsInR5cCI6IkpXVCJ9.eyJzdWIiOiIyYjg0YWEyNC02NjhhLTQwZTItYWYxYy1hZDRmYzRmYTVhNmYiLCJ1c2VybmFtZSI6InF1YW5nMSIsInJvbGUiOjAsImlhdCI6MTc1MDc1NzUzMSwiZXhwIjoxNzUwNzYxMTMxfQ.7rQv0pZ4mg2Hwc3R8_cTQ_ftebY4uGq1CMtWp91HREQ","refresh_token":"4536ff613f4d1974704a32e6c93c421bc9863dc5102e0a4608f585913de6ef8a","user":{"id":"2b84aa24-668a-40e2-af1c-ad4fc4fa5a6f","email":"quang1@gmail.com","username":"quang1","name":"quang1","phoneNumber":"09874563210","profilePic":"https://res.cloudinary.com/dizcvrefo/image/upload/v1749027586/nestjs_uploads/xehairydt9rzlbmbmv4c.jpg","bio":"Thang Nam Lao Vua Thoi","private":false,"verified":false,"role":0,"followersCount":2,"followingCount":3,"postCount":2}}

16:32:12.761 [pool-2-thread-4] INFO com.intuit.karate -- [print] 50-thread call completed, status: 200 
16:32:12.771 [pool-2-thread-2] DEBUG org.apache.http.wire -- http-outgoing-79 << "HTTP/1.1 200 OK[\r][\n]"
16:32:12.771 [pool-2-thread-2] DEBUG org.apache.http.wire -- http-outgoing-79 << "X-Powered-By: Express[\r][\n]"
16:32:12.771 [pool-2-thread-2] DEBUG org.apache.http.wire -- http-outgoing-79 << "Access-Control-Allow-Origin: *[\r][\n]"
16:32:12.771 [pool-2-thread-2] DEBUG org.apache.http.wire -- http-outgoing-79 << "Content-Type: application/json; charset=utf-8[\r][\n]"
16:32:12.771 [pool-2-thread-2] DEBUG org.apache.http.wire -- http-outgoing-79 << "Content-Length: 605[\r][\n]"
16:32:12.771 [pool-2-thread-2] DEBUG org.apache.http.wire -- http-outgoing-79 << "ETag: W/"25d-lL71u7TFtyOX+IchU8kTXLYlrns"[\r][\n]"
16:32:12.771 [pool-2-thread-2] DEBUG org.apache.http.wire -- http-outgoing-79 << "Date: Tue, 24 Jun 2025 09:32:12 GMT[\r][\n]"
16:32:12.771 [pool-2-thread-2] DEBUG org.apache.http.wire -- http-outgoing-79 << "Connection: keep-alive[\r][\n]"
16:32:12.771 [pool-2-thread-2] DEBUG org.apache.http.wire -- http-outgoing-79 << "Keep-Alive: timeout=5[\r][\n]"
16:32:12.771 [pool-2-thread-2] DEBUG org.apache.http.wire -- http-outgoing-79 << "[\r][\n]"
16:32:12.771 [pool-2-thread-2] DEBUG org.apache.http.wire -- http-outgoing-79 << "{"access_token":"eyJhbGciOiJIUzI1NiIsInR5cCI6IkpXVCJ9.eyJzdWIiOiIwYTM3ZWY0My1mZWU4LTQxZDMtYTY4Ni04YWIwODY5NDg2OTUiLCJ1c2VybmFtZSI6ImpvaG5kb2UyMSIsInJvbGUiOjAsImlhdCI6MTc1MDc1NzUzMSwiZXhwIjoxNzUwNzYxMTMxfQ.YxYf5mbsrFMWcQUXLQ_HbF62TJ_fLuPzGcqg1Gc2NMM","refresh_token":"13c0ffcb75d0d217a2a83ff6ef52cc5d1cce8e8d1535ef806c31ca67eacf42cd","user":{"id":"0a37ef43-fee8-41d3-a686-8ab086948695","email":"testit2@gmail.com","username":"johndoe21","name":"John Doe","phoneNumber":"0123456712","profilePic":null,"bio":null,"private":false,"verified":false,"role":0,"followersCount":0,"followingCount":0,"postCount":0}}"
16:32:12.771 [pool-2-thread-2] DEBUG org.apache.http.headers -- http-outgoing-79 << HTTP/1.1 200 OK
16:32:12.771 [pool-2-thread-2] DEBUG org.apache.http.headers -- http-outgoing-79 << X-Powered-By: Express
16:32:12.771 [pool-2-thread-2] DEBUG org.apache.http.headers -- http-outgoing-79 << Access-Control-Allow-Origin: *
16:32:12.771 [pool-2-thread-2] DEBUG org.apache.http.headers -- http-outgoing-79 << Content-Type: application/json; charset=utf-8
16:32:12.771 [pool-2-thread-2] DEBUG org.apache.http.headers -- http-outgoing-79 << Content-Length: 605
16:32:12.771 [pool-2-thread-2] DEBUG org.apache.http.headers -- http-outgoing-79 << ETag: W/"25d-lL71u7TFtyOX+IchU8kTXLYlrns"
16:32:12.771 [pool-2-thread-2] DEBUG org.apache.http.headers -- http-outgoing-79 << Date: Tue, 24 Jun 2025 09:32:12 GMT
16:32:12.771 [pool-2-thread-2] DEBUG org.apache.http.headers -- http-outgoing-79 << Connection: keep-alive
16:32:12.771 [pool-2-thread-2] DEBUG org.apache.http.headers -- http-outgoing-79 << Keep-Alive: timeout=5
16:32:12.771 [pool-2-thread-2] DEBUG org.apache.http.impl.execchain.MainClientExec -- Connection can be kept alive for 5000 MILLISECONDS
16:32:12.772 [pool-2-thread-2] DEBUG org.apache.http.impl.conn.PoolingHttpClientConnectionManager -- Connection [id: 79][route: {}->http://localhost:3000] can be kept alive for 5.0 seconds
16:32:12.772 [pool-2-thread-2] DEBUG org.apache.http.impl.conn.DefaultManagedHttpClientConnection -- http-outgoing-79: set socket timeout to 0
16:32:12.772 [pool-2-thread-2] DEBUG org.apache.http.impl.conn.PoolingHttpClientConnectionManager -- Connection released: [id: 79][route: {}->http://localhost:3000][total available: 1; route allocated: 1 of 5; total allocated: 1 of 10]
16:32:12.772 [pool-2-thread-2] DEBUG org.apache.http.impl.conn.PoolingHttpClientConnectionManager -- Connection manager is shutting down
16:32:12.772 [pool-2-thread-2] DEBUG org.apache.http.impl.conn.DefaultManagedHttpClientConnection -- http-outgoing-79: Close connection
16:32:12.772 [pool-2-thread-2] DEBUG org.apache.http.impl.conn.PoolingHttpClientConnectionManager -- Connection manager shut down
16:32:12.772 [pool-2-thread-2] DEBUG com.intuit.karate -- response time in milliseconds: 5999
1 < 200
1 < X-Powered-By: Express
1 < Access-Control-Allow-Origin: *
1 < Content-Type: application/json; charset=utf-8
1 < Content-Length: 605
1 < ETag: W/"25d-lL71u7TFtyOX+IchU8kTXLYlrns"
1 < Date: Tue, 24 Jun 2025 09:32:12 GMT
1 < Connection: keep-alive
1 < Keep-Alive: timeout=5
{"access_token":"eyJhbGciOiJIUzI1NiIsInR5cCI6IkpXVCJ9.eyJzdWIiOiIwYTM3ZWY0My1mZWU4LTQxZDMtYTY4Ni04YWIwODY5NDg2OTUiLCJ1c2VybmFtZSI6ImpvaG5kb2UyMSIsInJvbGUiOjAsImlhdCI6MTc1MDc1NzUzMSwiZXhwIjoxNzUwNzYxMTMxfQ.YxYf5mbsrFMWcQUXLQ_HbF62TJ_fLuPzGcqg1Gc2NMM","refresh_token":"13c0ffcb75d0d217a2a83ff6ef52cc5d1cce8e8d1535ef806c31ca67eacf42cd","user":{"id":"0a37ef43-fee8-41d3-a686-8ab086948695","email":"testit2@gmail.com","username":"johndoe21","name":"John Doe","phoneNumber":"0123456712","profilePic":null,"bio":null,"private":false,"verified":false,"role":0,"followersCount":0,"followingCount":0,"postCount":0}}

16:32:12.773 [pool-2-thread-2] INFO com.intuit.karate -- [print] 50-thread call completed, status: 200 
16:32:12.775 [pool-2-thread-44] DEBUG org.apache.http.wire -- http-outgoing-87 << "HTTP/1.1 200 OK[\r][\n]"
16:32:12.775 [pool-2-thread-44] DEBUG org.apache.http.wire -- http-outgoing-87 << "X-Powered-By: Express[\r][\n]"
16:32:12.775 [pool-2-thread-44] DEBUG org.apache.http.wire -- http-outgoing-87 << "Access-Control-Allow-Origin: *[\r][\n]"
16:32:12.775 [pool-2-thread-44] DEBUG org.apache.http.wire -- http-outgoing-87 << "Content-Type: application/json; charset=utf-8[\r][\n]"
16:32:12.775 [pool-2-thread-44] DEBUG org.apache.http.wire -- http-outgoing-87 << "Content-Length: 609[\r][\n]"
16:32:12.775 [pool-2-thread-44] DEBUG org.apache.http.wire -- http-outgoing-87 << "ETag: W/"261-+A6siMszn0uhC6iNUH7AzIdnEio"[\r][\n]"
16:32:12.775 [pool-2-thread-44] DEBUG org.apache.http.wire -- http-outgoing-87 << "Date: Tue, 24 Jun 2025 09:32:12 GMT[\r][\n]"
16:32:12.775 [pool-2-thread-44] DEBUG org.apache.http.wire -- http-outgoing-87 << "Connection: keep-alive[\r][\n]"
16:32:12.775 [pool-2-thread-44] DEBUG org.apache.http.wire -- http-outgoing-87 << "Keep-Alive: timeout=5[\r][\n]"
16:32:12.775 [pool-2-thread-44] DEBUG org.apache.http.wire -- http-outgoing-87 << "[\r][\n]"
16:32:12.775 [pool-2-thread-44] DEBUG org.apache.http.wire -- http-outgoing-87 << "{"access_token":"eyJhbGciOiJIUzI1NiIsInR5cCI6IkpXVCJ9.eyJzdWIiOiIyNzJmNmI1NS01MTc5LTRhZTMtODU2My1iNGVjMTBmNzY3MTUiLCJ1c2VybmFtZSI6ImpvaG5kb2UyZDVkIiwicm9sZSI6MCwiaWF0IjoxNzUwNzU3NTMxLCJleHAiOjE3NTA3NjExMzF9.3Ajztp5msrU6zkhI3evODTPLFi8KmTusa10Bbq38XsU","refresh_token":"0179ca779ab7dede7e1033cb1cd5cf04b1800ed7934101e355b4a494dd69c97c","user":{"id":"272f6b55-5179-4ae3-8563-b4ec10f76715","email":"testit5@gmail.com","username":"johndoe2d5d","name":"John Doe","phoneNumber":"0123456132","profilePic":null,"bio":null,"private":false,"verified":false,"role":0,"followersCount":0,"followingCount":0,"postCount":0}}"
16:32:12.775 [pool-2-thread-44] DEBUG org.apache.http.headers -- http-outgoing-87 << HTTP/1.1 200 OK
16:32:12.775 [pool-2-thread-44] DEBUG org.apache.http.headers -- http-outgoing-87 << X-Powered-By: Express
16:32:12.775 [pool-2-thread-44] DEBUG org.apache.http.headers -- http-outgoing-87 << Access-Control-Allow-Origin: *
16:32:12.775 [pool-2-thread-44] DEBUG org.apache.http.headers -- http-outgoing-87 << Content-Type: application/json; charset=utf-8
16:32:12.775 [pool-2-thread-44] DEBUG org.apache.http.headers -- http-outgoing-87 << Content-Length: 609
16:32:12.775 [pool-2-thread-44] DEBUG org.apache.http.headers -- http-outgoing-87 << ETag: W/"261-+A6siMszn0uhC6iNUH7AzIdnEio"
16:32:12.775 [pool-2-thread-44] DEBUG org.apache.http.headers -- http-outgoing-87 << Date: Tue, 24 Jun 2025 09:32:12 GMT
16:32:12.775 [pool-2-thread-44] DEBUG org.apache.http.headers -- http-outgoing-87 << Connection: keep-alive
16:32:12.775 [pool-2-thread-44] DEBUG org.apache.http.headers -- http-outgoing-87 << Keep-Alive: timeout=5
16:32:12.775 [pool-2-thread-44] DEBUG org.apache.http.impl.execchain.MainClientExec -- Connection can be kept alive for 5000 MILLISECONDS
16:32:12.775 [pool-2-thread-44] DEBUG org.apache.http.impl.conn.PoolingHttpClientConnectionManager -- Connection [id: 87][route: {}->http://localhost:3000] can be kept alive for 5.0 seconds
16:32:12.775 [pool-2-thread-44] DEBUG org.apache.http.impl.conn.DefaultManagedHttpClientConnection -- http-outgoing-87: set socket timeout to 0
16:32:12.775 [pool-2-thread-44] DEBUG org.apache.http.impl.conn.PoolingHttpClientConnectionManager -- Connection released: [id: 87][route: {}->http://localhost:3000][total available: 1; route allocated: 1 of 5; total allocated: 1 of 10]
16:32:12.775 [pool-2-thread-44] DEBUG org.apache.http.impl.conn.PoolingHttpClientConnectionManager -- Connection manager is shutting down
16:32:12.775 [pool-2-thread-44] DEBUG org.apache.http.impl.conn.DefaultManagedHttpClientConnection -- http-outgoing-87: Close connection
16:32:12.775 [pool-2-thread-44] DEBUG org.apache.http.impl.conn.PoolingHttpClientConnectionManager -- Connection manager shut down
16:32:12.776 [pool-2-thread-44] DEBUG com.intuit.karate -- response time in milliseconds: 4161
1 < 200
1 < X-Powered-By: Express
1 < Access-Control-Allow-Origin: *
1 < Content-Type: application/json; charset=utf-8
1 < Content-Length: 609
1 < ETag: W/"261-+A6siMszn0uhC6iNUH7AzIdnEio"
1 < Date: Tue, 24 Jun 2025 09:32:12 GMT
1 < Connection: keep-alive
1 < Keep-Alive: timeout=5
{"access_token":"eyJhbGciOiJIUzI1NiIsInR5cCI6IkpXVCJ9.eyJzdWIiOiIyNzJmNmI1NS01MTc5LTRhZTMtODU2My1iNGVjMTBmNzY3MTUiLCJ1c2VybmFtZSI6ImpvaG5kb2UyZDVkIiwicm9sZSI6MCwiaWF0IjoxNzUwNzU3NTMxLCJleHAiOjE3NTA3NjExMzF9.3Ajztp5msrU6zkhI3evODTPLFi8KmTusa10Bbq38XsU","refresh_token":"0179ca779ab7dede7e1033cb1cd5cf04b1800ed7934101e355b4a494dd69c97c","user":{"id":"272f6b55-5179-4ae3-8563-b4ec10f76715","email":"testit5@gmail.com","username":"johndoe2d5d","name":"John Doe","phoneNumber":"0123456132","profilePic":null,"bio":null,"private":false,"verified":false,"role":0,"followersCount":0,"followingCount":0,"postCount":0}}

16:32:12.776 [pool-2-thread-44] INFO com.intuit.karate -- [print] 50-thread call completed, status: 200 
16:32:12.782 [pool-2-thread-48] DEBUG org.apache.http.wire -- http-outgoing-61 << "HTTP/1.1 200 OK[\r][\n]"
16:32:12.782 [pool-2-thread-48] DEBUG org.apache.http.wire -- http-outgoing-61 << "X-Powered-By: Express[\r][\n]"
16:32:12.782 [pool-2-thread-48] DEBUG org.apache.http.wire -- http-outgoing-61 << "Access-Control-Allow-Origin: *[\r][\n]"
16:32:12.782 [pool-2-thread-48] DEBUG org.apache.http.wire -- http-outgoing-61 << "Content-Type: application/json; charset=utf-8[\r][\n]"
16:32:12.782 [pool-2-thread-48] DEBUG org.apache.http.wire -- http-outgoing-61 << "Content-Length: 708[\r][\n]"
16:32:12.782 [pool-2-thread-48] DEBUG org.apache.http.wire -- http-outgoing-61 << "ETag: W/"2c4-K3q0bgrTJqCowZ3vwP7XYKVcYzM"[\r][\n]"
16:32:12.782 [pool-2-thread-48] DEBUG org.apache.http.wire -- http-outgoing-61 << "Date: Tue, 24 Jun 2025 09:32:12 GMT[\r][\n]"
16:32:12.782 [pool-2-thread-48] DEBUG org.apache.http.wire -- http-outgoing-61 << "Connection: keep-alive[\r][\n]"
16:32:12.782 [pool-2-thread-48] DEBUG org.apache.http.wire -- http-outgoing-61 << "Keep-Alive: timeout=5[\r][\n]"
16:32:12.782 [pool-2-thread-48] DEBUG org.apache.http.wire -- http-outgoing-61 << "[\r][\n]"
16:32:12.782 [pool-2-thread-48] DEBUG org.apache.http.wire -- http-outgoing-61 << "{"access_token":"eyJhbGciOiJIUzI1NiIsInR5cCI6IkpXVCJ9.eyJzdWIiOiIwODUxNWIwNS0yZDNlLTQ3ODktYWQ2MC1kYjM1NTI1YTQ5NzAiLCJ1c2VybmFtZSI6Im5hbSIsInJvbGUiOjAsImlhdCI6MTc1MDc1NzUzMSwiZXhwIjoxNzUwNzYxMTMxfQ.GyReJ_Wp7Iv6XyzBqJfXS2FbKfmW9P36fMedIeUr8l4","refresh_token":"09b6142d442abbd2d10476e41b2f1e5de9d45488eb92687adc7dfdabbcde8917","user":{"id":"08515b05-2d3e-4789-ad60-db35525a4970","email":"nam@gmail.com","username":"nam","name":"nam","phoneNumber":"0123456789","profilePic":"https://res.cloudinary.com/dizcvrefo/image/upload/v1749266646/nestjs_uploads/zk9zrpeidnovxibfqdxr.png","bio":"Chu tich hoi dong Quan tri 1","private":false,"verified":false,"role":0,"followersCount":2,"followingCount":5,"postCount":13}}"
16:32:12.782 [pool-2-thread-48] DEBUG org.apache.http.headers -- http-outgoing-61 << HTTP/1.1 200 OK
16:32:12.782 [pool-2-thread-48] DEBUG org.apache.http.headers -- http-outgoing-61 << X-Powered-By: Express
16:32:12.782 [pool-2-thread-48] DEBUG org.apache.http.headers -- http-outgoing-61 << Access-Control-Allow-Origin: *
16:32:12.782 [pool-2-thread-48] DEBUG org.apache.http.headers -- http-outgoing-61 << Content-Type: application/json; charset=utf-8
16:32:12.782 [pool-2-thread-48] DEBUG org.apache.http.headers -- http-outgoing-61 << Content-Length: 708
16:32:12.782 [pool-2-thread-48] DEBUG org.apache.http.headers -- http-outgoing-61 << ETag: W/"2c4-K3q0bgrTJqCowZ3vwP7XYKVcYzM"
16:32:12.782 [pool-2-thread-48] DEBUG org.apache.http.headers -- http-outgoing-61 << Date: Tue, 24 Jun 2025 09:32:12 GMT
16:32:12.782 [pool-2-thread-48] DEBUG org.apache.http.headers -- http-outgoing-61 << Connection: keep-alive
16:32:12.782 [pool-2-thread-48] DEBUG org.apache.http.headers -- http-outgoing-61 << Keep-Alive: timeout=5
16:32:12.782 [pool-2-thread-48] DEBUG org.apache.http.impl.execchain.MainClientExec -- Connection can be kept alive for 5000 MILLISECONDS
16:32:12.782 [pool-2-thread-48] DEBUG org.apache.http.impl.conn.PoolingHttpClientConnectionManager -- Connection [id: 61][route: {}->http://localhost:3000] can be kept alive for 5.0 seconds
16:32:12.782 [pool-2-thread-48] DEBUG org.apache.http.impl.conn.DefaultManagedHttpClientConnection -- http-outgoing-61: set socket timeout to 0
16:32:12.782 [pool-2-thread-48] DEBUG org.apache.http.impl.conn.PoolingHttpClientConnectionManager -- Connection released: [id: 61][route: {}->http://localhost:3000][total available: 1; route allocated: 1 of 5; total allocated: 1 of 10]
16:32:12.782 [pool-2-thread-48] DEBUG org.apache.http.impl.conn.PoolingHttpClientConnectionManager -- Connection manager is shutting down
16:32:12.782 [pool-2-thread-48] DEBUG org.apache.http.impl.conn.DefaultManagedHttpClientConnection -- http-outgoing-61: Close connection
16:32:12.782 [pool-2-thread-48] DEBUG org.apache.http.impl.conn.PoolingHttpClientConnectionManager -- Connection manager shut down
16:32:12.782 [pool-2-thread-48] DEBUG com.intuit.karate -- response time in milliseconds: 9018
1 < 200
1 < X-Powered-By: Express
1 < Access-Control-Allow-Origin: *
1 < Content-Type: application/json; charset=utf-8
1 < Content-Length: 708
1 < ETag: W/"2c4-K3q0bgrTJqCowZ3vwP7XYKVcYzM"
1 < Date: Tue, 24 Jun 2025 09:32:12 GMT
1 < Connection: keep-alive
1 < Keep-Alive: timeout=5
{"access_token":"eyJhbGciOiJIUzI1NiIsInR5cCI6IkpXVCJ9.eyJzdWIiOiIwODUxNWIwNS0yZDNlLTQ3ODktYWQ2MC1kYjM1NTI1YTQ5NzAiLCJ1c2VybmFtZSI6Im5hbSIsInJvbGUiOjAsImlhdCI6MTc1MDc1NzUzMSwiZXhwIjoxNzUwNzYxMTMxfQ.GyReJ_Wp7Iv6XyzBqJfXS2FbKfmW9P36fMedIeUr8l4","refresh_token":"09b6142d442abbd2d10476e41b2f1e5de9d45488eb92687adc7dfdabbcde8917","user":{"id":"08515b05-2d3e-4789-ad60-db35525a4970","email":"nam@gmail.com","username":"nam","name":"nam","phoneNumber":"0123456789","profilePic":"https://res.cloudinary.com/dizcvrefo/image/upload/v1749266646/nestjs_uploads/zk9zrpeidnovxibfqdxr.png","bio":"Chu tich hoi dong Quan tri 1","private":false,"verified":false,"role":0,"followersCount":2,"followingCount":5,"postCount":13}}

16:32:12.784 [pool-2-thread-48] INFO com.intuit.karate -- [print] 50-thread call completed, status: 200 
16:32:12.790 [pool-2-thread-26] DEBUG org.apache.http.wire -- http-outgoing-82 << "HTTP/1.1 200 OK[\r][\n]"
16:32:12.790 [pool-2-thread-26] DEBUG org.apache.http.wire -- http-outgoing-82 << "X-Powered-By: Express[\r][\n]"
16:32:12.790 [pool-2-thread-26] DEBUG org.apache.http.wire -- http-outgoing-82 << "Access-Control-Allow-Origin: *[\r][\n]"
16:32:12.790 [pool-2-thread-26] DEBUG org.apache.http.wire -- http-outgoing-82 << "Content-Type: application/json; charset=utf-8[\r][\n]"
16:32:12.790 [pool-2-thread-26] DEBUG org.apache.http.wire -- http-outgoing-82 << "Content-Length: 599[\r][\n]"
16:32:12.790 [pool-2-thread-26] DEBUG org.apache.http.wire -- http-outgoing-82 << "ETag: W/"257-XeMWbe98HbPqsuL1Fij/EgVH9Xc"[\r][\n]"
16:32:12.790 [pool-2-thread-26] DEBUG org.apache.http.wire -- http-outgoing-82 << "Date: Tue, 24 Jun 2025 09:32:12 GMT[\r][\n]"
16:32:12.790 [pool-2-thread-26] DEBUG org.apache.http.wire -- http-outgoing-82 << "Connection: keep-alive[\r][\n]"
16:32:12.790 [pool-2-thread-26] DEBUG org.apache.http.wire -- http-outgoing-82 << "Keep-Alive: timeout=5[\r][\n]"
16:32:12.790 [pool-2-thread-26] DEBUG org.apache.http.wire -- http-outgoing-82 << "[\r][\n]"
16:32:12.791 [pool-2-thread-26] DEBUG org.apache.http.wire -- http-outgoing-82 << "{"access_token":"eyJhbGciOiJIUzI1NiIsInR5cCI6IkpXVCJ9.eyJzdWIiOiIyZGRhMDQzOS01MTgwLTQ1YWEtOTE3Zi1lNjMyZTQ1YThlNDEiLCJ1c2VybmFtZSI6ImpvaG5kb2UiLCJyb2xlIjowLCJpYXQiOjE3NTA3NTc1MzEsImV4cCI6MTc1MDc2MTEzMX0._BhpFrqZkN-2YmAv98gia_E7C52YMcKBIfB4ZpfFvxo","refresh_token":"5510aa26dac9ecd015d050ec3c1705fafeb1f4c986a3a9454166610f8179d821","user":{"id":"2dda0439-5180-45aa-917f-e632e45a8e41","email":"test@example.com","username":"johndoe","name":"John Doe","phoneNumber":"0987654321","profilePic":null,"bio":null,"private":false,"verified":false,"role":0,"followersCount":0,"followingCount":0,"postCount":0}}"
16:32:12.791 [pool-2-thread-26] DEBUG org.apache.http.headers -- http-outgoing-82 << HTTP/1.1 200 OK
16:32:12.791 [pool-2-thread-26] DEBUG org.apache.http.headers -- http-outgoing-82 << X-Powered-By: Express
16:32:12.791 [pool-2-thread-26] DEBUG org.apache.http.headers -- http-outgoing-82 << Access-Control-Allow-Origin: *
16:32:12.791 [pool-2-thread-26] DEBUG org.apache.http.headers -- http-outgoing-82 << Content-Type: application/json; charset=utf-8
16:32:12.791 [pool-2-thread-26] DEBUG org.apache.http.headers -- http-outgoing-82 << Content-Length: 599
16:32:12.791 [pool-2-thread-26] DEBUG org.apache.http.headers -- http-outgoing-82 << ETag: W/"257-XeMWbe98HbPqsuL1Fij/EgVH9Xc"
16:32:12.791 [pool-2-thread-26] DEBUG org.apache.http.headers -- http-outgoing-82 << Date: Tue, 24 Jun 2025 09:32:12 GMT
16:32:12.791 [pool-2-thread-26] DEBUG org.apache.http.headers -- http-outgoing-82 << Connection: keep-alive
16:32:12.791 [pool-2-thread-26] DEBUG org.apache.http.headers -- http-outgoing-82 << Keep-Alive: timeout=5
16:32:12.791 [pool-2-thread-26] DEBUG org.apache.http.impl.execchain.MainClientExec -- Connection can be kept alive for 5000 MILLISECONDS
16:32:12.791 [pool-2-thread-26] DEBUG org.apache.http.impl.conn.PoolingHttpClientConnectionManager -- Connection [id: 82][route: {}->http://localhost:3000] can be kept alive for 5.0 seconds
16:32:12.791 [pool-2-thread-26] DEBUG org.apache.http.impl.conn.DefaultManagedHttpClientConnection -- http-outgoing-82: set socket timeout to 0
16:32:12.791 [pool-2-thread-26] DEBUG org.apache.http.impl.conn.PoolingHttpClientConnectionManager -- Connection released: [id: 82][route: {}->http://localhost:3000][total available: 1; route allocated: 1 of 5; total allocated: 1 of 10]
16:32:12.791 [pool-2-thread-26] DEBUG org.apache.http.impl.conn.PoolingHttpClientConnectionManager -- Connection manager is shutting down
16:32:12.791 [pool-2-thread-26] DEBUG org.apache.http.impl.conn.DefaultManagedHttpClientConnection -- http-outgoing-82: Close connection
16:32:12.791 [pool-2-thread-26] DEBUG org.apache.http.impl.conn.PoolingHttpClientConnectionManager -- Connection manager shut down
16:32:12.791 [pool-2-thread-26] DEBUG com.intuit.karate -- response time in milliseconds: 5991
1 < 200
1 < X-Powered-By: Express
1 < Access-Control-Allow-Origin: *
1 < Content-Type: application/json; charset=utf-8
1 < Content-Length: 599
1 < ETag: W/"257-XeMWbe98HbPqsuL1Fij/EgVH9Xc"
1 < Date: Tue, 24 Jun 2025 09:32:12 GMT
1 < Connection: keep-alive
1 < Keep-Alive: timeout=5
{"access_token":"eyJhbGciOiJIUzI1NiIsInR5cCI6IkpXVCJ9.eyJzdWIiOiIyZGRhMDQzOS01MTgwLTQ1YWEtOTE3Zi1lNjMyZTQ1YThlNDEiLCJ1c2VybmFtZSI6ImpvaG5kb2UiLCJyb2xlIjowLCJpYXQiOjE3NTA3NTc1MzEsImV4cCI6MTc1MDc2MTEzMX0._BhpFrqZkN-2YmAv98gia_E7C52YMcKBIfB4ZpfFvxo","refresh_token":"5510aa26dac9ecd015d050ec3c1705fafeb1f4c986a3a9454166610f8179d821","user":{"id":"2dda0439-5180-45aa-917f-e632e45a8e41","email":"test@example.com","username":"johndoe","name":"John Doe","phoneNumber":"0987654321","profilePic":null,"bio":null,"private":false,"verified":false,"role":0,"followersCount":0,"followingCount":0,"postCount":0}}

16:32:12.792 [pool-2-thread-26] INFO com.intuit.karate -- [print] 50-thread call completed, status: 200 
16:32:12.812 [pool-2-thread-30] DEBUG org.apache.http.wire -- http-outgoing-64 << "HTTP/1.1 200 OK[\r][\n]"
16:32:12.812 [pool-2-thread-30] DEBUG org.apache.http.wire -- http-outgoing-64 << "X-Powered-By: Express[\r][\n]"
16:32:12.812 [pool-2-thread-30] DEBUG org.apache.http.wire -- http-outgoing-64 << "Access-Control-Allow-Origin: *[\r][\n]"
16:32:12.812 [pool-2-thread-30] DEBUG org.apache.http.wire -- http-outgoing-64 << "Content-Type: application/json; charset=utf-8[\r][\n]"
16:32:12.812 [pool-2-thread-30] DEBUG org.apache.http.wire -- http-outgoing-64 << "Content-Length: 607[\r][\n]"
16:32:12.812 [pool-2-thread-30] DEBUG org.apache.http.wire -- http-outgoing-64 << "ETag: W/"25f-wgQjntAlAuUpJ8Lb+KhQWJ6SIWY"[\r][\n]"
16:32:12.812 [pool-2-thread-30] DEBUG org.apache.http.wire -- http-outgoing-64 << "Date: Tue, 24 Jun 2025 09:32:12 GMT[\r][\n]"
16:32:12.812 [pool-2-thread-30] DEBUG org.apache.http.wire -- http-outgoing-64 << "Connection: keep-alive[\r][\n]"
16:32:12.812 [pool-2-thread-30] DEBUG org.apache.http.wire -- http-outgoing-64 << "Keep-Alive: timeout=5[\r][\n]"
16:32:12.812 [pool-2-thread-30] DEBUG org.apache.http.wire -- http-outgoing-64 << "[\r][\n]"
16:32:12.812 [pool-2-thread-30] DEBUG org.apache.http.wire -- http-outgoing-64 << "{"access_token":"eyJhbGciOiJIUzI1NiIsInR5cCI6IkpXVCJ9.eyJzdWIiOiJjMjE0MjJkZi1jY2VjLTQ0MGUtOWE0Mi1jMWI4MmFiZjczM2QiLCJ1c2VybmFtZSI6ImpvaG5kb2UyOCIsInJvbGUiOjAsImlhdCI6MTc1MDc1NzUzMiwiZXhwIjoxNzUwNzYxMTMyfQ.f7S89SHie38PEP8dVmkWIX6Ik2CZkCL_2Ro5NTg4pQI","refresh_token":"a75f2415a04cf602d31674b75636374fe82a13781a4ec4a6a7dc5ffb8c427181","user":{"id":"c21422df-ccec-440e-9a42-c1b82abf733d","email":"test28@example.com","username":"johndoe28","name":"John Doe","phoneNumber":"84987654321","profilePic":null,"bio":null,"private":false,"verified":false,"role":0,"followersCount":0,"followingCount":0,"postCount":0}}"
16:32:12.812 [pool-2-thread-30] DEBUG org.apache.http.headers -- http-outgoing-64 << HTTP/1.1 200 OK
16:32:12.812 [pool-2-thread-30] DEBUG org.apache.http.headers -- http-outgoing-64 << X-Powered-By: Express
16:32:12.812 [pool-2-thread-30] DEBUG org.apache.http.headers -- http-outgoing-64 << Access-Control-Allow-Origin: *
16:32:12.812 [pool-2-thread-30] DEBUG org.apache.http.headers -- http-outgoing-64 << Content-Type: application/json; charset=utf-8
16:32:12.812 [pool-2-thread-30] DEBUG org.apache.http.headers -- http-outgoing-64 << Content-Length: 607
16:32:12.812 [pool-2-thread-30] DEBUG org.apache.http.headers -- http-outgoing-64 << ETag: W/"25f-wgQjntAlAuUpJ8Lb+KhQWJ6SIWY"
16:32:12.812 [pool-2-thread-30] DEBUG org.apache.http.headers -- http-outgoing-64 << Date: Tue, 24 Jun 2025 09:32:12 GMT
16:32:12.812 [pool-2-thread-30] DEBUG org.apache.http.headers -- http-outgoing-64 << Connection: keep-alive
16:32:12.812 [pool-2-thread-30] DEBUG org.apache.http.headers -- http-outgoing-64 << Keep-Alive: timeout=5
16:32:12.813 [pool-2-thread-30] DEBUG org.apache.http.impl.execchain.MainClientExec -- Connection can be kept alive for 5000 MILLISECONDS
16:32:12.813 [pool-2-thread-30] DEBUG org.apache.http.impl.conn.PoolingHttpClientConnectionManager -- Connection [id: 64][route: {}->http://localhost:3000] can be kept alive for 5.0 seconds
16:32:12.813 [pool-2-thread-30] DEBUG org.apache.http.impl.conn.DefaultManagedHttpClientConnection -- http-outgoing-64: set socket timeout to 0
16:32:12.813 [pool-2-thread-30] DEBUG org.apache.http.impl.conn.PoolingHttpClientConnectionManager -- Connection released: [id: 64][route: {}->http://localhost:3000][total available: 1; route allocated: 1 of 5; total allocated: 1 of 10]
16:32:12.813 [pool-2-thread-30] DEBUG org.apache.http.impl.conn.PoolingHttpClientConnectionManager -- Connection manager is shutting down
16:32:12.813 [pool-2-thread-30] DEBUG org.apache.http.impl.conn.DefaultManagedHttpClientConnection -- http-outgoing-64: Close connection
16:32:12.813 [pool-2-thread-30] DEBUG org.apache.http.impl.conn.PoolingHttpClientConnectionManager -- Connection manager shut down
16:32:12.813 [pool-2-thread-30] DEBUG com.intuit.karate -- response time in milliseconds: 9002
1 < 200
1 < X-Powered-By: Express
1 < Access-Control-Allow-Origin: *
1 < Content-Type: application/json; charset=utf-8
1 < Content-Length: 607
1 < ETag: W/"25f-wgQjntAlAuUpJ8Lb+KhQWJ6SIWY"
1 < Date: Tue, 24 Jun 2025 09:32:12 GMT
1 < Connection: keep-alive
1 < Keep-Alive: timeout=5
{"access_token":"eyJhbGciOiJIUzI1NiIsInR5cCI6IkpXVCJ9.eyJzdWIiOiJjMjE0MjJkZi1jY2VjLTQ0MGUtOWE0Mi1jMWI4MmFiZjczM2QiLCJ1c2VybmFtZSI6ImpvaG5kb2UyOCIsInJvbGUiOjAsImlhdCI6MTc1MDc1NzUzMiwiZXhwIjoxNzUwNzYxMTMyfQ.f7S89SHie38PEP8dVmkWIX6Ik2CZkCL_2Ro5NTg4pQI","refresh_token":"a75f2415a04cf602d31674b75636374fe82a13781a4ec4a6a7dc5ffb8c427181","user":{"id":"c21422df-ccec-440e-9a42-c1b82abf733d","email":"test28@example.com","username":"johndoe28","name":"John Doe","phoneNumber":"84987654321","profilePic":null,"bio":null,"private":false,"verified":false,"role":0,"followersCount":0,"followingCount":0,"postCount":0}}

16:32:12.815 [pool-2-thread-30] INFO com.intuit.karate -- [print] 50-thread call completed, status: 200 
16:32:12.816 [pool-2-thread-22] DEBUG org.apache.http.wire -- http-outgoing-71 << "HTTP/1.1 200 OK[\r][\n]"
16:32:12.817 [pool-2-thread-22] DEBUG org.apache.http.wire -- http-outgoing-71 << "X-Powered-By: Express[\r][\n]"
16:32:12.817 [pool-2-thread-22] DEBUG org.apache.http.wire -- http-outgoing-71 << "Access-Control-Allow-Origin: *[\r][\n]"
16:32:12.817 [pool-2-thread-22] DEBUG org.apache.http.wire -- http-outgoing-71 << "Content-Type: application/json; charset=utf-8[\r][\n]"
16:32:12.817 [pool-2-thread-22] DEBUG org.apache.http.wire -- http-outgoing-71 << "Content-Length: 608[\r][\n]"
16:32:12.817 [pool-2-thread-22] DEBUG org.apache.http.wire -- http-outgoing-71 << "ETag: W/"260-9Fhx4Z2E5MBPcAtzY8nVszgPP/8"[\r][\n]"
16:32:12.817 [pool-2-thread-22] DEBUG org.apache.http.wire -- http-outgoing-71 << "Date: Tue, 24 Jun 2025 09:32:12 GMT[\r][\n]"
16:32:12.817 [pool-2-thread-22] DEBUG org.apache.http.wire -- http-outgoing-71 << "Connection: keep-alive[\r][\n]"
16:32:12.817 [pool-2-thread-22] DEBUG org.apache.http.wire -- http-outgoing-71 << "Keep-Alive: timeout=5[\r][\n]"
16:32:12.817 [pool-2-thread-22] DEBUG org.apache.http.wire -- http-outgoing-71 << "[\r][\n]"
16:32:12.817 [pool-2-thread-22] DEBUG org.apache.http.wire -- http-outgoing-71 << "{"access_token":"eyJhbGciOiJIUzI1NiIsInR5cCI6IkpXVCJ9.eyJzdWIiOiI4YTI0NzQ2MS01YzA0LTQyMWQtOThmNS1mYTljNzM0ZmFlYTUiLCJ1c2VybmFtZSI6ImphbmVzbWl0aCIsInJvbGUiOjAsImlhdCI6MTc1MDc1NzUzMiwiZXhwIjoxNzUwNzYxMTMyfQ.KduU59GLx7gvkR51GfQHxjhdgZOFOfXqk41KYWY_enE","refresh_token":"235edbaef0ab57cf7dc685db4b2d1e51feb524a1249203b907c6c79b38100888","user":{"id":"8a247461-5c04-421d-98f5-fa9c734faea5","email":"test2@example.com","username":"janesmith","name":"Jane Smith","phoneNumber":"01234567890","profilePic":null,"bio":null,"private":false,"verified":false,"role":0,"followersCount":0,"followingCount":0,"postCount":0}}"
16:32:12.817 [pool-2-thread-22] DEBUG org.apache.http.headers -- http-outgoing-71 << HTTP/1.1 200 OK
16:32:12.817 [pool-2-thread-22] DEBUG org.apache.http.headers -- http-outgoing-71 << X-Powered-By: Express
16:32:12.817 [pool-2-thread-22] DEBUG org.apache.http.headers -- http-outgoing-71 << Access-Control-Allow-Origin: *
16:32:12.817 [pool-2-thread-22] DEBUG org.apache.http.headers -- http-outgoing-71 << Content-Type: application/json; charset=utf-8
16:32:12.817 [pool-2-thread-22] DEBUG org.apache.http.headers -- http-outgoing-71 << Content-Length: 608
16:32:12.817 [pool-2-thread-22] DEBUG org.apache.http.headers -- http-outgoing-71 << ETag: W/"260-9Fhx4Z2E5MBPcAtzY8nVszgPP/8"
16:32:12.817 [pool-2-thread-22] DEBUG org.apache.http.headers -- http-outgoing-71 << Date: Tue, 24 Jun 2025 09:32:12 GMT
16:32:12.817 [pool-2-thread-22] DEBUG org.apache.http.headers -- http-outgoing-71 << Connection: keep-alive
16:32:12.817 [pool-2-thread-22] DEBUG org.apache.http.headers -- http-outgoing-71 << Keep-Alive: timeout=5
16:32:12.817 [pool-2-thread-22] DEBUG org.apache.http.impl.execchain.MainClientExec -- Connection can be kept alive for 5000 MILLISECONDS
16:32:12.818 [pool-2-thread-22] DEBUG org.apache.http.impl.conn.PoolingHttpClientConnectionManager -- Connection [id: 72][route: {}->http://localhost:3000] can be kept alive for 5.0 seconds
16:32:12.818 [pool-2-thread-22] DEBUG org.apache.http.impl.conn.DefaultManagedHttpClientConnection -- http-outgoing-71: set socket timeout to 0
16:32:12.818 [pool-2-thread-22] DEBUG org.apache.http.impl.conn.PoolingHttpClientConnectionManager -- Connection released: [id: 72][route: {}->http://localhost:3000][total available: 1; route allocated: 1 of 5; total allocated: 1 of 10]
16:32:12.818 [pool-2-thread-22] DEBUG org.apache.http.impl.conn.PoolingHttpClientConnectionManager -- Connection manager is shutting down
16:32:12.818 [pool-2-thread-22] DEBUG org.apache.http.impl.conn.DefaultManagedHttpClientConnection -- http-outgoing-71: Close connection
16:32:12.818 [pool-2-thread-22] DEBUG org.apache.http.impl.conn.PoolingHttpClientConnectionManager -- Connection manager shut down
16:32:12.818 [pool-2-thread-22] DEBUG com.intuit.karate -- response time in milliseconds: 7202
1 < 200
1 < X-Powered-By: Express
1 < Access-Control-Allow-Origin: *
1 < Content-Type: application/json; charset=utf-8
1 < Content-Length: 608
1 < ETag: W/"260-9Fhx4Z2E5MBPcAtzY8nVszgPP/8"
1 < Date: Tue, 24 Jun 2025 09:32:12 GMT
1 < Connection: keep-alive
1 < Keep-Alive: timeout=5
{"access_token":"eyJhbGciOiJIUzI1NiIsInR5cCI6IkpXVCJ9.eyJzdWIiOiI4YTI0NzQ2MS01YzA0LTQyMWQtOThmNS1mYTljNzM0ZmFlYTUiLCJ1c2VybmFtZSI6ImphbmVzbWl0aCIsInJvbGUiOjAsImlhdCI6MTc1MDc1NzUzMiwiZXhwIjoxNzUwNzYxMTMyfQ.KduU59GLx7gvkR51GfQHxjhdgZOFOfXqk41KYWY_enE","refresh_token":"235edbaef0ab57cf7dc685db4b2d1e51feb524a1249203b907c6c79b38100888","user":{"id":"8a247461-5c04-421d-98f5-fa9c734faea5","email":"test2@example.com","username":"janesmith","name":"Jane Smith","phoneNumber":"01234567890","profilePic":null,"bio":null,"private":false,"verified":false,"role":0,"followersCount":0,"followingCount":0,"postCount":0}}

16:32:12.819 [pool-2-thread-22] INFO com.intuit.karate -- [print] 50-thread call completed, status: 200 
16:32:12.829 [pool-2-thread-38] DEBUG org.apache.http.wire -- http-outgoing-85 << "HTTP/1.1 200 OK[\r][\n]"
16:32:12.829 [pool-2-thread-38] DEBUG org.apache.http.wire -- http-outgoing-85 << "X-Powered-By: Express[\r][\n]"
16:32:12.829 [pool-2-thread-38] DEBUG org.apache.http.wire -- http-outgoing-85 << "Access-Control-Allow-Origin: *[\r][\n]"
16:32:12.829 [pool-2-thread-38] DEBUG org.apache.http.wire -- http-outgoing-85 << "Content-Type: application/json; charset=utf-8[\r][\n]"
16:32:12.829 [pool-2-thread-38] DEBUG org.apache.http.wire -- http-outgoing-85 << "Content-Length: 607[\r][\n]"
16:32:12.829 [pool-2-thread-38] DEBUG org.apache.http.wire -- http-outgoing-85 << "ETag: W/"25f-dC7Ykp3f3T8oB/7hMJjWmbm/o8c"[\r][\n]"
16:32:12.829 [pool-2-thread-38] DEBUG org.apache.http.wire -- http-outgoing-85 << "Date: Tue, 24 Jun 2025 09:32:12 GMT[\r][\n]"
16:32:12.829 [pool-2-thread-38] DEBUG org.apache.http.wire -- http-outgoing-85 << "Connection: keep-alive[\r][\n]"
16:32:12.829 [pool-2-thread-38] DEBUG org.apache.http.wire -- http-outgoing-85 << "Keep-Alive: timeout=5[\r][\n]"
16:32:12.829 [pool-2-thread-38] DEBUG org.apache.http.wire -- http-outgoing-85 << "[\r][\n]"
16:32:12.829 [pool-2-thread-38] DEBUG org.apache.http.wire -- http-outgoing-85 << "{"access_token":"eyJhbGciOiJIUzI1NiIsInR5cCI6IkpXVCJ9.eyJzdWIiOiI5YTI2OTc2Yy0xNTMyLTRkZjMtYTE2ZS03NjMxNTI1Yzg1MDIiLCJ1c2VybmFtZSI6ImpvaG5kb2UyZDUiLCJyb2xlIjowLCJpYXQiOjE3NTA3NTc1MzIsImV4cCI6MTc1MDc2MTEzMn0.hW9jpdgDFT4Jyc9Y_dZPV8crp8i8i_pWd9qr2VE7waY","refresh_token":"4b0a4b31e7b8f0395be804a5dc43e183c0ff976015b10eb75356a907310c12d8","user":{"id":"9a26976c-1532-4df3-a16e-7631525c8502","email":"testit4@gmail.com","username":"johndoe2d5","name":"John Doe","phoneNumber":"0123456212","profilePic":null,"bio":null,"private":false,"verified":false,"role":0,"followersCount":0,"followingCount":0,"postCount":0}}"
16:32:12.829 [pool-2-thread-38] DEBUG org.apache.http.headers -- http-outgoing-85 << HTTP/1.1 200 OK
16:32:12.829 [pool-2-thread-38] DEBUG org.apache.http.headers -- http-outgoing-85 << X-Powered-By: Express
16:32:12.829 [pool-2-thread-38] DEBUG org.apache.http.headers -- http-outgoing-85 << Access-Control-Allow-Origin: *
16:32:12.829 [pool-2-thread-38] DEBUG org.apache.http.headers -- http-outgoing-85 << Content-Type: application/json; charset=utf-8
16:32:12.829 [pool-2-thread-38] DEBUG org.apache.http.headers -- http-outgoing-85 << Content-Length: 607
16:32:12.829 [pool-2-thread-38] DEBUG org.apache.http.headers -- http-outgoing-85 << ETag: W/"25f-dC7Ykp3f3T8oB/7hMJjWmbm/o8c"
16:32:12.829 [pool-2-thread-38] DEBUG org.apache.http.headers -- http-outgoing-85 << Date: Tue, 24 Jun 2025 09:32:12 GMT
16:32:12.829 [pool-2-thread-38] DEBUG org.apache.http.headers -- http-outgoing-85 << Connection: keep-alive
16:32:12.829 [pool-2-thread-38] DEBUG org.apache.http.headers -- http-outgoing-85 << Keep-Alive: timeout=5
16:32:12.829 [pool-2-thread-38] DEBUG org.apache.http.impl.execchain.MainClientExec -- Connection can be kept alive for 5000 MILLISECONDS
16:32:12.829 [pool-2-thread-38] DEBUG org.apache.http.impl.conn.PoolingHttpClientConnectionManager -- Connection [id: 85][route: {}->http://localhost:3000] can be kept alive for 5.0 seconds
16:32:12.829 [pool-2-thread-38] DEBUG org.apache.http.impl.conn.DefaultManagedHttpClientConnection -- http-outgoing-85: set socket timeout to 0
16:32:12.830 [pool-2-thread-38] DEBUG org.apache.http.impl.conn.PoolingHttpClientConnectionManager -- Connection released: [id: 85][route: {}->http://localhost:3000][total available: 1; route allocated: 1 of 5; total allocated: 1 of 10]
16:32:12.830 [pool-2-thread-38] DEBUG org.apache.http.impl.conn.PoolingHttpClientConnectionManager -- Connection manager is shutting down
16:32:12.830 [pool-2-thread-38] DEBUG org.apache.http.impl.conn.DefaultManagedHttpClientConnection -- http-outgoing-85: Close connection
16:32:12.830 [pool-2-thread-38] DEBUG org.apache.http.impl.conn.PoolingHttpClientConnectionManager -- Connection manager shut down
16:32:12.830 [pool-2-thread-38] DEBUG com.intuit.karate -- response time in milliseconds: 5955
1 < 200
1 < X-Powered-By: Express
1 < Access-Control-Allow-Origin: *
1 < Content-Type: application/json; charset=utf-8
1 < Content-Length: 607
1 < ETag: W/"25f-dC7Ykp3f3T8oB/7hMJjWmbm/o8c"
1 < Date: Tue, 24 Jun 2025 09:32:12 GMT
1 < Connection: keep-alive
1 < Keep-Alive: timeout=5
{"access_token":"eyJhbGciOiJIUzI1NiIsInR5cCI6IkpXVCJ9.eyJzdWIiOiI5YTI2OTc2Yy0xNTMyLTRkZjMtYTE2ZS03NjMxNTI1Yzg1MDIiLCJ1c2VybmFtZSI6ImpvaG5kb2UyZDUiLCJyb2xlIjowLCJpYXQiOjE3NTA3NTc1MzIsImV4cCI6MTc1MDc2MTEzMn0.hW9jpdgDFT4Jyc9Y_dZPV8crp8i8i_pWd9qr2VE7waY","refresh_token":"4b0a4b31e7b8f0395be804a5dc43e183c0ff976015b10eb75356a907310c12d8","user":{"id":"9a26976c-1532-4df3-a16e-7631525c8502","email":"testit4@gmail.com","username":"johndoe2d5","name":"John Doe","phoneNumber":"0123456212","profilePic":null,"bio":null,"private":false,"verified":false,"role":0,"followersCount":0,"followingCount":0,"postCount":0}}

16:32:12.830 [pool-2-thread-38] INFO com.intuit.karate -- [print] 50-thread call completed, status: 200 
16:32:13.662 [pool-2-thread-37] DEBUG org.apache.http.wire -- http-outgoing-76 << "HTTP/1.1 200 OK[\r][\n]"
16:32:13.662 [pool-2-thread-37] DEBUG org.apache.http.wire -- http-outgoing-76 << "X-Powered-By: Express[\r][\n]"
16:32:13.662 [pool-2-thread-37] DEBUG org.apache.http.wire -- http-outgoing-76 << "Access-Control-Allow-Origin: *[\r][\n]"
16:32:13.662 [pool-2-thread-37] DEBUG org.apache.http.wire -- http-outgoing-76 << "Content-Type: application/json; charset=utf-8[\r][\n]"
16:32:13.662 [pool-2-thread-37] DEBUG org.apache.http.wire -- http-outgoing-76 << "Content-Length: 605[\r][\n]"
16:32:13.662 [pool-2-thread-37] DEBUG org.apache.http.wire -- http-outgoing-76 << "ETag: W/"25d-7X1fQ9iiGKROO2C3EPyYfLDCHmI"[\r][\n]"
16:32:13.662 [pool-2-thread-37] DEBUG org.apache.http.wire -- http-outgoing-76 << "Date: Tue, 24 Jun 2025 09:32:13 GMT[\r][\n]"
16:32:13.662 [pool-2-thread-37] DEBUG org.apache.http.wire -- http-outgoing-76 << "Connection: keep-alive[\r][\n]"
16:32:13.662 [pool-2-thread-37] DEBUG org.apache.http.wire -- http-outgoing-76 << "Keep-Alive: timeout=5[\r][\n]"
16:32:13.662 [pool-2-thread-37] DEBUG org.apache.http.wire -- http-outgoing-76 << "[\r][\n]"
16:32:13.663 [pool-2-thread-37] DEBUG org.apache.http.wire -- http-outgoing-76 << "{"access_token":"eyJhbGciOiJIUzI1NiIsInR5cCI6IkpXVCJ9.eyJzdWIiOiI2NTBjZTFlZC1hYWNhLTQzOGYtOTk4OC0xZjA1OGFiNWFhMWEiLCJ1c2VybmFtZSI6ImpvaG5kb2UyNSIsInJvbGUiOjAsImlhdCI6MTc1MDc1NzUzMiwiZXhwIjoxNzUwNzYxMTMyfQ.BMPKf-OMRP-VdaSWnP0Tx3lbg2eFybhf7YvAQ5TqXzk","refresh_token":"ba2306d81e9f9adf530fab540a32a3703712b5233d47f026eb4897afecb9a0a2","user":{"id":"650ce1ed-aaca-438f-9988-1f058ab5aa1a","email":"testit3@gmail.com","username":"johndoe25","name":"John Doe","phoneNumber":"0123456713","profilePic":null,"bio":null,"private":false,"verified":false,"role":0,"followersCount":0,"followingCount":0,"postCount":0}}"
16:32:13.663 [pool-2-thread-37] DEBUG org.apache.http.headers -- http-outgoing-76 << HTTP/1.1 200 OK
16:32:13.663 [pool-2-thread-37] DEBUG org.apache.http.headers -- http-outgoing-76 << X-Powered-By: Express
16:32:13.663 [pool-2-thread-37] DEBUG org.apache.http.headers -- http-outgoing-76 << Access-Control-Allow-Origin: *
16:32:13.663 [pool-2-thread-37] DEBUG org.apache.http.headers -- http-outgoing-76 << Content-Type: application/json; charset=utf-8
16:32:13.663 [pool-2-thread-37] DEBUG org.apache.http.headers -- http-outgoing-76 << Content-Length: 605
16:32:13.663 [pool-2-thread-37] DEBUG org.apache.http.headers -- http-outgoing-76 << ETag: W/"25d-7X1fQ9iiGKROO2C3EPyYfLDCHmI"
16:32:13.663 [pool-2-thread-37] DEBUG org.apache.http.headers -- http-outgoing-76 << Date: Tue, 24 Jun 2025 09:32:13 GMT
16:32:13.663 [pool-2-thread-37] DEBUG org.apache.http.headers -- http-outgoing-76 << Connection: keep-alive
16:32:13.663 [pool-2-thread-37] DEBUG org.apache.http.headers -- http-outgoing-76 << Keep-Alive: timeout=5
16:32:13.663 [pool-2-thread-37] DEBUG org.apache.http.impl.execchain.MainClientExec -- Connection can be kept alive for 5000 MILLISECONDS
16:32:13.663 [pool-2-thread-37] DEBUG org.apache.http.impl.conn.PoolingHttpClientConnectionManager -- Connection [id: 76][route: {}->http://localhost:3000] can be kept alive for 5.0 seconds
16:32:13.663 [pool-2-thread-37] DEBUG org.apache.http.impl.conn.DefaultManagedHttpClientConnection -- http-outgoing-76: set socket timeout to 0
16:32:13.663 [pool-2-thread-37] DEBUG org.apache.http.impl.conn.PoolingHttpClientConnectionManager -- Connection released: [id: 76][route: {}->http://localhost:3000][total available: 1; route allocated: 1 of 5; total allocated: 1 of 10]
16:32:13.663 [pool-2-thread-37] DEBUG org.apache.http.impl.conn.PoolingHttpClientConnectionManager -- Connection manager is shutting down
16:32:13.663 [pool-2-thread-37] DEBUG org.apache.http.impl.conn.DefaultManagedHttpClientConnection -- http-outgoing-76: Close connection
16:32:13.663 [pool-2-thread-37] DEBUG org.apache.http.impl.conn.PoolingHttpClientConnectionManager -- Connection manager shut down
16:32:13.663 [pool-2-thread-37] DEBUG com.intuit.karate -- response time in milliseconds: 7023
1 < 200
1 < X-Powered-By: Express
1 < Access-Control-Allow-Origin: *
1 < Content-Type: application/json; charset=utf-8
1 < Content-Length: 605
1 < ETag: W/"25d-7X1fQ9iiGKROO2C3EPyYfLDCHmI"
1 < Date: Tue, 24 Jun 2025 09:32:13 GMT
1 < Connection: keep-alive
1 < Keep-Alive: timeout=5
{"access_token":"eyJhbGciOiJIUzI1NiIsInR5cCI6IkpXVCJ9.eyJzdWIiOiI2NTBjZTFlZC1hYWNhLTQzOGYtOTk4OC0xZjA1OGFiNWFhMWEiLCJ1c2VybmFtZSI6ImpvaG5kb2UyNSIsInJvbGUiOjAsImlhdCI6MTc1MDc1NzUzMiwiZXhwIjoxNzUwNzYxMTMyfQ.BMPKf-OMRP-VdaSWnP0Tx3lbg2eFybhf7YvAQ5TqXzk","refresh_token":"ba2306d81e9f9adf530fab540a32a3703712b5233d47f026eb4897afecb9a0a2","user":{"id":"650ce1ed-aaca-438f-9988-1f058ab5aa1a","email":"testit3@gmail.com","username":"johndoe25","name":"John Doe","phoneNumber":"0123456713","profilePic":null,"bio":null,"private":false,"verified":false,"role":0,"followersCount":0,"followingCount":0,"postCount":0}}

16:32:13.664 [pool-2-thread-37] INFO com.intuit.karate -- [print] 50-thread call completed, status: 200 
16:32:13.725 [pool-2-thread-1] DEBUG org.apache.http.wire -- http-outgoing-90 << "HTTP/1.1 200 OK[\r][\n]"
16:32:13.725 [pool-2-thread-1] DEBUG org.apache.http.wire -- http-outgoing-90 << "X-Powered-By: Express[\r][\n]"
16:32:13.726 [pool-2-thread-1] DEBUG org.apache.http.wire -- http-outgoing-90 << "Access-Control-Allow-Origin: *[\r][\n]"
16:32:13.726 [pool-2-thread-1] DEBUG org.apache.http.wire -- http-outgoing-90 << "Content-Type: application/json; charset=utf-8[\r][\n]"
16:32:13.726 [pool-2-thread-1] DEBUG org.apache.http.wire -- http-outgoing-90 << "Content-Length: 605[\r][\n]"
16:32:13.726 [pool-2-thread-1] DEBUG org.apache.http.wire -- http-outgoing-90 << "ETag: W/"25d-LZL6VJFxaxwL8uh3OUsOQN4gyeg"[\r][\n]"
16:32:13.726 [pool-2-thread-1] DEBUG org.apache.http.wire -- http-outgoing-90 << "Date: Tue, 24 Jun 2025 09:32:13 GMT[\r][\n]"
16:32:13.726 [pool-2-thread-1] DEBUG org.apache.http.wire -- http-outgoing-90 << "Connection: keep-alive[\r][\n]"
16:32:13.726 [pool-2-thread-1] DEBUG org.apache.http.wire -- http-outgoing-90 << "Keep-Alive: timeout=5[\r][\n]"
16:32:13.726 [pool-2-thread-1] DEBUG org.apache.http.wire -- http-outgoing-90 << "[\r][\n]"
16:32:13.726 [pool-2-thread-1] DEBUG org.apache.http.wire -- http-outgoing-90 << "{"access_token":"eyJhbGciOiJIUzI1NiIsInR5cCI6IkpXVCJ9.eyJzdWIiOiIwYTM3ZWY0My1mZWU4LTQxZDMtYTY4Ni04YWIwODY5NDg2OTUiLCJ1c2VybmFtZSI6ImpvaG5kb2UyMSIsInJvbGUiOjAsImlhdCI6MTc1MDc1NzUzMiwiZXhwIjoxNzUwNzYxMTMyfQ.7SZ-eeod6fjMDCRJFn31FwqN9wXAWyQxXPn5KWMiZAY","refresh_token":"eefc8708d828661b364fef858fbc758360267c7c2aa165e76985bc6494b1490a","user":{"id":"0a37ef43-fee8-41d3-a686-8ab086948695","email":"testit2@gmail.com","username":"johndoe21","name":"John Doe","phoneNumber":"0123456712","profilePic":null,"bio":null,"private":false,"verified":false,"role":0,"followersCount":0,"followingCount":0,"postCount":0}}"
16:32:13.726 [pool-2-thread-1] DEBUG org.apache.http.headers -- http-outgoing-90 << HTTP/1.1 200 OK
16:32:13.726 [pool-2-thread-1] DEBUG org.apache.http.headers -- http-outgoing-90 << X-Powered-By: Express
16:32:13.726 [pool-2-thread-1] DEBUG org.apache.http.headers -- http-outgoing-90 << Access-Control-Allow-Origin: *
16:32:13.726 [pool-2-thread-1] DEBUG org.apache.http.headers -- http-outgoing-90 << Content-Type: application/json; charset=utf-8
16:32:13.726 [pool-2-thread-1] DEBUG org.apache.http.headers -- http-outgoing-90 << Content-Length: 605
16:32:13.726 [pool-2-thread-1] DEBUG org.apache.http.headers -- http-outgoing-90 << ETag: W/"25d-LZL6VJFxaxwL8uh3OUsOQN4gyeg"
16:32:13.726 [pool-2-thread-1] DEBUG org.apache.http.headers -- http-outgoing-90 << Date: Tue, 24 Jun 2025 09:32:13 GMT
16:32:13.726 [pool-2-thread-1] DEBUG org.apache.http.headers -- http-outgoing-90 << Connection: keep-alive
16:32:13.726 [pool-2-thread-1] DEBUG org.apache.http.headers -- http-outgoing-90 << Keep-Alive: timeout=5
16:32:13.726 [pool-2-thread-1] DEBUG org.apache.http.impl.execchain.MainClientExec -- Connection can be kept alive for 5000 MILLISECONDS
16:32:13.726 [pool-2-thread-1] DEBUG org.apache.http.impl.conn.PoolingHttpClientConnectionManager -- Connection [id: 89][route: {}->http://localhost:3000] can be kept alive for 5.0 seconds
16:32:13.726 [pool-2-thread-1] DEBUG org.apache.http.impl.conn.DefaultManagedHttpClientConnection -- http-outgoing-90: set socket timeout to 0
16:32:13.726 [pool-2-thread-1] DEBUG org.apache.http.impl.conn.PoolingHttpClientConnectionManager -- Connection released: [id: 89][route: {}->http://localhost:3000][total available: 1; route allocated: 1 of 5; total allocated: 1 of 10]
16:32:13.726 [pool-2-thread-1] DEBUG org.apache.http.impl.conn.PoolingHttpClientConnectionManager -- Connection manager is shutting down
16:32:13.726 [pool-2-thread-1] DEBUG org.apache.http.impl.conn.DefaultManagedHttpClientConnection -- http-outgoing-90: Close connection
16:32:13.727 [pool-2-thread-1] DEBUG org.apache.http.impl.conn.PoolingHttpClientConnectionManager -- Connection manager shut down
16:32:13.727 [pool-2-thread-1] DEBUG com.intuit.karate -- response time in milliseconds: 5078
1 < 200
1 < X-Powered-By: Express
1 < Access-Control-Allow-Origin: *
1 < Content-Type: application/json; charset=utf-8
1 < Content-Length: 605
1 < ETag: W/"25d-LZL6VJFxaxwL8uh3OUsOQN4gyeg"
1 < Date: Tue, 24 Jun 2025 09:32:13 GMT
1 < Connection: keep-alive
1 < Keep-Alive: timeout=5
{"access_token":"eyJhbGciOiJIUzI1NiIsInR5cCI6IkpXVCJ9.eyJzdWIiOiIwYTM3ZWY0My1mZWU4LTQxZDMtYTY4Ni04YWIwODY5NDg2OTUiLCJ1c2VybmFtZSI6ImpvaG5kb2UyMSIsInJvbGUiOjAsImlhdCI6MTc1MDc1NzUzMiwiZXhwIjoxNzUwNzYxMTMyfQ.7SZ-eeod6fjMDCRJFn31FwqN9wXAWyQxXPn5KWMiZAY","refresh_token":"eefc8708d828661b364fef858fbc758360267c7c2aa165e76985bc6494b1490a","user":{"id":"0a37ef43-fee8-41d3-a686-8ab086948695","email":"testit2@gmail.com","username":"johndoe21","name":"John Doe","phoneNumber":"0123456712","profilePic":null,"bio":null,"private":false,"verified":false,"role":0,"followersCount":0,"followingCount":0,"postCount":0}}

16:32:13.727 [pool-2-thread-1] INFO com.intuit.karate -- [print] 50-thread call completed, status: 200 
16:32:13.734 [pool-2-thread-14] DEBUG org.apache.http.wire -- http-outgoing-60 << "HTTP/1.1 200 OK[\r][\n]"
16:32:13.734 [pool-2-thread-14] DEBUG org.apache.http.wire -- http-outgoing-60 << "X-Powered-By: Express[\r][\n]"
16:32:13.734 [pool-2-thread-14] DEBUG org.apache.http.wire -- http-outgoing-60 << "Access-Control-Allow-Origin: *[\r][\n]"
16:32:13.734 [pool-2-thread-14] DEBUG org.apache.http.wire -- http-outgoing-60 << "Content-Type: application/json; charset=utf-8[\r][\n]"
16:32:13.734 [pool-2-thread-14] DEBUG org.apache.http.wire -- http-outgoing-60 << "Content-Length: 715[\r][\n]"
16:32:13.734 [pool-2-thread-14] DEBUG org.apache.http.wire -- http-outgoing-60 << "ETag: W/"2cb-SAzgIttXCS8MavvHF8aSbEAFc48"[\r][\n]"
16:32:13.734 [pool-2-thread-14] DEBUG org.apache.http.wire -- http-outgoing-60 << "Date: Tue, 24 Jun 2025 09:32:13 GMT[\r][\n]"
16:32:13.734 [pool-2-thread-14] DEBUG org.apache.http.wire -- http-outgoing-60 << "Connection: keep-alive[\r][\n]"
16:32:13.734 [pool-2-thread-14] DEBUG org.apache.http.wire -- http-outgoing-60 << "Keep-Alive: timeout=5[\r][\n]"
16:32:13.734 [pool-2-thread-14] DEBUG org.apache.http.wire -- http-outgoing-60 << "[\r][\n]"
16:32:13.734 [pool-2-thread-14] DEBUG org.apache.http.wire -- http-outgoing-60 << "{"access_token":"eyJhbGciOiJIUzI1NiIsInR5cCI6IkpXVCJ9.eyJzdWIiOiIyYjg0YWEyNC02NjhhLTQwZTItYWYxYy1hZDRmYzRmYTVhNmYiLCJ1c2VybmFtZSI6InF1YW5nMSIsInJvbGUiOjAsImlhdCI6MTc1MDc1NzUzMiwiZXhwIjoxNzUwNzYxMTMyfQ.xkDFDDs0lJRluYVaKNb47wL6jRpELuRBatx3h1JqEbA","refresh_token":"59257d5889b8b998566988c40dbb23c2c7937aa3592a083ad2465adae4f0363d","user":{"id":"2b84aa24-668a-40e2-af1c-ad4fc4fa5a6f","email":"quang1@gmail.com","username":"quang1","name":"quang1","phoneNumber":"09874563210","profilePic":"https://res.cloudinary.com/dizcvrefo/image/upload/v1749027586/nestjs_uploads/xehairydt9rzlbmbmv4c.jpg","bio":"Thang Nam Lao Vua Thoi","private":false,"verified":false,"role":0,"followersCount":2,"followingCount":3,"postCount":2}}"
16:32:13.735 [pool-2-thread-14] DEBUG org.apache.http.headers -- http-outgoing-60 << HTTP/1.1 200 OK
16:32:13.735 [pool-2-thread-14] DEBUG org.apache.http.headers -- http-outgoing-60 << X-Powered-By: Express
16:32:13.735 [pool-2-thread-14] DEBUG org.apache.http.headers -- http-outgoing-60 << Access-Control-Allow-Origin: *
16:32:13.735 [pool-2-thread-14] DEBUG org.apache.http.headers -- http-outgoing-60 << Content-Type: application/json; charset=utf-8
16:32:13.735 [pool-2-thread-14] DEBUG org.apache.http.headers -- http-outgoing-60 << Content-Length: 715
16:32:13.735 [pool-2-thread-14] DEBUG org.apache.http.headers -- http-outgoing-60 << ETag: W/"2cb-SAzgIttXCS8MavvHF8aSbEAFc48"
16:32:13.735 [pool-2-thread-14] DEBUG org.apache.http.headers -- http-outgoing-60 << Date: Tue, 24 Jun 2025 09:32:13 GMT
16:32:13.735 [pool-2-thread-14] DEBUG org.apache.http.headers -- http-outgoing-60 << Connection: keep-alive
16:32:13.735 [pool-2-thread-14] DEBUG org.apache.http.headers -- http-outgoing-60 << Keep-Alive: timeout=5
16:32:13.735 [pool-2-thread-14] DEBUG org.apache.http.impl.execchain.MainClientExec -- Connection can be kept alive for 5000 MILLISECONDS
16:32:13.735 [pool-2-thread-14] DEBUG org.apache.http.impl.conn.PoolingHttpClientConnectionManager -- Connection [id: 60][route: {}->http://localhost:3000] can be kept alive for 5.0 seconds
16:32:13.735 [pool-2-thread-14] DEBUG org.apache.http.impl.conn.DefaultManagedHttpClientConnection -- http-outgoing-60: set socket timeout to 0
16:32:13.735 [pool-2-thread-14] DEBUG org.apache.http.impl.conn.PoolingHttpClientConnectionManager -- Connection released: [id: 60][route: {}->http://localhost:3000][total available: 1; route allocated: 1 of 5; total allocated: 1 of 10]
16:32:13.735 [pool-2-thread-14] DEBUG org.apache.http.impl.conn.PoolingHttpClientConnectionManager -- Connection manager is shutting down
16:32:13.735 [pool-2-thread-14] DEBUG org.apache.http.impl.conn.DefaultManagedHttpClientConnection -- http-outgoing-60: Close connection
16:32:13.735 [pool-2-thread-14] DEBUG org.apache.http.impl.conn.PoolingHttpClientConnectionManager -- Connection manager shut down
16:32:13.735 [pool-2-thread-14] DEBUG com.intuit.karate -- response time in milliseconds: 9971
1 < 200
1 < X-Powered-By: Express
1 < Access-Control-Allow-Origin: *
1 < Content-Type: application/json; charset=utf-8
1 < Content-Length: 715
1 < ETag: W/"2cb-SAzgIttXCS8MavvHF8aSbEAFc48"
1 < Date: Tue, 24 Jun 2025 09:32:13 GMT
1 < Connection: keep-alive
1 < Keep-Alive: timeout=5
{"access_token":"eyJhbGciOiJIUzI1NiIsInR5cCI6IkpXVCJ9.eyJzdWIiOiIyYjg0YWEyNC02NjhhLTQwZTItYWYxYy1hZDRmYzRmYTVhNmYiLCJ1c2VybmFtZSI6InF1YW5nMSIsInJvbGUiOjAsImlhdCI6MTc1MDc1NzUzMiwiZXhwIjoxNzUwNzYxMTMyfQ.xkDFDDs0lJRluYVaKNb47wL6jRpELuRBatx3h1JqEbA","refresh_token":"59257d5889b8b998566988c40dbb23c2c7937aa3592a083ad2465adae4f0363d","user":{"id":"2b84aa24-668a-40e2-af1c-ad4fc4fa5a6f","email":"quang1@gmail.com","username":"quang1","name":"quang1","phoneNumber":"09874563210","profilePic":"https://res.cloudinary.com/dizcvrefo/image/upload/v1749027586/nestjs_uploads/xehairydt9rzlbmbmv4c.jpg","bio":"Thang Nam Lao Vua Thoi","private":false,"verified":false,"role":0,"followersCount":2,"followingCount":3,"postCount":2}}

16:32:13.735 [pool-2-thread-14] INFO com.intuit.karate -- [print] 50-thread call completed, status: 200 
16:32:13.751 [pool-2-thread-27] DEBUG org.apache.http.wire -- http-outgoing-88 << "HTTP/1.1 200 OK[\r][\n]"
16:32:13.751 [pool-2-thread-27] DEBUG org.apache.http.wire -- http-outgoing-88 << "X-Powered-By: Express[\r][\n]"
16:32:13.751 [pool-2-thread-27] DEBUG org.apache.http.wire -- http-outgoing-88 << "Access-Control-Allow-Origin: *[\r][\n]"
16:32:13.751 [pool-2-thread-27] DEBUG org.apache.http.wire -- http-outgoing-88 << "Content-Type: application/json; charset=utf-8[\r][\n]"
16:32:13.751 [pool-2-thread-27] DEBUG org.apache.http.wire -- http-outgoing-88 << "Content-Length: 604[\r][\n]"
16:32:13.751 [pool-2-thread-27] DEBUG org.apache.http.wire -- http-outgoing-88 << "ETag: W/"25c-lxhU6ypldFivImn5myZsTjlEu18"[\r][\n]"
16:32:13.751 [pool-2-thread-27] DEBUG org.apache.http.wire -- http-outgoing-88 << "Date: Tue, 24 Jun 2025 09:32:13 GMT[\r][\n]"
16:32:13.751 [pool-2-thread-27] DEBUG org.apache.http.wire -- http-outgoing-88 << "Connection: keep-alive[\r][\n]"
16:32:13.751 [pool-2-thread-27] DEBUG org.apache.http.wire -- http-outgoing-88 << "Keep-Alive: timeout=5[\r][\n]"
16:32:13.751 [pool-2-thread-27] DEBUG org.apache.http.wire -- http-outgoing-88 << "[\r][\n]"
16:32:13.751 [pool-2-thread-27] DEBUG org.apache.http.wire -- http-outgoing-88 << "{"access_token":"eyJhbGciOiJIUzI1NiIsInR5cCI6IkpXVCJ9.eyJzdWIiOiJkZjZmMDkxOS1hMjNkLTQ0YzktYTkyNS00ZWE4YmU1MjVkMTAiLCJ1c2VybmFtZSI6ImpvaG5kb2UyMyIsInJvbGUiOjAsImlhdCI6MTc1MDc1NzUzMiwiZXhwIjoxNzUwNzYxMTMyfQ.XINShL30o0PEqlpi7KD7Erc1yPwkwUpf6Ke0zTNgS2Q","refresh_token":"c0d650548312322976b27ff2ce359e392cc70595c9d61a49e00dee5c0b03f44f","user":{"id":"df6f0919-a23d-44c9-a925-4ea8be525d10","email":"testit@gmail.com","username":"johndoe23","name":"John Doe","phoneNumber":"0123456788","profilePic":null,"bio":null,"private":false,"verified":false,"role":0,"followersCount":0,"followingCount":0,"postCount":0}}"
16:32:13.751 [pool-2-thread-27] DEBUG org.apache.http.headers -- http-outgoing-88 << HTTP/1.1 200 OK
16:32:13.751 [pool-2-thread-27] DEBUG org.apache.http.headers -- http-outgoing-88 << X-Powered-By: Express
16:32:13.751 [pool-2-thread-27] DEBUG org.apache.http.headers -- http-outgoing-88 << Access-Control-Allow-Origin: *
16:32:13.751 [pool-2-thread-27] DEBUG org.apache.http.headers -- http-outgoing-88 << Content-Type: application/json; charset=utf-8
16:32:13.751 [pool-2-thread-27] DEBUG org.apache.http.headers -- http-outgoing-88 << Content-Length: 604
16:32:13.751 [pool-2-thread-27] DEBUG org.apache.http.headers -- http-outgoing-88 << ETag: W/"25c-lxhU6ypldFivImn5myZsTjlEu18"
16:32:13.751 [pool-2-thread-27] DEBUG org.apache.http.headers -- http-outgoing-88 << Date: Tue, 24 Jun 2025 09:32:13 GMT
16:32:13.751 [pool-2-thread-27] DEBUG org.apache.http.headers -- http-outgoing-88 << Connection: keep-alive
16:32:13.751 [pool-2-thread-27] DEBUG org.apache.http.headers -- http-outgoing-88 << Keep-Alive: timeout=5
16:32:13.751 [pool-2-thread-27] DEBUG org.apache.http.impl.execchain.MainClientExec -- Connection can be kept alive for 5000 MILLISECONDS
16:32:13.751 [pool-2-thread-27] DEBUG org.apache.http.impl.conn.PoolingHttpClientConnectionManager -- Connection [id: 88][route: {}->http://localhost:3000] can be kept alive for 5.0 seconds
16:32:13.752 [pool-2-thread-27] DEBUG org.apache.http.impl.conn.DefaultManagedHttpClientConnection -- http-outgoing-88: set socket timeout to 0
16:32:13.752 [pool-2-thread-27] DEBUG org.apache.http.impl.conn.PoolingHttpClientConnectionManager -- Connection released: [id: 88][route: {}->http://localhost:3000][total available: 1; route allocated: 1 of 5; total allocated: 1 of 10]
16:32:13.752 [pool-2-thread-27] DEBUG org.apache.http.impl.conn.PoolingHttpClientConnectionManager -- Connection manager is shutting down
16:32:13.752 [pool-2-thread-27] DEBUG org.apache.http.impl.conn.DefaultManagedHttpClientConnection -- http-outgoing-88: Close connection
16:32:13.752 [pool-2-thread-27] DEBUG org.apache.http.impl.conn.PoolingHttpClientConnectionManager -- Connection manager shut down
16:32:13.752 [pool-2-thread-27] DEBUG com.intuit.karate -- response time in milliseconds: 5115
1 < 200
1 < X-Powered-By: Express
1 < Access-Control-Allow-Origin: *
1 < Content-Type: application/json; charset=utf-8
1 < Content-Length: 604
1 < ETag: W/"25c-lxhU6ypldFivImn5myZsTjlEu18"
1 < Date: Tue, 24 Jun 2025 09:32:13 GMT
1 < Connection: keep-alive
1 < Keep-Alive: timeout=5
{"access_token":"eyJhbGciOiJIUzI1NiIsInR5cCI6IkpXVCJ9.eyJzdWIiOiJkZjZmMDkxOS1hMjNkLTQ0YzktYTkyNS00ZWE4YmU1MjVkMTAiLCJ1c2VybmFtZSI6ImpvaG5kb2UyMyIsInJvbGUiOjAsImlhdCI6MTc1MDc1NzUzMiwiZXhwIjoxNzUwNzYxMTMyfQ.XINShL30o0PEqlpi7KD7Erc1yPwkwUpf6Ke0zTNgS2Q","refresh_token":"c0d650548312322976b27ff2ce359e392cc70595c9d61a49e00dee5c0b03f44f","user":{"id":"df6f0919-a23d-44c9-a925-4ea8be525d10","email":"testit@gmail.com","username":"johndoe23","name":"John Doe","phoneNumber":"0123456788","profilePic":null,"bio":null,"private":false,"verified":false,"role":0,"followersCount":0,"followingCount":0,"postCount":0}}

16:32:13.752 [pool-2-thread-27] INFO com.intuit.karate -- [print] 50-thread call completed, status: 200 
16:32:13.753 [pool-2-thread-16] DEBUG org.apache.http.wire -- http-outgoing-89 << "HTTP/1.1 200 OK[\r][\n]"
16:32:13.753 [pool-2-thread-16] DEBUG org.apache.http.wire -- http-outgoing-89 << "X-Powered-By: Express[\r][\n]"
16:32:13.753 [pool-2-thread-16] DEBUG org.apache.http.wire -- http-outgoing-89 << "Access-Control-Allow-Origin: *[\r][\n]"
16:32:13.753 [pool-2-thread-16] DEBUG org.apache.http.wire -- http-outgoing-89 << "Content-Type: application/json; charset=utf-8[\r][\n]"
16:32:13.753 [pool-2-thread-16] DEBUG org.apache.http.wire -- http-outgoing-89 << "Content-Length: 708[\r][\n]"
16:32:13.753 [pool-2-thread-16] DEBUG org.apache.http.wire -- http-outgoing-89 << "ETag: W/"2c4-QodEt/InVClV38SLxtfS0jlRYgA"[\r][\n]"
16:32:13.753 [pool-2-thread-16] DEBUG org.apache.http.wire -- http-outgoing-89 << "Date: Tue, 24 Jun 2025 09:32:13 GMT[\r][\n]"
16:32:13.753 [pool-2-thread-16] DEBUG org.apache.http.wire -- http-outgoing-89 << "Connection: keep-alive[\r][\n]"
16:32:13.753 [pool-2-thread-16] DEBUG org.apache.http.wire -- http-outgoing-89 << "Keep-Alive: timeout=5[\r][\n]"
16:32:13.753 [pool-2-thread-16] DEBUG org.apache.http.wire -- http-outgoing-89 << "[\r][\n]"
16:32:13.753 [pool-2-thread-16] DEBUG org.apache.http.wire -- http-outgoing-89 << "{"access_token":"eyJhbGciOiJIUzI1NiIsInR5cCI6IkpXVCJ9.eyJzdWIiOiIwODUxNWIwNS0yZDNlLTQ3ODktYWQ2MC1kYjM1NTI1YTQ5NzAiLCJ1c2VybmFtZSI6Im5hbSIsInJvbGUiOjAsImlhdCI6MTc1MDc1NzUzMiwiZXhwIjoxNzUwNzYxMTMyfQ.MaKF4iuA4iw5lcHun4KqBexPQxKgF9N8rLYCQy1iAWY","refresh_token":"fc155260a9c94d7c9e04f1fd508e53e5f9ef630ced98539c3bd1674e5c323b2f","user":{"id":"08515b05-2d3e-4789-ad60-db35525a4970","email":"nam@gmail.com","username":"nam","name":"nam","phoneNumber":"0123456789","profilePic":"https://res.cloudinary.com/dizcvrefo/image/upload/v1749266646/nestjs_uploads/zk9zrpeidnovxibfqdxr.png","bio":"Chu tich hoi dong Quan tri 1","private":false,"verified":false,"role":0,"followersCount":2,"followingCount":5,"postCount":13}}"
16:32:13.753 [pool-2-thread-16] DEBUG org.apache.http.headers -- http-outgoing-89 << HTTP/1.1 200 OK
16:32:13.753 [pool-2-thread-16] DEBUG org.apache.http.headers -- http-outgoing-89 << X-Powered-By: Express
16:32:13.753 [pool-2-thread-16] DEBUG org.apache.http.headers -- http-outgoing-89 << Access-Control-Allow-Origin: *
16:32:13.753 [pool-2-thread-16] DEBUG org.apache.http.headers -- http-outgoing-89 << Content-Type: application/json; charset=utf-8
16:32:13.753 [pool-2-thread-16] DEBUG org.apache.http.headers -- http-outgoing-89 << Content-Length: 708
16:32:13.753 [pool-2-thread-16] DEBUG org.apache.http.headers -- http-outgoing-89 << ETag: W/"2c4-QodEt/InVClV38SLxtfS0jlRYgA"
16:32:13.753 [pool-2-thread-16] DEBUG org.apache.http.headers -- http-outgoing-89 << Date: Tue, 24 Jun 2025 09:32:13 GMT
16:32:13.753 [pool-2-thread-16] DEBUG org.apache.http.headers -- http-outgoing-89 << Connection: keep-alive
16:32:13.753 [pool-2-thread-16] DEBUG org.apache.http.headers -- http-outgoing-89 << Keep-Alive: timeout=5
16:32:13.753 [pool-2-thread-16] DEBUG org.apache.http.impl.execchain.MainClientExec -- Connection can be kept alive for 5000 MILLISECONDS
16:32:13.753 [pool-2-thread-16] DEBUG org.apache.http.impl.conn.PoolingHttpClientConnectionManager -- Connection [id: 90][route: {}->http://localhost:3000] can be kept alive for 5.0 seconds
16:32:13.753 [pool-2-thread-16] DEBUG org.apache.http.impl.conn.DefaultManagedHttpClientConnection -- http-outgoing-89: set socket timeout to 0
16:32:13.753 [pool-2-thread-16] DEBUG org.apache.http.impl.conn.PoolingHttpClientConnectionManager -- Connection released: [id: 90][route: {}->http://localhost:3000][total available: 1; route allocated: 1 of 5; total allocated: 1 of 10]
16:32:13.753 [pool-2-thread-16] DEBUG org.apache.http.impl.conn.PoolingHttpClientConnectionManager -- Connection manager is shutting down
16:32:13.753 [pool-2-thread-16] DEBUG org.apache.http.impl.conn.DefaultManagedHttpClientConnection -- http-outgoing-89: Close connection
16:32:13.753 [pool-2-thread-16] DEBUG org.apache.http.impl.conn.PoolingHttpClientConnectionManager -- Connection manager shut down
16:32:13.753 [pool-2-thread-16] DEBUG com.intuit.karate -- response time in milliseconds: 5105
1 < 200
1 < X-Powered-By: Express
1 < Access-Control-Allow-Origin: *
1 < Content-Type: application/json; charset=utf-8
1 < Content-Length: 708
1 < ETag: W/"2c4-QodEt/InVClV38SLxtfS0jlRYgA"
1 < Date: Tue, 24 Jun 2025 09:32:13 GMT
1 < Connection: keep-alive
1 < Keep-Alive: timeout=5
{"access_token":"eyJhbGciOiJIUzI1NiIsInR5cCI6IkpXVCJ9.eyJzdWIiOiIwODUxNWIwNS0yZDNlLTQ3ODktYWQ2MC1kYjM1NTI1YTQ5NzAiLCJ1c2VybmFtZSI6Im5hbSIsInJvbGUiOjAsImlhdCI6MTc1MDc1NzUzMiwiZXhwIjoxNzUwNzYxMTMyfQ.MaKF4iuA4iw5lcHun4KqBexPQxKgF9N8rLYCQy1iAWY","refresh_token":"fc155260a9c94d7c9e04f1fd508e53e5f9ef630ced98539c3bd1674e5c323b2f","user":{"id":"08515b05-2d3e-4789-ad60-db35525a4970","email":"nam@gmail.com","username":"nam","name":"nam","phoneNumber":"0123456789","profilePic":"https://res.cloudinary.com/dizcvrefo/image/upload/v1749266646/nestjs_uploads/zk9zrpeidnovxibfqdxr.png","bio":"Chu tich hoi dong Quan tri 1","private":false,"verified":false,"role":0,"followersCount":2,"followingCount":5,"postCount":13}}

16:32:13.754 [pool-2-thread-16] INFO com.intuit.karate -- [print] 50-thread call completed, status: 200 
16:32:13.755 [pool-2-thread-6] DEBUG org.apache.http.wire -- http-outgoing-97 << "HTTP/1.1 200 OK[\r][\n]"
16:32:13.755 [pool-2-thread-6] DEBUG org.apache.http.wire -- http-outgoing-97 << "X-Powered-By: Express[\r][\n]"
16:32:13.755 [pool-2-thread-6] DEBUG org.apache.http.wire -- http-outgoing-97 << "Access-Control-Allow-Origin: *[\r][\n]"
16:32:13.755 [pool-2-thread-6] DEBUG org.apache.http.wire -- http-outgoing-97 << "Content-Type: application/json; charset=utf-8[\r][\n]"
16:32:13.755 [pool-2-thread-6] DEBUG org.apache.http.wire -- http-outgoing-97 << "Content-Length: 609[\r][\n]"
16:32:13.755 [pool-2-thread-6] DEBUG org.apache.http.wire -- http-outgoing-97 << "ETag: W/"261-KW29Brt+ZVWjQbPMGoJlR6ccMaA"[\r][\n]"
16:32:13.755 [pool-2-thread-6] DEBUG org.apache.http.wire -- http-outgoing-97 << "Date: Tue, 24 Jun 2025 09:32:13 GMT[\r][\n]"
16:32:13.755 [pool-2-thread-6] DEBUG org.apache.http.wire -- http-outgoing-97 << "Connection: keep-alive[\r][\n]"
16:32:13.755 [pool-2-thread-6] DEBUG org.apache.http.wire -- http-outgoing-97 << "Keep-Alive: timeout=5[\r][\n]"
16:32:13.755 [pool-2-thread-6] DEBUG org.apache.http.wire -- http-outgoing-97 << "[\r][\n]"
16:32:13.755 [pool-2-thread-6] DEBUG org.apache.http.wire -- http-outgoing-97 << "{"access_token":"eyJhbGciOiJIUzI1NiIsInR5cCI6IkpXVCJ9.eyJzdWIiOiIyNzJmNmI1NS01MTc5LTRhZTMtODU2My1iNGVjMTBmNzY3MTUiLCJ1c2VybmFtZSI6ImpvaG5kb2UyZDVkIiwicm9sZSI6MCwiaWF0IjoxNzUwNzU3NTMyLCJleHAiOjE3NTA3NjExMzJ9.8FuSMEMFUp8Lq-BMitT8-DMKxaF_zyNnYDINWBL1RD4","refresh_token":"254a68dd5632f3975da6cf83f70789e2b0253c0499a3f9a3ec00cd0448ec91b6","user":{"id":"272f6b55-5179-4ae3-8563-b4ec10f76715","email":"testit5@gmail.com","username":"johndoe2d5d","name":"John Doe","phoneNumber":"0123456132","profilePic":null,"bio":null,"private":false,"verified":false,"role":0,"followersCount":0,"followingCount":0,"postCount":0}}"
16:32:13.755 [pool-2-thread-6] DEBUG org.apache.http.headers -- http-outgoing-97 << HTTP/1.1 200 OK
16:32:13.755 [pool-2-thread-6] DEBUG org.apache.http.headers -- http-outgoing-97 << X-Powered-By: Express
16:32:13.755 [pool-2-thread-6] DEBUG org.apache.http.headers -- http-outgoing-97 << Access-Control-Allow-Origin: *
16:32:13.755 [pool-2-thread-6] DEBUG org.apache.http.headers -- http-outgoing-97 << Content-Type: application/json; charset=utf-8
16:32:13.755 [pool-2-thread-6] DEBUG org.apache.http.headers -- http-outgoing-97 << Content-Length: 609
16:32:13.755 [pool-2-thread-6] DEBUG org.apache.http.headers -- http-outgoing-97 << ETag: W/"261-KW29Brt+ZVWjQbPMGoJlR6ccMaA"
16:32:13.755 [pool-2-thread-6] DEBUG org.apache.http.headers -- http-outgoing-97 << Date: Tue, 24 Jun 2025 09:32:13 GMT
16:32:13.755 [pool-2-thread-6] DEBUG org.apache.http.headers -- http-outgoing-97 << Connection: keep-alive
16:32:13.755 [pool-2-thread-6] DEBUG org.apache.http.headers -- http-outgoing-97 << Keep-Alive: timeout=5
16:32:13.755 [pool-2-thread-6] DEBUG org.apache.http.impl.execchain.MainClientExec -- Connection can be kept alive for 5000 MILLISECONDS
16:32:13.756 [pool-2-thread-6] DEBUG org.apache.http.impl.conn.PoolingHttpClientConnectionManager -- Connection [id: 97][route: {}->http://localhost:3000] can be kept alive for 5.0 seconds
16:32:13.756 [pool-2-thread-6] DEBUG org.apache.http.impl.conn.DefaultManagedHttpClientConnection -- http-outgoing-97: set socket timeout to 0
16:32:13.756 [pool-2-thread-6] DEBUG org.apache.http.impl.conn.PoolingHttpClientConnectionManager -- Connection released: [id: 97][route: {}->http://localhost:3000][total available: 1; route allocated: 1 of 5; total allocated: 1 of 10]
16:32:13.756 [pool-2-thread-6] DEBUG org.apache.http.impl.conn.PoolingHttpClientConnectionManager -- Connection manager is shutting down
16:32:13.756 [pool-2-thread-6] DEBUG org.apache.http.impl.conn.DefaultManagedHttpClientConnection -- http-outgoing-97: Close connection
16:32:13.756 [pool-2-thread-6] DEBUG org.apache.http.impl.conn.PoolingHttpClientConnectionManager -- Connection manager shut down
16:32:13.756 [pool-2-thread-6] DEBUG com.intuit.karate -- response time in milliseconds: 3951
1 < 200
1 < X-Powered-By: Express
1 < Access-Control-Allow-Origin: *
1 < Content-Type: application/json; charset=utf-8
1 < Content-Length: 609
1 < ETag: W/"261-KW29Brt+ZVWjQbPMGoJlR6ccMaA"
1 < Date: Tue, 24 Jun 2025 09:32:13 GMT
1 < Connection: keep-alive
1 < Keep-Alive: timeout=5
{"access_token":"eyJhbGciOiJIUzI1NiIsInR5cCI6IkpXVCJ9.eyJzdWIiOiIyNzJmNmI1NS01MTc5LTRhZTMtODU2My1iNGVjMTBmNzY3MTUiLCJ1c2VybmFtZSI6ImpvaG5kb2UyZDVkIiwicm9sZSI6MCwiaWF0IjoxNzUwNzU3NTMyLCJleHAiOjE3NTA3NjExMzJ9.8FuSMEMFUp8Lq-BMitT8-DMKxaF_zyNnYDINWBL1RD4","refresh_token":"254a68dd5632f3975da6cf83f70789e2b0253c0499a3f9a3ec00cd0448ec91b6","user":{"id":"272f6b55-5179-4ae3-8563-b4ec10f76715","email":"testit5@gmail.com","username":"johndoe2d5d","name":"John Doe","phoneNumber":"0123456132","profilePic":null,"bio":null,"private":false,"verified":false,"role":0,"followersCount":0,"followingCount":0,"postCount":0}}

16:32:13.756 [pool-2-thread-6] INFO com.intuit.karate -- [print] 50-thread call completed, status: 200 
16:32:13.760 [pool-2-thread-15] DEBUG org.apache.http.wire -- http-outgoing-83 << "HTTP/1.1 200 OK[\r][\n]"
16:32:13.760 [pool-2-thread-15] DEBUG org.apache.http.wire -- http-outgoing-83 << "X-Powered-By: Express[\r][\n]"
16:32:13.760 [pool-2-thread-15] DEBUG org.apache.http.wire -- http-outgoing-83 << "Access-Control-Allow-Origin: *[\r][\n]"
16:32:13.760 [pool-2-thread-15] DEBUG org.apache.http.wire -- http-outgoing-83 << "Content-Type: application/json; charset=utf-8[\r][\n]"
16:32:13.760 [pool-2-thread-15] DEBUG org.apache.http.wire -- http-outgoing-83 << "Content-Length: 608[\r][\n]"
16:32:13.760 [pool-2-thread-15] DEBUG org.apache.http.wire -- http-outgoing-83 << "ETag: W/"260-GK1ocb4z7qFFrV/e2/r5TuQAt9A"[\r][\n]"
16:32:13.760 [pool-2-thread-15] DEBUG org.apache.http.wire -- http-outgoing-83 << "Date: Tue, 24 Jun 2025 09:32:13 GMT[\r][\n]"
16:32:13.760 [pool-2-thread-15] DEBUG org.apache.http.wire -- http-outgoing-83 << "Connection: keep-alive[\r][\n]"
16:32:13.760 [pool-2-thread-15] DEBUG org.apache.http.wire -- http-outgoing-83 << "Keep-Alive: timeout=5[\r][\n]"
16:32:13.760 [pool-2-thread-15] DEBUG org.apache.http.wire -- http-outgoing-83 << "[\r][\n]"
16:32:13.760 [pool-2-thread-15] DEBUG org.apache.http.wire -- http-outgoing-83 << "{"access_token":"eyJhbGciOiJIUzI1NiIsInR5cCI6IkpXVCJ9.eyJzdWIiOiI4YTI0NzQ2MS01YzA0LTQyMWQtOThmNS1mYTljNzM0ZmFlYTUiLCJ1c2VybmFtZSI6ImphbmVzbWl0aCIsInJvbGUiOjAsImlhdCI6MTc1MDc1NzUzMywiZXhwIjoxNzUwNzYxMTMzfQ.FyBYVu5SxxuZynIX0eHy5oMADKE-ybF1AoP01dk74e4","refresh_token":"36d1d46d03430c018cc10c523bfb4b4ac287717242c8aa05a72d81f59d6f8237","user":{"id":"8a247461-5c04-421d-98f5-fa9c734faea5","email":"test2@example.com","username":"janesmith","name":"Jane Smith","phoneNumber":"01234567890","profilePic":null,"bio":null,"private":false,"verified":false,"role":0,"followersCount":0,"followingCount":0,"postCount":0}}"
16:32:13.760 [pool-2-thread-15] DEBUG org.apache.http.headers -- http-outgoing-83 << HTTP/1.1 200 OK
16:32:13.760 [pool-2-thread-15] DEBUG org.apache.http.headers -- http-outgoing-83 << X-Powered-By: Express
16:32:13.760 [pool-2-thread-15] DEBUG org.apache.http.headers -- http-outgoing-83 << Access-Control-Allow-Origin: *
16:32:13.760 [pool-2-thread-15] DEBUG org.apache.http.headers -- http-outgoing-83 << Content-Type: application/json; charset=utf-8
16:32:13.760 [pool-2-thread-15] DEBUG org.apache.http.headers -- http-outgoing-83 << Content-Length: 608
16:32:13.760 [pool-2-thread-15] DEBUG org.apache.http.headers -- http-outgoing-83 << ETag: W/"260-GK1ocb4z7qFFrV/e2/r5TuQAt9A"
16:32:13.760 [pool-2-thread-15] DEBUG org.apache.http.headers -- http-outgoing-83 << Date: Tue, 24 Jun 2025 09:32:13 GMT
16:32:13.760 [pool-2-thread-15] DEBUG org.apache.http.headers -- http-outgoing-83 << Connection: keep-alive
16:32:13.760 [pool-2-thread-15] DEBUG org.apache.http.headers -- http-outgoing-83 << Keep-Alive: timeout=5
16:32:13.760 [pool-2-thread-15] DEBUG org.apache.http.impl.execchain.MainClientExec -- Connection can be kept alive for 5000 MILLISECONDS
16:32:13.760 [pool-2-thread-15] DEBUG org.apache.http.impl.conn.PoolingHttpClientConnectionManager -- Connection [id: 83][route: {}->http://localhost:3000] can be kept alive for 5.0 seconds
16:32:13.760 [pool-2-thread-15] DEBUG org.apache.http.impl.conn.DefaultManagedHttpClientConnection -- http-outgoing-83: set socket timeout to 0
16:32:13.760 [pool-2-thread-15] DEBUG org.apache.http.impl.conn.PoolingHttpClientConnectionManager -- Connection released: [id: 83][route: {}->http://localhost:3000][total available: 1; route allocated: 1 of 5; total allocated: 1 of 10]
16:32:13.760 [pool-2-thread-15] DEBUG org.apache.http.impl.conn.PoolingHttpClientConnectionManager -- Connection manager is shutting down
16:32:13.760 [pool-2-thread-15] DEBUG org.apache.http.impl.conn.DefaultManagedHttpClientConnection -- http-outgoing-83: Close connection
16:32:13.760 [pool-2-thread-15] DEBUG org.apache.http.impl.conn.PoolingHttpClientConnectionManager -- Connection manager shut down
16:32:13.760 [pool-2-thread-15] DEBUG com.intuit.karate -- response time in milliseconds: 6947
1 < 200
1 < X-Powered-By: Express
1 < Access-Control-Allow-Origin: *
1 < Content-Type: application/json; charset=utf-8
1 < Content-Length: 608
1 < ETag: W/"260-GK1ocb4z7qFFrV/e2/r5TuQAt9A"
1 < Date: Tue, 24 Jun 2025 09:32:13 GMT
1 < Connection: keep-alive
1 < Keep-Alive: timeout=5
{"access_token":"eyJhbGciOiJIUzI1NiIsInR5cCI6IkpXVCJ9.eyJzdWIiOiI4YTI0NzQ2MS01YzA0LTQyMWQtOThmNS1mYTljNzM0ZmFlYTUiLCJ1c2VybmFtZSI6ImphbmVzbWl0aCIsInJvbGUiOjAsImlhdCI6MTc1MDc1NzUzMywiZXhwIjoxNzUwNzYxMTMzfQ.FyBYVu5SxxuZynIX0eHy5oMADKE-ybF1AoP01dk74e4","refresh_token":"36d1d46d03430c018cc10c523bfb4b4ac287717242c8aa05a72d81f59d6f8237","user":{"id":"8a247461-5c04-421d-98f5-fa9c734faea5","email":"test2@example.com","username":"janesmith","name":"Jane Smith","phoneNumber":"01234567890","profilePic":null,"bio":null,"private":false,"verified":false,"role":0,"followersCount":0,"followingCount":0,"postCount":0}}

16:32:13.761 [pool-2-thread-15] INFO com.intuit.karate -- [print] 50-thread call completed, status: 200 
16:32:13.764 [pool-2-thread-9] DEBUG org.apache.http.wire -- http-outgoing-65 << "HTTP/1.1 200 OK[\r][\n]"
16:32:13.764 [pool-2-thread-9] DEBUG org.apache.http.wire -- http-outgoing-65 << "X-Powered-By: Express[\r][\n]"
16:32:13.764 [pool-2-thread-9] DEBUG org.apache.http.wire -- http-outgoing-65 << "Access-Control-Allow-Origin: *[\r][\n]"
16:32:13.764 [pool-2-thread-9] DEBUG org.apache.http.wire -- http-outgoing-65 << "Content-Type: application/json; charset=utf-8[\r][\n]"
16:32:13.764 [pool-2-thread-9] DEBUG org.apache.http.wire -- http-outgoing-65 << "Content-Length: 607[\r][\n]"
16:32:13.764 [pool-2-thread-9] DEBUG org.apache.http.wire -- http-outgoing-65 << "ETag: W/"25f-tfIIs34N5hqKjfWwhdhF2zdzwgY"[\r][\n]"
16:32:13.764 [pool-2-thread-9] DEBUG org.apache.http.wire -- http-outgoing-65 << "Date: Tue, 24 Jun 2025 09:32:13 GMT[\r][\n]"
16:32:13.764 [pool-2-thread-9] DEBUG org.apache.http.wire -- http-outgoing-65 << "Connection: keep-alive[\r][\n]"
16:32:13.764 [pool-2-thread-9] DEBUG org.apache.http.wire -- http-outgoing-65 << "Keep-Alive: timeout=5[\r][\n]"
16:32:13.764 [pool-2-thread-9] DEBUG org.apache.http.wire -- http-outgoing-65 << "[\r][\n]"
16:32:13.764 [pool-2-thread-9] DEBUG org.apache.http.wire -- http-outgoing-65 << "{"access_token":"eyJhbGciOiJIUzI1NiIsInR5cCI6IkpXVCJ9.eyJzdWIiOiI5YTI2OTc2Yy0xNTMyLTRkZjMtYTE2ZS03NjMxNTI1Yzg1MDIiLCJ1c2VybmFtZSI6ImpvaG5kb2UyZDUiLCJyb2xlIjowLCJpYXQiOjE3NTA3NTc1MzMsImV4cCI6MTc1MDc2MTEzM30.FfSvANDzy6ACv01muowks4ZCHOmMiP56CRzkT6rzHN8","refresh_token":"fa334c600cbdf8a69f8ffb8fd241500660dee7850e840599c46d024dc5a4159a","user":{"id":"9a26976c-1532-4df3-a16e-7631525c8502","email":"testit4@gmail.com","username":"johndoe2d5","name":"John Doe","phoneNumber":"0123456212","profilePic":null,"bio":null,"private":false,"verified":false,"role":0,"followersCount":0,"followingCount":0,"postCount":0}}"
16:32:13.764 [pool-2-thread-9] DEBUG org.apache.http.headers -- http-outgoing-65 << HTTP/1.1 200 OK
16:32:13.764 [pool-2-thread-9] DEBUG org.apache.http.headers -- http-outgoing-65 << X-Powered-By: Express
16:32:13.764 [pool-2-thread-9] DEBUG org.apache.http.headers -- http-outgoing-65 << Access-Control-Allow-Origin: *
16:32:13.764 [pool-2-thread-9] DEBUG org.apache.http.headers -- http-outgoing-65 << Content-Type: application/json; charset=utf-8
16:32:13.764 [pool-2-thread-9] DEBUG org.apache.http.headers -- http-outgoing-65 << Content-Length: 607
16:32:13.764 [pool-2-thread-9] DEBUG org.apache.http.headers -- http-outgoing-65 << ETag: W/"25f-tfIIs34N5hqKjfWwhdhF2zdzwgY"
16:32:13.764 [pool-2-thread-9] DEBUG org.apache.http.headers -- http-outgoing-65 << Date: Tue, 24 Jun 2025 09:32:13 GMT
16:32:13.764 [pool-2-thread-9] DEBUG org.apache.http.headers -- http-outgoing-65 << Connection: keep-alive
16:32:13.764 [pool-2-thread-9] DEBUG org.apache.http.headers -- http-outgoing-65 << Keep-Alive: timeout=5
16:32:13.764 [pool-2-thread-9] DEBUG org.apache.http.impl.execchain.MainClientExec -- Connection can be kept alive for 5000 MILLISECONDS
16:32:13.764 [pool-2-thread-9] DEBUG org.apache.http.impl.conn.PoolingHttpClientConnectionManager -- Connection [id: 65][route: {}->http://localhost:3000] can be kept alive for 5.0 seconds
16:32:13.764 [pool-2-thread-9] DEBUG org.apache.http.impl.conn.DefaultManagedHttpClientConnection -- http-outgoing-65: set socket timeout to 0
16:32:13.764 [pool-2-thread-9] DEBUG org.apache.http.impl.conn.PoolingHttpClientConnectionManager -- Connection released: [id: 65][route: {}->http://localhost:3000][total available: 1; route allocated: 1 of 5; total allocated: 1 of 10]
16:32:13.764 [pool-2-thread-9] DEBUG org.apache.http.impl.conn.PoolingHttpClientConnectionManager -- Connection manager is shutting down
16:32:13.764 [pool-2-thread-9] DEBUG org.apache.http.impl.conn.DefaultManagedHttpClientConnection -- http-outgoing-65: Close connection
16:32:13.764 [pool-2-thread-9] DEBUG org.apache.http.impl.conn.PoolingHttpClientConnectionManager -- Connection manager shut down
16:32:13.764 [pool-2-thread-9] DEBUG com.intuit.karate -- response time in milliseconds: 9855
1 < 200
1 < X-Powered-By: Express
1 < Access-Control-Allow-Origin: *
1 < Content-Type: application/json; charset=utf-8
1 < Content-Length: 607
1 < ETag: W/"25f-tfIIs34N5hqKjfWwhdhF2zdzwgY"
1 < Date: Tue, 24 Jun 2025 09:32:13 GMT
1 < Connection: keep-alive
1 < Keep-Alive: timeout=5
{"access_token":"eyJhbGciOiJIUzI1NiIsInR5cCI6IkpXVCJ9.eyJzdWIiOiI5YTI2OTc2Yy0xNTMyLTRkZjMtYTE2ZS03NjMxNTI1Yzg1MDIiLCJ1c2VybmFtZSI6ImpvaG5kb2UyZDUiLCJyb2xlIjowLCJpYXQiOjE3NTA3NTc1MzMsImV4cCI6MTc1MDc2MTEzM30.FfSvANDzy6ACv01muowks4ZCHOmMiP56CRzkT6rzHN8","refresh_token":"fa334c600cbdf8a69f8ffb8fd241500660dee7850e840599c46d024dc5a4159a","user":{"id":"9a26976c-1532-4df3-a16e-7631525c8502","email":"testit4@gmail.com","username":"johndoe2d5","name":"John Doe","phoneNumber":"0123456212","profilePic":null,"bio":null,"private":false,"verified":false,"role":0,"followersCount":0,"followingCount":0,"postCount":0}}

16:32:13.765 [pool-2-thread-9] INFO com.intuit.karate -- [print] 50-thread call completed, status: 200 
16:32:13.784 [pool-2-thread-42] DEBUG org.apache.http.wire -- http-outgoing-94 << "HTTP/1.1 200 OK[\r][\n]"
16:32:13.784 [pool-2-thread-42] DEBUG org.apache.http.wire -- http-outgoing-94 << "X-Powered-By: Express[\r][\n]"
16:32:13.784 [pool-2-thread-42] DEBUG org.apache.http.wire -- http-outgoing-94 << "Access-Control-Allow-Origin: *[\r][\n]"
16:32:13.784 [pool-2-thread-42] DEBUG org.apache.http.wire -- http-outgoing-94 << "Content-Type: application/json; charset=utf-8[\r][\n]"
16:32:13.784 [pool-2-thread-42] DEBUG org.apache.http.wire -- http-outgoing-94 << "Content-Length: 607[\r][\n]"
16:32:13.784 [pool-2-thread-42] DEBUG org.apache.http.wire -- http-outgoing-94 << "ETag: W/"25f-0FQmeRq5LUNlGOmbzHdUdExMpPE"[\r][\n]"
16:32:13.784 [pool-2-thread-42] DEBUG org.apache.http.wire -- http-outgoing-94 << "Date: Tue, 24 Jun 2025 09:32:13 GMT[\r][\n]"
16:32:13.784 [pool-2-thread-42] DEBUG org.apache.http.wire -- http-outgoing-94 << "Connection: keep-alive[\r][\n]"
16:32:13.784 [pool-2-thread-42] DEBUG org.apache.http.wire -- http-outgoing-94 << "Keep-Alive: timeout=5[\r][\n]"
16:32:13.784 [pool-2-thread-42] DEBUG org.apache.http.wire -- http-outgoing-94 << "[\r][\n]"
16:32:13.784 [pool-2-thread-42] DEBUG org.apache.http.wire -- http-outgoing-94 << "{"access_token":"eyJhbGciOiJIUzI1NiIsInR5cCI6IkpXVCJ9.eyJzdWIiOiJjMjE0MjJkZi1jY2VjLTQ0MGUtOWE0Mi1jMWI4MmFiZjczM2QiLCJ1c2VybmFtZSI6ImpvaG5kb2UyOCIsInJvbGUiOjAsImlhdCI6MTc1MDc1NzUzMywiZXhwIjoxNzUwNzYxMTMzfQ.y3eDwYWTAJ970_Syu2TMwBgY8GdCCgg2s-z7bDL2FWg","refresh_token":"164ff26d27cdd92a07a8d64ed56fc973c95c62c11e4b7ae9fc3c02dcebb36d32","user":{"id":"c21422df-ccec-440e-9a42-c1b82abf733d","email":"test28@example.com","username":"johndoe28","name":"John Doe","phoneNumber":"84987654321","profilePic":null,"bio":null,"private":false,"verified":false,"role":0,"followersCount":0,"followingCount":0,"postCount":0}}"
16:32:13.784 [pool-2-thread-25] DEBUG org.apache.http.wire -- http-outgoing-62 << "HTTP/1.1 200 OK[\r][\n]"
16:32:13.784 [pool-2-thread-25] DEBUG org.apache.http.wire -- http-outgoing-62 << "X-Powered-By: Express[\r][\n]"
16:32:13.784 [pool-2-thread-25] DEBUG org.apache.http.wire -- http-outgoing-62 << "Access-Control-Allow-Origin: *[\r][\n]"
16:32:13.784 [pool-2-thread-25] DEBUG org.apache.http.wire -- http-outgoing-62 << "Content-Type: application/json; charset=utf-8[\r][\n]"
16:32:13.784 [pool-2-thread-25] DEBUG org.apache.http.wire -- http-outgoing-62 << "Content-Length: 599[\r][\n]"
16:32:13.784 [pool-2-thread-25] DEBUG org.apache.http.wire -- http-outgoing-62 << "ETag: W/"257-h1ZyxwfoLNGQ95zGmu2YQo+XFXs"[\r][\n]"
16:32:13.784 [pool-2-thread-25] DEBUG org.apache.http.wire -- http-outgoing-62 << "Date: Tue, 24 Jun 2025 09:32:13 GMT[\r][\n]"
16:32:13.784 [pool-2-thread-25] DEBUG org.apache.http.wire -- http-outgoing-62 << "Connection: keep-alive[\r][\n]"
16:32:13.784 [pool-2-thread-25] DEBUG org.apache.http.wire -- http-outgoing-62 << "Keep-Alive: timeout=5[\r][\n]"
16:32:13.784 [pool-2-thread-25] DEBUG org.apache.http.wire -- http-outgoing-62 << "[\r][\n]"
16:32:13.784 [pool-2-thread-42] DEBUG org.apache.http.headers -- http-outgoing-94 << HTTP/1.1 200 OK
16:32:13.784 [pool-2-thread-25] DEBUG org.apache.http.wire -- http-outgoing-62 << "{"access_token":"eyJhbGciOiJIUzI1NiIsInR5cCI6IkpXVCJ9.eyJzdWIiOiIyZGRhMDQzOS01MTgwLTQ1YWEtOTE3Zi1lNjMyZTQ1YThlNDEiLCJ1c2VybmFtZSI6ImpvaG5kb2UiLCJyb2xlIjowLCJpYXQiOjE3NTA3NTc1MzMsImV4cCI6MTc1MDc2MTEzM30.PO5UHh5yLtodfSao_PZtxcQd8fVYbkSGRBuzrI1a32c","refresh_token":"d2f1305f2a13984fe9303b5c51f880b942b2202f5fb56dd1c1ac65055d793c0b","user":{"id":"2dda0439-5180-45aa-917f-e632e45a8e41","email":"test@example.com","username":"johndoe","name":"John Doe","phoneNumber":"0987654321","profilePic":null,"bio":null,"private":false,"verified":false,"role":0,"followersCount":0,"followingCount":0,"postCount":0}}"
16:32:13.784 [pool-2-thread-42] DEBUG org.apache.http.headers -- http-outgoing-94 << X-Powered-By: Express
16:32:13.784 [pool-2-thread-42] DEBUG org.apache.http.headers -- http-outgoing-94 << Access-Control-Allow-Origin: *
16:32:13.784 [pool-2-thread-42] DEBUG org.apache.http.headers -- http-outgoing-94 << Content-Type: application/json; charset=utf-8
16:32:13.784 [pool-2-thread-42] DEBUG org.apache.http.headers -- http-outgoing-94 << Content-Length: 607
16:32:13.784 [pool-2-thread-42] DEBUG org.apache.http.headers -- http-outgoing-94 << ETag: W/"25f-0FQmeRq5LUNlGOmbzHdUdExMpPE"
16:32:13.784 [pool-2-thread-42] DEBUG org.apache.http.headers -- http-outgoing-94 << Date: Tue, 24 Jun 2025 09:32:13 GMT
16:32:13.784 [pool-2-thread-42] DEBUG org.apache.http.headers -- http-outgoing-94 << Connection: keep-alive
16:32:13.784 [pool-2-thread-42] DEBUG org.apache.http.headers -- http-outgoing-94 << Keep-Alive: timeout=5
16:32:13.784 [pool-2-thread-25] DEBUG org.apache.http.headers -- http-outgoing-62 << HTTP/1.1 200 OK
16:32:13.784 [pool-2-thread-25] DEBUG org.apache.http.headers -- http-outgoing-62 << X-Powered-By: Express
16:32:13.784 [pool-2-thread-25] DEBUG org.apache.http.headers -- http-outgoing-62 << Access-Control-Allow-Origin: *
16:32:13.784 [pool-2-thread-25] DEBUG org.apache.http.headers -- http-outgoing-62 << Content-Type: application/json; charset=utf-8
16:32:13.784 [pool-2-thread-25] DEBUG org.apache.http.headers -- http-outgoing-62 << Content-Length: 599
16:32:13.784 [pool-2-thread-25] DEBUG org.apache.http.headers -- http-outgoing-62 << ETag: W/"257-h1ZyxwfoLNGQ95zGmu2YQo+XFXs"
16:32:13.784 [pool-2-thread-25] DEBUG org.apache.http.headers -- http-outgoing-62 << Date: Tue, 24 Jun 2025 09:32:13 GMT
16:32:13.784 [pool-2-thread-25] DEBUG org.apache.http.headers -- http-outgoing-62 << Connection: keep-alive
16:32:13.784 [pool-2-thread-25] DEBUG org.apache.http.headers -- http-outgoing-62 << Keep-Alive: timeout=5
16:32:13.784 [pool-2-thread-42] DEBUG org.apache.http.impl.execchain.MainClientExec -- Connection can be kept alive for 5000 MILLISECONDS
16:32:13.784 [pool-2-thread-25] DEBUG org.apache.http.impl.execchain.MainClientExec -- Connection can be kept alive for 5000 MILLISECONDS
16:32:13.784 [pool-2-thread-25] DEBUG org.apache.http.impl.conn.PoolingHttpClientConnectionManager -- Connection [id: 62][route: {}->http://localhost:3000] can be kept alive for 5.0 seconds
16:32:13.784 [pool-2-thread-25] DEBUG org.apache.http.impl.conn.DefaultManagedHttpClientConnection -- http-outgoing-62: set socket timeout to 0
16:32:13.784 [pool-2-thread-42] DEBUG org.apache.http.impl.conn.PoolingHttpClientConnectionManager -- Connection [id: 94][route: {}->http://localhost:3000] can be kept alive for 5.0 seconds
16:32:13.784 [pool-2-thread-42] DEBUG org.apache.http.impl.conn.DefaultManagedHttpClientConnection -- http-outgoing-94: set socket timeout to 0
16:32:13.784 [pool-2-thread-25] DEBUG org.apache.http.impl.conn.PoolingHttpClientConnectionManager -- Connection released: [id: 62][route: {}->http://localhost:3000][total available: 1; route allocated: 1 of 5; total allocated: 1 of 10]
16:32:13.784 [pool-2-thread-25] DEBUG org.apache.http.impl.conn.PoolingHttpClientConnectionManager -- Connection manager is shutting down
16:32:13.784 [pool-2-thread-42] DEBUG org.apache.http.impl.conn.PoolingHttpClientConnectionManager -- Connection released: [id: 94][route: {}->http://localhost:3000][total available: 1; route allocated: 1 of 5; total allocated: 1 of 10]
16:32:13.784 [pool-2-thread-42] DEBUG org.apache.http.impl.conn.PoolingHttpClientConnectionManager -- Connection manager is shutting down
16:32:13.785 [pool-2-thread-42] DEBUG org.apache.http.impl.conn.DefaultManagedHttpClientConnection -- http-outgoing-94: Close connection
16:32:13.785 [pool-2-thread-25] DEBUG org.apache.http.impl.conn.DefaultManagedHttpClientConnection -- http-outgoing-62: Close connection
16:32:13.785 [pool-2-thread-42] DEBUG org.apache.http.impl.conn.PoolingHttpClientConnectionManager -- Connection manager shut down
16:32:13.785 [pool-2-thread-25] DEBUG org.apache.http.impl.conn.PoolingHttpClientConnectionManager -- Connection manager shut down
16:32:13.785 [pool-2-thread-25] DEBUG com.intuit.karate -- response time in milliseconds: 10011
1 < 200
1 < X-Powered-By: Express
1 < Access-Control-Allow-Origin: *
1 < Content-Type: application/json; charset=utf-8
1 < Content-Length: 599
1 < ETag: W/"257-h1ZyxwfoLNGQ95zGmu2YQo+XFXs"
1 < Date: Tue, 24 Jun 2025 09:32:13 GMT
1 < Connection: keep-alive
1 < Keep-Alive: timeout=5
{"access_token":"eyJhbGciOiJIUzI1NiIsInR5cCI6IkpXVCJ9.eyJzdWIiOiIyZGRhMDQzOS01MTgwLTQ1YWEtOTE3Zi1lNjMyZTQ1YThlNDEiLCJ1c2VybmFtZSI6ImpvaG5kb2UiLCJyb2xlIjowLCJpYXQiOjE3NTA3NTc1MzMsImV4cCI6MTc1MDc2MTEzM30.PO5UHh5yLtodfSao_PZtxcQd8fVYbkSGRBuzrI1a32c","refresh_token":"d2f1305f2a13984fe9303b5c51f880b942b2202f5fb56dd1c1ac65055d793c0b","user":{"id":"2dda0439-5180-45aa-917f-e632e45a8e41","email":"test@example.com","username":"johndoe","name":"John Doe","phoneNumber":"0987654321","profilePic":null,"bio":null,"private":false,"verified":false,"role":0,"followersCount":0,"followingCount":0,"postCount":0}}

16:32:13.785 [pool-2-thread-42] DEBUG com.intuit.karate -- response time in milliseconds: 5034
1 < 200
1 < X-Powered-By: Express
1 < Access-Control-Allow-Origin: *
1 < Content-Type: application/json; charset=utf-8
1 < Content-Length: 607
1 < ETag: W/"25f-0FQmeRq5LUNlGOmbzHdUdExMpPE"
1 < Date: Tue, 24 Jun 2025 09:32:13 GMT
1 < Connection: keep-alive
1 < Keep-Alive: timeout=5
{"access_token":"eyJhbGciOiJIUzI1NiIsInR5cCI6IkpXVCJ9.eyJzdWIiOiJjMjE0MjJkZi1jY2VjLTQ0MGUtOWE0Mi1jMWI4MmFiZjczM2QiLCJ1c2VybmFtZSI6ImpvaG5kb2UyOCIsInJvbGUiOjAsImlhdCI6MTc1MDc1NzUzMywiZXhwIjoxNzUwNzYxMTMzfQ.y3eDwYWTAJ970_Syu2TMwBgY8GdCCgg2s-z7bDL2FWg","refresh_token":"164ff26d27cdd92a07a8d64ed56fc973c95c62c11e4b7ae9fc3c02dcebb36d32","user":{"id":"c21422df-ccec-440e-9a42-c1b82abf733d","email":"test28@example.com","username":"johndoe28","name":"John Doe","phoneNumber":"84987654321","profilePic":null,"bio":null,"private":false,"verified":false,"role":0,"followersCount":0,"followingCount":0,"postCount":0}}

16:32:13.786 [pool-2-thread-42] INFO com.intuit.karate -- [print] 50-thread call completed, status: 200 
16:32:13.787 [pool-2-thread-25] INFO com.intuit.karate -- [print] 50-thread call completed, status: 200 
16:32:13.903 [pool-2-thread-13] DEBUG org.apache.http.wire -- http-outgoing-86 << "HTTP/1.1 200 OK[\r][\n]"
16:32:13.903 [pool-2-thread-13] DEBUG org.apache.http.wire -- http-outgoing-86 << "X-Powered-By: Express[\r][\n]"
16:32:13.903 [pool-2-thread-13] DEBUG org.apache.http.wire -- http-outgoing-86 << "Access-Control-Allow-Origin: *[\r][\n]"
16:32:13.903 [pool-2-thread-13] DEBUG org.apache.http.wire -- http-outgoing-86 << "Content-Type: application/json; charset=utf-8[\r][\n]"
16:32:13.903 [pool-2-thread-13] DEBUG org.apache.http.wire -- http-outgoing-86 << "Content-Length: 605[\r][\n]"
16:32:13.903 [pool-2-thread-13] DEBUG org.apache.http.wire -- http-outgoing-86 << "ETag: W/"25d-l4HAvXSAIHIUmcPs/pH2gvxPvi0"[\r][\n]"
16:32:13.903 [pool-2-thread-13] DEBUG org.apache.http.wire -- http-outgoing-86 << "Date: Tue, 24 Jun 2025 09:32:13 GMT[\r][\n]"
16:32:13.903 [pool-2-thread-13] DEBUG org.apache.http.wire -- http-outgoing-86 << "Connection: keep-alive[\r][\n]"
16:32:13.903 [pool-2-thread-13] DEBUG org.apache.http.wire -- http-outgoing-86 << "Keep-Alive: timeout=5[\r][\n]"
16:32:13.903 [pool-2-thread-13] DEBUG org.apache.http.wire -- http-outgoing-86 << "[\r][\n]"
16:32:13.903 [pool-2-thread-13] DEBUG org.apache.http.wire -- http-outgoing-86 << "{"access_token":"eyJhbGciOiJIUzI1NiIsInR5cCI6IkpXVCJ9.eyJzdWIiOiI2NTBjZTFlZC1hYWNhLTQzOGYtOTk4OC0xZjA1OGFiNWFhMWEiLCJ1c2VybmFtZSI6ImpvaG5kb2UyNSIsInJvbGUiOjAsImlhdCI6MTc1MDc1NzUzMywiZXhwIjoxNzUwNzYxMTMzfQ.QzpYD--GExfYQ3IfPqPU-1ABVObShv9MP3fL6cfCCvc","refresh_token":"ea090faa04d06131989a3cb7294a836cf4c3f9ebf847cf0b1537c770cf1bd74c","user":{"id":"650ce1ed-aaca-438f-9988-1f058ab5aa1a","email":"testit3@gmail.com","username":"johndoe25","name":"John Doe","phoneNumber":"0123456713","profilePic":null,"bio":null,"private":false,"verified":false,"role":0,"followersCount":0,"followingCount":0,"postCount":0}}"
16:32:13.903 [pool-2-thread-13] DEBUG org.apache.http.headers -- http-outgoing-86 << HTTP/1.1 200 OK
16:32:13.903 [pool-2-thread-13] DEBUG org.apache.http.headers -- http-outgoing-86 << X-Powered-By: Express
16:32:13.903 [pool-2-thread-13] DEBUG org.apache.http.headers -- http-outgoing-86 << Access-Control-Allow-Origin: *
16:32:13.903 [pool-2-thread-13] DEBUG org.apache.http.headers -- http-outgoing-86 << Content-Type: application/json; charset=utf-8
16:32:13.903 [pool-2-thread-13] DEBUG org.apache.http.headers -- http-outgoing-86 << Content-Length: 605
16:32:13.903 [pool-2-thread-13] DEBUG org.apache.http.headers -- http-outgoing-86 << ETag: W/"25d-l4HAvXSAIHIUmcPs/pH2gvxPvi0"
16:32:13.903 [pool-2-thread-13] DEBUG org.apache.http.headers -- http-outgoing-86 << Date: Tue, 24 Jun 2025 09:32:13 GMT
16:32:13.903 [pool-2-thread-13] DEBUG org.apache.http.headers -- http-outgoing-86 << Connection: keep-alive
16:32:13.903 [pool-2-thread-13] DEBUG org.apache.http.headers -- http-outgoing-86 << Keep-Alive: timeout=5
16:32:13.903 [pool-2-thread-13] DEBUG org.apache.http.impl.execchain.MainClientExec -- Connection can be kept alive for 5000 MILLISECONDS
16:32:13.904 [pool-2-thread-13] DEBUG org.apache.http.impl.conn.PoolingHttpClientConnectionManager -- Connection [id: 86][route: {}->http://localhost:3000] can be kept alive for 5.0 seconds
16:32:13.904 [pool-2-thread-13] DEBUG org.apache.http.impl.conn.DefaultManagedHttpClientConnection -- http-outgoing-86: set socket timeout to 0
16:32:13.904 [pool-2-thread-13] DEBUG org.apache.http.impl.conn.PoolingHttpClientConnectionManager -- Connection released: [id: 86][route: {}->http://localhost:3000][total available: 1; route allocated: 1 of 5; total allocated: 1 of 10]
16:32:13.904 [pool-2-thread-13] DEBUG org.apache.http.impl.conn.PoolingHttpClientConnectionManager -- Connection manager is shutting down
16:32:13.904 [pool-2-thread-13] DEBUG org.apache.http.impl.conn.DefaultManagedHttpClientConnection -- http-outgoing-86: Close connection
16:32:13.904 [pool-2-thread-13] DEBUG org.apache.http.impl.conn.PoolingHttpClientConnectionManager -- Connection manager shut down
16:32:13.904 [pool-2-thread-13] DEBUG com.intuit.karate -- response time in milliseconds: 5989
1 < 200
1 < X-Powered-By: Express
1 < Access-Control-Allow-Origin: *
1 < Content-Type: application/json; charset=utf-8
1 < Content-Length: 605
1 < ETag: W/"25d-l4HAvXSAIHIUmcPs/pH2gvxPvi0"
1 < Date: Tue, 24 Jun 2025 09:32:13 GMT
1 < Connection: keep-alive
1 < Keep-Alive: timeout=5
{"access_token":"eyJhbGciOiJIUzI1NiIsInR5cCI6IkpXVCJ9.eyJzdWIiOiI2NTBjZTFlZC1hYWNhLTQzOGYtOTk4OC0xZjA1OGFiNWFhMWEiLCJ1c2VybmFtZSI6ImpvaG5kb2UyNSIsInJvbGUiOjAsImlhdCI6MTc1MDc1NzUzMywiZXhwIjoxNzUwNzYxMTMzfQ.QzpYD--GExfYQ3IfPqPU-1ABVObShv9MP3fL6cfCCvc","refresh_token":"ea090faa04d06131989a3cb7294a836cf4c3f9ebf847cf0b1537c770cf1bd74c","user":{"id":"650ce1ed-aaca-438f-9988-1f058ab5aa1a","email":"testit3@gmail.com","username":"johndoe25","name":"John Doe","phoneNumber":"0123456713","profilePic":null,"bio":null,"private":false,"verified":false,"role":0,"followersCount":0,"followingCount":0,"postCount":0}}

16:32:13.905 [pool-2-thread-13] INFO com.intuit.karate -- [print] 50-thread call completed, status: 200 
16:32:14.607 [pool-2-thread-5] DEBUG org.apache.http.wire -- http-outgoing-91 << "HTTP/1.1 200 OK[\r][\n]"
16:32:14.607 [pool-2-thread-5] DEBUG org.apache.http.wire -- http-outgoing-91 << "X-Powered-By: Express[\r][\n]"
16:32:14.607 [pool-2-thread-5] DEBUG org.apache.http.wire -- http-outgoing-91 << "Access-Control-Allow-Origin: *[\r][\n]"
16:32:14.607 [pool-2-thread-5] DEBUG org.apache.http.wire -- http-outgoing-91 << "Content-Type: application/json; charset=utf-8[\r][\n]"
16:32:14.607 [pool-2-thread-5] DEBUG org.apache.http.wire -- http-outgoing-91 << "Content-Length: 715[\r][\n]"
16:32:14.607 [pool-2-thread-5] DEBUG org.apache.http.wire -- http-outgoing-91 << "ETag: W/"2cb-ltc1cnfKtSzITNz2ZiLYilQt5hQ"[\r][\n]"
16:32:14.607 [pool-2-thread-5] DEBUG org.apache.http.wire -- http-outgoing-91 << "Date: Tue, 24 Jun 2025 09:32:14 GMT[\r][\n]"
16:32:14.607 [pool-2-thread-5] DEBUG org.apache.http.wire -- http-outgoing-91 << "Connection: keep-alive[\r][\n]"
16:32:14.607 [pool-2-thread-5] DEBUG org.apache.http.wire -- http-outgoing-91 << "Keep-Alive: timeout=5[\r][\n]"
16:32:14.607 [pool-2-thread-5] DEBUG org.apache.http.wire -- http-outgoing-91 << "[\r][\n]"
16:32:14.607 [pool-2-thread-5] DEBUG org.apache.http.wire -- http-outgoing-91 << "{"access_token":"eyJhbGciOiJIUzI1NiIsInR5cCI6IkpXVCJ9.eyJzdWIiOiIyYjg0YWEyNC02NjhhLTQwZTItYWYxYy1hZDRmYzRmYTVhNmYiLCJ1c2VybmFtZSI6InF1YW5nMSIsInJvbGUiOjAsImlhdCI6MTc1MDc1NzUzMywiZXhwIjoxNzUwNzYxMTMzfQ.lP9vUxBoMFg8TnyFP8bxV0GrtOyW6D4_4PfiE9Nx068","refresh_token":"7d9c7af2afd4a1c64fcc16e4d18030b3d13fc6a80577bffc47d1dfbd97acf5a8","user":{"id":"2b84aa24-668a-40e2-af1c-ad4fc4fa5a6f","email":"quang1@gmail.com","username":"quang1","name":"quang1","phoneNumber":"09874563210","profilePic":"https://res.cloudinary.com/dizcvrefo/image/upload/v1749027586/nestjs_uploads/xehairydt9rzlbmbmv4c.jpg","bio":"Thang Nam Lao Vua Thoi","private":false,"verified":false,"role":0,"followersCount":2,"followingCount":3,"postCount":2}}"
16:32:14.607 [pool-2-thread-5] DEBUG org.apache.http.headers -- http-outgoing-91 << HTTP/1.1 200 OK
16:32:14.607 [pool-2-thread-5] DEBUG org.apache.http.headers -- http-outgoing-91 << X-Powered-By: Express
16:32:14.607 [pool-2-thread-5] DEBUG org.apache.http.headers -- http-outgoing-91 << Access-Control-Allow-Origin: *
16:32:14.607 [pool-2-thread-5] DEBUG org.apache.http.headers -- http-outgoing-91 << Content-Type: application/json; charset=utf-8
16:32:14.607 [pool-2-thread-5] DEBUG org.apache.http.headers -- http-outgoing-91 << Content-Length: 715
16:32:14.607 [pool-2-thread-5] DEBUG org.apache.http.headers -- http-outgoing-91 << ETag: W/"2cb-ltc1cnfKtSzITNz2ZiLYilQt5hQ"
16:32:14.607 [pool-2-thread-5] DEBUG org.apache.http.headers -- http-outgoing-91 << Date: Tue, 24 Jun 2025 09:32:14 GMT
16:32:14.607 [pool-2-thread-5] DEBUG org.apache.http.headers -- http-outgoing-91 << Connection: keep-alive
16:32:14.607 [pool-2-thread-5] DEBUG org.apache.http.headers -- http-outgoing-91 << Keep-Alive: timeout=5
16:32:14.607 [pool-2-thread-5] DEBUG org.apache.http.impl.execchain.MainClientExec -- Connection can be kept alive for 5000 MILLISECONDS
16:32:14.609 [pool-2-thread-5] DEBUG org.apache.http.impl.conn.PoolingHttpClientConnectionManager -- Connection [id: 91][route: {}->http://localhost:3000] can be kept alive for 5.0 seconds
16:32:14.609 [pool-2-thread-5] DEBUG org.apache.http.impl.conn.DefaultManagedHttpClientConnection -- http-outgoing-91: set socket timeout to 0
16:32:14.609 [pool-2-thread-5] DEBUG org.apache.http.impl.conn.PoolingHttpClientConnectionManager -- Connection released: [id: 91][route: {}->http://localhost:3000][total available: 1; route allocated: 1 of 5; total allocated: 1 of 10]
16:32:14.609 [pool-2-thread-5] DEBUG org.apache.http.impl.conn.PoolingHttpClientConnectionManager -- Connection manager is shutting down
16:32:14.609 [pool-2-thread-5] DEBUG org.apache.http.impl.conn.DefaultManagedHttpClientConnection -- http-outgoing-91: Close connection
16:32:14.609 [pool-2-thread-46] DEBUG org.apache.http.wire -- http-outgoing-84 << "HTTP/1.1 200 OK[\r][\n]"
16:32:14.609 [pool-2-thread-46] DEBUG org.apache.http.wire -- http-outgoing-84 << "X-Powered-By: Express[\r][\n]"
16:32:14.609 [pool-2-thread-46] DEBUG org.apache.http.wire -- http-outgoing-84 << "Access-Control-Allow-Origin: *[\r][\n]"
16:32:14.609 [pool-2-thread-46] DEBUG org.apache.http.wire -- http-outgoing-84 << "Content-Type: application/json; charset=utf-8[\r][\n]"
16:32:14.609 [pool-2-thread-46] DEBUG org.apache.http.wire -- http-outgoing-84 << "Content-Length: 607[\r][\n]"
16:32:14.609 [pool-2-thread-46] DEBUG org.apache.http.wire -- http-outgoing-84 << "ETag: W/"25f-fTmEpVIeYNJWil/H8S4I+/XFdd4"[\r][\n]"
16:32:14.609 [pool-2-thread-46] DEBUG org.apache.http.wire -- http-outgoing-84 << "Date: Tue, 24 Jun 2025 09:32:14 GMT[\r][\n]"
16:32:14.609 [pool-2-thread-46] DEBUG org.apache.http.wire -- http-outgoing-84 << "Connection: keep-alive[\r][\n]"
16:32:14.609 [pool-2-thread-46] DEBUG org.apache.http.wire -- http-outgoing-84 << "Keep-Alive: timeout=5[\r][\n]"
16:32:14.609 [pool-2-thread-46] DEBUG org.apache.http.wire -- http-outgoing-84 << "[\r][\n]"
16:32:14.609 [pool-2-thread-46] DEBUG org.apache.http.wire -- http-outgoing-84 << "{"access_token":"eyJhbGciOiJIUzI1NiIsInR5cCI6IkpXVCJ9.eyJzdWIiOiJjMjE0MjJkZi1jY2VjLTQ0MGUtOWE0Mi1jMWI4MmFiZjczM2QiLCJ1c2VybmFtZSI6ImpvaG5kb2UyOCIsInJvbGUiOjAsImlhdCI6MTc1MDc1NzUzMywiZXhwIjoxNzUwNzYxMTMzfQ.y3eDwYWTAJ970_Syu2TMwBgY8GdCCgg2s-z7bDL2FWg","refresh_token":"fefe442614492b6f6ae1e2157eda7ae599a4835f9b84a71a3bd489c498151181","user":{"id":"c21422df-ccec-440e-9a42-c1b82abf733d","email":"test28@example.com","username":"johndoe28","name":"John Doe","phoneNumber":"84987654321","profilePic":null,"bio":null,"private":false,"verified":false,"role":0,"followersCount":0,"followingCount":0,"postCount":0}}"
16:32:14.609 [pool-2-thread-46] DEBUG org.apache.http.headers -- http-outgoing-84 << HTTP/1.1 200 OK
16:32:14.609 [pool-2-thread-46] DEBUG org.apache.http.headers -- http-outgoing-84 << X-Powered-By: Express
16:32:14.609 [pool-2-thread-46] DEBUG org.apache.http.headers -- http-outgoing-84 << Access-Control-Allow-Origin: *
16:32:14.609 [pool-2-thread-46] DEBUG org.apache.http.headers -- http-outgoing-84 << Content-Type: application/json; charset=utf-8
16:32:14.609 [pool-2-thread-46] DEBUG org.apache.http.headers -- http-outgoing-84 << Content-Length: 607
16:32:14.609 [pool-2-thread-46] DEBUG org.apache.http.headers -- http-outgoing-84 << ETag: W/"25f-fTmEpVIeYNJWil/H8S4I+/XFdd4"
16:32:14.609 [pool-2-thread-46] DEBUG org.apache.http.headers -- http-outgoing-84 << Date: Tue, 24 Jun 2025 09:32:14 GMT
16:32:14.609 [pool-2-thread-46] DEBUG org.apache.http.headers -- http-outgoing-84 << Connection: keep-alive
16:32:14.609 [pool-2-thread-46] DEBUG org.apache.http.headers -- http-outgoing-84 << Keep-Alive: timeout=5
16:32:14.609 [pool-2-thread-5] DEBUG org.apache.http.impl.conn.PoolingHttpClientConnectionManager -- Connection manager shut down
16:32:14.609 [pool-2-thread-46] DEBUG org.apache.http.impl.execchain.MainClientExec -- Connection can be kept alive for 5000 MILLISECONDS
16:32:14.609 [pool-2-thread-46] DEBUG org.apache.http.impl.conn.PoolingHttpClientConnectionManager -- Connection [id: 84][route: {}->http://localhost:3000] can be kept alive for 5.0 seconds
16:32:14.609 [pool-2-thread-5] DEBUG com.intuit.karate -- response time in milliseconds: 5954
1 < 200
1 < X-Powered-By: Express
1 < Access-Control-Allow-Origin: *
1 < Content-Type: application/json; charset=utf-8
1 < Content-Length: 715
1 < ETag: W/"2cb-ltc1cnfKtSzITNz2ZiLYilQt5hQ"
1 < Date: Tue, 24 Jun 2025 09:32:14 GMT
1 < Connection: keep-alive
1 < Keep-Alive: timeout=5
{"access_token":"eyJhbGciOiJIUzI1NiIsInR5cCI6IkpXVCJ9.eyJzdWIiOiIyYjg0YWEyNC02NjhhLTQwZTItYWYxYy1hZDRmYzRmYTVhNmYiLCJ1c2VybmFtZSI6InF1YW5nMSIsInJvbGUiOjAsImlhdCI6MTc1MDc1NzUzMywiZXhwIjoxNzUwNzYxMTMzfQ.lP9vUxBoMFg8TnyFP8bxV0GrtOyW6D4_4PfiE9Nx068","refresh_token":"7d9c7af2afd4a1c64fcc16e4d18030b3d13fc6a80577bffc47d1dfbd97acf5a8","user":{"id":"2b84aa24-668a-40e2-af1c-ad4fc4fa5a6f","email":"quang1@gmail.com","username":"quang1","name":"quang1","phoneNumber":"09874563210","profilePic":"https://res.cloudinary.com/dizcvrefo/image/upload/v1749027586/nestjs_uploads/xehairydt9rzlbmbmv4c.jpg","bio":"Thang Nam Lao Vua Thoi","private":false,"verified":false,"role":0,"followersCount":2,"followingCount":3,"postCount":2}}

16:32:14.609 [pool-2-thread-46] DEBUG org.apache.http.impl.conn.DefaultManagedHttpClientConnection -- http-outgoing-84: set socket timeout to 0
16:32:14.609 [pool-2-thread-46] DEBUG org.apache.http.impl.conn.PoolingHttpClientConnectionManager -- Connection released: [id: 84][route: {}->http://localhost:3000][total available: 1; route allocated: 1 of 5; total allocated: 1 of 10]
16:32:14.609 [pool-2-thread-46] DEBUG org.apache.http.impl.conn.PoolingHttpClientConnectionManager -- Connection manager is shutting down
16:32:14.609 [pool-2-thread-46] DEBUG org.apache.http.impl.conn.DefaultManagedHttpClientConnection -- http-outgoing-84: Close connection
16:32:14.609 [pool-2-thread-46] DEBUG org.apache.http.impl.conn.PoolingHttpClientConnectionManager -- Connection manager shut down
16:32:14.609 [pool-2-thread-46] DEBUG com.intuit.karate -- response time in milliseconds: 7734
1 < 200
1 < X-Powered-By: Express
1 < Access-Control-Allow-Origin: *
1 < Content-Type: application/json; charset=utf-8
1 < Content-Length: 607
1 < ETag: W/"25f-fTmEpVIeYNJWil/H8S4I+/XFdd4"
1 < Date: Tue, 24 Jun 2025 09:32:14 GMT
1 < Connection: keep-alive
1 < Keep-Alive: timeout=5
{"access_token":"eyJhbGciOiJIUzI1NiIsInR5cCI6IkpXVCJ9.eyJzdWIiOiJjMjE0MjJkZi1jY2VjLTQ0MGUtOWE0Mi1jMWI4MmFiZjczM2QiLCJ1c2VybmFtZSI6ImpvaG5kb2UyOCIsInJvbGUiOjAsImlhdCI6MTc1MDc1NzUzMywiZXhwIjoxNzUwNzYxMTMzfQ.y3eDwYWTAJ970_Syu2TMwBgY8GdCCgg2s-z7bDL2FWg","refresh_token":"fefe442614492b6f6ae1e2157eda7ae599a4835f9b84a71a3bd489c498151181","user":{"id":"c21422df-ccec-440e-9a42-c1b82abf733d","email":"test28@example.com","username":"johndoe28","name":"John Doe","phoneNumber":"84987654321","profilePic":null,"bio":null,"private":false,"verified":false,"role":0,"followersCount":0,"followingCount":0,"postCount":0}}

16:32:14.609 [pool-2-thread-20] DEBUG org.apache.http.wire -- http-outgoing-70 << "HTTP/1.1 200 OK[\r][\n]"
16:32:14.609 [pool-2-thread-20] DEBUG org.apache.http.wire -- http-outgoing-70 << "X-Powered-By: Express[\r][\n]"
16:32:14.609 [pool-2-thread-20] DEBUG org.apache.http.wire -- http-outgoing-70 << "Access-Control-Allow-Origin: *[\r][\n]"
16:32:14.609 [pool-2-thread-20] DEBUG org.apache.http.wire -- http-outgoing-70 << "Content-Type: application/json; charset=utf-8[\r][\n]"
16:32:14.609 [pool-2-thread-20] DEBUG org.apache.http.wire -- http-outgoing-70 << "Content-Length: 708[\r][\n]"
16:32:14.609 [pool-2-thread-20] DEBUG org.apache.http.wire -- http-outgoing-70 << "ETag: W/"2c4-o1FR091tf5VMkxkKukWrQc0pO4k"[\r][\n]"
16:32:14.609 [pool-2-thread-20] DEBUG org.apache.http.wire -- http-outgoing-70 << "Date: Tue, 24 Jun 2025 09:32:14 GMT[\r][\n]"
16:32:14.609 [pool-2-thread-20] DEBUG org.apache.http.wire -- http-outgoing-70 << "Connection: keep-alive[\r][\n]"
16:32:14.609 [pool-2-thread-20] DEBUG org.apache.http.wire -- http-outgoing-70 << "Keep-Alive: timeout=5[\r][\n]"
16:32:14.609 [pool-2-thread-20] DEBUG org.apache.http.wire -- http-outgoing-70 << "[\r][\n]"
16:32:14.609 [pool-2-thread-20] DEBUG org.apache.http.wire -- http-outgoing-70 << "{"access_token":"eyJhbGciOiJIUzI1NiIsInR5cCI6IkpXVCJ9.eyJzdWIiOiIwODUxNWIwNS0yZDNlLTQ3ODktYWQ2MC1kYjM1NTI1YTQ5NzAiLCJ1c2VybmFtZSI6Im5hbSIsInJvbGUiOjAsImlhdCI6MTc1MDc1NzUzMywiZXhwIjoxNzUwNzYxMTMzfQ.3TC2O_VWw3LBN2cBuduHshdDEU6fOqKRa_v19Pik1hw","refresh_token":"134f59e7d4441a4097535161c1c8a35a1a27b80a74f1ee6d880e120cf56d3943","user":{"id":"08515b05-2d3e-4789-ad60-db35525a4970","email":"nam@gmail.com","username":"nam","name":"nam","phoneNumber":"0123456789","profilePic":"https://res.cloudinary.com/dizcvrefo/image/upload/v1749266646/nestjs_uploads/zk9zrpeidnovxibfqdxr.png","bio":"Chu tich hoi dong Quan tri 1","private":false,"verified":false,"role":0,"followersCount":2,"followingCount":5,"postCount":13}}"
16:32:14.609 [pool-2-thread-20] DEBUG org.apache.http.headers -- http-outgoing-70 << HTTP/1.1 200 OK
16:32:14.609 [pool-2-thread-20] DEBUG org.apache.http.headers -- http-outgoing-70 << X-Powered-By: Express
16:32:14.609 [pool-2-thread-20] DEBUG org.apache.http.headers -- http-outgoing-70 << Access-Control-Allow-Origin: *
16:32:14.609 [pool-2-thread-20] DEBUG org.apache.http.headers -- http-outgoing-70 << Content-Type: application/json; charset=utf-8
16:32:14.609 [pool-2-thread-20] DEBUG org.apache.http.headers -- http-outgoing-70 << Content-Length: 708
16:32:14.609 [pool-2-thread-20] DEBUG org.apache.http.headers -- http-outgoing-70 << ETag: W/"2c4-o1FR091tf5VMkxkKukWrQc0pO4k"
16:32:14.609 [pool-2-thread-20] DEBUG org.apache.http.headers -- http-outgoing-70 << Date: Tue, 24 Jun 2025 09:32:14 GMT
16:32:14.609 [pool-2-thread-20] DEBUG org.apache.http.headers -- http-outgoing-70 << Connection: keep-alive
16:32:14.609 [pool-2-thread-20] DEBUG org.apache.http.headers -- http-outgoing-70 << Keep-Alive: timeout=5
16:32:14.609 [pool-2-thread-20] DEBUG org.apache.http.impl.execchain.MainClientExec -- Connection can be kept alive for 5000 MILLISECONDS
16:32:14.609 [pool-2-thread-20] DEBUG org.apache.http.impl.conn.PoolingHttpClientConnectionManager -- Connection [id: 70][route: {}->http://localhost:3000] can be kept alive for 5.0 seconds
16:32:14.609 [pool-2-thread-5] INFO com.intuit.karate -- [print] 50-thread call completed, status: 200 
16:32:14.609 [pool-2-thread-46] INFO com.intuit.karate -- [print] 50-thread call completed, status: 200 
16:32:14.609 [pool-2-thread-20] DEBUG org.apache.http.impl.conn.DefaultManagedHttpClientConnection -- http-outgoing-70: set socket timeout to 0
16:32:14.610 [pool-2-thread-20] DEBUG org.apache.http.impl.conn.PoolingHttpClientConnectionManager -- Connection released: [id: 70][route: {}->http://localhost:3000][total available: 1; route allocated: 1 of 5; total allocated: 1 of 10]
16:32:14.610 [pool-2-thread-20] DEBUG org.apache.http.impl.conn.PoolingHttpClientConnectionManager -- Connection manager is shutting down
16:32:14.610 [pool-2-thread-20] DEBUG org.apache.http.impl.conn.DefaultManagedHttpClientConnection -- http-outgoing-70: Close connection
16:32:14.610 [pool-2-thread-20] DEBUG org.apache.http.impl.conn.PoolingHttpClientConnectionManager -- Connection manager shut down
16:32:14.610 [pool-2-thread-20] DEBUG com.intuit.karate -- response time in milliseconds: 9003
1 < 200
1 < X-Powered-By: Express
1 < Access-Control-Allow-Origin: *
1 < Content-Type: application/json; charset=utf-8
1 < Content-Length: 708
1 < ETag: W/"2c4-o1FR091tf5VMkxkKukWrQc0pO4k"
1 < Date: Tue, 24 Jun 2025 09:32:14 GMT
1 < Connection: keep-alive
1 < Keep-Alive: timeout=5
{"access_token":"eyJhbGciOiJIUzI1NiIsInR5cCI6IkpXVCJ9.eyJzdWIiOiIwODUxNWIwNS0yZDNlLTQ3ODktYWQ2MC1kYjM1NTI1YTQ5NzAiLCJ1c2VybmFtZSI6Im5hbSIsInJvbGUiOjAsImlhdCI6MTc1MDc1NzUzMywiZXhwIjoxNzUwNzYxMTMzfQ.3TC2O_VWw3LBN2cBuduHshdDEU6fOqKRa_v19Pik1hw","refresh_token":"134f59e7d4441a4097535161c1c8a35a1a27b80a74f1ee6d880e120cf56d3943","user":{"id":"08515b05-2d3e-4789-ad60-db35525a4970","email":"nam@gmail.com","username":"nam","name":"nam","phoneNumber":"0123456789","profilePic":"https://res.cloudinary.com/dizcvrefo/image/upload/v1749266646/nestjs_uploads/zk9zrpeidnovxibfqdxr.png","bio":"Chu tich hoi dong Quan tri 1","private":false,"verified":false,"role":0,"followersCount":2,"followingCount":5,"postCount":13}}

16:32:14.610 [pool-2-thread-20] INFO com.intuit.karate -- [print] 50-thread call completed, status: 200 
16:32:14.611 [pool-2-thread-50] DEBUG org.apache.http.wire -- http-outgoing-92 << "HTTP/1.1 200 OK[\r][\n]"
16:32:14.611 [pool-2-thread-50] DEBUG org.apache.http.wire -- http-outgoing-92 << "X-Powered-By: Express[\r][\n]"
16:32:14.611 [pool-2-thread-50] DEBUG org.apache.http.wire -- http-outgoing-92 << "Access-Control-Allow-Origin: *[\r][\n]"
16:32:14.611 [pool-2-thread-50] DEBUG org.apache.http.wire -- http-outgoing-92 << "Content-Type: application/json; charset=utf-8[\r][\n]"
16:32:14.611 [pool-2-thread-50] DEBUG org.apache.http.wire -- http-outgoing-92 << "Content-Length: 599[\r][\n]"
16:32:14.611 [pool-2-thread-50] DEBUG org.apache.http.wire -- http-outgoing-92 << "ETag: W/"257-3sqfHWnHjl0cBhWUC2rE7TheohM"[\r][\n]"
16:32:14.611 [pool-2-thread-50] DEBUG org.apache.http.wire -- http-outgoing-92 << "Date: Tue, 24 Jun 2025 09:32:14 GMT[\r][\n]"
16:32:14.611 [pool-2-thread-50] DEBUG org.apache.http.wire -- http-outgoing-92 << "Connection: keep-alive[\r][\n]"
16:32:14.611 [pool-2-thread-50] DEBUG org.apache.http.wire -- http-outgoing-92 << "Keep-Alive: timeout=5[\r][\n]"
16:32:14.611 [pool-2-thread-50] DEBUG org.apache.http.wire -- http-outgoing-92 << "[\r][\n]"
16:32:14.611 [pool-2-thread-50] DEBUG org.apache.http.wire -- http-outgoing-92 << "{"access_token":"eyJhbGciOiJIUzI1NiIsInR5cCI6IkpXVCJ9.eyJzdWIiOiIyZGRhMDQzOS01MTgwLTQ1YWEtOTE3Zi1lNjMyZTQ1YThlNDEiLCJ1c2VybmFtZSI6ImpvaG5kb2UiLCJyb2xlIjowLCJpYXQiOjE3NTA3NTc1MzMsImV4cCI6MTc1MDc2MTEzM30.PO5UHh5yLtodfSao_PZtxcQd8fVYbkSGRBuzrI1a32c","refresh_token":"179872b576b422ffd61152f17586ef55a19551f7e6966d3bf82052466ee06ceb","user":{"id":"2dda0439-5180-45aa-917f-e632e45a8e41","email":"test@example.com","username":"johndoe","name":"John Doe","phoneNumber":"0987654321","profilePic":null,"bio":null,"private":false,"verified":false,"role":0,"followersCount":0,"followingCount":0,"postCount":0}}"
16:32:14.612 [pool-2-thread-50] DEBUG org.apache.http.headers -- http-outgoing-92 << HTTP/1.1 200 OK
16:32:14.612 [pool-2-thread-50] DEBUG org.apache.http.headers -- http-outgoing-92 << X-Powered-By: Express
16:32:14.612 [pool-2-thread-50] DEBUG org.apache.http.headers -- http-outgoing-92 << Access-Control-Allow-Origin: *
16:32:14.612 [pool-2-thread-50] DEBUG org.apache.http.headers -- http-outgoing-92 << Content-Type: application/json; charset=utf-8
16:32:14.612 [pool-2-thread-50] DEBUG org.apache.http.headers -- http-outgoing-92 << Content-Length: 599
16:32:14.612 [pool-2-thread-50] DEBUG org.apache.http.headers -- http-outgoing-92 << ETag: W/"257-3sqfHWnHjl0cBhWUC2rE7TheohM"
16:32:14.612 [pool-2-thread-50] DEBUG org.apache.http.headers -- http-outgoing-92 << Date: Tue, 24 Jun 2025 09:32:14 GMT
16:32:14.612 [pool-2-thread-50] DEBUG org.apache.http.headers -- http-outgoing-92 << Connection: keep-alive
16:32:14.612 [pool-2-thread-50] DEBUG org.apache.http.headers -- http-outgoing-92 << Keep-Alive: timeout=5
16:32:14.612 [pool-2-thread-50] DEBUG org.apache.http.impl.execchain.MainClientExec -- Connection can be kept alive for 5000 MILLISECONDS
16:32:14.612 [pool-2-thread-50] DEBUG org.apache.http.impl.conn.PoolingHttpClientConnectionManager -- Connection [id: 92][route: {}->http://localhost:3000] can be kept alive for 5.0 seconds
16:32:14.612 [pool-2-thread-50] DEBUG org.apache.http.impl.conn.DefaultManagedHttpClientConnection -- http-outgoing-92: set socket timeout to 0
16:32:14.612 [pool-2-thread-50] DEBUG org.apache.http.impl.conn.PoolingHttpClientConnectionManager -- Connection released: [id: 92][route: {}->http://localhost:3000][total available: 1; route allocated: 1 of 5; total allocated: 1 of 10]
16:32:14.612 [pool-2-thread-50] DEBUG org.apache.http.impl.conn.PoolingHttpClientConnectionManager -- Connection manager is shutting down
16:32:14.612 [pool-2-thread-50] DEBUG org.apache.http.impl.conn.DefaultManagedHttpClientConnection -- http-outgoing-92: Close connection
16:32:14.612 [pool-2-thread-50] DEBUG org.apache.http.impl.conn.PoolingHttpClientConnectionManager -- Connection manager shut down
16:32:14.612 [pool-2-thread-50] DEBUG com.intuit.karate -- response time in milliseconds: 5914
1 < 200
1 < X-Powered-By: Express
1 < Access-Control-Allow-Origin: *
1 < Content-Type: application/json; charset=utf-8
1 < Content-Length: 599
1 < ETag: W/"257-3sqfHWnHjl0cBhWUC2rE7TheohM"
1 < Date: Tue, 24 Jun 2025 09:32:14 GMT
1 < Connection: keep-alive
1 < Keep-Alive: timeout=5
{"access_token":"eyJhbGciOiJIUzI1NiIsInR5cCI6IkpXVCJ9.eyJzdWIiOiIyZGRhMDQzOS01MTgwLTQ1YWEtOTE3Zi1lNjMyZTQ1YThlNDEiLCJ1c2VybmFtZSI6ImpvaG5kb2UiLCJyb2xlIjowLCJpYXQiOjE3NTA3NTc1MzMsImV4cCI6MTc1MDc2MTEzM30.PO5UHh5yLtodfSao_PZtxcQd8fVYbkSGRBuzrI1a32c","refresh_token":"179872b576b422ffd61152f17586ef55a19551f7e6966d3bf82052466ee06ceb","user":{"id":"2dda0439-5180-45aa-917f-e632e45a8e41","email":"test@example.com","username":"johndoe","name":"John Doe","phoneNumber":"0987654321","profilePic":null,"bio":null,"private":false,"verified":false,"role":0,"followersCount":0,"followingCount":0,"postCount":0}}

16:32:14.613 [pool-2-thread-50] INFO com.intuit.karate -- [print] 50-thread call completed, status: 200 
16:32:14.636 [pool-2-thread-23] DEBUG org.apache.http.wire -- http-outgoing-99 << "HTTP/1.1 200 OK[\r][\n]"
16:32:14.636 [pool-2-thread-23] DEBUG org.apache.http.wire -- http-outgoing-99 << "X-Powered-By: Express[\r][\n]"
16:32:14.636 [pool-2-thread-23] DEBUG org.apache.http.wire -- http-outgoing-99 << "Access-Control-Allow-Origin: *[\r][\n]"
16:32:14.636 [pool-2-thread-23] DEBUG org.apache.http.wire -- http-outgoing-99 << "Content-Type: application/json; charset=utf-8[\r][\n]"
16:32:14.636 [pool-2-thread-23] DEBUG org.apache.http.wire -- http-outgoing-99 << "Content-Length: 605[\r][\n]"
16:32:14.636 [pool-2-thread-23] DEBUG org.apache.http.wire -- http-outgoing-99 << "ETag: W/"25d-BrCu8r4n/5TZ9ShxnPp7eFU3O/Y"[\r][\n]"
16:32:14.636 [pool-2-thread-23] DEBUG org.apache.http.wire -- http-outgoing-99 << "Date: Tue, 24 Jun 2025 09:32:14 GMT[\r][\n]"
16:32:14.636 [pool-2-thread-23] DEBUG org.apache.http.wire -- http-outgoing-99 << "Connection: keep-alive[\r][\n]"
16:32:14.636 [pool-2-thread-23] DEBUG org.apache.http.wire -- http-outgoing-99 << "Keep-Alive: timeout=5[\r][\n]"
16:32:14.636 [pool-2-thread-23] DEBUG org.apache.http.wire -- http-outgoing-99 << "[\r][\n]"
16:32:14.636 [pool-2-thread-23] DEBUG org.apache.http.wire -- http-outgoing-99 << "{"access_token":"eyJhbGciOiJIUzI1NiIsInR5cCI6IkpXVCJ9.eyJzdWIiOiIwYTM3ZWY0My1mZWU4LTQxZDMtYTY4Ni04YWIwODY5NDg2OTUiLCJ1c2VybmFtZSI6ImpvaG5kb2UyMSIsInJvbGUiOjAsImlhdCI6MTc1MDc1NzUzMywiZXhwIjoxNzUwNzYxMTMzfQ.lMsX3ezfEDkNN9QKqJFHroJBHrzk3rYh-MrPgtiJjXs","refresh_token":"e97a5012bbbaf193c84b67ac6803518855a5e356e3366270d33a36b482b01957","user":{"id":"0a37ef43-fee8-41d3-a686-8ab086948695","email":"testit2@gmail.com","username":"johndoe21","name":"John Doe","phoneNumber":"0123456712","profilePic":null,"bio":null,"private":false,"verified":false,"role":0,"followersCount":0,"followingCount":0,"postCount":0}}"
16:32:14.636 [pool-2-thread-23] DEBUG org.apache.http.headers -- http-outgoing-99 << HTTP/1.1 200 OK
16:32:14.636 [pool-2-thread-23] DEBUG org.apache.http.headers -- http-outgoing-99 << X-Powered-By: Express
16:32:14.636 [pool-2-thread-23] DEBUG org.apache.http.headers -- http-outgoing-99 << Access-Control-Allow-Origin: *
16:32:14.636 [pool-2-thread-23] DEBUG org.apache.http.headers -- http-outgoing-99 << Content-Type: application/json; charset=utf-8
16:32:14.636 [pool-2-thread-23] DEBUG org.apache.http.headers -- http-outgoing-99 << Content-Length: 605
16:32:14.636 [pool-2-thread-23] DEBUG org.apache.http.headers -- http-outgoing-99 << ETag: W/"25d-BrCu8r4n/5TZ9ShxnPp7eFU3O/Y"
16:32:14.636 [pool-2-thread-23] DEBUG org.apache.http.headers -- http-outgoing-99 << Date: Tue, 24 Jun 2025 09:32:14 GMT
16:32:14.636 [pool-2-thread-23] DEBUG org.apache.http.headers -- http-outgoing-99 << Connection: keep-alive
16:32:14.636 [pool-2-thread-23] DEBUG org.apache.http.headers -- http-outgoing-99 << Keep-Alive: timeout=5
16:32:14.637 [pool-2-thread-23] DEBUG org.apache.http.impl.execchain.MainClientExec -- Connection can be kept alive for 5000 MILLISECONDS
16:32:14.637 [pool-2-thread-23] DEBUG org.apache.http.impl.conn.PoolingHttpClientConnectionManager -- Connection [id: 99][route: {}->http://localhost:3000] can be kept alive for 5.0 seconds
16:32:14.637 [pool-2-thread-23] DEBUG org.apache.http.impl.conn.DefaultManagedHttpClientConnection -- http-outgoing-99: set socket timeout to 0
16:32:14.637 [pool-2-thread-23] DEBUG org.apache.http.impl.conn.PoolingHttpClientConnectionManager -- Connection released: [id: 99][route: {}->http://localhost:3000][total available: 1; route allocated: 1 of 5; total allocated: 1 of 10]
16:32:14.637 [pool-2-thread-23] DEBUG org.apache.http.impl.conn.PoolingHttpClientConnectionManager -- Connection manager is shutting down
16:32:14.637 [pool-2-thread-23] DEBUG org.apache.http.impl.conn.DefaultManagedHttpClientConnection -- http-outgoing-99: Close connection
16:32:14.637 [pool-2-thread-23] DEBUG org.apache.http.impl.conn.PoolingHttpClientConnectionManager -- Connection manager shut down
16:32:14.637 [pool-2-thread-34] DEBUG org.apache.http.wire -- http-outgoing-98 << "HTTP/1.1 200 OK[\r][\n]"
16:32:14.637 [pool-2-thread-34] DEBUG org.apache.http.wire -- http-outgoing-98 << "X-Powered-By: Express[\r][\n]"
16:32:14.637 [pool-2-thread-34] DEBUG org.apache.http.wire -- http-outgoing-98 << "Access-Control-Allow-Origin: *[\r][\n]"
16:32:14.637 [pool-2-thread-34] DEBUG org.apache.http.wire -- http-outgoing-98 << "Content-Type: application/json; charset=utf-8[\r][\n]"
16:32:14.637 [pool-2-thread-34] DEBUG org.apache.http.wire -- http-outgoing-98 << "Content-Length: 604[\r][\n]"
16:32:14.637 [pool-2-thread-34] DEBUG org.apache.http.wire -- http-outgoing-98 << "ETag: W/"25c-sbs17nJu4B5vKZ3pnP5WfZQHKPc"[\r][\n]"
16:32:14.637 [pool-2-thread-34] DEBUG org.apache.http.wire -- http-outgoing-98 << "Date: Tue, 24 Jun 2025 09:32:14 GMT[\r][\n]"
16:32:14.637 [pool-2-thread-23] DEBUG com.intuit.karate -- response time in milliseconds: 4759
1 < 200
1 < X-Powered-By: Express
1 < Access-Control-Allow-Origin: *
1 < Content-Type: application/json; charset=utf-8
1 < Content-Length: 605
1 < ETag: W/"25d-BrCu8r4n/5TZ9ShxnPp7eFU3O/Y"
1 < Date: Tue, 24 Jun 2025 09:32:14 GMT
1 < Connection: keep-alive
1 < Keep-Alive: timeout=5
{"access_token":"eyJhbGciOiJIUzI1NiIsInR5cCI6IkpXVCJ9.eyJzdWIiOiIwYTM3ZWY0My1mZWU4LTQxZDMtYTY4Ni04YWIwODY5NDg2OTUiLCJ1c2VybmFtZSI6ImpvaG5kb2UyMSIsInJvbGUiOjAsImlhdCI6MTc1MDc1NzUzMywiZXhwIjoxNzUwNzYxMTMzfQ.lMsX3ezfEDkNN9QKqJFHroJBHrzk3rYh-MrPgtiJjXs","refresh_token":"e97a5012bbbaf193c84b67ac6803518855a5e356e3366270d33a36b482b01957","user":{"id":"0a37ef43-fee8-41d3-a686-8ab086948695","email":"testit2@gmail.com","username":"johndoe21","name":"John Doe","phoneNumber":"0123456712","profilePic":null,"bio":null,"private":false,"verified":false,"role":0,"followersCount":0,"followingCount":0,"postCount":0}}

16:32:14.637 [pool-2-thread-34] DEBUG org.apache.http.wire -- http-outgoing-98 << "Connection: keep-alive[\r][\n]"
16:32:14.637 [pool-2-thread-34] DEBUG org.apache.http.wire -- http-outgoing-98 << "Keep-Alive: timeout=5[\r][\n]"
16:32:14.637 [pool-2-thread-34] DEBUG org.apache.http.wire -- http-outgoing-98 << "[\r][\n]"
16:32:14.637 [pool-2-thread-34] DEBUG org.apache.http.wire -- http-outgoing-98 << "{"access_token":"eyJhbGciOiJIUzI1NiIsInR5cCI6IkpXVCJ9.eyJzdWIiOiJkZjZmMDkxOS1hMjNkLTQ0YzktYTkyNS00ZWE4YmU1MjVkMTAiLCJ1c2VybmFtZSI6ImpvaG5kb2UyMyIsInJvbGUiOjAsImlhdCI6MTc1MDc1NzUzMywiZXhwIjoxNzUwNzYxMTMzfQ.mC6hjdNz-qEwksenRIrh7LzVgJXcrb46LMnby8RVxXE","refresh_token":"f21c21e597cd39a7421f214fa56f907d5747166a10bc246785d0eae78122a3c1","user":{"id":"df6f0919-a23d-44c9-a925-4ea8be525d10","email":"testit@gmail.com","username":"johndoe23","name":"John Doe","phoneNumber":"0123456788","profilePic":null,"bio":null,"private":false,"verified":false,"role":0,"followersCount":0,"followingCount":0,"postCount":0}}"
16:32:14.637 [pool-2-thread-34] DEBUG org.apache.http.headers -- http-outgoing-98 << HTTP/1.1 200 OK
16:32:14.637 [pool-2-thread-34] DEBUG org.apache.http.headers -- http-outgoing-98 << X-Powered-By: Express
16:32:14.637 [pool-2-thread-34] DEBUG org.apache.http.headers -- http-outgoing-98 << Access-Control-Allow-Origin: *
16:32:14.637 [pool-2-thread-34] DEBUG org.apache.http.headers -- http-outgoing-98 << Content-Type: application/json; charset=utf-8
16:32:14.637 [pool-2-thread-34] DEBUG org.apache.http.headers -- http-outgoing-98 << Content-Length: 604
16:32:14.637 [pool-2-thread-34] DEBUG org.apache.http.headers -- http-outgoing-98 << ETag: W/"25c-sbs17nJu4B5vKZ3pnP5WfZQHKPc"
16:32:14.637 [pool-2-thread-34] DEBUG org.apache.http.headers -- http-outgoing-98 << Date: Tue, 24 Jun 2025 09:32:14 GMT
16:32:14.637 [pool-2-thread-34] DEBUG org.apache.http.headers -- http-outgoing-98 << Connection: keep-alive
16:32:14.637 [pool-2-thread-34] DEBUG org.apache.http.headers -- http-outgoing-98 << Keep-Alive: timeout=5
16:32:14.637 [pool-2-thread-34] DEBUG org.apache.http.impl.execchain.MainClientExec -- Connection can be kept alive for 5000 MILLISECONDS
16:32:14.637 [pool-2-thread-34] DEBUG org.apache.http.impl.conn.PoolingHttpClientConnectionManager -- Connection [id: 98][route: {}->http://localhost:3000] can be kept alive for 5.0 seconds
16:32:14.637 [pool-2-thread-34] DEBUG org.apache.http.impl.conn.DefaultManagedHttpClientConnection -- http-outgoing-98: set socket timeout to 0
16:32:14.637 [pool-2-thread-34] DEBUG org.apache.http.impl.conn.PoolingHttpClientConnectionManager -- Connection released: [id: 98][route: {}->http://localhost:3000][total available: 1; route allocated: 1 of 5; total allocated: 1 of 10]
16:32:14.637 [pool-2-thread-34] DEBUG org.apache.http.impl.conn.PoolingHttpClientConnectionManager -- Connection manager is shutting down
16:32:14.637 [pool-2-thread-34] DEBUG org.apache.http.impl.conn.DefaultManagedHttpClientConnection -- http-outgoing-98: Close connection
16:32:14.637 [pool-2-thread-34] DEBUG org.apache.http.impl.conn.PoolingHttpClientConnectionManager -- Connection manager shut down
16:32:14.637 [pool-2-thread-34] DEBUG com.intuit.karate -- response time in milliseconds: 4759
1 < 200
1 < X-Powered-By: Express
1 < Access-Control-Allow-Origin: *
1 < Content-Type: application/json; charset=utf-8
1 < Content-Length: 604
1 < ETag: W/"25c-sbs17nJu4B5vKZ3pnP5WfZQHKPc"
1 < Date: Tue, 24 Jun 2025 09:32:14 GMT
1 < Connection: keep-alive
1 < Keep-Alive: timeout=5
{"access_token":"eyJhbGciOiJIUzI1NiIsInR5cCI6IkpXVCJ9.eyJzdWIiOiJkZjZmMDkxOS1hMjNkLTQ0YzktYTkyNS00ZWE4YmU1MjVkMTAiLCJ1c2VybmFtZSI6ImpvaG5kb2UyMyIsInJvbGUiOjAsImlhdCI6MTc1MDc1NzUzMywiZXhwIjoxNzUwNzYxMTMzfQ.mC6hjdNz-qEwksenRIrh7LzVgJXcrb46LMnby8RVxXE","refresh_token":"f21c21e597cd39a7421f214fa56f907d5747166a10bc246785d0eae78122a3c1","user":{"id":"df6f0919-a23d-44c9-a925-4ea8be525d10","email":"testit@gmail.com","username":"johndoe23","name":"John Doe","phoneNumber":"0123456788","profilePic":null,"bio":null,"private":false,"verified":false,"role":0,"followersCount":0,"followingCount":0,"postCount":0}}

16:32:14.637 [pool-2-thread-11] DEBUG org.apache.http.wire -- http-outgoing-95 << "HTTP/1.1 200 OK[\r][\n]"
16:32:14.637 [pool-2-thread-11] DEBUG org.apache.http.wire -- http-outgoing-95 << "X-Powered-By: Express[\r][\n]"
16:32:14.637 [pool-2-thread-11] DEBUG org.apache.http.wire -- http-outgoing-95 << "Access-Control-Allow-Origin: *[\r][\n]"
16:32:14.637 [pool-2-thread-11] DEBUG org.apache.http.wire -- http-outgoing-95 << "Content-Type: application/json; charset=utf-8[\r][\n]"
16:32:14.637 [pool-2-thread-11] DEBUG org.apache.http.wire -- http-outgoing-95 << "Content-Length: 607[\r][\n]"
16:32:14.637 [pool-2-thread-11] DEBUG org.apache.http.wire -- http-outgoing-95 << "ETag: W/"25f-EHxTJF8tBv8N4vcIsZ7WKd3mj04"[\r][\n]"
16:32:14.637 [pool-2-thread-11] DEBUG org.apache.http.wire -- http-outgoing-95 << "Date: Tue, 24 Jun 2025 09:32:14 GMT[\r][\n]"
16:32:14.637 [pool-2-thread-11] DEBUG org.apache.http.wire -- http-outgoing-95 << "Connection: keep-alive[\r][\n]"
16:32:14.637 [pool-2-thread-11] DEBUG org.apache.http.wire -- http-outgoing-95 << "Keep-Alive: timeout=5[\r][\n]"
16:32:14.637 [pool-2-thread-11] DEBUG org.apache.http.wire -- http-outgoing-95 << "[\r][\n]"
16:32:14.637 [pool-2-thread-11] DEBUG org.apache.http.wire -- http-outgoing-95 << "{"access_token":"eyJhbGciOiJIUzI1NiIsInR5cCI6IkpXVCJ9.eyJzdWIiOiI5YTI2OTc2Yy0xNTMyLTRkZjMtYTE2ZS03NjMxNTI1Yzg1MDIiLCJ1c2VybmFtZSI6ImpvaG5kb2UyZDUiLCJyb2xlIjowLCJpYXQiOjE3NTA3NTc1MzMsImV4cCI6MTc1MDc2MTEzM30.FfSvANDzy6ACv01muowks4ZCHOmMiP56CRzkT6rzHN8","refresh_token":"ef60b4545348714485b474e8d8d742f807e9285b4a2853ee78dfdabbfa114061","user":{"id":"9a26976c-1532-4df3-a16e-7631525c8502","email":"testit4@gmail.com","username":"johndoe2d5","name":"John Doe","phoneNumber":"0123456212","profilePic":null,"bio":null,"private":false,"verified":false,"role":0,"followersCount":0,"followingCount":0,"postCount":0}}"
16:32:14.637 [pool-2-thread-11] DEBUG org.apache.http.headers -- http-outgoing-95 << HTTP/1.1 200 OK
16:32:14.637 [pool-2-thread-11] DEBUG org.apache.http.headers -- http-outgoing-95 << X-Powered-By: Express
16:32:14.637 [pool-2-thread-11] DEBUG org.apache.http.headers -- http-outgoing-95 << Access-Control-Allow-Origin: *
16:32:14.637 [pool-2-thread-11] DEBUG org.apache.http.headers -- http-outgoing-95 << Content-Type: application/json; charset=utf-8
16:32:14.637 [pool-2-thread-11] DEBUG org.apache.http.headers -- http-outgoing-95 << Content-Length: 607
16:32:14.637 [pool-2-thread-11] DEBUG org.apache.http.headers -- http-outgoing-95 << ETag: W/"25f-EHxTJF8tBv8N4vcIsZ7WKd3mj04"
16:32:14.637 [pool-2-thread-11] DEBUG org.apache.http.headers -- http-outgoing-95 << Date: Tue, 24 Jun 2025 09:32:14 GMT
16:32:14.637 [pool-2-thread-11] DEBUG org.apache.http.headers -- http-outgoing-95 << Connection: keep-alive
16:32:14.637 [pool-2-thread-11] DEBUG org.apache.http.headers -- http-outgoing-95 << Keep-Alive: timeout=5
16:32:14.637 [pool-2-thread-11] DEBUG org.apache.http.impl.execchain.MainClientExec -- Connection can be kept alive for 5000 MILLISECONDS
16:32:14.637 [pool-2-thread-11] DEBUG org.apache.http.impl.conn.PoolingHttpClientConnectionManager -- Connection [id: 95][route: {}->http://localhost:3000] can be kept alive for 5.0 seconds
16:32:14.637 [pool-2-thread-11] DEBUG org.apache.http.impl.conn.DefaultManagedHttpClientConnection -- http-outgoing-95: set socket timeout to 0
16:32:14.637 [pool-2-thread-11] DEBUG org.apache.http.impl.conn.PoolingHttpClientConnectionManager -- Connection released: [id: 95][route: {}->http://localhost:3000][total available: 1; route allocated: 1 of 5; total allocated: 1 of 10]
16:32:14.637 [pool-2-thread-11] DEBUG org.apache.http.impl.conn.PoolingHttpClientConnectionManager -- Connection manager is shutting down
16:32:14.637 [pool-2-thread-11] DEBUG org.apache.http.impl.conn.DefaultManagedHttpClientConnection -- http-outgoing-95: Close connection
16:32:14.637 [pool-2-thread-11] DEBUG org.apache.http.impl.conn.PoolingHttpClientConnectionManager -- Connection manager shut down
16:32:14.637 [pool-2-thread-23] INFO com.intuit.karate -- [print] 50-thread call completed, status: 200 
16:32:14.637 [pool-2-thread-34] INFO com.intuit.karate -- [print] 50-thread call completed, status: 200 
16:32:14.638 [pool-2-thread-11] DEBUG com.intuit.karate -- response time in milliseconds: 5859
1 < 200
1 < X-Powered-By: Express
1 < Access-Control-Allow-Origin: *
1 < Content-Type: application/json; charset=utf-8
1 < Content-Length: 607
1 < ETag: W/"25f-EHxTJF8tBv8N4vcIsZ7WKd3mj04"
1 < Date: Tue, 24 Jun 2025 09:32:14 GMT
1 < Connection: keep-alive
1 < Keep-Alive: timeout=5
{"access_token":"eyJhbGciOiJIUzI1NiIsInR5cCI6IkpXVCJ9.eyJzdWIiOiI5YTI2OTc2Yy0xNTMyLTRkZjMtYTE2ZS03NjMxNTI1Yzg1MDIiLCJ1c2VybmFtZSI6ImpvaG5kb2UyZDUiLCJyb2xlIjowLCJpYXQiOjE3NTA3NTc1MzMsImV4cCI6MTc1MDc2MTEzM30.FfSvANDzy6ACv01muowks4ZCHOmMiP56CRzkT6rzHN8","refresh_token":"ef60b4545348714485b474e8d8d742f807e9285b4a2853ee78dfdabbfa114061","user":{"id":"9a26976c-1532-4df3-a16e-7631525c8502","email":"testit4@gmail.com","username":"johndoe2d5","name":"John Doe","phoneNumber":"0123456212","profilePic":null,"bio":null,"private":false,"verified":false,"role":0,"followersCount":0,"followingCount":0,"postCount":0}}

16:32:14.638 [pool-2-thread-11] INFO com.intuit.karate -- [print] 50-thread call completed, status: 200 
16:32:14.662 [pool-2-thread-3] DEBUG org.apache.http.wire -- http-outgoing-57 << "HTTP/1.1 200 OK[\r][\n]"
16:32:14.662 [pool-2-thread-3] DEBUG org.apache.http.wire -- http-outgoing-57 << "X-Powered-By: Express[\r][\n]"
16:32:14.662 [pool-2-thread-3] DEBUG org.apache.http.wire -- http-outgoing-57 << "Access-Control-Allow-Origin: *[\r][\n]"
16:32:14.662 [pool-2-thread-3] DEBUG org.apache.http.wire -- http-outgoing-57 << "Content-Type: application/json; charset=utf-8[\r][\n]"
16:32:14.662 [pool-2-thread-3] DEBUG org.apache.http.wire -- http-outgoing-57 << "Content-Length: 609[\r][\n]"
16:32:14.662 [pool-2-thread-3] DEBUG org.apache.http.wire -- http-outgoing-57 << "ETag: W/"261-Hsh3yP5SyE3fStZU3GK37+6L0o4"[\r][\n]"
16:32:14.662 [pool-2-thread-3] DEBUG org.apache.http.wire -- http-outgoing-57 << "Date: Tue, 24 Jun 2025 09:32:14 GMT[\r][\n]"
16:32:14.662 [pool-2-thread-3] DEBUG org.apache.http.wire -- http-outgoing-57 << "Connection: keep-alive[\r][\n]"
16:32:14.662 [pool-2-thread-3] DEBUG org.apache.http.wire -- http-outgoing-57 << "Keep-Alive: timeout=5[\r][\n]"
16:32:14.662 [pool-2-thread-3] DEBUG org.apache.http.wire -- http-outgoing-57 << "[\r][\n]"
16:32:14.662 [pool-2-thread-3] DEBUG org.apache.http.wire -- http-outgoing-57 << "{"access_token":"eyJhbGciOiJIUzI1NiIsInR5cCI6IkpXVCJ9.eyJzdWIiOiIyNzJmNmI1NS01MTc5LTRhZTMtODU2My1iNGVjMTBmNzY3MTUiLCJ1c2VybmFtZSI6ImpvaG5kb2UyZDVkIiwicm9sZSI6MCwiaWF0IjoxNzUwNzU3NTMzLCJleHAiOjE3NTA3NjExMzN9.aEsCure7DHxgm45U4s58TpB8xvL5psFKLCcyt03hSnY","refresh_token":"401706ddccd2661bfa8096cecae59f7050ec851be0619626b90462b38d1c8075","user":{"id":"272f6b55-5179-4ae3-8563-b4ec10f76715","email":"testit5@gmail.com","username":"johndoe2d5d","name":"John Doe","phoneNumber":"0123456132","profilePic":null,"bio":null,"private":false,"verified":false,"role":0,"followersCount":0,"followingCount":0,"postCount":0}}"
16:32:14.662 [pool-2-thread-3] DEBUG org.apache.http.headers -- http-outgoing-57 << HTTP/1.1 200 OK
16:32:14.662 [pool-2-thread-3] DEBUG org.apache.http.headers -- http-outgoing-57 << X-Powered-By: Express
16:32:14.662 [pool-2-thread-3] DEBUG org.apache.http.headers -- http-outgoing-57 << Access-Control-Allow-Origin: *
16:32:14.662 [pool-2-thread-3] DEBUG org.apache.http.headers -- http-outgoing-57 << Content-Type: application/json; charset=utf-8
16:32:14.662 [pool-2-thread-3] DEBUG org.apache.http.headers -- http-outgoing-57 << Content-Length: 609
16:32:14.662 [pool-2-thread-3] DEBUG org.apache.http.headers -- http-outgoing-57 << ETag: W/"261-Hsh3yP5SyE3fStZU3GK37+6L0o4"
16:32:14.662 [pool-2-thread-3] DEBUG org.apache.http.headers -- http-outgoing-57 << Date: Tue, 24 Jun 2025 09:32:14 GMT
16:32:14.662 [pool-2-thread-3] DEBUG org.apache.http.headers -- http-outgoing-57 << Connection: keep-alive
16:32:14.662 [pool-2-thread-3] DEBUG org.apache.http.headers -- http-outgoing-57 << Keep-Alive: timeout=5
16:32:14.662 [pool-2-thread-3] DEBUG org.apache.http.impl.execchain.MainClientExec -- Connection can be kept alive for 5000 MILLISECONDS
16:32:14.662 [pool-2-thread-3] DEBUG org.apache.http.impl.conn.PoolingHttpClientConnectionManager -- Connection [id: 57][route: {}->http://localhost:3000] can be kept alive for 5.0 seconds
16:32:14.662 [pool-2-thread-3] DEBUG org.apache.http.impl.conn.DefaultManagedHttpClientConnection -- http-outgoing-57: set socket timeout to 0
16:32:14.662 [pool-2-thread-3] DEBUG org.apache.http.impl.conn.PoolingHttpClientConnectionManager -- Connection released: [id: 57][route: {}->http://localhost:3000][total available: 1; route allocated: 1 of 5; total allocated: 1 of 10]
16:32:14.662 [pool-2-thread-3] DEBUG org.apache.http.impl.conn.PoolingHttpClientConnectionManager -- Connection manager is shutting down
16:32:14.662 [pool-2-thread-3] DEBUG org.apache.http.impl.conn.DefaultManagedHttpClientConnection -- http-outgoing-57: Close connection
16:32:14.662 [pool-2-thread-3] DEBUG org.apache.http.impl.conn.PoolingHttpClientConnectionManager -- Connection manager shut down
16:32:14.662 [pool-2-thread-3] DEBUG com.intuit.karate -- response time in milliseconds: 11870
1 < 200
1 < X-Powered-By: Express
1 < Access-Control-Allow-Origin: *
1 < Content-Type: application/json; charset=utf-8
1 < Content-Length: 609
1 < ETag: W/"261-Hsh3yP5SyE3fStZU3GK37+6L0o4"
1 < Date: Tue, 24 Jun 2025 09:32:14 GMT
1 < Connection: keep-alive
1 < Keep-Alive: timeout=5
{"access_token":"eyJhbGciOiJIUzI1NiIsInR5cCI6IkpXVCJ9.eyJzdWIiOiIyNzJmNmI1NS01MTc5LTRhZTMtODU2My1iNGVjMTBmNzY3MTUiLCJ1c2VybmFtZSI6ImpvaG5kb2UyZDVkIiwicm9sZSI6MCwiaWF0IjoxNzUwNzU3NTMzLCJleHAiOjE3NTA3NjExMzN9.aEsCure7DHxgm45U4s58TpB8xvL5psFKLCcyt03hSnY","refresh_token":"401706ddccd2661bfa8096cecae59f7050ec851be0619626b90462b38d1c8075","user":{"id":"272f6b55-5179-4ae3-8563-b4ec10f76715","email":"testit5@gmail.com","username":"johndoe2d5d","name":"John Doe","phoneNumber":"0123456132","profilePic":null,"bio":null,"private":false,"verified":false,"role":0,"followersCount":0,"followingCount":0,"postCount":0}}

16:32:14.663 [pool-2-thread-3] INFO com.intuit.karate -- [print] 50-thread call completed, status: 200 
16:32:14.665 [pool-2-thread-36] DEBUG org.apache.http.wire -- http-outgoing-54 << "HTTP/1.1 200 OK[\r][\n]"
16:32:14.665 [pool-2-thread-36] DEBUG org.apache.http.wire -- http-outgoing-54 << "X-Powered-By: Express[\r][\n]"
16:32:14.665 [pool-2-thread-36] DEBUG org.apache.http.wire -- http-outgoing-54 << "Access-Control-Allow-Origin: *[\r][\n]"
16:32:14.665 [pool-2-thread-36] DEBUG org.apache.http.wire -- http-outgoing-54 << "Content-Type: application/json; charset=utf-8[\r][\n]"
16:32:14.665 [pool-2-thread-36] DEBUG org.apache.http.wire -- http-outgoing-54 << "Content-Length: 608[\r][\n]"
16:32:14.665 [pool-2-thread-36] DEBUG org.apache.http.wire -- http-outgoing-54 << "ETag: W/"260-93HOfOOflr0V1EIVc3b6rqltEK8"[\r][\n]"
16:32:14.665 [pool-2-thread-36] DEBUG org.apache.http.wire -- http-outgoing-54 << "Date: Tue, 24 Jun 2025 09:32:14 GMT[\r][\n]"
16:32:14.665 [pool-2-thread-36] DEBUG org.apache.http.wire -- http-outgoing-54 << "Connection: keep-alive[\r][\n]"
16:32:14.665 [pool-2-thread-36] DEBUG org.apache.http.wire -- http-outgoing-54 << "Keep-Alive: timeout=5[\r][\n]"
16:32:14.665 [pool-2-thread-36] DEBUG org.apache.http.wire -- http-outgoing-54 << "[\r][\n]"
16:32:14.665 [pool-2-thread-36] DEBUG org.apache.http.wire -- http-outgoing-54 << "{"access_token":"eyJhbGciOiJIUzI1NiIsInR5cCI6IkpXVCJ9.eyJzdWIiOiI4YTI0NzQ2MS01YzA0LTQyMWQtOThmNS1mYTljNzM0ZmFlYTUiLCJ1c2VybmFtZSI6ImphbmVzbWl0aCIsInJvbGUiOjAsImlhdCI6MTc1MDc1NzUzMywiZXhwIjoxNzUwNzYxMTMzfQ.FyBYVu5SxxuZynIX0eHy5oMADKE-ybF1AoP01dk74e4","refresh_token":"8b46113c8379b223400529c28fcf3c55db3b7e5a43e4728c36b923c8fe586a1c","user":{"id":"8a247461-5c04-421d-98f5-fa9c734faea5","email":"test2@example.com","username":"janesmith","name":"Jane Smith","phoneNumber":"01234567890","profilePic":null,"bio":null,"private":false,"verified":false,"role":0,"followersCount":0,"followingCount":0,"postCount":0}}"
16:32:14.665 [pool-2-thread-36] DEBUG org.apache.http.headers -- http-outgoing-54 << HTTP/1.1 200 OK
16:32:14.665 [pool-2-thread-36] DEBUG org.apache.http.headers -- http-outgoing-54 << X-Powered-By: Express
16:32:14.665 [pool-2-thread-36] DEBUG org.apache.http.headers -- http-outgoing-54 << Access-Control-Allow-Origin: *
16:32:14.665 [pool-2-thread-36] DEBUG org.apache.http.headers -- http-outgoing-54 << Content-Type: application/json; charset=utf-8
16:32:14.665 [pool-2-thread-36] DEBUG org.apache.http.headers -- http-outgoing-54 << Content-Length: 608
16:32:14.665 [pool-2-thread-36] DEBUG org.apache.http.headers -- http-outgoing-54 << ETag: W/"260-93HOfOOflr0V1EIVc3b6rqltEK8"
16:32:14.665 [pool-2-thread-36] DEBUG org.apache.http.headers -- http-outgoing-54 << Date: Tue, 24 Jun 2025 09:32:14 GMT
16:32:14.665 [pool-2-thread-36] DEBUG org.apache.http.headers -- http-outgoing-54 << Connection: keep-alive
16:32:14.665 [pool-2-thread-36] DEBUG org.apache.http.headers -- http-outgoing-54 << Keep-Alive: timeout=5
16:32:14.665 [pool-2-thread-36] DEBUG org.apache.http.impl.execchain.MainClientExec -- Connection can be kept alive for 5000 MILLISECONDS
16:32:14.665 [pool-2-thread-36] DEBUG org.apache.http.impl.conn.PoolingHttpClientConnectionManager -- Connection [id: 54][route: {}->http://localhost:3000] can be kept alive for 5.0 seconds
16:32:14.665 [pool-2-thread-36] DEBUG org.apache.http.impl.conn.DefaultManagedHttpClientConnection -- http-outgoing-54: set socket timeout to 0
16:32:14.665 [pool-2-thread-36] DEBUG org.apache.http.impl.conn.PoolingHttpClientConnectionManager -- Connection released: [id: 54][route: {}->http://localhost:3000][total available: 1; route allocated: 1 of 5; total allocated: 1 of 10]
16:32:14.665 [pool-2-thread-36] DEBUG org.apache.http.impl.conn.PoolingHttpClientConnectionManager -- Connection manager is shutting down
16:32:14.665 [pool-2-thread-36] DEBUG org.apache.http.impl.conn.DefaultManagedHttpClientConnection -- http-outgoing-54: Close connection
16:32:14.665 [pool-2-thread-36] DEBUG org.apache.http.impl.conn.PoolingHttpClientConnectionManager -- Connection manager shut down
16:32:14.665 [pool-2-thread-36] DEBUG com.intuit.karate -- response time in milliseconds: 13023
1 < 200
1 < X-Powered-By: Express
1 < Access-Control-Allow-Origin: *
1 < Content-Type: application/json; charset=utf-8
1 < Content-Length: 608
1 < ETag: W/"260-93HOfOOflr0V1EIVc3b6rqltEK8"
1 < Date: Tue, 24 Jun 2025 09:32:14 GMT
1 < Connection: keep-alive
1 < Keep-Alive: timeout=5
{"access_token":"eyJhbGciOiJIUzI1NiIsInR5cCI6IkpXVCJ9.eyJzdWIiOiI4YTI0NzQ2MS01YzA0LTQyMWQtOThmNS1mYTljNzM0ZmFlYTUiLCJ1c2VybmFtZSI6ImphbmVzbWl0aCIsInJvbGUiOjAsImlhdCI6MTc1MDc1NzUzMywiZXhwIjoxNzUwNzYxMTMzfQ.FyBYVu5SxxuZynIX0eHy5oMADKE-ybF1AoP01dk74e4","refresh_token":"8b46113c8379b223400529c28fcf3c55db3b7e5a43e4728c36b923c8fe586a1c","user":{"id":"8a247461-5c04-421d-98f5-fa9c734faea5","email":"test2@example.com","username":"janesmith","name":"Jane Smith","phoneNumber":"01234567890","profilePic":null,"bio":null,"private":false,"verified":false,"role":0,"followersCount":0,"followingCount":0,"postCount":0}}

16:32:14.667 [pool-2-thread-36] INFO com.intuit.karate -- [print] 50-thread call completed, status: 200 
16:32:14.699 [pool-2-thread-7] DEBUG org.apache.http.wire -- http-outgoing-96 << "HTTP/1.1 200 OK[\r][\n]"
16:32:14.699 [pool-2-thread-7] DEBUG org.apache.http.wire -- http-outgoing-96 << "X-Powered-By: Express[\r][\n]"
16:32:14.699 [pool-2-thread-7] DEBUG org.apache.http.wire -- http-outgoing-96 << "Access-Control-Allow-Origin: *[\r][\n]"
16:32:14.699 [pool-2-thread-7] DEBUG org.apache.http.wire -- http-outgoing-96 << "Content-Type: application/json; charset=utf-8[\r][\n]"
16:32:14.699 [pool-2-thread-7] DEBUG org.apache.http.wire -- http-outgoing-96 << "Content-Length: 605[\r][\n]"
16:32:14.699 [pool-2-thread-7] DEBUG org.apache.http.wire -- http-outgoing-96 << "ETag: W/"25d-i0KqJsLChU3syeONo0GhGRich0A"[\r][\n]"
16:32:14.699 [pool-2-thread-7] DEBUG org.apache.http.wire -- http-outgoing-96 << "Date: Tue, 24 Jun 2025 09:32:14 GMT[\r][\n]"
16:32:14.699 [pool-2-thread-7] DEBUG org.apache.http.wire -- http-outgoing-96 << "Connection: keep-alive[\r][\n]"
16:32:14.699 [pool-2-thread-7] DEBUG org.apache.http.wire -- http-outgoing-96 << "Keep-Alive: timeout=5[\r][\n]"
16:32:14.699 [pool-2-thread-7] DEBUG org.apache.http.wire -- http-outgoing-96 << "[\r][\n]"
16:32:14.699 [pool-2-thread-7] DEBUG org.apache.http.wire -- http-outgoing-96 << "{"access_token":"eyJhbGciOiJIUzI1NiIsInR5cCI6IkpXVCJ9.eyJzdWIiOiI2NTBjZTFlZC1hYWNhLTQzOGYtOTk4OC0xZjA1OGFiNWFhMWEiLCJ1c2VybmFtZSI6ImpvaG5kb2UyNSIsInJvbGUiOjAsImlhdCI6MTc1MDc1NzUzNCwiZXhwIjoxNzUwNzYxMTM0fQ.6HtJb8I1iolZA9WoGehI6ygAvfORdM17skqNEig5PL8","refresh_token":"e81b3b0caa0b59daeb073ec62477653a499114afec1a45f6de4b47495870cebd","user":{"id":"650ce1ed-aaca-438f-9988-1f058ab5aa1a","email":"testit3@gmail.com","username":"johndoe25","name":"John Doe","phoneNumber":"0123456713","profilePic":null,"bio":null,"private":false,"verified":false,"role":0,"followersCount":0,"followingCount":0,"postCount":0}}"
16:32:14.699 [pool-2-thread-7] DEBUG org.apache.http.headers -- http-outgoing-96 << HTTP/1.1 200 OK
16:32:14.699 [pool-2-thread-7] DEBUG org.apache.http.headers -- http-outgoing-96 << X-Powered-By: Express
16:32:14.699 [pool-2-thread-7] DEBUG org.apache.http.headers -- http-outgoing-96 << Access-Control-Allow-Origin: *
16:32:14.699 [pool-2-thread-7] DEBUG org.apache.http.headers -- http-outgoing-96 << Content-Type: application/json; charset=utf-8
16:32:14.699 [pool-2-thread-7] DEBUG org.apache.http.headers -- http-outgoing-96 << Content-Length: 605
16:32:14.699 [pool-2-thread-7] DEBUG org.apache.http.headers -- http-outgoing-96 << ETag: W/"25d-i0KqJsLChU3syeONo0GhGRich0A"
16:32:14.699 [pool-2-thread-7] DEBUG org.apache.http.headers -- http-outgoing-96 << Date: Tue, 24 Jun 2025 09:32:14 GMT
16:32:14.699 [pool-2-thread-7] DEBUG org.apache.http.headers -- http-outgoing-96 << Connection: keep-alive
16:32:14.699 [pool-2-thread-7] DEBUG org.apache.http.headers -- http-outgoing-96 << Keep-Alive: timeout=5
16:32:14.699 [pool-2-thread-7] DEBUG org.apache.http.impl.execchain.MainClientExec -- Connection can be kept alive for 5000 MILLISECONDS
16:32:14.699 [pool-2-thread-7] DEBUG org.apache.http.impl.conn.PoolingHttpClientConnectionManager -- Connection [id: 96][route: {}->http://localhost:3000] can be kept alive for 5.0 seconds
16:32:14.699 [pool-2-thread-7] DEBUG org.apache.http.impl.conn.DefaultManagedHttpClientConnection -- http-outgoing-96: set socket timeout to 0
16:32:14.699 [pool-2-thread-7] DEBUG org.apache.http.impl.conn.PoolingHttpClientConnectionManager -- Connection released: [id: 96][route: {}->http://localhost:3000][total available: 1; route allocated: 1 of 5; total allocated: 1 of 10]
16:32:14.699 [pool-2-thread-7] DEBUG org.apache.http.impl.conn.PoolingHttpClientConnectionManager -- Connection manager is shutting down
16:32:14.699 [pool-2-thread-7] DEBUG org.apache.http.impl.conn.DefaultManagedHttpClientConnection -- http-outgoing-96: Close connection
16:32:14.699 [pool-2-thread-7] DEBUG org.apache.http.impl.conn.PoolingHttpClientConnectionManager -- Connection manager shut down
16:32:14.699 [pool-2-thread-7] DEBUG com.intuit.karate -- response time in milliseconds: 4927
1 < 200
1 < X-Powered-By: Express
1 < Access-Control-Allow-Origin: *
1 < Content-Type: application/json; charset=utf-8
1 < Content-Length: 605
1 < ETag: W/"25d-i0KqJsLChU3syeONo0GhGRich0A"
1 < Date: Tue, 24 Jun 2025 09:32:14 GMT
1 < Connection: keep-alive
1 < Keep-Alive: timeout=5
{"access_token":"eyJhbGciOiJIUzI1NiIsInR5cCI6IkpXVCJ9.eyJzdWIiOiI2NTBjZTFlZC1hYWNhLTQzOGYtOTk4OC0xZjA1OGFiNWFhMWEiLCJ1c2VybmFtZSI6ImpvaG5kb2UyNSIsInJvbGUiOjAsImlhdCI6MTc1MDc1NzUzNCwiZXhwIjoxNzUwNzYxMTM0fQ.6HtJb8I1iolZA9WoGehI6ygAvfORdM17skqNEig5PL8","refresh_token":"e81b3b0caa0b59daeb073ec62477653a499114afec1a45f6de4b47495870cebd","user":{"id":"650ce1ed-aaca-438f-9988-1f058ab5aa1a","email":"testit3@gmail.com","username":"johndoe25","name":"John Doe","phoneNumber":"0123456713","profilePic":null,"bio":null,"private":false,"verified":false,"role":0,"followersCount":0,"followingCount":0,"postCount":0}}

16:32:14.700 [pool-2-thread-7] INFO com.intuit.karate -- [print] 50-thread call completed, status: 200 
16:32:14.717 [pool-2-thread-33] DEBUG org.apache.http.wire -- http-outgoing-53 << "HTTP/1.1 200 OK[\r][\n]"
16:32:14.717 [pool-2-thread-33] DEBUG org.apache.http.wire -- http-outgoing-53 << "X-Powered-By: Express[\r][\n]"
16:32:14.717 [pool-2-thread-33] DEBUG org.apache.http.wire -- http-outgoing-53 << "Access-Control-Allow-Origin: *[\r][\n]"
16:32:14.717 [pool-2-thread-33] DEBUG org.apache.http.wire -- http-outgoing-53 << "Content-Type: application/json; charset=utf-8[\r][\n]"
16:32:14.717 [pool-2-thread-33] DEBUG org.apache.http.wire -- http-outgoing-53 << "Content-Length: 715[\r][\n]"
16:32:14.717 [pool-2-thread-33] DEBUG org.apache.http.wire -- http-outgoing-53 << "ETag: W/"2cb-Oe6gsXr5PTR3urzcpPcZOSLDrl4"[\r][\n]"
16:32:14.717 [pool-2-thread-33] DEBUG org.apache.http.wire -- http-outgoing-53 << "Date: Tue, 24 Jun 2025 09:32:14 GMT[\r][\n]"
16:32:14.717 [pool-2-thread-33] DEBUG org.apache.http.wire -- http-outgoing-53 << "Connection: keep-alive[\r][\n]"
16:32:14.717 [pool-2-thread-33] DEBUG org.apache.http.wire -- http-outgoing-53 << "Keep-Alive: timeout=5[\r][\n]"
16:32:14.717 [pool-2-thread-33] DEBUG org.apache.http.wire -- http-outgoing-53 << "[\r][\n]"
16:32:14.717 [pool-2-thread-33] DEBUG org.apache.http.wire -- http-outgoing-53 << "{"access_token":"eyJhbGciOiJIUzI1NiIsInR5cCI6IkpXVCJ9.eyJzdWIiOiIyYjg0YWEyNC02NjhhLTQwZTItYWYxYy1hZDRmYzRmYTVhNmYiLCJ1c2VybmFtZSI6InF1YW5nMSIsInJvbGUiOjAsImlhdCI6MTc1MDc1NzUzNCwiZXhwIjoxNzUwNzYxMTM0fQ.kQ2-iGXFMLXheNiwXO6J6pwKecbI8xsz76kC0U84b9c","refresh_token":"650bd8a373ab8491bfde1338a263e00d086a1aabc6301344eda6f0bf339e385d","user":{"id":"2b84aa24-668a-40e2-af1c-ad4fc4fa5a6f","email":"quang1@gmail.com","username":"quang1","name":"quang1","phoneNumber":"09874563210","profilePic":"https://res.cloudinary.com/dizcvrefo/image/upload/v1749027586/nestjs_uploads/xehairydt9rzlbmbmv4c.jpg","bio":"Thang Nam Lao Vua Thoi","private":false,"verified":false,"role":0,"followersCount":2,"followingCount":3,"postCount":2}}"
16:32:14.717 [pool-2-thread-33] DEBUG org.apache.http.headers -- http-outgoing-53 << HTTP/1.1 200 OK
16:32:14.717 [pool-2-thread-33] DEBUG org.apache.http.headers -- http-outgoing-53 << X-Powered-By: Express
16:32:14.717 [pool-2-thread-33] DEBUG org.apache.http.headers -- http-outgoing-53 << Access-Control-Allow-Origin: *
16:32:14.717 [pool-2-thread-33] DEBUG org.apache.http.headers -- http-outgoing-53 << Content-Type: application/json; charset=utf-8
16:32:14.717 [pool-2-thread-33] DEBUG org.apache.http.headers -- http-outgoing-53 << Content-Length: 715
16:32:14.717 [pool-2-thread-33] DEBUG org.apache.http.headers -- http-outgoing-53 << ETag: W/"2cb-Oe6gsXr5PTR3urzcpPcZOSLDrl4"
16:32:14.717 [pool-2-thread-33] DEBUG org.apache.http.headers -- http-outgoing-53 << Date: Tue, 24 Jun 2025 09:32:14 GMT
16:32:14.717 [pool-2-thread-33] DEBUG org.apache.http.headers -- http-outgoing-53 << Connection: keep-alive
16:32:14.717 [pool-2-thread-33] DEBUG org.apache.http.headers -- http-outgoing-53 << Keep-Alive: timeout=5
16:32:14.717 [pool-2-thread-33] DEBUG org.apache.http.impl.execchain.MainClientExec -- Connection can be kept alive for 5000 MILLISECONDS
16:32:14.717 [pool-2-thread-33] DEBUG org.apache.http.impl.conn.PoolingHttpClientConnectionManager -- Connection [id: 53][route: {}->http://localhost:3000] can be kept alive for 5.0 seconds
16:32:14.717 [pool-2-thread-33] DEBUG org.apache.http.impl.conn.DefaultManagedHttpClientConnection -- http-outgoing-53: set socket timeout to 0
16:32:14.717 [pool-2-thread-33] DEBUG org.apache.http.impl.conn.PoolingHttpClientConnectionManager -- Connection released: [id: 53][route: {}->http://localhost:3000][total available: 1; route allocated: 1 of 5; total allocated: 1 of 10]
16:32:14.717 [pool-2-thread-33] DEBUG org.apache.http.impl.conn.PoolingHttpClientConnectionManager -- Connection manager is shutting down
16:32:14.717 [pool-2-thread-33] DEBUG org.apache.http.impl.conn.DefaultManagedHttpClientConnection -- http-outgoing-53: Close connection
16:32:14.717 [pool-2-thread-33] DEBUG org.apache.http.impl.conn.PoolingHttpClientConnectionManager -- Connection manager shut down
16:32:14.718 [pool-2-thread-33] DEBUG com.intuit.karate -- response time in milliseconds: 13075
1 < 200
1 < X-Powered-By: Express
1 < Access-Control-Allow-Origin: *
1 < Content-Type: application/json; charset=utf-8
1 < Content-Length: 715
1 < ETag: W/"2cb-Oe6gsXr5PTR3urzcpPcZOSLDrl4"
1 < Date: Tue, 24 Jun 2025 09:32:14 GMT
1 < Connection: keep-alive
1 < Keep-Alive: timeout=5
{"access_token":"eyJhbGciOiJIUzI1NiIsInR5cCI6IkpXVCJ9.eyJzdWIiOiIyYjg0YWEyNC02NjhhLTQwZTItYWYxYy1hZDRmYzRmYTVhNmYiLCJ1c2VybmFtZSI6InF1YW5nMSIsInJvbGUiOjAsImlhdCI6MTc1MDc1NzUzNCwiZXhwIjoxNzUwNzYxMTM0fQ.kQ2-iGXFMLXheNiwXO6J6pwKecbI8xsz76kC0U84b9c","refresh_token":"650bd8a373ab8491bfde1338a263e00d086a1aabc6301344eda6f0bf339e385d","user":{"id":"2b84aa24-668a-40e2-af1c-ad4fc4fa5a6f","email":"quang1@gmail.com","username":"quang1","name":"quang1","phoneNumber":"09874563210","profilePic":"https://res.cloudinary.com/dizcvrefo/image/upload/v1749027586/nestjs_uploads/xehairydt9rzlbmbmv4c.jpg","bio":"Thang Nam Lao Vua Thoi","private":false,"verified":false,"role":0,"followersCount":2,"followingCount":3,"postCount":2}}

16:32:14.719 [pool-2-thread-33] INFO com.intuit.karate -- [print] 50-thread call completed, status: 200 
16:32:14.731 [pool-2-thread-29] DEBUG org.apache.http.wire -- http-outgoing-52 << "HTTP/1.1 200 OK[\r][\n]"
16:32:14.731 [pool-2-thread-29] DEBUG org.apache.http.wire -- http-outgoing-52 << "X-Powered-By: Express[\r][\n]"
16:32:14.731 [pool-2-thread-29] DEBUG org.apache.http.wire -- http-outgoing-52 << "Access-Control-Allow-Origin: *[\r][\n]"
16:32:14.731 [pool-2-thread-29] DEBUG org.apache.http.wire -- http-outgoing-52 << "Content-Type: application/json; charset=utf-8[\r][\n]"
16:32:14.731 [pool-2-thread-29] DEBUG org.apache.http.wire -- http-outgoing-52 << "Content-Length: 607[\r][\n]"
16:32:14.731 [pool-2-thread-29] DEBUG org.apache.http.wire -- http-outgoing-52 << "ETag: W/"25f-RD+RGz97akMDCZwA11qw4Rayc/Q"[\r][\n]"
16:32:14.731 [pool-2-thread-29] DEBUG org.apache.http.wire -- http-outgoing-52 << "Date: Tue, 24 Jun 2025 09:32:14 GMT[\r][\n]"
16:32:14.731 [pool-2-thread-29] DEBUG org.apache.http.wire -- http-outgoing-52 << "Connection: keep-alive[\r][\n]"
16:32:14.731 [pool-2-thread-29] DEBUG org.apache.http.wire -- http-outgoing-52 << "Keep-Alive: timeout=5[\r][\n]"
16:32:14.731 [pool-2-thread-29] DEBUG org.apache.http.wire -- http-outgoing-52 << "[\r][\n]"
16:32:14.731 [pool-2-thread-29] DEBUG org.apache.http.wire -- http-outgoing-52 << "{"access_token":"eyJhbGciOiJIUzI1NiIsInR5cCI6IkpXVCJ9.eyJzdWIiOiJjMjE0MjJkZi1jY2VjLTQ0MGUtOWE0Mi1jMWI4MmFiZjczM2QiLCJ1c2VybmFtZSI6ImpvaG5kb2UyOCIsInJvbGUiOjAsImlhdCI6MTc1MDc1NzUzNCwiZXhwIjoxNzUwNzYxMTM0fQ.oqhKqVrGT24Sli43NSI3bbIUAKx8gv_-mHEJGB6BCKw","refresh_token":"5ac155f3125892591f9aa01d642c5ab6a78b4932c2a901a3f1fb322251f24746","user":{"id":"c21422df-ccec-440e-9a42-c1b82abf733d","email":"test28@example.com","username":"johndoe28","name":"John Doe","phoneNumber":"84987654321","profilePic":null,"bio":null,"private":false,"verified":false,"role":0,"followersCount":0,"followingCount":0,"postCount":0}}"
16:32:14.731 [pool-2-thread-29] DEBUG org.apache.http.headers -- http-outgoing-52 << HTTP/1.1 200 OK
16:32:14.731 [pool-2-thread-29] DEBUG org.apache.http.headers -- http-outgoing-52 << X-Powered-By: Express
16:32:14.731 [pool-2-thread-29] DEBUG org.apache.http.headers -- http-outgoing-52 << Access-Control-Allow-Origin: *
16:32:14.731 [pool-2-thread-29] DEBUG org.apache.http.headers -- http-outgoing-52 << Content-Type: application/json; charset=utf-8
16:32:14.731 [pool-2-thread-29] DEBUG org.apache.http.headers -- http-outgoing-52 << Content-Length: 607
16:32:14.731 [pool-2-thread-29] DEBUG org.apache.http.headers -- http-outgoing-52 << ETag: W/"25f-RD+RGz97akMDCZwA11qw4Rayc/Q"
16:32:14.731 [pool-2-thread-29] DEBUG org.apache.http.headers -- http-outgoing-52 << Date: Tue, 24 Jun 2025 09:32:14 GMT
16:32:14.731 [pool-2-thread-29] DEBUG org.apache.http.headers -- http-outgoing-52 << Connection: keep-alive
16:32:14.731 [pool-2-thread-29] DEBUG org.apache.http.headers -- http-outgoing-52 << Keep-Alive: timeout=5
16:32:14.731 [pool-2-thread-29] DEBUG org.apache.http.impl.execchain.MainClientExec -- Connection can be kept alive for 5000 MILLISECONDS
16:32:14.732 [pool-2-thread-29] DEBUG org.apache.http.impl.conn.PoolingHttpClientConnectionManager -- Connection [id: 52][route: {}->http://localhost:3000] can be kept alive for 5.0 seconds
16:32:14.732 [pool-2-thread-29] DEBUG org.apache.http.impl.conn.DefaultManagedHttpClientConnection -- http-outgoing-52: set socket timeout to 0
16:32:14.732 [pool-2-thread-29] DEBUG org.apache.http.impl.conn.PoolingHttpClientConnectionManager -- Connection released: [id: 52][route: {}->http://localhost:3000][total available: 1; route allocated: 1 of 5; total allocated: 1 of 10]
16:32:14.732 [pool-2-thread-29] DEBUG org.apache.http.impl.conn.PoolingHttpClientConnectionManager -- Connection manager is shutting down
16:32:14.732 [pool-2-thread-29] DEBUG org.apache.http.impl.conn.DefaultManagedHttpClientConnection -- http-outgoing-52: Close connection
16:32:14.732 [pool-2-thread-29] DEBUG org.apache.http.impl.conn.PoolingHttpClientConnectionManager -- Connection manager shut down
16:32:14.732 [pool-2-thread-29] DEBUG com.intuit.karate -- response time in milliseconds: 13090
1 < 200
1 < X-Powered-By: Express
1 < Access-Control-Allow-Origin: *
1 < Content-Type: application/json; charset=utf-8
1 < Content-Length: 607
1 < ETag: W/"25f-RD+RGz97akMDCZwA11qw4Rayc/Q"
1 < Date: Tue, 24 Jun 2025 09:32:14 GMT
1 < Connection: keep-alive
1 < Keep-Alive: timeout=5
{"access_token":"eyJhbGciOiJIUzI1NiIsInR5cCI6IkpXVCJ9.eyJzdWIiOiJjMjE0MjJkZi1jY2VjLTQ0MGUtOWE0Mi1jMWI4MmFiZjczM2QiLCJ1c2VybmFtZSI6ImpvaG5kb2UyOCIsInJvbGUiOjAsImlhdCI6MTc1MDc1NzUzNCwiZXhwIjoxNzUwNzYxMTM0fQ.oqhKqVrGT24Sli43NSI3bbIUAKx8gv_-mHEJGB6BCKw","refresh_token":"5ac155f3125892591f9aa01d642c5ab6a78b4932c2a901a3f1fb322251f24746","user":{"id":"c21422df-ccec-440e-9a42-c1b82abf733d","email":"test28@example.com","username":"johndoe28","name":"John Doe","phoneNumber":"84987654321","profilePic":null,"bio":null,"private":false,"verified":false,"role":0,"followersCount":0,"followingCount":0,"postCount":0}}

16:32:14.733 [pool-2-thread-29] INFO com.intuit.karate -- [print] 50-thread call completed, status: 200 
16:32:14.784 [pool-2-thread-39] DEBUG org.apache.http.wire -- http-outgoing-93 << "HTTP/1.1 200 OK[\r][\n]"
16:32:14.784 [pool-2-thread-39] DEBUG org.apache.http.wire -- http-outgoing-93 << "X-Powered-By: Express[\r][\n]"
16:32:14.784 [pool-2-thread-39] DEBUG org.apache.http.wire -- http-outgoing-93 << "Access-Control-Allow-Origin: *[\r][\n]"
16:32:14.784 [pool-2-thread-39] DEBUG org.apache.http.wire -- http-outgoing-93 << "Content-Type: application/json; charset=utf-8[\r][\n]"
16:32:14.784 [pool-2-thread-39] DEBUG org.apache.http.wire -- http-outgoing-93 << "Content-Length: 608[\r][\n]"
16:32:14.784 [pool-2-thread-39] DEBUG org.apache.http.wire -- http-outgoing-93 << "ETag: W/"260-KvyLQjjmygcenR6k0bCLoP19TfI"[\r][\n]"
16:32:14.784 [pool-2-thread-39] DEBUG org.apache.http.wire -- http-outgoing-93 << "Date: Tue, 24 Jun 2025 09:32:14 GMT[\r][\n]"
16:32:14.784 [pool-2-thread-39] DEBUG org.apache.http.wire -- http-outgoing-93 << "Connection: keep-alive[\r][\n]"
16:32:14.784 [pool-2-thread-39] DEBUG org.apache.http.wire -- http-outgoing-93 << "Keep-Alive: timeout=5[\r][\n]"
16:32:14.784 [pool-2-thread-39] DEBUG org.apache.http.wire -- http-outgoing-93 << "[\r][\n]"
16:32:14.784 [pool-2-thread-39] DEBUG org.apache.http.wire -- http-outgoing-93 << "{"access_token":"eyJhbGciOiJIUzI1NiIsInR5cCI6IkpXVCJ9.eyJzdWIiOiI4YTI0NzQ2MS01YzA0LTQyMWQtOThmNS1mYTljNzM0ZmFlYTUiLCJ1c2VybmFtZSI6ImphbmVzbWl0aCIsInJvbGUiOjAsImlhdCI6MTc1MDc1NzUzNCwiZXhwIjoxNzUwNzYxMTM0fQ.E8u05ssUTXmqyvyID5r0F58QeNPieQvb8G5U0LDuuBc","refresh_token":"a65cca77234ee229bea7cb6d475c985bba862da77caf5e185799a77f4237aae6","user":{"id":"8a247461-5c04-421d-98f5-fa9c734faea5","email":"test2@example.com","username":"janesmith","name":"Jane Smith","phoneNumber":"01234567890","profilePic":null,"bio":null,"private":false,"verified":false,"role":0,"followersCount":0,"followingCount":0,"postCount":0}}"
16:32:14.784 [pool-2-thread-39] DEBUG org.apache.http.headers -- http-outgoing-93 << HTTP/1.1 200 OK
16:32:14.784 [pool-2-thread-39] DEBUG org.apache.http.headers -- http-outgoing-93 << X-Powered-By: Express
16:32:14.784 [pool-2-thread-39] DEBUG org.apache.http.headers -- http-outgoing-93 << Access-Control-Allow-Origin: *
16:32:14.784 [pool-2-thread-39] DEBUG org.apache.http.headers -- http-outgoing-93 << Content-Type: application/json; charset=utf-8
16:32:14.784 [pool-2-thread-39] DEBUG org.apache.http.headers -- http-outgoing-93 << Content-Length: 608
16:32:14.784 [pool-2-thread-39] DEBUG org.apache.http.headers -- http-outgoing-93 << ETag: W/"260-KvyLQjjmygcenR6k0bCLoP19TfI"
16:32:14.784 [pool-2-thread-39] DEBUG org.apache.http.headers -- http-outgoing-93 << Date: Tue, 24 Jun 2025 09:32:14 GMT
16:32:14.784 [pool-2-thread-39] DEBUG org.apache.http.headers -- http-outgoing-93 << Connection: keep-alive
16:32:14.784 [pool-2-thread-39] DEBUG org.apache.http.headers -- http-outgoing-93 << Keep-Alive: timeout=5
16:32:14.785 [pool-2-thread-39] DEBUG org.apache.http.impl.execchain.MainClientExec -- Connection can be kept alive for 5000 MILLISECONDS
16:32:14.785 [pool-2-thread-39] DEBUG org.apache.http.impl.conn.PoolingHttpClientConnectionManager -- Connection [id: 93][route: {}->http://localhost:3000] can be kept alive for 5.0 seconds
16:32:14.785 [pool-2-thread-39] DEBUG org.apache.http.impl.conn.DefaultManagedHttpClientConnection -- http-outgoing-93: set socket timeout to 0
16:32:14.785 [pool-2-thread-39] DEBUG org.apache.http.impl.conn.PoolingHttpClientConnectionManager -- Connection released: [id: 93][route: {}->http://localhost:3000][total available: 1; route allocated: 1 of 5; total allocated: 1 of 10]
16:32:14.785 [pool-2-thread-39] DEBUG org.apache.http.impl.conn.PoolingHttpClientConnectionManager -- Connection manager is shutting down
16:32:14.785 [pool-2-thread-39] DEBUG org.apache.http.impl.conn.DefaultManagedHttpClientConnection -- http-outgoing-93: Close connection
16:32:14.785 [pool-2-thread-39] DEBUG org.apache.http.impl.conn.PoolingHttpClientConnectionManager -- Connection manager shut down
16:32:14.785 [pool-2-thread-39] DEBUG com.intuit.karate -- response time in milliseconds: 6040
1 < 200
1 < X-Powered-By: Express
1 < Access-Control-Allow-Origin: *
1 < Content-Type: application/json; charset=utf-8
1 < Content-Length: 608
1 < ETag: W/"260-KvyLQjjmygcenR6k0bCLoP19TfI"
1 < Date: Tue, 24 Jun 2025 09:32:14 GMT
1 < Connection: keep-alive
1 < Keep-Alive: timeout=5
{"access_token":"eyJhbGciOiJIUzI1NiIsInR5cCI6IkpXVCJ9.eyJzdWIiOiI4YTI0NzQ2MS01YzA0LTQyMWQtOThmNS1mYTljNzM0ZmFlYTUiLCJ1c2VybmFtZSI6ImphbmVzbWl0aCIsInJvbGUiOjAsImlhdCI6MTc1MDc1NzUzNCwiZXhwIjoxNzUwNzYxMTM0fQ.E8u05ssUTXmqyvyID5r0F58QeNPieQvb8G5U0LDuuBc","refresh_token":"a65cca77234ee229bea7cb6d475c985bba862da77caf5e185799a77f4237aae6","user":{"id":"8a247461-5c04-421d-98f5-fa9c734faea5","email":"test2@example.com","username":"janesmith","name":"Jane Smith","phoneNumber":"01234567890","profilePic":null,"bio":null,"private":false,"verified":false,"role":0,"followersCount":0,"followingCount":0,"postCount":0}}

16:32:14.786 [pool-2-thread-39] INFO com.intuit.karate -- [print] 50-thread call completed, status: 200 
16:32:14.848 [pool-3-thread-1] DEBUG org.thymeleaf.TemplateEngine -- [THYMELEAF] INITIALIZING TEMPLATE ENGINE
16:32:15.008 [pool-3-thread-1] DEBUG org.thymeleaf.TemplateEngine.CONFIG -- Initializing Thymeleaf Template engine configuration...
[THYMELEAF] TEMPLATE ENGINE CONFIGURATION:
[THYMELEAF] * Thymeleaf version: 3.1.2.RELEASE (built 2023-07-30T19:25:50+0000)
[THYMELEAF] * Cache Manager implementation: org.thymeleaf.cache.StandardCacheManager
[THYMELEAF] * Template resolvers:
[THYMELEAF]     * [1] com.intuit.karate.template.ResourceHtmlTemplateResolver
[THYMELEAF] * Message resolvers:
[THYMELEAF]     * org.thymeleaf.messageresolver.StandardMessageResolver
[THYMELEAF] * Link builders:
[THYMELEAF]     * org.thymeleaf.linkbuilder.StandardLinkBuilder
[THYMELEAF] * Dialect [1 of 2]: Standard (com.intuit.karate.template.KarateStandardDialect)
[THYMELEAF]     * Prefix: "th"
[THYMELEAF]     * Processors for Template Mode: HTML
[THYMELEAF]         * Element Tag Processors by [matching element and attribute name] [precedence]:
[THYMELEAF]             * [* {th:include,data-th-include}] [100]: org.thymeleaf.standard.processor.StandardIncludeTagProcessor
[THYMELEAF]             * [* {th:insert,data-th-insert}] [100]: org.thymeleaf.standard.processor.StandardInsertTagProcessor
[THYMELEAF]             * [* {th:replace,data-th-replace}] [100]: org.thymeleaf.standard.processor.StandardReplaceTagProcessor
[THYMELEAF]             * [* {th:each,data-th-each}] [200]: com.intuit.karate.template.KarateEachTagProcessor
[THYMELEAF]             * [* {th:switch,data-th-switch}] [250]: org.thymeleaf.standard.processor.StandardSwitchTagProcessor
[THYMELEAF]             * [* {th:case,data-th-case}] [275]: org.thymeleaf.standard.processor.StandardCaseTagProcessor
[THYMELEAF]             * [* {th:if,data-th-if}] [300]: org.thymeleaf.standard.processor.StandardIfTagProcessor
[THYMELEAF]             * [* {th:unless,data-th-unless}] [400]: org.thymeleaf.standard.processor.StandardUnlessTagProcessor
[THYMELEAF]             * [* {th:object,data-th-object}] [500]: org.thymeleaf.standard.processor.StandardObjectTagProcessor
[THYMELEAF]             * [* {th:with,data-th-with}] [600]: com.intuit.karate.template.KarateWithTagProcessor
[THYMELEAF]             * [* {th:attr,data-th-attr}] [700]: com.intuit.karate.template.KarateAttributeTagProcessor.KarateAttrTagProcessor
[THYMELEAF]             * [* {th:attrappend,data-th-attrappend}] [900]: com.intuit.karate.template.KarateAttributeTagProcessor.KarateAttrappendTagProcessor
[THYMELEAF]             * [* {th:attrprepend,data-th-attrprepend}] [900]: com.intuit.karate.template.KarateAttributeTagProcessor.KarateAttrprependTagProcessor
[THYMELEAF]             * [* {th:alt-title,data-th-alt-title}] [990]: org.thymeleaf.standard.processor.StandardAltTitleTagProcessor
[THYMELEAF]             * [* {th:lang-xmllang,data-th-lang-xmllang}] [990]: org.thymeleaf.standard.processor.StandardLangXmlLangTagProcessor
[THYMELEAF]             * [* {th:action,data-th-action}] [1000]: org.thymeleaf.standard.processor.StandardActionTagProcessor
[THYMELEAF]             * [* {th:async,data-th-async}] [1000]: org.thymeleaf.standard.processor.StandardConditionalFixedValueTagProcessor
[THYMELEAF]             * [* {th:ismap,data-th-ismap}] [1000]: org.thymeleaf.standard.processor.StandardConditionalFixedValueTagProcessor
[THYMELEAF]             * [* {th:checked,data-th-checked}] [1000]: org.thymeleaf.standard.processor.StandardConditionalFixedValueTagProcessor
[THYMELEAF]             * [* {th:declare,data-th-declare}] [1000]: org.thymeleaf.standard.processor.StandardConditionalFixedValueTagProcessor
[THYMELEAF]             * [* {th:default,data-th-default}] [1000]: org.thymeleaf.standard.processor.StandardConditionalFixedValueTagProcessor
[THYMELEAF]             * [* {th:reversed,data-th-reversed}] [1000]: org.thymeleaf.standard.processor.StandardConditionalFixedValueTagProcessor
[THYMELEAF]             * [* {th:nowrap,data-th-nowrap}] [1000]: org.thymeleaf.standard.processor.StandardConditionalFixedValueTagProcessor
[THYMELEAF]             * [* {th:controls,data-th-controls}] [1000]: org.thymeleaf.standard.processor.StandardConditionalFixedValueTagProcessor
[THYMELEAF]             * [* {th:seamless,data-th-seamless}] [1000]: org.thymeleaf.standard.processor.StandardConditionalFixedValueTagProcessor
[THYMELEAF]             * [* {th:scoped,data-th-scoped}] [1000]: org.thymeleaf.standard.processor.StandardConditionalFixedValueTagProcessor
[THYMELEAF]             * [* {th:formnovalidate,data-th-formnovalidate}] [1000]: org.thymeleaf.standard.processor.StandardConditionalFixedValueTagProcessor
[THYMELEAF]             * [* {th:pubdate,data-th-pubdate}] [1000]: org.thymeleaf.standard.processor.StandardConditionalFixedValueTagProcessor
[THYMELEAF]             * [* {th:readonly,data-th-readonly}] [1000]: org.thymeleaf.standard.processor.StandardConditionalFixedValueTagProcessor
[THYMELEAF]             * [* {th:loop,data-th-loop}] [1000]: org.thymeleaf.standard.processor.StandardConditionalFixedValueTagProcessor
[THYMELEAF]             * [* {th:disabled,data-th-disabled}] [1000]: org.thymeleaf.standard.processor.StandardConditionalFixedValueTagProcessor
[THYMELEAF]             * [* {th:required,data-th-required}] [1000]: org.thymeleaf.standard.processor.StandardConditionalFixedValueTagProcessor
[THYMELEAF]             * [* {th:selected,data-th-selected}] [1000]: org.thymeleaf.standard.processor.StandardConditionalFixedValueTagProcessor
[THYMELEAF]             * [* {th:multiple,data-th-multiple}] [1000]: org.thymeleaf.standard.processor.StandardConditionalFixedValueTagProcessor
[THYMELEAF]             * [* {th:defer,data-th-defer}] [1000]: org.thymeleaf.standard.processor.StandardConditionalFixedValueTagProcessor
[THYMELEAF]             * [* {th:autoplay,data-th-autoplay}] [1000]: org.thymeleaf.standard.processor.StandardConditionalFixedValueTagProcessor
[THYMELEAF]             * [* {th:hidden,data-th-hidden}] [1000]: org.thymeleaf.standard.processor.StandardConditionalFixedValueTagProcessor
[THYMELEAF]             * [* {th:autofocus,data-th-autofocus}] [1000]: org.thymeleaf.standard.processor.StandardConditionalFixedValueTagProcessor
[THYMELEAF]             * [* {th:novalidate,data-th-novalidate}] [1000]: org.thymeleaf.standard.processor.StandardConditionalFixedValueTagProcessor
[THYMELEAF]             * [* {th:open,data-th-open}] [1000]: org.thymeleaf.standard.processor.StandardConditionalFixedValueTagProcessor
[THYMELEAF]             * [* {th:onredo,data-th-onredo}] [1000]: org.thymeleaf.standard.processor.StandardDOMEventAttributeTagProcessor
[THYMELEAF]             * [* {th:onscroll,data-th-onscroll}] [1000]: org.thymeleaf.standard.processor.StandardDOMEventAttributeTagProcessor
[THYMELEAF]             * [* {th:onchange,data-th-onchange}] [1000]: org.thymeleaf.standard.processor.StandardDOMEventAttributeTagProcessor
[THYMELEAF]             * [* {th:onabort,data-th-onabort}] [1000]: org.thymeleaf.standard.processor.StandardDOMEventAttributeTagProcessor
[THYMELEAF]             * [* {th:onblur,data-th-onblur}] [1000]: org.thymeleaf.standard.processor.StandardDOMEventAttributeTagProcessor
[THYMELEAF]             * [* {th:ondragend,data-th-ondragend}] [1000]: org.thymeleaf.standard.processor.StandardDOMEventAttributeTagProcessor
[THYMELEAF]             * [* {th:oncanplaythrough,data-th-oncanplaythrough}] [1000]: org.thymeleaf.standard.processor.StandardDOMEventAttributeTagProcessor
[THYMELEAF]             * [* {th:onload,data-th-onload}] [1000]: org.thymeleaf.standard.processor.StandardDOMEventAttributeTagProcessor
[THYMELEAF]             * [* {th:ondrop,data-th-ondrop}] [1000]: org.thymeleaf.standard.processor.StandardDOMEventAttributeTagProcessor
[THYMELEAF]             * [* {th:ondurationchange,data-th-ondurationchange}] [1000]: org.thymeleaf.standard.processor.StandardDOMEventAttributeTagProcessor
[THYMELEAF]             * [* {th:onwaiting,data-th-onwaiting}] [1000]: org.thymeleaf.standard.processor.StandardDOMEventAttributeTagProcessor
[THYMELEAF]             * [* {th:onemptied,data-th-onemptied}] [1000]: org.thymeleaf.standard.processor.StandardDOMEventAttributeTagProcessor
[THYMELEAF]             * [* {th:onmouseover,data-th-onmouseover}] [1000]: org.thymeleaf.standard.processor.StandardDOMEventAttributeTagProcessor
[THYMELEAF]             * [* {th:onreset,data-th-onreset}] [1000]: org.thymeleaf.standard.processor.StandardDOMEventAttributeTagProcessor
[THYMELEAF]             * [* {th:ondrag,data-th-ondrag}] [1000]: org.thymeleaf.standard.processor.StandardDOMEventAttributeTagProcessor
[THYMELEAF]             * [* {th:onmessage,data-th-onmessage}] [1000]: org.thymeleaf.standard.processor.StandardDOMEventAttributeTagProcessor
[THYMELEAF]             * [* {th:onfocus,data-th-onfocus}] [1000]: org.thymeleaf.standard.processor.StandardDOMEventAttributeTagProcessor
[THYMELEAF]             * [* {th:onended,data-th-onended}] [1000]: org.thymeleaf.standard.processor.StandardDOMEventAttributeTagProcessor
[THYMELEAF]             * [* {th:onstalled,data-th-onstalled}] [1000]: org.thymeleaf.standard.processor.StandardDOMEventAttributeTagProcessor
[THYMELEAF]             * [* {th:onloadeddata,data-th-onloadeddata}] [1000]: org.thymeleaf.standard.processor.StandardDOMEventAttributeTagProcessor
[THYMELEAF]             * [* {th:onmousewheel,data-th-onmousewheel}] [1000]: org.thymeleaf.standard.processor.StandardDOMEventAttributeTagProcessor
[THYMELEAF]             * [* {th:onkeypress,data-th-onkeypress}] [1000]: org.thymeleaf.standard.processor.StandardDOMEventAttributeTagProcessor
[THYMELEAF]             * [* {th:onseeked,data-th-onseeked}] [1000]: org.thymeleaf.standard.processor.StandardDOMEventAttributeTagProcessor
[THYMELEAF]             * [* {th:onprogress,data-th-onprogress}] [1000]: org.thymeleaf.standard.processor.StandardDOMEventAttributeTagProcessor
[THYMELEAF]             * [* {th:onmousedown,data-th-onmousedown}] [1000]: org.thymeleaf.standard.processor.StandardDOMEventAttributeTagProcessor
[THYMELEAF]             * [* {th:onpopstate,data-th-onpopstate}] [1000]: org.thymeleaf.standard.processor.StandardDOMEventAttributeTagProcessor
[THYMELEAF]             * [* {th:onmousemove,data-th-onmousemove}] [1000]: org.thymeleaf.standard.processor.StandardDOMEventAttributeTagProcessor
[THYMELEAF]             * [* {th:onpause,data-th-onpause}] [1000]: org.thymeleaf.standard.processor.StandardDOMEventAttributeTagProcessor
[THYMELEAF]             * [* {th:ononline,data-th-ononline}] [1000]: org.thymeleaf.standard.processor.StandardDOMEventAttributeTagProcessor
[THYMELEAF]             * [* {th:ondragenter,data-th-ondragenter}] [1000]: org.thymeleaf.standard.processor.StandardDOMEventAttributeTagProcessor
[THYMELEAF]             * [* {th:onresize,data-th-onresize}] [1000]: org.thymeleaf.standard.processor.StandardDOMEventAttributeTagProcessor
[THYMELEAF]             * [* {th:ondblclick,data-th-ondblclick}] [1000]: org.thymeleaf.standard.processor.StandardDOMEventAttributeTagProcessor
[THYMELEAF]             * [* {th:ondragover,data-th-ondragover}] [1000]: org.thymeleaf.standard.processor.StandardDOMEventAttributeTagProcessor
[THYMELEAF]             * [* {th:onafterprint,data-th-onafterprint}] [1000]: org.thymeleaf.standard.processor.StandardDOMEventAttributeTagProcessor
[THYMELEAF]             * [* {th:onselect,data-th-onselect}] [1000]: org.thymeleaf.standard.processor.StandardDOMEventAttributeTagProcessor
[THYMELEAF]             * [* {th:ondragstart,data-th-ondragstart}] [1000]: org.thymeleaf.standard.processor.StandardDOMEventAttributeTagProcessor
[THYMELEAF]             * [* {th:onkeydown,data-th-onkeydown}] [1000]: org.thymeleaf.standard.processor.StandardDOMEventAttributeTagProcessor
[THYMELEAF]             * [* {th:onoffline,data-th-onoffline}] [1000]: org.thymeleaf.standard.processor.StandardDOMEventAttributeTagProcessor
[THYMELEAF]             * [* {th:onundo,data-th-onundo}] [1000]: org.thymeleaf.standard.processor.StandardDOMEventAttributeTagProcessor
[THYMELEAF]             * [* {th:onbeforeprint,data-th-onbeforeprint}] [1000]: org.thymeleaf.standard.processor.StandardDOMEventAttributeTagProcessor
[THYMELEAF]             * [* {th:onseeking,data-th-onseeking}] [1000]: org.thymeleaf.standard.processor.StandardDOMEventAttributeTagProcessor
[THYMELEAF]             * [* {th:onclick,data-th-onclick}] [1000]: org.thymeleaf.standard.processor.StandardDOMEventAttributeTagProcessor
[THYMELEAF]             * [* {th:onplay,data-th-onplay}] [1000]: org.thymeleaf.standard.processor.StandardDOMEventAttributeTagProcessor
[THYMELEAF]             * [* {th:onloadstart,data-th-onloadstart}] [1000]: org.thymeleaf.standard.processor.StandardDOMEventAttributeTagProcessor
[THYMELEAF]             * [* {th:onreadystatechange,data-th-onreadystatechange}] [1000]: org.thymeleaf.standard.processor.StandardDOMEventAttributeTagProcessor
[THYMELEAF]             * [* {th:onshow,data-th-onshow}] [1000]: org.thymeleaf.standard.processor.StandardDOMEventAttributeTagProcessor
[THYMELEAF]             * [* {th:onmouseup,data-th-onmouseup}] [1000]: org.thymeleaf.standard.processor.StandardDOMEventAttributeTagProcessor
[THYMELEAF]             * [* {th:onmouseout,data-th-onmouseout}] [1000]: org.thymeleaf.standard.processor.StandardDOMEventAttributeTagProcessor
[THYMELEAF]             * [* {th:onkeyup,data-th-onkeyup}] [1000]: org.thymeleaf.standard.processor.StandardDOMEventAttributeTagProcessor
[THYMELEAF]             * [* {th:onsubmit,data-th-onsubmit}] [1000]: org.thymeleaf.standard.processor.StandardDOMEventAttributeTagProcessor
[THYMELEAF]             * [* {th:onerror,data-th-onerror}] [1000]: org.thymeleaf.standard.processor.StandardDOMEventAttributeTagProcessor
[THYMELEAF]             * [* {th:onunload,data-th-onunload}] [1000]: org.thymeleaf.standard.processor.StandardDOMEventAttributeTagProcessor
[THYMELEAF]             * [* {th:onloadedmetadata,data-th-onloadedmetadata}] [1000]: org.thymeleaf.standard.processor.StandardDOMEventAttributeTagProcessor
[THYMELEAF]             * [* {th:onbeforeunload,data-th-onbeforeunload}] [1000]: org.thymeleaf.standard.processor.StandardDOMEventAttributeTagProcessor
[THYMELEAF]             * [* {th:oninput,data-th-oninput}] [1000]: org.thymeleaf.standard.processor.StandardDOMEventAttributeTagProcessor
[THYMELEAF]             * [* {th:oninvalid,data-th-oninvalid}] [1000]: org.thymeleaf.standard.processor.StandardDOMEventAttributeTagProcessor
[THYMELEAF]             * [* {th:onformchange,data-th-onformchange}] [1000]: org.thymeleaf.standard.processor.StandardDOMEventAttributeTagProcessor
[THYMELEAF]             * [* {th:onhashchange,data-th-onhashchange}] [1000]: org.thymeleaf.standard.processor.StandardDOMEventAttributeTagProcessor
[THYMELEAF]             * [* {th:onstorage,data-th-onstorage}] [1000]: org.thymeleaf.standard.processor.StandardDOMEventAttributeTagProcessor
[THYMELEAF]             * [* {th:onvolumechange,data-th-onvolumechange}] [1000]: org.thymeleaf.standard.processor.StandardDOMEventAttributeTagProcessor
[THYMELEAF]             * [* {th:oncontextmenu,data-th-oncontextmenu}] [1000]: org.thymeleaf.standard.processor.StandardDOMEventAttributeTagProcessor
[THYMELEAF]             * [* {th:ontimeupdate,data-th-ontimeupdate}] [1000]: org.thymeleaf.standard.processor.StandardDOMEventAttributeTagProcessor
[THYMELEAF]             * [* {th:onplaying,data-th-onplaying}] [1000]: org.thymeleaf.standard.processor.StandardDOMEventAttributeTagProcessor
[THYMELEAF]             * [* {th:onforminput,data-th-onforminput}] [1000]: org.thymeleaf.standard.processor.StandardDOMEventAttributeTagProcessor
[THYMELEAF]             * [* {th:onratechange,data-th-onratechange}] [1000]: org.thymeleaf.standard.processor.StandardDOMEventAttributeTagProcessor
[THYMELEAF]             * [* {th:oncanplay,data-th-oncanplay}] [1000]: org.thymeleaf.standard.processor.StandardDOMEventAttributeTagProcessor
[THYMELEAF]             * [* {th:ondragleave,data-th-ondragleave}] [1000]: org.thymeleaf.standard.processor.StandardDOMEventAttributeTagProcessor
[THYMELEAF]             * [* {th:onsuspend,data-th-onsuspend}] [1000]: org.thymeleaf.standard.processor.StandardDOMEventAttributeTagProcessor
[THYMELEAF]             * [* {th:href,data-th-href}] [1000]: org.thymeleaf.standard.processor.StandardHrefTagProcessor
[THYMELEAF]             * [* {th:inline,data-th-inline}] [1000]: org.thymeleaf.standard.processor.StandardInlineHTMLTagProcessor
[THYMELEAF]             * [* {th:method,data-th-method}] [1000]: org.thymeleaf.standard.processor.StandardMethodTagProcessor
[THYMELEAF]             * [* {th:type,data-th-type}] [1000]: org.thymeleaf.standard.processor.StandardNonRemovableAttributeTagProcessor
[THYMELEAF]             * [* {th:name,data-th-name}] [1000]: org.thymeleaf.standard.processor.StandardNonRemovableAttributeTagProcessor
[THYMELEAF]             * [* {th:challenge,data-th-challenge}] [1000]: org.thymeleaf.standard.processor.StandardRemovableAttributeTagProcessor
[THYMELEAF]             * [* {th:form,data-th-form}] [1000]: org.thymeleaf.standard.processor.StandardRemovableAttributeTagProcessor
[THYMELEAF]             * [* {th:alt,data-th-alt}] [1000]: org.thymeleaf.standard.processor.StandardRemovableAttributeTagProcessor
[THYMELEAF]             * [* {th:media,data-th-media}] [1000]: org.thymeleaf.standard.processor.StandardRemovableAttributeTagProcessor
[THYMELEAF]             * [* {th:low,data-th-low}] [1000]: org.thymeleaf.standard.processor.StandardRemovableAttributeTagProcessor
[THYMELEAF]             * [* {th:axis,data-th-axis}] [1000]: org.thymeleaf.standard.processor.StandardRemovableAttributeTagProcessor
[THYMELEAF]             * [* {th:poster,data-th-poster}] [1000]: org.thymeleaf.standard.processor.StandardRemovableAttributeTagProcessor
[THYMELEAF]             * [* {th:height,data-th-height}] [1000]: org.thymeleaf.standard.processor.StandardRemovableAttributeTagProcessor
[THYMELEAF]             * [* {th:size,data-th-size}] [1000]: org.thymeleaf.standard.processor.StandardRemovableAttributeTagProcessor
[THYMELEAF]             * [* {th:enctype,data-th-enctype}] [1000]: org.thymeleaf.standard.processor.StandardRemovableAttributeTagProcessor
[THYMELEAF]             * [* {th:cols,data-th-cols}] [1000]: org.thymeleaf.standard.processor.StandardRemovableAttributeTagProcessor
[THYMELEAF]             * [* {th:contextmenu,data-th-contextmenu}] [1000]: org.thymeleaf.standard.processor.StandardRemovableAttributeTagProcessor
[THYMELEAF]             * [* {th:frameborder,data-th-frameborder}] [1000]: org.thymeleaf.standard.processor.StandardRemovableAttributeTagProcessor
[THYMELEAF]             * [* {th:spellcheck,data-th-spellcheck}] [1000]: org.thymeleaf.standard.processor.StandardRemovableAttributeTagProcessor
[THYMELEAF]             * [* {th:formaction,data-th-formaction}] [1000]: org.thymeleaf.standard.processor.StandardRemovableAttributeTagProcessor
[THYMELEAF]             * [* {th:pattern,data-th-pattern}] [1000]: org.thymeleaf.standard.processor.StandardRemovableAttributeTagProcessor
[THYMELEAF]             * [* {th:sandbox,data-th-sandbox}] [1000]: org.thymeleaf.standard.processor.StandardRemovableAttributeTagProcessor
[THYMELEAF]             * [* {th:accept,data-th-accept}] [1000]: org.thymeleaf.standard.processor.StandardRemovableAttributeTagProcessor
[THYMELEAF]             * [* {th:http-equiv,data-th-http-equiv}] [1000]: org.thymeleaf.standard.processor.StandardRemovableAttributeTagProcessor
[THYMELEAF]             * [* {th:formtarget,data-th-formtarget}] [1000]: org.thymeleaf.standard.processor.StandardRemovableAttributeTagProcessor
[THYMELEAF]             * [* {th:codebase,data-th-codebase}] [1000]: org.thymeleaf.standard.processor.StandardRemovableAttributeTagProcessor
[THYMELEAF]             * [* {th:contenteditable,data-th-contenteditable}] [1000]: org.thymeleaf.standard.processor.StandardRemovableAttributeTagProcessor
[THYMELEAF]             * [* {th:target,data-th-target}] [1000]: org.thymeleaf.standard.processor.StandardRemovableAttributeTagProcessor
[THYMELEAF]             * [* {th:icon,data-th-icon}] [1000]: org.thymeleaf.standard.processor.StandardRemovableAttributeTagProcessor
[THYMELEAF]             * [* {th:formmethod,data-th-formmethod}] [1000]: org.thymeleaf.standard.processor.StandardRemovableAttributeTagProcessor
[THYMELEAF]             * [* {th:compact,data-th-compact}] [1000]: org.thymeleaf.standard.processor.StandardRemovableAttributeTagProcessor
[THYMELEAF]             * [* {th:colspan,data-th-colspan}] [1000]: org.thymeleaf.standard.processor.StandardRemovableAttributeTagProcessor
[THYMELEAF]             * [* {th:kind,data-th-kind}] [1000]: org.thymeleaf.standard.processor.StandardRemovableAttributeTagProcessor
[THYMELEAF]             * [* {th:sizes,data-th-sizes}] [1000]: org.thymeleaf.standard.processor.StandardRemovableAttributeTagProcessor
[THYMELEAF]             * [* {th:marginwidth,data-th-marginwidth}] [1000]: org.thymeleaf.standard.processor.StandardRemovableAttributeTagProcessor
[THYMELEAF]             * [* {th:codetype,data-th-codetype}] [1000]: org.thymeleaf.standard.processor.StandardRemovableAttributeTagProcessor
[THYMELEAF]             * [* {th:cellpadding,data-th-cellpadding}] [1000]: org.thymeleaf.standard.processor.StandardRemovableAttributeTagProcessor
[THYMELEAF]             * [* {th:draggable,data-th-draggable}] [1000]: org.thymeleaf.standard.processor.StandardRemovableAttributeTagProcessor
[THYMELEAF]             * [* {th:rows,data-th-rows}] [1000]: org.thymeleaf.standard.processor.StandardRemovableAttributeTagProcessor
[THYMELEAF]             * [* {th:usemap,data-th-usemap}] [1000]: org.thymeleaf.standard.processor.StandardRemovableAttributeTagProcessor
[THYMELEAF]             * [* {th:valuetype,data-th-valuetype}] [1000]: org.thymeleaf.standard.processor.StandardRemovableAttributeTagProcessor
[THYMELEAF]             * [* {th:autocomplete,data-th-autocomplete}] [1000]: org.thymeleaf.standard.processor.StandardRemovableAttributeTagProcessor
[THYMELEAF]             * [* {th:width,data-th-width}] [1000]: org.thymeleaf.standard.processor.StandardRemovableAttributeTagProcessor
[THYMELEAF]             * [* {th:high,data-th-high}] [1000]: org.thymeleaf.standard.processor.StandardRemovableAttributeTagProcessor
[THYMELEAF]             * [* {th:rel,data-th-rel}] [1000]: org.thymeleaf.standard.processor.StandardRemovableAttributeTagProcessor
[THYMELEAF]             * [* {th:longdesc,data-th-longdesc}] [1000]: org.thymeleaf.standard.processor.StandardRemovableAttributeTagProcessor
[THYMELEAF]             * [* {th:formenctype,data-th-formenctype}] [1000]: org.thymeleaf.standard.processor.StandardRemovableAttributeTagProcessor
[THYMELEAF]             * [* {th:classid,data-th-classid}] [1000]: org.thymeleaf.standard.processor.StandardRemovableAttributeTagProcessor
[THYMELEAF]             * [* {th:audio,data-th-audio}] [1000]: org.thymeleaf.standard.processor.StandardRemovableAttributeTagProcessor
[THYMELEAF]             * [* {th:maxlength,data-th-maxlength}] [1000]: org.thymeleaf.standard.processor.StandardRemovableAttributeTagProcessor
[THYMELEAF]             * [* {th:cite,data-th-cite}] [1000]: org.thymeleaf.standard.processor.StandardRemovableAttributeTagProcessor
[THYMELEAF]             * [* {th:lang,data-th-lang}] [1000]: org.thymeleaf.standard.processor.StandardRemovableAttributeTagProcessor
[THYMELEAF]             * [* {th:optimum,data-th-optimum}] [1000]: org.thymeleaf.standard.processor.StandardRemovableAttributeTagProcessor
[THYMELEAF]             * [* {th:summary,data-th-summary}] [1000]: org.thymeleaf.standard.processor.StandardRemovableAttributeTagProcessor
[THYMELEAF]             * [* {th:accesskey,data-th-accesskey}] [1000]: org.thymeleaf.standard.processor.StandardRemovableAttributeTagProcessor
[THYMELEAF]             * [* {th:for,data-th-for}] [1000]: org.thymeleaf.standard.processor.StandardRemovableAttributeTagProcessor
[THYMELEAF]             * [* {th:dropzone,data-th-dropzone}] [1000]: org.thymeleaf.standard.processor.StandardRemovableAttributeTagProcessor
[THYMELEAF]             * [* {th:radiogroup,data-th-radiogroup}] [1000]: org.thymeleaf.standard.processor.StandardRemovableAttributeTagProcessor
[THYMELEAF]             * [* {th:srclang,data-th-srclang}] [1000]: org.thymeleaf.standard.processor.StandardRemovableAttributeTagProcessor
[THYMELEAF]             * [* {th:border,data-th-border}] [1000]: org.thymeleaf.standard.processor.StandardRemovableAttributeTagProcessor
[THYMELEAF]             * [* {th:manifest,data-th-manifest}] [1000]: org.thymeleaf.standard.processor.StandardRemovableAttributeTagProcessor
[THYMELEAF]             * [* {th:dir,data-th-dir}] [1000]: org.thymeleaf.standard.processor.StandardRemovableAttributeTagProcessor
[THYMELEAF]             * [* {th:step,data-th-step}] [1000]: org.thymeleaf.standard.processor.StandardRemovableAttributeTagProcessor
[THYMELEAF]             * [* {th:archive,data-th-archive}] [1000]: org.thymeleaf.standard.processor.StandardRemovableAttributeTagProcessor
[THYMELEAF]             * [* {th:class,data-th-class}] [1000]: org.thymeleaf.standard.processor.StandardRemovableAttributeTagProcessor
[THYMELEAF]             * [* {th:label,data-th-label}] [1000]: org.thymeleaf.standard.processor.StandardRemovableAttributeTagProcessor
[THYMELEAF]             * [* {th:standby,data-th-standby}] [1000]: org.thymeleaf.standard.processor.StandardRemovableAttributeTagProcessor
[THYMELEAF]             * [* {th:data,data-th-data}] [1000]: org.thymeleaf.standard.processor.StandardRemovableAttributeTagProcessor
[THYMELEAF]             * [* {th:hreflang,data-th-hreflang}] [1000]: org.thymeleaf.standard.processor.StandardRemovableAttributeTagProcessor
[THYMELEAF]             * [* {th:placeholder,data-th-placeholder}] [1000]: org.thymeleaf.standard.processor.StandardRemovableAttributeTagProcessor
[THYMELEAF]             * [* {th:wrap,data-th-wrap}] [1000]: org.thymeleaf.standard.processor.StandardRemovableAttributeTagProcessor
[THYMELEAF]             * [* {th:hspace,data-th-hspace}] [1000]: org.thymeleaf.standard.processor.StandardRemovableAttributeTagProcessor
[THYMELEAF]             * [* {th:min,data-th-min}] [1000]: org.thymeleaf.standard.processor.StandardRemovableAttributeTagProcessor
[THYMELEAF]             * [* {th:cellspacing,data-th-cellspacing}] [1000]: org.thymeleaf.standard.processor.StandardRemovableAttributeTagProcessor
[THYMELEAF]             * [* {th:keytype,data-th-keytype}] [1000]: org.thymeleaf.standard.processor.StandardRemovableAttributeTagProcessor
[THYMELEAF]             * [* {th:scope,data-th-scope}] [1000]: org.thymeleaf.standard.processor.StandardRemovableAttributeTagProcessor
[THYMELEAF]             * [* {th:start,data-th-start}] [1000]: org.thymeleaf.standard.processor.StandardRemovableAttributeTagProcessor
[THYMELEAF]             * [* {th:headers,data-th-headers}] [1000]: org.thymeleaf.standard.processor.StandardRemovableAttributeTagProcessor
[THYMELEAF]             * [* {th:rowspan,data-th-rowspan}] [1000]: org.thymeleaf.standard.processor.StandardRemovableAttributeTagProcessor
[THYMELEAF]             * [* {th:vspace,data-th-vspace}] [1000]: org.thymeleaf.standard.processor.StandardRemovableAttributeTagProcessor
[THYMELEAF]             * [* {th:background,data-th-background}] [1000]: org.thymeleaf.standard.processor.StandardRemovableAttributeTagProcessor
[THYMELEAF]             * [* {th:span,data-th-span}] [1000]: org.thymeleaf.standard.processor.StandardRemovableAttributeTagProcessor
[THYMELEAF]             * [* {th:tabindex,data-th-tabindex}] [1000]: org.thymeleaf.standard.processor.StandardRemovableAttributeTagProcessor
[THYMELEAF]             * [* {th:marginheight,data-th-marginheight}] [1000]: org.thymeleaf.standard.processor.StandardRemovableAttributeTagProcessor
[THYMELEAF]             * [* {th:id,data-th-id}] [1000]: org.thymeleaf.standard.processor.StandardRemovableAttributeTagProcessor
[THYMELEAF]             * [* {th:frame,data-th-frame}] [1000]: org.thymeleaf.standard.processor.StandardRemovableAttributeTagProcessor
[THYMELEAF]             * [* {th:datetime,data-th-datetime}] [1000]: org.thymeleaf.standard.processor.StandardRemovableAttributeTagProcessor
[THYMELEAF]             * [* {th:preload,data-th-preload}] [1000]: org.thymeleaf.standard.processor.StandardRemovableAttributeTagProcessor
[THYMELEAF]             * [* {th:title,data-th-title}] [1000]: org.thymeleaf.standard.processor.StandardRemovableAttributeTagProcessor
[THYMELEAF]             * [* {th:list,data-th-list}] [1000]: org.thymeleaf.standard.processor.StandardRemovableAttributeTagProcessor
[THYMELEAF]             * [* {th:charset,data-th-charset}] [1000]: org.thymeleaf.standard.processor.StandardRemovableAttributeTagProcessor
[THYMELEAF]             * [* {th:rules,data-th-rules}] [1000]: org.thymeleaf.standard.processor.StandardRemovableAttributeTagProcessor
[THYMELEAF]             * [* {th:align,data-th-align}] [1000]: org.thymeleaf.standard.processor.StandardRemovableAttributeTagProcessor
[THYMELEAF]             * [* {th:rev,data-th-rev}] [1000]: org.thymeleaf.standard.processor.StandardRemovableAttributeTagProcessor
[THYMELEAF]             * [* {th:bgcolor,data-th-bgcolor}] [1000]: org.thymeleaf.standard.processor.StandardRemovableAttributeTagProcessor
[THYMELEAF]             * [* {th:content,data-th-content}] [1000]: org.thymeleaf.standard.processor.StandardRemovableAttributeTagProcessor
[THYMELEAF]             * [* {th:accept-charset,data-th-accept-charset}] [1000]: org.thymeleaf.standard.processor.StandardRemovableAttributeTagProcessor
[THYMELEAF]             * [* {th:scheme,data-th-scheme}] [1000]: org.thymeleaf.standard.processor.StandardRemovableAttributeTagProcessor
[THYMELEAF]             * [* {th:abbr,data-th-abbr}] [1000]: org.thymeleaf.standard.processor.StandardRemovableAttributeTagProcessor
[THYMELEAF]             * [* {th:style,data-th-style}] [1000]: org.thymeleaf.standard.processor.StandardRemovableAttributeTagProcessor
[THYMELEAF]             * [* {th:scrolling,data-th-scrolling}] [1000]: org.thymeleaf.standard.processor.StandardRemovableAttributeTagProcessor
[THYMELEAF]             * [* {th:max,data-th-max}] [1000]: org.thymeleaf.standard.processor.StandardRemovableAttributeTagProcessor
[THYMELEAF]             * [* {th:src,data-th-src}] [1000]: org.thymeleaf.standard.processor.StandardSrcTagProcessor
[THYMELEAF]             * [* {th:value,data-th-value}] [1000]: org.thymeleaf.standard.processor.StandardValueTagProcessor
[THYMELEAF]             * [* {th:xmlbase,data-th-xmlbase}] [1000]: org.thymeleaf.standard.processor.StandardXmlBaseTagProcessor
[THYMELEAF]             * [* {th:xmllang,data-th-xmllang}] [1000]: org.thymeleaf.standard.processor.StandardXmlLangTagProcessor
[THYMELEAF]             * [* {xmlns:th}] [1000]: org.thymeleaf.standard.processor.StandardXmlNsTagProcessor
[THYMELEAF]             * [* {th:xmlspace,data-th-xmlspace}] [1000]: org.thymeleaf.standard.processor.StandardXmlSpaceTagProcessor
[THYMELEAF]             * [* {th:classappend,data-th-classappend}] [1100]: org.thymeleaf.standard.processor.StandardClassappendTagProcessor
[THYMELEAF]             * [* {th:styleappend,data-th-styleappend}] [1100]: org.thymeleaf.standard.processor.StandardStyleappendTagProcessor
[THYMELEAF]             * [* {th:text,data-th-text}] [1300]: org.thymeleaf.standard.processor.StandardTextTagProcessor
[THYMELEAF]             * [* {th:utext,data-th-utext}] [1400]: org.thymeleaf.standard.processor.StandardUtextTagProcessor
[THYMELEAF]             * [* {th:fragment,data-th-fragment}] [1500]: org.thymeleaf.standard.processor.StandardFragmentTagProcessor
[THYMELEAF]             * [* {th:assert,data-th-assert}] [1550]: org.thymeleaf.standard.processor.StandardAssertTagProcessor
[THYMELEAF]             * [* {th:remove,data-th-remove}] [1600]: org.thymeleaf.standard.processor.StandardRemoveTagProcessor
[THYMELEAF]             * [* {th:ref,data-th-ref}] [10000]: org.thymeleaf.standard.processor.StandardRefAttributeTagProcessor
[THYMELEAF]             * [{th:block,th-block} *] [100000]: org.thymeleaf.standard.processor.StandardBlockTagProcessor
[THYMELEAF]             * [* th:*] [2147483647]: org.thymeleaf.standard.processor.StandardDefaultAttributesTagProcessor
[THYMELEAF]         * Text Processors by [precedence]:
[THYMELEAF]             * [1000]: org.thymeleaf.standard.processor.StandardInliningTextProcessor
[THYMELEAF]         * DOCTYPE Processors by [precedence]:
[THYMELEAF]             * [1000]: org.thymeleaf.standard.processor.StandardTranslationDocTypeProcessor
[THYMELEAF]         * CDATA Section Processors by [precedence]:
[THYMELEAF]             * [1000]: org.thymeleaf.standard.processor.StandardInliningCDATASectionProcessor
[THYMELEAF]         * Comment Processors by [precedence]:
[THYMELEAF]             * [1000]: org.thymeleaf.standard.processor.StandardInliningCommentProcessor
[THYMELEAF]             * [1100]: org.thymeleaf.standard.processor.StandardConditionalCommentProcessor
[THYMELEAF]     * Processors for Template Mode: XML
[THYMELEAF]         * Element Tag Processors by [matching element and attribute name] [precedence]:
[THYMELEAF]             * [* {th:include}] [100]: org.thymeleaf.standard.processor.StandardIncludeTagProcessor
[THYMELEAF]             * [* {th:insert}] [100]: org.thymeleaf.standard.processor.StandardInsertTagProcessor
[THYMELEAF]             * [* {th:replace}] [100]: org.thymeleaf.standard.processor.StandardReplaceTagProcessor
[THYMELEAF]             * [* {th:each}] [200]: com.intuit.karate.template.KarateEachTagProcessor
[THYMELEAF]             * [* {th:switch}] [250]: org.thymeleaf.standard.processor.StandardSwitchTagProcessor
[THYMELEAF]             * [* {th:case}] [275]: org.thymeleaf.standard.processor.StandardCaseTagProcessor
[THYMELEAF]             * [* {th:if}] [300]: org.thymeleaf.standard.processor.StandardIfTagProcessor
[THYMELEAF]             * [* {th:unless}] [400]: org.thymeleaf.standard.processor.StandardUnlessTagProcessor
[THYMELEAF]             * [* {th:object}] [500]: org.thymeleaf.standard.processor.StandardObjectTagProcessor
[THYMELEAF]             * [* {th:with}] [600]: com.intuit.karate.template.KarateWithTagProcessor
[THYMELEAF]             * [* {th:attr}] [700]: com.intuit.karate.template.KarateAttributeTagProcessor.KarateAttrTagProcessor
[THYMELEAF]             * [* {th:attrappend}] [900]: com.intuit.karate.template.KarateAttributeTagProcessor.KarateAttrappendTagProcessor
[THYMELEAF]             * [* {th:attrprepend}] [900]: com.intuit.karate.template.KarateAttributeTagProcessor.KarateAttrprependTagProcessor
[THYMELEAF]             * [* {th:inline}] [1000]: org.thymeleaf.standard.processor.StandardInlineXMLTagProcessor
[THYMELEAF]             * [* {xmlns:th}] [1000]: org.thymeleaf.standard.processor.StandardXmlNsTagProcessor
[THYMELEAF]             * [* {th:text}] [1300]: org.thymeleaf.standard.processor.StandardTextTagProcessor
[THYMELEAF]             * [* {th:utext}] [1400]: org.thymeleaf.standard.processor.StandardUtextTagProcessor
[THYMELEAF]             * [* {th:fragment}] [1500]: org.thymeleaf.standard.processor.StandardFragmentTagProcessor
[THYMELEAF]             * [* {th:assert}] [1550]: org.thymeleaf.standard.processor.StandardAssertTagProcessor
[THYMELEAF]             * [* {th:remove}] [1600]: org.thymeleaf.standard.processor.StandardRemoveTagProcessor
[THYMELEAF]             * [* {th:ref}] [10000]: org.thymeleaf.standard.processor.StandardRefAttributeTagProcessor
[THYMELEAF]             * [{th:block} *] [100000]: org.thymeleaf.standard.processor.StandardBlockTagProcessor
[THYMELEAF]             * [* th:*] [2147483647]: org.thymeleaf.standard.processor.StandardDefaultAttributesTagProcessor
[THYMELEAF]         * Text Processors by [precedence]:
[THYMELEAF]             * [1000]: org.thymeleaf.standard.processor.StandardInliningTextProcessor
[THYMELEAF]         * CDATA Section Processors by [precedence]:
[THYMELEAF]             * [1000]: org.thymeleaf.standard.processor.StandardInliningCDATASectionProcessor
[THYMELEAF]         * Comment Processors by [precedence]:
[THYMELEAF]             * [1000]: org.thymeleaf.standard.processor.StandardInliningCommentProcessor
[THYMELEAF]     * Processors for Template Mode: TEXT
[THYMELEAF]         * Element Tag Processors by [matching element and attribute name] [precedence]:
[THYMELEAF]             * [* {th:insert}] [100]: org.thymeleaf.standard.processor.StandardInsertTagProcessor
[THYMELEAF]             * [* {th:replace}] [100]: org.thymeleaf.standard.processor.StandardReplaceTagProcessor
[THYMELEAF]             * [* {th:each}] [200]: com.intuit.karate.template.KarateEachTagProcessor
[THYMELEAF]             * [* {th:switch}] [250]: org.thymeleaf.standard.processor.StandardSwitchTagProcessor
[THYMELEAF]             * [* {th:case}] [275]: org.thymeleaf.standard.processor.StandardCaseTagProcessor
[THYMELEAF]             * [* {th:if}] [300]: org.thymeleaf.standard.processor.StandardIfTagProcessor
[THYMELEAF]             * [* {th:unless}] [400]: org.thymeleaf.standard.processor.StandardUnlessTagProcessor
[THYMELEAF]             * [* {th:object}] [500]: org.thymeleaf.standard.processor.StandardObjectTagProcessor
[THYMELEAF]             * [* {th:with}] [600]: com.intuit.karate.template.KarateWithTagProcessor
[THYMELEAF]             * [* {th:inline}] [1000]: org.thymeleaf.standard.processor.StandardInlineTextualTagProcessor
[THYMELEAF]             * [* {th:text}] [1300]: org.thymeleaf.standard.processor.StandardTextTagProcessor
[THYMELEAF]             * [* {th:utext}] [1400]: org.thymeleaf.standard.processor.StandardUtextTagProcessor
[THYMELEAF]             * [* {th:assert}] [1550]: org.thymeleaf.standard.processor.StandardAssertTagProcessor
[THYMELEAF]             * [* {th:remove}] [1600]: org.thymeleaf.standard.processor.StandardRemoveTagProcessor
[THYMELEAF]             * [{th:block} *] [100000]: org.thymeleaf.standard.processor.StandardBlockTagProcessor
[THYMELEAF]             * [* 100000] [org.thymeleaf.standard.processor.StandardBlockTagProcessor]: {}
[THYMELEAF]         * Text Processors by [precedence]:
[THYMELEAF]             * [1000]: org.thymeleaf.standard.processor.StandardInliningTextProcessor
[THYMELEAF]     * Processors for Template Mode: JAVASCRIPT
[THYMELEAF]         * Element Tag Processors by [matching element and attribute name] [precedence]:
[THYMELEAF]             * [* {th:insert}] [100]: org.thymeleaf.standard.processor.StandardInsertTagProcessor
[THYMELEAF]             * [* {th:replace}] [100]: org.thymeleaf.standard.processor.StandardReplaceTagProcessor
[THYMELEAF]             * [* {th:each}] [200]: com.intuit.karate.template.KarateEachTagProcessor
[THYMELEAF]             * [* {th:switch}] [250]: org.thymeleaf.standard.processor.StandardSwitchTagProcessor
[THYMELEAF]             * [* {th:case}] [275]: org.thymeleaf.standard.processor.StandardCaseTagProcessor
[THYMELEAF]             * [* {th:if}] [300]: org.thymeleaf.standard.processor.StandardIfTagProcessor
[THYMELEAF]             * [* {th:unless}] [400]: org.thymeleaf.standard.processor.StandardUnlessTagProcessor
[THYMELEAF]             * [* {th:object}] [500]: org.thymeleaf.standard.processor.StandardObjectTagProcessor
[THYMELEAF]             * [* {th:with}] [600]: com.intuit.karate.template.KarateWithTagProcessor
[THYMELEAF]             * [* {th:inline}] [1000]: org.thymeleaf.standard.processor.StandardInlineTextualTagProcessor
[THYMELEAF]             * [* {th:text}] [1300]: org.thymeleaf.standard.processor.StandardTextTagProcessor
[THYMELEAF]             * [* {th:utext}] [1400]: org.thymeleaf.standard.processor.StandardUtextTagProcessor
[THYMELEAF]             * [* {th:assert}] [1550]: org.thymeleaf.standard.processor.StandardAssertTagProcessor
[THYMELEAF]             * [* {th:remove}] [1600]: org.thymeleaf.standard.processor.StandardRemoveTagProcessor
[THYMELEAF]             * [{th:block} *] [100000]: org.thymeleaf.standard.processor.StandardBlockTagProcessor
[THYMELEAF]             * [* 100000] [org.thymeleaf.standard.processor.StandardBlockTagProcessor]: {}
[THYMELEAF]         * Text Processors by [precedence]:
[THYMELEAF]             * [1000]: org.thymeleaf.standard.processor.StandardInliningTextProcessor
[THYMELEAF]     * Processors for Template Mode: CSS
[THYMELEAF]         * Element Tag Processors by [matching element and attribute name] [precedence]:
[THYMELEAF]             * [* {th:insert}] [100]: org.thymeleaf.standard.processor.StandardInsertTagProcessor
[THYMELEAF]             * [* {th:replace}] [100]: org.thymeleaf.standard.processor.StandardReplaceTagProcessor
[THYMELEAF]             * [* {th:each}] [200]: com.intuit.karate.template.KarateEachTagProcessor
[THYMELEAF]             * [* {th:switch}] [250]: org.thymeleaf.standard.processor.StandardSwitchTagProcessor
[THYMELEAF]             * [* {th:case}] [275]: org.thymeleaf.standard.processor.StandardCaseTagProcessor
[THYMELEAF]             * [* {th:if}] [300]: org.thymeleaf.standard.processor.StandardIfTagProcessor
[THYMELEAF]             * [* {th:unless}] [400]: org.thymeleaf.standard.processor.StandardUnlessTagProcessor
[THYMELEAF]             * [* {th:object}] [500]: org.thymeleaf.standard.processor.StandardObjectTagProcessor
[THYMELEAF]             * [* {th:with}] [600]: com.intuit.karate.template.KarateWithTagProcessor
[THYMELEAF]             * [* {th:inline}] [1000]: org.thymeleaf.standard.processor.StandardInlineTextualTagProcessor
[THYMELEAF]             * [* {th:text}] [1300]: org.thymeleaf.standard.processor.StandardTextTagProcessor
[THYMELEAF]             * [* {th:utext}] [1400]: org.thymeleaf.standard.processor.StandardUtextTagProcessor
[THYMELEAF]             * [* {th:assert}] [1550]: org.thymeleaf.standard.processor.StandardAssertTagProcessor
[THYMELEAF]             * [* {th:remove}] [1600]: org.thymeleaf.standard.processor.StandardRemoveTagProcessor
[THYMELEAF]             * [{th:block} *] [100000]: org.thymeleaf.standard.processor.StandardBlockTagProcessor
[THYMELEAF]             * [* 100000] [org.thymeleaf.standard.processor.StandardBlockTagProcessor]: {}
[THYMELEAF]         * Text Processors by [precedence]:
[THYMELEAF]             * [1000]: org.thymeleaf.standard.processor.StandardInliningTextProcessor
[THYMELEAF]     * Expression Objects:
[THYMELEAF]         * #ctx
[THYMELEAF]         * #root
[THYMELEAF]         * #vars
[THYMELEAF]         * #object
[THYMELEAF]         * #locale
[THYMELEAF]         * #conversions
[THYMELEAF]         * #uris
[THYMELEAF]         * #temporals
[THYMELEAF]         * #calendars
[THYMELEAF]         * #dates
[THYMELEAF]         * #bools
[THYMELEAF]         * #numbers
[THYMELEAF]         * #objects
[THYMELEAF]         * #strings
[THYMELEAF]         * #arrays
[THYMELEAF]         * #lists
[THYMELEAF]         * #sets
[THYMELEAF]         * #maps
[THYMELEAF]         * #aggregates
[THYMELEAF]         * #messages
[THYMELEAF]         * #ids
[THYMELEAF]         * #execInfo
[THYMELEAF]         * #request
[THYMELEAF]         * #response
[THYMELEAF]         * #session
[THYMELEAF]         * #servletContext
[THYMELEAF]     * Execution Attributes:
[THYMELEAF]         * "StandardExpressionParser": com.intuit.karate.template.KarateStandardDialect@415a66aa
[THYMELEAF]         * "StandardJavaScriptSerializer": org.thymeleaf.standard.serializer.StandardJavaScriptSerializer@1e7563dc
[THYMELEAF]         * "StandardCSSSerializer": org.thymeleaf.standard.serializer.StandardCSSSerializer@d8e3444
[THYMELEAF]         * "StandardVariableExpressionEvaluator": com.intuit.karate.template.KarateStandardDialect@415a66aa
[THYMELEAF]         * "StandardConversionService": org.thymeleaf.standard.expression.StandardConversionService@35ba97f8
[THYMELEAF] * Dialect [2 of 2]: karate (com.intuit.karate.template.KarateScriptDialect)
[THYMELEAF]     * Prefix: "ka"
[THYMELEAF]     * Processors for Template Mode: HTML
[THYMELEAF]         * Element Tag Processors by [matching element and attribute name] [precedence]:
[THYMELEAF]             * [* {src}] [1000]: com.intuit.karate.template.KaScriptAttrProcessor
[THYMELEAF]         * Element Model Processors by [matching element and attribute name] [precedence]:
[THYMELEAF]             * [{script} {ka:scope,data-ka-scope}] [1000]: com.intuit.karate.template.KaScriptElemProcessor
[THYMELEAF]             * [* {ka:set,data-ka-set}] [1000]: com.intuit.karate.template.KaSetElemProcessor
[THYMELEAF] TEMPLATE ENGINE CONFIGURED OK
16:32:15.008 [pool-3-thread-1] DEBUG org.thymeleaf.TemplateEngine -- [THYMELEAF] TEMPLATE ENGINE INITIALIZED
---------------------------------------------------------
feature: classpath:features/performance/login-performance-50threads.feature
scenarios: 100 | passed: 100 | failed:  0 | time: 657.5225
---------------------------------------------------------

16:32:16.653 [pool-3-thread-1] INFO com.intuit.karate.Suite -- <<pass>> feature 1 of 1 (0 remaining) classpath:features/performance/login-performance-50threads.feature
Karate version: 1.4.1
======================================================
elapsed:  18.72 | threads:   50 | thread time: 657.52 
features:     1 | skipped:    0 | efficiency: 0.70
scenarios:  100 | passed:   100 | failed: 0
======================================================
16:32:16.801 [main] DEBUG org.thymeleaf.TemplateEngine -- [THYMELEAF] INITIALIZING TEMPLATE ENGINE
16:32:16.821 [main] DEBUG org.thymeleaf.TemplateEngine.CONFIG -- Initializing Thymeleaf Template engine configuration...
[THYMELEAF] TEMPLATE ENGINE CONFIGURATION:
[THYMELEAF] * Thymeleaf version: 3.1.2.RELEASE (built 2023-07-30T19:25:50+0000)
[THYMELEAF] * Cache Manager implementation: org.thymeleaf.cache.StandardCacheManager
[THYMELEAF] * Template resolvers:
[THYMELEAF]     * [1] com.intuit.karate.template.ResourceHtmlTemplateResolver
[THYMELEAF] * Message resolvers:
[THYMELEAF]     * org.thymeleaf.messageresolver.StandardMessageResolver
[THYMELEAF] * Link builders:
[THYMELEAF]     * org.thymeleaf.linkbuilder.StandardLinkBuilder
[THYMELEAF] * Dialect [1 of 2]: Standard (com.intuit.karate.template.KarateStandardDialect)
[THYMELEAF]     * Prefix: "th"
[THYMELEAF]     * Processors for Template Mode: HTML
[THYMELEAF]         * Element Tag Processors by [matching element and attribute name] [precedence]:
[THYMELEAF]             * [* {th:include,data-th-include}] [100]: org.thymeleaf.standard.processor.StandardIncludeTagProcessor
[THYMELEAF]             * [* {th:insert,data-th-insert}] [100]: org.thymeleaf.standard.processor.StandardInsertTagProcessor
[THYMELEAF]             * [* {th:replace,data-th-replace}] [100]: org.thymeleaf.standard.processor.StandardReplaceTagProcessor
[THYMELEAF]             * [* {th:each,data-th-each}] [200]: com.intuit.karate.template.KarateEachTagProcessor
[THYMELEAF]             * [* {th:switch,data-th-switch}] [250]: org.thymeleaf.standard.processor.StandardSwitchTagProcessor
[THYMELEAF]             * [* {th:case,data-th-case}] [275]: org.thymeleaf.standard.processor.StandardCaseTagProcessor
[THYMELEAF]             * [* {th:if,data-th-if}] [300]: org.thymeleaf.standard.processor.StandardIfTagProcessor
[THYMELEAF]             * [* {th:unless,data-th-unless}] [400]: org.thymeleaf.standard.processor.StandardUnlessTagProcessor
[THYMELEAF]             * [* {th:object,data-th-object}] [500]: org.thymeleaf.standard.processor.StandardObjectTagProcessor
[THYMELEAF]             * [* {th:with,data-th-with}] [600]: com.intuit.karate.template.KarateWithTagProcessor
[THYMELEAF]             * [* {th:attr,data-th-attr}] [700]: com.intuit.karate.template.KarateAttributeTagProcessor.KarateAttrTagProcessor
[THYMELEAF]             * [* {th:attrappend,data-th-attrappend}] [900]: com.intuit.karate.template.KarateAttributeTagProcessor.KarateAttrappendTagProcessor
[THYMELEAF]             * [* {th:attrprepend,data-th-attrprepend}] [900]: com.intuit.karate.template.KarateAttributeTagProcessor.KarateAttrprependTagProcessor
[THYMELEAF]             * [* {th:alt-title,data-th-alt-title}] [990]: org.thymeleaf.standard.processor.StandardAltTitleTagProcessor
[THYMELEAF]             * [* {th:lang-xmllang,data-th-lang-xmllang}] [990]: org.thymeleaf.standard.processor.StandardLangXmlLangTagProcessor
[THYMELEAF]             * [* {th:action,data-th-action}] [1000]: org.thymeleaf.standard.processor.StandardActionTagProcessor
[THYMELEAF]             * [* {th:ismap,data-th-ismap}] [1000]: org.thymeleaf.standard.processor.StandardConditionalFixedValueTagProcessor
[THYMELEAF]             * [* {th:open,data-th-open}] [1000]: org.thymeleaf.standard.processor.StandardConditionalFixedValueTagProcessor
[THYMELEAF]             * [* {th:selected,data-th-selected}] [1000]: org.thymeleaf.standard.processor.StandardConditionalFixedValueTagProcessor
[THYMELEAF]             * [* {th:nowrap,data-th-nowrap}] [1000]: org.thymeleaf.standard.processor.StandardConditionalFixedValueTagProcessor
[THYMELEAF]             * [* {th:readonly,data-th-readonly}] [1000]: org.thymeleaf.standard.processor.StandardConditionalFixedValueTagProcessor
[THYMELEAF]             * [* {th:default,data-th-default}] [1000]: org.thymeleaf.standard.processor.StandardConditionalFixedValueTagProcessor
[THYMELEAF]             * [* {th:checked,data-th-checked}] [1000]: org.thymeleaf.standard.processor.StandardConditionalFixedValueTagProcessor
[THYMELEAF]             * [* {th:pubdate,data-th-pubdate}] [1000]: org.thymeleaf.standard.processor.StandardConditionalFixedValueTagProcessor
[THYMELEAF]             * [* {th:hidden,data-th-hidden}] [1000]: org.thymeleaf.standard.processor.StandardConditionalFixedValueTagProcessor
[THYMELEAF]             * [* {th:autofocus,data-th-autofocus}] [1000]: org.thymeleaf.standard.processor.StandardConditionalFixedValueTagProcessor
[THYMELEAF]             * [* {th:formnovalidate,data-th-formnovalidate}] [1000]: org.thymeleaf.standard.processor.StandardConditionalFixedValueTagProcessor
[THYMELEAF]             * [* {th:disabled,data-th-disabled}] [1000]: org.thymeleaf.standard.processor.StandardConditionalFixedValueTagProcessor
[THYMELEAF]             * [* {th:scoped,data-th-scoped}] [1000]: org.thymeleaf.standard.processor.StandardConditionalFixedValueTagProcessor
[THYMELEAF]             * [* {th:controls,data-th-controls}] [1000]: org.thymeleaf.standard.processor.StandardConditionalFixedValueTagProcessor
[THYMELEAF]             * [* {th:loop,data-th-loop}] [1000]: org.thymeleaf.standard.processor.StandardConditionalFixedValueTagProcessor
[THYMELEAF]             * [* {th:required,data-th-required}] [1000]: org.thymeleaf.standard.processor.StandardConditionalFixedValueTagProcessor
[THYMELEAF]             * [* {th:declare,data-th-declare}] [1000]: org.thymeleaf.standard.processor.StandardConditionalFixedValueTagProcessor
[THYMELEAF]             * [* {th:async,data-th-async}] [1000]: org.thymeleaf.standard.processor.StandardConditionalFixedValueTagProcessor
[THYMELEAF]             * [* {th:reversed,data-th-reversed}] [1000]: org.thymeleaf.standard.processor.StandardConditionalFixedValueTagProcessor
[THYMELEAF]             * [* {th:novalidate,data-th-novalidate}] [1000]: org.thymeleaf.standard.processor.StandardConditionalFixedValueTagProcessor
[THYMELEAF]             * [* {th:seamless,data-th-seamless}] [1000]: org.thymeleaf.standard.processor.StandardConditionalFixedValueTagProcessor
[THYMELEAF]             * [* {th:multiple,data-th-multiple}] [1000]: org.thymeleaf.standard.processor.StandardConditionalFixedValueTagProcessor
[THYMELEAF]             * [* {th:autoplay,data-th-autoplay}] [1000]: org.thymeleaf.standard.processor.StandardConditionalFixedValueTagProcessor
[THYMELEAF]             * [* {th:defer,data-th-defer}] [1000]: org.thymeleaf.standard.processor.StandardConditionalFixedValueTagProcessor
[THYMELEAF]             * [* {th:onunload,data-th-onunload}] [1000]: org.thymeleaf.standard.processor.StandardDOMEventAttributeTagProcessor
[THYMELEAF]             * [* {th:onloadstart,data-th-onloadstart}] [1000]: org.thymeleaf.standard.processor.StandardDOMEventAttributeTagProcessor
[THYMELEAF]             * [* {th:onformchange,data-th-onformchange}] [1000]: org.thymeleaf.standard.processor.StandardDOMEventAttributeTagProcessor
[THYMELEAF]             * [* {th:onplaying,data-th-onplaying}] [1000]: org.thymeleaf.standard.processor.StandardDOMEventAttributeTagProcessor
[THYMELEAF]             * [* {th:onmessage,data-th-onmessage}] [1000]: org.thymeleaf.standard.processor.StandardDOMEventAttributeTagProcessor
[THYMELEAF]             * [* {th:onloadeddata,data-th-onloadeddata}] [1000]: org.thymeleaf.standard.processor.StandardDOMEventAttributeTagProcessor
[THYMELEAF]             * [* {th:oncontextmenu,data-th-oncontextmenu}] [1000]: org.thymeleaf.standard.processor.StandardDOMEventAttributeTagProcessor
[THYMELEAF]             * [* {th:onclick,data-th-onclick}] [1000]: org.thymeleaf.standard.processor.StandardDOMEventAttributeTagProcessor
[THYMELEAF]             * [* {th:onchange,data-th-onchange}] [1000]: org.thymeleaf.standard.processor.StandardDOMEventAttributeTagProcessor
[THYMELEAF]             * [* {th:onpopstate,data-th-onpopstate}] [1000]: org.thymeleaf.standard.processor.StandardDOMEventAttributeTagProcessor
[THYMELEAF]             * [* {th:onresize,data-th-onresize}] [1000]: org.thymeleaf.standard.processor.StandardDOMEventAttributeTagProcessor
[THYMELEAF]             * [* {th:onselect,data-th-onselect}] [1000]: org.thymeleaf.standard.processor.StandardDOMEventAttributeTagProcessor
[THYMELEAF]             * [* {th:oncanplay,data-th-oncanplay}] [1000]: org.thymeleaf.standard.processor.StandardDOMEventAttributeTagProcessor
[THYMELEAF]             * [* {th:ontimeupdate,data-th-ontimeupdate}] [1000]: org.thymeleaf.standard.processor.StandardDOMEventAttributeTagProcessor
[THYMELEAF]             * [* {th:ondrop,data-th-ondrop}] [1000]: org.thymeleaf.standard.processor.StandardDOMEventAttributeTagProcessor
[THYMELEAF]             * [* {th:onredo,data-th-onredo}] [1000]: org.thymeleaf.standard.processor.StandardDOMEventAttributeTagProcessor
[THYMELEAF]             * [* {th:onerror,data-th-onerror}] [1000]: org.thymeleaf.standard.processor.StandardDOMEventAttributeTagProcessor
[THYMELEAF]             * [* {th:ononline,data-th-ononline}] [1000]: org.thymeleaf.standard.processor.StandardDOMEventAttributeTagProcessor
[THYMELEAF]             * [* {th:onratechange,data-th-onratechange}] [1000]: org.thymeleaf.standard.processor.StandardDOMEventAttributeTagProcessor
[THYMELEAF]             * [* {th:onscroll,data-th-onscroll}] [1000]: org.thymeleaf.standard.processor.StandardDOMEventAttributeTagProcessor
[THYMELEAF]             * [* {th:onended,data-th-onended}] [1000]: org.thymeleaf.standard.processor.StandardDOMEventAttributeTagProcessor
[THYMELEAF]             * [* {th:onseeked,data-th-onseeked}] [1000]: org.thymeleaf.standard.processor.StandardDOMEventAttributeTagProcessor
[THYMELEAF]             * [* {th:ondragstart,data-th-ondragstart}] [1000]: org.thymeleaf.standard.processor.StandardDOMEventAttributeTagProcessor
[THYMELEAF]             * [* {th:oninput,data-th-oninput}] [1000]: org.thymeleaf.standard.processor.StandardDOMEventAttributeTagProcessor
[THYMELEAF]             * [* {th:onpause,data-th-onpause}] [1000]: org.thymeleaf.standard.processor.StandardDOMEventAttributeTagProcessor
[THYMELEAF]             * [* {th:ondragenter,data-th-ondragenter}] [1000]: org.thymeleaf.standard.processor.StandardDOMEventAttributeTagProcessor
[THYMELEAF]             * [* {th:onundo,data-th-onundo}] [1000]: org.thymeleaf.standard.processor.StandardDOMEventAttributeTagProcessor
[THYMELEAF]             * [* {th:onstalled,data-th-onstalled}] [1000]: org.thymeleaf.standard.processor.StandardDOMEventAttributeTagProcessor
[THYMELEAF]             * [* {th:onseeking,data-th-onseeking}] [1000]: org.thymeleaf.standard.processor.StandardDOMEventAttributeTagProcessor
[THYMELEAF]             * [* {th:onloadedmetadata,data-th-onloadedmetadata}] [1000]: org.thymeleaf.standard.processor.StandardDOMEventAttributeTagProcessor
[THYMELEAF]             * [* {th:onmousedown,data-th-onmousedown}] [1000]: org.thymeleaf.standard.processor.StandardDOMEventAttributeTagProcessor
[THYMELEAF]             * [* {th:oncanplaythrough,data-th-oncanplaythrough}] [1000]: org.thymeleaf.standard.processor.StandardDOMEventAttributeTagProcessor
[THYMELEAF]             * [* {th:onreset,data-th-onreset}] [1000]: org.thymeleaf.standard.processor.StandardDOMEventAttributeTagProcessor
[THYMELEAF]             * [* {th:onbeforeprint,data-th-onbeforeprint}] [1000]: org.thymeleaf.standard.processor.StandardDOMEventAttributeTagProcessor
[THYMELEAF]             * [* {th:onforminput,data-th-onforminput}] [1000]: org.thymeleaf.standard.processor.StandardDOMEventAttributeTagProcessor
[THYMELEAF]             * [* {th:ondragover,data-th-ondragover}] [1000]: org.thymeleaf.standard.processor.StandardDOMEventAttributeTagProcessor
[THYMELEAF]             * [* {th:onkeydown,data-th-onkeydown}] [1000]: org.thymeleaf.standard.processor.StandardDOMEventAttributeTagProcessor
[THYMELEAF]             * [* {th:onsubmit,data-th-onsubmit}] [1000]: org.thymeleaf.standard.processor.StandardDOMEventAttributeTagProcessor
[THYMELEAF]             * [* {th:ondrag,data-th-ondrag}] [1000]: org.thymeleaf.standard.processor.StandardDOMEventAttributeTagProcessor
[THYMELEAF]             * [* {th:onprogress,data-th-onprogress}] [1000]: org.thymeleaf.standard.processor.StandardDOMEventAttributeTagProcessor
[THYMELEAF]             * [* {th:oninvalid,data-th-oninvalid}] [1000]: org.thymeleaf.standard.processor.StandardDOMEventAttributeTagProcessor
[THYMELEAF]             * [* {th:ondblclick,data-th-ondblclick}] [1000]: org.thymeleaf.standard.processor.StandardDOMEventAttributeTagProcessor
[THYMELEAF]             * [* {th:ondragend,data-th-ondragend}] [1000]: org.thymeleaf.standard.processor.StandardDOMEventAttributeTagProcessor
[THYMELEAF]             * [* {th:onabort,data-th-onabort}] [1000]: org.thymeleaf.standard.processor.StandardDOMEventAttributeTagProcessor
[THYMELEAF]             * [* {th:onsuspend,data-th-onsuspend}] [1000]: org.thymeleaf.standard.processor.StandardDOMEventAttributeTagProcessor
[THYMELEAF]             * [* {th:onmousemove,data-th-onmousemove}] [1000]: org.thymeleaf.standard.processor.StandardDOMEventAttributeTagProcessor
[THYMELEAF]             * [* {th:ondragleave,data-th-ondragleave}] [1000]: org.thymeleaf.standard.processor.StandardDOMEventAttributeTagProcessor
[THYMELEAF]             * [* {th:onafterprint,data-th-onafterprint}] [1000]: org.thymeleaf.standard.processor.StandardDOMEventAttributeTagProcessor
[THYMELEAF]             * [* {th:onshow,data-th-onshow}] [1000]: org.thymeleaf.standard.processor.StandardDOMEventAttributeTagProcessor
[THYMELEAF]             * [* {th:onwaiting,data-th-onwaiting}] [1000]: org.thymeleaf.standard.processor.StandardDOMEventAttributeTagProcessor
[THYMELEAF]             * [* {th:onblur,data-th-onblur}] [1000]: org.thymeleaf.standard.processor.StandardDOMEventAttributeTagProcessor
[THYMELEAF]             * [* {th:onstorage,data-th-onstorage}] [1000]: org.thymeleaf.standard.processor.StandardDOMEventAttributeTagProcessor
[THYMELEAF]             * [* {th:onkeyup,data-th-onkeyup}] [1000]: org.thymeleaf.standard.processor.StandardDOMEventAttributeTagProcessor
[THYMELEAF]             * [* {th:onmouseup,data-th-onmouseup}] [1000]: org.thymeleaf.standard.processor.StandardDOMEventAttributeTagProcessor
[THYMELEAF]             * [* {th:onplay,data-th-onplay}] [1000]: org.thymeleaf.standard.processor.StandardDOMEventAttributeTagProcessor
[THYMELEAF]             * [* {th:onmouseover,data-th-onmouseover}] [1000]: org.thymeleaf.standard.processor.StandardDOMEventAttributeTagProcessor
[THYMELEAF]             * [* {th:onreadystatechange,data-th-onreadystatechange}] [1000]: org.thymeleaf.standard.processor.StandardDOMEventAttributeTagProcessor
[THYMELEAF]             * [* {th:onvolumechange,data-th-onvolumechange}] [1000]: org.thymeleaf.standard.processor.StandardDOMEventAttributeTagProcessor
[THYMELEAF]             * [* {th:onkeypress,data-th-onkeypress}] [1000]: org.thymeleaf.standard.processor.StandardDOMEventAttributeTagProcessor
[THYMELEAF]             * [* {th:onoffline,data-th-onoffline}] [1000]: org.thymeleaf.standard.processor.StandardDOMEventAttributeTagProcessor
[THYMELEAF]             * [* {th:onbeforeunload,data-th-onbeforeunload}] [1000]: org.thymeleaf.standard.processor.StandardDOMEventAttributeTagProcessor
[THYMELEAF]             * [* {th:onhashchange,data-th-onhashchange}] [1000]: org.thymeleaf.standard.processor.StandardDOMEventAttributeTagProcessor
[THYMELEAF]             * [* {th:onmouseout,data-th-onmouseout}] [1000]: org.thymeleaf.standard.processor.StandardDOMEventAttributeTagProcessor
[THYMELEAF]             * [* {th:onload,data-th-onload}] [1000]: org.thymeleaf.standard.processor.StandardDOMEventAttributeTagProcessor
[THYMELEAF]             * [* {th:onfocus,data-th-onfocus}] [1000]: org.thymeleaf.standard.processor.StandardDOMEventAttributeTagProcessor
[THYMELEAF]             * [* {th:onmousewheel,data-th-onmousewheel}] [1000]: org.thymeleaf.standard.processor.StandardDOMEventAttributeTagProcessor
[THYMELEAF]             * [* {th:onemptied,data-th-onemptied}] [1000]: org.thymeleaf.standard.processor.StandardDOMEventAttributeTagProcessor
[THYMELEAF]             * [* {th:ondurationchange,data-th-ondurationchange}] [1000]: org.thymeleaf.standard.processor.StandardDOMEventAttributeTagProcessor
[THYMELEAF]             * [* {th:href,data-th-href}] [1000]: org.thymeleaf.standard.processor.StandardHrefTagProcessor
[THYMELEAF]             * [* {th:inline,data-th-inline}] [1000]: org.thymeleaf.standard.processor.StandardInlineHTMLTagProcessor
[THYMELEAF]             * [* {th:method,data-th-method}] [1000]: org.thymeleaf.standard.processor.StandardMethodTagProcessor
[THYMELEAF]             * [* {th:type,data-th-type}] [1000]: org.thymeleaf.standard.processor.StandardNonRemovableAttributeTagProcessor
[THYMELEAF]             * [* {th:name,data-th-name}] [1000]: org.thymeleaf.standard.processor.StandardNonRemovableAttributeTagProcessor
[THYMELEAF]             * [* {th:dir,data-th-dir}] [1000]: org.thymeleaf.standard.processor.StandardRemovableAttributeTagProcessor
[THYMELEAF]             * [* {th:low,data-th-low}] [1000]: org.thymeleaf.standard.processor.StandardRemovableAttributeTagProcessor
[THYMELEAF]             * [* {th:size,data-th-size}] [1000]: org.thymeleaf.standard.processor.StandardRemovableAttributeTagProcessor
[THYMELEAF]             * [* {th:rowspan,data-th-rowspan}] [1000]: org.thymeleaf.standard.processor.StandardRemovableAttributeTagProcessor
[THYMELEAF]             * [* {th:hreflang,data-th-hreflang}] [1000]: org.thymeleaf.standard.processor.StandardRemovableAttributeTagProcessor
[THYMELEAF]             * [* {th:contextmenu,data-th-contextmenu}] [1000]: org.thymeleaf.standard.processor.StandardRemovableAttributeTagProcessor
[THYMELEAF]             * [* {th:http-equiv,data-th-http-equiv}] [1000]: org.thymeleaf.standard.processor.StandardRemovableAttributeTagProcessor
[THYMELEAF]             * [* {th:formaction,data-th-formaction}] [1000]: org.thymeleaf.standard.processor.StandardRemovableAttributeTagProcessor
[THYMELEAF]             * [* {th:summary,data-th-summary}] [1000]: org.thymeleaf.standard.processor.StandardRemovableAttributeTagProcessor
[THYMELEAF]             * [* {th:rows,data-th-rows}] [1000]: org.thymeleaf.standard.processor.StandardRemovableAttributeTagProcessor
[THYMELEAF]             * [* {th:frame,data-th-frame}] [1000]: org.thymeleaf.standard.processor.StandardRemovableAttributeTagProcessor
[THYMELEAF]             * [* {th:longdesc,data-th-longdesc}] [1000]: org.thymeleaf.standard.processor.StandardRemovableAttributeTagProcessor
[THYMELEAF]             * [* {th:hspace,data-th-hspace}] [1000]: org.thymeleaf.standard.processor.StandardRemovableAttributeTagProcessor
[THYMELEAF]             * [* {th:sizes,data-th-sizes}] [1000]: org.thymeleaf.standard.processor.StandardRemovableAttributeTagProcessor
[THYMELEAF]             * [* {th:datetime,data-th-datetime}] [1000]: org.thymeleaf.standard.processor.StandardRemovableAttributeTagProcessor
[THYMELEAF]             * [* {th:start,data-th-start}] [1000]: org.thymeleaf.standard.processor.StandardRemovableAttributeTagProcessor
[THYMELEAF]             * [* {th:icon,data-th-icon}] [1000]: org.thymeleaf.standard.processor.StandardRemovableAttributeTagProcessor
[THYMELEAF]             * [* {th:span,data-th-span}] [1000]: org.thymeleaf.standard.processor.StandardRemovableAttributeTagProcessor
[THYMELEAF]             * [* {th:accept-charset,data-th-accept-charset}] [1000]: org.thymeleaf.standard.processor.StandardRemovableAttributeTagProcessor
[THYMELEAF]             * [* {th:min,data-th-min}] [1000]: org.thymeleaf.standard.processor.StandardRemovableAttributeTagProcessor
[THYMELEAF]             * [* {th:headers,data-th-headers}] [1000]: org.thymeleaf.standard.processor.StandardRemovableAttributeTagProcessor
[THYMELEAF]             * [* {th:spellcheck,data-th-spellcheck}] [1000]: org.thymeleaf.standard.processor.StandardRemovableAttributeTagProcessor
[THYMELEAF]             * [* {th:radiogroup,data-th-radiogroup}] [1000]: org.thymeleaf.standard.processor.StandardRemovableAttributeTagProcessor
[THYMELEAF]             * [* {th:height,data-th-height}] [1000]: org.thymeleaf.standard.processor.StandardRemovableAttributeTagProcessor
[THYMELEAF]             * [* {th:list,data-th-list}] [1000]: org.thymeleaf.standard.processor.StandardRemovableAttributeTagProcessor
[THYMELEAF]             * [* {th:marginwidth,data-th-marginwidth}] [1000]: org.thymeleaf.standard.processor.StandardRemovableAttributeTagProcessor
[THYMELEAF]             * [* {th:keytype,data-th-keytype}] [1000]: org.thymeleaf.standard.processor.StandardRemovableAttributeTagProcessor
[THYMELEAF]             * [* {th:label,data-th-label}] [1000]: org.thymeleaf.standard.processor.StandardRemovableAttributeTagProcessor
[THYMELEAF]             * [* {th:draggable,data-th-draggable}] [1000]: org.thymeleaf.standard.processor.StandardRemovableAttributeTagProcessor
[THYMELEAF]             * [* {th:charset,data-th-charset}] [1000]: org.thymeleaf.standard.processor.StandardRemovableAttributeTagProcessor
[THYMELEAF]             * [* {th:class,data-th-class}] [1000]: org.thymeleaf.standard.processor.StandardRemovableAttributeTagProcessor
[THYMELEAF]             * [* {th:max,data-th-max}] [1000]: org.thymeleaf.standard.processor.StandardRemovableAttributeTagProcessor
[THYMELEAF]             * [* {th:id,data-th-id}] [1000]: org.thymeleaf.standard.processor.StandardRemovableAttributeTagProcessor
[THYMELEAF]             * [* {th:codebase,data-th-codebase}] [1000]: org.thymeleaf.standard.processor.StandardRemovableAttributeTagProcessor
[THYMELEAF]             * [* {th:pattern,data-th-pattern}] [1000]: org.thymeleaf.standard.processor.StandardRemovableAttributeTagProcessor
[THYMELEAF]             * [* {th:target,data-th-target}] [1000]: org.thymeleaf.standard.processor.StandardRemovableAttributeTagProcessor
[THYMELEAF]             * [* {th:usemap,data-th-usemap}] [1000]: org.thymeleaf.standard.processor.StandardRemovableAttributeTagProcessor
[THYMELEAF]             * [* {th:step,data-th-step}] [1000]: org.thymeleaf.standard.processor.StandardRemovableAttributeTagProcessor
[THYMELEAF]             * [* {th:scope,data-th-scope}] [1000]: org.thymeleaf.standard.processor.StandardRemovableAttributeTagProcessor
[THYMELEAF]             * [* {th:background,data-th-background}] [1000]: org.thymeleaf.standard.processor.StandardRemovableAttributeTagProcessor
[THYMELEAF]             * [* {th:colspan,data-th-colspan}] [1000]: org.thymeleaf.standard.processor.StandardRemovableAttributeTagProcessor
[THYMELEAF]             * [* {th:abbr,data-th-abbr}] [1000]: org.thymeleaf.standard.processor.StandardRemovableAttributeTagProcessor
[THYMELEAF]             * [* {th:bgcolor,data-th-bgcolor}] [1000]: org.thymeleaf.standard.processor.StandardRemovableAttributeTagProcessor
[THYMELEAF]             * [* {th:standby,data-th-standby}] [1000]: org.thymeleaf.standard.processor.StandardRemovableAttributeTagProcessor
[THYMELEAF]             * [* {th:marginheight,data-th-marginheight}] [1000]: org.thymeleaf.standard.processor.StandardRemovableAttributeTagProcessor
[THYMELEAF]             * [* {th:data,data-th-data}] [1000]: org.thymeleaf.standard.processor.StandardRemovableAttributeTagProcessor
[THYMELEAF]             * [* {th:cols,data-th-cols}] [1000]: org.thymeleaf.standard.processor.StandardRemovableAttributeTagProcessor
[THYMELEAF]             * [* {th:dropzone,data-th-dropzone}] [1000]: org.thymeleaf.standard.processor.StandardRemovableAttributeTagProcessor
[THYMELEAF]             * [* {th:align,data-th-align}] [1000]: org.thymeleaf.standard.processor.StandardRemovableAttributeTagProcessor
[THYMELEAF]             * [* {th:scrolling,data-th-scrolling}] [1000]: org.thymeleaf.standard.processor.StandardRemovableAttributeTagProcessor
[THYMELEAF]             * [* {th:formmethod,data-th-formmethod}] [1000]: org.thymeleaf.standard.processor.StandardRemovableAttributeTagProcessor
[THYMELEAF]             * [* {th:vspace,data-th-vspace}] [1000]: org.thymeleaf.standard.processor.StandardRemovableAttributeTagProcessor
[THYMELEAF]             * [* {th:manifest,data-th-manifest}] [1000]: org.thymeleaf.standard.processor.StandardRemovableAttributeTagProcessor
[THYMELEAF]             * [* {th:srclang,data-th-srclang}] [1000]: org.thymeleaf.standard.processor.StandardRemovableAttributeTagProcessor
[THYMELEAF]             * [* {th:contenteditable,data-th-contenteditable}] [1000]: org.thymeleaf.standard.processor.StandardRemovableAttributeTagProcessor
[THYMELEAF]             * [* {th:classid,data-th-classid}] [1000]: org.thymeleaf.standard.processor.StandardRemovableAttributeTagProcessor
[THYMELEAF]             * [* {th:cite,data-th-cite}] [1000]: org.thymeleaf.standard.processor.StandardRemovableAttributeTagProcessor
[THYMELEAF]             * [* {th:cellpadding,data-th-cellpadding}] [1000]: org.thymeleaf.standard.processor.StandardRemovableAttributeTagProcessor
[THYMELEAF]             * [* {th:frameborder,data-th-frameborder}] [1000]: org.thymeleaf.standard.processor.StandardRemovableAttributeTagProcessor
[THYMELEAF]             * [* {th:style,data-th-style}] [1000]: org.thymeleaf.standard.processor.StandardRemovableAttributeTagProcessor
[THYMELEAF]             * [* {th:placeholder,data-th-placeholder}] [1000]: org.thymeleaf.standard.processor.StandardRemovableAttributeTagProcessor
[THYMELEAF]             * [* {th:rel,data-th-rel}] [1000]: org.thymeleaf.standard.processor.StandardRemovableAttributeTagProcessor
[THYMELEAF]             * [* {th:autocomplete,data-th-autocomplete}] [1000]: org.thymeleaf.standard.processor.StandardRemovableAttributeTagProcessor
[THYMELEAF]             * [* {th:enctype,data-th-enctype}] [1000]: org.thymeleaf.standard.processor.StandardRemovableAttributeTagProcessor
[THYMELEAF]             * [* {th:border,data-th-border}] [1000]: org.thymeleaf.standard.processor.StandardRemovableAttributeTagProcessor
[THYMELEAF]             * [* {th:rules,data-th-rules}] [1000]: org.thymeleaf.standard.processor.StandardRemovableAttributeTagProcessor
[THYMELEAF]             * [* {th:kind,data-th-kind}] [1000]: org.thymeleaf.standard.processor.StandardRemovableAttributeTagProcessor
[THYMELEAF]             * [* {th:challenge,data-th-challenge}] [1000]: org.thymeleaf.standard.processor.StandardRemovableAttributeTagProcessor
[THYMELEAF]             * [* {th:for,data-th-for}] [1000]: org.thymeleaf.standard.processor.StandardRemovableAttributeTagProcessor
[THYMELEAF]             * [* {th:alt,data-th-alt}] [1000]: org.thymeleaf.standard.processor.StandardRemovableAttributeTagProcessor
[THYMELEAF]             * [* {th:formenctype,data-th-formenctype}] [1000]: org.thymeleaf.standard.processor.StandardRemovableAttributeTagProcessor
[THYMELEAF]             * [* {th:maxlength,data-th-maxlength}] [1000]: org.thymeleaf.standard.processor.StandardRemovableAttributeTagProcessor
[THYMELEAF]             * [* {th:tabindex,data-th-tabindex}] [1000]: org.thymeleaf.standard.processor.StandardRemovableAttributeTagProcessor
[THYMELEAF]             * [* {th:valuetype,data-th-valuetype}] [1000]: org.thymeleaf.standard.processor.StandardRemovableAttributeTagProcessor
[THYMELEAF]             * [* {th:scheme,data-th-scheme}] [1000]: org.thymeleaf.standard.processor.StandardRemovableAttributeTagProcessor
[THYMELEAF]             * [* {th:compact,data-th-compact}] [1000]: org.thymeleaf.standard.processor.StandardRemovableAttributeTagProcessor
[THYMELEAF]             * [* {th:preload,data-th-preload}] [1000]: org.thymeleaf.standard.processor.StandardRemovableAttributeTagProcessor
[THYMELEAF]             * [* {th:accept,data-th-accept}] [1000]: org.thymeleaf.standard.processor.StandardRemovableAttributeTagProcessor
[THYMELEAF]             * [* {th:content,data-th-content}] [1000]: org.thymeleaf.standard.processor.StandardRemovableAttributeTagProcessor
[THYMELEAF]             * [* {th:width,data-th-width}] [1000]: org.thymeleaf.standard.processor.StandardRemovableAttributeTagProcessor
[THYMELEAF]             * [* {th:cellspacing,data-th-cellspacing}] [1000]: org.thymeleaf.standard.processor.StandardRemovableAttributeTagProcessor
[THYMELEAF]             * [* {th:sandbox,data-th-sandbox}] [1000]: org.thymeleaf.standard.processor.StandardRemovableAttributeTagProcessor
[THYMELEAF]             * [* {th:formtarget,data-th-formtarget}] [1000]: org.thymeleaf.standard.processor.StandardRemovableAttributeTagProcessor
[THYMELEAF]             * [* {th:axis,data-th-axis}] [1000]: org.thymeleaf.standard.processor.StandardRemovableAttributeTagProcessor
[THYMELEAF]             * [* {th:audio,data-th-audio}] [1000]: org.thymeleaf.standard.processor.StandardRemovableAttributeTagProcessor
[THYMELEAF]             * [* {th:poster,data-th-poster}] [1000]: org.thymeleaf.standard.processor.StandardRemovableAttributeTagProcessor
[THYMELEAF]             * [* {th:media,data-th-media}] [1000]: org.thymeleaf.standard.processor.StandardRemovableAttributeTagProcessor
[THYMELEAF]             * [* {th:archive,data-th-archive}] [1000]: org.thymeleaf.standard.processor.StandardRemovableAttributeTagProcessor
[THYMELEAF]             * [* {th:wrap,data-th-wrap}] [1000]: org.thymeleaf.standard.processor.StandardRemovableAttributeTagProcessor
[THYMELEAF]             * [* {th:form,data-th-form}] [1000]: org.thymeleaf.standard.processor.StandardRemovableAttributeTagProcessor
[THYMELEAF]             * [* {th:high,data-th-high}] [1000]: org.thymeleaf.standard.processor.StandardRemovableAttributeTagProcessor
[THYMELEAF]             * [* {th:rev,data-th-rev}] [1000]: org.thymeleaf.standard.processor.StandardRemovableAttributeTagProcessor
[THYMELEAF]             * [* {th:title,data-th-title}] [1000]: org.thymeleaf.standard.processor.StandardRemovableAttributeTagProcessor
[THYMELEAF]             * [* {th:accesskey,data-th-accesskey}] [1000]: org.thymeleaf.standard.processor.StandardRemovableAttributeTagProcessor
[THYMELEAF]             * [* {th:optimum,data-th-optimum}] [1000]: org.thymeleaf.standard.processor.StandardRemovableAttributeTagProcessor
[THYMELEAF]             * [* {th:lang,data-th-lang}] [1000]: org.thymeleaf.standard.processor.StandardRemovableAttributeTagProcessor
[THYMELEAF]             * [* {th:codetype,data-th-codetype}] [1000]: org.thymeleaf.standard.processor.StandardRemovableAttributeTagProcessor
[THYMELEAF]             * [* {th:src,data-th-src}] [1000]: org.thymeleaf.standard.processor.StandardSrcTagProcessor
[THYMELEAF]             * [* {th:value,data-th-value}] [1000]: org.thymeleaf.standard.processor.StandardValueTagProcessor
[THYMELEAF]             * [* {th:xmlbase,data-th-xmlbase}] [1000]: org.thymeleaf.standard.processor.StandardXmlBaseTagProcessor
[THYMELEAF]             * [* {th:xmllang,data-th-xmllang}] [1000]: org.thymeleaf.standard.processor.StandardXmlLangTagProcessor
[THYMELEAF]             * [* {xmlns:th}] [1000]: org.thymeleaf.standard.processor.StandardXmlNsTagProcessor
[THYMELEAF]             * [* {th:xmlspace,data-th-xmlspace}] [1000]: org.thymeleaf.standard.processor.StandardXmlSpaceTagProcessor
[THYMELEAF]             * [* {th:classappend,data-th-classappend}] [1100]: org.thymeleaf.standard.processor.StandardClassappendTagProcessor
[THYMELEAF]             * [* {th:styleappend,data-th-styleappend}] [1100]: org.thymeleaf.standard.processor.StandardStyleappendTagProcessor
[THYMELEAF]             * [* {th:text,data-th-text}] [1300]: org.thymeleaf.standard.processor.StandardTextTagProcessor
[THYMELEAF]             * [* {th:utext,data-th-utext}] [1400]: org.thymeleaf.standard.processor.StandardUtextTagProcessor
[THYMELEAF]             * [* {th:fragment,data-th-fragment}] [1500]: org.thymeleaf.standard.processor.StandardFragmentTagProcessor
[THYMELEAF]             * [* {th:assert,data-th-assert}] [1550]: org.thymeleaf.standard.processor.StandardAssertTagProcessor
[THYMELEAF]             * [* {th:remove,data-th-remove}] [1600]: org.thymeleaf.standard.processor.StandardRemoveTagProcessor
[THYMELEAF]             * [* {th:ref,data-th-ref}] [10000]: org.thymeleaf.standard.processor.StandardRefAttributeTagProcessor
[THYMELEAF]             * [{th:block,th-block} *] [100000]: org.thymeleaf.standard.processor.StandardBlockTagProcessor
[THYMELEAF]             * [* th:*] [2147483647]: org.thymeleaf.standard.processor.StandardDefaultAttributesTagProcessor
[THYMELEAF]         * Text Processors by [precedence]:
[THYMELEAF]             * [1000]: org.thymeleaf.standard.processor.StandardInliningTextProcessor
[THYMELEAF]         * DOCTYPE Processors by [precedence]:
[THYMELEAF]             * [1000]: org.thymeleaf.standard.processor.StandardTranslationDocTypeProcessor
[THYMELEAF]         * CDATA Section Processors by [precedence]:
[THYMELEAF]             * [1000]: org.thymeleaf.standard.processor.StandardInliningCDATASectionProcessor
[THYMELEAF]         * Comment Processors by [precedence]:
[THYMELEAF]             * [1000]: org.thymeleaf.standard.processor.StandardInliningCommentProcessor
[THYMELEAF]             * [1100]: org.thymeleaf.standard.processor.StandardConditionalCommentProcessor
[THYMELEAF]     * Processors for Template Mode: XML
[THYMELEAF]         * Element Tag Processors by [matching element and attribute name] [precedence]:
[THYMELEAF]             * [* {th:include}] [100]: org.thymeleaf.standard.processor.StandardIncludeTagProcessor
[THYMELEAF]             * [* {th:insert}] [100]: org.thymeleaf.standard.processor.StandardInsertTagProcessor
[THYMELEAF]             * [* {th:replace}] [100]: org.thymeleaf.standard.processor.StandardReplaceTagProcessor
[THYMELEAF]             * [* {th:each}] [200]: com.intuit.karate.template.KarateEachTagProcessor
[THYMELEAF]             * [* {th:switch}] [250]: org.thymeleaf.standard.processor.StandardSwitchTagProcessor
[THYMELEAF]             * [* {th:case}] [275]: org.thymeleaf.standard.processor.StandardCaseTagProcessor
[THYMELEAF]             * [* {th:if}] [300]: org.thymeleaf.standard.processor.StandardIfTagProcessor
[THYMELEAF]             * [* {th:unless}] [400]: org.thymeleaf.standard.processor.StandardUnlessTagProcessor
[THYMELEAF]             * [* {th:object}] [500]: org.thymeleaf.standard.processor.StandardObjectTagProcessor
[THYMELEAF]             * [* {th:with}] [600]: com.intuit.karate.template.KarateWithTagProcessor
[THYMELEAF]             * [* {th:attr}] [700]: com.intuit.karate.template.KarateAttributeTagProcessor.KarateAttrTagProcessor
[THYMELEAF]             * [* {th:attrappend}] [900]: com.intuit.karate.template.KarateAttributeTagProcessor.KarateAttrappendTagProcessor
[THYMELEAF]             * [* {th:attrprepend}] [900]: com.intuit.karate.template.KarateAttributeTagProcessor.KarateAttrprependTagProcessor
[THYMELEAF]             * [* {th:inline}] [1000]: org.thymeleaf.standard.processor.StandardInlineXMLTagProcessor
[THYMELEAF]             * [* {xmlns:th}] [1000]: org.thymeleaf.standard.processor.StandardXmlNsTagProcessor
[THYMELEAF]             * [* {th:text}] [1300]: org.thymeleaf.standard.processor.StandardTextTagProcessor
[THYMELEAF]             * [* {th:utext}] [1400]: org.thymeleaf.standard.processor.StandardUtextTagProcessor
[THYMELEAF]             * [* {th:fragment}] [1500]: org.thymeleaf.standard.processor.StandardFragmentTagProcessor
[THYMELEAF]             * [* {th:assert}] [1550]: org.thymeleaf.standard.processor.StandardAssertTagProcessor
[THYMELEAF]             * [* {th:remove}] [1600]: org.thymeleaf.standard.processor.StandardRemoveTagProcessor
[THYMELEAF]             * [* {th:ref}] [10000]: org.thymeleaf.standard.processor.StandardRefAttributeTagProcessor
[THYMELEAF]             * [{th:block} *] [100000]: org.thymeleaf.standard.processor.StandardBlockTagProcessor
[THYMELEAF]             * [* th:*] [2147483647]: org.thymeleaf.standard.processor.StandardDefaultAttributesTagProcessor
[THYMELEAF]         * Text Processors by [precedence]:
[THYMELEAF]             * [1000]: org.thymeleaf.standard.processor.StandardInliningTextProcessor
[THYMELEAF]         * CDATA Section Processors by [precedence]:
[THYMELEAF]             * [1000]: org.thymeleaf.standard.processor.StandardInliningCDATASectionProcessor
[THYMELEAF]         * Comment Processors by [precedence]:
[THYMELEAF]             * [1000]: org.thymeleaf.standard.processor.StandardInliningCommentProcessor
[THYMELEAF]     * Processors for Template Mode: TEXT
[THYMELEAF]         * Element Tag Processors by [matching element and attribute name] [precedence]:
[THYMELEAF]             * [* {th:insert}] [100]: org.thymeleaf.standard.processor.StandardInsertTagProcessor
[THYMELEAF]             * [* {th:replace}] [100]: org.thymeleaf.standard.processor.StandardReplaceTagProcessor
[THYMELEAF]             * [* {th:each}] [200]: com.intuit.karate.template.KarateEachTagProcessor
[THYMELEAF]             * [* {th:switch}] [250]: org.thymeleaf.standard.processor.StandardSwitchTagProcessor
[THYMELEAF]             * [* {th:case}] [275]: org.thymeleaf.standard.processor.StandardCaseTagProcessor
[THYMELEAF]             * [* {th:if}] [300]: org.thymeleaf.standard.processor.StandardIfTagProcessor
[THYMELEAF]             * [* {th:unless}] [400]: org.thymeleaf.standard.processor.StandardUnlessTagProcessor
[THYMELEAF]             * [* {th:object}] [500]: org.thymeleaf.standard.processor.StandardObjectTagProcessor
[THYMELEAF]             * [* {th:with}] [600]: com.intuit.karate.template.KarateWithTagProcessor
[THYMELEAF]             * [* {th:inline}] [1000]: org.thymeleaf.standard.processor.StandardInlineTextualTagProcessor
[THYMELEAF]             * [* {th:text}] [1300]: org.thymeleaf.standard.processor.StandardTextTagProcessor
[THYMELEAF]             * [* {th:utext}] [1400]: org.thymeleaf.standard.processor.StandardUtextTagProcessor
[THYMELEAF]             * [* {th:assert}] [1550]: org.thymeleaf.standard.processor.StandardAssertTagProcessor
[THYMELEAF]             * [* {th:remove}] [1600]: org.thymeleaf.standard.processor.StandardRemoveTagProcessor
[THYMELEAF]             * [{th:block} *] [100000]: org.thymeleaf.standard.processor.StandardBlockTagProcessor
[THYMELEAF]             * [* 100000] [org.thymeleaf.standard.processor.StandardBlockTagProcessor]: {}
[THYMELEAF]         * Text Processors by [precedence]:
[THYMELEAF]             * [1000]: org.thymeleaf.standard.processor.StandardInliningTextProcessor
[THYMELEAF]     * Processors for Template Mode: JAVASCRIPT
[THYMELEAF]         * Element Tag Processors by [matching element and attribute name] [precedence]:
[THYMELEAF]             * [* {th:insert}] [100]: org.thymeleaf.standard.processor.StandardInsertTagProcessor
[THYMELEAF]             * [* {th:replace}] [100]: org.thymeleaf.standard.processor.StandardReplaceTagProcessor
[THYMELEAF]             * [* {th:each}] [200]: com.intuit.karate.template.KarateEachTagProcessor
[THYMELEAF]             * [* {th:switch}] [250]: org.thymeleaf.standard.processor.StandardSwitchTagProcessor
[THYMELEAF]             * [* {th:case}] [275]: org.thymeleaf.standard.processor.StandardCaseTagProcessor
[THYMELEAF]             * [* {th:if}] [300]: org.thymeleaf.standard.processor.StandardIfTagProcessor
[THYMELEAF]             * [* {th:unless}] [400]: org.thymeleaf.standard.processor.StandardUnlessTagProcessor
[THYMELEAF]             * [* {th:object}] [500]: org.thymeleaf.standard.processor.StandardObjectTagProcessor
[THYMELEAF]             * [* {th:with}] [600]: com.intuit.karate.template.KarateWithTagProcessor
[THYMELEAF]             * [* {th:inline}] [1000]: org.thymeleaf.standard.processor.StandardInlineTextualTagProcessor
[THYMELEAF]             * [* {th:text}] [1300]: org.thymeleaf.standard.processor.StandardTextTagProcessor
[THYMELEAF]             * [* {th:utext}] [1400]: org.thymeleaf.standard.processor.StandardUtextTagProcessor
[THYMELEAF]             * [* {th:assert}] [1550]: org.thymeleaf.standard.processor.StandardAssertTagProcessor
[THYMELEAF]             * [* {th:remove}] [1600]: org.thymeleaf.standard.processor.StandardRemoveTagProcessor
[THYMELEAF]             * [{th:block} *] [100000]: org.thymeleaf.standard.processor.StandardBlockTagProcessor
[THYMELEAF]             * [* 100000] [org.thymeleaf.standard.processor.StandardBlockTagProcessor]: {}
[THYMELEAF]         * Text Processors by [precedence]:
[THYMELEAF]             * [1000]: org.thymeleaf.standard.processor.StandardInliningTextProcessor
[THYMELEAF]     * Processors for Template Mode: CSS
[THYMELEAF]         * Element Tag Processors by [matching element and attribute name] [precedence]:
[THYMELEAF]             * [* {th:insert}] [100]: org.thymeleaf.standard.processor.StandardInsertTagProcessor
[THYMELEAF]             * [* {th:replace}] [100]: org.thymeleaf.standard.processor.StandardReplaceTagProcessor
[THYMELEAF]             * [* {th:each}] [200]: com.intuit.karate.template.KarateEachTagProcessor
[THYMELEAF]             * [* {th:switch}] [250]: org.thymeleaf.standard.processor.StandardSwitchTagProcessor
[THYMELEAF]             * [* {th:case}] [275]: org.thymeleaf.standard.processor.StandardCaseTagProcessor
[THYMELEAF]             * [* {th:if}] [300]: org.thymeleaf.standard.processor.StandardIfTagProcessor
[THYMELEAF]             * [* {th:unless}] [400]: org.thymeleaf.standard.processor.StandardUnlessTagProcessor
[THYMELEAF]             * [* {th:object}] [500]: org.thymeleaf.standard.processor.StandardObjectTagProcessor
[THYMELEAF]             * [* {th:with}] [600]: com.intuit.karate.template.KarateWithTagProcessor
[THYMELEAF]             * [* {th:inline}] [1000]: org.thymeleaf.standard.processor.StandardInlineTextualTagProcessor
[THYMELEAF]             * [* {th:text}] [1300]: org.thymeleaf.standard.processor.StandardTextTagProcessor
[THYMELEAF]             * [* {th:utext}] [1400]: org.thymeleaf.standard.processor.StandardUtextTagProcessor
[THYMELEAF]             * [* {th:assert}] [1550]: org.thymeleaf.standard.processor.StandardAssertTagProcessor
[THYMELEAF]             * [* {th:remove}] [1600]: org.thymeleaf.standard.processor.StandardRemoveTagProcessor
[THYMELEAF]             * [{th:block} *] [100000]: org.thymeleaf.standard.processor.StandardBlockTagProcessor
[THYMELEAF]             * [* 100000] [org.thymeleaf.standard.processor.StandardBlockTagProcessor]: {}
[THYMELEAF]         * Text Processors by [precedence]:
[THYMELEAF]             * [1000]: org.thymeleaf.standard.processor.StandardInliningTextProcessor
[THYMELEAF]     * Expression Objects:
[THYMELEAF]         * #ctx
[THYMELEAF]         * #root
[THYMELEAF]         * #vars
[THYMELEAF]         * #object
[THYMELEAF]         * #locale
[THYMELEAF]         * #conversions
[THYMELEAF]         * #uris
[THYMELEAF]         * #temporals
[THYMELEAF]         * #calendars
[THYMELEAF]         * #dates
[THYMELEAF]         * #bools
[THYMELEAF]         * #numbers
[THYMELEAF]         * #objects
[THYMELEAF]         * #strings
[THYMELEAF]         * #arrays
[THYMELEAF]         * #lists
[THYMELEAF]         * #sets
[THYMELEAF]         * #maps
[THYMELEAF]         * #aggregates
[THYMELEAF]         * #messages
[THYMELEAF]         * #ids
[THYMELEAF]         * #execInfo
[THYMELEAF]         * #request
[THYMELEAF]         * #response
[THYMELEAF]         * #session
[THYMELEAF]         * #servletContext
[THYMELEAF]     * Execution Attributes:
[THYMELEAF]         * "StandardExpressionParser": com.intuit.karate.template.KarateStandardDialect@488eb7f2
[THYMELEAF]         * "StandardJavaScriptSerializer": org.thymeleaf.standard.serializer.StandardJavaScriptSerializer@6c67e137
[THYMELEAF]         * "StandardCSSSerializer": org.thymeleaf.standard.serializer.StandardCSSSerializer@2c9399a4
[THYMELEAF]         * "StandardVariableExpressionEvaluator": com.intuit.karate.template.KarateStandardDialect@488eb7f2
[THYMELEAF]         * "StandardConversionService": org.thymeleaf.standard.expression.StandardConversionService@191ae03f
[THYMELEAF] * Dialect [2 of 2]: karate (com.intuit.karate.template.KarateScriptDialect)
[THYMELEAF]     * Prefix: "ka"
[THYMELEAF]     * Processors for Template Mode: HTML
[THYMELEAF]         * Element Tag Processors by [matching element and attribute name] [precedence]:
[THYMELEAF]             * [* {src}] [1000]: com.intuit.karate.template.KaScriptAttrProcessor
[THYMELEAF]         * Element Model Processors by [matching element and attribute name] [precedence]:
[THYMELEAF]             * [{script} {ka:scope,data-ka-scope}] [1000]: com.intuit.karate.template.KaScriptElemProcessor
[THYMELEAF]             * [* {ka:set,data-ka-set}] [1000]: com.intuit.karate.template.KaSetElemProcessor
[THYMELEAF] TEMPLATE ENGINE CONFIGURED OK
16:32:16.822 [main] DEBUG org.thymeleaf.TemplateEngine -- [THYMELEAF] TEMPLATE ENGINE INITIALIZED
16:32:16.835 [main] DEBUG org.thymeleaf.TemplateEngine -- [THYMELEAF] INITIALIZING TEMPLATE ENGINE
16:32:16.865 [main] DEBUG org.thymeleaf.TemplateEngine.CONFIG -- Initializing Thymeleaf Template engine configuration...
[THYMELEAF] TEMPLATE ENGINE CONFIGURATION:
[THYMELEAF] * Thymeleaf version: 3.1.2.RELEASE (built 2023-07-30T19:25:50+0000)
[THYMELEAF] * Cache Manager implementation: org.thymeleaf.cache.StandardCacheManager
[THYMELEAF] * Template resolvers:
[THYMELEAF]     * [1] com.intuit.karate.template.ResourceHtmlTemplateResolver
[THYMELEAF] * Message resolvers:
[THYMELEAF]     * org.thymeleaf.messageresolver.StandardMessageResolver
[THYMELEAF] * Link builders:
[THYMELEAF]     * org.thymeleaf.linkbuilder.StandardLinkBuilder
[THYMELEAF] * Dialect [1 of 2]: Standard (com.intuit.karate.template.KarateStandardDialect)
[THYMELEAF]     * Prefix: "th"
[THYMELEAF]     * Processors for Template Mode: HTML
[THYMELEAF]         * Element Tag Processors by [matching element and attribute name] [precedence]:
[THYMELEAF]             * [* {th:include,data-th-include}] [100]: org.thymeleaf.standard.processor.StandardIncludeTagProcessor
[THYMELEAF]             * [* {th:insert,data-th-insert}] [100]: org.thymeleaf.standard.processor.StandardInsertTagProcessor
[THYMELEAF]             * [* {th:replace,data-th-replace}] [100]: org.thymeleaf.standard.processor.StandardReplaceTagProcessor
[THYMELEAF]             * [* {th:each,data-th-each}] [200]: com.intuit.karate.template.KarateEachTagProcessor
[THYMELEAF]             * [* {th:switch,data-th-switch}] [250]: org.thymeleaf.standard.processor.StandardSwitchTagProcessor
[THYMELEAF]             * [* {th:case,data-th-case}] [275]: org.thymeleaf.standard.processor.StandardCaseTagProcessor
[THYMELEAF]             * [* {th:if,data-th-if}] [300]: org.thymeleaf.standard.processor.StandardIfTagProcessor
[THYMELEAF]             * [* {th:unless,data-th-unless}] [400]: org.thymeleaf.standard.processor.StandardUnlessTagProcessor
[THYMELEAF]             * [* {th:object,data-th-object}] [500]: org.thymeleaf.standard.processor.StandardObjectTagProcessor
[THYMELEAF]             * [* {th:with,data-th-with}] [600]: com.intuit.karate.template.KarateWithTagProcessor
[THYMELEAF]             * [* {th:attr,data-th-attr}] [700]: com.intuit.karate.template.KarateAttributeTagProcessor.KarateAttrTagProcessor
[THYMELEAF]             * [* {th:attrappend,data-th-attrappend}] [900]: com.intuit.karate.template.KarateAttributeTagProcessor.KarateAttrappendTagProcessor
[THYMELEAF]             * [* {th:attrprepend,data-th-attrprepend}] [900]: com.intuit.karate.template.KarateAttributeTagProcessor.KarateAttrprependTagProcessor
[THYMELEAF]             * [* {th:alt-title,data-th-alt-title}] [990]: org.thymeleaf.standard.processor.StandardAltTitleTagProcessor
[THYMELEAF]             * [* {th:lang-xmllang,data-th-lang-xmllang}] [990]: org.thymeleaf.standard.processor.StandardLangXmlLangTagProcessor
[THYMELEAF]             * [* {th:action,data-th-action}] [1000]: org.thymeleaf.standard.processor.StandardActionTagProcessor
[THYMELEAF]             * [* {th:ismap,data-th-ismap}] [1000]: org.thymeleaf.standard.processor.StandardConditionalFixedValueTagProcessor
[THYMELEAF]             * [* {th:pubdate,data-th-pubdate}] [1000]: org.thymeleaf.standard.processor.StandardConditionalFixedValueTagProcessor
[THYMELEAF]             * [* {th:declare,data-th-declare}] [1000]: org.thymeleaf.standard.processor.StandardConditionalFixedValueTagProcessor
[THYMELEAF]             * [* {th:seamless,data-th-seamless}] [1000]: org.thymeleaf.standard.processor.StandardConditionalFixedValueTagProcessor
[THYMELEAF]             * [* {th:controls,data-th-controls}] [1000]: org.thymeleaf.standard.processor.StandardConditionalFixedValueTagProcessor
[THYMELEAF]             * [* {th:nowrap,data-th-nowrap}] [1000]: org.thymeleaf.standard.processor.StandardConditionalFixedValueTagProcessor
[THYMELEAF]             * [* {th:loop,data-th-loop}] [1000]: org.thymeleaf.standard.processor.StandardConditionalFixedValueTagProcessor
[THYMELEAF]             * [* {th:scoped,data-th-scoped}] [1000]: org.thymeleaf.standard.processor.StandardConditionalFixedValueTagProcessor
[THYMELEAF]             * [* {th:novalidate,data-th-novalidate}] [1000]: org.thymeleaf.standard.processor.StandardConditionalFixedValueTagProcessor
[THYMELEAF]             * [* {th:disabled,data-th-disabled}] [1000]: org.thymeleaf.standard.processor.StandardConditionalFixedValueTagProcessor
[THYMELEAF]             * [* {th:formnovalidate,data-th-formnovalidate}] [1000]: org.thymeleaf.standard.processor.StandardConditionalFixedValueTagProcessor
[THYMELEAF]             * [* {th:checked,data-th-checked}] [1000]: org.thymeleaf.standard.processor.StandardConditionalFixedValueTagProcessor
[THYMELEAF]             * [* {th:hidden,data-th-hidden}] [1000]: org.thymeleaf.standard.processor.StandardConditionalFixedValueTagProcessor
[THYMELEAF]             * [* {th:multiple,data-th-multiple}] [1000]: org.thymeleaf.standard.processor.StandardConditionalFixedValueTagProcessor
[THYMELEAF]             * [* {th:autofocus,data-th-autofocus}] [1000]: org.thymeleaf.standard.processor.StandardConditionalFixedValueTagProcessor
[THYMELEAF]             * [* {th:reversed,data-th-reversed}] [1000]: org.thymeleaf.standard.processor.StandardConditionalFixedValueTagProcessor
[THYMELEAF]             * [* {th:required,data-th-required}] [1000]: org.thymeleaf.standard.processor.StandardConditionalFixedValueTagProcessor
[THYMELEAF]             * [* {th:selected,data-th-selected}] [1000]: org.thymeleaf.standard.processor.StandardConditionalFixedValueTagProcessor
[THYMELEAF]             * [* {th:async,data-th-async}] [1000]: org.thymeleaf.standard.processor.StandardConditionalFixedValueTagProcessor
[THYMELEAF]             * [* {th:defer,data-th-defer}] [1000]: org.thymeleaf.standard.processor.StandardConditionalFixedValueTagProcessor
[THYMELEAF]             * [* {th:autoplay,data-th-autoplay}] [1000]: org.thymeleaf.standard.processor.StandardConditionalFixedValueTagProcessor
[THYMELEAF]             * [* {th:default,data-th-default}] [1000]: org.thymeleaf.standard.processor.StandardConditionalFixedValueTagProcessor
[THYMELEAF]             * [* {th:open,data-th-open}] [1000]: org.thymeleaf.standard.processor.StandardConditionalFixedValueTagProcessor
[THYMELEAF]             * [* {th:readonly,data-th-readonly}] [1000]: org.thymeleaf.standard.processor.StandardConditionalFixedValueTagProcessor
[THYMELEAF]             * [* {th:onmouseup,data-th-onmouseup}] [1000]: org.thymeleaf.standard.processor.StandardDOMEventAttributeTagProcessor
[THYMELEAF]             * [* {th:onpopstate,data-th-onpopstate}] [1000]: org.thymeleaf.standard.processor.StandardDOMEventAttributeTagProcessor
[THYMELEAF]             * [* {th:onundo,data-th-onundo}] [1000]: org.thymeleaf.standard.processor.StandardDOMEventAttributeTagProcessor
[THYMELEAF]             * [* {th:onstalled,data-th-onstalled}] [1000]: org.thymeleaf.standard.processor.StandardDOMEventAttributeTagProcessor
[THYMELEAF]             * [* {th:onbeforeprint,data-th-onbeforeprint}] [1000]: org.thymeleaf.standard.processor.StandardDOMEventAttributeTagProcessor
[THYMELEAF]             * [* {th:onafterprint,data-th-onafterprint}] [1000]: org.thymeleaf.standard.processor.StandardDOMEventAttributeTagProcessor
[THYMELEAF]             * [* {th:onloadedmetadata,data-th-onloadedmetadata}] [1000]: org.thymeleaf.standard.processor.StandardDOMEventAttributeTagProcessor
[THYMELEAF]             * [* {th:oncanplaythrough,data-th-oncanplaythrough}] [1000]: org.thymeleaf.standard.processor.StandardDOMEventAttributeTagProcessor
[THYMELEAF]             * [* {th:onreadystatechange,data-th-onreadystatechange}] [1000]: org.thymeleaf.standard.processor.StandardDOMEventAttributeTagProcessor
[THYMELEAF]             * [* {th:onseeked,data-th-onseeked}] [1000]: org.thymeleaf.standard.processor.StandardDOMEventAttributeTagProcessor
[THYMELEAF]             * [* {th:onresize,data-th-onresize}] [1000]: org.thymeleaf.standard.processor.StandardDOMEventAttributeTagProcessor
[THYMELEAF]             * [* {th:onoffline,data-th-onoffline}] [1000]: org.thymeleaf.standard.processor.StandardDOMEventAttributeTagProcessor
[THYMELEAF]             * [* {th:onabort,data-th-onabort}] [1000]: org.thymeleaf.standard.processor.StandardDOMEventAttributeTagProcessor
[THYMELEAF]             * [* {th:onkeyup,data-th-onkeyup}] [1000]: org.thymeleaf.standard.processor.StandardDOMEventAttributeTagProcessor
[THYMELEAF]             * [* {th:onerror,data-th-onerror}] [1000]: org.thymeleaf.standard.processor.StandardDOMEventAttributeTagProcessor
[THYMELEAF]             * [* {th:onsuspend,data-th-onsuspend}] [1000]: org.thymeleaf.standard.processor.StandardDOMEventAttributeTagProcessor
[THYMELEAF]             * [* {th:onselect,data-th-onselect}] [1000]: org.thymeleaf.standard.processor.StandardDOMEventAttributeTagProcessor
[THYMELEAF]             * [* {th:onformchange,data-th-onformchange}] [1000]: org.thymeleaf.standard.processor.StandardDOMEventAttributeTagProcessor
[THYMELEAF]             * [* {th:onscroll,data-th-onscroll}] [1000]: org.thymeleaf.standard.processor.StandardDOMEventAttributeTagProcessor
[THYMELEAF]             * [* {th:ondrop,data-th-ondrop}] [1000]: org.thymeleaf.standard.processor.StandardDOMEventAttributeTagProcessor
[THYMELEAF]             * [* {th:onload,data-th-onload}] [1000]: org.thymeleaf.standard.processor.StandardDOMEventAttributeTagProcessor
[THYMELEAF]             * [* {th:onmessage,data-th-onmessage}] [1000]: org.thymeleaf.standard.processor.StandardDOMEventAttributeTagProcessor
[THYMELEAF]             * [* {th:onblur,data-th-onblur}] [1000]: org.thymeleaf.standard.processor.StandardDOMEventAttributeTagProcessor
[THYMELEAF]             * [* {th:ononline,data-th-ononline}] [1000]: org.thymeleaf.standard.processor.StandardDOMEventAttributeTagProcessor
[THYMELEAF]             * [* {th:onmousewheel,data-th-onmousewheel}] [1000]: org.thymeleaf.standard.processor.StandardDOMEventAttributeTagProcessor
[THYMELEAF]             * [* {th:onloadstart,data-th-onloadstart}] [1000]: org.thymeleaf.standard.processor.StandardDOMEventAttributeTagProcessor
[THYMELEAF]             * [* {th:onsubmit,data-th-onsubmit}] [1000]: org.thymeleaf.standard.processor.StandardDOMEventAttributeTagProcessor
[THYMELEAF]             * [* {th:onmouseout,data-th-onmouseout}] [1000]: org.thymeleaf.standard.processor.StandardDOMEventAttributeTagProcessor
[THYMELEAF]             * [* {th:oninput,data-th-oninput}] [1000]: org.thymeleaf.standard.processor.StandardDOMEventAttributeTagProcessor
[THYMELEAF]             * [* {th:onloadeddata,data-th-onloadeddata}] [1000]: org.thymeleaf.standard.processor.StandardDOMEventAttributeTagProcessor
[THYMELEAF]             * [* {th:oncanplay,data-th-oncanplay}] [1000]: org.thymeleaf.standard.processor.StandardDOMEventAttributeTagProcessor
[THYMELEAF]             * [* {th:ondragend,data-th-ondragend}] [1000]: org.thymeleaf.standard.processor.StandardDOMEventAttributeTagProcessor
[THYMELEAF]             * [* {th:ondragleave,data-th-ondragleave}] [1000]: org.thymeleaf.standard.processor.StandardDOMEventAttributeTagProcessor
[THYMELEAF]             * [* {th:onmousemove,data-th-onmousemove}] [1000]: org.thymeleaf.standard.processor.StandardDOMEventAttributeTagProcessor
[THYMELEAF]             * [* {th:onhashchange,data-th-onhashchange}] [1000]: org.thymeleaf.standard.processor.StandardDOMEventAttributeTagProcessor
[THYMELEAF]             * [* {th:onredo,data-th-onredo}] [1000]: org.thymeleaf.standard.processor.StandardDOMEventAttributeTagProcessor
[THYMELEAF]             * [* {th:onprogress,data-th-onprogress}] [1000]: org.thymeleaf.standard.processor.StandardDOMEventAttributeTagProcessor
[THYMELEAF]             * [* {th:ondblclick,data-th-ondblclick}] [1000]: org.thymeleaf.standard.processor.StandardDOMEventAttributeTagProcessor
[THYMELEAF]             * [* {th:onseeking,data-th-onseeking}] [1000]: org.thymeleaf.standard.processor.StandardDOMEventAttributeTagProcessor
[THYMELEAF]             * [* {th:onended,data-th-onended}] [1000]: org.thymeleaf.standard.processor.StandardDOMEventAttributeTagProcessor
[THYMELEAF]             * [* {th:onkeypress,data-th-onkeypress}] [1000]: org.thymeleaf.standard.processor.StandardDOMEventAttributeTagProcessor
[THYMELEAF]             * [* {th:onmousedown,data-th-onmousedown}] [1000]: org.thymeleaf.standard.processor.StandardDOMEventAttributeTagProcessor
[THYMELEAF]             * [* {th:onpause,data-th-onpause}] [1000]: org.thymeleaf.standard.processor.StandardDOMEventAttributeTagProcessor
[THYMELEAF]             * [* {th:ondrag,data-th-ondrag}] [1000]: org.thymeleaf.standard.processor.StandardDOMEventAttributeTagProcessor
[THYMELEAF]             * [* {th:onstorage,data-th-onstorage}] [1000]: org.thymeleaf.standard.processor.StandardDOMEventAttributeTagProcessor
[THYMELEAF]             * [* {th:ondragover,data-th-ondragover}] [1000]: org.thymeleaf.standard.processor.StandardDOMEventAttributeTagProcessor
[THYMELEAF]             * [* {th:oninvalid,data-th-oninvalid}] [1000]: org.thymeleaf.standard.processor.StandardDOMEventAttributeTagProcessor
[THYMELEAF]             * [* {th:oncontextmenu,data-th-oncontextmenu}] [1000]: org.thymeleaf.standard.processor.StandardDOMEventAttributeTagProcessor
[THYMELEAF]             * [* {th:ondragstart,data-th-ondragstart}] [1000]: org.thymeleaf.standard.processor.StandardDOMEventAttributeTagProcessor
[THYMELEAF]             * [* {th:onemptied,data-th-onemptied}] [1000]: org.thymeleaf.standard.processor.StandardDOMEventAttributeTagProcessor
[THYMELEAF]             * [* {th:onclick,data-th-onclick}] [1000]: org.thymeleaf.standard.processor.StandardDOMEventAttributeTagProcessor
[THYMELEAF]             * [* {th:onreset,data-th-onreset}] [1000]: org.thymeleaf.standard.processor.StandardDOMEventAttributeTagProcessor
[THYMELEAF]             * [* {th:onmouseover,data-th-onmouseover}] [1000]: org.thymeleaf.standard.processor.StandardDOMEventAttributeTagProcessor
[THYMELEAF]             * [* {th:onplay,data-th-onplay}] [1000]: org.thymeleaf.standard.processor.StandardDOMEventAttributeTagProcessor
[THYMELEAF]             * [* {th:onshow,data-th-onshow}] [1000]: org.thymeleaf.standard.processor.StandardDOMEventAttributeTagProcessor
[THYMELEAF]             * [* {th:onunload,data-th-onunload}] [1000]: org.thymeleaf.standard.processor.StandardDOMEventAttributeTagProcessor
[THYMELEAF]             * [* {th:onvolumechange,data-th-onvolumechange}] [1000]: org.thymeleaf.standard.processor.StandardDOMEventAttributeTagProcessor
[THYMELEAF]             * [* {th:onforminput,data-th-onforminput}] [1000]: org.thymeleaf.standard.processor.StandardDOMEventAttributeTagProcessor
[THYMELEAF]             * [* {th:onchange,data-th-onchange}] [1000]: org.thymeleaf.standard.processor.StandardDOMEventAttributeTagProcessor
[THYMELEAF]             * [* {th:ondragenter,data-th-ondragenter}] [1000]: org.thymeleaf.standard.processor.StandardDOMEventAttributeTagProcessor
[THYMELEAF]             * [* {th:onratechange,data-th-onratechange}] [1000]: org.thymeleaf.standard.processor.StandardDOMEventAttributeTagProcessor
[THYMELEAF]             * [* {th:onbeforeunload,data-th-onbeforeunload}] [1000]: org.thymeleaf.standard.processor.StandardDOMEventAttributeTagProcessor
[THYMELEAF]             * [* {th:onwaiting,data-th-onwaiting}] [1000]: org.thymeleaf.standard.processor.StandardDOMEventAttributeTagProcessor
[THYMELEAF]             * [* {th:ontimeupdate,data-th-ontimeupdate}] [1000]: org.thymeleaf.standard.processor.StandardDOMEventAttributeTagProcessor
[THYMELEAF]             * [* {th:onkeydown,data-th-onkeydown}] [1000]: org.thymeleaf.standard.processor.StandardDOMEventAttributeTagProcessor
[THYMELEAF]             * [* {th:ondurationchange,data-th-ondurationchange}] [1000]: org.thymeleaf.standard.processor.StandardDOMEventAttributeTagProcessor
[THYMELEAF]             * [* {th:onfocus,data-th-onfocus}] [1000]: org.thymeleaf.standard.processor.StandardDOMEventAttributeTagProcessor
[THYMELEAF]             * [* {th:onplaying,data-th-onplaying}] [1000]: org.thymeleaf.standard.processor.StandardDOMEventAttributeTagProcessor
[THYMELEAF]             * [* {th:href,data-th-href}] [1000]: org.thymeleaf.standard.processor.StandardHrefTagProcessor
[THYMELEAF]             * [* {th:inline,data-th-inline}] [1000]: org.thymeleaf.standard.processor.StandardInlineHTMLTagProcessor
[THYMELEAF]             * [* {th:method,data-th-method}] [1000]: org.thymeleaf.standard.processor.StandardMethodTagProcessor
[THYMELEAF]             * [* {th:name,data-th-name}] [1000]: org.thymeleaf.standard.processor.StandardNonRemovableAttributeTagProcessor
[THYMELEAF]             * [* {th:type,data-th-type}] [1000]: org.thymeleaf.standard.processor.StandardNonRemovableAttributeTagProcessor
[THYMELEAF]             * [* {th:formenctype,data-th-formenctype}] [1000]: org.thymeleaf.standard.processor.StandardRemovableAttributeTagProcessor
[THYMELEAF]             * [* {th:contenteditable,data-th-contenteditable}] [1000]: org.thymeleaf.standard.processor.StandardRemovableAttributeTagProcessor
[THYMELEAF]             * [* {th:vspace,data-th-vspace}] [1000]: org.thymeleaf.standard.processor.StandardRemovableAttributeTagProcessor
[THYMELEAF]             * [* {th:sandbox,data-th-sandbox}] [1000]: org.thymeleaf.standard.processor.StandardRemovableAttributeTagProcessor
[THYMELEAF]             * [* {th:content,data-th-content}] [1000]: org.thymeleaf.standard.processor.StandardRemovableAttributeTagProcessor
[THYMELEAF]             * [* {th:challenge,data-th-challenge}] [1000]: org.thymeleaf.standard.processor.StandardRemovableAttributeTagProcessor
[THYMELEAF]             * [* {th:classid,data-th-classid}] [1000]: org.thymeleaf.standard.processor.StandardRemovableAttributeTagProcessor
[THYMELEAF]             * [* {th:size,data-th-size}] [1000]: org.thymeleaf.standard.processor.StandardRemovableAttributeTagProcessor
[THYMELEAF]             * [* {th:formaction,data-th-formaction}] [1000]: org.thymeleaf.standard.processor.StandardRemovableAttributeTagProcessor
[THYMELEAF]             * [* {th:for,data-th-for}] [1000]: org.thymeleaf.standard.processor.StandardRemovableAttributeTagProcessor
[THYMELEAF]             * [* {th:wrap,data-th-wrap}] [1000]: org.thymeleaf.standard.processor.StandardRemovableAttributeTagProcessor
[THYMELEAF]             * [* {th:enctype,data-th-enctype}] [1000]: org.thymeleaf.standard.processor.StandardRemovableAttributeTagProcessor
[THYMELEAF]             * [* {th:http-equiv,data-th-http-equiv}] [1000]: org.thymeleaf.standard.processor.StandardRemovableAttributeTagProcessor
[THYMELEAF]             * [* {th:style,data-th-style}] [1000]: org.thymeleaf.standard.processor.StandardRemovableAttributeTagProcessor
[THYMELEAF]             * [* {th:colspan,data-th-colspan}] [1000]: org.thymeleaf.standard.processor.StandardRemovableAttributeTagProcessor
[THYMELEAF]             * [* {th:compact,data-th-compact}] [1000]: org.thymeleaf.standard.processor.StandardRemovableAttributeTagProcessor
[THYMELEAF]             * [* {th:marginheight,data-th-marginheight}] [1000]: org.thymeleaf.standard.processor.StandardRemovableAttributeTagProcessor
[THYMELEAF]             * [* {th:max,data-th-max}] [1000]: org.thymeleaf.standard.processor.StandardRemovableAttributeTagProcessor
[THYMELEAF]             * [* {th:class,data-th-class}] [1000]: org.thymeleaf.standard.processor.StandardRemovableAttributeTagProcessor
[THYMELEAF]             * [* {th:radiogroup,data-th-radiogroup}] [1000]: org.thymeleaf.standard.processor.StandardRemovableAttributeTagProcessor
[THYMELEAF]             * [* {th:placeholder,data-th-placeholder}] [1000]: org.thymeleaf.standard.processor.StandardRemovableAttributeTagProcessor
[THYMELEAF]             * [* {th:optimum,data-th-optimum}] [1000]: org.thymeleaf.standard.processor.StandardRemovableAttributeTagProcessor
[THYMELEAF]             * [* {th:formmethod,data-th-formmethod}] [1000]: org.thymeleaf.standard.processor.StandardRemovableAttributeTagProcessor
[THYMELEAF]             * [* {th:hspace,data-th-hspace}] [1000]: org.thymeleaf.standard.processor.StandardRemovableAttributeTagProcessor
[THYMELEAF]             * [* {th:rowspan,data-th-rowspan}] [1000]: org.thymeleaf.standard.processor.StandardRemovableAttributeTagProcessor
[THYMELEAF]             * [* {th:frame,data-th-frame}] [1000]: org.thymeleaf.standard.processor.StandardRemovableAttributeTagProcessor
[THYMELEAF]             * [* {th:standby,data-th-standby}] [1000]: org.thymeleaf.standard.processor.StandardRemovableAttributeTagProcessor
[THYMELEAF]             * [* {th:autocomplete,data-th-autocomplete}] [1000]: org.thymeleaf.standard.processor.StandardRemovableAttributeTagProcessor
[THYMELEAF]             * [* {th:usemap,data-th-usemap}] [1000]: org.thymeleaf.standard.processor.StandardRemovableAttributeTagProcessor
[THYMELEAF]             * [* {th:list,data-th-list}] [1000]: org.thymeleaf.standard.processor.StandardRemovableAttributeTagProcessor
[THYMELEAF]             * [* {th:draggable,data-th-draggable}] [1000]: org.thymeleaf.standard.processor.StandardRemovableAttributeTagProcessor
[THYMELEAF]             * [* {th:bgcolor,data-th-bgcolor}] [1000]: org.thymeleaf.standard.processor.StandardRemovableAttributeTagProcessor
[THYMELEAF]             * [* {th:poster,data-th-poster}] [1000]: org.thymeleaf.standard.processor.StandardRemovableAttributeTagProcessor
[THYMELEAF]             * [* {th:id,data-th-id}] [1000]: org.thymeleaf.standard.processor.StandardRemovableAttributeTagProcessor
[THYMELEAF]             * [* {th:datetime,data-th-datetime}] [1000]: org.thymeleaf.standard.processor.StandardRemovableAttributeTagProcessor
[THYMELEAF]             * [* {th:alt,data-th-alt}] [1000]: org.thymeleaf.standard.processor.StandardRemovableAttributeTagProcessor
[THYMELEAF]             * [* {th:scrolling,data-th-scrolling}] [1000]: org.thymeleaf.standard.processor.StandardRemovableAttributeTagProcessor
[THYMELEAF]             * [* {th:width,data-th-width}] [1000]: org.thymeleaf.standard.processor.StandardRemovableAttributeTagProcessor
[THYMELEAF]             * [* {th:spellcheck,data-th-spellcheck}] [1000]: org.thymeleaf.standard.processor.StandardRemovableAttributeTagProcessor
[THYMELEAF]             * [* {th:form,data-th-form}] [1000]: org.thymeleaf.standard.processor.StandardRemovableAttributeTagProcessor
[THYMELEAF]             * [* {th:title,data-th-title}] [1000]: org.thymeleaf.standard.processor.StandardRemovableAttributeTagProcessor
[THYMELEAF]             * [* {th:tabindex,data-th-tabindex}] [1000]: org.thymeleaf.standard.processor.StandardRemovableAttributeTagProcessor
[THYMELEAF]             * [* {th:data,data-th-data}] [1000]: org.thymeleaf.standard.processor.StandardRemovableAttributeTagProcessor
[THYMELEAF]             * [* {th:summary,data-th-summary}] [1000]: org.thymeleaf.standard.processor.StandardRemovableAttributeTagProcessor
[THYMELEAF]             * [* {th:cellspacing,data-th-cellspacing}] [1000]: org.thymeleaf.standard.processor.StandardRemovableAttributeTagProcessor
[THYMELEAF]             * [* {th:low,data-th-low}] [1000]: org.thymeleaf.standard.processor.StandardRemovableAttributeTagProcessor
[THYMELEAF]             * [* {th:frameborder,data-th-frameborder}] [1000]: org.thymeleaf.standard.processor.StandardRemovableAttributeTagProcessor
[THYMELEAF]             * [* {th:maxlength,data-th-maxlength}] [1000]: org.thymeleaf.standard.processor.StandardRemovableAttributeTagProcessor
[THYMELEAF]             * [* {th:pattern,data-th-pattern}] [1000]: org.thymeleaf.standard.processor.StandardRemovableAttributeTagProcessor
[THYMELEAF]             * [* {th:formtarget,data-th-formtarget}] [1000]: org.thymeleaf.standard.processor.StandardRemovableAttributeTagProcessor
[THYMELEAF]             * [* {th:background,data-th-background}] [1000]: org.thymeleaf.standard.processor.StandardRemovableAttributeTagProcessor
[THYMELEAF]             * [* {th:dropzone,data-th-dropzone}] [1000]: org.thymeleaf.standard.processor.StandardRemovableAttributeTagProcessor
[THYMELEAF]             * [* {th:hreflang,data-th-hreflang}] [1000]: org.thymeleaf.standard.processor.StandardRemovableAttributeTagProcessor
[THYMELEAF]             * [* {th:border,data-th-border}] [1000]: org.thymeleaf.standard.processor.StandardRemovableAttributeTagProcessor
[THYMELEAF]             * [* {th:min,data-th-min}] [1000]: org.thymeleaf.standard.processor.StandardRemovableAttributeTagProcessor
[THYMELEAF]             * [* {th:accept,data-th-accept}] [1000]: org.thymeleaf.standard.processor.StandardRemovableAttributeTagProcessor
[THYMELEAF]             * [* {th:codetype,data-th-codetype}] [1000]: org.thymeleaf.standard.processor.StandardRemovableAttributeTagProcessor
[THYMELEAF]             * [* {th:target,data-th-target}] [1000]: org.thymeleaf.standard.processor.StandardRemovableAttributeTagProcessor
[THYMELEAF]             * [* {th:codebase,data-th-codebase}] [1000]: org.thymeleaf.standard.processor.StandardRemovableAttributeTagProcessor
[THYMELEAF]             * [* {th:sizes,data-th-sizes}] [1000]: org.thymeleaf.standard.processor.StandardRemovableAttributeTagProcessor
[THYMELEAF]             * [* {th:icon,data-th-icon}] [1000]: org.thymeleaf.standard.processor.StandardRemovableAttributeTagProcessor
[THYMELEAF]             * [* {th:accept-charset,data-th-accept-charset}] [1000]: org.thymeleaf.standard.processor.StandardRemovableAttributeTagProcessor
[THYMELEAF]             * [* {th:headers,data-th-headers}] [1000]: org.thymeleaf.standard.processor.StandardRemovableAttributeTagProcessor
[THYMELEAF]             * [* {th:audio,data-th-audio}] [1000]: org.thymeleaf.standard.processor.StandardRemovableAttributeTagProcessor
[THYMELEAF]             * [* {th:rows,data-th-rows}] [1000]: org.thymeleaf.standard.processor.StandardRemovableAttributeTagProcessor
[THYMELEAF]             * [* {th:label,data-th-label}] [1000]: org.thymeleaf.standard.processor.StandardRemovableAttributeTagProcessor
[THYMELEAF]             * [* {th:axis,data-th-axis}] [1000]: org.thymeleaf.standard.processor.StandardRemovableAttributeTagProcessor
[THYMELEAF]             * [* {th:archive,data-th-archive}] [1000]: org.thymeleaf.standard.processor.StandardRemovableAttributeTagProcessor
[THYMELEAF]             * [* {th:start,data-th-start}] [1000]: org.thymeleaf.standard.processor.StandardRemovableAttributeTagProcessor
[THYMELEAF]             * [* {th:cellpadding,data-th-cellpadding}] [1000]: org.thymeleaf.standard.processor.StandardRemovableAttributeTagProcessor
[THYMELEAF]             * [* {th:marginwidth,data-th-marginwidth}] [1000]: org.thymeleaf.standard.processor.StandardRemovableAttributeTagProcessor
[THYMELEAF]             * [* {th:step,data-th-step}] [1000]: org.thymeleaf.standard.processor.StandardRemovableAttributeTagProcessor
[THYMELEAF]             * [* {th:manifest,data-th-manifest}] [1000]: org.thymeleaf.standard.processor.StandardRemovableAttributeTagProcessor
[THYMELEAF]             * [* {th:media,data-th-media}] [1000]: org.thymeleaf.standard.processor.StandardRemovableAttributeTagProcessor
[THYMELEAF]             * [* {th:dir,data-th-dir}] [1000]: org.thymeleaf.standard.processor.StandardRemovableAttributeTagProcessor
[THYMELEAF]             * [* {th:height,data-th-height}] [1000]: org.thymeleaf.standard.processor.StandardRemovableAttributeTagProcessor
[THYMELEAF]             * [* {th:scope,data-th-scope}] [1000]: org.thymeleaf.standard.processor.StandardRemovableAttributeTagProcessor
[THYMELEAF]             * [* {th:charset,data-th-charset}] [1000]: org.thymeleaf.standard.processor.StandardRemovableAttributeTagProcessor
[THYMELEAF]             * [* {th:scheme,data-th-scheme}] [1000]: org.thymeleaf.standard.processor.StandardRemovableAttributeTagProcessor
[THYMELEAF]             * [* {th:lang,data-th-lang}] [1000]: org.thymeleaf.standard.processor.StandardRemovableAttributeTagProcessor
[THYMELEAF]             * [* {th:accesskey,data-th-accesskey}] [1000]: org.thymeleaf.standard.processor.StandardRemovableAttributeTagProcessor
[THYMELEAF]             * [* {th:longdesc,data-th-longdesc}] [1000]: org.thymeleaf.standard.processor.StandardRemovableAttributeTagProcessor
[THYMELEAF]             * [* {th:rev,data-th-rev}] [1000]: org.thymeleaf.standard.processor.StandardRemovableAttributeTagProcessor
[THYMELEAF]             * [* {th:align,data-th-align}] [1000]: org.thymeleaf.standard.processor.StandardRemovableAttributeTagProcessor
[THYMELEAF]             * [* {th:srclang,data-th-srclang}] [1000]: org.thymeleaf.standard.processor.StandardRemovableAttributeTagProcessor
[THYMELEAF]             * [* {th:abbr,data-th-abbr}] [1000]: org.thymeleaf.standard.processor.StandardRemovableAttributeTagProcessor
[THYMELEAF]             * [* {th:high,data-th-high}] [1000]: org.thymeleaf.standard.processor.StandardRemovableAttributeTagProcessor
[THYMELEAF]             * [* {th:preload,data-th-preload}] [1000]: org.thymeleaf.standard.processor.StandardRemovableAttributeTagProcessor
[THYMELEAF]             * [* {th:kind,data-th-kind}] [1000]: org.thymeleaf.standard.processor.StandardRemovableAttributeTagProcessor
[THYMELEAF]             * [* {th:cols,data-th-cols}] [1000]: org.thymeleaf.standard.processor.StandardRemovableAttributeTagProcessor
[THYMELEAF]             * [* {th:span,data-th-span}] [1000]: org.thymeleaf.standard.processor.StandardRemovableAttributeTagProcessor
[THYMELEAF]             * [* {th:contextmenu,data-th-contextmenu}] [1000]: org.thymeleaf.standard.processor.StandardRemovableAttributeTagProcessor
[THYMELEAF]             * [* {th:rules,data-th-rules}] [1000]: org.thymeleaf.standard.processor.StandardRemovableAttributeTagProcessor
[THYMELEAF]             * [* {th:valuetype,data-th-valuetype}] [1000]: org.thymeleaf.standard.processor.StandardRemovableAttributeTagProcessor
[THYMELEAF]             * [* {th:rel,data-th-rel}] [1000]: org.thymeleaf.standard.processor.StandardRemovableAttributeTagProcessor
[THYMELEAF]             * [* {th:keytype,data-th-keytype}] [1000]: org.thymeleaf.standard.processor.StandardRemovableAttributeTagProcessor
[THYMELEAF]             * [* {th:cite,data-th-cite}] [1000]: org.thymeleaf.standard.processor.StandardRemovableAttributeTagProcessor
[THYMELEAF]             * [* {th:src,data-th-src}] [1000]: org.thymeleaf.standard.processor.StandardSrcTagProcessor
[THYMELEAF]             * [* {th:value,data-th-value}] [1000]: org.thymeleaf.standard.processor.StandardValueTagProcessor
[THYMELEAF]             * [* {th:xmlbase,data-th-xmlbase}] [1000]: org.thymeleaf.standard.processor.StandardXmlBaseTagProcessor
[THYMELEAF]             * [* {th:xmllang,data-th-xmllang}] [1000]: org.thymeleaf.standard.processor.StandardXmlLangTagProcessor
[THYMELEAF]             * [* {xmlns:th}] [1000]: org.thymeleaf.standard.processor.StandardXmlNsTagProcessor
[THYMELEAF]             * [* {th:xmlspace,data-th-xmlspace}] [1000]: org.thymeleaf.standard.processor.StandardXmlSpaceTagProcessor
[THYMELEAF]             * [* {th:classappend,data-th-classappend}] [1100]: org.thymeleaf.standard.processor.StandardClassappendTagProcessor
[THYMELEAF]             * [* {th:styleappend,data-th-styleappend}] [1100]: org.thymeleaf.standard.processor.StandardStyleappendTagProcessor
[THYMELEAF]             * [* {th:text,data-th-text}] [1300]: org.thymeleaf.standard.processor.StandardTextTagProcessor
[THYMELEAF]             * [* {th:utext,data-th-utext}] [1400]: org.thymeleaf.standard.processor.StandardUtextTagProcessor
[THYMELEAF]             * [* {th:fragment,data-th-fragment}] [1500]: org.thymeleaf.standard.processor.StandardFragmentTagProcessor
[THYMELEAF]             * [* {th:assert,data-th-assert}] [1550]: org.thymeleaf.standard.processor.StandardAssertTagProcessor
[THYMELEAF]             * [* {th:remove,data-th-remove}] [1600]: org.thymeleaf.standard.processor.StandardRemoveTagProcessor
[THYMELEAF]             * [* {th:ref,data-th-ref}] [10000]: org.thymeleaf.standard.processor.StandardRefAttributeTagProcessor
[THYMELEAF]             * [{th:block,th-block} *] [100000]: org.thymeleaf.standard.processor.StandardBlockTagProcessor
[THYMELEAF]             * [* th:*] [2147483647]: org.thymeleaf.standard.processor.StandardDefaultAttributesTagProcessor
[THYMELEAF]         * Text Processors by [precedence]:
[THYMELEAF]             * [1000]: org.thymeleaf.standard.processor.StandardInliningTextProcessor
[THYMELEAF]         * DOCTYPE Processors by [precedence]:
[THYMELEAF]             * [1000]: org.thymeleaf.standard.processor.StandardTranslationDocTypeProcessor
[THYMELEAF]         * CDATA Section Processors by [precedence]:
[THYMELEAF]             * [1000]: org.thymeleaf.standard.processor.StandardInliningCDATASectionProcessor
[THYMELEAF]         * Comment Processors by [precedence]:
[THYMELEAF]             * [1000]: org.thymeleaf.standard.processor.StandardInliningCommentProcessor
[THYMELEAF]             * [1100]: org.thymeleaf.standard.processor.StandardConditionalCommentProcessor
[THYMELEAF]     * Processors for Template Mode: XML
[THYMELEAF]         * Element Tag Processors by [matching element and attribute name] [precedence]:
[THYMELEAF]             * [* {th:include}] [100]: org.thymeleaf.standard.processor.StandardIncludeTagProcessor
[THYMELEAF]             * [* {th:insert}] [100]: org.thymeleaf.standard.processor.StandardInsertTagProcessor
[THYMELEAF]             * [* {th:replace}] [100]: org.thymeleaf.standard.processor.StandardReplaceTagProcessor
[THYMELEAF]             * [* {th:each}] [200]: com.intuit.karate.template.KarateEachTagProcessor
[THYMELEAF]             * [* {th:switch}] [250]: org.thymeleaf.standard.processor.StandardSwitchTagProcessor
[THYMELEAF]             * [* {th:case}] [275]: org.thymeleaf.standard.processor.StandardCaseTagProcessor
[THYMELEAF]             * [* {th:if}] [300]: org.thymeleaf.standard.processor.StandardIfTagProcessor
[THYMELEAF]             * [* {th:unless}] [400]: org.thymeleaf.standard.processor.StandardUnlessTagProcessor
[THYMELEAF]             * [* {th:object}] [500]: org.thymeleaf.standard.processor.StandardObjectTagProcessor
[THYMELEAF]             * [* {th:with}] [600]: com.intuit.karate.template.KarateWithTagProcessor
[THYMELEAF]             * [* {th:attr}] [700]: com.intuit.karate.template.KarateAttributeTagProcessor.KarateAttrTagProcessor
[THYMELEAF]             * [* {th:attrappend}] [900]: com.intuit.karate.template.KarateAttributeTagProcessor.KarateAttrappendTagProcessor
[THYMELEAF]             * [* {th:attrprepend}] [900]: com.intuit.karate.template.KarateAttributeTagProcessor.KarateAttrprependTagProcessor
[THYMELEAF]             * [* {th:inline}] [1000]: org.thymeleaf.standard.processor.StandardInlineXMLTagProcessor
[THYMELEAF]             * [* {xmlns:th}] [1000]: org.thymeleaf.standard.processor.StandardXmlNsTagProcessor
[THYMELEAF]             * [* {th:text}] [1300]: org.thymeleaf.standard.processor.StandardTextTagProcessor
[THYMELEAF]             * [* {th:utext}] [1400]: org.thymeleaf.standard.processor.StandardUtextTagProcessor
[THYMELEAF]             * [* {th:fragment}] [1500]: org.thymeleaf.standard.processor.StandardFragmentTagProcessor
[THYMELEAF]             * [* {th:assert}] [1550]: org.thymeleaf.standard.processor.StandardAssertTagProcessor
[THYMELEAF]             * [* {th:remove}] [1600]: org.thymeleaf.standard.processor.StandardRemoveTagProcessor
[THYMELEAF]             * [* {th:ref}] [10000]: org.thymeleaf.standard.processor.StandardRefAttributeTagProcessor
[THYMELEAF]             * [{th:block} *] [100000]: org.thymeleaf.standard.processor.StandardBlockTagProcessor
[THYMELEAF]             * [* th:*] [2147483647]: org.thymeleaf.standard.processor.StandardDefaultAttributesTagProcessor
[THYMELEAF]         * Text Processors by [precedence]:
[THYMELEAF]             * [1000]: org.thymeleaf.standard.processor.StandardInliningTextProcessor
[THYMELEAF]         * CDATA Section Processors by [precedence]:
[THYMELEAF]             * [1000]: org.thymeleaf.standard.processor.StandardInliningCDATASectionProcessor
[THYMELEAF]         * Comment Processors by [precedence]:
[THYMELEAF]             * [1000]: org.thymeleaf.standard.processor.StandardInliningCommentProcessor
[THYMELEAF]     * Processors for Template Mode: TEXT
[THYMELEAF]         * Element Tag Processors by [matching element and attribute name] [precedence]:
[THYMELEAF]             * [* {th:insert}] [100]: org.thymeleaf.standard.processor.StandardInsertTagProcessor
[THYMELEAF]             * [* {th:replace}] [100]: org.thymeleaf.standard.processor.StandardReplaceTagProcessor
[THYMELEAF]             * [* {th:each}] [200]: com.intuit.karate.template.KarateEachTagProcessor
[THYMELEAF]             * [* {th:switch}] [250]: org.thymeleaf.standard.processor.StandardSwitchTagProcessor
[THYMELEAF]             * [* {th:case}] [275]: org.thymeleaf.standard.processor.StandardCaseTagProcessor
[THYMELEAF]             * [* {th:if}] [300]: org.thymeleaf.standard.processor.StandardIfTagProcessor
[THYMELEAF]             * [* {th:unless}] [400]: org.thymeleaf.standard.processor.StandardUnlessTagProcessor
[THYMELEAF]             * [* {th:object}] [500]: org.thymeleaf.standard.processor.StandardObjectTagProcessor
[THYMELEAF]             * [* {th:with}] [600]: com.intuit.karate.template.KarateWithTagProcessor
[THYMELEAF]             * [* {th:inline}] [1000]: org.thymeleaf.standard.processor.StandardInlineTextualTagProcessor
[THYMELEAF]             * [* {th:text}] [1300]: org.thymeleaf.standard.processor.StandardTextTagProcessor
[THYMELEAF]             * [* {th:utext}] [1400]: org.thymeleaf.standard.processor.StandardUtextTagProcessor
[THYMELEAF]             * [* {th:assert}] [1550]: org.thymeleaf.standard.processor.StandardAssertTagProcessor
[THYMELEAF]             * [* {th:remove}] [1600]: org.thymeleaf.standard.processor.StandardRemoveTagProcessor
[THYMELEAF]             * [{th:block} *] [100000]: org.thymeleaf.standard.processor.StandardBlockTagProcessor
[THYMELEAF]             * [* 100000] [org.thymeleaf.standard.processor.StandardBlockTagProcessor]: {}
[THYMELEAF]         * Text Processors by [precedence]:
[THYMELEAF]             * [1000]: org.thymeleaf.standard.processor.StandardInliningTextProcessor
[THYMELEAF]     * Processors for Template Mode: JAVASCRIPT
[THYMELEAF]         * Element Tag Processors by [matching element and attribute name] [precedence]:
[THYMELEAF]             * [* {th:insert}] [100]: org.thymeleaf.standard.processor.StandardInsertTagProcessor
[THYMELEAF]             * [* {th:replace}] [100]: org.thymeleaf.standard.processor.StandardReplaceTagProcessor
[THYMELEAF]             * [* {th:each}] [200]: com.intuit.karate.template.KarateEachTagProcessor
[THYMELEAF]             * [* {th:switch}] [250]: org.thymeleaf.standard.processor.StandardSwitchTagProcessor
[THYMELEAF]             * [* {th:case}] [275]: org.thymeleaf.standard.processor.StandardCaseTagProcessor
[THYMELEAF]             * [* {th:if}] [300]: org.thymeleaf.standard.processor.StandardIfTagProcessor
[THYMELEAF]             * [* {th:unless}] [400]: org.thymeleaf.standard.processor.StandardUnlessTagProcessor
[THYMELEAF]             * [* {th:object}] [500]: org.thymeleaf.standard.processor.StandardObjectTagProcessor
[THYMELEAF]             * [* {th:with}] [600]: com.intuit.karate.template.KarateWithTagProcessor
[THYMELEAF]             * [* {th:inline}] [1000]: org.thymeleaf.standard.processor.StandardInlineTextualTagProcessor
[THYMELEAF]             * [* {th:text}] [1300]: org.thymeleaf.standard.processor.StandardTextTagProcessor
[THYMELEAF]             * [* {th:utext}] [1400]: org.thymeleaf.standard.processor.StandardUtextTagProcessor
[THYMELEAF]             * [* {th:assert}] [1550]: org.thymeleaf.standard.processor.StandardAssertTagProcessor
[THYMELEAF]             * [* {th:remove}] [1600]: org.thymeleaf.standard.processor.StandardRemoveTagProcessor
[THYMELEAF]             * [{th:block} *] [100000]: org.thymeleaf.standard.processor.StandardBlockTagProcessor
[THYMELEAF]             * [* 100000] [org.thymeleaf.standard.processor.StandardBlockTagProcessor]: {}
[THYMELEAF]         * Text Processors by [precedence]:
[THYMELEAF]             * [1000]: org.thymeleaf.standard.processor.StandardInliningTextProcessor
[THYMELEAF]     * Processors for Template Mode: CSS
[THYMELEAF]         * Element Tag Processors by [matching element and attribute name] [precedence]:
[THYMELEAF]             * [* {th:insert}] [100]: org.thymeleaf.standard.processor.StandardInsertTagProcessor
[THYMELEAF]             * [* {th:replace}] [100]: org.thymeleaf.standard.processor.StandardReplaceTagProcessor
[THYMELEAF]             * [* {th:each}] [200]: com.intuit.karate.template.KarateEachTagProcessor
[THYMELEAF]             * [* {th:switch}] [250]: org.thymeleaf.standard.processor.StandardSwitchTagProcessor
[THYMELEAF]             * [* {th:case}] [275]: org.thymeleaf.standard.processor.StandardCaseTagProcessor
[THYMELEAF]             * [* {th:if}] [300]: org.thymeleaf.standard.processor.StandardIfTagProcessor
[THYMELEAF]             * [* {th:unless}] [400]: org.thymeleaf.standard.processor.StandardUnlessTagProcessor
[THYMELEAF]             * [* {th:object}] [500]: org.thymeleaf.standard.processor.StandardObjectTagProcessor
[THYMELEAF]             * [* {th:with}] [600]: com.intuit.karate.template.KarateWithTagProcessor
[THYMELEAF]             * [* {th:inline}] [1000]: org.thymeleaf.standard.processor.StandardInlineTextualTagProcessor
[THYMELEAF]             * [* {th:text}] [1300]: org.thymeleaf.standard.processor.StandardTextTagProcessor
[THYMELEAF]             * [* {th:utext}] [1400]: org.thymeleaf.standard.processor.StandardUtextTagProcessor
[THYMELEAF]             * [* {th:assert}] [1550]: org.thymeleaf.standard.processor.StandardAssertTagProcessor
[THYMELEAF]             * [* {th:remove}] [1600]: org.thymeleaf.standard.processor.StandardRemoveTagProcessor
[THYMELEAF]             * [* 100000] [org.thymeleaf.standard.processor.StandardBlockTagProcessor]: {}
[THYMELEAF]             * [{th:block} *] [100000]: org.thymeleaf.standard.processor.StandardBlockTagProcessor
[THYMELEAF]         * Text Processors by [precedence]:
[THYMELEAF]             * [1000]: org.thymeleaf.standard.processor.StandardInliningTextProcessor
[THYMELEAF]     * Expression Objects:
[THYMELEAF]         * #ctx
[THYMELEAF]         * #root
[THYMELEAF]         * #vars
[THYMELEAF]         * #object
[THYMELEAF]         * #locale
[THYMELEAF]         * #conversions
[THYMELEAF]         * #uris
[THYMELEAF]         * #temporals
[THYMELEAF]         * #calendars
[THYMELEAF]         * #dates
[THYMELEAF]         * #bools
[THYMELEAF]         * #numbers
[THYMELEAF]         * #objects
[THYMELEAF]         * #strings
[THYMELEAF]         * #arrays
[THYMELEAF]         * #lists
[THYMELEAF]         * #sets
[THYMELEAF]         * #maps
[THYMELEAF]         * #aggregates
[THYMELEAF]         * #messages
[THYMELEAF]         * #ids
[THYMELEAF]         * #execInfo
[THYMELEAF]         * #request
[THYMELEAF]         * #response
[THYMELEAF]         * #session
[THYMELEAF]         * #servletContext
[THYMELEAF]     * Execution Attributes:
[THYMELEAF]         * "StandardExpressionParser": com.intuit.karate.template.KarateStandardDialect@67ef029
[THYMELEAF]         * "StandardJavaScriptSerializer": org.thymeleaf.standard.serializer.StandardJavaScriptSerializer@1f2d2181
[THYMELEAF]         * "StandardCSSSerializer": org.thymeleaf.standard.serializer.StandardCSSSerializer@49bf29c6
[THYMELEAF]         * "StandardVariableExpressionEvaluator": com.intuit.karate.template.KarateStandardDialect@67ef029
[THYMELEAF]         * "StandardConversionService": org.thymeleaf.standard.expression.StandardConversionService@7ee55e70
[THYMELEAF] * Dialect [2 of 2]: karate (com.intuit.karate.template.KarateScriptDialect)
[THYMELEAF]     * Prefix: "ka"
[THYMELEAF]     * Processors for Template Mode: HTML
[THYMELEAF]         * Element Tag Processors by [matching element and attribute name] [precedence]:
[THYMELEAF]             * [* {src}] [1000]: com.intuit.karate.template.KaScriptAttrProcessor
[THYMELEAF]         * Element Model Processors by [matching element and attribute name] [precedence]:
[THYMELEAF]             * [{script} {ka:scope,data-ka-scope}] [1000]: com.intuit.karate.template.KaScriptElemProcessor
[THYMELEAF]             * [* {ka:set,data-ka-set}] [1000]: com.intuit.karate.template.KaSetElemProcessor
[THYMELEAF] TEMPLATE ENGINE CONFIGURED OK
16:32:16.865 [main] DEBUG org.thymeleaf.TemplateEngine -- [THYMELEAF] TEMPLATE ENGINE INITIALIZED
16:32:16.924 [main] DEBUG org.thymeleaf.TemplateEngine -- [THYMELEAF] INITIALIZING TEMPLATE ENGINE
16:32:16.945 [main] DEBUG org.thymeleaf.TemplateEngine.CONFIG -- Initializing Thymeleaf Template engine configuration...
[THYMELEAF] TEMPLATE ENGINE CONFIGURATION:
[THYMELEAF] * Thymeleaf version: 3.1.2.RELEASE (built 2023-07-30T19:25:50+0000)
[THYMELEAF] * Cache Manager implementation: org.thymeleaf.cache.StandardCacheManager
[THYMELEAF] * Template resolvers:
[THYMELEAF]     * [1] com.intuit.karate.template.ResourceHtmlTemplateResolver
[THYMELEAF] * Message resolvers:
[THYMELEAF]     * org.thymeleaf.messageresolver.StandardMessageResolver
[THYMELEAF] * Link builders:
[THYMELEAF]     * org.thymeleaf.linkbuilder.StandardLinkBuilder
[THYMELEAF] * Dialect [1 of 2]: Standard (com.intuit.karate.template.KarateStandardDialect)
[THYMELEAF]     * Prefix: "th"
[THYMELEAF]     * Processors for Template Mode: HTML
[THYMELEAF]         * Element Tag Processors by [matching element and attribute name] [precedence]:
[THYMELEAF]             * [* {th:include,data-th-include}] [100]: org.thymeleaf.standard.processor.StandardIncludeTagProcessor
[THYMELEAF]             * [* {th:insert,data-th-insert}] [100]: org.thymeleaf.standard.processor.StandardInsertTagProcessor
[THYMELEAF]             * [* {th:replace,data-th-replace}] [100]: org.thymeleaf.standard.processor.StandardReplaceTagProcessor
[THYMELEAF]             * [* {th:each,data-th-each}] [200]: com.intuit.karate.template.KarateEachTagProcessor
[THYMELEAF]             * [* {th:switch,data-th-switch}] [250]: org.thymeleaf.standard.processor.StandardSwitchTagProcessor
[THYMELEAF]             * [* {th:case,data-th-case}] [275]: org.thymeleaf.standard.processor.StandardCaseTagProcessor
[THYMELEAF]             * [* {th:if,data-th-if}] [300]: org.thymeleaf.standard.processor.StandardIfTagProcessor
[THYMELEAF]             * [* {th:unless,data-th-unless}] [400]: org.thymeleaf.standard.processor.StandardUnlessTagProcessor
[THYMELEAF]             * [* {th:object,data-th-object}] [500]: org.thymeleaf.standard.processor.StandardObjectTagProcessor
[THYMELEAF]             * [* {th:with,data-th-with}] [600]: com.intuit.karate.template.KarateWithTagProcessor
[THYMELEAF]             * [* {th:attr,data-th-attr}] [700]: com.intuit.karate.template.KarateAttributeTagProcessor.KarateAttrTagProcessor
[THYMELEAF]             * [* {th:attrappend,data-th-attrappend}] [900]: com.intuit.karate.template.KarateAttributeTagProcessor.KarateAttrappendTagProcessor
[THYMELEAF]             * [* {th:attrprepend,data-th-attrprepend}] [900]: com.intuit.karate.template.KarateAttributeTagProcessor.KarateAttrprependTagProcessor
[THYMELEAF]             * [* {th:alt-title,data-th-alt-title}] [990]: org.thymeleaf.standard.processor.StandardAltTitleTagProcessor
[THYMELEAF]             * [* {th:lang-xmllang,data-th-lang-xmllang}] [990]: org.thymeleaf.standard.processor.StandardLangXmlLangTagProcessor
[THYMELEAF]             * [* {th:action,data-th-action}] [1000]: org.thymeleaf.standard.processor.StandardActionTagProcessor
[THYMELEAF]             * [* {th:autoplay,data-th-autoplay}] [1000]: org.thymeleaf.standard.processor.StandardConditionalFixedValueTagProcessor
[THYMELEAF]             * [* {th:readonly,data-th-readonly}] [1000]: org.thymeleaf.standard.processor.StandardConditionalFixedValueTagProcessor
[THYMELEAF]             * [* {th:ismap,data-th-ismap}] [1000]: org.thymeleaf.standard.processor.StandardConditionalFixedValueTagProcessor
[THYMELEAF]             * [* {th:declare,data-th-declare}] [1000]: org.thymeleaf.standard.processor.StandardConditionalFixedValueTagProcessor
[THYMELEAF]             * [* {th:pubdate,data-th-pubdate}] [1000]: org.thymeleaf.standard.processor.StandardConditionalFixedValueTagProcessor
[THYMELEAF]             * [* {th:formnovalidate,data-th-formnovalidate}] [1000]: org.thymeleaf.standard.processor.StandardConditionalFixedValueTagProcessor
[THYMELEAF]             * [* {th:reversed,data-th-reversed}] [1000]: org.thymeleaf.standard.processor.StandardConditionalFixedValueTagProcessor
[THYMELEAF]             * [* {th:seamless,data-th-seamless}] [1000]: org.thymeleaf.standard.processor.StandardConditionalFixedValueTagProcessor
[THYMELEAF]             * [* {th:loop,data-th-loop}] [1000]: org.thymeleaf.standard.processor.StandardConditionalFixedValueTagProcessor
[THYMELEAF]             * [* {th:required,data-th-required}] [1000]: org.thymeleaf.standard.processor.StandardConditionalFixedValueTagProcessor
[THYMELEAF]             * [* {th:default,data-th-default}] [1000]: org.thymeleaf.standard.processor.StandardConditionalFixedValueTagProcessor
[THYMELEAF]             * [* {th:multiple,data-th-multiple}] [1000]: org.thymeleaf.standard.processor.StandardConditionalFixedValueTagProcessor
[THYMELEAF]             * [* {th:disabled,data-th-disabled}] [1000]: org.thymeleaf.standard.processor.StandardConditionalFixedValueTagProcessor
[THYMELEAF]             * [* {th:selected,data-th-selected}] [1000]: org.thymeleaf.standard.processor.StandardConditionalFixedValueTagProcessor
[THYMELEAF]             * [* {th:controls,data-th-controls}] [1000]: org.thymeleaf.standard.processor.StandardConditionalFixedValueTagProcessor
[THYMELEAF]             * [* {th:autofocus,data-th-autofocus}] [1000]: org.thymeleaf.standard.processor.StandardConditionalFixedValueTagProcessor
[THYMELEAF]             * [* {th:hidden,data-th-hidden}] [1000]: org.thymeleaf.standard.processor.StandardConditionalFixedValueTagProcessor
[THYMELEAF]             * [* {th:scoped,data-th-scoped}] [1000]: org.thymeleaf.standard.processor.StandardConditionalFixedValueTagProcessor
[THYMELEAF]             * [* {th:open,data-th-open}] [1000]: org.thymeleaf.standard.processor.StandardConditionalFixedValueTagProcessor
[THYMELEAF]             * [* {th:defer,data-th-defer}] [1000]: org.thymeleaf.standard.processor.StandardConditionalFixedValueTagProcessor
[THYMELEAF]             * [* {th:novalidate,data-th-novalidate}] [1000]: org.thymeleaf.standard.processor.StandardConditionalFixedValueTagProcessor
[THYMELEAF]             * [* {th:nowrap,data-th-nowrap}] [1000]: org.thymeleaf.standard.processor.StandardConditionalFixedValueTagProcessor
[THYMELEAF]             * [* {th:checked,data-th-checked}] [1000]: org.thymeleaf.standard.processor.StandardConditionalFixedValueTagProcessor
[THYMELEAF]             * [* {th:async,data-th-async}] [1000]: org.thymeleaf.standard.processor.StandardConditionalFixedValueTagProcessor
[THYMELEAF]             * [* {th:onerror,data-th-onerror}] [1000]: org.thymeleaf.standard.processor.StandardDOMEventAttributeTagProcessor
[THYMELEAF]             * [* {th:onplay,data-th-onplay}] [1000]: org.thymeleaf.standard.processor.StandardDOMEventAttributeTagProcessor
[THYMELEAF]             * [* {th:onshow,data-th-onshow}] [1000]: org.thymeleaf.standard.processor.StandardDOMEventAttributeTagProcessor
[THYMELEAF]             * [* {th:onmousemove,data-th-onmousemove}] [1000]: org.thymeleaf.standard.processor.StandardDOMEventAttributeTagProcessor
[THYMELEAF]             * [* {th:onhashchange,data-th-onhashchange}] [1000]: org.thymeleaf.standard.processor.StandardDOMEventAttributeTagProcessor
[THYMELEAF]             * [* {th:onchange,data-th-onchange}] [1000]: org.thymeleaf.standard.processor.StandardDOMEventAttributeTagProcessor
[THYMELEAF]             * [* {th:onforminput,data-th-onforminput}] [1000]: org.thymeleaf.standard.processor.StandardDOMEventAttributeTagProcessor
[THYMELEAF]             * [* {th:onmousewheel,data-th-onmousewheel}] [1000]: org.thymeleaf.standard.processor.StandardDOMEventAttributeTagProcessor
[THYMELEAF]             * [* {th:onseeked,data-th-onseeked}] [1000]: org.thymeleaf.standard.processor.StandardDOMEventAttributeTagProcessor
[THYMELEAF]             * [* {th:ondblclick,data-th-ondblclick}] [1000]: org.thymeleaf.standard.processor.StandardDOMEventAttributeTagProcessor
[THYMELEAF]             * [* {th:onstorage,data-th-onstorage}] [1000]: org.thymeleaf.standard.processor.StandardDOMEventAttributeTagProcessor
[THYMELEAF]             * [* {th:oncanplaythrough,data-th-oncanplaythrough}] [1000]: org.thymeleaf.standard.processor.StandardDOMEventAttributeTagProcessor
[THYMELEAF]             * [* {th:ondragend,data-th-ondragend}] [1000]: org.thymeleaf.standard.processor.StandardDOMEventAttributeTagProcessor
[THYMELEAF]             * [* {th:ondragleave,data-th-ondragleave}] [1000]: org.thymeleaf.standard.processor.StandardDOMEventAttributeTagProcessor
[THYMELEAF]             * [* {th:onprogress,data-th-onprogress}] [1000]: org.thymeleaf.standard.processor.StandardDOMEventAttributeTagProcessor
[THYMELEAF]             * [* {th:onabort,data-th-onabort}] [1000]: org.thymeleaf.standard.processor.StandardDOMEventAttributeTagProcessor
[THYMELEAF]             * [* {th:onunload,data-th-onunload}] [1000]: org.thymeleaf.standard.processor.StandardDOMEventAttributeTagProcessor
[THYMELEAF]             * [* {th:onkeydown,data-th-onkeydown}] [1000]: org.thymeleaf.standard.processor.StandardDOMEventAttributeTagProcessor
[THYMELEAF]             * [* {th:onscroll,data-th-onscroll}] [1000]: org.thymeleaf.standard.processor.StandardDOMEventAttributeTagProcessor
[THYMELEAF]             * [* {th:onplaying,data-th-onplaying}] [1000]: org.thymeleaf.standard.processor.StandardDOMEventAttributeTagProcessor
[THYMELEAF]             * [* {th:onafterprint,data-th-onafterprint}] [1000]: org.thymeleaf.standard.processor.StandardDOMEventAttributeTagProcessor
[THYMELEAF]             * [* {th:oninvalid,data-th-oninvalid}] [1000]: org.thymeleaf.standard.processor.StandardDOMEventAttributeTagProcessor
[THYMELEAF]             * [* {th:onsubmit,data-th-onsubmit}] [1000]: org.thymeleaf.standard.processor.StandardDOMEventAttributeTagProcessor
[THYMELEAF]             * [* {th:ondragover,data-th-ondragover}] [1000]: org.thymeleaf.standard.processor.StandardDOMEventAttributeTagProcessor
[THYMELEAF]             * [* {th:onkeyup,data-th-onkeyup}] [1000]: org.thymeleaf.standard.processor.StandardDOMEventAttributeTagProcessor
[THYMELEAF]             * [* {th:onpause,data-th-onpause}] [1000]: org.thymeleaf.standard.processor.StandardDOMEventAttributeTagProcessor
[THYMELEAF]             * [* {th:onloadedmetadata,data-th-onloadedmetadata}] [1000]: org.thymeleaf.standard.processor.StandardDOMEventAttributeTagProcessor
[THYMELEAF]             * [* {th:ondrop,data-th-ondrop}] [1000]: org.thymeleaf.standard.processor.StandardDOMEventAttributeTagProcessor
[THYMELEAF]             * [* {th:onstalled,data-th-onstalled}] [1000]: org.thymeleaf.standard.processor.StandardDOMEventAttributeTagProcessor
[THYMELEAF]             * [* {th:onformchange,data-th-onformchange}] [1000]: org.thymeleaf.standard.processor.StandardDOMEventAttributeTagProcessor
[THYMELEAF]             * [* {th:ondragenter,data-th-ondragenter}] [1000]: org.thymeleaf.standard.processor.StandardDOMEventAttributeTagProcessor
[THYMELEAF]             * [* {th:onbeforeunload,data-th-onbeforeunload}] [1000]: org.thymeleaf.standard.processor.StandardDOMEventAttributeTagProcessor
[THYMELEAF]             * [* {th:onratechange,data-th-onratechange}] [1000]: org.thymeleaf.standard.processor.StandardDOMEventAttributeTagProcessor
[THYMELEAF]             * [* {th:onmousedown,data-th-onmousedown}] [1000]: org.thymeleaf.standard.processor.StandardDOMEventAttributeTagProcessor
[THYMELEAF]             * [* {th:onloadstart,data-th-onloadstart}] [1000]: org.thymeleaf.standard.processor.StandardDOMEventAttributeTagProcessor
[THYMELEAF]             * [* {th:onpopstate,data-th-onpopstate}] [1000]: org.thymeleaf.standard.processor.StandardDOMEventAttributeTagProcessor
[THYMELEAF]             * [* {th:oncontextmenu,data-th-oncontextmenu}] [1000]: org.thymeleaf.standard.processor.StandardDOMEventAttributeTagProcessor
[THYMELEAF]             * [* {th:onseeking,data-th-onseeking}] [1000]: org.thymeleaf.standard.processor.StandardDOMEventAttributeTagProcessor
[THYMELEAF]             * [* {th:ontimeupdate,data-th-ontimeupdate}] [1000]: org.thymeleaf.standard.processor.StandardDOMEventAttributeTagProcessor
[THYMELEAF]             * [* {th:ondragstart,data-th-ondragstart}] [1000]: org.thymeleaf.standard.processor.StandardDOMEventAttributeTagProcessor
[THYMELEAF]             * [* {th:oncanplay,data-th-oncanplay}] [1000]: org.thymeleaf.standard.processor.StandardDOMEventAttributeTagProcessor
[THYMELEAF]             * [* {th:onwaiting,data-th-onwaiting}] [1000]: org.thymeleaf.standard.processor.StandardDOMEventAttributeTagProcessor
[THYMELEAF]             * [* {th:onredo,data-th-onredo}] [1000]: org.thymeleaf.standard.processor.StandardDOMEventAttributeTagProcessor
[THYMELEAF]             * [* {th:onsuspend,data-th-onsuspend}] [1000]: org.thymeleaf.standard.processor.StandardDOMEventAttributeTagProcessor
[THYMELEAF]             * [* {th:onmouseover,data-th-onmouseover}] [1000]: org.thymeleaf.standard.processor.StandardDOMEventAttributeTagProcessor
[THYMELEAF]             * [* {th:onended,data-th-onended}] [1000]: org.thymeleaf.standard.processor.StandardDOMEventAttributeTagProcessor
[THYMELEAF]             * [* {th:onfocus,data-th-onfocus}] [1000]: org.thymeleaf.standard.processor.StandardDOMEventAttributeTagProcessor
[THYMELEAF]             * [* {th:onmessage,data-th-onmessage}] [1000]: org.thymeleaf.standard.processor.StandardDOMEventAttributeTagProcessor
[THYMELEAF]             * [* {th:onbeforeprint,data-th-onbeforeprint}] [1000]: org.thymeleaf.standard.processor.StandardDOMEventAttributeTagProcessor
[THYMELEAF]             * [* {th:onreset,data-th-onreset}] [1000]: org.thymeleaf.standard.processor.StandardDOMEventAttributeTagProcessor
[THYMELEAF]             * [* {th:onmouseout,data-th-onmouseout}] [1000]: org.thymeleaf.standard.processor.StandardDOMEventAttributeTagProcessor
[THYMELEAF]             * [* {th:ononline,data-th-ononline}] [1000]: org.thymeleaf.standard.processor.StandardDOMEventAttributeTagProcessor
[THYMELEAF]             * [* {th:onkeypress,data-th-onkeypress}] [1000]: org.thymeleaf.standard.processor.StandardDOMEventAttributeTagProcessor
[THYMELEAF]             * [* {th:onmouseup,data-th-onmouseup}] [1000]: org.thymeleaf.standard.processor.StandardDOMEventAttributeTagProcessor
[THYMELEAF]             * [* {th:oninput,data-th-oninput}] [1000]: org.thymeleaf.standard.processor.StandardDOMEventAttributeTagProcessor
[THYMELEAF]             * [* {th:onvolumechange,data-th-onvolumechange}] [1000]: org.thymeleaf.standard.processor.StandardDOMEventAttributeTagProcessor
[THYMELEAF]             * [* {th:onblur,data-th-onblur}] [1000]: org.thymeleaf.standard.processor.StandardDOMEventAttributeTagProcessor
[THYMELEAF]             * [* {th:onloadeddata,data-th-onloadeddata}] [1000]: org.thymeleaf.standard.processor.StandardDOMEventAttributeTagProcessor
[THYMELEAF]             * [* {th:onclick,data-th-onclick}] [1000]: org.thymeleaf.standard.processor.StandardDOMEventAttributeTagProcessor
[THYMELEAF]             * [* {th:ondrag,data-th-ondrag}] [1000]: org.thymeleaf.standard.processor.StandardDOMEventAttributeTagProcessor
[THYMELEAF]             * [* {th:onreadystatechange,data-th-onreadystatechange}] [1000]: org.thymeleaf.standard.processor.StandardDOMEventAttributeTagProcessor
[THYMELEAF]             * [* {th:onselect,data-th-onselect}] [1000]: org.thymeleaf.standard.processor.StandardDOMEventAttributeTagProcessor
[THYMELEAF]             * [* {th:onundo,data-th-onundo}] [1000]: org.thymeleaf.standard.processor.StandardDOMEventAttributeTagProcessor
[THYMELEAF]             * [* {th:ondurationchange,data-th-ondurationchange}] [1000]: org.thymeleaf.standard.processor.StandardDOMEventAttributeTagProcessor
[THYMELEAF]             * [* {th:onemptied,data-th-onemptied}] [1000]: org.thymeleaf.standard.processor.StandardDOMEventAttributeTagProcessor
[THYMELEAF]             * [* {th:onload,data-th-onload}] [1000]: org.thymeleaf.standard.processor.StandardDOMEventAttributeTagProcessor
[THYMELEAF]             * [* {th:onresize,data-th-onresize}] [1000]: org.thymeleaf.standard.processor.StandardDOMEventAttributeTagProcessor
[THYMELEAF]             * [* {th:onoffline,data-th-onoffline}] [1000]: org.thymeleaf.standard.processor.StandardDOMEventAttributeTagProcessor
[THYMELEAF]             * [* {th:href,data-th-href}] [1000]: org.thymeleaf.standard.processor.StandardHrefTagProcessor
[THYMELEAF]             * [* {th:inline,data-th-inline}] [1000]: org.thymeleaf.standard.processor.StandardInlineHTMLTagProcessor
[THYMELEAF]             * [* {th:method,data-th-method}] [1000]: org.thymeleaf.standard.processor.StandardMethodTagProcessor
[THYMELEAF]             * [* {th:name,data-th-name}] [1000]: org.thymeleaf.standard.processor.StandardNonRemovableAttributeTagProcessor
[THYMELEAF]             * [* {th:type,data-th-type}] [1000]: org.thymeleaf.standard.processor.StandardNonRemovableAttributeTagProcessor
[THYMELEAF]             * [* {th:formaction,data-th-formaction}] [1000]: org.thymeleaf.standard.processor.StandardRemovableAttributeTagProcessor
[THYMELEAF]             * [* {th:start,data-th-start}] [1000]: org.thymeleaf.standard.processor.StandardRemovableAttributeTagProcessor
[THYMELEAF]             * [* {th:low,data-th-low}] [1000]: org.thymeleaf.standard.processor.StandardRemovableAttributeTagProcessor
[THYMELEAF]             * [* {th:high,data-th-high}] [1000]: org.thymeleaf.standard.processor.StandardRemovableAttributeTagProcessor
[THYMELEAF]             * [* {th:formmethod,data-th-formmethod}] [1000]: org.thymeleaf.standard.processor.StandardRemovableAttributeTagProcessor
[THYMELEAF]             * [* {th:maxlength,data-th-maxlength}] [1000]: org.thymeleaf.standard.processor.StandardRemovableAttributeTagProcessor
[THYMELEAF]             * [* {th:usemap,data-th-usemap}] [1000]: org.thymeleaf.standard.processor.StandardRemovableAttributeTagProcessor
[THYMELEAF]             * [* {th:longdesc,data-th-longdesc}] [1000]: org.thymeleaf.standard.processor.StandardRemovableAttributeTagProcessor
[THYMELEAF]             * [* {th:kind,data-th-kind}] [1000]: org.thymeleaf.standard.processor.StandardRemovableAttributeTagProcessor
[THYMELEAF]             * [* {th:border,data-th-border}] [1000]: org.thymeleaf.standard.processor.StandardRemovableAttributeTagProcessor
[THYMELEAF]             * [* {th:scrolling,data-th-scrolling}] [1000]: org.thymeleaf.standard.processor.StandardRemovableAttributeTagProcessor
[THYMELEAF]             * [* {th:enctype,data-th-enctype}] [1000]: org.thymeleaf.standard.processor.StandardRemovableAttributeTagProcessor
[THYMELEAF]             * [* {th:style,data-th-style}] [1000]: org.thymeleaf.standard.processor.StandardRemovableAttributeTagProcessor
[THYMELEAF]             * [* {th:icon,data-th-icon}] [1000]: org.thymeleaf.standard.processor.StandardRemovableAttributeTagProcessor
[THYMELEAF]             * [* {th:hspace,data-th-hspace}] [1000]: org.thymeleaf.standard.processor.StandardRemovableAttributeTagProcessor
[THYMELEAF]             * [* {th:label,data-th-label}] [1000]: org.thymeleaf.standard.processor.StandardRemovableAttributeTagProcessor
[THYMELEAF]             * [* {th:standby,data-th-standby}] [1000]: org.thymeleaf.standard.processor.StandardRemovableAttributeTagProcessor
[THYMELEAF]             * [* {th:accept-charset,data-th-accept-charset}] [1000]: org.thymeleaf.standard.processor.StandardRemovableAttributeTagProcessor
[THYMELEAF]             * [* {th:colspan,data-th-colspan}] [1000]: org.thymeleaf.standard.processor.StandardRemovableAttributeTagProcessor
[THYMELEAF]             * [* {th:form,data-th-form}] [1000]: org.thymeleaf.standard.processor.StandardRemovableAttributeTagProcessor
[THYMELEAF]             * [* {th:cellspacing,data-th-cellspacing}] [1000]: org.thymeleaf.standard.processor.StandardRemovableAttributeTagProcessor
[THYMELEAF]             * [* {th:valuetype,data-th-valuetype}] [1000]: org.thymeleaf.standard.processor.StandardRemovableAttributeTagProcessor
[THYMELEAF]             * [* {th:data,data-th-data}] [1000]: org.thymeleaf.standard.processor.StandardRemovableAttributeTagProcessor
[THYMELEAF]             * [* {th:axis,data-th-axis}] [1000]: org.thymeleaf.standard.processor.StandardRemovableAttributeTagProcessor
[THYMELEAF]             * [* {th:audio,data-th-audio}] [1000]: org.thymeleaf.standard.processor.StandardRemovableAttributeTagProcessor
[THYMELEAF]             * [* {th:target,data-th-target}] [1000]: org.thymeleaf.standard.processor.StandardRemovableAttributeTagProcessor
[THYMELEAF]             * [* {th:accesskey,data-th-accesskey}] [1000]: org.thymeleaf.standard.processor.StandardRemovableAttributeTagProcessor
[THYMELEAF]             * [* {th:width,data-th-width}] [1000]: org.thymeleaf.standard.processor.StandardRemovableAttributeTagProcessor
[THYMELEAF]             * [* {th:media,data-th-media}] [1000]: org.thymeleaf.standard.processor.StandardRemovableAttributeTagProcessor
[THYMELEAF]             * [* {th:scope,data-th-scope}] [1000]: org.thymeleaf.standard.processor.StandardRemovableAttributeTagProcessor
[THYMELEAF]             * [* {th:max,data-th-max}] [1000]: org.thymeleaf.standard.processor.StandardRemovableAttributeTagProcessor
[THYMELEAF]             * [* {th:rows,data-th-rows}] [1000]: org.thymeleaf.standard.processor.StandardRemovableAttributeTagProcessor
[THYMELEAF]             * [* {th:min,data-th-min}] [1000]: org.thymeleaf.standard.processor.StandardRemovableAttributeTagProcessor
[THYMELEAF]             * [* {th:lang,data-th-lang}] [1000]: org.thymeleaf.standard.processor.StandardRemovableAttributeTagProcessor
[THYMELEAF]             * [* {th:preload,data-th-preload}] [1000]: org.thymeleaf.standard.processor.StandardRemovableAttributeTagProcessor
[THYMELEAF]             * [* {th:scheme,data-th-scheme}] [1000]: org.thymeleaf.standard.processor.StandardRemovableAttributeTagProcessor
[THYMELEAF]             * [* {th:codetype,data-th-codetype}] [1000]: org.thymeleaf.standard.processor.StandardRemovableAttributeTagProcessor
[THYMELEAF]             * [* {th:placeholder,data-th-placeholder}] [1000]: org.thymeleaf.standard.processor.StandardRemovableAttributeTagProcessor
[THYMELEAF]             * [* {th:accept,data-th-accept}] [1000]: org.thymeleaf.standard.processor.StandardRemovableAttributeTagProcessor
[THYMELEAF]             * [* {th:autocomplete,data-th-autocomplete}] [1000]: org.thymeleaf.standard.processor.StandardRemovableAttributeTagProcessor
[THYMELEAF]             * [* {th:span,data-th-span}] [1000]: org.thymeleaf.standard.processor.StandardRemovableAttributeTagProcessor
[THYMELEAF]             * [* {th:align,data-th-align}] [1000]: org.thymeleaf.standard.processor.StandardRemovableAttributeTagProcessor
[THYMELEAF]             * [* {th:classid,data-th-classid}] [1000]: org.thymeleaf.standard.processor.StandardRemovableAttributeTagProcessor
[THYMELEAF]             * [* {th:rel,data-th-rel}] [1000]: org.thymeleaf.standard.processor.StandardRemovableAttributeTagProcessor
[THYMELEAF]             * [* {th:contextmenu,data-th-contextmenu}] [1000]: org.thymeleaf.standard.processor.StandardRemovableAttributeTagProcessor
[THYMELEAF]             * [* {th:summary,data-th-summary}] [1000]: org.thymeleaf.standard.processor.StandardRemovableAttributeTagProcessor
[THYMELEAF]             * [* {th:height,data-th-height}] [1000]: org.thymeleaf.standard.processor.StandardRemovableAttributeTagProcessor
[THYMELEAF]             * [* {th:keytype,data-th-keytype}] [1000]: org.thymeleaf.standard.processor.StandardRemovableAttributeTagProcessor
[THYMELEAF]             * [* {th:frameborder,data-th-frameborder}] [1000]: org.thymeleaf.standard.processor.StandardRemovableAttributeTagProcessor
[THYMELEAF]             * [* {th:marginheight,data-th-marginheight}] [1000]: org.thymeleaf.standard.processor.StandardRemovableAttributeTagProcessor
[THYMELEAF]             * [* {th:spellcheck,data-th-spellcheck}] [1000]: org.thymeleaf.standard.processor.StandardRemovableAttributeTagProcessor
[THYMELEAF]             * [* {th:sandbox,data-th-sandbox}] [1000]: org.thymeleaf.standard.processor.StandardRemovableAttributeTagProcessor
[THYMELEAF]             * [* {th:sizes,data-th-sizes}] [1000]: org.thymeleaf.standard.processor.StandardRemovableAttributeTagProcessor
[THYMELEAF]             * [* {th:cite,data-th-cite}] [1000]: org.thymeleaf.standard.processor.StandardRemovableAttributeTagProcessor
[THYMELEAF]             * [* {th:rowspan,data-th-rowspan}] [1000]: org.thymeleaf.standard.processor.StandardRemovableAttributeTagProcessor
[THYMELEAF]             * [* {th:http-equiv,data-th-http-equiv}] [1000]: org.thymeleaf.standard.processor.StandardRemovableAttributeTagProcessor
[THYMELEAF]             * [* {th:archive,data-th-archive}] [1000]: org.thymeleaf.standard.processor.StandardRemovableAttributeTagProcessor
[THYMELEAF]             * [* {th:contenteditable,data-th-contenteditable}] [1000]: org.thymeleaf.standard.processor.StandardRemovableAttributeTagProcessor
[THYMELEAF]             * [* {th:hreflang,data-th-hreflang}] [1000]: org.thymeleaf.standard.processor.StandardRemovableAttributeTagProcessor
[THYMELEAF]             * [* {th:title,data-th-title}] [1000]: org.thymeleaf.standard.processor.StandardRemovableAttributeTagProcessor
[THYMELEAF]             * [* {th:alt,data-th-alt}] [1000]: org.thymeleaf.standard.processor.StandardRemovableAttributeTagProcessor
[THYMELEAF]             * [* {th:wrap,data-th-wrap}] [1000]: org.thymeleaf.standard.processor.StandardRemovableAttributeTagProcessor
[THYMELEAF]             * [* {th:codebase,data-th-codebase}] [1000]: org.thymeleaf.standard.processor.StandardRemovableAttributeTagProcessor
[THYMELEAF]             * [* {th:cols,data-th-cols}] [1000]: org.thymeleaf.standard.processor.StandardRemovableAttributeTagProcessor
[THYMELEAF]             * [* {th:list,data-th-list}] [1000]: org.thymeleaf.standard.processor.StandardRemovableAttributeTagProcessor
[THYMELEAF]             * [* {th:class,data-th-class}] [1000]: org.thymeleaf.standard.processor.StandardRemovableAttributeTagProcessor
[THYMELEAF]             * [* {th:formenctype,data-th-formenctype}] [1000]: org.thymeleaf.standard.processor.StandardRemovableAttributeTagProcessor
[THYMELEAF]             * [* {th:bgcolor,data-th-bgcolor}] [1000]: org.thymeleaf.standard.processor.StandardRemovableAttributeTagProcessor
[THYMELEAF]             * [* {th:draggable,data-th-draggable}] [1000]: org.thymeleaf.standard.processor.StandardRemovableAttributeTagProcessor
[THYMELEAF]             * [* {th:cellpadding,data-th-cellpadding}] [1000]: org.thymeleaf.standard.processor.StandardRemovableAttributeTagProcessor
[THYMELEAF]             * [* {th:abbr,data-th-abbr}] [1000]: org.thymeleaf.standard.processor.StandardRemovableAttributeTagProcessor
[THYMELEAF]             * [* {th:manifest,data-th-manifest}] [1000]: org.thymeleaf.standard.processor.StandardRemovableAttributeTagProcessor
[THYMELEAF]             * [* {th:srclang,data-th-srclang}] [1000]: org.thymeleaf.standard.processor.StandardRemovableAttributeTagProcessor
[THYMELEAF]             * [* {th:step,data-th-step}] [1000]: org.thymeleaf.standard.processor.StandardRemovableAttributeTagProcessor
[THYMELEAF]             * [* {th:tabindex,data-th-tabindex}] [1000]: org.thymeleaf.standard.processor.StandardRemovableAttributeTagProcessor
[THYMELEAF]             * [* {th:background,data-th-background}] [1000]: org.thymeleaf.standard.processor.StandardRemovableAttributeTagProcessor
[THYMELEAF]             * [* {th:dropzone,data-th-dropzone}] [1000]: org.thymeleaf.standard.processor.StandardRemovableAttributeTagProcessor
[THYMELEAF]             * [* {th:radiogroup,data-th-radiogroup}] [1000]: org.thymeleaf.standard.processor.StandardRemovableAttributeTagProcessor
[THYMELEAF]             * [* {th:poster,data-th-poster}] [1000]: org.thymeleaf.standard.processor.StandardRemovableAttributeTagProcessor
[THYMELEAF]             * [* {th:rules,data-th-rules}] [1000]: org.thymeleaf.standard.processor.StandardRemovableAttributeTagProcessor
[THYMELEAF]             * [* {th:content,data-th-content}] [1000]: org.thymeleaf.standard.processor.StandardRemovableAttributeTagProcessor
[THYMELEAF]             * [* {th:headers,data-th-headers}] [1000]: org.thymeleaf.standard.processor.StandardRemovableAttributeTagProcessor
[THYMELEAF]             * [* {th:optimum,data-th-optimum}] [1000]: org.thymeleaf.standard.processor.StandardRemovableAttributeTagProcessor
[THYMELEAF]             * [* {th:vspace,data-th-vspace}] [1000]: org.thymeleaf.standard.processor.StandardRemovableAttributeTagProcessor
[THYMELEAF]             * [* {th:for,data-th-for}] [1000]: org.thymeleaf.standard.processor.StandardRemovableAttributeTagProcessor
[THYMELEAF]             * [* {th:id,data-th-id}] [1000]: org.thymeleaf.standard.processor.StandardRemovableAttributeTagProcessor
[THYMELEAF]             * [* {th:challenge,data-th-challenge}] [1000]: org.thymeleaf.standard.processor.StandardRemovableAttributeTagProcessor
[THYMELEAF]             * [* {th:marginwidth,data-th-marginwidth}] [1000]: org.thymeleaf.standard.processor.StandardRemovableAttributeTagProcessor
[THYMELEAF]             * [* {th:frame,data-th-frame}] [1000]: org.thymeleaf.standard.processor.StandardRemovableAttributeTagProcessor
[THYMELEAF]             * [* {th:pattern,data-th-pattern}] [1000]: org.thymeleaf.standard.processor.StandardRemovableAttributeTagProcessor
[THYMELEAF]             * [* {th:compact,data-th-compact}] [1000]: org.thymeleaf.standard.processor.StandardRemovableAttributeTagProcessor
[THYMELEAF]             * [* {th:rev,data-th-rev}] [1000]: org.thymeleaf.standard.processor.StandardRemovableAttributeTagProcessor
[THYMELEAF]             * [* {th:formtarget,data-th-formtarget}] [1000]: org.thymeleaf.standard.processor.StandardRemovableAttributeTagProcessor
[THYMELEAF]             * [* {th:dir,data-th-dir}] [1000]: org.thymeleaf.standard.processor.StandardRemovableAttributeTagProcessor
[THYMELEAF]             * [* {th:size,data-th-size}] [1000]: org.thymeleaf.standard.processor.StandardRemovableAttributeTagProcessor
[THYMELEAF]             * [* {th:charset,data-th-charset}] [1000]: org.thymeleaf.standard.processor.StandardRemovableAttributeTagProcessor
[THYMELEAF]             * [* {th:datetime,data-th-datetime}] [1000]: org.thymeleaf.standard.processor.StandardRemovableAttributeTagProcessor
[THYMELEAF]             * [* {th:src,data-th-src}] [1000]: org.thymeleaf.standard.processor.StandardSrcTagProcessor
[THYMELEAF]             * [* {th:value,data-th-value}] [1000]: org.thymeleaf.standard.processor.StandardValueTagProcessor
[THYMELEAF]             * [* {th:xmlbase,data-th-xmlbase}] [1000]: org.thymeleaf.standard.processor.StandardXmlBaseTagProcessor
[THYMELEAF]             * [* {th:xmllang,data-th-xmllang}] [1000]: org.thymeleaf.standard.processor.StandardXmlLangTagProcessor
[THYMELEAF]             * [* {xmlns:th}] [1000]: org.thymeleaf.standard.processor.StandardXmlNsTagProcessor
[THYMELEAF]             * [* {th:xmlspace,data-th-xmlspace}] [1000]: org.thymeleaf.standard.processor.StandardXmlSpaceTagProcessor
[THYMELEAF]             * [* {th:classappend,data-th-classappend}] [1100]: org.thymeleaf.standard.processor.StandardClassappendTagProcessor
[THYMELEAF]             * [* {th:styleappend,data-th-styleappend}] [1100]: org.thymeleaf.standard.processor.StandardStyleappendTagProcessor
[THYMELEAF]             * [* {th:text,data-th-text}] [1300]: org.thymeleaf.standard.processor.StandardTextTagProcessor
[THYMELEAF]             * [* {th:utext,data-th-utext}] [1400]: org.thymeleaf.standard.processor.StandardUtextTagProcessor
[THYMELEAF]             * [* {th:fragment,data-th-fragment}] [1500]: org.thymeleaf.standard.processor.StandardFragmentTagProcessor
[THYMELEAF]             * [* {th:assert,data-th-assert}] [1550]: org.thymeleaf.standard.processor.StandardAssertTagProcessor
[THYMELEAF]             * [* {th:remove,data-th-remove}] [1600]: org.thymeleaf.standard.processor.StandardRemoveTagProcessor
[THYMELEAF]             * [* {th:ref,data-th-ref}] [10000]: org.thymeleaf.standard.processor.StandardRefAttributeTagProcessor
[THYMELEAF]             * [{th:block,th-block} *] [100000]: org.thymeleaf.standard.processor.StandardBlockTagProcessor
[THYMELEAF]             * [* th:*] [2147483647]: org.thymeleaf.standard.processor.StandardDefaultAttributesTagProcessor
[THYMELEAF]         * Text Processors by [precedence]:
[THYMELEAF]             * [1000]: org.thymeleaf.standard.processor.StandardInliningTextProcessor
[THYMELEAF]         * DOCTYPE Processors by [precedence]:
[THYMELEAF]             * [1000]: org.thymeleaf.standard.processor.StandardTranslationDocTypeProcessor
[THYMELEAF]         * CDATA Section Processors by [precedence]:
[THYMELEAF]             * [1000]: org.thymeleaf.standard.processor.StandardInliningCDATASectionProcessor
[THYMELEAF]         * Comment Processors by [precedence]:
[THYMELEAF]             * [1000]: org.thymeleaf.standard.processor.StandardInliningCommentProcessor
[THYMELEAF]             * [1100]: org.thymeleaf.standard.processor.StandardConditionalCommentProcessor
[THYMELEAF]     * Processors for Template Mode: XML
[THYMELEAF]         * Element Tag Processors by [matching element and attribute name] [precedence]:
[THYMELEAF]             * [* {th:include}] [100]: org.thymeleaf.standard.processor.StandardIncludeTagProcessor
[THYMELEAF]             * [* {th:insert}] [100]: org.thymeleaf.standard.processor.StandardInsertTagProcessor
[THYMELEAF]             * [* {th:replace}] [100]: org.thymeleaf.standard.processor.StandardReplaceTagProcessor
[THYMELEAF]             * [* {th:each}] [200]: com.intuit.karate.template.KarateEachTagProcessor
[THYMELEAF]             * [* {th:switch}] [250]: org.thymeleaf.standard.processor.StandardSwitchTagProcessor
[THYMELEAF]             * [* {th:case}] [275]: org.thymeleaf.standard.processor.StandardCaseTagProcessor
[THYMELEAF]             * [* {th:if}] [300]: org.thymeleaf.standard.processor.StandardIfTagProcessor
[THYMELEAF]             * [* {th:unless}] [400]: org.thymeleaf.standard.processor.StandardUnlessTagProcessor
[THYMELEAF]             * [* {th:object}] [500]: org.thymeleaf.standard.processor.StandardObjectTagProcessor
[THYMELEAF]             * [* {th:with}] [600]: com.intuit.karate.template.KarateWithTagProcessor
[THYMELEAF]             * [* {th:attr}] [700]: com.intuit.karate.template.KarateAttributeTagProcessor.KarateAttrTagProcessor
[THYMELEAF]             * [* {th:attrappend}] [900]: com.intuit.karate.template.KarateAttributeTagProcessor.KarateAttrappendTagProcessor
[THYMELEAF]             * [* {th:attrprepend}] [900]: com.intuit.karate.template.KarateAttributeTagProcessor.KarateAttrprependTagProcessor
[THYMELEAF]             * [* {th:inline}] [1000]: org.thymeleaf.standard.processor.StandardInlineXMLTagProcessor
[THYMELEAF]             * [* {xmlns:th}] [1000]: org.thymeleaf.standard.processor.StandardXmlNsTagProcessor
[THYMELEAF]             * [* {th:text}] [1300]: org.thymeleaf.standard.processor.StandardTextTagProcessor
[THYMELEAF]             * [* {th:utext}] [1400]: org.thymeleaf.standard.processor.StandardUtextTagProcessor
[THYMELEAF]             * [* {th:fragment}] [1500]: org.thymeleaf.standard.processor.StandardFragmentTagProcessor
[THYMELEAF]             * [* {th:assert}] [1550]: org.thymeleaf.standard.processor.StandardAssertTagProcessor
[THYMELEAF]             * [* {th:remove}] [1600]: org.thymeleaf.standard.processor.StandardRemoveTagProcessor
[THYMELEAF]             * [* {th:ref}] [10000]: org.thymeleaf.standard.processor.StandardRefAttributeTagProcessor
[THYMELEAF]             * [{th:block} *] [100000]: org.thymeleaf.standard.processor.StandardBlockTagProcessor
[THYMELEAF]             * [* th:*] [2147483647]: org.thymeleaf.standard.processor.StandardDefaultAttributesTagProcessor
[THYMELEAF]         * Text Processors by [precedence]:
[THYMELEAF]             * [1000]: org.thymeleaf.standard.processor.StandardInliningTextProcessor
[THYMELEAF]         * CDATA Section Processors by [precedence]:
[THYMELEAF]             * [1000]: org.thymeleaf.standard.processor.StandardInliningCDATASectionProcessor
[THYMELEAF]         * Comment Processors by [precedence]:
[THYMELEAF]             * [1000]: org.thymeleaf.standard.processor.StandardInliningCommentProcessor
[THYMELEAF]     * Processors for Template Mode: TEXT
[THYMELEAF]         * Element Tag Processors by [matching element and attribute name] [precedence]:
[THYMELEAF]             * [* {th:insert}] [100]: org.thymeleaf.standard.processor.StandardInsertTagProcessor
[THYMELEAF]             * [* {th:replace}] [100]: org.thymeleaf.standard.processor.StandardReplaceTagProcessor
[THYMELEAF]             * [* {th:each}] [200]: com.intuit.karate.template.KarateEachTagProcessor
[THYMELEAF]             * [* {th:switch}] [250]: org.thymeleaf.standard.processor.StandardSwitchTagProcessor
[THYMELEAF]             * [* {th:case}] [275]: org.thymeleaf.standard.processor.StandardCaseTagProcessor
[THYMELEAF]             * [* {th:if}] [300]: org.thymeleaf.standard.processor.StandardIfTagProcessor
[THYMELEAF]             * [* {th:unless}] [400]: org.thymeleaf.standard.processor.StandardUnlessTagProcessor
[THYMELEAF]             * [* {th:object}] [500]: org.thymeleaf.standard.processor.StandardObjectTagProcessor
[THYMELEAF]             * [* {th:with}] [600]: com.intuit.karate.template.KarateWithTagProcessor
[THYMELEAF]             * [* {th:inline}] [1000]: org.thymeleaf.standard.processor.StandardInlineTextualTagProcessor
[THYMELEAF]             * [* {th:text}] [1300]: org.thymeleaf.standard.processor.StandardTextTagProcessor
[THYMELEAF]             * [* {th:utext}] [1400]: org.thymeleaf.standard.processor.StandardUtextTagProcessor
[THYMELEAF]             * [* {th:assert}] [1550]: org.thymeleaf.standard.processor.StandardAssertTagProcessor
[THYMELEAF]             * [* {th:remove}] [1600]: org.thymeleaf.standard.processor.StandardRemoveTagProcessor
[THYMELEAF]             * [* 100000] [org.thymeleaf.standard.processor.StandardBlockTagProcessor]: {}
[THYMELEAF]             * [{th:block} *] [100000]: org.thymeleaf.standard.processor.StandardBlockTagProcessor
[THYMELEAF]         * Text Processors by [precedence]:
[THYMELEAF]             * [1000]: org.thymeleaf.standard.processor.StandardInliningTextProcessor
[THYMELEAF]     * Processors for Template Mode: JAVASCRIPT
[THYMELEAF]         * Element Tag Processors by [matching element and attribute name] [precedence]:
[THYMELEAF]             * [* {th:insert}] [100]: org.thymeleaf.standard.processor.StandardInsertTagProcessor
[THYMELEAF]             * [* {th:replace}] [100]: org.thymeleaf.standard.processor.StandardReplaceTagProcessor
[THYMELEAF]             * [* {th:each}] [200]: com.intuit.karate.template.KarateEachTagProcessor
[THYMELEAF]             * [* {th:switch}] [250]: org.thymeleaf.standard.processor.StandardSwitchTagProcessor
[THYMELEAF]             * [* {th:case}] [275]: org.thymeleaf.standard.processor.StandardCaseTagProcessor
[THYMELEAF]             * [* {th:if}] [300]: org.thymeleaf.standard.processor.StandardIfTagProcessor
[THYMELEAF]             * [* {th:unless}] [400]: org.thymeleaf.standard.processor.StandardUnlessTagProcessor
[THYMELEAF]             * [* {th:object}] [500]: org.thymeleaf.standard.processor.StandardObjectTagProcessor
[THYMELEAF]             * [* {th:with}] [600]: com.intuit.karate.template.KarateWithTagProcessor
[THYMELEAF]             * [* {th:inline}] [1000]: org.thymeleaf.standard.processor.StandardInlineTextualTagProcessor
[THYMELEAF]             * [* {th:text}] [1300]: org.thymeleaf.standard.processor.StandardTextTagProcessor
[THYMELEAF]             * [* {th:utext}] [1400]: org.thymeleaf.standard.processor.StandardUtextTagProcessor
[THYMELEAF]             * [* {th:assert}] [1550]: org.thymeleaf.standard.processor.StandardAssertTagProcessor
[THYMELEAF]             * [* {th:remove}] [1600]: org.thymeleaf.standard.processor.StandardRemoveTagProcessor
[THYMELEAF]             * [{th:block} *] [100000]: org.thymeleaf.standard.processor.StandardBlockTagProcessor
[THYMELEAF]             * [* 100000] [org.thymeleaf.standard.processor.StandardBlockTagProcessor]: {}
[THYMELEAF]         * Text Processors by [precedence]:
[THYMELEAF]             * [1000]: org.thymeleaf.standard.processor.StandardInliningTextProcessor
[THYMELEAF]     * Processors for Template Mode: CSS
[THYMELEAF]         * Element Tag Processors by [matching element and attribute name] [precedence]:
[THYMELEAF]             * [* {th:insert}] [100]: org.thymeleaf.standard.processor.StandardInsertTagProcessor
[THYMELEAF]             * [* {th:replace}] [100]: org.thymeleaf.standard.processor.StandardReplaceTagProcessor
[THYMELEAF]             * [* {th:each}] [200]: com.intuit.karate.template.KarateEachTagProcessor
[THYMELEAF]             * [* {th:switch}] [250]: org.thymeleaf.standard.processor.StandardSwitchTagProcessor
[THYMELEAF]             * [* {th:case}] [275]: org.thymeleaf.standard.processor.StandardCaseTagProcessor
[THYMELEAF]             * [* {th:if}] [300]: org.thymeleaf.standard.processor.StandardIfTagProcessor
[THYMELEAF]             * [* {th:unless}] [400]: org.thymeleaf.standard.processor.StandardUnlessTagProcessor
[THYMELEAF]             * [* {th:object}] [500]: org.thymeleaf.standard.processor.StandardObjectTagProcessor
[THYMELEAF]             * [* {th:with}] [600]: com.intuit.karate.template.KarateWithTagProcessor
[THYMELEAF]             * [* {th:inline}] [1000]: org.thymeleaf.standard.processor.StandardInlineTextualTagProcessor
[THYMELEAF]             * [* {th:text}] [1300]: org.thymeleaf.standard.processor.StandardTextTagProcessor
[THYMELEAF]             * [* {th:utext}] [1400]: org.thymeleaf.standard.processor.StandardUtextTagProcessor
[THYMELEAF]             * [* {th:assert}] [1550]: org.thymeleaf.standard.processor.StandardAssertTagProcessor
[THYMELEAF]             * [* {th:remove}] [1600]: org.thymeleaf.standard.processor.StandardRemoveTagProcessor
[THYMELEAF]             * [* 100000] [org.thymeleaf.standard.processor.StandardBlockTagProcessor]: {}
[THYMELEAF]             * [{th:block} *] [100000]: org.thymeleaf.standard.processor.StandardBlockTagProcessor
[THYMELEAF]         * Text Processors by [precedence]:
[THYMELEAF]             * [1000]: org.thymeleaf.standard.processor.StandardInliningTextProcessor
[THYMELEAF]     * Expression Objects:
[THYMELEAF]         * #ctx
[THYMELEAF]         * #root
[THYMELEAF]         * #vars
[THYMELEAF]         * #object
[THYMELEAF]         * #locale
[THYMELEAF]         * #conversions
[THYMELEAF]         * #uris
[THYMELEAF]         * #temporals
[THYMELEAF]         * #calendars
[THYMELEAF]         * #dates
[THYMELEAF]         * #bools
[THYMELEAF]         * #numbers
[THYMELEAF]         * #objects
[THYMELEAF]         * #strings
[THYMELEAF]         * #arrays
[THYMELEAF]         * #lists
[THYMELEAF]         * #sets
[THYMELEAF]         * #maps
[THYMELEAF]         * #aggregates
[THYMELEAF]         * #messages
[THYMELEAF]         * #ids
[THYMELEAF]         * #execInfo
[THYMELEAF]         * #request
[THYMELEAF]         * #response
[THYMELEAF]         * #session
[THYMELEAF]         * #servletContext
[THYMELEAF]     * Execution Attributes:
[THYMELEAF]         * "StandardExpressionParser": com.intuit.karate.template.KarateStandardDialect@4604b900
[THYMELEAF]         * "StandardJavaScriptSerializer": org.thymeleaf.standard.serializer.StandardJavaScriptSerializer@22fba58c
[THYMELEAF]         * "StandardCSSSerializer": org.thymeleaf.standard.serializer.StandardCSSSerializer@7e8a46b7
[THYMELEAF]         * "StandardVariableExpressionEvaluator": com.intuit.karate.template.KarateStandardDialect@4604b900
[THYMELEAF]         * "StandardConversionService": org.thymeleaf.standard.expression.StandardConversionService@2fe88a09
[THYMELEAF] * Dialect [2 of 2]: karate (com.intuit.karate.template.KarateScriptDialect)
[THYMELEAF]     * Prefix: "ka"
[THYMELEAF]     * Processors for Template Mode: HTML
[THYMELEAF]         * Element Tag Processors by [matching element and attribute name] [precedence]:
[THYMELEAF]             * [* {src}] [1000]: com.intuit.karate.template.KaScriptAttrProcessor
[THYMELEAF]         * Element Model Processors by [matching element and attribute name] [precedence]:
[THYMELEAF]             * [{script} {ka:scope,data-ka-scope}] [1000]: com.intuit.karate.template.KaScriptElemProcessor
[THYMELEAF]             * [* {ka:set,data-ka-set}] [1000]: com.intuit.karate.template.KaSetElemProcessor
[THYMELEAF] TEMPLATE ENGINE CONFIGURED OK
16:32:16.947 [main] DEBUG org.thymeleaf.TemplateEngine -- [THYMELEAF] TEMPLATE ENGINE INITIALIZED

HTML report: (paste into browser to view) | Karate version: 1.4.1
file:///C:/Users/monst/karate-tests/target/karate-reports/karate-summary.html
===================================================================


=====================================================
🚀 50-THREADS Performance Test Results:
- Total Time: 19214 ms
- Average Time Per Request: 192.14 ms
- Requests Per Second: 5.20
- 50-Threads Report saved to: C:\Users\monst\karate-tests\target\performance-reports\concurrent-50threads-report-2025-06-24_16-32-16.md
=====================================================

]]></system-out>
  </testcase>
</testsuite>