<?xml version="1.0" encoding="UTF-8"?>
<testsuite xmlns:xsi="http://www.w3.org/2001/XMLSchema-instance" xsi:noNamespaceSchemaLocation="https://maven.apache.org/surefire/maven-surefire-plugin/xsd/surefire-test-report-3.0.xsd" version="3.0" name="runners.follows.FollowsExcelTestRunner" time="6.398" tests="1" errors="0" skipped="0" failures="0">
  <properties>
    <property name="java.specification.version" value="17"/>
    <property name="sun.cpu.isalist" value="amd64"/>
    <property name="sun.jnu.encoding" value="Cp1252"/>
    <property name="java.class.path" value="C:\Users\monst\karate-tests\target\test-classes;C:\Users\monst\karate-tests\target\classes;C:\Users\monst\.m2\repository\com\intuit\karate\karate-junit5\1.4.1\karate-junit5-1.4.1.jar;C:\Users\monst\.m2\repository\com\intuit\karate\karate-core\1.4.1\karate-core-1.4.1.jar;C:\Users\monst\.m2\repository\org\graalvm\js\js-scriptengine\22.3.3\js-scriptengine-22.3.3.jar;C:\Users\monst\.m2\repository\org\graalvm\sdk\graal-sdk\22.3.3\graal-sdk-22.3.3.jar;C:\Users\monst\.m2\repository\org\graalvm\js\js\22.3.3\js-22.3.3.jar;C:\Users\monst\.m2\repository\org\graalvm\regex\regex\22.3.3\regex-22.3.3.jar;C:\Users\monst\.m2\repository\org\graalvm\truffle\truffle-api\22.3.3\truffle-api-22.3.3.jar;C:\Users\monst\.m2\repository\com\ibm\icu\icu4j\71.1\icu4j-71.1.jar;C:\Users\monst\.m2\repository\org\thymeleaf\thymeleaf\3.1.2.RELEASE\thymeleaf-3.1.2.RELEASE.jar;C:\Users\monst\.m2\repository\ognl\ognl\3.3.4\ognl-3.3.4.jar;C:\Users\monst\.m2\repository\org\javassist\javassist\3.29.0-GA\javassist-3.29.0-GA.jar;C:\Users\monst\.m2\repository\org\attoparser\attoparser\2.0.7.RELEASE\attoparser-2.0.7.RELEASE.jar;C:\Users\monst\.m2\repository\org\unbescape\unbescape\1.1.6.RELEASE\unbescape-1.1.6.RELEASE.jar;C:\Users\monst\.m2\repository\org\slf4j\slf4j-api\2.0.7\slf4j-api-2.0.7.jar;C:\Users\monst\.m2\repository\com\linecorp\armeria\armeria\1.25.2\armeria-1.25.2.jar;C:\Users\monst\.m2\repository\com\fasterxml\jackson\core\jackson-core\2.15.2\jackson-core-2.15.2.jar;C:\Users\monst\.m2\repository\com\fasterxml\jackson\core\jackson-annotations\2.15.2\jackson-annotations-2.15.2.jar;C:\Users\monst\.m2\repository\com\fasterxml\jackson\core\jackson-databind\2.15.2\jackson-databind-2.15.2.jar;C:\Users\monst\.m2\repository\com\fasterxml\jackson\datatype\jackson-datatype-jdk8\2.15.2\jackson-datatype-jdk8-2.15.2.jar;C:\Users\monst\.m2\repository\com\fasterxml\jackson\datatype\jackson-datatype-jsr310\2.15.2\jackson-datatype-jsr310-2.15.2.jar;C:\Users\monst\.m2\repository\io\micrometer\micrometer-core\1.11.3\micrometer-core-1.11.3.jar;C:\Users\monst\.m2\repository\io\micrometer\micrometer-commons\1.11.3\micrometer-commons-1.11.3.jar;C:\Users\monst\.m2\repository\io\micrometer\micrometer-observation\1.11.3\micrometer-observation-1.11.3.jar;C:\Users\monst\.m2\repository\org\hdrhistogram\HdrHistogram\2.1.12\HdrHistogram-2.1.12.jar;C:\Users\monst\.m2\repository\org\latencyutils\LatencyUtils\2.0.3\LatencyUtils-2.0.3.jar;C:\Users\monst\.m2\repository\io\netty\netty-transport\4.1.96.Final\netty-transport-4.1.96.Final.jar;C:\Users\monst\.m2\repository\io\netty\netty-common\4.1.96.Final\netty-common-4.1.96.Final.jar;C:\Users\monst\.m2\repository\io\netty\netty-buffer\4.1.96.Final\netty-buffer-4.1.96.Final.jar;C:\Users\monst\.m2\repository\io\netty\netty-resolver\4.1.96.Final\netty-resolver-4.1.96.Final.jar;C:\Users\monst\.m2\repository\io\netty\netty-codec-haproxy\4.1.96.Final\netty-codec-haproxy-4.1.96.Final.jar;C:\Users\monst\.m2\repository\io\netty\netty-codec\4.1.96.Final\netty-codec-4.1.96.Final.jar;C:\Users\monst\.m2\repository\io\netty\netty-codec-http2\4.1.96.Final\netty-codec-http2-4.1.96.Final.jar;C:\Users\monst\.m2\repository\io\netty\netty-handler\4.1.96.Final\netty-handler-4.1.96.Final.jar;C:\Users\monst\.m2\repository\io\netty\netty-codec-http\4.1.96.Final\netty-codec-http-4.1.96.Final.jar;C:\Users\monst\.m2\repository\io\netty\netty-resolver-dns\4.1.96.Final\netty-resolver-dns-4.1.96.Final.jar;C:\Users\monst\.m2\repository\io\netty\netty-codec-dns\4.1.96.Final\netty-codec-dns-4.1.96.Final.jar;C:\Users\monst\.m2\repository\org\reactivestreams\reactive-streams\1.0.4\reactive-streams-1.0.4.jar;C:\Users\monst\.m2\repository\com\google\code\findbugs\jsr305\3.0.2\jsr305-3.0.2.jar;C:\Users\monst\.m2\repository\io\netty\netty-handler-proxy\4.1.96.Final\netty-handler-proxy-4.1.96.Final.jar;C:\Users\monst\.m2\repository\io\netty\netty-codec-socks\4.1.96.Final\netty-codec-socks-4.1.96.Final.jar;C:\Users\monst\.m2\repository\io\netty\netty-transport-native-unix-common\4.1.96.Final\netty-transport-native-unix-common-4.1.96.Final-linux-x86_64.jar;C:\Users\monst\.m2\repository\io\netty\netty-transport-native-epoll\4.1.96.Final\netty-transport-native-epoll-4.1.96.Final-linux-x86_64.jar;C:\Users\monst\.m2\repository\io\netty\netty-transport-native-unix-common\4.1.96.Final\netty-transport-native-unix-common-4.1.96.Final.jar;C:\Users\monst\.m2\repository\io\netty\netty-transport-classes-epoll\4.1.96.Final\netty-transport-classes-epoll-4.1.96.Final.jar;C:\Users\monst\.m2\repository\io\netty\netty-transport-native-unix-common\4.1.96.Final\netty-transport-native-unix-common-4.1.96.Final-linux-aarch_64.jar;C:\Users\monst\.m2\repository\io\netty\netty-transport-native-epoll\4.1.96.Final\netty-transport-native-epoll-4.1.96.Final-linux-aarch_64.jar;C:\Users\monst\.m2\repository\io\netty\netty-transport-native-unix-common\4.1.96.Final\netty-transport-native-unix-common-4.1.96.Final-osx-x86_64.jar;C:\Users\monst\.m2\repository\io\netty\netty-transport-native-kqueue\4.1.96.Final\netty-transport-native-kqueue-4.1.96.Final-osx-x86_64.jar;C:\Users\monst\.m2\repository\io\netty\netty-transport-classes-kqueue\4.1.96.Final\netty-transport-classes-kqueue-4.1.96.Final.jar;C:\Users\monst\.m2\repository\io\netty\netty-resolver-dns-native-macos\4.1.96.Final\netty-resolver-dns-native-macos-4.1.96.Final-osx-x86_64.jar;C:\Users\monst\.m2\repository\io\netty\netty-resolver-dns-classes-macos\4.1.96.Final\netty-resolver-dns-classes-macos-4.1.96.Final.jar;C:\Users\monst\.m2\repository\io\netty\netty-transport-native-unix-common\4.1.96.Final\netty-transport-native-unix-common-4.1.96.Final-osx-aarch_64.jar;C:\Users\monst\.m2\repository\io\netty\netty-transport-native-kqueue\4.1.96.Final\netty-transport-native-kqueue-4.1.96.Final-osx-aarch_64.jar;C:\Users\monst\.m2\repository\io\netty\netty-resolver-dns-native-macos\4.1.96.Final\netty-resolver-dns-native-macos-4.1.96.Final-osx-aarch_64.jar;C:\Users\monst\.m2\repository\io\netty\netty-tcnative-boringssl-static\2.0.61.Final\netty-tcnative-boringssl-static-2.0.61.Final-linux-x86_64.jar;C:\Users\monst\.m2\repository\io\netty\netty-tcnative-classes\2.0.61.Final\netty-tcnative-classes-2.0.61.Final.jar;C:\Users\monst\.m2\repository\io\netty\netty-tcnative-boringssl-static\2.0.61.Final\netty-tcnative-boringssl-static-2.0.61.Final-linux-aarch_64.jar;C:\Users\monst\.m2\repository\io\netty\netty-tcnative-boringssl-static\2.0.61.Final\netty-tcnative-boringssl-static-2.0.61.Final-osx-x86_64.jar;C:\Users\monst\.m2\repository\io\netty\netty-tcnative-boringssl-static\2.0.61.Final\netty-tcnative-boringssl-static-2.0.61.Final-osx-aarch_64.jar;C:\Users\monst\.m2\repository\io\netty\netty-tcnative-boringssl-static\2.0.61.Final\netty-tcnative-boringssl-static-2.0.61.Final-windows-x86_64.jar;C:\Users\monst\.m2\repository\com\aayushatharva\brotli4j\brotli4j\1.12.0\brotli4j-1.12.0.jar;C:\Users\monst\.m2\repository\com\aayushatharva\brotli4j\service\1.12.0\service-1.12.0.jar;C:\Users\monst\.m2\repository\com\aayushatharva\brotli4j\native-windows-x86_64\1.12.0\native-windows-x86_64-1.12.0.jar;C:\Users\monst\.m2\repository\org\apache\httpcomponents\httpclient\4.5.14\httpclient-4.5.14.jar;C:\Users\monst\.m2\repository\org\apache\httpcomponents\httpcore\4.4.16\httpcore-4.4.16.jar;C:\Users\monst\.m2\repository\ch\qos\logback\logback-classic\1.4.11\logback-classic-1.4.11.jar;C:\Users\monst\.m2\repository\ch\qos\logback\logback-core\1.4.11\logback-core-1.4.11.jar;C:\Users\monst\.m2\repository\org\slf4j\jcl-over-slf4j\2.0.9\jcl-over-slf4j-2.0.9.jar;C:\Users\monst\.m2\repository\org\antlr\antlr4-runtime\4.11.1\antlr4-runtime-4.11.1.jar;C:\Users\monst\.m2\repository\com\jayway\jsonpath\json-path\2.8.0\json-path-2.8.0.jar;C:\Users\monst\.m2\repository\net\minidev\json-smart\2.4.10\json-smart-2.4.10.jar;C:\Users\monst\.m2\repository\net\minidev\accessors-smart\2.4.9\accessors-smart-2.4.9.jar;C:\Users\monst\.m2\repository\org\ow2\asm\asm\9.3\asm-9.3.jar;C:\Users\monst\.m2\repository\org\yaml\snakeyaml\2.0\snakeyaml-2.0.jar;C:\Users\monst\.m2\repository\de\siegmar\fastcsv\2.2.1\fastcsv-2.2.1.jar;C:\Users\monst\.m2\repository\info\picocli\picocli\4.7.1\picocli-4.7.1.jar;C:\Users\monst\.m2\repository\io\github\classgraph\classgraph\4.8.160\classgraph-4.8.160.jar;C:\Users\monst\.m2\repository\io\github\t12y\resemble\1.0.2\resemble-1.0.2.jar;C:\Users\monst\.m2\repository\io\github\t12y\ssim\1.0.0\ssim-1.0.0.jar;C:\Users\monst\.m2\repository\org\junit\jupiter\junit-jupiter-api\5.9.3\junit-jupiter-api-5.9.3.jar;C:\Users\monst\.m2\repository\org\opentest4j\opentest4j\1.2.0\opentest4j-1.2.0.jar;C:\Users\monst\.m2\repository\org\junit\platform\junit-platform-commons\1.9.3\junit-platform-commons-1.9.3.jar;C:\Users\monst\.m2\repository\org\apiguardian\apiguardian-api\1.1.2\apiguardian-api-1.1.2.jar;C:\Users\monst\.m2\repository\org\junit\jupiter\junit-jupiter-engine\5.9.3\junit-jupiter-engine-5.9.3.jar;C:\Users\monst\.m2\repository\org\junit\platform\junit-platform-engine\1.9.3\junit-platform-engine-1.9.3.jar;C:\Users\monst\.m2\repository\org\apache\poi\poi\5.2.4\poi-5.2.4.jar;C:\Users\monst\.m2\repository\commons-codec\commons-codec\1.16.0\commons-codec-1.16.0.jar;C:\Users\monst\.m2\repository\org\apache\commons\commons-collections4\4.4\commons-collections4-4.4.jar;C:\Users\monst\.m2\repository\org\apache\commons\commons-math3\3.6.1\commons-math3-3.6.1.jar;C:\Users\monst\.m2\repository\commons-io\commons-io\2.13.0\commons-io-2.13.0.jar;C:\Users\monst\.m2\repository\com\zaxxer\SparseBitSet\1.3\SparseBitSet-1.3.jar;C:\Users\monst\.m2\repository\org\apache\logging\log4j\log4j-api\2.20.0\log4j-api-2.20.0.jar;C:\Users\monst\.m2\repository\org\apache\poi\poi-ooxml\5.2.4\poi-ooxml-5.2.4.jar;C:\Users\monst\.m2\repository\org\apache\poi\poi-ooxml-lite\5.2.4\poi-ooxml-lite-5.2.4.jar;C:\Users\monst\.m2\repository\org\apache\xmlbeans\xmlbeans\5.1.1\xmlbeans-5.1.1.jar;C:\Users\monst\.m2\repository\org\apache\commons\commons-compress\1.24.0\commons-compress-1.24.0.jar;C:\Users\monst\.m2\repository\com\github\virtuald\curvesapi\1.08\curvesapi-1.08.jar;"/>
    <property name="java.vm.vendor" value="Oracle Corporation"/>
    <property name="sun.arch.data.model" value="64"/>
    <property name="user.variant" value=""/>
    <property name="java.vendor.url" value="https://java.oracle.com/"/>
    <property name="user.timezone" value="Asia/Saigon"/>
    <property name="os.name" value="Windows 11"/>
    <property name="java.vm.specification.version" value="17"/>
    <property name="sun.java.launcher" value="SUN_STANDARD"/>
    <property name="user.country" value="US"/>
    <property name="sun.boot.library.path" value="C:\Program Files\Java\jdk-17\bin"/>
    <property name="sun.java.command" value="C:\Users\monst\AppData\Local\Temp\surefire790345505160626238\surefirebooter-20250623182035546_3.jar C:\Users\monst\AppData\Local\Temp\surefire790345505160626238 2025-06-23T18-20-35_161-jvmRun1 surefire-20250623182035546_1tmp surefire_0-20250623182035546_2tmp"/>
    <property name="jdk.debug" value="release"/>
    <property name="test" value="FollowsExcelTestRunner"/>
    <property name="surefire.test.class.path" value="C:\Users\monst\karate-tests\target\test-classes;C:\Users\monst\karate-tests\target\classes;C:\Users\monst\.m2\repository\com\intuit\karate\karate-junit5\1.4.1\karate-junit5-1.4.1.jar;C:\Users\monst\.m2\repository\com\intuit\karate\karate-core\1.4.1\karate-core-1.4.1.jar;C:\Users\monst\.m2\repository\org\graalvm\js\js-scriptengine\22.3.3\js-scriptengine-22.3.3.jar;C:\Users\monst\.m2\repository\org\graalvm\sdk\graal-sdk\22.3.3\graal-sdk-22.3.3.jar;C:\Users\monst\.m2\repository\org\graalvm\js\js\22.3.3\js-22.3.3.jar;C:\Users\monst\.m2\repository\org\graalvm\regex\regex\22.3.3\regex-22.3.3.jar;C:\Users\monst\.m2\repository\org\graalvm\truffle\truffle-api\22.3.3\truffle-api-22.3.3.jar;C:\Users\monst\.m2\repository\com\ibm\icu\icu4j\71.1\icu4j-71.1.jar;C:\Users\monst\.m2\repository\org\thymeleaf\thymeleaf\3.1.2.RELEASE\thymeleaf-3.1.2.RELEASE.jar;C:\Users\monst\.m2\repository\ognl\ognl\3.3.4\ognl-3.3.4.jar;C:\Users\monst\.m2\repository\org\javassist\javassist\3.29.0-GA\javassist-3.29.0-GA.jar;C:\Users\monst\.m2\repository\org\attoparser\attoparser\2.0.7.RELEASE\attoparser-2.0.7.RELEASE.jar;C:\Users\monst\.m2\repository\org\unbescape\unbescape\1.1.6.RELEASE\unbescape-1.1.6.RELEASE.jar;C:\Users\monst\.m2\repository\org\slf4j\slf4j-api\2.0.7\slf4j-api-2.0.7.jar;C:\Users\monst\.m2\repository\com\linecorp\armeria\armeria\1.25.2\armeria-1.25.2.jar;C:\Users\monst\.m2\repository\com\fasterxml\jackson\core\jackson-core\2.15.2\jackson-core-2.15.2.jar;C:\Users\monst\.m2\repository\com\fasterxml\jackson\core\jackson-annotations\2.15.2\jackson-annotations-2.15.2.jar;C:\Users\monst\.m2\repository\com\fasterxml\jackson\core\jackson-databind\2.15.2\jackson-databind-2.15.2.jar;C:\Users\monst\.m2\repository\com\fasterxml\jackson\datatype\jackson-datatype-jdk8\2.15.2\jackson-datatype-jdk8-2.15.2.jar;C:\Users\monst\.m2\repository\com\fasterxml\jackson\datatype\jackson-datatype-jsr310\2.15.2\jackson-datatype-jsr310-2.15.2.jar;C:\Users\monst\.m2\repository\io\micrometer\micrometer-core\1.11.3\micrometer-core-1.11.3.jar;C:\Users\monst\.m2\repository\io\micrometer\micrometer-commons\1.11.3\micrometer-commons-1.11.3.jar;C:\Users\monst\.m2\repository\io\micrometer\micrometer-observation\1.11.3\micrometer-observation-1.11.3.jar;C:\Users\monst\.m2\repository\org\hdrhistogram\HdrHistogram\2.1.12\HdrHistogram-2.1.12.jar;C:\Users\monst\.m2\repository\org\latencyutils\LatencyUtils\2.0.3\LatencyUtils-2.0.3.jar;C:\Users\monst\.m2\repository\io\netty\netty-transport\4.1.96.Final\netty-transport-4.1.96.Final.jar;C:\Users\monst\.m2\repository\io\netty\netty-common\4.1.96.Final\netty-common-4.1.96.Final.jar;C:\Users\monst\.m2\repository\io\netty\netty-buffer\4.1.96.Final\netty-buffer-4.1.96.Final.jar;C:\Users\monst\.m2\repository\io\netty\netty-resolver\4.1.96.Final\netty-resolver-4.1.96.Final.jar;C:\Users\monst\.m2\repository\io\netty\netty-codec-haproxy\4.1.96.Final\netty-codec-haproxy-4.1.96.Final.jar;C:\Users\monst\.m2\repository\io\netty\netty-codec\4.1.96.Final\netty-codec-4.1.96.Final.jar;C:\Users\monst\.m2\repository\io\netty\netty-codec-http2\4.1.96.Final\netty-codec-http2-4.1.96.Final.jar;C:\Users\monst\.m2\repository\io\netty\netty-handler\4.1.96.Final\netty-handler-4.1.96.Final.jar;C:\Users\monst\.m2\repository\io\netty\netty-codec-http\4.1.96.Final\netty-codec-http-4.1.96.Final.jar;C:\Users\monst\.m2\repository\io\netty\netty-resolver-dns\4.1.96.Final\netty-resolver-dns-4.1.96.Final.jar;C:\Users\monst\.m2\repository\io\netty\netty-codec-dns\4.1.96.Final\netty-codec-dns-4.1.96.Final.jar;C:\Users\monst\.m2\repository\org\reactivestreams\reactive-streams\1.0.4\reactive-streams-1.0.4.jar;C:\Users\monst\.m2\repository\com\google\code\findbugs\jsr305\3.0.2\jsr305-3.0.2.jar;C:\Users\monst\.m2\repository\io\netty\netty-handler-proxy\4.1.96.Final\netty-handler-proxy-4.1.96.Final.jar;C:\Users\monst\.m2\repository\io\netty\netty-codec-socks\4.1.96.Final\netty-codec-socks-4.1.96.Final.jar;C:\Users\monst\.m2\repository\io\netty\netty-transport-native-unix-common\4.1.96.Final\netty-transport-native-unix-common-4.1.96.Final-linux-x86_64.jar;C:\Users\monst\.m2\repository\io\netty\netty-transport-native-epoll\4.1.96.Final\netty-transport-native-epoll-4.1.96.Final-linux-x86_64.jar;C:\Users\monst\.m2\repository\io\netty\netty-transport-native-unix-common\4.1.96.Final\netty-transport-native-unix-common-4.1.96.Final.jar;C:\Users\monst\.m2\repository\io\netty\netty-transport-classes-epoll\4.1.96.Final\netty-transport-classes-epoll-4.1.96.Final.jar;C:\Users\monst\.m2\repository\io\netty\netty-transport-native-unix-common\4.1.96.Final\netty-transport-native-unix-common-4.1.96.Final-linux-aarch_64.jar;C:\Users\monst\.m2\repository\io\netty\netty-transport-native-epoll\4.1.96.Final\netty-transport-native-epoll-4.1.96.Final-linux-aarch_64.jar;C:\Users\monst\.m2\repository\io\netty\netty-transport-native-unix-common\4.1.96.Final\netty-transport-native-unix-common-4.1.96.Final-osx-x86_64.jar;C:\Users\monst\.m2\repository\io\netty\netty-transport-native-kqueue\4.1.96.Final\netty-transport-native-kqueue-4.1.96.Final-osx-x86_64.jar;C:\Users\monst\.m2\repository\io\netty\netty-transport-classes-kqueue\4.1.96.Final\netty-transport-classes-kqueue-4.1.96.Final.jar;C:\Users\monst\.m2\repository\io\netty\netty-resolver-dns-native-macos\4.1.96.Final\netty-resolver-dns-native-macos-4.1.96.Final-osx-x86_64.jar;C:\Users\monst\.m2\repository\io\netty\netty-resolver-dns-classes-macos\4.1.96.Final\netty-resolver-dns-classes-macos-4.1.96.Final.jar;C:\Users\monst\.m2\repository\io\netty\netty-transport-native-unix-common\4.1.96.Final\netty-transport-native-unix-common-4.1.96.Final-osx-aarch_64.jar;C:\Users\monst\.m2\repository\io\netty\netty-transport-native-kqueue\4.1.96.Final\netty-transport-native-kqueue-4.1.96.Final-osx-aarch_64.jar;C:\Users\monst\.m2\repository\io\netty\netty-resolver-dns-native-macos\4.1.96.Final\netty-resolver-dns-native-macos-4.1.96.Final-osx-aarch_64.jar;C:\Users\monst\.m2\repository\io\netty\netty-tcnative-boringssl-static\2.0.61.Final\netty-tcnative-boringssl-static-2.0.61.Final-linux-x86_64.jar;C:\Users\monst\.m2\repository\io\netty\netty-tcnative-classes\2.0.61.Final\netty-tcnative-classes-2.0.61.Final.jar;C:\Users\monst\.m2\repository\io\netty\netty-tcnative-boringssl-static\2.0.61.Final\netty-tcnative-boringssl-static-2.0.61.Final-linux-aarch_64.jar;C:\Users\monst\.m2\repository\io\netty\netty-tcnative-boringssl-static\2.0.61.Final\netty-tcnative-boringssl-static-2.0.61.Final-osx-x86_64.jar;C:\Users\monst\.m2\repository\io\netty\netty-tcnative-boringssl-static\2.0.61.Final\netty-tcnative-boringssl-static-2.0.61.Final-osx-aarch_64.jar;C:\Users\monst\.m2\repository\io\netty\netty-tcnative-boringssl-static\2.0.61.Final\netty-tcnative-boringssl-static-2.0.61.Final-windows-x86_64.jar;C:\Users\monst\.m2\repository\com\aayushatharva\brotli4j\brotli4j\1.12.0\brotli4j-1.12.0.jar;C:\Users\monst\.m2\repository\com\aayushatharva\brotli4j\service\1.12.0\service-1.12.0.jar;C:\Users\monst\.m2\repository\com\aayushatharva\brotli4j\native-windows-x86_64\1.12.0\native-windows-x86_64-1.12.0.jar;C:\Users\monst\.m2\repository\org\apache\httpcomponents\httpclient\4.5.14\httpclient-4.5.14.jar;C:\Users\monst\.m2\repository\org\apache\httpcomponents\httpcore\4.4.16\httpcore-4.4.16.jar;C:\Users\monst\.m2\repository\ch\qos\logback\logback-classic\1.4.11\logback-classic-1.4.11.jar;C:\Users\monst\.m2\repository\ch\qos\logback\logback-core\1.4.11\logback-core-1.4.11.jar;C:\Users\monst\.m2\repository\org\slf4j\jcl-over-slf4j\2.0.9\jcl-over-slf4j-2.0.9.jar;C:\Users\monst\.m2\repository\org\antlr\antlr4-runtime\4.11.1\antlr4-runtime-4.11.1.jar;C:\Users\monst\.m2\repository\com\jayway\jsonpath\json-path\2.8.0\json-path-2.8.0.jar;C:\Users\monst\.m2\repository\net\minidev\json-smart\2.4.10\json-smart-2.4.10.jar;C:\Users\monst\.m2\repository\net\minidev\accessors-smart\2.4.9\accessors-smart-2.4.9.jar;C:\Users\monst\.m2\repository\org\ow2\asm\asm\9.3\asm-9.3.jar;C:\Users\monst\.m2\repository\org\yaml\snakeyaml\2.0\snakeyaml-2.0.jar;C:\Users\monst\.m2\repository\de\siegmar\fastcsv\2.2.1\fastcsv-2.2.1.jar;C:\Users\monst\.m2\repository\info\picocli\picocli\4.7.1\picocli-4.7.1.jar;C:\Users\monst\.m2\repository\io\github\classgraph\classgraph\4.8.160\classgraph-4.8.160.jar;C:\Users\monst\.m2\repository\io\github\t12y\resemble\1.0.2\resemble-1.0.2.jar;C:\Users\monst\.m2\repository\io\github\t12y\ssim\1.0.0\ssim-1.0.0.jar;C:\Users\monst\.m2\repository\org\junit\jupiter\junit-jupiter-api\5.9.3\junit-jupiter-api-5.9.3.jar;C:\Users\monst\.m2\repository\org\opentest4j\opentest4j\1.2.0\opentest4j-1.2.0.jar;C:\Users\monst\.m2\repository\org\junit\platform\junit-platform-commons\1.9.3\junit-platform-commons-1.9.3.jar;C:\Users\monst\.m2\repository\org\apiguardian\apiguardian-api\1.1.2\apiguardian-api-1.1.2.jar;C:\Users\monst\.m2\repository\org\junit\jupiter\junit-jupiter-engine\5.9.3\junit-jupiter-engine-5.9.3.jar;C:\Users\monst\.m2\repository\org\junit\platform\junit-platform-engine\1.9.3\junit-platform-engine-1.9.3.jar;C:\Users\monst\.m2\repository\org\apache\poi\poi\5.2.4\poi-5.2.4.jar;C:\Users\monst\.m2\repository\commons-codec\commons-codec\1.16.0\commons-codec-1.16.0.jar;C:\Users\monst\.m2\repository\org\apache\commons\commons-collections4\4.4\commons-collections4-4.4.jar;C:\Users\monst\.m2\repository\org\apache\commons\commons-math3\3.6.1\commons-math3-3.6.1.jar;C:\Users\monst\.m2\repository\commons-io\commons-io\2.13.0\commons-io-2.13.0.jar;C:\Users\monst\.m2\repository\com\zaxxer\SparseBitSet\1.3\SparseBitSet-1.3.jar;C:\Users\monst\.m2\repository\org\apache\logging\log4j\log4j-api\2.20.0\log4j-api-2.20.0.jar;C:\Users\monst\.m2\repository\org\apache\poi\poi-ooxml\5.2.4\poi-ooxml-5.2.4.jar;C:\Users\monst\.m2\repository\org\apache\poi\poi-ooxml-lite\5.2.4\poi-ooxml-lite-5.2.4.jar;C:\Users\monst\.m2\repository\org\apache\xmlbeans\xmlbeans\5.1.1\xmlbeans-5.1.1.jar;C:\Users\monst\.m2\repository\org\apache\commons\commons-compress\1.24.0\commons-compress-1.24.0.jar;C:\Users\monst\.m2\repository\com\github\virtuald\curvesapi\1.08\curvesapi-1.08.jar;"/>
    <property name="sun.cpu.endian" value="little"/>
    <property name="user.home" value="C:\Users\monst"/>
    <property name="user.language" value="en"/>
    <property name="java.specification.vendor" value="Oracle Corporation"/>
    <property name="java.version.date" value="2023-10-17"/>
    <property name="java.home" value="C:\Program Files\Java\jdk-17"/>
    <property name="file.separator" value="\"/>
    <property name="basedir" value="C:\Users\monst\karate-tests"/>
    <property name="java.vm.compressedOopsMode" value="Zero based"/>
    <property name="line.separator" value="&#10;"/>
    <property name="java.vm.specification.vendor" value="Oracle Corporation"/>
    <property name="java.specification.name" value="Java Platform API Specification"/>
    <property name="surefire.real.class.path" value="C:\Users\monst\AppData\Local\Temp\surefire790345505160626238\surefirebooter-20250623182035546_3.jar"/>
    <property name="user.script" value=""/>
    <property name="sun.management.compiler" value="HotSpot 64-Bit Tiered Compilers"/>
    <property name="java.runtime.version" value="17.0.9+11-LTS-201"/>
    <property name="user.name" value="monst"/>
    <property name="path.separator" value=";"/>
    <property name="os.version" value="10.0"/>
    <property name="java.runtime.name" value="Java(TM) SE Runtime Environment"/>
    <property name="file.encoding" value="Cp1252"/>
    <property name="java.vm.name" value="Java HotSpot(TM) 64-Bit Server VM"/>
    <property name="localRepository" value="C:\Users\monst\.m2\repository"/>
    <property name="java.vendor.url.bug" value="https://bugreport.java.com/bugreport/"/>
    <property name="java.io.tmpdir" value="C:\Users\monst\AppData\Local\Temp\"/>
    <property name="java.version" value="17.0.9"/>
    <property name="user.dir" value="C:\Users\monst\karate-tests"/>
    <property name="os.arch" value="amd64"/>
    <property name="java.vm.specification.name" value="Java Virtual Machine Specification"/>
    <property name="sun.os.patch.level" value=""/>
    <property name="native.encoding" value="Cp1252"/>
    <property name="java.library.path" value="C:\Program Files\Java\jdk-17\bin;C:\WINDOWS\Sun\Java\bin;C:\WINDOWS\system32;C:\WINDOWS;C:\Program Files\Eclipse Adoptium\jdk-17.0.12.7-hotspot\bin;C:\Program Files\Common Files\Oracle\Java\javapath;C:\Program Files (x86)\VMware\VMware Workstation\bin\;C:\Windows\system32;C:\Windows;C:\Windows\System32\Wbem;C:\Windows\System32\WindowsPowerShell\v1.0\;C:\Windows\System32\OpenSSH\;C:\Program Files (x86)\NVIDIA Corporation\PhysX\Common;C:\Program Files\NVIDIA Corporation\NVIDIA NvDLISR;C:\WINDOWS\system32;C:\WINDOWS;C:\WINDOWS\System32\Wbem;C:\WINDOWS\System32\WindowsPowerShell\v1.0\;C:\WINDOWS\System32\OpenSSH\;C:\Program Files\Azure Data Studio\bin;C:\Program Files (x86)\Microsoft SQL Server\160\Tools\Binn\;C:\Program Files\Microsoft SQL Server\160\Tools\Binn\;C:\Program Files\Microsoft SQL Server\Client SDK\ODBC\170\Tools\Binn\;C:\Program Files\Microsoft SQL Server\160\DTS\Binn\;C:\Program Files (x86)\Microsoft SQL Server\160\DTS\Binn\;C:\ProgramData\chocolatey\bin;C:\Program Files\Docker\Docker\resources\bin;C:\Program Files\nodejs\;C:\Program Files\MySQL\MySQL Server 8.0\bin;C:\Program Files\Git\cmd;C:\Program Files (x86)\Windows Kits\10\Windows Performance Toolkit\;C:\Program Files\dotnet\;C:\Program Files\Microsoft SQL Server\150\Tools\Binn\;C:\Program Files\Apache\apache-maven-3.9.9\bin;C:\Users\monst\AppData\Local\Android\Sdk\platform-tools;C:\Program Files\Cloudflare\Cloudflare WARP\;C:\Users\monst\AppData\Local\Programs\Python\Python313\Scripts\;C:\dev\flutter\bin;C:\Users\monst\.dotnet\tools;C:\Users\monst\AppData\Local\Programs\Microsoft VS Code\bin;C:\Users\monst\AppData\Local\Programs\Python\Python313\;C:\Users\monst\AppData\Local\Programs\cursor\resources\app\bin;C:\Users\monst\AppData\Roaming\npm;;."/>
    <property name="java.vm.info" value="mixed mode, sharing"/>
    <property name="java.vendor" value="Oracle Corporation"/>
    <property name="java.vm.version" value="17.0.9+11-LTS-201"/>
    <property name="sun.io.unicode.encoding" value="UnicodeLittle"/>
    <property name="java.class.version" value="61.0"/>
  </properties>
  <testcase name="[1:16] Chạy tất cả test cases follows từ Excel" classname="features/follows/follows-excel" time="5.659">
    <system-out><![CDATA[18:20:36.887 [main] DEBUG com.intuit.karate.Suite -- [config] classpath:karate-config.js
18:20:37.794 [main] INFO com.intuit.karate -- karate.env system property was: null 
18:20:37.838 [main] INFO com.intuit.karate -- karate.env system property was: null 
18:20:38.696 [main] INFO com.intuit.karate -- Headers found: [
  "bearerToken",
  "followingId",
  "testDescription",
  "expectedStatus",
  "expectedResult",
  "responseStatus",
  "result",
  "testStatus",
  "failureReason"
]
 
18:20:38.809 [main] INFO com.intuit.karate -- Read data from Excel: [
  {
    "bearerToken": "",
    "followingId": "e9d11364-4838-4613-8a69-26196a17a82c",
    "testDescription": "Follow h?p l?",
    "expectedStatus": 201.0,
    "expectedResult": "{\"message\": \"Theo dõi thành công\"}",
    "responseStatus": "201",
    "result": "{\"message\":\"Theo dõi thành công\",\"statusCode\":201,\"status\":\"success\",\"data\":{\"id\":\"5e03f7a0-c266-4424-b452-28d02fd1b643\",\"followerId\":\"08515b05-2d3e-4789-ad60-db35525a4970\",\"followingId\":\"9d86c52d-4ad6-4386-a1ac-a54bcd0987bc\",\"followStatus\":\"accepted\",\"createdAt\":\"2025-06-23T11:18:36.516Z\"}}",
    "testStatus": "FAIL",
    "failureReason": "Status mismatch: Expected 200, got 201"
  },
  {
    "bearerToken": "",
    "followingId": "NULL_VALUE",
    "testDescription": "Ki?m tra tr??ng null",
    "expectedStatus": 400.0,
    "expectedResult": "{\"error\": \"followingId không th? b? null\"}",
    "responseStatus": "500",
    "result": "{\"success\":false,\"statusCode\":500,\"message\":\"\\nInvalid `this.prisma.follow.findUnique()` invocation in\\nD:\\\\Documents\\\\Workspace\\\\react_native\\\\roamly_backend\\\\src\\\\modules\\\\follow\\\\follow.service.ts:22:47\\n\\n  19   throw new ForbiddenException('Không th? theo dõi chính mình');\\n  20 }\\n  21 \\n? 22 const existing = await this.prisma.follow.findUnique({\\n       where: {\\n         followerId_followingId: {\\n           followerId: \\\"08515b05-2d3e-4789-ad60-db35525a4970\\\",\\n     +     followingId: String\\n         }\\n       }\\n     })\\n\\nArgument `followingId` must not be null.\",\"path\":\"/follows\",\"timestamp\":\"2025-06-23T11:18:36.700Z\"}",
    "testStatus": "FAIL",
    "failureReason": "Status mismatch: Expected 400, got 500"
  },
  {
    "bearerToken": "",
    "followingId": "",
    "testDescription": "followingId r?ng",
    "expectedStatus": 400.0,
    "expectedResult": "{\"error\": \"followingId không th? ?? tr?ng\"}",
    "responseStatus": "404",
    "result": "{\"success\":false,\"statusCode\":404,\"message\":\"Không tìm th?y ng??i dùng\",\"path\":\"/follows\",\"timestamp\":\"2025-06-23T11:18:36.839Z\"}",
    "testStatus": "FAIL",
    "failureReason": "Status mismatch: Expected 400, got 404"
  },
  {
    "bearerToken": "NO_TOKEN",
    "followingId": "e7b38cb7-6701-40d9-a3bd-f53fc4d43457",
    "testDescription": "Thi?u token xác th?c",
    "expectedStatus": 401.0,
    "expectedResult": "{\"error\": \"Unauthorized\"}",
    "responseStatus": "401",
    "result": "{\"success\":false,\"statusCode\":401,\"message\":\"Unauthorized\",\"path\":\"/follows\",\"timestamp\":\"2025-06-23T11:18:36.871Z\"}",
    "testStatus": "PASS",
    "failureReason": "All validations passed"
  },
  {
    "bearerToken": "INVALID_TOKEN",
    "followingId": "e7b38cb7-6701-40d9-a3bd-f53fc4d43457",
    "testDescription": "Token không h?p l?",
    "expectedStatus": 401.0,
    "expectedResult": "{\"error\": \"Unauthorized\"}",
    "responseStatus": "401",
    "result": "{\"success\":false,\"statusCode\":401,\"message\":\"Unauthorized\",\"path\":\"/follows\",\"timestamp\":\"2025-06-23T11:18:36.890Z\"}",
    "testStatus": "PASS",
    "failureReason": "All validations passed"
  },
  {
    "bearerToken": "",
    "followingId": "nonexistent123",
    "testDescription": "followingId không t?n t?i",
    "expectedStatus": 404.0,
    "expectedResult": "{\"error\": \"Không tìm th?y ng??i dùng\"}",
    "responseStatus": "404",
    "result": "{\"success\":false,\"statusCode\":404,\"message\":\"Không tìm th?y ng??i dùng\",\"path\":\"/follows\",\"timestamp\":\"2025-06-23T11:18:37.073Z\"}",
    "testStatus": "PASS",
    "failureReason": "All validations passed"
  },
  {
    "bearerToken": "",
    "followingId": "08515b05-2d3e-4789-ad60-db35525a4970",
    "testDescription": "Follow chính mình",
    "expectedStatus": 403.0,
    "expectedResult": "{\"error\": \"không th? follow chính mình\"}",
    "responseStatus": "403",
    "result": "{\"success\":false,\"statusCode\":403,\"message\":\"Không th? theo dõi chính mình\",\"path\":\"/follows\",\"timestamp\":\"2025-06-23T11:18:37.130Z\"}",
    "testStatus": "PASS",
    "failureReason": "All validations passed"
  },
  {
    "bearerToken": "",
    "followingId": "e7b38cb7-6701-40d9-a3bd-f53fc4d43457",
    "testDescription": "?ã follow tr??c ?ó",
    "expectedStatus": 400.0,
    "expectedResult": "{\"error\": \"?ã follow ng??i dùng này r?i\"}",
    "responseStatus": "201",
    "result": "{\"message\":\"Theo dõi thành công\",\"statusCode\":201,\"status\":\"success\",\"data\":{\"id\":\"fedfe777-4a40-4455-b839-7592bdb5981a\",\"followerId\":\"08515b05-2d3e-4789-ad60-db35525a4970\",\"followingId\":\"e7b38cb7-6701-40d9-a3bd-f53fc4d43457\",\"followStatus\":\"accepted\",\"createdAt\":\"2025-06-23T11:18:37.240Z\"}}",
    "testStatus": "FAIL",
    "failureReason": "Status mismatch: Expected 400, got 201"
  },
  {
    "bearerToken": "",
    "followingId": "invalid_id!@#",
    "testDescription": "followingId không h?p l?",
    "expectedStatus": 404.0,
    "expectedResult": "{\"error\": \"Không ?úng ??nh d?ng followingId\"}",
    "responseStatus": "404",
    "result": "{\"success\":false,\"statusCode\":404,\"message\":\"Không tìm th?y ng??i dùng\",\"path\":\"/follows\",\"timestamp\":\"2025-06-23T11:18:37.432Z\"}",
    "testStatus": "PASS",
    "failureReason": "All validations passed"
  },
  {
    "bearerToken": "",
    "followingId": "user123' OR '1'='1",
    "testDescription": "Ki?m tra SQL Injection",
    "expectedStatus": 400.0,
    "expectedResult": "{\"error\": \"L?i ??u vào\"}",
    "responseStatus": "404",
    "result": "{\"success\":false,\"statusCode\":404,\"message\":\"Không tìm th?y ng??i dùng\",\"path\":\"/follows\",\"timestamp\":\"2025-06-23T11:18:37.542Z\"}",
    "testStatus": "FAIL",
    "failureReason": "Status mismatch: Expected 400, got 404"
  },
  {
    "bearerToken": "",
    "followingId": "<script>alert(\"xss\")</script>",
    "testDescription": "Ki?m tra XSS",
    "expectedStatus": 400.0,
    "expectedResult": "{\"error\": \"L?i ??u vào\"}",
    "responseStatus": "404",
    "result": "{\"success\":false,\"statusCode\":404,\"message\":\"Không tìm th?y ng??i dùng\",\"path\":\"/follows\",\"timestamp\":\"2025-06-23T11:18:37.658Z\"}",
    "testStatus": "FAIL",
    "failureReason": "Status mismatch: Expected 400, got 404"
  },
  {
    "bearerToken": "",
    "followingId": " ",
    "testDescription": "Ki?m tra kho?ng tr?ng",
    "expectedStatus": 400.0,
    "expectedResult": "{\"error\": \"followingId không th? ch?a kho?ng tr?ng\"}",
    "responseStatus": "404",
    "result": "{\"success\":false,\"statusCode\":404,\"message\":\"Không tìm th?y ng??i dùng\",\"path\":\"/follows\",\"timestamp\":\"2025-06-23T11:18:37.764Z\"}",
    "testStatus": "FAIL",
    "failureReason": "Status mismatch: Expected 400, got 404"
  },
  {
    "bearerToken": "",
    "followingId": "user?123",
    "testDescription": "Ki?m tra ký t? Unicode",
    "expectedStatus": 400.0,
    "expectedResult": "{\"error\": \"Sai ??nh d?ng followingId\"}",
    "responseStatus": "404",
    "result": "{\"success\":false,\"statusCode\":404,\"message\":\"Không tìm th?y ng??i dùng\",\"path\":\"/follows\",\"timestamp\":\"2025-06-23T11:18:37.871Z\"}",
    "testStatus": "FAIL",
    "failureReason": "Status mismatch: Expected 400, got 404"
  },
  {
    "bearerToken": "",
    "followingId": "aaaaaaaaaaaaaaaaaaaaaaaaaaaaaaaaaaaaa",
    "testDescription": "Ki?m tra ?? dài followingId",
    "expectedStatus": 400.0,
    "expectedResult": "{\"error\": \"followingId v??t quá ?? dài t?i ?a\"}",
    "responseStatus": "404",
    "result": "{\"success\":false,\"statusCode\":404,\"message\":\"Không tìm th?y ng??i dùng\",\"path\":\"/follows\",\"timestamp\":\"2025-06-23T11:18:37.987Z\"}",
    "testStatus": "FAIL",
    "failureReason": "Status mismatch: Expected 400, got 404"
  }
]
 
18:20:38.841 [main] INFO com.intuit.karate -- [print] ??c ???c 14 test cases t? Excel sheet: follows 
18:20:38.856 [main] DEBUG com.jayway.jsonpath.internal.path.CompiledPath -- Evaluating path: $
18:20:38.860 [main] INFO com.intuit.karate -- [print] S? d?ng global bearer token t? config: eyJhbGciOiJIUzI1NiIsInR5cCI6IkpXVCJ9.eyJzdWIiOiIwODUxNWIwNS0yZDNlLTQ3ODktYWQ2MC1kYjM1NTI1YTQ5NzAiLCJ1c2VybmFtZSI6Im5hbSIsInJvbGUiOjAsImlhdCI6MTc1MDY3NjI4MiwiZXhwIjoxNzUwNjc5ODgyfQ.eQgi0lA3OvlYrn9TluUTgvJwrbrbQcO2XI61Wq_JoOA 
18:20:38.869 [main] INFO com.intuit.karate -- [print] B?t ??u ch?y t?ng test case... 
18:20:38.873 [main] INFO com.intuit.karate -- ?ang ch?y test case #1: Follow h?p l? 
18:20:38.874 [main] INFO com.intuit.karate -- S? d?ng global bearer token t? config: eyJhbGciOiJIUzI1NiIsInR5cCI6IkpXVCJ9.eyJzdWIiOiIwODUxNWIwNS0yZDNlLTQ3ODktYWQ2MC1kYjM1NTI1YTQ5NzAiLCJ1c2VybmFtZSI6Im5hbSIsInJvbGUiOjAsImlhdCI6MTc1MDY3NjI4MiwiZXhwIjoxNzUwNjc5ODgyfQ.eQgi0lA3OvlYrn9TluUTgvJwrbrbQcO2XI61Wq_JoOA 
18:20:38.905 [main] INFO com.intuit.karate -- karate.env system property was: null 
18:20:38.917 [main] DEBUG com.jayway.jsonpath.internal.path.CompiledPath -- Evaluating path: $
18:20:38.922 [main] DEBUG com.jayway.jsonpath.internal.path.CompiledPath -- Evaluating path: $
18:20:38.952 [main] DEBUG io.netty.util.internal.logging.InternalLoggerFactory -- Using SLF4J as the default logging framework
18:20:38.957 [main] DEBUG io.netty.util.internal.PlatformDependent0 -- -Dio.netty.noUnsafe: false
18:20:38.958 [main] DEBUG io.netty.util.internal.PlatformDependent0 -- Java version: 17
18:20:38.959 [main] DEBUG io.netty.util.internal.PlatformDependent0 -- sun.misc.Unsafe.theUnsafe: available
18:20:38.960 [main] DEBUG io.netty.util.internal.PlatformDependent0 -- sun.misc.Unsafe.copyMemory: available
18:20:38.961 [main] DEBUG io.netty.util.internal.PlatformDependent0 -- sun.misc.Unsafe.storeFence: available
18:20:38.961 [main] DEBUG io.netty.util.internal.PlatformDependent0 -- java.nio.Buffer.address: available
18:20:38.962 [main] DEBUG io.netty.util.internal.PlatformDependent0 -- direct buffer constructor: unavailable: Reflective setAccessible(true) disabled
18:20:38.963 [main] DEBUG io.netty.util.internal.PlatformDependent0 -- java.nio.Bits.unaligned: available, true
18:20:38.965 [main] DEBUG io.netty.util.internal.PlatformDependent0 -- jdk.internal.misc.Unsafe.allocateUninitializedArray(int): unavailable: class io.netty.util.internal.PlatformDependent0$7 cannot access class jdk.internal.misc.Unsafe (in module java.base) because module java.base does not export jdk.internal.misc to unnamed module @b3d7190
18:20:38.966 [main] DEBUG io.netty.util.internal.PlatformDependent0 -- java.nio.DirectByteBuffer.<init>(long, {int,long}): unavailable
18:20:38.966 [main] DEBUG io.netty.util.internal.PlatformDependent -- sun.misc.Unsafe: available
18:20:38.968 [main] DEBUG io.netty.util.internal.PlatformDependent -- maxDirectMemory: 4123000832 bytes (maybe)
18:20:38.968 [main] DEBUG io.netty.util.internal.PlatformDependent -- -Dio.netty.tmpdir: C:\Users\monst\AppData\Local\Temp (java.io.tmpdir)
18:20:38.968 [main] DEBUG io.netty.util.internal.PlatformDependent -- -Dio.netty.bitMode: 64 (sun.arch.data.model)
18:20:38.969 [main] DEBUG io.netty.util.internal.PlatformDependent -- Platform: Windows
18:20:38.970 [main] DEBUG io.netty.util.internal.PlatformDependent -- -Dio.netty.maxDirectMemory: -1 bytes
18:20:38.970 [main] DEBUG io.netty.util.internal.PlatformDependent -- -Dio.netty.uninitializedArrayAllocationThreshold: -1
18:20:38.971 [main] DEBUG io.netty.util.internal.CleanerJava9 -- java.nio.ByteBuffer.cleaner(): available
18:20:38.971 [main] DEBUG io.netty.util.internal.PlatformDependent -- -Dio.netty.noPreferDirect: false
18:20:39.209 [main] DEBUG org.apache.http.client.protocol.RequestAddCookies -- CookieSpec selected: karate
18:20:39.217 [main] DEBUG org.apache.http.client.protocol.RequestAuthCache -- Auth cache not set in the context
18:20:39.218 [main] DEBUG com.intuit.karate -- request:
1 > POST http://localhost:3000/follows
1 > Authorization: Bearer eyJhbGciOiJIUzI1NiIsInR5cCI6IkpXVCJ9.eyJzdWIiOiIwODUxNWIwNS0yZDNlLTQ3ODktYWQ2MC1kYjM1NTI1YTQ5NzAiLCJ1c2VybmFtZSI6Im5hbSIsInJvbGUiOjAsImlhdCI6MTc1MDY3NjI4MiwiZXhwIjoxNzUwNjc5ODgyfQ.eQgi0lA3OvlYrn9TluUTgvJwrbrbQcO2XI61Wq_JoOA
1 > Content-Type: application/json; charset=UTF-8
1 > Content-Length: 54
1 > Host: localhost:3000
1 > Connection: Keep-Alive
1 > User-Agent: Apache-HttpClient/4.5.14 (Java/17.0.9)
1 > Accept-Encoding: gzip,deflate
{
  "followingId": "e9d11364-4838-4613-8a69-26196a17a82c"
}


18:20:39.221 [main] DEBUG org.apache.http.impl.conn.PoolingHttpClientConnectionManager -- Connection request: [route: {}->http://localhost:3000][total available: 0; route allocated: 0 of 5; total allocated: 0 of 10]
18:20:39.228 [main] DEBUG org.apache.http.impl.conn.PoolingHttpClientConnectionManager -- Connection leased: [id: 0][route: {}->http://localhost:3000][total available: 0; route allocated: 1 of 5; total allocated: 1 of 10]
18:20:39.229 [main] DEBUG org.apache.http.impl.execchain.MainClientExec -- Opening connection {}->http://localhost:3000
18:20:39.237 [main] DEBUG org.apache.http.impl.conn.DefaultHttpClientConnectionOperator -- Connecting to localhost/127.0.0.1:3000
18:20:39.239 [main] DEBUG org.apache.http.impl.conn.DefaultHttpClientConnectionOperator -- Connection established 127.0.0.1:61163<->127.0.0.1:3000
18:20:39.239 [main] DEBUG org.apache.http.impl.conn.DefaultManagedHttpClientConnection -- http-outgoing-0: set socket timeout to 5000
18:20:39.239 [main] DEBUG org.apache.http.impl.execchain.MainClientExec -- Executing request POST /follows HTTP/1.1
18:20:39.239 [main] DEBUG org.apache.http.impl.execchain.MainClientExec -- Proxy auth state: UNCHALLENGED
18:20:39.241 [main] DEBUG org.apache.http.headers -- http-outgoing-0 >> POST /follows HTTP/1.1
18:20:39.241 [main] DEBUG org.apache.http.headers -- http-outgoing-0 >> Authorization: Bearer eyJhbGciOiJIUzI1NiIsInR5cCI6IkpXVCJ9.eyJzdWIiOiIwODUxNWIwNS0yZDNlLTQ3ODktYWQ2MC1kYjM1NTI1YTQ5NzAiLCJ1c2VybmFtZSI6Im5hbSIsInJvbGUiOjAsImlhdCI6MTc1MDY3NjI4MiwiZXhwIjoxNzUwNjc5ODgyfQ.eQgi0lA3OvlYrn9TluUTgvJwrbrbQcO2XI61Wq_JoOA
18:20:39.241 [main] DEBUG org.apache.http.headers -- http-outgoing-0 >> Content-Type: application/json; charset=UTF-8
18:20:39.241 [main] DEBUG org.apache.http.headers -- http-outgoing-0 >> Content-Length: 54
18:20:39.241 [main] DEBUG org.apache.http.headers -- http-outgoing-0 >> Host: localhost:3000
18:20:39.241 [main] DEBUG org.apache.http.headers -- http-outgoing-0 >> Connection: Keep-Alive
18:20:39.241 [main] DEBUG org.apache.http.headers -- http-outgoing-0 >> User-Agent: Apache-HttpClient/4.5.14 (Java/17.0.9)
18:20:39.242 [main] DEBUG org.apache.http.headers -- http-outgoing-0 >> Accept-Encoding: gzip,deflate
18:20:39.242 [main] DEBUG org.apache.http.wire -- http-outgoing-0 >> "POST /follows HTTP/1.1[\r][\n]"
18:20:39.242 [main] DEBUG org.apache.http.wire -- http-outgoing-0 >> "Authorization: Bearer eyJhbGciOiJIUzI1NiIsInR5cCI6IkpXVCJ9.eyJzdWIiOiIwODUxNWIwNS0yZDNlLTQ3ODktYWQ2MC1kYjM1NTI1YTQ5NzAiLCJ1c2VybmFtZSI6Im5hbSIsInJvbGUiOjAsImlhdCI6MTc1MDY3NjI4MiwiZXhwIjoxNzUwNjc5ODgyfQ.eQgi0lA3OvlYrn9TluUTgvJwrbrbQcO2XI61Wq_JoOA[\r][\n]"
18:20:39.242 [main] DEBUG org.apache.http.wire -- http-outgoing-0 >> "Content-Type: application/json; charset=UTF-8[\r][\n]"
18:20:39.242 [main] DEBUG org.apache.http.wire -- http-outgoing-0 >> "Content-Length: 54[\r][\n]"
18:20:39.242 [main] DEBUG org.apache.http.wire -- http-outgoing-0 >> "Host: localhost:3000[\r][\n]"
18:20:39.242 [main] DEBUG org.apache.http.wire -- http-outgoing-0 >> "Connection: Keep-Alive[\r][\n]"
18:20:39.243 [main] DEBUG org.apache.http.wire -- http-outgoing-0 >> "User-Agent: Apache-HttpClient/4.5.14 (Java/17.0.9)[\r][\n]"
18:20:39.243 [main] DEBUG org.apache.http.wire -- http-outgoing-0 >> "Accept-Encoding: gzip,deflate[\r][\n]"
18:20:39.243 [main] DEBUG org.apache.http.wire -- http-outgoing-0 >> "[\r][\n]"
18:20:39.243 [main] DEBUG org.apache.http.wire -- http-outgoing-0 >> "{"followingId":"e9d11364-4838-4613-8a69-26196a17a82c"}"
18:20:39.525 [main] DEBUG org.apache.http.wire -- http-outgoing-0 << "HTTP/1.1 201 Created[\r][\n]"
18:20:39.525 [main] DEBUG org.apache.http.wire -- http-outgoing-0 << "X-Powered-By: Express[\r][\n]"
18:20:39.525 [main] DEBUG org.apache.http.wire -- http-outgoing-0 << "Access-Control-Allow-Origin: *[\r][\n]"
18:20:39.525 [main] DEBUG org.apache.http.wire -- http-outgoing-0 << "Content-Type: application/json; charset=utf-8[\r][\n]"
18:20:39.525 [main] DEBUG org.apache.http.wire -- http-outgoing-0 << "Content-Length: 295[\r][\n]"
18:20:39.525 [main] DEBUG org.apache.http.wire -- http-outgoing-0 << "ETag: W/"127-zkEShFSUL0Oww0vj8kLc/b/lMEg"[\r][\n]"
18:20:39.525 [main] DEBUG org.apache.http.wire -- http-outgoing-0 << "Date: Mon, 23 Jun 2025 11:20:39 GMT[\r][\n]"
18:20:39.525 [main] DEBUG org.apache.http.wire -- http-outgoing-0 << "Connection: keep-alive[\r][\n]"
18:20:39.525 [main] DEBUG org.apache.http.wire -- http-outgoing-0 << "Keep-Alive: timeout=5[\r][\n]"
18:20:39.525 [main] DEBUG org.apache.http.wire -- http-outgoing-0 << "[\r][\n]"
18:20:39.525 [main] DEBUG org.apache.http.wire -- http-outgoing-0 << "{"message":"Theo d[0xc3][0xb5]i th[0xc3][0xa0]nh c[0xc3][0xb4]ng","statusCode":201,"status":"success","data":{"id":"cc4a84e8-4fa8-4763-b1ab-3e67fab108f8","followerId":"08515b05-2d3e-4789-ad60-db35525a4970","followingId":"e9d11364-4838-4613-8a69-26196a17a82c","followStatus":"accepted","createdAt":"2025-06-23T11:20:39.399Z"}}"
18:20:39.527 [main] DEBUG org.apache.http.headers -- http-outgoing-0 << HTTP/1.1 201 Created
18:20:39.527 [main] DEBUG org.apache.http.headers -- http-outgoing-0 << X-Powered-By: Express
18:20:39.527 [main] DEBUG org.apache.http.headers -- http-outgoing-0 << Access-Control-Allow-Origin: *
18:20:39.527 [main] DEBUG org.apache.http.headers -- http-outgoing-0 << Content-Type: application/json; charset=utf-8
18:20:39.527 [main] DEBUG org.apache.http.headers -- http-outgoing-0 << Content-Length: 295
18:20:39.527 [main] DEBUG org.apache.http.headers -- http-outgoing-0 << ETag: W/"127-zkEShFSUL0Oww0vj8kLc/b/lMEg"
18:20:39.527 [main] DEBUG org.apache.http.headers -- http-outgoing-0 << Date: Mon, 23 Jun 2025 11:20:39 GMT
18:20:39.527 [main] DEBUG org.apache.http.headers -- http-outgoing-0 << Connection: keep-alive
18:20:39.527 [main] DEBUG org.apache.http.headers -- http-outgoing-0 << Keep-Alive: timeout=5
18:20:39.530 [main] DEBUG org.apache.http.impl.execchain.MainClientExec -- Connection can be kept alive for 5000 MILLISECONDS
18:20:39.531 [main] DEBUG org.apache.http.impl.conn.PoolingHttpClientConnectionManager -- Connection [id: 0][route: {}->http://localhost:3000] can be kept alive for 5.0 seconds
18:20:39.532 [main] DEBUG org.apache.http.impl.conn.DefaultManagedHttpClientConnection -- http-outgoing-0: set socket timeout to 0
18:20:39.532 [main] DEBUG org.apache.http.impl.conn.PoolingHttpClientConnectionManager -- Connection released: [id: 0][route: {}->http://localhost:3000][total available: 1; route allocated: 1 of 5; total allocated: 1 of 10]
18:20:39.532 [main] DEBUG org.apache.http.impl.conn.PoolingHttpClientConnectionManager -- Connection manager is shutting down
18:20:39.532 [main] DEBUG org.apache.http.impl.conn.DefaultManagedHttpClientConnection -- http-outgoing-0: Close connection
18:20:39.532 [main] DEBUG org.apache.http.impl.conn.PoolingHttpClientConnectionManager -- Connection manager shut down
18:20:39.534 [main] DEBUG com.intuit.karate -- response time in milliseconds: 312
1 < 201
1 < X-Powered-By: Express
1 < Access-Control-Allow-Origin: *
1 < Content-Type: application/json; charset=utf-8
1 < Content-Length: 295
1 < ETag: W/"127-zkEShFSUL0Oww0vj8kLc/b/lMEg"
1 < Date: Mon, 23 Jun 2025 11:20:39 GMT
1 < Connection: keep-alive
1 < Keep-Alive: timeout=5
{
  "message": "Theo dõi thành công",
  "statusCode": 201,
  "status": "success",
  "data": {
    "id": "cc4a84e8-4fa8-4763-b1ab-3e67fab108f8",
    "followerId": "08515b05-2d3e-4789-ad60-db35525a4970",
    "followingId": "e9d11364-4838-4613-8a69-26196a17a82c",
    "followStatus": "accepted",
    "createdAt": "2025-06-23T11:20:39.399Z"
  }
}


18:20:39.537 [main] INFO com.intuit.karate -- [print] Calling follows API v?i bearerToken: eyJhbGciOiJIUzI1NiIsInR5cCI6IkpXVCJ9.eyJzdWIiOiIwODUxNWIwNS0yZDNlLTQ3ODktYWQ2MC1kYjM1NTI1YTQ5NzAiLCJ1c2VybmFtZSI6Im5hbSIsInJvbGUiOjAsImlhdCI6MTc1MDY3NjI4MiwiZXhwIjoxNzUwNjc5ODgyfQ.eQgi0lA3OvlYrn9TluUTgvJwrbrbQcO2XI61Wq_JoOA 
18:20:39.538 [main] INFO com.intuit.karate -- [print] Request body: {
  "followingId": "e9d11364-4838-4613-8a69-26196a17a82c"
}
 
18:20:39.539 [main] INFO com.intuit.karate -- [print] Response status: 201 body: {
  "message": "Theo dõi thành công",
  "statusCode": 201,
  "status": "success",
  "data": {
    "id": "cc4a84e8-4fa8-4763-b1ab-3e67fab108f8",
    "followerId": "08515b05-2d3e-4789-ad60-db35525a4970",
    "followingId": "e9d11364-4838-4613-8a69-26196a17a82c",
    "followStatus": "accepted",
    "createdAt": "2025-06-23T11:20:39.399Z"
  }
}
 
18:20:39.551 [main] INFO com.intuit.karate -- ? TEST PASSED - All validations passed 
18:20:39.552 [main] INFO com.intuit.karate -- Test Case Data: {
  "bearerToken": "",
  "followingId": "e9d11364-4838-4613-8a69-26196a17a82c",
  "testDescription": "Follow h?p l?",
  "expectedStatus": 201.0,
  "expectedResult": "{\"message\": \"Theo dõi thành công\"}",
  "responseStatus": "201",
  "result": "{\"message\":\"Theo dõi thành công\",\"statusCode\":201,\"status\":\"success\",\"data\":{\"id\":\"5e03f7a0-c266-4424-b452-28d02fd1b643\",\"followerId\":\"08515b05-2d3e-4789-ad60-db35525a4970\",\"followingId\":\"9d86c52d-4ad6-4386-a1ac-a54bcd0987bc\",\"followStatus\":\"accepted\",\"createdAt\":\"2025-06-23T11:18:36.516Z\"}}",
  "testStatus": "FAIL",
  "failureReason": "Status mismatch: Expected 200, got 201"
}
 
18:20:39.552 [main] INFO com.intuit.karate -- Expected Status: 201.0 
18:20:39.552 [main] INFO com.intuit.karate -- Expected Result: {"message": "Theo dõi thành công"} 
18:20:39.553 [main] INFO com.intuit.karate -- Actual Status: 201 
18:20:39.553 [main] INFO com.intuit.karate -- Test Status: PASS 
18:20:39.554 [main] INFO com.intuit.karate -- Test case #1 - Status: 201, Test Result: PASS 
18:20:39.554 [main] INFO com.intuit.karate -- ?ang ch?y test case #2: Ki?m tra tr??ng null 
18:20:39.555 [main] INFO com.intuit.karate -- S? d?ng global bearer token t? config: eyJhbGciOiJIUzI1NiIsInR5cCI6IkpXVCJ9.eyJzdWIiOiIwODUxNWIwNS0yZDNlLTQ3ODktYWQ2MC1kYjM1NTI1YTQ5NzAiLCJ1c2VybmFtZSI6Im5hbSIsInJvbGUiOjAsImlhdCI6MTc1MDY3NjI4MiwiZXhwIjoxNzUwNjc5ODgyfQ.eQgi0lA3OvlYrn9TluUTgvJwrbrbQcO2XI61Wq_JoOA 
18:20:39.563 [main] INFO com.intuit.karate -- karate.env system property was: null 
18:20:39.565 [main] DEBUG com.jayway.jsonpath.internal.path.CompiledPath -- Evaluating path: $
18:20:39.567 [main] DEBUG com.jayway.jsonpath.internal.path.CompiledPath -- Evaluating path: $
18:20:39.568 [main] DEBUG org.apache.http.client.protocol.RequestAddCookies -- CookieSpec selected: karate
18:20:39.569 [main] DEBUG org.apache.http.client.protocol.RequestAuthCache -- Auth cache not set in the context
18:20:39.569 [main] DEBUG com.intuit.karate -- request:
1 > POST http://localhost:3000/follows
1 > Authorization: Bearer eyJhbGciOiJIUzI1NiIsInR5cCI6IkpXVCJ9.eyJzdWIiOiIwODUxNWIwNS0yZDNlLTQ3ODktYWQ2MC1kYjM1NTI1YTQ5NzAiLCJ1c2VybmFtZSI6Im5hbSIsInJvbGUiOjAsImlhdCI6MTc1MDY3NjI4MiwiZXhwIjoxNzUwNjc5ODgyfQ.eQgi0lA3OvlYrn9TluUTgvJwrbrbQcO2XI61Wq_JoOA
1 > Content-Type: application/json; charset=UTF-8
1 > Content-Length: 20
1 > Host: localhost:3000
1 > Connection: Keep-Alive
1 > User-Agent: Apache-HttpClient/4.5.14 (Java/17.0.9)
1 > Accept-Encoding: gzip,deflate
{
  "followingId": null
}


18:20:39.569 [main] DEBUG org.apache.http.impl.conn.PoolingHttpClientConnectionManager -- Connection request: [route: {}->http://localhost:3000][total available: 0; route allocated: 0 of 5; total allocated: 0 of 10]
18:20:39.569 [main] DEBUG org.apache.http.impl.conn.PoolingHttpClientConnectionManager -- Connection leased: [id: 1][route: {}->http://localhost:3000][total available: 0; route allocated: 1 of 5; total allocated: 1 of 10]
18:20:39.569 [main] DEBUG org.apache.http.impl.execchain.MainClientExec -- Opening connection {}->http://localhost:3000
18:20:39.569 [main] DEBUG org.apache.http.impl.conn.DefaultHttpClientConnectionOperator -- Connecting to localhost/127.0.0.1:3000
18:20:39.570 [main] DEBUG org.apache.http.impl.conn.DefaultHttpClientConnectionOperator -- Connection established 127.0.0.1:61164<->127.0.0.1:3000
18:20:39.570 [main] DEBUG org.apache.http.impl.conn.DefaultManagedHttpClientConnection -- http-outgoing-1: set socket timeout to 5000
18:20:39.570 [main] DEBUG org.apache.http.impl.execchain.MainClientExec -- Executing request POST /follows HTTP/1.1
18:20:39.570 [main] DEBUG org.apache.http.impl.execchain.MainClientExec -- Proxy auth state: UNCHALLENGED
18:20:39.570 [main] DEBUG org.apache.http.headers -- http-outgoing-1 >> POST /follows HTTP/1.1
18:20:39.570 [main] DEBUG org.apache.http.headers -- http-outgoing-1 >> Authorization: Bearer eyJhbGciOiJIUzI1NiIsInR5cCI6IkpXVCJ9.eyJzdWIiOiIwODUxNWIwNS0yZDNlLTQ3ODktYWQ2MC1kYjM1NTI1YTQ5NzAiLCJ1c2VybmFtZSI6Im5hbSIsInJvbGUiOjAsImlhdCI6MTc1MDY3NjI4MiwiZXhwIjoxNzUwNjc5ODgyfQ.eQgi0lA3OvlYrn9TluUTgvJwrbrbQcO2XI61Wq_JoOA
18:20:39.570 [main] DEBUG org.apache.http.headers -- http-outgoing-1 >> Content-Type: application/json; charset=UTF-8
18:20:39.570 [main] DEBUG org.apache.http.headers -- http-outgoing-1 >> Content-Length: 20
18:20:39.570 [main] DEBUG org.apache.http.headers -- http-outgoing-1 >> Host: localhost:3000
18:20:39.570 [main] DEBUG org.apache.http.headers -- http-outgoing-1 >> Connection: Keep-Alive
18:20:39.570 [main] DEBUG org.apache.http.headers -- http-outgoing-1 >> User-Agent: Apache-HttpClient/4.5.14 (Java/17.0.9)
18:20:39.570 [main] DEBUG org.apache.http.headers -- http-outgoing-1 >> Accept-Encoding: gzip,deflate
18:20:39.570 [main] DEBUG org.apache.http.wire -- http-outgoing-1 >> "POST /follows HTTP/1.1[\r][\n]"
18:20:39.570 [main] DEBUG org.apache.http.wire -- http-outgoing-1 >> "Authorization: Bearer eyJhbGciOiJIUzI1NiIsInR5cCI6IkpXVCJ9.eyJzdWIiOiIwODUxNWIwNS0yZDNlLTQ3ODktYWQ2MC1kYjM1NTI1YTQ5NzAiLCJ1c2VybmFtZSI6Im5hbSIsInJvbGUiOjAsImlhdCI6MTc1MDY3NjI4MiwiZXhwIjoxNzUwNjc5ODgyfQ.eQgi0lA3OvlYrn9TluUTgvJwrbrbQcO2XI61Wq_JoOA[\r][\n]"
18:20:39.570 [main] DEBUG org.apache.http.wire -- http-outgoing-1 >> "Content-Type: application/json; charset=UTF-8[\r][\n]"
18:20:39.570 [main] DEBUG org.apache.http.wire -- http-outgoing-1 >> "Content-Length: 20[\r][\n]"
18:20:39.570 [main] DEBUG org.apache.http.wire -- http-outgoing-1 >> "Host: localhost:3000[\r][\n]"
18:20:39.570 [main] DEBUG org.apache.http.wire -- http-outgoing-1 >> "Connection: Keep-Alive[\r][\n]"
18:20:39.570 [main] DEBUG org.apache.http.wire -- http-outgoing-1 >> "User-Agent: Apache-HttpClient/4.5.14 (Java/17.0.9)[\r][\n]"
18:20:39.570 [main] DEBUG org.apache.http.wire -- http-outgoing-1 >> "Accept-Encoding: gzip,deflate[\r][\n]"
18:20:39.570 [main] DEBUG org.apache.http.wire -- http-outgoing-1 >> "[\r][\n]"
18:20:39.570 [main] DEBUG org.apache.http.wire -- http-outgoing-1 >> "{"followingId":null}"
18:20:39.619 [main] DEBUG org.apache.http.wire -- http-outgoing-1 << "HTTP/1.1 500 Internal Server Error[\r][\n]"
18:20:39.619 [main] DEBUG org.apache.http.wire -- http-outgoing-1 << "X-Powered-By: Express[\r][\n]"
18:20:39.620 [main] DEBUG org.apache.http.wire -- http-outgoing-1 << "Access-Control-Allow-Origin: *[\r][\n]"
18:20:39.620 [main] DEBUG org.apache.http.wire -- http-outgoing-1 << "Content-Type: application/json; charset=utf-8[\r][\n]"
18:20:39.620 [main] DEBUG org.apache.http.wire -- http-outgoing-1 << "Content-Length: 647[\r][\n]"
18:20:39.620 [main] DEBUG org.apache.http.wire -- http-outgoing-1 << "ETag: W/"287-7NPMF47z1uUNFcVhxb3StHmthSg"[\r][\n]"
18:20:39.620 [main] DEBUG org.apache.http.wire -- http-outgoing-1 << "Date: Mon, 23 Jun 2025 11:20:39 GMT[\r][\n]"
18:20:39.620 [main] DEBUG org.apache.http.wire -- http-outgoing-1 << "Connection: keep-alive[\r][\n]"
18:20:39.620 [main] DEBUG org.apache.http.wire -- http-outgoing-1 << "Keep-Alive: timeout=5[\r][\n]"
18:20:39.620 [main] DEBUG org.apache.http.wire -- http-outgoing-1 << "[\r][\n]"
18:20:39.620 [main] DEBUG org.apache.http.wire -- http-outgoing-1 << "{"success":false,"statusCode":500,"message":"\nInvalid `this.prisma.follow.findUnique()` invocation in\nD:\\Documents\\Workspace\\react_native\\roamly_backend\\src\\modules\\follow\\follow.service.ts:22:47\n\n  19   throw new ForbiddenException('Kh[0xc3][0xb4]ng th[0xe1][0xbb][0x83] theo d[0xc3][0xb5]i ch[0xc3][0xad]nh m[0xc3][0xac]nh');\n  20 }\n  21 \n[0xe2][0x86][0x92] 22 const existing = await this.prisma.follow.findUnique({\n       where: {\n         followerId_followingId: {\n           followerId: \"08515b05-2d3e-4789-ad60-db35525a4970\",\n     +     followingId: String\n         }\n       }\n     })\n\nArgument `followingId` must not be null.","path":"/follows","timestamp":"2025-06-23T11:20:39.619Z"}"
18:20:39.620 [main] DEBUG org.apache.http.headers -- http-outgoing-1 << HTTP/1.1 500 Internal Server Error
18:20:39.620 [main] DEBUG org.apache.http.headers -- http-outgoing-1 << X-Powered-By: Express
18:20:39.620 [main] DEBUG org.apache.http.headers -- http-outgoing-1 << Access-Control-Allow-Origin: *
18:20:39.620 [main] DEBUG org.apache.http.headers -- http-outgoing-1 << Content-Type: application/json; charset=utf-8
18:20:39.620 [main] DEBUG org.apache.http.headers -- http-outgoing-1 << Content-Length: 647
18:20:39.620 [main] DEBUG org.apache.http.headers -- http-outgoing-1 << ETag: W/"287-7NPMF47z1uUNFcVhxb3StHmthSg"
18:20:39.620 [main] DEBUG org.apache.http.headers -- http-outgoing-1 << Date: Mon, 23 Jun 2025 11:20:39 GMT
18:20:39.620 [main] DEBUG org.apache.http.headers -- http-outgoing-1 << Connection: keep-alive
18:20:39.620 [main] DEBUG org.apache.http.headers -- http-outgoing-1 << Keep-Alive: timeout=5
18:20:39.620 [main] DEBUG org.apache.http.impl.execchain.MainClientExec -- Connection can be kept alive for 5000 MILLISECONDS
18:20:39.620 [main] DEBUG org.apache.http.impl.conn.PoolingHttpClientConnectionManager -- Connection [id: 1][route: {}->http://localhost:3000] can be kept alive for 5.0 seconds
18:20:39.620 [main] DEBUG org.apache.http.impl.conn.DefaultManagedHttpClientConnection -- http-outgoing-1: set socket timeout to 0
18:20:39.620 [main] DEBUG org.apache.http.impl.conn.PoolingHttpClientConnectionManager -- Connection released: [id: 1][route: {}->http://localhost:3000][total available: 1; route allocated: 1 of 5; total allocated: 1 of 10]
18:20:39.621 [main] DEBUG org.apache.http.impl.conn.PoolingHttpClientConnectionManager -- Connection manager is shutting down
18:20:39.621 [main] DEBUG org.apache.http.impl.conn.DefaultManagedHttpClientConnection -- http-outgoing-1: Close connection
18:20:39.621 [main] DEBUG org.apache.http.impl.conn.PoolingHttpClientConnectionManager -- Connection manager shut down
18:20:39.621 [main] DEBUG com.intuit.karate -- response time in milliseconds: 52
1 < 500
1 < X-Powered-By: Express
1 < Access-Control-Allow-Origin: *
1 < Content-Type: application/json; charset=utf-8
1 < Content-Length: 647
1 < ETag: W/"287-7NPMF47z1uUNFcVhxb3StHmthSg"
1 < Date: Mon, 23 Jun 2025 11:20:39 GMT
1 < Connection: keep-alive
1 < Keep-Alive: timeout=5
{
  "success": false,
  "statusCode": 500,
  "message": "\nInvalid `this.prisma.follow.findUnique()` invocation in\nD:\\Documents\\Workspace\\react_native\\roamly_backend\\src\\modules\\follow\\follow.service.ts:22:47\n\n  19   throw new ForbiddenException('Không th? theo dõi chính mình');\n  20 }\n  21 \n? 22 const existing = await this.prisma.follow.findUnique({\n       where: {\n         followerId_followingId: {\n           followerId: \"08515b05-2d3e-4789-ad60-db35525a4970\",\n     +     followingId: String\n         }\n       }\n     })\n\nArgument `followingId` must not be null.",
  "path": "/follows",
  "timestamp": "2025-06-23T11:20:39.619Z"
}


18:20:39.624 [main] INFO com.intuit.karate -- [print] Calling follows API v?i bearerToken: eyJhbGciOiJIUzI1NiIsInR5cCI6IkpXVCJ9.eyJzdWIiOiIwODUxNWIwNS0yZDNlLTQ3ODktYWQ2MC1kYjM1NTI1YTQ5NzAiLCJ1c2VybmFtZSI6Im5hbSIsInJvbGUiOjAsImlhdCI6MTc1MDY3NjI4MiwiZXhwIjoxNzUwNjc5ODgyfQ.eQgi0lA3OvlYrn9TluUTgvJwrbrbQcO2XI61Wq_JoOA 
18:20:39.625 [main] INFO com.intuit.karate -- [print] Request body: {
  "followingId": null
}
 
18:20:39.625 [main] INFO com.intuit.karate -- [print] Response status: 500 body: {
  "success": false,
  "statusCode": 500,
  "message": "\nInvalid `this.prisma.follow.findUnique()` invocation in\nD:\\Documents\\Workspace\\react_native\\roamly_backend\\src\\modules\\follow\\follow.service.ts:22:47\n\n  19   throw new ForbiddenException('Không th? theo dõi chính mình');\n  20 }\n  21 \n? 22 const existing = await this.prisma.follow.findUnique({\n       where: {\n         followerId_followingId: {\n           followerId: \"08515b05-2d3e-4789-ad60-db35525a4970\",\n     +     followingId: String\n         }\n       }\n     })\n\nArgument `followingId` must not be null.",
  "path": "/follows",
  "timestamp": "2025-06-23T11:20:39.619Z"
}
 
18:20:39.630 [main] INFO com.intuit.karate -- ? TEST FAILED - Status mismatch: Expected 400, got 500 
18:20:39.631 [main] INFO com.intuit.karate -- Test Case Data: {
  "bearerToken": "",
  "followingId": "NULL_VALUE",
  "testDescription": "Ki?m tra tr??ng null",
  "expectedStatus": 400.0,
  "expectedResult": "{\"error\": \"followingId không th? b? null\"}",
  "responseStatus": "500",
  "result": "{\"success\":false,\"statusCode\":500,\"message\":\"\\nInvalid `this.prisma.follow.findUnique()` invocation in\\nD:\\\\Documents\\\\Workspace\\\\react_native\\\\roamly_backend\\\\src\\\\modules\\\\follow\\\\follow.service.ts:22:47\\n\\n  19   throw new ForbiddenException('Không th? theo dõi chính mình');\\n  20 }\\n  21 \\n? 22 const existing = await this.prisma.follow.findUnique({\\n       where: {\\n         followerId_followingId: {\\n           followerId: \\\"08515b05-2d3e-4789-ad60-db35525a4970\\\",\\n     +     followingId: String\\n         }\\n       }\\n     })\\n\\nArgument `followingId` must not be null.\",\"path\":\"/follows\",\"timestamp\":\"2025-06-23T11:18:36.700Z\"}",
  "testStatus": "FAIL",
  "failureReason": "Status mismatch: Expected 400, got 500"
}
 
18:20:39.632 [main] INFO com.intuit.karate -- Expected Status: 400.0 
18:20:39.632 [main] INFO com.intuit.karate -- Expected Result: {"error": "followingId không th? b? null"} 
18:20:39.632 [main] INFO com.intuit.karate -- Actual Status: 500 
18:20:39.632 [main] INFO com.intuit.karate -- Test Status: FAIL 
18:20:39.633 [main] INFO com.intuit.karate -- Test case #2 - Status: 500, Test Result: FAIL 
18:20:39.634 [main] INFO com.intuit.karate -- ?ang ch?y test case #3: followingId r?ng 
18:20:39.634 [main] INFO com.intuit.karate -- S? d?ng global bearer token t? config: eyJhbGciOiJIUzI1NiIsInR5cCI6IkpXVCJ9.eyJzdWIiOiIwODUxNWIwNS0yZDNlLTQ3ODktYWQ2MC1kYjM1NTI1YTQ5NzAiLCJ1c2VybmFtZSI6Im5hbSIsInJvbGUiOjAsImlhdCI6MTc1MDY3NjI4MiwiZXhwIjoxNzUwNjc5ODgyfQ.eQgi0lA3OvlYrn9TluUTgvJwrbrbQcO2XI61Wq_JoOA 
18:20:39.647 [main] INFO com.intuit.karate -- karate.env system property was: null 
18:20:39.650 [main] DEBUG com.jayway.jsonpath.internal.path.CompiledPath -- Evaluating path: $
18:20:39.651 [main] DEBUG com.jayway.jsonpath.internal.path.CompiledPath -- Evaluating path: $
18:20:39.652 [main] DEBUG org.apache.http.client.protocol.RequestAddCookies -- CookieSpec selected: karate
18:20:39.652 [main] DEBUG org.apache.http.client.protocol.RequestAuthCache -- Auth cache not set in the context
18:20:39.652 [main] DEBUG com.intuit.karate -- request:
1 > POST http://localhost:3000/follows
1 > Authorization: Bearer eyJhbGciOiJIUzI1NiIsInR5cCI6IkpXVCJ9.eyJzdWIiOiIwODUxNWIwNS0yZDNlLTQ3ODktYWQ2MC1kYjM1NTI1YTQ5NzAiLCJ1c2VybmFtZSI6Im5hbSIsInJvbGUiOjAsImlhdCI6MTc1MDY3NjI4MiwiZXhwIjoxNzUwNjc5ODgyfQ.eQgi0lA3OvlYrn9TluUTgvJwrbrbQcO2XI61Wq_JoOA
1 > Content-Type: application/json; charset=UTF-8
1 > Content-Length: 18
1 > Host: localhost:3000
1 > Connection: Keep-Alive
1 > User-Agent: Apache-HttpClient/4.5.14 (Java/17.0.9)
1 > Accept-Encoding: gzip,deflate
{
  "followingId": ""
}


18:20:39.652 [main] DEBUG org.apache.http.impl.conn.PoolingHttpClientConnectionManager -- Connection request: [route: {}->http://localhost:3000][total available: 0; route allocated: 0 of 5; total allocated: 0 of 10]
18:20:39.653 [main] DEBUG org.apache.http.impl.conn.PoolingHttpClientConnectionManager -- Connection leased: [id: 2][route: {}->http://localhost:3000][total available: 0; route allocated: 1 of 5; total allocated: 1 of 10]
18:20:39.653 [main] DEBUG org.apache.http.impl.execchain.MainClientExec -- Opening connection {}->http://localhost:3000
18:20:39.653 [main] DEBUG org.apache.http.impl.conn.DefaultHttpClientConnectionOperator -- Connecting to localhost/127.0.0.1:3000
18:20:39.654 [main] DEBUG org.apache.http.impl.conn.DefaultHttpClientConnectionOperator -- Connection established 127.0.0.1:61165<->127.0.0.1:3000
18:20:39.654 [main] DEBUG org.apache.http.impl.conn.DefaultManagedHttpClientConnection -- http-outgoing-2: set socket timeout to 5000
18:20:39.654 [main] DEBUG org.apache.http.impl.execchain.MainClientExec -- Executing request POST /follows HTTP/1.1
18:20:39.654 [main] DEBUG org.apache.http.impl.execchain.MainClientExec -- Proxy auth state: UNCHALLENGED
18:20:39.654 [main] DEBUG org.apache.http.headers -- http-outgoing-2 >> POST /follows HTTP/1.1
18:20:39.654 [main] DEBUG org.apache.http.headers -- http-outgoing-2 >> Authorization: Bearer eyJhbGciOiJIUzI1NiIsInR5cCI6IkpXVCJ9.eyJzdWIiOiIwODUxNWIwNS0yZDNlLTQ3ODktYWQ2MC1kYjM1NTI1YTQ5NzAiLCJ1c2VybmFtZSI6Im5hbSIsInJvbGUiOjAsImlhdCI6MTc1MDY3NjI4MiwiZXhwIjoxNzUwNjc5ODgyfQ.eQgi0lA3OvlYrn9TluUTgvJwrbrbQcO2XI61Wq_JoOA
18:20:39.654 [main] DEBUG org.apache.http.headers -- http-outgoing-2 >> Content-Type: application/json; charset=UTF-8
18:20:39.654 [main] DEBUG org.apache.http.headers -- http-outgoing-2 >> Content-Length: 18
18:20:39.655 [main] DEBUG org.apache.http.headers -- http-outgoing-2 >> Host: localhost:3000
18:20:39.655 [main] DEBUG org.apache.http.headers -- http-outgoing-2 >> Connection: Keep-Alive
18:20:39.655 [main] DEBUG org.apache.http.headers -- http-outgoing-2 >> User-Agent: Apache-HttpClient/4.5.14 (Java/17.0.9)
18:20:39.655 [main] DEBUG org.apache.http.headers -- http-outgoing-2 >> Accept-Encoding: gzip,deflate
18:20:39.655 [main] DEBUG org.apache.http.wire -- http-outgoing-2 >> "POST /follows HTTP/1.1[\r][\n]"
18:20:39.655 [main] DEBUG org.apache.http.wire -- http-outgoing-2 >> "Authorization: Bearer eyJhbGciOiJIUzI1NiIsInR5cCI6IkpXVCJ9.eyJzdWIiOiIwODUxNWIwNS0yZDNlLTQ3ODktYWQ2MC1kYjM1NTI1YTQ5NzAiLCJ1c2VybmFtZSI6Im5hbSIsInJvbGUiOjAsImlhdCI6MTc1MDY3NjI4MiwiZXhwIjoxNzUwNjc5ODgyfQ.eQgi0lA3OvlYrn9TluUTgvJwrbrbQcO2XI61Wq_JoOA[\r][\n]"
18:20:39.655 [main] DEBUG org.apache.http.wire -- http-outgoing-2 >> "Content-Type: application/json; charset=UTF-8[\r][\n]"
18:20:39.655 [main] DEBUG org.apache.http.wire -- http-outgoing-2 >> "Content-Length: 18[\r][\n]"
18:20:39.655 [main] DEBUG org.apache.http.wire -- http-outgoing-2 >> "Host: localhost:3000[\r][\n]"
18:20:39.655 [main] DEBUG org.apache.http.wire -- http-outgoing-2 >> "Connection: Keep-Alive[\r][\n]"
18:20:39.655 [main] DEBUG org.apache.http.wire -- http-outgoing-2 >> "User-Agent: Apache-HttpClient/4.5.14 (Java/17.0.9)[\r][\n]"
18:20:39.655 [main] DEBUG org.apache.http.wire -- http-outgoing-2 >> "Accept-Encoding: gzip,deflate[\r][\n]"
18:20:39.655 [main] DEBUG org.apache.http.wire -- http-outgoing-2 >> "[\r][\n]"
18:20:39.655 [main] DEBUG org.apache.http.wire -- http-outgoing-2 >> "{"followingId":""}"
18:20:39.791 [main] DEBUG org.apache.http.wire -- http-outgoing-2 << "HTTP/1.1 404 Not Found[\r][\n]"
18:20:39.791 [main] DEBUG org.apache.http.wire -- http-outgoing-2 << "X-Powered-By: Express[\r][\n]"
18:20:39.791 [main] DEBUG org.apache.http.wire -- http-outgoing-2 << "Access-Control-Allow-Origin: *[\r][\n]"
18:20:39.791 [main] DEBUG org.apache.http.wire -- http-outgoing-2 << "Content-Type: application/json; charset=utf-8[\r][\n]"
18:20:39.791 [main] DEBUG org.apache.http.wire -- http-outgoing-2 << "Content-Length: 137[\r][\n]"
18:20:39.791 [main] DEBUG org.apache.http.wire -- http-outgoing-2 << "ETag: W/"89-CTTpZdvCwT25Y6xUIwubFfTEmSQ"[\r][\n]"
18:20:39.791 [main] DEBUG org.apache.http.wire -- http-outgoing-2 << "Date: Mon, 23 Jun 2025 11:20:39 GMT[\r][\n]"
18:20:39.791 [main] DEBUG org.apache.http.wire -- http-outgoing-2 << "Connection: keep-alive[\r][\n]"
18:20:39.791 [main] DEBUG org.apache.http.wire -- http-outgoing-2 << "Keep-Alive: timeout=5[\r][\n]"
18:20:39.791 [main] DEBUG org.apache.http.wire -- http-outgoing-2 << "[\r][\n]"
18:20:39.791 [main] DEBUG org.apache.http.wire -- http-outgoing-2 << "{"success":false,"statusCode":404,"message":"Kh[0xc3][0xb4]ng t[0xc3][0xac]m th[0xe1][0xba][0xa5]y ng[0xc6][0xb0][0xe1][0xbb][0x9d]i d[0xc3][0xb9]ng","path":"/follows","timestamp":"2025-06-23T11:20:39.791Z"}"
18:20:39.792 [main] DEBUG org.apache.http.headers -- http-outgoing-2 << HTTP/1.1 404 Not Found
18:20:39.792 [main] DEBUG org.apache.http.headers -- http-outgoing-2 << X-Powered-By: Express
18:20:39.792 [main] DEBUG org.apache.http.headers -- http-outgoing-2 << Access-Control-Allow-Origin: *
18:20:39.792 [main] DEBUG org.apache.http.headers -- http-outgoing-2 << Content-Type: application/json; charset=utf-8
18:20:39.792 [main] DEBUG org.apache.http.headers -- http-outgoing-2 << Content-Length: 137
18:20:39.792 [main] DEBUG org.apache.http.headers -- http-outgoing-2 << ETag: W/"89-CTTpZdvCwT25Y6xUIwubFfTEmSQ"
18:20:39.792 [main] DEBUG org.apache.http.headers -- http-outgoing-2 << Date: Mon, 23 Jun 2025 11:20:39 GMT
18:20:39.792 [main] DEBUG org.apache.http.headers -- http-outgoing-2 << Connection: keep-alive
18:20:39.792 [main] DEBUG org.apache.http.headers -- http-outgoing-2 << Keep-Alive: timeout=5
18:20:39.792 [main] DEBUG org.apache.http.impl.execchain.MainClientExec -- Connection can be kept alive for 5000 MILLISECONDS
18:20:39.792 [main] DEBUG org.apache.http.impl.conn.PoolingHttpClientConnectionManager -- Connection [id: 2][route: {}->http://localhost:3000] can be kept alive for 5.0 seconds
18:20:39.792 [main] DEBUG org.apache.http.impl.conn.DefaultManagedHttpClientConnection -- http-outgoing-2: set socket timeout to 0
18:20:39.792 [main] DEBUG org.apache.http.impl.conn.PoolingHttpClientConnectionManager -- Connection released: [id: 2][route: {}->http://localhost:3000][total available: 1; route allocated: 1 of 5; total allocated: 1 of 10]
18:20:39.792 [main] DEBUG org.apache.http.impl.conn.PoolingHttpClientConnectionManager -- Connection manager is shutting down
18:20:39.792 [main] DEBUG org.apache.http.impl.conn.DefaultManagedHttpClientConnection -- http-outgoing-2: Close connection
18:20:39.792 [main] DEBUG org.apache.http.impl.conn.PoolingHttpClientConnectionManager -- Connection manager shut down
18:20:39.793 [main] DEBUG com.intuit.karate -- response time in milliseconds: 140
1 < 404
1 < X-Powered-By: Express
1 < Access-Control-Allow-Origin: *
1 < Content-Type: application/json; charset=utf-8
1 < Content-Length: 137
1 < ETag: W/"89-CTTpZdvCwT25Y6xUIwubFfTEmSQ"
1 < Date: Mon, 23 Jun 2025 11:20:39 GMT
1 < Connection: keep-alive
1 < Keep-Alive: timeout=5
{
  "success": false,
  "statusCode": 404,
  "message": "Không tìm th?y ng??i dùng",
  "path": "/follows",
  "timestamp": "2025-06-23T11:20:39.791Z"
}


18:20:39.794 [main] INFO com.intuit.karate -- [print] Calling follows API v?i bearerToken: eyJhbGciOiJIUzI1NiIsInR5cCI6IkpXVCJ9.eyJzdWIiOiIwODUxNWIwNS0yZDNlLTQ3ODktYWQ2MC1kYjM1NTI1YTQ5NzAiLCJ1c2VybmFtZSI6Im5hbSIsInJvbGUiOjAsImlhdCI6MTc1MDY3NjI4MiwiZXhwIjoxNzUwNjc5ODgyfQ.eQgi0lA3OvlYrn9TluUTgvJwrbrbQcO2XI61Wq_JoOA 
18:20:39.794 [main] INFO com.intuit.karate -- [print] Request body: {
  "followingId": ""
}
 
18:20:39.795 [main] INFO com.intuit.karate -- [print] Response status: 404 body: {
  "success": false,
  "statusCode": 404,
  "message": "Không tìm th?y ng??i dùng",
  "path": "/follows",
  "timestamp": "2025-06-23T11:20:39.791Z"
}
 
18:20:39.796 [main] INFO com.intuit.karate -- ? TEST FAILED - Status mismatch: Expected 400, got 404 
18:20:39.796 [main] INFO com.intuit.karate -- Test Case Data: {
  "bearerToken": "",
  "followingId": "",
  "testDescription": "followingId r?ng",
  "expectedStatus": 400.0,
  "expectedResult": "{\"error\": \"followingId không th? ?? tr?ng\"}",
  "responseStatus": "404",
  "result": "{\"success\":false,\"statusCode\":404,\"message\":\"Không tìm th?y ng??i dùng\",\"path\":\"/follows\",\"timestamp\":\"2025-06-23T11:18:36.839Z\"}",
  "testStatus": "FAIL",
  "failureReason": "Status mismatch: Expected 400, got 404"
}
 
18:20:39.796 [main] INFO com.intuit.karate -- Expected Status: 400.0 
18:20:39.796 [main] INFO com.intuit.karate -- Expected Result: {"error": "followingId không th? ?? tr?ng"} 
18:20:39.796 [main] INFO com.intuit.karate -- Actual Status: 404 
18:20:39.796 [main] INFO com.intuit.karate -- Test Status: FAIL 
18:20:39.797 [main] INFO com.intuit.karate -- Test case #3 - Status: 404, Test Result: FAIL 
18:20:39.797 [main] INFO com.intuit.karate -- ?ang ch?y test case #4: Thi?u token xác th?c 
18:20:39.797 [main] INFO com.intuit.karate -- Test case không s? d?ng token 
18:20:39.806 [main] INFO com.intuit.karate -- karate.env system property was: null 
18:20:39.808 [main] DEBUG com.jayway.jsonpath.internal.path.CompiledPath -- Evaluating path: $
18:20:39.819 [main] DEBUG com.jayway.jsonpath.internal.path.CompiledPath -- Evaluating path: $
18:20:39.821 [main] DEBUG org.apache.http.client.protocol.RequestAddCookies -- CookieSpec selected: karate
18:20:39.821 [main] DEBUG org.apache.http.client.protocol.RequestAuthCache -- Auth cache not set in the context
18:20:39.821 [main] DEBUG com.intuit.karate -- request:
1 > POST http://localhost:3000/follows
1 > Authorization: #(Authorization)
1 > Content-Type: application/json; charset=UTF-8
1 > Content-Length: 54
1 > Host: localhost:3000
1 > Connection: Keep-Alive
1 > User-Agent: Apache-HttpClient/4.5.14 (Java/17.0.9)
1 > Accept-Encoding: gzip,deflate
{
  "followingId": "e7b38cb7-6701-40d9-a3bd-f53fc4d43457"
}


18:20:39.821 [main] DEBUG org.apache.http.impl.conn.PoolingHttpClientConnectionManager -- Connection request: [route: {}->http://localhost:3000][total available: 0; route allocated: 0 of 5; total allocated: 0 of 10]
18:20:39.821 [main] DEBUG org.apache.http.impl.conn.PoolingHttpClientConnectionManager -- Connection leased: [id: 3][route: {}->http://localhost:3000][total available: 0; route allocated: 1 of 5; total allocated: 1 of 10]
18:20:39.821 [main] DEBUG org.apache.http.impl.execchain.MainClientExec -- Opening connection {}->http://localhost:3000
18:20:39.822 [main] DEBUG org.apache.http.impl.conn.DefaultHttpClientConnectionOperator -- Connecting to localhost/127.0.0.1:3000
18:20:39.822 [main] DEBUG org.apache.http.impl.conn.DefaultHttpClientConnectionOperator -- Connection established 127.0.0.1:61166<->127.0.0.1:3000
18:20:39.822 [main] DEBUG org.apache.http.impl.conn.DefaultManagedHttpClientConnection -- http-outgoing-3: set socket timeout to 5000
18:20:39.822 [main] DEBUG org.apache.http.impl.execchain.MainClientExec -- Executing request POST /follows HTTP/1.1
18:20:39.822 [main] DEBUG org.apache.http.impl.execchain.MainClientExec -- Proxy auth state: UNCHALLENGED
18:20:39.822 [main] DEBUG org.apache.http.headers -- http-outgoing-3 >> POST /follows HTTP/1.1
18:20:39.822 [main] DEBUG org.apache.http.headers -- http-outgoing-3 >> Authorization: #(Authorization)
18:20:39.822 [main] DEBUG org.apache.http.headers -- http-outgoing-3 >> Content-Type: application/json; charset=UTF-8
18:20:39.822 [main] DEBUG org.apache.http.headers -- http-outgoing-3 >> Content-Length: 54
18:20:39.822 [main] DEBUG org.apache.http.headers -- http-outgoing-3 >> Host: localhost:3000
18:20:39.822 [main] DEBUG org.apache.http.headers -- http-outgoing-3 >> Connection: Keep-Alive
18:20:39.822 [main] DEBUG org.apache.http.headers -- http-outgoing-3 >> User-Agent: Apache-HttpClient/4.5.14 (Java/17.0.9)
18:20:39.822 [main] DEBUG org.apache.http.headers -- http-outgoing-3 >> Accept-Encoding: gzip,deflate
18:20:39.822 [main] DEBUG org.apache.http.wire -- http-outgoing-3 >> "POST /follows HTTP/1.1[\r][\n]"
18:20:39.822 [main] DEBUG org.apache.http.wire -- http-outgoing-3 >> "Authorization: #(Authorization)[\r][\n]"
18:20:39.822 [main] DEBUG org.apache.http.wire -- http-outgoing-3 >> "Content-Type: application/json; charset=UTF-8[\r][\n]"
18:20:39.822 [main] DEBUG org.apache.http.wire -- http-outgoing-3 >> "Content-Length: 54[\r][\n]"
18:20:39.822 [main] DEBUG org.apache.http.wire -- http-outgoing-3 >> "Host: localhost:3000[\r][\n]"
18:20:39.822 [main] DEBUG org.apache.http.wire -- http-outgoing-3 >> "Connection: Keep-Alive[\r][\n]"
18:20:39.822 [main] DEBUG org.apache.http.wire -- http-outgoing-3 >> "User-Agent: Apache-HttpClient/4.5.14 (Java/17.0.9)[\r][\n]"
18:20:39.822 [main] DEBUG org.apache.http.wire -- http-outgoing-3 >> "Accept-Encoding: gzip,deflate[\r][\n]"
18:20:39.822 [main] DEBUG org.apache.http.wire -- http-outgoing-3 >> "[\r][\n]"
18:20:39.822 [main] DEBUG org.apache.http.wire -- http-outgoing-3 >> "{"followingId":"e7b38cb7-6701-40d9-a3bd-f53fc4d43457"}"
18:20:39.824 [main] DEBUG org.apache.http.wire -- http-outgoing-3 << "HTTP/1.1 401 Unauthorized[\r][\n]"
18:20:39.824 [main] DEBUG org.apache.http.wire -- http-outgoing-3 << "X-Powered-By: Express[\r][\n]"
18:20:39.824 [main] DEBUG org.apache.http.wire -- http-outgoing-3 << "Access-Control-Allow-Origin: *[\r][\n]"
18:20:39.824 [main] DEBUG org.apache.http.wire -- http-outgoing-3 << "Content-Type: application/json; charset=utf-8[\r][\n]"
18:20:39.824 [main] DEBUG org.apache.http.wire -- http-outgoing-3 << "Content-Length: 116[\r][\n]"
18:20:39.824 [main] DEBUG org.apache.http.wire -- http-outgoing-3 << "ETag: W/"74-wseupfXh+3sDtTAhuL+4LM2e5mI"[\r][\n]"
18:20:39.824 [main] DEBUG org.apache.http.wire -- http-outgoing-3 << "Date: Mon, 23 Jun 2025 11:20:39 GMT[\r][\n]"
18:20:39.824 [main] DEBUG org.apache.http.wire -- http-outgoing-3 << "Connection: keep-alive[\r][\n]"
18:20:39.824 [main] DEBUG org.apache.http.wire -- http-outgoing-3 << "Keep-Alive: timeout=5[\r][\n]"
18:20:39.824 [main] DEBUG org.apache.http.wire -- http-outgoing-3 << "[\r][\n]"
18:20:39.824 [main] DEBUG org.apache.http.wire -- http-outgoing-3 << "{"success":false,"statusCode":401,"message":"Unauthorized","path":"/follows","timestamp":"2025-06-23T11:20:39.824Z"}"
18:20:39.824 [main] DEBUG org.apache.http.headers -- http-outgoing-3 << HTTP/1.1 401 Unauthorized
18:20:39.824 [main] DEBUG org.apache.http.headers -- http-outgoing-3 << X-Powered-By: Express
18:20:39.824 [main] DEBUG org.apache.http.headers -- http-outgoing-3 << Access-Control-Allow-Origin: *
18:20:39.824 [main] DEBUG org.apache.http.headers -- http-outgoing-3 << Content-Type: application/json; charset=utf-8
18:20:39.824 [main] DEBUG org.apache.http.headers -- http-outgoing-3 << Content-Length: 116
18:20:39.824 [main] DEBUG org.apache.http.headers -- http-outgoing-3 << ETag: W/"74-wseupfXh+3sDtTAhuL+4LM2e5mI"
18:20:39.824 [main] DEBUG org.apache.http.headers -- http-outgoing-3 << Date: Mon, 23 Jun 2025 11:20:39 GMT
18:20:39.825 [main] DEBUG org.apache.http.headers -- http-outgoing-3 << Connection: keep-alive
18:20:39.825 [main] DEBUG org.apache.http.headers -- http-outgoing-3 << Keep-Alive: timeout=5
18:20:39.825 [main] DEBUG org.apache.http.impl.execchain.MainClientExec -- Connection can be kept alive for 5000 MILLISECONDS
18:20:39.825 [main] DEBUG org.apache.http.impl.auth.HttpAuthenticator -- Authentication required
18:20:39.825 [main] DEBUG org.apache.http.impl.auth.HttpAuthenticator -- localhost:3000 requested authentication
18:20:39.825 [main] DEBUG org.apache.http.impl.auth.HttpAuthenticator -- Response contains no authentication challenges
18:20:39.825 [main] DEBUG org.apache.http.impl.conn.PoolingHttpClientConnectionManager -- Connection [id: 3][route: {}->http://localhost:3000] can be kept alive for 5.0 seconds
18:20:39.825 [main] DEBUG org.apache.http.impl.conn.DefaultManagedHttpClientConnection -- http-outgoing-3: set socket timeout to 0
18:20:39.825 [main] DEBUG org.apache.http.impl.conn.PoolingHttpClientConnectionManager -- Connection released: [id: 3][route: {}->http://localhost:3000][total available: 1; route allocated: 1 of 5; total allocated: 1 of 10]
18:20:39.825 [main] DEBUG org.apache.http.impl.conn.PoolingHttpClientConnectionManager -- Connection manager is shutting down
18:20:39.825 [main] DEBUG org.apache.http.impl.conn.DefaultManagedHttpClientConnection -- http-outgoing-3: Close connection
18:20:39.825 [main] DEBUG org.apache.http.impl.conn.PoolingHttpClientConnectionManager -- Connection manager shut down
18:20:39.825 [main] DEBUG com.intuit.karate -- response time in milliseconds: 4
1 < 401
1 < X-Powered-By: Express
1 < Access-Control-Allow-Origin: *
1 < Content-Type: application/json; charset=utf-8
1 < Content-Length: 116
1 < ETag: W/"74-wseupfXh+3sDtTAhuL+4LM2e5mI"
1 < Date: Mon, 23 Jun 2025 11:20:39 GMT
1 < Connection: keep-alive
1 < Keep-Alive: timeout=5
{
  "success": false,
  "statusCode": 401,
  "message": "Unauthorized",
  "path": "/follows",
  "timestamp": "2025-06-23T11:20:39.824Z"
}


18:20:39.827 [main] INFO com.intuit.karate -- [print] Calling follows API v?i bearerToken:  
18:20:39.827 [main] INFO com.intuit.karate -- [print] Request body: {
  "followingId": "e7b38cb7-6701-40d9-a3bd-f53fc4d43457"
}
 
18:20:39.827 [main] INFO com.intuit.karate -- [print] Response status: 401 body: {
  "success": false,
  "statusCode": 401,
  "message": "Unauthorized",
  "path": "/follows",
  "timestamp": "2025-06-23T11:20:39.824Z"
}
 
18:20:39.828 [main] INFO com.intuit.karate -- ? TEST PASSED - All validations passed 
18:20:39.828 [main] INFO com.intuit.karate -- Test Case Data: {
  "bearerToken": "NO_TOKEN",
  "followingId": "e7b38cb7-6701-40d9-a3bd-f53fc4d43457",
  "testDescription": "Thi?u token xác th?c",
  "expectedStatus": 401.0,
  "expectedResult": "{\"error\": \"Unauthorized\"}",
  "responseStatus": "401",
  "result": "{\"success\":false,\"statusCode\":401,\"message\":\"Unauthorized\",\"path\":\"/follows\",\"timestamp\":\"2025-06-23T11:18:36.871Z\"}",
  "testStatus": "PASS",
  "failureReason": "All validations passed"
}
 
18:20:39.828 [main] INFO com.intuit.karate -- Expected Status: 401.0 
18:20:39.828 [main] INFO com.intuit.karate -- Expected Result: {"error": "Unauthorized"} 
18:20:39.828 [main] INFO com.intuit.karate -- Actual Status: 401 
18:20:39.828 [main] INFO com.intuit.karate -- Test Status: PASS 
18:20:39.828 [main] INFO com.intuit.karate -- Test case #4 - Status: 401, Test Result: PASS 
18:20:39.830 [main] INFO com.intuit.karate -- ?ang ch?y test case #5: Token không h?p l? 
18:20:39.830 [main] INFO com.intuit.karate -- Test case s? d?ng token không h?p l? 
18:20:39.838 [main] INFO com.intuit.karate -- karate.env system property was: null 
18:20:39.840 [main] DEBUG com.jayway.jsonpath.internal.path.CompiledPath -- Evaluating path: $
18:20:39.840 [main] DEBUG com.jayway.jsonpath.internal.path.CompiledPath -- Evaluating path: $
18:20:39.841 [main] DEBUG org.apache.http.client.protocol.RequestAddCookies -- CookieSpec selected: karate
18:20:39.841 [main] DEBUG org.apache.http.client.protocol.RequestAuthCache -- Auth cache not set in the context
18:20:39.841 [main] DEBUG com.intuit.karate -- request:
1 > POST http://localhost:3000/follows
1 > Authorization: Bearer invalid_token_123
1 > Content-Type: application/json; charset=UTF-8
1 > Content-Length: 54
1 > Host: localhost:3000
1 > Connection: Keep-Alive
1 > User-Agent: Apache-HttpClient/4.5.14 (Java/17.0.9)
1 > Accept-Encoding: gzip,deflate
{
  "followingId": "e7b38cb7-6701-40d9-a3bd-f53fc4d43457"
}


18:20:39.841 [main] DEBUG org.apache.http.impl.conn.PoolingHttpClientConnectionManager -- Connection request: [route: {}->http://localhost:3000][total available: 0; route allocated: 0 of 5; total allocated: 0 of 10]
18:20:39.841 [main] DEBUG org.apache.http.impl.conn.PoolingHttpClientConnectionManager -- Connection leased: [id: 4][route: {}->http://localhost:3000][total available: 0; route allocated: 1 of 5; total allocated: 1 of 10]
18:20:39.842 [main] DEBUG org.apache.http.impl.execchain.MainClientExec -- Opening connection {}->http://localhost:3000
18:20:39.842 [main] DEBUG org.apache.http.impl.conn.DefaultHttpClientConnectionOperator -- Connecting to localhost/127.0.0.1:3000
18:20:39.842 [main] DEBUG org.apache.http.impl.conn.DefaultHttpClientConnectionOperator -- Connection established 127.0.0.1:61167<->127.0.0.1:3000
18:20:39.842 [main] DEBUG org.apache.http.impl.conn.DefaultManagedHttpClientConnection -- http-outgoing-4: set socket timeout to 5000
18:20:39.842 [main] DEBUG org.apache.http.impl.execchain.MainClientExec -- Executing request POST /follows HTTP/1.1
18:20:39.842 [main] DEBUG org.apache.http.impl.execchain.MainClientExec -- Proxy auth state: UNCHALLENGED
18:20:39.842 [main] DEBUG org.apache.http.headers -- http-outgoing-4 >> POST /follows HTTP/1.1
18:20:39.842 [main] DEBUG org.apache.http.headers -- http-outgoing-4 >> Authorization: Bearer invalid_token_123
18:20:39.842 [main] DEBUG org.apache.http.headers -- http-outgoing-4 >> Content-Type: application/json; charset=UTF-8
18:20:39.842 [main] DEBUG org.apache.http.headers -- http-outgoing-4 >> Content-Length: 54
18:20:39.842 [main] DEBUG org.apache.http.headers -- http-outgoing-4 >> Host: localhost:3000
18:20:39.842 [main] DEBUG org.apache.http.headers -- http-outgoing-4 >> Connection: Keep-Alive
18:20:39.842 [main] DEBUG org.apache.http.headers -- http-outgoing-4 >> User-Agent: Apache-HttpClient/4.5.14 (Java/17.0.9)
18:20:39.843 [main] DEBUG org.apache.http.headers -- http-outgoing-4 >> Accept-Encoding: gzip,deflate
18:20:39.843 [main] DEBUG org.apache.http.wire -- http-outgoing-4 >> "POST /follows HTTP/1.1[\r][\n]"
18:20:39.843 [main] DEBUG org.apache.http.wire -- http-outgoing-4 >> "Authorization: Bearer invalid_token_123[\r][\n]"
18:20:39.843 [main] DEBUG org.apache.http.wire -- http-outgoing-4 >> "Content-Type: application/json; charset=UTF-8[\r][\n]"
18:20:39.843 [main] DEBUG org.apache.http.wire -- http-outgoing-4 >> "Content-Length: 54[\r][\n]"
18:20:39.843 [main] DEBUG org.apache.http.wire -- http-outgoing-4 >> "Host: localhost:3000[\r][\n]"
18:20:39.843 [main] DEBUG org.apache.http.wire -- http-outgoing-4 >> "Connection: Keep-Alive[\r][\n]"
18:20:39.843 [main] DEBUG org.apache.http.wire -- http-outgoing-4 >> "User-Agent: Apache-HttpClient/4.5.14 (Java/17.0.9)[\r][\n]"
18:20:39.843 [main] DEBUG org.apache.http.wire -- http-outgoing-4 >> "Accept-Encoding: gzip,deflate[\r][\n]"
18:20:39.843 [main] DEBUG org.apache.http.wire -- http-outgoing-4 >> "[\r][\n]"
18:20:39.844 [main] DEBUG org.apache.http.wire -- http-outgoing-4 >> "{"followingId":"e7b38cb7-6701-40d9-a3bd-f53fc4d43457"}"
18:20:39.844 [main] DEBUG org.apache.http.wire -- http-outgoing-4 << "HTTP/1.1 401 Unauthorized[\r][\n]"
18:20:39.844 [main] DEBUG org.apache.http.wire -- http-outgoing-4 << "X-Powered-By: Express[\r][\n]"
18:20:39.845 [main] DEBUG org.apache.http.wire -- http-outgoing-4 << "Access-Control-Allow-Origin: *[\r][\n]"
18:20:39.845 [main] DEBUG org.apache.http.wire -- http-outgoing-4 << "Content-Type: application/json; charset=utf-8[\r][\n]"
18:20:39.845 [main] DEBUG org.apache.http.wire -- http-outgoing-4 << "Content-Length: 116[\r][\n]"
18:20:39.845 [main] DEBUG org.apache.http.wire -- http-outgoing-4 << "ETag: W/"74-KF+9OWeYtVMCpZgFwEx05zyDQjg"[\r][\n]"
18:20:39.845 [main] DEBUG org.apache.http.wire -- http-outgoing-4 << "Date: Mon, 23 Jun 2025 11:20:39 GMT[\r][\n]"
18:20:39.845 [main] DEBUG org.apache.http.wire -- http-outgoing-4 << "Connection: keep-alive[\r][\n]"
18:20:39.845 [main] DEBUG org.apache.http.wire -- http-outgoing-4 << "Keep-Alive: timeout=5[\r][\n]"
18:20:39.845 [main] DEBUG org.apache.http.wire -- http-outgoing-4 << "[\r][\n]"
18:20:39.845 [main] DEBUG org.apache.http.wire -- http-outgoing-4 << "{"success":false,"statusCode":401,"message":"Unauthorized","path":"/follows","timestamp":"2025-06-23T11:20:39.844Z"}"
18:20:39.845 [main] DEBUG org.apache.http.headers -- http-outgoing-4 << HTTP/1.1 401 Unauthorized
18:20:39.845 [main] DEBUG org.apache.http.headers -- http-outgoing-4 << X-Powered-By: Express
18:20:39.845 [main] DEBUG org.apache.http.headers -- http-outgoing-4 << Access-Control-Allow-Origin: *
18:20:39.845 [main] DEBUG org.apache.http.headers -- http-outgoing-4 << Content-Type: application/json; charset=utf-8
18:20:39.845 [main] DEBUG org.apache.http.headers -- http-outgoing-4 << Content-Length: 116
18:20:39.845 [main] DEBUG org.apache.http.headers -- http-outgoing-4 << ETag: W/"74-KF+9OWeYtVMCpZgFwEx05zyDQjg"
18:20:39.845 [main] DEBUG org.apache.http.headers -- http-outgoing-4 << Date: Mon, 23 Jun 2025 11:20:39 GMT
18:20:39.845 [main] DEBUG org.apache.http.headers -- http-outgoing-4 << Connection: keep-alive
18:20:39.845 [main] DEBUG org.apache.http.headers -- http-outgoing-4 << Keep-Alive: timeout=5
18:20:39.845 [main] DEBUG org.apache.http.impl.execchain.MainClientExec -- Connection can be kept alive for 5000 MILLISECONDS
18:20:39.845 [main] DEBUG org.apache.http.impl.auth.HttpAuthenticator -- Authentication required
18:20:39.845 [main] DEBUG org.apache.http.impl.auth.HttpAuthenticator -- localhost:3000 requested authentication
18:20:39.845 [main] DEBUG org.apache.http.impl.auth.HttpAuthenticator -- Response contains no authentication challenges
18:20:39.845 [main] DEBUG org.apache.http.impl.conn.PoolingHttpClientConnectionManager -- Connection [id: 4][route: {}->http://localhost:3000] can be kept alive for 5.0 seconds
18:20:39.845 [main] DEBUG org.apache.http.impl.conn.DefaultManagedHttpClientConnection -- http-outgoing-4: set socket timeout to 0
18:20:39.845 [main] DEBUG org.apache.http.impl.conn.PoolingHttpClientConnectionManager -- Connection released: [id: 4][route: {}->http://localhost:3000][total available: 1; route allocated: 1 of 5; total allocated: 1 of 10]
18:20:39.845 [main] DEBUG org.apache.http.impl.conn.PoolingHttpClientConnectionManager -- Connection manager is shutting down
18:20:39.846 [main] DEBUG org.apache.http.impl.conn.DefaultManagedHttpClientConnection -- http-outgoing-4: Close connection
18:20:39.846 [main] DEBUG org.apache.http.impl.conn.PoolingHttpClientConnectionManager -- Connection manager shut down
18:20:39.846 [main] DEBUG com.intuit.karate -- response time in milliseconds: 4
1 < 401
1 < X-Powered-By: Express
1 < Access-Control-Allow-Origin: *
1 < Content-Type: application/json; charset=utf-8
1 < Content-Length: 116
1 < ETag: W/"74-KF+9OWeYtVMCpZgFwEx05zyDQjg"
1 < Date: Mon, 23 Jun 2025 11:20:39 GMT
1 < Connection: keep-alive
1 < Keep-Alive: timeout=5
{
  "success": false,
  "statusCode": 401,
  "message": "Unauthorized",
  "path": "/follows",
  "timestamp": "2025-06-23T11:20:39.844Z"
}


18:20:39.847 [main] INFO com.intuit.karate -- [print] Calling follows API v?i bearerToken: invalid_token_123 
18:20:39.848 [main] INFO com.intuit.karate -- [print] Request body: {
  "followingId": "e7b38cb7-6701-40d9-a3bd-f53fc4d43457"
}
 
18:20:39.848 [main] INFO com.intuit.karate -- [print] Response status: 401 body: {
  "success": false,
  "statusCode": 401,
  "message": "Unauthorized",
  "path": "/follows",
  "timestamp": "2025-06-23T11:20:39.844Z"
}
 
18:20:39.849 [main] INFO com.intuit.karate -- ? TEST PASSED - All validations passed 
18:20:39.849 [main] INFO com.intuit.karate -- Test Case Data: {
  "bearerToken": "INVALID_TOKEN",
  "followingId": "e7b38cb7-6701-40d9-a3bd-f53fc4d43457",
  "testDescription": "Token không h?p l?",
  "expectedStatus": 401.0,
  "expectedResult": "{\"error\": \"Unauthorized\"}",
  "responseStatus": "401",
  "result": "{\"success\":false,\"statusCode\":401,\"message\":\"Unauthorized\",\"path\":\"/follows\",\"timestamp\":\"2025-06-23T11:18:36.890Z\"}",
  "testStatus": "PASS",
  "failureReason": "All validations passed"
}
 
18:20:39.849 [main] INFO com.intuit.karate -- Expected Status: 401.0 
18:20:39.849 [main] INFO com.intuit.karate -- Expected Result: {"error": "Unauthorized"} 
18:20:39.849 [main] INFO com.intuit.karate -- Actual Status: 401 
18:20:39.849 [main] INFO com.intuit.karate -- Test Status: PASS 
18:20:39.850 [main] INFO com.intuit.karate -- Test case #5 - Status: 401, Test Result: PASS 
18:20:39.850 [main] INFO com.intuit.karate -- ?ang ch?y test case #6: followingId không t?n t?i 
18:20:39.850 [main] INFO com.intuit.karate -- S? d?ng global bearer token t? config: eyJhbGciOiJIUzI1NiIsInR5cCI6IkpXVCJ9.eyJzdWIiOiIwODUxNWIwNS0yZDNlLTQ3ODktYWQ2MC1kYjM1NTI1YTQ5NzAiLCJ1c2VybmFtZSI6Im5hbSIsInJvbGUiOjAsImlhdCI6MTc1MDY3NjI4MiwiZXhwIjoxNzUwNjc5ODgyfQ.eQgi0lA3OvlYrn9TluUTgvJwrbrbQcO2XI61Wq_JoOA 
18:20:39.858 [main] INFO com.intuit.karate -- karate.env system property was: null 
18:20:39.859 [main] DEBUG com.jayway.jsonpath.internal.path.CompiledPath -- Evaluating path: $
18:20:39.859 [main] DEBUG com.jayway.jsonpath.internal.path.CompiledPath -- Evaluating path: $
18:20:39.860 [main] DEBUG org.apache.http.client.protocol.RequestAddCookies -- CookieSpec selected: karate
18:20:39.860 [main] DEBUG org.apache.http.client.protocol.RequestAuthCache -- Auth cache not set in the context
18:20:39.861 [main] DEBUG com.intuit.karate -- request:
1 > POST http://localhost:3000/follows
1 > Authorization: Bearer eyJhbGciOiJIUzI1NiIsInR5cCI6IkpXVCJ9.eyJzdWIiOiIwODUxNWIwNS0yZDNlLTQ3ODktYWQ2MC1kYjM1NTI1YTQ5NzAiLCJ1c2VybmFtZSI6Im5hbSIsInJvbGUiOjAsImlhdCI6MTc1MDY3NjI4MiwiZXhwIjoxNzUwNjc5ODgyfQ.eQgi0lA3OvlYrn9TluUTgvJwrbrbQcO2XI61Wq_JoOA
1 > Content-Type: application/json; charset=UTF-8
1 > Content-Length: 32
1 > Host: localhost:3000
1 > Connection: Keep-Alive
1 > User-Agent: Apache-HttpClient/4.5.14 (Java/17.0.9)
1 > Accept-Encoding: gzip,deflate
{
  "followingId": "nonexistent123"
}


18:20:39.861 [main] DEBUG org.apache.http.impl.conn.PoolingHttpClientConnectionManager -- Connection request: [route: {}->http://localhost:3000][total available: 0; route allocated: 0 of 5; total allocated: 0 of 10]
18:20:39.861 [main] DEBUG org.apache.http.impl.conn.PoolingHttpClientConnectionManager -- Connection leased: [id: 5][route: {}->http://localhost:3000][total available: 0; route allocated: 1 of 5; total allocated: 1 of 10]
18:20:39.861 [main] DEBUG org.apache.http.impl.execchain.MainClientExec -- Opening connection {}->http://localhost:3000
18:20:39.861 [main] DEBUG org.apache.http.impl.conn.DefaultHttpClientConnectionOperator -- Connecting to localhost/127.0.0.1:3000
18:20:39.861 [main] DEBUG org.apache.http.impl.conn.DefaultHttpClientConnectionOperator -- Connection established 127.0.0.1:61168<->127.0.0.1:3000
18:20:39.861 [main] DEBUG org.apache.http.impl.conn.DefaultManagedHttpClientConnection -- http-outgoing-5: set socket timeout to 5000
18:20:39.861 [main] DEBUG org.apache.http.impl.execchain.MainClientExec -- Executing request POST /follows HTTP/1.1
18:20:39.861 [main] DEBUG org.apache.http.impl.execchain.MainClientExec -- Proxy auth state: UNCHALLENGED
18:20:39.862 [main] DEBUG org.apache.http.headers -- http-outgoing-5 >> POST /follows HTTP/1.1
18:20:39.862 [main] DEBUG org.apache.http.headers -- http-outgoing-5 >> Authorization: Bearer eyJhbGciOiJIUzI1NiIsInR5cCI6IkpXVCJ9.eyJzdWIiOiIwODUxNWIwNS0yZDNlLTQ3ODktYWQ2MC1kYjM1NTI1YTQ5NzAiLCJ1c2VybmFtZSI6Im5hbSIsInJvbGUiOjAsImlhdCI6MTc1MDY3NjI4MiwiZXhwIjoxNzUwNjc5ODgyfQ.eQgi0lA3OvlYrn9TluUTgvJwrbrbQcO2XI61Wq_JoOA
18:20:39.862 [main] DEBUG org.apache.http.headers -- http-outgoing-5 >> Content-Type: application/json; charset=UTF-8
18:20:39.862 [main] DEBUG org.apache.http.headers -- http-outgoing-5 >> Content-Length: 32
18:20:39.862 [main] DEBUG org.apache.http.headers -- http-outgoing-5 >> Host: localhost:3000
18:20:39.862 [main] DEBUG org.apache.http.headers -- http-outgoing-5 >> Connection: Keep-Alive
18:20:39.862 [main] DEBUG org.apache.http.headers -- http-outgoing-5 >> User-Agent: Apache-HttpClient/4.5.14 (Java/17.0.9)
18:20:39.862 [main] DEBUG org.apache.http.headers -- http-outgoing-5 >> Accept-Encoding: gzip,deflate
18:20:39.862 [main] DEBUG org.apache.http.wire -- http-outgoing-5 >> "POST /follows HTTP/1.1[\r][\n]"
18:20:39.862 [main] DEBUG org.apache.http.wire -- http-outgoing-5 >> "Authorization: Bearer eyJhbGciOiJIUzI1NiIsInR5cCI6IkpXVCJ9.eyJzdWIiOiIwODUxNWIwNS0yZDNlLTQ3ODktYWQ2MC1kYjM1NTI1YTQ5NzAiLCJ1c2VybmFtZSI6Im5hbSIsInJvbGUiOjAsImlhdCI6MTc1MDY3NjI4MiwiZXhwIjoxNzUwNjc5ODgyfQ.eQgi0lA3OvlYrn9TluUTgvJwrbrbQcO2XI61Wq_JoOA[\r][\n]"
18:20:39.862 [main] DEBUG org.apache.http.wire -- http-outgoing-5 >> "Content-Type: application/json; charset=UTF-8[\r][\n]"
18:20:39.862 [main] DEBUG org.apache.http.wire -- http-outgoing-5 >> "Content-Length: 32[\r][\n]"
18:20:39.862 [main] DEBUG org.apache.http.wire -- http-outgoing-5 >> "Host: localhost:3000[\r][\n]"
18:20:39.862 [main] DEBUG org.apache.http.wire -- http-outgoing-5 >> "Connection: Keep-Alive[\r][\n]"
18:20:39.862 [main] DEBUG org.apache.http.wire -- http-outgoing-5 >> "User-Agent: Apache-HttpClient/4.5.14 (Java/17.0.9)[\r][\n]"
18:20:39.862 [main] DEBUG org.apache.http.wire -- http-outgoing-5 >> "Accept-Encoding: gzip,deflate[\r][\n]"
18:20:39.862 [main] DEBUG org.apache.http.wire -- http-outgoing-5 >> "[\r][\n]"
18:20:39.862 [main] DEBUG org.apache.http.wire -- http-outgoing-5 >> "{"followingId":"nonexistent123"}"
18:20:39.999 [main] DEBUG org.apache.http.wire -- http-outgoing-5 << "HTTP/1.1 404 Not Found[\r][\n]"
18:20:39.999 [main] DEBUG org.apache.http.wire -- http-outgoing-5 << "X-Powered-By: Express[\r][\n]"
18:20:39.999 [main] DEBUG org.apache.http.wire -- http-outgoing-5 << "Access-Control-Allow-Origin: *[\r][\n]"
18:20:39.999 [main] DEBUG org.apache.http.wire -- http-outgoing-5 << "Content-Type: application/json; charset=utf-8[\r][\n]"
18:20:39.999 [main] DEBUG org.apache.http.wire -- http-outgoing-5 << "Content-Length: 137[\r][\n]"
18:20:39.999 [main] DEBUG org.apache.http.wire -- http-outgoing-5 << "ETag: W/"89-E7e17KvIM/TXaySJmJHKGwSPgTk"[\r][\n]"
18:20:39.999 [main] DEBUG org.apache.http.wire -- http-outgoing-5 << "Date: Mon, 23 Jun 2025 11:20:39 GMT[\r][\n]"
18:20:39.999 [main] DEBUG org.apache.http.wire -- http-outgoing-5 << "Connection: keep-alive[\r][\n]"
18:20:39.999 [main] DEBUG org.apache.http.wire -- http-outgoing-5 << "Keep-Alive: timeout=5[\r][\n]"
18:20:39.999 [main] DEBUG org.apache.http.wire -- http-outgoing-5 << "[\r][\n]"
18:20:39.999 [main] DEBUG org.apache.http.wire -- http-outgoing-5 << "{"success":false,"statusCode":404,"message":"Kh[0xc3][0xb4]ng t[0xc3][0xac]m th[0xe1][0xba][0xa5]y ng[0xc6][0xb0][0xe1][0xbb][0x9d]i d[0xc3][0xb9]ng","path":"/follows","timestamp":"2025-06-23T11:20:39.999Z"}"
18:20:39.999 [main] DEBUG org.apache.http.headers -- http-outgoing-5 << HTTP/1.1 404 Not Found
18:20:39.999 [main] DEBUG org.apache.http.headers -- http-outgoing-5 << X-Powered-By: Express
18:20:39.999 [main] DEBUG org.apache.http.headers -- http-outgoing-5 << Access-Control-Allow-Origin: *
18:20:39.999 [main] DEBUG org.apache.http.headers -- http-outgoing-5 << Content-Type: application/json; charset=utf-8
18:20:39.999 [main] DEBUG org.apache.http.headers -- http-outgoing-5 << Content-Length: 137
18:20:39.999 [main] DEBUG org.apache.http.headers -- http-outgoing-5 << ETag: W/"89-E7e17KvIM/TXaySJmJHKGwSPgTk"
18:20:39.999 [main] DEBUG org.apache.http.headers -- http-outgoing-5 << Date: Mon, 23 Jun 2025 11:20:39 GMT
18:20:39.999 [main] DEBUG org.apache.http.headers -- http-outgoing-5 << Connection: keep-alive
18:20:39.999 [main] DEBUG org.apache.http.headers -- http-outgoing-5 << Keep-Alive: timeout=5
18:20:40.001 [main] DEBUG org.apache.http.impl.execchain.MainClientExec -- Connection can be kept alive for 5000 MILLISECONDS
18:20:40.001 [main] DEBUG org.apache.http.impl.conn.PoolingHttpClientConnectionManager -- Connection [id: 5][route: {}->http://localhost:3000] can be kept alive for 5.0 seconds
18:20:40.001 [main] DEBUG org.apache.http.impl.conn.DefaultManagedHttpClientConnection -- http-outgoing-5: set socket timeout to 0
18:20:40.001 [main] DEBUG org.apache.http.impl.conn.PoolingHttpClientConnectionManager -- Connection released: [id: 5][route: {}->http://localhost:3000][total available: 1; route allocated: 1 of 5; total allocated: 1 of 10]
18:20:40.001 [main] DEBUG org.apache.http.impl.conn.PoolingHttpClientConnectionManager -- Connection manager is shutting down
18:20:40.001 [main] DEBUG org.apache.http.impl.conn.DefaultManagedHttpClientConnection -- http-outgoing-5: Close connection
18:20:40.001 [main] DEBUG org.apache.http.impl.conn.PoolingHttpClientConnectionManager -- Connection manager shut down
18:20:40.002 [main] DEBUG com.intuit.karate -- response time in milliseconds: 140
1 < 404
1 < X-Powered-By: Express
1 < Access-Control-Allow-Origin: *
1 < Content-Type: application/json; charset=utf-8
1 < Content-Length: 137
1 < ETag: W/"89-E7e17KvIM/TXaySJmJHKGwSPgTk"
1 < Date: Mon, 23 Jun 2025 11:20:39 GMT
1 < Connection: keep-alive
1 < Keep-Alive: timeout=5
{
  "success": false,
  "statusCode": 404,
  "message": "Không tìm th?y ng??i dùng",
  "path": "/follows",
  "timestamp": "2025-06-23T11:20:39.999Z"
}


18:20:40.003 [main] INFO com.intuit.karate -- [print] Calling follows API v?i bearerToken: eyJhbGciOiJIUzI1NiIsInR5cCI6IkpXVCJ9.eyJzdWIiOiIwODUxNWIwNS0yZDNlLTQ3ODktYWQ2MC1kYjM1NTI1YTQ5NzAiLCJ1c2VybmFtZSI6Im5hbSIsInJvbGUiOjAsImlhdCI6MTc1MDY3NjI4MiwiZXhwIjoxNzUwNjc5ODgyfQ.eQgi0lA3OvlYrn9TluUTgvJwrbrbQcO2XI61Wq_JoOA 
18:20:40.003 [main] INFO com.intuit.karate -- [print] Request body: {
  "followingId": "nonexistent123"
}
 
18:20:40.004 [main] INFO com.intuit.karate -- [print] Response status: 404 body: {
  "success": false,
  "statusCode": 404,
  "message": "Không tìm th?y ng??i dùng",
  "path": "/follows",
  "timestamp": "2025-06-23T11:20:39.999Z"
}
 
18:20:40.006 [main] INFO com.intuit.karate -- ? TEST PASSED - All validations passed 
18:20:40.006 [main] INFO com.intuit.karate -- Test Case Data: {
  "bearerToken": "",
  "followingId": "nonexistent123",
  "testDescription": "followingId không t?n t?i",
  "expectedStatus": 404.0,
  "expectedResult": "{\"error\": \"Không tìm th?y ng??i dùng\"}",
  "responseStatus": "404",
  "result": "{\"success\":false,\"statusCode\":404,\"message\":\"Không tìm th?y ng??i dùng\",\"path\":\"/follows\",\"timestamp\":\"2025-06-23T11:18:37.073Z\"}",
  "testStatus": "PASS",
  "failureReason": "All validations passed"
}
 
18:20:40.007 [main] INFO com.intuit.karate -- Expected Status: 404.0 
18:20:40.007 [main] INFO com.intuit.karate -- Expected Result: {"error": "Không tìm th?y ng??i dùng"} 
18:20:40.007 [main] INFO com.intuit.karate -- Actual Status: 404 
18:20:40.007 [main] INFO com.intuit.karate -- Test Status: PASS 
18:20:40.007 [main] INFO com.intuit.karate -- Test case #6 - Status: 404, Test Result: PASS 
18:20:40.008 [main] INFO com.intuit.karate -- ?ang ch?y test case #7: Follow chính mình 
18:20:40.008 [main] INFO com.intuit.karate -- S? d?ng global bearer token t? config: eyJhbGciOiJIUzI1NiIsInR5cCI6IkpXVCJ9.eyJzdWIiOiIwODUxNWIwNS0yZDNlLTQ3ODktYWQ2MC1kYjM1NTI1YTQ5NzAiLCJ1c2VybmFtZSI6Im5hbSIsInJvbGUiOjAsImlhdCI6MTc1MDY3NjI4MiwiZXhwIjoxNzUwNjc5ODgyfQ.eQgi0lA3OvlYrn9TluUTgvJwrbrbQcO2XI61Wq_JoOA 
18:20:40.018 [main] INFO com.intuit.karate -- karate.env system property was: null 
18:20:40.019 [main] DEBUG com.jayway.jsonpath.internal.path.CompiledPath -- Evaluating path: $
18:20:40.020 [main] DEBUG com.jayway.jsonpath.internal.path.CompiledPath -- Evaluating path: $
18:20:40.021 [main] DEBUG org.apache.http.client.protocol.RequestAddCookies -- CookieSpec selected: karate
18:20:40.021 [main] DEBUG org.apache.http.client.protocol.RequestAuthCache -- Auth cache not set in the context
18:20:40.021 [main] DEBUG com.intuit.karate -- request:
1 > POST http://localhost:3000/follows
1 > Authorization: Bearer eyJhbGciOiJIUzI1NiIsInR5cCI6IkpXVCJ9.eyJzdWIiOiIwODUxNWIwNS0yZDNlLTQ3ODktYWQ2MC1kYjM1NTI1YTQ5NzAiLCJ1c2VybmFtZSI6Im5hbSIsInJvbGUiOjAsImlhdCI6MTc1MDY3NjI4MiwiZXhwIjoxNzUwNjc5ODgyfQ.eQgi0lA3OvlYrn9TluUTgvJwrbrbQcO2XI61Wq_JoOA
1 > Content-Type: application/json; charset=UTF-8
1 > Content-Length: 54
1 > Host: localhost:3000
1 > Connection: Keep-Alive
1 > User-Agent: Apache-HttpClient/4.5.14 (Java/17.0.9)
1 > Accept-Encoding: gzip,deflate
{
  "followingId": "08515b05-2d3e-4789-ad60-db35525a4970"
}


18:20:40.022 [main] DEBUG org.apache.http.impl.conn.PoolingHttpClientConnectionManager -- Connection request: [route: {}->http://localhost:3000][total available: 0; route allocated: 0 of 5; total allocated: 0 of 10]
18:20:40.022 [main] DEBUG org.apache.http.impl.conn.PoolingHttpClientConnectionManager -- Connection leased: [id: 6][route: {}->http://localhost:3000][total available: 0; route allocated: 1 of 5; total allocated: 1 of 10]
18:20:40.022 [main] DEBUG org.apache.http.impl.execchain.MainClientExec -- Opening connection {}->http://localhost:3000
18:20:40.022 [main] DEBUG org.apache.http.impl.conn.DefaultHttpClientConnectionOperator -- Connecting to localhost/127.0.0.1:3000
18:20:40.023 [main] DEBUG org.apache.http.impl.conn.DefaultHttpClientConnectionOperator -- Connection established 127.0.0.1:61169<->127.0.0.1:3000
18:20:40.023 [main] DEBUG org.apache.http.impl.conn.DefaultManagedHttpClientConnection -- http-outgoing-6: set socket timeout to 5000
18:20:40.023 [main] DEBUG org.apache.http.impl.execchain.MainClientExec -- Executing request POST /follows HTTP/1.1
18:20:40.023 [main] DEBUG org.apache.http.impl.execchain.MainClientExec -- Proxy auth state: UNCHALLENGED
18:20:40.023 [main] DEBUG org.apache.http.headers -- http-outgoing-6 >> POST /follows HTTP/1.1
18:20:40.023 [main] DEBUG org.apache.http.headers -- http-outgoing-6 >> Authorization: Bearer eyJhbGciOiJIUzI1NiIsInR5cCI6IkpXVCJ9.eyJzdWIiOiIwODUxNWIwNS0yZDNlLTQ3ODktYWQ2MC1kYjM1NTI1YTQ5NzAiLCJ1c2VybmFtZSI6Im5hbSIsInJvbGUiOjAsImlhdCI6MTc1MDY3NjI4MiwiZXhwIjoxNzUwNjc5ODgyfQ.eQgi0lA3OvlYrn9TluUTgvJwrbrbQcO2XI61Wq_JoOA
18:20:40.023 [main] DEBUG org.apache.http.headers -- http-outgoing-6 >> Content-Type: application/json; charset=UTF-8
18:20:40.023 [main] DEBUG org.apache.http.headers -- http-outgoing-6 >> Content-Length: 54
18:20:40.023 [main] DEBUG org.apache.http.headers -- http-outgoing-6 >> Host: localhost:3000
18:20:40.023 [main] DEBUG org.apache.http.headers -- http-outgoing-6 >> Connection: Keep-Alive
18:20:40.023 [main] DEBUG org.apache.http.headers -- http-outgoing-6 >> User-Agent: Apache-HttpClient/4.5.14 (Java/17.0.9)
18:20:40.023 [main] DEBUG org.apache.http.headers -- http-outgoing-6 >> Accept-Encoding: gzip,deflate
18:20:40.023 [main] DEBUG org.apache.http.wire -- http-outgoing-6 >> "POST /follows HTTP/1.1[\r][\n]"
18:20:40.023 [main] DEBUG org.apache.http.wire -- http-outgoing-6 >> "Authorization: Bearer eyJhbGciOiJIUzI1NiIsInR5cCI6IkpXVCJ9.eyJzdWIiOiIwODUxNWIwNS0yZDNlLTQ3ODktYWQ2MC1kYjM1NTI1YTQ5NzAiLCJ1c2VybmFtZSI6Im5hbSIsInJvbGUiOjAsImlhdCI6MTc1MDY3NjI4MiwiZXhwIjoxNzUwNjc5ODgyfQ.eQgi0lA3OvlYrn9TluUTgvJwrbrbQcO2XI61Wq_JoOA[\r][\n]"
18:20:40.023 [main] DEBUG org.apache.http.wire -- http-outgoing-6 >> "Content-Type: application/json; charset=UTF-8[\r][\n]"
18:20:40.023 [main] DEBUG org.apache.http.wire -- http-outgoing-6 >> "Content-Length: 54[\r][\n]"
18:20:40.023 [main] DEBUG org.apache.http.wire -- http-outgoing-6 >> "Host: localhost:3000[\r][\n]"
18:20:40.023 [main] DEBUG org.apache.http.wire -- http-outgoing-6 >> "Connection: Keep-Alive[\r][\n]"
18:20:40.023 [main] DEBUG org.apache.http.wire -- http-outgoing-6 >> "User-Agent: Apache-HttpClient/4.5.14 (Java/17.0.9)[\r][\n]"
18:20:40.023 [main] DEBUG org.apache.http.wire -- http-outgoing-6 >> "Accept-Encoding: gzip,deflate[\r][\n]"
18:20:40.023 [main] DEBUG org.apache.http.wire -- http-outgoing-6 >> "[\r][\n]"
18:20:40.024 [main] DEBUG org.apache.http.wire -- http-outgoing-6 >> "{"followingId":"08515b05-2d3e-4789-ad60-db35525a4970"}"
18:20:40.070 [main] DEBUG org.apache.http.wire -- http-outgoing-6 << "HTTP/1.1 403 Forbidden[\r][\n]"
18:20:40.070 [main] DEBUG org.apache.http.wire -- http-outgoing-6 << "X-Powered-By: Express[\r][\n]"
18:20:40.070 [main] DEBUG org.apache.http.wire -- http-outgoing-6 << "Access-Control-Allow-Origin: *[\r][\n]"
18:20:40.070 [main] DEBUG org.apache.http.wire -- http-outgoing-6 << "Content-Type: application/json; charset=utf-8[\r][\n]"
18:20:40.070 [main] DEBUG org.apache.http.wire -- http-outgoing-6 << "Content-Length: 139[\r][\n]"
18:20:40.070 [main] DEBUG org.apache.http.wire -- http-outgoing-6 << "ETag: W/"8b-QAajPSUPYPdacNcw7ZvK7/g1kqY"[\r][\n]"
18:20:40.070 [main] DEBUG org.apache.http.wire -- http-outgoing-6 << "Date: Mon, 23 Jun 2025 11:20:40 GMT[\r][\n]"
18:20:40.070 [main] DEBUG org.apache.http.wire -- http-outgoing-6 << "Connection: keep-alive[\r][\n]"
18:20:40.070 [main] DEBUG org.apache.http.wire -- http-outgoing-6 << "Keep-Alive: timeout=5[\r][\n]"
18:20:40.070 [main] DEBUG org.apache.http.wire -- http-outgoing-6 << "[\r][\n]"
18:20:40.070 [main] DEBUG org.apache.http.wire -- http-outgoing-6 << "{"success":false,"statusCode":403,"message":"Kh[0xc3][0xb4]ng th[0xe1][0xbb][0x83] theo d[0xc3][0xb5]i ch[0xc3][0xad]nh m[0xc3][0xac]nh","path":"/follows","timestamp":"2025-06-23T11:20:40.068Z"}"
18:20:40.071 [main] DEBUG org.apache.http.headers -- http-outgoing-6 << HTTP/1.1 403 Forbidden
18:20:40.071 [main] DEBUG org.apache.http.headers -- http-outgoing-6 << X-Powered-By: Express
18:20:40.071 [main] DEBUG org.apache.http.headers -- http-outgoing-6 << Access-Control-Allow-Origin: *
18:20:40.071 [main] DEBUG org.apache.http.headers -- http-outgoing-6 << Content-Type: application/json; charset=utf-8
18:20:40.071 [main] DEBUG org.apache.http.headers -- http-outgoing-6 << Content-Length: 139
18:20:40.071 [main] DEBUG org.apache.http.headers -- http-outgoing-6 << ETag: W/"8b-QAajPSUPYPdacNcw7ZvK7/g1kqY"
18:20:40.071 [main] DEBUG org.apache.http.headers -- http-outgoing-6 << Date: Mon, 23 Jun 2025 11:20:40 GMT
18:20:40.071 [main] DEBUG org.apache.http.headers -- http-outgoing-6 << Connection: keep-alive
18:20:40.071 [main] DEBUG org.apache.http.headers -- http-outgoing-6 << Keep-Alive: timeout=5
18:20:40.071 [main] DEBUG org.apache.http.impl.execchain.MainClientExec -- Connection can be kept alive for 5000 MILLISECONDS
18:20:40.071 [main] DEBUG org.apache.http.impl.conn.PoolingHttpClientConnectionManager -- Connection [id: 6][route: {}->http://localhost:3000] can be kept alive for 5.0 seconds
18:20:40.071 [main] DEBUG org.apache.http.impl.conn.DefaultManagedHttpClientConnection -- http-outgoing-6: set socket timeout to 0
18:20:40.071 [main] DEBUG org.apache.http.impl.conn.PoolingHttpClientConnectionManager -- Connection released: [id: 6][route: {}->http://localhost:3000][total available: 1; route allocated: 1 of 5; total allocated: 1 of 10]
18:20:40.071 [main] DEBUG org.apache.http.impl.conn.PoolingHttpClientConnectionManager -- Connection manager is shutting down
18:20:40.071 [main] DEBUG org.apache.http.impl.conn.DefaultManagedHttpClientConnection -- http-outgoing-6: Close connection
18:20:40.072 [main] DEBUG org.apache.http.impl.conn.PoolingHttpClientConnectionManager -- Connection manager shut down
18:20:40.072 [main] DEBUG com.intuit.karate -- response time in milliseconds: 49
1 < 403
1 < X-Powered-By: Express
1 < Access-Control-Allow-Origin: *
1 < Content-Type: application/json; charset=utf-8
1 < Content-Length: 139
1 < ETag: W/"8b-QAajPSUPYPdacNcw7ZvK7/g1kqY"
1 < Date: Mon, 23 Jun 2025 11:20:40 GMT
1 < Connection: keep-alive
1 < Keep-Alive: timeout=5
{
  "success": false,
  "statusCode": 403,
  "message": "Không th? theo dõi chính mình",
  "path": "/follows",
  "timestamp": "2025-06-23T11:20:40.068Z"
}


18:20:40.076 [main] INFO com.intuit.karate -- [print] Calling follows API v?i bearerToken: eyJhbGciOiJIUzI1NiIsInR5cCI6IkpXVCJ9.eyJzdWIiOiIwODUxNWIwNS0yZDNlLTQ3ODktYWQ2MC1kYjM1NTI1YTQ5NzAiLCJ1c2VybmFtZSI6Im5hbSIsInJvbGUiOjAsImlhdCI6MTc1MDY3NjI4MiwiZXhwIjoxNzUwNjc5ODgyfQ.eQgi0lA3OvlYrn9TluUTgvJwrbrbQcO2XI61Wq_JoOA 
18:20:40.077 [main] INFO com.intuit.karate -- [print] Request body: {
  "followingId": "08515b05-2d3e-4789-ad60-db35525a4970"
}
 
18:20:40.077 [main] INFO com.intuit.karate -- [print] Response status: 403 body: {
  "success": false,
  "statusCode": 403,
  "message": "Không th? theo dõi chính mình",
  "path": "/follows",
  "timestamp": "2025-06-23T11:20:40.068Z"
}
 
18:20:40.078 [main] INFO com.intuit.karate -- ? TEST PASSED - All validations passed 
18:20:40.078 [main] INFO com.intuit.karate -- Test Case Data: {
  "bearerToken": "",
  "followingId": "08515b05-2d3e-4789-ad60-db35525a4970",
  "testDescription": "Follow chính mình",
  "expectedStatus": 403.0,
  "expectedResult": "{\"error\": \"không th? follow chính mình\"}",
  "responseStatus": "403",
  "result": "{\"success\":false,\"statusCode\":403,\"message\":\"Không th? theo dõi chính mình\",\"path\":\"/follows\",\"timestamp\":\"2025-06-23T11:18:37.130Z\"}",
  "testStatus": "PASS",
  "failureReason": "All validations passed"
}
 
18:20:40.079 [main] INFO com.intuit.karate -- Expected Status: 403.0 
18:20:40.079 [main] INFO com.intuit.karate -- Expected Result: {"error": "không th? follow chính mình"} 
18:20:40.079 [main] INFO com.intuit.karate -- Actual Status: 403 
18:20:40.079 [main] INFO com.intuit.karate -- Test Status: PASS 
18:20:40.079 [main] INFO com.intuit.karate -- Test case #7 - Status: 403, Test Result: PASS 
18:20:40.080 [main] INFO com.intuit.karate -- ?ang ch?y test case #8: ?ã follow tr??c ?ó 
18:20:40.080 [main] INFO com.intuit.karate -- S? d?ng global bearer token t? config: eyJhbGciOiJIUzI1NiIsInR5cCI6IkpXVCJ9.eyJzdWIiOiIwODUxNWIwNS0yZDNlLTQ3ODktYWQ2MC1kYjM1NTI1YTQ5NzAiLCJ1c2VybmFtZSI6Im5hbSIsInJvbGUiOjAsImlhdCI6MTc1MDY3NjI4MiwiZXhwIjoxNzUwNjc5ODgyfQ.eQgi0lA3OvlYrn9TluUTgvJwrbrbQcO2XI61Wq_JoOA 
18:20:40.091 [main] INFO com.intuit.karate -- karate.env system property was: null 
18:20:40.095 [main] DEBUG com.jayway.jsonpath.internal.path.CompiledPath -- Evaluating path: $
18:20:40.095 [main] DEBUG com.jayway.jsonpath.internal.path.CompiledPath -- Evaluating path: $
18:20:40.097 [main] DEBUG org.apache.http.client.protocol.RequestAddCookies -- CookieSpec selected: karate
18:20:40.098 [main] DEBUG org.apache.http.client.protocol.RequestAuthCache -- Auth cache not set in the context
18:20:40.098 [main] DEBUG com.intuit.karate -- request:
1 > POST http://localhost:3000/follows
1 > Authorization: Bearer eyJhbGciOiJIUzI1NiIsInR5cCI6IkpXVCJ9.eyJzdWIiOiIwODUxNWIwNS0yZDNlLTQ3ODktYWQ2MC1kYjM1NTI1YTQ5NzAiLCJ1c2VybmFtZSI6Im5hbSIsInJvbGUiOjAsImlhdCI6MTc1MDY3NjI4MiwiZXhwIjoxNzUwNjc5ODgyfQ.eQgi0lA3OvlYrn9TluUTgvJwrbrbQcO2XI61Wq_JoOA
1 > Content-Type: application/json; charset=UTF-8
1 > Content-Length: 54
1 > Host: localhost:3000
1 > Connection: Keep-Alive
1 > User-Agent: Apache-HttpClient/4.5.14 (Java/17.0.9)
1 > Accept-Encoding: gzip,deflate
{
  "followingId": "e7b38cb7-6701-40d9-a3bd-f53fc4d43457"
}


18:20:40.098 [main] DEBUG org.apache.http.impl.conn.PoolingHttpClientConnectionManager -- Connection request: [route: {}->http://localhost:3000][total available: 0; route allocated: 0 of 5; total allocated: 0 of 10]
18:20:40.098 [main] DEBUG org.apache.http.impl.conn.PoolingHttpClientConnectionManager -- Connection leased: [id: 7][route: {}->http://localhost:3000][total available: 0; route allocated: 1 of 5; total allocated: 1 of 10]
18:20:40.098 [main] DEBUG org.apache.http.impl.execchain.MainClientExec -- Opening connection {}->http://localhost:3000
18:20:40.098 [main] DEBUG org.apache.http.impl.conn.DefaultHttpClientConnectionOperator -- Connecting to localhost/127.0.0.1:3000
18:20:40.099 [main] DEBUG org.apache.http.impl.conn.DefaultHttpClientConnectionOperator -- Connection established 127.0.0.1:61170<->127.0.0.1:3000
18:20:40.099 [main] DEBUG org.apache.http.impl.conn.DefaultManagedHttpClientConnection -- http-outgoing-7: set socket timeout to 5000
18:20:40.099 [main] DEBUG org.apache.http.impl.execchain.MainClientExec -- Executing request POST /follows HTTP/1.1
18:20:40.099 [main] DEBUG org.apache.http.impl.execchain.MainClientExec -- Proxy auth state: UNCHALLENGED
18:20:40.099 [main] DEBUG org.apache.http.headers -- http-outgoing-7 >> POST /follows HTTP/1.1
18:20:40.099 [main] DEBUG org.apache.http.headers -- http-outgoing-7 >> Authorization: Bearer eyJhbGciOiJIUzI1NiIsInR5cCI6IkpXVCJ9.eyJzdWIiOiIwODUxNWIwNS0yZDNlLTQ3ODktYWQ2MC1kYjM1NTI1YTQ5NzAiLCJ1c2VybmFtZSI6Im5hbSIsInJvbGUiOjAsImlhdCI6MTc1MDY3NjI4MiwiZXhwIjoxNzUwNjc5ODgyfQ.eQgi0lA3OvlYrn9TluUTgvJwrbrbQcO2XI61Wq_JoOA
18:20:40.099 [main] DEBUG org.apache.http.headers -- http-outgoing-7 >> Content-Type: application/json; charset=UTF-8
18:20:40.099 [main] DEBUG org.apache.http.headers -- http-outgoing-7 >> Content-Length: 54
18:20:40.099 [main] DEBUG org.apache.http.headers -- http-outgoing-7 >> Host: localhost:3000
18:20:40.099 [main] DEBUG org.apache.http.headers -- http-outgoing-7 >> Connection: Keep-Alive
18:20:40.099 [main] DEBUG org.apache.http.headers -- http-outgoing-7 >> User-Agent: Apache-HttpClient/4.5.14 (Java/17.0.9)
18:20:40.099 [main] DEBUG org.apache.http.headers -- http-outgoing-7 >> Accept-Encoding: gzip,deflate
18:20:40.099 [main] DEBUG org.apache.http.wire -- http-outgoing-7 >> "POST /follows HTTP/1.1[\r][\n]"
18:20:40.099 [main] DEBUG org.apache.http.wire -- http-outgoing-7 >> "Authorization: Bearer eyJhbGciOiJIUzI1NiIsInR5cCI6IkpXVCJ9.eyJzdWIiOiIwODUxNWIwNS0yZDNlLTQ3ODktYWQ2MC1kYjM1NTI1YTQ5NzAiLCJ1c2VybmFtZSI6Im5hbSIsInJvbGUiOjAsImlhdCI6MTc1MDY3NjI4MiwiZXhwIjoxNzUwNjc5ODgyfQ.eQgi0lA3OvlYrn9TluUTgvJwrbrbQcO2XI61Wq_JoOA[\r][\n]"
18:20:40.099 [main] DEBUG org.apache.http.wire -- http-outgoing-7 >> "Content-Type: application/json; charset=UTF-8[\r][\n]"
18:20:40.099 [main] DEBUG org.apache.http.wire -- http-outgoing-7 >> "Content-Length: 54[\r][\n]"
18:20:40.099 [main] DEBUG org.apache.http.wire -- http-outgoing-7 >> "Host: localhost:3000[\r][\n]"
18:20:40.099 [main] DEBUG org.apache.http.wire -- http-outgoing-7 >> "Connection: Keep-Alive[\r][\n]"
18:20:40.099 [main] DEBUG org.apache.http.wire -- http-outgoing-7 >> "User-Agent: Apache-HttpClient/4.5.14 (Java/17.0.9)[\r][\n]"
18:20:40.099 [main] DEBUG org.apache.http.wire -- http-outgoing-7 >> "Accept-Encoding: gzip,deflate[\r][\n]"
18:20:40.100 [main] DEBUG org.apache.http.wire -- http-outgoing-7 >> "[\r][\n]"
18:20:40.100 [main] DEBUG org.apache.http.wire -- http-outgoing-7 >> "{"followingId":"e7b38cb7-6701-40d9-a3bd-f53fc4d43457"}"
18:20:40.189 [main] DEBUG org.apache.http.wire -- http-outgoing-7 << "HTTP/1.1 201 Created[\r][\n]"
18:20:40.189 [main] DEBUG org.apache.http.wire -- http-outgoing-7 << "X-Powered-By: Express[\r][\n]"
18:20:40.189 [main] DEBUG org.apache.http.wire -- http-outgoing-7 << "Access-Control-Allow-Origin: *[\r][\n]"
18:20:40.189 [main] DEBUG org.apache.http.wire -- http-outgoing-7 << "Content-Type: application/json; charset=utf-8[\r][\n]"
18:20:40.189 [main] DEBUG org.apache.http.wire -- http-outgoing-7 << "Content-Length: 301[\r][\n]"
18:20:40.189 [main] DEBUG org.apache.http.wire -- http-outgoing-7 << "ETag: W/"12d-5NbAlnRQ+WKK20mv8G7C0TS64eA"[\r][\n]"
18:20:40.189 [main] DEBUG org.apache.http.wire -- http-outgoing-7 << "Date: Mon, 23 Jun 2025 11:20:40 GMT[\r][\n]"
18:20:40.189 [main] DEBUG org.apache.http.wire -- http-outgoing-7 << "Connection: keep-alive[\r][\n]"
18:20:40.189 [main] DEBUG org.apache.http.wire -- http-outgoing-7 << "Keep-Alive: timeout=5[\r][\n]"
18:20:40.189 [main] DEBUG org.apache.http.wire -- http-outgoing-7 << "[\r][\n]"
18:20:40.189 [main] DEBUG org.apache.http.wire -- http-outgoing-7 << "{"message":"[0xc4][0x90][0xc3][0xa3] theo d[0xc3][0xb5]i tr[0xc6][0xb0][0xe1][0xbb][0x9b]c [0xc4][0x91][0xc3][0xb3]","statusCode":200,"status":"success","data":{"id":"fedfe777-4a40-4455-b839-7592bdb5981a","followerId":"08515b05-2d3e-4789-ad60-db35525a4970","followingId":"e7b38cb7-6701-40d9-a3bd-f53fc4d43457","followStatus":"accepted","createdAt":"2025-06-23T11:18:37.240Z"}}"
18:20:40.189 [main] DEBUG org.apache.http.headers -- http-outgoing-7 << HTTP/1.1 201 Created
18:20:40.189 [main] DEBUG org.apache.http.headers -- http-outgoing-7 << X-Powered-By: Express
18:20:40.189 [main] DEBUG org.apache.http.headers -- http-outgoing-7 << Access-Control-Allow-Origin: *
18:20:40.189 [main] DEBUG org.apache.http.headers -- http-outgoing-7 << Content-Type: application/json; charset=utf-8
18:20:40.189 [main] DEBUG org.apache.http.headers -- http-outgoing-7 << Content-Length: 301
18:20:40.189 [main] DEBUG org.apache.http.headers -- http-outgoing-7 << ETag: W/"12d-5NbAlnRQ+WKK20mv8G7C0TS64eA"
18:20:40.189 [main] DEBUG org.apache.http.headers -- http-outgoing-7 << Date: Mon, 23 Jun 2025 11:20:40 GMT
18:20:40.189 [main] DEBUG org.apache.http.headers -- http-outgoing-7 << Connection: keep-alive
18:20:40.189 [main] DEBUG org.apache.http.headers -- http-outgoing-7 << Keep-Alive: timeout=5
18:20:40.190 [main] DEBUG org.apache.http.impl.execchain.MainClientExec -- Connection can be kept alive for 5000 MILLISECONDS
18:20:40.190 [main] DEBUG org.apache.http.impl.conn.PoolingHttpClientConnectionManager -- Connection [id: 7][route: {}->http://localhost:3000] can be kept alive for 5.0 seconds
18:20:40.190 [main] DEBUG org.apache.http.impl.conn.DefaultManagedHttpClientConnection -- http-outgoing-7: set socket timeout to 0
18:20:40.190 [main] DEBUG org.apache.http.impl.conn.PoolingHttpClientConnectionManager -- Connection released: [id: 7][route: {}->http://localhost:3000][total available: 1; route allocated: 1 of 5; total allocated: 1 of 10]
18:20:40.190 [main] DEBUG org.apache.http.impl.conn.PoolingHttpClientConnectionManager -- Connection manager is shutting down
18:20:40.190 [main] DEBUG org.apache.http.impl.conn.DefaultManagedHttpClientConnection -- http-outgoing-7: Close connection
18:20:40.190 [main] DEBUG org.apache.http.impl.conn.PoolingHttpClientConnectionManager -- Connection manager shut down
18:20:40.190 [main] DEBUG com.intuit.karate -- response time in milliseconds: 92
1 < 201
1 < X-Powered-By: Express
1 < Access-Control-Allow-Origin: *
1 < Content-Type: application/json; charset=utf-8
1 < Content-Length: 301
1 < ETag: W/"12d-5NbAlnRQ+WKK20mv8G7C0TS64eA"
1 < Date: Mon, 23 Jun 2025 11:20:40 GMT
1 < Connection: keep-alive
1 < Keep-Alive: timeout=5
{
  "message": "?ã theo dõi tr??c ?ó",
  "statusCode": 200,
  "status": "success",
  "data": {
    "id": "fedfe777-4a40-4455-b839-7592bdb5981a",
    "followerId": "08515b05-2d3e-4789-ad60-db35525a4970",
    "followingId": "e7b38cb7-6701-40d9-a3bd-f53fc4d43457",
    "followStatus": "accepted",
    "createdAt": "2025-06-23T11:18:37.240Z"
  }
}


18:20:40.193 [main] INFO com.intuit.karate -- [print] Calling follows API v?i bearerToken: eyJhbGciOiJIUzI1NiIsInR5cCI6IkpXVCJ9.eyJzdWIiOiIwODUxNWIwNS0yZDNlLTQ3ODktYWQ2MC1kYjM1NTI1YTQ5NzAiLCJ1c2VybmFtZSI6Im5hbSIsInJvbGUiOjAsImlhdCI6MTc1MDY3NjI4MiwiZXhwIjoxNzUwNjc5ODgyfQ.eQgi0lA3OvlYrn9TluUTgvJwrbrbQcO2XI61Wq_JoOA 
18:20:40.193 [main] INFO com.intuit.karate -- [print] Request body: {
  "followingId": "e7b38cb7-6701-40d9-a3bd-f53fc4d43457"
}
 
18:20:40.193 [main] INFO com.intuit.karate -- [print] Response status: 201 body: {
  "message": "?ã theo dõi tr??c ?ó",
  "statusCode": 200,
  "status": "success",
  "data": {
    "id": "fedfe777-4a40-4455-b839-7592bdb5981a",
    "followerId": "08515b05-2d3e-4789-ad60-db35525a4970",
    "followingId": "e7b38cb7-6701-40d9-a3bd-f53fc4d43457",
    "followStatus": "accepted",
    "createdAt": "2025-06-23T11:18:37.240Z"
  }
}
 
18:20:40.196 [main] INFO com.intuit.karate -- ? TEST FAILED - Status mismatch: Expected 400, got 201 
18:20:40.196 [main] INFO com.intuit.karate -- Test Case Data: {
  "bearerToken": "",
  "followingId": "e7b38cb7-6701-40d9-a3bd-f53fc4d43457",
  "testDescription": "?ã follow tr??c ?ó",
  "expectedStatus": 400.0,
  "expectedResult": "{\"error\": \"?ã follow ng??i dùng này r?i\"}",
  "responseStatus": "201",
  "result": "{\"message\":\"Theo dõi thành công\",\"statusCode\":201,\"status\":\"success\",\"data\":{\"id\":\"fedfe777-4a40-4455-b839-7592bdb5981a\",\"followerId\":\"08515b05-2d3e-4789-ad60-db35525a4970\",\"followingId\":\"e7b38cb7-6701-40d9-a3bd-f53fc4d43457\",\"followStatus\":\"accepted\",\"createdAt\":\"2025-06-23T11:18:37.240Z\"}}",
  "testStatus": "FAIL",
  "failureReason": "Status mismatch: Expected 400, got 201"
}
 
18:20:40.196 [main] INFO com.intuit.karate -- Expected Status: 400.0 
18:20:40.196 [main] INFO com.intuit.karate -- Expected Result: {"error": "?ã follow ng??i dùng này r?i"} 
18:20:40.196 [main] INFO com.intuit.karate -- Actual Status: 201 
18:20:40.197 [main] INFO com.intuit.karate -- Test Status: FAIL 
18:20:40.197 [main] INFO com.intuit.karate -- Test case #8 - Status: 201, Test Result: FAIL 
18:20:40.197 [main] INFO com.intuit.karate -- ?ang ch?y test case #9: followingId không h?p l? 
18:20:40.197 [main] INFO com.intuit.karate -- S? d?ng global bearer token t? config: eyJhbGciOiJIUzI1NiIsInR5cCI6IkpXVCJ9.eyJzdWIiOiIwODUxNWIwNS0yZDNlLTQ3ODktYWQ2MC1kYjM1NTI1YTQ5NzAiLCJ1c2VybmFtZSI6Im5hbSIsInJvbGUiOjAsImlhdCI6MTc1MDY3NjI4MiwiZXhwIjoxNzUwNjc5ODgyfQ.eQgi0lA3OvlYrn9TluUTgvJwrbrbQcO2XI61Wq_JoOA 
18:20:40.274 [main] INFO com.intuit.karate -- karate.env system property was: null 
18:20:40.277 [main] DEBUG com.jayway.jsonpath.internal.path.CompiledPath -- Evaluating path: $
18:20:40.280 [main] DEBUG com.jayway.jsonpath.internal.path.CompiledPath -- Evaluating path: $
18:20:40.281 [main] DEBUG org.apache.http.client.protocol.RequestAddCookies -- CookieSpec selected: karate
18:20:40.282 [main] DEBUG org.apache.http.client.protocol.RequestAuthCache -- Auth cache not set in the context
18:20:40.282 [main] DEBUG com.intuit.karate -- request:
1 > POST http://localhost:3000/follows
1 > Authorization: Bearer eyJhbGciOiJIUzI1NiIsInR5cCI6IkpXVCJ9.eyJzdWIiOiIwODUxNWIwNS0yZDNlLTQ3ODktYWQ2MC1kYjM1NTI1YTQ5NzAiLCJ1c2VybmFtZSI6Im5hbSIsInJvbGUiOjAsImlhdCI6MTc1MDY3NjI4MiwiZXhwIjoxNzUwNjc5ODgyfQ.eQgi0lA3OvlYrn9TluUTgvJwrbrbQcO2XI61Wq_JoOA
1 > Content-Type: application/json; charset=UTF-8
1 > Content-Length: 31
1 > Host: localhost:3000
1 > Connection: Keep-Alive
1 > User-Agent: Apache-HttpClient/4.5.14 (Java/17.0.9)
1 > Accept-Encoding: gzip,deflate
{
  "followingId": "invalid_id!@#"
}


18:20:40.282 [main] DEBUG org.apache.http.impl.conn.PoolingHttpClientConnectionManager -- Connection request: [route: {}->http://localhost:3000][total available: 0; route allocated: 0 of 5; total allocated: 0 of 10]
18:20:40.283 [main] DEBUG org.apache.http.impl.conn.PoolingHttpClientConnectionManager -- Connection leased: [id: 8][route: {}->http://localhost:3000][total available: 0; route allocated: 1 of 5; total allocated: 1 of 10]
18:20:40.283 [main] DEBUG org.apache.http.impl.execchain.MainClientExec -- Opening connection {}->http://localhost:3000
18:20:40.283 [main] DEBUG org.apache.http.impl.conn.DefaultHttpClientConnectionOperator -- Connecting to localhost/127.0.0.1:3000
18:20:40.283 [main] DEBUG org.apache.http.impl.conn.DefaultHttpClientConnectionOperator -- Connection established 127.0.0.1:61171<->127.0.0.1:3000
18:20:40.283 [main] DEBUG org.apache.http.impl.conn.DefaultManagedHttpClientConnection -- http-outgoing-8: set socket timeout to 5000
18:20:40.283 [main] DEBUG org.apache.http.impl.execchain.MainClientExec -- Executing request POST /follows HTTP/1.1
18:20:40.283 [main] DEBUG org.apache.http.impl.execchain.MainClientExec -- Proxy auth state: UNCHALLENGED
18:20:40.283 [main] DEBUG org.apache.http.headers -- http-outgoing-8 >> POST /follows HTTP/1.1
18:20:40.283 [main] DEBUG org.apache.http.headers -- http-outgoing-8 >> Authorization: Bearer eyJhbGciOiJIUzI1NiIsInR5cCI6IkpXVCJ9.eyJzdWIiOiIwODUxNWIwNS0yZDNlLTQ3ODktYWQ2MC1kYjM1NTI1YTQ5NzAiLCJ1c2VybmFtZSI6Im5hbSIsInJvbGUiOjAsImlhdCI6MTc1MDY3NjI4MiwiZXhwIjoxNzUwNjc5ODgyfQ.eQgi0lA3OvlYrn9TluUTgvJwrbrbQcO2XI61Wq_JoOA
18:20:40.283 [main] DEBUG org.apache.http.headers -- http-outgoing-8 >> Content-Type: application/json; charset=UTF-8
18:20:40.283 [main] DEBUG org.apache.http.headers -- http-outgoing-8 >> Content-Length: 31
18:20:40.283 [main] DEBUG org.apache.http.headers -- http-outgoing-8 >> Host: localhost:3000
18:20:40.283 [main] DEBUG org.apache.http.headers -- http-outgoing-8 >> Connection: Keep-Alive
18:20:40.284 [main] DEBUG org.apache.http.headers -- http-outgoing-8 >> User-Agent: Apache-HttpClient/4.5.14 (Java/17.0.9)
18:20:40.284 [main] DEBUG org.apache.http.headers -- http-outgoing-8 >> Accept-Encoding: gzip,deflate
18:20:40.284 [main] DEBUG org.apache.http.wire -- http-outgoing-8 >> "POST /follows HTTP/1.1[\r][\n]"
18:20:40.284 [main] DEBUG org.apache.http.wire -- http-outgoing-8 >> "Authorization: Bearer eyJhbGciOiJIUzI1NiIsInR5cCI6IkpXVCJ9.eyJzdWIiOiIwODUxNWIwNS0yZDNlLTQ3ODktYWQ2MC1kYjM1NTI1YTQ5NzAiLCJ1c2VybmFtZSI6Im5hbSIsInJvbGUiOjAsImlhdCI6MTc1MDY3NjI4MiwiZXhwIjoxNzUwNjc5ODgyfQ.eQgi0lA3OvlYrn9TluUTgvJwrbrbQcO2XI61Wq_JoOA[\r][\n]"
18:20:40.284 [main] DEBUG org.apache.http.wire -- http-outgoing-8 >> "Content-Type: application/json; charset=UTF-8[\r][\n]"
18:20:40.284 [main] DEBUG org.apache.http.wire -- http-outgoing-8 >> "Content-Length: 31[\r][\n]"
18:20:40.284 [main] DEBUG org.apache.http.wire -- http-outgoing-8 >> "Host: localhost:3000[\r][\n]"
18:20:40.284 [main] DEBUG org.apache.http.wire -- http-outgoing-8 >> "Connection: Keep-Alive[\r][\n]"
18:20:40.284 [main] DEBUG org.apache.http.wire -- http-outgoing-8 >> "User-Agent: Apache-HttpClient/4.5.14 (Java/17.0.9)[\r][\n]"
18:20:40.284 [main] DEBUG org.apache.http.wire -- http-outgoing-8 >> "Accept-Encoding: gzip,deflate[\r][\n]"
18:20:40.284 [main] DEBUG org.apache.http.wire -- http-outgoing-8 >> "[\r][\n]"
18:20:40.284 [main] DEBUG org.apache.http.wire -- http-outgoing-8 >> "{"followingId":"invalid_id!@#"}"
18:20:40.419 [main] DEBUG org.apache.http.wire -- http-outgoing-8 << "HTTP/1.1 404 Not Found[\r][\n]"
18:20:40.420 [main] DEBUG org.apache.http.wire -- http-outgoing-8 << "X-Powered-By: Express[\r][\n]"
18:20:40.420 [main] DEBUG org.apache.http.wire -- http-outgoing-8 << "Access-Control-Allow-Origin: *[\r][\n]"
18:20:40.420 [main] DEBUG org.apache.http.wire -- http-outgoing-8 << "Content-Type: application/json; charset=utf-8[\r][\n]"
18:20:40.420 [main] DEBUG org.apache.http.wire -- http-outgoing-8 << "Content-Length: 137[\r][\n]"
18:20:40.420 [main] DEBUG org.apache.http.wire -- http-outgoing-8 << "ETag: W/"89-vWFZo1HruRGqpQpVrGkXlCwhXqs"[\r][\n]"
18:20:40.420 [main] DEBUG org.apache.http.wire -- http-outgoing-8 << "Date: Mon, 23 Jun 2025 11:20:40 GMT[\r][\n]"
18:20:40.420 [main] DEBUG org.apache.http.wire -- http-outgoing-8 << "Connection: keep-alive[\r][\n]"
18:20:40.420 [main] DEBUG org.apache.http.wire -- http-outgoing-8 << "Keep-Alive: timeout=5[\r][\n]"
18:20:40.420 [main] DEBUG org.apache.http.wire -- http-outgoing-8 << "[\r][\n]"
18:20:40.420 [main] DEBUG org.apache.http.wire -- http-outgoing-8 << "{"success":false,"statusCode":404,"message":"Kh[0xc3][0xb4]ng t[0xc3][0xac]m th[0xe1][0xba][0xa5]y ng[0xc6][0xb0][0xe1][0xbb][0x9d]i d[0xc3][0xb9]ng","path":"/follows","timestamp":"2025-06-23T11:20:40.419Z"}"
18:20:40.420 [main] DEBUG org.apache.http.headers -- http-outgoing-8 << HTTP/1.1 404 Not Found
18:20:40.420 [main] DEBUG org.apache.http.headers -- http-outgoing-8 << X-Powered-By: Express
18:20:40.420 [main] DEBUG org.apache.http.headers -- http-outgoing-8 << Access-Control-Allow-Origin: *
18:20:40.420 [main] DEBUG org.apache.http.headers -- http-outgoing-8 << Content-Type: application/json; charset=utf-8
18:20:40.420 [main] DEBUG org.apache.http.headers -- http-outgoing-8 << Content-Length: 137
18:20:40.420 [main] DEBUG org.apache.http.headers -- http-outgoing-8 << ETag: W/"89-vWFZo1HruRGqpQpVrGkXlCwhXqs"
18:20:40.420 [main] DEBUG org.apache.http.headers -- http-outgoing-8 << Date: Mon, 23 Jun 2025 11:20:40 GMT
18:20:40.420 [main] DEBUG org.apache.http.headers -- http-outgoing-8 << Connection: keep-alive
18:20:40.420 [main] DEBUG org.apache.http.headers -- http-outgoing-8 << Keep-Alive: timeout=5
18:20:40.420 [main] DEBUG org.apache.http.impl.execchain.MainClientExec -- Connection can be kept alive for 5000 MILLISECONDS
18:20:40.420 [main] DEBUG org.apache.http.impl.conn.PoolingHttpClientConnectionManager -- Connection [id: 8][route: {}->http://localhost:3000] can be kept alive for 5.0 seconds
18:20:40.420 [main] DEBUG org.apache.http.impl.conn.DefaultManagedHttpClientConnection -- http-outgoing-8: set socket timeout to 0
18:20:40.420 [main] DEBUG org.apache.http.impl.conn.PoolingHttpClientConnectionManager -- Connection released: [id: 8][route: {}->http://localhost:3000][total available: 1; route allocated: 1 of 5; total allocated: 1 of 10]
18:20:40.420 [main] DEBUG org.apache.http.impl.conn.PoolingHttpClientConnectionManager -- Connection manager is shutting down
18:20:40.420 [main] DEBUG org.apache.http.impl.conn.DefaultManagedHttpClientConnection -- http-outgoing-8: Close connection
18:20:40.420 [main] DEBUG org.apache.http.impl.conn.PoolingHttpClientConnectionManager -- Connection manager shut down
18:20:40.420 [main] DEBUG com.intuit.karate -- response time in milliseconds: 138
1 < 404
1 < X-Powered-By: Express
1 < Access-Control-Allow-Origin: *
1 < Content-Type: application/json; charset=utf-8
1 < Content-Length: 137
1 < ETag: W/"89-vWFZo1HruRGqpQpVrGkXlCwhXqs"
1 < Date: Mon, 23 Jun 2025 11:20:40 GMT
1 < Connection: keep-alive
1 < Keep-Alive: timeout=5
{
  "success": false,
  "statusCode": 404,
  "message": "Không tìm th?y ng??i dùng",
  "path": "/follows",
  "timestamp": "2025-06-23T11:20:40.419Z"
}


18:20:40.422 [main] INFO com.intuit.karate -- [print] Calling follows API v?i bearerToken: eyJhbGciOiJIUzI1NiIsInR5cCI6IkpXVCJ9.eyJzdWIiOiIwODUxNWIwNS0yZDNlLTQ3ODktYWQ2MC1kYjM1NTI1YTQ5NzAiLCJ1c2VybmFtZSI6Im5hbSIsInJvbGUiOjAsImlhdCI6MTc1MDY3NjI4MiwiZXhwIjoxNzUwNjc5ODgyfQ.eQgi0lA3OvlYrn9TluUTgvJwrbrbQcO2XI61Wq_JoOA 
18:20:40.422 [main] INFO com.intuit.karate -- [print] Request body: {
  "followingId": "invalid_id!@#"
}
 
18:20:40.423 [main] INFO com.intuit.karate -- [print] Response status: 404 body: {
  "success": false,
  "statusCode": 404,
  "message": "Không tìm th?y ng??i dùng",
  "path": "/follows",
  "timestamp": "2025-06-23T11:20:40.419Z"
}
 
18:20:40.424 [main] INFO com.intuit.karate -- ? TEST PASSED - All validations passed 
18:20:40.424 [main] INFO com.intuit.karate -- Test Case Data: {
  "bearerToken": "",
  "followingId": "invalid_id!@#",
  "testDescription": "followingId không h?p l?",
  "expectedStatus": 404.0,
  "expectedResult": "{\"error\": \"Không ?úng ??nh d?ng followingId\"}",
  "responseStatus": "404",
  "result": "{\"success\":false,\"statusCode\":404,\"message\":\"Không tìm th?y ng??i dùng\",\"path\":\"/follows\",\"timestamp\":\"2025-06-23T11:18:37.432Z\"}",
  "testStatus": "PASS",
  "failureReason": "All validations passed"
}
 
18:20:40.424 [main] INFO com.intuit.karate -- Expected Status: 404.0 
18:20:40.424 [main] INFO com.intuit.karate -- Expected Result: {"error": "Không ?úng ??nh d?ng followingId"} 
18:20:40.424 [main] INFO com.intuit.karate -- Actual Status: 404 
18:20:40.424 [main] INFO com.intuit.karate -- Test Status: PASS 
18:20:40.424 [main] INFO com.intuit.karate -- Test case #9 - Status: 404, Test Result: PASS 
18:20:40.426 [main] INFO com.intuit.karate -- ?ang ch?y test case #10: Ki?m tra SQL Injection 
18:20:40.426 [main] INFO com.intuit.karate -- S? d?ng global bearer token t? config: eyJhbGciOiJIUzI1NiIsInR5cCI6IkpXVCJ9.eyJzdWIiOiIwODUxNWIwNS0yZDNlLTQ3ODktYWQ2MC1kYjM1NTI1YTQ5NzAiLCJ1c2VybmFtZSI6Im5hbSIsInJvbGUiOjAsImlhdCI6MTc1MDY3NjI4MiwiZXhwIjoxNzUwNjc5ODgyfQ.eQgi0lA3OvlYrn9TluUTgvJwrbrbQcO2XI61Wq_JoOA 
18:20:40.432 [main] INFO com.intuit.karate -- karate.env system property was: null 
18:20:40.435 [main] DEBUG com.jayway.jsonpath.internal.path.CompiledPath -- Evaluating path: $
18:20:40.435 [main] DEBUG com.jayway.jsonpath.internal.path.CompiledPath -- Evaluating path: $
18:20:40.436 [main] DEBUG org.apache.http.client.protocol.RequestAddCookies -- CookieSpec selected: karate
18:20:40.437 [main] DEBUG org.apache.http.client.protocol.RequestAuthCache -- Auth cache not set in the context
18:20:40.437 [main] DEBUG com.intuit.karate -- request:
1 > POST http://localhost:3000/follows
1 > Authorization: Bearer eyJhbGciOiJIUzI1NiIsInR5cCI6IkpXVCJ9.eyJzdWIiOiIwODUxNWIwNS0yZDNlLTQ3ODktYWQ2MC1kYjM1NTI1YTQ5NzAiLCJ1c2VybmFtZSI6Im5hbSIsInJvbGUiOjAsImlhdCI6MTc1MDY3NjI4MiwiZXhwIjoxNzUwNjc5ODgyfQ.eQgi0lA3OvlYrn9TluUTgvJwrbrbQcO2XI61Wq_JoOA
1 > Content-Type: application/json; charset=UTF-8
1 > Content-Length: 36
1 > Host: localhost:3000
1 > Connection: Keep-Alive
1 > User-Agent: Apache-HttpClient/4.5.14 (Java/17.0.9)
1 > Accept-Encoding: gzip,deflate
{
  "followingId": "user123' OR '1'='1"
}


18:20:40.437 [main] DEBUG org.apache.http.impl.conn.PoolingHttpClientConnectionManager -- Connection request: [route: {}->http://localhost:3000][total available: 0; route allocated: 0 of 5; total allocated: 0 of 10]
18:20:40.437 [main] DEBUG org.apache.http.impl.conn.PoolingHttpClientConnectionManager -- Connection leased: [id: 9][route: {}->http://localhost:3000][total available: 0; route allocated: 1 of 5; total allocated: 1 of 10]
18:20:40.437 [main] DEBUG org.apache.http.impl.execchain.MainClientExec -- Opening connection {}->http://localhost:3000
18:20:40.437 [main] DEBUG org.apache.http.impl.conn.DefaultHttpClientConnectionOperator -- Connecting to localhost/127.0.0.1:3000
18:20:40.438 [main] DEBUG org.apache.http.impl.conn.DefaultHttpClientConnectionOperator -- Connection established 127.0.0.1:61172<->127.0.0.1:3000
18:20:40.438 [main] DEBUG org.apache.http.impl.conn.DefaultManagedHttpClientConnection -- http-outgoing-9: set socket timeout to 5000
18:20:40.439 [main] DEBUG org.apache.http.impl.execchain.MainClientExec -- Executing request POST /follows HTTP/1.1
18:20:40.439 [main] DEBUG org.apache.http.impl.execchain.MainClientExec -- Proxy auth state: UNCHALLENGED
18:20:40.439 [main] DEBUG org.apache.http.headers -- http-outgoing-9 >> POST /follows HTTP/1.1
18:20:40.439 [main] DEBUG org.apache.http.headers -- http-outgoing-9 >> Authorization: Bearer eyJhbGciOiJIUzI1NiIsInR5cCI6IkpXVCJ9.eyJzdWIiOiIwODUxNWIwNS0yZDNlLTQ3ODktYWQ2MC1kYjM1NTI1YTQ5NzAiLCJ1c2VybmFtZSI6Im5hbSIsInJvbGUiOjAsImlhdCI6MTc1MDY3NjI4MiwiZXhwIjoxNzUwNjc5ODgyfQ.eQgi0lA3OvlYrn9TluUTgvJwrbrbQcO2XI61Wq_JoOA
18:20:40.439 [main] DEBUG org.apache.http.headers -- http-outgoing-9 >> Content-Type: application/json; charset=UTF-8
18:20:40.439 [main] DEBUG org.apache.http.headers -- http-outgoing-9 >> Content-Length: 36
18:20:40.439 [main] DEBUG org.apache.http.headers -- http-outgoing-9 >> Host: localhost:3000
18:20:40.439 [main] DEBUG org.apache.http.headers -- http-outgoing-9 >> Connection: Keep-Alive
18:20:40.439 [main] DEBUG org.apache.http.headers -- http-outgoing-9 >> User-Agent: Apache-HttpClient/4.5.14 (Java/17.0.9)
18:20:40.439 [main] DEBUG org.apache.http.headers -- http-outgoing-9 >> Accept-Encoding: gzip,deflate
18:20:40.439 [main] DEBUG org.apache.http.wire -- http-outgoing-9 >> "POST /follows HTTP/1.1[\r][\n]"
18:20:40.439 [main] DEBUG org.apache.http.wire -- http-outgoing-9 >> "Authorization: Bearer eyJhbGciOiJIUzI1NiIsInR5cCI6IkpXVCJ9.eyJzdWIiOiIwODUxNWIwNS0yZDNlLTQ3ODktYWQ2MC1kYjM1NTI1YTQ5NzAiLCJ1c2VybmFtZSI6Im5hbSIsInJvbGUiOjAsImlhdCI6MTc1MDY3NjI4MiwiZXhwIjoxNzUwNjc5ODgyfQ.eQgi0lA3OvlYrn9TluUTgvJwrbrbQcO2XI61Wq_JoOA[\r][\n]"
18:20:40.439 [main] DEBUG org.apache.http.wire -- http-outgoing-9 >> "Content-Type: application/json; charset=UTF-8[\r][\n]"
18:20:40.439 [main] DEBUG org.apache.http.wire -- http-outgoing-9 >> "Content-Length: 36[\r][\n]"
18:20:40.439 [main] DEBUG org.apache.http.wire -- http-outgoing-9 >> "Host: localhost:3000[\r][\n]"
18:20:40.439 [main] DEBUG org.apache.http.wire -- http-outgoing-9 >> "Connection: Keep-Alive[\r][\n]"
18:20:40.439 [main] DEBUG org.apache.http.wire -- http-outgoing-9 >> "User-Agent: Apache-HttpClient/4.5.14 (Java/17.0.9)[\r][\n]"
18:20:40.439 [main] DEBUG org.apache.http.wire -- http-outgoing-9 >> "Accept-Encoding: gzip,deflate[\r][\n]"
18:20:40.439 [main] DEBUG org.apache.http.wire -- http-outgoing-9 >> "[\r][\n]"
18:20:40.439 [main] DEBUG org.apache.http.wire -- http-outgoing-9 >> "{"followingId":"user123' OR '1'='1"}"
18:20:40.570 [main] DEBUG org.apache.http.wire -- http-outgoing-9 << "HTTP/1.1 404 Not Found[\r][\n]"
18:20:40.570 [main] DEBUG org.apache.http.wire -- http-outgoing-9 << "X-Powered-By: Express[\r][\n]"
18:20:40.570 [main] DEBUG org.apache.http.wire -- http-outgoing-9 << "Access-Control-Allow-Origin: *[\r][\n]"
18:20:40.570 [main] DEBUG org.apache.http.wire -- http-outgoing-9 << "Content-Type: application/json; charset=utf-8[\r][\n]"
18:20:40.570 [main] DEBUG org.apache.http.wire -- http-outgoing-9 << "Content-Length: 137[\r][\n]"
18:20:40.570 [main] DEBUG org.apache.http.wire -- http-outgoing-9 << "ETag: W/"89-qZ+tUghXwMYR7hQr3Cl2ZTNBhLA"[\r][\n]"
18:20:40.570 [main] DEBUG org.apache.http.wire -- http-outgoing-9 << "Date: Mon, 23 Jun 2025 11:20:40 GMT[\r][\n]"
18:20:40.570 [main] DEBUG org.apache.http.wire -- http-outgoing-9 << "Connection: keep-alive[\r][\n]"
18:20:40.570 [main] DEBUG org.apache.http.wire -- http-outgoing-9 << "Keep-Alive: timeout=5[\r][\n]"
18:20:40.570 [main] DEBUG org.apache.http.wire -- http-outgoing-9 << "[\r][\n]"
18:20:40.570 [main] DEBUG org.apache.http.wire -- http-outgoing-9 << "{"success":false,"statusCode":404,"message":"Kh[0xc3][0xb4]ng t[0xc3][0xac]m th[0xe1][0xba][0xa5]y ng[0xc6][0xb0][0xe1][0xbb][0x9d]i d[0xc3][0xb9]ng","path":"/follows","timestamp":"2025-06-23T11:20:40.569Z"}"
18:20:40.570 [main] DEBUG org.apache.http.headers -- http-outgoing-9 << HTTP/1.1 404 Not Found
18:20:40.570 [main] DEBUG org.apache.http.headers -- http-outgoing-9 << X-Powered-By: Express
18:20:40.570 [main] DEBUG org.apache.http.headers -- http-outgoing-9 << Access-Control-Allow-Origin: *
18:20:40.570 [main] DEBUG org.apache.http.headers -- http-outgoing-9 << Content-Type: application/json; charset=utf-8
18:20:40.570 [main] DEBUG org.apache.http.headers -- http-outgoing-9 << Content-Length: 137
18:20:40.570 [main] DEBUG org.apache.http.headers -- http-outgoing-9 << ETag: W/"89-qZ+tUghXwMYR7hQr3Cl2ZTNBhLA"
18:20:40.570 [main] DEBUG org.apache.http.headers -- http-outgoing-9 << Date: Mon, 23 Jun 2025 11:20:40 GMT
18:20:40.570 [main] DEBUG org.apache.http.headers -- http-outgoing-9 << Connection: keep-alive
18:20:40.570 [main] DEBUG org.apache.http.headers -- http-outgoing-9 << Keep-Alive: timeout=5
18:20:40.570 [main] DEBUG org.apache.http.impl.execchain.MainClientExec -- Connection can be kept alive for 5000 MILLISECONDS
18:20:40.570 [main] DEBUG org.apache.http.impl.conn.PoolingHttpClientConnectionManager -- Connection [id: 9][route: {}->http://localhost:3000] can be kept alive for 5.0 seconds
18:20:40.570 [main] DEBUG org.apache.http.impl.conn.DefaultManagedHttpClientConnection -- http-outgoing-9: set socket timeout to 0
18:20:40.570 [main] DEBUG org.apache.http.impl.conn.PoolingHttpClientConnectionManager -- Connection released: [id: 9][route: {}->http://localhost:3000][total available: 1; route allocated: 1 of 5; total allocated: 1 of 10]
18:20:40.570 [main] DEBUG org.apache.http.impl.conn.PoolingHttpClientConnectionManager -- Connection manager is shutting down
18:20:40.570 [main] DEBUG org.apache.http.impl.conn.DefaultManagedHttpClientConnection -- http-outgoing-9: Close connection
18:20:40.570 [main] DEBUG org.apache.http.impl.conn.PoolingHttpClientConnectionManager -- Connection manager shut down
18:20:40.572 [main] DEBUG com.intuit.karate -- response time in milliseconds: 133
1 < 404
1 < X-Powered-By: Express
1 < Access-Control-Allow-Origin: *
1 < Content-Type: application/json; charset=utf-8
1 < Content-Length: 137
1 < ETag: W/"89-qZ+tUghXwMYR7hQr3Cl2ZTNBhLA"
1 < Date: Mon, 23 Jun 2025 11:20:40 GMT
1 < Connection: keep-alive
1 < Keep-Alive: timeout=5
{
  "success": false,
  "statusCode": 404,
  "message": "Không tìm th?y ng??i dùng",
  "path": "/follows",
  "timestamp": "2025-06-23T11:20:40.569Z"
}


18:20:40.573 [main] INFO com.intuit.karate -- [print] Calling follows API v?i bearerToken: eyJhbGciOiJIUzI1NiIsInR5cCI6IkpXVCJ9.eyJzdWIiOiIwODUxNWIwNS0yZDNlLTQ3ODktYWQ2MC1kYjM1NTI1YTQ5NzAiLCJ1c2VybmFtZSI6Im5hbSIsInJvbGUiOjAsImlhdCI6MTc1MDY3NjI4MiwiZXhwIjoxNzUwNjc5ODgyfQ.eQgi0lA3OvlYrn9TluUTgvJwrbrbQcO2XI61Wq_JoOA 
18:20:40.575 [main] INFO com.intuit.karate -- [print] Request body: {
  "followingId": "user123' OR '1'='1"
}
 
18:20:40.575 [main] INFO com.intuit.karate -- [print] Response status: 404 body: {
  "success": false,
  "statusCode": 404,
  "message": "Không tìm th?y ng??i dùng",
  "path": "/follows",
  "timestamp": "2025-06-23T11:20:40.569Z"
}
 
18:20:40.577 [main] INFO com.intuit.karate -- ? TEST FAILED - Status mismatch: Expected 400, got 404 
18:20:40.577 [main] INFO com.intuit.karate -- Test Case Data: {
  "bearerToken": "",
  "followingId": "user123' OR '1'='1",
  "testDescription": "Ki?m tra SQL Injection",
  "expectedStatus": 400.0,
  "expectedResult": "{\"error\": \"L?i ??u vào\"}",
  "responseStatus": "404",
  "result": "{\"success\":false,\"statusCode\":404,\"message\":\"Không tìm th?y ng??i dùng\",\"path\":\"/follows\",\"timestamp\":\"2025-06-23T11:18:37.542Z\"}",
  "testStatus": "FAIL",
  "failureReason": "Status mismatch: Expected 400, got 404"
}
 
18:20:40.577 [main] INFO com.intuit.karate -- Expected Status: 400.0 
18:20:40.577 [main] INFO com.intuit.karate -- Expected Result: {"error": "L?i ??u vào"} 
18:20:40.577 [main] INFO com.intuit.karate -- Actual Status: 404 
18:20:40.577 [main] INFO com.intuit.karate -- Test Status: FAIL 
18:20:40.577 [main] INFO com.intuit.karate -- Test case #10 - Status: 404, Test Result: FAIL 
18:20:40.578 [main] INFO com.intuit.karate -- ?ang ch?y test case #11: Ki?m tra XSS 
18:20:40.578 [main] INFO com.intuit.karate -- S? d?ng global bearer token t? config: eyJhbGciOiJIUzI1NiIsInR5cCI6IkpXVCJ9.eyJzdWIiOiIwODUxNWIwNS0yZDNlLTQ3ODktYWQ2MC1kYjM1NTI1YTQ5NzAiLCJ1c2VybmFtZSI6Im5hbSIsInJvbGUiOjAsImlhdCI6MTc1MDY3NjI4MiwiZXhwIjoxNzUwNjc5ODgyfQ.eQgi0lA3OvlYrn9TluUTgvJwrbrbQcO2XI61Wq_JoOA 
18:20:40.586 [main] INFO com.intuit.karate -- karate.env system property was: null 
18:20:40.590 [main] DEBUG com.jayway.jsonpath.internal.path.CompiledPath -- Evaluating path: $
18:20:40.591 [main] DEBUG com.jayway.jsonpath.internal.path.CompiledPath -- Evaluating path: $
18:20:40.594 [main] DEBUG org.apache.http.client.protocol.RequestAddCookies -- CookieSpec selected: karate
18:20:40.594 [main] DEBUG org.apache.http.client.protocol.RequestAuthCache -- Auth cache not set in the context
18:20:40.595 [main] DEBUG com.intuit.karate -- request:
1 > POST http://localhost:3000/follows
1 > Authorization: Bearer eyJhbGciOiJIUzI1NiIsInR5cCI6IkpXVCJ9.eyJzdWIiOiIwODUxNWIwNS0yZDNlLTQ3ODktYWQ2MC1kYjM1NTI1YTQ5NzAiLCJ1c2VybmFtZSI6Im5hbSIsInJvbGUiOjAsImlhdCI6MTc1MDY3NjI4MiwiZXhwIjoxNzUwNjc5ODgyfQ.eQgi0lA3OvlYrn9TluUTgvJwrbrbQcO2XI61Wq_JoOA
1 > Content-Type: application/json; charset=UTF-8
1 > Content-Length: 50
1 > Host: localhost:3000
1 > Connection: Keep-Alive
1 > User-Agent: Apache-HttpClient/4.5.14 (Java/17.0.9)
1 > Accept-Encoding: gzip,deflate
{
  "followingId": "<script>alert(\"xss\")</script>"
}


18:20:40.595 [main] DEBUG org.apache.http.impl.conn.PoolingHttpClientConnectionManager -- Connection request: [route: {}->http://localhost:3000][total available: 0; route allocated: 0 of 5; total allocated: 0 of 10]
18:20:40.595 [main] DEBUG org.apache.http.impl.conn.PoolingHttpClientConnectionManager -- Connection leased: [id: 10][route: {}->http://localhost:3000][total available: 0; route allocated: 1 of 5; total allocated: 1 of 10]
18:20:40.595 [main] DEBUG org.apache.http.impl.execchain.MainClientExec -- Opening connection {}->http://localhost:3000
18:20:40.595 [main] DEBUG org.apache.http.impl.conn.DefaultHttpClientConnectionOperator -- Connecting to localhost/127.0.0.1:3000
18:20:40.596 [main] DEBUG org.apache.http.impl.conn.DefaultHttpClientConnectionOperator -- Connection established 127.0.0.1:61173<->127.0.0.1:3000
18:20:40.596 [main] DEBUG org.apache.http.impl.conn.DefaultManagedHttpClientConnection -- http-outgoing-10: set socket timeout to 5000
18:20:40.596 [main] DEBUG org.apache.http.impl.execchain.MainClientExec -- Executing request POST /follows HTTP/1.1
18:20:40.596 [main] DEBUG org.apache.http.impl.execchain.MainClientExec -- Proxy auth state: UNCHALLENGED
18:20:40.596 [main] DEBUG org.apache.http.headers -- http-outgoing-10 >> POST /follows HTTP/1.1
18:20:40.596 [main] DEBUG org.apache.http.headers -- http-outgoing-10 >> Authorization: Bearer eyJhbGciOiJIUzI1NiIsInR5cCI6IkpXVCJ9.eyJzdWIiOiIwODUxNWIwNS0yZDNlLTQ3ODktYWQ2MC1kYjM1NTI1YTQ5NzAiLCJ1c2VybmFtZSI6Im5hbSIsInJvbGUiOjAsImlhdCI6MTc1MDY3NjI4MiwiZXhwIjoxNzUwNjc5ODgyfQ.eQgi0lA3OvlYrn9TluUTgvJwrbrbQcO2XI61Wq_JoOA
18:20:40.598 [main] DEBUG org.apache.http.headers -- http-outgoing-10 >> Content-Type: application/json; charset=UTF-8
18:20:40.598 [main] DEBUG org.apache.http.headers -- http-outgoing-10 >> Content-Length: 50
18:20:40.598 [main] DEBUG org.apache.http.headers -- http-outgoing-10 >> Host: localhost:3000
18:20:40.598 [main] DEBUG org.apache.http.headers -- http-outgoing-10 >> Connection: Keep-Alive
18:20:40.598 [main] DEBUG org.apache.http.headers -- http-outgoing-10 >> User-Agent: Apache-HttpClient/4.5.14 (Java/17.0.9)
18:20:40.598 [main] DEBUG org.apache.http.headers -- http-outgoing-10 >> Accept-Encoding: gzip,deflate
18:20:40.598 [main] DEBUG org.apache.http.wire -- http-outgoing-10 >> "POST /follows HTTP/1.1[\r][\n]"
18:20:40.598 [main] DEBUG org.apache.http.wire -- http-outgoing-10 >> "Authorization: Bearer eyJhbGciOiJIUzI1NiIsInR5cCI6IkpXVCJ9.eyJzdWIiOiIwODUxNWIwNS0yZDNlLTQ3ODktYWQ2MC1kYjM1NTI1YTQ5NzAiLCJ1c2VybmFtZSI6Im5hbSIsInJvbGUiOjAsImlhdCI6MTc1MDY3NjI4MiwiZXhwIjoxNzUwNjc5ODgyfQ.eQgi0lA3OvlYrn9TluUTgvJwrbrbQcO2XI61Wq_JoOA[\r][\n]"
18:20:40.598 [main] DEBUG org.apache.http.wire -- http-outgoing-10 >> "Content-Type: application/json; charset=UTF-8[\r][\n]"
18:20:40.598 [main] DEBUG org.apache.http.wire -- http-outgoing-10 >> "Content-Length: 50[\r][\n]"
18:20:40.598 [main] DEBUG org.apache.http.wire -- http-outgoing-10 >> "Host: localhost:3000[\r][\n]"
18:20:40.598 [main] DEBUG org.apache.http.wire -- http-outgoing-10 >> "Connection: Keep-Alive[\r][\n]"
18:20:40.598 [main] DEBUG org.apache.http.wire -- http-outgoing-10 >> "User-Agent: Apache-HttpClient/4.5.14 (Java/17.0.9)[\r][\n]"
18:20:40.598 [main] DEBUG org.apache.http.wire -- http-outgoing-10 >> "Accept-Encoding: gzip,deflate[\r][\n]"
18:20:40.598 [main] DEBUG org.apache.http.wire -- http-outgoing-10 >> "[\r][\n]"
18:20:40.598 [main] DEBUG org.apache.http.wire -- http-outgoing-10 >> "{"followingId":"<script>alert(\"xss\")<\/script>"}"
18:20:40.723 [main] DEBUG org.apache.http.wire -- http-outgoing-10 << "HTTP/1.1 404 Not Found[\r][\n]"
18:20:40.723 [main] DEBUG org.apache.http.wire -- http-outgoing-10 << "X-Powered-By: Express[\r][\n]"
18:20:40.723 [main] DEBUG org.apache.http.wire -- http-outgoing-10 << "Access-Control-Allow-Origin: *[\r][\n]"
18:20:40.723 [main] DEBUG org.apache.http.wire -- http-outgoing-10 << "Content-Type: application/json; charset=utf-8[\r][\n]"
18:20:40.723 [main] DEBUG org.apache.http.wire -- http-outgoing-10 << "Content-Length: 137[\r][\n]"
18:20:40.723 [main] DEBUG org.apache.http.wire -- http-outgoing-10 << "ETag: W/"89-FBaj2QEA7PS/A60S9oYgaoXmjhs"[\r][\n]"
18:20:40.723 [main] DEBUG org.apache.http.wire -- http-outgoing-10 << "Date: Mon, 23 Jun 2025 11:20:40 GMT[\r][\n]"
18:20:40.723 [main] DEBUG org.apache.http.wire -- http-outgoing-10 << "Connection: keep-alive[\r][\n]"
18:20:40.723 [main] DEBUG org.apache.http.wire -- http-outgoing-10 << "Keep-Alive: timeout=5[\r][\n]"
18:20:40.723 [main] DEBUG org.apache.http.wire -- http-outgoing-10 << "[\r][\n]"
18:20:40.723 [main] DEBUG org.apache.http.wire -- http-outgoing-10 << "{"success":false,"statusCode":404,"message":"Kh[0xc3][0xb4]ng t[0xc3][0xac]m th[0xe1][0xba][0xa5]y ng[0xc6][0xb0][0xe1][0xbb][0x9d]i d[0xc3][0xb9]ng","path":"/follows","timestamp":"2025-06-23T11:20:40.723Z"}"
18:20:40.723 [main] DEBUG org.apache.http.headers -- http-outgoing-10 << HTTP/1.1 404 Not Found
18:20:40.723 [main] DEBUG org.apache.http.headers -- http-outgoing-10 << X-Powered-By: Express
18:20:40.723 [main] DEBUG org.apache.http.headers -- http-outgoing-10 << Access-Control-Allow-Origin: *
18:20:40.723 [main] DEBUG org.apache.http.headers -- http-outgoing-10 << Content-Type: application/json; charset=utf-8
18:20:40.723 [main] DEBUG org.apache.http.headers -- http-outgoing-10 << Content-Length: 137
18:20:40.723 [main] DEBUG org.apache.http.headers -- http-outgoing-10 << ETag: W/"89-FBaj2QEA7PS/A60S9oYgaoXmjhs"
18:20:40.723 [main] DEBUG org.apache.http.headers -- http-outgoing-10 << Date: Mon, 23 Jun 2025 11:20:40 GMT
18:20:40.723 [main] DEBUG org.apache.http.headers -- http-outgoing-10 << Connection: keep-alive
18:20:40.723 [main] DEBUG org.apache.http.headers -- http-outgoing-10 << Keep-Alive: timeout=5
18:20:40.723 [main] DEBUG org.apache.http.impl.execchain.MainClientExec -- Connection can be kept alive for 5000 MILLISECONDS
18:20:40.725 [main] DEBUG org.apache.http.impl.conn.PoolingHttpClientConnectionManager -- Connection [id: 10][route: {}->http://localhost:3000] can be kept alive for 5.0 seconds
18:20:40.725 [main] DEBUG org.apache.http.impl.conn.DefaultManagedHttpClientConnection -- http-outgoing-10: set socket timeout to 0
18:20:40.725 [main] DEBUG org.apache.http.impl.conn.PoolingHttpClientConnectionManager -- Connection released: [id: 10][route: {}->http://localhost:3000][total available: 1; route allocated: 1 of 5; total allocated: 1 of 10]
18:20:40.725 [main] DEBUG org.apache.http.impl.conn.PoolingHttpClientConnectionManager -- Connection manager is shutting down
18:20:40.725 [main] DEBUG org.apache.http.impl.conn.DefaultManagedHttpClientConnection -- http-outgoing-10: Close connection
18:20:40.725 [main] DEBUG org.apache.http.impl.conn.PoolingHttpClientConnectionManager -- Connection manager shut down
18:20:40.725 [main] DEBUG com.intuit.karate -- response time in milliseconds: 130
1 < 404
1 < X-Powered-By: Express
1 < Access-Control-Allow-Origin: *
1 < Content-Type: application/json; charset=utf-8
1 < Content-Length: 137
1 < ETag: W/"89-FBaj2QEA7PS/A60S9oYgaoXmjhs"
1 < Date: Mon, 23 Jun 2025 11:20:40 GMT
1 < Connection: keep-alive
1 < Keep-Alive: timeout=5
{
  "success": false,
  "statusCode": 404,
  "message": "Không tìm th?y ng??i dùng",
  "path": "/follows",
  "timestamp": "2025-06-23T11:20:40.723Z"
}


18:20:40.726 [main] INFO com.intuit.karate -- [print] Calling follows API v?i bearerToken: eyJhbGciOiJIUzI1NiIsInR5cCI6IkpXVCJ9.eyJzdWIiOiIwODUxNWIwNS0yZDNlLTQ3ODktYWQ2MC1kYjM1NTI1YTQ5NzAiLCJ1c2VybmFtZSI6Im5hbSIsInJvbGUiOjAsImlhdCI6MTc1MDY3NjI4MiwiZXhwIjoxNzUwNjc5ODgyfQ.eQgi0lA3OvlYrn9TluUTgvJwrbrbQcO2XI61Wq_JoOA 
18:20:40.727 [main] INFO com.intuit.karate -- [print] Request body: {
  "followingId": "<script>alert(\"xss\")</script>"
}
 
18:20:40.727 [main] INFO com.intuit.karate -- [print] Response status: 404 body: {
  "success": false,
  "statusCode": 404,
  "message": "Không tìm th?y ng??i dùng",
  "path": "/follows",
  "timestamp": "2025-06-23T11:20:40.723Z"
}
 
18:20:40.728 [main] INFO com.intuit.karate -- ? TEST FAILED - Status mismatch: Expected 400, got 404 
18:20:40.728 [main] INFO com.intuit.karate -- Test Case Data: {
  "bearerToken": "",
  "followingId": "<script>alert(\"xss\")</script>",
  "testDescription": "Ki?m tra XSS",
  "expectedStatus": 400.0,
  "expectedResult": "{\"error\": \"L?i ??u vào\"}",
  "responseStatus": "404",
  "result": "{\"success\":false,\"statusCode\":404,\"message\":\"Không tìm th?y ng??i dùng\",\"path\":\"/follows\",\"timestamp\":\"2025-06-23T11:18:37.658Z\"}",
  "testStatus": "FAIL",
  "failureReason": "Status mismatch: Expected 400, got 404"
}
 
18:20:40.728 [main] INFO com.intuit.karate -- Expected Status: 400.0 
18:20:40.728 [main] INFO com.intuit.karate -- Expected Result: {"error": "L?i ??u vào"} 
18:20:40.728 [main] INFO com.intuit.karate -- Actual Status: 404 
18:20:40.729 [main] INFO com.intuit.karate -- Test Status: FAIL 
18:20:40.729 [main] INFO com.intuit.karate -- Test case #11 - Status: 404, Test Result: FAIL 
18:20:40.729 [main] INFO com.intuit.karate -- ?ang ch?y test case #12: Ki?m tra kho?ng tr?ng 
18:20:40.729 [main] INFO com.intuit.karate -- S? d?ng global bearer token t? config: eyJhbGciOiJIUzI1NiIsInR5cCI6IkpXVCJ9.eyJzdWIiOiIwODUxNWIwNS0yZDNlLTQ3ODktYWQ2MC1kYjM1NTI1YTQ5NzAiLCJ1c2VybmFtZSI6Im5hbSIsInJvbGUiOjAsImlhdCI6MTc1MDY3NjI4MiwiZXhwIjoxNzUwNjc5ODgyfQ.eQgi0lA3OvlYrn9TluUTgvJwrbrbQcO2XI61Wq_JoOA 
18:20:40.734 [main] INFO com.intuit.karate -- karate.env system property was: null 
18:20:40.735 [main] DEBUG com.jayway.jsonpath.internal.path.CompiledPath -- Evaluating path: $
18:20:40.735 [main] DEBUG com.jayway.jsonpath.internal.path.CompiledPath -- Evaluating path: $
18:20:40.736 [main] DEBUG org.apache.http.client.protocol.RequestAddCookies -- CookieSpec selected: karate
18:20:40.736 [main] DEBUG org.apache.http.client.protocol.RequestAuthCache -- Auth cache not set in the context
18:20:40.736 [main] DEBUG com.intuit.karate -- request:
1 > POST http://localhost:3000/follows
1 > Authorization: Bearer eyJhbGciOiJIUzI1NiIsInR5cCI6IkpXVCJ9.eyJzdWIiOiIwODUxNWIwNS0yZDNlLTQ3ODktYWQ2MC1kYjM1NTI1YTQ5NzAiLCJ1c2VybmFtZSI6Im5hbSIsInJvbGUiOjAsImlhdCI6MTc1MDY3NjI4MiwiZXhwIjoxNzUwNjc5ODgyfQ.eQgi0lA3OvlYrn9TluUTgvJwrbrbQcO2XI61Wq_JoOA
1 > Content-Type: application/json; charset=UTF-8
1 > Content-Length: 19
1 > Host: localhost:3000
1 > Connection: Keep-Alive
1 > User-Agent: Apache-HttpClient/4.5.14 (Java/17.0.9)
1 > Accept-Encoding: gzip,deflate
{
  "followingId": " "
}


18:20:40.736 [main] DEBUG org.apache.http.impl.conn.PoolingHttpClientConnectionManager -- Connection request: [route: {}->http://localhost:3000][total available: 0; route allocated: 0 of 5; total allocated: 0 of 10]
18:20:40.736 [main] DEBUG org.apache.http.impl.conn.PoolingHttpClientConnectionManager -- Connection leased: [id: 11][route: {}->http://localhost:3000][total available: 0; route allocated: 1 of 5; total allocated: 1 of 10]
18:20:40.737 [main] DEBUG org.apache.http.impl.execchain.MainClientExec -- Opening connection {}->http://localhost:3000
18:20:40.737 [main] DEBUG org.apache.http.impl.conn.DefaultHttpClientConnectionOperator -- Connecting to localhost/127.0.0.1:3000
18:20:40.737 [main] DEBUG org.apache.http.impl.conn.DefaultHttpClientConnectionOperator -- Connection established 127.0.0.1:61174<->127.0.0.1:3000
18:20:40.737 [main] DEBUG org.apache.http.impl.conn.DefaultManagedHttpClientConnection -- http-outgoing-11: set socket timeout to 5000
18:20:40.737 [main] DEBUG org.apache.http.impl.execchain.MainClientExec -- Executing request POST /follows HTTP/1.1
18:20:40.737 [main] DEBUG org.apache.http.impl.execchain.MainClientExec -- Proxy auth state: UNCHALLENGED
18:20:40.737 [main] DEBUG org.apache.http.headers -- http-outgoing-11 >> POST /follows HTTP/1.1
18:20:40.737 [main] DEBUG org.apache.http.headers -- http-outgoing-11 >> Authorization: Bearer eyJhbGciOiJIUzI1NiIsInR5cCI6IkpXVCJ9.eyJzdWIiOiIwODUxNWIwNS0yZDNlLTQ3ODktYWQ2MC1kYjM1NTI1YTQ5NzAiLCJ1c2VybmFtZSI6Im5hbSIsInJvbGUiOjAsImlhdCI6MTc1MDY3NjI4MiwiZXhwIjoxNzUwNjc5ODgyfQ.eQgi0lA3OvlYrn9TluUTgvJwrbrbQcO2XI61Wq_JoOA
18:20:40.737 [main] DEBUG org.apache.http.headers -- http-outgoing-11 >> Content-Type: application/json; charset=UTF-8
18:20:40.737 [main] DEBUG org.apache.http.headers -- http-outgoing-11 >> Content-Length: 19
18:20:40.737 [main] DEBUG org.apache.http.headers -- http-outgoing-11 >> Host: localhost:3000
18:20:40.737 [main] DEBUG org.apache.http.headers -- http-outgoing-11 >> Connection: Keep-Alive
18:20:40.737 [main] DEBUG org.apache.http.headers -- http-outgoing-11 >> User-Agent: Apache-HttpClient/4.5.14 (Java/17.0.9)
18:20:40.737 [main] DEBUG org.apache.http.headers -- http-outgoing-11 >> Accept-Encoding: gzip,deflate
18:20:40.737 [main] DEBUG org.apache.http.wire -- http-outgoing-11 >> "POST /follows HTTP/1.1[\r][\n]"
18:20:40.739 [main] DEBUG org.apache.http.wire -- http-outgoing-11 >> "Authorization: Bearer eyJhbGciOiJIUzI1NiIsInR5cCI6IkpXVCJ9.eyJzdWIiOiIwODUxNWIwNS0yZDNlLTQ3ODktYWQ2MC1kYjM1NTI1YTQ5NzAiLCJ1c2VybmFtZSI6Im5hbSIsInJvbGUiOjAsImlhdCI6MTc1MDY3NjI4MiwiZXhwIjoxNzUwNjc5ODgyfQ.eQgi0lA3OvlYrn9TluUTgvJwrbrbQcO2XI61Wq_JoOA[\r][\n]"
18:20:40.739 [main] DEBUG org.apache.http.wire -- http-outgoing-11 >> "Content-Type: application/json; charset=UTF-8[\r][\n]"
18:20:40.739 [main] DEBUG org.apache.http.wire -- http-outgoing-11 >> "Content-Length: 19[\r][\n]"
18:20:40.739 [main] DEBUG org.apache.http.wire -- http-outgoing-11 >> "Host: localhost:3000[\r][\n]"
18:20:40.739 [main] DEBUG org.apache.http.wire -- http-outgoing-11 >> "Connection: Keep-Alive[\r][\n]"
18:20:40.739 [main] DEBUG org.apache.http.wire -- http-outgoing-11 >> "User-Agent: Apache-HttpClient/4.5.14 (Java/17.0.9)[\r][\n]"
18:20:40.739 [main] DEBUG org.apache.http.wire -- http-outgoing-11 >> "Accept-Encoding: gzip,deflate[\r][\n]"
18:20:40.739 [main] DEBUG org.apache.http.wire -- http-outgoing-11 >> "[\r][\n]"
18:20:40.739 [main] DEBUG org.apache.http.wire -- http-outgoing-11 >> "{"followingId":" "}"
18:20:40.859 [main] DEBUG org.apache.http.wire -- http-outgoing-11 << "HTTP/1.1 404 Not Found[\r][\n]"
18:20:40.859 [main] DEBUG org.apache.http.wire -- http-outgoing-11 << "X-Powered-By: Express[\r][\n]"
18:20:40.859 [main] DEBUG org.apache.http.wire -- http-outgoing-11 << "Access-Control-Allow-Origin: *[\r][\n]"
18:20:40.859 [main] DEBUG org.apache.http.wire -- http-outgoing-11 << "Content-Type: application/json; charset=utf-8[\r][\n]"
18:20:40.859 [main] DEBUG org.apache.http.wire -- http-outgoing-11 << "Content-Length: 137[\r][\n]"
18:20:40.859 [main] DEBUG org.apache.http.wire -- http-outgoing-11 << "ETag: W/"89-hYSh3RtGcspkslWRmg3EPdz8+S0"[\r][\n]"
18:20:40.859 [main] DEBUG org.apache.http.wire -- http-outgoing-11 << "Date: Mon, 23 Jun 2025 11:20:40 GMT[\r][\n]"
18:20:40.859 [main] DEBUG org.apache.http.wire -- http-outgoing-11 << "Connection: keep-alive[\r][\n]"
18:20:40.859 [main] DEBUG org.apache.http.wire -- http-outgoing-11 << "Keep-Alive: timeout=5[\r][\n]"
18:20:40.859 [main] DEBUG org.apache.http.wire -- http-outgoing-11 << "[\r][\n]"
18:20:40.859 [main] DEBUG org.apache.http.wire -- http-outgoing-11 << "{"success":false,"statusCode":404,"message":"Kh[0xc3][0xb4]ng t[0xc3][0xac]m th[0xe1][0xba][0xa5]y ng[0xc6][0xb0][0xe1][0xbb][0x9d]i d[0xc3][0xb9]ng","path":"/follows","timestamp":"2025-06-23T11:20:40.858Z"}"
18:20:40.859 [main] DEBUG org.apache.http.headers -- http-outgoing-11 << HTTP/1.1 404 Not Found
18:20:40.859 [main] DEBUG org.apache.http.headers -- http-outgoing-11 << X-Powered-By: Express
18:20:40.859 [main] DEBUG org.apache.http.headers -- http-outgoing-11 << Access-Control-Allow-Origin: *
18:20:40.859 [main] DEBUG org.apache.http.headers -- http-outgoing-11 << Content-Type: application/json; charset=utf-8
18:20:40.859 [main] DEBUG org.apache.http.headers -- http-outgoing-11 << Content-Length: 137
18:20:40.859 [main] DEBUG org.apache.http.headers -- http-outgoing-11 << ETag: W/"89-hYSh3RtGcspkslWRmg3EPdz8+S0"
18:20:40.859 [main] DEBUG org.apache.http.headers -- http-outgoing-11 << Date: Mon, 23 Jun 2025 11:20:40 GMT
18:20:40.859 [main] DEBUG org.apache.http.headers -- http-outgoing-11 << Connection: keep-alive
18:20:40.859 [main] DEBUG org.apache.http.headers -- http-outgoing-11 << Keep-Alive: timeout=5
18:20:40.859 [main] DEBUG org.apache.http.impl.execchain.MainClientExec -- Connection can be kept alive for 5000 MILLISECONDS
18:20:40.859 [main] DEBUG org.apache.http.impl.conn.PoolingHttpClientConnectionManager -- Connection [id: 11][route: {}->http://localhost:3000] can be kept alive for 5.0 seconds
18:20:40.859 [main] DEBUG org.apache.http.impl.conn.DefaultManagedHttpClientConnection -- http-outgoing-11: set socket timeout to 0
18:20:40.859 [main] DEBUG org.apache.http.impl.conn.PoolingHttpClientConnectionManager -- Connection released: [id: 11][route: {}->http://localhost:3000][total available: 1; route allocated: 1 of 5; total allocated: 1 of 10]
18:20:40.859 [main] DEBUG org.apache.http.impl.conn.PoolingHttpClientConnectionManager -- Connection manager is shutting down
18:20:40.859 [main] DEBUG org.apache.http.impl.conn.DefaultManagedHttpClientConnection -- http-outgoing-11: Close connection
18:20:40.860 [main] DEBUG org.apache.http.impl.conn.PoolingHttpClientConnectionManager -- Connection manager shut down
18:20:40.860 [main] DEBUG com.intuit.karate -- response time in milliseconds: 123
1 < 404
1 < X-Powered-By: Express
1 < Access-Control-Allow-Origin: *
1 < Content-Type: application/json; charset=utf-8
1 < Content-Length: 137
1 < ETag: W/"89-hYSh3RtGcspkslWRmg3EPdz8+S0"
1 < Date: Mon, 23 Jun 2025 11:20:40 GMT
1 < Connection: keep-alive
1 < Keep-Alive: timeout=5
{
  "success": false,
  "statusCode": 404,
  "message": "Không tìm th?y ng??i dùng",
  "path": "/follows",
  "timestamp": "2025-06-23T11:20:40.858Z"
}


18:20:40.861 [main] INFO com.intuit.karate -- [print] Calling follows API v?i bearerToken: eyJhbGciOiJIUzI1NiIsInR5cCI6IkpXVCJ9.eyJzdWIiOiIwODUxNWIwNS0yZDNlLTQ3ODktYWQ2MC1kYjM1NTI1YTQ5NzAiLCJ1c2VybmFtZSI6Im5hbSIsInJvbGUiOjAsImlhdCI6MTc1MDY3NjI4MiwiZXhwIjoxNzUwNjc5ODgyfQ.eQgi0lA3OvlYrn9TluUTgvJwrbrbQcO2XI61Wq_JoOA 
18:20:40.861 [main] INFO com.intuit.karate -- [print] Request body: {
  "followingId": " "
}
 
18:20:40.861 [main] INFO com.intuit.karate -- [print] Response status: 404 body: {
  "success": false,
  "statusCode": 404,
  "message": "Không tìm th?y ng??i dùng",
  "path": "/follows",
  "timestamp": "2025-06-23T11:20:40.858Z"
}
 
18:20:40.863 [main] INFO com.intuit.karate -- ? TEST FAILED - Status mismatch: Expected 400, got 404 
18:20:40.863 [main] INFO com.intuit.karate -- Test Case Data: {
  "bearerToken": "",
  "followingId": " ",
  "testDescription": "Ki?m tra kho?ng tr?ng",
  "expectedStatus": 400.0,
  "expectedResult": "{\"error\": \"followingId không th? ch?a kho?ng tr?ng\"}",
  "responseStatus": "404",
  "result": "{\"success\":false,\"statusCode\":404,\"message\":\"Không tìm th?y ng??i dùng\",\"path\":\"/follows\",\"timestamp\":\"2025-06-23T11:18:37.764Z\"}",
  "testStatus": "FAIL",
  "failureReason": "Status mismatch: Expected 400, got 404"
}
 
18:20:40.863 [main] INFO com.intuit.karate -- Expected Status: 400.0 
18:20:40.863 [main] INFO com.intuit.karate -- Expected Result: {"error": "followingId không th? ch?a kho?ng tr?ng"} 
18:20:40.863 [main] INFO com.intuit.karate -- Actual Status: 404 
18:20:40.863 [main] INFO com.intuit.karate -- Test Status: FAIL 
18:20:40.863 [main] INFO com.intuit.karate -- Test case #12 - Status: 404, Test Result: FAIL 
18:20:40.864 [main] INFO com.intuit.karate -- ?ang ch?y test case #13: Ki?m tra ký t? Unicode 
18:20:40.864 [main] INFO com.intuit.karate -- S? d?ng global bearer token t? config: eyJhbGciOiJIUzI1NiIsInR5cCI6IkpXVCJ9.eyJzdWIiOiIwODUxNWIwNS0yZDNlLTQ3ODktYWQ2MC1kYjM1NTI1YTQ5NzAiLCJ1c2VybmFtZSI6Im5hbSIsInJvbGUiOjAsImlhdCI6MTc1MDY3NjI4MiwiZXhwIjoxNzUwNjc5ODgyfQ.eQgi0lA3OvlYrn9TluUTgvJwrbrbQcO2XI61Wq_JoOA 
18:20:40.870 [main] INFO com.intuit.karate -- karate.env system property was: null 
18:20:40.871 [main] DEBUG com.jayway.jsonpath.internal.path.CompiledPath -- Evaluating path: $
18:20:40.871 [main] DEBUG com.jayway.jsonpath.internal.path.CompiledPath -- Evaluating path: $
18:20:40.872 [main] DEBUG org.apache.http.client.protocol.RequestAddCookies -- CookieSpec selected: karate
18:20:40.872 [main] DEBUG org.apache.http.client.protocol.RequestAuthCache -- Auth cache not set in the context
18:20:40.872 [main] DEBUG com.intuit.karate -- request:
1 > POST http://localhost:3000/follows
1 > Authorization: Bearer eyJhbGciOiJIUzI1NiIsInR5cCI6IkpXVCJ9.eyJzdWIiOiIwODUxNWIwNS0yZDNlLTQ3ODktYWQ2MC1kYjM1NTI1YTQ5NzAiLCJ1c2VybmFtZSI6Im5hbSIsInJvbGUiOjAsImlhdCI6MTc1MDY3NjI4MiwiZXhwIjoxNzUwNjc5ODgyfQ.eQgi0lA3OvlYrn9TluUTgvJwrbrbQcO2XI61Wq_JoOA
1 > Content-Type: application/json; charset=UTF-8
1 > Content-Length: 29
1 > Host: localhost:3000
1 > Connection: Keep-Alive
1 > User-Agent: Apache-HttpClient/4.5.14 (Java/17.0.9)
1 > Accept-Encoding: gzip,deflate
{
  "followingId": "user?123"
}


18:20:40.872 [main] DEBUG org.apache.http.impl.conn.PoolingHttpClientConnectionManager -- Connection request: [route: {}->http://localhost:3000][total available: 0; route allocated: 0 of 5; total allocated: 0 of 10]
18:20:40.872 [main] DEBUG org.apache.http.impl.conn.PoolingHttpClientConnectionManager -- Connection leased: [id: 12][route: {}->http://localhost:3000][total available: 0; route allocated: 1 of 5; total allocated: 1 of 10]
18:20:40.872 [main] DEBUG org.apache.http.impl.execchain.MainClientExec -- Opening connection {}->http://localhost:3000
18:20:40.873 [main] DEBUG org.apache.http.impl.conn.DefaultHttpClientConnectionOperator -- Connecting to localhost/127.0.0.1:3000
18:20:40.873 [main] DEBUG org.apache.http.impl.conn.DefaultHttpClientConnectionOperator -- Connection established 127.0.0.1:61175<->127.0.0.1:3000
18:20:40.873 [main] DEBUG org.apache.http.impl.conn.DefaultManagedHttpClientConnection -- http-outgoing-12: set socket timeout to 5000
18:20:40.873 [main] DEBUG org.apache.http.impl.execchain.MainClientExec -- Executing request POST /follows HTTP/1.1
18:20:40.873 [main] DEBUG org.apache.http.impl.execchain.MainClientExec -- Proxy auth state: UNCHALLENGED
18:20:40.873 [main] DEBUG org.apache.http.headers -- http-outgoing-12 >> POST /follows HTTP/1.1
18:20:40.873 [main] DEBUG org.apache.http.headers -- http-outgoing-12 >> Authorization: Bearer eyJhbGciOiJIUzI1NiIsInR5cCI6IkpXVCJ9.eyJzdWIiOiIwODUxNWIwNS0yZDNlLTQ3ODktYWQ2MC1kYjM1NTI1YTQ5NzAiLCJ1c2VybmFtZSI6Im5hbSIsInJvbGUiOjAsImlhdCI6MTc1MDY3NjI4MiwiZXhwIjoxNzUwNjc5ODgyfQ.eQgi0lA3OvlYrn9TluUTgvJwrbrbQcO2XI61Wq_JoOA
18:20:40.873 [main] DEBUG org.apache.http.headers -- http-outgoing-12 >> Content-Type: application/json; charset=UTF-8
18:20:40.873 [main] DEBUG org.apache.http.headers -- http-outgoing-12 >> Content-Length: 29
18:20:40.873 [main] DEBUG org.apache.http.headers -- http-outgoing-12 >> Host: localhost:3000
18:20:40.873 [main] DEBUG org.apache.http.headers -- http-outgoing-12 >> Connection: Keep-Alive
18:20:40.873 [main] DEBUG org.apache.http.headers -- http-outgoing-12 >> User-Agent: Apache-HttpClient/4.5.14 (Java/17.0.9)
18:20:40.873 [main] DEBUG org.apache.http.headers -- http-outgoing-12 >> Accept-Encoding: gzip,deflate
18:20:40.873 [main] DEBUG org.apache.http.wire -- http-outgoing-12 >> "POST /follows HTTP/1.1[\r][\n]"
18:20:40.873 [main] DEBUG org.apache.http.wire -- http-outgoing-12 >> "Authorization: Bearer eyJhbGciOiJIUzI1NiIsInR5cCI6IkpXVCJ9.eyJzdWIiOiIwODUxNWIwNS0yZDNlLTQ3ODktYWQ2MC1kYjM1NTI1YTQ5NzAiLCJ1c2VybmFtZSI6Im5hbSIsInJvbGUiOjAsImlhdCI6MTc1MDY3NjI4MiwiZXhwIjoxNzUwNjc5ODgyfQ.eQgi0lA3OvlYrn9TluUTgvJwrbrbQcO2XI61Wq_JoOA[\r][\n]"
18:20:40.873 [main] DEBUG org.apache.http.wire -- http-outgoing-12 >> "Content-Type: application/json; charset=UTF-8[\r][\n]"
18:20:40.873 [main] DEBUG org.apache.http.wire -- http-outgoing-12 >> "Content-Length: 29[\r][\n]"
18:20:40.873 [main] DEBUG org.apache.http.wire -- http-outgoing-12 >> "Host: localhost:3000[\r][\n]"
18:20:40.873 [main] DEBUG org.apache.http.wire -- http-outgoing-12 >> "Connection: Keep-Alive[\r][\n]"
18:20:40.873 [main] DEBUG org.apache.http.wire -- http-outgoing-12 >> "User-Agent: Apache-HttpClient/4.5.14 (Java/17.0.9)[\r][\n]"
18:20:40.873 [main] DEBUG org.apache.http.wire -- http-outgoing-12 >> "Accept-Encoding: gzip,deflate[\r][\n]"
18:20:40.873 [main] DEBUG org.apache.http.wire -- http-outgoing-12 >> "[\r][\n]"
18:20:40.873 [main] DEBUG org.apache.http.wire -- http-outgoing-12 >> "{"followingId":"user[0xf0][0x9f][0x98][0x8a]123"}"
18:20:40.984 [main] DEBUG org.apache.http.wire -- http-outgoing-12 << "HTTP/1.1 404 Not Found[\r][\n]"
18:20:40.984 [main] DEBUG org.apache.http.wire -- http-outgoing-12 << "X-Powered-By: Express[\r][\n]"
18:20:40.984 [main] DEBUG org.apache.http.wire -- http-outgoing-12 << "Access-Control-Allow-Origin: *[\r][\n]"
18:20:40.984 [main] DEBUG org.apache.http.wire -- http-outgoing-12 << "Content-Type: application/json; charset=utf-8[\r][\n]"
18:20:40.984 [main] DEBUG org.apache.http.wire -- http-outgoing-12 << "Content-Length: 137[\r][\n]"
18:20:40.984 [main] DEBUG org.apache.http.wire -- http-outgoing-12 << "ETag: W/"89-XoU8bCxLd7eVKXySE5NNZTHgc9s"[\r][\n]"
18:20:40.984 [main] DEBUG org.apache.http.wire -- http-outgoing-12 << "Date: Mon, 23 Jun 2025 11:20:40 GMT[\r][\n]"
18:20:40.984 [main] DEBUG org.apache.http.wire -- http-outgoing-12 << "Connection: keep-alive[\r][\n]"
18:20:40.984 [main] DEBUG org.apache.http.wire -- http-outgoing-12 << "Keep-Alive: timeout=5[\r][\n]"
18:20:40.984 [main] DEBUG org.apache.http.wire -- http-outgoing-12 << "[\r][\n]"
18:20:40.984 [main] DEBUG org.apache.http.wire -- http-outgoing-12 << "{"success":false,"statusCode":404,"message":"Kh[0xc3][0xb4]ng t[0xc3][0xac]m th[0xe1][0xba][0xa5]y ng[0xc6][0xb0][0xe1][0xbb][0x9d]i d[0xc3][0xb9]ng","path":"/follows","timestamp":"2025-06-23T11:20:40.983Z"}"
18:20:40.984 [main] DEBUG org.apache.http.headers -- http-outgoing-12 << HTTP/1.1 404 Not Found
18:20:40.984 [main] DEBUG org.apache.http.headers -- http-outgoing-12 << X-Powered-By: Express
18:20:40.984 [main] DEBUG org.apache.http.headers -- http-outgoing-12 << Access-Control-Allow-Origin: *
18:20:40.984 [main] DEBUG org.apache.http.headers -- http-outgoing-12 << Content-Type: application/json; charset=utf-8
18:20:40.984 [main] DEBUG org.apache.http.headers -- http-outgoing-12 << Content-Length: 137
18:20:40.984 [main] DEBUG org.apache.http.headers -- http-outgoing-12 << ETag: W/"89-XoU8bCxLd7eVKXySE5NNZTHgc9s"
18:20:40.984 [main] DEBUG org.apache.http.headers -- http-outgoing-12 << Date: Mon, 23 Jun 2025 11:20:40 GMT
18:20:40.984 [main] DEBUG org.apache.http.headers -- http-outgoing-12 << Connection: keep-alive
18:20:40.984 [main] DEBUG org.apache.http.headers -- http-outgoing-12 << Keep-Alive: timeout=5
18:20:40.984 [main] DEBUG org.apache.http.impl.execchain.MainClientExec -- Connection can be kept alive for 5000 MILLISECONDS
18:20:40.985 [main] DEBUG org.apache.http.impl.conn.PoolingHttpClientConnectionManager -- Connection [id: 12][route: {}->http://localhost:3000] can be kept alive for 5.0 seconds
18:20:40.985 [main] DEBUG org.apache.http.impl.conn.DefaultManagedHttpClientConnection -- http-outgoing-12: set socket timeout to 0
18:20:40.985 [main] DEBUG org.apache.http.impl.conn.PoolingHttpClientConnectionManager -- Connection released: [id: 12][route: {}->http://localhost:3000][total available: 1; route allocated: 1 of 5; total allocated: 1 of 10]
18:20:40.985 [main] DEBUG org.apache.http.impl.conn.PoolingHttpClientConnectionManager -- Connection manager is shutting down
18:20:40.985 [main] DEBUG org.apache.http.impl.conn.DefaultManagedHttpClientConnection -- http-outgoing-12: Close connection
18:20:40.985 [main] DEBUG org.apache.http.impl.conn.PoolingHttpClientConnectionManager -- Connection manager shut down
18:20:40.985 [main] DEBUG com.intuit.karate -- response time in milliseconds: 113
1 < 404
1 < X-Powered-By: Express
1 < Access-Control-Allow-Origin: *
1 < Content-Type: application/json; charset=utf-8
1 < Content-Length: 137
1 < ETag: W/"89-XoU8bCxLd7eVKXySE5NNZTHgc9s"
1 < Date: Mon, 23 Jun 2025 11:20:40 GMT
1 < Connection: keep-alive
1 < Keep-Alive: timeout=5
{
  "success": false,
  "statusCode": 404,
  "message": "Không tìm th?y ng??i dùng",
  "path": "/follows",
  "timestamp": "2025-06-23T11:20:40.983Z"
}


18:20:40.986 [main] INFO com.intuit.karate -- [print] Calling follows API v?i bearerToken: eyJhbGciOiJIUzI1NiIsInR5cCI6IkpXVCJ9.eyJzdWIiOiIwODUxNWIwNS0yZDNlLTQ3ODktYWQ2MC1kYjM1NTI1YTQ5NzAiLCJ1c2VybmFtZSI6Im5hbSIsInJvbGUiOjAsImlhdCI6MTc1MDY3NjI4MiwiZXhwIjoxNzUwNjc5ODgyfQ.eQgi0lA3OvlYrn9TluUTgvJwrbrbQcO2XI61Wq_JoOA 
18:20:40.986 [main] INFO com.intuit.karate -- [print] Request body: {
  "followingId": "user?123"
}
 
18:20:40.987 [main] INFO com.intuit.karate -- [print] Response status: 404 body: {
  "success": false,
  "statusCode": 404,
  "message": "Không tìm th?y ng??i dùng",
  "path": "/follows",
  "timestamp": "2025-06-23T11:20:40.983Z"
}
 
18:20:40.988 [main] INFO com.intuit.karate -- ? TEST FAILED - Status mismatch: Expected 400, got 404 
18:20:40.988 [main] INFO com.intuit.karate -- Test Case Data: {
  "bearerToken": "",
  "followingId": "user?123",
  "testDescription": "Ki?m tra ký t? Unicode",
  "expectedStatus": 400.0,
  "expectedResult": "{\"error\": \"Sai ??nh d?ng followingId\"}",
  "responseStatus": "404",
  "result": "{\"success\":false,\"statusCode\":404,\"message\":\"Không tìm th?y ng??i dùng\",\"path\":\"/follows\",\"timestamp\":\"2025-06-23T11:18:37.871Z\"}",
  "testStatus": "FAIL",
  "failureReason": "Status mismatch: Expected 400, got 404"
}
 
18:20:40.988 [main] INFO com.intuit.karate -- Expected Status: 400.0 
18:20:40.988 [main] INFO com.intuit.karate -- Expected Result: {"error": "Sai ??nh d?ng followingId"} 
18:20:40.988 [main] INFO com.intuit.karate -- Actual Status: 404 
18:20:40.988 [main] INFO com.intuit.karate -- Test Status: FAIL 
18:20:40.989 [main] INFO com.intuit.karate -- Test case #13 - Status: 404, Test Result: FAIL 
18:20:40.989 [main] INFO com.intuit.karate -- ?ang ch?y test case #14: Ki?m tra ?? dài followingId 
18:20:40.989 [main] INFO com.intuit.karate -- S? d?ng global bearer token t? config: eyJhbGciOiJIUzI1NiIsInR5cCI6IkpXVCJ9.eyJzdWIiOiIwODUxNWIwNS0yZDNlLTQ3ODktYWQ2MC1kYjM1NTI1YTQ5NzAiLCJ1c2VybmFtZSI6Im5hbSIsInJvbGUiOjAsImlhdCI6MTc1MDY3NjI4MiwiZXhwIjoxNzUwNjc5ODgyfQ.eQgi0lA3OvlYrn9TluUTgvJwrbrbQcO2XI61Wq_JoOA 
18:20:40.996 [main] INFO com.intuit.karate -- karate.env system property was: null 
18:20:40.999 [main] DEBUG com.jayway.jsonpath.internal.path.CompiledPath -- Evaluating path: $
18:20:40.999 [main] DEBUG com.jayway.jsonpath.internal.path.CompiledPath -- Evaluating path: $
18:20:41.000 [main] DEBUG org.apache.http.client.protocol.RequestAddCookies -- CookieSpec selected: karate
18:20:41.001 [main] DEBUG org.apache.http.client.protocol.RequestAuthCache -- Auth cache not set in the context
18:20:41.001 [main] DEBUG com.intuit.karate -- request:
1 > POST http://localhost:3000/follows
1 > Authorization: Bearer eyJhbGciOiJIUzI1NiIsInR5cCI6IkpXVCJ9.eyJzdWIiOiIwODUxNWIwNS0yZDNlLTQ3ODktYWQ2MC1kYjM1NTI1YTQ5NzAiLCJ1c2VybmFtZSI6Im5hbSIsInJvbGUiOjAsImlhdCI6MTc1MDY3NjI4MiwiZXhwIjoxNzUwNjc5ODgyfQ.eQgi0lA3OvlYrn9TluUTgvJwrbrbQcO2XI61Wq_JoOA
1 > Content-Type: application/json; charset=UTF-8
1 > Content-Length: 55
1 > Host: localhost:3000
1 > Connection: Keep-Alive
1 > User-Agent: Apache-HttpClient/4.5.14 (Java/17.0.9)
1 > Accept-Encoding: gzip,deflate
{
  "followingId": "aaaaaaaaaaaaaaaaaaaaaaaaaaaaaaaaaaaaa"
}


18:20:41.001 [main] DEBUG org.apache.http.impl.conn.PoolingHttpClientConnectionManager -- Connection request: [route: {}->http://localhost:3000][total available: 0; route allocated: 0 of 5; total allocated: 0 of 10]
18:20:41.001 [main] DEBUG org.apache.http.impl.conn.PoolingHttpClientConnectionManager -- Connection leased: [id: 13][route: {}->http://localhost:3000][total available: 0; route allocated: 1 of 5; total allocated: 1 of 10]
18:20:41.001 [main] DEBUG org.apache.http.impl.execchain.MainClientExec -- Opening connection {}->http://localhost:3000
18:20:41.001 [main] DEBUG org.apache.http.impl.conn.DefaultHttpClientConnectionOperator -- Connecting to localhost/127.0.0.1:3000
18:20:41.002 [main] DEBUG org.apache.http.impl.conn.DefaultHttpClientConnectionOperator -- Connection established 127.0.0.1:61176<->127.0.0.1:3000
18:20:41.002 [main] DEBUG org.apache.http.impl.conn.DefaultManagedHttpClientConnection -- http-outgoing-13: set socket timeout to 5000
18:20:41.002 [main] DEBUG org.apache.http.impl.execchain.MainClientExec -- Executing request POST /follows HTTP/1.1
18:20:41.002 [main] DEBUG org.apache.http.impl.execchain.MainClientExec -- Proxy auth state: UNCHALLENGED
18:20:41.002 [main] DEBUG org.apache.http.headers -- http-outgoing-13 >> POST /follows HTTP/1.1
18:20:41.002 [main] DEBUG org.apache.http.headers -- http-outgoing-13 >> Authorization: Bearer eyJhbGciOiJIUzI1NiIsInR5cCI6IkpXVCJ9.eyJzdWIiOiIwODUxNWIwNS0yZDNlLTQ3ODktYWQ2MC1kYjM1NTI1YTQ5NzAiLCJ1c2VybmFtZSI6Im5hbSIsInJvbGUiOjAsImlhdCI6MTc1MDY3NjI4MiwiZXhwIjoxNzUwNjc5ODgyfQ.eQgi0lA3OvlYrn9TluUTgvJwrbrbQcO2XI61Wq_JoOA
18:20:41.002 [main] DEBUG org.apache.http.headers -- http-outgoing-13 >> Content-Type: application/json; charset=UTF-8
18:20:41.002 [main] DEBUG org.apache.http.headers -- http-outgoing-13 >> Content-Length: 55
18:20:41.002 [main] DEBUG org.apache.http.headers -- http-outgoing-13 >> Host: localhost:3000
18:20:41.002 [main] DEBUG org.apache.http.headers -- http-outgoing-13 >> Connection: Keep-Alive
18:20:41.002 [main] DEBUG org.apache.http.headers -- http-outgoing-13 >> User-Agent: Apache-HttpClient/4.5.14 (Java/17.0.9)
18:20:41.002 [main] DEBUG org.apache.http.headers -- http-outgoing-13 >> Accept-Encoding: gzip,deflate
18:20:41.002 [main] DEBUG org.apache.http.wire -- http-outgoing-13 >> "POST /follows HTTP/1.1[\r][\n]"
18:20:41.002 [main] DEBUG org.apache.http.wire -- http-outgoing-13 >> "Authorization: Bearer eyJhbGciOiJIUzI1NiIsInR5cCI6IkpXVCJ9.eyJzdWIiOiIwODUxNWIwNS0yZDNlLTQ3ODktYWQ2MC1kYjM1NTI1YTQ5NzAiLCJ1c2VybmFtZSI6Im5hbSIsInJvbGUiOjAsImlhdCI6MTc1MDY3NjI4MiwiZXhwIjoxNzUwNjc5ODgyfQ.eQgi0lA3OvlYrn9TluUTgvJwrbrbQcO2XI61Wq_JoOA[\r][\n]"
18:20:41.002 [main] DEBUG org.apache.http.wire -- http-outgoing-13 >> "Content-Type: application/json; charset=UTF-8[\r][\n]"
18:20:41.002 [main] DEBUG org.apache.http.wire -- http-outgoing-13 >> "Content-Length: 55[\r][\n]"
18:20:41.002 [main] DEBUG org.apache.http.wire -- http-outgoing-13 >> "Host: localhost:3000[\r][\n]"
18:20:41.002 [main] DEBUG org.apache.http.wire -- http-outgoing-13 >> "Connection: Keep-Alive[\r][\n]"
18:20:41.002 [main] DEBUG org.apache.http.wire -- http-outgoing-13 >> "User-Agent: Apache-HttpClient/4.5.14 (Java/17.0.9)[\r][\n]"
18:20:41.002 [main] DEBUG org.apache.http.wire -- http-outgoing-13 >> "Accept-Encoding: gzip,deflate[\r][\n]"
18:20:41.002 [main] DEBUG org.apache.http.wire -- http-outgoing-13 >> "[\r][\n]"
18:20:41.002 [main] DEBUG org.apache.http.wire -- http-outgoing-13 >> "{"followingId":"aaaaaaaaaaaaaaaaaaaaaaaaaaaaaaaaaaaaa"}"
18:20:41.123 [main] DEBUG org.apache.http.wire -- http-outgoing-13 << "HTTP/1.1 404 Not Found[\r][\n]"
18:20:41.123 [main] DEBUG org.apache.http.wire -- http-outgoing-13 << "X-Powered-By: Express[\r][\n]"
18:20:41.123 [main] DEBUG org.apache.http.wire -- http-outgoing-13 << "Access-Control-Allow-Origin: *[\r][\n]"
18:20:41.123 [main] DEBUG org.apache.http.wire -- http-outgoing-13 << "Content-Type: application/json; charset=utf-8[\r][\n]"
18:20:41.123 [main] DEBUG org.apache.http.wire -- http-outgoing-13 << "Content-Length: 137[\r][\n]"
18:20:41.123 [main] DEBUG org.apache.http.wire -- http-outgoing-13 << "ETag: W/"89-YhaRM/pEDXUoIlKx9CeM2rxYFyU"[\r][\n]"
18:20:41.123 [main] DEBUG org.apache.http.wire -- http-outgoing-13 << "Date: Mon, 23 Jun 2025 11:20:41 GMT[\r][\n]"
18:20:41.123 [main] DEBUG org.apache.http.wire -- http-outgoing-13 << "Connection: keep-alive[\r][\n]"
18:20:41.123 [main] DEBUG org.apache.http.wire -- http-outgoing-13 << "Keep-Alive: timeout=5[\r][\n]"
18:20:41.123 [main] DEBUG org.apache.http.wire -- http-outgoing-13 << "[\r][\n]"
18:20:41.123 [main] DEBUG org.apache.http.wire -- http-outgoing-13 << "{"success":false,"statusCode":404,"message":"Kh[0xc3][0xb4]ng t[0xc3][0xac]m th[0xe1][0xba][0xa5]y ng[0xc6][0xb0][0xe1][0xbb][0x9d]i d[0xc3][0xb9]ng","path":"/follows","timestamp":"2025-06-23T11:20:41.122Z"}"
18:20:41.123 [main] DEBUG org.apache.http.headers -- http-outgoing-13 << HTTP/1.1 404 Not Found
18:20:41.123 [main] DEBUG org.apache.http.headers -- http-outgoing-13 << X-Powered-By: Express
18:20:41.123 [main] DEBUG org.apache.http.headers -- http-outgoing-13 << Access-Control-Allow-Origin: *
18:20:41.123 [main] DEBUG org.apache.http.headers -- http-outgoing-13 << Content-Type: application/json; charset=utf-8
18:20:41.123 [main] DEBUG org.apache.http.headers -- http-outgoing-13 << Content-Length: 137
18:20:41.123 [main] DEBUG org.apache.http.headers -- http-outgoing-13 << ETag: W/"89-YhaRM/pEDXUoIlKx9CeM2rxYFyU"
18:20:41.123 [main] DEBUG org.apache.http.headers -- http-outgoing-13 << Date: Mon, 23 Jun 2025 11:20:41 GMT
18:20:41.123 [main] DEBUG org.apache.http.headers -- http-outgoing-13 << Connection: keep-alive
18:20:41.123 [main] DEBUG org.apache.http.headers -- http-outgoing-13 << Keep-Alive: timeout=5
18:20:41.123 [main] DEBUG org.apache.http.impl.execchain.MainClientExec -- Connection can be kept alive for 5000 MILLISECONDS
18:20:41.124 [main] DEBUG org.apache.http.impl.conn.PoolingHttpClientConnectionManager -- Connection [id: 13][route: {}->http://localhost:3000] can be kept alive for 5.0 seconds
18:20:41.124 [main] DEBUG org.apache.http.impl.conn.DefaultManagedHttpClientConnection -- http-outgoing-13: set socket timeout to 0
18:20:41.124 [main] DEBUG org.apache.http.impl.conn.PoolingHttpClientConnectionManager -- Connection released: [id: 13][route: {}->http://localhost:3000][total available: 1; route allocated: 1 of 5; total allocated: 1 of 10]
18:20:41.124 [main] DEBUG org.apache.http.impl.conn.PoolingHttpClientConnectionManager -- Connection manager is shutting down
18:20:41.124 [main] DEBUG org.apache.http.impl.conn.DefaultManagedHttpClientConnection -- http-outgoing-13: Close connection
18:20:41.124 [main] DEBUG org.apache.http.impl.conn.PoolingHttpClientConnectionManager -- Connection manager shut down
18:20:41.124 [main] DEBUG com.intuit.karate -- response time in milliseconds: 123
1 < 404
1 < X-Powered-By: Express
1 < Access-Control-Allow-Origin: *
1 < Content-Type: application/json; charset=utf-8
1 < Content-Length: 137
1 < ETag: W/"89-YhaRM/pEDXUoIlKx9CeM2rxYFyU"
1 < Date: Mon, 23 Jun 2025 11:20:41 GMT
1 < Connection: keep-alive
1 < Keep-Alive: timeout=5
{
  "success": false,
  "statusCode": 404,
  "message": "Không tìm th?y ng??i dùng",
  "path": "/follows",
  "timestamp": "2025-06-23T11:20:41.122Z"
}


18:20:41.125 [main] INFO com.intuit.karate -- [print] Calling follows API v?i bearerToken: eyJhbGciOiJIUzI1NiIsInR5cCI6IkpXVCJ9.eyJzdWIiOiIwODUxNWIwNS0yZDNlLTQ3ODktYWQ2MC1kYjM1NTI1YTQ5NzAiLCJ1c2VybmFtZSI6Im5hbSIsInJvbGUiOjAsImlhdCI6MTc1MDY3NjI4MiwiZXhwIjoxNzUwNjc5ODgyfQ.eQgi0lA3OvlYrn9TluUTgvJwrbrbQcO2XI61Wq_JoOA 
18:20:41.127 [main] INFO com.intuit.karate -- [print] Request body: {
  "followingId": "aaaaaaaaaaaaaaaaaaaaaaaaaaaaaaaaaaaaa"
}
 
18:20:41.127 [main] INFO com.intuit.karate -- [print] Response status: 404 body: {
  "success": false,
  "statusCode": 404,
  "message": "Không tìm th?y ng??i dùng",
  "path": "/follows",
  "timestamp": "2025-06-23T11:20:41.122Z"
}
 
18:20:41.129 [main] INFO com.intuit.karate -- ? TEST FAILED - Status mismatch: Expected 400, got 404 
18:20:41.129 [main] INFO com.intuit.karate -- Test Case Data: {
  "bearerToken": "",
  "followingId": "aaaaaaaaaaaaaaaaaaaaaaaaaaaaaaaaaaaaa",
  "testDescription": "Ki?m tra ?? dài followingId",
  "expectedStatus": 400.0,
  "expectedResult": "{\"error\": \"followingId v??t quá ?? dài t?i ?a\"}",
  "responseStatus": "404",
  "result": "{\"success\":false,\"statusCode\":404,\"message\":\"Không tìm th?y ng??i dùng\",\"path\":\"/follows\",\"timestamp\":\"2025-06-23T11:18:37.987Z\"}",
  "testStatus": "FAIL",
  "failureReason": "Status mismatch: Expected 400, got 404"
}
 
18:20:41.129 [main] INFO com.intuit.karate -- Expected Status: 400.0 
18:20:41.129 [main] INFO com.intuit.karate -- Expected Result: {"error": "followingId v??t quá ?? dài t?i ?a"} 
18:20:41.129 [main] INFO com.intuit.karate -- Actual Status: 404 
18:20:41.129 [main] INFO com.intuit.karate -- Test Status: FAIL 
18:20:41.129 [main] INFO com.intuit.karate -- Test case #14 - Status: 404, Test Result: FAIL 
18:20:41.130 [main] DEBUG com.intuit.karate.core.ScenarioEngine -- over-writing existing variable 'testResults' with new value: results
18:20:41.130 [main] DEBUG com.jayway.jsonpath.internal.path.CompiledPath -- Evaluating path: $
18:20:41.130 [main] DEBUG com.jayway.jsonpath.internal.path.CompiledPath -- Evaluating path: $
18:20:41.137 [main] INFO com.intuit.karate -- [print] === FOLLOWS TEST SUMMARY === 
18:20:41.138 [main] INFO com.intuit.karate -- [print] Total test cases: 14 
18:20:41.139 [main] INFO com.intuit.karate -- [print] Passed: 6 
18:20:41.139 [main] INFO com.intuit.karate -- [print] Failed: 8 
Success rate: 43%
18:20:41.152 [main] INFO com.intuit.karate -- ? Failed test #1: Status mismatch: Expected 400, got 500 
18:20:41.153 [main] INFO com.intuit.karate -- ? Failed test #2: Status mismatch: Expected 400, got 404 
18:20:41.153 [main] INFO com.intuit.karate -- ? Failed test #3: Status mismatch: Expected 400, got 201 
18:20:41.154 [main] INFO com.intuit.karate -- ? Failed test #4: Status mismatch: Expected 400, got 404 
18:20:41.154 [main] INFO com.intuit.karate -- ? Failed test #5: Status mismatch: Expected 400, got 404 
18:20:41.154 [main] INFO com.intuit.karate -- ? Failed test #6: Status mismatch: Expected 400, got 404 
18:20:41.154 [main] INFO com.intuit.karate -- ? Failed test #7: Status mismatch: Expected 400, got 404 
18:20:41.154 [main] INFO com.intuit.karate -- ? Failed test #8: Status mismatch: Expected 400, got 404 
18:20:41.155 [main] INFO com.intuit.karate -- [print] Hoàn thành t?t c? test cases follows. ?ang ghi k?t qu? vào Excel... 
18:20:41.469 [main] INFO com.intuit.karate -- ? ?ã ghi k?t qu? follows vào Excel thành công! 
18:20:41.472 [main] INFO com.intuit.karate -- ?? WARNING: 8 out of 14 test cases failed 
18:20:41.473 [main] DEBUG com.jayway.jsonpath.internal.path.CompiledPath -- Evaluating path: $
18:20:41.474 [main] DEBUG com.jayway.jsonpath.internal.path.CompiledPath -- Evaluating path: $
18:20:41.474 [main] DEBUG com.jayway.jsonpath.internal.path.CompiledPath -- Evaluating path: $
18:20:41.474 [main] DEBUG com.jayway.jsonpath.internal.path.CompiledPath -- Evaluating path: $
18:20:41.474 [main] DEBUG com.jayway.jsonpath.internal.path.CompiledPath -- Evaluating path: $
18:20:41.476 [main] DEBUG com.jayway.jsonpath.internal.path.CompiledPath -- Evaluating path: $
18:20:41.476 [main] DEBUG com.jayway.jsonpath.internal.path.CompiledPath -- Evaluating path: $
18:20:41.476 [main] DEBUG com.jayway.jsonpath.internal.path.CompiledPath -- Evaluating path: $
18:20:41.476 [main] DEBUG com.jayway.jsonpath.internal.path.CompiledPath -- Evaluating path: $
18:20:41.476 [main] DEBUG com.jayway.jsonpath.internal.path.CompiledPath -- Evaluating path: $
18:20:41.476 [main] DEBUG com.jayway.jsonpath.internal.path.CompiledPath -- Evaluating path: $
18:20:41.477 [main] DEBUG com.jayway.jsonpath.internal.path.CompiledPath -- Evaluating path: $
18:20:41.477 [main] DEBUG com.jayway.jsonpath.internal.path.CompiledPath -- Evaluating path: $
18:20:41.477 [main] DEBUG com.jayway.jsonpath.internal.path.CompiledPath -- Evaluating path: $
18:20:41.488 [main] DEBUG com.jayway.jsonpath.internal.path.CompiledPath -- Evaluating path: $
18:20:41.488 [main] DEBUG com.jayway.jsonpath.internal.path.CompiledPath -- Evaluating path: $
18:20:41.488 [main] DEBUG com.jayway.jsonpath.internal.path.CompiledPath -- Evaluating path: $
18:20:41.488 [main] DEBUG com.jayway.jsonpath.internal.path.CompiledPath -- Evaluating path: $
18:20:41.488 [main] DEBUG com.jayway.jsonpath.internal.path.CompiledPath -- Evaluating path: $
18:20:41.488 [main] DEBUG com.jayway.jsonpath.internal.path.CompiledPath -- Evaluating path: $
18:20:41.489 [main] DEBUG com.jayway.jsonpath.internal.path.CompiledPath -- Evaluating path: $
18:20:41.489 [main] DEBUG com.jayway.jsonpath.internal.path.CompiledPath -- Evaluating path: $
18:20:41.489 [main] DEBUG com.jayway.jsonpath.internal.path.CompiledPath -- Evaluating path: $
18:20:41.489 [main] DEBUG com.jayway.jsonpath.internal.path.CompiledPath -- Evaluating path: $
18:20:41.489 [main] DEBUG com.jayway.jsonpath.internal.path.CompiledPath -- Evaluating path: $
18:20:41.489 [main] DEBUG com.jayway.jsonpath.internal.path.CompiledPath -- Evaluating path: $
18:20:41.489 [main] DEBUG com.jayway.jsonpath.internal.path.CompiledPath -- Evaluating path: $
18:20:41.489 [main] DEBUG com.jayway.jsonpath.internal.path.CompiledPath -- Evaluating path: $
18:20:41.529 [main] DEBUG org.thymeleaf.TemplateEngine -- [THYMELEAF] INITIALIZING TEMPLATE ENGINE
18:20:41.662 [main] DEBUG org.thymeleaf.TemplateEngine.CONFIG -- Initializing Thymeleaf Template engine configuration...
[THYMELEAF] TEMPLATE ENGINE CONFIGURATION:
[THYMELEAF] * Thymeleaf version: 3.1.2.RELEASE (built 2023-07-30T19:25:50+0000)
[THYMELEAF] * Cache Manager implementation: org.thymeleaf.cache.StandardCacheManager
[THYMELEAF] * Template resolvers:
[THYMELEAF]     * [1] com.intuit.karate.template.ResourceHtmlTemplateResolver
[THYMELEAF] * Message resolvers:
[THYMELEAF]     * org.thymeleaf.messageresolver.StandardMessageResolver
[THYMELEAF] * Link builders:
[THYMELEAF]     * org.thymeleaf.linkbuilder.StandardLinkBuilder
[THYMELEAF] * Dialect [1 of 2]: Standard (com.intuit.karate.template.KarateStandardDialect)
[THYMELEAF]     * Prefix: "th"
[THYMELEAF]     * Processors for Template Mode: HTML
[THYMELEAF]         * Element Tag Processors by [matching element and attribute name] [precedence]:
[THYMELEAF]             * [* {th:include,data-th-include}] [100]: org.thymeleaf.standard.processor.StandardIncludeTagProcessor
[THYMELEAF]             * [* {th:insert,data-th-insert}] [100]: org.thymeleaf.standard.processor.StandardInsertTagProcessor
[THYMELEAF]             * [* {th:replace,data-th-replace}] [100]: org.thymeleaf.standard.processor.StandardReplaceTagProcessor
[THYMELEAF]             * [* {th:each,data-th-each}] [200]: com.intuit.karate.template.KarateEachTagProcessor
[THYMELEAF]             * [* {th:switch,data-th-switch}] [250]: org.thymeleaf.standard.processor.StandardSwitchTagProcessor
[THYMELEAF]             * [* {th:case,data-th-case}] [275]: org.thymeleaf.standard.processor.StandardCaseTagProcessor
[THYMELEAF]             * [* {th:if,data-th-if}] [300]: org.thymeleaf.standard.processor.StandardIfTagProcessor
[THYMELEAF]             * [* {th:unless,data-th-unless}] [400]: org.thymeleaf.standard.processor.StandardUnlessTagProcessor
[THYMELEAF]             * [* {th:object,data-th-object}] [500]: org.thymeleaf.standard.processor.StandardObjectTagProcessor
[THYMELEAF]             * [* {th:with,data-th-with}] [600]: com.intuit.karate.template.KarateWithTagProcessor
[THYMELEAF]             * [* {th:attr,data-th-attr}] [700]: com.intuit.karate.template.KarateAttributeTagProcessor.KarateAttrTagProcessor
[THYMELEAF]             * [* {th:attrappend,data-th-attrappend}] [900]: com.intuit.karate.template.KarateAttributeTagProcessor.KarateAttrappendTagProcessor
[THYMELEAF]             * [* {th:attrprepend,data-th-attrprepend}] [900]: com.intuit.karate.template.KarateAttributeTagProcessor.KarateAttrprependTagProcessor
[THYMELEAF]             * [* {th:alt-title,data-th-alt-title}] [990]: org.thymeleaf.standard.processor.StandardAltTitleTagProcessor
[THYMELEAF]             * [* {th:lang-xmllang,data-th-lang-xmllang}] [990]: org.thymeleaf.standard.processor.StandardLangXmlLangTagProcessor
[THYMELEAF]             * [* {th:action,data-th-action}] [1000]: org.thymeleaf.standard.processor.StandardActionTagProcessor
[THYMELEAF]             * [* {th:disabled,data-th-disabled}] [1000]: org.thymeleaf.standard.processor.StandardConditionalFixedValueTagProcessor
[THYMELEAF]             * [* {th:seamless,data-th-seamless}] [1000]: org.thymeleaf.standard.processor.StandardConditionalFixedValueTagProcessor
[THYMELEAF]             * [* {th:async,data-th-async}] [1000]: org.thymeleaf.standard.processor.StandardConditionalFixedValueTagProcessor
[THYMELEAF]             * [* {th:selected,data-th-selected}] [1000]: org.thymeleaf.standard.processor.StandardConditionalFixedValueTagProcessor
[THYMELEAF]             * [* {th:ismap,data-th-ismap}] [1000]: org.thymeleaf.standard.processor.StandardConditionalFixedValueTagProcessor
[THYMELEAF]             * [* {th:nowrap,data-th-nowrap}] [1000]: org.thymeleaf.standard.processor.StandardConditionalFixedValueTagProcessor
[THYMELEAF]             * [* {th:autofocus,data-th-autofocus}] [1000]: org.thymeleaf.standard.processor.StandardConditionalFixedValueTagProcessor
[THYMELEAF]             * [* {th:multiple,data-th-multiple}] [1000]: org.thymeleaf.standard.processor.StandardConditionalFixedValueTagProcessor
[THYMELEAF]             * [* {th:declare,data-th-declare}] [1000]: org.thymeleaf.standard.processor.StandardConditionalFixedValueTagProcessor
[THYMELEAF]             * [* {th:pubdate,data-th-pubdate}] [1000]: org.thymeleaf.standard.processor.StandardConditionalFixedValueTagProcessor
[THYMELEAF]             * [* {th:required,data-th-required}] [1000]: org.thymeleaf.standard.processor.StandardConditionalFixedValueTagProcessor
[THYMELEAF]             * [* {th:hidden,data-th-hidden}] [1000]: org.thymeleaf.standard.processor.StandardConditionalFixedValueTagProcessor
[THYMELEAF]             * [* {th:controls,data-th-controls}] [1000]: org.thymeleaf.standard.processor.StandardConditionalFixedValueTagProcessor
[THYMELEAF]             * [* {th:formnovalidate,data-th-formnovalidate}] [1000]: org.thymeleaf.standard.processor.StandardConditionalFixedValueTagProcessor
[THYMELEAF]             * [* {th:checked,data-th-checked}] [1000]: org.thymeleaf.standard.processor.StandardConditionalFixedValueTagProcessor
[THYMELEAF]             * [* {th:scoped,data-th-scoped}] [1000]: org.thymeleaf.standard.processor.StandardConditionalFixedValueTagProcessor
[THYMELEAF]             * [* {th:novalidate,data-th-novalidate}] [1000]: org.thymeleaf.standard.processor.StandardConditionalFixedValueTagProcessor
[THYMELEAF]             * [* {th:open,data-th-open}] [1000]: org.thymeleaf.standard.processor.StandardConditionalFixedValueTagProcessor
[THYMELEAF]             * [* {th:defer,data-th-defer}] [1000]: org.thymeleaf.standard.processor.StandardConditionalFixedValueTagProcessor
[THYMELEAF]             * [* {th:loop,data-th-loop}] [1000]: org.thymeleaf.standard.processor.StandardConditionalFixedValueTagProcessor
[THYMELEAF]             * [* {th:reversed,data-th-reversed}] [1000]: org.thymeleaf.standard.processor.StandardConditionalFixedValueTagProcessor
[THYMELEAF]             * [* {th:autoplay,data-th-autoplay}] [1000]: org.thymeleaf.standard.processor.StandardConditionalFixedValueTagProcessor
[THYMELEAF]             * [* {th:default,data-th-default}] [1000]: org.thymeleaf.standard.processor.StandardConditionalFixedValueTagProcessor
[THYMELEAF]             * [* {th:readonly,data-th-readonly}] [1000]: org.thymeleaf.standard.processor.StandardConditionalFixedValueTagProcessor
[THYMELEAF]             * [* {th:onprogress,data-th-onprogress}] [1000]: org.thymeleaf.standard.processor.StandardDOMEventAttributeTagProcessor
[THYMELEAF]             * [* {th:onafterprint,data-th-onafterprint}] [1000]: org.thymeleaf.standard.processor.StandardDOMEventAttributeTagProcessor
[THYMELEAF]             * [* {th:onforminput,data-th-onforminput}] [1000]: org.thymeleaf.standard.processor.StandardDOMEventAttributeTagProcessor
[THYMELEAF]             * [* {th:onfocus,data-th-onfocus}] [1000]: org.thymeleaf.standard.processor.StandardDOMEventAttributeTagProcessor
[THYMELEAF]             * [* {th:ononline,data-th-ononline}] [1000]: org.thymeleaf.standard.processor.StandardDOMEventAttributeTagProcessor
[THYMELEAF]             * [* {th:onseeking,data-th-onseeking}] [1000]: org.thymeleaf.standard.processor.StandardDOMEventAttributeTagProcessor
[THYMELEAF]             * [* {th:onoffline,data-th-onoffline}] [1000]: org.thymeleaf.standard.processor.StandardDOMEventAttributeTagProcessor
[THYMELEAF]             * [* {th:onsubmit,data-th-onsubmit}] [1000]: org.thymeleaf.standard.processor.StandardDOMEventAttributeTagProcessor
[THYMELEAF]             * [* {th:onscroll,data-th-onscroll}] [1000]: org.thymeleaf.standard.processor.StandardDOMEventAttributeTagProcessor
[THYMELEAF]             * [* {th:onabort,data-th-onabort}] [1000]: org.thymeleaf.standard.processor.StandardDOMEventAttributeTagProcessor
[THYMELEAF]             * [* {th:onpause,data-th-onpause}] [1000]: org.thymeleaf.standard.processor.StandardDOMEventAttributeTagProcessor
[THYMELEAF]             * [* {th:onreset,data-th-onreset}] [1000]: org.thymeleaf.standard.processor.StandardDOMEventAttributeTagProcessor
[THYMELEAF]             * [* {th:onmousedown,data-th-onmousedown}] [1000]: org.thymeleaf.standard.processor.StandardDOMEventAttributeTagProcessor
[THYMELEAF]             * [* {th:onloadedmetadata,data-th-onloadedmetadata}] [1000]: org.thymeleaf.standard.processor.StandardDOMEventAttributeTagProcessor
[THYMELEAF]             * [* {th:onmouseup,data-th-onmouseup}] [1000]: org.thymeleaf.standard.processor.StandardDOMEventAttributeTagProcessor
[THYMELEAF]             * [* {th:onsuspend,data-th-onsuspend}] [1000]: org.thymeleaf.standard.processor.StandardDOMEventAttributeTagProcessor
[THYMELEAF]             * [* {th:onkeydown,data-th-onkeydown}] [1000]: org.thymeleaf.standard.processor.StandardDOMEventAttributeTagProcessor
[THYMELEAF]             * [* {th:onemptied,data-th-onemptied}] [1000]: org.thymeleaf.standard.processor.StandardDOMEventAttributeTagProcessor
[THYMELEAF]             * [* {th:onresize,data-th-onresize}] [1000]: org.thymeleaf.standard.processor.StandardDOMEventAttributeTagProcessor
[THYMELEAF]             * [* {th:onload,data-th-onload}] [1000]: org.thymeleaf.standard.processor.StandardDOMEventAttributeTagProcessor
[THYMELEAF]             * [* {th:onended,data-th-onended}] [1000]: org.thymeleaf.standard.processor.StandardDOMEventAttributeTagProcessor
[THYMELEAF]             * [* {th:onstalled,data-th-onstalled}] [1000]: org.thymeleaf.standard.processor.StandardDOMEventAttributeTagProcessor
[THYMELEAF]             * [* {th:onbeforeprint,data-th-onbeforeprint}] [1000]: org.thymeleaf.standard.processor.StandardDOMEventAttributeTagProcessor
[THYMELEAF]             * [* {th:onratechange,data-th-onratechange}] [1000]: org.thymeleaf.standard.processor.StandardDOMEventAttributeTagProcessor
[THYMELEAF]             * [* {th:ondrop,data-th-ondrop}] [1000]: org.thymeleaf.standard.processor.StandardDOMEventAttributeTagProcessor
[THYMELEAF]             * [* {th:onmousemove,data-th-onmousemove}] [1000]: org.thymeleaf.standard.processor.StandardDOMEventAttributeTagProcessor
[THYMELEAF]             * [* {th:onredo,data-th-onredo}] [1000]: org.thymeleaf.standard.processor.StandardDOMEventAttributeTagProcessor
[THYMELEAF]             * [* {th:onshow,data-th-onshow}] [1000]: org.thymeleaf.standard.processor.StandardDOMEventAttributeTagProcessor
[THYMELEAF]             * [* {th:onpopstate,data-th-onpopstate}] [1000]: org.thymeleaf.standard.processor.StandardDOMEventAttributeTagProcessor
[THYMELEAF]             * [* {th:onblur,data-th-onblur}] [1000]: org.thymeleaf.standard.processor.StandardDOMEventAttributeTagProcessor
[THYMELEAF]             * [* {th:oncanplay,data-th-oncanplay}] [1000]: org.thymeleaf.standard.processor.StandardDOMEventAttributeTagProcessor
[THYMELEAF]             * [* {th:onclick,data-th-onclick}] [1000]: org.thymeleaf.standard.processor.StandardDOMEventAttributeTagProcessor
[THYMELEAF]             * [* {th:onundo,data-th-onundo}] [1000]: org.thymeleaf.standard.processor.StandardDOMEventAttributeTagProcessor
[THYMELEAF]             * [* {th:ontimeupdate,data-th-ontimeupdate}] [1000]: org.thymeleaf.standard.processor.StandardDOMEventAttributeTagProcessor
[THYMELEAF]             * [* {th:onplaying,data-th-onplaying}] [1000]: org.thymeleaf.standard.processor.StandardDOMEventAttributeTagProcessor
[THYMELEAF]             * [* {th:ondragstart,data-th-ondragstart}] [1000]: org.thymeleaf.standard.processor.StandardDOMEventAttributeTagProcessor
[THYMELEAF]             * [* {th:onkeyup,data-th-onkeyup}] [1000]: org.thymeleaf.standard.processor.StandardDOMEventAttributeTagProcessor
[THYMELEAF]             * [* {th:ondurationchange,data-th-ondurationchange}] [1000]: org.thymeleaf.standard.processor.StandardDOMEventAttributeTagProcessor
[THYMELEAF]             * [* {th:ondragover,data-th-ondragover}] [1000]: org.thymeleaf.standard.processor.StandardDOMEventAttributeTagProcessor
[THYMELEAF]             * [* {th:onloadstart,data-th-onloadstart}] [1000]: org.thymeleaf.standard.processor.StandardDOMEventAttributeTagProcessor
[THYMELEAF]             * [* {th:oninput,data-th-oninput}] [1000]: org.thymeleaf.standard.processor.StandardDOMEventAttributeTagProcessor
[THYMELEAF]             * [* {th:ondragleave,data-th-ondragleave}] [1000]: org.thymeleaf.standard.processor.StandardDOMEventAttributeTagProcessor
[THYMELEAF]             * [* {th:onkeypress,data-th-onkeypress}] [1000]: org.thymeleaf.standard.processor.StandardDOMEventAttributeTagProcessor
[THYMELEAF]             * [* {th:ondblclick,data-th-ondblclick}] [1000]: org.thymeleaf.standard.processor.StandardDOMEventAttributeTagProcessor
[THYMELEAF]             * [* {th:onvolumechange,data-th-onvolumechange}] [1000]: org.thymeleaf.standard.processor.StandardDOMEventAttributeTagProcessor
[THYMELEAF]             * [* {th:onunload,data-th-onunload}] [1000]: org.thymeleaf.standard.processor.StandardDOMEventAttributeTagProcessor
[THYMELEAF]             * [* {th:onerror,data-th-onerror}] [1000]: org.thymeleaf.standard.processor.StandardDOMEventAttributeTagProcessor
[THYMELEAF]             * [* {th:ondrag,data-th-ondrag}] [1000]: org.thymeleaf.standard.processor.StandardDOMEventAttributeTagProcessor
[THYMELEAF]             * [* {th:onhashchange,data-th-onhashchange}] [1000]: org.thymeleaf.standard.processor.StandardDOMEventAttributeTagProcessor
[THYMELEAF]             * [* {th:onformchange,data-th-onformchange}] [1000]: org.thymeleaf.standard.processor.StandardDOMEventAttributeTagProcessor
[THYMELEAF]             * [* {th:onwaiting,data-th-onwaiting}] [1000]: org.thymeleaf.standard.processor.StandardDOMEventAttributeTagProcessor
[THYMELEAF]             * [* {th:onselect,data-th-onselect}] [1000]: org.thymeleaf.standard.processor.StandardDOMEventAttributeTagProcessor
[THYMELEAF]             * [* {th:onchange,data-th-onchange}] [1000]: org.thymeleaf.standard.processor.StandardDOMEventAttributeTagProcessor
[THYMELEAF]             * [* {th:onmouseover,data-th-onmouseover}] [1000]: org.thymeleaf.standard.processor.StandardDOMEventAttributeTagProcessor
[THYMELEAF]             * [* {th:onmousewheel,data-th-onmousewheel}] [1000]: org.thymeleaf.standard.processor.StandardDOMEventAttributeTagProcessor
[THYMELEAF]             * [* {th:oninvalid,data-th-oninvalid}] [1000]: org.thymeleaf.standard.processor.StandardDOMEventAttributeTagProcessor
[THYMELEAF]             * [* {th:onplay,data-th-onplay}] [1000]: org.thymeleaf.standard.processor.StandardDOMEventAttributeTagProcessor
[THYMELEAF]             * [* {th:oncanplaythrough,data-th-oncanplaythrough}] [1000]: org.thymeleaf.standard.processor.StandardDOMEventAttributeTagProcessor
[THYMELEAF]             * [* {th:onmessage,data-th-onmessage}] [1000]: org.thymeleaf.standard.processor.StandardDOMEventAttributeTagProcessor
[THYMELEAF]             * [* {th:onseeked,data-th-onseeked}] [1000]: org.thymeleaf.standard.processor.StandardDOMEventAttributeTagProcessor
[THYMELEAF]             * [* {th:oncontextmenu,data-th-oncontextmenu}] [1000]: org.thymeleaf.standard.processor.StandardDOMEventAttributeTagProcessor
[THYMELEAF]             * [* {th:onbeforeunload,data-th-onbeforeunload}] [1000]: org.thymeleaf.standard.processor.StandardDOMEventAttributeTagProcessor
[THYMELEAF]             * [* {th:onloadeddata,data-th-onloadeddata}] [1000]: org.thymeleaf.standard.processor.StandardDOMEventAttributeTagProcessor
[THYMELEAF]             * [* {th:ondragend,data-th-ondragend}] [1000]: org.thymeleaf.standard.processor.StandardDOMEventAttributeTagProcessor
[THYMELEAF]             * [* {th:ondragenter,data-th-ondragenter}] [1000]: org.thymeleaf.standard.processor.StandardDOMEventAttributeTagProcessor
[THYMELEAF]             * [* {th:onreadystatechange,data-th-onreadystatechange}] [1000]: org.thymeleaf.standard.processor.StandardDOMEventAttributeTagProcessor
[THYMELEAF]             * [* {th:onstorage,data-th-onstorage}] [1000]: org.thymeleaf.standard.processor.StandardDOMEventAttributeTagProcessor
[THYMELEAF]             * [* {th:onmouseout,data-th-onmouseout}] [1000]: org.thymeleaf.standard.processor.StandardDOMEventAttributeTagProcessor
[THYMELEAF]             * [* {th:href,data-th-href}] [1000]: org.thymeleaf.standard.processor.StandardHrefTagProcessor
[THYMELEAF]             * [* {th:inline,data-th-inline}] [1000]: org.thymeleaf.standard.processor.StandardInlineHTMLTagProcessor
[THYMELEAF]             * [* {th:method,data-th-method}] [1000]: org.thymeleaf.standard.processor.StandardMethodTagProcessor
[THYMELEAF]             * [* {th:type,data-th-type}] [1000]: org.thymeleaf.standard.processor.StandardNonRemovableAttributeTagProcessor
[THYMELEAF]             * [* {th:name,data-th-name}] [1000]: org.thymeleaf.standard.processor.StandardNonRemovableAttributeTagProcessor
[THYMELEAF]             * [* {th:codebase,data-th-codebase}] [1000]: org.thymeleaf.standard.processor.StandardRemovableAttributeTagProcessor
[THYMELEAF]             * [* {th:content,data-th-content}] [1000]: org.thymeleaf.standard.processor.StandardRemovableAttributeTagProcessor
[THYMELEAF]             * [* {th:spellcheck,data-th-spellcheck}] [1000]: org.thymeleaf.standard.processor.StandardRemovableAttributeTagProcessor
[THYMELEAF]             * [* {th:formenctype,data-th-formenctype}] [1000]: org.thymeleaf.standard.processor.StandardRemovableAttributeTagProcessor
[THYMELEAF]             * [* {th:frame,data-th-frame}] [1000]: org.thymeleaf.standard.processor.StandardRemovableAttributeTagProcessor
[THYMELEAF]             * [* {th:style,data-th-style}] [1000]: org.thymeleaf.standard.processor.StandardRemovableAttributeTagProcessor
[THYMELEAF]             * [* {th:accept,data-th-accept}] [1000]: org.thymeleaf.standard.processor.StandardRemovableAttributeTagProcessor
[THYMELEAF]             * [* {th:longdesc,data-th-longdesc}] [1000]: org.thymeleaf.standard.processor.StandardRemovableAttributeTagProcessor
[THYMELEAF]             * [* {th:data,data-th-data}] [1000]: org.thymeleaf.standard.processor.StandardRemovableAttributeTagProcessor
[THYMELEAF]             * [* {th:rel,data-th-rel}] [1000]: org.thymeleaf.standard.processor.StandardRemovableAttributeTagProcessor
[THYMELEAF]             * [* {th:maxlength,data-th-maxlength}] [1000]: org.thymeleaf.standard.processor.StandardRemovableAttributeTagProcessor
[THYMELEAF]             * [* {th:poster,data-th-poster}] [1000]: org.thymeleaf.standard.processor.StandardRemovableAttributeTagProcessor
[THYMELEAF]             * [* {th:cellpadding,data-th-cellpadding}] [1000]: org.thymeleaf.standard.processor.StandardRemovableAttributeTagProcessor
[THYMELEAF]             * [* {th:target,data-th-target}] [1000]: org.thymeleaf.standard.processor.StandardRemovableAttributeTagProcessor
[THYMELEAF]             * [* {th:headers,data-th-headers}] [1000]: org.thymeleaf.standard.processor.StandardRemovableAttributeTagProcessor
[THYMELEAF]             * [* {th:wrap,data-th-wrap}] [1000]: org.thymeleaf.standard.processor.StandardRemovableAttributeTagProcessor
[THYMELEAF]             * [* {th:cite,data-th-cite}] [1000]: org.thymeleaf.standard.processor.StandardRemovableAttributeTagProcessor
[THYMELEAF]             * [* {th:min,data-th-min}] [1000]: org.thymeleaf.standard.processor.StandardRemovableAttributeTagProcessor
[THYMELEAF]             * [* {th:sizes,data-th-sizes}] [1000]: org.thymeleaf.standard.processor.StandardRemovableAttributeTagProcessor
[THYMELEAF]             * [* {th:usemap,data-th-usemap}] [1000]: org.thymeleaf.standard.processor.StandardRemovableAttributeTagProcessor
[THYMELEAF]             * [* {th:summary,data-th-summary}] [1000]: org.thymeleaf.standard.processor.StandardRemovableAttributeTagProcessor
[THYMELEAF]             * [* {th:draggable,data-th-draggable}] [1000]: org.thymeleaf.standard.processor.StandardRemovableAttributeTagProcessor
[THYMELEAF]             * [* {th:cellspacing,data-th-cellspacing}] [1000]: org.thymeleaf.standard.processor.StandardRemovableAttributeTagProcessor
[THYMELEAF]             * [* {th:compact,data-th-compact}] [1000]: org.thymeleaf.standard.processor.StandardRemovableAttributeTagProcessor
[THYMELEAF]             * [* {th:accesskey,data-th-accesskey}] [1000]: org.thymeleaf.standard.processor.StandardRemovableAttributeTagProcessor
[THYMELEAF]             * [* {th:formaction,data-th-formaction}] [1000]: org.thymeleaf.standard.processor.StandardRemovableAttributeTagProcessor
[THYMELEAF]             * [* {th:colspan,data-th-colspan}] [1000]: org.thymeleaf.standard.processor.StandardRemovableAttributeTagProcessor
[THYMELEAF]             * [* {th:enctype,data-th-enctype}] [1000]: org.thymeleaf.standard.processor.StandardRemovableAttributeTagProcessor
[THYMELEAF]             * [* {th:class,data-th-class}] [1000]: org.thymeleaf.standard.processor.StandardRemovableAttributeTagProcessor
[THYMELEAF]             * [* {th:placeholder,data-th-placeholder}] [1000]: org.thymeleaf.standard.processor.StandardRemovableAttributeTagProcessor
[THYMELEAF]             * [* {th:kind,data-th-kind}] [1000]: org.thymeleaf.standard.processor.StandardRemovableAttributeTagProcessor
[THYMELEAF]             * [* {th:for,data-th-for}] [1000]: org.thymeleaf.standard.processor.StandardRemovableAttributeTagProcessor
[THYMELEAF]             * [* {th:standby,data-th-standby}] [1000]: org.thymeleaf.standard.processor.StandardRemovableAttributeTagProcessor
[THYMELEAF]             * [* {th:id,data-th-id}] [1000]: org.thymeleaf.standard.processor.StandardRemovableAttributeTagProcessor
[THYMELEAF]             * [* {th:scope,data-th-scope}] [1000]: org.thymeleaf.standard.processor.StandardRemovableAttributeTagProcessor
[THYMELEAF]             * [* {th:max,data-th-max}] [1000]: org.thymeleaf.standard.processor.StandardRemovableAttributeTagProcessor
[THYMELEAF]             * [* {th:icon,data-th-icon}] [1000]: org.thymeleaf.standard.processor.StandardRemovableAttributeTagProcessor
[THYMELEAF]             * [* {th:scrolling,data-th-scrolling}] [1000]: org.thymeleaf.standard.processor.StandardRemovableAttributeTagProcessor
[THYMELEAF]             * [* {th:challenge,data-th-challenge}] [1000]: org.thymeleaf.standard.processor.StandardRemovableAttributeTagProcessor
[THYMELEAF]             * [* {th:start,data-th-start}] [1000]: org.thymeleaf.standard.processor.StandardRemovableAttributeTagProcessor
[THYMELEAF]             * [* {th:bgcolor,data-th-bgcolor}] [1000]: org.thymeleaf.standard.processor.StandardRemovableAttributeTagProcessor
[THYMELEAF]             * [* {th:scheme,data-th-scheme}] [1000]: org.thymeleaf.standard.processor.StandardRemovableAttributeTagProcessor
[THYMELEAF]             * [* {th:border,data-th-border}] [1000]: org.thymeleaf.standard.processor.StandardRemovableAttributeTagProcessor
[THYMELEAF]             * [* {th:autocomplete,data-th-autocomplete}] [1000]: org.thymeleaf.standard.processor.StandardRemovableAttributeTagProcessor
[THYMELEAF]             * [* {th:marginheight,data-th-marginheight}] [1000]: org.thymeleaf.standard.processor.StandardRemovableAttributeTagProcessor
[THYMELEAF]             * [* {th:dropzone,data-th-dropzone}] [1000]: org.thymeleaf.standard.processor.StandardRemovableAttributeTagProcessor
[THYMELEAF]             * [* {th:charset,data-th-charset}] [1000]: org.thymeleaf.standard.processor.StandardRemovableAttributeTagProcessor
[THYMELEAF]             * [* {th:sandbox,data-th-sandbox}] [1000]: org.thymeleaf.standard.processor.StandardRemovableAttributeTagProcessor
[THYMELEAF]             * [* {th:vspace,data-th-vspace}] [1000]: org.thymeleaf.standard.processor.StandardRemovableAttributeTagProcessor
[THYMELEAF]             * [* {th:tabindex,data-th-tabindex}] [1000]: org.thymeleaf.standard.processor.StandardRemovableAttributeTagProcessor
[THYMELEAF]             * [* {th:lang,data-th-lang}] [1000]: org.thymeleaf.standard.processor.StandardRemovableAttributeTagProcessor
[THYMELEAF]             * [* {th:background,data-th-background}] [1000]: org.thymeleaf.standard.processor.StandardRemovableAttributeTagProcessor
[THYMELEAF]             * [* {th:marginwidth,data-th-marginwidth}] [1000]: org.thymeleaf.standard.processor.StandardRemovableAttributeTagProcessor
[THYMELEAF]             * [* {th:http-equiv,data-th-http-equiv}] [1000]: org.thymeleaf.standard.processor.StandardRemovableAttributeTagProcessor
[THYMELEAF]             * [* {th:radiogroup,data-th-radiogroup}] [1000]: org.thymeleaf.standard.processor.StandardRemovableAttributeTagProcessor
[THYMELEAF]             * [* {th:contenteditable,data-th-contenteditable}] [1000]: org.thymeleaf.standard.processor.StandardRemovableAttributeTagProcessor
[THYMELEAF]             * [* {th:span,data-th-span}] [1000]: org.thymeleaf.standard.processor.StandardRemovableAttributeTagProcessor
[THYMELEAF]             * [* {th:rev,data-th-rev}] [1000]: org.thymeleaf.standard.processor.StandardRemovableAttributeTagProcessor
[THYMELEAF]             * [* {th:rowspan,data-th-rowspan}] [1000]: org.thymeleaf.standard.processor.StandardRemovableAttributeTagProcessor
[THYMELEAF]             * [* {th:label,data-th-label}] [1000]: org.thymeleaf.standard.processor.StandardRemovableAttributeTagProcessor
[THYMELEAF]             * [* {th:frameborder,data-th-frameborder}] [1000]: org.thymeleaf.standard.processor.StandardRemovableAttributeTagProcessor
[THYMELEAF]             * [* {th:list,data-th-list}] [1000]: org.thymeleaf.standard.processor.StandardRemovableAttributeTagProcessor
[THYMELEAF]             * [* {th:archive,data-th-archive}] [1000]: org.thymeleaf.standard.processor.StandardRemovableAttributeTagProcessor
[THYMELEAF]             * [* {th:classid,data-th-classid}] [1000]: org.thymeleaf.standard.processor.StandardRemovableAttributeTagProcessor
[THYMELEAF]             * [* {th:step,data-th-step}] [1000]: org.thymeleaf.standard.processor.StandardRemovableAttributeTagProcessor
[THYMELEAF]             * [* {th:axis,data-th-axis}] [1000]: org.thymeleaf.standard.processor.StandardRemovableAttributeTagProcessor
[THYMELEAF]             * [* {th:high,data-th-high}] [1000]: org.thymeleaf.standard.processor.StandardRemovableAttributeTagProcessor
[THYMELEAF]             * [* {th:valuetype,data-th-valuetype}] [1000]: org.thymeleaf.standard.processor.StandardRemovableAttributeTagProcessor
[THYMELEAF]             * [* {th:accept-charset,data-th-accept-charset}] [1000]: org.thymeleaf.standard.processor.StandardRemovableAttributeTagProcessor
[THYMELEAF]             * [* {th:width,data-th-width}] [1000]: org.thymeleaf.standard.processor.StandardRemovableAttributeTagProcessor
[THYMELEAF]             * [* {th:title,data-th-title}] [1000]: org.thymeleaf.standard.processor.StandardRemovableAttributeTagProcessor
[THYMELEAF]             * [* {th:hspace,data-th-hspace}] [1000]: org.thymeleaf.standard.processor.StandardRemovableAttributeTagProcessor
[THYMELEAF]             * [* {th:alt,data-th-alt}] [1000]: org.thymeleaf.standard.processor.StandardRemovableAttributeTagProcessor
[THYMELEAF]             * [* {th:manifest,data-th-manifest}] [1000]: org.thymeleaf.standard.processor.StandardRemovableAttributeTagProcessor
[THYMELEAF]             * [* {th:form,data-th-form}] [1000]: org.thymeleaf.standard.processor.StandardRemovableAttributeTagProcessor
[THYMELEAF]             * [* {th:contextmenu,data-th-contextmenu}] [1000]: org.thymeleaf.standard.processor.StandardRemovableAttributeTagProcessor
[THYMELEAF]             * [* {th:formtarget,data-th-formtarget}] [1000]: org.thymeleaf.standard.processor.StandardRemovableAttributeTagProcessor
[THYMELEAF]             * [* {th:preload,data-th-preload}] [1000]: org.thymeleaf.standard.processor.StandardRemovableAttributeTagProcessor
[THYMELEAF]             * [* {th:size,data-th-size}] [1000]: org.thymeleaf.standard.processor.StandardRemovableAttributeTagProcessor
[THYMELEAF]             * [* {th:hreflang,data-th-hreflang}] [1000]: org.thymeleaf.standard.processor.StandardRemovableAttributeTagProcessor
[THYMELEAF]             * [* {th:formmethod,data-th-formmethod}] [1000]: org.thymeleaf.standard.processor.StandardRemovableAttributeTagProcessor
[THYMELEAF]             * [* {th:abbr,data-th-abbr}] [1000]: org.thymeleaf.standard.processor.StandardRemovableAttributeTagProcessor
[THYMELEAF]             * [* {th:audio,data-th-audio}] [1000]: org.thymeleaf.standard.processor.StandardRemovableAttributeTagProcessor
[THYMELEAF]             * [* {th:cols,data-th-cols}] [1000]: org.thymeleaf.standard.processor.StandardRemovableAttributeTagProcessor
[THYMELEAF]             * [* {th:optimum,data-th-optimum}] [1000]: org.thymeleaf.standard.processor.StandardRemovableAttributeTagProcessor
[THYMELEAF]             * [* {th:media,data-th-media}] [1000]: org.thymeleaf.standard.processor.StandardRemovableAttributeTagProcessor
[THYMELEAF]             * [* {th:datetime,data-th-datetime}] [1000]: org.thymeleaf.standard.processor.StandardRemovableAttributeTagProcessor
[THYMELEAF]             * [* {th:height,data-th-height}] [1000]: org.thymeleaf.standard.processor.StandardRemovableAttributeTagProcessor
[THYMELEAF]             * [* {th:keytype,data-th-keytype}] [1000]: org.thymeleaf.standard.processor.StandardRemovableAttributeTagProcessor
[THYMELEAF]             * [* {th:pattern,data-th-pattern}] [1000]: org.thymeleaf.standard.processor.StandardRemovableAttributeTagProcessor
[THYMELEAF]             * [* {th:codetype,data-th-codetype}] [1000]: org.thymeleaf.standard.processor.StandardRemovableAttributeTagProcessor
[THYMELEAF]             * [* {th:rules,data-th-rules}] [1000]: org.thymeleaf.standard.processor.StandardRemovableAttributeTagProcessor
[THYMELEAF]             * [* {th:srclang,data-th-srclang}] [1000]: org.thymeleaf.standard.processor.StandardRemovableAttributeTagProcessor
[THYMELEAF]             * [* {th:low,data-th-low}] [1000]: org.thymeleaf.standard.processor.StandardRemovableAttributeTagProcessor
[THYMELEAF]             * [* {th:align,data-th-align}] [1000]: org.thymeleaf.standard.processor.StandardRemovableAttributeTagProcessor
[THYMELEAF]             * [* {th:dir,data-th-dir}] [1000]: org.thymeleaf.standard.processor.StandardRemovableAttributeTagProcessor
[THYMELEAF]             * [* {th:rows,data-th-rows}] [1000]: org.thymeleaf.standard.processor.StandardRemovableAttributeTagProcessor
[THYMELEAF]             * [* {th:src,data-th-src}] [1000]: org.thymeleaf.standard.processor.StandardSrcTagProcessor
[THYMELEAF]             * [* {th:value,data-th-value}] [1000]: org.thymeleaf.standard.processor.StandardValueTagProcessor
[THYMELEAF]             * [* {th:xmlbase,data-th-xmlbase}] [1000]: org.thymeleaf.standard.processor.StandardXmlBaseTagProcessor
[THYMELEAF]             * [* {th:xmllang,data-th-xmllang}] [1000]: org.thymeleaf.standard.processor.StandardXmlLangTagProcessor
[THYMELEAF]             * [* {xmlns:th}] [1000]: org.thymeleaf.standard.processor.StandardXmlNsTagProcessor
[THYMELEAF]             * [* {th:xmlspace,data-th-xmlspace}] [1000]: org.thymeleaf.standard.processor.StandardXmlSpaceTagProcessor
[THYMELEAF]             * [* {th:classappend,data-th-classappend}] [1100]: org.thymeleaf.standard.processor.StandardClassappendTagProcessor
[THYMELEAF]             * [* {th:styleappend,data-th-styleappend}] [1100]: org.thymeleaf.standard.processor.StandardStyleappendTagProcessor
[THYMELEAF]             * [* {th:text,data-th-text}] [1300]: org.thymeleaf.standard.processor.StandardTextTagProcessor
[THYMELEAF]             * [* {th:utext,data-th-utext}] [1400]: org.thymeleaf.standard.processor.StandardUtextTagProcessor
[THYMELEAF]             * [* {th:fragment,data-th-fragment}] [1500]: org.thymeleaf.standard.processor.StandardFragmentTagProcessor
[THYMELEAF]             * [* {th:assert,data-th-assert}] [1550]: org.thymeleaf.standard.processor.StandardAssertTagProcessor
[THYMELEAF]             * [* {th:remove,data-th-remove}] [1600]: org.thymeleaf.standard.processor.StandardRemoveTagProcessor
[THYMELEAF]             * [* {th:ref,data-th-ref}] [10000]: org.thymeleaf.standard.processor.StandardRefAttributeTagProcessor
[THYMELEAF]             * [{th:block,th-block} *] [100000]: org.thymeleaf.standard.processor.StandardBlockTagProcessor
[THYMELEAF]             * [* th:*] [2147483647]: org.thymeleaf.standard.processor.StandardDefaultAttributesTagProcessor
[THYMELEAF]         * Text Processors by [precedence]:
[THYMELEAF]             * [1000]: org.thymeleaf.standard.processor.StandardInliningTextProcessor
[THYMELEAF]         * DOCTYPE Processors by [precedence]:
[THYMELEAF]             * [1000]: org.thymeleaf.standard.processor.StandardTranslationDocTypeProcessor
[THYMELEAF]         * CDATA Section Processors by [precedence]:
[THYMELEAF]             * [1000]: org.thymeleaf.standard.processor.StandardInliningCDATASectionProcessor
[THYMELEAF]         * Comment Processors by [precedence]:
[THYMELEAF]             * [1000]: org.thymeleaf.standard.processor.StandardInliningCommentProcessor
[THYMELEAF]             * [1100]: org.thymeleaf.standard.processor.StandardConditionalCommentProcessor
[THYMELEAF]     * Processors for Template Mode: XML
[THYMELEAF]         * Element Tag Processors by [matching element and attribute name] [precedence]:
[THYMELEAF]             * [* {th:include}] [100]: org.thymeleaf.standard.processor.StandardIncludeTagProcessor
[THYMELEAF]             * [* {th:insert}] [100]: org.thymeleaf.standard.processor.StandardInsertTagProcessor
[THYMELEAF]             * [* {th:replace}] [100]: org.thymeleaf.standard.processor.StandardReplaceTagProcessor
[THYMELEAF]             * [* {th:each}] [200]: com.intuit.karate.template.KarateEachTagProcessor
[THYMELEAF]             * [* {th:switch}] [250]: org.thymeleaf.standard.processor.StandardSwitchTagProcessor
[THYMELEAF]             * [* {th:case}] [275]: org.thymeleaf.standard.processor.StandardCaseTagProcessor
[THYMELEAF]             * [* {th:if}] [300]: org.thymeleaf.standard.processor.StandardIfTagProcessor
[THYMELEAF]             * [* {th:unless}] [400]: org.thymeleaf.standard.processor.StandardUnlessTagProcessor
[THYMELEAF]             * [* {th:object}] [500]: org.thymeleaf.standard.processor.StandardObjectTagProcessor
[THYMELEAF]             * [* {th:with}] [600]: com.intuit.karate.template.KarateWithTagProcessor
[THYMELEAF]             * [* {th:attr}] [700]: com.intuit.karate.template.KarateAttributeTagProcessor.KarateAttrTagProcessor
[THYMELEAF]             * [* {th:attrappend}] [900]: com.intuit.karate.template.KarateAttributeTagProcessor.KarateAttrappendTagProcessor
[THYMELEAF]             * [* {th:attrprepend}] [900]: com.intuit.karate.template.KarateAttributeTagProcessor.KarateAttrprependTagProcessor
[THYMELEAF]             * [* {th:inline}] [1000]: org.thymeleaf.standard.processor.StandardInlineXMLTagProcessor
[THYMELEAF]             * [* {xmlns:th}] [1000]: org.thymeleaf.standard.processor.StandardXmlNsTagProcessor
[THYMELEAF]             * [* {th:text}] [1300]: org.thymeleaf.standard.processor.StandardTextTagProcessor
[THYMELEAF]             * [* {th:utext}] [1400]: org.thymeleaf.standard.processor.StandardUtextTagProcessor
[THYMELEAF]             * [* {th:fragment}] [1500]: org.thymeleaf.standard.processor.StandardFragmentTagProcessor
[THYMELEAF]             * [* {th:assert}] [1550]: org.thymeleaf.standard.processor.StandardAssertTagProcessor
[THYMELEAF]             * [* {th:remove}] [1600]: org.thymeleaf.standard.processor.StandardRemoveTagProcessor
[THYMELEAF]             * [* {th:ref}] [10000]: org.thymeleaf.standard.processor.StandardRefAttributeTagProcessor
[THYMELEAF]             * [{th:block} *] [100000]: org.thymeleaf.standard.processor.StandardBlockTagProcessor
[THYMELEAF]             * [* th:*] [2147483647]: org.thymeleaf.standard.processor.StandardDefaultAttributesTagProcessor
[THYMELEAF]         * Text Processors by [precedence]:
[THYMELEAF]             * [1000]: org.thymeleaf.standard.processor.StandardInliningTextProcessor
[THYMELEAF]         * CDATA Section Processors by [precedence]:
[THYMELEAF]             * [1000]: org.thymeleaf.standard.processor.StandardInliningCDATASectionProcessor
[THYMELEAF]         * Comment Processors by [precedence]:
[THYMELEAF]             * [1000]: org.thymeleaf.standard.processor.StandardInliningCommentProcessor
[THYMELEAF]     * Processors for Template Mode: TEXT
[THYMELEAF]         * Element Tag Processors by [matching element and attribute name] [precedence]:
[THYMELEAF]             * [* {th:insert}] [100]: org.thymeleaf.standard.processor.StandardInsertTagProcessor
[THYMELEAF]             * [* {th:replace}] [100]: org.thymeleaf.standard.processor.StandardReplaceTagProcessor
[THYMELEAF]             * [* {th:each}] [200]: com.intuit.karate.template.KarateEachTagProcessor
[THYMELEAF]             * [* {th:switch}] [250]: org.thymeleaf.standard.processor.StandardSwitchTagProcessor
[THYMELEAF]             * [* {th:case}] [275]: org.thymeleaf.standard.processor.StandardCaseTagProcessor
[THYMELEAF]             * [* {th:if}] [300]: org.thymeleaf.standard.processor.StandardIfTagProcessor
[THYMELEAF]             * [* {th:unless}] [400]: org.thymeleaf.standard.processor.StandardUnlessTagProcessor
[THYMELEAF]             * [* {th:object}] [500]: org.thymeleaf.standard.processor.StandardObjectTagProcessor
[THYMELEAF]             * [* {th:with}] [600]: com.intuit.karate.template.KarateWithTagProcessor
[THYMELEAF]             * [* {th:inline}] [1000]: org.thymeleaf.standard.processor.StandardInlineTextualTagProcessor
[THYMELEAF]             * [* {th:text}] [1300]: org.thymeleaf.standard.processor.StandardTextTagProcessor
[THYMELEAF]             * [* {th:utext}] [1400]: org.thymeleaf.standard.processor.StandardUtextTagProcessor
[THYMELEAF]             * [* {th:assert}] [1550]: org.thymeleaf.standard.processor.StandardAssertTagProcessor
[THYMELEAF]             * [* {th:remove}] [1600]: org.thymeleaf.standard.processor.StandardRemoveTagProcessor
[THYMELEAF]             * [{th:block} *] [100000]: org.thymeleaf.standard.processor.StandardBlockTagProcessor
[THYMELEAF]             * [* 100000] [org.thymeleaf.standard.processor.StandardBlockTagProcessor]: {}
[THYMELEAF]         * Text Processors by [precedence]:
[THYMELEAF]             * [1000]: org.thymeleaf.standard.processor.StandardInliningTextProcessor
[THYMELEAF]     * Processors for Template Mode: JAVASCRIPT
[THYMELEAF]         * Element Tag Processors by [matching element and attribute name] [precedence]:
[THYMELEAF]             * [* {th:insert}] [100]: org.thymeleaf.standard.processor.StandardInsertTagProcessor
[THYMELEAF]             * [* {th:replace}] [100]: org.thymeleaf.standard.processor.StandardReplaceTagProcessor
[THYMELEAF]             * [* {th:each}] [200]: com.intuit.karate.template.KarateEachTagProcessor
[THYMELEAF]             * [* {th:switch}] [250]: org.thymeleaf.standard.processor.StandardSwitchTagProcessor
[THYMELEAF]             * [* {th:case}] [275]: org.thymeleaf.standard.processor.StandardCaseTagProcessor
[THYMELEAF]             * [* {th:if}] [300]: org.thymeleaf.standard.processor.StandardIfTagProcessor
[THYMELEAF]             * [* {th:unless}] [400]: org.thymeleaf.standard.processor.StandardUnlessTagProcessor
[THYMELEAF]             * [* {th:object}] [500]: org.thymeleaf.standard.processor.StandardObjectTagProcessor
[THYMELEAF]             * [* {th:with}] [600]: com.intuit.karate.template.KarateWithTagProcessor
[THYMELEAF]             * [* {th:inline}] [1000]: org.thymeleaf.standard.processor.StandardInlineTextualTagProcessor
[THYMELEAF]             * [* {th:text}] [1300]: org.thymeleaf.standard.processor.StandardTextTagProcessor
[THYMELEAF]             * [* {th:utext}] [1400]: org.thymeleaf.standard.processor.StandardUtextTagProcessor
[THYMELEAF]             * [* {th:assert}] [1550]: org.thymeleaf.standard.processor.StandardAssertTagProcessor
[THYMELEAF]             * [* {th:remove}] [1600]: org.thymeleaf.standard.processor.StandardRemoveTagProcessor
[THYMELEAF]             * [* 100000] [org.thymeleaf.standard.processor.StandardBlockTagProcessor]: {}
[THYMELEAF]             * [{th:block} *] [100000]: org.thymeleaf.standard.processor.StandardBlockTagProcessor
[THYMELEAF]         * Text Processors by [precedence]:
[THYMELEAF]             * [1000]: org.thymeleaf.standard.processor.StandardInliningTextProcessor
[THYMELEAF]     * Processors for Template Mode: CSS
[THYMELEAF]         * Element Tag Processors by [matching element and attribute name] [precedence]:
[THYMELEAF]             * [* {th:insert}] [100]: org.thymeleaf.standard.processor.StandardInsertTagProcessor
[THYMELEAF]             * [* {th:replace}] [100]: org.thymeleaf.standard.processor.StandardReplaceTagProcessor
[THYMELEAF]             * [* {th:each}] [200]: com.intuit.karate.template.KarateEachTagProcessor
[THYMELEAF]             * [* {th:switch}] [250]: org.thymeleaf.standard.processor.StandardSwitchTagProcessor
[THYMELEAF]             * [* {th:case}] [275]: org.thymeleaf.standard.processor.StandardCaseTagProcessor
[THYMELEAF]             * [* {th:if}] [300]: org.thymeleaf.standard.processor.StandardIfTagProcessor
[THYMELEAF]             * [* {th:unless}] [400]: org.thymeleaf.standard.processor.StandardUnlessTagProcessor
[THYMELEAF]             * [* {th:object}] [500]: org.thymeleaf.standard.processor.StandardObjectTagProcessor
[THYMELEAF]             * [* {th:with}] [600]: com.intuit.karate.template.KarateWithTagProcessor
[THYMELEAF]             * [* {th:inline}] [1000]: org.thymeleaf.standard.processor.StandardInlineTextualTagProcessor
[THYMELEAF]             * [* {th:text}] [1300]: org.thymeleaf.standard.processor.StandardTextTagProcessor
[THYMELEAF]             * [* {th:utext}] [1400]: org.thymeleaf.standard.processor.StandardUtextTagProcessor
[THYMELEAF]             * [* {th:assert}] [1550]: org.thymeleaf.standard.processor.StandardAssertTagProcessor
[THYMELEAF]             * [* {th:remove}] [1600]: org.thymeleaf.standard.processor.StandardRemoveTagProcessor
[THYMELEAF]             * [{th:block} *] [100000]: org.thymeleaf.standard.processor.StandardBlockTagProcessor
[THYMELEAF]             * [* 100000] [org.thymeleaf.standard.processor.StandardBlockTagProcessor]: {}
[THYMELEAF]         * Text Processors by [precedence]:
[THYMELEAF]             * [1000]: org.thymeleaf.standard.processor.StandardInliningTextProcessor
[THYMELEAF]     * Expression Objects:
[THYMELEAF]         * #ctx
[THYMELEAF]         * #root
[THYMELEAF]         * #vars
[THYMELEAF]         * #object
[THYMELEAF]         * #locale
[THYMELEAF]         * #conversions
[THYMELEAF]         * #uris
[THYMELEAF]         * #temporals
[THYMELEAF]         * #calendars
[THYMELEAF]         * #dates
[THYMELEAF]         * #bools
[THYMELEAF]         * #numbers
[THYMELEAF]         * #objects
[THYMELEAF]         * #strings
[THYMELEAF]         * #arrays
[THYMELEAF]         * #lists
[THYMELEAF]         * #sets
[THYMELEAF]         * #maps
[THYMELEAF]         * #aggregates
[THYMELEAF]         * #messages
[THYMELEAF]         * #ids
[THYMELEAF]         * #execInfo
[THYMELEAF]         * #request
[THYMELEAF]         * #response
[THYMELEAF]         * #session
[THYMELEAF]         * #servletContext
[THYMELEAF]     * Execution Attributes:
[THYMELEAF]         * "StandardExpressionParser": com.intuit.karate.template.KarateStandardDialect@58cda03f
[THYMELEAF]         * "StandardJavaScriptSerializer": org.thymeleaf.standard.serializer.StandardJavaScriptSerializer@3c346c45
[THYMELEAF]         * "StandardCSSSerializer": org.thymeleaf.standard.serializer.StandardCSSSerializer@16df9bde
[THYMELEAF]         * "StandardVariableExpressionEvaluator": com.intuit.karate.template.KarateStandardDialect@58cda03f
[THYMELEAF]         * "StandardConversionService": org.thymeleaf.standard.expression.StandardConversionService@478530cb
[THYMELEAF] * Dialect [2 of 2]: karate (com.intuit.karate.template.KarateScriptDialect)
[THYMELEAF]     * Prefix: "ka"
[THYMELEAF]     * Processors for Template Mode: HTML
[THYMELEAF]         * Element Tag Processors by [matching element and attribute name] [precedence]:
[THYMELEAF]             * [* {src}] [1000]: com.intuit.karate.template.KaScriptAttrProcessor
[THYMELEAF]         * Element Model Processors by [matching element and attribute name] [precedence]:
[THYMELEAF]             * [{script} {ka:scope,data-ka-scope}] [1000]: com.intuit.karate.template.KaScriptElemProcessor
[THYMELEAF]             * [* {ka:set,data-ka-set}] [1000]: com.intuit.karate.template.KaSetElemProcessor
[THYMELEAF] TEMPLATE ENGINE CONFIGURED OK
18:20:41.662 [main] DEBUG org.thymeleaf.TemplateEngine -- [THYMELEAF] TEMPLATE ENGINE INITIALIZED
---------------------------------------------------------
feature: classpath:features/follows/follows-excel.feature
scenarios:  1 | passed:  1 | failed:  0 | time: 3.6355
---------------------------------------------------------

Karate version: 1.4.1
======================================================
elapsed:   5.58 | threads:    1 | thread time: 3.64 
features:     1 | skipped:    0 | efficiency: 0.65
scenarios:    1 | passed:     1 | failed: 0
======================================================
18:20:42.454 [main] DEBUG org.thymeleaf.TemplateEngine -- [THYMELEAF] INITIALIZING TEMPLATE ENGINE
18:20:42.472 [main] DEBUG org.thymeleaf.TemplateEngine.CONFIG -- Initializing Thymeleaf Template engine configuration...
[THYMELEAF] TEMPLATE ENGINE CONFIGURATION:
[THYMELEAF] * Thymeleaf version: 3.1.2.RELEASE (built 2023-07-30T19:25:50+0000)
[THYMELEAF] * Cache Manager implementation: org.thymeleaf.cache.StandardCacheManager
[THYMELEAF] * Template resolvers:
[THYMELEAF]     * [1] com.intuit.karate.template.ResourceHtmlTemplateResolver
[THYMELEAF] * Message resolvers:
[THYMELEAF]     * org.thymeleaf.messageresolver.StandardMessageResolver
[THYMELEAF] * Link builders:
[THYMELEAF]     * org.thymeleaf.linkbuilder.StandardLinkBuilder
[THYMELEAF] * Dialect [1 of 2]: Standard (com.intuit.karate.template.KarateStandardDialect)
[THYMELEAF]     * Prefix: "th"
[THYMELEAF]     * Processors for Template Mode: HTML
[THYMELEAF]         * Element Tag Processors by [matching element and attribute name] [precedence]:
[THYMELEAF]             * [* {th:include,data-th-include}] [100]: org.thymeleaf.standard.processor.StandardIncludeTagProcessor
[THYMELEAF]             * [* {th:insert,data-th-insert}] [100]: org.thymeleaf.standard.processor.StandardInsertTagProcessor
[THYMELEAF]             * [* {th:replace,data-th-replace}] [100]: org.thymeleaf.standard.processor.StandardReplaceTagProcessor
[THYMELEAF]             * [* {th:each,data-th-each}] [200]: com.intuit.karate.template.KarateEachTagProcessor
[THYMELEAF]             * [* {th:switch,data-th-switch}] [250]: org.thymeleaf.standard.processor.StandardSwitchTagProcessor
[THYMELEAF]             * [* {th:case,data-th-case}] [275]: org.thymeleaf.standard.processor.StandardCaseTagProcessor
[THYMELEAF]             * [* {th:if,data-th-if}] [300]: org.thymeleaf.standard.processor.StandardIfTagProcessor
[THYMELEAF]             * [* {th:unless,data-th-unless}] [400]: org.thymeleaf.standard.processor.StandardUnlessTagProcessor
[THYMELEAF]             * [* {th:object,data-th-object}] [500]: org.thymeleaf.standard.processor.StandardObjectTagProcessor
[THYMELEAF]             * [* {th:with,data-th-with}] [600]: com.intuit.karate.template.KarateWithTagProcessor
[THYMELEAF]             * [* {th:attr,data-th-attr}] [700]: com.intuit.karate.template.KarateAttributeTagProcessor.KarateAttrTagProcessor
[THYMELEAF]             * [* {th:attrappend,data-th-attrappend}] [900]: com.intuit.karate.template.KarateAttributeTagProcessor.KarateAttrappendTagProcessor
[THYMELEAF]             * [* {th:attrprepend,data-th-attrprepend}] [900]: com.intuit.karate.template.KarateAttributeTagProcessor.KarateAttrprependTagProcessor
[THYMELEAF]             * [* {th:alt-title,data-th-alt-title}] [990]: org.thymeleaf.standard.processor.StandardAltTitleTagProcessor
[THYMELEAF]             * [* {th:lang-xmllang,data-th-lang-xmllang}] [990]: org.thymeleaf.standard.processor.StandardLangXmlLangTagProcessor
[THYMELEAF]             * [* {th:action,data-th-action}] [1000]: org.thymeleaf.standard.processor.StandardActionTagProcessor
[THYMELEAF]             * [* {th:default,data-th-default}] [1000]: org.thymeleaf.standard.processor.StandardConditionalFixedValueTagProcessor
[THYMELEAF]             * [* {th:nowrap,data-th-nowrap}] [1000]: org.thymeleaf.standard.processor.StandardConditionalFixedValueTagProcessor
[THYMELEAF]             * [* {th:controls,data-th-controls}] [1000]: org.thymeleaf.standard.processor.StandardConditionalFixedValueTagProcessor
[THYMELEAF]             * [* {th:selected,data-th-selected}] [1000]: org.thymeleaf.standard.processor.StandardConditionalFixedValueTagProcessor
[THYMELEAF]             * [* {th:checked,data-th-checked}] [1000]: org.thymeleaf.standard.processor.StandardConditionalFixedValueTagProcessor
[THYMELEAF]             * [* {th:autoplay,data-th-autoplay}] [1000]: org.thymeleaf.standard.processor.StandardConditionalFixedValueTagProcessor
[THYMELEAF]             * [* {th:loop,data-th-loop}] [1000]: org.thymeleaf.standard.processor.StandardConditionalFixedValueTagProcessor
[THYMELEAF]             * [* {th:readonly,data-th-readonly}] [1000]: org.thymeleaf.standard.processor.StandardConditionalFixedValueTagProcessor
[THYMELEAF]             * [* {th:required,data-th-required}] [1000]: org.thymeleaf.standard.processor.StandardConditionalFixedValueTagProcessor
[THYMELEAF]             * [* {th:async,data-th-async}] [1000]: org.thymeleaf.standard.processor.StandardConditionalFixedValueTagProcessor
[THYMELEAF]             * [* {th:open,data-th-open}] [1000]: org.thymeleaf.standard.processor.StandardConditionalFixedValueTagProcessor
[THYMELEAF]             * [* {th:novalidate,data-th-novalidate}] [1000]: org.thymeleaf.standard.processor.StandardConditionalFixedValueTagProcessor
[THYMELEAF]             * [* {th:hidden,data-th-hidden}] [1000]: org.thymeleaf.standard.processor.StandardConditionalFixedValueTagProcessor
[THYMELEAF]             * [* {th:formnovalidate,data-th-formnovalidate}] [1000]: org.thymeleaf.standard.processor.StandardConditionalFixedValueTagProcessor
[THYMELEAF]             * [* {th:defer,data-th-defer}] [1000]: org.thymeleaf.standard.processor.StandardConditionalFixedValueTagProcessor
[THYMELEAF]             * [* {th:seamless,data-th-seamless}] [1000]: org.thymeleaf.standard.processor.StandardConditionalFixedValueTagProcessor
[THYMELEAF]             * [* {th:autofocus,data-th-autofocus}] [1000]: org.thymeleaf.standard.processor.StandardConditionalFixedValueTagProcessor
[THYMELEAF]             * [* {th:multiple,data-th-multiple}] [1000]: org.thymeleaf.standard.processor.StandardConditionalFixedValueTagProcessor
[THYMELEAF]             * [* {th:scoped,data-th-scoped}] [1000]: org.thymeleaf.standard.processor.StandardConditionalFixedValueTagProcessor
[THYMELEAF]             * [* {th:disabled,data-th-disabled}] [1000]: org.thymeleaf.standard.processor.StandardConditionalFixedValueTagProcessor
[THYMELEAF]             * [* {th:declare,data-th-declare}] [1000]: org.thymeleaf.standard.processor.StandardConditionalFixedValueTagProcessor
[THYMELEAF]             * [* {th:ismap,data-th-ismap}] [1000]: org.thymeleaf.standard.processor.StandardConditionalFixedValueTagProcessor
[THYMELEAF]             * [* {th:pubdate,data-th-pubdate}] [1000]: org.thymeleaf.standard.processor.StandardConditionalFixedValueTagProcessor
[THYMELEAF]             * [* {th:reversed,data-th-reversed}] [1000]: org.thymeleaf.standard.processor.StandardConditionalFixedValueTagProcessor
[THYMELEAF]             * [* {th:onresize,data-th-onresize}] [1000]: org.thymeleaf.standard.processor.StandardDOMEventAttributeTagProcessor
[THYMELEAF]             * [* {th:onclick,data-th-onclick}] [1000]: org.thymeleaf.standard.processor.StandardDOMEventAttributeTagProcessor
[THYMELEAF]             * [* {th:onhashchange,data-th-onhashchange}] [1000]: org.thymeleaf.standard.processor.StandardDOMEventAttributeTagProcessor
[THYMELEAF]             * [* {th:oncanplay,data-th-oncanplay}] [1000]: org.thymeleaf.standard.processor.StandardDOMEventAttributeTagProcessor
[THYMELEAF]             * [* {th:ondragstart,data-th-ondragstart}] [1000]: org.thymeleaf.standard.processor.StandardDOMEventAttributeTagProcessor
[THYMELEAF]             * [* {th:ondurationchange,data-th-ondurationchange}] [1000]: org.thymeleaf.standard.processor.StandardDOMEventAttributeTagProcessor
[THYMELEAF]             * [* {th:onundo,data-th-onundo}] [1000]: org.thymeleaf.standard.processor.StandardDOMEventAttributeTagProcessor
[THYMELEAF]             * [* {th:onunload,data-th-onunload}] [1000]: org.thymeleaf.standard.processor.StandardDOMEventAttributeTagProcessor
[THYMELEAF]             * [* {th:ononline,data-th-ononline}] [1000]: org.thymeleaf.standard.processor.StandardDOMEventAttributeTagProcessor
[THYMELEAF]             * [* {th:onoffline,data-th-onoffline}] [1000]: org.thymeleaf.standard.processor.StandardDOMEventAttributeTagProcessor
[THYMELEAF]             * [* {th:onreadystatechange,data-th-onreadystatechange}] [1000]: org.thymeleaf.standard.processor.StandardDOMEventAttributeTagProcessor
[THYMELEAF]             * [* {th:onmessage,data-th-onmessage}] [1000]: org.thymeleaf.standard.processor.StandardDOMEventAttributeTagProcessor
[THYMELEAF]             * [* {th:onshow,data-th-onshow}] [1000]: org.thymeleaf.standard.processor.StandardDOMEventAttributeTagProcessor
[THYMELEAF]             * [* {th:oninvalid,data-th-oninvalid}] [1000]: org.thymeleaf.standard.processor.StandardDOMEventAttributeTagProcessor
[THYMELEAF]             * [* {th:onblur,data-th-onblur}] [1000]: org.thymeleaf.standard.processor.StandardDOMEventAttributeTagProcessor
[THYMELEAF]             * [* {th:onratechange,data-th-onratechange}] [1000]: org.thymeleaf.standard.processor.StandardDOMEventAttributeTagProcessor
[THYMELEAF]             * [* {th:onmousedown,data-th-onmousedown}] [1000]: org.thymeleaf.standard.processor.StandardDOMEventAttributeTagProcessor
[THYMELEAF]             * [* {th:onpopstate,data-th-onpopstate}] [1000]: org.thymeleaf.standard.processor.StandardDOMEventAttributeTagProcessor
[THYMELEAF]             * [* {th:onafterprint,data-th-onafterprint}] [1000]: org.thymeleaf.standard.processor.StandardDOMEventAttributeTagProcessor
[THYMELEAF]             * [* {th:onpause,data-th-onpause}] [1000]: org.thymeleaf.standard.processor.StandardDOMEventAttributeTagProcessor
[THYMELEAF]             * [* {th:onabort,data-th-onabort}] [1000]: org.thymeleaf.standard.processor.StandardDOMEventAttributeTagProcessor
[THYMELEAF]             * [* {th:onwaiting,data-th-onwaiting}] [1000]: org.thymeleaf.standard.processor.StandardDOMEventAttributeTagProcessor
[THYMELEAF]             * [* {th:onmouseup,data-th-onmouseup}] [1000]: org.thymeleaf.standard.processor.StandardDOMEventAttributeTagProcessor
[THYMELEAF]             * [* {th:ondragleave,data-th-ondragleave}] [1000]: org.thymeleaf.standard.processor.StandardDOMEventAttributeTagProcessor
[THYMELEAF]             * [* {th:onreset,data-th-onreset}] [1000]: org.thymeleaf.standard.processor.StandardDOMEventAttributeTagProcessor
[THYMELEAF]             * [* {th:onended,data-th-onended}] [1000]: org.thymeleaf.standard.processor.StandardDOMEventAttributeTagProcessor
[THYMELEAF]             * [* {th:ondragover,data-th-ondragover}] [1000]: org.thymeleaf.standard.processor.StandardDOMEventAttributeTagProcessor
[THYMELEAF]             * [* {th:onmouseover,data-th-onmouseover}] [1000]: org.thymeleaf.standard.processor.StandardDOMEventAttributeTagProcessor
[THYMELEAF]             * [* {th:onstalled,data-th-onstalled}] [1000]: org.thymeleaf.standard.processor.StandardDOMEventAttributeTagProcessor
[THYMELEAF]             * [* {th:ondragenter,data-th-ondragenter}] [1000]: org.thymeleaf.standard.processor.StandardDOMEventAttributeTagProcessor
[THYMELEAF]             * [* {th:onmouseout,data-th-onmouseout}] [1000]: org.thymeleaf.standard.processor.StandardDOMEventAttributeTagProcessor
[THYMELEAF]             * [* {th:onfocus,data-th-onfocus}] [1000]: org.thymeleaf.standard.processor.StandardDOMEventAttributeTagProcessor
[THYMELEAF]             * [* {th:ondragend,data-th-ondragend}] [1000]: org.thymeleaf.standard.processor.StandardDOMEventAttributeTagProcessor
[THYMELEAF]             * [* {th:onkeyup,data-th-onkeyup}] [1000]: org.thymeleaf.standard.processor.StandardDOMEventAttributeTagProcessor
[THYMELEAF]             * [* {th:oninput,data-th-oninput}] [1000]: org.thymeleaf.standard.processor.StandardDOMEventAttributeTagProcessor
[THYMELEAF]             * [* {th:onmousewheel,data-th-onmousewheel}] [1000]: org.thymeleaf.standard.processor.StandardDOMEventAttributeTagProcessor
[THYMELEAF]             * [* {th:onseeking,data-th-onseeking}] [1000]: org.thymeleaf.standard.processor.StandardDOMEventAttributeTagProcessor
[THYMELEAF]             * [* {th:onloadstart,data-th-onloadstart}] [1000]: org.thymeleaf.standard.processor.StandardDOMEventAttributeTagProcessor
[THYMELEAF]             * [* {th:oncontextmenu,data-th-oncontextmenu}] [1000]: org.thymeleaf.standard.processor.StandardDOMEventAttributeTagProcessor
[THYMELEAF]             * [* {th:onchange,data-th-onchange}] [1000]: org.thymeleaf.standard.processor.StandardDOMEventAttributeTagProcessor
[THYMELEAF]             * [* {th:onseeked,data-th-onseeked}] [1000]: org.thymeleaf.standard.processor.StandardDOMEventAttributeTagProcessor
[THYMELEAF]             * [* {th:onkeypress,data-th-onkeypress}] [1000]: org.thymeleaf.standard.processor.StandardDOMEventAttributeTagProcessor
[THYMELEAF]             * [* {th:ondrag,data-th-ondrag}] [1000]: org.thymeleaf.standard.processor.StandardDOMEventAttributeTagProcessor
[THYMELEAF]             * [* {th:onprogress,data-th-onprogress}] [1000]: org.thymeleaf.standard.processor.StandardDOMEventAttributeTagProcessor
[THYMELEAF]             * [* {th:onkeydown,data-th-onkeydown}] [1000]: org.thymeleaf.standard.processor.StandardDOMEventAttributeTagProcessor
[THYMELEAF]             * [* {th:onsuspend,data-th-onsuspend}] [1000]: org.thymeleaf.standard.processor.StandardDOMEventAttributeTagProcessor
[THYMELEAF]             * [* {th:onstorage,data-th-onstorage}] [1000]: org.thymeleaf.standard.processor.StandardDOMEventAttributeTagProcessor
[THYMELEAF]             * [* {th:onbeforeunload,data-th-onbeforeunload}] [1000]: org.thymeleaf.standard.processor.StandardDOMEventAttributeTagProcessor
[THYMELEAF]             * [* {th:ondblclick,data-th-ondblclick}] [1000]: org.thymeleaf.standard.processor.StandardDOMEventAttributeTagProcessor
[THYMELEAF]             * [* {th:onerror,data-th-onerror}] [1000]: org.thymeleaf.standard.processor.StandardDOMEventAttributeTagProcessor
[THYMELEAF]             * [* {th:onmousemove,data-th-onmousemove}] [1000]: org.thymeleaf.standard.processor.StandardDOMEventAttributeTagProcessor
[THYMELEAF]             * [* {th:onforminput,data-th-onforminput}] [1000]: org.thymeleaf.standard.processor.StandardDOMEventAttributeTagProcessor
[THYMELEAF]             * [* {th:ontimeupdate,data-th-ontimeupdate}] [1000]: org.thymeleaf.standard.processor.StandardDOMEventAttributeTagProcessor
[THYMELEAF]             * [* {th:onplaying,data-th-onplaying}] [1000]: org.thymeleaf.standard.processor.StandardDOMEventAttributeTagProcessor
[THYMELEAF]             * [* {th:oncanplaythrough,data-th-oncanplaythrough}] [1000]: org.thymeleaf.standard.processor.StandardDOMEventAttributeTagProcessor
[THYMELEAF]             * [* {th:onloadeddata,data-th-onloadeddata}] [1000]: org.thymeleaf.standard.processor.StandardDOMEventAttributeTagProcessor
[THYMELEAF]             * [* {th:onbeforeprint,data-th-onbeforeprint}] [1000]: org.thymeleaf.standard.processor.StandardDOMEventAttributeTagProcessor
[THYMELEAF]             * [* {th:onemptied,data-th-onemptied}] [1000]: org.thymeleaf.standard.processor.StandardDOMEventAttributeTagProcessor
[THYMELEAF]             * [* {th:onscroll,data-th-onscroll}] [1000]: org.thymeleaf.standard.processor.StandardDOMEventAttributeTagProcessor
[THYMELEAF]             * [* {th:onselect,data-th-onselect}] [1000]: org.thymeleaf.standard.processor.StandardDOMEventAttributeTagProcessor
[THYMELEAF]             * [* {th:onsubmit,data-th-onsubmit}] [1000]: org.thymeleaf.standard.processor.StandardDOMEventAttributeTagProcessor
[THYMELEAF]             * [* {th:onformchange,data-th-onformchange}] [1000]: org.thymeleaf.standard.processor.StandardDOMEventAttributeTagProcessor
[THYMELEAF]             * [* {th:ondrop,data-th-ondrop}] [1000]: org.thymeleaf.standard.processor.StandardDOMEventAttributeTagProcessor
[THYMELEAF]             * [* {th:onplay,data-th-onplay}] [1000]: org.thymeleaf.standard.processor.StandardDOMEventAttributeTagProcessor
[THYMELEAF]             * [* {th:onload,data-th-onload}] [1000]: org.thymeleaf.standard.processor.StandardDOMEventAttributeTagProcessor
[THYMELEAF]             * [* {th:onvolumechange,data-th-onvolumechange}] [1000]: org.thymeleaf.standard.processor.StandardDOMEventAttributeTagProcessor
[THYMELEAF]             * [* {th:onredo,data-th-onredo}] [1000]: org.thymeleaf.standard.processor.StandardDOMEventAttributeTagProcessor
[THYMELEAF]             * [* {th:onloadedmetadata,data-th-onloadedmetadata}] [1000]: org.thymeleaf.standard.processor.StandardDOMEventAttributeTagProcessor
[THYMELEAF]             * [* {th:href,data-th-href}] [1000]: org.thymeleaf.standard.processor.StandardHrefTagProcessor
[THYMELEAF]             * [* {th:inline,data-th-inline}] [1000]: org.thymeleaf.standard.processor.StandardInlineHTMLTagProcessor
[THYMELEAF]             * [* {th:method,data-th-method}] [1000]: org.thymeleaf.standard.processor.StandardMethodTagProcessor
[THYMELEAF]             * [* {th:name,data-th-name}] [1000]: org.thymeleaf.standard.processor.StandardNonRemovableAttributeTagProcessor
[THYMELEAF]             * [* {th:type,data-th-type}] [1000]: org.thymeleaf.standard.processor.StandardNonRemovableAttributeTagProcessor
[THYMELEAF]             * [* {th:hspace,data-th-hspace}] [1000]: org.thymeleaf.standard.processor.StandardRemovableAttributeTagProcessor
[THYMELEAF]             * [* {th:align,data-th-align}] [1000]: org.thymeleaf.standard.processor.StandardRemovableAttributeTagProcessor
[THYMELEAF]             * [* {th:alt,data-th-alt}] [1000]: org.thymeleaf.standard.processor.StandardRemovableAttributeTagProcessor
[THYMELEAF]             * [* {th:axis,data-th-axis}] [1000]: org.thymeleaf.standard.processor.StandardRemovableAttributeTagProcessor
[THYMELEAF]             * [* {th:class,data-th-class}] [1000]: org.thymeleaf.standard.processor.StandardRemovableAttributeTagProcessor
[THYMELEAF]             * [* {th:archive,data-th-archive}] [1000]: org.thymeleaf.standard.processor.StandardRemovableAttributeTagProcessor
[THYMELEAF]             * [* {th:lang,data-th-lang}] [1000]: org.thymeleaf.standard.processor.StandardRemovableAttributeTagProcessor
[THYMELEAF]             * [* {th:draggable,data-th-draggable}] [1000]: org.thymeleaf.standard.processor.StandardRemovableAttributeTagProcessor
[THYMELEAF]             * [* {th:id,data-th-id}] [1000]: org.thymeleaf.standard.processor.StandardRemovableAttributeTagProcessor
[THYMELEAF]             * [* {th:enctype,data-th-enctype}] [1000]: org.thymeleaf.standard.processor.StandardRemovableAttributeTagProcessor
[THYMELEAF]             * [* {th:for,data-th-for}] [1000]: org.thymeleaf.standard.processor.StandardRemovableAttributeTagProcessor
[THYMELEAF]             * [* {th:poster,data-th-poster}] [1000]: org.thymeleaf.standard.processor.StandardRemovableAttributeTagProcessor
[THYMELEAF]             * [* {th:kind,data-th-kind}] [1000]: org.thymeleaf.standard.processor.StandardRemovableAttributeTagProcessor
[THYMELEAF]             * [* {th:contenteditable,data-th-contenteditable}] [1000]: org.thymeleaf.standard.processor.StandardRemovableAttributeTagProcessor
[THYMELEAF]             * [* {th:data,data-th-data}] [1000]: org.thymeleaf.standard.processor.StandardRemovableAttributeTagProcessor
[THYMELEAF]             * [* {th:media,data-th-media}] [1000]: org.thymeleaf.standard.processor.StandardRemovableAttributeTagProcessor
[THYMELEAF]             * [* {th:start,data-th-start}] [1000]: org.thymeleaf.standard.processor.StandardRemovableAttributeTagProcessor
[THYMELEAF]             * [* {th:low,data-th-low}] [1000]: org.thymeleaf.standard.processor.StandardRemovableAttributeTagProcessor
[THYMELEAF]             * [* {th:min,data-th-min}] [1000]: org.thymeleaf.standard.processor.StandardRemovableAttributeTagProcessor
[THYMELEAF]             * [* {th:formtarget,data-th-formtarget}] [1000]: org.thymeleaf.standard.processor.StandardRemovableAttributeTagProcessor
[THYMELEAF]             * [* {th:border,data-th-border}] [1000]: org.thymeleaf.standard.processor.StandardRemovableAttributeTagProcessor
[THYMELEAF]             * [* {th:longdesc,data-th-longdesc}] [1000]: org.thymeleaf.standard.processor.StandardRemovableAttributeTagProcessor
[THYMELEAF]             * [* {th:tabindex,data-th-tabindex}] [1000]: org.thymeleaf.standard.processor.StandardRemovableAttributeTagProcessor
[THYMELEAF]             * [* {th:style,data-th-style}] [1000]: org.thymeleaf.standard.processor.StandardRemovableAttributeTagProcessor
[THYMELEAF]             * [* {th:autocomplete,data-th-autocomplete}] [1000]: org.thymeleaf.standard.processor.StandardRemovableAttributeTagProcessor
[THYMELEAF]             * [* {th:span,data-th-span}] [1000]: org.thymeleaf.standard.processor.StandardRemovableAttributeTagProcessor
[THYMELEAF]             * [* {th:label,data-th-label}] [1000]: org.thymeleaf.standard.processor.StandardRemovableAttributeTagProcessor
[THYMELEAF]             * [* {th:rev,data-th-rev}] [1000]: org.thymeleaf.standard.processor.StandardRemovableAttributeTagProcessor
[THYMELEAF]             * [* {th:colspan,data-th-colspan}] [1000]: org.thymeleaf.standard.processor.StandardRemovableAttributeTagProcessor
[THYMELEAF]             * [* {th:maxlength,data-th-maxlength}] [1000]: org.thymeleaf.standard.processor.StandardRemovableAttributeTagProcessor
[THYMELEAF]             * [* {th:size,data-th-size}] [1000]: org.thymeleaf.standard.processor.StandardRemovableAttributeTagProcessor
[THYMELEAF]             * [* {th:target,data-th-target}] [1000]: org.thymeleaf.standard.processor.StandardRemovableAttributeTagProcessor
[THYMELEAF]             * [* {th:sandbox,data-th-sandbox}] [1000]: org.thymeleaf.standard.processor.StandardRemovableAttributeTagProcessor
[THYMELEAF]             * [* {th:rowspan,data-th-rowspan}] [1000]: org.thymeleaf.standard.processor.StandardRemovableAttributeTagProcessor
[THYMELEAF]             * [* {th:vspace,data-th-vspace}] [1000]: org.thymeleaf.standard.processor.StandardRemovableAttributeTagProcessor
[THYMELEAF]             * [* {th:headers,data-th-headers}] [1000]: org.thymeleaf.standard.processor.StandardRemovableAttributeTagProcessor
[THYMELEAF]             * [* {th:step,data-th-step}] [1000]: org.thymeleaf.standard.processor.StandardRemovableAttributeTagProcessor
[THYMELEAF]             * [* {th:formaction,data-th-formaction}] [1000]: org.thymeleaf.standard.processor.StandardRemovableAttributeTagProcessor
[THYMELEAF]             * [* {th:spellcheck,data-th-spellcheck}] [1000]: org.thymeleaf.standard.processor.StandardRemovableAttributeTagProcessor
[THYMELEAF]             * [* {th:list,data-th-list}] [1000]: org.thymeleaf.standard.processor.StandardRemovableAttributeTagProcessor
[THYMELEAF]             * [* {th:scheme,data-th-scheme}] [1000]: org.thymeleaf.standard.processor.StandardRemovableAttributeTagProcessor
[THYMELEAF]             * [* {th:audio,data-th-audio}] [1000]: org.thymeleaf.standard.processor.StandardRemovableAttributeTagProcessor
[THYMELEAF]             * [* {th:charset,data-th-charset}] [1000]: org.thymeleaf.standard.processor.StandardRemovableAttributeTagProcessor
[THYMELEAF]             * [* {th:formmethod,data-th-formmethod}] [1000]: org.thymeleaf.standard.processor.StandardRemovableAttributeTagProcessor
[THYMELEAF]             * [* {th:srclang,data-th-srclang}] [1000]: org.thymeleaf.standard.processor.StandardRemovableAttributeTagProcessor
[THYMELEAF]             * [* {th:accesskey,data-th-accesskey}] [1000]: org.thymeleaf.standard.processor.StandardRemovableAttributeTagProcessor
[THYMELEAF]             * [* {th:accept,data-th-accept}] [1000]: org.thymeleaf.standard.processor.StandardRemovableAttributeTagProcessor
[THYMELEAF]             * [* {th:high,data-th-high}] [1000]: org.thymeleaf.standard.processor.StandardRemovableAttributeTagProcessor
[THYMELEAF]             * [* {th:abbr,data-th-abbr}] [1000]: org.thymeleaf.standard.processor.StandardRemovableAttributeTagProcessor
[THYMELEAF]             * [* {th:title,data-th-title}] [1000]: org.thymeleaf.standard.processor.StandardRemovableAttributeTagProcessor
[THYMELEAF]             * [* {th:marginheight,data-th-marginheight}] [1000]: org.thymeleaf.standard.processor.StandardRemovableAttributeTagProcessor
[THYMELEAF]             * [* {th:formenctype,data-th-formenctype}] [1000]: org.thymeleaf.standard.processor.StandardRemovableAttributeTagProcessor
[THYMELEAF]             * [* {th:dropzone,data-th-dropzone}] [1000]: org.thymeleaf.standard.processor.StandardRemovableAttributeTagProcessor
[THYMELEAF]             * [* {th:http-equiv,data-th-http-equiv}] [1000]: org.thymeleaf.standard.processor.StandardRemovableAttributeTagProcessor
[THYMELEAF]             * [* {th:sizes,data-th-sizes}] [1000]: org.thymeleaf.standard.processor.StandardRemovableAttributeTagProcessor
[THYMELEAF]             * [* {th:cellspacing,data-th-cellspacing}] [1000]: org.thymeleaf.standard.processor.StandardRemovableAttributeTagProcessor
[THYMELEAF]             * [* {th:datetime,data-th-datetime}] [1000]: org.thymeleaf.standard.processor.StandardRemovableAttributeTagProcessor
[THYMELEAF]             * [* {th:placeholder,data-th-placeholder}] [1000]: org.thymeleaf.standard.processor.StandardRemovableAttributeTagProcessor
[THYMELEAF]             * [* {th:cellpadding,data-th-cellpadding}] [1000]: org.thymeleaf.standard.processor.StandardRemovableAttributeTagProcessor
[THYMELEAF]             * [* {th:accept-charset,data-th-accept-charset}] [1000]: org.thymeleaf.standard.processor.StandardRemovableAttributeTagProcessor
[THYMELEAF]             * [* {th:codetype,data-th-codetype}] [1000]: org.thymeleaf.standard.processor.StandardRemovableAttributeTagProcessor
[THYMELEAF]             * [* {th:max,data-th-max}] [1000]: org.thymeleaf.standard.processor.StandardRemovableAttributeTagProcessor
[THYMELEAF]             * [* {th:hreflang,data-th-hreflang}] [1000]: org.thymeleaf.standard.processor.StandardRemovableAttributeTagProcessor
[THYMELEAF]             * [* {th:preload,data-th-preload}] [1000]: org.thymeleaf.standard.processor.StandardRemovableAttributeTagProcessor
[THYMELEAF]             * [* {th:codebase,data-th-codebase}] [1000]: org.thymeleaf.standard.processor.StandardRemovableAttributeTagProcessor
[THYMELEAF]             * [* {th:contextmenu,data-th-contextmenu}] [1000]: org.thymeleaf.standard.processor.StandardRemovableAttributeTagProcessor
[THYMELEAF]             * [* {th:rows,data-th-rows}] [1000]: org.thymeleaf.standard.processor.StandardRemovableAttributeTagProcessor
[THYMELEAF]             * [* {th:scope,data-th-scope}] [1000]: org.thymeleaf.standard.processor.StandardRemovableAttributeTagProcessor
[THYMELEAF]             * [* {th:compact,data-th-compact}] [1000]: org.thymeleaf.standard.processor.StandardRemovableAttributeTagProcessor
[THYMELEAF]             * [* {th:radiogroup,data-th-radiogroup}] [1000]: org.thymeleaf.standard.processor.StandardRemovableAttributeTagProcessor
[THYMELEAF]             * [* {th:content,data-th-content}] [1000]: org.thymeleaf.standard.processor.StandardRemovableAttributeTagProcessor
[THYMELEAF]             * [* {th:challenge,data-th-challenge}] [1000]: org.thymeleaf.standard.processor.StandardRemovableAttributeTagProcessor
[THYMELEAF]             * [* {th:standby,data-th-standby}] [1000]: org.thymeleaf.standard.processor.StandardRemovableAttributeTagProcessor
[THYMELEAF]             * [* {th:rules,data-th-rules}] [1000]: org.thymeleaf.standard.processor.StandardRemovableAttributeTagProcessor
[THYMELEAF]             * [* {th:background,data-th-background}] [1000]: org.thymeleaf.standard.processor.StandardRemovableAttributeTagProcessor
[THYMELEAF]             * [* {th:width,data-th-width}] [1000]: org.thymeleaf.standard.processor.StandardRemovableAttributeTagProcessor
[THYMELEAF]             * [* {th:keytype,data-th-keytype}] [1000]: org.thymeleaf.standard.processor.StandardRemovableAttributeTagProcessor
[THYMELEAF]             * [* {th:frame,data-th-frame}] [1000]: org.thymeleaf.standard.processor.StandardRemovableAttributeTagProcessor
[THYMELEAF]             * [* {th:cite,data-th-cite}] [1000]: org.thymeleaf.standard.processor.StandardRemovableAttributeTagProcessor
[THYMELEAF]             * [* {th:usemap,data-th-usemap}] [1000]: org.thymeleaf.standard.processor.StandardRemovableAttributeTagProcessor
[THYMELEAF]             * [* {th:valuetype,data-th-valuetype}] [1000]: org.thymeleaf.standard.processor.StandardRemovableAttributeTagProcessor
[THYMELEAF]             * [* {th:classid,data-th-classid}] [1000]: org.thymeleaf.standard.processor.StandardRemovableAttributeTagProcessor
[THYMELEAF]             * [* {th:optimum,data-th-optimum}] [1000]: org.thymeleaf.standard.processor.StandardRemovableAttributeTagProcessor
[THYMELEAF]             * [* {th:wrap,data-th-wrap}] [1000]: org.thymeleaf.standard.processor.StandardRemovableAttributeTagProcessor
[THYMELEAF]             * [* {th:pattern,data-th-pattern}] [1000]: org.thymeleaf.standard.processor.StandardRemovableAttributeTagProcessor
[THYMELEAF]             * [* {th:cols,data-th-cols}] [1000]: org.thymeleaf.standard.processor.StandardRemovableAttributeTagProcessor
[THYMELEAF]             * [* {th:icon,data-th-icon}] [1000]: org.thymeleaf.standard.processor.StandardRemovableAttributeTagProcessor
[THYMELEAF]             * [* {th:dir,data-th-dir}] [1000]: org.thymeleaf.standard.processor.StandardRemovableAttributeTagProcessor
[THYMELEAF]             * [* {th:scrolling,data-th-scrolling}] [1000]: org.thymeleaf.standard.processor.StandardRemovableAttributeTagProcessor
[THYMELEAF]             * [* {th:manifest,data-th-manifest}] [1000]: org.thymeleaf.standard.processor.StandardRemovableAttributeTagProcessor
[THYMELEAF]             * [* {th:height,data-th-height}] [1000]: org.thymeleaf.standard.processor.StandardRemovableAttributeTagProcessor
[THYMELEAF]             * [* {th:frameborder,data-th-frameborder}] [1000]: org.thymeleaf.standard.processor.StandardRemovableAttributeTagProcessor
[THYMELEAF]             * [* {th:rel,data-th-rel}] [1000]: org.thymeleaf.standard.processor.StandardRemovableAttributeTagProcessor
[THYMELEAF]             * [* {th:form,data-th-form}] [1000]: org.thymeleaf.standard.processor.StandardRemovableAttributeTagProcessor
[THYMELEAF]             * [* {th:summary,data-th-summary}] [1000]: org.thymeleaf.standard.processor.StandardRemovableAttributeTagProcessor
[THYMELEAF]             * [* {th:marginwidth,data-th-marginwidth}] [1000]: org.thymeleaf.standard.processor.StandardRemovableAttributeTagProcessor
[THYMELEAF]             * [* {th:bgcolor,data-th-bgcolor}] [1000]: org.thymeleaf.standard.processor.StandardRemovableAttributeTagProcessor
[THYMELEAF]             * [* {th:src,data-th-src}] [1000]: org.thymeleaf.standard.processor.StandardSrcTagProcessor
[THYMELEAF]             * [* {th:value,data-th-value}] [1000]: org.thymeleaf.standard.processor.StandardValueTagProcessor
[THYMELEAF]             * [* {th:xmlbase,data-th-xmlbase}] [1000]: org.thymeleaf.standard.processor.StandardXmlBaseTagProcessor
[THYMELEAF]             * [* {th:xmllang,data-th-xmllang}] [1000]: org.thymeleaf.standard.processor.StandardXmlLangTagProcessor
[THYMELEAF]             * [* {xmlns:th}] [1000]: org.thymeleaf.standard.processor.StandardXmlNsTagProcessor
[THYMELEAF]             * [* {th:xmlspace,data-th-xmlspace}] [1000]: org.thymeleaf.standard.processor.StandardXmlSpaceTagProcessor
[THYMELEAF]             * [* {th:classappend,data-th-classappend}] [1100]: org.thymeleaf.standard.processor.StandardClassappendTagProcessor
[THYMELEAF]             * [* {th:styleappend,data-th-styleappend}] [1100]: org.thymeleaf.standard.processor.StandardStyleappendTagProcessor
[THYMELEAF]             * [* {th:text,data-th-text}] [1300]: org.thymeleaf.standard.processor.StandardTextTagProcessor
[THYMELEAF]             * [* {th:utext,data-th-utext}] [1400]: org.thymeleaf.standard.processor.StandardUtextTagProcessor
[THYMELEAF]             * [* {th:fragment,data-th-fragment}] [1500]: org.thymeleaf.standard.processor.StandardFragmentTagProcessor
[THYMELEAF]             * [* {th:assert,data-th-assert}] [1550]: org.thymeleaf.standard.processor.StandardAssertTagProcessor
[THYMELEAF]             * [* {th:remove,data-th-remove}] [1600]: org.thymeleaf.standard.processor.StandardRemoveTagProcessor
[THYMELEAF]             * [* {th:ref,data-th-ref}] [10000]: org.thymeleaf.standard.processor.StandardRefAttributeTagProcessor
[THYMELEAF]             * [{th:block,th-block} *] [100000]: org.thymeleaf.standard.processor.StandardBlockTagProcessor
[THYMELEAF]             * [* th:*] [2147483647]: org.thymeleaf.standard.processor.StandardDefaultAttributesTagProcessor
[THYMELEAF]         * Text Processors by [precedence]:
[THYMELEAF]             * [1000]: org.thymeleaf.standard.processor.StandardInliningTextProcessor
[THYMELEAF]         * DOCTYPE Processors by [precedence]:
[THYMELEAF]             * [1000]: org.thymeleaf.standard.processor.StandardTranslationDocTypeProcessor
[THYMELEAF]         * CDATA Section Processors by [precedence]:
[THYMELEAF]             * [1000]: org.thymeleaf.standard.processor.StandardInliningCDATASectionProcessor
[THYMELEAF]         * Comment Processors by [precedence]:
[THYMELEAF]             * [1000]: org.thymeleaf.standard.processor.StandardInliningCommentProcessor
[THYMELEAF]             * [1100]: org.thymeleaf.standard.processor.StandardConditionalCommentProcessor
[THYMELEAF]     * Processors for Template Mode: XML
[THYMELEAF]         * Element Tag Processors by [matching element and attribute name] [precedence]:
[THYMELEAF]             * [* {th:include}] [100]: org.thymeleaf.standard.processor.StandardIncludeTagProcessor
[THYMELEAF]             * [* {th:insert}] [100]: org.thymeleaf.standard.processor.StandardInsertTagProcessor
[THYMELEAF]             * [* {th:replace}] [100]: org.thymeleaf.standard.processor.StandardReplaceTagProcessor
[THYMELEAF]             * [* {th:each}] [200]: com.intuit.karate.template.KarateEachTagProcessor
[THYMELEAF]             * [* {th:switch}] [250]: org.thymeleaf.standard.processor.StandardSwitchTagProcessor
[THYMELEAF]             * [* {th:case}] [275]: org.thymeleaf.standard.processor.StandardCaseTagProcessor
[THYMELEAF]             * [* {th:if}] [300]: org.thymeleaf.standard.processor.StandardIfTagProcessor
[THYMELEAF]             * [* {th:unless}] [400]: org.thymeleaf.standard.processor.StandardUnlessTagProcessor
[THYMELEAF]             * [* {th:object}] [500]: org.thymeleaf.standard.processor.StandardObjectTagProcessor
[THYMELEAF]             * [* {th:with}] [600]: com.intuit.karate.template.KarateWithTagProcessor
[THYMELEAF]             * [* {th:attr}] [700]: com.intuit.karate.template.KarateAttributeTagProcessor.KarateAttrTagProcessor
[THYMELEAF]             * [* {th:attrappend}] [900]: com.intuit.karate.template.KarateAttributeTagProcessor.KarateAttrappendTagProcessor
[THYMELEAF]             * [* {th:attrprepend}] [900]: com.intuit.karate.template.KarateAttributeTagProcessor.KarateAttrprependTagProcessor
[THYMELEAF]             * [* {th:inline}] [1000]: org.thymeleaf.standard.processor.StandardInlineXMLTagProcessor
[THYMELEAF]             * [* {xmlns:th}] [1000]: org.thymeleaf.standard.processor.StandardXmlNsTagProcessor
[THYMELEAF]             * [* {th:text}] [1300]: org.thymeleaf.standard.processor.StandardTextTagProcessor
[THYMELEAF]             * [* {th:utext}] [1400]: org.thymeleaf.standard.processor.StandardUtextTagProcessor
[THYMELEAF]             * [* {th:fragment}] [1500]: org.thymeleaf.standard.processor.StandardFragmentTagProcessor
[THYMELEAF]             * [* {th:assert}] [1550]: org.thymeleaf.standard.processor.StandardAssertTagProcessor
[THYMELEAF]             * [* {th:remove}] [1600]: org.thymeleaf.standard.processor.StandardRemoveTagProcessor
[THYMELEAF]             * [* {th:ref}] [10000]: org.thymeleaf.standard.processor.StandardRefAttributeTagProcessor
[THYMELEAF]             * [{th:block} *] [100000]: org.thymeleaf.standard.processor.StandardBlockTagProcessor
[THYMELEAF]             * [* th:*] [2147483647]: org.thymeleaf.standard.processor.StandardDefaultAttributesTagProcessor
[THYMELEAF]         * Text Processors by [precedence]:
[THYMELEAF]             * [1000]: org.thymeleaf.standard.processor.StandardInliningTextProcessor
[THYMELEAF]         * CDATA Section Processors by [precedence]:
[THYMELEAF]             * [1000]: org.thymeleaf.standard.processor.StandardInliningCDATASectionProcessor
[THYMELEAF]         * Comment Processors by [precedence]:
[THYMELEAF]             * [1000]: org.thymeleaf.standard.processor.StandardInliningCommentProcessor
[THYMELEAF]     * Processors for Template Mode: TEXT
[THYMELEAF]         * Element Tag Processors by [matching element and attribute name] [precedence]:
[THYMELEAF]             * [* {th:insert}] [100]: org.thymeleaf.standard.processor.StandardInsertTagProcessor
[THYMELEAF]             * [* {th:replace}] [100]: org.thymeleaf.standard.processor.StandardReplaceTagProcessor
[THYMELEAF]             * [* {th:each}] [200]: com.intuit.karate.template.KarateEachTagProcessor
[THYMELEAF]             * [* {th:switch}] [250]: org.thymeleaf.standard.processor.StandardSwitchTagProcessor
[THYMELEAF]             * [* {th:case}] [275]: org.thymeleaf.standard.processor.StandardCaseTagProcessor
[THYMELEAF]             * [* {th:if}] [300]: org.thymeleaf.standard.processor.StandardIfTagProcessor
[THYMELEAF]             * [* {th:unless}] [400]: org.thymeleaf.standard.processor.StandardUnlessTagProcessor
[THYMELEAF]             * [* {th:object}] [500]: org.thymeleaf.standard.processor.StandardObjectTagProcessor
[THYMELEAF]             * [* {th:with}] [600]: com.intuit.karate.template.KarateWithTagProcessor
[THYMELEAF]             * [* {th:inline}] [1000]: org.thymeleaf.standard.processor.StandardInlineTextualTagProcessor
[THYMELEAF]             * [* {th:text}] [1300]: org.thymeleaf.standard.processor.StandardTextTagProcessor
[THYMELEAF]             * [* {th:utext}] [1400]: org.thymeleaf.standard.processor.StandardUtextTagProcessor
[THYMELEAF]             * [* {th:assert}] [1550]: org.thymeleaf.standard.processor.StandardAssertTagProcessor
[THYMELEAF]             * [* {th:remove}] [1600]: org.thymeleaf.standard.processor.StandardRemoveTagProcessor
[THYMELEAF]             * [* 100000] [org.thymeleaf.standard.processor.StandardBlockTagProcessor]: {}
[THYMELEAF]             * [{th:block} *] [100000]: org.thymeleaf.standard.processor.StandardBlockTagProcessor
[THYMELEAF]         * Text Processors by [precedence]:
[THYMELEAF]             * [1000]: org.thymeleaf.standard.processor.StandardInliningTextProcessor
[THYMELEAF]     * Processors for Template Mode: JAVASCRIPT
[THYMELEAF]         * Element Tag Processors by [matching element and attribute name] [precedence]:
[THYMELEAF]             * [* {th:insert}] [100]: org.thymeleaf.standard.processor.StandardInsertTagProcessor
[THYMELEAF]             * [* {th:replace}] [100]: org.thymeleaf.standard.processor.StandardReplaceTagProcessor
[THYMELEAF]             * [* {th:each}] [200]: com.intuit.karate.template.KarateEachTagProcessor
[THYMELEAF]             * [* {th:switch}] [250]: org.thymeleaf.standard.processor.StandardSwitchTagProcessor
[THYMELEAF]             * [* {th:case}] [275]: org.thymeleaf.standard.processor.StandardCaseTagProcessor
[THYMELEAF]             * [* {th:if}] [300]: org.thymeleaf.standard.processor.StandardIfTagProcessor
[THYMELEAF]             * [* {th:unless}] [400]: org.thymeleaf.standard.processor.StandardUnlessTagProcessor
[THYMELEAF]             * [* {th:object}] [500]: org.thymeleaf.standard.processor.StandardObjectTagProcessor
[THYMELEAF]             * [* {th:with}] [600]: com.intuit.karate.template.KarateWithTagProcessor
[THYMELEAF]             * [* {th:inline}] [1000]: org.thymeleaf.standard.processor.StandardInlineTextualTagProcessor
[THYMELEAF]             * [* {th:text}] [1300]: org.thymeleaf.standard.processor.StandardTextTagProcessor
[THYMELEAF]             * [* {th:utext}] [1400]: org.thymeleaf.standard.processor.StandardUtextTagProcessor
[THYMELEAF]             * [* {th:assert}] [1550]: org.thymeleaf.standard.processor.StandardAssertTagProcessor
[THYMELEAF]             * [* {th:remove}] [1600]: org.thymeleaf.standard.processor.StandardRemoveTagProcessor
[THYMELEAF]             * [* 100000] [org.thymeleaf.standard.processor.StandardBlockTagProcessor]: {}
[THYMELEAF]             * [{th:block} *] [100000]: org.thymeleaf.standard.processor.StandardBlockTagProcessor
[THYMELEAF]         * Text Processors by [precedence]:
[THYMELEAF]             * [1000]: org.thymeleaf.standard.processor.StandardInliningTextProcessor
[THYMELEAF]     * Processors for Template Mode: CSS
[THYMELEAF]         * Element Tag Processors by [matching element and attribute name] [precedence]:
[THYMELEAF]             * [* {th:insert}] [100]: org.thymeleaf.standard.processor.StandardInsertTagProcessor
[THYMELEAF]             * [* {th:replace}] [100]: org.thymeleaf.standard.processor.StandardReplaceTagProcessor
[THYMELEAF]             * [* {th:each}] [200]: com.intuit.karate.template.KarateEachTagProcessor
[THYMELEAF]             * [* {th:switch}] [250]: org.thymeleaf.standard.processor.StandardSwitchTagProcessor
[THYMELEAF]             * [* {th:case}] [275]: org.thymeleaf.standard.processor.StandardCaseTagProcessor
[THYMELEAF]             * [* {th:if}] [300]: org.thymeleaf.standard.processor.StandardIfTagProcessor
[THYMELEAF]             * [* {th:unless}] [400]: org.thymeleaf.standard.processor.StandardUnlessTagProcessor
[THYMELEAF]             * [* {th:object}] [500]: org.thymeleaf.standard.processor.StandardObjectTagProcessor
[THYMELEAF]             * [* {th:with}] [600]: com.intuit.karate.template.KarateWithTagProcessor
[THYMELEAF]             * [* {th:inline}] [1000]: org.thymeleaf.standard.processor.StandardInlineTextualTagProcessor
[THYMELEAF]             * [* {th:text}] [1300]: org.thymeleaf.standard.processor.StandardTextTagProcessor
[THYMELEAF]             * [* {th:utext}] [1400]: org.thymeleaf.standard.processor.StandardUtextTagProcessor
[THYMELEAF]             * [* {th:assert}] [1550]: org.thymeleaf.standard.processor.StandardAssertTagProcessor
[THYMELEAF]             * [* {th:remove}] [1600]: org.thymeleaf.standard.processor.StandardRemoveTagProcessor
[THYMELEAF]             * [{th:block} *] [100000]: org.thymeleaf.standard.processor.StandardBlockTagProcessor
[THYMELEAF]             * [* 100000] [org.thymeleaf.standard.processor.StandardBlockTagProcessor]: {}
[THYMELEAF]         * Text Processors by [precedence]:
[THYMELEAF]             * [1000]: org.thymeleaf.standard.processor.StandardInliningTextProcessor
[THYMELEAF]     * Expression Objects:
[THYMELEAF]         * #ctx
[THYMELEAF]         * #root
[THYMELEAF]         * #vars
[THYMELEAF]         * #object
[THYMELEAF]         * #locale
[THYMELEAF]         * #conversions
[THYMELEAF]         * #uris
[THYMELEAF]         * #temporals
[THYMELEAF]         * #calendars
[THYMELEAF]         * #dates
[THYMELEAF]         * #bools
[THYMELEAF]         * #numbers
[THYMELEAF]         * #objects
[THYMELEAF]         * #strings
[THYMELEAF]         * #arrays
[THYMELEAF]         * #lists
[THYMELEAF]         * #sets
[THYMELEAF]         * #maps
[THYMELEAF]         * #aggregates
[THYMELEAF]         * #messages
[THYMELEAF]         * #ids
[THYMELEAF]         * #execInfo
[THYMELEAF]         * #request
[THYMELEAF]         * #response
[THYMELEAF]         * #session
[THYMELEAF]         * #servletContext
[THYMELEAF]     * Execution Attributes:
[THYMELEAF]         * "StandardExpressionParser": com.intuit.karate.template.KarateStandardDialect@47ffdbba
[THYMELEAF]         * "StandardJavaScriptSerializer": org.thymeleaf.standard.serializer.StandardJavaScriptSerializer@39c5a105
[THYMELEAF]         * "StandardCSSSerializer": org.thymeleaf.standard.serializer.StandardCSSSerializer@492fa72a
[THYMELEAF]         * "StandardVariableExpressionEvaluator": com.intuit.karate.template.KarateStandardDialect@47ffdbba
[THYMELEAF]         * "StandardConversionService": org.thymeleaf.standard.expression.StandardConversionService@513fab1e
[THYMELEAF] * Dialect [2 of 2]: karate (com.intuit.karate.template.KarateScriptDialect)
[THYMELEAF]     * Prefix: "ka"
[THYMELEAF]     * Processors for Template Mode: HTML
[THYMELEAF]         * Element Tag Processors by [matching element and attribute name] [precedence]:
[THYMELEAF]             * [* {src}] [1000]: com.intuit.karate.template.KaScriptAttrProcessor
[THYMELEAF]         * Element Model Processors by [matching element and attribute name] [precedence]:
[THYMELEAF]             * [{script} {ka:scope,data-ka-scope}] [1000]: com.intuit.karate.template.KaScriptElemProcessor
[THYMELEAF]             * [* {ka:set,data-ka-set}] [1000]: com.intuit.karate.template.KaSetElemProcessor
[THYMELEAF] TEMPLATE ENGINE CONFIGURED OK
18:20:42.472 [main] DEBUG org.thymeleaf.TemplateEngine -- [THYMELEAF] TEMPLATE ENGINE INITIALIZED
18:20:42.481 [main] DEBUG org.thymeleaf.TemplateEngine -- [THYMELEAF] INITIALIZING TEMPLATE ENGINE
18:20:42.506 [main] DEBUG org.thymeleaf.TemplateEngine.CONFIG -- Initializing Thymeleaf Template engine configuration...
[THYMELEAF] TEMPLATE ENGINE CONFIGURATION:
[THYMELEAF] * Thymeleaf version: 3.1.2.RELEASE (built 2023-07-30T19:25:50+0000)
[THYMELEAF] * Cache Manager implementation: org.thymeleaf.cache.StandardCacheManager
[THYMELEAF] * Template resolvers:
[THYMELEAF]     * [1] com.intuit.karate.template.ResourceHtmlTemplateResolver
[THYMELEAF] * Message resolvers:
[THYMELEAF]     * org.thymeleaf.messageresolver.StandardMessageResolver
[THYMELEAF] * Link builders:
[THYMELEAF]     * org.thymeleaf.linkbuilder.StandardLinkBuilder
[THYMELEAF] * Dialect [1 of 2]: Standard (com.intuit.karate.template.KarateStandardDialect)
[THYMELEAF]     * Prefix: "th"
[THYMELEAF]     * Processors for Template Mode: HTML
[THYMELEAF]         * Element Tag Processors by [matching element and attribute name] [precedence]:
[THYMELEAF]             * [* {th:include,data-th-include}] [100]: org.thymeleaf.standard.processor.StandardIncludeTagProcessor
[THYMELEAF]             * [* {th:insert,data-th-insert}] [100]: org.thymeleaf.standard.processor.StandardInsertTagProcessor
[THYMELEAF]             * [* {th:replace,data-th-replace}] [100]: org.thymeleaf.standard.processor.StandardReplaceTagProcessor
[THYMELEAF]             * [* {th:each,data-th-each}] [200]: com.intuit.karate.template.KarateEachTagProcessor
[THYMELEAF]             * [* {th:switch,data-th-switch}] [250]: org.thymeleaf.standard.processor.StandardSwitchTagProcessor
[THYMELEAF]             * [* {th:case,data-th-case}] [275]: org.thymeleaf.standard.processor.StandardCaseTagProcessor
[THYMELEAF]             * [* {th:if,data-th-if}] [300]: org.thymeleaf.standard.processor.StandardIfTagProcessor
[THYMELEAF]             * [* {th:unless,data-th-unless}] [400]: org.thymeleaf.standard.processor.StandardUnlessTagProcessor
[THYMELEAF]             * [* {th:object,data-th-object}] [500]: org.thymeleaf.standard.processor.StandardObjectTagProcessor
[THYMELEAF]             * [* {th:with,data-th-with}] [600]: com.intuit.karate.template.KarateWithTagProcessor
[THYMELEAF]             * [* {th:attr,data-th-attr}] [700]: com.intuit.karate.template.KarateAttributeTagProcessor.KarateAttrTagProcessor
[THYMELEAF]             * [* {th:attrappend,data-th-attrappend}] [900]: com.intuit.karate.template.KarateAttributeTagProcessor.KarateAttrappendTagProcessor
[THYMELEAF]             * [* {th:attrprepend,data-th-attrprepend}] [900]: com.intuit.karate.template.KarateAttributeTagProcessor.KarateAttrprependTagProcessor
[THYMELEAF]             * [* {th:alt-title,data-th-alt-title}] [990]: org.thymeleaf.standard.processor.StandardAltTitleTagProcessor
[THYMELEAF]             * [* {th:lang-xmllang,data-th-lang-xmllang}] [990]: org.thymeleaf.standard.processor.StandardLangXmlLangTagProcessor
[THYMELEAF]             * [* {th:action,data-th-action}] [1000]: org.thymeleaf.standard.processor.StandardActionTagProcessor
[THYMELEAF]             * [* {th:controls,data-th-controls}] [1000]: org.thymeleaf.standard.processor.StandardConditionalFixedValueTagProcessor
[THYMELEAF]             * [* {th:seamless,data-th-seamless}] [1000]: org.thymeleaf.standard.processor.StandardConditionalFixedValueTagProcessor
[THYMELEAF]             * [* {th:defer,data-th-defer}] [1000]: org.thymeleaf.standard.processor.StandardConditionalFixedValueTagProcessor
[THYMELEAF]             * [* {th:readonly,data-th-readonly}] [1000]: org.thymeleaf.standard.processor.StandardConditionalFixedValueTagProcessor
[THYMELEAF]             * [* {th:ismap,data-th-ismap}] [1000]: org.thymeleaf.standard.processor.StandardConditionalFixedValueTagProcessor
[THYMELEAF]             * [* {th:default,data-th-default}] [1000]: org.thymeleaf.standard.processor.StandardConditionalFixedValueTagProcessor
[THYMELEAF]             * [* {th:declare,data-th-declare}] [1000]: org.thymeleaf.standard.processor.StandardConditionalFixedValueTagProcessor
[THYMELEAF]             * [* {th:scoped,data-th-scoped}] [1000]: org.thymeleaf.standard.processor.StandardConditionalFixedValueTagProcessor
[THYMELEAF]             * [* {th:pubdate,data-th-pubdate}] [1000]: org.thymeleaf.standard.processor.StandardConditionalFixedValueTagProcessor
[THYMELEAF]             * [* {th:nowrap,data-th-nowrap}] [1000]: org.thymeleaf.standard.processor.StandardConditionalFixedValueTagProcessor
[THYMELEAF]             * [* {th:async,data-th-async}] [1000]: org.thymeleaf.standard.processor.StandardConditionalFixedValueTagProcessor
[THYMELEAF]             * [* {th:checked,data-th-checked}] [1000]: org.thymeleaf.standard.processor.StandardConditionalFixedValueTagProcessor
[THYMELEAF]             * [* {th:reversed,data-th-reversed}] [1000]: org.thymeleaf.standard.processor.StandardConditionalFixedValueTagProcessor
[THYMELEAF]             * [* {th:required,data-th-required}] [1000]: org.thymeleaf.standard.processor.StandardConditionalFixedValueTagProcessor
[THYMELEAF]             * [* {th:loop,data-th-loop}] [1000]: org.thymeleaf.standard.processor.StandardConditionalFixedValueTagProcessor
[THYMELEAF]             * [* {th:formnovalidate,data-th-formnovalidate}] [1000]: org.thymeleaf.standard.processor.StandardConditionalFixedValueTagProcessor
[THYMELEAF]             * [* {th:selected,data-th-selected}] [1000]: org.thymeleaf.standard.processor.StandardConditionalFixedValueTagProcessor
[THYMELEAF]             * [* {th:hidden,data-th-hidden}] [1000]: org.thymeleaf.standard.processor.StandardConditionalFixedValueTagProcessor
[THYMELEAF]             * [* {th:autofocus,data-th-autofocus}] [1000]: org.thymeleaf.standard.processor.StandardConditionalFixedValueTagProcessor
[THYMELEAF]             * [* {th:disabled,data-th-disabled}] [1000]: org.thymeleaf.standard.processor.StandardConditionalFixedValueTagProcessor
[THYMELEAF]             * [* {th:multiple,data-th-multiple}] [1000]: org.thymeleaf.standard.processor.StandardConditionalFixedValueTagProcessor
[THYMELEAF]             * [* {th:autoplay,data-th-autoplay}] [1000]: org.thymeleaf.standard.processor.StandardConditionalFixedValueTagProcessor
[THYMELEAF]             * [* {th:open,data-th-open}] [1000]: org.thymeleaf.standard.processor.StandardConditionalFixedValueTagProcessor
[THYMELEAF]             * [* {th:novalidate,data-th-novalidate}] [1000]: org.thymeleaf.standard.processor.StandardConditionalFixedValueTagProcessor
[THYMELEAF]             * [* {th:onblur,data-th-onblur}] [1000]: org.thymeleaf.standard.processor.StandardDOMEventAttributeTagProcessor
[THYMELEAF]             * [* {th:ondragleave,data-th-ondragleave}] [1000]: org.thymeleaf.standard.processor.StandardDOMEventAttributeTagProcessor
[THYMELEAF]             * [* {th:onemptied,data-th-onemptied}] [1000]: org.thymeleaf.standard.processor.StandardDOMEventAttributeTagProcessor
[THYMELEAF]             * [* {th:onratechange,data-th-onratechange}] [1000]: org.thymeleaf.standard.processor.StandardDOMEventAttributeTagProcessor
[THYMELEAF]             * [* {th:onreadystatechange,data-th-onreadystatechange}] [1000]: org.thymeleaf.standard.processor.StandardDOMEventAttributeTagProcessor
[THYMELEAF]             * [* {th:onchange,data-th-onchange}] [1000]: org.thymeleaf.standard.processor.StandardDOMEventAttributeTagProcessor
[THYMELEAF]             * [* {th:ontimeupdate,data-th-ontimeupdate}] [1000]: org.thymeleaf.standard.processor.StandardDOMEventAttributeTagProcessor
[THYMELEAF]             * [* {th:onfocus,data-th-onfocus}] [1000]: org.thymeleaf.standard.processor.StandardDOMEventAttributeTagProcessor
[THYMELEAF]             * [* {th:onkeyup,data-th-onkeyup}] [1000]: org.thymeleaf.standard.processor.StandardDOMEventAttributeTagProcessor
[THYMELEAF]             * [* {th:ononline,data-th-ononline}] [1000]: org.thymeleaf.standard.processor.StandardDOMEventAttributeTagProcessor
[THYMELEAF]             * [* {th:ondrag,data-th-ondrag}] [1000]: org.thymeleaf.standard.processor.StandardDOMEventAttributeTagProcessor
[THYMELEAF]             * [* {th:onmouseover,data-th-onmouseover}] [1000]: org.thymeleaf.standard.processor.StandardDOMEventAttributeTagProcessor
[THYMELEAF]             * [* {th:onvolumechange,data-th-onvolumechange}] [1000]: org.thymeleaf.standard.processor.StandardDOMEventAttributeTagProcessor
[THYMELEAF]             * [* {th:onscroll,data-th-onscroll}] [1000]: org.thymeleaf.standard.processor.StandardDOMEventAttributeTagProcessor
[THYMELEAF]             * [* {th:ondragend,data-th-ondragend}] [1000]: org.thymeleaf.standard.processor.StandardDOMEventAttributeTagProcessor
[THYMELEAF]             * [* {th:oninput,data-th-oninput}] [1000]: org.thymeleaf.standard.processor.StandardDOMEventAttributeTagProcessor
[THYMELEAF]             * [* {th:ondragenter,data-th-ondragenter}] [1000]: org.thymeleaf.standard.processor.StandardDOMEventAttributeTagProcessor
[THYMELEAF]             * [* {th:onmousedown,data-th-onmousedown}] [1000]: org.thymeleaf.standard.processor.StandardDOMEventAttributeTagProcessor
[THYMELEAF]             * [* {th:onseeked,data-th-onseeked}] [1000]: org.thymeleaf.standard.processor.StandardDOMEventAttributeTagProcessor
[THYMELEAF]             * [* {th:onbeforeprint,data-th-onbeforeprint}] [1000]: org.thymeleaf.standard.processor.StandardDOMEventAttributeTagProcessor
[THYMELEAF]             * [* {th:onstalled,data-th-onstalled}] [1000]: org.thymeleaf.standard.processor.StandardDOMEventAttributeTagProcessor
[THYMELEAF]             * [* {th:ondurationchange,data-th-ondurationchange}] [1000]: org.thymeleaf.standard.processor.StandardDOMEventAttributeTagProcessor
[THYMELEAF]             * [* {th:ondragstart,data-th-ondragstart}] [1000]: org.thymeleaf.standard.processor.StandardDOMEventAttributeTagProcessor
[THYMELEAF]             * [* {th:onbeforeunload,data-th-onbeforeunload}] [1000]: org.thymeleaf.standard.processor.StandardDOMEventAttributeTagProcessor
[THYMELEAF]             * [* {th:oncanplay,data-th-oncanplay}] [1000]: org.thymeleaf.standard.processor.StandardDOMEventAttributeTagProcessor
[THYMELEAF]             * [* {th:onmouseup,data-th-onmouseup}] [1000]: org.thymeleaf.standard.processor.StandardDOMEventAttributeTagProcessor
[THYMELEAF]             * [* {th:onreset,data-th-onreset}] [1000]: org.thymeleaf.standard.processor.StandardDOMEventAttributeTagProcessor
[THYMELEAF]             * [* {th:onkeydown,data-th-onkeydown}] [1000]: org.thymeleaf.standard.processor.StandardDOMEventAttributeTagProcessor
[THYMELEAF]             * [* {th:onunload,data-th-onunload}] [1000]: org.thymeleaf.standard.processor.StandardDOMEventAttributeTagProcessor
[THYMELEAF]             * [* {th:oncanplaythrough,data-th-oncanplaythrough}] [1000]: org.thymeleaf.standard.processor.StandardDOMEventAttributeTagProcessor
[THYMELEAF]             * [* {th:onforminput,data-th-onforminput}] [1000]: org.thymeleaf.standard.processor.StandardDOMEventAttributeTagProcessor
[THYMELEAF]             * [* {th:onabort,data-th-onabort}] [1000]: org.thymeleaf.standard.processor.StandardDOMEventAttributeTagProcessor
[THYMELEAF]             * [* {th:ondrop,data-th-ondrop}] [1000]: org.thymeleaf.standard.processor.StandardDOMEventAttributeTagProcessor
[THYMELEAF]             * [* {th:onsubmit,data-th-onsubmit}] [1000]: org.thymeleaf.standard.processor.StandardDOMEventAttributeTagProcessor
[THYMELEAF]             * [* {th:onerror,data-th-onerror}] [1000]: org.thymeleaf.standard.processor.StandardDOMEventAttributeTagProcessor
[THYMELEAF]             * [* {th:onloadedmetadata,data-th-onloadedmetadata}] [1000]: org.thymeleaf.standard.processor.StandardDOMEventAttributeTagProcessor
[THYMELEAF]             * [* {th:onseeking,data-th-onseeking}] [1000]: org.thymeleaf.standard.processor.StandardDOMEventAttributeTagProcessor
[THYMELEAF]             * [* {th:oncontextmenu,data-th-oncontextmenu}] [1000]: org.thymeleaf.standard.processor.StandardDOMEventAttributeTagProcessor
[THYMELEAF]             * [* {th:onloadstart,data-th-onloadstart}] [1000]: org.thymeleaf.standard.processor.StandardDOMEventAttributeTagProcessor
[THYMELEAF]             * [* {th:onformchange,data-th-onformchange}] [1000]: org.thymeleaf.standard.processor.StandardDOMEventAttributeTagProcessor
[THYMELEAF]             * [* {th:ondblclick,data-th-ondblclick}] [1000]: org.thymeleaf.standard.processor.StandardDOMEventAttributeTagProcessor
[THYMELEAF]             * [* {th:onoffline,data-th-onoffline}] [1000]: org.thymeleaf.standard.processor.StandardDOMEventAttributeTagProcessor
[THYMELEAF]             * [* {th:onkeypress,data-th-onkeypress}] [1000]: org.thymeleaf.standard.processor.StandardDOMEventAttributeTagProcessor
[THYMELEAF]             * [* {th:onundo,data-th-onundo}] [1000]: org.thymeleaf.standard.processor.StandardDOMEventAttributeTagProcessor
[THYMELEAF]             * [* {th:ondragover,data-th-ondragover}] [1000]: org.thymeleaf.standard.processor.StandardDOMEventAttributeTagProcessor
[THYMELEAF]             * [* {th:onmessage,data-th-onmessage}] [1000]: org.thymeleaf.standard.processor.StandardDOMEventAttributeTagProcessor
[THYMELEAF]             * [* {th:onstorage,data-th-onstorage}] [1000]: org.thymeleaf.standard.processor.StandardDOMEventAttributeTagProcessor
[THYMELEAF]             * [* {th:onhashchange,data-th-onhashchange}] [1000]: org.thymeleaf.standard.processor.StandardDOMEventAttributeTagProcessor
[THYMELEAF]             * [* {th:onshow,data-th-onshow}] [1000]: org.thymeleaf.standard.processor.StandardDOMEventAttributeTagProcessor
[THYMELEAF]             * [* {th:onmousemove,data-th-onmousemove}] [1000]: org.thymeleaf.standard.processor.StandardDOMEventAttributeTagProcessor
[THYMELEAF]             * [* {th:onended,data-th-onended}] [1000]: org.thymeleaf.standard.processor.StandardDOMEventAttributeTagProcessor
[THYMELEAF]             * [* {th:onplaying,data-th-onplaying}] [1000]: org.thymeleaf.standard.processor.StandardDOMEventAttributeTagProcessor
[THYMELEAF]             * [* {th:onselect,data-th-onselect}] [1000]: org.thymeleaf.standard.processor.StandardDOMEventAttributeTagProcessor
[THYMELEAF]             * [* {th:onclick,data-th-onclick}] [1000]: org.thymeleaf.standard.processor.StandardDOMEventAttributeTagProcessor
[THYMELEAF]             * [* {th:onpopstate,data-th-onpopstate}] [1000]: org.thymeleaf.standard.processor.StandardDOMEventAttributeTagProcessor
[THYMELEAF]             * [* {th:onsuspend,data-th-onsuspend}] [1000]: org.thymeleaf.standard.processor.StandardDOMEventAttributeTagProcessor
[THYMELEAF]             * [* {th:onmousewheel,data-th-onmousewheel}] [1000]: org.thymeleaf.standard.processor.StandardDOMEventAttributeTagProcessor
[THYMELEAF]             * [* {th:onprogress,data-th-onprogress}] [1000]: org.thymeleaf.standard.processor.StandardDOMEventAttributeTagProcessor
[THYMELEAF]             * [* {th:oninvalid,data-th-oninvalid}] [1000]: org.thymeleaf.standard.processor.StandardDOMEventAttributeTagProcessor
[THYMELEAF]             * [* {th:onload,data-th-onload}] [1000]: org.thymeleaf.standard.processor.StandardDOMEventAttributeTagProcessor
[THYMELEAF]             * [* {th:onplay,data-th-onplay}] [1000]: org.thymeleaf.standard.processor.StandardDOMEventAttributeTagProcessor
[THYMELEAF]             * [* {th:onresize,data-th-onresize}] [1000]: org.thymeleaf.standard.processor.StandardDOMEventAttributeTagProcessor
[THYMELEAF]             * [* {th:onmouseout,data-th-onmouseout}] [1000]: org.thymeleaf.standard.processor.StandardDOMEventAttributeTagProcessor
[THYMELEAF]             * [* {th:onloadeddata,data-th-onloadeddata}] [1000]: org.thymeleaf.standard.processor.StandardDOMEventAttributeTagProcessor
[THYMELEAF]             * [* {th:onwaiting,data-th-onwaiting}] [1000]: org.thymeleaf.standard.processor.StandardDOMEventAttributeTagProcessor
[THYMELEAF]             * [* {th:onpause,data-th-onpause}] [1000]: org.thymeleaf.standard.processor.StandardDOMEventAttributeTagProcessor
[THYMELEAF]             * [* {th:onafterprint,data-th-onafterprint}] [1000]: org.thymeleaf.standard.processor.StandardDOMEventAttributeTagProcessor
[THYMELEAF]             * [* {th:onredo,data-th-onredo}] [1000]: org.thymeleaf.standard.processor.StandardDOMEventAttributeTagProcessor
[THYMELEAF]             * [* {th:href,data-th-href}] [1000]: org.thymeleaf.standard.processor.StandardHrefTagProcessor
[THYMELEAF]             * [* {th:inline,data-th-inline}] [1000]: org.thymeleaf.standard.processor.StandardInlineHTMLTagProcessor
[THYMELEAF]             * [* {th:method,data-th-method}] [1000]: org.thymeleaf.standard.processor.StandardMethodTagProcessor
[THYMELEAF]             * [* {th:type,data-th-type}] [1000]: org.thymeleaf.standard.processor.StandardNonRemovableAttributeTagProcessor
[THYMELEAF]             * [* {th:name,data-th-name}] [1000]: org.thymeleaf.standard.processor.StandardNonRemovableAttributeTagProcessor
[THYMELEAF]             * [* {th:marginheight,data-th-marginheight}] [1000]: org.thymeleaf.standard.processor.StandardRemovableAttributeTagProcessor
[THYMELEAF]             * [* {th:kind,data-th-kind}] [1000]: org.thymeleaf.standard.processor.StandardRemovableAttributeTagProcessor
[THYMELEAF]             * [* {th:max,data-th-max}] [1000]: org.thymeleaf.standard.processor.StandardRemovableAttributeTagProcessor
[THYMELEAF]             * [* {th:tabindex,data-th-tabindex}] [1000]: org.thymeleaf.standard.processor.StandardRemovableAttributeTagProcessor
[THYMELEAF]             * [* {th:radiogroup,data-th-radiogroup}] [1000]: org.thymeleaf.standard.processor.StandardRemovableAttributeTagProcessor
[THYMELEAF]             * [* {th:frame,data-th-frame}] [1000]: org.thymeleaf.standard.processor.StandardRemovableAttributeTagProcessor
[THYMELEAF]             * [* {th:accept-charset,data-th-accept-charset}] [1000]: org.thymeleaf.standard.processor.StandardRemovableAttributeTagProcessor
[THYMELEAF]             * [* {th:keytype,data-th-keytype}] [1000]: org.thymeleaf.standard.processor.StandardRemovableAttributeTagProcessor
[THYMELEAF]             * [* {th:title,data-th-title}] [1000]: org.thymeleaf.standard.processor.StandardRemovableAttributeTagProcessor
[THYMELEAF]             * [* {th:manifest,data-th-manifest}] [1000]: org.thymeleaf.standard.processor.StandardRemovableAttributeTagProcessor
[THYMELEAF]             * [* {th:style,data-th-style}] [1000]: org.thymeleaf.standard.processor.StandardRemovableAttributeTagProcessor
[THYMELEAF]             * [* {th:draggable,data-th-draggable}] [1000]: org.thymeleaf.standard.processor.StandardRemovableAttributeTagProcessor
[THYMELEAF]             * [* {th:formenctype,data-th-formenctype}] [1000]: org.thymeleaf.standard.processor.StandardRemovableAttributeTagProcessor
[THYMELEAF]             * [* {th:min,data-th-min}] [1000]: org.thymeleaf.standard.processor.StandardRemovableAttributeTagProcessor
[THYMELEAF]             * [* {th:formmethod,data-th-formmethod}] [1000]: org.thymeleaf.standard.processor.StandardRemovableAttributeTagProcessor
[THYMELEAF]             * [* {th:compact,data-th-compact}] [1000]: org.thymeleaf.standard.processor.StandardRemovableAttributeTagProcessor
[THYMELEAF]             * [* {th:usemap,data-th-usemap}] [1000]: org.thymeleaf.standard.processor.StandardRemovableAttributeTagProcessor
[THYMELEAF]             * [* {th:marginwidth,data-th-marginwidth}] [1000]: org.thymeleaf.standard.processor.StandardRemovableAttributeTagProcessor
[THYMELEAF]             * [* {th:headers,data-th-headers}] [1000]: org.thymeleaf.standard.processor.StandardRemovableAttributeTagProcessor
[THYMELEAF]             * [* {th:rev,data-th-rev}] [1000]: org.thymeleaf.standard.processor.StandardRemovableAttributeTagProcessor
[THYMELEAF]             * [* {th:codetype,data-th-codetype}] [1000]: org.thymeleaf.standard.processor.StandardRemovableAttributeTagProcessor
[THYMELEAF]             * [* {th:challenge,data-th-challenge}] [1000]: org.thymeleaf.standard.processor.StandardRemovableAttributeTagProcessor
[THYMELEAF]             * [* {th:scheme,data-th-scheme}] [1000]: org.thymeleaf.standard.processor.StandardRemovableAttributeTagProcessor
[THYMELEAF]             * [* {th:bgcolor,data-th-bgcolor}] [1000]: org.thymeleaf.standard.processor.StandardRemovableAttributeTagProcessor
[THYMELEAF]             * [* {th:alt,data-th-alt}] [1000]: org.thymeleaf.standard.processor.StandardRemovableAttributeTagProcessor
[THYMELEAF]             * [* {th:label,data-th-label}] [1000]: org.thymeleaf.standard.processor.StandardRemovableAttributeTagProcessor
[THYMELEAF]             * [* {th:sizes,data-th-sizes}] [1000]: org.thymeleaf.standard.processor.StandardRemovableAttributeTagProcessor
[THYMELEAF]             * [* {th:cellpadding,data-th-cellpadding}] [1000]: org.thymeleaf.standard.processor.StandardRemovableAttributeTagProcessor
[THYMELEAF]             * [* {th:high,data-th-high}] [1000]: org.thymeleaf.standard.processor.StandardRemovableAttributeTagProcessor
[THYMELEAF]             * [* {th:preload,data-th-preload}] [1000]: org.thymeleaf.standard.processor.StandardRemovableAttributeTagProcessor
[THYMELEAF]             * [* {th:rowspan,data-th-rowspan}] [1000]: org.thymeleaf.standard.processor.StandardRemovableAttributeTagProcessor
[THYMELEAF]             * [* {th:placeholder,data-th-placeholder}] [1000]: org.thymeleaf.standard.processor.StandardRemovableAttributeTagProcessor
[THYMELEAF]             * [* {th:rel,data-th-rel}] [1000]: org.thymeleaf.standard.processor.StandardRemovableAttributeTagProcessor
[THYMELEAF]             * [* {th:background,data-th-background}] [1000]: org.thymeleaf.standard.processor.StandardRemovableAttributeTagProcessor
[THYMELEAF]             * [* {th:hspace,data-th-hspace}] [1000]: org.thymeleaf.standard.processor.StandardRemovableAttributeTagProcessor
[THYMELEAF]             * [* {th:icon,data-th-icon}] [1000]: org.thymeleaf.standard.processor.StandardRemovableAttributeTagProcessor
[THYMELEAF]             * [* {th:audio,data-th-audio}] [1000]: org.thymeleaf.standard.processor.StandardRemovableAttributeTagProcessor
[THYMELEAF]             * [* {th:id,data-th-id}] [1000]: org.thymeleaf.standard.processor.StandardRemovableAttributeTagProcessor
[THYMELEAF]             * [* {th:autocomplete,data-th-autocomplete}] [1000]: org.thymeleaf.standard.processor.StandardRemovableAttributeTagProcessor
[THYMELEAF]             * [* {th:width,data-th-width}] [1000]: org.thymeleaf.standard.processor.StandardRemovableAttributeTagProcessor
[THYMELEAF]             * [* {th:http-equiv,data-th-http-equiv}] [1000]: org.thymeleaf.standard.processor.StandardRemovableAttributeTagProcessor
[THYMELEAF]             * [* {th:span,data-th-span}] [1000]: org.thymeleaf.standard.processor.StandardRemovableAttributeTagProcessor
[THYMELEAF]             * [* {th:contenteditable,data-th-contenteditable}] [1000]: org.thymeleaf.standard.processor.StandardRemovableAttributeTagProcessor
[THYMELEAF]             * [* {th:list,data-th-list}] [1000]: org.thymeleaf.standard.processor.StandardRemovableAttributeTagProcessor
[THYMELEAF]             * [* {th:height,data-th-height}] [1000]: org.thymeleaf.standard.processor.StandardRemovableAttributeTagProcessor
[THYMELEAF]             * [* {th:formaction,data-th-formaction}] [1000]: org.thymeleaf.standard.processor.StandardRemovableAttributeTagProcessor
[THYMELEAF]             * [* {th:archive,data-th-archive}] [1000]: org.thymeleaf.standard.processor.StandardRemovableAttributeTagProcessor
[THYMELEAF]             * [* {th:colspan,data-th-colspan}] [1000]: org.thymeleaf.standard.processor.StandardRemovableAttributeTagProcessor
[THYMELEAF]             * [* {th:axis,data-th-axis}] [1000]: org.thymeleaf.standard.processor.StandardRemovableAttributeTagProcessor
[THYMELEAF]             * [* {th:charset,data-th-charset}] [1000]: org.thymeleaf.standard.processor.StandardRemovableAttributeTagProcessor
[THYMELEAF]             * [* {th:dir,data-th-dir}] [1000]: org.thymeleaf.standard.processor.StandardRemovableAttributeTagProcessor
[THYMELEAF]             * [* {th:content,data-th-content}] [1000]: org.thymeleaf.standard.processor.StandardRemovableAttributeTagProcessor
[THYMELEAF]             * [* {th:accept,data-th-accept}] [1000]: org.thymeleaf.standard.processor.StandardRemovableAttributeTagProcessor
[THYMELEAF]             * [* {th:align,data-th-align}] [1000]: org.thymeleaf.standard.processor.StandardRemovableAttributeTagProcessor
[THYMELEAF]             * [* {th:hreflang,data-th-hreflang}] [1000]: org.thymeleaf.standard.processor.StandardRemovableAttributeTagProcessor
[THYMELEAF]             * [* {th:abbr,data-th-abbr}] [1000]: org.thymeleaf.standard.processor.StandardRemovableAttributeTagProcessor
[THYMELEAF]             * [* {th:summary,data-th-summary}] [1000]: org.thymeleaf.standard.processor.StandardRemovableAttributeTagProcessor
[THYMELEAF]             * [* {th:scope,data-th-scope}] [1000]: org.thymeleaf.standard.processor.StandardRemovableAttributeTagProcessor
[THYMELEAF]             * [* {th:rows,data-th-rows}] [1000]: org.thymeleaf.standard.processor.StandardRemovableAttributeTagProcessor
[THYMELEAF]             * [* {th:cellspacing,data-th-cellspacing}] [1000]: org.thymeleaf.standard.processor.StandardRemovableAttributeTagProcessor
[THYMELEAF]             * [* {th:form,data-th-form}] [1000]: org.thymeleaf.standard.processor.StandardRemovableAttributeTagProcessor
[THYMELEAF]             * [* {th:rules,data-th-rules}] [1000]: org.thymeleaf.standard.processor.StandardRemovableAttributeTagProcessor
[THYMELEAF]             * [* {th:accesskey,data-th-accesskey}] [1000]: org.thymeleaf.standard.processor.StandardRemovableAttributeTagProcessor
[THYMELEAF]             * [* {th:scrolling,data-th-scrolling}] [1000]: org.thymeleaf.standard.processor.StandardRemovableAttributeTagProcessor
[THYMELEAF]             * [* {th:dropzone,data-th-dropzone}] [1000]: org.thymeleaf.standard.processor.StandardRemovableAttributeTagProcessor
[THYMELEAF]             * [* {th:longdesc,data-th-longdesc}] [1000]: org.thymeleaf.standard.processor.StandardRemovableAttributeTagProcessor
[THYMELEAF]             * [* {th:target,data-th-target}] [1000]: org.thymeleaf.standard.processor.StandardRemovableAttributeTagProcessor
[THYMELEAF]             * [* {th:frameborder,data-th-frameborder}] [1000]: org.thymeleaf.standard.processor.StandardRemovableAttributeTagProcessor
[THYMELEAF]             * [* {th:sandbox,data-th-sandbox}] [1000]: org.thymeleaf.standard.processor.StandardRemovableAttributeTagProcessor
[THYMELEAF]             * [* {th:media,data-th-media}] [1000]: org.thymeleaf.standard.processor.StandardRemovableAttributeTagProcessor
[THYMELEAF]             * [* {th:for,data-th-for}] [1000]: org.thymeleaf.standard.processor.StandardRemovableAttributeTagProcessor
[THYMELEAF]             * [* {th:maxlength,data-th-maxlength}] [1000]: org.thymeleaf.standard.processor.StandardRemovableAttributeTagProcessor
[THYMELEAF]             * [* {th:classid,data-th-classid}] [1000]: org.thymeleaf.standard.processor.StandardRemovableAttributeTagProcessor
[THYMELEAF]             * [* {th:pattern,data-th-pattern}] [1000]: org.thymeleaf.standard.processor.StandardRemovableAttributeTagProcessor
[THYMELEAF]             * [* {th:wrap,data-th-wrap}] [1000]: org.thymeleaf.standard.processor.StandardRemovableAttributeTagProcessor
[THYMELEAF]             * [* {th:cols,data-th-cols}] [1000]: org.thymeleaf.standard.processor.StandardRemovableAttributeTagProcessor
[THYMELEAF]             * [* {th:codebase,data-th-codebase}] [1000]: org.thymeleaf.standard.processor.StandardRemovableAttributeTagProcessor
[THYMELEAF]             * [* {th:poster,data-th-poster}] [1000]: org.thymeleaf.standard.processor.StandardRemovableAttributeTagProcessor
[THYMELEAF]             * [* {th:srclang,data-th-srclang}] [1000]: org.thymeleaf.standard.processor.StandardRemovableAttributeTagProcessor
[THYMELEAF]             * [* {th:valuetype,data-th-valuetype}] [1000]: org.thymeleaf.standard.processor.StandardRemovableAttributeTagProcessor
[THYMELEAF]             * [* {th:spellcheck,data-th-spellcheck}] [1000]: org.thymeleaf.standard.processor.StandardRemovableAttributeTagProcessor
[THYMELEAF]             * [* {th:datetime,data-th-datetime}] [1000]: org.thymeleaf.standard.processor.StandardRemovableAttributeTagProcessor
[THYMELEAF]             * [* {th:contextmenu,data-th-contextmenu}] [1000]: org.thymeleaf.standard.processor.StandardRemovableAttributeTagProcessor
[THYMELEAF]             * [* {th:class,data-th-class}] [1000]: org.thymeleaf.standard.processor.StandardRemovableAttributeTagProcessor
[THYMELEAF]             * [* {th:size,data-th-size}] [1000]: org.thymeleaf.standard.processor.StandardRemovableAttributeTagProcessor
[THYMELEAF]             * [* {th:standby,data-th-standby}] [1000]: org.thymeleaf.standard.processor.StandardRemovableAttributeTagProcessor
[THYMELEAF]             * [* {th:start,data-th-start}] [1000]: org.thymeleaf.standard.processor.StandardRemovableAttributeTagProcessor
[THYMELEAF]             * [* {th:enctype,data-th-enctype}] [1000]: org.thymeleaf.standard.processor.StandardRemovableAttributeTagProcessor
[THYMELEAF]             * [* {th:step,data-th-step}] [1000]: org.thymeleaf.standard.processor.StandardRemovableAttributeTagProcessor
[THYMELEAF]             * [* {th:border,data-th-border}] [1000]: org.thymeleaf.standard.processor.StandardRemovableAttributeTagProcessor
[THYMELEAF]             * [* {th:lang,data-th-lang}] [1000]: org.thymeleaf.standard.processor.StandardRemovableAttributeTagProcessor
[THYMELEAF]             * [* {th:vspace,data-th-vspace}] [1000]: org.thymeleaf.standard.processor.StandardRemovableAttributeTagProcessor
[THYMELEAF]             * [* {th:cite,data-th-cite}] [1000]: org.thymeleaf.standard.processor.StandardRemovableAttributeTagProcessor
[THYMELEAF]             * [* {th:data,data-th-data}] [1000]: org.thymeleaf.standard.processor.StandardRemovableAttributeTagProcessor
[THYMELEAF]             * [* {th:formtarget,data-th-formtarget}] [1000]: org.thymeleaf.standard.processor.StandardRemovableAttributeTagProcessor
[THYMELEAF]             * [* {th:optimum,data-th-optimum}] [1000]: org.thymeleaf.standard.processor.StandardRemovableAttributeTagProcessor
[THYMELEAF]             * [* {th:low,data-th-low}] [1000]: org.thymeleaf.standard.processor.StandardRemovableAttributeTagProcessor
[THYMELEAF]             * [* {th:src,data-th-src}] [1000]: org.thymeleaf.standard.processor.StandardSrcTagProcessor
[THYMELEAF]             * [* {th:value,data-th-value}] [1000]: org.thymeleaf.standard.processor.StandardValueTagProcessor
[THYMELEAF]             * [* {th:xmlbase,data-th-xmlbase}] [1000]: org.thymeleaf.standard.processor.StandardXmlBaseTagProcessor
[THYMELEAF]             * [* {th:xmllang,data-th-xmllang}] [1000]: org.thymeleaf.standard.processor.StandardXmlLangTagProcessor
[THYMELEAF]             * [* {xmlns:th}] [1000]: org.thymeleaf.standard.processor.StandardXmlNsTagProcessor
[THYMELEAF]             * [* {th:xmlspace,data-th-xmlspace}] [1000]: org.thymeleaf.standard.processor.StandardXmlSpaceTagProcessor
[THYMELEAF]             * [* {th:classappend,data-th-classappend}] [1100]: org.thymeleaf.standard.processor.StandardClassappendTagProcessor
[THYMELEAF]             * [* {th:styleappend,data-th-styleappend}] [1100]: org.thymeleaf.standard.processor.StandardStyleappendTagProcessor
[THYMELEAF]             * [* {th:text,data-th-text}] [1300]: org.thymeleaf.standard.processor.StandardTextTagProcessor
[THYMELEAF]             * [* {th:utext,data-th-utext}] [1400]: org.thymeleaf.standard.processor.StandardUtextTagProcessor
[THYMELEAF]             * [* {th:fragment,data-th-fragment}] [1500]: org.thymeleaf.standard.processor.StandardFragmentTagProcessor
[THYMELEAF]             * [* {th:assert,data-th-assert}] [1550]: org.thymeleaf.standard.processor.StandardAssertTagProcessor
[THYMELEAF]             * [* {th:remove,data-th-remove}] [1600]: org.thymeleaf.standard.processor.StandardRemoveTagProcessor
[THYMELEAF]             * [* {th:ref,data-th-ref}] [10000]: org.thymeleaf.standard.processor.StandardRefAttributeTagProcessor
[THYMELEAF]             * [{th:block,th-block} *] [100000]: org.thymeleaf.standard.processor.StandardBlockTagProcessor
[THYMELEAF]             * [* th:*] [2147483647]: org.thymeleaf.standard.processor.StandardDefaultAttributesTagProcessor
[THYMELEAF]         * Text Processors by [precedence]:
[THYMELEAF]             * [1000]: org.thymeleaf.standard.processor.StandardInliningTextProcessor
[THYMELEAF]         * DOCTYPE Processors by [precedence]:
[THYMELEAF]             * [1000]: org.thymeleaf.standard.processor.StandardTranslationDocTypeProcessor
[THYMELEAF]         * CDATA Section Processors by [precedence]:
[THYMELEAF]             * [1000]: org.thymeleaf.standard.processor.StandardInliningCDATASectionProcessor
[THYMELEAF]         * Comment Processors by [precedence]:
[THYMELEAF]             * [1000]: org.thymeleaf.standard.processor.StandardInliningCommentProcessor
[THYMELEAF]             * [1100]: org.thymeleaf.standard.processor.StandardConditionalCommentProcessor
[THYMELEAF]     * Processors for Template Mode: XML
[THYMELEAF]         * Element Tag Processors by [matching element and attribute name] [precedence]:
[THYMELEAF]             * [* {th:include}] [100]: org.thymeleaf.standard.processor.StandardIncludeTagProcessor
[THYMELEAF]             * [* {th:insert}] [100]: org.thymeleaf.standard.processor.StandardInsertTagProcessor
[THYMELEAF]             * [* {th:replace}] [100]: org.thymeleaf.standard.processor.StandardReplaceTagProcessor
[THYMELEAF]             * [* {th:each}] [200]: com.intuit.karate.template.KarateEachTagProcessor
[THYMELEAF]             * [* {th:switch}] [250]: org.thymeleaf.standard.processor.StandardSwitchTagProcessor
[THYMELEAF]             * [* {th:case}] [275]: org.thymeleaf.standard.processor.StandardCaseTagProcessor
[THYMELEAF]             * [* {th:if}] [300]: org.thymeleaf.standard.processor.StandardIfTagProcessor
[THYMELEAF]             * [* {th:unless}] [400]: org.thymeleaf.standard.processor.StandardUnlessTagProcessor
[THYMELEAF]             * [* {th:object}] [500]: org.thymeleaf.standard.processor.StandardObjectTagProcessor
[THYMELEAF]             * [* {th:with}] [600]: com.intuit.karate.template.KarateWithTagProcessor
[THYMELEAF]             * [* {th:attr}] [700]: com.intuit.karate.template.KarateAttributeTagProcessor.KarateAttrTagProcessor
[THYMELEAF]             * [* {th:attrappend}] [900]: com.intuit.karate.template.KarateAttributeTagProcessor.KarateAttrappendTagProcessor
[THYMELEAF]             * [* {th:attrprepend}] [900]: com.intuit.karate.template.KarateAttributeTagProcessor.KarateAttrprependTagProcessor
[THYMELEAF]             * [* {th:inline}] [1000]: org.thymeleaf.standard.processor.StandardInlineXMLTagProcessor
[THYMELEAF]             * [* {xmlns:th}] [1000]: org.thymeleaf.standard.processor.StandardXmlNsTagProcessor
[THYMELEAF]             * [* {th:text}] [1300]: org.thymeleaf.standard.processor.StandardTextTagProcessor
[THYMELEAF]             * [* {th:utext}] [1400]: org.thymeleaf.standard.processor.StandardUtextTagProcessor
[THYMELEAF]             * [* {th:fragment}] [1500]: org.thymeleaf.standard.processor.StandardFragmentTagProcessor
[THYMELEAF]             * [* {th:assert}] [1550]: org.thymeleaf.standard.processor.StandardAssertTagProcessor
[THYMELEAF]             * [* {th:remove}] [1600]: org.thymeleaf.standard.processor.StandardRemoveTagProcessor
[THYMELEAF]             * [* {th:ref}] [10000]: org.thymeleaf.standard.processor.StandardRefAttributeTagProcessor
[THYMELEAF]             * [{th:block} *] [100000]: org.thymeleaf.standard.processor.StandardBlockTagProcessor
[THYMELEAF]             * [* th:*] [2147483647]: org.thymeleaf.standard.processor.StandardDefaultAttributesTagProcessor
[THYMELEAF]         * Text Processors by [precedence]:
[THYMELEAF]             * [1000]: org.thymeleaf.standard.processor.StandardInliningTextProcessor
[THYMELEAF]         * CDATA Section Processors by [precedence]:
[THYMELEAF]             * [1000]: org.thymeleaf.standard.processor.StandardInliningCDATASectionProcessor
[THYMELEAF]         * Comment Processors by [precedence]:
[THYMELEAF]             * [1000]: org.thymeleaf.standard.processor.StandardInliningCommentProcessor
[THYMELEAF]     * Processors for Template Mode: TEXT
[THYMELEAF]         * Element Tag Processors by [matching element and attribute name] [precedence]:
[THYMELEAF]             * [* {th:insert}] [100]: org.thymeleaf.standard.processor.StandardInsertTagProcessor
[THYMELEAF]             * [* {th:replace}] [100]: org.thymeleaf.standard.processor.StandardReplaceTagProcessor
[THYMELEAF]             * [* {th:each}] [200]: com.intuit.karate.template.KarateEachTagProcessor
[THYMELEAF]             * [* {th:switch}] [250]: org.thymeleaf.standard.processor.StandardSwitchTagProcessor
[THYMELEAF]             * [* {th:case}] [275]: org.thymeleaf.standard.processor.StandardCaseTagProcessor
[THYMELEAF]             * [* {th:if}] [300]: org.thymeleaf.standard.processor.StandardIfTagProcessor
[THYMELEAF]             * [* {th:unless}] [400]: org.thymeleaf.standard.processor.StandardUnlessTagProcessor
[THYMELEAF]             * [* {th:object}] [500]: org.thymeleaf.standard.processor.StandardObjectTagProcessor
[THYMELEAF]             * [* {th:with}] [600]: com.intuit.karate.template.KarateWithTagProcessor
[THYMELEAF]             * [* {th:inline}] [1000]: org.thymeleaf.standard.processor.StandardInlineTextualTagProcessor
[THYMELEAF]             * [* {th:text}] [1300]: org.thymeleaf.standard.processor.StandardTextTagProcessor
[THYMELEAF]             * [* {th:utext}] [1400]: org.thymeleaf.standard.processor.StandardUtextTagProcessor
[THYMELEAF]             * [* {th:assert}] [1550]: org.thymeleaf.standard.processor.StandardAssertTagProcessor
[THYMELEAF]             * [* {th:remove}] [1600]: org.thymeleaf.standard.processor.StandardRemoveTagProcessor
[THYMELEAF]             * [{th:block} *] [100000]: org.thymeleaf.standard.processor.StandardBlockTagProcessor
[THYMELEAF]             * [* 100000] [org.thymeleaf.standard.processor.StandardBlockTagProcessor]: {}
[THYMELEAF]         * Text Processors by [precedence]:
[THYMELEAF]             * [1000]: org.thymeleaf.standard.processor.StandardInliningTextProcessor
[THYMELEAF]     * Processors for Template Mode: JAVASCRIPT
[THYMELEAF]         * Element Tag Processors by [matching element and attribute name] [precedence]:
[THYMELEAF]             * [* {th:insert}] [100]: org.thymeleaf.standard.processor.StandardInsertTagProcessor
[THYMELEAF]             * [* {th:replace}] [100]: org.thymeleaf.standard.processor.StandardReplaceTagProcessor
[THYMELEAF]             * [* {th:each}] [200]: com.intuit.karate.template.KarateEachTagProcessor
[THYMELEAF]             * [* {th:switch}] [250]: org.thymeleaf.standard.processor.StandardSwitchTagProcessor
[THYMELEAF]             * [* {th:case}] [275]: org.thymeleaf.standard.processor.StandardCaseTagProcessor
[THYMELEAF]             * [* {th:if}] [300]: org.thymeleaf.standard.processor.StandardIfTagProcessor
[THYMELEAF]             * [* {th:unless}] [400]: org.thymeleaf.standard.processor.StandardUnlessTagProcessor
[THYMELEAF]             * [* {th:object}] [500]: org.thymeleaf.standard.processor.StandardObjectTagProcessor
[THYMELEAF]             * [* {th:with}] [600]: com.intuit.karate.template.KarateWithTagProcessor
[THYMELEAF]             * [* {th:inline}] [1000]: org.thymeleaf.standard.processor.StandardInlineTextualTagProcessor
[THYMELEAF]             * [* {th:text}] [1300]: org.thymeleaf.standard.processor.StandardTextTagProcessor
[THYMELEAF]             * [* {th:utext}] [1400]: org.thymeleaf.standard.processor.StandardUtextTagProcessor
[THYMELEAF]             * [* {th:assert}] [1550]: org.thymeleaf.standard.processor.StandardAssertTagProcessor
[THYMELEAF]             * [* {th:remove}] [1600]: org.thymeleaf.standard.processor.StandardRemoveTagProcessor
[THYMELEAF]             * [* 100000] [org.thymeleaf.standard.processor.StandardBlockTagProcessor]: {}
[THYMELEAF]             * [{th:block} *] [100000]: org.thymeleaf.standard.processor.StandardBlockTagProcessor
[THYMELEAF]         * Text Processors by [precedence]:
[THYMELEAF]             * [1000]: org.thymeleaf.standard.processor.StandardInliningTextProcessor
[THYMELEAF]     * Processors for Template Mode: CSS
[THYMELEAF]         * Element Tag Processors by [matching element and attribute name] [precedence]:
[THYMELEAF]             * [* {th:insert}] [100]: org.thymeleaf.standard.processor.StandardInsertTagProcessor
[THYMELEAF]             * [* {th:replace}] [100]: org.thymeleaf.standard.processor.StandardReplaceTagProcessor
[THYMELEAF]             * [* {th:each}] [200]: com.intuit.karate.template.KarateEachTagProcessor
[THYMELEAF]             * [* {th:switch}] [250]: org.thymeleaf.standard.processor.StandardSwitchTagProcessor
[THYMELEAF]             * [* {th:case}] [275]: org.thymeleaf.standard.processor.StandardCaseTagProcessor
[THYMELEAF]             * [* {th:if}] [300]: org.thymeleaf.standard.processor.StandardIfTagProcessor
[THYMELEAF]             * [* {th:unless}] [400]: org.thymeleaf.standard.processor.StandardUnlessTagProcessor
[THYMELEAF]             * [* {th:object}] [500]: org.thymeleaf.standard.processor.StandardObjectTagProcessor
[THYMELEAF]             * [* {th:with}] [600]: com.intuit.karate.template.KarateWithTagProcessor
[THYMELEAF]             * [* {th:inline}] [1000]: org.thymeleaf.standard.processor.StandardInlineTextualTagProcessor
[THYMELEAF]             * [* {th:text}] [1300]: org.thymeleaf.standard.processor.StandardTextTagProcessor
[THYMELEAF]             * [* {th:utext}] [1400]: org.thymeleaf.standard.processor.StandardUtextTagProcessor
[THYMELEAF]             * [* {th:assert}] [1550]: org.thymeleaf.standard.processor.StandardAssertTagProcessor
[THYMELEAF]             * [* {th:remove}] [1600]: org.thymeleaf.standard.processor.StandardRemoveTagProcessor
[THYMELEAF]             * [* 100000] [org.thymeleaf.standard.processor.StandardBlockTagProcessor]: {}
[THYMELEAF]             * [{th:block} *] [100000]: org.thymeleaf.standard.processor.StandardBlockTagProcessor
[THYMELEAF]         * Text Processors by [precedence]:
[THYMELEAF]             * [1000]: org.thymeleaf.standard.processor.StandardInliningTextProcessor
[THYMELEAF]     * Expression Objects:
[THYMELEAF]         * #ctx
[THYMELEAF]         * #root
[THYMELEAF]         * #vars
[THYMELEAF]         * #object
[THYMELEAF]         * #locale
[THYMELEAF]         * #conversions
[THYMELEAF]         * #uris
[THYMELEAF]         * #temporals
[THYMELEAF]         * #calendars
[THYMELEAF]         * #dates
[THYMELEAF]         * #bools
[THYMELEAF]         * #numbers
[THYMELEAF]         * #objects
[THYMELEAF]         * #strings
[THYMELEAF]         * #arrays
[THYMELEAF]         * #lists
[THYMELEAF]         * #sets
[THYMELEAF]         * #maps
[THYMELEAF]         * #aggregates
[THYMELEAF]         * #messages
[THYMELEAF]         * #ids
[THYMELEAF]         * #execInfo
[THYMELEAF]         * #request
[THYMELEAF]         * #response
[THYMELEAF]         * #session
[THYMELEAF]         * #servletContext
[THYMELEAF]     * Execution Attributes:
[THYMELEAF]         * "StandardExpressionParser": com.intuit.karate.template.KarateStandardDialect@57bac3f0
[THYMELEAF]         * "StandardJavaScriptSerializer": org.thymeleaf.standard.serializer.StandardJavaScriptSerializer@5ea9373e
[THYMELEAF]         * "StandardCSSSerializer": org.thymeleaf.standard.serializer.StandardCSSSerializer@3e595da3
[THYMELEAF]         * "StandardVariableExpressionEvaluator": com.intuit.karate.template.KarateStandardDialect@57bac3f0
[THYMELEAF]         * "StandardConversionService": org.thymeleaf.standard.expression.StandardConversionService@5c0272e0
[THYMELEAF] * Dialect [2 of 2]: karate (com.intuit.karate.template.KarateScriptDialect)
[THYMELEAF]     * Prefix: "ka"
[THYMELEAF]     * Processors for Template Mode: HTML
[THYMELEAF]         * Element Tag Processors by [matching element and attribute name] [precedence]:
[THYMELEAF]             * [* {src}] [1000]: com.intuit.karate.template.KaScriptAttrProcessor
[THYMELEAF]         * Element Model Processors by [matching element and attribute name] [precedence]:
[THYMELEAF]             * [{script} {ka:scope,data-ka-scope}] [1000]: com.intuit.karate.template.KaScriptElemProcessor
[THYMELEAF]             * [* {ka:set,data-ka-set}] [1000]: com.intuit.karate.template.KaSetElemProcessor
[THYMELEAF] TEMPLATE ENGINE CONFIGURED OK
18:20:42.507 [main] DEBUG org.thymeleaf.TemplateEngine -- [THYMELEAF] TEMPLATE ENGINE INITIALIZED
18:20:42.528 [main] DEBUG org.thymeleaf.TemplateEngine -- [THYMELEAF] INITIALIZING TEMPLATE ENGINE
18:20:42.549 [main] DEBUG org.thymeleaf.TemplateEngine.CONFIG -- Initializing Thymeleaf Template engine configuration...
[THYMELEAF] TEMPLATE ENGINE CONFIGURATION:
[THYMELEAF] * Thymeleaf version: 3.1.2.RELEASE (built 2023-07-30T19:25:50+0000)
[THYMELEAF] * Cache Manager implementation: org.thymeleaf.cache.StandardCacheManager
[THYMELEAF] * Template resolvers:
[THYMELEAF]     * [1] com.intuit.karate.template.ResourceHtmlTemplateResolver
[THYMELEAF] * Message resolvers:
[THYMELEAF]     * org.thymeleaf.messageresolver.StandardMessageResolver
[THYMELEAF] * Link builders:
[THYMELEAF]     * org.thymeleaf.linkbuilder.StandardLinkBuilder
[THYMELEAF] * Dialect [1 of 2]: Standard (com.intuit.karate.template.KarateStandardDialect)
[THYMELEAF]     * Prefix: "th"
[THYMELEAF]     * Processors for Template Mode: HTML
[THYMELEAF]         * Element Tag Processors by [matching element and attribute name] [precedence]:
[THYMELEAF]             * [* {th:include,data-th-include}] [100]: org.thymeleaf.standard.processor.StandardIncludeTagProcessor
[THYMELEAF]             * [* {th:insert,data-th-insert}] [100]: org.thymeleaf.standard.processor.StandardInsertTagProcessor
[THYMELEAF]             * [* {th:replace,data-th-replace}] [100]: org.thymeleaf.standard.processor.StandardReplaceTagProcessor
[THYMELEAF]             * [* {th:each,data-th-each}] [200]: com.intuit.karate.template.KarateEachTagProcessor
[THYMELEAF]             * [* {th:switch,data-th-switch}] [250]: org.thymeleaf.standard.processor.StandardSwitchTagProcessor
[THYMELEAF]             * [* {th:case,data-th-case}] [275]: org.thymeleaf.standard.processor.StandardCaseTagProcessor
[THYMELEAF]             * [* {th:if,data-th-if}] [300]: org.thymeleaf.standard.processor.StandardIfTagProcessor
[THYMELEAF]             * [* {th:unless,data-th-unless}] [400]: org.thymeleaf.standard.processor.StandardUnlessTagProcessor
[THYMELEAF]             * [* {th:object,data-th-object}] [500]: org.thymeleaf.standard.processor.StandardObjectTagProcessor
[THYMELEAF]             * [* {th:with,data-th-with}] [600]: com.intuit.karate.template.KarateWithTagProcessor
[THYMELEAF]             * [* {th:attr,data-th-attr}] [700]: com.intuit.karate.template.KarateAttributeTagProcessor.KarateAttrTagProcessor
[THYMELEAF]             * [* {th:attrappend,data-th-attrappend}] [900]: com.intuit.karate.template.KarateAttributeTagProcessor.KarateAttrappendTagProcessor
[THYMELEAF]             * [* {th:attrprepend,data-th-attrprepend}] [900]: com.intuit.karate.template.KarateAttributeTagProcessor.KarateAttrprependTagProcessor
[THYMELEAF]             * [* {th:alt-title,data-th-alt-title}] [990]: org.thymeleaf.standard.processor.StandardAltTitleTagProcessor
[THYMELEAF]             * [* {th:lang-xmllang,data-th-lang-xmllang}] [990]: org.thymeleaf.standard.processor.StandardLangXmlLangTagProcessor
[THYMELEAF]             * [* {th:action,data-th-action}] [1000]: org.thymeleaf.standard.processor.StandardActionTagProcessor
[THYMELEAF]             * [* {th:controls,data-th-controls}] [1000]: org.thymeleaf.standard.processor.StandardConditionalFixedValueTagProcessor
[THYMELEAF]             * [* {th:nowrap,data-th-nowrap}] [1000]: org.thymeleaf.standard.processor.StandardConditionalFixedValueTagProcessor
[THYMELEAF]             * [* {th:multiple,data-th-multiple}] [1000]: org.thymeleaf.standard.processor.StandardConditionalFixedValueTagProcessor
[THYMELEAF]             * [* {th:readonly,data-th-readonly}] [1000]: org.thymeleaf.standard.processor.StandardConditionalFixedValueTagProcessor
[THYMELEAF]             * [* {th:hidden,data-th-hidden}] [1000]: org.thymeleaf.standard.processor.StandardConditionalFixedValueTagProcessor
[THYMELEAF]             * [* {th:disabled,data-th-disabled}] [1000]: org.thymeleaf.standard.processor.StandardConditionalFixedValueTagProcessor
[THYMELEAF]             * [* {th:reversed,data-th-reversed}] [1000]: org.thymeleaf.standard.processor.StandardConditionalFixedValueTagProcessor
[THYMELEAF]             * [* {th:autoplay,data-th-autoplay}] [1000]: org.thymeleaf.standard.processor.StandardConditionalFixedValueTagProcessor
[THYMELEAF]             * [* {th:async,data-th-async}] [1000]: org.thymeleaf.standard.processor.StandardConditionalFixedValueTagProcessor
[THYMELEAF]             * [* {th:scoped,data-th-scoped}] [1000]: org.thymeleaf.standard.processor.StandardConditionalFixedValueTagProcessor
[THYMELEAF]             * [* {th:formnovalidate,data-th-formnovalidate}] [1000]: org.thymeleaf.standard.processor.StandardConditionalFixedValueTagProcessor
[THYMELEAF]             * [* {th:defer,data-th-defer}] [1000]: org.thymeleaf.standard.processor.StandardConditionalFixedValueTagProcessor
[THYMELEAF]             * [* {th:default,data-th-default}] [1000]: org.thymeleaf.standard.processor.StandardConditionalFixedValueTagProcessor
[THYMELEAF]             * [* {th:open,data-th-open}] [1000]: org.thymeleaf.standard.processor.StandardConditionalFixedValueTagProcessor
[THYMELEAF]             * [* {th:seamless,data-th-seamless}] [1000]: org.thymeleaf.standard.processor.StandardConditionalFixedValueTagProcessor
[THYMELEAF]             * [* {th:loop,data-th-loop}] [1000]: org.thymeleaf.standard.processor.StandardConditionalFixedValueTagProcessor
[THYMELEAF]             * [* {th:autofocus,data-th-autofocus}] [1000]: org.thymeleaf.standard.processor.StandardConditionalFixedValueTagProcessor
[THYMELEAF]             * [* {th:pubdate,data-th-pubdate}] [1000]: org.thymeleaf.standard.processor.StandardConditionalFixedValueTagProcessor
[THYMELEAF]             * [* {th:checked,data-th-checked}] [1000]: org.thymeleaf.standard.processor.StandardConditionalFixedValueTagProcessor
[THYMELEAF]             * [* {th:novalidate,data-th-novalidate}] [1000]: org.thymeleaf.standard.processor.StandardConditionalFixedValueTagProcessor
[THYMELEAF]             * [* {th:selected,data-th-selected}] [1000]: org.thymeleaf.standard.processor.StandardConditionalFixedValueTagProcessor
[THYMELEAF]             * [* {th:required,data-th-required}] [1000]: org.thymeleaf.standard.processor.StandardConditionalFixedValueTagProcessor
[THYMELEAF]             * [* {th:declare,data-th-declare}] [1000]: org.thymeleaf.standard.processor.StandardConditionalFixedValueTagProcessor
[THYMELEAF]             * [* {th:ismap,data-th-ismap}] [1000]: org.thymeleaf.standard.processor.StandardConditionalFixedValueTagProcessor
[THYMELEAF]             * [* {th:onratechange,data-th-onratechange}] [1000]: org.thymeleaf.standard.processor.StandardDOMEventAttributeTagProcessor
[THYMELEAF]             * [* {th:onmouseup,data-th-onmouseup}] [1000]: org.thymeleaf.standard.processor.StandardDOMEventAttributeTagProcessor
[THYMELEAF]             * [* {th:onformchange,data-th-onformchange}] [1000]: org.thymeleaf.standard.processor.StandardDOMEventAttributeTagProcessor
[THYMELEAF]             * [* {th:ondrop,data-th-ondrop}] [1000]: org.thymeleaf.standard.processor.StandardDOMEventAttributeTagProcessor
[THYMELEAF]             * [* {th:onreadystatechange,data-th-onreadystatechange}] [1000]: org.thymeleaf.standard.processor.StandardDOMEventAttributeTagProcessor
[THYMELEAF]             * [* {th:ondragstart,data-th-ondragstart}] [1000]: org.thymeleaf.standard.processor.StandardDOMEventAttributeTagProcessor
[THYMELEAF]             * [* {th:onabort,data-th-onabort}] [1000]: org.thymeleaf.standard.processor.StandardDOMEventAttributeTagProcessor
[THYMELEAF]             * [* {th:onload,data-th-onload}] [1000]: org.thymeleaf.standard.processor.StandardDOMEventAttributeTagProcessor
[THYMELEAF]             * [* {th:onresize,data-th-onresize}] [1000]: org.thymeleaf.standard.processor.StandardDOMEventAttributeTagProcessor
[THYMELEAF]             * [* {th:onseeking,data-th-onseeking}] [1000]: org.thymeleaf.standard.processor.StandardDOMEventAttributeTagProcessor
[THYMELEAF]             * [* {th:ondragend,data-th-ondragend}] [1000]: org.thymeleaf.standard.processor.StandardDOMEventAttributeTagProcessor
[THYMELEAF]             * [* {th:ondragleave,data-th-ondragleave}] [1000]: org.thymeleaf.standard.processor.StandardDOMEventAttributeTagProcessor
[THYMELEAF]             * [* {th:onmouseout,data-th-onmouseout}] [1000]: org.thymeleaf.standard.processor.StandardDOMEventAttributeTagProcessor
[THYMELEAF]             * [* {th:onmouseover,data-th-onmouseover}] [1000]: org.thymeleaf.standard.processor.StandardDOMEventAttributeTagProcessor
[THYMELEAF]             * [* {th:onchange,data-th-onchange}] [1000]: org.thymeleaf.standard.processor.StandardDOMEventAttributeTagProcessor
[THYMELEAF]             * [* {th:onstorage,data-th-onstorage}] [1000]: org.thymeleaf.standard.processor.StandardDOMEventAttributeTagProcessor
[THYMELEAF]             * [* {th:ondurationchange,data-th-ondurationchange}] [1000]: org.thymeleaf.standard.processor.StandardDOMEventAttributeTagProcessor
[THYMELEAF]             * [* {th:onkeyup,data-th-onkeyup}] [1000]: org.thymeleaf.standard.processor.StandardDOMEventAttributeTagProcessor
[THYMELEAF]             * [* {th:onsuspend,data-th-onsuspend}] [1000]: org.thymeleaf.standard.processor.StandardDOMEventAttributeTagProcessor
[THYMELEAF]             * [* {th:onended,data-th-onended}] [1000]: org.thymeleaf.standard.processor.StandardDOMEventAttributeTagProcessor
[THYMELEAF]             * [* {th:onsubmit,data-th-onsubmit}] [1000]: org.thymeleaf.standard.processor.StandardDOMEventAttributeTagProcessor
[THYMELEAF]             * [* {th:onprogress,data-th-onprogress}] [1000]: org.thymeleaf.standard.processor.StandardDOMEventAttributeTagProcessor
[THYMELEAF]             * [* {th:ondragover,data-th-ondragover}] [1000]: org.thymeleaf.standard.processor.StandardDOMEventAttributeTagProcessor
[THYMELEAF]             * [* {th:onplay,data-th-onplay}] [1000]: org.thymeleaf.standard.processor.StandardDOMEventAttributeTagProcessor
[THYMELEAF]             * [* {th:oncontextmenu,data-th-oncontextmenu}] [1000]: org.thymeleaf.standard.processor.StandardDOMEventAttributeTagProcessor
[THYMELEAF]             * [* {th:ononline,data-th-ononline}] [1000]: org.thymeleaf.standard.processor.StandardDOMEventAttributeTagProcessor
[THYMELEAF]             * [* {th:onshow,data-th-onshow}] [1000]: org.thymeleaf.standard.processor.StandardDOMEventAttributeTagProcessor
[THYMELEAF]             * [* {th:onkeydown,data-th-onkeydown}] [1000]: org.thymeleaf.standard.processor.StandardDOMEventAttributeTagProcessor
[THYMELEAF]             * [* {th:onwaiting,data-th-onwaiting}] [1000]: org.thymeleaf.standard.processor.StandardDOMEventAttributeTagProcessor
[THYMELEAF]             * [* {th:onloadeddata,data-th-onloadeddata}] [1000]: org.thymeleaf.standard.processor.StandardDOMEventAttributeTagProcessor
[THYMELEAF]             * [* {th:onmousedown,data-th-onmousedown}] [1000]: org.thymeleaf.standard.processor.StandardDOMEventAttributeTagProcessor
[THYMELEAF]             * [* {th:onplaying,data-th-onplaying}] [1000]: org.thymeleaf.standard.processor.StandardDOMEventAttributeTagProcessor
[THYMELEAF]             * [* {th:onpopstate,data-th-onpopstate}] [1000]: org.thymeleaf.standard.processor.StandardDOMEventAttributeTagProcessor
[THYMELEAF]             * [* {th:onoffline,data-th-onoffline}] [1000]: org.thymeleaf.standard.processor.StandardDOMEventAttributeTagProcessor
[THYMELEAF]             * [* {th:onloadedmetadata,data-th-onloadedmetadata}] [1000]: org.thymeleaf.standard.processor.StandardDOMEventAttributeTagProcessor
[THYMELEAF]             * [* {th:onmousemove,data-th-onmousemove}] [1000]: org.thymeleaf.standard.processor.StandardDOMEventAttributeTagProcessor
[THYMELEAF]             * [* {th:onselect,data-th-onselect}] [1000]: org.thymeleaf.standard.processor.StandardDOMEventAttributeTagProcessor
[THYMELEAF]             * [* {th:onstalled,data-th-onstalled}] [1000]: org.thymeleaf.standard.processor.StandardDOMEventAttributeTagProcessor
[THYMELEAF]             * [* {th:onmousewheel,data-th-onmousewheel}] [1000]: org.thymeleaf.standard.processor.StandardDOMEventAttributeTagProcessor
[THYMELEAF]             * [* {th:onscroll,data-th-onscroll}] [1000]: org.thymeleaf.standard.processor.StandardDOMEventAttributeTagProcessor
[THYMELEAF]             * [* {th:onemptied,data-th-onemptied}] [1000]: org.thymeleaf.standard.processor.StandardDOMEventAttributeTagProcessor
[THYMELEAF]             * [* {th:onforminput,data-th-onforminput}] [1000]: org.thymeleaf.standard.processor.StandardDOMEventAttributeTagProcessor
[THYMELEAF]             * [* {th:onerror,data-th-onerror}] [1000]: org.thymeleaf.standard.processor.StandardDOMEventAttributeTagProcessor
[THYMELEAF]             * [* {th:onundo,data-th-onundo}] [1000]: org.thymeleaf.standard.processor.StandardDOMEventAttributeTagProcessor
[THYMELEAF]             * [* {th:onvolumechange,data-th-onvolumechange}] [1000]: org.thymeleaf.standard.processor.StandardDOMEventAttributeTagProcessor
[THYMELEAF]             * [* {th:oncanplaythrough,data-th-oncanplaythrough}] [1000]: org.thymeleaf.standard.processor.StandardDOMEventAttributeTagProcessor
[THYMELEAF]             * [* {th:onseeked,data-th-onseeked}] [1000]: org.thymeleaf.standard.processor.StandardDOMEventAttributeTagProcessor
[THYMELEAF]             * [* {th:onunload,data-th-onunload}] [1000]: org.thymeleaf.standard.processor.StandardDOMEventAttributeTagProcessor
[THYMELEAF]             * [* {th:onpause,data-th-onpause}] [1000]: org.thymeleaf.standard.processor.StandardDOMEventAttributeTagProcessor
[THYMELEAF]             * [* {th:onclick,data-th-onclick}] [1000]: org.thymeleaf.standard.processor.StandardDOMEventAttributeTagProcessor
[THYMELEAF]             * [* {th:ontimeupdate,data-th-ontimeupdate}] [1000]: org.thymeleaf.standard.processor.StandardDOMEventAttributeTagProcessor
[THYMELEAF]             * [* {th:onmessage,data-th-onmessage}] [1000]: org.thymeleaf.standard.processor.StandardDOMEventAttributeTagProcessor
[THYMELEAF]             * [* {th:onhashchange,data-th-onhashchange}] [1000]: org.thymeleaf.standard.processor.StandardDOMEventAttributeTagProcessor
[THYMELEAF]             * [* {th:ondragenter,data-th-ondragenter}] [1000]: org.thymeleaf.standard.processor.StandardDOMEventAttributeTagProcessor
[THYMELEAF]             * [* {th:ondrag,data-th-ondrag}] [1000]: org.thymeleaf.standard.processor.StandardDOMEventAttributeTagProcessor
[THYMELEAF]             * [* {th:oncanplay,data-th-oncanplay}] [1000]: org.thymeleaf.standard.processor.StandardDOMEventAttributeTagProcessor
[THYMELEAF]             * [* {th:oninvalid,data-th-oninvalid}] [1000]: org.thymeleaf.standard.processor.StandardDOMEventAttributeTagProcessor
[THYMELEAF]             * [* {th:ondblclick,data-th-ondblclick}] [1000]: org.thymeleaf.standard.processor.StandardDOMEventAttributeTagProcessor
[THYMELEAF]             * [* {th:onfocus,data-th-onfocus}] [1000]: org.thymeleaf.standard.processor.StandardDOMEventAttributeTagProcessor
[THYMELEAF]             * [* {th:onloadstart,data-th-onloadstart}] [1000]: org.thymeleaf.standard.processor.StandardDOMEventAttributeTagProcessor
[THYMELEAF]             * [* {th:onbeforeunload,data-th-onbeforeunload}] [1000]: org.thymeleaf.standard.processor.StandardDOMEventAttributeTagProcessor
[THYMELEAF]             * [* {th:onafterprint,data-th-onafterprint}] [1000]: org.thymeleaf.standard.processor.StandardDOMEventAttributeTagProcessor
[THYMELEAF]             * [* {th:onredo,data-th-onredo}] [1000]: org.thymeleaf.standard.processor.StandardDOMEventAttributeTagProcessor
[THYMELEAF]             * [* {th:onblur,data-th-onblur}] [1000]: org.thymeleaf.standard.processor.StandardDOMEventAttributeTagProcessor
[THYMELEAF]             * [* {th:onbeforeprint,data-th-onbeforeprint}] [1000]: org.thymeleaf.standard.processor.StandardDOMEventAttributeTagProcessor
[THYMELEAF]             * [* {th:onreset,data-th-onreset}] [1000]: org.thymeleaf.standard.processor.StandardDOMEventAttributeTagProcessor
[THYMELEAF]             * [* {th:onkeypress,data-th-onkeypress}] [1000]: org.thymeleaf.standard.processor.StandardDOMEventAttributeTagProcessor
[THYMELEAF]             * [* {th:oninput,data-th-oninput}] [1000]: org.thymeleaf.standard.processor.StandardDOMEventAttributeTagProcessor
[THYMELEAF]             * [* {th:href,data-th-href}] [1000]: org.thymeleaf.standard.processor.StandardHrefTagProcessor
[THYMELEAF]             * [* {th:inline,data-th-inline}] [1000]: org.thymeleaf.standard.processor.StandardInlineHTMLTagProcessor
[THYMELEAF]             * [* {th:method,data-th-method}] [1000]: org.thymeleaf.standard.processor.StandardMethodTagProcessor
[THYMELEAF]             * [* {th:type,data-th-type}] [1000]: org.thymeleaf.standard.processor.StandardNonRemovableAttributeTagProcessor
[THYMELEAF]             * [* {th:name,data-th-name}] [1000]: org.thymeleaf.standard.processor.StandardNonRemovableAttributeTagProcessor
[THYMELEAF]             * [* {th:draggable,data-th-draggable}] [1000]: org.thymeleaf.standard.processor.StandardRemovableAttributeTagProcessor
[THYMELEAF]             * [* {th:marginwidth,data-th-marginwidth}] [1000]: org.thymeleaf.standard.processor.StandardRemovableAttributeTagProcessor
[THYMELEAF]             * [* {th:formaction,data-th-formaction}] [1000]: org.thymeleaf.standard.processor.StandardRemovableAttributeTagProcessor
[THYMELEAF]             * [* {th:sizes,data-th-sizes}] [1000]: org.thymeleaf.standard.processor.StandardRemovableAttributeTagProcessor
[THYMELEAF]             * [* {th:for,data-th-for}] [1000]: org.thymeleaf.standard.processor.StandardRemovableAttributeTagProcessor
[THYMELEAF]             * [* {th:sandbox,data-th-sandbox}] [1000]: org.thymeleaf.standard.processor.StandardRemovableAttributeTagProcessor
[THYMELEAF]             * [* {th:cellspacing,data-th-cellspacing}] [1000]: org.thymeleaf.standard.processor.StandardRemovableAttributeTagProcessor
[THYMELEAF]             * [* {th:border,data-th-border}] [1000]: org.thymeleaf.standard.processor.StandardRemovableAttributeTagProcessor
[THYMELEAF]             * [* {th:list,data-th-list}] [1000]: org.thymeleaf.standard.processor.StandardRemovableAttributeTagProcessor
[THYMELEAF]             * [* {th:pattern,data-th-pattern}] [1000]: org.thymeleaf.standard.processor.StandardRemovableAttributeTagProcessor
[THYMELEAF]             * [* {th:alt,data-th-alt}] [1000]: org.thymeleaf.standard.processor.StandardRemovableAttributeTagProcessor
[THYMELEAF]             * [* {th:class,data-th-class}] [1000]: org.thymeleaf.standard.processor.StandardRemovableAttributeTagProcessor
[THYMELEAF]             * [* {th:colspan,data-th-colspan}] [1000]: org.thymeleaf.standard.processor.StandardRemovableAttributeTagProcessor
[THYMELEAF]             * [* {th:srclang,data-th-srclang}] [1000]: org.thymeleaf.standard.processor.StandardRemovableAttributeTagProcessor
[THYMELEAF]             * [* {th:width,data-th-width}] [1000]: org.thymeleaf.standard.processor.StandardRemovableAttributeTagProcessor
[THYMELEAF]             * [* {th:frame,data-th-frame}] [1000]: org.thymeleaf.standard.processor.StandardRemovableAttributeTagProcessor
[THYMELEAF]             * [* {th:content,data-th-content}] [1000]: org.thymeleaf.standard.processor.StandardRemovableAttributeTagProcessor
[THYMELEAF]             * [* {th:classid,data-th-classid}] [1000]: org.thymeleaf.standard.processor.StandardRemovableAttributeTagProcessor
[THYMELEAF]             * [* {th:bgcolor,data-th-bgcolor}] [1000]: org.thymeleaf.standard.processor.StandardRemovableAttributeTagProcessor
[THYMELEAF]             * [* {th:rel,data-th-rel}] [1000]: org.thymeleaf.standard.processor.StandardRemovableAttributeTagProcessor
[THYMELEAF]             * [* {th:preload,data-th-preload}] [1000]: org.thymeleaf.standard.processor.StandardRemovableAttributeTagProcessor
[THYMELEAF]             * [* {th:media,data-th-media}] [1000]: org.thymeleaf.standard.processor.StandardRemovableAttributeTagProcessor
[THYMELEAF]             * [* {th:lang,data-th-lang}] [1000]: org.thymeleaf.standard.processor.StandardRemovableAttributeTagProcessor
[THYMELEAF]             * [* {th:archive,data-th-archive}] [1000]: org.thymeleaf.standard.processor.StandardRemovableAttributeTagProcessor
[THYMELEAF]             * [* {th:rows,data-th-rows}] [1000]: org.thymeleaf.standard.processor.StandardRemovableAttributeTagProcessor
[THYMELEAF]             * [* {th:start,data-th-start}] [1000]: org.thymeleaf.standard.processor.StandardRemovableAttributeTagProcessor
[THYMELEAF]             * [* {th:placeholder,data-th-placeholder}] [1000]: org.thymeleaf.standard.processor.StandardRemovableAttributeTagProcessor
[THYMELEAF]             * [* {th:valuetype,data-th-valuetype}] [1000]: org.thymeleaf.standard.processor.StandardRemovableAttributeTagProcessor
[THYMELEAF]             * [* {th:accesskey,data-th-accesskey}] [1000]: org.thymeleaf.standard.processor.StandardRemovableAttributeTagProcessor
[THYMELEAF]             * [* {th:http-equiv,data-th-http-equiv}] [1000]: org.thymeleaf.standard.processor.StandardRemovableAttributeTagProcessor
[THYMELEAF]             * [* {th:height,data-th-height}] [1000]: org.thymeleaf.standard.processor.StandardRemovableAttributeTagProcessor
[THYMELEAF]             * [* {th:frameborder,data-th-frameborder}] [1000]: org.thymeleaf.standard.processor.StandardRemovableAttributeTagProcessor
[THYMELEAF]             * [* {th:form,data-th-form}] [1000]: org.thymeleaf.standard.processor.StandardRemovableAttributeTagProcessor
[THYMELEAF]             * [* {th:formenctype,data-th-formenctype}] [1000]: org.thymeleaf.standard.processor.StandardRemovableAttributeTagProcessor
[THYMELEAF]             * [* {th:standby,data-th-standby}] [1000]: org.thymeleaf.standard.processor.StandardRemovableAttributeTagProcessor
[THYMELEAF]             * [* {th:usemap,data-th-usemap}] [1000]: org.thymeleaf.standard.processor.StandardRemovableAttributeTagProcessor
[THYMELEAF]             * [* {th:enctype,data-th-enctype}] [1000]: org.thymeleaf.standard.processor.StandardRemovableAttributeTagProcessor
[THYMELEAF]             * [* {th:cite,data-th-cite}] [1000]: org.thymeleaf.standard.processor.StandardRemovableAttributeTagProcessor
[THYMELEAF]             * [* {th:max,data-th-max}] [1000]: org.thymeleaf.standard.processor.StandardRemovableAttributeTagProcessor
[THYMELEAF]             * [* {th:summary,data-th-summary}] [1000]: org.thymeleaf.standard.processor.StandardRemovableAttributeTagProcessor
[THYMELEAF]             * [* {th:low,data-th-low}] [1000]: org.thymeleaf.standard.processor.StandardRemovableAttributeTagProcessor
[THYMELEAF]             * [* {th:formtarget,data-th-formtarget}] [1000]: org.thymeleaf.standard.processor.StandardRemovableAttributeTagProcessor
[THYMELEAF]             * [* {th:axis,data-th-axis}] [1000]: org.thymeleaf.standard.processor.StandardRemovableAttributeTagProcessor
[THYMELEAF]             * [* {th:contenteditable,data-th-contenteditable}] [1000]: org.thymeleaf.standard.processor.StandardRemovableAttributeTagProcessor
[THYMELEAF]             * [* {th:scope,data-th-scope}] [1000]: org.thymeleaf.standard.processor.StandardRemovableAttributeTagProcessor
[THYMELEAF]             * [* {th:contextmenu,data-th-contextmenu}] [1000]: org.thymeleaf.standard.processor.StandardRemovableAttributeTagProcessor
[THYMELEAF]             * [* {th:label,data-th-label}] [1000]: org.thymeleaf.standard.processor.StandardRemovableAttributeTagProcessor
[THYMELEAF]             * [* {th:compact,data-th-compact}] [1000]: org.thymeleaf.standard.processor.StandardRemovableAttributeTagProcessor
[THYMELEAF]             * [* {th:rev,data-th-rev}] [1000]: org.thymeleaf.standard.processor.StandardRemovableAttributeTagProcessor
[THYMELEAF]             * [* {th:background,data-th-background}] [1000]: org.thymeleaf.standard.processor.StandardRemovableAttributeTagProcessor
[THYMELEAF]             * [* {th:maxlength,data-th-maxlength}] [1000]: org.thymeleaf.standard.processor.StandardRemovableAttributeTagProcessor
[THYMELEAF]             * [* {th:rowspan,data-th-rowspan}] [1000]: org.thymeleaf.standard.processor.StandardRemovableAttributeTagProcessor
[THYMELEAF]             * [* {th:title,data-th-title}] [1000]: org.thymeleaf.standard.processor.StandardRemovableAttributeTagProcessor
[THYMELEAF]             * [* {th:hspace,data-th-hspace}] [1000]: org.thymeleaf.standard.processor.StandardRemovableAttributeTagProcessor
[THYMELEAF]             * [* {th:manifest,data-th-manifest}] [1000]: org.thymeleaf.standard.processor.StandardRemovableAttributeTagProcessor
[THYMELEAF]             * [* {th:dropzone,data-th-dropzone}] [1000]: org.thymeleaf.standard.processor.StandardRemovableAttributeTagProcessor
[THYMELEAF]             * [* {th:accept-charset,data-th-accept-charset}] [1000]: org.thymeleaf.standard.processor.StandardRemovableAttributeTagProcessor
[THYMELEAF]             * [* {th:codetype,data-th-codetype}] [1000]: org.thymeleaf.standard.processor.StandardRemovableAttributeTagProcessor
[THYMELEAF]             * [* {th:icon,data-th-icon}] [1000]: org.thymeleaf.standard.processor.StandardRemovableAttributeTagProcessor
[THYMELEAF]             * [* {th:rules,data-th-rules}] [1000]: org.thymeleaf.standard.processor.StandardRemovableAttributeTagProcessor
[THYMELEAF]             * [* {th:step,data-th-step}] [1000]: org.thymeleaf.standard.processor.StandardRemovableAttributeTagProcessor
[THYMELEAF]             * [* {th:id,data-th-id}] [1000]: org.thymeleaf.standard.processor.StandardRemovableAttributeTagProcessor
[THYMELEAF]             * [* {th:marginheight,data-th-marginheight}] [1000]: org.thymeleaf.standard.processor.StandardRemovableAttributeTagProcessor
[THYMELEAF]             * [* {th:tabindex,data-th-tabindex}] [1000]: org.thymeleaf.standard.processor.StandardRemovableAttributeTagProcessor
[THYMELEAF]             * [* {th:target,data-th-target}] [1000]: org.thymeleaf.standard.processor.StandardRemovableAttributeTagProcessor
[THYMELEAF]             * [* {th:headers,data-th-headers}] [1000]: org.thymeleaf.standard.processor.StandardRemovableAttributeTagProcessor
[THYMELEAF]             * [* {th:formmethod,data-th-formmethod}] [1000]: org.thymeleaf.standard.processor.StandardRemovableAttributeTagProcessor
[THYMELEAF]             * [* {th:cellpadding,data-th-cellpadding}] [1000]: org.thymeleaf.standard.processor.StandardRemovableAttributeTagProcessor
[THYMELEAF]             * [* {th:align,data-th-align}] [1000]: org.thymeleaf.standard.processor.StandardRemovableAttributeTagProcessor
[THYMELEAF]             * [* {th:size,data-th-size}] [1000]: org.thymeleaf.standard.processor.StandardRemovableAttributeTagProcessor
[THYMELEAF]             * [* {th:wrap,data-th-wrap}] [1000]: org.thymeleaf.standard.processor.StandardRemovableAttributeTagProcessor
[THYMELEAF]             * [* {th:spellcheck,data-th-spellcheck}] [1000]: org.thymeleaf.standard.processor.StandardRemovableAttributeTagProcessor
[THYMELEAF]             * [* {th:audio,data-th-audio}] [1000]: org.thymeleaf.standard.processor.StandardRemovableAttributeTagProcessor
[THYMELEAF]             * [* {th:scheme,data-th-scheme}] [1000]: org.thymeleaf.standard.processor.StandardRemovableAttributeTagProcessor
[THYMELEAF]             * [* {th:hreflang,data-th-hreflang}] [1000]: org.thymeleaf.standard.processor.StandardRemovableAttributeTagProcessor
[THYMELEAF]             * [* {th:autocomplete,data-th-autocomplete}] [1000]: org.thymeleaf.standard.processor.StandardRemovableAttributeTagProcessor
[THYMELEAF]             * [* {th:challenge,data-th-challenge}] [1000]: org.thymeleaf.standard.processor.StandardRemovableAttributeTagProcessor
[THYMELEAF]             * [* {th:accept,data-th-accept}] [1000]: org.thymeleaf.standard.processor.StandardRemovableAttributeTagProcessor
[THYMELEAF]             * [* {th:optimum,data-th-optimum}] [1000]: org.thymeleaf.standard.processor.StandardRemovableAttributeTagProcessor
[THYMELEAF]             * [* {th:data,data-th-data}] [1000]: org.thymeleaf.standard.processor.StandardRemovableAttributeTagProcessor
[THYMELEAF]             * [* {th:vspace,data-th-vspace}] [1000]: org.thymeleaf.standard.processor.StandardRemovableAttributeTagProcessor
[THYMELEAF]             * [* {th:dir,data-th-dir}] [1000]: org.thymeleaf.standard.processor.StandardRemovableAttributeTagProcessor
[THYMELEAF]             * [* {th:kind,data-th-kind}] [1000]: org.thymeleaf.standard.processor.StandardRemovableAttributeTagProcessor
[THYMELEAF]             * [* {th:poster,data-th-poster}] [1000]: org.thymeleaf.standard.processor.StandardRemovableAttributeTagProcessor
[THYMELEAF]             * [* {th:longdesc,data-th-longdesc}] [1000]: org.thymeleaf.standard.processor.StandardRemovableAttributeTagProcessor
[THYMELEAF]             * [* {th:min,data-th-min}] [1000]: org.thymeleaf.standard.processor.StandardRemovableAttributeTagProcessor
[THYMELEAF]             * [* {th:high,data-th-high}] [1000]: org.thymeleaf.standard.processor.StandardRemovableAttributeTagProcessor
[THYMELEAF]             * [* {th:span,data-th-span}] [1000]: org.thymeleaf.standard.processor.StandardRemovableAttributeTagProcessor
[THYMELEAF]             * [* {th:scrolling,data-th-scrolling}] [1000]: org.thymeleaf.standard.processor.StandardRemovableAttributeTagProcessor
[THYMELEAF]             * [* {th:charset,data-th-charset}] [1000]: org.thymeleaf.standard.processor.StandardRemovableAttributeTagProcessor
[THYMELEAF]             * [* {th:datetime,data-th-datetime}] [1000]: org.thymeleaf.standard.processor.StandardRemovableAttributeTagProcessor
[THYMELEAF]             * [* {th:keytype,data-th-keytype}] [1000]: org.thymeleaf.standard.processor.StandardRemovableAttributeTagProcessor
[THYMELEAF]             * [* {th:radiogroup,data-th-radiogroup}] [1000]: org.thymeleaf.standard.processor.StandardRemovableAttributeTagProcessor
[THYMELEAF]             * [* {th:codebase,data-th-codebase}] [1000]: org.thymeleaf.standard.processor.StandardRemovableAttributeTagProcessor
[THYMELEAF]             * [* {th:style,data-th-style}] [1000]: org.thymeleaf.standard.processor.StandardRemovableAttributeTagProcessor
[THYMELEAF]             * [* {th:abbr,data-th-abbr}] [1000]: org.thymeleaf.standard.processor.StandardRemovableAttributeTagProcessor
[THYMELEAF]             * [* {th:cols,data-th-cols}] [1000]: org.thymeleaf.standard.processor.StandardRemovableAttributeTagProcessor
[THYMELEAF]             * [* {th:src,data-th-src}] [1000]: org.thymeleaf.standard.processor.StandardSrcTagProcessor
[THYMELEAF]             * [* {th:value,data-th-value}] [1000]: org.thymeleaf.standard.processor.StandardValueTagProcessor
[THYMELEAF]             * [* {th:xmlbase,data-th-xmlbase}] [1000]: org.thymeleaf.standard.processor.StandardXmlBaseTagProcessor
[THYMELEAF]             * [* {th:xmllang,data-th-xmllang}] [1000]: org.thymeleaf.standard.processor.StandardXmlLangTagProcessor
[THYMELEAF]             * [* {xmlns:th}] [1000]: org.thymeleaf.standard.processor.StandardXmlNsTagProcessor
[THYMELEAF]             * [* {th:xmlspace,data-th-xmlspace}] [1000]: org.thymeleaf.standard.processor.StandardXmlSpaceTagProcessor
[THYMELEAF]             * [* {th:classappend,data-th-classappend}] [1100]: org.thymeleaf.standard.processor.StandardClassappendTagProcessor
[THYMELEAF]             * [* {th:styleappend,data-th-styleappend}] [1100]: org.thymeleaf.standard.processor.StandardStyleappendTagProcessor
[THYMELEAF]             * [* {th:text,data-th-text}] [1300]: org.thymeleaf.standard.processor.StandardTextTagProcessor
[THYMELEAF]             * [* {th:utext,data-th-utext}] [1400]: org.thymeleaf.standard.processor.StandardUtextTagProcessor
[THYMELEAF]             * [* {th:fragment,data-th-fragment}] [1500]: org.thymeleaf.standard.processor.StandardFragmentTagProcessor
[THYMELEAF]             * [* {th:assert,data-th-assert}] [1550]: org.thymeleaf.standard.processor.StandardAssertTagProcessor
[THYMELEAF]             * [* {th:remove,data-th-remove}] [1600]: org.thymeleaf.standard.processor.StandardRemoveTagProcessor
[THYMELEAF]             * [* {th:ref,data-th-ref}] [10000]: org.thymeleaf.standard.processor.StandardRefAttributeTagProcessor
[THYMELEAF]             * [{th:block,th-block} *] [100000]: org.thymeleaf.standard.processor.StandardBlockTagProcessor
[THYMELEAF]             * [* th:*] [2147483647]: org.thymeleaf.standard.processor.StandardDefaultAttributesTagProcessor
[THYMELEAF]         * Text Processors by [precedence]:
[THYMELEAF]             * [1000]: org.thymeleaf.standard.processor.StandardInliningTextProcessor
[THYMELEAF]         * DOCTYPE Processors by [precedence]:
[THYMELEAF]             * [1000]: org.thymeleaf.standard.processor.StandardTranslationDocTypeProcessor
[THYMELEAF]         * CDATA Section Processors by [precedence]:
[THYMELEAF]             * [1000]: org.thymeleaf.standard.processor.StandardInliningCDATASectionProcessor
[THYMELEAF]         * Comment Processors by [precedence]:
[THYMELEAF]             * [1000]: org.thymeleaf.standard.processor.StandardInliningCommentProcessor
[THYMELEAF]             * [1100]: org.thymeleaf.standard.processor.StandardConditionalCommentProcessor
[THYMELEAF]     * Processors for Template Mode: XML
[THYMELEAF]         * Element Tag Processors by [matching element and attribute name] [precedence]:
[THYMELEAF]             * [* {th:include}] [100]: org.thymeleaf.standard.processor.StandardIncludeTagProcessor
[THYMELEAF]             * [* {th:insert}] [100]: org.thymeleaf.standard.processor.StandardInsertTagProcessor
[THYMELEAF]             * [* {th:replace}] [100]: org.thymeleaf.standard.processor.StandardReplaceTagProcessor
[THYMELEAF]             * [* {th:each}] [200]: com.intuit.karate.template.KarateEachTagProcessor
[THYMELEAF]             * [* {th:switch}] [250]: org.thymeleaf.standard.processor.StandardSwitchTagProcessor
[THYMELEAF]             * [* {th:case}] [275]: org.thymeleaf.standard.processor.StandardCaseTagProcessor
[THYMELEAF]             * [* {th:if}] [300]: org.thymeleaf.standard.processor.StandardIfTagProcessor
[THYMELEAF]             * [* {th:unless}] [400]: org.thymeleaf.standard.processor.StandardUnlessTagProcessor
[THYMELEAF]             * [* {th:object}] [500]: org.thymeleaf.standard.processor.StandardObjectTagProcessor
[THYMELEAF]             * [* {th:with}] [600]: com.intuit.karate.template.KarateWithTagProcessor
[THYMELEAF]             * [* {th:attr}] [700]: com.intuit.karate.template.KarateAttributeTagProcessor.KarateAttrTagProcessor
[THYMELEAF]             * [* {th:attrappend}] [900]: com.intuit.karate.template.KarateAttributeTagProcessor.KarateAttrappendTagProcessor
[THYMELEAF]             * [* {th:attrprepend}] [900]: com.intuit.karate.template.KarateAttributeTagProcessor.KarateAttrprependTagProcessor
[THYMELEAF]             * [* {th:inline}] [1000]: org.thymeleaf.standard.processor.StandardInlineXMLTagProcessor
[THYMELEAF]             * [* {xmlns:th}] [1000]: org.thymeleaf.standard.processor.StandardXmlNsTagProcessor
[THYMELEAF]             * [* {th:text}] [1300]: org.thymeleaf.standard.processor.StandardTextTagProcessor
[THYMELEAF]             * [* {th:utext}] [1400]: org.thymeleaf.standard.processor.StandardUtextTagProcessor
[THYMELEAF]             * [* {th:fragment}] [1500]: org.thymeleaf.standard.processor.StandardFragmentTagProcessor
[THYMELEAF]             * [* {th:assert}] [1550]: org.thymeleaf.standard.processor.StandardAssertTagProcessor
[THYMELEAF]             * [* {th:remove}] [1600]: org.thymeleaf.standard.processor.StandardRemoveTagProcessor
[THYMELEAF]             * [* {th:ref}] [10000]: org.thymeleaf.standard.processor.StandardRefAttributeTagProcessor
[THYMELEAF]             * [{th:block} *] [100000]: org.thymeleaf.standard.processor.StandardBlockTagProcessor
[THYMELEAF]             * [* th:*] [2147483647]: org.thymeleaf.standard.processor.StandardDefaultAttributesTagProcessor
[THYMELEAF]         * Text Processors by [precedence]:
[THYMELEAF]             * [1000]: org.thymeleaf.standard.processor.StandardInliningTextProcessor
[THYMELEAF]         * CDATA Section Processors by [precedence]:
[THYMELEAF]             * [1000]: org.thymeleaf.standard.processor.StandardInliningCDATASectionProcessor
[THYMELEAF]         * Comment Processors by [precedence]:
[THYMELEAF]             * [1000]: org.thymeleaf.standard.processor.StandardInliningCommentProcessor
[THYMELEAF]     * Processors for Template Mode: TEXT
[THYMELEAF]         * Element Tag Processors by [matching element and attribute name] [precedence]:
[THYMELEAF]             * [* {th:insert}] [100]: org.thymeleaf.standard.processor.StandardInsertTagProcessor
[THYMELEAF]             * [* {th:replace}] [100]: org.thymeleaf.standard.processor.StandardReplaceTagProcessor
[THYMELEAF]             * [* {th:each}] [200]: com.intuit.karate.template.KarateEachTagProcessor
[THYMELEAF]             * [* {th:switch}] [250]: org.thymeleaf.standard.processor.StandardSwitchTagProcessor
[THYMELEAF]             * [* {th:case}] [275]: org.thymeleaf.standard.processor.StandardCaseTagProcessor
[THYMELEAF]             * [* {th:if}] [300]: org.thymeleaf.standard.processor.StandardIfTagProcessor
[THYMELEAF]             * [* {th:unless}] [400]: org.thymeleaf.standard.processor.StandardUnlessTagProcessor
[THYMELEAF]             * [* {th:object}] [500]: org.thymeleaf.standard.processor.StandardObjectTagProcessor
[THYMELEAF]             * [* {th:with}] [600]: com.intuit.karate.template.KarateWithTagProcessor
[THYMELEAF]             * [* {th:inline}] [1000]: org.thymeleaf.standard.processor.StandardInlineTextualTagProcessor
[THYMELEAF]             * [* {th:text}] [1300]: org.thymeleaf.standard.processor.StandardTextTagProcessor
[THYMELEAF]             * [* {th:utext}] [1400]: org.thymeleaf.standard.processor.StandardUtextTagProcessor
[THYMELEAF]             * [* {th:assert}] [1550]: org.thymeleaf.standard.processor.StandardAssertTagProcessor
[THYMELEAF]             * [* {th:remove}] [1600]: org.thymeleaf.standard.processor.StandardRemoveTagProcessor
[THYMELEAF]             * [* 100000] [org.thymeleaf.standard.processor.StandardBlockTagProcessor]: {}
[THYMELEAF]             * [{th:block} *] [100000]: org.thymeleaf.standard.processor.StandardBlockTagProcessor
[THYMELEAF]         * Text Processors by [precedence]:
[THYMELEAF]             * [1000]: org.thymeleaf.standard.processor.StandardInliningTextProcessor
[THYMELEAF]     * Processors for Template Mode: JAVASCRIPT
[THYMELEAF]         * Element Tag Processors by [matching element and attribute name] [precedence]:
[THYMELEAF]             * [* {th:insert}] [100]: org.thymeleaf.standard.processor.StandardInsertTagProcessor
[THYMELEAF]             * [* {th:replace}] [100]: org.thymeleaf.standard.processor.StandardReplaceTagProcessor
[THYMELEAF]             * [* {th:each}] [200]: com.intuit.karate.template.KarateEachTagProcessor
[THYMELEAF]             * [* {th:switch}] [250]: org.thymeleaf.standard.processor.StandardSwitchTagProcessor
[THYMELEAF]             * [* {th:case}] [275]: org.thymeleaf.standard.processor.StandardCaseTagProcessor
[THYMELEAF]             * [* {th:if}] [300]: org.thymeleaf.standard.processor.StandardIfTagProcessor
[THYMELEAF]             * [* {th:unless}] [400]: org.thymeleaf.standard.processor.StandardUnlessTagProcessor
[THYMELEAF]             * [* {th:object}] [500]: org.thymeleaf.standard.processor.StandardObjectTagProcessor
[THYMELEAF]             * [* {th:with}] [600]: com.intuit.karate.template.KarateWithTagProcessor
[THYMELEAF]             * [* {th:inline}] [1000]: org.thymeleaf.standard.processor.StandardInlineTextualTagProcessor
[THYMELEAF]             * [* {th:text}] [1300]: org.thymeleaf.standard.processor.StandardTextTagProcessor
[THYMELEAF]             * [* {th:utext}] [1400]: org.thymeleaf.standard.processor.StandardUtextTagProcessor
[THYMELEAF]             * [* {th:assert}] [1550]: org.thymeleaf.standard.processor.StandardAssertTagProcessor
[THYMELEAF]             * [* {th:remove}] [1600]: org.thymeleaf.standard.processor.StandardRemoveTagProcessor
[THYMELEAF]             * [* 100000] [org.thymeleaf.standard.processor.StandardBlockTagProcessor]: {}
[THYMELEAF]             * [{th:block} *] [100000]: org.thymeleaf.standard.processor.StandardBlockTagProcessor
[THYMELEAF]         * Text Processors by [precedence]:
[THYMELEAF]             * [1000]: org.thymeleaf.standard.processor.StandardInliningTextProcessor
[THYMELEAF]     * Processors for Template Mode: CSS
[THYMELEAF]         * Element Tag Processors by [matching element and attribute name] [precedence]:
[THYMELEAF]             * [* {th:insert}] [100]: org.thymeleaf.standard.processor.StandardInsertTagProcessor
[THYMELEAF]             * [* {th:replace}] [100]: org.thymeleaf.standard.processor.StandardReplaceTagProcessor
[THYMELEAF]             * [* {th:each}] [200]: com.intuit.karate.template.KarateEachTagProcessor
[THYMELEAF]             * [* {th:switch}] [250]: org.thymeleaf.standard.processor.StandardSwitchTagProcessor
[THYMELEAF]             * [* {th:case}] [275]: org.thymeleaf.standard.processor.StandardCaseTagProcessor
[THYMELEAF]             * [* {th:if}] [300]: org.thymeleaf.standard.processor.StandardIfTagProcessor
[THYMELEAF]             * [* {th:unless}] [400]: org.thymeleaf.standard.processor.StandardUnlessTagProcessor
[THYMELEAF]             * [* {th:object}] [500]: org.thymeleaf.standard.processor.StandardObjectTagProcessor
[THYMELEAF]             * [* {th:with}] [600]: com.intuit.karate.template.KarateWithTagProcessor
[THYMELEAF]             * [* {th:inline}] [1000]: org.thymeleaf.standard.processor.StandardInlineTextualTagProcessor
[THYMELEAF]             * [* {th:text}] [1300]: org.thymeleaf.standard.processor.StandardTextTagProcessor
[THYMELEAF]             * [* {th:utext}] [1400]: org.thymeleaf.standard.processor.StandardUtextTagProcessor
[THYMELEAF]             * [* {th:assert}] [1550]: org.thymeleaf.standard.processor.StandardAssertTagProcessor
[THYMELEAF]             * [* {th:remove}] [1600]: org.thymeleaf.standard.processor.StandardRemoveTagProcessor
[THYMELEAF]             * [{th:block} *] [100000]: org.thymeleaf.standard.processor.StandardBlockTagProcessor
[THYMELEAF]             * [* 100000] [org.thymeleaf.standard.processor.StandardBlockTagProcessor]: {}
[THYMELEAF]         * Text Processors by [precedence]:
[THYMELEAF]             * [1000]: org.thymeleaf.standard.processor.StandardInliningTextProcessor
[THYMELEAF]     * Expression Objects:
[THYMELEAF]         * #ctx
[THYMELEAF]         * #root
[THYMELEAF]         * #vars
[THYMELEAF]         * #object
[THYMELEAF]         * #locale
[THYMELEAF]         * #conversions
[THYMELEAF]         * #uris
[THYMELEAF]         * #temporals
[THYMELEAF]         * #calendars
[THYMELEAF]         * #dates
[THYMELEAF]         * #bools
[THYMELEAF]         * #numbers
[THYMELEAF]         * #objects
[THYMELEAF]         * #strings
[THYMELEAF]         * #arrays
[THYMELEAF]         * #lists
[THYMELEAF]         * #sets
[THYMELEAF]         * #maps
[THYMELEAF]         * #aggregates
[THYMELEAF]         * #messages
[THYMELEAF]         * #ids
[THYMELEAF]         * #execInfo
[THYMELEAF]         * #request
[THYMELEAF]         * #response
[THYMELEAF]         * #session
[THYMELEAF]         * #servletContext
[THYMELEAF]     * Execution Attributes:
[THYMELEAF]         * "StandardExpressionParser": com.intuit.karate.template.KarateStandardDialect@219edc05
[THYMELEAF]         * "StandardJavaScriptSerializer": org.thymeleaf.standard.serializer.StandardJavaScriptSerializer@2b19b346
[THYMELEAF]         * "StandardCSSSerializer": org.thymeleaf.standard.serializer.StandardCSSSerializer@37c5b8e8
[THYMELEAF]         * "StandardVariableExpressionEvaluator": com.intuit.karate.template.KarateStandardDialect@219edc05
[THYMELEAF]         * "StandardConversionService": org.thymeleaf.standard.expression.StandardConversionService@706d2bae
[THYMELEAF] * Dialect [2 of 2]: karate (com.intuit.karate.template.KarateScriptDialect)
[THYMELEAF]     * Prefix: "ka"
[THYMELEAF]     * Processors for Template Mode: HTML
[THYMELEAF]         * Element Tag Processors by [matching element and attribute name] [precedence]:
[THYMELEAF]             * [* {src}] [1000]: com.intuit.karate.template.KaScriptAttrProcessor
[THYMELEAF]         * Element Model Processors by [matching element and attribute name] [precedence]:
[THYMELEAF]             * [{script} {ka:scope,data-ka-scope}] [1000]: com.intuit.karate.template.KaScriptElemProcessor
[THYMELEAF]             * [* {ka:set,data-ka-set}] [1000]: com.intuit.karate.template.KaSetElemProcessor
[THYMELEAF] TEMPLATE ENGINE CONFIGURED OK
18:20:42.550 [main] DEBUG org.thymeleaf.TemplateEngine -- [THYMELEAF] TEMPLATE ENGINE INITIALIZED

HTML report: (paste into browser to view) | Karate version: 1.4.1
file:///C:/Users/monst/karate-tests/target/karate-reports/karate-summary.html
===================================================================

]]></system-out>
    <system-err><![CDATA[ERROR StatusLogger Log4j2 could not find a logging implementation. Please add log4j-core to the classpath. Using SimpleLogger to log to the console...
]]></system-err>
  </testcase>
</testsuite>