<?xml version="1.0" encoding="UTF-8"?>
<testsuite xmlns:xsi="http://www.w3.org/2001/XMLSchema-instance" xsi:noNamespaceSchemaLocation="https://maven.apache.org/surefire/maven-surefire-plugin/xsd/surefire-test-report-3.0.xsd" version="3.0" name="runners.users.GetUsersExcelTestRunner" time="8.101" tests="1" errors="0" skipped="0" failures="0">
  <properties>
    <property name="java.specification.version" value="17"/>
    <property name="sun.cpu.isalist" value="amd64"/>
    <property name="sun.jnu.encoding" value="Cp1252"/>
    <property name="java.class.path" value="C:\Users\monst\karate-tests\target\test-classes;C:\Users\monst\karate-tests\target\classes;C:\Users\monst\.m2\repository\com\intuit\karate\karate-junit5\1.4.1\karate-junit5-1.4.1.jar;C:\Users\monst\.m2\repository\com\intuit\karate\karate-core\1.4.1\karate-core-1.4.1.jar;C:\Users\monst\.m2\repository\org\graalvm\js\js-scriptengine\22.3.3\js-scriptengine-22.3.3.jar;C:\Users\monst\.m2\repository\org\graalvm\sdk\graal-sdk\22.3.3\graal-sdk-22.3.3.jar;C:\Users\monst\.m2\repository\org\graalvm\js\js\22.3.3\js-22.3.3.jar;C:\Users\monst\.m2\repository\org\graalvm\regex\regex\22.3.3\regex-22.3.3.jar;C:\Users\monst\.m2\repository\org\graalvm\truffle\truffle-api\22.3.3\truffle-api-22.3.3.jar;C:\Users\monst\.m2\repository\com\ibm\icu\icu4j\71.1\icu4j-71.1.jar;C:\Users\monst\.m2\repository\org\thymeleaf\thymeleaf\3.1.2.RELEASE\thymeleaf-3.1.2.RELEASE.jar;C:\Users\monst\.m2\repository\ognl\ognl\3.3.4\ognl-3.3.4.jar;C:\Users\monst\.m2\repository\org\javassist\javassist\3.29.0-GA\javassist-3.29.0-GA.jar;C:\Users\monst\.m2\repository\org\attoparser\attoparser\2.0.7.RELEASE\attoparser-2.0.7.RELEASE.jar;C:\Users\monst\.m2\repository\org\unbescape\unbescape\1.1.6.RELEASE\unbescape-1.1.6.RELEASE.jar;C:\Users\monst\.m2\repository\org\slf4j\slf4j-api\2.0.7\slf4j-api-2.0.7.jar;C:\Users\monst\.m2\repository\com\linecorp\armeria\armeria\1.25.2\armeria-1.25.2.jar;C:\Users\monst\.m2\repository\com\fasterxml\jackson\core\jackson-core\2.15.2\jackson-core-2.15.2.jar;C:\Users\monst\.m2\repository\com\fasterxml\jackson\core\jackson-annotations\2.15.2\jackson-annotations-2.15.2.jar;C:\Users\monst\.m2\repository\com\fasterxml\jackson\core\jackson-databind\2.15.2\jackson-databind-2.15.2.jar;C:\Users\monst\.m2\repository\com\fasterxml\jackson\datatype\jackson-datatype-jdk8\2.15.2\jackson-datatype-jdk8-2.15.2.jar;C:\Users\monst\.m2\repository\com\fasterxml\jackson\datatype\jackson-datatype-jsr310\2.15.2\jackson-datatype-jsr310-2.15.2.jar;C:\Users\monst\.m2\repository\io\micrometer\micrometer-core\1.11.3\micrometer-core-1.11.3.jar;C:\Users\monst\.m2\repository\io\micrometer\micrometer-commons\1.11.3\micrometer-commons-1.11.3.jar;C:\Users\monst\.m2\repository\io\micrometer\micrometer-observation\1.11.3\micrometer-observation-1.11.3.jar;C:\Users\monst\.m2\repository\org\hdrhistogram\HdrHistogram\2.1.12\HdrHistogram-2.1.12.jar;C:\Users\monst\.m2\repository\org\latencyutils\LatencyUtils\2.0.3\LatencyUtils-2.0.3.jar;C:\Users\monst\.m2\repository\io\netty\netty-transport\4.1.96.Final\netty-transport-4.1.96.Final.jar;C:\Users\monst\.m2\repository\io\netty\netty-common\4.1.96.Final\netty-common-4.1.96.Final.jar;C:\Users\monst\.m2\repository\io\netty\netty-buffer\4.1.96.Final\netty-buffer-4.1.96.Final.jar;C:\Users\monst\.m2\repository\io\netty\netty-resolver\4.1.96.Final\netty-resolver-4.1.96.Final.jar;C:\Users\monst\.m2\repository\io\netty\netty-codec-haproxy\4.1.96.Final\netty-codec-haproxy-4.1.96.Final.jar;C:\Users\monst\.m2\repository\io\netty\netty-codec\4.1.96.Final\netty-codec-4.1.96.Final.jar;C:\Users\monst\.m2\repository\io\netty\netty-codec-http2\4.1.96.Final\netty-codec-http2-4.1.96.Final.jar;C:\Users\monst\.m2\repository\io\netty\netty-handler\4.1.96.Final\netty-handler-4.1.96.Final.jar;C:\Users\monst\.m2\repository\io\netty\netty-codec-http\4.1.96.Final\netty-codec-http-4.1.96.Final.jar;C:\Users\monst\.m2\repository\io\netty\netty-resolver-dns\4.1.96.Final\netty-resolver-dns-4.1.96.Final.jar;C:\Users\monst\.m2\repository\io\netty\netty-codec-dns\4.1.96.Final\netty-codec-dns-4.1.96.Final.jar;C:\Users\monst\.m2\repository\org\reactivestreams\reactive-streams\1.0.4\reactive-streams-1.0.4.jar;C:\Users\monst\.m2\repository\com\google\code\findbugs\jsr305\3.0.2\jsr305-3.0.2.jar;C:\Users\monst\.m2\repository\io\netty\netty-handler-proxy\4.1.96.Final\netty-handler-proxy-4.1.96.Final.jar;C:\Users\monst\.m2\repository\io\netty\netty-codec-socks\4.1.96.Final\netty-codec-socks-4.1.96.Final.jar;C:\Users\monst\.m2\repository\io\netty\netty-transport-native-unix-common\4.1.96.Final\netty-transport-native-unix-common-4.1.96.Final-linux-x86_64.jar;C:\Users\monst\.m2\repository\io\netty\netty-transport-native-epoll\4.1.96.Final\netty-transport-native-epoll-4.1.96.Final-linux-x86_64.jar;C:\Users\monst\.m2\repository\io\netty\netty-transport-native-unix-common\4.1.96.Final\netty-transport-native-unix-common-4.1.96.Final.jar;C:\Users\monst\.m2\repository\io\netty\netty-transport-classes-epoll\4.1.96.Final\netty-transport-classes-epoll-4.1.96.Final.jar;C:\Users\monst\.m2\repository\io\netty\netty-transport-native-unix-common\4.1.96.Final\netty-transport-native-unix-common-4.1.96.Final-linux-aarch_64.jar;C:\Users\monst\.m2\repository\io\netty\netty-transport-native-epoll\4.1.96.Final\netty-transport-native-epoll-4.1.96.Final-linux-aarch_64.jar;C:\Users\monst\.m2\repository\io\netty\netty-transport-native-unix-common\4.1.96.Final\netty-transport-native-unix-common-4.1.96.Final-osx-x86_64.jar;C:\Users\monst\.m2\repository\io\netty\netty-transport-native-kqueue\4.1.96.Final\netty-transport-native-kqueue-4.1.96.Final-osx-x86_64.jar;C:\Users\monst\.m2\repository\io\netty\netty-transport-classes-kqueue\4.1.96.Final\netty-transport-classes-kqueue-4.1.96.Final.jar;C:\Users\monst\.m2\repository\io\netty\netty-resolver-dns-native-macos\4.1.96.Final\netty-resolver-dns-native-macos-4.1.96.Final-osx-x86_64.jar;C:\Users\monst\.m2\repository\io\netty\netty-resolver-dns-classes-macos\4.1.96.Final\netty-resolver-dns-classes-macos-4.1.96.Final.jar;C:\Users\monst\.m2\repository\io\netty\netty-transport-native-unix-common\4.1.96.Final\netty-transport-native-unix-common-4.1.96.Final-osx-aarch_64.jar;C:\Users\monst\.m2\repository\io\netty\netty-transport-native-kqueue\4.1.96.Final\netty-transport-native-kqueue-4.1.96.Final-osx-aarch_64.jar;C:\Users\monst\.m2\repository\io\netty\netty-resolver-dns-native-macos\4.1.96.Final\netty-resolver-dns-native-macos-4.1.96.Final-osx-aarch_64.jar;C:\Users\monst\.m2\repository\io\netty\netty-tcnative-boringssl-static\2.0.61.Final\netty-tcnative-boringssl-static-2.0.61.Final-linux-x86_64.jar;C:\Users\monst\.m2\repository\io\netty\netty-tcnative-classes\2.0.61.Final\netty-tcnative-classes-2.0.61.Final.jar;C:\Users\monst\.m2\repository\io\netty\netty-tcnative-boringssl-static\2.0.61.Final\netty-tcnative-boringssl-static-2.0.61.Final-linux-aarch_64.jar;C:\Users\monst\.m2\repository\io\netty\netty-tcnative-boringssl-static\2.0.61.Final\netty-tcnative-boringssl-static-2.0.61.Final-osx-x86_64.jar;C:\Users\monst\.m2\repository\io\netty\netty-tcnative-boringssl-static\2.0.61.Final\netty-tcnative-boringssl-static-2.0.61.Final-osx-aarch_64.jar;C:\Users\monst\.m2\repository\io\netty\netty-tcnative-boringssl-static\2.0.61.Final\netty-tcnative-boringssl-static-2.0.61.Final-windows-x86_64.jar;C:\Users\monst\.m2\repository\com\aayushatharva\brotli4j\brotli4j\1.12.0\brotli4j-1.12.0.jar;C:\Users\monst\.m2\repository\com\aayushatharva\brotli4j\service\1.12.0\service-1.12.0.jar;C:\Users\monst\.m2\repository\com\aayushatharva\brotli4j\native-windows-x86_64\1.12.0\native-windows-x86_64-1.12.0.jar;C:\Users\monst\.m2\repository\org\apache\httpcomponents\httpclient\4.5.14\httpclient-4.5.14.jar;C:\Users\monst\.m2\repository\org\apache\httpcomponents\httpcore\4.4.16\httpcore-4.4.16.jar;C:\Users\monst\.m2\repository\ch\qos\logback\logback-classic\1.4.11\logback-classic-1.4.11.jar;C:\Users\monst\.m2\repository\ch\qos\logback\logback-core\1.4.11\logback-core-1.4.11.jar;C:\Users\monst\.m2\repository\org\slf4j\jcl-over-slf4j\2.0.9\jcl-over-slf4j-2.0.9.jar;C:\Users\monst\.m2\repository\org\antlr\antlr4-runtime\4.11.1\antlr4-runtime-4.11.1.jar;C:\Users\monst\.m2\repository\com\jayway\jsonpath\json-path\2.8.0\json-path-2.8.0.jar;C:\Users\monst\.m2\repository\net\minidev\json-smart\2.4.10\json-smart-2.4.10.jar;C:\Users\monst\.m2\repository\net\minidev\accessors-smart\2.4.9\accessors-smart-2.4.9.jar;C:\Users\monst\.m2\repository\org\ow2\asm\asm\9.3\asm-9.3.jar;C:\Users\monst\.m2\repository\org\yaml\snakeyaml\2.0\snakeyaml-2.0.jar;C:\Users\monst\.m2\repository\de\siegmar\fastcsv\2.2.1\fastcsv-2.2.1.jar;C:\Users\monst\.m2\repository\info\picocli\picocli\4.7.1\picocli-4.7.1.jar;C:\Users\monst\.m2\repository\io\github\classgraph\classgraph\4.8.160\classgraph-4.8.160.jar;C:\Users\monst\.m2\repository\io\github\t12y\resemble\1.0.2\resemble-1.0.2.jar;C:\Users\monst\.m2\repository\io\github\t12y\ssim\1.0.0\ssim-1.0.0.jar;C:\Users\monst\.m2\repository\org\junit\jupiter\junit-jupiter-api\5.9.3\junit-jupiter-api-5.9.3.jar;C:\Users\monst\.m2\repository\org\opentest4j\opentest4j\1.2.0\opentest4j-1.2.0.jar;C:\Users\monst\.m2\repository\org\junit\platform\junit-platform-commons\1.9.3\junit-platform-commons-1.9.3.jar;C:\Users\monst\.m2\repository\org\apiguardian\apiguardian-api\1.1.2\apiguardian-api-1.1.2.jar;C:\Users\monst\.m2\repository\org\junit\jupiter\junit-jupiter-engine\5.9.3\junit-jupiter-engine-5.9.3.jar;C:\Users\monst\.m2\repository\org\junit\platform\junit-platform-engine\1.9.3\junit-platform-engine-1.9.3.jar;C:\Users\monst\.m2\repository\org\apache\poi\poi\5.2.4\poi-5.2.4.jar;C:\Users\monst\.m2\repository\commons-codec\commons-codec\1.16.0\commons-codec-1.16.0.jar;C:\Users\monst\.m2\repository\org\apache\commons\commons-collections4\4.4\commons-collections4-4.4.jar;C:\Users\monst\.m2\repository\org\apache\commons\commons-math3\3.6.1\commons-math3-3.6.1.jar;C:\Users\monst\.m2\repository\commons-io\commons-io\2.13.0\commons-io-2.13.0.jar;C:\Users\monst\.m2\repository\com\zaxxer\SparseBitSet\1.3\SparseBitSet-1.3.jar;C:\Users\monst\.m2\repository\org\apache\logging\log4j\log4j-api\2.20.0\log4j-api-2.20.0.jar;C:\Users\monst\.m2\repository\org\apache\poi\poi-ooxml\5.2.4\poi-ooxml-5.2.4.jar;C:\Users\monst\.m2\repository\org\apache\poi\poi-ooxml-lite\5.2.4\poi-ooxml-lite-5.2.4.jar;C:\Users\monst\.m2\repository\org\apache\xmlbeans\xmlbeans\5.1.1\xmlbeans-5.1.1.jar;C:\Users\monst\.m2\repository\org\apache\commons\commons-compress\1.24.0\commons-compress-1.24.0.jar;C:\Users\monst\.m2\repository\com\github\virtuald\curvesapi\1.08\curvesapi-1.08.jar;"/>
    <property name="java.vm.vendor" value="Oracle Corporation"/>
    <property name="sun.arch.data.model" value="64"/>
    <property name="user.variant" value=""/>
    <property name="java.vendor.url" value="https://java.oracle.com/"/>
    <property name="user.timezone" value="Asia/Saigon"/>
    <property name="os.name" value="Windows 11"/>
    <property name="java.vm.specification.version" value="17"/>
    <property name="sun.java.launcher" value="SUN_STANDARD"/>
    <property name="user.country" value="US"/>
    <property name="sun.boot.library.path" value="C:\Program Files\Java\jdk-17\bin"/>
    <property name="sun.java.command" value="C:\Users\monst\AppData\Local\Temp\surefire2210738550606077039\surefirebooter-20250623235358928_3.jar C:\Users\monst\AppData\Local\Temp\surefire2210738550606077039 2025-06-23T23-53-58_491-jvmRun1 surefire-20250623235358928_1tmp surefire_0-20250623235358928_2tmp"/>
    <property name="jdk.debug" value="release"/>
    <property name="test" value="GetUsersExcelTestRunner"/>
    <property name="surefire.test.class.path" value="C:\Users\monst\karate-tests\target\test-classes;C:\Users\monst\karate-tests\target\classes;C:\Users\monst\.m2\repository\com\intuit\karate\karate-junit5\1.4.1\karate-junit5-1.4.1.jar;C:\Users\monst\.m2\repository\com\intuit\karate\karate-core\1.4.1\karate-core-1.4.1.jar;C:\Users\monst\.m2\repository\org\graalvm\js\js-scriptengine\22.3.3\js-scriptengine-22.3.3.jar;C:\Users\monst\.m2\repository\org\graalvm\sdk\graal-sdk\22.3.3\graal-sdk-22.3.3.jar;C:\Users\monst\.m2\repository\org\graalvm\js\js\22.3.3\js-22.3.3.jar;C:\Users\monst\.m2\repository\org\graalvm\regex\regex\22.3.3\regex-22.3.3.jar;C:\Users\monst\.m2\repository\org\graalvm\truffle\truffle-api\22.3.3\truffle-api-22.3.3.jar;C:\Users\monst\.m2\repository\com\ibm\icu\icu4j\71.1\icu4j-71.1.jar;C:\Users\monst\.m2\repository\org\thymeleaf\thymeleaf\3.1.2.RELEASE\thymeleaf-3.1.2.RELEASE.jar;C:\Users\monst\.m2\repository\ognl\ognl\3.3.4\ognl-3.3.4.jar;C:\Users\monst\.m2\repository\org\javassist\javassist\3.29.0-GA\javassist-3.29.0-GA.jar;C:\Users\monst\.m2\repository\org\attoparser\attoparser\2.0.7.RELEASE\attoparser-2.0.7.RELEASE.jar;C:\Users\monst\.m2\repository\org\unbescape\unbescape\1.1.6.RELEASE\unbescape-1.1.6.RELEASE.jar;C:\Users\monst\.m2\repository\org\slf4j\slf4j-api\2.0.7\slf4j-api-2.0.7.jar;C:\Users\monst\.m2\repository\com\linecorp\armeria\armeria\1.25.2\armeria-1.25.2.jar;C:\Users\monst\.m2\repository\com\fasterxml\jackson\core\jackson-core\2.15.2\jackson-core-2.15.2.jar;C:\Users\monst\.m2\repository\com\fasterxml\jackson\core\jackson-annotations\2.15.2\jackson-annotations-2.15.2.jar;C:\Users\monst\.m2\repository\com\fasterxml\jackson\core\jackson-databind\2.15.2\jackson-databind-2.15.2.jar;C:\Users\monst\.m2\repository\com\fasterxml\jackson\datatype\jackson-datatype-jdk8\2.15.2\jackson-datatype-jdk8-2.15.2.jar;C:\Users\monst\.m2\repository\com\fasterxml\jackson\datatype\jackson-datatype-jsr310\2.15.2\jackson-datatype-jsr310-2.15.2.jar;C:\Users\monst\.m2\repository\io\micrometer\micrometer-core\1.11.3\micrometer-core-1.11.3.jar;C:\Users\monst\.m2\repository\io\micrometer\micrometer-commons\1.11.3\micrometer-commons-1.11.3.jar;C:\Users\monst\.m2\repository\io\micrometer\micrometer-observation\1.11.3\micrometer-observation-1.11.3.jar;C:\Users\monst\.m2\repository\org\hdrhistogram\HdrHistogram\2.1.12\HdrHistogram-2.1.12.jar;C:\Users\monst\.m2\repository\org\latencyutils\LatencyUtils\2.0.3\LatencyUtils-2.0.3.jar;C:\Users\monst\.m2\repository\io\netty\netty-transport\4.1.96.Final\netty-transport-4.1.96.Final.jar;C:\Users\monst\.m2\repository\io\netty\netty-common\4.1.96.Final\netty-common-4.1.96.Final.jar;C:\Users\monst\.m2\repository\io\netty\netty-buffer\4.1.96.Final\netty-buffer-4.1.96.Final.jar;C:\Users\monst\.m2\repository\io\netty\netty-resolver\4.1.96.Final\netty-resolver-4.1.96.Final.jar;C:\Users\monst\.m2\repository\io\netty\netty-codec-haproxy\4.1.96.Final\netty-codec-haproxy-4.1.96.Final.jar;C:\Users\monst\.m2\repository\io\netty\netty-codec\4.1.96.Final\netty-codec-4.1.96.Final.jar;C:\Users\monst\.m2\repository\io\netty\netty-codec-http2\4.1.96.Final\netty-codec-http2-4.1.96.Final.jar;C:\Users\monst\.m2\repository\io\netty\netty-handler\4.1.96.Final\netty-handler-4.1.96.Final.jar;C:\Users\monst\.m2\repository\io\netty\netty-codec-http\4.1.96.Final\netty-codec-http-4.1.96.Final.jar;C:\Users\monst\.m2\repository\io\netty\netty-resolver-dns\4.1.96.Final\netty-resolver-dns-4.1.96.Final.jar;C:\Users\monst\.m2\repository\io\netty\netty-codec-dns\4.1.96.Final\netty-codec-dns-4.1.96.Final.jar;C:\Users\monst\.m2\repository\org\reactivestreams\reactive-streams\1.0.4\reactive-streams-1.0.4.jar;C:\Users\monst\.m2\repository\com\google\code\findbugs\jsr305\3.0.2\jsr305-3.0.2.jar;C:\Users\monst\.m2\repository\io\netty\netty-handler-proxy\4.1.96.Final\netty-handler-proxy-4.1.96.Final.jar;C:\Users\monst\.m2\repository\io\netty\netty-codec-socks\4.1.96.Final\netty-codec-socks-4.1.96.Final.jar;C:\Users\monst\.m2\repository\io\netty\netty-transport-native-unix-common\4.1.96.Final\netty-transport-native-unix-common-4.1.96.Final-linux-x86_64.jar;C:\Users\monst\.m2\repository\io\netty\netty-transport-native-epoll\4.1.96.Final\netty-transport-native-epoll-4.1.96.Final-linux-x86_64.jar;C:\Users\monst\.m2\repository\io\netty\netty-transport-native-unix-common\4.1.96.Final\netty-transport-native-unix-common-4.1.96.Final.jar;C:\Users\monst\.m2\repository\io\netty\netty-transport-classes-epoll\4.1.96.Final\netty-transport-classes-epoll-4.1.96.Final.jar;C:\Users\monst\.m2\repository\io\netty\netty-transport-native-unix-common\4.1.96.Final\netty-transport-native-unix-common-4.1.96.Final-linux-aarch_64.jar;C:\Users\monst\.m2\repository\io\netty\netty-transport-native-epoll\4.1.96.Final\netty-transport-native-epoll-4.1.96.Final-linux-aarch_64.jar;C:\Users\monst\.m2\repository\io\netty\netty-transport-native-unix-common\4.1.96.Final\netty-transport-native-unix-common-4.1.96.Final-osx-x86_64.jar;C:\Users\monst\.m2\repository\io\netty\netty-transport-native-kqueue\4.1.96.Final\netty-transport-native-kqueue-4.1.96.Final-osx-x86_64.jar;C:\Users\monst\.m2\repository\io\netty\netty-transport-classes-kqueue\4.1.96.Final\netty-transport-classes-kqueue-4.1.96.Final.jar;C:\Users\monst\.m2\repository\io\netty\netty-resolver-dns-native-macos\4.1.96.Final\netty-resolver-dns-native-macos-4.1.96.Final-osx-x86_64.jar;C:\Users\monst\.m2\repository\io\netty\netty-resolver-dns-classes-macos\4.1.96.Final\netty-resolver-dns-classes-macos-4.1.96.Final.jar;C:\Users\monst\.m2\repository\io\netty\netty-transport-native-unix-common\4.1.96.Final\netty-transport-native-unix-common-4.1.96.Final-osx-aarch_64.jar;C:\Users\monst\.m2\repository\io\netty\netty-transport-native-kqueue\4.1.96.Final\netty-transport-native-kqueue-4.1.96.Final-osx-aarch_64.jar;C:\Users\monst\.m2\repository\io\netty\netty-resolver-dns-native-macos\4.1.96.Final\netty-resolver-dns-native-macos-4.1.96.Final-osx-aarch_64.jar;C:\Users\monst\.m2\repository\io\netty\netty-tcnative-boringssl-static\2.0.61.Final\netty-tcnative-boringssl-static-2.0.61.Final-linux-x86_64.jar;C:\Users\monst\.m2\repository\io\netty\netty-tcnative-classes\2.0.61.Final\netty-tcnative-classes-2.0.61.Final.jar;C:\Users\monst\.m2\repository\io\netty\netty-tcnative-boringssl-static\2.0.61.Final\netty-tcnative-boringssl-static-2.0.61.Final-linux-aarch_64.jar;C:\Users\monst\.m2\repository\io\netty\netty-tcnative-boringssl-static\2.0.61.Final\netty-tcnative-boringssl-static-2.0.61.Final-osx-x86_64.jar;C:\Users\monst\.m2\repository\io\netty\netty-tcnative-boringssl-static\2.0.61.Final\netty-tcnative-boringssl-static-2.0.61.Final-osx-aarch_64.jar;C:\Users\monst\.m2\repository\io\netty\netty-tcnative-boringssl-static\2.0.61.Final\netty-tcnative-boringssl-static-2.0.61.Final-windows-x86_64.jar;C:\Users\monst\.m2\repository\com\aayushatharva\brotli4j\brotli4j\1.12.0\brotli4j-1.12.0.jar;C:\Users\monst\.m2\repository\com\aayushatharva\brotli4j\service\1.12.0\service-1.12.0.jar;C:\Users\monst\.m2\repository\com\aayushatharva\brotli4j\native-windows-x86_64\1.12.0\native-windows-x86_64-1.12.0.jar;C:\Users\monst\.m2\repository\org\apache\httpcomponents\httpclient\4.5.14\httpclient-4.5.14.jar;C:\Users\monst\.m2\repository\org\apache\httpcomponents\httpcore\4.4.16\httpcore-4.4.16.jar;C:\Users\monst\.m2\repository\ch\qos\logback\logback-classic\1.4.11\logback-classic-1.4.11.jar;C:\Users\monst\.m2\repository\ch\qos\logback\logback-core\1.4.11\logback-core-1.4.11.jar;C:\Users\monst\.m2\repository\org\slf4j\jcl-over-slf4j\2.0.9\jcl-over-slf4j-2.0.9.jar;C:\Users\monst\.m2\repository\org\antlr\antlr4-runtime\4.11.1\antlr4-runtime-4.11.1.jar;C:\Users\monst\.m2\repository\com\jayway\jsonpath\json-path\2.8.0\json-path-2.8.0.jar;C:\Users\monst\.m2\repository\net\minidev\json-smart\2.4.10\json-smart-2.4.10.jar;C:\Users\monst\.m2\repository\net\minidev\accessors-smart\2.4.9\accessors-smart-2.4.9.jar;C:\Users\monst\.m2\repository\org\ow2\asm\asm\9.3\asm-9.3.jar;C:\Users\monst\.m2\repository\org\yaml\snakeyaml\2.0\snakeyaml-2.0.jar;C:\Users\monst\.m2\repository\de\siegmar\fastcsv\2.2.1\fastcsv-2.2.1.jar;C:\Users\monst\.m2\repository\info\picocli\picocli\4.7.1\picocli-4.7.1.jar;C:\Users\monst\.m2\repository\io\github\classgraph\classgraph\4.8.160\classgraph-4.8.160.jar;C:\Users\monst\.m2\repository\io\github\t12y\resemble\1.0.2\resemble-1.0.2.jar;C:\Users\monst\.m2\repository\io\github\t12y\ssim\1.0.0\ssim-1.0.0.jar;C:\Users\monst\.m2\repository\org\junit\jupiter\junit-jupiter-api\5.9.3\junit-jupiter-api-5.9.3.jar;C:\Users\monst\.m2\repository\org\opentest4j\opentest4j\1.2.0\opentest4j-1.2.0.jar;C:\Users\monst\.m2\repository\org\junit\platform\junit-platform-commons\1.9.3\junit-platform-commons-1.9.3.jar;C:\Users\monst\.m2\repository\org\apiguardian\apiguardian-api\1.1.2\apiguardian-api-1.1.2.jar;C:\Users\monst\.m2\repository\org\junit\jupiter\junit-jupiter-engine\5.9.3\junit-jupiter-engine-5.9.3.jar;C:\Users\monst\.m2\repository\org\junit\platform\junit-platform-engine\1.9.3\junit-platform-engine-1.9.3.jar;C:\Users\monst\.m2\repository\org\apache\poi\poi\5.2.4\poi-5.2.4.jar;C:\Users\monst\.m2\repository\commons-codec\commons-codec\1.16.0\commons-codec-1.16.0.jar;C:\Users\monst\.m2\repository\org\apache\commons\commons-collections4\4.4\commons-collections4-4.4.jar;C:\Users\monst\.m2\repository\org\apache\commons\commons-math3\3.6.1\commons-math3-3.6.1.jar;C:\Users\monst\.m2\repository\commons-io\commons-io\2.13.0\commons-io-2.13.0.jar;C:\Users\monst\.m2\repository\com\zaxxer\SparseBitSet\1.3\SparseBitSet-1.3.jar;C:\Users\monst\.m2\repository\org\apache\logging\log4j\log4j-api\2.20.0\log4j-api-2.20.0.jar;C:\Users\monst\.m2\repository\org\apache\poi\poi-ooxml\5.2.4\poi-ooxml-5.2.4.jar;C:\Users\monst\.m2\repository\org\apache\poi\poi-ooxml-lite\5.2.4\poi-ooxml-lite-5.2.4.jar;C:\Users\monst\.m2\repository\org\apache\xmlbeans\xmlbeans\5.1.1\xmlbeans-5.1.1.jar;C:\Users\monst\.m2\repository\org\apache\commons\commons-compress\1.24.0\commons-compress-1.24.0.jar;C:\Users\monst\.m2\repository\com\github\virtuald\curvesapi\1.08\curvesapi-1.08.jar;"/>
    <property name="sun.cpu.endian" value="little"/>
    <property name="user.home" value="C:\Users\monst"/>
    <property name="user.language" value="en"/>
    <property name="java.specification.vendor" value="Oracle Corporation"/>
    <property name="java.version.date" value="2023-10-17"/>
    <property name="java.home" value="C:\Program Files\Java\jdk-17"/>
    <property name="file.separator" value="\"/>
    <property name="basedir" value="C:\Users\monst\karate-tests"/>
    <property name="java.vm.compressedOopsMode" value="Zero based"/>
    <property name="line.separator" value="&#10;"/>
    <property name="java.vm.specification.vendor" value="Oracle Corporation"/>
    <property name="java.specification.name" value="Java Platform API Specification"/>
    <property name="surefire.real.class.path" value="C:\Users\monst\AppData\Local\Temp\surefire2210738550606077039\surefirebooter-20250623235358928_3.jar"/>
    <property name="user.script" value=""/>
    <property name="sun.management.compiler" value="HotSpot 64-Bit Tiered Compilers"/>
    <property name="java.runtime.version" value="17.0.9+11-LTS-201"/>
    <property name="user.name" value="monst"/>
    <property name="path.separator" value=";"/>
    <property name="os.version" value="10.0"/>
    <property name="java.runtime.name" value="Java(TM) SE Runtime Environment"/>
    <property name="file.encoding" value="Cp1252"/>
    <property name="java.vm.name" value="Java HotSpot(TM) 64-Bit Server VM"/>
    <property name="localRepository" value="C:\Users\monst\.m2\repository"/>
    <property name="java.vendor.url.bug" value="https://bugreport.java.com/bugreport/"/>
    <property name="java.io.tmpdir" value="C:\Users\monst\AppData\Local\Temp\"/>
    <property name="java.version" value="17.0.9"/>
    <property name="user.dir" value="C:\Users\monst\karate-tests"/>
    <property name="os.arch" value="amd64"/>
    <property name="java.vm.specification.name" value="Java Virtual Machine Specification"/>
    <property name="sun.os.patch.level" value=""/>
    <property name="native.encoding" value="Cp1252"/>
    <property name="java.library.path" value="C:\Program Files\Java\jdk-17\bin;C:\WINDOWS\Sun\Java\bin;C:\WINDOWS\system32;C:\WINDOWS;C:\Program Files\Eclipse Adoptium\jdk-17.0.12.7-hotspot\bin;C:\Program Files\Common Files\Oracle\Java\javapath;C:\Program Files (x86)\VMware\VMware Workstation\bin\;C:\Windows\system32;C:\Windows;C:\Windows\System32\Wbem;C:\Windows\System32\WindowsPowerShell\v1.0\;C:\Windows\System32\OpenSSH\;C:\Program Files (x86)\NVIDIA Corporation\PhysX\Common;C:\Program Files\NVIDIA Corporation\NVIDIA NvDLISR;C:\WINDOWS\system32;C:\WINDOWS;C:\WINDOWS\System32\Wbem;C:\WINDOWS\System32\WindowsPowerShell\v1.0\;C:\WINDOWS\System32\OpenSSH\;C:\Program Files\Azure Data Studio\bin;C:\Program Files (x86)\Microsoft SQL Server\160\Tools\Binn\;C:\Program Files\Microsoft SQL Server\160\Tools\Binn\;C:\Program Files\Microsoft SQL Server\Client SDK\ODBC\170\Tools\Binn\;C:\Program Files\Microsoft SQL Server\160\DTS\Binn\;C:\Program Files (x86)\Microsoft SQL Server\160\DTS\Binn\;C:\ProgramData\chocolatey\bin;C:\Program Files\Docker\Docker\resources\bin;C:\Program Files\nodejs\;C:\Program Files\MySQL\MySQL Server 8.0\bin;C:\Program Files\Git\cmd;C:\Program Files (x86)\Windows Kits\10\Windows Performance Toolkit\;C:\Program Files\dotnet\;C:\Program Files\Microsoft SQL Server\150\Tools\Binn\;C:\Program Files\Apache\apache-maven-3.9.9\bin;C:\Users\monst\AppData\Local\Android\Sdk\platform-tools;C:\Program Files\Cloudflare\Cloudflare WARP\;C:\Users\monst\AppData\Local\Programs\Python\Python313\Scripts\;C:\dev\flutter\bin;C:\Users\monst\.dotnet\tools;C:\Users\monst\AppData\Local\Programs\Microsoft VS Code\bin;C:\Users\monst\AppData\Local\Programs\Python\Python313\;C:\Users\monst\AppData\Local\Programs\cursor\resources\app\bin;C:\Users\monst\AppData\Roaming\npm;;."/>
    <property name="java.vm.info" value="mixed mode, sharing"/>
    <property name="java.vendor" value="Oracle Corporation"/>
    <property name="java.vm.version" value="17.0.9+11-LTS-201"/>
    <property name="sun.io.unicode.encoding" value="UnicodeLittle"/>
    <property name="java.class.version" value="61.0"/>
  </properties>
  <testcase name="[1:16] Chạy tất cả test cases getUsers từ Excel" classname="features/users/get-users-excel" time="7.353">
    <system-out><![CDATA[23:54:00.333 [main] DEBUG com.intuit.karate.Suite -- [config] classpath:karate-config.js
23:54:01.286 [main] INFO com.intuit.karate -- karate.env system property was: null 
23:54:01.325 [main] INFO com.intuit.karate -- karate.env system property was: null 
23:54:02.116 [main] INFO com.intuit.karate -- Headers found: [
  "bearerToken",
  "page",
  "limit",
  "testDescription",
  "expectedStatus",
  "expectedResult",
  "responseStatus",
  "result",
  "testStatus",
  "failureReason"
]
 
23:54:02.216 [main] INFO com.intuit.karate -- Read data from Excel: [
  {
    "bearerToken": "",
    "page": "1",
    "limit": "10",
    "testDescription": "TC1: Valid page and limit",
    "expectedStatus": "200",
    "expectedResult": "{\"statusCode\": 200, \"status\": \"success\"}",
    "responseStatus": "200",
    "result": "{\"message\":\"\",\"statusCode\":200,\"status\":\"success\",\"data\":{\"total\":35,\"page\":1,\"limit\":10,\"totalPages\":4,\"users\":[{\"id\":\"047b17a4-1e8a-4160-bb8a-db05a94a30cb\",\"email\":\"testerno1@example.com\",\"username\":\"johndoetestno1\",\"name\":\"John Doetesterno1\",\"bio\":null,\"gender\":null,\"dob\":null,\"phoneNumber\":\"0987654207\",\"address\":null,\"profilePic\":null,\"private\":false,\"verified\":false,\"role\":0,\"accountStatus\":true,\"lastLogin\":null,\"createdAt\":\"2025-06-22T04:00:40.803Z\",\"updatedAt\":\"2025-06-22T04:00:40.804Z\",\"followersCount\":0,\"followingsCount\":0},{\"id\":\"09c10759-ec74-45ca-8274-f1a7f7fdb589\",\"email\":\"tester1@example.com\",\"username\":\"johndoetest1\",\"name\":\"John Doetest\",\"bio\":null,\"gender\":null,\"dob\":null,\"phoneNumber\":\"0987654322\",\"address\":null,\"profilePic\":null,\"private\":false,\"verified\":false,\"role\":0,\"accountStatus\":true,\"lastLogin\":null,\"createdAt\":\"2025-06-22T02:12:16.282Z\",\"updatedAt\":\"2025-06-22T02:12:16.284Z\",\"followersCount\":0,\"followingsCount\":0},{\"id\":\"0a37ef43-fee8-41d3-a686-8ab086948695\",\"email\":\"testit2@gmail.com\",\"username\":\"johndoe21\",\"name\":\"John Doe\",\"bio\":null,\"gender\":null,\"dob\":null,\"phoneNumber\":\"0123456712\",\"address\":null,\"profilePic\":null,\"private\":false,\"verified\":false,\"role\":0,\"accountStatus\":true,\"lastLogin\":\"2025-06-22T16:08:09.276Z\",\"createdAt\":\"2025-06-22T03:45:37.141Z\",\"updatedAt\":\"2025-06-22T16:08:09.278Z\",\"followersCount\":0,\"followingsCount\":0},{\"id\":\"1fa871af-f9fe-47b5-b416-4f9c3d544065\",\"email\":\"testerno2@example.com\",\"username\":\"janesmithtesstno1\",\"name\":\"Jane Smithtestno1\",\"bio\":null,\"gender\":null,\"dob\":null,\"phoneNumber\":\"01234567203\",\"address\":null,\"profilePic\":null,\"private\":false,\"verified\":false,\"role\":0,\"accountStatus\":true,\"lastLogin\":null,\"createdAt\":\"2025-06-22T04:00:41.081Z\",\"updatedAt\":\"2025-06-22T04:00:41.083Z\",\"followersCount\":0,\"followingsCount\":0},{\"id\":\"272f6b55-5179-4ae3-8563-b4ec10f76715\",\"email\":\"testit5@gmail.com\",\"username\":\"johndoe2d5d\",\"name\":\"John Doe\",\"bio\":null,\"gender\":null,\"dob\":null,\"phoneNumber\":\"0123456132\",\"address\":null,\"profilePic\":null,\"private\":false,\"verified\":false,\"role\":0,\"accountStatus\":true,\"lastLogin\":\"2025-06-22T16:08:10.247Z\",\"createdAt\":\"2025-06-22T14:55:01.797Z\",\"updatedAt\":\"2025-06-22T16:08:10.249Z\",\"followersCount\":0,\"followingsCount\":0},{\"id\":\"2aa10f99-aba5-4a4b-94d4-d0ceaf78f931\",\"email\":\"testerno24@example.com\",\"username\":\"johndoeno24\",\"name\":\"<script>alert(\\\"xss-test\\\")</script>\",\"bio\":null,\"gender\":null,\"dob\":null,\"phoneNumber\":\"0987311111\",\"address\":null,\"profilePic\":null,\"private\":false,\"verified\":false,\"role\":0,\"accountStatus\":true,\"lastLogin\":null,\"createdAt\":\"2025-06-22T04:00:43.070Z\",\"updatedAt\":\"2025-06-22T04:00:43.072Z\",\"followersCount\":0,\"followingsCount\":0},{\"id\":\"2b84aa24-668a-40e2-af1c-ad4fc4fa5a6f\",\"email\":\"quang1@gmail.com\",\"username\":\"quang1\",\"name\":\"quang1\",\"bio\":\"Thang Nam Lao Vua Thoi\",\"gender\":null,\"dob\":null,\"phoneNumber\":\"09874563210\",\"address\":null,\"profilePic\":\"https://res.cloudinary.com/dizcvrefo/image/upload/v1749027586/nestjs_uploads/xehairydt9rzlbmbmv4c.jpg\",\"private\":false,\"verified\":false,\"role\":0,\"accountStatus\":true,\"lastLogin\":\"2025-06-22T16:08:09.419Z\",\"createdAt\":\"2025-05-22T15:21:16.815Z\",\"updatedAt\":\"2025-06-22T16:08:09.421Z\",\"followersCount\":2,\"followingsCount\":3},{\"id\":\"2bd7ed70-b2ce-4c1b-8451-e9498b059290\",\"email\":\"testerno22@example.com\",\"username\":\"johndoe223\",\"name\":\"This is a very long12 name that exceeds the maximum length of fifty characters allowed in the system\",\"bio\":null,\"gender\":null,\"dob\":null,\"phoneNumber\":\"0987654331\",\"address\":null,\"profilePic\":null,\"private\":false,\"verified\":false,\"role\":0,\"accountStatus\":true,\"lastLogin\":null,\"createdAt\":\"2025-06-22T04:00:42.587Z\",\"updatedAt\":\"2025-06-22T04:00:42.589Z\",\"followersCount\":0,\"followingsCount\":0},{\"id\":\"2dda0439-5180-45aa-917f-e632e45a8e41\",\"email\":\"test@example.com\",\"username\":\"johndoe\",\"name\":\"John Doe\",\"bio\":null,\"gender\":null,\"dob\":null,\"phoneNumber\":\"0987654321\",\"address\":null,\"profilePic\":null,\"private\":false,\"verified\":false,\"role\":0,\"accountStatus\":true,\"lastLogin\":\"2025-06-22T16:08:06.447Z\",\"createdAt\":\"2025-06-17T15:18:30.181Z\",\"updatedAt\":\"2025-06-22T16:08:06.448Z\",\"followersCount\":0,\"followingsCount\":0},{\"id\":\"526d120c-c237-4514-ae9a-ed7a63034c7e\",\"email\":\"user1@gmail.com\",\"username\":\"userno1\",\"name\":\"John Doe\",\"bio\":null,\"gender\":null,\"dob\":null,\"phoneNumber\":\"0123341233\",\"address\":null,\"profilePic\":null,\"private\":false,\"verified\":false,\"role\":0,\"accountStatus\":true,\"lastLogin\":\"2025-06-23T07:47:55.578Z\",\"createdAt\":\"2025-06-23T06:38:35.306Z\",\"updatedAt\":\"2025-06-23T07:47:55.579Z\",\"followersCount\":0,\"followingsCount\":0}]}}",
    "testStatus": "PASS",
    "failureReason": "All validations passed"
  },
  {
    "bearerToken": "",
    "page": "1",
    "limit": "",
    "testDescription": "TC2: Get first page without limit(defaul value)",
    "expectedStatus": "200",
    "expectedResult": "{\"statusCode\": 200, \"status\": \"success\"}",
    "responseStatus": "400",
    "result": "{\"success\":false,\"statusCode\":400,\"message\":\"Không có d? li?u ???c g?i lên\",\"path\":\"/users/get-users?page=1\",\"timestamp\":\"2025-06-23T10:58:34.872Z\"}",
    "testStatus": "FAIL",
    "failureReason": "Status mismatch: Expected 200, got 400"
  },
  {
    "bearerToken": "",
    "page": "",
    "limit": "5",
    "testDescription": "TC3: Get users with small limit(defaul value)",
    "expectedStatus": "200",
    "expectedResult": "{\"statusCode\": 200, \"status\": \"success\"}",
    "responseStatus": "400",
    "result": "{\"success\":false,\"statusCode\":400,\"message\":\"Không có d? li?u ???c g?i lên\",\"path\":\"/users/get-users?limit=5\",\"timestamp\":\"2025-06-23T10:58:34.936Z\"}",
    "testStatus": "FAIL",
    "failureReason": "Status mismatch: Expected 200, got 400"
  },
  {
    "bearerToken": "",
    "page": "",
    "limit": "",
    "testDescription": "TC6: No query parameters",
    "expectedStatus": "200",
    "expectedResult": "{\"statusCode\": 200, \"status\": \"success\"}",
    "responseStatus": "400",
    "result": "{\"success\":false,\"statusCode\":400,\"message\":\"Không có d? li?u ???c g?i lên\",\"path\":\"/users/get-users\",\"timestamp\":\"2025-06-23T10:58:35.333Z\"}",
    "testStatus": "FAIL",
    "failureReason": "Status mismatch: Expected 200, got 400"
  },
  {
    "bearerToken": "",
    "page": "0",
    "limit": "10",
    "testDescription": "TC7: Zero page",
    "expectedStatus": "400",
    "expectedResult": "{\"statusCode\": 400, \"message\": \"Invalid page\"}",
    "responseStatus": "200",
    "result": "{\"message\":\"\",\"statusCode\":200,\"status\":\"success\",\"data\":{\"total\":35,\"page\":1,\"limit\":10,\"totalPages\":4,\"users\":[{\"id\":\"047b17a4-1e8a-4160-bb8a-db05a94a30cb\",\"email\":\"testerno1@example.com\",\"username\":\"johndoetestno1\",\"name\":\"John Doetesterno1\",\"bio\":null,\"gender\":null,\"dob\":null,\"phoneNumber\":\"0987654207\",\"address\":null,\"profilePic\":null,\"private\":false,\"verified\":false,\"role\":0,\"accountStatus\":true,\"lastLogin\":null,\"createdAt\":\"2025-06-22T04:00:40.803Z\",\"updatedAt\":\"2025-06-22T04:00:40.804Z\",\"followersCount\":0,\"followingsCount\":0},{\"id\":\"09c10759-ec74-45ca-8274-f1a7f7fdb589\",\"email\":\"tester1@example.com\",\"username\":\"johndoetest1\",\"name\":\"John Doetest\",\"bio\":null,\"gender\":null,\"dob\":null,\"phoneNumber\":\"0987654322\",\"address\":null,\"profilePic\":null,\"private\":false,\"verified\":false,\"role\":0,\"accountStatus\":true,\"lastLogin\":null,\"createdAt\":\"2025-06-22T02:12:16.282Z\",\"updatedAt\":\"2025-06-22T02:12:16.284Z\",\"followersCount\":0,\"followingsCount\":0},{\"id\":\"0a37ef43-fee8-41d3-a686-8ab086948695\",\"email\":\"testit2@gmail.com\",\"username\":\"johndoe21\",\"name\":\"John Doe\",\"bio\":null,\"gender\":null,\"dob\":null,\"phoneNumber\":\"0123456712\",\"address\":null,\"profilePic\":null,\"private\":false,\"verified\":false,\"role\":0,\"accountStatus\":true,\"lastLogin\":\"2025-06-22T16:08:09.276Z\",\"createdAt\":\"2025-06-22T03:45:37.141Z\",\"updatedAt\":\"2025-06-22T16:08:09.278Z\",\"followersCount\":0,\"followingsCount\":0},{\"id\":\"1fa871af-f9fe-47b5-b416-4f9c3d544065\",\"email\":\"testerno2@example.com\",\"username\":\"janesmithtesstno1\",\"name\":\"Jane Smithtestno1\",\"bio\":null,\"gender\":null,\"dob\":null,\"phoneNumber\":\"01234567203\",\"address\":null,\"profilePic\":null,\"private\":false,\"verified\":false,\"role\":0,\"accountStatus\":true,\"lastLogin\":null,\"createdAt\":\"2025-06-22T04:00:41.081Z\",\"updatedAt\":\"2025-06-22T04:00:41.083Z\",\"followersCount\":0,\"followingsCount\":0},{\"id\":\"272f6b55-5179-4ae3-8563-b4ec10f76715\",\"email\":\"testit5@gmail.com\",\"username\":\"johndoe2d5d\",\"name\":\"John Doe\",\"bio\":null,\"gender\":null,\"dob\":null,\"phoneNumber\":\"0123456132\",\"address\":null,\"profilePic\":null,\"private\":false,\"verified\":false,\"role\":0,\"accountStatus\":true,\"lastLogin\":\"2025-06-22T16:08:10.247Z\",\"createdAt\":\"2025-06-22T14:55:01.797Z\",\"updatedAt\":\"2025-06-22T16:08:10.249Z\",\"followersCount\":0,\"followingsCount\":0},{\"id\":\"2aa10f99-aba5-4a4b-94d4-d0ceaf78f931\",\"email\":\"testerno24@example.com\",\"username\":\"johndoeno24\",\"name\":\"<script>alert(\\\"xss-test\\\")</script>\",\"bio\":null,\"gender\":null,\"dob\":null,\"phoneNumber\":\"0987311111\",\"address\":null,\"profilePic\":null,\"private\":false,\"verified\":false,\"role\":0,\"accountStatus\":true,\"lastLogin\":null,\"createdAt\":\"2025-06-22T04:00:43.070Z\",\"updatedAt\":\"2025-06-22T04:00:43.072Z\",\"followersCount\":0,\"followingsCount\":0},{\"id\":\"2b84aa24-668a-40e2-af1c-ad4fc4fa5a6f\",\"email\":\"quang1@gmail.com\",\"username\":\"quang1\",\"name\":\"quang1\",\"bio\":\"Thang Nam Lao Vua Thoi\",\"gender\":null,\"dob\":null,\"phoneNumber\":\"09874563210\",\"address\":null,\"profilePic\":\"https://res.cloudinary.com/dizcvrefo/image/upload/v1749027586/nestjs_uploads/xehairydt9rzlbmbmv4c.jpg\",\"private\":false,\"verified\":false,\"role\":0,\"accountStatus\":true,\"lastLogin\":\"2025-06-22T16:08:09.419Z\",\"createdAt\":\"2025-05-22T15:21:16.815Z\",\"updatedAt\":\"2025-06-22T16:08:09.421Z\",\"followersCount\":2,\"followingsCount\":3},{\"id\":\"2bd7ed70-b2ce-4c1b-8451-e9498b059290\",\"email\":\"testerno22@example.com\",\"username\":\"johndoe223\",\"name\":\"This is a very long12 name that exceeds the maximum length of fifty characters allowed in the system\",\"bio\":null,\"gender\":null,\"dob\":null,\"phoneNumber\":\"0987654331\",\"address\":null,\"profilePic\":null,\"private\":false,\"verified\":false,\"role\":0,\"accountStatus\":true,\"lastLogin\":null,\"createdAt\":\"2025-06-22T04:00:42.587Z\",\"updatedAt\":\"2025-06-22T04:00:42.589Z\",\"followersCount\":0,\"followingsCount\":0},{\"id\":\"2dda0439-5180-45aa-917f-e632e45a8e41\",\"email\":\"test@example.com\",\"username\":\"johndoe\",\"name\":\"John Doe\",\"bio\":null,\"gender\":null,\"dob\":null,\"phoneNumber\":\"0987654321\",\"address\":null,\"profilePic\":null,\"private\":false,\"verified\":false,\"role\":0,\"accountStatus\":true,\"lastLogin\":\"2025-06-22T16:08:06.447Z\",\"createdAt\":\"2025-06-17T15:18:30.181Z\",\"updatedAt\":\"2025-06-22T16:08:06.448Z\",\"followersCount\":0,\"followingsCount\":0},{\"id\":\"526d120c-c237-4514-ae9a-ed7a63034c7e\",\"email\":\"user1@gmail.com\",\"username\":\"userno1\",\"name\":\"John Doe\",\"bio\":null,\"gender\":null,\"dob\":null,\"phoneNumber\":\"0123341233\",\"address\":null,\"profilePic\":null,\"private\":false,\"verified\":false,\"role\":0,\"accountStatus\":true,\"lastLogin\":\"2025-06-23T07:47:55.578Z\",\"createdAt\":\"2025-06-23T06:38:35.306Z\",\"updatedAt\":\"2025-06-23T07:47:55.579Z\",\"followersCount\":0,\"followingsCount\":0}]}}",
    "testStatus": "FAIL",
    "failureReason": "Status mismatch: Expected 400, got 200"
  },
  {
    "bearerToken": "",
    "page": "1",
    "limit": "0",
    "testDescription": "TC8: Zero limit",
    "expectedStatus": "400",
    "expectedResult": "{\"statusCode\": 400, \"message\": \"Invalid limit\"}",
    "responseStatus": "200",
    "result": "{\"message\":\"\",\"statusCode\":200,\"status\":\"success\",\"data\":{\"total\":35,\"page\":1,\"limit\":10,\"totalPages\":4,\"users\":[{\"id\":\"047b17a4-1e8a-4160-bb8a-db05a94a30cb\",\"email\":\"testerno1@example.com\",\"username\":\"johndoetestno1\",\"name\":\"John Doetesterno1\",\"bio\":null,\"gender\":null,\"dob\":null,\"phoneNumber\":\"0987654207\",\"address\":null,\"profilePic\":null,\"private\":false,\"verified\":false,\"role\":0,\"accountStatus\":true,\"lastLogin\":null,\"createdAt\":\"2025-06-22T04:00:40.803Z\",\"updatedAt\":\"2025-06-22T04:00:40.804Z\",\"followersCount\":0,\"followingsCount\":0},{\"id\":\"09c10759-ec74-45ca-8274-f1a7f7fdb589\",\"email\":\"tester1@example.com\",\"username\":\"johndoetest1\",\"name\":\"John Doetest\",\"bio\":null,\"gender\":null,\"dob\":null,\"phoneNumber\":\"0987654322\",\"address\":null,\"profilePic\":null,\"private\":false,\"verified\":false,\"role\":0,\"accountStatus\":true,\"lastLogin\":null,\"createdAt\":\"2025-06-22T02:12:16.282Z\",\"updatedAt\":\"2025-06-22T02:12:16.284Z\",\"followersCount\":0,\"followingsCount\":0},{\"id\":\"0a37ef43-fee8-41d3-a686-8ab086948695\",\"email\":\"testit2@gmail.com\",\"username\":\"johndoe21\",\"name\":\"John Doe\",\"bio\":null,\"gender\":null,\"dob\":null,\"phoneNumber\":\"0123456712\",\"address\":null,\"profilePic\":null,\"private\":false,\"verified\":false,\"role\":0,\"accountStatus\":true,\"lastLogin\":\"2025-06-22T16:08:09.276Z\",\"createdAt\":\"2025-06-22T03:45:37.141Z\",\"updatedAt\":\"2025-06-22T16:08:09.278Z\",\"followersCount\":0,\"followingsCount\":0},{\"id\":\"1fa871af-f9fe-47b5-b416-4f9c3d544065\",\"email\":\"testerno2@example.com\",\"username\":\"janesmithtesstno1\",\"name\":\"Jane Smithtestno1\",\"bio\":null,\"gender\":null,\"dob\":null,\"phoneNumber\":\"01234567203\",\"address\":null,\"profilePic\":null,\"private\":false,\"verified\":false,\"role\":0,\"accountStatus\":true,\"lastLogin\":null,\"createdAt\":\"2025-06-22T04:00:41.081Z\",\"updatedAt\":\"2025-06-22T04:00:41.083Z\",\"followersCount\":0,\"followingsCount\":0},{\"id\":\"272f6b55-5179-4ae3-8563-b4ec10f76715\",\"email\":\"testit5@gmail.com\",\"username\":\"johndoe2d5d\",\"name\":\"John Doe\",\"bio\":null,\"gender\":null,\"dob\":null,\"phoneNumber\":\"0123456132\",\"address\":null,\"profilePic\":null,\"private\":false,\"verified\":false,\"role\":0,\"accountStatus\":true,\"lastLogin\":\"2025-06-22T16:08:10.247Z\",\"createdAt\":\"2025-06-22T14:55:01.797Z\",\"updatedAt\":\"2025-06-22T16:08:10.249Z\",\"followersCount\":0,\"followingsCount\":0},{\"id\":\"2aa10f99-aba5-4a4b-94d4-d0ceaf78f931\",\"email\":\"testerno24@example.com\",\"username\":\"johndoeno24\",\"name\":\"<script>alert(\\\"xss-test\\\")</script>\",\"bio\":null,\"gender\":null,\"dob\":null,\"phoneNumber\":\"0987311111\",\"address\":null,\"profilePic\":null,\"private\":false,\"verified\":false,\"role\":0,\"accountStatus\":true,\"lastLogin\":null,\"createdAt\":\"2025-06-22T04:00:43.070Z\",\"updatedAt\":\"2025-06-22T04:00:43.072Z\",\"followersCount\":0,\"followingsCount\":0},{\"id\":\"2b84aa24-668a-40e2-af1c-ad4fc4fa5a6f\",\"email\":\"quang1@gmail.com\",\"username\":\"quang1\",\"name\":\"quang1\",\"bio\":\"Thang Nam Lao Vua Thoi\",\"gender\":null,\"dob\":null,\"phoneNumber\":\"09874563210\",\"address\":null,\"profilePic\":\"https://res.cloudinary.com/dizcvrefo/image/upload/v1749027586/nestjs_uploads/xehairydt9rzlbmbmv4c.jpg\",\"private\":false,\"verified\":false,\"role\":0,\"accountStatus\":true,\"lastLogin\":\"2025-06-22T16:08:09.419Z\",\"createdAt\":\"2025-05-22T15:21:16.815Z\",\"updatedAt\":\"2025-06-22T16:08:09.421Z\",\"followersCount\":2,\"followingsCount\":3},{\"id\":\"2bd7ed70-b2ce-4c1b-8451-e9498b059290\",\"email\":\"testerno22@example.com\",\"username\":\"johndoe223\",\"name\":\"This is a very long12 name that exceeds the maximum length of fifty characters allowed in the system\",\"bio\":null,\"gender\":null,\"dob\":null,\"phoneNumber\":\"0987654331\",\"address\":null,\"profilePic\":null,\"private\":false,\"verified\":false,\"role\":0,\"accountStatus\":true,\"lastLogin\":null,\"createdAt\":\"2025-06-22T04:00:42.587Z\",\"updatedAt\":\"2025-06-22T04:00:42.589Z\",\"followersCount\":0,\"followingsCount\":0},{\"id\":\"2dda0439-5180-45aa-917f-e632e45a8e41\",\"email\":\"test@example.com\",\"username\":\"johndoe\",\"name\":\"John Doe\",\"bio\":null,\"gender\":null,\"dob\":null,\"phoneNumber\":\"0987654321\",\"address\":null,\"profilePic\":null,\"private\":false,\"verified\":false,\"role\":0,\"accountStatus\":true,\"lastLogin\":\"2025-06-22T16:08:06.447Z\",\"createdAt\":\"2025-06-17T15:18:30.181Z\",\"updatedAt\":\"2025-06-22T16:08:06.448Z\",\"followersCount\":0,\"followingsCount\":0},{\"id\":\"526d120c-c237-4514-ae9a-ed7a63034c7e\",\"email\":\"user1@gmail.com\",\"username\":\"userno1\",\"name\":\"John Doe\",\"bio\":null,\"gender\":null,\"dob\":null,\"phoneNumber\":\"0123341233\",\"address\":null,\"profilePic\":null,\"private\":false,\"verified\":false,\"role\":0,\"accountStatus\":true,\"lastLogin\":\"2025-06-23T07:47:55.578Z\",\"createdAt\":\"2025-06-23T06:38:35.306Z\",\"updatedAt\":\"2025-06-23T07:47:55.579Z\",\"followersCount\":0,\"followingsCount\":0}]}}",
    "testStatus": "FAIL",
    "failureReason": "Status mismatch: Expected 400, got 200"
  },
  {
    "bearerToken": "",
    "page": "9999",
    "limit": "10",
    "testDescription": "TC9: Large page number",
    "expectedStatus": "200",
    "expectedResult": "{\"statusCode\": 200, \"status\": \"success\"}",
    "responseStatus": "200",
    "result": "{\"message\":\"\",\"statusCode\":200,\"status\":\"success\",\"data\":{\"total\":35,\"page\":9999,\"limit\":10,\"totalPages\":4,\"users\":[]}}",
    "testStatus": "PASS",
    "failureReason": "All validations passed"
  },
  {
    "bearerToken": "",
    "page": "1",
    "limit": "9999",
    "testDescription": "TC10: Large limit value",
    "expectedStatus": "400",
    "expectedResult": "{\"statusCode\": 400, \"message\": \"Limit too large\"}",
    "responseStatus": "200",
    "result": "{\"message\":\"\",\"statusCode\":200,\"status\":\"success\",\"data\":{\"total\":35,\"page\":1,\"limit\":9999,\"totalPages\":1,\"users\":[{\"id\":\"047b17a4-1e8a-4160-bb8a-db05a94a30cb\",\"email\":\"testerno1@example.com\",\"username\":\"johndoetestno1\",\"name\":\"John Doetesterno1\",\"bio\":null,\"gender\":null,\"dob\":null,\"phoneNumber\":\"0987654207\",\"address\":null,\"profilePic\":null,\"private\":false,\"verified\":false,\"role\":0,\"accountStatus\":true,\"lastLogin\":null,\"createdAt\":\"2025-06-22T04:00:40.803Z\",\"updatedAt\":\"2025-06-22T04:00:40.804Z\",\"followersCount\":0,\"followingsCount\":0},{\"id\":\"09c10759-ec74-45ca-8274-f1a7f7fdb589\",\"email\":\"tester1@example.com\",\"username\":\"johndoetest1\",\"name\":\"John Doetest\",\"bio\":null,\"gender\":null,\"dob\":null,\"phoneNumber\":\"0987654322\",\"address\":null,\"profilePic\":null,\"private\":false,\"verified\":false,\"role\":0,\"accountStatus\":true,\"lastLogin\":null,\"createdAt\":\"2025-06-22T02:12:16.282Z\",\"updatedAt\":\"2025-06-22T02:12:16.284Z\",\"followersCount\":0,\"followingsCount\":0},{\"id\":\"0a37ef43-fee8-41d3-a686-8ab086948695\",\"email\":\"testit2@gmail.com\",\"username\":\"johndoe21\",\"name\":\"John Doe\",\"bio\":null,\"gender\":null,\"dob\":null,\"phoneNumber\":\"0123456712\",\"address\":null,\"profilePic\":null,\"private\":false,\"verified\":false,\"role\":0,\"accountStatus\":true,\"lastLogin\":\"2025-06-22T16:08:09.276Z\",\"createdAt\":\"2025-06-22T03:45:37.141Z\",\"updatedAt\":\"2025-06-22T16:08:09.278Z\",\"followersCount\":0,\"followingsCount\":0},{\"id\":\"1fa871af-f9fe-47b5-b416-4f9c3d544065\",\"email\":\"testerno2@example.com\",\"username\":\"janesmithtesstno1\",\"name\":\"Jane Smithtestno1\",\"bio\":null,\"gender\":null,\"dob\":null,\"phoneNumber\":\"01234567203\",\"address\":null,\"profilePic\":null,\"private\":false,\"verified\":false,\"role\":0,\"accountStatus\":true,\"lastLogin\":null,\"createdAt\":\"2025-06-22T04:00:41.081Z\",\"updatedAt\":\"2025-06-22T04:00:41.083Z\",\"followersCount\":0,\"followingsCount\":0},{\"id\":\"272f6b55-5179-4ae3-8563-b4ec10f76715\",\"email\":\"testit5@gmail.com\",\"username\":\"johndoe2d5d\",\"name\":\"John Doe\",\"bio\":null,\"gender\":null,\"dob\":null,\"phoneNumber\":\"0123456132\",\"address\":null,\"profilePic\":null,\"private\":false,\"verified\":false,\"role\":0,\"accountStatus\":true,\"lastLogin\":\"2025-06-22T16:08:10.247Z\",\"createdAt\":\"2025-06-22T14:55:01.797Z\",\"updatedAt\":\"2025-06-22T16:08:10.249Z\",\"followersCount\":0,\"followingsCount\":0},{\"id\":\"2aa10f99-aba5-4a4b-94d4-d0ceaf78f931\",\"email\":\"testerno24@example.com\",\"username\":\"johndoeno24\",\"name\":\"<script>alert(\\\"xss-test\\\")</script>\",\"bio\":null,\"gender\":null,\"dob\":null,\"phoneNumber\":\"0987311111\",\"address\":null,\"profilePic\":null,\"private\":false,\"verified\":false,\"role\":0,\"accountStatus\":true,\"lastLogin\":null,\"createdAt\":\"2025-06-22T04:00:43.070Z\",\"updatedAt\":\"2025-06-22T04:00:43.072Z\",\"followersCount\":0,\"followingsCount\":0},{\"id\":\"2b84aa24-668a-40e2-af1c-ad4fc4fa5a6f\",\"email\":\"quang1@gmail.com\",\"username\":\"quang1\",\"name\":\"quang1\",\"bio\":\"Thang Nam Lao Vua Thoi\",\"gender\":null,\"dob\":null,\"phoneNumber\":\"09874563210\",\"address\":null,\"profilePic\":\"https://res.cloudinary.com/dizcvrefo/image/upload/v1749027586/nestjs_uploads/xehairydt9rzlbmbmv4c.jpg\",\"private\":false,\"verified\":false,\"role\":0,\"accountStatus\":true,\"lastLogin\":\"2025-06-22T16:08:09.419Z\",\"createdAt\":\"2025-05-22T15:21:16.815Z\",\"updatedAt\":\"2025-06-22T16:08:09.421Z\",\"followersCount\":2,\"followingsCount\":3},{\"id\":\"2bd7ed70-b2ce-4c1b-8451-e9498b059290\",\"email\":\"testerno22@example.com\",\"username\":\"johndoe223\",\"name\":\"This is a very long12 name that exceeds the maximum length of fifty characters allowed in the system\",\"bio\":null,\"gender\":null,\"dob\":null,\"phoneNumber\":\"0987654331\",\"address\":null,\"profilePic\":null,\"private\":false,\"verified\":false,\"role\":0,\"accountStatus\":true,\"lastLogin\":null,\"createdAt\":\"2025-06-22T04:00:42.587Z\",\"updatedAt\":\"2025-06-22T04:00:42.589Z\",\"followersCount\":0,\"followingsCount\":0},{\"id\":\"2dda0439-5180-45aa-917f-e632e45a8e41\",\"email\":\"test@example.com\",\"username\":\"johndoe\",\"name\":\"John Doe\",\"bio\":null,\"gender\":null,\"dob\":null,\"phoneNumber\":\"0987654321\",\"address\":null,\"profilePic\":null,\"private\":false,\"verified\":false,\"role\":0,\"accountStatus\":true,\"lastLogin\":\"2025-06-22T16:08:06.447Z\",\"createdAt\":\"2025-06-17T15:18:30.181Z\",\"updatedAt\":\"2025-06-22T16:08:06.448Z\",\"followersCount\":0,\"followingsCount\":0},{\"id\":\"526d120c-c237-4514-ae9a-ed7a63034c7e\",\"email\":\"user1@gmail.com\",\"username\":\"userno1\",\"name\":\"John Doe\",\"bio\":null,\"gender\":null,\"dob\":null,\"phoneNumber\":\"0123341233\",\"address\":null,\"profilePic\":null,\"private\":false,\"verified\":false,\"role\":0,\"accountStatus\":true,\"lastLogin\":\"2025-06-23T07:47:55.578Z\",\"createdAt\":\"2025-06-23T06:38:35.306Z\",\"updatedAt\":\"2025-06-23T07:47:55.579Z\",\"followersCount\":0,\"followingsCount\":0},{\"id\":\"58ca226b-5a4c-41f5-b3f5-ec3723d14ca3\",\"email\":\"testerno23@example.com\",\"username\":\"johndoe12' OR '1'='1\",\"name\":\"John Doeno23\",\"bio\":null,\"gender\":null,\"dob\":null,\"phoneNumber\":\"0987654111\",\"address\":null,\"profilePic\":null,\"private\":false,\"verified\":false,\"role\":0,\"accountStatus\":true,\"lastLogin\":null,\"createdAt\":\"2025-06-22T04:00:42.785Z\",\"updatedAt\":\"2025-06-22T04:00:42.786Z\",\"followersCount\":0,\"followingsCount\":0},{\"id\":\"5fc830ab-3cc6-4342-8bd2-3dce7848c5f3\",\"email\":\"test29@example.com\",\"username\":\"johndoe29\",\"name\":\"John Doe\",\"bio\":null,\"gender\":null,\"dob\":null,\"phoneNumber\":\"0000000000\",\"address\":null,\"profilePic\":null,\"private\":false,\"verified\":false,\"role\":0,\"accountStatus\":true,\"lastLogin\":null,\"createdAt\":\"2025-06-17T15:25:20.993Z\",\"updatedAt\":\"2025-06-17T15:25:20.995Z\",\"followersCount\":0,\"followingsCount\":0},{\"id\":\"610ce6fa-a9f1-45e5-aa5c-1bca2698d5ad\",\"email\":\"tester21@example.com\",\"username\":\"johndoe12\",\"name\":\"John Doe12\",\"bio\":null,\"gender\":null,\"dob\":null,\"phoneNumber\":\"0987654325\",\"address\":null,\"profilePic\":null,\"private\":false,\"verified\":false,\"role\":0,\"accountStatus\":true,\"lastLogin\":null,\"createdAt\":\"2025-06-22T02:12:17.090Z\",\"updatedAt\":\"2025-06-22T02:12:17.092Z\",\"followersCount\":0,\"followingsCount\":0},{\"id\":\"622915d5-6a10-4179-8a85-e333bf55718e\",\"email\":\"testernoo1@example.com\",\"username\":\"johndoetestnoo1\",\"name\":\"John Doetesternoo1\",\"bio\":null,\"gender\":null,\"dob\":null,\"phoneNumber\":\"0987654208\",\"address\":null,\"profilePic\":null,\"private\":false,\"verified\":false,\"role\":0,\"accountStatus\":true,\"lastLogin\":null,\"createdAt\":\"2025-06-22T04:09:27.764Z\",\"updatedAt\":\"2025-06-22T04:09:27.765Z\",\"followersCount\":0,\"followingsCount\":0},{\"id\":\"650ce1ed-aaca-438f-9988-1f058ab5aa1a\",\"email\":\"testit3@gmail.com\",\"username\":\"johndoe25\",\"name\":\"John Doe\",\"bio\":null,\"gender\":null,\"dob\":null,\"phoneNumber\":\"0123456713\",\"address\":null,\"profilePic\":null,\"private\":false,\"verified\":false,\"role\":0,\"accountStatus\":true,\"lastLogin\":\"2025-06-22T16:08:09.513Z\",\"createdAt\":\"2025-06-22T03:46:06.873Z\",\"updatedAt\":\"2025-06-22T16:08:09.515Z\",\"followersCount\":0,\"followingsCount\":0},{\"id\":\"6aac5539-aab7-4872-b540-8afea731f026\",\"email\":\"testerno9@example.com\",\"username\":\"johndoeno9\",\"name\":\"John Doe\",\"bio\":null,\"gender\":null,\"dob\":null,\"phoneNumber\":\"0987654456\",\"address\":null,\"profilePic\":null,\"private\":false,\"verified\":false,\"role\":0,\"accountStatus\":true,\"lastLogin\":null,\"createdAt\":\"2025-06-22T04:00:41.466Z\",\"updatedAt\":\"2025-06-22T04:00:41.468Z\",\"followersCount\":0,\"followingsCount\":0},{\"id\":\"724bd032-59fc-4131-bb59-1017ba5e0ea7\",\"email\":\"testernoo21@example.com\",\"username\":\"johndoe123as\",\"name\":\"John Doe123\",\"bio\":null,\"gender\":null,\"dob\":null,\"phoneNumber\":\"0987123986\",\"address\":null,\"profilePic\":null,\"private\":false,\"verified\":false,\"role\":0,\"accountStatus\":true,\"lastLogin\":null,\"createdAt\":\"2025-06-22T04:17:36.235Z\",\"updatedAt\":\"2025-06-22T04:17:36.237Z\",\"followersCount\":0,\"followingsCount\":0},{\"id\":\"8016bf30-d659-44bd-8ea0-b2c050ada254\",\"email\":\"testerno21@example.com\",\"username\":\"johndoe123\",\"name\":\"John Doe123\",\"bio\":null,\"gender\":null,\"dob\":null,\"phoneNumber\":\"0987123456\",\"address\":null,\"profilePic\":null,\"private\":false,\"verified\":false,\"role\":0,\"accountStatus\":true,\"lastLogin\":null,\"createdAt\":\"2025-06-22T04:00:42.368Z\",\"updatedAt\":\"2025-06-22T04:00:42.369Z\",\"followersCount\":0,\"followingsCount\":0},{\"id\":\"89a4e1b0-4410-443e-8a78-4820ae83b70e\",\"email\":\"testernoo3@example.com\",\"username\":\"johndoetestnoo3\",\"name\":\"John Doetesternoo3\",\"bio\":null,\"gender\":null,\"dob\":null,\"phoneNumber\":\"0987654209\",\"address\":null,\"profilePic\":null,\"private\":false,\"verified\":false,\"role\":0,\"accountStatus\":true,\"lastLogin\":null,\"createdAt\":\"2025-06-22T04:17:34.945Z\",\"updatedAt\":\"2025-06-22T04:17:34.947Z\",\"followersCount\":0,\"followingsCount\":0},{\"id\":\"89d2b816-1f5a-40cf-b5bc-86ef41a5cae7\",\"email\":\"testit6@gmail.com\",\"username\":\"johndoe2sd5d\",\"name\":\"John Doe\",\"bio\":null,\"gender\":null,\"dob\":null,\"phoneNumber\":\"0123416132\",\"address\":null,\"profilePic\":null,\"private\":false,\"verified\":false,\"role\":0,\"accountStatus\":true,\"lastLogin\":null,\"createdAt\":\"2025-06-22T15:15:58.472Z\",\"updatedAt\":\"2025-06-22T15:15:58.473Z\",\"followersCount\":0,\"followingsCount\":0},{\"id\":\"8a247461-5c04-421d-98f5-fa9c734faea5\",\"email\":\"test2@example.com\",\"username\":\"janesmith\",\"name\":\"Jane Smith\",\"bio\":null,\"gender\":null,\"dob\":null,\"phoneNumber\":\"01234567890\",\"address\":null,\"profilePic\":null,\"private\":false,\"verified\":false,\"role\":0,\"accountStatus\":true,\"lastLogin\":\"2025-06-22T16:08:06.417Z\",\"createdAt\":\"2025-06-17T15:25:19.580Z\",\"updatedAt\":\"2025-06-22T16:08:06.418Z\",\"followersCount\":0,\"followingsCount\":0},{\"id\":\"9046076b-fd80-4575-b26e-03867cc846c8\",\"email\":\"testernoo20@example.com\",\"username\":\"john@doe2221\",\"name\":\"John Doe221\",\"bio\":null,\"gender\":null,\"dob\":null,\"phoneNumber\":\"0987654458\",\"address\":null,\"profilePic\":null,\"private\":false,\"verified\":false,\"role\":0,\"accountStatus\":true,\"lastLogin\":null,\"createdAt\":\"2025-06-22T04:17:36.049Z\",\"updatedAt\":\"2025-06-22T04:17:36.051Z\",\"followersCount\":0,\"followingsCount\":0},{\"id\":\"90828da7-0f41-4227-990d-394f19c963e4\",\"email\":\"testerno20@example.com\",\"username\":\"john@doe222\",\"name\":\"John Doe22\",\"bio\":null,\"gender\":null,\"dob\":null,\"phoneNumber\":\"0987654302\",\"address\":null,\"profilePic\":null,\"private\":false,\"verified\":false,\"role\":0,\"accountStatus\":true,\"lastLogin\":null,\"createdAt\":\"2025-06-22T04:00:42.119Z\",\"updatedAt\":\"2025-06-22T04:00:42.121Z\",\"followersCount\":0,\"followingsCount\":0},{\"id\":\"9a26976c-1532-4df3-a16e-7631525c8502\",\"email\":\"testit4@gmail.com\",\"username\":\"johndoe2d5\",\"name\":\"John Doe\",\"bio\":null,\"gender\":null,\"dob\":null,\"phoneNumber\":\"0123456212\",\"address\":null,\"profilePic\":null,\"private\":false,\"verified\":false,\"role\":0,\"accountStatus\":true,\"lastLogin\":\"2025-06-22T16:08:04.414Z\",\"createdAt\":\"2025-06-22T14:54:02.893Z\",\"updatedAt\":\"2025-06-22T16:08:04.415Z\",\"followersCount\":0,\"followingsCount\":0},{\"id\":\"9d86c52d-4ad6-4386-a1ac-a54bcd0987bc\",\"email\":\"testernoo9@example.com\",\"username\":\"johndoenoo9\",\"name\":\"John Doe\",\"bio\":null,\"gender\":null,\"dob\":null,\"phoneNumber\":\"0987654478\",\"address\":null,\"profilePic\":null,\"private\":false,\"verified\":false,\"role\":0,\"accountStatus\":true,\"lastLogin\":null,\"createdAt\":\"2025-06-22T04:17:35.561Z\",\"updatedAt\":\"2025-06-22T04:17:35.564Z\",\"followersCount\":0,\"followingsCount\":0},{\"id\":\"a00eebf9-32b9-4ff9-a1be-467a04e8530c\",\"email\":\"user@gmail.com\",\"username\":\"user1\",\"name\":\"John Doe\",\"bio\":null,\"gender\":null,\"dob\":null,\"phoneNumber\":\"0123342233\",\"address\":null,\"profilePic\":null,\"private\":false,\"verified\":false,\"role\":0,\"accountStatus\":true,\"lastLogin\":\"2025-06-23T06:10:03.258Z\",\"createdAt\":\"2025-06-23T05:56:37.374Z\",\"updatedAt\":\"2025-06-23T06:15:29.882Z\",\"followersCount\":0,\"followingsCount\":0},{\"id\":\"a753065b-8c36-48e3-913b-153b6d0fdef4\",\"email\":\"testernoo22@example.com\",\"username\":\"johndoe2233\",\"name\":\"This is a very l13ong12 name that exceeds the maximum length of fifty characters allowed in the system\",\"bio\":null,\"gender\":null,\"dob\":null,\"phoneNumber\":\"0987654888\",\"address\":null,\"profilePic\":null,\"private\":false,\"verified\":false,\"role\":0,\"accountStatus\":true,\"lastLogin\":null,\"createdAt\":\"2025-06-22T04:17:36.442Z\",\"updatedAt\":\"2025-06-22T04:17:36.444Z\",\"followersCount\":0,\"followingsCount\":0},{\"id\":\"a9256bd9-faf8-4130-ab9f-dbc589fec8d9\",\"email\":\"testernoo23@example.com\",\"username\":\"johndoed12' OR '1'='1\",\"name\":\"John Doeno23\",\"bio\":null,\"gender\":null,\"dob\":null,\"phoneNumber\":\"0987654155\",\"address\":null,\"profilePic\":null,\"private\":false,\"verified\":false,\"role\":0,\"accountStatus\":true,\"lastLogin\":null,\"createdAt\":\"2025-06-22T04:17:36.627Z\",\"updatedAt\":\"2025-06-22T04:17:36.629Z\",\"followersCount\":0,\"followingsCount\":0},{\"id\":\"c21422df-ccec-440e-9a42-c1b82abf733d\",\"email\":\"test28@example.com\",\"username\":\"johndoe28\",\"name\":\"John Doe\",\"bio\":null,\"gender\":null,\"dob\":null,\"phoneNumber\":\"84987654321\",\"address\":null,\"profilePic\":null,\"private\":false,\"verified\":false,\"role\":0,\"accountStatus\":true,\"lastLogin\":\"2025-06-22T16:08:05.268Z\",\"createdAt\":\"2025-06-17T15:25:20.801Z\",\"updatedAt\":\"2025-06-22T16:08:05.270Z\",\"followersCount\":0,\"followingsCount\":0},{\"id\":\"dacf294e-491b-47ff-bd74-bfe5ddbfbdf9\",\"email\":\"chinh@gmail.com\",\"username\":\"chinh\",\"name\":\"chinh than\",\"bio\":\"thich vivu\",\"gender\":null,\"dob\":null,\"phoneNumber\":null,\"address\":null,\"profilePic\":\"https://hebbkx1anhila5yf.public.blob.vercel-storage.com/image-hiZZ98WEvmBOkk3oAqffc3ReiwtEIO.png\",\"private\":false,\"verified\":false,\"role\":0,\"accountStatus\":true,\"lastLogin\":\"2025-05-30T09:41:34.086Z\",\"createdAt\":\"2025-05-17T09:18:22.877Z\",\"updatedAt\":\"2025-05-30T09:41:34.088Z\",\"followersCount\":2,\"followingsCount\":3},{\"id\":\"dd20c23c-5357-4e50-bbf4-b02a45fae4f2\",\"email\":\"testi12t@gmail.com\",\"username\":\"johndoe2s5da\",\"name\":\"John Doe\",\"bio\":null,\"gender\":null,\"dob\":null,\"phoneNumber\":\"0123416932\",\"address\":null,\"profilePic\":null,\"private\":false,\"verified\":false,\"role\":0,\"accountStatus\":true,\"lastLogin\":\"2025-06-23T04:05:13.587Z\",\"createdAt\":\"2025-06-23T03:47:50.381Z\",\"updatedAt\":\"2025-06-23T04:15:09.238Z\",\"followersCount\":0,\"followingsCount\":0},{\"id\":\"df6f0919-a23d-44c9-a925-4ea8be525d10\",\"email\":\"testit@gmail.com\",\"username\":\"johndoe23\",\"name\":\"John Doe\",\"bio\":null,\"gender\":null,\"dob\":null,\"phoneNumber\":\"0123456788\",\"address\":null,\"profilePic\":null,\"private\":false,\"verified\":false,\"role\":0,\"accountStatus\":true,\"lastLogin\":\"2025-06-22T16:08:09.291Z\",\"createdAt\":\"2025-06-22T03:44:47.718Z\",\"updatedAt\":\"2025-06-22T16:08:09.292Z\",\"followersCount\":0,\"followingsCount\":0},{\"id\":\"e7b38cb7-6701-40d9-a3bd-f53fc4d43457\",\"email\":\"trong2@example.com\",\"username\":\"ductrong\",\"name\":\"trong\",\"bio\":null,\"gender\":null,\"dob\":null,\"phoneNumber\":null,\"address\":null,\"profilePic\":null,\"private\":false,\"verified\":false,\"role\":0,\"accountStatus\":false,\"lastLogin\":\"2025-06-08T12:20:12.902Z\",\"createdAt\":\"2025-05-12T12:21:12.261Z\",\"updatedAt\":\"2025-06-08T12:20:12.905Z\",\"followersCount\":2,\"followingsCount\":0},{\"id\":\"e9d11364-4838-4613-8a69-26196a17a82c\",\"email\":\"testernoo2@example.com\",\"username\":\"janesmithtesstnoo1\",\"name\":\"Jane Smithtestno1\",\"bio\":null,\"gender\":null,\"dob\":null,\"phoneNumber\":\"01234567205\",\"address\":null,\"profilePic\":null,\"private\":false,\"verified\":false,\"role\":0,\"accountStatus\":true,\"lastLogin\":null,\"createdAt\":\"2025-06-22T04:17:35.172Z\",\"updatedAt\":\"2025-06-22T04:17:35.174Z\",\"followersCount\":0,\"followingsCount\":0},{\"id\":\"f6284532-8f1e-4b05-ac54-d8037386e80c\",\"email\":\"user2@gmail.com\",\"username\":\"userno2\",\"name\":\"John Doe\",\"bio\":null,\"gender\":null,\"dob\":null,\"phoneNumber\":\"0123341433\",\"address\":null,\"profilePic\":null,\"private\":false,\"verified\":false,\"role\":0,\"accountStatus\":true,\"lastLogin\":\"2025-06-23T06:39:50.496Z\",\"createdAt\":\"2025-06-23T06:39:08.953Z\",\"updatedAt\":\"2025-06-23T07:37:11.184Z\",\"followersCount\":0,\"followingsCount\":0}]}}",
    "testStatus": "FAIL",
    "failureReason": "Status mismatch: Expected 400, got 200"
  },
  {
    "bearerToken": "",
    "page": -1.0,
    "limit": "10",
    "testDescription": "TC11: Negative page",
    "expectedStatus": "400",
    "expectedResult": "{\"statusCode\": 400, \"message\": \"Invalid page\"}",
    "responseStatus": "200",
    "result": "{\"message\":\"\",\"statusCode\":200,\"status\":\"success\",\"data\":{\"total\":35,\"page\":1,\"limit\":10,\"totalPages\":4,\"users\":[{\"id\":\"047b17a4-1e8a-4160-bb8a-db05a94a30cb\",\"email\":\"testerno1@example.com\",\"username\":\"johndoetestno1\",\"name\":\"John Doetesterno1\",\"bio\":null,\"gender\":null,\"dob\":null,\"phoneNumber\":\"0987654207\",\"address\":null,\"profilePic\":null,\"private\":false,\"verified\":false,\"role\":0,\"accountStatus\":true,\"lastLogin\":null,\"createdAt\":\"2025-06-22T04:00:40.803Z\",\"updatedAt\":\"2025-06-22T04:00:40.804Z\",\"followersCount\":0,\"followingsCount\":0},{\"id\":\"09c10759-ec74-45ca-8274-f1a7f7fdb589\",\"email\":\"tester1@example.com\",\"username\":\"johndoetest1\",\"name\":\"John Doetest\",\"bio\":null,\"gender\":null,\"dob\":null,\"phoneNumber\":\"0987654322\",\"address\":null,\"profilePic\":null,\"private\":false,\"verified\":false,\"role\":0,\"accountStatus\":true,\"lastLogin\":null,\"createdAt\":\"2025-06-22T02:12:16.282Z\",\"updatedAt\":\"2025-06-22T02:12:16.284Z\",\"followersCount\":0,\"followingsCount\":0},{\"id\":\"0a37ef43-fee8-41d3-a686-8ab086948695\",\"email\":\"testit2@gmail.com\",\"username\":\"johndoe21\",\"name\":\"John Doe\",\"bio\":null,\"gender\":null,\"dob\":null,\"phoneNumber\":\"0123456712\",\"address\":null,\"profilePic\":null,\"private\":false,\"verified\":false,\"role\":0,\"accountStatus\":true,\"lastLogin\":\"2025-06-22T16:08:09.276Z\",\"createdAt\":\"2025-06-22T03:45:37.141Z\",\"updatedAt\":\"2025-06-22T16:08:09.278Z\",\"followersCount\":0,\"followingsCount\":0},{\"id\":\"1fa871af-f9fe-47b5-b416-4f9c3d544065\",\"email\":\"testerno2@example.com\",\"username\":\"janesmithtesstno1\",\"name\":\"Jane Smithtestno1\",\"bio\":null,\"gender\":null,\"dob\":null,\"phoneNumber\":\"01234567203\",\"address\":null,\"profilePic\":null,\"private\":false,\"verified\":false,\"role\":0,\"accountStatus\":true,\"lastLogin\":null,\"createdAt\":\"2025-06-22T04:00:41.081Z\",\"updatedAt\":\"2025-06-22T04:00:41.083Z\",\"followersCount\":0,\"followingsCount\":0},{\"id\":\"272f6b55-5179-4ae3-8563-b4ec10f76715\",\"email\":\"testit5@gmail.com\",\"username\":\"johndoe2d5d\",\"name\":\"John Doe\",\"bio\":null,\"gender\":null,\"dob\":null,\"phoneNumber\":\"0123456132\",\"address\":null,\"profilePic\":null,\"private\":false,\"verified\":false,\"role\":0,\"accountStatus\":true,\"lastLogin\":\"2025-06-22T16:08:10.247Z\",\"createdAt\":\"2025-06-22T14:55:01.797Z\",\"updatedAt\":\"2025-06-22T16:08:10.249Z\",\"followersCount\":0,\"followingsCount\":0},{\"id\":\"2aa10f99-aba5-4a4b-94d4-d0ceaf78f931\",\"email\":\"testerno24@example.com\",\"username\":\"johndoeno24\",\"name\":\"<script>alert(\\\"xss-test\\\")</script>\",\"bio\":null,\"gender\":null,\"dob\":null,\"phoneNumber\":\"0987311111\",\"address\":null,\"profilePic\":null,\"private\":false,\"verified\":false,\"role\":0,\"accountStatus\":true,\"lastLogin\":null,\"createdAt\":\"2025-06-22T04:00:43.070Z\",\"updatedAt\":\"2025-06-22T04:00:43.072Z\",\"followersCount\":0,\"followingsCount\":0},{\"id\":\"2b84aa24-668a-40e2-af1c-ad4fc4fa5a6f\",\"email\":\"quang1@gmail.com\",\"username\":\"quang1\",\"name\":\"quang1\",\"bio\":\"Thang Nam Lao Vua Thoi\",\"gender\":null,\"dob\":null,\"phoneNumber\":\"09874563210\",\"address\":null,\"profilePic\":\"https://res.cloudinary.com/dizcvrefo/image/upload/v1749027586/nestjs_uploads/xehairydt9rzlbmbmv4c.jpg\",\"private\":false,\"verified\":false,\"role\":0,\"accountStatus\":true,\"lastLogin\":\"2025-06-22T16:08:09.419Z\",\"createdAt\":\"2025-05-22T15:21:16.815Z\",\"updatedAt\":\"2025-06-22T16:08:09.421Z\",\"followersCount\":2,\"followingsCount\":3},{\"id\":\"2bd7ed70-b2ce-4c1b-8451-e9498b059290\",\"email\":\"testerno22@example.com\",\"username\":\"johndoe223\",\"name\":\"This is a very long12 name that exceeds the maximum length of fifty characters allowed in the system\",\"bio\":null,\"gender\":null,\"dob\":null,\"phoneNumber\":\"0987654331\",\"address\":null,\"profilePic\":null,\"private\":false,\"verified\":false,\"role\":0,\"accountStatus\":true,\"lastLogin\":null,\"createdAt\":\"2025-06-22T04:00:42.587Z\",\"updatedAt\":\"2025-06-22T04:00:42.589Z\",\"followersCount\":0,\"followingsCount\":0},{\"id\":\"2dda0439-5180-45aa-917f-e632e45a8e41\",\"email\":\"test@example.com\",\"username\":\"johndoe\",\"name\":\"John Doe\",\"bio\":null,\"gender\":null,\"dob\":null,\"phoneNumber\":\"0987654321\",\"address\":null,\"profilePic\":null,\"private\":false,\"verified\":false,\"role\":0,\"accountStatus\":true,\"lastLogin\":\"2025-06-22T16:08:06.447Z\",\"createdAt\":\"2025-06-17T15:18:30.181Z\",\"updatedAt\":\"2025-06-22T16:08:06.448Z\",\"followersCount\":0,\"followingsCount\":0},{\"id\":\"526d120c-c237-4514-ae9a-ed7a63034c7e\",\"email\":\"user1@gmail.com\",\"username\":\"userno1\",\"name\":\"John Doe\",\"bio\":null,\"gender\":null,\"dob\":null,\"phoneNumber\":\"0123341233\",\"address\":null,\"profilePic\":null,\"private\":false,\"verified\":false,\"role\":0,\"accountStatus\":true,\"lastLogin\":\"2025-06-23T07:47:55.578Z\",\"createdAt\":\"2025-06-23T06:38:35.306Z\",\"updatedAt\":\"2025-06-23T07:47:55.579Z\",\"followersCount\":0,\"followingsCount\":0}]}}",
    "testStatus": "FAIL",
    "failureReason": "Status mismatch: Expected 400, got 200"
  },
  {
    "bearerToken": "",
    "page": "1",
    "limit": "-5",
    "testDescription": "TC12: Negative limit",
    "expectedStatus": "400",
    "expectedResult": "{\"statusCode\": 400, \"message\": \"Invalid limit\"}",
    "responseStatus": "200",
    "result": "{\"message\":\"\",\"statusCode\":200,\"status\":\"success\",\"data\":{\"total\":35,\"page\":1,\"limit\":10,\"totalPages\":4,\"users\":[{\"id\":\"047b17a4-1e8a-4160-bb8a-db05a94a30cb\",\"email\":\"testerno1@example.com\",\"username\":\"johndoetestno1\",\"name\":\"John Doetesterno1\",\"bio\":null,\"gender\":null,\"dob\":null,\"phoneNumber\":\"0987654207\",\"address\":null,\"profilePic\":null,\"private\":false,\"verified\":false,\"role\":0,\"accountStatus\":true,\"lastLogin\":null,\"createdAt\":\"2025-06-22T04:00:40.803Z\",\"updatedAt\":\"2025-06-22T04:00:40.804Z\",\"followersCount\":0,\"followingsCount\":0},{\"id\":\"09c10759-ec74-45ca-8274-f1a7f7fdb589\",\"email\":\"tester1@example.com\",\"username\":\"johndoetest1\",\"name\":\"John Doetest\",\"bio\":null,\"gender\":null,\"dob\":null,\"phoneNumber\":\"0987654322\",\"address\":null,\"profilePic\":null,\"private\":false,\"verified\":false,\"role\":0,\"accountStatus\":true,\"lastLogin\":null,\"createdAt\":\"2025-06-22T02:12:16.282Z\",\"updatedAt\":\"2025-06-22T02:12:16.284Z\",\"followersCount\":0,\"followingsCount\":0},{\"id\":\"0a37ef43-fee8-41d3-a686-8ab086948695\",\"email\":\"testit2@gmail.com\",\"username\":\"johndoe21\",\"name\":\"John Doe\",\"bio\":null,\"gender\":null,\"dob\":null,\"phoneNumber\":\"0123456712\",\"address\":null,\"profilePic\":null,\"private\":false,\"verified\":false,\"role\":0,\"accountStatus\":true,\"lastLogin\":\"2025-06-22T16:08:09.276Z\",\"createdAt\":\"2025-06-22T03:45:37.141Z\",\"updatedAt\":\"2025-06-22T16:08:09.278Z\",\"followersCount\":0,\"followingsCount\":0},{\"id\":\"1fa871af-f9fe-47b5-b416-4f9c3d544065\",\"email\":\"testerno2@example.com\",\"username\":\"janesmithtesstno1\",\"name\":\"Jane Smithtestno1\",\"bio\":null,\"gender\":null,\"dob\":null,\"phoneNumber\":\"01234567203\",\"address\":null,\"profilePic\":null,\"private\":false,\"verified\":false,\"role\":0,\"accountStatus\":true,\"lastLogin\":null,\"createdAt\":\"2025-06-22T04:00:41.081Z\",\"updatedAt\":\"2025-06-22T04:00:41.083Z\",\"followersCount\":0,\"followingsCount\":0},{\"id\":\"272f6b55-5179-4ae3-8563-b4ec10f76715\",\"email\":\"testit5@gmail.com\",\"username\":\"johndoe2d5d\",\"name\":\"John Doe\",\"bio\":null,\"gender\":null,\"dob\":null,\"phoneNumber\":\"0123456132\",\"address\":null,\"profilePic\":null,\"private\":false,\"verified\":false,\"role\":0,\"accountStatus\":true,\"lastLogin\":\"2025-06-22T16:08:10.247Z\",\"createdAt\":\"2025-06-22T14:55:01.797Z\",\"updatedAt\":\"2025-06-22T16:08:10.249Z\",\"followersCount\":0,\"followingsCount\":0},{\"id\":\"2aa10f99-aba5-4a4b-94d4-d0ceaf78f931\",\"email\":\"testerno24@example.com\",\"username\":\"johndoeno24\",\"name\":\"<script>alert(\\\"xss-test\\\")</script>\",\"bio\":null,\"gender\":null,\"dob\":null,\"phoneNumber\":\"0987311111\",\"address\":null,\"profilePic\":null,\"private\":false,\"verified\":false,\"role\":0,\"accountStatus\":true,\"lastLogin\":null,\"createdAt\":\"2025-06-22T04:00:43.070Z\",\"updatedAt\":\"2025-06-22T04:00:43.072Z\",\"followersCount\":0,\"followingsCount\":0},{\"id\":\"2b84aa24-668a-40e2-af1c-ad4fc4fa5a6f\",\"email\":\"quang1@gmail.com\",\"username\":\"quang1\",\"name\":\"quang1\",\"bio\":\"Thang Nam Lao Vua Thoi\",\"gender\":null,\"dob\":null,\"phoneNumber\":\"09874563210\",\"address\":null,\"profilePic\":\"https://res.cloudinary.com/dizcvrefo/image/upload/v1749027586/nestjs_uploads/xehairydt9rzlbmbmv4c.jpg\",\"private\":false,\"verified\":false,\"role\":0,\"accountStatus\":true,\"lastLogin\":\"2025-06-22T16:08:09.419Z\",\"createdAt\":\"2025-05-22T15:21:16.815Z\",\"updatedAt\":\"2025-06-22T16:08:09.421Z\",\"followersCount\":2,\"followingsCount\":3},{\"id\":\"2bd7ed70-b2ce-4c1b-8451-e9498b059290\",\"email\":\"testerno22@example.com\",\"username\":\"johndoe223\",\"name\":\"This is a very long12 name that exceeds the maximum length of fifty characters allowed in the system\",\"bio\":null,\"gender\":null,\"dob\":null,\"phoneNumber\":\"0987654331\",\"address\":null,\"profilePic\":null,\"private\":false,\"verified\":false,\"role\":0,\"accountStatus\":true,\"lastLogin\":null,\"createdAt\":\"2025-06-22T04:00:42.587Z\",\"updatedAt\":\"2025-06-22T04:00:42.589Z\",\"followersCount\":0,\"followingsCount\":0},{\"id\":\"2dda0439-5180-45aa-917f-e632e45a8e41\",\"email\":\"test@example.com\",\"username\":\"johndoe\",\"name\":\"John Doe\",\"bio\":null,\"gender\":null,\"dob\":null,\"phoneNumber\":\"0987654321\",\"address\":null,\"profilePic\":null,\"private\":false,\"verified\":false,\"role\":0,\"accountStatus\":true,\"lastLogin\":\"2025-06-22T16:08:06.447Z\",\"createdAt\":\"2025-06-17T15:18:30.181Z\",\"updatedAt\":\"2025-06-22T16:08:06.448Z\",\"followersCount\":0,\"followingsCount\":0},{\"id\":\"526d120c-c237-4514-ae9a-ed7a63034c7e\",\"email\":\"user1@gmail.com\",\"username\":\"userno1\",\"name\":\"John Doe\",\"bio\":null,\"gender\":null,\"dob\":null,\"phoneNumber\":\"0123341233\",\"address\":null,\"profilePic\":null,\"private\":false,\"verified\":false,\"role\":0,\"accountStatus\":true,\"lastLogin\":\"2025-06-23T07:47:55.578Z\",\"createdAt\":\"2025-06-23T06:38:35.306Z\",\"updatedAt\":\"2025-06-23T07:47:55.579Z\",\"followersCount\":0,\"followingsCount\":0}]}}",
    "testStatus": "FAIL",
    "failureReason": "Status mismatch: Expected 400, got 200"
  },
  {
    "bearerToken": "",
    "page": "abc",
    "limit": "10",
    "testDescription": "TC13: Non-numeric page",
    "expectedStatus": "400",
    "expectedResult": "{\"statusCode\": 400, \"message\": \"Invalid page format\"}",
    "responseStatus": "200",
    "result": "{\"message\":\"\",\"statusCode\":200,\"status\":\"success\",\"data\":{\"total\":35,\"page\":1,\"limit\":10,\"totalPages\":4,\"users\":[{\"id\":\"047b17a4-1e8a-4160-bb8a-db05a94a30cb\",\"email\":\"testerno1@example.com\",\"username\":\"johndoetestno1\",\"name\":\"John Doetesterno1\",\"bio\":null,\"gender\":null,\"dob\":null,\"phoneNumber\":\"0987654207\",\"address\":null,\"profilePic\":null,\"private\":false,\"verified\":false,\"role\":0,\"accountStatus\":true,\"lastLogin\":null,\"createdAt\":\"2025-06-22T04:00:40.803Z\",\"updatedAt\":\"2025-06-22T04:00:40.804Z\",\"followersCount\":0,\"followingsCount\":0},{\"id\":\"09c10759-ec74-45ca-8274-f1a7f7fdb589\",\"email\":\"tester1@example.com\",\"username\":\"johndoetest1\",\"name\":\"John Doetest\",\"bio\":null,\"gender\":null,\"dob\":null,\"phoneNumber\":\"0987654322\",\"address\":null,\"profilePic\":null,\"private\":false,\"verified\":false,\"role\":0,\"accountStatus\":true,\"lastLogin\":null,\"createdAt\":\"2025-06-22T02:12:16.282Z\",\"updatedAt\":\"2025-06-22T02:12:16.284Z\",\"followersCount\":0,\"followingsCount\":0},{\"id\":\"0a37ef43-fee8-41d3-a686-8ab086948695\",\"email\":\"testit2@gmail.com\",\"username\":\"johndoe21\",\"name\":\"John Doe\",\"bio\":null,\"gender\":null,\"dob\":null,\"phoneNumber\":\"0123456712\",\"address\":null,\"profilePic\":null,\"private\":false,\"verified\":false,\"role\":0,\"accountStatus\":true,\"lastLogin\":\"2025-06-22T16:08:09.276Z\",\"createdAt\":\"2025-06-22T03:45:37.141Z\",\"updatedAt\":\"2025-06-22T16:08:09.278Z\",\"followersCount\":0,\"followingsCount\":0},{\"id\":\"1fa871af-f9fe-47b5-b416-4f9c3d544065\",\"email\":\"testerno2@example.com\",\"username\":\"janesmithtesstno1\",\"name\":\"Jane Smithtestno1\",\"bio\":null,\"gender\":null,\"dob\":null,\"phoneNumber\":\"01234567203\",\"address\":null,\"profilePic\":null,\"private\":false,\"verified\":false,\"role\":0,\"accountStatus\":true,\"lastLogin\":null,\"createdAt\":\"2025-06-22T04:00:41.081Z\",\"updatedAt\":\"2025-06-22T04:00:41.083Z\",\"followersCount\":0,\"followingsCount\":0},{\"id\":\"272f6b55-5179-4ae3-8563-b4ec10f76715\",\"email\":\"testit5@gmail.com\",\"username\":\"johndoe2d5d\",\"name\":\"John Doe\",\"bio\":null,\"gender\":null,\"dob\":null,\"phoneNumber\":\"0123456132\",\"address\":null,\"profilePic\":null,\"private\":false,\"verified\":false,\"role\":0,\"accountStatus\":true,\"lastLogin\":\"2025-06-22T16:08:10.247Z\",\"createdAt\":\"2025-06-22T14:55:01.797Z\",\"updatedAt\":\"2025-06-22T16:08:10.249Z\",\"followersCount\":0,\"followingsCount\":0},{\"id\":\"2aa10f99-aba5-4a4b-94d4-d0ceaf78f931\",\"email\":\"testerno24@example.com\",\"username\":\"johndoeno24\",\"name\":\"<script>alert(\\\"xss-test\\\")</script>\",\"bio\":null,\"gender\":null,\"dob\":null,\"phoneNumber\":\"0987311111\",\"address\":null,\"profilePic\":null,\"private\":false,\"verified\":false,\"role\":0,\"accountStatus\":true,\"lastLogin\":null,\"createdAt\":\"2025-06-22T04:00:43.070Z\",\"updatedAt\":\"2025-06-22T04:00:43.072Z\",\"followersCount\":0,\"followingsCount\":0},{\"id\":\"2b84aa24-668a-40e2-af1c-ad4fc4fa5a6f\",\"email\":\"quang1@gmail.com\",\"username\":\"quang1\",\"name\":\"quang1\",\"bio\":\"Thang Nam Lao Vua Thoi\",\"gender\":null,\"dob\":null,\"phoneNumber\":\"09874563210\",\"address\":null,\"profilePic\":\"https://res.cloudinary.com/dizcvrefo/image/upload/v1749027586/nestjs_uploads/xehairydt9rzlbmbmv4c.jpg\",\"private\":false,\"verified\":false,\"role\":0,\"accountStatus\":true,\"lastLogin\":\"2025-06-22T16:08:09.419Z\",\"createdAt\":\"2025-05-22T15:21:16.815Z\",\"updatedAt\":\"2025-06-22T16:08:09.421Z\",\"followersCount\":2,\"followingsCount\":3},{\"id\":\"2bd7ed70-b2ce-4c1b-8451-e9498b059290\",\"email\":\"testerno22@example.com\",\"username\":\"johndoe223\",\"name\":\"This is a very long12 name that exceeds the maximum length of fifty characters allowed in the system\",\"bio\":null,\"gender\":null,\"dob\":null,\"phoneNumber\":\"0987654331\",\"address\":null,\"profilePic\":null,\"private\":false,\"verified\":false,\"role\":0,\"accountStatus\":true,\"lastLogin\":null,\"createdAt\":\"2025-06-22T04:00:42.587Z\",\"updatedAt\":\"2025-06-22T04:00:42.589Z\",\"followersCount\":0,\"followingsCount\":0},{\"id\":\"2dda0439-5180-45aa-917f-e632e45a8e41\",\"email\":\"test@example.com\",\"username\":\"johndoe\",\"name\":\"John Doe\",\"bio\":null,\"gender\":null,\"dob\":null,\"phoneNumber\":\"0987654321\",\"address\":null,\"profilePic\":null,\"private\":false,\"verified\":false,\"role\":0,\"accountStatus\":true,\"lastLogin\":\"2025-06-22T16:08:06.447Z\",\"createdAt\":\"2025-06-17T15:18:30.181Z\",\"updatedAt\":\"2025-06-22T16:08:06.448Z\",\"followersCount\":0,\"followingsCount\":0},{\"id\":\"526d120c-c237-4514-ae9a-ed7a63034c7e\",\"email\":\"user1@gmail.com\",\"username\":\"userno1\",\"name\":\"John Doe\",\"bio\":null,\"gender\":null,\"dob\":null,\"phoneNumber\":\"0123341233\",\"address\":null,\"profilePic\":null,\"private\":false,\"verified\":false,\"role\":0,\"accountStatus\":true,\"lastLogin\":\"2025-06-23T07:47:55.578Z\",\"createdAt\":\"2025-06-23T06:38:35.306Z\",\"updatedAt\":\"2025-06-23T07:47:55.579Z\",\"followersCount\":0,\"followingsCount\":0}]}}",
    "testStatus": "FAIL",
    "failureReason": "Status mismatch: Expected 400, got 200"
  },
  {
    "bearerToken": "",
    "page": "1",
    "limit": "xyz",
    "testDescription": "TC14: Non-numeric limit",
    "expectedStatus": "400",
    "expectedResult": "{\"statusCode\": 400, \"message\": \"Invalid limit format\"}",
    "responseStatus": "200",
    "result": "{\"message\":\"\",\"statusCode\":200,\"status\":\"success\",\"data\":{\"total\":35,\"page\":1,\"limit\":10,\"totalPages\":4,\"users\":[{\"id\":\"047b17a4-1e8a-4160-bb8a-db05a94a30cb\",\"email\":\"testerno1@example.com\",\"username\":\"johndoetestno1\",\"name\":\"John Doetesterno1\",\"bio\":null,\"gender\":null,\"dob\":null,\"phoneNumber\":\"0987654207\",\"address\":null,\"profilePic\":null,\"private\":false,\"verified\":false,\"role\":0,\"accountStatus\":true,\"lastLogin\":null,\"createdAt\":\"2025-06-22T04:00:40.803Z\",\"updatedAt\":\"2025-06-22T04:00:40.804Z\",\"followersCount\":0,\"followingsCount\":0},{\"id\":\"09c10759-ec74-45ca-8274-f1a7f7fdb589\",\"email\":\"tester1@example.com\",\"username\":\"johndoetest1\",\"name\":\"John Doetest\",\"bio\":null,\"gender\":null,\"dob\":null,\"phoneNumber\":\"0987654322\",\"address\":null,\"profilePic\":null,\"private\":false,\"verified\":false,\"role\":0,\"accountStatus\":true,\"lastLogin\":null,\"createdAt\":\"2025-06-22T02:12:16.282Z\",\"updatedAt\":\"2025-06-22T02:12:16.284Z\",\"followersCount\":0,\"followingsCount\":0},{\"id\":\"0a37ef43-fee8-41d3-a686-8ab086948695\",\"email\":\"testit2@gmail.com\",\"username\":\"johndoe21\",\"name\":\"John Doe\",\"bio\":null,\"gender\":null,\"dob\":null,\"phoneNumber\":\"0123456712\",\"address\":null,\"profilePic\":null,\"private\":false,\"verified\":false,\"role\":0,\"accountStatus\":true,\"lastLogin\":\"2025-06-22T16:08:09.276Z\",\"createdAt\":\"2025-06-22T03:45:37.141Z\",\"updatedAt\":\"2025-06-22T16:08:09.278Z\",\"followersCount\":0,\"followingsCount\":0},{\"id\":\"1fa871af-f9fe-47b5-b416-4f9c3d544065\",\"email\":\"testerno2@example.com\",\"username\":\"janesmithtesstno1\",\"name\":\"Jane Smithtestno1\",\"bio\":null,\"gender\":null,\"dob\":null,\"phoneNumber\":\"01234567203\",\"address\":null,\"profilePic\":null,\"private\":false,\"verified\":false,\"role\":0,\"accountStatus\":true,\"lastLogin\":null,\"createdAt\":\"2025-06-22T04:00:41.081Z\",\"updatedAt\":\"2025-06-22T04:00:41.083Z\",\"followersCount\":0,\"followingsCount\":0},{\"id\":\"272f6b55-5179-4ae3-8563-b4ec10f76715\",\"email\":\"testit5@gmail.com\",\"username\":\"johndoe2d5d\",\"name\":\"John Doe\",\"bio\":null,\"gender\":null,\"dob\":null,\"phoneNumber\":\"0123456132\",\"address\":null,\"profilePic\":null,\"private\":false,\"verified\":false,\"role\":0,\"accountStatus\":true,\"lastLogin\":\"2025-06-22T16:08:10.247Z\",\"createdAt\":\"2025-06-22T14:55:01.797Z\",\"updatedAt\":\"2025-06-22T16:08:10.249Z\",\"followersCount\":0,\"followingsCount\":0},{\"id\":\"2aa10f99-aba5-4a4b-94d4-d0ceaf78f931\",\"email\":\"testerno24@example.com\",\"username\":\"johndoeno24\",\"name\":\"<script>alert(\\\"xss-test\\\")</script>\",\"bio\":null,\"gender\":null,\"dob\":null,\"phoneNumber\":\"0987311111\",\"address\":null,\"profilePic\":null,\"private\":false,\"verified\":false,\"role\":0,\"accountStatus\":true,\"lastLogin\":null,\"createdAt\":\"2025-06-22T04:00:43.070Z\",\"updatedAt\":\"2025-06-22T04:00:43.072Z\",\"followersCount\":0,\"followingsCount\":0},{\"id\":\"2b84aa24-668a-40e2-af1c-ad4fc4fa5a6f\",\"email\":\"quang1@gmail.com\",\"username\":\"quang1\",\"name\":\"quang1\",\"bio\":\"Thang Nam Lao Vua Thoi\",\"gender\":null,\"dob\":null,\"phoneNumber\":\"09874563210\",\"address\":null,\"profilePic\":\"https://res.cloudinary.com/dizcvrefo/image/upload/v1749027586/nestjs_uploads/xehairydt9rzlbmbmv4c.jpg\",\"private\":false,\"verified\":false,\"role\":0,\"accountStatus\":true,\"lastLogin\":\"2025-06-22T16:08:09.419Z\",\"createdAt\":\"2025-05-22T15:21:16.815Z\",\"updatedAt\":\"2025-06-22T16:08:09.421Z\",\"followersCount\":2,\"followingsCount\":3},{\"id\":\"2bd7ed70-b2ce-4c1b-8451-e9498b059290\",\"email\":\"testerno22@example.com\",\"username\":\"johndoe223\",\"name\":\"This is a very long12 name that exceeds the maximum length of fifty characters allowed in the system\",\"bio\":null,\"gender\":null,\"dob\":null,\"phoneNumber\":\"0987654331\",\"address\":null,\"profilePic\":null,\"private\":false,\"verified\":false,\"role\":0,\"accountStatus\":true,\"lastLogin\":null,\"createdAt\":\"2025-06-22T04:00:42.587Z\",\"updatedAt\":\"2025-06-22T04:00:42.589Z\",\"followersCount\":0,\"followingsCount\":0},{\"id\":\"2dda0439-5180-45aa-917f-e632e45a8e41\",\"email\":\"test@example.com\",\"username\":\"johndoe\",\"name\":\"John Doe\",\"bio\":null,\"gender\":null,\"dob\":null,\"phoneNumber\":\"0987654321\",\"address\":null,\"profilePic\":null,\"private\":false,\"verified\":false,\"role\":0,\"accountStatus\":true,\"lastLogin\":\"2025-06-22T16:08:06.447Z\",\"createdAt\":\"2025-06-17T15:18:30.181Z\",\"updatedAt\":\"2025-06-22T16:08:06.448Z\",\"followersCount\":0,\"followingsCount\":0},{\"id\":\"526d120c-c237-4514-ae9a-ed7a63034c7e\",\"email\":\"user1@gmail.com\",\"username\":\"userno1\",\"name\":\"John Doe\",\"bio\":null,\"gender\":null,\"dob\":null,\"phoneNumber\":\"0123341233\",\"address\":null,\"profilePic\":null,\"private\":false,\"verified\":false,\"role\":0,\"accountStatus\":true,\"lastLogin\":\"2025-06-23T07:47:55.578Z\",\"createdAt\":\"2025-06-23T06:38:35.306Z\",\"updatedAt\":\"2025-06-23T07:47:55.579Z\",\"followersCount\":0,\"followingsCount\":0}]}}",
    "testStatus": "FAIL",
    "failureReason": "Status mismatch: Expected 400, got 200"
  },
  {
    "bearerToken": "NO_TOKEN",
    "page": "1",
    "limit": "10",
    "testDescription": "Thi?u token xác th?c",
    "expectedStatus": 401.0,
    "expectedResult": "{\"error\": \"Unauthorized\"}",
    "responseStatus": "401",
    "result": "{\"success\":false,\"statusCode\":401,\"message\":\"Unauthorized\",\"path\":\"/users/get-users?limit=10&page=1\",\"timestamp\":\"2025-06-23T10:58:37.136Z\"}",
    "testStatus": "PASS",
    "failureReason": "All validations passed"
  },
  {
    "bearerToken": "INVALID_TOKEN",
    "page": "1",
    "limit": "10",
    "testDescription": "Token không h?p l?",
    "expectedStatus": 401.0,
    "expectedResult": "{\"error\": \"Invalid or expired token\"}",
    "responseStatus": "401",
    "result": "{\"success\":false,\"statusCode\":401,\"message\":\"Unauthorized\",\"path\":\"/users/get-users?limit=10&page=1\",\"timestamp\":\"2025-06-23T10:58:37.149Z\"}",
    "testStatus": "PASS",
    "failureReason": "All validations passed"
  },
  {
    "bearerToken": "",
    "page": "1' OR '1'='1",
    "limit": "10",
    "testDescription": "Ki?m tra SQL Injection trong page",
    "expectedStatus": 400.0,
    "expectedResult": "{\"error\": \"Invalid page parameter\"}",
    "responseStatus": "200",
    "result": "{\"message\":\"\",\"statusCode\":200,\"status\":\"success\",\"data\":{\"total\":35,\"page\":1,\"limit\":10,\"totalPages\":4,\"users\":[{\"id\":\"047b17a4-1e8a-4160-bb8a-db05a94a30cb\",\"email\":\"testerno1@example.com\",\"username\":\"johndoetestno1\",\"name\":\"John Doetesterno1\",\"bio\":null,\"gender\":null,\"dob\":null,\"phoneNumber\":\"0987654207\",\"address\":null,\"profilePic\":null,\"private\":false,\"verified\":false,\"role\":0,\"accountStatus\":true,\"lastLogin\":null,\"createdAt\":\"2025-06-22T04:00:40.803Z\",\"updatedAt\":\"2025-06-22T04:00:40.804Z\",\"followersCount\":0,\"followingsCount\":0},{\"id\":\"09c10759-ec74-45ca-8274-f1a7f7fdb589\",\"email\":\"tester1@example.com\",\"username\":\"johndoetest1\",\"name\":\"John Doetest\",\"bio\":null,\"gender\":null,\"dob\":null,\"phoneNumber\":\"0987654322\",\"address\":null,\"profilePic\":null,\"private\":false,\"verified\":false,\"role\":0,\"accountStatus\":true,\"lastLogin\":null,\"createdAt\":\"2025-06-22T02:12:16.282Z\",\"updatedAt\":\"2025-06-22T02:12:16.284Z\",\"followersCount\":0,\"followingsCount\":0},{\"id\":\"0a37ef43-fee8-41d3-a686-8ab086948695\",\"email\":\"testit2@gmail.com\",\"username\":\"johndoe21\",\"name\":\"John Doe\",\"bio\":null,\"gender\":null,\"dob\":null,\"phoneNumber\":\"0123456712\",\"address\":null,\"profilePic\":null,\"private\":false,\"verified\":false,\"role\":0,\"accountStatus\":true,\"lastLogin\":\"2025-06-22T16:08:09.276Z\",\"createdAt\":\"2025-06-22T03:45:37.141Z\",\"updatedAt\":\"2025-06-22T16:08:09.278Z\",\"followersCount\":0,\"followingsCount\":0},{\"id\":\"1fa871af-f9fe-47b5-b416-4f9c3d544065\",\"email\":\"testerno2@example.com\",\"username\":\"janesmithtesstno1\",\"name\":\"Jane Smithtestno1\",\"bio\":null,\"gender\":null,\"dob\":null,\"phoneNumber\":\"01234567203\",\"address\":null,\"profilePic\":null,\"private\":false,\"verified\":false,\"role\":0,\"accountStatus\":true,\"lastLogin\":null,\"createdAt\":\"2025-06-22T04:00:41.081Z\",\"updatedAt\":\"2025-06-22T04:00:41.083Z\",\"followersCount\":0,\"followingsCount\":0},{\"id\":\"272f6b55-5179-4ae3-8563-b4ec10f76715\",\"email\":\"testit5@gmail.com\",\"username\":\"johndoe2d5d\",\"name\":\"John Doe\",\"bio\":null,\"gender\":null,\"dob\":null,\"phoneNumber\":\"0123456132\",\"address\":null,\"profilePic\":null,\"private\":false,\"verified\":false,\"role\":0,\"accountStatus\":true,\"lastLogin\":\"2025-06-22T16:08:10.247Z\",\"createdAt\":\"2025-06-22T14:55:01.797Z\",\"updatedAt\":\"2025-06-22T16:08:10.249Z\",\"followersCount\":0,\"followingsCount\":0},{\"id\":\"2aa10f99-aba5-4a4b-94d4-d0ceaf78f931\",\"email\":\"testerno24@example.com\",\"username\":\"johndoeno24\",\"name\":\"<script>alert(\\\"xss-test\\\")</script>\",\"bio\":null,\"gender\":null,\"dob\":null,\"phoneNumber\":\"0987311111\",\"address\":null,\"profilePic\":null,\"private\":false,\"verified\":false,\"role\":0,\"accountStatus\":true,\"lastLogin\":null,\"createdAt\":\"2025-06-22T04:00:43.070Z\",\"updatedAt\":\"2025-06-22T04:00:43.072Z\",\"followersCount\":0,\"followingsCount\":0},{\"id\":\"2b84aa24-668a-40e2-af1c-ad4fc4fa5a6f\",\"email\":\"quang1@gmail.com\",\"username\":\"quang1\",\"name\":\"quang1\",\"bio\":\"Thang Nam Lao Vua Thoi\",\"gender\":null,\"dob\":null,\"phoneNumber\":\"09874563210\",\"address\":null,\"profilePic\":\"https://res.cloudinary.com/dizcvrefo/image/upload/v1749027586/nestjs_uploads/xehairydt9rzlbmbmv4c.jpg\",\"private\":false,\"verified\":false,\"role\":0,\"accountStatus\":true,\"lastLogin\":\"2025-06-22T16:08:09.419Z\",\"createdAt\":\"2025-05-22T15:21:16.815Z\",\"updatedAt\":\"2025-06-22T16:08:09.421Z\",\"followersCount\":2,\"followingsCount\":3},{\"id\":\"2bd7ed70-b2ce-4c1b-8451-e9498b059290\",\"email\":\"testerno22@example.com\",\"username\":\"johndoe223\",\"name\":\"This is a very long12 name that exceeds the maximum length of fifty characters allowed in the system\",\"bio\":null,\"gender\":null,\"dob\":null,\"phoneNumber\":\"0987654331\",\"address\":null,\"profilePic\":null,\"private\":false,\"verified\":false,\"role\":0,\"accountStatus\":true,\"lastLogin\":null,\"createdAt\":\"2025-06-22T04:00:42.587Z\",\"updatedAt\":\"2025-06-22T04:00:42.589Z\",\"followersCount\":0,\"followingsCount\":0},{\"id\":\"2dda0439-5180-45aa-917f-e632e45a8e41\",\"email\":\"test@example.com\",\"username\":\"johndoe\",\"name\":\"John Doe\",\"bio\":null,\"gender\":null,\"dob\":null,\"phoneNumber\":\"0987654321\",\"address\":null,\"profilePic\":null,\"private\":false,\"verified\":false,\"role\":0,\"accountStatus\":true,\"lastLogin\":\"2025-06-22T16:08:06.447Z\",\"createdAt\":\"2025-06-17T15:18:30.181Z\",\"updatedAt\":\"2025-06-22T16:08:06.448Z\",\"followersCount\":0,\"followingsCount\":0},{\"id\":\"526d120c-c237-4514-ae9a-ed7a63034c7e\",\"email\":\"user1@gmail.com\",\"username\":\"userno1\",\"name\":\"John Doe\",\"bio\":null,\"gender\":null,\"dob\":null,\"phoneNumber\":\"0123341233\",\"address\":null,\"profilePic\":null,\"private\":false,\"verified\":false,\"role\":0,\"accountStatus\":true,\"lastLogin\":\"2025-06-23T07:47:55.578Z\",\"createdAt\":\"2025-06-23T06:38:35.306Z\",\"updatedAt\":\"2025-06-23T07:47:55.579Z\",\"followersCount\":0,\"followingsCount\":0}]}}",
    "testStatus": "FAIL",
    "failureReason": "Status mismatch: Expected 400, got 200"
  },
  {
    "bearerToken": "",
    "page": "1",
    "limit": "10' OR '1'='1",
    "testDescription": "Ki?m tra SQL Injection trong limit",
    "expectedStatus": 400.0,
    "expectedResult": "{\"error\": \"Invalid limit parameter\"}",
    "responseStatus": "200",
    "result": "{\"message\":\"\",\"statusCode\":200,\"status\":\"success\",\"data\":{\"total\":35,\"page\":1,\"limit\":10,\"totalPages\":4,\"users\":[{\"id\":\"047b17a4-1e8a-4160-bb8a-db05a94a30cb\",\"email\":\"testerno1@example.com\",\"username\":\"johndoetestno1\",\"name\":\"John Doetesterno1\",\"bio\":null,\"gender\":null,\"dob\":null,\"phoneNumber\":\"0987654207\",\"address\":null,\"profilePic\":null,\"private\":false,\"verified\":false,\"role\":0,\"accountStatus\":true,\"lastLogin\":null,\"createdAt\":\"2025-06-22T04:00:40.803Z\",\"updatedAt\":\"2025-06-22T04:00:40.804Z\",\"followersCount\":0,\"followingsCount\":0},{\"id\":\"09c10759-ec74-45ca-8274-f1a7f7fdb589\",\"email\":\"tester1@example.com\",\"username\":\"johndoetest1\",\"name\":\"John Doetest\",\"bio\":null,\"gender\":null,\"dob\":null,\"phoneNumber\":\"0987654322\",\"address\":null,\"profilePic\":null,\"private\":false,\"verified\":false,\"role\":0,\"accountStatus\":true,\"lastLogin\":null,\"createdAt\":\"2025-06-22T02:12:16.282Z\",\"updatedAt\":\"2025-06-22T02:12:16.284Z\",\"followersCount\":0,\"followingsCount\":0},{\"id\":\"0a37ef43-fee8-41d3-a686-8ab086948695\",\"email\":\"testit2@gmail.com\",\"username\":\"johndoe21\",\"name\":\"John Doe\",\"bio\":null,\"gender\":null,\"dob\":null,\"phoneNumber\":\"0123456712\",\"address\":null,\"profilePic\":null,\"private\":false,\"verified\":false,\"role\":0,\"accountStatus\":true,\"lastLogin\":\"2025-06-22T16:08:09.276Z\",\"createdAt\":\"2025-06-22T03:45:37.141Z\",\"updatedAt\":\"2025-06-22T16:08:09.278Z\",\"followersCount\":0,\"followingsCount\":0},{\"id\":\"1fa871af-f9fe-47b5-b416-4f9c3d544065\",\"email\":\"testerno2@example.com\",\"username\":\"janesmithtesstno1\",\"name\":\"Jane Smithtestno1\",\"bio\":null,\"gender\":null,\"dob\":null,\"phoneNumber\":\"01234567203\",\"address\":null,\"profilePic\":null,\"private\":false,\"verified\":false,\"role\":0,\"accountStatus\":true,\"lastLogin\":null,\"createdAt\":\"2025-06-22T04:00:41.081Z\",\"updatedAt\":\"2025-06-22T04:00:41.083Z\",\"followersCount\":0,\"followingsCount\":0},{\"id\":\"272f6b55-5179-4ae3-8563-b4ec10f76715\",\"email\":\"testit5@gmail.com\",\"username\":\"johndoe2d5d\",\"name\":\"John Doe\",\"bio\":null,\"gender\":null,\"dob\":null,\"phoneNumber\":\"0123456132\",\"address\":null,\"profilePic\":null,\"private\":false,\"verified\":false,\"role\":0,\"accountStatus\":true,\"lastLogin\":\"2025-06-22T16:08:10.247Z\",\"createdAt\":\"2025-06-22T14:55:01.797Z\",\"updatedAt\":\"2025-06-22T16:08:10.249Z\",\"followersCount\":0,\"followingsCount\":0},{\"id\":\"2aa10f99-aba5-4a4b-94d4-d0ceaf78f931\",\"email\":\"testerno24@example.com\",\"username\":\"johndoeno24\",\"name\":\"<script>alert(\\\"xss-test\\\")</script>\",\"bio\":null,\"gender\":null,\"dob\":null,\"phoneNumber\":\"0987311111\",\"address\":null,\"profilePic\":null,\"private\":false,\"verified\":false,\"role\":0,\"accountStatus\":true,\"lastLogin\":null,\"createdAt\":\"2025-06-22T04:00:43.070Z\",\"updatedAt\":\"2025-06-22T04:00:43.072Z\",\"followersCount\":0,\"followingsCount\":0},{\"id\":\"2b84aa24-668a-40e2-af1c-ad4fc4fa5a6f\",\"email\":\"quang1@gmail.com\",\"username\":\"quang1\",\"name\":\"quang1\",\"bio\":\"Thang Nam Lao Vua Thoi\",\"gender\":null,\"dob\":null,\"phoneNumber\":\"09874563210\",\"address\":null,\"profilePic\":\"https://res.cloudinary.com/dizcvrefo/image/upload/v1749027586/nestjs_uploads/xehairydt9rzlbmbmv4c.jpg\",\"private\":false,\"verified\":false,\"role\":0,\"accountStatus\":true,\"lastLogin\":\"2025-06-22T16:08:09.419Z\",\"createdAt\":\"2025-05-22T15:21:16.815Z\",\"updatedAt\":\"2025-06-22T16:08:09.421Z\",\"followersCount\":2,\"followingsCount\":3},{\"id\":\"2bd7ed70-b2ce-4c1b-8451-e9498b059290\",\"email\":\"testerno22@example.com\",\"username\":\"johndoe223\",\"name\":\"This is a very long12 name that exceeds the maximum length of fifty characters allowed in the system\",\"bio\":null,\"gender\":null,\"dob\":null,\"phoneNumber\":\"0987654331\",\"address\":null,\"profilePic\":null,\"private\":false,\"verified\":false,\"role\":0,\"accountStatus\":true,\"lastLogin\":null,\"createdAt\":\"2025-06-22T04:00:42.587Z\",\"updatedAt\":\"2025-06-22T04:00:42.589Z\",\"followersCount\":0,\"followingsCount\":0},{\"id\":\"2dda0439-5180-45aa-917f-e632e45a8e41\",\"email\":\"test@example.com\",\"username\":\"johndoe\",\"name\":\"John Doe\",\"bio\":null,\"gender\":null,\"dob\":null,\"phoneNumber\":\"0987654321\",\"address\":null,\"profilePic\":null,\"private\":false,\"verified\":false,\"role\":0,\"accountStatus\":true,\"lastLogin\":\"2025-06-22T16:08:06.447Z\",\"createdAt\":\"2025-06-17T15:18:30.181Z\",\"updatedAt\":\"2025-06-22T16:08:06.448Z\",\"followersCount\":0,\"followingsCount\":0},{\"id\":\"526d120c-c237-4514-ae9a-ed7a63034c7e\",\"email\":\"user1@gmail.com\",\"username\":\"userno1\",\"name\":\"John Doe\",\"bio\":null,\"gender\":null,\"dob\":null,\"phoneNumber\":\"0123341233\",\"address\":null,\"profilePic\":null,\"private\":false,\"verified\":false,\"role\":0,\"accountStatus\":true,\"lastLogin\":\"2025-06-23T07:47:55.578Z\",\"createdAt\":\"2025-06-23T06:38:35.306Z\",\"updatedAt\":\"2025-06-23T07:47:55.579Z\",\"followersCount\":0,\"followingsCount\":0}]}}",
    "testStatus": "FAIL",
    "failureReason": "Status mismatch: Expected 400, got 200"
  }
]
 
23:54:02.300 [main] INFO com.intuit.karate -- [print] ??c ???c 16 test cases t? Excel sheet: getUsers 
23:54:02.326 [main] DEBUG com.jayway.jsonpath.internal.path.CompiledPath -- Evaluating path: $
23:54:02.332 [main] INFO com.intuit.karate -- [print] S? d?ng global bearer token t? config: eyJhbGciOiJIUzI1NiIsInR5cCI6IkpXVCJ9.eyJzdWIiOiJmNjI4NDUzMi04ZjFlLTRiMDUtYWM1NC1kODAzNzM4NmU4MGMiLCJ1c2VybmFtZSI6InVzZXJubzIiLCJyb2xlIjowLCJpYXQiOjE3NTA2OTQzNTQsImV4cCI6MTc1MDY5Nzk1NH0.cn4pcMTzJbKyd0aw-bN_KvZNRCfEwxef9wljw6vUgkw 
23:54:02.348 [main] INFO com.intuit.karate -- ?ang ch?y test case #1: TC1: Valid page and limit 
23:54:02.383 [main] INFO com.intuit.karate -- karate.env system property was: null 
23:54:02.393 [main] DEBUG com.jayway.jsonpath.internal.path.CompiledPath -- Evaluating path: $
23:54:02.396 [main] DEBUG com.jayway.jsonpath.internal.path.CompiledPath -- Evaluating path: $
23:54:02.652 [main] DEBUG org.apache.http.client.protocol.RequestAddCookies -- CookieSpec selected: karate
23:54:02.658 [main] DEBUG org.apache.http.client.protocol.RequestAuthCache -- Auth cache not set in the context
23:54:02.660 [main] DEBUG com.intuit.karate -- request:
1 > GET http://localhost:3000/users/get-users?limit=10&page=1
1 > Authorization: Bearer eyJhbGciOiJIUzI1NiIsInR5cCI6IkpXVCJ9.eyJzdWIiOiJmNjI4NDUzMi04ZjFlLTRiMDUtYWM1NC1kODAzNzM4NmU4MGMiLCJ1c2VybmFtZSI6InVzZXJubzIiLCJyb2xlIjowLCJpYXQiOjE3NTA2OTQzNTQsImV4cCI6MTc1MDY5Nzk1NH0.cn4pcMTzJbKyd0aw-bN_KvZNRCfEwxef9wljw6vUgkw
1 > Host: localhost:3000
1 > Connection: Keep-Alive
1 > User-Agent: Apache-HttpClient/4.5.14 (Java/17.0.9)
1 > Accept-Encoding: gzip,deflate


23:54:02.661 [main] DEBUG org.apache.http.impl.conn.PoolingHttpClientConnectionManager -- Connection request: [route: {}->http://localhost:3000][total available: 0; route allocated: 0 of 5; total allocated: 0 of 10]
23:54:02.676 [main] DEBUG org.apache.http.impl.conn.PoolingHttpClientConnectionManager -- Connection leased: [id: 0][route: {}->http://localhost:3000][total available: 0; route allocated: 1 of 5; total allocated: 1 of 10]
23:54:02.679 [main] DEBUG org.apache.http.impl.execchain.MainClientExec -- Opening connection {}->http://localhost:3000
23:54:02.686 [main] DEBUG org.apache.http.impl.conn.DefaultHttpClientConnectionOperator -- Connecting to localhost/127.0.0.1:3000
23:54:02.689 [main] DEBUG org.apache.http.impl.conn.DefaultHttpClientConnectionOperator -- Connection established 127.0.0.1:62874<->127.0.0.1:3000
23:54:02.689 [main] DEBUG org.apache.http.impl.conn.DefaultManagedHttpClientConnection -- http-outgoing-0: set socket timeout to 5000
23:54:02.689 [main] DEBUG org.apache.http.impl.execchain.MainClientExec -- Executing request GET /users/get-users?limit=10&page=1 HTTP/1.1
23:54:02.689 [main] DEBUG org.apache.http.impl.execchain.MainClientExec -- Proxy auth state: UNCHALLENGED
23:54:02.691 [main] DEBUG org.apache.http.headers -- http-outgoing-0 >> GET /users/get-users?limit=10&page=1 HTTP/1.1
23:54:02.691 [main] DEBUG org.apache.http.headers -- http-outgoing-0 >> Authorization: Bearer eyJhbGciOiJIUzI1NiIsInR5cCI6IkpXVCJ9.eyJzdWIiOiJmNjI4NDUzMi04ZjFlLTRiMDUtYWM1NC1kODAzNzM4NmU4MGMiLCJ1c2VybmFtZSI6InVzZXJubzIiLCJyb2xlIjowLCJpYXQiOjE3NTA2OTQzNTQsImV4cCI6MTc1MDY5Nzk1NH0.cn4pcMTzJbKyd0aw-bN_KvZNRCfEwxef9wljw6vUgkw
23:54:02.692 [main] DEBUG org.apache.http.headers -- http-outgoing-0 >> Host: localhost:3000
23:54:02.692 [main] DEBUG org.apache.http.headers -- http-outgoing-0 >> Connection: Keep-Alive
23:54:02.692 [main] DEBUG org.apache.http.headers -- http-outgoing-0 >> User-Agent: Apache-HttpClient/4.5.14 (Java/17.0.9)
23:54:02.692 [main] DEBUG org.apache.http.headers -- http-outgoing-0 >> Accept-Encoding: gzip,deflate
23:54:02.692 [main] DEBUG org.apache.http.wire -- http-outgoing-0 >> "GET /users/get-users?limit=10&page=1 HTTP/1.1[\r][\n]"
23:54:02.692 [main] DEBUG org.apache.http.wire -- http-outgoing-0 >> "Authorization: Bearer eyJhbGciOiJIUzI1NiIsInR5cCI6IkpXVCJ9.eyJzdWIiOiJmNjI4NDUzMi04ZjFlLTRiMDUtYWM1NC1kODAzNzM4NmU4MGMiLCJ1c2VybmFtZSI6InVzZXJubzIiLCJyb2xlIjowLCJpYXQiOjE3NTA2OTQzNTQsImV4cCI6MTc1MDY5Nzk1NH0.cn4pcMTzJbKyd0aw-bN_KvZNRCfEwxef9wljw6vUgkw[\r][\n]"
23:54:02.692 [main] DEBUG org.apache.http.wire -- http-outgoing-0 >> "Host: localhost:3000[\r][\n]"
23:54:02.692 [main] DEBUG org.apache.http.wire -- http-outgoing-0 >> "Connection: Keep-Alive[\r][\n]"
23:54:02.692 [main] DEBUG org.apache.http.wire -- http-outgoing-0 >> "User-Agent: Apache-HttpClient/4.5.14 (Java/17.0.9)[\r][\n]"
23:54:02.692 [main] DEBUG org.apache.http.wire -- http-outgoing-0 >> "Accept-Encoding: gzip,deflate[\r][\n]"
23:54:02.692 [main] DEBUG org.apache.http.wire -- http-outgoing-0 >> "[\r][\n]"
23:54:03.260 [main] DEBUG org.apache.http.wire -- http-outgoing-0 << "HTTP/1.1 200 OK[\r][\n]"
23:54:03.260 [main] DEBUG org.apache.http.wire -- http-outgoing-0 << "X-Powered-By: Express[\r][\n]"
23:54:03.260 [main] DEBUG org.apache.http.wire -- http-outgoing-0 << "Access-Control-Allow-Origin: *[\r][\n]"
23:54:03.260 [main] DEBUG org.apache.http.wire -- http-outgoing-0 << "Content-Type: application/json; charset=utf-8[\r][\n]"
23:54:03.261 [main] DEBUG org.apache.http.wire -- http-outgoing-0 << "Content-Length: 4710[\r][\n]"
23:54:03.261 [main] DEBUG org.apache.http.wire -- http-outgoing-0 << "ETag: W/"1266-eCTAhJmtaJLWyJcV1EBbmSXtxkY"[\r][\n]"
23:54:03.261 [main] DEBUG org.apache.http.wire -- http-outgoing-0 << "Date: Mon, 23 Jun 2025 16:54:03 GMT[\r][\n]"
23:54:03.261 [main] DEBUG org.apache.http.wire -- http-outgoing-0 << "Connection: keep-alive[\r][\n]"
23:54:03.261 [main] DEBUG org.apache.http.wire -- http-outgoing-0 << "Keep-Alive: timeout=5[\r][\n]"
23:54:03.261 [main] DEBUG org.apache.http.wire -- http-outgoing-0 << "[\r][\n]"
23:54:03.261 [main] DEBUG org.apache.http.wire -- http-outgoing-0 << "{"message":"","statusCode":200,"status":"success","data":{"total":35,"page":1,"limit":10,"totalPages":4,"users":[{"id":"047b17a4-1e8a-4160-bb8a-db05a94a30cb","email":"testerno1@example.com","username":"johndoetestno1","name":"John Doetesterno1","bio":null,"gender":null,"dob":null,"phoneNumber":"0987654207","address":null,"profilePic":null,"private":false,"verified":false,"role":0,"accountStatus":true,"lastLogin":null,"createdAt":"2025-06-22T04:00:40.803Z","updatedAt":"2025-06-22T04:00:40.804Z","followersCount":0,"followingsCount":0},{"id":"08515b05-2d3e-4789-ad60-db35525a4970","email":"nam@gmail.com","username":"nam","name":"nam","bio":"Chu tich hoi dong Quan tri 1","gender":null,"dob":null,"phoneNumber":"0123456789","address":null,"profilePic":"https://res.cloudinary.com/dizcvrefo/image/upload/v1749266646/nestjs_uploads/zk9zrpeidnovxibfqdxr.png","private":false,"verified":false,"role":0,"accountStatus":true,"lastLogin":"2025-06-23T16:36:28.159Z","createdAt":"2025-05-22T07:39:58.212Z","updatedAt":"2025-06-23T16:36:28.162Z","followersCount":2,"followingsCount":5},{"id":"09c10759-ec74-45ca-8274-f1a7f7fdb589","email":"tester1@example.com","username":"johndoetest1","name":"John Doetest","bio":null,"gender":null,"dob":null,"phoneNumber":"0987654322","address":null,"profilePic":null,"private":false,"verified":false,"role":0,"accountStatus":true,"lastLogin":null,"createdAt":"2025-06-22T02:12:16.282Z","updatedAt":"2025-06-22T02:12:16.284Z","followersCount":0,"followingsCount":0},{"id":"0a37ef43-fee8-41d3-a686-8ab086948695","email":"testit2@gmail.com","username":"johndoe21","name":"John Doe","bio":null,"gender":null,"dob":null,"phoneNumber":"0123456712","address":null,"profilePic":null,"private":false,"verified":false,"role":0,"accountStatus":true,"lastLogin":"2025-06-22T16:08:09.276Z","createdAt":"2025-06-22T03:45:37.141Z","updatedAt":"2025-06-22T16:08:09.278Z","followersCount":0,"followingsCount":0},{"id":"1fa871af-f9fe-47b5-b416-4f9c3d544065","email":"testerno2@example.com","username":"janesmithtesstno1","name":"Jane Smithtestno1","bio":null,"gender":null,"dob":null,"phoneNumber":"01234567203","address":null,"profilePic":null,"private":false,"verified":false,"role":0,"accountStatus":true,"lastLogin":null,"createdAt":"2025-06-22T04:00:41.081Z","updatedAt":"2025-06-22T04:00:41.083Z","followersCount":0,"followingsCount":0},{"id":"272f6b55-5179-4ae3-8563-b4ec10f76715","email":"testit5@gmail.com","username":"johndoe2d5d","name":"John Doe","bio":null,"gender":null,"dob":null,"phoneNumber":"0123456132","address":null,"profilePic":null,"private":false,"verified":false,"role":0,"accountStatus":true,"lastLogin":"2025-06-22T16:08:10.247Z","createdAt":"2025-06-22T14:55:01.797Z","updatedAt":"2025-06-22T16:08:10.249Z","followersCount":0,"followingsCount":0},{"id":"2aa10f99-aba5-4a4b-94d4-d0ceaf78f931","email":"testerno24@example.com","username":"johndoeno24","name":"<script>alert(\"xss-test\")</script>","bio":null,"gender":null,"dob":null,"phoneNumber":"0987311111","address":null,"profilePic":null,"private":false,"verified":false,"role":0,"accountStatus":true,"lastLogin":null,"createdAt":"2025-06-22T04:00:43.070Z","updatedAt":"2025-06-22T04:00:43.072Z","followersCount":0,"followingsCount":0},{"id":"2b84aa24-668a-40e2-af1c-ad4fc4fa5a6f","email":"quang1@gmail.com","username":"quang1","name":"quang1","bio":"Thang Nam Lao Vua Thoi","gender":null,"dob":null,"phoneNumber":"09874563210","address":null,"profilePic":"https://res.cloudinary.com/dizcvrefo/image/upload/v1749027586/nestjs_uploads/xehairydt9rzlbmbmv4c.jpg","private":false,"verified":false,"role":0,"accountStatus":true,"lastLogin":"2025-06-22T16:08:09.419Z","createdAt":"2025-05-22T15:21:16.815Z","updatedAt":"2025-06-22T16:08:09.421Z","followersCount":2,"followingsCount":3},{"id":"2bd7ed70-b2ce-4c1b-8451-e9498b059290","email":"testerno22@example.com","username":"johndoe223","name":"This is a very long12 name that exceeds the maximum length of fifty characters allowed in the system","bio":null,"gender":null,"dob":null,"phoneNumber":"0987654331","address":null,"profilePic":null,"private":false,"verified":false,"role":0,"accountStatus":true,"lastLogin":null,"createdAt":"2025-06-22T04:00:42.587Z","updatedAt":"2025-06-22T04:00:42.589Z","followersCount":0,"followingsCount":0},{"id":"2dda0439-5180-45aa-917f-e632e45a8e41","email":"test@example.com","username":"johndoe","name":"John Doe","bio":null,"gender":null,"dob":null,"phoneNumber":"0987654321","address":null,"profilePic":null,"private":false,"verified":false,"role":0,"accountStatus":true,"lastLogin":"2025-06-22T16:08:06.447Z","createdAt":"2025-06-17T15:18:30.181Z","updatedAt":"2025-06-22T16:08:06.448Z","followersCount":0,"followingsCount":0}]}}"
23:54:03.263 [main] DEBUG org.apache.http.headers -- http-outgoing-0 << HTTP/1.1 200 OK
23:54:03.264 [main] DEBUG org.apache.http.headers -- http-outgoing-0 << X-Powered-By: Express
23:54:03.264 [main] DEBUG org.apache.http.headers -- http-outgoing-0 << Access-Control-Allow-Origin: *
23:54:03.264 [main] DEBUG org.apache.http.headers -- http-outgoing-0 << Content-Type: application/json; charset=utf-8
23:54:03.264 [main] DEBUG org.apache.http.headers -- http-outgoing-0 << Content-Length: 4710
23:54:03.264 [main] DEBUG org.apache.http.headers -- http-outgoing-0 << ETag: W/"1266-eCTAhJmtaJLWyJcV1EBbmSXtxkY"
23:54:03.264 [main] DEBUG org.apache.http.headers -- http-outgoing-0 << Date: Mon, 23 Jun 2025 16:54:03 GMT
23:54:03.264 [main] DEBUG org.apache.http.headers -- http-outgoing-0 << Connection: keep-alive
23:54:03.264 [main] DEBUG org.apache.http.headers -- http-outgoing-0 << Keep-Alive: timeout=5
23:54:03.266 [main] DEBUG org.apache.http.impl.execchain.MainClientExec -- Connection can be kept alive for 5000 MILLISECONDS
23:54:03.269 [main] DEBUG org.apache.http.impl.conn.PoolingHttpClientConnectionManager -- Connection [id: 0][route: {}->http://localhost:3000] can be kept alive for 5.0 seconds
23:54:03.269 [main] DEBUG org.apache.http.impl.conn.DefaultManagedHttpClientConnection -- http-outgoing-0: set socket timeout to 0
23:54:03.269 [main] DEBUG org.apache.http.impl.conn.PoolingHttpClientConnectionManager -- Connection released: [id: 0][route: {}->http://localhost:3000][total available: 1; route allocated: 1 of 5; total allocated: 1 of 10]
23:54:03.269 [main] DEBUG org.apache.http.impl.conn.PoolingHttpClientConnectionManager -- Connection manager is shutting down
23:54:03.269 [main] DEBUG org.apache.http.impl.conn.DefaultManagedHttpClientConnection -- http-outgoing-0: Close connection
23:54:03.270 [main] DEBUG org.apache.http.impl.conn.PoolingHttpClientConnectionManager -- Connection manager shut down
23:54:03.272 [main] DEBUG com.intuit.karate -- response time in milliseconds: 609
1 < 200
1 < X-Powered-By: Express
1 < Access-Control-Allow-Origin: *
1 < Content-Type: application/json; charset=utf-8
1 < Content-Length: 4710
1 < ETag: W/"1266-eCTAhJmtaJLWyJcV1EBbmSXtxkY"
1 < Date: Mon, 23 Jun 2025 16:54:03 GMT
1 < Connection: keep-alive
1 < Keep-Alive: timeout=5
{
  "message": "",
  "statusCode": 200,
  "status": "success",
  "data": {
    "total": 35,
    "page": 1,
    "limit": 10,
    "totalPages": 4,
    "users": [
      {
        "id": "047b17a4-1e8a-4160-bb8a-db05a94a30cb",
        "email": "testerno1@example.com",
        "username": "johndoetestno1",
        "name": "John Doetesterno1",
        "bio": null,
        "gender": null,
        "dob": null,
        "phoneNumber": "0987654207",
        "address": null,
        "profilePic": null,
        "private": false,
        "verified": false,
        "role": 0,
        "accountStatus": true,
        "lastLogin": null,
        "createdAt": "2025-06-22T04:00:40.803Z",
        "updatedAt": "2025-06-22T04:00:40.804Z",
        "followersCount": 0,
        "followingsCount": 0
      },
      {
        "id": "08515b05-2d3e-4789-ad60-db35525a4970",
        "email": "nam@gmail.com",
        "username": "nam",
        "name": "nam",
        "bio": "Chu tich hoi dong Quan tri 1",
        "gender": null,
        "dob": null,
        "phoneNumber": "0123456789",
        "address": null,
        "profilePic": "https://res.cloudinary.com/dizcvrefo/image/upload/v1749266646/nestjs_uploads/zk9zrpeidnovxibfqdxr.png",
        "private": false,
        "verified": false,
        "role": 0,
        "accountStatus": true,
        "lastLogin": "2025-06-23T16:36:28.159Z",
        "createdAt": "2025-05-22T07:39:58.212Z",
        "updatedAt": "2025-06-23T16:36:28.162Z",
        "followersCount": 2,
        "followingsCount": 5
      },
      {
        "id": "09c10759-ec74-45ca-8274-f1a7f7fdb589",
        "email": "tester1@example.com",
        "username": "johndoetest1",
        "name": "John Doetest",
        "bio": null,
        "gender": null,
        "dob": null,
        "phoneNumber": "0987654322",
        "address": null,
        "profilePic": null,
        "private": false,
        "verified": false,
        "role": 0,
        "accountStatus": true,
        "lastLogin": null,
        "createdAt": "2025-06-22T02:12:16.282Z",
        "updatedAt": "2025-06-22T02:12:16.284Z",
        "followersCount": 0,
        "followingsCount": 0
      },
      {
        "id": "0a37ef43-fee8-41d3-a686-8ab086948695",
        "email": "testit2@gmail.com",
        "username": "johndoe21",
        "name": "John Doe",
        "bio": null,
        "gender": null,
        "dob": null,
        "phoneNumber": "0123456712",
        "address": null,
        "profilePic": null,
        "private": false,
        "verified": false,
        "role": 0,
        "accountStatus": true,
        "lastLogin": "2025-06-22T16:08:09.276Z",
        "createdAt": "2025-06-22T03:45:37.141Z",
        "updatedAt": "2025-06-22T16:08:09.278Z",
        "followersCount": 0,
        "followingsCount": 0
      },
      {
        "id": "1fa871af-f9fe-47b5-b416-4f9c3d544065",
        "email": "testerno2@example.com",
        "username": "janesmithtesstno1",
        "name": "Jane Smithtestno1",
        "bio": null,
        "gender": null,
        "dob": null,
        "phoneNumber": "01234567203",
        "address": null,
        "profilePic": null,
        "private": false,
        "verified": false,
        "role": 0,
        "accountStatus": true,
        "lastLogin": null,
        "createdAt": "2025-06-22T04:00:41.081Z",
        "updatedAt": "2025-06-22T04:00:41.083Z",
        "followersCount": 0,
        "followingsCount": 0
      },
      {
        "id": "272f6b55-5179-4ae3-8563-b4ec10f76715",
        "email": "testit5@gmail.com",
        "username": "johndoe2d5d",
        "name": "John Doe",
        "bio": null,
        "gender": null,
        "dob": null,
        "phoneNumber": "0123456132",
        "address": null,
        "profilePic": null,
        "private": false,
        "verified": false,
        "role": 0,
        "accountStatus": true,
        "lastLogin": "2025-06-22T16:08:10.247Z",
        "createdAt": "2025-06-22T14:55:01.797Z",
        "updatedAt": "2025-06-22T16:08:10.249Z",
        "followersCount": 0,
        "followingsCount": 0
      },
      {
        "id": "2aa10f99-aba5-4a4b-94d4-d0ceaf78f931",
        "email": "testerno24@example.com",
        "username": "johndoeno24",
        "name": "<script>alert(\"xss-test\")</script>",
        "bio": null,
        "gender": null,
        "dob": null,
        "phoneNumber": "0987311111",
        "address": null,
        "profilePic": null,
        "private": false,
        "verified": false,
        "role": 0,
        "accountStatus": true,
        "lastLogin": null,
        "createdAt": "2025-06-22T04:00:43.070Z",
        "updatedAt": "2025-06-22T04:00:43.072Z",
        "followersCount": 0,
        "followingsCount": 0
      },
      {
        "id": "2b84aa24-668a-40e2-af1c-ad4fc4fa5a6f",
        "email": "quang1@gmail.com",
        "username": "quang1",
        "name": "quang1",
        "bio": "Thang Nam Lao Vua Thoi",
        "gender": null,
        "dob": null,
        "phoneNumber": "09874563210",
        "address": null,
        "profilePic": "https://res.cloudinary.com/dizcvrefo/image/upload/v1749027586/nestjs_uploads/xehairydt9rzlbmbmv4c.jpg",
        "private": false,
        "verified": false,
        "role": 0,
        "accountStatus": true,
        "lastLogin": "2025-06-22T16:08:09.419Z",
        "createdAt": "2025-05-22T15:21:16.815Z",
        "updatedAt": "2025-06-22T16:08:09.421Z",
        "followersCount": 2,
        "followingsCount": 3
      },
      {
        "id": "2bd7ed70-b2ce-4c1b-8451-e9498b059290",
        "email": "testerno22@example.com",
        "username": "johndoe223",
        "name": "This is a very long12 name that exceeds the maximum length of fifty characters allowed in the system",
        "bio": null,
        "gender": null,
        "dob": null,
        "phoneNumber": "0987654331",
        "address": null,
        "profilePic": null,
        "private": false,
        "verified": false,
        "role": 0,
        "accountStatus": true,
        "lastLogin": null,
        "createdAt": "2025-06-22T04:00:42.587Z",
        "updatedAt": "2025-06-22T04:00:42.589Z",
        "followersCount": 0,
        "followingsCount": 0
      },
      {
        "id": "2dda0439-5180-45aa-917f-e632e45a8e41",
        "email": "test@example.com",
        "username": "johndoe",
        "name": "John Doe",
        "bio": null,
        "gender": null,
        "dob": null,
        "phoneNumber": "0987654321",
        "address": null,
        "profilePic": null,
        "private": false,
        "verified": false,
        "role": 0,
        "accountStatus": true,
        "lastLogin": "2025-06-22T16:08:06.447Z",
        "createdAt": "2025-06-17T15:18:30.181Z",
        "updatedAt": "2025-06-22T16:08:06.448Z",
        "followersCount": 0,
        "followingsCount": 0
      }
    ]
  }
}


23:54:03.276 [main] INFO com.intuit.karate -- [print] Calling getUsers API v?i bearerToken: eyJhbGciOiJIUzI1NiIsInR5cCI6IkpXVCJ9.eyJzdWIiOiJmNjI4NDUzMi04ZjFlLTRiMDUtYWM1NC1kODAzNzM4NmU4MGMiLCJ1c2VybmFtZSI6InVzZXJubzIiLCJyb2xlIjowLCJpYXQiOjE3NTA2OTQzNTQsImV4cCI6MTc1MDY5Nzk1NH0.cn4pcMTzJbKyd0aw-bN_KvZNRCfEwxef9wljw6vUgkw 
23:54:03.276 [main] INFO com.intuit.karate -- [print] Query params: {
  "page": "1",
  "limit": "10"
}
 
23:54:03.278 [main] INFO com.intuit.karate -- [print] Response status: 200 body: {
  "message": "",
  "statusCode": 200,
  "status": "success",
  "data": {
    "total": 35,
    "page": 1,
    "limit": 10,
    "totalPages": 4,
    "users": [
      {
        "id": "047b17a4-1e8a-4160-bb8a-db05a94a30cb",
        "email": "testerno1@example.com",
        "username": "johndoetestno1",
        "name": "John Doetesterno1",
        "bio": null,
        "gender": null,
        "dob": null,
        "phoneNumber": "0987654207",
        "address": null,
        "profilePic": null,
        "private": false,
        "verified": false,
        "role": 0,
        "accountStatus": true,
        "lastLogin": null,
        "createdAt": "2025-06-22T04:00:40.803Z",
        "updatedAt": "2025-06-22T04:00:40.804Z",
        "followersCount": 0,
        "followingsCount": 0
      },
      {
        "id": "08515b05-2d3e-4789-ad60-db35525a4970",
        "email": "nam@gmail.com",
        "username": "nam",
        "name": "nam",
        "bio": "Chu tich hoi dong Quan tri 1",
        "gender": null,
        "dob": null,
        "phoneNumber": "0123456789",
        "address": null,
        "profilePic": "https://res.cloudinary.com/dizcvrefo/image/upload/v1749266646/nestjs_uploads/zk9zrpeidnovxibfqdxr.png",
        "private": false,
        "verified": false,
        "role": 0,
        "accountStatus": true,
        "lastLogin": "2025-06-23T16:36:28.159Z",
        "createdAt": "2025-05-22T07:39:58.212Z",
        "updatedAt": "2025-06-23T16:36:28.162Z",
        "followersCount": 2,
        "followingsCount": 5
      },
      {
        "id": "09c10759-ec74-45ca-8274-f1a7f7fdb589",
        "email": "tester1@example.com",
        "username": "johndoetest1",
        "name": "John Doetest",
        "bio": null,
        "gender": null,
        "dob": null,
        "phoneNumber": "0987654322",
        "address": null,
        "profilePic": null,
        "private": false,
        "verified": false,
        "role": 0,
        "accountStatus": true,
        "lastLogin": null,
        "createdAt": "2025-06-22T02:12:16.282Z",
        "updatedAt": "2025-06-22T02:12:16.284Z",
        "followersCount": 0,
        "followingsCount": 0
      },
      {
        "id": "0a37ef43-fee8-41d3-a686-8ab086948695",
        "email": "testit2@gmail.com",
        "username": "johndoe21",
        "name": "John Doe",
        "bio": null,
        "gender": null,
        "dob": null,
        "phoneNumber": "0123456712",
        "address": null,
        "profilePic": null,
        "private": false,
        "verified": false,
        "role": 0,
        "accountStatus": true,
        "lastLogin": "2025-06-22T16:08:09.276Z",
        "createdAt": "2025-06-22T03:45:37.141Z",
        "updatedAt": "2025-06-22T16:08:09.278Z",
        "followersCount": 0,
        "followingsCount": 0
      },
      {
        "id": "1fa871af-f9fe-47b5-b416-4f9c3d544065",
        "email": "testerno2@example.com",
        "username": "janesmithtesstno1",
        "name": "Jane Smithtestno1",
        "bio": null,
        "gender": null,
        "dob": null,
        "phoneNumber": "01234567203",
        "address": null,
        "profilePic": null,
        "private": false,
        "verified": false,
        "role": 0,
        "accountStatus": true,
        "lastLogin": null,
        "createdAt": "2025-06-22T04:00:41.081Z",
        "updatedAt": "2025-06-22T04:00:41.083Z",
        "followersCount": 0,
        "followingsCount": 0
      },
      {
        "id": "272f6b55-5179-4ae3-8563-b4ec10f76715",
        "email": "testit5@gmail.com",
        "username": "johndoe2d5d",
        "name": "John Doe",
        "bio": null,
        "gender": null,
        "dob": null,
        "phoneNumber": "0123456132",
        "address": null,
        "profilePic": null,
        "private": false,
        "verified": false,
        "role": 0,
        "accountStatus": true,
        "lastLogin": "2025-06-22T16:08:10.247Z",
        "createdAt": "2025-06-22T14:55:01.797Z",
        "updatedAt": "2025-06-22T16:08:10.249Z",
        "followersCount": 0,
        "followingsCount": 0
      },
      {
        "id": "2aa10f99-aba5-4a4b-94d4-d0ceaf78f931",
        "email": "testerno24@example.com",
        "username": "johndoeno24",
        "name": "<script>alert(\"xss-test\")</script>",
        "bio": null,
        "gender": null,
        "dob": null,
        "phoneNumber": "0987311111",
        "address": null,
        "profilePic": null,
        "private": false,
        "verified": false,
        "role": 0,
        "accountStatus": true,
        "lastLogin": null,
        "createdAt": "2025-06-22T04:00:43.070Z",
        "updatedAt": "2025-06-22T04:00:43.072Z",
        "followersCount": 0,
        "followingsCount": 0
      },
      {
        "id": "2b84aa24-668a-40e2-af1c-ad4fc4fa5a6f",
        "email": "quang1@gmail.com",
        "username": "quang1",
        "name": "quang1",
        "bio": "Thang Nam Lao Vua Thoi",
        "gender": null,
        "dob": null,
        "phoneNumber": "09874563210",
        "address": null,
        "profilePic": "https://res.cloudinary.com/dizcvrefo/image/upload/v1749027586/nestjs_uploads/xehairydt9rzlbmbmv4c.jpg",
        "private": false,
        "verified": false,
        "role": 0,
        "accountStatus": true,
        "lastLogin": "2025-06-22T16:08:09.419Z",
        "createdAt": "2025-05-22T15:21:16.815Z",
        "updatedAt": "2025-06-22T16:08:09.421Z",
        "followersCount": 2,
        "followingsCount": 3
      },
      {
        "id": "2bd7ed70-b2ce-4c1b-8451-e9498b059290",
        "email": "testerno22@example.com",
        "username": "johndoe223",
        "name": "This is a very long12 name that exceeds the maximum length of fifty characters allowed in the system",
        "bio": null,
        "gender": null,
        "dob": null,
        "phoneNumber": "0987654331",
        "address": null,
        "profilePic": null,
        "private": false,
        "verified": false,
        "role": 0,
        "accountStatus": true,
        "lastLogin": null,
        "createdAt": "2025-06-22T04:00:42.587Z",
        "updatedAt": "2025-06-22T04:00:42.589Z",
        "followersCount": 0,
        "followingsCount": 0
      },
      {
        "id": "2dda0439-5180-45aa-917f-e632e45a8e41",
        "email": "test@example.com",
        "username": "johndoe",
        "name": "John Doe",
        "bio": null,
        "gender": null,
        "dob": null,
        "phoneNumber": "0987654321",
        "address": null,
        "profilePic": null,
        "private": false,
        "verified": false,
        "role": 0,
        "accountStatus": true,
        "lastLogin": "2025-06-22T16:08:06.447Z",
        "createdAt": "2025-06-17T15:18:30.181Z",
        "updatedAt": "2025-06-22T16:08:06.448Z",
        "followersCount": 0,
        "followingsCount": 0
      }
    ]
  }
}
 
23:54:03.284 [main] INFO com.intuit.karate -- ? TEST PASSED - All validations passed 
23:54:03.305 [main] INFO com.intuit.karate -- Test case #1 completed - Status: 200 
23:54:03.306 [main] INFO com.intuit.karate -- ?ang ch?y test case #2: TC2: Get first page without limit(defaul value) 
23:54:03.324 [main] INFO com.intuit.karate -- karate.env system property was: null 
23:54:03.329 [main] DEBUG com.jayway.jsonpath.internal.path.CompiledPath -- Evaluating path: $
23:54:03.330 [main] DEBUG com.jayway.jsonpath.internal.path.CompiledPath -- Evaluating path: $
23:54:03.338 [main] DEBUG org.apache.http.client.protocol.RequestAddCookies -- CookieSpec selected: karate
23:54:03.338 [main] DEBUG org.apache.http.client.protocol.RequestAuthCache -- Auth cache not set in the context
23:54:03.338 [main] DEBUG com.intuit.karate -- request:
1 > GET http://localhost:3000/users/get-users?page=1
1 > Authorization: Bearer eyJhbGciOiJIUzI1NiIsInR5cCI6IkpXVCJ9.eyJzdWIiOiJmNjI4NDUzMi04ZjFlLTRiMDUtYWM1NC1kODAzNzM4NmU4MGMiLCJ1c2VybmFtZSI6InVzZXJubzIiLCJyb2xlIjowLCJpYXQiOjE3NTA2OTQzNTQsImV4cCI6MTc1MDY5Nzk1NH0.cn4pcMTzJbKyd0aw-bN_KvZNRCfEwxef9wljw6vUgkw
1 > Host: localhost:3000
1 > Connection: Keep-Alive
1 > User-Agent: Apache-HttpClient/4.5.14 (Java/17.0.9)
1 > Accept-Encoding: gzip,deflate


23:54:03.339 [main] DEBUG org.apache.http.impl.conn.PoolingHttpClientConnectionManager -- Connection request: [route: {}->http://localhost:3000][total available: 0; route allocated: 0 of 5; total allocated: 0 of 10]
23:54:03.339 [main] DEBUG org.apache.http.impl.conn.PoolingHttpClientConnectionManager -- Connection leased: [id: 1][route: {}->http://localhost:3000][total available: 0; route allocated: 1 of 5; total allocated: 1 of 10]
23:54:03.339 [main] DEBUG org.apache.http.impl.execchain.MainClientExec -- Opening connection {}->http://localhost:3000
23:54:03.340 [main] DEBUG org.apache.http.impl.conn.DefaultHttpClientConnectionOperator -- Connecting to localhost/127.0.0.1:3000
23:54:03.340 [main] DEBUG org.apache.http.impl.conn.DefaultHttpClientConnectionOperator -- Connection established 127.0.0.1:62881<->127.0.0.1:3000
23:54:03.340 [main] DEBUG org.apache.http.impl.conn.DefaultManagedHttpClientConnection -- http-outgoing-1: set socket timeout to 5000
23:54:03.340 [main] DEBUG org.apache.http.impl.execchain.MainClientExec -- Executing request GET /users/get-users?page=1 HTTP/1.1
23:54:03.340 [main] DEBUG org.apache.http.impl.execchain.MainClientExec -- Proxy auth state: UNCHALLENGED
23:54:03.341 [main] DEBUG org.apache.http.headers -- http-outgoing-1 >> GET /users/get-users?page=1 HTTP/1.1
23:54:03.341 [main] DEBUG org.apache.http.headers -- http-outgoing-1 >> Authorization: Bearer eyJhbGciOiJIUzI1NiIsInR5cCI6IkpXVCJ9.eyJzdWIiOiJmNjI4NDUzMi04ZjFlLTRiMDUtYWM1NC1kODAzNzM4NmU4MGMiLCJ1c2VybmFtZSI6InVzZXJubzIiLCJyb2xlIjowLCJpYXQiOjE3NTA2OTQzNTQsImV4cCI6MTc1MDY5Nzk1NH0.cn4pcMTzJbKyd0aw-bN_KvZNRCfEwxef9wljw6vUgkw
23:54:03.341 [main] DEBUG org.apache.http.headers -- http-outgoing-1 >> Host: localhost:3000
23:54:03.341 [main] DEBUG org.apache.http.headers -- http-outgoing-1 >> Connection: Keep-Alive
23:54:03.341 [main] DEBUG org.apache.http.headers -- http-outgoing-1 >> User-Agent: Apache-HttpClient/4.5.14 (Java/17.0.9)
23:54:03.341 [main] DEBUG org.apache.http.headers -- http-outgoing-1 >> Accept-Encoding: gzip,deflate
23:54:03.341 [main] DEBUG org.apache.http.wire -- http-outgoing-1 >> "GET /users/get-users?page=1 HTTP/1.1[\r][\n]"
23:54:03.341 [main] DEBUG org.apache.http.wire -- http-outgoing-1 >> "Authorization: Bearer eyJhbGciOiJIUzI1NiIsInR5cCI6IkpXVCJ9.eyJzdWIiOiJmNjI4NDUzMi04ZjFlLTRiMDUtYWM1NC1kODAzNzM4NmU4MGMiLCJ1c2VybmFtZSI6InVzZXJubzIiLCJyb2xlIjowLCJpYXQiOjE3NTA2OTQzNTQsImV4cCI6MTc1MDY5Nzk1NH0.cn4pcMTzJbKyd0aw-bN_KvZNRCfEwxef9wljw6vUgkw[\r][\n]"
23:54:03.341 [main] DEBUG org.apache.http.wire -- http-outgoing-1 >> "Host: localhost:3000[\r][\n]"
23:54:03.341 [main] DEBUG org.apache.http.wire -- http-outgoing-1 >> "Connection: Keep-Alive[\r][\n]"
23:54:03.341 [main] DEBUG org.apache.http.wire -- http-outgoing-1 >> "User-Agent: Apache-HttpClient/4.5.14 (Java/17.0.9)[\r][\n]"
23:54:03.341 [main] DEBUG org.apache.http.wire -- http-outgoing-1 >> "Accept-Encoding: gzip,deflate[\r][\n]"
23:54:03.341 [main] DEBUG org.apache.http.wire -- http-outgoing-1 >> "[\r][\n]"
23:54:03.373 [main] DEBUG org.apache.http.wire -- http-outgoing-1 << "HTTP/1.1 400 Bad Request[\r][\n]"
23:54:03.373 [main] DEBUG org.apache.http.wire -- http-outgoing-1 << "X-Powered-By: Express[\r][\n]"
23:54:03.373 [main] DEBUG org.apache.http.wire -- http-outgoing-1 << "Access-Control-Allow-Origin: *[\r][\n]"
23:54:03.373 [main] DEBUG org.apache.http.wire -- http-outgoing-1 << "Content-Type: application/json; charset=utf-8[\r][\n]"
23:54:03.373 [main] DEBUG org.apache.http.wire -- http-outgoing-1 << "Content-Length: 161[\r][\n]"
23:54:03.373 [main] DEBUG org.apache.http.wire -- http-outgoing-1 << "ETag: W/"a1-StusGjFgsS7kHS1FEoJt1kjOGXs"[\r][\n]"
23:54:03.373 [main] DEBUG org.apache.http.wire -- http-outgoing-1 << "Date: Mon, 23 Jun 2025 16:54:03 GMT[\r][\n]"
23:54:03.374 [main] DEBUG org.apache.http.wire -- http-outgoing-1 << "Connection: keep-alive[\r][\n]"
23:54:03.374 [main] DEBUG org.apache.http.wire -- http-outgoing-1 << "Keep-Alive: timeout=5[\r][\n]"
23:54:03.374 [main] DEBUG org.apache.http.wire -- http-outgoing-1 << "[\r][\n]"
23:54:03.374 [main] DEBUG org.apache.http.wire -- http-outgoing-1 << "{"success":false,"statusCode":400,"message":"Kh[0xc3][0xb4]ng c[0xc3][0xb3] d[0xe1][0xbb][0xaf] li[0xe1][0xbb][0x87]u [0xc4][0x91][0xc6][0xb0][0xe1][0xbb][0xa3]c g[0xe1][0xbb][0xad]i l[0xc3][0xaa]n","path":"/users/get-users?page=1","timestamp":"2025-06-23T16:54:03.373Z"}"
23:54:03.374 [main] DEBUG org.apache.http.headers -- http-outgoing-1 << HTTP/1.1 400 Bad Request
23:54:03.374 [main] DEBUG org.apache.http.headers -- http-outgoing-1 << X-Powered-By: Express
23:54:03.374 [main] DEBUG org.apache.http.headers -- http-outgoing-1 << Access-Control-Allow-Origin: *
23:54:03.374 [main] DEBUG org.apache.http.headers -- http-outgoing-1 << Content-Type: application/json; charset=utf-8
23:54:03.374 [main] DEBUG org.apache.http.headers -- http-outgoing-1 << Content-Length: 161
23:54:03.374 [main] DEBUG org.apache.http.headers -- http-outgoing-1 << ETag: W/"a1-StusGjFgsS7kHS1FEoJt1kjOGXs"
23:54:03.374 [main] DEBUG org.apache.http.headers -- http-outgoing-1 << Date: Mon, 23 Jun 2025 16:54:03 GMT
23:54:03.374 [main] DEBUG org.apache.http.headers -- http-outgoing-1 << Connection: keep-alive
23:54:03.374 [main] DEBUG org.apache.http.headers -- http-outgoing-1 << Keep-Alive: timeout=5
23:54:03.374 [main] DEBUG org.apache.http.impl.execchain.MainClientExec -- Connection can be kept alive for 5000 MILLISECONDS
23:54:03.374 [main] DEBUG org.apache.http.impl.conn.PoolingHttpClientConnectionManager -- Connection [id: 1][route: {}->http://localhost:3000] can be kept alive for 5.0 seconds
23:54:03.374 [main] DEBUG org.apache.http.impl.conn.DefaultManagedHttpClientConnection -- http-outgoing-1: set socket timeout to 0
23:54:03.374 [main] DEBUG org.apache.http.impl.conn.PoolingHttpClientConnectionManager -- Connection released: [id: 1][route: {}->http://localhost:3000][total available: 1; route allocated: 1 of 5; total allocated: 1 of 10]
23:54:03.374 [main] DEBUG org.apache.http.impl.conn.PoolingHttpClientConnectionManager -- Connection manager is shutting down
23:54:03.374 [main] DEBUG org.apache.http.impl.conn.DefaultManagedHttpClientConnection -- http-outgoing-1: Close connection
23:54:03.375 [main] DEBUG org.apache.http.impl.conn.PoolingHttpClientConnectionManager -- Connection manager shut down
23:54:03.375 [main] DEBUG com.intuit.karate -- response time in milliseconds: 36
1 < 400
1 < X-Powered-By: Express
1 < Access-Control-Allow-Origin: *
1 < Content-Type: application/json; charset=utf-8
1 < Content-Length: 161
1 < ETag: W/"a1-StusGjFgsS7kHS1FEoJt1kjOGXs"
1 < Date: Mon, 23 Jun 2025 16:54:03 GMT
1 < Connection: keep-alive
1 < Keep-Alive: timeout=5
{
  "success": false,
  "statusCode": 400,
  "message": "Không có d? li?u ???c g?i lên",
  "path": "/users/get-users?page=1",
  "timestamp": "2025-06-23T16:54:03.373Z"
}


23:54:03.376 [main] INFO com.intuit.karate -- [print] Calling getUsers API v?i bearerToken: eyJhbGciOiJIUzI1NiIsInR5cCI6IkpXVCJ9.eyJzdWIiOiJmNjI4NDUzMi04ZjFlLTRiMDUtYWM1NC1kODAzNzM4NmU4MGMiLCJ1c2VybmFtZSI6InVzZXJubzIiLCJyb2xlIjowLCJpYXQiOjE3NTA2OTQzNTQsImV4cCI6MTc1MDY5Nzk1NH0.cn4pcMTzJbKyd0aw-bN_KvZNRCfEwxef9wljw6vUgkw 
23:54:03.376 [main] INFO com.intuit.karate -- [print] Query params: {
  "page": "1"
}
 
23:54:03.376 [main] INFO com.intuit.karate -- [print] Response status: 400 body: {
  "success": false,
  "statusCode": 400,
  "message": "Không có d? li?u ???c g?i lên",
  "path": "/users/get-users?page=1",
  "timestamp": "2025-06-23T16:54:03.373Z"
}
 
23:54:03.378 [main] INFO com.intuit.karate -- ? TEST FAILED - Status mismatch: Expected 200, got 400 
23:54:03.379 [main] INFO com.intuit.karate -- Test case #2 completed - Status: 400 
23:54:03.382 [main] INFO com.intuit.karate -- ?ang ch?y test case #3: TC3: Get users with small limit(defaul value) 
23:54:03.395 [main] INFO com.intuit.karate -- karate.env system property was: null 
23:54:03.398 [main] DEBUG com.jayway.jsonpath.internal.path.CompiledPath -- Evaluating path: $
23:54:03.398 [main] DEBUG com.jayway.jsonpath.internal.path.CompiledPath -- Evaluating path: $
23:54:03.401 [main] DEBUG org.apache.http.client.protocol.RequestAddCookies -- CookieSpec selected: karate
23:54:03.401 [main] DEBUG org.apache.http.client.protocol.RequestAuthCache -- Auth cache not set in the context
23:54:03.401 [main] DEBUG com.intuit.karate -- request:
1 > GET http://localhost:3000/users/get-users?limit=5
1 > Authorization: Bearer eyJhbGciOiJIUzI1NiIsInR5cCI6IkpXVCJ9.eyJzdWIiOiJmNjI4NDUzMi04ZjFlLTRiMDUtYWM1NC1kODAzNzM4NmU4MGMiLCJ1c2VybmFtZSI6InVzZXJubzIiLCJyb2xlIjowLCJpYXQiOjE3NTA2OTQzNTQsImV4cCI6MTc1MDY5Nzk1NH0.cn4pcMTzJbKyd0aw-bN_KvZNRCfEwxef9wljw6vUgkw
1 > Host: localhost:3000
1 > Connection: Keep-Alive
1 > User-Agent: Apache-HttpClient/4.5.14 (Java/17.0.9)
1 > Accept-Encoding: gzip,deflate


23:54:03.402 [main] DEBUG org.apache.http.impl.conn.PoolingHttpClientConnectionManager -- Connection request: [route: {}->http://localhost:3000][total available: 0; route allocated: 0 of 5; total allocated: 0 of 10]
23:54:03.402 [main] DEBUG org.apache.http.impl.conn.PoolingHttpClientConnectionManager -- Connection leased: [id: 2][route: {}->http://localhost:3000][total available: 0; route allocated: 1 of 5; total allocated: 1 of 10]
23:54:03.402 [main] DEBUG org.apache.http.impl.execchain.MainClientExec -- Opening connection {}->http://localhost:3000
23:54:03.402 [main] DEBUG org.apache.http.impl.conn.DefaultHttpClientConnectionOperator -- Connecting to localhost/127.0.0.1:3000
23:54:03.402 [main] DEBUG org.apache.http.impl.conn.DefaultHttpClientConnectionOperator -- Connection established 127.0.0.1:62882<->127.0.0.1:3000
23:54:03.402 [main] DEBUG org.apache.http.impl.conn.DefaultManagedHttpClientConnection -- http-outgoing-2: set socket timeout to 5000
23:54:03.402 [main] DEBUG org.apache.http.impl.execchain.MainClientExec -- Executing request GET /users/get-users?limit=5 HTTP/1.1
23:54:03.402 [main] DEBUG org.apache.http.impl.execchain.MainClientExec -- Proxy auth state: UNCHALLENGED
23:54:03.402 [main] DEBUG org.apache.http.headers -- http-outgoing-2 >> GET /users/get-users?limit=5 HTTP/1.1
23:54:03.402 [main] DEBUG org.apache.http.headers -- http-outgoing-2 >> Authorization: Bearer eyJhbGciOiJIUzI1NiIsInR5cCI6IkpXVCJ9.eyJzdWIiOiJmNjI4NDUzMi04ZjFlLTRiMDUtYWM1NC1kODAzNzM4NmU4MGMiLCJ1c2VybmFtZSI6InVzZXJubzIiLCJyb2xlIjowLCJpYXQiOjE3NTA2OTQzNTQsImV4cCI6MTc1MDY5Nzk1NH0.cn4pcMTzJbKyd0aw-bN_KvZNRCfEwxef9wljw6vUgkw
23:54:03.402 [main] DEBUG org.apache.http.headers -- http-outgoing-2 >> Host: localhost:3000
23:54:03.402 [main] DEBUG org.apache.http.headers -- http-outgoing-2 >> Connection: Keep-Alive
23:54:03.402 [main] DEBUG org.apache.http.headers -- http-outgoing-2 >> User-Agent: Apache-HttpClient/4.5.14 (Java/17.0.9)
23:54:03.404 [main] DEBUG org.apache.http.headers -- http-outgoing-2 >> Accept-Encoding: gzip,deflate
23:54:03.404 [main] DEBUG org.apache.http.wire -- http-outgoing-2 >> "GET /users/get-users?limit=5 HTTP/1.1[\r][\n]"
23:54:03.404 [main] DEBUG org.apache.http.wire -- http-outgoing-2 >> "Authorization: Bearer eyJhbGciOiJIUzI1NiIsInR5cCI6IkpXVCJ9.eyJzdWIiOiJmNjI4NDUzMi04ZjFlLTRiMDUtYWM1NC1kODAzNzM4NmU4MGMiLCJ1c2VybmFtZSI6InVzZXJubzIiLCJyb2xlIjowLCJpYXQiOjE3NTA2OTQzNTQsImV4cCI6MTc1MDY5Nzk1NH0.cn4pcMTzJbKyd0aw-bN_KvZNRCfEwxef9wljw6vUgkw[\r][\n]"
23:54:03.404 [main] DEBUG org.apache.http.wire -- http-outgoing-2 >> "Host: localhost:3000[\r][\n]"
23:54:03.404 [main] DEBUG org.apache.http.wire -- http-outgoing-2 >> "Connection: Keep-Alive[\r][\n]"
23:54:03.404 [main] DEBUG org.apache.http.wire -- http-outgoing-2 >> "User-Agent: Apache-HttpClient/4.5.14 (Java/17.0.9)[\r][\n]"
23:54:03.404 [main] DEBUG org.apache.http.wire -- http-outgoing-2 >> "Accept-Encoding: gzip,deflate[\r][\n]"
23:54:03.404 [main] DEBUG org.apache.http.wire -- http-outgoing-2 >> "[\r][\n]"
23:54:03.436 [main] DEBUG org.apache.http.wire -- http-outgoing-2 << "HTTP/1.1 400 Bad Request[\r][\n]"
23:54:03.438 [main] DEBUG org.apache.http.wire -- http-outgoing-2 << "X-Powered-By: Express[\r][\n]"
23:54:03.438 [main] DEBUG org.apache.http.wire -- http-outgoing-2 << "Access-Control-Allow-Origin: *[\r][\n]"
23:54:03.438 [main] DEBUG org.apache.http.wire -- http-outgoing-2 << "Content-Type: application/json; charset=utf-8[\r][\n]"
23:54:03.438 [main] DEBUG org.apache.http.wire -- http-outgoing-2 << "Content-Length: 162[\r][\n]"
23:54:03.438 [main] DEBUG org.apache.http.wire -- http-outgoing-2 << "ETag: W/"a2-Mj4wTMUi+WX/BPV68SNRYpVTaxQ"[\r][\n]"
23:54:03.438 [main] DEBUG org.apache.http.wire -- http-outgoing-2 << "Date: Mon, 23 Jun 2025 16:54:03 GMT[\r][\n]"
23:54:03.438 [main] DEBUG org.apache.http.wire -- http-outgoing-2 << "Connection: keep-alive[\r][\n]"
23:54:03.438 [main] DEBUG org.apache.http.wire -- http-outgoing-2 << "Keep-Alive: timeout=5[\r][\n]"
23:54:03.438 [main] DEBUG org.apache.http.wire -- http-outgoing-2 << "[\r][\n]"
23:54:03.438 [main] DEBUG org.apache.http.wire -- http-outgoing-2 << "{"success":false,"statusCode":400,"message":"Kh[0xc3][0xb4]ng c[0xc3][0xb3] d[0xe1][0xbb][0xaf] li[0xe1][0xbb][0x87]u [0xc4][0x91][0xc6][0xb0][0xe1][0xbb][0xa3]c g[0xe1][0xbb][0xad]i l[0xc3][0xaa]n","path":"/users/get-users?limit=5","timestamp":"2025-06-23T16:54:03.436Z"}"
23:54:03.438 [main] DEBUG org.apache.http.headers -- http-outgoing-2 << HTTP/1.1 400 Bad Request
23:54:03.438 [main] DEBUG org.apache.http.headers -- http-outgoing-2 << X-Powered-By: Express
23:54:03.438 [main] DEBUG org.apache.http.headers -- http-outgoing-2 << Access-Control-Allow-Origin: *
23:54:03.438 [main] DEBUG org.apache.http.headers -- http-outgoing-2 << Content-Type: application/json; charset=utf-8
23:54:03.438 [main] DEBUG org.apache.http.headers -- http-outgoing-2 << Content-Length: 162
23:54:03.438 [main] DEBUG org.apache.http.headers -- http-outgoing-2 << ETag: W/"a2-Mj4wTMUi+WX/BPV68SNRYpVTaxQ"
23:54:03.438 [main] DEBUG org.apache.http.headers -- http-outgoing-2 << Date: Mon, 23 Jun 2025 16:54:03 GMT
23:54:03.438 [main] DEBUG org.apache.http.headers -- http-outgoing-2 << Connection: keep-alive
23:54:03.438 [main] DEBUG org.apache.http.headers -- http-outgoing-2 << Keep-Alive: timeout=5
23:54:03.438 [main] DEBUG org.apache.http.impl.execchain.MainClientExec -- Connection can be kept alive for 5000 MILLISECONDS
23:54:03.438 [main] DEBUG org.apache.http.impl.conn.PoolingHttpClientConnectionManager -- Connection [id: 2][route: {}->http://localhost:3000] can be kept alive for 5.0 seconds
23:54:03.438 [main] DEBUG org.apache.http.impl.conn.DefaultManagedHttpClientConnection -- http-outgoing-2: set socket timeout to 0
23:54:03.440 [main] DEBUG org.apache.http.impl.conn.PoolingHttpClientConnectionManager -- Connection released: [id: 2][route: {}->http://localhost:3000][total available: 1; route allocated: 1 of 5; total allocated: 1 of 10]
23:54:03.440 [main] DEBUG org.apache.http.impl.conn.PoolingHttpClientConnectionManager -- Connection manager is shutting down
23:54:03.440 [main] DEBUG org.apache.http.impl.conn.DefaultManagedHttpClientConnection -- http-outgoing-2: Close connection
23:54:03.440 [main] DEBUG org.apache.http.impl.conn.PoolingHttpClientConnectionManager -- Connection manager shut down
23:54:03.440 [main] DEBUG com.intuit.karate -- response time in milliseconds: 38
1 < 400
1 < X-Powered-By: Express
1 < Access-Control-Allow-Origin: *
1 < Content-Type: application/json; charset=utf-8
1 < Content-Length: 162
1 < ETag: W/"a2-Mj4wTMUi+WX/BPV68SNRYpVTaxQ"
1 < Date: Mon, 23 Jun 2025 16:54:03 GMT
1 < Connection: keep-alive
1 < Keep-Alive: timeout=5
{
  "success": false,
  "statusCode": 400,
  "message": "Không có d? li?u ???c g?i lên",
  "path": "/users/get-users?limit=5",
  "timestamp": "2025-06-23T16:54:03.436Z"
}


23:54:03.443 [main] INFO com.intuit.karate -- [print] Calling getUsers API v?i bearerToken: eyJhbGciOiJIUzI1NiIsInR5cCI6IkpXVCJ9.eyJzdWIiOiJmNjI4NDUzMi04ZjFlLTRiMDUtYWM1NC1kODAzNzM4NmU4MGMiLCJ1c2VybmFtZSI6InVzZXJubzIiLCJyb2xlIjowLCJpYXQiOjE3NTA2OTQzNTQsImV4cCI6MTc1MDY5Nzk1NH0.cn4pcMTzJbKyd0aw-bN_KvZNRCfEwxef9wljw6vUgkw 
23:54:03.444 [main] INFO com.intuit.karate -- [print] Query params: {
  "limit": "5"
}
 
23:54:03.445 [main] INFO com.intuit.karate -- [print] Response status: 400 body: {
  "success": false,
  "statusCode": 400,
  "message": "Không có d? li?u ???c g?i lên",
  "path": "/users/get-users?limit=5",
  "timestamp": "2025-06-23T16:54:03.436Z"
}
 
23:54:03.447 [main] INFO com.intuit.karate -- ? TEST FAILED - Status mismatch: Expected 200, got 400 
23:54:03.449 [main] INFO com.intuit.karate -- Test case #3 completed - Status: 400 
23:54:03.451 [main] INFO com.intuit.karate -- ?ang ch?y test case #4: TC6: No query parameters 
23:54:03.467 [main] INFO com.intuit.karate -- karate.env system property was: null 
23:54:03.472 [main] DEBUG com.jayway.jsonpath.internal.path.CompiledPath -- Evaluating path: $
23:54:03.473 [main] DEBUG com.jayway.jsonpath.internal.path.CompiledPath -- Evaluating path: $
23:54:03.475 [main] DEBUG org.apache.http.client.protocol.RequestAddCookies -- CookieSpec selected: karate
23:54:03.475 [main] DEBUG org.apache.http.client.protocol.RequestAuthCache -- Auth cache not set in the context
23:54:03.476 [main] DEBUG com.intuit.karate -- request:
1 > GET http://localhost:3000/users/get-users
1 > Authorization: Bearer eyJhbGciOiJIUzI1NiIsInR5cCI6IkpXVCJ9.eyJzdWIiOiJmNjI4NDUzMi04ZjFlLTRiMDUtYWM1NC1kODAzNzM4NmU4MGMiLCJ1c2VybmFtZSI6InVzZXJubzIiLCJyb2xlIjowLCJpYXQiOjE3NTA2OTQzNTQsImV4cCI6MTc1MDY5Nzk1NH0.cn4pcMTzJbKyd0aw-bN_KvZNRCfEwxef9wljw6vUgkw
1 > Host: localhost:3000
1 > Connection: Keep-Alive
1 > User-Agent: Apache-HttpClient/4.5.14 (Java/17.0.9)
1 > Accept-Encoding: gzip,deflate


23:54:03.476 [main] DEBUG org.apache.http.impl.conn.PoolingHttpClientConnectionManager -- Connection request: [route: {}->http://localhost:3000][total available: 0; route allocated: 0 of 5; total allocated: 0 of 10]
23:54:03.476 [main] DEBUG org.apache.http.impl.conn.PoolingHttpClientConnectionManager -- Connection leased: [id: 3][route: {}->http://localhost:3000][total available: 0; route allocated: 1 of 5; total allocated: 1 of 10]
23:54:03.476 [main] DEBUG org.apache.http.impl.execchain.MainClientExec -- Opening connection {}->http://localhost:3000
23:54:03.476 [main] DEBUG org.apache.http.impl.conn.DefaultHttpClientConnectionOperator -- Connecting to localhost/127.0.0.1:3000
23:54:03.477 [main] DEBUG org.apache.http.impl.conn.DefaultHttpClientConnectionOperator -- Connection established 127.0.0.1:62883<->127.0.0.1:3000
23:54:03.477 [main] DEBUG org.apache.http.impl.conn.DefaultManagedHttpClientConnection -- http-outgoing-3: set socket timeout to 5000
23:54:03.477 [main] DEBUG org.apache.http.impl.execchain.MainClientExec -- Executing request GET /users/get-users HTTP/1.1
23:54:03.477 [main] DEBUG org.apache.http.impl.execchain.MainClientExec -- Proxy auth state: UNCHALLENGED
23:54:03.478 [main] DEBUG org.apache.http.headers -- http-outgoing-3 >> GET /users/get-users HTTP/1.1
23:54:03.478 [main] DEBUG org.apache.http.headers -- http-outgoing-3 >> Authorization: Bearer eyJhbGciOiJIUzI1NiIsInR5cCI6IkpXVCJ9.eyJzdWIiOiJmNjI4NDUzMi04ZjFlLTRiMDUtYWM1NC1kODAzNzM4NmU4MGMiLCJ1c2VybmFtZSI6InVzZXJubzIiLCJyb2xlIjowLCJpYXQiOjE3NTA2OTQzNTQsImV4cCI6MTc1MDY5Nzk1NH0.cn4pcMTzJbKyd0aw-bN_KvZNRCfEwxef9wljw6vUgkw
23:54:03.478 [main] DEBUG org.apache.http.headers -- http-outgoing-3 >> Host: localhost:3000
23:54:03.478 [main] DEBUG org.apache.http.headers -- http-outgoing-3 >> Connection: Keep-Alive
23:54:03.478 [main] DEBUG org.apache.http.headers -- http-outgoing-3 >> User-Agent: Apache-HttpClient/4.5.14 (Java/17.0.9)
23:54:03.478 [main] DEBUG org.apache.http.headers -- http-outgoing-3 >> Accept-Encoding: gzip,deflate
23:54:03.478 [main] DEBUG org.apache.http.wire -- http-outgoing-3 >> "GET /users/get-users HTTP/1.1[\r][\n]"
23:54:03.478 [main] DEBUG org.apache.http.wire -- http-outgoing-3 >> "Authorization: Bearer eyJhbGciOiJIUzI1NiIsInR5cCI6IkpXVCJ9.eyJzdWIiOiJmNjI4NDUzMi04ZjFlLTRiMDUtYWM1NC1kODAzNzM4NmU4MGMiLCJ1c2VybmFtZSI6InVzZXJubzIiLCJyb2xlIjowLCJpYXQiOjE3NTA2OTQzNTQsImV4cCI6MTc1MDY5Nzk1NH0.cn4pcMTzJbKyd0aw-bN_KvZNRCfEwxef9wljw6vUgkw[\r][\n]"
23:54:03.478 [main] DEBUG org.apache.http.wire -- http-outgoing-3 >> "Host: localhost:3000[\r][\n]"
23:54:03.478 [main] DEBUG org.apache.http.wire -- http-outgoing-3 >> "Connection: Keep-Alive[\r][\n]"
23:54:03.478 [main] DEBUG org.apache.http.wire -- http-outgoing-3 >> "User-Agent: Apache-HttpClient/4.5.14 (Java/17.0.9)[\r][\n]"
23:54:03.478 [main] DEBUG org.apache.http.wire -- http-outgoing-3 >> "Accept-Encoding: gzip,deflate[\r][\n]"
23:54:03.478 [main] DEBUG org.apache.http.wire -- http-outgoing-3 >> "[\r][\n]"
23:54:03.512 [main] DEBUG org.apache.http.wire -- http-outgoing-3 << "HTTP/1.1 400 Bad Request[\r][\n]"
23:54:03.512 [main] DEBUG org.apache.http.wire -- http-outgoing-3 << "X-Powered-By: Express[\r][\n]"
23:54:03.512 [main] DEBUG org.apache.http.wire -- http-outgoing-3 << "Access-Control-Allow-Origin: *[\r][\n]"
23:54:03.512 [main] DEBUG org.apache.http.wire -- http-outgoing-3 << "Content-Type: application/json; charset=utf-8[\r][\n]"
23:54:03.512 [main] DEBUG org.apache.http.wire -- http-outgoing-3 << "Content-Length: 154[\r][\n]"
23:54:03.512 [main] DEBUG org.apache.http.wire -- http-outgoing-3 << "ETag: W/"9a-1OkPhj29BiZoO9sUWLpHZ/zvsJo"[\r][\n]"
23:54:03.512 [main] DEBUG org.apache.http.wire -- http-outgoing-3 << "Date: Mon, 23 Jun 2025 16:54:03 GMT[\r][\n]"
23:54:03.512 [main] DEBUG org.apache.http.wire -- http-outgoing-3 << "Connection: keep-alive[\r][\n]"
23:54:03.512 [main] DEBUG org.apache.http.wire -- http-outgoing-3 << "Keep-Alive: timeout=5[\r][\n]"
23:54:03.512 [main] DEBUG org.apache.http.wire -- http-outgoing-3 << "[\r][\n]"
23:54:03.512 [main] DEBUG org.apache.http.wire -- http-outgoing-3 << "{"success":false,"statusCode":400,"message":"Kh[0xc3][0xb4]ng c[0xc3][0xb3] d[0xe1][0xbb][0xaf] li[0xe1][0xbb][0x87]u [0xc4][0x91][0xc6][0xb0][0xe1][0xbb][0xa3]c g[0xe1][0xbb][0xad]i l[0xc3][0xaa]n","path":"/users/get-users","timestamp":"2025-06-23T16:54:03.511Z"}"
23:54:03.512 [main] DEBUG org.apache.http.headers -- http-outgoing-3 << HTTP/1.1 400 Bad Request
23:54:03.512 [main] DEBUG org.apache.http.headers -- http-outgoing-3 << X-Powered-By: Express
23:54:03.512 [main] DEBUG org.apache.http.headers -- http-outgoing-3 << Access-Control-Allow-Origin: *
23:54:03.512 [main] DEBUG org.apache.http.headers -- http-outgoing-3 << Content-Type: application/json; charset=utf-8
23:54:03.512 [main] DEBUG org.apache.http.headers -- http-outgoing-3 << Content-Length: 154
23:54:03.512 [main] DEBUG org.apache.http.headers -- http-outgoing-3 << ETag: W/"9a-1OkPhj29BiZoO9sUWLpHZ/zvsJo"
23:54:03.512 [main] DEBUG org.apache.http.headers -- http-outgoing-3 << Date: Mon, 23 Jun 2025 16:54:03 GMT
23:54:03.512 [main] DEBUG org.apache.http.headers -- http-outgoing-3 << Connection: keep-alive
23:54:03.512 [main] DEBUG org.apache.http.headers -- http-outgoing-3 << Keep-Alive: timeout=5
23:54:03.512 [main] DEBUG org.apache.http.impl.execchain.MainClientExec -- Connection can be kept alive for 5000 MILLISECONDS
23:54:03.512 [main] DEBUG org.apache.http.impl.conn.PoolingHttpClientConnectionManager -- Connection [id: 3][route: {}->http://localhost:3000] can be kept alive for 5.0 seconds
23:54:03.512 [main] DEBUG org.apache.http.impl.conn.DefaultManagedHttpClientConnection -- http-outgoing-3: set socket timeout to 0
23:54:03.512 [main] DEBUG org.apache.http.impl.conn.PoolingHttpClientConnectionManager -- Connection released: [id: 3][route: {}->http://localhost:3000][total available: 1; route allocated: 1 of 5; total allocated: 1 of 10]
23:54:03.512 [main] DEBUG org.apache.http.impl.conn.PoolingHttpClientConnectionManager -- Connection manager is shutting down
23:54:03.513 [main] DEBUG org.apache.http.impl.conn.DefaultManagedHttpClientConnection -- http-outgoing-3: Close connection
23:54:03.513 [main] DEBUG org.apache.http.impl.conn.PoolingHttpClientConnectionManager -- Connection manager shut down
23:54:03.513 [main] DEBUG com.intuit.karate -- response time in milliseconds: 36
1 < 400
1 < X-Powered-By: Express
1 < Access-Control-Allow-Origin: *
1 < Content-Type: application/json; charset=utf-8
1 < Content-Length: 154
1 < ETag: W/"9a-1OkPhj29BiZoO9sUWLpHZ/zvsJo"
1 < Date: Mon, 23 Jun 2025 16:54:03 GMT
1 < Connection: keep-alive
1 < Keep-Alive: timeout=5
{
  "success": false,
  "statusCode": 400,
  "message": "Không có d? li?u ???c g?i lên",
  "path": "/users/get-users",
  "timestamp": "2025-06-23T16:54:03.511Z"
}


23:54:03.515 [main] INFO com.intuit.karate -- [print] Calling getUsers API v?i bearerToken: eyJhbGciOiJIUzI1NiIsInR5cCI6IkpXVCJ9.eyJzdWIiOiJmNjI4NDUzMi04ZjFlLTRiMDUtYWM1NC1kODAzNzM4NmU4MGMiLCJ1c2VybmFtZSI6InVzZXJubzIiLCJyb2xlIjowLCJpYXQiOjE3NTA2OTQzNTQsImV4cCI6MTc1MDY5Nzk1NH0.cn4pcMTzJbKyd0aw-bN_KvZNRCfEwxef9wljw6vUgkw 
23:54:03.515 [main] INFO com.intuit.karate -- [print] Query params: {
}
 
23:54:03.516 [main] INFO com.intuit.karate -- [print] Response status: 400 body: {
  "success": false,
  "statusCode": 400,
  "message": "Không có d? li?u ???c g?i lên",
  "path": "/users/get-users",
  "timestamp": "2025-06-23T16:54:03.511Z"
}
 
23:54:03.516 [main] INFO com.intuit.karate -- ? TEST FAILED - Status mismatch: Expected 200, got 400 
23:54:03.516 [main] INFO com.intuit.karate -- Test case #4 completed - Status: 400 
23:54:03.517 [main] INFO com.intuit.karate -- ?ang ch?y test case #5: TC7: Zero page 
23:54:03.525 [main] INFO com.intuit.karate -- karate.env system property was: null 
23:54:03.526 [main] DEBUG com.jayway.jsonpath.internal.path.CompiledPath -- Evaluating path: $
23:54:03.528 [main] DEBUG com.jayway.jsonpath.internal.path.CompiledPath -- Evaluating path: $
23:54:03.530 [main] DEBUG org.apache.http.client.protocol.RequestAddCookies -- CookieSpec selected: karate
23:54:03.530 [main] DEBUG org.apache.http.client.protocol.RequestAuthCache -- Auth cache not set in the context
23:54:03.530 [main] DEBUG com.intuit.karate -- request:
1 > GET http://localhost:3000/users/get-users?limit=10&page=0
1 > Authorization: Bearer eyJhbGciOiJIUzI1NiIsInR5cCI6IkpXVCJ9.eyJzdWIiOiJmNjI4NDUzMi04ZjFlLTRiMDUtYWM1NC1kODAzNzM4NmU4MGMiLCJ1c2VybmFtZSI6InVzZXJubzIiLCJyb2xlIjowLCJpYXQiOjE3NTA2OTQzNTQsImV4cCI6MTc1MDY5Nzk1NH0.cn4pcMTzJbKyd0aw-bN_KvZNRCfEwxef9wljw6vUgkw
1 > Host: localhost:3000
1 > Connection: Keep-Alive
1 > User-Agent: Apache-HttpClient/4.5.14 (Java/17.0.9)
1 > Accept-Encoding: gzip,deflate


23:54:03.530 [main] DEBUG org.apache.http.impl.conn.PoolingHttpClientConnectionManager -- Connection request: [route: {}->http://localhost:3000][total available: 0; route allocated: 0 of 5; total allocated: 0 of 10]
23:54:03.530 [main] DEBUG org.apache.http.impl.conn.PoolingHttpClientConnectionManager -- Connection leased: [id: 4][route: {}->http://localhost:3000][total available: 0; route allocated: 1 of 5; total allocated: 1 of 10]
23:54:03.531 [main] DEBUG org.apache.http.impl.execchain.MainClientExec -- Opening connection {}->http://localhost:3000
23:54:03.531 [main] DEBUG org.apache.http.impl.conn.DefaultHttpClientConnectionOperator -- Connecting to localhost/127.0.0.1:3000
23:54:03.532 [main] DEBUG org.apache.http.impl.conn.DefaultHttpClientConnectionOperator -- Connection established 127.0.0.1:62884<->127.0.0.1:3000
23:54:03.532 [main] DEBUG org.apache.http.impl.conn.DefaultManagedHttpClientConnection -- http-outgoing-4: set socket timeout to 5000
23:54:03.532 [main] DEBUG org.apache.http.impl.execchain.MainClientExec -- Executing request GET /users/get-users?limit=10&page=0 HTTP/1.1
23:54:03.532 [main] DEBUG org.apache.http.impl.execchain.MainClientExec -- Proxy auth state: UNCHALLENGED
23:54:03.532 [main] DEBUG org.apache.http.headers -- http-outgoing-4 >> GET /users/get-users?limit=10&page=0 HTTP/1.1
23:54:03.532 [main] DEBUG org.apache.http.headers -- http-outgoing-4 >> Authorization: Bearer eyJhbGciOiJIUzI1NiIsInR5cCI6IkpXVCJ9.eyJzdWIiOiJmNjI4NDUzMi04ZjFlLTRiMDUtYWM1NC1kODAzNzM4NmU4MGMiLCJ1c2VybmFtZSI6InVzZXJubzIiLCJyb2xlIjowLCJpYXQiOjE3NTA2OTQzNTQsImV4cCI6MTc1MDY5Nzk1NH0.cn4pcMTzJbKyd0aw-bN_KvZNRCfEwxef9wljw6vUgkw
23:54:03.532 [main] DEBUG org.apache.http.headers -- http-outgoing-4 >> Host: localhost:3000
23:54:03.532 [main] DEBUG org.apache.http.headers -- http-outgoing-4 >> Connection: Keep-Alive
23:54:03.532 [main] DEBUG org.apache.http.headers -- http-outgoing-4 >> User-Agent: Apache-HttpClient/4.5.14 (Java/17.0.9)
23:54:03.532 [main] DEBUG org.apache.http.headers -- http-outgoing-4 >> Accept-Encoding: gzip,deflate
23:54:03.532 [main] DEBUG org.apache.http.wire -- http-outgoing-4 >> "GET /users/get-users?limit=10&page=0 HTTP/1.1[\r][\n]"
23:54:03.532 [main] DEBUG org.apache.http.wire -- http-outgoing-4 >> "Authorization: Bearer eyJhbGciOiJIUzI1NiIsInR5cCI6IkpXVCJ9.eyJzdWIiOiJmNjI4NDUzMi04ZjFlLTRiMDUtYWM1NC1kODAzNzM4NmU4MGMiLCJ1c2VybmFtZSI6InVzZXJubzIiLCJyb2xlIjowLCJpYXQiOjE3NTA2OTQzNTQsImV4cCI6MTc1MDY5Nzk1NH0.cn4pcMTzJbKyd0aw-bN_KvZNRCfEwxef9wljw6vUgkw[\r][\n]"
23:54:03.532 [main] DEBUG org.apache.http.wire -- http-outgoing-4 >> "Host: localhost:3000[\r][\n]"
23:54:03.532 [main] DEBUG org.apache.http.wire -- http-outgoing-4 >> "Connection: Keep-Alive[\r][\n]"
23:54:03.532 [main] DEBUG org.apache.http.wire -- http-outgoing-4 >> "User-Agent: Apache-HttpClient/4.5.14 (Java/17.0.9)[\r][\n]"
23:54:03.532 [main] DEBUG org.apache.http.wire -- http-outgoing-4 >> "Accept-Encoding: gzip,deflate[\r][\n]"
23:54:03.532 [main] DEBUG org.apache.http.wire -- http-outgoing-4 >> "[\r][\n]"
23:54:03.780 [main] DEBUG org.apache.http.wire -- http-outgoing-4 << "HTTP/1.1 200 OK[\r][\n]"
23:54:03.780 [main] DEBUG org.apache.http.wire -- http-outgoing-4 << "X-Powered-By: Express[\r][\n]"
23:54:03.780 [main] DEBUG org.apache.http.wire -- http-outgoing-4 << "Access-Control-Allow-Origin: *[\r][\n]"
23:54:03.780 [main] DEBUG org.apache.http.wire -- http-outgoing-4 << "Content-Type: application/json; charset=utf-8[\r][\n]"
23:54:03.780 [main] DEBUG org.apache.http.wire -- http-outgoing-4 << "Content-Length: 4710[\r][\n]"
23:54:03.780 [main] DEBUG org.apache.http.wire -- http-outgoing-4 << "ETag: W/"1266-eCTAhJmtaJLWyJcV1EBbmSXtxkY"[\r][\n]"
23:54:03.780 [main] DEBUG org.apache.http.wire -- http-outgoing-4 << "Date: Mon, 23 Jun 2025 16:54:03 GMT[\r][\n]"
23:54:03.780 [main] DEBUG org.apache.http.wire -- http-outgoing-4 << "Connection: keep-alive[\r][\n]"
23:54:03.780 [main] DEBUG org.apache.http.wire -- http-outgoing-4 << "Keep-Alive: timeout=5[\r][\n]"
23:54:03.780 [main] DEBUG org.apache.http.wire -- http-outgoing-4 << "[\r][\n]"
23:54:03.781 [main] DEBUG org.apache.http.wire -- http-outgoing-4 << "{"message":"","statusCode":200,"status":"success","data":{"total":35,"page":1,"limit":10,"totalPages":4,"users":[{"id":"047b17a4-1e8a-4160-bb8a-db05a94a30cb","email":"testerno1@example.com","username":"johndoetestno1","name":"John Doetesterno1","bio":null,"gender":null,"dob":null,"phoneNumber":"0987654207","address":null,"profilePic":null,"private":false,"verified":false,"role":0,"accountStatus":true,"lastLogin":null,"createdAt":"2025-06-22T04:00:40.803Z","updatedAt":"2025-06-22T04:00:40.804Z","followersCount":0,"followingsCount":0},{"id":"08515b05-2d3e-4789-ad60-db35525a4970","email":"nam@gmail.com","username":"nam","name":"nam","bio":"Chu tich hoi dong Quan tri 1","gender":null,"dob":null,"phoneNumber":"0123456789","address":null,"profilePic":"https://res.cloudinary.com/dizcvrefo/image/upload/v1749266646/nestjs_uploads/zk9zrpeidnovxibfqdxr.png","private":false,"verified":false,"role":0,"accountStatus":true,"lastLogin":"2025-06-23T16:36:28.159Z","createdAt":"2025-05-22T07:39:58.212Z","updatedAt":"2025-06-23T16:36:28.162Z","followersCount":2,"followingsCount":5},{"id":"09c10759-ec74-45ca-8274-f1a7f7fdb589","email":"tester1@example.com","username":"johndoetest1","name":"John Doetest","bio":null,"gender":null,"dob":null,"phoneNumber":"0987654322","address":null,"profilePic":null,"private":false,"verified":false,"role":0,"accountStatus":true,"lastLogin":null,"createdAt":"2025-06-22T02:12:16.282Z","updatedAt":"2025-06-22T02:12:16.284Z","followersCount":0,"followingsCount":0},{"id":"0a37ef43-fee8-41d3-a686-8ab086948695","email":"testit2@gmail.com","username":"johndoe21","name":"John Doe","bio":null,"gender":null,"dob":null,"phoneNumber":"0123456712","address":null,"profilePic":null,"private":false,"verified":false,"role":0,"accountStatus":true,"lastLogin":"2025-06-22T16:08:09.276Z","createdAt":"2025-06-22T03:45:37.141Z","updatedAt":"2025-06-22T16:08:09.278Z","followersCount":0,"followingsCount":0},{"id":"1fa871af-f9fe-47b5-b416-4f9c3d544065","email":"testerno2@example.com","username":"janesmithtesstno1","name":"Jane Smithtestno1","bio":null,"gender":null,"dob":null,"phoneNumber":"01234567203","address":null,"profilePic":null,"private":false,"verified":false,"role":0,"accountStatus":true,"lastLogin":null,"createdAt":"2025-06-22T04:00:41.081Z","updatedAt":"2025-06-22T04:00:41.083Z","followersCount":0,"followingsCount":0},{"id":"272f6b55-5179-4ae3-8563-b4ec10f76715","email":"testit5@gmail.com","username":"johndoe2d5d","name":"John Doe","bio":null,"gender":null,"dob":null,"phoneNumber":"0123456132","address":null,"profilePic":null,"private":false,"verified":false,"role":0,"accountStatus":true,"lastLogin":"2025-06-22T16:08:10.247Z","createdAt":"2025-06-22T14:55:01.797Z","updatedAt":"2025-06-22T16:08:10.249Z","followersCount":0,"followingsCount":0},{"id":"2aa10f99-aba5-4a4b-94d4-d0ceaf78f931","email":"testerno24@example.com","username":"johndoeno24","name":"<script>alert(\"xss-test\")</script>","bio":null,"gender":null,"dob":null,"phoneNumber":"0987311111","address":null,"profilePic":null,"private":false,"verified":false,"role":0,"accountStatus":true,"lastLogin":null,"createdAt":"2025-06-22T04:00:43.070Z","updatedAt":"2025-06-22T04:00:43.072Z","followersCount":0,"followingsCount":0},{"id":"2b84aa24-668a-40e2-af1c-ad4fc4fa5a6f","email":"quang1@gmail.com","username":"quang1","name":"quang1","bio":"Thang Nam Lao Vua Thoi","gender":null,"dob":null,"phoneNumber":"09874563210","address":null,"profilePic":"https://res.cloudinary.com/dizcvrefo/image/upload/v1749027586/nestjs_uploads/xehairydt9rzlbmbmv4c.jpg","private":false,"verified":false,"role":0,"accountStatus":true,"lastLogin":"2025-06-22T16:08:09.419Z","createdAt":"2025-05-22T15:21:16.815Z","updatedAt":"2025-06-22T16:08:09.421Z","followersCount":2,"followingsCount":3},{"id":"2bd7ed70-b2ce-4c1b-8451-e9498b059290","email":"testerno22@example.com","username":"johndoe223","name":"This is a very long12 name that exceeds the maximum length of fifty characters allowed in the system","bio":null,"gender":null,"dob":null,"phoneNumber":"0987654331","address":null,"profilePic":null,"private":false,"verified":false,"role":0,"accountStatus":true,"lastLogin":null,"createdAt":"2025-06-22T04:00:42.587Z","updatedAt":"2025-06-22T04:00:42.589Z","followersCount":0,"followingsCount":0},{"id":"2dda0439-5180-45aa-917f-e632e45a8e41","email":"test@example.com","username":"johndoe","name":"John Doe","bio":null,"gender":null,"dob":null,"phoneNumber":"0987654321","address":null,"profilePic":null,"private":false,"verified":false,"role":0,"accountStatus":true,"lastLogin":"2025-06-22T16:08:06.447Z","createdAt":"2025-06-17T15:18:30.181Z","updatedAt":"2025-06-22T16:08:06.448Z","followersCount":0,"followingsCount":0}]}}"
23:54:03.781 [main] DEBUG org.apache.http.headers -- http-outgoing-4 << HTTP/1.1 200 OK
23:54:03.781 [main] DEBUG org.apache.http.headers -- http-outgoing-4 << X-Powered-By: Express
23:54:03.781 [main] DEBUG org.apache.http.headers -- http-outgoing-4 << Access-Control-Allow-Origin: *
23:54:03.781 [main] DEBUG org.apache.http.headers -- http-outgoing-4 << Content-Type: application/json; charset=utf-8
23:54:03.781 [main] DEBUG org.apache.http.headers -- http-outgoing-4 << Content-Length: 4710
23:54:03.781 [main] DEBUG org.apache.http.headers -- http-outgoing-4 << ETag: W/"1266-eCTAhJmtaJLWyJcV1EBbmSXtxkY"
23:54:03.781 [main] DEBUG org.apache.http.headers -- http-outgoing-4 << Date: Mon, 23 Jun 2025 16:54:03 GMT
23:54:03.781 [main] DEBUG org.apache.http.headers -- http-outgoing-4 << Connection: keep-alive
23:54:03.781 [main] DEBUG org.apache.http.headers -- http-outgoing-4 << Keep-Alive: timeout=5
23:54:03.781 [main] DEBUG org.apache.http.impl.execchain.MainClientExec -- Connection can be kept alive for 5000 MILLISECONDS
23:54:03.781 [main] DEBUG org.apache.http.impl.conn.PoolingHttpClientConnectionManager -- Connection [id: 4][route: {}->http://localhost:3000] can be kept alive for 5.0 seconds
23:54:03.781 [main] DEBUG org.apache.http.impl.conn.DefaultManagedHttpClientConnection -- http-outgoing-4: set socket timeout to 0
23:54:03.781 [main] DEBUG org.apache.http.impl.conn.PoolingHttpClientConnectionManager -- Connection released: [id: 4][route: {}->http://localhost:3000][total available: 1; route allocated: 1 of 5; total allocated: 1 of 10]
23:54:03.781 [main] DEBUG org.apache.http.impl.conn.PoolingHttpClientConnectionManager -- Connection manager is shutting down
23:54:03.781 [main] DEBUG org.apache.http.impl.conn.DefaultManagedHttpClientConnection -- http-outgoing-4: Close connection
23:54:03.781 [main] DEBUG org.apache.http.impl.conn.PoolingHttpClientConnectionManager -- Connection manager shut down
23:54:03.782 [main] DEBUG com.intuit.karate -- response time in milliseconds: 251
1 < 200
1 < X-Powered-By: Express
1 < Access-Control-Allow-Origin: *
1 < Content-Type: application/json; charset=utf-8
1 < Content-Length: 4710
1 < ETag: W/"1266-eCTAhJmtaJLWyJcV1EBbmSXtxkY"
1 < Date: Mon, 23 Jun 2025 16:54:03 GMT
1 < Connection: keep-alive
1 < Keep-Alive: timeout=5
{
  "message": "",
  "statusCode": 200,
  "status": "success",
  "data": {
    "total": 35,
    "page": 1,
    "limit": 10,
    "totalPages": 4,
    "users": [
      {
        "id": "047b17a4-1e8a-4160-bb8a-db05a94a30cb",
        "email": "testerno1@example.com",
        "username": "johndoetestno1",
        "name": "John Doetesterno1",
        "bio": null,
        "gender": null,
        "dob": null,
        "phoneNumber": "0987654207",
        "address": null,
        "profilePic": null,
        "private": false,
        "verified": false,
        "role": 0,
        "accountStatus": true,
        "lastLogin": null,
        "createdAt": "2025-06-22T04:00:40.803Z",
        "updatedAt": "2025-06-22T04:00:40.804Z",
        "followersCount": 0,
        "followingsCount": 0
      },
      {
        "id": "08515b05-2d3e-4789-ad60-db35525a4970",
        "email": "nam@gmail.com",
        "username": "nam",
        "name": "nam",
        "bio": "Chu tich hoi dong Quan tri 1",
        "gender": null,
        "dob": null,
        "phoneNumber": "0123456789",
        "address": null,
        "profilePic": "https://res.cloudinary.com/dizcvrefo/image/upload/v1749266646/nestjs_uploads/zk9zrpeidnovxibfqdxr.png",
        "private": false,
        "verified": false,
        "role": 0,
        "accountStatus": true,
        "lastLogin": "2025-06-23T16:36:28.159Z",
        "createdAt": "2025-05-22T07:39:58.212Z",
        "updatedAt": "2025-06-23T16:36:28.162Z",
        "followersCount": 2,
        "followingsCount": 5
      },
      {
        "id": "09c10759-ec74-45ca-8274-f1a7f7fdb589",
        "email": "tester1@example.com",
        "username": "johndoetest1",
        "name": "John Doetest",
        "bio": null,
        "gender": null,
        "dob": null,
        "phoneNumber": "0987654322",
        "address": null,
        "profilePic": null,
        "private": false,
        "verified": false,
        "role": 0,
        "accountStatus": true,
        "lastLogin": null,
        "createdAt": "2025-06-22T02:12:16.282Z",
        "updatedAt": "2025-06-22T02:12:16.284Z",
        "followersCount": 0,
        "followingsCount": 0
      },
      {
        "id": "0a37ef43-fee8-41d3-a686-8ab086948695",
        "email": "testit2@gmail.com",
        "username": "johndoe21",
        "name": "John Doe",
        "bio": null,
        "gender": null,
        "dob": null,
        "phoneNumber": "0123456712",
        "address": null,
        "profilePic": null,
        "private": false,
        "verified": false,
        "role": 0,
        "accountStatus": true,
        "lastLogin": "2025-06-22T16:08:09.276Z",
        "createdAt": "2025-06-22T03:45:37.141Z",
        "updatedAt": "2025-06-22T16:08:09.278Z",
        "followersCount": 0,
        "followingsCount": 0
      },
      {
        "id": "1fa871af-f9fe-47b5-b416-4f9c3d544065",
        "email": "testerno2@example.com",
        "username": "janesmithtesstno1",
        "name": "Jane Smithtestno1",
        "bio": null,
        "gender": null,
        "dob": null,
        "phoneNumber": "01234567203",
        "address": null,
        "profilePic": null,
        "private": false,
        "verified": false,
        "role": 0,
        "accountStatus": true,
        "lastLogin": null,
        "createdAt": "2025-06-22T04:00:41.081Z",
        "updatedAt": "2025-06-22T04:00:41.083Z",
        "followersCount": 0,
        "followingsCount": 0
      },
      {
        "id": "272f6b55-5179-4ae3-8563-b4ec10f76715",
        "email": "testit5@gmail.com",
        "username": "johndoe2d5d",
        "name": "John Doe",
        "bio": null,
        "gender": null,
        "dob": null,
        "phoneNumber": "0123456132",
        "address": null,
        "profilePic": null,
        "private": false,
        "verified": false,
        "role": 0,
        "accountStatus": true,
        "lastLogin": "2025-06-22T16:08:10.247Z",
        "createdAt": "2025-06-22T14:55:01.797Z",
        "updatedAt": "2025-06-22T16:08:10.249Z",
        "followersCount": 0,
        "followingsCount": 0
      },
      {
        "id": "2aa10f99-aba5-4a4b-94d4-d0ceaf78f931",
        "email": "testerno24@example.com",
        "username": "johndoeno24",
        "name": "<script>alert(\"xss-test\")</script>",
        "bio": null,
        "gender": null,
        "dob": null,
        "phoneNumber": "0987311111",
        "address": null,
        "profilePic": null,
        "private": false,
        "verified": false,
        "role": 0,
        "accountStatus": true,
        "lastLogin": null,
        "createdAt": "2025-06-22T04:00:43.070Z",
        "updatedAt": "2025-06-22T04:00:43.072Z",
        "followersCount": 0,
        "followingsCount": 0
      },
      {
        "id": "2b84aa24-668a-40e2-af1c-ad4fc4fa5a6f",
        "email": "quang1@gmail.com",
        "username": "quang1",
        "name": "quang1",
        "bio": "Thang Nam Lao Vua Thoi",
        "gender": null,
        "dob": null,
        "phoneNumber": "09874563210",
        "address": null,
        "profilePic": "https://res.cloudinary.com/dizcvrefo/image/upload/v1749027586/nestjs_uploads/xehairydt9rzlbmbmv4c.jpg",
        "private": false,
        "verified": false,
        "role": 0,
        "accountStatus": true,
        "lastLogin": "2025-06-22T16:08:09.419Z",
        "createdAt": "2025-05-22T15:21:16.815Z",
        "updatedAt": "2025-06-22T16:08:09.421Z",
        "followersCount": 2,
        "followingsCount": 3
      },
      {
        "id": "2bd7ed70-b2ce-4c1b-8451-e9498b059290",
        "email": "testerno22@example.com",
        "username": "johndoe223",
        "name": "This is a very long12 name that exceeds the maximum length of fifty characters allowed in the system",
        "bio": null,
        "gender": null,
        "dob": null,
        "phoneNumber": "0987654331",
        "address": null,
        "profilePic": null,
        "private": false,
        "verified": false,
        "role": 0,
        "accountStatus": true,
        "lastLogin": null,
        "createdAt": "2025-06-22T04:00:42.587Z",
        "updatedAt": "2025-06-22T04:00:42.589Z",
        "followersCount": 0,
        "followingsCount": 0
      },
      {
        "id": "2dda0439-5180-45aa-917f-e632e45a8e41",
        "email": "test@example.com",
        "username": "johndoe",
        "name": "John Doe",
        "bio": null,
        "gender": null,
        "dob": null,
        "phoneNumber": "0987654321",
        "address": null,
        "profilePic": null,
        "private": false,
        "verified": false,
        "role": 0,
        "accountStatus": true,
        "lastLogin": "2025-06-22T16:08:06.447Z",
        "createdAt": "2025-06-17T15:18:30.181Z",
        "updatedAt": "2025-06-22T16:08:06.448Z",
        "followersCount": 0,
        "followingsCount": 0
      }
    ]
  }
}


23:54:03.784 [main] INFO com.intuit.karate -- [print] Calling getUsers API v?i bearerToken: eyJhbGciOiJIUzI1NiIsInR5cCI6IkpXVCJ9.eyJzdWIiOiJmNjI4NDUzMi04ZjFlLTRiMDUtYWM1NC1kODAzNzM4NmU4MGMiLCJ1c2VybmFtZSI6InVzZXJubzIiLCJyb2xlIjowLCJpYXQiOjE3NTA2OTQzNTQsImV4cCI6MTc1MDY5Nzk1NH0.cn4pcMTzJbKyd0aw-bN_KvZNRCfEwxef9wljw6vUgkw 
23:54:03.784 [main] INFO com.intuit.karate -- [print] Query params: {
  "page": "0",
  "limit": "10"
}
 
23:54:03.785 [main] INFO com.intuit.karate -- [print] Response status: 200 body: {
  "message": "",
  "statusCode": 200,
  "status": "success",
  "data": {
    "total": 35,
    "page": 1,
    "limit": 10,
    "totalPages": 4,
    "users": [
      {
        "id": "047b17a4-1e8a-4160-bb8a-db05a94a30cb",
        "email": "testerno1@example.com",
        "username": "johndoetestno1",
        "name": "John Doetesterno1",
        "bio": null,
        "gender": null,
        "dob": null,
        "phoneNumber": "0987654207",
        "address": null,
        "profilePic": null,
        "private": false,
        "verified": false,
        "role": 0,
        "accountStatus": true,
        "lastLogin": null,
        "createdAt": "2025-06-22T04:00:40.803Z",
        "updatedAt": "2025-06-22T04:00:40.804Z",
        "followersCount": 0,
        "followingsCount": 0
      },
      {
        "id": "08515b05-2d3e-4789-ad60-db35525a4970",
        "email": "nam@gmail.com",
        "username": "nam",
        "name": "nam",
        "bio": "Chu tich hoi dong Quan tri 1",
        "gender": null,
        "dob": null,
        "phoneNumber": "0123456789",
        "address": null,
        "profilePic": "https://res.cloudinary.com/dizcvrefo/image/upload/v1749266646/nestjs_uploads/zk9zrpeidnovxibfqdxr.png",
        "private": false,
        "verified": false,
        "role": 0,
        "accountStatus": true,
        "lastLogin": "2025-06-23T16:36:28.159Z",
        "createdAt": "2025-05-22T07:39:58.212Z",
        "updatedAt": "2025-06-23T16:36:28.162Z",
        "followersCount": 2,
        "followingsCount": 5
      },
      {
        "id": "09c10759-ec74-45ca-8274-f1a7f7fdb589",
        "email": "tester1@example.com",
        "username": "johndoetest1",
        "name": "John Doetest",
        "bio": null,
        "gender": null,
        "dob": null,
        "phoneNumber": "0987654322",
        "address": null,
        "profilePic": null,
        "private": false,
        "verified": false,
        "role": 0,
        "accountStatus": true,
        "lastLogin": null,
        "createdAt": "2025-06-22T02:12:16.282Z",
        "updatedAt": "2025-06-22T02:12:16.284Z",
        "followersCount": 0,
        "followingsCount": 0
      },
      {
        "id": "0a37ef43-fee8-41d3-a686-8ab086948695",
        "email": "testit2@gmail.com",
        "username": "johndoe21",
        "name": "John Doe",
        "bio": null,
        "gender": null,
        "dob": null,
        "phoneNumber": "0123456712",
        "address": null,
        "profilePic": null,
        "private": false,
        "verified": false,
        "role": 0,
        "accountStatus": true,
        "lastLogin": "2025-06-22T16:08:09.276Z",
        "createdAt": "2025-06-22T03:45:37.141Z",
        "updatedAt": "2025-06-22T16:08:09.278Z",
        "followersCount": 0,
        "followingsCount": 0
      },
      {
        "id": "1fa871af-f9fe-47b5-b416-4f9c3d544065",
        "email": "testerno2@example.com",
        "username": "janesmithtesstno1",
        "name": "Jane Smithtestno1",
        "bio": null,
        "gender": null,
        "dob": null,
        "phoneNumber": "01234567203",
        "address": null,
        "profilePic": null,
        "private": false,
        "verified": false,
        "role": 0,
        "accountStatus": true,
        "lastLogin": null,
        "createdAt": "2025-06-22T04:00:41.081Z",
        "updatedAt": "2025-06-22T04:00:41.083Z",
        "followersCount": 0,
        "followingsCount": 0
      },
      {
        "id": "272f6b55-5179-4ae3-8563-b4ec10f76715",
        "email": "testit5@gmail.com",
        "username": "johndoe2d5d",
        "name": "John Doe",
        "bio": null,
        "gender": null,
        "dob": null,
        "phoneNumber": "0123456132",
        "address": null,
        "profilePic": null,
        "private": false,
        "verified": false,
        "role": 0,
        "accountStatus": true,
        "lastLogin": "2025-06-22T16:08:10.247Z",
        "createdAt": "2025-06-22T14:55:01.797Z",
        "updatedAt": "2025-06-22T16:08:10.249Z",
        "followersCount": 0,
        "followingsCount": 0
      },
      {
        "id": "2aa10f99-aba5-4a4b-94d4-d0ceaf78f931",
        "email": "testerno24@example.com",
        "username": "johndoeno24",
        "name": "<script>alert(\"xss-test\")</script>",
        "bio": null,
        "gender": null,
        "dob": null,
        "phoneNumber": "0987311111",
        "address": null,
        "profilePic": null,
        "private": false,
        "verified": false,
        "role": 0,
        "accountStatus": true,
        "lastLogin": null,
        "createdAt": "2025-06-22T04:00:43.070Z",
        "updatedAt": "2025-06-22T04:00:43.072Z",
        "followersCount": 0,
        "followingsCount": 0
      },
      {
        "id": "2b84aa24-668a-40e2-af1c-ad4fc4fa5a6f",
        "email": "quang1@gmail.com",
        "username": "quang1",
        "name": "quang1",
        "bio": "Thang Nam Lao Vua Thoi",
        "gender": null,
        "dob": null,
        "phoneNumber": "09874563210",
        "address": null,
        "profilePic": "https://res.cloudinary.com/dizcvrefo/image/upload/v1749027586/nestjs_uploads/xehairydt9rzlbmbmv4c.jpg",
        "private": false,
        "verified": false,
        "role": 0,
        "accountStatus": true,
        "lastLogin": "2025-06-22T16:08:09.419Z",
        "createdAt": "2025-05-22T15:21:16.815Z",
        "updatedAt": "2025-06-22T16:08:09.421Z",
        "followersCount": 2,
        "followingsCount": 3
      },
      {
        "id": "2bd7ed70-b2ce-4c1b-8451-e9498b059290",
        "email": "testerno22@example.com",
        "username": "johndoe223",
        "name": "This is a very long12 name that exceeds the maximum length of fifty characters allowed in the system",
        "bio": null,
        "gender": null,
        "dob": null,
        "phoneNumber": "0987654331",
        "address": null,
        "profilePic": null,
        "private": false,
        "verified": false,
        "role": 0,
        "accountStatus": true,
        "lastLogin": null,
        "createdAt": "2025-06-22T04:00:42.587Z",
        "updatedAt": "2025-06-22T04:00:42.589Z",
        "followersCount": 0,
        "followingsCount": 0
      },
      {
        "id": "2dda0439-5180-45aa-917f-e632e45a8e41",
        "email": "test@example.com",
        "username": "johndoe",
        "name": "John Doe",
        "bio": null,
        "gender": null,
        "dob": null,
        "phoneNumber": "0987654321",
        "address": null,
        "profilePic": null,
        "private": false,
        "verified": false,
        "role": 0,
        "accountStatus": true,
        "lastLogin": "2025-06-22T16:08:06.447Z",
        "createdAt": "2025-06-17T15:18:30.181Z",
        "updatedAt": "2025-06-22T16:08:06.448Z",
        "followersCount": 0,
        "followingsCount": 0
      }
    ]
  }
}
 
23:54:03.786 [main] INFO com.intuit.karate -- ? TEST FAILED - Status mismatch: Expected 400, got 200 
23:54:03.791 [main] INFO com.intuit.karate -- Test case #5 completed - Status: 200 
23:54:03.792 [main] INFO com.intuit.karate -- ?ang ch?y test case #6: TC8: Zero limit 
23:54:03.803 [main] INFO com.intuit.karate -- karate.env system property was: null 
23:54:03.805 [main] DEBUG com.jayway.jsonpath.internal.path.CompiledPath -- Evaluating path: $
23:54:03.805 [main] DEBUG com.jayway.jsonpath.internal.path.CompiledPath -- Evaluating path: $
23:54:03.806 [main] DEBUG org.apache.http.client.protocol.RequestAddCookies -- CookieSpec selected: karate
23:54:03.806 [main] DEBUG org.apache.http.client.protocol.RequestAuthCache -- Auth cache not set in the context
23:54:03.806 [main] DEBUG com.intuit.karate -- request:
1 > GET http://localhost:3000/users/get-users?limit=0&page=1
1 > Authorization: Bearer eyJhbGciOiJIUzI1NiIsInR5cCI6IkpXVCJ9.eyJzdWIiOiJmNjI4NDUzMi04ZjFlLTRiMDUtYWM1NC1kODAzNzM4NmU4MGMiLCJ1c2VybmFtZSI6InVzZXJubzIiLCJyb2xlIjowLCJpYXQiOjE3NTA2OTQzNTQsImV4cCI6MTc1MDY5Nzk1NH0.cn4pcMTzJbKyd0aw-bN_KvZNRCfEwxef9wljw6vUgkw
1 > Host: localhost:3000
1 > Connection: Keep-Alive
1 > User-Agent: Apache-HttpClient/4.5.14 (Java/17.0.9)
1 > Accept-Encoding: gzip,deflate


23:54:03.806 [main] DEBUG org.apache.http.impl.conn.PoolingHttpClientConnectionManager -- Connection request: [route: {}->http://localhost:3000][total available: 0; route allocated: 0 of 5; total allocated: 0 of 10]
23:54:03.806 [main] DEBUG org.apache.http.impl.conn.PoolingHttpClientConnectionManager -- Connection leased: [id: 5][route: {}->http://localhost:3000][total available: 0; route allocated: 1 of 5; total allocated: 1 of 10]
23:54:03.806 [main] DEBUG org.apache.http.impl.execchain.MainClientExec -- Opening connection {}->http://localhost:3000
23:54:03.808 [main] DEBUG org.apache.http.impl.conn.DefaultHttpClientConnectionOperator -- Connecting to localhost/127.0.0.1:3000
23:54:03.808 [main] DEBUG org.apache.http.impl.conn.DefaultHttpClientConnectionOperator -- Connection established 127.0.0.1:62887<->127.0.0.1:3000
23:54:03.808 [main] DEBUG org.apache.http.impl.conn.DefaultManagedHttpClientConnection -- http-outgoing-5: set socket timeout to 5000
23:54:03.808 [main] DEBUG org.apache.http.impl.execchain.MainClientExec -- Executing request GET /users/get-users?limit=0&page=1 HTTP/1.1
23:54:03.808 [main] DEBUG org.apache.http.impl.execchain.MainClientExec -- Proxy auth state: UNCHALLENGED
23:54:03.808 [main] DEBUG org.apache.http.headers -- http-outgoing-5 >> GET /users/get-users?limit=0&page=1 HTTP/1.1
23:54:03.808 [main] DEBUG org.apache.http.headers -- http-outgoing-5 >> Authorization: Bearer eyJhbGciOiJIUzI1NiIsInR5cCI6IkpXVCJ9.eyJzdWIiOiJmNjI4NDUzMi04ZjFlLTRiMDUtYWM1NC1kODAzNzM4NmU4MGMiLCJ1c2VybmFtZSI6InVzZXJubzIiLCJyb2xlIjowLCJpYXQiOjE3NTA2OTQzNTQsImV4cCI6MTc1MDY5Nzk1NH0.cn4pcMTzJbKyd0aw-bN_KvZNRCfEwxef9wljw6vUgkw
23:54:03.808 [main] DEBUG org.apache.http.headers -- http-outgoing-5 >> Host: localhost:3000
23:54:03.808 [main] DEBUG org.apache.http.headers -- http-outgoing-5 >> Connection: Keep-Alive
23:54:03.808 [main] DEBUG org.apache.http.headers -- http-outgoing-5 >> User-Agent: Apache-HttpClient/4.5.14 (Java/17.0.9)
23:54:03.808 [main] DEBUG org.apache.http.headers -- http-outgoing-5 >> Accept-Encoding: gzip,deflate
23:54:03.808 [main] DEBUG org.apache.http.wire -- http-outgoing-5 >> "GET /users/get-users?limit=0&page=1 HTTP/1.1[\r][\n]"
23:54:03.808 [main] DEBUG org.apache.http.wire -- http-outgoing-5 >> "Authorization: Bearer eyJhbGciOiJIUzI1NiIsInR5cCI6IkpXVCJ9.eyJzdWIiOiJmNjI4NDUzMi04ZjFlLTRiMDUtYWM1NC1kODAzNzM4NmU4MGMiLCJ1c2VybmFtZSI6InVzZXJubzIiLCJyb2xlIjowLCJpYXQiOjE3NTA2OTQzNTQsImV4cCI6MTc1MDY5Nzk1NH0.cn4pcMTzJbKyd0aw-bN_KvZNRCfEwxef9wljw6vUgkw[\r][\n]"
23:54:03.808 [main] DEBUG org.apache.http.wire -- http-outgoing-5 >> "Host: localhost:3000[\r][\n]"
23:54:03.808 [main] DEBUG org.apache.http.wire -- http-outgoing-5 >> "Connection: Keep-Alive[\r][\n]"
23:54:03.808 [main] DEBUG org.apache.http.wire -- http-outgoing-5 >> "User-Agent: Apache-HttpClient/4.5.14 (Java/17.0.9)[\r][\n]"
23:54:03.808 [main] DEBUG org.apache.http.wire -- http-outgoing-5 >> "Accept-Encoding: gzip,deflate[\r][\n]"
23:54:03.808 [main] DEBUG org.apache.http.wire -- http-outgoing-5 >> "[\r][\n]"
23:54:04.051 [main] DEBUG org.apache.http.wire -- http-outgoing-5 << "HTTP/1.1 200 OK[\r][\n]"
23:54:04.051 [main] DEBUG org.apache.http.wire -- http-outgoing-5 << "X-Powered-By: Express[\r][\n]"
23:54:04.051 [main] DEBUG org.apache.http.wire -- http-outgoing-5 << "Access-Control-Allow-Origin: *[\r][\n]"
23:54:04.051 [main] DEBUG org.apache.http.wire -- http-outgoing-5 << "Content-Type: application/json; charset=utf-8[\r][\n]"
23:54:04.051 [main] DEBUG org.apache.http.wire -- http-outgoing-5 << "Content-Length: 4710[\r][\n]"
23:54:04.051 [main] DEBUG org.apache.http.wire -- http-outgoing-5 << "ETag: W/"1266-eCTAhJmtaJLWyJcV1EBbmSXtxkY"[\r][\n]"
23:54:04.051 [main] DEBUG org.apache.http.wire -- http-outgoing-5 << "Date: Mon, 23 Jun 2025 16:54:04 GMT[\r][\n]"
23:54:04.051 [main] DEBUG org.apache.http.wire -- http-outgoing-5 << "Connection: keep-alive[\r][\n]"
23:54:04.051 [main] DEBUG org.apache.http.wire -- http-outgoing-5 << "Keep-Alive: timeout=5[\r][\n]"
23:54:04.051 [main] DEBUG org.apache.http.wire -- http-outgoing-5 << "[\r][\n]"
23:54:04.051 [main] DEBUG org.apache.http.wire -- http-outgoing-5 << "{"message":"","statusCode":200,"status":"success","data":{"total":35,"page":1,"limit":10,"totalPages":4,"users":[{"id":"047b17a4-1e8a-4160-bb8a-db05a94a30cb","email":"testerno1@example.com","username":"johndoetestno1","name":"John Doetesterno1","bio":null,"gender":null,"dob":null,"phoneNumber":"0987654207","address":null,"profilePic":null,"private":false,"verified":false,"role":0,"accountStatus":true,"lastLogin":null,"createdAt":"2025-06-22T04:00:40.803Z","updatedAt":"2025-06-22T04:00:40.804Z","followersCount":0,"followingsCount":0},{"id":"08515b05-2d3e-4789-ad60-db35525a4970","email":"nam@gmail.com","username":"nam","name":"nam","bio":"Chu tich hoi dong Quan tri 1","gender":null,"dob":null,"phoneNumber":"0123456789","address":null,"profilePic":"https://res.cloudinary.com/dizcvrefo/image/upload/v1749266646/nestjs_uploads/zk9zrpeidnovxibfqdxr.png","private":false,"verified":false,"role":0,"accountStatus":true,"lastLogin":"2025-06-23T16:36:28.159Z","createdAt":"2025-05-22T07:39:58.212Z","updatedAt":"2025-06-23T16:36:28.162Z","followersCount":2,"followingsCount":5},{"id":"09c10759-ec74-45ca-8274-f1a7f7fdb589","email":"tester1@example.com","username":"johndoetest1","name":"John Doetest","bio":null,"gender":null,"dob":null,"phoneNumber":"0987654322","address":null,"profilePic":null,"private":false,"verified":false,"role":0,"accountStatus":true,"lastLogin":null,"createdAt":"2025-06-22T02:12:16.282Z","updatedAt":"2025-06-22T02:12:16.284Z","followersCount":0,"followingsCount":0},{"id":"0a37ef43-fee8-41d3-a686-8ab086948695","email":"testit2@gmail.com","username":"johndoe21","name":"John Doe","bio":null,"gender":null,"dob":null,"phoneNumber":"0123456712","address":null,"profilePic":null,"private":false,"verified":false,"role":0,"accountStatus":true,"lastLogin":"2025-06-22T16:08:09.276Z","createdAt":"2025-06-22T03:45:37.141Z","updatedAt":"2025-06-22T16:08:09.278Z","followersCount":0,"followingsCount":0},{"id":"1fa871af-f9fe-47b5-b416-4f9c3d544065","email":"testerno2@example.com","username":"janesmithtesstno1","name":"Jane Smithtestno1","bio":null,"gender":null,"dob":null,"phoneNumber":"01234567203","address":null,"profilePic":null,"private":false,"verified":false,"role":0,"accountStatus":true,"lastLogin":null,"createdAt":"2025-06-22T04:00:41.081Z","updatedAt":"2025-06-22T04:00:41.083Z","followersCount":0,"followingsCount":0},{"id":"272f6b55-5179-4ae3-8563-b4ec10f76715","email":"testit5@gmail.com","username":"johndoe2d5d","name":"John Doe","bio":null,"gender":null,"dob":null,"phoneNumber":"0123456132","address":null,"profilePic":null,"private":false,"verified":false,"role":0,"accountStatus":true,"lastLogin":"2025-06-22T16:08:10.247Z","createdAt":"2025-06-22T14:55:01.797Z","updatedAt":"2025-06-22T16:08:10.249Z","followersCount":0,"followingsCount":0},{"id":"2aa10f99-aba5-4a4b-94d4-d0ceaf78f931","email":"testerno24@example.com","username":"johndoeno24","name":"<script>alert(\"xss-test\")</script>","bio":null,"gender":null,"dob":null,"phoneNumber":"0987311111","address":null,"profilePic":null,"private":false,"verified":false,"role":0,"accountStatus":true,"lastLogin":null,"createdAt":"2025-06-22T04:00:43.070Z","updatedAt":"2025-06-22T04:00:43.072Z","followersCount":0,"followingsCount":0},{"id":"2b84aa24-668a-40e2-af1c-ad4fc4fa5a6f","email":"quang1@gmail.com","username":"quang1","name":"quang1","bio":"Thang Nam Lao Vua Thoi","gender":null,"dob":null,"phoneNumber":"09874563210","address":null,"profilePic":"https://res.cloudinary.com/dizcvrefo/image/upload/v1749027586/nestjs_uploads/xehairydt9rzlbmbmv4c.jpg","private":false,"verified":false,"role":0,"accountStatus":true,"lastLogin":"2025-06-22T16:08:09.419Z","createdAt":"2025-05-22T15:21:16.815Z","updatedAt":"2025-06-22T16:08:09.421Z","followersCount":2,"followingsCount":3},{"id":"2bd7ed70-b2ce-4c1b-8451-e9498b059290","email":"testerno22@example.com","username":"johndoe223","name":"This is a very long12 name that exceeds the maximum length of fifty characters allowed in the system","bio":null,"gender":null,"dob":null,"phoneNumber":"0987654331","address":null,"profilePic":null,"private":false,"verified":false,"role":0,"accountStatus":true,"lastLogin":null,"createdAt":"2025-06-22T04:00:42.587Z","updatedAt":"2025-06-22T04:00:42.589Z","followersCount":0,"followingsCount":0},{"id":"2dda0439-5180-45aa-917f-e632e45a8e41","email":"test@example.com","username":"johndoe","name":"John Doe","bio":null,"gender":null,"dob":null,"phoneNumber":"0987654321","address":null,"profilePic":null,"private":false,"verified":false,"role":0,"accountStatus":true,"lastLogin":"2025-06-22T16:08:06.447Z","createdAt":"2025-06-17T15:18:30.181Z","updatedAt":"2025-06-22T16:08:06.448Z","followersCount":0,"followingsCount":0}]}}"
23:54:04.052 [main] DEBUG org.apache.http.headers -- http-outgoing-5 << HTTP/1.1 200 OK
23:54:04.052 [main] DEBUG org.apache.http.headers -- http-outgoing-5 << X-Powered-By: Express
23:54:04.052 [main] DEBUG org.apache.http.headers -- http-outgoing-5 << Access-Control-Allow-Origin: *
23:54:04.052 [main] DEBUG org.apache.http.headers -- http-outgoing-5 << Content-Type: application/json; charset=utf-8
23:54:04.052 [main] DEBUG org.apache.http.headers -- http-outgoing-5 << Content-Length: 4710
23:54:04.052 [main] DEBUG org.apache.http.headers -- http-outgoing-5 << ETag: W/"1266-eCTAhJmtaJLWyJcV1EBbmSXtxkY"
23:54:04.052 [main] DEBUG org.apache.http.headers -- http-outgoing-5 << Date: Mon, 23 Jun 2025 16:54:04 GMT
23:54:04.052 [main] DEBUG org.apache.http.headers -- http-outgoing-5 << Connection: keep-alive
23:54:04.052 [main] DEBUG org.apache.http.headers -- http-outgoing-5 << Keep-Alive: timeout=5
23:54:04.052 [main] DEBUG org.apache.http.impl.execchain.MainClientExec -- Connection can be kept alive for 5000 MILLISECONDS
23:54:04.052 [main] DEBUG org.apache.http.impl.conn.PoolingHttpClientConnectionManager -- Connection [id: 5][route: {}->http://localhost:3000] can be kept alive for 5.0 seconds
23:54:04.052 [main] DEBUG org.apache.http.impl.conn.DefaultManagedHttpClientConnection -- http-outgoing-5: set socket timeout to 0
23:54:04.052 [main] DEBUG org.apache.http.impl.conn.PoolingHttpClientConnectionManager -- Connection released: [id: 5][route: {}->http://localhost:3000][total available: 1; route allocated: 1 of 5; total allocated: 1 of 10]
23:54:04.053 [main] DEBUG org.apache.http.impl.conn.PoolingHttpClientConnectionManager -- Connection manager is shutting down
23:54:04.053 [main] DEBUG org.apache.http.impl.conn.DefaultManagedHttpClientConnection -- http-outgoing-5: Close connection
23:54:04.053 [main] DEBUG org.apache.http.impl.conn.PoolingHttpClientConnectionManager -- Connection manager shut down
23:54:04.053 [main] DEBUG com.intuit.karate -- response time in milliseconds: 247
1 < 200
1 < X-Powered-By: Express
1 < Access-Control-Allow-Origin: *
1 < Content-Type: application/json; charset=utf-8
1 < Content-Length: 4710
1 < ETag: W/"1266-eCTAhJmtaJLWyJcV1EBbmSXtxkY"
1 < Date: Mon, 23 Jun 2025 16:54:04 GMT
1 < Connection: keep-alive
1 < Keep-Alive: timeout=5
{
  "message": "",
  "statusCode": 200,
  "status": "success",
  "data": {
    "total": 35,
    "page": 1,
    "limit": 10,
    "totalPages": 4,
    "users": [
      {
        "id": "047b17a4-1e8a-4160-bb8a-db05a94a30cb",
        "email": "testerno1@example.com",
        "username": "johndoetestno1",
        "name": "John Doetesterno1",
        "bio": null,
        "gender": null,
        "dob": null,
        "phoneNumber": "0987654207",
        "address": null,
        "profilePic": null,
        "private": false,
        "verified": false,
        "role": 0,
        "accountStatus": true,
        "lastLogin": null,
        "createdAt": "2025-06-22T04:00:40.803Z",
        "updatedAt": "2025-06-22T04:00:40.804Z",
        "followersCount": 0,
        "followingsCount": 0
      },
      {
        "id": "08515b05-2d3e-4789-ad60-db35525a4970",
        "email": "nam@gmail.com",
        "username": "nam",
        "name": "nam",
        "bio": "Chu tich hoi dong Quan tri 1",
        "gender": null,
        "dob": null,
        "phoneNumber": "0123456789",
        "address": null,
        "profilePic": "https://res.cloudinary.com/dizcvrefo/image/upload/v1749266646/nestjs_uploads/zk9zrpeidnovxibfqdxr.png",
        "private": false,
        "verified": false,
        "role": 0,
        "accountStatus": true,
        "lastLogin": "2025-06-23T16:36:28.159Z",
        "createdAt": "2025-05-22T07:39:58.212Z",
        "updatedAt": "2025-06-23T16:36:28.162Z",
        "followersCount": 2,
        "followingsCount": 5
      },
      {
        "id": "09c10759-ec74-45ca-8274-f1a7f7fdb589",
        "email": "tester1@example.com",
        "username": "johndoetest1",
        "name": "John Doetest",
        "bio": null,
        "gender": null,
        "dob": null,
        "phoneNumber": "0987654322",
        "address": null,
        "profilePic": null,
        "private": false,
        "verified": false,
        "role": 0,
        "accountStatus": true,
        "lastLogin": null,
        "createdAt": "2025-06-22T02:12:16.282Z",
        "updatedAt": "2025-06-22T02:12:16.284Z",
        "followersCount": 0,
        "followingsCount": 0
      },
      {
        "id": "0a37ef43-fee8-41d3-a686-8ab086948695",
        "email": "testit2@gmail.com",
        "username": "johndoe21",
        "name": "John Doe",
        "bio": null,
        "gender": null,
        "dob": null,
        "phoneNumber": "0123456712",
        "address": null,
        "profilePic": null,
        "private": false,
        "verified": false,
        "role": 0,
        "accountStatus": true,
        "lastLogin": "2025-06-22T16:08:09.276Z",
        "createdAt": "2025-06-22T03:45:37.141Z",
        "updatedAt": "2025-06-22T16:08:09.278Z",
        "followersCount": 0,
        "followingsCount": 0
      },
      {
        "id": "1fa871af-f9fe-47b5-b416-4f9c3d544065",
        "email": "testerno2@example.com",
        "username": "janesmithtesstno1",
        "name": "Jane Smithtestno1",
        "bio": null,
        "gender": null,
        "dob": null,
        "phoneNumber": "01234567203",
        "address": null,
        "profilePic": null,
        "private": false,
        "verified": false,
        "role": 0,
        "accountStatus": true,
        "lastLogin": null,
        "createdAt": "2025-06-22T04:00:41.081Z",
        "updatedAt": "2025-06-22T04:00:41.083Z",
        "followersCount": 0,
        "followingsCount": 0
      },
      {
        "id": "272f6b55-5179-4ae3-8563-b4ec10f76715",
        "email": "testit5@gmail.com",
        "username": "johndoe2d5d",
        "name": "John Doe",
        "bio": null,
        "gender": null,
        "dob": null,
        "phoneNumber": "0123456132",
        "address": null,
        "profilePic": null,
        "private": false,
        "verified": false,
        "role": 0,
        "accountStatus": true,
        "lastLogin": "2025-06-22T16:08:10.247Z",
        "createdAt": "2025-06-22T14:55:01.797Z",
        "updatedAt": "2025-06-22T16:08:10.249Z",
        "followersCount": 0,
        "followingsCount": 0
      },
      {
        "id": "2aa10f99-aba5-4a4b-94d4-d0ceaf78f931",
        "email": "testerno24@example.com",
        "username": "johndoeno24",
        "name": "<script>alert(\"xss-test\")</script>",
        "bio": null,
        "gender": null,
        "dob": null,
        "phoneNumber": "0987311111",
        "address": null,
        "profilePic": null,
        "private": false,
        "verified": false,
        "role": 0,
        "accountStatus": true,
        "lastLogin": null,
        "createdAt": "2025-06-22T04:00:43.070Z",
        "updatedAt": "2025-06-22T04:00:43.072Z",
        "followersCount": 0,
        "followingsCount": 0
      },
      {
        "id": "2b84aa24-668a-40e2-af1c-ad4fc4fa5a6f",
        "email": "quang1@gmail.com",
        "username": "quang1",
        "name": "quang1",
        "bio": "Thang Nam Lao Vua Thoi",
        "gender": null,
        "dob": null,
        "phoneNumber": "09874563210",
        "address": null,
        "profilePic": "https://res.cloudinary.com/dizcvrefo/image/upload/v1749027586/nestjs_uploads/xehairydt9rzlbmbmv4c.jpg",
        "private": false,
        "verified": false,
        "role": 0,
        "accountStatus": true,
        "lastLogin": "2025-06-22T16:08:09.419Z",
        "createdAt": "2025-05-22T15:21:16.815Z",
        "updatedAt": "2025-06-22T16:08:09.421Z",
        "followersCount": 2,
        "followingsCount": 3
      },
      {
        "id": "2bd7ed70-b2ce-4c1b-8451-e9498b059290",
        "email": "testerno22@example.com",
        "username": "johndoe223",
        "name": "This is a very long12 name that exceeds the maximum length of fifty characters allowed in the system",
        "bio": null,
        "gender": null,
        "dob": null,
        "phoneNumber": "0987654331",
        "address": null,
        "profilePic": null,
        "private": false,
        "verified": false,
        "role": 0,
        "accountStatus": true,
        "lastLogin": null,
        "createdAt": "2025-06-22T04:00:42.587Z",
        "updatedAt": "2025-06-22T04:00:42.589Z",
        "followersCount": 0,
        "followingsCount": 0
      },
      {
        "id": "2dda0439-5180-45aa-917f-e632e45a8e41",
        "email": "test@example.com",
        "username": "johndoe",
        "name": "John Doe",
        "bio": null,
        "gender": null,
        "dob": null,
        "phoneNumber": "0987654321",
        "address": null,
        "profilePic": null,
        "private": false,
        "verified": false,
        "role": 0,
        "accountStatus": true,
        "lastLogin": "2025-06-22T16:08:06.447Z",
        "createdAt": "2025-06-17T15:18:30.181Z",
        "updatedAt": "2025-06-22T16:08:06.448Z",
        "followersCount": 0,
        "followingsCount": 0
      }
    ]
  }
}


23:54:04.055 [main] INFO com.intuit.karate -- [print] Calling getUsers API v?i bearerToken: eyJhbGciOiJIUzI1NiIsInR5cCI6IkpXVCJ9.eyJzdWIiOiJmNjI4NDUzMi04ZjFlLTRiMDUtYWM1NC1kODAzNzM4NmU4MGMiLCJ1c2VybmFtZSI6InVzZXJubzIiLCJyb2xlIjowLCJpYXQiOjE3NTA2OTQzNTQsImV4cCI6MTc1MDY5Nzk1NH0.cn4pcMTzJbKyd0aw-bN_KvZNRCfEwxef9wljw6vUgkw 
23:54:04.055 [main] INFO com.intuit.karate -- [print] Query params: {
  "page": "1",
  "limit": "0"
}
 
23:54:04.055 [main] INFO com.intuit.karate -- [print] Response status: 200 body: {
  "message": "",
  "statusCode": 200,
  "status": "success",
  "data": {
    "total": 35,
    "page": 1,
    "limit": 10,
    "totalPages": 4,
    "users": [
      {
        "id": "047b17a4-1e8a-4160-bb8a-db05a94a30cb",
        "email": "testerno1@example.com",
        "username": "johndoetestno1",
        "name": "John Doetesterno1",
        "bio": null,
        "gender": null,
        "dob": null,
        "phoneNumber": "0987654207",
        "address": null,
        "profilePic": null,
        "private": false,
        "verified": false,
        "role": 0,
        "accountStatus": true,
        "lastLogin": null,
        "createdAt": "2025-06-22T04:00:40.803Z",
        "updatedAt": "2025-06-22T04:00:40.804Z",
        "followersCount": 0,
        "followingsCount": 0
      },
      {
        "id": "08515b05-2d3e-4789-ad60-db35525a4970",
        "email": "nam@gmail.com",
        "username": "nam",
        "name": "nam",
        "bio": "Chu tich hoi dong Quan tri 1",
        "gender": null,
        "dob": null,
        "phoneNumber": "0123456789",
        "address": null,
        "profilePic": "https://res.cloudinary.com/dizcvrefo/image/upload/v1749266646/nestjs_uploads/zk9zrpeidnovxibfqdxr.png",
        "private": false,
        "verified": false,
        "role": 0,
        "accountStatus": true,
        "lastLogin": "2025-06-23T16:36:28.159Z",
        "createdAt": "2025-05-22T07:39:58.212Z",
        "updatedAt": "2025-06-23T16:36:28.162Z",
        "followersCount": 2,
        "followingsCount": 5
      },
      {
        "id": "09c10759-ec74-45ca-8274-f1a7f7fdb589",
        "email": "tester1@example.com",
        "username": "johndoetest1",
        "name": "John Doetest",
        "bio": null,
        "gender": null,
        "dob": null,
        "phoneNumber": "0987654322",
        "address": null,
        "profilePic": null,
        "private": false,
        "verified": false,
        "role": 0,
        "accountStatus": true,
        "lastLogin": null,
        "createdAt": "2025-06-22T02:12:16.282Z",
        "updatedAt": "2025-06-22T02:12:16.284Z",
        "followersCount": 0,
        "followingsCount": 0
      },
      {
        "id": "0a37ef43-fee8-41d3-a686-8ab086948695",
        "email": "testit2@gmail.com",
        "username": "johndoe21",
        "name": "John Doe",
        "bio": null,
        "gender": null,
        "dob": null,
        "phoneNumber": "0123456712",
        "address": null,
        "profilePic": null,
        "private": false,
        "verified": false,
        "role": 0,
        "accountStatus": true,
        "lastLogin": "2025-06-22T16:08:09.276Z",
        "createdAt": "2025-06-22T03:45:37.141Z",
        "updatedAt": "2025-06-22T16:08:09.278Z",
        "followersCount": 0,
        "followingsCount": 0
      },
      {
        "id": "1fa871af-f9fe-47b5-b416-4f9c3d544065",
        "email": "testerno2@example.com",
        "username": "janesmithtesstno1",
        "name": "Jane Smithtestno1",
        "bio": null,
        "gender": null,
        "dob": null,
        "phoneNumber": "01234567203",
        "address": null,
        "profilePic": null,
        "private": false,
        "verified": false,
        "role": 0,
        "accountStatus": true,
        "lastLogin": null,
        "createdAt": "2025-06-22T04:00:41.081Z",
        "updatedAt": "2025-06-22T04:00:41.083Z",
        "followersCount": 0,
        "followingsCount": 0
      },
      {
        "id": "272f6b55-5179-4ae3-8563-b4ec10f76715",
        "email": "testit5@gmail.com",
        "username": "johndoe2d5d",
        "name": "John Doe",
        "bio": null,
        "gender": null,
        "dob": null,
        "phoneNumber": "0123456132",
        "address": null,
        "profilePic": null,
        "private": false,
        "verified": false,
        "role": 0,
        "accountStatus": true,
        "lastLogin": "2025-06-22T16:08:10.247Z",
        "createdAt": "2025-06-22T14:55:01.797Z",
        "updatedAt": "2025-06-22T16:08:10.249Z",
        "followersCount": 0,
        "followingsCount": 0
      },
      {
        "id": "2aa10f99-aba5-4a4b-94d4-d0ceaf78f931",
        "email": "testerno24@example.com",
        "username": "johndoeno24",
        "name": "<script>alert(\"xss-test\")</script>",
        "bio": null,
        "gender": null,
        "dob": null,
        "phoneNumber": "0987311111",
        "address": null,
        "profilePic": null,
        "private": false,
        "verified": false,
        "role": 0,
        "accountStatus": true,
        "lastLogin": null,
        "createdAt": "2025-06-22T04:00:43.070Z",
        "updatedAt": "2025-06-22T04:00:43.072Z",
        "followersCount": 0,
        "followingsCount": 0
      },
      {
        "id": "2b84aa24-668a-40e2-af1c-ad4fc4fa5a6f",
        "email": "quang1@gmail.com",
        "username": "quang1",
        "name": "quang1",
        "bio": "Thang Nam Lao Vua Thoi",
        "gender": null,
        "dob": null,
        "phoneNumber": "09874563210",
        "address": null,
        "profilePic": "https://res.cloudinary.com/dizcvrefo/image/upload/v1749027586/nestjs_uploads/xehairydt9rzlbmbmv4c.jpg",
        "private": false,
        "verified": false,
        "role": 0,
        "accountStatus": true,
        "lastLogin": "2025-06-22T16:08:09.419Z",
        "createdAt": "2025-05-22T15:21:16.815Z",
        "updatedAt": "2025-06-22T16:08:09.421Z",
        "followersCount": 2,
        "followingsCount": 3
      },
      {
        "id": "2bd7ed70-b2ce-4c1b-8451-e9498b059290",
        "email": "testerno22@example.com",
        "username": "johndoe223",
        "name": "This is a very long12 name that exceeds the maximum length of fifty characters allowed in the system",
        "bio": null,
        "gender": null,
        "dob": null,
        "phoneNumber": "0987654331",
        "address": null,
        "profilePic": null,
        "private": false,
        "verified": false,
        "role": 0,
        "accountStatus": true,
        "lastLogin": null,
        "createdAt": "2025-06-22T04:00:42.587Z",
        "updatedAt": "2025-06-22T04:00:42.589Z",
        "followersCount": 0,
        "followingsCount": 0
      },
      {
        "id": "2dda0439-5180-45aa-917f-e632e45a8e41",
        "email": "test@example.com",
        "username": "johndoe",
        "name": "John Doe",
        "bio": null,
        "gender": null,
        "dob": null,
        "phoneNumber": "0987654321",
        "address": null,
        "profilePic": null,
        "private": false,
        "verified": false,
        "role": 0,
        "accountStatus": true,
        "lastLogin": "2025-06-22T16:08:06.447Z",
        "createdAt": "2025-06-17T15:18:30.181Z",
        "updatedAt": "2025-06-22T16:08:06.448Z",
        "followersCount": 0,
        "followingsCount": 0
      }
    ]
  }
}
 
23:54:04.056 [main] INFO com.intuit.karate -- ? TEST FAILED - Status mismatch: Expected 400, got 200 
23:54:04.061 [main] INFO com.intuit.karate -- Test case #6 completed - Status: 200 
23:54:04.061 [main] INFO com.intuit.karate -- ?ang ch?y test case #7: TC9: Large page number 
23:54:04.068 [main] INFO com.intuit.karate -- karate.env system property was: null 
23:54:04.069 [main] DEBUG com.jayway.jsonpath.internal.path.CompiledPath -- Evaluating path: $
23:54:04.070 [main] DEBUG com.jayway.jsonpath.internal.path.CompiledPath -- Evaluating path: $
23:54:04.071 [main] DEBUG org.apache.http.client.protocol.RequestAddCookies -- CookieSpec selected: karate
23:54:04.071 [main] DEBUG org.apache.http.client.protocol.RequestAuthCache -- Auth cache not set in the context
23:54:04.071 [main] DEBUG com.intuit.karate -- request:
1 > GET http://localhost:3000/users/get-users?limit=10&page=9999
1 > Authorization: Bearer eyJhbGciOiJIUzI1NiIsInR5cCI6IkpXVCJ9.eyJzdWIiOiJmNjI4NDUzMi04ZjFlLTRiMDUtYWM1NC1kODAzNzM4NmU4MGMiLCJ1c2VybmFtZSI6InVzZXJubzIiLCJyb2xlIjowLCJpYXQiOjE3NTA2OTQzNTQsImV4cCI6MTc1MDY5Nzk1NH0.cn4pcMTzJbKyd0aw-bN_KvZNRCfEwxef9wljw6vUgkw
1 > Host: localhost:3000
1 > Connection: Keep-Alive
1 > User-Agent: Apache-HttpClient/4.5.14 (Java/17.0.9)
1 > Accept-Encoding: gzip,deflate


23:54:04.071 [main] DEBUG org.apache.http.impl.conn.PoolingHttpClientConnectionManager -- Connection request: [route: {}->http://localhost:3000][total available: 0; route allocated: 0 of 5; total allocated: 0 of 10]
23:54:04.071 [main] DEBUG org.apache.http.impl.conn.PoolingHttpClientConnectionManager -- Connection leased: [id: 6][route: {}->http://localhost:3000][total available: 0; route allocated: 1 of 5; total allocated: 1 of 10]
23:54:04.071 [main] DEBUG org.apache.http.impl.execchain.MainClientExec -- Opening connection {}->http://localhost:3000
23:54:04.071 [main] DEBUG org.apache.http.impl.conn.DefaultHttpClientConnectionOperator -- Connecting to localhost/127.0.0.1:3000
23:54:04.071 [main] DEBUG org.apache.http.impl.conn.DefaultHttpClientConnectionOperator -- Connection established 127.0.0.1:62890<->127.0.0.1:3000
23:54:04.072 [main] DEBUG org.apache.http.impl.conn.DefaultManagedHttpClientConnection -- http-outgoing-6: set socket timeout to 5000
23:54:04.072 [main] DEBUG org.apache.http.impl.execchain.MainClientExec -- Executing request GET /users/get-users?limit=10&page=9999 HTTP/1.1
23:54:04.072 [main] DEBUG org.apache.http.impl.execchain.MainClientExec -- Proxy auth state: UNCHALLENGED
23:54:04.072 [main] DEBUG org.apache.http.headers -- http-outgoing-6 >> GET /users/get-users?limit=10&page=9999 HTTP/1.1
23:54:04.072 [main] DEBUG org.apache.http.headers -- http-outgoing-6 >> Authorization: Bearer eyJhbGciOiJIUzI1NiIsInR5cCI6IkpXVCJ9.eyJzdWIiOiJmNjI4NDUzMi04ZjFlLTRiMDUtYWM1NC1kODAzNzM4NmU4MGMiLCJ1c2VybmFtZSI6InVzZXJubzIiLCJyb2xlIjowLCJpYXQiOjE3NTA2OTQzNTQsImV4cCI6MTc1MDY5Nzk1NH0.cn4pcMTzJbKyd0aw-bN_KvZNRCfEwxef9wljw6vUgkw
23:54:04.072 [main] DEBUG org.apache.http.headers -- http-outgoing-6 >> Host: localhost:3000
23:54:04.072 [main] DEBUG org.apache.http.headers -- http-outgoing-6 >> Connection: Keep-Alive
23:54:04.072 [main] DEBUG org.apache.http.headers -- http-outgoing-6 >> User-Agent: Apache-HttpClient/4.5.14 (Java/17.0.9)
23:54:04.072 [main] DEBUG org.apache.http.headers -- http-outgoing-6 >> Accept-Encoding: gzip,deflate
23:54:04.072 [main] DEBUG org.apache.http.wire -- http-outgoing-6 >> "GET /users/get-users?limit=10&page=9999 HTTP/1.1[\r][\n]"
23:54:04.072 [main] DEBUG org.apache.http.wire -- http-outgoing-6 >> "Authorization: Bearer eyJhbGciOiJIUzI1NiIsInR5cCI6IkpXVCJ9.eyJzdWIiOiJmNjI4NDUzMi04ZjFlLTRiMDUtYWM1NC1kODAzNzM4NmU4MGMiLCJ1c2VybmFtZSI6InVzZXJubzIiLCJyb2xlIjowLCJpYXQiOjE3NTA2OTQzNTQsImV4cCI6MTc1MDY5Nzk1NH0.cn4pcMTzJbKyd0aw-bN_KvZNRCfEwxef9wljw6vUgkw[\r][\n]"
23:54:04.072 [main] DEBUG org.apache.http.wire -- http-outgoing-6 >> "Host: localhost:3000[\r][\n]"
23:54:04.072 [main] DEBUG org.apache.http.wire -- http-outgoing-6 >> "Connection: Keep-Alive[\r][\n]"
23:54:04.072 [main] DEBUG org.apache.http.wire -- http-outgoing-6 >> "User-Agent: Apache-HttpClient/4.5.14 (Java/17.0.9)[\r][\n]"
23:54:04.072 [main] DEBUG org.apache.http.wire -- http-outgoing-6 >> "Accept-Encoding: gzip,deflate[\r][\n]"
23:54:04.072 [main] DEBUG org.apache.http.wire -- http-outgoing-6 >> "[\r][\n]"
23:54:04.135 [main] DEBUG org.apache.http.wire -- http-outgoing-6 << "HTTP/1.1 200 OK[\r][\n]"
23:54:04.135 [main] DEBUG org.apache.http.wire -- http-outgoing-6 << "X-Powered-By: Express[\r][\n]"
23:54:04.135 [main] DEBUG org.apache.http.wire -- http-outgoing-6 << "Access-Control-Allow-Origin: *[\r][\n]"
23:54:04.135 [main] DEBUG org.apache.http.wire -- http-outgoing-6 << "Content-Type: application/json; charset=utf-8[\r][\n]"
23:54:04.135 [main] DEBUG org.apache.http.wire -- http-outgoing-6 << "Content-Length: 119[\r][\n]"
23:54:04.135 [main] DEBUG org.apache.http.wire -- http-outgoing-6 << "ETag: W/"77-ER5aeAVcRwatY/0MOExUb5nc3SU"[\r][\n]"
23:54:04.135 [main] DEBUG org.apache.http.wire -- http-outgoing-6 << "Date: Mon, 23 Jun 2025 16:54:04 GMT[\r][\n]"
23:54:04.135 [main] DEBUG org.apache.http.wire -- http-outgoing-6 << "Connection: keep-alive[\r][\n]"
23:54:04.136 [main] DEBUG org.apache.http.wire -- http-outgoing-6 << "Keep-Alive: timeout=5[\r][\n]"
23:54:04.136 [main] DEBUG org.apache.http.wire -- http-outgoing-6 << "[\r][\n]"
23:54:04.136 [main] DEBUG org.apache.http.wire -- http-outgoing-6 << "{"message":"","statusCode":200,"status":"success","data":{"total":35,"page":9999,"limit":10,"totalPages":4,"users":[]}}"
23:54:04.136 [main] DEBUG org.apache.http.headers -- http-outgoing-6 << HTTP/1.1 200 OK
23:54:04.136 [main] DEBUG org.apache.http.headers -- http-outgoing-6 << X-Powered-By: Express
23:54:04.136 [main] DEBUG org.apache.http.headers -- http-outgoing-6 << Access-Control-Allow-Origin: *
23:54:04.136 [main] DEBUG org.apache.http.headers -- http-outgoing-6 << Content-Type: application/json; charset=utf-8
23:54:04.136 [main] DEBUG org.apache.http.headers -- http-outgoing-6 << Content-Length: 119
23:54:04.136 [main] DEBUG org.apache.http.headers -- http-outgoing-6 << ETag: W/"77-ER5aeAVcRwatY/0MOExUb5nc3SU"
23:54:04.136 [main] DEBUG org.apache.http.headers -- http-outgoing-6 << Date: Mon, 23 Jun 2025 16:54:04 GMT
23:54:04.136 [main] DEBUG org.apache.http.headers -- http-outgoing-6 << Connection: keep-alive
23:54:04.136 [main] DEBUG org.apache.http.headers -- http-outgoing-6 << Keep-Alive: timeout=5
23:54:04.136 [main] DEBUG org.apache.http.impl.execchain.MainClientExec -- Connection can be kept alive for 5000 MILLISECONDS
23:54:04.136 [main] DEBUG org.apache.http.impl.conn.PoolingHttpClientConnectionManager -- Connection [id: 6][route: {}->http://localhost:3000] can be kept alive for 5.0 seconds
23:54:04.136 [main] DEBUG org.apache.http.impl.conn.DefaultManagedHttpClientConnection -- http-outgoing-6: set socket timeout to 0
23:54:04.136 [main] DEBUG org.apache.http.impl.conn.PoolingHttpClientConnectionManager -- Connection released: [id: 6][route: {}->http://localhost:3000][total available: 1; route allocated: 1 of 5; total allocated: 1 of 10]
23:54:04.136 [main] DEBUG org.apache.http.impl.conn.PoolingHttpClientConnectionManager -- Connection manager is shutting down
23:54:04.136 [main] DEBUG org.apache.http.impl.conn.DefaultManagedHttpClientConnection -- http-outgoing-6: Close connection
23:54:04.137 [main] DEBUG org.apache.http.impl.conn.PoolingHttpClientConnectionManager -- Connection manager shut down
23:54:04.137 [main] DEBUG com.intuit.karate -- response time in milliseconds: 65
1 < 200
1 < X-Powered-By: Express
1 < Access-Control-Allow-Origin: *
1 < Content-Type: application/json; charset=utf-8
1 < Content-Length: 119
1 < ETag: W/"77-ER5aeAVcRwatY/0MOExUb5nc3SU"
1 < Date: Mon, 23 Jun 2025 16:54:04 GMT
1 < Connection: keep-alive
1 < Keep-Alive: timeout=5
{
  "message": "",
  "statusCode": 200,
  "status": "success",
  "data": {
    "total": 35,
    "page": 9999,
    "limit": 10,
    "totalPages": 4,
    "users": [
    ]
  }
}


23:54:04.138 [main] INFO com.intuit.karate -- [print] Calling getUsers API v?i bearerToken: eyJhbGciOiJIUzI1NiIsInR5cCI6IkpXVCJ9.eyJzdWIiOiJmNjI4NDUzMi04ZjFlLTRiMDUtYWM1NC1kODAzNzM4NmU4MGMiLCJ1c2VybmFtZSI6InVzZXJubzIiLCJyb2xlIjowLCJpYXQiOjE3NTA2OTQzNTQsImV4cCI6MTc1MDY5Nzk1NH0.cn4pcMTzJbKyd0aw-bN_KvZNRCfEwxef9wljw6vUgkw 
23:54:04.138 [main] INFO com.intuit.karate -- [print] Query params: {
  "page": "9999",
  "limit": "10"
}
 
23:54:04.138 [main] INFO com.intuit.karate -- [print] Response status: 200 body: {
  "message": "",
  "statusCode": 200,
  "status": "success",
  "data": {
    "total": 35,
    "page": 9999,
    "limit": 10,
    "totalPages": 4,
    "users": [
    ]
  }
}
 
23:54:04.139 [main] INFO com.intuit.karate -- ? TEST PASSED - All validations passed 
23:54:04.140 [main] INFO com.intuit.karate -- Test case #7 completed - Status: 200 
23:54:04.140 [main] INFO com.intuit.karate -- ?ang ch?y test case #8: TC10: Large limit value 
23:54:04.148 [main] INFO com.intuit.karate -- karate.env system property was: null 
23:54:04.149 [main] DEBUG com.jayway.jsonpath.internal.path.CompiledPath -- Evaluating path: $
23:54:04.150 [main] DEBUG com.jayway.jsonpath.internal.path.CompiledPath -- Evaluating path: $
23:54:04.151 [main] DEBUG org.apache.http.client.protocol.RequestAddCookies -- CookieSpec selected: karate
23:54:04.151 [main] DEBUG org.apache.http.client.protocol.RequestAuthCache -- Auth cache not set in the context
23:54:04.151 [main] DEBUG com.intuit.karate -- request:
1 > GET http://localhost:3000/users/get-users?limit=9999&page=1
1 > Authorization: Bearer eyJhbGciOiJIUzI1NiIsInR5cCI6IkpXVCJ9.eyJzdWIiOiJmNjI4NDUzMi04ZjFlLTRiMDUtYWM1NC1kODAzNzM4NmU4MGMiLCJ1c2VybmFtZSI6InVzZXJubzIiLCJyb2xlIjowLCJpYXQiOjE3NTA2OTQzNTQsImV4cCI6MTc1MDY5Nzk1NH0.cn4pcMTzJbKyd0aw-bN_KvZNRCfEwxef9wljw6vUgkw
1 > Host: localhost:3000
1 > Connection: Keep-Alive
1 > User-Agent: Apache-HttpClient/4.5.14 (Java/17.0.9)
1 > Accept-Encoding: gzip,deflate


23:54:04.151 [main] DEBUG org.apache.http.impl.conn.PoolingHttpClientConnectionManager -- Connection request: [route: {}->http://localhost:3000][total available: 0; route allocated: 0 of 5; total allocated: 0 of 10]
23:54:04.151 [main] DEBUG org.apache.http.impl.conn.PoolingHttpClientConnectionManager -- Connection leased: [id: 7][route: {}->http://localhost:3000][total available: 0; route allocated: 1 of 5; total allocated: 1 of 10]
23:54:04.151 [main] DEBUG org.apache.http.impl.execchain.MainClientExec -- Opening connection {}->http://localhost:3000
23:54:04.151 [main] DEBUG org.apache.http.impl.conn.DefaultHttpClientConnectionOperator -- Connecting to localhost/127.0.0.1:3000
23:54:04.152 [main] DEBUG org.apache.http.impl.conn.DefaultHttpClientConnectionOperator -- Connection established 127.0.0.1:62891<->127.0.0.1:3000
23:54:04.152 [main] DEBUG org.apache.http.impl.conn.DefaultManagedHttpClientConnection -- http-outgoing-7: set socket timeout to 5000
23:54:04.152 [main] DEBUG org.apache.http.impl.execchain.MainClientExec -- Executing request GET /users/get-users?limit=9999&page=1 HTTP/1.1
23:54:04.152 [main] DEBUG org.apache.http.impl.execchain.MainClientExec -- Proxy auth state: UNCHALLENGED
23:54:04.152 [main] DEBUG org.apache.http.headers -- http-outgoing-7 >> GET /users/get-users?limit=9999&page=1 HTTP/1.1
23:54:04.152 [main] DEBUG org.apache.http.headers -- http-outgoing-7 >> Authorization: Bearer eyJhbGciOiJIUzI1NiIsInR5cCI6IkpXVCJ9.eyJzdWIiOiJmNjI4NDUzMi04ZjFlLTRiMDUtYWM1NC1kODAzNzM4NmU4MGMiLCJ1c2VybmFtZSI6InVzZXJubzIiLCJyb2xlIjowLCJpYXQiOjE3NTA2OTQzNTQsImV4cCI6MTc1MDY5Nzk1NH0.cn4pcMTzJbKyd0aw-bN_KvZNRCfEwxef9wljw6vUgkw
23:54:04.152 [main] DEBUG org.apache.http.headers -- http-outgoing-7 >> Host: localhost:3000
23:54:04.152 [main] DEBUG org.apache.http.headers -- http-outgoing-7 >> Connection: Keep-Alive
23:54:04.152 [main] DEBUG org.apache.http.headers -- http-outgoing-7 >> User-Agent: Apache-HttpClient/4.5.14 (Java/17.0.9)
23:54:04.152 [main] DEBUG org.apache.http.headers -- http-outgoing-7 >> Accept-Encoding: gzip,deflate
23:54:04.152 [main] DEBUG org.apache.http.wire -- http-outgoing-7 >> "GET /users/get-users?limit=9999&page=1 HTTP/1.1[\r][\n]"
23:54:04.152 [main] DEBUG org.apache.http.wire -- http-outgoing-7 >> "Authorization: Bearer eyJhbGciOiJIUzI1NiIsInR5cCI6IkpXVCJ9.eyJzdWIiOiJmNjI4NDUzMi04ZjFlLTRiMDUtYWM1NC1kODAzNzM4NmU4MGMiLCJ1c2VybmFtZSI6InVzZXJubzIiLCJyb2xlIjowLCJpYXQiOjE3NTA2OTQzNTQsImV4cCI6MTc1MDY5Nzk1NH0.cn4pcMTzJbKyd0aw-bN_KvZNRCfEwxef9wljw6vUgkw[\r][\n]"
23:54:04.152 [main] DEBUG org.apache.http.wire -- http-outgoing-7 >> "Host: localhost:3000[\r][\n]"
23:54:04.152 [main] DEBUG org.apache.http.wire -- http-outgoing-7 >> "Connection: Keep-Alive[\r][\n]"
23:54:04.152 [main] DEBUG org.apache.http.wire -- http-outgoing-7 >> "User-Agent: Apache-HttpClient/4.5.14 (Java/17.0.9)[\r][\n]"
23:54:04.152 [main] DEBUG org.apache.http.wire -- http-outgoing-7 >> "Accept-Encoding: gzip,deflate[\r][\n]"
23:54:04.152 [main] DEBUG org.apache.http.wire -- http-outgoing-7 >> "[\r][\n]"
23:54:04.473 [main] DEBUG org.apache.http.wire -- http-outgoing-7 << "HTTP/1.1 200 OK[\r][\n]"
23:54:04.473 [main] DEBUG org.apache.http.wire -- http-outgoing-7 << "X-Powered-By: Express[\r][\n]"
23:54:04.473 [main] DEBUG org.apache.http.wire -- http-outgoing-7 << "Access-Control-Allow-Origin: *[\r][\n]"
23:54:04.473 [main] DEBUG org.apache.http.wire -- http-outgoing-7 << "Content-Type: application/json; charset=utf-8[\r][\n]"
23:54:04.473 [main] DEBUG org.apache.http.wire -- http-outgoing-7 << "Content-Length: 15483[\r][\n]"
23:54:04.473 [main] DEBUG org.apache.http.wire -- http-outgoing-7 << "ETag: W/"3c7b-4mpU9DqXVOSYPzSdL7lC8xZLrKw"[\r][\n]"
23:54:04.473 [main] DEBUG org.apache.http.wire -- http-outgoing-7 << "Date: Mon, 23 Jun 2025 16:54:04 GMT[\r][\n]"
23:54:04.473 [main] DEBUG org.apache.http.wire -- http-outgoing-7 << "Connection: keep-alive[\r][\n]"
23:54:04.473 [main] DEBUG org.apache.http.wire -- http-outgoing-7 << "Keep-Alive: timeout=5[\r][\n]"
23:54:04.473 [main] DEBUG org.apache.http.wire -- http-outgoing-7 << "[\r][\n]"
23:54:04.474 [main] DEBUG org.apache.http.wire -- http-outgoing-7 << "{"message":"","statusCode":200,"status":"success","data":{"total":35,"page":1,"limit":9999,"totalPages":1,"users":[{"id":"047b17a4-1e8a-4160-bb8a-db05a94a30cb","email":"testerno1@example.com","username":"johndoetestno1","name":"John Doetesterno1","bio":null,"gender":null,"dob":null,"phoneNumber":"0987654207","address":null,"profilePic":null,"private":false,"verified":false,"role":0,"accountStatus":true,"lastLogin":null,"createdAt":"2025-06-22T04:00:40.803Z","updatedAt":"2025-06-22T04:00:40.804Z","followersCount":0,"followingsCount":0},{"id":"08515b05-2d3e-4789-ad60-db35525a4970","email":"nam@gmail.com","username":"nam","name":"nam","bio":"Chu tich hoi dong Quan tri 1","gender":null,"dob":null,"phoneNumber":"0123456789","address":null,"profilePic":"https://res.cloudinary.com/dizcvrefo/image/upload/v1749266646/nestjs_uploads/zk9zrpeidnovxibfqdxr.png","private":false,"verified":false,"role":0,"accountStatus":true,"lastLogin":"2025-06-23T16:36:28.159Z","createdAt":"2025-05-22T07:39:58.212Z","updatedAt":"2025-06-23T16:36:28.162Z","followersCount":2,"followingsCount":5},{"id":"09c10759-ec74-45ca-8274-f1a7f7fdb589","email":"tester1@example.com","username":"johndoetest1","name":"John Doetest","bio":null,"gender":null,"dob":null,"phoneNumber":"0987654322","address":null,"profilePic":null,"private":false,"verified":false,"role":0,"accountStatus":true,"lastLogin":null,"createdAt":"2025-06-22T02:12:16.282Z","updatedAt":"2025-06-22T02:12:16.284Z","followersCount":0,"followingsCount":0},{"id":"0a37ef43-fee8-41d3-a686-8ab086948695","email":"testit2@gmail.com","username":"johndoe21","name":"John Doe","bio":null,"gender":null,"dob":null,"phoneNumber":"0123456712","address":null,"profilePic":null,"private":false,"verified":false,"role":0,"accountStatus":true,"lastLogin":"2025-06-22T16:08:09.276Z","createdAt":"2025-06-22T03:45:37.141Z","updatedAt":"2025-06-22T16:08:09.278Z","followersCount":0,"followingsCount":0},{"id":"1fa871af-f9fe-47b5-b416-4f9c3d544065","email":"testerno2@example.com","username":"janesmithtesstno1","name":"Jane Smithtestno1","bio":null,"gender":null,"dob":null,"phoneNumber":"01234567203","address":null,"profilePic":null,"private":false,"verified":false,"role":0,"accountStatus":true,"lastLogin":null,"createdAt":"2025-06-22T04:00:41.081Z","updatedAt":"2025-06-22T04:00:41.083Z","followersCount":0,"followingsCount":0},{"id":"272f6b55-5179-4ae3-8563-b4ec10f76715","email":"testit5@gmail.com","username":"johndoe2d5d","name":"John Doe","bio":null,"gender":null,"dob":null,"phoneNumber":"0123456132","address":null,"profilePic":null,"private":false,"verified":false,"role":0,"accountStatus":true,"lastLogin":"2025-06-22T16:08:10.247Z","createdAt":"2025-06-22T14:55:01.797Z","updatedAt":"2025-06-22T16:08:10.249Z","followersCount":0,"followingsCount":0},{"id":"2aa10f99-aba5-4a4b-94d4-d0ceaf78f931","email":"testerno24@example.com","username":"johndoeno24","name":"<script>alert(\"xss-test\")</script>","bio":null,"gender":null,"dob":null,"phoneNumber":"0987311111","address":null,"profilePic":null,"private":false,"verified":false,"role":0,"accountStatus":true,"lastLogin":null,"createdAt":"2025-06-22T04:00:43.070Z","updatedAt":"2025-06-22T04:00:43.072Z","followersCount":0,"followingsCount":0},{"id":"2b84aa24-668a-40e2-af1c-ad4fc4fa5a6f","email":"quang1@gmail.com","username":"quang1","name":"quang1","bio":"Thang Nam Lao Vua Thoi","gender":null,"dob":null,"phoneNumber":"09874563210","address":null,"profilePic":"https://res.cloudinary.com/dizcvrefo/image/upload/v1749027586/nestjs_uploads/xehairydt9rzlbmbmv4c.jpg","private":false,"verified":false,"role":0,"accountStatus":true,"lastLogin":"2025-06-22T16:08:09.419Z","createdAt":"2025-05-22T15:21:16.815Z","updatedAt":"2025-06-22T16:08:09.421Z","followersCount":2,"followingsCount":3},{"id":"2bd7ed70-b2ce-4c1b-8451-e9498b059290","email":"testerno22@example.com","username":"johndoe223","name":"This is a very long12 name that exceeds the maximum length of fifty characters allowed in the system","bio":null,"gender":null,"dob":null,"phoneNumber":"0987654331","address":null,"profilePic":null,"private":false,"verified":false,"role":0,"accountStatus":true,"lastLogin":null,"createdAt":"2025-06-22T04:00:42.587Z","updatedAt":"2025-06-22T04:00:42.589Z","followersCount":0,"followingsCount":0},{"id":"2dda0439-5180-45aa-917f-e632e45a8e41","email":"test@example.com","username":"johndoe","name":"John Doe","bio":null,"gender":null,"dob":null,"phoneNumber":"0987654321","address":null,"profilePic":null,"private":false,"verified":false,"role":0,"accountStatus":true,"lastLogin":"2025-06-22T16:08:06.447Z","createdAt":"2025-06-17T15:18:30.181Z","updatedAt":"2025-06-22T16:08:06.448Z","followersCount":0,"followingsCount":0},{"id":"526d120c-c237-4514-ae9a-ed7a63034c7e","email":"user1@gmail.com","username":"userno1","name":"John Doe","bio":null,"gender":null,"dob":null,"phoneNumber":"0123341233","address":null,"profilePic":null,"private":false,"verified":false,"role":0,"accountStatus":true,"lastLogin":"2025-06-23T07:47:55.578Z","createdAt":"2025-06-23T06:38:35.306Z","updatedAt":"2025-06-23T07:47:55.579Z","followersCount":0,"followingsCount":0},{"id":"58ca226b-5a4c-41f5-b3f5-ec3723d14ca3","email":"testerno23@example.com","username":"johndoe12' OR '1'='1","name":"John Doeno23","bio":null,"gender":null,"dob":null,"phoneNumber":"0987654111","address":null,"profilePic":null,"private":false,"verified":false,"role":0,"accountStatus":true,"lastLogin":null,"createdAt":"2025-06-22T04:00:42.785Z","updatedAt":"2025-06-22T04:00:42.786Z","followersCount":0,"followingsCount":0},{"id":"5fc830ab-3cc6-4342-8bd2-3dce7848c5f3","email":"test29@example.com","username":"johndoe29","name":"John Doe","bio":null,"gender":null,"dob":null,"phoneNumber":"0000000000","address":null,"profilePic":null,"private":false,"verified":false,"role":0,"accountStatus":true,"lastLogin":null,"createdAt":"2025-06-17T15:25:20.993Z","updatedAt":"2025-06-17T15:25:20.995Z","followersCount":0,"followingsCount":0},{"id":"610ce6fa-a9f1-45e5-aa5c-1bca2698d5ad","email":"tester21@example.com","username":"johndoe12","name":"John Doe12","bio":null,"gender":null,"dob":null,"phoneNumber":"0987654325","address":null,"profilePic":null,"private":false,"verified":false,"role":0,"accountStatus":true,"lastLogin":null,"createdAt":"2025-06-22T02:12:17.090Z","updatedAt":"2025-06-22T02:12:17.092Z","followersCount":0,"followingsCount":0},{"id":"622915d5-6a10-4179-8a85-e333bf55718e","email":"testernoo1@example.com","username":"johndoetestnoo1","name":"John Doetesternoo1","bio":null,"gender":null,"dob":null,"phoneNumber":"0987654208","address":null,"profilePic":null,"private":false,"verified":false,"role":0,"accountStatus":true,"lastLogin":null,"createdAt":"2025-06-22T04:09:27.764Z","updatedAt":"2025-06-22T04:09:27.765Z","followersCount":0,"followingsCount":0},{"id":"650ce1ed-aaca-438f-9988-1f058ab5aa1a","email":"testit3@gmail.com","username":"johndoe25","name":"John Doe","bio":null,"gender":null,"dob":null,"phoneNumber":"0123456713","address":null,"profilePic":null,"private":false,"verified":false,"role":0,"accountStatus":true,"lastLogin":"2025-06-22T16:08:09.513Z","createdAt":"2025-06-22T03:46:06.873Z","updatedAt":"2025-06-22T16:08:09.515Z","followersCount":0,"followingsCount":0},{"id":"6aac5539-aab7-4872-b540-8afea731f026","email":"testerno9@example.com","username":"johndoeno9","name":"John Doe","bio":null,"gender":null,"dob":null,"phoneNumber":"0987654456","address":null,"profilePic":null,"private":false,"verified":false,"role":0,"accountStatus":true,"lastLogin":null,"createdAt":"2025-06-22T04:00:41.466Z","updatedAt":"2025-06-22T04:00:41.468Z","followersCount":0,"followingsCount":0},{"id":"724bd032-59fc-4131-bb59-1017ba5e0ea7","email":"testernoo21@example.com","username":"johndoe123as","name":"John Doe123","bio":null,"gender":null,"dob":null,"phoneNumber":"0987123986","address":null,"profilePic":null,"private":false,"verified":false,"role":"
23:54:04.474 [main] DEBUG org.apache.http.headers -- http-outgoing-7 << HTTP/1.1 200 OK
23:54:04.474 [main] DEBUG org.apache.http.headers -- http-outgoing-7 << X-Powered-By: Express
23:54:04.474 [main] DEBUG org.apache.http.headers -- http-outgoing-7 << Access-Control-Allow-Origin: *
23:54:04.474 [main] DEBUG org.apache.http.headers -- http-outgoing-7 << Content-Type: application/json; charset=utf-8
23:54:04.474 [main] DEBUG org.apache.http.headers -- http-outgoing-7 << Content-Length: 15483
23:54:04.474 [main] DEBUG org.apache.http.headers -- http-outgoing-7 << ETag: W/"3c7b-4mpU9DqXVOSYPzSdL7lC8xZLrKw"
23:54:04.474 [main] DEBUG org.apache.http.headers -- http-outgoing-7 << Date: Mon, 23 Jun 2025 16:54:04 GMT
23:54:04.474 [main] DEBUG org.apache.http.headers -- http-outgoing-7 << Connection: keep-alive
23:54:04.474 [main] DEBUG org.apache.http.headers -- http-outgoing-7 << Keep-Alive: timeout=5
23:54:04.474 [main] DEBUG org.apache.http.impl.execchain.MainClientExec -- Connection can be kept alive for 5000 MILLISECONDS
23:54:04.475 [main] DEBUG org.apache.http.wire -- http-outgoing-7 << "0,"accountStatus":true,"lastLogin":null,"createdAt":"2025-06-22T04:17:36.235Z","updatedAt":"2025-06-22T04:17:36.237Z","followersCount":0,"followingsCount":0},{"id":"8016bf30-d659-44bd-8ea0-b2c050ada254","email":"testerno21@example.com","username":"johndoe123","name":"John Doe123","bio":null,"gender":null,"dob":null,"phoneNumber":"0987123456","address":null,"profilePic":null,"private":false,"verified":false,"role":0,"accountStatus":true,"lastLogin":null,"createdAt":"2025-06-22T04:00:42.368Z","updatedAt":"2025-06-22T04:00:42.369Z","followersCount":0,"followingsCount":0},{"id":"89a4e1b0-4410-443e-8a78-4820ae83b70e","email":"testernoo3@example.com","username":"johndoetestnoo3","name":"John Doetesternoo3","bio":null,"gender":null,"dob":null,"phoneNumber":"0987654209","address":null,"profilePic":null,"private":false,"verified":false,"role":0,"accountStatus":true,"lastLogin":null,"createdAt":"2025-06-22T04:17:34.945Z","updatedAt":"2025-06-22T04:17:34.947Z","followersCount":0,"followingsCount":0},{"id":"89d2b816-1f5a"
23:54:04.475 [main] DEBUG org.apache.http.wire -- http-outgoing-7 << "-40cf-b5bc-86ef41a5cae7","email":"testit6@gmail.com","username":"johndoe2sd5d","name":"John Doe","bio":null,"gender":null,"dob":null,"phoneNumber":"0123416132","address":null,"profilePic":null,"private":false,"verified":false,"role":0,"accountStatus":true,"lastLogin":null,"createdAt":"2025-06-22T15:15:58.472Z","updatedAt":"2025-06-22T15:15:58.473Z","followersCount":0,"followingsCount":0},{"id":"8a247461-5c04-421d-98f5-fa9c734faea5","email":"test2@example.com","username":"janesmith","name":"Jane Smith","bio":null,"gender":null,"dob":null,"phoneNumber":"01234567890","address":null,"profilePic":null,"private":false,"verified":false,"role":0,"accountStatus":true,"lastLogin":"2025-06-22T16:08:06.417Z","createdAt":"2025-06-17T15:25:19.580Z","updatedAt":"2025-06-22T16:08:06.418Z","followersCount":0,"followingsCount":0},{"id":"9046076b-fd80-4575-b26e-03867cc846c8","email":"testernoo20@example.com","username":"john@doe2221","name":"John Doe221","bio":null,"gender":null,"dob":null,"phoneNumber":"0987654458","address":n"
23:54:04.475 [main] DEBUG org.apache.http.wire -- http-outgoing-7 << "ull,"profilePic":null,"private":false,"verified":false,"role":0,"accountStatus":true,"lastLogin":null,"createdAt":"2025-06-22T04:17:36.049Z","updatedAt":"2025-06-22T04:17:36.051Z","followersCount":0,"followingsCount":0},{"id":"90828da7-0f41-4227-990d-394f19c963e4","email":"testerno20@example.com","username":"john@doe222","name":"John Doe22","bio":null,"gender":null,"dob":null,"phoneNumber":"0987654302","address":null,"profilePic":null,"private":false,"verified":false,"role":0,"accountStatus":true,"lastLogin":null,"createdAt":"2025-06-22T04:00:42.119Z","updatedAt":"2025-06-22T04:00:42.121Z","followersCount":0,"followingsCount":0},{"id":"9a26976c-1532-4df3-a16e-7631525c8502","email":"testit4@gmail.com","username":"johndoe2d5","name":"John Doe","bio":null,"gender":null,"dob":null,"phoneNumber":"0123456212","address":null,"profilePic":null,"private":false,"verified":false,"role":0,"accountStatus":true,"lastLogin":"2025-06-22T16:08:04.414Z","createdAt":"2025-06-22T14:54:02.893Z","updatedAt":"2025-06-22T16:08:04.41"
23:54:04.475 [main] DEBUG org.apache.http.wire -- http-outgoing-7 << "5Z","followersCount":0,"followingsCount":0},{"id":"9d86c52d-4ad6-4386-a1ac-a54bcd0987bc","email":"testernoo9@example.com","username":"johndoenoo9","name":"John Doe","bio":null,"gender":null,"dob":null,"phoneNumber":"0987654478","address":null,"profilePic":null,"private":false,"verified":false,"role":0,"accountStatus":true,"lastLogin":null,"createdAt":"2025-06-22T04:17:35.561Z","updatedAt":"2025-06-22T04:17:35.564Z","followersCount":1,"followingsCount":0},{"id":"a00eebf9-32b9-4ff9-a1be-467a04e8530c","email":"user@gmail.com","username":"user1","name":"John Doe","bio":null,"gender":null,"dob":null,"phoneNumber":"0123342233","address":null,"profilePic":null,"private":false,"verified":false,"role":0,"accountStatus":true,"lastLogin":"2025-06-23T06:10:03.258Z","createdAt":"2025-06-23T05:56:37.374Z","updatedAt":"2025-06-23T06:15:29.882Z","followersCount":0,"followingsCount":0},{"id":"a753065b-8c36-48e3-913b-153b6d0fdef4","email":"testernoo22@example.com","username":"johndoe2233","name":"This is a very l13ong12 name t"
23:54:04.475 [main] DEBUG org.apache.http.wire -- http-outgoing-7 << "hat exceeds the maximum length of fifty characters allowed in the system","bio":null,"gender":null,"dob":null,"phoneNumber":"0987654888","address":null,"profilePic":null,"private":false,"verified":false,"role":0,"accountStatus":true,"lastLogin":null,"createdAt":"2025-06-22T04:17:36.442Z","updatedAt":"2025-06-22T04:17:36.444Z","followersCount":0,"followingsCount":0},{"id":"a9256bd9-faf8-4130-ab9f-dbc589fec8d9","email":"testernoo23@example.com","username":"johndoed12' OR '1'='1","name":"John Doeno23","bio":null,"gender":null,"dob":null,"phoneNumber":"0987654155","address":null,"profilePic":null,"private":false,"verified":false,"role":0,"accountStatus":true,"lastLogin":null,"createdAt":"2025-06-22T04:17:36.627Z","updatedAt":"2025-06-22T04:17:36.629Z","followersCount":0,"followingsCount":0},{"id":"c21422df-ccec-440e-9a42-c1b82abf733d","email":"test28@example.com","username":"johndoe28","name":"John Doe","bio":null,"gender":null,"dob":null,"phoneNumber":"84987654321","address":null,"profilePic":null,"private":fals"
23:54:04.475 [main] DEBUG org.apache.http.wire -- http-outgoing-7 << "e,"verified":false,"role":0,"accountStatus":true,"lastLogin":"2025-06-22T16:08:05.268Z","createdAt":"2025-06-17T15:25:20.801Z","updatedAt":"2025-06-22T16:08:05.270Z","followersCount":0,"followingsCount":0},{"id":"dacf294e-491b-47ff-bd74-bfe5ddbfbdf9","email":"chinh@gmail.com","username":"chinh","name":"chinh than","bio":"thich vivu","gender":null,"dob":null,"phoneNumber":null,"address":null,"profilePic":"https://hebbkx1anhila5yf.public.blob.vercel-storage.com/image-hiZZ98WEvmBOkk3oAqffc3ReiwtEIO.png","private":false,"verified":false,"role":0,"accountStatus":true,"lastLogin":"2025-05-30T09:41:34.086Z","createdAt":"2025-05-17T09:18:22.877Z","updatedAt":"2025-05-30T09:41:34.088Z","followersCount":2,"followingsCount":3},{"id":"dd20c23c-5357-4e50-bbf4-b02a45fae4f2","email":"testi12t@gmail.com","username":"johndoe2s5da","name":"John Doe","bio":null,"gender":null,"dob":null,"phoneNumber":"0123416932","address":null,"profilePic":null,"private":false,"verified":false,"role":0,"accountStatus":true,"lastLogin":"2025-06-"
23:54:04.475 [main] DEBUG org.apache.http.wire -- http-outgoing-7 << "23T04:05:13.587Z","createdAt":"2025-06-23T03:47:50.381Z","updatedAt":"2025-06-23T04:15:09.238Z","followersCount":0,"followingsCount":0},{"id":"df6f0919-a23d-44c9-a925-4ea8be525d10","email":"testit@gmail.com","username":"johndoe23","name":"John Doe","bio":null,"gender":null,"dob":null,"phoneNumber":"0123456788","address":null,"profilePic":null,"private":false,"verified":false,"role":0,"accountStatus":true,"lastLogin":"2025-06-22T16:08:09.291Z","createdAt":"2025-06-22T03:44:47.718Z","updatedAt":"2025-06-22T16:08:09.292Z","followersCount":0,"followingsCount":0},{"id":"e7b38cb7-6701-40d9-a3bd-f53fc4d43457","email":"trong2@example.com","username":"ductrong","name":"trong","bio":null,"gender":null,"dob":null,"phoneNumber":null,"address":null,"profilePic":null,"private":false,"verified":false,"role":0,"accountStatus":false,"lastLogin":"2025-06-08T12:20:12.902Z","createdAt":"2025-05-12T12:21:12.261Z","updatedAt":"2025-06-08T12:20:12.905Z","followersCount":3,"followingsCount":0},{"id":"e9d11364-4838-4613-8a69-26196a17"
23:54:04.475 [main] DEBUG org.apache.http.wire -- http-outgoing-7 << "a82c","email":"testernoo2@example.com","username":"janesmithtesstnoo1","name":"Jane Smithtestno1","bio":null,"gender":null,"dob":null,"phoneNumber":"01234567205","address":null,"profilePic":null,"private":false,"verified":false,"role":0,"accountStatus":true,"lastLogin":null,"createdAt":"2025-06-22T04:17:35.172Z","updatedAt":"2025-06-22T04:17:35.174Z","followersCount":1,"followingsCount":0}]}}"
23:54:04.475 [main] DEBUG org.apache.http.impl.conn.PoolingHttpClientConnectionManager -- Connection [id: 7][route: {}->http://localhost:3000] can be kept alive for 5.0 seconds
23:54:04.475 [main] DEBUG org.apache.http.impl.conn.DefaultManagedHttpClientConnection -- http-outgoing-7: set socket timeout to 0
23:54:04.476 [main] DEBUG org.apache.http.impl.conn.PoolingHttpClientConnectionManager -- Connection released: [id: 7][route: {}->http://localhost:3000][total available: 1; route allocated: 1 of 5; total allocated: 1 of 10]
23:54:04.476 [main] DEBUG org.apache.http.impl.conn.PoolingHttpClientConnectionManager -- Connection manager is shutting down
23:54:04.476 [main] DEBUG org.apache.http.impl.conn.DefaultManagedHttpClientConnection -- http-outgoing-7: Close connection
23:54:04.476 [main] DEBUG org.apache.http.impl.conn.PoolingHttpClientConnectionManager -- Connection manager shut down
23:54:04.477 [main] DEBUG com.intuit.karate -- response time in milliseconds: 325
1 < 200
1 < X-Powered-By: Express
1 < Access-Control-Allow-Origin: *
1 < Content-Type: application/json; charset=utf-8
1 < Content-Length: 15483
1 < ETag: W/"3c7b-4mpU9DqXVOSYPzSdL7lC8xZLrKw"
1 < Date: Mon, 23 Jun 2025 16:54:04 GMT
1 < Connection: keep-alive
1 < Keep-Alive: timeout=5
{
  "message": "",
  "statusCode": 200,
  "status": "success",
  "data": {
    "total": 35,
    "page": 1,
    "limit": 9999,
    "totalPages": 1,
    "users": [
      {
        "id": "047b17a4-1e8a-4160-bb8a-db05a94a30cb",
        "email": "testerno1@example.com",
        "username": "johndoetestno1",
        "name": "John Doetesterno1",
        "bio": null,
        "gender": null,
        "dob": null,
        "phoneNumber": "0987654207",
        "address": null,
        "profilePic": null,
        "private": false,
        "verified": false,
        "role": 0,
        "accountStatus": true,
        "lastLogin": null,
        "createdAt": "2025-06-22T04:00:40.803Z",
        "updatedAt": "2025-06-22T04:00:40.804Z",
        "followersCount": 0,
        "followingsCount": 0
      },
      {
        "id": "08515b05-2d3e-4789-ad60-db35525a4970",
        "email": "nam@gmail.com",
        "username": "nam",
        "name": "nam",
        "bio": "Chu tich hoi dong Quan tri 1",
        "gender": null,
        "dob": null,
        "phoneNumber": "0123456789",
        "address": null,
        "profilePic": "https://res.cloudinary.com/dizcvrefo/image/upload/v1749266646/nestjs_uploads/zk9zrpeidnovxibfqdxr.png",
        "private": false,
        "verified": false,
        "role": 0,
        "accountStatus": true,
        "lastLogin": "2025-06-23T16:36:28.159Z",
        "createdAt": "2025-05-22T07:39:58.212Z",
        "updatedAt": "2025-06-23T16:36:28.162Z",
        "followersCount": 2,
        "followingsCount": 5
      },
      {
        "id": "09c10759-ec74-45ca-8274-f1a7f7fdb589",
        "email": "tester1@example.com",
        "username": "johndoetest1",
        "name": "John Doetest",
        "bio": null,
        "gender": null,
        "dob": null,
        "phoneNumber": "0987654322",
        "address": null,
        "profilePic": null,
        "private": false,
        "verified": false,
        "role": 0,
        "accountStatus": true,
        "lastLogin": null,
        "createdAt": "2025-06-22T02:12:16.282Z",
        "updatedAt": "2025-06-22T02:12:16.284Z",
        "followersCount": 0,
        "followingsCount": 0
      },
      {
        "id": "0a37ef43-fee8-41d3-a686-8ab086948695",
        "email": "testit2@gmail.com",
        "username": "johndoe21",
        "name": "John Doe",
        "bio": null,
        "gender": null,
        "dob": null,
        "phoneNumber": "0123456712",
        "address": null,
        "profilePic": null,
        "private": false,
        "verified": false,
        "role": 0,
        "accountStatus": true,
        "lastLogin": "2025-06-22T16:08:09.276Z",
        "createdAt": "2025-06-22T03:45:37.141Z",
        "updatedAt": "2025-06-22T16:08:09.278Z",
        "followersCount": 0,
        "followingsCount": 0
      },
      {
        "id": "1fa871af-f9fe-47b5-b416-4f9c3d544065",
        "email": "testerno2@example.com",
        "username": "janesmithtesstno1",
        "name": "Jane Smithtestno1",
        "bio": null,
        "gender": null,
        "dob": null,
        "phoneNumber": "01234567203",
        "address": null,
        "profilePic": null,
        "private": false,
        "verified": false,
        "role": 0,
        "accountStatus": true,
        "lastLogin": null,
        "createdAt": "2025-06-22T04:00:41.081Z",
        "updatedAt": "2025-06-22T04:00:41.083Z",
        "followersCount": 0,
        "followingsCount": 0
      },
      {
        "id": "272f6b55-5179-4ae3-8563-b4ec10f76715",
        "email": "testit5@gmail.com",
        "username": "johndoe2d5d",
        "name": "John Doe",
        "bio": null,
        "gender": null,
        "dob": null,
        "phoneNumber": "0123456132",
        "address": null,
        "profilePic": null,
        "private": false,
        "verified": false,
        "role": 0,
        "accountStatus": true,
        "lastLogin": "2025-06-22T16:08:10.247Z",
        "createdAt": "2025-06-22T14:55:01.797Z",
        "updatedAt": "2025-06-22T16:08:10.249Z",
        "followersCount": 0,
        "followingsCount": 0
      },
      {
        "id": "2aa10f99-aba5-4a4b-94d4-d0ceaf78f931",
        "email": "testerno24@example.com",
        "username": "johndoeno24",
        "name": "<script>alert(\"xss-test\")</script>",
        "bio": null,
        "gender": null,
        "dob": null,
        "phoneNumber": "0987311111",
        "address": null,
        "profilePic": null,
        "private": false,
        "verified": false,
        "role": 0,
        "accountStatus": true,
        "lastLogin": null,
        "createdAt": "2025-06-22T04:00:43.070Z",
        "updatedAt": "2025-06-22T04:00:43.072Z",
        "followersCount": 0,
        "followingsCount": 0
      },
      {
        "id": "2b84aa24-668a-40e2-af1c-ad4fc4fa5a6f",
        "email": "quang1@gmail.com",
        "username": "quang1",
        "name": "quang1",
        "bio": "Thang Nam Lao Vua Thoi",
        "gender": null,
        "dob": null,
        "phoneNumber": "09874563210",
        "address": null,
        "profilePic": "https://res.cloudinary.com/dizcvrefo/image/upload/v1749027586/nestjs_uploads/xehairydt9rzlbmbmv4c.jpg",
        "private": false,
        "verified": false,
        "role": 0,
        "accountStatus": true,
        "lastLogin": "2025-06-22T16:08:09.419Z",
        "createdAt": "2025-05-22T15:21:16.815Z",
        "updatedAt": "2025-06-22T16:08:09.421Z",
        "followersCount": 2,
        "followingsCount": 3
      },
      {
        "id": "2bd7ed70-b2ce-4c1b-8451-e9498b059290",
        "email": "testerno22@example.com",
        "username": "johndoe223",
        "name": "This is a very long12 name that exceeds the maximum length of fifty characters allowed in the system",
        "bio": null,
        "gender": null,
        "dob": null,
        "phoneNumber": "0987654331",
        "address": null,
        "profilePic": null,
        "private": false,
        "verified": false,
        "role": 0,
        "accountStatus": true,
        "lastLogin": null,
        "createdAt": "2025-06-22T04:00:42.587Z",
        "updatedAt": "2025-06-22T04:00:42.589Z",
        "followersCount": 0,
        "followingsCount": 0
      },
      {
        "id": "2dda0439-5180-45aa-917f-e632e45a8e41",
        "email": "test@example.com",
        "username": "johndoe",
        "name": "John Doe",
        "bio": null,
        "gender": null,
        "dob": null,
        "phoneNumber": "0987654321",
        "address": null,
        "profilePic": null,
        "private": false,
        "verified": false,
        "role": 0,
        "accountStatus": true,
        "lastLogin": "2025-06-22T16:08:06.447Z",
        "createdAt": "2025-06-17T15:18:30.181Z",
        "updatedAt": "2025-06-22T16:08:06.448Z",
        "followersCount": 0,
        "followingsCount": 0
      },
      {
        "id": "526d120c-c237-4514-ae9a-ed7a63034c7e",
        "email": "user1@gmail.com",
        "username": "userno1",
        "name": "John Doe",
        "bio": null,
        "gender": null,
        "dob": null,
        "phoneNumber": "0123341233",
        "address": null,
        "profilePic": null,
        "private": false,
        "verified": false,
        "role": 0,
        "accountStatus": true,
        "lastLogin": "2025-06-23T07:47:55.578Z",
        "createdAt": "2025-06-23T06:38:35.306Z",
        "updatedAt": "2025-06-23T07:47:55.579Z",
        "followersCount": 0,
        "followingsCount": 0
      },
      {
        "id": "58ca226b-5a4c-41f5-b3f5-ec3723d14ca3",
        "email": "testerno23@example.com",
        "username": "johndoe12' OR '1'='1",
        "name": "John Doeno23",
        "bio": null,
        "gender": null,
        "dob": null,
        "phoneNumber": "0987654111",
        "address": null,
        "profilePic": null,
        "private": false,
        "verified": false,
        "role": 0,
        "accountStatus": true,
        "lastLogin": null,
        "createdAt": "2025-06-22T04:00:42.785Z",
        "updatedAt": "2025-06-22T04:00:42.786Z",
        "followersCount": 0,
        "followingsCount": 0
      },
      {
        "id": "5fc830ab-3cc6-4342-8bd2-3dce7848c5f3",
        "email": "test29@example.com",
        "username": "johndoe29",
        "name": "John Doe",
        "bio": null,
        "gender": null,
        "dob": null,
        "phoneNumber": "0000000000",
        "address": null,
        "profilePic": null,
        "private": false,
        "verified": false,
        "role": 0,
        "accountStatus": true,
        "lastLogin": null,
        "createdAt": "2025-06-17T15:25:20.993Z",
        "updatedAt": "2025-06-17T15:25:20.995Z",
        "followersCount": 0,
        "followingsCount": 0
      },
      {
        "id": "610ce6fa-a9f1-45e5-aa5c-1bca2698d5ad",
        "email": "tester21@example.com",
        "username": "johndoe12",
        "name": "John Doe12",
        "bio": null,
        "gender": null,
        "dob": null,
        "phoneNumber": "0987654325",
        "address": null,
        "profilePic": null,
        "private": false,
        "verified": false,
        "role": 0,
        "accountStatus": true,
        "lastLogin": null,
        "createdAt": "2025-06-22T02:12:17.090Z",
        "updatedAt": "2025-06-22T02:12:17.092Z",
        "followersCount": 0,
        "followingsCount": 0
      },
      {
        "id": "622915d5-6a10-4179-8a85-e333bf55718e",
        "email": "testernoo1@example.com",
        "username": "johndoetestnoo1",
        "name": "John Doetesternoo1",
        "bio": null,
        "gender": null,
        "dob": null,
        "phoneNumber": "0987654208",
        "address": null,
        "profilePic": null,
        "private": false,
        "verified": false,
        "role": 0,
        "accountStatus": true,
        "lastLogin": null,
        "createdAt": "2025-06-22T04:09:27.764Z",
        "updatedAt": "2025-06-22T04:09:27.765Z",
        "followersCount": 0,
        "followingsCount": 0
      },
      {
        "id": "650ce1ed-aaca-438f-9988-1f058ab5aa1a",
        "email": "testit3@gmail.com",
        "username": "johndoe25",
        "name": "John Doe",
        "bio": null,
        "gender": null,
        "dob": null,
        "phoneNumber": "0123456713",
        "address": null,
        "profilePic": null,
        "private": false,
        "verified": false,
        "role": 0,
        "accountStatus": true,
        "lastLogin": "2025-06-22T16:08:09.513Z",
        "createdAt": "2025-06-22T03:46:06.873Z",
        "updatedAt": "2025-06-22T16:08:09.515Z",
        "followersCount": 0,
        "followingsCount": 0
      },
      {
        "id": "6aac5539-aab7-4872-b540-8afea731f026",
        "email": "testerno9@example.com",
        "username": "johndoeno9",
        "name": "John Doe",
        "bio": null,
        "gender": null,
        "dob": null,
        "phoneNumber": "0987654456",
        "address": null,
        "profilePic": null,
        "private": false,
        "verified": false,
        "role": 0,
        "accountStatus": true,
        "lastLogin": null,
        "createdAt": "2025-06-22T04:00:41.466Z",
        "updatedAt": "2025-06-22T04:00:41.468Z",
        "followersCount": 0,
        "followingsCount": 0
      },
      {
        "id": "724bd032-59fc-4131-bb59-1017ba5e0ea7",
        "email": "testernoo21@example.com",
        "username": "johndoe123as",
        "name": "John Doe123",
        "bio": null,
        "gender": null,
        "dob": null,
        "phoneNumber": "0987123986",
        "address": null,
        "profilePic": null,
        "private": false,
        "verified": false,
        "role": 0,
        "accountStatus": true,
        "lastLogin": null,
        "createdAt": "2025-06-22T04:17:36.235Z",
        "updatedAt": "2025-06-22T04:17:36.237Z",
        "followersCount": 0,
        "followingsCount": 0
      },
      {
        "id": "8016bf30-d659-44bd-8ea0-b2c050ada254",
        "email": "testerno21@example.com",
        "username": "johndoe123",
        "name": "John Doe123",
        "bio": null,
        "gender": null,
        "dob": null,
        "phoneNumber": "0987123456",
        "address": null,
        "profilePic": null,
        "private": false,
        "verified": false,
        "role": 0,
        "accountStatus": true,
        "lastLogin": null,
        "createdAt": "2025-06-22T04:00:42.368Z",
        "updatedAt": "2025-06-22T04:00:42.369Z",
        "followersCount": 0,
        "followingsCount": 0
      },
      {
        "id": "89a4e1b0-4410-443e-8a78-4820ae83b70e",
        "email": "testernoo3@example.com",
        "username": "johndoetestnoo3",
        "name": "John Doetesternoo3",
        "bio": null,
        "gender": null,
        "dob": null,
        "phoneNumber": "0987654209",
        "address": null,
        "profilePic": null,
        "private": false,
        "verified": false,
        "role": 0,
        "accountStatus": true,
        "lastLogin": null,
        "createdAt": "2025-06-22T04:17:34.945Z",
        "updatedAt": "2025-06-22T04:17:34.947Z",
        "followersCount": 0,
        "followingsCount": 0
      },
      {
        "id": "89d2b816-1f5a-40cf-b5bc-86ef41a5cae7",
        "email": "testit6@gmail.com",
        "username": "johndoe2sd5d",
        "name": "John Doe",
        "bio": null,
        "gender": null,
        "dob": null,
        "phoneNumber": "0123416132",
        "address": null,
        "profilePic": null,
        "private": false,
        "verified": false,
        "role": 0,
        "accountStatus": true,
        "lastLogin": null,
        "createdAt": "2025-06-22T15:15:58.472Z",
        "updatedAt": "2025-06-22T15:15:58.473Z",
        "followersCount": 0,
        "followingsCount": 0
      },
      {
        "id": "8a247461-5c04-421d-98f5-fa9c734faea5",
        "email": "test2@example.com",
        "username": "janesmith",
        "name": "Jane Smith",
        "bio": null,
        "gender": null,
        "dob": null,
        "phoneNumber": "01234567890",
        "address": null,
        "profilePic": null,
        "private": false,
        "verified": false,
        "role": 0,
        "accountStatus": true,
        "lastLogin": "2025-06-22T16:08:06.417Z",
        "createdAt": "2025-06-17T15:25:19.580Z",
        "updatedAt": "2025-06-22T16:08:06.418Z",
        "followersCount": 0,
        "followingsCount": 0
      },
      {
        "id": "9046076b-fd80-4575-b26e-03867cc846c8",
        "email": "testernoo20@example.com",
        "username": "john@doe2221",
        "name": "John Doe221",
        "bio": null,
        "gender": null,
        "dob": null,
        "phoneNumber": "0987654458",
        "address": null,
        "profilePic": null,
        "private": false,
        "verified": false,
        "role": 0,
        "accountStatus": true,
        "lastLogin": null,
        "createdAt": "2025-06-22T04:17:36.049Z",
        "updatedAt": "2025-06-22T04:17:36.051Z",
        "followersCount": 0,
        "followingsCount": 0
      },
      {
        "id": "90828da7-0f41-4227-990d-394f19c963e4",
        "email": "testerno20@example.com",
        "username": "john@doe222",
        "name": "John Doe22",
        "bio": null,
        "gender": null,
        "dob": null,
        "phoneNumber": "0987654302",
        "address": null,
        "profilePic": null,
        "private": false,
        "verified": false,
        "role": 0,
        "accountStatus": true,
        "lastLogin": null,
        "createdAt": "2025-06-22T04:00:42.119Z",
        "updatedAt": "2025-06-22T04:00:42.121Z",
        "followersCount": 0,
        "followingsCount": 0
      },
      {
        "id": "9a26976c-1532-4df3-a16e-7631525c8502",
        "email": "testit4@gmail.com",
        "username": "johndoe2d5",
        "name": "John Doe",
        "bio": null,
        "gender": null,
        "dob": null,
        "phoneNumber": "0123456212",
        "address": null,
        "profilePic": null,
        "private": false,
        "verified": false,
        "role": 0,
        "accountStatus": true,
        "lastLogin": "2025-06-22T16:08:04.414Z",
        "createdAt": "2025-06-22T14:54:02.893Z",
        "updatedAt": "2025-06-22T16:08:04.415Z",
        "followersCount": 0,
        "followingsCount": 0
      },
      {
        "id": "9d86c52d-4ad6-4386-a1ac-a54bcd0987bc",
        "email": "testernoo9@example.com",
        "username": "johndoenoo9",
        "name": "John Doe",
        "bio": null,
        "gender": null,
        "dob": null,
        "phoneNumber": "0987654478",
        "address": null,
        "profilePic": null,
        "private": false,
        "verified": false,
        "role": 0,
        "accountStatus": true,
        "lastLogin": null,
        "createdAt": "2025-06-22T04:17:35.561Z",
        "updatedAt": "2025-06-22T04:17:35.564Z",
        "followersCount": 1,
        "followingsCount": 0
      },
      {
        "id": "a00eebf9-32b9-4ff9-a1be-467a04e8530c",
        "email": "user@gmail.com",
        "username": "user1",
        "name": "John Doe",
        "bio": null,
        "gender": null,
        "dob": null,
        "phoneNumber": "0123342233",
        "address": null,
        "profilePic": null,
        "private": false,
        "verified": false,
        "role": 0,
        "accountStatus": true,
        "lastLogin": "2025-06-23T06:10:03.258Z",
        "createdAt": "2025-06-23T05:56:37.374Z",
        "updatedAt": "2025-06-23T06:15:29.882Z",
        "followersCount": 0,
        "followingsCount": 0
      },
      {
        "id": "a753065b-8c36-48e3-913b-153b6d0fdef4",
        "email": "testernoo22@example.com",
        "username": "johndoe2233",
        "name": "This is a very l13ong12 name that exceeds the maximum length of fifty characters allowed in the system",
        "bio": null,
        "gender": null,
        "dob": null,
        "phoneNumber": "0987654888",
        "address": null,
        "profilePic": null,
        "private": false,
        "verified": false,
        "role": 0,
        "accountStatus": true,
        "lastLogin": null,
        "createdAt": "2025-06-22T04:17:36.442Z",
        "updatedAt": "2025-06-22T04:17:36.444Z",
        "followersCount": 0,
        "followingsCount": 0
      },
      {
        "id": "a9256bd9-faf8-4130-ab9f-dbc589fec8d9",
        "email": "testernoo23@example.com",
        "username": "johndoed12' OR '1'='1",
        "name": "John Doeno23",
        "bio": null,
        "gender": null,
        "dob": null,
        "phoneNumber": "0987654155",
        "address": null,
        "profilePic": null,
        "private": false,
        "verified": false,
        "role": 0,
        "accountStatus": true,
        "lastLogin": null,
        "createdAt": "2025-06-22T04:17:36.627Z",
        "updatedAt": "2025-06-22T04:17:36.629Z",
        "followersCount": 0,
        "followingsCount": 0
      },
      {
        "id": "c21422df-ccec-440e-9a42-c1b82abf733d",
        "email": "test28@example.com",
        "username": "johndoe28",
        "name": "John Doe",
        "bio": null,
        "gender": null,
        "dob": null,
        "phoneNumber": "84987654321",
        "address": null,
        "profilePic": null,
        "private": false,
        "verified": false,
        "role": 0,
        "accountStatus": true,
        "lastLogin": "2025-06-22T16:08:05.268Z",
        "createdAt": "2025-06-17T15:25:20.801Z",
        "updatedAt": "2025-06-22T16:08:05.270Z",
        "followersCount": 0,
        "followingsCount": 0
      },
      {
        "id": "dacf294e-491b-47ff-bd74-bfe5ddbfbdf9",
        "email": "chinh@gmail.com",
        "username": "chinh",
        "name": "chinh than",
        "bio": "thich vivu",
        "gender": null,
        "dob": null,
        "phoneNumber": null,
        "address": null,
        "profilePic": "https://hebbkx1anhila5yf.public.blob.vercel-storage.com/image-hiZZ98WEvmBOkk3oAqffc3ReiwtEIO.png",
        "private": false,
        "verified": false,
        "role": 0,
        "accountStatus": true,
        "lastLogin": "2025-05-30T09:41:34.086Z",
        "createdAt": "2025-05-17T09:18:22.877Z",
        "updatedAt": "2025-05-30T09:41:34.088Z",
        "followersCount": 2,
        "followingsCount": 3
      },
      {
        "id": "dd20c23c-5357-4e50-bbf4-b02a45fae4f2",
        "email": "testi12t@gmail.com",
        "username": "johndoe2s5da",
        "name": "John Doe",
        "bio": null,
        "gender": null,
        "dob": null,
        "phoneNumber": "0123416932",
        "address": null,
        "profilePic": null,
        "private": false,
        "verified": false,
        "role": 0,
        "accountStatus": true,
        "lastLogin": "2025-06-23T04:05:13.587Z",
        "createdAt": "2025-06-23T03:47:50.381Z",
        "updatedAt": "2025-06-23T04:15:09.238Z",
        "followersCount": 0,
        "followingsCount": 0
      },
      {
        "id": "df6f0919-a23d-44c9-a925-4ea8be525d10",
        "email": "testit@gmail.com",
        "username": "johndoe23",
        "name": "John Doe",
        "bio": null,
        "gender": null,
        "dob": null,
        "phoneNumber": "0123456788",
        "address": null,
        "profilePic": null,
        "private": false,
        "verified": false,
        "role": 0,
        "accountStatus": true,
        "lastLogin": "2025-06-22T16:08:09.291Z",
        "createdAt": "2025-06-22T03:44:47.718Z",
        "updatedAt": "2025-06-22T16:08:09.292Z",
        "followersCount": 0,
        "followingsCount": 0
      },
      {
        "id": "e7b38cb7-6701-40d9-a3bd-f53fc4d43457",
        "email": "trong2@example.com",
        "username": "ductrong",
        "name": "trong",
        "bio": null,
        "gender": null,
        "dob": null,
        "phoneNumber": null,
        "address": null,
        "profilePic": null,
        "private": false,
        "verified": false,
        "role": 0,
        "accountStatus": false,
        "lastLogin": "2025-06-08T12:20:12.902Z",
        "createdAt": "2025-05-12T12:21:12.261Z",
        "updatedAt": "2025-06-08T12:20:12.905Z",
        "followersCount": 3,
        "followingsCount": 0
      },
      {
        "id": "e9d11364-4838-4613-8a69-26196a17a82c",
        "email": "testernoo2@example.com",
        "username": "janesmithtesstnoo1",
        "name": "Jane Smithtestno1",
        "bio": null,
        "gender": null,
        "dob": null,
        "phoneNumber": "01234567205",
        "address": null,
        "profilePic": null,
        "private": false,
        "verified": false,
        "role": 0,
        "accountStatus": true,
        "lastLogin": null,
        "createdAt": "2025-06-22T04:17:35.172Z",
        "updatedAt": "2025-06-22T04:17:35.174Z",
        "followersCount": 1,
        "followingsCount": 0
      }
    ]
  }
}


23:54:04.480 [main] INFO com.intuit.karate -- [print] Calling getUsers API v?i bearerToken: eyJhbGciOiJIUzI1NiIsInR5cCI6IkpXVCJ9.eyJzdWIiOiJmNjI4NDUzMi04ZjFlLTRiMDUtYWM1NC1kODAzNzM4NmU4MGMiLCJ1c2VybmFtZSI6InVzZXJubzIiLCJyb2xlIjowLCJpYXQiOjE3NTA2OTQzNTQsImV4cCI6MTc1MDY5Nzk1NH0.cn4pcMTzJbKyd0aw-bN_KvZNRCfEwxef9wljw6vUgkw 
23:54:04.480 [main] INFO com.intuit.karate -- [print] Query params: {
  "page": "1",
  "limit": "9999"
}
 
23:54:04.481 [main] INFO com.intuit.karate -- [print] Response status: 200 body: {
  "message": "",
  "statusCode": 200,
  "status": "success",
  "data": {
    "total": 35,
    "page": 1,
    "limit": 9999,
    "totalPages": 1,
    "users": [
      {
        "id": "047b17a4-1e8a-4160-bb8a-db05a94a30cb",
        "email": "testerno1@example.com",
        "username": "johndoetestno1",
        "name": "John Doetesterno1",
        "bio": null,
        "gender": null,
        "dob": null,
        "phoneNumber": "0987654207",
        "address": null,
        "profilePic": null,
        "private": false,
        "verified": false,
        "role": 0,
        "accountStatus": true,
        "lastLogin": null,
        "createdAt": "2025-06-22T04:00:40.803Z",
        "updatedAt": "2025-06-22T04:00:40.804Z",
        "followersCount": 0,
        "followingsCount": 0
      },
      {
        "id": "08515b05-2d3e-4789-ad60-db35525a4970",
        "email": "nam@gmail.com",
        "username": "nam",
        "name": "nam",
        "bio": "Chu tich hoi dong Quan tri 1",
        "gender": null,
        "dob": null,
        "phoneNumber": "0123456789",
        "address": null,
        "profilePic": "https://res.cloudinary.com/dizcvrefo/image/upload/v1749266646/nestjs_uploads/zk9zrpeidnovxibfqdxr.png",
        "private": false,
        "verified": false,
        "role": 0,
        "accountStatus": true,
        "lastLogin": "2025-06-23T16:36:28.159Z",
        "createdAt": "2025-05-22T07:39:58.212Z",
        "updatedAt": "2025-06-23T16:36:28.162Z",
        "followersCount": 2,
        "followingsCount": 5
      },
      {
        "id": "09c10759-ec74-45ca-8274-f1a7f7fdb589",
        "email": "tester1@example.com",
        "username": "johndoetest1",
        "name": "John Doetest",
        "bio": null,
        "gender": null,
        "dob": null,
        "phoneNumber": "0987654322",
        "address": null,
        "profilePic": null,
        "private": false,
        "verified": false,
        "role": 0,
        "accountStatus": true,
        "lastLogin": null,
        "createdAt": "2025-06-22T02:12:16.282Z",
        "updatedAt": "2025-06-22T02:12:16.284Z",
        "followersCount": 0,
        "followingsCount": 0
      },
      {
        "id": "0a37ef43-fee8-41d3-a686-8ab086948695",
        "email": "testit2@gmail.com",
        "username": "johndoe21",
        "name": "John Doe",
        "bio": null,
        "gender": null,
        "dob": null,
        "phoneNumber": "0123456712",
        "address": null,
        "profilePic": null,
        "private": false,
        "verified": false,
        "role": 0,
        "accountStatus": true,
        "lastLogin": "2025-06-22T16:08:09.276Z",
        "createdAt": "2025-06-22T03:45:37.141Z",
        "updatedAt": "2025-06-22T16:08:09.278Z",
        "followersCount": 0,
        "followingsCount": 0
      },
      {
        "id": "1fa871af-f9fe-47b5-b416-4f9c3d544065",
        "email": "testerno2@example.com",
        "username": "janesmithtesstno1",
        "name": "Jane Smithtestno1",
        "bio": null,
        "gender": null,
        "dob": null,
        "phoneNumber": "01234567203",
        "address": null,
        "profilePic": null,
        "private": false,
        "verified": false,
        "role": 0,
        "accountStatus": true,
        "lastLogin": null,
        "createdAt": "2025-06-22T04:00:41.081Z",
        "updatedAt": "2025-06-22T04:00:41.083Z",
        "followersCount": 0,
        "followingsCount": 0
      },
      {
        "id": "272f6b55-5179-4ae3-8563-b4ec10f76715",
        "email": "testit5@gmail.com",
        "username": "johndoe2d5d",
        "name": "John Doe",
        "bio": null,
        "gender": null,
        "dob": null,
        "phoneNumber": "0123456132",
        "address": null,
        "profilePic": null,
        "private": false,
        "verified": false,
        "role": 0,
        "accountStatus": true,
        "lastLogin": "2025-06-22T16:08:10.247Z",
        "createdAt": "2025-06-22T14:55:01.797Z",
        "updatedAt": "2025-06-22T16:08:10.249Z",
        "followersCount": 0,
        "followingsCount": 0
      },
      {
        "id": "2aa10f99-aba5-4a4b-94d4-d0ceaf78f931",
        "email": "testerno24@example.com",
        "username": "johndoeno24",
        "name": "<script>alert(\"xss-test\")</script>",
        "bio": null,
        "gender": null,
        "dob": null,
        "phoneNumber": "0987311111",
        "address": null,
        "profilePic": null,
        "private": false,
        "verified": false,
        "role": 0,
        "accountStatus": true,
        "lastLogin": null,
        "createdAt": "2025-06-22T04:00:43.070Z",
        "updatedAt": "2025-06-22T04:00:43.072Z",
        "followersCount": 0,
        "followingsCount": 0
      },
      {
        "id": "2b84aa24-668a-40e2-af1c-ad4fc4fa5a6f",
        "email": "quang1@gmail.com",
        "username": "quang1",
        "name": "quang1",
        "bio": "Thang Nam Lao Vua Thoi",
        "gender": null,
        "dob": null,
        "phoneNumber": "09874563210",
        "address": null,
        "profilePic": "https://res.cloudinary.com/dizcvrefo/image/upload/v1749027586/nestjs_uploads/xehairydt9rzlbmbmv4c.jpg",
        "private": false,
        "verified": false,
        "role": 0,
        "accountStatus": true,
        "lastLogin": "2025-06-22T16:08:09.419Z",
        "createdAt": "2025-05-22T15:21:16.815Z",
        "updatedAt": "2025-06-22T16:08:09.421Z",
        "followersCount": 2,
        "followingsCount": 3
      },
      {
        "id": "2bd7ed70-b2ce-4c1b-8451-e9498b059290",
        "email": "testerno22@example.com",
        "username": "johndoe223",
        "name": "This is a very long12 name that exceeds the maximum length of fifty characters allowed in the system",
        "bio": null,
        "gender": null,
        "dob": null,
        "phoneNumber": "0987654331",
        "address": null,
        "profilePic": null,
        "private": false,
        "verified": false,
        "role": 0,
        "accountStatus": true,
        "lastLogin": null,
        "createdAt": "2025-06-22T04:00:42.587Z",
        "updatedAt": "2025-06-22T04:00:42.589Z",
        "followersCount": 0,
        "followingsCount": 0
      },
      {
        "id": "2dda0439-5180-45aa-917f-e632e45a8e41",
        "email": "test@example.com",
        "username": "johndoe",
        "name": "John Doe",
        "bio": null,
        "gender": null,
        "dob": null,
        "phoneNumber": "0987654321",
        "address": null,
        "profilePic": null,
        "private": false,
        "verified": false,
        "role": 0,
        "accountStatus": true,
        "lastLogin": "2025-06-22T16:08:06.447Z",
        "createdAt": "2025-06-17T15:18:30.181Z",
        "updatedAt": "2025-06-22T16:08:06.448Z",
        "followersCount": 0,
        "followingsCount": 0
      },
      {
        "id": "526d120c-c237-4514-ae9a-ed7a63034c7e",
        "email": "user1@gmail.com",
        "username": "userno1",
        "name": "John Doe",
        "bio": null,
        "gender": null,
        "dob": null,
        "phoneNumber": "0123341233",
        "address": null,
        "profilePic": null,
        "private": false,
        "verified": false,
        "role": 0,
        "accountStatus": true,
        "lastLogin": "2025-06-23T07:47:55.578Z",
        "createdAt": "2025-06-23T06:38:35.306Z",
        "updatedAt": "2025-06-23T07:47:55.579Z",
        "followersCount": 0,
        "followingsCount": 0
      },
      {
        "id": "58ca226b-5a4c-41f5-b3f5-ec3723d14ca3",
        "email": "testerno23@example.com",
        "username": "johndoe12' OR '1'='1",
        "name": "John Doeno23",
        "bio": null,
        "gender": null,
        "dob": null,
        "phoneNumber": "0987654111",
        "address": null,
        "profilePic": null,
        "private": false,
        "verified": false,
        "role": 0,
        "accountStatus": true,
        "lastLogin": null,
        "createdAt": "2025-06-22T04:00:42.785Z",
        "updatedAt": "2025-06-22T04:00:42.786Z",
        "followersCount": 0,
        "followingsCount": 0
      },
      {
        "id": "5fc830ab-3cc6-4342-8bd2-3dce7848c5f3",
        "email": "test29@example.com",
        "username": "johndoe29",
        "name": "John Doe",
        "bio": null,
        "gender": null,
        "dob": null,
        "phoneNumber": "0000000000",
        "address": null,
        "profilePic": null,
        "private": false,
        "verified": false,
        "role": 0,
        "accountStatus": true,
        "lastLogin": null,
        "createdAt": "2025-06-17T15:25:20.993Z",
        "updatedAt": "2025-06-17T15:25:20.995Z",
        "followersCount": 0,
        "followingsCount": 0
      },
      {
        "id": "610ce6fa-a9f1-45e5-aa5c-1bca2698d5ad",
        "email": "tester21@example.com",
        "username": "johndoe12",
        "name": "John Doe12",
        "bio": null,
        "gender": null,
        "dob": null,
        "phoneNumber": "0987654325",
        "address": null,
        "profilePic": null,
        "private": false,
        "verified": false,
        "role": 0,
        "accountStatus": true,
        "lastLogin": null,
        "createdAt": "2025-06-22T02:12:17.090Z",
        "updatedAt": "2025-06-22T02:12:17.092Z",
        "followersCount": 0,
        "followingsCount": 0
      },
      {
        "id": "622915d5-6a10-4179-8a85-e333bf55718e",
        "email": "testernoo1@example.com",
        "username": "johndoetestnoo1",
        "name": "John Doetesternoo1",
        "bio": null,
        "gender": null,
        "dob": null,
        "phoneNumber": "0987654208",
        "address": null,
        "profilePic": null,
        "private": false,
        "verified": false,
        "role": 0,
        "accountStatus": true,
        "lastLogin": null,
        "createdAt": "2025-06-22T04:09:27.764Z",
        "updatedAt": "2025-06-22T04:09:27.765Z",
        "followersCount": 0,
        "followingsCount": 0
      },
      {
        "id": "650ce1ed-aaca-438f-9988-1f058ab5aa1a",
        "email": "testit3@gmail.com",
        "username": "johndoe25",
        "name": "John Doe",
        "bio": null,
        "gender": null,
        "dob": null,
        "phoneNumber": "0123456713",
        "address": null,
        "profilePic": null,
        "private": false,
        "verified": false,
        "role": 0,
        "accountStatus": true,
        "lastLogin": "2025-06-22T16:08:09.513Z",
        "createdAt": "2025-06-22T03:46:06.873Z",
        "updatedAt": "2025-06-22T16:08:09.515Z",
        "followersCount": 0,
        "followingsCount": 0
      },
      {
        "id": "6aac5539-aab7-4872-b540-8afea731f026",
        "email": "testerno9@example.com",
        "username": "johndoeno9",
        "name": "John Doe",
        "bio": null,
        "gender": null,
        "dob": null,
        "phoneNumber": "0987654456",
        "address": null,
        "profilePic": null,
        "private": false,
        "verified": false,
        "role": 0,
        "accountStatus": true,
        "lastLogin": null,
        "createdAt": "2025-06-22T04:00:41.466Z",
        "updatedAt": "2025-06-22T04:00:41.468Z",
        "followersCount": 0,
        "followingsCount": 0
      },
      {
        "id": "724bd032-59fc-4131-bb59-1017ba5e0ea7",
        "email": "testernoo21@example.com",
        "username": "johndoe123as",
        "name": "John Doe123",
        "bio": null,
        "gender": null,
        "dob": null,
        "phoneNumber": "0987123986",
        "address": null,
        "profilePic": null,
        "private": false,
        "verified": false,
        "role": 0,
        "accountStatus": true,
        "lastLogin": null,
        "createdAt": "2025-06-22T04:17:36.235Z",
        "updatedAt": "2025-06-22T04:17:36.237Z",
        "followersCount": 0,
        "followingsCount": 0
      },
      {
        "id": "8016bf30-d659-44bd-8ea0-b2c050ada254",
        "email": "testerno21@example.com",
        "username": "johndoe123",
        "name": "John Doe123",
        "bio": null,
        "gender": null,
        "dob": null,
        "phoneNumber": "0987123456",
        "address": null,
        "profilePic": null,
        "private": false,
        "verified": false,
        "role": 0,
        "accountStatus": true,
        "lastLogin": null,
        "createdAt": "2025-06-22T04:00:42.368Z",
        "updatedAt": "2025-06-22T04:00:42.369Z",
        "followersCount": 0,
        "followingsCount": 0
      },
      {
        "id": "89a4e1b0-4410-443e-8a78-4820ae83b70e",
        "email": "testernoo3@example.com",
        "username": "johndoetestnoo3",
        "name": "John Doetesternoo3",
        "bio": null,
        "gender": null,
        "dob": null,
        "phoneNumber": "0987654209",
        "address": null,
        "profilePic": null,
        "private": false,
        "verified": false,
        "role": 0,
        "accountStatus": true,
        "lastLogin": null,
        "createdAt": "2025-06-22T04:17:34.945Z",
        "updatedAt": "2025-06-22T04:17:34.947Z",
        "followersCount": 0,
        "followingsCount": 0
      },
      {
        "id": "89d2b816-1f5a-40cf-b5bc-86ef41a5cae7",
        "email": "testit6@gmail.com",
        "username": "johndoe2sd5d",
        "name": "John Doe",
        "bio": null,
        "gender": null,
        "dob": null,
        "phoneNumber": "0123416132",
        "address": null,
        "profilePic": null,
        "private": false,
        "verified": false,
        "role": 0,
        "accountStatus": true,
        "lastLogin": null,
        "createdAt": "2025-06-22T15:15:58.472Z",
        "updatedAt": "2025-06-22T15:15:58.473Z",
        "followersCount": 0,
        "followingsCount": 0
      },
      {
        "id": "8a247461-5c04-421d-98f5-fa9c734faea5",
        "email": "test2@example.com",
        "username": "janesmith",
        "name": "Jane Smith",
        "bio": null,
        "gender": null,
        "dob": null,
        "phoneNumber": "01234567890",
        "address": null,
        "profilePic": null,
        "private": false,
        "verified": false,
        "role": 0,
        "accountStatus": true,
        "lastLogin": "2025-06-22T16:08:06.417Z",
        "createdAt": "2025-06-17T15:25:19.580Z",
        "updatedAt": "2025-06-22T16:08:06.418Z",
        "followersCount": 0,
        "followingsCount": 0
      },
      {
        "id": "9046076b-fd80-4575-b26e-03867cc846c8",
        "email": "testernoo20@example.com",
        "username": "john@doe2221",
        "name": "John Doe221",
        "bio": null,
        "gender": null,
        "dob": null,
        "phoneNumber": "0987654458",
        "address": null,
        "profilePic": null,
        "private": false,
        "verified": false,
        "role": 0,
        "accountStatus": true,
        "lastLogin": null,
        "createdAt": "2025-06-22T04:17:36.049Z",
        "updatedAt": "2025-06-22T04:17:36.051Z",
        "followersCount": 0,
        "followingsCount": 0
      },
      {
        "id": "90828da7-0f41-4227-990d-394f19c963e4",
        "email": "testerno20@example.com",
        "username": "john@doe222",
        "name": "John Doe22",
        "bio": null,
        "gender": null,
        "dob": null,
        "phoneNumber": "0987654302",
        "address": null,
        "profilePic": null,
        "private": false,
        "verified": false,
        "role": 0,
        "accountStatus": true,
        "lastLogin": null,
        "createdAt": "2025-06-22T04:00:42.119Z",
        "updatedAt": "2025-06-22T04:00:42.121Z",
        "followersCount": 0,
        "followingsCount": 0
      },
      {
        "id": "9a26976c-1532-4df3-a16e-7631525c8502",
        "email": "testit4@gmail.com",
        "username": "johndoe2d5",
        "name": "John Doe",
        "bio": null,
        "gender": null,
        "dob": null,
        "phoneNumber": "0123456212",
        "address": null,
        "profilePic": null,
        "private": false,
        "verified": false,
        "role": 0,
        "accountStatus": true,
        "lastLogin": "2025-06-22T16:08:04.414Z",
        "createdAt": "2025-06-22T14:54:02.893Z",
        "updatedAt": "2025-06-22T16:08:04.415Z",
        "followersCount": 0,
        "followingsCount": 0
      },
      {
        "id": "9d86c52d-4ad6-4386-a1ac-a54bcd0987bc",
        "email": "testernoo9@example.com",
        "username": "johndoenoo9",
        "name": "John Doe",
        "bio": null,
        "gender": null,
        "dob": null,
        "phoneNumber": "0987654478",
        "address": null,
        "profilePic": null,
        "private": false,
        "verified": false,
        "role": 0,
        "accountStatus": true,
        "lastLogin": null,
        "createdAt": "2025-06-22T04:17:35.561Z",
        "updatedAt": "2025-06-22T04:17:35.564Z",
        "followersCount": 1,
        "followingsCount": 0
      },
      {
        "id": "a00eebf9-32b9-4ff9-a1be-467a04e8530c",
        "email": "user@gmail.com",
        "username": "user1",
        "name": "John Doe",
        "bio": null,
        "gender": null,
        "dob": null,
        "phoneNumber": "0123342233",
        "address": null,
        "profilePic": null,
        "private": false,
        "verified": false,
        "role": 0,
        "accountStatus": true,
        "lastLogin": "2025-06-23T06:10:03.258Z",
        "createdAt": "2025-06-23T05:56:37.374Z",
        "updatedAt": "2025-06-23T06:15:29.882Z",
        "followersCount": 0,
        "followingsCount": 0
      },
      {
        "id": "a753065b-8c36-48e3-913b-153b6d0fdef4",
        "email": "testernoo22@example.com",
        "username": "johndoe2233",
        "name": "This is a very l13ong12 name that exceeds the maximum length of fifty characters allowed in the system",
        "bio": null,
        "gender": null,
        "dob": null,
        "phoneNumber": "0987654888",
        "address": null,
        "profilePic": null,
        "private": false,
        "verified": false,
        "role": 0,
        "accountStatus": true,
        "lastLogin": null,
        "createdAt": "2025-06-22T04:17:36.442Z",
        "updatedAt": "2025-06-22T04:17:36.444Z",
        "followersCount": 0,
        "followingsCount": 0
      },
      {
        "id": "a9256bd9-faf8-4130-ab9f-dbc589fec8d9",
        "email": "testernoo23@example.com",
        "username": "johndoed12' OR '1'='1",
        "name": "John Doeno23",
        "bio": null,
        "gender": null,
        "dob": null,
        "phoneNumber": "0987654155",
        "address": null,
        "profilePic": null,
        "private": false,
        "verified": false,
        "role": 0,
        "accountStatus": true,
        "lastLogin": null,
        "createdAt": "2025-06-22T04:17:36.627Z",
        "updatedAt": "2025-06-22T04:17:36.629Z",
        "followersCount": 0,
        "followingsCount": 0
      },
      {
        "id": "c21422df-ccec-440e-9a42-c1b82abf733d",
        "email": "test28@example.com",
        "username": "johndoe28",
        "name": "John Doe",
        "bio": null,
        "gender": null,
        "dob": null,
        "phoneNumber": "84987654321",
        "address": null,
        "profilePic": null,
        "private": false,
        "verified": false,
        "role": 0,
        "accountStatus": true,
        "lastLogin": "2025-06-22T16:08:05.268Z",
        "createdAt": "2025-06-17T15:25:20.801Z",
        "updatedAt": "2025-06-22T16:08:05.270Z",
        "followersCount": 0,
        "followingsCount": 0
      },
      {
        "id": "dacf294e-491b-47ff-bd74-bfe5ddbfbdf9",
        "email": "chinh@gmail.com",
        "username": "chinh",
        "name": "chinh than",
        "bio": "thich vivu",
        "gender": null,
        "dob": null,
        "phoneNumber": null,
        "address": null,
        "profilePic": "https://hebbkx1anhila5yf.public.blob.vercel-storage.com/image-hiZZ98WEvmBOkk3oAqffc3ReiwtEIO.png",
        "private": false,
        "verified": false,
        "role": 0,
        "accountStatus": true,
        "lastLogin": "2025-05-30T09:41:34.086Z",
        "createdAt": "2025-05-17T09:18:22.877Z",
        "updatedAt": "2025-05-30T09:41:34.088Z",
        "followersCount": 2,
        "followingsCount": 3
      },
      {
        "id": "dd20c23c-5357-4e50-bbf4-b02a45fae4f2",
        "email": "testi12t@gmail.com",
        "username": "johndoe2s5da",
        "name": "John Doe",
        "bio": null,
        "gender": null,
        "dob": null,
        "phoneNumber": "0123416932",
        "address": null,
        "profilePic": null,
        "private": false,
        "verified": false,
        "role": 0,
        "accountStatus": true,
        "lastLogin": "2025-06-23T04:05:13.587Z",
        "createdAt": "2025-06-23T03:47:50.381Z",
        "updatedAt": "2025-06-23T04:15:09.238Z",
        "followersCount": 0,
        "followingsCount": 0
      },
      {
        "id": "df6f0919-a23d-44c9-a925-4ea8be525d10",
        "email": "testit@gmail.com",
        "username": "johndoe23",
        "name": "John Doe",
        "bio": null,
        "gender": null,
        "dob": null,
        "phoneNumber": "0123456788",
        "address": null,
        "profilePic": null,
        "private": false,
        "verified": false,
        "role": 0,
        "accountStatus": true,
        "lastLogin": "2025-06-22T16:08:09.291Z",
        "createdAt": "2025-06-22T03:44:47.718Z",
        "updatedAt": "2025-06-22T16:08:09.292Z",
        "followersCount": 0,
        "followingsCount": 0
      },
      {
        "id": "e7b38cb7-6701-40d9-a3bd-f53fc4d43457",
        "email": "trong2@example.com",
        "username": "ductrong",
        "name": "trong",
        "bio": null,
        "gender": null,
        "dob": null,
        "phoneNumber": null,
        "address": null,
        "profilePic": null,
        "private": false,
        "verified": false,
        "role": 0,
        "accountStatus": false,
        "lastLogin": "2025-06-08T12:20:12.902Z",
        "createdAt": "2025-05-12T12:21:12.261Z",
        "updatedAt": "2025-06-08T12:20:12.905Z",
        "followersCount": 3,
        "followingsCount": 0
      },
      {
        "id": "e9d11364-4838-4613-8a69-26196a17a82c",
        "email": "testernoo2@example.com",
        "username": "janesmithtesstnoo1",
        "name": "Jane Smithtestno1",
        "bio": null,
        "gender": null,
        "dob": null,
        "phoneNumber": "01234567205",
        "address": null,
        "profilePic": null,
        "private": false,
        "verified": false,
        "role": 0,
        "accountStatus": true,
        "lastLogin": null,
        "createdAt": "2025-06-22T04:17:35.172Z",
        "updatedAt": "2025-06-22T04:17:35.174Z",
        "followersCount": 1,
        "followingsCount": 0
      }
    ]
  }
}
 
23:54:04.482 [main] INFO com.intuit.karate -- ? TEST FAILED - Status mismatch: Expected 400, got 200 
23:54:04.494 [main] INFO com.intuit.karate -- Test case #8 completed - Status: 200 
23:54:04.495 [main] INFO com.intuit.karate -- ?ang ch?y test case #9: TC11: Negative page 
23:54:04.506 [main] INFO com.intuit.karate -- karate.env system property was: null 
23:54:04.509 [main] DEBUG com.jayway.jsonpath.internal.path.CompiledPath -- Evaluating path: $
23:54:04.510 [main] DEBUG com.jayway.jsonpath.internal.path.CompiledPath -- Evaluating path: $
23:54:04.524 [main] DEBUG org.apache.http.client.protocol.RequestAddCookies -- CookieSpec selected: karate
23:54:04.524 [main] DEBUG org.apache.http.client.protocol.RequestAuthCache -- Auth cache not set in the context
23:54:04.524 [main] DEBUG com.intuit.karate -- request:
1 > GET http://localhost:3000/users/get-users?limit=10&page=-1.0
1 > Authorization: Bearer eyJhbGciOiJIUzI1NiIsInR5cCI6IkpXVCJ9.eyJzdWIiOiJmNjI4NDUzMi04ZjFlLTRiMDUtYWM1NC1kODAzNzM4NmU4MGMiLCJ1c2VybmFtZSI6InVzZXJubzIiLCJyb2xlIjowLCJpYXQiOjE3NTA2OTQzNTQsImV4cCI6MTc1MDY5Nzk1NH0.cn4pcMTzJbKyd0aw-bN_KvZNRCfEwxef9wljw6vUgkw
1 > Host: localhost:3000
1 > Connection: Keep-Alive
1 > User-Agent: Apache-HttpClient/4.5.14 (Java/17.0.9)
1 > Accept-Encoding: gzip,deflate


23:54:04.525 [main] DEBUG org.apache.http.impl.conn.PoolingHttpClientConnectionManager -- Connection request: [route: {}->http://localhost:3000][total available: 0; route allocated: 0 of 5; total allocated: 0 of 10]
23:54:04.525 [main] DEBUG org.apache.http.impl.conn.PoolingHttpClientConnectionManager -- Connection leased: [id: 8][route: {}->http://localhost:3000][total available: 0; route allocated: 1 of 5; total allocated: 1 of 10]
23:54:04.525 [main] DEBUG org.apache.http.impl.execchain.MainClientExec -- Opening connection {}->http://localhost:3000
23:54:04.526 [main] DEBUG org.apache.http.impl.conn.DefaultHttpClientConnectionOperator -- Connecting to localhost/127.0.0.1:3000
23:54:04.527 [main] DEBUG org.apache.http.impl.conn.DefaultHttpClientConnectionOperator -- Connection established 127.0.0.1:62892<->127.0.0.1:3000
23:54:04.527 [main] DEBUG org.apache.http.impl.conn.DefaultManagedHttpClientConnection -- http-outgoing-8: set socket timeout to 5000
23:54:04.527 [main] DEBUG org.apache.http.impl.execchain.MainClientExec -- Executing request GET /users/get-users?limit=10&page=-1.0 HTTP/1.1
23:54:04.527 [main] DEBUG org.apache.http.impl.execchain.MainClientExec -- Proxy auth state: UNCHALLENGED
23:54:04.529 [main] DEBUG org.apache.http.headers -- http-outgoing-8 >> GET /users/get-users?limit=10&page=-1.0 HTTP/1.1
23:54:04.529 [main] DEBUG org.apache.http.headers -- http-outgoing-8 >> Authorization: Bearer eyJhbGciOiJIUzI1NiIsInR5cCI6IkpXVCJ9.eyJzdWIiOiJmNjI4NDUzMi04ZjFlLTRiMDUtYWM1NC1kODAzNzM4NmU4MGMiLCJ1c2VybmFtZSI6InVzZXJubzIiLCJyb2xlIjowLCJpYXQiOjE3NTA2OTQzNTQsImV4cCI6MTc1MDY5Nzk1NH0.cn4pcMTzJbKyd0aw-bN_KvZNRCfEwxef9wljw6vUgkw
23:54:04.530 [main] DEBUG org.apache.http.headers -- http-outgoing-8 >> Host: localhost:3000
23:54:04.530 [main] DEBUG org.apache.http.headers -- http-outgoing-8 >> Connection: Keep-Alive
23:54:04.530 [main] DEBUG org.apache.http.headers -- http-outgoing-8 >> User-Agent: Apache-HttpClient/4.5.14 (Java/17.0.9)
23:54:04.530 [main] DEBUG org.apache.http.headers -- http-outgoing-8 >> Accept-Encoding: gzip,deflate
23:54:04.530 [main] DEBUG org.apache.http.wire -- http-outgoing-8 >> "GET /users/get-users?limit=10&page=-1.0 HTTP/1.1[\r][\n]"
23:54:04.530 [main] DEBUG org.apache.http.wire -- http-outgoing-8 >> "Authorization: Bearer eyJhbGciOiJIUzI1NiIsInR5cCI6IkpXVCJ9.eyJzdWIiOiJmNjI4NDUzMi04ZjFlLTRiMDUtYWM1NC1kODAzNzM4NmU4MGMiLCJ1c2VybmFtZSI6InVzZXJubzIiLCJyb2xlIjowLCJpYXQiOjE3NTA2OTQzNTQsImV4cCI6MTc1MDY5Nzk1NH0.cn4pcMTzJbKyd0aw-bN_KvZNRCfEwxef9wljw6vUgkw[\r][\n]"
23:54:04.530 [main] DEBUG org.apache.http.wire -- http-outgoing-8 >> "Host: localhost:3000[\r][\n]"
23:54:04.530 [main] DEBUG org.apache.http.wire -- http-outgoing-8 >> "Connection: Keep-Alive[\r][\n]"
23:54:04.530 [main] DEBUG org.apache.http.wire -- http-outgoing-8 >> "User-Agent: Apache-HttpClient/4.5.14 (Java/17.0.9)[\r][\n]"
23:54:04.531 [main] DEBUG org.apache.http.wire -- http-outgoing-8 >> "Accept-Encoding: gzip,deflate[\r][\n]"
23:54:04.531 [main] DEBUG org.apache.http.wire -- http-outgoing-8 >> "[\r][\n]"
23:54:04.671 [main] DEBUG org.apache.http.wire -- http-outgoing-8 << "HTTP/1.1 200 OK[\r][\n]"
23:54:04.671 [main] DEBUG org.apache.http.wire -- http-outgoing-8 << "X-Powered-By: Express[\r][\n]"
23:54:04.671 [main] DEBUG org.apache.http.wire -- http-outgoing-8 << "Access-Control-Allow-Origin: *[\r][\n]"
23:54:04.671 [main] DEBUG org.apache.http.wire -- http-outgoing-8 << "Content-Type: application/json; charset=utf-8[\r][\n]"
23:54:04.671 [main] DEBUG org.apache.http.wire -- http-outgoing-8 << "Content-Length: 4710[\r][\n]"
23:54:04.671 [main] DEBUG org.apache.http.wire -- http-outgoing-8 << "ETag: W/"1266-eCTAhJmtaJLWyJcV1EBbmSXtxkY"[\r][\n]"
23:54:04.671 [main] DEBUG org.apache.http.wire -- http-outgoing-8 << "Date: Mon, 23 Jun 2025 16:54:04 GMT[\r][\n]"
23:54:04.671 [main] DEBUG org.apache.http.wire -- http-outgoing-8 << "Connection: keep-alive[\r][\n]"
23:54:04.671 [main] DEBUG org.apache.http.wire -- http-outgoing-8 << "Keep-Alive: timeout=5[\r][\n]"
23:54:04.671 [main] DEBUG org.apache.http.wire -- http-outgoing-8 << "[\r][\n]"
23:54:04.671 [main] DEBUG org.apache.http.wire -- http-outgoing-8 << "{"message":"","statusCode":200,"status":"success","data":{"total":35,"page":1,"limit":10,"totalPages":4,"users":[{"id":"047b17a4-1e8a-4160-bb8a-db05a94a30cb","email":"testerno1@example.com","username":"johndoetestno1","name":"John Doetesterno1","bio":null,"gender":null,"dob":null,"phoneNumber":"0987654207","address":null,"profilePic":null,"private":false,"verified":false,"role":0,"accountStatus":true,"lastLogin":null,"createdAt":"2025-06-22T04:00:40.803Z","updatedAt":"2025-06-22T04:00:40.804Z","followersCount":0,"followingsCount":0},{"id":"08515b05-2d3e-4789-ad60-db35525a4970","email":"nam@gmail.com","username":"nam","name":"nam","bio":"Chu tich hoi dong Quan tri 1","gender":null,"dob":null,"phoneNumber":"0123456789","address":null,"profilePic":"https://res.cloudinary.com/dizcvrefo/image/upload/v1749266646/nestjs_uploads/zk9zrpeidnovxibfqdxr.png","private":false,"verified":false,"role":0,"accountStatus":true,"lastLogin":"2025-06-23T16:36:28.159Z","createdAt":"2025-05-22T07:39:58.212Z","updatedAt":"2025-06-23T16:36:28.162Z","followersCount":2,"followingsCount":5},{"id":"09c10759-ec74-45ca-8274-f1a7f7fdb589","email":"tester1@example.com","username":"johndoetest1","name":"John Doetest","bio":null,"gender":null,"dob":null,"phoneNumber":"0987654322","address":null,"profilePic":null,"private":false,"verified":false,"role":0,"accountStatus":true,"lastLogin":null,"createdAt":"2025-06-22T02:12:16.282Z","updatedAt":"2025-06-22T02:12:16.284Z","followersCount":0,"followingsCount":0},{"id":"0a37ef43-fee8-41d3-a686-8ab086948695","email":"testit2@gmail.com","username":"johndoe21","name":"John Doe","bio":null,"gender":null,"dob":null,"phoneNumber":"0123456712","address":null,"profilePic":null,"private":false,"verified":false,"role":0,"accountStatus":true,"lastLogin":"2025-06-22T16:08:09.276Z","createdAt":"2025-06-22T03:45:37.141Z","updatedAt":"2025-06-22T16:08:09.278Z","followersCount":0,"followingsCount":0},{"id":"1fa871af-f9fe-47b5-b416-4f9c3d544065","email":"testerno2@example.com","username":"janesmithtesstno1","name":"Jane Smithtestno1","bio":null,"gender":null,"dob":null,"phoneNumber":"01234567203","address":null,"profilePic":null,"private":false,"verified":false,"role":0,"accountStatus":true,"lastLogin":null,"createdAt":"2025-06-22T04:00:41.081Z","updatedAt":"2025-06-22T04:00:41.083Z","followersCount":0,"followingsCount":0},{"id":"272f6b55-5179-4ae3-8563-b4ec10f76715","email":"testit5@gmail.com","username":"johndoe2d5d","name":"John Doe","bio":null,"gender":null,"dob":null,"phoneNumber":"0123456132","address":null,"profilePic":null,"private":false,"verified":false,"role":0,"accountStatus":true,"lastLogin":"2025-06-22T16:08:10.247Z","createdAt":"2025-06-22T14:55:01.797Z","updatedAt":"2025-06-22T16:08:10.249Z","followersCount":0,"followingsCount":0},{"id":"2aa10f99-aba5-4a4b-94d4-d0ceaf78f931","email":"testerno24@example.com","username":"johndoeno24","name":"<script>alert(\"xss-test\")</script>","bio":null,"gender":null,"dob":null,"phoneNumber":"0987311111","address":null,"profilePic":null,"private":false,"verified":false,"role":0,"accountStatus":true,"lastLogin":null,"createdAt":"2025-06-22T04:00:43.070Z","updatedAt":"2025-06-22T04:00:43.072Z","followersCount":0,"followingsCount":0},{"id":"2b84aa24-668a-40e2-af1c-ad4fc4fa5a6f","email":"quang1@gmail.com","username":"quang1","name":"quang1","bio":"Thang Nam Lao Vua Thoi","gender":null,"dob":null,"phoneNumber":"09874563210","address":null,"profilePic":"https://res.cloudinary.com/dizcvrefo/image/upload/v1749027586/nestjs_uploads/xehairydt9rzlbmbmv4c.jpg","private":false,"verified":false,"role":0,"accountStatus":true,"lastLogin":"2025-06-22T16:08:09.419Z","createdAt":"2025-05-22T15:21:16.815Z","updatedAt":"2025-06-22T16:08:09.421Z","followersCount":2,"followingsCount":3},{"id":"2bd7ed70-b2ce-4c1b-8451-e9498b059290","email":"testerno22@example.com","username":"johndoe223","name":"This is a very long12 name that exceeds the maximum length of fifty characters allowed in the system","bio":null,"gender":null,"dob":null,"phoneNumber":"0987654331","address":null,"profilePic":null,"private":false,"verified":false,"role":0,"accountStatus":true,"lastLogin":null,"createdAt":"2025-06-22T04:00:42.587Z","updatedAt":"2025-06-22T04:00:42.589Z","followersCount":0,"followingsCount":0},{"id":"2dda0439-5180-45aa-917f-e632e45a8e41","email":"test@example.com","username":"johndoe","name":"John Doe","bio":null,"gender":null,"dob":null,"phoneNumber":"0987654321","address":null,"profilePic":null,"private":false,"verified":false,"role":0,"accountStatus":true,"lastLogin":"2025-06-22T16:08:06.447Z","createdAt":"2025-06-17T15:18:30.181Z","updatedAt":"2025-06-22T16:08:06.448Z","followersCount":0,"followingsCount":0}]}}"
23:54:04.671 [main] DEBUG org.apache.http.headers -- http-outgoing-8 << HTTP/1.1 200 OK
23:54:04.671 [main] DEBUG org.apache.http.headers -- http-outgoing-8 << X-Powered-By: Express
23:54:04.671 [main] DEBUG org.apache.http.headers -- http-outgoing-8 << Access-Control-Allow-Origin: *
23:54:04.671 [main] DEBUG org.apache.http.headers -- http-outgoing-8 << Content-Type: application/json; charset=utf-8
23:54:04.671 [main] DEBUG org.apache.http.headers -- http-outgoing-8 << Content-Length: 4710
23:54:04.671 [main] DEBUG org.apache.http.headers -- http-outgoing-8 << ETag: W/"1266-eCTAhJmtaJLWyJcV1EBbmSXtxkY"
23:54:04.671 [main] DEBUG org.apache.http.headers -- http-outgoing-8 << Date: Mon, 23 Jun 2025 16:54:04 GMT
23:54:04.671 [main] DEBUG org.apache.http.headers -- http-outgoing-8 << Connection: keep-alive
23:54:04.672 [main] DEBUG org.apache.http.headers -- http-outgoing-8 << Keep-Alive: timeout=5
23:54:04.672 [main] DEBUG org.apache.http.impl.execchain.MainClientExec -- Connection can be kept alive for 5000 MILLISECONDS
23:54:04.672 [main] DEBUG org.apache.http.impl.conn.PoolingHttpClientConnectionManager -- Connection [id: 8][route: {}->http://localhost:3000] can be kept alive for 5.0 seconds
23:54:04.672 [main] DEBUG org.apache.http.impl.conn.DefaultManagedHttpClientConnection -- http-outgoing-8: set socket timeout to 0
23:54:04.672 [main] DEBUG org.apache.http.impl.conn.PoolingHttpClientConnectionManager -- Connection released: [id: 8][route: {}->http://localhost:3000][total available: 1; route allocated: 1 of 5; total allocated: 1 of 10]
23:54:04.672 [main] DEBUG org.apache.http.impl.conn.PoolingHttpClientConnectionManager -- Connection manager is shutting down
23:54:04.672 [main] DEBUG org.apache.http.impl.conn.DefaultManagedHttpClientConnection -- http-outgoing-8: Close connection
23:54:04.672 [main] DEBUG org.apache.http.impl.conn.PoolingHttpClientConnectionManager -- Connection manager shut down
23:54:04.672 [main] DEBUG com.intuit.karate -- response time in milliseconds: 148
1 < 200
1 < X-Powered-By: Express
1 < Access-Control-Allow-Origin: *
1 < Content-Type: application/json; charset=utf-8
1 < Content-Length: 4710
1 < ETag: W/"1266-eCTAhJmtaJLWyJcV1EBbmSXtxkY"
1 < Date: Mon, 23 Jun 2025 16:54:04 GMT
1 < Connection: keep-alive
1 < Keep-Alive: timeout=5
{
  "message": "",
  "statusCode": 200,
  "status": "success",
  "data": {
    "total": 35,
    "page": 1,
    "limit": 10,
    "totalPages": 4,
    "users": [
      {
        "id": "047b17a4-1e8a-4160-bb8a-db05a94a30cb",
        "email": "testerno1@example.com",
        "username": "johndoetestno1",
        "name": "John Doetesterno1",
        "bio": null,
        "gender": null,
        "dob": null,
        "phoneNumber": "0987654207",
        "address": null,
        "profilePic": null,
        "private": false,
        "verified": false,
        "role": 0,
        "accountStatus": true,
        "lastLogin": null,
        "createdAt": "2025-06-22T04:00:40.803Z",
        "updatedAt": "2025-06-22T04:00:40.804Z",
        "followersCount": 0,
        "followingsCount": 0
      },
      {
        "id": "08515b05-2d3e-4789-ad60-db35525a4970",
        "email": "nam@gmail.com",
        "username": "nam",
        "name": "nam",
        "bio": "Chu tich hoi dong Quan tri 1",
        "gender": null,
        "dob": null,
        "phoneNumber": "0123456789",
        "address": null,
        "profilePic": "https://res.cloudinary.com/dizcvrefo/image/upload/v1749266646/nestjs_uploads/zk9zrpeidnovxibfqdxr.png",
        "private": false,
        "verified": false,
        "role": 0,
        "accountStatus": true,
        "lastLogin": "2025-06-23T16:36:28.159Z",
        "createdAt": "2025-05-22T07:39:58.212Z",
        "updatedAt": "2025-06-23T16:36:28.162Z",
        "followersCount": 2,
        "followingsCount": 5
      },
      {
        "id": "09c10759-ec74-45ca-8274-f1a7f7fdb589",
        "email": "tester1@example.com",
        "username": "johndoetest1",
        "name": "John Doetest",
        "bio": null,
        "gender": null,
        "dob": null,
        "phoneNumber": "0987654322",
        "address": null,
        "profilePic": null,
        "private": false,
        "verified": false,
        "role": 0,
        "accountStatus": true,
        "lastLogin": null,
        "createdAt": "2025-06-22T02:12:16.282Z",
        "updatedAt": "2025-06-22T02:12:16.284Z",
        "followersCount": 0,
        "followingsCount": 0
      },
      {
        "id": "0a37ef43-fee8-41d3-a686-8ab086948695",
        "email": "testit2@gmail.com",
        "username": "johndoe21",
        "name": "John Doe",
        "bio": null,
        "gender": null,
        "dob": null,
        "phoneNumber": "0123456712",
        "address": null,
        "profilePic": null,
        "private": false,
        "verified": false,
        "role": 0,
        "accountStatus": true,
        "lastLogin": "2025-06-22T16:08:09.276Z",
        "createdAt": "2025-06-22T03:45:37.141Z",
        "updatedAt": "2025-06-22T16:08:09.278Z",
        "followersCount": 0,
        "followingsCount": 0
      },
      {
        "id": "1fa871af-f9fe-47b5-b416-4f9c3d544065",
        "email": "testerno2@example.com",
        "username": "janesmithtesstno1",
        "name": "Jane Smithtestno1",
        "bio": null,
        "gender": null,
        "dob": null,
        "phoneNumber": "01234567203",
        "address": null,
        "profilePic": null,
        "private": false,
        "verified": false,
        "role": 0,
        "accountStatus": true,
        "lastLogin": null,
        "createdAt": "2025-06-22T04:00:41.081Z",
        "updatedAt": "2025-06-22T04:00:41.083Z",
        "followersCount": 0,
        "followingsCount": 0
      },
      {
        "id": "272f6b55-5179-4ae3-8563-b4ec10f76715",
        "email": "testit5@gmail.com",
        "username": "johndoe2d5d",
        "name": "John Doe",
        "bio": null,
        "gender": null,
        "dob": null,
        "phoneNumber": "0123456132",
        "address": null,
        "profilePic": null,
        "private": false,
        "verified": false,
        "role": 0,
        "accountStatus": true,
        "lastLogin": "2025-06-22T16:08:10.247Z",
        "createdAt": "2025-06-22T14:55:01.797Z",
        "updatedAt": "2025-06-22T16:08:10.249Z",
        "followersCount": 0,
        "followingsCount": 0
      },
      {
        "id": "2aa10f99-aba5-4a4b-94d4-d0ceaf78f931",
        "email": "testerno24@example.com",
        "username": "johndoeno24",
        "name": "<script>alert(\"xss-test\")</script>",
        "bio": null,
        "gender": null,
        "dob": null,
        "phoneNumber": "0987311111",
        "address": null,
        "profilePic": null,
        "private": false,
        "verified": false,
        "role": 0,
        "accountStatus": true,
        "lastLogin": null,
        "createdAt": "2025-06-22T04:00:43.070Z",
        "updatedAt": "2025-06-22T04:00:43.072Z",
        "followersCount": 0,
        "followingsCount": 0
      },
      {
        "id": "2b84aa24-668a-40e2-af1c-ad4fc4fa5a6f",
        "email": "quang1@gmail.com",
        "username": "quang1",
        "name": "quang1",
        "bio": "Thang Nam Lao Vua Thoi",
        "gender": null,
        "dob": null,
        "phoneNumber": "09874563210",
        "address": null,
        "profilePic": "https://res.cloudinary.com/dizcvrefo/image/upload/v1749027586/nestjs_uploads/xehairydt9rzlbmbmv4c.jpg",
        "private": false,
        "verified": false,
        "role": 0,
        "accountStatus": true,
        "lastLogin": "2025-06-22T16:08:09.419Z",
        "createdAt": "2025-05-22T15:21:16.815Z",
        "updatedAt": "2025-06-22T16:08:09.421Z",
        "followersCount": 2,
        "followingsCount": 3
      },
      {
        "id": "2bd7ed70-b2ce-4c1b-8451-e9498b059290",
        "email": "testerno22@example.com",
        "username": "johndoe223",
        "name": "This is a very long12 name that exceeds the maximum length of fifty characters allowed in the system",
        "bio": null,
        "gender": null,
        "dob": null,
        "phoneNumber": "0987654331",
        "address": null,
        "profilePic": null,
        "private": false,
        "verified": false,
        "role": 0,
        "accountStatus": true,
        "lastLogin": null,
        "createdAt": "2025-06-22T04:00:42.587Z",
        "updatedAt": "2025-06-22T04:00:42.589Z",
        "followersCount": 0,
        "followingsCount": 0
      },
      {
        "id": "2dda0439-5180-45aa-917f-e632e45a8e41",
        "email": "test@example.com",
        "username": "johndoe",
        "name": "John Doe",
        "bio": null,
        "gender": null,
        "dob": null,
        "phoneNumber": "0987654321",
        "address": null,
        "profilePic": null,
        "private": false,
        "verified": false,
        "role": 0,
        "accountStatus": true,
        "lastLogin": "2025-06-22T16:08:06.447Z",
        "createdAt": "2025-06-17T15:18:30.181Z",
        "updatedAt": "2025-06-22T16:08:06.448Z",
        "followersCount": 0,
        "followingsCount": 0
      }
    ]
  }
}


23:54:04.676 [main] INFO com.intuit.karate -- [print] Calling getUsers API v?i bearerToken: eyJhbGciOiJIUzI1NiIsInR5cCI6IkpXVCJ9.eyJzdWIiOiJmNjI4NDUzMi04ZjFlLTRiMDUtYWM1NC1kODAzNzM4NmU4MGMiLCJ1c2VybmFtZSI6InVzZXJubzIiLCJyb2xlIjowLCJpYXQiOjE3NTA2OTQzNTQsImV4cCI6MTc1MDY5Nzk1NH0.cn4pcMTzJbKyd0aw-bN_KvZNRCfEwxef9wljw6vUgkw 
23:54:04.677 [main] INFO com.intuit.karate -- [print] Query params: {
  "page": -1.0,
  "limit": "10"
}
 
23:54:04.678 [main] INFO com.intuit.karate -- [print] Response status: 200 body: {
  "message": "",
  "statusCode": 200,
  "status": "success",
  "data": {
    "total": 35,
    "page": 1,
    "limit": 10,
    "totalPages": 4,
    "users": [
      {
        "id": "047b17a4-1e8a-4160-bb8a-db05a94a30cb",
        "email": "testerno1@example.com",
        "username": "johndoetestno1",
        "name": "John Doetesterno1",
        "bio": null,
        "gender": null,
        "dob": null,
        "phoneNumber": "0987654207",
        "address": null,
        "profilePic": null,
        "private": false,
        "verified": false,
        "role": 0,
        "accountStatus": true,
        "lastLogin": null,
        "createdAt": "2025-06-22T04:00:40.803Z",
        "updatedAt": "2025-06-22T04:00:40.804Z",
        "followersCount": 0,
        "followingsCount": 0
      },
      {
        "id": "08515b05-2d3e-4789-ad60-db35525a4970",
        "email": "nam@gmail.com",
        "username": "nam",
        "name": "nam",
        "bio": "Chu tich hoi dong Quan tri 1",
        "gender": null,
        "dob": null,
        "phoneNumber": "0123456789",
        "address": null,
        "profilePic": "https://res.cloudinary.com/dizcvrefo/image/upload/v1749266646/nestjs_uploads/zk9zrpeidnovxibfqdxr.png",
        "private": false,
        "verified": false,
        "role": 0,
        "accountStatus": true,
        "lastLogin": "2025-06-23T16:36:28.159Z",
        "createdAt": "2025-05-22T07:39:58.212Z",
        "updatedAt": "2025-06-23T16:36:28.162Z",
        "followersCount": 2,
        "followingsCount": 5
      },
      {
        "id": "09c10759-ec74-45ca-8274-f1a7f7fdb589",
        "email": "tester1@example.com",
        "username": "johndoetest1",
        "name": "John Doetest",
        "bio": null,
        "gender": null,
        "dob": null,
        "phoneNumber": "0987654322",
        "address": null,
        "profilePic": null,
        "private": false,
        "verified": false,
        "role": 0,
        "accountStatus": true,
        "lastLogin": null,
        "createdAt": "2025-06-22T02:12:16.282Z",
        "updatedAt": "2025-06-22T02:12:16.284Z",
        "followersCount": 0,
        "followingsCount": 0
      },
      {
        "id": "0a37ef43-fee8-41d3-a686-8ab086948695",
        "email": "testit2@gmail.com",
        "username": "johndoe21",
        "name": "John Doe",
        "bio": null,
        "gender": null,
        "dob": null,
        "phoneNumber": "0123456712",
        "address": null,
        "profilePic": null,
        "private": false,
        "verified": false,
        "role": 0,
        "accountStatus": true,
        "lastLogin": "2025-06-22T16:08:09.276Z",
        "createdAt": "2025-06-22T03:45:37.141Z",
        "updatedAt": "2025-06-22T16:08:09.278Z",
        "followersCount": 0,
        "followingsCount": 0
      },
      {
        "id": "1fa871af-f9fe-47b5-b416-4f9c3d544065",
        "email": "testerno2@example.com",
        "username": "janesmithtesstno1",
        "name": "Jane Smithtestno1",
        "bio": null,
        "gender": null,
        "dob": null,
        "phoneNumber": "01234567203",
        "address": null,
        "profilePic": null,
        "private": false,
        "verified": false,
        "role": 0,
        "accountStatus": true,
        "lastLogin": null,
        "createdAt": "2025-06-22T04:00:41.081Z",
        "updatedAt": "2025-06-22T04:00:41.083Z",
        "followersCount": 0,
        "followingsCount": 0
      },
      {
        "id": "272f6b55-5179-4ae3-8563-b4ec10f76715",
        "email": "testit5@gmail.com",
        "username": "johndoe2d5d",
        "name": "John Doe",
        "bio": null,
        "gender": null,
        "dob": null,
        "phoneNumber": "0123456132",
        "address": null,
        "profilePic": null,
        "private": false,
        "verified": false,
        "role": 0,
        "accountStatus": true,
        "lastLogin": "2025-06-22T16:08:10.247Z",
        "createdAt": "2025-06-22T14:55:01.797Z",
        "updatedAt": "2025-06-22T16:08:10.249Z",
        "followersCount": 0,
        "followingsCount": 0
      },
      {
        "id": "2aa10f99-aba5-4a4b-94d4-d0ceaf78f931",
        "email": "testerno24@example.com",
        "username": "johndoeno24",
        "name": "<script>alert(\"xss-test\")</script>",
        "bio": null,
        "gender": null,
        "dob": null,
        "phoneNumber": "0987311111",
        "address": null,
        "profilePic": null,
        "private": false,
        "verified": false,
        "role": 0,
        "accountStatus": true,
        "lastLogin": null,
        "createdAt": "2025-06-22T04:00:43.070Z",
        "updatedAt": "2025-06-22T04:00:43.072Z",
        "followersCount": 0,
        "followingsCount": 0
      },
      {
        "id": "2b84aa24-668a-40e2-af1c-ad4fc4fa5a6f",
        "email": "quang1@gmail.com",
        "username": "quang1",
        "name": "quang1",
        "bio": "Thang Nam Lao Vua Thoi",
        "gender": null,
        "dob": null,
        "phoneNumber": "09874563210",
        "address": null,
        "profilePic": "https://res.cloudinary.com/dizcvrefo/image/upload/v1749027586/nestjs_uploads/xehairydt9rzlbmbmv4c.jpg",
        "private": false,
        "verified": false,
        "role": 0,
        "accountStatus": true,
        "lastLogin": "2025-06-22T16:08:09.419Z",
        "createdAt": "2025-05-22T15:21:16.815Z",
        "updatedAt": "2025-06-22T16:08:09.421Z",
        "followersCount": 2,
        "followingsCount": 3
      },
      {
        "id": "2bd7ed70-b2ce-4c1b-8451-e9498b059290",
        "email": "testerno22@example.com",
        "username": "johndoe223",
        "name": "This is a very long12 name that exceeds the maximum length of fifty characters allowed in the system",
        "bio": null,
        "gender": null,
        "dob": null,
        "phoneNumber": "0987654331",
        "address": null,
        "profilePic": null,
        "private": false,
        "verified": false,
        "role": 0,
        "accountStatus": true,
        "lastLogin": null,
        "createdAt": "2025-06-22T04:00:42.587Z",
        "updatedAt": "2025-06-22T04:00:42.589Z",
        "followersCount": 0,
        "followingsCount": 0
      },
      {
        "id": "2dda0439-5180-45aa-917f-e632e45a8e41",
        "email": "test@example.com",
        "username": "johndoe",
        "name": "John Doe",
        "bio": null,
        "gender": null,
        "dob": null,
        "phoneNumber": "0987654321",
        "address": null,
        "profilePic": null,
        "private": false,
        "verified": false,
        "role": 0,
        "accountStatus": true,
        "lastLogin": "2025-06-22T16:08:06.447Z",
        "createdAt": "2025-06-17T15:18:30.181Z",
        "updatedAt": "2025-06-22T16:08:06.448Z",
        "followersCount": 0,
        "followingsCount": 0
      }
    ]
  }
}
 
23:54:04.680 [main] INFO com.intuit.karate -- ? TEST FAILED - Status mismatch: Expected 400, got 200 
23:54:04.684 [main] INFO com.intuit.karate -- Test case #9 completed - Status: 200 
23:54:04.685 [main] INFO com.intuit.karate -- ?ang ch?y test case #10: TC12: Negative limit 
23:54:04.694 [main] INFO com.intuit.karate -- karate.env system property was: null 
23:54:04.697 [main] DEBUG com.jayway.jsonpath.internal.path.CompiledPath -- Evaluating path: $
23:54:04.698 [main] DEBUG com.jayway.jsonpath.internal.path.CompiledPath -- Evaluating path: $
23:54:04.700 [main] DEBUG org.apache.http.client.protocol.RequestAddCookies -- CookieSpec selected: karate
23:54:04.701 [main] DEBUG org.apache.http.client.protocol.RequestAuthCache -- Auth cache not set in the context
23:54:04.701 [main] DEBUG com.intuit.karate -- request:
1 > GET http://localhost:3000/users/get-users?limit=-5&page=1
1 > Authorization: Bearer eyJhbGciOiJIUzI1NiIsInR5cCI6IkpXVCJ9.eyJzdWIiOiJmNjI4NDUzMi04ZjFlLTRiMDUtYWM1NC1kODAzNzM4NmU4MGMiLCJ1c2VybmFtZSI6InVzZXJubzIiLCJyb2xlIjowLCJpYXQiOjE3NTA2OTQzNTQsImV4cCI6MTc1MDY5Nzk1NH0.cn4pcMTzJbKyd0aw-bN_KvZNRCfEwxef9wljw6vUgkw
1 > Host: localhost:3000
1 > Connection: Keep-Alive
1 > User-Agent: Apache-HttpClient/4.5.14 (Java/17.0.9)
1 > Accept-Encoding: gzip,deflate


23:54:04.701 [main] DEBUG org.apache.http.impl.conn.PoolingHttpClientConnectionManager -- Connection request: [route: {}->http://localhost:3000][total available: 0; route allocated: 0 of 5; total allocated: 0 of 10]
23:54:04.701 [main] DEBUG org.apache.http.impl.conn.PoolingHttpClientConnectionManager -- Connection leased: [id: 9][route: {}->http://localhost:3000][total available: 0; route allocated: 1 of 5; total allocated: 1 of 10]
23:54:04.701 [main] DEBUG org.apache.http.impl.execchain.MainClientExec -- Opening connection {}->http://localhost:3000
23:54:04.703 [main] DEBUG org.apache.http.impl.conn.DefaultHttpClientConnectionOperator -- Connecting to localhost/127.0.0.1:3000
23:54:04.704 [main] DEBUG org.apache.http.impl.conn.DefaultHttpClientConnectionOperator -- Connection established 127.0.0.1:62893<->127.0.0.1:3000
23:54:04.704 [main] DEBUG org.apache.http.impl.conn.DefaultManagedHttpClientConnection -- http-outgoing-9: set socket timeout to 5000
23:54:04.704 [main] DEBUG org.apache.http.impl.execchain.MainClientExec -- Executing request GET /users/get-users?limit=-5&page=1 HTTP/1.1
23:54:04.704 [main] DEBUG org.apache.http.impl.execchain.MainClientExec -- Proxy auth state: UNCHALLENGED
23:54:04.704 [main] DEBUG org.apache.http.headers -- http-outgoing-9 >> GET /users/get-users?limit=-5&page=1 HTTP/1.1
23:54:04.704 [main] DEBUG org.apache.http.headers -- http-outgoing-9 >> Authorization: Bearer eyJhbGciOiJIUzI1NiIsInR5cCI6IkpXVCJ9.eyJzdWIiOiJmNjI4NDUzMi04ZjFlLTRiMDUtYWM1NC1kODAzNzM4NmU4MGMiLCJ1c2VybmFtZSI6InVzZXJubzIiLCJyb2xlIjowLCJpYXQiOjE3NTA2OTQzNTQsImV4cCI6MTc1MDY5Nzk1NH0.cn4pcMTzJbKyd0aw-bN_KvZNRCfEwxef9wljw6vUgkw
23:54:04.704 [main] DEBUG org.apache.http.headers -- http-outgoing-9 >> Host: localhost:3000
23:54:04.704 [main] DEBUG org.apache.http.headers -- http-outgoing-9 >> Connection: Keep-Alive
23:54:04.704 [main] DEBUG org.apache.http.headers -- http-outgoing-9 >> User-Agent: Apache-HttpClient/4.5.14 (Java/17.0.9)
23:54:04.704 [main] DEBUG org.apache.http.headers -- http-outgoing-9 >> Accept-Encoding: gzip,deflate
23:54:04.704 [main] DEBUG org.apache.http.wire -- http-outgoing-9 >> "GET /users/get-users?limit=-5&page=1 HTTP/1.1[\r][\n]"
23:54:04.704 [main] DEBUG org.apache.http.wire -- http-outgoing-9 >> "Authorization: Bearer eyJhbGciOiJIUzI1NiIsInR5cCI6IkpXVCJ9.eyJzdWIiOiJmNjI4NDUzMi04ZjFlLTRiMDUtYWM1NC1kODAzNzM4NmU4MGMiLCJ1c2VybmFtZSI6InVzZXJubzIiLCJyb2xlIjowLCJpYXQiOjE3NTA2OTQzNTQsImV4cCI6MTc1MDY5Nzk1NH0.cn4pcMTzJbKyd0aw-bN_KvZNRCfEwxef9wljw6vUgkw[\r][\n]"
23:54:04.704 [main] DEBUG org.apache.http.wire -- http-outgoing-9 >> "Host: localhost:3000[\r][\n]"
23:54:04.704 [main] DEBUG org.apache.http.wire -- http-outgoing-9 >> "Connection: Keep-Alive[\r][\n]"
23:54:04.704 [main] DEBUG org.apache.http.wire -- http-outgoing-9 >> "User-Agent: Apache-HttpClient/4.5.14 (Java/17.0.9)[\r][\n]"
23:54:04.704 [main] DEBUG org.apache.http.wire -- http-outgoing-9 >> "Accept-Encoding: gzip,deflate[\r][\n]"
23:54:04.704 [main] DEBUG org.apache.http.wire -- http-outgoing-9 >> "[\r][\n]"
23:54:04.829 [main] DEBUG org.apache.http.wire -- http-outgoing-9 << "HTTP/1.1 200 OK[\r][\n]"
23:54:04.830 [main] DEBUG org.apache.http.wire -- http-outgoing-9 << "X-Powered-By: Express[\r][\n]"
23:54:04.831 [main] DEBUG org.apache.http.wire -- http-outgoing-9 << "Access-Control-Allow-Origin: *[\r][\n]"
23:54:04.831 [main] DEBUG org.apache.http.wire -- http-outgoing-9 << "Content-Type: application/json; charset=utf-8[\r][\n]"
23:54:04.831 [main] DEBUG org.apache.http.wire -- http-outgoing-9 << "Content-Length: 4710[\r][\n]"
23:54:04.831 [main] DEBUG org.apache.http.wire -- http-outgoing-9 << "ETag: W/"1266-eCTAhJmtaJLWyJcV1EBbmSXtxkY"[\r][\n]"
23:54:04.831 [main] DEBUG org.apache.http.wire -- http-outgoing-9 << "Date: Mon, 23 Jun 2025 16:54:04 GMT[\r][\n]"
23:54:04.831 [main] DEBUG org.apache.http.wire -- http-outgoing-9 << "Connection: keep-alive[\r][\n]"
23:54:04.831 [main] DEBUG org.apache.http.wire -- http-outgoing-9 << "Keep-Alive: timeout=5[\r][\n]"
23:54:04.831 [main] DEBUG org.apache.http.wire -- http-outgoing-9 << "[\r][\n]"
23:54:04.832 [main] DEBUG org.apache.http.wire -- http-outgoing-9 << "{"message":"","statusCode":200,"status":"success","data":{"total":35,"page":1,"limit":10,"totalPages":4,"users":[{"id":"047b17a4-1e8a-4160-bb8a-db05a94a30cb","email":"testerno1@example.com","username":"johndoetestno1","name":"John Doetesterno1","bio":null,"gender":null,"dob":null,"phoneNumber":"0987654207","address":null,"profilePic":null,"private":false,"verified":false,"role":0,"accountStatus":true,"lastLogin":null,"createdAt":"2025-06-22T04:00:40.803Z","updatedAt":"2025-06-22T04:00:40.804Z","followersCount":0,"followingsCount":0},{"id":"08515b05-2d3e-4789-ad60-db35525a4970","email":"nam@gmail.com","username":"nam","name":"nam","bio":"Chu tich hoi dong Quan tri 1","gender":null,"dob":null,"phoneNumber":"0123456789","address":null,"profilePic":"https://res.cloudinary.com/dizcvrefo/image/upload/v1749266646/nestjs_uploads/zk9zrpeidnovxibfqdxr.png","private":false,"verified":false,"role":0,"accountStatus":true,"lastLogin":"2025-06-23T16:36:28.159Z","createdAt":"2025-05-22T07:39:58.212Z","updatedAt":"2025-06-23T16:36:28.162Z","followersCount":2,"followingsCount":5},{"id":"09c10759-ec74-45ca-8274-f1a7f7fdb589","email":"tester1@example.com","username":"johndoetest1","name":"John Doetest","bio":null,"gender":null,"dob":null,"phoneNumber":"0987654322","address":null,"profilePic":null,"private":false,"verified":false,"role":0,"accountStatus":true,"lastLogin":null,"createdAt":"2025-06-22T02:12:16.282Z","updatedAt":"2025-06-22T02:12:16.284Z","followersCount":0,"followingsCount":0},{"id":"0a37ef43-fee8-41d3-a686-8ab086948695","email":"testit2@gmail.com","username":"johndoe21","name":"John Doe","bio":null,"gender":null,"dob":null,"phoneNumber":"0123456712","address":null,"profilePic":null,"private":false,"verified":false,"role":0,"accountStatus":true,"lastLogin":"2025-06-22T16:08:09.276Z","createdAt":"2025-06-22T03:45:37.141Z","updatedAt":"2025-06-22T16:08:09.278Z","followersCount":0,"followingsCount":0},{"id":"1fa871af-f9fe-47b5-b416-4f9c3d544065","email":"testerno2@example.com","username":"janesmithtesstno1","name":"Jane Smithtestno1","bio":null,"gender":null,"dob":null,"phoneNumber":"01234567203","address":null,"profilePic":null,"private":false,"verified":false,"role":0,"accountStatus":true,"lastLogin":null,"createdAt":"2025-06-22T04:00:41.081Z","updatedAt":"2025-06-22T04:00:41.083Z","followersCount":0,"followingsCount":0},{"id":"272f6b55-5179-4ae3-8563-b4ec10f76715","email":"testit5@gmail.com","username":"johndoe2d5d","name":"John Doe","bio":null,"gender":null,"dob":null,"phoneNumber":"0123456132","address":null,"profilePic":null,"private":false,"verified":false,"role":0,"accountStatus":true,"lastLogin":"2025-06-22T16:08:10.247Z","createdAt":"2025-06-22T14:55:01.797Z","updatedAt":"2025-06-22T16:08:10.249Z","followersCount":0,"followingsCount":0},{"id":"2aa10f99-aba5-4a4b-94d4-d0ceaf78f931","email":"testerno24@example.com","username":"johndoeno24","name":"<script>alert(\"xss-test\")</script>","bio":null,"gender":null,"dob":null,"phoneNumber":"0987311111","address":null,"profilePic":null,"private":false,"verified":false,"role":0,"accountStatus":true,"lastLogin":null,"createdAt":"2025-06-22T04:00:43.070Z","updatedAt":"2025-06-22T04:00:43.072Z","followersCount":0,"followingsCount":0},{"id":"2b84aa24-668a-40e2-af1c-ad4fc4fa5a6f","email":"quang1@gmail.com","username":"quang1","name":"quang1","bio":"Thang Nam Lao Vua Thoi","gender":null,"dob":null,"phoneNumber":"09874563210","address":null,"profilePic":"https://res.cloudinary.com/dizcvrefo/image/upload/v1749027586/nestjs_uploads/xehairydt9rzlbmbmv4c.jpg","private":false,"verified":false,"role":0,"accountStatus":true,"lastLogin":"2025-06-22T16:08:09.419Z","createdAt":"2025-05-22T15:21:16.815Z","updatedAt":"2025-06-22T16:08:09.421Z","followersCount":2,"followingsCount":3},{"id":"2bd7ed70-b2ce-4c1b-8451-e9498b059290","email":"testerno22@example.com","username":"johndoe223","name":"This is a very long12 name that exceeds the maximum length of fifty characters allowed in the system","bio":null,"gender":null,"dob":null,"phoneNumber":"0987654331","address":null,"profilePic":null,"private":false,"verified":false,"role":0,"accountStatus":true,"lastLogin":null,"createdAt":"2025-06-22T04:00:42.587Z","updatedAt":"2025-06-22T04:00:42.589Z","followersCount":0,"followingsCount":0},{"id":"2dda0439-5180-45aa-917f-e632e45a8e41","email":"test@example.com","username":"johndoe","name":"John Doe","bio":null,"gender":null,"dob":null,"phoneNumber":"0987654321","address":null,"profilePic":null,"private":false,"verified":false,"role":0,"accountStatus":true,"lastLogin":"2025-06-22T16:08:06.447Z","createdAt":"2025-06-17T15:18:30.181Z","updatedAt":"2025-06-22T16:08:06.448Z","followersCount":0,"followingsCount":0}]}}"
23:54:04.832 [main] DEBUG org.apache.http.headers -- http-outgoing-9 << HTTP/1.1 200 OK
23:54:04.832 [main] DEBUG org.apache.http.headers -- http-outgoing-9 << X-Powered-By: Express
23:54:04.832 [main] DEBUG org.apache.http.headers -- http-outgoing-9 << Access-Control-Allow-Origin: *
23:54:04.832 [main] DEBUG org.apache.http.headers -- http-outgoing-9 << Content-Type: application/json; charset=utf-8
23:54:04.832 [main] DEBUG org.apache.http.headers -- http-outgoing-9 << Content-Length: 4710
23:54:04.832 [main] DEBUG org.apache.http.headers -- http-outgoing-9 << ETag: W/"1266-eCTAhJmtaJLWyJcV1EBbmSXtxkY"
23:54:04.832 [main] DEBUG org.apache.http.headers -- http-outgoing-9 << Date: Mon, 23 Jun 2025 16:54:04 GMT
23:54:04.832 [main] DEBUG org.apache.http.headers -- http-outgoing-9 << Connection: keep-alive
23:54:04.832 [main] DEBUG org.apache.http.headers -- http-outgoing-9 << Keep-Alive: timeout=5
23:54:04.832 [main] DEBUG org.apache.http.impl.execchain.MainClientExec -- Connection can be kept alive for 5000 MILLISECONDS
23:54:04.833 [main] DEBUG org.apache.http.impl.conn.PoolingHttpClientConnectionManager -- Connection [id: 9][route: {}->http://localhost:3000] can be kept alive for 5.0 seconds
23:54:04.833 [main] DEBUG org.apache.http.impl.conn.DefaultManagedHttpClientConnection -- http-outgoing-9: set socket timeout to 0
23:54:04.833 [main] DEBUG org.apache.http.impl.conn.PoolingHttpClientConnectionManager -- Connection released: [id: 9][route: {}->http://localhost:3000][total available: 1; route allocated: 1 of 5; total allocated: 1 of 10]
23:54:04.833 [main] DEBUG org.apache.http.impl.conn.PoolingHttpClientConnectionManager -- Connection manager is shutting down
23:54:04.833 [main] DEBUG org.apache.http.impl.conn.DefaultManagedHttpClientConnection -- http-outgoing-9: Close connection
23:54:04.833 [main] DEBUG org.apache.http.impl.conn.PoolingHttpClientConnectionManager -- Connection manager shut down
23:54:04.834 [main] DEBUG com.intuit.karate -- response time in milliseconds: 132
1 < 200
1 < X-Powered-By: Express
1 < Access-Control-Allow-Origin: *
1 < Content-Type: application/json; charset=utf-8
1 < Content-Length: 4710
1 < ETag: W/"1266-eCTAhJmtaJLWyJcV1EBbmSXtxkY"
1 < Date: Mon, 23 Jun 2025 16:54:04 GMT
1 < Connection: keep-alive
1 < Keep-Alive: timeout=5
{
  "message": "",
  "statusCode": 200,
  "status": "success",
  "data": {
    "total": 35,
    "page": 1,
    "limit": 10,
    "totalPages": 4,
    "users": [
      {
        "id": "047b17a4-1e8a-4160-bb8a-db05a94a30cb",
        "email": "testerno1@example.com",
        "username": "johndoetestno1",
        "name": "John Doetesterno1",
        "bio": null,
        "gender": null,
        "dob": null,
        "phoneNumber": "0987654207",
        "address": null,
        "profilePic": null,
        "private": false,
        "verified": false,
        "role": 0,
        "accountStatus": true,
        "lastLogin": null,
        "createdAt": "2025-06-22T04:00:40.803Z",
        "updatedAt": "2025-06-22T04:00:40.804Z",
        "followersCount": 0,
        "followingsCount": 0
      },
      {
        "id": "08515b05-2d3e-4789-ad60-db35525a4970",
        "email": "nam@gmail.com",
        "username": "nam",
        "name": "nam",
        "bio": "Chu tich hoi dong Quan tri 1",
        "gender": null,
        "dob": null,
        "phoneNumber": "0123456789",
        "address": null,
        "profilePic": "https://res.cloudinary.com/dizcvrefo/image/upload/v1749266646/nestjs_uploads/zk9zrpeidnovxibfqdxr.png",
        "private": false,
        "verified": false,
        "role": 0,
        "accountStatus": true,
        "lastLogin": "2025-06-23T16:36:28.159Z",
        "createdAt": "2025-05-22T07:39:58.212Z",
        "updatedAt": "2025-06-23T16:36:28.162Z",
        "followersCount": 2,
        "followingsCount": 5
      },
      {
        "id": "09c10759-ec74-45ca-8274-f1a7f7fdb589",
        "email": "tester1@example.com",
        "username": "johndoetest1",
        "name": "John Doetest",
        "bio": null,
        "gender": null,
        "dob": null,
        "phoneNumber": "0987654322",
        "address": null,
        "profilePic": null,
        "private": false,
        "verified": false,
        "role": 0,
        "accountStatus": true,
        "lastLogin": null,
        "createdAt": "2025-06-22T02:12:16.282Z",
        "updatedAt": "2025-06-22T02:12:16.284Z",
        "followersCount": 0,
        "followingsCount": 0
      },
      {
        "id": "0a37ef43-fee8-41d3-a686-8ab086948695",
        "email": "testit2@gmail.com",
        "username": "johndoe21",
        "name": "John Doe",
        "bio": null,
        "gender": null,
        "dob": null,
        "phoneNumber": "0123456712",
        "address": null,
        "profilePic": null,
        "private": false,
        "verified": false,
        "role": 0,
        "accountStatus": true,
        "lastLogin": "2025-06-22T16:08:09.276Z",
        "createdAt": "2025-06-22T03:45:37.141Z",
        "updatedAt": "2025-06-22T16:08:09.278Z",
        "followersCount": 0,
        "followingsCount": 0
      },
      {
        "id": "1fa871af-f9fe-47b5-b416-4f9c3d544065",
        "email": "testerno2@example.com",
        "username": "janesmithtesstno1",
        "name": "Jane Smithtestno1",
        "bio": null,
        "gender": null,
        "dob": null,
        "phoneNumber": "01234567203",
        "address": null,
        "profilePic": null,
        "private": false,
        "verified": false,
        "role": 0,
        "accountStatus": true,
        "lastLogin": null,
        "createdAt": "2025-06-22T04:00:41.081Z",
        "updatedAt": "2025-06-22T04:00:41.083Z",
        "followersCount": 0,
        "followingsCount": 0
      },
      {
        "id": "272f6b55-5179-4ae3-8563-b4ec10f76715",
        "email": "testit5@gmail.com",
        "username": "johndoe2d5d",
        "name": "John Doe",
        "bio": null,
        "gender": null,
        "dob": null,
        "phoneNumber": "0123456132",
        "address": null,
        "profilePic": null,
        "private": false,
        "verified": false,
        "role": 0,
        "accountStatus": true,
        "lastLogin": "2025-06-22T16:08:10.247Z",
        "createdAt": "2025-06-22T14:55:01.797Z",
        "updatedAt": "2025-06-22T16:08:10.249Z",
        "followersCount": 0,
        "followingsCount": 0
      },
      {
        "id": "2aa10f99-aba5-4a4b-94d4-d0ceaf78f931",
        "email": "testerno24@example.com",
        "username": "johndoeno24",
        "name": "<script>alert(\"xss-test\")</script>",
        "bio": null,
        "gender": null,
        "dob": null,
        "phoneNumber": "0987311111",
        "address": null,
        "profilePic": null,
        "private": false,
        "verified": false,
        "role": 0,
        "accountStatus": true,
        "lastLogin": null,
        "createdAt": "2025-06-22T04:00:43.070Z",
        "updatedAt": "2025-06-22T04:00:43.072Z",
        "followersCount": 0,
        "followingsCount": 0
      },
      {
        "id": "2b84aa24-668a-40e2-af1c-ad4fc4fa5a6f",
        "email": "quang1@gmail.com",
        "username": "quang1",
        "name": "quang1",
        "bio": "Thang Nam Lao Vua Thoi",
        "gender": null,
        "dob": null,
        "phoneNumber": "09874563210",
        "address": null,
        "profilePic": "https://res.cloudinary.com/dizcvrefo/image/upload/v1749027586/nestjs_uploads/xehairydt9rzlbmbmv4c.jpg",
        "private": false,
        "verified": false,
        "role": 0,
        "accountStatus": true,
        "lastLogin": "2025-06-22T16:08:09.419Z",
        "createdAt": "2025-05-22T15:21:16.815Z",
        "updatedAt": "2025-06-22T16:08:09.421Z",
        "followersCount": 2,
        "followingsCount": 3
      },
      {
        "id": "2bd7ed70-b2ce-4c1b-8451-e9498b059290",
        "email": "testerno22@example.com",
        "username": "johndoe223",
        "name": "This is a very long12 name that exceeds the maximum length of fifty characters allowed in the system",
        "bio": null,
        "gender": null,
        "dob": null,
        "phoneNumber": "0987654331",
        "address": null,
        "profilePic": null,
        "private": false,
        "verified": false,
        "role": 0,
        "accountStatus": true,
        "lastLogin": null,
        "createdAt": "2025-06-22T04:00:42.587Z",
        "updatedAt": "2025-06-22T04:00:42.589Z",
        "followersCount": 0,
        "followingsCount": 0
      },
      {
        "id": "2dda0439-5180-45aa-917f-e632e45a8e41",
        "email": "test@example.com",
        "username": "johndoe",
        "name": "John Doe",
        "bio": null,
        "gender": null,
        "dob": null,
        "phoneNumber": "0987654321",
        "address": null,
        "profilePic": null,
        "private": false,
        "verified": false,
        "role": 0,
        "accountStatus": true,
        "lastLogin": "2025-06-22T16:08:06.447Z",
        "createdAt": "2025-06-17T15:18:30.181Z",
        "updatedAt": "2025-06-22T16:08:06.448Z",
        "followersCount": 0,
        "followingsCount": 0
      }
    ]
  }
}


23:54:04.836 [main] INFO com.intuit.karate -- [print] Calling getUsers API v?i bearerToken: eyJhbGciOiJIUzI1NiIsInR5cCI6IkpXVCJ9.eyJzdWIiOiJmNjI4NDUzMi04ZjFlLTRiMDUtYWM1NC1kODAzNzM4NmU4MGMiLCJ1c2VybmFtZSI6InVzZXJubzIiLCJyb2xlIjowLCJpYXQiOjE3NTA2OTQzNTQsImV4cCI6MTc1MDY5Nzk1NH0.cn4pcMTzJbKyd0aw-bN_KvZNRCfEwxef9wljw6vUgkw 
23:54:04.838 [main] INFO com.intuit.karate -- [print] Query params: {
  "page": "1",
  "limit": "-5"
}
 
23:54:04.839 [main] INFO com.intuit.karate -- [print] Response status: 200 body: {
  "message": "",
  "statusCode": 200,
  "status": "success",
  "data": {
    "total": 35,
    "page": 1,
    "limit": 10,
    "totalPages": 4,
    "users": [
      {
        "id": "047b17a4-1e8a-4160-bb8a-db05a94a30cb",
        "email": "testerno1@example.com",
        "username": "johndoetestno1",
        "name": "John Doetesterno1",
        "bio": null,
        "gender": null,
        "dob": null,
        "phoneNumber": "0987654207",
        "address": null,
        "profilePic": null,
        "private": false,
        "verified": false,
        "role": 0,
        "accountStatus": true,
        "lastLogin": null,
        "createdAt": "2025-06-22T04:00:40.803Z",
        "updatedAt": "2025-06-22T04:00:40.804Z",
        "followersCount": 0,
        "followingsCount": 0
      },
      {
        "id": "08515b05-2d3e-4789-ad60-db35525a4970",
        "email": "nam@gmail.com",
        "username": "nam",
        "name": "nam",
        "bio": "Chu tich hoi dong Quan tri 1",
        "gender": null,
        "dob": null,
        "phoneNumber": "0123456789",
        "address": null,
        "profilePic": "https://res.cloudinary.com/dizcvrefo/image/upload/v1749266646/nestjs_uploads/zk9zrpeidnovxibfqdxr.png",
        "private": false,
        "verified": false,
        "role": 0,
        "accountStatus": true,
        "lastLogin": "2025-06-23T16:36:28.159Z",
        "createdAt": "2025-05-22T07:39:58.212Z",
        "updatedAt": "2025-06-23T16:36:28.162Z",
        "followersCount": 2,
        "followingsCount": 5
      },
      {
        "id": "09c10759-ec74-45ca-8274-f1a7f7fdb589",
        "email": "tester1@example.com",
        "username": "johndoetest1",
        "name": "John Doetest",
        "bio": null,
        "gender": null,
        "dob": null,
        "phoneNumber": "0987654322",
        "address": null,
        "profilePic": null,
        "private": false,
        "verified": false,
        "role": 0,
        "accountStatus": true,
        "lastLogin": null,
        "createdAt": "2025-06-22T02:12:16.282Z",
        "updatedAt": "2025-06-22T02:12:16.284Z",
        "followersCount": 0,
        "followingsCount": 0
      },
      {
        "id": "0a37ef43-fee8-41d3-a686-8ab086948695",
        "email": "testit2@gmail.com",
        "username": "johndoe21",
        "name": "John Doe",
        "bio": null,
        "gender": null,
        "dob": null,
        "phoneNumber": "0123456712",
        "address": null,
        "profilePic": null,
        "private": false,
        "verified": false,
        "role": 0,
        "accountStatus": true,
        "lastLogin": "2025-06-22T16:08:09.276Z",
        "createdAt": "2025-06-22T03:45:37.141Z",
        "updatedAt": "2025-06-22T16:08:09.278Z",
        "followersCount": 0,
        "followingsCount": 0
      },
      {
        "id": "1fa871af-f9fe-47b5-b416-4f9c3d544065",
        "email": "testerno2@example.com",
        "username": "janesmithtesstno1",
        "name": "Jane Smithtestno1",
        "bio": null,
        "gender": null,
        "dob": null,
        "phoneNumber": "01234567203",
        "address": null,
        "profilePic": null,
        "private": false,
        "verified": false,
        "role": 0,
        "accountStatus": true,
        "lastLogin": null,
        "createdAt": "2025-06-22T04:00:41.081Z",
        "updatedAt": "2025-06-22T04:00:41.083Z",
        "followersCount": 0,
        "followingsCount": 0
      },
      {
        "id": "272f6b55-5179-4ae3-8563-b4ec10f76715",
        "email": "testit5@gmail.com",
        "username": "johndoe2d5d",
        "name": "John Doe",
        "bio": null,
        "gender": null,
        "dob": null,
        "phoneNumber": "0123456132",
        "address": null,
        "profilePic": null,
        "private": false,
        "verified": false,
        "role": 0,
        "accountStatus": true,
        "lastLogin": "2025-06-22T16:08:10.247Z",
        "createdAt": "2025-06-22T14:55:01.797Z",
        "updatedAt": "2025-06-22T16:08:10.249Z",
        "followersCount": 0,
        "followingsCount": 0
      },
      {
        "id": "2aa10f99-aba5-4a4b-94d4-d0ceaf78f931",
        "email": "testerno24@example.com",
        "username": "johndoeno24",
        "name": "<script>alert(\"xss-test\")</script>",
        "bio": null,
        "gender": null,
        "dob": null,
        "phoneNumber": "0987311111",
        "address": null,
        "profilePic": null,
        "private": false,
        "verified": false,
        "role": 0,
        "accountStatus": true,
        "lastLogin": null,
        "createdAt": "2025-06-22T04:00:43.070Z",
        "updatedAt": "2025-06-22T04:00:43.072Z",
        "followersCount": 0,
        "followingsCount": 0
      },
      {
        "id": "2b84aa24-668a-40e2-af1c-ad4fc4fa5a6f",
        "email": "quang1@gmail.com",
        "username": "quang1",
        "name": "quang1",
        "bio": "Thang Nam Lao Vua Thoi",
        "gender": null,
        "dob": null,
        "phoneNumber": "09874563210",
        "address": null,
        "profilePic": "https://res.cloudinary.com/dizcvrefo/image/upload/v1749027586/nestjs_uploads/xehairydt9rzlbmbmv4c.jpg",
        "private": false,
        "verified": false,
        "role": 0,
        "accountStatus": true,
        "lastLogin": "2025-06-22T16:08:09.419Z",
        "createdAt": "2025-05-22T15:21:16.815Z",
        "updatedAt": "2025-06-22T16:08:09.421Z",
        "followersCount": 2,
        "followingsCount": 3
      },
      {
        "id": "2bd7ed70-b2ce-4c1b-8451-e9498b059290",
        "email": "testerno22@example.com",
        "username": "johndoe223",
        "name": "This is a very long12 name that exceeds the maximum length of fifty characters allowed in the system",
        "bio": null,
        "gender": null,
        "dob": null,
        "phoneNumber": "0987654331",
        "address": null,
        "profilePic": null,
        "private": false,
        "verified": false,
        "role": 0,
        "accountStatus": true,
        "lastLogin": null,
        "createdAt": "2025-06-22T04:00:42.587Z",
        "updatedAt": "2025-06-22T04:00:42.589Z",
        "followersCount": 0,
        "followingsCount": 0
      },
      {
        "id": "2dda0439-5180-45aa-917f-e632e45a8e41",
        "email": "test@example.com",
        "username": "johndoe",
        "name": "John Doe",
        "bio": null,
        "gender": null,
        "dob": null,
        "phoneNumber": "0987654321",
        "address": null,
        "profilePic": null,
        "private": false,
        "verified": false,
        "role": 0,
        "accountStatus": true,
        "lastLogin": "2025-06-22T16:08:06.447Z",
        "createdAt": "2025-06-17T15:18:30.181Z",
        "updatedAt": "2025-06-22T16:08:06.448Z",
        "followersCount": 0,
        "followingsCount": 0
      }
    ]
  }
}
 
23:54:04.842 [main] INFO com.intuit.karate -- ? TEST FAILED - Status mismatch: Expected 400, got 200 
23:54:04.848 [main] INFO com.intuit.karate -- Test case #10 completed - Status: 200 
23:54:04.849 [main] INFO com.intuit.karate -- ?ang ch?y test case #11: TC13: Non-numeric page 
23:54:04.863 [main] INFO com.intuit.karate -- karate.env system property was: null 
23:54:04.866 [main] DEBUG com.jayway.jsonpath.internal.path.CompiledPath -- Evaluating path: $
23:54:04.866 [main] DEBUG com.jayway.jsonpath.internal.path.CompiledPath -- Evaluating path: $
23:54:04.869 [main] DEBUG org.apache.http.client.protocol.RequestAddCookies -- CookieSpec selected: karate
23:54:04.869 [main] DEBUG org.apache.http.client.protocol.RequestAuthCache -- Auth cache not set in the context
23:54:04.869 [main] DEBUG com.intuit.karate -- request:
1 > GET http://localhost:3000/users/get-users?limit=10&page=abc
1 > Authorization: Bearer eyJhbGciOiJIUzI1NiIsInR5cCI6IkpXVCJ9.eyJzdWIiOiJmNjI4NDUzMi04ZjFlLTRiMDUtYWM1NC1kODAzNzM4NmU4MGMiLCJ1c2VybmFtZSI6InVzZXJubzIiLCJyb2xlIjowLCJpYXQiOjE3NTA2OTQzNTQsImV4cCI6MTc1MDY5Nzk1NH0.cn4pcMTzJbKyd0aw-bN_KvZNRCfEwxef9wljw6vUgkw
1 > Host: localhost:3000
1 > Connection: Keep-Alive
1 > User-Agent: Apache-HttpClient/4.5.14 (Java/17.0.9)
1 > Accept-Encoding: gzip,deflate


23:54:04.869 [main] DEBUG org.apache.http.impl.conn.PoolingHttpClientConnectionManager -- Connection request: [route: {}->http://localhost:3000][total available: 0; route allocated: 0 of 5; total allocated: 0 of 10]
23:54:04.869 [main] DEBUG org.apache.http.impl.conn.PoolingHttpClientConnectionManager -- Connection leased: [id: 10][route: {}->http://localhost:3000][total available: 0; route allocated: 1 of 5; total allocated: 1 of 10]
23:54:04.869 [main] DEBUG org.apache.http.impl.execchain.MainClientExec -- Opening connection {}->http://localhost:3000
23:54:04.869 [main] DEBUG org.apache.http.impl.conn.DefaultHttpClientConnectionOperator -- Connecting to localhost/127.0.0.1:3000
23:54:04.871 [main] DEBUG org.apache.http.impl.conn.DefaultHttpClientConnectionOperator -- Connection established 127.0.0.1:62894<->127.0.0.1:3000
23:54:04.871 [main] DEBUG org.apache.http.impl.conn.DefaultManagedHttpClientConnection -- http-outgoing-10: set socket timeout to 5000
23:54:04.871 [main] DEBUG org.apache.http.impl.execchain.MainClientExec -- Executing request GET /users/get-users?limit=10&page=abc HTTP/1.1
23:54:04.871 [main] DEBUG org.apache.http.impl.execchain.MainClientExec -- Proxy auth state: UNCHALLENGED
23:54:04.872 [main] DEBUG org.apache.http.headers -- http-outgoing-10 >> GET /users/get-users?limit=10&page=abc HTTP/1.1
23:54:04.872 [main] DEBUG org.apache.http.headers -- http-outgoing-10 >> Authorization: Bearer eyJhbGciOiJIUzI1NiIsInR5cCI6IkpXVCJ9.eyJzdWIiOiJmNjI4NDUzMi04ZjFlLTRiMDUtYWM1NC1kODAzNzM4NmU4MGMiLCJ1c2VybmFtZSI6InVzZXJubzIiLCJyb2xlIjowLCJpYXQiOjE3NTA2OTQzNTQsImV4cCI6MTc1MDY5Nzk1NH0.cn4pcMTzJbKyd0aw-bN_KvZNRCfEwxef9wljw6vUgkw
23:54:04.872 [main] DEBUG org.apache.http.headers -- http-outgoing-10 >> Host: localhost:3000
23:54:04.872 [main] DEBUG org.apache.http.headers -- http-outgoing-10 >> Connection: Keep-Alive
23:54:04.872 [main] DEBUG org.apache.http.headers -- http-outgoing-10 >> User-Agent: Apache-HttpClient/4.5.14 (Java/17.0.9)
23:54:04.872 [main] DEBUG org.apache.http.headers -- http-outgoing-10 >> Accept-Encoding: gzip,deflate
23:54:04.872 [main] DEBUG org.apache.http.wire -- http-outgoing-10 >> "GET /users/get-users?limit=10&page=abc HTTP/1.1[\r][\n]"
23:54:04.872 [main] DEBUG org.apache.http.wire -- http-outgoing-10 >> "Authorization: Bearer eyJhbGciOiJIUzI1NiIsInR5cCI6IkpXVCJ9.eyJzdWIiOiJmNjI4NDUzMi04ZjFlLTRiMDUtYWM1NC1kODAzNzM4NmU4MGMiLCJ1c2VybmFtZSI6InVzZXJubzIiLCJyb2xlIjowLCJpYXQiOjE3NTA2OTQzNTQsImV4cCI6MTc1MDY5Nzk1NH0.cn4pcMTzJbKyd0aw-bN_KvZNRCfEwxef9wljw6vUgkw[\r][\n]"
23:54:04.872 [main] DEBUG org.apache.http.wire -- http-outgoing-10 >> "Host: localhost:3000[\r][\n]"
23:54:04.872 [main] DEBUG org.apache.http.wire -- http-outgoing-10 >> "Connection: Keep-Alive[\r][\n]"
23:54:04.872 [main] DEBUG org.apache.http.wire -- http-outgoing-10 >> "User-Agent: Apache-HttpClient/4.5.14 (Java/17.0.9)[\r][\n]"
23:54:04.872 [main] DEBUG org.apache.http.wire -- http-outgoing-10 >> "Accept-Encoding: gzip,deflate[\r][\n]"
23:54:04.872 [main] DEBUG org.apache.http.wire -- http-outgoing-10 >> "[\r][\n]"
23:54:05.377 [main] DEBUG org.apache.http.wire -- http-outgoing-10 << "HTTP/1.1 200 OK[\r][\n]"
23:54:05.377 [main] DEBUG org.apache.http.wire -- http-outgoing-10 << "X-Powered-By: Express[\r][\n]"
23:54:05.377 [main] DEBUG org.apache.http.wire -- http-outgoing-10 << "Access-Control-Allow-Origin: *[\r][\n]"
23:54:05.377 [main] DEBUG org.apache.http.wire -- http-outgoing-10 << "Content-Type: application/json; charset=utf-8[\r][\n]"
23:54:05.377 [main] DEBUG org.apache.http.wire -- http-outgoing-10 << "Content-Length: 4710[\r][\n]"
23:54:05.378 [main] DEBUG org.apache.http.wire -- http-outgoing-10 << "ETag: W/"1266-eCTAhJmtaJLWyJcV1EBbmSXtxkY"[\r][\n]"
23:54:05.378 [main] DEBUG org.apache.http.wire -- http-outgoing-10 << "Date: Mon, 23 Jun 2025 16:54:05 GMT[\r][\n]"
23:54:05.378 [main] DEBUG org.apache.http.wire -- http-outgoing-10 << "Connection: keep-alive[\r][\n]"
23:54:05.378 [main] DEBUG org.apache.http.wire -- http-outgoing-10 << "Keep-Alive: timeout=5[\r][\n]"
23:54:05.378 [main] DEBUG org.apache.http.wire -- http-outgoing-10 << "[\r][\n]"
23:54:05.378 [main] DEBUG org.apache.http.wire -- http-outgoing-10 << "{"message":"","statusCode":200,"status":"success","data":{"total":35,"page":1,"limit":10,"totalPages":4,"users":[{"id":"047b17a4-1e8a-4160-bb8a-db05a94a30cb","email":"testerno1@example.com","username":"johndoetestno1","name":"John Doetesterno1","bio":null,"gender":null,"dob":null,"phoneNumber":"0987654207","address":null,"profilePic":null,"private":false,"verified":false,"role":0,"accountStatus":true,"lastLogin":null,"createdAt":"2025-06-22T04:00:40.803Z","updatedAt":"2025-06-22T04:00:40.804Z","followersCount":0,"followingsCount":0},{"id":"08515b05-2d3e-4789-ad60-db35525a4970","email":"nam@gmail.com","username":"nam","name":"nam","bio":"Chu tich hoi dong Quan tri 1","gender":null,"dob":null,"phoneNumber":"0123456789","address":null,"profilePic":"https://res.cloudinary.com/dizcvrefo/image/upload/v1749266646/nestjs_uploads/zk9zrpeidnovxibfqdxr.png","private":false,"verified":false,"role":0,"accountStatus":true,"lastLogin":"2025-06-23T16:36:28.159Z","createdAt":"2025-05-22T07:39:58.212Z","updatedAt":"2025-06-23T16:36:28.162Z","followersCount":2,"followingsCount":5},{"id":"09c10759-ec74-45ca-8274-f1a7f7fdb589","email":"tester1@example.com","username":"johndoetest1","name":"John Doetest","bio":null,"gender":null,"dob":null,"phoneNumber":"0987654322","address":null,"profilePic":null,"private":false,"verified":false,"role":0,"accountStatus":true,"lastLogin":null,"createdAt":"2025-06-22T02:12:16.282Z","updatedAt":"2025-06-22T02:12:16.284Z","followersCount":0,"followingsCount":0},{"id":"0a37ef43-fee8-41d3-a686-8ab086948695","email":"testit2@gmail.com","username":"johndoe21","name":"John Doe","bio":null,"gender":null,"dob":null,"phoneNumber":"0123456712","address":null,"profilePic":null,"private":false,"verified":false,"role":0,"accountStatus":true,"lastLogin":"2025-06-22T16:08:09.276Z","createdAt":"2025-06-22T03:45:37.141Z","updatedAt":"2025-06-22T16:08:09.278Z","followersCount":0,"followingsCount":0},{"id":"1fa871af-f9fe-47b5-b416-4f9c3d544065","email":"testerno2@example.com","username":"janesmithtesstno1","name":"Jane Smithtestno1","bio":null,"gender":null,"dob":null,"phoneNumber":"01234567203","address":null,"profilePic":null,"private":false,"verified":false,"role":0,"accountStatus":true,"lastLogin":null,"createdAt":"2025-06-22T04:00:41.081Z","updatedAt":"2025-06-22T04:00:41.083Z","followersCount":0,"followingsCount":0},{"id":"272f6b55-5179-4ae3-8563-b4ec10f76715","email":"testit5@gmail.com","username":"johndoe2d5d","name":"John Doe","bio":null,"gender":null,"dob":null,"phoneNumber":"0123456132","address":null,"profilePic":null,"private":false,"verified":false,"role":0,"accountStatus":true,"lastLogin":"2025-06-22T16:08:10.247Z","createdAt":"2025-06-22T14:55:01.797Z","updatedAt":"2025-06-22T16:08:10.249Z","followersCount":0,"followingsCount":0},{"id":"2aa10f99-aba5-4a4b-94d4-d0ceaf78f931","email":"testerno24@example.com","username":"johndoeno24","name":"<script>alert(\"xss-test\")</script>","bio":null,"gender":null,"dob":null,"phoneNumber":"0987311111","address":null,"profilePic":null,"private":false,"verified":false,"role":0,"accountStatus":true,"lastLogin":null,"createdAt":"2025-06-22T04:00:43.070Z","updatedAt":"2025-06-22T04:00:43.072Z","followersCount":0,"followingsCount":0},{"id":"2b84aa24-668a-40e2-af1c-ad4fc4fa5a6f","email":"quang1@gmail.com","username":"quang1","name":"quang1","bio":"Thang Nam Lao Vua Thoi","gender":null,"dob":null,"phoneNumber":"09874563210","address":null,"profilePic":"https://res.cloudinary.com/dizcvrefo/image/upload/v1749027586/nestjs_uploads/xehairydt9rzlbmbmv4c.jpg","private":false,"verified":false,"role":0,"accountStatus":true,"lastLogin":"2025-06-22T16:08:09.419Z","createdAt":"2025-05-22T15:21:16.815Z","updatedAt":"2025-06-22T16:08:09.421Z","followersCount":2,"followingsCount":3},{"id":"2bd7ed70-b2ce-4c1b-8451-e9498b059290","email":"testerno22@example.com","username":"johndoe223","name":"This is a very long12 name that exceeds the maximum length of fifty characters allowed in the system","bio":null,"gender":null,"dob":null,"phoneNumber":"0987654331","address":null,"profilePic":null,"private":false,"verified":false,"role":0,"accountStatus":true,"lastLogin":null,"createdAt":"2025-06-22T04:00:42.587Z","updatedAt":"2025-06-22T04:00:42.589Z","followersCount":0,"followingsCount":0},{"id":"2dda0439-5180-45aa-917f-e632e45a8e41","email":"test@example.com","username":"johndoe","name":"John Doe","bio":null,"gender":null,"dob":null,"phoneNumber":"0987654321","address":null,"profilePic":null,"private":false,"verified":false,"role":0,"accountStatus":true,"lastLogin":"2025-06-22T16:08:06.447Z","createdAt":"2025-06-17T15:18:30.181Z","updatedAt":"2025-06-22T16:08:06.448Z","followersCount":0,"followingsCount":0}]}}"
23:54:05.378 [main] DEBUG org.apache.http.headers -- http-outgoing-10 << HTTP/1.1 200 OK
23:54:05.379 [main] DEBUG org.apache.http.headers -- http-outgoing-10 << X-Powered-By: Express
23:54:05.379 [main] DEBUG org.apache.http.headers -- http-outgoing-10 << Access-Control-Allow-Origin: *
23:54:05.379 [main] DEBUG org.apache.http.headers -- http-outgoing-10 << Content-Type: application/json; charset=utf-8
23:54:05.379 [main] DEBUG org.apache.http.headers -- http-outgoing-10 << Content-Length: 4710
23:54:05.379 [main] DEBUG org.apache.http.headers -- http-outgoing-10 << ETag: W/"1266-eCTAhJmtaJLWyJcV1EBbmSXtxkY"
23:54:05.379 [main] DEBUG org.apache.http.headers -- http-outgoing-10 << Date: Mon, 23 Jun 2025 16:54:05 GMT
23:54:05.379 [main] DEBUG org.apache.http.headers -- http-outgoing-10 << Connection: keep-alive
23:54:05.379 [main] DEBUG org.apache.http.headers -- http-outgoing-10 << Keep-Alive: timeout=5
23:54:05.379 [main] DEBUG org.apache.http.impl.execchain.MainClientExec -- Connection can be kept alive for 5000 MILLISECONDS
23:54:05.379 [main] DEBUG org.apache.http.impl.conn.PoolingHttpClientConnectionManager -- Connection [id: 10][route: {}->http://localhost:3000] can be kept alive for 5.0 seconds
23:54:05.379 [main] DEBUG org.apache.http.impl.conn.DefaultManagedHttpClientConnection -- http-outgoing-10: set socket timeout to 0
23:54:05.379 [main] DEBUG org.apache.http.impl.conn.PoolingHttpClientConnectionManager -- Connection released: [id: 10][route: {}->http://localhost:3000][total available: 1; route allocated: 1 of 5; total allocated: 1 of 10]
23:54:05.379 [main] DEBUG org.apache.http.impl.conn.PoolingHttpClientConnectionManager -- Connection manager is shutting down
23:54:05.379 [main] DEBUG org.apache.http.impl.conn.DefaultManagedHttpClientConnection -- http-outgoing-10: Close connection
23:54:05.379 [main] DEBUG org.apache.http.impl.conn.PoolingHttpClientConnectionManager -- Connection manager shut down
23:54:05.380 [main] DEBUG com.intuit.karate -- response time in milliseconds: 510
1 < 200
1 < X-Powered-By: Express
1 < Access-Control-Allow-Origin: *
1 < Content-Type: application/json; charset=utf-8
1 < Content-Length: 4710
1 < ETag: W/"1266-eCTAhJmtaJLWyJcV1EBbmSXtxkY"
1 < Date: Mon, 23 Jun 2025 16:54:05 GMT
1 < Connection: keep-alive
1 < Keep-Alive: timeout=5
{
  "message": "",
  "statusCode": 200,
  "status": "success",
  "data": {
    "total": 35,
    "page": 1,
    "limit": 10,
    "totalPages": 4,
    "users": [
      {
        "id": "047b17a4-1e8a-4160-bb8a-db05a94a30cb",
        "email": "testerno1@example.com",
        "username": "johndoetestno1",
        "name": "John Doetesterno1",
        "bio": null,
        "gender": null,
        "dob": null,
        "phoneNumber": "0987654207",
        "address": null,
        "profilePic": null,
        "private": false,
        "verified": false,
        "role": 0,
        "accountStatus": true,
        "lastLogin": null,
        "createdAt": "2025-06-22T04:00:40.803Z",
        "updatedAt": "2025-06-22T04:00:40.804Z",
        "followersCount": 0,
        "followingsCount": 0
      },
      {
        "id": "08515b05-2d3e-4789-ad60-db35525a4970",
        "email": "nam@gmail.com",
        "username": "nam",
        "name": "nam",
        "bio": "Chu tich hoi dong Quan tri 1",
        "gender": null,
        "dob": null,
        "phoneNumber": "0123456789",
        "address": null,
        "profilePic": "https://res.cloudinary.com/dizcvrefo/image/upload/v1749266646/nestjs_uploads/zk9zrpeidnovxibfqdxr.png",
        "private": false,
        "verified": false,
        "role": 0,
        "accountStatus": true,
        "lastLogin": "2025-06-23T16:36:28.159Z",
        "createdAt": "2025-05-22T07:39:58.212Z",
        "updatedAt": "2025-06-23T16:36:28.162Z",
        "followersCount": 2,
        "followingsCount": 5
      },
      {
        "id": "09c10759-ec74-45ca-8274-f1a7f7fdb589",
        "email": "tester1@example.com",
        "username": "johndoetest1",
        "name": "John Doetest",
        "bio": null,
        "gender": null,
        "dob": null,
        "phoneNumber": "0987654322",
        "address": null,
        "profilePic": null,
        "private": false,
        "verified": false,
        "role": 0,
        "accountStatus": true,
        "lastLogin": null,
        "createdAt": "2025-06-22T02:12:16.282Z",
        "updatedAt": "2025-06-22T02:12:16.284Z",
        "followersCount": 0,
        "followingsCount": 0
      },
      {
        "id": "0a37ef43-fee8-41d3-a686-8ab086948695",
        "email": "testit2@gmail.com",
        "username": "johndoe21",
        "name": "John Doe",
        "bio": null,
        "gender": null,
        "dob": null,
        "phoneNumber": "0123456712",
        "address": null,
        "profilePic": null,
        "private": false,
        "verified": false,
        "role": 0,
        "accountStatus": true,
        "lastLogin": "2025-06-22T16:08:09.276Z",
        "createdAt": "2025-06-22T03:45:37.141Z",
        "updatedAt": "2025-06-22T16:08:09.278Z",
        "followersCount": 0,
        "followingsCount": 0
      },
      {
        "id": "1fa871af-f9fe-47b5-b416-4f9c3d544065",
        "email": "testerno2@example.com",
        "username": "janesmithtesstno1",
        "name": "Jane Smithtestno1",
        "bio": null,
        "gender": null,
        "dob": null,
        "phoneNumber": "01234567203",
        "address": null,
        "profilePic": null,
        "private": false,
        "verified": false,
        "role": 0,
        "accountStatus": true,
        "lastLogin": null,
        "createdAt": "2025-06-22T04:00:41.081Z",
        "updatedAt": "2025-06-22T04:00:41.083Z",
        "followersCount": 0,
        "followingsCount": 0
      },
      {
        "id": "272f6b55-5179-4ae3-8563-b4ec10f76715",
        "email": "testit5@gmail.com",
        "username": "johndoe2d5d",
        "name": "John Doe",
        "bio": null,
        "gender": null,
        "dob": null,
        "phoneNumber": "0123456132",
        "address": null,
        "profilePic": null,
        "private": false,
        "verified": false,
        "role": 0,
        "accountStatus": true,
        "lastLogin": "2025-06-22T16:08:10.247Z",
        "createdAt": "2025-06-22T14:55:01.797Z",
        "updatedAt": "2025-06-22T16:08:10.249Z",
        "followersCount": 0,
        "followingsCount": 0
      },
      {
        "id": "2aa10f99-aba5-4a4b-94d4-d0ceaf78f931",
        "email": "testerno24@example.com",
        "username": "johndoeno24",
        "name": "<script>alert(\"xss-test\")</script>",
        "bio": null,
        "gender": null,
        "dob": null,
        "phoneNumber": "0987311111",
        "address": null,
        "profilePic": null,
        "private": false,
        "verified": false,
        "role": 0,
        "accountStatus": true,
        "lastLogin": null,
        "createdAt": "2025-06-22T04:00:43.070Z",
        "updatedAt": "2025-06-22T04:00:43.072Z",
        "followersCount": 0,
        "followingsCount": 0
      },
      {
        "id": "2b84aa24-668a-40e2-af1c-ad4fc4fa5a6f",
        "email": "quang1@gmail.com",
        "username": "quang1",
        "name": "quang1",
        "bio": "Thang Nam Lao Vua Thoi",
        "gender": null,
        "dob": null,
        "phoneNumber": "09874563210",
        "address": null,
        "profilePic": "https://res.cloudinary.com/dizcvrefo/image/upload/v1749027586/nestjs_uploads/xehairydt9rzlbmbmv4c.jpg",
        "private": false,
        "verified": false,
        "role": 0,
        "accountStatus": true,
        "lastLogin": "2025-06-22T16:08:09.419Z",
        "createdAt": "2025-05-22T15:21:16.815Z",
        "updatedAt": "2025-06-22T16:08:09.421Z",
        "followersCount": 2,
        "followingsCount": 3
      },
      {
        "id": "2bd7ed70-b2ce-4c1b-8451-e9498b059290",
        "email": "testerno22@example.com",
        "username": "johndoe223",
        "name": "This is a very long12 name that exceeds the maximum length of fifty characters allowed in the system",
        "bio": null,
        "gender": null,
        "dob": null,
        "phoneNumber": "0987654331",
        "address": null,
        "profilePic": null,
        "private": false,
        "verified": false,
        "role": 0,
        "accountStatus": true,
        "lastLogin": null,
        "createdAt": "2025-06-22T04:00:42.587Z",
        "updatedAt": "2025-06-22T04:00:42.589Z",
        "followersCount": 0,
        "followingsCount": 0
      },
      {
        "id": "2dda0439-5180-45aa-917f-e632e45a8e41",
        "email": "test@example.com",
        "username": "johndoe",
        "name": "John Doe",
        "bio": null,
        "gender": null,
        "dob": null,
        "phoneNumber": "0987654321",
        "address": null,
        "profilePic": null,
        "private": false,
        "verified": false,
        "role": 0,
        "accountStatus": true,
        "lastLogin": "2025-06-22T16:08:06.447Z",
        "createdAt": "2025-06-17T15:18:30.181Z",
        "updatedAt": "2025-06-22T16:08:06.448Z",
        "followersCount": 0,
        "followingsCount": 0
      }
    ]
  }
}


23:54:05.381 [main] INFO com.intuit.karate -- [print] Calling getUsers API v?i bearerToken: eyJhbGciOiJIUzI1NiIsInR5cCI6IkpXVCJ9.eyJzdWIiOiJmNjI4NDUzMi04ZjFlLTRiMDUtYWM1NC1kODAzNzM4NmU4MGMiLCJ1c2VybmFtZSI6InVzZXJubzIiLCJyb2xlIjowLCJpYXQiOjE3NTA2OTQzNTQsImV4cCI6MTc1MDY5Nzk1NH0.cn4pcMTzJbKyd0aw-bN_KvZNRCfEwxef9wljw6vUgkw 
23:54:05.381 [main] INFO com.intuit.karate -- [print] Query params: {
  "page": "abc",
  "limit": "10"
}
 
23:54:05.381 [main] INFO com.intuit.karate -- [print] Response status: 200 body: {
  "message": "",
  "statusCode": 200,
  "status": "success",
  "data": {
    "total": 35,
    "page": 1,
    "limit": 10,
    "totalPages": 4,
    "users": [
      {
        "id": "047b17a4-1e8a-4160-bb8a-db05a94a30cb",
        "email": "testerno1@example.com",
        "username": "johndoetestno1",
        "name": "John Doetesterno1",
        "bio": null,
        "gender": null,
        "dob": null,
        "phoneNumber": "0987654207",
        "address": null,
        "profilePic": null,
        "private": false,
        "verified": false,
        "role": 0,
        "accountStatus": true,
        "lastLogin": null,
        "createdAt": "2025-06-22T04:00:40.803Z",
        "updatedAt": "2025-06-22T04:00:40.804Z",
        "followersCount": 0,
        "followingsCount": 0
      },
      {
        "id": "08515b05-2d3e-4789-ad60-db35525a4970",
        "email": "nam@gmail.com",
        "username": "nam",
        "name": "nam",
        "bio": "Chu tich hoi dong Quan tri 1",
        "gender": null,
        "dob": null,
        "phoneNumber": "0123456789",
        "address": null,
        "profilePic": "https://res.cloudinary.com/dizcvrefo/image/upload/v1749266646/nestjs_uploads/zk9zrpeidnovxibfqdxr.png",
        "private": false,
        "verified": false,
        "role": 0,
        "accountStatus": true,
        "lastLogin": "2025-06-23T16:36:28.159Z",
        "createdAt": "2025-05-22T07:39:58.212Z",
        "updatedAt": "2025-06-23T16:36:28.162Z",
        "followersCount": 2,
        "followingsCount": 5
      },
      {
        "id": "09c10759-ec74-45ca-8274-f1a7f7fdb589",
        "email": "tester1@example.com",
        "username": "johndoetest1",
        "name": "John Doetest",
        "bio": null,
        "gender": null,
        "dob": null,
        "phoneNumber": "0987654322",
        "address": null,
        "profilePic": null,
        "private": false,
        "verified": false,
        "role": 0,
        "accountStatus": true,
        "lastLogin": null,
        "createdAt": "2025-06-22T02:12:16.282Z",
        "updatedAt": "2025-06-22T02:12:16.284Z",
        "followersCount": 0,
        "followingsCount": 0
      },
      {
        "id": "0a37ef43-fee8-41d3-a686-8ab086948695",
        "email": "testit2@gmail.com",
        "username": "johndoe21",
        "name": "John Doe",
        "bio": null,
        "gender": null,
        "dob": null,
        "phoneNumber": "0123456712",
        "address": null,
        "profilePic": null,
        "private": false,
        "verified": false,
        "role": 0,
        "accountStatus": true,
        "lastLogin": "2025-06-22T16:08:09.276Z",
        "createdAt": "2025-06-22T03:45:37.141Z",
        "updatedAt": "2025-06-22T16:08:09.278Z",
        "followersCount": 0,
        "followingsCount": 0
      },
      {
        "id": "1fa871af-f9fe-47b5-b416-4f9c3d544065",
        "email": "testerno2@example.com",
        "username": "janesmithtesstno1",
        "name": "Jane Smithtestno1",
        "bio": null,
        "gender": null,
        "dob": null,
        "phoneNumber": "01234567203",
        "address": null,
        "profilePic": null,
        "private": false,
        "verified": false,
        "role": 0,
        "accountStatus": true,
        "lastLogin": null,
        "createdAt": "2025-06-22T04:00:41.081Z",
        "updatedAt": "2025-06-22T04:00:41.083Z",
        "followersCount": 0,
        "followingsCount": 0
      },
      {
        "id": "272f6b55-5179-4ae3-8563-b4ec10f76715",
        "email": "testit5@gmail.com",
        "username": "johndoe2d5d",
        "name": "John Doe",
        "bio": null,
        "gender": null,
        "dob": null,
        "phoneNumber": "0123456132",
        "address": null,
        "profilePic": null,
        "private": false,
        "verified": false,
        "role": 0,
        "accountStatus": true,
        "lastLogin": "2025-06-22T16:08:10.247Z",
        "createdAt": "2025-06-22T14:55:01.797Z",
        "updatedAt": "2025-06-22T16:08:10.249Z",
        "followersCount": 0,
        "followingsCount": 0
      },
      {
        "id": "2aa10f99-aba5-4a4b-94d4-d0ceaf78f931",
        "email": "testerno24@example.com",
        "username": "johndoeno24",
        "name": "<script>alert(\"xss-test\")</script>",
        "bio": null,
        "gender": null,
        "dob": null,
        "phoneNumber": "0987311111",
        "address": null,
        "profilePic": null,
        "private": false,
        "verified": false,
        "role": 0,
        "accountStatus": true,
        "lastLogin": null,
        "createdAt": "2025-06-22T04:00:43.070Z",
        "updatedAt": "2025-06-22T04:00:43.072Z",
        "followersCount": 0,
        "followingsCount": 0
      },
      {
        "id": "2b84aa24-668a-40e2-af1c-ad4fc4fa5a6f",
        "email": "quang1@gmail.com",
        "username": "quang1",
        "name": "quang1",
        "bio": "Thang Nam Lao Vua Thoi",
        "gender": null,
        "dob": null,
        "phoneNumber": "09874563210",
        "address": null,
        "profilePic": "https://res.cloudinary.com/dizcvrefo/image/upload/v1749027586/nestjs_uploads/xehairydt9rzlbmbmv4c.jpg",
        "private": false,
        "verified": false,
        "role": 0,
        "accountStatus": true,
        "lastLogin": "2025-06-22T16:08:09.419Z",
        "createdAt": "2025-05-22T15:21:16.815Z",
        "updatedAt": "2025-06-22T16:08:09.421Z",
        "followersCount": 2,
        "followingsCount": 3
      },
      {
        "id": "2bd7ed70-b2ce-4c1b-8451-e9498b059290",
        "email": "testerno22@example.com",
        "username": "johndoe223",
        "name": "This is a very long12 name that exceeds the maximum length of fifty characters allowed in the system",
        "bio": null,
        "gender": null,
        "dob": null,
        "phoneNumber": "0987654331",
        "address": null,
        "profilePic": null,
        "private": false,
        "verified": false,
        "role": 0,
        "accountStatus": true,
        "lastLogin": null,
        "createdAt": "2025-06-22T04:00:42.587Z",
        "updatedAt": "2025-06-22T04:00:42.589Z",
        "followersCount": 0,
        "followingsCount": 0
      },
      {
        "id": "2dda0439-5180-45aa-917f-e632e45a8e41",
        "email": "test@example.com",
        "username": "johndoe",
        "name": "John Doe",
        "bio": null,
        "gender": null,
        "dob": null,
        "phoneNumber": "0987654321",
        "address": null,
        "profilePic": null,
        "private": false,
        "verified": false,
        "role": 0,
        "accountStatus": true,
        "lastLogin": "2025-06-22T16:08:06.447Z",
        "createdAt": "2025-06-17T15:18:30.181Z",
        "updatedAt": "2025-06-22T16:08:06.448Z",
        "followersCount": 0,
        "followingsCount": 0
      }
    ]
  }
}
 
23:54:05.382 [main] INFO com.intuit.karate -- ? TEST FAILED - Status mismatch: Expected 400, got 200 
23:54:05.385 [main] INFO com.intuit.karate -- Test case #11 completed - Status: 200 
23:54:05.385 [main] INFO com.intuit.karate -- ?ang ch?y test case #12: TC14: Non-numeric limit 
23:54:05.392 [main] INFO com.intuit.karate -- karate.env system property was: null 
23:54:05.393 [main] DEBUG com.jayway.jsonpath.internal.path.CompiledPath -- Evaluating path: $
23:54:05.394 [main] DEBUG com.jayway.jsonpath.internal.path.CompiledPath -- Evaluating path: $
23:54:05.395 [main] DEBUG org.apache.http.client.protocol.RequestAddCookies -- CookieSpec selected: karate
23:54:05.395 [main] DEBUG org.apache.http.client.protocol.RequestAuthCache -- Auth cache not set in the context
23:54:05.395 [main] DEBUG com.intuit.karate -- request:
1 > GET http://localhost:3000/users/get-users?limit=xyz&page=1
1 > Authorization: Bearer eyJhbGciOiJIUzI1NiIsInR5cCI6IkpXVCJ9.eyJzdWIiOiJmNjI4NDUzMi04ZjFlLTRiMDUtYWM1NC1kODAzNzM4NmU4MGMiLCJ1c2VybmFtZSI6InVzZXJubzIiLCJyb2xlIjowLCJpYXQiOjE3NTA2OTQzNTQsImV4cCI6MTc1MDY5Nzk1NH0.cn4pcMTzJbKyd0aw-bN_KvZNRCfEwxef9wljw6vUgkw
1 > Host: localhost:3000
1 > Connection: Keep-Alive
1 > User-Agent: Apache-HttpClient/4.5.14 (Java/17.0.9)
1 > Accept-Encoding: gzip,deflate


23:54:05.395 [main] DEBUG org.apache.http.impl.conn.PoolingHttpClientConnectionManager -- Connection request: [route: {}->http://localhost:3000][total available: 0; route allocated: 0 of 5; total allocated: 0 of 10]
23:54:05.395 [main] DEBUG org.apache.http.impl.conn.PoolingHttpClientConnectionManager -- Connection leased: [id: 11][route: {}->http://localhost:3000][total available: 0; route allocated: 1 of 5; total allocated: 1 of 10]
23:54:05.395 [main] DEBUG org.apache.http.impl.execchain.MainClientExec -- Opening connection {}->http://localhost:3000
23:54:05.395 [main] DEBUG org.apache.http.impl.conn.DefaultHttpClientConnectionOperator -- Connecting to localhost/127.0.0.1:3000
23:54:05.396 [main] DEBUG org.apache.http.impl.conn.DefaultHttpClientConnectionOperator -- Connection established 127.0.0.1:62895<->127.0.0.1:3000
23:54:05.396 [main] DEBUG org.apache.http.impl.conn.DefaultManagedHttpClientConnection -- http-outgoing-11: set socket timeout to 5000
23:54:05.396 [main] DEBUG org.apache.http.impl.execchain.MainClientExec -- Executing request GET /users/get-users?limit=xyz&page=1 HTTP/1.1
23:54:05.396 [main] DEBUG org.apache.http.impl.execchain.MainClientExec -- Proxy auth state: UNCHALLENGED
23:54:05.396 [main] DEBUG org.apache.http.headers -- http-outgoing-11 >> GET /users/get-users?limit=xyz&page=1 HTTP/1.1
23:54:05.396 [main] DEBUG org.apache.http.headers -- http-outgoing-11 >> Authorization: Bearer eyJhbGciOiJIUzI1NiIsInR5cCI6IkpXVCJ9.eyJzdWIiOiJmNjI4NDUzMi04ZjFlLTRiMDUtYWM1NC1kODAzNzM4NmU4MGMiLCJ1c2VybmFtZSI6InVzZXJubzIiLCJyb2xlIjowLCJpYXQiOjE3NTA2OTQzNTQsImV4cCI6MTc1MDY5Nzk1NH0.cn4pcMTzJbKyd0aw-bN_KvZNRCfEwxef9wljw6vUgkw
23:54:05.396 [main] DEBUG org.apache.http.headers -- http-outgoing-11 >> Host: localhost:3000
23:54:05.396 [main] DEBUG org.apache.http.headers -- http-outgoing-11 >> Connection: Keep-Alive
23:54:05.396 [main] DEBUG org.apache.http.headers -- http-outgoing-11 >> User-Agent: Apache-HttpClient/4.5.14 (Java/17.0.9)
23:54:05.396 [main] DEBUG org.apache.http.headers -- http-outgoing-11 >> Accept-Encoding: gzip,deflate
23:54:05.396 [main] DEBUG org.apache.http.wire -- http-outgoing-11 >> "GET /users/get-users?limit=xyz&page=1 HTTP/1.1[\r][\n]"
23:54:05.396 [main] DEBUG org.apache.http.wire -- http-outgoing-11 >> "Authorization: Bearer eyJhbGciOiJIUzI1NiIsInR5cCI6IkpXVCJ9.eyJzdWIiOiJmNjI4NDUzMi04ZjFlLTRiMDUtYWM1NC1kODAzNzM4NmU4MGMiLCJ1c2VybmFtZSI6InVzZXJubzIiLCJyb2xlIjowLCJpYXQiOjE3NTA2OTQzNTQsImV4cCI6MTc1MDY5Nzk1NH0.cn4pcMTzJbKyd0aw-bN_KvZNRCfEwxef9wljw6vUgkw[\r][\n]"
23:54:05.396 [main] DEBUG org.apache.http.wire -- http-outgoing-11 >> "Host: localhost:3000[\r][\n]"
23:54:05.396 [main] DEBUG org.apache.http.wire -- http-outgoing-11 >> "Connection: Keep-Alive[\r][\n]"
23:54:05.396 [main] DEBUG org.apache.http.wire -- http-outgoing-11 >> "User-Agent: Apache-HttpClient/4.5.14 (Java/17.0.9)[\r][\n]"
23:54:05.396 [main] DEBUG org.apache.http.wire -- http-outgoing-11 >> "Accept-Encoding: gzip,deflate[\r][\n]"
23:54:05.396 [main] DEBUG org.apache.http.wire -- http-outgoing-11 >> "[\r][\n]"
23:54:05.523 [main] DEBUG org.apache.http.wire -- http-outgoing-11 << "HTTP/1.1 200 OK[\r][\n]"
23:54:05.523 [main] DEBUG org.apache.http.wire -- http-outgoing-11 << "X-Powered-By: Express[\r][\n]"
23:54:05.523 [main] DEBUG org.apache.http.wire -- http-outgoing-11 << "Access-Control-Allow-Origin: *[\r][\n]"
23:54:05.523 [main] DEBUG org.apache.http.wire -- http-outgoing-11 << "Content-Type: application/json; charset=utf-8[\r][\n]"
23:54:05.523 [main] DEBUG org.apache.http.wire -- http-outgoing-11 << "Content-Length: 4710[\r][\n]"
23:54:05.524 [main] DEBUG org.apache.http.wire -- http-outgoing-11 << "ETag: W/"1266-eCTAhJmtaJLWyJcV1EBbmSXtxkY"[\r][\n]"
23:54:05.524 [main] DEBUG org.apache.http.wire -- http-outgoing-11 << "Date: Mon, 23 Jun 2025 16:54:05 GMT[\r][\n]"
23:54:05.524 [main] DEBUG org.apache.http.wire -- http-outgoing-11 << "Connection: keep-alive[\r][\n]"
23:54:05.524 [main] DEBUG org.apache.http.wire -- http-outgoing-11 << "Keep-Alive: timeout=5[\r][\n]"
23:54:05.524 [main] DEBUG org.apache.http.wire -- http-outgoing-11 << "[\r][\n]"
23:54:05.524 [main] DEBUG org.apache.http.wire -- http-outgoing-11 << "{"message":"","statusCode":200,"status":"success","data":{"total":35,"page":1,"limit":10,"totalPages":4,"users":[{"id":"047b17a4-1e8a-4160-bb8a-db05a94a30cb","email":"testerno1@example.com","username":"johndoetestno1","name":"John Doetesterno1","bio":null,"gender":null,"dob":null,"phoneNumber":"0987654207","address":null,"profilePic":null,"private":false,"verified":false,"role":0,"accountStatus":true,"lastLogin":null,"createdAt":"2025-06-22T04:00:40.803Z","updatedAt":"2025-06-22T04:00:40.804Z","followersCount":0,"followingsCount":0},{"id":"08515b05-2d3e-4789-ad60-db35525a4970","email":"nam@gmail.com","username":"nam","name":"nam","bio":"Chu tich hoi dong Quan tri 1","gender":null,"dob":null,"phoneNumber":"0123456789","address":null,"profilePic":"https://res.cloudinary.com/dizcvrefo/image/upload/v1749266646/nestjs_uploads/zk9zrpeidnovxibfqdxr.png","private":false,"verified":false,"role":0,"accountStatus":true,"lastLogin":"2025-06-23T16:36:28.159Z","createdAt":"2025-05-22T07:39:58.212Z","updatedAt":"2025-06-23T16:36:28.162Z","followersCount":2,"followingsCount":5},{"id":"09c10759-ec74-45ca-8274-f1a7f7fdb589","email":"tester1@example.com","username":"johndoetest1","name":"John Doetest","bio":null,"gender":null,"dob":null,"phoneNumber":"0987654322","address":null,"profilePic":null,"private":false,"verified":false,"role":0,"accountStatus":true,"lastLogin":null,"createdAt":"2025-06-22T02:12:16.282Z","updatedAt":"2025-06-22T02:12:16.284Z","followersCount":0,"followingsCount":0},{"id":"0a37ef43-fee8-41d3-a686-8ab086948695","email":"testit2@gmail.com","username":"johndoe21","name":"John Doe","bio":null,"gender":null,"dob":null,"phoneNumber":"0123456712","address":null,"profilePic":null,"private":false,"verified":false,"role":0,"accountStatus":true,"lastLogin":"2025-06-22T16:08:09.276Z","createdAt":"2025-06-22T03:45:37.141Z","updatedAt":"2025-06-22T16:08:09.278Z","followersCount":0,"followingsCount":0},{"id":"1fa871af-f9fe-47b5-b416-4f9c3d544065","email":"testerno2@example.com","username":"janesmithtesstno1","name":"Jane Smithtestno1","bio":null,"gender":null,"dob":null,"phoneNumber":"01234567203","address":null,"profilePic":null,"private":false,"verified":false,"role":0,"accountStatus":true,"lastLogin":null,"createdAt":"2025-06-22T04:00:41.081Z","updatedAt":"2025-06-22T04:00:41.083Z","followersCount":0,"followingsCount":0},{"id":"272f6b55-5179-4ae3-8563-b4ec10f76715","email":"testit5@gmail.com","username":"johndoe2d5d","name":"John Doe","bio":null,"gender":null,"dob":null,"phoneNumber":"0123456132","address":null,"profilePic":null,"private":false,"verified":false,"role":0,"accountStatus":true,"lastLogin":"2025-06-22T16:08:10.247Z","createdAt":"2025-06-22T14:55:01.797Z","updatedAt":"2025-06-22T16:08:10.249Z","followersCount":0,"followingsCount":0},{"id":"2aa10f99-aba5-4a4b-94d4-d0ceaf78f931","email":"testerno24@example.com","username":"johndoeno24","name":"<script>alert(\"xss-test\")</script>","bio":null,"gender":null,"dob":null,"phoneNumber":"0987311111","address":null,"profilePic":null,"private":false,"verified":false,"role":0,"accountStatus":true,"lastLogin":null,"createdAt":"2025-06-22T04:00:43.070Z","updatedAt":"2025-06-22T04:00:43.072Z","followersCount":0,"followingsCount":0},{"id":"2b84aa24-668a-40e2-af1c-ad4fc4fa5a6f","email":"quang1@gmail.com","username":"quang1","name":"quang1","bio":"Thang Nam Lao Vua Thoi","gender":null,"dob":null,"phoneNumber":"09874563210","address":null,"profilePic":"https://res.cloudinary.com/dizcvrefo/image/upload/v1749027586/nestjs_uploads/xehairydt9rzlbmbmv4c.jpg","private":false,"verified":false,"role":0,"accountStatus":true,"lastLogin":"2025-06-22T16:08:09.419Z","createdAt":"2025-05-22T15:21:16.815Z","updatedAt":"2025-06-22T16:08:09.421Z","followersCount":2,"followingsCount":3},{"id":"2bd7ed70-b2ce-4c1b-8451-e9498b059290","email":"testerno22@example.com","username":"johndoe223","name":"This is a very long12 name that exceeds the maximum length of fifty characters allowed in the system","bio":null,"gender":null,"dob":null,"phoneNumber":"0987654331","address":null,"profilePic":null,"private":false,"verified":false,"role":0,"accountStatus":true,"lastLogin":null,"createdAt":"2025-06-22T04:00:42.587Z","updatedAt":"2025-06-22T04:00:42.589Z","followersCount":0,"followingsCount":0},{"id":"2dda0439-5180-45aa-917f-e632e45a8e41","email":"test@example.com","username":"johndoe","name":"John Doe","bio":null,"gender":null,"dob":null,"phoneNumber":"0987654321","address":null,"profilePic":null,"private":false,"verified":false,"role":0,"accountStatus":true,"lastLogin":"2025-06-22T16:08:06.447Z","createdAt":"2025-06-17T15:18:30.181Z","updatedAt":"2025-06-22T16:08:06.448Z","followersCount":0,"followingsCount":0}]}}"
23:54:05.524 [main] DEBUG org.apache.http.headers -- http-outgoing-11 << HTTP/1.1 200 OK
23:54:05.524 [main] DEBUG org.apache.http.headers -- http-outgoing-11 << X-Powered-By: Express
23:54:05.524 [main] DEBUG org.apache.http.headers -- http-outgoing-11 << Access-Control-Allow-Origin: *
23:54:05.524 [main] DEBUG org.apache.http.headers -- http-outgoing-11 << Content-Type: application/json; charset=utf-8
23:54:05.524 [main] DEBUG org.apache.http.headers -- http-outgoing-11 << Content-Length: 4710
23:54:05.524 [main] DEBUG org.apache.http.headers -- http-outgoing-11 << ETag: W/"1266-eCTAhJmtaJLWyJcV1EBbmSXtxkY"
23:54:05.524 [main] DEBUG org.apache.http.headers -- http-outgoing-11 << Date: Mon, 23 Jun 2025 16:54:05 GMT
23:54:05.524 [main] DEBUG org.apache.http.headers -- http-outgoing-11 << Connection: keep-alive
23:54:05.524 [main] DEBUG org.apache.http.headers -- http-outgoing-11 << Keep-Alive: timeout=5
23:54:05.524 [main] DEBUG org.apache.http.impl.execchain.MainClientExec -- Connection can be kept alive for 5000 MILLISECONDS
23:54:05.524 [main] DEBUG org.apache.http.impl.conn.PoolingHttpClientConnectionManager -- Connection [id: 11][route: {}->http://localhost:3000] can be kept alive for 5.0 seconds
23:54:05.524 [main] DEBUG org.apache.http.impl.conn.DefaultManagedHttpClientConnection -- http-outgoing-11: set socket timeout to 0
23:54:05.524 [main] DEBUG org.apache.http.impl.conn.PoolingHttpClientConnectionManager -- Connection released: [id: 11][route: {}->http://localhost:3000][total available: 1; route allocated: 1 of 5; total allocated: 1 of 10]
23:54:05.524 [main] DEBUG org.apache.http.impl.conn.PoolingHttpClientConnectionManager -- Connection manager is shutting down
23:54:05.524 [main] DEBUG org.apache.http.impl.conn.DefaultManagedHttpClientConnection -- http-outgoing-11: Close connection
23:54:05.524 [main] DEBUG org.apache.http.impl.conn.PoolingHttpClientConnectionManager -- Connection manager shut down
23:54:05.526 [main] DEBUG com.intuit.karate -- response time in milliseconds: 129
1 < 200
1 < X-Powered-By: Express
1 < Access-Control-Allow-Origin: *
1 < Content-Type: application/json; charset=utf-8
1 < Content-Length: 4710
1 < ETag: W/"1266-eCTAhJmtaJLWyJcV1EBbmSXtxkY"
1 < Date: Mon, 23 Jun 2025 16:54:05 GMT
1 < Connection: keep-alive
1 < Keep-Alive: timeout=5
{
  "message": "",
  "statusCode": 200,
  "status": "success",
  "data": {
    "total": 35,
    "page": 1,
    "limit": 10,
    "totalPages": 4,
    "users": [
      {
        "id": "047b17a4-1e8a-4160-bb8a-db05a94a30cb",
        "email": "testerno1@example.com",
        "username": "johndoetestno1",
        "name": "John Doetesterno1",
        "bio": null,
        "gender": null,
        "dob": null,
        "phoneNumber": "0987654207",
        "address": null,
        "profilePic": null,
        "private": false,
        "verified": false,
        "role": 0,
        "accountStatus": true,
        "lastLogin": null,
        "createdAt": "2025-06-22T04:00:40.803Z",
        "updatedAt": "2025-06-22T04:00:40.804Z",
        "followersCount": 0,
        "followingsCount": 0
      },
      {
        "id": "08515b05-2d3e-4789-ad60-db35525a4970",
        "email": "nam@gmail.com",
        "username": "nam",
        "name": "nam",
        "bio": "Chu tich hoi dong Quan tri 1",
        "gender": null,
        "dob": null,
        "phoneNumber": "0123456789",
        "address": null,
        "profilePic": "https://res.cloudinary.com/dizcvrefo/image/upload/v1749266646/nestjs_uploads/zk9zrpeidnovxibfqdxr.png",
        "private": false,
        "verified": false,
        "role": 0,
        "accountStatus": true,
        "lastLogin": "2025-06-23T16:36:28.159Z",
        "createdAt": "2025-05-22T07:39:58.212Z",
        "updatedAt": "2025-06-23T16:36:28.162Z",
        "followersCount": 2,
        "followingsCount": 5
      },
      {
        "id": "09c10759-ec74-45ca-8274-f1a7f7fdb589",
        "email": "tester1@example.com",
        "username": "johndoetest1",
        "name": "John Doetest",
        "bio": null,
        "gender": null,
        "dob": null,
        "phoneNumber": "0987654322",
        "address": null,
        "profilePic": null,
        "private": false,
        "verified": false,
        "role": 0,
        "accountStatus": true,
        "lastLogin": null,
        "createdAt": "2025-06-22T02:12:16.282Z",
        "updatedAt": "2025-06-22T02:12:16.284Z",
        "followersCount": 0,
        "followingsCount": 0
      },
      {
        "id": "0a37ef43-fee8-41d3-a686-8ab086948695",
        "email": "testit2@gmail.com",
        "username": "johndoe21",
        "name": "John Doe",
        "bio": null,
        "gender": null,
        "dob": null,
        "phoneNumber": "0123456712",
        "address": null,
        "profilePic": null,
        "private": false,
        "verified": false,
        "role": 0,
        "accountStatus": true,
        "lastLogin": "2025-06-22T16:08:09.276Z",
        "createdAt": "2025-06-22T03:45:37.141Z",
        "updatedAt": "2025-06-22T16:08:09.278Z",
        "followersCount": 0,
        "followingsCount": 0
      },
      {
        "id": "1fa871af-f9fe-47b5-b416-4f9c3d544065",
        "email": "testerno2@example.com",
        "username": "janesmithtesstno1",
        "name": "Jane Smithtestno1",
        "bio": null,
        "gender": null,
        "dob": null,
        "phoneNumber": "01234567203",
        "address": null,
        "profilePic": null,
        "private": false,
        "verified": false,
        "role": 0,
        "accountStatus": true,
        "lastLogin": null,
        "createdAt": "2025-06-22T04:00:41.081Z",
        "updatedAt": "2025-06-22T04:00:41.083Z",
        "followersCount": 0,
        "followingsCount": 0
      },
      {
        "id": "272f6b55-5179-4ae3-8563-b4ec10f76715",
        "email": "testit5@gmail.com",
        "username": "johndoe2d5d",
        "name": "John Doe",
        "bio": null,
        "gender": null,
        "dob": null,
        "phoneNumber": "0123456132",
        "address": null,
        "profilePic": null,
        "private": false,
        "verified": false,
        "role": 0,
        "accountStatus": true,
        "lastLogin": "2025-06-22T16:08:10.247Z",
        "createdAt": "2025-06-22T14:55:01.797Z",
        "updatedAt": "2025-06-22T16:08:10.249Z",
        "followersCount": 0,
        "followingsCount": 0
      },
      {
        "id": "2aa10f99-aba5-4a4b-94d4-d0ceaf78f931",
        "email": "testerno24@example.com",
        "username": "johndoeno24",
        "name": "<script>alert(\"xss-test\")</script>",
        "bio": null,
        "gender": null,
        "dob": null,
        "phoneNumber": "0987311111",
        "address": null,
        "profilePic": null,
        "private": false,
        "verified": false,
        "role": 0,
        "accountStatus": true,
        "lastLogin": null,
        "createdAt": "2025-06-22T04:00:43.070Z",
        "updatedAt": "2025-06-22T04:00:43.072Z",
        "followersCount": 0,
        "followingsCount": 0
      },
      {
        "id": "2b84aa24-668a-40e2-af1c-ad4fc4fa5a6f",
        "email": "quang1@gmail.com",
        "username": "quang1",
        "name": "quang1",
        "bio": "Thang Nam Lao Vua Thoi",
        "gender": null,
        "dob": null,
        "phoneNumber": "09874563210",
        "address": null,
        "profilePic": "https://res.cloudinary.com/dizcvrefo/image/upload/v1749027586/nestjs_uploads/xehairydt9rzlbmbmv4c.jpg",
        "private": false,
        "verified": false,
        "role": 0,
        "accountStatus": true,
        "lastLogin": "2025-06-22T16:08:09.419Z",
        "createdAt": "2025-05-22T15:21:16.815Z",
        "updatedAt": "2025-06-22T16:08:09.421Z",
        "followersCount": 2,
        "followingsCount": 3
      },
      {
        "id": "2bd7ed70-b2ce-4c1b-8451-e9498b059290",
        "email": "testerno22@example.com",
        "username": "johndoe223",
        "name": "This is a very long12 name that exceeds the maximum length of fifty characters allowed in the system",
        "bio": null,
        "gender": null,
        "dob": null,
        "phoneNumber": "0987654331",
        "address": null,
        "profilePic": null,
        "private": false,
        "verified": false,
        "role": 0,
        "accountStatus": true,
        "lastLogin": null,
        "createdAt": "2025-06-22T04:00:42.587Z",
        "updatedAt": "2025-06-22T04:00:42.589Z",
        "followersCount": 0,
        "followingsCount": 0
      },
      {
        "id": "2dda0439-5180-45aa-917f-e632e45a8e41",
        "email": "test@example.com",
        "username": "johndoe",
        "name": "John Doe",
        "bio": null,
        "gender": null,
        "dob": null,
        "phoneNumber": "0987654321",
        "address": null,
        "profilePic": null,
        "private": false,
        "verified": false,
        "role": 0,
        "accountStatus": true,
        "lastLogin": "2025-06-22T16:08:06.447Z",
        "createdAt": "2025-06-17T15:18:30.181Z",
        "updatedAt": "2025-06-22T16:08:06.448Z",
        "followersCount": 0,
        "followingsCount": 0
      }
    ]
  }
}


23:54:05.526 [main] INFO com.intuit.karate -- [print] Calling getUsers API v?i bearerToken: eyJhbGciOiJIUzI1NiIsInR5cCI6IkpXVCJ9.eyJzdWIiOiJmNjI4NDUzMi04ZjFlLTRiMDUtYWM1NC1kODAzNzM4NmU4MGMiLCJ1c2VybmFtZSI6InVzZXJubzIiLCJyb2xlIjowLCJpYXQiOjE3NTA2OTQzNTQsImV4cCI6MTc1MDY5Nzk1NH0.cn4pcMTzJbKyd0aw-bN_KvZNRCfEwxef9wljw6vUgkw 
23:54:05.527 [main] INFO com.intuit.karate -- [print] Query params: {
  "page": "1",
  "limit": "xyz"
}
 
23:54:05.528 [main] INFO com.intuit.karate -- [print] Response status: 200 body: {
  "message": "",
  "statusCode": 200,
  "status": "success",
  "data": {
    "total": 35,
    "page": 1,
    "limit": 10,
    "totalPages": 4,
    "users": [
      {
        "id": "047b17a4-1e8a-4160-bb8a-db05a94a30cb",
        "email": "testerno1@example.com",
        "username": "johndoetestno1",
        "name": "John Doetesterno1",
        "bio": null,
        "gender": null,
        "dob": null,
        "phoneNumber": "0987654207",
        "address": null,
        "profilePic": null,
        "private": false,
        "verified": false,
        "role": 0,
        "accountStatus": true,
        "lastLogin": null,
        "createdAt": "2025-06-22T04:00:40.803Z",
        "updatedAt": "2025-06-22T04:00:40.804Z",
        "followersCount": 0,
        "followingsCount": 0
      },
      {
        "id": "08515b05-2d3e-4789-ad60-db35525a4970",
        "email": "nam@gmail.com",
        "username": "nam",
        "name": "nam",
        "bio": "Chu tich hoi dong Quan tri 1",
        "gender": null,
        "dob": null,
        "phoneNumber": "0123456789",
        "address": null,
        "profilePic": "https://res.cloudinary.com/dizcvrefo/image/upload/v1749266646/nestjs_uploads/zk9zrpeidnovxibfqdxr.png",
        "private": false,
        "verified": false,
        "role": 0,
        "accountStatus": true,
        "lastLogin": "2025-06-23T16:36:28.159Z",
        "createdAt": "2025-05-22T07:39:58.212Z",
        "updatedAt": "2025-06-23T16:36:28.162Z",
        "followersCount": 2,
        "followingsCount": 5
      },
      {
        "id": "09c10759-ec74-45ca-8274-f1a7f7fdb589",
        "email": "tester1@example.com",
        "username": "johndoetest1",
        "name": "John Doetest",
        "bio": null,
        "gender": null,
        "dob": null,
        "phoneNumber": "0987654322",
        "address": null,
        "profilePic": null,
        "private": false,
        "verified": false,
        "role": 0,
        "accountStatus": true,
        "lastLogin": null,
        "createdAt": "2025-06-22T02:12:16.282Z",
        "updatedAt": "2025-06-22T02:12:16.284Z",
        "followersCount": 0,
        "followingsCount": 0
      },
      {
        "id": "0a37ef43-fee8-41d3-a686-8ab086948695",
        "email": "testit2@gmail.com",
        "username": "johndoe21",
        "name": "John Doe",
        "bio": null,
        "gender": null,
        "dob": null,
        "phoneNumber": "0123456712",
        "address": null,
        "profilePic": null,
        "private": false,
        "verified": false,
        "role": 0,
        "accountStatus": true,
        "lastLogin": "2025-06-22T16:08:09.276Z",
        "createdAt": "2025-06-22T03:45:37.141Z",
        "updatedAt": "2025-06-22T16:08:09.278Z",
        "followersCount": 0,
        "followingsCount": 0
      },
      {
        "id": "1fa871af-f9fe-47b5-b416-4f9c3d544065",
        "email": "testerno2@example.com",
        "username": "janesmithtesstno1",
        "name": "Jane Smithtestno1",
        "bio": null,
        "gender": null,
        "dob": null,
        "phoneNumber": "01234567203",
        "address": null,
        "profilePic": null,
        "private": false,
        "verified": false,
        "role": 0,
        "accountStatus": true,
        "lastLogin": null,
        "createdAt": "2025-06-22T04:00:41.081Z",
        "updatedAt": "2025-06-22T04:00:41.083Z",
        "followersCount": 0,
        "followingsCount": 0
      },
      {
        "id": "272f6b55-5179-4ae3-8563-b4ec10f76715",
        "email": "testit5@gmail.com",
        "username": "johndoe2d5d",
        "name": "John Doe",
        "bio": null,
        "gender": null,
        "dob": null,
        "phoneNumber": "0123456132",
        "address": null,
        "profilePic": null,
        "private": false,
        "verified": false,
        "role": 0,
        "accountStatus": true,
        "lastLogin": "2025-06-22T16:08:10.247Z",
        "createdAt": "2025-06-22T14:55:01.797Z",
        "updatedAt": "2025-06-22T16:08:10.249Z",
        "followersCount": 0,
        "followingsCount": 0
      },
      {
        "id": "2aa10f99-aba5-4a4b-94d4-d0ceaf78f931",
        "email": "testerno24@example.com",
        "username": "johndoeno24",
        "name": "<script>alert(\"xss-test\")</script>",
        "bio": null,
        "gender": null,
        "dob": null,
        "phoneNumber": "0987311111",
        "address": null,
        "profilePic": null,
        "private": false,
        "verified": false,
        "role": 0,
        "accountStatus": true,
        "lastLogin": null,
        "createdAt": "2025-06-22T04:00:43.070Z",
        "updatedAt": "2025-06-22T04:00:43.072Z",
        "followersCount": 0,
        "followingsCount": 0
      },
      {
        "id": "2b84aa24-668a-40e2-af1c-ad4fc4fa5a6f",
        "email": "quang1@gmail.com",
        "username": "quang1",
        "name": "quang1",
        "bio": "Thang Nam Lao Vua Thoi",
        "gender": null,
        "dob": null,
        "phoneNumber": "09874563210",
        "address": null,
        "profilePic": "https://res.cloudinary.com/dizcvrefo/image/upload/v1749027586/nestjs_uploads/xehairydt9rzlbmbmv4c.jpg",
        "private": false,
        "verified": false,
        "role": 0,
        "accountStatus": true,
        "lastLogin": "2025-06-22T16:08:09.419Z",
        "createdAt": "2025-05-22T15:21:16.815Z",
        "updatedAt": "2025-06-22T16:08:09.421Z",
        "followersCount": 2,
        "followingsCount": 3
      },
      {
        "id": "2bd7ed70-b2ce-4c1b-8451-e9498b059290",
        "email": "testerno22@example.com",
        "username": "johndoe223",
        "name": "This is a very long12 name that exceeds the maximum length of fifty characters allowed in the system",
        "bio": null,
        "gender": null,
        "dob": null,
        "phoneNumber": "0987654331",
        "address": null,
        "profilePic": null,
        "private": false,
        "verified": false,
        "role": 0,
        "accountStatus": true,
        "lastLogin": null,
        "createdAt": "2025-06-22T04:00:42.587Z",
        "updatedAt": "2025-06-22T04:00:42.589Z",
        "followersCount": 0,
        "followingsCount": 0
      },
      {
        "id": "2dda0439-5180-45aa-917f-e632e45a8e41",
        "email": "test@example.com",
        "username": "johndoe",
        "name": "John Doe",
        "bio": null,
        "gender": null,
        "dob": null,
        "phoneNumber": "0987654321",
        "address": null,
        "profilePic": null,
        "private": false,
        "verified": false,
        "role": 0,
        "accountStatus": true,
        "lastLogin": "2025-06-22T16:08:06.447Z",
        "createdAt": "2025-06-17T15:18:30.181Z",
        "updatedAt": "2025-06-22T16:08:06.448Z",
        "followersCount": 0,
        "followingsCount": 0
      }
    ]
  }
}
 
23:54:05.529 [main] INFO com.intuit.karate -- ? TEST FAILED - Status mismatch: Expected 400, got 200 
23:54:05.531 [main] INFO com.intuit.karate -- Test case #12 completed - Status: 200 
23:54:05.531 [main] INFO com.intuit.karate -- ?ang ch?y test case #13: Thi?u token xác th?c 
23:54:05.538 [main] INFO com.intuit.karate -- karate.env system property was: null 
23:54:05.539 [main] DEBUG com.jayway.jsonpath.internal.path.CompiledPath -- Evaluating path: $
23:54:05.539 [main] DEBUG com.jayway.jsonpath.internal.path.CompiledPath -- Evaluating path: $
23:54:05.542 [main] DEBUG org.apache.http.client.protocol.RequestAddCookies -- CookieSpec selected: karate
23:54:05.542 [main] DEBUG org.apache.http.client.protocol.RequestAuthCache -- Auth cache not set in the context
23:54:05.542 [main] DEBUG com.intuit.karate -- request:
1 > GET http://localhost:3000/users/get-users?limit=10&page=1
1 > Authorization: Bearer NO_TOKEN
1 > Host: localhost:3000
1 > Connection: Keep-Alive
1 > User-Agent: Apache-HttpClient/4.5.14 (Java/17.0.9)
1 > Accept-Encoding: gzip,deflate


23:54:05.543 [main] DEBUG org.apache.http.impl.conn.PoolingHttpClientConnectionManager -- Connection request: [route: {}->http://localhost:3000][total available: 0; route allocated: 0 of 5; total allocated: 0 of 10]
23:54:05.543 [main] DEBUG org.apache.http.impl.conn.PoolingHttpClientConnectionManager -- Connection leased: [id: 12][route: {}->http://localhost:3000][total available: 0; route allocated: 1 of 5; total allocated: 1 of 10]
23:54:05.543 [main] DEBUG org.apache.http.impl.execchain.MainClientExec -- Opening connection {}->http://localhost:3000
23:54:05.543 [main] DEBUG org.apache.http.impl.conn.DefaultHttpClientConnectionOperator -- Connecting to localhost/127.0.0.1:3000
23:54:05.545 [main] DEBUG org.apache.http.impl.conn.DefaultHttpClientConnectionOperator -- Connection established 127.0.0.1:62896<->127.0.0.1:3000
23:54:05.545 [main] DEBUG org.apache.http.impl.conn.DefaultManagedHttpClientConnection -- http-outgoing-12: set socket timeout to 5000
23:54:05.545 [main] DEBUG org.apache.http.impl.execchain.MainClientExec -- Executing request GET /users/get-users?limit=10&page=1 HTTP/1.1
23:54:05.545 [main] DEBUG org.apache.http.impl.execchain.MainClientExec -- Proxy auth state: UNCHALLENGED
23:54:05.545 [main] DEBUG org.apache.http.headers -- http-outgoing-12 >> GET /users/get-users?limit=10&page=1 HTTP/1.1
23:54:05.545 [main] DEBUG org.apache.http.headers -- http-outgoing-12 >> Authorization: Bearer NO_TOKEN
23:54:05.545 [main] DEBUG org.apache.http.headers -- http-outgoing-12 >> Host: localhost:3000
23:54:05.545 [main] DEBUG org.apache.http.headers -- http-outgoing-12 >> Connection: Keep-Alive
23:54:05.545 [main] DEBUG org.apache.http.headers -- http-outgoing-12 >> User-Agent: Apache-HttpClient/4.5.14 (Java/17.0.9)
23:54:05.545 [main] DEBUG org.apache.http.headers -- http-outgoing-12 >> Accept-Encoding: gzip,deflate
23:54:05.545 [main] DEBUG org.apache.http.wire -- http-outgoing-12 >> "GET /users/get-users?limit=10&page=1 HTTP/1.1[\r][\n]"
23:54:05.545 [main] DEBUG org.apache.http.wire -- http-outgoing-12 >> "Authorization: Bearer NO_TOKEN[\r][\n]"
23:54:05.545 [main] DEBUG org.apache.http.wire -- http-outgoing-12 >> "Host: localhost:3000[\r][\n]"
23:54:05.545 [main] DEBUG org.apache.http.wire -- http-outgoing-12 >> "Connection: Keep-Alive[\r][\n]"
23:54:05.545 [main] DEBUG org.apache.http.wire -- http-outgoing-12 >> "User-Agent: Apache-HttpClient/4.5.14 (Java/17.0.9)[\r][\n]"
23:54:05.545 [main] DEBUG org.apache.http.wire -- http-outgoing-12 >> "Accept-Encoding: gzip,deflate[\r][\n]"
23:54:05.545 [main] DEBUG org.apache.http.wire -- http-outgoing-12 >> "[\r][\n]"
23:54:05.547 [main] DEBUG org.apache.http.wire -- http-outgoing-12 << "HTTP/1.1 401 Unauthorized[\r][\n]"
23:54:05.547 [main] DEBUG org.apache.http.wire -- http-outgoing-12 << "X-Powered-By: Express[\r][\n]"
23:54:05.547 [main] DEBUG org.apache.http.wire -- http-outgoing-12 << "Access-Control-Allow-Origin: *[\r][\n]"
23:54:05.547 [main] DEBUG org.apache.http.wire -- http-outgoing-12 << "Content-Type: application/json; charset=utf-8[\r][\n]"
23:54:05.547 [main] DEBUG org.apache.http.wire -- http-outgoing-12 << "Content-Length: 140[\r][\n]"
23:54:05.547 [main] DEBUG org.apache.http.wire -- http-outgoing-12 << "ETag: W/"8c-9LxIOB/7ubbH/4qLp2I9thirAdY"[\r][\n]"
23:54:05.547 [main] DEBUG org.apache.http.wire -- http-outgoing-12 << "Date: Mon, 23 Jun 2025 16:54:05 GMT[\r][\n]"
23:54:05.547 [main] DEBUG org.apache.http.wire -- http-outgoing-12 << "Connection: keep-alive[\r][\n]"
23:54:05.547 [main] DEBUG org.apache.http.wire -- http-outgoing-12 << "Keep-Alive: timeout=5[\r][\n]"
23:54:05.547 [main] DEBUG org.apache.http.wire -- http-outgoing-12 << "[\r][\n]"
23:54:05.547 [main] DEBUG org.apache.http.wire -- http-outgoing-12 << "{"success":false,"statusCode":401,"message":"Unauthorized","path":"/users/get-users?limit=10&page=1","timestamp":"2025-06-23T16:54:05.547Z"}"
23:54:05.547 [main] DEBUG org.apache.http.headers -- http-outgoing-12 << HTTP/1.1 401 Unauthorized
23:54:05.547 [main] DEBUG org.apache.http.headers -- http-outgoing-12 << X-Powered-By: Express
23:54:05.547 [main] DEBUG org.apache.http.headers -- http-outgoing-12 << Access-Control-Allow-Origin: *
23:54:05.547 [main] DEBUG org.apache.http.headers -- http-outgoing-12 << Content-Type: application/json; charset=utf-8
23:54:05.547 [main] DEBUG org.apache.http.headers -- http-outgoing-12 << Content-Length: 140
23:54:05.547 [main] DEBUG org.apache.http.headers -- http-outgoing-12 << ETag: W/"8c-9LxIOB/7ubbH/4qLp2I9thirAdY"
23:54:05.547 [main] DEBUG org.apache.http.headers -- http-outgoing-12 << Date: Mon, 23 Jun 2025 16:54:05 GMT
23:54:05.547 [main] DEBUG org.apache.http.headers -- http-outgoing-12 << Connection: keep-alive
23:54:05.548 [main] DEBUG org.apache.http.headers -- http-outgoing-12 << Keep-Alive: timeout=5
23:54:05.548 [main] DEBUG org.apache.http.impl.execchain.MainClientExec -- Connection can be kept alive for 5000 MILLISECONDS
23:54:05.548 [main] DEBUG org.apache.http.impl.auth.HttpAuthenticator -- Authentication required
23:54:05.548 [main] DEBUG org.apache.http.impl.auth.HttpAuthenticator -- localhost:3000 requested authentication
23:54:05.548 [main] DEBUG org.apache.http.impl.auth.HttpAuthenticator -- Response contains no authentication challenges
23:54:05.548 [main] DEBUG org.apache.http.impl.conn.PoolingHttpClientConnectionManager -- Connection [id: 12][route: {}->http://localhost:3000] can be kept alive for 5.0 seconds
23:54:05.548 [main] DEBUG org.apache.http.impl.conn.DefaultManagedHttpClientConnection -- http-outgoing-12: set socket timeout to 0
23:54:05.548 [main] DEBUG org.apache.http.impl.conn.PoolingHttpClientConnectionManager -- Connection released: [id: 12][route: {}->http://localhost:3000][total available: 1; route allocated: 1 of 5; total allocated: 1 of 10]
23:54:05.548 [main] DEBUG org.apache.http.impl.conn.PoolingHttpClientConnectionManager -- Connection manager is shutting down
23:54:05.550 [main] DEBUG org.apache.http.impl.conn.DefaultManagedHttpClientConnection -- http-outgoing-12: Close connection
23:54:05.550 [main] DEBUG org.apache.http.impl.conn.PoolingHttpClientConnectionManager -- Connection manager shut down
23:54:05.550 [main] DEBUG com.intuit.karate -- response time in milliseconds: 5
1 < 401
1 < X-Powered-By: Express
1 < Access-Control-Allow-Origin: *
1 < Content-Type: application/json; charset=utf-8
1 < Content-Length: 140
1 < ETag: W/"8c-9LxIOB/7ubbH/4qLp2I9thirAdY"
1 < Date: Mon, 23 Jun 2025 16:54:05 GMT
1 < Connection: keep-alive
1 < Keep-Alive: timeout=5
{
  "success": false,
  "statusCode": 401,
  "message": "Unauthorized",
  "path": "/users/get-users?limit=10&page=1",
  "timestamp": "2025-06-23T16:54:05.547Z"
}


23:54:05.552 [main] INFO com.intuit.karate -- [print] Calling getUsers API v?i bearerToken: NO_TOKEN 
23:54:05.553 [main] INFO com.intuit.karate -- [print] Query params: {
  "page": "1",
  "limit": "10"
}
 
23:54:05.553 [main] INFO com.intuit.karate -- [print] Response status: 401 body: {
  "success": false,
  "statusCode": 401,
  "message": "Unauthorized",
  "path": "/users/get-users?limit=10&page=1",
  "timestamp": "2025-06-23T16:54:05.547Z"
}
 
23:54:05.554 [main] INFO com.intuit.karate -- ? TEST PASSED - All validations passed 
23:54:05.556 [main] INFO com.intuit.karate -- Test case #13 completed - Status: 401 
23:54:05.556 [main] INFO com.intuit.karate -- ?ang ch?y test case #14: Token không h?p l? 
23:54:05.566 [main] INFO com.intuit.karate -- karate.env system property was: null 
23:54:05.570 [main] DEBUG com.jayway.jsonpath.internal.path.CompiledPath -- Evaluating path: $
23:54:05.571 [main] DEBUG com.jayway.jsonpath.internal.path.CompiledPath -- Evaluating path: $
23:54:05.574 [main] DEBUG org.apache.http.client.protocol.RequestAddCookies -- CookieSpec selected: karate
23:54:05.574 [main] DEBUG org.apache.http.client.protocol.RequestAuthCache -- Auth cache not set in the context
23:54:05.574 [main] DEBUG com.intuit.karate -- request:
1 > GET http://localhost:3000/users/get-users?limit=10&page=1
1 > Authorization: Bearer INVALID_TOKEN
1 > Host: localhost:3000
1 > Connection: Keep-Alive
1 > User-Agent: Apache-HttpClient/4.5.14 (Java/17.0.9)
1 > Accept-Encoding: gzip,deflate


23:54:05.574 [main] DEBUG org.apache.http.impl.conn.PoolingHttpClientConnectionManager -- Connection request: [route: {}->http://localhost:3000][total available: 0; route allocated: 0 of 5; total allocated: 0 of 10]
23:54:05.574 [main] DEBUG org.apache.http.impl.conn.PoolingHttpClientConnectionManager -- Connection leased: [id: 13][route: {}->http://localhost:3000][total available: 0; route allocated: 1 of 5; total allocated: 1 of 10]
23:54:05.574 [main] DEBUG org.apache.http.impl.execchain.MainClientExec -- Opening connection {}->http://localhost:3000
23:54:05.574 [main] DEBUG org.apache.http.impl.conn.DefaultHttpClientConnectionOperator -- Connecting to localhost/127.0.0.1:3000
23:54:05.576 [main] DEBUG org.apache.http.impl.conn.DefaultHttpClientConnectionOperator -- Connection established 127.0.0.1:62897<->127.0.0.1:3000
23:54:05.576 [main] DEBUG org.apache.http.impl.conn.DefaultManagedHttpClientConnection -- http-outgoing-13: set socket timeout to 5000
23:54:05.576 [main] DEBUG org.apache.http.impl.execchain.MainClientExec -- Executing request GET /users/get-users?limit=10&page=1 HTTP/1.1
23:54:05.576 [main] DEBUG org.apache.http.impl.execchain.MainClientExec -- Proxy auth state: UNCHALLENGED
23:54:05.576 [main] DEBUG org.apache.http.headers -- http-outgoing-13 >> GET /users/get-users?limit=10&page=1 HTTP/1.1
23:54:05.576 [main] DEBUG org.apache.http.headers -- http-outgoing-13 >> Authorization: Bearer INVALID_TOKEN
23:54:05.576 [main] DEBUG org.apache.http.headers -- http-outgoing-13 >> Host: localhost:3000
23:54:05.576 [main] DEBUG org.apache.http.headers -- http-outgoing-13 >> Connection: Keep-Alive
23:54:05.576 [main] DEBUG org.apache.http.headers -- http-outgoing-13 >> User-Agent: Apache-HttpClient/4.5.14 (Java/17.0.9)
23:54:05.576 [main] DEBUG org.apache.http.headers -- http-outgoing-13 >> Accept-Encoding: gzip,deflate
23:54:05.576 [main] DEBUG org.apache.http.wire -- http-outgoing-13 >> "GET /users/get-users?limit=10&page=1 HTTP/1.1[\r][\n]"
23:54:05.576 [main] DEBUG org.apache.http.wire -- http-outgoing-13 >> "Authorization: Bearer INVALID_TOKEN[\r][\n]"
23:54:05.576 [main] DEBUG org.apache.http.wire -- http-outgoing-13 >> "Host: localhost:3000[\r][\n]"
23:54:05.576 [main] DEBUG org.apache.http.wire -- http-outgoing-13 >> "Connection: Keep-Alive[\r][\n]"
23:54:05.576 [main] DEBUG org.apache.http.wire -- http-outgoing-13 >> "User-Agent: Apache-HttpClient/4.5.14 (Java/17.0.9)[\r][\n]"
23:54:05.576 [main] DEBUG org.apache.http.wire -- http-outgoing-13 >> "Accept-Encoding: gzip,deflate[\r][\n]"
23:54:05.576 [main] DEBUG org.apache.http.wire -- http-outgoing-13 >> "[\r][\n]"
23:54:05.578 [main] DEBUG org.apache.http.wire -- http-outgoing-13 << "HTTP/1.1 401 Unauthorized[\r][\n]"
23:54:05.578 [main] DEBUG org.apache.http.wire -- http-outgoing-13 << "X-Powered-By: Express[\r][\n]"
23:54:05.578 [main] DEBUG org.apache.http.wire -- http-outgoing-13 << "Access-Control-Allow-Origin: *[\r][\n]"
23:54:05.578 [main] DEBUG org.apache.http.wire -- http-outgoing-13 << "Content-Type: application/json; charset=utf-8[\r][\n]"
23:54:05.578 [main] DEBUG org.apache.http.wire -- http-outgoing-13 << "Content-Length: 140[\r][\n]"
23:54:05.578 [main] DEBUG org.apache.http.wire -- http-outgoing-13 << "ETag: W/"8c-kvVVJhVrNlqpEQsz3zAsZtQzxlQ"[\r][\n]"
23:54:05.578 [main] DEBUG org.apache.http.wire -- http-outgoing-13 << "Date: Mon, 23 Jun 2025 16:54:05 GMT[\r][\n]"
23:54:05.578 [main] DEBUG org.apache.http.wire -- http-outgoing-13 << "Connection: keep-alive[\r][\n]"
23:54:05.578 [main] DEBUG org.apache.http.wire -- http-outgoing-13 << "Keep-Alive: timeout=5[\r][\n]"
23:54:05.578 [main] DEBUG org.apache.http.wire -- http-outgoing-13 << "[\r][\n]"
23:54:05.578 [main] DEBUG org.apache.http.wire -- http-outgoing-13 << "{"success":false,"statusCode":401,"message":"Unauthorized","path":"/users/get-users?limit=10&page=1","timestamp":"2025-06-23T16:54:05.577Z"}"
23:54:05.578 [main] DEBUG org.apache.http.headers -- http-outgoing-13 << HTTP/1.1 401 Unauthorized
23:54:05.578 [main] DEBUG org.apache.http.headers -- http-outgoing-13 << X-Powered-By: Express
23:54:05.578 [main] DEBUG org.apache.http.headers -- http-outgoing-13 << Access-Control-Allow-Origin: *
23:54:05.578 [main] DEBUG org.apache.http.headers -- http-outgoing-13 << Content-Type: application/json; charset=utf-8
23:54:05.578 [main] DEBUG org.apache.http.headers -- http-outgoing-13 << Content-Length: 140
23:54:05.578 [main] DEBUG org.apache.http.headers -- http-outgoing-13 << ETag: W/"8c-kvVVJhVrNlqpEQsz3zAsZtQzxlQ"
23:54:05.578 [main] DEBUG org.apache.http.headers -- http-outgoing-13 << Date: Mon, 23 Jun 2025 16:54:05 GMT
23:54:05.578 [main] DEBUG org.apache.http.headers -- http-outgoing-13 << Connection: keep-alive
23:54:05.578 [main] DEBUG org.apache.http.headers -- http-outgoing-13 << Keep-Alive: timeout=5
23:54:05.578 [main] DEBUG org.apache.http.impl.execchain.MainClientExec -- Connection can be kept alive for 5000 MILLISECONDS
23:54:05.578 [main] DEBUG org.apache.http.impl.auth.HttpAuthenticator -- Authentication required
23:54:05.578 [main] DEBUG org.apache.http.impl.auth.HttpAuthenticator -- localhost:3000 requested authentication
23:54:05.578 [main] DEBUG org.apache.http.impl.auth.HttpAuthenticator -- Response contains no authentication challenges
23:54:05.578 [main] DEBUG org.apache.http.impl.conn.PoolingHttpClientConnectionManager -- Connection [id: 13][route: {}->http://localhost:3000] can be kept alive for 5.0 seconds
23:54:05.578 [main] DEBUG org.apache.http.impl.conn.DefaultManagedHttpClientConnection -- http-outgoing-13: set socket timeout to 0
23:54:05.578 [main] DEBUG org.apache.http.impl.conn.PoolingHttpClientConnectionManager -- Connection released: [id: 13][route: {}->http://localhost:3000][total available: 1; route allocated: 1 of 5; total allocated: 1 of 10]
23:54:05.578 [main] DEBUG org.apache.http.impl.conn.PoolingHttpClientConnectionManager -- Connection manager is shutting down
23:54:05.579 [main] DEBUG org.apache.http.impl.conn.DefaultManagedHttpClientConnection -- http-outgoing-13: Close connection
23:54:05.579 [main] DEBUG org.apache.http.impl.conn.PoolingHttpClientConnectionManager -- Connection manager shut down
23:54:05.579 [main] DEBUG com.intuit.karate -- response time in milliseconds: 4
1 < 401
1 < X-Powered-By: Express
1 < Access-Control-Allow-Origin: *
1 < Content-Type: application/json; charset=utf-8
1 < Content-Length: 140
1 < ETag: W/"8c-kvVVJhVrNlqpEQsz3zAsZtQzxlQ"
1 < Date: Mon, 23 Jun 2025 16:54:05 GMT
1 < Connection: keep-alive
1 < Keep-Alive: timeout=5
{
  "success": false,
  "statusCode": 401,
  "message": "Unauthorized",
  "path": "/users/get-users?limit=10&page=1",
  "timestamp": "2025-06-23T16:54:05.577Z"
}


23:54:05.580 [main] INFO com.intuit.karate -- [print] Calling getUsers API v?i bearerToken: INVALID_TOKEN 
23:54:05.581 [main] INFO com.intuit.karate -- [print] Query params: {
  "page": "1",
  "limit": "10"
}
 
23:54:05.582 [main] INFO com.intuit.karate -- [print] Response status: 401 body: {
  "success": false,
  "statusCode": 401,
  "message": "Unauthorized",
  "path": "/users/get-users?limit=10&page=1",
  "timestamp": "2025-06-23T16:54:05.577Z"
}
 
23:54:05.583 [main] INFO com.intuit.karate -- ? TEST PASSED - All validations passed 
23:54:05.584 [main] INFO com.intuit.karate -- Test case #14 completed - Status: 401 
23:54:05.585 [main] INFO com.intuit.karate -- ?ang ch?y test case #15: Ki?m tra SQL Injection trong page 
23:54:05.593 [main] INFO com.intuit.karate -- karate.env system property was: null 
23:54:05.595 [main] DEBUG com.jayway.jsonpath.internal.path.CompiledPath -- Evaluating path: $
23:54:05.596 [main] DEBUG com.jayway.jsonpath.internal.path.CompiledPath -- Evaluating path: $
23:54:05.598 [main] DEBUG org.apache.http.client.protocol.RequestAddCookies -- CookieSpec selected: karate
23:54:05.598 [main] DEBUG org.apache.http.client.protocol.RequestAuthCache -- Auth cache not set in the context
23:54:05.598 [main] DEBUG com.intuit.karate -- request:
1 > GET http://localhost:3000/users/get-users?limit=10&page=1%27+OR+%271%27%3D%271
1 > Authorization: Bearer eyJhbGciOiJIUzI1NiIsInR5cCI6IkpXVCJ9.eyJzdWIiOiJmNjI4NDUzMi04ZjFlLTRiMDUtYWM1NC1kODAzNzM4NmU4MGMiLCJ1c2VybmFtZSI6InVzZXJubzIiLCJyb2xlIjowLCJpYXQiOjE3NTA2OTQzNTQsImV4cCI6MTc1MDY5Nzk1NH0.cn4pcMTzJbKyd0aw-bN_KvZNRCfEwxef9wljw6vUgkw
1 > Host: localhost:3000
1 > Connection: Keep-Alive
1 > User-Agent: Apache-HttpClient/4.5.14 (Java/17.0.9)
1 > Accept-Encoding: gzip,deflate


23:54:05.599 [main] DEBUG org.apache.http.impl.conn.PoolingHttpClientConnectionManager -- Connection request: [route: {}->http://localhost:3000][total available: 0; route allocated: 0 of 5; total allocated: 0 of 10]
23:54:05.599 [main] DEBUG org.apache.http.impl.conn.PoolingHttpClientConnectionManager -- Connection leased: [id: 14][route: {}->http://localhost:3000][total available: 0; route allocated: 1 of 5; total allocated: 1 of 10]
23:54:05.599 [main] DEBUG org.apache.http.impl.execchain.MainClientExec -- Opening connection {}->http://localhost:3000
23:54:05.599 [main] DEBUG org.apache.http.impl.conn.DefaultHttpClientConnectionOperator -- Connecting to localhost/127.0.0.1:3000
23:54:05.600 [main] DEBUG org.apache.http.impl.conn.DefaultHttpClientConnectionOperator -- Connection established 127.0.0.1:62898<->127.0.0.1:3000
23:54:05.600 [main] DEBUG org.apache.http.impl.conn.DefaultManagedHttpClientConnection -- http-outgoing-14: set socket timeout to 5000
23:54:05.600 [main] DEBUG org.apache.http.impl.execchain.MainClientExec -- Executing request GET /users/get-users?limit=10&page=1%27+OR+%271%27%3D%271 HTTP/1.1
23:54:05.600 [main] DEBUG org.apache.http.impl.execchain.MainClientExec -- Proxy auth state: UNCHALLENGED
23:54:05.600 [main] DEBUG org.apache.http.headers -- http-outgoing-14 >> GET /users/get-users?limit=10&page=1%27+OR+%271%27%3D%271 HTTP/1.1
23:54:05.600 [main] DEBUG org.apache.http.headers -- http-outgoing-14 >> Authorization: Bearer eyJhbGciOiJIUzI1NiIsInR5cCI6IkpXVCJ9.eyJzdWIiOiJmNjI4NDUzMi04ZjFlLTRiMDUtYWM1NC1kODAzNzM4NmU4MGMiLCJ1c2VybmFtZSI6InVzZXJubzIiLCJyb2xlIjowLCJpYXQiOjE3NTA2OTQzNTQsImV4cCI6MTc1MDY5Nzk1NH0.cn4pcMTzJbKyd0aw-bN_KvZNRCfEwxef9wljw6vUgkw
23:54:05.600 [main] DEBUG org.apache.http.headers -- http-outgoing-14 >> Host: localhost:3000
23:54:05.600 [main] DEBUG org.apache.http.headers -- http-outgoing-14 >> Connection: Keep-Alive
23:54:05.600 [main] DEBUG org.apache.http.headers -- http-outgoing-14 >> User-Agent: Apache-HttpClient/4.5.14 (Java/17.0.9)
23:54:05.601 [main] DEBUG org.apache.http.headers -- http-outgoing-14 >> Accept-Encoding: gzip,deflate
23:54:05.601 [main] DEBUG org.apache.http.wire -- http-outgoing-14 >> "GET /users/get-users?limit=10&page=1%27+OR+%271%27%3D%271 HTTP/1.1[\r][\n]"
23:54:05.601 [main] DEBUG org.apache.http.wire -- http-outgoing-14 >> "Authorization: Bearer eyJhbGciOiJIUzI1NiIsInR5cCI6IkpXVCJ9.eyJzdWIiOiJmNjI4NDUzMi04ZjFlLTRiMDUtYWM1NC1kODAzNzM4NmU4MGMiLCJ1c2VybmFtZSI6InVzZXJubzIiLCJyb2xlIjowLCJpYXQiOjE3NTA2OTQzNTQsImV4cCI6MTc1MDY5Nzk1NH0.cn4pcMTzJbKyd0aw-bN_KvZNRCfEwxef9wljw6vUgkw[\r][\n]"
23:54:05.601 [main] DEBUG org.apache.http.wire -- http-outgoing-14 >> "Host: localhost:3000[\r][\n]"
23:54:05.601 [main] DEBUG org.apache.http.wire -- http-outgoing-14 >> "Connection: Keep-Alive[\r][\n]"
23:54:05.601 [main] DEBUG org.apache.http.wire -- http-outgoing-14 >> "User-Agent: Apache-HttpClient/4.5.14 (Java/17.0.9)[\r][\n]"
23:54:05.601 [main] DEBUG org.apache.http.wire -- http-outgoing-14 >> "Accept-Encoding: gzip,deflate[\r][\n]"
23:54:05.601 [main] DEBUG org.apache.http.wire -- http-outgoing-14 >> "[\r][\n]"
23:54:05.743 [main] DEBUG org.apache.http.wire -- http-outgoing-14 << "HTTP/1.1 200 OK[\r][\n]"
23:54:05.744 [main] DEBUG org.apache.http.wire -- http-outgoing-14 << "X-Powered-By: Express[\r][\n]"
23:54:05.744 [main] DEBUG org.apache.http.wire -- http-outgoing-14 << "Access-Control-Allow-Origin: *[\r][\n]"
23:54:05.744 [main] DEBUG org.apache.http.wire -- http-outgoing-14 << "Content-Type: application/json; charset=utf-8[\r][\n]"
23:54:05.744 [main] DEBUG org.apache.http.wire -- http-outgoing-14 << "Content-Length: 4710[\r][\n]"
23:54:05.744 [main] DEBUG org.apache.http.wire -- http-outgoing-14 << "ETag: W/"1266-eCTAhJmtaJLWyJcV1EBbmSXtxkY"[\r][\n]"
23:54:05.744 [main] DEBUG org.apache.http.wire -- http-outgoing-14 << "Date: Mon, 23 Jun 2025 16:54:05 GMT[\r][\n]"
23:54:05.744 [main] DEBUG org.apache.http.wire -- http-outgoing-14 << "Connection: keep-alive[\r][\n]"
23:54:05.744 [main] DEBUG org.apache.http.wire -- http-outgoing-14 << "Keep-Alive: timeout=5[\r][\n]"
23:54:05.744 [main] DEBUG org.apache.http.wire -- http-outgoing-14 << "[\r][\n]"
23:54:05.744 [main] DEBUG org.apache.http.wire -- http-outgoing-14 << "{"message":"","statusCode":200,"status":"success","data":{"total":35,"page":1,"limit":10,"totalPages":4,"users":[{"id":"047b17a4-1e8a-4160-bb8a-db05a94a30cb","email":"testerno1@example.com","username":"johndoetestno1","name":"John Doetesterno1","bio":null,"gender":null,"dob":null,"phoneNumber":"0987654207","address":null,"profilePic":null,"private":false,"verified":false,"role":0,"accountStatus":true,"lastLogin":null,"createdAt":"2025-06-22T04:00:40.803Z","updatedAt":"2025-06-22T04:00:40.804Z","followersCount":0,"followingsCount":0},{"id":"08515b05-2d3e-4789-ad60-db35525a4970","email":"nam@gmail.com","username":"nam","name":"nam","bio":"Chu tich hoi dong Quan tri 1","gender":null,"dob":null,"phoneNumber":"0123456789","address":null,"profilePic":"https://res.cloudinary.com/dizcvrefo/image/upload/v1749266646/nestjs_uploads/zk9zrpeidnovxibfqdxr.png","private":false,"verified":false,"role":0,"accountStatus":true,"lastLogin":"2025-06-23T16:36:28.159Z","createdAt":"2025-05-22T07:39:58.212Z","updatedAt":"2025-06-23T16:36:28.162Z","followersCount":2,"followingsCount":5},{"id":"09c10759-ec74-45ca-8274-f1a7f7fdb589","email":"tester1@example.com","username":"johndoetest1","name":"John Doetest","bio":null,"gender":null,"dob":null,"phoneNumber":"0987654322","address":null,"profilePic":null,"private":false,"verified":false,"role":0,"accountStatus":true,"lastLogin":null,"createdAt":"2025-06-22T02:12:16.282Z","updatedAt":"2025-06-22T02:12:16.284Z","followersCount":0,"followingsCount":0},{"id":"0a37ef43-fee8-41d3-a686-8ab086948695","email":"testit2@gmail.com","username":"johndoe21","name":"John Doe","bio":null,"gender":null,"dob":null,"phoneNumber":"0123456712","address":null,"profilePic":null,"private":false,"verified":false,"role":0,"accountStatus":true,"lastLogin":"2025-06-22T16:08:09.276Z","createdAt":"2025-06-22T03:45:37.141Z","updatedAt":"2025-06-22T16:08:09.278Z","followersCount":0,"followingsCount":0},{"id":"1fa871af-f9fe-47b5-b416-4f9c3d544065","email":"testerno2@example.com","username":"janesmithtesstno1","name":"Jane Smithtestno1","bio":null,"gender":null,"dob":null,"phoneNumber":"01234567203","address":null,"profilePic":null,"private":false,"verified":false,"role":0,"accountStatus":true,"lastLogin":null,"createdAt":"2025-06-22T04:00:41.081Z","updatedAt":"2025-06-22T04:00:41.083Z","followersCount":0,"followingsCount":0},{"id":"272f6b55-5179-4ae3-8563-b4ec10f76715","email":"testit5@gmail.com","username":"johndoe2d5d","name":"John Doe","bio":null,"gender":null,"dob":null,"phoneNumber":"0123456132","address":null,"profilePic":null,"private":false,"verified":false,"role":0,"accountStatus":true,"lastLogin":"2025-06-22T16:08:10.247Z","createdAt":"2025-06-22T14:55:01.797Z","updatedAt":"2025-06-22T16:08:10.249Z","followersCount":0,"followingsCount":0},{"id":"2aa10f99-aba5-4a4b-94d4-d0ceaf78f931","email":"testerno24@example.com","username":"johndoeno24","name":"<script>alert(\"xss-test\")</script>","bio":null,"gender":null,"dob":null,"phoneNumber":"0987311111","address":null,"profilePic":null,"private":false,"verified":false,"role":0,"accountStatus":true,"lastLogin":null,"createdAt":"2025-06-22T04:00:43.070Z","updatedAt":"2025-06-22T04:00:43.072Z","followersCount":0,"followingsCount":0},{"id":"2b84aa24-668a-40e2-af1c-ad4fc4fa5a6f","email":"quang1@gmail.com","username":"quang1","name":"quang1","bio":"Thang Nam Lao Vua Thoi","gender":null,"dob":null,"phoneNumber":"09874563210","address":null,"profilePic":"https://res.cloudinary.com/dizcvrefo/image/upload/v1749027586/nestjs_uploads/xehairydt9rzlbmbmv4c.jpg","private":false,"verified":false,"role":0,"accountStatus":true,"lastLogin":"2025-06-22T16:08:09.419Z","createdAt":"2025-05-22T15:21:16.815Z","updatedAt":"2025-06-22T16:08:09.421Z","followersCount":2,"followingsCount":3},{"id":"2bd7ed70-b2ce-4c1b-8451-e9498b059290","email":"testerno22@example.com","username":"johndoe223","name":"This is a very long12 name that exceeds the maximum length of fifty characters allowed in the system","bio":null,"gender":null,"dob":null,"phoneNumber":"0987654331","address":null,"profilePic":null,"private":false,"verified":false,"role":0,"accountStatus":true,"lastLogin":null,"createdAt":"2025-06-22T04:00:42.587Z","updatedAt":"2025-06-22T04:00:42.589Z","followersCount":0,"followingsCount":0},{"id":"2dda0439-5180-45aa-917f-e632e45a8e41","email":"test@example.com","username":"johndoe","name":"John Doe","bio":null,"gender":null,"dob":null,"phoneNumber":"0987654321","address":null,"profilePic":null,"private":false,"verified":false,"role":0,"accountStatus":true,"lastLogin":"2025-06-22T16:08:06.447Z","createdAt":"2025-06-17T15:18:30.181Z","updatedAt":"2025-06-22T16:08:06.448Z","followersCount":0,"followingsCount":0}]}}"
23:54:05.744 [main] DEBUG org.apache.http.headers -- http-outgoing-14 << HTTP/1.1 200 OK
23:54:05.744 [main] DEBUG org.apache.http.headers -- http-outgoing-14 << X-Powered-By: Express
23:54:05.744 [main] DEBUG org.apache.http.headers -- http-outgoing-14 << Access-Control-Allow-Origin: *
23:54:05.744 [main] DEBUG org.apache.http.headers -- http-outgoing-14 << Content-Type: application/json; charset=utf-8
23:54:05.744 [main] DEBUG org.apache.http.headers -- http-outgoing-14 << Content-Length: 4710
23:54:05.744 [main] DEBUG org.apache.http.headers -- http-outgoing-14 << ETag: W/"1266-eCTAhJmtaJLWyJcV1EBbmSXtxkY"
23:54:05.744 [main] DEBUG org.apache.http.headers -- http-outgoing-14 << Date: Mon, 23 Jun 2025 16:54:05 GMT
23:54:05.744 [main] DEBUG org.apache.http.headers -- http-outgoing-14 << Connection: keep-alive
23:54:05.744 [main] DEBUG org.apache.http.headers -- http-outgoing-14 << Keep-Alive: timeout=5
23:54:05.744 [main] DEBUG org.apache.http.impl.execchain.MainClientExec -- Connection can be kept alive for 5000 MILLISECONDS
23:54:05.745 [main] DEBUG org.apache.http.impl.conn.PoolingHttpClientConnectionManager -- Connection [id: 14][route: {}->http://localhost:3000] can be kept alive for 5.0 seconds
23:54:05.745 [main] DEBUG org.apache.http.impl.conn.DefaultManagedHttpClientConnection -- http-outgoing-14: set socket timeout to 0
23:54:05.745 [main] DEBUG org.apache.http.impl.conn.PoolingHttpClientConnectionManager -- Connection released: [id: 14][route: {}->http://localhost:3000][total available: 1; route allocated: 1 of 5; total allocated: 1 of 10]
23:54:05.745 [main] DEBUG org.apache.http.impl.conn.PoolingHttpClientConnectionManager -- Connection manager is shutting down
23:54:05.745 [main] DEBUG org.apache.http.impl.conn.DefaultManagedHttpClientConnection -- http-outgoing-14: Close connection
23:54:05.745 [main] DEBUG org.apache.http.impl.conn.PoolingHttpClientConnectionManager -- Connection manager shut down
23:54:05.745 [main] DEBUG com.intuit.karate -- response time in milliseconds: 146
1 < 200
1 < X-Powered-By: Express
1 < Access-Control-Allow-Origin: *
1 < Content-Type: application/json; charset=utf-8
1 < Content-Length: 4710
1 < ETag: W/"1266-eCTAhJmtaJLWyJcV1EBbmSXtxkY"
1 < Date: Mon, 23 Jun 2025 16:54:05 GMT
1 < Connection: keep-alive
1 < Keep-Alive: timeout=5
{
  "message": "",
  "statusCode": 200,
  "status": "success",
  "data": {
    "total": 35,
    "page": 1,
    "limit": 10,
    "totalPages": 4,
    "users": [
      {
        "id": "047b17a4-1e8a-4160-bb8a-db05a94a30cb",
        "email": "testerno1@example.com",
        "username": "johndoetestno1",
        "name": "John Doetesterno1",
        "bio": null,
        "gender": null,
        "dob": null,
        "phoneNumber": "0987654207",
        "address": null,
        "profilePic": null,
        "private": false,
        "verified": false,
        "role": 0,
        "accountStatus": true,
        "lastLogin": null,
        "createdAt": "2025-06-22T04:00:40.803Z",
        "updatedAt": "2025-06-22T04:00:40.804Z",
        "followersCount": 0,
        "followingsCount": 0
      },
      {
        "id": "08515b05-2d3e-4789-ad60-db35525a4970",
        "email": "nam@gmail.com",
        "username": "nam",
        "name": "nam",
        "bio": "Chu tich hoi dong Quan tri 1",
        "gender": null,
        "dob": null,
        "phoneNumber": "0123456789",
        "address": null,
        "profilePic": "https://res.cloudinary.com/dizcvrefo/image/upload/v1749266646/nestjs_uploads/zk9zrpeidnovxibfqdxr.png",
        "private": false,
        "verified": false,
        "role": 0,
        "accountStatus": true,
        "lastLogin": "2025-06-23T16:36:28.159Z",
        "createdAt": "2025-05-22T07:39:58.212Z",
        "updatedAt": "2025-06-23T16:36:28.162Z",
        "followersCount": 2,
        "followingsCount": 5
      },
      {
        "id": "09c10759-ec74-45ca-8274-f1a7f7fdb589",
        "email": "tester1@example.com",
        "username": "johndoetest1",
        "name": "John Doetest",
        "bio": null,
        "gender": null,
        "dob": null,
        "phoneNumber": "0987654322",
        "address": null,
        "profilePic": null,
        "private": false,
        "verified": false,
        "role": 0,
        "accountStatus": true,
        "lastLogin": null,
        "createdAt": "2025-06-22T02:12:16.282Z",
        "updatedAt": "2025-06-22T02:12:16.284Z",
        "followersCount": 0,
        "followingsCount": 0
      },
      {
        "id": "0a37ef43-fee8-41d3-a686-8ab086948695",
        "email": "testit2@gmail.com",
        "username": "johndoe21",
        "name": "John Doe",
        "bio": null,
        "gender": null,
        "dob": null,
        "phoneNumber": "0123456712",
        "address": null,
        "profilePic": null,
        "private": false,
        "verified": false,
        "role": 0,
        "accountStatus": true,
        "lastLogin": "2025-06-22T16:08:09.276Z",
        "createdAt": "2025-06-22T03:45:37.141Z",
        "updatedAt": "2025-06-22T16:08:09.278Z",
        "followersCount": 0,
        "followingsCount": 0
      },
      {
        "id": "1fa871af-f9fe-47b5-b416-4f9c3d544065",
        "email": "testerno2@example.com",
        "username": "janesmithtesstno1",
        "name": "Jane Smithtestno1",
        "bio": null,
        "gender": null,
        "dob": null,
        "phoneNumber": "01234567203",
        "address": null,
        "profilePic": null,
        "private": false,
        "verified": false,
        "role": 0,
        "accountStatus": true,
        "lastLogin": null,
        "createdAt": "2025-06-22T04:00:41.081Z",
        "updatedAt": "2025-06-22T04:00:41.083Z",
        "followersCount": 0,
        "followingsCount": 0
      },
      {
        "id": "272f6b55-5179-4ae3-8563-b4ec10f76715",
        "email": "testit5@gmail.com",
        "username": "johndoe2d5d",
        "name": "John Doe",
        "bio": null,
        "gender": null,
        "dob": null,
        "phoneNumber": "0123456132",
        "address": null,
        "profilePic": null,
        "private": false,
        "verified": false,
        "role": 0,
        "accountStatus": true,
        "lastLogin": "2025-06-22T16:08:10.247Z",
        "createdAt": "2025-06-22T14:55:01.797Z",
        "updatedAt": "2025-06-22T16:08:10.249Z",
        "followersCount": 0,
        "followingsCount": 0
      },
      {
        "id": "2aa10f99-aba5-4a4b-94d4-d0ceaf78f931",
        "email": "testerno24@example.com",
        "username": "johndoeno24",
        "name": "<script>alert(\"xss-test\")</script>",
        "bio": null,
        "gender": null,
        "dob": null,
        "phoneNumber": "0987311111",
        "address": null,
        "profilePic": null,
        "private": false,
        "verified": false,
        "role": 0,
        "accountStatus": true,
        "lastLogin": null,
        "createdAt": "2025-06-22T04:00:43.070Z",
        "updatedAt": "2025-06-22T04:00:43.072Z",
        "followersCount": 0,
        "followingsCount": 0
      },
      {
        "id": "2b84aa24-668a-40e2-af1c-ad4fc4fa5a6f",
        "email": "quang1@gmail.com",
        "username": "quang1",
        "name": "quang1",
        "bio": "Thang Nam Lao Vua Thoi",
        "gender": null,
        "dob": null,
        "phoneNumber": "09874563210",
        "address": null,
        "profilePic": "https://res.cloudinary.com/dizcvrefo/image/upload/v1749027586/nestjs_uploads/xehairydt9rzlbmbmv4c.jpg",
        "private": false,
        "verified": false,
        "role": 0,
        "accountStatus": true,
        "lastLogin": "2025-06-22T16:08:09.419Z",
        "createdAt": "2025-05-22T15:21:16.815Z",
        "updatedAt": "2025-06-22T16:08:09.421Z",
        "followersCount": 2,
        "followingsCount": 3
      },
      {
        "id": "2bd7ed70-b2ce-4c1b-8451-e9498b059290",
        "email": "testerno22@example.com",
        "username": "johndoe223",
        "name": "This is a very long12 name that exceeds the maximum length of fifty characters allowed in the system",
        "bio": null,
        "gender": null,
        "dob": null,
        "phoneNumber": "0987654331",
        "address": null,
        "profilePic": null,
        "private": false,
        "verified": false,
        "role": 0,
        "accountStatus": true,
        "lastLogin": null,
        "createdAt": "2025-06-22T04:00:42.587Z",
        "updatedAt": "2025-06-22T04:00:42.589Z",
        "followersCount": 0,
        "followingsCount": 0
      },
      {
        "id": "2dda0439-5180-45aa-917f-e632e45a8e41",
        "email": "test@example.com",
        "username": "johndoe",
        "name": "John Doe",
        "bio": null,
        "gender": null,
        "dob": null,
        "phoneNumber": "0987654321",
        "address": null,
        "profilePic": null,
        "private": false,
        "verified": false,
        "role": 0,
        "accountStatus": true,
        "lastLogin": "2025-06-22T16:08:06.447Z",
        "createdAt": "2025-06-17T15:18:30.181Z",
        "updatedAt": "2025-06-22T16:08:06.448Z",
        "followersCount": 0,
        "followingsCount": 0
      }
    ]
  }
}


23:54:05.747 [main] INFO com.intuit.karate -- [print] Calling getUsers API v?i bearerToken: eyJhbGciOiJIUzI1NiIsInR5cCI6IkpXVCJ9.eyJzdWIiOiJmNjI4NDUzMi04ZjFlLTRiMDUtYWM1NC1kODAzNzM4NmU4MGMiLCJ1c2VybmFtZSI6InVzZXJubzIiLCJyb2xlIjowLCJpYXQiOjE3NTA2OTQzNTQsImV4cCI6MTc1MDY5Nzk1NH0.cn4pcMTzJbKyd0aw-bN_KvZNRCfEwxef9wljw6vUgkw 
23:54:05.747 [main] INFO com.intuit.karate -- [print] Query params: {
  "page": "1' OR '1'='1",
  "limit": "10"
}
 
23:54:05.747 [main] INFO com.intuit.karate -- [print] Response status: 200 body: {
  "message": "",
  "statusCode": 200,
  "status": "success",
  "data": {
    "total": 35,
    "page": 1,
    "limit": 10,
    "totalPages": 4,
    "users": [
      {
        "id": "047b17a4-1e8a-4160-bb8a-db05a94a30cb",
        "email": "testerno1@example.com",
        "username": "johndoetestno1",
        "name": "John Doetesterno1",
        "bio": null,
        "gender": null,
        "dob": null,
        "phoneNumber": "0987654207",
        "address": null,
        "profilePic": null,
        "private": false,
        "verified": false,
        "role": 0,
        "accountStatus": true,
        "lastLogin": null,
        "createdAt": "2025-06-22T04:00:40.803Z",
        "updatedAt": "2025-06-22T04:00:40.804Z",
        "followersCount": 0,
        "followingsCount": 0
      },
      {
        "id": "08515b05-2d3e-4789-ad60-db35525a4970",
        "email": "nam@gmail.com",
        "username": "nam",
        "name": "nam",
        "bio": "Chu tich hoi dong Quan tri 1",
        "gender": null,
        "dob": null,
        "phoneNumber": "0123456789",
        "address": null,
        "profilePic": "https://res.cloudinary.com/dizcvrefo/image/upload/v1749266646/nestjs_uploads/zk9zrpeidnovxibfqdxr.png",
        "private": false,
        "verified": false,
        "role": 0,
        "accountStatus": true,
        "lastLogin": "2025-06-23T16:36:28.159Z",
        "createdAt": "2025-05-22T07:39:58.212Z",
        "updatedAt": "2025-06-23T16:36:28.162Z",
        "followersCount": 2,
        "followingsCount": 5
      },
      {
        "id": "09c10759-ec74-45ca-8274-f1a7f7fdb589",
        "email": "tester1@example.com",
        "username": "johndoetest1",
        "name": "John Doetest",
        "bio": null,
        "gender": null,
        "dob": null,
        "phoneNumber": "0987654322",
        "address": null,
        "profilePic": null,
        "private": false,
        "verified": false,
        "role": 0,
        "accountStatus": true,
        "lastLogin": null,
        "createdAt": "2025-06-22T02:12:16.282Z",
        "updatedAt": "2025-06-22T02:12:16.284Z",
        "followersCount": 0,
        "followingsCount": 0
      },
      {
        "id": "0a37ef43-fee8-41d3-a686-8ab086948695",
        "email": "testit2@gmail.com",
        "username": "johndoe21",
        "name": "John Doe",
        "bio": null,
        "gender": null,
        "dob": null,
        "phoneNumber": "0123456712",
        "address": null,
        "profilePic": null,
        "private": false,
        "verified": false,
        "role": 0,
        "accountStatus": true,
        "lastLogin": "2025-06-22T16:08:09.276Z",
        "createdAt": "2025-06-22T03:45:37.141Z",
        "updatedAt": "2025-06-22T16:08:09.278Z",
        "followersCount": 0,
        "followingsCount": 0
      },
      {
        "id": "1fa871af-f9fe-47b5-b416-4f9c3d544065",
        "email": "testerno2@example.com",
        "username": "janesmithtesstno1",
        "name": "Jane Smithtestno1",
        "bio": null,
        "gender": null,
        "dob": null,
        "phoneNumber": "01234567203",
        "address": null,
        "profilePic": null,
        "private": false,
        "verified": false,
        "role": 0,
        "accountStatus": true,
        "lastLogin": null,
        "createdAt": "2025-06-22T04:00:41.081Z",
        "updatedAt": "2025-06-22T04:00:41.083Z",
        "followersCount": 0,
        "followingsCount": 0
      },
      {
        "id": "272f6b55-5179-4ae3-8563-b4ec10f76715",
        "email": "testit5@gmail.com",
        "username": "johndoe2d5d",
        "name": "John Doe",
        "bio": null,
        "gender": null,
        "dob": null,
        "phoneNumber": "0123456132",
        "address": null,
        "profilePic": null,
        "private": false,
        "verified": false,
        "role": 0,
        "accountStatus": true,
        "lastLogin": "2025-06-22T16:08:10.247Z",
        "createdAt": "2025-06-22T14:55:01.797Z",
        "updatedAt": "2025-06-22T16:08:10.249Z",
        "followersCount": 0,
        "followingsCount": 0
      },
      {
        "id": "2aa10f99-aba5-4a4b-94d4-d0ceaf78f931",
        "email": "testerno24@example.com",
        "username": "johndoeno24",
        "name": "<script>alert(\"xss-test\")</script>",
        "bio": null,
        "gender": null,
        "dob": null,
        "phoneNumber": "0987311111",
        "address": null,
        "profilePic": null,
        "private": false,
        "verified": false,
        "role": 0,
        "accountStatus": true,
        "lastLogin": null,
        "createdAt": "2025-06-22T04:00:43.070Z",
        "updatedAt": "2025-06-22T04:00:43.072Z",
        "followersCount": 0,
        "followingsCount": 0
      },
      {
        "id": "2b84aa24-668a-40e2-af1c-ad4fc4fa5a6f",
        "email": "quang1@gmail.com",
        "username": "quang1",
        "name": "quang1",
        "bio": "Thang Nam Lao Vua Thoi",
        "gender": null,
        "dob": null,
        "phoneNumber": "09874563210",
        "address": null,
        "profilePic": "https://res.cloudinary.com/dizcvrefo/image/upload/v1749027586/nestjs_uploads/xehairydt9rzlbmbmv4c.jpg",
        "private": false,
        "verified": false,
        "role": 0,
        "accountStatus": true,
        "lastLogin": "2025-06-22T16:08:09.419Z",
        "createdAt": "2025-05-22T15:21:16.815Z",
        "updatedAt": "2025-06-22T16:08:09.421Z",
        "followersCount": 2,
        "followingsCount": 3
      },
      {
        "id": "2bd7ed70-b2ce-4c1b-8451-e9498b059290",
        "email": "testerno22@example.com",
        "username": "johndoe223",
        "name": "This is a very long12 name that exceeds the maximum length of fifty characters allowed in the system",
        "bio": null,
        "gender": null,
        "dob": null,
        "phoneNumber": "0987654331",
        "address": null,
        "profilePic": null,
        "private": false,
        "verified": false,
        "role": 0,
        "accountStatus": true,
        "lastLogin": null,
        "createdAt": "2025-06-22T04:00:42.587Z",
        "updatedAt": "2025-06-22T04:00:42.589Z",
        "followersCount": 0,
        "followingsCount": 0
      },
      {
        "id": "2dda0439-5180-45aa-917f-e632e45a8e41",
        "email": "test@example.com",
        "username": "johndoe",
        "name": "John Doe",
        "bio": null,
        "gender": null,
        "dob": null,
        "phoneNumber": "0987654321",
        "address": null,
        "profilePic": null,
        "private": false,
        "verified": false,
        "role": 0,
        "accountStatus": true,
        "lastLogin": "2025-06-22T16:08:06.447Z",
        "createdAt": "2025-06-17T15:18:30.181Z",
        "updatedAt": "2025-06-22T16:08:06.448Z",
        "followersCount": 0,
        "followingsCount": 0
      }
    ]
  }
}
 
23:54:05.749 [main] INFO com.intuit.karate -- ? TEST FAILED - Status mismatch: Expected 400, got 200 
23:54:05.751 [main] INFO com.intuit.karate -- Test case #15 completed - Status: 200 
23:54:05.752 [main] INFO com.intuit.karate -- ?ang ch?y test case #16: Ki?m tra SQL Injection trong limit 
23:54:05.758 [main] INFO com.intuit.karate -- karate.env system property was: null 
23:54:05.760 [main] DEBUG com.jayway.jsonpath.internal.path.CompiledPath -- Evaluating path: $
23:54:05.760 [main] DEBUG com.jayway.jsonpath.internal.path.CompiledPath -- Evaluating path: $
23:54:05.762 [main] DEBUG org.apache.http.client.protocol.RequestAddCookies -- CookieSpec selected: karate
23:54:05.762 [main] DEBUG org.apache.http.client.protocol.RequestAuthCache -- Auth cache not set in the context
23:54:05.762 [main] DEBUG com.intuit.karate -- request:
1 > GET http://localhost:3000/users/get-users?limit=10%27+OR+%271%27%3D%271&page=1
1 > Authorization: Bearer eyJhbGciOiJIUzI1NiIsInR5cCI6IkpXVCJ9.eyJzdWIiOiJmNjI4NDUzMi04ZjFlLTRiMDUtYWM1NC1kODAzNzM4NmU4MGMiLCJ1c2VybmFtZSI6InVzZXJubzIiLCJyb2xlIjowLCJpYXQiOjE3NTA2OTQzNTQsImV4cCI6MTc1MDY5Nzk1NH0.cn4pcMTzJbKyd0aw-bN_KvZNRCfEwxef9wljw6vUgkw
1 > Host: localhost:3000
1 > Connection: Keep-Alive
1 > User-Agent: Apache-HttpClient/4.5.14 (Java/17.0.9)
1 > Accept-Encoding: gzip,deflate


23:54:05.762 [main] DEBUG org.apache.http.impl.conn.PoolingHttpClientConnectionManager -- Connection request: [route: {}->http://localhost:3000][total available: 0; route allocated: 0 of 5; total allocated: 0 of 10]
23:54:05.762 [main] DEBUG org.apache.http.impl.conn.PoolingHttpClientConnectionManager -- Connection leased: [id: 15][route: {}->http://localhost:3000][total available: 0; route allocated: 1 of 5; total allocated: 1 of 10]
23:54:05.762 [main] DEBUG org.apache.http.impl.execchain.MainClientExec -- Opening connection {}->http://localhost:3000
23:54:05.762 [main] DEBUG org.apache.http.impl.conn.DefaultHttpClientConnectionOperator -- Connecting to localhost/127.0.0.1:3000
23:54:05.764 [main] DEBUG org.apache.http.impl.conn.DefaultHttpClientConnectionOperator -- Connection established 127.0.0.1:62899<->127.0.0.1:3000
23:54:05.764 [main] DEBUG org.apache.http.impl.conn.DefaultManagedHttpClientConnection -- http-outgoing-15: set socket timeout to 5000
23:54:05.764 [main] DEBUG org.apache.http.impl.execchain.MainClientExec -- Executing request GET /users/get-users?limit=10%27+OR+%271%27%3D%271&page=1 HTTP/1.1
23:54:05.764 [main] DEBUG org.apache.http.impl.execchain.MainClientExec -- Proxy auth state: UNCHALLENGED
23:54:05.764 [main] DEBUG org.apache.http.headers -- http-outgoing-15 >> GET /users/get-users?limit=10%27+OR+%271%27%3D%271&page=1 HTTP/1.1
23:54:05.764 [main] DEBUG org.apache.http.headers -- http-outgoing-15 >> Authorization: Bearer eyJhbGciOiJIUzI1NiIsInR5cCI6IkpXVCJ9.eyJzdWIiOiJmNjI4NDUzMi04ZjFlLTRiMDUtYWM1NC1kODAzNzM4NmU4MGMiLCJ1c2VybmFtZSI6InVzZXJubzIiLCJyb2xlIjowLCJpYXQiOjE3NTA2OTQzNTQsImV4cCI6MTc1MDY5Nzk1NH0.cn4pcMTzJbKyd0aw-bN_KvZNRCfEwxef9wljw6vUgkw
23:54:05.764 [main] DEBUG org.apache.http.headers -- http-outgoing-15 >> Host: localhost:3000
23:54:05.764 [main] DEBUG org.apache.http.headers -- http-outgoing-15 >> Connection: Keep-Alive
23:54:05.764 [main] DEBUG org.apache.http.headers -- http-outgoing-15 >> User-Agent: Apache-HttpClient/4.5.14 (Java/17.0.9)
23:54:05.764 [main] DEBUG org.apache.http.headers -- http-outgoing-15 >> Accept-Encoding: gzip,deflate
23:54:05.764 [main] DEBUG org.apache.http.wire -- http-outgoing-15 >> "GET /users/get-users?limit=10%27+OR+%271%27%3D%271&page=1 HTTP/1.1[\r][\n]"
23:54:05.764 [main] DEBUG org.apache.http.wire -- http-outgoing-15 >> "Authorization: Bearer eyJhbGciOiJIUzI1NiIsInR5cCI6IkpXVCJ9.eyJzdWIiOiJmNjI4NDUzMi04ZjFlLTRiMDUtYWM1NC1kODAzNzM4NmU4MGMiLCJ1c2VybmFtZSI6InVzZXJubzIiLCJyb2xlIjowLCJpYXQiOjE3NTA2OTQzNTQsImV4cCI6MTc1MDY5Nzk1NH0.cn4pcMTzJbKyd0aw-bN_KvZNRCfEwxef9wljw6vUgkw[\r][\n]"
23:54:05.764 [main] DEBUG org.apache.http.wire -- http-outgoing-15 >> "Host: localhost:3000[\r][\n]"
23:54:05.764 [main] DEBUG org.apache.http.wire -- http-outgoing-15 >> "Connection: Keep-Alive[\r][\n]"
23:54:05.764 [main] DEBUG org.apache.http.wire -- http-outgoing-15 >> "User-Agent: Apache-HttpClient/4.5.14 (Java/17.0.9)[\r][\n]"
23:54:05.764 [main] DEBUG org.apache.http.wire -- http-outgoing-15 >> "Accept-Encoding: gzip,deflate[\r][\n]"
23:54:05.764 [main] DEBUG org.apache.http.wire -- http-outgoing-15 >> "[\r][\n]"
23:54:05.893 [main] DEBUG org.apache.http.wire -- http-outgoing-15 << "HTTP/1.1 200 OK[\r][\n]"
23:54:05.893 [main] DEBUG org.apache.http.wire -- http-outgoing-15 << "X-Powered-By: Express[\r][\n]"
23:54:05.893 [main] DEBUG org.apache.http.wire -- http-outgoing-15 << "Access-Control-Allow-Origin: *[\r][\n]"
23:54:05.893 [main] DEBUG org.apache.http.wire -- http-outgoing-15 << "Content-Type: application/json; charset=utf-8[\r][\n]"
23:54:05.893 [main] DEBUG org.apache.http.wire -- http-outgoing-15 << "Content-Length: 4710[\r][\n]"
23:54:05.893 [main] DEBUG org.apache.http.wire -- http-outgoing-15 << "ETag: W/"1266-eCTAhJmtaJLWyJcV1EBbmSXtxkY"[\r][\n]"
23:54:05.893 [main] DEBUG org.apache.http.wire -- http-outgoing-15 << "Date: Mon, 23 Jun 2025 16:54:05 GMT[\r][\n]"
23:54:05.893 [main] DEBUG org.apache.http.wire -- http-outgoing-15 << "Connection: keep-alive[\r][\n]"
23:54:05.893 [main] DEBUG org.apache.http.wire -- http-outgoing-15 << "Keep-Alive: timeout=5[\r][\n]"
23:54:05.893 [main] DEBUG org.apache.http.wire -- http-outgoing-15 << "[\r][\n]"
23:54:05.894 [main] DEBUG org.apache.http.wire -- http-outgoing-15 << "{"message":"","statusCode":200,"status":"success","data":{"total":35,"page":1,"limit":10,"totalPages":4,"users":[{"id":"047b17a4-1e8a-4160-bb8a-db05a94a30cb","email":"testerno1@example.com","username":"johndoetestno1","name":"John Doetesterno1","bio":null,"gender":null,"dob":null,"phoneNumber":"0987654207","address":null,"profilePic":null,"private":false,"verified":false,"role":0,"accountStatus":true,"lastLogin":null,"createdAt":"2025-06-22T04:00:40.803Z","updatedAt":"2025-06-22T04:00:40.804Z","followersCount":0,"followingsCount":0},{"id":"08515b05-2d3e-4789-ad60-db35525a4970","email":"nam@gmail.com","username":"nam","name":"nam","bio":"Chu tich hoi dong Quan tri 1","gender":null,"dob":null,"phoneNumber":"0123456789","address":null,"profilePic":"https://res.cloudinary.com/dizcvrefo/image/upload/v1749266646/nestjs_uploads/zk9zrpeidnovxibfqdxr.png","private":false,"verified":false,"role":0,"accountStatus":true,"lastLogin":"2025-06-23T16:36:28.159Z","createdAt":"2025-05-22T07:39:58.212Z","updatedAt":"2025-06-23T16:36:28.162Z","followersCount":2,"followingsCount":5},{"id":"09c10759-ec74-45ca-8274-f1a7f7fdb589","email":"tester1@example.com","username":"johndoetest1","name":"John Doetest","bio":null,"gender":null,"dob":null,"phoneNumber":"0987654322","address":null,"profilePic":null,"private":false,"verified":false,"role":0,"accountStatus":true,"lastLogin":null,"createdAt":"2025-06-22T02:12:16.282Z","updatedAt":"2025-06-22T02:12:16.284Z","followersCount":0,"followingsCount":0},{"id":"0a37ef43-fee8-41d3-a686-8ab086948695","email":"testit2@gmail.com","username":"johndoe21","name":"John Doe","bio":null,"gender":null,"dob":null,"phoneNumber":"0123456712","address":null,"profilePic":null,"private":false,"verified":false,"role":0,"accountStatus":true,"lastLogin":"2025-06-22T16:08:09.276Z","createdAt":"2025-06-22T03:45:37.141Z","updatedAt":"2025-06-22T16:08:09.278Z","followersCount":0,"followingsCount":0},{"id":"1fa871af-f9fe-47b5-b416-4f9c3d544065","email":"testerno2@example.com","username":"janesmithtesstno1","name":"Jane Smithtestno1","bio":null,"gender":null,"dob":null,"phoneNumber":"01234567203","address":null,"profilePic":null,"private":false,"verified":false,"role":0,"accountStatus":true,"lastLogin":null,"createdAt":"2025-06-22T04:00:41.081Z","updatedAt":"2025-06-22T04:00:41.083Z","followersCount":0,"followingsCount":0},{"id":"272f6b55-5179-4ae3-8563-b4ec10f76715","email":"testit5@gmail.com","username":"johndoe2d5d","name":"John Doe","bio":null,"gender":null,"dob":null,"phoneNumber":"0123456132","address":null,"profilePic":null,"private":false,"verified":false,"role":0,"accountStatus":true,"lastLogin":"2025-06-22T16:08:10.247Z","createdAt":"2025-06-22T14:55:01.797Z","updatedAt":"2025-06-22T16:08:10.249Z","followersCount":0,"followingsCount":0},{"id":"2aa10f99-aba5-4a4b-94d4-d0ceaf78f931","email":"testerno24@example.com","username":"johndoeno24","name":"<script>alert(\"xss-test\")</script>","bio":null,"gender":null,"dob":null,"phoneNumber":"0987311111","address":null,"profilePic":null,"private":false,"verified":false,"role":0,"accountStatus":true,"lastLogin":null,"createdAt":"2025-06-22T04:00:43.070Z","updatedAt":"2025-06-22T04:00:43.072Z","followersCount":0,"followingsCount":0},{"id":"2b84aa24-668a-40e2-af1c-ad4fc4fa5a6f","email":"quang1@gmail.com","username":"quang1","name":"quang1","bio":"Thang Nam Lao Vua Thoi","gender":null,"dob":null,"phoneNumber":"09874563210","address":null,"profilePic":"https://res.cloudinary.com/dizcvrefo/image/upload/v1749027586/nestjs_uploads/xehairydt9rzlbmbmv4c.jpg","private":false,"verified":false,"role":0,"accountStatus":true,"lastLogin":"2025-06-22T16:08:09.419Z","createdAt":"2025-05-22T15:21:16.815Z","updatedAt":"2025-06-22T16:08:09.421Z","followersCount":2,"followingsCount":3},{"id":"2bd7ed70-b2ce-4c1b-8451-e9498b059290","email":"testerno22@example.com","username":"johndoe223","name":"This is a very long12 name that exceeds the maximum length of fifty characters allowed in the system","bio":null,"gender":null,"dob":null,"phoneNumber":"0987654331","address":null,"profilePic":null,"private":false,"verified":false,"role":0,"accountStatus":true,"lastLogin":null,"createdAt":"2025-06-22T04:00:42.587Z","updatedAt":"2025-06-22T04:00:42.589Z","followersCount":0,"followingsCount":0},{"id":"2dda0439-5180-45aa-917f-e632e45a8e41","email":"test@example.com","username":"johndoe","name":"John Doe","bio":null,"gender":null,"dob":null,"phoneNumber":"0987654321","address":null,"profilePic":null,"private":false,"verified":false,"role":0,"accountStatus":true,"lastLogin":"2025-06-22T16:08:06.447Z","createdAt":"2025-06-17T15:18:30.181Z","updatedAt":"2025-06-22T16:08:06.448Z","followersCount":0,"followingsCount":0}]}}"
23:54:05.894 [main] DEBUG org.apache.http.headers -- http-outgoing-15 << HTTP/1.1 200 OK
23:54:05.894 [main] DEBUG org.apache.http.headers -- http-outgoing-15 << X-Powered-By: Express
23:54:05.894 [main] DEBUG org.apache.http.headers -- http-outgoing-15 << Access-Control-Allow-Origin: *
23:54:05.894 [main] DEBUG org.apache.http.headers -- http-outgoing-15 << Content-Type: application/json; charset=utf-8
23:54:05.894 [main] DEBUG org.apache.http.headers -- http-outgoing-15 << Content-Length: 4710
23:54:05.894 [main] DEBUG org.apache.http.headers -- http-outgoing-15 << ETag: W/"1266-eCTAhJmtaJLWyJcV1EBbmSXtxkY"
23:54:05.894 [main] DEBUG org.apache.http.headers -- http-outgoing-15 << Date: Mon, 23 Jun 2025 16:54:05 GMT
23:54:05.894 [main] DEBUG org.apache.http.headers -- http-outgoing-15 << Connection: keep-alive
23:54:05.894 [main] DEBUG org.apache.http.headers -- http-outgoing-15 << Keep-Alive: timeout=5
23:54:05.894 [main] DEBUG org.apache.http.impl.execchain.MainClientExec -- Connection can be kept alive for 5000 MILLISECONDS
23:54:05.894 [main] DEBUG org.apache.http.impl.conn.PoolingHttpClientConnectionManager -- Connection [id: 15][route: {}->http://localhost:3000] can be kept alive for 5.0 seconds
23:54:05.894 [main] DEBUG org.apache.http.impl.conn.DefaultManagedHttpClientConnection -- http-outgoing-15: set socket timeout to 0
23:54:05.894 [main] DEBUG org.apache.http.impl.conn.PoolingHttpClientConnectionManager -- Connection released: [id: 15][route: {}->http://localhost:3000][total available: 1; route allocated: 1 of 5; total allocated: 1 of 10]
23:54:05.894 [main] DEBUG org.apache.http.impl.conn.PoolingHttpClientConnectionManager -- Connection manager is shutting down
23:54:05.894 [main] DEBUG org.apache.http.impl.conn.DefaultManagedHttpClientConnection -- http-outgoing-15: Close connection
23:54:05.894 [main] DEBUG org.apache.http.impl.conn.PoolingHttpClientConnectionManager -- Connection manager shut down
23:54:05.895 [main] DEBUG com.intuit.karate -- response time in milliseconds: 132
1 < 200
1 < X-Powered-By: Express
1 < Access-Control-Allow-Origin: *
1 < Content-Type: application/json; charset=utf-8
1 < Content-Length: 4710
1 < ETag: W/"1266-eCTAhJmtaJLWyJcV1EBbmSXtxkY"
1 < Date: Mon, 23 Jun 2025 16:54:05 GMT
1 < Connection: keep-alive
1 < Keep-Alive: timeout=5
{
  "message": "",
  "statusCode": 200,
  "status": "success",
  "data": {
    "total": 35,
    "page": 1,
    "limit": 10,
    "totalPages": 4,
    "users": [
      {
        "id": "047b17a4-1e8a-4160-bb8a-db05a94a30cb",
        "email": "testerno1@example.com",
        "username": "johndoetestno1",
        "name": "John Doetesterno1",
        "bio": null,
        "gender": null,
        "dob": null,
        "phoneNumber": "0987654207",
        "address": null,
        "profilePic": null,
        "private": false,
        "verified": false,
        "role": 0,
        "accountStatus": true,
        "lastLogin": null,
        "createdAt": "2025-06-22T04:00:40.803Z",
        "updatedAt": "2025-06-22T04:00:40.804Z",
        "followersCount": 0,
        "followingsCount": 0
      },
      {
        "id": "08515b05-2d3e-4789-ad60-db35525a4970",
        "email": "nam@gmail.com",
        "username": "nam",
        "name": "nam",
        "bio": "Chu tich hoi dong Quan tri 1",
        "gender": null,
        "dob": null,
        "phoneNumber": "0123456789",
        "address": null,
        "profilePic": "https://res.cloudinary.com/dizcvrefo/image/upload/v1749266646/nestjs_uploads/zk9zrpeidnovxibfqdxr.png",
        "private": false,
        "verified": false,
        "role": 0,
        "accountStatus": true,
        "lastLogin": "2025-06-23T16:36:28.159Z",
        "createdAt": "2025-05-22T07:39:58.212Z",
        "updatedAt": "2025-06-23T16:36:28.162Z",
        "followersCount": 2,
        "followingsCount": 5
      },
      {
        "id": "09c10759-ec74-45ca-8274-f1a7f7fdb589",
        "email": "tester1@example.com",
        "username": "johndoetest1",
        "name": "John Doetest",
        "bio": null,
        "gender": null,
        "dob": null,
        "phoneNumber": "0987654322",
        "address": null,
        "profilePic": null,
        "private": false,
        "verified": false,
        "role": 0,
        "accountStatus": true,
        "lastLogin": null,
        "createdAt": "2025-06-22T02:12:16.282Z",
        "updatedAt": "2025-06-22T02:12:16.284Z",
        "followersCount": 0,
        "followingsCount": 0
      },
      {
        "id": "0a37ef43-fee8-41d3-a686-8ab086948695",
        "email": "testit2@gmail.com",
        "username": "johndoe21",
        "name": "John Doe",
        "bio": null,
        "gender": null,
        "dob": null,
        "phoneNumber": "0123456712",
        "address": null,
        "profilePic": null,
        "private": false,
        "verified": false,
        "role": 0,
        "accountStatus": true,
        "lastLogin": "2025-06-22T16:08:09.276Z",
        "createdAt": "2025-06-22T03:45:37.141Z",
        "updatedAt": "2025-06-22T16:08:09.278Z",
        "followersCount": 0,
        "followingsCount": 0
      },
      {
        "id": "1fa871af-f9fe-47b5-b416-4f9c3d544065",
        "email": "testerno2@example.com",
        "username": "janesmithtesstno1",
        "name": "Jane Smithtestno1",
        "bio": null,
        "gender": null,
        "dob": null,
        "phoneNumber": "01234567203",
        "address": null,
        "profilePic": null,
        "private": false,
        "verified": false,
        "role": 0,
        "accountStatus": true,
        "lastLogin": null,
        "createdAt": "2025-06-22T04:00:41.081Z",
        "updatedAt": "2025-06-22T04:00:41.083Z",
        "followersCount": 0,
        "followingsCount": 0
      },
      {
        "id": "272f6b55-5179-4ae3-8563-b4ec10f76715",
        "email": "testit5@gmail.com",
        "username": "johndoe2d5d",
        "name": "John Doe",
        "bio": null,
        "gender": null,
        "dob": null,
        "phoneNumber": "0123456132",
        "address": null,
        "profilePic": null,
        "private": false,
        "verified": false,
        "role": 0,
        "accountStatus": true,
        "lastLogin": "2025-06-22T16:08:10.247Z",
        "createdAt": "2025-06-22T14:55:01.797Z",
        "updatedAt": "2025-06-22T16:08:10.249Z",
        "followersCount": 0,
        "followingsCount": 0
      },
      {
        "id": "2aa10f99-aba5-4a4b-94d4-d0ceaf78f931",
        "email": "testerno24@example.com",
        "username": "johndoeno24",
        "name": "<script>alert(\"xss-test\")</script>",
        "bio": null,
        "gender": null,
        "dob": null,
        "phoneNumber": "0987311111",
        "address": null,
        "profilePic": null,
        "private": false,
        "verified": false,
        "role": 0,
        "accountStatus": true,
        "lastLogin": null,
        "createdAt": "2025-06-22T04:00:43.070Z",
        "updatedAt": "2025-06-22T04:00:43.072Z",
        "followersCount": 0,
        "followingsCount": 0
      },
      {
        "id": "2b84aa24-668a-40e2-af1c-ad4fc4fa5a6f",
        "email": "quang1@gmail.com",
        "username": "quang1",
        "name": "quang1",
        "bio": "Thang Nam Lao Vua Thoi",
        "gender": null,
        "dob": null,
        "phoneNumber": "09874563210",
        "address": null,
        "profilePic": "https://res.cloudinary.com/dizcvrefo/image/upload/v1749027586/nestjs_uploads/xehairydt9rzlbmbmv4c.jpg",
        "private": false,
        "verified": false,
        "role": 0,
        "accountStatus": true,
        "lastLogin": "2025-06-22T16:08:09.419Z",
        "createdAt": "2025-05-22T15:21:16.815Z",
        "updatedAt": "2025-06-22T16:08:09.421Z",
        "followersCount": 2,
        "followingsCount": 3
      },
      {
        "id": "2bd7ed70-b2ce-4c1b-8451-e9498b059290",
        "email": "testerno22@example.com",
        "username": "johndoe223",
        "name": "This is a very long12 name that exceeds the maximum length of fifty characters allowed in the system",
        "bio": null,
        "gender": null,
        "dob": null,
        "phoneNumber": "0987654331",
        "address": null,
        "profilePic": null,
        "private": false,
        "verified": false,
        "role": 0,
        "accountStatus": true,
        "lastLogin": null,
        "createdAt": "2025-06-22T04:00:42.587Z",
        "updatedAt": "2025-06-22T04:00:42.589Z",
        "followersCount": 0,
        "followingsCount": 0
      },
      {
        "id": "2dda0439-5180-45aa-917f-e632e45a8e41",
        "email": "test@example.com",
        "username": "johndoe",
        "name": "John Doe",
        "bio": null,
        "gender": null,
        "dob": null,
        "phoneNumber": "0987654321",
        "address": null,
        "profilePic": null,
        "private": false,
        "verified": false,
        "role": 0,
        "accountStatus": true,
        "lastLogin": "2025-06-22T16:08:06.447Z",
        "createdAt": "2025-06-17T15:18:30.181Z",
        "updatedAt": "2025-06-22T16:08:06.448Z",
        "followersCount": 0,
        "followingsCount": 0
      }
    ]
  }
}


23:54:05.896 [main] INFO com.intuit.karate -- [print] Calling getUsers API v?i bearerToken: eyJhbGciOiJIUzI1NiIsInR5cCI6IkpXVCJ9.eyJzdWIiOiJmNjI4NDUzMi04ZjFlLTRiMDUtYWM1NC1kODAzNzM4NmU4MGMiLCJ1c2VybmFtZSI6InVzZXJubzIiLCJyb2xlIjowLCJpYXQiOjE3NTA2OTQzNTQsImV4cCI6MTc1MDY5Nzk1NH0.cn4pcMTzJbKyd0aw-bN_KvZNRCfEwxef9wljw6vUgkw 
23:54:05.896 [main] INFO com.intuit.karate -- [print] Query params: {
  "page": "1",
  "limit": "10' OR '1'='1"
}
 
23:54:05.896 [main] INFO com.intuit.karate -- [print] Response status: 200 body: {
  "message": "",
  "statusCode": 200,
  "status": "success",
  "data": {
    "total": 35,
    "page": 1,
    "limit": 10,
    "totalPages": 4,
    "users": [
      {
        "id": "047b17a4-1e8a-4160-bb8a-db05a94a30cb",
        "email": "testerno1@example.com",
        "username": "johndoetestno1",
        "name": "John Doetesterno1",
        "bio": null,
        "gender": null,
        "dob": null,
        "phoneNumber": "0987654207",
        "address": null,
        "profilePic": null,
        "private": false,
        "verified": false,
        "role": 0,
        "accountStatus": true,
        "lastLogin": null,
        "createdAt": "2025-06-22T04:00:40.803Z",
        "updatedAt": "2025-06-22T04:00:40.804Z",
        "followersCount": 0,
        "followingsCount": 0
      },
      {
        "id": "08515b05-2d3e-4789-ad60-db35525a4970",
        "email": "nam@gmail.com",
        "username": "nam",
        "name": "nam",
        "bio": "Chu tich hoi dong Quan tri 1",
        "gender": null,
        "dob": null,
        "phoneNumber": "0123456789",
        "address": null,
        "profilePic": "https://res.cloudinary.com/dizcvrefo/image/upload/v1749266646/nestjs_uploads/zk9zrpeidnovxibfqdxr.png",
        "private": false,
        "verified": false,
        "role": 0,
        "accountStatus": true,
        "lastLogin": "2025-06-23T16:36:28.159Z",
        "createdAt": "2025-05-22T07:39:58.212Z",
        "updatedAt": "2025-06-23T16:36:28.162Z",
        "followersCount": 2,
        "followingsCount": 5
      },
      {
        "id": "09c10759-ec74-45ca-8274-f1a7f7fdb589",
        "email": "tester1@example.com",
        "username": "johndoetest1",
        "name": "John Doetest",
        "bio": null,
        "gender": null,
        "dob": null,
        "phoneNumber": "0987654322",
        "address": null,
        "profilePic": null,
        "private": false,
        "verified": false,
        "role": 0,
        "accountStatus": true,
        "lastLogin": null,
        "createdAt": "2025-06-22T02:12:16.282Z",
        "updatedAt": "2025-06-22T02:12:16.284Z",
        "followersCount": 0,
        "followingsCount": 0
      },
      {
        "id": "0a37ef43-fee8-41d3-a686-8ab086948695",
        "email": "testit2@gmail.com",
        "username": "johndoe21",
        "name": "John Doe",
        "bio": null,
        "gender": null,
        "dob": null,
        "phoneNumber": "0123456712",
        "address": null,
        "profilePic": null,
        "private": false,
        "verified": false,
        "role": 0,
        "accountStatus": true,
        "lastLogin": "2025-06-22T16:08:09.276Z",
        "createdAt": "2025-06-22T03:45:37.141Z",
        "updatedAt": "2025-06-22T16:08:09.278Z",
        "followersCount": 0,
        "followingsCount": 0
      },
      {
        "id": "1fa871af-f9fe-47b5-b416-4f9c3d544065",
        "email": "testerno2@example.com",
        "username": "janesmithtesstno1",
        "name": "Jane Smithtestno1",
        "bio": null,
        "gender": null,
        "dob": null,
        "phoneNumber": "01234567203",
        "address": null,
        "profilePic": null,
        "private": false,
        "verified": false,
        "role": 0,
        "accountStatus": true,
        "lastLogin": null,
        "createdAt": "2025-06-22T04:00:41.081Z",
        "updatedAt": "2025-06-22T04:00:41.083Z",
        "followersCount": 0,
        "followingsCount": 0
      },
      {
        "id": "272f6b55-5179-4ae3-8563-b4ec10f76715",
        "email": "testit5@gmail.com",
        "username": "johndoe2d5d",
        "name": "John Doe",
        "bio": null,
        "gender": null,
        "dob": null,
        "phoneNumber": "0123456132",
        "address": null,
        "profilePic": null,
        "private": false,
        "verified": false,
        "role": 0,
        "accountStatus": true,
        "lastLogin": "2025-06-22T16:08:10.247Z",
        "createdAt": "2025-06-22T14:55:01.797Z",
        "updatedAt": "2025-06-22T16:08:10.249Z",
        "followersCount": 0,
        "followingsCount": 0
      },
      {
        "id": "2aa10f99-aba5-4a4b-94d4-d0ceaf78f931",
        "email": "testerno24@example.com",
        "username": "johndoeno24",
        "name": "<script>alert(\"xss-test\")</script>",
        "bio": null,
        "gender": null,
        "dob": null,
        "phoneNumber": "0987311111",
        "address": null,
        "profilePic": null,
        "private": false,
        "verified": false,
        "role": 0,
        "accountStatus": true,
        "lastLogin": null,
        "createdAt": "2025-06-22T04:00:43.070Z",
        "updatedAt": "2025-06-22T04:00:43.072Z",
        "followersCount": 0,
        "followingsCount": 0
      },
      {
        "id": "2b84aa24-668a-40e2-af1c-ad4fc4fa5a6f",
        "email": "quang1@gmail.com",
        "username": "quang1",
        "name": "quang1",
        "bio": "Thang Nam Lao Vua Thoi",
        "gender": null,
        "dob": null,
        "phoneNumber": "09874563210",
        "address": null,
        "profilePic": "https://res.cloudinary.com/dizcvrefo/image/upload/v1749027586/nestjs_uploads/xehairydt9rzlbmbmv4c.jpg",
        "private": false,
        "verified": false,
        "role": 0,
        "accountStatus": true,
        "lastLogin": "2025-06-22T16:08:09.419Z",
        "createdAt": "2025-05-22T15:21:16.815Z",
        "updatedAt": "2025-06-22T16:08:09.421Z",
        "followersCount": 2,
        "followingsCount": 3
      },
      {
        "id": "2bd7ed70-b2ce-4c1b-8451-e9498b059290",
        "email": "testerno22@example.com",
        "username": "johndoe223",
        "name": "This is a very long12 name that exceeds the maximum length of fifty characters allowed in the system",
        "bio": null,
        "gender": null,
        "dob": null,
        "phoneNumber": "0987654331",
        "address": null,
        "profilePic": null,
        "private": false,
        "verified": false,
        "role": 0,
        "accountStatus": true,
        "lastLogin": null,
        "createdAt": "2025-06-22T04:00:42.587Z",
        "updatedAt": "2025-06-22T04:00:42.589Z",
        "followersCount": 0,
        "followingsCount": 0
      },
      {
        "id": "2dda0439-5180-45aa-917f-e632e45a8e41",
        "email": "test@example.com",
        "username": "johndoe",
        "name": "John Doe",
        "bio": null,
        "gender": null,
        "dob": null,
        "phoneNumber": "0987654321",
        "address": null,
        "profilePic": null,
        "private": false,
        "verified": false,
        "role": 0,
        "accountStatus": true,
        "lastLogin": "2025-06-22T16:08:06.447Z",
        "createdAt": "2025-06-17T15:18:30.181Z",
        "updatedAt": "2025-06-22T16:08:06.448Z",
        "followersCount": 0,
        "followingsCount": 0
      }
    ]
  }
}
 
23:54:05.897 [main] INFO com.intuit.karate -- ? TEST FAILED - Status mismatch: Expected 400, got 200 
23:54:05.899 [main] INFO com.intuit.karate -- Test case #16 completed - Status: 200 
23:54:05.900 [main] INFO com.intuit.karate -- [print] ?ã hoàn thành 16 test cases 
23:54:05.918 [main] INFO com.intuit.karate -- [print] ================================== 
23:54:05.920 [main] INFO com.intuit.karate -- [print] ? GETUSERS TEST SUMMARY ? 
23:54:05.920 [main] INFO com.intuit.karate -- [print] ================================== 
23:54:05.922 [main] INFO com.intuit.karate -- [print] ? T?ng s? test: 16 
23:54:05.924 [main] INFO com.intuit.karate -- [print] ? Passed: 4 (25%) 
23:54:05.928 [main] INFO com.intuit.karate -- [print] ? Failed: 12 (75%) 
23:54:05.930 [main] INFO com.intuit.karate -- [print] ================================== 
23:54:05.936 [main] INFO com.intuit.karate -- ? Failed test #1: Status mismatch: Expected 200, got 400 
23:54:05.936 [main] INFO com.intuit.karate -- ? Failed test #2: Status mismatch: Expected 200, got 400 
23:54:05.938 [main] INFO com.intuit.karate -- ? Failed test #3: Status mismatch: Expected 200, got 400 
23:54:05.938 [main] INFO com.intuit.karate -- ? Failed test #4: Status mismatch: Expected 400, got 200 
23:54:05.938 [main] INFO com.intuit.karate -- ? Failed test #5: Status mismatch: Expected 400, got 200 
23:54:05.938 [main] INFO com.intuit.karate -- ? Failed test #6: Status mismatch: Expected 400, got 200 
23:54:05.938 [main] INFO com.intuit.karate -- ? Failed test #7: Status mismatch: Expected 400, got 200 
23:54:05.938 [main] INFO com.intuit.karate -- ? Failed test #8: Status mismatch: Expected 400, got 200 
23:54:05.938 [main] INFO com.intuit.karate -- ? Failed test #9: Status mismatch: Expected 400, got 200 
23:54:05.938 [main] INFO com.intuit.karate -- ? Failed test #10: Status mismatch: Expected 400, got 200 
23:54:05.938 [main] INFO com.intuit.karate -- ? Failed test #11: Status mismatch: Expected 400, got 200 
23:54:05.939 [main] INFO com.intuit.karate -- ? Failed test #12: Status mismatch: Expected 400, got 200 
23:54:06.312 [main] INFO com.intuit.karate -- ? ?ã ghi k?t qu? test vào Excel thành công! 
23:54:06.314 [main] INFO com.intuit.karate -- [print] === T?NG H?P K?T QU? GETUSERS API TESTING === 
23:54:06.315 [main] INFO com.intuit.karate -- [print] S? test cases: 16 
23:54:06.316 [main] INFO com.intuit.karate -- [print] Excel file: src/test/java/data/data.xlsx 
23:54:06.318 [main] INFO com.intuit.karate -- [print] Sheet name: getUsers 
23:54:06.318 [main] INFO com.intuit.karate -- [print] === K?T THÚC GETUSERS TESTING === 
23:54:06.321 [main] DEBUG com.jayway.jsonpath.internal.path.CompiledPath -- Evaluating path: $
23:54:06.321 [main] DEBUG com.jayway.jsonpath.internal.path.CompiledPath -- Evaluating path: $
23:54:06.321 [main] DEBUG com.jayway.jsonpath.internal.path.CompiledPath -- Evaluating path: $
23:54:06.321 [main] DEBUG com.jayway.jsonpath.internal.path.CompiledPath -- Evaluating path: $
23:54:06.321 [main] DEBUG com.jayway.jsonpath.internal.path.CompiledPath -- Evaluating path: $
23:54:06.322 [main] DEBUG com.jayway.jsonpath.internal.path.CompiledPath -- Evaluating path: $
23:54:06.322 [main] DEBUG com.jayway.jsonpath.internal.path.CompiledPath -- Evaluating path: $
23:54:06.322 [main] DEBUG com.jayway.jsonpath.internal.path.CompiledPath -- Evaluating path: $
23:54:06.322 [main] DEBUG com.jayway.jsonpath.internal.path.CompiledPath -- Evaluating path: $
23:54:06.322 [main] DEBUG com.jayway.jsonpath.internal.path.CompiledPath -- Evaluating path: $
23:54:06.322 [main] DEBUG com.jayway.jsonpath.internal.path.CompiledPath -- Evaluating path: $
23:54:06.323 [main] DEBUG com.jayway.jsonpath.internal.path.CompiledPath -- Evaluating path: $
23:54:06.323 [main] DEBUG com.jayway.jsonpath.internal.path.CompiledPath -- Evaluating path: $
23:54:06.323 [main] DEBUG com.jayway.jsonpath.internal.path.CompiledPath -- Evaluating path: $
23:54:06.323 [main] DEBUG com.jayway.jsonpath.internal.path.CompiledPath -- Evaluating path: $
23:54:06.324 [main] DEBUG com.jayway.jsonpath.internal.path.CompiledPath -- Evaluating path: $
23:54:06.353 [main] DEBUG com.jayway.jsonpath.internal.path.CompiledPath -- Evaluating path: $
23:54:06.353 [main] DEBUG com.jayway.jsonpath.internal.path.CompiledPath -- Evaluating path: $
23:54:06.353 [main] DEBUG com.jayway.jsonpath.internal.path.CompiledPath -- Evaluating path: $
23:54:06.354 [main] DEBUG com.jayway.jsonpath.internal.path.CompiledPath -- Evaluating path: $
23:54:06.354 [main] DEBUG com.jayway.jsonpath.internal.path.CompiledPath -- Evaluating path: $
23:54:06.354 [main] DEBUG com.jayway.jsonpath.internal.path.CompiledPath -- Evaluating path: $
23:54:06.354 [main] DEBUG com.jayway.jsonpath.internal.path.CompiledPath -- Evaluating path: $
23:54:06.354 [main] DEBUG com.jayway.jsonpath.internal.path.CompiledPath -- Evaluating path: $
23:54:06.354 [main] DEBUG com.jayway.jsonpath.internal.path.CompiledPath -- Evaluating path: $
23:54:06.354 [main] DEBUG com.jayway.jsonpath.internal.path.CompiledPath -- Evaluating path: $
23:54:06.354 [main] DEBUG com.jayway.jsonpath.internal.path.CompiledPath -- Evaluating path: $
23:54:06.354 [main] DEBUG com.jayway.jsonpath.internal.path.CompiledPath -- Evaluating path: $
23:54:06.354 [main] DEBUG com.jayway.jsonpath.internal.path.CompiledPath -- Evaluating path: $
23:54:06.355 [main] DEBUG com.jayway.jsonpath.internal.path.CompiledPath -- Evaluating path: $
23:54:06.355 [main] DEBUG com.jayway.jsonpath.internal.path.CompiledPath -- Evaluating path: $
23:54:06.355 [main] DEBUG com.jayway.jsonpath.internal.path.CompiledPath -- Evaluating path: $
23:54:06.389 [main] DEBUG org.thymeleaf.TemplateEngine -- [THYMELEAF] INITIALIZING TEMPLATE ENGINE
23:54:06.528 [main] DEBUG org.thymeleaf.TemplateEngine.CONFIG -- Initializing Thymeleaf Template engine configuration...
[THYMELEAF] TEMPLATE ENGINE CONFIGURATION:
[THYMELEAF] * Thymeleaf version: 3.1.2.RELEASE (built 2023-07-30T19:25:50+0000)
[THYMELEAF] * Cache Manager implementation: org.thymeleaf.cache.StandardCacheManager
[THYMELEAF] * Template resolvers:
[THYMELEAF]     * [1] com.intuit.karate.template.ResourceHtmlTemplateResolver
[THYMELEAF] * Message resolvers:
[THYMELEAF]     * org.thymeleaf.messageresolver.StandardMessageResolver
[THYMELEAF] * Link builders:
[THYMELEAF]     * org.thymeleaf.linkbuilder.StandardLinkBuilder
[THYMELEAF] * Dialect [1 of 2]: Standard (com.intuit.karate.template.KarateStandardDialect)
[THYMELEAF]     * Prefix: "th"
[THYMELEAF]     * Processors for Template Mode: HTML
[THYMELEAF]         * Element Tag Processors by [matching element and attribute name] [precedence]:
[THYMELEAF]             * [* {th:include,data-th-include}] [100]: org.thymeleaf.standard.processor.StandardIncludeTagProcessor
[THYMELEAF]             * [* {th:insert,data-th-insert}] [100]: org.thymeleaf.standard.processor.StandardInsertTagProcessor
[THYMELEAF]             * [* {th:replace,data-th-replace}] [100]: org.thymeleaf.standard.processor.StandardReplaceTagProcessor
[THYMELEAF]             * [* {th:each,data-th-each}] [200]: com.intuit.karate.template.KarateEachTagProcessor
[THYMELEAF]             * [* {th:switch,data-th-switch}] [250]: org.thymeleaf.standard.processor.StandardSwitchTagProcessor
[THYMELEAF]             * [* {th:case,data-th-case}] [275]: org.thymeleaf.standard.processor.StandardCaseTagProcessor
[THYMELEAF]             * [* {th:if,data-th-if}] [300]: org.thymeleaf.standard.processor.StandardIfTagProcessor
[THYMELEAF]             * [* {th:unless,data-th-unless}] [400]: org.thymeleaf.standard.processor.StandardUnlessTagProcessor
[THYMELEAF]             * [* {th:object,data-th-object}] [500]: org.thymeleaf.standard.processor.StandardObjectTagProcessor
[THYMELEAF]             * [* {th:with,data-th-with}] [600]: com.intuit.karate.template.KarateWithTagProcessor
[THYMELEAF]             * [* {th:attr,data-th-attr}] [700]: com.intuit.karate.template.KarateAttributeTagProcessor.KarateAttrTagProcessor
[THYMELEAF]             * [* {th:attrappend,data-th-attrappend}] [900]: com.intuit.karate.template.KarateAttributeTagProcessor.KarateAttrappendTagProcessor
[THYMELEAF]             * [* {th:attrprepend,data-th-attrprepend}] [900]: com.intuit.karate.template.KarateAttributeTagProcessor.KarateAttrprependTagProcessor
[THYMELEAF]             * [* {th:alt-title,data-th-alt-title}] [990]: org.thymeleaf.standard.processor.StandardAltTitleTagProcessor
[THYMELEAF]             * [* {th:lang-xmllang,data-th-lang-xmllang}] [990]: org.thymeleaf.standard.processor.StandardLangXmlLangTagProcessor
[THYMELEAF]             * [* {th:action,data-th-action}] [1000]: org.thymeleaf.standard.processor.StandardActionTagProcessor
[THYMELEAF]             * [* {th:nowrap,data-th-nowrap}] [1000]: org.thymeleaf.standard.processor.StandardConditionalFixedValueTagProcessor
[THYMELEAF]             * [* {th:multiple,data-th-multiple}] [1000]: org.thymeleaf.standard.processor.StandardConditionalFixedValueTagProcessor
[THYMELEAF]             * [* {th:required,data-th-required}] [1000]: org.thymeleaf.standard.processor.StandardConditionalFixedValueTagProcessor
[THYMELEAF]             * [* {th:hidden,data-th-hidden}] [1000]: org.thymeleaf.standard.processor.StandardConditionalFixedValueTagProcessor
[THYMELEAF]             * [* {th:scoped,data-th-scoped}] [1000]: org.thymeleaf.standard.processor.StandardConditionalFixedValueTagProcessor
[THYMELEAF]             * [* {th:ismap,data-th-ismap}] [1000]: org.thymeleaf.standard.processor.StandardConditionalFixedValueTagProcessor
[THYMELEAF]             * [* {th:disabled,data-th-disabled}] [1000]: org.thymeleaf.standard.processor.StandardConditionalFixedValueTagProcessor
[THYMELEAF]             * [* {th:defer,data-th-defer}] [1000]: org.thymeleaf.standard.processor.StandardConditionalFixedValueTagProcessor
[THYMELEAF]             * [* {th:selected,data-th-selected}] [1000]: org.thymeleaf.standard.processor.StandardConditionalFixedValueTagProcessor
[THYMELEAF]             * [* {th:formnovalidate,data-th-formnovalidate}] [1000]: org.thymeleaf.standard.processor.StandardConditionalFixedValueTagProcessor
[THYMELEAF]             * [* {th:default,data-th-default}] [1000]: org.thymeleaf.standard.processor.StandardConditionalFixedValueTagProcessor
[THYMELEAF]             * [* {th:pubdate,data-th-pubdate}] [1000]: org.thymeleaf.standard.processor.StandardConditionalFixedValueTagProcessor
[THYMELEAF]             * [* {th:declare,data-th-declare}] [1000]: org.thymeleaf.standard.processor.StandardConditionalFixedValueTagProcessor
[THYMELEAF]             * [* {th:reversed,data-th-reversed}] [1000]: org.thymeleaf.standard.processor.StandardConditionalFixedValueTagProcessor
[THYMELEAF]             * [* {th:autofocus,data-th-autofocus}] [1000]: org.thymeleaf.standard.processor.StandardConditionalFixedValueTagProcessor
[THYMELEAF]             * [* {th:loop,data-th-loop}] [1000]: org.thymeleaf.standard.processor.StandardConditionalFixedValueTagProcessor
[THYMELEAF]             * [* {th:autoplay,data-th-autoplay}] [1000]: org.thymeleaf.standard.processor.StandardConditionalFixedValueTagProcessor
[THYMELEAF]             * [* {th:open,data-th-open}] [1000]: org.thymeleaf.standard.processor.StandardConditionalFixedValueTagProcessor
[THYMELEAF]             * [* {th:novalidate,data-th-novalidate}] [1000]: org.thymeleaf.standard.processor.StandardConditionalFixedValueTagProcessor
[THYMELEAF]             * [* {th:readonly,data-th-readonly}] [1000]: org.thymeleaf.standard.processor.StandardConditionalFixedValueTagProcessor
[THYMELEAF]             * [* {th:async,data-th-async}] [1000]: org.thymeleaf.standard.processor.StandardConditionalFixedValueTagProcessor
[THYMELEAF]             * [* {th:seamless,data-th-seamless}] [1000]: org.thymeleaf.standard.processor.StandardConditionalFixedValueTagProcessor
[THYMELEAF]             * [* {th:checked,data-th-checked}] [1000]: org.thymeleaf.standard.processor.StandardConditionalFixedValueTagProcessor
[THYMELEAF]             * [* {th:controls,data-th-controls}] [1000]: org.thymeleaf.standard.processor.StandardConditionalFixedValueTagProcessor
[THYMELEAF]             * [* {th:onwaiting,data-th-onwaiting}] [1000]: org.thymeleaf.standard.processor.StandardDOMEventAttributeTagProcessor
[THYMELEAF]             * [* {th:ondragover,data-th-ondragover}] [1000]: org.thymeleaf.standard.processor.StandardDOMEventAttributeTagProcessor
[THYMELEAF]             * [* {th:ondblclick,data-th-ondblclick}] [1000]: org.thymeleaf.standard.processor.StandardDOMEventAttributeTagProcessor
[THYMELEAF]             * [* {th:onformchange,data-th-onformchange}] [1000]: org.thymeleaf.standard.processor.StandardDOMEventAttributeTagProcessor
[THYMELEAF]             * [* {th:oncontextmenu,data-th-oncontextmenu}] [1000]: org.thymeleaf.standard.processor.StandardDOMEventAttributeTagProcessor
[THYMELEAF]             * [* {th:onplay,data-th-onplay}] [1000]: org.thymeleaf.standard.processor.StandardDOMEventAttributeTagProcessor
[THYMELEAF]             * [* {th:onkeydown,data-th-onkeydown}] [1000]: org.thymeleaf.standard.processor.StandardDOMEventAttributeTagProcessor
[THYMELEAF]             * [* {th:onprogress,data-th-onprogress}] [1000]: org.thymeleaf.standard.processor.StandardDOMEventAttributeTagProcessor
[THYMELEAF]             * [* {th:onerror,data-th-onerror}] [1000]: org.thymeleaf.standard.processor.StandardDOMEventAttributeTagProcessor
[THYMELEAF]             * [* {th:ondrag,data-th-ondrag}] [1000]: org.thymeleaf.standard.processor.StandardDOMEventAttributeTagProcessor
[THYMELEAF]             * [* {th:onmousedown,data-th-onmousedown}] [1000]: org.thymeleaf.standard.processor.StandardDOMEventAttributeTagProcessor
[THYMELEAF]             * [* {th:onstorage,data-th-onstorage}] [1000]: org.thymeleaf.standard.processor.StandardDOMEventAttributeTagProcessor
[THYMELEAF]             * [* {th:onemptied,data-th-onemptied}] [1000]: org.thymeleaf.standard.processor.StandardDOMEventAttributeTagProcessor
[THYMELEAF]             * [* {th:onbeforeunload,data-th-onbeforeunload}] [1000]: org.thymeleaf.standard.processor.StandardDOMEventAttributeTagProcessor
[THYMELEAF]             * [* {th:onoffline,data-th-onoffline}] [1000]: org.thymeleaf.standard.processor.StandardDOMEventAttributeTagProcessor
[THYMELEAF]             * [* {th:onundo,data-th-onundo}] [1000]: org.thymeleaf.standard.processor.StandardDOMEventAttributeTagProcessor
[THYMELEAF]             * [* {th:onabort,data-th-onabort}] [1000]: org.thymeleaf.standard.processor.StandardDOMEventAttributeTagProcessor
[THYMELEAF]             * [* {th:onmousewheel,data-th-onmousewheel}] [1000]: org.thymeleaf.standard.processor.StandardDOMEventAttributeTagProcessor
[THYMELEAF]             * [* {th:onsubmit,data-th-onsubmit}] [1000]: org.thymeleaf.standard.processor.StandardDOMEventAttributeTagProcessor
[THYMELEAF]             * [* {th:onchange,data-th-onchange}] [1000]: org.thymeleaf.standard.processor.StandardDOMEventAttributeTagProcessor
[THYMELEAF]             * [* {th:onkeypress,data-th-onkeypress}] [1000]: org.thymeleaf.standard.processor.StandardDOMEventAttributeTagProcessor
[THYMELEAF]             * [* {th:onreadystatechange,data-th-onreadystatechange}] [1000]: org.thymeleaf.standard.processor.StandardDOMEventAttributeTagProcessor
[THYMELEAF]             * [* {th:onunload,data-th-onunload}] [1000]: org.thymeleaf.standard.processor.StandardDOMEventAttributeTagProcessor
[THYMELEAF]             * [* {th:onended,data-th-onended}] [1000]: org.thymeleaf.standard.processor.StandardDOMEventAttributeTagProcessor
[THYMELEAF]             * [* {th:onsuspend,data-th-onsuspend}] [1000]: org.thymeleaf.standard.processor.StandardDOMEventAttributeTagProcessor
[THYMELEAF]             * [* {th:onshow,data-th-onshow}] [1000]: org.thymeleaf.standard.processor.StandardDOMEventAttributeTagProcessor
[THYMELEAF]             * [* {th:onmessage,data-th-onmessage}] [1000]: org.thymeleaf.standard.processor.StandardDOMEventAttributeTagProcessor
[THYMELEAF]             * [* {th:oninput,data-th-oninput}] [1000]: org.thymeleaf.standard.processor.StandardDOMEventAttributeTagProcessor
[THYMELEAF]             * [* {th:ondragstart,data-th-ondragstart}] [1000]: org.thymeleaf.standard.processor.StandardDOMEventAttributeTagProcessor
[THYMELEAF]             * [* {th:onblur,data-th-onblur}] [1000]: org.thymeleaf.standard.processor.StandardDOMEventAttributeTagProcessor
[THYMELEAF]             * [* {th:onstalled,data-th-onstalled}] [1000]: org.thymeleaf.standard.processor.StandardDOMEventAttributeTagProcessor
[THYMELEAF]             * [* {th:onseeked,data-th-onseeked}] [1000]: org.thymeleaf.standard.processor.StandardDOMEventAttributeTagProcessor
[THYMELEAF]             * [* {th:onmouseout,data-th-onmouseout}] [1000]: org.thymeleaf.standard.processor.StandardDOMEventAttributeTagProcessor
[THYMELEAF]             * [* {th:ontimeupdate,data-th-ontimeupdate}] [1000]: org.thymeleaf.standard.processor.StandardDOMEventAttributeTagProcessor
[THYMELEAF]             * [* {th:ondurationchange,data-th-ondurationchange}] [1000]: org.thymeleaf.standard.processor.StandardDOMEventAttributeTagProcessor
[THYMELEAF]             * [* {th:onhashchange,data-th-onhashchange}] [1000]: org.thymeleaf.standard.processor.StandardDOMEventAttributeTagProcessor
[THYMELEAF]             * [* {th:ondragleave,data-th-ondragleave}] [1000]: org.thymeleaf.standard.processor.StandardDOMEventAttributeTagProcessor
[THYMELEAF]             * [* {th:onselect,data-th-onselect}] [1000]: org.thymeleaf.standard.processor.StandardDOMEventAttributeTagProcessor
[THYMELEAF]             * [* {th:onload,data-th-onload}] [1000]: org.thymeleaf.standard.processor.StandardDOMEventAttributeTagProcessor
[THYMELEAF]             * [* {th:onkeyup,data-th-onkeyup}] [1000]: org.thymeleaf.standard.processor.StandardDOMEventAttributeTagProcessor
[THYMELEAF]             * [* {th:ondragenter,data-th-ondragenter}] [1000]: org.thymeleaf.standard.processor.StandardDOMEventAttributeTagProcessor
[THYMELEAF]             * [* {th:onafterprint,data-th-onafterprint}] [1000]: org.thymeleaf.standard.processor.StandardDOMEventAttributeTagProcessor
[THYMELEAF]             * [* {th:onresize,data-th-onresize}] [1000]: org.thymeleaf.standard.processor.StandardDOMEventAttributeTagProcessor
[THYMELEAF]             * [* {th:onvolumechange,data-th-onvolumechange}] [1000]: org.thymeleaf.standard.processor.StandardDOMEventAttributeTagProcessor
[THYMELEAF]             * [* {th:onseeking,data-th-onseeking}] [1000]: org.thymeleaf.standard.processor.StandardDOMEventAttributeTagProcessor
[THYMELEAF]             * [* {th:onratechange,data-th-onratechange}] [1000]: org.thymeleaf.standard.processor.StandardDOMEventAttributeTagProcessor
[THYMELEAF]             * [* {th:onloadedmetadata,data-th-onloadedmetadata}] [1000]: org.thymeleaf.standard.processor.StandardDOMEventAttributeTagProcessor
[THYMELEAF]             * [* {th:onloadeddata,data-th-onloadeddata}] [1000]: org.thymeleaf.standard.processor.StandardDOMEventAttributeTagProcessor
[THYMELEAF]             * [* {th:onplaying,data-th-onplaying}] [1000]: org.thymeleaf.standard.processor.StandardDOMEventAttributeTagProcessor
[THYMELEAF]             * [* {th:onreset,data-th-onreset}] [1000]: org.thymeleaf.standard.processor.StandardDOMEventAttributeTagProcessor
[THYMELEAF]             * [* {th:onloadstart,data-th-onloadstart}] [1000]: org.thymeleaf.standard.processor.StandardDOMEventAttributeTagProcessor
[THYMELEAF]             * [* {th:onforminput,data-th-onforminput}] [1000]: org.thymeleaf.standard.processor.StandardDOMEventAttributeTagProcessor
[THYMELEAF]             * [* {th:oncanplaythrough,data-th-oncanplaythrough}] [1000]: org.thymeleaf.standard.processor.StandardDOMEventAttributeTagProcessor
[THYMELEAF]             * [* {th:onclick,data-th-onclick}] [1000]: org.thymeleaf.standard.processor.StandardDOMEventAttributeTagProcessor
[THYMELEAF]             * [* {th:onmousemove,data-th-onmousemove}] [1000]: org.thymeleaf.standard.processor.StandardDOMEventAttributeTagProcessor
[THYMELEAF]             * [* {th:onmouseover,data-th-onmouseover}] [1000]: org.thymeleaf.standard.processor.StandardDOMEventAttributeTagProcessor
[THYMELEAF]             * [* {th:ondragend,data-th-ondragend}] [1000]: org.thymeleaf.standard.processor.StandardDOMEventAttributeTagProcessor
[THYMELEAF]             * [* {th:onbeforeprint,data-th-onbeforeprint}] [1000]: org.thymeleaf.standard.processor.StandardDOMEventAttributeTagProcessor
[THYMELEAF]             * [* {th:onpopstate,data-th-onpopstate}] [1000]: org.thymeleaf.standard.processor.StandardDOMEventAttributeTagProcessor
[THYMELEAF]             * [* {th:onscroll,data-th-onscroll}] [1000]: org.thymeleaf.standard.processor.StandardDOMEventAttributeTagProcessor
[THYMELEAF]             * [* {th:onfocus,data-th-onfocus}] [1000]: org.thymeleaf.standard.processor.StandardDOMEventAttributeTagProcessor
[THYMELEAF]             * [* {th:ononline,data-th-ononline}] [1000]: org.thymeleaf.standard.processor.StandardDOMEventAttributeTagProcessor
[THYMELEAF]             * [* {th:ondrop,data-th-ondrop}] [1000]: org.thymeleaf.standard.processor.StandardDOMEventAttributeTagProcessor
[THYMELEAF]             * [* {th:onpause,data-th-onpause}] [1000]: org.thymeleaf.standard.processor.StandardDOMEventAttributeTagProcessor
[THYMELEAF]             * [* {th:oninvalid,data-th-oninvalid}] [1000]: org.thymeleaf.standard.processor.StandardDOMEventAttributeTagProcessor
[THYMELEAF]             * [* {th:onredo,data-th-onredo}] [1000]: org.thymeleaf.standard.processor.StandardDOMEventAttributeTagProcessor
[THYMELEAF]             * [* {th:onmouseup,data-th-onmouseup}] [1000]: org.thymeleaf.standard.processor.StandardDOMEventAttributeTagProcessor
[THYMELEAF]             * [* {th:oncanplay,data-th-oncanplay}] [1000]: org.thymeleaf.standard.processor.StandardDOMEventAttributeTagProcessor
[THYMELEAF]             * [* {th:href,data-th-href}] [1000]: org.thymeleaf.standard.processor.StandardHrefTagProcessor
[THYMELEAF]             * [* {th:inline,data-th-inline}] [1000]: org.thymeleaf.standard.processor.StandardInlineHTMLTagProcessor
[THYMELEAF]             * [* {th:method,data-th-method}] [1000]: org.thymeleaf.standard.processor.StandardMethodTagProcessor
[THYMELEAF]             * [* {th:type,data-th-type}] [1000]: org.thymeleaf.standard.processor.StandardNonRemovableAttributeTagProcessor
[THYMELEAF]             * [* {th:name,data-th-name}] [1000]: org.thymeleaf.standard.processor.StandardNonRemovableAttributeTagProcessor
[THYMELEAF]             * [* {th:id,data-th-id}] [1000]: org.thymeleaf.standard.processor.StandardRemovableAttributeTagProcessor
[THYMELEAF]             * [* {th:align,data-th-align}] [1000]: org.thymeleaf.standard.processor.StandardRemovableAttributeTagProcessor
[THYMELEAF]             * [* {th:audio,data-th-audio}] [1000]: org.thymeleaf.standard.processor.StandardRemovableAttributeTagProcessor
[THYMELEAF]             * [* {th:rev,data-th-rev}] [1000]: org.thymeleaf.standard.processor.StandardRemovableAttributeTagProcessor
[THYMELEAF]             * [* {th:kind,data-th-kind}] [1000]: org.thymeleaf.standard.processor.StandardRemovableAttributeTagProcessor
[THYMELEAF]             * [* {th:rel,data-th-rel}] [1000]: org.thymeleaf.standard.processor.StandardRemovableAttributeTagProcessor
[THYMELEAF]             * [* {th:cols,data-th-cols}] [1000]: org.thymeleaf.standard.processor.StandardRemovableAttributeTagProcessor
[THYMELEAF]             * [* {th:formenctype,data-th-formenctype}] [1000]: org.thymeleaf.standard.processor.StandardRemovableAttributeTagProcessor
[THYMELEAF]             * [* {th:data,data-th-data}] [1000]: org.thymeleaf.standard.processor.StandardRemovableAttributeTagProcessor
[THYMELEAF]             * [* {th:spellcheck,data-th-spellcheck}] [1000]: org.thymeleaf.standard.processor.StandardRemovableAttributeTagProcessor
[THYMELEAF]             * [* {th:for,data-th-for}] [1000]: org.thymeleaf.standard.processor.StandardRemovableAttributeTagProcessor
[THYMELEAF]             * [* {th:sandbox,data-th-sandbox}] [1000]: org.thymeleaf.standard.processor.StandardRemovableAttributeTagProcessor
[THYMELEAF]             * [* {th:pattern,data-th-pattern}] [1000]: org.thymeleaf.standard.processor.StandardRemovableAttributeTagProcessor
[THYMELEAF]             * [* {th:sizes,data-th-sizes}] [1000]: org.thymeleaf.standard.processor.StandardRemovableAttributeTagProcessor
[THYMELEAF]             * [* {th:manifest,data-th-manifest}] [1000]: org.thymeleaf.standard.processor.StandardRemovableAttributeTagProcessor
[THYMELEAF]             * [* {th:axis,data-th-axis}] [1000]: org.thymeleaf.standard.processor.StandardRemovableAttributeTagProcessor
[THYMELEAF]             * [* {th:min,data-th-min}] [1000]: org.thymeleaf.standard.processor.StandardRemovableAttributeTagProcessor
[THYMELEAF]             * [* {th:standby,data-th-standby}] [1000]: org.thymeleaf.standard.processor.StandardRemovableAttributeTagProcessor
[THYMELEAF]             * [* {th:dir,data-th-dir}] [1000]: org.thymeleaf.standard.processor.StandardRemovableAttributeTagProcessor
[THYMELEAF]             * [* {th:http-equiv,data-th-http-equiv}] [1000]: org.thymeleaf.standard.processor.StandardRemovableAttributeTagProcessor
[THYMELEAF]             * [* {th:marginwidth,data-th-marginwidth}] [1000]: org.thymeleaf.standard.processor.StandardRemovableAttributeTagProcessor
[THYMELEAF]             * [* {th:longdesc,data-th-longdesc}] [1000]: org.thymeleaf.standard.processor.StandardRemovableAttributeTagProcessor
[THYMELEAF]             * [* {th:wrap,data-th-wrap}] [1000]: org.thymeleaf.standard.processor.StandardRemovableAttributeTagProcessor
[THYMELEAF]             * [* {th:accesskey,data-th-accesskey}] [1000]: org.thymeleaf.standard.processor.StandardRemovableAttributeTagProcessor
[THYMELEAF]             * [* {th:abbr,data-th-abbr}] [1000]: org.thymeleaf.standard.processor.StandardRemovableAttributeTagProcessor
[THYMELEAF]             * [* {th:enctype,data-th-enctype}] [1000]: org.thymeleaf.standard.processor.StandardRemovableAttributeTagProcessor
[THYMELEAF]             * [* {th:class,data-th-class}] [1000]: org.thymeleaf.standard.processor.StandardRemovableAttributeTagProcessor
[THYMELEAF]             * [* {th:accept,data-th-accept}] [1000]: org.thymeleaf.standard.processor.StandardRemovableAttributeTagProcessor
[THYMELEAF]             * [* {th:keytype,data-th-keytype}] [1000]: org.thymeleaf.standard.processor.StandardRemovableAttributeTagProcessor
[THYMELEAF]             * [* {th:charset,data-th-charset}] [1000]: org.thymeleaf.standard.processor.StandardRemovableAttributeTagProcessor
[THYMELEAF]             * [* {th:high,data-th-high}] [1000]: org.thymeleaf.standard.processor.StandardRemovableAttributeTagProcessor
[THYMELEAF]             * [* {th:contextmenu,data-th-contextmenu}] [1000]: org.thymeleaf.standard.processor.StandardRemovableAttributeTagProcessor
[THYMELEAF]             * [* {th:step,data-th-step}] [1000]: org.thymeleaf.standard.processor.StandardRemovableAttributeTagProcessor
[THYMELEAF]             * [* {th:challenge,data-th-challenge}] [1000]: org.thymeleaf.standard.processor.StandardRemovableAttributeTagProcessor
[THYMELEAF]             * [* {th:hreflang,data-th-hreflang}] [1000]: org.thymeleaf.standard.processor.StandardRemovableAttributeTagProcessor
[THYMELEAF]             * [* {th:lang,data-th-lang}] [1000]: org.thymeleaf.standard.processor.StandardRemovableAttributeTagProcessor
[THYMELEAF]             * [* {th:title,data-th-title}] [1000]: org.thymeleaf.standard.processor.StandardRemovableAttributeTagProcessor
[THYMELEAF]             * [* {th:height,data-th-height}] [1000]: org.thymeleaf.standard.processor.StandardRemovableAttributeTagProcessor
[THYMELEAF]             * [* {th:start,data-th-start}] [1000]: org.thymeleaf.standard.processor.StandardRemovableAttributeTagProcessor
[THYMELEAF]             * [* {th:content,data-th-content}] [1000]: org.thymeleaf.standard.processor.StandardRemovableAttributeTagProcessor
[THYMELEAF]             * [* {th:srclang,data-th-srclang}] [1000]: org.thymeleaf.standard.processor.StandardRemovableAttributeTagProcessor
[THYMELEAF]             * [* {th:width,data-th-width}] [1000]: org.thymeleaf.standard.processor.StandardRemovableAttributeTagProcessor
[THYMELEAF]             * [* {th:headers,data-th-headers}] [1000]: org.thymeleaf.standard.processor.StandardRemovableAttributeTagProcessor
[THYMELEAF]             * [* {th:tabindex,data-th-tabindex}] [1000]: org.thymeleaf.standard.processor.StandardRemovableAttributeTagProcessor
[THYMELEAF]             * [* {th:maxlength,data-th-maxlength}] [1000]: org.thymeleaf.standard.processor.StandardRemovableAttributeTagProcessor
[THYMELEAF]             * [* {th:rows,data-th-rows}] [1000]: org.thymeleaf.standard.processor.StandardRemovableAttributeTagProcessor
[THYMELEAF]             * [* {th:low,data-th-low}] [1000]: org.thymeleaf.standard.processor.StandardRemovableAttributeTagProcessor
[THYMELEAF]             * [* {th:scope,data-th-scope}] [1000]: org.thymeleaf.standard.processor.StandardRemovableAttributeTagProcessor
[THYMELEAF]             * [* {th:codebase,data-th-codebase}] [1000]: org.thymeleaf.standard.processor.StandardRemovableAttributeTagProcessor
[THYMELEAF]             * [* {th:contenteditable,data-th-contenteditable}] [1000]: org.thymeleaf.standard.processor.StandardRemovableAttributeTagProcessor
[THYMELEAF]             * [* {th:size,data-th-size}] [1000]: org.thymeleaf.standard.processor.StandardRemovableAttributeTagProcessor
[THYMELEAF]             * [* {th:cellspacing,data-th-cellspacing}] [1000]: org.thymeleaf.standard.processor.StandardRemovableAttributeTagProcessor
[THYMELEAF]             * [* {th:formaction,data-th-formaction}] [1000]: org.thymeleaf.standard.processor.StandardRemovableAttributeTagProcessor
[THYMELEAF]             * [* {th:radiogroup,data-th-radiogroup}] [1000]: org.thymeleaf.standard.processor.StandardRemovableAttributeTagProcessor
[THYMELEAF]             * [* {th:style,data-th-style}] [1000]: org.thymeleaf.standard.processor.StandardRemovableAttributeTagProcessor
[THYMELEAF]             * [* {th:icon,data-th-icon}] [1000]: org.thymeleaf.standard.processor.StandardRemovableAttributeTagProcessor
[THYMELEAF]             * [* {th:formmethod,data-th-formmethod}] [1000]: org.thymeleaf.standard.processor.StandardRemovableAttributeTagProcessor
[THYMELEAF]             * [* {th:frame,data-th-frame}] [1000]: org.thymeleaf.standard.processor.StandardRemovableAttributeTagProcessor
[THYMELEAF]             * [* {th:classid,data-th-classid}] [1000]: org.thymeleaf.standard.processor.StandardRemovableAttributeTagProcessor
[THYMELEAF]             * [* {th:autocomplete,data-th-autocomplete}] [1000]: org.thymeleaf.standard.processor.StandardRemovableAttributeTagProcessor
[THYMELEAF]             * [* {th:codetype,data-th-codetype}] [1000]: org.thymeleaf.standard.processor.StandardRemovableAttributeTagProcessor
[THYMELEAF]             * [* {th:scheme,data-th-scheme}] [1000]: org.thymeleaf.standard.processor.StandardRemovableAttributeTagProcessor
[THYMELEAF]             * [* {th:summary,data-th-summary}] [1000]: org.thymeleaf.standard.processor.StandardRemovableAttributeTagProcessor
[THYMELEAF]             * [* {th:list,data-th-list}] [1000]: org.thymeleaf.standard.processor.StandardRemovableAttributeTagProcessor
[THYMELEAF]             * [* {th:target,data-th-target}] [1000]: org.thymeleaf.standard.processor.StandardRemovableAttributeTagProcessor
[THYMELEAF]             * [* {th:bgcolor,data-th-bgcolor}] [1000]: org.thymeleaf.standard.processor.StandardRemovableAttributeTagProcessor
[THYMELEAF]             * [* {th:max,data-th-max}] [1000]: org.thymeleaf.standard.processor.StandardRemovableAttributeTagProcessor
[THYMELEAF]             * [* {th:rowspan,data-th-rowspan}] [1000]: org.thymeleaf.standard.processor.StandardRemovableAttributeTagProcessor
[THYMELEAF]             * [* {th:media,data-th-media}] [1000]: org.thymeleaf.standard.processor.StandardRemovableAttributeTagProcessor
[THYMELEAF]             * [* {th:rules,data-th-rules}] [1000]: org.thymeleaf.standard.processor.StandardRemovableAttributeTagProcessor
[THYMELEAF]             * [* {th:marginheight,data-th-marginheight}] [1000]: org.thymeleaf.standard.processor.StandardRemovableAttributeTagProcessor
[THYMELEAF]             * [* {th:cellpadding,data-th-cellpadding}] [1000]: org.thymeleaf.standard.processor.StandardRemovableAttributeTagProcessor
[THYMELEAF]             * [* {th:compact,data-th-compact}] [1000]: org.thymeleaf.standard.processor.StandardRemovableAttributeTagProcessor
[THYMELEAF]             * [* {th:accept-charset,data-th-accept-charset}] [1000]: org.thymeleaf.standard.processor.StandardRemovableAttributeTagProcessor
[THYMELEAF]             * [* {th:archive,data-th-archive}] [1000]: org.thymeleaf.standard.processor.StandardRemovableAttributeTagProcessor
[THYMELEAF]             * [* {th:form,data-th-form}] [1000]: org.thymeleaf.standard.processor.StandardRemovableAttributeTagProcessor
[THYMELEAF]             * [* {th:placeholder,data-th-placeholder}] [1000]: org.thymeleaf.standard.processor.StandardRemovableAttributeTagProcessor
[THYMELEAF]             * [* {th:hspace,data-th-hspace}] [1000]: org.thymeleaf.standard.processor.StandardRemovableAttributeTagProcessor
[THYMELEAF]             * [* {th:valuetype,data-th-valuetype}] [1000]: org.thymeleaf.standard.processor.StandardRemovableAttributeTagProcessor
[THYMELEAF]             * [* {th:border,data-th-border}] [1000]: org.thymeleaf.standard.processor.StandardRemovableAttributeTagProcessor
[THYMELEAF]             * [* {th:scrolling,data-th-scrolling}] [1000]: org.thymeleaf.standard.processor.StandardRemovableAttributeTagProcessor
[THYMELEAF]             * [* {th:alt,data-th-alt}] [1000]: org.thymeleaf.standard.processor.StandardRemovableAttributeTagProcessor
[THYMELEAF]             * [* {th:preload,data-th-preload}] [1000]: org.thymeleaf.standard.processor.StandardRemovableAttributeTagProcessor
[THYMELEAF]             * [* {th:draggable,data-th-draggable}] [1000]: org.thymeleaf.standard.processor.StandardRemovableAttributeTagProcessor
[THYMELEAF]             * [* {th:optimum,data-th-optimum}] [1000]: org.thymeleaf.standard.processor.StandardRemovableAttributeTagProcessor
[THYMELEAF]             * [* {th:datetime,data-th-datetime}] [1000]: org.thymeleaf.standard.processor.StandardRemovableAttributeTagProcessor
[THYMELEAF]             * [* {th:usemap,data-th-usemap}] [1000]: org.thymeleaf.standard.processor.StandardRemovableAttributeTagProcessor
[THYMELEAF]             * [* {th:vspace,data-th-vspace}] [1000]: org.thymeleaf.standard.processor.StandardRemovableAttributeTagProcessor
[THYMELEAF]             * [* {th:background,data-th-background}] [1000]: org.thymeleaf.standard.processor.StandardRemovableAttributeTagProcessor
[THYMELEAF]             * [* {th:cite,data-th-cite}] [1000]: org.thymeleaf.standard.processor.StandardRemovableAttributeTagProcessor
[THYMELEAF]             * [* {th:dropzone,data-th-dropzone}] [1000]: org.thymeleaf.standard.processor.StandardRemovableAttributeTagProcessor
[THYMELEAF]             * [* {th:frameborder,data-th-frameborder}] [1000]: org.thymeleaf.standard.processor.StandardRemovableAttributeTagProcessor
[THYMELEAF]             * [* {th:poster,data-th-poster}] [1000]: org.thymeleaf.standard.processor.StandardRemovableAttributeTagProcessor
[THYMELEAF]             * [* {th:label,data-th-label}] [1000]: org.thymeleaf.standard.processor.StandardRemovableAttributeTagProcessor
[THYMELEAF]             * [* {th:colspan,data-th-colspan}] [1000]: org.thymeleaf.standard.processor.StandardRemovableAttributeTagProcessor
[THYMELEAF]             * [* {th:formtarget,data-th-formtarget}] [1000]: org.thymeleaf.standard.processor.StandardRemovableAttributeTagProcessor
[THYMELEAF]             * [* {th:span,data-th-span}] [1000]: org.thymeleaf.standard.processor.StandardRemovableAttributeTagProcessor
[THYMELEAF]             * [* {th:src,data-th-src}] [1000]: org.thymeleaf.standard.processor.StandardSrcTagProcessor
[THYMELEAF]             * [* {th:value,data-th-value}] [1000]: org.thymeleaf.standard.processor.StandardValueTagProcessor
[THYMELEAF]             * [* {th:xmlbase,data-th-xmlbase}] [1000]: org.thymeleaf.standard.processor.StandardXmlBaseTagProcessor
[THYMELEAF]             * [* {th:xmllang,data-th-xmllang}] [1000]: org.thymeleaf.standard.processor.StandardXmlLangTagProcessor
[THYMELEAF]             * [* {xmlns:th}] [1000]: org.thymeleaf.standard.processor.StandardXmlNsTagProcessor
[THYMELEAF]             * [* {th:xmlspace,data-th-xmlspace}] [1000]: org.thymeleaf.standard.processor.StandardXmlSpaceTagProcessor
[THYMELEAF]             * [* {th:classappend,data-th-classappend}] [1100]: org.thymeleaf.standard.processor.StandardClassappendTagProcessor
[THYMELEAF]             * [* {th:styleappend,data-th-styleappend}] [1100]: org.thymeleaf.standard.processor.StandardStyleappendTagProcessor
[THYMELEAF]             * [* {th:text,data-th-text}] [1300]: org.thymeleaf.standard.processor.StandardTextTagProcessor
[THYMELEAF]             * [* {th:utext,data-th-utext}] [1400]: org.thymeleaf.standard.processor.StandardUtextTagProcessor
[THYMELEAF]             * [* {th:fragment,data-th-fragment}] [1500]: org.thymeleaf.standard.processor.StandardFragmentTagProcessor
[THYMELEAF]             * [* {th:assert,data-th-assert}] [1550]: org.thymeleaf.standard.processor.StandardAssertTagProcessor
[THYMELEAF]             * [* {th:remove,data-th-remove}] [1600]: org.thymeleaf.standard.processor.StandardRemoveTagProcessor
[THYMELEAF]             * [* {th:ref,data-th-ref}] [10000]: org.thymeleaf.standard.processor.StandardRefAttributeTagProcessor
[THYMELEAF]             * [{th:block,th-block} *] [100000]: org.thymeleaf.standard.processor.StandardBlockTagProcessor
[THYMELEAF]             * [* th:*] [2147483647]: org.thymeleaf.standard.processor.StandardDefaultAttributesTagProcessor
[THYMELEAF]         * Text Processors by [precedence]:
[THYMELEAF]             * [1000]: org.thymeleaf.standard.processor.StandardInliningTextProcessor
[THYMELEAF]         * DOCTYPE Processors by [precedence]:
[THYMELEAF]             * [1000]: org.thymeleaf.standard.processor.StandardTranslationDocTypeProcessor
[THYMELEAF]         * CDATA Section Processors by [precedence]:
[THYMELEAF]             * [1000]: org.thymeleaf.standard.processor.StandardInliningCDATASectionProcessor
[THYMELEAF]         * Comment Processors by [precedence]:
[THYMELEAF]             * [1000]: org.thymeleaf.standard.processor.StandardInliningCommentProcessor
[THYMELEAF]             * [1100]: org.thymeleaf.standard.processor.StandardConditionalCommentProcessor
[THYMELEAF]     * Processors for Template Mode: XML
[THYMELEAF]         * Element Tag Processors by [matching element and attribute name] [precedence]:
[THYMELEAF]             * [* {th:include}] [100]: org.thymeleaf.standard.processor.StandardIncludeTagProcessor
[THYMELEAF]             * [* {th:insert}] [100]: org.thymeleaf.standard.processor.StandardInsertTagProcessor
[THYMELEAF]             * [* {th:replace}] [100]: org.thymeleaf.standard.processor.StandardReplaceTagProcessor
[THYMELEAF]             * [* {th:each}] [200]: com.intuit.karate.template.KarateEachTagProcessor
[THYMELEAF]             * [* {th:switch}] [250]: org.thymeleaf.standard.processor.StandardSwitchTagProcessor
[THYMELEAF]             * [* {th:case}] [275]: org.thymeleaf.standard.processor.StandardCaseTagProcessor
[THYMELEAF]             * [* {th:if}] [300]: org.thymeleaf.standard.processor.StandardIfTagProcessor
[THYMELEAF]             * [* {th:unless}] [400]: org.thymeleaf.standard.processor.StandardUnlessTagProcessor
[THYMELEAF]             * [* {th:object}] [500]: org.thymeleaf.standard.processor.StandardObjectTagProcessor
[THYMELEAF]             * [* {th:with}] [600]: com.intuit.karate.template.KarateWithTagProcessor
[THYMELEAF]             * [* {th:attr}] [700]: com.intuit.karate.template.KarateAttributeTagProcessor.KarateAttrTagProcessor
[THYMELEAF]             * [* {th:attrappend}] [900]: com.intuit.karate.template.KarateAttributeTagProcessor.KarateAttrappendTagProcessor
[THYMELEAF]             * [* {th:attrprepend}] [900]: com.intuit.karate.template.KarateAttributeTagProcessor.KarateAttrprependTagProcessor
[THYMELEAF]             * [* {th:inline}] [1000]: org.thymeleaf.standard.processor.StandardInlineXMLTagProcessor
[THYMELEAF]             * [* {xmlns:th}] [1000]: org.thymeleaf.standard.processor.StandardXmlNsTagProcessor
[THYMELEAF]             * [* {th:text}] [1300]: org.thymeleaf.standard.processor.StandardTextTagProcessor
[THYMELEAF]             * [* {th:utext}] [1400]: org.thymeleaf.standard.processor.StandardUtextTagProcessor
[THYMELEAF]             * [* {th:fragment}] [1500]: org.thymeleaf.standard.processor.StandardFragmentTagProcessor
[THYMELEAF]             * [* {th:assert}] [1550]: org.thymeleaf.standard.processor.StandardAssertTagProcessor
[THYMELEAF]             * [* {th:remove}] [1600]: org.thymeleaf.standard.processor.StandardRemoveTagProcessor
[THYMELEAF]             * [* {th:ref}] [10000]: org.thymeleaf.standard.processor.StandardRefAttributeTagProcessor
[THYMELEAF]             * [{th:block} *] [100000]: org.thymeleaf.standard.processor.StandardBlockTagProcessor
[THYMELEAF]             * [* th:*] [2147483647]: org.thymeleaf.standard.processor.StandardDefaultAttributesTagProcessor
[THYMELEAF]         * Text Processors by [precedence]:
[THYMELEAF]             * [1000]: org.thymeleaf.standard.processor.StandardInliningTextProcessor
[THYMELEAF]         * CDATA Section Processors by [precedence]:
[THYMELEAF]             * [1000]: org.thymeleaf.standard.processor.StandardInliningCDATASectionProcessor
[THYMELEAF]         * Comment Processors by [precedence]:
[THYMELEAF]             * [1000]: org.thymeleaf.standard.processor.StandardInliningCommentProcessor
[THYMELEAF]     * Processors for Template Mode: TEXT
[THYMELEAF]         * Element Tag Processors by [matching element and attribute name] [precedence]:
[THYMELEAF]             * [* {th:insert}] [100]: org.thymeleaf.standard.processor.StandardInsertTagProcessor
[THYMELEAF]             * [* {th:replace}] [100]: org.thymeleaf.standard.processor.StandardReplaceTagProcessor
[THYMELEAF]             * [* {th:each}] [200]: com.intuit.karate.template.KarateEachTagProcessor
[THYMELEAF]             * [* {th:switch}] [250]: org.thymeleaf.standard.processor.StandardSwitchTagProcessor
[THYMELEAF]             * [* {th:case}] [275]: org.thymeleaf.standard.processor.StandardCaseTagProcessor
[THYMELEAF]             * [* {th:if}] [300]: org.thymeleaf.standard.processor.StandardIfTagProcessor
[THYMELEAF]             * [* {th:unless}] [400]: org.thymeleaf.standard.processor.StandardUnlessTagProcessor
[THYMELEAF]             * [* {th:object}] [500]: org.thymeleaf.standard.processor.StandardObjectTagProcessor
[THYMELEAF]             * [* {th:with}] [600]: com.intuit.karate.template.KarateWithTagProcessor
[THYMELEAF]             * [* {th:inline}] [1000]: org.thymeleaf.standard.processor.StandardInlineTextualTagProcessor
[THYMELEAF]             * [* {th:text}] [1300]: org.thymeleaf.standard.processor.StandardTextTagProcessor
[THYMELEAF]             * [* {th:utext}] [1400]: org.thymeleaf.standard.processor.StandardUtextTagProcessor
[THYMELEAF]             * [* {th:assert}] [1550]: org.thymeleaf.standard.processor.StandardAssertTagProcessor
[THYMELEAF]             * [* {th:remove}] [1600]: org.thymeleaf.standard.processor.StandardRemoveTagProcessor
[THYMELEAF]             * [{th:block} *] [100000]: org.thymeleaf.standard.processor.StandardBlockTagProcessor
[THYMELEAF]             * [* 100000] [org.thymeleaf.standard.processor.StandardBlockTagProcessor]: {}
[THYMELEAF]         * Text Processors by [precedence]:
[THYMELEAF]             * [1000]: org.thymeleaf.standard.processor.StandardInliningTextProcessor
[THYMELEAF]     * Processors for Template Mode: JAVASCRIPT
[THYMELEAF]         * Element Tag Processors by [matching element and attribute name] [precedence]:
[THYMELEAF]             * [* {th:insert}] [100]: org.thymeleaf.standard.processor.StandardInsertTagProcessor
[THYMELEAF]             * [* {th:replace}] [100]: org.thymeleaf.standard.processor.StandardReplaceTagProcessor
[THYMELEAF]             * [* {th:each}] [200]: com.intuit.karate.template.KarateEachTagProcessor
[THYMELEAF]             * [* {th:switch}] [250]: org.thymeleaf.standard.processor.StandardSwitchTagProcessor
[THYMELEAF]             * [* {th:case}] [275]: org.thymeleaf.standard.processor.StandardCaseTagProcessor
[THYMELEAF]             * [* {th:if}] [300]: org.thymeleaf.standard.processor.StandardIfTagProcessor
[THYMELEAF]             * [* {th:unless}] [400]: org.thymeleaf.standard.processor.StandardUnlessTagProcessor
[THYMELEAF]             * [* {th:object}] [500]: org.thymeleaf.standard.processor.StandardObjectTagProcessor
[THYMELEAF]             * [* {th:with}] [600]: com.intuit.karate.template.KarateWithTagProcessor
[THYMELEAF]             * [* {th:inline}] [1000]: org.thymeleaf.standard.processor.StandardInlineTextualTagProcessor
[THYMELEAF]             * [* {th:text}] [1300]: org.thymeleaf.standard.processor.StandardTextTagProcessor
[THYMELEAF]             * [* {th:utext}] [1400]: org.thymeleaf.standard.processor.StandardUtextTagProcessor
[THYMELEAF]             * [* {th:assert}] [1550]: org.thymeleaf.standard.processor.StandardAssertTagProcessor
[THYMELEAF]             * [* {th:remove}] [1600]: org.thymeleaf.standard.processor.StandardRemoveTagProcessor
[THYMELEAF]             * [{th:block} *] [100000]: org.thymeleaf.standard.processor.StandardBlockTagProcessor
[THYMELEAF]             * [* 100000] [org.thymeleaf.standard.processor.StandardBlockTagProcessor]: {}
[THYMELEAF]         * Text Processors by [precedence]:
[THYMELEAF]             * [1000]: org.thymeleaf.standard.processor.StandardInliningTextProcessor
[THYMELEAF]     * Processors for Template Mode: CSS
[THYMELEAF]         * Element Tag Processors by [matching element and attribute name] [precedence]:
[THYMELEAF]             * [* {th:insert}] [100]: org.thymeleaf.standard.processor.StandardInsertTagProcessor
[THYMELEAF]             * [* {th:replace}] [100]: org.thymeleaf.standard.processor.StandardReplaceTagProcessor
[THYMELEAF]             * [* {th:each}] [200]: com.intuit.karate.template.KarateEachTagProcessor
[THYMELEAF]             * [* {th:switch}] [250]: org.thymeleaf.standard.processor.StandardSwitchTagProcessor
[THYMELEAF]             * [* {th:case}] [275]: org.thymeleaf.standard.processor.StandardCaseTagProcessor
[THYMELEAF]             * [* {th:if}] [300]: org.thymeleaf.standard.processor.StandardIfTagProcessor
[THYMELEAF]             * [* {th:unless}] [400]: org.thymeleaf.standard.processor.StandardUnlessTagProcessor
[THYMELEAF]             * [* {th:object}] [500]: org.thymeleaf.standard.processor.StandardObjectTagProcessor
[THYMELEAF]             * [* {th:with}] [600]: com.intuit.karate.template.KarateWithTagProcessor
[THYMELEAF]             * [* {th:inline}] [1000]: org.thymeleaf.standard.processor.StandardInlineTextualTagProcessor
[THYMELEAF]             * [* {th:text}] [1300]: org.thymeleaf.standard.processor.StandardTextTagProcessor
[THYMELEAF]             * [* {th:utext}] [1400]: org.thymeleaf.standard.processor.StandardUtextTagProcessor
[THYMELEAF]             * [* {th:assert}] [1550]: org.thymeleaf.standard.processor.StandardAssertTagProcessor
[THYMELEAF]             * [* {th:remove}] [1600]: org.thymeleaf.standard.processor.StandardRemoveTagProcessor
[THYMELEAF]             * [{th:block} *] [100000]: org.thymeleaf.standard.processor.StandardBlockTagProcessor
[THYMELEAF]             * [* 100000] [org.thymeleaf.standard.processor.StandardBlockTagProcessor]: {}
[THYMELEAF]         * Text Processors by [precedence]:
[THYMELEAF]             * [1000]: org.thymeleaf.standard.processor.StandardInliningTextProcessor
[THYMELEAF]     * Expression Objects:
[THYMELEAF]         * #ctx
[THYMELEAF]         * #root
[THYMELEAF]         * #vars
[THYMELEAF]         * #object
[THYMELEAF]         * #locale
[THYMELEAF]         * #conversions
[THYMELEAF]         * #uris
[THYMELEAF]         * #temporals
[THYMELEAF]         * #calendars
[THYMELEAF]         * #dates
[THYMELEAF]         * #bools
[THYMELEAF]         * #numbers
[THYMELEAF]         * #objects
[THYMELEAF]         * #strings
[THYMELEAF]         * #arrays
[THYMELEAF]         * #lists
[THYMELEAF]         * #sets
[THYMELEAF]         * #maps
[THYMELEAF]         * #aggregates
[THYMELEAF]         * #messages
[THYMELEAF]         * #ids
[THYMELEAF]         * #execInfo
[THYMELEAF]         * #request
[THYMELEAF]         * #response
[THYMELEAF]         * #session
[THYMELEAF]         * #servletContext
[THYMELEAF]     * Execution Attributes:
[THYMELEAF]         * "StandardExpressionParser": com.intuit.karate.template.KarateStandardDialect@58182b96
[THYMELEAF]         * "StandardJavaScriptSerializer": org.thymeleaf.standard.serializer.StandardJavaScriptSerializer@31e7afde
[THYMELEAF]         * "StandardCSSSerializer": org.thymeleaf.standard.serializer.StandardCSSSerializer@349f3ff7
[THYMELEAF]         * "StandardVariableExpressionEvaluator": com.intuit.karate.template.KarateStandardDialect@58182b96
[THYMELEAF]         * "StandardConversionService": org.thymeleaf.standard.expression.StandardConversionService@2487e20
[THYMELEAF] * Dialect [2 of 2]: karate (com.intuit.karate.template.KarateScriptDialect)
[THYMELEAF]     * Prefix: "ka"
[THYMELEAF]     * Processors for Template Mode: HTML
[THYMELEAF]         * Element Tag Processors by [matching element and attribute name] [precedence]:
[THYMELEAF]             * [* {src}] [1000]: com.intuit.karate.template.KaScriptAttrProcessor
[THYMELEAF]         * Element Model Processors by [matching element and attribute name] [precedence]:
[THYMELEAF]             * [{script} {ka:scope,data-ka-scope}] [1000]: com.intuit.karate.template.KaScriptElemProcessor
[THYMELEAF]             * [* {ka:set,data-ka-set}] [1000]: com.intuit.karate.template.KaSetElemProcessor
[THYMELEAF] TEMPLATE ENGINE CONFIGURED OK
23:54:06.528 [main] DEBUG org.thymeleaf.TemplateEngine -- [THYMELEAF] TEMPLATE ENGINE INITIALIZED
---------------------------------------------------------
feature: classpath:features/users/get-users-excel.feature
scenarios:  1 | passed:  1 | failed:  0 | time: 4.9930
---------------------------------------------------------

Karate version: 1.4.1
======================================================
elapsed:   7.62 | threads:    1 | thread time: 4.99 
features:     1 | skipped:    0 | efficiency: 0.66
scenarios:    1 | passed:     1 | failed: 0
======================================================
23:54:07.549 [main] DEBUG org.thymeleaf.TemplateEngine -- [THYMELEAF] INITIALIZING TEMPLATE ENGINE
23:54:07.562 [main] DEBUG org.thymeleaf.TemplateEngine.CONFIG -- Initializing Thymeleaf Template engine configuration...
[THYMELEAF] TEMPLATE ENGINE CONFIGURATION:
[THYMELEAF] * Thymeleaf version: 3.1.2.RELEASE (built 2023-07-30T19:25:50+0000)
[THYMELEAF] * Cache Manager implementation: org.thymeleaf.cache.StandardCacheManager
[THYMELEAF] * Template resolvers:
[THYMELEAF]     * [1] com.intuit.karate.template.ResourceHtmlTemplateResolver
[THYMELEAF] * Message resolvers:
[THYMELEAF]     * org.thymeleaf.messageresolver.StandardMessageResolver
[THYMELEAF] * Link builders:
[THYMELEAF]     * org.thymeleaf.linkbuilder.StandardLinkBuilder
[THYMELEAF] * Dialect [1 of 2]: Standard (com.intuit.karate.template.KarateStandardDialect)
[THYMELEAF]     * Prefix: "th"
[THYMELEAF]     * Processors for Template Mode: HTML
[THYMELEAF]         * Element Tag Processors by [matching element and attribute name] [precedence]:
[THYMELEAF]             * [* {th:include,data-th-include}] [100]: org.thymeleaf.standard.processor.StandardIncludeTagProcessor
[THYMELEAF]             * [* {th:insert,data-th-insert}] [100]: org.thymeleaf.standard.processor.StandardInsertTagProcessor
[THYMELEAF]             * [* {th:replace,data-th-replace}] [100]: org.thymeleaf.standard.processor.StandardReplaceTagProcessor
[THYMELEAF]             * [* {th:each,data-th-each}] [200]: com.intuit.karate.template.KarateEachTagProcessor
[THYMELEAF]             * [* {th:switch,data-th-switch}] [250]: org.thymeleaf.standard.processor.StandardSwitchTagProcessor
[THYMELEAF]             * [* {th:case,data-th-case}] [275]: org.thymeleaf.standard.processor.StandardCaseTagProcessor
[THYMELEAF]             * [* {th:if,data-th-if}] [300]: org.thymeleaf.standard.processor.StandardIfTagProcessor
[THYMELEAF]             * [* {th:unless,data-th-unless}] [400]: org.thymeleaf.standard.processor.StandardUnlessTagProcessor
[THYMELEAF]             * [* {th:object,data-th-object}] [500]: org.thymeleaf.standard.processor.StandardObjectTagProcessor
[THYMELEAF]             * [* {th:with,data-th-with}] [600]: com.intuit.karate.template.KarateWithTagProcessor
[THYMELEAF]             * [* {th:attr,data-th-attr}] [700]: com.intuit.karate.template.KarateAttributeTagProcessor.KarateAttrTagProcessor
[THYMELEAF]             * [* {th:attrappend,data-th-attrappend}] [900]: com.intuit.karate.template.KarateAttributeTagProcessor.KarateAttrappendTagProcessor
[THYMELEAF]             * [* {th:attrprepend,data-th-attrprepend}] [900]: com.intuit.karate.template.KarateAttributeTagProcessor.KarateAttrprependTagProcessor
[THYMELEAF]             * [* {th:alt-title,data-th-alt-title}] [990]: org.thymeleaf.standard.processor.StandardAltTitleTagProcessor
[THYMELEAF]             * [* {th:lang-xmllang,data-th-lang-xmllang}] [990]: org.thymeleaf.standard.processor.StandardLangXmlLangTagProcessor
[THYMELEAF]             * [* {th:action,data-th-action}] [1000]: org.thymeleaf.standard.processor.StandardActionTagProcessor
[THYMELEAF]             * [* {th:checked,data-th-checked}] [1000]: org.thymeleaf.standard.processor.StandardConditionalFixedValueTagProcessor
[THYMELEAF]             * [* {th:reversed,data-th-reversed}] [1000]: org.thymeleaf.standard.processor.StandardConditionalFixedValueTagProcessor
[THYMELEAF]             * [* {th:async,data-th-async}] [1000]: org.thymeleaf.standard.processor.StandardConditionalFixedValueTagProcessor
[THYMELEAF]             * [* {th:ismap,data-th-ismap}] [1000]: org.thymeleaf.standard.processor.StandardConditionalFixedValueTagProcessor
[THYMELEAF]             * [* {th:multiple,data-th-multiple}] [1000]: org.thymeleaf.standard.processor.StandardConditionalFixedValueTagProcessor
[THYMELEAF]             * [* {th:scoped,data-th-scoped}] [1000]: org.thymeleaf.standard.processor.StandardConditionalFixedValueTagProcessor
[THYMELEAF]             * [* {th:formnovalidate,data-th-formnovalidate}] [1000]: org.thymeleaf.standard.processor.StandardConditionalFixedValueTagProcessor
[THYMELEAF]             * [* {th:nowrap,data-th-nowrap}] [1000]: org.thymeleaf.standard.processor.StandardConditionalFixedValueTagProcessor
[THYMELEAF]             * [* {th:hidden,data-th-hidden}] [1000]: org.thymeleaf.standard.processor.StandardConditionalFixedValueTagProcessor
[THYMELEAF]             * [* {th:disabled,data-th-disabled}] [1000]: org.thymeleaf.standard.processor.StandardConditionalFixedValueTagProcessor
[THYMELEAF]             * [* {th:pubdate,data-th-pubdate}] [1000]: org.thymeleaf.standard.processor.StandardConditionalFixedValueTagProcessor
[THYMELEAF]             * [* {th:defer,data-th-defer}] [1000]: org.thymeleaf.standard.processor.StandardConditionalFixedValueTagProcessor
[THYMELEAF]             * [* {th:selected,data-th-selected}] [1000]: org.thymeleaf.standard.processor.StandardConditionalFixedValueTagProcessor
[THYMELEAF]             * [* {th:controls,data-th-controls}] [1000]: org.thymeleaf.standard.processor.StandardConditionalFixedValueTagProcessor
[THYMELEAF]             * [* {th:autoplay,data-th-autoplay}] [1000]: org.thymeleaf.standard.processor.StandardConditionalFixedValueTagProcessor
[THYMELEAF]             * [* {th:default,data-th-default}] [1000]: org.thymeleaf.standard.processor.StandardConditionalFixedValueTagProcessor
[THYMELEAF]             * [* {th:seamless,data-th-seamless}] [1000]: org.thymeleaf.standard.processor.StandardConditionalFixedValueTagProcessor
[THYMELEAF]             * [* {th:declare,data-th-declare}] [1000]: org.thymeleaf.standard.processor.StandardConditionalFixedValueTagProcessor
[THYMELEAF]             * [* {th:open,data-th-open}] [1000]: org.thymeleaf.standard.processor.StandardConditionalFixedValueTagProcessor
[THYMELEAF]             * [* {th:required,data-th-required}] [1000]: org.thymeleaf.standard.processor.StandardConditionalFixedValueTagProcessor
[THYMELEAF]             * [* {th:autofocus,data-th-autofocus}] [1000]: org.thymeleaf.standard.processor.StandardConditionalFixedValueTagProcessor
[THYMELEAF]             * [* {th:novalidate,data-th-novalidate}] [1000]: org.thymeleaf.standard.processor.StandardConditionalFixedValueTagProcessor
[THYMELEAF]             * [* {th:readonly,data-th-readonly}] [1000]: org.thymeleaf.standard.processor.StandardConditionalFixedValueTagProcessor
[THYMELEAF]             * [* {th:loop,data-th-loop}] [1000]: org.thymeleaf.standard.processor.StandardConditionalFixedValueTagProcessor
[THYMELEAF]             * [* {th:onforminput,data-th-onforminput}] [1000]: org.thymeleaf.standard.processor.StandardDOMEventAttributeTagProcessor
[THYMELEAF]             * [* {th:onseeked,data-th-onseeked}] [1000]: org.thymeleaf.standard.processor.StandardDOMEventAttributeTagProcessor
[THYMELEAF]             * [* {th:onseeking,data-th-onseeking}] [1000]: org.thymeleaf.standard.processor.StandardDOMEventAttributeTagProcessor
[THYMELEAF]             * [* {th:onstorage,data-th-onstorage}] [1000]: org.thymeleaf.standard.processor.StandardDOMEventAttributeTagProcessor
[THYMELEAF]             * [* {th:onselect,data-th-onselect}] [1000]: org.thymeleaf.standard.processor.StandardDOMEventAttributeTagProcessor
[THYMELEAF]             * [* {th:onprogress,data-th-onprogress}] [1000]: org.thymeleaf.standard.processor.StandardDOMEventAttributeTagProcessor
[THYMELEAF]             * [* {th:ontimeupdate,data-th-ontimeupdate}] [1000]: org.thymeleaf.standard.processor.StandardDOMEventAttributeTagProcessor
[THYMELEAF]             * [* {th:onmessage,data-th-onmessage}] [1000]: org.thymeleaf.standard.processor.StandardDOMEventAttributeTagProcessor
[THYMELEAF]             * [* {th:onmouseover,data-th-onmouseover}] [1000]: org.thymeleaf.standard.processor.StandardDOMEventAttributeTagProcessor
[THYMELEAF]             * [* {th:onmousedown,data-th-onmousedown}] [1000]: org.thymeleaf.standard.processor.StandardDOMEventAttributeTagProcessor
[THYMELEAF]             * [* {th:onpause,data-th-onpause}] [1000]: org.thymeleaf.standard.processor.StandardDOMEventAttributeTagProcessor
[THYMELEAF]             * [* {th:onstalled,data-th-onstalled}] [1000]: org.thymeleaf.standard.processor.StandardDOMEventAttributeTagProcessor
[THYMELEAF]             * [* {th:onplaying,data-th-onplaying}] [1000]: org.thymeleaf.standard.processor.StandardDOMEventAttributeTagProcessor
[THYMELEAF]             * [* {th:ondragleave,data-th-ondragleave}] [1000]: org.thymeleaf.standard.processor.StandardDOMEventAttributeTagProcessor
[THYMELEAF]             * [* {th:ondragenter,data-th-ondragenter}] [1000]: org.thymeleaf.standard.processor.StandardDOMEventAttributeTagProcessor
[THYMELEAF]             * [* {th:onerror,data-th-onerror}] [1000]: org.thymeleaf.standard.processor.StandardDOMEventAttributeTagProcessor
[THYMELEAF]             * [* {th:oncanplaythrough,data-th-oncanplaythrough}] [1000]: org.thymeleaf.standard.processor.StandardDOMEventAttributeTagProcessor
[THYMELEAF]             * [* {th:onkeypress,data-th-onkeypress}] [1000]: org.thymeleaf.standard.processor.StandardDOMEventAttributeTagProcessor
[THYMELEAF]             * [* {th:onended,data-th-onended}] [1000]: org.thymeleaf.standard.processor.StandardDOMEventAttributeTagProcessor
[THYMELEAF]             * [* {th:onchange,data-th-onchange}] [1000]: org.thymeleaf.standard.processor.StandardDOMEventAttributeTagProcessor
[THYMELEAF]             * [* {th:ondurationchange,data-th-ondurationchange}] [1000]: org.thymeleaf.standard.processor.StandardDOMEventAttributeTagProcessor
[THYMELEAF]             * [* {th:onoffline,data-th-onoffline}] [1000]: org.thymeleaf.standard.processor.StandardDOMEventAttributeTagProcessor
[THYMELEAF]             * [* {th:onshow,data-th-onshow}] [1000]: org.thymeleaf.standard.processor.StandardDOMEventAttributeTagProcessor
[THYMELEAF]             * [* {th:onplay,data-th-onplay}] [1000]: org.thymeleaf.standard.processor.StandardDOMEventAttributeTagProcessor
[THYMELEAF]             * [* {th:ondragover,data-th-ondragover}] [1000]: org.thymeleaf.standard.processor.StandardDOMEventAttributeTagProcessor
[THYMELEAF]             * [* {th:onwaiting,data-th-onwaiting}] [1000]: org.thymeleaf.standard.processor.StandardDOMEventAttributeTagProcessor
[THYMELEAF]             * [* {th:onscroll,data-th-onscroll}] [1000]: org.thymeleaf.standard.processor.StandardDOMEventAttributeTagProcessor
[THYMELEAF]             * [* {th:onreset,data-th-onreset}] [1000]: org.thymeleaf.standard.processor.StandardDOMEventAttributeTagProcessor
[THYMELEAF]             * [* {th:onmouseout,data-th-onmouseout}] [1000]: org.thymeleaf.standard.processor.StandardDOMEventAttributeTagProcessor
[THYMELEAF]             * [* {th:ondrag,data-th-ondrag}] [1000]: org.thymeleaf.standard.processor.StandardDOMEventAttributeTagProcessor
[THYMELEAF]             * [* {th:onredo,data-th-onredo}] [1000]: org.thymeleaf.standard.processor.StandardDOMEventAttributeTagProcessor
[THYMELEAF]             * [* {th:onformchange,data-th-onformchange}] [1000]: org.thymeleaf.standard.processor.StandardDOMEventAttributeTagProcessor
[THYMELEAF]             * [* {th:onpopstate,data-th-onpopstate}] [1000]: org.thymeleaf.standard.processor.StandardDOMEventAttributeTagProcessor
[THYMELEAF]             * [* {th:onunload,data-th-onunload}] [1000]: org.thymeleaf.standard.processor.StandardDOMEventAttributeTagProcessor
[THYMELEAF]             * [* {th:onreadystatechange,data-th-onreadystatechange}] [1000]: org.thymeleaf.standard.processor.StandardDOMEventAttributeTagProcessor
[THYMELEAF]             * [* {th:ondblclick,data-th-ondblclick}] [1000]: org.thymeleaf.standard.processor.StandardDOMEventAttributeTagProcessor
[THYMELEAF]             * [* {th:onkeyup,data-th-onkeyup}] [1000]: org.thymeleaf.standard.processor.StandardDOMEventAttributeTagProcessor
[THYMELEAF]             * [* {th:oncontextmenu,data-th-oncontextmenu}] [1000]: org.thymeleaf.standard.processor.StandardDOMEventAttributeTagProcessor
[THYMELEAF]             * [* {th:onundo,data-th-onundo}] [1000]: org.thymeleaf.standard.processor.StandardDOMEventAttributeTagProcessor
[THYMELEAF]             * [* {th:onresize,data-th-onresize}] [1000]: org.thymeleaf.standard.processor.StandardDOMEventAttributeTagProcessor
[THYMELEAF]             * [* {th:onafterprint,data-th-onafterprint}] [1000]: org.thymeleaf.standard.processor.StandardDOMEventAttributeTagProcessor
[THYMELEAF]             * [* {th:ondragend,data-th-ondragend}] [1000]: org.thymeleaf.standard.processor.StandardDOMEventAttributeTagProcessor
[THYMELEAF]             * [* {th:oninvalid,data-th-oninvalid}] [1000]: org.thymeleaf.standard.processor.StandardDOMEventAttributeTagProcessor
[THYMELEAF]             * [* {th:onratechange,data-th-onratechange}] [1000]: org.thymeleaf.standard.processor.StandardDOMEventAttributeTagProcessor
[THYMELEAF]             * [* {th:onmouseup,data-th-onmouseup}] [1000]: org.thymeleaf.standard.processor.StandardDOMEventAttributeTagProcessor
[THYMELEAF]             * [* {th:oncanplay,data-th-oncanplay}] [1000]: org.thymeleaf.standard.processor.StandardDOMEventAttributeTagProcessor
[THYMELEAF]             * [* {th:oninput,data-th-oninput}] [1000]: org.thymeleaf.standard.processor.StandardDOMEventAttributeTagProcessor
[THYMELEAF]             * [* {th:onabort,data-th-onabort}] [1000]: org.thymeleaf.standard.processor.StandardDOMEventAttributeTagProcessor
[THYMELEAF]             * [* {th:onemptied,data-th-onemptied}] [1000]: org.thymeleaf.standard.processor.StandardDOMEventAttributeTagProcessor
[THYMELEAF]             * [* {th:ononline,data-th-ononline}] [1000]: org.thymeleaf.standard.processor.StandardDOMEventAttributeTagProcessor
[THYMELEAF]             * [* {th:onvolumechange,data-th-onvolumechange}] [1000]: org.thymeleaf.standard.processor.StandardDOMEventAttributeTagProcessor
[THYMELEAF]             * [* {th:onloadedmetadata,data-th-onloadedmetadata}] [1000]: org.thymeleaf.standard.processor.StandardDOMEventAttributeTagProcessor
[THYMELEAF]             * [* {th:onload,data-th-onload}] [1000]: org.thymeleaf.standard.processor.StandardDOMEventAttributeTagProcessor
[THYMELEAF]             * [* {th:onsubmit,data-th-onsubmit}] [1000]: org.thymeleaf.standard.processor.StandardDOMEventAttributeTagProcessor
[THYMELEAF]             * [* {th:onclick,data-th-onclick}] [1000]: org.thymeleaf.standard.processor.StandardDOMEventAttributeTagProcessor
[THYMELEAF]             * [* {th:onloadstart,data-th-onloadstart}] [1000]: org.thymeleaf.standard.processor.StandardDOMEventAttributeTagProcessor
[THYMELEAF]             * [* {th:ondrop,data-th-ondrop}] [1000]: org.thymeleaf.standard.processor.StandardDOMEventAttributeTagProcessor
[THYMELEAF]             * [* {th:onbeforeunload,data-th-onbeforeunload}] [1000]: org.thymeleaf.standard.processor.StandardDOMEventAttributeTagProcessor
[THYMELEAF]             * [* {th:onmousewheel,data-th-onmousewheel}] [1000]: org.thymeleaf.standard.processor.StandardDOMEventAttributeTagProcessor
[THYMELEAF]             * [* {th:onhashchange,data-th-onhashchange}] [1000]: org.thymeleaf.standard.processor.StandardDOMEventAttributeTagProcessor
[THYMELEAF]             * [* {th:onkeydown,data-th-onkeydown}] [1000]: org.thymeleaf.standard.processor.StandardDOMEventAttributeTagProcessor
[THYMELEAF]             * [* {th:onloadeddata,data-th-onloadeddata}] [1000]: org.thymeleaf.standard.processor.StandardDOMEventAttributeTagProcessor
[THYMELEAF]             * [* {th:ondragstart,data-th-ondragstart}] [1000]: org.thymeleaf.standard.processor.StandardDOMEventAttributeTagProcessor
[THYMELEAF]             * [* {th:onbeforeprint,data-th-onbeforeprint}] [1000]: org.thymeleaf.standard.processor.StandardDOMEventAttributeTagProcessor
[THYMELEAF]             * [* {th:onmousemove,data-th-onmousemove}] [1000]: org.thymeleaf.standard.processor.StandardDOMEventAttributeTagProcessor
[THYMELEAF]             * [* {th:onfocus,data-th-onfocus}] [1000]: org.thymeleaf.standard.processor.StandardDOMEventAttributeTagProcessor
[THYMELEAF]             * [* {th:onblur,data-th-onblur}] [1000]: org.thymeleaf.standard.processor.StandardDOMEventAttributeTagProcessor
[THYMELEAF]             * [* {th:onsuspend,data-th-onsuspend}] [1000]: org.thymeleaf.standard.processor.StandardDOMEventAttributeTagProcessor
[THYMELEAF]             * [* {th:href,data-th-href}] [1000]: org.thymeleaf.standard.processor.StandardHrefTagProcessor
[THYMELEAF]             * [* {th:inline,data-th-inline}] [1000]: org.thymeleaf.standard.processor.StandardInlineHTMLTagProcessor
[THYMELEAF]             * [* {th:method,data-th-method}] [1000]: org.thymeleaf.standard.processor.StandardMethodTagProcessor
[THYMELEAF]             * [* {th:name,data-th-name}] [1000]: org.thymeleaf.standard.processor.StandardNonRemovableAttributeTagProcessor
[THYMELEAF]             * [* {th:type,data-th-type}] [1000]: org.thymeleaf.standard.processor.StandardNonRemovableAttributeTagProcessor
[THYMELEAF]             * [* {th:sizes,data-th-sizes}] [1000]: org.thymeleaf.standard.processor.StandardRemovableAttributeTagProcessor
[THYMELEAF]             * [* {th:cite,data-th-cite}] [1000]: org.thymeleaf.standard.processor.StandardRemovableAttributeTagProcessor
[THYMELEAF]             * [* {th:compact,data-th-compact}] [1000]: org.thymeleaf.standard.processor.StandardRemovableAttributeTagProcessor
[THYMELEAF]             * [* {th:style,data-th-style}] [1000]: org.thymeleaf.standard.processor.StandardRemovableAttributeTagProcessor
[THYMELEAF]             * [* {th:accept-charset,data-th-accept-charset}] [1000]: org.thymeleaf.standard.processor.StandardRemovableAttributeTagProcessor
[THYMELEAF]             * [* {th:codebase,data-th-codebase}] [1000]: org.thymeleaf.standard.processor.StandardRemovableAttributeTagProcessor
[THYMELEAF]             * [* {th:align,data-th-align}] [1000]: org.thymeleaf.standard.processor.StandardRemovableAttributeTagProcessor
[THYMELEAF]             * [* {th:alt,data-th-alt}] [1000]: org.thymeleaf.standard.processor.StandardRemovableAttributeTagProcessor
[THYMELEAF]             * [* {th:formmethod,data-th-formmethod}] [1000]: org.thymeleaf.standard.processor.StandardRemovableAttributeTagProcessor
[THYMELEAF]             * [* {th:cols,data-th-cols}] [1000]: org.thymeleaf.standard.processor.StandardRemovableAttributeTagProcessor
[THYMELEAF]             * [* {th:enctype,data-th-enctype}] [1000]: org.thymeleaf.standard.processor.StandardRemovableAttributeTagProcessor
[THYMELEAF]             * [* {th:manifest,data-th-manifest}] [1000]: org.thymeleaf.standard.processor.StandardRemovableAttributeTagProcessor
[THYMELEAF]             * [* {th:contextmenu,data-th-contextmenu}] [1000]: org.thymeleaf.standard.processor.StandardRemovableAttributeTagProcessor
[THYMELEAF]             * [* {th:sandbox,data-th-sandbox}] [1000]: org.thymeleaf.standard.processor.StandardRemovableAttributeTagProcessor
[THYMELEAF]             * [* {th:for,data-th-for}] [1000]: org.thymeleaf.standard.processor.StandardRemovableAttributeTagProcessor
[THYMELEAF]             * [* {th:background,data-th-background}] [1000]: org.thymeleaf.standard.processor.StandardRemovableAttributeTagProcessor
[THYMELEAF]             * [* {th:wrap,data-th-wrap}] [1000]: org.thymeleaf.standard.processor.StandardRemovableAttributeTagProcessor
[THYMELEAF]             * [* {th:tabindex,data-th-tabindex}] [1000]: org.thymeleaf.standard.processor.StandardRemovableAttributeTagProcessor
[THYMELEAF]             * [* {th:contenteditable,data-th-contenteditable}] [1000]: org.thymeleaf.standard.processor.StandardRemovableAttributeTagProcessor
[THYMELEAF]             * [* {th:max,data-th-max}] [1000]: org.thymeleaf.standard.processor.StandardRemovableAttributeTagProcessor
[THYMELEAF]             * [* {th:longdesc,data-th-longdesc}] [1000]: org.thymeleaf.standard.processor.StandardRemovableAttributeTagProcessor
[THYMELEAF]             * [* {th:label,data-th-label}] [1000]: org.thymeleaf.standard.processor.StandardRemovableAttributeTagProcessor
[THYMELEAF]             * [* {th:size,data-th-size}] [1000]: org.thymeleaf.standard.processor.StandardRemovableAttributeTagProcessor
[THYMELEAF]             * [* {th:colspan,data-th-colspan}] [1000]: org.thymeleaf.standard.processor.StandardRemovableAttributeTagProcessor
[THYMELEAF]             * [* {th:headers,data-th-headers}] [1000]: org.thymeleaf.standard.processor.StandardRemovableAttributeTagProcessor
[THYMELEAF]             * [* {th:start,data-th-start}] [1000]: org.thymeleaf.standard.processor.StandardRemovableAttributeTagProcessor
[THYMELEAF]             * [* {th:dropzone,data-th-dropzone}] [1000]: org.thymeleaf.standard.processor.StandardRemovableAttributeTagProcessor
[THYMELEAF]             * [* {th:keytype,data-th-keytype}] [1000]: org.thymeleaf.standard.processor.StandardRemovableAttributeTagProcessor
[THYMELEAF]             * [* {th:maxlength,data-th-maxlength}] [1000]: org.thymeleaf.standard.processor.StandardRemovableAttributeTagProcessor
[THYMELEAF]             * [* {th:hspace,data-th-hspace}] [1000]: org.thymeleaf.standard.processor.StandardRemovableAttributeTagProcessor
[THYMELEAF]             * [* {th:high,data-th-high}] [1000]: org.thymeleaf.standard.processor.StandardRemovableAttributeTagProcessor
[THYMELEAF]             * [* {th:scope,data-th-scope}] [1000]: org.thymeleaf.standard.processor.StandardRemovableAttributeTagProcessor
[THYMELEAF]             * [* {th:pattern,data-th-pattern}] [1000]: org.thymeleaf.standard.processor.StandardRemovableAttributeTagProcessor
[THYMELEAF]             * [* {th:cellpadding,data-th-cellpadding}] [1000]: org.thymeleaf.standard.processor.StandardRemovableAttributeTagProcessor
[THYMELEAF]             * [* {th:marginheight,data-th-marginheight}] [1000]: org.thymeleaf.standard.processor.StandardRemovableAttributeTagProcessor
[THYMELEAF]             * [* {th:audio,data-th-audio}] [1000]: org.thymeleaf.standard.processor.StandardRemovableAttributeTagProcessor
[THYMELEAF]             * [* {th:rel,data-th-rel}] [1000]: org.thymeleaf.standard.processor.StandardRemovableAttributeTagProcessor
[THYMELEAF]             * [* {th:lang,data-th-lang}] [1000]: org.thymeleaf.standard.processor.StandardRemovableAttributeTagProcessor
[THYMELEAF]             * [* {th:target,data-th-target}] [1000]: org.thymeleaf.standard.processor.StandardRemovableAttributeTagProcessor
[THYMELEAF]             * [* {th:content,data-th-content}] [1000]: org.thymeleaf.standard.processor.StandardRemovableAttributeTagProcessor
[THYMELEAF]             * [* {th:step,data-th-step}] [1000]: org.thymeleaf.standard.processor.StandardRemovableAttributeTagProcessor
[THYMELEAF]             * [* {th:http-equiv,data-th-http-equiv}] [1000]: org.thymeleaf.standard.processor.StandardRemovableAttributeTagProcessor
[THYMELEAF]             * [* {th:preload,data-th-preload}] [1000]: org.thymeleaf.standard.processor.StandardRemovableAttributeTagProcessor
[THYMELEAF]             * [* {th:axis,data-th-axis}] [1000]: org.thymeleaf.standard.processor.StandardRemovableAttributeTagProcessor
[THYMELEAF]             * [* {th:low,data-th-low}] [1000]: org.thymeleaf.standard.processor.StandardRemovableAttributeTagProcessor
[THYMELEAF]             * [* {th:challenge,data-th-challenge}] [1000]: org.thymeleaf.standard.processor.StandardRemovableAttributeTagProcessor
[THYMELEAF]             * [* {th:media,data-th-media}] [1000]: org.thymeleaf.standard.processor.StandardRemovableAttributeTagProcessor
[THYMELEAF]             * [* {th:datetime,data-th-datetime}] [1000]: org.thymeleaf.standard.processor.StandardRemovableAttributeTagProcessor
[THYMELEAF]             * [* {th:autocomplete,data-th-autocomplete}] [1000]: org.thymeleaf.standard.processor.StandardRemovableAttributeTagProcessor
[THYMELEAF]             * [* {th:accesskey,data-th-accesskey}] [1000]: org.thymeleaf.standard.processor.StandardRemovableAttributeTagProcessor
[THYMELEAF]             * [* {th:class,data-th-class}] [1000]: org.thymeleaf.standard.processor.StandardRemovableAttributeTagProcessor
[THYMELEAF]             * [* {th:kind,data-th-kind}] [1000]: org.thymeleaf.standard.processor.StandardRemovableAttributeTagProcessor
[THYMELEAF]             * [* {th:abbr,data-th-abbr}] [1000]: org.thymeleaf.standard.processor.StandardRemovableAttributeTagProcessor
[THYMELEAF]             * [* {th:rowspan,data-th-rowspan}] [1000]: org.thymeleaf.standard.processor.StandardRemovableAttributeTagProcessor
[THYMELEAF]             * [* {th:formenctype,data-th-formenctype}] [1000]: org.thymeleaf.standard.processor.StandardRemovableAttributeTagProcessor
[THYMELEAF]             * [* {th:radiogroup,data-th-radiogroup}] [1000]: org.thymeleaf.standard.processor.StandardRemovableAttributeTagProcessor
[THYMELEAF]             * [* {th:rev,data-th-rev}] [1000]: org.thymeleaf.standard.processor.StandardRemovableAttributeTagProcessor
[THYMELEAF]             * [* {th:summary,data-th-summary}] [1000]: org.thymeleaf.standard.processor.StandardRemovableAttributeTagProcessor
[THYMELEAF]             * [* {th:scrolling,data-th-scrolling}] [1000]: org.thymeleaf.standard.processor.StandardRemovableAttributeTagProcessor
[THYMELEAF]             * [* {th:draggable,data-th-draggable}] [1000]: org.thymeleaf.standard.processor.StandardRemovableAttributeTagProcessor
[THYMELEAF]             * [* {th:charset,data-th-charset}] [1000]: org.thymeleaf.standard.processor.StandardRemovableAttributeTagProcessor
[THYMELEAF]             * [* {th:formtarget,data-th-formtarget}] [1000]: org.thymeleaf.standard.processor.StandardRemovableAttributeTagProcessor
[THYMELEAF]             * [* {th:span,data-th-span}] [1000]: org.thymeleaf.standard.processor.StandardRemovableAttributeTagProcessor
[THYMELEAF]             * [* {th:height,data-th-height}] [1000]: org.thymeleaf.standard.processor.StandardRemovableAttributeTagProcessor
[THYMELEAF]             * [* {th:icon,data-th-icon}] [1000]: org.thymeleaf.standard.processor.StandardRemovableAttributeTagProcessor
[THYMELEAF]             * [* {th:frame,data-th-frame}] [1000]: org.thymeleaf.standard.processor.StandardRemovableAttributeTagProcessor
[THYMELEAF]             * [* {th:standby,data-th-standby}] [1000]: org.thymeleaf.standard.processor.StandardRemovableAttributeTagProcessor
[THYMELEAF]             * [* {th:list,data-th-list}] [1000]: org.thymeleaf.standard.processor.StandardRemovableAttributeTagProcessor
[THYMELEAF]             * [* {th:hreflang,data-th-hreflang}] [1000]: org.thymeleaf.standard.processor.StandardRemovableAttributeTagProcessor
[THYMELEAF]             * [* {th:width,data-th-width}] [1000]: org.thymeleaf.standard.processor.StandardRemovableAttributeTagProcessor
[THYMELEAF]             * [* {th:placeholder,data-th-placeholder}] [1000]: org.thymeleaf.standard.processor.StandardRemovableAttributeTagProcessor
[THYMELEAF]             * [* {th:rows,data-th-rows}] [1000]: org.thymeleaf.standard.processor.StandardRemovableAttributeTagProcessor
[THYMELEAF]             * [* {th:valuetype,data-th-valuetype}] [1000]: org.thymeleaf.standard.processor.StandardRemovableAttributeTagProcessor
[THYMELEAF]             * [* {th:codetype,data-th-codetype}] [1000]: org.thymeleaf.standard.processor.StandardRemovableAttributeTagProcessor
[THYMELEAF]             * [* {th:bgcolor,data-th-bgcolor}] [1000]: org.thymeleaf.standard.processor.StandardRemovableAttributeTagProcessor
[THYMELEAF]             * [* {th:rules,data-th-rules}] [1000]: org.thymeleaf.standard.processor.StandardRemovableAttributeTagProcessor
[THYMELEAF]             * [* {th:min,data-th-min}] [1000]: org.thymeleaf.standard.processor.StandardRemovableAttributeTagProcessor
[THYMELEAF]             * [* {th:spellcheck,data-th-spellcheck}] [1000]: org.thymeleaf.standard.processor.StandardRemovableAttributeTagProcessor
[THYMELEAF]             * [* {th:optimum,data-th-optimum}] [1000]: org.thymeleaf.standard.processor.StandardRemovableAttributeTagProcessor
[THYMELEAF]             * [* {th:srclang,data-th-srclang}] [1000]: org.thymeleaf.standard.processor.StandardRemovableAttributeTagProcessor
[THYMELEAF]             * [* {th:form,data-th-form}] [1000]: org.thymeleaf.standard.processor.StandardRemovableAttributeTagProcessor
[THYMELEAF]             * [* {th:poster,data-th-poster}] [1000]: org.thymeleaf.standard.processor.StandardRemovableAttributeTagProcessor
[THYMELEAF]             * [* {th:vspace,data-th-vspace}] [1000]: org.thymeleaf.standard.processor.StandardRemovableAttributeTagProcessor
[THYMELEAF]             * [* {th:formaction,data-th-formaction}] [1000]: org.thymeleaf.standard.processor.StandardRemovableAttributeTagProcessor
[THYMELEAF]             * [* {th:classid,data-th-classid}] [1000]: org.thymeleaf.standard.processor.StandardRemovableAttributeTagProcessor
[THYMELEAF]             * [* {th:accept,data-th-accept}] [1000]: org.thymeleaf.standard.processor.StandardRemovableAttributeTagProcessor
[THYMELEAF]             * [* {th:id,data-th-id}] [1000]: org.thymeleaf.standard.processor.StandardRemovableAttributeTagProcessor
[THYMELEAF]             * [* {th:data,data-th-data}] [1000]: org.thymeleaf.standard.processor.StandardRemovableAttributeTagProcessor
[THYMELEAF]             * [* {th:scheme,data-th-scheme}] [1000]: org.thymeleaf.standard.processor.StandardRemovableAttributeTagProcessor
[THYMELEAF]             * [* {th:cellspacing,data-th-cellspacing}] [1000]: org.thymeleaf.standard.processor.StandardRemovableAttributeTagProcessor
[THYMELEAF]             * [* {th:border,data-th-border}] [1000]: org.thymeleaf.standard.processor.StandardRemovableAttributeTagProcessor
[THYMELEAF]             * [* {th:frameborder,data-th-frameborder}] [1000]: org.thymeleaf.standard.processor.StandardRemovableAttributeTagProcessor
[THYMELEAF]             * [* {th:archive,data-th-archive}] [1000]: org.thymeleaf.standard.processor.StandardRemovableAttributeTagProcessor
[THYMELEAF]             * [* {th:marginwidth,data-th-marginwidth}] [1000]: org.thymeleaf.standard.processor.StandardRemovableAttributeTagProcessor
[THYMELEAF]             * [* {th:title,data-th-title}] [1000]: org.thymeleaf.standard.processor.StandardRemovableAttributeTagProcessor
[THYMELEAF]             * [* {th:dir,data-th-dir}] [1000]: org.thymeleaf.standard.processor.StandardRemovableAttributeTagProcessor
[THYMELEAF]             * [* {th:usemap,data-th-usemap}] [1000]: org.thymeleaf.standard.processor.StandardRemovableAttributeTagProcessor
[THYMELEAF]             * [* {th:src,data-th-src}] [1000]: org.thymeleaf.standard.processor.StandardSrcTagProcessor
[THYMELEAF]             * [* {th:value,data-th-value}] [1000]: org.thymeleaf.standard.processor.StandardValueTagProcessor
[THYMELEAF]             * [* {th:xmlbase,data-th-xmlbase}] [1000]: org.thymeleaf.standard.processor.StandardXmlBaseTagProcessor
[THYMELEAF]             * [* {th:xmllang,data-th-xmllang}] [1000]: org.thymeleaf.standard.processor.StandardXmlLangTagProcessor
[THYMELEAF]             * [* {xmlns:th}] [1000]: org.thymeleaf.standard.processor.StandardXmlNsTagProcessor
[THYMELEAF]             * [* {th:xmlspace,data-th-xmlspace}] [1000]: org.thymeleaf.standard.processor.StandardXmlSpaceTagProcessor
[THYMELEAF]             * [* {th:classappend,data-th-classappend}] [1100]: org.thymeleaf.standard.processor.StandardClassappendTagProcessor
[THYMELEAF]             * [* {th:styleappend,data-th-styleappend}] [1100]: org.thymeleaf.standard.processor.StandardStyleappendTagProcessor
[THYMELEAF]             * [* {th:text,data-th-text}] [1300]: org.thymeleaf.standard.processor.StandardTextTagProcessor
[THYMELEAF]             * [* {th:utext,data-th-utext}] [1400]: org.thymeleaf.standard.processor.StandardUtextTagProcessor
[THYMELEAF]             * [* {th:fragment,data-th-fragment}] [1500]: org.thymeleaf.standard.processor.StandardFragmentTagProcessor
[THYMELEAF]             * [* {th:assert,data-th-assert}] [1550]: org.thymeleaf.standard.processor.StandardAssertTagProcessor
[THYMELEAF]             * [* {th:remove,data-th-remove}] [1600]: org.thymeleaf.standard.processor.StandardRemoveTagProcessor
[THYMELEAF]             * [* {th:ref,data-th-ref}] [10000]: org.thymeleaf.standard.processor.StandardRefAttributeTagProcessor
[THYMELEAF]             * [{th:block,th-block} *] [100000]: org.thymeleaf.standard.processor.StandardBlockTagProcessor
[THYMELEAF]             * [* th:*] [2147483647]: org.thymeleaf.standard.processor.StandardDefaultAttributesTagProcessor
[THYMELEAF]         * Text Processors by [precedence]:
[THYMELEAF]             * [1000]: org.thymeleaf.standard.processor.StandardInliningTextProcessor
[THYMELEAF]         * DOCTYPE Processors by [precedence]:
[THYMELEAF]             * [1000]: org.thymeleaf.standard.processor.StandardTranslationDocTypeProcessor
[THYMELEAF]         * CDATA Section Processors by [precedence]:
[THYMELEAF]             * [1000]: org.thymeleaf.standard.processor.StandardInliningCDATASectionProcessor
[THYMELEAF]         * Comment Processors by [precedence]:
[THYMELEAF]             * [1000]: org.thymeleaf.standard.processor.StandardInliningCommentProcessor
[THYMELEAF]             * [1100]: org.thymeleaf.standard.processor.StandardConditionalCommentProcessor
[THYMELEAF]     * Processors for Template Mode: XML
[THYMELEAF]         * Element Tag Processors by [matching element and attribute name] [precedence]:
[THYMELEAF]             * [* {th:include}] [100]: org.thymeleaf.standard.processor.StandardIncludeTagProcessor
[THYMELEAF]             * [* {th:insert}] [100]: org.thymeleaf.standard.processor.StandardInsertTagProcessor
[THYMELEAF]             * [* {th:replace}] [100]: org.thymeleaf.standard.processor.StandardReplaceTagProcessor
[THYMELEAF]             * [* {th:each}] [200]: com.intuit.karate.template.KarateEachTagProcessor
[THYMELEAF]             * [* {th:switch}] [250]: org.thymeleaf.standard.processor.StandardSwitchTagProcessor
[THYMELEAF]             * [* {th:case}] [275]: org.thymeleaf.standard.processor.StandardCaseTagProcessor
[THYMELEAF]             * [* {th:if}] [300]: org.thymeleaf.standard.processor.StandardIfTagProcessor
[THYMELEAF]             * [* {th:unless}] [400]: org.thymeleaf.standard.processor.StandardUnlessTagProcessor
[THYMELEAF]             * [* {th:object}] [500]: org.thymeleaf.standard.processor.StandardObjectTagProcessor
[THYMELEAF]             * [* {th:with}] [600]: com.intuit.karate.template.KarateWithTagProcessor
[THYMELEAF]             * [* {th:attr}] [700]: com.intuit.karate.template.KarateAttributeTagProcessor.KarateAttrTagProcessor
[THYMELEAF]             * [* {th:attrappend}] [900]: com.intuit.karate.template.KarateAttributeTagProcessor.KarateAttrappendTagProcessor
[THYMELEAF]             * [* {th:attrprepend}] [900]: com.intuit.karate.template.KarateAttributeTagProcessor.KarateAttrprependTagProcessor
[THYMELEAF]             * [* {th:inline}] [1000]: org.thymeleaf.standard.processor.StandardInlineXMLTagProcessor
[THYMELEAF]             * [* {xmlns:th}] [1000]: org.thymeleaf.standard.processor.StandardXmlNsTagProcessor
[THYMELEAF]             * [* {th:text}] [1300]: org.thymeleaf.standard.processor.StandardTextTagProcessor
[THYMELEAF]             * [* {th:utext}] [1400]: org.thymeleaf.standard.processor.StandardUtextTagProcessor
[THYMELEAF]             * [* {th:fragment}] [1500]: org.thymeleaf.standard.processor.StandardFragmentTagProcessor
[THYMELEAF]             * [* {th:assert}] [1550]: org.thymeleaf.standard.processor.StandardAssertTagProcessor
[THYMELEAF]             * [* {th:remove}] [1600]: org.thymeleaf.standard.processor.StandardRemoveTagProcessor
[THYMELEAF]             * [* {th:ref}] [10000]: org.thymeleaf.standard.processor.StandardRefAttributeTagProcessor
[THYMELEAF]             * [{th:block} *] [100000]: org.thymeleaf.standard.processor.StandardBlockTagProcessor
[THYMELEAF]             * [* th:*] [2147483647]: org.thymeleaf.standard.processor.StandardDefaultAttributesTagProcessor
[THYMELEAF]         * Text Processors by [precedence]:
[THYMELEAF]             * [1000]: org.thymeleaf.standard.processor.StandardInliningTextProcessor
[THYMELEAF]         * CDATA Section Processors by [precedence]:
[THYMELEAF]             * [1000]: org.thymeleaf.standard.processor.StandardInliningCDATASectionProcessor
[THYMELEAF]         * Comment Processors by [precedence]:
[THYMELEAF]             * [1000]: org.thymeleaf.standard.processor.StandardInliningCommentProcessor
[THYMELEAF]     * Processors for Template Mode: TEXT
[THYMELEAF]         * Element Tag Processors by [matching element and attribute name] [precedence]:
[THYMELEAF]             * [* {th:insert}] [100]: org.thymeleaf.standard.processor.StandardInsertTagProcessor
[THYMELEAF]             * [* {th:replace}] [100]: org.thymeleaf.standard.processor.StandardReplaceTagProcessor
[THYMELEAF]             * [* {th:each}] [200]: com.intuit.karate.template.KarateEachTagProcessor
[THYMELEAF]             * [* {th:switch}] [250]: org.thymeleaf.standard.processor.StandardSwitchTagProcessor
[THYMELEAF]             * [* {th:case}] [275]: org.thymeleaf.standard.processor.StandardCaseTagProcessor
[THYMELEAF]             * [* {th:if}] [300]: org.thymeleaf.standard.processor.StandardIfTagProcessor
[THYMELEAF]             * [* {th:unless}] [400]: org.thymeleaf.standard.processor.StandardUnlessTagProcessor
[THYMELEAF]             * [* {th:object}] [500]: org.thymeleaf.standard.processor.StandardObjectTagProcessor
[THYMELEAF]             * [* {th:with}] [600]: com.intuit.karate.template.KarateWithTagProcessor
[THYMELEAF]             * [* {th:inline}] [1000]: org.thymeleaf.standard.processor.StandardInlineTextualTagProcessor
[THYMELEAF]             * [* {th:text}] [1300]: org.thymeleaf.standard.processor.StandardTextTagProcessor
[THYMELEAF]             * [* {th:utext}] [1400]: org.thymeleaf.standard.processor.StandardUtextTagProcessor
[THYMELEAF]             * [* {th:assert}] [1550]: org.thymeleaf.standard.processor.StandardAssertTagProcessor
[THYMELEAF]             * [* {th:remove}] [1600]: org.thymeleaf.standard.processor.StandardRemoveTagProcessor
[THYMELEAF]             * [* 100000] [org.thymeleaf.standard.processor.StandardBlockTagProcessor]: {}
[THYMELEAF]             * [{th:block} *] [100000]: org.thymeleaf.standard.processor.StandardBlockTagProcessor
[THYMELEAF]         * Text Processors by [precedence]:
[THYMELEAF]             * [1000]: org.thymeleaf.standard.processor.StandardInliningTextProcessor
[THYMELEAF]     * Processors for Template Mode: JAVASCRIPT
[THYMELEAF]         * Element Tag Processors by [matching element and attribute name] [precedence]:
[THYMELEAF]             * [* {th:insert}] [100]: org.thymeleaf.standard.processor.StandardInsertTagProcessor
[THYMELEAF]             * [* {th:replace}] [100]: org.thymeleaf.standard.processor.StandardReplaceTagProcessor
[THYMELEAF]             * [* {th:each}] [200]: com.intuit.karate.template.KarateEachTagProcessor
[THYMELEAF]             * [* {th:switch}] [250]: org.thymeleaf.standard.processor.StandardSwitchTagProcessor
[THYMELEAF]             * [* {th:case}] [275]: org.thymeleaf.standard.processor.StandardCaseTagProcessor
[THYMELEAF]             * [* {th:if}] [300]: org.thymeleaf.standard.processor.StandardIfTagProcessor
[THYMELEAF]             * [* {th:unless}] [400]: org.thymeleaf.standard.processor.StandardUnlessTagProcessor
[THYMELEAF]             * [* {th:object}] [500]: org.thymeleaf.standard.processor.StandardObjectTagProcessor
[THYMELEAF]             * [* {th:with}] [600]: com.intuit.karate.template.KarateWithTagProcessor
[THYMELEAF]             * [* {th:inline}] [1000]: org.thymeleaf.standard.processor.StandardInlineTextualTagProcessor
[THYMELEAF]             * [* {th:text}] [1300]: org.thymeleaf.standard.processor.StandardTextTagProcessor
[THYMELEAF]             * [* {th:utext}] [1400]: org.thymeleaf.standard.processor.StandardUtextTagProcessor
[THYMELEAF]             * [* {th:assert}] [1550]: org.thymeleaf.standard.processor.StandardAssertTagProcessor
[THYMELEAF]             * [* {th:remove}] [1600]: org.thymeleaf.standard.processor.StandardRemoveTagProcessor
[THYMELEAF]             * [{th:block} *] [100000]: org.thymeleaf.standard.processor.StandardBlockTagProcessor
[THYMELEAF]             * [* 100000] [org.thymeleaf.standard.processor.StandardBlockTagProcessor]: {}
[THYMELEAF]         * Text Processors by [precedence]:
[THYMELEAF]             * [1000]: org.thymeleaf.standard.processor.StandardInliningTextProcessor
[THYMELEAF]     * Processors for Template Mode: CSS
[THYMELEAF]         * Element Tag Processors by [matching element and attribute name] [precedence]:
[THYMELEAF]             * [* {th:insert}] [100]: org.thymeleaf.standard.processor.StandardInsertTagProcessor
[THYMELEAF]             * [* {th:replace}] [100]: org.thymeleaf.standard.processor.StandardReplaceTagProcessor
[THYMELEAF]             * [* {th:each}] [200]: com.intuit.karate.template.KarateEachTagProcessor
[THYMELEAF]             * [* {th:switch}] [250]: org.thymeleaf.standard.processor.StandardSwitchTagProcessor
[THYMELEAF]             * [* {th:case}] [275]: org.thymeleaf.standard.processor.StandardCaseTagProcessor
[THYMELEAF]             * [* {th:if}] [300]: org.thymeleaf.standard.processor.StandardIfTagProcessor
[THYMELEAF]             * [* {th:unless}] [400]: org.thymeleaf.standard.processor.StandardUnlessTagProcessor
[THYMELEAF]             * [* {th:object}] [500]: org.thymeleaf.standard.processor.StandardObjectTagProcessor
[THYMELEAF]             * [* {th:with}] [600]: com.intuit.karate.template.KarateWithTagProcessor
[THYMELEAF]             * [* {th:inline}] [1000]: org.thymeleaf.standard.processor.StandardInlineTextualTagProcessor
[THYMELEAF]             * [* {th:text}] [1300]: org.thymeleaf.standard.processor.StandardTextTagProcessor
[THYMELEAF]             * [* {th:utext}] [1400]: org.thymeleaf.standard.processor.StandardUtextTagProcessor
[THYMELEAF]             * [* {th:assert}] [1550]: org.thymeleaf.standard.processor.StandardAssertTagProcessor
[THYMELEAF]             * [* {th:remove}] [1600]: org.thymeleaf.standard.processor.StandardRemoveTagProcessor
[THYMELEAF]             * [{th:block} *] [100000]: org.thymeleaf.standard.processor.StandardBlockTagProcessor
[THYMELEAF]             * [* 100000] [org.thymeleaf.standard.processor.StandardBlockTagProcessor]: {}
[THYMELEAF]         * Text Processors by [precedence]:
[THYMELEAF]             * [1000]: org.thymeleaf.standard.processor.StandardInliningTextProcessor
[THYMELEAF]     * Expression Objects:
[THYMELEAF]         * #ctx
[THYMELEAF]         * #root
[THYMELEAF]         * #vars
[THYMELEAF]         * #object
[THYMELEAF]         * #locale
[THYMELEAF]         * #conversions
[THYMELEAF]         * #uris
[THYMELEAF]         * #temporals
[THYMELEAF]         * #calendars
[THYMELEAF]         * #dates
[THYMELEAF]         * #bools
[THYMELEAF]         * #numbers
[THYMELEAF]         * #objects
[THYMELEAF]         * #strings
[THYMELEAF]         * #arrays
[THYMELEAF]         * #lists
[THYMELEAF]         * #sets
[THYMELEAF]         * #maps
[THYMELEAF]         * #aggregates
[THYMELEAF]         * #messages
[THYMELEAF]         * #ids
[THYMELEAF]         * #execInfo
[THYMELEAF]         * #request
[THYMELEAF]         * #response
[THYMELEAF]         * #session
[THYMELEAF]         * #servletContext
[THYMELEAF]     * Execution Attributes:
[THYMELEAF]         * "StandardExpressionParser": com.intuit.karate.template.KarateStandardDialect@4fa8297b
[THYMELEAF]         * "StandardJavaScriptSerializer": org.thymeleaf.standard.serializer.StandardJavaScriptSerializer@73d83141
[THYMELEAF]         * "StandardCSSSerializer": org.thymeleaf.standard.serializer.StandardCSSSerializer@31443680
[THYMELEAF]         * "StandardVariableExpressionEvaluator": com.intuit.karate.template.KarateStandardDialect@4fa8297b
[THYMELEAF]         * "StandardConversionService": org.thymeleaf.standard.expression.StandardConversionService@33356666
[THYMELEAF] * Dialect [2 of 2]: karate (com.intuit.karate.template.KarateScriptDialect)
[THYMELEAF]     * Prefix: "ka"
[THYMELEAF]     * Processors for Template Mode: HTML
[THYMELEAF]         * Element Tag Processors by [matching element and attribute name] [precedence]:
[THYMELEAF]             * [* {src}] [1000]: com.intuit.karate.template.KaScriptAttrProcessor
[THYMELEAF]         * Element Model Processors by [matching element and attribute name] [precedence]:
[THYMELEAF]             * [{script} {ka:scope,data-ka-scope}] [1000]: com.intuit.karate.template.KaScriptElemProcessor
[THYMELEAF]             * [* {ka:set,data-ka-set}] [1000]: com.intuit.karate.template.KaSetElemProcessor
[THYMELEAF] TEMPLATE ENGINE CONFIGURED OK
23:54:07.563 [main] DEBUG org.thymeleaf.TemplateEngine -- [THYMELEAF] TEMPLATE ENGINE INITIALIZED
23:54:07.570 [main] DEBUG org.thymeleaf.TemplateEngine -- [THYMELEAF] INITIALIZING TEMPLATE ENGINE
23:54:07.581 [main] DEBUG org.thymeleaf.TemplateEngine.CONFIG -- Initializing Thymeleaf Template engine configuration...
[THYMELEAF] TEMPLATE ENGINE CONFIGURATION:
[THYMELEAF] * Thymeleaf version: 3.1.2.RELEASE (built 2023-07-30T19:25:50+0000)
[THYMELEAF] * Cache Manager implementation: org.thymeleaf.cache.StandardCacheManager
[THYMELEAF] * Template resolvers:
[THYMELEAF]     * [1] com.intuit.karate.template.ResourceHtmlTemplateResolver
[THYMELEAF] * Message resolvers:
[THYMELEAF]     * org.thymeleaf.messageresolver.StandardMessageResolver
[THYMELEAF] * Link builders:
[THYMELEAF]     * org.thymeleaf.linkbuilder.StandardLinkBuilder
[THYMELEAF] * Dialect [1 of 2]: Standard (com.intuit.karate.template.KarateStandardDialect)
[THYMELEAF]     * Prefix: "th"
[THYMELEAF]     * Processors for Template Mode: HTML
[THYMELEAF]         * Element Tag Processors by [matching element and attribute name] [precedence]:
[THYMELEAF]             * [* {th:include,data-th-include}] [100]: org.thymeleaf.standard.processor.StandardIncludeTagProcessor
[THYMELEAF]             * [* {th:insert,data-th-insert}] [100]: org.thymeleaf.standard.processor.StandardInsertTagProcessor
[THYMELEAF]             * [* {th:replace,data-th-replace}] [100]: org.thymeleaf.standard.processor.StandardReplaceTagProcessor
[THYMELEAF]             * [* {th:each,data-th-each}] [200]: com.intuit.karate.template.KarateEachTagProcessor
[THYMELEAF]             * [* {th:switch,data-th-switch}] [250]: org.thymeleaf.standard.processor.StandardSwitchTagProcessor
[THYMELEAF]             * [* {th:case,data-th-case}] [275]: org.thymeleaf.standard.processor.StandardCaseTagProcessor
[THYMELEAF]             * [* {th:if,data-th-if}] [300]: org.thymeleaf.standard.processor.StandardIfTagProcessor
[THYMELEAF]             * [* {th:unless,data-th-unless}] [400]: org.thymeleaf.standard.processor.StandardUnlessTagProcessor
[THYMELEAF]             * [* {th:object,data-th-object}] [500]: org.thymeleaf.standard.processor.StandardObjectTagProcessor
[THYMELEAF]             * [* {th:with,data-th-with}] [600]: com.intuit.karate.template.KarateWithTagProcessor
[THYMELEAF]             * [* {th:attr,data-th-attr}] [700]: com.intuit.karate.template.KarateAttributeTagProcessor.KarateAttrTagProcessor
[THYMELEAF]             * [* {th:attrappend,data-th-attrappend}] [900]: com.intuit.karate.template.KarateAttributeTagProcessor.KarateAttrappendTagProcessor
[THYMELEAF]             * [* {th:attrprepend,data-th-attrprepend}] [900]: com.intuit.karate.template.KarateAttributeTagProcessor.KarateAttrprependTagProcessor
[THYMELEAF]             * [* {th:alt-title,data-th-alt-title}] [990]: org.thymeleaf.standard.processor.StandardAltTitleTagProcessor
[THYMELEAF]             * [* {th:lang-xmllang,data-th-lang-xmllang}] [990]: org.thymeleaf.standard.processor.StandardLangXmlLangTagProcessor
[THYMELEAF]             * [* {th:action,data-th-action}] [1000]: org.thymeleaf.standard.processor.StandardActionTagProcessor
[THYMELEAF]             * [* {th:formnovalidate,data-th-formnovalidate}] [1000]: org.thymeleaf.standard.processor.StandardConditionalFixedValueTagProcessor
[THYMELEAF]             * [* {th:novalidate,data-th-novalidate}] [1000]: org.thymeleaf.standard.processor.StandardConditionalFixedValueTagProcessor
[THYMELEAF]             * [* {th:autoplay,data-th-autoplay}] [1000]: org.thymeleaf.standard.processor.StandardConditionalFixedValueTagProcessor
[THYMELEAF]             * [* {th:pubdate,data-th-pubdate}] [1000]: org.thymeleaf.standard.processor.StandardConditionalFixedValueTagProcessor
[THYMELEAF]             * [* {th:default,data-th-default}] [1000]: org.thymeleaf.standard.processor.StandardConditionalFixedValueTagProcessor
[THYMELEAF]             * [* {th:defer,data-th-defer}] [1000]: org.thymeleaf.standard.processor.StandardConditionalFixedValueTagProcessor
[THYMELEAF]             * [* {th:selected,data-th-selected}] [1000]: org.thymeleaf.standard.processor.StandardConditionalFixedValueTagProcessor
[THYMELEAF]             * [* {th:disabled,data-th-disabled}] [1000]: org.thymeleaf.standard.processor.StandardConditionalFixedValueTagProcessor
[THYMELEAF]             * [* {th:multiple,data-th-multiple}] [1000]: org.thymeleaf.standard.processor.StandardConditionalFixedValueTagProcessor
[THYMELEAF]             * [* {th:ismap,data-th-ismap}] [1000]: org.thymeleaf.standard.processor.StandardConditionalFixedValueTagProcessor
[THYMELEAF]             * [* {th:async,data-th-async}] [1000]: org.thymeleaf.standard.processor.StandardConditionalFixedValueTagProcessor
[THYMELEAF]             * [* {th:seamless,data-th-seamless}] [1000]: org.thymeleaf.standard.processor.StandardConditionalFixedValueTagProcessor
[THYMELEAF]             * [* {th:autofocus,data-th-autofocus}] [1000]: org.thymeleaf.standard.processor.StandardConditionalFixedValueTagProcessor
[THYMELEAF]             * [* {th:required,data-th-required}] [1000]: org.thymeleaf.standard.processor.StandardConditionalFixedValueTagProcessor
[THYMELEAF]             * [* {th:loop,data-th-loop}] [1000]: org.thymeleaf.standard.processor.StandardConditionalFixedValueTagProcessor
[THYMELEAF]             * [* {th:open,data-th-open}] [1000]: org.thymeleaf.standard.processor.StandardConditionalFixedValueTagProcessor
[THYMELEAF]             * [* {th:controls,data-th-controls}] [1000]: org.thymeleaf.standard.processor.StandardConditionalFixedValueTagProcessor
[THYMELEAF]             * [* {th:readonly,data-th-readonly}] [1000]: org.thymeleaf.standard.processor.StandardConditionalFixedValueTagProcessor
[THYMELEAF]             * [* {th:declare,data-th-declare}] [1000]: org.thymeleaf.standard.processor.StandardConditionalFixedValueTagProcessor
[THYMELEAF]             * [* {th:hidden,data-th-hidden}] [1000]: org.thymeleaf.standard.processor.StandardConditionalFixedValueTagProcessor
[THYMELEAF]             * [* {th:reversed,data-th-reversed}] [1000]: org.thymeleaf.standard.processor.StandardConditionalFixedValueTagProcessor
[THYMELEAF]             * [* {th:nowrap,data-th-nowrap}] [1000]: org.thymeleaf.standard.processor.StandardConditionalFixedValueTagProcessor
[THYMELEAF]             * [* {th:checked,data-th-checked}] [1000]: org.thymeleaf.standard.processor.StandardConditionalFixedValueTagProcessor
[THYMELEAF]             * [* {th:scoped,data-th-scoped}] [1000]: org.thymeleaf.standard.processor.StandardConditionalFixedValueTagProcessor
[THYMELEAF]             * [* {th:onmousewheel,data-th-onmousewheel}] [1000]: org.thymeleaf.standard.processor.StandardDOMEventAttributeTagProcessor
[THYMELEAF]             * [* {th:onratechange,data-th-onratechange}] [1000]: org.thymeleaf.standard.processor.StandardDOMEventAttributeTagProcessor
[THYMELEAF]             * [* {th:onresize,data-th-onresize}] [1000]: org.thymeleaf.standard.processor.StandardDOMEventAttributeTagProcessor
[THYMELEAF]             * [* {th:onended,data-th-onended}] [1000]: org.thymeleaf.standard.processor.StandardDOMEventAttributeTagProcessor
[THYMELEAF]             * [* {th:onerror,data-th-onerror}] [1000]: org.thymeleaf.standard.processor.StandardDOMEventAttributeTagProcessor
[THYMELEAF]             * [* {th:onloadstart,data-th-onloadstart}] [1000]: org.thymeleaf.standard.processor.StandardDOMEventAttributeTagProcessor
[THYMELEAF]             * [* {th:onafterprint,data-th-onafterprint}] [1000]: org.thymeleaf.standard.processor.StandardDOMEventAttributeTagProcessor
[THYMELEAF]             * [* {th:ondragleave,data-th-ondragleave}] [1000]: org.thymeleaf.standard.processor.StandardDOMEventAttributeTagProcessor
[THYMELEAF]             * [* {th:onvolumechange,data-th-onvolumechange}] [1000]: org.thymeleaf.standard.processor.StandardDOMEventAttributeTagProcessor
[THYMELEAF]             * [* {th:onsuspend,data-th-onsuspend}] [1000]: org.thymeleaf.standard.processor.StandardDOMEventAttributeTagProcessor
[THYMELEAF]             * [* {th:ondblclick,data-th-ondblclick}] [1000]: org.thymeleaf.standard.processor.StandardDOMEventAttributeTagProcessor
[THYMELEAF]             * [* {th:onmousemove,data-th-onmousemove}] [1000]: org.thymeleaf.standard.processor.StandardDOMEventAttributeTagProcessor
[THYMELEAF]             * [* {th:onseeking,data-th-onseeking}] [1000]: org.thymeleaf.standard.processor.StandardDOMEventAttributeTagProcessor
[THYMELEAF]             * [* {th:onhashchange,data-th-onhashchange}] [1000]: org.thymeleaf.standard.processor.StandardDOMEventAttributeTagProcessor
[THYMELEAF]             * [* {th:onundo,data-th-onundo}] [1000]: org.thymeleaf.standard.processor.StandardDOMEventAttributeTagProcessor
[THYMELEAF]             * [* {th:onprogress,data-th-onprogress}] [1000]: org.thymeleaf.standard.processor.StandardDOMEventAttributeTagProcessor
[THYMELEAF]             * [* {th:onchange,data-th-onchange}] [1000]: org.thymeleaf.standard.processor.StandardDOMEventAttributeTagProcessor
[THYMELEAF]             * [* {th:oninput,data-th-oninput}] [1000]: org.thymeleaf.standard.processor.StandardDOMEventAttributeTagProcessor
[THYMELEAF]             * [* {th:onkeyup,data-th-onkeyup}] [1000]: org.thymeleaf.standard.processor.StandardDOMEventAttributeTagProcessor
[THYMELEAF]             * [* {th:onsubmit,data-th-onsubmit}] [1000]: org.thymeleaf.standard.processor.StandardDOMEventAttributeTagProcessor
[THYMELEAF]             * [* {th:onmouseup,data-th-onmouseup}] [1000]: org.thymeleaf.standard.processor.StandardDOMEventAttributeTagProcessor
[THYMELEAF]             * [* {th:onshow,data-th-onshow}] [1000]: org.thymeleaf.standard.processor.StandardDOMEventAttributeTagProcessor
[THYMELEAF]             * [* {th:onpopstate,data-th-onpopstate}] [1000]: org.thymeleaf.standard.processor.StandardDOMEventAttributeTagProcessor
[THYMELEAF]             * [* {th:onstalled,data-th-onstalled}] [1000]: org.thymeleaf.standard.processor.StandardDOMEventAttributeTagProcessor
[THYMELEAF]             * [* {th:ondrag,data-th-ondrag}] [1000]: org.thymeleaf.standard.processor.StandardDOMEventAttributeTagProcessor
[THYMELEAF]             * [* {th:onformchange,data-th-onformchange}] [1000]: org.thymeleaf.standard.processor.StandardDOMEventAttributeTagProcessor
[THYMELEAF]             * [* {th:onselect,data-th-onselect}] [1000]: org.thymeleaf.standard.processor.StandardDOMEventAttributeTagProcessor
[THYMELEAF]             * [* {th:onstorage,data-th-onstorage}] [1000]: org.thymeleaf.standard.processor.StandardDOMEventAttributeTagProcessor
[THYMELEAF]             * [* {th:onwaiting,data-th-onwaiting}] [1000]: org.thymeleaf.standard.processor.StandardDOMEventAttributeTagProcessor
[THYMELEAF]             * [* {th:onmousedown,data-th-onmousedown}] [1000]: org.thymeleaf.standard.processor.StandardDOMEventAttributeTagProcessor
[THYMELEAF]             * [* {th:onreset,data-th-onreset}] [1000]: org.thymeleaf.standard.processor.StandardDOMEventAttributeTagProcessor
[THYMELEAF]             * [* {th:onseeked,data-th-onseeked}] [1000]: org.thymeleaf.standard.processor.StandardDOMEventAttributeTagProcessor
[THYMELEAF]             * [* {th:onredo,data-th-onredo}] [1000]: org.thymeleaf.standard.processor.StandardDOMEventAttributeTagProcessor
[THYMELEAF]             * [* {th:onloadeddata,data-th-onloadeddata}] [1000]: org.thymeleaf.standard.processor.StandardDOMEventAttributeTagProcessor
[THYMELEAF]             * [* {th:onunload,data-th-onunload}] [1000]: org.thymeleaf.standard.processor.StandardDOMEventAttributeTagProcessor
[THYMELEAF]             * [* {th:onblur,data-th-onblur}] [1000]: org.thymeleaf.standard.processor.StandardDOMEventAttributeTagProcessor
[THYMELEAF]             * [* {th:oninvalid,data-th-oninvalid}] [1000]: org.thymeleaf.standard.processor.StandardDOMEventAttributeTagProcessor
[THYMELEAF]             * [* {th:onscroll,data-th-onscroll}] [1000]: org.thymeleaf.standard.processor.StandardDOMEventAttributeTagProcessor
[THYMELEAF]             * [* {th:onmouseover,data-th-onmouseover}] [1000]: org.thymeleaf.standard.processor.StandardDOMEventAttributeTagProcessor
[THYMELEAF]             * [* {th:oncanplay,data-th-oncanplay}] [1000]: org.thymeleaf.standard.processor.StandardDOMEventAttributeTagProcessor
[THYMELEAF]             * [* {th:ondragenter,data-th-ondragenter}] [1000]: org.thymeleaf.standard.processor.StandardDOMEventAttributeTagProcessor
[THYMELEAF]             * [* {th:ononline,data-th-ononline}] [1000]: org.thymeleaf.standard.processor.StandardDOMEventAttributeTagProcessor
[THYMELEAF]             * [* {th:onreadystatechange,data-th-onreadystatechange}] [1000]: org.thymeleaf.standard.processor.StandardDOMEventAttributeTagProcessor
[THYMELEAF]             * [* {th:onabort,data-th-onabort}] [1000]: org.thymeleaf.standard.processor.StandardDOMEventAttributeTagProcessor
[THYMELEAF]             * [* {th:onmessage,data-th-onmessage}] [1000]: org.thymeleaf.standard.processor.StandardDOMEventAttributeTagProcessor
[THYMELEAF]             * [* {th:oncanplaythrough,data-th-oncanplaythrough}] [1000]: org.thymeleaf.standard.processor.StandardDOMEventAttributeTagProcessor
[THYMELEAF]             * [* {th:onload,data-th-onload}] [1000]: org.thymeleaf.standard.processor.StandardDOMEventAttributeTagProcessor
[THYMELEAF]             * [* {th:onplay,data-th-onplay}] [1000]: org.thymeleaf.standard.processor.StandardDOMEventAttributeTagProcessor
[THYMELEAF]             * [* {th:onkeypress,data-th-onkeypress}] [1000]: org.thymeleaf.standard.processor.StandardDOMEventAttributeTagProcessor
[THYMELEAF]             * [* {th:onclick,data-th-onclick}] [1000]: org.thymeleaf.standard.processor.StandardDOMEventAttributeTagProcessor
[THYMELEAF]             * [* {th:ondrop,data-th-ondrop}] [1000]: org.thymeleaf.standard.processor.StandardDOMEventAttributeTagProcessor
[THYMELEAF]             * [* {th:onplaying,data-th-onplaying}] [1000]: org.thymeleaf.standard.processor.StandardDOMEventAttributeTagProcessor
[THYMELEAF]             * [* {th:onkeydown,data-th-onkeydown}] [1000]: org.thymeleaf.standard.processor.StandardDOMEventAttributeTagProcessor
[THYMELEAF]             * [* {th:ondurationchange,data-th-ondurationchange}] [1000]: org.thymeleaf.standard.processor.StandardDOMEventAttributeTagProcessor
[THYMELEAF]             * [* {th:onloadedmetadata,data-th-onloadedmetadata}] [1000]: org.thymeleaf.standard.processor.StandardDOMEventAttributeTagProcessor
[THYMELEAF]             * [* {th:ondragend,data-th-ondragend}] [1000]: org.thymeleaf.standard.processor.StandardDOMEventAttributeTagProcessor
[THYMELEAF]             * [* {th:onemptied,data-th-onemptied}] [1000]: org.thymeleaf.standard.processor.StandardDOMEventAttributeTagProcessor
[THYMELEAF]             * [* {th:onbeforeprint,data-th-onbeforeprint}] [1000]: org.thymeleaf.standard.processor.StandardDOMEventAttributeTagProcessor
[THYMELEAF]             * [* {th:onpause,data-th-onpause}] [1000]: org.thymeleaf.standard.processor.StandardDOMEventAttributeTagProcessor
[THYMELEAF]             * [* {th:ondragstart,data-th-ondragstart}] [1000]: org.thymeleaf.standard.processor.StandardDOMEventAttributeTagProcessor
[THYMELEAF]             * [* {th:onforminput,data-th-onforminput}] [1000]: org.thymeleaf.standard.processor.StandardDOMEventAttributeTagProcessor
[THYMELEAF]             * [* {th:ontimeupdate,data-th-ontimeupdate}] [1000]: org.thymeleaf.standard.processor.StandardDOMEventAttributeTagProcessor
[THYMELEAF]             * [* {th:oncontextmenu,data-th-oncontextmenu}] [1000]: org.thymeleaf.standard.processor.StandardDOMEventAttributeTagProcessor
[THYMELEAF]             * [* {th:onbeforeunload,data-th-onbeforeunload}] [1000]: org.thymeleaf.standard.processor.StandardDOMEventAttributeTagProcessor
[THYMELEAF]             * [* {th:onmouseout,data-th-onmouseout}] [1000]: org.thymeleaf.standard.processor.StandardDOMEventAttributeTagProcessor
[THYMELEAF]             * [* {th:ondragover,data-th-ondragover}] [1000]: org.thymeleaf.standard.processor.StandardDOMEventAttributeTagProcessor
[THYMELEAF]             * [* {th:onfocus,data-th-onfocus}] [1000]: org.thymeleaf.standard.processor.StandardDOMEventAttributeTagProcessor
[THYMELEAF]             * [* {th:onoffline,data-th-onoffline}] [1000]: org.thymeleaf.standard.processor.StandardDOMEventAttributeTagProcessor
[THYMELEAF]             * [* {th:href,data-th-href}] [1000]: org.thymeleaf.standard.processor.StandardHrefTagProcessor
[THYMELEAF]             * [* {th:inline,data-th-inline}] [1000]: org.thymeleaf.standard.processor.StandardInlineHTMLTagProcessor
[THYMELEAF]             * [* {th:method,data-th-method}] [1000]: org.thymeleaf.standard.processor.StandardMethodTagProcessor
[THYMELEAF]             * [* {th:name,data-th-name}] [1000]: org.thymeleaf.standard.processor.StandardNonRemovableAttributeTagProcessor
[THYMELEAF]             * [* {th:type,data-th-type}] [1000]: org.thymeleaf.standard.processor.StandardNonRemovableAttributeTagProcessor
[THYMELEAF]             * [* {th:datetime,data-th-datetime}] [1000]: org.thymeleaf.standard.processor.StandardRemovableAttributeTagProcessor
[THYMELEAF]             * [* {th:summary,data-th-summary}] [1000]: org.thymeleaf.standard.processor.StandardRemovableAttributeTagProcessor
[THYMELEAF]             * [* {th:cols,data-th-cols}] [1000]: org.thymeleaf.standard.processor.StandardRemovableAttributeTagProcessor
[THYMELEAF]             * [* {th:draggable,data-th-draggable}] [1000]: org.thymeleaf.standard.processor.StandardRemovableAttributeTagProcessor
[THYMELEAF]             * [* {th:max,data-th-max}] [1000]: org.thymeleaf.standard.processor.StandardRemovableAttributeTagProcessor
[THYMELEAF]             * [* {th:frame,data-th-frame}] [1000]: org.thymeleaf.standard.processor.StandardRemovableAttributeTagProcessor
[THYMELEAF]             * [* {th:srclang,data-th-srclang}] [1000]: org.thymeleaf.standard.processor.StandardRemovableAttributeTagProcessor
[THYMELEAF]             * [* {th:bgcolor,data-th-bgcolor}] [1000]: org.thymeleaf.standard.processor.StandardRemovableAttributeTagProcessor
[THYMELEAF]             * [* {th:valuetype,data-th-valuetype}] [1000]: org.thymeleaf.standard.processor.StandardRemovableAttributeTagProcessor
[THYMELEAF]             * [* {th:vspace,data-th-vspace}] [1000]: org.thymeleaf.standard.processor.StandardRemovableAttributeTagProcessor
[THYMELEAF]             * [* {th:codetype,data-th-codetype}] [1000]: org.thymeleaf.standard.processor.StandardRemovableAttributeTagProcessor
[THYMELEAF]             * [* {th:media,data-th-media}] [1000]: org.thymeleaf.standard.processor.StandardRemovableAttributeTagProcessor
[THYMELEAF]             * [* {th:data,data-th-data}] [1000]: org.thymeleaf.standard.processor.StandardRemovableAttributeTagProcessor
[THYMELEAF]             * [* {th:longdesc,data-th-longdesc}] [1000]: org.thymeleaf.standard.processor.StandardRemovableAttributeTagProcessor
[THYMELEAF]             * [* {th:accept-charset,data-th-accept-charset}] [1000]: org.thymeleaf.standard.processor.StandardRemovableAttributeTagProcessor
[THYMELEAF]             * [* {th:spellcheck,data-th-spellcheck}] [1000]: org.thymeleaf.standard.processor.StandardRemovableAttributeTagProcessor
[THYMELEAF]             * [* {th:autocomplete,data-th-autocomplete}] [1000]: org.thymeleaf.standard.processor.StandardRemovableAttributeTagProcessor
[THYMELEAF]             * [* {th:for,data-th-for}] [1000]: org.thymeleaf.standard.processor.StandardRemovableAttributeTagProcessor
[THYMELEAF]             * [* {th:axis,data-th-axis}] [1000]: org.thymeleaf.standard.processor.StandardRemovableAttributeTagProcessor
[THYMELEAF]             * [* {th:min,data-th-min}] [1000]: org.thymeleaf.standard.processor.StandardRemovableAttributeTagProcessor
[THYMELEAF]             * [* {th:dir,data-th-dir}] [1000]: org.thymeleaf.standard.processor.StandardRemovableAttributeTagProcessor
[THYMELEAF]             * [* {th:cellpadding,data-th-cellpadding}] [1000]: org.thymeleaf.standard.processor.StandardRemovableAttributeTagProcessor
[THYMELEAF]             * [* {th:headers,data-th-headers}] [1000]: org.thymeleaf.standard.processor.StandardRemovableAttributeTagProcessor
[THYMELEAF]             * [* {th:tabindex,data-th-tabindex}] [1000]: org.thymeleaf.standard.processor.StandardRemovableAttributeTagProcessor
[THYMELEAF]             * [* {th:http-equiv,data-th-http-equiv}] [1000]: org.thymeleaf.standard.processor.StandardRemovableAttributeTagProcessor
[THYMELEAF]             * [* {th:span,data-th-span}] [1000]: org.thymeleaf.standard.processor.StandardRemovableAttributeTagProcessor
[THYMELEAF]             * [* {th:colspan,data-th-colspan}] [1000]: org.thymeleaf.standard.processor.StandardRemovableAttributeTagProcessor
[THYMELEAF]             * [* {th:kind,data-th-kind}] [1000]: org.thymeleaf.standard.processor.StandardRemovableAttributeTagProcessor
[THYMELEAF]             * [* {th:challenge,data-th-challenge}] [1000]: org.thymeleaf.standard.processor.StandardRemovableAttributeTagProcessor
[THYMELEAF]             * [* {th:rowspan,data-th-rowspan}] [1000]: org.thymeleaf.standard.processor.StandardRemovableAttributeTagProcessor
[THYMELEAF]             * [* {th:start,data-th-start}] [1000]: org.thymeleaf.standard.processor.StandardRemovableAttributeTagProcessor
[THYMELEAF]             * [* {th:formtarget,data-th-formtarget}] [1000]: org.thymeleaf.standard.processor.StandardRemovableAttributeTagProcessor
[THYMELEAF]             * [* {th:high,data-th-high}] [1000]: org.thymeleaf.standard.processor.StandardRemovableAttributeTagProcessor
[THYMELEAF]             * [* {th:formenctype,data-th-formenctype}] [1000]: org.thymeleaf.standard.processor.StandardRemovableAttributeTagProcessor
[THYMELEAF]             * [* {th:sizes,data-th-sizes}] [1000]: org.thymeleaf.standard.processor.StandardRemovableAttributeTagProcessor
[THYMELEAF]             * [* {th:frameborder,data-th-frameborder}] [1000]: org.thymeleaf.standard.processor.StandardRemovableAttributeTagProcessor
[THYMELEAF]             * [* {th:radiogroup,data-th-radiogroup}] [1000]: org.thymeleaf.standard.processor.StandardRemovableAttributeTagProcessor
[THYMELEAF]             * [* {th:cite,data-th-cite}] [1000]: org.thymeleaf.standard.processor.StandardRemovableAttributeTagProcessor
[THYMELEAF]             * [* {th:step,data-th-step}] [1000]: org.thymeleaf.standard.processor.StandardRemovableAttributeTagProcessor
[THYMELEAF]             * [* {th:classid,data-th-classid}] [1000]: org.thymeleaf.standard.processor.StandardRemovableAttributeTagProcessor
[THYMELEAF]             * [* {th:codebase,data-th-codebase}] [1000]: org.thymeleaf.standard.processor.StandardRemovableAttributeTagProcessor
[THYMELEAF]             * [* {th:placeholder,data-th-placeholder}] [1000]: org.thymeleaf.standard.processor.StandardRemovableAttributeTagProcessor
[THYMELEAF]             * [* {th:class,data-th-class}] [1000]: org.thymeleaf.standard.processor.StandardRemovableAttributeTagProcessor
[THYMELEAF]             * [* {th:label,data-th-label}] [1000]: org.thymeleaf.standard.processor.StandardRemovableAttributeTagProcessor
[THYMELEAF]             * [* {th:usemap,data-th-usemap}] [1000]: org.thymeleaf.standard.processor.StandardRemovableAttributeTagProcessor
[THYMELEAF]             * [* {th:content,data-th-content}] [1000]: org.thymeleaf.standard.processor.StandardRemovableAttributeTagProcessor
[THYMELEAF]             * [* {th:cellspacing,data-th-cellspacing}] [1000]: org.thymeleaf.standard.processor.StandardRemovableAttributeTagProcessor
[THYMELEAF]             * [* {th:audio,data-th-audio}] [1000]: org.thymeleaf.standard.processor.StandardRemovableAttributeTagProcessor
[THYMELEAF]             * [* {th:rows,data-th-rows}] [1000]: org.thymeleaf.standard.processor.StandardRemovableAttributeTagProcessor
[THYMELEAF]             * [* {th:accept,data-th-accept}] [1000]: org.thymeleaf.standard.processor.StandardRemovableAttributeTagProcessor
[THYMELEAF]             * [* {th:wrap,data-th-wrap}] [1000]: org.thymeleaf.standard.processor.StandardRemovableAttributeTagProcessor
[THYMELEAF]             * [* {th:charset,data-th-charset}] [1000]: org.thymeleaf.standard.processor.StandardRemovableAttributeTagProcessor
[THYMELEAF]             * [* {th:sandbox,data-th-sandbox}] [1000]: org.thymeleaf.standard.processor.StandardRemovableAttributeTagProcessor
[THYMELEAF]             * [* {th:title,data-th-title}] [1000]: org.thymeleaf.standard.processor.StandardRemovableAttributeTagProcessor
[THYMELEAF]             * [* {th:marginwidth,data-th-marginwidth}] [1000]: org.thymeleaf.standard.processor.StandardRemovableAttributeTagProcessor
[THYMELEAF]             * [* {th:icon,data-th-icon}] [1000]: org.thymeleaf.standard.processor.StandardRemovableAttributeTagProcessor
[THYMELEAF]             * [* {th:height,data-th-height}] [1000]: org.thymeleaf.standard.processor.StandardRemovableAttributeTagProcessor
[THYMELEAF]             * [* {th:rev,data-th-rev}] [1000]: org.thymeleaf.standard.processor.StandardRemovableAttributeTagProcessor
[THYMELEAF]             * [* {th:standby,data-th-standby}] [1000]: org.thymeleaf.standard.processor.StandardRemovableAttributeTagProcessor
[THYMELEAF]             * [* {th:archive,data-th-archive}] [1000]: org.thymeleaf.standard.processor.StandardRemovableAttributeTagProcessor
[THYMELEAF]             * [* {th:hreflang,data-th-hreflang}] [1000]: org.thymeleaf.standard.processor.StandardRemovableAttributeTagProcessor
[THYMELEAF]             * [* {th:id,data-th-id}] [1000]: org.thymeleaf.standard.processor.StandardRemovableAttributeTagProcessor
[THYMELEAF]             * [* {th:accesskey,data-th-accesskey}] [1000]: org.thymeleaf.standard.processor.StandardRemovableAttributeTagProcessor
[THYMELEAF]             * [* {th:contenteditable,data-th-contenteditable}] [1000]: org.thymeleaf.standard.processor.StandardRemovableAttributeTagProcessor
[THYMELEAF]             * [* {th:size,data-th-size}] [1000]: org.thymeleaf.standard.processor.StandardRemovableAttributeTagProcessor
[THYMELEAF]             * [* {th:scrolling,data-th-scrolling}] [1000]: org.thymeleaf.standard.processor.StandardRemovableAttributeTagProcessor
[THYMELEAF]             * [* {th:maxlength,data-th-maxlength}] [1000]: org.thymeleaf.standard.processor.StandardRemovableAttributeTagProcessor
[THYMELEAF]             * [* {th:preload,data-th-preload}] [1000]: org.thymeleaf.standard.processor.StandardRemovableAttributeTagProcessor
[THYMELEAF]             * [* {th:border,data-th-border}] [1000]: org.thymeleaf.standard.processor.StandardRemovableAttributeTagProcessor
[THYMELEAF]             * [* {th:rules,data-th-rules}] [1000]: org.thymeleaf.standard.processor.StandardRemovableAttributeTagProcessor
[THYMELEAF]             * [* {th:rel,data-th-rel}] [1000]: org.thymeleaf.standard.processor.StandardRemovableAttributeTagProcessor
[THYMELEAF]             * [* {th:hspace,data-th-hspace}] [1000]: org.thymeleaf.standard.processor.StandardRemovableAttributeTagProcessor
[THYMELEAF]             * [* {th:enctype,data-th-enctype}] [1000]: org.thymeleaf.standard.processor.StandardRemovableAttributeTagProcessor
[THYMELEAF]             * [* {th:alt,data-th-alt}] [1000]: org.thymeleaf.standard.processor.StandardRemovableAttributeTagProcessor
[THYMELEAF]             * [* {th:dropzone,data-th-dropzone}] [1000]: org.thymeleaf.standard.processor.StandardRemovableAttributeTagProcessor
[THYMELEAF]             * [* {th:formaction,data-th-formaction}] [1000]: org.thymeleaf.standard.processor.StandardRemovableAttributeTagProcessor
[THYMELEAF]             * [* {th:poster,data-th-poster}] [1000]: org.thymeleaf.standard.processor.StandardRemovableAttributeTagProcessor
[THYMELEAF]             * [* {th:formmethod,data-th-formmethod}] [1000]: org.thymeleaf.standard.processor.StandardRemovableAttributeTagProcessor
[THYMELEAF]             * [* {th:low,data-th-low}] [1000]: org.thymeleaf.standard.processor.StandardRemovableAttributeTagProcessor
[THYMELEAF]             * [* {th:width,data-th-width}] [1000]: org.thymeleaf.standard.processor.StandardRemovableAttributeTagProcessor
[THYMELEAF]             * [* {th:optimum,data-th-optimum}] [1000]: org.thymeleaf.standard.processor.StandardRemovableAttributeTagProcessor
[THYMELEAF]             * [* {th:lang,data-th-lang}] [1000]: org.thymeleaf.standard.processor.StandardRemovableAttributeTagProcessor
[THYMELEAF]             * [* {th:abbr,data-th-abbr}] [1000]: org.thymeleaf.standard.processor.StandardRemovableAttributeTagProcessor
[THYMELEAF]             * [* {th:target,data-th-target}] [1000]: org.thymeleaf.standard.processor.StandardRemovableAttributeTagProcessor
[THYMELEAF]             * [* {th:keytype,data-th-keytype}] [1000]: org.thymeleaf.standard.processor.StandardRemovableAttributeTagProcessor
[THYMELEAF]             * [* {th:list,data-th-list}] [1000]: org.thymeleaf.standard.processor.StandardRemovableAttributeTagProcessor
[THYMELEAF]             * [* {th:manifest,data-th-manifest}] [1000]: org.thymeleaf.standard.processor.StandardRemovableAttributeTagProcessor
[THYMELEAF]             * [* {th:align,data-th-align}] [1000]: org.thymeleaf.standard.processor.StandardRemovableAttributeTagProcessor
[THYMELEAF]             * [* {th:marginheight,data-th-marginheight}] [1000]: org.thymeleaf.standard.processor.StandardRemovableAttributeTagProcessor
[THYMELEAF]             * [* {th:compact,data-th-compact}] [1000]: org.thymeleaf.standard.processor.StandardRemovableAttributeTagProcessor
[THYMELEAF]             * [* {th:pattern,data-th-pattern}] [1000]: org.thymeleaf.standard.processor.StandardRemovableAttributeTagProcessor
[THYMELEAF]             * [* {th:scope,data-th-scope}] [1000]: org.thymeleaf.standard.processor.StandardRemovableAttributeTagProcessor
[THYMELEAF]             * [* {th:scheme,data-th-scheme}] [1000]: org.thymeleaf.standard.processor.StandardRemovableAttributeTagProcessor
[THYMELEAF]             * [* {th:background,data-th-background}] [1000]: org.thymeleaf.standard.processor.StandardRemovableAttributeTagProcessor
[THYMELEAF]             * [* {th:form,data-th-form}] [1000]: org.thymeleaf.standard.processor.StandardRemovableAttributeTagProcessor
[THYMELEAF]             * [* {th:contextmenu,data-th-contextmenu}] [1000]: org.thymeleaf.standard.processor.StandardRemovableAttributeTagProcessor
[THYMELEAF]             * [* {th:style,data-th-style}] [1000]: org.thymeleaf.standard.processor.StandardRemovableAttributeTagProcessor
[THYMELEAF]             * [* {th:src,data-th-src}] [1000]: org.thymeleaf.standard.processor.StandardSrcTagProcessor
[THYMELEAF]             * [* {th:value,data-th-value}] [1000]: org.thymeleaf.standard.processor.StandardValueTagProcessor
[THYMELEAF]             * [* {th:xmlbase,data-th-xmlbase}] [1000]: org.thymeleaf.standard.processor.StandardXmlBaseTagProcessor
[THYMELEAF]             * [* {th:xmllang,data-th-xmllang}] [1000]: org.thymeleaf.standard.processor.StandardXmlLangTagProcessor
[THYMELEAF]             * [* {xmlns:th}] [1000]: org.thymeleaf.standard.processor.StandardXmlNsTagProcessor
[THYMELEAF]             * [* {th:xmlspace,data-th-xmlspace}] [1000]: org.thymeleaf.standard.processor.StandardXmlSpaceTagProcessor
[THYMELEAF]             * [* {th:classappend,data-th-classappend}] [1100]: org.thymeleaf.standard.processor.StandardClassappendTagProcessor
[THYMELEAF]             * [* {th:styleappend,data-th-styleappend}] [1100]: org.thymeleaf.standard.processor.StandardStyleappendTagProcessor
[THYMELEAF]             * [* {th:text,data-th-text}] [1300]: org.thymeleaf.standard.processor.StandardTextTagProcessor
[THYMELEAF]             * [* {th:utext,data-th-utext}] [1400]: org.thymeleaf.standard.processor.StandardUtextTagProcessor
[THYMELEAF]             * [* {th:fragment,data-th-fragment}] [1500]: org.thymeleaf.standard.processor.StandardFragmentTagProcessor
[THYMELEAF]             * [* {th:assert,data-th-assert}] [1550]: org.thymeleaf.standard.processor.StandardAssertTagProcessor
[THYMELEAF]             * [* {th:remove,data-th-remove}] [1600]: org.thymeleaf.standard.processor.StandardRemoveTagProcessor
[THYMELEAF]             * [* {th:ref,data-th-ref}] [10000]: org.thymeleaf.standard.processor.StandardRefAttributeTagProcessor
[THYMELEAF]             * [{th:block,th-block} *] [100000]: org.thymeleaf.standard.processor.StandardBlockTagProcessor
[THYMELEAF]             * [* th:*] [2147483647]: org.thymeleaf.standard.processor.StandardDefaultAttributesTagProcessor
[THYMELEAF]         * Text Processors by [precedence]:
[THYMELEAF]             * [1000]: org.thymeleaf.standard.processor.StandardInliningTextProcessor
[THYMELEAF]         * DOCTYPE Processors by [precedence]:
[THYMELEAF]             * [1000]: org.thymeleaf.standard.processor.StandardTranslationDocTypeProcessor
[THYMELEAF]         * CDATA Section Processors by [precedence]:
[THYMELEAF]             * [1000]: org.thymeleaf.standard.processor.StandardInliningCDATASectionProcessor
[THYMELEAF]         * Comment Processors by [precedence]:
[THYMELEAF]             * [1000]: org.thymeleaf.standard.processor.StandardInliningCommentProcessor
[THYMELEAF]             * [1100]: org.thymeleaf.standard.processor.StandardConditionalCommentProcessor
[THYMELEAF]     * Processors for Template Mode: XML
[THYMELEAF]         * Element Tag Processors by [matching element and attribute name] [precedence]:
[THYMELEAF]             * [* {th:include}] [100]: org.thymeleaf.standard.processor.StandardIncludeTagProcessor
[THYMELEAF]             * [* {th:insert}] [100]: org.thymeleaf.standard.processor.StandardInsertTagProcessor
[THYMELEAF]             * [* {th:replace}] [100]: org.thymeleaf.standard.processor.StandardReplaceTagProcessor
[THYMELEAF]             * [* {th:each}] [200]: com.intuit.karate.template.KarateEachTagProcessor
[THYMELEAF]             * [* {th:switch}] [250]: org.thymeleaf.standard.processor.StandardSwitchTagProcessor
[THYMELEAF]             * [* {th:case}] [275]: org.thymeleaf.standard.processor.StandardCaseTagProcessor
[THYMELEAF]             * [* {th:if}] [300]: org.thymeleaf.standard.processor.StandardIfTagProcessor
[THYMELEAF]             * [* {th:unless}] [400]: org.thymeleaf.standard.processor.StandardUnlessTagProcessor
[THYMELEAF]             * [* {th:object}] [500]: org.thymeleaf.standard.processor.StandardObjectTagProcessor
[THYMELEAF]             * [* {th:with}] [600]: com.intuit.karate.template.KarateWithTagProcessor
[THYMELEAF]             * [* {th:attr}] [700]: com.intuit.karate.template.KarateAttributeTagProcessor.KarateAttrTagProcessor
[THYMELEAF]             * [* {th:attrappend}] [900]: com.intuit.karate.template.KarateAttributeTagProcessor.KarateAttrappendTagProcessor
[THYMELEAF]             * [* {th:attrprepend}] [900]: com.intuit.karate.template.KarateAttributeTagProcessor.KarateAttrprependTagProcessor
[THYMELEAF]             * [* {th:inline}] [1000]: org.thymeleaf.standard.processor.StandardInlineXMLTagProcessor
[THYMELEAF]             * [* {xmlns:th}] [1000]: org.thymeleaf.standard.processor.StandardXmlNsTagProcessor
[THYMELEAF]             * [* {th:text}] [1300]: org.thymeleaf.standard.processor.StandardTextTagProcessor
[THYMELEAF]             * [* {th:utext}] [1400]: org.thymeleaf.standard.processor.StandardUtextTagProcessor
[THYMELEAF]             * [* {th:fragment}] [1500]: org.thymeleaf.standard.processor.StandardFragmentTagProcessor
[THYMELEAF]             * [* {th:assert}] [1550]: org.thymeleaf.standard.processor.StandardAssertTagProcessor
[THYMELEAF]             * [* {th:remove}] [1600]: org.thymeleaf.standard.processor.StandardRemoveTagProcessor
[THYMELEAF]             * [* {th:ref}] [10000]: org.thymeleaf.standard.processor.StandardRefAttributeTagProcessor
[THYMELEAF]             * [{th:block} *] [100000]: org.thymeleaf.standard.processor.StandardBlockTagProcessor
[THYMELEAF]             * [* th:*] [2147483647]: org.thymeleaf.standard.processor.StandardDefaultAttributesTagProcessor
[THYMELEAF]         * Text Processors by [precedence]:
[THYMELEAF]             * [1000]: org.thymeleaf.standard.processor.StandardInliningTextProcessor
[THYMELEAF]         * CDATA Section Processors by [precedence]:
[THYMELEAF]             * [1000]: org.thymeleaf.standard.processor.StandardInliningCDATASectionProcessor
[THYMELEAF]         * Comment Processors by [precedence]:
[THYMELEAF]             * [1000]: org.thymeleaf.standard.processor.StandardInliningCommentProcessor
[THYMELEAF]     * Processors for Template Mode: TEXT
[THYMELEAF]         * Element Tag Processors by [matching element and attribute name] [precedence]:
[THYMELEAF]             * [* {th:insert}] [100]: org.thymeleaf.standard.processor.StandardInsertTagProcessor
[THYMELEAF]             * [* {th:replace}] [100]: org.thymeleaf.standard.processor.StandardReplaceTagProcessor
[THYMELEAF]             * [* {th:each}] [200]: com.intuit.karate.template.KarateEachTagProcessor
[THYMELEAF]             * [* {th:switch}] [250]: org.thymeleaf.standard.processor.StandardSwitchTagProcessor
[THYMELEAF]             * [* {th:case}] [275]: org.thymeleaf.standard.processor.StandardCaseTagProcessor
[THYMELEAF]             * [* {th:if}] [300]: org.thymeleaf.standard.processor.StandardIfTagProcessor
[THYMELEAF]             * [* {th:unless}] [400]: org.thymeleaf.standard.processor.StandardUnlessTagProcessor
[THYMELEAF]             * [* {th:object}] [500]: org.thymeleaf.standard.processor.StandardObjectTagProcessor
[THYMELEAF]             * [* {th:with}] [600]: com.intuit.karate.template.KarateWithTagProcessor
[THYMELEAF]             * [* {th:inline}] [1000]: org.thymeleaf.standard.processor.StandardInlineTextualTagProcessor
[THYMELEAF]             * [* {th:text}] [1300]: org.thymeleaf.standard.processor.StandardTextTagProcessor
[THYMELEAF]             * [* {th:utext}] [1400]: org.thymeleaf.standard.processor.StandardUtextTagProcessor
[THYMELEAF]             * [* {th:assert}] [1550]: org.thymeleaf.standard.processor.StandardAssertTagProcessor
[THYMELEAF]             * [* {th:remove}] [1600]: org.thymeleaf.standard.processor.StandardRemoveTagProcessor
[THYMELEAF]             * [* 100000] [org.thymeleaf.standard.processor.StandardBlockTagProcessor]: {}
[THYMELEAF]             * [{th:block} *] [100000]: org.thymeleaf.standard.processor.StandardBlockTagProcessor
[THYMELEAF]         * Text Processors by [precedence]:
[THYMELEAF]             * [1000]: org.thymeleaf.standard.processor.StandardInliningTextProcessor
[THYMELEAF]     * Processors for Template Mode: JAVASCRIPT
[THYMELEAF]         * Element Tag Processors by [matching element and attribute name] [precedence]:
[THYMELEAF]             * [* {th:insert}] [100]: org.thymeleaf.standard.processor.StandardInsertTagProcessor
[THYMELEAF]             * [* {th:replace}] [100]: org.thymeleaf.standard.processor.StandardReplaceTagProcessor
[THYMELEAF]             * [* {th:each}] [200]: com.intuit.karate.template.KarateEachTagProcessor
[THYMELEAF]             * [* {th:switch}] [250]: org.thymeleaf.standard.processor.StandardSwitchTagProcessor
[THYMELEAF]             * [* {th:case}] [275]: org.thymeleaf.standard.processor.StandardCaseTagProcessor
[THYMELEAF]             * [* {th:if}] [300]: org.thymeleaf.standard.processor.StandardIfTagProcessor
[THYMELEAF]             * [* {th:unless}] [400]: org.thymeleaf.standard.processor.StandardUnlessTagProcessor
[THYMELEAF]             * [* {th:object}] [500]: org.thymeleaf.standard.processor.StandardObjectTagProcessor
[THYMELEAF]             * [* {th:with}] [600]: com.intuit.karate.template.KarateWithTagProcessor
[THYMELEAF]             * [* {th:inline}] [1000]: org.thymeleaf.standard.processor.StandardInlineTextualTagProcessor
[THYMELEAF]             * [* {th:text}] [1300]: org.thymeleaf.standard.processor.StandardTextTagProcessor
[THYMELEAF]             * [* {th:utext}] [1400]: org.thymeleaf.standard.processor.StandardUtextTagProcessor
[THYMELEAF]             * [* {th:assert}] [1550]: org.thymeleaf.standard.processor.StandardAssertTagProcessor
[THYMELEAF]             * [* {th:remove}] [1600]: org.thymeleaf.standard.processor.StandardRemoveTagProcessor
[THYMELEAF]             * [* 100000] [org.thymeleaf.standard.processor.StandardBlockTagProcessor]: {}
[THYMELEAF]             * [{th:block} *] [100000]: org.thymeleaf.standard.processor.StandardBlockTagProcessor
[THYMELEAF]         * Text Processors by [precedence]:
[THYMELEAF]             * [1000]: org.thymeleaf.standard.processor.StandardInliningTextProcessor
[THYMELEAF]     * Processors for Template Mode: CSS
[THYMELEAF]         * Element Tag Processors by [matching element and attribute name] [precedence]:
[THYMELEAF]             * [* {th:insert}] [100]: org.thymeleaf.standard.processor.StandardInsertTagProcessor
[THYMELEAF]             * [* {th:replace}] [100]: org.thymeleaf.standard.processor.StandardReplaceTagProcessor
[THYMELEAF]             * [* {th:each}] [200]: com.intuit.karate.template.KarateEachTagProcessor
[THYMELEAF]             * [* {th:switch}] [250]: org.thymeleaf.standard.processor.StandardSwitchTagProcessor
[THYMELEAF]             * [* {th:case}] [275]: org.thymeleaf.standard.processor.StandardCaseTagProcessor
[THYMELEAF]             * [* {th:if}] [300]: org.thymeleaf.standard.processor.StandardIfTagProcessor
[THYMELEAF]             * [* {th:unless}] [400]: org.thymeleaf.standard.processor.StandardUnlessTagProcessor
[THYMELEAF]             * [* {th:object}] [500]: org.thymeleaf.standard.processor.StandardObjectTagProcessor
[THYMELEAF]             * [* {th:with}] [600]: com.intuit.karate.template.KarateWithTagProcessor
[THYMELEAF]             * [* {th:inline}] [1000]: org.thymeleaf.standard.processor.StandardInlineTextualTagProcessor
[THYMELEAF]             * [* {th:text}] [1300]: org.thymeleaf.standard.processor.StandardTextTagProcessor
[THYMELEAF]             * [* {th:utext}] [1400]: org.thymeleaf.standard.processor.StandardUtextTagProcessor
[THYMELEAF]             * [* {th:assert}] [1550]: org.thymeleaf.standard.processor.StandardAssertTagProcessor
[THYMELEAF]             * [* {th:remove}] [1600]: org.thymeleaf.standard.processor.StandardRemoveTagProcessor
[THYMELEAF]             * [{th:block} *] [100000]: org.thymeleaf.standard.processor.StandardBlockTagProcessor
[THYMELEAF]             * [* 100000] [org.thymeleaf.standard.processor.StandardBlockTagProcessor]: {}
[THYMELEAF]         * Text Processors by [precedence]:
[THYMELEAF]             * [1000]: org.thymeleaf.standard.processor.StandardInliningTextProcessor
[THYMELEAF]     * Expression Objects:
[THYMELEAF]         * #ctx
[THYMELEAF]         * #root
[THYMELEAF]         * #vars
[THYMELEAF]         * #object
[THYMELEAF]         * #locale
[THYMELEAF]         * #conversions
[THYMELEAF]         * #uris
[THYMELEAF]         * #temporals
[THYMELEAF]         * #calendars
[THYMELEAF]         * #dates
[THYMELEAF]         * #bools
[THYMELEAF]         * #numbers
[THYMELEAF]         * #objects
[THYMELEAF]         * #strings
[THYMELEAF]         * #arrays
[THYMELEAF]         * #lists
[THYMELEAF]         * #sets
[THYMELEAF]         * #maps
[THYMELEAF]         * #aggregates
[THYMELEAF]         * #messages
[THYMELEAF]         * #ids
[THYMELEAF]         * #execInfo
[THYMELEAF]         * #request
[THYMELEAF]         * #response
[THYMELEAF]         * #session
[THYMELEAF]         * #servletContext
[THYMELEAF]     * Execution Attributes:
[THYMELEAF]         * "StandardExpressionParser": com.intuit.karate.template.KarateStandardDialect@3c826498
[THYMELEAF]         * "StandardJavaScriptSerializer": org.thymeleaf.standard.serializer.StandardJavaScriptSerializer@437c1a87
[THYMELEAF]         * "StandardCSSSerializer": org.thymeleaf.standard.serializer.StandardCSSSerializer@5b55c3d6
[THYMELEAF]         * "StandardVariableExpressionEvaluator": com.intuit.karate.template.KarateStandardDialect@3c826498
[THYMELEAF]         * "StandardConversionService": org.thymeleaf.standard.expression.StandardConversionService@6c8e5ac4
[THYMELEAF] * Dialect [2 of 2]: karate (com.intuit.karate.template.KarateScriptDialect)
[THYMELEAF]     * Prefix: "ka"
[THYMELEAF]     * Processors for Template Mode: HTML
[THYMELEAF]         * Element Tag Processors by [matching element and attribute name] [precedence]:
[THYMELEAF]             * [* {src}] [1000]: com.intuit.karate.template.KaScriptAttrProcessor
[THYMELEAF]         * Element Model Processors by [matching element and attribute name] [precedence]:
[THYMELEAF]             * [{script} {ka:scope,data-ka-scope}] [1000]: com.intuit.karate.template.KaScriptElemProcessor
[THYMELEAF]             * [* {ka:set,data-ka-set}] [1000]: com.intuit.karate.template.KaSetElemProcessor
[THYMELEAF] TEMPLATE ENGINE CONFIGURED OK
23:54:07.581 [main] DEBUG org.thymeleaf.TemplateEngine -- [THYMELEAF] TEMPLATE ENGINE INITIALIZED
23:54:07.620 [main] DEBUG org.thymeleaf.TemplateEngine -- [THYMELEAF] INITIALIZING TEMPLATE ENGINE
23:54:07.639 [main] DEBUG org.thymeleaf.TemplateEngine.CONFIG -- Initializing Thymeleaf Template engine configuration...
[THYMELEAF] TEMPLATE ENGINE CONFIGURATION:
[THYMELEAF] * Thymeleaf version: 3.1.2.RELEASE (built 2023-07-30T19:25:50+0000)
[THYMELEAF] * Cache Manager implementation: org.thymeleaf.cache.StandardCacheManager
[THYMELEAF] * Template resolvers:
[THYMELEAF]     * [1] com.intuit.karate.template.ResourceHtmlTemplateResolver
[THYMELEAF] * Message resolvers:
[THYMELEAF]     * org.thymeleaf.messageresolver.StandardMessageResolver
[THYMELEAF] * Link builders:
[THYMELEAF]     * org.thymeleaf.linkbuilder.StandardLinkBuilder
[THYMELEAF] * Dialect [1 of 2]: Standard (com.intuit.karate.template.KarateStandardDialect)
[THYMELEAF]     * Prefix: "th"
[THYMELEAF]     * Processors for Template Mode: HTML
[THYMELEAF]         * Element Tag Processors by [matching element and attribute name] [precedence]:
[THYMELEAF]             * [* {th:include,data-th-include}] [100]: org.thymeleaf.standard.processor.StandardIncludeTagProcessor
[THYMELEAF]             * [* {th:insert,data-th-insert}] [100]: org.thymeleaf.standard.processor.StandardInsertTagProcessor
[THYMELEAF]             * [* {th:replace,data-th-replace}] [100]: org.thymeleaf.standard.processor.StandardReplaceTagProcessor
[THYMELEAF]             * [* {th:each,data-th-each}] [200]: com.intuit.karate.template.KarateEachTagProcessor
[THYMELEAF]             * [* {th:switch,data-th-switch}] [250]: org.thymeleaf.standard.processor.StandardSwitchTagProcessor
[THYMELEAF]             * [* {th:case,data-th-case}] [275]: org.thymeleaf.standard.processor.StandardCaseTagProcessor
[THYMELEAF]             * [* {th:if,data-th-if}] [300]: org.thymeleaf.standard.processor.StandardIfTagProcessor
[THYMELEAF]             * [* {th:unless,data-th-unless}] [400]: org.thymeleaf.standard.processor.StandardUnlessTagProcessor
[THYMELEAF]             * [* {th:object,data-th-object}] [500]: org.thymeleaf.standard.processor.StandardObjectTagProcessor
[THYMELEAF]             * [* {th:with,data-th-with}] [600]: com.intuit.karate.template.KarateWithTagProcessor
[THYMELEAF]             * [* {th:attr,data-th-attr}] [700]: com.intuit.karate.template.KarateAttributeTagProcessor.KarateAttrTagProcessor
[THYMELEAF]             * [* {th:attrappend,data-th-attrappend}] [900]: com.intuit.karate.template.KarateAttributeTagProcessor.KarateAttrappendTagProcessor
[THYMELEAF]             * [* {th:attrprepend,data-th-attrprepend}] [900]: com.intuit.karate.template.KarateAttributeTagProcessor.KarateAttrprependTagProcessor
[THYMELEAF]             * [* {th:alt-title,data-th-alt-title}] [990]: org.thymeleaf.standard.processor.StandardAltTitleTagProcessor
[THYMELEAF]             * [* {th:lang-xmllang,data-th-lang-xmllang}] [990]: org.thymeleaf.standard.processor.StandardLangXmlLangTagProcessor
[THYMELEAF]             * [* {th:action,data-th-action}] [1000]: org.thymeleaf.standard.processor.StandardActionTagProcessor
[THYMELEAF]             * [* {th:readonly,data-th-readonly}] [1000]: org.thymeleaf.standard.processor.StandardConditionalFixedValueTagProcessor
[THYMELEAF]             * [* {th:loop,data-th-loop}] [1000]: org.thymeleaf.standard.processor.StandardConditionalFixedValueTagProcessor
[THYMELEAF]             * [* {th:ismap,data-th-ismap}] [1000]: org.thymeleaf.standard.processor.StandardConditionalFixedValueTagProcessor
[THYMELEAF]             * [* {th:defer,data-th-defer}] [1000]: org.thymeleaf.standard.processor.StandardConditionalFixedValueTagProcessor
[THYMELEAF]             * [* {th:formnovalidate,data-th-formnovalidate}] [1000]: org.thymeleaf.standard.processor.StandardConditionalFixedValueTagProcessor
[THYMELEAF]             * [* {th:autoplay,data-th-autoplay}] [1000]: org.thymeleaf.standard.processor.StandardConditionalFixedValueTagProcessor
[THYMELEAF]             * [* {th:multiple,data-th-multiple}] [1000]: org.thymeleaf.standard.processor.StandardConditionalFixedValueTagProcessor
[THYMELEAF]             * [* {th:nowrap,data-th-nowrap}] [1000]: org.thymeleaf.standard.processor.StandardConditionalFixedValueTagProcessor
[THYMELEAF]             * [* {th:hidden,data-th-hidden}] [1000]: org.thymeleaf.standard.processor.StandardConditionalFixedValueTagProcessor
[THYMELEAF]             * [* {th:controls,data-th-controls}] [1000]: org.thymeleaf.standard.processor.StandardConditionalFixedValueTagProcessor
[THYMELEAF]             * [* {th:seamless,data-th-seamless}] [1000]: org.thymeleaf.standard.processor.StandardConditionalFixedValueTagProcessor
[THYMELEAF]             * [* {th:novalidate,data-th-novalidate}] [1000]: org.thymeleaf.standard.processor.StandardConditionalFixedValueTagProcessor
[THYMELEAF]             * [* {th:required,data-th-required}] [1000]: org.thymeleaf.standard.processor.StandardConditionalFixedValueTagProcessor
[THYMELEAF]             * [* {th:open,data-th-open}] [1000]: org.thymeleaf.standard.processor.StandardConditionalFixedValueTagProcessor
[THYMELEAF]             * [* {th:autofocus,data-th-autofocus}] [1000]: org.thymeleaf.standard.processor.StandardConditionalFixedValueTagProcessor
[THYMELEAF]             * [* {th:checked,data-th-checked}] [1000]: org.thymeleaf.standard.processor.StandardConditionalFixedValueTagProcessor
[THYMELEAF]             * [* {th:reversed,data-th-reversed}] [1000]: org.thymeleaf.standard.processor.StandardConditionalFixedValueTagProcessor
[THYMELEAF]             * [* {th:disabled,data-th-disabled}] [1000]: org.thymeleaf.standard.processor.StandardConditionalFixedValueTagProcessor
[THYMELEAF]             * [* {th:default,data-th-default}] [1000]: org.thymeleaf.standard.processor.StandardConditionalFixedValueTagProcessor
[THYMELEAF]             * [* {th:async,data-th-async}] [1000]: org.thymeleaf.standard.processor.StandardConditionalFixedValueTagProcessor
[THYMELEAF]             * [* {th:scoped,data-th-scoped}] [1000]: org.thymeleaf.standard.processor.StandardConditionalFixedValueTagProcessor
[THYMELEAF]             * [* {th:declare,data-th-declare}] [1000]: org.thymeleaf.standard.processor.StandardConditionalFixedValueTagProcessor
[THYMELEAF]             * [* {th:pubdate,data-th-pubdate}] [1000]: org.thymeleaf.standard.processor.StandardConditionalFixedValueTagProcessor
[THYMELEAF]             * [* {th:selected,data-th-selected}] [1000]: org.thymeleaf.standard.processor.StandardConditionalFixedValueTagProcessor
[THYMELEAF]             * [* {th:onended,data-th-onended}] [1000]: org.thymeleaf.standard.processor.StandardDOMEventAttributeTagProcessor
[THYMELEAF]             * [* {th:ondrag,data-th-ondrag}] [1000]: org.thymeleaf.standard.processor.StandardDOMEventAttributeTagProcessor
[THYMELEAF]             * [* {th:onunload,data-th-onunload}] [1000]: org.thymeleaf.standard.processor.StandardDOMEventAttributeTagProcessor
[THYMELEAF]             * [* {th:ontimeupdate,data-th-ontimeupdate}] [1000]: org.thymeleaf.standard.processor.StandardDOMEventAttributeTagProcessor
[THYMELEAF]             * [* {th:onratechange,data-th-onratechange}] [1000]: org.thymeleaf.standard.processor.StandardDOMEventAttributeTagProcessor
[THYMELEAF]             * [* {th:onmouseup,data-th-onmouseup}] [1000]: org.thymeleaf.standard.processor.StandardDOMEventAttributeTagProcessor
[THYMELEAF]             * [* {th:onerror,data-th-onerror}] [1000]: org.thymeleaf.standard.processor.StandardDOMEventAttributeTagProcessor
[THYMELEAF]             * [* {th:onbeforeprint,data-th-onbeforeprint}] [1000]: org.thymeleaf.standard.processor.StandardDOMEventAttributeTagProcessor
[THYMELEAF]             * [* {th:onforminput,data-th-onforminput}] [1000]: org.thymeleaf.standard.processor.StandardDOMEventAttributeTagProcessor
[THYMELEAF]             * [* {th:onseeking,data-th-onseeking}] [1000]: org.thymeleaf.standard.processor.StandardDOMEventAttributeTagProcessor
[THYMELEAF]             * [* {th:oninvalid,data-th-oninvalid}] [1000]: org.thymeleaf.standard.processor.StandardDOMEventAttributeTagProcessor
[THYMELEAF]             * [* {th:onsuspend,data-th-onsuspend}] [1000]: org.thymeleaf.standard.processor.StandardDOMEventAttributeTagProcessor
[THYMELEAF]             * [* {th:oncontextmenu,data-th-oncontextmenu}] [1000]: org.thymeleaf.standard.processor.StandardDOMEventAttributeTagProcessor
[THYMELEAF]             * [* {th:ondblclick,data-th-ondblclick}] [1000]: org.thymeleaf.standard.processor.StandardDOMEventAttributeTagProcessor
[THYMELEAF]             * [* {th:onload,data-th-onload}] [1000]: org.thymeleaf.standard.processor.StandardDOMEventAttributeTagProcessor
[THYMELEAF]             * [* {th:onafterprint,data-th-onafterprint}] [1000]: org.thymeleaf.standard.processor.StandardDOMEventAttributeTagProcessor
[THYMELEAF]             * [* {th:onselect,data-th-onselect}] [1000]: org.thymeleaf.standard.processor.StandardDOMEventAttributeTagProcessor
[THYMELEAF]             * [* {th:onloadedmetadata,data-th-onloadedmetadata}] [1000]: org.thymeleaf.standard.processor.StandardDOMEventAttributeTagProcessor
[THYMELEAF]             * [* {th:onloadeddata,data-th-onloadeddata}] [1000]: org.thymeleaf.standard.processor.StandardDOMEventAttributeTagProcessor
[THYMELEAF]             * [* {th:onpopstate,data-th-onpopstate}] [1000]: org.thymeleaf.standard.processor.StandardDOMEventAttributeTagProcessor
[THYMELEAF]             * [* {th:onscroll,data-th-onscroll}] [1000]: org.thymeleaf.standard.processor.StandardDOMEventAttributeTagProcessor
[THYMELEAF]             * [* {th:onemptied,data-th-onemptied}] [1000]: org.thymeleaf.standard.processor.StandardDOMEventAttributeTagProcessor
[THYMELEAF]             * [* {th:onstorage,data-th-onstorage}] [1000]: org.thymeleaf.standard.processor.StandardDOMEventAttributeTagProcessor
[THYMELEAF]             * [* {th:onplaying,data-th-onplaying}] [1000]: org.thymeleaf.standard.processor.StandardDOMEventAttributeTagProcessor
[THYMELEAF]             * [* {th:ondragstart,data-th-ondragstart}] [1000]: org.thymeleaf.standard.processor.StandardDOMEventAttributeTagProcessor
[THYMELEAF]             * [* {th:onoffline,data-th-onoffline}] [1000]: org.thymeleaf.standard.processor.StandardDOMEventAttributeTagProcessor
[THYMELEAF]             * [* {th:ononline,data-th-ononline}] [1000]: org.thymeleaf.standard.processor.StandardDOMEventAttributeTagProcessor
[THYMELEAF]             * [* {th:onsubmit,data-th-onsubmit}] [1000]: org.thymeleaf.standard.processor.StandardDOMEventAttributeTagProcessor
[THYMELEAF]             * [* {th:ondragleave,data-th-ondragleave}] [1000]: org.thymeleaf.standard.processor.StandardDOMEventAttributeTagProcessor
[THYMELEAF]             * [* {th:onkeypress,data-th-onkeypress}] [1000]: org.thymeleaf.standard.processor.StandardDOMEventAttributeTagProcessor
[THYMELEAF]             * [* {th:onmouseout,data-th-onmouseout}] [1000]: org.thymeleaf.standard.processor.StandardDOMEventAttributeTagProcessor
[THYMELEAF]             * [* {th:onbeforeunload,data-th-onbeforeunload}] [1000]: org.thymeleaf.standard.processor.StandardDOMEventAttributeTagProcessor
[THYMELEAF]             * [* {th:onchange,data-th-onchange}] [1000]: org.thymeleaf.standard.processor.StandardDOMEventAttributeTagProcessor
[THYMELEAF]             * [* {th:ondrop,data-th-ondrop}] [1000]: org.thymeleaf.standard.processor.StandardDOMEventAttributeTagProcessor
[THYMELEAF]             * [* {th:ondurationchange,data-th-ondurationchange}] [1000]: org.thymeleaf.standard.processor.StandardDOMEventAttributeTagProcessor
[THYMELEAF]             * [* {th:onresize,data-th-onresize}] [1000]: org.thymeleaf.standard.processor.StandardDOMEventAttributeTagProcessor
[THYMELEAF]             * [* {th:ondragenter,data-th-ondragenter}] [1000]: org.thymeleaf.standard.processor.StandardDOMEventAttributeTagProcessor
[THYMELEAF]             * [* {th:onblur,data-th-onblur}] [1000]: org.thymeleaf.standard.processor.StandardDOMEventAttributeTagProcessor
[THYMELEAF]             * [* {th:onclick,data-th-onclick}] [1000]: org.thymeleaf.standard.processor.StandardDOMEventAttributeTagProcessor
[THYMELEAF]             * [* {th:onkeydown,data-th-onkeydown}] [1000]: org.thymeleaf.standard.processor.StandardDOMEventAttributeTagProcessor
[THYMELEAF]             * [* {th:onkeyup,data-th-onkeyup}] [1000]: org.thymeleaf.standard.processor.StandardDOMEventAttributeTagProcessor
[THYMELEAF]             * [* {th:ondragend,data-th-ondragend}] [1000]: org.thymeleaf.standard.processor.StandardDOMEventAttributeTagProcessor
[THYMELEAF]             * [* {th:onplay,data-th-onplay}] [1000]: org.thymeleaf.standard.processor.StandardDOMEventAttributeTagProcessor
[THYMELEAF]             * [* {th:onhashchange,data-th-onhashchange}] [1000]: org.thymeleaf.standard.processor.StandardDOMEventAttributeTagProcessor
[THYMELEAF]             * [* {th:onmessage,data-th-onmessage}] [1000]: org.thymeleaf.standard.processor.StandardDOMEventAttributeTagProcessor
[THYMELEAF]             * [* {th:onmousemove,data-th-onmousemove}] [1000]: org.thymeleaf.standard.processor.StandardDOMEventAttributeTagProcessor
[THYMELEAF]             * [* {th:oninput,data-th-oninput}] [1000]: org.thymeleaf.standard.processor.StandardDOMEventAttributeTagProcessor
[THYMELEAF]             * [* {th:onmousedown,data-th-onmousedown}] [1000]: org.thymeleaf.standard.processor.StandardDOMEventAttributeTagProcessor
[THYMELEAF]             * [* {th:ondragover,data-th-ondragover}] [1000]: org.thymeleaf.standard.processor.StandardDOMEventAttributeTagProcessor
[THYMELEAF]             * [* {th:onloadstart,data-th-onloadstart}] [1000]: org.thymeleaf.standard.processor.StandardDOMEventAttributeTagProcessor
[THYMELEAF]             * [* {th:oncanplaythrough,data-th-oncanplaythrough}] [1000]: org.thymeleaf.standard.processor.StandardDOMEventAttributeTagProcessor
[THYMELEAF]             * [* {th:onundo,data-th-onundo}] [1000]: org.thymeleaf.standard.processor.StandardDOMEventAttributeTagProcessor
[THYMELEAF]             * [* {th:onseeked,data-th-onseeked}] [1000]: org.thymeleaf.standard.processor.StandardDOMEventAttributeTagProcessor
[THYMELEAF]             * [* {th:onshow,data-th-onshow}] [1000]: org.thymeleaf.standard.processor.StandardDOMEventAttributeTagProcessor
[THYMELEAF]             * [* {th:onstalled,data-th-onstalled}] [1000]: org.thymeleaf.standard.processor.StandardDOMEventAttributeTagProcessor
[THYMELEAF]             * [* {th:onvolumechange,data-th-onvolumechange}] [1000]: org.thymeleaf.standard.processor.StandardDOMEventAttributeTagProcessor
[THYMELEAF]             * [* {th:onreset,data-th-onreset}] [1000]: org.thymeleaf.standard.processor.StandardDOMEventAttributeTagProcessor
[THYMELEAF]             * [* {th:onmousewheel,data-th-onmousewheel}] [1000]: org.thymeleaf.standard.processor.StandardDOMEventAttributeTagProcessor
[THYMELEAF]             * [* {th:onprogress,data-th-onprogress}] [1000]: org.thymeleaf.standard.processor.StandardDOMEventAttributeTagProcessor
[THYMELEAF]             * [* {th:oncanplay,data-th-oncanplay}] [1000]: org.thymeleaf.standard.processor.StandardDOMEventAttributeTagProcessor
[THYMELEAF]             * [* {th:onmouseover,data-th-onmouseover}] [1000]: org.thymeleaf.standard.processor.StandardDOMEventAttributeTagProcessor
[THYMELEAF]             * [* {th:onfocus,data-th-onfocus}] [1000]: org.thymeleaf.standard.processor.StandardDOMEventAttributeTagProcessor
[THYMELEAF]             * [* {th:onreadystatechange,data-th-onreadystatechange}] [1000]: org.thymeleaf.standard.processor.StandardDOMEventAttributeTagProcessor
[THYMELEAF]             * [* {th:onpause,data-th-onpause}] [1000]: org.thymeleaf.standard.processor.StandardDOMEventAttributeTagProcessor
[THYMELEAF]             * [* {th:onformchange,data-th-onformchange}] [1000]: org.thymeleaf.standard.processor.StandardDOMEventAttributeTagProcessor
[THYMELEAF]             * [* {th:onwaiting,data-th-onwaiting}] [1000]: org.thymeleaf.standard.processor.StandardDOMEventAttributeTagProcessor
[THYMELEAF]             * [* {th:onredo,data-th-onredo}] [1000]: org.thymeleaf.standard.processor.StandardDOMEventAttributeTagProcessor
[THYMELEAF]             * [* {th:onabort,data-th-onabort}] [1000]: org.thymeleaf.standard.processor.StandardDOMEventAttributeTagProcessor
[THYMELEAF]             * [* {th:href,data-th-href}] [1000]: org.thymeleaf.standard.processor.StandardHrefTagProcessor
[THYMELEAF]             * [* {th:inline,data-th-inline}] [1000]: org.thymeleaf.standard.processor.StandardInlineHTMLTagProcessor
[THYMELEAF]             * [* {th:method,data-th-method}] [1000]: org.thymeleaf.standard.processor.StandardMethodTagProcessor
[THYMELEAF]             * [* {th:name,data-th-name}] [1000]: org.thymeleaf.standard.processor.StandardNonRemovableAttributeTagProcessor
[THYMELEAF]             * [* {th:type,data-th-type}] [1000]: org.thymeleaf.standard.processor.StandardNonRemovableAttributeTagProcessor
[THYMELEAF]             * [* {th:accept-charset,data-th-accept-charset}] [1000]: org.thymeleaf.standard.processor.StandardRemovableAttributeTagProcessor
[THYMELEAF]             * [* {th:dir,data-th-dir}] [1000]: org.thymeleaf.standard.processor.StandardRemovableAttributeTagProcessor
[THYMELEAF]             * [* {th:audio,data-th-audio}] [1000]: org.thymeleaf.standard.processor.StandardRemovableAttributeTagProcessor
[THYMELEAF]             * [* {th:span,data-th-span}] [1000]: org.thymeleaf.standard.processor.StandardRemovableAttributeTagProcessor
[THYMELEAF]             * [* {th:kind,data-th-kind}] [1000]: org.thymeleaf.standard.processor.StandardRemovableAttributeTagProcessor
[THYMELEAF]             * [* {th:alt,data-th-alt}] [1000]: org.thymeleaf.standard.processor.StandardRemovableAttributeTagProcessor
[THYMELEAF]             * [* {th:preload,data-th-preload}] [1000]: org.thymeleaf.standard.processor.StandardRemovableAttributeTagProcessor
[THYMELEAF]             * [* {th:scheme,data-th-scheme}] [1000]: org.thymeleaf.standard.processor.StandardRemovableAttributeTagProcessor
[THYMELEAF]             * [* {th:rowspan,data-th-rowspan}] [1000]: org.thymeleaf.standard.processor.StandardRemovableAttributeTagProcessor
[THYMELEAF]             * [* {th:hspace,data-th-hspace}] [1000]: org.thymeleaf.standard.processor.StandardRemovableAttributeTagProcessor
[THYMELEAF]             * [* {th:content,data-th-content}] [1000]: org.thymeleaf.standard.processor.StandardRemovableAttributeTagProcessor
[THYMELEAF]             * [* {th:formaction,data-th-formaction}] [1000]: org.thymeleaf.standard.processor.StandardRemovableAttributeTagProcessor
[THYMELEAF]             * [* {th:style,data-th-style}] [1000]: org.thymeleaf.standard.processor.StandardRemovableAttributeTagProcessor
[THYMELEAF]             * [* {th:low,data-th-low}] [1000]: org.thymeleaf.standard.processor.StandardRemovableAttributeTagProcessor
[THYMELEAF]             * [* {th:placeholder,data-th-placeholder}] [1000]: org.thymeleaf.standard.processor.StandardRemovableAttributeTagProcessor
[THYMELEAF]             * [* {th:bgcolor,data-th-bgcolor}] [1000]: org.thymeleaf.standard.processor.StandardRemovableAttributeTagProcessor
[THYMELEAF]             * [* {th:frameborder,data-th-frameborder}] [1000]: org.thymeleaf.standard.processor.StandardRemovableAttributeTagProcessor
[THYMELEAF]             * [* {th:formtarget,data-th-formtarget}] [1000]: org.thymeleaf.standard.processor.StandardRemovableAttributeTagProcessor
[THYMELEAF]             * [* {th:width,data-th-width}] [1000]: org.thymeleaf.standard.processor.StandardRemovableAttributeTagProcessor
[THYMELEAF]             * [* {th:enctype,data-th-enctype}] [1000]: org.thymeleaf.standard.processor.StandardRemovableAttributeTagProcessor
[THYMELEAF]             * [* {th:compact,data-th-compact}] [1000]: org.thymeleaf.standard.processor.StandardRemovableAttributeTagProcessor
[THYMELEAF]             * [* {th:standby,data-th-standby}] [1000]: org.thymeleaf.standard.processor.StandardRemovableAttributeTagProcessor
[THYMELEAF]             * [* {th:height,data-th-height}] [1000]: org.thymeleaf.standard.processor.StandardRemovableAttributeTagProcessor
[THYMELEAF]             * [* {th:manifest,data-th-manifest}] [1000]: org.thymeleaf.standard.processor.StandardRemovableAttributeTagProcessor
[THYMELEAF]             * [* {th:formenctype,data-th-formenctype}] [1000]: org.thymeleaf.standard.processor.StandardRemovableAttributeTagProcessor
[THYMELEAF]             * [* {th:optimum,data-th-optimum}] [1000]: org.thymeleaf.standard.processor.StandardRemovableAttributeTagProcessor
[THYMELEAF]             * [* {th:step,data-th-step}] [1000]: org.thymeleaf.standard.processor.StandardRemovableAttributeTagProcessor
[THYMELEAF]             * [* {th:class,data-th-class}] [1000]: org.thymeleaf.standard.processor.StandardRemovableAttributeTagProcessor
[THYMELEAF]             * [* {th:cellspacing,data-th-cellspacing}] [1000]: org.thymeleaf.standard.processor.StandardRemovableAttributeTagProcessor
[THYMELEAF]             * [* {th:border,data-th-border}] [1000]: org.thymeleaf.standard.processor.StandardRemovableAttributeTagProcessor
[THYMELEAF]             * [* {th:archive,data-th-archive}] [1000]: org.thymeleaf.standard.processor.StandardRemovableAttributeTagProcessor
[THYMELEAF]             * [* {th:autocomplete,data-th-autocomplete}] [1000]: org.thymeleaf.standard.processor.StandardRemovableAttributeTagProcessor
[THYMELEAF]             * [* {th:list,data-th-list}] [1000]: org.thymeleaf.standard.processor.StandardRemovableAttributeTagProcessor
[THYMELEAF]             * [* {th:min,data-th-min}] [1000]: org.thymeleaf.standard.processor.StandardRemovableAttributeTagProcessor
[THYMELEAF]             * [* {th:rel,data-th-rel}] [1000]: org.thymeleaf.standard.processor.StandardRemovableAttributeTagProcessor
[THYMELEAF]             * [* {th:align,data-th-align}] [1000]: org.thymeleaf.standard.processor.StandardRemovableAttributeTagProcessor
[THYMELEAF]             * [* {th:draggable,data-th-draggable}] [1000]: org.thymeleaf.standard.processor.StandardRemovableAttributeTagProcessor
[THYMELEAF]             * [* {th:radiogroup,data-th-radiogroup}] [1000]: org.thymeleaf.standard.processor.StandardRemovableAttributeTagProcessor
[THYMELEAF]             * [* {th:marginwidth,data-th-marginwidth}] [1000]: org.thymeleaf.standard.processor.StandardRemovableAttributeTagProcessor
[THYMELEAF]             * [* {th:wrap,data-th-wrap}] [1000]: org.thymeleaf.standard.processor.StandardRemovableAttributeTagProcessor
[THYMELEAF]             * [* {th:contextmenu,data-th-contextmenu}] [1000]: org.thymeleaf.standard.processor.StandardRemovableAttributeTagProcessor
[THYMELEAF]             * [* {th:size,data-th-size}] [1000]: org.thymeleaf.standard.processor.StandardRemovableAttributeTagProcessor
[THYMELEAF]             * [* {th:background,data-th-background}] [1000]: org.thymeleaf.standard.processor.StandardRemovableAttributeTagProcessor
[THYMELEAF]             * [* {th:icon,data-th-icon}] [1000]: org.thymeleaf.standard.processor.StandardRemovableAttributeTagProcessor
[THYMELEAF]             * [* {th:colspan,data-th-colspan}] [1000]: org.thymeleaf.standard.processor.StandardRemovableAttributeTagProcessor
[THYMELEAF]             * [* {th:valuetype,data-th-valuetype}] [1000]: org.thymeleaf.standard.processor.StandardRemovableAttributeTagProcessor
[THYMELEAF]             * [* {th:target,data-th-target}] [1000]: org.thymeleaf.standard.processor.StandardRemovableAttributeTagProcessor
[THYMELEAF]             * [* {th:headers,data-th-headers}] [1000]: org.thymeleaf.standard.processor.StandardRemovableAttributeTagProcessor
[THYMELEAF]             * [* {th:srclang,data-th-srclang}] [1000]: org.thymeleaf.standard.processor.StandardRemovableAttributeTagProcessor
[THYMELEAF]             * [* {th:dropzone,data-th-dropzone}] [1000]: org.thymeleaf.standard.processor.StandardRemovableAttributeTagProcessor
[THYMELEAF]             * [* {th:high,data-th-high}] [1000]: org.thymeleaf.standard.processor.StandardRemovableAttributeTagProcessor
[THYMELEAF]             * [* {th:tabindex,data-th-tabindex}] [1000]: org.thymeleaf.standard.processor.StandardRemovableAttributeTagProcessor
[THYMELEAF]             * [* {th:media,data-th-media}] [1000]: org.thymeleaf.standard.processor.StandardRemovableAttributeTagProcessor
[THYMELEAF]             * [* {th:cite,data-th-cite}] [1000]: org.thymeleaf.standard.processor.StandardRemovableAttributeTagProcessor
[THYMELEAF]             * [* {th:data,data-th-data}] [1000]: org.thymeleaf.standard.processor.StandardRemovableAttributeTagProcessor
[THYMELEAF]             * [* {th:accesskey,data-th-accesskey}] [1000]: org.thymeleaf.standard.processor.StandardRemovableAttributeTagProcessor
[THYMELEAF]             * [* {th:rows,data-th-rows}] [1000]: org.thymeleaf.standard.processor.StandardRemovableAttributeTagProcessor
[THYMELEAF]             * [* {th:start,data-th-start}] [1000]: org.thymeleaf.standard.processor.StandardRemovableAttributeTagProcessor
[THYMELEAF]             * [* {th:classid,data-th-classid}] [1000]: org.thymeleaf.standard.processor.StandardRemovableAttributeTagProcessor
[THYMELEAF]             * [* {th:scope,data-th-scope}] [1000]: org.thymeleaf.standard.processor.StandardRemovableAttributeTagProcessor
[THYMELEAF]             * [* {th:rules,data-th-rules}] [1000]: org.thymeleaf.standard.processor.StandardRemovableAttributeTagProcessor
[THYMELEAF]             * [* {th:hreflang,data-th-hreflang}] [1000]: org.thymeleaf.standard.processor.StandardRemovableAttributeTagProcessor
[THYMELEAF]             * [* {th:marginheight,data-th-marginheight}] [1000]: org.thymeleaf.standard.processor.StandardRemovableAttributeTagProcessor
[THYMELEAF]             * [* {th:codebase,data-th-codebase}] [1000]: org.thymeleaf.standard.processor.StandardRemovableAttributeTagProcessor
[THYMELEAF]             * [* {th:datetime,data-th-datetime}] [1000]: org.thymeleaf.standard.processor.StandardRemovableAttributeTagProcessor
[THYMELEAF]             * [* {th:title,data-th-title}] [1000]: org.thymeleaf.standard.processor.StandardRemovableAttributeTagProcessor
[THYMELEAF]             * [* {th:max,data-th-max}] [1000]: org.thymeleaf.standard.processor.StandardRemovableAttributeTagProcessor
[THYMELEAF]             * [* {th:maxlength,data-th-maxlength}] [1000]: org.thymeleaf.standard.processor.StandardRemovableAttributeTagProcessor
[THYMELEAF]             * [* {th:summary,data-th-summary}] [1000]: org.thymeleaf.standard.processor.StandardRemovableAttributeTagProcessor
[THYMELEAF]             * [* {th:cellpadding,data-th-cellpadding}] [1000]: org.thymeleaf.standard.processor.StandardRemovableAttributeTagProcessor
[THYMELEAF]             * [* {th:sizes,data-th-sizes}] [1000]: org.thymeleaf.standard.processor.StandardRemovableAttributeTagProcessor
[THYMELEAF]             * [* {th:axis,data-th-axis}] [1000]: org.thymeleaf.standard.processor.StandardRemovableAttributeTagProcessor
[THYMELEAF]             * [* {th:keytype,data-th-keytype}] [1000]: org.thymeleaf.standard.processor.StandardRemovableAttributeTagProcessor
[THYMELEAF]             * [* {th:poster,data-th-poster}] [1000]: org.thymeleaf.standard.processor.StandardRemovableAttributeTagProcessor
[THYMELEAF]             * [* {th:lang,data-th-lang}] [1000]: org.thymeleaf.standard.processor.StandardRemovableAttributeTagProcessor
[THYMELEAF]             * [* {th:http-equiv,data-th-http-equiv}] [1000]: org.thymeleaf.standard.processor.StandardRemovableAttributeTagProcessor
[THYMELEAF]             * [* {th:charset,data-th-charset}] [1000]: org.thymeleaf.standard.processor.StandardRemovableAttributeTagProcessor
[THYMELEAF]             * [* {th:form,data-th-form}] [1000]: org.thymeleaf.standard.processor.StandardRemovableAttributeTagProcessor
[THYMELEAF]             * [* {th:pattern,data-th-pattern}] [1000]: org.thymeleaf.standard.processor.StandardRemovableAttributeTagProcessor
[THYMELEAF]             * [* {th:spellcheck,data-th-spellcheck}] [1000]: org.thymeleaf.standard.processor.StandardRemovableAttributeTagProcessor
[THYMELEAF]             * [* {th:accept,data-th-accept}] [1000]: org.thymeleaf.standard.processor.StandardRemovableAttributeTagProcessor
[THYMELEAF]             * [* {th:sandbox,data-th-sandbox}] [1000]: org.thymeleaf.standard.processor.StandardRemovableAttributeTagProcessor
[THYMELEAF]             * [* {th:cols,data-th-cols}] [1000]: org.thymeleaf.standard.processor.StandardRemovableAttributeTagProcessor
[THYMELEAF]             * [* {th:usemap,data-th-usemap}] [1000]: org.thymeleaf.standard.processor.StandardRemovableAttributeTagProcessor
[THYMELEAF]             * [* {th:formmethod,data-th-formmethod}] [1000]: org.thymeleaf.standard.processor.StandardRemovableAttributeTagProcessor
[THYMELEAF]             * [* {th:contenteditable,data-th-contenteditable}] [1000]: org.thymeleaf.standard.processor.StandardRemovableAttributeTagProcessor
[THYMELEAF]             * [* {th:for,data-th-for}] [1000]: org.thymeleaf.standard.processor.StandardRemovableAttributeTagProcessor
[THYMELEAF]             * [* {th:rev,data-th-rev}] [1000]: org.thymeleaf.standard.processor.StandardRemovableAttributeTagProcessor
[THYMELEAF]             * [* {th:challenge,data-th-challenge}] [1000]: org.thymeleaf.standard.processor.StandardRemovableAttributeTagProcessor
[THYMELEAF]             * [* {th:label,data-th-label}] [1000]: org.thymeleaf.standard.processor.StandardRemovableAttributeTagProcessor
[THYMELEAF]             * [* {th:id,data-th-id}] [1000]: org.thymeleaf.standard.processor.StandardRemovableAttributeTagProcessor
[THYMELEAF]             * [* {th:abbr,data-th-abbr}] [1000]: org.thymeleaf.standard.processor.StandardRemovableAttributeTagProcessor
[THYMELEAF]             * [* {th:codetype,data-th-codetype}] [1000]: org.thymeleaf.standard.processor.StandardRemovableAttributeTagProcessor
[THYMELEAF]             * [* {th:frame,data-th-frame}] [1000]: org.thymeleaf.standard.processor.StandardRemovableAttributeTagProcessor
[THYMELEAF]             * [* {th:longdesc,data-th-longdesc}] [1000]: org.thymeleaf.standard.processor.StandardRemovableAttributeTagProcessor
[THYMELEAF]             * [* {th:vspace,data-th-vspace}] [1000]: org.thymeleaf.standard.processor.StandardRemovableAttributeTagProcessor
[THYMELEAF]             * [* {th:scrolling,data-th-scrolling}] [1000]: org.thymeleaf.standard.processor.StandardRemovableAttributeTagProcessor
[THYMELEAF]             * [* {th:src,data-th-src}] [1000]: org.thymeleaf.standard.processor.StandardSrcTagProcessor
[THYMELEAF]             * [* {th:value,data-th-value}] [1000]: org.thymeleaf.standard.processor.StandardValueTagProcessor
[THYMELEAF]             * [* {th:xmlbase,data-th-xmlbase}] [1000]: org.thymeleaf.standard.processor.StandardXmlBaseTagProcessor
[THYMELEAF]             * [* {th:xmllang,data-th-xmllang}] [1000]: org.thymeleaf.standard.processor.StandardXmlLangTagProcessor
[THYMELEAF]             * [* {xmlns:th}] [1000]: org.thymeleaf.standard.processor.StandardXmlNsTagProcessor
[THYMELEAF]             * [* {th:xmlspace,data-th-xmlspace}] [1000]: org.thymeleaf.standard.processor.StandardXmlSpaceTagProcessor
[THYMELEAF]             * [* {th:classappend,data-th-classappend}] [1100]: org.thymeleaf.standard.processor.StandardClassappendTagProcessor
[THYMELEAF]             * [* {th:styleappend,data-th-styleappend}] [1100]: org.thymeleaf.standard.processor.StandardStyleappendTagProcessor
[THYMELEAF]             * [* {th:text,data-th-text}] [1300]: org.thymeleaf.standard.processor.StandardTextTagProcessor
[THYMELEAF]             * [* {th:utext,data-th-utext}] [1400]: org.thymeleaf.standard.processor.StandardUtextTagProcessor
[THYMELEAF]             * [* {th:fragment,data-th-fragment}] [1500]: org.thymeleaf.standard.processor.StandardFragmentTagProcessor
[THYMELEAF]             * [* {th:assert,data-th-assert}] [1550]: org.thymeleaf.standard.processor.StandardAssertTagProcessor
[THYMELEAF]             * [* {th:remove,data-th-remove}] [1600]: org.thymeleaf.standard.processor.StandardRemoveTagProcessor
[THYMELEAF]             * [* {th:ref,data-th-ref}] [10000]: org.thymeleaf.standard.processor.StandardRefAttributeTagProcessor
[THYMELEAF]             * [{th:block,th-block} *] [100000]: org.thymeleaf.standard.processor.StandardBlockTagProcessor
[THYMELEAF]             * [* th:*] [2147483647]: org.thymeleaf.standard.processor.StandardDefaultAttributesTagProcessor
[THYMELEAF]         * Text Processors by [precedence]:
[THYMELEAF]             * [1000]: org.thymeleaf.standard.processor.StandardInliningTextProcessor
[THYMELEAF]         * DOCTYPE Processors by [precedence]:
[THYMELEAF]             * [1000]: org.thymeleaf.standard.processor.StandardTranslationDocTypeProcessor
[THYMELEAF]         * CDATA Section Processors by [precedence]:
[THYMELEAF]             * [1000]: org.thymeleaf.standard.processor.StandardInliningCDATASectionProcessor
[THYMELEAF]         * Comment Processors by [precedence]:
[THYMELEAF]             * [1000]: org.thymeleaf.standard.processor.StandardInliningCommentProcessor
[THYMELEAF]             * [1100]: org.thymeleaf.standard.processor.StandardConditionalCommentProcessor
[THYMELEAF]     * Processors for Template Mode: XML
[THYMELEAF]         * Element Tag Processors by [matching element and attribute name] [precedence]:
[THYMELEAF]             * [* {th:include}] [100]: org.thymeleaf.standard.processor.StandardIncludeTagProcessor
[THYMELEAF]             * [* {th:insert}] [100]: org.thymeleaf.standard.processor.StandardInsertTagProcessor
[THYMELEAF]             * [* {th:replace}] [100]: org.thymeleaf.standard.processor.StandardReplaceTagProcessor
[THYMELEAF]             * [* {th:each}] [200]: com.intuit.karate.template.KarateEachTagProcessor
[THYMELEAF]             * [* {th:switch}] [250]: org.thymeleaf.standard.processor.StandardSwitchTagProcessor
[THYMELEAF]             * [* {th:case}] [275]: org.thymeleaf.standard.processor.StandardCaseTagProcessor
[THYMELEAF]             * [* {th:if}] [300]: org.thymeleaf.standard.processor.StandardIfTagProcessor
[THYMELEAF]             * [* {th:unless}] [400]: org.thymeleaf.standard.processor.StandardUnlessTagProcessor
[THYMELEAF]             * [* {th:object}] [500]: org.thymeleaf.standard.processor.StandardObjectTagProcessor
[THYMELEAF]             * [* {th:with}] [600]: com.intuit.karate.template.KarateWithTagProcessor
[THYMELEAF]             * [* {th:attr}] [700]: com.intuit.karate.template.KarateAttributeTagProcessor.KarateAttrTagProcessor
[THYMELEAF]             * [* {th:attrappend}] [900]: com.intuit.karate.template.KarateAttributeTagProcessor.KarateAttrappendTagProcessor
[THYMELEAF]             * [* {th:attrprepend}] [900]: com.intuit.karate.template.KarateAttributeTagProcessor.KarateAttrprependTagProcessor
[THYMELEAF]             * [* {th:inline}] [1000]: org.thymeleaf.standard.processor.StandardInlineXMLTagProcessor
[THYMELEAF]             * [* {xmlns:th}] [1000]: org.thymeleaf.standard.processor.StandardXmlNsTagProcessor
[THYMELEAF]             * [* {th:text}] [1300]: org.thymeleaf.standard.processor.StandardTextTagProcessor
[THYMELEAF]             * [* {th:utext}] [1400]: org.thymeleaf.standard.processor.StandardUtextTagProcessor
[THYMELEAF]             * [* {th:fragment}] [1500]: org.thymeleaf.standard.processor.StandardFragmentTagProcessor
[THYMELEAF]             * [* {th:assert}] [1550]: org.thymeleaf.standard.processor.StandardAssertTagProcessor
[THYMELEAF]             * [* {th:remove}] [1600]: org.thymeleaf.standard.processor.StandardRemoveTagProcessor
[THYMELEAF]             * [* {th:ref}] [10000]: org.thymeleaf.standard.processor.StandardRefAttributeTagProcessor
[THYMELEAF]             * [{th:block} *] [100000]: org.thymeleaf.standard.processor.StandardBlockTagProcessor
[THYMELEAF]             * [* th:*] [2147483647]: org.thymeleaf.standard.processor.StandardDefaultAttributesTagProcessor
[THYMELEAF]         * Text Processors by [precedence]:
[THYMELEAF]             * [1000]: org.thymeleaf.standard.processor.StandardInliningTextProcessor
[THYMELEAF]         * CDATA Section Processors by [precedence]:
[THYMELEAF]             * [1000]: org.thymeleaf.standard.processor.StandardInliningCDATASectionProcessor
[THYMELEAF]         * Comment Processors by [precedence]:
[THYMELEAF]             * [1000]: org.thymeleaf.standard.processor.StandardInliningCommentProcessor
[THYMELEAF]     * Processors for Template Mode: TEXT
[THYMELEAF]         * Element Tag Processors by [matching element and attribute name] [precedence]:
[THYMELEAF]             * [* {th:insert}] [100]: org.thymeleaf.standard.processor.StandardInsertTagProcessor
[THYMELEAF]             * [* {th:replace}] [100]: org.thymeleaf.standard.processor.StandardReplaceTagProcessor
[THYMELEAF]             * [* {th:each}] [200]: com.intuit.karate.template.KarateEachTagProcessor
[THYMELEAF]             * [* {th:switch}] [250]: org.thymeleaf.standard.processor.StandardSwitchTagProcessor
[THYMELEAF]             * [* {th:case}] [275]: org.thymeleaf.standard.processor.StandardCaseTagProcessor
[THYMELEAF]             * [* {th:if}] [300]: org.thymeleaf.standard.processor.StandardIfTagProcessor
[THYMELEAF]             * [* {th:unless}] [400]: org.thymeleaf.standard.processor.StandardUnlessTagProcessor
[THYMELEAF]             * [* {th:object}] [500]: org.thymeleaf.standard.processor.StandardObjectTagProcessor
[THYMELEAF]             * [* {th:with}] [600]: com.intuit.karate.template.KarateWithTagProcessor
[THYMELEAF]             * [* {th:inline}] [1000]: org.thymeleaf.standard.processor.StandardInlineTextualTagProcessor
[THYMELEAF]             * [* {th:text}] [1300]: org.thymeleaf.standard.processor.StandardTextTagProcessor
[THYMELEAF]             * [* {th:utext}] [1400]: org.thymeleaf.standard.processor.StandardUtextTagProcessor
[THYMELEAF]             * [* {th:assert}] [1550]: org.thymeleaf.standard.processor.StandardAssertTagProcessor
[THYMELEAF]             * [* {th:remove}] [1600]: org.thymeleaf.standard.processor.StandardRemoveTagProcessor
[THYMELEAF]             * [* 100000] [org.thymeleaf.standard.processor.StandardBlockTagProcessor]: {}
[THYMELEAF]             * [{th:block} *] [100000]: org.thymeleaf.standard.processor.StandardBlockTagProcessor
[THYMELEAF]         * Text Processors by [precedence]:
[THYMELEAF]             * [1000]: org.thymeleaf.standard.processor.StandardInliningTextProcessor
[THYMELEAF]     * Processors for Template Mode: JAVASCRIPT
[THYMELEAF]         * Element Tag Processors by [matching element and attribute name] [precedence]:
[THYMELEAF]             * [* {th:insert}] [100]: org.thymeleaf.standard.processor.StandardInsertTagProcessor
[THYMELEAF]             * [* {th:replace}] [100]: org.thymeleaf.standard.processor.StandardReplaceTagProcessor
[THYMELEAF]             * [* {th:each}] [200]: com.intuit.karate.template.KarateEachTagProcessor
[THYMELEAF]             * [* {th:switch}] [250]: org.thymeleaf.standard.processor.StandardSwitchTagProcessor
[THYMELEAF]             * [* {th:case}] [275]: org.thymeleaf.standard.processor.StandardCaseTagProcessor
[THYMELEAF]             * [* {th:if}] [300]: org.thymeleaf.standard.processor.StandardIfTagProcessor
[THYMELEAF]             * [* {th:unless}] [400]: org.thymeleaf.standard.processor.StandardUnlessTagProcessor
[THYMELEAF]             * [* {th:object}] [500]: org.thymeleaf.standard.processor.StandardObjectTagProcessor
[THYMELEAF]             * [* {th:with}] [600]: com.intuit.karate.template.KarateWithTagProcessor
[THYMELEAF]             * [* {th:inline}] [1000]: org.thymeleaf.standard.processor.StandardInlineTextualTagProcessor
[THYMELEAF]             * [* {th:text}] [1300]: org.thymeleaf.standard.processor.StandardTextTagProcessor
[THYMELEAF]             * [* {th:utext}] [1400]: org.thymeleaf.standard.processor.StandardUtextTagProcessor
[THYMELEAF]             * [* {th:assert}] [1550]: org.thymeleaf.standard.processor.StandardAssertTagProcessor
[THYMELEAF]             * [* {th:remove}] [1600]: org.thymeleaf.standard.processor.StandardRemoveTagProcessor
[THYMELEAF]             * [{th:block} *] [100000]: org.thymeleaf.standard.processor.StandardBlockTagProcessor
[THYMELEAF]             * [* 100000] [org.thymeleaf.standard.processor.StandardBlockTagProcessor]: {}
[THYMELEAF]         * Text Processors by [precedence]:
[THYMELEAF]             * [1000]: org.thymeleaf.standard.processor.StandardInliningTextProcessor
[THYMELEAF]     * Processors for Template Mode: CSS
[THYMELEAF]         * Element Tag Processors by [matching element and attribute name] [precedence]:
[THYMELEAF]             * [* {th:insert}] [100]: org.thymeleaf.standard.processor.StandardInsertTagProcessor
[THYMELEAF]             * [* {th:replace}] [100]: org.thymeleaf.standard.processor.StandardReplaceTagProcessor
[THYMELEAF]             * [* {th:each}] [200]: com.intuit.karate.template.KarateEachTagProcessor
[THYMELEAF]             * [* {th:switch}] [250]: org.thymeleaf.standard.processor.StandardSwitchTagProcessor
[THYMELEAF]             * [* {th:case}] [275]: org.thymeleaf.standard.processor.StandardCaseTagProcessor
[THYMELEAF]             * [* {th:if}] [300]: org.thymeleaf.standard.processor.StandardIfTagProcessor
[THYMELEAF]             * [* {th:unless}] [400]: org.thymeleaf.standard.processor.StandardUnlessTagProcessor
[THYMELEAF]             * [* {th:object}] [500]: org.thymeleaf.standard.processor.StandardObjectTagProcessor
[THYMELEAF]             * [* {th:with}] [600]: com.intuit.karate.template.KarateWithTagProcessor
[THYMELEAF]             * [* {th:inline}] [1000]: org.thymeleaf.standard.processor.StandardInlineTextualTagProcessor
[THYMELEAF]             * [* {th:text}] [1300]: org.thymeleaf.standard.processor.StandardTextTagProcessor
[THYMELEAF]             * [* {th:utext}] [1400]: org.thymeleaf.standard.processor.StandardUtextTagProcessor
[THYMELEAF]             * [* {th:assert}] [1550]: org.thymeleaf.standard.processor.StandardAssertTagProcessor
[THYMELEAF]             * [* {th:remove}] [1600]: org.thymeleaf.standard.processor.StandardRemoveTagProcessor
[THYMELEAF]             * [{th:block} *] [100000]: org.thymeleaf.standard.processor.StandardBlockTagProcessor
[THYMELEAF]             * [* 100000] [org.thymeleaf.standard.processor.StandardBlockTagProcessor]: {}
[THYMELEAF]         * Text Processors by [precedence]:
[THYMELEAF]             * [1000]: org.thymeleaf.standard.processor.StandardInliningTextProcessor
[THYMELEAF]     * Expression Objects:
[THYMELEAF]         * #ctx
[THYMELEAF]         * #root
[THYMELEAF]         * #vars
[THYMELEAF]         * #object
[THYMELEAF]         * #locale
[THYMELEAF]         * #conversions
[THYMELEAF]         * #uris
[THYMELEAF]         * #temporals
[THYMELEAF]         * #calendars
[THYMELEAF]         * #dates
[THYMELEAF]         * #bools
[THYMELEAF]         * #numbers
[THYMELEAF]         * #objects
[THYMELEAF]         * #strings
[THYMELEAF]         * #arrays
[THYMELEAF]         * #lists
[THYMELEAF]         * #sets
[THYMELEAF]         * #maps
[THYMELEAF]         * #aggregates
[THYMELEAF]         * #messages
[THYMELEAF]         * #ids
[THYMELEAF]         * #execInfo
[THYMELEAF]         * #request
[THYMELEAF]         * #response
[THYMELEAF]         * #session
[THYMELEAF]         * #servletContext
[THYMELEAF]     * Execution Attributes:
[THYMELEAF]         * "StandardExpressionParser": com.intuit.karate.template.KarateStandardDialect@62a41279
[THYMELEAF]         * "StandardJavaScriptSerializer": org.thymeleaf.standard.serializer.StandardJavaScriptSerializer@7b9d1a4
[THYMELEAF]         * "StandardCSSSerializer": org.thymeleaf.standard.serializer.StandardCSSSerializer@fcd3a6f
[THYMELEAF]         * "StandardVariableExpressionEvaluator": com.intuit.karate.template.KarateStandardDialect@62a41279
[THYMELEAF]         * "StandardConversionService": org.thymeleaf.standard.expression.StandardConversionService@7845ee8a
[THYMELEAF] * Dialect [2 of 2]: karate (com.intuit.karate.template.KarateScriptDialect)
[THYMELEAF]     * Prefix: "ka"
[THYMELEAF]     * Processors for Template Mode: HTML
[THYMELEAF]         * Element Tag Processors by [matching element and attribute name] [precedence]:
[THYMELEAF]             * [* {src}] [1000]: com.intuit.karate.template.KaScriptAttrProcessor
[THYMELEAF]         * Element Model Processors by [matching element and attribute name] [precedence]:
[THYMELEAF]             * [{script} {ka:scope,data-ka-scope}] [1000]: com.intuit.karate.template.KaScriptElemProcessor
[THYMELEAF]             * [* {ka:set,data-ka-set}] [1000]: com.intuit.karate.template.KaSetElemProcessor
[THYMELEAF] TEMPLATE ENGINE CONFIGURED OK
23:54:07.641 [main] DEBUG org.thymeleaf.TemplateEngine -- [THYMELEAF] TEMPLATE ENGINE INITIALIZED

HTML report: (paste into browser to view) | Karate version: 1.4.1
file:///C:/Users/monst/karate-tests/target/karate-reports/karate-summary.html
===================================================================

]]></system-out>
    <system-err><![CDATA[ERROR StatusLogger Log4j2 could not find a logging implementation. Please add log4j-core to the classpath. Using SimpleLogger to log to the console...
]]></system-err>
  </testcase>
</testsuite>