<?xml version="1.0" encoding="UTF-8"?>
<testsuite xmlns:xsi="http://www.w3.org/2001/XMLSchema-instance" xsi:noNamespaceSchemaLocation="https://maven.apache.org/surefire/maven-surefire-plugin/xsd/surefire-test-report-3.0.xsd" version="3.0" name="runners.auth.RegisterComprehensiveTestRunner" time="5.912" tests="1" errors="0" skipped="0" failures="0">
  <properties>
    <property name="java.specification.version" value="17"/>
    <property name="sun.cpu.isalist" value="amd64"/>
    <property name="sun.jnu.encoding" value="Cp1252"/>
    <property name="java.class.path" value="C:\Users\monst\karate-tests\target\test-classes;C:\Users\monst\karate-tests\target\classes;C:\Users\monst\.m2\repository\com\intuit\karate\karate-junit5\1.4.1\karate-junit5-1.4.1.jar;C:\Users\monst\.m2\repository\com\intuit\karate\karate-core\1.4.1\karate-core-1.4.1.jar;C:\Users\monst\.m2\repository\org\graalvm\js\js-scriptengine\22.3.3\js-scriptengine-22.3.3.jar;C:\Users\monst\.m2\repository\org\graalvm\sdk\graal-sdk\22.3.3\graal-sdk-22.3.3.jar;C:\Users\monst\.m2\repository\org\graalvm\js\js\22.3.3\js-22.3.3.jar;C:\Users\monst\.m2\repository\org\graalvm\regex\regex\22.3.3\regex-22.3.3.jar;C:\Users\monst\.m2\repository\org\graalvm\truffle\truffle-api\22.3.3\truffle-api-22.3.3.jar;C:\Users\monst\.m2\repository\com\ibm\icu\icu4j\71.1\icu4j-71.1.jar;C:\Users\monst\.m2\repository\org\thymeleaf\thymeleaf\3.1.2.RELEASE\thymeleaf-3.1.2.RELEASE.jar;C:\Users\monst\.m2\repository\ognl\ognl\3.3.4\ognl-3.3.4.jar;C:\Users\monst\.m2\repository\org\javassist\javassist\3.29.0-GA\javassist-3.29.0-GA.jar;C:\Users\monst\.m2\repository\org\attoparser\attoparser\2.0.7.RELEASE\attoparser-2.0.7.RELEASE.jar;C:\Users\monst\.m2\repository\org\unbescape\unbescape\1.1.6.RELEASE\unbescape-1.1.6.RELEASE.jar;C:\Users\monst\.m2\repository\org\slf4j\slf4j-api\2.0.7\slf4j-api-2.0.7.jar;C:\Users\monst\.m2\repository\com\linecorp\armeria\armeria\1.25.2\armeria-1.25.2.jar;C:\Users\monst\.m2\repository\com\fasterxml\jackson\core\jackson-core\2.15.2\jackson-core-2.15.2.jar;C:\Users\monst\.m2\repository\com\fasterxml\jackson\core\jackson-annotations\2.15.2\jackson-annotations-2.15.2.jar;C:\Users\monst\.m2\repository\com\fasterxml\jackson\core\jackson-databind\2.15.2\jackson-databind-2.15.2.jar;C:\Users\monst\.m2\repository\com\fasterxml\jackson\datatype\jackson-datatype-jdk8\2.15.2\jackson-datatype-jdk8-2.15.2.jar;C:\Users\monst\.m2\repository\com\fasterxml\jackson\datatype\jackson-datatype-jsr310\2.15.2\jackson-datatype-jsr310-2.15.2.jar;C:\Users\monst\.m2\repository\io\micrometer\micrometer-core\1.11.3\micrometer-core-1.11.3.jar;C:\Users\monst\.m2\repository\io\micrometer\micrometer-commons\1.11.3\micrometer-commons-1.11.3.jar;C:\Users\monst\.m2\repository\io\micrometer\micrometer-observation\1.11.3\micrometer-observation-1.11.3.jar;C:\Users\monst\.m2\repository\org\hdrhistogram\HdrHistogram\2.1.12\HdrHistogram-2.1.12.jar;C:\Users\monst\.m2\repository\org\latencyutils\LatencyUtils\2.0.3\LatencyUtils-2.0.3.jar;C:\Users\monst\.m2\repository\io\netty\netty-transport\4.1.96.Final\netty-transport-4.1.96.Final.jar;C:\Users\monst\.m2\repository\io\netty\netty-common\4.1.96.Final\netty-common-4.1.96.Final.jar;C:\Users\monst\.m2\repository\io\netty\netty-buffer\4.1.96.Final\netty-buffer-4.1.96.Final.jar;C:\Users\monst\.m2\repository\io\netty\netty-resolver\4.1.96.Final\netty-resolver-4.1.96.Final.jar;C:\Users\monst\.m2\repository\io\netty\netty-codec-haproxy\4.1.96.Final\netty-codec-haproxy-4.1.96.Final.jar;C:\Users\monst\.m2\repository\io\netty\netty-codec\4.1.96.Final\netty-codec-4.1.96.Final.jar;C:\Users\monst\.m2\repository\io\netty\netty-codec-http2\4.1.96.Final\netty-codec-http2-4.1.96.Final.jar;C:\Users\monst\.m2\repository\io\netty\netty-handler\4.1.96.Final\netty-handler-4.1.96.Final.jar;C:\Users\monst\.m2\repository\io\netty\netty-codec-http\4.1.96.Final\netty-codec-http-4.1.96.Final.jar;C:\Users\monst\.m2\repository\io\netty\netty-resolver-dns\4.1.96.Final\netty-resolver-dns-4.1.96.Final.jar;C:\Users\monst\.m2\repository\io\netty\netty-codec-dns\4.1.96.Final\netty-codec-dns-4.1.96.Final.jar;C:\Users\monst\.m2\repository\org\reactivestreams\reactive-streams\1.0.4\reactive-streams-1.0.4.jar;C:\Users\monst\.m2\repository\com\google\code\findbugs\jsr305\3.0.2\jsr305-3.0.2.jar;C:\Users\monst\.m2\repository\io\netty\netty-handler-proxy\4.1.96.Final\netty-handler-proxy-4.1.96.Final.jar;C:\Users\monst\.m2\repository\io\netty\netty-codec-socks\4.1.96.Final\netty-codec-socks-4.1.96.Final.jar;C:\Users\monst\.m2\repository\io\netty\netty-transport-native-unix-common\4.1.96.Final\netty-transport-native-unix-common-4.1.96.Final-linux-x86_64.jar;C:\Users\monst\.m2\repository\io\netty\netty-transport-native-epoll\4.1.96.Final\netty-transport-native-epoll-4.1.96.Final-linux-x86_64.jar;C:\Users\monst\.m2\repository\io\netty\netty-transport-native-unix-common\4.1.96.Final\netty-transport-native-unix-common-4.1.96.Final.jar;C:\Users\monst\.m2\repository\io\netty\netty-transport-classes-epoll\4.1.96.Final\netty-transport-classes-epoll-4.1.96.Final.jar;C:\Users\monst\.m2\repository\io\netty\netty-transport-native-unix-common\4.1.96.Final\netty-transport-native-unix-common-4.1.96.Final-linux-aarch_64.jar;C:\Users\monst\.m2\repository\io\netty\netty-transport-native-epoll\4.1.96.Final\netty-transport-native-epoll-4.1.96.Final-linux-aarch_64.jar;C:\Users\monst\.m2\repository\io\netty\netty-transport-native-unix-common\4.1.96.Final\netty-transport-native-unix-common-4.1.96.Final-osx-x86_64.jar;C:\Users\monst\.m2\repository\io\netty\netty-transport-native-kqueue\4.1.96.Final\netty-transport-native-kqueue-4.1.96.Final-osx-x86_64.jar;C:\Users\monst\.m2\repository\io\netty\netty-transport-classes-kqueue\4.1.96.Final\netty-transport-classes-kqueue-4.1.96.Final.jar;C:\Users\monst\.m2\repository\io\netty\netty-resolver-dns-native-macos\4.1.96.Final\netty-resolver-dns-native-macos-4.1.96.Final-osx-x86_64.jar;C:\Users\monst\.m2\repository\io\netty\netty-resolver-dns-classes-macos\4.1.96.Final\netty-resolver-dns-classes-macos-4.1.96.Final.jar;C:\Users\monst\.m2\repository\io\netty\netty-transport-native-unix-common\4.1.96.Final\netty-transport-native-unix-common-4.1.96.Final-osx-aarch_64.jar;C:\Users\monst\.m2\repository\io\netty\netty-transport-native-kqueue\4.1.96.Final\netty-transport-native-kqueue-4.1.96.Final-osx-aarch_64.jar;C:\Users\monst\.m2\repository\io\netty\netty-resolver-dns-native-macos\4.1.96.Final\netty-resolver-dns-native-macos-4.1.96.Final-osx-aarch_64.jar;C:\Users\monst\.m2\repository\io\netty\netty-tcnative-boringssl-static\2.0.61.Final\netty-tcnative-boringssl-static-2.0.61.Final-linux-x86_64.jar;C:\Users\monst\.m2\repository\io\netty\netty-tcnative-classes\2.0.61.Final\netty-tcnative-classes-2.0.61.Final.jar;C:\Users\monst\.m2\repository\io\netty\netty-tcnative-boringssl-static\2.0.61.Final\netty-tcnative-boringssl-static-2.0.61.Final-linux-aarch_64.jar;C:\Users\monst\.m2\repository\io\netty\netty-tcnative-boringssl-static\2.0.61.Final\netty-tcnative-boringssl-static-2.0.61.Final-osx-x86_64.jar;C:\Users\monst\.m2\repository\io\netty\netty-tcnative-boringssl-static\2.0.61.Final\netty-tcnative-boringssl-static-2.0.61.Final-osx-aarch_64.jar;C:\Users\monst\.m2\repository\io\netty\netty-tcnative-boringssl-static\2.0.61.Final\netty-tcnative-boringssl-static-2.0.61.Final-windows-x86_64.jar;C:\Users\monst\.m2\repository\com\aayushatharva\brotli4j\brotli4j\1.12.0\brotli4j-1.12.0.jar;C:\Users\monst\.m2\repository\com\aayushatharva\brotli4j\service\1.12.0\service-1.12.0.jar;C:\Users\monst\.m2\repository\com\aayushatharva\brotli4j\native-windows-x86_64\1.12.0\native-windows-x86_64-1.12.0.jar;C:\Users\monst\.m2\repository\org\apache\httpcomponents\httpclient\4.5.14\httpclient-4.5.14.jar;C:\Users\monst\.m2\repository\org\apache\httpcomponents\httpcore\4.4.16\httpcore-4.4.16.jar;C:\Users\monst\.m2\repository\ch\qos\logback\logback-classic\1.4.11\logback-classic-1.4.11.jar;C:\Users\monst\.m2\repository\ch\qos\logback\logback-core\1.4.11\logback-core-1.4.11.jar;C:\Users\monst\.m2\repository\org\slf4j\jcl-over-slf4j\2.0.9\jcl-over-slf4j-2.0.9.jar;C:\Users\monst\.m2\repository\org\antlr\antlr4-runtime\4.11.1\antlr4-runtime-4.11.1.jar;C:\Users\monst\.m2\repository\com\jayway\jsonpath\json-path\2.8.0\json-path-2.8.0.jar;C:\Users\monst\.m2\repository\net\minidev\json-smart\2.4.10\json-smart-2.4.10.jar;C:\Users\monst\.m2\repository\net\minidev\accessors-smart\2.4.9\accessors-smart-2.4.9.jar;C:\Users\monst\.m2\repository\org\ow2\asm\asm\9.3\asm-9.3.jar;C:\Users\monst\.m2\repository\org\yaml\snakeyaml\2.0\snakeyaml-2.0.jar;C:\Users\monst\.m2\repository\de\siegmar\fastcsv\2.2.1\fastcsv-2.2.1.jar;C:\Users\monst\.m2\repository\info\picocli\picocli\4.7.1\picocli-4.7.1.jar;C:\Users\monst\.m2\repository\io\github\classgraph\classgraph\4.8.160\classgraph-4.8.160.jar;C:\Users\monst\.m2\repository\io\github\t12y\resemble\1.0.2\resemble-1.0.2.jar;C:\Users\monst\.m2\repository\io\github\t12y\ssim\1.0.0\ssim-1.0.0.jar;C:\Users\monst\.m2\repository\org\junit\jupiter\junit-jupiter-api\5.9.3\junit-jupiter-api-5.9.3.jar;C:\Users\monst\.m2\repository\org\opentest4j\opentest4j\1.2.0\opentest4j-1.2.0.jar;C:\Users\monst\.m2\repository\org\junit\platform\junit-platform-commons\1.9.3\junit-platform-commons-1.9.3.jar;C:\Users\monst\.m2\repository\org\apiguardian\apiguardian-api\1.1.2\apiguardian-api-1.1.2.jar;C:\Users\monst\.m2\repository\org\junit\jupiter\junit-jupiter-engine\5.9.3\junit-jupiter-engine-5.9.3.jar;C:\Users\monst\.m2\repository\org\junit\platform\junit-platform-engine\1.9.3\junit-platform-engine-1.9.3.jar;C:\Users\monst\.m2\repository\org\apache\poi\poi\5.2.4\poi-5.2.4.jar;C:\Users\monst\.m2\repository\commons-codec\commons-codec\1.16.0\commons-codec-1.16.0.jar;C:\Users\monst\.m2\repository\org\apache\commons\commons-collections4\4.4\commons-collections4-4.4.jar;C:\Users\monst\.m2\repository\org\apache\commons\commons-math3\3.6.1\commons-math3-3.6.1.jar;C:\Users\monst\.m2\repository\commons-io\commons-io\2.13.0\commons-io-2.13.0.jar;C:\Users\monst\.m2\repository\com\zaxxer\SparseBitSet\1.3\SparseBitSet-1.3.jar;C:\Users\monst\.m2\repository\org\apache\logging\log4j\log4j-api\2.20.0\log4j-api-2.20.0.jar;C:\Users\monst\.m2\repository\org\apache\poi\poi-ooxml\5.2.4\poi-ooxml-5.2.4.jar;C:\Users\monst\.m2\repository\org\apache\poi\poi-ooxml-lite\5.2.4\poi-ooxml-lite-5.2.4.jar;C:\Users\monst\.m2\repository\org\apache\xmlbeans\xmlbeans\5.1.1\xmlbeans-5.1.1.jar;C:\Users\monst\.m2\repository\org\apache\commons\commons-compress\1.24.0\commons-compress-1.24.0.jar;C:\Users\monst\.m2\repository\com\github\virtuald\curvesapi\1.08\curvesapi-1.08.jar;"/>
    <property name="java.vm.vendor" value="Oracle Corporation"/>
    <property name="sun.arch.data.model" value="64"/>
    <property name="user.variant" value=""/>
    <property name="java.vendor.url" value="https://java.oracle.com/"/>
    <property name="user.timezone" value="Asia/Saigon"/>
    <property name="os.name" value="Windows 11"/>
    <property name="java.vm.specification.version" value="17"/>
    <property name="sun.java.launcher" value="SUN_STANDARD"/>
    <property name="user.country" value="US"/>
    <property name="sun.boot.library.path" value="C:\Program Files\Java\jdk-17\bin"/>
    <property name="sun.java.command" value="C:\Users\monst\AppData\Local\Temp\surefire7566542644714000386\surefirebooter-20250617223516325_3.jar C:\Users\monst\AppData\Local\Temp\surefire7566542644714000386 2025-06-17T22-35-15_974-jvmRun1 surefire-20250617223516325_1tmp surefire_0-20250617223516325_2tmp"/>
    <property name="jdk.debug" value="release"/>
    <property name="test" value="RegisterComprehensiveTestRunner"/>
    <property name="surefire.test.class.path" value="C:\Users\monst\karate-tests\target\test-classes;C:\Users\monst\karate-tests\target\classes;C:\Users\monst\.m2\repository\com\intuit\karate\karate-junit5\1.4.1\karate-junit5-1.4.1.jar;C:\Users\monst\.m2\repository\com\intuit\karate\karate-core\1.4.1\karate-core-1.4.1.jar;C:\Users\monst\.m2\repository\org\graalvm\js\js-scriptengine\22.3.3\js-scriptengine-22.3.3.jar;C:\Users\monst\.m2\repository\org\graalvm\sdk\graal-sdk\22.3.3\graal-sdk-22.3.3.jar;C:\Users\monst\.m2\repository\org\graalvm\js\js\22.3.3\js-22.3.3.jar;C:\Users\monst\.m2\repository\org\graalvm\regex\regex\22.3.3\regex-22.3.3.jar;C:\Users\monst\.m2\repository\org\graalvm\truffle\truffle-api\22.3.3\truffle-api-22.3.3.jar;C:\Users\monst\.m2\repository\com\ibm\icu\icu4j\71.1\icu4j-71.1.jar;C:\Users\monst\.m2\repository\org\thymeleaf\thymeleaf\3.1.2.RELEASE\thymeleaf-3.1.2.RELEASE.jar;C:\Users\monst\.m2\repository\ognl\ognl\3.3.4\ognl-3.3.4.jar;C:\Users\monst\.m2\repository\org\javassist\javassist\3.29.0-GA\javassist-3.29.0-GA.jar;C:\Users\monst\.m2\repository\org\attoparser\attoparser\2.0.7.RELEASE\attoparser-2.0.7.RELEASE.jar;C:\Users\monst\.m2\repository\org\unbescape\unbescape\1.1.6.RELEASE\unbescape-1.1.6.RELEASE.jar;C:\Users\monst\.m2\repository\org\slf4j\slf4j-api\2.0.7\slf4j-api-2.0.7.jar;C:\Users\monst\.m2\repository\com\linecorp\armeria\armeria\1.25.2\armeria-1.25.2.jar;C:\Users\monst\.m2\repository\com\fasterxml\jackson\core\jackson-core\2.15.2\jackson-core-2.15.2.jar;C:\Users\monst\.m2\repository\com\fasterxml\jackson\core\jackson-annotations\2.15.2\jackson-annotations-2.15.2.jar;C:\Users\monst\.m2\repository\com\fasterxml\jackson\core\jackson-databind\2.15.2\jackson-databind-2.15.2.jar;C:\Users\monst\.m2\repository\com\fasterxml\jackson\datatype\jackson-datatype-jdk8\2.15.2\jackson-datatype-jdk8-2.15.2.jar;C:\Users\monst\.m2\repository\com\fasterxml\jackson\datatype\jackson-datatype-jsr310\2.15.2\jackson-datatype-jsr310-2.15.2.jar;C:\Users\monst\.m2\repository\io\micrometer\micrometer-core\1.11.3\micrometer-core-1.11.3.jar;C:\Users\monst\.m2\repository\io\micrometer\micrometer-commons\1.11.3\micrometer-commons-1.11.3.jar;C:\Users\monst\.m2\repository\io\micrometer\micrometer-observation\1.11.3\micrometer-observation-1.11.3.jar;C:\Users\monst\.m2\repository\org\hdrhistogram\HdrHistogram\2.1.12\HdrHistogram-2.1.12.jar;C:\Users\monst\.m2\repository\org\latencyutils\LatencyUtils\2.0.3\LatencyUtils-2.0.3.jar;C:\Users\monst\.m2\repository\io\netty\netty-transport\4.1.96.Final\netty-transport-4.1.96.Final.jar;C:\Users\monst\.m2\repository\io\netty\netty-common\4.1.96.Final\netty-common-4.1.96.Final.jar;C:\Users\monst\.m2\repository\io\netty\netty-buffer\4.1.96.Final\netty-buffer-4.1.96.Final.jar;C:\Users\monst\.m2\repository\io\netty\netty-resolver\4.1.96.Final\netty-resolver-4.1.96.Final.jar;C:\Users\monst\.m2\repository\io\netty\netty-codec-haproxy\4.1.96.Final\netty-codec-haproxy-4.1.96.Final.jar;C:\Users\monst\.m2\repository\io\netty\netty-codec\4.1.96.Final\netty-codec-4.1.96.Final.jar;C:\Users\monst\.m2\repository\io\netty\netty-codec-http2\4.1.96.Final\netty-codec-http2-4.1.96.Final.jar;C:\Users\monst\.m2\repository\io\netty\netty-handler\4.1.96.Final\netty-handler-4.1.96.Final.jar;C:\Users\monst\.m2\repository\io\netty\netty-codec-http\4.1.96.Final\netty-codec-http-4.1.96.Final.jar;C:\Users\monst\.m2\repository\io\netty\netty-resolver-dns\4.1.96.Final\netty-resolver-dns-4.1.96.Final.jar;C:\Users\monst\.m2\repository\io\netty\netty-codec-dns\4.1.96.Final\netty-codec-dns-4.1.96.Final.jar;C:\Users\monst\.m2\repository\org\reactivestreams\reactive-streams\1.0.4\reactive-streams-1.0.4.jar;C:\Users\monst\.m2\repository\com\google\code\findbugs\jsr305\3.0.2\jsr305-3.0.2.jar;C:\Users\monst\.m2\repository\io\netty\netty-handler-proxy\4.1.96.Final\netty-handler-proxy-4.1.96.Final.jar;C:\Users\monst\.m2\repository\io\netty\netty-codec-socks\4.1.96.Final\netty-codec-socks-4.1.96.Final.jar;C:\Users\monst\.m2\repository\io\netty\netty-transport-native-unix-common\4.1.96.Final\netty-transport-native-unix-common-4.1.96.Final-linux-x86_64.jar;C:\Users\monst\.m2\repository\io\netty\netty-transport-native-epoll\4.1.96.Final\netty-transport-native-epoll-4.1.96.Final-linux-x86_64.jar;C:\Users\monst\.m2\repository\io\netty\netty-transport-native-unix-common\4.1.96.Final\netty-transport-native-unix-common-4.1.96.Final.jar;C:\Users\monst\.m2\repository\io\netty\netty-transport-classes-epoll\4.1.96.Final\netty-transport-classes-epoll-4.1.96.Final.jar;C:\Users\monst\.m2\repository\io\netty\netty-transport-native-unix-common\4.1.96.Final\netty-transport-native-unix-common-4.1.96.Final-linux-aarch_64.jar;C:\Users\monst\.m2\repository\io\netty\netty-transport-native-epoll\4.1.96.Final\netty-transport-native-epoll-4.1.96.Final-linux-aarch_64.jar;C:\Users\monst\.m2\repository\io\netty\netty-transport-native-unix-common\4.1.96.Final\netty-transport-native-unix-common-4.1.96.Final-osx-x86_64.jar;C:\Users\monst\.m2\repository\io\netty\netty-transport-native-kqueue\4.1.96.Final\netty-transport-native-kqueue-4.1.96.Final-osx-x86_64.jar;C:\Users\monst\.m2\repository\io\netty\netty-transport-classes-kqueue\4.1.96.Final\netty-transport-classes-kqueue-4.1.96.Final.jar;C:\Users\monst\.m2\repository\io\netty\netty-resolver-dns-native-macos\4.1.96.Final\netty-resolver-dns-native-macos-4.1.96.Final-osx-x86_64.jar;C:\Users\monst\.m2\repository\io\netty\netty-resolver-dns-classes-macos\4.1.96.Final\netty-resolver-dns-classes-macos-4.1.96.Final.jar;C:\Users\monst\.m2\repository\io\netty\netty-transport-native-unix-common\4.1.96.Final\netty-transport-native-unix-common-4.1.96.Final-osx-aarch_64.jar;C:\Users\monst\.m2\repository\io\netty\netty-transport-native-kqueue\4.1.96.Final\netty-transport-native-kqueue-4.1.96.Final-osx-aarch_64.jar;C:\Users\monst\.m2\repository\io\netty\netty-resolver-dns-native-macos\4.1.96.Final\netty-resolver-dns-native-macos-4.1.96.Final-osx-aarch_64.jar;C:\Users\monst\.m2\repository\io\netty\netty-tcnative-boringssl-static\2.0.61.Final\netty-tcnative-boringssl-static-2.0.61.Final-linux-x86_64.jar;C:\Users\monst\.m2\repository\io\netty\netty-tcnative-classes\2.0.61.Final\netty-tcnative-classes-2.0.61.Final.jar;C:\Users\monst\.m2\repository\io\netty\netty-tcnative-boringssl-static\2.0.61.Final\netty-tcnative-boringssl-static-2.0.61.Final-linux-aarch_64.jar;C:\Users\monst\.m2\repository\io\netty\netty-tcnative-boringssl-static\2.0.61.Final\netty-tcnative-boringssl-static-2.0.61.Final-osx-x86_64.jar;C:\Users\monst\.m2\repository\io\netty\netty-tcnative-boringssl-static\2.0.61.Final\netty-tcnative-boringssl-static-2.0.61.Final-osx-aarch_64.jar;C:\Users\monst\.m2\repository\io\netty\netty-tcnative-boringssl-static\2.0.61.Final\netty-tcnative-boringssl-static-2.0.61.Final-windows-x86_64.jar;C:\Users\monst\.m2\repository\com\aayushatharva\brotli4j\brotli4j\1.12.0\brotli4j-1.12.0.jar;C:\Users\monst\.m2\repository\com\aayushatharva\brotli4j\service\1.12.0\service-1.12.0.jar;C:\Users\monst\.m2\repository\com\aayushatharva\brotli4j\native-windows-x86_64\1.12.0\native-windows-x86_64-1.12.0.jar;C:\Users\monst\.m2\repository\org\apache\httpcomponents\httpclient\4.5.14\httpclient-4.5.14.jar;C:\Users\monst\.m2\repository\org\apache\httpcomponents\httpcore\4.4.16\httpcore-4.4.16.jar;C:\Users\monst\.m2\repository\ch\qos\logback\logback-classic\1.4.11\logback-classic-1.4.11.jar;C:\Users\monst\.m2\repository\ch\qos\logback\logback-core\1.4.11\logback-core-1.4.11.jar;C:\Users\monst\.m2\repository\org\slf4j\jcl-over-slf4j\2.0.9\jcl-over-slf4j-2.0.9.jar;C:\Users\monst\.m2\repository\org\antlr\antlr4-runtime\4.11.1\antlr4-runtime-4.11.1.jar;C:\Users\monst\.m2\repository\com\jayway\jsonpath\json-path\2.8.0\json-path-2.8.0.jar;C:\Users\monst\.m2\repository\net\minidev\json-smart\2.4.10\json-smart-2.4.10.jar;C:\Users\monst\.m2\repository\net\minidev\accessors-smart\2.4.9\accessors-smart-2.4.9.jar;C:\Users\monst\.m2\repository\org\ow2\asm\asm\9.3\asm-9.3.jar;C:\Users\monst\.m2\repository\org\yaml\snakeyaml\2.0\snakeyaml-2.0.jar;C:\Users\monst\.m2\repository\de\siegmar\fastcsv\2.2.1\fastcsv-2.2.1.jar;C:\Users\monst\.m2\repository\info\picocli\picocli\4.7.1\picocli-4.7.1.jar;C:\Users\monst\.m2\repository\io\github\classgraph\classgraph\4.8.160\classgraph-4.8.160.jar;C:\Users\monst\.m2\repository\io\github\t12y\resemble\1.0.2\resemble-1.0.2.jar;C:\Users\monst\.m2\repository\io\github\t12y\ssim\1.0.0\ssim-1.0.0.jar;C:\Users\monst\.m2\repository\org\junit\jupiter\junit-jupiter-api\5.9.3\junit-jupiter-api-5.9.3.jar;C:\Users\monst\.m2\repository\org\opentest4j\opentest4j\1.2.0\opentest4j-1.2.0.jar;C:\Users\monst\.m2\repository\org\junit\platform\junit-platform-commons\1.9.3\junit-platform-commons-1.9.3.jar;C:\Users\monst\.m2\repository\org\apiguardian\apiguardian-api\1.1.2\apiguardian-api-1.1.2.jar;C:\Users\monst\.m2\repository\org\junit\jupiter\junit-jupiter-engine\5.9.3\junit-jupiter-engine-5.9.3.jar;C:\Users\monst\.m2\repository\org\junit\platform\junit-platform-engine\1.9.3\junit-platform-engine-1.9.3.jar;C:\Users\monst\.m2\repository\org\apache\poi\poi\5.2.4\poi-5.2.4.jar;C:\Users\monst\.m2\repository\commons-codec\commons-codec\1.16.0\commons-codec-1.16.0.jar;C:\Users\monst\.m2\repository\org\apache\commons\commons-collections4\4.4\commons-collections4-4.4.jar;C:\Users\monst\.m2\repository\org\apache\commons\commons-math3\3.6.1\commons-math3-3.6.1.jar;C:\Users\monst\.m2\repository\commons-io\commons-io\2.13.0\commons-io-2.13.0.jar;C:\Users\monst\.m2\repository\com\zaxxer\SparseBitSet\1.3\SparseBitSet-1.3.jar;C:\Users\monst\.m2\repository\org\apache\logging\log4j\log4j-api\2.20.0\log4j-api-2.20.0.jar;C:\Users\monst\.m2\repository\org\apache\poi\poi-ooxml\5.2.4\poi-ooxml-5.2.4.jar;C:\Users\monst\.m2\repository\org\apache\poi\poi-ooxml-lite\5.2.4\poi-ooxml-lite-5.2.4.jar;C:\Users\monst\.m2\repository\org\apache\xmlbeans\xmlbeans\5.1.1\xmlbeans-5.1.1.jar;C:\Users\monst\.m2\repository\org\apache\commons\commons-compress\1.24.0\commons-compress-1.24.0.jar;C:\Users\monst\.m2\repository\com\github\virtuald\curvesapi\1.08\curvesapi-1.08.jar;"/>
    <property name="sun.cpu.endian" value="little"/>
    <property name="user.home" value="C:\Users\monst"/>
    <property name="user.language" value="en"/>
    <property name="java.specification.vendor" value="Oracle Corporation"/>
    <property name="java.version.date" value="2023-10-17"/>
    <property name="java.home" value="C:\Program Files\Java\jdk-17"/>
    <property name="file.separator" value="\"/>
    <property name="basedir" value="C:\Users\monst\karate-tests"/>
    <property name="java.vm.compressedOopsMode" value="Zero based"/>
    <property name="line.separator" value="&#10;"/>
    <property name="java.vm.specification.vendor" value="Oracle Corporation"/>
    <property name="java.specification.name" value="Java Platform API Specification"/>
    <property name="surefire.real.class.path" value="C:\Users\monst\AppData\Local\Temp\surefire7566542644714000386\surefirebooter-20250617223516325_3.jar"/>
    <property name="user.script" value=""/>
    <property name="sun.management.compiler" value="HotSpot 64-Bit Tiered Compilers"/>
    <property name="java.runtime.version" value="17.0.9+11-LTS-201"/>
    <property name="user.name" value="monst"/>
    <property name="path.separator" value=";"/>
    <property name="os.version" value="10.0"/>
    <property name="java.runtime.name" value="Java(TM) SE Runtime Environment"/>
    <property name="file.encoding" value="Cp1252"/>
    <property name="java.vm.name" value="Java HotSpot(TM) 64-Bit Server VM"/>
    <property name="localRepository" value="C:\Users\monst\.m2\repository"/>
    <property name="java.vendor.url.bug" value="https://bugreport.java.com/bugreport/"/>
    <property name="java.io.tmpdir" value="C:\Users\monst\AppData\Local\Temp\"/>
    <property name="java.version" value="17.0.9"/>
    <property name="user.dir" value="C:\Users\monst\karate-tests"/>
    <property name="os.arch" value="amd64"/>
    <property name="java.vm.specification.name" value="Java Virtual Machine Specification"/>
    <property name="sun.os.patch.level" value=""/>
    <property name="native.encoding" value="Cp1252"/>
    <property name="java.library.path" value="C:\Program Files\Java\jdk-17\bin;C:\WINDOWS\Sun\Java\bin;C:\WINDOWS\system32;C:\WINDOWS;C:\Users\monst\bin;C:\Program Files\Git\mingw64\bin;C:\Program Files\Git\usr\local\bin;C:\Program Files\Git\usr\bin;C:\Program Files\Git\usr\bin;C:\Program Files\Git\mingw64\bin;C:\Program Files\Git\usr\bin;C:\Users\monst\bin;C:\Program Files\Eclipse Adoptium\jdk-17.0.12.7-hotspot\bin;C:\Program Files\Common Files\Oracle\Java\javapath;C:\Program Files (x86)\VMware\VMware Workstation\bin;C:\Windows\system32;C:\Windows;C:\Windows\System32\Wbem;C:\Windows\System32\WindowsPowerShell\v1.0;C:\Windows\System32\OpenSSH;C:\Program Files (x86)\NVIDIA Corporation\PhysX\Common;C:\Program Files\NVIDIA Corporation\NVIDIA NvDLISR;C:\WINDOWS\system32;C:\WINDOWS;C:\WINDOWS\System32\Wbem;C:\WINDOWS\System32\WindowsPowerShell\v1.0;C:\WINDOWS\System32\OpenSSH;C:\Program Files\Azure Data Studio\bin;C:\Program Files (x86)\Microsoft SQL Server\160\Tools\Binn;C:\Program Files\Microsoft SQL Server\160\Tools\Binn;C:\Program Files\Microsoft SQL Server\Client SDK\ODBC\170\Tools\Binn;C:\Program Files\Microsoft SQL Server\160\DTS\Binn;C:\Program Files (x86)\Microsoft SQL Server\160\DTS\Binn;C:\ProgramData\chocolatey\bin;C:\Program Files\Docker\Docker\resources\bin;C:\Program Files\nodejs;C:\Program Files\MySQL\MySQL Server 8.0\bin;C:\Program Files\Git\cmd;C:\Program Files (x86)\Windows Kits\10\Windows Performance Toolkit;C:\Program Files\dotnet;C:\Program Files\Microsoft SQL Server\150\Tools\Binn;C:\Program Files\Apache\apache-maven-3.9.9\bin;C:\Users\monst\AppData\Local\Android\Sdk\platform-tools;C:\Program Files\Cloudflare\Cloudflare WARP;C:\Users\monst\AppData\Local\Programs\Python\Python313\Scripts;C:\dev\flutter\bin;C:\Users\monst\.dotnet\tools;C:\Users\monst\AppData\Local\Programs\Microsoft VS Code\bin;C:\Users\monst\AppData\Local\Programs\Python\Python313;C:\Users\monst\AppData\Local\Programs\cursor\resources\app\bin;C:\Users\monst\AppData\Roaming\npm;C:\Program Files\Git\usr\bin\vendor_perl;C:\Program Files\Git\usr\bin\core_perl;."/>
    <property name="java.vm.info" value="mixed mode, sharing"/>
    <property name="java.vendor" value="Oracle Corporation"/>
    <property name="java.vm.version" value="17.0.9+11-LTS-201"/>
    <property name="sun.io.unicode.encoding" value="UnicodeLittle"/>
    <property name="java.class.version" value="61.0"/>
  </properties>
  <testcase name="[1:11] Setup và chạy comprehensive register test cases" classname="features/auth/register-comprehensive" time="5.212">
    <system-out><![CDATA[22:35:17.700 [main] DEBUG com.intuit.karate.Suite -- [config] classpath:karate-config.js
22:35:18.718 [main] INFO com.intuit.karate -- karate.env system property was: null 
22:35:18.819 [main] INFO com.intuit.karate -- [print] === B??C 1: SETUP D? LI?U TEST === 
22:35:19.660 [main] INFO com.intuit.karate -- ?ã thêm d? li?u register vào file data.xlsx thành công! 
22:35:19.665 [main] INFO com.intuit.karate -- Sheet register: 30 test cases 
22:35:19.669 [main] INFO com.intuit.karate -- [print] ?ã setup d? li?u test vào Excel thành công! 
22:35:19.670 [main] INFO com.intuit.karate -- [print] === B??C 2: ??C D? LI?U T? EXCEL === 
22:35:19.723 [main] INFO com.intuit.karate -- Headers found: [
  "email",
  "password",
  "name",
  "username",
  "phoneNumber",
  "expectedStatus",
  "expectedResult",
  "testDescription",
  "responseStatus",
  "result"
]
 
22:35:19.833 [main] INFO com.intuit.karate -- Read data from Excel: [
  {
    "email": "test1@example.com",
    "password": "Password123",
    "name": "John Doe",
    "username": "johndoe1",
    "phoneNumber": "0987654321",
    "expectedStatus": 201.0,
    "expectedResult": "{\"message\": \"User registered successfully\"}",
    "testDescription": "TC1: ??ng ký h?p l? - S? ?i?n tho?i 10 ch? s?",
    "responseStatus": "",
    "result": ""
  },
  {
    "email": "test2@example.com",
    "password": "Password123",
    "name": "Jane Smith",
    "username": "janesmith",
    "phoneNumber": "01234567890",
    "expectedStatus": 201.0,
    "expectedResult": "{\"message\": \"User registered successfully\"}",
    "testDescription": "TC2: ??ng ký h?p l? - S? ?i?n tho?i 11 ch? s?",
    "responseStatus": "",
    "result": ""
  },
  {
    "email": "",
    "password": "Password123",
    "name": "John Doe",
    "username": "johndoe3",
    "phoneNumber": "0987654321",
    "expectedStatus": 400.0,
    "expectedResult": "{\"error\": \"Email is required\"}",
    "testDescription": "TC3: Thi?u tr??ng email - Ki?m tra khi thi?u email",
    "responseStatus": "",
    "result": ""
  },
  {
    "email": "test4@example.com",
    "password": "",
    "name": "John Doe",
    "username": "johndoe4",
    "phoneNumber": "0987654321",
    "expectedStatus": 400.0,
    "expectedResult": "{\"error\": \"Password is required\"}",
    "testDescription": "TC4: Thi?u tr??ng password - Ki?m tra khi thi?u password",
    "responseStatus": "",
    "result": ""
  },
  {
    "email": "test5@example.com",
    "password": "Password123",
    "name": "",
    "username": "johndoe5",
    "phoneNumber": "0987654321",
    "expectedStatus": 400.0,
    "expectedResult": "{\"error\": \"Name is required\"}",
    "testDescription": "TC5: Thi?u tr??ng name - Ki?m tra khi thi?u name",
    "responseStatus": "",
    "result": ""
  },
  {
    "email": "test6@example.com",
    "password": "Password123",
    "name": "John Doe",
    "username": "",
    "phoneNumber": "0987654321",
    "expectedStatus": 400.0,
    "expectedResult": "{\"error\": \"Username is required\"}",
    "testDescription": "TC6: Thi?u tr??ng username - Ki?m tra khi thi?u username",
    "responseStatus": "",
    "result": ""
  },
  {
    "email": "test7@example.com",
    "password": "Password123",
    "name": "John Doe",
    "username": "johndoe7",
    "phoneNumber": "",
    "expectedStatus": 400.0,
    "expectedResult": "{\"error\": \"S? ?i?n tho?i không ???c ?? tr?ng\"}",
    "testDescription": "TC7: Thi?u tr??ng phoneNumber - Ki?m tra khi thi?u s? ?i?n tho?i",
    "responseStatus": "",
    "result": ""
  },
  {
    "email": "invalid_email",
    "password": "Password123",
    "name": "John Doe",
    "username": "johndoe8",
    "phoneNumber": "0987654321",
    "expectedStatus": 400.0,
    "expectedResult": "{\"error\": \"Invalid email format\"}",
    "testDescription": "TC8: Email không h?p l? - Ki?m tra v?i email không ?úng ??nh d?ng",
    "responseStatus": "",
    "result": ""
  },
  {
    "email": "test9@example.com",
    "password": "12345",
    "name": "John Doe",
    "username": "johndoe9",
    "phoneNumber": "0987654321",
    "expectedStatus": 400.0,
    "expectedResult": "{\"error\": \"Password must be at least 6 characters\"}",
    "testDescription": "TC9: Password quá ng?n - Ki?m tra khi password d??i 6 ký t?",
    "responseStatus": "",
    "result": ""
  },
  {
    "email": "test10@example.com",
    "password": "Password123",
    "name": "John Doe",
    "username": "johndoe1",
    "phoneNumber": "0123456789",
    "expectedStatus": 409.0,
    "expectedResult": "{\"error\": \"Username already exists\"}",
    "testDescription": "TC10: Username ?ã t?n t?i - Ki?m tra khi username ?ã ???c s? d?ng",
    "responseStatus": "",
    "result": ""
  },
  {
    "email": "test1@example.com",
    "password": "Password123",
    "name": "John Doe",
    "username": "newuser11",
    "phoneNumber": "0123456789",
    "expectedStatus": 409.0,
    "expectedResult": "{\"error\": \"Email already exists\"}",
    "testDescription": "TC11: Email ?ã t?n t?i - Ki?m tra khi email ?ã ???c s? d?ng",
    "responseStatus": "",
    "result": ""
  },
  {
    "email": "test12@example.com",
    "password": "Password123",
    "name": "John Doe",
    "username": "newuser12",
    "phoneNumber": "0987654321",
    "expectedStatus": 409.0,
    "expectedResult": "{\"error\": \"Phone number already exists\"}",
    "testDescription": "TC12: S? ?i?n tho?i ?ã t?n t?i - Ki?m tra khi s? ?i?n tho?i ?ã ???c s? d?ng",
    "responseStatus": "",
    "result": ""
  },
  {
    "email": "test13@example.com",
    "password": "Password123",
    "name": "John Doe",
    "username": "johndoe13",
    "phoneNumber": "098765432",
    "expectedStatus": 400.0,
    "expectedResult": "{\"error\": \"S? ?i?n tho?i ph?i có 10 ho?c 11 ch? s?\"}",
    "testDescription": "TC13: S? ?i?n tho?i quá ng?n - Ki?m tra khi s? ?i?n tho?i có 9 ch? s?",
    "responseStatus": "",
    "result": ""
  },
  {
    "email": "test14@example.com",
    "password": "Password123",
    "name": "John Doe",
    "username": "johndoe14",
    "phoneNumber": "098765432123",
    "expectedStatus": 400.0,
    "expectedResult": "{\"error\": \"S? ?i?n tho?i ph?i có 10 ho?c 11 ch? s?\"}",
    "testDescription": "TC14: S? ?i?n tho?i quá dài - Ki?m tra khi s? ?i?n tho?i có 12 ch? s?",
    "responseStatus": "",
    "result": ""
  },
  {
    "email": "test15@example.com",
    "password": "Password123",
    "name": "John Doe",
    "username": "johndoe15",
    "phoneNumber": "098765432a",
    "expectedStatus": 400.0,
    "expectedResult": "{\"error\": \"S? ?i?n tho?i ph?i có 10 ho?c 11 ch? s?\"}",
    "testDescription": "TC15: S? ?i?n tho?i ch?a ký t? - Ki?m tra khi s? ?i?n tho?i ch?a ch? cái",
    "responseStatus": "",
    "result": ""
  },
  {
    "email": "test16@example.com",
    "password": "Password123",
    "name": "John Doe",
    "username": "johndoe16",
    "phoneNumber": "0987-654-321",
    "expectedStatus": 400.0,
    "expectedResult": "{\"error\": \"S? ?i?n tho?i ph?i có 10 ho?c 11 ch? s?\"}",
    "testDescription": "TC16: S? ?i?n tho?i ch?a ký t? ??c bi?t - Ki?m tra khi có d?u g?ch ngang",
    "responseStatus": "",
    "result": ""
  },
  {
    "email": "test17@example.com",
    "password": "Password123",
    "name": "John Doe",
    "username": "johndoe17",
    "phoneNumber": "0987 654 321",
    "expectedStatus": 400.0,
    "expectedResult": "{\"error\": \"S? ?i?n tho?i ph?i có 10 ho?c 11 ch? s?\"}",
    "testDescription": "TC17: S? ?i?n tho?i ch?a kho?ng tr?ng - Ki?m tra khi có space",
    "responseStatus": "",
    "result": ""
  },
  {
    "email": "test18@example.com",
    "password": "Password123",
    "name": "John Doe",
    "username": "johndoe18",
    "phoneNumber": "+84987654321",
    "expectedStatus": 400.0,
    "expectedResult": "{\"error\": \"S? ?i?n tho?i ph?i có 10 ho?c 11 ch? s?\"}",
    "testDescription": "TC18: S? ?i?n tho?i có mã qu?c gia - Ki?m tra khi có d?u + và mã qu?c gia",
    "responseStatus": "",
    "result": ""
  },
  {
    "email": "",
    "password": "",
    "name": "",
    "username": "",
    "phoneNumber": "",
    "expectedStatus": 400.0,
    "expectedResult": "{\"error\": \"All fields are required\"}",
    "testDescription": "TC19: T?t c? các tr??ng r?ng - Ki?m tra khi t?t c? các tr??ng ?? tr?ng",
    "responseStatus": "",
    "result": ""
  },
  {
    "email": "test20@example.com",
    "password": "Password123",
    "name": "John Doe",
    "username": "john@doe",
    "phoneNumber": "0987654321",
    "expectedStatus": 400.0,
    "expectedResult": "{\"error\": \"Username contains invalid characters\"}",
    "testDescription": "TC20: Username ch?a ký t? ??c bi?t - Ki?m tra khi username ch?a ký t? không cho phép",
    "responseStatus": "",
    "result": ""
  },
  {
    "email": "test21@example.com",
    "password": "password",
    "name": "John Doe",
    "username": "johndoe21",
    "phoneNumber": "0987654321",
    "expectedStatus": 400.0,
    "expectedResult": "{\"error\": \"Password must contain at least one number\"}",
    "testDescription": "TC21: Password không ch?a s? - Ki?m tra khi password không ?áp ?ng yêu c?u ph?c t?p",
    "responseStatus": "",
    "result": ""
  },
  {
    "email": "test22@example.com",
    "password": "Password123",
    "name": "This is a very long name that exceeds the maximum length of fifty characters allowed in the system",
    "username": "johndoe22",
    "phoneNumber": "0987654321",
    "expectedStatus": 400.0,
    "expectedResult": "{\"error\": \"Name exceeds maximum length\"}",
    "testDescription": "TC22: Name quá dài - Ki?m tra khi name v??t quá gi?i h?n ký t? (50 ký t?)",
    "responseStatus": "",
    "result": ""
  },
  {
    "email": "test23@example.com",
    "password": "Password123",
    "name": "John Doe",
    "username": "johndoe' OR '1'='1",
    "phoneNumber": "0987654321",
    "expectedStatus": 400.0,
    "expectedResult": "{\"error\": \"Invalid input\"}",
    "testDescription": "TC23: Ki?m tra SQL Injection - Ki?m tra khi nh?p d? li?u nguy hi?m",
    "responseStatus": "",
    "result": ""
  },
  {
    "email": "test24@example.com",
    "password": "Password123",
    "name": "<script>alert(\"xss\")</script>",
    "username": "johndoe24",
    "phoneNumber": "0987654321",
    "expectedStatus": 400.0,
    "expectedResult": "{\"error\": \"Invalid input\"}",
    "testDescription": "TC24: Ki?m tra XSS - Ki?m tra khi nh?p d? li?u nguy hi?m ch?a mã HTML/JavaScript",
    "responseStatus": "",
    "result": ""
  },
  {
    "email": "   ",
    "password": "   ",
    "name": "   ",
    "username": "   ",
    "phoneNumber": "   ",
    "expectedStatus": 400.0,
    "expectedResult": "{\"error\": \"Fields cannot contain only whitespace\"}",
    "testDescription": "TC25: Ki?m tra kho?ng tr?ng - Ki?m tra khi các tr??ng ch?a toàn kho?ng tr?ng",
    "responseStatus": "",
    "result": ""
  },
  {
    "email": "null",
    "password": "null",
    "name": "null",
    "username": "null",
    "phoneNumber": "null",
    "expectedStatus": 400.0,
    "expectedResult": "{\"error\": \"Fields cannot be null\"}",
    "testDescription": "TC26: Ki?m tra tr??ng null - Ki?m tra khi g?i giá tr? null cho các tr??ng",
    "responseStatus": "",
    "result": ""
  },
  {
    "email": "test27@example.com",
    "password": "Password123",
    "name": "John Doe",
    "username": "johndoe27",
    "phoneNumber": "0123456789",
    "expectedStatus": 201.0,
    "expectedResult": "{\"message\": \"User registered successfully\"}",
    "testDescription": "TC27: S? ?i?n tho?i h?p l? - 10 ch? s? b?t ??u b?ng 0",
    "responseStatus": "",
    "result": ""
  },
  {
    "email": "test28@example.com",
    "password": "Password123",
    "name": "John Doe",
    "username": "johndoe28",
    "phoneNumber": "84987654321",
    "expectedStatus": 201.0,
    "expectedResult": "{\"message\": \"User registered successfully\"}",
    "testDescription": "TC28: S? ?i?n tho?i h?p l? - 11 ch? s? không b?t ??u b?ng 0",
    "responseStatus": "",
    "result": ""
  },
  {
    "email": "test29@example.com",
    "password": "Password123",
    "name": "John Doe",
    "username": "johndoe29",
    "phoneNumber": "0000000000",
    "expectedStatus": 201.0,
    "expectedResult": "{\"message\": \"User registered successfully\"}",
    "testDescription": "TC29: S? ?i?n tho?i ??c bi?t - 10 ch? s? 0",
    "responseStatus": "",
    "result": ""
  },
  {
    "email": "test30@example.com",
    "password": "Password123",
    "name": "John Doe",
    "username": "johndoe30",
    "phoneNumber": "1",
    "expectedStatus": 400.0,
    "expectedResult": "{\"error\": \"S? ?i?n tho?i ph?i có 10 ho?c 11 ch? s?\"}",
    "testDescription": "TC30: S? ?i?n tho?i quá ng?n - Ch? 1 ch? s?",
    "responseStatus": "",
    "result": ""
  }
]
 
22:35:19.879 [main] INFO com.intuit.karate -- [print] ??c ???c 30 test cases t? Excel sheet: register 
22:35:19.894 [main] DEBUG com.jayway.jsonpath.internal.path.CompiledPath -- Evaluating path: $
22:35:19.898 [main] INFO com.intuit.karate -- [print] === B??C 3: CH?Y CÁC TEST CASES === 
22:35:19.908 [main] INFO com.intuit.karate -- ========================================== 
22:35:19.909 [main] INFO com.intuit.karate -- ?ANG CH?Y TEST CASE #1/30 
22:35:19.909 [main] INFO com.intuit.karate -- Description: TC1: ??ng ký h?p l? - S? ?i?n tho?i 10 ch? s? 
22:35:19.910 [main] INFO com.intuit.karate -- Email: "test1@example.com" 
22:35:19.910 [main] INFO com.intuit.karate -- Password: "Password123" 
22:35:19.911 [main] INFO com.intuit.karate -- Name: "John Doe" 
22:35:19.911 [main] INFO com.intuit.karate -- Username: "johndoe1" 
22:35:19.911 [main] INFO com.intuit.karate -- PhoneNumber: "0987654321" 
22:35:19.912 [main] INFO com.intuit.karate -- Expected Status: 201 
22:35:19.913 [main] INFO com.intuit.karate -- Expected Result: {"message": "User registered successfully"} 
22:35:19.913 [main] INFO com.intuit.karate -- ========================================== 
22:35:19.938 [main] INFO com.intuit.karate -- karate.env system property was: null 
22:35:19.941 [main] DEBUG com.jayway.jsonpath.internal.path.CompiledPath -- Evaluating path: $
22:35:19.971 [main] DEBUG io.netty.util.internal.logging.InternalLoggerFactory -- Using SLF4J as the default logging framework
22:35:19.973 [main] DEBUG io.netty.util.internal.PlatformDependent0 -- -Dio.netty.noUnsafe: false
22:35:19.973 [main] DEBUG io.netty.util.internal.PlatformDependent0 -- Java version: 17
22:35:19.974 [main] DEBUG io.netty.util.internal.PlatformDependent0 -- sun.misc.Unsafe.theUnsafe: available
22:35:19.974 [main] DEBUG io.netty.util.internal.PlatformDependent0 -- sun.misc.Unsafe.copyMemory: available
22:35:19.975 [main] DEBUG io.netty.util.internal.PlatformDependent0 -- sun.misc.Unsafe.storeFence: available
22:35:19.975 [main] DEBUG io.netty.util.internal.PlatformDependent0 -- java.nio.Buffer.address: available
22:35:19.976 [main] DEBUG io.netty.util.internal.PlatformDependent0 -- direct buffer constructor: unavailable: Reflective setAccessible(true) disabled
22:35:19.976 [main] DEBUG io.netty.util.internal.PlatformDependent0 -- java.nio.Bits.unaligned: available, true
22:35:19.977 [main] DEBUG io.netty.util.internal.PlatformDependent0 -- jdk.internal.misc.Unsafe.allocateUninitializedArray(int): unavailable: class io.netty.util.internal.PlatformDependent0$7 cannot access class jdk.internal.misc.Unsafe (in module java.base) because module java.base does not export jdk.internal.misc to unnamed module @b3d7190
22:35:19.979 [main] DEBUG io.netty.util.internal.PlatformDependent0 -- java.nio.DirectByteBuffer.<init>(long, {int,long}): unavailable
22:35:19.979 [main] DEBUG io.netty.util.internal.PlatformDependent -- sun.misc.Unsafe: available
22:35:19.981 [main] DEBUG io.netty.util.internal.PlatformDependent -- maxDirectMemory: 4123000832 bytes (maybe)
22:35:19.981 [main] DEBUG io.netty.util.internal.PlatformDependent -- -Dio.netty.tmpdir: C:\Users\monst\AppData\Local\Temp (java.io.tmpdir)
22:35:19.981 [main] DEBUG io.netty.util.internal.PlatformDependent -- -Dio.netty.bitMode: 64 (sun.arch.data.model)
22:35:19.981 [main] DEBUG io.netty.util.internal.PlatformDependent -- Platform: Windows
22:35:19.983 [main] DEBUG io.netty.util.internal.PlatformDependent -- -Dio.netty.maxDirectMemory: -1 bytes
22:35:19.983 [main] DEBUG io.netty.util.internal.PlatformDependent -- -Dio.netty.uninitializedArrayAllocationThreshold: -1
22:35:19.984 [main] DEBUG io.netty.util.internal.CleanerJava9 -- java.nio.ByteBuffer.cleaner(): available
22:35:19.984 [main] DEBUG io.netty.util.internal.PlatformDependent -- -Dio.netty.noPreferDirect: false
22:35:20.237 [main] DEBUG org.apache.http.client.protocol.RequestAddCookies -- CookieSpec selected: karate
22:35:20.247 [main] DEBUG org.apache.http.client.protocol.RequestAuthCache -- Auth cache not set in the context
22:35:20.249 [main] DEBUG com.intuit.karate -- request:
1 > POST http://localhost:3000/auth/register
1 > Content-Type: application/json; charset=UTF-8
1 > Content-Length: 121
1 > Host: localhost:3000
1 > Connection: Keep-Alive
1 > User-Agent: Apache-HttpClient/4.5.14 (Java/17.0.9)
1 > Accept-Encoding: gzip,deflate
{
  "email": "test1@example.com",
  "password": "Password123",
  "name": "John Doe",
  "username": "johndoe1",
  "phoneNumber": "0987654321"
}


22:35:20.252 [main] DEBUG org.apache.http.impl.conn.PoolingHttpClientConnectionManager -- Connection request: [route: {}->http://localhost:3000][total available: 0; route allocated: 0 of 5; total allocated: 0 of 10]
22:35:20.261 [main] DEBUG org.apache.http.impl.conn.PoolingHttpClientConnectionManager -- Connection leased: [id: 0][route: {}->http://localhost:3000][total available: 0; route allocated: 1 of 5; total allocated: 1 of 10]
22:35:20.262 [main] DEBUG org.apache.http.impl.execchain.MainClientExec -- Opening connection {}->http://localhost:3000
22:35:20.270 [main] DEBUG org.apache.http.impl.conn.DefaultHttpClientConnectionOperator -- Connecting to localhost/127.0.0.1:3000
22:35:20.272 [main] DEBUG org.apache.http.impl.conn.DefaultHttpClientConnectionOperator -- Connection established 127.0.0.1:64236<->127.0.0.1:3000
22:35:20.272 [main] DEBUG org.apache.http.impl.conn.DefaultManagedHttpClientConnection -- http-outgoing-0: set socket timeout to 5000
22:35:20.273 [main] DEBUG org.apache.http.impl.execchain.MainClientExec -- Executing request POST /auth/register HTTP/1.1
22:35:20.273 [main] DEBUG org.apache.http.impl.execchain.MainClientExec -- Target auth state: UNCHALLENGED
22:35:20.273 [main] DEBUG org.apache.http.impl.execchain.MainClientExec -- Proxy auth state: UNCHALLENGED
22:35:20.274 [main] DEBUG org.apache.http.headers -- http-outgoing-0 >> POST /auth/register HTTP/1.1
22:35:20.274 [main] DEBUG org.apache.http.headers -- http-outgoing-0 >> Content-Type: application/json; charset=UTF-8
22:35:20.275 [main] DEBUG org.apache.http.headers -- http-outgoing-0 >> Content-Length: 121
22:35:20.275 [main] DEBUG org.apache.http.headers -- http-outgoing-0 >> Host: localhost:3000
22:35:20.275 [main] DEBUG org.apache.http.headers -- http-outgoing-0 >> Connection: Keep-Alive
22:35:20.275 [main] DEBUG org.apache.http.headers -- http-outgoing-0 >> User-Agent: Apache-HttpClient/4.5.14 (Java/17.0.9)
22:35:20.275 [main] DEBUG org.apache.http.headers -- http-outgoing-0 >> Accept-Encoding: gzip,deflate
22:35:20.275 [main] DEBUG org.apache.http.wire -- http-outgoing-0 >> "POST /auth/register HTTP/1.1[\r][\n]"
22:35:20.275 [main] DEBUG org.apache.http.wire -- http-outgoing-0 >> "Content-Type: application/json; charset=UTF-8[\r][\n]"
22:35:20.275 [main] DEBUG org.apache.http.wire -- http-outgoing-0 >> "Content-Length: 121[\r][\n]"
22:35:20.275 [main] DEBUG org.apache.http.wire -- http-outgoing-0 >> "Host: localhost:3000[\r][\n]"
22:35:20.275 [main] DEBUG org.apache.http.wire -- http-outgoing-0 >> "Connection: Keep-Alive[\r][\n]"
22:35:20.275 [main] DEBUG org.apache.http.wire -- http-outgoing-0 >> "User-Agent: Apache-HttpClient/4.5.14 (Java/17.0.9)[\r][\n]"
22:35:20.275 [main] DEBUG org.apache.http.wire -- http-outgoing-0 >> "Accept-Encoding: gzip,deflate[\r][\n]"
22:35:20.275 [main] DEBUG org.apache.http.wire -- http-outgoing-0 >> "[\r][\n]"
22:35:20.275 [main] DEBUG org.apache.http.wire -- http-outgoing-0 >> "{"email":"test1@example.com","password":"Password123","name":"John Doe","username":"johndoe1","phoneNumber":"0987654321"}"
22:35:20.305 [main] DEBUG org.apache.http.wire -- http-outgoing-0 << "HTTP/1.1 409 Conflict[\r][\n]"
22:35:20.306 [main] DEBUG org.apache.http.wire -- http-outgoing-0 << "X-Powered-By: Express[\r][\n]"
22:35:20.306 [main] DEBUG org.apache.http.wire -- http-outgoing-0 << "Access-Control-Allow-Origin: *[\r][\n]"
22:35:20.306 [main] DEBUG org.apache.http.wire -- http-outgoing-0 << "Content-Type: application/json; charset=utf-8[\r][\n]"
22:35:20.306 [main] DEBUG org.apache.http.wire -- http-outgoing-0 << "Content-Length: 158[\r][\n]"
22:35:20.306 [main] DEBUG org.apache.http.wire -- http-outgoing-0 << "ETag: W/"9e-HqOA3W63RVIbcYeSMdlHe1skmPw"[\r][\n]"
22:35:20.306 [main] DEBUG org.apache.http.wire -- http-outgoing-0 << "Date: Tue, 17 Jun 2025 15:35:20 GMT[\r][\n]"
22:35:20.306 [main] DEBUG org.apache.http.wire -- http-outgoing-0 << "Connection: keep-alive[\r][\n]"
22:35:20.306 [main] DEBUG org.apache.http.wire -- http-outgoing-0 << "Keep-Alive: timeout=5[\r][\n]"
22:35:20.306 [main] DEBUG org.apache.http.wire -- http-outgoing-0 << "[\r][\n]"
22:35:20.306 [main] DEBUG org.apache.http.wire -- http-outgoing-0 << "{"success":false,"statusCode":409,"message":"Email ho[0xe1][0xba][0xb7]c t[0xc3][0xaa]n [0xc4][0x91][0xc4][0x83]ng nh[0xe1][0xba][0xad]p [0xc4][0x91][0xc3][0xa3] t[0xe1][0xbb][0x93]n t[0xe1][0xba][0xa1]i","path":"/auth/register","timestamp":"2025-06-17T15:35:20.305Z"}"
22:35:20.309 [main] DEBUG org.apache.http.headers -- http-outgoing-0 << HTTP/1.1 409 Conflict
22:35:20.309 [main] DEBUG org.apache.http.headers -- http-outgoing-0 << X-Powered-By: Express
22:35:20.309 [main] DEBUG org.apache.http.headers -- http-outgoing-0 << Access-Control-Allow-Origin: *
22:35:20.309 [main] DEBUG org.apache.http.headers -- http-outgoing-0 << Content-Type: application/json; charset=utf-8
22:35:20.309 [main] DEBUG org.apache.http.headers -- http-outgoing-0 << Content-Length: 158
22:35:20.309 [main] DEBUG org.apache.http.headers -- http-outgoing-0 << ETag: W/"9e-HqOA3W63RVIbcYeSMdlHe1skmPw"
22:35:20.309 [main] DEBUG org.apache.http.headers -- http-outgoing-0 << Date: Tue, 17 Jun 2025 15:35:20 GMT
22:35:20.309 [main] DEBUG org.apache.http.headers -- http-outgoing-0 << Connection: keep-alive
22:35:20.309 [main] DEBUG org.apache.http.headers -- http-outgoing-0 << Keep-Alive: timeout=5
22:35:20.312 [main] DEBUG org.apache.http.impl.execchain.MainClientExec -- Connection can be kept alive for 5000 MILLISECONDS
22:35:20.314 [main] DEBUG org.apache.http.impl.conn.PoolingHttpClientConnectionManager -- Connection [id: 0][route: {}->http://localhost:3000] can be kept alive for 5.0 seconds
22:35:20.314 [main] DEBUG org.apache.http.impl.conn.DefaultManagedHttpClientConnection -- http-outgoing-0: set socket timeout to 0
22:35:20.315 [main] DEBUG org.apache.http.impl.conn.PoolingHttpClientConnectionManager -- Connection released: [id: 0][route: {}->http://localhost:3000][total available: 1; route allocated: 1 of 5; total allocated: 1 of 10]
22:35:20.315 [main] DEBUG org.apache.http.impl.conn.PoolingHttpClientConnectionManager -- Connection manager is shutting down
22:35:20.315 [main] DEBUG org.apache.http.impl.conn.DefaultManagedHttpClientConnection -- http-outgoing-0: Close connection
22:35:20.316 [main] DEBUG org.apache.http.impl.conn.PoolingHttpClientConnectionManager -- Connection manager shut down
22:35:20.318 [main] DEBUG com.intuit.karate -- response time in milliseconds: 66
1 < 409
1 < X-Powered-By: Express
1 < Access-Control-Allow-Origin: *
1 < Content-Type: application/json; charset=utf-8
1 < Content-Length: 158
1 < ETag: W/"9e-HqOA3W63RVIbcYeSMdlHe1skmPw"
1 < Date: Tue, 17 Jun 2025 15:35:20 GMT
1 < Connection: keep-alive
1 < Keep-Alive: timeout=5
{
  "success": false,
  "statusCode": 409,
  "message": "Email ho?c tên ??ng nh?p ?ã t?n t?i",
  "path": "/auth/register",
  "timestamp": "2025-06-17T15:35:20.305Z"
}


22:35:20.321 [main] DEBUG com.intuit.karate.core.ScenarioEngine -- over-writing existing variable 'responseStatus' with new value: karate.get('responseStatus')
22:35:20.326 [main] DEBUG com.intuit.karate.core.ScenarioEngine -- over-writing existing variable 'response' with new value: karate.get('response')
22:35:20.329 [main] INFO com.intuit.karate -- [print] Register API called with: 
22:35:20.330 [main] INFO com.intuit.karate -- [print] Request: {
  "email": "test1@example.com",
  "password": "Password123",
  "name": "John Doe",
  "username": "johndoe1",
  "phoneNumber": "0987654321"
}
 
22:35:20.332 [main] INFO com.intuit.karate -- [print] Response Status: 409 
22:35:20.333 [main] INFO com.intuit.karate -- [print] Response Body: {
  "success": false,
  "statusCode": 409,
  "message": "Email ho?c tên ??ng nh?p ?ã t?n t?i",
  "path": "/auth/register",
  "timestamp": "2025-06-17T15:35:20.305Z"
}
 
22:35:20.350 [main] INFO com.intuit.karate -- ? TEST CASE #1 FAILED 
22:35:20.350 [main] INFO com.intuit.karate --   Expected Status: 201 
22:35:20.351 [main] INFO com.intuit.karate --   Actual Status: 409 
22:35:20.351 [main] INFO com.intuit.karate -- Actual Status: 409 
22:35:20.351 [main] INFO com.intuit.karate -- Actual Result: {"success":false,"statusCode":409,"message":"Email ho?c tên ??ng nh?p ?ã t?n t?i","path":"/auth/register","timestamp":"2025-06-17T15:35:20.305Z"} 
22:35:20.352 [main] INFO com.intuit.karate -- Test Result: FAIL 
22:35:20.352 [main] INFO com.intuit.karate -- ========================================== 
22:35:20.353 [main] INFO com.intuit.karate -- ========================================== 
22:35:20.353 [main] INFO com.intuit.karate -- ?ANG CH?Y TEST CASE #2/30 
22:35:20.354 [main] INFO com.intuit.karate -- Description: TC2: ??ng ký h?p l? - S? ?i?n tho?i 11 ch? s? 
22:35:20.354 [main] INFO com.intuit.karate -- Email: "test2@example.com" 
22:35:20.354 [main] INFO com.intuit.karate -- Password: "Password123" 
22:35:20.354 [main] INFO com.intuit.karate -- Name: "Jane Smith" 
22:35:20.354 [main] INFO com.intuit.karate -- Username: "janesmith" 
22:35:20.355 [main] INFO com.intuit.karate -- PhoneNumber: "01234567890" 
22:35:20.355 [main] INFO com.intuit.karate -- Expected Status: 201 
22:35:20.355 [main] INFO com.intuit.karate -- Expected Result: {"message": "User registered successfully"} 
22:35:20.355 [main] INFO com.intuit.karate -- ========================================== 
22:35:20.367 [main] INFO com.intuit.karate -- karate.env system property was: null 
22:35:20.369 [main] DEBUG com.jayway.jsonpath.internal.path.CompiledPath -- Evaluating path: $
22:35:20.373 [main] DEBUG org.apache.http.client.protocol.RequestAddCookies -- CookieSpec selected: karate
22:35:20.373 [main] DEBUG org.apache.http.client.protocol.RequestAuthCache -- Auth cache not set in the context
22:35:20.374 [main] DEBUG com.intuit.karate -- request:
1 > POST http://localhost:3000/auth/register
1 > Content-Type: application/json; charset=UTF-8
1 > Content-Length: 125
1 > Host: localhost:3000
1 > Connection: Keep-Alive
1 > User-Agent: Apache-HttpClient/4.5.14 (Java/17.0.9)
1 > Accept-Encoding: gzip,deflate
{
  "email": "test2@example.com",
  "password": "Password123",
  "name": "Jane Smith",
  "username": "janesmith",
  "phoneNumber": "01234567890"
}


22:35:20.374 [main] DEBUG org.apache.http.impl.conn.PoolingHttpClientConnectionManager -- Connection request: [route: {}->http://localhost:3000][total available: 0; route allocated: 0 of 5; total allocated: 0 of 10]
22:35:20.374 [main] DEBUG org.apache.http.impl.conn.PoolingHttpClientConnectionManager -- Connection leased: [id: 1][route: {}->http://localhost:3000][total available: 0; route allocated: 1 of 5; total allocated: 1 of 10]
22:35:20.374 [main] DEBUG org.apache.http.impl.execchain.MainClientExec -- Opening connection {}->http://localhost:3000
22:35:20.374 [main] DEBUG org.apache.http.impl.conn.DefaultHttpClientConnectionOperator -- Connecting to localhost/127.0.0.1:3000
22:35:20.374 [main] DEBUG org.apache.http.impl.conn.DefaultHttpClientConnectionOperator -- Connection established 127.0.0.1:64237<->127.0.0.1:3000
22:35:20.374 [main] DEBUG org.apache.http.impl.conn.DefaultManagedHttpClientConnection -- http-outgoing-1: set socket timeout to 5000
22:35:20.375 [main] DEBUG org.apache.http.impl.execchain.MainClientExec -- Executing request POST /auth/register HTTP/1.1
22:35:20.375 [main] DEBUG org.apache.http.impl.execchain.MainClientExec -- Target auth state: UNCHALLENGED
22:35:20.375 [main] DEBUG org.apache.http.impl.execchain.MainClientExec -- Proxy auth state: UNCHALLENGED
22:35:20.375 [main] DEBUG org.apache.http.headers -- http-outgoing-1 >> POST /auth/register HTTP/1.1
22:35:20.375 [main] DEBUG org.apache.http.headers -- http-outgoing-1 >> Content-Type: application/json; charset=UTF-8
22:35:20.375 [main] DEBUG org.apache.http.headers -- http-outgoing-1 >> Content-Length: 125
22:35:20.375 [main] DEBUG org.apache.http.headers -- http-outgoing-1 >> Host: localhost:3000
22:35:20.375 [main] DEBUG org.apache.http.headers -- http-outgoing-1 >> Connection: Keep-Alive
22:35:20.375 [main] DEBUG org.apache.http.headers -- http-outgoing-1 >> User-Agent: Apache-HttpClient/4.5.14 (Java/17.0.9)
22:35:20.375 [main] DEBUG org.apache.http.headers -- http-outgoing-1 >> Accept-Encoding: gzip,deflate
22:35:20.375 [main] DEBUG org.apache.http.wire -- http-outgoing-1 >> "POST /auth/register HTTP/1.1[\r][\n]"
22:35:20.375 [main] DEBUG org.apache.http.wire -- http-outgoing-1 >> "Content-Type: application/json; charset=UTF-8[\r][\n]"
22:35:20.375 [main] DEBUG org.apache.http.wire -- http-outgoing-1 >> "Content-Length: 125[\r][\n]"
22:35:20.375 [main] DEBUG org.apache.http.wire -- http-outgoing-1 >> "Host: localhost:3000[\r][\n]"
22:35:20.375 [main] DEBUG org.apache.http.wire -- http-outgoing-1 >> "Connection: Keep-Alive[\r][\n]"
22:35:20.375 [main] DEBUG org.apache.http.wire -- http-outgoing-1 >> "User-Agent: Apache-HttpClient/4.5.14 (Java/17.0.9)[\r][\n]"
22:35:20.375 [main] DEBUG org.apache.http.wire -- http-outgoing-1 >> "Accept-Encoding: gzip,deflate[\r][\n]"
22:35:20.375 [main] DEBUG org.apache.http.wire -- http-outgoing-1 >> "[\r][\n]"
22:35:20.375 [main] DEBUG org.apache.http.wire -- http-outgoing-1 >> "{"email":"test2@example.com","password":"Password123","name":"Jane Smith","username":"janesmith","phoneNumber":"01234567890"}"
22:35:20.406 [main] DEBUG org.apache.http.wire -- http-outgoing-1 << "HTTP/1.1 409 Conflict[\r][\n]"
22:35:20.406 [main] DEBUG org.apache.http.wire -- http-outgoing-1 << "X-Powered-By: Express[\r][\n]"
22:35:20.406 [main] DEBUG org.apache.http.wire -- http-outgoing-1 << "Access-Control-Allow-Origin: *[\r][\n]"
22:35:20.406 [main] DEBUG org.apache.http.wire -- http-outgoing-1 << "Content-Type: application/json; charset=utf-8[\r][\n]"
22:35:20.406 [main] DEBUG org.apache.http.wire -- http-outgoing-1 << "Content-Length: 158[\r][\n]"
22:35:20.406 [main] DEBUG org.apache.http.wire -- http-outgoing-1 << "ETag: W/"9e-6uo0AeyStHZU7yH92ZpAYD6jRtw"[\r][\n]"
22:35:20.406 [main] DEBUG org.apache.http.wire -- http-outgoing-1 << "Date: Tue, 17 Jun 2025 15:35:20 GMT[\r][\n]"
22:35:20.406 [main] DEBUG org.apache.http.wire -- http-outgoing-1 << "Connection: keep-alive[\r][\n]"
22:35:20.406 [main] DEBUG org.apache.http.wire -- http-outgoing-1 << "Keep-Alive: timeout=5[\r][\n]"
22:35:20.406 [main] DEBUG org.apache.http.wire -- http-outgoing-1 << "[\r][\n]"
22:35:20.406 [main] DEBUG org.apache.http.wire -- http-outgoing-1 << "{"success":false,"statusCode":409,"message":"Email ho[0xe1][0xba][0xb7]c t[0xc3][0xaa]n [0xc4][0x91][0xc4][0x83]ng nh[0xe1][0xba][0xad]p [0xc4][0x91][0xc3][0xa3] t[0xe1][0xbb][0x93]n t[0xe1][0xba][0xa1]i","path":"/auth/register","timestamp":"2025-06-17T15:35:20.405Z"}"
22:35:20.407 [main] DEBUG org.apache.http.headers -- http-outgoing-1 << HTTP/1.1 409 Conflict
22:35:20.407 [main] DEBUG org.apache.http.headers -- http-outgoing-1 << X-Powered-By: Express
22:35:20.407 [main] DEBUG org.apache.http.headers -- http-outgoing-1 << Access-Control-Allow-Origin: *
22:35:20.407 [main] DEBUG org.apache.http.headers -- http-outgoing-1 << Content-Type: application/json; charset=utf-8
22:35:20.407 [main] DEBUG org.apache.http.headers -- http-outgoing-1 << Content-Length: 158
22:35:20.407 [main] DEBUG org.apache.http.headers -- http-outgoing-1 << ETag: W/"9e-6uo0AeyStHZU7yH92ZpAYD6jRtw"
22:35:20.407 [main] DEBUG org.apache.http.headers -- http-outgoing-1 << Date: Tue, 17 Jun 2025 15:35:20 GMT
22:35:20.407 [main] DEBUG org.apache.http.headers -- http-outgoing-1 << Connection: keep-alive
22:35:20.407 [main] DEBUG org.apache.http.headers -- http-outgoing-1 << Keep-Alive: timeout=5
22:35:20.407 [main] DEBUG org.apache.http.impl.execchain.MainClientExec -- Connection can be kept alive for 5000 MILLISECONDS
22:35:20.407 [main] DEBUG org.apache.http.impl.conn.PoolingHttpClientConnectionManager -- Connection [id: 1][route: {}->http://localhost:3000] can be kept alive for 5.0 seconds
22:35:20.407 [main] DEBUG org.apache.http.impl.conn.DefaultManagedHttpClientConnection -- http-outgoing-1: set socket timeout to 0
22:35:20.407 [main] DEBUG org.apache.http.impl.conn.PoolingHttpClientConnectionManager -- Connection released: [id: 1][route: {}->http://localhost:3000][total available: 1; route allocated: 1 of 5; total allocated: 1 of 10]
22:35:20.407 [main] DEBUG org.apache.http.impl.conn.PoolingHttpClientConnectionManager -- Connection manager is shutting down
22:35:20.407 [main] DEBUG org.apache.http.impl.conn.DefaultManagedHttpClientConnection -- http-outgoing-1: Close connection
22:35:20.408 [main] DEBUG org.apache.http.impl.conn.PoolingHttpClientConnectionManager -- Connection manager shut down
22:35:20.408 [main] DEBUG com.intuit.karate -- response time in milliseconds: 33
1 < 409
1 < X-Powered-By: Express
1 < Access-Control-Allow-Origin: *
1 < Content-Type: application/json; charset=utf-8
1 < Content-Length: 158
1 < ETag: W/"9e-6uo0AeyStHZU7yH92ZpAYD6jRtw"
1 < Date: Tue, 17 Jun 2025 15:35:20 GMT
1 < Connection: keep-alive
1 < Keep-Alive: timeout=5
{
  "success": false,
  "statusCode": 409,
  "message": "Email ho?c tên ??ng nh?p ?ã t?n t?i",
  "path": "/auth/register",
  "timestamp": "2025-06-17T15:35:20.405Z"
}


22:35:20.410 [main] DEBUG com.intuit.karate.core.ScenarioEngine -- over-writing existing variable 'responseStatus' with new value: karate.get('responseStatus')
22:35:20.410 [main] DEBUG com.intuit.karate.core.ScenarioEngine -- over-writing existing variable 'response' with new value: karate.get('response')
22:35:20.412 [main] INFO com.intuit.karate -- [print] Register API called with: 
22:35:20.413 [main] INFO com.intuit.karate -- [print] Request: {
  "email": "test2@example.com",
  "password": "Password123",
  "name": "Jane Smith",
  "username": "janesmith",
  "phoneNumber": "01234567890"
}
 
22:35:20.414 [main] INFO com.intuit.karate -- [print] Response Status: 409 
22:35:20.414 [main] INFO com.intuit.karate -- [print] Response Body: {
  "success": false,
  "statusCode": 409,
  "message": "Email ho?c tên ??ng nh?p ?ã t?n t?i",
  "path": "/auth/register",
  "timestamp": "2025-06-17T15:35:20.405Z"
}
 
22:35:20.416 [main] INFO com.intuit.karate -- ? TEST CASE #2 FAILED 
22:35:20.417 [main] INFO com.intuit.karate --   Expected Status: 201 
22:35:20.417 [main] INFO com.intuit.karate --   Actual Status: 409 
22:35:20.417 [main] INFO com.intuit.karate -- Actual Status: 409 
22:35:20.417 [main] INFO com.intuit.karate -- Actual Result: {"success":false,"statusCode":409,"message":"Email ho?c tên ??ng nh?p ?ã t?n t?i","path":"/auth/register","timestamp":"2025-06-17T15:35:20.405Z"} 
22:35:20.417 [main] INFO com.intuit.karate -- Test Result: FAIL 
22:35:20.417 [main] INFO com.intuit.karate -- ========================================== 
22:35:20.418 [main] INFO com.intuit.karate -- ========================================== 
22:35:20.418 [main] INFO com.intuit.karate -- ?ANG CH?Y TEST CASE #3/30 
22:35:20.418 [main] INFO com.intuit.karate -- Description: TC3: Thi?u tr??ng email - Ki?m tra khi thi?u email 
22:35:20.418 [main] INFO com.intuit.karate -- Email: "" 
22:35:20.418 [main] INFO com.intuit.karate -- Password: "Password123" 
22:35:20.418 [main] INFO com.intuit.karate -- Name: "John Doe" 
22:35:20.419 [main] INFO com.intuit.karate -- Username: "johndoe3" 
22:35:20.419 [main] INFO com.intuit.karate -- PhoneNumber: "0987654321" 
22:35:20.419 [main] INFO com.intuit.karate -- Expected Status: 400 
22:35:20.419 [main] INFO com.intuit.karate -- Expected Result: {"error": "Email is required"} 
22:35:20.419 [main] INFO com.intuit.karate -- ========================================== 
22:35:20.432 [main] INFO com.intuit.karate -- karate.env system property was: null 
22:35:20.434 [main] DEBUG com.jayway.jsonpath.internal.path.CompiledPath -- Evaluating path: $
22:35:20.436 [main] DEBUG org.apache.http.client.protocol.RequestAddCookies -- CookieSpec selected: karate
22:35:20.437 [main] DEBUG org.apache.http.client.protocol.RequestAuthCache -- Auth cache not set in the context
22:35:20.437 [main] DEBUG com.intuit.karate -- request:
1 > POST http://localhost:3000/auth/register
1 > Content-Type: application/json; charset=UTF-8
1 > Content-Length: 104
1 > Host: localhost:3000
1 > Connection: Keep-Alive
1 > User-Agent: Apache-HttpClient/4.5.14 (Java/17.0.9)
1 > Accept-Encoding: gzip,deflate
{
  "email": "",
  "password": "Password123",
  "name": "John Doe",
  "username": "johndoe3",
  "phoneNumber": "0987654321"
}


22:35:20.437 [main] DEBUG org.apache.http.impl.conn.PoolingHttpClientConnectionManager -- Connection request: [route: {}->http://localhost:3000][total available: 0; route allocated: 0 of 5; total allocated: 0 of 10]
22:35:20.437 [main] DEBUG org.apache.http.impl.conn.PoolingHttpClientConnectionManager -- Connection leased: [id: 2][route: {}->http://localhost:3000][total available: 0; route allocated: 1 of 5; total allocated: 1 of 10]
22:35:20.437 [main] DEBUG org.apache.http.impl.execchain.MainClientExec -- Opening connection {}->http://localhost:3000
22:35:20.438 [main] DEBUG org.apache.http.impl.conn.DefaultHttpClientConnectionOperator -- Connecting to localhost/127.0.0.1:3000
22:35:20.438 [main] DEBUG org.apache.http.impl.conn.DefaultHttpClientConnectionOperator -- Connection established 127.0.0.1:64238<->127.0.0.1:3000
22:35:20.438 [main] DEBUG org.apache.http.impl.conn.DefaultManagedHttpClientConnection -- http-outgoing-2: set socket timeout to 5000
22:35:20.438 [main] DEBUG org.apache.http.impl.execchain.MainClientExec -- Executing request POST /auth/register HTTP/1.1
22:35:20.438 [main] DEBUG org.apache.http.impl.execchain.MainClientExec -- Target auth state: UNCHALLENGED
22:35:20.438 [main] DEBUG org.apache.http.impl.execchain.MainClientExec -- Proxy auth state: UNCHALLENGED
22:35:20.438 [main] DEBUG org.apache.http.headers -- http-outgoing-2 >> POST /auth/register HTTP/1.1
22:35:20.439 [main] DEBUG org.apache.http.headers -- http-outgoing-2 >> Content-Type: application/json; charset=UTF-8
22:35:20.439 [main] DEBUG org.apache.http.headers -- http-outgoing-2 >> Content-Length: 104
22:35:20.439 [main] DEBUG org.apache.http.headers -- http-outgoing-2 >> Host: localhost:3000
22:35:20.439 [main] DEBUG org.apache.http.headers -- http-outgoing-2 >> Connection: Keep-Alive
22:35:20.439 [main] DEBUG org.apache.http.headers -- http-outgoing-2 >> User-Agent: Apache-HttpClient/4.5.14 (Java/17.0.9)
22:35:20.439 [main] DEBUG org.apache.http.headers -- http-outgoing-2 >> Accept-Encoding: gzip,deflate
22:35:20.439 [main] DEBUG org.apache.http.wire -- http-outgoing-2 >> "POST /auth/register HTTP/1.1[\r][\n]"
22:35:20.439 [main] DEBUG org.apache.http.wire -- http-outgoing-2 >> "Content-Type: application/json; charset=UTF-8[\r][\n]"
22:35:20.439 [main] DEBUG org.apache.http.wire -- http-outgoing-2 >> "Content-Length: 104[\r][\n]"
22:35:20.439 [main] DEBUG org.apache.http.wire -- http-outgoing-2 >> "Host: localhost:3000[\r][\n]"
22:35:20.439 [main] DEBUG org.apache.http.wire -- http-outgoing-2 >> "Connection: Keep-Alive[\r][\n]"
22:35:20.439 [main] DEBUG org.apache.http.wire -- http-outgoing-2 >> "User-Agent: Apache-HttpClient/4.5.14 (Java/17.0.9)[\r][\n]"
22:35:20.439 [main] DEBUG org.apache.http.wire -- http-outgoing-2 >> "Accept-Encoding: gzip,deflate[\r][\n]"
22:35:20.439 [main] DEBUG org.apache.http.wire -- http-outgoing-2 >> "[\r][\n]"
22:35:20.439 [main] DEBUG org.apache.http.wire -- http-outgoing-2 >> "{"email":"","password":"Password123","name":"John Doe","username":"johndoe3","phoneNumber":"0987654321"}"
22:35:20.440 [main] DEBUG org.apache.http.wire -- http-outgoing-2 << "HTTP/1.1 400 Bad Request[\r][\n]"
22:35:20.441 [main] DEBUG org.apache.http.wire -- http-outgoing-2 << "X-Powered-By: Express[\r][\n]"
22:35:20.441 [main] DEBUG org.apache.http.wire -- http-outgoing-2 << "Access-Control-Allow-Origin: *[\r][\n]"
22:35:20.441 [main] DEBUG org.apache.http.wire -- http-outgoing-2 << "Content-Type: application/json; charset=utf-8[\r][\n]"
22:35:20.441 [main] DEBUG org.apache.http.wire -- http-outgoing-2 << "Content-Length: 139[\r][\n]"
22:35:20.441 [main] DEBUG org.apache.http.wire -- http-outgoing-2 << "ETag: W/"8b-HfIWTShhWprJxPCLHQM6xwhO2TM"[\r][\n]"
22:35:20.441 [main] DEBUG org.apache.http.wire -- http-outgoing-2 << "Date: Tue, 17 Jun 2025 15:35:20 GMT[\r][\n]"
22:35:20.441 [main] DEBUG org.apache.http.wire -- http-outgoing-2 << "Connection: keep-alive[\r][\n]"
22:35:20.441 [main] DEBUG org.apache.http.wire -- http-outgoing-2 << "Keep-Alive: timeout=5[\r][\n]"
22:35:20.441 [main] DEBUG org.apache.http.wire -- http-outgoing-2 << "[\r][\n]"
22:35:20.441 [main] DEBUG org.apache.http.wire -- http-outgoing-2 << "{"success":false,"statusCode":400,"message":"D[0xe1][0xbb][0xaf] li[0xe1][0xbb][0x87]u kh[0xc3][0xb4]ng h[0xe1][0xbb][0xa3]p l[0xe1][0xbb][0x87]","path":"/auth/register","timestamp":"2025-06-17T15:35:20.441Z"}"
22:35:20.441 [main] DEBUG org.apache.http.headers -- http-outgoing-2 << HTTP/1.1 400 Bad Request
22:35:20.441 [main] DEBUG org.apache.http.headers -- http-outgoing-2 << X-Powered-By: Express
22:35:20.441 [main] DEBUG org.apache.http.headers -- http-outgoing-2 << Access-Control-Allow-Origin: *
22:35:20.441 [main] DEBUG org.apache.http.headers -- http-outgoing-2 << Content-Type: application/json; charset=utf-8
22:35:20.441 [main] DEBUG org.apache.http.headers -- http-outgoing-2 << Content-Length: 139
22:35:20.441 [main] DEBUG org.apache.http.headers -- http-outgoing-2 << ETag: W/"8b-HfIWTShhWprJxPCLHQM6xwhO2TM"
22:35:20.441 [main] DEBUG org.apache.http.headers -- http-outgoing-2 << Date: Tue, 17 Jun 2025 15:35:20 GMT
22:35:20.441 [main] DEBUG org.apache.http.headers -- http-outgoing-2 << Connection: keep-alive
22:35:20.441 [main] DEBUG org.apache.http.headers -- http-outgoing-2 << Keep-Alive: timeout=5
22:35:20.442 [main] DEBUG org.apache.http.impl.execchain.MainClientExec -- Connection can be kept alive for 5000 MILLISECONDS
22:35:20.442 [main] DEBUG org.apache.http.impl.conn.PoolingHttpClientConnectionManager -- Connection [id: 2][route: {}->http://localhost:3000] can be kept alive for 5.0 seconds
22:35:20.442 [main] DEBUG org.apache.http.impl.conn.DefaultManagedHttpClientConnection -- http-outgoing-2: set socket timeout to 0
22:35:20.442 [main] DEBUG org.apache.http.impl.conn.PoolingHttpClientConnectionManager -- Connection released: [id: 2][route: {}->http://localhost:3000][total available: 1; route allocated: 1 of 5; total allocated: 1 of 10]
22:35:20.442 [main] DEBUG org.apache.http.impl.conn.PoolingHttpClientConnectionManager -- Connection manager is shutting down
22:35:20.442 [main] DEBUG org.apache.http.impl.conn.DefaultManagedHttpClientConnection -- http-outgoing-2: Close connection
22:35:20.442 [main] DEBUG org.apache.http.impl.conn.PoolingHttpClientConnectionManager -- Connection manager shut down
22:35:20.443 [main] DEBUG com.intuit.karate -- response time in milliseconds: 5
1 < 400
1 < X-Powered-By: Express
1 < Access-Control-Allow-Origin: *
1 < Content-Type: application/json; charset=utf-8
1 < Content-Length: 139
1 < ETag: W/"8b-HfIWTShhWprJxPCLHQM6xwhO2TM"
1 < Date: Tue, 17 Jun 2025 15:35:20 GMT
1 < Connection: keep-alive
1 < Keep-Alive: timeout=5
{
  "success": false,
  "statusCode": 400,
  "message": "D? li?u không h?p l?",
  "path": "/auth/register",
  "timestamp": "2025-06-17T15:35:20.441Z"
}


22:35:20.445 [main] DEBUG com.intuit.karate.core.ScenarioEngine -- over-writing existing variable 'responseStatus' with new value: karate.get('responseStatus')
22:35:20.446 [main] DEBUG com.intuit.karate.core.ScenarioEngine -- over-writing existing variable 'response' with new value: karate.get('response')
22:35:20.447 [main] INFO com.intuit.karate -- [print] Register API called with: 
22:35:20.448 [main] INFO com.intuit.karate -- [print] Request: {
  "email": "",
  "password": "Password123",
  "name": "John Doe",
  "username": "johndoe3",
  "phoneNumber": "0987654321"
}
 
22:35:20.449 [main] INFO com.intuit.karate -- [print] Response Status: 400 
22:35:20.449 [main] INFO com.intuit.karate -- [print] Response Body: {
  "success": false,
  "statusCode": 400,
  "message": "D? li?u không h?p l?",
  "path": "/auth/register",
  "timestamp": "2025-06-17T15:35:20.441Z"
}
 
22:35:20.450 [main] INFO com.intuit.karate -- ? TEST CASE #3 PASSED 
22:35:20.450 [main] INFO com.intuit.karate -- Actual Status: 400 
22:35:20.450 [main] INFO com.intuit.karate -- Actual Result: {"success":false,"statusCode":400,"message":"D? li?u không h?p l?","path":"/auth/register","timestamp":"2025-06-17T15:35:20.441Z"} 
22:35:20.451 [main] INFO com.intuit.karate -- Test Result: PASS 
22:35:20.451 [main] INFO com.intuit.karate -- ========================================== 
22:35:20.451 [main] INFO com.intuit.karate -- ========================================== 
22:35:20.451 [main] INFO com.intuit.karate -- ?ANG CH?Y TEST CASE #4/30 
22:35:20.451 [main] INFO com.intuit.karate -- Description: TC4: Thi?u tr??ng password - Ki?m tra khi thi?u password 
22:35:20.452 [main] INFO com.intuit.karate -- Email: "test4@example.com" 
22:35:20.452 [main] INFO com.intuit.karate -- Password: "" 
22:35:20.452 [main] INFO com.intuit.karate -- Name: "John Doe" 
22:35:20.452 [main] INFO com.intuit.karate -- Username: "johndoe4" 
22:35:20.453 [main] INFO com.intuit.karate -- PhoneNumber: "0987654321" 
22:35:20.453 [main] INFO com.intuit.karate -- Expected Status: 400 
22:35:20.453 [main] INFO com.intuit.karate -- Expected Result: {"error": "Password is required"} 
22:35:20.453 [main] INFO com.intuit.karate -- ========================================== 
22:35:20.466 [main] INFO com.intuit.karate -- karate.env system property was: null 
22:35:20.467 [main] DEBUG com.jayway.jsonpath.internal.path.CompiledPath -- Evaluating path: $
22:35:20.470 [main] DEBUG org.apache.http.client.protocol.RequestAddCookies -- CookieSpec selected: karate
22:35:20.470 [main] DEBUG org.apache.http.client.protocol.RequestAuthCache -- Auth cache not set in the context
22:35:20.470 [main] DEBUG com.intuit.karate -- request:
1 > POST http://localhost:3000/auth/register
1 > Content-Type: application/json; charset=UTF-8
1 > Content-Length: 110
1 > Host: localhost:3000
1 > Connection: Keep-Alive
1 > User-Agent: Apache-HttpClient/4.5.14 (Java/17.0.9)
1 > Accept-Encoding: gzip,deflate
{
  "email": "test4@example.com",
  "password": "",
  "name": "John Doe",
  "username": "johndoe4",
  "phoneNumber": "0987654321"
}


22:35:20.470 [main] DEBUG org.apache.http.impl.conn.PoolingHttpClientConnectionManager -- Connection request: [route: {}->http://localhost:3000][total available: 0; route allocated: 0 of 5; total allocated: 0 of 10]
22:35:20.470 [main] DEBUG org.apache.http.impl.conn.PoolingHttpClientConnectionManager -- Connection leased: [id: 3][route: {}->http://localhost:3000][total available: 0; route allocated: 1 of 5; total allocated: 1 of 10]
22:35:20.470 [main] DEBUG org.apache.http.impl.execchain.MainClientExec -- Opening connection {}->http://localhost:3000
22:35:20.471 [main] DEBUG org.apache.http.impl.conn.DefaultHttpClientConnectionOperator -- Connecting to localhost/127.0.0.1:3000
22:35:20.471 [main] DEBUG org.apache.http.impl.conn.DefaultHttpClientConnectionOperator -- Connection established 127.0.0.1:64239<->127.0.0.1:3000
22:35:20.471 [main] DEBUG org.apache.http.impl.conn.DefaultManagedHttpClientConnection -- http-outgoing-3: set socket timeout to 5000
22:35:20.471 [main] DEBUG org.apache.http.impl.execchain.MainClientExec -- Executing request POST /auth/register HTTP/1.1
22:35:20.471 [main] DEBUG org.apache.http.impl.execchain.MainClientExec -- Target auth state: UNCHALLENGED
22:35:20.472 [main] DEBUG org.apache.http.impl.execchain.MainClientExec -- Proxy auth state: UNCHALLENGED
22:35:20.472 [main] DEBUG org.apache.http.headers -- http-outgoing-3 >> POST /auth/register HTTP/1.1
22:35:20.472 [main] DEBUG org.apache.http.headers -- http-outgoing-3 >> Content-Type: application/json; charset=UTF-8
22:35:20.472 [main] DEBUG org.apache.http.headers -- http-outgoing-3 >> Content-Length: 110
22:35:20.472 [main] DEBUG org.apache.http.headers -- http-outgoing-3 >> Host: localhost:3000
22:35:20.472 [main] DEBUG org.apache.http.headers -- http-outgoing-3 >> Connection: Keep-Alive
22:35:20.472 [main] DEBUG org.apache.http.headers -- http-outgoing-3 >> User-Agent: Apache-HttpClient/4.5.14 (Java/17.0.9)
22:35:20.472 [main] DEBUG org.apache.http.headers -- http-outgoing-3 >> Accept-Encoding: gzip,deflate
22:35:20.472 [main] DEBUG org.apache.http.wire -- http-outgoing-3 >> "POST /auth/register HTTP/1.1[\r][\n]"
22:35:20.472 [main] DEBUG org.apache.http.wire -- http-outgoing-3 >> "Content-Type: application/json; charset=UTF-8[\r][\n]"
22:35:20.472 [main] DEBUG org.apache.http.wire -- http-outgoing-3 >> "Content-Length: 110[\r][\n]"
22:35:20.472 [main] DEBUG org.apache.http.wire -- http-outgoing-3 >> "Host: localhost:3000[\r][\n]"
22:35:20.472 [main] DEBUG org.apache.http.wire -- http-outgoing-3 >> "Connection: Keep-Alive[\r][\n]"
22:35:20.472 [main] DEBUG org.apache.http.wire -- http-outgoing-3 >> "User-Agent: Apache-HttpClient/4.5.14 (Java/17.0.9)[\r][\n]"
22:35:20.472 [main] DEBUG org.apache.http.wire -- http-outgoing-3 >> "Accept-Encoding: gzip,deflate[\r][\n]"
22:35:20.472 [main] DEBUG org.apache.http.wire -- http-outgoing-3 >> "[\r][\n]"
22:35:20.472 [main] DEBUG org.apache.http.wire -- http-outgoing-3 >> "{"email":"test4@example.com","password":"","name":"John Doe","username":"johndoe4","phoneNumber":"0987654321"}"
22:35:20.474 [main] DEBUG org.apache.http.wire -- http-outgoing-3 << "HTTP/1.1 400 Bad Request[\r][\n]"
22:35:20.475 [main] DEBUG org.apache.http.wire -- http-outgoing-3 << "X-Powered-By: Express[\r][\n]"
22:35:20.475 [main] DEBUG org.apache.http.wire -- http-outgoing-3 << "Access-Control-Allow-Origin: *[\r][\n]"
22:35:20.475 [main] DEBUG org.apache.http.wire -- http-outgoing-3 << "Content-Type: application/json; charset=utf-8[\r][\n]"
22:35:20.475 [main] DEBUG org.apache.http.wire -- http-outgoing-3 << "Content-Length: 139[\r][\n]"
22:35:20.475 [main] DEBUG org.apache.http.wire -- http-outgoing-3 << "ETag: W/"8b-RV8gnMskuxg4A9gzjbL7pVC8Wrs"[\r][\n]"
22:35:20.475 [main] DEBUG org.apache.http.wire -- http-outgoing-3 << "Date: Tue, 17 Jun 2025 15:35:20 GMT[\r][\n]"
22:35:20.475 [main] DEBUG org.apache.http.wire -- http-outgoing-3 << "Connection: keep-alive[\r][\n]"
22:35:20.475 [main] DEBUG org.apache.http.wire -- http-outgoing-3 << "Keep-Alive: timeout=5[\r][\n]"
22:35:20.475 [main] DEBUG org.apache.http.wire -- http-outgoing-3 << "[\r][\n]"
22:35:20.475 [main] DEBUG org.apache.http.wire -- http-outgoing-3 << "{"success":false,"statusCode":400,"message":"D[0xe1][0xbb][0xaf] li[0xe1][0xbb][0x87]u kh[0xc3][0xb4]ng h[0xe1][0xbb][0xa3]p l[0xe1][0xbb][0x87]","path":"/auth/register","timestamp":"2025-06-17T15:35:20.474Z"}"
22:35:20.475 [main] DEBUG org.apache.http.headers -- http-outgoing-3 << HTTP/1.1 400 Bad Request
22:35:20.475 [main] DEBUG org.apache.http.headers -- http-outgoing-3 << X-Powered-By: Express
22:35:20.475 [main] DEBUG org.apache.http.headers -- http-outgoing-3 << Access-Control-Allow-Origin: *
22:35:20.475 [main] DEBUG org.apache.http.headers -- http-outgoing-3 << Content-Type: application/json; charset=utf-8
22:35:20.475 [main] DEBUG org.apache.http.headers -- http-outgoing-3 << Content-Length: 139
22:35:20.475 [main] DEBUG org.apache.http.headers -- http-outgoing-3 << ETag: W/"8b-RV8gnMskuxg4A9gzjbL7pVC8Wrs"
22:35:20.475 [main] DEBUG org.apache.http.headers -- http-outgoing-3 << Date: Tue, 17 Jun 2025 15:35:20 GMT
22:35:20.475 [main] DEBUG org.apache.http.headers -- http-outgoing-3 << Connection: keep-alive
22:35:20.475 [main] DEBUG org.apache.http.headers -- http-outgoing-3 << Keep-Alive: timeout=5
22:35:20.476 [main] DEBUG org.apache.http.impl.execchain.MainClientExec -- Connection can be kept alive for 5000 MILLISECONDS
22:35:20.476 [main] DEBUG org.apache.http.impl.conn.PoolingHttpClientConnectionManager -- Connection [id: 3][route: {}->http://localhost:3000] can be kept alive for 5.0 seconds
22:35:20.476 [main] DEBUG org.apache.http.impl.conn.DefaultManagedHttpClientConnection -- http-outgoing-3: set socket timeout to 0
22:35:20.476 [main] DEBUG org.apache.http.impl.conn.PoolingHttpClientConnectionManager -- Connection released: [id: 3][route: {}->http://localhost:3000][total available: 1; route allocated: 1 of 5; total allocated: 1 of 10]
22:35:20.476 [main] DEBUG org.apache.http.impl.conn.PoolingHttpClientConnectionManager -- Connection manager is shutting down
22:35:20.476 [main] DEBUG org.apache.http.impl.conn.DefaultManagedHttpClientConnection -- http-outgoing-3: Close connection
22:35:20.476 [main] DEBUG org.apache.http.impl.conn.PoolingHttpClientConnectionManager -- Connection manager shut down
22:35:20.476 [main] DEBUG com.intuit.karate -- response time in milliseconds: 6
1 < 400
1 < X-Powered-By: Express
1 < Access-Control-Allow-Origin: *
1 < Content-Type: application/json; charset=utf-8
1 < Content-Length: 139
1 < ETag: W/"8b-RV8gnMskuxg4A9gzjbL7pVC8Wrs"
1 < Date: Tue, 17 Jun 2025 15:35:20 GMT
1 < Connection: keep-alive
1 < Keep-Alive: timeout=5
{
  "success": false,
  "statusCode": 400,
  "message": "D? li?u không h?p l?",
  "path": "/auth/register",
  "timestamp": "2025-06-17T15:35:20.474Z"
}


22:35:20.477 [main] DEBUG com.intuit.karate.core.ScenarioEngine -- over-writing existing variable 'responseStatus' with new value: karate.get('responseStatus')
22:35:20.478 [main] DEBUG com.intuit.karate.core.ScenarioEngine -- over-writing existing variable 'response' with new value: karate.get('response')
22:35:20.479 [main] INFO com.intuit.karate -- [print] Register API called with: 
22:35:20.479 [main] INFO com.intuit.karate -- [print] Request: {
  "email": "test4@example.com",
  "password": "",
  "name": "John Doe",
  "username": "johndoe4",
  "phoneNumber": "0987654321"
}
 
22:35:20.479 [main] INFO com.intuit.karate -- [print] Response Status: 400 
22:35:20.479 [main] INFO com.intuit.karate -- [print] Response Body: {
  "success": false,
  "statusCode": 400,
  "message": "D? li?u không h?p l?",
  "path": "/auth/register",
  "timestamp": "2025-06-17T15:35:20.474Z"
}
 
22:35:20.480 [main] INFO com.intuit.karate -- ? TEST CASE #4 PASSED 
22:35:20.481 [main] INFO com.intuit.karate -- Actual Status: 400 
22:35:20.481 [main] INFO com.intuit.karate -- Actual Result: {"success":false,"statusCode":400,"message":"D? li?u không h?p l?","path":"/auth/register","timestamp":"2025-06-17T15:35:20.474Z"} 
22:35:20.481 [main] INFO com.intuit.karate -- Test Result: PASS 
22:35:20.481 [main] INFO com.intuit.karate -- ========================================== 
22:35:20.481 [main] INFO com.intuit.karate -- ========================================== 
22:35:20.482 [main] INFO com.intuit.karate -- ?ANG CH?Y TEST CASE #5/30 
22:35:20.482 [main] INFO com.intuit.karate -- Description: TC5: Thi?u tr??ng name - Ki?m tra khi thi?u name 
22:35:20.482 [main] INFO com.intuit.karate -- Email: "test5@example.com" 
22:35:20.482 [main] INFO com.intuit.karate -- Password: "Password123" 
22:35:20.482 [main] INFO com.intuit.karate -- Name: "" 
22:35:20.482 [main] INFO com.intuit.karate -- Username: "johndoe5" 
22:35:20.482 [main] INFO com.intuit.karate -- PhoneNumber: "0987654321" 
22:35:20.482 [main] INFO com.intuit.karate -- Expected Status: 400 
22:35:20.483 [main] INFO com.intuit.karate -- Expected Result: {"error": "Name is required"} 
22:35:20.483 [main] INFO com.intuit.karate -- ========================================== 
22:35:20.497 [main] INFO com.intuit.karate -- karate.env system property was: null 
22:35:20.499 [main] DEBUG com.jayway.jsonpath.internal.path.CompiledPath -- Evaluating path: $
22:35:20.501 [main] DEBUG org.apache.http.client.protocol.RequestAddCookies -- CookieSpec selected: karate
22:35:20.501 [main] DEBUG org.apache.http.client.protocol.RequestAuthCache -- Auth cache not set in the context
22:35:20.501 [main] DEBUG com.intuit.karate -- request:
1 > POST http://localhost:3000/auth/register
1 > Content-Type: application/json; charset=UTF-8
1 > Content-Length: 113
1 > Host: localhost:3000
1 > Connection: Keep-Alive
1 > User-Agent: Apache-HttpClient/4.5.14 (Java/17.0.9)
1 > Accept-Encoding: gzip,deflate
{
  "email": "test5@example.com",
  "password": "Password123",
  "name": "",
  "username": "johndoe5",
  "phoneNumber": "0987654321"
}


22:35:20.502 [main] DEBUG org.apache.http.impl.conn.PoolingHttpClientConnectionManager -- Connection request: [route: {}->http://localhost:3000][total available: 0; route allocated: 0 of 5; total allocated: 0 of 10]
22:35:20.502 [main] DEBUG org.apache.http.impl.conn.PoolingHttpClientConnectionManager -- Connection leased: [id: 4][route: {}->http://localhost:3000][total available: 0; route allocated: 1 of 5; total allocated: 1 of 10]
22:35:20.502 [main] DEBUG org.apache.http.impl.execchain.MainClientExec -- Opening connection {}->http://localhost:3000
22:35:20.502 [main] DEBUG org.apache.http.impl.conn.DefaultHttpClientConnectionOperator -- Connecting to localhost/127.0.0.1:3000
22:35:20.503 [main] DEBUG org.apache.http.impl.conn.DefaultHttpClientConnectionOperator -- Connection established 127.0.0.1:64240<->127.0.0.1:3000
22:35:20.503 [main] DEBUG org.apache.http.impl.conn.DefaultManagedHttpClientConnection -- http-outgoing-4: set socket timeout to 5000
22:35:20.503 [main] DEBUG org.apache.http.impl.execchain.MainClientExec -- Executing request POST /auth/register HTTP/1.1
22:35:20.503 [main] DEBUG org.apache.http.impl.execchain.MainClientExec -- Target auth state: UNCHALLENGED
22:35:20.503 [main] DEBUG org.apache.http.impl.execchain.MainClientExec -- Proxy auth state: UNCHALLENGED
22:35:20.503 [main] DEBUG org.apache.http.headers -- http-outgoing-4 >> POST /auth/register HTTP/1.1
22:35:20.503 [main] DEBUG org.apache.http.headers -- http-outgoing-4 >> Content-Type: application/json; charset=UTF-8
22:35:20.503 [main] DEBUG org.apache.http.headers -- http-outgoing-4 >> Content-Length: 113
22:35:20.503 [main] DEBUG org.apache.http.headers -- http-outgoing-4 >> Host: localhost:3000
22:35:20.503 [main] DEBUG org.apache.http.headers -- http-outgoing-4 >> Connection: Keep-Alive
22:35:20.503 [main] DEBUG org.apache.http.headers -- http-outgoing-4 >> User-Agent: Apache-HttpClient/4.5.14 (Java/17.0.9)
22:35:20.503 [main] DEBUG org.apache.http.headers -- http-outgoing-4 >> Accept-Encoding: gzip,deflate
22:35:20.503 [main] DEBUG org.apache.http.wire -- http-outgoing-4 >> "POST /auth/register HTTP/1.1[\r][\n]"
22:35:20.503 [main] DEBUG org.apache.http.wire -- http-outgoing-4 >> "Content-Type: application/json; charset=UTF-8[\r][\n]"
22:35:20.503 [main] DEBUG org.apache.http.wire -- http-outgoing-4 >> "Content-Length: 113[\r][\n]"
22:35:20.503 [main] DEBUG org.apache.http.wire -- http-outgoing-4 >> "Host: localhost:3000[\r][\n]"
22:35:20.503 [main] DEBUG org.apache.http.wire -- http-outgoing-4 >> "Connection: Keep-Alive[\r][\n]"
22:35:20.503 [main] DEBUG org.apache.http.wire -- http-outgoing-4 >> "User-Agent: Apache-HttpClient/4.5.14 (Java/17.0.9)[\r][\n]"
22:35:20.503 [main] DEBUG org.apache.http.wire -- http-outgoing-4 >> "Accept-Encoding: gzip,deflate[\r][\n]"
22:35:20.503 [main] DEBUG org.apache.http.wire -- http-outgoing-4 >> "[\r][\n]"
22:35:20.503 [main] DEBUG org.apache.http.wire -- http-outgoing-4 >> "{"email":"test5@example.com","password":"Password123","name":"","username":"johndoe5","phoneNumber":"0987654321"}"
22:35:20.505 [main] DEBUG org.apache.http.wire -- http-outgoing-4 << "HTTP/1.1 400 Bad Request[\r][\n]"
22:35:20.505 [main] DEBUG org.apache.http.wire -- http-outgoing-4 << "X-Powered-By: Express[\r][\n]"
22:35:20.505 [main] DEBUG org.apache.http.wire -- http-outgoing-4 << "Access-Control-Allow-Origin: *[\r][\n]"
22:35:20.505 [main] DEBUG org.apache.http.wire -- http-outgoing-4 << "Content-Type: application/json; charset=utf-8[\r][\n]"
22:35:20.505 [main] DEBUG org.apache.http.wire -- http-outgoing-4 << "Content-Length: 139[\r][\n]"
22:35:20.505 [main] DEBUG org.apache.http.wire -- http-outgoing-4 << "ETag: W/"8b-h/+nxsnvaqdgBz3yZQ54d7a+Qaw"[\r][\n]"
22:35:20.505 [main] DEBUG org.apache.http.wire -- http-outgoing-4 << "Date: Tue, 17 Jun 2025 15:35:20 GMT[\r][\n]"
22:35:20.505 [main] DEBUG org.apache.http.wire -- http-outgoing-4 << "Connection: keep-alive[\r][\n]"
22:35:20.505 [main] DEBUG org.apache.http.wire -- http-outgoing-4 << "Keep-Alive: timeout=5[\r][\n]"
22:35:20.505 [main] DEBUG org.apache.http.wire -- http-outgoing-4 << "[\r][\n]"
22:35:20.506 [main] DEBUG org.apache.http.wire -- http-outgoing-4 << "{"success":false,"statusCode":400,"message":"D[0xe1][0xbb][0xaf] li[0xe1][0xbb][0x87]u kh[0xc3][0xb4]ng h[0xe1][0xbb][0xa3]p l[0xe1][0xbb][0x87]","path":"/auth/register","timestamp":"2025-06-17T15:35:20.505Z"}"
22:35:20.506 [main] DEBUG org.apache.http.headers -- http-outgoing-4 << HTTP/1.1 400 Bad Request
22:35:20.506 [main] DEBUG org.apache.http.headers -- http-outgoing-4 << X-Powered-By: Express
22:35:20.506 [main] DEBUG org.apache.http.headers -- http-outgoing-4 << Access-Control-Allow-Origin: *
22:35:20.506 [main] DEBUG org.apache.http.headers -- http-outgoing-4 << Content-Type: application/json; charset=utf-8
22:35:20.506 [main] DEBUG org.apache.http.headers -- http-outgoing-4 << Content-Length: 139
22:35:20.506 [main] DEBUG org.apache.http.headers -- http-outgoing-4 << ETag: W/"8b-h/+nxsnvaqdgBz3yZQ54d7a+Qaw"
22:35:20.506 [main] DEBUG org.apache.http.headers -- http-outgoing-4 << Date: Tue, 17 Jun 2025 15:35:20 GMT
22:35:20.506 [main] DEBUG org.apache.http.headers -- http-outgoing-4 << Connection: keep-alive
22:35:20.506 [main] DEBUG org.apache.http.headers -- http-outgoing-4 << Keep-Alive: timeout=5
22:35:20.506 [main] DEBUG org.apache.http.impl.execchain.MainClientExec -- Connection can be kept alive for 5000 MILLISECONDS
22:35:20.506 [main] DEBUG org.apache.http.impl.conn.PoolingHttpClientConnectionManager -- Connection [id: 4][route: {}->http://localhost:3000] can be kept alive for 5.0 seconds
22:35:20.506 [main] DEBUG org.apache.http.impl.conn.DefaultManagedHttpClientConnection -- http-outgoing-4: set socket timeout to 0
22:35:20.506 [main] DEBUG org.apache.http.impl.conn.PoolingHttpClientConnectionManager -- Connection released: [id: 4][route: {}->http://localhost:3000][total available: 1; route allocated: 1 of 5; total allocated: 1 of 10]
22:35:20.506 [main] DEBUG org.apache.http.impl.conn.PoolingHttpClientConnectionManager -- Connection manager is shutting down
22:35:20.506 [main] DEBUG org.apache.http.impl.conn.DefaultManagedHttpClientConnection -- http-outgoing-4: Close connection
22:35:20.506 [main] DEBUG org.apache.http.impl.conn.PoolingHttpClientConnectionManager -- Connection manager shut down
22:35:20.507 [main] DEBUG com.intuit.karate -- response time in milliseconds: 4
1 < 400
1 < X-Powered-By: Express
1 < Access-Control-Allow-Origin: *
1 < Content-Type: application/json; charset=utf-8
1 < Content-Length: 139
1 < ETag: W/"8b-h/+nxsnvaqdgBz3yZQ54d7a+Qaw"
1 < Date: Tue, 17 Jun 2025 15:35:20 GMT
1 < Connection: keep-alive
1 < Keep-Alive: timeout=5
{
  "success": false,
  "statusCode": 400,
  "message": "D? li?u không h?p l?",
  "path": "/auth/register",
  "timestamp": "2025-06-17T15:35:20.505Z"
}


22:35:20.508 [main] DEBUG com.intuit.karate.core.ScenarioEngine -- over-writing existing variable 'responseStatus' with new value: karate.get('responseStatus')
22:35:20.509 [main] DEBUG com.intuit.karate.core.ScenarioEngine -- over-writing existing variable 'response' with new value: karate.get('response')
22:35:20.510 [main] INFO com.intuit.karate -- [print] Register API called with: 
22:35:20.510 [main] INFO com.intuit.karate -- [print] Request: {
  "email": "test5@example.com",
  "password": "Password123",
  "name": "",
  "username": "johndoe5",
  "phoneNumber": "0987654321"
}
 
22:35:20.512 [main] INFO com.intuit.karate -- [print] Response Status: 400 
22:35:20.512 [main] INFO com.intuit.karate -- [print] Response Body: {
  "success": false,
  "statusCode": 400,
  "message": "D? li?u không h?p l?",
  "path": "/auth/register",
  "timestamp": "2025-06-17T15:35:20.505Z"
}
 
22:35:20.513 [main] INFO com.intuit.karate -- ? TEST CASE #5 PASSED 
22:35:20.514 [main] INFO com.intuit.karate -- Actual Status: 400 
22:35:20.514 [main] INFO com.intuit.karate -- Actual Result: {"success":false,"statusCode":400,"message":"D? li?u không h?p l?","path":"/auth/register","timestamp":"2025-06-17T15:35:20.505Z"} 
22:35:20.514 [main] INFO com.intuit.karate -- Test Result: PASS 
22:35:20.515 [main] INFO com.intuit.karate -- ========================================== 
22:35:20.515 [main] INFO com.intuit.karate -- ========================================== 
22:35:20.515 [main] INFO com.intuit.karate -- ?ANG CH?Y TEST CASE #6/30 
22:35:20.516 [main] INFO com.intuit.karate -- Description: TC6: Thi?u tr??ng username - Ki?m tra khi thi?u username 
22:35:20.516 [main] INFO com.intuit.karate -- Email: "test6@example.com" 
22:35:20.516 [main] INFO com.intuit.karate -- Password: "Password123" 
22:35:20.516 [main] INFO com.intuit.karate -- Name: "John Doe" 
22:35:20.516 [main] INFO com.intuit.karate -- Username: "" 
22:35:20.516 [main] INFO com.intuit.karate -- PhoneNumber: "0987654321" 
22:35:20.517 [main] INFO com.intuit.karate -- Expected Status: 400 
22:35:20.517 [main] INFO com.intuit.karate -- Expected Result: {"error": "Username is required"} 
22:35:20.517 [main] INFO com.intuit.karate -- ========================================== 
22:35:20.530 [main] INFO com.intuit.karate -- karate.env system property was: null 
22:35:20.533 [main] DEBUG com.jayway.jsonpath.internal.path.CompiledPath -- Evaluating path: $
22:35:20.535 [main] DEBUG org.apache.http.client.protocol.RequestAddCookies -- CookieSpec selected: karate
22:35:20.535 [main] DEBUG org.apache.http.client.protocol.RequestAuthCache -- Auth cache not set in the context
22:35:20.536 [main] DEBUG com.intuit.karate -- request:
1 > POST http://localhost:3000/auth/register
1 > Content-Type: application/json; charset=UTF-8
1 > Content-Length: 113
1 > Host: localhost:3000
1 > Connection: Keep-Alive
1 > User-Agent: Apache-HttpClient/4.5.14 (Java/17.0.9)
1 > Accept-Encoding: gzip,deflate
{
  "email": "test6@example.com",
  "password": "Password123",
  "name": "John Doe",
  "username": "",
  "phoneNumber": "0987654321"
}


22:35:20.536 [main] DEBUG org.apache.http.impl.conn.PoolingHttpClientConnectionManager -- Connection request: [route: {}->http://localhost:3000][total available: 0; route allocated: 0 of 5; total allocated: 0 of 10]
22:35:20.536 [main] DEBUG org.apache.http.impl.conn.PoolingHttpClientConnectionManager -- Connection leased: [id: 5][route: {}->http://localhost:3000][total available: 0; route allocated: 1 of 5; total allocated: 1 of 10]
22:35:20.536 [main] DEBUG org.apache.http.impl.execchain.MainClientExec -- Opening connection {}->http://localhost:3000
22:35:20.536 [main] DEBUG org.apache.http.impl.conn.DefaultHttpClientConnectionOperator -- Connecting to localhost/127.0.0.1:3000
22:35:20.537 [main] DEBUG org.apache.http.impl.conn.DefaultHttpClientConnectionOperator -- Connection established 127.0.0.1:64241<->127.0.0.1:3000
22:35:20.538 [main] DEBUG org.apache.http.impl.conn.DefaultManagedHttpClientConnection -- http-outgoing-5: set socket timeout to 5000
22:35:20.538 [main] DEBUG org.apache.http.impl.execchain.MainClientExec -- Executing request POST /auth/register HTTP/1.1
22:35:20.538 [main] DEBUG org.apache.http.impl.execchain.MainClientExec -- Target auth state: UNCHALLENGED
22:35:20.538 [main] DEBUG org.apache.http.impl.execchain.MainClientExec -- Proxy auth state: UNCHALLENGED
22:35:20.538 [main] DEBUG org.apache.http.headers -- http-outgoing-5 >> POST /auth/register HTTP/1.1
22:35:20.538 [main] DEBUG org.apache.http.headers -- http-outgoing-5 >> Content-Type: application/json; charset=UTF-8
22:35:20.538 [main] DEBUG org.apache.http.headers -- http-outgoing-5 >> Content-Length: 113
22:35:20.538 [main] DEBUG org.apache.http.headers -- http-outgoing-5 >> Host: localhost:3000
22:35:20.538 [main] DEBUG org.apache.http.headers -- http-outgoing-5 >> Connection: Keep-Alive
22:35:20.538 [main] DEBUG org.apache.http.headers -- http-outgoing-5 >> User-Agent: Apache-HttpClient/4.5.14 (Java/17.0.9)
22:35:20.538 [main] DEBUG org.apache.http.headers -- http-outgoing-5 >> Accept-Encoding: gzip,deflate
22:35:20.538 [main] DEBUG org.apache.http.wire -- http-outgoing-5 >> "POST /auth/register HTTP/1.1[\r][\n]"
22:35:20.539 [main] DEBUG org.apache.http.wire -- http-outgoing-5 >> "Content-Type: application/json; charset=UTF-8[\r][\n]"
22:35:20.539 [main] DEBUG org.apache.http.wire -- http-outgoing-5 >> "Content-Length: 113[\r][\n]"
22:35:20.539 [main] DEBUG org.apache.http.wire -- http-outgoing-5 >> "Host: localhost:3000[\r][\n]"
22:35:20.539 [main] DEBUG org.apache.http.wire -- http-outgoing-5 >> "Connection: Keep-Alive[\r][\n]"
22:35:20.539 [main] DEBUG org.apache.http.wire -- http-outgoing-5 >> "User-Agent: Apache-HttpClient/4.5.14 (Java/17.0.9)[\r][\n]"
22:35:20.539 [main] DEBUG org.apache.http.wire -- http-outgoing-5 >> "Accept-Encoding: gzip,deflate[\r][\n]"
22:35:20.539 [main] DEBUG org.apache.http.wire -- http-outgoing-5 >> "[\r][\n]"
22:35:20.539 [main] DEBUG org.apache.http.wire -- http-outgoing-5 >> "{"email":"test6@example.com","password":"Password123","name":"John Doe","username":"","phoneNumber":"0987654321"}"
22:35:20.541 [main] DEBUG org.apache.http.wire -- http-outgoing-5 << "HTTP/1.1 400 Bad Request[\r][\n]"
22:35:20.541 [main] DEBUG org.apache.http.wire -- http-outgoing-5 << "X-Powered-By: Express[\r][\n]"
22:35:20.541 [main] DEBUG org.apache.http.wire -- http-outgoing-5 << "Access-Control-Allow-Origin: *[\r][\n]"
22:35:20.541 [main] DEBUG org.apache.http.wire -- http-outgoing-5 << "Content-Type: application/json; charset=utf-8[\r][\n]"
22:35:20.542 [main] DEBUG org.apache.http.wire -- http-outgoing-5 << "Content-Length: 139[\r][\n]"
22:35:20.542 [main] DEBUG org.apache.http.wire -- http-outgoing-5 << "ETag: W/"8b-/GoSpeNMS+uXNZZx+8XL9nNTEtg"[\r][\n]"
22:35:20.542 [main] DEBUG org.apache.http.wire -- http-outgoing-5 << "Date: Tue, 17 Jun 2025 15:35:20 GMT[\r][\n]"
22:35:20.542 [main] DEBUG org.apache.http.wire -- http-outgoing-5 << "Connection: keep-alive[\r][\n]"
22:35:20.542 [main] DEBUG org.apache.http.wire -- http-outgoing-5 << "Keep-Alive: timeout=5[\r][\n]"
22:35:20.542 [main] DEBUG org.apache.http.wire -- http-outgoing-5 << "[\r][\n]"
22:35:20.542 [main] DEBUG org.apache.http.wire -- http-outgoing-5 << "{"success":false,"statusCode":400,"message":"D[0xe1][0xbb][0xaf] li[0xe1][0xbb][0x87]u kh[0xc3][0xb4]ng h[0xe1][0xbb][0xa3]p l[0xe1][0xbb][0x87]","path":"/auth/register","timestamp":"2025-06-17T15:35:20.541Z"}"
22:35:20.542 [main] DEBUG org.apache.http.headers -- http-outgoing-5 << HTTP/1.1 400 Bad Request
22:35:20.543 [main] DEBUG org.apache.http.headers -- http-outgoing-5 << X-Powered-By: Express
22:35:20.543 [main] DEBUG org.apache.http.headers -- http-outgoing-5 << Access-Control-Allow-Origin: *
22:35:20.543 [main] DEBUG org.apache.http.headers -- http-outgoing-5 << Content-Type: application/json; charset=utf-8
22:35:20.543 [main] DEBUG org.apache.http.headers -- http-outgoing-5 << Content-Length: 139
22:35:20.543 [main] DEBUG org.apache.http.headers -- http-outgoing-5 << ETag: W/"8b-/GoSpeNMS+uXNZZx+8XL9nNTEtg"
22:35:20.543 [main] DEBUG org.apache.http.headers -- http-outgoing-5 << Date: Tue, 17 Jun 2025 15:35:20 GMT
22:35:20.543 [main] DEBUG org.apache.http.headers -- http-outgoing-5 << Connection: keep-alive
22:35:20.543 [main] DEBUG org.apache.http.headers -- http-outgoing-5 << Keep-Alive: timeout=5
22:35:20.543 [main] DEBUG org.apache.http.impl.execchain.MainClientExec -- Connection can be kept alive for 5000 MILLISECONDS
22:35:20.543 [main] DEBUG org.apache.http.impl.conn.PoolingHttpClientConnectionManager -- Connection [id: 5][route: {}->http://localhost:3000] can be kept alive for 5.0 seconds
22:35:20.543 [main] DEBUG org.apache.http.impl.conn.DefaultManagedHttpClientConnection -- http-outgoing-5: set socket timeout to 0
22:35:20.543 [main] DEBUG org.apache.http.impl.conn.PoolingHttpClientConnectionManager -- Connection released: [id: 5][route: {}->http://localhost:3000][total available: 1; route allocated: 1 of 5; total allocated: 1 of 10]
22:35:20.544 [main] DEBUG org.apache.http.impl.conn.PoolingHttpClientConnectionManager -- Connection manager is shutting down
22:35:20.544 [main] DEBUG org.apache.http.impl.conn.DefaultManagedHttpClientConnection -- http-outgoing-5: Close connection
22:35:20.544 [main] DEBUG org.apache.http.impl.conn.PoolingHttpClientConnectionManager -- Connection manager shut down
22:35:20.544 [main] DEBUG com.intuit.karate -- response time in milliseconds: 7
1 < 400
1 < X-Powered-By: Express
1 < Access-Control-Allow-Origin: *
1 < Content-Type: application/json; charset=utf-8
1 < Content-Length: 139
1 < ETag: W/"8b-/GoSpeNMS+uXNZZx+8XL9nNTEtg"
1 < Date: Tue, 17 Jun 2025 15:35:20 GMT
1 < Connection: keep-alive
1 < Keep-Alive: timeout=5
{
  "success": false,
  "statusCode": 400,
  "message": "D? li?u không h?p l?",
  "path": "/auth/register",
  "timestamp": "2025-06-17T15:35:20.541Z"
}


22:35:20.546 [main] DEBUG com.intuit.karate.core.ScenarioEngine -- over-writing existing variable 'responseStatus' with new value: karate.get('responseStatus')
22:35:20.548 [main] DEBUG com.intuit.karate.core.ScenarioEngine -- over-writing existing variable 'response' with new value: karate.get('response')
22:35:20.550 [main] INFO com.intuit.karate -- [print] Register API called with: 
22:35:20.551 [main] INFO com.intuit.karate -- [print] Request: {
  "email": "test6@example.com",
  "password": "Password123",
  "name": "John Doe",
  "username": "",
  "phoneNumber": "0987654321"
}
 
22:35:20.552 [main] INFO com.intuit.karate -- [print] Response Status: 400 
22:35:20.553 [main] INFO com.intuit.karate -- [print] Response Body: {
  "success": false,
  "statusCode": 400,
  "message": "D? li?u không h?p l?",
  "path": "/auth/register",
  "timestamp": "2025-06-17T15:35:20.541Z"
}
 
22:35:20.557 [main] INFO com.intuit.karate -- ? TEST CASE #6 PASSED 
22:35:20.558 [main] INFO com.intuit.karate -- Actual Status: 400 
22:35:20.558 [main] INFO com.intuit.karate -- Actual Result: {"success":false,"statusCode":400,"message":"D? li?u không h?p l?","path":"/auth/register","timestamp":"2025-06-17T15:35:20.541Z"} 
22:35:20.558 [main] INFO com.intuit.karate -- Test Result: PASS 
22:35:20.558 [main] INFO com.intuit.karate -- ========================================== 
22:35:20.559 [main] INFO com.intuit.karate -- ========================================== 
22:35:20.561 [main] INFO com.intuit.karate -- ?ANG CH?Y TEST CASE #7/30 
22:35:20.561 [main] INFO com.intuit.karate -- Description: TC7: Thi?u tr??ng phoneNumber - Ki?m tra khi thi?u s? ?i?n tho?i 
22:35:20.561 [main] INFO com.intuit.karate -- Email: "test7@example.com" 
22:35:20.562 [main] INFO com.intuit.karate -- Password: "Password123" 
22:35:20.562 [main] INFO com.intuit.karate -- Name: "John Doe" 
22:35:20.562 [main] INFO com.intuit.karate -- Username: "johndoe7" 
22:35:20.562 [main] INFO com.intuit.karate -- PhoneNumber: "" 
22:35:20.562 [main] INFO com.intuit.karate -- Expected Status: 400 
22:35:20.562 [main] INFO com.intuit.karate -- Expected Result: {"error": "S? ?i?n tho?i không ???c ?? tr?ng"} 
22:35:20.563 [main] INFO com.intuit.karate -- ========================================== 
22:35:20.581 [main] INFO com.intuit.karate -- karate.env system property was: null 
22:35:20.583 [main] DEBUG com.jayway.jsonpath.internal.path.CompiledPath -- Evaluating path: $
22:35:20.587 [main] DEBUG org.apache.http.client.protocol.RequestAddCookies -- CookieSpec selected: karate
22:35:20.588 [main] DEBUG org.apache.http.client.protocol.RequestAuthCache -- Auth cache not set in the context
22:35:20.589 [main] DEBUG com.intuit.karate -- request:
1 > POST http://localhost:3000/auth/register
1 > Content-Type: application/json; charset=UTF-8
1 > Content-Length: 111
1 > Host: localhost:3000
1 > Connection: Keep-Alive
1 > User-Agent: Apache-HttpClient/4.5.14 (Java/17.0.9)
1 > Accept-Encoding: gzip,deflate
{
  "email": "test7@example.com",
  "password": "Password123",
  "name": "John Doe",
  "username": "johndoe7",
  "phoneNumber": ""
}


22:35:20.590 [main] DEBUG org.apache.http.impl.conn.PoolingHttpClientConnectionManager -- Connection request: [route: {}->http://localhost:3000][total available: 0; route allocated: 0 of 5; total allocated: 0 of 10]
22:35:20.591 [main] DEBUG org.apache.http.impl.conn.PoolingHttpClientConnectionManager -- Connection leased: [id: 6][route: {}->http://localhost:3000][total available: 0; route allocated: 1 of 5; total allocated: 1 of 10]
22:35:20.591 [main] DEBUG org.apache.http.impl.execchain.MainClientExec -- Opening connection {}->http://localhost:3000
22:35:20.591 [main] DEBUG org.apache.http.impl.conn.DefaultHttpClientConnectionOperator -- Connecting to localhost/127.0.0.1:3000
22:35:20.592 [main] DEBUG org.apache.http.impl.conn.DefaultHttpClientConnectionOperator -- Connection established 127.0.0.1:64242<->127.0.0.1:3000
22:35:20.592 [main] DEBUG org.apache.http.impl.conn.DefaultManagedHttpClientConnection -- http-outgoing-6: set socket timeout to 5000
22:35:20.592 [main] DEBUG org.apache.http.impl.execchain.MainClientExec -- Executing request POST /auth/register HTTP/1.1
22:35:20.592 [main] DEBUG org.apache.http.impl.execchain.MainClientExec -- Target auth state: UNCHALLENGED
22:35:20.592 [main] DEBUG org.apache.http.impl.execchain.MainClientExec -- Proxy auth state: UNCHALLENGED
22:35:20.592 [main] DEBUG org.apache.http.headers -- http-outgoing-6 >> POST /auth/register HTTP/1.1
22:35:20.592 [main] DEBUG org.apache.http.headers -- http-outgoing-6 >> Content-Type: application/json; charset=UTF-8
22:35:20.592 [main] DEBUG org.apache.http.headers -- http-outgoing-6 >> Content-Length: 111
22:35:20.592 [main] DEBUG org.apache.http.headers -- http-outgoing-6 >> Host: localhost:3000
22:35:20.592 [main] DEBUG org.apache.http.headers -- http-outgoing-6 >> Connection: Keep-Alive
22:35:20.593 [main] DEBUG org.apache.http.headers -- http-outgoing-6 >> User-Agent: Apache-HttpClient/4.5.14 (Java/17.0.9)
22:35:20.593 [main] DEBUG org.apache.http.headers -- http-outgoing-6 >> Accept-Encoding: gzip,deflate
22:35:20.593 [main] DEBUG org.apache.http.wire -- http-outgoing-6 >> "POST /auth/register HTTP/1.1[\r][\n]"
22:35:20.593 [main] DEBUG org.apache.http.wire -- http-outgoing-6 >> "Content-Type: application/json; charset=UTF-8[\r][\n]"
22:35:20.593 [main] DEBUG org.apache.http.wire -- http-outgoing-6 >> "Content-Length: 111[\r][\n]"
22:35:20.593 [main] DEBUG org.apache.http.wire -- http-outgoing-6 >> "Host: localhost:3000[\r][\n]"
22:35:20.593 [main] DEBUG org.apache.http.wire -- http-outgoing-6 >> "Connection: Keep-Alive[\r][\n]"
22:35:20.593 [main] DEBUG org.apache.http.wire -- http-outgoing-6 >> "User-Agent: Apache-HttpClient/4.5.14 (Java/17.0.9)[\r][\n]"
22:35:20.593 [main] DEBUG org.apache.http.wire -- http-outgoing-6 >> "Accept-Encoding: gzip,deflate[\r][\n]"
22:35:20.593 [main] DEBUG org.apache.http.wire -- http-outgoing-6 >> "[\r][\n]"
22:35:20.593 [main] DEBUG org.apache.http.wire -- http-outgoing-6 >> "{"email":"test7@example.com","password":"Password123","name":"John Doe","username":"johndoe7","phoneNumber":""}"
22:35:20.595 [main] DEBUG org.apache.http.wire -- http-outgoing-6 << "HTTP/1.1 400 Bad Request[\r][\n]"
22:35:20.596 [main] DEBUG org.apache.http.wire -- http-outgoing-6 << "X-Powered-By: Express[\r][\n]"
22:35:20.596 [main] DEBUG org.apache.http.wire -- http-outgoing-6 << "Access-Control-Allow-Origin: *[\r][\n]"
22:35:20.596 [main] DEBUG org.apache.http.wire -- http-outgoing-6 << "Content-Type: application/json; charset=utf-8[\r][\n]"
22:35:20.596 [main] DEBUG org.apache.http.wire -- http-outgoing-6 << "Content-Length: 139[\r][\n]"
22:35:20.596 [main] DEBUG org.apache.http.wire -- http-outgoing-6 << "ETag: W/"8b-qWQqJ7NEYFHwPkyFIqCy2uuzT3g"[\r][\n]"
22:35:20.596 [main] DEBUG org.apache.http.wire -- http-outgoing-6 << "Date: Tue, 17 Jun 2025 15:35:20 GMT[\r][\n]"
22:35:20.596 [main] DEBUG org.apache.http.wire -- http-outgoing-6 << "Connection: keep-alive[\r][\n]"
22:35:20.596 [main] DEBUG org.apache.http.wire -- http-outgoing-6 << "Keep-Alive: timeout=5[\r][\n]"
22:35:20.596 [main] DEBUG org.apache.http.wire -- http-outgoing-6 << "[\r][\n]"
22:35:20.596 [main] DEBUG org.apache.http.wire -- http-outgoing-6 << "{"success":false,"statusCode":400,"message":"D[0xe1][0xbb][0xaf] li[0xe1][0xbb][0x87]u kh[0xc3][0xb4]ng h[0xe1][0xbb][0xa3]p l[0xe1][0xbb][0x87]","path":"/auth/register","timestamp":"2025-06-17T15:35:20.595Z"}"
22:35:20.596 [main] DEBUG org.apache.http.headers -- http-outgoing-6 << HTTP/1.1 400 Bad Request
22:35:20.596 [main] DEBUG org.apache.http.headers -- http-outgoing-6 << X-Powered-By: Express
22:35:20.596 [main] DEBUG org.apache.http.headers -- http-outgoing-6 << Access-Control-Allow-Origin: *
22:35:20.596 [main] DEBUG org.apache.http.headers -- http-outgoing-6 << Content-Type: application/json; charset=utf-8
22:35:20.596 [main] DEBUG org.apache.http.headers -- http-outgoing-6 << Content-Length: 139
22:35:20.596 [main] DEBUG org.apache.http.headers -- http-outgoing-6 << ETag: W/"8b-qWQqJ7NEYFHwPkyFIqCy2uuzT3g"
22:35:20.596 [main] DEBUG org.apache.http.headers -- http-outgoing-6 << Date: Tue, 17 Jun 2025 15:35:20 GMT
22:35:20.596 [main] DEBUG org.apache.http.headers -- http-outgoing-6 << Connection: keep-alive
22:35:20.596 [main] DEBUG org.apache.http.headers -- http-outgoing-6 << Keep-Alive: timeout=5
22:35:20.597 [main] DEBUG org.apache.http.impl.execchain.MainClientExec -- Connection can be kept alive for 5000 MILLISECONDS
22:35:20.597 [main] DEBUG org.apache.http.impl.conn.PoolingHttpClientConnectionManager -- Connection [id: 6][route: {}->http://localhost:3000] can be kept alive for 5.0 seconds
22:35:20.597 [main] DEBUG org.apache.http.impl.conn.DefaultManagedHttpClientConnection -- http-outgoing-6: set socket timeout to 0
22:35:20.597 [main] DEBUG org.apache.http.impl.conn.PoolingHttpClientConnectionManager -- Connection released: [id: 6][route: {}->http://localhost:3000][total available: 1; route allocated: 1 of 5; total allocated: 1 of 10]
22:35:20.597 [main] DEBUG org.apache.http.impl.conn.PoolingHttpClientConnectionManager -- Connection manager is shutting down
22:35:20.597 [main] DEBUG org.apache.http.impl.conn.DefaultManagedHttpClientConnection -- http-outgoing-6: Close connection
22:35:20.597 [main] DEBUG org.apache.http.impl.conn.PoolingHttpClientConnectionManager -- Connection manager shut down
22:35:20.598 [main] DEBUG com.intuit.karate -- response time in milliseconds: 7
1 < 400
1 < X-Powered-By: Express
1 < Access-Control-Allow-Origin: *
1 < Content-Type: application/json; charset=utf-8
1 < Content-Length: 139
1 < ETag: W/"8b-qWQqJ7NEYFHwPkyFIqCy2uuzT3g"
1 < Date: Tue, 17 Jun 2025 15:35:20 GMT
1 < Connection: keep-alive
1 < Keep-Alive: timeout=5
{
  "success": false,
  "statusCode": 400,
  "message": "D? li?u không h?p l?",
  "path": "/auth/register",
  "timestamp": "2025-06-17T15:35:20.595Z"
}


22:35:20.600 [main] DEBUG com.intuit.karate.core.ScenarioEngine -- over-writing existing variable 'responseStatus' with new value: karate.get('responseStatus')
22:35:20.600 [main] DEBUG com.intuit.karate.core.ScenarioEngine -- over-writing existing variable 'response' with new value: karate.get('response')
22:35:20.601 [main] INFO com.intuit.karate -- [print] Register API called with: 
22:35:20.602 [main] INFO com.intuit.karate -- [print] Request: {
  "email": "test7@example.com",
  "password": "Password123",
  "name": "John Doe",
  "username": "johndoe7",
  "phoneNumber": ""
}
 
22:35:20.603 [main] INFO com.intuit.karate -- [print] Response Status: 400 
22:35:20.603 [main] INFO com.intuit.karate -- [print] Response Body: {
  "success": false,
  "statusCode": 400,
  "message": "D? li?u không h?p l?",
  "path": "/auth/register",
  "timestamp": "2025-06-17T15:35:20.595Z"
}
 
22:35:20.605 [main] INFO com.intuit.karate -- ? TEST CASE #7 PASSED 
22:35:20.605 [main] INFO com.intuit.karate -- Actual Status: 400 
22:35:20.605 [main] INFO com.intuit.karate -- Actual Result: {"success":false,"statusCode":400,"message":"D? li?u không h?p l?","path":"/auth/register","timestamp":"2025-06-17T15:35:20.595Z"} 
22:35:20.606 [main] INFO com.intuit.karate -- Test Result: PASS 
22:35:20.606 [main] INFO com.intuit.karate -- ========================================== 
22:35:20.607 [main] INFO com.intuit.karate -- ========================================== 
22:35:20.607 [main] INFO com.intuit.karate -- ?ANG CH?Y TEST CASE #8/30 
22:35:20.608 [main] INFO com.intuit.karate -- Description: TC8: Email không h?p l? - Ki?m tra v?i email không ?úng ??nh d?ng 
22:35:20.608 [main] INFO com.intuit.karate -- Email: "invalid_email" 
22:35:20.608 [main] INFO com.intuit.karate -- Password: "Password123" 
22:35:20.608 [main] INFO com.intuit.karate -- Name: "John Doe" 
22:35:20.608 [main] INFO com.intuit.karate -- Username: "johndoe8" 
22:35:20.608 [main] INFO com.intuit.karate -- PhoneNumber: "0987654321" 
22:35:20.609 [main] INFO com.intuit.karate -- Expected Status: 400 
22:35:20.609 [main] INFO com.intuit.karate -- Expected Result: {"error": "Invalid email format"} 
22:35:20.609 [main] INFO com.intuit.karate -- ========================================== 
22:35:20.623 [main] INFO com.intuit.karate -- karate.env system property was: null 
22:35:20.625 [main] DEBUG com.jayway.jsonpath.internal.path.CompiledPath -- Evaluating path: $
22:35:20.628 [main] DEBUG org.apache.http.client.protocol.RequestAddCookies -- CookieSpec selected: karate
22:35:20.628 [main] DEBUG org.apache.http.client.protocol.RequestAuthCache -- Auth cache not set in the context
22:35:20.628 [main] DEBUG com.intuit.karate -- request:
1 > POST http://localhost:3000/auth/register
1 > Content-Type: application/json; charset=UTF-8
1 > Content-Length: 117
1 > Host: localhost:3000
1 > Connection: Keep-Alive
1 > User-Agent: Apache-HttpClient/4.5.14 (Java/17.0.9)
1 > Accept-Encoding: gzip,deflate
{
  "email": "invalid_email",
  "password": "Password123",
  "name": "John Doe",
  "username": "johndoe8",
  "phoneNumber": "0987654321"
}


22:35:20.629 [main] DEBUG org.apache.http.impl.conn.PoolingHttpClientConnectionManager -- Connection request: [route: {}->http://localhost:3000][total available: 0; route allocated: 0 of 5; total allocated: 0 of 10]
22:35:20.629 [main] DEBUG org.apache.http.impl.conn.PoolingHttpClientConnectionManager -- Connection leased: [id: 7][route: {}->http://localhost:3000][total available: 0; route allocated: 1 of 5; total allocated: 1 of 10]
22:35:20.629 [main] DEBUG org.apache.http.impl.execchain.MainClientExec -- Opening connection {}->http://localhost:3000
22:35:20.629 [main] DEBUG org.apache.http.impl.conn.DefaultHttpClientConnectionOperator -- Connecting to localhost/127.0.0.1:3000
22:35:20.630 [main] DEBUG org.apache.http.impl.conn.DefaultHttpClientConnectionOperator -- Connection established 127.0.0.1:64243<->127.0.0.1:3000
22:35:20.630 [main] DEBUG org.apache.http.impl.conn.DefaultManagedHttpClientConnection -- http-outgoing-7: set socket timeout to 5000
22:35:20.630 [main] DEBUG org.apache.http.impl.execchain.MainClientExec -- Executing request POST /auth/register HTTP/1.1
22:35:20.630 [main] DEBUG org.apache.http.impl.execchain.MainClientExec -- Target auth state: UNCHALLENGED
22:35:20.631 [main] DEBUG org.apache.http.impl.execchain.MainClientExec -- Proxy auth state: UNCHALLENGED
22:35:20.631 [main] DEBUG org.apache.http.headers -- http-outgoing-7 >> POST /auth/register HTTP/1.1
22:35:20.631 [main] DEBUG org.apache.http.headers -- http-outgoing-7 >> Content-Type: application/json; charset=UTF-8
22:35:20.631 [main] DEBUG org.apache.http.headers -- http-outgoing-7 >> Content-Length: 117
22:35:20.631 [main] DEBUG org.apache.http.headers -- http-outgoing-7 >> Host: localhost:3000
22:35:20.631 [main] DEBUG org.apache.http.headers -- http-outgoing-7 >> Connection: Keep-Alive
22:35:20.631 [main] DEBUG org.apache.http.headers -- http-outgoing-7 >> User-Agent: Apache-HttpClient/4.5.14 (Java/17.0.9)
22:35:20.631 [main] DEBUG org.apache.http.headers -- http-outgoing-7 >> Accept-Encoding: gzip,deflate
22:35:20.631 [main] DEBUG org.apache.http.wire -- http-outgoing-7 >> "POST /auth/register HTTP/1.1[\r][\n]"
22:35:20.631 [main] DEBUG org.apache.http.wire -- http-outgoing-7 >> "Content-Type: application/json; charset=UTF-8[\r][\n]"
22:35:20.631 [main] DEBUG org.apache.http.wire -- http-outgoing-7 >> "Content-Length: 117[\r][\n]"
22:35:20.631 [main] DEBUG org.apache.http.wire -- http-outgoing-7 >> "Host: localhost:3000[\r][\n]"
22:35:20.631 [main] DEBUG org.apache.http.wire -- http-outgoing-7 >> "Connection: Keep-Alive[\r][\n]"
22:35:20.631 [main] DEBUG org.apache.http.wire -- http-outgoing-7 >> "User-Agent: Apache-HttpClient/4.5.14 (Java/17.0.9)[\r][\n]"
22:35:20.631 [main] DEBUG org.apache.http.wire -- http-outgoing-7 >> "Accept-Encoding: gzip,deflate[\r][\n]"
22:35:20.631 [main] DEBUG org.apache.http.wire -- http-outgoing-7 >> "[\r][\n]"
22:35:20.631 [main] DEBUG org.apache.http.wire -- http-outgoing-7 >> "{"email":"invalid_email","password":"Password123","name":"John Doe","username":"johndoe8","phoneNumber":"0987654321"}"
22:35:20.633 [main] DEBUG org.apache.http.wire -- http-outgoing-7 << "HTTP/1.1 400 Bad Request[\r][\n]"
22:35:20.633 [main] DEBUG org.apache.http.wire -- http-outgoing-7 << "X-Powered-By: Express[\r][\n]"
22:35:20.633 [main] DEBUG org.apache.http.wire -- http-outgoing-7 << "Access-Control-Allow-Origin: *[\r][\n]"
22:35:20.633 [main] DEBUG org.apache.http.wire -- http-outgoing-7 << "Content-Type: application/json; charset=utf-8[\r][\n]"
22:35:20.633 [main] DEBUG org.apache.http.wire -- http-outgoing-7 << "Content-Length: 139[\r][\n]"
22:35:20.633 [main] DEBUG org.apache.http.wire -- http-outgoing-7 << "ETag: W/"8b-GCGXjG/3jgXhRBrNyvCGmnVQ1m4"[\r][\n]"
22:35:20.633 [main] DEBUG org.apache.http.wire -- http-outgoing-7 << "Date: Tue, 17 Jun 2025 15:35:20 GMT[\r][\n]"
22:35:20.633 [main] DEBUG org.apache.http.wire -- http-outgoing-7 << "Connection: keep-alive[\r][\n]"
22:35:20.633 [main] DEBUG org.apache.http.wire -- http-outgoing-7 << "Keep-Alive: timeout=5[\r][\n]"
22:35:20.633 [main] DEBUG org.apache.http.wire -- http-outgoing-7 << "[\r][\n]"
22:35:20.633 [main] DEBUG org.apache.http.wire -- http-outgoing-7 << "{"success":false,"statusCode":400,"message":"D[0xe1][0xbb][0xaf] li[0xe1][0xbb][0x87]u kh[0xc3][0xb4]ng h[0xe1][0xbb][0xa3]p l[0xe1][0xbb][0x87]","path":"/auth/register","timestamp":"2025-06-17T15:35:20.632Z"}"
22:35:20.633 [main] DEBUG org.apache.http.headers -- http-outgoing-7 << HTTP/1.1 400 Bad Request
22:35:20.633 [main] DEBUG org.apache.http.headers -- http-outgoing-7 << X-Powered-By: Express
22:35:20.633 [main] DEBUG org.apache.http.headers -- http-outgoing-7 << Access-Control-Allow-Origin: *
22:35:20.633 [main] DEBUG org.apache.http.headers -- http-outgoing-7 << Content-Type: application/json; charset=utf-8
22:35:20.633 [main] DEBUG org.apache.http.headers -- http-outgoing-7 << Content-Length: 139
22:35:20.633 [main] DEBUG org.apache.http.headers -- http-outgoing-7 << ETag: W/"8b-GCGXjG/3jgXhRBrNyvCGmnVQ1m4"
22:35:20.633 [main] DEBUG org.apache.http.headers -- http-outgoing-7 << Date: Tue, 17 Jun 2025 15:35:20 GMT
22:35:20.633 [main] DEBUG org.apache.http.headers -- http-outgoing-7 << Connection: keep-alive
22:35:20.633 [main] DEBUG org.apache.http.headers -- http-outgoing-7 << Keep-Alive: timeout=5
22:35:20.633 [main] DEBUG org.apache.http.impl.execchain.MainClientExec -- Connection can be kept alive for 5000 MILLISECONDS
22:35:20.634 [main] DEBUG org.apache.http.impl.conn.PoolingHttpClientConnectionManager -- Connection [id: 7][route: {}->http://localhost:3000] can be kept alive for 5.0 seconds
22:35:20.634 [main] DEBUG org.apache.http.impl.conn.DefaultManagedHttpClientConnection -- http-outgoing-7: set socket timeout to 0
22:35:20.634 [main] DEBUG org.apache.http.impl.conn.PoolingHttpClientConnectionManager -- Connection released: [id: 7][route: {}->http://localhost:3000][total available: 1; route allocated: 1 of 5; total allocated: 1 of 10]
22:35:20.634 [main] DEBUG org.apache.http.impl.conn.PoolingHttpClientConnectionManager -- Connection manager is shutting down
22:35:20.634 [main] DEBUG org.apache.http.impl.conn.DefaultManagedHttpClientConnection -- http-outgoing-7: Close connection
22:35:20.634 [main] DEBUG org.apache.http.impl.conn.PoolingHttpClientConnectionManager -- Connection manager shut down
22:35:20.634 [main] DEBUG com.intuit.karate -- response time in milliseconds: 5
1 < 400
1 < X-Powered-By: Express
1 < Access-Control-Allow-Origin: *
1 < Content-Type: application/json; charset=utf-8
1 < Content-Length: 139
1 < ETag: W/"8b-GCGXjG/3jgXhRBrNyvCGmnVQ1m4"
1 < Date: Tue, 17 Jun 2025 15:35:20 GMT
1 < Connection: keep-alive
1 < Keep-Alive: timeout=5
{
  "success": false,
  "statusCode": 400,
  "message": "D? li?u không h?p l?",
  "path": "/auth/register",
  "timestamp": "2025-06-17T15:35:20.632Z"
}


22:35:20.636 [main] DEBUG com.intuit.karate.core.ScenarioEngine -- over-writing existing variable 'responseStatus' with new value: karate.get('responseStatus')
22:35:20.637 [main] DEBUG com.intuit.karate.core.ScenarioEngine -- over-writing existing variable 'response' with new value: karate.get('response')
22:35:20.637 [main] INFO com.intuit.karate -- [print] Register API called with: 
22:35:20.638 [main] INFO com.intuit.karate -- [print] Request: {
  "email": "invalid_email",
  "password": "Password123",
  "name": "John Doe",
  "username": "johndoe8",
  "phoneNumber": "0987654321"
}
 
22:35:20.638 [main] INFO com.intuit.karate -- [print] Response Status: 400 
22:35:20.638 [main] INFO com.intuit.karate -- [print] Response Body: {
  "success": false,
  "statusCode": 400,
  "message": "D? li?u không h?p l?",
  "path": "/auth/register",
  "timestamp": "2025-06-17T15:35:20.632Z"
}
 
22:35:20.639 [main] INFO com.intuit.karate -- ? TEST CASE #8 PASSED 
22:35:20.639 [main] INFO com.intuit.karate -- Actual Status: 400 
22:35:20.640 [main] INFO com.intuit.karate -- Actual Result: {"success":false,"statusCode":400,"message":"D? li?u không h?p l?","path":"/auth/register","timestamp":"2025-06-17T15:35:20.632Z"} 
22:35:20.640 [main] INFO com.intuit.karate -- Test Result: PASS 
22:35:20.640 [main] INFO com.intuit.karate -- ========================================== 
22:35:20.640 [main] INFO com.intuit.karate -- ========================================== 
22:35:20.640 [main] INFO com.intuit.karate -- ?ANG CH?Y TEST CASE #9/30 
22:35:20.640 [main] INFO com.intuit.karate -- Description: TC9: Password quá ng?n - Ki?m tra khi password d??i 6 ký t? 
22:35:20.641 [main] INFO com.intuit.karate -- Email: "test9@example.com" 
22:35:20.641 [main] INFO com.intuit.karate -- Password: "12345" 
22:35:20.641 [main] INFO com.intuit.karate -- Name: "John Doe" 
22:35:20.641 [main] INFO com.intuit.karate -- Username: "johndoe9" 
22:35:20.641 [main] INFO com.intuit.karate -- PhoneNumber: "0987654321" 
22:35:20.641 [main] INFO com.intuit.karate -- Expected Status: 400 
22:35:20.641 [main] INFO com.intuit.karate -- Expected Result: {"error": "Password must be at least 6 characters"} 
22:35:20.641 [main] INFO com.intuit.karate -- ========================================== 
22:35:20.653 [main] INFO com.intuit.karate -- karate.env system property was: null 
22:35:20.655 [main] DEBUG com.jayway.jsonpath.internal.path.CompiledPath -- Evaluating path: $
22:35:20.657 [main] DEBUG org.apache.http.client.protocol.RequestAddCookies -- CookieSpec selected: karate
22:35:20.657 [main] DEBUG org.apache.http.client.protocol.RequestAuthCache -- Auth cache not set in the context
22:35:20.657 [main] DEBUG com.intuit.karate -- request:
1 > POST http://localhost:3000/auth/register
1 > Content-Type: application/json; charset=UTF-8
1 > Content-Length: 115
1 > Host: localhost:3000
1 > Connection: Keep-Alive
1 > User-Agent: Apache-HttpClient/4.5.14 (Java/17.0.9)
1 > Accept-Encoding: gzip,deflate
{
  "email": "test9@example.com",
  "password": "12345",
  "name": "John Doe",
  "username": "johndoe9",
  "phoneNumber": "0987654321"
}


22:35:20.657 [main] DEBUG org.apache.http.impl.conn.PoolingHttpClientConnectionManager -- Connection request: [route: {}->http://localhost:3000][total available: 0; route allocated: 0 of 5; total allocated: 0 of 10]
22:35:20.657 [main] DEBUG org.apache.http.impl.conn.PoolingHttpClientConnectionManager -- Connection leased: [id: 8][route: {}->http://localhost:3000][total available: 0; route allocated: 1 of 5; total allocated: 1 of 10]
22:35:20.657 [main] DEBUG org.apache.http.impl.execchain.MainClientExec -- Opening connection {}->http://localhost:3000
22:35:20.657 [main] DEBUG org.apache.http.impl.conn.DefaultHttpClientConnectionOperator -- Connecting to localhost/127.0.0.1:3000
22:35:20.658 [main] DEBUG org.apache.http.impl.conn.DefaultHttpClientConnectionOperator -- Connection established 127.0.0.1:64244<->127.0.0.1:3000
22:35:20.658 [main] DEBUG org.apache.http.impl.conn.DefaultManagedHttpClientConnection -- http-outgoing-8: set socket timeout to 5000
22:35:20.658 [main] DEBUG org.apache.http.impl.execchain.MainClientExec -- Executing request POST /auth/register HTTP/1.1
22:35:20.658 [main] DEBUG org.apache.http.impl.execchain.MainClientExec -- Target auth state: UNCHALLENGED
22:35:20.658 [main] DEBUG org.apache.http.impl.execchain.MainClientExec -- Proxy auth state: UNCHALLENGED
22:35:20.658 [main] DEBUG org.apache.http.headers -- http-outgoing-8 >> POST /auth/register HTTP/1.1
22:35:20.658 [main] DEBUG org.apache.http.headers -- http-outgoing-8 >> Content-Type: application/json; charset=UTF-8
22:35:20.658 [main] DEBUG org.apache.http.headers -- http-outgoing-8 >> Content-Length: 115
22:35:20.658 [main] DEBUG org.apache.http.headers -- http-outgoing-8 >> Host: localhost:3000
22:35:20.658 [main] DEBUG org.apache.http.headers -- http-outgoing-8 >> Connection: Keep-Alive
22:35:20.658 [main] DEBUG org.apache.http.headers -- http-outgoing-8 >> User-Agent: Apache-HttpClient/4.5.14 (Java/17.0.9)
22:35:20.658 [main] DEBUG org.apache.http.headers -- http-outgoing-8 >> Accept-Encoding: gzip,deflate
22:35:20.658 [main] DEBUG org.apache.http.wire -- http-outgoing-8 >> "POST /auth/register HTTP/1.1[\r][\n]"
22:35:20.658 [main] DEBUG org.apache.http.wire -- http-outgoing-8 >> "Content-Type: application/json; charset=UTF-8[\r][\n]"
22:35:20.658 [main] DEBUG org.apache.http.wire -- http-outgoing-8 >> "Content-Length: 115[\r][\n]"
22:35:20.658 [main] DEBUG org.apache.http.wire -- http-outgoing-8 >> "Host: localhost:3000[\r][\n]"
22:35:20.658 [main] DEBUG org.apache.http.wire -- http-outgoing-8 >> "Connection: Keep-Alive[\r][\n]"
22:35:20.658 [main] DEBUG org.apache.http.wire -- http-outgoing-8 >> "User-Agent: Apache-HttpClient/4.5.14 (Java/17.0.9)[\r][\n]"
22:35:20.658 [main] DEBUG org.apache.http.wire -- http-outgoing-8 >> "Accept-Encoding: gzip,deflate[\r][\n]"
22:35:20.658 [main] DEBUG org.apache.http.wire -- http-outgoing-8 >> "[\r][\n]"
22:35:20.658 [main] DEBUG org.apache.http.wire -- http-outgoing-8 >> "{"email":"test9@example.com","password":"12345","name":"John Doe","username":"johndoe9","phoneNumber":"0987654321"}"
22:35:20.688 [main] DEBUG org.apache.http.wire -- http-outgoing-8 << "HTTP/1.1 409 Conflict[\r][\n]"
22:35:20.688 [main] DEBUG org.apache.http.wire -- http-outgoing-8 << "X-Powered-By: Express[\r][\n]"
22:35:20.688 [main] DEBUG org.apache.http.wire -- http-outgoing-8 << "Access-Control-Allow-Origin: *[\r][\n]"
22:35:20.688 [main] DEBUG org.apache.http.wire -- http-outgoing-8 << "Content-Type: application/json; charset=utf-8[\r][\n]"
22:35:20.688 [main] DEBUG org.apache.http.wire -- http-outgoing-8 << "Content-Length: 158[\r][\n]"
22:35:20.688 [main] DEBUG org.apache.http.wire -- http-outgoing-8 << "ETag: W/"9e-GuaHVt3/S3oenm2pUMXy+VMUDV4"[\r][\n]"
22:35:20.688 [main] DEBUG org.apache.http.wire -- http-outgoing-8 << "Date: Tue, 17 Jun 2025 15:35:20 GMT[\r][\n]"
22:35:20.688 [main] DEBUG org.apache.http.wire -- http-outgoing-8 << "Connection: keep-alive[\r][\n]"
22:35:20.688 [main] DEBUG org.apache.http.wire -- http-outgoing-8 << "Keep-Alive: timeout=5[\r][\n]"
22:35:20.688 [main] DEBUG org.apache.http.wire -- http-outgoing-8 << "[\r][\n]"
22:35:20.688 [main] DEBUG org.apache.http.wire -- http-outgoing-8 << "{"success":false,"statusCode":409,"message":"Email ho[0xe1][0xba][0xb7]c t[0xc3][0xaa]n [0xc4][0x91][0xc4][0x83]ng nh[0xe1][0xba][0xad]p [0xc4][0x91][0xc3][0xa3] t[0xe1][0xbb][0x93]n t[0xe1][0xba][0xa1]i","path":"/auth/register","timestamp":"2025-06-17T15:35:20.687Z"}"
22:35:20.688 [main] DEBUG org.apache.http.headers -- http-outgoing-8 << HTTP/1.1 409 Conflict
22:35:20.688 [main] DEBUG org.apache.http.headers -- http-outgoing-8 << X-Powered-By: Express
22:35:20.688 [main] DEBUG org.apache.http.headers -- http-outgoing-8 << Access-Control-Allow-Origin: *
22:35:20.688 [main] DEBUG org.apache.http.headers -- http-outgoing-8 << Content-Type: application/json; charset=utf-8
22:35:20.688 [main] DEBUG org.apache.http.headers -- http-outgoing-8 << Content-Length: 158
22:35:20.688 [main] DEBUG org.apache.http.headers -- http-outgoing-8 << ETag: W/"9e-GuaHVt3/S3oenm2pUMXy+VMUDV4"
22:35:20.688 [main] DEBUG org.apache.http.headers -- http-outgoing-8 << Date: Tue, 17 Jun 2025 15:35:20 GMT
22:35:20.688 [main] DEBUG org.apache.http.headers -- http-outgoing-8 << Connection: keep-alive
22:35:20.688 [main] DEBUG org.apache.http.headers -- http-outgoing-8 << Keep-Alive: timeout=5
22:35:20.688 [main] DEBUG org.apache.http.impl.execchain.MainClientExec -- Connection can be kept alive for 5000 MILLISECONDS
22:35:20.688 [main] DEBUG org.apache.http.impl.conn.PoolingHttpClientConnectionManager -- Connection [id: 8][route: {}->http://localhost:3000] can be kept alive for 5.0 seconds
22:35:20.688 [main] DEBUG org.apache.http.impl.conn.DefaultManagedHttpClientConnection -- http-outgoing-8: set socket timeout to 0
22:35:20.688 [main] DEBUG org.apache.http.impl.conn.PoolingHttpClientConnectionManager -- Connection released: [id: 8][route: {}->http://localhost:3000][total available: 1; route allocated: 1 of 5; total allocated: 1 of 10]
22:35:20.688 [main] DEBUG org.apache.http.impl.conn.PoolingHttpClientConnectionManager -- Connection manager is shutting down
22:35:20.688 [main] DEBUG org.apache.http.impl.conn.DefaultManagedHttpClientConnection -- http-outgoing-8: Close connection
22:35:20.688 [main] DEBUG org.apache.http.impl.conn.PoolingHttpClientConnectionManager -- Connection manager shut down
22:35:20.688 [main] DEBUG com.intuit.karate -- response time in milliseconds: 31
1 < 409
1 < X-Powered-By: Express
1 < Access-Control-Allow-Origin: *
1 < Content-Type: application/json; charset=utf-8
1 < Content-Length: 158
1 < ETag: W/"9e-GuaHVt3/S3oenm2pUMXy+VMUDV4"
1 < Date: Tue, 17 Jun 2025 15:35:20 GMT
1 < Connection: keep-alive
1 < Keep-Alive: timeout=5
{
  "success": false,
  "statusCode": 409,
  "message": "Email ho?c tên ??ng nh?p ?ã t?n t?i",
  "path": "/auth/register",
  "timestamp": "2025-06-17T15:35:20.687Z"
}


22:35:20.689 [main] DEBUG com.intuit.karate.core.ScenarioEngine -- over-writing existing variable 'responseStatus' with new value: karate.get('responseStatus')
22:35:20.689 [main] DEBUG com.intuit.karate.core.ScenarioEngine -- over-writing existing variable 'response' with new value: karate.get('response')
22:35:20.690 [main] INFO com.intuit.karate -- [print] Register API called with: 
22:35:20.690 [main] INFO com.intuit.karate -- [print] Request: {
  "email": "test9@example.com",
  "password": "12345",
  "name": "John Doe",
  "username": "johndoe9",
  "phoneNumber": "0987654321"
}
 
22:35:20.690 [main] INFO com.intuit.karate -- [print] Response Status: 409 
22:35:20.690 [main] INFO com.intuit.karate -- [print] Response Body: {
  "success": false,
  "statusCode": 409,
  "message": "Email ho?c tên ??ng nh?p ?ã t?n t?i",
  "path": "/auth/register",
  "timestamp": "2025-06-17T15:35:20.687Z"
}
 
22:35:20.692 [main] INFO com.intuit.karate -- ? TEST CASE #9 FAILED 
22:35:20.692 [main] INFO com.intuit.karate --   Expected Status: 400 
22:35:20.692 [main] INFO com.intuit.karate --   Actual Status: 409 
22:35:20.692 [main] INFO com.intuit.karate -- Actual Status: 409 
22:35:20.692 [main] INFO com.intuit.karate -- Actual Result: {"success":false,"statusCode":409,"message":"Email ho?c tên ??ng nh?p ?ã t?n t?i","path":"/auth/register","timestamp":"2025-06-17T15:35:20.687Z"} 
22:35:20.692 [main] INFO com.intuit.karate -- Test Result: FAIL 
22:35:20.693 [main] INFO com.intuit.karate -- ========================================== 
22:35:20.693 [main] INFO com.intuit.karate -- ========================================== 
22:35:20.693 [main] INFO com.intuit.karate -- ?ANG CH?Y TEST CASE #10/30 
22:35:20.693 [main] INFO com.intuit.karate -- Description: TC10: Username ?ã t?n t?i - Ki?m tra khi username ?ã ???c s? d?ng 
22:35:20.693 [main] INFO com.intuit.karate -- Email: "test10@example.com" 
22:35:20.693 [main] INFO com.intuit.karate -- Password: "Password123" 
22:35:20.693 [main] INFO com.intuit.karate -- Name: "John Doe" 
22:35:20.693 [main] INFO com.intuit.karate -- Username: "johndoe1" 
22:35:20.693 [main] INFO com.intuit.karate -- PhoneNumber: "0123456789" 
22:35:20.693 [main] INFO com.intuit.karate -- Expected Status: 409 
22:35:20.694 [main] INFO com.intuit.karate -- Expected Result: {"error": "Username already exists"} 
22:35:20.694 [main] INFO com.intuit.karate -- ========================================== 
22:35:20.702 [main] INFO com.intuit.karate -- karate.env system property was: null 
22:35:20.703 [main] DEBUG com.jayway.jsonpath.internal.path.CompiledPath -- Evaluating path: $
22:35:20.706 [main] DEBUG org.apache.http.client.protocol.RequestAddCookies -- CookieSpec selected: karate
22:35:20.706 [main] DEBUG org.apache.http.client.protocol.RequestAuthCache -- Auth cache not set in the context
22:35:20.706 [main] DEBUG com.intuit.karate -- request:
1 > POST http://localhost:3000/auth/register
1 > Content-Type: application/json; charset=UTF-8
1 > Content-Length: 122
1 > Host: localhost:3000
1 > Connection: Keep-Alive
1 > User-Agent: Apache-HttpClient/4.5.14 (Java/17.0.9)
1 > Accept-Encoding: gzip,deflate
{
  "email": "test10@example.com",
  "password": "Password123",
  "name": "John Doe",
  "username": "johndoe1",
  "phoneNumber": "0123456789"
}


22:35:20.706 [main] DEBUG org.apache.http.impl.conn.PoolingHttpClientConnectionManager -- Connection request: [route: {}->http://localhost:3000][total available: 0; route allocated: 0 of 5; total allocated: 0 of 10]
22:35:20.706 [main] DEBUG org.apache.http.impl.conn.PoolingHttpClientConnectionManager -- Connection leased: [id: 9][route: {}->http://localhost:3000][total available: 0; route allocated: 1 of 5; total allocated: 1 of 10]
22:35:20.706 [main] DEBUG org.apache.http.impl.execchain.MainClientExec -- Opening connection {}->http://localhost:3000
22:35:20.706 [main] DEBUG org.apache.http.impl.conn.DefaultHttpClientConnectionOperator -- Connecting to localhost/127.0.0.1:3000
22:35:20.707 [main] DEBUG org.apache.http.impl.conn.DefaultHttpClientConnectionOperator -- Connection established 127.0.0.1:64245<->127.0.0.1:3000
22:35:20.707 [main] DEBUG org.apache.http.impl.conn.DefaultManagedHttpClientConnection -- http-outgoing-9: set socket timeout to 5000
22:35:20.707 [main] DEBUG org.apache.http.impl.execchain.MainClientExec -- Executing request POST /auth/register HTTP/1.1
22:35:20.707 [main] DEBUG org.apache.http.impl.execchain.MainClientExec -- Target auth state: UNCHALLENGED
22:35:20.707 [main] DEBUG org.apache.http.impl.execchain.MainClientExec -- Proxy auth state: UNCHALLENGED
22:35:20.707 [main] DEBUG org.apache.http.headers -- http-outgoing-9 >> POST /auth/register HTTP/1.1
22:35:20.707 [main] DEBUG org.apache.http.headers -- http-outgoing-9 >> Content-Type: application/json; charset=UTF-8
22:35:20.707 [main] DEBUG org.apache.http.headers -- http-outgoing-9 >> Content-Length: 122
22:35:20.707 [main] DEBUG org.apache.http.headers -- http-outgoing-9 >> Host: localhost:3000
22:35:20.707 [main] DEBUG org.apache.http.headers -- http-outgoing-9 >> Connection: Keep-Alive
22:35:20.707 [main] DEBUG org.apache.http.headers -- http-outgoing-9 >> User-Agent: Apache-HttpClient/4.5.14 (Java/17.0.9)
22:35:20.707 [main] DEBUG org.apache.http.headers -- http-outgoing-9 >> Accept-Encoding: gzip,deflate
22:35:20.707 [main] DEBUG org.apache.http.wire -- http-outgoing-9 >> "POST /auth/register HTTP/1.1[\r][\n]"
22:35:20.707 [main] DEBUG org.apache.http.wire -- http-outgoing-9 >> "Content-Type: application/json; charset=UTF-8[\r][\n]"
22:35:20.707 [main] DEBUG org.apache.http.wire -- http-outgoing-9 >> "Content-Length: 122[\r][\n]"
22:35:20.707 [main] DEBUG org.apache.http.wire -- http-outgoing-9 >> "Host: localhost:3000[\r][\n]"
22:35:20.707 [main] DEBUG org.apache.http.wire -- http-outgoing-9 >> "Connection: Keep-Alive[\r][\n]"
22:35:20.707 [main] DEBUG org.apache.http.wire -- http-outgoing-9 >> "User-Agent: Apache-HttpClient/4.5.14 (Java/17.0.9)[\r][\n]"
22:35:20.707 [main] DEBUG org.apache.http.wire -- http-outgoing-9 >> "Accept-Encoding: gzip,deflate[\r][\n]"
22:35:20.707 [main] DEBUG org.apache.http.wire -- http-outgoing-9 >> "[\r][\n]"
22:35:20.707 [main] DEBUG org.apache.http.wire -- http-outgoing-9 >> "{"email":"test10@example.com","password":"Password123","name":"John Doe","username":"johndoe1","phoneNumber":"0123456789"}"
22:35:20.739 [main] DEBUG org.apache.http.wire -- http-outgoing-9 << "HTTP/1.1 409 Conflict[\r][\n]"
22:35:20.739 [main] DEBUG org.apache.http.wire -- http-outgoing-9 << "X-Powered-By: Express[\r][\n]"
22:35:20.739 [main] DEBUG org.apache.http.wire -- http-outgoing-9 << "Access-Control-Allow-Origin: *[\r][\n]"
22:35:20.739 [main] DEBUG org.apache.http.wire -- http-outgoing-9 << "Content-Type: application/json; charset=utf-8[\r][\n]"
22:35:20.739 [main] DEBUG org.apache.http.wire -- http-outgoing-9 << "Content-Length: 158[\r][\n]"
22:35:20.740 [main] DEBUG org.apache.http.wire -- http-outgoing-9 << "ETag: W/"9e-9JOZNZLYCa/AYtFiL6m8V9gIBdI"[\r][\n]"
22:35:20.740 [main] DEBUG org.apache.http.wire -- http-outgoing-9 << "Date: Tue, 17 Jun 2025 15:35:20 GMT[\r][\n]"
22:35:20.740 [main] DEBUG org.apache.http.wire -- http-outgoing-9 << "Connection: keep-alive[\r][\n]"
22:35:20.740 [main] DEBUG org.apache.http.wire -- http-outgoing-9 << "Keep-Alive: timeout=5[\r][\n]"
22:35:20.740 [main] DEBUG org.apache.http.wire -- http-outgoing-9 << "[\r][\n]"
22:35:20.740 [main] DEBUG org.apache.http.wire -- http-outgoing-9 << "{"success":false,"statusCode":409,"message":"Email ho[0xe1][0xba][0xb7]c t[0xc3][0xaa]n [0xc4][0x91][0xc4][0x83]ng nh[0xe1][0xba][0xad]p [0xc4][0x91][0xc3][0xa3] t[0xe1][0xbb][0x93]n t[0xe1][0xba][0xa1]i","path":"/auth/register","timestamp":"2025-06-17T15:35:20.738Z"}"
22:35:20.740 [main] DEBUG org.apache.http.headers -- http-outgoing-9 << HTTP/1.1 409 Conflict
22:35:20.740 [main] DEBUG org.apache.http.headers -- http-outgoing-9 << X-Powered-By: Express
22:35:20.740 [main] DEBUG org.apache.http.headers -- http-outgoing-9 << Access-Control-Allow-Origin: *
22:35:20.740 [main] DEBUG org.apache.http.headers -- http-outgoing-9 << Content-Type: application/json; charset=utf-8
22:35:20.740 [main] DEBUG org.apache.http.headers -- http-outgoing-9 << Content-Length: 158
22:35:20.740 [main] DEBUG org.apache.http.headers -- http-outgoing-9 << ETag: W/"9e-9JOZNZLYCa/AYtFiL6m8V9gIBdI"
22:35:20.740 [main] DEBUG org.apache.http.headers -- http-outgoing-9 << Date: Tue, 17 Jun 2025 15:35:20 GMT
22:35:20.740 [main] DEBUG org.apache.http.headers -- http-outgoing-9 << Connection: keep-alive
22:35:20.740 [main] DEBUG org.apache.http.headers -- http-outgoing-9 << Keep-Alive: timeout=5
22:35:20.740 [main] DEBUG org.apache.http.impl.execchain.MainClientExec -- Connection can be kept alive for 5000 MILLISECONDS
22:35:20.740 [main] DEBUG org.apache.http.impl.conn.PoolingHttpClientConnectionManager -- Connection [id: 9][route: {}->http://localhost:3000] can be kept alive for 5.0 seconds
22:35:20.740 [main] DEBUG org.apache.http.impl.conn.DefaultManagedHttpClientConnection -- http-outgoing-9: set socket timeout to 0
22:35:20.741 [main] DEBUG org.apache.http.impl.conn.PoolingHttpClientConnectionManager -- Connection released: [id: 9][route: {}->http://localhost:3000][total available: 1; route allocated: 1 of 5; total allocated: 1 of 10]
22:35:20.741 [main] DEBUG org.apache.http.impl.conn.PoolingHttpClientConnectionManager -- Connection manager is shutting down
22:35:20.741 [main] DEBUG org.apache.http.impl.conn.DefaultManagedHttpClientConnection -- http-outgoing-9: Close connection
22:35:20.741 [main] DEBUG org.apache.http.impl.conn.PoolingHttpClientConnectionManager -- Connection manager shut down
22:35:20.741 [main] DEBUG com.intuit.karate -- response time in milliseconds: 35
1 < 409
1 < X-Powered-By: Express
1 < Access-Control-Allow-Origin: *
1 < Content-Type: application/json; charset=utf-8
1 < Content-Length: 158
1 < ETag: W/"9e-9JOZNZLYCa/AYtFiL6m8V9gIBdI"
1 < Date: Tue, 17 Jun 2025 15:35:20 GMT
1 < Connection: keep-alive
1 < Keep-Alive: timeout=5
{
  "success": false,
  "statusCode": 409,
  "message": "Email ho?c tên ??ng nh?p ?ã t?n t?i",
  "path": "/auth/register",
  "timestamp": "2025-06-17T15:35:20.738Z"
}


22:35:20.743 [main] DEBUG com.intuit.karate.core.ScenarioEngine -- over-writing existing variable 'responseStatus' with new value: karate.get('responseStatus')
22:35:20.744 [main] DEBUG com.intuit.karate.core.ScenarioEngine -- over-writing existing variable 'response' with new value: karate.get('response')
22:35:20.745 [main] INFO com.intuit.karate -- [print] Register API called with: 
22:35:20.745 [main] INFO com.intuit.karate -- [print] Request: {
  "email": "test10@example.com",
  "password": "Password123",
  "name": "John Doe",
  "username": "johndoe1",
  "phoneNumber": "0123456789"
}
 
22:35:20.745 [main] INFO com.intuit.karate -- [print] Response Status: 409 
22:35:20.746 [main] INFO com.intuit.karate -- [print] Response Body: {
  "success": false,
  "statusCode": 409,
  "message": "Email ho?c tên ??ng nh?p ?ã t?n t?i",
  "path": "/auth/register",
  "timestamp": "2025-06-17T15:35:20.738Z"
}
 
22:35:20.747 [main] INFO com.intuit.karate -- ? TEST CASE #10 PASSED 
22:35:20.748 [main] INFO com.intuit.karate -- Actual Status: 409 
22:35:20.748 [main] INFO com.intuit.karate -- Actual Result: {"success":false,"statusCode":409,"message":"Email ho?c tên ??ng nh?p ?ã t?n t?i","path":"/auth/register","timestamp":"2025-06-17T15:35:20.738Z"} 
22:35:20.748 [main] INFO com.intuit.karate -- Test Result: PASS 
22:35:20.748 [main] INFO com.intuit.karate -- ========================================== 
22:35:20.749 [main] INFO com.intuit.karate -- ========================================== 
22:35:20.749 [main] INFO com.intuit.karate -- ?ANG CH?Y TEST CASE #11/30 
22:35:20.749 [main] INFO com.intuit.karate -- Description: TC11: Email ?ã t?n t?i - Ki?m tra khi email ?ã ???c s? d?ng 
22:35:20.749 [main] INFO com.intuit.karate -- Email: "test1@example.com" 
22:35:20.749 [main] INFO com.intuit.karate -- Password: "Password123" 
22:35:20.750 [main] INFO com.intuit.karate -- Name: "John Doe" 
22:35:20.750 [main] INFO com.intuit.karate -- Username: "newuser11" 
22:35:20.750 [main] INFO com.intuit.karate -- PhoneNumber: "0123456789" 
22:35:20.750 [main] INFO com.intuit.karate -- Expected Status: 409 
22:35:20.750 [main] INFO com.intuit.karate -- Expected Result: {"error": "Email already exists"} 
22:35:20.750 [main] INFO com.intuit.karate -- ========================================== 
22:35:20.765 [main] INFO com.intuit.karate -- karate.env system property was: null 
22:35:20.768 [main] DEBUG com.jayway.jsonpath.internal.path.CompiledPath -- Evaluating path: $
22:35:20.771 [main] DEBUG org.apache.http.client.protocol.RequestAddCookies -- CookieSpec selected: karate
22:35:20.771 [main] DEBUG org.apache.http.client.protocol.RequestAuthCache -- Auth cache not set in the context
22:35:20.771 [main] DEBUG com.intuit.karate -- request:
1 > POST http://localhost:3000/auth/register
1 > Content-Type: application/json; charset=UTF-8
1 > Content-Length: 122
1 > Host: localhost:3000
1 > Connection: Keep-Alive
1 > User-Agent: Apache-HttpClient/4.5.14 (Java/17.0.9)
1 > Accept-Encoding: gzip,deflate
{
  "email": "test1@example.com",
  "password": "Password123",
  "name": "John Doe",
  "username": "newuser11",
  "phoneNumber": "0123456789"
}


22:35:20.771 [main] DEBUG org.apache.http.impl.conn.PoolingHttpClientConnectionManager -- Connection request: [route: {}->http://localhost:3000][total available: 0; route allocated: 0 of 5; total allocated: 0 of 10]
22:35:20.772 [main] DEBUG org.apache.http.impl.conn.PoolingHttpClientConnectionManager -- Connection leased: [id: 10][route: {}->http://localhost:3000][total available: 0; route allocated: 1 of 5; total allocated: 1 of 10]
22:35:20.772 [main] DEBUG org.apache.http.impl.execchain.MainClientExec -- Opening connection {}->http://localhost:3000
22:35:20.772 [main] DEBUG org.apache.http.impl.conn.DefaultHttpClientConnectionOperator -- Connecting to localhost/127.0.0.1:3000
22:35:20.772 [main] DEBUG org.apache.http.impl.conn.DefaultHttpClientConnectionOperator -- Connection established 127.0.0.1:64246<->127.0.0.1:3000
22:35:20.773 [main] DEBUG org.apache.http.impl.conn.DefaultManagedHttpClientConnection -- http-outgoing-10: set socket timeout to 5000
22:35:20.773 [main] DEBUG org.apache.http.impl.execchain.MainClientExec -- Executing request POST /auth/register HTTP/1.1
22:35:20.773 [main] DEBUG org.apache.http.impl.execchain.MainClientExec -- Target auth state: UNCHALLENGED
22:35:20.773 [main] DEBUG org.apache.http.impl.execchain.MainClientExec -- Proxy auth state: UNCHALLENGED
22:35:20.773 [main] DEBUG org.apache.http.headers -- http-outgoing-10 >> POST /auth/register HTTP/1.1
22:35:20.773 [main] DEBUG org.apache.http.headers -- http-outgoing-10 >> Content-Type: application/json; charset=UTF-8
22:35:20.773 [main] DEBUG org.apache.http.headers -- http-outgoing-10 >> Content-Length: 122
22:35:20.773 [main] DEBUG org.apache.http.headers -- http-outgoing-10 >> Host: localhost:3000
22:35:20.773 [main] DEBUG org.apache.http.headers -- http-outgoing-10 >> Connection: Keep-Alive
22:35:20.773 [main] DEBUG org.apache.http.headers -- http-outgoing-10 >> User-Agent: Apache-HttpClient/4.5.14 (Java/17.0.9)
22:35:20.773 [main] DEBUG org.apache.http.headers -- http-outgoing-10 >> Accept-Encoding: gzip,deflate
22:35:20.773 [main] DEBUG org.apache.http.wire -- http-outgoing-10 >> "POST /auth/register HTTP/1.1[\r][\n]"
22:35:20.773 [main] DEBUG org.apache.http.wire -- http-outgoing-10 >> "Content-Type: application/json; charset=UTF-8[\r][\n]"
22:35:20.773 [main] DEBUG org.apache.http.wire -- http-outgoing-10 >> "Content-Length: 122[\r][\n]"
22:35:20.773 [main] DEBUG org.apache.http.wire -- http-outgoing-10 >> "Host: localhost:3000[\r][\n]"
22:35:20.773 [main] DEBUG org.apache.http.wire -- http-outgoing-10 >> "Connection: Keep-Alive[\r][\n]"
22:35:20.773 [main] DEBUG org.apache.http.wire -- http-outgoing-10 >> "User-Agent: Apache-HttpClient/4.5.14 (Java/17.0.9)[\r][\n]"
22:35:20.773 [main] DEBUG org.apache.http.wire -- http-outgoing-10 >> "Accept-Encoding: gzip,deflate[\r][\n]"
22:35:20.773 [main] DEBUG org.apache.http.wire -- http-outgoing-10 >> "[\r][\n]"
22:35:20.773 [main] DEBUG org.apache.http.wire -- http-outgoing-10 >> "{"email":"test1@example.com","password":"Password123","name":"John Doe","username":"newuser11","phoneNumber":"0123456789"}"
22:35:20.806 [main] DEBUG org.apache.http.wire -- http-outgoing-10 << "HTTP/1.1 409 Conflict[\r][\n]"
22:35:20.806 [main] DEBUG org.apache.http.wire -- http-outgoing-10 << "X-Powered-By: Express[\r][\n]"
22:35:20.806 [main] DEBUG org.apache.http.wire -- http-outgoing-10 << "Access-Control-Allow-Origin: *[\r][\n]"
22:35:20.806 [main] DEBUG org.apache.http.wire -- http-outgoing-10 << "Content-Type: application/json; charset=utf-8[\r][\n]"
22:35:20.806 [main] DEBUG org.apache.http.wire -- http-outgoing-10 << "Content-Length: 158[\r][\n]"
22:35:20.806 [main] DEBUG org.apache.http.wire -- http-outgoing-10 << "ETag: W/"9e-TIENjt1igoSQGNRsXKJ3cDBZngA"[\r][\n]"
22:35:20.806 [main] DEBUG org.apache.http.wire -- http-outgoing-10 << "Date: Tue, 17 Jun 2025 15:35:20 GMT[\r][\n]"
22:35:20.806 [main] DEBUG org.apache.http.wire -- http-outgoing-10 << "Connection: keep-alive[\r][\n]"
22:35:20.806 [main] DEBUG org.apache.http.wire -- http-outgoing-10 << "Keep-Alive: timeout=5[\r][\n]"
22:35:20.806 [main] DEBUG org.apache.http.wire -- http-outgoing-10 << "[\r][\n]"
22:35:20.806 [main] DEBUG org.apache.http.wire -- http-outgoing-10 << "{"success":false,"statusCode":409,"message":"Email ho[0xe1][0xba][0xb7]c t[0xc3][0xaa]n [0xc4][0x91][0xc4][0x83]ng nh[0xe1][0xba][0xad]p [0xc4][0x91][0xc3][0xa3] t[0xe1][0xbb][0x93]n t[0xe1][0xba][0xa1]i","path":"/auth/register","timestamp":"2025-06-17T15:35:20.805Z"}"
22:35:20.806 [main] DEBUG org.apache.http.headers -- http-outgoing-10 << HTTP/1.1 409 Conflict
22:35:20.806 [main] DEBUG org.apache.http.headers -- http-outgoing-10 << X-Powered-By: Express
22:35:20.806 [main] DEBUG org.apache.http.headers -- http-outgoing-10 << Access-Control-Allow-Origin: *
22:35:20.806 [main] DEBUG org.apache.http.headers -- http-outgoing-10 << Content-Type: application/json; charset=utf-8
22:35:20.806 [main] DEBUG org.apache.http.headers -- http-outgoing-10 << Content-Length: 158
22:35:20.806 [main] DEBUG org.apache.http.headers -- http-outgoing-10 << ETag: W/"9e-TIENjt1igoSQGNRsXKJ3cDBZngA"
22:35:20.806 [main] DEBUG org.apache.http.headers -- http-outgoing-10 << Date: Tue, 17 Jun 2025 15:35:20 GMT
22:35:20.806 [main] DEBUG org.apache.http.headers -- http-outgoing-10 << Connection: keep-alive
22:35:20.806 [main] DEBUG org.apache.http.headers -- http-outgoing-10 << Keep-Alive: timeout=5
22:35:20.806 [main] DEBUG org.apache.http.impl.execchain.MainClientExec -- Connection can be kept alive for 5000 MILLISECONDS
22:35:20.807 [main] DEBUG org.apache.http.impl.conn.PoolingHttpClientConnectionManager -- Connection [id: 10][route: {}->http://localhost:3000] can be kept alive for 5.0 seconds
22:35:20.807 [main] DEBUG org.apache.http.impl.conn.DefaultManagedHttpClientConnection -- http-outgoing-10: set socket timeout to 0
22:35:20.807 [main] DEBUG org.apache.http.impl.conn.PoolingHttpClientConnectionManager -- Connection released: [id: 10][route: {}->http://localhost:3000][total available: 1; route allocated: 1 of 5; total allocated: 1 of 10]
22:35:20.807 [main] DEBUG org.apache.http.impl.conn.PoolingHttpClientConnectionManager -- Connection manager is shutting down
22:35:20.807 [main] DEBUG org.apache.http.impl.conn.DefaultManagedHttpClientConnection -- http-outgoing-10: Close connection
22:35:20.807 [main] DEBUG org.apache.http.impl.conn.PoolingHttpClientConnectionManager -- Connection manager shut down
22:35:20.807 [main] DEBUG com.intuit.karate -- response time in milliseconds: 36
1 < 409
1 < X-Powered-By: Express
1 < Access-Control-Allow-Origin: *
1 < Content-Type: application/json; charset=utf-8
1 < Content-Length: 158
1 < ETag: W/"9e-TIENjt1igoSQGNRsXKJ3cDBZngA"
1 < Date: Tue, 17 Jun 2025 15:35:20 GMT
1 < Connection: keep-alive
1 < Keep-Alive: timeout=5
{
  "success": false,
  "statusCode": 409,
  "message": "Email ho?c tên ??ng nh?p ?ã t?n t?i",
  "path": "/auth/register",
  "timestamp": "2025-06-17T15:35:20.805Z"
}


22:35:20.808 [main] DEBUG com.intuit.karate.core.ScenarioEngine -- over-writing existing variable 'responseStatus' with new value: karate.get('responseStatus')
22:35:20.809 [main] DEBUG com.intuit.karate.core.ScenarioEngine -- over-writing existing variable 'response' with new value: karate.get('response')
22:35:20.810 [main] INFO com.intuit.karate -- [print] Register API called with: 
22:35:20.810 [main] INFO com.intuit.karate -- [print] Request: {
  "email": "test1@example.com",
  "password": "Password123",
  "name": "John Doe",
  "username": "newuser11",
  "phoneNumber": "0123456789"
}
 
22:35:20.811 [main] INFO com.intuit.karate -- [print] Response Status: 409 
22:35:20.811 [main] INFO com.intuit.karate -- [print] Response Body: {
  "success": false,
  "statusCode": 409,
  "message": "Email ho?c tên ??ng nh?p ?ã t?n t?i",
  "path": "/auth/register",
  "timestamp": "2025-06-17T15:35:20.805Z"
}
 
22:35:20.813 [main] INFO com.intuit.karate -- ? TEST CASE #11 PASSED 
22:35:20.813 [main] INFO com.intuit.karate -- Actual Status: 409 
22:35:20.813 [main] INFO com.intuit.karate -- Actual Result: {"success":false,"statusCode":409,"message":"Email ho?c tên ??ng nh?p ?ã t?n t?i","path":"/auth/register","timestamp":"2025-06-17T15:35:20.805Z"} 
22:35:20.813 [main] INFO com.intuit.karate -- Test Result: PASS 
22:35:20.813 [main] INFO com.intuit.karate -- ========================================== 
22:35:20.814 [main] INFO com.intuit.karate -- ========================================== 
22:35:20.814 [main] INFO com.intuit.karate -- ?ANG CH?Y TEST CASE #12/30 
22:35:20.814 [main] INFO com.intuit.karate -- Description: TC12: S? ?i?n tho?i ?ã t?n t?i - Ki?m tra khi s? ?i?n tho?i ?ã ???c s? d?ng 
22:35:20.814 [main] INFO com.intuit.karate -- Email: "test12@example.com" 
22:35:20.814 [main] INFO com.intuit.karate -- Password: "Password123" 
22:35:20.814 [main] INFO com.intuit.karate -- Name: "John Doe" 
22:35:20.814 [main] INFO com.intuit.karate -- Username: "newuser12" 
22:35:20.815 [main] INFO com.intuit.karate -- PhoneNumber: "0987654321" 
22:35:20.815 [main] INFO com.intuit.karate -- Expected Status: 409 
22:35:20.815 [main] INFO com.intuit.karate -- Expected Result: {"error": "Phone number already exists"} 
22:35:20.815 [main] INFO com.intuit.karate -- ========================================== 
22:35:20.826 [main] INFO com.intuit.karate -- karate.env system property was: null 
22:35:20.827 [main] DEBUG com.jayway.jsonpath.internal.path.CompiledPath -- Evaluating path: $
22:35:20.829 [main] DEBUG org.apache.http.client.protocol.RequestAddCookies -- CookieSpec selected: karate
22:35:20.829 [main] DEBUG org.apache.http.client.protocol.RequestAuthCache -- Auth cache not set in the context
22:35:20.829 [main] DEBUG com.intuit.karate -- request:
1 > POST http://localhost:3000/auth/register
1 > Content-Type: application/json; charset=UTF-8
1 > Content-Length: 123
1 > Host: localhost:3000
1 > Connection: Keep-Alive
1 > User-Agent: Apache-HttpClient/4.5.14 (Java/17.0.9)
1 > Accept-Encoding: gzip,deflate
{
  "email": "test12@example.com",
  "password": "Password123",
  "name": "John Doe",
  "username": "newuser12",
  "phoneNumber": "0987654321"
}


22:35:20.829 [main] DEBUG org.apache.http.impl.conn.PoolingHttpClientConnectionManager -- Connection request: [route: {}->http://localhost:3000][total available: 0; route allocated: 0 of 5; total allocated: 0 of 10]
22:35:20.829 [main] DEBUG org.apache.http.impl.conn.PoolingHttpClientConnectionManager -- Connection leased: [id: 11][route: {}->http://localhost:3000][total available: 0; route allocated: 1 of 5; total allocated: 1 of 10]
22:35:20.829 [main] DEBUG org.apache.http.impl.execchain.MainClientExec -- Opening connection {}->http://localhost:3000
22:35:20.830 [main] DEBUG org.apache.http.impl.conn.DefaultHttpClientConnectionOperator -- Connecting to localhost/127.0.0.1:3000
22:35:20.830 [main] DEBUG org.apache.http.impl.conn.DefaultHttpClientConnectionOperator -- Connection established 127.0.0.1:64247<->127.0.0.1:3000
22:35:20.830 [main] DEBUG org.apache.http.impl.conn.DefaultManagedHttpClientConnection -- http-outgoing-11: set socket timeout to 5000
22:35:20.830 [main] DEBUG org.apache.http.impl.execchain.MainClientExec -- Executing request POST /auth/register HTTP/1.1
22:35:20.830 [main] DEBUG org.apache.http.impl.execchain.MainClientExec -- Target auth state: UNCHALLENGED
22:35:20.830 [main] DEBUG org.apache.http.impl.execchain.MainClientExec -- Proxy auth state: UNCHALLENGED
22:35:20.830 [main] DEBUG org.apache.http.headers -- http-outgoing-11 >> POST /auth/register HTTP/1.1
22:35:20.830 [main] DEBUG org.apache.http.headers -- http-outgoing-11 >> Content-Type: application/json; charset=UTF-8
22:35:20.830 [main] DEBUG org.apache.http.headers -- http-outgoing-11 >> Content-Length: 123
22:35:20.830 [main] DEBUG org.apache.http.headers -- http-outgoing-11 >> Host: localhost:3000
22:35:20.830 [main] DEBUG org.apache.http.headers -- http-outgoing-11 >> Connection: Keep-Alive
22:35:20.830 [main] DEBUG org.apache.http.headers -- http-outgoing-11 >> User-Agent: Apache-HttpClient/4.5.14 (Java/17.0.9)
22:35:20.830 [main] DEBUG org.apache.http.headers -- http-outgoing-11 >> Accept-Encoding: gzip,deflate
22:35:20.830 [main] DEBUG org.apache.http.wire -- http-outgoing-11 >> "POST /auth/register HTTP/1.1[\r][\n]"
22:35:20.830 [main] DEBUG org.apache.http.wire -- http-outgoing-11 >> "Content-Type: application/json; charset=UTF-8[\r][\n]"
22:35:20.830 [main] DEBUG org.apache.http.wire -- http-outgoing-11 >> "Content-Length: 123[\r][\n]"
22:35:20.830 [main] DEBUG org.apache.http.wire -- http-outgoing-11 >> "Host: localhost:3000[\r][\n]"
22:35:20.830 [main] DEBUG org.apache.http.wire -- http-outgoing-11 >> "Connection: Keep-Alive[\r][\n]"
22:35:20.830 [main] DEBUG org.apache.http.wire -- http-outgoing-11 >> "User-Agent: Apache-HttpClient/4.5.14 (Java/17.0.9)[\r][\n]"
22:35:20.830 [main] DEBUG org.apache.http.wire -- http-outgoing-11 >> "Accept-Encoding: gzip,deflate[\r][\n]"
22:35:20.830 [main] DEBUG org.apache.http.wire -- http-outgoing-11 >> "[\r][\n]"
22:35:20.830 [main] DEBUG org.apache.http.wire -- http-outgoing-11 >> "{"email":"test12@example.com","password":"Password123","name":"John Doe","username":"newuser12","phoneNumber":"0987654321"}"
22:35:20.861 [main] DEBUG org.apache.http.wire -- http-outgoing-11 << "HTTP/1.1 409 Conflict[\r][\n]"
22:35:20.861 [main] DEBUG org.apache.http.wire -- http-outgoing-11 << "X-Powered-By: Express[\r][\n]"
22:35:20.861 [main] DEBUG org.apache.http.wire -- http-outgoing-11 << "Access-Control-Allow-Origin: *[\r][\n]"
22:35:20.861 [main] DEBUG org.apache.http.wire -- http-outgoing-11 << "Content-Type: application/json; charset=utf-8[\r][\n]"
22:35:20.861 [main] DEBUG org.apache.http.wire -- http-outgoing-11 << "Content-Length: 158[\r][\n]"
22:35:20.861 [main] DEBUG org.apache.http.wire -- http-outgoing-11 << "ETag: W/"9e-ZAfHmNsWhGnEbB3GoVPl6SP55pw"[\r][\n]"
22:35:20.861 [main] DEBUG org.apache.http.wire -- http-outgoing-11 << "Date: Tue, 17 Jun 2025 15:35:20 GMT[\r][\n]"
22:35:20.861 [main] DEBUG org.apache.http.wire -- http-outgoing-11 << "Connection: keep-alive[\r][\n]"
22:35:20.861 [main] DEBUG org.apache.http.wire -- http-outgoing-11 << "Keep-Alive: timeout=5[\r][\n]"
22:35:20.861 [main] DEBUG org.apache.http.wire -- http-outgoing-11 << "[\r][\n]"
22:35:20.861 [main] DEBUG org.apache.http.wire -- http-outgoing-11 << "{"success":false,"statusCode":409,"message":"Email ho[0xe1][0xba][0xb7]c t[0xc3][0xaa]n [0xc4][0x91][0xc4][0x83]ng nh[0xe1][0xba][0xad]p [0xc4][0x91][0xc3][0xa3] t[0xe1][0xbb][0x93]n t[0xe1][0xba][0xa1]i","path":"/auth/register","timestamp":"2025-06-17T15:35:20.861Z"}"
22:35:20.861 [main] DEBUG org.apache.http.headers -- http-outgoing-11 << HTTP/1.1 409 Conflict
22:35:20.861 [main] DEBUG org.apache.http.headers -- http-outgoing-11 << X-Powered-By: Express
22:35:20.861 [main] DEBUG org.apache.http.headers -- http-outgoing-11 << Access-Control-Allow-Origin: *
22:35:20.861 [main] DEBUG org.apache.http.headers -- http-outgoing-11 << Content-Type: application/json; charset=utf-8
22:35:20.861 [main] DEBUG org.apache.http.headers -- http-outgoing-11 << Content-Length: 158
22:35:20.861 [main] DEBUG org.apache.http.headers -- http-outgoing-11 << ETag: W/"9e-ZAfHmNsWhGnEbB3GoVPl6SP55pw"
22:35:20.861 [main] DEBUG org.apache.http.headers -- http-outgoing-11 << Date: Tue, 17 Jun 2025 15:35:20 GMT
22:35:20.861 [main] DEBUG org.apache.http.headers -- http-outgoing-11 << Connection: keep-alive
22:35:20.861 [main] DEBUG org.apache.http.headers -- http-outgoing-11 << Keep-Alive: timeout=5
22:35:20.861 [main] DEBUG org.apache.http.impl.execchain.MainClientExec -- Connection can be kept alive for 5000 MILLISECONDS
22:35:20.861 [main] DEBUG org.apache.http.impl.conn.PoolingHttpClientConnectionManager -- Connection [id: 11][route: {}->http://localhost:3000] can be kept alive for 5.0 seconds
22:35:20.861 [main] DEBUG org.apache.http.impl.conn.DefaultManagedHttpClientConnection -- http-outgoing-11: set socket timeout to 0
22:35:20.862 [main] DEBUG org.apache.http.impl.conn.PoolingHttpClientConnectionManager -- Connection released: [id: 11][route: {}->http://localhost:3000][total available: 1; route allocated: 1 of 5; total allocated: 1 of 10]
22:35:20.862 [main] DEBUG org.apache.http.impl.conn.PoolingHttpClientConnectionManager -- Connection manager is shutting down
22:35:20.862 [main] DEBUG org.apache.http.impl.conn.DefaultManagedHttpClientConnection -- http-outgoing-11: Close connection
22:35:20.862 [main] DEBUG org.apache.http.impl.conn.PoolingHttpClientConnectionManager -- Connection manager shut down
22:35:20.862 [main] DEBUG com.intuit.karate -- response time in milliseconds: 33
1 < 409
1 < X-Powered-By: Express
1 < Access-Control-Allow-Origin: *
1 < Content-Type: application/json; charset=utf-8
1 < Content-Length: 158
1 < ETag: W/"9e-ZAfHmNsWhGnEbB3GoVPl6SP55pw"
1 < Date: Tue, 17 Jun 2025 15:35:20 GMT
1 < Connection: keep-alive
1 < Keep-Alive: timeout=5
{
  "success": false,
  "statusCode": 409,
  "message": "Email ho?c tên ??ng nh?p ?ã t?n t?i",
  "path": "/auth/register",
  "timestamp": "2025-06-17T15:35:20.861Z"
}


22:35:20.863 [main] DEBUG com.intuit.karate.core.ScenarioEngine -- over-writing existing variable 'responseStatus' with new value: karate.get('responseStatus')
22:35:20.863 [main] DEBUG com.intuit.karate.core.ScenarioEngine -- over-writing existing variable 'response' with new value: karate.get('response')
22:35:20.863 [main] INFO com.intuit.karate -- [print] Register API called with: 
22:35:20.865 [main] INFO com.intuit.karate -- [print] Request: {
  "email": "test12@example.com",
  "password": "Password123",
  "name": "John Doe",
  "username": "newuser12",
  "phoneNumber": "0987654321"
}
 
22:35:20.865 [main] INFO com.intuit.karate -- [print] Response Status: 409 
22:35:20.865 [main] INFO com.intuit.karate -- [print] Response Body: {
  "success": false,
  "statusCode": 409,
  "message": "Email ho?c tên ??ng nh?p ?ã t?n t?i",
  "path": "/auth/register",
  "timestamp": "2025-06-17T15:35:20.861Z"
}
 
22:35:20.866 [main] INFO com.intuit.karate -- ? TEST CASE #12 PASSED 
22:35:20.866 [main] INFO com.intuit.karate -- Actual Status: 409 
22:35:20.866 [main] INFO com.intuit.karate -- Actual Result: {"success":false,"statusCode":409,"message":"Email ho?c tên ??ng nh?p ?ã t?n t?i","path":"/auth/register","timestamp":"2025-06-17T15:35:20.861Z"} 
22:35:20.866 [main] INFO com.intuit.karate -- Test Result: PASS 
22:35:20.866 [main] INFO com.intuit.karate -- ========================================== 
22:35:20.867 [main] INFO com.intuit.karate -- ========================================== 
22:35:20.867 [main] INFO com.intuit.karate -- ?ANG CH?Y TEST CASE #13/30 
22:35:20.867 [main] INFO com.intuit.karate -- Description: TC13: S? ?i?n tho?i quá ng?n - Ki?m tra khi s? ?i?n tho?i có 9 ch? s? 
22:35:20.867 [main] INFO com.intuit.karate -- Email: "test13@example.com" 
22:35:20.867 [main] INFO com.intuit.karate -- Password: "Password123" 
22:35:20.867 [main] INFO com.intuit.karate -- Name: "John Doe" 
22:35:20.867 [main] INFO com.intuit.karate -- Username: "johndoe13" 
22:35:20.867 [main] INFO com.intuit.karate -- PhoneNumber: "098765432" 
22:35:20.867 [main] INFO com.intuit.karate -- Expected Status: 400 
22:35:20.867 [main] INFO com.intuit.karate -- Expected Result: {"error": "S? ?i?n tho?i ph?i có 10 ho?c 11 ch? s?"} 
22:35:20.867 [main] INFO com.intuit.karate -- ========================================== 
22:35:20.876 [main] INFO com.intuit.karate -- karate.env system property was: null 
22:35:20.877 [main] DEBUG com.jayway.jsonpath.internal.path.CompiledPath -- Evaluating path: $
22:35:20.879 [main] DEBUG org.apache.http.client.protocol.RequestAddCookies -- CookieSpec selected: karate
22:35:20.879 [main] DEBUG org.apache.http.client.protocol.RequestAuthCache -- Auth cache not set in the context
22:35:20.879 [main] DEBUG com.intuit.karate -- request:
1 > POST http://localhost:3000/auth/register
1 > Content-Type: application/json; charset=UTF-8
1 > Content-Length: 122
1 > Host: localhost:3000
1 > Connection: Keep-Alive
1 > User-Agent: Apache-HttpClient/4.5.14 (Java/17.0.9)
1 > Accept-Encoding: gzip,deflate
{
  "email": "test13@example.com",
  "password": "Password123",
  "name": "John Doe",
  "username": "johndoe13",
  "phoneNumber": "098765432"
}


22:35:20.879 [main] DEBUG org.apache.http.impl.conn.PoolingHttpClientConnectionManager -- Connection request: [route: {}->http://localhost:3000][total available: 0; route allocated: 0 of 5; total allocated: 0 of 10]
22:35:20.879 [main] DEBUG org.apache.http.impl.conn.PoolingHttpClientConnectionManager -- Connection leased: [id: 12][route: {}->http://localhost:3000][total available: 0; route allocated: 1 of 5; total allocated: 1 of 10]
22:35:20.879 [main] DEBUG org.apache.http.impl.execchain.MainClientExec -- Opening connection {}->http://localhost:3000
22:35:20.879 [main] DEBUG org.apache.http.impl.conn.DefaultHttpClientConnectionOperator -- Connecting to localhost/127.0.0.1:3000
22:35:20.880 [main] DEBUG org.apache.http.impl.conn.DefaultHttpClientConnectionOperator -- Connection established 127.0.0.1:64248<->127.0.0.1:3000
22:35:20.880 [main] DEBUG org.apache.http.impl.conn.DefaultManagedHttpClientConnection -- http-outgoing-12: set socket timeout to 5000
22:35:20.880 [main] DEBUG org.apache.http.impl.execchain.MainClientExec -- Executing request POST /auth/register HTTP/1.1
22:35:20.880 [main] DEBUG org.apache.http.impl.execchain.MainClientExec -- Target auth state: UNCHALLENGED
22:35:20.880 [main] DEBUG org.apache.http.impl.execchain.MainClientExec -- Proxy auth state: UNCHALLENGED
22:35:20.880 [main] DEBUG org.apache.http.headers -- http-outgoing-12 >> POST /auth/register HTTP/1.1
22:35:20.880 [main] DEBUG org.apache.http.headers -- http-outgoing-12 >> Content-Type: application/json; charset=UTF-8
22:35:20.880 [main] DEBUG org.apache.http.headers -- http-outgoing-12 >> Content-Length: 122
22:35:20.880 [main] DEBUG org.apache.http.headers -- http-outgoing-12 >> Host: localhost:3000
22:35:20.880 [main] DEBUG org.apache.http.headers -- http-outgoing-12 >> Connection: Keep-Alive
22:35:20.880 [main] DEBUG org.apache.http.headers -- http-outgoing-12 >> User-Agent: Apache-HttpClient/4.5.14 (Java/17.0.9)
22:35:20.880 [main] DEBUG org.apache.http.headers -- http-outgoing-12 >> Accept-Encoding: gzip,deflate
22:35:20.880 [main] DEBUG org.apache.http.wire -- http-outgoing-12 >> "POST /auth/register HTTP/1.1[\r][\n]"
22:35:20.880 [main] DEBUG org.apache.http.wire -- http-outgoing-12 >> "Content-Type: application/json; charset=UTF-8[\r][\n]"
22:35:20.880 [main] DEBUG org.apache.http.wire -- http-outgoing-12 >> "Content-Length: 122[\r][\n]"
22:35:20.880 [main] DEBUG org.apache.http.wire -- http-outgoing-12 >> "Host: localhost:3000[\r][\n]"
22:35:20.880 [main] DEBUG org.apache.http.wire -- http-outgoing-12 >> "Connection: Keep-Alive[\r][\n]"
22:35:20.880 [main] DEBUG org.apache.http.wire -- http-outgoing-12 >> "User-Agent: Apache-HttpClient/4.5.14 (Java/17.0.9)[\r][\n]"
22:35:20.880 [main] DEBUG org.apache.http.wire -- http-outgoing-12 >> "Accept-Encoding: gzip,deflate[\r][\n]"
22:35:20.880 [main] DEBUG org.apache.http.wire -- http-outgoing-12 >> "[\r][\n]"
22:35:20.880 [main] DEBUG org.apache.http.wire -- http-outgoing-12 >> "{"email":"test13@example.com","password":"Password123","name":"John Doe","username":"johndoe13","phoneNumber":"098765432"}"
22:35:20.882 [main] DEBUG org.apache.http.wire -- http-outgoing-12 << "HTTP/1.1 400 Bad Request[\r][\n]"
22:35:20.882 [main] DEBUG org.apache.http.wire -- http-outgoing-12 << "X-Powered-By: Express[\r][\n]"
22:35:20.882 [main] DEBUG org.apache.http.wire -- http-outgoing-12 << "Access-Control-Allow-Origin: *[\r][\n]"
22:35:20.882 [main] DEBUG org.apache.http.wire -- http-outgoing-12 << "Content-Type: application/json; charset=utf-8[\r][\n]"
22:35:20.882 [main] DEBUG org.apache.http.wire -- http-outgoing-12 << "Content-Length: 139[\r][\n]"
22:35:20.882 [main] DEBUG org.apache.http.wire -- http-outgoing-12 << "ETag: W/"8b-IIahZc3A5PugW0HreTh/maKClL8"[\r][\n]"
22:35:20.882 [main] DEBUG org.apache.http.wire -- http-outgoing-12 << "Date: Tue, 17 Jun 2025 15:35:20 GMT[\r][\n]"
22:35:20.882 [main] DEBUG org.apache.http.wire -- http-outgoing-12 << "Connection: keep-alive[\r][\n]"
22:35:20.882 [main] DEBUG org.apache.http.wire -- http-outgoing-12 << "Keep-Alive: timeout=5[\r][\n]"
22:35:20.882 [main] DEBUG org.apache.http.wire -- http-outgoing-12 << "[\r][\n]"
22:35:20.882 [main] DEBUG org.apache.http.wire -- http-outgoing-12 << "{"success":false,"statusCode":400,"message":"D[0xe1][0xbb][0xaf] li[0xe1][0xbb][0x87]u kh[0xc3][0xb4]ng h[0xe1][0xbb][0xa3]p l[0xe1][0xbb][0x87]","path":"/auth/register","timestamp":"2025-06-17T15:35:20.881Z"}"
22:35:20.882 [main] DEBUG org.apache.http.headers -- http-outgoing-12 << HTTP/1.1 400 Bad Request
22:35:20.882 [main] DEBUG org.apache.http.headers -- http-outgoing-12 << X-Powered-By: Express
22:35:20.882 [main] DEBUG org.apache.http.headers -- http-outgoing-12 << Access-Control-Allow-Origin: *
22:35:20.882 [main] DEBUG org.apache.http.headers -- http-outgoing-12 << Content-Type: application/json; charset=utf-8
22:35:20.882 [main] DEBUG org.apache.http.headers -- http-outgoing-12 << Content-Length: 139
22:35:20.882 [main] DEBUG org.apache.http.headers -- http-outgoing-12 << ETag: W/"8b-IIahZc3A5PugW0HreTh/maKClL8"
22:35:20.882 [main] DEBUG org.apache.http.headers -- http-outgoing-12 << Date: Tue, 17 Jun 2025 15:35:20 GMT
22:35:20.882 [main] DEBUG org.apache.http.headers -- http-outgoing-12 << Connection: keep-alive
22:35:20.882 [main] DEBUG org.apache.http.headers -- http-outgoing-12 << Keep-Alive: timeout=5
22:35:20.882 [main] DEBUG org.apache.http.impl.execchain.MainClientExec -- Connection can be kept alive for 5000 MILLISECONDS
22:35:20.882 [main] DEBUG org.apache.http.impl.conn.PoolingHttpClientConnectionManager -- Connection [id: 12][route: {}->http://localhost:3000] can be kept alive for 5.0 seconds
22:35:20.882 [main] DEBUG org.apache.http.impl.conn.DefaultManagedHttpClientConnection -- http-outgoing-12: set socket timeout to 0
22:35:20.882 [main] DEBUG org.apache.http.impl.conn.PoolingHttpClientConnectionManager -- Connection released: [id: 12][route: {}->http://localhost:3000][total available: 1; route allocated: 1 of 5; total allocated: 1 of 10]
22:35:20.882 [main] DEBUG org.apache.http.impl.conn.PoolingHttpClientConnectionManager -- Connection manager is shutting down
22:35:20.882 [main] DEBUG org.apache.http.impl.conn.DefaultManagedHttpClientConnection -- http-outgoing-12: Close connection
22:35:20.882 [main] DEBUG org.apache.http.impl.conn.PoolingHttpClientConnectionManager -- Connection manager shut down
22:35:20.884 [main] DEBUG com.intuit.karate -- response time in milliseconds: 3
1 < 400
1 < X-Powered-By: Express
1 < Access-Control-Allow-Origin: *
1 < Content-Type: application/json; charset=utf-8
1 < Content-Length: 139
1 < ETag: W/"8b-IIahZc3A5PugW0HreTh/maKClL8"
1 < Date: Tue, 17 Jun 2025 15:35:20 GMT
1 < Connection: keep-alive
1 < Keep-Alive: timeout=5
{
  "success": false,
  "statusCode": 400,
  "message": "D? li?u không h?p l?",
  "path": "/auth/register",
  "timestamp": "2025-06-17T15:35:20.881Z"
}


22:35:20.884 [main] DEBUG com.intuit.karate.core.ScenarioEngine -- over-writing existing variable 'responseStatus' with new value: karate.get('responseStatus')
22:35:20.885 [main] DEBUG com.intuit.karate.core.ScenarioEngine -- over-writing existing variable 'response' with new value: karate.get('response')
22:35:20.885 [main] INFO com.intuit.karate -- [print] Register API called with: 
22:35:20.885 [main] INFO com.intuit.karate -- [print] Request: {
  "email": "test13@example.com",
  "password": "Password123",
  "name": "John Doe",
  "username": "johndoe13",
  "phoneNumber": "098765432"
}
 
22:35:20.885 [main] INFO com.intuit.karate -- [print] Response Status: 400 
22:35:20.886 [main] INFO com.intuit.karate -- [print] Response Body: {
  "success": false,
  "statusCode": 400,
  "message": "D? li?u không h?p l?",
  "path": "/auth/register",
  "timestamp": "2025-06-17T15:35:20.881Z"
}
 
22:35:20.886 [main] INFO com.intuit.karate -- ? TEST CASE #13 PASSED 
22:35:20.886 [main] INFO com.intuit.karate -- Actual Status: 400 
22:35:20.886 [main] INFO com.intuit.karate -- Actual Result: {"success":false,"statusCode":400,"message":"D? li?u không h?p l?","path":"/auth/register","timestamp":"2025-06-17T15:35:20.881Z"} 
22:35:20.886 [main] INFO com.intuit.karate -- Test Result: PASS 
22:35:20.886 [main] INFO com.intuit.karate -- ========================================== 
22:35:20.887 [main] INFO com.intuit.karate -- ========================================== 
22:35:20.887 [main] INFO com.intuit.karate -- ?ANG CH?Y TEST CASE #14/30 
22:35:20.887 [main] INFO com.intuit.karate -- Description: TC14: S? ?i?n tho?i quá dài - Ki?m tra khi s? ?i?n tho?i có 12 ch? s? 
22:35:20.887 [main] INFO com.intuit.karate -- Email: "test14@example.com" 
22:35:20.887 [main] INFO com.intuit.karate -- Password: "Password123" 
22:35:20.887 [main] INFO com.intuit.karate -- Name: "John Doe" 
22:35:20.887 [main] INFO com.intuit.karate -- Username: "johndoe14" 
22:35:20.887 [main] INFO com.intuit.karate -- PhoneNumber: "098765432123" 
22:35:20.887 [main] INFO com.intuit.karate -- Expected Status: 400 
22:35:20.887 [main] INFO com.intuit.karate -- Expected Result: {"error": "S? ?i?n tho?i ph?i có 10 ho?c 11 ch? s?"} 
22:35:20.887 [main] INFO com.intuit.karate -- ========================================== 
22:35:20.895 [main] INFO com.intuit.karate -- karate.env system property was: null 
22:35:20.896 [main] DEBUG com.jayway.jsonpath.internal.path.CompiledPath -- Evaluating path: $
22:35:20.897 [main] DEBUG org.apache.http.client.protocol.RequestAddCookies -- CookieSpec selected: karate
22:35:20.897 [main] DEBUG org.apache.http.client.protocol.RequestAuthCache -- Auth cache not set in the context
22:35:20.897 [main] DEBUG com.intuit.karate -- request:
1 > POST http://localhost:3000/auth/register
1 > Content-Type: application/json; charset=UTF-8
1 > Content-Length: 125
1 > Host: localhost:3000
1 > Connection: Keep-Alive
1 > User-Agent: Apache-HttpClient/4.5.14 (Java/17.0.9)
1 > Accept-Encoding: gzip,deflate
{
  "email": "test14@example.com",
  "password": "Password123",
  "name": "John Doe",
  "username": "johndoe14",
  "phoneNumber": "098765432123"
}


22:35:20.897 [main] DEBUG org.apache.http.impl.conn.PoolingHttpClientConnectionManager -- Connection request: [route: {}->http://localhost:3000][total available: 0; route allocated: 0 of 5; total allocated: 0 of 10]
22:35:20.897 [main] DEBUG org.apache.http.impl.conn.PoolingHttpClientConnectionManager -- Connection leased: [id: 13][route: {}->http://localhost:3000][total available: 0; route allocated: 1 of 5; total allocated: 1 of 10]
22:35:20.897 [main] DEBUG org.apache.http.impl.execchain.MainClientExec -- Opening connection {}->http://localhost:3000
22:35:20.897 [main] DEBUG org.apache.http.impl.conn.DefaultHttpClientConnectionOperator -- Connecting to localhost/127.0.0.1:3000
22:35:20.898 [main] DEBUG org.apache.http.impl.conn.DefaultHttpClientConnectionOperator -- Connection established 127.0.0.1:64249<->127.0.0.1:3000
22:35:20.898 [main] DEBUG org.apache.http.impl.conn.DefaultManagedHttpClientConnection -- http-outgoing-13: set socket timeout to 5000
22:35:20.898 [main] DEBUG org.apache.http.impl.execchain.MainClientExec -- Executing request POST /auth/register HTTP/1.1
22:35:20.898 [main] DEBUG org.apache.http.impl.execchain.MainClientExec -- Target auth state: UNCHALLENGED
22:35:20.898 [main] DEBUG org.apache.http.impl.execchain.MainClientExec -- Proxy auth state: UNCHALLENGED
22:35:20.898 [main] DEBUG org.apache.http.headers -- http-outgoing-13 >> POST /auth/register HTTP/1.1
22:35:20.898 [main] DEBUG org.apache.http.headers -- http-outgoing-13 >> Content-Type: application/json; charset=UTF-8
22:35:20.898 [main] DEBUG org.apache.http.headers -- http-outgoing-13 >> Content-Length: 125
22:35:20.898 [main] DEBUG org.apache.http.headers -- http-outgoing-13 >> Host: localhost:3000
22:35:20.898 [main] DEBUG org.apache.http.headers -- http-outgoing-13 >> Connection: Keep-Alive
22:35:20.898 [main] DEBUG org.apache.http.headers -- http-outgoing-13 >> User-Agent: Apache-HttpClient/4.5.14 (Java/17.0.9)
22:35:20.898 [main] DEBUG org.apache.http.headers -- http-outgoing-13 >> Accept-Encoding: gzip,deflate
22:35:20.898 [main] DEBUG org.apache.http.wire -- http-outgoing-13 >> "POST /auth/register HTTP/1.1[\r][\n]"
22:35:20.898 [main] DEBUG org.apache.http.wire -- http-outgoing-13 >> "Content-Type: application/json; charset=UTF-8[\r][\n]"
22:35:20.898 [main] DEBUG org.apache.http.wire -- http-outgoing-13 >> "Content-Length: 125[\r][\n]"
22:35:20.898 [main] DEBUG org.apache.http.wire -- http-outgoing-13 >> "Host: localhost:3000[\r][\n]"
22:35:20.898 [main] DEBUG org.apache.http.wire -- http-outgoing-13 >> "Connection: Keep-Alive[\r][\n]"
22:35:20.898 [main] DEBUG org.apache.http.wire -- http-outgoing-13 >> "User-Agent: Apache-HttpClient/4.5.14 (Java/17.0.9)[\r][\n]"
22:35:20.898 [main] DEBUG org.apache.http.wire -- http-outgoing-13 >> "Accept-Encoding: gzip,deflate[\r][\n]"
22:35:20.898 [main] DEBUG org.apache.http.wire -- http-outgoing-13 >> "[\r][\n]"
22:35:20.898 [main] DEBUG org.apache.http.wire -- http-outgoing-13 >> "{"email":"test14@example.com","password":"Password123","name":"John Doe","username":"johndoe14","phoneNumber":"098765432123"}"
22:35:20.900 [main] DEBUG org.apache.http.wire -- http-outgoing-13 << "HTTP/1.1 400 Bad Request[\r][\n]"
22:35:20.900 [main] DEBUG org.apache.http.wire -- http-outgoing-13 << "X-Powered-By: Express[\r][\n]"
22:35:20.900 [main] DEBUG org.apache.http.wire -- http-outgoing-13 << "Access-Control-Allow-Origin: *[\r][\n]"
22:35:20.900 [main] DEBUG org.apache.http.wire -- http-outgoing-13 << "Content-Type: application/json; charset=utf-8[\r][\n]"
22:35:20.900 [main] DEBUG org.apache.http.wire -- http-outgoing-13 << "Content-Length: 139[\r][\n]"
22:35:20.900 [main] DEBUG org.apache.http.wire -- http-outgoing-13 << "ETag: W/"8b-dqf1DJ/MwY6wnAuMUYAug7P4TB8"[\r][\n]"
22:35:20.900 [main] DEBUG org.apache.http.wire -- http-outgoing-13 << "Date: Tue, 17 Jun 2025 15:35:20 GMT[\r][\n]"
22:35:20.900 [main] DEBUG org.apache.http.wire -- http-outgoing-13 << "Connection: keep-alive[\r][\n]"
22:35:20.900 [main] DEBUG org.apache.http.wire -- http-outgoing-13 << "Keep-Alive: timeout=5[\r][\n]"
22:35:20.900 [main] DEBUG org.apache.http.wire -- http-outgoing-13 << "[\r][\n]"
22:35:20.900 [main] DEBUG org.apache.http.wire -- http-outgoing-13 << "{"success":false,"statusCode":400,"message":"D[0xe1][0xbb][0xaf] li[0xe1][0xbb][0x87]u kh[0xc3][0xb4]ng h[0xe1][0xbb][0xa3]p l[0xe1][0xbb][0x87]","path":"/auth/register","timestamp":"2025-06-17T15:35:20.899Z"}"
22:35:20.900 [main] DEBUG org.apache.http.headers -- http-outgoing-13 << HTTP/1.1 400 Bad Request
22:35:20.900 [main] DEBUG org.apache.http.headers -- http-outgoing-13 << X-Powered-By: Express
22:35:20.900 [main] DEBUG org.apache.http.headers -- http-outgoing-13 << Access-Control-Allow-Origin: *
22:35:20.900 [main] DEBUG org.apache.http.headers -- http-outgoing-13 << Content-Type: application/json; charset=utf-8
22:35:20.900 [main] DEBUG org.apache.http.headers -- http-outgoing-13 << Content-Length: 139
22:35:20.900 [main] DEBUG org.apache.http.headers -- http-outgoing-13 << ETag: W/"8b-dqf1DJ/MwY6wnAuMUYAug7P4TB8"
22:35:20.900 [main] DEBUG org.apache.http.headers -- http-outgoing-13 << Date: Tue, 17 Jun 2025 15:35:20 GMT
22:35:20.900 [main] DEBUG org.apache.http.headers -- http-outgoing-13 << Connection: keep-alive
22:35:20.900 [main] DEBUG org.apache.http.headers -- http-outgoing-13 << Keep-Alive: timeout=5
22:35:20.900 [main] DEBUG org.apache.http.impl.execchain.MainClientExec -- Connection can be kept alive for 5000 MILLISECONDS
22:35:20.900 [main] DEBUG org.apache.http.impl.conn.PoolingHttpClientConnectionManager -- Connection [id: 13][route: {}->http://localhost:3000] can be kept alive for 5.0 seconds
22:35:20.900 [main] DEBUG org.apache.http.impl.conn.DefaultManagedHttpClientConnection -- http-outgoing-13: set socket timeout to 0
22:35:20.900 [main] DEBUG org.apache.http.impl.conn.PoolingHttpClientConnectionManager -- Connection released: [id: 13][route: {}->http://localhost:3000][total available: 1; route allocated: 1 of 5; total allocated: 1 of 10]
22:35:20.900 [main] DEBUG org.apache.http.impl.conn.PoolingHttpClientConnectionManager -- Connection manager is shutting down
22:35:20.900 [main] DEBUG org.apache.http.impl.conn.DefaultManagedHttpClientConnection -- http-outgoing-13: Close connection
22:35:20.900 [main] DEBUG org.apache.http.impl.conn.PoolingHttpClientConnectionManager -- Connection manager shut down
22:35:20.900 [main] DEBUG com.intuit.karate -- response time in milliseconds: 3
1 < 400
1 < X-Powered-By: Express
1 < Access-Control-Allow-Origin: *
1 < Content-Type: application/json; charset=utf-8
1 < Content-Length: 139
1 < ETag: W/"8b-dqf1DJ/MwY6wnAuMUYAug7P4TB8"
1 < Date: Tue, 17 Jun 2025 15:35:20 GMT
1 < Connection: keep-alive
1 < Keep-Alive: timeout=5
{
  "success": false,
  "statusCode": 400,
  "message": "D? li?u không h?p l?",
  "path": "/auth/register",
  "timestamp": "2025-06-17T15:35:20.899Z"
}


22:35:20.901 [main] DEBUG com.intuit.karate.core.ScenarioEngine -- over-writing existing variable 'responseStatus' with new value: karate.get('responseStatus')
22:35:20.902 [main] DEBUG com.intuit.karate.core.ScenarioEngine -- over-writing existing variable 'response' with new value: karate.get('response')
22:35:20.902 [main] INFO com.intuit.karate -- [print] Register API called with: 
22:35:20.902 [main] INFO com.intuit.karate -- [print] Request: {
  "email": "test14@example.com",
  "password": "Password123",
  "name": "John Doe",
  "username": "johndoe14",
  "phoneNumber": "098765432123"
}
 
22:35:20.902 [main] INFO com.intuit.karate -- [print] Response Status: 400 
22:35:20.902 [main] INFO com.intuit.karate -- [print] Response Body: {
  "success": false,
  "statusCode": 400,
  "message": "D? li?u không h?p l?",
  "path": "/auth/register",
  "timestamp": "2025-06-17T15:35:20.899Z"
}
 
22:35:20.903 [main] INFO com.intuit.karate -- ? TEST CASE #14 PASSED 
22:35:20.903 [main] INFO com.intuit.karate -- Actual Status: 400 
22:35:20.903 [main] INFO com.intuit.karate -- Actual Result: {"success":false,"statusCode":400,"message":"D? li?u không h?p l?","path":"/auth/register","timestamp":"2025-06-17T15:35:20.899Z"} 
22:35:20.903 [main] INFO com.intuit.karate -- Test Result: PASS 
22:35:20.903 [main] INFO com.intuit.karate -- ========================================== 
22:35:20.904 [main] INFO com.intuit.karate -- ========================================== 
22:35:20.904 [main] INFO com.intuit.karate -- ?ANG CH?Y TEST CASE #15/30 
22:35:20.904 [main] INFO com.intuit.karate -- Description: TC15: S? ?i?n tho?i ch?a ký t? - Ki?m tra khi s? ?i?n tho?i ch?a ch? cái 
22:35:20.904 [main] INFO com.intuit.karate -- Email: "test15@example.com" 
22:35:20.904 [main] INFO com.intuit.karate -- Password: "Password123" 
22:35:20.904 [main] INFO com.intuit.karate -- Name: "John Doe" 
22:35:20.904 [main] INFO com.intuit.karate -- Username: "johndoe15" 
22:35:20.904 [main] INFO com.intuit.karate -- PhoneNumber: "098765432a" 
22:35:20.904 [main] INFO com.intuit.karate -- Expected Status: 400 
22:35:20.904 [main] INFO com.intuit.karate -- Expected Result: {"error": "S? ?i?n tho?i ph?i có 10 ho?c 11 ch? s?"} 
22:35:20.904 [main] INFO com.intuit.karate -- ========================================== 
22:35:20.915 [main] INFO com.intuit.karate -- karate.env system property was: null 
22:35:20.918 [main] DEBUG com.jayway.jsonpath.internal.path.CompiledPath -- Evaluating path: $
22:35:20.920 [main] DEBUG org.apache.http.client.protocol.RequestAddCookies -- CookieSpec selected: karate
22:35:20.920 [main] DEBUG org.apache.http.client.protocol.RequestAuthCache -- Auth cache not set in the context
22:35:20.920 [main] DEBUG com.intuit.karate -- request:
1 > POST http://localhost:3000/auth/register
1 > Content-Type: application/json; charset=UTF-8
1 > Content-Length: 123
1 > Host: localhost:3000
1 > Connection: Keep-Alive
1 > User-Agent: Apache-HttpClient/4.5.14 (Java/17.0.9)
1 > Accept-Encoding: gzip,deflate
{
  "email": "test15@example.com",
  "password": "Password123",
  "name": "John Doe",
  "username": "johndoe15",
  "phoneNumber": "098765432a"
}


22:35:20.920 [main] DEBUG org.apache.http.impl.conn.PoolingHttpClientConnectionManager -- Connection request: [route: {}->http://localhost:3000][total available: 0; route allocated: 0 of 5; total allocated: 0 of 10]
22:35:20.921 [main] DEBUG org.apache.http.impl.conn.PoolingHttpClientConnectionManager -- Connection leased: [id: 14][route: {}->http://localhost:3000][total available: 0; route allocated: 1 of 5; total allocated: 1 of 10]
22:35:20.921 [main] DEBUG org.apache.http.impl.execchain.MainClientExec -- Opening connection {}->http://localhost:3000
22:35:20.921 [main] DEBUG org.apache.http.impl.conn.DefaultHttpClientConnectionOperator -- Connecting to localhost/127.0.0.1:3000
22:35:20.922 [main] DEBUG org.apache.http.impl.conn.DefaultHttpClientConnectionOperator -- Connection established 127.0.0.1:64250<->127.0.0.1:3000
22:35:20.922 [main] DEBUG org.apache.http.impl.conn.DefaultManagedHttpClientConnection -- http-outgoing-14: set socket timeout to 5000
22:35:20.922 [main] DEBUG org.apache.http.impl.execchain.MainClientExec -- Executing request POST /auth/register HTTP/1.1
22:35:20.922 [main] DEBUG org.apache.http.impl.execchain.MainClientExec -- Target auth state: UNCHALLENGED
22:35:20.922 [main] DEBUG org.apache.http.impl.execchain.MainClientExec -- Proxy auth state: UNCHALLENGED
22:35:20.922 [main] DEBUG org.apache.http.headers -- http-outgoing-14 >> POST /auth/register HTTP/1.1
22:35:20.922 [main] DEBUG org.apache.http.headers -- http-outgoing-14 >> Content-Type: application/json; charset=UTF-8
22:35:20.922 [main] DEBUG org.apache.http.headers -- http-outgoing-14 >> Content-Length: 123
22:35:20.922 [main] DEBUG org.apache.http.headers -- http-outgoing-14 >> Host: localhost:3000
22:35:20.922 [main] DEBUG org.apache.http.headers -- http-outgoing-14 >> Connection: Keep-Alive
22:35:20.922 [main] DEBUG org.apache.http.headers -- http-outgoing-14 >> User-Agent: Apache-HttpClient/4.5.14 (Java/17.0.9)
22:35:20.922 [main] DEBUG org.apache.http.headers -- http-outgoing-14 >> Accept-Encoding: gzip,deflate
22:35:20.922 [main] DEBUG org.apache.http.wire -- http-outgoing-14 >> "POST /auth/register HTTP/1.1[\r][\n]"
22:35:20.922 [main] DEBUG org.apache.http.wire -- http-outgoing-14 >> "Content-Type: application/json; charset=UTF-8[\r][\n]"
22:35:20.922 [main] DEBUG org.apache.http.wire -- http-outgoing-14 >> "Content-Length: 123[\r][\n]"
22:35:20.922 [main] DEBUG org.apache.http.wire -- http-outgoing-14 >> "Host: localhost:3000[\r][\n]"
22:35:20.922 [main] DEBUG org.apache.http.wire -- http-outgoing-14 >> "Connection: Keep-Alive[\r][\n]"
22:35:20.922 [main] DEBUG org.apache.http.wire -- http-outgoing-14 >> "User-Agent: Apache-HttpClient/4.5.14 (Java/17.0.9)[\r][\n]"
22:35:20.922 [main] DEBUG org.apache.http.wire -- http-outgoing-14 >> "Accept-Encoding: gzip,deflate[\r][\n]"
22:35:20.922 [main] DEBUG org.apache.http.wire -- http-outgoing-14 >> "[\r][\n]"
22:35:20.922 [main] DEBUG org.apache.http.wire -- http-outgoing-14 >> "{"email":"test15@example.com","password":"Password123","name":"John Doe","username":"johndoe15","phoneNumber":"098765432a"}"
22:35:20.924 [main] DEBUG org.apache.http.wire -- http-outgoing-14 << "HTTP/1.1 400 Bad Request[\r][\n]"
22:35:20.924 [main] DEBUG org.apache.http.wire -- http-outgoing-14 << "X-Powered-By: Express[\r][\n]"
22:35:20.924 [main] DEBUG org.apache.http.wire -- http-outgoing-14 << "Access-Control-Allow-Origin: *[\r][\n]"
22:35:20.924 [main] DEBUG org.apache.http.wire -- http-outgoing-14 << "Content-Type: application/json; charset=utf-8[\r][\n]"
22:35:20.924 [main] DEBUG org.apache.http.wire -- http-outgoing-14 << "Content-Length: 139[\r][\n]"
22:35:20.924 [main] DEBUG org.apache.http.wire -- http-outgoing-14 << "ETag: W/"8b-usgNYv7Oa/tR7Nc3BcxPotipCCY"[\r][\n]"
22:35:20.924 [main] DEBUG org.apache.http.wire -- http-outgoing-14 << "Date: Tue, 17 Jun 2025 15:35:20 GMT[\r][\n]"
22:35:20.924 [main] DEBUG org.apache.http.wire -- http-outgoing-14 << "Connection: keep-alive[\r][\n]"
22:35:20.924 [main] DEBUG org.apache.http.wire -- http-outgoing-14 << "Keep-Alive: timeout=5[\r][\n]"
22:35:20.924 [main] DEBUG org.apache.http.wire -- http-outgoing-14 << "[\r][\n]"
22:35:20.924 [main] DEBUG org.apache.http.wire -- http-outgoing-14 << "{"success":false,"statusCode":400,"message":"D[0xe1][0xbb][0xaf] li[0xe1][0xbb][0x87]u kh[0xc3][0xb4]ng h[0xe1][0xbb][0xa3]p l[0xe1][0xbb][0x87]","path":"/auth/register","timestamp":"2025-06-17T15:35:20.924Z"}"
22:35:20.924 [main] DEBUG org.apache.http.headers -- http-outgoing-14 << HTTP/1.1 400 Bad Request
22:35:20.924 [main] DEBUG org.apache.http.headers -- http-outgoing-14 << X-Powered-By: Express
22:35:20.924 [main] DEBUG org.apache.http.headers -- http-outgoing-14 << Access-Control-Allow-Origin: *
22:35:20.924 [main] DEBUG org.apache.http.headers -- http-outgoing-14 << Content-Type: application/json; charset=utf-8
22:35:20.924 [main] DEBUG org.apache.http.headers -- http-outgoing-14 << Content-Length: 139
22:35:20.924 [main] DEBUG org.apache.http.headers -- http-outgoing-14 << ETag: W/"8b-usgNYv7Oa/tR7Nc3BcxPotipCCY"
22:35:20.924 [main] DEBUG org.apache.http.headers -- http-outgoing-14 << Date: Tue, 17 Jun 2025 15:35:20 GMT
22:35:20.924 [main] DEBUG org.apache.http.headers -- http-outgoing-14 << Connection: keep-alive
22:35:20.924 [main] DEBUG org.apache.http.headers -- http-outgoing-14 << Keep-Alive: timeout=5
22:35:20.924 [main] DEBUG org.apache.http.impl.execchain.MainClientExec -- Connection can be kept alive for 5000 MILLISECONDS
22:35:20.925 [main] DEBUG org.apache.http.impl.conn.PoolingHttpClientConnectionManager -- Connection [id: 14][route: {}->http://localhost:3000] can be kept alive for 5.0 seconds
22:35:20.925 [main] DEBUG org.apache.http.impl.conn.DefaultManagedHttpClientConnection -- http-outgoing-14: set socket timeout to 0
22:35:20.925 [main] DEBUG org.apache.http.impl.conn.PoolingHttpClientConnectionManager -- Connection released: [id: 14][route: {}->http://localhost:3000][total available: 1; route allocated: 1 of 5; total allocated: 1 of 10]
22:35:20.925 [main] DEBUG org.apache.http.impl.conn.PoolingHttpClientConnectionManager -- Connection manager is shutting down
22:35:20.925 [main] DEBUG org.apache.http.impl.conn.DefaultManagedHttpClientConnection -- http-outgoing-14: Close connection
22:35:20.925 [main] DEBUG org.apache.http.impl.conn.PoolingHttpClientConnectionManager -- Connection manager shut down
22:35:20.925 [main] DEBUG com.intuit.karate -- response time in milliseconds: 5
1 < 400
1 < X-Powered-By: Express
1 < Access-Control-Allow-Origin: *
1 < Content-Type: application/json; charset=utf-8
1 < Content-Length: 139
1 < ETag: W/"8b-usgNYv7Oa/tR7Nc3BcxPotipCCY"
1 < Date: Tue, 17 Jun 2025 15:35:20 GMT
1 < Connection: keep-alive
1 < Keep-Alive: timeout=5
{
  "success": false,
  "statusCode": 400,
  "message": "D? li?u không h?p l?",
  "path": "/auth/register",
  "timestamp": "2025-06-17T15:35:20.924Z"
}


22:35:20.926 [main] DEBUG com.intuit.karate.core.ScenarioEngine -- over-writing existing variable 'responseStatus' with new value: karate.get('responseStatus')
22:35:20.927 [main] DEBUG com.intuit.karate.core.ScenarioEngine -- over-writing existing variable 'response' with new value: karate.get('response')
22:35:20.927 [main] INFO com.intuit.karate -- [print] Register API called with: 
22:35:20.927 [main] INFO com.intuit.karate -- [print] Request: {
  "email": "test15@example.com",
  "password": "Password123",
  "name": "John Doe",
  "username": "johndoe15",
  "phoneNumber": "098765432a"
}
 
22:35:20.927 [main] INFO com.intuit.karate -- [print] Response Status: 400 
22:35:20.928 [main] INFO com.intuit.karate -- [print] Response Body: {
  "success": false,
  "statusCode": 400,
  "message": "D? li?u không h?p l?",
  "path": "/auth/register",
  "timestamp": "2025-06-17T15:35:20.924Z"
}
 
22:35:20.928 [main] INFO com.intuit.karate -- ? TEST CASE #15 PASSED 
22:35:20.928 [main] INFO com.intuit.karate -- Actual Status: 400 
22:35:20.928 [main] INFO com.intuit.karate -- Actual Result: {"success":false,"statusCode":400,"message":"D? li?u không h?p l?","path":"/auth/register","timestamp":"2025-06-17T15:35:20.924Z"} 
22:35:20.928 [main] INFO com.intuit.karate -- Test Result: PASS 
22:35:20.930 [main] INFO com.intuit.karate -- ========================================== 
22:35:20.930 [main] INFO com.intuit.karate -- ========================================== 
22:35:20.930 [main] INFO com.intuit.karate -- ?ANG CH?Y TEST CASE #16/30 
22:35:20.930 [main] INFO com.intuit.karate -- Description: TC16: S? ?i?n tho?i ch?a ký t? ??c bi?t - Ki?m tra khi có d?u g?ch ngang 
22:35:20.930 [main] INFO com.intuit.karate -- Email: "test16@example.com" 
22:35:20.930 [main] INFO com.intuit.karate -- Password: "Password123" 
22:35:20.930 [main] INFO com.intuit.karate -- Name: "John Doe" 
22:35:20.930 [main] INFO com.intuit.karate -- Username: "johndoe16" 
22:35:20.930 [main] INFO com.intuit.karate -- PhoneNumber: "0987-654-321" 
22:35:20.930 [main] INFO com.intuit.karate -- Expected Status: 400 
22:35:20.930 [main] INFO com.intuit.karate -- Expected Result: {"error": "S? ?i?n tho?i ph?i có 10 ho?c 11 ch? s?"} 
22:35:20.931 [main] INFO com.intuit.karate -- ========================================== 
22:35:20.938 [main] INFO com.intuit.karate -- karate.env system property was: null 
22:35:20.939 [main] DEBUG com.jayway.jsonpath.internal.path.CompiledPath -- Evaluating path: $
22:35:20.941 [main] DEBUG org.apache.http.client.protocol.RequestAddCookies -- CookieSpec selected: karate
22:35:20.941 [main] DEBUG org.apache.http.client.protocol.RequestAuthCache -- Auth cache not set in the context
22:35:20.941 [main] DEBUG com.intuit.karate -- request:
1 > POST http://localhost:3000/auth/register
1 > Content-Type: application/json; charset=UTF-8
1 > Content-Length: 125
1 > Host: localhost:3000
1 > Connection: Keep-Alive
1 > User-Agent: Apache-HttpClient/4.5.14 (Java/17.0.9)
1 > Accept-Encoding: gzip,deflate
{
  "email": "test16@example.com",
  "password": "Password123",
  "name": "John Doe",
  "username": "johndoe16",
  "phoneNumber": "0987-654-321"
}


22:35:20.942 [main] DEBUG org.apache.http.impl.conn.PoolingHttpClientConnectionManager -- Connection request: [route: {}->http://localhost:3000][total available: 0; route allocated: 0 of 5; total allocated: 0 of 10]
22:35:20.942 [main] DEBUG org.apache.http.impl.conn.PoolingHttpClientConnectionManager -- Connection leased: [id: 15][route: {}->http://localhost:3000][total available: 0; route allocated: 1 of 5; total allocated: 1 of 10]
22:35:20.942 [main] DEBUG org.apache.http.impl.execchain.MainClientExec -- Opening connection {}->http://localhost:3000
22:35:20.942 [main] DEBUG org.apache.http.impl.conn.DefaultHttpClientConnectionOperator -- Connecting to localhost/127.0.0.1:3000
22:35:20.942 [main] DEBUG org.apache.http.impl.conn.DefaultHttpClientConnectionOperator -- Connection established 127.0.0.1:64251<->127.0.0.1:3000
22:35:20.942 [main] DEBUG org.apache.http.impl.conn.DefaultManagedHttpClientConnection -- http-outgoing-15: set socket timeout to 5000
22:35:20.942 [main] DEBUG org.apache.http.impl.execchain.MainClientExec -- Executing request POST /auth/register HTTP/1.1
22:35:20.942 [main] DEBUG org.apache.http.impl.execchain.MainClientExec -- Target auth state: UNCHALLENGED
22:35:20.942 [main] DEBUG org.apache.http.impl.execchain.MainClientExec -- Proxy auth state: UNCHALLENGED
22:35:20.942 [main] DEBUG org.apache.http.headers -- http-outgoing-15 >> POST /auth/register HTTP/1.1
22:35:20.942 [main] DEBUG org.apache.http.headers -- http-outgoing-15 >> Content-Type: application/json; charset=UTF-8
22:35:20.942 [main] DEBUG org.apache.http.headers -- http-outgoing-15 >> Content-Length: 125
22:35:20.942 [main] DEBUG org.apache.http.headers -- http-outgoing-15 >> Host: localhost:3000
22:35:20.943 [main] DEBUG org.apache.http.headers -- http-outgoing-15 >> Connection: Keep-Alive
22:35:20.943 [main] DEBUG org.apache.http.headers -- http-outgoing-15 >> User-Agent: Apache-HttpClient/4.5.14 (Java/17.0.9)
22:35:20.943 [main] DEBUG org.apache.http.headers -- http-outgoing-15 >> Accept-Encoding: gzip,deflate
22:35:20.943 [main] DEBUG org.apache.http.wire -- http-outgoing-15 >> "POST /auth/register HTTP/1.1[\r][\n]"
22:35:20.943 [main] DEBUG org.apache.http.wire -- http-outgoing-15 >> "Content-Type: application/json; charset=UTF-8[\r][\n]"
22:35:20.943 [main] DEBUG org.apache.http.wire -- http-outgoing-15 >> "Content-Length: 125[\r][\n]"
22:35:20.943 [main] DEBUG org.apache.http.wire -- http-outgoing-15 >> "Host: localhost:3000[\r][\n]"
22:35:20.943 [main] DEBUG org.apache.http.wire -- http-outgoing-15 >> "Connection: Keep-Alive[\r][\n]"
22:35:20.943 [main] DEBUG org.apache.http.wire -- http-outgoing-15 >> "User-Agent: Apache-HttpClient/4.5.14 (Java/17.0.9)[\r][\n]"
22:35:20.943 [main] DEBUG org.apache.http.wire -- http-outgoing-15 >> "Accept-Encoding: gzip,deflate[\r][\n]"
22:35:20.943 [main] DEBUG org.apache.http.wire -- http-outgoing-15 >> "[\r][\n]"
22:35:20.943 [main] DEBUG org.apache.http.wire -- http-outgoing-15 >> "{"email":"test16@example.com","password":"Password123","name":"John Doe","username":"johndoe16","phoneNumber":"0987-654-321"}"
22:35:20.944 [main] DEBUG org.apache.http.wire -- http-outgoing-15 << "HTTP/1.1 400 Bad Request[\r][\n]"
22:35:20.945 [main] DEBUG org.apache.http.wire -- http-outgoing-15 << "X-Powered-By: Express[\r][\n]"
22:35:20.945 [main] DEBUG org.apache.http.wire -- http-outgoing-15 << "Access-Control-Allow-Origin: *[\r][\n]"
22:35:20.945 [main] DEBUG org.apache.http.wire -- http-outgoing-15 << "Content-Type: application/json; charset=utf-8[\r][\n]"
22:35:20.945 [main] DEBUG org.apache.http.wire -- http-outgoing-15 << "Content-Length: 139[\r][\n]"
22:35:20.945 [main] DEBUG org.apache.http.wire -- http-outgoing-15 << "ETag: W/"8b-yQN2qTI0TaHb3ORoSceePwjsjdM"[\r][\n]"
22:35:20.945 [main] DEBUG org.apache.http.wire -- http-outgoing-15 << "Date: Tue, 17 Jun 2025 15:35:20 GMT[\r][\n]"
22:35:20.945 [main] DEBUG org.apache.http.wire -- http-outgoing-15 << "Connection: keep-alive[\r][\n]"
22:35:20.945 [main] DEBUG org.apache.http.wire -- http-outgoing-15 << "Keep-Alive: timeout=5[\r][\n]"
22:35:20.945 [main] DEBUG org.apache.http.wire -- http-outgoing-15 << "[\r][\n]"
22:35:20.945 [main] DEBUG org.apache.http.wire -- http-outgoing-15 << "{"success":false,"statusCode":400,"message":"D[0xe1][0xbb][0xaf] li[0xe1][0xbb][0x87]u kh[0xc3][0xb4]ng h[0xe1][0xbb][0xa3]p l[0xe1][0xbb][0x87]","path":"/auth/register","timestamp":"2025-06-17T15:35:20.944Z"}"
22:35:20.945 [main] DEBUG org.apache.http.headers -- http-outgoing-15 << HTTP/1.1 400 Bad Request
22:35:20.945 [main] DEBUG org.apache.http.headers -- http-outgoing-15 << X-Powered-By: Express
22:35:20.945 [main] DEBUG org.apache.http.headers -- http-outgoing-15 << Access-Control-Allow-Origin: *
22:35:20.945 [main] DEBUG org.apache.http.headers -- http-outgoing-15 << Content-Type: application/json; charset=utf-8
22:35:20.945 [main] DEBUG org.apache.http.headers -- http-outgoing-15 << Content-Length: 139
22:35:20.945 [main] DEBUG org.apache.http.headers -- http-outgoing-15 << ETag: W/"8b-yQN2qTI0TaHb3ORoSceePwjsjdM"
22:35:20.945 [main] DEBUG org.apache.http.headers -- http-outgoing-15 << Date: Tue, 17 Jun 2025 15:35:20 GMT
22:35:20.945 [main] DEBUG org.apache.http.headers -- http-outgoing-15 << Connection: keep-alive
22:35:20.945 [main] DEBUG org.apache.http.headers -- http-outgoing-15 << Keep-Alive: timeout=5
22:35:20.945 [main] DEBUG org.apache.http.impl.execchain.MainClientExec -- Connection can be kept alive for 5000 MILLISECONDS
22:35:20.945 [main] DEBUG org.apache.http.impl.conn.PoolingHttpClientConnectionManager -- Connection [id: 15][route: {}->http://localhost:3000] can be kept alive for 5.0 seconds
22:35:20.945 [main] DEBUG org.apache.http.impl.conn.DefaultManagedHttpClientConnection -- http-outgoing-15: set socket timeout to 0
22:35:20.945 [main] DEBUG org.apache.http.impl.conn.PoolingHttpClientConnectionManager -- Connection released: [id: 15][route: {}->http://localhost:3000][total available: 1; route allocated: 1 of 5; total allocated: 1 of 10]
22:35:20.945 [main] DEBUG org.apache.http.impl.conn.PoolingHttpClientConnectionManager -- Connection manager is shutting down
22:35:20.945 [main] DEBUG org.apache.http.impl.conn.DefaultManagedHttpClientConnection -- http-outgoing-15: Close connection
22:35:20.945 [main] DEBUG org.apache.http.impl.conn.PoolingHttpClientConnectionManager -- Connection manager shut down
22:35:20.945 [main] DEBUG com.intuit.karate -- response time in milliseconds: 3
1 < 400
1 < X-Powered-By: Express
1 < Access-Control-Allow-Origin: *
1 < Content-Type: application/json; charset=utf-8
1 < Content-Length: 139
1 < ETag: W/"8b-yQN2qTI0TaHb3ORoSceePwjsjdM"
1 < Date: Tue, 17 Jun 2025 15:35:20 GMT
1 < Connection: keep-alive
1 < Keep-Alive: timeout=5
{
  "success": false,
  "statusCode": 400,
  "message": "D? li?u không h?p l?",
  "path": "/auth/register",
  "timestamp": "2025-06-17T15:35:20.944Z"
}


22:35:20.946 [main] DEBUG com.intuit.karate.core.ScenarioEngine -- over-writing existing variable 'responseStatus' with new value: karate.get('responseStatus')
22:35:20.946 [main] DEBUG com.intuit.karate.core.ScenarioEngine -- over-writing existing variable 'response' with new value: karate.get('response')
22:35:20.947 [main] INFO com.intuit.karate -- [print] Register API called with: 
22:35:20.947 [main] INFO com.intuit.karate -- [print] Request: {
  "email": "test16@example.com",
  "password": "Password123",
  "name": "John Doe",
  "username": "johndoe16",
  "phoneNumber": "0987-654-321"
}
 
22:35:20.947 [main] INFO com.intuit.karate -- [print] Response Status: 400 
22:35:20.947 [main] INFO com.intuit.karate -- [print] Response Body: {
  "success": false,
  "statusCode": 400,
  "message": "D? li?u không h?p l?",
  "path": "/auth/register",
  "timestamp": "2025-06-17T15:35:20.944Z"
}
 
22:35:20.949 [main] INFO com.intuit.karate -- ? TEST CASE #16 PASSED 
22:35:20.949 [main] INFO com.intuit.karate -- Actual Status: 400 
22:35:20.949 [main] INFO com.intuit.karate -- Actual Result: {"success":false,"statusCode":400,"message":"D? li?u không h?p l?","path":"/auth/register","timestamp":"2025-06-17T15:35:20.944Z"} 
22:35:20.949 [main] INFO com.intuit.karate -- Test Result: PASS 
22:35:20.949 [main] INFO com.intuit.karate -- ========================================== 
22:35:20.950 [main] INFO com.intuit.karate -- ========================================== 
22:35:20.950 [main] INFO com.intuit.karate -- ?ANG CH?Y TEST CASE #17/30 
22:35:20.950 [main] INFO com.intuit.karate -- Description: TC17: S? ?i?n tho?i ch?a kho?ng tr?ng - Ki?m tra khi có space 
22:35:20.950 [main] INFO com.intuit.karate -- Email: "test17@example.com" 
22:35:20.950 [main] INFO com.intuit.karate -- Password: "Password123" 
22:35:20.950 [main] INFO com.intuit.karate -- Name: "John Doe" 
22:35:20.950 [main] INFO com.intuit.karate -- Username: "johndoe17" 
22:35:20.951 [main] INFO com.intuit.karate -- PhoneNumber: "0987 654 321" 
22:35:20.951 [main] INFO com.intuit.karate -- Expected Status: 400 
22:35:20.951 [main] INFO com.intuit.karate -- Expected Result: {"error": "S? ?i?n tho?i ph?i có 10 ho?c 11 ch? s?"} 
22:35:20.951 [main] INFO com.intuit.karate -- ========================================== 
22:35:20.960 [main] INFO com.intuit.karate -- karate.env system property was: null 
22:35:20.961 [main] DEBUG com.jayway.jsonpath.internal.path.CompiledPath -- Evaluating path: $
22:35:20.962 [main] DEBUG org.apache.http.client.protocol.RequestAddCookies -- CookieSpec selected: karate
22:35:20.962 [main] DEBUG org.apache.http.client.protocol.RequestAuthCache -- Auth cache not set in the context
22:35:20.962 [main] DEBUG com.intuit.karate -- request:
1 > POST http://localhost:3000/auth/register
1 > Content-Type: application/json; charset=UTF-8
1 > Content-Length: 125
1 > Host: localhost:3000
1 > Connection: Keep-Alive
1 > User-Agent: Apache-HttpClient/4.5.14 (Java/17.0.9)
1 > Accept-Encoding: gzip,deflate
{
  "email": "test17@example.com",
  "password": "Password123",
  "name": "John Doe",
  "username": "johndoe17",
  "phoneNumber": "0987 654 321"
}


22:35:20.964 [main] DEBUG org.apache.http.impl.conn.PoolingHttpClientConnectionManager -- Connection request: [route: {}->http://localhost:3000][total available: 0; route allocated: 0 of 5; total allocated: 0 of 10]
22:35:20.964 [main] DEBUG org.apache.http.impl.conn.PoolingHttpClientConnectionManager -- Connection leased: [id: 16][route: {}->http://localhost:3000][total available: 0; route allocated: 1 of 5; total allocated: 1 of 10]
22:35:20.964 [main] DEBUG org.apache.http.impl.execchain.MainClientExec -- Opening connection {}->http://localhost:3000
22:35:20.964 [main] DEBUG org.apache.http.impl.conn.DefaultHttpClientConnectionOperator -- Connecting to localhost/127.0.0.1:3000
22:35:20.964 [main] DEBUG org.apache.http.impl.conn.DefaultHttpClientConnectionOperator -- Connection established 127.0.0.1:64252<->127.0.0.1:3000
22:35:20.964 [main] DEBUG org.apache.http.impl.conn.DefaultManagedHttpClientConnection -- http-outgoing-16: set socket timeout to 5000
22:35:20.964 [main] DEBUG org.apache.http.impl.execchain.MainClientExec -- Executing request POST /auth/register HTTP/1.1
22:35:20.964 [main] DEBUG org.apache.http.impl.execchain.MainClientExec -- Target auth state: UNCHALLENGED
22:35:20.964 [main] DEBUG org.apache.http.impl.execchain.MainClientExec -- Proxy auth state: UNCHALLENGED
22:35:20.964 [main] DEBUG org.apache.http.headers -- http-outgoing-16 >> POST /auth/register HTTP/1.1
22:35:20.964 [main] DEBUG org.apache.http.headers -- http-outgoing-16 >> Content-Type: application/json; charset=UTF-8
22:35:20.964 [main] DEBUG org.apache.http.headers -- http-outgoing-16 >> Content-Length: 125
22:35:20.964 [main] DEBUG org.apache.http.headers -- http-outgoing-16 >> Host: localhost:3000
22:35:20.965 [main] DEBUG org.apache.http.headers -- http-outgoing-16 >> Connection: Keep-Alive
22:35:20.965 [main] DEBUG org.apache.http.headers -- http-outgoing-16 >> User-Agent: Apache-HttpClient/4.5.14 (Java/17.0.9)
22:35:20.965 [main] DEBUG org.apache.http.headers -- http-outgoing-16 >> Accept-Encoding: gzip,deflate
22:35:20.965 [main] DEBUG org.apache.http.wire -- http-outgoing-16 >> "POST /auth/register HTTP/1.1[\r][\n]"
22:35:20.965 [main] DEBUG org.apache.http.wire -- http-outgoing-16 >> "Content-Type: application/json; charset=UTF-8[\r][\n]"
22:35:20.965 [main] DEBUG org.apache.http.wire -- http-outgoing-16 >> "Content-Length: 125[\r][\n]"
22:35:20.965 [main] DEBUG org.apache.http.wire -- http-outgoing-16 >> "Host: localhost:3000[\r][\n]"
22:35:20.965 [main] DEBUG org.apache.http.wire -- http-outgoing-16 >> "Connection: Keep-Alive[\r][\n]"
22:35:20.965 [main] DEBUG org.apache.http.wire -- http-outgoing-16 >> "User-Agent: Apache-HttpClient/4.5.14 (Java/17.0.9)[\r][\n]"
22:35:20.965 [main] DEBUG org.apache.http.wire -- http-outgoing-16 >> "Accept-Encoding: gzip,deflate[\r][\n]"
22:35:20.965 [main] DEBUG org.apache.http.wire -- http-outgoing-16 >> "[\r][\n]"
22:35:20.965 [main] DEBUG org.apache.http.wire -- http-outgoing-16 >> "{"email":"test17@example.com","password":"Password123","name":"John Doe","username":"johndoe17","phoneNumber":"0987 654 321"}"
22:35:20.966 [main] DEBUG org.apache.http.wire -- http-outgoing-16 << "HTTP/1.1 400 Bad Request[\r][\n]"
22:35:20.966 [main] DEBUG org.apache.http.wire -- http-outgoing-16 << "X-Powered-By: Express[\r][\n]"
22:35:20.966 [main] DEBUG org.apache.http.wire -- http-outgoing-16 << "Access-Control-Allow-Origin: *[\r][\n]"
22:35:20.966 [main] DEBUG org.apache.http.wire -- http-outgoing-16 << "Content-Type: application/json; charset=utf-8[\r][\n]"
22:35:20.966 [main] DEBUG org.apache.http.wire -- http-outgoing-16 << "Content-Length: 139[\r][\n]"
22:35:20.966 [main] DEBUG org.apache.http.wire -- http-outgoing-16 << "ETag: W/"8b-kX8V+ZshHjK9SAS/TRrnQIR+IrU"[\r][\n]"
22:35:20.966 [main] DEBUG org.apache.http.wire -- http-outgoing-16 << "Date: Tue, 17 Jun 2025 15:35:20 GMT[\r][\n]"
22:35:20.966 [main] DEBUG org.apache.http.wire -- http-outgoing-16 << "Connection: keep-alive[\r][\n]"
22:35:20.966 [main] DEBUG org.apache.http.wire -- http-outgoing-16 << "Keep-Alive: timeout=5[\r][\n]"
22:35:20.966 [main] DEBUG org.apache.http.wire -- http-outgoing-16 << "[\r][\n]"
22:35:20.966 [main] DEBUG org.apache.http.wire -- http-outgoing-16 << "{"success":false,"statusCode":400,"message":"D[0xe1][0xbb][0xaf] li[0xe1][0xbb][0x87]u kh[0xc3][0xb4]ng h[0xe1][0xbb][0xa3]p l[0xe1][0xbb][0x87]","path":"/auth/register","timestamp":"2025-06-17T15:35:20.965Z"}"
22:35:20.966 [main] DEBUG org.apache.http.headers -- http-outgoing-16 << HTTP/1.1 400 Bad Request
22:35:20.966 [main] DEBUG org.apache.http.headers -- http-outgoing-16 << X-Powered-By: Express
22:35:20.966 [main] DEBUG org.apache.http.headers -- http-outgoing-16 << Access-Control-Allow-Origin: *
22:35:20.966 [main] DEBUG org.apache.http.headers -- http-outgoing-16 << Content-Type: application/json; charset=utf-8
22:35:20.966 [main] DEBUG org.apache.http.headers -- http-outgoing-16 << Content-Length: 139
22:35:20.966 [main] DEBUG org.apache.http.headers -- http-outgoing-16 << ETag: W/"8b-kX8V+ZshHjK9SAS/TRrnQIR+IrU"
22:35:20.966 [main] DEBUG org.apache.http.headers -- http-outgoing-16 << Date: Tue, 17 Jun 2025 15:35:20 GMT
22:35:20.966 [main] DEBUG org.apache.http.headers -- http-outgoing-16 << Connection: keep-alive
22:35:20.966 [main] DEBUG org.apache.http.headers -- http-outgoing-16 << Keep-Alive: timeout=5
22:35:20.966 [main] DEBUG org.apache.http.impl.execchain.MainClientExec -- Connection can be kept alive for 5000 MILLISECONDS
22:35:20.966 [main] DEBUG org.apache.http.impl.conn.PoolingHttpClientConnectionManager -- Connection [id: 16][route: {}->http://localhost:3000] can be kept alive for 5.0 seconds
22:35:20.966 [main] DEBUG org.apache.http.impl.conn.DefaultManagedHttpClientConnection -- http-outgoing-16: set socket timeout to 0
22:35:20.966 [main] DEBUG org.apache.http.impl.conn.PoolingHttpClientConnectionManager -- Connection released: [id: 16][route: {}->http://localhost:3000][total available: 1; route allocated: 1 of 5; total allocated: 1 of 10]
22:35:20.966 [main] DEBUG org.apache.http.impl.conn.PoolingHttpClientConnectionManager -- Connection manager is shutting down
22:35:20.966 [main] DEBUG org.apache.http.impl.conn.DefaultManagedHttpClientConnection -- http-outgoing-16: Close connection
22:35:20.966 [main] DEBUG org.apache.http.impl.conn.PoolingHttpClientConnectionManager -- Connection manager shut down
22:35:20.967 [main] DEBUG com.intuit.karate -- response time in milliseconds: 2
1 < 400
1 < X-Powered-By: Express
1 < Access-Control-Allow-Origin: *
1 < Content-Type: application/json; charset=utf-8
1 < Content-Length: 139
1 < ETag: W/"8b-kX8V+ZshHjK9SAS/TRrnQIR+IrU"
1 < Date: Tue, 17 Jun 2025 15:35:20 GMT
1 < Connection: keep-alive
1 < Keep-Alive: timeout=5
{
  "success": false,
  "statusCode": 400,
  "message": "D? li?u không h?p l?",
  "path": "/auth/register",
  "timestamp": "2025-06-17T15:35:20.965Z"
}


22:35:20.967 [main] DEBUG com.intuit.karate.core.ScenarioEngine -- over-writing existing variable 'responseStatus' with new value: karate.get('responseStatus')
22:35:20.968 [main] DEBUG com.intuit.karate.core.ScenarioEngine -- over-writing existing variable 'response' with new value: karate.get('response')
22:35:20.968 [main] INFO com.intuit.karate -- [print] Register API called with: 
22:35:20.968 [main] INFO com.intuit.karate -- [print] Request: {
  "email": "test17@example.com",
  "password": "Password123",
  "name": "John Doe",
  "username": "johndoe17",
  "phoneNumber": "0987 654 321"
}
 
22:35:20.968 [main] INFO com.intuit.karate -- [print] Response Status: 400 
22:35:20.968 [main] INFO com.intuit.karate -- [print] Response Body: {
  "success": false,
  "statusCode": 400,
  "message": "D? li?u không h?p l?",
  "path": "/auth/register",
  "timestamp": "2025-06-17T15:35:20.965Z"
}
 
22:35:20.969 [main] INFO com.intuit.karate -- ? TEST CASE #17 PASSED 
22:35:20.969 [main] INFO com.intuit.karate -- Actual Status: 400 
22:35:20.969 [main] INFO com.intuit.karate -- Actual Result: {"success":false,"statusCode":400,"message":"D? li?u không h?p l?","path":"/auth/register","timestamp":"2025-06-17T15:35:20.965Z"} 
22:35:20.969 [main] INFO com.intuit.karate -- Test Result: PASS 
22:35:20.969 [main] INFO com.intuit.karate -- ========================================== 
22:35:20.969 [main] INFO com.intuit.karate -- ========================================== 
22:35:20.970 [main] INFO com.intuit.karate -- ?ANG CH?Y TEST CASE #18/30 
22:35:20.970 [main] INFO com.intuit.karate -- Description: TC18: S? ?i?n tho?i có mã qu?c gia - Ki?m tra khi có d?u + và mã qu?c gia 
22:35:20.970 [main] INFO com.intuit.karate -- Email: "test18@example.com" 
22:35:20.970 [main] INFO com.intuit.karate -- Password: "Password123" 
22:35:20.970 [main] INFO com.intuit.karate -- Name: "John Doe" 
22:35:20.970 [main] INFO com.intuit.karate -- Username: "johndoe18" 
22:35:20.970 [main] INFO com.intuit.karate -- PhoneNumber: "+84987654321" 
22:35:20.970 [main] INFO com.intuit.karate -- Expected Status: 400 
22:35:20.970 [main] INFO com.intuit.karate -- Expected Result: {"error": "S? ?i?n tho?i ph?i có 10 ho?c 11 ch? s?"} 
22:35:20.970 [main] INFO com.intuit.karate -- ========================================== 
22:35:20.976 [main] INFO com.intuit.karate -- karate.env system property was: null 
22:35:20.978 [main] DEBUG com.jayway.jsonpath.internal.path.CompiledPath -- Evaluating path: $
22:35:20.980 [main] DEBUG org.apache.http.client.protocol.RequestAddCookies -- CookieSpec selected: karate
22:35:20.980 [main] DEBUG org.apache.http.client.protocol.RequestAuthCache -- Auth cache not set in the context
22:35:20.980 [main] DEBUG com.intuit.karate -- request:
1 > POST http://localhost:3000/auth/register
1 > Content-Type: application/json; charset=UTF-8
1 > Content-Length: 125
1 > Host: localhost:3000
1 > Connection: Keep-Alive
1 > User-Agent: Apache-HttpClient/4.5.14 (Java/17.0.9)
1 > Accept-Encoding: gzip,deflate
{
  "email": "test18@example.com",
  "password": "Password123",
  "name": "John Doe",
  "username": "johndoe18",
  "phoneNumber": "+84987654321"
}


22:35:20.980 [main] DEBUG org.apache.http.impl.conn.PoolingHttpClientConnectionManager -- Connection request: [route: {}->http://localhost:3000][total available: 0; route allocated: 0 of 5; total allocated: 0 of 10]
22:35:20.980 [main] DEBUG org.apache.http.impl.conn.PoolingHttpClientConnectionManager -- Connection leased: [id: 17][route: {}->http://localhost:3000][total available: 0; route allocated: 1 of 5; total allocated: 1 of 10]
22:35:20.980 [main] DEBUG org.apache.http.impl.execchain.MainClientExec -- Opening connection {}->http://localhost:3000
22:35:20.980 [main] DEBUG org.apache.http.impl.conn.DefaultHttpClientConnectionOperator -- Connecting to localhost/127.0.0.1:3000
22:35:20.980 [main] DEBUG org.apache.http.impl.conn.DefaultHttpClientConnectionOperator -- Connection established 127.0.0.1:64253<->127.0.0.1:3000
22:35:20.981 [main] DEBUG org.apache.http.impl.conn.DefaultManagedHttpClientConnection -- http-outgoing-17: set socket timeout to 5000
22:35:20.981 [main] DEBUG org.apache.http.impl.execchain.MainClientExec -- Executing request POST /auth/register HTTP/1.1
22:35:20.981 [main] DEBUG org.apache.http.impl.execchain.MainClientExec -- Target auth state: UNCHALLENGED
22:35:20.981 [main] DEBUG org.apache.http.impl.execchain.MainClientExec -- Proxy auth state: UNCHALLENGED
22:35:20.981 [main] DEBUG org.apache.http.headers -- http-outgoing-17 >> POST /auth/register HTTP/1.1
22:35:20.981 [main] DEBUG org.apache.http.headers -- http-outgoing-17 >> Content-Type: application/json; charset=UTF-8
22:35:20.981 [main] DEBUG org.apache.http.headers -- http-outgoing-17 >> Content-Length: 125
22:35:20.981 [main] DEBUG org.apache.http.headers -- http-outgoing-17 >> Host: localhost:3000
22:35:20.981 [main] DEBUG org.apache.http.headers -- http-outgoing-17 >> Connection: Keep-Alive
22:35:20.981 [main] DEBUG org.apache.http.headers -- http-outgoing-17 >> User-Agent: Apache-HttpClient/4.5.14 (Java/17.0.9)
22:35:20.981 [main] DEBUG org.apache.http.headers -- http-outgoing-17 >> Accept-Encoding: gzip,deflate
22:35:20.981 [main] DEBUG org.apache.http.wire -- http-outgoing-17 >> "POST /auth/register HTTP/1.1[\r][\n]"
22:35:20.981 [main] DEBUG org.apache.http.wire -- http-outgoing-17 >> "Content-Type: application/json; charset=UTF-8[\r][\n]"
22:35:20.981 [main] DEBUG org.apache.http.wire -- http-outgoing-17 >> "Content-Length: 125[\r][\n]"
22:35:20.981 [main] DEBUG org.apache.http.wire -- http-outgoing-17 >> "Host: localhost:3000[\r][\n]"
22:35:20.981 [main] DEBUG org.apache.http.wire -- http-outgoing-17 >> "Connection: Keep-Alive[\r][\n]"
22:35:20.981 [main] DEBUG org.apache.http.wire -- http-outgoing-17 >> "User-Agent: Apache-HttpClient/4.5.14 (Java/17.0.9)[\r][\n]"
22:35:20.981 [main] DEBUG org.apache.http.wire -- http-outgoing-17 >> "Accept-Encoding: gzip,deflate[\r][\n]"
22:35:20.981 [main] DEBUG org.apache.http.wire -- http-outgoing-17 >> "[\r][\n]"
22:35:20.981 [main] DEBUG org.apache.http.wire -- http-outgoing-17 >> "{"email":"test18@example.com","password":"Password123","name":"John Doe","username":"johndoe18","phoneNumber":"+84987654321"}"
22:35:20.982 [main] DEBUG org.apache.http.wire -- http-outgoing-17 << "HTTP/1.1 400 Bad Request[\r][\n]"
22:35:20.982 [main] DEBUG org.apache.http.wire -- http-outgoing-17 << "X-Powered-By: Express[\r][\n]"
22:35:20.982 [main] DEBUG org.apache.http.wire -- http-outgoing-17 << "Access-Control-Allow-Origin: *[\r][\n]"
22:35:20.982 [main] DEBUG org.apache.http.wire -- http-outgoing-17 << "Content-Type: application/json; charset=utf-8[\r][\n]"
22:35:20.982 [main] DEBUG org.apache.http.wire -- http-outgoing-17 << "Content-Length: 139[\r][\n]"
22:35:20.982 [main] DEBUG org.apache.http.wire -- http-outgoing-17 << "ETag: W/"8b-yNZkn7+Ck65N3y+KhIFXOeVKfI0"[\r][\n]"
22:35:20.982 [main] DEBUG org.apache.http.wire -- http-outgoing-17 << "Date: Tue, 17 Jun 2025 15:35:20 GMT[\r][\n]"
22:35:20.982 [main] DEBUG org.apache.http.wire -- http-outgoing-17 << "Connection: keep-alive[\r][\n]"
22:35:20.982 [main] DEBUG org.apache.http.wire -- http-outgoing-17 << "Keep-Alive: timeout=5[\r][\n]"
22:35:20.982 [main] DEBUG org.apache.http.wire -- http-outgoing-17 << "[\r][\n]"
22:35:20.982 [main] DEBUG org.apache.http.wire -- http-outgoing-17 << "{"success":false,"statusCode":400,"message":"D[0xe1][0xbb][0xaf] li[0xe1][0xbb][0x87]u kh[0xc3][0xb4]ng h[0xe1][0xbb][0xa3]p l[0xe1][0xbb][0x87]","path":"/auth/register","timestamp":"2025-06-17T15:35:20.981Z"}"
22:35:20.982 [main] DEBUG org.apache.http.headers -- http-outgoing-17 << HTTP/1.1 400 Bad Request
22:35:20.982 [main] DEBUG org.apache.http.headers -- http-outgoing-17 << X-Powered-By: Express
22:35:20.982 [main] DEBUG org.apache.http.headers -- http-outgoing-17 << Access-Control-Allow-Origin: *
22:35:20.982 [main] DEBUG org.apache.http.headers -- http-outgoing-17 << Content-Type: application/json; charset=utf-8
22:35:20.982 [main] DEBUG org.apache.http.headers -- http-outgoing-17 << Content-Length: 139
22:35:20.982 [main] DEBUG org.apache.http.headers -- http-outgoing-17 << ETag: W/"8b-yNZkn7+Ck65N3y+KhIFXOeVKfI0"
22:35:20.982 [main] DEBUG org.apache.http.headers -- http-outgoing-17 << Date: Tue, 17 Jun 2025 15:35:20 GMT
22:35:20.982 [main] DEBUG org.apache.http.headers -- http-outgoing-17 << Connection: keep-alive
22:35:20.982 [main] DEBUG org.apache.http.headers -- http-outgoing-17 << Keep-Alive: timeout=5
22:35:20.983 [main] DEBUG org.apache.http.impl.execchain.MainClientExec -- Connection can be kept alive for 5000 MILLISECONDS
22:35:20.983 [main] DEBUG org.apache.http.impl.conn.PoolingHttpClientConnectionManager -- Connection [id: 17][route: {}->http://localhost:3000] can be kept alive for 5.0 seconds
22:35:20.983 [main] DEBUG org.apache.http.impl.conn.DefaultManagedHttpClientConnection -- http-outgoing-17: set socket timeout to 0
22:35:20.983 [main] DEBUG org.apache.http.impl.conn.PoolingHttpClientConnectionManager -- Connection released: [id: 17][route: {}->http://localhost:3000][total available: 1; route allocated: 1 of 5; total allocated: 1 of 10]
22:35:20.983 [main] DEBUG org.apache.http.impl.conn.PoolingHttpClientConnectionManager -- Connection manager is shutting down
22:35:20.983 [main] DEBUG org.apache.http.impl.conn.DefaultManagedHttpClientConnection -- http-outgoing-17: Close connection
22:35:20.983 [main] DEBUG org.apache.http.impl.conn.PoolingHttpClientConnectionManager -- Connection manager shut down
22:35:20.983 [main] DEBUG com.intuit.karate -- response time in milliseconds: 3
1 < 400
1 < X-Powered-By: Express
1 < Access-Control-Allow-Origin: *
1 < Content-Type: application/json; charset=utf-8
1 < Content-Length: 139
1 < ETag: W/"8b-yNZkn7+Ck65N3y+KhIFXOeVKfI0"
1 < Date: Tue, 17 Jun 2025 15:35:20 GMT
1 < Connection: keep-alive
1 < Keep-Alive: timeout=5
{
  "success": false,
  "statusCode": 400,
  "message": "D? li?u không h?p l?",
  "path": "/auth/register",
  "timestamp": "2025-06-17T15:35:20.981Z"
}


22:35:20.984 [main] DEBUG com.intuit.karate.core.ScenarioEngine -- over-writing existing variable 'responseStatus' with new value: karate.get('responseStatus')
22:35:20.985 [main] DEBUG com.intuit.karate.core.ScenarioEngine -- over-writing existing variable 'response' with new value: karate.get('response')
22:35:20.985 [main] INFO com.intuit.karate -- [print] Register API called with: 
22:35:20.986 [main] INFO com.intuit.karate -- [print] Request: {
  "email": "test18@example.com",
  "password": "Password123",
  "name": "John Doe",
  "username": "johndoe18",
  "phoneNumber": "+84987654321"
}
 
22:35:20.986 [main] INFO com.intuit.karate -- [print] Response Status: 400 
22:35:20.986 [main] INFO com.intuit.karate -- [print] Response Body: {
  "success": false,
  "statusCode": 400,
  "message": "D? li?u không h?p l?",
  "path": "/auth/register",
  "timestamp": "2025-06-17T15:35:20.981Z"
}
 
22:35:20.987 [main] INFO com.intuit.karate -- ? TEST CASE #18 PASSED 
22:35:20.987 [main] INFO com.intuit.karate -- Actual Status: 400 
22:35:20.987 [main] INFO com.intuit.karate -- Actual Result: {"success":false,"statusCode":400,"message":"D? li?u không h?p l?","path":"/auth/register","timestamp":"2025-06-17T15:35:20.981Z"} 
22:35:20.987 [main] INFO com.intuit.karate -- Test Result: PASS 
22:35:20.987 [main] INFO com.intuit.karate -- ========================================== 
22:35:20.987 [main] INFO com.intuit.karate -- ========================================== 
22:35:20.987 [main] INFO com.intuit.karate -- ?ANG CH?Y TEST CASE #19/30 
22:35:20.988 [main] INFO com.intuit.karate -- Description: TC19: T?t c? các tr??ng r?ng - Ki?m tra khi t?t c? các tr??ng ?? tr?ng 
22:35:20.988 [main] INFO com.intuit.karate -- Email: "" 
22:35:20.988 [main] INFO com.intuit.karate -- Password: "" 
22:35:20.988 [main] INFO com.intuit.karate -- Name: "" 
22:35:20.988 [main] INFO com.intuit.karate -- Username: "" 
22:35:20.988 [main] INFO com.intuit.karate -- PhoneNumber: "" 
22:35:20.988 [main] INFO com.intuit.karate -- Expected Status: 400 
22:35:20.988 [main] INFO com.intuit.karate -- Expected Result: {"error": "All fields are required"} 
22:35:20.988 [main] INFO com.intuit.karate -- ========================================== 
22:35:20.996 [main] INFO com.intuit.karate -- karate.env system property was: null 
22:35:20.997 [main] DEBUG com.jayway.jsonpath.internal.path.CompiledPath -- Evaluating path: $
22:35:20.999 [main] DEBUG org.apache.http.client.protocol.RequestAddCookies -- CookieSpec selected: karate
22:35:20.999 [main] DEBUG org.apache.http.client.protocol.RequestAuthCache -- Auth cache not set in the context
22:35:20.999 [main] DEBUG com.intuit.karate -- request:
1 > POST http://localhost:3000/auth/register
1 > Content-Type: application/json; charset=UTF-8
1 > Content-Length: 67
1 > Host: localhost:3000
1 > Connection: Keep-Alive
1 > User-Agent: Apache-HttpClient/4.5.14 (Java/17.0.9)
1 > Accept-Encoding: gzip,deflate
{
  "email": "",
  "password": "",
  "name": "",
  "username": "",
  "phoneNumber": ""
}


22:35:21.000 [main] DEBUG org.apache.http.impl.conn.PoolingHttpClientConnectionManager -- Connection request: [route: {}->http://localhost:3000][total available: 0; route allocated: 0 of 5; total allocated: 0 of 10]
22:35:21.000 [main] DEBUG org.apache.http.impl.conn.PoolingHttpClientConnectionManager -- Connection leased: [id: 18][route: {}->http://localhost:3000][total available: 0; route allocated: 1 of 5; total allocated: 1 of 10]
22:35:21.000 [main] DEBUG org.apache.http.impl.execchain.MainClientExec -- Opening connection {}->http://localhost:3000
22:35:21.000 [main] DEBUG org.apache.http.impl.conn.DefaultHttpClientConnectionOperator -- Connecting to localhost/127.0.0.1:3000
22:35:21.000 [main] DEBUG org.apache.http.impl.conn.DefaultHttpClientConnectionOperator -- Connection established 127.0.0.1:64254<->127.0.0.1:3000
22:35:21.000 [main] DEBUG org.apache.http.impl.conn.DefaultManagedHttpClientConnection -- http-outgoing-18: set socket timeout to 5000
22:35:21.000 [main] DEBUG org.apache.http.impl.execchain.MainClientExec -- Executing request POST /auth/register HTTP/1.1
22:35:21.000 [main] DEBUG org.apache.http.impl.execchain.MainClientExec -- Target auth state: UNCHALLENGED
22:35:21.000 [main] DEBUG org.apache.http.impl.execchain.MainClientExec -- Proxy auth state: UNCHALLENGED
22:35:21.000 [main] DEBUG org.apache.http.headers -- http-outgoing-18 >> POST /auth/register HTTP/1.1
22:35:21.000 [main] DEBUG org.apache.http.headers -- http-outgoing-18 >> Content-Type: application/json; charset=UTF-8
22:35:21.000 [main] DEBUG org.apache.http.headers -- http-outgoing-18 >> Content-Length: 67
22:35:21.000 [main] DEBUG org.apache.http.headers -- http-outgoing-18 >> Host: localhost:3000
22:35:21.000 [main] DEBUG org.apache.http.headers -- http-outgoing-18 >> Connection: Keep-Alive
22:35:21.000 [main] DEBUG org.apache.http.headers -- http-outgoing-18 >> User-Agent: Apache-HttpClient/4.5.14 (Java/17.0.9)
22:35:21.000 [main] DEBUG org.apache.http.headers -- http-outgoing-18 >> Accept-Encoding: gzip,deflate
22:35:21.000 [main] DEBUG org.apache.http.wire -- http-outgoing-18 >> "POST /auth/register HTTP/1.1[\r][\n]"
22:35:21.000 [main] DEBUG org.apache.http.wire -- http-outgoing-18 >> "Content-Type: application/json; charset=UTF-8[\r][\n]"
22:35:21.000 [main] DEBUG org.apache.http.wire -- http-outgoing-18 >> "Content-Length: 67[\r][\n]"
22:35:21.000 [main] DEBUG org.apache.http.wire -- http-outgoing-18 >> "Host: localhost:3000[\r][\n]"
22:35:21.000 [main] DEBUG org.apache.http.wire -- http-outgoing-18 >> "Connection: Keep-Alive[\r][\n]"
22:35:21.000 [main] DEBUG org.apache.http.wire -- http-outgoing-18 >> "User-Agent: Apache-HttpClient/4.5.14 (Java/17.0.9)[\r][\n]"
22:35:21.000 [main] DEBUG org.apache.http.wire -- http-outgoing-18 >> "Accept-Encoding: gzip,deflate[\r][\n]"
22:35:21.000 [main] DEBUG org.apache.http.wire -- http-outgoing-18 >> "[\r][\n]"
22:35:21.000 [main] DEBUG org.apache.http.wire -- http-outgoing-18 >> "{"email":"","password":"","name":"","username":"","phoneNumber":""}"
22:35:21.002 [main] DEBUG org.apache.http.wire -- http-outgoing-18 << "HTTP/1.1 400 Bad Request[\r][\n]"
22:35:21.002 [main] DEBUG org.apache.http.wire -- http-outgoing-18 << "X-Powered-By: Express[\r][\n]"
22:35:21.002 [main] DEBUG org.apache.http.wire -- http-outgoing-18 << "Access-Control-Allow-Origin: *[\r][\n]"
22:35:21.002 [main] DEBUG org.apache.http.wire -- http-outgoing-18 << "Content-Type: application/json; charset=utf-8[\r][\n]"
22:35:21.002 [main] DEBUG org.apache.http.wire -- http-outgoing-18 << "Content-Length: 139[\r][\n]"
22:35:21.002 [main] DEBUG org.apache.http.wire -- http-outgoing-18 << "ETag: W/"8b-J8t9G2auGN9MNRWzYK/r8ulixAI"[\r][\n]"
22:35:21.002 [main] DEBUG org.apache.http.wire -- http-outgoing-18 << "Date: Tue, 17 Jun 2025 15:35:21 GMT[\r][\n]"
22:35:21.002 [main] DEBUG org.apache.http.wire -- http-outgoing-18 << "Connection: keep-alive[\r][\n]"
22:35:21.002 [main] DEBUG org.apache.http.wire -- http-outgoing-18 << "Keep-Alive: timeout=5[\r][\n]"
22:35:21.002 [main] DEBUG org.apache.http.wire -- http-outgoing-18 << "[\r][\n]"
22:35:21.002 [main] DEBUG org.apache.http.wire -- http-outgoing-18 << "{"success":false,"statusCode":400,"message":"D[0xe1][0xbb][0xaf] li[0xe1][0xbb][0x87]u kh[0xc3][0xb4]ng h[0xe1][0xbb][0xa3]p l[0xe1][0xbb][0x87]","path":"/auth/register","timestamp":"2025-06-17T15:35:21.002Z"}"
22:35:21.002 [main] DEBUG org.apache.http.headers -- http-outgoing-18 << HTTP/1.1 400 Bad Request
22:35:21.002 [main] DEBUG org.apache.http.headers -- http-outgoing-18 << X-Powered-By: Express
22:35:21.002 [main] DEBUG org.apache.http.headers -- http-outgoing-18 << Access-Control-Allow-Origin: *
22:35:21.002 [main] DEBUG org.apache.http.headers -- http-outgoing-18 << Content-Type: application/json; charset=utf-8
22:35:21.002 [main] DEBUG org.apache.http.headers -- http-outgoing-18 << Content-Length: 139
22:35:21.002 [main] DEBUG org.apache.http.headers -- http-outgoing-18 << ETag: W/"8b-J8t9G2auGN9MNRWzYK/r8ulixAI"
22:35:21.002 [main] DEBUG org.apache.http.headers -- http-outgoing-18 << Date: Tue, 17 Jun 2025 15:35:21 GMT
22:35:21.002 [main] DEBUG org.apache.http.headers -- http-outgoing-18 << Connection: keep-alive
22:35:21.002 [main] DEBUG org.apache.http.headers -- http-outgoing-18 << Keep-Alive: timeout=5
22:35:21.002 [main] DEBUG org.apache.http.impl.execchain.MainClientExec -- Connection can be kept alive for 5000 MILLISECONDS
22:35:21.003 [main] DEBUG org.apache.http.impl.conn.PoolingHttpClientConnectionManager -- Connection [id: 18][route: {}->http://localhost:3000] can be kept alive for 5.0 seconds
22:35:21.003 [main] DEBUG org.apache.http.impl.conn.DefaultManagedHttpClientConnection -- http-outgoing-18: set socket timeout to 0
22:35:21.003 [main] DEBUG org.apache.http.impl.conn.PoolingHttpClientConnectionManager -- Connection released: [id: 18][route: {}->http://localhost:3000][total available: 1; route allocated: 1 of 5; total allocated: 1 of 10]
22:35:21.003 [main] DEBUG org.apache.http.impl.conn.PoolingHttpClientConnectionManager -- Connection manager is shutting down
22:35:21.003 [main] DEBUG org.apache.http.impl.conn.DefaultManagedHttpClientConnection -- http-outgoing-18: Close connection
22:35:21.003 [main] DEBUG org.apache.http.impl.conn.PoolingHttpClientConnectionManager -- Connection manager shut down
22:35:21.003 [main] DEBUG com.intuit.karate -- response time in milliseconds: 4
1 < 400
1 < X-Powered-By: Express
1 < Access-Control-Allow-Origin: *
1 < Content-Type: application/json; charset=utf-8
1 < Content-Length: 139
1 < ETag: W/"8b-J8t9G2auGN9MNRWzYK/r8ulixAI"
1 < Date: Tue, 17 Jun 2025 15:35:21 GMT
1 < Connection: keep-alive
1 < Keep-Alive: timeout=5
{
  "success": false,
  "statusCode": 400,
  "message": "D? li?u không h?p l?",
  "path": "/auth/register",
  "timestamp": "2025-06-17T15:35:21.002Z"
}


22:35:21.003 [main] DEBUG com.intuit.karate.core.ScenarioEngine -- over-writing existing variable 'responseStatus' with new value: karate.get('responseStatus')
22:35:21.005 [main] DEBUG com.intuit.karate.core.ScenarioEngine -- over-writing existing variable 'response' with new value: karate.get('response')
22:35:21.006 [main] INFO com.intuit.karate -- [print] Register API called with: 
22:35:21.006 [main] INFO com.intuit.karate -- [print] Request: {
  "email": "",
  "password": "",
  "name": "",
  "username": "",
  "phoneNumber": ""
}
 
22:35:21.006 [main] INFO com.intuit.karate -- [print] Response Status: 400 
22:35:21.006 [main] INFO com.intuit.karate -- [print] Response Body: {
  "success": false,
  "statusCode": 400,
  "message": "D? li?u không h?p l?",
  "path": "/auth/register",
  "timestamp": "2025-06-17T15:35:21.002Z"
}
 
22:35:21.007 [main] INFO com.intuit.karate -- ? TEST CASE #19 PASSED 
22:35:21.007 [main] INFO com.intuit.karate -- Actual Status: 400 
22:35:21.007 [main] INFO com.intuit.karate -- Actual Result: {"success":false,"statusCode":400,"message":"D? li?u không h?p l?","path":"/auth/register","timestamp":"2025-06-17T15:35:21.002Z"} 
22:35:21.007 [main] INFO com.intuit.karate -- Test Result: PASS 
22:35:21.007 [main] INFO com.intuit.karate -- ========================================== 
22:35:21.007 [main] INFO com.intuit.karate -- ========================================== 
22:35:21.007 [main] INFO com.intuit.karate -- ?ANG CH?Y TEST CASE #20/30 
22:35:21.008 [main] INFO com.intuit.karate -- Description: TC20: Username ch?a ký t? ??c bi?t - Ki?m tra khi username ch?a ký t? không cho phép 
22:35:21.008 [main] INFO com.intuit.karate -- Email: "test20@example.com" 
22:35:21.008 [main] INFO com.intuit.karate -- Password: "Password123" 
22:35:21.008 [main] INFO com.intuit.karate -- Name: "John Doe" 
22:35:21.008 [main] INFO com.intuit.karate -- Username: "john@doe" 
22:35:21.008 [main] INFO com.intuit.karate -- PhoneNumber: "0987654321" 
22:35:21.008 [main] INFO com.intuit.karate -- Expected Status: 400 
22:35:21.008 [main] INFO com.intuit.karate -- Expected Result: {"error": "Username contains invalid characters"} 
22:35:21.008 [main] INFO com.intuit.karate -- ========================================== 
22:35:21.016 [main] INFO com.intuit.karate -- karate.env system property was: null 
22:35:21.017 [main] DEBUG com.jayway.jsonpath.internal.path.CompiledPath -- Evaluating path: $
22:35:21.018 [main] DEBUG org.apache.http.client.protocol.RequestAddCookies -- CookieSpec selected: karate
22:35:21.018 [main] DEBUG org.apache.http.client.protocol.RequestAuthCache -- Auth cache not set in the context
22:35:21.019 [main] DEBUG com.intuit.karate -- request:
1 > POST http://localhost:3000/auth/register
1 > Content-Type: application/json; charset=UTF-8
1 > Content-Length: 122
1 > Host: localhost:3000
1 > Connection: Keep-Alive
1 > User-Agent: Apache-HttpClient/4.5.14 (Java/17.0.9)
1 > Accept-Encoding: gzip,deflate
{
  "email": "test20@example.com",
  "password": "Password123",
  "name": "John Doe",
  "username": "john@doe",
  "phoneNumber": "0987654321"
}


22:35:21.019 [main] DEBUG org.apache.http.impl.conn.PoolingHttpClientConnectionManager -- Connection request: [route: {}->http://localhost:3000][total available: 0; route allocated: 0 of 5; total allocated: 0 of 10]
22:35:21.019 [main] DEBUG org.apache.http.impl.conn.PoolingHttpClientConnectionManager -- Connection leased: [id: 19][route: {}->http://localhost:3000][total available: 0; route allocated: 1 of 5; total allocated: 1 of 10]
22:35:21.019 [main] DEBUG org.apache.http.impl.execchain.MainClientExec -- Opening connection {}->http://localhost:3000
22:35:21.019 [main] DEBUG org.apache.http.impl.conn.DefaultHttpClientConnectionOperator -- Connecting to localhost/127.0.0.1:3000
22:35:21.019 [main] DEBUG org.apache.http.impl.conn.DefaultHttpClientConnectionOperator -- Connection established 127.0.0.1:64255<->127.0.0.1:3000
22:35:21.019 [main] DEBUG org.apache.http.impl.conn.DefaultManagedHttpClientConnection -- http-outgoing-19: set socket timeout to 5000
22:35:21.019 [main] DEBUG org.apache.http.impl.execchain.MainClientExec -- Executing request POST /auth/register HTTP/1.1
22:35:21.019 [main] DEBUG org.apache.http.impl.execchain.MainClientExec -- Target auth state: UNCHALLENGED
22:35:21.019 [main] DEBUG org.apache.http.impl.execchain.MainClientExec -- Proxy auth state: UNCHALLENGED
22:35:21.019 [main] DEBUG org.apache.http.headers -- http-outgoing-19 >> POST /auth/register HTTP/1.1
22:35:21.019 [main] DEBUG org.apache.http.headers -- http-outgoing-19 >> Content-Type: application/json; charset=UTF-8
22:35:21.019 [main] DEBUG org.apache.http.headers -- http-outgoing-19 >> Content-Length: 122
22:35:21.019 [main] DEBUG org.apache.http.headers -- http-outgoing-19 >> Host: localhost:3000
22:35:21.019 [main] DEBUG org.apache.http.headers -- http-outgoing-19 >> Connection: Keep-Alive
22:35:21.019 [main] DEBUG org.apache.http.headers -- http-outgoing-19 >> User-Agent: Apache-HttpClient/4.5.14 (Java/17.0.9)
22:35:21.019 [main] DEBUG org.apache.http.headers -- http-outgoing-19 >> Accept-Encoding: gzip,deflate
22:35:21.019 [main] DEBUG org.apache.http.wire -- http-outgoing-19 >> "POST /auth/register HTTP/1.1[\r][\n]"
22:35:21.019 [main] DEBUG org.apache.http.wire -- http-outgoing-19 >> "Content-Type: application/json; charset=UTF-8[\r][\n]"
22:35:21.019 [main] DEBUG org.apache.http.wire -- http-outgoing-19 >> "Content-Length: 122[\r][\n]"
22:35:21.019 [main] DEBUG org.apache.http.wire -- http-outgoing-19 >> "Host: localhost:3000[\r][\n]"
22:35:21.019 [main] DEBUG org.apache.http.wire -- http-outgoing-19 >> "Connection: Keep-Alive[\r][\n]"
22:35:21.019 [main] DEBUG org.apache.http.wire -- http-outgoing-19 >> "User-Agent: Apache-HttpClient/4.5.14 (Java/17.0.9)[\r][\n]"
22:35:21.019 [main] DEBUG org.apache.http.wire -- http-outgoing-19 >> "Accept-Encoding: gzip,deflate[\r][\n]"
22:35:21.019 [main] DEBUG org.apache.http.wire -- http-outgoing-19 >> "[\r][\n]"
22:35:21.019 [main] DEBUG org.apache.http.wire -- http-outgoing-19 >> "{"email":"test20@example.com","password":"Password123","name":"John Doe","username":"john@doe","phoneNumber":"0987654321"}"
22:35:21.051 [main] DEBUG org.apache.http.wire -- http-outgoing-19 << "HTTP/1.1 409 Conflict[\r][\n]"
22:35:21.052 [main] DEBUG org.apache.http.wire -- http-outgoing-19 << "X-Powered-By: Express[\r][\n]"
22:35:21.052 [main] DEBUG org.apache.http.wire -- http-outgoing-19 << "Access-Control-Allow-Origin: *[\r][\n]"
22:35:21.052 [main] DEBUG org.apache.http.wire -- http-outgoing-19 << "Content-Type: application/json; charset=utf-8[\r][\n]"
22:35:21.052 [main] DEBUG org.apache.http.wire -- http-outgoing-19 << "Content-Length: 158[\r][\n]"
22:35:21.052 [main] DEBUG org.apache.http.wire -- http-outgoing-19 << "ETag: W/"9e-kYwbg8AQpqW552pnUavhtGk/n7k"[\r][\n]"
22:35:21.052 [main] DEBUG org.apache.http.wire -- http-outgoing-19 << "Date: Tue, 17 Jun 2025 15:35:21 GMT[\r][\n]"
22:35:21.052 [main] DEBUG org.apache.http.wire -- http-outgoing-19 << "Connection: keep-alive[\r][\n]"
22:35:21.052 [main] DEBUG org.apache.http.wire -- http-outgoing-19 << "Keep-Alive: timeout=5[\r][\n]"
22:35:21.052 [main] DEBUG org.apache.http.wire -- http-outgoing-19 << "[\r][\n]"
22:35:21.052 [main] DEBUG org.apache.http.wire -- http-outgoing-19 << "{"success":false,"statusCode":409,"message":"Email ho[0xe1][0xba][0xb7]c t[0xc3][0xaa]n [0xc4][0x91][0xc4][0x83]ng nh[0xe1][0xba][0xad]p [0xc4][0x91][0xc3][0xa3] t[0xe1][0xbb][0x93]n t[0xe1][0xba][0xa1]i","path":"/auth/register","timestamp":"2025-06-17T15:35:21.051Z"}"
22:35:21.052 [main] DEBUG org.apache.http.headers -- http-outgoing-19 << HTTP/1.1 409 Conflict
22:35:21.052 [main] DEBUG org.apache.http.headers -- http-outgoing-19 << X-Powered-By: Express
22:35:21.052 [main] DEBUG org.apache.http.headers -- http-outgoing-19 << Access-Control-Allow-Origin: *
22:35:21.052 [main] DEBUG org.apache.http.headers -- http-outgoing-19 << Content-Type: application/json; charset=utf-8
22:35:21.052 [main] DEBUG org.apache.http.headers -- http-outgoing-19 << Content-Length: 158
22:35:21.052 [main] DEBUG org.apache.http.headers -- http-outgoing-19 << ETag: W/"9e-kYwbg8AQpqW552pnUavhtGk/n7k"
22:35:21.052 [main] DEBUG org.apache.http.headers -- http-outgoing-19 << Date: Tue, 17 Jun 2025 15:35:21 GMT
22:35:21.052 [main] DEBUG org.apache.http.headers -- http-outgoing-19 << Connection: keep-alive
22:35:21.052 [main] DEBUG org.apache.http.headers -- http-outgoing-19 << Keep-Alive: timeout=5
22:35:21.052 [main] DEBUG org.apache.http.impl.execchain.MainClientExec -- Connection can be kept alive for 5000 MILLISECONDS
22:35:21.052 [main] DEBUG org.apache.http.impl.conn.PoolingHttpClientConnectionManager -- Connection [id: 19][route: {}->http://localhost:3000] can be kept alive for 5.0 seconds
22:35:21.052 [main] DEBUG org.apache.http.impl.conn.DefaultManagedHttpClientConnection -- http-outgoing-19: set socket timeout to 0
22:35:21.052 [main] DEBUG org.apache.http.impl.conn.PoolingHttpClientConnectionManager -- Connection released: [id: 19][route: {}->http://localhost:3000][total available: 1; route allocated: 1 of 5; total allocated: 1 of 10]
22:35:21.052 [main] DEBUG org.apache.http.impl.conn.PoolingHttpClientConnectionManager -- Connection manager is shutting down
22:35:21.052 [main] DEBUG org.apache.http.impl.conn.DefaultManagedHttpClientConnection -- http-outgoing-19: Close connection
22:35:21.052 [main] DEBUG org.apache.http.impl.conn.PoolingHttpClientConnectionManager -- Connection manager shut down
22:35:21.053 [main] DEBUG com.intuit.karate -- response time in milliseconds: 33
1 < 409
1 < X-Powered-By: Express
1 < Access-Control-Allow-Origin: *
1 < Content-Type: application/json; charset=utf-8
1 < Content-Length: 158
1 < ETag: W/"9e-kYwbg8AQpqW552pnUavhtGk/n7k"
1 < Date: Tue, 17 Jun 2025 15:35:21 GMT
1 < Connection: keep-alive
1 < Keep-Alive: timeout=5
{
  "success": false,
  "statusCode": 409,
  "message": "Email ho?c tên ??ng nh?p ?ã t?n t?i",
  "path": "/auth/register",
  "timestamp": "2025-06-17T15:35:21.051Z"
}


22:35:21.054 [main] DEBUG com.intuit.karate.core.ScenarioEngine -- over-writing existing variable 'responseStatus' with new value: karate.get('responseStatus')
22:35:21.054 [main] DEBUG com.intuit.karate.core.ScenarioEngine -- over-writing existing variable 'response' with new value: karate.get('response')
22:35:21.056 [main] INFO com.intuit.karate -- [print] Register API called with: 
22:35:21.056 [main] INFO com.intuit.karate -- [print] Request: {
  "email": "test20@example.com",
  "password": "Password123",
  "name": "John Doe",
  "username": "john@doe",
  "phoneNumber": "0987654321"
}
 
22:35:21.057 [main] INFO com.intuit.karate -- [print] Response Status: 409 
22:35:21.057 [main] INFO com.intuit.karate -- [print] Response Body: {
  "success": false,
  "statusCode": 409,
  "message": "Email ho?c tên ??ng nh?p ?ã t?n t?i",
  "path": "/auth/register",
  "timestamp": "2025-06-17T15:35:21.051Z"
}
 
22:35:21.057 [main] INFO com.intuit.karate -- ? TEST CASE #20 FAILED 
22:35:21.058 [main] INFO com.intuit.karate --   Expected Status: 400 
22:35:21.058 [main] INFO com.intuit.karate --   Actual Status: 409 
22:35:21.058 [main] INFO com.intuit.karate -- Actual Status: 409 
22:35:21.058 [main] INFO com.intuit.karate -- Actual Result: {"success":false,"statusCode":409,"message":"Email ho?c tên ??ng nh?p ?ã t?n t?i","path":"/auth/register","timestamp":"2025-06-17T15:35:21.051Z"} 
22:35:21.058 [main] INFO com.intuit.karate -- Test Result: FAIL 
22:35:21.058 [main] INFO com.intuit.karate -- ========================================== 
22:35:21.058 [main] INFO com.intuit.karate -- ========================================== 
22:35:21.058 [main] INFO com.intuit.karate -- ?ANG CH?Y TEST CASE #21/30 
22:35:21.058 [main] INFO com.intuit.karate -- Description: TC21: Password không ch?a s? - Ki?m tra khi password không ?áp ?ng yêu c?u ph?c t?p 
22:35:21.058 [main] INFO com.intuit.karate -- Email: "test21@example.com" 
22:35:21.058 [main] INFO com.intuit.karate -- Password: "password" 
22:35:21.058 [main] INFO com.intuit.karate -- Name: "John Doe" 
22:35:21.058 [main] INFO com.intuit.karate -- Username: "johndoe21" 
22:35:21.058 [main] INFO com.intuit.karate -- PhoneNumber: "0987654321" 
22:35:21.058 [main] INFO com.intuit.karate -- Expected Status: 400 
22:35:21.058 [main] INFO com.intuit.karate -- Expected Result: {"error": "Password must contain at least one number"} 
22:35:21.058 [main] INFO com.intuit.karate -- ========================================== 
22:35:21.066 [main] INFO com.intuit.karate -- karate.env system property was: null 
22:35:21.067 [main] DEBUG com.jayway.jsonpath.internal.path.CompiledPath -- Evaluating path: $
22:35:21.068 [main] DEBUG org.apache.http.client.protocol.RequestAddCookies -- CookieSpec selected: karate
22:35:21.068 [main] DEBUG org.apache.http.client.protocol.RequestAuthCache -- Auth cache not set in the context
22:35:21.068 [main] DEBUG com.intuit.karate -- request:
1 > POST http://localhost:3000/auth/register
1 > Content-Type: application/json; charset=UTF-8
1 > Content-Length: 120
1 > Host: localhost:3000
1 > Connection: Keep-Alive
1 > User-Agent: Apache-HttpClient/4.5.14 (Java/17.0.9)
1 > Accept-Encoding: gzip,deflate
{
  "email": "test21@example.com",
  "password": "password",
  "name": "John Doe",
  "username": "johndoe21",
  "phoneNumber": "0987654321"
}


22:35:21.068 [main] DEBUG org.apache.http.impl.conn.PoolingHttpClientConnectionManager -- Connection request: [route: {}->http://localhost:3000][total available: 0; route allocated: 0 of 5; total allocated: 0 of 10]
22:35:21.068 [main] DEBUG org.apache.http.impl.conn.PoolingHttpClientConnectionManager -- Connection leased: [id: 20][route: {}->http://localhost:3000][total available: 0; route allocated: 1 of 5; total allocated: 1 of 10]
22:35:21.068 [main] DEBUG org.apache.http.impl.execchain.MainClientExec -- Opening connection {}->http://localhost:3000
22:35:21.069 [main] DEBUG org.apache.http.impl.conn.DefaultHttpClientConnectionOperator -- Connecting to localhost/127.0.0.1:3000
22:35:21.069 [main] DEBUG org.apache.http.impl.conn.DefaultHttpClientConnectionOperator -- Connection established 127.0.0.1:64256<->127.0.0.1:3000
22:35:21.069 [main] DEBUG org.apache.http.impl.conn.DefaultManagedHttpClientConnection -- http-outgoing-20: set socket timeout to 5000
22:35:21.069 [main] DEBUG org.apache.http.impl.execchain.MainClientExec -- Executing request POST /auth/register HTTP/1.1
22:35:21.069 [main] DEBUG org.apache.http.impl.execchain.MainClientExec -- Target auth state: UNCHALLENGED
22:35:21.069 [main] DEBUG org.apache.http.impl.execchain.MainClientExec -- Proxy auth state: UNCHALLENGED
22:35:21.069 [main] DEBUG org.apache.http.headers -- http-outgoing-20 >> POST /auth/register HTTP/1.1
22:35:21.069 [main] DEBUG org.apache.http.headers -- http-outgoing-20 >> Content-Type: application/json; charset=UTF-8
22:35:21.069 [main] DEBUG org.apache.http.headers -- http-outgoing-20 >> Content-Length: 120
22:35:21.069 [main] DEBUG org.apache.http.headers -- http-outgoing-20 >> Host: localhost:3000
22:35:21.069 [main] DEBUG org.apache.http.headers -- http-outgoing-20 >> Connection: Keep-Alive
22:35:21.069 [main] DEBUG org.apache.http.headers -- http-outgoing-20 >> User-Agent: Apache-HttpClient/4.5.14 (Java/17.0.9)
22:35:21.069 [main] DEBUG org.apache.http.headers -- http-outgoing-20 >> Accept-Encoding: gzip,deflate
22:35:21.069 [main] DEBUG org.apache.http.wire -- http-outgoing-20 >> "POST /auth/register HTTP/1.1[\r][\n]"
22:35:21.069 [main] DEBUG org.apache.http.wire -- http-outgoing-20 >> "Content-Type: application/json; charset=UTF-8[\r][\n]"
22:35:21.069 [main] DEBUG org.apache.http.wire -- http-outgoing-20 >> "Content-Length: 120[\r][\n]"
22:35:21.069 [main] DEBUG org.apache.http.wire -- http-outgoing-20 >> "Host: localhost:3000[\r][\n]"
22:35:21.069 [main] DEBUG org.apache.http.wire -- http-outgoing-20 >> "Connection: Keep-Alive[\r][\n]"
22:35:21.069 [main] DEBUG org.apache.http.wire -- http-outgoing-20 >> "User-Agent: Apache-HttpClient/4.5.14 (Java/17.0.9)[\r][\n]"
22:35:21.069 [main] DEBUG org.apache.http.wire -- http-outgoing-20 >> "Accept-Encoding: gzip,deflate[\r][\n]"
22:35:21.069 [main] DEBUG org.apache.http.wire -- http-outgoing-20 >> "[\r][\n]"
22:35:21.069 [main] DEBUG org.apache.http.wire -- http-outgoing-20 >> "{"email":"test21@example.com","password":"password","name":"John Doe","username":"johndoe21","phoneNumber":"0987654321"}"
22:35:21.098 [main] DEBUG org.apache.http.wire -- http-outgoing-20 << "HTTP/1.1 409 Conflict[\r][\n]"
22:35:21.098 [main] DEBUG org.apache.http.wire -- http-outgoing-20 << "X-Powered-By: Express[\r][\n]"
22:35:21.098 [main] DEBUG org.apache.http.wire -- http-outgoing-20 << "Access-Control-Allow-Origin: *[\r][\n]"
22:35:21.098 [main] DEBUG org.apache.http.wire -- http-outgoing-20 << "Content-Type: application/json; charset=utf-8[\r][\n]"
22:35:21.098 [main] DEBUG org.apache.http.wire -- http-outgoing-20 << "Content-Length: 158[\r][\n]"
22:35:21.098 [main] DEBUG org.apache.http.wire -- http-outgoing-20 << "ETag: W/"9e-uYha3P9acfwPMzMPS0dassnm5nw"[\r][\n]"
22:35:21.098 [main] DEBUG org.apache.http.wire -- http-outgoing-20 << "Date: Tue, 17 Jun 2025 15:35:21 GMT[\r][\n]"
22:35:21.098 [main] DEBUG org.apache.http.wire -- http-outgoing-20 << "Connection: keep-alive[\r][\n]"
22:35:21.098 [main] DEBUG org.apache.http.wire -- http-outgoing-20 << "Keep-Alive: timeout=5[\r][\n]"
22:35:21.098 [main] DEBUG org.apache.http.wire -- http-outgoing-20 << "[\r][\n]"
22:35:21.098 [main] DEBUG org.apache.http.wire -- http-outgoing-20 << "{"success":false,"statusCode":409,"message":"Email ho[0xe1][0xba][0xb7]c t[0xc3][0xaa]n [0xc4][0x91][0xc4][0x83]ng nh[0xe1][0xba][0xad]p [0xc4][0x91][0xc3][0xa3] t[0xe1][0xbb][0x93]n t[0xe1][0xba][0xa1]i","path":"/auth/register","timestamp":"2025-06-17T15:35:21.097Z"}"
22:35:21.098 [main] DEBUG org.apache.http.headers -- http-outgoing-20 << HTTP/1.1 409 Conflict
22:35:21.098 [main] DEBUG org.apache.http.headers -- http-outgoing-20 << X-Powered-By: Express
22:35:21.098 [main] DEBUG org.apache.http.headers -- http-outgoing-20 << Access-Control-Allow-Origin: *
22:35:21.098 [main] DEBUG org.apache.http.headers -- http-outgoing-20 << Content-Type: application/json; charset=utf-8
22:35:21.098 [main] DEBUG org.apache.http.headers -- http-outgoing-20 << Content-Length: 158
22:35:21.098 [main] DEBUG org.apache.http.headers -- http-outgoing-20 << ETag: W/"9e-uYha3P9acfwPMzMPS0dassnm5nw"
22:35:21.098 [main] DEBUG org.apache.http.headers -- http-outgoing-20 << Date: Tue, 17 Jun 2025 15:35:21 GMT
22:35:21.098 [main] DEBUG org.apache.http.headers -- http-outgoing-20 << Connection: keep-alive
22:35:21.098 [main] DEBUG org.apache.http.headers -- http-outgoing-20 << Keep-Alive: timeout=5
22:35:21.098 [main] DEBUG org.apache.http.impl.execchain.MainClientExec -- Connection can be kept alive for 5000 MILLISECONDS
22:35:21.098 [main] DEBUG org.apache.http.impl.conn.PoolingHttpClientConnectionManager -- Connection [id: 20][route: {}->http://localhost:3000] can be kept alive for 5.0 seconds
22:35:21.098 [main] DEBUG org.apache.http.impl.conn.DefaultManagedHttpClientConnection -- http-outgoing-20: set socket timeout to 0
22:35:21.098 [main] DEBUG org.apache.http.impl.conn.PoolingHttpClientConnectionManager -- Connection released: [id: 20][route: {}->http://localhost:3000][total available: 1; route allocated: 1 of 5; total allocated: 1 of 10]
22:35:21.098 [main] DEBUG org.apache.http.impl.conn.PoolingHttpClientConnectionManager -- Connection manager is shutting down
22:35:21.098 [main] DEBUG org.apache.http.impl.conn.DefaultManagedHttpClientConnection -- http-outgoing-20: Close connection
22:35:21.099 [main] DEBUG org.apache.http.impl.conn.PoolingHttpClientConnectionManager -- Connection manager shut down
22:35:21.099 [main] DEBUG com.intuit.karate -- response time in milliseconds: 30
1 < 409
1 < X-Powered-By: Express
1 < Access-Control-Allow-Origin: *
1 < Content-Type: application/json; charset=utf-8
1 < Content-Length: 158
1 < ETag: W/"9e-uYha3P9acfwPMzMPS0dassnm5nw"
1 < Date: Tue, 17 Jun 2025 15:35:21 GMT
1 < Connection: keep-alive
1 < Keep-Alive: timeout=5
{
  "success": false,
  "statusCode": 409,
  "message": "Email ho?c tên ??ng nh?p ?ã t?n t?i",
  "path": "/auth/register",
  "timestamp": "2025-06-17T15:35:21.097Z"
}


22:35:21.099 [main] DEBUG com.intuit.karate.core.ScenarioEngine -- over-writing existing variable 'responseStatus' with new value: karate.get('responseStatus')
22:35:21.100 [main] DEBUG com.intuit.karate.core.ScenarioEngine -- over-writing existing variable 'response' with new value: karate.get('response')
22:35:21.100 [main] INFO com.intuit.karate -- [print] Register API called with: 
22:35:21.100 [main] INFO com.intuit.karate -- [print] Request: {
  "email": "test21@example.com",
  "password": "password",
  "name": "John Doe",
  "username": "johndoe21",
  "phoneNumber": "0987654321"
}
 
22:35:21.100 [main] INFO com.intuit.karate -- [print] Response Status: 409 
22:35:21.100 [main] INFO com.intuit.karate -- [print] Response Body: {
  "success": false,
  "statusCode": 409,
  "message": "Email ho?c tên ??ng nh?p ?ã t?n t?i",
  "path": "/auth/register",
  "timestamp": "2025-06-17T15:35:21.097Z"
}
 
22:35:21.101 [main] INFO com.intuit.karate -- ? TEST CASE #21 FAILED 
22:35:21.101 [main] INFO com.intuit.karate --   Expected Status: 400 
22:35:21.101 [main] INFO com.intuit.karate --   Actual Status: 409 
22:35:21.101 [main] INFO com.intuit.karate -- Actual Status: 409 
22:35:21.101 [main] INFO com.intuit.karate -- Actual Result: {"success":false,"statusCode":409,"message":"Email ho?c tên ??ng nh?p ?ã t?n t?i","path":"/auth/register","timestamp":"2025-06-17T15:35:21.097Z"} 
22:35:21.101 [main] INFO com.intuit.karate -- Test Result: FAIL 
22:35:21.101 [main] INFO com.intuit.karate -- ========================================== 
22:35:21.102 [main] INFO com.intuit.karate -- ========================================== 
22:35:21.102 [main] INFO com.intuit.karate -- ?ANG CH?Y TEST CASE #22/30 
22:35:21.102 [main] INFO com.intuit.karate -- Description: TC22: Name quá dài - Ki?m tra khi name v??t quá gi?i h?n ký t? (50 ký t?) 
22:35:21.102 [main] INFO com.intuit.karate -- Email: "test22@example.com" 
22:35:21.102 [main] INFO com.intuit.karate -- Password: "Password123" 
22:35:21.102 [main] INFO com.intuit.karate -- Name: "This is a very long name that exceeds the maximum length of fifty characters allowed in the system" 
22:35:21.102 [main] INFO com.intuit.karate -- Username: "johndoe22" 
22:35:21.102 [main] INFO com.intuit.karate -- PhoneNumber: "0987654321" 
22:35:21.102 [main] INFO com.intuit.karate -- Expected Status: 400 
22:35:21.102 [main] INFO com.intuit.karate -- Expected Result: {"error": "Name exceeds maximum length"} 
22:35:21.102 [main] INFO com.intuit.karate -- ========================================== 
22:35:21.109 [main] INFO com.intuit.karate -- karate.env system property was: null 
22:35:21.109 [main] DEBUG com.jayway.jsonpath.internal.path.CompiledPath -- Evaluating path: $
22:35:21.112 [main] DEBUG org.apache.http.client.protocol.RequestAddCookies -- CookieSpec selected: karate
22:35:21.112 [main] DEBUG org.apache.http.client.protocol.RequestAuthCache -- Auth cache not set in the context
22:35:21.112 [main] DEBUG com.intuit.karate -- request:
1 > POST http://localhost:3000/auth/register
1 > Content-Type: application/json; charset=UTF-8
1 > Content-Length: 213
1 > Host: localhost:3000
1 > Connection: Keep-Alive
1 > User-Agent: Apache-HttpClient/4.5.14 (Java/17.0.9)
1 > Accept-Encoding: gzip,deflate
{
  "email": "test22@example.com",
  "password": "Password123",
  "name": "This is a very long name that exceeds the maximum length of fifty characters allowed in the system",
  "username": "johndoe22",
  "phoneNumber": "0987654321"
}


22:35:21.112 [main] DEBUG org.apache.http.impl.conn.PoolingHttpClientConnectionManager -- Connection request: [route: {}->http://localhost:3000][total available: 0; route allocated: 0 of 5; total allocated: 0 of 10]
22:35:21.112 [main] DEBUG org.apache.http.impl.conn.PoolingHttpClientConnectionManager -- Connection leased: [id: 21][route: {}->http://localhost:3000][total available: 0; route allocated: 1 of 5; total allocated: 1 of 10]
22:35:21.112 [main] DEBUG org.apache.http.impl.execchain.MainClientExec -- Opening connection {}->http://localhost:3000
22:35:21.112 [main] DEBUG org.apache.http.impl.conn.DefaultHttpClientConnectionOperator -- Connecting to localhost/127.0.0.1:3000
22:35:21.113 [main] DEBUG org.apache.http.impl.conn.DefaultHttpClientConnectionOperator -- Connection established 127.0.0.1:64257<->127.0.0.1:3000
22:35:21.113 [main] DEBUG org.apache.http.impl.conn.DefaultManagedHttpClientConnection -- http-outgoing-21: set socket timeout to 5000
22:35:21.113 [main] DEBUG org.apache.http.impl.execchain.MainClientExec -- Executing request POST /auth/register HTTP/1.1
22:35:21.113 [main] DEBUG org.apache.http.impl.execchain.MainClientExec -- Target auth state: UNCHALLENGED
22:35:21.113 [main] DEBUG org.apache.http.impl.execchain.MainClientExec -- Proxy auth state: UNCHALLENGED
22:35:21.113 [main] DEBUG org.apache.http.headers -- http-outgoing-21 >> POST /auth/register HTTP/1.1
22:35:21.113 [main] DEBUG org.apache.http.headers -- http-outgoing-21 >> Content-Type: application/json; charset=UTF-8
22:35:21.113 [main] DEBUG org.apache.http.headers -- http-outgoing-21 >> Content-Length: 213
22:35:21.113 [main] DEBUG org.apache.http.headers -- http-outgoing-21 >> Host: localhost:3000
22:35:21.113 [main] DEBUG org.apache.http.headers -- http-outgoing-21 >> Connection: Keep-Alive
22:35:21.113 [main] DEBUG org.apache.http.headers -- http-outgoing-21 >> User-Agent: Apache-HttpClient/4.5.14 (Java/17.0.9)
22:35:21.113 [main] DEBUG org.apache.http.headers -- http-outgoing-21 >> Accept-Encoding: gzip,deflate
22:35:21.113 [main] DEBUG org.apache.http.wire -- http-outgoing-21 >> "POST /auth/register HTTP/1.1[\r][\n]"
22:35:21.113 [main] DEBUG org.apache.http.wire -- http-outgoing-21 >> "Content-Type: application/json; charset=UTF-8[\r][\n]"
22:35:21.113 [main] DEBUG org.apache.http.wire -- http-outgoing-21 >> "Content-Length: 213[\r][\n]"
22:35:21.113 [main] DEBUG org.apache.http.wire -- http-outgoing-21 >> "Host: localhost:3000[\r][\n]"
22:35:21.113 [main] DEBUG org.apache.http.wire -- http-outgoing-21 >> "Connection: Keep-Alive[\r][\n]"
22:35:21.113 [main] DEBUG org.apache.http.wire -- http-outgoing-21 >> "User-Agent: Apache-HttpClient/4.5.14 (Java/17.0.9)[\r][\n]"
22:35:21.113 [main] DEBUG org.apache.http.wire -- http-outgoing-21 >> "Accept-Encoding: gzip,deflate[\r][\n]"
22:35:21.113 [main] DEBUG org.apache.http.wire -- http-outgoing-21 >> "[\r][\n]"
22:35:21.113 [main] DEBUG org.apache.http.wire -- http-outgoing-21 >> "{"email":"test22@example.com","password":"Password123","name":"This is a very long name that exceeds the maximum length of fifty characters allowed in the system","username":"johndoe22","phoneNumber":"0987654321"}"
22:35:21.142 [main] DEBUG org.apache.http.wire -- http-outgoing-21 << "HTTP/1.1 409 Conflict[\r][\n]"
22:35:21.142 [main] DEBUG org.apache.http.wire -- http-outgoing-21 << "X-Powered-By: Express[\r][\n]"
22:35:21.142 [main] DEBUG org.apache.http.wire -- http-outgoing-21 << "Access-Control-Allow-Origin: *[\r][\n]"
22:35:21.142 [main] DEBUG org.apache.http.wire -- http-outgoing-21 << "Content-Type: application/json; charset=utf-8[\r][\n]"
22:35:21.142 [main] DEBUG org.apache.http.wire -- http-outgoing-21 << "Content-Length: 158[\r][\n]"
22:35:21.142 [main] DEBUG org.apache.http.wire -- http-outgoing-21 << "ETag: W/"9e-Gn1ZsvsFZg9+T84Yp0ub51+Fs4A"[\r][\n]"
22:35:21.142 [main] DEBUG org.apache.http.wire -- http-outgoing-21 << "Date: Tue, 17 Jun 2025 15:35:21 GMT[\r][\n]"
22:35:21.142 [main] DEBUG org.apache.http.wire -- http-outgoing-21 << "Connection: keep-alive[\r][\n]"
22:35:21.142 [main] DEBUG org.apache.http.wire -- http-outgoing-21 << "Keep-Alive: timeout=5[\r][\n]"
22:35:21.142 [main] DEBUG org.apache.http.wire -- http-outgoing-21 << "[\r][\n]"
22:35:21.142 [main] DEBUG org.apache.http.wire -- http-outgoing-21 << "{"success":false,"statusCode":409,"message":"Email ho[0xe1][0xba][0xb7]c t[0xc3][0xaa]n [0xc4][0x91][0xc4][0x83]ng nh[0xe1][0xba][0xad]p [0xc4][0x91][0xc3][0xa3] t[0xe1][0xbb][0x93]n t[0xe1][0xba][0xa1]i","path":"/auth/register","timestamp":"2025-06-17T15:35:21.142Z"}"
22:35:21.142 [main] DEBUG org.apache.http.headers -- http-outgoing-21 << HTTP/1.1 409 Conflict
22:35:21.142 [main] DEBUG org.apache.http.headers -- http-outgoing-21 << X-Powered-By: Express
22:35:21.142 [main] DEBUG org.apache.http.headers -- http-outgoing-21 << Access-Control-Allow-Origin: *
22:35:21.142 [main] DEBUG org.apache.http.headers -- http-outgoing-21 << Content-Type: application/json; charset=utf-8
22:35:21.142 [main] DEBUG org.apache.http.headers -- http-outgoing-21 << Content-Length: 158
22:35:21.142 [main] DEBUG org.apache.http.headers -- http-outgoing-21 << ETag: W/"9e-Gn1ZsvsFZg9+T84Yp0ub51+Fs4A"
22:35:21.142 [main] DEBUG org.apache.http.headers -- http-outgoing-21 << Date: Tue, 17 Jun 2025 15:35:21 GMT
22:35:21.142 [main] DEBUG org.apache.http.headers -- http-outgoing-21 << Connection: keep-alive
22:35:21.142 [main] DEBUG org.apache.http.headers -- http-outgoing-21 << Keep-Alive: timeout=5
22:35:21.143 [main] DEBUG org.apache.http.impl.execchain.MainClientExec -- Connection can be kept alive for 5000 MILLISECONDS
22:35:21.143 [main] DEBUG org.apache.http.impl.conn.PoolingHttpClientConnectionManager -- Connection [id: 21][route: {}->http://localhost:3000] can be kept alive for 5.0 seconds
22:35:21.143 [main] DEBUG org.apache.http.impl.conn.DefaultManagedHttpClientConnection -- http-outgoing-21: set socket timeout to 0
22:35:21.143 [main] DEBUG org.apache.http.impl.conn.PoolingHttpClientConnectionManager -- Connection released: [id: 21][route: {}->http://localhost:3000][total available: 1; route allocated: 1 of 5; total allocated: 1 of 10]
22:35:21.143 [main] DEBUG org.apache.http.impl.conn.PoolingHttpClientConnectionManager -- Connection manager is shutting down
22:35:21.143 [main] DEBUG org.apache.http.impl.conn.DefaultManagedHttpClientConnection -- http-outgoing-21: Close connection
22:35:21.143 [main] DEBUG org.apache.http.impl.conn.PoolingHttpClientConnectionManager -- Connection manager shut down
22:35:21.143 [main] DEBUG com.intuit.karate -- response time in milliseconds: 31
1 < 409
1 < X-Powered-By: Express
1 < Access-Control-Allow-Origin: *
1 < Content-Type: application/json; charset=utf-8
1 < Content-Length: 158
1 < ETag: W/"9e-Gn1ZsvsFZg9+T84Yp0ub51+Fs4A"
1 < Date: Tue, 17 Jun 2025 15:35:21 GMT
1 < Connection: keep-alive
1 < Keep-Alive: timeout=5
{
  "success": false,
  "statusCode": 409,
  "message": "Email ho?c tên ??ng nh?p ?ã t?n t?i",
  "path": "/auth/register",
  "timestamp": "2025-06-17T15:35:21.142Z"
}


22:35:21.144 [main] DEBUG com.intuit.karate.core.ScenarioEngine -- over-writing existing variable 'responseStatus' with new value: karate.get('responseStatus')
22:35:21.144 [main] DEBUG com.intuit.karate.core.ScenarioEngine -- over-writing existing variable 'response' with new value: karate.get('response')
22:35:21.144 [main] INFO com.intuit.karate -- [print] Register API called with: 
22:35:21.145 [main] INFO com.intuit.karate -- [print] Request: {
  "email": "test22@example.com",
  "password": "Password123",
  "name": "This is a very long name that exceeds the maximum length of fifty characters allowed in the system",
  "username": "johndoe22",
  "phoneNumber": "0987654321"
}
 
22:35:21.145 [main] INFO com.intuit.karate -- [print] Response Status: 409 
22:35:21.145 [main] INFO com.intuit.karate -- [print] Response Body: {
  "success": false,
  "statusCode": 409,
  "message": "Email ho?c tên ??ng nh?p ?ã t?n t?i",
  "path": "/auth/register",
  "timestamp": "2025-06-17T15:35:21.142Z"
}
 
22:35:21.145 [main] INFO com.intuit.karate -- ? TEST CASE #22 FAILED 
22:35:21.145 [main] INFO com.intuit.karate --   Expected Status: 400 
22:35:21.145 [main] INFO com.intuit.karate --   Actual Status: 409 
22:35:21.145 [main] INFO com.intuit.karate -- Actual Status: 409 
22:35:21.145 [main] INFO com.intuit.karate -- Actual Result: {"success":false,"statusCode":409,"message":"Email ho?c tên ??ng nh?p ?ã t?n t?i","path":"/auth/register","timestamp":"2025-06-17T15:35:21.142Z"} 
22:35:21.146 [main] INFO com.intuit.karate -- Test Result: FAIL 
22:35:21.146 [main] INFO com.intuit.karate -- ========================================== 
22:35:21.146 [main] INFO com.intuit.karate -- ========================================== 
22:35:21.146 [main] INFO com.intuit.karate -- ?ANG CH?Y TEST CASE #23/30 
22:35:21.146 [main] INFO com.intuit.karate -- Description: TC23: Ki?m tra SQL Injection - Ki?m tra khi nh?p d? li?u nguy hi?m 
22:35:21.146 [main] INFO com.intuit.karate -- Email: "test23@example.com" 
22:35:21.146 [main] INFO com.intuit.karate -- Password: "Password123" 
22:35:21.146 [main] INFO com.intuit.karate -- Name: "John Doe" 
22:35:21.146 [main] INFO com.intuit.karate -- Username: "johndoe' OR '1'='1" 
22:35:21.146 [main] INFO com.intuit.karate -- PhoneNumber: "0987654321" 
22:35:21.146 [main] INFO com.intuit.karate -- Expected Status: 400 
22:35:21.146 [main] INFO com.intuit.karate -- Expected Result: {"error": "Invalid input"} 
22:35:21.146 [main] INFO com.intuit.karate -- ========================================== 
22:35:21.155 [main] INFO com.intuit.karate -- karate.env system property was: null 
22:35:21.156 [main] DEBUG com.jayway.jsonpath.internal.path.CompiledPath -- Evaluating path: $
22:35:21.157 [main] DEBUG org.apache.http.client.protocol.RequestAddCookies -- CookieSpec selected: karate
22:35:21.157 [main] DEBUG org.apache.http.client.protocol.RequestAuthCache -- Auth cache not set in the context
22:35:21.157 [main] DEBUG com.intuit.karate -- request:
1 > POST http://localhost:3000/auth/register
1 > Content-Type: application/json; charset=UTF-8
1 > Content-Length: 132
1 > Host: localhost:3000
1 > Connection: Keep-Alive
1 > User-Agent: Apache-HttpClient/4.5.14 (Java/17.0.9)
1 > Accept-Encoding: gzip,deflate
{
  "email": "test23@example.com",
  "password": "Password123",
  "name": "John Doe",
  "username": "johndoe' OR '1'='1",
  "phoneNumber": "0987654321"
}


22:35:21.157 [main] DEBUG org.apache.http.impl.conn.PoolingHttpClientConnectionManager -- Connection request: [route: {}->http://localhost:3000][total available: 0; route allocated: 0 of 5; total allocated: 0 of 10]
22:35:21.157 [main] DEBUG org.apache.http.impl.conn.PoolingHttpClientConnectionManager -- Connection leased: [id: 22][route: {}->http://localhost:3000][total available: 0; route allocated: 1 of 5; total allocated: 1 of 10]
22:35:21.157 [main] DEBUG org.apache.http.impl.execchain.MainClientExec -- Opening connection {}->http://localhost:3000
22:35:21.157 [main] DEBUG org.apache.http.impl.conn.DefaultHttpClientConnectionOperator -- Connecting to localhost/127.0.0.1:3000
22:35:21.159 [main] DEBUG org.apache.http.impl.conn.DefaultHttpClientConnectionOperator -- Connection established 127.0.0.1:64258<->127.0.0.1:3000
22:35:21.159 [main] DEBUG org.apache.http.impl.conn.DefaultManagedHttpClientConnection -- http-outgoing-22: set socket timeout to 5000
22:35:21.159 [main] DEBUG org.apache.http.impl.execchain.MainClientExec -- Executing request POST /auth/register HTTP/1.1
22:35:21.159 [main] DEBUG org.apache.http.impl.execchain.MainClientExec -- Target auth state: UNCHALLENGED
22:35:21.159 [main] DEBUG org.apache.http.impl.execchain.MainClientExec -- Proxy auth state: UNCHALLENGED
22:35:21.159 [main] DEBUG org.apache.http.headers -- http-outgoing-22 >> POST /auth/register HTTP/1.1
22:35:21.159 [main] DEBUG org.apache.http.headers -- http-outgoing-22 >> Content-Type: application/json; charset=UTF-8
22:35:21.159 [main] DEBUG org.apache.http.headers -- http-outgoing-22 >> Content-Length: 132
22:35:21.159 [main] DEBUG org.apache.http.headers -- http-outgoing-22 >> Host: localhost:3000
22:35:21.159 [main] DEBUG org.apache.http.headers -- http-outgoing-22 >> Connection: Keep-Alive
22:35:21.159 [main] DEBUG org.apache.http.headers -- http-outgoing-22 >> User-Agent: Apache-HttpClient/4.5.14 (Java/17.0.9)
22:35:21.159 [main] DEBUG org.apache.http.headers -- http-outgoing-22 >> Accept-Encoding: gzip,deflate
22:35:21.159 [main] DEBUG org.apache.http.wire -- http-outgoing-22 >> "POST /auth/register HTTP/1.1[\r][\n]"
22:35:21.159 [main] DEBUG org.apache.http.wire -- http-outgoing-22 >> "Content-Type: application/json; charset=UTF-8[\r][\n]"
22:35:21.159 [main] DEBUG org.apache.http.wire -- http-outgoing-22 >> "Content-Length: 132[\r][\n]"
22:35:21.159 [main] DEBUG org.apache.http.wire -- http-outgoing-22 >> "Host: localhost:3000[\r][\n]"
22:35:21.159 [main] DEBUG org.apache.http.wire -- http-outgoing-22 >> "Connection: Keep-Alive[\r][\n]"
22:35:21.159 [main] DEBUG org.apache.http.wire -- http-outgoing-22 >> "User-Agent: Apache-HttpClient/4.5.14 (Java/17.0.9)[\r][\n]"
22:35:21.159 [main] DEBUG org.apache.http.wire -- http-outgoing-22 >> "Accept-Encoding: gzip,deflate[\r][\n]"
22:35:21.159 [main] DEBUG org.apache.http.wire -- http-outgoing-22 >> "[\r][\n]"
22:35:21.159 [main] DEBUG org.apache.http.wire -- http-outgoing-22 >> "{"email":"test23@example.com","password":"Password123","name":"John Doe","username":"johndoe' OR '1'='1","phoneNumber":"0987654321"}"
22:35:21.189 [main] DEBUG org.apache.http.wire -- http-outgoing-22 << "HTTP/1.1 409 Conflict[\r][\n]"
22:35:21.189 [main] DEBUG org.apache.http.wire -- http-outgoing-22 << "X-Powered-By: Express[\r][\n]"
22:35:21.189 [main] DEBUG org.apache.http.wire -- http-outgoing-22 << "Access-Control-Allow-Origin: *[\r][\n]"
22:35:21.189 [main] DEBUG org.apache.http.wire -- http-outgoing-22 << "Content-Type: application/json; charset=utf-8[\r][\n]"
22:35:21.189 [main] DEBUG org.apache.http.wire -- http-outgoing-22 << "Content-Length: 158[\r][\n]"
22:35:21.189 [main] DEBUG org.apache.http.wire -- http-outgoing-22 << "ETag: W/"9e-BNKsotlD+0wsfRSMwipz6N9EZTk"[\r][\n]"
22:35:21.189 [main] DEBUG org.apache.http.wire -- http-outgoing-22 << "Date: Tue, 17 Jun 2025 15:35:21 GMT[\r][\n]"
22:35:21.189 [main] DEBUG org.apache.http.wire -- http-outgoing-22 << "Connection: keep-alive[\r][\n]"
22:35:21.189 [main] DEBUG org.apache.http.wire -- http-outgoing-22 << "Keep-Alive: timeout=5[\r][\n]"
22:35:21.189 [main] DEBUG org.apache.http.wire -- http-outgoing-22 << "[\r][\n]"
22:35:21.189 [main] DEBUG org.apache.http.wire -- http-outgoing-22 << "{"success":false,"statusCode":409,"message":"Email ho[0xe1][0xba][0xb7]c t[0xc3][0xaa]n [0xc4][0x91][0xc4][0x83]ng nh[0xe1][0xba][0xad]p [0xc4][0x91][0xc3][0xa3] t[0xe1][0xbb][0x93]n t[0xe1][0xba][0xa1]i","path":"/auth/register","timestamp":"2025-06-17T15:35:21.189Z"}"
22:35:21.189 [main] DEBUG org.apache.http.headers -- http-outgoing-22 << HTTP/1.1 409 Conflict
22:35:21.189 [main] DEBUG org.apache.http.headers -- http-outgoing-22 << X-Powered-By: Express
22:35:21.189 [main] DEBUG org.apache.http.headers -- http-outgoing-22 << Access-Control-Allow-Origin: *
22:35:21.189 [main] DEBUG org.apache.http.headers -- http-outgoing-22 << Content-Type: application/json; charset=utf-8
22:35:21.189 [main] DEBUG org.apache.http.headers -- http-outgoing-22 << Content-Length: 158
22:35:21.189 [main] DEBUG org.apache.http.headers -- http-outgoing-22 << ETag: W/"9e-BNKsotlD+0wsfRSMwipz6N9EZTk"
22:35:21.189 [main] DEBUG org.apache.http.headers -- http-outgoing-22 << Date: Tue, 17 Jun 2025 15:35:21 GMT
22:35:21.189 [main] DEBUG org.apache.http.headers -- http-outgoing-22 << Connection: keep-alive
22:35:21.189 [main] DEBUG org.apache.http.headers -- http-outgoing-22 << Keep-Alive: timeout=5
22:35:21.189 [main] DEBUG org.apache.http.impl.execchain.MainClientExec -- Connection can be kept alive for 5000 MILLISECONDS
22:35:21.190 [main] DEBUG org.apache.http.impl.conn.PoolingHttpClientConnectionManager -- Connection [id: 22][route: {}->http://localhost:3000] can be kept alive for 5.0 seconds
22:35:21.190 [main] DEBUG org.apache.http.impl.conn.DefaultManagedHttpClientConnection -- http-outgoing-22: set socket timeout to 0
22:35:21.190 [main] DEBUG org.apache.http.impl.conn.PoolingHttpClientConnectionManager -- Connection released: [id: 22][route: {}->http://localhost:3000][total available: 1; route allocated: 1 of 5; total allocated: 1 of 10]
22:35:21.190 [main] DEBUG org.apache.http.impl.conn.PoolingHttpClientConnectionManager -- Connection manager is shutting down
22:35:21.190 [main] DEBUG org.apache.http.impl.conn.DefaultManagedHttpClientConnection -- http-outgoing-22: Close connection
22:35:21.190 [main] DEBUG org.apache.http.impl.conn.PoolingHttpClientConnectionManager -- Connection manager shut down
22:35:21.190 [main] DEBUG com.intuit.karate -- response time in milliseconds: 33
1 < 409
1 < X-Powered-By: Express
1 < Access-Control-Allow-Origin: *
1 < Content-Type: application/json; charset=utf-8
1 < Content-Length: 158
1 < ETag: W/"9e-BNKsotlD+0wsfRSMwipz6N9EZTk"
1 < Date: Tue, 17 Jun 2025 15:35:21 GMT
1 < Connection: keep-alive
1 < Keep-Alive: timeout=5
{
  "success": false,
  "statusCode": 409,
  "message": "Email ho?c tên ??ng nh?p ?ã t?n t?i",
  "path": "/auth/register",
  "timestamp": "2025-06-17T15:35:21.189Z"
}


22:35:21.190 [main] DEBUG com.intuit.karate.core.ScenarioEngine -- over-writing existing variable 'responseStatus' with new value: karate.get('responseStatus')
22:35:21.191 [main] DEBUG com.intuit.karate.core.ScenarioEngine -- over-writing existing variable 'response' with new value: karate.get('response')
22:35:21.191 [main] INFO com.intuit.karate -- [print] Register API called with: 
22:35:21.191 [main] INFO com.intuit.karate -- [print] Request: {
  "email": "test23@example.com",
  "password": "Password123",
  "name": "John Doe",
  "username": "johndoe' OR '1'='1",
  "phoneNumber": "0987654321"
}
 
22:35:21.191 [main] INFO com.intuit.karate -- [print] Response Status: 409 
22:35:21.191 [main] INFO com.intuit.karate -- [print] Response Body: {
  "success": false,
  "statusCode": 409,
  "message": "Email ho?c tên ??ng nh?p ?ã t?n t?i",
  "path": "/auth/register",
  "timestamp": "2025-06-17T15:35:21.189Z"
}
 
22:35:21.192 [main] INFO com.intuit.karate -- ? TEST CASE #23 FAILED 
22:35:21.192 [main] INFO com.intuit.karate --   Expected Status: 400 
22:35:21.192 [main] INFO com.intuit.karate --   Actual Status: 409 
22:35:21.192 [main] INFO com.intuit.karate -- Actual Status: 409 
22:35:21.192 [main] INFO com.intuit.karate -- Actual Result: {"success":false,"statusCode":409,"message":"Email ho?c tên ??ng nh?p ?ã t?n t?i","path":"/auth/register","timestamp":"2025-06-17T15:35:21.189Z"} 
22:35:21.192 [main] INFO com.intuit.karate -- Test Result: FAIL 
22:35:21.192 [main] INFO com.intuit.karate -- ========================================== 
22:35:21.193 [main] INFO com.intuit.karate -- ========================================== 
22:35:21.193 [main] INFO com.intuit.karate -- ?ANG CH?Y TEST CASE #24/30 
22:35:21.193 [main] INFO com.intuit.karate -- Description: TC24: Ki?m tra XSS - Ki?m tra khi nh?p d? li?u nguy hi?m ch?a mã HTML/JavaScript 
22:35:21.193 [main] INFO com.intuit.karate -- Email: "test24@example.com" 
22:35:21.193 [main] INFO com.intuit.karate -- Password: "Password123" 
22:35:21.193 [main] INFO com.intuit.karate -- Name: "<script>alert("xss")</script>" 
22:35:21.193 [main] INFO com.intuit.karate -- Username: "johndoe24" 
22:35:21.193 [main] INFO com.intuit.karate -- PhoneNumber: "0987654321" 
22:35:21.193 [main] INFO com.intuit.karate -- Expected Status: 400 
22:35:21.193 [main] INFO com.intuit.karate -- Expected Result: {"error": "Invalid input"} 
22:35:21.193 [main] INFO com.intuit.karate -- ========================================== 
22:35:21.200 [main] INFO com.intuit.karate -- karate.env system property was: null 
22:35:21.201 [main] DEBUG com.jayway.jsonpath.internal.path.CompiledPath -- Evaluating path: $
22:35:21.205 [main] DEBUG org.apache.http.client.protocol.RequestAddCookies -- CookieSpec selected: karate
22:35:21.205 [main] DEBUG org.apache.http.client.protocol.RequestAuthCache -- Auth cache not set in the context
22:35:21.205 [main] DEBUG com.intuit.karate -- request:
1 > POST http://localhost:3000/auth/register
1 > Content-Type: application/json; charset=UTF-8
1 > Content-Length: 147
1 > Host: localhost:3000
1 > Connection: Keep-Alive
1 > User-Agent: Apache-HttpClient/4.5.14 (Java/17.0.9)
1 > Accept-Encoding: gzip,deflate
{
  "email": "test24@example.com",
  "password": "Password123",
  "name": "<script>alert(\"xss\")</script>",
  "username": "johndoe24",
  "phoneNumber": "0987654321"
}


22:35:21.205 [main] DEBUG org.apache.http.impl.conn.PoolingHttpClientConnectionManager -- Connection request: [route: {}->http://localhost:3000][total available: 0; route allocated: 0 of 5; total allocated: 0 of 10]
22:35:21.205 [main] DEBUG org.apache.http.impl.conn.PoolingHttpClientConnectionManager -- Connection leased: [id: 23][route: {}->http://localhost:3000][total available: 0; route allocated: 1 of 5; total allocated: 1 of 10]
22:35:21.205 [main] DEBUG org.apache.http.impl.execchain.MainClientExec -- Opening connection {}->http://localhost:3000
22:35:21.205 [main] DEBUG org.apache.http.impl.conn.DefaultHttpClientConnectionOperator -- Connecting to localhost/127.0.0.1:3000
22:35:21.205 [main] DEBUG org.apache.http.impl.conn.DefaultHttpClientConnectionOperator -- Connection established 127.0.0.1:64259<->127.0.0.1:3000
22:35:21.205 [main] DEBUG org.apache.http.impl.conn.DefaultManagedHttpClientConnection -- http-outgoing-23: set socket timeout to 5000
22:35:21.205 [main] DEBUG org.apache.http.impl.execchain.MainClientExec -- Executing request POST /auth/register HTTP/1.1
22:35:21.205 [main] DEBUG org.apache.http.impl.execchain.MainClientExec -- Target auth state: UNCHALLENGED
22:35:21.206 [main] DEBUG org.apache.http.impl.execchain.MainClientExec -- Proxy auth state: UNCHALLENGED
22:35:21.206 [main] DEBUG org.apache.http.headers -- http-outgoing-23 >> POST /auth/register HTTP/1.1
22:35:21.206 [main] DEBUG org.apache.http.headers -- http-outgoing-23 >> Content-Type: application/json; charset=UTF-8
22:35:21.206 [main] DEBUG org.apache.http.headers -- http-outgoing-23 >> Content-Length: 147
22:35:21.206 [main] DEBUG org.apache.http.headers -- http-outgoing-23 >> Host: localhost:3000
22:35:21.206 [main] DEBUG org.apache.http.headers -- http-outgoing-23 >> Connection: Keep-Alive
22:35:21.206 [main] DEBUG org.apache.http.headers -- http-outgoing-23 >> User-Agent: Apache-HttpClient/4.5.14 (Java/17.0.9)
22:35:21.206 [main] DEBUG org.apache.http.headers -- http-outgoing-23 >> Accept-Encoding: gzip,deflate
22:35:21.206 [main] DEBUG org.apache.http.wire -- http-outgoing-23 >> "POST /auth/register HTTP/1.1[\r][\n]"
22:35:21.206 [main] DEBUG org.apache.http.wire -- http-outgoing-23 >> "Content-Type: application/json; charset=UTF-8[\r][\n]"
22:35:21.206 [main] DEBUG org.apache.http.wire -- http-outgoing-23 >> "Content-Length: 147[\r][\n]"
22:35:21.206 [main] DEBUG org.apache.http.wire -- http-outgoing-23 >> "Host: localhost:3000[\r][\n]"
22:35:21.206 [main] DEBUG org.apache.http.wire -- http-outgoing-23 >> "Connection: Keep-Alive[\r][\n]"
22:35:21.206 [main] DEBUG org.apache.http.wire -- http-outgoing-23 >> "User-Agent: Apache-HttpClient/4.5.14 (Java/17.0.9)[\r][\n]"
22:35:21.206 [main] DEBUG org.apache.http.wire -- http-outgoing-23 >> "Accept-Encoding: gzip,deflate[\r][\n]"
22:35:21.206 [main] DEBUG org.apache.http.wire -- http-outgoing-23 >> "[\r][\n]"
22:35:21.206 [main] DEBUG org.apache.http.wire -- http-outgoing-23 >> "{"email":"test24@example.com","password":"Password123","name":"<script>alert(\"xss\")<\/script>","username":"johndoe24","phoneNumber":"0987654321"}"
22:35:21.235 [main] DEBUG org.apache.http.wire -- http-outgoing-23 << "HTTP/1.1 409 Conflict[\r][\n]"
22:35:21.235 [main] DEBUG org.apache.http.wire -- http-outgoing-23 << "X-Powered-By: Express[\r][\n]"
22:35:21.235 [main] DEBUG org.apache.http.wire -- http-outgoing-23 << "Access-Control-Allow-Origin: *[\r][\n]"
22:35:21.235 [main] DEBUG org.apache.http.wire -- http-outgoing-23 << "Content-Type: application/json; charset=utf-8[\r][\n]"
22:35:21.235 [main] DEBUG org.apache.http.wire -- http-outgoing-23 << "Content-Length: 158[\r][\n]"
22:35:21.235 [main] DEBUG org.apache.http.wire -- http-outgoing-23 << "ETag: W/"9e-WWc5i10tZbO/5qSW3uSnhUzLdq0"[\r][\n]"
22:35:21.235 [main] DEBUG org.apache.http.wire -- http-outgoing-23 << "Date: Tue, 17 Jun 2025 15:35:21 GMT[\r][\n]"
22:35:21.235 [main] DEBUG org.apache.http.wire -- http-outgoing-23 << "Connection: keep-alive[\r][\n]"
22:35:21.235 [main] DEBUG org.apache.http.wire -- http-outgoing-23 << "Keep-Alive: timeout=5[\r][\n]"
22:35:21.235 [main] DEBUG org.apache.http.wire -- http-outgoing-23 << "[\r][\n]"
22:35:21.235 [main] DEBUG org.apache.http.wire -- http-outgoing-23 << "{"success":false,"statusCode":409,"message":"Email ho[0xe1][0xba][0xb7]c t[0xc3][0xaa]n [0xc4][0x91][0xc4][0x83]ng nh[0xe1][0xba][0xad]p [0xc4][0x91][0xc3][0xa3] t[0xe1][0xbb][0x93]n t[0xe1][0xba][0xa1]i","path":"/auth/register","timestamp":"2025-06-17T15:35:21.235Z"}"
22:35:21.235 [main] DEBUG org.apache.http.headers -- http-outgoing-23 << HTTP/1.1 409 Conflict
22:35:21.235 [main] DEBUG org.apache.http.headers -- http-outgoing-23 << X-Powered-By: Express
22:35:21.235 [main] DEBUG org.apache.http.headers -- http-outgoing-23 << Access-Control-Allow-Origin: *
22:35:21.235 [main] DEBUG org.apache.http.headers -- http-outgoing-23 << Content-Type: application/json; charset=utf-8
22:35:21.235 [main] DEBUG org.apache.http.headers -- http-outgoing-23 << Content-Length: 158
22:35:21.235 [main] DEBUG org.apache.http.headers -- http-outgoing-23 << ETag: W/"9e-WWc5i10tZbO/5qSW3uSnhUzLdq0"
22:35:21.235 [main] DEBUG org.apache.http.headers -- http-outgoing-23 << Date: Tue, 17 Jun 2025 15:35:21 GMT
22:35:21.235 [main] DEBUG org.apache.http.headers -- http-outgoing-23 << Connection: keep-alive
22:35:21.235 [main] DEBUG org.apache.http.headers -- http-outgoing-23 << Keep-Alive: timeout=5
22:35:21.236 [main] DEBUG org.apache.http.impl.execchain.MainClientExec -- Connection can be kept alive for 5000 MILLISECONDS
22:35:21.236 [main] DEBUG org.apache.http.impl.conn.PoolingHttpClientConnectionManager -- Connection [id: 23][route: {}->http://localhost:3000] can be kept alive for 5.0 seconds
22:35:21.236 [main] DEBUG org.apache.http.impl.conn.DefaultManagedHttpClientConnection -- http-outgoing-23: set socket timeout to 0
22:35:21.236 [main] DEBUG org.apache.http.impl.conn.PoolingHttpClientConnectionManager -- Connection released: [id: 23][route: {}->http://localhost:3000][total available: 1; route allocated: 1 of 5; total allocated: 1 of 10]
22:35:21.236 [main] DEBUG org.apache.http.impl.conn.PoolingHttpClientConnectionManager -- Connection manager is shutting down
22:35:21.236 [main] DEBUG org.apache.http.impl.conn.DefaultManagedHttpClientConnection -- http-outgoing-23: Close connection
22:35:21.236 [main] DEBUG org.apache.http.impl.conn.PoolingHttpClientConnectionManager -- Connection manager shut down
22:35:21.236 [main] DEBUG com.intuit.karate -- response time in milliseconds: 31
1 < 409
1 < X-Powered-By: Express
1 < Access-Control-Allow-Origin: *
1 < Content-Type: application/json; charset=utf-8
1 < Content-Length: 158
1 < ETag: W/"9e-WWc5i10tZbO/5qSW3uSnhUzLdq0"
1 < Date: Tue, 17 Jun 2025 15:35:21 GMT
1 < Connection: keep-alive
1 < Keep-Alive: timeout=5
{
  "success": false,
  "statusCode": 409,
  "message": "Email ho?c tên ??ng nh?p ?ã t?n t?i",
  "path": "/auth/register",
  "timestamp": "2025-06-17T15:35:21.235Z"
}


22:35:21.236 [main] DEBUG com.intuit.karate.core.ScenarioEngine -- over-writing existing variable 'responseStatus' with new value: karate.get('responseStatus')
22:35:21.237 [main] DEBUG com.intuit.karate.core.ScenarioEngine -- over-writing existing variable 'response' with new value: karate.get('response')
22:35:21.237 [main] INFO com.intuit.karate -- [print] Register API called with: 
22:35:21.237 [main] INFO com.intuit.karate -- [print] Request: {
  "email": "test24@example.com",
  "password": "Password123",
  "name": "<script>alert(\"xss\")</script>",
  "username": "johndoe24",
  "phoneNumber": "0987654321"
}
 
22:35:21.237 [main] INFO com.intuit.karate -- [print] Response Status: 409 
22:35:21.237 [main] INFO com.intuit.karate -- [print] Response Body: {
  "success": false,
  "statusCode": 409,
  "message": "Email ho?c tên ??ng nh?p ?ã t?n t?i",
  "path": "/auth/register",
  "timestamp": "2025-06-17T15:35:21.235Z"
}
 
22:35:21.238 [main] INFO com.intuit.karate -- ? TEST CASE #24 FAILED 
22:35:21.238 [main] INFO com.intuit.karate --   Expected Status: 400 
22:35:21.238 [main] INFO com.intuit.karate --   Actual Status: 409 
22:35:21.238 [main] INFO com.intuit.karate -- Actual Status: 409 
22:35:21.238 [main] INFO com.intuit.karate -- Actual Result: {"success":false,"statusCode":409,"message":"Email ho?c tên ??ng nh?p ?ã t?n t?i","path":"/auth/register","timestamp":"2025-06-17T15:35:21.235Z"} 
22:35:21.238 [main] INFO com.intuit.karate -- Test Result: FAIL 
22:35:21.238 [main] INFO com.intuit.karate -- ========================================== 
22:35:21.238 [main] INFO com.intuit.karate -- ========================================== 
22:35:21.238 [main] INFO com.intuit.karate -- ?ANG CH?Y TEST CASE #25/30 
22:35:21.238 [main] INFO com.intuit.karate -- Description: TC25: Ki?m tra kho?ng tr?ng - Ki?m tra khi các tr??ng ch?a toàn kho?ng tr?ng 
22:35:21.238 [main] INFO com.intuit.karate -- Email: "   " 
22:35:21.239 [main] INFO com.intuit.karate -- Password: "   " 
22:35:21.239 [main] INFO com.intuit.karate -- Name: "   " 
22:35:21.239 [main] INFO com.intuit.karate -- Username: "   " 
22:35:21.239 [main] INFO com.intuit.karate -- PhoneNumber: "   " 
22:35:21.239 [main] INFO com.intuit.karate -- Expected Status: 400 
22:35:21.239 [main] INFO com.intuit.karate -- Expected Result: {"error": "Fields cannot contain only whitespace"} 
22:35:21.239 [main] INFO com.intuit.karate -- ========================================== 
22:35:21.245 [main] INFO com.intuit.karate -- karate.env system property was: null 
22:35:21.247 [main] DEBUG com.jayway.jsonpath.internal.path.CompiledPath -- Evaluating path: $
22:35:21.247 [main] DEBUG org.apache.http.client.protocol.RequestAddCookies -- CookieSpec selected: karate
22:35:21.248 [main] DEBUG org.apache.http.client.protocol.RequestAuthCache -- Auth cache not set in the context
22:35:21.248 [main] DEBUG com.intuit.karate -- request:
1 > POST http://localhost:3000/auth/register
1 > Content-Type: application/json; charset=UTF-8
1 > Content-Length: 82
1 > Host: localhost:3000
1 > Connection: Keep-Alive
1 > User-Agent: Apache-HttpClient/4.5.14 (Java/17.0.9)
1 > Accept-Encoding: gzip,deflate
{
  "email": "   ",
  "password": "   ",
  "name": "   ",
  "username": "   ",
  "phoneNumber": "   "
}


22:35:21.248 [main] DEBUG org.apache.http.impl.conn.PoolingHttpClientConnectionManager -- Connection request: [route: {}->http://localhost:3000][total available: 0; route allocated: 0 of 5; total allocated: 0 of 10]
22:35:21.248 [main] DEBUG org.apache.http.impl.conn.PoolingHttpClientConnectionManager -- Connection leased: [id: 24][route: {}->http://localhost:3000][total available: 0; route allocated: 1 of 5; total allocated: 1 of 10]
22:35:21.248 [main] DEBUG org.apache.http.impl.execchain.MainClientExec -- Opening connection {}->http://localhost:3000
22:35:21.248 [main] DEBUG org.apache.http.impl.conn.DefaultHttpClientConnectionOperator -- Connecting to localhost/127.0.0.1:3000
22:35:21.248 [main] DEBUG org.apache.http.impl.conn.DefaultHttpClientConnectionOperator -- Connection established 127.0.0.1:64260<->127.0.0.1:3000
22:35:21.248 [main] DEBUG org.apache.http.impl.conn.DefaultManagedHttpClientConnection -- http-outgoing-24: set socket timeout to 5000
22:35:21.248 [main] DEBUG org.apache.http.impl.execchain.MainClientExec -- Executing request POST /auth/register HTTP/1.1
22:35:21.248 [main] DEBUG org.apache.http.impl.execchain.MainClientExec -- Target auth state: UNCHALLENGED
22:35:21.248 [main] DEBUG org.apache.http.impl.execchain.MainClientExec -- Proxy auth state: UNCHALLENGED
22:35:21.248 [main] DEBUG org.apache.http.headers -- http-outgoing-24 >> POST /auth/register HTTP/1.1
22:35:21.248 [main] DEBUG org.apache.http.headers -- http-outgoing-24 >> Content-Type: application/json; charset=UTF-8
22:35:21.248 [main] DEBUG org.apache.http.headers -- http-outgoing-24 >> Content-Length: 82
22:35:21.248 [main] DEBUG org.apache.http.headers -- http-outgoing-24 >> Host: localhost:3000
22:35:21.248 [main] DEBUG org.apache.http.headers -- http-outgoing-24 >> Connection: Keep-Alive
22:35:21.248 [main] DEBUG org.apache.http.headers -- http-outgoing-24 >> User-Agent: Apache-HttpClient/4.5.14 (Java/17.0.9)
22:35:21.248 [main] DEBUG org.apache.http.headers -- http-outgoing-24 >> Accept-Encoding: gzip,deflate
22:35:21.248 [main] DEBUG org.apache.http.wire -- http-outgoing-24 >> "POST /auth/register HTTP/1.1[\r][\n]"
22:35:21.248 [main] DEBUG org.apache.http.wire -- http-outgoing-24 >> "Content-Type: application/json; charset=UTF-8[\r][\n]"
22:35:21.248 [main] DEBUG org.apache.http.wire -- http-outgoing-24 >> "Content-Length: 82[\r][\n]"
22:35:21.248 [main] DEBUG org.apache.http.wire -- http-outgoing-24 >> "Host: localhost:3000[\r][\n]"
22:35:21.248 [main] DEBUG org.apache.http.wire -- http-outgoing-24 >> "Connection: Keep-Alive[\r][\n]"
22:35:21.248 [main] DEBUG org.apache.http.wire -- http-outgoing-24 >> "User-Agent: Apache-HttpClient/4.5.14 (Java/17.0.9)[\r][\n]"
22:35:21.248 [main] DEBUG org.apache.http.wire -- http-outgoing-24 >> "Accept-Encoding: gzip,deflate[\r][\n]"
22:35:21.248 [main] DEBUG org.apache.http.wire -- http-outgoing-24 >> "[\r][\n]"
22:35:21.248 [main] DEBUG org.apache.http.wire -- http-outgoing-24 >> "{"email":"   ","password":"   ","name":"   ","username":"   ","phoneNumber":"   "}"
22:35:21.250 [main] DEBUG org.apache.http.wire -- http-outgoing-24 << "HTTP/1.1 400 Bad Request[\r][\n]"
22:35:21.250 [main] DEBUG org.apache.http.wire -- http-outgoing-24 << "X-Powered-By: Express[\r][\n]"
22:35:21.250 [main] DEBUG org.apache.http.wire -- http-outgoing-24 << "Access-Control-Allow-Origin: *[\r][\n]"
22:35:21.250 [main] DEBUG org.apache.http.wire -- http-outgoing-24 << "Content-Type: application/json; charset=utf-8[\r][\n]"
22:35:21.250 [main] DEBUG org.apache.http.wire -- http-outgoing-24 << "Content-Length: 139[\r][\n]"
22:35:21.250 [main] DEBUG org.apache.http.wire -- http-outgoing-24 << "ETag: W/"8b-UN9OoXktBJvu1KTOJS2ItQrc6xQ"[\r][\n]"
22:35:21.250 [main] DEBUG org.apache.http.wire -- http-outgoing-24 << "Date: Tue, 17 Jun 2025 15:35:21 GMT[\r][\n]"
22:35:21.250 [main] DEBUG org.apache.http.wire -- http-outgoing-24 << "Connection: keep-alive[\r][\n]"
22:35:21.250 [main] DEBUG org.apache.http.wire -- http-outgoing-24 << "Keep-Alive: timeout=5[\r][\n]"
22:35:21.250 [main] DEBUG org.apache.http.wire -- http-outgoing-24 << "[\r][\n]"
22:35:21.250 [main] DEBUG org.apache.http.wire -- http-outgoing-24 << "{"success":false,"statusCode":400,"message":"D[0xe1][0xbb][0xaf] li[0xe1][0xbb][0x87]u kh[0xc3][0xb4]ng h[0xe1][0xbb][0xa3]p l[0xe1][0xbb][0x87]","path":"/auth/register","timestamp":"2025-06-17T15:35:21.250Z"}"
22:35:21.250 [main] DEBUG org.apache.http.headers -- http-outgoing-24 << HTTP/1.1 400 Bad Request
22:35:21.250 [main] DEBUG org.apache.http.headers -- http-outgoing-24 << X-Powered-By: Express
22:35:21.250 [main] DEBUG org.apache.http.headers -- http-outgoing-24 << Access-Control-Allow-Origin: *
22:35:21.250 [main] DEBUG org.apache.http.headers -- http-outgoing-24 << Content-Type: application/json; charset=utf-8
22:35:21.250 [main] DEBUG org.apache.http.headers -- http-outgoing-24 << Content-Length: 139
22:35:21.250 [main] DEBUG org.apache.http.headers -- http-outgoing-24 << ETag: W/"8b-UN9OoXktBJvu1KTOJS2ItQrc6xQ"
22:35:21.250 [main] DEBUG org.apache.http.headers -- http-outgoing-24 << Date: Tue, 17 Jun 2025 15:35:21 GMT
22:35:21.250 [main] DEBUG org.apache.http.headers -- http-outgoing-24 << Connection: keep-alive
22:35:21.250 [main] DEBUG org.apache.http.headers -- http-outgoing-24 << Keep-Alive: timeout=5
22:35:21.251 [main] DEBUG org.apache.http.impl.execchain.MainClientExec -- Connection can be kept alive for 5000 MILLISECONDS
22:35:21.251 [main] DEBUG org.apache.http.impl.conn.PoolingHttpClientConnectionManager -- Connection [id: 24][route: {}->http://localhost:3000] can be kept alive for 5.0 seconds
22:35:21.251 [main] DEBUG org.apache.http.impl.conn.DefaultManagedHttpClientConnection -- http-outgoing-24: set socket timeout to 0
22:35:21.251 [main] DEBUG org.apache.http.impl.conn.PoolingHttpClientConnectionManager -- Connection released: [id: 24][route: {}->http://localhost:3000][total available: 1; route allocated: 1 of 5; total allocated: 1 of 10]
22:35:21.251 [main] DEBUG org.apache.http.impl.conn.PoolingHttpClientConnectionManager -- Connection manager is shutting down
22:35:21.251 [main] DEBUG org.apache.http.impl.conn.DefaultManagedHttpClientConnection -- http-outgoing-24: Close connection
22:35:21.251 [main] DEBUG org.apache.http.impl.conn.PoolingHttpClientConnectionManager -- Connection manager shut down
22:35:21.251 [main] DEBUG com.intuit.karate -- response time in milliseconds: 3
1 < 400
1 < X-Powered-By: Express
1 < Access-Control-Allow-Origin: *
1 < Content-Type: application/json; charset=utf-8
1 < Content-Length: 139
1 < ETag: W/"8b-UN9OoXktBJvu1KTOJS2ItQrc6xQ"
1 < Date: Tue, 17 Jun 2025 15:35:21 GMT
1 < Connection: keep-alive
1 < Keep-Alive: timeout=5
{
  "success": false,
  "statusCode": 400,
  "message": "D? li?u không h?p l?",
  "path": "/auth/register",
  "timestamp": "2025-06-17T15:35:21.250Z"
}


22:35:21.252 [main] DEBUG com.intuit.karate.core.ScenarioEngine -- over-writing existing variable 'responseStatus' with new value: karate.get('responseStatus')
22:35:21.252 [main] DEBUG com.intuit.karate.core.ScenarioEngine -- over-writing existing variable 'response' with new value: karate.get('response')
22:35:21.253 [main] INFO com.intuit.karate -- [print] Register API called with: 
22:35:21.253 [main] INFO com.intuit.karate -- [print] Request: {
  "email": "   ",
  "password": "   ",
  "name": "   ",
  "username": "   ",
  "phoneNumber": "   "
}
 
22:35:21.254 [main] INFO com.intuit.karate -- [print] Response Status: 400 
22:35:21.254 [main] INFO com.intuit.karate -- [print] Response Body: {
  "success": false,
  "statusCode": 400,
  "message": "D? li?u không h?p l?",
  "path": "/auth/register",
  "timestamp": "2025-06-17T15:35:21.250Z"
}
 
22:35:21.255 [main] INFO com.intuit.karate -- ? TEST CASE #25 PASSED 
22:35:21.255 [main] INFO com.intuit.karate -- Actual Status: 400 
22:35:21.255 [main] INFO com.intuit.karate -- Actual Result: {"success":false,"statusCode":400,"message":"D? li?u không h?p l?","path":"/auth/register","timestamp":"2025-06-17T15:35:21.250Z"} 
22:35:21.255 [main] INFO com.intuit.karate -- Test Result: PASS 
22:35:21.255 [main] INFO com.intuit.karate -- ========================================== 
22:35:21.255 [main] INFO com.intuit.karate -- ========================================== 
22:35:21.256 [main] INFO com.intuit.karate -- ?ANG CH?Y TEST CASE #26/30 
22:35:21.256 [main] INFO com.intuit.karate -- Description: TC26: Ki?m tra tr??ng null - Ki?m tra khi g?i giá tr? null cho các tr??ng 
22:35:21.256 [main] INFO com.intuit.karate -- Email: "null" 
22:35:21.256 [main] INFO com.intuit.karate -- Password: "null" 
22:35:21.256 [main] INFO com.intuit.karate -- Name: "null" 
22:35:21.256 [main] INFO com.intuit.karate -- Username: "null" 
22:35:21.256 [main] INFO com.intuit.karate -- PhoneNumber: "null" 
22:35:21.256 [main] INFO com.intuit.karate -- Expected Status: 400 
22:35:21.256 [main] INFO com.intuit.karate -- Expected Result: {"error": "Fields cannot be null"} 
22:35:21.256 [main] INFO com.intuit.karate -- ========================================== 
22:35:21.261 [main] INFO com.intuit.karate -- karate.env system property was: null 
22:35:21.262 [main] DEBUG com.jayway.jsonpath.internal.path.CompiledPath -- Evaluating path: $
22:35:21.263 [main] DEBUG org.apache.http.client.protocol.RequestAddCookies -- CookieSpec selected: karate
22:35:21.263 [main] DEBUG org.apache.http.client.protocol.RequestAuthCache -- Auth cache not set in the context
22:35:21.263 [main] DEBUG com.intuit.karate -- request:
1 > POST http://localhost:3000/auth/register
1 > Content-Type: application/json; charset=UTF-8
1 > Content-Length: 77
1 > Host: localhost:3000
1 > Connection: Keep-Alive
1 > User-Agent: Apache-HttpClient/4.5.14 (Java/17.0.9)
1 > Accept-Encoding: gzip,deflate
{
  "email": null,
  "password": null,
  "name": null,
  "username": null,
  "phoneNumber": null
}


22:35:21.263 [main] DEBUG org.apache.http.impl.conn.PoolingHttpClientConnectionManager -- Connection request: [route: {}->http://localhost:3000][total available: 0; route allocated: 0 of 5; total allocated: 0 of 10]
22:35:21.263 [main] DEBUG org.apache.http.impl.conn.PoolingHttpClientConnectionManager -- Connection leased: [id: 25][route: {}->http://localhost:3000][total available: 0; route allocated: 1 of 5; total allocated: 1 of 10]
22:35:21.263 [main] DEBUG org.apache.http.impl.execchain.MainClientExec -- Opening connection {}->http://localhost:3000
22:35:21.263 [main] DEBUG org.apache.http.impl.conn.DefaultHttpClientConnectionOperator -- Connecting to localhost/127.0.0.1:3000
22:35:21.264 [main] DEBUG org.apache.http.impl.conn.DefaultHttpClientConnectionOperator -- Connection established 127.0.0.1:64261<->127.0.0.1:3000
22:35:21.264 [main] DEBUG org.apache.http.impl.conn.DefaultManagedHttpClientConnection -- http-outgoing-25: set socket timeout to 5000
22:35:21.264 [main] DEBUG org.apache.http.impl.execchain.MainClientExec -- Executing request POST /auth/register HTTP/1.1
22:35:21.264 [main] DEBUG org.apache.http.impl.execchain.MainClientExec -- Target auth state: UNCHALLENGED
22:35:21.264 [main] DEBUG org.apache.http.impl.execchain.MainClientExec -- Proxy auth state: UNCHALLENGED
22:35:21.264 [main] DEBUG org.apache.http.headers -- http-outgoing-25 >> POST /auth/register HTTP/1.1
22:35:21.264 [main] DEBUG org.apache.http.headers -- http-outgoing-25 >> Content-Type: application/json; charset=UTF-8
22:35:21.264 [main] DEBUG org.apache.http.headers -- http-outgoing-25 >> Content-Length: 77
22:35:21.264 [main] DEBUG org.apache.http.headers -- http-outgoing-25 >> Host: localhost:3000
22:35:21.264 [main] DEBUG org.apache.http.headers -- http-outgoing-25 >> Connection: Keep-Alive
22:35:21.264 [main] DEBUG org.apache.http.headers -- http-outgoing-25 >> User-Agent: Apache-HttpClient/4.5.14 (Java/17.0.9)
22:35:21.264 [main] DEBUG org.apache.http.headers -- http-outgoing-25 >> Accept-Encoding: gzip,deflate
22:35:21.264 [main] DEBUG org.apache.http.wire -- http-outgoing-25 >> "POST /auth/register HTTP/1.1[\r][\n]"
22:35:21.264 [main] DEBUG org.apache.http.wire -- http-outgoing-25 >> "Content-Type: application/json; charset=UTF-8[\r][\n]"
22:35:21.264 [main] DEBUG org.apache.http.wire -- http-outgoing-25 >> "Content-Length: 77[\r][\n]"
22:35:21.264 [main] DEBUG org.apache.http.wire -- http-outgoing-25 >> "Host: localhost:3000[\r][\n]"
22:35:21.264 [main] DEBUG org.apache.http.wire -- http-outgoing-25 >> "Connection: Keep-Alive[\r][\n]"
22:35:21.264 [main] DEBUG org.apache.http.wire -- http-outgoing-25 >> "User-Agent: Apache-HttpClient/4.5.14 (Java/17.0.9)[\r][\n]"
22:35:21.264 [main] DEBUG org.apache.http.wire -- http-outgoing-25 >> "Accept-Encoding: gzip,deflate[\r][\n]"
22:35:21.264 [main] DEBUG org.apache.http.wire -- http-outgoing-25 >> "[\r][\n]"
22:35:21.264 [main] DEBUG org.apache.http.wire -- http-outgoing-25 >> "{"email":null,"password":null,"name":null,"username":null,"phoneNumber":null}"
22:35:21.265 [main] DEBUG org.apache.http.wire -- http-outgoing-25 << "HTTP/1.1 400 Bad Request[\r][\n]"
22:35:21.265 [main] DEBUG org.apache.http.wire -- http-outgoing-25 << "X-Powered-By: Express[\r][\n]"
22:35:21.265 [main] DEBUG org.apache.http.wire -- http-outgoing-25 << "Access-Control-Allow-Origin: *[\r][\n]"
22:35:21.265 [main] DEBUG org.apache.http.wire -- http-outgoing-25 << "Content-Type: application/json; charset=utf-8[\r][\n]"
22:35:21.265 [main] DEBUG org.apache.http.wire -- http-outgoing-25 << "Content-Length: 139[\r][\n]"
22:35:21.265 [main] DEBUG org.apache.http.wire -- http-outgoing-25 << "ETag: W/"8b-X4R2b6ubJaAkmhkSdgmuWQr7LPE"[\r][\n]"
22:35:21.265 [main] DEBUG org.apache.http.wire -- http-outgoing-25 << "Date: Tue, 17 Jun 2025 15:35:21 GMT[\r][\n]"
22:35:21.265 [main] DEBUG org.apache.http.wire -- http-outgoing-25 << "Connection: keep-alive[\r][\n]"
22:35:21.265 [main] DEBUG org.apache.http.wire -- http-outgoing-25 << "Keep-Alive: timeout=5[\r][\n]"
22:35:21.265 [main] DEBUG org.apache.http.wire -- http-outgoing-25 << "[\r][\n]"
22:35:21.265 [main] DEBUG org.apache.http.wire -- http-outgoing-25 << "{"success":false,"statusCode":400,"message":"D[0xe1][0xbb][0xaf] li[0xe1][0xbb][0x87]u kh[0xc3][0xb4]ng h[0xe1][0xbb][0xa3]p l[0xe1][0xbb][0x87]","path":"/auth/register","timestamp":"2025-06-17T15:35:21.265Z"}"
22:35:21.265 [main] DEBUG org.apache.http.headers -- http-outgoing-25 << HTTP/1.1 400 Bad Request
22:35:21.265 [main] DEBUG org.apache.http.headers -- http-outgoing-25 << X-Powered-By: Express
22:35:21.265 [main] DEBUG org.apache.http.headers -- http-outgoing-25 << Access-Control-Allow-Origin: *
22:35:21.265 [main] DEBUG org.apache.http.headers -- http-outgoing-25 << Content-Type: application/json; charset=utf-8
22:35:21.265 [main] DEBUG org.apache.http.headers -- http-outgoing-25 << Content-Length: 139
22:35:21.265 [main] DEBUG org.apache.http.headers -- http-outgoing-25 << ETag: W/"8b-X4R2b6ubJaAkmhkSdgmuWQr7LPE"
22:35:21.265 [main] DEBUG org.apache.http.headers -- http-outgoing-25 << Date: Tue, 17 Jun 2025 15:35:21 GMT
22:35:21.265 [main] DEBUG org.apache.http.headers -- http-outgoing-25 << Connection: keep-alive
22:35:21.265 [main] DEBUG org.apache.http.headers -- http-outgoing-25 << Keep-Alive: timeout=5
22:35:21.266 [main] DEBUG org.apache.http.impl.execchain.MainClientExec -- Connection can be kept alive for 5000 MILLISECONDS
22:35:21.266 [main] DEBUG org.apache.http.impl.conn.PoolingHttpClientConnectionManager -- Connection [id: 25][route: {}->http://localhost:3000] can be kept alive for 5.0 seconds
22:35:21.266 [main] DEBUG org.apache.http.impl.conn.DefaultManagedHttpClientConnection -- http-outgoing-25: set socket timeout to 0
22:35:21.266 [main] DEBUG org.apache.http.impl.conn.PoolingHttpClientConnectionManager -- Connection released: [id: 25][route: {}->http://localhost:3000][total available: 1; route allocated: 1 of 5; total allocated: 1 of 10]
22:35:21.266 [main] DEBUG org.apache.http.impl.conn.PoolingHttpClientConnectionManager -- Connection manager is shutting down
22:35:21.266 [main] DEBUG org.apache.http.impl.conn.DefaultManagedHttpClientConnection -- http-outgoing-25: Close connection
22:35:21.266 [main] DEBUG org.apache.http.impl.conn.PoolingHttpClientConnectionManager -- Connection manager shut down
22:35:21.266 [main] DEBUG com.intuit.karate -- response time in milliseconds: 3
1 < 400
1 < X-Powered-By: Express
1 < Access-Control-Allow-Origin: *
1 < Content-Type: application/json; charset=utf-8
1 < Content-Length: 139
1 < ETag: W/"8b-X4R2b6ubJaAkmhkSdgmuWQr7LPE"
1 < Date: Tue, 17 Jun 2025 15:35:21 GMT
1 < Connection: keep-alive
1 < Keep-Alive: timeout=5
{
  "success": false,
  "statusCode": 400,
  "message": "D? li?u không h?p l?",
  "path": "/auth/register",
  "timestamp": "2025-06-17T15:35:21.265Z"
}


22:35:21.267 [main] DEBUG com.intuit.karate.core.ScenarioEngine -- over-writing existing variable 'responseStatus' with new value: karate.get('responseStatus')
22:35:21.267 [main] DEBUG com.intuit.karate.core.ScenarioEngine -- over-writing existing variable 'response' with new value: karate.get('response')
22:35:21.267 [main] INFO com.intuit.karate -- [print] Register API called with: 
22:35:21.267 [main] INFO com.intuit.karate -- [print] Request: {
  "email": null,
  "password": null,
  "name": null,
  "username": null,
  "phoneNumber": null
}
 
22:35:21.267 [main] INFO com.intuit.karate -- [print] Response Status: 400 
22:35:21.267 [main] INFO com.intuit.karate -- [print] Response Body: {
  "success": false,
  "statusCode": 400,
  "message": "D? li?u không h?p l?",
  "path": "/auth/register",
  "timestamp": "2025-06-17T15:35:21.265Z"
}
 
22:35:21.268 [main] INFO com.intuit.karate -- ? TEST CASE #26 PASSED 
22:35:21.268 [main] INFO com.intuit.karate -- Actual Status: 400 
22:35:21.268 [main] INFO com.intuit.karate -- Actual Result: {"success":false,"statusCode":400,"message":"D? li?u không h?p l?","path":"/auth/register","timestamp":"2025-06-17T15:35:21.265Z"} 
22:35:21.268 [main] INFO com.intuit.karate -- Test Result: PASS 
22:35:21.268 [main] INFO com.intuit.karate -- ========================================== 
22:35:21.268 [main] INFO com.intuit.karate -- ========================================== 
22:35:21.268 [main] INFO com.intuit.karate -- ?ANG CH?Y TEST CASE #27/30 
22:35:21.268 [main] INFO com.intuit.karate -- Description: TC27: S? ?i?n tho?i h?p l? - 10 ch? s? b?t ??u b?ng 0 
22:35:21.268 [main] INFO com.intuit.karate -- Email: "test27@example.com" 
22:35:21.268 [main] INFO com.intuit.karate -- Password: "Password123" 
22:35:21.269 [main] INFO com.intuit.karate -- Name: "John Doe" 
22:35:21.269 [main] INFO com.intuit.karate -- Username: "johndoe27" 
22:35:21.269 [main] INFO com.intuit.karate -- PhoneNumber: "0123456789" 
22:35:21.269 [main] INFO com.intuit.karate -- Expected Status: 201 
22:35:21.269 [main] INFO com.intuit.karate -- Expected Result: {"message": "User registered successfully"} 
22:35:21.269 [main] INFO com.intuit.karate -- ========================================== 
22:35:21.273 [main] INFO com.intuit.karate -- karate.env system property was: null 
22:35:21.275 [main] DEBUG com.jayway.jsonpath.internal.path.CompiledPath -- Evaluating path: $
22:35:21.276 [main] DEBUG org.apache.http.client.protocol.RequestAddCookies -- CookieSpec selected: karate
22:35:21.276 [main] DEBUG org.apache.http.client.protocol.RequestAuthCache -- Auth cache not set in the context
22:35:21.276 [main] DEBUG com.intuit.karate -- request:
1 > POST http://localhost:3000/auth/register
1 > Content-Type: application/json; charset=UTF-8
1 > Content-Length: 123
1 > Host: localhost:3000
1 > Connection: Keep-Alive
1 > User-Agent: Apache-HttpClient/4.5.14 (Java/17.0.9)
1 > Accept-Encoding: gzip,deflate
{
  "email": "test27@example.com",
  "password": "Password123",
  "name": "John Doe",
  "username": "johndoe27",
  "phoneNumber": "0123456789"
}


22:35:21.276 [main] DEBUG org.apache.http.impl.conn.PoolingHttpClientConnectionManager -- Connection request: [route: {}->http://localhost:3000][total available: 0; route allocated: 0 of 5; total allocated: 0 of 10]
22:35:21.276 [main] DEBUG org.apache.http.impl.conn.PoolingHttpClientConnectionManager -- Connection leased: [id: 26][route: {}->http://localhost:3000][total available: 0; route allocated: 1 of 5; total allocated: 1 of 10]
22:35:21.276 [main] DEBUG org.apache.http.impl.execchain.MainClientExec -- Opening connection {}->http://localhost:3000
22:35:21.276 [main] DEBUG org.apache.http.impl.conn.DefaultHttpClientConnectionOperator -- Connecting to localhost/127.0.0.1:3000
22:35:21.277 [main] DEBUG org.apache.http.impl.conn.DefaultHttpClientConnectionOperator -- Connection established 127.0.0.1:64262<->127.0.0.1:3000
22:35:21.277 [main] DEBUG org.apache.http.impl.conn.DefaultManagedHttpClientConnection -- http-outgoing-26: set socket timeout to 5000
22:35:21.277 [main] DEBUG org.apache.http.impl.execchain.MainClientExec -- Executing request POST /auth/register HTTP/1.1
22:35:21.277 [main] DEBUG org.apache.http.impl.execchain.MainClientExec -- Target auth state: UNCHALLENGED
22:35:21.277 [main] DEBUG org.apache.http.impl.execchain.MainClientExec -- Proxy auth state: UNCHALLENGED
22:35:21.277 [main] DEBUG org.apache.http.headers -- http-outgoing-26 >> POST /auth/register HTTP/1.1
22:35:21.277 [main] DEBUG org.apache.http.headers -- http-outgoing-26 >> Content-Type: application/json; charset=UTF-8
22:35:21.277 [main] DEBUG org.apache.http.headers -- http-outgoing-26 >> Content-Length: 123
22:35:21.277 [main] DEBUG org.apache.http.headers -- http-outgoing-26 >> Host: localhost:3000
22:35:21.277 [main] DEBUG org.apache.http.headers -- http-outgoing-26 >> Connection: Keep-Alive
22:35:21.277 [main] DEBUG org.apache.http.headers -- http-outgoing-26 >> User-Agent: Apache-HttpClient/4.5.14 (Java/17.0.9)
22:35:21.277 [main] DEBUG org.apache.http.headers -- http-outgoing-26 >> Accept-Encoding: gzip,deflate
22:35:21.277 [main] DEBUG org.apache.http.wire -- http-outgoing-26 >> "POST /auth/register HTTP/1.1[\r][\n]"
22:35:21.277 [main] DEBUG org.apache.http.wire -- http-outgoing-26 >> "Content-Type: application/json; charset=UTF-8[\r][\n]"
22:35:21.277 [main] DEBUG org.apache.http.wire -- http-outgoing-26 >> "Content-Length: 123[\r][\n]"
22:35:21.277 [main] DEBUG org.apache.http.wire -- http-outgoing-26 >> "Host: localhost:3000[\r][\n]"
22:35:21.277 [main] DEBUG org.apache.http.wire -- http-outgoing-26 >> "Connection: Keep-Alive[\r][\n]"
22:35:21.277 [main] DEBUG org.apache.http.wire -- http-outgoing-26 >> "User-Agent: Apache-HttpClient/4.5.14 (Java/17.0.9)[\r][\n]"
22:35:21.277 [main] DEBUG org.apache.http.wire -- http-outgoing-26 >> "Accept-Encoding: gzip,deflate[\r][\n]"
22:35:21.277 [main] DEBUG org.apache.http.wire -- http-outgoing-26 >> "[\r][\n]"
22:35:21.277 [main] DEBUG org.apache.http.wire -- http-outgoing-26 >> "{"email":"test27@example.com","password":"Password123","name":"John Doe","username":"johndoe27","phoneNumber":"0123456789"}"
22:35:21.306 [main] DEBUG org.apache.http.wire -- http-outgoing-26 << "HTTP/1.1 409 Conflict[\r][\n]"
22:35:21.306 [main] DEBUG org.apache.http.wire -- http-outgoing-26 << "X-Powered-By: Express[\r][\n]"
22:35:21.306 [main] DEBUG org.apache.http.wire -- http-outgoing-26 << "Access-Control-Allow-Origin: *[\r][\n]"
22:35:21.306 [main] DEBUG org.apache.http.wire -- http-outgoing-26 << "Content-Type: application/json; charset=utf-8[\r][\n]"
22:35:21.306 [main] DEBUG org.apache.http.wire -- http-outgoing-26 << "Content-Length: 158[\r][\n]"
22:35:21.306 [main] DEBUG org.apache.http.wire -- http-outgoing-26 << "ETag: W/"9e-9t5u5fm/gJlR1I6HkC5W/rhfsB0"[\r][\n]"
22:35:21.306 [main] DEBUG org.apache.http.wire -- http-outgoing-26 << "Date: Tue, 17 Jun 2025 15:35:21 GMT[\r][\n]"
22:35:21.306 [main] DEBUG org.apache.http.wire -- http-outgoing-26 << "Connection: keep-alive[\r][\n]"
22:35:21.306 [main] DEBUG org.apache.http.wire -- http-outgoing-26 << "Keep-Alive: timeout=5[\r][\n]"
22:35:21.306 [main] DEBUG org.apache.http.wire -- http-outgoing-26 << "[\r][\n]"
22:35:21.306 [main] DEBUG org.apache.http.wire -- http-outgoing-26 << "{"success":false,"statusCode":409,"message":"Email ho[0xe1][0xba][0xb7]c t[0xc3][0xaa]n [0xc4][0x91][0xc4][0x83]ng nh[0xe1][0xba][0xad]p [0xc4][0x91][0xc3][0xa3] t[0xe1][0xbb][0x93]n t[0xe1][0xba][0xa1]i","path":"/auth/register","timestamp":"2025-06-17T15:35:21.305Z"}"
22:35:21.306 [main] DEBUG org.apache.http.headers -- http-outgoing-26 << HTTP/1.1 409 Conflict
22:35:21.306 [main] DEBUG org.apache.http.headers -- http-outgoing-26 << X-Powered-By: Express
22:35:21.306 [main] DEBUG org.apache.http.headers -- http-outgoing-26 << Access-Control-Allow-Origin: *
22:35:21.306 [main] DEBUG org.apache.http.headers -- http-outgoing-26 << Content-Type: application/json; charset=utf-8
22:35:21.306 [main] DEBUG org.apache.http.headers -- http-outgoing-26 << Content-Length: 158
22:35:21.306 [main] DEBUG org.apache.http.headers -- http-outgoing-26 << ETag: W/"9e-9t5u5fm/gJlR1I6HkC5W/rhfsB0"
22:35:21.306 [main] DEBUG org.apache.http.headers -- http-outgoing-26 << Date: Tue, 17 Jun 2025 15:35:21 GMT
22:35:21.306 [main] DEBUG org.apache.http.headers -- http-outgoing-26 << Connection: keep-alive
22:35:21.306 [main] DEBUG org.apache.http.headers -- http-outgoing-26 << Keep-Alive: timeout=5
22:35:21.306 [main] DEBUG org.apache.http.impl.execchain.MainClientExec -- Connection can be kept alive for 5000 MILLISECONDS
22:35:21.306 [main] DEBUG org.apache.http.impl.conn.PoolingHttpClientConnectionManager -- Connection [id: 26][route: {}->http://localhost:3000] can be kept alive for 5.0 seconds
22:35:21.306 [main] DEBUG org.apache.http.impl.conn.DefaultManagedHttpClientConnection -- http-outgoing-26: set socket timeout to 0
22:35:21.306 [main] DEBUG org.apache.http.impl.conn.PoolingHttpClientConnectionManager -- Connection released: [id: 26][route: {}->http://localhost:3000][total available: 1; route allocated: 1 of 5; total allocated: 1 of 10]
22:35:21.306 [main] DEBUG org.apache.http.impl.conn.PoolingHttpClientConnectionManager -- Connection manager is shutting down
22:35:21.306 [main] DEBUG org.apache.http.impl.conn.DefaultManagedHttpClientConnection -- http-outgoing-26: Close connection
22:35:21.306 [main] DEBUG org.apache.http.impl.conn.PoolingHttpClientConnectionManager -- Connection manager shut down
22:35:21.307 [main] DEBUG com.intuit.karate -- response time in milliseconds: 30
1 < 409
1 < X-Powered-By: Express
1 < Access-Control-Allow-Origin: *
1 < Content-Type: application/json; charset=utf-8
1 < Content-Length: 158
1 < ETag: W/"9e-9t5u5fm/gJlR1I6HkC5W/rhfsB0"
1 < Date: Tue, 17 Jun 2025 15:35:21 GMT
1 < Connection: keep-alive
1 < Keep-Alive: timeout=5
{
  "success": false,
  "statusCode": 409,
  "message": "Email ho?c tên ??ng nh?p ?ã t?n t?i",
  "path": "/auth/register",
  "timestamp": "2025-06-17T15:35:21.305Z"
}


22:35:21.307 [main] DEBUG com.intuit.karate.core.ScenarioEngine -- over-writing existing variable 'responseStatus' with new value: karate.get('responseStatus')
22:35:21.308 [main] DEBUG com.intuit.karate.core.ScenarioEngine -- over-writing existing variable 'response' with new value: karate.get('response')
22:35:21.308 [main] INFO com.intuit.karate -- [print] Register API called with: 
22:35:21.308 [main] INFO com.intuit.karate -- [print] Request: {
  "email": "test27@example.com",
  "password": "Password123",
  "name": "John Doe",
  "username": "johndoe27",
  "phoneNumber": "0123456789"
}
 
22:35:21.308 [main] INFO com.intuit.karate -- [print] Response Status: 409 
22:35:21.309 [main] INFO com.intuit.karate -- [print] Response Body: {
  "success": false,
  "statusCode": 409,
  "message": "Email ho?c tên ??ng nh?p ?ã t?n t?i",
  "path": "/auth/register",
  "timestamp": "2025-06-17T15:35:21.305Z"
}
 
22:35:21.309 [main] INFO com.intuit.karate -- ? TEST CASE #27 FAILED 
22:35:21.309 [main] INFO com.intuit.karate --   Expected Status: 201 
22:35:21.309 [main] INFO com.intuit.karate --   Actual Status: 409 
22:35:21.310 [main] INFO com.intuit.karate -- Actual Status: 409 
22:35:21.310 [main] INFO com.intuit.karate -- Actual Result: {"success":false,"statusCode":409,"message":"Email ho?c tên ??ng nh?p ?ã t?n t?i","path":"/auth/register","timestamp":"2025-06-17T15:35:21.305Z"} 
22:35:21.310 [main] INFO com.intuit.karate -- Test Result: FAIL 
22:35:21.310 [main] INFO com.intuit.karate -- ========================================== 
22:35:21.310 [main] INFO com.intuit.karate -- ========================================== 
22:35:21.310 [main] INFO com.intuit.karate -- ?ANG CH?Y TEST CASE #28/30 
22:35:21.310 [main] INFO com.intuit.karate -- Description: TC28: S? ?i?n tho?i h?p l? - 11 ch? s? không b?t ??u b?ng 0 
22:35:21.310 [main] INFO com.intuit.karate -- Email: "test28@example.com" 
22:35:21.310 [main] INFO com.intuit.karate -- Password: "Password123" 
22:35:21.310 [main] INFO com.intuit.karate -- Name: "John Doe" 
22:35:21.310 [main] INFO com.intuit.karate -- Username: "johndoe28" 
22:35:21.310 [main] INFO com.intuit.karate -- PhoneNumber: "84987654321" 
22:35:21.311 [main] INFO com.intuit.karate -- Expected Status: 201 
22:35:21.311 [main] INFO com.intuit.karate -- Expected Result: {"message": "User registered successfully"} 
22:35:21.311 [main] INFO com.intuit.karate -- ========================================== 
22:35:21.319 [main] INFO com.intuit.karate -- karate.env system property was: null 
22:35:21.319 [main] DEBUG com.jayway.jsonpath.internal.path.CompiledPath -- Evaluating path: $
22:35:21.320 [main] DEBUG org.apache.http.client.protocol.RequestAddCookies -- CookieSpec selected: karate
22:35:21.320 [main] DEBUG org.apache.http.client.protocol.RequestAuthCache -- Auth cache not set in the context
22:35:21.320 [main] DEBUG com.intuit.karate -- request:
1 > POST http://localhost:3000/auth/register
1 > Content-Type: application/json; charset=UTF-8
1 > Content-Length: 124
1 > Host: localhost:3000
1 > Connection: Keep-Alive
1 > User-Agent: Apache-HttpClient/4.5.14 (Java/17.0.9)
1 > Accept-Encoding: gzip,deflate
{
  "email": "test28@example.com",
  "password": "Password123",
  "name": "John Doe",
  "username": "johndoe28",
  "phoneNumber": "84987654321"
}


22:35:21.320 [main] DEBUG org.apache.http.impl.conn.PoolingHttpClientConnectionManager -- Connection request: [route: {}->http://localhost:3000][total available: 0; route allocated: 0 of 5; total allocated: 0 of 10]
22:35:21.320 [main] DEBUG org.apache.http.impl.conn.PoolingHttpClientConnectionManager -- Connection leased: [id: 27][route: {}->http://localhost:3000][total available: 0; route allocated: 1 of 5; total allocated: 1 of 10]
22:35:21.320 [main] DEBUG org.apache.http.impl.execchain.MainClientExec -- Opening connection {}->http://localhost:3000
22:35:21.321 [main] DEBUG org.apache.http.impl.conn.DefaultHttpClientConnectionOperator -- Connecting to localhost/127.0.0.1:3000
22:35:21.321 [main] DEBUG org.apache.http.impl.conn.DefaultHttpClientConnectionOperator -- Connection established 127.0.0.1:64263<->127.0.0.1:3000
22:35:21.321 [main] DEBUG org.apache.http.impl.conn.DefaultManagedHttpClientConnection -- http-outgoing-27: set socket timeout to 5000
22:35:21.321 [main] DEBUG org.apache.http.impl.execchain.MainClientExec -- Executing request POST /auth/register HTTP/1.1
22:35:21.321 [main] DEBUG org.apache.http.impl.execchain.MainClientExec -- Target auth state: UNCHALLENGED
22:35:21.321 [main] DEBUG org.apache.http.impl.execchain.MainClientExec -- Proxy auth state: UNCHALLENGED
22:35:21.321 [main] DEBUG org.apache.http.headers -- http-outgoing-27 >> POST /auth/register HTTP/1.1
22:35:21.321 [main] DEBUG org.apache.http.headers -- http-outgoing-27 >> Content-Type: application/json; charset=UTF-8
22:35:21.321 [main] DEBUG org.apache.http.headers -- http-outgoing-27 >> Content-Length: 124
22:35:21.321 [main] DEBUG org.apache.http.headers -- http-outgoing-27 >> Host: localhost:3000
22:35:21.321 [main] DEBUG org.apache.http.headers -- http-outgoing-27 >> Connection: Keep-Alive
22:35:21.321 [main] DEBUG org.apache.http.headers -- http-outgoing-27 >> User-Agent: Apache-HttpClient/4.5.14 (Java/17.0.9)
22:35:21.321 [main] DEBUG org.apache.http.headers -- http-outgoing-27 >> Accept-Encoding: gzip,deflate
22:35:21.321 [main] DEBUG org.apache.http.wire -- http-outgoing-27 >> "POST /auth/register HTTP/1.1[\r][\n]"
22:35:21.321 [main] DEBUG org.apache.http.wire -- http-outgoing-27 >> "Content-Type: application/json; charset=UTF-8[\r][\n]"
22:35:21.321 [main] DEBUG org.apache.http.wire -- http-outgoing-27 >> "Content-Length: 124[\r][\n]"
22:35:21.321 [main] DEBUG org.apache.http.wire -- http-outgoing-27 >> "Host: localhost:3000[\r][\n]"
22:35:21.321 [main] DEBUG org.apache.http.wire -- http-outgoing-27 >> "Connection: Keep-Alive[\r][\n]"
22:35:21.321 [main] DEBUG org.apache.http.wire -- http-outgoing-27 >> "User-Agent: Apache-HttpClient/4.5.14 (Java/17.0.9)[\r][\n]"
22:35:21.321 [main] DEBUG org.apache.http.wire -- http-outgoing-27 >> "Accept-Encoding: gzip,deflate[\r][\n]"
22:35:21.321 [main] DEBUG org.apache.http.wire -- http-outgoing-27 >> "[\r][\n]"
22:35:21.321 [main] DEBUG org.apache.http.wire -- http-outgoing-27 >> "{"email":"test28@example.com","password":"Password123","name":"John Doe","username":"johndoe28","phoneNumber":"84987654321"}"
22:35:21.353 [main] DEBUG org.apache.http.wire -- http-outgoing-27 << "HTTP/1.1 409 Conflict[\r][\n]"
22:35:21.353 [main] DEBUG org.apache.http.wire -- http-outgoing-27 << "X-Powered-By: Express[\r][\n]"
22:35:21.353 [main] DEBUG org.apache.http.wire -- http-outgoing-27 << "Access-Control-Allow-Origin: *[\r][\n]"
22:35:21.353 [main] DEBUG org.apache.http.wire -- http-outgoing-27 << "Content-Type: application/json; charset=utf-8[\r][\n]"
22:35:21.353 [main] DEBUG org.apache.http.wire -- http-outgoing-27 << "Content-Length: 158[\r][\n]"
22:35:21.353 [main] DEBUG org.apache.http.wire -- http-outgoing-27 << "ETag: W/"9e-aGjY8SMPkcXWiTz9agoBqCJmk70"[\r][\n]"
22:35:21.353 [main] DEBUG org.apache.http.wire -- http-outgoing-27 << "Date: Tue, 17 Jun 2025 15:35:21 GMT[\r][\n]"
22:35:21.353 [main] DEBUG org.apache.http.wire -- http-outgoing-27 << "Connection: keep-alive[\r][\n]"
22:35:21.353 [main] DEBUG org.apache.http.wire -- http-outgoing-27 << "Keep-Alive: timeout=5[\r][\n]"
22:35:21.353 [main] DEBUG org.apache.http.wire -- http-outgoing-27 << "[\r][\n]"
22:35:21.353 [main] DEBUG org.apache.http.wire -- http-outgoing-27 << "{"success":false,"statusCode":409,"message":"Email ho[0xe1][0xba][0xb7]c t[0xc3][0xaa]n [0xc4][0x91][0xc4][0x83]ng nh[0xe1][0xba][0xad]p [0xc4][0x91][0xc3][0xa3] t[0xe1][0xbb][0x93]n t[0xe1][0xba][0xa1]i","path":"/auth/register","timestamp":"2025-06-17T15:35:21.352Z"}"
22:35:21.353 [main] DEBUG org.apache.http.headers -- http-outgoing-27 << HTTP/1.1 409 Conflict
22:35:21.353 [main] DEBUG org.apache.http.headers -- http-outgoing-27 << X-Powered-By: Express
22:35:21.353 [main] DEBUG org.apache.http.headers -- http-outgoing-27 << Access-Control-Allow-Origin: *
22:35:21.353 [main] DEBUG org.apache.http.headers -- http-outgoing-27 << Content-Type: application/json; charset=utf-8
22:35:21.353 [main] DEBUG org.apache.http.headers -- http-outgoing-27 << Content-Length: 158
22:35:21.353 [main] DEBUG org.apache.http.headers -- http-outgoing-27 << ETag: W/"9e-aGjY8SMPkcXWiTz9agoBqCJmk70"
22:35:21.353 [main] DEBUG org.apache.http.headers -- http-outgoing-27 << Date: Tue, 17 Jun 2025 15:35:21 GMT
22:35:21.353 [main] DEBUG org.apache.http.headers -- http-outgoing-27 << Connection: keep-alive
22:35:21.353 [main] DEBUG org.apache.http.headers -- http-outgoing-27 << Keep-Alive: timeout=5
22:35:21.353 [main] DEBUG org.apache.http.impl.execchain.MainClientExec -- Connection can be kept alive for 5000 MILLISECONDS
22:35:21.353 [main] DEBUG org.apache.http.impl.conn.PoolingHttpClientConnectionManager -- Connection [id: 27][route: {}->http://localhost:3000] can be kept alive for 5.0 seconds
22:35:21.353 [main] DEBUG org.apache.http.impl.conn.DefaultManagedHttpClientConnection -- http-outgoing-27: set socket timeout to 0
22:35:21.353 [main] DEBUG org.apache.http.impl.conn.PoolingHttpClientConnectionManager -- Connection released: [id: 27][route: {}->http://localhost:3000][total available: 1; route allocated: 1 of 5; total allocated: 1 of 10]
22:35:21.353 [main] DEBUG org.apache.http.impl.conn.PoolingHttpClientConnectionManager -- Connection manager is shutting down
22:35:21.353 [main] DEBUG org.apache.http.impl.conn.DefaultManagedHttpClientConnection -- http-outgoing-27: Close connection
22:35:21.355 [main] DEBUG org.apache.http.impl.conn.PoolingHttpClientConnectionManager -- Connection manager shut down
22:35:21.355 [main] DEBUG com.intuit.karate -- response time in milliseconds: 33
1 < 409
1 < X-Powered-By: Express
1 < Access-Control-Allow-Origin: *
1 < Content-Type: application/json; charset=utf-8
1 < Content-Length: 158
1 < ETag: W/"9e-aGjY8SMPkcXWiTz9agoBqCJmk70"
1 < Date: Tue, 17 Jun 2025 15:35:21 GMT
1 < Connection: keep-alive
1 < Keep-Alive: timeout=5
{
  "success": false,
  "statusCode": 409,
  "message": "Email ho?c tên ??ng nh?p ?ã t?n t?i",
  "path": "/auth/register",
  "timestamp": "2025-06-17T15:35:21.352Z"
}


22:35:21.355 [main] DEBUG com.intuit.karate.core.ScenarioEngine -- over-writing existing variable 'responseStatus' with new value: karate.get('responseStatus')
22:35:21.356 [main] DEBUG com.intuit.karate.core.ScenarioEngine -- over-writing existing variable 'response' with new value: karate.get('response')
22:35:21.356 [main] INFO com.intuit.karate -- [print] Register API called with: 
22:35:21.356 [main] INFO com.intuit.karate -- [print] Request: {
  "email": "test28@example.com",
  "password": "Password123",
  "name": "John Doe",
  "username": "johndoe28",
  "phoneNumber": "84987654321"
}
 
22:35:21.357 [main] INFO com.intuit.karate -- [print] Response Status: 409 
22:35:21.357 [main] INFO com.intuit.karate -- [print] Response Body: {
  "success": false,
  "statusCode": 409,
  "message": "Email ho?c tên ??ng nh?p ?ã t?n t?i",
  "path": "/auth/register",
  "timestamp": "2025-06-17T15:35:21.352Z"
}
 
22:35:21.357 [main] INFO com.intuit.karate -- ? TEST CASE #28 FAILED 
22:35:21.357 [main] INFO com.intuit.karate --   Expected Status: 201 
22:35:21.357 [main] INFO com.intuit.karate --   Actual Status: 409 
22:35:21.357 [main] INFO com.intuit.karate -- Actual Status: 409 
22:35:21.357 [main] INFO com.intuit.karate -- Actual Result: {"success":false,"statusCode":409,"message":"Email ho?c tên ??ng nh?p ?ã t?n t?i","path":"/auth/register","timestamp":"2025-06-17T15:35:21.352Z"} 
22:35:21.357 [main] INFO com.intuit.karate -- Test Result: FAIL 
22:35:21.357 [main] INFO com.intuit.karate -- ========================================== 
22:35:21.357 [main] INFO com.intuit.karate -- ========================================== 
22:35:21.358 [main] INFO com.intuit.karate -- ?ANG CH?Y TEST CASE #29/30 
22:35:21.358 [main] INFO com.intuit.karate -- Description: TC29: S? ?i?n tho?i ??c bi?t - 10 ch? s? 0 
22:35:21.358 [main] INFO com.intuit.karate -- Email: "test29@example.com" 
22:35:21.358 [main] INFO com.intuit.karate -- Password: "Password123" 
22:35:21.358 [main] INFO com.intuit.karate -- Name: "John Doe" 
22:35:21.358 [main] INFO com.intuit.karate -- Username: "johndoe29" 
22:35:21.358 [main] INFO com.intuit.karate -- PhoneNumber: "0000000000" 
22:35:21.358 [main] INFO com.intuit.karate -- Expected Status: 201 
22:35:21.358 [main] INFO com.intuit.karate -- Expected Result: {"message": "User registered successfully"} 
22:35:21.358 [main] INFO com.intuit.karate -- ========================================== 
22:35:21.363 [main] INFO com.intuit.karate -- karate.env system property was: null 
22:35:21.364 [main] DEBUG com.jayway.jsonpath.internal.path.CompiledPath -- Evaluating path: $
22:35:21.365 [main] DEBUG org.apache.http.client.protocol.RequestAddCookies -- CookieSpec selected: karate
22:35:21.365 [main] DEBUG org.apache.http.client.protocol.RequestAuthCache -- Auth cache not set in the context
22:35:21.366 [main] DEBUG com.intuit.karate -- request:
1 > POST http://localhost:3000/auth/register
1 > Content-Type: application/json; charset=UTF-8
1 > Content-Length: 123
1 > Host: localhost:3000
1 > Connection: Keep-Alive
1 > User-Agent: Apache-HttpClient/4.5.14 (Java/17.0.9)
1 > Accept-Encoding: gzip,deflate
{
  "email": "test29@example.com",
  "password": "Password123",
  "name": "John Doe",
  "username": "johndoe29",
  "phoneNumber": "0000000000"
}


22:35:21.366 [main] DEBUG org.apache.http.impl.conn.PoolingHttpClientConnectionManager -- Connection request: [route: {}->http://localhost:3000][total available: 0; route allocated: 0 of 5; total allocated: 0 of 10]
22:35:21.366 [main] DEBUG org.apache.http.impl.conn.PoolingHttpClientConnectionManager -- Connection leased: [id: 28][route: {}->http://localhost:3000][total available: 0; route allocated: 1 of 5; total allocated: 1 of 10]
22:35:21.366 [main] DEBUG org.apache.http.impl.execchain.MainClientExec -- Opening connection {}->http://localhost:3000
22:35:21.366 [main] DEBUG org.apache.http.impl.conn.DefaultHttpClientConnectionOperator -- Connecting to localhost/127.0.0.1:3000
22:35:21.366 [main] DEBUG org.apache.http.impl.conn.DefaultHttpClientConnectionOperator -- Connection established 127.0.0.1:64264<->127.0.0.1:3000
22:35:21.366 [main] DEBUG org.apache.http.impl.conn.DefaultManagedHttpClientConnection -- http-outgoing-28: set socket timeout to 5000
22:35:21.366 [main] DEBUG org.apache.http.impl.execchain.MainClientExec -- Executing request POST /auth/register HTTP/1.1
22:35:21.366 [main] DEBUG org.apache.http.impl.execchain.MainClientExec -- Target auth state: UNCHALLENGED
22:35:21.366 [main] DEBUG org.apache.http.impl.execchain.MainClientExec -- Proxy auth state: UNCHALLENGED
22:35:21.366 [main] DEBUG org.apache.http.headers -- http-outgoing-28 >> POST /auth/register HTTP/1.1
22:35:21.366 [main] DEBUG org.apache.http.headers -- http-outgoing-28 >> Content-Type: application/json; charset=UTF-8
22:35:21.366 [main] DEBUG org.apache.http.headers -- http-outgoing-28 >> Content-Length: 123
22:35:21.366 [main] DEBUG org.apache.http.headers -- http-outgoing-28 >> Host: localhost:3000
22:35:21.366 [main] DEBUG org.apache.http.headers -- http-outgoing-28 >> Connection: Keep-Alive
22:35:21.366 [main] DEBUG org.apache.http.headers -- http-outgoing-28 >> User-Agent: Apache-HttpClient/4.5.14 (Java/17.0.9)
22:35:21.366 [main] DEBUG org.apache.http.headers -- http-outgoing-28 >> Accept-Encoding: gzip,deflate
22:35:21.366 [main] DEBUG org.apache.http.wire -- http-outgoing-28 >> "POST /auth/register HTTP/1.1[\r][\n]"
22:35:21.366 [main] DEBUG org.apache.http.wire -- http-outgoing-28 >> "Content-Type: application/json; charset=UTF-8[\r][\n]"
22:35:21.366 [main] DEBUG org.apache.http.wire -- http-outgoing-28 >> "Content-Length: 123[\r][\n]"
22:35:21.366 [main] DEBUG org.apache.http.wire -- http-outgoing-28 >> "Host: localhost:3000[\r][\n]"
22:35:21.366 [main] DEBUG org.apache.http.wire -- http-outgoing-28 >> "Connection: Keep-Alive[\r][\n]"
22:35:21.366 [main] DEBUG org.apache.http.wire -- http-outgoing-28 >> "User-Agent: Apache-HttpClient/4.5.14 (Java/17.0.9)[\r][\n]"
22:35:21.366 [main] DEBUG org.apache.http.wire -- http-outgoing-28 >> "Accept-Encoding: gzip,deflate[\r][\n]"
22:35:21.366 [main] DEBUG org.apache.http.wire -- http-outgoing-28 >> "[\r][\n]"
22:35:21.367 [main] DEBUG org.apache.http.wire -- http-outgoing-28 >> "{"email":"test29@example.com","password":"Password123","name":"John Doe","username":"johndoe29","phoneNumber":"0000000000"}"
22:35:21.396 [main] DEBUG org.apache.http.wire -- http-outgoing-28 << "HTTP/1.1 409 Conflict[\r][\n]"
22:35:21.396 [main] DEBUG org.apache.http.wire -- http-outgoing-28 << "X-Powered-By: Express[\r][\n]"
22:35:21.396 [main] DEBUG org.apache.http.wire -- http-outgoing-28 << "Access-Control-Allow-Origin: *[\r][\n]"
22:35:21.396 [main] DEBUG org.apache.http.wire -- http-outgoing-28 << "Content-Type: application/json; charset=utf-8[\r][\n]"
22:35:21.396 [main] DEBUG org.apache.http.wire -- http-outgoing-28 << "Content-Length: 158[\r][\n]"
22:35:21.396 [main] DEBUG org.apache.http.wire -- http-outgoing-28 << "ETag: W/"9e-C6M9ODSiKp2PGWHgXwjDSOrba7g"[\r][\n]"
22:35:21.396 [main] DEBUG org.apache.http.wire -- http-outgoing-28 << "Date: Tue, 17 Jun 2025 15:35:21 GMT[\r][\n]"
22:35:21.396 [main] DEBUG org.apache.http.wire -- http-outgoing-28 << "Connection: keep-alive[\r][\n]"
22:35:21.396 [main] DEBUG org.apache.http.wire -- http-outgoing-28 << "Keep-Alive: timeout=5[\r][\n]"
22:35:21.396 [main] DEBUG org.apache.http.wire -- http-outgoing-28 << "[\r][\n]"
22:35:21.396 [main] DEBUG org.apache.http.wire -- http-outgoing-28 << "{"success":false,"statusCode":409,"message":"Email ho[0xe1][0xba][0xb7]c t[0xc3][0xaa]n [0xc4][0x91][0xc4][0x83]ng nh[0xe1][0xba][0xad]p [0xc4][0x91][0xc3][0xa3] t[0xe1][0xbb][0x93]n t[0xe1][0xba][0xa1]i","path":"/auth/register","timestamp":"2025-06-17T15:35:21.396Z"}"
22:35:21.396 [main] DEBUG org.apache.http.headers -- http-outgoing-28 << HTTP/1.1 409 Conflict
22:35:21.396 [main] DEBUG org.apache.http.headers -- http-outgoing-28 << X-Powered-By: Express
22:35:21.396 [main] DEBUG org.apache.http.headers -- http-outgoing-28 << Access-Control-Allow-Origin: *
22:35:21.396 [main] DEBUG org.apache.http.headers -- http-outgoing-28 << Content-Type: application/json; charset=utf-8
22:35:21.396 [main] DEBUG org.apache.http.headers -- http-outgoing-28 << Content-Length: 158
22:35:21.396 [main] DEBUG org.apache.http.headers -- http-outgoing-28 << ETag: W/"9e-C6M9ODSiKp2PGWHgXwjDSOrba7g"
22:35:21.396 [main] DEBUG org.apache.http.headers -- http-outgoing-28 << Date: Tue, 17 Jun 2025 15:35:21 GMT
22:35:21.396 [main] DEBUG org.apache.http.headers -- http-outgoing-28 << Connection: keep-alive
22:35:21.396 [main] DEBUG org.apache.http.headers -- http-outgoing-28 << Keep-Alive: timeout=5
22:35:21.396 [main] DEBUG org.apache.http.impl.execchain.MainClientExec -- Connection can be kept alive for 5000 MILLISECONDS
22:35:21.396 [main] DEBUG org.apache.http.impl.conn.PoolingHttpClientConnectionManager -- Connection [id: 28][route: {}->http://localhost:3000] can be kept alive for 5.0 seconds
22:35:21.396 [main] DEBUG org.apache.http.impl.conn.DefaultManagedHttpClientConnection -- http-outgoing-28: set socket timeout to 0
22:35:21.396 [main] DEBUG org.apache.http.impl.conn.PoolingHttpClientConnectionManager -- Connection released: [id: 28][route: {}->http://localhost:3000][total available: 1; route allocated: 1 of 5; total allocated: 1 of 10]
22:35:21.396 [main] DEBUG org.apache.http.impl.conn.PoolingHttpClientConnectionManager -- Connection manager is shutting down
22:35:21.396 [main] DEBUG org.apache.http.impl.conn.DefaultManagedHttpClientConnection -- http-outgoing-28: Close connection
22:35:21.396 [main] DEBUG org.apache.http.impl.conn.PoolingHttpClientConnectionManager -- Connection manager shut down
22:35:21.397 [main] DEBUG com.intuit.karate -- response time in milliseconds: 30
1 < 409
1 < X-Powered-By: Express
1 < Access-Control-Allow-Origin: *
1 < Content-Type: application/json; charset=utf-8
1 < Content-Length: 158
1 < ETag: W/"9e-C6M9ODSiKp2PGWHgXwjDSOrba7g"
1 < Date: Tue, 17 Jun 2025 15:35:21 GMT
1 < Connection: keep-alive
1 < Keep-Alive: timeout=5
{
  "success": false,
  "statusCode": 409,
  "message": "Email ho?c tên ??ng nh?p ?ã t?n t?i",
  "path": "/auth/register",
  "timestamp": "2025-06-17T15:35:21.396Z"
}


22:35:21.397 [main] DEBUG com.intuit.karate.core.ScenarioEngine -- over-writing existing variable 'responseStatus' with new value: karate.get('responseStatus')
22:35:21.397 [main] DEBUG com.intuit.karate.core.ScenarioEngine -- over-writing existing variable 'response' with new value: karate.get('response')
22:35:21.398 [main] INFO com.intuit.karate -- [print] Register API called with: 
22:35:21.398 [main] INFO com.intuit.karate -- [print] Request: {
  "email": "test29@example.com",
  "password": "Password123",
  "name": "John Doe",
  "username": "johndoe29",
  "phoneNumber": "0000000000"
}
 
22:35:21.398 [main] INFO com.intuit.karate -- [print] Response Status: 409 
22:35:21.398 [main] INFO com.intuit.karate -- [print] Response Body: {
  "success": false,
  "statusCode": 409,
  "message": "Email ho?c tên ??ng nh?p ?ã t?n t?i",
  "path": "/auth/register",
  "timestamp": "2025-06-17T15:35:21.396Z"
}
 
22:35:21.398 [main] INFO com.intuit.karate -- ? TEST CASE #29 FAILED 
22:35:21.398 [main] INFO com.intuit.karate --   Expected Status: 201 
22:35:21.398 [main] INFO com.intuit.karate --   Actual Status: 409 
22:35:21.399 [main] INFO com.intuit.karate -- Actual Status: 409 
22:35:21.399 [main] INFO com.intuit.karate -- Actual Result: {"success":false,"statusCode":409,"message":"Email ho?c tên ??ng nh?p ?ã t?n t?i","path":"/auth/register","timestamp":"2025-06-17T15:35:21.396Z"} 
22:35:21.399 [main] INFO com.intuit.karate -- Test Result: FAIL 
22:35:21.399 [main] INFO com.intuit.karate -- ========================================== 
22:35:21.399 [main] INFO com.intuit.karate -- ========================================== 
22:35:21.399 [main] INFO com.intuit.karate -- ?ANG CH?Y TEST CASE #30/30 
22:35:21.399 [main] INFO com.intuit.karate -- Description: TC30: S? ?i?n tho?i quá ng?n - Ch? 1 ch? s? 
22:35:21.399 [main] INFO com.intuit.karate -- Email: "test30@example.com" 
22:35:21.399 [main] INFO com.intuit.karate -- Password: "Password123" 
22:35:21.399 [main] INFO com.intuit.karate -- Name: "John Doe" 
22:35:21.399 [main] INFO com.intuit.karate -- Username: "johndoe30" 
22:35:21.399 [main] INFO com.intuit.karate -- PhoneNumber: "1" 
22:35:21.399 [main] INFO com.intuit.karate -- Expected Status: 400 
22:35:21.399 [main] INFO com.intuit.karate -- Expected Result: {"error": "S? ?i?n tho?i ph?i có 10 ho?c 11 ch? s?"} 
22:35:21.399 [main] INFO com.intuit.karate -- ========================================== 
22:35:21.406 [main] INFO com.intuit.karate -- karate.env system property was: null 
22:35:21.406 [main] DEBUG com.jayway.jsonpath.internal.path.CompiledPath -- Evaluating path: $
22:35:21.407 [main] DEBUG org.apache.http.client.protocol.RequestAddCookies -- CookieSpec selected: karate
22:35:21.408 [main] DEBUG org.apache.http.client.protocol.RequestAuthCache -- Auth cache not set in the context
22:35:21.408 [main] DEBUG com.intuit.karate -- request:
1 > POST http://localhost:3000/auth/register
1 > Content-Type: application/json; charset=UTF-8
1 > Content-Length: 114
1 > Host: localhost:3000
1 > Connection: Keep-Alive
1 > User-Agent: Apache-HttpClient/4.5.14 (Java/17.0.9)
1 > Accept-Encoding: gzip,deflate
{
  "email": "test30@example.com",
  "password": "Password123",
  "name": "John Doe",
  "username": "johndoe30",
  "phoneNumber": "1"
}


22:35:21.408 [main] DEBUG org.apache.http.impl.conn.PoolingHttpClientConnectionManager -- Connection request: [route: {}->http://localhost:3000][total available: 0; route allocated: 0 of 5; total allocated: 0 of 10]
22:35:21.408 [main] DEBUG org.apache.http.impl.conn.PoolingHttpClientConnectionManager -- Connection leased: [id: 29][route: {}->http://localhost:3000][total available: 0; route allocated: 1 of 5; total allocated: 1 of 10]
22:35:21.408 [main] DEBUG org.apache.http.impl.execchain.MainClientExec -- Opening connection {}->http://localhost:3000
22:35:21.408 [main] DEBUG org.apache.http.impl.conn.DefaultHttpClientConnectionOperator -- Connecting to localhost/127.0.0.1:3000
22:35:21.408 [main] DEBUG org.apache.http.impl.conn.DefaultHttpClientConnectionOperator -- Connection established 127.0.0.1:64265<->127.0.0.1:3000
22:35:21.408 [main] DEBUG org.apache.http.impl.conn.DefaultManagedHttpClientConnection -- http-outgoing-29: set socket timeout to 5000
22:35:21.408 [main] DEBUG org.apache.http.impl.execchain.MainClientExec -- Executing request POST /auth/register HTTP/1.1
22:35:21.408 [main] DEBUG org.apache.http.impl.execchain.MainClientExec -- Target auth state: UNCHALLENGED
22:35:21.408 [main] DEBUG org.apache.http.impl.execchain.MainClientExec -- Proxy auth state: UNCHALLENGED
22:35:21.408 [main] DEBUG org.apache.http.headers -- http-outgoing-29 >> POST /auth/register HTTP/1.1
22:35:21.408 [main] DEBUG org.apache.http.headers -- http-outgoing-29 >> Content-Type: application/json; charset=UTF-8
22:35:21.408 [main] DEBUG org.apache.http.headers -- http-outgoing-29 >> Content-Length: 114
22:35:21.408 [main] DEBUG org.apache.http.headers -- http-outgoing-29 >> Host: localhost:3000
22:35:21.408 [main] DEBUG org.apache.http.headers -- http-outgoing-29 >> Connection: Keep-Alive
22:35:21.409 [main] DEBUG org.apache.http.headers -- http-outgoing-29 >> User-Agent: Apache-HttpClient/4.5.14 (Java/17.0.9)
22:35:21.409 [main] DEBUG org.apache.http.headers -- http-outgoing-29 >> Accept-Encoding: gzip,deflate
22:35:21.409 [main] DEBUG org.apache.http.wire -- http-outgoing-29 >> "POST /auth/register HTTP/1.1[\r][\n]"
22:35:21.409 [main] DEBUG org.apache.http.wire -- http-outgoing-29 >> "Content-Type: application/json; charset=UTF-8[\r][\n]"
22:35:21.409 [main] DEBUG org.apache.http.wire -- http-outgoing-29 >> "Content-Length: 114[\r][\n]"
22:35:21.409 [main] DEBUG org.apache.http.wire -- http-outgoing-29 >> "Host: localhost:3000[\r][\n]"
22:35:21.409 [main] DEBUG org.apache.http.wire -- http-outgoing-29 >> "Connection: Keep-Alive[\r][\n]"
22:35:21.409 [main] DEBUG org.apache.http.wire -- http-outgoing-29 >> "User-Agent: Apache-HttpClient/4.5.14 (Java/17.0.9)[\r][\n]"
22:35:21.409 [main] DEBUG org.apache.http.wire -- http-outgoing-29 >> "Accept-Encoding: gzip,deflate[\r][\n]"
22:35:21.409 [main] DEBUG org.apache.http.wire -- http-outgoing-29 >> "[\r][\n]"
22:35:21.409 [main] DEBUG org.apache.http.wire -- http-outgoing-29 >> "{"email":"test30@example.com","password":"Password123","name":"John Doe","username":"johndoe30","phoneNumber":"1"}"
22:35:21.410 [main] DEBUG org.apache.http.wire -- http-outgoing-29 << "HTTP/1.1 400 Bad Request[\r][\n]"
22:35:21.410 [main] DEBUG org.apache.http.wire -- http-outgoing-29 << "X-Powered-By: Express[\r][\n]"
22:35:21.410 [main] DEBUG org.apache.http.wire -- http-outgoing-29 << "Access-Control-Allow-Origin: *[\r][\n]"
22:35:21.410 [main] DEBUG org.apache.http.wire -- http-outgoing-29 << "Content-Type: application/json; charset=utf-8[\r][\n]"
22:35:21.410 [main] DEBUG org.apache.http.wire -- http-outgoing-29 << "Content-Length: 139[\r][\n]"
22:35:21.410 [main] DEBUG org.apache.http.wire -- http-outgoing-29 << "ETag: W/"8b-g4ji3vgxEY8bHUWT+SULs/vsVXs"[\r][\n]"
22:35:21.410 [main] DEBUG org.apache.http.wire -- http-outgoing-29 << "Date: Tue, 17 Jun 2025 15:35:21 GMT[\r][\n]"
22:35:21.410 [main] DEBUG org.apache.http.wire -- http-outgoing-29 << "Connection: keep-alive[\r][\n]"
22:35:21.410 [main] DEBUG org.apache.http.wire -- http-outgoing-29 << "Keep-Alive: timeout=5[\r][\n]"
22:35:21.410 [main] DEBUG org.apache.http.wire -- http-outgoing-29 << "[\r][\n]"
22:35:21.410 [main] DEBUG org.apache.http.wire -- http-outgoing-29 << "{"success":false,"statusCode":400,"message":"D[0xe1][0xbb][0xaf] li[0xe1][0xbb][0x87]u kh[0xc3][0xb4]ng h[0xe1][0xbb][0xa3]p l[0xe1][0xbb][0x87]","path":"/auth/register","timestamp":"2025-06-17T15:35:21.410Z"}"
22:35:21.410 [main] DEBUG org.apache.http.headers -- http-outgoing-29 << HTTP/1.1 400 Bad Request
22:35:21.410 [main] DEBUG org.apache.http.headers -- http-outgoing-29 << X-Powered-By: Express
22:35:21.410 [main] DEBUG org.apache.http.headers -- http-outgoing-29 << Access-Control-Allow-Origin: *
22:35:21.410 [main] DEBUG org.apache.http.headers -- http-outgoing-29 << Content-Type: application/json; charset=utf-8
22:35:21.410 [main] DEBUG org.apache.http.headers -- http-outgoing-29 << Content-Length: 139
22:35:21.410 [main] DEBUG org.apache.http.headers -- http-outgoing-29 << ETag: W/"8b-g4ji3vgxEY8bHUWT+SULs/vsVXs"
22:35:21.410 [main] DEBUG org.apache.http.headers -- http-outgoing-29 << Date: Tue, 17 Jun 2025 15:35:21 GMT
22:35:21.410 [main] DEBUG org.apache.http.headers -- http-outgoing-29 << Connection: keep-alive
22:35:21.410 [main] DEBUG org.apache.http.headers -- http-outgoing-29 << Keep-Alive: timeout=5
22:35:21.410 [main] DEBUG org.apache.http.impl.execchain.MainClientExec -- Connection can be kept alive for 5000 MILLISECONDS
22:35:21.410 [main] DEBUG org.apache.http.impl.conn.PoolingHttpClientConnectionManager -- Connection [id: 29][route: {}->http://localhost:3000] can be kept alive for 5.0 seconds
22:35:21.410 [main] DEBUG org.apache.http.impl.conn.DefaultManagedHttpClientConnection -- http-outgoing-29: set socket timeout to 0
22:35:21.410 [main] DEBUG org.apache.http.impl.conn.PoolingHttpClientConnectionManager -- Connection released: [id: 29][route: {}->http://localhost:3000][total available: 1; route allocated: 1 of 5; total allocated: 1 of 10]
22:35:21.410 [main] DEBUG org.apache.http.impl.conn.PoolingHttpClientConnectionManager -- Connection manager is shutting down
22:35:21.410 [main] DEBUG org.apache.http.impl.conn.DefaultManagedHttpClientConnection -- http-outgoing-29: Close connection
22:35:21.410 [main] DEBUG org.apache.http.impl.conn.PoolingHttpClientConnectionManager -- Connection manager shut down
22:35:21.410 [main] DEBUG com.intuit.karate -- response time in milliseconds: 2
1 < 400
1 < X-Powered-By: Express
1 < Access-Control-Allow-Origin: *
1 < Content-Type: application/json; charset=utf-8
1 < Content-Length: 139
1 < ETag: W/"8b-g4ji3vgxEY8bHUWT+SULs/vsVXs"
1 < Date: Tue, 17 Jun 2025 15:35:21 GMT
1 < Connection: keep-alive
1 < Keep-Alive: timeout=5
{
  "success": false,
  "statusCode": 400,
  "message": "D? li?u không h?p l?",
  "path": "/auth/register",
  "timestamp": "2025-06-17T15:35:21.410Z"
}


22:35:21.411 [main] DEBUG com.intuit.karate.core.ScenarioEngine -- over-writing existing variable 'responseStatus' with new value: karate.get('responseStatus')
22:35:21.411 [main] DEBUG com.intuit.karate.core.ScenarioEngine -- over-writing existing variable 'response' with new value: karate.get('response')
22:35:21.412 [main] INFO com.intuit.karate -- [print] Register API called with: 
22:35:21.412 [main] INFO com.intuit.karate -- [print] Request: {
  "email": "test30@example.com",
  "password": "Password123",
  "name": "John Doe",
  "username": "johndoe30",
  "phoneNumber": "1"
}
 
22:35:21.412 [main] INFO com.intuit.karate -- [print] Response Status: 400 
22:35:21.412 [main] INFO com.intuit.karate -- [print] Response Body: {
  "success": false,
  "statusCode": 400,
  "message": "D? li?u không h?p l?",
  "path": "/auth/register",
  "timestamp": "2025-06-17T15:35:21.410Z"
}
 
22:35:21.412 [main] INFO com.intuit.karate -- ? TEST CASE #30 PASSED 
22:35:21.412 [main] INFO com.intuit.karate -- Actual Status: 400 
22:35:21.412 [main] INFO com.intuit.karate -- Actual Result: {"success":false,"statusCode":400,"message":"D? li?u không h?p l?","path":"/auth/register","timestamp":"2025-06-17T15:35:21.410Z"} 
22:35:21.414 [main] INFO com.intuit.karate -- Test Result: PASS 
22:35:21.414 [main] INFO com.intuit.karate -- ========================================== 
22:35:21.414 [main] DEBUG com.intuit.karate.core.ScenarioEngine -- over-writing existing variable 'testResults' with new value: results
22:35:21.415 [main] INFO com.intuit.karate -- [print] === B??C 4: T?NG K?T K?T QU? === 
22:35:21.428 [main] INFO com.intuit.karate -- [print] T?NG S? TEST CASES: 30 
22:35:21.429 [main] INFO com.intuit.karate -- [print] S? TEST PASS: 0 
22:35:21.429 [main] INFO com.intuit.karate -- [print] S? TEST FAIL: 30 
22:35:21.436 [main] INFO com.intuit.karate -- [print] T? L? PASS: 0% 
22:35:21.437 [main] INFO com.intuit.karate -- [print] === B??C 5: GHI K?T QU? VÀO EXCEL === 
22:35:21.525 [main] INFO com.intuit.karate -- ? ?ã ghi k?t qu? vào Excel thành công! 
22:35:21.527 [main] INFO com.intuit.karate -- [print] === HOÀN THÀNH COMPREHENSIVE REGISTER TESTING === 
22:35:21.529 [main] DEBUG com.jayway.jsonpath.internal.path.CompiledPath -- Evaluating path: $
22:35:21.530 [main] DEBUG com.jayway.jsonpath.internal.path.CompiledPath -- Evaluating path: $
22:35:21.530 [main] DEBUG com.jayway.jsonpath.internal.path.CompiledPath -- Evaluating path: $
22:35:21.530 [main] DEBUG com.jayway.jsonpath.internal.path.CompiledPath -- Evaluating path: $
22:35:21.530 [main] DEBUG com.jayway.jsonpath.internal.path.CompiledPath -- Evaluating path: $
22:35:21.530 [main] DEBUG com.jayway.jsonpath.internal.path.CompiledPath -- Evaluating path: $
22:35:21.531 [main] DEBUG com.jayway.jsonpath.internal.path.CompiledPath -- Evaluating path: $
22:35:21.531 [main] DEBUG com.jayway.jsonpath.internal.path.CompiledPath -- Evaluating path: $
22:35:21.531 [main] DEBUG com.jayway.jsonpath.internal.path.CompiledPath -- Evaluating path: $
22:35:21.531 [main] DEBUG com.jayway.jsonpath.internal.path.CompiledPath -- Evaluating path: $
22:35:21.532 [main] DEBUG com.jayway.jsonpath.internal.path.CompiledPath -- Evaluating path: $
22:35:21.532 [main] DEBUG com.jayway.jsonpath.internal.path.CompiledPath -- Evaluating path: $
22:35:21.532 [main] DEBUG com.jayway.jsonpath.internal.path.CompiledPath -- Evaluating path: $
22:35:21.532 [main] DEBUG com.jayway.jsonpath.internal.path.CompiledPath -- Evaluating path: $
22:35:21.533 [main] DEBUG com.jayway.jsonpath.internal.path.CompiledPath -- Evaluating path: $
22:35:21.533 [main] DEBUG com.jayway.jsonpath.internal.path.CompiledPath -- Evaluating path: $
22:35:21.533 [main] DEBUG com.jayway.jsonpath.internal.path.CompiledPath -- Evaluating path: $
22:35:21.534 [main] DEBUG com.jayway.jsonpath.internal.path.CompiledPath -- Evaluating path: $
22:35:21.534 [main] DEBUG com.jayway.jsonpath.internal.path.CompiledPath -- Evaluating path: $
22:35:21.534 [main] DEBUG com.jayway.jsonpath.internal.path.CompiledPath -- Evaluating path: $
22:35:21.534 [main] DEBUG com.jayway.jsonpath.internal.path.CompiledPath -- Evaluating path: $
22:35:21.534 [main] DEBUG com.jayway.jsonpath.internal.path.CompiledPath -- Evaluating path: $
22:35:21.535 [main] DEBUG com.jayway.jsonpath.internal.path.CompiledPath -- Evaluating path: $
22:35:21.535 [main] DEBUG com.jayway.jsonpath.internal.path.CompiledPath -- Evaluating path: $
22:35:21.535 [main] DEBUG com.jayway.jsonpath.internal.path.CompiledPath -- Evaluating path: $
22:35:21.535 [main] DEBUG com.jayway.jsonpath.internal.path.CompiledPath -- Evaluating path: $
22:35:21.536 [main] DEBUG com.jayway.jsonpath.internal.path.CompiledPath -- Evaluating path: $
22:35:21.536 [main] DEBUG com.jayway.jsonpath.internal.path.CompiledPath -- Evaluating path: $
22:35:21.536 [main] DEBUG com.jayway.jsonpath.internal.path.CompiledPath -- Evaluating path: $
22:35:21.536 [main] DEBUG com.jayway.jsonpath.internal.path.CompiledPath -- Evaluating path: $
22:35:21.557 [main] DEBUG com.jayway.jsonpath.internal.path.CompiledPath -- Evaluating path: $
22:35:21.558 [main] DEBUG com.jayway.jsonpath.internal.path.CompiledPath -- Evaluating path: $
22:35:21.558 [main] DEBUG com.jayway.jsonpath.internal.path.CompiledPath -- Evaluating path: $
22:35:21.558 [main] DEBUG com.jayway.jsonpath.internal.path.CompiledPath -- Evaluating path: $
22:35:21.558 [main] DEBUG com.jayway.jsonpath.internal.path.CompiledPath -- Evaluating path: $
22:35:21.558 [main] DEBUG com.jayway.jsonpath.internal.path.CompiledPath -- Evaluating path: $
22:35:21.558 [main] DEBUG com.jayway.jsonpath.internal.path.CompiledPath -- Evaluating path: $
22:35:21.558 [main] DEBUG com.jayway.jsonpath.internal.path.CompiledPath -- Evaluating path: $
22:35:21.558 [main] DEBUG com.jayway.jsonpath.internal.path.CompiledPath -- Evaluating path: $
22:35:21.558 [main] DEBUG com.jayway.jsonpath.internal.path.CompiledPath -- Evaluating path: $
22:35:21.559 [main] DEBUG com.jayway.jsonpath.internal.path.CompiledPath -- Evaluating path: $
22:35:21.559 [main] DEBUG com.jayway.jsonpath.internal.path.CompiledPath -- Evaluating path: $
22:35:21.559 [main] DEBUG com.jayway.jsonpath.internal.path.CompiledPath -- Evaluating path: $
22:35:21.559 [main] DEBUG com.jayway.jsonpath.internal.path.CompiledPath -- Evaluating path: $
22:35:21.559 [main] DEBUG com.jayway.jsonpath.internal.path.CompiledPath -- Evaluating path: $
22:35:21.559 [main] DEBUG com.jayway.jsonpath.internal.path.CompiledPath -- Evaluating path: $
22:35:21.559 [main] DEBUG com.jayway.jsonpath.internal.path.CompiledPath -- Evaluating path: $
22:35:21.559 [main] DEBUG com.jayway.jsonpath.internal.path.CompiledPath -- Evaluating path: $
22:35:21.559 [main] DEBUG com.jayway.jsonpath.internal.path.CompiledPath -- Evaluating path: $
22:35:21.559 [main] DEBUG com.jayway.jsonpath.internal.path.CompiledPath -- Evaluating path: $
22:35:21.559 [main] DEBUG com.jayway.jsonpath.internal.path.CompiledPath -- Evaluating path: $
22:35:21.559 [main] DEBUG com.jayway.jsonpath.internal.path.CompiledPath -- Evaluating path: $
22:35:21.559 [main] DEBUG com.jayway.jsonpath.internal.path.CompiledPath -- Evaluating path: $
22:35:21.559 [main] DEBUG com.jayway.jsonpath.internal.path.CompiledPath -- Evaluating path: $
22:35:21.560 [main] DEBUG com.jayway.jsonpath.internal.path.CompiledPath -- Evaluating path: $
22:35:21.560 [main] DEBUG com.jayway.jsonpath.internal.path.CompiledPath -- Evaluating path: $
22:35:21.560 [main] DEBUG com.jayway.jsonpath.internal.path.CompiledPath -- Evaluating path: $
22:35:21.560 [main] DEBUG com.jayway.jsonpath.internal.path.CompiledPath -- Evaluating path: $
22:35:21.560 [main] DEBUG com.jayway.jsonpath.internal.path.CompiledPath -- Evaluating path: $
22:35:21.560 [main] DEBUG com.jayway.jsonpath.internal.path.CompiledPath -- Evaluating path: $
22:35:21.590 [main] DEBUG org.thymeleaf.TemplateEngine -- [THYMELEAF] INITIALIZING TEMPLATE ENGINE
22:35:21.718 [main] DEBUG org.thymeleaf.TemplateEngine.CONFIG -- Initializing Thymeleaf Template engine configuration...
[THYMELEAF] TEMPLATE ENGINE CONFIGURATION:
[THYMELEAF] * Thymeleaf version: 3.1.2.RELEASE (built 2023-07-30T19:25:50+0000)
[THYMELEAF] * Cache Manager implementation: org.thymeleaf.cache.StandardCacheManager
[THYMELEAF] * Template resolvers:
[THYMELEAF]     * [1] com.intuit.karate.template.ResourceHtmlTemplateResolver
[THYMELEAF] * Message resolvers:
[THYMELEAF]     * org.thymeleaf.messageresolver.StandardMessageResolver
[THYMELEAF] * Link builders:
[THYMELEAF]     * org.thymeleaf.linkbuilder.StandardLinkBuilder
[THYMELEAF] * Dialect [1 of 2]: Standard (com.intuit.karate.template.KarateStandardDialect)
[THYMELEAF]     * Prefix: "th"
[THYMELEAF]     * Processors for Template Mode: HTML
[THYMELEAF]         * Element Tag Processors by [matching element and attribute name] [precedence]:
[THYMELEAF]             * [* {th:include,data-th-include}] [100]: org.thymeleaf.standard.processor.StandardIncludeTagProcessor
[THYMELEAF]             * [* {th:insert,data-th-insert}] [100]: org.thymeleaf.standard.processor.StandardInsertTagProcessor
[THYMELEAF]             * [* {th:replace,data-th-replace}] [100]: org.thymeleaf.standard.processor.StandardReplaceTagProcessor
[THYMELEAF]             * [* {th:each,data-th-each}] [200]: com.intuit.karate.template.KarateEachTagProcessor
[THYMELEAF]             * [* {th:switch,data-th-switch}] [250]: org.thymeleaf.standard.processor.StandardSwitchTagProcessor
[THYMELEAF]             * [* {th:case,data-th-case}] [275]: org.thymeleaf.standard.processor.StandardCaseTagProcessor
[THYMELEAF]             * [* {th:if,data-th-if}] [300]: org.thymeleaf.standard.processor.StandardIfTagProcessor
[THYMELEAF]             * [* {th:unless,data-th-unless}] [400]: org.thymeleaf.standard.processor.StandardUnlessTagProcessor
[THYMELEAF]             * [* {th:object,data-th-object}] [500]: org.thymeleaf.standard.processor.StandardObjectTagProcessor
[THYMELEAF]             * [* {th:with,data-th-with}] [600]: com.intuit.karate.template.KarateWithTagProcessor
[THYMELEAF]             * [* {th:attr,data-th-attr}] [700]: com.intuit.karate.template.KarateAttributeTagProcessor.KarateAttrTagProcessor
[THYMELEAF]             * [* {th:attrappend,data-th-attrappend}] [900]: com.intuit.karate.template.KarateAttributeTagProcessor.KarateAttrappendTagProcessor
[THYMELEAF]             * [* {th:attrprepend,data-th-attrprepend}] [900]: com.intuit.karate.template.KarateAttributeTagProcessor.KarateAttrprependTagProcessor
[THYMELEAF]             * [* {th:alt-title,data-th-alt-title}] [990]: org.thymeleaf.standard.processor.StandardAltTitleTagProcessor
[THYMELEAF]             * [* {th:lang-xmllang,data-th-lang-xmllang}] [990]: org.thymeleaf.standard.processor.StandardLangXmlLangTagProcessor
[THYMELEAF]             * [* {th:action,data-th-action}] [1000]: org.thymeleaf.standard.processor.StandardActionTagProcessor
[THYMELEAF]             * [* {th:async,data-th-async}] [1000]: org.thymeleaf.standard.processor.StandardConditionalFixedValueTagProcessor
[THYMELEAF]             * [* {th:ismap,data-th-ismap}] [1000]: org.thymeleaf.standard.processor.StandardConditionalFixedValueTagProcessor
[THYMELEAF]             * [* {th:controls,data-th-controls}] [1000]: org.thymeleaf.standard.processor.StandardConditionalFixedValueTagProcessor
[THYMELEAF]             * [* {th:formnovalidate,data-th-formnovalidate}] [1000]: org.thymeleaf.standard.processor.StandardConditionalFixedValueTagProcessor
[THYMELEAF]             * [* {th:loop,data-th-loop}] [1000]: org.thymeleaf.standard.processor.StandardConditionalFixedValueTagProcessor
[THYMELEAF]             * [* {th:open,data-th-open}] [1000]: org.thymeleaf.standard.processor.StandardConditionalFixedValueTagProcessor
[THYMELEAF]             * [* {th:reversed,data-th-reversed}] [1000]: org.thymeleaf.standard.processor.StandardConditionalFixedValueTagProcessor
[THYMELEAF]             * [* {th:nowrap,data-th-nowrap}] [1000]: org.thymeleaf.standard.processor.StandardConditionalFixedValueTagProcessor
[THYMELEAF]             * [* {th:novalidate,data-th-novalidate}] [1000]: org.thymeleaf.standard.processor.StandardConditionalFixedValueTagProcessor
[THYMELEAF]             * [* {th:readonly,data-th-readonly}] [1000]: org.thymeleaf.standard.processor.StandardConditionalFixedValueTagProcessor
[THYMELEAF]             * [* {th:autofocus,data-th-autofocus}] [1000]: org.thymeleaf.standard.processor.StandardConditionalFixedValueTagProcessor
[THYMELEAF]             * [* {th:default,data-th-default}] [1000]: org.thymeleaf.standard.processor.StandardConditionalFixedValueTagProcessor
[THYMELEAF]             * [* {th:disabled,data-th-disabled}] [1000]: org.thymeleaf.standard.processor.StandardConditionalFixedValueTagProcessor
[THYMELEAF]             * [* {th:multiple,data-th-multiple}] [1000]: org.thymeleaf.standard.processor.StandardConditionalFixedValueTagProcessor
[THYMELEAF]             * [* {th:declare,data-th-declare}] [1000]: org.thymeleaf.standard.processor.StandardConditionalFixedValueTagProcessor
[THYMELEAF]             * [* {th:pubdate,data-th-pubdate}] [1000]: org.thymeleaf.standard.processor.StandardConditionalFixedValueTagProcessor
[THYMELEAF]             * [* {th:required,data-th-required}] [1000]: org.thymeleaf.standard.processor.StandardConditionalFixedValueTagProcessor
[THYMELEAF]             * [* {th:autoplay,data-th-autoplay}] [1000]: org.thymeleaf.standard.processor.StandardConditionalFixedValueTagProcessor
[THYMELEAF]             * [* {th:checked,data-th-checked}] [1000]: org.thymeleaf.standard.processor.StandardConditionalFixedValueTagProcessor
[THYMELEAF]             * [* {th:scoped,data-th-scoped}] [1000]: org.thymeleaf.standard.processor.StandardConditionalFixedValueTagProcessor
[THYMELEAF]             * [* {th:defer,data-th-defer}] [1000]: org.thymeleaf.standard.processor.StandardConditionalFixedValueTagProcessor
[THYMELEAF]             * [* {th:selected,data-th-selected}] [1000]: org.thymeleaf.standard.processor.StandardConditionalFixedValueTagProcessor
[THYMELEAF]             * [* {th:seamless,data-th-seamless}] [1000]: org.thymeleaf.standard.processor.StandardConditionalFixedValueTagProcessor
[THYMELEAF]             * [* {th:hidden,data-th-hidden}] [1000]: org.thymeleaf.standard.processor.StandardConditionalFixedValueTagProcessor
[THYMELEAF]             * [* {th:ondragend,data-th-ondragend}] [1000]: org.thymeleaf.standard.processor.StandardDOMEventAttributeTagProcessor
[THYMELEAF]             * [* {th:onerror,data-th-onerror}] [1000]: org.thymeleaf.standard.processor.StandardDOMEventAttributeTagProcessor
[THYMELEAF]             * [* {th:onloadedmetadata,data-th-onloadedmetadata}] [1000]: org.thymeleaf.standard.processor.StandardDOMEventAttributeTagProcessor
[THYMELEAF]             * [* {th:onshow,data-th-onshow}] [1000]: org.thymeleaf.standard.processor.StandardDOMEventAttributeTagProcessor
[THYMELEAF]             * [* {th:onmousedown,data-th-onmousedown}] [1000]: org.thymeleaf.standard.processor.StandardDOMEventAttributeTagProcessor
[THYMELEAF]             * [* {th:onload,data-th-onload}] [1000]: org.thymeleaf.standard.processor.StandardDOMEventAttributeTagProcessor
[THYMELEAF]             * [* {th:onloadeddata,data-th-onloadeddata}] [1000]: org.thymeleaf.standard.processor.StandardDOMEventAttributeTagProcessor
[THYMELEAF]             * [* {th:ondrag,data-th-ondrag}] [1000]: org.thymeleaf.standard.processor.StandardDOMEventAttributeTagProcessor
[THYMELEAF]             * [* {th:onvolumechange,data-th-onvolumechange}] [1000]: org.thymeleaf.standard.processor.StandardDOMEventAttributeTagProcessor
[THYMELEAF]             * [* {th:onmouseover,data-th-onmouseover}] [1000]: org.thymeleaf.standard.processor.StandardDOMEventAttributeTagProcessor
[THYMELEAF]             * [* {th:onsubmit,data-th-onsubmit}] [1000]: org.thymeleaf.standard.processor.StandardDOMEventAttributeTagProcessor
[THYMELEAF]             * [* {th:onunload,data-th-onunload}] [1000]: org.thymeleaf.standard.processor.StandardDOMEventAttributeTagProcessor
[THYMELEAF]             * [* {th:onclick,data-th-onclick}] [1000]: org.thymeleaf.standard.processor.StandardDOMEventAttributeTagProcessor
[THYMELEAF]             * [* {th:oncontextmenu,data-th-oncontextmenu}] [1000]: org.thymeleaf.standard.processor.StandardDOMEventAttributeTagProcessor
[THYMELEAF]             * [* {th:onratechange,data-th-onratechange}] [1000]: org.thymeleaf.standard.processor.StandardDOMEventAttributeTagProcessor
[THYMELEAF]             * [* {th:onreadystatechange,data-th-onreadystatechange}] [1000]: org.thymeleaf.standard.processor.StandardDOMEventAttributeTagProcessor
[THYMELEAF]             * [* {th:onkeydown,data-th-onkeydown}] [1000]: org.thymeleaf.standard.processor.StandardDOMEventAttributeTagProcessor
[THYMELEAF]             * [* {th:onpause,data-th-onpause}] [1000]: org.thymeleaf.standard.processor.StandardDOMEventAttributeTagProcessor
[THYMELEAF]             * [* {th:onemptied,data-th-onemptied}] [1000]: org.thymeleaf.standard.processor.StandardDOMEventAttributeTagProcessor
[THYMELEAF]             * [* {th:onresize,data-th-onresize}] [1000]: org.thymeleaf.standard.processor.StandardDOMEventAttributeTagProcessor
[THYMELEAF]             * [* {th:onpopstate,data-th-onpopstate}] [1000]: org.thymeleaf.standard.processor.StandardDOMEventAttributeTagProcessor
[THYMELEAF]             * [* {th:onseeked,data-th-onseeked}] [1000]: org.thymeleaf.standard.processor.StandardDOMEventAttributeTagProcessor
[THYMELEAF]             * [* {th:ontimeupdate,data-th-ontimeupdate}] [1000]: org.thymeleaf.standard.processor.StandardDOMEventAttributeTagProcessor
[THYMELEAF]             * [* {th:onended,data-th-onended}] [1000]: org.thymeleaf.standard.processor.StandardDOMEventAttributeTagProcessor
[THYMELEAF]             * [* {th:onafterprint,data-th-onafterprint}] [1000]: org.thymeleaf.standard.processor.StandardDOMEventAttributeTagProcessor
[THYMELEAF]             * [* {th:onscroll,data-th-onscroll}] [1000]: org.thymeleaf.standard.processor.StandardDOMEventAttributeTagProcessor
[THYMELEAF]             * [* {th:onselect,data-th-onselect}] [1000]: org.thymeleaf.standard.processor.StandardDOMEventAttributeTagProcessor
[THYMELEAF]             * [* {th:onmouseup,data-th-onmouseup}] [1000]: org.thymeleaf.standard.processor.StandardDOMEventAttributeTagProcessor
[THYMELEAF]             * [* {th:onmousemove,data-th-onmousemove}] [1000]: org.thymeleaf.standard.processor.StandardDOMEventAttributeTagProcessor
[THYMELEAF]             * [* {th:onundo,data-th-onundo}] [1000]: org.thymeleaf.standard.processor.StandardDOMEventAttributeTagProcessor
[THYMELEAF]             * [* {th:onbeforeprint,data-th-onbeforeprint}] [1000]: org.thymeleaf.standard.processor.StandardDOMEventAttributeTagProcessor
[THYMELEAF]             * [* {th:oncanplay,data-th-oncanplay}] [1000]: org.thymeleaf.standard.processor.StandardDOMEventAttributeTagProcessor
[THYMELEAF]             * [* {th:ondblclick,data-th-ondblclick}] [1000]: org.thymeleaf.standard.processor.StandardDOMEventAttributeTagProcessor
[THYMELEAF]             * [* {th:onformchange,data-th-onformchange}] [1000]: org.thymeleaf.standard.processor.StandardDOMEventAttributeTagProcessor
[THYMELEAF]             * [* {th:ononline,data-th-ononline}] [1000]: org.thymeleaf.standard.processor.StandardDOMEventAttributeTagProcessor
[THYMELEAF]             * [* {th:oncanplaythrough,data-th-oncanplaythrough}] [1000]: org.thymeleaf.standard.processor.StandardDOMEventAttributeTagProcessor
[THYMELEAF]             * [* {th:onabort,data-th-onabort}] [1000]: org.thymeleaf.standard.processor.StandardDOMEventAttributeTagProcessor
[THYMELEAF]             * [* {th:oninvalid,data-th-oninvalid}] [1000]: org.thymeleaf.standard.processor.StandardDOMEventAttributeTagProcessor
[THYMELEAF]             * [* {th:onreset,data-th-onreset}] [1000]: org.thymeleaf.standard.processor.StandardDOMEventAttributeTagProcessor
[THYMELEAF]             * [* {th:onforminput,data-th-onforminput}] [1000]: org.thymeleaf.standard.processor.StandardDOMEventAttributeTagProcessor
[THYMELEAF]             * [* {th:ondragenter,data-th-ondragenter}] [1000]: org.thymeleaf.standard.processor.StandardDOMEventAttributeTagProcessor
[THYMELEAF]             * [* {th:onhashchange,data-th-onhashchange}] [1000]: org.thymeleaf.standard.processor.StandardDOMEventAttributeTagProcessor
[THYMELEAF]             * [* {th:onsuspend,data-th-onsuspend}] [1000]: org.thymeleaf.standard.processor.StandardDOMEventAttributeTagProcessor
[THYMELEAF]             * [* {th:onmouseout,data-th-onmouseout}] [1000]: org.thymeleaf.standard.processor.StandardDOMEventAttributeTagProcessor
[THYMELEAF]             * [* {th:onmousewheel,data-th-onmousewheel}] [1000]: org.thymeleaf.standard.processor.StandardDOMEventAttributeTagProcessor
[THYMELEAF]             * [* {th:onmessage,data-th-onmessage}] [1000]: org.thymeleaf.standard.processor.StandardDOMEventAttributeTagProcessor
[THYMELEAF]             * [* {th:oninput,data-th-oninput}] [1000]: org.thymeleaf.standard.processor.StandardDOMEventAttributeTagProcessor
[THYMELEAF]             * [* {th:onredo,data-th-onredo}] [1000]: org.thymeleaf.standard.processor.StandardDOMEventAttributeTagProcessor
[THYMELEAF]             * [* {th:onprogress,data-th-onprogress}] [1000]: org.thymeleaf.standard.processor.StandardDOMEventAttributeTagProcessor
[THYMELEAF]             * [* {th:onkeypress,data-th-onkeypress}] [1000]: org.thymeleaf.standard.processor.StandardDOMEventAttributeTagProcessor
[THYMELEAF]             * [* {th:onplaying,data-th-onplaying}] [1000]: org.thymeleaf.standard.processor.StandardDOMEventAttributeTagProcessor
[THYMELEAF]             * [* {th:onloadstart,data-th-onloadstart}] [1000]: org.thymeleaf.standard.processor.StandardDOMEventAttributeTagProcessor
[THYMELEAF]             * [* {th:onwaiting,data-th-onwaiting}] [1000]: org.thymeleaf.standard.processor.StandardDOMEventAttributeTagProcessor
[THYMELEAF]             * [* {th:onfocus,data-th-onfocus}] [1000]: org.thymeleaf.standard.processor.StandardDOMEventAttributeTagProcessor
[THYMELEAF]             * [* {th:ondragover,data-th-ondragover}] [1000]: org.thymeleaf.standard.processor.StandardDOMEventAttributeTagProcessor
[THYMELEAF]             * [* {th:ondragleave,data-th-ondragleave}] [1000]: org.thymeleaf.standard.processor.StandardDOMEventAttributeTagProcessor
[THYMELEAF]             * [* {th:onkeyup,data-th-onkeyup}] [1000]: org.thymeleaf.standard.processor.StandardDOMEventAttributeTagProcessor
[THYMELEAF]             * [* {th:onblur,data-th-onblur}] [1000]: org.thymeleaf.standard.processor.StandardDOMEventAttributeTagProcessor
[THYMELEAF]             * [* {th:onstalled,data-th-onstalled}] [1000]: org.thymeleaf.standard.processor.StandardDOMEventAttributeTagProcessor
[THYMELEAF]             * [* {th:onoffline,data-th-onoffline}] [1000]: org.thymeleaf.standard.processor.StandardDOMEventAttributeTagProcessor
[THYMELEAF]             * [* {th:ondragstart,data-th-ondragstart}] [1000]: org.thymeleaf.standard.processor.StandardDOMEventAttributeTagProcessor
[THYMELEAF]             * [* {th:onbeforeunload,data-th-onbeforeunload}] [1000]: org.thymeleaf.standard.processor.StandardDOMEventAttributeTagProcessor
[THYMELEAF]             * [* {th:onseeking,data-th-onseeking}] [1000]: org.thymeleaf.standard.processor.StandardDOMEventAttributeTagProcessor
[THYMELEAF]             * [* {th:ondurationchange,data-th-ondurationchange}] [1000]: org.thymeleaf.standard.processor.StandardDOMEventAttributeTagProcessor
[THYMELEAF]             * [* {th:onplay,data-th-onplay}] [1000]: org.thymeleaf.standard.processor.StandardDOMEventAttributeTagProcessor
[THYMELEAF]             * [* {th:onchange,data-th-onchange}] [1000]: org.thymeleaf.standard.processor.StandardDOMEventAttributeTagProcessor
[THYMELEAF]             * [* {th:ondrop,data-th-ondrop}] [1000]: org.thymeleaf.standard.processor.StandardDOMEventAttributeTagProcessor
[THYMELEAF]             * [* {th:onstorage,data-th-onstorage}] [1000]: org.thymeleaf.standard.processor.StandardDOMEventAttributeTagProcessor
[THYMELEAF]             * [* {th:href,data-th-href}] [1000]: org.thymeleaf.standard.processor.StandardHrefTagProcessor
[THYMELEAF]             * [* {th:inline,data-th-inline}] [1000]: org.thymeleaf.standard.processor.StandardInlineHTMLTagProcessor
[THYMELEAF]             * [* {th:method,data-th-method}] [1000]: org.thymeleaf.standard.processor.StandardMethodTagProcessor
[THYMELEAF]             * [* {th:name,data-th-name}] [1000]: org.thymeleaf.standard.processor.StandardNonRemovableAttributeTagProcessor
[THYMELEAF]             * [* {th:type,data-th-type}] [1000]: org.thymeleaf.standard.processor.StandardNonRemovableAttributeTagProcessor
[THYMELEAF]             * [* {th:longdesc,data-th-longdesc}] [1000]: org.thymeleaf.standard.processor.StandardRemovableAttributeTagProcessor
[THYMELEAF]             * [* {th:high,data-th-high}] [1000]: org.thymeleaf.standard.processor.StandardRemovableAttributeTagProcessor
[THYMELEAF]             * [* {th:cols,data-th-cols}] [1000]: org.thymeleaf.standard.processor.StandardRemovableAttributeTagProcessor
[THYMELEAF]             * [* {th:rows,data-th-rows}] [1000]: org.thymeleaf.standard.processor.StandardRemovableAttributeTagProcessor
[THYMELEAF]             * [* {th:style,data-th-style}] [1000]: org.thymeleaf.standard.processor.StandardRemovableAttributeTagProcessor
[THYMELEAF]             * [* {th:sandbox,data-th-sandbox}] [1000]: org.thymeleaf.standard.processor.StandardRemovableAttributeTagProcessor
[THYMELEAF]             * [* {th:frame,data-th-frame}] [1000]: org.thymeleaf.standard.processor.StandardRemovableAttributeTagProcessor
[THYMELEAF]             * [* {th:autocomplete,data-th-autocomplete}] [1000]: org.thymeleaf.standard.processor.StandardRemovableAttributeTagProcessor
[THYMELEAF]             * [* {th:standby,data-th-standby}] [1000]: org.thymeleaf.standard.processor.StandardRemovableAttributeTagProcessor
[THYMELEAF]             * [* {th:lang,data-th-lang}] [1000]: org.thymeleaf.standard.processor.StandardRemovableAttributeTagProcessor
[THYMELEAF]             * [* {th:list,data-th-list}] [1000]: org.thymeleaf.standard.processor.StandardRemovableAttributeTagProcessor
[THYMELEAF]             * [* {th:formtarget,data-th-formtarget}] [1000]: org.thymeleaf.standard.processor.StandardRemovableAttributeTagProcessor
[THYMELEAF]             * [* {th:scrolling,data-th-scrolling}] [1000]: org.thymeleaf.standard.processor.StandardRemovableAttributeTagProcessor
[THYMELEAF]             * [* {th:formmethod,data-th-formmethod}] [1000]: org.thymeleaf.standard.processor.StandardRemovableAttributeTagProcessor
[THYMELEAF]             * [* {th:datetime,data-th-datetime}] [1000]: org.thymeleaf.standard.processor.StandardRemovableAttributeTagProcessor
[THYMELEAF]             * [* {th:classid,data-th-classid}] [1000]: org.thymeleaf.standard.processor.StandardRemovableAttributeTagProcessor
[THYMELEAF]             * [* {th:wrap,data-th-wrap}] [1000]: org.thymeleaf.standard.processor.StandardRemovableAttributeTagProcessor
[THYMELEAF]             * [* {th:valuetype,data-th-valuetype}] [1000]: org.thymeleaf.standard.processor.StandardRemovableAttributeTagProcessor
[THYMELEAF]             * [* {th:srclang,data-th-srclang}] [1000]: org.thymeleaf.standard.processor.StandardRemovableAttributeTagProcessor
[THYMELEAF]             * [* {th:scope,data-th-scope}] [1000]: org.thymeleaf.standard.processor.StandardRemovableAttributeTagProcessor
[THYMELEAF]             * [* {th:background,data-th-background}] [1000]: org.thymeleaf.standard.processor.StandardRemovableAttributeTagProcessor
[THYMELEAF]             * [* {th:rel,data-th-rel}] [1000]: org.thymeleaf.standard.processor.StandardRemovableAttributeTagProcessor
[THYMELEAF]             * [* {th:cite,data-th-cite}] [1000]: org.thymeleaf.standard.processor.StandardRemovableAttributeTagProcessor
[THYMELEAF]             * [* {th:class,data-th-class}] [1000]: org.thymeleaf.standard.processor.StandardRemovableAttributeTagProcessor
[THYMELEAF]             * [* {th:label,data-th-label}] [1000]: org.thymeleaf.standard.processor.StandardRemovableAttributeTagProcessor
[THYMELEAF]             * [* {th:keytype,data-th-keytype}] [1000]: org.thymeleaf.standard.processor.StandardRemovableAttributeTagProcessor
[THYMELEAF]             * [* {th:summary,data-th-summary}] [1000]: org.thymeleaf.standard.processor.StandardRemovableAttributeTagProcessor
[THYMELEAF]             * [* {th:manifest,data-th-manifest}] [1000]: org.thymeleaf.standard.processor.StandardRemovableAttributeTagProcessor
[THYMELEAF]             * [* {th:colspan,data-th-colspan}] [1000]: org.thymeleaf.standard.processor.StandardRemovableAttributeTagProcessor
[THYMELEAF]             * [* {th:max,data-th-max}] [1000]: org.thymeleaf.standard.processor.StandardRemovableAttributeTagProcessor
[THYMELEAF]             * [* {th:maxlength,data-th-maxlength}] [1000]: org.thymeleaf.standard.processor.StandardRemovableAttributeTagProcessor
[THYMELEAF]             * [* {th:charset,data-th-charset}] [1000]: org.thymeleaf.standard.processor.StandardRemovableAttributeTagProcessor
[THYMELEAF]             * [* {th:sizes,data-th-sizes}] [1000]: org.thymeleaf.standard.processor.StandardRemovableAttributeTagProcessor
[THYMELEAF]             * [* {th:codebase,data-th-codebase}] [1000]: org.thymeleaf.standard.processor.StandardRemovableAttributeTagProcessor
[THYMELEAF]             * [* {th:cellspacing,data-th-cellspacing}] [1000]: org.thymeleaf.standard.processor.StandardRemovableAttributeTagProcessor
[THYMELEAF]             * [* {th:dir,data-th-dir}] [1000]: org.thymeleaf.standard.processor.StandardRemovableAttributeTagProcessor
[THYMELEAF]             * [* {th:hspace,data-th-hspace}] [1000]: org.thymeleaf.standard.processor.StandardRemovableAttributeTagProcessor
[THYMELEAF]             * [* {th:content,data-th-content}] [1000]: org.thymeleaf.standard.processor.StandardRemovableAttributeTagProcessor
[THYMELEAF]             * [* {th:headers,data-th-headers}] [1000]: org.thymeleaf.standard.processor.StandardRemovableAttributeTagProcessor
[THYMELEAF]             * [* {th:usemap,data-th-usemap}] [1000]: org.thymeleaf.standard.processor.StandardRemovableAttributeTagProcessor
[THYMELEAF]             * [* {th:dropzone,data-th-dropzone}] [1000]: org.thymeleaf.standard.processor.StandardRemovableAttributeTagProcessor
[THYMELEAF]             * [* {th:height,data-th-height}] [1000]: org.thymeleaf.standard.processor.StandardRemovableAttributeTagProcessor
[THYMELEAF]             * [* {th:audio,data-th-audio}] [1000]: org.thymeleaf.standard.processor.StandardRemovableAttributeTagProcessor
[THYMELEAF]             * [* {th:enctype,data-th-enctype}] [1000]: org.thymeleaf.standard.processor.StandardRemovableAttributeTagProcessor
[THYMELEAF]             * [* {th:spellcheck,data-th-spellcheck}] [1000]: org.thymeleaf.standard.processor.StandardRemovableAttributeTagProcessor
[THYMELEAF]             * [* {th:formenctype,data-th-formenctype}] [1000]: org.thymeleaf.standard.processor.StandardRemovableAttributeTagProcessor
[THYMELEAF]             * [* {th:axis,data-th-axis}] [1000]: org.thymeleaf.standard.processor.StandardRemovableAttributeTagProcessor
[THYMELEAF]             * [* {th:hreflang,data-th-hreflang}] [1000]: org.thymeleaf.standard.processor.StandardRemovableAttributeTagProcessor
[THYMELEAF]             * [* {th:icon,data-th-icon}] [1000]: org.thymeleaf.standard.processor.StandardRemovableAttributeTagProcessor
[THYMELEAF]             * [* {th:radiogroup,data-th-radiogroup}] [1000]: org.thymeleaf.standard.processor.StandardRemovableAttributeTagProcessor
[THYMELEAF]             * [* {th:challenge,data-th-challenge}] [1000]: org.thymeleaf.standard.processor.StandardRemovableAttributeTagProcessor
[THYMELEAF]             * [* {th:marginwidth,data-th-marginwidth}] [1000]: org.thymeleaf.standard.processor.StandardRemovableAttributeTagProcessor
[THYMELEAF]             * [* {th:cellpadding,data-th-cellpadding}] [1000]: org.thymeleaf.standard.processor.StandardRemovableAttributeTagProcessor
[THYMELEAF]             * [* {th:scheme,data-th-scheme}] [1000]: org.thymeleaf.standard.processor.StandardRemovableAttributeTagProcessor
[THYMELEAF]             * [* {th:frameborder,data-th-frameborder}] [1000]: org.thymeleaf.standard.processor.StandardRemovableAttributeTagProcessor
[THYMELEAF]             * [* {th:media,data-th-media}] [1000]: org.thymeleaf.standard.processor.StandardRemovableAttributeTagProcessor
[THYMELEAF]             * [* {th:preload,data-th-preload}] [1000]: org.thymeleaf.standard.processor.StandardRemovableAttributeTagProcessor
[THYMELEAF]             * [* {th:bgcolor,data-th-bgcolor}] [1000]: org.thymeleaf.standard.processor.StandardRemovableAttributeTagProcessor
[THYMELEAF]             * [* {th:contextmenu,data-th-contextmenu}] [1000]: org.thymeleaf.standard.processor.StandardRemovableAttributeTagProcessor
[THYMELEAF]             * [* {th:width,data-th-width}] [1000]: org.thymeleaf.standard.processor.StandardRemovableAttributeTagProcessor
[THYMELEAF]             * [* {th:form,data-th-form}] [1000]: org.thymeleaf.standard.processor.StandardRemovableAttributeTagProcessor
[THYMELEAF]             * [* {th:accesskey,data-th-accesskey}] [1000]: org.thymeleaf.standard.processor.StandardRemovableAttributeTagProcessor
[THYMELEAF]             * [* {th:codetype,data-th-codetype}] [1000]: org.thymeleaf.standard.processor.StandardRemovableAttributeTagProcessor
[THYMELEAF]             * [* {th:draggable,data-th-draggable}] [1000]: org.thymeleaf.standard.processor.StandardRemovableAttributeTagProcessor
[THYMELEAF]             * [* {th:kind,data-th-kind}] [1000]: org.thymeleaf.standard.processor.StandardRemovableAttributeTagProcessor
[THYMELEAF]             * [* {th:min,data-th-min}] [1000]: org.thymeleaf.standard.processor.StandardRemovableAttributeTagProcessor
[THYMELEAF]             * [* {th:rev,data-th-rev}] [1000]: org.thymeleaf.standard.processor.StandardRemovableAttributeTagProcessor
[THYMELEAF]             * [* {th:data,data-th-data}] [1000]: org.thymeleaf.standard.processor.StandardRemovableAttributeTagProcessor
[THYMELEAF]             * [* {th:border,data-th-border}] [1000]: org.thymeleaf.standard.processor.StandardRemovableAttributeTagProcessor
[THYMELEAF]             * [* {th:low,data-th-low}] [1000]: org.thymeleaf.standard.processor.StandardRemovableAttributeTagProcessor
[THYMELEAF]             * [* {th:vspace,data-th-vspace}] [1000]: org.thymeleaf.standard.processor.StandardRemovableAttributeTagProcessor
[THYMELEAF]             * [* {th:start,data-th-start}] [1000]: org.thymeleaf.standard.processor.StandardRemovableAttributeTagProcessor
[THYMELEAF]             * [* {th:contenteditable,data-th-contenteditable}] [1000]: org.thymeleaf.standard.processor.StandardRemovableAttributeTagProcessor
[THYMELEAF]             * [* {th:placeholder,data-th-placeholder}] [1000]: org.thymeleaf.standard.processor.StandardRemovableAttributeTagProcessor
[THYMELEAF]             * [* {th:compact,data-th-compact}] [1000]: org.thymeleaf.standard.processor.StandardRemovableAttributeTagProcessor
[THYMELEAF]             * [* {th:target,data-th-target}] [1000]: org.thymeleaf.standard.processor.StandardRemovableAttributeTagProcessor
[THYMELEAF]             * [* {th:accept-charset,data-th-accept-charset}] [1000]: org.thymeleaf.standard.processor.StandardRemovableAttributeTagProcessor
[THYMELEAF]             * [* {th:align,data-th-align}] [1000]: org.thymeleaf.standard.processor.StandardRemovableAttributeTagProcessor
[THYMELEAF]             * [* {th:title,data-th-title}] [1000]: org.thymeleaf.standard.processor.StandardRemovableAttributeTagProcessor
[THYMELEAF]             * [* {th:rules,data-th-rules}] [1000]: org.thymeleaf.standard.processor.StandardRemovableAttributeTagProcessor
[THYMELEAF]             * [* {th:abbr,data-th-abbr}] [1000]: org.thymeleaf.standard.processor.StandardRemovableAttributeTagProcessor
[THYMELEAF]             * [* {th:archive,data-th-archive}] [1000]: org.thymeleaf.standard.processor.StandardRemovableAttributeTagProcessor
[THYMELEAF]             * [* {th:size,data-th-size}] [1000]: org.thymeleaf.standard.processor.StandardRemovableAttributeTagProcessor
[THYMELEAF]             * [* {th:pattern,data-th-pattern}] [1000]: org.thymeleaf.standard.processor.StandardRemovableAttributeTagProcessor
[THYMELEAF]             * [* {th:accept,data-th-accept}] [1000]: org.thymeleaf.standard.processor.StandardRemovableAttributeTagProcessor
[THYMELEAF]             * [* {th:poster,data-th-poster}] [1000]: org.thymeleaf.standard.processor.StandardRemovableAttributeTagProcessor
[THYMELEAF]             * [* {th:span,data-th-span}] [1000]: org.thymeleaf.standard.processor.StandardRemovableAttributeTagProcessor
[THYMELEAF]             * [* {th:marginheight,data-th-marginheight}] [1000]: org.thymeleaf.standard.processor.StandardRemovableAttributeTagProcessor
[THYMELEAF]             * [* {th:tabindex,data-th-tabindex}] [1000]: org.thymeleaf.standard.processor.StandardRemovableAttributeTagProcessor
[THYMELEAF]             * [* {th:rowspan,data-th-rowspan}] [1000]: org.thymeleaf.standard.processor.StandardRemovableAttributeTagProcessor
[THYMELEAF]             * [* {th:for,data-th-for}] [1000]: org.thymeleaf.standard.processor.StandardRemovableAttributeTagProcessor
[THYMELEAF]             * [* {th:optimum,data-th-optimum}] [1000]: org.thymeleaf.standard.processor.StandardRemovableAttributeTagProcessor
[THYMELEAF]             * [* {th:step,data-th-step}] [1000]: org.thymeleaf.standard.processor.StandardRemovableAttributeTagProcessor
[THYMELEAF]             * [* {th:id,data-th-id}] [1000]: org.thymeleaf.standard.processor.StandardRemovableAttributeTagProcessor
[THYMELEAF]             * [* {th:alt,data-th-alt}] [1000]: org.thymeleaf.standard.processor.StandardRemovableAttributeTagProcessor
[THYMELEAF]             * [* {th:formaction,data-th-formaction}] [1000]: org.thymeleaf.standard.processor.StandardRemovableAttributeTagProcessor
[THYMELEAF]             * [* {th:http-equiv,data-th-http-equiv}] [1000]: org.thymeleaf.standard.processor.StandardRemovableAttributeTagProcessor
[THYMELEAF]             * [* {th:src,data-th-src}] [1000]: org.thymeleaf.standard.processor.StandardSrcTagProcessor
[THYMELEAF]             * [* {th:value,data-th-value}] [1000]: org.thymeleaf.standard.processor.StandardValueTagProcessor
[THYMELEAF]             * [* {th:xmlbase,data-th-xmlbase}] [1000]: org.thymeleaf.standard.processor.StandardXmlBaseTagProcessor
[THYMELEAF]             * [* {th:xmllang,data-th-xmllang}] [1000]: org.thymeleaf.standard.processor.StandardXmlLangTagProcessor
[THYMELEAF]             * [* {xmlns:th}] [1000]: org.thymeleaf.standard.processor.StandardXmlNsTagProcessor
[THYMELEAF]             * [* {th:xmlspace,data-th-xmlspace}] [1000]: org.thymeleaf.standard.processor.StandardXmlSpaceTagProcessor
[THYMELEAF]             * [* {th:classappend,data-th-classappend}] [1100]: org.thymeleaf.standard.processor.StandardClassappendTagProcessor
[THYMELEAF]             * [* {th:styleappend,data-th-styleappend}] [1100]: org.thymeleaf.standard.processor.StandardStyleappendTagProcessor
[THYMELEAF]             * [* {th:text,data-th-text}] [1300]: org.thymeleaf.standard.processor.StandardTextTagProcessor
[THYMELEAF]             * [* {th:utext,data-th-utext}] [1400]: org.thymeleaf.standard.processor.StandardUtextTagProcessor
[THYMELEAF]             * [* {th:fragment,data-th-fragment}] [1500]: org.thymeleaf.standard.processor.StandardFragmentTagProcessor
[THYMELEAF]             * [* {th:assert,data-th-assert}] [1550]: org.thymeleaf.standard.processor.StandardAssertTagProcessor
[THYMELEAF]             * [* {th:remove,data-th-remove}] [1600]: org.thymeleaf.standard.processor.StandardRemoveTagProcessor
[THYMELEAF]             * [* {th:ref,data-th-ref}] [10000]: org.thymeleaf.standard.processor.StandardRefAttributeTagProcessor
[THYMELEAF]             * [{th:block,th-block} *] [100000]: org.thymeleaf.standard.processor.StandardBlockTagProcessor
[THYMELEAF]             * [* th:*] [2147483647]: org.thymeleaf.standard.processor.StandardDefaultAttributesTagProcessor
[THYMELEAF]         * Text Processors by [precedence]:
[THYMELEAF]             * [1000]: org.thymeleaf.standard.processor.StandardInliningTextProcessor
[THYMELEAF]         * DOCTYPE Processors by [precedence]:
[THYMELEAF]             * [1000]: org.thymeleaf.standard.processor.StandardTranslationDocTypeProcessor
[THYMELEAF]         * CDATA Section Processors by [precedence]:
[THYMELEAF]             * [1000]: org.thymeleaf.standard.processor.StandardInliningCDATASectionProcessor
[THYMELEAF]         * Comment Processors by [precedence]:
[THYMELEAF]             * [1000]: org.thymeleaf.standard.processor.StandardInliningCommentProcessor
[THYMELEAF]             * [1100]: org.thymeleaf.standard.processor.StandardConditionalCommentProcessor
[THYMELEAF]     * Processors for Template Mode: XML
[THYMELEAF]         * Element Tag Processors by [matching element and attribute name] [precedence]:
[THYMELEAF]             * [* {th:include}] [100]: org.thymeleaf.standard.processor.StandardIncludeTagProcessor
[THYMELEAF]             * [* {th:insert}] [100]: org.thymeleaf.standard.processor.StandardInsertTagProcessor
[THYMELEAF]             * [* {th:replace}] [100]: org.thymeleaf.standard.processor.StandardReplaceTagProcessor
[THYMELEAF]             * [* {th:each}] [200]: com.intuit.karate.template.KarateEachTagProcessor
[THYMELEAF]             * [* {th:switch}] [250]: org.thymeleaf.standard.processor.StandardSwitchTagProcessor
[THYMELEAF]             * [* {th:case}] [275]: org.thymeleaf.standard.processor.StandardCaseTagProcessor
[THYMELEAF]             * [* {th:if}] [300]: org.thymeleaf.standard.processor.StandardIfTagProcessor
[THYMELEAF]             * [* {th:unless}] [400]: org.thymeleaf.standard.processor.StandardUnlessTagProcessor
[THYMELEAF]             * [* {th:object}] [500]: org.thymeleaf.standard.processor.StandardObjectTagProcessor
[THYMELEAF]             * [* {th:with}] [600]: com.intuit.karate.template.KarateWithTagProcessor
[THYMELEAF]             * [* {th:attr}] [700]: com.intuit.karate.template.KarateAttributeTagProcessor.KarateAttrTagProcessor
[THYMELEAF]             * [* {th:attrappend}] [900]: com.intuit.karate.template.KarateAttributeTagProcessor.KarateAttrappendTagProcessor
[THYMELEAF]             * [* {th:attrprepend}] [900]: com.intuit.karate.template.KarateAttributeTagProcessor.KarateAttrprependTagProcessor
[THYMELEAF]             * [* {th:inline}] [1000]: org.thymeleaf.standard.processor.StandardInlineXMLTagProcessor
[THYMELEAF]             * [* {xmlns:th}] [1000]: org.thymeleaf.standard.processor.StandardXmlNsTagProcessor
[THYMELEAF]             * [* {th:text}] [1300]: org.thymeleaf.standard.processor.StandardTextTagProcessor
[THYMELEAF]             * [* {th:utext}] [1400]: org.thymeleaf.standard.processor.StandardUtextTagProcessor
[THYMELEAF]             * [* {th:fragment}] [1500]: org.thymeleaf.standard.processor.StandardFragmentTagProcessor
[THYMELEAF]             * [* {th:assert}] [1550]: org.thymeleaf.standard.processor.StandardAssertTagProcessor
[THYMELEAF]             * [* {th:remove}] [1600]: org.thymeleaf.standard.processor.StandardRemoveTagProcessor
[THYMELEAF]             * [* {th:ref}] [10000]: org.thymeleaf.standard.processor.StandardRefAttributeTagProcessor
[THYMELEAF]             * [{th:block} *] [100000]: org.thymeleaf.standard.processor.StandardBlockTagProcessor
[THYMELEAF]             * [* th:*] [2147483647]: org.thymeleaf.standard.processor.StandardDefaultAttributesTagProcessor
[THYMELEAF]         * Text Processors by [precedence]:
[THYMELEAF]             * [1000]: org.thymeleaf.standard.processor.StandardInliningTextProcessor
[THYMELEAF]         * CDATA Section Processors by [precedence]:
[THYMELEAF]             * [1000]: org.thymeleaf.standard.processor.StandardInliningCDATASectionProcessor
[THYMELEAF]         * Comment Processors by [precedence]:
[THYMELEAF]             * [1000]: org.thymeleaf.standard.processor.StandardInliningCommentProcessor
[THYMELEAF]     * Processors for Template Mode: TEXT
[THYMELEAF]         * Element Tag Processors by [matching element and attribute name] [precedence]:
[THYMELEAF]             * [* {th:insert}] [100]: org.thymeleaf.standard.processor.StandardInsertTagProcessor
[THYMELEAF]             * [* {th:replace}] [100]: org.thymeleaf.standard.processor.StandardReplaceTagProcessor
[THYMELEAF]             * [* {th:each}] [200]: com.intuit.karate.template.KarateEachTagProcessor
[THYMELEAF]             * [* {th:switch}] [250]: org.thymeleaf.standard.processor.StandardSwitchTagProcessor
[THYMELEAF]             * [* {th:case}] [275]: org.thymeleaf.standard.processor.StandardCaseTagProcessor
[THYMELEAF]             * [* {th:if}] [300]: org.thymeleaf.standard.processor.StandardIfTagProcessor
[THYMELEAF]             * [* {th:unless}] [400]: org.thymeleaf.standard.processor.StandardUnlessTagProcessor
[THYMELEAF]             * [* {th:object}] [500]: org.thymeleaf.standard.processor.StandardObjectTagProcessor
[THYMELEAF]             * [* {th:with}] [600]: com.intuit.karate.template.KarateWithTagProcessor
[THYMELEAF]             * [* {th:inline}] [1000]: org.thymeleaf.standard.processor.StandardInlineTextualTagProcessor
[THYMELEAF]             * [* {th:text}] [1300]: org.thymeleaf.standard.processor.StandardTextTagProcessor
[THYMELEAF]             * [* {th:utext}] [1400]: org.thymeleaf.standard.processor.StandardUtextTagProcessor
[THYMELEAF]             * [* {th:assert}] [1550]: org.thymeleaf.standard.processor.StandardAssertTagProcessor
[THYMELEAF]             * [* {th:remove}] [1600]: org.thymeleaf.standard.processor.StandardRemoveTagProcessor
[THYMELEAF]             * [* 100000] [org.thymeleaf.standard.processor.StandardBlockTagProcessor]: {}
[THYMELEAF]             * [{th:block} *] [100000]: org.thymeleaf.standard.processor.StandardBlockTagProcessor
[THYMELEAF]         * Text Processors by [precedence]:
[THYMELEAF]             * [1000]: org.thymeleaf.standard.processor.StandardInliningTextProcessor
[THYMELEAF]     * Processors for Template Mode: JAVASCRIPT
[THYMELEAF]         * Element Tag Processors by [matching element and attribute name] [precedence]:
[THYMELEAF]             * [* {th:insert}] [100]: org.thymeleaf.standard.processor.StandardInsertTagProcessor
[THYMELEAF]             * [* {th:replace}] [100]: org.thymeleaf.standard.processor.StandardReplaceTagProcessor
[THYMELEAF]             * [* {th:each}] [200]: com.intuit.karate.template.KarateEachTagProcessor
[THYMELEAF]             * [* {th:switch}] [250]: org.thymeleaf.standard.processor.StandardSwitchTagProcessor
[THYMELEAF]             * [* {th:case}] [275]: org.thymeleaf.standard.processor.StandardCaseTagProcessor
[THYMELEAF]             * [* {th:if}] [300]: org.thymeleaf.standard.processor.StandardIfTagProcessor
[THYMELEAF]             * [* {th:unless}] [400]: org.thymeleaf.standard.processor.StandardUnlessTagProcessor
[THYMELEAF]             * [* {th:object}] [500]: org.thymeleaf.standard.processor.StandardObjectTagProcessor
[THYMELEAF]             * [* {th:with}] [600]: com.intuit.karate.template.KarateWithTagProcessor
[THYMELEAF]             * [* {th:inline}] [1000]: org.thymeleaf.standard.processor.StandardInlineTextualTagProcessor
[THYMELEAF]             * [* {th:text}] [1300]: org.thymeleaf.standard.processor.StandardTextTagProcessor
[THYMELEAF]             * [* {th:utext}] [1400]: org.thymeleaf.standard.processor.StandardUtextTagProcessor
[THYMELEAF]             * [* {th:assert}] [1550]: org.thymeleaf.standard.processor.StandardAssertTagProcessor
[THYMELEAF]             * [* {th:remove}] [1600]: org.thymeleaf.standard.processor.StandardRemoveTagProcessor
[THYMELEAF]             * [* 100000] [org.thymeleaf.standard.processor.StandardBlockTagProcessor]: {}
[THYMELEAF]             * [{th:block} *] [100000]: org.thymeleaf.standard.processor.StandardBlockTagProcessor
[THYMELEAF]         * Text Processors by [precedence]:
[THYMELEAF]             * [1000]: org.thymeleaf.standard.processor.StandardInliningTextProcessor
[THYMELEAF]     * Processors for Template Mode: CSS
[THYMELEAF]         * Element Tag Processors by [matching element and attribute name] [precedence]:
[THYMELEAF]             * [* {th:insert}] [100]: org.thymeleaf.standard.processor.StandardInsertTagProcessor
[THYMELEAF]             * [* {th:replace}] [100]: org.thymeleaf.standard.processor.StandardReplaceTagProcessor
[THYMELEAF]             * [* {th:each}] [200]: com.intuit.karate.template.KarateEachTagProcessor
[THYMELEAF]             * [* {th:switch}] [250]: org.thymeleaf.standard.processor.StandardSwitchTagProcessor
[THYMELEAF]             * [* {th:case}] [275]: org.thymeleaf.standard.processor.StandardCaseTagProcessor
[THYMELEAF]             * [* {th:if}] [300]: org.thymeleaf.standard.processor.StandardIfTagProcessor
[THYMELEAF]             * [* {th:unless}] [400]: org.thymeleaf.standard.processor.StandardUnlessTagProcessor
[THYMELEAF]             * [* {th:object}] [500]: org.thymeleaf.standard.processor.StandardObjectTagProcessor
[THYMELEAF]             * [* {th:with}] [600]: com.intuit.karate.template.KarateWithTagProcessor
[THYMELEAF]             * [* {th:inline}] [1000]: org.thymeleaf.standard.processor.StandardInlineTextualTagProcessor
[THYMELEAF]             * [* {th:text}] [1300]: org.thymeleaf.standard.processor.StandardTextTagProcessor
[THYMELEAF]             * [* {th:utext}] [1400]: org.thymeleaf.standard.processor.StandardUtextTagProcessor
[THYMELEAF]             * [* {th:assert}] [1550]: org.thymeleaf.standard.processor.StandardAssertTagProcessor
[THYMELEAF]             * [* {th:remove}] [1600]: org.thymeleaf.standard.processor.StandardRemoveTagProcessor
[THYMELEAF]             * [{th:block} *] [100000]: org.thymeleaf.standard.processor.StandardBlockTagProcessor
[THYMELEAF]             * [* 100000] [org.thymeleaf.standard.processor.StandardBlockTagProcessor]: {}
[THYMELEAF]         * Text Processors by [precedence]:
[THYMELEAF]             * [1000]: org.thymeleaf.standard.processor.StandardInliningTextProcessor
[THYMELEAF]     * Expression Objects:
[THYMELEAF]         * #ctx
[THYMELEAF]         * #root
[THYMELEAF]         * #vars
[THYMELEAF]         * #object
[THYMELEAF]         * #locale
[THYMELEAF]         * #conversions
[THYMELEAF]         * #uris
[THYMELEAF]         * #temporals
[THYMELEAF]         * #calendars
[THYMELEAF]         * #dates
[THYMELEAF]         * #bools
[THYMELEAF]         * #numbers
[THYMELEAF]         * #objects
[THYMELEAF]         * #strings
[THYMELEAF]         * #arrays
[THYMELEAF]         * #lists
[THYMELEAF]         * #sets
[THYMELEAF]         * #maps
[THYMELEAF]         * #aggregates
[THYMELEAF]         * #messages
[THYMELEAF]         * #ids
[THYMELEAF]         * #execInfo
[THYMELEAF]         * #request
[THYMELEAF]         * #response
[THYMELEAF]         * #session
[THYMELEAF]         * #servletContext
[THYMELEAF]     * Execution Attributes:
[THYMELEAF]         * "StandardExpressionParser": com.intuit.karate.template.KarateStandardDialect@63dc3420
[THYMELEAF]         * "StandardJavaScriptSerializer": org.thymeleaf.standard.serializer.StandardJavaScriptSerializer@284c4f02
[THYMELEAF]         * "StandardCSSSerializer": org.thymeleaf.standard.serializer.StandardCSSSerializer@709d6de5
[THYMELEAF]         * "StandardVariableExpressionEvaluator": com.intuit.karate.template.KarateStandardDialect@63dc3420
[THYMELEAF]         * "StandardConversionService": org.thymeleaf.standard.expression.StandardConversionService@1a43a88e
[THYMELEAF] * Dialect [2 of 2]: karate (com.intuit.karate.template.KarateScriptDialect)
[THYMELEAF]     * Prefix: "ka"
[THYMELEAF]     * Processors for Template Mode: HTML
[THYMELEAF]         * Element Tag Processors by [matching element and attribute name] [precedence]:
[THYMELEAF]             * [* {src}] [1000]: com.intuit.karate.template.KaScriptAttrProcessor
[THYMELEAF]         * Element Model Processors by [matching element and attribute name] [precedence]:
[THYMELEAF]             * [{script} {ka:scope,data-ka-scope}] [1000]: com.intuit.karate.template.KaScriptElemProcessor
[THYMELEAF]             * [* {ka:set,data-ka-set}] [1000]: com.intuit.karate.template.KaSetElemProcessor
[THYMELEAF] TEMPLATE ENGINE CONFIGURED OK
22:35:21.718 [main] DEBUG org.thymeleaf.TemplateEngine -- [THYMELEAF] TEMPLATE ENGINE INITIALIZED
---------------------------------------------------------
feature: classpath:features/auth/register-comprehensive.feature
scenarios:  1 | passed:  1 | failed:  0 | time: 2.7756
---------------------------------------------------------

Karate version: 1.4.1
======================================================
elapsed:   5.14 | threads:    1 | thread time: 2.78 
features:     1 | skipped:    0 | efficiency: 0.54
scenarios:    1 | passed:     1 | failed: 0
======================================================
22:35:22.832 [main] DEBUG org.thymeleaf.TemplateEngine -- [THYMELEAF] INITIALIZING TEMPLATE ENGINE
22:35:22.849 [main] DEBUG org.thymeleaf.TemplateEngine.CONFIG -- Initializing Thymeleaf Template engine configuration...
[THYMELEAF] TEMPLATE ENGINE CONFIGURATION:
[THYMELEAF] * Thymeleaf version: 3.1.2.RELEASE (built 2023-07-30T19:25:50+0000)
[THYMELEAF] * Cache Manager implementation: org.thymeleaf.cache.StandardCacheManager
[THYMELEAF] * Template resolvers:
[THYMELEAF]     * [1] com.intuit.karate.template.ResourceHtmlTemplateResolver
[THYMELEAF] * Message resolvers:
[THYMELEAF]     * org.thymeleaf.messageresolver.StandardMessageResolver
[THYMELEAF] * Link builders:
[THYMELEAF]     * org.thymeleaf.linkbuilder.StandardLinkBuilder
[THYMELEAF] * Dialect [1 of 2]: Standard (com.intuit.karate.template.KarateStandardDialect)
[THYMELEAF]     * Prefix: "th"
[THYMELEAF]     * Processors for Template Mode: HTML
[THYMELEAF]         * Element Tag Processors by [matching element and attribute name] [precedence]:
[THYMELEAF]             * [* {th:include,data-th-include}] [100]: org.thymeleaf.standard.processor.StandardIncludeTagProcessor
[THYMELEAF]             * [* {th:insert,data-th-insert}] [100]: org.thymeleaf.standard.processor.StandardInsertTagProcessor
[THYMELEAF]             * [* {th:replace,data-th-replace}] [100]: org.thymeleaf.standard.processor.StandardReplaceTagProcessor
[THYMELEAF]             * [* {th:each,data-th-each}] [200]: com.intuit.karate.template.KarateEachTagProcessor
[THYMELEAF]             * [* {th:switch,data-th-switch}] [250]: org.thymeleaf.standard.processor.StandardSwitchTagProcessor
[THYMELEAF]             * [* {th:case,data-th-case}] [275]: org.thymeleaf.standard.processor.StandardCaseTagProcessor
[THYMELEAF]             * [* {th:if,data-th-if}] [300]: org.thymeleaf.standard.processor.StandardIfTagProcessor
[THYMELEAF]             * [* {th:unless,data-th-unless}] [400]: org.thymeleaf.standard.processor.StandardUnlessTagProcessor
[THYMELEAF]             * [* {th:object,data-th-object}] [500]: org.thymeleaf.standard.processor.StandardObjectTagProcessor
[THYMELEAF]             * [* {th:with,data-th-with}] [600]: com.intuit.karate.template.KarateWithTagProcessor
[THYMELEAF]             * [* {th:attr,data-th-attr}] [700]: com.intuit.karate.template.KarateAttributeTagProcessor.KarateAttrTagProcessor
[THYMELEAF]             * [* {th:attrappend,data-th-attrappend}] [900]: com.intuit.karate.template.KarateAttributeTagProcessor.KarateAttrappendTagProcessor
[THYMELEAF]             * [* {th:attrprepend,data-th-attrprepend}] [900]: com.intuit.karate.template.KarateAttributeTagProcessor.KarateAttrprependTagProcessor
[THYMELEAF]             * [* {th:alt-title,data-th-alt-title}] [990]: org.thymeleaf.standard.processor.StandardAltTitleTagProcessor
[THYMELEAF]             * [* {th:lang-xmllang,data-th-lang-xmllang}] [990]: org.thymeleaf.standard.processor.StandardLangXmlLangTagProcessor
[THYMELEAF]             * [* {th:action,data-th-action}] [1000]: org.thymeleaf.standard.processor.StandardActionTagProcessor
[THYMELEAF]             * [* {th:declare,data-th-declare}] [1000]: org.thymeleaf.standard.processor.StandardConditionalFixedValueTagProcessor
[THYMELEAF]             * [* {th:formnovalidate,data-th-formnovalidate}] [1000]: org.thymeleaf.standard.processor.StandardConditionalFixedValueTagProcessor
[THYMELEAF]             * [* {th:async,data-th-async}] [1000]: org.thymeleaf.standard.processor.StandardConditionalFixedValueTagProcessor
[THYMELEAF]             * [* {th:selected,data-th-selected}] [1000]: org.thymeleaf.standard.processor.StandardConditionalFixedValueTagProcessor
[THYMELEAF]             * [* {th:novalidate,data-th-novalidate}] [1000]: org.thymeleaf.standard.processor.StandardConditionalFixedValueTagProcessor
[THYMELEAF]             * [* {th:seamless,data-th-seamless}] [1000]: org.thymeleaf.standard.processor.StandardConditionalFixedValueTagProcessor
[THYMELEAF]             * [* {th:controls,data-th-controls}] [1000]: org.thymeleaf.standard.processor.StandardConditionalFixedValueTagProcessor
[THYMELEAF]             * [* {th:ismap,data-th-ismap}] [1000]: org.thymeleaf.standard.processor.StandardConditionalFixedValueTagProcessor
[THYMELEAF]             * [* {th:autoplay,data-th-autoplay}] [1000]: org.thymeleaf.standard.processor.StandardConditionalFixedValueTagProcessor
[THYMELEAF]             * [* {th:scoped,data-th-scoped}] [1000]: org.thymeleaf.standard.processor.StandardConditionalFixedValueTagProcessor
[THYMELEAF]             * [* {th:nowrap,data-th-nowrap}] [1000]: org.thymeleaf.standard.processor.StandardConditionalFixedValueTagProcessor
[THYMELEAF]             * [* {th:loop,data-th-loop}] [1000]: org.thymeleaf.standard.processor.StandardConditionalFixedValueTagProcessor
[THYMELEAF]             * [* {th:multiple,data-th-multiple}] [1000]: org.thymeleaf.standard.processor.StandardConditionalFixedValueTagProcessor
[THYMELEAF]             * [* {th:checked,data-th-checked}] [1000]: org.thymeleaf.standard.processor.StandardConditionalFixedValueTagProcessor
[THYMELEAF]             * [* {th:default,data-th-default}] [1000]: org.thymeleaf.standard.processor.StandardConditionalFixedValueTagProcessor
[THYMELEAF]             * [* {th:disabled,data-th-disabled}] [1000]: org.thymeleaf.standard.processor.StandardConditionalFixedValueTagProcessor
[THYMELEAF]             * [* {th:reversed,data-th-reversed}] [1000]: org.thymeleaf.standard.processor.StandardConditionalFixedValueTagProcessor
[THYMELEAF]             * [* {th:readonly,data-th-readonly}] [1000]: org.thymeleaf.standard.processor.StandardConditionalFixedValueTagProcessor
[THYMELEAF]             * [* {th:defer,data-th-defer}] [1000]: org.thymeleaf.standard.processor.StandardConditionalFixedValueTagProcessor
[THYMELEAF]             * [* {th:hidden,data-th-hidden}] [1000]: org.thymeleaf.standard.processor.StandardConditionalFixedValueTagProcessor
[THYMELEAF]             * [* {th:required,data-th-required}] [1000]: org.thymeleaf.standard.processor.StandardConditionalFixedValueTagProcessor
[THYMELEAF]             * [* {th:autofocus,data-th-autofocus}] [1000]: org.thymeleaf.standard.processor.StandardConditionalFixedValueTagProcessor
[THYMELEAF]             * [* {th:open,data-th-open}] [1000]: org.thymeleaf.standard.processor.StandardConditionalFixedValueTagProcessor
[THYMELEAF]             * [* {th:pubdate,data-th-pubdate}] [1000]: org.thymeleaf.standard.processor.StandardConditionalFixedValueTagProcessor
[THYMELEAF]             * [* {th:onseeking,data-th-onseeking}] [1000]: org.thymeleaf.standard.processor.StandardDOMEventAttributeTagProcessor
[THYMELEAF]             * [* {th:onloadeddata,data-th-onloadeddata}] [1000]: org.thymeleaf.standard.processor.StandardDOMEventAttributeTagProcessor
[THYMELEAF]             * [* {th:ontimeupdate,data-th-ontimeupdate}] [1000]: org.thymeleaf.standard.processor.StandardDOMEventAttributeTagProcessor
[THYMELEAF]             * [* {th:oncanplay,data-th-oncanplay}] [1000]: org.thymeleaf.standard.processor.StandardDOMEventAttributeTagProcessor
[THYMELEAF]             * [* {th:onkeypress,data-th-onkeypress}] [1000]: org.thymeleaf.standard.processor.StandardDOMEventAttributeTagProcessor
[THYMELEAF]             * [* {th:onformchange,data-th-onformchange}] [1000]: org.thymeleaf.standard.processor.StandardDOMEventAttributeTagProcessor
[THYMELEAF]             * [* {th:onplaying,data-th-onplaying}] [1000]: org.thymeleaf.standard.processor.StandardDOMEventAttributeTagProcessor
[THYMELEAF]             * [* {th:onstalled,data-th-onstalled}] [1000]: org.thymeleaf.standard.processor.StandardDOMEventAttributeTagProcessor
[THYMELEAF]             * [* {th:onmessage,data-th-onmessage}] [1000]: org.thymeleaf.standard.processor.StandardDOMEventAttributeTagProcessor
[THYMELEAF]             * [* {th:ondragend,data-th-ondragend}] [1000]: org.thymeleaf.standard.processor.StandardDOMEventAttributeTagProcessor
[THYMELEAF]             * [* {th:onafterprint,data-th-onafterprint}] [1000]: org.thymeleaf.standard.processor.StandardDOMEventAttributeTagProcessor
[THYMELEAF]             * [* {th:oninput,data-th-oninput}] [1000]: org.thymeleaf.standard.processor.StandardDOMEventAttributeTagProcessor
[THYMELEAF]             * [* {th:onmouseout,data-th-onmouseout}] [1000]: org.thymeleaf.standard.processor.StandardDOMEventAttributeTagProcessor
[THYMELEAF]             * [* {th:onmousedown,data-th-onmousedown}] [1000]: org.thymeleaf.standard.processor.StandardDOMEventAttributeTagProcessor
[THYMELEAF]             * [* {th:ononline,data-th-ononline}] [1000]: org.thymeleaf.standard.processor.StandardDOMEventAttributeTagProcessor
[THYMELEAF]             * [* {th:onratechange,data-th-onratechange}] [1000]: org.thymeleaf.standard.processor.StandardDOMEventAttributeTagProcessor
[THYMELEAF]             * [* {th:oninvalid,data-th-oninvalid}] [1000]: org.thymeleaf.standard.processor.StandardDOMEventAttributeTagProcessor
[THYMELEAF]             * [* {th:oncanplaythrough,data-th-oncanplaythrough}] [1000]: org.thymeleaf.standard.processor.StandardDOMEventAttributeTagProcessor
[THYMELEAF]             * [* {th:ondragover,data-th-ondragover}] [1000]: org.thymeleaf.standard.processor.StandardDOMEventAttributeTagProcessor
[THYMELEAF]             * [* {th:ondragstart,data-th-ondragstart}] [1000]: org.thymeleaf.standard.processor.StandardDOMEventAttributeTagProcessor
[THYMELEAF]             * [* {th:onbeforeunload,data-th-onbeforeunload}] [1000]: org.thymeleaf.standard.processor.StandardDOMEventAttributeTagProcessor
[THYMELEAF]             * [* {th:onoffline,data-th-onoffline}] [1000]: org.thymeleaf.standard.processor.StandardDOMEventAttributeTagProcessor
[THYMELEAF]             * [* {th:onbeforeprint,data-th-onbeforeprint}] [1000]: org.thymeleaf.standard.processor.StandardDOMEventAttributeTagProcessor
[THYMELEAF]             * [* {th:ondurationchange,data-th-ondurationchange}] [1000]: org.thymeleaf.standard.processor.StandardDOMEventAttributeTagProcessor
[THYMELEAF]             * [* {th:onhashchange,data-th-onhashchange}] [1000]: org.thymeleaf.standard.processor.StandardDOMEventAttributeTagProcessor
[THYMELEAF]             * [* {th:onreset,data-th-onreset}] [1000]: org.thymeleaf.standard.processor.StandardDOMEventAttributeTagProcessor
[THYMELEAF]             * [* {th:onwaiting,data-th-onwaiting}] [1000]: org.thymeleaf.standard.processor.StandardDOMEventAttributeTagProcessor
[THYMELEAF]             * [* {th:ondrop,data-th-ondrop}] [1000]: org.thymeleaf.standard.processor.StandardDOMEventAttributeTagProcessor
[THYMELEAF]             * [* {th:ondragenter,data-th-ondragenter}] [1000]: org.thymeleaf.standard.processor.StandardDOMEventAttributeTagProcessor
[THYMELEAF]             * [* {th:onmousemove,data-th-onmousemove}] [1000]: org.thymeleaf.standard.processor.StandardDOMEventAttributeTagProcessor
[THYMELEAF]             * [* {th:onunload,data-th-onunload}] [1000]: org.thymeleaf.standard.processor.StandardDOMEventAttributeTagProcessor
[THYMELEAF]             * [* {th:onprogress,data-th-onprogress}] [1000]: org.thymeleaf.standard.processor.StandardDOMEventAttributeTagProcessor
[THYMELEAF]             * [* {th:onmousewheel,data-th-onmousewheel}] [1000]: org.thymeleaf.standard.processor.StandardDOMEventAttributeTagProcessor
[THYMELEAF]             * [* {th:onseeked,data-th-onseeked}] [1000]: org.thymeleaf.standard.processor.StandardDOMEventAttributeTagProcessor
[THYMELEAF]             * [* {th:onsuspend,data-th-onsuspend}] [1000]: org.thymeleaf.standard.processor.StandardDOMEventAttributeTagProcessor
[THYMELEAF]             * [* {th:onkeyup,data-th-onkeyup}] [1000]: org.thymeleaf.standard.processor.StandardDOMEventAttributeTagProcessor
[THYMELEAF]             * [* {th:onload,data-th-onload}] [1000]: org.thymeleaf.standard.processor.StandardDOMEventAttributeTagProcessor
[THYMELEAF]             * [* {th:ondrag,data-th-ondrag}] [1000]: org.thymeleaf.standard.processor.StandardDOMEventAttributeTagProcessor
[THYMELEAF]             * [* {th:onshow,data-th-onshow}] [1000]: org.thymeleaf.standard.processor.StandardDOMEventAttributeTagProcessor
[THYMELEAF]             * [* {th:onblur,data-th-onblur}] [1000]: org.thymeleaf.standard.processor.StandardDOMEventAttributeTagProcessor
[THYMELEAF]             * [* {th:onresize,data-th-onresize}] [1000]: org.thymeleaf.standard.processor.StandardDOMEventAttributeTagProcessor
[THYMELEAF]             * [* {th:onplay,data-th-onplay}] [1000]: org.thymeleaf.standard.processor.StandardDOMEventAttributeTagProcessor
[THYMELEAF]             * [* {th:onselect,data-th-onselect}] [1000]: org.thymeleaf.standard.processor.StandardDOMEventAttributeTagProcessor
[THYMELEAF]             * [* {th:onerror,data-th-onerror}] [1000]: org.thymeleaf.standard.processor.StandardDOMEventAttributeTagProcessor
[THYMELEAF]             * [* {th:oncontextmenu,data-th-oncontextmenu}] [1000]: org.thymeleaf.standard.processor.StandardDOMEventAttributeTagProcessor
[THYMELEAF]             * [* {th:onclick,data-th-onclick}] [1000]: org.thymeleaf.standard.processor.StandardDOMEventAttributeTagProcessor
[THYMELEAF]             * [* {th:onforminput,data-th-onforminput}] [1000]: org.thymeleaf.standard.processor.StandardDOMEventAttributeTagProcessor
[THYMELEAF]             * [* {th:onpause,data-th-onpause}] [1000]: org.thymeleaf.standard.processor.StandardDOMEventAttributeTagProcessor
[THYMELEAF]             * [* {th:onvolumechange,data-th-onvolumechange}] [1000]: org.thymeleaf.standard.processor.StandardDOMEventAttributeTagProcessor
[THYMELEAF]             * [* {th:onscroll,data-th-onscroll}] [1000]: org.thymeleaf.standard.processor.StandardDOMEventAttributeTagProcessor
[THYMELEAF]             * [* {th:onfocus,data-th-onfocus}] [1000]: org.thymeleaf.standard.processor.StandardDOMEventAttributeTagProcessor
[THYMELEAF]             * [* {th:onkeydown,data-th-onkeydown}] [1000]: org.thymeleaf.standard.processor.StandardDOMEventAttributeTagProcessor
[THYMELEAF]             * [* {th:onmouseover,data-th-onmouseover}] [1000]: org.thymeleaf.standard.processor.StandardDOMEventAttributeTagProcessor
[THYMELEAF]             * [* {th:onredo,data-th-onredo}] [1000]: org.thymeleaf.standard.processor.StandardDOMEventAttributeTagProcessor
[THYMELEAF]             * [* {th:onabort,data-th-onabort}] [1000]: org.thymeleaf.standard.processor.StandardDOMEventAttributeTagProcessor
[THYMELEAF]             * [* {th:onloadstart,data-th-onloadstart}] [1000]: org.thymeleaf.standard.processor.StandardDOMEventAttributeTagProcessor
[THYMELEAF]             * [* {th:onmouseup,data-th-onmouseup}] [1000]: org.thymeleaf.standard.processor.StandardDOMEventAttributeTagProcessor
[THYMELEAF]             * [* {th:onsubmit,data-th-onsubmit}] [1000]: org.thymeleaf.standard.processor.StandardDOMEventAttributeTagProcessor
[THYMELEAF]             * [* {th:onundo,data-th-onundo}] [1000]: org.thymeleaf.standard.processor.StandardDOMEventAttributeTagProcessor
[THYMELEAF]             * [* {th:onemptied,data-th-onemptied}] [1000]: org.thymeleaf.standard.processor.StandardDOMEventAttributeTagProcessor
[THYMELEAF]             * [* {th:onreadystatechange,data-th-onreadystatechange}] [1000]: org.thymeleaf.standard.processor.StandardDOMEventAttributeTagProcessor
[THYMELEAF]             * [* {th:onstorage,data-th-onstorage}] [1000]: org.thymeleaf.standard.processor.StandardDOMEventAttributeTagProcessor
[THYMELEAF]             * [* {th:ondragleave,data-th-ondragleave}] [1000]: org.thymeleaf.standard.processor.StandardDOMEventAttributeTagProcessor
[THYMELEAF]             * [* {th:onchange,data-th-onchange}] [1000]: org.thymeleaf.standard.processor.StandardDOMEventAttributeTagProcessor
[THYMELEAF]             * [* {th:onended,data-th-onended}] [1000]: org.thymeleaf.standard.processor.StandardDOMEventAttributeTagProcessor
[THYMELEAF]             * [* {th:ondblclick,data-th-ondblclick}] [1000]: org.thymeleaf.standard.processor.StandardDOMEventAttributeTagProcessor
[THYMELEAF]             * [* {th:onloadedmetadata,data-th-onloadedmetadata}] [1000]: org.thymeleaf.standard.processor.StandardDOMEventAttributeTagProcessor
[THYMELEAF]             * [* {th:onpopstate,data-th-onpopstate}] [1000]: org.thymeleaf.standard.processor.StandardDOMEventAttributeTagProcessor
[THYMELEAF]             * [* {th:href,data-th-href}] [1000]: org.thymeleaf.standard.processor.StandardHrefTagProcessor
[THYMELEAF]             * [* {th:inline,data-th-inline}] [1000]: org.thymeleaf.standard.processor.StandardInlineHTMLTagProcessor
[THYMELEAF]             * [* {th:method,data-th-method}] [1000]: org.thymeleaf.standard.processor.StandardMethodTagProcessor
[THYMELEAF]             * [* {th:name,data-th-name}] [1000]: org.thymeleaf.standard.processor.StandardNonRemovableAttributeTagProcessor
[THYMELEAF]             * [* {th:type,data-th-type}] [1000]: org.thymeleaf.standard.processor.StandardNonRemovableAttributeTagProcessor
[THYMELEAF]             * [* {th:high,data-th-high}] [1000]: org.thymeleaf.standard.processor.StandardRemovableAttributeTagProcessor
[THYMELEAF]             * [* {th:sandbox,data-th-sandbox}] [1000]: org.thymeleaf.standard.processor.StandardRemovableAttributeTagProcessor
[THYMELEAF]             * [* {th:id,data-th-id}] [1000]: org.thymeleaf.standard.processor.StandardRemovableAttributeTagProcessor
[THYMELEAF]             * [* {th:cite,data-th-cite}] [1000]: org.thymeleaf.standard.processor.StandardRemovableAttributeTagProcessor
[THYMELEAF]             * [* {th:list,data-th-list}] [1000]: org.thymeleaf.standard.processor.StandardRemovableAttributeTagProcessor
[THYMELEAF]             * [* {th:keytype,data-th-keytype}] [1000]: org.thymeleaf.standard.processor.StandardRemovableAttributeTagProcessor
[THYMELEAF]             * [* {th:preload,data-th-preload}] [1000]: org.thymeleaf.standard.processor.StandardRemovableAttributeTagProcessor
[THYMELEAF]             * [* {th:datetime,data-th-datetime}] [1000]: org.thymeleaf.standard.processor.StandardRemovableAttributeTagProcessor
[THYMELEAF]             * [* {th:accesskey,data-th-accesskey}] [1000]: org.thymeleaf.standard.processor.StandardRemovableAttributeTagProcessor
[THYMELEAF]             * [* {th:width,data-th-width}] [1000]: org.thymeleaf.standard.processor.StandardRemovableAttributeTagProcessor
[THYMELEAF]             * [* {th:summary,data-th-summary}] [1000]: org.thymeleaf.standard.processor.StandardRemovableAttributeTagProcessor
[THYMELEAF]             * [* {th:headers,data-th-headers}] [1000]: org.thymeleaf.standard.processor.StandardRemovableAttributeTagProcessor
[THYMELEAF]             * [* {th:contenteditable,data-th-contenteditable}] [1000]: org.thymeleaf.standard.processor.StandardRemovableAttributeTagProcessor
[THYMELEAF]             * [* {th:content,data-th-content}] [1000]: org.thymeleaf.standard.processor.StandardRemovableAttributeTagProcessor
[THYMELEAF]             * [* {th:lang,data-th-lang}] [1000]: org.thymeleaf.standard.processor.StandardRemovableAttributeTagProcessor
[THYMELEAF]             * [* {th:usemap,data-th-usemap}] [1000]: org.thymeleaf.standard.processor.StandardRemovableAttributeTagProcessor
[THYMELEAF]             * [* {th:placeholder,data-th-placeholder}] [1000]: org.thymeleaf.standard.processor.StandardRemovableAttributeTagProcessor
[THYMELEAF]             * [* {th:label,data-th-label}] [1000]: org.thymeleaf.standard.processor.StandardRemovableAttributeTagProcessor
[THYMELEAF]             * [* {th:kind,data-th-kind}] [1000]: org.thymeleaf.standard.processor.StandardRemovableAttributeTagProcessor
[THYMELEAF]             * [* {th:start,data-th-start}] [1000]: org.thymeleaf.standard.processor.StandardRemovableAttributeTagProcessor
[THYMELEAF]             * [* {th:pattern,data-th-pattern}] [1000]: org.thymeleaf.standard.processor.StandardRemovableAttributeTagProcessor
[THYMELEAF]             * [* {th:height,data-th-height}] [1000]: org.thymeleaf.standard.processor.StandardRemovableAttributeTagProcessor
[THYMELEAF]             * [* {th:formenctype,data-th-formenctype}] [1000]: org.thymeleaf.standard.processor.StandardRemovableAttributeTagProcessor
[THYMELEAF]             * [* {th:alt,data-th-alt}] [1000]: org.thymeleaf.standard.processor.StandardRemovableAttributeTagProcessor
[THYMELEAF]             * [* {th:manifest,data-th-manifest}] [1000]: org.thymeleaf.standard.processor.StandardRemovableAttributeTagProcessor
[THYMELEAF]             * [* {th:colspan,data-th-colspan}] [1000]: org.thymeleaf.standard.processor.StandardRemovableAttributeTagProcessor
[THYMELEAF]             * [* {th:title,data-th-title}] [1000]: org.thymeleaf.standard.processor.StandardRemovableAttributeTagProcessor
[THYMELEAF]             * [* {th:data,data-th-data}] [1000]: org.thymeleaf.standard.processor.StandardRemovableAttributeTagProcessor
[THYMELEAF]             * [* {th:step,data-th-step}] [1000]: org.thymeleaf.standard.processor.StandardRemovableAttributeTagProcessor
[THYMELEAF]             * [* {th:tabindex,data-th-tabindex}] [1000]: org.thymeleaf.standard.processor.StandardRemovableAttributeTagProcessor
[THYMELEAF]             * [* {th:sizes,data-th-sizes}] [1000]: org.thymeleaf.standard.processor.StandardRemovableAttributeTagProcessor
[THYMELEAF]             * [* {th:align,data-th-align}] [1000]: org.thymeleaf.standard.processor.StandardRemovableAttributeTagProcessor
[THYMELEAF]             * [* {th:optimum,data-th-optimum}] [1000]: org.thymeleaf.standard.processor.StandardRemovableAttributeTagProcessor
[THYMELEAF]             * [* {th:low,data-th-low}] [1000]: org.thymeleaf.standard.processor.StandardRemovableAttributeTagProcessor
[THYMELEAF]             * [* {th:dir,data-th-dir}] [1000]: org.thymeleaf.standard.processor.StandardRemovableAttributeTagProcessor
[THYMELEAF]             * [* {th:codetype,data-th-codetype}] [1000]: org.thymeleaf.standard.processor.StandardRemovableAttributeTagProcessor
[THYMELEAF]             * [* {th:scheme,data-th-scheme}] [1000]: org.thymeleaf.standard.processor.StandardRemovableAttributeTagProcessor
[THYMELEAF]             * [* {th:longdesc,data-th-longdesc}] [1000]: org.thymeleaf.standard.processor.StandardRemovableAttributeTagProcessor
[THYMELEAF]             * [* {th:formtarget,data-th-formtarget}] [1000]: org.thymeleaf.standard.processor.StandardRemovableAttributeTagProcessor
[THYMELEAF]             * [* {th:hspace,data-th-hspace}] [1000]: org.thymeleaf.standard.processor.StandardRemovableAttributeTagProcessor
[THYMELEAF]             * [* {th:frame,data-th-frame}] [1000]: org.thymeleaf.standard.processor.StandardRemovableAttributeTagProcessor
[THYMELEAF]             * [* {th:radiogroup,data-th-radiogroup}] [1000]: org.thymeleaf.standard.processor.StandardRemovableAttributeTagProcessor
[THYMELEAF]             * [* {th:rel,data-th-rel}] [1000]: org.thymeleaf.standard.processor.StandardRemovableAttributeTagProcessor
[THYMELEAF]             * [* {th:scrolling,data-th-scrolling}] [1000]: org.thymeleaf.standard.processor.StandardRemovableAttributeTagProcessor
[THYMELEAF]             * [* {th:axis,data-th-axis}] [1000]: org.thymeleaf.standard.processor.StandardRemovableAttributeTagProcessor
[THYMELEAF]             * [* {th:frameborder,data-th-frameborder}] [1000]: org.thymeleaf.standard.processor.StandardRemovableAttributeTagProcessor
[THYMELEAF]             * [* {th:for,data-th-for}] [1000]: org.thymeleaf.standard.processor.StandardRemovableAttributeTagProcessor
[THYMELEAF]             * [* {th:dropzone,data-th-dropzone}] [1000]: org.thymeleaf.standard.processor.StandardRemovableAttributeTagProcessor
[THYMELEAF]             * [* {th:max,data-th-max}] [1000]: org.thymeleaf.standard.processor.StandardRemovableAttributeTagProcessor
[THYMELEAF]             * [* {th:audio,data-th-audio}] [1000]: org.thymeleaf.standard.processor.StandardRemovableAttributeTagProcessor
[THYMELEAF]             * [* {th:abbr,data-th-abbr}] [1000]: org.thymeleaf.standard.processor.StandardRemovableAttributeTagProcessor
[THYMELEAF]             * [* {th:autocomplete,data-th-autocomplete}] [1000]: org.thymeleaf.standard.processor.StandardRemovableAttributeTagProcessor
[THYMELEAF]             * [* {th:style,data-th-style}] [1000]: org.thymeleaf.standard.processor.StandardRemovableAttributeTagProcessor
[THYMELEAF]             * [* {th:rows,data-th-rows}] [1000]: org.thymeleaf.standard.processor.StandardRemovableAttributeTagProcessor
[THYMELEAF]             * [* {th:marginwidth,data-th-marginwidth}] [1000]: org.thymeleaf.standard.processor.StandardRemovableAttributeTagProcessor
[THYMELEAF]             * [* {th:cellpadding,data-th-cellpadding}] [1000]: org.thymeleaf.standard.processor.StandardRemovableAttributeTagProcessor
[THYMELEAF]             * [* {th:archive,data-th-archive}] [1000]: org.thymeleaf.standard.processor.StandardRemovableAttributeTagProcessor
[THYMELEAF]             * [* {th:background,data-th-background}] [1000]: org.thymeleaf.standard.processor.StandardRemovableAttributeTagProcessor
[THYMELEAF]             * [* {th:form,data-th-form}] [1000]: org.thymeleaf.standard.processor.StandardRemovableAttributeTagProcessor
[THYMELEAF]             * [* {th:rev,data-th-rev}] [1000]: org.thymeleaf.standard.processor.StandardRemovableAttributeTagProcessor
[THYMELEAF]             * [* {th:target,data-th-target}] [1000]: org.thymeleaf.standard.processor.StandardRemovableAttributeTagProcessor
[THYMELEAF]             * [* {th:spellcheck,data-th-spellcheck}] [1000]: org.thymeleaf.standard.processor.StandardRemovableAttributeTagProcessor
[THYMELEAF]             * [* {th:charset,data-th-charset}] [1000]: org.thymeleaf.standard.processor.StandardRemovableAttributeTagProcessor
[THYMELEAF]             * [* {th:cols,data-th-cols}] [1000]: org.thymeleaf.standard.processor.StandardRemovableAttributeTagProcessor
[THYMELEAF]             * [* {th:bgcolor,data-th-bgcolor}] [1000]: org.thymeleaf.standard.processor.StandardRemovableAttributeTagProcessor
[THYMELEAF]             * [* {th:border,data-th-border}] [1000]: org.thymeleaf.standard.processor.StandardRemovableAttributeTagProcessor
[THYMELEAF]             * [* {th:contextmenu,data-th-contextmenu}] [1000]: org.thymeleaf.standard.processor.StandardRemovableAttributeTagProcessor
[THYMELEAF]             * [* {th:size,data-th-size}] [1000]: org.thymeleaf.standard.processor.StandardRemovableAttributeTagProcessor
[THYMELEAF]             * [* {th:draggable,data-th-draggable}] [1000]: org.thymeleaf.standard.processor.StandardRemovableAttributeTagProcessor
[THYMELEAF]             * [* {th:enctype,data-th-enctype}] [1000]: org.thymeleaf.standard.processor.StandardRemovableAttributeTagProcessor
[THYMELEAF]             * [* {th:compact,data-th-compact}] [1000]: org.thymeleaf.standard.processor.StandardRemovableAttributeTagProcessor
[THYMELEAF]             * [* {th:accept-charset,data-th-accept-charset}] [1000]: org.thymeleaf.standard.processor.StandardRemovableAttributeTagProcessor
[THYMELEAF]             * [* {th:icon,data-th-icon}] [1000]: org.thymeleaf.standard.processor.StandardRemovableAttributeTagProcessor
[THYMELEAF]             * [* {th:standby,data-th-standby}] [1000]: org.thymeleaf.standard.processor.StandardRemovableAttributeTagProcessor
[THYMELEAF]             * [* {th:span,data-th-span}] [1000]: org.thymeleaf.standard.processor.StandardRemovableAttributeTagProcessor
[THYMELEAF]             * [* {th:challenge,data-th-challenge}] [1000]: org.thymeleaf.standard.processor.StandardRemovableAttributeTagProcessor
[THYMELEAF]             * [* {th:poster,data-th-poster}] [1000]: org.thymeleaf.standard.processor.StandardRemovableAttributeTagProcessor
[THYMELEAF]             * [* {th:scope,data-th-scope}] [1000]: org.thymeleaf.standard.processor.StandardRemovableAttributeTagProcessor
[THYMELEAF]             * [* {th:formaction,data-th-formaction}] [1000]: org.thymeleaf.standard.processor.StandardRemovableAttributeTagProcessor
[THYMELEAF]             * [* {th:min,data-th-min}] [1000]: org.thymeleaf.standard.processor.StandardRemovableAttributeTagProcessor
[THYMELEAF]             * [* {th:rules,data-th-rules}] [1000]: org.thymeleaf.standard.processor.StandardRemovableAttributeTagProcessor
[THYMELEAF]             * [* {th:http-equiv,data-th-http-equiv}] [1000]: org.thymeleaf.standard.processor.StandardRemovableAttributeTagProcessor
[THYMELEAF]             * [* {th:class,data-th-class}] [1000]: org.thymeleaf.standard.processor.StandardRemovableAttributeTagProcessor
[THYMELEAF]             * [* {th:marginheight,data-th-marginheight}] [1000]: org.thymeleaf.standard.processor.StandardRemovableAttributeTagProcessor
[THYMELEAF]             * [* {th:maxlength,data-th-maxlength}] [1000]: org.thymeleaf.standard.processor.StandardRemovableAttributeTagProcessor
[THYMELEAF]             * [* {th:srclang,data-th-srclang}] [1000]: org.thymeleaf.standard.processor.StandardRemovableAttributeTagProcessor
[THYMELEAF]             * [* {th:vspace,data-th-vspace}] [1000]: org.thymeleaf.standard.processor.StandardRemovableAttributeTagProcessor
[THYMELEAF]             * [* {th:media,data-th-media}] [1000]: org.thymeleaf.standard.processor.StandardRemovableAttributeTagProcessor
[THYMELEAF]             * [* {th:cellspacing,data-th-cellspacing}] [1000]: org.thymeleaf.standard.processor.StandardRemovableAttributeTagProcessor
[THYMELEAF]             * [* {th:wrap,data-th-wrap}] [1000]: org.thymeleaf.standard.processor.StandardRemovableAttributeTagProcessor
[THYMELEAF]             * [* {th:formmethod,data-th-formmethod}] [1000]: org.thymeleaf.standard.processor.StandardRemovableAttributeTagProcessor
[THYMELEAF]             * [* {th:classid,data-th-classid}] [1000]: org.thymeleaf.standard.processor.StandardRemovableAttributeTagProcessor
[THYMELEAF]             * [* {th:codebase,data-th-codebase}] [1000]: org.thymeleaf.standard.processor.StandardRemovableAttributeTagProcessor
[THYMELEAF]             * [* {th:rowspan,data-th-rowspan}] [1000]: org.thymeleaf.standard.processor.StandardRemovableAttributeTagProcessor
[THYMELEAF]             * [* {th:accept,data-th-accept}] [1000]: org.thymeleaf.standard.processor.StandardRemovableAttributeTagProcessor
[THYMELEAF]             * [* {th:valuetype,data-th-valuetype}] [1000]: org.thymeleaf.standard.processor.StandardRemovableAttributeTagProcessor
[THYMELEAF]             * [* {th:hreflang,data-th-hreflang}] [1000]: org.thymeleaf.standard.processor.StandardRemovableAttributeTagProcessor
[THYMELEAF]             * [* {th:src,data-th-src}] [1000]: org.thymeleaf.standard.processor.StandardSrcTagProcessor
[THYMELEAF]             * [* {th:value,data-th-value}] [1000]: org.thymeleaf.standard.processor.StandardValueTagProcessor
[THYMELEAF]             * [* {th:xmlbase,data-th-xmlbase}] [1000]: org.thymeleaf.standard.processor.StandardXmlBaseTagProcessor
[THYMELEAF]             * [* {th:xmllang,data-th-xmllang}] [1000]: org.thymeleaf.standard.processor.StandardXmlLangTagProcessor
[THYMELEAF]             * [* {xmlns:th}] [1000]: org.thymeleaf.standard.processor.StandardXmlNsTagProcessor
[THYMELEAF]             * [* {th:xmlspace,data-th-xmlspace}] [1000]: org.thymeleaf.standard.processor.StandardXmlSpaceTagProcessor
[THYMELEAF]             * [* {th:classappend,data-th-classappend}] [1100]: org.thymeleaf.standard.processor.StandardClassappendTagProcessor
[THYMELEAF]             * [* {th:styleappend,data-th-styleappend}] [1100]: org.thymeleaf.standard.processor.StandardStyleappendTagProcessor
[THYMELEAF]             * [* {th:text,data-th-text}] [1300]: org.thymeleaf.standard.processor.StandardTextTagProcessor
[THYMELEAF]             * [* {th:utext,data-th-utext}] [1400]: org.thymeleaf.standard.processor.StandardUtextTagProcessor
[THYMELEAF]             * [* {th:fragment,data-th-fragment}] [1500]: org.thymeleaf.standard.processor.StandardFragmentTagProcessor
[THYMELEAF]             * [* {th:assert,data-th-assert}] [1550]: org.thymeleaf.standard.processor.StandardAssertTagProcessor
[THYMELEAF]             * [* {th:remove,data-th-remove}] [1600]: org.thymeleaf.standard.processor.StandardRemoveTagProcessor
[THYMELEAF]             * [* {th:ref,data-th-ref}] [10000]: org.thymeleaf.standard.processor.StandardRefAttributeTagProcessor
[THYMELEAF]             * [{th:block,th-block} *] [100000]: org.thymeleaf.standard.processor.StandardBlockTagProcessor
[THYMELEAF]             * [* th:*] [2147483647]: org.thymeleaf.standard.processor.StandardDefaultAttributesTagProcessor
[THYMELEAF]         * Text Processors by [precedence]:
[THYMELEAF]             * [1000]: org.thymeleaf.standard.processor.StandardInliningTextProcessor
[THYMELEAF]         * DOCTYPE Processors by [precedence]:
[THYMELEAF]             * [1000]: org.thymeleaf.standard.processor.StandardTranslationDocTypeProcessor
[THYMELEAF]         * CDATA Section Processors by [precedence]:
[THYMELEAF]             * [1000]: org.thymeleaf.standard.processor.StandardInliningCDATASectionProcessor
[THYMELEAF]         * Comment Processors by [precedence]:
[THYMELEAF]             * [1000]: org.thymeleaf.standard.processor.StandardInliningCommentProcessor
[THYMELEAF]             * [1100]: org.thymeleaf.standard.processor.StandardConditionalCommentProcessor
[THYMELEAF]     * Processors for Template Mode: XML
[THYMELEAF]         * Element Tag Processors by [matching element and attribute name] [precedence]:
[THYMELEAF]             * [* {th:include}] [100]: org.thymeleaf.standard.processor.StandardIncludeTagProcessor
[THYMELEAF]             * [* {th:insert}] [100]: org.thymeleaf.standard.processor.StandardInsertTagProcessor
[THYMELEAF]             * [* {th:replace}] [100]: org.thymeleaf.standard.processor.StandardReplaceTagProcessor
[THYMELEAF]             * [* {th:each}] [200]: com.intuit.karate.template.KarateEachTagProcessor
[THYMELEAF]             * [* {th:switch}] [250]: org.thymeleaf.standard.processor.StandardSwitchTagProcessor
[THYMELEAF]             * [* {th:case}] [275]: org.thymeleaf.standard.processor.StandardCaseTagProcessor
[THYMELEAF]             * [* {th:if}] [300]: org.thymeleaf.standard.processor.StandardIfTagProcessor
[THYMELEAF]             * [* {th:unless}] [400]: org.thymeleaf.standard.processor.StandardUnlessTagProcessor
[THYMELEAF]             * [* {th:object}] [500]: org.thymeleaf.standard.processor.StandardObjectTagProcessor
[THYMELEAF]             * [* {th:with}] [600]: com.intuit.karate.template.KarateWithTagProcessor
[THYMELEAF]             * [* {th:attr}] [700]: com.intuit.karate.template.KarateAttributeTagProcessor.KarateAttrTagProcessor
[THYMELEAF]             * [* {th:attrappend}] [900]: com.intuit.karate.template.KarateAttributeTagProcessor.KarateAttrappendTagProcessor
[THYMELEAF]             * [* {th:attrprepend}] [900]: com.intuit.karate.template.KarateAttributeTagProcessor.KarateAttrprependTagProcessor
[THYMELEAF]             * [* {th:inline}] [1000]: org.thymeleaf.standard.processor.StandardInlineXMLTagProcessor
[THYMELEAF]             * [* {xmlns:th}] [1000]: org.thymeleaf.standard.processor.StandardXmlNsTagProcessor
[THYMELEAF]             * [* {th:text}] [1300]: org.thymeleaf.standard.processor.StandardTextTagProcessor
[THYMELEAF]             * [* {th:utext}] [1400]: org.thymeleaf.standard.processor.StandardUtextTagProcessor
[THYMELEAF]             * [* {th:fragment}] [1500]: org.thymeleaf.standard.processor.StandardFragmentTagProcessor
[THYMELEAF]             * [* {th:assert}] [1550]: org.thymeleaf.standard.processor.StandardAssertTagProcessor
[THYMELEAF]             * [* {th:remove}] [1600]: org.thymeleaf.standard.processor.StandardRemoveTagProcessor
[THYMELEAF]             * [* {th:ref}] [10000]: org.thymeleaf.standard.processor.StandardRefAttributeTagProcessor
[THYMELEAF]             * [{th:block} *] [100000]: org.thymeleaf.standard.processor.StandardBlockTagProcessor
[THYMELEAF]             * [* th:*] [2147483647]: org.thymeleaf.standard.processor.StandardDefaultAttributesTagProcessor
[THYMELEAF]         * Text Processors by [precedence]:
[THYMELEAF]             * [1000]: org.thymeleaf.standard.processor.StandardInliningTextProcessor
[THYMELEAF]         * CDATA Section Processors by [precedence]:
[THYMELEAF]             * [1000]: org.thymeleaf.standard.processor.StandardInliningCDATASectionProcessor
[THYMELEAF]         * Comment Processors by [precedence]:
[THYMELEAF]             * [1000]: org.thymeleaf.standard.processor.StandardInliningCommentProcessor
[THYMELEAF]     * Processors for Template Mode: TEXT
[THYMELEAF]         * Element Tag Processors by [matching element and attribute name] [precedence]:
[THYMELEAF]             * [* {th:insert}] [100]: org.thymeleaf.standard.processor.StandardInsertTagProcessor
[THYMELEAF]             * [* {th:replace}] [100]: org.thymeleaf.standard.processor.StandardReplaceTagProcessor
[THYMELEAF]             * [* {th:each}] [200]: com.intuit.karate.template.KarateEachTagProcessor
[THYMELEAF]             * [* {th:switch}] [250]: org.thymeleaf.standard.processor.StandardSwitchTagProcessor
[THYMELEAF]             * [* {th:case}] [275]: org.thymeleaf.standard.processor.StandardCaseTagProcessor
[THYMELEAF]             * [* {th:if}] [300]: org.thymeleaf.standard.processor.StandardIfTagProcessor
[THYMELEAF]             * [* {th:unless}] [400]: org.thymeleaf.standard.processor.StandardUnlessTagProcessor
[THYMELEAF]             * [* {th:object}] [500]: org.thymeleaf.standard.processor.StandardObjectTagProcessor
[THYMELEAF]             * [* {th:with}] [600]: com.intuit.karate.template.KarateWithTagProcessor
[THYMELEAF]             * [* {th:inline}] [1000]: org.thymeleaf.standard.processor.StandardInlineTextualTagProcessor
[THYMELEAF]             * [* {th:text}] [1300]: org.thymeleaf.standard.processor.StandardTextTagProcessor
[THYMELEAF]             * [* {th:utext}] [1400]: org.thymeleaf.standard.processor.StandardUtextTagProcessor
[THYMELEAF]             * [* {th:assert}] [1550]: org.thymeleaf.standard.processor.StandardAssertTagProcessor
[THYMELEAF]             * [* {th:remove}] [1600]: org.thymeleaf.standard.processor.StandardRemoveTagProcessor
[THYMELEAF]             * [* 100000] [org.thymeleaf.standard.processor.StandardBlockTagProcessor]: {}
[THYMELEAF]             * [{th:block} *] [100000]: org.thymeleaf.standard.processor.StandardBlockTagProcessor
[THYMELEAF]         * Text Processors by [precedence]:
[THYMELEAF]             * [1000]: org.thymeleaf.standard.processor.StandardInliningTextProcessor
[THYMELEAF]     * Processors for Template Mode: JAVASCRIPT
[THYMELEAF]         * Element Tag Processors by [matching element and attribute name] [precedence]:
[THYMELEAF]             * [* {th:insert}] [100]: org.thymeleaf.standard.processor.StandardInsertTagProcessor
[THYMELEAF]             * [* {th:replace}] [100]: org.thymeleaf.standard.processor.StandardReplaceTagProcessor
[THYMELEAF]             * [* {th:each}] [200]: com.intuit.karate.template.KarateEachTagProcessor
[THYMELEAF]             * [* {th:switch}] [250]: org.thymeleaf.standard.processor.StandardSwitchTagProcessor
[THYMELEAF]             * [* {th:case}] [275]: org.thymeleaf.standard.processor.StandardCaseTagProcessor
[THYMELEAF]             * [* {th:if}] [300]: org.thymeleaf.standard.processor.StandardIfTagProcessor
[THYMELEAF]             * [* {th:unless}] [400]: org.thymeleaf.standard.processor.StandardUnlessTagProcessor
[THYMELEAF]             * [* {th:object}] [500]: org.thymeleaf.standard.processor.StandardObjectTagProcessor
[THYMELEAF]             * [* {th:with}] [600]: com.intuit.karate.template.KarateWithTagProcessor
[THYMELEAF]             * [* {th:inline}] [1000]: org.thymeleaf.standard.processor.StandardInlineTextualTagProcessor
[THYMELEAF]             * [* {th:text}] [1300]: org.thymeleaf.standard.processor.StandardTextTagProcessor
[THYMELEAF]             * [* {th:utext}] [1400]: org.thymeleaf.standard.processor.StandardUtextTagProcessor
[THYMELEAF]             * [* {th:assert}] [1550]: org.thymeleaf.standard.processor.StandardAssertTagProcessor
[THYMELEAF]             * [* {th:remove}] [1600]: org.thymeleaf.standard.processor.StandardRemoveTagProcessor
[THYMELEAF]             * [* 100000] [org.thymeleaf.standard.processor.StandardBlockTagProcessor]: {}
[THYMELEAF]             * [{th:block} *] [100000]: org.thymeleaf.standard.processor.StandardBlockTagProcessor
[THYMELEAF]         * Text Processors by [precedence]:
[THYMELEAF]             * [1000]: org.thymeleaf.standard.processor.StandardInliningTextProcessor
[THYMELEAF]     * Processors for Template Mode: CSS
[THYMELEAF]         * Element Tag Processors by [matching element and attribute name] [precedence]:
[THYMELEAF]             * [* {th:insert}] [100]: org.thymeleaf.standard.processor.StandardInsertTagProcessor
[THYMELEAF]             * [* {th:replace}] [100]: org.thymeleaf.standard.processor.StandardReplaceTagProcessor
[THYMELEAF]             * [* {th:each}] [200]: com.intuit.karate.template.KarateEachTagProcessor
[THYMELEAF]             * [* {th:switch}] [250]: org.thymeleaf.standard.processor.StandardSwitchTagProcessor
[THYMELEAF]             * [* {th:case}] [275]: org.thymeleaf.standard.processor.StandardCaseTagProcessor
[THYMELEAF]             * [* {th:if}] [300]: org.thymeleaf.standard.processor.StandardIfTagProcessor
[THYMELEAF]             * [* {th:unless}] [400]: org.thymeleaf.standard.processor.StandardUnlessTagProcessor
[THYMELEAF]             * [* {th:object}] [500]: org.thymeleaf.standard.processor.StandardObjectTagProcessor
[THYMELEAF]             * [* {th:with}] [600]: com.intuit.karate.template.KarateWithTagProcessor
[THYMELEAF]             * [* {th:inline}] [1000]: org.thymeleaf.standard.processor.StandardInlineTextualTagProcessor
[THYMELEAF]             * [* {th:text}] [1300]: org.thymeleaf.standard.processor.StandardTextTagProcessor
[THYMELEAF]             * [* {th:utext}] [1400]: org.thymeleaf.standard.processor.StandardUtextTagProcessor
[THYMELEAF]             * [* {th:assert}] [1550]: org.thymeleaf.standard.processor.StandardAssertTagProcessor
[THYMELEAF]             * [* {th:remove}] [1600]: org.thymeleaf.standard.processor.StandardRemoveTagProcessor
[THYMELEAF]             * [* 100000] [org.thymeleaf.standard.processor.StandardBlockTagProcessor]: {}
[THYMELEAF]             * [{th:block} *] [100000]: org.thymeleaf.standard.processor.StandardBlockTagProcessor
[THYMELEAF]         * Text Processors by [precedence]:
[THYMELEAF]             * [1000]: org.thymeleaf.standard.processor.StandardInliningTextProcessor
[THYMELEAF]     * Expression Objects:
[THYMELEAF]         * #ctx
[THYMELEAF]         * #root
[THYMELEAF]         * #vars
[THYMELEAF]         * #object
[THYMELEAF]         * #locale
[THYMELEAF]         * #conversions
[THYMELEAF]         * #uris
[THYMELEAF]         * #temporals
[THYMELEAF]         * #calendars
[THYMELEAF]         * #dates
[THYMELEAF]         * #bools
[THYMELEAF]         * #numbers
[THYMELEAF]         * #objects
[THYMELEAF]         * #strings
[THYMELEAF]         * #arrays
[THYMELEAF]         * #lists
[THYMELEAF]         * #sets
[THYMELEAF]         * #maps
[THYMELEAF]         * #aggregates
[THYMELEAF]         * #messages
[THYMELEAF]         * #ids
[THYMELEAF]         * #execInfo
[THYMELEAF]         * #request
[THYMELEAF]         * #response
[THYMELEAF]         * #session
[THYMELEAF]         * #servletContext
[THYMELEAF]     * Execution Attributes:
[THYMELEAF]         * "StandardExpressionParser": com.intuit.karate.template.KarateStandardDialect@799fb45e
[THYMELEAF]         * "StandardJavaScriptSerializer": org.thymeleaf.standard.serializer.StandardJavaScriptSerializer@7a34c1f6
[THYMELEAF]         * "StandardCSSSerializer": org.thymeleaf.standard.serializer.StandardCSSSerializer@6e9f8160
[THYMELEAF]         * "StandardVariableExpressionEvaluator": com.intuit.karate.template.KarateStandardDialect@799fb45e
[THYMELEAF]         * "StandardConversionService": org.thymeleaf.standard.expression.StandardConversionService@3e998033
[THYMELEAF] * Dialect [2 of 2]: karate (com.intuit.karate.template.KarateScriptDialect)
[THYMELEAF]     * Prefix: "ka"
[THYMELEAF]     * Processors for Template Mode: HTML
[THYMELEAF]         * Element Tag Processors by [matching element and attribute name] [precedence]:
[THYMELEAF]             * [* {src}] [1000]: com.intuit.karate.template.KaScriptAttrProcessor
[THYMELEAF]         * Element Model Processors by [matching element and attribute name] [precedence]:
[THYMELEAF]             * [{script} {ka:scope,data-ka-scope}] [1000]: com.intuit.karate.template.KaScriptElemProcessor
[THYMELEAF]             * [* {ka:set,data-ka-set}] [1000]: com.intuit.karate.template.KaSetElemProcessor
[THYMELEAF] TEMPLATE ENGINE CONFIGURED OK
22:35:22.849 [main] DEBUG org.thymeleaf.TemplateEngine -- [THYMELEAF] TEMPLATE ENGINE INITIALIZED
22:35:22.856 [main] DEBUG org.thymeleaf.TemplateEngine -- [THYMELEAF] INITIALIZING TEMPLATE ENGINE
22:35:22.869 [main] DEBUG org.thymeleaf.TemplateEngine.CONFIG -- Initializing Thymeleaf Template engine configuration...
[THYMELEAF] TEMPLATE ENGINE CONFIGURATION:
[THYMELEAF] * Thymeleaf version: 3.1.2.RELEASE (built 2023-07-30T19:25:50+0000)
[THYMELEAF] * Cache Manager implementation: org.thymeleaf.cache.StandardCacheManager
[THYMELEAF] * Template resolvers:
[THYMELEAF]     * [1] com.intuit.karate.template.ResourceHtmlTemplateResolver
[THYMELEAF] * Message resolvers:
[THYMELEAF]     * org.thymeleaf.messageresolver.StandardMessageResolver
[THYMELEAF] * Link builders:
[THYMELEAF]     * org.thymeleaf.linkbuilder.StandardLinkBuilder
[THYMELEAF] * Dialect [1 of 2]: Standard (com.intuit.karate.template.KarateStandardDialect)
[THYMELEAF]     * Prefix: "th"
[THYMELEAF]     * Processors for Template Mode: HTML
[THYMELEAF]         * Element Tag Processors by [matching element and attribute name] [precedence]:
[THYMELEAF]             * [* {th:include,data-th-include}] [100]: org.thymeleaf.standard.processor.StandardIncludeTagProcessor
[THYMELEAF]             * [* {th:insert,data-th-insert}] [100]: org.thymeleaf.standard.processor.StandardInsertTagProcessor
[THYMELEAF]             * [* {th:replace,data-th-replace}] [100]: org.thymeleaf.standard.processor.StandardReplaceTagProcessor
[THYMELEAF]             * [* {th:each,data-th-each}] [200]: com.intuit.karate.template.KarateEachTagProcessor
[THYMELEAF]             * [* {th:switch,data-th-switch}] [250]: org.thymeleaf.standard.processor.StandardSwitchTagProcessor
[THYMELEAF]             * [* {th:case,data-th-case}] [275]: org.thymeleaf.standard.processor.StandardCaseTagProcessor
[THYMELEAF]             * [* {th:if,data-th-if}] [300]: org.thymeleaf.standard.processor.StandardIfTagProcessor
[THYMELEAF]             * [* {th:unless,data-th-unless}] [400]: org.thymeleaf.standard.processor.StandardUnlessTagProcessor
[THYMELEAF]             * [* {th:object,data-th-object}] [500]: org.thymeleaf.standard.processor.StandardObjectTagProcessor
[THYMELEAF]             * [* {th:with,data-th-with}] [600]: com.intuit.karate.template.KarateWithTagProcessor
[THYMELEAF]             * [* {th:attr,data-th-attr}] [700]: com.intuit.karate.template.KarateAttributeTagProcessor.KarateAttrTagProcessor
[THYMELEAF]             * [* {th:attrappend,data-th-attrappend}] [900]: com.intuit.karate.template.KarateAttributeTagProcessor.KarateAttrappendTagProcessor
[THYMELEAF]             * [* {th:attrprepend,data-th-attrprepend}] [900]: com.intuit.karate.template.KarateAttributeTagProcessor.KarateAttrprependTagProcessor
[THYMELEAF]             * [* {th:alt-title,data-th-alt-title}] [990]: org.thymeleaf.standard.processor.StandardAltTitleTagProcessor
[THYMELEAF]             * [* {th:lang-xmllang,data-th-lang-xmllang}] [990]: org.thymeleaf.standard.processor.StandardLangXmlLangTagProcessor
[THYMELEAF]             * [* {th:action,data-th-action}] [1000]: org.thymeleaf.standard.processor.StandardActionTagProcessor
[THYMELEAF]             * [* {th:novalidate,data-th-novalidate}] [1000]: org.thymeleaf.standard.processor.StandardConditionalFixedValueTagProcessor
[THYMELEAF]             * [* {th:ismap,data-th-ismap}] [1000]: org.thymeleaf.standard.processor.StandardConditionalFixedValueTagProcessor
[THYMELEAF]             * [* {th:required,data-th-required}] [1000]: org.thymeleaf.standard.processor.StandardConditionalFixedValueTagProcessor
[THYMELEAF]             * [* {th:reversed,data-th-reversed}] [1000]: org.thymeleaf.standard.processor.StandardConditionalFixedValueTagProcessor
[THYMELEAF]             * [* {th:disabled,data-th-disabled}] [1000]: org.thymeleaf.standard.processor.StandardConditionalFixedValueTagProcessor
[THYMELEAF]             * [* {th:nowrap,data-th-nowrap}] [1000]: org.thymeleaf.standard.processor.StandardConditionalFixedValueTagProcessor
[THYMELEAF]             * [* {th:defer,data-th-defer}] [1000]: org.thymeleaf.standard.processor.StandardConditionalFixedValueTagProcessor
[THYMELEAF]             * [* {th:loop,data-th-loop}] [1000]: org.thymeleaf.standard.processor.StandardConditionalFixedValueTagProcessor
[THYMELEAF]             * [* {th:default,data-th-default}] [1000]: org.thymeleaf.standard.processor.StandardConditionalFixedValueTagProcessor
[THYMELEAF]             * [* {th:multiple,data-th-multiple}] [1000]: org.thymeleaf.standard.processor.StandardConditionalFixedValueTagProcessor
[THYMELEAF]             * [* {th:readonly,data-th-readonly}] [1000]: org.thymeleaf.standard.processor.StandardConditionalFixedValueTagProcessor
[THYMELEAF]             * [* {th:scoped,data-th-scoped}] [1000]: org.thymeleaf.standard.processor.StandardConditionalFixedValueTagProcessor
[THYMELEAF]             * [* {th:autofocus,data-th-autofocus}] [1000]: org.thymeleaf.standard.processor.StandardConditionalFixedValueTagProcessor
[THYMELEAF]             * [* {th:pubdate,data-th-pubdate}] [1000]: org.thymeleaf.standard.processor.StandardConditionalFixedValueTagProcessor
[THYMELEAF]             * [* {th:formnovalidate,data-th-formnovalidate}] [1000]: org.thymeleaf.standard.processor.StandardConditionalFixedValueTagProcessor
[THYMELEAF]             * [* {th:declare,data-th-declare}] [1000]: org.thymeleaf.standard.processor.StandardConditionalFixedValueTagProcessor
[THYMELEAF]             * [* {th:controls,data-th-controls}] [1000]: org.thymeleaf.standard.processor.StandardConditionalFixedValueTagProcessor
[THYMELEAF]             * [* {th:async,data-th-async}] [1000]: org.thymeleaf.standard.processor.StandardConditionalFixedValueTagProcessor
[THYMELEAF]             * [* {th:selected,data-th-selected}] [1000]: org.thymeleaf.standard.processor.StandardConditionalFixedValueTagProcessor
[THYMELEAF]             * [* {th:open,data-th-open}] [1000]: org.thymeleaf.standard.processor.StandardConditionalFixedValueTagProcessor
[THYMELEAF]             * [* {th:checked,data-th-checked}] [1000]: org.thymeleaf.standard.processor.StandardConditionalFixedValueTagProcessor
[THYMELEAF]             * [* {th:autoplay,data-th-autoplay}] [1000]: org.thymeleaf.standard.processor.StandardConditionalFixedValueTagProcessor
[THYMELEAF]             * [* {th:seamless,data-th-seamless}] [1000]: org.thymeleaf.standard.processor.StandardConditionalFixedValueTagProcessor
[THYMELEAF]             * [* {th:hidden,data-th-hidden}] [1000]: org.thymeleaf.standard.processor.StandardConditionalFixedValueTagProcessor
[THYMELEAF]             * [* {th:ondragleave,data-th-ondragleave}] [1000]: org.thymeleaf.standard.processor.StandardDOMEventAttributeTagProcessor
[THYMELEAF]             * [* {th:onmouseout,data-th-onmouseout}] [1000]: org.thymeleaf.standard.processor.StandardDOMEventAttributeTagProcessor
[THYMELEAF]             * [* {th:onplay,data-th-onplay}] [1000]: org.thymeleaf.standard.processor.StandardDOMEventAttributeTagProcessor
[THYMELEAF]             * [* {th:onbeforeunload,data-th-onbeforeunload}] [1000]: org.thymeleaf.standard.processor.StandardDOMEventAttributeTagProcessor
[THYMELEAF]             * [* {th:onresize,data-th-onresize}] [1000]: org.thymeleaf.standard.processor.StandardDOMEventAttributeTagProcessor
[THYMELEAF]             * [* {th:onmousedown,data-th-onmousedown}] [1000]: org.thymeleaf.standard.processor.StandardDOMEventAttributeTagProcessor
[THYMELEAF]             * [* {th:onabort,data-th-onabort}] [1000]: org.thymeleaf.standard.processor.StandardDOMEventAttributeTagProcessor
[THYMELEAF]             * [* {th:onhashchange,data-th-onhashchange}] [1000]: org.thymeleaf.standard.processor.StandardDOMEventAttributeTagProcessor
[THYMELEAF]             * [* {th:onsubmit,data-th-onsubmit}] [1000]: org.thymeleaf.standard.processor.StandardDOMEventAttributeTagProcessor
[THYMELEAF]             * [* {th:onratechange,data-th-onratechange}] [1000]: org.thymeleaf.standard.processor.StandardDOMEventAttributeTagProcessor
[THYMELEAF]             * [* {th:ondurationchange,data-th-ondurationchange}] [1000]: org.thymeleaf.standard.processor.StandardDOMEventAttributeTagProcessor
[THYMELEAF]             * [* {th:onvolumechange,data-th-onvolumechange}] [1000]: org.thymeleaf.standard.processor.StandardDOMEventAttributeTagProcessor
[THYMELEAF]             * [* {th:onemptied,data-th-onemptied}] [1000]: org.thymeleaf.standard.processor.StandardDOMEventAttributeTagProcessor
[THYMELEAF]             * [* {th:onshow,data-th-onshow}] [1000]: org.thymeleaf.standard.processor.StandardDOMEventAttributeTagProcessor
[THYMELEAF]             * [* {th:onreset,data-th-onreset}] [1000]: org.thymeleaf.standard.processor.StandardDOMEventAttributeTagProcessor
[THYMELEAF]             * [* {th:onseeking,data-th-onseeking}] [1000]: org.thymeleaf.standard.processor.StandardDOMEventAttributeTagProcessor
[THYMELEAF]             * [* {th:onplaying,data-th-onplaying}] [1000]: org.thymeleaf.standard.processor.StandardDOMEventAttributeTagProcessor
[THYMELEAF]             * [* {th:onchange,data-th-onchange}] [1000]: org.thymeleaf.standard.processor.StandardDOMEventAttributeTagProcessor
[THYMELEAF]             * [* {th:onloadstart,data-th-onloadstart}] [1000]: org.thymeleaf.standard.processor.StandardDOMEventAttributeTagProcessor
[THYMELEAF]             * [* {th:ondragend,data-th-ondragend}] [1000]: org.thymeleaf.standard.processor.StandardDOMEventAttributeTagProcessor
[THYMELEAF]             * [* {th:ondrop,data-th-ondrop}] [1000]: org.thymeleaf.standard.processor.StandardDOMEventAttributeTagProcessor
[THYMELEAF]             * [* {th:onkeyup,data-th-onkeyup}] [1000]: org.thymeleaf.standard.processor.StandardDOMEventAttributeTagProcessor
[THYMELEAF]             * [* {th:onscroll,data-th-onscroll}] [1000]: org.thymeleaf.standard.processor.StandardDOMEventAttributeTagProcessor
[THYMELEAF]             * [* {th:ondrag,data-th-ondrag}] [1000]: org.thymeleaf.standard.processor.StandardDOMEventAttributeTagProcessor
[THYMELEAF]             * [* {th:onmouseover,data-th-onmouseover}] [1000]: org.thymeleaf.standard.processor.StandardDOMEventAttributeTagProcessor
[THYMELEAF]             * [* {th:oncontextmenu,data-th-oncontextmenu}] [1000]: org.thymeleaf.standard.processor.StandardDOMEventAttributeTagProcessor
[THYMELEAF]             * [* {th:onselect,data-th-onselect}] [1000]: org.thymeleaf.standard.processor.StandardDOMEventAttributeTagProcessor
[THYMELEAF]             * [* {th:onbeforeprint,data-th-onbeforeprint}] [1000]: org.thymeleaf.standard.processor.StandardDOMEventAttributeTagProcessor
[THYMELEAF]             * [* {th:onblur,data-th-onblur}] [1000]: org.thymeleaf.standard.processor.StandardDOMEventAttributeTagProcessor
[THYMELEAF]             * [* {th:onformchange,data-th-onformchange}] [1000]: org.thymeleaf.standard.processor.StandardDOMEventAttributeTagProcessor
[THYMELEAF]             * [* {th:onundo,data-th-onundo}] [1000]: org.thymeleaf.standard.processor.StandardDOMEventAttributeTagProcessor
[THYMELEAF]             * [* {th:ononline,data-th-ononline}] [1000]: org.thymeleaf.standard.processor.StandardDOMEventAttributeTagProcessor
[THYMELEAF]             * [* {th:onreadystatechange,data-th-onreadystatechange}] [1000]: org.thymeleaf.standard.processor.StandardDOMEventAttributeTagProcessor
[THYMELEAF]             * [* {th:onclick,data-th-onclick}] [1000]: org.thymeleaf.standard.processor.StandardDOMEventAttributeTagProcessor
[THYMELEAF]             * [* {th:ondblclick,data-th-ondblclick}] [1000]: org.thymeleaf.standard.processor.StandardDOMEventAttributeTagProcessor
[THYMELEAF]             * [* {th:onloadedmetadata,data-th-onloadedmetadata}] [1000]: org.thymeleaf.standard.processor.StandardDOMEventAttributeTagProcessor
[THYMELEAF]             * [* {th:onloadeddata,data-th-onloadeddata}] [1000]: org.thymeleaf.standard.processor.StandardDOMEventAttributeTagProcessor
[THYMELEAF]             * [* {th:onpopstate,data-th-onpopstate}] [1000]: org.thymeleaf.standard.processor.StandardDOMEventAttributeTagProcessor
[THYMELEAF]             * [* {th:onsuspend,data-th-onsuspend}] [1000]: org.thymeleaf.standard.processor.StandardDOMEventAttributeTagProcessor
[THYMELEAF]             * [* {th:onafterprint,data-th-onafterprint}] [1000]: org.thymeleaf.standard.processor.StandardDOMEventAttributeTagProcessor
[THYMELEAF]             * [* {th:onredo,data-th-onredo}] [1000]: org.thymeleaf.standard.processor.StandardDOMEventAttributeTagProcessor
[THYMELEAF]             * [* {th:ondragstart,data-th-ondragstart}] [1000]: org.thymeleaf.standard.processor.StandardDOMEventAttributeTagProcessor
[THYMELEAF]             * [* {th:onended,data-th-onended}] [1000]: org.thymeleaf.standard.processor.StandardDOMEventAttributeTagProcessor
[THYMELEAF]             * [* {th:onprogress,data-th-onprogress}] [1000]: org.thymeleaf.standard.processor.StandardDOMEventAttributeTagProcessor
[THYMELEAF]             * [* {th:onpause,data-th-onpause}] [1000]: org.thymeleaf.standard.processor.StandardDOMEventAttributeTagProcessor
[THYMELEAF]             * [* {th:onmousewheel,data-th-onmousewheel}] [1000]: org.thymeleaf.standard.processor.StandardDOMEventAttributeTagProcessor
[THYMELEAF]             * [* {th:onstorage,data-th-onstorage}] [1000]: org.thymeleaf.standard.processor.StandardDOMEventAttributeTagProcessor
[THYMELEAF]             * [* {th:onforminput,data-th-onforminput}] [1000]: org.thymeleaf.standard.processor.StandardDOMEventAttributeTagProcessor
[THYMELEAF]             * [* {th:oninput,data-th-oninput}] [1000]: org.thymeleaf.standard.processor.StandardDOMEventAttributeTagProcessor
[THYMELEAF]             * [* {th:onseeked,data-th-onseeked}] [1000]: org.thymeleaf.standard.processor.StandardDOMEventAttributeTagProcessor
[THYMELEAF]             * [* {th:onfocus,data-th-onfocus}] [1000]: org.thymeleaf.standard.processor.StandardDOMEventAttributeTagProcessor
[THYMELEAF]             * [* {th:onmouseup,data-th-onmouseup}] [1000]: org.thymeleaf.standard.processor.StandardDOMEventAttributeTagProcessor
[THYMELEAF]             * [* {th:ontimeupdate,data-th-ontimeupdate}] [1000]: org.thymeleaf.standard.processor.StandardDOMEventAttributeTagProcessor
[THYMELEAF]             * [* {th:onoffline,data-th-onoffline}] [1000]: org.thymeleaf.standard.processor.StandardDOMEventAttributeTagProcessor
[THYMELEAF]             * [* {th:ondragover,data-th-ondragover}] [1000]: org.thymeleaf.standard.processor.StandardDOMEventAttributeTagProcessor
[THYMELEAF]             * [* {th:onmousemove,data-th-onmousemove}] [1000]: org.thymeleaf.standard.processor.StandardDOMEventAttributeTagProcessor
[THYMELEAF]             * [* {th:onerror,data-th-onerror}] [1000]: org.thymeleaf.standard.processor.StandardDOMEventAttributeTagProcessor
[THYMELEAF]             * [* {th:onmessage,data-th-onmessage}] [1000]: org.thymeleaf.standard.processor.StandardDOMEventAttributeTagProcessor
[THYMELEAF]             * [* {th:onkeydown,data-th-onkeydown}] [1000]: org.thymeleaf.standard.processor.StandardDOMEventAttributeTagProcessor
[THYMELEAF]             * [* {th:onstalled,data-th-onstalled}] [1000]: org.thymeleaf.standard.processor.StandardDOMEventAttributeTagProcessor
[THYMELEAF]             * [* {th:oncanplay,data-th-oncanplay}] [1000]: org.thymeleaf.standard.processor.StandardDOMEventAttributeTagProcessor
[THYMELEAF]             * [* {th:onload,data-th-onload}] [1000]: org.thymeleaf.standard.processor.StandardDOMEventAttributeTagProcessor
[THYMELEAF]             * [* {th:onunload,data-th-onunload}] [1000]: org.thymeleaf.standard.processor.StandardDOMEventAttributeTagProcessor
[THYMELEAF]             * [* {th:oninvalid,data-th-oninvalid}] [1000]: org.thymeleaf.standard.processor.StandardDOMEventAttributeTagProcessor
[THYMELEAF]             * [* {th:oncanplaythrough,data-th-oncanplaythrough}] [1000]: org.thymeleaf.standard.processor.StandardDOMEventAttributeTagProcessor
[THYMELEAF]             * [* {th:ondragenter,data-th-ondragenter}] [1000]: org.thymeleaf.standard.processor.StandardDOMEventAttributeTagProcessor
[THYMELEAF]             * [* {th:onkeypress,data-th-onkeypress}] [1000]: org.thymeleaf.standard.processor.StandardDOMEventAttributeTagProcessor
[THYMELEAF]             * [* {th:onwaiting,data-th-onwaiting}] [1000]: org.thymeleaf.standard.processor.StandardDOMEventAttributeTagProcessor
[THYMELEAF]             * [* {th:href,data-th-href}] [1000]: org.thymeleaf.standard.processor.StandardHrefTagProcessor
[THYMELEAF]             * [* {th:inline,data-th-inline}] [1000]: org.thymeleaf.standard.processor.StandardInlineHTMLTagProcessor
[THYMELEAF]             * [* {th:method,data-th-method}] [1000]: org.thymeleaf.standard.processor.StandardMethodTagProcessor
[THYMELEAF]             * [* {th:name,data-th-name}] [1000]: org.thymeleaf.standard.processor.StandardNonRemovableAttributeTagProcessor
[THYMELEAF]             * [* {th:type,data-th-type}] [1000]: org.thymeleaf.standard.processor.StandardNonRemovableAttributeTagProcessor
[THYMELEAF]             * [* {th:id,data-th-id}] [1000]: org.thymeleaf.standard.processor.StandardRemovableAttributeTagProcessor
[THYMELEAF]             * [* {th:formaction,data-th-formaction}] [1000]: org.thymeleaf.standard.processor.StandardRemovableAttributeTagProcessor
[THYMELEAF]             * [* {th:challenge,data-th-challenge}] [1000]: org.thymeleaf.standard.processor.StandardRemovableAttributeTagProcessor
[THYMELEAF]             * [* {th:scheme,data-th-scheme}] [1000]: org.thymeleaf.standard.processor.StandardRemovableAttributeTagProcessor
[THYMELEAF]             * [* {th:cite,data-th-cite}] [1000]: org.thymeleaf.standard.processor.StandardRemovableAttributeTagProcessor
[THYMELEAF]             * [* {th:usemap,data-th-usemap}] [1000]: org.thymeleaf.standard.processor.StandardRemovableAttributeTagProcessor
[THYMELEAF]             * [* {th:min,data-th-min}] [1000]: org.thymeleaf.standard.processor.StandardRemovableAttributeTagProcessor
[THYMELEAF]             * [* {th:low,data-th-low}] [1000]: org.thymeleaf.standard.processor.StandardRemovableAttributeTagProcessor
[THYMELEAF]             * [* {th:formmethod,data-th-formmethod}] [1000]: org.thymeleaf.standard.processor.StandardRemovableAttributeTagProcessor
[THYMELEAF]             * [* {th:target,data-th-target}] [1000]: org.thymeleaf.standard.processor.StandardRemovableAttributeTagProcessor
[THYMELEAF]             * [* {th:datetime,data-th-datetime}] [1000]: org.thymeleaf.standard.processor.StandardRemovableAttributeTagProcessor
[THYMELEAF]             * [* {th:step,data-th-step}] [1000]: org.thymeleaf.standard.processor.StandardRemovableAttributeTagProcessor
[THYMELEAF]             * [* {th:vspace,data-th-vspace}] [1000]: org.thymeleaf.standard.processor.StandardRemovableAttributeTagProcessor
[THYMELEAF]             * [* {th:preload,data-th-preload}] [1000]: org.thymeleaf.standard.processor.StandardRemovableAttributeTagProcessor
[THYMELEAF]             * [* {th:headers,data-th-headers}] [1000]: org.thymeleaf.standard.processor.StandardRemovableAttributeTagProcessor
[THYMELEAF]             * [* {th:marginwidth,data-th-marginwidth}] [1000]: org.thymeleaf.standard.processor.StandardRemovableAttributeTagProcessor
[THYMELEAF]             * [* {th:dir,data-th-dir}] [1000]: org.thymeleaf.standard.processor.StandardRemovableAttributeTagProcessor
[THYMELEAF]             * [* {th:contenteditable,data-th-contenteditable}] [1000]: org.thymeleaf.standard.processor.StandardRemovableAttributeTagProcessor
[THYMELEAF]             * [* {th:valuetype,data-th-valuetype}] [1000]: org.thymeleaf.standard.processor.StandardRemovableAttributeTagProcessor
[THYMELEAF]             * [* {th:lang,data-th-lang}] [1000]: org.thymeleaf.standard.processor.StandardRemovableAttributeTagProcessor
[THYMELEAF]             * [* {th:accesskey,data-th-accesskey}] [1000]: org.thymeleaf.standard.processor.StandardRemovableAttributeTagProcessor
[THYMELEAF]             * [* {th:marginheight,data-th-marginheight}] [1000]: org.thymeleaf.standard.processor.StandardRemovableAttributeTagProcessor
[THYMELEAF]             * [* {th:tabindex,data-th-tabindex}] [1000]: org.thymeleaf.standard.processor.StandardRemovableAttributeTagProcessor
[THYMELEAF]             * [* {th:align,data-th-align}] [1000]: org.thymeleaf.standard.processor.StandardRemovableAttributeTagProcessor
[THYMELEAF]             * [* {th:radiogroup,data-th-radiogroup}] [1000]: org.thymeleaf.standard.processor.StandardRemovableAttributeTagProcessor
[THYMELEAF]             * [* {th:rowspan,data-th-rowspan}] [1000]: org.thymeleaf.standard.processor.StandardRemovableAttributeTagProcessor
[THYMELEAF]             * [* {th:poster,data-th-poster}] [1000]: org.thymeleaf.standard.processor.StandardRemovableAttributeTagProcessor
[THYMELEAF]             * [* {th:kind,data-th-kind}] [1000]: org.thymeleaf.standard.processor.StandardRemovableAttributeTagProcessor
[THYMELEAF]             * [* {th:compact,data-th-compact}] [1000]: org.thymeleaf.standard.processor.StandardRemovableAttributeTagProcessor
[THYMELEAF]             * [* {th:style,data-th-style}] [1000]: org.thymeleaf.standard.processor.StandardRemovableAttributeTagProcessor
[THYMELEAF]             * [* {th:audio,data-th-audio}] [1000]: org.thymeleaf.standard.processor.StandardRemovableAttributeTagProcessor
[THYMELEAF]             * [* {th:scope,data-th-scope}] [1000]: org.thymeleaf.standard.processor.StandardRemovableAttributeTagProcessor
[THYMELEAF]             * [* {th:maxlength,data-th-maxlength}] [1000]: org.thymeleaf.standard.processor.StandardRemovableAttributeTagProcessor
[THYMELEAF]             * [* {th:http-equiv,data-th-http-equiv}] [1000]: org.thymeleaf.standard.processor.StandardRemovableAttributeTagProcessor
[THYMELEAF]             * [* {th:wrap,data-th-wrap}] [1000]: org.thymeleaf.standard.processor.StandardRemovableAttributeTagProcessor
[THYMELEAF]             * [* {th:size,data-th-size}] [1000]: org.thymeleaf.standard.processor.StandardRemovableAttributeTagProcessor
[THYMELEAF]             * [* {th:rows,data-th-rows}] [1000]: org.thymeleaf.standard.processor.StandardRemovableAttributeTagProcessor
[THYMELEAF]             * [* {th:scrolling,data-th-scrolling}] [1000]: org.thymeleaf.standard.processor.StandardRemovableAttributeTagProcessor
[THYMELEAF]             * [* {th:start,data-th-start}] [1000]: org.thymeleaf.standard.processor.StandardRemovableAttributeTagProcessor
[THYMELEAF]             * [* {th:enctype,data-th-enctype}] [1000]: org.thymeleaf.standard.processor.StandardRemovableAttributeTagProcessor
[THYMELEAF]             * [* {th:height,data-th-height}] [1000]: org.thymeleaf.standard.processor.StandardRemovableAttributeTagProcessor
[THYMELEAF]             * [* {th:max,data-th-max}] [1000]: org.thymeleaf.standard.processor.StandardRemovableAttributeTagProcessor
[THYMELEAF]             * [* {th:sizes,data-th-sizes}] [1000]: org.thymeleaf.standard.processor.StandardRemovableAttributeTagProcessor
[THYMELEAF]             * [* {th:archive,data-th-archive}] [1000]: org.thymeleaf.standard.processor.StandardRemovableAttributeTagProcessor
[THYMELEAF]             * [* {th:bgcolor,data-th-bgcolor}] [1000]: org.thymeleaf.standard.processor.StandardRemovableAttributeTagProcessor
[THYMELEAF]             * [* {th:dropzone,data-th-dropzone}] [1000]: org.thymeleaf.standard.processor.StandardRemovableAttributeTagProcessor
[THYMELEAF]             * [* {th:media,data-th-media}] [1000]: org.thymeleaf.standard.processor.StandardRemovableAttributeTagProcessor
[THYMELEAF]             * [* {th:pattern,data-th-pattern}] [1000]: org.thymeleaf.standard.processor.StandardRemovableAttributeTagProcessor
[THYMELEAF]             * [* {th:formtarget,data-th-formtarget}] [1000]: org.thymeleaf.standard.processor.StandardRemovableAttributeTagProcessor
[THYMELEAF]             * [* {th:cols,data-th-cols}] [1000]: org.thymeleaf.standard.processor.StandardRemovableAttributeTagProcessor
[THYMELEAF]             * [* {th:standby,data-th-standby}] [1000]: org.thymeleaf.standard.processor.StandardRemovableAttributeTagProcessor
[THYMELEAF]             * [* {th:icon,data-th-icon}] [1000]: org.thymeleaf.standard.processor.StandardRemovableAttributeTagProcessor
[THYMELEAF]             * [* {th:sandbox,data-th-sandbox}] [1000]: org.thymeleaf.standard.processor.StandardRemovableAttributeTagProcessor
[THYMELEAF]             * [* {th:axis,data-th-axis}] [1000]: org.thymeleaf.standard.processor.StandardRemovableAttributeTagProcessor
[THYMELEAF]             * [* {th:charset,data-th-charset}] [1000]: org.thymeleaf.standard.processor.StandardRemovableAttributeTagProcessor
[THYMELEAF]             * [* {th:autocomplete,data-th-autocomplete}] [1000]: org.thymeleaf.standard.processor.StandardRemovableAttributeTagProcessor
[THYMELEAF]             * [* {th:contextmenu,data-th-contextmenu}] [1000]: org.thymeleaf.standard.processor.StandardRemovableAttributeTagProcessor
[THYMELEAF]             * [* {th:high,data-th-high}] [1000]: org.thymeleaf.standard.processor.StandardRemovableAttributeTagProcessor
[THYMELEAF]             * [* {th:hspace,data-th-hspace}] [1000]: org.thymeleaf.standard.processor.StandardRemovableAttributeTagProcessor
[THYMELEAF]             * [* {th:longdesc,data-th-longdesc}] [1000]: org.thymeleaf.standard.processor.StandardRemovableAttributeTagProcessor
[THYMELEAF]             * [* {th:hreflang,data-th-hreflang}] [1000]: org.thymeleaf.standard.processor.StandardRemovableAttributeTagProcessor
[THYMELEAF]             * [* {th:srclang,data-th-srclang}] [1000]: org.thymeleaf.standard.processor.StandardRemovableAttributeTagProcessor
[THYMELEAF]             * [* {th:formenctype,data-th-formenctype}] [1000]: org.thymeleaf.standard.processor.StandardRemovableAttributeTagProcessor
[THYMELEAF]             * [* {th:accept-charset,data-th-accept-charset}] [1000]: org.thymeleaf.standard.processor.StandardRemovableAttributeTagProcessor
[THYMELEAF]             * [* {th:span,data-th-span}] [1000]: org.thymeleaf.standard.processor.StandardRemovableAttributeTagProcessor
[THYMELEAF]             * [* {th:optimum,data-th-optimum}] [1000]: org.thymeleaf.standard.processor.StandardRemovableAttributeTagProcessor
[THYMELEAF]             * [* {th:width,data-th-width}] [1000]: org.thymeleaf.standard.processor.StandardRemovableAttributeTagProcessor
[THYMELEAF]             * [* {th:spellcheck,data-th-spellcheck}] [1000]: org.thymeleaf.standard.processor.StandardRemovableAttributeTagProcessor
[THYMELEAF]             * [* {th:manifest,data-th-manifest}] [1000]: org.thymeleaf.standard.processor.StandardRemovableAttributeTagProcessor
[THYMELEAF]             * [* {th:rules,data-th-rules}] [1000]: org.thymeleaf.standard.processor.StandardRemovableAttributeTagProcessor
[THYMELEAF]             * [* {th:abbr,data-th-abbr}] [1000]: org.thymeleaf.standard.processor.StandardRemovableAttributeTagProcessor
[THYMELEAF]             * [* {th:keytype,data-th-keytype}] [1000]: org.thymeleaf.standard.processor.StandardRemovableAttributeTagProcessor
[THYMELEAF]             * [* {th:frame,data-th-frame}] [1000]: org.thymeleaf.standard.processor.StandardRemovableAttributeTagProcessor
[THYMELEAF]             * [* {th:border,data-th-border}] [1000]: org.thymeleaf.standard.processor.StandardRemovableAttributeTagProcessor
[THYMELEAF]             * [* {th:label,data-th-label}] [1000]: org.thymeleaf.standard.processor.StandardRemovableAttributeTagProcessor
[THYMELEAF]             * [* {th:summary,data-th-summary}] [1000]: org.thymeleaf.standard.processor.StandardRemovableAttributeTagProcessor
[THYMELEAF]             * [* {th:background,data-th-background}] [1000]: org.thymeleaf.standard.processor.StandardRemovableAttributeTagProcessor
[THYMELEAF]             * [* {th:cellpadding,data-th-cellpadding}] [1000]: org.thymeleaf.standard.processor.StandardRemovableAttributeTagProcessor
[THYMELEAF]             * [* {th:title,data-th-title}] [1000]: org.thymeleaf.standard.processor.StandardRemovableAttributeTagProcessor
[THYMELEAF]             * [* {th:alt,data-th-alt}] [1000]: org.thymeleaf.standard.processor.StandardRemovableAttributeTagProcessor
[THYMELEAF]             * [* {th:class,data-th-class}] [1000]: org.thymeleaf.standard.processor.StandardRemovableAttributeTagProcessor
[THYMELEAF]             * [* {th:codetype,data-th-codetype}] [1000]: org.thymeleaf.standard.processor.StandardRemovableAttributeTagProcessor
[THYMELEAF]             * [* {th:content,data-th-content}] [1000]: org.thymeleaf.standard.processor.StandardRemovableAttributeTagProcessor
[THYMELEAF]             * [* {th:accept,data-th-accept}] [1000]: org.thymeleaf.standard.processor.StandardRemovableAttributeTagProcessor
[THYMELEAF]             * [* {th:placeholder,data-th-placeholder}] [1000]: org.thymeleaf.standard.processor.StandardRemovableAttributeTagProcessor
[THYMELEAF]             * [* {th:frameborder,data-th-frameborder}] [1000]: org.thymeleaf.standard.processor.StandardRemovableAttributeTagProcessor
[THYMELEAF]             * [* {th:colspan,data-th-colspan}] [1000]: org.thymeleaf.standard.processor.StandardRemovableAttributeTagProcessor
[THYMELEAF]             * [* {th:rel,data-th-rel}] [1000]: org.thymeleaf.standard.processor.StandardRemovableAttributeTagProcessor
[THYMELEAF]             * [* {th:for,data-th-for}] [1000]: org.thymeleaf.standard.processor.StandardRemovableAttributeTagProcessor
[THYMELEAF]             * [* {th:list,data-th-list}] [1000]: org.thymeleaf.standard.processor.StandardRemovableAttributeTagProcessor
[THYMELEAF]             * [* {th:cellspacing,data-th-cellspacing}] [1000]: org.thymeleaf.standard.processor.StandardRemovableAttributeTagProcessor
[THYMELEAF]             * [* {th:rev,data-th-rev}] [1000]: org.thymeleaf.standard.processor.StandardRemovableAttributeTagProcessor
[THYMELEAF]             * [* {th:form,data-th-form}] [1000]: org.thymeleaf.standard.processor.StandardRemovableAttributeTagProcessor
[THYMELEAF]             * [* {th:classid,data-th-classid}] [1000]: org.thymeleaf.standard.processor.StandardRemovableAttributeTagProcessor
[THYMELEAF]             * [* {th:data,data-th-data}] [1000]: org.thymeleaf.standard.processor.StandardRemovableAttributeTagProcessor
[THYMELEAF]             * [* {th:draggable,data-th-draggable}] [1000]: org.thymeleaf.standard.processor.StandardRemovableAttributeTagProcessor
[THYMELEAF]             * [* {th:codebase,data-th-codebase}] [1000]: org.thymeleaf.standard.processor.StandardRemovableAttributeTagProcessor
[THYMELEAF]             * [* {th:src,data-th-src}] [1000]: org.thymeleaf.standard.processor.StandardSrcTagProcessor
[THYMELEAF]             * [* {th:value,data-th-value}] [1000]: org.thymeleaf.standard.processor.StandardValueTagProcessor
[THYMELEAF]             * [* {th:xmlbase,data-th-xmlbase}] [1000]: org.thymeleaf.standard.processor.StandardXmlBaseTagProcessor
[THYMELEAF]             * [* {th:xmllang,data-th-xmllang}] [1000]: org.thymeleaf.standard.processor.StandardXmlLangTagProcessor
[THYMELEAF]             * [* {xmlns:th}] [1000]: org.thymeleaf.standard.processor.StandardXmlNsTagProcessor
[THYMELEAF]             * [* {th:xmlspace,data-th-xmlspace}] [1000]: org.thymeleaf.standard.processor.StandardXmlSpaceTagProcessor
[THYMELEAF]             * [* {th:classappend,data-th-classappend}] [1100]: org.thymeleaf.standard.processor.StandardClassappendTagProcessor
[THYMELEAF]             * [* {th:styleappend,data-th-styleappend}] [1100]: org.thymeleaf.standard.processor.StandardStyleappendTagProcessor
[THYMELEAF]             * [* {th:text,data-th-text}] [1300]: org.thymeleaf.standard.processor.StandardTextTagProcessor
[THYMELEAF]             * [* {th:utext,data-th-utext}] [1400]: org.thymeleaf.standard.processor.StandardUtextTagProcessor
[THYMELEAF]             * [* {th:fragment,data-th-fragment}] [1500]: org.thymeleaf.standard.processor.StandardFragmentTagProcessor
[THYMELEAF]             * [* {th:assert,data-th-assert}] [1550]: org.thymeleaf.standard.processor.StandardAssertTagProcessor
[THYMELEAF]             * [* {th:remove,data-th-remove}] [1600]: org.thymeleaf.standard.processor.StandardRemoveTagProcessor
[THYMELEAF]             * [* {th:ref,data-th-ref}] [10000]: org.thymeleaf.standard.processor.StandardRefAttributeTagProcessor
[THYMELEAF]             * [{th:block,th-block} *] [100000]: org.thymeleaf.standard.processor.StandardBlockTagProcessor
[THYMELEAF]             * [* th:*] [2147483647]: org.thymeleaf.standard.processor.StandardDefaultAttributesTagProcessor
[THYMELEAF]         * Text Processors by [precedence]:
[THYMELEAF]             * [1000]: org.thymeleaf.standard.processor.StandardInliningTextProcessor
[THYMELEAF]         * DOCTYPE Processors by [precedence]:
[THYMELEAF]             * [1000]: org.thymeleaf.standard.processor.StandardTranslationDocTypeProcessor
[THYMELEAF]         * CDATA Section Processors by [precedence]:
[THYMELEAF]             * [1000]: org.thymeleaf.standard.processor.StandardInliningCDATASectionProcessor
[THYMELEAF]         * Comment Processors by [precedence]:
[THYMELEAF]             * [1000]: org.thymeleaf.standard.processor.StandardInliningCommentProcessor
[THYMELEAF]             * [1100]: org.thymeleaf.standard.processor.StandardConditionalCommentProcessor
[THYMELEAF]     * Processors for Template Mode: XML
[THYMELEAF]         * Element Tag Processors by [matching element and attribute name] [precedence]:
[THYMELEAF]             * [* {th:include}] [100]: org.thymeleaf.standard.processor.StandardIncludeTagProcessor
[THYMELEAF]             * [* {th:insert}] [100]: org.thymeleaf.standard.processor.StandardInsertTagProcessor
[THYMELEAF]             * [* {th:replace}] [100]: org.thymeleaf.standard.processor.StandardReplaceTagProcessor
[THYMELEAF]             * [* {th:each}] [200]: com.intuit.karate.template.KarateEachTagProcessor
[THYMELEAF]             * [* {th:switch}] [250]: org.thymeleaf.standard.processor.StandardSwitchTagProcessor
[THYMELEAF]             * [* {th:case}] [275]: org.thymeleaf.standard.processor.StandardCaseTagProcessor
[THYMELEAF]             * [* {th:if}] [300]: org.thymeleaf.standard.processor.StandardIfTagProcessor
[THYMELEAF]             * [* {th:unless}] [400]: org.thymeleaf.standard.processor.StandardUnlessTagProcessor
[THYMELEAF]             * [* {th:object}] [500]: org.thymeleaf.standard.processor.StandardObjectTagProcessor
[THYMELEAF]             * [* {th:with}] [600]: com.intuit.karate.template.KarateWithTagProcessor
[THYMELEAF]             * [* {th:attr}] [700]: com.intuit.karate.template.KarateAttributeTagProcessor.KarateAttrTagProcessor
[THYMELEAF]             * [* {th:attrappend}] [900]: com.intuit.karate.template.KarateAttributeTagProcessor.KarateAttrappendTagProcessor
[THYMELEAF]             * [* {th:attrprepend}] [900]: com.intuit.karate.template.KarateAttributeTagProcessor.KarateAttrprependTagProcessor
[THYMELEAF]             * [* {th:inline}] [1000]: org.thymeleaf.standard.processor.StandardInlineXMLTagProcessor
[THYMELEAF]             * [* {xmlns:th}] [1000]: org.thymeleaf.standard.processor.StandardXmlNsTagProcessor
[THYMELEAF]             * [* {th:text}] [1300]: org.thymeleaf.standard.processor.StandardTextTagProcessor
[THYMELEAF]             * [* {th:utext}] [1400]: org.thymeleaf.standard.processor.StandardUtextTagProcessor
[THYMELEAF]             * [* {th:fragment}] [1500]: org.thymeleaf.standard.processor.StandardFragmentTagProcessor
[THYMELEAF]             * [* {th:assert}] [1550]: org.thymeleaf.standard.processor.StandardAssertTagProcessor
[THYMELEAF]             * [* {th:remove}] [1600]: org.thymeleaf.standard.processor.StandardRemoveTagProcessor
[THYMELEAF]             * [* {th:ref}] [10000]: org.thymeleaf.standard.processor.StandardRefAttributeTagProcessor
[THYMELEAF]             * [{th:block} *] [100000]: org.thymeleaf.standard.processor.StandardBlockTagProcessor
[THYMELEAF]             * [* th:*] [2147483647]: org.thymeleaf.standard.processor.StandardDefaultAttributesTagProcessor
[THYMELEAF]         * Text Processors by [precedence]:
[THYMELEAF]             * [1000]: org.thymeleaf.standard.processor.StandardInliningTextProcessor
[THYMELEAF]         * CDATA Section Processors by [precedence]:
[THYMELEAF]             * [1000]: org.thymeleaf.standard.processor.StandardInliningCDATASectionProcessor
[THYMELEAF]         * Comment Processors by [precedence]:
[THYMELEAF]             * [1000]: org.thymeleaf.standard.processor.StandardInliningCommentProcessor
[THYMELEAF]     * Processors for Template Mode: TEXT
[THYMELEAF]         * Element Tag Processors by [matching element and attribute name] [precedence]:
[THYMELEAF]             * [* {th:insert}] [100]: org.thymeleaf.standard.processor.StandardInsertTagProcessor
[THYMELEAF]             * [* {th:replace}] [100]: org.thymeleaf.standard.processor.StandardReplaceTagProcessor
[THYMELEAF]             * [* {th:each}] [200]: com.intuit.karate.template.KarateEachTagProcessor
[THYMELEAF]             * [* {th:switch}] [250]: org.thymeleaf.standard.processor.StandardSwitchTagProcessor
[THYMELEAF]             * [* {th:case}] [275]: org.thymeleaf.standard.processor.StandardCaseTagProcessor
[THYMELEAF]             * [* {th:if}] [300]: org.thymeleaf.standard.processor.StandardIfTagProcessor
[THYMELEAF]             * [* {th:unless}] [400]: org.thymeleaf.standard.processor.StandardUnlessTagProcessor
[THYMELEAF]             * [* {th:object}] [500]: org.thymeleaf.standard.processor.StandardObjectTagProcessor
[THYMELEAF]             * [* {th:with}] [600]: com.intuit.karate.template.KarateWithTagProcessor
[THYMELEAF]             * [* {th:inline}] [1000]: org.thymeleaf.standard.processor.StandardInlineTextualTagProcessor
[THYMELEAF]             * [* {th:text}] [1300]: org.thymeleaf.standard.processor.StandardTextTagProcessor
[THYMELEAF]             * [* {th:utext}] [1400]: org.thymeleaf.standard.processor.StandardUtextTagProcessor
[THYMELEAF]             * [* {th:assert}] [1550]: org.thymeleaf.standard.processor.StandardAssertTagProcessor
[THYMELEAF]             * [* {th:remove}] [1600]: org.thymeleaf.standard.processor.StandardRemoveTagProcessor
[THYMELEAF]             * [{th:block} *] [100000]: org.thymeleaf.standard.processor.StandardBlockTagProcessor
[THYMELEAF]             * [* 100000] [org.thymeleaf.standard.processor.StandardBlockTagProcessor]: {}
[THYMELEAF]         * Text Processors by [precedence]:
[THYMELEAF]             * [1000]: org.thymeleaf.standard.processor.StandardInliningTextProcessor
[THYMELEAF]     * Processors for Template Mode: JAVASCRIPT
[THYMELEAF]         * Element Tag Processors by [matching element and attribute name] [precedence]:
[THYMELEAF]             * [* {th:insert}] [100]: org.thymeleaf.standard.processor.StandardInsertTagProcessor
[THYMELEAF]             * [* {th:replace}] [100]: org.thymeleaf.standard.processor.StandardReplaceTagProcessor
[THYMELEAF]             * [* {th:each}] [200]: com.intuit.karate.template.KarateEachTagProcessor
[THYMELEAF]             * [* {th:switch}] [250]: org.thymeleaf.standard.processor.StandardSwitchTagProcessor
[THYMELEAF]             * [* {th:case}] [275]: org.thymeleaf.standard.processor.StandardCaseTagProcessor
[THYMELEAF]             * [* {th:if}] [300]: org.thymeleaf.standard.processor.StandardIfTagProcessor
[THYMELEAF]             * [* {th:unless}] [400]: org.thymeleaf.standard.processor.StandardUnlessTagProcessor
[THYMELEAF]             * [* {th:object}] [500]: org.thymeleaf.standard.processor.StandardObjectTagProcessor
[THYMELEAF]             * [* {th:with}] [600]: com.intuit.karate.template.KarateWithTagProcessor
[THYMELEAF]             * [* {th:inline}] [1000]: org.thymeleaf.standard.processor.StandardInlineTextualTagProcessor
[THYMELEAF]             * [* {th:text}] [1300]: org.thymeleaf.standard.processor.StandardTextTagProcessor
[THYMELEAF]             * [* {th:utext}] [1400]: org.thymeleaf.standard.processor.StandardUtextTagProcessor
[THYMELEAF]             * [* {th:assert}] [1550]: org.thymeleaf.standard.processor.StandardAssertTagProcessor
[THYMELEAF]             * [* {th:remove}] [1600]: org.thymeleaf.standard.processor.StandardRemoveTagProcessor
[THYMELEAF]             * [{th:block} *] [100000]: org.thymeleaf.standard.processor.StandardBlockTagProcessor
[THYMELEAF]             * [* 100000] [org.thymeleaf.standard.processor.StandardBlockTagProcessor]: {}
[THYMELEAF]         * Text Processors by [precedence]:
[THYMELEAF]             * [1000]: org.thymeleaf.standard.processor.StandardInliningTextProcessor
[THYMELEAF]     * Processors for Template Mode: CSS
[THYMELEAF]         * Element Tag Processors by [matching element and attribute name] [precedence]:
[THYMELEAF]             * [* {th:insert}] [100]: org.thymeleaf.standard.processor.StandardInsertTagProcessor
[THYMELEAF]             * [* {th:replace}] [100]: org.thymeleaf.standard.processor.StandardReplaceTagProcessor
[THYMELEAF]             * [* {th:each}] [200]: com.intuit.karate.template.KarateEachTagProcessor
[THYMELEAF]             * [* {th:switch}] [250]: org.thymeleaf.standard.processor.StandardSwitchTagProcessor
[THYMELEAF]             * [* {th:case}] [275]: org.thymeleaf.standard.processor.StandardCaseTagProcessor
[THYMELEAF]             * [* {th:if}] [300]: org.thymeleaf.standard.processor.StandardIfTagProcessor
[THYMELEAF]             * [* {th:unless}] [400]: org.thymeleaf.standard.processor.StandardUnlessTagProcessor
[THYMELEAF]             * [* {th:object}] [500]: org.thymeleaf.standard.processor.StandardObjectTagProcessor
[THYMELEAF]             * [* {th:with}] [600]: com.intuit.karate.template.KarateWithTagProcessor
[THYMELEAF]             * [* {th:inline}] [1000]: org.thymeleaf.standard.processor.StandardInlineTextualTagProcessor
[THYMELEAF]             * [* {th:text}] [1300]: org.thymeleaf.standard.processor.StandardTextTagProcessor
[THYMELEAF]             * [* {th:utext}] [1400]: org.thymeleaf.standard.processor.StandardUtextTagProcessor
[THYMELEAF]             * [* {th:assert}] [1550]: org.thymeleaf.standard.processor.StandardAssertTagProcessor
[THYMELEAF]             * [* {th:remove}] [1600]: org.thymeleaf.standard.processor.StandardRemoveTagProcessor
[THYMELEAF]             * [* 100000] [org.thymeleaf.standard.processor.StandardBlockTagProcessor]: {}
[THYMELEAF]             * [{th:block} *] [100000]: org.thymeleaf.standard.processor.StandardBlockTagProcessor
[THYMELEAF]         * Text Processors by [precedence]:
[THYMELEAF]             * [1000]: org.thymeleaf.standard.processor.StandardInliningTextProcessor
[THYMELEAF]     * Expression Objects:
[THYMELEAF]         * #ctx
[THYMELEAF]         * #root
[THYMELEAF]         * #vars
[THYMELEAF]         * #object
[THYMELEAF]         * #locale
[THYMELEAF]         * #conversions
[THYMELEAF]         * #uris
[THYMELEAF]         * #temporals
[THYMELEAF]         * #calendars
[THYMELEAF]         * #dates
[THYMELEAF]         * #bools
[THYMELEAF]         * #numbers
[THYMELEAF]         * #objects
[THYMELEAF]         * #strings
[THYMELEAF]         * #arrays
[THYMELEAF]         * #lists
[THYMELEAF]         * #sets
[THYMELEAF]         * #maps
[THYMELEAF]         * #aggregates
[THYMELEAF]         * #messages
[THYMELEAF]         * #ids
[THYMELEAF]         * #execInfo
[THYMELEAF]         * #request
[THYMELEAF]         * #response
[THYMELEAF]         * #session
[THYMELEAF]         * #servletContext
[THYMELEAF]     * Execution Attributes:
[THYMELEAF]         * "StandardExpressionParser": com.intuit.karate.template.KarateStandardDialect@55397d15
[THYMELEAF]         * "StandardJavaScriptSerializer": org.thymeleaf.standard.serializer.StandardJavaScriptSerializer@552088cc
[THYMELEAF]         * "StandardCSSSerializer": org.thymeleaf.standard.serializer.StandardCSSSerializer@57eed461
[THYMELEAF]         * "StandardVariableExpressionEvaluator": com.intuit.karate.template.KarateStandardDialect@55397d15
[THYMELEAF]         * "StandardConversionService": org.thymeleaf.standard.expression.StandardConversionService@3c62f69a
[THYMELEAF] * Dialect [2 of 2]: karate (com.intuit.karate.template.KarateScriptDialect)
[THYMELEAF]     * Prefix: "ka"
[THYMELEAF]     * Processors for Template Mode: HTML
[THYMELEAF]         * Element Tag Processors by [matching element and attribute name] [precedence]:
[THYMELEAF]             * [* {src}] [1000]: com.intuit.karate.template.KaScriptAttrProcessor
[THYMELEAF]         * Element Model Processors by [matching element and attribute name] [precedence]:
[THYMELEAF]             * [{script} {ka:scope,data-ka-scope}] [1000]: com.intuit.karate.template.KaScriptElemProcessor
[THYMELEAF]             * [* {ka:set,data-ka-set}] [1000]: com.intuit.karate.template.KaSetElemProcessor
[THYMELEAF] TEMPLATE ENGINE CONFIGURED OK
22:35:22.869 [main] DEBUG org.thymeleaf.TemplateEngine -- [THYMELEAF] TEMPLATE ENGINE INITIALIZED
22:35:22.886 [main] DEBUG org.thymeleaf.TemplateEngine -- [THYMELEAF] INITIALIZING TEMPLATE ENGINE
22:35:22.908 [main] DEBUG org.thymeleaf.TemplateEngine.CONFIG -- Initializing Thymeleaf Template engine configuration...
[THYMELEAF] TEMPLATE ENGINE CONFIGURATION:
[THYMELEAF] * Thymeleaf version: 3.1.2.RELEASE (built 2023-07-30T19:25:50+0000)
[THYMELEAF] * Cache Manager implementation: org.thymeleaf.cache.StandardCacheManager
[THYMELEAF] * Template resolvers:
[THYMELEAF]     * [1] com.intuit.karate.template.ResourceHtmlTemplateResolver
[THYMELEAF] * Message resolvers:
[THYMELEAF]     * org.thymeleaf.messageresolver.StandardMessageResolver
[THYMELEAF] * Link builders:
[THYMELEAF]     * org.thymeleaf.linkbuilder.StandardLinkBuilder
[THYMELEAF] * Dialect [1 of 2]: Standard (com.intuit.karate.template.KarateStandardDialect)
[THYMELEAF]     * Prefix: "th"
[THYMELEAF]     * Processors for Template Mode: HTML
[THYMELEAF]         * Element Tag Processors by [matching element and attribute name] [precedence]:
[THYMELEAF]             * [* {th:include,data-th-include}] [100]: org.thymeleaf.standard.processor.StandardIncludeTagProcessor
[THYMELEAF]             * [* {th:insert,data-th-insert}] [100]: org.thymeleaf.standard.processor.StandardInsertTagProcessor
[THYMELEAF]             * [* {th:replace,data-th-replace}] [100]: org.thymeleaf.standard.processor.StandardReplaceTagProcessor
[THYMELEAF]             * [* {th:each,data-th-each}] [200]: com.intuit.karate.template.KarateEachTagProcessor
[THYMELEAF]             * [* {th:switch,data-th-switch}] [250]: org.thymeleaf.standard.processor.StandardSwitchTagProcessor
[THYMELEAF]             * [* {th:case,data-th-case}] [275]: org.thymeleaf.standard.processor.StandardCaseTagProcessor
[THYMELEAF]             * [* {th:if,data-th-if}] [300]: org.thymeleaf.standard.processor.StandardIfTagProcessor
[THYMELEAF]             * [* {th:unless,data-th-unless}] [400]: org.thymeleaf.standard.processor.StandardUnlessTagProcessor
[THYMELEAF]             * [* {th:object,data-th-object}] [500]: org.thymeleaf.standard.processor.StandardObjectTagProcessor
[THYMELEAF]             * [* {th:with,data-th-with}] [600]: com.intuit.karate.template.KarateWithTagProcessor
[THYMELEAF]             * [* {th:attr,data-th-attr}] [700]: com.intuit.karate.template.KarateAttributeTagProcessor.KarateAttrTagProcessor
[THYMELEAF]             * [* {th:attrappend,data-th-attrappend}] [900]: com.intuit.karate.template.KarateAttributeTagProcessor.KarateAttrappendTagProcessor
[THYMELEAF]             * [* {th:attrprepend,data-th-attrprepend}] [900]: com.intuit.karate.template.KarateAttributeTagProcessor.KarateAttrprependTagProcessor
[THYMELEAF]             * [* {th:alt-title,data-th-alt-title}] [990]: org.thymeleaf.standard.processor.StandardAltTitleTagProcessor
[THYMELEAF]             * [* {th:lang-xmllang,data-th-lang-xmllang}] [990]: org.thymeleaf.standard.processor.StandardLangXmlLangTagProcessor
[THYMELEAF]             * [* {th:action,data-th-action}] [1000]: org.thymeleaf.standard.processor.StandardActionTagProcessor
[THYMELEAF]             * [* {th:disabled,data-th-disabled}] [1000]: org.thymeleaf.standard.processor.StandardConditionalFixedValueTagProcessor
[THYMELEAF]             * [* {th:checked,data-th-checked}] [1000]: org.thymeleaf.standard.processor.StandardConditionalFixedValueTagProcessor
[THYMELEAF]             * [* {th:async,data-th-async}] [1000]: org.thymeleaf.standard.processor.StandardConditionalFixedValueTagProcessor
[THYMELEAF]             * [* {th:ismap,data-th-ismap}] [1000]: org.thymeleaf.standard.processor.StandardConditionalFixedValueTagProcessor
[THYMELEAF]             * [* {th:scoped,data-th-scoped}] [1000]: org.thymeleaf.standard.processor.StandardConditionalFixedValueTagProcessor
[THYMELEAF]             * [* {th:hidden,data-th-hidden}] [1000]: org.thymeleaf.standard.processor.StandardConditionalFixedValueTagProcessor
[THYMELEAF]             * [* {th:novalidate,data-th-novalidate}] [1000]: org.thymeleaf.standard.processor.StandardConditionalFixedValueTagProcessor
[THYMELEAF]             * [* {th:seamless,data-th-seamless}] [1000]: org.thymeleaf.standard.processor.StandardConditionalFixedValueTagProcessor
[THYMELEAF]             * [* {th:default,data-th-default}] [1000]: org.thymeleaf.standard.processor.StandardConditionalFixedValueTagProcessor
[THYMELEAF]             * [* {th:reversed,data-th-reversed}] [1000]: org.thymeleaf.standard.processor.StandardConditionalFixedValueTagProcessor
[THYMELEAF]             * [* {th:pubdate,data-th-pubdate}] [1000]: org.thymeleaf.standard.processor.StandardConditionalFixedValueTagProcessor
[THYMELEAF]             * [* {th:loop,data-th-loop}] [1000]: org.thymeleaf.standard.processor.StandardConditionalFixedValueTagProcessor
[THYMELEAF]             * [* {th:open,data-th-open}] [1000]: org.thymeleaf.standard.processor.StandardConditionalFixedValueTagProcessor
[THYMELEAF]             * [* {th:multiple,data-th-multiple}] [1000]: org.thymeleaf.standard.processor.StandardConditionalFixedValueTagProcessor
[THYMELEAF]             * [* {th:controls,data-th-controls}] [1000]: org.thymeleaf.standard.processor.StandardConditionalFixedValueTagProcessor
[THYMELEAF]             * [* {th:autofocus,data-th-autofocus}] [1000]: org.thymeleaf.standard.processor.StandardConditionalFixedValueTagProcessor
[THYMELEAF]             * [* {th:readonly,data-th-readonly}] [1000]: org.thymeleaf.standard.processor.StandardConditionalFixedValueTagProcessor
[THYMELEAF]             * [* {th:nowrap,data-th-nowrap}] [1000]: org.thymeleaf.standard.processor.StandardConditionalFixedValueTagProcessor
[THYMELEAF]             * [* {th:defer,data-th-defer}] [1000]: org.thymeleaf.standard.processor.StandardConditionalFixedValueTagProcessor
[THYMELEAF]             * [* {th:formnovalidate,data-th-formnovalidate}] [1000]: org.thymeleaf.standard.processor.StandardConditionalFixedValueTagProcessor
[THYMELEAF]             * [* {th:autoplay,data-th-autoplay}] [1000]: org.thymeleaf.standard.processor.StandardConditionalFixedValueTagProcessor
[THYMELEAF]             * [* {th:required,data-th-required}] [1000]: org.thymeleaf.standard.processor.StandardConditionalFixedValueTagProcessor
[THYMELEAF]             * [* {th:selected,data-th-selected}] [1000]: org.thymeleaf.standard.processor.StandardConditionalFixedValueTagProcessor
[THYMELEAF]             * [* {th:declare,data-th-declare}] [1000]: org.thymeleaf.standard.processor.StandardConditionalFixedValueTagProcessor
[THYMELEAF]             * [* {th:onsuspend,data-th-onsuspend}] [1000]: org.thymeleaf.standard.processor.StandardDOMEventAttributeTagProcessor
[THYMELEAF]             * [* {th:onbeforeprint,data-th-onbeforeprint}] [1000]: org.thymeleaf.standard.processor.StandardDOMEventAttributeTagProcessor
[THYMELEAF]             * [* {th:onload,data-th-onload}] [1000]: org.thymeleaf.standard.processor.StandardDOMEventAttributeTagProcessor
[THYMELEAF]             * [* {th:onstalled,data-th-onstalled}] [1000]: org.thymeleaf.standard.processor.StandardDOMEventAttributeTagProcessor
[THYMELEAF]             * [* {th:onreset,data-th-onreset}] [1000]: org.thymeleaf.standard.processor.StandardDOMEventAttributeTagProcessor
[THYMELEAF]             * [* {th:onplay,data-th-onplay}] [1000]: org.thymeleaf.standard.processor.StandardDOMEventAttributeTagProcessor
[THYMELEAF]             * [* {th:onerror,data-th-onerror}] [1000]: org.thymeleaf.standard.processor.StandardDOMEventAttributeTagProcessor
[THYMELEAF]             * [* {th:ondragenter,data-th-ondragenter}] [1000]: org.thymeleaf.standard.processor.StandardDOMEventAttributeTagProcessor
[THYMELEAF]             * [* {th:ondragover,data-th-ondragover}] [1000]: org.thymeleaf.standard.processor.StandardDOMEventAttributeTagProcessor
[THYMELEAF]             * [* {th:onvolumechange,data-th-onvolumechange}] [1000]: org.thymeleaf.standard.processor.StandardDOMEventAttributeTagProcessor
[THYMELEAF]             * [* {th:onended,data-th-onended}] [1000]: org.thymeleaf.standard.processor.StandardDOMEventAttributeTagProcessor
[THYMELEAF]             * [* {th:onloadstart,data-th-onloadstart}] [1000]: org.thymeleaf.standard.processor.StandardDOMEventAttributeTagProcessor
[THYMELEAF]             * [* {th:onsubmit,data-th-onsubmit}] [1000]: org.thymeleaf.standard.processor.StandardDOMEventAttributeTagProcessor
[THYMELEAF]             * [* {th:onscroll,data-th-onscroll}] [1000]: org.thymeleaf.standard.processor.StandardDOMEventAttributeTagProcessor
[THYMELEAF]             * [* {th:onclick,data-th-onclick}] [1000]: org.thymeleaf.standard.processor.StandardDOMEventAttributeTagProcessor
[THYMELEAF]             * [* {th:onmouseup,data-th-onmouseup}] [1000]: org.thymeleaf.standard.processor.StandardDOMEventAttributeTagProcessor
[THYMELEAF]             * [* {th:ondragend,data-th-ondragend}] [1000]: org.thymeleaf.standard.processor.StandardDOMEventAttributeTagProcessor
[THYMELEAF]             * [* {th:onpause,data-th-onpause}] [1000]: org.thymeleaf.standard.processor.StandardDOMEventAttributeTagProcessor
[THYMELEAF]             * [* {th:oncanplaythrough,data-th-oncanplaythrough}] [1000]: org.thymeleaf.standard.processor.StandardDOMEventAttributeTagProcessor
[THYMELEAF]             * [* {th:onunload,data-th-onunload}] [1000]: org.thymeleaf.standard.processor.StandardDOMEventAttributeTagProcessor
[THYMELEAF]             * [* {th:ondblclick,data-th-ondblclick}] [1000]: org.thymeleaf.standard.processor.StandardDOMEventAttributeTagProcessor
[THYMELEAF]             * [* {th:onloadedmetadata,data-th-onloadedmetadata}] [1000]: org.thymeleaf.standard.processor.StandardDOMEventAttributeTagProcessor
[THYMELEAF]             * [* {th:onforminput,data-th-onforminput}] [1000]: org.thymeleaf.standard.processor.StandardDOMEventAttributeTagProcessor
[THYMELEAF]             * [* {th:onmousedown,data-th-onmousedown}] [1000]: org.thymeleaf.standard.processor.StandardDOMEventAttributeTagProcessor
[THYMELEAF]             * [* {th:onbeforeunload,data-th-onbeforeunload}] [1000]: org.thymeleaf.standard.processor.StandardDOMEventAttributeTagProcessor
[THYMELEAF]             * [* {th:onformchange,data-th-onformchange}] [1000]: org.thymeleaf.standard.processor.StandardDOMEventAttributeTagProcessor
[THYMELEAF]             * [* {th:onpopstate,data-th-onpopstate}] [1000]: org.thymeleaf.standard.processor.StandardDOMEventAttributeTagProcessor
[THYMELEAF]             * [* {th:onmouseout,data-th-onmouseout}] [1000]: org.thymeleaf.standard.processor.StandardDOMEventAttributeTagProcessor
[THYMELEAF]             * [* {th:onseeked,data-th-onseeked}] [1000]: org.thymeleaf.standard.processor.StandardDOMEventAttributeTagProcessor
[THYMELEAF]             * [* {th:onkeypress,data-th-onkeypress}] [1000]: org.thymeleaf.standard.processor.StandardDOMEventAttributeTagProcessor
[THYMELEAF]             * [* {th:ondurationchange,data-th-ondurationchange}] [1000]: org.thymeleaf.standard.processor.StandardDOMEventAttributeTagProcessor
[THYMELEAF]             * [* {th:onmousewheel,data-th-onmousewheel}] [1000]: org.thymeleaf.standard.processor.StandardDOMEventAttributeTagProcessor
[THYMELEAF]             * [* {th:onchange,data-th-onchange}] [1000]: org.thymeleaf.standard.processor.StandardDOMEventAttributeTagProcessor
[THYMELEAF]             * [* {th:onredo,data-th-onredo}] [1000]: org.thymeleaf.standard.processor.StandardDOMEventAttributeTagProcessor
[THYMELEAF]             * [* {th:oncontextmenu,data-th-oncontextmenu}] [1000]: org.thymeleaf.standard.processor.StandardDOMEventAttributeTagProcessor
[THYMELEAF]             * [* {th:onabort,data-th-onabort}] [1000]: org.thymeleaf.standard.processor.StandardDOMEventAttributeTagProcessor
[THYMELEAF]             * [* {th:onresize,data-th-onresize}] [1000]: org.thymeleaf.standard.processor.StandardDOMEventAttributeTagProcessor
[THYMELEAF]             * [* {th:onkeyup,data-th-onkeyup}] [1000]: org.thymeleaf.standard.processor.StandardDOMEventAttributeTagProcessor
[THYMELEAF]             * [* {th:ondragstart,data-th-ondragstart}] [1000]: org.thymeleaf.standard.processor.StandardDOMEventAttributeTagProcessor
[THYMELEAF]             * [* {th:onselect,data-th-onselect}] [1000]: org.thymeleaf.standard.processor.StandardDOMEventAttributeTagProcessor
[THYMELEAF]             * [* {th:onemptied,data-th-onemptied}] [1000]: org.thymeleaf.standard.processor.StandardDOMEventAttributeTagProcessor
[THYMELEAF]             * [* {th:oninput,data-th-oninput}] [1000]: org.thymeleaf.standard.processor.StandardDOMEventAttributeTagProcessor
[THYMELEAF]             * [* {th:oncanplay,data-th-oncanplay}] [1000]: org.thymeleaf.standard.processor.StandardDOMEventAttributeTagProcessor
[THYMELEAF]             * [* {th:onseeking,data-th-onseeking}] [1000]: org.thymeleaf.standard.processor.StandardDOMEventAttributeTagProcessor
[THYMELEAF]             * [* {th:onmessage,data-th-onmessage}] [1000]: org.thymeleaf.standard.processor.StandardDOMEventAttributeTagProcessor
[THYMELEAF]             * [* {th:onkeydown,data-th-onkeydown}] [1000]: org.thymeleaf.standard.processor.StandardDOMEventAttributeTagProcessor
[THYMELEAF]             * [* {th:ondrag,data-th-ondrag}] [1000]: org.thymeleaf.standard.processor.StandardDOMEventAttributeTagProcessor
[THYMELEAF]             * [* {th:onplaying,data-th-onplaying}] [1000]: org.thymeleaf.standard.processor.StandardDOMEventAttributeTagProcessor
[THYMELEAF]             * [* {th:onmousemove,data-th-onmousemove}] [1000]: org.thymeleaf.standard.processor.StandardDOMEventAttributeTagProcessor
[THYMELEAF]             * [* {th:onfocus,data-th-onfocus}] [1000]: org.thymeleaf.standard.processor.StandardDOMEventAttributeTagProcessor
[THYMELEAF]             * [* {th:onwaiting,data-th-onwaiting}] [1000]: org.thymeleaf.standard.processor.StandardDOMEventAttributeTagProcessor
[THYMELEAF]             * [* {th:ondrop,data-th-ondrop}] [1000]: org.thymeleaf.standard.processor.StandardDOMEventAttributeTagProcessor
[THYMELEAF]             * [* {th:onloadeddata,data-th-onloadeddata}] [1000]: org.thymeleaf.standard.processor.StandardDOMEventAttributeTagProcessor
[THYMELEAF]             * [* {th:onreadystatechange,data-th-onreadystatechange}] [1000]: org.thymeleaf.standard.processor.StandardDOMEventAttributeTagProcessor
[THYMELEAF]             * [* {th:onprogress,data-th-onprogress}] [1000]: org.thymeleaf.standard.processor.StandardDOMEventAttributeTagProcessor
[THYMELEAF]             * [* {th:oninvalid,data-th-oninvalid}] [1000]: org.thymeleaf.standard.processor.StandardDOMEventAttributeTagProcessor
[THYMELEAF]             * [* {th:ondragleave,data-th-ondragleave}] [1000]: org.thymeleaf.standard.processor.StandardDOMEventAttributeTagProcessor
[THYMELEAF]             * [* {th:ontimeupdate,data-th-ontimeupdate}] [1000]: org.thymeleaf.standard.processor.StandardDOMEventAttributeTagProcessor
[THYMELEAF]             * [* {th:onundo,data-th-onundo}] [1000]: org.thymeleaf.standard.processor.StandardDOMEventAttributeTagProcessor
[THYMELEAF]             * [* {th:ononline,data-th-ononline}] [1000]: org.thymeleaf.standard.processor.StandardDOMEventAttributeTagProcessor
[THYMELEAF]             * [* {th:onblur,data-th-onblur}] [1000]: org.thymeleaf.standard.processor.StandardDOMEventAttributeTagProcessor
[THYMELEAF]             * [* {th:onoffline,data-th-onoffline}] [1000]: org.thymeleaf.standard.processor.StandardDOMEventAttributeTagProcessor
[THYMELEAF]             * [* {th:onhashchange,data-th-onhashchange}] [1000]: org.thymeleaf.standard.processor.StandardDOMEventAttributeTagProcessor
[THYMELEAF]             * [* {th:onratechange,data-th-onratechange}] [1000]: org.thymeleaf.standard.processor.StandardDOMEventAttributeTagProcessor
[THYMELEAF]             * [* {th:onafterprint,data-th-onafterprint}] [1000]: org.thymeleaf.standard.processor.StandardDOMEventAttributeTagProcessor
[THYMELEAF]             * [* {th:onmouseover,data-th-onmouseover}] [1000]: org.thymeleaf.standard.processor.StandardDOMEventAttributeTagProcessor
[THYMELEAF]             * [* {th:onshow,data-th-onshow}] [1000]: org.thymeleaf.standard.processor.StandardDOMEventAttributeTagProcessor
[THYMELEAF]             * [* {th:onstorage,data-th-onstorage}] [1000]: org.thymeleaf.standard.processor.StandardDOMEventAttributeTagProcessor
[THYMELEAF]             * [* {th:href,data-th-href}] [1000]: org.thymeleaf.standard.processor.StandardHrefTagProcessor
[THYMELEAF]             * [* {th:inline,data-th-inline}] [1000]: org.thymeleaf.standard.processor.StandardInlineHTMLTagProcessor
[THYMELEAF]             * [* {th:method,data-th-method}] [1000]: org.thymeleaf.standard.processor.StandardMethodTagProcessor
[THYMELEAF]             * [* {th:name,data-th-name}] [1000]: org.thymeleaf.standard.processor.StandardNonRemovableAttributeTagProcessor
[THYMELEAF]             * [* {th:type,data-th-type}] [1000]: org.thymeleaf.standard.processor.StandardNonRemovableAttributeTagProcessor
[THYMELEAF]             * [* {th:icon,data-th-icon}] [1000]: org.thymeleaf.standard.processor.StandardRemovableAttributeTagProcessor
[THYMELEAF]             * [* {th:accept-charset,data-th-accept-charset}] [1000]: org.thymeleaf.standard.processor.StandardRemovableAttributeTagProcessor
[THYMELEAF]             * [* {th:title,data-th-title}] [1000]: org.thymeleaf.standard.processor.StandardRemovableAttributeTagProcessor
[THYMELEAF]             * [* {th:formmethod,data-th-formmethod}] [1000]: org.thymeleaf.standard.processor.StandardRemovableAttributeTagProcessor
[THYMELEAF]             * [* {th:frame,data-th-frame}] [1000]: org.thymeleaf.standard.processor.StandardRemovableAttributeTagProcessor
[THYMELEAF]             * [* {th:wrap,data-th-wrap}] [1000]: org.thymeleaf.standard.processor.StandardRemovableAttributeTagProcessor
[THYMELEAF]             * [* {th:target,data-th-target}] [1000]: org.thymeleaf.standard.processor.StandardRemovableAttributeTagProcessor
[THYMELEAF]             * [* {th:span,data-th-span}] [1000]: org.thymeleaf.standard.processor.StandardRemovableAttributeTagProcessor
[THYMELEAF]             * [* {th:form,data-th-form}] [1000]: org.thymeleaf.standard.processor.StandardRemovableAttributeTagProcessor
[THYMELEAF]             * [* {th:enctype,data-th-enctype}] [1000]: org.thymeleaf.standard.processor.StandardRemovableAttributeTagProcessor
[THYMELEAF]             * [* {th:frameborder,data-th-frameborder}] [1000]: org.thymeleaf.standard.processor.StandardRemovableAttributeTagProcessor
[THYMELEAF]             * [* {th:usemap,data-th-usemap}] [1000]: org.thymeleaf.standard.processor.StandardRemovableAttributeTagProcessor
[THYMELEAF]             * [* {th:codebase,data-th-codebase}] [1000]: org.thymeleaf.standard.processor.StandardRemovableAttributeTagProcessor
[THYMELEAF]             * [* {th:poster,data-th-poster}] [1000]: org.thymeleaf.standard.processor.StandardRemovableAttributeTagProcessor
[THYMELEAF]             * [* {th:summary,data-th-summary}] [1000]: org.thymeleaf.standard.processor.StandardRemovableAttributeTagProcessor
[THYMELEAF]             * [* {th:high,data-th-high}] [1000]: org.thymeleaf.standard.processor.StandardRemovableAttributeTagProcessor
[THYMELEAF]             * [* {th:label,data-th-label}] [1000]: org.thymeleaf.standard.processor.StandardRemovableAttributeTagProcessor
[THYMELEAF]             * [* {th:valuetype,data-th-valuetype}] [1000]: org.thymeleaf.standard.processor.StandardRemovableAttributeTagProcessor
[THYMELEAF]             * [* {th:content,data-th-content}] [1000]: org.thymeleaf.standard.processor.StandardRemovableAttributeTagProcessor
[THYMELEAF]             * [* {th:scope,data-th-scope}] [1000]: org.thymeleaf.standard.processor.StandardRemovableAttributeTagProcessor
[THYMELEAF]             * [* {th:list,data-th-list}] [1000]: org.thymeleaf.standard.processor.StandardRemovableAttributeTagProcessor
[THYMELEAF]             * [* {th:classid,data-th-classid}] [1000]: org.thymeleaf.standard.processor.StandardRemovableAttributeTagProcessor
[THYMELEAF]             * [* {th:radiogroup,data-th-radiogroup}] [1000]: org.thymeleaf.standard.processor.StandardRemovableAttributeTagProcessor
[THYMELEAF]             * [* {th:dropzone,data-th-dropzone}] [1000]: org.thymeleaf.standard.processor.StandardRemovableAttributeTagProcessor
[THYMELEAF]             * [* {th:data,data-th-data}] [1000]: org.thymeleaf.standard.processor.StandardRemovableAttributeTagProcessor
[THYMELEAF]             * [* {th:accesskey,data-th-accesskey}] [1000]: org.thymeleaf.standard.processor.StandardRemovableAttributeTagProcessor
[THYMELEAF]             * [* {th:autocomplete,data-th-autocomplete}] [1000]: org.thymeleaf.standard.processor.StandardRemovableAttributeTagProcessor
[THYMELEAF]             * [* {th:scheme,data-th-scheme}] [1000]: org.thymeleaf.standard.processor.StandardRemovableAttributeTagProcessor
[THYMELEAF]             * [* {th:background,data-th-background}] [1000]: org.thymeleaf.standard.processor.StandardRemovableAttributeTagProcessor
[THYMELEAF]             * [* {th:formenctype,data-th-formenctype}] [1000]: org.thymeleaf.standard.processor.StandardRemovableAttributeTagProcessor
[THYMELEAF]             * [* {th:spellcheck,data-th-spellcheck}] [1000]: org.thymeleaf.standard.processor.StandardRemovableAttributeTagProcessor
[THYMELEAF]             * [* {th:contextmenu,data-th-contextmenu}] [1000]: org.thymeleaf.standard.processor.StandardRemovableAttributeTagProcessor
[THYMELEAF]             * [* {th:hspace,data-th-hspace}] [1000]: org.thymeleaf.standard.processor.StandardRemovableAttributeTagProcessor
[THYMELEAF]             * [* {th:cols,data-th-cols}] [1000]: org.thymeleaf.standard.processor.StandardRemovableAttributeTagProcessor
[THYMELEAF]             * [* {th:bgcolor,data-th-bgcolor}] [1000]: org.thymeleaf.standard.processor.StandardRemovableAttributeTagProcessor
[THYMELEAF]             * [* {th:datetime,data-th-datetime}] [1000]: org.thymeleaf.standard.processor.StandardRemovableAttributeTagProcessor
[THYMELEAF]             * [* {th:media,data-th-media}] [1000]: org.thymeleaf.standard.processor.StandardRemovableAttributeTagProcessor
[THYMELEAF]             * [* {th:axis,data-th-axis}] [1000]: org.thymeleaf.standard.processor.StandardRemovableAttributeTagProcessor
[THYMELEAF]             * [* {th:rowspan,data-th-rowspan}] [1000]: org.thymeleaf.standard.processor.StandardRemovableAttributeTagProcessor
[THYMELEAF]             * [* {th:cellspacing,data-th-cellspacing}] [1000]: org.thymeleaf.standard.processor.StandardRemovableAttributeTagProcessor
[THYMELEAF]             * [* {th:rows,data-th-rows}] [1000]: org.thymeleaf.standard.processor.StandardRemovableAttributeTagProcessor
[THYMELEAF]             * [* {th:min,data-th-min}] [1000]: org.thymeleaf.standard.processor.StandardRemovableAttributeTagProcessor
[THYMELEAF]             * [* {th:for,data-th-for}] [1000]: org.thymeleaf.standard.processor.StandardRemovableAttributeTagProcessor
[THYMELEAF]             * [* {th:dir,data-th-dir}] [1000]: org.thymeleaf.standard.processor.StandardRemovableAttributeTagProcessor
[THYMELEAF]             * [* {th:border,data-th-border}] [1000]: org.thymeleaf.standard.processor.StandardRemovableAttributeTagProcessor
[THYMELEAF]             * [* {th:alt,data-th-alt}] [1000]: org.thymeleaf.standard.processor.StandardRemovableAttributeTagProcessor
[THYMELEAF]             * [* {th:marginwidth,data-th-marginwidth}] [1000]: org.thymeleaf.standard.processor.StandardRemovableAttributeTagProcessor
[THYMELEAF]             * [* {th:style,data-th-style}] [1000]: org.thymeleaf.standard.processor.StandardRemovableAttributeTagProcessor
[THYMELEAF]             * [* {th:colspan,data-th-colspan}] [1000]: org.thymeleaf.standard.processor.StandardRemovableAttributeTagProcessor
[THYMELEAF]             * [* {th:longdesc,data-th-longdesc}] [1000]: org.thymeleaf.standard.processor.StandardRemovableAttributeTagProcessor
[THYMELEAF]             * [* {th:contenteditable,data-th-contenteditable}] [1000]: org.thymeleaf.standard.processor.StandardRemovableAttributeTagProcessor
[THYMELEAF]             * [* {th:align,data-th-align}] [1000]: org.thymeleaf.standard.processor.StandardRemovableAttributeTagProcessor
[THYMELEAF]             * [* {th:standby,data-th-standby}] [1000]: org.thymeleaf.standard.processor.StandardRemovableAttributeTagProcessor
[THYMELEAF]             * [* {th:srclang,data-th-srclang}] [1000]: org.thymeleaf.standard.processor.StandardRemovableAttributeTagProcessor
[THYMELEAF]             * [* {th:codetype,data-th-codetype}] [1000]: org.thymeleaf.standard.processor.StandardRemovableAttributeTagProcessor
[THYMELEAF]             * [* {th:rel,data-th-rel}] [1000]: org.thymeleaf.standard.processor.StandardRemovableAttributeTagProcessor
[THYMELEAF]             * [* {th:class,data-th-class}] [1000]: org.thymeleaf.standard.processor.StandardRemovableAttributeTagProcessor
[THYMELEAF]             * [* {th:charset,data-th-charset}] [1000]: org.thymeleaf.standard.processor.StandardRemovableAttributeTagProcessor
[THYMELEAF]             * [* {th:optimum,data-th-optimum}] [1000]: org.thymeleaf.standard.processor.StandardRemovableAttributeTagProcessor
[THYMELEAF]             * [* {th:http-equiv,data-th-http-equiv}] [1000]: org.thymeleaf.standard.processor.StandardRemovableAttributeTagProcessor
[THYMELEAF]             * [* {th:low,data-th-low}] [1000]: org.thymeleaf.standard.processor.StandardRemovableAttributeTagProcessor
[THYMELEAF]             * [* {th:lang,data-th-lang}] [1000]: org.thymeleaf.standard.processor.StandardRemovableAttributeTagProcessor
[THYMELEAF]             * [* {th:challenge,data-th-challenge}] [1000]: org.thymeleaf.standard.processor.StandardRemovableAttributeTagProcessor
[THYMELEAF]             * [* {th:cite,data-th-cite}] [1000]: org.thymeleaf.standard.processor.StandardRemovableAttributeTagProcessor
[THYMELEAF]             * [* {th:vspace,data-th-vspace}] [1000]: org.thymeleaf.standard.processor.StandardRemovableAttributeTagProcessor
[THYMELEAF]             * [* {th:start,data-th-start}] [1000]: org.thymeleaf.standard.processor.StandardRemovableAttributeTagProcessor
[THYMELEAF]             * [* {th:draggable,data-th-draggable}] [1000]: org.thymeleaf.standard.processor.StandardRemovableAttributeTagProcessor
[THYMELEAF]             * [* {th:step,data-th-step}] [1000]: org.thymeleaf.standard.processor.StandardRemovableAttributeTagProcessor
[THYMELEAF]             * [* {th:scrolling,data-th-scrolling}] [1000]: org.thymeleaf.standard.processor.StandardRemovableAttributeTagProcessor
[THYMELEAF]             * [* {th:kind,data-th-kind}] [1000]: org.thymeleaf.standard.processor.StandardRemovableAttributeTagProcessor
[THYMELEAF]             * [* {th:marginheight,data-th-marginheight}] [1000]: org.thymeleaf.standard.processor.StandardRemovableAttributeTagProcessor
[THYMELEAF]             * [* {th:archive,data-th-archive}] [1000]: org.thymeleaf.standard.processor.StandardRemovableAttributeTagProcessor
[THYMELEAF]             * [* {th:formtarget,data-th-formtarget}] [1000]: org.thymeleaf.standard.processor.StandardRemovableAttributeTagProcessor
[THYMELEAF]             * [* {th:abbr,data-th-abbr}] [1000]: org.thymeleaf.standard.processor.StandardRemovableAttributeTagProcessor
[THYMELEAF]             * [* {th:height,data-th-height}] [1000]: org.thymeleaf.standard.processor.StandardRemovableAttributeTagProcessor
[THYMELEAF]             * [* {th:placeholder,data-th-placeholder}] [1000]: org.thymeleaf.standard.processor.StandardRemovableAttributeTagProcessor
[THYMELEAF]             * [* {th:keytype,data-th-keytype}] [1000]: org.thymeleaf.standard.processor.StandardRemovableAttributeTagProcessor
[THYMELEAF]             * [* {th:preload,data-th-preload}] [1000]: org.thymeleaf.standard.processor.StandardRemovableAttributeTagProcessor
[THYMELEAF]             * [* {th:manifest,data-th-manifest}] [1000]: org.thymeleaf.standard.processor.StandardRemovableAttributeTagProcessor
[THYMELEAF]             * [* {th:sandbox,data-th-sandbox}] [1000]: org.thymeleaf.standard.processor.StandardRemovableAttributeTagProcessor
[THYMELEAF]             * [* {th:size,data-th-size}] [1000]: org.thymeleaf.standard.processor.StandardRemovableAttributeTagProcessor
[THYMELEAF]             * [* {th:accept,data-th-accept}] [1000]: org.thymeleaf.standard.processor.StandardRemovableAttributeTagProcessor
[THYMELEAF]             * [* {th:width,data-th-width}] [1000]: org.thymeleaf.standard.processor.StandardRemovableAttributeTagProcessor
[THYMELEAF]             * [* {th:max,data-th-max}] [1000]: org.thymeleaf.standard.processor.StandardRemovableAttributeTagProcessor
[THYMELEAF]             * [* {th:maxlength,data-th-maxlength}] [1000]: org.thymeleaf.standard.processor.StandardRemovableAttributeTagProcessor
[THYMELEAF]             * [* {th:rules,data-th-rules}] [1000]: org.thymeleaf.standard.processor.StandardRemovableAttributeTagProcessor
[THYMELEAF]             * [* {th:hreflang,data-th-hreflang}] [1000]: org.thymeleaf.standard.processor.StandardRemovableAttributeTagProcessor
[THYMELEAF]             * [* {th:cellpadding,data-th-cellpadding}] [1000]: org.thymeleaf.standard.processor.StandardRemovableAttributeTagProcessor
[THYMELEAF]             * [* {th:formaction,data-th-formaction}] [1000]: org.thymeleaf.standard.processor.StandardRemovableAttributeTagProcessor
[THYMELEAF]             * [* {th:compact,data-th-compact}] [1000]: org.thymeleaf.standard.processor.StandardRemovableAttributeTagProcessor
[THYMELEAF]             * [* {th:tabindex,data-th-tabindex}] [1000]: org.thymeleaf.standard.processor.StandardRemovableAttributeTagProcessor
[THYMELEAF]             * [* {th:id,data-th-id}] [1000]: org.thymeleaf.standard.processor.StandardRemovableAttributeTagProcessor
[THYMELEAF]             * [* {th:pattern,data-th-pattern}] [1000]: org.thymeleaf.standard.processor.StandardRemovableAttributeTagProcessor
[THYMELEAF]             * [* {th:headers,data-th-headers}] [1000]: org.thymeleaf.standard.processor.StandardRemovableAttributeTagProcessor
[THYMELEAF]             * [* {th:sizes,data-th-sizes}] [1000]: org.thymeleaf.standard.processor.StandardRemovableAttributeTagProcessor
[THYMELEAF]             * [* {th:audio,data-th-audio}] [1000]: org.thymeleaf.standard.processor.StandardRemovableAttributeTagProcessor
[THYMELEAF]             * [* {th:rev,data-th-rev}] [1000]: org.thymeleaf.standard.processor.StandardRemovableAttributeTagProcessor
[THYMELEAF]             * [* {th:src,data-th-src}] [1000]: org.thymeleaf.standard.processor.StandardSrcTagProcessor
[THYMELEAF]             * [* {th:value,data-th-value}] [1000]: org.thymeleaf.standard.processor.StandardValueTagProcessor
[THYMELEAF]             * [* {th:xmlbase,data-th-xmlbase}] [1000]: org.thymeleaf.standard.processor.StandardXmlBaseTagProcessor
[THYMELEAF]             * [* {th:xmllang,data-th-xmllang}] [1000]: org.thymeleaf.standard.processor.StandardXmlLangTagProcessor
[THYMELEAF]             * [* {xmlns:th}] [1000]: org.thymeleaf.standard.processor.StandardXmlNsTagProcessor
[THYMELEAF]             * [* {th:xmlspace,data-th-xmlspace}] [1000]: org.thymeleaf.standard.processor.StandardXmlSpaceTagProcessor
[THYMELEAF]             * [* {th:classappend,data-th-classappend}] [1100]: org.thymeleaf.standard.processor.StandardClassappendTagProcessor
[THYMELEAF]             * [* {th:styleappend,data-th-styleappend}] [1100]: org.thymeleaf.standard.processor.StandardStyleappendTagProcessor
[THYMELEAF]             * [* {th:text,data-th-text}] [1300]: org.thymeleaf.standard.processor.StandardTextTagProcessor
[THYMELEAF]             * [* {th:utext,data-th-utext}] [1400]: org.thymeleaf.standard.processor.StandardUtextTagProcessor
[THYMELEAF]             * [* {th:fragment,data-th-fragment}] [1500]: org.thymeleaf.standard.processor.StandardFragmentTagProcessor
[THYMELEAF]             * [* {th:assert,data-th-assert}] [1550]: org.thymeleaf.standard.processor.StandardAssertTagProcessor
[THYMELEAF]             * [* {th:remove,data-th-remove}] [1600]: org.thymeleaf.standard.processor.StandardRemoveTagProcessor
[THYMELEAF]             * [* {th:ref,data-th-ref}] [10000]: org.thymeleaf.standard.processor.StandardRefAttributeTagProcessor
[THYMELEAF]             * [{th:block,th-block} *] [100000]: org.thymeleaf.standard.processor.StandardBlockTagProcessor
[THYMELEAF]             * [* th:*] [2147483647]: org.thymeleaf.standard.processor.StandardDefaultAttributesTagProcessor
[THYMELEAF]         * Text Processors by [precedence]:
[THYMELEAF]             * [1000]: org.thymeleaf.standard.processor.StandardInliningTextProcessor
[THYMELEAF]         * DOCTYPE Processors by [precedence]:
[THYMELEAF]             * [1000]: org.thymeleaf.standard.processor.StandardTranslationDocTypeProcessor
[THYMELEAF]         * CDATA Section Processors by [precedence]:
[THYMELEAF]             * [1000]: org.thymeleaf.standard.processor.StandardInliningCDATASectionProcessor
[THYMELEAF]         * Comment Processors by [precedence]:
[THYMELEAF]             * [1000]: org.thymeleaf.standard.processor.StandardInliningCommentProcessor
[THYMELEAF]             * [1100]: org.thymeleaf.standard.processor.StandardConditionalCommentProcessor
[THYMELEAF]     * Processors for Template Mode: XML
[THYMELEAF]         * Element Tag Processors by [matching element and attribute name] [precedence]:
[THYMELEAF]             * [* {th:include}] [100]: org.thymeleaf.standard.processor.StandardIncludeTagProcessor
[THYMELEAF]             * [* {th:insert}] [100]: org.thymeleaf.standard.processor.StandardInsertTagProcessor
[THYMELEAF]             * [* {th:replace}] [100]: org.thymeleaf.standard.processor.StandardReplaceTagProcessor
[THYMELEAF]             * [* {th:each}] [200]: com.intuit.karate.template.KarateEachTagProcessor
[THYMELEAF]             * [* {th:switch}] [250]: org.thymeleaf.standard.processor.StandardSwitchTagProcessor
[THYMELEAF]             * [* {th:case}] [275]: org.thymeleaf.standard.processor.StandardCaseTagProcessor
[THYMELEAF]             * [* {th:if}] [300]: org.thymeleaf.standard.processor.StandardIfTagProcessor
[THYMELEAF]             * [* {th:unless}] [400]: org.thymeleaf.standard.processor.StandardUnlessTagProcessor
[THYMELEAF]             * [* {th:object}] [500]: org.thymeleaf.standard.processor.StandardObjectTagProcessor
[THYMELEAF]             * [* {th:with}] [600]: com.intuit.karate.template.KarateWithTagProcessor
[THYMELEAF]             * [* {th:attr}] [700]: com.intuit.karate.template.KarateAttributeTagProcessor.KarateAttrTagProcessor
[THYMELEAF]             * [* {th:attrappend}] [900]: com.intuit.karate.template.KarateAttributeTagProcessor.KarateAttrappendTagProcessor
[THYMELEAF]             * [* {th:attrprepend}] [900]: com.intuit.karate.template.KarateAttributeTagProcessor.KarateAttrprependTagProcessor
[THYMELEAF]             * [* {th:inline}] [1000]: org.thymeleaf.standard.processor.StandardInlineXMLTagProcessor
[THYMELEAF]             * [* {xmlns:th}] [1000]: org.thymeleaf.standard.processor.StandardXmlNsTagProcessor
[THYMELEAF]             * [* {th:text}] [1300]: org.thymeleaf.standard.processor.StandardTextTagProcessor
[THYMELEAF]             * [* {th:utext}] [1400]: org.thymeleaf.standard.processor.StandardUtextTagProcessor
[THYMELEAF]             * [* {th:fragment}] [1500]: org.thymeleaf.standard.processor.StandardFragmentTagProcessor
[THYMELEAF]             * [* {th:assert}] [1550]: org.thymeleaf.standard.processor.StandardAssertTagProcessor
[THYMELEAF]             * [* {th:remove}] [1600]: org.thymeleaf.standard.processor.StandardRemoveTagProcessor
[THYMELEAF]             * [* {th:ref}] [10000]: org.thymeleaf.standard.processor.StandardRefAttributeTagProcessor
[THYMELEAF]             * [{th:block} *] [100000]: org.thymeleaf.standard.processor.StandardBlockTagProcessor
[THYMELEAF]             * [* th:*] [2147483647]: org.thymeleaf.standard.processor.StandardDefaultAttributesTagProcessor
[THYMELEAF]         * Text Processors by [precedence]:
[THYMELEAF]             * [1000]: org.thymeleaf.standard.processor.StandardInliningTextProcessor
[THYMELEAF]         * CDATA Section Processors by [precedence]:
[THYMELEAF]             * [1000]: org.thymeleaf.standard.processor.StandardInliningCDATASectionProcessor
[THYMELEAF]         * Comment Processors by [precedence]:
[THYMELEAF]             * [1000]: org.thymeleaf.standard.processor.StandardInliningCommentProcessor
[THYMELEAF]     * Processors for Template Mode: TEXT
[THYMELEAF]         * Element Tag Processors by [matching element and attribute name] [precedence]:
[THYMELEAF]             * [* {th:insert}] [100]: org.thymeleaf.standard.processor.StandardInsertTagProcessor
[THYMELEAF]             * [* {th:replace}] [100]: org.thymeleaf.standard.processor.StandardReplaceTagProcessor
[THYMELEAF]             * [* {th:each}] [200]: com.intuit.karate.template.KarateEachTagProcessor
[THYMELEAF]             * [* {th:switch}] [250]: org.thymeleaf.standard.processor.StandardSwitchTagProcessor
[THYMELEAF]             * [* {th:case}] [275]: org.thymeleaf.standard.processor.StandardCaseTagProcessor
[THYMELEAF]             * [* {th:if}] [300]: org.thymeleaf.standard.processor.StandardIfTagProcessor
[THYMELEAF]             * [* {th:unless}] [400]: org.thymeleaf.standard.processor.StandardUnlessTagProcessor
[THYMELEAF]             * [* {th:object}] [500]: org.thymeleaf.standard.processor.StandardObjectTagProcessor
[THYMELEAF]             * [* {th:with}] [600]: com.intuit.karate.template.KarateWithTagProcessor
[THYMELEAF]             * [* {th:inline}] [1000]: org.thymeleaf.standard.processor.StandardInlineTextualTagProcessor
[THYMELEAF]             * [* {th:text}] [1300]: org.thymeleaf.standard.processor.StandardTextTagProcessor
[THYMELEAF]             * [* {th:utext}] [1400]: org.thymeleaf.standard.processor.StandardUtextTagProcessor
[THYMELEAF]             * [* {th:assert}] [1550]: org.thymeleaf.standard.processor.StandardAssertTagProcessor
[THYMELEAF]             * [* {th:remove}] [1600]: org.thymeleaf.standard.processor.StandardRemoveTagProcessor
[THYMELEAF]             * [* 100000] [org.thymeleaf.standard.processor.StandardBlockTagProcessor]: {}
[THYMELEAF]             * [{th:block} *] [100000]: org.thymeleaf.standard.processor.StandardBlockTagProcessor
[THYMELEAF]         * Text Processors by [precedence]:
[THYMELEAF]             * [1000]: org.thymeleaf.standard.processor.StandardInliningTextProcessor
[THYMELEAF]     * Processors for Template Mode: JAVASCRIPT
[THYMELEAF]         * Element Tag Processors by [matching element and attribute name] [precedence]:
[THYMELEAF]             * [* {th:insert}] [100]: org.thymeleaf.standard.processor.StandardInsertTagProcessor
[THYMELEAF]             * [* {th:replace}] [100]: org.thymeleaf.standard.processor.StandardReplaceTagProcessor
[THYMELEAF]             * [* {th:each}] [200]: com.intuit.karate.template.KarateEachTagProcessor
[THYMELEAF]             * [* {th:switch}] [250]: org.thymeleaf.standard.processor.StandardSwitchTagProcessor
[THYMELEAF]             * [* {th:case}] [275]: org.thymeleaf.standard.processor.StandardCaseTagProcessor
[THYMELEAF]             * [* {th:if}] [300]: org.thymeleaf.standard.processor.StandardIfTagProcessor
[THYMELEAF]             * [* {th:unless}] [400]: org.thymeleaf.standard.processor.StandardUnlessTagProcessor
[THYMELEAF]             * [* {th:object}] [500]: org.thymeleaf.standard.processor.StandardObjectTagProcessor
[THYMELEAF]             * [* {th:with}] [600]: com.intuit.karate.template.KarateWithTagProcessor
[THYMELEAF]             * [* {th:inline}] [1000]: org.thymeleaf.standard.processor.StandardInlineTextualTagProcessor
[THYMELEAF]             * [* {th:text}] [1300]: org.thymeleaf.standard.processor.StandardTextTagProcessor
[THYMELEAF]             * [* {th:utext}] [1400]: org.thymeleaf.standard.processor.StandardUtextTagProcessor
[THYMELEAF]             * [* {th:assert}] [1550]: org.thymeleaf.standard.processor.StandardAssertTagProcessor
[THYMELEAF]             * [* {th:remove}] [1600]: org.thymeleaf.standard.processor.StandardRemoveTagProcessor
[THYMELEAF]             * [{th:block} *] [100000]: org.thymeleaf.standard.processor.StandardBlockTagProcessor
[THYMELEAF]             * [* 100000] [org.thymeleaf.standard.processor.StandardBlockTagProcessor]: {}
[THYMELEAF]         * Text Processors by [precedence]:
[THYMELEAF]             * [1000]: org.thymeleaf.standard.processor.StandardInliningTextProcessor
[THYMELEAF]     * Processors for Template Mode: CSS
[THYMELEAF]         * Element Tag Processors by [matching element and attribute name] [precedence]:
[THYMELEAF]             * [* {th:insert}] [100]: org.thymeleaf.standard.processor.StandardInsertTagProcessor
[THYMELEAF]             * [* {th:replace}] [100]: org.thymeleaf.standard.processor.StandardReplaceTagProcessor
[THYMELEAF]             * [* {th:each}] [200]: com.intuit.karate.template.KarateEachTagProcessor
[THYMELEAF]             * [* {th:switch}] [250]: org.thymeleaf.standard.processor.StandardSwitchTagProcessor
[THYMELEAF]             * [* {th:case}] [275]: org.thymeleaf.standard.processor.StandardCaseTagProcessor
[THYMELEAF]             * [* {th:if}] [300]: org.thymeleaf.standard.processor.StandardIfTagProcessor
[THYMELEAF]             * [* {th:unless}] [400]: org.thymeleaf.standard.processor.StandardUnlessTagProcessor
[THYMELEAF]             * [* {th:object}] [500]: org.thymeleaf.standard.processor.StandardObjectTagProcessor
[THYMELEAF]             * [* {th:with}] [600]: com.intuit.karate.template.KarateWithTagProcessor
[THYMELEAF]             * [* {th:inline}] [1000]: org.thymeleaf.standard.processor.StandardInlineTextualTagProcessor
[THYMELEAF]             * [* {th:text}] [1300]: org.thymeleaf.standard.processor.StandardTextTagProcessor
[THYMELEAF]             * [* {th:utext}] [1400]: org.thymeleaf.standard.processor.StandardUtextTagProcessor
[THYMELEAF]             * [* {th:assert}] [1550]: org.thymeleaf.standard.processor.StandardAssertTagProcessor
[THYMELEAF]             * [* {th:remove}] [1600]: org.thymeleaf.standard.processor.StandardRemoveTagProcessor
[THYMELEAF]             * [{th:block} *] [100000]: org.thymeleaf.standard.processor.StandardBlockTagProcessor
[THYMELEAF]             * [* 100000] [org.thymeleaf.standard.processor.StandardBlockTagProcessor]: {}
[THYMELEAF]         * Text Processors by [precedence]:
[THYMELEAF]             * [1000]: org.thymeleaf.standard.processor.StandardInliningTextProcessor
[THYMELEAF]     * Expression Objects:
[THYMELEAF]         * #ctx
[THYMELEAF]         * #root
[THYMELEAF]         * #vars
[THYMELEAF]         * #object
[THYMELEAF]         * #locale
[THYMELEAF]         * #conversions
[THYMELEAF]         * #uris
[THYMELEAF]         * #temporals
[THYMELEAF]         * #calendars
[THYMELEAF]         * #dates
[THYMELEAF]         * #bools
[THYMELEAF]         * #numbers
[THYMELEAF]         * #objects
[THYMELEAF]         * #strings
[THYMELEAF]         * #arrays
[THYMELEAF]         * #lists
[THYMELEAF]         * #sets
[THYMELEAF]         * #maps
[THYMELEAF]         * #aggregates
[THYMELEAF]         * #messages
[THYMELEAF]         * #ids
[THYMELEAF]         * #execInfo
[THYMELEAF]         * #request
[THYMELEAF]         * #response
[THYMELEAF]         * #session
[THYMELEAF]         * #servletContext
[THYMELEAF]     * Execution Attributes:
[THYMELEAF]         * "StandardExpressionParser": com.intuit.karate.template.KarateStandardDialect@490d9c41
[THYMELEAF]         * "StandardJavaScriptSerializer": org.thymeleaf.standard.serializer.StandardJavaScriptSerializer@3a5e4f32
[THYMELEAF]         * "StandardCSSSerializer": org.thymeleaf.standard.serializer.StandardCSSSerializer@2b0494a8
[THYMELEAF]         * "StandardVariableExpressionEvaluator": com.intuit.karate.template.KarateStandardDialect@490d9c41
[THYMELEAF]         * "StandardConversionService": org.thymeleaf.standard.expression.StandardConversionService@17c34e62
[THYMELEAF] * Dialect [2 of 2]: karate (com.intuit.karate.template.KarateScriptDialect)
[THYMELEAF]     * Prefix: "ka"
[THYMELEAF]     * Processors for Template Mode: HTML
[THYMELEAF]         * Element Tag Processors by [matching element and attribute name] [precedence]:
[THYMELEAF]             * [* {src}] [1000]: com.intuit.karate.template.KaScriptAttrProcessor
[THYMELEAF]         * Element Model Processors by [matching element and attribute name] [precedence]:
[THYMELEAF]             * [{script} {ka:scope,data-ka-scope}] [1000]: com.intuit.karate.template.KaScriptElemProcessor
[THYMELEAF]             * [* {ka:set,data-ka-set}] [1000]: com.intuit.karate.template.KaSetElemProcessor
[THYMELEAF] TEMPLATE ENGINE CONFIGURED OK
22:35:22.909 [main] DEBUG org.thymeleaf.TemplateEngine -- [THYMELEAF] TEMPLATE ENGINE INITIALIZED

HTML report: (paste into browser to view) | Karate version: 1.4.1
file:///C:/Users/monst/karate-tests/target/karate-reports/karate-summary.html
===================================================================

]]></system-out>
    <system-err><![CDATA[ERROR StatusLogger Log4j2 could not find a logging implementation. Please add log4j-core to the classpath. Using SimpleLogger to log to the console...
]]></system-err>
  </testcase>
</testsuite>