<?xml version="1.0" encoding="UTF-8"?>
<testsuite xmlns:xsi="http://www.w3.org/2001/XMLSchema-instance" xsi:noNamespaceSchemaLocation="https://maven.apache.org/surefire/maven-surefire-plugin/xsd/surefire-test-report-3.0.xsd" version="3.0" name="runners.unlike.UnlikeExcelTestRunner" time="5.269" tests="1" errors="0" skipped="0" failures="0">
  <properties>
    <property name="java.specification.version" value="17"/>
    <property name="sun.cpu.isalist" value="amd64"/>
    <property name="sun.jnu.encoding" value="Cp1252"/>
    <property name="java.class.path" value="C:\Users\monst\karate-tests\target\test-classes;C:\Users\monst\karate-tests\target\classes;C:\Users\monst\.m2\repository\com\intuit\karate\karate-junit5\1.4.1\karate-junit5-1.4.1.jar;C:\Users\monst\.m2\repository\com\intuit\karate\karate-core\1.4.1\karate-core-1.4.1.jar;C:\Users\monst\.m2\repository\org\graalvm\js\js-scriptengine\22.3.3\js-scriptengine-22.3.3.jar;C:\Users\monst\.m2\repository\org\graalvm\sdk\graal-sdk\22.3.3\graal-sdk-22.3.3.jar;C:\Users\monst\.m2\repository\org\graalvm\js\js\22.3.3\js-22.3.3.jar;C:\Users\monst\.m2\repository\org\graalvm\regex\regex\22.3.3\regex-22.3.3.jar;C:\Users\monst\.m2\repository\org\graalvm\truffle\truffle-api\22.3.3\truffle-api-22.3.3.jar;C:\Users\monst\.m2\repository\com\ibm\icu\icu4j\71.1\icu4j-71.1.jar;C:\Users\monst\.m2\repository\org\thymeleaf\thymeleaf\3.1.2.RELEASE\thymeleaf-3.1.2.RELEASE.jar;C:\Users\monst\.m2\repository\ognl\ognl\3.3.4\ognl-3.3.4.jar;C:\Users\monst\.m2\repository\org\javassist\javassist\3.29.0-GA\javassist-3.29.0-GA.jar;C:\Users\monst\.m2\repository\org\attoparser\attoparser\2.0.7.RELEASE\attoparser-2.0.7.RELEASE.jar;C:\Users\monst\.m2\repository\org\unbescape\unbescape\1.1.6.RELEASE\unbescape-1.1.6.RELEASE.jar;C:\Users\monst\.m2\repository\org\slf4j\slf4j-api\2.0.7\slf4j-api-2.0.7.jar;C:\Users\monst\.m2\repository\com\linecorp\armeria\armeria\1.25.2\armeria-1.25.2.jar;C:\Users\monst\.m2\repository\com\fasterxml\jackson\core\jackson-core\2.15.2\jackson-core-2.15.2.jar;C:\Users\monst\.m2\repository\com\fasterxml\jackson\core\jackson-annotations\2.15.2\jackson-annotations-2.15.2.jar;C:\Users\monst\.m2\repository\com\fasterxml\jackson\core\jackson-databind\2.15.2\jackson-databind-2.15.2.jar;C:\Users\monst\.m2\repository\com\fasterxml\jackson\datatype\jackson-datatype-jdk8\2.15.2\jackson-datatype-jdk8-2.15.2.jar;C:\Users\monst\.m2\repository\com\fasterxml\jackson\datatype\jackson-datatype-jsr310\2.15.2\jackson-datatype-jsr310-2.15.2.jar;C:\Users\monst\.m2\repository\io\micrometer\micrometer-core\1.11.3\micrometer-core-1.11.3.jar;C:\Users\monst\.m2\repository\io\micrometer\micrometer-commons\1.11.3\micrometer-commons-1.11.3.jar;C:\Users\monst\.m2\repository\io\micrometer\micrometer-observation\1.11.3\micrometer-observation-1.11.3.jar;C:\Users\monst\.m2\repository\org\hdrhistogram\HdrHistogram\2.1.12\HdrHistogram-2.1.12.jar;C:\Users\monst\.m2\repository\org\latencyutils\LatencyUtils\2.0.3\LatencyUtils-2.0.3.jar;C:\Users\monst\.m2\repository\io\netty\netty-transport\4.1.96.Final\netty-transport-4.1.96.Final.jar;C:\Users\monst\.m2\repository\io\netty\netty-common\4.1.96.Final\netty-common-4.1.96.Final.jar;C:\Users\monst\.m2\repository\io\netty\netty-buffer\4.1.96.Final\netty-buffer-4.1.96.Final.jar;C:\Users\monst\.m2\repository\io\netty\netty-resolver\4.1.96.Final\netty-resolver-4.1.96.Final.jar;C:\Users\monst\.m2\repository\io\netty\netty-codec-haproxy\4.1.96.Final\netty-codec-haproxy-4.1.96.Final.jar;C:\Users\monst\.m2\repository\io\netty\netty-codec\4.1.96.Final\netty-codec-4.1.96.Final.jar;C:\Users\monst\.m2\repository\io\netty\netty-codec-http2\4.1.96.Final\netty-codec-http2-4.1.96.Final.jar;C:\Users\monst\.m2\repository\io\netty\netty-handler\4.1.96.Final\netty-handler-4.1.96.Final.jar;C:\Users\monst\.m2\repository\io\netty\netty-codec-http\4.1.96.Final\netty-codec-http-4.1.96.Final.jar;C:\Users\monst\.m2\repository\io\netty\netty-resolver-dns\4.1.96.Final\netty-resolver-dns-4.1.96.Final.jar;C:\Users\monst\.m2\repository\io\netty\netty-codec-dns\4.1.96.Final\netty-codec-dns-4.1.96.Final.jar;C:\Users\monst\.m2\repository\org\reactivestreams\reactive-streams\1.0.4\reactive-streams-1.0.4.jar;C:\Users\monst\.m2\repository\com\google\code\findbugs\jsr305\3.0.2\jsr305-3.0.2.jar;C:\Users\monst\.m2\repository\io\netty\netty-handler-proxy\4.1.96.Final\netty-handler-proxy-4.1.96.Final.jar;C:\Users\monst\.m2\repository\io\netty\netty-codec-socks\4.1.96.Final\netty-codec-socks-4.1.96.Final.jar;C:\Users\monst\.m2\repository\io\netty\netty-transport-native-unix-common\4.1.96.Final\netty-transport-native-unix-common-4.1.96.Final-linux-x86_64.jar;C:\Users\monst\.m2\repository\io\netty\netty-transport-native-epoll\4.1.96.Final\netty-transport-native-epoll-4.1.96.Final-linux-x86_64.jar;C:\Users\monst\.m2\repository\io\netty\netty-transport-native-unix-common\4.1.96.Final\netty-transport-native-unix-common-4.1.96.Final.jar;C:\Users\monst\.m2\repository\io\netty\netty-transport-classes-epoll\4.1.96.Final\netty-transport-classes-epoll-4.1.96.Final.jar;C:\Users\monst\.m2\repository\io\netty\netty-transport-native-unix-common\4.1.96.Final\netty-transport-native-unix-common-4.1.96.Final-linux-aarch_64.jar;C:\Users\monst\.m2\repository\io\netty\netty-transport-native-epoll\4.1.96.Final\netty-transport-native-epoll-4.1.96.Final-linux-aarch_64.jar;C:\Users\monst\.m2\repository\io\netty\netty-transport-native-unix-common\4.1.96.Final\netty-transport-native-unix-common-4.1.96.Final-osx-x86_64.jar;C:\Users\monst\.m2\repository\io\netty\netty-transport-native-kqueue\4.1.96.Final\netty-transport-native-kqueue-4.1.96.Final-osx-x86_64.jar;C:\Users\monst\.m2\repository\io\netty\netty-transport-classes-kqueue\4.1.96.Final\netty-transport-classes-kqueue-4.1.96.Final.jar;C:\Users\monst\.m2\repository\io\netty\netty-resolver-dns-native-macos\4.1.96.Final\netty-resolver-dns-native-macos-4.1.96.Final-osx-x86_64.jar;C:\Users\monst\.m2\repository\io\netty\netty-resolver-dns-classes-macos\4.1.96.Final\netty-resolver-dns-classes-macos-4.1.96.Final.jar;C:\Users\monst\.m2\repository\io\netty\netty-transport-native-unix-common\4.1.96.Final\netty-transport-native-unix-common-4.1.96.Final-osx-aarch_64.jar;C:\Users\monst\.m2\repository\io\netty\netty-transport-native-kqueue\4.1.96.Final\netty-transport-native-kqueue-4.1.96.Final-osx-aarch_64.jar;C:\Users\monst\.m2\repository\io\netty\netty-resolver-dns-native-macos\4.1.96.Final\netty-resolver-dns-native-macos-4.1.96.Final-osx-aarch_64.jar;C:\Users\monst\.m2\repository\io\netty\netty-tcnative-boringssl-static\2.0.61.Final\netty-tcnative-boringssl-static-2.0.61.Final-linux-x86_64.jar;C:\Users\monst\.m2\repository\io\netty\netty-tcnative-classes\2.0.61.Final\netty-tcnative-classes-2.0.61.Final.jar;C:\Users\monst\.m2\repository\io\netty\netty-tcnative-boringssl-static\2.0.61.Final\netty-tcnative-boringssl-static-2.0.61.Final-linux-aarch_64.jar;C:\Users\monst\.m2\repository\io\netty\netty-tcnative-boringssl-static\2.0.61.Final\netty-tcnative-boringssl-static-2.0.61.Final-osx-x86_64.jar;C:\Users\monst\.m2\repository\io\netty\netty-tcnative-boringssl-static\2.0.61.Final\netty-tcnative-boringssl-static-2.0.61.Final-osx-aarch_64.jar;C:\Users\monst\.m2\repository\io\netty\netty-tcnative-boringssl-static\2.0.61.Final\netty-tcnative-boringssl-static-2.0.61.Final-windows-x86_64.jar;C:\Users\monst\.m2\repository\com\aayushatharva\brotli4j\brotli4j\1.12.0\brotli4j-1.12.0.jar;C:\Users\monst\.m2\repository\com\aayushatharva\brotli4j\service\1.12.0\service-1.12.0.jar;C:\Users\monst\.m2\repository\com\aayushatharva\brotli4j\native-windows-x86_64\1.12.0\native-windows-x86_64-1.12.0.jar;C:\Users\monst\.m2\repository\org\apache\httpcomponents\httpclient\4.5.14\httpclient-4.5.14.jar;C:\Users\monst\.m2\repository\org\apache\httpcomponents\httpcore\4.4.16\httpcore-4.4.16.jar;C:\Users\monst\.m2\repository\ch\qos\logback\logback-classic\1.4.11\logback-classic-1.4.11.jar;C:\Users\monst\.m2\repository\ch\qos\logback\logback-core\1.4.11\logback-core-1.4.11.jar;C:\Users\monst\.m2\repository\org\slf4j\jcl-over-slf4j\2.0.9\jcl-over-slf4j-2.0.9.jar;C:\Users\monst\.m2\repository\org\antlr\antlr4-runtime\4.11.1\antlr4-runtime-4.11.1.jar;C:\Users\monst\.m2\repository\com\jayway\jsonpath\json-path\2.8.0\json-path-2.8.0.jar;C:\Users\monst\.m2\repository\net\minidev\json-smart\2.4.10\json-smart-2.4.10.jar;C:\Users\monst\.m2\repository\net\minidev\accessors-smart\2.4.9\accessors-smart-2.4.9.jar;C:\Users\monst\.m2\repository\org\ow2\asm\asm\9.3\asm-9.3.jar;C:\Users\monst\.m2\repository\org\yaml\snakeyaml\2.0\snakeyaml-2.0.jar;C:\Users\monst\.m2\repository\de\siegmar\fastcsv\2.2.1\fastcsv-2.2.1.jar;C:\Users\monst\.m2\repository\info\picocli\picocli\4.7.1\picocli-4.7.1.jar;C:\Users\monst\.m2\repository\io\github\classgraph\classgraph\4.8.160\classgraph-4.8.160.jar;C:\Users\monst\.m2\repository\io\github\t12y\resemble\1.0.2\resemble-1.0.2.jar;C:\Users\monst\.m2\repository\io\github\t12y\ssim\1.0.0\ssim-1.0.0.jar;C:\Users\monst\.m2\repository\org\junit\jupiter\junit-jupiter-api\5.9.3\junit-jupiter-api-5.9.3.jar;C:\Users\monst\.m2\repository\org\opentest4j\opentest4j\1.2.0\opentest4j-1.2.0.jar;C:\Users\monst\.m2\repository\org\junit\platform\junit-platform-commons\1.9.3\junit-platform-commons-1.9.3.jar;C:\Users\monst\.m2\repository\org\apiguardian\apiguardian-api\1.1.2\apiguardian-api-1.1.2.jar;C:\Users\monst\.m2\repository\org\junit\jupiter\junit-jupiter-engine\5.9.3\junit-jupiter-engine-5.9.3.jar;C:\Users\monst\.m2\repository\org\junit\platform\junit-platform-engine\1.9.3\junit-platform-engine-1.9.3.jar;C:\Users\monst\.m2\repository\org\apache\poi\poi\5.2.4\poi-5.2.4.jar;C:\Users\monst\.m2\repository\commons-codec\commons-codec\1.16.0\commons-codec-1.16.0.jar;C:\Users\monst\.m2\repository\org\apache\commons\commons-collections4\4.4\commons-collections4-4.4.jar;C:\Users\monst\.m2\repository\org\apache\commons\commons-math3\3.6.1\commons-math3-3.6.1.jar;C:\Users\monst\.m2\repository\commons-io\commons-io\2.13.0\commons-io-2.13.0.jar;C:\Users\monst\.m2\repository\com\zaxxer\SparseBitSet\1.3\SparseBitSet-1.3.jar;C:\Users\monst\.m2\repository\org\apache\logging\log4j\log4j-api\2.20.0\log4j-api-2.20.0.jar;C:\Users\monst\.m2\repository\org\apache\poi\poi-ooxml\5.2.4\poi-ooxml-5.2.4.jar;C:\Users\monst\.m2\repository\org\apache\poi\poi-ooxml-lite\5.2.4\poi-ooxml-lite-5.2.4.jar;C:\Users\monst\.m2\repository\org\apache\xmlbeans\xmlbeans\5.1.1\xmlbeans-5.1.1.jar;C:\Users\monst\.m2\repository\org\apache\commons\commons-compress\1.24.0\commons-compress-1.24.0.jar;C:\Users\monst\.m2\repository\com\github\virtuald\curvesapi\1.08\curvesapi-1.08.jar;"/>
    <property name="java.vm.vendor" value="Oracle Corporation"/>
    <property name="sun.arch.data.model" value="64"/>
    <property name="user.variant" value=""/>
    <property name="java.vendor.url" value="https://java.oracle.com/"/>
    <property name="user.timezone" value="Asia/Saigon"/>
    <property name="os.name" value="Windows 11"/>
    <property name="java.vm.specification.version" value="17"/>
    <property name="sun.java.launcher" value="SUN_STANDARD"/>
    <property name="user.country" value="US"/>
    <property name="sun.boot.library.path" value="C:\Program Files\Java\jdk-17\bin"/>
    <property name="sun.java.command" value="C:\Users\monst\AppData\Local\Temp\surefire14665117432300867757\surefirebooter-20250620230420887_3.jar C:\Users\monst\AppData\Local\Temp\surefire14665117432300867757 2025-06-20T23-04-20_544-jvmRun1 surefire-20250620230420887_1tmp surefire_0-20250620230420887_2tmp"/>
    <property name="jdk.debug" value="release"/>
    <property name="test" value="runners.unlike.UnlikeExcelTestRunner"/>
    <property name="surefire.test.class.path" value="C:\Users\monst\karate-tests\target\test-classes;C:\Users\monst\karate-tests\target\classes;C:\Users\monst\.m2\repository\com\intuit\karate\karate-junit5\1.4.1\karate-junit5-1.4.1.jar;C:\Users\monst\.m2\repository\com\intuit\karate\karate-core\1.4.1\karate-core-1.4.1.jar;C:\Users\monst\.m2\repository\org\graalvm\js\js-scriptengine\22.3.3\js-scriptengine-22.3.3.jar;C:\Users\monst\.m2\repository\org\graalvm\sdk\graal-sdk\22.3.3\graal-sdk-22.3.3.jar;C:\Users\monst\.m2\repository\org\graalvm\js\js\22.3.3\js-22.3.3.jar;C:\Users\monst\.m2\repository\org\graalvm\regex\regex\22.3.3\regex-22.3.3.jar;C:\Users\monst\.m2\repository\org\graalvm\truffle\truffle-api\22.3.3\truffle-api-22.3.3.jar;C:\Users\monst\.m2\repository\com\ibm\icu\icu4j\71.1\icu4j-71.1.jar;C:\Users\monst\.m2\repository\org\thymeleaf\thymeleaf\3.1.2.RELEASE\thymeleaf-3.1.2.RELEASE.jar;C:\Users\monst\.m2\repository\ognl\ognl\3.3.4\ognl-3.3.4.jar;C:\Users\monst\.m2\repository\org\javassist\javassist\3.29.0-GA\javassist-3.29.0-GA.jar;C:\Users\monst\.m2\repository\org\attoparser\attoparser\2.0.7.RELEASE\attoparser-2.0.7.RELEASE.jar;C:\Users\monst\.m2\repository\org\unbescape\unbescape\1.1.6.RELEASE\unbescape-1.1.6.RELEASE.jar;C:\Users\monst\.m2\repository\org\slf4j\slf4j-api\2.0.7\slf4j-api-2.0.7.jar;C:\Users\monst\.m2\repository\com\linecorp\armeria\armeria\1.25.2\armeria-1.25.2.jar;C:\Users\monst\.m2\repository\com\fasterxml\jackson\core\jackson-core\2.15.2\jackson-core-2.15.2.jar;C:\Users\monst\.m2\repository\com\fasterxml\jackson\core\jackson-annotations\2.15.2\jackson-annotations-2.15.2.jar;C:\Users\monst\.m2\repository\com\fasterxml\jackson\core\jackson-databind\2.15.2\jackson-databind-2.15.2.jar;C:\Users\monst\.m2\repository\com\fasterxml\jackson\datatype\jackson-datatype-jdk8\2.15.2\jackson-datatype-jdk8-2.15.2.jar;C:\Users\monst\.m2\repository\com\fasterxml\jackson\datatype\jackson-datatype-jsr310\2.15.2\jackson-datatype-jsr310-2.15.2.jar;C:\Users\monst\.m2\repository\io\micrometer\micrometer-core\1.11.3\micrometer-core-1.11.3.jar;C:\Users\monst\.m2\repository\io\micrometer\micrometer-commons\1.11.3\micrometer-commons-1.11.3.jar;C:\Users\monst\.m2\repository\io\micrometer\micrometer-observation\1.11.3\micrometer-observation-1.11.3.jar;C:\Users\monst\.m2\repository\org\hdrhistogram\HdrHistogram\2.1.12\HdrHistogram-2.1.12.jar;C:\Users\monst\.m2\repository\org\latencyutils\LatencyUtils\2.0.3\LatencyUtils-2.0.3.jar;C:\Users\monst\.m2\repository\io\netty\netty-transport\4.1.96.Final\netty-transport-4.1.96.Final.jar;C:\Users\monst\.m2\repository\io\netty\netty-common\4.1.96.Final\netty-common-4.1.96.Final.jar;C:\Users\monst\.m2\repository\io\netty\netty-buffer\4.1.96.Final\netty-buffer-4.1.96.Final.jar;C:\Users\monst\.m2\repository\io\netty\netty-resolver\4.1.96.Final\netty-resolver-4.1.96.Final.jar;C:\Users\monst\.m2\repository\io\netty\netty-codec-haproxy\4.1.96.Final\netty-codec-haproxy-4.1.96.Final.jar;C:\Users\monst\.m2\repository\io\netty\netty-codec\4.1.96.Final\netty-codec-4.1.96.Final.jar;C:\Users\monst\.m2\repository\io\netty\netty-codec-http2\4.1.96.Final\netty-codec-http2-4.1.96.Final.jar;C:\Users\monst\.m2\repository\io\netty\netty-handler\4.1.96.Final\netty-handler-4.1.96.Final.jar;C:\Users\monst\.m2\repository\io\netty\netty-codec-http\4.1.96.Final\netty-codec-http-4.1.96.Final.jar;C:\Users\monst\.m2\repository\io\netty\netty-resolver-dns\4.1.96.Final\netty-resolver-dns-4.1.96.Final.jar;C:\Users\monst\.m2\repository\io\netty\netty-codec-dns\4.1.96.Final\netty-codec-dns-4.1.96.Final.jar;C:\Users\monst\.m2\repository\org\reactivestreams\reactive-streams\1.0.4\reactive-streams-1.0.4.jar;C:\Users\monst\.m2\repository\com\google\code\findbugs\jsr305\3.0.2\jsr305-3.0.2.jar;C:\Users\monst\.m2\repository\io\netty\netty-handler-proxy\4.1.96.Final\netty-handler-proxy-4.1.96.Final.jar;C:\Users\monst\.m2\repository\io\netty\netty-codec-socks\4.1.96.Final\netty-codec-socks-4.1.96.Final.jar;C:\Users\monst\.m2\repository\io\netty\netty-transport-native-unix-common\4.1.96.Final\netty-transport-native-unix-common-4.1.96.Final-linux-x86_64.jar;C:\Users\monst\.m2\repository\io\netty\netty-transport-native-epoll\4.1.96.Final\netty-transport-native-epoll-4.1.96.Final-linux-x86_64.jar;C:\Users\monst\.m2\repository\io\netty\netty-transport-native-unix-common\4.1.96.Final\netty-transport-native-unix-common-4.1.96.Final.jar;C:\Users\monst\.m2\repository\io\netty\netty-transport-classes-epoll\4.1.96.Final\netty-transport-classes-epoll-4.1.96.Final.jar;C:\Users\monst\.m2\repository\io\netty\netty-transport-native-unix-common\4.1.96.Final\netty-transport-native-unix-common-4.1.96.Final-linux-aarch_64.jar;C:\Users\monst\.m2\repository\io\netty\netty-transport-native-epoll\4.1.96.Final\netty-transport-native-epoll-4.1.96.Final-linux-aarch_64.jar;C:\Users\monst\.m2\repository\io\netty\netty-transport-native-unix-common\4.1.96.Final\netty-transport-native-unix-common-4.1.96.Final-osx-x86_64.jar;C:\Users\monst\.m2\repository\io\netty\netty-transport-native-kqueue\4.1.96.Final\netty-transport-native-kqueue-4.1.96.Final-osx-x86_64.jar;C:\Users\monst\.m2\repository\io\netty\netty-transport-classes-kqueue\4.1.96.Final\netty-transport-classes-kqueue-4.1.96.Final.jar;C:\Users\monst\.m2\repository\io\netty\netty-resolver-dns-native-macos\4.1.96.Final\netty-resolver-dns-native-macos-4.1.96.Final-osx-x86_64.jar;C:\Users\monst\.m2\repository\io\netty\netty-resolver-dns-classes-macos\4.1.96.Final\netty-resolver-dns-classes-macos-4.1.96.Final.jar;C:\Users\monst\.m2\repository\io\netty\netty-transport-native-unix-common\4.1.96.Final\netty-transport-native-unix-common-4.1.96.Final-osx-aarch_64.jar;C:\Users\monst\.m2\repository\io\netty\netty-transport-native-kqueue\4.1.96.Final\netty-transport-native-kqueue-4.1.96.Final-osx-aarch_64.jar;C:\Users\monst\.m2\repository\io\netty\netty-resolver-dns-native-macos\4.1.96.Final\netty-resolver-dns-native-macos-4.1.96.Final-osx-aarch_64.jar;C:\Users\monst\.m2\repository\io\netty\netty-tcnative-boringssl-static\2.0.61.Final\netty-tcnative-boringssl-static-2.0.61.Final-linux-x86_64.jar;C:\Users\monst\.m2\repository\io\netty\netty-tcnative-classes\2.0.61.Final\netty-tcnative-classes-2.0.61.Final.jar;C:\Users\monst\.m2\repository\io\netty\netty-tcnative-boringssl-static\2.0.61.Final\netty-tcnative-boringssl-static-2.0.61.Final-linux-aarch_64.jar;C:\Users\monst\.m2\repository\io\netty\netty-tcnative-boringssl-static\2.0.61.Final\netty-tcnative-boringssl-static-2.0.61.Final-osx-x86_64.jar;C:\Users\monst\.m2\repository\io\netty\netty-tcnative-boringssl-static\2.0.61.Final\netty-tcnative-boringssl-static-2.0.61.Final-osx-aarch_64.jar;C:\Users\monst\.m2\repository\io\netty\netty-tcnative-boringssl-static\2.0.61.Final\netty-tcnative-boringssl-static-2.0.61.Final-windows-x86_64.jar;C:\Users\monst\.m2\repository\com\aayushatharva\brotli4j\brotli4j\1.12.0\brotli4j-1.12.0.jar;C:\Users\monst\.m2\repository\com\aayushatharva\brotli4j\service\1.12.0\service-1.12.0.jar;C:\Users\monst\.m2\repository\com\aayushatharva\brotli4j\native-windows-x86_64\1.12.0\native-windows-x86_64-1.12.0.jar;C:\Users\monst\.m2\repository\org\apache\httpcomponents\httpclient\4.5.14\httpclient-4.5.14.jar;C:\Users\monst\.m2\repository\org\apache\httpcomponents\httpcore\4.4.16\httpcore-4.4.16.jar;C:\Users\monst\.m2\repository\ch\qos\logback\logback-classic\1.4.11\logback-classic-1.4.11.jar;C:\Users\monst\.m2\repository\ch\qos\logback\logback-core\1.4.11\logback-core-1.4.11.jar;C:\Users\monst\.m2\repository\org\slf4j\jcl-over-slf4j\2.0.9\jcl-over-slf4j-2.0.9.jar;C:\Users\monst\.m2\repository\org\antlr\antlr4-runtime\4.11.1\antlr4-runtime-4.11.1.jar;C:\Users\monst\.m2\repository\com\jayway\jsonpath\json-path\2.8.0\json-path-2.8.0.jar;C:\Users\monst\.m2\repository\net\minidev\json-smart\2.4.10\json-smart-2.4.10.jar;C:\Users\monst\.m2\repository\net\minidev\accessors-smart\2.4.9\accessors-smart-2.4.9.jar;C:\Users\monst\.m2\repository\org\ow2\asm\asm\9.3\asm-9.3.jar;C:\Users\monst\.m2\repository\org\yaml\snakeyaml\2.0\snakeyaml-2.0.jar;C:\Users\monst\.m2\repository\de\siegmar\fastcsv\2.2.1\fastcsv-2.2.1.jar;C:\Users\monst\.m2\repository\info\picocli\picocli\4.7.1\picocli-4.7.1.jar;C:\Users\monst\.m2\repository\io\github\classgraph\classgraph\4.8.160\classgraph-4.8.160.jar;C:\Users\monst\.m2\repository\io\github\t12y\resemble\1.0.2\resemble-1.0.2.jar;C:\Users\monst\.m2\repository\io\github\t12y\ssim\1.0.0\ssim-1.0.0.jar;C:\Users\monst\.m2\repository\org\junit\jupiter\junit-jupiter-api\5.9.3\junit-jupiter-api-5.9.3.jar;C:\Users\monst\.m2\repository\org\opentest4j\opentest4j\1.2.0\opentest4j-1.2.0.jar;C:\Users\monst\.m2\repository\org\junit\platform\junit-platform-commons\1.9.3\junit-platform-commons-1.9.3.jar;C:\Users\monst\.m2\repository\org\apiguardian\apiguardian-api\1.1.2\apiguardian-api-1.1.2.jar;C:\Users\monst\.m2\repository\org\junit\jupiter\junit-jupiter-engine\5.9.3\junit-jupiter-engine-5.9.3.jar;C:\Users\monst\.m2\repository\org\junit\platform\junit-platform-engine\1.9.3\junit-platform-engine-1.9.3.jar;C:\Users\monst\.m2\repository\org\apache\poi\poi\5.2.4\poi-5.2.4.jar;C:\Users\monst\.m2\repository\commons-codec\commons-codec\1.16.0\commons-codec-1.16.0.jar;C:\Users\monst\.m2\repository\org\apache\commons\commons-collections4\4.4\commons-collections4-4.4.jar;C:\Users\monst\.m2\repository\org\apache\commons\commons-math3\3.6.1\commons-math3-3.6.1.jar;C:\Users\monst\.m2\repository\commons-io\commons-io\2.13.0\commons-io-2.13.0.jar;C:\Users\monst\.m2\repository\com\zaxxer\SparseBitSet\1.3\SparseBitSet-1.3.jar;C:\Users\monst\.m2\repository\org\apache\logging\log4j\log4j-api\2.20.0\log4j-api-2.20.0.jar;C:\Users\monst\.m2\repository\org\apache\poi\poi-ooxml\5.2.4\poi-ooxml-5.2.4.jar;C:\Users\monst\.m2\repository\org\apache\poi\poi-ooxml-lite\5.2.4\poi-ooxml-lite-5.2.4.jar;C:\Users\monst\.m2\repository\org\apache\xmlbeans\xmlbeans\5.1.1\xmlbeans-5.1.1.jar;C:\Users\monst\.m2\repository\org\apache\commons\commons-compress\1.24.0\commons-compress-1.24.0.jar;C:\Users\monst\.m2\repository\com\github\virtuald\curvesapi\1.08\curvesapi-1.08.jar;"/>
    <property name="sun.cpu.endian" value="little"/>
    <property name="user.home" value="C:\Users\monst"/>
    <property name="user.language" value="en"/>
    <property name="java.specification.vendor" value="Oracle Corporation"/>
    <property name="java.version.date" value="2023-10-17"/>
    <property name="java.home" value="C:\Program Files\Java\jdk-17"/>
    <property name="file.separator" value="\"/>
    <property name="basedir" value="C:\Users\monst\karate-tests"/>
    <property name="java.vm.compressedOopsMode" value="Zero based"/>
    <property name="line.separator" value="&#10;"/>
    <property name="java.vm.specification.vendor" value="Oracle Corporation"/>
    <property name="java.specification.name" value="Java Platform API Specification"/>
    <property name="surefire.real.class.path" value="C:\Users\monst\AppData\Local\Temp\surefire14665117432300867757\surefirebooter-20250620230420887_3.jar"/>
    <property name="user.script" value=""/>
    <property name="sun.management.compiler" value="HotSpot 64-Bit Tiered Compilers"/>
    <property name="java.runtime.version" value="17.0.9+11-LTS-201"/>
    <property name="user.name" value="monst"/>
    <property name="path.separator" value=";"/>
    <property name="os.version" value="10.0"/>
    <property name="java.runtime.name" value="Java(TM) SE Runtime Environment"/>
    <property name="file.encoding" value="Cp1252"/>
    <property name="java.vm.name" value="Java HotSpot(TM) 64-Bit Server VM"/>
    <property name="localRepository" value="C:\Users\monst\.m2\repository"/>
    <property name="java.vendor.url.bug" value="https://bugreport.java.com/bugreport/"/>
    <property name="java.io.tmpdir" value="C:\Users\monst\AppData\Local\Temp\"/>
    <property name="java.version" value="17.0.9"/>
    <property name="user.dir" value="C:\Users\monst\karate-tests"/>
    <property name="os.arch" value="amd64"/>
    <property name="java.vm.specification.name" value="Java Virtual Machine Specification"/>
    <property name="sun.os.patch.level" value=""/>
    <property name="native.encoding" value="Cp1252"/>
    <property name="java.library.path" value="C:\Program Files\Java\jdk-17\bin;C:\WINDOWS\Sun\Java\bin;C:\WINDOWS\system32;C:\WINDOWS;C:\Users\monst\bin;C:\Program Files\Git\mingw64\bin;C:\Program Files\Git\usr\local\bin;C:\Program Files\Git\usr\bin;C:\Program Files\Git\usr\bin;C:\Program Files\Git\mingw64\bin;C:\Program Files\Git\usr\bin;C:\Users\monst\bin;C:\Program Files\Eclipse Adoptium\jdk-17.0.12.7-hotspot\bin;C:\Program Files\Common Files\Oracle\Java\javapath;C:\Program Files (x86)\VMware\VMware Workstation\bin;C:\Windows\system32;C:\Windows;C:\Windows\System32\Wbem;C:\Windows\System32\WindowsPowerShell\v1.0;C:\Windows\System32\OpenSSH;C:\Program Files (x86)\NVIDIA Corporation\PhysX\Common;C:\Program Files\NVIDIA Corporation\NVIDIA NvDLISR;C:\WINDOWS\system32;C:\WINDOWS;C:\WINDOWS\System32\Wbem;C:\WINDOWS\System32\WindowsPowerShell\v1.0;C:\WINDOWS\System32\OpenSSH;C:\Program Files\Azure Data Studio\bin;C:\Program Files (x86)\Microsoft SQL Server\160\Tools\Binn;C:\Program Files\Microsoft SQL Server\160\Tools\Binn;C:\Program Files\Microsoft SQL Server\Client SDK\ODBC\170\Tools\Binn;C:\Program Files\Microsoft SQL Server\160\DTS\Binn;C:\Program Files (x86)\Microsoft SQL Server\160\DTS\Binn;C:\ProgramData\chocolatey\bin;C:\Program Files\Docker\Docker\resources\bin;C:\Program Files\nodejs;C:\Program Files\MySQL\MySQL Server 8.0\bin;C:\Program Files\Git\cmd;C:\Program Files (x86)\Windows Kits\10\Windows Performance Toolkit;C:\Program Files\dotnet;C:\Program Files\Microsoft SQL Server\150\Tools\Binn;C:\Program Files\Apache\apache-maven-3.9.9\bin;C:\Users\monst\AppData\Local\Android\Sdk\platform-tools;C:\Program Files\Cloudflare\Cloudflare WARP;C:\Users\monst\AppData\Local\Programs\Python\Python313\Scripts;C:\dev\flutter\bin;C:\Users\monst\.dotnet\tools;C:\Users\monst\AppData\Local\Programs\Microsoft VS Code\bin;C:\Users\monst\AppData\Local\Programs\Python\Python313;C:\Users\monst\AppData\Local\Programs\cursor\resources\app\bin;C:\Users\monst\AppData\Roaming\npm;C:\Program Files\Git\usr\bin\vendor_perl;C:\Program Files\Git\usr\bin\core_perl;."/>
    <property name="java.vm.info" value="mixed mode, sharing"/>
    <property name="java.vendor" value="Oracle Corporation"/>
    <property name="java.vm.version" value="17.0.9+11-LTS-201"/>
    <property name="sun.io.unicode.encoding" value="UnicodeLittle"/>
    <property name="java.class.version" value="61.0"/>
  </properties>
  <testcase name="[1:16] Chạy tất cả test cases unlike từ Excel" classname="features/unlike/unlike-excel" time="4.616">
    <system-out><![CDATA[23:04:22.042 [main] DEBUG com.intuit.karate.Suite -- [config] classpath:karate-config.js
23:04:22.845 [main] INFO com.intuit.karate -- karate.env system property was: null 
23:04:22.884 [main] INFO com.intuit.karate -- karate.env system property was: null 
23:04:23.566 [main] INFO com.intuit.karate -- Headers found: [
  "bearerToken",
  "targetId",
  "testDescription",
  "expectedStatus",
  "expectedResult",
  "responseStatus",
  "result"
]
 
23:04:23.636 [main] INFO com.intuit.karate -- Read data from Excel: [
  {
    "bearerToken": "",
    "targetId": "c8161412-bc98-49ec-88ff-57b99cc2ce67",
    "testDescription": "Unlike post h?p l?",
    "expectedStatus": 200.0,
    "expectedResult": "{\"message\": \"Unliked successfully\"}",
    "responseStatus": "404",
    "result": "{\"success\":false,\"statusCode\":404,\"message\":\"Cannot DELETE /unlikes\",\"path\":\"/unlikes\",\"timestamp\":\"2025-06-20T16:03:58.614Z\"}"
  },
  {
    "bearerToken": "",
    "targetId": "",
    "testDescription": "Thi?u tr??ng targetId",
    "expectedStatus": 400.0,
    "expectedResult": "{\"error\": \"targetId is required\"}",
    "responseStatus": "404",
    "result": "{\"success\":false,\"statusCode\":404,\"message\":\"Cannot DELETE /unlikes\",\"path\":\"/unlikes\",\"timestamp\":\"2025-06-20T16:03:58.669Z\"}"
  },
  {
    "bearerToken": "",
    "targetId": "",
    "testDescription": "targetId r?ng",
    "expectedStatus": 400.0,
    "expectedResult": "{\"error\": \"targetId cannot be empty\"}",
    "responseStatus": "404",
    "result": "{\"success\":false,\"statusCode\":404,\"message\":\"Cannot DELETE /unlikes\",\"path\":\"/unlikes\",\"timestamp\":\"2025-06-20T16:03:58.693Z\"}"
  },
  {
    "bearerToken": "NO_TOKEN",
    "targetId": "c8161412-bc98-49ec-88ff-57b99cc2ce67",
    "testDescription": "Thi?u token xác th?c",
    "expectedStatus": 401.0,
    "expectedResult": "{\"error\": \"Unauthorized\"}",
    "responseStatus": "404",
    "result": "{\"success\":false,\"statusCode\":404,\"message\":\"Cannot DELETE /unlikes\",\"path\":\"/unlikes\",\"timestamp\":\"2025-06-20T16:03:58.741Z\"}"
  },
  {
    "bearerToken": "INVALID_TOKEN",
    "targetId": "c8161412-bc98-49ec-88ff-57b99cc2ce67",
    "testDescription": "Token không h?p l?",
    "expectedStatus": 401.0,
    "expectedResult": "{\"error\": \"Invalid or expired token\"}",
    "responseStatus": "404",
    "result": "{\"success\":false,\"statusCode\":404,\"message\":\"Cannot DELETE /unlikes\",\"path\":\"/unlikes\",\"timestamp\":\"2025-06-20T16:03:58.766Z\"}"
  },
  {
    "bearerToken": "",
    "targetId": "nonexistent-id-123",
    "testDescription": "targetId không t?n t?i",
    "expectedStatus": 404.0,
    "expectedResult": "{\"error\": \"Target not found\"}",
    "responseStatus": "404",
    "result": "{\"success\":false,\"statusCode\":404,\"message\":\"Cannot DELETE /unlikes\",\"path\":\"/unlikes\",\"timestamp\":\"2025-06-20T16:03:58.790Z\"}"
  },
  {
    "bearerToken": "",
    "targetId": "c8161412-bc98-49ec-88ff-57b99cc2ce67",
    "testDescription": "Ch?a like tr??c ?ó",
    "expectedStatus": 400.0,
    "expectedResult": "{\"error\": \"Not liked yet\"}",
    "responseStatus": "404",
    "result": "{\"success\":false,\"statusCode\":404,\"message\":\"Cannot DELETE /unlikes\",\"path\":\"/unlikes\",\"timestamp\":\"2025-06-20T16:03:58.814Z\"}"
  },
  {
    "bearerToken": "",
    "targetId": "invalid_id!@#",
    "testDescription": "targetId không h?p l? format",
    "expectedStatus": 400.0,
    "expectedResult": "{\"error\": \"Invalid targetId format\"}",
    "responseStatus": "404",
    "result": "{\"success\":false,\"statusCode\":404,\"message\":\"Cannot DELETE /unlikes\",\"path\":\"/unlikes\",\"timestamp\":\"2025-06-20T16:03:58.834Z\"}"
  },
  {
    "bearerToken": "",
    "targetId": "target123' OR '1'='1",
    "testDescription": "Ki?m tra SQL Injection trong targetId",
    "expectedStatus": 400.0,
    "expectedResult": "{\"error\": \"Invalid input\"}",
    "responseStatus": "404",
    "result": "{\"success\":false,\"statusCode\":404,\"message\":\"Cannot DELETE /unlikes\",\"path\":\"/unlikes\",\"timestamp\":\"2025-06-20T16:03:58.862Z\"}"
  },
  {
    "bearerToken": "",
    "targetId": "<script>alert(\"xss\")</script>",
    "testDescription": "Ki?m tra XSS trong targetId",
    "expectedStatus": 400.0,
    "expectedResult": "{\"error\": \"Invalid input\"}",
    "responseStatus": "404",
    "result": "{\"success\":false,\"statusCode\":404,\"message\":\"Cannot DELETE /unlikes\",\"path\":\"/unlikes\",\"timestamp\":\"2025-06-20T16:03:58.890Z\"}"
  },
  {
    "bearerToken": "",
    "targetId": " ",
    "testDescription": "Ki?m tra kho?ng tr?ng trong targetId",
    "expectedStatus": 400.0,
    "expectedResult": "{\"error\": \"targetId cannot contain only whitespace\"}",
    "responseStatus": "404",
    "result": "{\"success\":false,\"statusCode\":404,\"message\":\"Cannot DELETE /unlikes\",\"path\":\"/unlikes\",\"timestamp\":\"2025-06-20T16:03:58.917Z\"}"
  },
  {
    "bearerToken": "",
    "targetId": "NULL_VALUE",
    "testDescription": "Ki?m tra tr??ng null targetId",
    "expectedStatus": 400.0,
    "expectedResult": "{\"error\": \"targetId cannot be null\"}",
    "responseStatus": "404",
    "result": "{\"success\":false,\"statusCode\":404,\"message\":\"Cannot DELETE /unlikes\",\"path\":\"/unlikes\",\"timestamp\":\"2025-06-20T16:03:58.937Z\"}"
  },
  {
    "bearerToken": "",
    "targetId": "aaaaaaaaaaaaaaaaaaaaaaaaaaaaaaaaaaaaaaaaaaaaaaaaaaaaaaaaaaaaaaaaaaaaaaaaaaaaaaaaaaaaaaaaaaaaaaaaaaaaaaaaaaaaaaaaaaaaaaaaaaaaaaaaaaaaaaaaaaaaaaaaaaaaaaaaaaaaaaaaaaaaaaaaaaaaaaaaaaaaaaaaaaaaaaaaaaaaaaaaaaaaaaaaaaaaaaaaaaaaaaaaaaaaaaaaaaaaaaaaaaaaaaaaaaaaaaaaaaaaaaaaaaaaaaaaaaaaaaaaaaaaaaaaaaaaaaaaaaaaaaaaaaaaaaaaaaaaaaaaaaaaaaaaaaaaaaaaaaaaaaaaaaaaaaaaaaaaaaaaaaaaaaaaaaaaaaaaaaaaaaaaaaaaaaaaaaaaaaaaaaaaaaaaaaaaaaaaaaaaaaaaaaaaaaaaaaaaaaaaaaaaaaaaaaaaaaaaaaaaaaaaaaaaaaaaaaaaaaaaaaaaaaaaaaaaaaaaaaaa",
    "testDescription": "Ki?m tra ?? dài targetId quá dài",
    "expectedStatus": 400.0,
    "expectedResult": "{\"error\": \"targetId exceeds maximum length\"}",
    "responseStatus": "404",
    "result": "{\"success\":false,\"statusCode\":404,\"message\":\"Cannot DELETE /unlikes\",\"path\":\"/unlikes\",\"timestamp\":\"2025-06-20T16:03:58.966Z\"}"
  },
  {
    "bearerToken": "",
    "targetId": "target@#$%^&*()",
    "testDescription": "Ki?m tra ký t? ??c bi?t trong targetId",
    "expectedStatus": 400.0,
    "expectedResult": "{\"error\": \"Invalid targetId format\"}",
    "responseStatus": "404",
    "result": "{\"success\":false,\"statusCode\":404,\"message\":\"Cannot DELETE /unlikes\",\"path\":\"/unlikes\",\"timestamp\":\"2025-06-20T16:03:58.987Z\"}"
  },
  {
    "bearerToken": "",
    "targetId": "550e8400-e29b-41d4-a716-446655440000",
    "testDescription": "Unlike v?i UUID h?p l? khác",
    "expectedStatus": 200.0,
    "expectedResult": "{\"message\": \"Unliked successfully\"}",
    "responseStatus": "404",
    "result": "{\"success\":false,\"statusCode\":404,\"message\":\"Cannot DELETE /unlikes\",\"path\":\"/unlikes\",\"timestamp\":\"2025-06-20T16:03:59.007Z\"}"
  }
]
 
23:04:23.663 [main] INFO com.intuit.karate -- [print] ??c ???c 15 test cases t? Excel sheet: unlike 
23:04:23.677 [main] DEBUG com.jayway.jsonpath.internal.path.CompiledPath -- Evaluating path: $
23:04:23.681 [main] INFO com.intuit.karate -- [print] S? d?ng global bearer token t? config: eyJhbGciOiJIUzI1NiIsInR5cCI6IkpXVCJ9.eyJzdWIiOiIwODUxNWIwNS0yZDNlLTQ3ODktYWQ2MC1kYjM1NTI1YTQ5NzAiLCJ1c2VybmFtZSI6Im5hbSIsInJvbGUiOjAsImlhdCI6MTc1MDQzMzEyOCwiZXhwIjoxNzUwNDM2NzI4fQ.LLNWdGI7R_rFyU4cQg2wm-V3Jq9O_6TIXzyRgCE6Uf4 
23:04:23.690 [main] INFO com.intuit.karate -- [print] B?t ??u ch?y t?ng test case... 
23:04:23.693 [main] INFO com.intuit.karate -- ?ang ch?y test case #1: Unlike post h?p l? 
23:04:23.694 [main] INFO com.intuit.karate -- S? d?ng global bearer token t? config: eyJhbGciOiJIUzI1NiIsInR5cCI6IkpXVCJ9.eyJzdWIiOiIwODUxNWIwNS0yZDNlLTQ3ODktYWQ2MC1kYjM1NTI1YTQ5NzAiLCJ1c2VybmFtZSI6Im5hbSIsInJvbGUiOjAsImlhdCI6MTc1MDQzMzEyOCwiZXhwIjoxNzUwNDM2NzI4fQ.LLNWdGI7R_rFyU4cQg2wm-V3Jq9O_6TIXzyRgCE6Uf4 
23:04:23.713 [main] INFO com.intuit.karate -- karate.env system property was: null 
23:04:23.721 [main] DEBUG com.jayway.jsonpath.internal.path.CompiledPath -- Evaluating path: $
23:04:23.724 [main] DEBUG com.jayway.jsonpath.internal.path.CompiledPath -- Evaluating path: $
23:04:23.744 [main] DEBUG io.netty.util.internal.logging.InternalLoggerFactory -- Using SLF4J as the default logging framework
23:04:23.748 [main] DEBUG io.netty.util.internal.PlatformDependent0 -- -Dio.netty.noUnsafe: false
23:04:23.748 [main] DEBUG io.netty.util.internal.PlatformDependent0 -- Java version: 17
23:04:23.748 [main] DEBUG io.netty.util.internal.PlatformDependent0 -- sun.misc.Unsafe.theUnsafe: available
23:04:23.750 [main] DEBUG io.netty.util.internal.PlatformDependent0 -- sun.misc.Unsafe.copyMemory: available
23:04:23.750 [main] DEBUG io.netty.util.internal.PlatformDependent0 -- sun.misc.Unsafe.storeFence: available
23:04:23.750 [main] DEBUG io.netty.util.internal.PlatformDependent0 -- java.nio.Buffer.address: available
23:04:23.751 [main] DEBUG io.netty.util.internal.PlatformDependent0 -- direct buffer constructor: unavailable: Reflective setAccessible(true) disabled
23:04:23.752 [main] DEBUG io.netty.util.internal.PlatformDependent0 -- java.nio.Bits.unaligned: available, true
23:04:23.753 [main] DEBUG io.netty.util.internal.PlatformDependent0 -- jdk.internal.misc.Unsafe.allocateUninitializedArray(int): unavailable: class io.netty.util.internal.PlatformDependent0$7 cannot access class jdk.internal.misc.Unsafe (in module java.base) because module java.base does not export jdk.internal.misc to unnamed module @b3d7190
23:04:23.753 [main] DEBUG io.netty.util.internal.PlatformDependent0 -- java.nio.DirectByteBuffer.<init>(long, {int,long}): unavailable
23:04:23.754 [main] DEBUG io.netty.util.internal.PlatformDependent -- sun.misc.Unsafe: available
23:04:23.755 [main] DEBUG io.netty.util.internal.PlatformDependent -- maxDirectMemory: 4123000832 bytes (maybe)
23:04:23.755 [main] DEBUG io.netty.util.internal.PlatformDependent -- -Dio.netty.tmpdir: C:\Users\monst\AppData\Local\Temp (java.io.tmpdir)
23:04:23.755 [main] DEBUG io.netty.util.internal.PlatformDependent -- -Dio.netty.bitMode: 64 (sun.arch.data.model)
23:04:23.756 [main] DEBUG io.netty.util.internal.PlatformDependent -- Platform: Windows
23:04:23.756 [main] DEBUG io.netty.util.internal.PlatformDependent -- -Dio.netty.maxDirectMemory: -1 bytes
23:04:23.756 [main] DEBUG io.netty.util.internal.PlatformDependent -- -Dio.netty.uninitializedArrayAllocationThreshold: -1
23:04:23.757 [main] DEBUG io.netty.util.internal.CleanerJava9 -- java.nio.ByteBuffer.cleaner(): available
23:04:23.757 [main] DEBUG io.netty.util.internal.PlatformDependent -- -Dio.netty.noPreferDirect: false
23:04:24.002 [main] DEBUG org.apache.http.client.protocol.RequestAddCookies -- CookieSpec selected: karate
23:04:24.008 [main] DEBUG org.apache.http.client.protocol.RequestAuthCache -- Auth cache not set in the context
23:04:24.010 [main] DEBUG com.intuit.karate -- request:
1 > DELETE http://localhost:3000/likes
1 > Authorization: Bearer eyJhbGciOiJIUzI1NiIsInR5cCI6IkpXVCJ9.eyJzdWIiOiIwODUxNWIwNS0yZDNlLTQ3ODktYWQ2MC1kYjM1NTI1YTQ5NzAiLCJ1c2VybmFtZSI6Im5hbSIsInJvbGUiOjAsImlhdCI6MTc1MDQzMzEyOCwiZXhwIjoxNzUwNDM2NzI4fQ.LLNWdGI7R_rFyU4cQg2wm-V3Jq9O_6TIXzyRgCE6Uf4
1 > Content-Type: application/json; charset=UTF-8
1 > Content-Length: 65
1 > Host: localhost:3000
1 > Connection: Keep-Alive
1 > User-Agent: Apache-HttpClient/4.5.14 (Java/17.0.9)
1 > Accept-Encoding: gzip,deflate
{
  "targetId": "c8161412-bc98-49ec-88ff-57b99cc2ce67",
  "type": "post"
}


23:04:24.012 [main] DEBUG org.apache.http.impl.conn.PoolingHttpClientConnectionManager -- Connection request: [route: {}->http://localhost:3000][total available: 0; route allocated: 0 of 5; total allocated: 0 of 10]
23:04:24.019 [main] DEBUG org.apache.http.impl.conn.PoolingHttpClientConnectionManager -- Connection leased: [id: 0][route: {}->http://localhost:3000][total available: 0; route allocated: 1 of 5; total allocated: 1 of 10]
23:04:24.020 [main] DEBUG org.apache.http.impl.execchain.MainClientExec -- Opening connection {}->http://localhost:3000
23:04:24.029 [main] DEBUG org.apache.http.impl.conn.DefaultHttpClientConnectionOperator -- Connecting to localhost/127.0.0.1:3000
23:04:24.031 [main] DEBUG org.apache.http.impl.conn.DefaultHttpClientConnectionOperator -- Connection established 127.0.0.1:64141<->127.0.0.1:3000
23:04:24.032 [main] DEBUG org.apache.http.impl.conn.DefaultManagedHttpClientConnection -- http-outgoing-0: set socket timeout to 5000
23:04:24.032 [main] DEBUG org.apache.http.impl.execchain.MainClientExec -- Executing request DELETE /likes HTTP/1.1
23:04:24.032 [main] DEBUG org.apache.http.impl.execchain.MainClientExec -- Proxy auth state: UNCHALLENGED
23:04:24.033 [main] DEBUG org.apache.http.headers -- http-outgoing-0 >> DELETE /likes HTTP/1.1
23:04:24.033 [main] DEBUG org.apache.http.headers -- http-outgoing-0 >> Authorization: Bearer eyJhbGciOiJIUzI1NiIsInR5cCI6IkpXVCJ9.eyJzdWIiOiIwODUxNWIwNS0yZDNlLTQ3ODktYWQ2MC1kYjM1NTI1YTQ5NzAiLCJ1c2VybmFtZSI6Im5hbSIsInJvbGUiOjAsImlhdCI6MTc1MDQzMzEyOCwiZXhwIjoxNzUwNDM2NzI4fQ.LLNWdGI7R_rFyU4cQg2wm-V3Jq9O_6TIXzyRgCE6Uf4
23:04:24.033 [main] DEBUG org.apache.http.headers -- http-outgoing-0 >> Content-Type: application/json; charset=UTF-8
23:04:24.033 [main] DEBUG org.apache.http.headers -- http-outgoing-0 >> Content-Length: 65
23:04:24.033 [main] DEBUG org.apache.http.headers -- http-outgoing-0 >> Host: localhost:3000
23:04:24.033 [main] DEBUG org.apache.http.headers -- http-outgoing-0 >> Connection: Keep-Alive
23:04:24.033 [main] DEBUG org.apache.http.headers -- http-outgoing-0 >> User-Agent: Apache-HttpClient/4.5.14 (Java/17.0.9)
23:04:24.033 [main] DEBUG org.apache.http.headers -- http-outgoing-0 >> Accept-Encoding: gzip,deflate
23:04:24.033 [main] DEBUG org.apache.http.wire -- http-outgoing-0 >> "DELETE /likes HTTP/1.1[\r][\n]"
23:04:24.033 [main] DEBUG org.apache.http.wire -- http-outgoing-0 >> "Authorization: Bearer eyJhbGciOiJIUzI1NiIsInR5cCI6IkpXVCJ9.eyJzdWIiOiIwODUxNWIwNS0yZDNlLTQ3ODktYWQ2MC1kYjM1NTI1YTQ5NzAiLCJ1c2VybmFtZSI6Im5hbSIsInJvbGUiOjAsImlhdCI6MTc1MDQzMzEyOCwiZXhwIjoxNzUwNDM2NzI4fQ.LLNWdGI7R_rFyU4cQg2wm-V3Jq9O_6TIXzyRgCE6Uf4[\r][\n]"
23:04:24.034 [main] DEBUG org.apache.http.wire -- http-outgoing-0 >> "Content-Type: application/json; charset=UTF-8[\r][\n]"
23:04:24.034 [main] DEBUG org.apache.http.wire -- http-outgoing-0 >> "Content-Length: 65[\r][\n]"
23:04:24.034 [main] DEBUG org.apache.http.wire -- http-outgoing-0 >> "Host: localhost:3000[\r][\n]"
23:04:24.034 [main] DEBUG org.apache.http.wire -- http-outgoing-0 >> "Connection: Keep-Alive[\r][\n]"
23:04:24.034 [main] DEBUG org.apache.http.wire -- http-outgoing-0 >> "User-Agent: Apache-HttpClient/4.5.14 (Java/17.0.9)[\r][\n]"
23:04:24.034 [main] DEBUG org.apache.http.wire -- http-outgoing-0 >> "Accept-Encoding: gzip,deflate[\r][\n]"
23:04:24.034 [main] DEBUG org.apache.http.wire -- http-outgoing-0 >> "[\r][\n]"
23:04:24.034 [main] DEBUG org.apache.http.wire -- http-outgoing-0 >> "{"targetId":"c8161412-bc98-49ec-88ff-57b99cc2ce67","type":"post"}"
23:04:24.115 [main] DEBUG org.apache.http.wire -- http-outgoing-0 << "HTTP/1.1 200 OK[\r][\n]"
23:04:24.115 [main] DEBUG org.apache.http.wire -- http-outgoing-0 << "X-Powered-By: Express[\r][\n]"
23:04:24.115 [main] DEBUG org.apache.http.wire -- http-outgoing-0 << "Access-Control-Allow-Origin: *[\r][\n]"
23:04:24.115 [main] DEBUG org.apache.http.wire -- http-outgoing-0 << "Content-Type: application/json; charset=utf-8[\r][\n]"
23:04:24.115 [main] DEBUG org.apache.http.wire -- http-outgoing-0 << "Content-Length: 66[\r][\n]"
23:04:24.115 [main] DEBUG org.apache.http.wire -- http-outgoing-0 << "ETag: W/"42-ZW95nhVL3cRDS6oE/ew2VwZ8cMw"[\r][\n]"
23:04:24.115 [main] DEBUG org.apache.http.wire -- http-outgoing-0 << "Date: Fri, 20 Jun 2025 16:04:24 GMT[\r][\n]"
23:04:24.116 [main] DEBUG org.apache.http.wire -- http-outgoing-0 << "Connection: keep-alive[\r][\n]"
23:04:24.116 [main] DEBUG org.apache.http.wire -- http-outgoing-0 << "Keep-Alive: timeout=5[\r][\n]"
23:04:24.116 [main] DEBUG org.apache.http.wire -- http-outgoing-0 << "[\r][\n]"
23:04:24.116 [main] DEBUG org.apache.http.wire -- http-outgoing-0 << "{"message":"[0xc4][0x90][0xc3][0xa3] b[0xe1][0xbb][0x8f] th[0xc3][0xad]ch","statusCode":200,"status":"success"}"
23:04:24.117 [main] DEBUG org.apache.http.headers -- http-outgoing-0 << HTTP/1.1 200 OK
23:04:24.117 [main] DEBUG org.apache.http.headers -- http-outgoing-0 << X-Powered-By: Express
23:04:24.117 [main] DEBUG org.apache.http.headers -- http-outgoing-0 << Access-Control-Allow-Origin: *
23:04:24.117 [main] DEBUG org.apache.http.headers -- http-outgoing-0 << Content-Type: application/json; charset=utf-8
23:04:24.117 [main] DEBUG org.apache.http.headers -- http-outgoing-0 << Content-Length: 66
23:04:24.117 [main] DEBUG org.apache.http.headers -- http-outgoing-0 << ETag: W/"42-ZW95nhVL3cRDS6oE/ew2VwZ8cMw"
23:04:24.117 [main] DEBUG org.apache.http.headers -- http-outgoing-0 << Date: Fri, 20 Jun 2025 16:04:24 GMT
23:04:24.118 [main] DEBUG org.apache.http.headers -- http-outgoing-0 << Connection: keep-alive
23:04:24.118 [main] DEBUG org.apache.http.headers -- http-outgoing-0 << Keep-Alive: timeout=5
23:04:24.120 [main] DEBUG org.apache.http.impl.execchain.MainClientExec -- Connection can be kept alive for 5000 MILLISECONDS
23:04:24.122 [main] DEBUG org.apache.http.impl.conn.PoolingHttpClientConnectionManager -- Connection [id: 0][route: {}->http://localhost:3000] can be kept alive for 5.0 seconds
23:04:24.123 [main] DEBUG org.apache.http.impl.conn.DefaultManagedHttpClientConnection -- http-outgoing-0: set socket timeout to 0
23:04:24.123 [main] DEBUG org.apache.http.impl.conn.PoolingHttpClientConnectionManager -- Connection released: [id: 0][route: {}->http://localhost:3000][total available: 1; route allocated: 1 of 5; total allocated: 1 of 10]
23:04:24.123 [main] DEBUG org.apache.http.impl.conn.PoolingHttpClientConnectionManager -- Connection manager is shutting down
23:04:24.123 [main] DEBUG org.apache.http.impl.conn.DefaultManagedHttpClientConnection -- http-outgoing-0: Close connection
23:04:24.124 [main] DEBUG org.apache.http.impl.conn.PoolingHttpClientConnectionManager -- Connection manager shut down
23:04:24.125 [main] DEBUG com.intuit.karate -- response time in milliseconds: 113
1 < 200
1 < X-Powered-By: Express
1 < Access-Control-Allow-Origin: *
1 < Content-Type: application/json; charset=utf-8
1 < Content-Length: 66
1 < ETag: W/"42-ZW95nhVL3cRDS6oE/ew2VwZ8cMw"
1 < Date: Fri, 20 Jun 2025 16:04:24 GMT
1 < Connection: keep-alive
1 < Keep-Alive: timeout=5
{
  "message": "?ã b? thích",
  "statusCode": 200,
  "status": "success"
}


23:04:24.128 [main] INFO com.intuit.karate -- [print] Calling unlike API v?i bearerToken: eyJhbGciOiJIUzI1NiIsInR5cCI6IkpXVCJ9.eyJzdWIiOiIwODUxNWIwNS0yZDNlLTQ3ODktYWQ2MC1kYjM1NTI1YTQ5NzAiLCJ1c2VybmFtZSI6Im5hbSIsInJvbGUiOjAsImlhdCI6MTc1MDQzMzEyOCwiZXhwIjoxNzUwNDM2NzI4fQ.LLNWdGI7R_rFyU4cQg2wm-V3Jq9O_6TIXzyRgCE6Uf4 
23:04:24.129 [main] INFO com.intuit.karate -- [print] Request body: {
  "targetId": "c8161412-bc98-49ec-88ff-57b99cc2ce67",
  "type": "post"
}
 
23:04:24.130 [main] INFO com.intuit.karate -- [print] Response status: 200 body: {
  "message": "?ã b? thích",
  "statusCode": 200,
  "status": "success"
}
 
23:04:24.141 [main] INFO com.intuit.karate -- Test Case Data: {
  "bearerToken": "",
  "targetId": "c8161412-bc98-49ec-88ff-57b99cc2ce67",
  "testDescription": "Unlike post h?p l?",
  "expectedStatus": 200.0,
  "expectedResult": "{\"message\": \"Unliked successfully\"}",
  "responseStatus": "404",
  "result": "{\"success\":false,\"statusCode\":404,\"message\":\"Cannot DELETE /unlikes\",\"path\":\"/unlikes\",\"timestamp\":\"2025-06-20T16:03:58.614Z\"}"
}
 
23:04:24.142 [main] INFO com.intuit.karate -- Expected Status: 200.0 
23:04:24.142 [main] INFO com.intuit.karate -- Actual Status: 200 
23:04:24.142 [main] INFO com.intuit.karate -- Test case #1 - Status: 200, Result: {"message":"?ã b? thích","statusCode":200,"status":"success"} 
23:04:24.143 [main] INFO com.intuit.karate -- ?ang ch?y test case #2: Thi?u tr??ng targetId 
23:04:24.143 [main] INFO com.intuit.karate -- S? d?ng global bearer token t? config: eyJhbGciOiJIUzI1NiIsInR5cCI6IkpXVCJ9.eyJzdWIiOiIwODUxNWIwNS0yZDNlLTQ3ODktYWQ2MC1kYjM1NTI1YTQ5NzAiLCJ1c2VybmFtZSI6Im5hbSIsInJvbGUiOjAsImlhdCI6MTc1MDQzMzEyOCwiZXhwIjoxNzUwNDM2NzI4fQ.LLNWdGI7R_rFyU4cQg2wm-V3Jq9O_6TIXzyRgCE6Uf4 
23:04:24.155 [main] INFO com.intuit.karate -- karate.env system property was: null 
23:04:24.158 [main] DEBUG com.jayway.jsonpath.internal.path.CompiledPath -- Evaluating path: $
23:04:24.159 [main] DEBUG com.jayway.jsonpath.internal.path.CompiledPath -- Evaluating path: $
23:04:24.160 [main] DEBUG org.apache.http.client.protocol.RequestAddCookies -- CookieSpec selected: karate
23:04:24.160 [main] DEBUG org.apache.http.client.protocol.RequestAuthCache -- Auth cache not set in the context
23:04:24.160 [main] DEBUG com.intuit.karate -- request:
1 > DELETE http://localhost:3000/likes
1 > Authorization: Bearer eyJhbGciOiJIUzI1NiIsInR5cCI6IkpXVCJ9.eyJzdWIiOiIwODUxNWIwNS0yZDNlLTQ3ODktYWQ2MC1kYjM1NTI1YTQ5NzAiLCJ1c2VybmFtZSI6Im5hbSIsInJvbGUiOjAsImlhdCI6MTc1MDQzMzEyOCwiZXhwIjoxNzUwNDM2NzI4fQ.LLNWdGI7R_rFyU4cQg2wm-V3Jq9O_6TIXzyRgCE6Uf4
1 > Content-Type: application/json; charset=UTF-8
1 > Content-Length: 29
1 > Host: localhost:3000
1 > Connection: Keep-Alive
1 > User-Agent: Apache-HttpClient/4.5.14 (Java/17.0.9)
1 > Accept-Encoding: gzip,deflate
{
  "targetId": "",
  "type": "post"
}


23:04:24.160 [main] DEBUG org.apache.http.impl.conn.PoolingHttpClientConnectionManager -- Connection request: [route: {}->http://localhost:3000][total available: 0; route allocated: 0 of 5; total allocated: 0 of 10]
23:04:24.160 [main] DEBUG org.apache.http.impl.conn.PoolingHttpClientConnectionManager -- Connection leased: [id: 1][route: {}->http://localhost:3000][total available: 0; route allocated: 1 of 5; total allocated: 1 of 10]
23:04:24.161 [main] DEBUG org.apache.http.impl.execchain.MainClientExec -- Opening connection {}->http://localhost:3000
23:04:24.161 [main] DEBUG org.apache.http.impl.conn.DefaultHttpClientConnectionOperator -- Connecting to localhost/127.0.0.1:3000
23:04:24.161 [main] DEBUG org.apache.http.impl.conn.DefaultHttpClientConnectionOperator -- Connection established 127.0.0.1:64142<->127.0.0.1:3000
23:04:24.161 [main] DEBUG org.apache.http.impl.conn.DefaultManagedHttpClientConnection -- http-outgoing-1: set socket timeout to 5000
23:04:24.161 [main] DEBUG org.apache.http.impl.execchain.MainClientExec -- Executing request DELETE /likes HTTP/1.1
23:04:24.161 [main] DEBUG org.apache.http.impl.execchain.MainClientExec -- Proxy auth state: UNCHALLENGED
23:04:24.161 [main] DEBUG org.apache.http.headers -- http-outgoing-1 >> DELETE /likes HTTP/1.1
23:04:24.162 [main] DEBUG org.apache.http.headers -- http-outgoing-1 >> Authorization: Bearer eyJhbGciOiJIUzI1NiIsInR5cCI6IkpXVCJ9.eyJzdWIiOiIwODUxNWIwNS0yZDNlLTQ3ODktYWQ2MC1kYjM1NTI1YTQ5NzAiLCJ1c2VybmFtZSI6Im5hbSIsInJvbGUiOjAsImlhdCI6MTc1MDQzMzEyOCwiZXhwIjoxNzUwNDM2NzI4fQ.LLNWdGI7R_rFyU4cQg2wm-V3Jq9O_6TIXzyRgCE6Uf4
23:04:24.162 [main] DEBUG org.apache.http.headers -- http-outgoing-1 >> Content-Type: application/json; charset=UTF-8
23:04:24.162 [main] DEBUG org.apache.http.headers -- http-outgoing-1 >> Content-Length: 29
23:04:24.162 [main] DEBUG org.apache.http.headers -- http-outgoing-1 >> Host: localhost:3000
23:04:24.162 [main] DEBUG org.apache.http.headers -- http-outgoing-1 >> Connection: Keep-Alive
23:04:24.162 [main] DEBUG org.apache.http.headers -- http-outgoing-1 >> User-Agent: Apache-HttpClient/4.5.14 (Java/17.0.9)
23:04:24.162 [main] DEBUG org.apache.http.headers -- http-outgoing-1 >> Accept-Encoding: gzip,deflate
23:04:24.162 [main] DEBUG org.apache.http.wire -- http-outgoing-1 >> "DELETE /likes HTTP/1.1[\r][\n]"
23:04:24.162 [main] DEBUG org.apache.http.wire -- http-outgoing-1 >> "Authorization: Bearer eyJhbGciOiJIUzI1NiIsInR5cCI6IkpXVCJ9.eyJzdWIiOiIwODUxNWIwNS0yZDNlLTQ3ODktYWQ2MC1kYjM1NTI1YTQ5NzAiLCJ1c2VybmFtZSI6Im5hbSIsInJvbGUiOjAsImlhdCI6MTc1MDQzMzEyOCwiZXhwIjoxNzUwNDM2NzI4fQ.LLNWdGI7R_rFyU4cQg2wm-V3Jq9O_6TIXzyRgCE6Uf4[\r][\n]"
23:04:24.162 [main] DEBUG org.apache.http.wire -- http-outgoing-1 >> "Content-Type: application/json; charset=UTF-8[\r][\n]"
23:04:24.162 [main] DEBUG org.apache.http.wire -- http-outgoing-1 >> "Content-Length: 29[\r][\n]"
23:04:24.162 [main] DEBUG org.apache.http.wire -- http-outgoing-1 >> "Host: localhost:3000[\r][\n]"
23:04:24.162 [main] DEBUG org.apache.http.wire -- http-outgoing-1 >> "Connection: Keep-Alive[\r][\n]"
23:04:24.162 [main] DEBUG org.apache.http.wire -- http-outgoing-1 >> "User-Agent: Apache-HttpClient/4.5.14 (Java/17.0.9)[\r][\n]"
23:04:24.162 [main] DEBUG org.apache.http.wire -- http-outgoing-1 >> "Accept-Encoding: gzip,deflate[\r][\n]"
23:04:24.162 [main] DEBUG org.apache.http.wire -- http-outgoing-1 >> "[\r][\n]"
23:04:24.162 [main] DEBUG org.apache.http.wire -- http-outgoing-1 >> "{"targetId":"","type":"post"}"
23:04:24.220 [main] DEBUG org.apache.http.wire -- http-outgoing-1 << "HTTP/1.1 404 Not Found[\r][\n]"
23:04:24.220 [main] DEBUG org.apache.http.wire -- http-outgoing-1 << "X-Powered-By: Express[\r][\n]"
23:04:24.220 [main] DEBUG org.apache.http.wire -- http-outgoing-1 << "Access-Control-Allow-Origin: *[\r][\n]"
23:04:24.220 [main] DEBUG org.apache.http.wire -- http-outgoing-1 << "Content-Type: application/json; charset=utf-8[\r][\n]"
23:04:24.220 [main] DEBUG org.apache.http.wire -- http-outgoing-1 << "Content-Length: 135[\r][\n]"
23:04:24.220 [main] DEBUG org.apache.http.wire -- http-outgoing-1 << "ETag: W/"87-/4lEP7joQvdR4FmMCs1eNnbCoRw"[\r][\n]"
23:04:24.220 [main] DEBUG org.apache.http.wire -- http-outgoing-1 << "Date: Fri, 20 Jun 2025 16:04:24 GMT[\r][\n]"
23:04:24.220 [main] DEBUG org.apache.http.wire -- http-outgoing-1 << "Connection: keep-alive[\r][\n]"
23:04:24.220 [main] DEBUG org.apache.http.wire -- http-outgoing-1 << "Keep-Alive: timeout=5[\r][\n]"
23:04:24.220 [main] DEBUG org.apache.http.wire -- http-outgoing-1 << "[\r][\n]"
23:04:24.220 [main] DEBUG org.apache.http.wire -- http-outgoing-1 << "{"success":false,"statusCode":404,"message":"Kh[0xc3][0xb4]ng t[0xc3][0xac]m th[0xe1][0xba][0xa5]y l[0xc6][0xb0][0xe1][0xbb][0xa3]t th[0xc3][0xad]ch","path":"/likes","timestamp":"2025-06-20T16:04:24.219Z"}"
23:04:24.220 [main] DEBUG org.apache.http.headers -- http-outgoing-1 << HTTP/1.1 404 Not Found
23:04:24.220 [main] DEBUG org.apache.http.headers -- http-outgoing-1 << X-Powered-By: Express
23:04:24.220 [main] DEBUG org.apache.http.headers -- http-outgoing-1 << Access-Control-Allow-Origin: *
23:04:24.220 [main] DEBUG org.apache.http.headers -- http-outgoing-1 << Content-Type: application/json; charset=utf-8
23:04:24.220 [main] DEBUG org.apache.http.headers -- http-outgoing-1 << Content-Length: 135
23:04:24.220 [main] DEBUG org.apache.http.headers -- http-outgoing-1 << ETag: W/"87-/4lEP7joQvdR4FmMCs1eNnbCoRw"
23:04:24.220 [main] DEBUG org.apache.http.headers -- http-outgoing-1 << Date: Fri, 20 Jun 2025 16:04:24 GMT
23:04:24.220 [main] DEBUG org.apache.http.headers -- http-outgoing-1 << Connection: keep-alive
23:04:24.220 [main] DEBUG org.apache.http.headers -- http-outgoing-1 << Keep-Alive: timeout=5
23:04:24.220 [main] DEBUG org.apache.http.impl.execchain.MainClientExec -- Connection can be kept alive for 5000 MILLISECONDS
23:04:24.220 [main] DEBUG org.apache.http.impl.conn.PoolingHttpClientConnectionManager -- Connection [id: 1][route: {}->http://localhost:3000] can be kept alive for 5.0 seconds
23:04:24.220 [main] DEBUG org.apache.http.impl.conn.DefaultManagedHttpClientConnection -- http-outgoing-1: set socket timeout to 0
23:04:24.220 [main] DEBUG org.apache.http.impl.conn.PoolingHttpClientConnectionManager -- Connection released: [id: 1][route: {}->http://localhost:3000][total available: 1; route allocated: 1 of 5; total allocated: 1 of 10]
23:04:24.220 [main] DEBUG org.apache.http.impl.conn.PoolingHttpClientConnectionManager -- Connection manager is shutting down
23:04:24.220 [main] DEBUG org.apache.http.impl.conn.DefaultManagedHttpClientConnection -- http-outgoing-1: Close connection
23:04:24.220 [main] DEBUG org.apache.http.impl.conn.PoolingHttpClientConnectionManager -- Connection manager shut down
23:04:24.221 [main] DEBUG com.intuit.karate -- response time in milliseconds: 60
1 < 404
1 < X-Powered-By: Express
1 < Access-Control-Allow-Origin: *
1 < Content-Type: application/json; charset=utf-8
1 < Content-Length: 135
1 < ETag: W/"87-/4lEP7joQvdR4FmMCs1eNnbCoRw"
1 < Date: Fri, 20 Jun 2025 16:04:24 GMT
1 < Connection: keep-alive
1 < Keep-Alive: timeout=5
{
  "success": false,
  "statusCode": 404,
  "message": "Không tìm th?y l??t thích",
  "path": "/likes",
  "timestamp": "2025-06-20T16:04:24.219Z"
}


23:04:24.224 [main] INFO com.intuit.karate -- [print] Calling unlike API v?i bearerToken: eyJhbGciOiJIUzI1NiIsInR5cCI6IkpXVCJ9.eyJzdWIiOiIwODUxNWIwNS0yZDNlLTQ3ODktYWQ2MC1kYjM1NTI1YTQ5NzAiLCJ1c2VybmFtZSI6Im5hbSIsInJvbGUiOjAsImlhdCI6MTc1MDQzMzEyOCwiZXhwIjoxNzUwNDM2NzI4fQ.LLNWdGI7R_rFyU4cQg2wm-V3Jq9O_6TIXzyRgCE6Uf4 
23:04:24.224 [main] INFO com.intuit.karate -- [print] Request body: {
  "targetId": "",
  "type": "post"
}
 
23:04:24.224 [main] INFO com.intuit.karate -- [print] Response status: 404 body: {
  "success": false,
  "statusCode": 404,
  "message": "Không tìm th?y l??t thích",
  "path": "/likes",
  "timestamp": "2025-06-20T16:04:24.219Z"
}
 
23:04:24.227 [main] INFO com.intuit.karate -- STATUS MISMATCH - Expected: 400, Actual: 404 
23:04:24.227 [main] INFO com.intuit.karate -- Test Case Data: {
  "bearerToken": "",
  "targetId": "",
  "testDescription": "Thi?u tr??ng targetId",
  "expectedStatus": 400.0,
  "expectedResult": "{\"error\": \"targetId is required\"}",
  "responseStatus": "404",
  "result": "{\"success\":false,\"statusCode\":404,\"message\":\"Cannot DELETE /unlikes\",\"path\":\"/unlikes\",\"timestamp\":\"2025-06-20T16:03:58.669Z\"}"
}
 
23:04:24.229 [main] INFO com.intuit.karate -- Expected Status: 400.0 
23:04:24.229 [main] INFO com.intuit.karate -- Actual Status: 404 
23:04:24.230 [main] INFO com.intuit.karate -- Test case #2 - Status: 404, Result: {"success":false,"statusCode":404,"message":"Không tìm th?y l??t thích","path":"/likes","timestamp":"2025-06-20T16:04:24.219Z"} 
23:04:24.230 [main] INFO com.intuit.karate -- ?ang ch?y test case #3: targetId r?ng 
23:04:24.230 [main] INFO com.intuit.karate -- S? d?ng global bearer token t? config: eyJhbGciOiJIUzI1NiIsInR5cCI6IkpXVCJ9.eyJzdWIiOiIwODUxNWIwNS0yZDNlLTQ3ODktYWQ2MC1kYjM1NTI1YTQ5NzAiLCJ1c2VybmFtZSI6Im5hbSIsInJvbGUiOjAsImlhdCI6MTc1MDQzMzEyOCwiZXhwIjoxNzUwNDM2NzI4fQ.LLNWdGI7R_rFyU4cQg2wm-V3Jq9O_6TIXzyRgCE6Uf4 
23:04:24.239 [main] INFO com.intuit.karate -- karate.env system property was: null 
23:04:24.242 [main] DEBUG com.jayway.jsonpath.internal.path.CompiledPath -- Evaluating path: $
23:04:24.243 [main] DEBUG com.jayway.jsonpath.internal.path.CompiledPath -- Evaluating path: $
23:04:24.244 [main] DEBUG org.apache.http.client.protocol.RequestAddCookies -- CookieSpec selected: karate
23:04:24.244 [main] DEBUG org.apache.http.client.protocol.RequestAuthCache -- Auth cache not set in the context
23:04:24.244 [main] DEBUG com.intuit.karate -- request:
1 > DELETE http://localhost:3000/likes
1 > Authorization: Bearer eyJhbGciOiJIUzI1NiIsInR5cCI6IkpXVCJ9.eyJzdWIiOiIwODUxNWIwNS0yZDNlLTQ3ODktYWQ2MC1kYjM1NTI1YTQ5NzAiLCJ1c2VybmFtZSI6Im5hbSIsInJvbGUiOjAsImlhdCI6MTc1MDQzMzEyOCwiZXhwIjoxNzUwNDM2NzI4fQ.LLNWdGI7R_rFyU4cQg2wm-V3Jq9O_6TIXzyRgCE6Uf4
1 > Content-Type: application/json; charset=UTF-8
1 > Content-Length: 29
1 > Host: localhost:3000
1 > Connection: Keep-Alive
1 > User-Agent: Apache-HttpClient/4.5.14 (Java/17.0.9)
1 > Accept-Encoding: gzip,deflate
{
  "targetId": "",
  "type": "post"
}


23:04:24.245 [main] DEBUG org.apache.http.impl.conn.PoolingHttpClientConnectionManager -- Connection request: [route: {}->http://localhost:3000][total available: 0; route allocated: 0 of 5; total allocated: 0 of 10]
23:04:24.245 [main] DEBUG org.apache.http.impl.conn.PoolingHttpClientConnectionManager -- Connection leased: [id: 2][route: {}->http://localhost:3000][total available: 0; route allocated: 1 of 5; total allocated: 1 of 10]
23:04:24.245 [main] DEBUG org.apache.http.impl.execchain.MainClientExec -- Opening connection {}->http://localhost:3000
23:04:24.245 [main] DEBUG org.apache.http.impl.conn.DefaultHttpClientConnectionOperator -- Connecting to localhost/127.0.0.1:3000
23:04:24.245 [main] DEBUG org.apache.http.impl.conn.DefaultHttpClientConnectionOperator -- Connection established 127.0.0.1:64143<->127.0.0.1:3000
23:04:24.246 [main] DEBUG org.apache.http.impl.conn.DefaultManagedHttpClientConnection -- http-outgoing-2: set socket timeout to 5000
23:04:24.246 [main] DEBUG org.apache.http.impl.execchain.MainClientExec -- Executing request DELETE /likes HTTP/1.1
23:04:24.246 [main] DEBUG org.apache.http.impl.execchain.MainClientExec -- Proxy auth state: UNCHALLENGED
23:04:24.246 [main] DEBUG org.apache.http.headers -- http-outgoing-2 >> DELETE /likes HTTP/1.1
23:04:24.246 [main] DEBUG org.apache.http.headers -- http-outgoing-2 >> Authorization: Bearer eyJhbGciOiJIUzI1NiIsInR5cCI6IkpXVCJ9.eyJzdWIiOiIwODUxNWIwNS0yZDNlLTQ3ODktYWQ2MC1kYjM1NTI1YTQ5NzAiLCJ1c2VybmFtZSI6Im5hbSIsInJvbGUiOjAsImlhdCI6MTc1MDQzMzEyOCwiZXhwIjoxNzUwNDM2NzI4fQ.LLNWdGI7R_rFyU4cQg2wm-V3Jq9O_6TIXzyRgCE6Uf4
23:04:24.246 [main] DEBUG org.apache.http.headers -- http-outgoing-2 >> Content-Type: application/json; charset=UTF-8
23:04:24.246 [main] DEBUG org.apache.http.headers -- http-outgoing-2 >> Content-Length: 29
23:04:24.246 [main] DEBUG org.apache.http.headers -- http-outgoing-2 >> Host: localhost:3000
23:04:24.246 [main] DEBUG org.apache.http.headers -- http-outgoing-2 >> Connection: Keep-Alive
23:04:24.246 [main] DEBUG org.apache.http.headers -- http-outgoing-2 >> User-Agent: Apache-HttpClient/4.5.14 (Java/17.0.9)
23:04:24.246 [main] DEBUG org.apache.http.headers -- http-outgoing-2 >> Accept-Encoding: gzip,deflate
23:04:24.246 [main] DEBUG org.apache.http.wire -- http-outgoing-2 >> "DELETE /likes HTTP/1.1[\r][\n]"
23:04:24.246 [main] DEBUG org.apache.http.wire -- http-outgoing-2 >> "Authorization: Bearer eyJhbGciOiJIUzI1NiIsInR5cCI6IkpXVCJ9.eyJzdWIiOiIwODUxNWIwNS0yZDNlLTQ3ODktYWQ2MC1kYjM1NTI1YTQ5NzAiLCJ1c2VybmFtZSI6Im5hbSIsInJvbGUiOjAsImlhdCI6MTc1MDQzMzEyOCwiZXhwIjoxNzUwNDM2NzI4fQ.LLNWdGI7R_rFyU4cQg2wm-V3Jq9O_6TIXzyRgCE6Uf4[\r][\n]"
23:04:24.246 [main] DEBUG org.apache.http.wire -- http-outgoing-2 >> "Content-Type: application/json; charset=UTF-8[\r][\n]"
23:04:24.246 [main] DEBUG org.apache.http.wire -- http-outgoing-2 >> "Content-Length: 29[\r][\n]"
23:04:24.246 [main] DEBUG org.apache.http.wire -- http-outgoing-2 >> "Host: localhost:3000[\r][\n]"
23:04:24.246 [main] DEBUG org.apache.http.wire -- http-outgoing-2 >> "Connection: Keep-Alive[\r][\n]"
23:04:24.246 [main] DEBUG org.apache.http.wire -- http-outgoing-2 >> "User-Agent: Apache-HttpClient/4.5.14 (Java/17.0.9)[\r][\n]"
23:04:24.246 [main] DEBUG org.apache.http.wire -- http-outgoing-2 >> "Accept-Encoding: gzip,deflate[\r][\n]"
23:04:24.246 [main] DEBUG org.apache.http.wire -- http-outgoing-2 >> "[\r][\n]"
23:04:24.246 [main] DEBUG org.apache.http.wire -- http-outgoing-2 >> "{"targetId":"","type":"post"}"
23:04:24.300 [main] DEBUG org.apache.http.wire -- http-outgoing-2 << "HTTP/1.1 404 Not Found[\r][\n]"
23:04:24.300 [main] DEBUG org.apache.http.wire -- http-outgoing-2 << "X-Powered-By: Express[\r][\n]"
23:04:24.300 [main] DEBUG org.apache.http.wire -- http-outgoing-2 << "Access-Control-Allow-Origin: *[\r][\n]"
23:04:24.300 [main] DEBUG org.apache.http.wire -- http-outgoing-2 << "Content-Type: application/json; charset=utf-8[\r][\n]"
23:04:24.300 [main] DEBUG org.apache.http.wire -- http-outgoing-2 << "Content-Length: 135[\r][\n]"
23:04:24.300 [main] DEBUG org.apache.http.wire -- http-outgoing-2 << "ETag: W/"87-DOWzieEx0Usjy45R+5phq08/N3w"[\r][\n]"
23:04:24.300 [main] DEBUG org.apache.http.wire -- http-outgoing-2 << "Date: Fri, 20 Jun 2025 16:04:24 GMT[\r][\n]"
23:04:24.300 [main] DEBUG org.apache.http.wire -- http-outgoing-2 << "Connection: keep-alive[\r][\n]"
23:04:24.300 [main] DEBUG org.apache.http.wire -- http-outgoing-2 << "Keep-Alive: timeout=5[\r][\n]"
23:04:24.300 [main] DEBUG org.apache.http.wire -- http-outgoing-2 << "[\r][\n]"
23:04:24.301 [main] DEBUG org.apache.http.wire -- http-outgoing-2 << "{"success":false,"statusCode":404,"message":"Kh[0xc3][0xb4]ng t[0xc3][0xac]m th[0xe1][0xba][0xa5]y l[0xc6][0xb0][0xe1][0xbb][0xa3]t th[0xc3][0xad]ch","path":"/likes","timestamp":"2025-06-20T16:04:24.300Z"}"
23:04:24.301 [main] DEBUG org.apache.http.headers -- http-outgoing-2 << HTTP/1.1 404 Not Found
23:04:24.301 [main] DEBUG org.apache.http.headers -- http-outgoing-2 << X-Powered-By: Express
23:04:24.301 [main] DEBUG org.apache.http.headers -- http-outgoing-2 << Access-Control-Allow-Origin: *
23:04:24.301 [main] DEBUG org.apache.http.headers -- http-outgoing-2 << Content-Type: application/json; charset=utf-8
23:04:24.301 [main] DEBUG org.apache.http.headers -- http-outgoing-2 << Content-Length: 135
23:04:24.301 [main] DEBUG org.apache.http.headers -- http-outgoing-2 << ETag: W/"87-DOWzieEx0Usjy45R+5phq08/N3w"
23:04:24.301 [main] DEBUG org.apache.http.headers -- http-outgoing-2 << Date: Fri, 20 Jun 2025 16:04:24 GMT
23:04:24.301 [main] DEBUG org.apache.http.headers -- http-outgoing-2 << Connection: keep-alive
23:04:24.301 [main] DEBUG org.apache.http.headers -- http-outgoing-2 << Keep-Alive: timeout=5
23:04:24.301 [main] DEBUG org.apache.http.impl.execchain.MainClientExec -- Connection can be kept alive for 5000 MILLISECONDS
23:04:24.301 [main] DEBUG org.apache.http.impl.conn.PoolingHttpClientConnectionManager -- Connection [id: 2][route: {}->http://localhost:3000] can be kept alive for 5.0 seconds
23:04:24.301 [main] DEBUG org.apache.http.impl.conn.DefaultManagedHttpClientConnection -- http-outgoing-2: set socket timeout to 0
23:04:24.301 [main] DEBUG org.apache.http.impl.conn.PoolingHttpClientConnectionManager -- Connection released: [id: 2][route: {}->http://localhost:3000][total available: 1; route allocated: 1 of 5; total allocated: 1 of 10]
23:04:24.301 [main] DEBUG org.apache.http.impl.conn.PoolingHttpClientConnectionManager -- Connection manager is shutting down
23:04:24.301 [main] DEBUG org.apache.http.impl.conn.DefaultManagedHttpClientConnection -- http-outgoing-2: Close connection
23:04:24.301 [main] DEBUG org.apache.http.impl.conn.PoolingHttpClientConnectionManager -- Connection manager shut down
23:04:24.302 [main] DEBUG com.intuit.karate -- response time in milliseconds: 56
1 < 404
1 < X-Powered-By: Express
1 < Access-Control-Allow-Origin: *
1 < Content-Type: application/json; charset=utf-8
1 < Content-Length: 135
1 < ETag: W/"87-DOWzieEx0Usjy45R+5phq08/N3w"
1 < Date: Fri, 20 Jun 2025 16:04:24 GMT
1 < Connection: keep-alive
1 < Keep-Alive: timeout=5
{
  "success": false,
  "statusCode": 404,
  "message": "Không tìm th?y l??t thích",
  "path": "/likes",
  "timestamp": "2025-06-20T16:04:24.300Z"
}


23:04:24.303 [main] INFO com.intuit.karate -- [print] Calling unlike API v?i bearerToken: eyJhbGciOiJIUzI1NiIsInR5cCI6IkpXVCJ9.eyJzdWIiOiIwODUxNWIwNS0yZDNlLTQ3ODktYWQ2MC1kYjM1NTI1YTQ5NzAiLCJ1c2VybmFtZSI6Im5hbSIsInJvbGUiOjAsImlhdCI6MTc1MDQzMzEyOCwiZXhwIjoxNzUwNDM2NzI4fQ.LLNWdGI7R_rFyU4cQg2wm-V3Jq9O_6TIXzyRgCE6Uf4 
23:04:24.303 [main] INFO com.intuit.karate -- [print] Request body: {
  "targetId": "",
  "type": "post"
}
 
23:04:24.304 [main] INFO com.intuit.karate -- [print] Response status: 404 body: {
  "success": false,
  "statusCode": 404,
  "message": "Không tìm th?y l??t thích",
  "path": "/likes",
  "timestamp": "2025-06-20T16:04:24.300Z"
}
 
23:04:24.305 [main] INFO com.intuit.karate -- STATUS MISMATCH - Expected: 400, Actual: 404 
23:04:24.305 [main] INFO com.intuit.karate -- Test Case Data: {
  "bearerToken": "",
  "targetId": "",
  "testDescription": "targetId r?ng",
  "expectedStatus": 400.0,
  "expectedResult": "{\"error\": \"targetId cannot be empty\"}",
  "responseStatus": "404",
  "result": "{\"success\":false,\"statusCode\":404,\"message\":\"Cannot DELETE /unlikes\",\"path\":\"/unlikes\",\"timestamp\":\"2025-06-20T16:03:58.693Z\"}"
}
 
23:04:24.305 [main] INFO com.intuit.karate -- Expected Status: 400.0 
23:04:24.305 [main] INFO com.intuit.karate -- Actual Status: 404 
23:04:24.305 [main] INFO com.intuit.karate -- Test case #3 - Status: 404, Result: {"success":false,"statusCode":404,"message":"Không tìm th?y l??t thích","path":"/likes","timestamp":"2025-06-20T16:04:24.300Z"} 
23:04:24.306 [main] INFO com.intuit.karate -- ?ang ch?y test case #4: Thi?u token xác th?c 
23:04:24.306 [main] INFO com.intuit.karate -- Test case không s? d?ng token 
23:04:24.315 [main] INFO com.intuit.karate -- karate.env system property was: null 
23:04:24.319 [main] DEBUG com.jayway.jsonpath.internal.path.CompiledPath -- Evaluating path: $
23:04:24.333 [main] DEBUG com.jayway.jsonpath.internal.path.CompiledPath -- Evaluating path: $
23:04:24.335 [main] DEBUG org.apache.http.client.protocol.RequestAddCookies -- CookieSpec selected: karate
23:04:24.335 [main] DEBUG org.apache.http.client.protocol.RequestAuthCache -- Auth cache not set in the context
23:04:24.335 [main] DEBUG com.intuit.karate -- request:
1 > DELETE http://localhost:3000/likes
1 > Authorization: #(Authorization)
1 > Content-Type: application/json; charset=UTF-8
1 > Content-Length: 65
1 > Host: localhost:3000
1 > Connection: Keep-Alive
1 > User-Agent: Apache-HttpClient/4.5.14 (Java/17.0.9)
1 > Accept-Encoding: gzip,deflate
{
  "targetId": "c8161412-bc98-49ec-88ff-57b99cc2ce67",
  "type": "post"
}


23:04:24.335 [main] DEBUG org.apache.http.impl.conn.PoolingHttpClientConnectionManager -- Connection request: [route: {}->http://localhost:3000][total available: 0; route allocated: 0 of 5; total allocated: 0 of 10]
23:04:24.335 [main] DEBUG org.apache.http.impl.conn.PoolingHttpClientConnectionManager -- Connection leased: [id: 3][route: {}->http://localhost:3000][total available: 0; route allocated: 1 of 5; total allocated: 1 of 10]
23:04:24.335 [main] DEBUG org.apache.http.impl.execchain.MainClientExec -- Opening connection {}->http://localhost:3000
23:04:24.336 [main] DEBUG org.apache.http.impl.conn.DefaultHttpClientConnectionOperator -- Connecting to localhost/127.0.0.1:3000
23:04:24.336 [main] DEBUG org.apache.http.impl.conn.DefaultHttpClientConnectionOperator -- Connection established 127.0.0.1:64144<->127.0.0.1:3000
23:04:24.336 [main] DEBUG org.apache.http.impl.conn.DefaultManagedHttpClientConnection -- http-outgoing-3: set socket timeout to 5000
23:04:24.336 [main] DEBUG org.apache.http.impl.execchain.MainClientExec -- Executing request DELETE /likes HTTP/1.1
23:04:24.336 [main] DEBUG org.apache.http.impl.execchain.MainClientExec -- Proxy auth state: UNCHALLENGED
23:04:24.336 [main] DEBUG org.apache.http.headers -- http-outgoing-3 >> DELETE /likes HTTP/1.1
23:04:24.336 [main] DEBUG org.apache.http.headers -- http-outgoing-3 >> Authorization: #(Authorization)
23:04:24.336 [main] DEBUG org.apache.http.headers -- http-outgoing-3 >> Content-Type: application/json; charset=UTF-8
23:04:24.336 [main] DEBUG org.apache.http.headers -- http-outgoing-3 >> Content-Length: 65
23:04:24.336 [main] DEBUG org.apache.http.headers -- http-outgoing-3 >> Host: localhost:3000
23:04:24.336 [main] DEBUG org.apache.http.headers -- http-outgoing-3 >> Connection: Keep-Alive
23:04:24.336 [main] DEBUG org.apache.http.headers -- http-outgoing-3 >> User-Agent: Apache-HttpClient/4.5.14 (Java/17.0.9)
23:04:24.336 [main] DEBUG org.apache.http.headers -- http-outgoing-3 >> Accept-Encoding: gzip,deflate
23:04:24.336 [main] DEBUG org.apache.http.wire -- http-outgoing-3 >> "DELETE /likes HTTP/1.1[\r][\n]"
23:04:24.336 [main] DEBUG org.apache.http.wire -- http-outgoing-3 >> "Authorization: #(Authorization)[\r][\n]"
23:04:24.337 [main] DEBUG org.apache.http.wire -- http-outgoing-3 >> "Content-Type: application/json; charset=UTF-8[\r][\n]"
23:04:24.337 [main] DEBUG org.apache.http.wire -- http-outgoing-3 >> "Content-Length: 65[\r][\n]"
23:04:24.337 [main] DEBUG org.apache.http.wire -- http-outgoing-3 >> "Host: localhost:3000[\r][\n]"
23:04:24.337 [main] DEBUG org.apache.http.wire -- http-outgoing-3 >> "Connection: Keep-Alive[\r][\n]"
23:04:24.337 [main] DEBUG org.apache.http.wire -- http-outgoing-3 >> "User-Agent: Apache-HttpClient/4.5.14 (Java/17.0.9)[\r][\n]"
23:04:24.337 [main] DEBUG org.apache.http.wire -- http-outgoing-3 >> "Accept-Encoding: gzip,deflate[\r][\n]"
23:04:24.337 [main] DEBUG org.apache.http.wire -- http-outgoing-3 >> "[\r][\n]"
23:04:24.337 [main] DEBUG org.apache.http.wire -- http-outgoing-3 >> "{"targetId":"c8161412-bc98-49ec-88ff-57b99cc2ce67","type":"post"}"
23:04:24.338 [main] DEBUG org.apache.http.wire -- http-outgoing-3 << "HTTP/1.1 401 Unauthorized[\r][\n]"
23:04:24.338 [main] DEBUG org.apache.http.wire -- http-outgoing-3 << "X-Powered-By: Express[\r][\n]"
23:04:24.338 [main] DEBUG org.apache.http.wire -- http-outgoing-3 << "Access-Control-Allow-Origin: *[\r][\n]"
23:04:24.338 [main] DEBUG org.apache.http.wire -- http-outgoing-3 << "Content-Type: application/json; charset=utf-8[\r][\n]"
23:04:24.339 [main] DEBUG org.apache.http.wire -- http-outgoing-3 << "Content-Length: 114[\r][\n]"
23:04:24.339 [main] DEBUG org.apache.http.wire -- http-outgoing-3 << "ETag: W/"72-koQeXuNrdPxz+4dFaO6Rn9F9YtU"[\r][\n]"
23:04:24.339 [main] DEBUG org.apache.http.wire -- http-outgoing-3 << "Date: Fri, 20 Jun 2025 16:04:24 GMT[\r][\n]"
23:04:24.339 [main] DEBUG org.apache.http.wire -- http-outgoing-3 << "Connection: keep-alive[\r][\n]"
23:04:24.339 [main] DEBUG org.apache.http.wire -- http-outgoing-3 << "Keep-Alive: timeout=5[\r][\n]"
23:04:24.339 [main] DEBUG org.apache.http.wire -- http-outgoing-3 << "[\r][\n]"
23:04:24.339 [main] DEBUG org.apache.http.wire -- http-outgoing-3 << "{"success":false,"statusCode":401,"message":"Unauthorized","path":"/likes","timestamp":"2025-06-20T16:04:24.339Z"}"
23:04:24.339 [main] DEBUG org.apache.http.headers -- http-outgoing-3 << HTTP/1.1 401 Unauthorized
23:04:24.339 [main] DEBUG org.apache.http.headers -- http-outgoing-3 << X-Powered-By: Express
23:04:24.339 [main] DEBUG org.apache.http.headers -- http-outgoing-3 << Access-Control-Allow-Origin: *
23:04:24.339 [main] DEBUG org.apache.http.headers -- http-outgoing-3 << Content-Type: application/json; charset=utf-8
23:04:24.339 [main] DEBUG org.apache.http.headers -- http-outgoing-3 << Content-Length: 114
23:04:24.339 [main] DEBUG org.apache.http.headers -- http-outgoing-3 << ETag: W/"72-koQeXuNrdPxz+4dFaO6Rn9F9YtU"
23:04:24.339 [main] DEBUG org.apache.http.headers -- http-outgoing-3 << Date: Fri, 20 Jun 2025 16:04:24 GMT
23:04:24.339 [main] DEBUG org.apache.http.headers -- http-outgoing-3 << Connection: keep-alive
23:04:24.339 [main] DEBUG org.apache.http.headers -- http-outgoing-3 << Keep-Alive: timeout=5
23:04:24.340 [main] DEBUG org.apache.http.impl.execchain.MainClientExec -- Connection can be kept alive for 5000 MILLISECONDS
23:04:24.340 [main] DEBUG org.apache.http.impl.auth.HttpAuthenticator -- Authentication required
23:04:24.340 [main] DEBUG org.apache.http.impl.auth.HttpAuthenticator -- localhost:3000 requested authentication
23:04:24.340 [main] DEBUG org.apache.http.impl.auth.HttpAuthenticator -- Response contains no authentication challenges
23:04:24.340 [main] DEBUG org.apache.http.impl.conn.PoolingHttpClientConnectionManager -- Connection [id: 3][route: {}->http://localhost:3000] can be kept alive for 5.0 seconds
23:04:24.340 [main] DEBUG org.apache.http.impl.conn.DefaultManagedHttpClientConnection -- http-outgoing-3: set socket timeout to 0
23:04:24.340 [main] DEBUG org.apache.http.impl.conn.PoolingHttpClientConnectionManager -- Connection released: [id: 3][route: {}->http://localhost:3000][total available: 1; route allocated: 1 of 5; total allocated: 1 of 10]
23:04:24.340 [main] DEBUG org.apache.http.impl.conn.PoolingHttpClientConnectionManager -- Connection manager is shutting down
23:04:24.340 [main] DEBUG org.apache.http.impl.conn.DefaultManagedHttpClientConnection -- http-outgoing-3: Close connection
23:04:24.340 [main] DEBUG org.apache.http.impl.conn.PoolingHttpClientConnectionManager -- Connection manager shut down
23:04:24.340 [main] DEBUG com.intuit.karate -- response time in milliseconds: 5
1 < 401
1 < X-Powered-By: Express
1 < Access-Control-Allow-Origin: *
1 < Content-Type: application/json; charset=utf-8
1 < Content-Length: 114
1 < ETag: W/"72-koQeXuNrdPxz+4dFaO6Rn9F9YtU"
1 < Date: Fri, 20 Jun 2025 16:04:24 GMT
1 < Connection: keep-alive
1 < Keep-Alive: timeout=5
{
  "success": false,
  "statusCode": 401,
  "message": "Unauthorized",
  "path": "/likes",
  "timestamp": "2025-06-20T16:04:24.339Z"
}


23:04:24.341 [main] INFO com.intuit.karate -- [print] Calling unlike API v?i bearerToken:  
23:04:24.342 [main] INFO com.intuit.karate -- [print] Request body: {
  "targetId": "c8161412-bc98-49ec-88ff-57b99cc2ce67",
  "type": "post"
}
 
23:04:24.342 [main] INFO com.intuit.karate -- [print] Response status: 401 body: {
  "success": false,
  "statusCode": 401,
  "message": "Unauthorized",
  "path": "/likes",
  "timestamp": "2025-06-20T16:04:24.339Z"
}
 
23:04:24.344 [main] INFO com.intuit.karate -- Test Case Data: {
  "bearerToken": "NO_TOKEN",
  "targetId": "c8161412-bc98-49ec-88ff-57b99cc2ce67",
  "testDescription": "Thi?u token xác th?c",
  "expectedStatus": 401.0,
  "expectedResult": "{\"error\": \"Unauthorized\"}",
  "responseStatus": "404",
  "result": "{\"success\":false,\"statusCode\":404,\"message\":\"Cannot DELETE /unlikes\",\"path\":\"/unlikes\",\"timestamp\":\"2025-06-20T16:03:58.741Z\"}"
}
 
23:04:24.344 [main] INFO com.intuit.karate -- Expected Status: 401.0 
23:04:24.344 [main] INFO com.intuit.karate -- Actual Status: 401 
23:04:24.344 [main] INFO com.intuit.karate -- Test case #4 - Status: 401, Result: {"success":false,"statusCode":401,"message":"Unauthorized","path":"/likes","timestamp":"2025-06-20T16:04:24.339Z"} 
23:04:24.345 [main] INFO com.intuit.karate -- ?ang ch?y test case #5: Token không h?p l? 
23:04:24.346 [main] INFO com.intuit.karate -- Test case s? d?ng token không h?p l? 
23:04:24.355 [main] INFO com.intuit.karate -- karate.env system property was: null 
23:04:24.357 [main] DEBUG com.jayway.jsonpath.internal.path.CompiledPath -- Evaluating path: $
23:04:24.357 [main] DEBUG com.jayway.jsonpath.internal.path.CompiledPath -- Evaluating path: $
23:04:24.358 [main] DEBUG org.apache.http.client.protocol.RequestAddCookies -- CookieSpec selected: karate
23:04:24.358 [main] DEBUG org.apache.http.client.protocol.RequestAuthCache -- Auth cache not set in the context
23:04:24.358 [main] DEBUG com.intuit.karate -- request:
1 > DELETE http://localhost:3000/likes
1 > Authorization: Bearer invalid_token_123
1 > Content-Type: application/json; charset=UTF-8
1 > Content-Length: 65
1 > Host: localhost:3000
1 > Connection: Keep-Alive
1 > User-Agent: Apache-HttpClient/4.5.14 (Java/17.0.9)
1 > Accept-Encoding: gzip,deflate
{
  "targetId": "c8161412-bc98-49ec-88ff-57b99cc2ce67",
  "type": "post"
}


23:04:24.358 [main] DEBUG org.apache.http.impl.conn.PoolingHttpClientConnectionManager -- Connection request: [route: {}->http://localhost:3000][total available: 0; route allocated: 0 of 5; total allocated: 0 of 10]
23:04:24.358 [main] DEBUG org.apache.http.impl.conn.PoolingHttpClientConnectionManager -- Connection leased: [id: 4][route: {}->http://localhost:3000][total available: 0; route allocated: 1 of 5; total allocated: 1 of 10]
23:04:24.358 [main] DEBUG org.apache.http.impl.execchain.MainClientExec -- Opening connection {}->http://localhost:3000
23:04:24.358 [main] DEBUG org.apache.http.impl.conn.DefaultHttpClientConnectionOperator -- Connecting to localhost/127.0.0.1:3000
23:04:24.359 [main] DEBUG org.apache.http.impl.conn.DefaultHttpClientConnectionOperator -- Connection established 127.0.0.1:64145<->127.0.0.1:3000
23:04:24.359 [main] DEBUG org.apache.http.impl.conn.DefaultManagedHttpClientConnection -- http-outgoing-4: set socket timeout to 5000
23:04:24.359 [main] DEBUG org.apache.http.impl.execchain.MainClientExec -- Executing request DELETE /likes HTTP/1.1
23:04:24.359 [main] DEBUG org.apache.http.impl.execchain.MainClientExec -- Proxy auth state: UNCHALLENGED
23:04:24.359 [main] DEBUG org.apache.http.headers -- http-outgoing-4 >> DELETE /likes HTTP/1.1
23:04:24.359 [main] DEBUG org.apache.http.headers -- http-outgoing-4 >> Authorization: Bearer invalid_token_123
23:04:24.359 [main] DEBUG org.apache.http.headers -- http-outgoing-4 >> Content-Type: application/json; charset=UTF-8
23:04:24.359 [main] DEBUG org.apache.http.headers -- http-outgoing-4 >> Content-Length: 65
23:04:24.359 [main] DEBUG org.apache.http.headers -- http-outgoing-4 >> Host: localhost:3000
23:04:24.359 [main] DEBUG org.apache.http.headers -- http-outgoing-4 >> Connection: Keep-Alive
23:04:24.359 [main] DEBUG org.apache.http.headers -- http-outgoing-4 >> User-Agent: Apache-HttpClient/4.5.14 (Java/17.0.9)
23:04:24.359 [main] DEBUG org.apache.http.headers -- http-outgoing-4 >> Accept-Encoding: gzip,deflate
23:04:24.359 [main] DEBUG org.apache.http.wire -- http-outgoing-4 >> "DELETE /likes HTTP/1.1[\r][\n]"
23:04:24.359 [main] DEBUG org.apache.http.wire -- http-outgoing-4 >> "Authorization: Bearer invalid_token_123[\r][\n]"
23:04:24.359 [main] DEBUG org.apache.http.wire -- http-outgoing-4 >> "Content-Type: application/json; charset=UTF-8[\r][\n]"
23:04:24.359 [main] DEBUG org.apache.http.wire -- http-outgoing-4 >> "Content-Length: 65[\r][\n]"
23:04:24.359 [main] DEBUG org.apache.http.wire -- http-outgoing-4 >> "Host: localhost:3000[\r][\n]"
23:04:24.359 [main] DEBUG org.apache.http.wire -- http-outgoing-4 >> "Connection: Keep-Alive[\r][\n]"
23:04:24.359 [main] DEBUG org.apache.http.wire -- http-outgoing-4 >> "User-Agent: Apache-HttpClient/4.5.14 (Java/17.0.9)[\r][\n]"
23:04:24.359 [main] DEBUG org.apache.http.wire -- http-outgoing-4 >> "Accept-Encoding: gzip,deflate[\r][\n]"
23:04:24.359 [main] DEBUG org.apache.http.wire -- http-outgoing-4 >> "[\r][\n]"
23:04:24.359 [main] DEBUG org.apache.http.wire -- http-outgoing-4 >> "{"targetId":"c8161412-bc98-49ec-88ff-57b99cc2ce67","type":"post"}"
23:04:24.360 [main] DEBUG org.apache.http.wire -- http-outgoing-4 << "HTTP/1.1 401 Unauthorized[\r][\n]"
23:04:24.360 [main] DEBUG org.apache.http.wire -- http-outgoing-4 << "X-Powered-By: Express[\r][\n]"
23:04:24.360 [main] DEBUG org.apache.http.wire -- http-outgoing-4 << "Access-Control-Allow-Origin: *[\r][\n]"
23:04:24.360 [main] DEBUG org.apache.http.wire -- http-outgoing-4 << "Content-Type: application/json; charset=utf-8[\r][\n]"
23:04:24.360 [main] DEBUG org.apache.http.wire -- http-outgoing-4 << "Content-Length: 114[\r][\n]"
23:04:24.360 [main] DEBUG org.apache.http.wire -- http-outgoing-4 << "ETag: W/"72-QafSqfuOdxADYfAbeQXMiI4JsZI"[\r][\n]"
23:04:24.360 [main] DEBUG org.apache.http.wire -- http-outgoing-4 << "Date: Fri, 20 Jun 2025 16:04:24 GMT[\r][\n]"
23:04:24.360 [main] DEBUG org.apache.http.wire -- http-outgoing-4 << "Connection: keep-alive[\r][\n]"
23:04:24.360 [main] DEBUG org.apache.http.wire -- http-outgoing-4 << "Keep-Alive: timeout=5[\r][\n]"
23:04:24.360 [main] DEBUG org.apache.http.wire -- http-outgoing-4 << "[\r][\n]"
23:04:24.360 [main] DEBUG org.apache.http.wire -- http-outgoing-4 << "{"success":false,"statusCode":401,"message":"Unauthorized","path":"/likes","timestamp":"2025-06-20T16:04:24.360Z"}"
23:04:24.360 [main] DEBUG org.apache.http.headers -- http-outgoing-4 << HTTP/1.1 401 Unauthorized
23:04:24.360 [main] DEBUG org.apache.http.headers -- http-outgoing-4 << X-Powered-By: Express
23:04:24.361 [main] DEBUG org.apache.http.headers -- http-outgoing-4 << Access-Control-Allow-Origin: *
23:04:24.361 [main] DEBUG org.apache.http.headers -- http-outgoing-4 << Content-Type: application/json; charset=utf-8
23:04:24.361 [main] DEBUG org.apache.http.headers -- http-outgoing-4 << Content-Length: 114
23:04:24.361 [main] DEBUG org.apache.http.headers -- http-outgoing-4 << ETag: W/"72-QafSqfuOdxADYfAbeQXMiI4JsZI"
23:04:24.361 [main] DEBUG org.apache.http.headers -- http-outgoing-4 << Date: Fri, 20 Jun 2025 16:04:24 GMT
23:04:24.361 [main] DEBUG org.apache.http.headers -- http-outgoing-4 << Connection: keep-alive
23:04:24.361 [main] DEBUG org.apache.http.headers -- http-outgoing-4 << Keep-Alive: timeout=5
23:04:24.361 [main] DEBUG org.apache.http.impl.execchain.MainClientExec -- Connection can be kept alive for 5000 MILLISECONDS
23:04:24.361 [main] DEBUG org.apache.http.impl.auth.HttpAuthenticator -- Authentication required
23:04:24.361 [main] DEBUG org.apache.http.impl.auth.HttpAuthenticator -- localhost:3000 requested authentication
23:04:24.361 [main] DEBUG org.apache.http.impl.auth.HttpAuthenticator -- Response contains no authentication challenges
23:04:24.361 [main] DEBUG org.apache.http.impl.conn.PoolingHttpClientConnectionManager -- Connection [id: 4][route: {}->http://localhost:3000] can be kept alive for 5.0 seconds
23:04:24.361 [main] DEBUG org.apache.http.impl.conn.DefaultManagedHttpClientConnection -- http-outgoing-4: set socket timeout to 0
23:04:24.361 [main] DEBUG org.apache.http.impl.conn.PoolingHttpClientConnectionManager -- Connection released: [id: 4][route: {}->http://localhost:3000][total available: 1; route allocated: 1 of 5; total allocated: 1 of 10]
23:04:24.361 [main] DEBUG org.apache.http.impl.conn.PoolingHttpClientConnectionManager -- Connection manager is shutting down
23:04:24.361 [main] DEBUG org.apache.http.impl.conn.DefaultManagedHttpClientConnection -- http-outgoing-4: Close connection
23:04:24.361 [main] DEBUG org.apache.http.impl.conn.PoolingHttpClientConnectionManager -- Connection manager shut down
23:04:24.363 [main] DEBUG com.intuit.karate -- response time in milliseconds: 3
1 < 401
1 < X-Powered-By: Express
1 < Access-Control-Allow-Origin: *
1 < Content-Type: application/json; charset=utf-8
1 < Content-Length: 114
1 < ETag: W/"72-QafSqfuOdxADYfAbeQXMiI4JsZI"
1 < Date: Fri, 20 Jun 2025 16:04:24 GMT
1 < Connection: keep-alive
1 < Keep-Alive: timeout=5
{
  "success": false,
  "statusCode": 401,
  "message": "Unauthorized",
  "path": "/likes",
  "timestamp": "2025-06-20T16:04:24.360Z"
}


23:04:24.364 [main] INFO com.intuit.karate -- [print] Calling unlike API v?i bearerToken: invalid_token_123 
23:04:24.365 [main] INFO com.intuit.karate -- [print] Request body: {
  "targetId": "c8161412-bc98-49ec-88ff-57b99cc2ce67",
  "type": "post"
}
 
23:04:24.365 [main] INFO com.intuit.karate -- [print] Response status: 401 body: {
  "success": false,
  "statusCode": 401,
  "message": "Unauthorized",
  "path": "/likes",
  "timestamp": "2025-06-20T16:04:24.360Z"
}
 
23:04:24.365 [main] INFO com.intuit.karate -- Test Case Data: {
  "bearerToken": "INVALID_TOKEN",
  "targetId": "c8161412-bc98-49ec-88ff-57b99cc2ce67",
  "testDescription": "Token không h?p l?",
  "expectedStatus": 401.0,
  "expectedResult": "{\"error\": \"Invalid or expired token\"}",
  "responseStatus": "404",
  "result": "{\"success\":false,\"statusCode\":404,\"message\":\"Cannot DELETE /unlikes\",\"path\":\"/unlikes\",\"timestamp\":\"2025-06-20T16:03:58.766Z\"}"
}
 
23:04:24.367 [main] INFO com.intuit.karate -- Expected Status: 401.0 
23:04:24.367 [main] INFO com.intuit.karate -- Actual Status: 401 
23:04:24.367 [main] INFO com.intuit.karate -- Test case #5 - Status: 401, Result: {"success":false,"statusCode":401,"message":"Unauthorized","path":"/likes","timestamp":"2025-06-20T16:04:24.360Z"} 
23:04:24.368 [main] INFO com.intuit.karate -- ?ang ch?y test case #6: targetId không t?n t?i 
23:04:24.368 [main] INFO com.intuit.karate -- S? d?ng global bearer token t? config: eyJhbGciOiJIUzI1NiIsInR5cCI6IkpXVCJ9.eyJzdWIiOiIwODUxNWIwNS0yZDNlLTQ3ODktYWQ2MC1kYjM1NTI1YTQ5NzAiLCJ1c2VybmFtZSI6Im5hbSIsInJvbGUiOjAsImlhdCI6MTc1MDQzMzEyOCwiZXhwIjoxNzUwNDM2NzI4fQ.LLNWdGI7R_rFyU4cQg2wm-V3Jq9O_6TIXzyRgCE6Uf4 
23:04:24.375 [main] INFO com.intuit.karate -- karate.env system property was: null 
23:04:24.377 [main] DEBUG com.jayway.jsonpath.internal.path.CompiledPath -- Evaluating path: $
23:04:24.377 [main] DEBUG com.jayway.jsonpath.internal.path.CompiledPath -- Evaluating path: $
23:04:24.378 [main] DEBUG org.apache.http.client.protocol.RequestAddCookies -- CookieSpec selected: karate
23:04:24.378 [main] DEBUG org.apache.http.client.protocol.RequestAuthCache -- Auth cache not set in the context
23:04:24.378 [main] DEBUG com.intuit.karate -- request:
1 > DELETE http://localhost:3000/likes
1 > Authorization: Bearer eyJhbGciOiJIUzI1NiIsInR5cCI6IkpXVCJ9.eyJzdWIiOiIwODUxNWIwNS0yZDNlLTQ3ODktYWQ2MC1kYjM1NTI1YTQ5NzAiLCJ1c2VybmFtZSI6Im5hbSIsInJvbGUiOjAsImlhdCI6MTc1MDQzMzEyOCwiZXhwIjoxNzUwNDM2NzI4fQ.LLNWdGI7R_rFyU4cQg2wm-V3Jq9O_6TIXzyRgCE6Uf4
1 > Content-Type: application/json; charset=UTF-8
1 > Content-Length: 47
1 > Host: localhost:3000
1 > Connection: Keep-Alive
1 > User-Agent: Apache-HttpClient/4.5.14 (Java/17.0.9)
1 > Accept-Encoding: gzip,deflate
{
  "targetId": "nonexistent-id-123",
  "type": "post"
}


23:04:24.378 [main] DEBUG org.apache.http.impl.conn.PoolingHttpClientConnectionManager -- Connection request: [route: {}->http://localhost:3000][total available: 0; route allocated: 0 of 5; total allocated: 0 of 10]
23:04:24.378 [main] DEBUG org.apache.http.impl.conn.PoolingHttpClientConnectionManager -- Connection leased: [id: 5][route: {}->http://localhost:3000][total available: 0; route allocated: 1 of 5; total allocated: 1 of 10]
23:04:24.378 [main] DEBUG org.apache.http.impl.execchain.MainClientExec -- Opening connection {}->http://localhost:3000
23:04:24.378 [main] DEBUG org.apache.http.impl.conn.DefaultHttpClientConnectionOperator -- Connecting to localhost/127.0.0.1:3000
23:04:24.379 [main] DEBUG org.apache.http.impl.conn.DefaultHttpClientConnectionOperator -- Connection established 127.0.0.1:64146<->127.0.0.1:3000
23:04:24.379 [main] DEBUG org.apache.http.impl.conn.DefaultManagedHttpClientConnection -- http-outgoing-5: set socket timeout to 5000
23:04:24.379 [main] DEBUG org.apache.http.impl.execchain.MainClientExec -- Executing request DELETE /likes HTTP/1.1
23:04:24.379 [main] DEBUG org.apache.http.impl.execchain.MainClientExec -- Proxy auth state: UNCHALLENGED
23:04:24.379 [main] DEBUG org.apache.http.headers -- http-outgoing-5 >> DELETE /likes HTTP/1.1
23:04:24.379 [main] DEBUG org.apache.http.headers -- http-outgoing-5 >> Authorization: Bearer eyJhbGciOiJIUzI1NiIsInR5cCI6IkpXVCJ9.eyJzdWIiOiIwODUxNWIwNS0yZDNlLTQ3ODktYWQ2MC1kYjM1NTI1YTQ5NzAiLCJ1c2VybmFtZSI6Im5hbSIsInJvbGUiOjAsImlhdCI6MTc1MDQzMzEyOCwiZXhwIjoxNzUwNDM2NzI4fQ.LLNWdGI7R_rFyU4cQg2wm-V3Jq9O_6TIXzyRgCE6Uf4
23:04:24.379 [main] DEBUG org.apache.http.headers -- http-outgoing-5 >> Content-Type: application/json; charset=UTF-8
23:04:24.379 [main] DEBUG org.apache.http.headers -- http-outgoing-5 >> Content-Length: 47
23:04:24.379 [main] DEBUG org.apache.http.headers -- http-outgoing-5 >> Host: localhost:3000
23:04:24.379 [main] DEBUG org.apache.http.headers -- http-outgoing-5 >> Connection: Keep-Alive
23:04:24.379 [main] DEBUG org.apache.http.headers -- http-outgoing-5 >> User-Agent: Apache-HttpClient/4.5.14 (Java/17.0.9)
23:04:24.379 [main] DEBUG org.apache.http.headers -- http-outgoing-5 >> Accept-Encoding: gzip,deflate
23:04:24.379 [main] DEBUG org.apache.http.wire -- http-outgoing-5 >> "DELETE /likes HTTP/1.1[\r][\n]"
23:04:24.379 [main] DEBUG org.apache.http.wire -- http-outgoing-5 >> "Authorization: Bearer eyJhbGciOiJIUzI1NiIsInR5cCI6IkpXVCJ9.eyJzdWIiOiIwODUxNWIwNS0yZDNlLTQ3ODktYWQ2MC1kYjM1NTI1YTQ5NzAiLCJ1c2VybmFtZSI6Im5hbSIsInJvbGUiOjAsImlhdCI6MTc1MDQzMzEyOCwiZXhwIjoxNzUwNDM2NzI4fQ.LLNWdGI7R_rFyU4cQg2wm-V3Jq9O_6TIXzyRgCE6Uf4[\r][\n]"
23:04:24.379 [main] DEBUG org.apache.http.wire -- http-outgoing-5 >> "Content-Type: application/json; charset=UTF-8[\r][\n]"
23:04:24.379 [main] DEBUG org.apache.http.wire -- http-outgoing-5 >> "Content-Length: 47[\r][\n]"
23:04:24.379 [main] DEBUG org.apache.http.wire -- http-outgoing-5 >> "Host: localhost:3000[\r][\n]"
23:04:24.379 [main] DEBUG org.apache.http.wire -- http-outgoing-5 >> "Connection: Keep-Alive[\r][\n]"
23:04:24.379 [main] DEBUG org.apache.http.wire -- http-outgoing-5 >> "User-Agent: Apache-HttpClient/4.5.14 (Java/17.0.9)[\r][\n]"
23:04:24.379 [main] DEBUG org.apache.http.wire -- http-outgoing-5 >> "Accept-Encoding: gzip,deflate[\r][\n]"
23:04:24.379 [main] DEBUG org.apache.http.wire -- http-outgoing-5 >> "[\r][\n]"
23:04:24.379 [main] DEBUG org.apache.http.wire -- http-outgoing-5 >> "{"targetId":"nonexistent-id-123","type":"post"}"
23:04:24.476 [main] DEBUG org.apache.http.wire -- http-outgoing-5 << "HTTP/1.1 200 OK[\r][\n]"
23:04:24.476 [main] DEBUG org.apache.http.wire -- http-outgoing-5 << "X-Powered-By: Express[\r][\n]"
23:04:24.476 [main] DEBUG org.apache.http.wire -- http-outgoing-5 << "Access-Control-Allow-Origin: *[\r][\n]"
23:04:24.478 [main] DEBUG org.apache.http.wire -- http-outgoing-5 << "Content-Type: application/json; charset=utf-8[\r][\n]"
23:04:24.478 [main] DEBUG org.apache.http.wire -- http-outgoing-5 << "Content-Length: 66[\r][\n]"
23:04:24.478 [main] DEBUG org.apache.http.wire -- http-outgoing-5 << "ETag: W/"42-ZW95nhVL3cRDS6oE/ew2VwZ8cMw"[\r][\n]"
23:04:24.478 [main] DEBUG org.apache.http.wire -- http-outgoing-5 << "Date: Fri, 20 Jun 2025 16:04:24 GMT[\r][\n]"
23:04:24.478 [main] DEBUG org.apache.http.wire -- http-outgoing-5 << "Connection: keep-alive[\r][\n]"
23:04:24.478 [main] DEBUG org.apache.http.wire -- http-outgoing-5 << "Keep-Alive: timeout=5[\r][\n]"
23:04:24.478 [main] DEBUG org.apache.http.wire -- http-outgoing-5 << "[\r][\n]"
23:04:24.478 [main] DEBUG org.apache.http.wire -- http-outgoing-5 << "{"message":"[0xc4][0x90][0xc3][0xa3] b[0xe1][0xbb][0x8f] th[0xc3][0xad]ch","statusCode":200,"status":"success"}"
23:04:24.478 [main] DEBUG org.apache.http.headers -- http-outgoing-5 << HTTP/1.1 200 OK
23:04:24.478 [main] DEBUG org.apache.http.headers -- http-outgoing-5 << X-Powered-By: Express
23:04:24.478 [main] DEBUG org.apache.http.headers -- http-outgoing-5 << Access-Control-Allow-Origin: *
23:04:24.478 [main] DEBUG org.apache.http.headers -- http-outgoing-5 << Content-Type: application/json; charset=utf-8
23:04:24.478 [main] DEBUG org.apache.http.headers -- http-outgoing-5 << Content-Length: 66
23:04:24.478 [main] DEBUG org.apache.http.headers -- http-outgoing-5 << ETag: W/"42-ZW95nhVL3cRDS6oE/ew2VwZ8cMw"
23:04:24.478 [main] DEBUG org.apache.http.headers -- http-outgoing-5 << Date: Fri, 20 Jun 2025 16:04:24 GMT
23:04:24.478 [main] DEBUG org.apache.http.headers -- http-outgoing-5 << Connection: keep-alive
23:04:24.478 [main] DEBUG org.apache.http.headers -- http-outgoing-5 << Keep-Alive: timeout=5
23:04:24.478 [main] DEBUG org.apache.http.impl.execchain.MainClientExec -- Connection can be kept alive for 5000 MILLISECONDS
23:04:24.478 [main] DEBUG org.apache.http.impl.conn.PoolingHttpClientConnectionManager -- Connection [id: 5][route: {}->http://localhost:3000] can be kept alive for 5.0 seconds
23:04:24.478 [main] DEBUG org.apache.http.impl.conn.DefaultManagedHttpClientConnection -- http-outgoing-5: set socket timeout to 0
23:04:24.478 [main] DEBUG org.apache.http.impl.conn.PoolingHttpClientConnectionManager -- Connection released: [id: 5][route: {}->http://localhost:3000][total available: 1; route allocated: 1 of 5; total allocated: 1 of 10]
23:04:24.478 [main] DEBUG org.apache.http.impl.conn.PoolingHttpClientConnectionManager -- Connection manager is shutting down
23:04:24.478 [main] DEBUG org.apache.http.impl.conn.DefaultManagedHttpClientConnection -- http-outgoing-5: Close connection
23:04:24.478 [main] DEBUG org.apache.http.impl.conn.PoolingHttpClientConnectionManager -- Connection manager shut down
23:04:24.478 [main] DEBUG com.intuit.karate -- response time in milliseconds: 100
1 < 200
1 < X-Powered-By: Express
1 < Access-Control-Allow-Origin: *
1 < Content-Type: application/json; charset=utf-8
1 < Content-Length: 66
1 < ETag: W/"42-ZW95nhVL3cRDS6oE/ew2VwZ8cMw"
1 < Date: Fri, 20 Jun 2025 16:04:24 GMT
1 < Connection: keep-alive
1 < Keep-Alive: timeout=5
{
  "message": "?ã b? thích",
  "statusCode": 200,
  "status": "success"
}


23:04:24.480 [main] INFO com.intuit.karate -- [print] Calling unlike API v?i bearerToken: eyJhbGciOiJIUzI1NiIsInR5cCI6IkpXVCJ9.eyJzdWIiOiIwODUxNWIwNS0yZDNlLTQ3ODktYWQ2MC1kYjM1NTI1YTQ5NzAiLCJ1c2VybmFtZSI6Im5hbSIsInJvbGUiOjAsImlhdCI6MTc1MDQzMzEyOCwiZXhwIjoxNzUwNDM2NzI4fQ.LLNWdGI7R_rFyU4cQg2wm-V3Jq9O_6TIXzyRgCE6Uf4 
23:04:24.480 [main] INFO com.intuit.karate -- [print] Request body: {
  "targetId": "nonexistent-id-123",
  "type": "post"
}
 
23:04:24.480 [main] INFO com.intuit.karate -- [print] Response status: 200 body: {
  "message": "?ã b? thích",
  "statusCode": 200,
  "status": "success"
}
 
23:04:24.482 [main] INFO com.intuit.karate -- STATUS MISMATCH - Expected: 404, Actual: 200 
23:04:24.482 [main] INFO com.intuit.karate -- Test Case Data: {
  "bearerToken": "",
  "targetId": "nonexistent-id-123",
  "testDescription": "targetId không t?n t?i",
  "expectedStatus": 404.0,
  "expectedResult": "{\"error\": \"Target not found\"}",
  "responseStatus": "404",
  "result": "{\"success\":false,\"statusCode\":404,\"message\":\"Cannot DELETE /unlikes\",\"path\":\"/unlikes\",\"timestamp\":\"2025-06-20T16:03:58.790Z\"}"
}
 
23:04:24.482 [main] INFO com.intuit.karate -- Expected Status: 404.0 
23:04:24.482 [main] INFO com.intuit.karate -- Actual Status: 200 
23:04:24.482 [main] INFO com.intuit.karate -- Test case #6 - Status: 200, Result: {"message":"?ã b? thích","statusCode":200,"status":"success"} 
23:04:24.483 [main] INFO com.intuit.karate -- ?ang ch?y test case #7: Ch?a like tr??c ?ó 
23:04:24.483 [main] INFO com.intuit.karate -- S? d?ng global bearer token t? config: eyJhbGciOiJIUzI1NiIsInR5cCI6IkpXVCJ9.eyJzdWIiOiIwODUxNWIwNS0yZDNlLTQ3ODktYWQ2MC1kYjM1NTI1YTQ5NzAiLCJ1c2VybmFtZSI6Im5hbSIsInJvbGUiOjAsImlhdCI6MTc1MDQzMzEyOCwiZXhwIjoxNzUwNDM2NzI4fQ.LLNWdGI7R_rFyU4cQg2wm-V3Jq9O_6TIXzyRgCE6Uf4 
23:04:24.490 [main] INFO com.intuit.karate -- karate.env system property was: null 
23:04:24.492 [main] DEBUG com.jayway.jsonpath.internal.path.CompiledPath -- Evaluating path: $
23:04:24.492 [main] DEBUG com.jayway.jsonpath.internal.path.CompiledPath -- Evaluating path: $
23:04:24.493 [main] DEBUG org.apache.http.client.protocol.RequestAddCookies -- CookieSpec selected: karate
23:04:24.493 [main] DEBUG org.apache.http.client.protocol.RequestAuthCache -- Auth cache not set in the context
23:04:24.493 [main] DEBUG com.intuit.karate -- request:
1 > DELETE http://localhost:3000/likes
1 > Authorization: Bearer eyJhbGciOiJIUzI1NiIsInR5cCI6IkpXVCJ9.eyJzdWIiOiIwODUxNWIwNS0yZDNlLTQ3ODktYWQ2MC1kYjM1NTI1YTQ5NzAiLCJ1c2VybmFtZSI6Im5hbSIsInJvbGUiOjAsImlhdCI6MTc1MDQzMzEyOCwiZXhwIjoxNzUwNDM2NzI4fQ.LLNWdGI7R_rFyU4cQg2wm-V3Jq9O_6TIXzyRgCE6Uf4
1 > Content-Type: application/json; charset=UTF-8
1 > Content-Length: 65
1 > Host: localhost:3000
1 > Connection: Keep-Alive
1 > User-Agent: Apache-HttpClient/4.5.14 (Java/17.0.9)
1 > Accept-Encoding: gzip,deflate
{
  "targetId": "c8161412-bc98-49ec-88ff-57b99cc2ce67",
  "type": "post"
}


23:04:24.493 [main] DEBUG org.apache.http.impl.conn.PoolingHttpClientConnectionManager -- Connection request: [route: {}->http://localhost:3000][total available: 0; route allocated: 0 of 5; total allocated: 0 of 10]
23:04:24.493 [main] DEBUG org.apache.http.impl.conn.PoolingHttpClientConnectionManager -- Connection leased: [id: 6][route: {}->http://localhost:3000][total available: 0; route allocated: 1 of 5; total allocated: 1 of 10]
23:04:24.493 [main] DEBUG org.apache.http.impl.execchain.MainClientExec -- Opening connection {}->http://localhost:3000
23:04:24.494 [main] DEBUG org.apache.http.impl.conn.DefaultHttpClientConnectionOperator -- Connecting to localhost/127.0.0.1:3000
23:04:24.494 [main] DEBUG org.apache.http.impl.conn.DefaultHttpClientConnectionOperator -- Connection established 127.0.0.1:64147<->127.0.0.1:3000
23:04:24.494 [main] DEBUG org.apache.http.impl.conn.DefaultManagedHttpClientConnection -- http-outgoing-6: set socket timeout to 5000
23:04:24.494 [main] DEBUG org.apache.http.impl.execchain.MainClientExec -- Executing request DELETE /likes HTTP/1.1
23:04:24.494 [main] DEBUG org.apache.http.impl.execchain.MainClientExec -- Proxy auth state: UNCHALLENGED
23:04:24.494 [main] DEBUG org.apache.http.headers -- http-outgoing-6 >> DELETE /likes HTTP/1.1
23:04:24.494 [main] DEBUG org.apache.http.headers -- http-outgoing-6 >> Authorization: Bearer eyJhbGciOiJIUzI1NiIsInR5cCI6IkpXVCJ9.eyJzdWIiOiIwODUxNWIwNS0yZDNlLTQ3ODktYWQ2MC1kYjM1NTI1YTQ5NzAiLCJ1c2VybmFtZSI6Im5hbSIsInJvbGUiOjAsImlhdCI6MTc1MDQzMzEyOCwiZXhwIjoxNzUwNDM2NzI4fQ.LLNWdGI7R_rFyU4cQg2wm-V3Jq9O_6TIXzyRgCE6Uf4
23:04:24.494 [main] DEBUG org.apache.http.headers -- http-outgoing-6 >> Content-Type: application/json; charset=UTF-8
23:04:24.494 [main] DEBUG org.apache.http.headers -- http-outgoing-6 >> Content-Length: 65
23:04:24.494 [main] DEBUG org.apache.http.headers -- http-outgoing-6 >> Host: localhost:3000
23:04:24.494 [main] DEBUG org.apache.http.headers -- http-outgoing-6 >> Connection: Keep-Alive
23:04:24.494 [main] DEBUG org.apache.http.headers -- http-outgoing-6 >> User-Agent: Apache-HttpClient/4.5.14 (Java/17.0.9)
23:04:24.494 [main] DEBUG org.apache.http.headers -- http-outgoing-6 >> Accept-Encoding: gzip,deflate
23:04:24.494 [main] DEBUG org.apache.http.wire -- http-outgoing-6 >> "DELETE /likes HTTP/1.1[\r][\n]"
23:04:24.494 [main] DEBUG org.apache.http.wire -- http-outgoing-6 >> "Authorization: Bearer eyJhbGciOiJIUzI1NiIsInR5cCI6IkpXVCJ9.eyJzdWIiOiIwODUxNWIwNS0yZDNlLTQ3ODktYWQ2MC1kYjM1NTI1YTQ5NzAiLCJ1c2VybmFtZSI6Im5hbSIsInJvbGUiOjAsImlhdCI6MTc1MDQzMzEyOCwiZXhwIjoxNzUwNDM2NzI4fQ.LLNWdGI7R_rFyU4cQg2wm-V3Jq9O_6TIXzyRgCE6Uf4[\r][\n]"
23:04:24.494 [main] DEBUG org.apache.http.wire -- http-outgoing-6 >> "Content-Type: application/json; charset=UTF-8[\r][\n]"
23:04:24.494 [main] DEBUG org.apache.http.wire -- http-outgoing-6 >> "Content-Length: 65[\r][\n]"
23:04:24.494 [main] DEBUG org.apache.http.wire -- http-outgoing-6 >> "Host: localhost:3000[\r][\n]"
23:04:24.494 [main] DEBUG org.apache.http.wire -- http-outgoing-6 >> "Connection: Keep-Alive[\r][\n]"
23:04:24.494 [main] DEBUG org.apache.http.wire -- http-outgoing-6 >> "User-Agent: Apache-HttpClient/4.5.14 (Java/17.0.9)[\r][\n]"
23:04:24.494 [main] DEBUG org.apache.http.wire -- http-outgoing-6 >> "Accept-Encoding: gzip,deflate[\r][\n]"
23:04:24.494 [main] DEBUG org.apache.http.wire -- http-outgoing-6 >> "[\r][\n]"
23:04:24.495 [main] DEBUG org.apache.http.wire -- http-outgoing-6 >> "{"targetId":"c8161412-bc98-49ec-88ff-57b99cc2ce67","type":"post"}"
23:04:24.558 [main] DEBUG org.apache.http.wire -- http-outgoing-6 << "HTTP/1.1 404 Not Found[\r][\n]"
23:04:24.558 [main] DEBUG org.apache.http.wire -- http-outgoing-6 << "X-Powered-By: Express[\r][\n]"
23:04:24.558 [main] DEBUG org.apache.http.wire -- http-outgoing-6 << "Access-Control-Allow-Origin: *[\r][\n]"
23:04:24.558 [main] DEBUG org.apache.http.wire -- http-outgoing-6 << "Content-Type: application/json; charset=utf-8[\r][\n]"
23:04:24.558 [main] DEBUG org.apache.http.wire -- http-outgoing-6 << "Content-Length: 135[\r][\n]"
23:04:24.558 [main] DEBUG org.apache.http.wire -- http-outgoing-6 << "ETag: W/"87-Z1lEht8A9wlrh2QhNv7khPhuxUY"[\r][\n]"
23:04:24.558 [main] DEBUG org.apache.http.wire -- http-outgoing-6 << "Date: Fri, 20 Jun 2025 16:04:24 GMT[\r][\n]"
23:04:24.559 [main] DEBUG org.apache.http.wire -- http-outgoing-6 << "Connection: keep-alive[\r][\n]"
23:04:24.559 [main] DEBUG org.apache.http.wire -- http-outgoing-6 << "Keep-Alive: timeout=5[\r][\n]"
23:04:24.559 [main] DEBUG org.apache.http.wire -- http-outgoing-6 << "[\r][\n]"
23:04:24.559 [main] DEBUG org.apache.http.wire -- http-outgoing-6 << "{"success":false,"statusCode":404,"message":"Kh[0xc3][0xb4]ng t[0xc3][0xac]m th[0xe1][0xba][0xa5]y l[0xc6][0xb0][0xe1][0xbb][0xa3]t th[0xc3][0xad]ch","path":"/likes","timestamp":"2025-06-20T16:04:24.558Z"}"
23:04:24.559 [main] DEBUG org.apache.http.headers -- http-outgoing-6 << HTTP/1.1 404 Not Found
23:04:24.559 [main] DEBUG org.apache.http.headers -- http-outgoing-6 << X-Powered-By: Express
23:04:24.559 [main] DEBUG org.apache.http.headers -- http-outgoing-6 << Access-Control-Allow-Origin: *
23:04:24.559 [main] DEBUG org.apache.http.headers -- http-outgoing-6 << Content-Type: application/json; charset=utf-8
23:04:24.559 [main] DEBUG org.apache.http.headers -- http-outgoing-6 << Content-Length: 135
23:04:24.559 [main] DEBUG org.apache.http.headers -- http-outgoing-6 << ETag: W/"87-Z1lEht8A9wlrh2QhNv7khPhuxUY"
23:04:24.559 [main] DEBUG org.apache.http.headers -- http-outgoing-6 << Date: Fri, 20 Jun 2025 16:04:24 GMT
23:04:24.559 [main] DEBUG org.apache.http.headers -- http-outgoing-6 << Connection: keep-alive
23:04:24.559 [main] DEBUG org.apache.http.headers -- http-outgoing-6 << Keep-Alive: timeout=5
23:04:24.560 [main] DEBUG org.apache.http.impl.execchain.MainClientExec -- Connection can be kept alive for 5000 MILLISECONDS
23:04:24.560 [main] DEBUG org.apache.http.impl.conn.PoolingHttpClientConnectionManager -- Connection [id: 6][route: {}->http://localhost:3000] can be kept alive for 5.0 seconds
23:04:24.560 [main] DEBUG org.apache.http.impl.conn.DefaultManagedHttpClientConnection -- http-outgoing-6: set socket timeout to 0
23:04:24.560 [main] DEBUG org.apache.http.impl.conn.PoolingHttpClientConnectionManager -- Connection released: [id: 6][route: {}->http://localhost:3000][total available: 1; route allocated: 1 of 5; total allocated: 1 of 10]
23:04:24.560 [main] DEBUG org.apache.http.impl.conn.PoolingHttpClientConnectionManager -- Connection manager is shutting down
23:04:24.560 [main] DEBUG org.apache.http.impl.conn.DefaultManagedHttpClientConnection -- http-outgoing-6: Close connection
23:04:24.560 [main] DEBUG org.apache.http.impl.conn.PoolingHttpClientConnectionManager -- Connection manager shut down
23:04:24.560 [main] DEBUG com.intuit.karate -- response time in milliseconds: 67
1 < 404
1 < X-Powered-By: Express
1 < Access-Control-Allow-Origin: *
1 < Content-Type: application/json; charset=utf-8
1 < Content-Length: 135
1 < ETag: W/"87-Z1lEht8A9wlrh2QhNv7khPhuxUY"
1 < Date: Fri, 20 Jun 2025 16:04:24 GMT
1 < Connection: keep-alive
1 < Keep-Alive: timeout=5
{
  "success": false,
  "statusCode": 404,
  "message": "Không tìm th?y l??t thích",
  "path": "/likes",
  "timestamp": "2025-06-20T16:04:24.558Z"
}


23:04:24.561 [main] INFO com.intuit.karate -- [print] Calling unlike API v?i bearerToken: eyJhbGciOiJIUzI1NiIsInR5cCI6IkpXVCJ9.eyJzdWIiOiIwODUxNWIwNS0yZDNlLTQ3ODktYWQ2MC1kYjM1NTI1YTQ5NzAiLCJ1c2VybmFtZSI6Im5hbSIsInJvbGUiOjAsImlhdCI6MTc1MDQzMzEyOCwiZXhwIjoxNzUwNDM2NzI4fQ.LLNWdGI7R_rFyU4cQg2wm-V3Jq9O_6TIXzyRgCE6Uf4 
23:04:24.561 [main] INFO com.intuit.karate -- [print] Request body: {
  "targetId": "c8161412-bc98-49ec-88ff-57b99cc2ce67",
  "type": "post"
}
 
23:04:24.562 [main] INFO com.intuit.karate -- [print] Response status: 404 body: {
  "success": false,
  "statusCode": 404,
  "message": "Không tìm th?y l??t thích",
  "path": "/likes",
  "timestamp": "2025-06-20T16:04:24.558Z"
}
 
23:04:24.562 [main] INFO com.intuit.karate -- STATUS MISMATCH - Expected: 400, Actual: 404 
23:04:24.562 [main] INFO com.intuit.karate -- Test Case Data: {
  "bearerToken": "",
  "targetId": "c8161412-bc98-49ec-88ff-57b99cc2ce67",
  "testDescription": "Ch?a like tr??c ?ó",
  "expectedStatus": 400.0,
  "expectedResult": "{\"error\": \"Not liked yet\"}",
  "responseStatus": "404",
  "result": "{\"success\":false,\"statusCode\":404,\"message\":\"Cannot DELETE /unlikes\",\"path\":\"/unlikes\",\"timestamp\":\"2025-06-20T16:03:58.814Z\"}"
}
 
23:04:24.563 [main] INFO com.intuit.karate -- Expected Status: 400.0 
23:04:24.563 [main] INFO com.intuit.karate -- Actual Status: 404 
23:04:24.563 [main] INFO com.intuit.karate -- Test case #7 - Status: 404, Result: {"success":false,"statusCode":404,"message":"Không tìm th?y l??t thích","path":"/likes","timestamp":"2025-06-20T16:04:24.558Z"} 
23:04:24.563 [main] INFO com.intuit.karate -- ?ang ch?y test case #8: targetId không h?p l? format 
23:04:24.564 [main] INFO com.intuit.karate -- S? d?ng global bearer token t? config: eyJhbGciOiJIUzI1NiIsInR5cCI6IkpXVCJ9.eyJzdWIiOiIwODUxNWIwNS0yZDNlLTQ3ODktYWQ2MC1kYjM1NTI1YTQ5NzAiLCJ1c2VybmFtZSI6Im5hbSIsInJvbGUiOjAsImlhdCI6MTc1MDQzMzEyOCwiZXhwIjoxNzUwNDM2NzI4fQ.LLNWdGI7R_rFyU4cQg2wm-V3Jq9O_6TIXzyRgCE6Uf4 
23:04:24.570 [main] INFO com.intuit.karate -- karate.env system property was: null 
23:04:24.571 [main] DEBUG com.jayway.jsonpath.internal.path.CompiledPath -- Evaluating path: $
23:04:24.571 [main] DEBUG com.jayway.jsonpath.internal.path.CompiledPath -- Evaluating path: $
23:04:24.572 [main] DEBUG org.apache.http.client.protocol.RequestAddCookies -- CookieSpec selected: karate
23:04:24.572 [main] DEBUG org.apache.http.client.protocol.RequestAuthCache -- Auth cache not set in the context
23:04:24.572 [main] DEBUG com.intuit.karate -- request:
1 > DELETE http://localhost:3000/likes
1 > Authorization: Bearer eyJhbGciOiJIUzI1NiIsInR5cCI6IkpXVCJ9.eyJzdWIiOiIwODUxNWIwNS0yZDNlLTQ3ODktYWQ2MC1kYjM1NTI1YTQ5NzAiLCJ1c2VybmFtZSI6Im5hbSIsInJvbGUiOjAsImlhdCI6MTc1MDQzMzEyOCwiZXhwIjoxNzUwNDM2NzI4fQ.LLNWdGI7R_rFyU4cQg2wm-V3Jq9O_6TIXzyRgCE6Uf4
1 > Content-Type: application/json; charset=UTF-8
1 > Content-Length: 42
1 > Host: localhost:3000
1 > Connection: Keep-Alive
1 > User-Agent: Apache-HttpClient/4.5.14 (Java/17.0.9)
1 > Accept-Encoding: gzip,deflate
{
  "targetId": "invalid_id!@#",
  "type": "post"
}


23:04:24.574 [main] DEBUG org.apache.http.impl.conn.PoolingHttpClientConnectionManager -- Connection request: [route: {}->http://localhost:3000][total available: 0; route allocated: 0 of 5; total allocated: 0 of 10]
23:04:24.574 [main] DEBUG org.apache.http.impl.conn.PoolingHttpClientConnectionManager -- Connection leased: [id: 7][route: {}->http://localhost:3000][total available: 0; route allocated: 1 of 5; total allocated: 1 of 10]
23:04:24.574 [main] DEBUG org.apache.http.impl.execchain.MainClientExec -- Opening connection {}->http://localhost:3000
23:04:24.574 [main] DEBUG org.apache.http.impl.conn.DefaultHttpClientConnectionOperator -- Connecting to localhost/127.0.0.1:3000
23:04:24.574 [main] DEBUG org.apache.http.impl.conn.DefaultHttpClientConnectionOperator -- Connection established 127.0.0.1:64148<->127.0.0.1:3000
23:04:24.574 [main] DEBUG org.apache.http.impl.conn.DefaultManagedHttpClientConnection -- http-outgoing-7: set socket timeout to 5000
23:04:24.574 [main] DEBUG org.apache.http.impl.execchain.MainClientExec -- Executing request DELETE /likes HTTP/1.1
23:04:24.574 [main] DEBUG org.apache.http.impl.execchain.MainClientExec -- Proxy auth state: UNCHALLENGED
23:04:24.574 [main] DEBUG org.apache.http.headers -- http-outgoing-7 >> DELETE /likes HTTP/1.1
23:04:24.575 [main] DEBUG org.apache.http.headers -- http-outgoing-7 >> Authorization: Bearer eyJhbGciOiJIUzI1NiIsInR5cCI6IkpXVCJ9.eyJzdWIiOiIwODUxNWIwNS0yZDNlLTQ3ODktYWQ2MC1kYjM1NTI1YTQ5NzAiLCJ1c2VybmFtZSI6Im5hbSIsInJvbGUiOjAsImlhdCI6MTc1MDQzMzEyOCwiZXhwIjoxNzUwNDM2NzI4fQ.LLNWdGI7R_rFyU4cQg2wm-V3Jq9O_6TIXzyRgCE6Uf4
23:04:24.575 [main] DEBUG org.apache.http.headers -- http-outgoing-7 >> Content-Type: application/json; charset=UTF-8
23:04:24.575 [main] DEBUG org.apache.http.headers -- http-outgoing-7 >> Content-Length: 42
23:04:24.575 [main] DEBUG org.apache.http.headers -- http-outgoing-7 >> Host: localhost:3000
23:04:24.575 [main] DEBUG org.apache.http.headers -- http-outgoing-7 >> Connection: Keep-Alive
23:04:24.575 [main] DEBUG org.apache.http.headers -- http-outgoing-7 >> User-Agent: Apache-HttpClient/4.5.14 (Java/17.0.9)
23:04:24.575 [main] DEBUG org.apache.http.headers -- http-outgoing-7 >> Accept-Encoding: gzip,deflate
23:04:24.575 [main] DEBUG org.apache.http.wire -- http-outgoing-7 >> "DELETE /likes HTTP/1.1[\r][\n]"
23:04:24.575 [main] DEBUG org.apache.http.wire -- http-outgoing-7 >> "Authorization: Bearer eyJhbGciOiJIUzI1NiIsInR5cCI6IkpXVCJ9.eyJzdWIiOiIwODUxNWIwNS0yZDNlLTQ3ODktYWQ2MC1kYjM1NTI1YTQ5NzAiLCJ1c2VybmFtZSI6Im5hbSIsInJvbGUiOjAsImlhdCI6MTc1MDQzMzEyOCwiZXhwIjoxNzUwNDM2NzI4fQ.LLNWdGI7R_rFyU4cQg2wm-V3Jq9O_6TIXzyRgCE6Uf4[\r][\n]"
23:04:24.575 [main] DEBUG org.apache.http.wire -- http-outgoing-7 >> "Content-Type: application/json; charset=UTF-8[\r][\n]"
23:04:24.575 [main] DEBUG org.apache.http.wire -- http-outgoing-7 >> "Content-Length: 42[\r][\n]"
23:04:24.575 [main] DEBUG org.apache.http.wire -- http-outgoing-7 >> "Host: localhost:3000[\r][\n]"
23:04:24.575 [main] DEBUG org.apache.http.wire -- http-outgoing-7 >> "Connection: Keep-Alive[\r][\n]"
23:04:24.575 [main] DEBUG org.apache.http.wire -- http-outgoing-7 >> "User-Agent: Apache-HttpClient/4.5.14 (Java/17.0.9)[\r][\n]"
23:04:24.575 [main] DEBUG org.apache.http.wire -- http-outgoing-7 >> "Accept-Encoding: gzip,deflate[\r][\n]"
23:04:24.575 [main] DEBUG org.apache.http.wire -- http-outgoing-7 >> "[\r][\n]"
23:04:24.575 [main] DEBUG org.apache.http.wire -- http-outgoing-7 >> "{"targetId":"invalid_id!@#","type":"post"}"
23:04:24.661 [main] DEBUG org.apache.http.wire -- http-outgoing-7 << "HTTP/1.1 200 OK[\r][\n]"
23:04:24.661 [main] DEBUG org.apache.http.wire -- http-outgoing-7 << "X-Powered-By: Express[\r][\n]"
23:04:24.661 [main] DEBUG org.apache.http.wire -- http-outgoing-7 << "Access-Control-Allow-Origin: *[\r][\n]"
23:04:24.661 [main] DEBUG org.apache.http.wire -- http-outgoing-7 << "Content-Type: application/json; charset=utf-8[\r][\n]"
23:04:24.661 [main] DEBUG org.apache.http.wire -- http-outgoing-7 << "Content-Length: 66[\r][\n]"
23:04:24.661 [main] DEBUG org.apache.http.wire -- http-outgoing-7 << "ETag: W/"42-ZW95nhVL3cRDS6oE/ew2VwZ8cMw"[\r][\n]"
23:04:24.661 [main] DEBUG org.apache.http.wire -- http-outgoing-7 << "Date: Fri, 20 Jun 2025 16:04:24 GMT[\r][\n]"
23:04:24.661 [main] DEBUG org.apache.http.wire -- http-outgoing-7 << "Connection: keep-alive[\r][\n]"
23:04:24.661 [main] DEBUG org.apache.http.wire -- http-outgoing-7 << "Keep-Alive: timeout=5[\r][\n]"
23:04:24.661 [main] DEBUG org.apache.http.wire -- http-outgoing-7 << "[\r][\n]"
23:04:24.661 [main] DEBUG org.apache.http.wire -- http-outgoing-7 << "{"message":"[0xc4][0x90][0xc3][0xa3] b[0xe1][0xbb][0x8f] th[0xc3][0xad]ch","statusCode":200,"status":"success"}"
23:04:24.661 [main] DEBUG org.apache.http.headers -- http-outgoing-7 << HTTP/1.1 200 OK
23:04:24.661 [main] DEBUG org.apache.http.headers -- http-outgoing-7 << X-Powered-By: Express
23:04:24.661 [main] DEBUG org.apache.http.headers -- http-outgoing-7 << Access-Control-Allow-Origin: *
23:04:24.661 [main] DEBUG org.apache.http.headers -- http-outgoing-7 << Content-Type: application/json; charset=utf-8
23:04:24.661 [main] DEBUG org.apache.http.headers -- http-outgoing-7 << Content-Length: 66
23:04:24.661 [main] DEBUG org.apache.http.headers -- http-outgoing-7 << ETag: W/"42-ZW95nhVL3cRDS6oE/ew2VwZ8cMw"
23:04:24.661 [main] DEBUG org.apache.http.headers -- http-outgoing-7 << Date: Fri, 20 Jun 2025 16:04:24 GMT
23:04:24.661 [main] DEBUG org.apache.http.headers -- http-outgoing-7 << Connection: keep-alive
23:04:24.661 [main] DEBUG org.apache.http.headers -- http-outgoing-7 << Keep-Alive: timeout=5
23:04:24.662 [main] DEBUG org.apache.http.impl.execchain.MainClientExec -- Connection can be kept alive for 5000 MILLISECONDS
23:04:24.662 [main] DEBUG org.apache.http.impl.conn.PoolingHttpClientConnectionManager -- Connection [id: 7][route: {}->http://localhost:3000] can be kept alive for 5.0 seconds
23:04:24.662 [main] DEBUG org.apache.http.impl.conn.DefaultManagedHttpClientConnection -- http-outgoing-7: set socket timeout to 0
23:04:24.662 [main] DEBUG org.apache.http.impl.conn.PoolingHttpClientConnectionManager -- Connection released: [id: 7][route: {}->http://localhost:3000][total available: 1; route allocated: 1 of 5; total allocated: 1 of 10]
23:04:24.662 [main] DEBUG org.apache.http.impl.conn.PoolingHttpClientConnectionManager -- Connection manager is shutting down
23:04:24.662 [main] DEBUG org.apache.http.impl.conn.DefaultManagedHttpClientConnection -- http-outgoing-7: Close connection
23:04:24.662 [main] DEBUG org.apache.http.impl.conn.PoolingHttpClientConnectionManager -- Connection manager shut down
23:04:24.662 [main] DEBUG com.intuit.karate -- response time in milliseconds: 88
1 < 200
1 < X-Powered-By: Express
1 < Access-Control-Allow-Origin: *
1 < Content-Type: application/json; charset=utf-8
1 < Content-Length: 66
1 < ETag: W/"42-ZW95nhVL3cRDS6oE/ew2VwZ8cMw"
1 < Date: Fri, 20 Jun 2025 16:04:24 GMT
1 < Connection: keep-alive
1 < Keep-Alive: timeout=5
{
  "message": "?ã b? thích",
  "statusCode": 200,
  "status": "success"
}


23:04:24.663 [main] INFO com.intuit.karate -- [print] Calling unlike API v?i bearerToken: eyJhbGciOiJIUzI1NiIsInR5cCI6IkpXVCJ9.eyJzdWIiOiIwODUxNWIwNS0yZDNlLTQ3ODktYWQ2MC1kYjM1NTI1YTQ5NzAiLCJ1c2VybmFtZSI6Im5hbSIsInJvbGUiOjAsImlhdCI6MTc1MDQzMzEyOCwiZXhwIjoxNzUwNDM2NzI4fQ.LLNWdGI7R_rFyU4cQg2wm-V3Jq9O_6TIXzyRgCE6Uf4 
23:04:24.663 [main] INFO com.intuit.karate -- [print] Request body: {
  "targetId": "invalid_id!@#",
  "type": "post"
}
 
23:04:24.663 [main] INFO com.intuit.karate -- [print] Response status: 200 body: {
  "message": "?ã b? thích",
  "statusCode": 200,
  "status": "success"
}
 
23:04:24.664 [main] INFO com.intuit.karate -- STATUS MISMATCH - Expected: 400, Actual: 200 
23:04:24.664 [main] INFO com.intuit.karate -- Test Case Data: {
  "bearerToken": "",
  "targetId": "invalid_id!@#",
  "testDescription": "targetId không h?p l? format",
  "expectedStatus": 400.0,
  "expectedResult": "{\"error\": \"Invalid targetId format\"}",
  "responseStatus": "404",
  "result": "{\"success\":false,\"statusCode\":404,\"message\":\"Cannot DELETE /unlikes\",\"path\":\"/unlikes\",\"timestamp\":\"2025-06-20T16:03:58.834Z\"}"
}
 
23:04:24.664 [main] INFO com.intuit.karate -- Expected Status: 400.0 
23:04:24.664 [main] INFO com.intuit.karate -- Actual Status: 200 
23:04:24.664 [main] INFO com.intuit.karate -- Test case #8 - Status: 200, Result: {"message":"?ã b? thích","statusCode":200,"status":"success"} 
23:04:24.665 [main] INFO com.intuit.karate -- ?ang ch?y test case #9: Ki?m tra SQL Injection trong targetId 
23:04:24.665 [main] INFO com.intuit.karate -- S? d?ng global bearer token t? config: eyJhbGciOiJIUzI1NiIsInR5cCI6IkpXVCJ9.eyJzdWIiOiIwODUxNWIwNS0yZDNlLTQ3ODktYWQ2MC1kYjM1NTI1YTQ5NzAiLCJ1c2VybmFtZSI6Im5hbSIsInJvbGUiOjAsImlhdCI6MTc1MDQzMzEyOCwiZXhwIjoxNzUwNDM2NzI4fQ.LLNWdGI7R_rFyU4cQg2wm-V3Jq9O_6TIXzyRgCE6Uf4 
23:04:24.672 [main] INFO com.intuit.karate -- karate.env system property was: null 
23:04:24.673 [main] DEBUG com.jayway.jsonpath.internal.path.CompiledPath -- Evaluating path: $
23:04:24.673 [main] DEBUG com.jayway.jsonpath.internal.path.CompiledPath -- Evaluating path: $
23:04:24.674 [main] DEBUG org.apache.http.client.protocol.RequestAddCookies -- CookieSpec selected: karate
23:04:24.674 [main] DEBUG org.apache.http.client.protocol.RequestAuthCache -- Auth cache not set in the context
23:04:24.674 [main] DEBUG com.intuit.karate -- request:
1 > DELETE http://localhost:3000/likes
1 > Authorization: Bearer eyJhbGciOiJIUzI1NiIsInR5cCI6IkpXVCJ9.eyJzdWIiOiIwODUxNWIwNS0yZDNlLTQ3ODktYWQ2MC1kYjM1NTI1YTQ5NzAiLCJ1c2VybmFtZSI6Im5hbSIsInJvbGUiOjAsImlhdCI6MTc1MDQzMzEyOCwiZXhwIjoxNzUwNDM2NzI4fQ.LLNWdGI7R_rFyU4cQg2wm-V3Jq9O_6TIXzyRgCE6Uf4
1 > Content-Type: application/json; charset=UTF-8
1 > Content-Length: 49
1 > Host: localhost:3000
1 > Connection: Keep-Alive
1 > User-Agent: Apache-HttpClient/4.5.14 (Java/17.0.9)
1 > Accept-Encoding: gzip,deflate
{
  "targetId": "target123' OR '1'='1",
  "type": "post"
}


23:04:24.674 [main] DEBUG org.apache.http.impl.conn.PoolingHttpClientConnectionManager -- Connection request: [route: {}->http://localhost:3000][total available: 0; route allocated: 0 of 5; total allocated: 0 of 10]
23:04:24.674 [main] DEBUG org.apache.http.impl.conn.PoolingHttpClientConnectionManager -- Connection leased: [id: 8][route: {}->http://localhost:3000][total available: 0; route allocated: 1 of 5; total allocated: 1 of 10]
23:04:24.674 [main] DEBUG org.apache.http.impl.execchain.MainClientExec -- Opening connection {}->http://localhost:3000
23:04:24.674 [main] DEBUG org.apache.http.impl.conn.DefaultHttpClientConnectionOperator -- Connecting to localhost/127.0.0.1:3000
23:04:24.675 [main] DEBUG org.apache.http.impl.conn.DefaultHttpClientConnectionOperator -- Connection established 127.0.0.1:64149<->127.0.0.1:3000
23:04:24.675 [main] DEBUG org.apache.http.impl.conn.DefaultManagedHttpClientConnection -- http-outgoing-8: set socket timeout to 5000
23:04:24.675 [main] DEBUG org.apache.http.impl.execchain.MainClientExec -- Executing request DELETE /likes HTTP/1.1
23:04:24.675 [main] DEBUG org.apache.http.impl.execchain.MainClientExec -- Proxy auth state: UNCHALLENGED
23:04:24.675 [main] DEBUG org.apache.http.headers -- http-outgoing-8 >> DELETE /likes HTTP/1.1
23:04:24.675 [main] DEBUG org.apache.http.headers -- http-outgoing-8 >> Authorization: Bearer eyJhbGciOiJIUzI1NiIsInR5cCI6IkpXVCJ9.eyJzdWIiOiIwODUxNWIwNS0yZDNlLTQ3ODktYWQ2MC1kYjM1NTI1YTQ5NzAiLCJ1c2VybmFtZSI6Im5hbSIsInJvbGUiOjAsImlhdCI6MTc1MDQzMzEyOCwiZXhwIjoxNzUwNDM2NzI4fQ.LLNWdGI7R_rFyU4cQg2wm-V3Jq9O_6TIXzyRgCE6Uf4
23:04:24.675 [main] DEBUG org.apache.http.headers -- http-outgoing-8 >> Content-Type: application/json; charset=UTF-8
23:04:24.675 [main] DEBUG org.apache.http.headers -- http-outgoing-8 >> Content-Length: 49
23:04:24.675 [main] DEBUG org.apache.http.headers -- http-outgoing-8 >> Host: localhost:3000
23:04:24.675 [main] DEBUG org.apache.http.headers -- http-outgoing-8 >> Connection: Keep-Alive
23:04:24.675 [main] DEBUG org.apache.http.headers -- http-outgoing-8 >> User-Agent: Apache-HttpClient/4.5.14 (Java/17.0.9)
23:04:24.675 [main] DEBUG org.apache.http.headers -- http-outgoing-8 >> Accept-Encoding: gzip,deflate
23:04:24.675 [main] DEBUG org.apache.http.wire -- http-outgoing-8 >> "DELETE /likes HTTP/1.1[\r][\n]"
23:04:24.675 [main] DEBUG org.apache.http.wire -- http-outgoing-8 >> "Authorization: Bearer eyJhbGciOiJIUzI1NiIsInR5cCI6IkpXVCJ9.eyJzdWIiOiIwODUxNWIwNS0yZDNlLTQ3ODktYWQ2MC1kYjM1NTI1YTQ5NzAiLCJ1c2VybmFtZSI6Im5hbSIsInJvbGUiOjAsImlhdCI6MTc1MDQzMzEyOCwiZXhwIjoxNzUwNDM2NzI4fQ.LLNWdGI7R_rFyU4cQg2wm-V3Jq9O_6TIXzyRgCE6Uf4[\r][\n]"
23:04:24.675 [main] DEBUG org.apache.http.wire -- http-outgoing-8 >> "Content-Type: application/json; charset=UTF-8[\r][\n]"
23:04:24.675 [main] DEBUG org.apache.http.wire -- http-outgoing-8 >> "Content-Length: 49[\r][\n]"
23:04:24.675 [main] DEBUG org.apache.http.wire -- http-outgoing-8 >> "Host: localhost:3000[\r][\n]"
23:04:24.675 [main] DEBUG org.apache.http.wire -- http-outgoing-8 >> "Connection: Keep-Alive[\r][\n]"
23:04:24.675 [main] DEBUG org.apache.http.wire -- http-outgoing-8 >> "User-Agent: Apache-HttpClient/4.5.14 (Java/17.0.9)[\r][\n]"
23:04:24.675 [main] DEBUG org.apache.http.wire -- http-outgoing-8 >> "Accept-Encoding: gzip,deflate[\r][\n]"
23:04:24.675 [main] DEBUG org.apache.http.wire -- http-outgoing-8 >> "[\r][\n]"
23:04:24.675 [main] DEBUG org.apache.http.wire -- http-outgoing-8 >> "{"targetId":"target123' OR '1'='1","type":"post"}"
23:04:24.757 [main] DEBUG org.apache.http.wire -- http-outgoing-8 << "HTTP/1.1 200 OK[\r][\n]"
23:04:24.757 [main] DEBUG org.apache.http.wire -- http-outgoing-8 << "X-Powered-By: Express[\r][\n]"
23:04:24.757 [main] DEBUG org.apache.http.wire -- http-outgoing-8 << "Access-Control-Allow-Origin: *[\r][\n]"
23:04:24.758 [main] DEBUG org.apache.http.wire -- http-outgoing-8 << "Content-Type: application/json; charset=utf-8[\r][\n]"
23:04:24.758 [main] DEBUG org.apache.http.wire -- http-outgoing-8 << "Content-Length: 66[\r][\n]"
23:04:24.758 [main] DEBUG org.apache.http.wire -- http-outgoing-8 << "ETag: W/"42-ZW95nhVL3cRDS6oE/ew2VwZ8cMw"[\r][\n]"
23:04:24.758 [main] DEBUG org.apache.http.wire -- http-outgoing-8 << "Date: Fri, 20 Jun 2025 16:04:24 GMT[\r][\n]"
23:04:24.758 [main] DEBUG org.apache.http.wire -- http-outgoing-8 << "Connection: keep-alive[\r][\n]"
23:04:24.758 [main] DEBUG org.apache.http.wire -- http-outgoing-8 << "Keep-Alive: timeout=5[\r][\n]"
23:04:24.758 [main] DEBUG org.apache.http.wire -- http-outgoing-8 << "[\r][\n]"
23:04:24.758 [main] DEBUG org.apache.http.wire -- http-outgoing-8 << "{"message":"[0xc4][0x90][0xc3][0xa3] b[0xe1][0xbb][0x8f] th[0xc3][0xad]ch","statusCode":200,"status":"success"}"
23:04:24.758 [main] DEBUG org.apache.http.headers -- http-outgoing-8 << HTTP/1.1 200 OK
23:04:24.758 [main] DEBUG org.apache.http.headers -- http-outgoing-8 << X-Powered-By: Express
23:04:24.758 [main] DEBUG org.apache.http.headers -- http-outgoing-8 << Access-Control-Allow-Origin: *
23:04:24.758 [main] DEBUG org.apache.http.headers -- http-outgoing-8 << Content-Type: application/json; charset=utf-8
23:04:24.758 [main] DEBUG org.apache.http.headers -- http-outgoing-8 << Content-Length: 66
23:04:24.758 [main] DEBUG org.apache.http.headers -- http-outgoing-8 << ETag: W/"42-ZW95nhVL3cRDS6oE/ew2VwZ8cMw"
23:04:24.758 [main] DEBUG org.apache.http.headers -- http-outgoing-8 << Date: Fri, 20 Jun 2025 16:04:24 GMT
23:04:24.758 [main] DEBUG org.apache.http.headers -- http-outgoing-8 << Connection: keep-alive
23:04:24.758 [main] DEBUG org.apache.http.headers -- http-outgoing-8 << Keep-Alive: timeout=5
23:04:24.758 [main] DEBUG org.apache.http.impl.execchain.MainClientExec -- Connection can be kept alive for 5000 MILLISECONDS
23:04:24.758 [main] DEBUG org.apache.http.impl.conn.PoolingHttpClientConnectionManager -- Connection [id: 8][route: {}->http://localhost:3000] can be kept alive for 5.0 seconds
23:04:24.758 [main] DEBUG org.apache.http.impl.conn.DefaultManagedHttpClientConnection -- http-outgoing-8: set socket timeout to 0
23:04:24.758 [main] DEBUG org.apache.http.impl.conn.PoolingHttpClientConnectionManager -- Connection released: [id: 8][route: {}->http://localhost:3000][total available: 1; route allocated: 1 of 5; total allocated: 1 of 10]
23:04:24.758 [main] DEBUG org.apache.http.impl.conn.PoolingHttpClientConnectionManager -- Connection manager is shutting down
23:04:24.758 [main] DEBUG org.apache.http.impl.conn.DefaultManagedHttpClientConnection -- http-outgoing-8: Close connection
23:04:24.758 [main] DEBUG org.apache.http.impl.conn.PoolingHttpClientConnectionManager -- Connection manager shut down
23:04:24.758 [main] DEBUG com.intuit.karate -- response time in milliseconds: 84
1 < 200
1 < X-Powered-By: Express
1 < Access-Control-Allow-Origin: *
1 < Content-Type: application/json; charset=utf-8
1 < Content-Length: 66
1 < ETag: W/"42-ZW95nhVL3cRDS6oE/ew2VwZ8cMw"
1 < Date: Fri, 20 Jun 2025 16:04:24 GMT
1 < Connection: keep-alive
1 < Keep-Alive: timeout=5
{
  "message": "?ã b? thích",
  "statusCode": 200,
  "status": "success"
}


23:04:24.759 [main] INFO com.intuit.karate -- [print] Calling unlike API v?i bearerToken: eyJhbGciOiJIUzI1NiIsInR5cCI6IkpXVCJ9.eyJzdWIiOiIwODUxNWIwNS0yZDNlLTQ3ODktYWQ2MC1kYjM1NTI1YTQ5NzAiLCJ1c2VybmFtZSI6Im5hbSIsInJvbGUiOjAsImlhdCI6MTc1MDQzMzEyOCwiZXhwIjoxNzUwNDM2NzI4fQ.LLNWdGI7R_rFyU4cQg2wm-V3Jq9O_6TIXzyRgCE6Uf4 
23:04:24.759 [main] INFO com.intuit.karate -- [print] Request body: {
  "targetId": "target123' OR '1'='1",
  "type": "post"
}
 
23:04:24.760 [main] INFO com.intuit.karate -- [print] Response status: 200 body: {
  "message": "?ã b? thích",
  "statusCode": 200,
  "status": "success"
}
 
23:04:24.760 [main] INFO com.intuit.karate -- STATUS MISMATCH - Expected: 400, Actual: 200 
23:04:24.760 [main] INFO com.intuit.karate -- Test Case Data: {
  "bearerToken": "",
  "targetId": "target123' OR '1'='1",
  "testDescription": "Ki?m tra SQL Injection trong targetId",
  "expectedStatus": 400.0,
  "expectedResult": "{\"error\": \"Invalid input\"}",
  "responseStatus": "404",
  "result": "{\"success\":false,\"statusCode\":404,\"message\":\"Cannot DELETE /unlikes\",\"path\":\"/unlikes\",\"timestamp\":\"2025-06-20T16:03:58.862Z\"}"
}
 
23:04:24.761 [main] INFO com.intuit.karate -- Expected Status: 400.0 
23:04:24.761 [main] INFO com.intuit.karate -- Actual Status: 200 
23:04:24.761 [main] INFO com.intuit.karate -- Test case #9 - Status: 200, Result: {"message":"?ã b? thích","statusCode":200,"status":"success"} 
23:04:24.761 [main] INFO com.intuit.karate -- ?ang ch?y test case #10: Ki?m tra XSS trong targetId 
23:04:24.762 [main] INFO com.intuit.karate -- S? d?ng global bearer token t? config: eyJhbGciOiJIUzI1NiIsInR5cCI6IkpXVCJ9.eyJzdWIiOiIwODUxNWIwNS0yZDNlLTQ3ODktYWQ2MC1kYjM1NTI1YTQ5NzAiLCJ1c2VybmFtZSI6Im5hbSIsInJvbGUiOjAsImlhdCI6MTc1MDQzMzEyOCwiZXhwIjoxNzUwNDM2NzI4fQ.LLNWdGI7R_rFyU4cQg2wm-V3Jq9O_6TIXzyRgCE6Uf4 
23:04:24.768 [main] INFO com.intuit.karate -- karate.env system property was: null 
23:04:24.768 [main] DEBUG com.jayway.jsonpath.internal.path.CompiledPath -- Evaluating path: $
23:04:24.769 [main] DEBUG com.jayway.jsonpath.internal.path.CompiledPath -- Evaluating path: $
23:04:24.770 [main] DEBUG org.apache.http.client.protocol.RequestAddCookies -- CookieSpec selected: karate
23:04:24.770 [main] DEBUG org.apache.http.client.protocol.RequestAuthCache -- Auth cache not set in the context
23:04:24.770 [main] DEBUG com.intuit.karate -- request:
1 > DELETE http://localhost:3000/likes
1 > Authorization: Bearer eyJhbGciOiJIUzI1NiIsInR5cCI6IkpXVCJ9.eyJzdWIiOiIwODUxNWIwNS0yZDNlLTQ3ODktYWQ2MC1kYjM1NTI1YTQ5NzAiLCJ1c2VybmFtZSI6Im5hbSIsInJvbGUiOjAsImlhdCI6MTc1MDQzMzEyOCwiZXhwIjoxNzUwNDM2NzI4fQ.LLNWdGI7R_rFyU4cQg2wm-V3Jq9O_6TIXzyRgCE6Uf4
1 > Content-Type: application/json; charset=UTF-8
1 > Content-Length: 61
1 > Host: localhost:3000
1 > Connection: Keep-Alive
1 > User-Agent: Apache-HttpClient/4.5.14 (Java/17.0.9)
1 > Accept-Encoding: gzip,deflate
{
  "targetId": "<script>alert(\"xss\")</script>",
  "type": "post"
}


23:04:24.770 [main] DEBUG org.apache.http.impl.conn.PoolingHttpClientConnectionManager -- Connection request: [route: {}->http://localhost:3000][total available: 0; route allocated: 0 of 5; total allocated: 0 of 10]
23:04:24.770 [main] DEBUG org.apache.http.impl.conn.PoolingHttpClientConnectionManager -- Connection leased: [id: 9][route: {}->http://localhost:3000][total available: 0; route allocated: 1 of 5; total allocated: 1 of 10]
23:04:24.770 [main] DEBUG org.apache.http.impl.execchain.MainClientExec -- Opening connection {}->http://localhost:3000
23:04:24.770 [main] DEBUG org.apache.http.impl.conn.DefaultHttpClientConnectionOperator -- Connecting to localhost/127.0.0.1:3000
23:04:24.770 [main] DEBUG org.apache.http.impl.conn.DefaultHttpClientConnectionOperator -- Connection established 127.0.0.1:64150<->127.0.0.1:3000
23:04:24.770 [main] DEBUG org.apache.http.impl.conn.DefaultManagedHttpClientConnection -- http-outgoing-9: set socket timeout to 5000
23:04:24.770 [main] DEBUG org.apache.http.impl.execchain.MainClientExec -- Executing request DELETE /likes HTTP/1.1
23:04:24.770 [main] DEBUG org.apache.http.impl.execchain.MainClientExec -- Proxy auth state: UNCHALLENGED
23:04:24.771 [main] DEBUG org.apache.http.headers -- http-outgoing-9 >> DELETE /likes HTTP/1.1
23:04:24.771 [main] DEBUG org.apache.http.headers -- http-outgoing-9 >> Authorization: Bearer eyJhbGciOiJIUzI1NiIsInR5cCI6IkpXVCJ9.eyJzdWIiOiIwODUxNWIwNS0yZDNlLTQ3ODktYWQ2MC1kYjM1NTI1YTQ5NzAiLCJ1c2VybmFtZSI6Im5hbSIsInJvbGUiOjAsImlhdCI6MTc1MDQzMzEyOCwiZXhwIjoxNzUwNDM2NzI4fQ.LLNWdGI7R_rFyU4cQg2wm-V3Jq9O_6TIXzyRgCE6Uf4
23:04:24.771 [main] DEBUG org.apache.http.headers -- http-outgoing-9 >> Content-Type: application/json; charset=UTF-8
23:04:24.771 [main] DEBUG org.apache.http.headers -- http-outgoing-9 >> Content-Length: 61
23:04:24.771 [main] DEBUG org.apache.http.headers -- http-outgoing-9 >> Host: localhost:3000
23:04:24.771 [main] DEBUG org.apache.http.headers -- http-outgoing-9 >> Connection: Keep-Alive
23:04:24.771 [main] DEBUG org.apache.http.headers -- http-outgoing-9 >> User-Agent: Apache-HttpClient/4.5.14 (Java/17.0.9)
23:04:24.771 [main] DEBUG org.apache.http.headers -- http-outgoing-9 >> Accept-Encoding: gzip,deflate
23:04:24.771 [main] DEBUG org.apache.http.wire -- http-outgoing-9 >> "DELETE /likes HTTP/1.1[\r][\n]"
23:04:24.771 [main] DEBUG org.apache.http.wire -- http-outgoing-9 >> "Authorization: Bearer eyJhbGciOiJIUzI1NiIsInR5cCI6IkpXVCJ9.eyJzdWIiOiIwODUxNWIwNS0yZDNlLTQ3ODktYWQ2MC1kYjM1NTI1YTQ5NzAiLCJ1c2VybmFtZSI6Im5hbSIsInJvbGUiOjAsImlhdCI6MTc1MDQzMzEyOCwiZXhwIjoxNzUwNDM2NzI4fQ.LLNWdGI7R_rFyU4cQg2wm-V3Jq9O_6TIXzyRgCE6Uf4[\r][\n]"
23:04:24.771 [main] DEBUG org.apache.http.wire -- http-outgoing-9 >> "Content-Type: application/json; charset=UTF-8[\r][\n]"
23:04:24.771 [main] DEBUG org.apache.http.wire -- http-outgoing-9 >> "Content-Length: 61[\r][\n]"
23:04:24.771 [main] DEBUG org.apache.http.wire -- http-outgoing-9 >> "Host: localhost:3000[\r][\n]"
23:04:24.771 [main] DEBUG org.apache.http.wire -- http-outgoing-9 >> "Connection: Keep-Alive[\r][\n]"
23:04:24.771 [main] DEBUG org.apache.http.wire -- http-outgoing-9 >> "User-Agent: Apache-HttpClient/4.5.14 (Java/17.0.9)[\r][\n]"
23:04:24.771 [main] DEBUG org.apache.http.wire -- http-outgoing-9 >> "Accept-Encoding: gzip,deflate[\r][\n]"
23:04:24.771 [main] DEBUG org.apache.http.wire -- http-outgoing-9 >> "[\r][\n]"
23:04:24.771 [main] DEBUG org.apache.http.wire -- http-outgoing-9 >> "{"targetId":"<script>alert(\"xss\")<\/script>","type":"post"}"
23:04:24.852 [main] DEBUG org.apache.http.wire -- http-outgoing-9 << "HTTP/1.1 200 OK[\r][\n]"
23:04:24.852 [main] DEBUG org.apache.http.wire -- http-outgoing-9 << "X-Powered-By: Express[\r][\n]"
23:04:24.852 [main] DEBUG org.apache.http.wire -- http-outgoing-9 << "Access-Control-Allow-Origin: *[\r][\n]"
23:04:24.852 [main] DEBUG org.apache.http.wire -- http-outgoing-9 << "Content-Type: application/json; charset=utf-8[\r][\n]"
23:04:24.852 [main] DEBUG org.apache.http.wire -- http-outgoing-9 << "Content-Length: 66[\r][\n]"
23:04:24.852 [main] DEBUG org.apache.http.wire -- http-outgoing-9 << "ETag: W/"42-ZW95nhVL3cRDS6oE/ew2VwZ8cMw"[\r][\n]"
23:04:24.852 [main] DEBUG org.apache.http.wire -- http-outgoing-9 << "Date: Fri, 20 Jun 2025 16:04:24 GMT[\r][\n]"
23:04:24.854 [main] DEBUG org.apache.http.wire -- http-outgoing-9 << "Connection: keep-alive[\r][\n]"
23:04:24.854 [main] DEBUG org.apache.http.wire -- http-outgoing-9 << "Keep-Alive: timeout=5[\r][\n]"
23:04:24.854 [main] DEBUG org.apache.http.wire -- http-outgoing-9 << "[\r][\n]"
23:04:24.854 [main] DEBUG org.apache.http.wire -- http-outgoing-9 << "{"message":"[0xc4][0x90][0xc3][0xa3] b[0xe1][0xbb][0x8f] th[0xc3][0xad]ch","statusCode":200,"status":"success"}"
23:04:24.854 [main] DEBUG org.apache.http.headers -- http-outgoing-9 << HTTP/1.1 200 OK
23:04:24.854 [main] DEBUG org.apache.http.headers -- http-outgoing-9 << X-Powered-By: Express
23:04:24.854 [main] DEBUG org.apache.http.headers -- http-outgoing-9 << Access-Control-Allow-Origin: *
23:04:24.854 [main] DEBUG org.apache.http.headers -- http-outgoing-9 << Content-Type: application/json; charset=utf-8
23:04:24.854 [main] DEBUG org.apache.http.headers -- http-outgoing-9 << Content-Length: 66
23:04:24.854 [main] DEBUG org.apache.http.headers -- http-outgoing-9 << ETag: W/"42-ZW95nhVL3cRDS6oE/ew2VwZ8cMw"
23:04:24.854 [main] DEBUG org.apache.http.headers -- http-outgoing-9 << Date: Fri, 20 Jun 2025 16:04:24 GMT
23:04:24.854 [main] DEBUG org.apache.http.headers -- http-outgoing-9 << Connection: keep-alive
23:04:24.854 [main] DEBUG org.apache.http.headers -- http-outgoing-9 << Keep-Alive: timeout=5
23:04:24.854 [main] DEBUG org.apache.http.impl.execchain.MainClientExec -- Connection can be kept alive for 5000 MILLISECONDS
23:04:24.854 [main] DEBUG org.apache.http.impl.conn.PoolingHttpClientConnectionManager -- Connection [id: 9][route: {}->http://localhost:3000] can be kept alive for 5.0 seconds
23:04:24.854 [main] DEBUG org.apache.http.impl.conn.DefaultManagedHttpClientConnection -- http-outgoing-9: set socket timeout to 0
23:04:24.854 [main] DEBUG org.apache.http.impl.conn.PoolingHttpClientConnectionManager -- Connection released: [id: 9][route: {}->http://localhost:3000][total available: 1; route allocated: 1 of 5; total allocated: 1 of 10]
23:04:24.854 [main] DEBUG org.apache.http.impl.conn.PoolingHttpClientConnectionManager -- Connection manager is shutting down
23:04:24.854 [main] DEBUG org.apache.http.impl.conn.DefaultManagedHttpClientConnection -- http-outgoing-9: Close connection
23:04:24.855 [main] DEBUG org.apache.http.impl.conn.PoolingHttpClientConnectionManager -- Connection manager shut down
23:04:24.855 [main] DEBUG com.intuit.karate -- response time in milliseconds: 84
1 < 200
1 < X-Powered-By: Express
1 < Access-Control-Allow-Origin: *
1 < Content-Type: application/json; charset=utf-8
1 < Content-Length: 66
1 < ETag: W/"42-ZW95nhVL3cRDS6oE/ew2VwZ8cMw"
1 < Date: Fri, 20 Jun 2025 16:04:24 GMT
1 < Connection: keep-alive
1 < Keep-Alive: timeout=5
{
  "message": "?ã b? thích",
  "statusCode": 200,
  "status": "success"
}


23:04:24.856 [main] INFO com.intuit.karate -- [print] Calling unlike API v?i bearerToken: eyJhbGciOiJIUzI1NiIsInR5cCI6IkpXVCJ9.eyJzdWIiOiIwODUxNWIwNS0yZDNlLTQ3ODktYWQ2MC1kYjM1NTI1YTQ5NzAiLCJ1c2VybmFtZSI6Im5hbSIsInJvbGUiOjAsImlhdCI6MTc1MDQzMzEyOCwiZXhwIjoxNzUwNDM2NzI4fQ.LLNWdGI7R_rFyU4cQg2wm-V3Jq9O_6TIXzyRgCE6Uf4 
23:04:24.856 [main] INFO com.intuit.karate -- [print] Request body: {
  "targetId": "<script>alert(\"xss\")</script>",
  "type": "post"
}
 
23:04:24.857 [main] INFO com.intuit.karate -- [print] Response status: 200 body: {
  "message": "?ã b? thích",
  "statusCode": 200,
  "status": "success"
}
 
23:04:24.857 [main] INFO com.intuit.karate -- STATUS MISMATCH - Expected: 400, Actual: 200 
23:04:24.857 [main] INFO com.intuit.karate -- Test Case Data: {
  "bearerToken": "",
  "targetId": "<script>alert(\"xss\")</script>",
  "testDescription": "Ki?m tra XSS trong targetId",
  "expectedStatus": 400.0,
  "expectedResult": "{\"error\": \"Invalid input\"}",
  "responseStatus": "404",
  "result": "{\"success\":false,\"statusCode\":404,\"message\":\"Cannot DELETE /unlikes\",\"path\":\"/unlikes\",\"timestamp\":\"2025-06-20T16:03:58.890Z\"}"
}
 
23:04:24.857 [main] INFO com.intuit.karate -- Expected Status: 400.0 
23:04:24.858 [main] INFO com.intuit.karate -- Actual Status: 200 
23:04:24.858 [main] INFO com.intuit.karate -- Test case #10 - Status: 200, Result: {"message":"?ã b? thích","statusCode":200,"status":"success"} 
23:04:24.858 [main] INFO com.intuit.karate -- ?ang ch?y test case #11: Ki?m tra kho?ng tr?ng trong targetId 
23:04:24.858 [main] INFO com.intuit.karate -- S? d?ng global bearer token t? config: eyJhbGciOiJIUzI1NiIsInR5cCI6IkpXVCJ9.eyJzdWIiOiIwODUxNWIwNS0yZDNlLTQ3ODktYWQ2MC1kYjM1NTI1YTQ5NzAiLCJ1c2VybmFtZSI6Im5hbSIsInJvbGUiOjAsImlhdCI6MTc1MDQzMzEyOCwiZXhwIjoxNzUwNDM2NzI4fQ.LLNWdGI7R_rFyU4cQg2wm-V3Jq9O_6TIXzyRgCE6Uf4 
23:04:24.863 [main] INFO com.intuit.karate -- karate.env system property was: null 
23:04:24.866 [main] DEBUG com.jayway.jsonpath.internal.path.CompiledPath -- Evaluating path: $
23:04:24.866 [main] DEBUG com.jayway.jsonpath.internal.path.CompiledPath -- Evaluating path: $
23:04:24.867 [main] DEBUG org.apache.http.client.protocol.RequestAddCookies -- CookieSpec selected: karate
23:04:24.867 [main] DEBUG org.apache.http.client.protocol.RequestAuthCache -- Auth cache not set in the context
23:04:24.867 [main] DEBUG com.intuit.karate -- request:
1 > DELETE http://localhost:3000/likes
1 > Authorization: Bearer eyJhbGciOiJIUzI1NiIsInR5cCI6IkpXVCJ9.eyJzdWIiOiIwODUxNWIwNS0yZDNlLTQ3ODktYWQ2MC1kYjM1NTI1YTQ5NzAiLCJ1c2VybmFtZSI6Im5hbSIsInJvbGUiOjAsImlhdCI6MTc1MDQzMzEyOCwiZXhwIjoxNzUwNDM2NzI4fQ.LLNWdGI7R_rFyU4cQg2wm-V3Jq9O_6TIXzyRgCE6Uf4
1 > Content-Type: application/json; charset=UTF-8
1 > Content-Length: 30
1 > Host: localhost:3000
1 > Connection: Keep-Alive
1 > User-Agent: Apache-HttpClient/4.5.14 (Java/17.0.9)
1 > Accept-Encoding: gzip,deflate
{
  "targetId": " ",
  "type": "post"
}


23:04:24.867 [main] DEBUG org.apache.http.impl.conn.PoolingHttpClientConnectionManager -- Connection request: [route: {}->http://localhost:3000][total available: 0; route allocated: 0 of 5; total allocated: 0 of 10]
23:04:24.867 [main] DEBUG org.apache.http.impl.conn.PoolingHttpClientConnectionManager -- Connection leased: [id: 10][route: {}->http://localhost:3000][total available: 0; route allocated: 1 of 5; total allocated: 1 of 10]
23:04:24.867 [main] DEBUG org.apache.http.impl.execchain.MainClientExec -- Opening connection {}->http://localhost:3000
23:04:24.867 [main] DEBUG org.apache.http.impl.conn.DefaultHttpClientConnectionOperator -- Connecting to localhost/127.0.0.1:3000
23:04:24.868 [main] DEBUG org.apache.http.impl.conn.DefaultHttpClientConnectionOperator -- Connection established 127.0.0.1:64151<->127.0.0.1:3000
23:04:24.868 [main] DEBUG org.apache.http.impl.conn.DefaultManagedHttpClientConnection -- http-outgoing-10: set socket timeout to 5000
23:04:24.868 [main] DEBUG org.apache.http.impl.execchain.MainClientExec -- Executing request DELETE /likes HTTP/1.1
23:04:24.868 [main] DEBUG org.apache.http.impl.execchain.MainClientExec -- Proxy auth state: UNCHALLENGED
23:04:24.868 [main] DEBUG org.apache.http.headers -- http-outgoing-10 >> DELETE /likes HTTP/1.1
23:04:24.868 [main] DEBUG org.apache.http.headers -- http-outgoing-10 >> Authorization: Bearer eyJhbGciOiJIUzI1NiIsInR5cCI6IkpXVCJ9.eyJzdWIiOiIwODUxNWIwNS0yZDNlLTQ3ODktYWQ2MC1kYjM1NTI1YTQ5NzAiLCJ1c2VybmFtZSI6Im5hbSIsInJvbGUiOjAsImlhdCI6MTc1MDQzMzEyOCwiZXhwIjoxNzUwNDM2NzI4fQ.LLNWdGI7R_rFyU4cQg2wm-V3Jq9O_6TIXzyRgCE6Uf4
23:04:24.868 [main] DEBUG org.apache.http.headers -- http-outgoing-10 >> Content-Type: application/json; charset=UTF-8
23:04:24.868 [main] DEBUG org.apache.http.headers -- http-outgoing-10 >> Content-Length: 30
23:04:24.868 [main] DEBUG org.apache.http.headers -- http-outgoing-10 >> Host: localhost:3000
23:04:24.868 [main] DEBUG org.apache.http.headers -- http-outgoing-10 >> Connection: Keep-Alive
23:04:24.868 [main] DEBUG org.apache.http.headers -- http-outgoing-10 >> User-Agent: Apache-HttpClient/4.5.14 (Java/17.0.9)
23:04:24.868 [main] DEBUG org.apache.http.headers -- http-outgoing-10 >> Accept-Encoding: gzip,deflate
23:04:24.868 [main] DEBUG org.apache.http.wire -- http-outgoing-10 >> "DELETE /likes HTTP/1.1[\r][\n]"
23:04:24.868 [main] DEBUG org.apache.http.wire -- http-outgoing-10 >> "Authorization: Bearer eyJhbGciOiJIUzI1NiIsInR5cCI6IkpXVCJ9.eyJzdWIiOiIwODUxNWIwNS0yZDNlLTQ3ODktYWQ2MC1kYjM1NTI1YTQ5NzAiLCJ1c2VybmFtZSI6Im5hbSIsInJvbGUiOjAsImlhdCI6MTc1MDQzMzEyOCwiZXhwIjoxNzUwNDM2NzI4fQ.LLNWdGI7R_rFyU4cQg2wm-V3Jq9O_6TIXzyRgCE6Uf4[\r][\n]"
23:04:24.868 [main] DEBUG org.apache.http.wire -- http-outgoing-10 >> "Content-Type: application/json; charset=UTF-8[\r][\n]"
23:04:24.868 [main] DEBUG org.apache.http.wire -- http-outgoing-10 >> "Content-Length: 30[\r][\n]"
23:04:24.868 [main] DEBUG org.apache.http.wire -- http-outgoing-10 >> "Host: localhost:3000[\r][\n]"
23:04:24.868 [main] DEBUG org.apache.http.wire -- http-outgoing-10 >> "Connection: Keep-Alive[\r][\n]"
23:04:24.868 [main] DEBUG org.apache.http.wire -- http-outgoing-10 >> "User-Agent: Apache-HttpClient/4.5.14 (Java/17.0.9)[\r][\n]"
23:04:24.868 [main] DEBUG org.apache.http.wire -- http-outgoing-10 >> "Accept-Encoding: gzip,deflate[\r][\n]"
23:04:24.868 [main] DEBUG org.apache.http.wire -- http-outgoing-10 >> "[\r][\n]"
23:04:24.868 [main] DEBUG org.apache.http.wire -- http-outgoing-10 >> "{"targetId":" ","type":"post"}"
23:04:24.972 [main] DEBUG org.apache.http.wire -- http-outgoing-10 << "HTTP/1.1 200 OK[\r][\n]"
23:04:24.973 [main] DEBUG org.apache.http.wire -- http-outgoing-10 << "X-Powered-By: Express[\r][\n]"
23:04:24.973 [main] DEBUG org.apache.http.wire -- http-outgoing-10 << "Access-Control-Allow-Origin: *[\r][\n]"
23:04:24.973 [main] DEBUG org.apache.http.wire -- http-outgoing-10 << "Content-Type: application/json; charset=utf-8[\r][\n]"
23:04:24.973 [main] DEBUG org.apache.http.wire -- http-outgoing-10 << "Content-Length: 66[\r][\n]"
23:04:24.973 [main] DEBUG org.apache.http.wire -- http-outgoing-10 << "ETag: W/"42-ZW95nhVL3cRDS6oE/ew2VwZ8cMw"[\r][\n]"
23:04:24.973 [main] DEBUG org.apache.http.wire -- http-outgoing-10 << "Date: Fri, 20 Jun 2025 16:04:24 GMT[\r][\n]"
23:04:24.973 [main] DEBUG org.apache.http.wire -- http-outgoing-10 << "Connection: keep-alive[\r][\n]"
23:04:24.973 [main] DEBUG org.apache.http.wire -- http-outgoing-10 << "Keep-Alive: timeout=5[\r][\n]"
23:04:24.973 [main] DEBUG org.apache.http.wire -- http-outgoing-10 << "[\r][\n]"
23:04:24.973 [main] DEBUG org.apache.http.wire -- http-outgoing-10 << "{"message":"[0xc4][0x90][0xc3][0xa3] b[0xe1][0xbb][0x8f] th[0xc3][0xad]ch","statusCode":200,"status":"success"}"
23:04:24.973 [main] DEBUG org.apache.http.headers -- http-outgoing-10 << HTTP/1.1 200 OK
23:04:24.973 [main] DEBUG org.apache.http.headers -- http-outgoing-10 << X-Powered-By: Express
23:04:24.973 [main] DEBUG org.apache.http.headers -- http-outgoing-10 << Access-Control-Allow-Origin: *
23:04:24.973 [main] DEBUG org.apache.http.headers -- http-outgoing-10 << Content-Type: application/json; charset=utf-8
23:04:24.973 [main] DEBUG org.apache.http.headers -- http-outgoing-10 << Content-Length: 66
23:04:24.973 [main] DEBUG org.apache.http.headers -- http-outgoing-10 << ETag: W/"42-ZW95nhVL3cRDS6oE/ew2VwZ8cMw"
23:04:24.973 [main] DEBUG org.apache.http.headers -- http-outgoing-10 << Date: Fri, 20 Jun 2025 16:04:24 GMT
23:04:24.973 [main] DEBUG org.apache.http.headers -- http-outgoing-10 << Connection: keep-alive
23:04:24.973 [main] DEBUG org.apache.http.headers -- http-outgoing-10 << Keep-Alive: timeout=5
23:04:24.973 [main] DEBUG org.apache.http.impl.execchain.MainClientExec -- Connection can be kept alive for 5000 MILLISECONDS
23:04:24.974 [main] DEBUG org.apache.http.impl.conn.PoolingHttpClientConnectionManager -- Connection [id: 10][route: {}->http://localhost:3000] can be kept alive for 5.0 seconds
23:04:24.974 [main] DEBUG org.apache.http.impl.conn.DefaultManagedHttpClientConnection -- http-outgoing-10: set socket timeout to 0
23:04:24.974 [main] DEBUG org.apache.http.impl.conn.PoolingHttpClientConnectionManager -- Connection released: [id: 10][route: {}->http://localhost:3000][total available: 1; route allocated: 1 of 5; total allocated: 1 of 10]
23:04:24.974 [main] DEBUG org.apache.http.impl.conn.PoolingHttpClientConnectionManager -- Connection manager is shutting down
23:04:24.974 [main] DEBUG org.apache.http.impl.conn.DefaultManagedHttpClientConnection -- http-outgoing-10: Close connection
23:04:24.974 [main] DEBUG org.apache.http.impl.conn.PoolingHttpClientConnectionManager -- Connection manager shut down
23:04:24.974 [main] DEBUG com.intuit.karate -- response time in milliseconds: 107
1 < 200
1 < X-Powered-By: Express
1 < Access-Control-Allow-Origin: *
1 < Content-Type: application/json; charset=utf-8
1 < Content-Length: 66
1 < ETag: W/"42-ZW95nhVL3cRDS6oE/ew2VwZ8cMw"
1 < Date: Fri, 20 Jun 2025 16:04:24 GMT
1 < Connection: keep-alive
1 < Keep-Alive: timeout=5
{
  "message": "?ã b? thích",
  "statusCode": 200,
  "status": "success"
}


23:04:24.977 [main] INFO com.intuit.karate -- [print] Calling unlike API v?i bearerToken: eyJhbGciOiJIUzI1NiIsInR5cCI6IkpXVCJ9.eyJzdWIiOiIwODUxNWIwNS0yZDNlLTQ3ODktYWQ2MC1kYjM1NTI1YTQ5NzAiLCJ1c2VybmFtZSI6Im5hbSIsInJvbGUiOjAsImlhdCI6MTc1MDQzMzEyOCwiZXhwIjoxNzUwNDM2NzI4fQ.LLNWdGI7R_rFyU4cQg2wm-V3Jq9O_6TIXzyRgCE6Uf4 
23:04:24.977 [main] INFO com.intuit.karate -- [print] Request body: {
  "targetId": " ",
  "type": "post"
}
 
23:04:24.978 [main] INFO com.intuit.karate -- [print] Response status: 200 body: {
  "message": "?ã b? thích",
  "statusCode": 200,
  "status": "success"
}
 
23:04:24.979 [main] INFO com.intuit.karate -- STATUS MISMATCH - Expected: 400, Actual: 200 
23:04:24.980 [main] INFO com.intuit.karate -- Test Case Data: {
  "bearerToken": "",
  "targetId": " ",
  "testDescription": "Ki?m tra kho?ng tr?ng trong targetId",
  "expectedStatus": 400.0,
  "expectedResult": "{\"error\": \"targetId cannot contain only whitespace\"}",
  "responseStatus": "404",
  "result": "{\"success\":false,\"statusCode\":404,\"message\":\"Cannot DELETE /unlikes\",\"path\":\"/unlikes\",\"timestamp\":\"2025-06-20T16:03:58.917Z\"}"
}
 
23:04:24.980 [main] INFO com.intuit.karate -- Expected Status: 400.0 
23:04:24.980 [main] INFO com.intuit.karate -- Actual Status: 200 
23:04:24.980 [main] INFO com.intuit.karate -- Test case #11 - Status: 200, Result: {"message":"?ã b? thích","statusCode":200,"status":"success"} 
23:04:24.980 [main] INFO com.intuit.karate -- ?ang ch?y test case #12: Ki?m tra tr??ng null targetId 
23:04:24.981 [main] INFO com.intuit.karate -- S? d?ng global bearer token t? config: eyJhbGciOiJIUzI1NiIsInR5cCI6IkpXVCJ9.eyJzdWIiOiIwODUxNWIwNS0yZDNlLTQ3ODktYWQ2MC1kYjM1NTI1YTQ5NzAiLCJ1c2VybmFtZSI6Im5hbSIsInJvbGUiOjAsImlhdCI6MTc1MDQzMzEyOCwiZXhwIjoxNzUwNDM2NzI4fQ.LLNWdGI7R_rFyU4cQg2wm-V3Jq9O_6TIXzyRgCE6Uf4 
23:04:24.990 [main] INFO com.intuit.karate -- karate.env system property was: null 
23:04:24.991 [main] DEBUG com.jayway.jsonpath.internal.path.CompiledPath -- Evaluating path: $
23:04:24.992 [main] DEBUG com.jayway.jsonpath.internal.path.CompiledPath -- Evaluating path: $
23:04:24.994 [main] DEBUG org.apache.http.client.protocol.RequestAddCookies -- CookieSpec selected: karate
23:04:24.994 [main] DEBUG org.apache.http.client.protocol.RequestAuthCache -- Auth cache not set in the context
23:04:24.994 [main] DEBUG com.intuit.karate -- request:
1 > DELETE http://localhost:3000/likes
1 > Authorization: Bearer eyJhbGciOiJIUzI1NiIsInR5cCI6IkpXVCJ9.eyJzdWIiOiIwODUxNWIwNS0yZDNlLTQ3ODktYWQ2MC1kYjM1NTI1YTQ5NzAiLCJ1c2VybmFtZSI6Im5hbSIsInJvbGUiOjAsImlhdCI6MTc1MDQzMzEyOCwiZXhwIjoxNzUwNDM2NzI4fQ.LLNWdGI7R_rFyU4cQg2wm-V3Jq9O_6TIXzyRgCE6Uf4
1 > Content-Type: application/json; charset=UTF-8
1 > Content-Length: 39
1 > Host: localhost:3000
1 > Connection: Keep-Alive
1 > User-Agent: Apache-HttpClient/4.5.14 (Java/17.0.9)
1 > Accept-Encoding: gzip,deflate
{
  "targetId": "NULL_VALUE",
  "type": "post"
}


23:04:24.994 [main] DEBUG org.apache.http.impl.conn.PoolingHttpClientConnectionManager -- Connection request: [route: {}->http://localhost:3000][total available: 0; route allocated: 0 of 5; total allocated: 0 of 10]
23:04:24.994 [main] DEBUG org.apache.http.impl.conn.PoolingHttpClientConnectionManager -- Connection leased: [id: 11][route: {}->http://localhost:3000][total available: 0; route allocated: 1 of 5; total allocated: 1 of 10]
23:04:24.994 [main] DEBUG org.apache.http.impl.execchain.MainClientExec -- Opening connection {}->http://localhost:3000
23:04:24.994 [main] DEBUG org.apache.http.impl.conn.DefaultHttpClientConnectionOperator -- Connecting to localhost/127.0.0.1:3000
23:04:24.995 [main] DEBUG org.apache.http.impl.conn.DefaultHttpClientConnectionOperator -- Connection established 127.0.0.1:64152<->127.0.0.1:3000
23:04:24.995 [main] DEBUG org.apache.http.impl.conn.DefaultManagedHttpClientConnection -- http-outgoing-11: set socket timeout to 5000
23:04:24.995 [main] DEBUG org.apache.http.impl.execchain.MainClientExec -- Executing request DELETE /likes HTTP/1.1
23:04:24.995 [main] DEBUG org.apache.http.impl.execchain.MainClientExec -- Proxy auth state: UNCHALLENGED
23:04:24.995 [main] DEBUG org.apache.http.headers -- http-outgoing-11 >> DELETE /likes HTTP/1.1
23:04:24.996 [main] DEBUG org.apache.http.headers -- http-outgoing-11 >> Authorization: Bearer eyJhbGciOiJIUzI1NiIsInR5cCI6IkpXVCJ9.eyJzdWIiOiIwODUxNWIwNS0yZDNlLTQ3ODktYWQ2MC1kYjM1NTI1YTQ5NzAiLCJ1c2VybmFtZSI6Im5hbSIsInJvbGUiOjAsImlhdCI6MTc1MDQzMzEyOCwiZXhwIjoxNzUwNDM2NzI4fQ.LLNWdGI7R_rFyU4cQg2wm-V3Jq9O_6TIXzyRgCE6Uf4
23:04:24.996 [main] DEBUG org.apache.http.headers -- http-outgoing-11 >> Content-Type: application/json; charset=UTF-8
23:04:24.996 [main] DEBUG org.apache.http.headers -- http-outgoing-11 >> Content-Length: 39
23:04:24.996 [main] DEBUG org.apache.http.headers -- http-outgoing-11 >> Host: localhost:3000
23:04:24.996 [main] DEBUG org.apache.http.headers -- http-outgoing-11 >> Connection: Keep-Alive
23:04:24.996 [main] DEBUG org.apache.http.headers -- http-outgoing-11 >> User-Agent: Apache-HttpClient/4.5.14 (Java/17.0.9)
23:04:24.996 [main] DEBUG org.apache.http.headers -- http-outgoing-11 >> Accept-Encoding: gzip,deflate
23:04:24.996 [main] DEBUG org.apache.http.wire -- http-outgoing-11 >> "DELETE /likes HTTP/1.1[\r][\n]"
23:04:24.996 [main] DEBUG org.apache.http.wire -- http-outgoing-11 >> "Authorization: Bearer eyJhbGciOiJIUzI1NiIsInR5cCI6IkpXVCJ9.eyJzdWIiOiIwODUxNWIwNS0yZDNlLTQ3ODktYWQ2MC1kYjM1NTI1YTQ5NzAiLCJ1c2VybmFtZSI6Im5hbSIsInJvbGUiOjAsImlhdCI6MTc1MDQzMzEyOCwiZXhwIjoxNzUwNDM2NzI4fQ.LLNWdGI7R_rFyU4cQg2wm-V3Jq9O_6TIXzyRgCE6Uf4[\r][\n]"
23:04:24.996 [main] DEBUG org.apache.http.wire -- http-outgoing-11 >> "Content-Type: application/json; charset=UTF-8[\r][\n]"
23:04:24.996 [main] DEBUG org.apache.http.wire -- http-outgoing-11 >> "Content-Length: 39[\r][\n]"
23:04:24.996 [main] DEBUG org.apache.http.wire -- http-outgoing-11 >> "Host: localhost:3000[\r][\n]"
23:04:24.996 [main] DEBUG org.apache.http.wire -- http-outgoing-11 >> "Connection: Keep-Alive[\r][\n]"
23:04:24.996 [main] DEBUG org.apache.http.wire -- http-outgoing-11 >> "User-Agent: Apache-HttpClient/4.5.14 (Java/17.0.9)[\r][\n]"
23:04:24.996 [main] DEBUG org.apache.http.wire -- http-outgoing-11 >> "Accept-Encoding: gzip,deflate[\r][\n]"
23:04:24.996 [main] DEBUG org.apache.http.wire -- http-outgoing-11 >> "[\r][\n]"
23:04:24.996 [main] DEBUG org.apache.http.wire -- http-outgoing-11 >> "{"targetId":"NULL_VALUE","type":"post"}"
23:04:25.096 [main] DEBUG org.apache.http.wire -- http-outgoing-11 << "HTTP/1.1 200 OK[\r][\n]"
23:04:25.096 [main] DEBUG org.apache.http.wire -- http-outgoing-11 << "X-Powered-By: Express[\r][\n]"
23:04:25.096 [main] DEBUG org.apache.http.wire -- http-outgoing-11 << "Access-Control-Allow-Origin: *[\r][\n]"
23:04:25.096 [main] DEBUG org.apache.http.wire -- http-outgoing-11 << "Content-Type: application/json; charset=utf-8[\r][\n]"
23:04:25.096 [main] DEBUG org.apache.http.wire -- http-outgoing-11 << "Content-Length: 66[\r][\n]"
23:04:25.096 [main] DEBUG org.apache.http.wire -- http-outgoing-11 << "ETag: W/"42-ZW95nhVL3cRDS6oE/ew2VwZ8cMw"[\r][\n]"
23:04:25.096 [main] DEBUG org.apache.http.wire -- http-outgoing-11 << "Date: Fri, 20 Jun 2025 16:04:25 GMT[\r][\n]"
23:04:25.096 [main] DEBUG org.apache.http.wire -- http-outgoing-11 << "Connection: keep-alive[\r][\n]"
23:04:25.096 [main] DEBUG org.apache.http.wire -- http-outgoing-11 << "Keep-Alive: timeout=5[\r][\n]"
23:04:25.096 [main] DEBUG org.apache.http.wire -- http-outgoing-11 << "[\r][\n]"
23:04:25.096 [main] DEBUG org.apache.http.wire -- http-outgoing-11 << "{"message":"[0xc4][0x90][0xc3][0xa3] b[0xe1][0xbb][0x8f] th[0xc3][0xad]ch","statusCode":200,"status":"success"}"
23:04:25.097 [main] DEBUG org.apache.http.headers -- http-outgoing-11 << HTTP/1.1 200 OK
23:04:25.097 [main] DEBUG org.apache.http.headers -- http-outgoing-11 << X-Powered-By: Express
23:04:25.097 [main] DEBUG org.apache.http.headers -- http-outgoing-11 << Access-Control-Allow-Origin: *
23:04:25.097 [main] DEBUG org.apache.http.headers -- http-outgoing-11 << Content-Type: application/json; charset=utf-8
23:04:25.097 [main] DEBUG org.apache.http.headers -- http-outgoing-11 << Content-Length: 66
23:04:25.097 [main] DEBUG org.apache.http.headers -- http-outgoing-11 << ETag: W/"42-ZW95nhVL3cRDS6oE/ew2VwZ8cMw"
23:04:25.097 [main] DEBUG org.apache.http.headers -- http-outgoing-11 << Date: Fri, 20 Jun 2025 16:04:25 GMT
23:04:25.097 [main] DEBUG org.apache.http.headers -- http-outgoing-11 << Connection: keep-alive
23:04:25.097 [main] DEBUG org.apache.http.headers -- http-outgoing-11 << Keep-Alive: timeout=5
23:04:25.097 [main] DEBUG org.apache.http.impl.execchain.MainClientExec -- Connection can be kept alive for 5000 MILLISECONDS
23:04:25.097 [main] DEBUG org.apache.http.impl.conn.PoolingHttpClientConnectionManager -- Connection [id: 11][route: {}->http://localhost:3000] can be kept alive for 5.0 seconds
23:04:25.097 [main] DEBUG org.apache.http.impl.conn.DefaultManagedHttpClientConnection -- http-outgoing-11: set socket timeout to 0
23:04:25.097 [main] DEBUG org.apache.http.impl.conn.PoolingHttpClientConnectionManager -- Connection released: [id: 11][route: {}->http://localhost:3000][total available: 1; route allocated: 1 of 5; total allocated: 1 of 10]
23:04:25.097 [main] DEBUG org.apache.http.impl.conn.PoolingHttpClientConnectionManager -- Connection manager is shutting down
23:04:25.097 [main] DEBUG org.apache.http.impl.conn.DefaultManagedHttpClientConnection -- http-outgoing-11: Close connection
23:04:25.097 [main] DEBUG org.apache.http.impl.conn.PoolingHttpClientConnectionManager -- Connection manager shut down
23:04:25.098 [main] DEBUG com.intuit.karate -- response time in milliseconds: 103
1 < 200
1 < X-Powered-By: Express
1 < Access-Control-Allow-Origin: *
1 < Content-Type: application/json; charset=utf-8
1 < Content-Length: 66
1 < ETag: W/"42-ZW95nhVL3cRDS6oE/ew2VwZ8cMw"
1 < Date: Fri, 20 Jun 2025 16:04:25 GMT
1 < Connection: keep-alive
1 < Keep-Alive: timeout=5
{
  "message": "?ã b? thích",
  "statusCode": 200,
  "status": "success"
}


23:04:25.099 [main] INFO com.intuit.karate -- [print] Calling unlike API v?i bearerToken: eyJhbGciOiJIUzI1NiIsInR5cCI6IkpXVCJ9.eyJzdWIiOiIwODUxNWIwNS0yZDNlLTQ3ODktYWQ2MC1kYjM1NTI1YTQ5NzAiLCJ1c2VybmFtZSI6Im5hbSIsInJvbGUiOjAsImlhdCI6MTc1MDQzMzEyOCwiZXhwIjoxNzUwNDM2NzI4fQ.LLNWdGI7R_rFyU4cQg2wm-V3Jq9O_6TIXzyRgCE6Uf4 
23:04:25.100 [main] INFO com.intuit.karate -- [print] Request body: {
  "targetId": "NULL_VALUE",
  "type": "post"
}
 
23:04:25.100 [main] INFO com.intuit.karate -- [print] Response status: 200 body: {
  "message": "?ã b? thích",
  "statusCode": 200,
  "status": "success"
}
 
23:04:25.102 [main] INFO com.intuit.karate -- STATUS MISMATCH - Expected: 400, Actual: 200 
23:04:25.102 [main] INFO com.intuit.karate -- Test Case Data: {
  "bearerToken": "",
  "targetId": "NULL_VALUE",
  "testDescription": "Ki?m tra tr??ng null targetId",
  "expectedStatus": 400.0,
  "expectedResult": "{\"error\": \"targetId cannot be null\"}",
  "responseStatus": "404",
  "result": "{\"success\":false,\"statusCode\":404,\"message\":\"Cannot DELETE /unlikes\",\"path\":\"/unlikes\",\"timestamp\":\"2025-06-20T16:03:58.937Z\"}"
}
 
23:04:25.102 [main] INFO com.intuit.karate -- Expected Status: 400.0 
23:04:25.102 [main] INFO com.intuit.karate -- Actual Status: 200 
23:04:25.102 [main] INFO com.intuit.karate -- Test case #12 - Status: 200, Result: {"message":"?ã b? thích","statusCode":200,"status":"success"} 
23:04:25.103 [main] INFO com.intuit.karate -- ?ang ch?y test case #13: Ki?m tra ?? dài targetId quá dài 
23:04:25.103 [main] INFO com.intuit.karate -- S? d?ng global bearer token t? config: eyJhbGciOiJIUzI1NiIsInR5cCI6IkpXVCJ9.eyJzdWIiOiIwODUxNWIwNS0yZDNlLTQ3ODktYWQ2MC1kYjM1NTI1YTQ5NzAiLCJ1c2VybmFtZSI6Im5hbSIsInJvbGUiOjAsImlhdCI6MTc1MDQzMzEyOCwiZXhwIjoxNzUwNDM2NzI4fQ.LLNWdGI7R_rFyU4cQg2wm-V3Jq9O_6TIXzyRgCE6Uf4 
23:04:25.110 [main] INFO com.intuit.karate -- karate.env system property was: null 
23:04:25.113 [main] DEBUG com.jayway.jsonpath.internal.path.CompiledPath -- Evaluating path: $
23:04:25.113 [main] DEBUG com.jayway.jsonpath.internal.path.CompiledPath -- Evaluating path: $
23:04:25.114 [main] DEBUG org.apache.http.client.protocol.RequestAddCookies -- CookieSpec selected: karate
23:04:25.114 [main] DEBUG org.apache.http.client.protocol.RequestAuthCache -- Auth cache not set in the context
23:04:25.114 [main] DEBUG com.intuit.karate -- request:
1 > DELETE http://localhost:3000/likes
1 > Authorization: Bearer eyJhbGciOiJIUzI1NiIsInR5cCI6IkpXVCJ9.eyJzdWIiOiIwODUxNWIwNS0yZDNlLTQ3ODktYWQ2MC1kYjM1NTI1YTQ5NzAiLCJ1c2VybmFtZSI6Im5hbSIsInJvbGUiOjAsImlhdCI6MTc1MDQzMzEyOCwiZXhwIjoxNzUwNDM2NzI4fQ.LLNWdGI7R_rFyU4cQg2wm-V3Jq9O_6TIXzyRgCE6Uf4
1 > Content-Type: application/json; charset=UTF-8
1 > Content-Length: 529
1 > Host: localhost:3000
1 > Connection: Keep-Alive
1 > User-Agent: Apache-HttpClient/4.5.14 (Java/17.0.9)
1 > Accept-Encoding: gzip,deflate
{
  "targetId": "aaaaaaaaaaaaaaaaaaaaaaaaaaaaaaaaaaaaaaaaaaaaaaaaaaaaaaaaaaaaaaaaaaaaaaaaaaaaaaaaaaaaaaaaaaaaaaaaaaaaaaaaaaaaaaaaaaaaaaaaaaaaaaaaaaaaaaaaaaaaaaaaaaaaaaaaaaaaaaaaaaaaaaaaaaaaaaaaaaaaaaaaaaaaaaaaaaaaaaaaaaaaaaaaaaaaaaaaaaaaaaaaaaaaaaaaaaaaaaaaaaaaaaaaaaaaaaaaaaaaaaaaaaaaaaaaaaaaaaaaaaaaaaaaaaaaaaaaaaaaaaaaaaaaaaaaaaaaaaaaaaaaaaaaaaaaaaaaaaaaaaaaaaaaaaaaaaaaaaaaaaaaaaaaaaaaaaaaaaaaaaaaaaaaaaaaaaaaaaaaaaaaaaaaaaaaaaaaaaaaaaaaaaaaaaaaaaaaaaaaaaaaaaaaaaaaaaaaaaaaaaaaaaaaaaaaaaaaaaaaaaaaaaaaaaaaaaaaaaaa",
  "type": "post"
}


23:04:25.115 [main] DEBUG org.apache.http.impl.conn.PoolingHttpClientConnectionManager -- Connection request: [route: {}->http://localhost:3000][total available: 0; route allocated: 0 of 5; total allocated: 0 of 10]
23:04:25.115 [main] DEBUG org.apache.http.impl.conn.PoolingHttpClientConnectionManager -- Connection leased: [id: 12][route: {}->http://localhost:3000][total available: 0; route allocated: 1 of 5; total allocated: 1 of 10]
23:04:25.115 [main] DEBUG org.apache.http.impl.execchain.MainClientExec -- Opening connection {}->http://localhost:3000
23:04:25.115 [main] DEBUG org.apache.http.impl.conn.DefaultHttpClientConnectionOperator -- Connecting to localhost/127.0.0.1:3000
23:04:25.115 [main] DEBUG org.apache.http.impl.conn.DefaultHttpClientConnectionOperator -- Connection established 127.0.0.1:64153<->127.0.0.1:3000
23:04:25.115 [main] DEBUG org.apache.http.impl.conn.DefaultManagedHttpClientConnection -- http-outgoing-12: set socket timeout to 5000
23:04:25.115 [main] DEBUG org.apache.http.impl.execchain.MainClientExec -- Executing request DELETE /likes HTTP/1.1
23:04:25.115 [main] DEBUG org.apache.http.impl.execchain.MainClientExec -- Proxy auth state: UNCHALLENGED
23:04:25.115 [main] DEBUG org.apache.http.headers -- http-outgoing-12 >> DELETE /likes HTTP/1.1
23:04:25.115 [main] DEBUG org.apache.http.headers -- http-outgoing-12 >> Authorization: Bearer eyJhbGciOiJIUzI1NiIsInR5cCI6IkpXVCJ9.eyJzdWIiOiIwODUxNWIwNS0yZDNlLTQ3ODktYWQ2MC1kYjM1NTI1YTQ5NzAiLCJ1c2VybmFtZSI6Im5hbSIsInJvbGUiOjAsImlhdCI6MTc1MDQzMzEyOCwiZXhwIjoxNzUwNDM2NzI4fQ.LLNWdGI7R_rFyU4cQg2wm-V3Jq9O_6TIXzyRgCE6Uf4
23:04:25.115 [main] DEBUG org.apache.http.headers -- http-outgoing-12 >> Content-Type: application/json; charset=UTF-8
23:04:25.115 [main] DEBUG org.apache.http.headers -- http-outgoing-12 >> Content-Length: 529
23:04:25.115 [main] DEBUG org.apache.http.headers -- http-outgoing-12 >> Host: localhost:3000
23:04:25.115 [main] DEBUG org.apache.http.headers -- http-outgoing-12 >> Connection: Keep-Alive
23:04:25.115 [main] DEBUG org.apache.http.headers -- http-outgoing-12 >> User-Agent: Apache-HttpClient/4.5.14 (Java/17.0.9)
23:04:25.115 [main] DEBUG org.apache.http.headers -- http-outgoing-12 >> Accept-Encoding: gzip,deflate
23:04:25.115 [main] DEBUG org.apache.http.wire -- http-outgoing-12 >> "DELETE /likes HTTP/1.1[\r][\n]"
23:04:25.116 [main] DEBUG org.apache.http.wire -- http-outgoing-12 >> "Authorization: Bearer eyJhbGciOiJIUzI1NiIsInR5cCI6IkpXVCJ9.eyJzdWIiOiIwODUxNWIwNS0yZDNlLTQ3ODktYWQ2MC1kYjM1NTI1YTQ5NzAiLCJ1c2VybmFtZSI6Im5hbSIsInJvbGUiOjAsImlhdCI6MTc1MDQzMzEyOCwiZXhwIjoxNzUwNDM2NzI4fQ.LLNWdGI7R_rFyU4cQg2wm-V3Jq9O_6TIXzyRgCE6Uf4[\r][\n]"
23:04:25.116 [main] DEBUG org.apache.http.wire -- http-outgoing-12 >> "Content-Type: application/json; charset=UTF-8[\r][\n]"
23:04:25.116 [main] DEBUG org.apache.http.wire -- http-outgoing-12 >> "Content-Length: 529[\r][\n]"
23:04:25.116 [main] DEBUG org.apache.http.wire -- http-outgoing-12 >> "Host: localhost:3000[\r][\n]"
23:04:25.116 [main] DEBUG org.apache.http.wire -- http-outgoing-12 >> "Connection: Keep-Alive[\r][\n]"
23:04:25.116 [main] DEBUG org.apache.http.wire -- http-outgoing-12 >> "User-Agent: Apache-HttpClient/4.5.14 (Java/17.0.9)[\r][\n]"
23:04:25.116 [main] DEBUG org.apache.http.wire -- http-outgoing-12 >> "Accept-Encoding: gzip,deflate[\r][\n]"
23:04:25.116 [main] DEBUG org.apache.http.wire -- http-outgoing-12 >> "[\r][\n]"
23:04:25.116 [main] DEBUG org.apache.http.wire -- http-outgoing-12 >> "{"targetId":"aaaaaaaaaaaaaaaaaaaaaaaaaaaaaaaaaaaaaaaaaaaaaaaaaaaaaaaaaaaaaaaaaaaaaaaaaaaaaaaaaaaaaaaaaaaaaaaaaaaaaaaaaaaaaaaaaaaaaaaaaaaaaaaaaaaaaaaaaaaaaaaaaaaaaaaaaaaaaaaaaaaaaaaaaaaaaaaaaaaaaaaaaaaaaaaaaaaaaaaaaaaaaaaaaaaaaaaaaaaaaaaaaaaaaaaaaaaaaaaaaaaaaaaaaaaaaaaaaaaaaaaaaaaaaaaaaaaaaaaaaaaaaaaaaaaaaaaaaaaaaaaaaaaaaaaaaaaaaaaaaaaaaaaaaaaaaaaaaaaaaaaaaaaaaaaaaaaaaaaaaaaaaaaaaaaaaaaaaaaaaaaaaaaaaaaaaaaaaaaaaaaaaaaaaaaaaaaaaaaaaaaaaaaaaaaaaaaaaaaaaaaaaaaaaaaaaaaaaaaaaaaaaaaaaaaaaaaaaaaaaaaaaaaaaaaaaaaaaaaa","type":"post"}"
23:04:25.201 [main] DEBUG org.apache.http.wire -- http-outgoing-12 << "HTTP/1.1 200 OK[\r][\n]"
23:04:25.202 [main] DEBUG org.apache.http.wire -- http-outgoing-12 << "X-Powered-By: Express[\r][\n]"
23:04:25.202 [main] DEBUG org.apache.http.wire -- http-outgoing-12 << "Access-Control-Allow-Origin: *[\r][\n]"
23:04:25.202 [main] DEBUG org.apache.http.wire -- http-outgoing-12 << "Content-Type: application/json; charset=utf-8[\r][\n]"
23:04:25.202 [main] DEBUG org.apache.http.wire -- http-outgoing-12 << "Content-Length: 66[\r][\n]"
23:04:25.202 [main] DEBUG org.apache.http.wire -- http-outgoing-12 << "ETag: W/"42-ZW95nhVL3cRDS6oE/ew2VwZ8cMw"[\r][\n]"
23:04:25.202 [main] DEBUG org.apache.http.wire -- http-outgoing-12 << "Date: Fri, 20 Jun 2025 16:04:25 GMT[\r][\n]"
23:04:25.202 [main] DEBUG org.apache.http.wire -- http-outgoing-12 << "Connection: keep-alive[\r][\n]"
23:04:25.202 [main] DEBUG org.apache.http.wire -- http-outgoing-12 << "Keep-Alive: timeout=5[\r][\n]"
23:04:25.202 [main] DEBUG org.apache.http.wire -- http-outgoing-12 << "[\r][\n]"
23:04:25.202 [main] DEBUG org.apache.http.wire -- http-outgoing-12 << "{"message":"[0xc4][0x90][0xc3][0xa3] b[0xe1][0xbb][0x8f] th[0xc3][0xad]ch","statusCode":200,"status":"success"}"
23:04:25.202 [main] DEBUG org.apache.http.headers -- http-outgoing-12 << HTTP/1.1 200 OK
23:04:25.202 [main] DEBUG org.apache.http.headers -- http-outgoing-12 << X-Powered-By: Express
23:04:25.202 [main] DEBUG org.apache.http.headers -- http-outgoing-12 << Access-Control-Allow-Origin: *
23:04:25.202 [main] DEBUG org.apache.http.headers -- http-outgoing-12 << Content-Type: application/json; charset=utf-8
23:04:25.202 [main] DEBUG org.apache.http.headers -- http-outgoing-12 << Content-Length: 66
23:04:25.202 [main] DEBUG org.apache.http.headers -- http-outgoing-12 << ETag: W/"42-ZW95nhVL3cRDS6oE/ew2VwZ8cMw"
23:04:25.202 [main] DEBUG org.apache.http.headers -- http-outgoing-12 << Date: Fri, 20 Jun 2025 16:04:25 GMT
23:04:25.202 [main] DEBUG org.apache.http.headers -- http-outgoing-12 << Connection: keep-alive
23:04:25.202 [main] DEBUG org.apache.http.headers -- http-outgoing-12 << Keep-Alive: timeout=5
23:04:25.202 [main] DEBUG org.apache.http.impl.execchain.MainClientExec -- Connection can be kept alive for 5000 MILLISECONDS
23:04:25.202 [main] DEBUG org.apache.http.impl.conn.PoolingHttpClientConnectionManager -- Connection [id: 12][route: {}->http://localhost:3000] can be kept alive for 5.0 seconds
23:04:25.202 [main] DEBUG org.apache.http.impl.conn.DefaultManagedHttpClientConnection -- http-outgoing-12: set socket timeout to 0
23:04:25.202 [main] DEBUG org.apache.http.impl.conn.PoolingHttpClientConnectionManager -- Connection released: [id: 12][route: {}->http://localhost:3000][total available: 1; route allocated: 1 of 5; total allocated: 1 of 10]
23:04:25.202 [main] DEBUG org.apache.http.impl.conn.PoolingHttpClientConnectionManager -- Connection manager is shutting down
23:04:25.202 [main] DEBUG org.apache.http.impl.conn.DefaultManagedHttpClientConnection -- http-outgoing-12: Close connection
23:04:25.202 [main] DEBUG org.apache.http.impl.conn.PoolingHttpClientConnectionManager -- Connection manager shut down
23:04:25.202 [main] DEBUG com.intuit.karate -- response time in milliseconds: 87
1 < 200
1 < X-Powered-By: Express
1 < Access-Control-Allow-Origin: *
1 < Content-Type: application/json; charset=utf-8
1 < Content-Length: 66
1 < ETag: W/"42-ZW95nhVL3cRDS6oE/ew2VwZ8cMw"
1 < Date: Fri, 20 Jun 2025 16:04:25 GMT
1 < Connection: keep-alive
1 < Keep-Alive: timeout=5
{
  "message": "?ã b? thích",
  "statusCode": 200,
  "status": "success"
}


23:04:25.203 [main] INFO com.intuit.karate -- [print] Calling unlike API v?i bearerToken: eyJhbGciOiJIUzI1NiIsInR5cCI6IkpXVCJ9.eyJzdWIiOiIwODUxNWIwNS0yZDNlLTQ3ODktYWQ2MC1kYjM1NTI1YTQ5NzAiLCJ1c2VybmFtZSI6Im5hbSIsInJvbGUiOjAsImlhdCI6MTc1MDQzMzEyOCwiZXhwIjoxNzUwNDM2NzI4fQ.LLNWdGI7R_rFyU4cQg2wm-V3Jq9O_6TIXzyRgCE6Uf4 
23:04:25.204 [main] INFO com.intuit.karate -- [print] Request body: {
  "targetId": "aaaaaaaaaaaaaaaaaaaaaaaaaaaaaaaaaaaaaaaaaaaaaaaaaaaaaaaaaaaaaaaaaaaaaaaaaaaaaaaaaaaaaaaaaaaaaaaaaaaaaaaaaaaaaaaaaaaaaaaaaaaaaaaaaaaaaaaaaaaaaaaaaaaaaaaaaaaaaaaaaaaaaaaaaaaaaaaaaaaaaaaaaaaaaaaaaaaaaaaaaaaaaaaaaaaaaaaaaaaaaaaaaaaaaaaaaaaaaaaaaaaaaaaaaaaaaaaaaaaaaaaaaaaaaaaaaaaaaaaaaaaaaaaaaaaaaaaaaaaaaaaaaaaaaaaaaaaaaaaaaaaaaaaaaaaaaaaaaaaaaaaaaaaaaaaaaaaaaaaaaaaaaaaaaaaaaaaaaaaaaaaaaaaaaaaaaaaaaaaaaaaaaaaaaaaaaaaaaaaaaaaaaaaaaaaaaaaaaaaaaaaaaaaaaaaaaaaaaaaaaaaaaaaaaaaaaaaaaaaaaaaaaaaaaaaaaaaaaaaa",
  "type": "post"
}
 
23:04:25.204 [main] INFO com.intuit.karate -- [print] Response status: 200 body: {
  "message": "?ã b? thích",
  "statusCode": 200,
  "status": "success"
}
 
23:04:25.205 [main] INFO com.intuit.karate -- STATUS MISMATCH - Expected: 400, Actual: 200 
23:04:25.205 [main] INFO com.intuit.karate -- Test Case Data: {
  "bearerToken": "",
  "targetId": "aaaaaaaaaaaaaaaaaaaaaaaaaaaaaaaaaaaaaaaaaaaaaaaaaaaaaaaaaaaaaaaaaaaaaaaaaaaaaaaaaaaaaaaaaaaaaaaaaaaaaaaaaaaaaaaaaaaaaaaaaaaaaaaaaaaaaaaaaaaaaaaaaaaaaaaaaaaaaaaaaaaaaaaaaaaaaaaaaaaaaaaaaaaaaaaaaaaaaaaaaaaaaaaaaaaaaaaaaaaaaaaaaaaaaaaaaaaaaaaaaaaaaaaaaaaaaaaaaaaaaaaaaaaaaaaaaaaaaaaaaaaaaaaaaaaaaaaaaaaaaaaaaaaaaaaaaaaaaaaaaaaaaaaaaaaaaaaaaaaaaaaaaaaaaaaaaaaaaaaaaaaaaaaaaaaaaaaaaaaaaaaaaaaaaaaaaaaaaaaaaaaaaaaaaaaaaaaaaaaaaaaaaaaaaaaaaaaaaaaaaaaaaaaaaaaaaaaaaaaaaaaaaaaaaaaaaaaaaaaaaaaaaaaaaaaaaaaaaaaa",
  "testDescription": "Ki?m tra ?? dài targetId quá dài",
  "expectedStatus": 400.0,
  "expectedResult": "{\"error\": \"targetId exceeds maximum length\"}",
  "responseStatus": "404",
  "result": "{\"success\":false,\"statusCode\":404,\"message\":\"Cannot DELETE /unlikes\",\"path\":\"/unlikes\",\"timestamp\":\"2025-06-20T16:03:58.966Z\"}"
}
 
23:04:25.205 [main] INFO com.intuit.karate -- Expected Status: 400.0 
23:04:25.205 [main] INFO com.intuit.karate -- Actual Status: 200 
23:04:25.205 [main] INFO com.intuit.karate -- Test case #13 - Status: 200, Result: {"message":"?ã b? thích","statusCode":200,"status":"success"} 
23:04:25.206 [main] INFO com.intuit.karate -- ?ang ch?y test case #14: Ki?m tra ký t? ??c bi?t trong targetId 
23:04:25.206 [main] INFO com.intuit.karate -- S? d?ng global bearer token t? config: eyJhbGciOiJIUzI1NiIsInR5cCI6IkpXVCJ9.eyJzdWIiOiIwODUxNWIwNS0yZDNlLTQ3ODktYWQ2MC1kYjM1NTI1YTQ5NzAiLCJ1c2VybmFtZSI6Im5hbSIsInJvbGUiOjAsImlhdCI6MTc1MDQzMzEyOCwiZXhwIjoxNzUwNDM2NzI4fQ.LLNWdGI7R_rFyU4cQg2wm-V3Jq9O_6TIXzyRgCE6Uf4 
23:04:25.211 [main] INFO com.intuit.karate -- karate.env system property was: null 
23:04:25.212 [main] DEBUG com.jayway.jsonpath.internal.path.CompiledPath -- Evaluating path: $
23:04:25.213 [main] DEBUG com.jayway.jsonpath.internal.path.CompiledPath -- Evaluating path: $
23:04:25.213 [main] DEBUG org.apache.http.client.protocol.RequestAddCookies -- CookieSpec selected: karate
23:04:25.213 [main] DEBUG org.apache.http.client.protocol.RequestAuthCache -- Auth cache not set in the context
23:04:25.213 [main] DEBUG com.intuit.karate -- request:
1 > DELETE http://localhost:3000/likes
1 > Authorization: Bearer eyJhbGciOiJIUzI1NiIsInR5cCI6IkpXVCJ9.eyJzdWIiOiIwODUxNWIwNS0yZDNlLTQ3ODktYWQ2MC1kYjM1NTI1YTQ5NzAiLCJ1c2VybmFtZSI6Im5hbSIsInJvbGUiOjAsImlhdCI6MTc1MDQzMzEyOCwiZXhwIjoxNzUwNDM2NzI4fQ.LLNWdGI7R_rFyU4cQg2wm-V3Jq9O_6TIXzyRgCE6Uf4
1 > Content-Type: application/json; charset=UTF-8
1 > Content-Length: 44
1 > Host: localhost:3000
1 > Connection: Keep-Alive
1 > User-Agent: Apache-HttpClient/4.5.14 (Java/17.0.9)
1 > Accept-Encoding: gzip,deflate
{
  "targetId": "target@#$%^&*()",
  "type": "post"
}


23:04:25.214 [main] DEBUG org.apache.http.impl.conn.PoolingHttpClientConnectionManager -- Connection request: [route: {}->http://localhost:3000][total available: 0; route allocated: 0 of 5; total allocated: 0 of 10]
23:04:25.214 [main] DEBUG org.apache.http.impl.conn.PoolingHttpClientConnectionManager -- Connection leased: [id: 13][route: {}->http://localhost:3000][total available: 0; route allocated: 1 of 5; total allocated: 1 of 10]
23:04:25.214 [main] DEBUG org.apache.http.impl.execchain.MainClientExec -- Opening connection {}->http://localhost:3000
23:04:25.214 [main] DEBUG org.apache.http.impl.conn.DefaultHttpClientConnectionOperator -- Connecting to localhost/127.0.0.1:3000
23:04:25.215 [main] DEBUG org.apache.http.impl.conn.DefaultHttpClientConnectionOperator -- Connection established 127.0.0.1:64154<->127.0.0.1:3000
23:04:25.215 [main] DEBUG org.apache.http.impl.conn.DefaultManagedHttpClientConnection -- http-outgoing-13: set socket timeout to 5000
23:04:25.215 [main] DEBUG org.apache.http.impl.execchain.MainClientExec -- Executing request DELETE /likes HTTP/1.1
23:04:25.215 [main] DEBUG org.apache.http.impl.execchain.MainClientExec -- Proxy auth state: UNCHALLENGED
23:04:25.215 [main] DEBUG org.apache.http.headers -- http-outgoing-13 >> DELETE /likes HTTP/1.1
23:04:25.215 [main] DEBUG org.apache.http.headers -- http-outgoing-13 >> Authorization: Bearer eyJhbGciOiJIUzI1NiIsInR5cCI6IkpXVCJ9.eyJzdWIiOiIwODUxNWIwNS0yZDNlLTQ3ODktYWQ2MC1kYjM1NTI1YTQ5NzAiLCJ1c2VybmFtZSI6Im5hbSIsInJvbGUiOjAsImlhdCI6MTc1MDQzMzEyOCwiZXhwIjoxNzUwNDM2NzI4fQ.LLNWdGI7R_rFyU4cQg2wm-V3Jq9O_6TIXzyRgCE6Uf4
23:04:25.215 [main] DEBUG org.apache.http.headers -- http-outgoing-13 >> Content-Type: application/json; charset=UTF-8
23:04:25.215 [main] DEBUG org.apache.http.headers -- http-outgoing-13 >> Content-Length: 44
23:04:25.215 [main] DEBUG org.apache.http.headers -- http-outgoing-13 >> Host: localhost:3000
23:04:25.215 [main] DEBUG org.apache.http.headers -- http-outgoing-13 >> Connection: Keep-Alive
23:04:25.215 [main] DEBUG org.apache.http.headers -- http-outgoing-13 >> User-Agent: Apache-HttpClient/4.5.14 (Java/17.0.9)
23:04:25.215 [main] DEBUG org.apache.http.headers -- http-outgoing-13 >> Accept-Encoding: gzip,deflate
23:04:25.215 [main] DEBUG org.apache.http.wire -- http-outgoing-13 >> "DELETE /likes HTTP/1.1[\r][\n]"
23:04:25.215 [main] DEBUG org.apache.http.wire -- http-outgoing-13 >> "Authorization: Bearer eyJhbGciOiJIUzI1NiIsInR5cCI6IkpXVCJ9.eyJzdWIiOiIwODUxNWIwNS0yZDNlLTQ3ODktYWQ2MC1kYjM1NTI1YTQ5NzAiLCJ1c2VybmFtZSI6Im5hbSIsInJvbGUiOjAsImlhdCI6MTc1MDQzMzEyOCwiZXhwIjoxNzUwNDM2NzI4fQ.LLNWdGI7R_rFyU4cQg2wm-V3Jq9O_6TIXzyRgCE6Uf4[\r][\n]"
23:04:25.215 [main] DEBUG org.apache.http.wire -- http-outgoing-13 >> "Content-Type: application/json; charset=UTF-8[\r][\n]"
23:04:25.215 [main] DEBUG org.apache.http.wire -- http-outgoing-13 >> "Content-Length: 44[\r][\n]"
23:04:25.215 [main] DEBUG org.apache.http.wire -- http-outgoing-13 >> "Host: localhost:3000[\r][\n]"
23:04:25.215 [main] DEBUG org.apache.http.wire -- http-outgoing-13 >> "Connection: Keep-Alive[\r][\n]"
23:04:25.215 [main] DEBUG org.apache.http.wire -- http-outgoing-13 >> "User-Agent: Apache-HttpClient/4.5.14 (Java/17.0.9)[\r][\n]"
23:04:25.215 [main] DEBUG org.apache.http.wire -- http-outgoing-13 >> "Accept-Encoding: gzip,deflate[\r][\n]"
23:04:25.215 [main] DEBUG org.apache.http.wire -- http-outgoing-13 >> "[\r][\n]"
23:04:25.215 [main] DEBUG org.apache.http.wire -- http-outgoing-13 >> "{"targetId":"target@#$%^&*()","type":"post"}"
23:04:25.296 [main] DEBUG org.apache.http.wire -- http-outgoing-13 << "HTTP/1.1 200 OK[\r][\n]"
23:04:25.296 [main] DEBUG org.apache.http.wire -- http-outgoing-13 << "X-Powered-By: Express[\r][\n]"
23:04:25.296 [main] DEBUG org.apache.http.wire -- http-outgoing-13 << "Access-Control-Allow-Origin: *[\r][\n]"
23:04:25.296 [main] DEBUG org.apache.http.wire -- http-outgoing-13 << "Content-Type: application/json; charset=utf-8[\r][\n]"
23:04:25.296 [main] DEBUG org.apache.http.wire -- http-outgoing-13 << "Content-Length: 66[\r][\n]"
23:04:25.296 [main] DEBUG org.apache.http.wire -- http-outgoing-13 << "ETag: W/"42-ZW95nhVL3cRDS6oE/ew2VwZ8cMw"[\r][\n]"
23:04:25.296 [main] DEBUG org.apache.http.wire -- http-outgoing-13 << "Date: Fri, 20 Jun 2025 16:04:25 GMT[\r][\n]"
23:04:25.296 [main] DEBUG org.apache.http.wire -- http-outgoing-13 << "Connection: keep-alive[\r][\n]"
23:04:25.296 [main] DEBUG org.apache.http.wire -- http-outgoing-13 << "Keep-Alive: timeout=5[\r][\n]"
23:04:25.296 [main] DEBUG org.apache.http.wire -- http-outgoing-13 << "[\r][\n]"
23:04:25.296 [main] DEBUG org.apache.http.wire -- http-outgoing-13 << "{"message":"[0xc4][0x90][0xc3][0xa3] b[0xe1][0xbb][0x8f] th[0xc3][0xad]ch","statusCode":200,"status":"success"}"
23:04:25.296 [main] DEBUG org.apache.http.headers -- http-outgoing-13 << HTTP/1.1 200 OK
23:04:25.296 [main] DEBUG org.apache.http.headers -- http-outgoing-13 << X-Powered-By: Express
23:04:25.296 [main] DEBUG org.apache.http.headers -- http-outgoing-13 << Access-Control-Allow-Origin: *
23:04:25.296 [main] DEBUG org.apache.http.headers -- http-outgoing-13 << Content-Type: application/json; charset=utf-8
23:04:25.296 [main] DEBUG org.apache.http.headers -- http-outgoing-13 << Content-Length: 66
23:04:25.296 [main] DEBUG org.apache.http.headers -- http-outgoing-13 << ETag: W/"42-ZW95nhVL3cRDS6oE/ew2VwZ8cMw"
23:04:25.296 [main] DEBUG org.apache.http.headers -- http-outgoing-13 << Date: Fri, 20 Jun 2025 16:04:25 GMT
23:04:25.296 [main] DEBUG org.apache.http.headers -- http-outgoing-13 << Connection: keep-alive
23:04:25.296 [main] DEBUG org.apache.http.headers -- http-outgoing-13 << Keep-Alive: timeout=5
23:04:25.297 [main] DEBUG org.apache.http.impl.execchain.MainClientExec -- Connection can be kept alive for 5000 MILLISECONDS
23:04:25.297 [main] DEBUG org.apache.http.impl.conn.PoolingHttpClientConnectionManager -- Connection [id: 13][route: {}->http://localhost:3000] can be kept alive for 5.0 seconds
23:04:25.297 [main] DEBUG org.apache.http.impl.conn.DefaultManagedHttpClientConnection -- http-outgoing-13: set socket timeout to 0
23:04:25.297 [main] DEBUG org.apache.http.impl.conn.PoolingHttpClientConnectionManager -- Connection released: [id: 13][route: {}->http://localhost:3000][total available: 1; route allocated: 1 of 5; total allocated: 1 of 10]
23:04:25.297 [main] DEBUG org.apache.http.impl.conn.PoolingHttpClientConnectionManager -- Connection manager is shutting down
23:04:25.297 [main] DEBUG org.apache.http.impl.conn.DefaultManagedHttpClientConnection -- http-outgoing-13: Close connection
23:04:25.297 [main] DEBUG org.apache.http.impl.conn.PoolingHttpClientConnectionManager -- Connection manager shut down
23:04:25.297 [main] DEBUG com.intuit.karate -- response time in milliseconds: 83
1 < 200
1 < X-Powered-By: Express
1 < Access-Control-Allow-Origin: *
1 < Content-Type: application/json; charset=utf-8
1 < Content-Length: 66
1 < ETag: W/"42-ZW95nhVL3cRDS6oE/ew2VwZ8cMw"
1 < Date: Fri, 20 Jun 2025 16:04:25 GMT
1 < Connection: keep-alive
1 < Keep-Alive: timeout=5
{
  "message": "?ã b? thích",
  "statusCode": 200,
  "status": "success"
}


23:04:25.298 [main] INFO com.intuit.karate -- [print] Calling unlike API v?i bearerToken: eyJhbGciOiJIUzI1NiIsInR5cCI6IkpXVCJ9.eyJzdWIiOiIwODUxNWIwNS0yZDNlLTQ3ODktYWQ2MC1kYjM1NTI1YTQ5NzAiLCJ1c2VybmFtZSI6Im5hbSIsInJvbGUiOjAsImlhdCI6MTc1MDQzMzEyOCwiZXhwIjoxNzUwNDM2NzI4fQ.LLNWdGI7R_rFyU4cQg2wm-V3Jq9O_6TIXzyRgCE6Uf4 
23:04:25.298 [main] INFO com.intuit.karate -- [print] Request body: {
  "targetId": "target@#$%^&*()",
  "type": "post"
}
 
23:04:25.300 [main] INFO com.intuit.karate -- [print] Response status: 200 body: {
  "message": "?ã b? thích",
  "statusCode": 200,
  "status": "success"
}
 
23:04:25.300 [main] INFO com.intuit.karate -- STATUS MISMATCH - Expected: 400, Actual: 200 
23:04:25.300 [main] INFO com.intuit.karate -- Test Case Data: {
  "bearerToken": "",
  "targetId": "target@#$%^&*()",
  "testDescription": "Ki?m tra ký t? ??c bi?t trong targetId",
  "expectedStatus": 400.0,
  "expectedResult": "{\"error\": \"Invalid targetId format\"}",
  "responseStatus": "404",
  "result": "{\"success\":false,\"statusCode\":404,\"message\":\"Cannot DELETE /unlikes\",\"path\":\"/unlikes\",\"timestamp\":\"2025-06-20T16:03:58.987Z\"}"
}
 
23:04:25.300 [main] INFO com.intuit.karate -- Expected Status: 400.0 
23:04:25.300 [main] INFO com.intuit.karate -- Actual Status: 200 
23:04:25.300 [main] INFO com.intuit.karate -- Test case #14 - Status: 200, Result: {"message":"?ã b? thích","statusCode":200,"status":"success"} 
23:04:25.300 [main] INFO com.intuit.karate -- ?ang ch?y test case #15: Unlike v?i UUID h?p l? khác 
23:04:25.300 [main] INFO com.intuit.karate -- S? d?ng global bearer token t? config: eyJhbGciOiJIUzI1NiIsInR5cCI6IkpXVCJ9.eyJzdWIiOiIwODUxNWIwNS0yZDNlLTQ3ODktYWQ2MC1kYjM1NTI1YTQ5NzAiLCJ1c2VybmFtZSI6Im5hbSIsInJvbGUiOjAsImlhdCI6MTc1MDQzMzEyOCwiZXhwIjoxNzUwNDM2NzI4fQ.LLNWdGI7R_rFyU4cQg2wm-V3Jq9O_6TIXzyRgCE6Uf4 
23:04:25.307 [main] INFO com.intuit.karate -- karate.env system property was: null 
23:04:25.308 [main] DEBUG com.jayway.jsonpath.internal.path.CompiledPath -- Evaluating path: $
23:04:25.309 [main] DEBUG com.jayway.jsonpath.internal.path.CompiledPath -- Evaluating path: $
23:04:25.310 [main] DEBUG org.apache.http.client.protocol.RequestAddCookies -- CookieSpec selected: karate
23:04:25.310 [main] DEBUG org.apache.http.client.protocol.RequestAuthCache -- Auth cache not set in the context
23:04:25.310 [main] DEBUG com.intuit.karate -- request:
1 > DELETE http://localhost:3000/likes
1 > Authorization: Bearer eyJhbGciOiJIUzI1NiIsInR5cCI6IkpXVCJ9.eyJzdWIiOiIwODUxNWIwNS0yZDNlLTQ3ODktYWQ2MC1kYjM1NTI1YTQ5NzAiLCJ1c2VybmFtZSI6Im5hbSIsInJvbGUiOjAsImlhdCI6MTc1MDQzMzEyOCwiZXhwIjoxNzUwNDM2NzI4fQ.LLNWdGI7R_rFyU4cQg2wm-V3Jq9O_6TIXzyRgCE6Uf4
1 > Content-Type: application/json; charset=UTF-8
1 > Content-Length: 65
1 > Host: localhost:3000
1 > Connection: Keep-Alive
1 > User-Agent: Apache-HttpClient/4.5.14 (Java/17.0.9)
1 > Accept-Encoding: gzip,deflate
{
  "targetId": "550e8400-e29b-41d4-a716-446655440000",
  "type": "post"
}


23:04:25.310 [main] DEBUG org.apache.http.impl.conn.PoolingHttpClientConnectionManager -- Connection request: [route: {}->http://localhost:3000][total available: 0; route allocated: 0 of 5; total allocated: 0 of 10]
23:04:25.310 [main] DEBUG org.apache.http.impl.conn.PoolingHttpClientConnectionManager -- Connection leased: [id: 14][route: {}->http://localhost:3000][total available: 0; route allocated: 1 of 5; total allocated: 1 of 10]
23:04:25.310 [main] DEBUG org.apache.http.impl.execchain.MainClientExec -- Opening connection {}->http://localhost:3000
23:04:25.310 [main] DEBUG org.apache.http.impl.conn.DefaultHttpClientConnectionOperator -- Connecting to localhost/127.0.0.1:3000
23:04:25.310 [main] DEBUG org.apache.http.impl.conn.DefaultHttpClientConnectionOperator -- Connection established 127.0.0.1:64155<->127.0.0.1:3000
23:04:25.310 [main] DEBUG org.apache.http.impl.conn.DefaultManagedHttpClientConnection -- http-outgoing-14: set socket timeout to 5000
23:04:25.310 [main] DEBUG org.apache.http.impl.execchain.MainClientExec -- Executing request DELETE /likes HTTP/1.1
23:04:25.310 [main] DEBUG org.apache.http.impl.execchain.MainClientExec -- Proxy auth state: UNCHALLENGED
23:04:25.310 [main] DEBUG org.apache.http.headers -- http-outgoing-14 >> DELETE /likes HTTP/1.1
23:04:25.310 [main] DEBUG org.apache.http.headers -- http-outgoing-14 >> Authorization: Bearer eyJhbGciOiJIUzI1NiIsInR5cCI6IkpXVCJ9.eyJzdWIiOiIwODUxNWIwNS0yZDNlLTQ3ODktYWQ2MC1kYjM1NTI1YTQ5NzAiLCJ1c2VybmFtZSI6Im5hbSIsInJvbGUiOjAsImlhdCI6MTc1MDQzMzEyOCwiZXhwIjoxNzUwNDM2NzI4fQ.LLNWdGI7R_rFyU4cQg2wm-V3Jq9O_6TIXzyRgCE6Uf4
23:04:25.310 [main] DEBUG org.apache.http.headers -- http-outgoing-14 >> Content-Type: application/json; charset=UTF-8
23:04:25.310 [main] DEBUG org.apache.http.headers -- http-outgoing-14 >> Content-Length: 65
23:04:25.310 [main] DEBUG org.apache.http.headers -- http-outgoing-14 >> Host: localhost:3000
23:04:25.310 [main] DEBUG org.apache.http.headers -- http-outgoing-14 >> Connection: Keep-Alive
23:04:25.310 [main] DEBUG org.apache.http.headers -- http-outgoing-14 >> User-Agent: Apache-HttpClient/4.5.14 (Java/17.0.9)
23:04:25.310 [main] DEBUG org.apache.http.headers -- http-outgoing-14 >> Accept-Encoding: gzip,deflate
23:04:25.310 [main] DEBUG org.apache.http.wire -- http-outgoing-14 >> "DELETE /likes HTTP/1.1[\r][\n]"
23:04:25.310 [main] DEBUG org.apache.http.wire -- http-outgoing-14 >> "Authorization: Bearer eyJhbGciOiJIUzI1NiIsInR5cCI6IkpXVCJ9.eyJzdWIiOiIwODUxNWIwNS0yZDNlLTQ3ODktYWQ2MC1kYjM1NTI1YTQ5NzAiLCJ1c2VybmFtZSI6Im5hbSIsInJvbGUiOjAsImlhdCI6MTc1MDQzMzEyOCwiZXhwIjoxNzUwNDM2NzI4fQ.LLNWdGI7R_rFyU4cQg2wm-V3Jq9O_6TIXzyRgCE6Uf4[\r][\n]"
23:04:25.310 [main] DEBUG org.apache.http.wire -- http-outgoing-14 >> "Content-Type: application/json; charset=UTF-8[\r][\n]"
23:04:25.310 [main] DEBUG org.apache.http.wire -- http-outgoing-14 >> "Content-Length: 65[\r][\n]"
23:04:25.310 [main] DEBUG org.apache.http.wire -- http-outgoing-14 >> "Host: localhost:3000[\r][\n]"
23:04:25.310 [main] DEBUG org.apache.http.wire -- http-outgoing-14 >> "Connection: Keep-Alive[\r][\n]"
23:04:25.310 [main] DEBUG org.apache.http.wire -- http-outgoing-14 >> "User-Agent: Apache-HttpClient/4.5.14 (Java/17.0.9)[\r][\n]"
23:04:25.310 [main] DEBUG org.apache.http.wire -- http-outgoing-14 >> "Accept-Encoding: gzip,deflate[\r][\n]"
23:04:25.310 [main] DEBUG org.apache.http.wire -- http-outgoing-14 >> "[\r][\n]"
23:04:25.310 [main] DEBUG org.apache.http.wire -- http-outgoing-14 >> "{"targetId":"550e8400-e29b-41d4-a716-446655440000","type":"post"}"
23:04:25.391 [main] DEBUG org.apache.http.wire -- http-outgoing-14 << "HTTP/1.1 200 OK[\r][\n]"
23:04:25.391 [main] DEBUG org.apache.http.wire -- http-outgoing-14 << "X-Powered-By: Express[\r][\n]"
23:04:25.391 [main] DEBUG org.apache.http.wire -- http-outgoing-14 << "Access-Control-Allow-Origin: *[\r][\n]"
23:04:25.391 [main] DEBUG org.apache.http.wire -- http-outgoing-14 << "Content-Type: application/json; charset=utf-8[\r][\n]"
23:04:25.391 [main] DEBUG org.apache.http.wire -- http-outgoing-14 << "Content-Length: 66[\r][\n]"
23:04:25.391 [main] DEBUG org.apache.http.wire -- http-outgoing-14 << "ETag: W/"42-ZW95nhVL3cRDS6oE/ew2VwZ8cMw"[\r][\n]"
23:04:25.391 [main] DEBUG org.apache.http.wire -- http-outgoing-14 << "Date: Fri, 20 Jun 2025 16:04:25 GMT[\r][\n]"
23:04:25.391 [main] DEBUG org.apache.http.wire -- http-outgoing-14 << "Connection: keep-alive[\r][\n]"
23:04:25.391 [main] DEBUG org.apache.http.wire -- http-outgoing-14 << "Keep-Alive: timeout=5[\r][\n]"
23:04:25.391 [main] DEBUG org.apache.http.wire -- http-outgoing-14 << "[\r][\n]"
23:04:25.391 [main] DEBUG org.apache.http.wire -- http-outgoing-14 << "{"message":"[0xc4][0x90][0xc3][0xa3] b[0xe1][0xbb][0x8f] th[0xc3][0xad]ch","statusCode":200,"status":"success"}"
23:04:25.391 [main] DEBUG org.apache.http.headers -- http-outgoing-14 << HTTP/1.1 200 OK
23:04:25.391 [main] DEBUG org.apache.http.headers -- http-outgoing-14 << X-Powered-By: Express
23:04:25.391 [main] DEBUG org.apache.http.headers -- http-outgoing-14 << Access-Control-Allow-Origin: *
23:04:25.391 [main] DEBUG org.apache.http.headers -- http-outgoing-14 << Content-Type: application/json; charset=utf-8
23:04:25.391 [main] DEBUG org.apache.http.headers -- http-outgoing-14 << Content-Length: 66
23:04:25.391 [main] DEBUG org.apache.http.headers -- http-outgoing-14 << ETag: W/"42-ZW95nhVL3cRDS6oE/ew2VwZ8cMw"
23:04:25.391 [main] DEBUG org.apache.http.headers -- http-outgoing-14 << Date: Fri, 20 Jun 2025 16:04:25 GMT
23:04:25.391 [main] DEBUG org.apache.http.headers -- http-outgoing-14 << Connection: keep-alive
23:04:25.391 [main] DEBUG org.apache.http.headers -- http-outgoing-14 << Keep-Alive: timeout=5
23:04:25.391 [main] DEBUG org.apache.http.impl.execchain.MainClientExec -- Connection can be kept alive for 5000 MILLISECONDS
23:04:25.393 [main] DEBUG org.apache.http.impl.conn.PoolingHttpClientConnectionManager -- Connection [id: 14][route: {}->http://localhost:3000] can be kept alive for 5.0 seconds
23:04:25.393 [main] DEBUG org.apache.http.impl.conn.DefaultManagedHttpClientConnection -- http-outgoing-14: set socket timeout to 0
23:04:25.393 [main] DEBUG org.apache.http.impl.conn.PoolingHttpClientConnectionManager -- Connection released: [id: 14][route: {}->http://localhost:3000][total available: 1; route allocated: 1 of 5; total allocated: 1 of 10]
23:04:25.393 [main] DEBUG org.apache.http.impl.conn.PoolingHttpClientConnectionManager -- Connection manager is shutting down
23:04:25.393 [main] DEBUG org.apache.http.impl.conn.DefaultManagedHttpClientConnection -- http-outgoing-14: Close connection
23:04:25.393 [main] DEBUG org.apache.http.impl.conn.PoolingHttpClientConnectionManager -- Connection manager shut down
23:04:25.393 [main] DEBUG com.intuit.karate -- response time in milliseconds: 83
1 < 200
1 < X-Powered-By: Express
1 < Access-Control-Allow-Origin: *
1 < Content-Type: application/json; charset=utf-8
1 < Content-Length: 66
1 < ETag: W/"42-ZW95nhVL3cRDS6oE/ew2VwZ8cMw"
1 < Date: Fri, 20 Jun 2025 16:04:25 GMT
1 < Connection: keep-alive
1 < Keep-Alive: timeout=5
{
  "message": "?ã b? thích",
  "statusCode": 200,
  "status": "success"
}


23:04:25.394 [main] INFO com.intuit.karate -- [print] Calling unlike API v?i bearerToken: eyJhbGciOiJIUzI1NiIsInR5cCI6IkpXVCJ9.eyJzdWIiOiIwODUxNWIwNS0yZDNlLTQ3ODktYWQ2MC1kYjM1NTI1YTQ5NzAiLCJ1c2VybmFtZSI6Im5hbSIsInJvbGUiOjAsImlhdCI6MTc1MDQzMzEyOCwiZXhwIjoxNzUwNDM2NzI4fQ.LLNWdGI7R_rFyU4cQg2wm-V3Jq9O_6TIXzyRgCE6Uf4 
23:04:25.395 [main] INFO com.intuit.karate -- [print] Request body: {
  "targetId": "550e8400-e29b-41d4-a716-446655440000",
  "type": "post"
}
 
23:04:25.395 [main] INFO com.intuit.karate -- [print] Response status: 200 body: {
  "message": "?ã b? thích",
  "statusCode": 200,
  "status": "success"
}
 
23:04:25.395 [main] INFO com.intuit.karate -- Test Case Data: {
  "bearerToken": "",
  "targetId": "550e8400-e29b-41d4-a716-446655440000",
  "testDescription": "Unlike v?i UUID h?p l? khác",
  "expectedStatus": 200.0,
  "expectedResult": "{\"message\": \"Unliked successfully\"}",
  "responseStatus": "404",
  "result": "{\"success\":false,\"statusCode\":404,\"message\":\"Cannot DELETE /unlikes\",\"path\":\"/unlikes\",\"timestamp\":\"2025-06-20T16:03:59.007Z\"}"
}
 
23:04:25.396 [main] INFO com.intuit.karate -- Expected Status: 200.0 
23:04:25.396 [main] INFO com.intuit.karate -- Actual Status: 200 
23:04:25.396 [main] INFO com.intuit.karate -- Test case #15 - Status: 200, Result: {"message":"?ã b? thích","statusCode":200,"status":"success"} 
23:04:25.396 [main] DEBUG com.intuit.karate.core.ScenarioEngine -- over-writing existing variable 'testResults' with new value: results
23:04:25.397 [main] INFO com.intuit.karate -- [print] Hoàn thành t?t c? test cases unlike. ?ang ghi k?t qu? vào Excel... 
23:04:25.397 [main] INFO com.intuit.karate -- [print] Ghi k?t qu? vào Excel... 
23:04:25.612 [main] INFO com.intuit.karate -- ?ã ghi k?t qu? unlike vào Excel thành công! 
23:04:25.614 [main] DEBUG com.jayway.jsonpath.internal.path.CompiledPath -- Evaluating path: $
23:04:25.614 [main] DEBUG com.jayway.jsonpath.internal.path.CompiledPath -- Evaluating path: $
23:04:25.614 [main] DEBUG com.jayway.jsonpath.internal.path.CompiledPath -- Evaluating path: $
23:04:25.615 [main] DEBUG com.jayway.jsonpath.internal.path.CompiledPath -- Evaluating path: $
23:04:25.615 [main] DEBUG com.jayway.jsonpath.internal.path.CompiledPath -- Evaluating path: $
23:04:25.615 [main] DEBUG com.jayway.jsonpath.internal.path.CompiledPath -- Evaluating path: $
23:04:25.615 [main] DEBUG com.jayway.jsonpath.internal.path.CompiledPath -- Evaluating path: $
23:04:25.615 [main] DEBUG com.jayway.jsonpath.internal.path.CompiledPath -- Evaluating path: $
23:04:25.615 [main] DEBUG com.jayway.jsonpath.internal.path.CompiledPath -- Evaluating path: $
23:04:25.615 [main] DEBUG com.jayway.jsonpath.internal.path.CompiledPath -- Evaluating path: $
23:04:25.615 [main] DEBUG com.jayway.jsonpath.internal.path.CompiledPath -- Evaluating path: $
23:04:25.616 [main] DEBUG com.jayway.jsonpath.internal.path.CompiledPath -- Evaluating path: $
23:04:25.616 [main] DEBUG com.jayway.jsonpath.internal.path.CompiledPath -- Evaluating path: $
23:04:25.616 [main] DEBUG com.jayway.jsonpath.internal.path.CompiledPath -- Evaluating path: $
23:04:25.616 [main] DEBUG com.jayway.jsonpath.internal.path.CompiledPath -- Evaluating path: $
23:04:25.626 [main] DEBUG com.jayway.jsonpath.internal.path.CompiledPath -- Evaluating path: $
23:04:25.626 [main] DEBUG com.jayway.jsonpath.internal.path.CompiledPath -- Evaluating path: $
23:04:25.626 [main] DEBUG com.jayway.jsonpath.internal.path.CompiledPath -- Evaluating path: $
23:04:25.626 [main] DEBUG com.jayway.jsonpath.internal.path.CompiledPath -- Evaluating path: $
23:04:25.626 [main] DEBUG com.jayway.jsonpath.internal.path.CompiledPath -- Evaluating path: $
23:04:25.626 [main] DEBUG com.jayway.jsonpath.internal.path.CompiledPath -- Evaluating path: $
23:04:25.626 [main] DEBUG com.jayway.jsonpath.internal.path.CompiledPath -- Evaluating path: $
23:04:25.626 [main] DEBUG com.jayway.jsonpath.internal.path.CompiledPath -- Evaluating path: $
23:04:25.626 [main] DEBUG com.jayway.jsonpath.internal.path.CompiledPath -- Evaluating path: $
23:04:25.628 [main] DEBUG com.jayway.jsonpath.internal.path.CompiledPath -- Evaluating path: $
23:04:25.628 [main] DEBUG com.jayway.jsonpath.internal.path.CompiledPath -- Evaluating path: $
23:04:25.628 [main] DEBUG com.jayway.jsonpath.internal.path.CompiledPath -- Evaluating path: $
23:04:25.628 [main] DEBUG com.jayway.jsonpath.internal.path.CompiledPath -- Evaluating path: $
23:04:25.628 [main] DEBUG com.jayway.jsonpath.internal.path.CompiledPath -- Evaluating path: $
23:04:25.628 [main] DEBUG com.jayway.jsonpath.internal.path.CompiledPath -- Evaluating path: $
23:04:25.654 [main] DEBUG org.thymeleaf.TemplateEngine -- [THYMELEAF] INITIALIZING TEMPLATE ENGINE
23:04:25.779 [main] DEBUG org.thymeleaf.TemplateEngine.CONFIG -- Initializing Thymeleaf Template engine configuration...
[THYMELEAF] TEMPLATE ENGINE CONFIGURATION:
[THYMELEAF] * Thymeleaf version: 3.1.2.RELEASE (built 2023-07-30T19:25:50+0000)
[THYMELEAF] * Cache Manager implementation: org.thymeleaf.cache.StandardCacheManager
[THYMELEAF] * Template resolvers:
[THYMELEAF]     * [1] com.intuit.karate.template.ResourceHtmlTemplateResolver
[THYMELEAF] * Message resolvers:
[THYMELEAF]     * org.thymeleaf.messageresolver.StandardMessageResolver
[THYMELEAF] * Link builders:
[THYMELEAF]     * org.thymeleaf.linkbuilder.StandardLinkBuilder
[THYMELEAF] * Dialect [1 of 2]: Standard (com.intuit.karate.template.KarateStandardDialect)
[THYMELEAF]     * Prefix: "th"
[THYMELEAF]     * Processors for Template Mode: HTML
[THYMELEAF]         * Element Tag Processors by [matching element and attribute name] [precedence]:
[THYMELEAF]             * [* {th:include,data-th-include}] [100]: org.thymeleaf.standard.processor.StandardIncludeTagProcessor
[THYMELEAF]             * [* {th:insert,data-th-insert}] [100]: org.thymeleaf.standard.processor.StandardInsertTagProcessor
[THYMELEAF]             * [* {th:replace,data-th-replace}] [100]: org.thymeleaf.standard.processor.StandardReplaceTagProcessor
[THYMELEAF]             * [* {th:each,data-th-each}] [200]: com.intuit.karate.template.KarateEachTagProcessor
[THYMELEAF]             * [* {th:switch,data-th-switch}] [250]: org.thymeleaf.standard.processor.StandardSwitchTagProcessor
[THYMELEAF]             * [* {th:case,data-th-case}] [275]: org.thymeleaf.standard.processor.StandardCaseTagProcessor
[THYMELEAF]             * [* {th:if,data-th-if}] [300]: org.thymeleaf.standard.processor.StandardIfTagProcessor
[THYMELEAF]             * [* {th:unless,data-th-unless}] [400]: org.thymeleaf.standard.processor.StandardUnlessTagProcessor
[THYMELEAF]             * [* {th:object,data-th-object}] [500]: org.thymeleaf.standard.processor.StandardObjectTagProcessor
[THYMELEAF]             * [* {th:with,data-th-with}] [600]: com.intuit.karate.template.KarateWithTagProcessor
[THYMELEAF]             * [* {th:attr,data-th-attr}] [700]: com.intuit.karate.template.KarateAttributeTagProcessor.KarateAttrTagProcessor
[THYMELEAF]             * [* {th:attrappend,data-th-attrappend}] [900]: com.intuit.karate.template.KarateAttributeTagProcessor.KarateAttrappendTagProcessor
[THYMELEAF]             * [* {th:attrprepend,data-th-attrprepend}] [900]: com.intuit.karate.template.KarateAttributeTagProcessor.KarateAttrprependTagProcessor
[THYMELEAF]             * [* {th:alt-title,data-th-alt-title}] [990]: org.thymeleaf.standard.processor.StandardAltTitleTagProcessor
[THYMELEAF]             * [* {th:lang-xmllang,data-th-lang-xmllang}] [990]: org.thymeleaf.standard.processor.StandardLangXmlLangTagProcessor
[THYMELEAF]             * [* {th:action,data-th-action}] [1000]: org.thymeleaf.standard.processor.StandardActionTagProcessor
[THYMELEAF]             * [* {th:defer,data-th-defer}] [1000]: org.thymeleaf.standard.processor.StandardConditionalFixedValueTagProcessor
[THYMELEAF]             * [* {th:ismap,data-th-ismap}] [1000]: org.thymeleaf.standard.processor.StandardConditionalFixedValueTagProcessor
[THYMELEAF]             * [* {th:checked,data-th-checked}] [1000]: org.thymeleaf.standard.processor.StandardConditionalFixedValueTagProcessor
[THYMELEAF]             * [* {th:required,data-th-required}] [1000]: org.thymeleaf.standard.processor.StandardConditionalFixedValueTagProcessor
[THYMELEAF]             * [* {th:loop,data-th-loop}] [1000]: org.thymeleaf.standard.processor.StandardConditionalFixedValueTagProcessor
[THYMELEAF]             * [* {th:pubdate,data-th-pubdate}] [1000]: org.thymeleaf.standard.processor.StandardConditionalFixedValueTagProcessor
[THYMELEAF]             * [* {th:scoped,data-th-scoped}] [1000]: org.thymeleaf.standard.processor.StandardConditionalFixedValueTagProcessor
[THYMELEAF]             * [* {th:reversed,data-th-reversed}] [1000]: org.thymeleaf.standard.processor.StandardConditionalFixedValueTagProcessor
[THYMELEAF]             * [* {th:nowrap,data-th-nowrap}] [1000]: org.thymeleaf.standard.processor.StandardConditionalFixedValueTagProcessor
[THYMELEAF]             * [* {th:async,data-th-async}] [1000]: org.thymeleaf.standard.processor.StandardConditionalFixedValueTagProcessor
[THYMELEAF]             * [* {th:readonly,data-th-readonly}] [1000]: org.thymeleaf.standard.processor.StandardConditionalFixedValueTagProcessor
[THYMELEAF]             * [* {th:declare,data-th-declare}] [1000]: org.thymeleaf.standard.processor.StandardConditionalFixedValueTagProcessor
[THYMELEAF]             * [* {th:controls,data-th-controls}] [1000]: org.thymeleaf.standard.processor.StandardConditionalFixedValueTagProcessor
[THYMELEAF]             * [* {th:autoplay,data-th-autoplay}] [1000]: org.thymeleaf.standard.processor.StandardConditionalFixedValueTagProcessor
[THYMELEAF]             * [* {th:autofocus,data-th-autofocus}] [1000]: org.thymeleaf.standard.processor.StandardConditionalFixedValueTagProcessor
[THYMELEAF]             * [* {th:novalidate,data-th-novalidate}] [1000]: org.thymeleaf.standard.processor.StandardConditionalFixedValueTagProcessor
[THYMELEAF]             * [* {th:open,data-th-open}] [1000]: org.thymeleaf.standard.processor.StandardConditionalFixedValueTagProcessor
[THYMELEAF]             * [* {th:hidden,data-th-hidden}] [1000]: org.thymeleaf.standard.processor.StandardConditionalFixedValueTagProcessor
[THYMELEAF]             * [* {th:seamless,data-th-seamless}] [1000]: org.thymeleaf.standard.processor.StandardConditionalFixedValueTagProcessor
[THYMELEAF]             * [* {th:disabled,data-th-disabled}] [1000]: org.thymeleaf.standard.processor.StandardConditionalFixedValueTagProcessor
[THYMELEAF]             * [* {th:selected,data-th-selected}] [1000]: org.thymeleaf.standard.processor.StandardConditionalFixedValueTagProcessor
[THYMELEAF]             * [* {th:multiple,data-th-multiple}] [1000]: org.thymeleaf.standard.processor.StandardConditionalFixedValueTagProcessor
[THYMELEAF]             * [* {th:default,data-th-default}] [1000]: org.thymeleaf.standard.processor.StandardConditionalFixedValueTagProcessor
[THYMELEAF]             * [* {th:formnovalidate,data-th-formnovalidate}] [1000]: org.thymeleaf.standard.processor.StandardConditionalFixedValueTagProcessor
[THYMELEAF]             * [* {th:onscroll,data-th-onscroll}] [1000]: org.thymeleaf.standard.processor.StandardDOMEventAttributeTagProcessor
[THYMELEAF]             * [* {th:onkeypress,data-th-onkeypress}] [1000]: org.thymeleaf.standard.processor.StandardDOMEventAttributeTagProcessor
[THYMELEAF]             * [* {th:onplaying,data-th-onplaying}] [1000]: org.thymeleaf.standard.processor.StandardDOMEventAttributeTagProcessor
[THYMELEAF]             * [* {th:onmessage,data-th-onmessage}] [1000]: org.thymeleaf.standard.processor.StandardDOMEventAttributeTagProcessor
[THYMELEAF]             * [* {th:onbeforeprint,data-th-onbeforeprint}] [1000]: org.thymeleaf.standard.processor.StandardDOMEventAttributeTagProcessor
[THYMELEAF]             * [* {th:onoffline,data-th-onoffline}] [1000]: org.thymeleaf.standard.processor.StandardDOMEventAttributeTagProcessor
[THYMELEAF]             * [* {th:ondblclick,data-th-ondblclick}] [1000]: org.thymeleaf.standard.processor.StandardDOMEventAttributeTagProcessor
[THYMELEAF]             * [* {th:onwaiting,data-th-onwaiting}] [1000]: org.thymeleaf.standard.processor.StandardDOMEventAttributeTagProcessor
[THYMELEAF]             * [* {th:onloadedmetadata,data-th-onloadedmetadata}] [1000]: org.thymeleaf.standard.processor.StandardDOMEventAttributeTagProcessor
[THYMELEAF]             * [* {th:onmousewheel,data-th-onmousewheel}] [1000]: org.thymeleaf.standard.processor.StandardDOMEventAttributeTagProcessor
[THYMELEAF]             * [* {th:onselect,data-th-onselect}] [1000]: org.thymeleaf.standard.processor.StandardDOMEventAttributeTagProcessor
[THYMELEAF]             * [* {th:onplay,data-th-onplay}] [1000]: org.thymeleaf.standard.processor.StandardDOMEventAttributeTagProcessor
[THYMELEAF]             * [* {th:onsubmit,data-th-onsubmit}] [1000]: org.thymeleaf.standard.processor.StandardDOMEventAttributeTagProcessor
[THYMELEAF]             * [* {th:onpopstate,data-th-onpopstate}] [1000]: org.thymeleaf.standard.processor.StandardDOMEventAttributeTagProcessor
[THYMELEAF]             * [* {th:ondrop,data-th-ondrop}] [1000]: org.thymeleaf.standard.processor.StandardDOMEventAttributeTagProcessor
[THYMELEAF]             * [* {th:ononline,data-th-ononline}] [1000]: org.thymeleaf.standard.processor.StandardDOMEventAttributeTagProcessor
[THYMELEAF]             * [* {th:ondragover,data-th-ondragover}] [1000]: org.thymeleaf.standard.processor.StandardDOMEventAttributeTagProcessor
[THYMELEAF]             * [* {th:onload,data-th-onload}] [1000]: org.thymeleaf.standard.processor.StandardDOMEventAttributeTagProcessor
[THYMELEAF]             * [* {th:onstalled,data-th-onstalled}] [1000]: org.thymeleaf.standard.processor.StandardDOMEventAttributeTagProcessor
[THYMELEAF]             * [* {th:onmousedown,data-th-onmousedown}] [1000]: org.thymeleaf.standard.processor.StandardDOMEventAttributeTagProcessor
[THYMELEAF]             * [* {th:onclick,data-th-onclick}] [1000]: org.thymeleaf.standard.processor.StandardDOMEventAttributeTagProcessor
[THYMELEAF]             * [* {th:onredo,data-th-onredo}] [1000]: org.thymeleaf.standard.processor.StandardDOMEventAttributeTagProcessor
[THYMELEAF]             * [* {th:ontimeupdate,data-th-ontimeupdate}] [1000]: org.thymeleaf.standard.processor.StandardDOMEventAttributeTagProcessor
[THYMELEAF]             * [* {th:onhashchange,data-th-onhashchange}] [1000]: org.thymeleaf.standard.processor.StandardDOMEventAttributeTagProcessor
[THYMELEAF]             * [* {th:onunload,data-th-onunload}] [1000]: org.thymeleaf.standard.processor.StandardDOMEventAttributeTagProcessor
[THYMELEAF]             * [* {th:ondragenter,data-th-ondragenter}] [1000]: org.thymeleaf.standard.processor.StandardDOMEventAttributeTagProcessor
[THYMELEAF]             * [* {th:oncanplaythrough,data-th-oncanplaythrough}] [1000]: org.thymeleaf.standard.processor.StandardDOMEventAttributeTagProcessor
[THYMELEAF]             * [* {th:onerror,data-th-onerror}] [1000]: org.thymeleaf.standard.processor.StandardDOMEventAttributeTagProcessor
[THYMELEAF]             * [* {th:oncanplay,data-th-oncanplay}] [1000]: org.thymeleaf.standard.processor.StandardDOMEventAttributeTagProcessor
[THYMELEAF]             * [* {th:onfocus,data-th-onfocus}] [1000]: org.thymeleaf.standard.processor.StandardDOMEventAttributeTagProcessor
[THYMELEAF]             * [* {th:onseeking,data-th-onseeking}] [1000]: org.thymeleaf.standard.processor.StandardDOMEventAttributeTagProcessor
[THYMELEAF]             * [* {th:onchange,data-th-onchange}] [1000]: org.thymeleaf.standard.processor.StandardDOMEventAttributeTagProcessor
[THYMELEAF]             * [* {th:onmouseup,data-th-onmouseup}] [1000]: org.thymeleaf.standard.processor.StandardDOMEventAttributeTagProcessor
[THYMELEAF]             * [* {th:ondragend,data-th-ondragend}] [1000]: org.thymeleaf.standard.processor.StandardDOMEventAttributeTagProcessor
[THYMELEAF]             * [* {th:oncontextmenu,data-th-oncontextmenu}] [1000]: org.thymeleaf.standard.processor.StandardDOMEventAttributeTagProcessor
[THYMELEAF]             * [* {th:onmouseout,data-th-onmouseout}] [1000]: org.thymeleaf.standard.processor.StandardDOMEventAttributeTagProcessor
[THYMELEAF]             * [* {th:onemptied,data-th-onemptied}] [1000]: org.thymeleaf.standard.processor.StandardDOMEventAttributeTagProcessor
[THYMELEAF]             * [* {th:onpause,data-th-onpause}] [1000]: org.thymeleaf.standard.processor.StandardDOMEventAttributeTagProcessor
[THYMELEAF]             * [* {th:onreadystatechange,data-th-onreadystatechange}] [1000]: org.thymeleaf.standard.processor.StandardDOMEventAttributeTagProcessor
[THYMELEAF]             * [* {th:onbeforeunload,data-th-onbeforeunload}] [1000]: org.thymeleaf.standard.processor.StandardDOMEventAttributeTagProcessor
[THYMELEAF]             * [* {th:onseeked,data-th-onseeked}] [1000]: org.thymeleaf.standard.processor.StandardDOMEventAttributeTagProcessor
[THYMELEAF]             * [* {th:onratechange,data-th-onratechange}] [1000]: org.thymeleaf.standard.processor.StandardDOMEventAttributeTagProcessor
[THYMELEAF]             * [* {th:ondragstart,data-th-ondragstart}] [1000]: org.thymeleaf.standard.processor.StandardDOMEventAttributeTagProcessor
[THYMELEAF]             * [* {th:onkeydown,data-th-onkeydown}] [1000]: org.thymeleaf.standard.processor.StandardDOMEventAttributeTagProcessor
[THYMELEAF]             * [* {th:onabort,data-th-onabort}] [1000]: org.thymeleaf.standard.processor.StandardDOMEventAttributeTagProcessor
[THYMELEAF]             * [* {th:ondragleave,data-th-ondragleave}] [1000]: org.thymeleaf.standard.processor.StandardDOMEventAttributeTagProcessor
[THYMELEAF]             * [* {th:onformchange,data-th-onformchange}] [1000]: org.thymeleaf.standard.processor.StandardDOMEventAttributeTagProcessor
[THYMELEAF]             * [* {th:onstorage,data-th-onstorage}] [1000]: org.thymeleaf.standard.processor.StandardDOMEventAttributeTagProcessor
[THYMELEAF]             * [* {th:onsuspend,data-th-onsuspend}] [1000]: org.thymeleaf.standard.processor.StandardDOMEventAttributeTagProcessor
[THYMELEAF]             * [* {th:onloadstart,data-th-onloadstart}] [1000]: org.thymeleaf.standard.processor.StandardDOMEventAttributeTagProcessor
[THYMELEAF]             * [* {th:onresize,data-th-onresize}] [1000]: org.thymeleaf.standard.processor.StandardDOMEventAttributeTagProcessor
[THYMELEAF]             * [* {th:onshow,data-th-onshow}] [1000]: org.thymeleaf.standard.processor.StandardDOMEventAttributeTagProcessor
[THYMELEAF]             * [* {th:ondurationchange,data-th-ondurationchange}] [1000]: org.thymeleaf.standard.processor.StandardDOMEventAttributeTagProcessor
[THYMELEAF]             * [* {th:onvolumechange,data-th-onvolumechange}] [1000]: org.thymeleaf.standard.processor.StandardDOMEventAttributeTagProcessor
[THYMELEAF]             * [* {th:onprogress,data-th-onprogress}] [1000]: org.thymeleaf.standard.processor.StandardDOMEventAttributeTagProcessor
[THYMELEAF]             * [* {th:onforminput,data-th-onforminput}] [1000]: org.thymeleaf.standard.processor.StandardDOMEventAttributeTagProcessor
[THYMELEAF]             * [* {th:onended,data-th-onended}] [1000]: org.thymeleaf.standard.processor.StandardDOMEventAttributeTagProcessor
[THYMELEAF]             * [* {th:oninput,data-th-oninput}] [1000]: org.thymeleaf.standard.processor.StandardDOMEventAttributeTagProcessor
[THYMELEAF]             * [* {th:onmousemove,data-th-onmousemove}] [1000]: org.thymeleaf.standard.processor.StandardDOMEventAttributeTagProcessor
[THYMELEAF]             * [* {th:onkeyup,data-th-onkeyup}] [1000]: org.thymeleaf.standard.processor.StandardDOMEventAttributeTagProcessor
[THYMELEAF]             * [* {th:onmouseover,data-th-onmouseover}] [1000]: org.thymeleaf.standard.processor.StandardDOMEventAttributeTagProcessor
[THYMELEAF]             * [* {th:onreset,data-th-onreset}] [1000]: org.thymeleaf.standard.processor.StandardDOMEventAttributeTagProcessor
[THYMELEAF]             * [* {th:onundo,data-th-onundo}] [1000]: org.thymeleaf.standard.processor.StandardDOMEventAttributeTagProcessor
[THYMELEAF]             * [* {th:ondrag,data-th-ondrag}] [1000]: org.thymeleaf.standard.processor.StandardDOMEventAttributeTagProcessor
[THYMELEAF]             * [* {th:oninvalid,data-th-oninvalid}] [1000]: org.thymeleaf.standard.processor.StandardDOMEventAttributeTagProcessor
[THYMELEAF]             * [* {th:onafterprint,data-th-onafterprint}] [1000]: org.thymeleaf.standard.processor.StandardDOMEventAttributeTagProcessor
[THYMELEAF]             * [* {th:onblur,data-th-onblur}] [1000]: org.thymeleaf.standard.processor.StandardDOMEventAttributeTagProcessor
[THYMELEAF]             * [* {th:onloadeddata,data-th-onloadeddata}] [1000]: org.thymeleaf.standard.processor.StandardDOMEventAttributeTagProcessor
[THYMELEAF]             * [* {th:href,data-th-href}] [1000]: org.thymeleaf.standard.processor.StandardHrefTagProcessor
[THYMELEAF]             * [* {th:inline,data-th-inline}] [1000]: org.thymeleaf.standard.processor.StandardInlineHTMLTagProcessor
[THYMELEAF]             * [* {th:method,data-th-method}] [1000]: org.thymeleaf.standard.processor.StandardMethodTagProcessor
[THYMELEAF]             * [* {th:type,data-th-type}] [1000]: org.thymeleaf.standard.processor.StandardNonRemovableAttributeTagProcessor
[THYMELEAF]             * [* {th:name,data-th-name}] [1000]: org.thymeleaf.standard.processor.StandardNonRemovableAttributeTagProcessor
[THYMELEAF]             * [* {th:target,data-th-target}] [1000]: org.thymeleaf.standard.processor.StandardRemovableAttributeTagProcessor
[THYMELEAF]             * [* {th:formmethod,data-th-formmethod}] [1000]: org.thymeleaf.standard.processor.StandardRemovableAttributeTagProcessor
[THYMELEAF]             * [* {th:width,data-th-width}] [1000]: org.thymeleaf.standard.processor.StandardRemovableAttributeTagProcessor
[THYMELEAF]             * [* {th:cellspacing,data-th-cellspacing}] [1000]: org.thymeleaf.standard.processor.StandardRemovableAttributeTagProcessor
[THYMELEAF]             * [* {th:border,data-th-border}] [1000]: org.thymeleaf.standard.processor.StandardRemovableAttributeTagProcessor
[THYMELEAF]             * [* {th:enctype,data-th-enctype}] [1000]: org.thymeleaf.standard.processor.StandardRemovableAttributeTagProcessor
[THYMELEAF]             * [* {th:hspace,data-th-hspace}] [1000]: org.thymeleaf.standard.processor.StandardRemovableAttributeTagProcessor
[THYMELEAF]             * [* {th:dropzone,data-th-dropzone}] [1000]: org.thymeleaf.standard.processor.StandardRemovableAttributeTagProcessor
[THYMELEAF]             * [* {th:preload,data-th-preload}] [1000]: org.thymeleaf.standard.processor.StandardRemovableAttributeTagProcessor
[THYMELEAF]             * [* {th:kind,data-th-kind}] [1000]: org.thymeleaf.standard.processor.StandardRemovableAttributeTagProcessor
[THYMELEAF]             * [* {th:rev,data-th-rev}] [1000]: org.thymeleaf.standard.processor.StandardRemovableAttributeTagProcessor
[THYMELEAF]             * [* {th:high,data-th-high}] [1000]: org.thymeleaf.standard.processor.StandardRemovableAttributeTagProcessor
[THYMELEAF]             * [* {th:for,data-th-for}] [1000]: org.thymeleaf.standard.processor.StandardRemovableAttributeTagProcessor
[THYMELEAF]             * [* {th:marginwidth,data-th-marginwidth}] [1000]: org.thymeleaf.standard.processor.StandardRemovableAttributeTagProcessor
[THYMELEAF]             * [* {th:standby,data-th-standby}] [1000]: org.thymeleaf.standard.processor.StandardRemovableAttributeTagProcessor
[THYMELEAF]             * [* {th:headers,data-th-headers}] [1000]: org.thymeleaf.standard.processor.StandardRemovableAttributeTagProcessor
[THYMELEAF]             * [* {th:contenteditable,data-th-contenteditable}] [1000]: org.thymeleaf.standard.processor.StandardRemovableAttributeTagProcessor
[THYMELEAF]             * [* {th:pattern,data-th-pattern}] [1000]: org.thymeleaf.standard.processor.StandardRemovableAttributeTagProcessor
[THYMELEAF]             * [* {th:step,data-th-step}] [1000]: org.thymeleaf.standard.processor.StandardRemovableAttributeTagProcessor
[THYMELEAF]             * [* {th:colspan,data-th-colspan}] [1000]: org.thymeleaf.standard.processor.StandardRemovableAttributeTagProcessor
[THYMELEAF]             * [* {th:optimum,data-th-optimum}] [1000]: org.thymeleaf.standard.processor.StandardRemovableAttributeTagProcessor
[THYMELEAF]             * [* {th:style,data-th-style}] [1000]: org.thymeleaf.standard.processor.StandardRemovableAttributeTagProcessor
[THYMELEAF]             * [* {th:dir,data-th-dir}] [1000]: org.thymeleaf.standard.processor.StandardRemovableAttributeTagProcessor
[THYMELEAF]             * [* {th:vspace,data-th-vspace}] [1000]: org.thymeleaf.standard.processor.StandardRemovableAttributeTagProcessor
[THYMELEAF]             * [* {th:label,data-th-label}] [1000]: org.thymeleaf.standard.processor.StandardRemovableAttributeTagProcessor
[THYMELEAF]             * [* {th:rowspan,data-th-rowspan}] [1000]: org.thymeleaf.standard.processor.StandardRemovableAttributeTagProcessor
[THYMELEAF]             * [* {th:valuetype,data-th-valuetype}] [1000]: org.thymeleaf.standard.processor.StandardRemovableAttributeTagProcessor
[THYMELEAF]             * [* {th:summary,data-th-summary}] [1000]: org.thymeleaf.standard.processor.StandardRemovableAttributeTagProcessor
[THYMELEAF]             * [* {th:class,data-th-class}] [1000]: org.thymeleaf.standard.processor.StandardRemovableAttributeTagProcessor
[THYMELEAF]             * [* {th:axis,data-th-axis}] [1000]: org.thymeleaf.standard.processor.StandardRemovableAttributeTagProcessor
[THYMELEAF]             * [* {th:height,data-th-height}] [1000]: org.thymeleaf.standard.processor.StandardRemovableAttributeTagProcessor
[THYMELEAF]             * [* {th:codetype,data-th-codetype}] [1000]: org.thymeleaf.standard.processor.StandardRemovableAttributeTagProcessor
[THYMELEAF]             * [* {th:srclang,data-th-srclang}] [1000]: org.thymeleaf.standard.processor.StandardRemovableAttributeTagProcessor
[THYMELEAF]             * [* {th:span,data-th-span}] [1000]: org.thymeleaf.standard.processor.StandardRemovableAttributeTagProcessor
[THYMELEAF]             * [* {th:marginheight,data-th-marginheight}] [1000]: org.thymeleaf.standard.processor.StandardRemovableAttributeTagProcessor
[THYMELEAF]             * [* {th:background,data-th-background}] [1000]: org.thymeleaf.standard.processor.StandardRemovableAttributeTagProcessor
[THYMELEAF]             * [* {th:id,data-th-id}] [1000]: org.thymeleaf.standard.processor.StandardRemovableAttributeTagProcessor
[THYMELEAF]             * [* {th:formtarget,data-th-formtarget}] [1000]: org.thymeleaf.standard.processor.StandardRemovableAttributeTagProcessor
[THYMELEAF]             * [* {th:audio,data-th-audio}] [1000]: org.thymeleaf.standard.processor.StandardRemovableAttributeTagProcessor
[THYMELEAF]             * [* {th:contextmenu,data-th-contextmenu}] [1000]: org.thymeleaf.standard.processor.StandardRemovableAttributeTagProcessor
[THYMELEAF]             * [* {th:spellcheck,data-th-spellcheck}] [1000]: org.thymeleaf.standard.processor.StandardRemovableAttributeTagProcessor
[THYMELEAF]             * [* {th:scrolling,data-th-scrolling}] [1000]: org.thymeleaf.standard.processor.StandardRemovableAttributeTagProcessor
[THYMELEAF]             * [* {th:maxlength,data-th-maxlength}] [1000]: org.thymeleaf.standard.processor.StandardRemovableAttributeTagProcessor
[THYMELEAF]             * [* {th:start,data-th-start}] [1000]: org.thymeleaf.standard.processor.StandardRemovableAttributeTagProcessor
[THYMELEAF]             * [* {th:frameborder,data-th-frameborder}] [1000]: org.thymeleaf.standard.processor.StandardRemovableAttributeTagProcessor
[THYMELEAF]             * [* {th:icon,data-th-icon}] [1000]: org.thymeleaf.standard.processor.StandardRemovableAttributeTagProcessor
[THYMELEAF]             * [* {th:formenctype,data-th-formenctype}] [1000]: org.thymeleaf.standard.processor.StandardRemovableAttributeTagProcessor
[THYMELEAF]             * [* {th:sizes,data-th-sizes}] [1000]: org.thymeleaf.standard.processor.StandardRemovableAttributeTagProcessor
[THYMELEAF]             * [* {th:list,data-th-list}] [1000]: org.thymeleaf.standard.processor.StandardRemovableAttributeTagProcessor
[THYMELEAF]             * [* {th:lang,data-th-lang}] [1000]: org.thymeleaf.standard.processor.StandardRemovableAttributeTagProcessor
[THYMELEAF]             * [* {th:formaction,data-th-formaction}] [1000]: org.thymeleaf.standard.processor.StandardRemovableAttributeTagProcessor
[THYMELEAF]             * [* {th:archive,data-th-archive}] [1000]: org.thymeleaf.standard.processor.StandardRemovableAttributeTagProcessor
[THYMELEAF]             * [* {th:codebase,data-th-codebase}] [1000]: org.thymeleaf.standard.processor.StandardRemovableAttributeTagProcessor
[THYMELEAF]             * [* {th:wrap,data-th-wrap}] [1000]: org.thymeleaf.standard.processor.StandardRemovableAttributeTagProcessor
[THYMELEAF]             * [* {th:autocomplete,data-th-autocomplete}] [1000]: org.thymeleaf.standard.processor.StandardRemovableAttributeTagProcessor
[THYMELEAF]             * [* {th:alt,data-th-alt}] [1000]: org.thymeleaf.standard.processor.StandardRemovableAttributeTagProcessor
[THYMELEAF]             * [* {th:compact,data-th-compact}] [1000]: org.thymeleaf.standard.processor.StandardRemovableAttributeTagProcessor
[THYMELEAF]             * [* {th:charset,data-th-charset}] [1000]: org.thymeleaf.standard.processor.StandardRemovableAttributeTagProcessor
[THYMELEAF]             * [* {th:align,data-th-align}] [1000]: org.thymeleaf.standard.processor.StandardRemovableAttributeTagProcessor
[THYMELEAF]             * [* {th:scheme,data-th-scheme}] [1000]: org.thymeleaf.standard.processor.StandardRemovableAttributeTagProcessor
[THYMELEAF]             * [* {th:tabindex,data-th-tabindex}] [1000]: org.thymeleaf.standard.processor.StandardRemovableAttributeTagProcessor
[THYMELEAF]             * [* {th:size,data-th-size}] [1000]: org.thymeleaf.standard.processor.StandardRemovableAttributeTagProcessor
[THYMELEAF]             * [* {th:classid,data-th-classid}] [1000]: org.thymeleaf.standard.processor.StandardRemovableAttributeTagProcessor
[THYMELEAF]             * [* {th:rows,data-th-rows}] [1000]: org.thymeleaf.standard.processor.StandardRemovableAttributeTagProcessor
[THYMELEAF]             * [* {th:abbr,data-th-abbr}] [1000]: org.thymeleaf.standard.processor.StandardRemovableAttributeTagProcessor
[THYMELEAF]             * [* {th:low,data-th-low}] [1000]: org.thymeleaf.standard.processor.StandardRemovableAttributeTagProcessor
[THYMELEAF]             * [* {th:longdesc,data-th-longdesc}] [1000]: org.thymeleaf.standard.processor.StandardRemovableAttributeTagProcessor
[THYMELEAF]             * [* {th:radiogroup,data-th-radiogroup}] [1000]: org.thymeleaf.standard.processor.StandardRemovableAttributeTagProcessor
[THYMELEAF]             * [* {th:bgcolor,data-th-bgcolor}] [1000]: org.thymeleaf.standard.processor.StandardRemovableAttributeTagProcessor
[THYMELEAF]             * [* {th:sandbox,data-th-sandbox}] [1000]: org.thymeleaf.standard.processor.StandardRemovableAttributeTagProcessor
[THYMELEAF]             * [* {th:accept,data-th-accept}] [1000]: org.thymeleaf.standard.processor.StandardRemovableAttributeTagProcessor
[THYMELEAF]             * [* {th:challenge,data-th-challenge}] [1000]: org.thymeleaf.standard.processor.StandardRemovableAttributeTagProcessor
[THYMELEAF]             * [* {th:cellpadding,data-th-cellpadding}] [1000]: org.thymeleaf.standard.processor.StandardRemovableAttributeTagProcessor
[THYMELEAF]             * [* {th:manifest,data-th-manifest}] [1000]: org.thymeleaf.standard.processor.StandardRemovableAttributeTagProcessor
[THYMELEAF]             * [* {th:http-equiv,data-th-http-equiv}] [1000]: org.thymeleaf.standard.processor.StandardRemovableAttributeTagProcessor
[THYMELEAF]             * [* {th:datetime,data-th-datetime}] [1000]: org.thymeleaf.standard.processor.StandardRemovableAttributeTagProcessor
[THYMELEAF]             * [* {th:draggable,data-th-draggable}] [1000]: org.thymeleaf.standard.processor.StandardRemovableAttributeTagProcessor
[THYMELEAF]             * [* {th:max,data-th-max}] [1000]: org.thymeleaf.standard.processor.StandardRemovableAttributeTagProcessor
[THYMELEAF]             * [* {th:cite,data-th-cite}] [1000]: org.thymeleaf.standard.processor.StandardRemovableAttributeTagProcessor
[THYMELEAF]             * [* {th:media,data-th-media}] [1000]: org.thymeleaf.standard.processor.StandardRemovableAttributeTagProcessor
[THYMELEAF]             * [* {th:form,data-th-form}] [1000]: org.thymeleaf.standard.processor.StandardRemovableAttributeTagProcessor
[THYMELEAF]             * [* {th:content,data-th-content}] [1000]: org.thymeleaf.standard.processor.StandardRemovableAttributeTagProcessor
[THYMELEAF]             * [* {th:rel,data-th-rel}] [1000]: org.thymeleaf.standard.processor.StandardRemovableAttributeTagProcessor
[THYMELEAF]             * [* {th:scope,data-th-scope}] [1000]: org.thymeleaf.standard.processor.StandardRemovableAttributeTagProcessor
[THYMELEAF]             * [* {th:usemap,data-th-usemap}] [1000]: org.thymeleaf.standard.processor.StandardRemovableAttributeTagProcessor
[THYMELEAF]             * [* {th:hreflang,data-th-hreflang}] [1000]: org.thymeleaf.standard.processor.StandardRemovableAttributeTagProcessor
[THYMELEAF]             * [* {th:cols,data-th-cols}] [1000]: org.thymeleaf.standard.processor.StandardRemovableAttributeTagProcessor
[THYMELEAF]             * [* {th:placeholder,data-th-placeholder}] [1000]: org.thymeleaf.standard.processor.StandardRemovableAttributeTagProcessor
[THYMELEAF]             * [* {th:accept-charset,data-th-accept-charset}] [1000]: org.thymeleaf.standard.processor.StandardRemovableAttributeTagProcessor
[THYMELEAF]             * [* {th:accesskey,data-th-accesskey}] [1000]: org.thymeleaf.standard.processor.StandardRemovableAttributeTagProcessor
[THYMELEAF]             * [* {th:frame,data-th-frame}] [1000]: org.thymeleaf.standard.processor.StandardRemovableAttributeTagProcessor
[THYMELEAF]             * [* {th:title,data-th-title}] [1000]: org.thymeleaf.standard.processor.StandardRemovableAttributeTagProcessor
[THYMELEAF]             * [* {th:poster,data-th-poster}] [1000]: org.thymeleaf.standard.processor.StandardRemovableAttributeTagProcessor
[THYMELEAF]             * [* {th:keytype,data-th-keytype}] [1000]: org.thymeleaf.standard.processor.StandardRemovableAttributeTagProcessor
[THYMELEAF]             * [* {th:rules,data-th-rules}] [1000]: org.thymeleaf.standard.processor.StandardRemovableAttributeTagProcessor
[THYMELEAF]             * [* {th:min,data-th-min}] [1000]: org.thymeleaf.standard.processor.StandardRemovableAttributeTagProcessor
[THYMELEAF]             * [* {th:data,data-th-data}] [1000]: org.thymeleaf.standard.processor.StandardRemovableAttributeTagProcessor
[THYMELEAF]             * [* {th:src,data-th-src}] [1000]: org.thymeleaf.standard.processor.StandardSrcTagProcessor
[THYMELEAF]             * [* {th:value,data-th-value}] [1000]: org.thymeleaf.standard.processor.StandardValueTagProcessor
[THYMELEAF]             * [* {th:xmlbase,data-th-xmlbase}] [1000]: org.thymeleaf.standard.processor.StandardXmlBaseTagProcessor
[THYMELEAF]             * [* {th:xmllang,data-th-xmllang}] [1000]: org.thymeleaf.standard.processor.StandardXmlLangTagProcessor
[THYMELEAF]             * [* {xmlns:th}] [1000]: org.thymeleaf.standard.processor.StandardXmlNsTagProcessor
[THYMELEAF]             * [* {th:xmlspace,data-th-xmlspace}] [1000]: org.thymeleaf.standard.processor.StandardXmlSpaceTagProcessor
[THYMELEAF]             * [* {th:classappend,data-th-classappend}] [1100]: org.thymeleaf.standard.processor.StandardClassappendTagProcessor
[THYMELEAF]             * [* {th:styleappend,data-th-styleappend}] [1100]: org.thymeleaf.standard.processor.StandardStyleappendTagProcessor
[THYMELEAF]             * [* {th:text,data-th-text}] [1300]: org.thymeleaf.standard.processor.StandardTextTagProcessor
[THYMELEAF]             * [* {th:utext,data-th-utext}] [1400]: org.thymeleaf.standard.processor.StandardUtextTagProcessor
[THYMELEAF]             * [* {th:fragment,data-th-fragment}] [1500]: org.thymeleaf.standard.processor.StandardFragmentTagProcessor
[THYMELEAF]             * [* {th:assert,data-th-assert}] [1550]: org.thymeleaf.standard.processor.StandardAssertTagProcessor
[THYMELEAF]             * [* {th:remove,data-th-remove}] [1600]: org.thymeleaf.standard.processor.StandardRemoveTagProcessor
[THYMELEAF]             * [* {th:ref,data-th-ref}] [10000]: org.thymeleaf.standard.processor.StandardRefAttributeTagProcessor
[THYMELEAF]             * [{th:block,th-block} *] [100000]: org.thymeleaf.standard.processor.StandardBlockTagProcessor
[THYMELEAF]             * [* th:*] [2147483647]: org.thymeleaf.standard.processor.StandardDefaultAttributesTagProcessor
[THYMELEAF]         * Text Processors by [precedence]:
[THYMELEAF]             * [1000]: org.thymeleaf.standard.processor.StandardInliningTextProcessor
[THYMELEAF]         * DOCTYPE Processors by [precedence]:
[THYMELEAF]             * [1000]: org.thymeleaf.standard.processor.StandardTranslationDocTypeProcessor
[THYMELEAF]         * CDATA Section Processors by [precedence]:
[THYMELEAF]             * [1000]: org.thymeleaf.standard.processor.StandardInliningCDATASectionProcessor
[THYMELEAF]         * Comment Processors by [precedence]:
[THYMELEAF]             * [1000]: org.thymeleaf.standard.processor.StandardInliningCommentProcessor
[THYMELEAF]             * [1100]: org.thymeleaf.standard.processor.StandardConditionalCommentProcessor
[THYMELEAF]     * Processors for Template Mode: XML
[THYMELEAF]         * Element Tag Processors by [matching element and attribute name] [precedence]:
[THYMELEAF]             * [* {th:include}] [100]: org.thymeleaf.standard.processor.StandardIncludeTagProcessor
[THYMELEAF]             * [* {th:insert}] [100]: org.thymeleaf.standard.processor.StandardInsertTagProcessor
[THYMELEAF]             * [* {th:replace}] [100]: org.thymeleaf.standard.processor.StandardReplaceTagProcessor
[THYMELEAF]             * [* {th:each}] [200]: com.intuit.karate.template.KarateEachTagProcessor
[THYMELEAF]             * [* {th:switch}] [250]: org.thymeleaf.standard.processor.StandardSwitchTagProcessor
[THYMELEAF]             * [* {th:case}] [275]: org.thymeleaf.standard.processor.StandardCaseTagProcessor
[THYMELEAF]             * [* {th:if}] [300]: org.thymeleaf.standard.processor.StandardIfTagProcessor
[THYMELEAF]             * [* {th:unless}] [400]: org.thymeleaf.standard.processor.StandardUnlessTagProcessor
[THYMELEAF]             * [* {th:object}] [500]: org.thymeleaf.standard.processor.StandardObjectTagProcessor
[THYMELEAF]             * [* {th:with}] [600]: com.intuit.karate.template.KarateWithTagProcessor
[THYMELEAF]             * [* {th:attr}] [700]: com.intuit.karate.template.KarateAttributeTagProcessor.KarateAttrTagProcessor
[THYMELEAF]             * [* {th:attrappend}] [900]: com.intuit.karate.template.KarateAttributeTagProcessor.KarateAttrappendTagProcessor
[THYMELEAF]             * [* {th:attrprepend}] [900]: com.intuit.karate.template.KarateAttributeTagProcessor.KarateAttrprependTagProcessor
[THYMELEAF]             * [* {th:inline}] [1000]: org.thymeleaf.standard.processor.StandardInlineXMLTagProcessor
[THYMELEAF]             * [* {xmlns:th}] [1000]: org.thymeleaf.standard.processor.StandardXmlNsTagProcessor
[THYMELEAF]             * [* {th:text}] [1300]: org.thymeleaf.standard.processor.StandardTextTagProcessor
[THYMELEAF]             * [* {th:utext}] [1400]: org.thymeleaf.standard.processor.StandardUtextTagProcessor
[THYMELEAF]             * [* {th:fragment}] [1500]: org.thymeleaf.standard.processor.StandardFragmentTagProcessor
[THYMELEAF]             * [* {th:assert}] [1550]: org.thymeleaf.standard.processor.StandardAssertTagProcessor
[THYMELEAF]             * [* {th:remove}] [1600]: org.thymeleaf.standard.processor.StandardRemoveTagProcessor
[THYMELEAF]             * [* {th:ref}] [10000]: org.thymeleaf.standard.processor.StandardRefAttributeTagProcessor
[THYMELEAF]             * [{th:block} *] [100000]: org.thymeleaf.standard.processor.StandardBlockTagProcessor
[THYMELEAF]             * [* th:*] [2147483647]: org.thymeleaf.standard.processor.StandardDefaultAttributesTagProcessor
[THYMELEAF]         * Text Processors by [precedence]:
[THYMELEAF]             * [1000]: org.thymeleaf.standard.processor.StandardInliningTextProcessor
[THYMELEAF]         * CDATA Section Processors by [precedence]:
[THYMELEAF]             * [1000]: org.thymeleaf.standard.processor.StandardInliningCDATASectionProcessor
[THYMELEAF]         * Comment Processors by [precedence]:
[THYMELEAF]             * [1000]: org.thymeleaf.standard.processor.StandardInliningCommentProcessor
[THYMELEAF]     * Processors for Template Mode: TEXT
[THYMELEAF]         * Element Tag Processors by [matching element and attribute name] [precedence]:
[THYMELEAF]             * [* {th:insert}] [100]: org.thymeleaf.standard.processor.StandardInsertTagProcessor
[THYMELEAF]             * [* {th:replace}] [100]: org.thymeleaf.standard.processor.StandardReplaceTagProcessor
[THYMELEAF]             * [* {th:each}] [200]: com.intuit.karate.template.KarateEachTagProcessor
[THYMELEAF]             * [* {th:switch}] [250]: org.thymeleaf.standard.processor.StandardSwitchTagProcessor
[THYMELEAF]             * [* {th:case}] [275]: org.thymeleaf.standard.processor.StandardCaseTagProcessor
[THYMELEAF]             * [* {th:if}] [300]: org.thymeleaf.standard.processor.StandardIfTagProcessor
[THYMELEAF]             * [* {th:unless}] [400]: org.thymeleaf.standard.processor.StandardUnlessTagProcessor
[THYMELEAF]             * [* {th:object}] [500]: org.thymeleaf.standard.processor.StandardObjectTagProcessor
[THYMELEAF]             * [* {th:with}] [600]: com.intuit.karate.template.KarateWithTagProcessor
[THYMELEAF]             * [* {th:inline}] [1000]: org.thymeleaf.standard.processor.StandardInlineTextualTagProcessor
[THYMELEAF]             * [* {th:text}] [1300]: org.thymeleaf.standard.processor.StandardTextTagProcessor
[THYMELEAF]             * [* {th:utext}] [1400]: org.thymeleaf.standard.processor.StandardUtextTagProcessor
[THYMELEAF]             * [* {th:assert}] [1550]: org.thymeleaf.standard.processor.StandardAssertTagProcessor
[THYMELEAF]             * [* {th:remove}] [1600]: org.thymeleaf.standard.processor.StandardRemoveTagProcessor
[THYMELEAF]             * [* 100000] [org.thymeleaf.standard.processor.StandardBlockTagProcessor]: {}
[THYMELEAF]             * [{th:block} *] [100000]: org.thymeleaf.standard.processor.StandardBlockTagProcessor
[THYMELEAF]         * Text Processors by [precedence]:
[THYMELEAF]             * [1000]: org.thymeleaf.standard.processor.StandardInliningTextProcessor
[THYMELEAF]     * Processors for Template Mode: JAVASCRIPT
[THYMELEAF]         * Element Tag Processors by [matching element and attribute name] [precedence]:
[THYMELEAF]             * [* {th:insert}] [100]: org.thymeleaf.standard.processor.StandardInsertTagProcessor
[THYMELEAF]             * [* {th:replace}] [100]: org.thymeleaf.standard.processor.StandardReplaceTagProcessor
[THYMELEAF]             * [* {th:each}] [200]: com.intuit.karate.template.KarateEachTagProcessor
[THYMELEAF]             * [* {th:switch}] [250]: org.thymeleaf.standard.processor.StandardSwitchTagProcessor
[THYMELEAF]             * [* {th:case}] [275]: org.thymeleaf.standard.processor.StandardCaseTagProcessor
[THYMELEAF]             * [* {th:if}] [300]: org.thymeleaf.standard.processor.StandardIfTagProcessor
[THYMELEAF]             * [* {th:unless}] [400]: org.thymeleaf.standard.processor.StandardUnlessTagProcessor
[THYMELEAF]             * [* {th:object}] [500]: org.thymeleaf.standard.processor.StandardObjectTagProcessor
[THYMELEAF]             * [* {th:with}] [600]: com.intuit.karate.template.KarateWithTagProcessor
[THYMELEAF]             * [* {th:inline}] [1000]: org.thymeleaf.standard.processor.StandardInlineTextualTagProcessor
[THYMELEAF]             * [* {th:text}] [1300]: org.thymeleaf.standard.processor.StandardTextTagProcessor
[THYMELEAF]             * [* {th:utext}] [1400]: org.thymeleaf.standard.processor.StandardUtextTagProcessor
[THYMELEAF]             * [* {th:assert}] [1550]: org.thymeleaf.standard.processor.StandardAssertTagProcessor
[THYMELEAF]             * [* {th:remove}] [1600]: org.thymeleaf.standard.processor.StandardRemoveTagProcessor
[THYMELEAF]             * [* 100000] [org.thymeleaf.standard.processor.StandardBlockTagProcessor]: {}
[THYMELEAF]             * [{th:block} *] [100000]: org.thymeleaf.standard.processor.StandardBlockTagProcessor
[THYMELEAF]         * Text Processors by [precedence]:
[THYMELEAF]             * [1000]: org.thymeleaf.standard.processor.StandardInliningTextProcessor
[THYMELEAF]     * Processors for Template Mode: CSS
[THYMELEAF]         * Element Tag Processors by [matching element and attribute name] [precedence]:
[THYMELEAF]             * [* {th:insert}] [100]: org.thymeleaf.standard.processor.StandardInsertTagProcessor
[THYMELEAF]             * [* {th:replace}] [100]: org.thymeleaf.standard.processor.StandardReplaceTagProcessor
[THYMELEAF]             * [* {th:each}] [200]: com.intuit.karate.template.KarateEachTagProcessor
[THYMELEAF]             * [* {th:switch}] [250]: org.thymeleaf.standard.processor.StandardSwitchTagProcessor
[THYMELEAF]             * [* {th:case}] [275]: org.thymeleaf.standard.processor.StandardCaseTagProcessor
[THYMELEAF]             * [* {th:if}] [300]: org.thymeleaf.standard.processor.StandardIfTagProcessor
[THYMELEAF]             * [* {th:unless}] [400]: org.thymeleaf.standard.processor.StandardUnlessTagProcessor
[THYMELEAF]             * [* {th:object}] [500]: org.thymeleaf.standard.processor.StandardObjectTagProcessor
[THYMELEAF]             * [* {th:with}] [600]: com.intuit.karate.template.KarateWithTagProcessor
[THYMELEAF]             * [* {th:inline}] [1000]: org.thymeleaf.standard.processor.StandardInlineTextualTagProcessor
[THYMELEAF]             * [* {th:text}] [1300]: org.thymeleaf.standard.processor.StandardTextTagProcessor
[THYMELEAF]             * [* {th:utext}] [1400]: org.thymeleaf.standard.processor.StandardUtextTagProcessor
[THYMELEAF]             * [* {th:assert}] [1550]: org.thymeleaf.standard.processor.StandardAssertTagProcessor
[THYMELEAF]             * [* {th:remove}] [1600]: org.thymeleaf.standard.processor.StandardRemoveTagProcessor
[THYMELEAF]             * [* 100000] [org.thymeleaf.standard.processor.StandardBlockTagProcessor]: {}
[THYMELEAF]             * [{th:block} *] [100000]: org.thymeleaf.standard.processor.StandardBlockTagProcessor
[THYMELEAF]         * Text Processors by [precedence]:
[THYMELEAF]             * [1000]: org.thymeleaf.standard.processor.StandardInliningTextProcessor
[THYMELEAF]     * Expression Objects:
[THYMELEAF]         * #ctx
[THYMELEAF]         * #root
[THYMELEAF]         * #vars
[THYMELEAF]         * #object
[THYMELEAF]         * #locale
[THYMELEAF]         * #conversions
[THYMELEAF]         * #uris
[THYMELEAF]         * #temporals
[THYMELEAF]         * #calendars
[THYMELEAF]         * #dates
[THYMELEAF]         * #bools
[THYMELEAF]         * #numbers
[THYMELEAF]         * #objects
[THYMELEAF]         * #strings
[THYMELEAF]         * #arrays
[THYMELEAF]         * #lists
[THYMELEAF]         * #sets
[THYMELEAF]         * #maps
[THYMELEAF]         * #aggregates
[THYMELEAF]         * #messages
[THYMELEAF]         * #ids
[THYMELEAF]         * #execInfo
[THYMELEAF]         * #request
[THYMELEAF]         * #response
[THYMELEAF]         * #session
[THYMELEAF]         * #servletContext
[THYMELEAF]     * Execution Attributes:
[THYMELEAF]         * "StandardExpressionParser": com.intuit.karate.template.KarateStandardDialect@329b331f
[THYMELEAF]         * "StandardJavaScriptSerializer": org.thymeleaf.standard.serializer.StandardJavaScriptSerializer@13dc6649
[THYMELEAF]         * "StandardCSSSerializer": org.thymeleaf.standard.serializer.StandardCSSSerializer@1851c7d2
[THYMELEAF]         * "StandardVariableExpressionEvaluator": com.intuit.karate.template.KarateStandardDialect@329b331f
[THYMELEAF]         * "StandardConversionService": org.thymeleaf.standard.expression.StandardConversionService@250a946
[THYMELEAF] * Dialect [2 of 2]: karate (com.intuit.karate.template.KarateScriptDialect)
[THYMELEAF]     * Prefix: "ka"
[THYMELEAF]     * Processors for Template Mode: HTML
[THYMELEAF]         * Element Tag Processors by [matching element and attribute name] [precedence]:
[THYMELEAF]             * [* {src}] [1000]: com.intuit.karate.template.KaScriptAttrProcessor
[THYMELEAF]         * Element Model Processors by [matching element and attribute name] [precedence]:
[THYMELEAF]             * [{script} {ka:scope,data-ka-scope}] [1000]: com.intuit.karate.template.KaScriptElemProcessor
[THYMELEAF]             * [* {ka:set,data-ka-set}] [1000]: com.intuit.karate.template.KaSetElemProcessor
[THYMELEAF] TEMPLATE ENGINE CONFIGURED OK
23:04:25.780 [main] DEBUG org.thymeleaf.TemplateEngine -- [THYMELEAF] TEMPLATE ENGINE INITIALIZED
---------------------------------------------------------
feature: classpath:features/unlike/unlike-excel.feature
scenarios:  1 | passed:  1 | failed:  0 | time: 2.7313
---------------------------------------------------------

Karate version: 1.4.1
======================================================
elapsed:   4.90 | threads:    1 | thread time: 2.73 
features:     1 | skipped:    0 | efficiency: 0.56
scenarios:    1 | passed:     1 | failed: 0
======================================================
23:04:26.580 [main] DEBUG org.thymeleaf.TemplateEngine -- [THYMELEAF] INITIALIZING TEMPLATE ENGINE
23:04:26.601 [main] DEBUG org.thymeleaf.TemplateEngine.CONFIG -- Initializing Thymeleaf Template engine configuration...
[THYMELEAF] TEMPLATE ENGINE CONFIGURATION:
[THYMELEAF] * Thymeleaf version: 3.1.2.RELEASE (built 2023-07-30T19:25:50+0000)
[THYMELEAF] * Cache Manager implementation: org.thymeleaf.cache.StandardCacheManager
[THYMELEAF] * Template resolvers:
[THYMELEAF]     * [1] com.intuit.karate.template.ResourceHtmlTemplateResolver
[THYMELEAF] * Message resolvers:
[THYMELEAF]     * org.thymeleaf.messageresolver.StandardMessageResolver
[THYMELEAF] * Link builders:
[THYMELEAF]     * org.thymeleaf.linkbuilder.StandardLinkBuilder
[THYMELEAF] * Dialect [1 of 2]: Standard (com.intuit.karate.template.KarateStandardDialect)
[THYMELEAF]     * Prefix: "th"
[THYMELEAF]     * Processors for Template Mode: HTML
[THYMELEAF]         * Element Tag Processors by [matching element and attribute name] [precedence]:
[THYMELEAF]             * [* {th:include,data-th-include}] [100]: org.thymeleaf.standard.processor.StandardIncludeTagProcessor
[THYMELEAF]             * [* {th:insert,data-th-insert}] [100]: org.thymeleaf.standard.processor.StandardInsertTagProcessor
[THYMELEAF]             * [* {th:replace,data-th-replace}] [100]: org.thymeleaf.standard.processor.StandardReplaceTagProcessor
[THYMELEAF]             * [* {th:each,data-th-each}] [200]: com.intuit.karate.template.KarateEachTagProcessor
[THYMELEAF]             * [* {th:switch,data-th-switch}] [250]: org.thymeleaf.standard.processor.StandardSwitchTagProcessor
[THYMELEAF]             * [* {th:case,data-th-case}] [275]: org.thymeleaf.standard.processor.StandardCaseTagProcessor
[THYMELEAF]             * [* {th:if,data-th-if}] [300]: org.thymeleaf.standard.processor.StandardIfTagProcessor
[THYMELEAF]             * [* {th:unless,data-th-unless}] [400]: org.thymeleaf.standard.processor.StandardUnlessTagProcessor
[THYMELEAF]             * [* {th:object,data-th-object}] [500]: org.thymeleaf.standard.processor.StandardObjectTagProcessor
[THYMELEAF]             * [* {th:with,data-th-with}] [600]: com.intuit.karate.template.KarateWithTagProcessor
[THYMELEAF]             * [* {th:attr,data-th-attr}] [700]: com.intuit.karate.template.KarateAttributeTagProcessor.KarateAttrTagProcessor
[THYMELEAF]             * [* {th:attrappend,data-th-attrappend}] [900]: com.intuit.karate.template.KarateAttributeTagProcessor.KarateAttrappendTagProcessor
[THYMELEAF]             * [* {th:attrprepend,data-th-attrprepend}] [900]: com.intuit.karate.template.KarateAttributeTagProcessor.KarateAttrprependTagProcessor
[THYMELEAF]             * [* {th:alt-title,data-th-alt-title}] [990]: org.thymeleaf.standard.processor.StandardAltTitleTagProcessor
[THYMELEAF]             * [* {th:lang-xmllang,data-th-lang-xmllang}] [990]: org.thymeleaf.standard.processor.StandardLangXmlLangTagProcessor
[THYMELEAF]             * [* {th:action,data-th-action}] [1000]: org.thymeleaf.standard.processor.StandardActionTagProcessor
[THYMELEAF]             * [* {th:open,data-th-open}] [1000]: org.thymeleaf.standard.processor.StandardConditionalFixedValueTagProcessor
[THYMELEAF]             * [* {th:checked,data-th-checked}] [1000]: org.thymeleaf.standard.processor.StandardConditionalFixedValueTagProcessor
[THYMELEAF]             * [* {th:defer,data-th-defer}] [1000]: org.thymeleaf.standard.processor.StandardConditionalFixedValueTagProcessor
[THYMELEAF]             * [* {th:nowrap,data-th-nowrap}] [1000]: org.thymeleaf.standard.processor.StandardConditionalFixedValueTagProcessor
[THYMELEAF]             * [* {th:formnovalidate,data-th-formnovalidate}] [1000]: org.thymeleaf.standard.processor.StandardConditionalFixedValueTagProcessor
[THYMELEAF]             * [* {th:novalidate,data-th-novalidate}] [1000]: org.thymeleaf.standard.processor.StandardConditionalFixedValueTagProcessor
[THYMELEAF]             * [* {th:declare,data-th-declare}] [1000]: org.thymeleaf.standard.processor.StandardConditionalFixedValueTagProcessor
[THYMELEAF]             * [* {th:async,data-th-async}] [1000]: org.thymeleaf.standard.processor.StandardConditionalFixedValueTagProcessor
[THYMELEAF]             * [* {th:multiple,data-th-multiple}] [1000]: org.thymeleaf.standard.processor.StandardConditionalFixedValueTagProcessor
[THYMELEAF]             * [* {th:loop,data-th-loop}] [1000]: org.thymeleaf.standard.processor.StandardConditionalFixedValueTagProcessor
[THYMELEAF]             * [* {th:controls,data-th-controls}] [1000]: org.thymeleaf.standard.processor.StandardConditionalFixedValueTagProcessor
[THYMELEAF]             * [* {th:selected,data-th-selected}] [1000]: org.thymeleaf.standard.processor.StandardConditionalFixedValueTagProcessor
[THYMELEAF]             * [* {th:scoped,data-th-scoped}] [1000]: org.thymeleaf.standard.processor.StandardConditionalFixedValueTagProcessor
[THYMELEAF]             * [* {th:default,data-th-default}] [1000]: org.thymeleaf.standard.processor.StandardConditionalFixedValueTagProcessor
[THYMELEAF]             * [* {th:readonly,data-th-readonly}] [1000]: org.thymeleaf.standard.processor.StandardConditionalFixedValueTagProcessor
[THYMELEAF]             * [* {th:seamless,data-th-seamless}] [1000]: org.thymeleaf.standard.processor.StandardConditionalFixedValueTagProcessor
[THYMELEAF]             * [* {th:hidden,data-th-hidden}] [1000]: org.thymeleaf.standard.processor.StandardConditionalFixedValueTagProcessor
[THYMELEAF]             * [* {th:pubdate,data-th-pubdate}] [1000]: org.thymeleaf.standard.processor.StandardConditionalFixedValueTagProcessor
[THYMELEAF]             * [* {th:ismap,data-th-ismap}] [1000]: org.thymeleaf.standard.processor.StandardConditionalFixedValueTagProcessor
[THYMELEAF]             * [* {th:required,data-th-required}] [1000]: org.thymeleaf.standard.processor.StandardConditionalFixedValueTagProcessor
[THYMELEAF]             * [* {th:reversed,data-th-reversed}] [1000]: org.thymeleaf.standard.processor.StandardConditionalFixedValueTagProcessor
[THYMELEAF]             * [* {th:autoplay,data-th-autoplay}] [1000]: org.thymeleaf.standard.processor.StandardConditionalFixedValueTagProcessor
[THYMELEAF]             * [* {th:autofocus,data-th-autofocus}] [1000]: org.thymeleaf.standard.processor.StandardConditionalFixedValueTagProcessor
[THYMELEAF]             * [* {th:disabled,data-th-disabled}] [1000]: org.thymeleaf.standard.processor.StandardConditionalFixedValueTagProcessor
[THYMELEAF]             * [* {th:onstorage,data-th-onstorage}] [1000]: org.thymeleaf.standard.processor.StandardDOMEventAttributeTagProcessor
[THYMELEAF]             * [* {th:onblur,data-th-onblur}] [1000]: org.thymeleaf.standard.processor.StandardDOMEventAttributeTagProcessor
[THYMELEAF]             * [* {th:onclick,data-th-onclick}] [1000]: org.thymeleaf.standard.processor.StandardDOMEventAttributeTagProcessor
[THYMELEAF]             * [* {th:onloadstart,data-th-onloadstart}] [1000]: org.thymeleaf.standard.processor.StandardDOMEventAttributeTagProcessor
[THYMELEAF]             * [* {th:oncanplaythrough,data-th-oncanplaythrough}] [1000]: org.thymeleaf.standard.processor.StandardDOMEventAttributeTagProcessor
[THYMELEAF]             * [* {th:ononline,data-th-ononline}] [1000]: org.thymeleaf.standard.processor.StandardDOMEventAttributeTagProcessor
[THYMELEAF]             * [* {th:onbeforeunload,data-th-onbeforeunload}] [1000]: org.thymeleaf.standard.processor.StandardDOMEventAttributeTagProcessor
[THYMELEAF]             * [* {th:onselect,data-th-onselect}] [1000]: org.thymeleaf.standard.processor.StandardDOMEventAttributeTagProcessor
[THYMELEAF]             * [* {th:onloadeddata,data-th-onloadeddata}] [1000]: org.thymeleaf.standard.processor.StandardDOMEventAttributeTagProcessor
[THYMELEAF]             * [* {th:onhashchange,data-th-onhashchange}] [1000]: org.thymeleaf.standard.processor.StandardDOMEventAttributeTagProcessor
[THYMELEAF]             * [* {th:onratechange,data-th-onratechange}] [1000]: org.thymeleaf.standard.processor.StandardDOMEventAttributeTagProcessor
[THYMELEAF]             * [* {th:onforminput,data-th-onforminput}] [1000]: org.thymeleaf.standard.processor.StandardDOMEventAttributeTagProcessor
[THYMELEAF]             * [* {th:onload,data-th-onload}] [1000]: org.thymeleaf.standard.processor.StandardDOMEventAttributeTagProcessor
[THYMELEAF]             * [* {th:onkeyup,data-th-onkeyup}] [1000]: org.thymeleaf.standard.processor.StandardDOMEventAttributeTagProcessor
[THYMELEAF]             * [* {th:onmouseup,data-th-onmouseup}] [1000]: org.thymeleaf.standard.processor.StandardDOMEventAttributeTagProcessor
[THYMELEAF]             * [* {th:onabort,data-th-onabort}] [1000]: org.thymeleaf.standard.processor.StandardDOMEventAttributeTagProcessor
[THYMELEAF]             * [* {th:onplaying,data-th-onplaying}] [1000]: org.thymeleaf.standard.processor.StandardDOMEventAttributeTagProcessor
[THYMELEAF]             * [* {th:onpopstate,data-th-onpopstate}] [1000]: org.thymeleaf.standard.processor.StandardDOMEventAttributeTagProcessor
[THYMELEAF]             * [* {th:ondragleave,data-th-ondragleave}] [1000]: org.thymeleaf.standard.processor.StandardDOMEventAttributeTagProcessor
[THYMELEAF]             * [* {th:onseeking,data-th-onseeking}] [1000]: org.thymeleaf.standard.processor.StandardDOMEventAttributeTagProcessor
[THYMELEAF]             * [* {th:oncontextmenu,data-th-oncontextmenu}] [1000]: org.thymeleaf.standard.processor.StandardDOMEventAttributeTagProcessor
[THYMELEAF]             * [* {th:onresize,data-th-onresize}] [1000]: org.thymeleaf.standard.processor.StandardDOMEventAttributeTagProcessor
[THYMELEAF]             * [* {th:oninvalid,data-th-oninvalid}] [1000]: org.thymeleaf.standard.processor.StandardDOMEventAttributeTagProcessor
[THYMELEAF]             * [* {th:onkeydown,data-th-onkeydown}] [1000]: org.thymeleaf.standard.processor.StandardDOMEventAttributeTagProcessor
[THYMELEAF]             * [* {th:onpause,data-th-onpause}] [1000]: org.thymeleaf.standard.processor.StandardDOMEventAttributeTagProcessor
[THYMELEAF]             * [* {th:onoffline,data-th-onoffline}] [1000]: org.thymeleaf.standard.processor.StandardDOMEventAttributeTagProcessor
[THYMELEAF]             * [* {th:onreset,data-th-onreset}] [1000]: org.thymeleaf.standard.processor.StandardDOMEventAttributeTagProcessor
[THYMELEAF]             * [* {th:onmouseout,data-th-onmouseout}] [1000]: org.thymeleaf.standard.processor.StandardDOMEventAttributeTagProcessor
[THYMELEAF]             * [* {th:onmousemove,data-th-onmousemove}] [1000]: org.thymeleaf.standard.processor.StandardDOMEventAttributeTagProcessor
[THYMELEAF]             * [* {th:onvolumechange,data-th-onvolumechange}] [1000]: org.thymeleaf.standard.processor.StandardDOMEventAttributeTagProcessor
[THYMELEAF]             * [* {th:onemptied,data-th-onemptied}] [1000]: org.thymeleaf.standard.processor.StandardDOMEventAttributeTagProcessor
[THYMELEAF]             * [* {th:onmessage,data-th-onmessage}] [1000]: org.thymeleaf.standard.processor.StandardDOMEventAttributeTagProcessor
[THYMELEAF]             * [* {th:onended,data-th-onended}] [1000]: org.thymeleaf.standard.processor.StandardDOMEventAttributeTagProcessor
[THYMELEAF]             * [* {th:onchange,data-th-onchange}] [1000]: org.thymeleaf.standard.processor.StandardDOMEventAttributeTagProcessor
[THYMELEAF]             * [* {th:onredo,data-th-onredo}] [1000]: org.thymeleaf.standard.processor.StandardDOMEventAttributeTagProcessor
[THYMELEAF]             * [* {th:ondragover,data-th-ondragover}] [1000]: org.thymeleaf.standard.processor.StandardDOMEventAttributeTagProcessor
[THYMELEAF]             * [* {th:onerror,data-th-onerror}] [1000]: org.thymeleaf.standard.processor.StandardDOMEventAttributeTagProcessor
[THYMELEAF]             * [* {th:ondragenter,data-th-ondragenter}] [1000]: org.thymeleaf.standard.processor.StandardDOMEventAttributeTagProcessor
[THYMELEAF]             * [* {th:onkeypress,data-th-onkeypress}] [1000]: org.thymeleaf.standard.processor.StandardDOMEventAttributeTagProcessor
[THYMELEAF]             * [* {th:onwaiting,data-th-onwaiting}] [1000]: org.thymeleaf.standard.processor.StandardDOMEventAttributeTagProcessor
[THYMELEAF]             * [* {th:ondragstart,data-th-ondragstart}] [1000]: org.thymeleaf.standard.processor.StandardDOMEventAttributeTagProcessor
[THYMELEAF]             * [* {th:onfocus,data-th-onfocus}] [1000]: org.thymeleaf.standard.processor.StandardDOMEventAttributeTagProcessor
[THYMELEAF]             * [* {th:onmousewheel,data-th-onmousewheel}] [1000]: org.thymeleaf.standard.processor.StandardDOMEventAttributeTagProcessor
[THYMELEAF]             * [* {th:onunload,data-th-onunload}] [1000]: org.thymeleaf.standard.processor.StandardDOMEventAttributeTagProcessor
[THYMELEAF]             * [* {th:onundo,data-th-onundo}] [1000]: org.thymeleaf.standard.processor.StandardDOMEventAttributeTagProcessor
[THYMELEAF]             * [* {th:onsubmit,data-th-onsubmit}] [1000]: org.thymeleaf.standard.processor.StandardDOMEventAttributeTagProcessor
[THYMELEAF]             * [* {th:onstalled,data-th-onstalled}] [1000]: org.thymeleaf.standard.processor.StandardDOMEventAttributeTagProcessor
[THYMELEAF]             * [* {th:onafterprint,data-th-onafterprint}] [1000]: org.thymeleaf.standard.processor.StandardDOMEventAttributeTagProcessor
[THYMELEAF]             * [* {th:ontimeupdate,data-th-ontimeupdate}] [1000]: org.thymeleaf.standard.processor.StandardDOMEventAttributeTagProcessor
[THYMELEAF]             * [* {th:onreadystatechange,data-th-onreadystatechange}] [1000]: org.thymeleaf.standard.processor.StandardDOMEventAttributeTagProcessor
[THYMELEAF]             * [* {th:oninput,data-th-oninput}] [1000]: org.thymeleaf.standard.processor.StandardDOMEventAttributeTagProcessor
[THYMELEAF]             * [* {th:ondblclick,data-th-ondblclick}] [1000]: org.thymeleaf.standard.processor.StandardDOMEventAttributeTagProcessor
[THYMELEAF]             * [* {th:onmousedown,data-th-onmousedown}] [1000]: org.thymeleaf.standard.processor.StandardDOMEventAttributeTagProcessor
[THYMELEAF]             * [* {th:onformchange,data-th-onformchange}] [1000]: org.thymeleaf.standard.processor.StandardDOMEventAttributeTagProcessor
[THYMELEAF]             * [* {th:onloadedmetadata,data-th-onloadedmetadata}] [1000]: org.thymeleaf.standard.processor.StandardDOMEventAttributeTagProcessor
[THYMELEAF]             * [* {th:onseeked,data-th-onseeked}] [1000]: org.thymeleaf.standard.processor.StandardDOMEventAttributeTagProcessor
[THYMELEAF]             * [* {th:onsuspend,data-th-onsuspend}] [1000]: org.thymeleaf.standard.processor.StandardDOMEventAttributeTagProcessor
[THYMELEAF]             * [* {th:oncanplay,data-th-oncanplay}] [1000]: org.thymeleaf.standard.processor.StandardDOMEventAttributeTagProcessor
[THYMELEAF]             * [* {th:onshow,data-th-onshow}] [1000]: org.thymeleaf.standard.processor.StandardDOMEventAttributeTagProcessor
[THYMELEAF]             * [* {th:onmouseover,data-th-onmouseover}] [1000]: org.thymeleaf.standard.processor.StandardDOMEventAttributeTagProcessor
[THYMELEAF]             * [* {th:onscroll,data-th-onscroll}] [1000]: org.thymeleaf.standard.processor.StandardDOMEventAttributeTagProcessor
[THYMELEAF]             * [* {th:ondragend,data-th-ondragend}] [1000]: org.thymeleaf.standard.processor.StandardDOMEventAttributeTagProcessor
[THYMELEAF]             * [* {th:onplay,data-th-onplay}] [1000]: org.thymeleaf.standard.processor.StandardDOMEventAttributeTagProcessor
[THYMELEAF]             * [* {th:onbeforeprint,data-th-onbeforeprint}] [1000]: org.thymeleaf.standard.processor.StandardDOMEventAttributeTagProcessor
[THYMELEAF]             * [* {th:ondrag,data-th-ondrag}] [1000]: org.thymeleaf.standard.processor.StandardDOMEventAttributeTagProcessor
[THYMELEAF]             * [* {th:onprogress,data-th-onprogress}] [1000]: org.thymeleaf.standard.processor.StandardDOMEventAttributeTagProcessor
[THYMELEAF]             * [* {th:ondurationchange,data-th-ondurationchange}] [1000]: org.thymeleaf.standard.processor.StandardDOMEventAttributeTagProcessor
[THYMELEAF]             * [* {th:ondrop,data-th-ondrop}] [1000]: org.thymeleaf.standard.processor.StandardDOMEventAttributeTagProcessor
[THYMELEAF]             * [* {th:href,data-th-href}] [1000]: org.thymeleaf.standard.processor.StandardHrefTagProcessor
[THYMELEAF]             * [* {th:inline,data-th-inline}] [1000]: org.thymeleaf.standard.processor.StandardInlineHTMLTagProcessor
[THYMELEAF]             * [* {th:method,data-th-method}] [1000]: org.thymeleaf.standard.processor.StandardMethodTagProcessor
[THYMELEAF]             * [* {th:name,data-th-name}] [1000]: org.thymeleaf.standard.processor.StandardNonRemovableAttributeTagProcessor
[THYMELEAF]             * [* {th:type,data-th-type}] [1000]: org.thymeleaf.standard.processor.StandardNonRemovableAttributeTagProcessor
[THYMELEAF]             * [* {th:content,data-th-content}] [1000]: org.thymeleaf.standard.processor.StandardRemovableAttributeTagProcessor
[THYMELEAF]             * [* {th:low,data-th-low}] [1000]: org.thymeleaf.standard.processor.StandardRemovableAttributeTagProcessor
[THYMELEAF]             * [* {th:manifest,data-th-manifest}] [1000]: org.thymeleaf.standard.processor.StandardRemovableAttributeTagProcessor
[THYMELEAF]             * [* {th:maxlength,data-th-maxlength}] [1000]: org.thymeleaf.standard.processor.StandardRemovableAttributeTagProcessor
[THYMELEAF]             * [* {th:rel,data-th-rel}] [1000]: org.thymeleaf.standard.processor.StandardRemovableAttributeTagProcessor
[THYMELEAF]             * [* {th:marginheight,data-th-marginheight}] [1000]: org.thymeleaf.standard.processor.StandardRemovableAttributeTagProcessor
[THYMELEAF]             * [* {th:standby,data-th-standby}] [1000]: org.thymeleaf.standard.processor.StandardRemovableAttributeTagProcessor
[THYMELEAF]             * [* {th:srclang,data-th-srclang}] [1000]: org.thymeleaf.standard.processor.StandardRemovableAttributeTagProcessor
[THYMELEAF]             * [* {th:start,data-th-start}] [1000]: org.thymeleaf.standard.processor.StandardRemovableAttributeTagProcessor
[THYMELEAF]             * [* {th:id,data-th-id}] [1000]: org.thymeleaf.standard.processor.StandardRemovableAttributeTagProcessor
[THYMELEAF]             * [* {th:scrolling,data-th-scrolling}] [1000]: org.thymeleaf.standard.processor.StandardRemovableAttributeTagProcessor
[THYMELEAF]             * [* {th:sizes,data-th-sizes}] [1000]: org.thymeleaf.standard.processor.StandardRemovableAttributeTagProcessor
[THYMELEAF]             * [* {th:title,data-th-title}] [1000]: org.thymeleaf.standard.processor.StandardRemovableAttributeTagProcessor
[THYMELEAF]             * [* {th:optimum,data-th-optimum}] [1000]: org.thymeleaf.standard.processor.StandardRemovableAttributeTagProcessor
[THYMELEAF]             * [* {th:formaction,data-th-formaction}] [1000]: org.thymeleaf.standard.processor.StandardRemovableAttributeTagProcessor
[THYMELEAF]             * [* {th:frame,data-th-frame}] [1000]: org.thymeleaf.standard.processor.StandardRemovableAttributeTagProcessor
[THYMELEAF]             * [* {th:formenctype,data-th-formenctype}] [1000]: org.thymeleaf.standard.processor.StandardRemovableAttributeTagProcessor
[THYMELEAF]             * [* {th:hreflang,data-th-hreflang}] [1000]: org.thymeleaf.standard.processor.StandardRemovableAttributeTagProcessor
[THYMELEAF]             * [* {th:max,data-th-max}] [1000]: org.thymeleaf.standard.processor.StandardRemovableAttributeTagProcessor
[THYMELEAF]             * [* {th:sandbox,data-th-sandbox}] [1000]: org.thymeleaf.standard.processor.StandardRemovableAttributeTagProcessor
[THYMELEAF]             * [* {th:http-equiv,data-th-http-equiv}] [1000]: org.thymeleaf.standard.processor.StandardRemovableAttributeTagProcessor
[THYMELEAF]             * [* {th:challenge,data-th-challenge}] [1000]: org.thymeleaf.standard.processor.StandardRemovableAttributeTagProcessor
[THYMELEAF]             * [* {th:vspace,data-th-vspace}] [1000]: org.thymeleaf.standard.processor.StandardRemovableAttributeTagProcessor
[THYMELEAF]             * [* {th:cellspacing,data-th-cellspacing}] [1000]: org.thymeleaf.standard.processor.StandardRemovableAttributeTagProcessor
[THYMELEAF]             * [* {th:cols,data-th-cols}] [1000]: org.thymeleaf.standard.processor.StandardRemovableAttributeTagProcessor
[THYMELEAF]             * [* {th:audio,data-th-audio}] [1000]: org.thymeleaf.standard.processor.StandardRemovableAttributeTagProcessor
[THYMELEAF]             * [* {th:summary,data-th-summary}] [1000]: org.thymeleaf.standard.processor.StandardRemovableAttributeTagProcessor
[THYMELEAF]             * [* {th:dir,data-th-dir}] [1000]: org.thymeleaf.standard.processor.StandardRemovableAttributeTagProcessor
[THYMELEAF]             * [* {th:codetype,data-th-codetype}] [1000]: org.thymeleaf.standard.processor.StandardRemovableAttributeTagProcessor
[THYMELEAF]             * [* {th:autocomplete,data-th-autocomplete}] [1000]: org.thymeleaf.standard.processor.StandardRemovableAttributeTagProcessor
[THYMELEAF]             * [* {th:classid,data-th-classid}] [1000]: org.thymeleaf.standard.processor.StandardRemovableAttributeTagProcessor
[THYMELEAF]             * [* {th:height,data-th-height}] [1000]: org.thymeleaf.standard.processor.StandardRemovableAttributeTagProcessor
[THYMELEAF]             * [* {th:marginwidth,data-th-marginwidth}] [1000]: org.thymeleaf.standard.processor.StandardRemovableAttributeTagProcessor
[THYMELEAF]             * [* {th:hspace,data-th-hspace}] [1000]: org.thymeleaf.standard.processor.StandardRemovableAttributeTagProcessor
[THYMELEAF]             * [* {th:charset,data-th-charset}] [1000]: org.thymeleaf.standard.processor.StandardRemovableAttributeTagProcessor
[THYMELEAF]             * [* {th:preload,data-th-preload}] [1000]: org.thymeleaf.standard.processor.StandardRemovableAttributeTagProcessor
[THYMELEAF]             * [* {th:target,data-th-target}] [1000]: org.thymeleaf.standard.processor.StandardRemovableAttributeTagProcessor
[THYMELEAF]             * [* {th:longdesc,data-th-longdesc}] [1000]: org.thymeleaf.standard.processor.StandardRemovableAttributeTagProcessor
[THYMELEAF]             * [* {th:lang,data-th-lang}] [1000]: org.thymeleaf.standard.processor.StandardRemovableAttributeTagProcessor
[THYMELEAF]             * [* {th:wrap,data-th-wrap}] [1000]: org.thymeleaf.standard.processor.StandardRemovableAttributeTagProcessor
[THYMELEAF]             * [* {th:formtarget,data-th-formtarget}] [1000]: org.thymeleaf.standard.processor.StandardRemovableAttributeTagProcessor
[THYMELEAF]             * [* {th:border,data-th-border}] [1000]: org.thymeleaf.standard.processor.StandardRemovableAttributeTagProcessor
[THYMELEAF]             * [* {th:label,data-th-label}] [1000]: org.thymeleaf.standard.processor.StandardRemovableAttributeTagProcessor
[THYMELEAF]             * [* {th:tabindex,data-th-tabindex}] [1000]: org.thymeleaf.standard.processor.StandardRemovableAttributeTagProcessor
[THYMELEAF]             * [* {th:style,data-th-style}] [1000]: org.thymeleaf.standard.processor.StandardRemovableAttributeTagProcessor
[THYMELEAF]             * [* {th:compact,data-th-compact}] [1000]: org.thymeleaf.standard.processor.StandardRemovableAttributeTagProcessor
[THYMELEAF]             * [* {th:icon,data-th-icon}] [1000]: org.thymeleaf.standard.processor.StandardRemovableAttributeTagProcessor
[THYMELEAF]             * [* {th:placeholder,data-th-placeholder}] [1000]: org.thymeleaf.standard.processor.StandardRemovableAttributeTagProcessor
[THYMELEAF]             * [* {th:kind,data-th-kind}] [1000]: org.thymeleaf.standard.processor.StandardRemovableAttributeTagProcessor
[THYMELEAF]             * [* {th:bgcolor,data-th-bgcolor}] [1000]: org.thymeleaf.standard.processor.StandardRemovableAttributeTagProcessor
[THYMELEAF]             * [* {th:span,data-th-span}] [1000]: org.thymeleaf.standard.processor.StandardRemovableAttributeTagProcessor
[THYMELEAF]             * [* {th:draggable,data-th-draggable}] [1000]: org.thymeleaf.standard.processor.StandardRemovableAttributeTagProcessor
[THYMELEAF]             * [* {th:background,data-th-background}] [1000]: org.thymeleaf.standard.processor.StandardRemovableAttributeTagProcessor
[THYMELEAF]             * [* {th:pattern,data-th-pattern}] [1000]: org.thymeleaf.standard.processor.StandardRemovableAttributeTagProcessor
[THYMELEAF]             * [* {th:list,data-th-list}] [1000]: org.thymeleaf.standard.processor.StandardRemovableAttributeTagProcessor
[THYMELEAF]             * [* {th:accept-charset,data-th-accept-charset}] [1000]: org.thymeleaf.standard.processor.StandardRemovableAttributeTagProcessor
[THYMELEAF]             * [* {th:cellpadding,data-th-cellpadding}] [1000]: org.thymeleaf.standard.processor.StandardRemovableAttributeTagProcessor
[THYMELEAF]             * [* {th:data,data-th-data}] [1000]: org.thymeleaf.standard.processor.StandardRemovableAttributeTagProcessor
[THYMELEAF]             * [* {th:keytype,data-th-keytype}] [1000]: org.thymeleaf.standard.processor.StandardRemovableAttributeTagProcessor
[THYMELEAF]             * [* {th:rowspan,data-th-rowspan}] [1000]: org.thymeleaf.standard.processor.StandardRemovableAttributeTagProcessor
[THYMELEAF]             * [* {th:frameborder,data-th-frameborder}] [1000]: org.thymeleaf.standard.processor.StandardRemovableAttributeTagProcessor
[THYMELEAF]             * [* {th:archive,data-th-archive}] [1000]: org.thymeleaf.standard.processor.StandardRemovableAttributeTagProcessor
[THYMELEAF]             * [* {th:contextmenu,data-th-contextmenu}] [1000]: org.thymeleaf.standard.processor.StandardRemovableAttributeTagProcessor
[THYMELEAF]             * [* {th:rows,data-th-rows}] [1000]: org.thymeleaf.standard.processor.StandardRemovableAttributeTagProcessor
[THYMELEAF]             * [* {th:size,data-th-size}] [1000]: org.thymeleaf.standard.processor.StandardRemovableAttributeTagProcessor
[THYMELEAF]             * [* {th:accept,data-th-accept}] [1000]: org.thymeleaf.standard.processor.StandardRemovableAttributeTagProcessor
[THYMELEAF]             * [* {th:scheme,data-th-scheme}] [1000]: org.thymeleaf.standard.processor.StandardRemovableAttributeTagProcessor
[THYMELEAF]             * [* {th:codebase,data-th-codebase}] [1000]: org.thymeleaf.standard.processor.StandardRemovableAttributeTagProcessor
[THYMELEAF]             * [* {th:scope,data-th-scope}] [1000]: org.thymeleaf.standard.processor.StandardRemovableAttributeTagProcessor
[THYMELEAF]             * [* {th:high,data-th-high}] [1000]: org.thymeleaf.standard.processor.StandardRemovableAttributeTagProcessor
[THYMELEAF]             * [* {th:poster,data-th-poster}] [1000]: org.thymeleaf.standard.processor.StandardRemovableAttributeTagProcessor
[THYMELEAF]             * [* {th:abbr,data-th-abbr}] [1000]: org.thymeleaf.standard.processor.StandardRemovableAttributeTagProcessor
[THYMELEAF]             * [* {th:for,data-th-for}] [1000]: org.thymeleaf.standard.processor.StandardRemovableAttributeTagProcessor
[THYMELEAF]             * [* {th:dropzone,data-th-dropzone}] [1000]: org.thymeleaf.standard.processor.StandardRemovableAttributeTagProcessor
[THYMELEAF]             * [* {th:media,data-th-media}] [1000]: org.thymeleaf.standard.processor.StandardRemovableAttributeTagProcessor
[THYMELEAF]             * [* {th:usemap,data-th-usemap}] [1000]: org.thymeleaf.standard.processor.StandardRemovableAttributeTagProcessor
[THYMELEAF]             * [* {th:radiogroup,data-th-radiogroup}] [1000]: org.thymeleaf.standard.processor.StandardRemovableAttributeTagProcessor
[THYMELEAF]             * [* {th:axis,data-th-axis}] [1000]: org.thymeleaf.standard.processor.StandardRemovableAttributeTagProcessor
[THYMELEAF]             * [* {th:form,data-th-form}] [1000]: org.thymeleaf.standard.processor.StandardRemovableAttributeTagProcessor
[THYMELEAF]             * [* {th:class,data-th-class}] [1000]: org.thymeleaf.standard.processor.StandardRemovableAttributeTagProcessor
[THYMELEAF]             * [* {th:align,data-th-align}] [1000]: org.thymeleaf.standard.processor.StandardRemovableAttributeTagProcessor
[THYMELEAF]             * [* {th:rev,data-th-rev}] [1000]: org.thymeleaf.standard.processor.StandardRemovableAttributeTagProcessor
[THYMELEAF]             * [* {th:headers,data-th-headers}] [1000]: org.thymeleaf.standard.processor.StandardRemovableAttributeTagProcessor
[THYMELEAF]             * [* {th:contenteditable,data-th-contenteditable}] [1000]: org.thymeleaf.standard.processor.StandardRemovableAttributeTagProcessor
[THYMELEAF]             * [* {th:datetime,data-th-datetime}] [1000]: org.thymeleaf.standard.processor.StandardRemovableAttributeTagProcessor
[THYMELEAF]             * [* {th:rules,data-th-rules}] [1000]: org.thymeleaf.standard.processor.StandardRemovableAttributeTagProcessor
[THYMELEAF]             * [* {th:enctype,data-th-enctype}] [1000]: org.thymeleaf.standard.processor.StandardRemovableAttributeTagProcessor
[THYMELEAF]             * [* {th:spellcheck,data-th-spellcheck}] [1000]: org.thymeleaf.standard.processor.StandardRemovableAttributeTagProcessor
[THYMELEAF]             * [* {th:cite,data-th-cite}] [1000]: org.thymeleaf.standard.processor.StandardRemovableAttributeTagProcessor
[THYMELEAF]             * [* {th:accesskey,data-th-accesskey}] [1000]: org.thymeleaf.standard.processor.StandardRemovableAttributeTagProcessor
[THYMELEAF]             * [* {th:width,data-th-width}] [1000]: org.thymeleaf.standard.processor.StandardRemovableAttributeTagProcessor
[THYMELEAF]             * [* {th:valuetype,data-th-valuetype}] [1000]: org.thymeleaf.standard.processor.StandardRemovableAttributeTagProcessor
[THYMELEAF]             * [* {th:step,data-th-step}] [1000]: org.thymeleaf.standard.processor.StandardRemovableAttributeTagProcessor
[THYMELEAF]             * [* {th:formmethod,data-th-formmethod}] [1000]: org.thymeleaf.standard.processor.StandardRemovableAttributeTagProcessor
[THYMELEAF]             * [* {th:colspan,data-th-colspan}] [1000]: org.thymeleaf.standard.processor.StandardRemovableAttributeTagProcessor
[THYMELEAF]             * [* {th:alt,data-th-alt}] [1000]: org.thymeleaf.standard.processor.StandardRemovableAttributeTagProcessor
[THYMELEAF]             * [* {th:min,data-th-min}] [1000]: org.thymeleaf.standard.processor.StandardRemovableAttributeTagProcessor
[THYMELEAF]             * [* {th:src,data-th-src}] [1000]: org.thymeleaf.standard.processor.StandardSrcTagProcessor
[THYMELEAF]             * [* {th:value,data-th-value}] [1000]: org.thymeleaf.standard.processor.StandardValueTagProcessor
[THYMELEAF]             * [* {th:xmlbase,data-th-xmlbase}] [1000]: org.thymeleaf.standard.processor.StandardXmlBaseTagProcessor
[THYMELEAF]             * [* {th:xmllang,data-th-xmllang}] [1000]: org.thymeleaf.standard.processor.StandardXmlLangTagProcessor
[THYMELEAF]             * [* {xmlns:th}] [1000]: org.thymeleaf.standard.processor.StandardXmlNsTagProcessor
[THYMELEAF]             * [* {th:xmlspace,data-th-xmlspace}] [1000]: org.thymeleaf.standard.processor.StandardXmlSpaceTagProcessor
[THYMELEAF]             * [* {th:classappend,data-th-classappend}] [1100]: org.thymeleaf.standard.processor.StandardClassappendTagProcessor
[THYMELEAF]             * [* {th:styleappend,data-th-styleappend}] [1100]: org.thymeleaf.standard.processor.StandardStyleappendTagProcessor
[THYMELEAF]             * [* {th:text,data-th-text}] [1300]: org.thymeleaf.standard.processor.StandardTextTagProcessor
[THYMELEAF]             * [* {th:utext,data-th-utext}] [1400]: org.thymeleaf.standard.processor.StandardUtextTagProcessor
[THYMELEAF]             * [* {th:fragment,data-th-fragment}] [1500]: org.thymeleaf.standard.processor.StandardFragmentTagProcessor
[THYMELEAF]             * [* {th:assert,data-th-assert}] [1550]: org.thymeleaf.standard.processor.StandardAssertTagProcessor
[THYMELEAF]             * [* {th:remove,data-th-remove}] [1600]: org.thymeleaf.standard.processor.StandardRemoveTagProcessor
[THYMELEAF]             * [* {th:ref,data-th-ref}] [10000]: org.thymeleaf.standard.processor.StandardRefAttributeTagProcessor
[THYMELEAF]             * [{th:block,th-block} *] [100000]: org.thymeleaf.standard.processor.StandardBlockTagProcessor
[THYMELEAF]             * [* th:*] [2147483647]: org.thymeleaf.standard.processor.StandardDefaultAttributesTagProcessor
[THYMELEAF]         * Text Processors by [precedence]:
[THYMELEAF]             * [1000]: org.thymeleaf.standard.processor.StandardInliningTextProcessor
[THYMELEAF]         * DOCTYPE Processors by [precedence]:
[THYMELEAF]             * [1000]: org.thymeleaf.standard.processor.StandardTranslationDocTypeProcessor
[THYMELEAF]         * CDATA Section Processors by [precedence]:
[THYMELEAF]             * [1000]: org.thymeleaf.standard.processor.StandardInliningCDATASectionProcessor
[THYMELEAF]         * Comment Processors by [precedence]:
[THYMELEAF]             * [1000]: org.thymeleaf.standard.processor.StandardInliningCommentProcessor
[THYMELEAF]             * [1100]: org.thymeleaf.standard.processor.StandardConditionalCommentProcessor
[THYMELEAF]     * Processors for Template Mode: XML
[THYMELEAF]         * Element Tag Processors by [matching element and attribute name] [precedence]:
[THYMELEAF]             * [* {th:include}] [100]: org.thymeleaf.standard.processor.StandardIncludeTagProcessor
[THYMELEAF]             * [* {th:insert}] [100]: org.thymeleaf.standard.processor.StandardInsertTagProcessor
[THYMELEAF]             * [* {th:replace}] [100]: org.thymeleaf.standard.processor.StandardReplaceTagProcessor
[THYMELEAF]             * [* {th:each}] [200]: com.intuit.karate.template.KarateEachTagProcessor
[THYMELEAF]             * [* {th:switch}] [250]: org.thymeleaf.standard.processor.StandardSwitchTagProcessor
[THYMELEAF]             * [* {th:case}] [275]: org.thymeleaf.standard.processor.StandardCaseTagProcessor
[THYMELEAF]             * [* {th:if}] [300]: org.thymeleaf.standard.processor.StandardIfTagProcessor
[THYMELEAF]             * [* {th:unless}] [400]: org.thymeleaf.standard.processor.StandardUnlessTagProcessor
[THYMELEAF]             * [* {th:object}] [500]: org.thymeleaf.standard.processor.StandardObjectTagProcessor
[THYMELEAF]             * [* {th:with}] [600]: com.intuit.karate.template.KarateWithTagProcessor
[THYMELEAF]             * [* {th:attr}] [700]: com.intuit.karate.template.KarateAttributeTagProcessor.KarateAttrTagProcessor
[THYMELEAF]             * [* {th:attrappend}] [900]: com.intuit.karate.template.KarateAttributeTagProcessor.KarateAttrappendTagProcessor
[THYMELEAF]             * [* {th:attrprepend}] [900]: com.intuit.karate.template.KarateAttributeTagProcessor.KarateAttrprependTagProcessor
[THYMELEAF]             * [* {th:inline}] [1000]: org.thymeleaf.standard.processor.StandardInlineXMLTagProcessor
[THYMELEAF]             * [* {xmlns:th}] [1000]: org.thymeleaf.standard.processor.StandardXmlNsTagProcessor
[THYMELEAF]             * [* {th:text}] [1300]: org.thymeleaf.standard.processor.StandardTextTagProcessor
[THYMELEAF]             * [* {th:utext}] [1400]: org.thymeleaf.standard.processor.StandardUtextTagProcessor
[THYMELEAF]             * [* {th:fragment}] [1500]: org.thymeleaf.standard.processor.StandardFragmentTagProcessor
[THYMELEAF]             * [* {th:assert}] [1550]: org.thymeleaf.standard.processor.StandardAssertTagProcessor
[THYMELEAF]             * [* {th:remove}] [1600]: org.thymeleaf.standard.processor.StandardRemoveTagProcessor
[THYMELEAF]             * [* {th:ref}] [10000]: org.thymeleaf.standard.processor.StandardRefAttributeTagProcessor
[THYMELEAF]             * [{th:block} *] [100000]: org.thymeleaf.standard.processor.StandardBlockTagProcessor
[THYMELEAF]             * [* th:*] [2147483647]: org.thymeleaf.standard.processor.StandardDefaultAttributesTagProcessor
[THYMELEAF]         * Text Processors by [precedence]:
[THYMELEAF]             * [1000]: org.thymeleaf.standard.processor.StandardInliningTextProcessor
[THYMELEAF]         * CDATA Section Processors by [precedence]:
[THYMELEAF]             * [1000]: org.thymeleaf.standard.processor.StandardInliningCDATASectionProcessor
[THYMELEAF]         * Comment Processors by [precedence]:
[THYMELEAF]             * [1000]: org.thymeleaf.standard.processor.StandardInliningCommentProcessor
[THYMELEAF]     * Processors for Template Mode: TEXT
[THYMELEAF]         * Element Tag Processors by [matching element and attribute name] [precedence]:
[THYMELEAF]             * [* {th:insert}] [100]: org.thymeleaf.standard.processor.StandardInsertTagProcessor
[THYMELEAF]             * [* {th:replace}] [100]: org.thymeleaf.standard.processor.StandardReplaceTagProcessor
[THYMELEAF]             * [* {th:each}] [200]: com.intuit.karate.template.KarateEachTagProcessor
[THYMELEAF]             * [* {th:switch}] [250]: org.thymeleaf.standard.processor.StandardSwitchTagProcessor
[THYMELEAF]             * [* {th:case}] [275]: org.thymeleaf.standard.processor.StandardCaseTagProcessor
[THYMELEAF]             * [* {th:if}] [300]: org.thymeleaf.standard.processor.StandardIfTagProcessor
[THYMELEAF]             * [* {th:unless}] [400]: org.thymeleaf.standard.processor.StandardUnlessTagProcessor
[THYMELEAF]             * [* {th:object}] [500]: org.thymeleaf.standard.processor.StandardObjectTagProcessor
[THYMELEAF]             * [* {th:with}] [600]: com.intuit.karate.template.KarateWithTagProcessor
[THYMELEAF]             * [* {th:inline}] [1000]: org.thymeleaf.standard.processor.StandardInlineTextualTagProcessor
[THYMELEAF]             * [* {th:text}] [1300]: org.thymeleaf.standard.processor.StandardTextTagProcessor
[THYMELEAF]             * [* {th:utext}] [1400]: org.thymeleaf.standard.processor.StandardUtextTagProcessor
[THYMELEAF]             * [* {th:assert}] [1550]: org.thymeleaf.standard.processor.StandardAssertTagProcessor
[THYMELEAF]             * [* {th:remove}] [1600]: org.thymeleaf.standard.processor.StandardRemoveTagProcessor
[THYMELEAF]             * [{th:block} *] [100000]: org.thymeleaf.standard.processor.StandardBlockTagProcessor
[THYMELEAF]             * [* 100000] [org.thymeleaf.standard.processor.StandardBlockTagProcessor]: {}
[THYMELEAF]         * Text Processors by [precedence]:
[THYMELEAF]             * [1000]: org.thymeleaf.standard.processor.StandardInliningTextProcessor
[THYMELEAF]     * Processors for Template Mode: JAVASCRIPT
[THYMELEAF]         * Element Tag Processors by [matching element and attribute name] [precedence]:
[THYMELEAF]             * [* {th:insert}] [100]: org.thymeleaf.standard.processor.StandardInsertTagProcessor
[THYMELEAF]             * [* {th:replace}] [100]: org.thymeleaf.standard.processor.StandardReplaceTagProcessor
[THYMELEAF]             * [* {th:each}] [200]: com.intuit.karate.template.KarateEachTagProcessor
[THYMELEAF]             * [* {th:switch}] [250]: org.thymeleaf.standard.processor.StandardSwitchTagProcessor
[THYMELEAF]             * [* {th:case}] [275]: org.thymeleaf.standard.processor.StandardCaseTagProcessor
[THYMELEAF]             * [* {th:if}] [300]: org.thymeleaf.standard.processor.StandardIfTagProcessor
[THYMELEAF]             * [* {th:unless}] [400]: org.thymeleaf.standard.processor.StandardUnlessTagProcessor
[THYMELEAF]             * [* {th:object}] [500]: org.thymeleaf.standard.processor.StandardObjectTagProcessor
[THYMELEAF]             * [* {th:with}] [600]: com.intuit.karate.template.KarateWithTagProcessor
[THYMELEAF]             * [* {th:inline}] [1000]: org.thymeleaf.standard.processor.StandardInlineTextualTagProcessor
[THYMELEAF]             * [* {th:text}] [1300]: org.thymeleaf.standard.processor.StandardTextTagProcessor
[THYMELEAF]             * [* {th:utext}] [1400]: org.thymeleaf.standard.processor.StandardUtextTagProcessor
[THYMELEAF]             * [* {th:assert}] [1550]: org.thymeleaf.standard.processor.StandardAssertTagProcessor
[THYMELEAF]             * [* {th:remove}] [1600]: org.thymeleaf.standard.processor.StandardRemoveTagProcessor
[THYMELEAF]             * [{th:block} *] [100000]: org.thymeleaf.standard.processor.StandardBlockTagProcessor
[THYMELEAF]             * [* 100000] [org.thymeleaf.standard.processor.StandardBlockTagProcessor]: {}
[THYMELEAF]         * Text Processors by [precedence]:
[THYMELEAF]             * [1000]: org.thymeleaf.standard.processor.StandardInliningTextProcessor
[THYMELEAF]     * Processors for Template Mode: CSS
[THYMELEAF]         * Element Tag Processors by [matching element and attribute name] [precedence]:
[THYMELEAF]             * [* {th:insert}] [100]: org.thymeleaf.standard.processor.StandardInsertTagProcessor
[THYMELEAF]             * [* {th:replace}] [100]: org.thymeleaf.standard.processor.StandardReplaceTagProcessor
[THYMELEAF]             * [* {th:each}] [200]: com.intuit.karate.template.KarateEachTagProcessor
[THYMELEAF]             * [* {th:switch}] [250]: org.thymeleaf.standard.processor.StandardSwitchTagProcessor
[THYMELEAF]             * [* {th:case}] [275]: org.thymeleaf.standard.processor.StandardCaseTagProcessor
[THYMELEAF]             * [* {th:if}] [300]: org.thymeleaf.standard.processor.StandardIfTagProcessor
[THYMELEAF]             * [* {th:unless}] [400]: org.thymeleaf.standard.processor.StandardUnlessTagProcessor
[THYMELEAF]             * [* {th:object}] [500]: org.thymeleaf.standard.processor.StandardObjectTagProcessor
[THYMELEAF]             * [* {th:with}] [600]: com.intuit.karate.template.KarateWithTagProcessor
[THYMELEAF]             * [* {th:inline}] [1000]: org.thymeleaf.standard.processor.StandardInlineTextualTagProcessor
[THYMELEAF]             * [* {th:text}] [1300]: org.thymeleaf.standard.processor.StandardTextTagProcessor
[THYMELEAF]             * [* {th:utext}] [1400]: org.thymeleaf.standard.processor.StandardUtextTagProcessor
[THYMELEAF]             * [* {th:assert}] [1550]: org.thymeleaf.standard.processor.StandardAssertTagProcessor
[THYMELEAF]             * [* {th:remove}] [1600]: org.thymeleaf.standard.processor.StandardRemoveTagProcessor
[THYMELEAF]             * [* 100000] [org.thymeleaf.standard.processor.StandardBlockTagProcessor]: {}
[THYMELEAF]             * [{th:block} *] [100000]: org.thymeleaf.standard.processor.StandardBlockTagProcessor
[THYMELEAF]         * Text Processors by [precedence]:
[THYMELEAF]             * [1000]: org.thymeleaf.standard.processor.StandardInliningTextProcessor
[THYMELEAF]     * Expression Objects:
[THYMELEAF]         * #ctx
[THYMELEAF]         * #root
[THYMELEAF]         * #vars
[THYMELEAF]         * #object
[THYMELEAF]         * #locale
[THYMELEAF]         * #conversions
[THYMELEAF]         * #uris
[THYMELEAF]         * #temporals
[THYMELEAF]         * #calendars
[THYMELEAF]         * #dates
[THYMELEAF]         * #bools
[THYMELEAF]         * #numbers
[THYMELEAF]         * #objects
[THYMELEAF]         * #strings
[THYMELEAF]         * #arrays
[THYMELEAF]         * #lists
[THYMELEAF]         * #sets
[THYMELEAF]         * #maps
[THYMELEAF]         * #aggregates
[THYMELEAF]         * #messages
[THYMELEAF]         * #ids
[THYMELEAF]         * #execInfo
[THYMELEAF]         * #request
[THYMELEAF]         * #response
[THYMELEAF]         * #session
[THYMELEAF]         * #servletContext
[THYMELEAF]     * Execution Attributes:
[THYMELEAF]         * "StandardExpressionParser": com.intuit.karate.template.KarateStandardDialect@3d718248
[THYMELEAF]         * "StandardJavaScriptSerializer": org.thymeleaf.standard.serializer.StandardJavaScriptSerializer@2fafa7b5
[THYMELEAF]         * "StandardCSSSerializer": org.thymeleaf.standard.serializer.StandardCSSSerializer@181098bf
[THYMELEAF]         * "StandardVariableExpressionEvaluator": com.intuit.karate.template.KarateStandardDialect@3d718248
[THYMELEAF]         * "StandardConversionService": org.thymeleaf.standard.expression.StandardConversionService@632b5c79
[THYMELEAF] * Dialect [2 of 2]: karate (com.intuit.karate.template.KarateScriptDialect)
[THYMELEAF]     * Prefix: "ka"
[THYMELEAF]     * Processors for Template Mode: HTML
[THYMELEAF]         * Element Tag Processors by [matching element and attribute name] [precedence]:
[THYMELEAF]             * [* {src}] [1000]: com.intuit.karate.template.KaScriptAttrProcessor
[THYMELEAF]         * Element Model Processors by [matching element and attribute name] [precedence]:
[THYMELEAF]             * [{script} {ka:scope,data-ka-scope}] [1000]: com.intuit.karate.template.KaScriptElemProcessor
[THYMELEAF]             * [* {ka:set,data-ka-set}] [1000]: com.intuit.karate.template.KaSetElemProcessor
[THYMELEAF] TEMPLATE ENGINE CONFIGURED OK
23:04:26.602 [main] DEBUG org.thymeleaf.TemplateEngine -- [THYMELEAF] TEMPLATE ENGINE INITIALIZED
23:04:26.608 [main] DEBUG org.thymeleaf.TemplateEngine -- [THYMELEAF] INITIALIZING TEMPLATE ENGINE
23:04:26.619 [main] DEBUG org.thymeleaf.TemplateEngine.CONFIG -- Initializing Thymeleaf Template engine configuration...
[THYMELEAF] TEMPLATE ENGINE CONFIGURATION:
[THYMELEAF] * Thymeleaf version: 3.1.2.RELEASE (built 2023-07-30T19:25:50+0000)
[THYMELEAF] * Cache Manager implementation: org.thymeleaf.cache.StandardCacheManager
[THYMELEAF] * Template resolvers:
[THYMELEAF]     * [1] com.intuit.karate.template.ResourceHtmlTemplateResolver
[THYMELEAF] * Message resolvers:
[THYMELEAF]     * org.thymeleaf.messageresolver.StandardMessageResolver
[THYMELEAF] * Link builders:
[THYMELEAF]     * org.thymeleaf.linkbuilder.StandardLinkBuilder
[THYMELEAF] * Dialect [1 of 2]: Standard (com.intuit.karate.template.KarateStandardDialect)
[THYMELEAF]     * Prefix: "th"
[THYMELEAF]     * Processors for Template Mode: HTML
[THYMELEAF]         * Element Tag Processors by [matching element and attribute name] [precedence]:
[THYMELEAF]             * [* {th:include,data-th-include}] [100]: org.thymeleaf.standard.processor.StandardIncludeTagProcessor
[THYMELEAF]             * [* {th:insert,data-th-insert}] [100]: org.thymeleaf.standard.processor.StandardInsertTagProcessor
[THYMELEAF]             * [* {th:replace,data-th-replace}] [100]: org.thymeleaf.standard.processor.StandardReplaceTagProcessor
[THYMELEAF]             * [* {th:each,data-th-each}] [200]: com.intuit.karate.template.KarateEachTagProcessor
[THYMELEAF]             * [* {th:switch,data-th-switch}] [250]: org.thymeleaf.standard.processor.StandardSwitchTagProcessor
[THYMELEAF]             * [* {th:case,data-th-case}] [275]: org.thymeleaf.standard.processor.StandardCaseTagProcessor
[THYMELEAF]             * [* {th:if,data-th-if}] [300]: org.thymeleaf.standard.processor.StandardIfTagProcessor
[THYMELEAF]             * [* {th:unless,data-th-unless}] [400]: org.thymeleaf.standard.processor.StandardUnlessTagProcessor
[THYMELEAF]             * [* {th:object,data-th-object}] [500]: org.thymeleaf.standard.processor.StandardObjectTagProcessor
[THYMELEAF]             * [* {th:with,data-th-with}] [600]: com.intuit.karate.template.KarateWithTagProcessor
[THYMELEAF]             * [* {th:attr,data-th-attr}] [700]: com.intuit.karate.template.KarateAttributeTagProcessor.KarateAttrTagProcessor
[THYMELEAF]             * [* {th:attrappend,data-th-attrappend}] [900]: com.intuit.karate.template.KarateAttributeTagProcessor.KarateAttrappendTagProcessor
[THYMELEAF]             * [* {th:attrprepend,data-th-attrprepend}] [900]: com.intuit.karate.template.KarateAttributeTagProcessor.KarateAttrprependTagProcessor
[THYMELEAF]             * [* {th:alt-title,data-th-alt-title}] [990]: org.thymeleaf.standard.processor.StandardAltTitleTagProcessor
[THYMELEAF]             * [* {th:lang-xmllang,data-th-lang-xmllang}] [990]: org.thymeleaf.standard.processor.StandardLangXmlLangTagProcessor
[THYMELEAF]             * [* {th:action,data-th-action}] [1000]: org.thymeleaf.standard.processor.StandardActionTagProcessor
[THYMELEAF]             * [* {th:loop,data-th-loop}] [1000]: org.thymeleaf.standard.processor.StandardConditionalFixedValueTagProcessor
[THYMELEAF]             * [* {th:defer,data-th-defer}] [1000]: org.thymeleaf.standard.processor.StandardConditionalFixedValueTagProcessor
[THYMELEAF]             * [* {th:multiple,data-th-multiple}] [1000]: org.thymeleaf.standard.processor.StandardConditionalFixedValueTagProcessor
[THYMELEAF]             * [* {th:open,data-th-open}] [1000]: org.thymeleaf.standard.processor.StandardConditionalFixedValueTagProcessor
[THYMELEAF]             * [* {th:formnovalidate,data-th-formnovalidate}] [1000]: org.thymeleaf.standard.processor.StandardConditionalFixedValueTagProcessor
[THYMELEAF]             * [* {th:autoplay,data-th-autoplay}] [1000]: org.thymeleaf.standard.processor.StandardConditionalFixedValueTagProcessor
[THYMELEAF]             * [* {th:async,data-th-async}] [1000]: org.thymeleaf.standard.processor.StandardConditionalFixedValueTagProcessor
[THYMELEAF]             * [* {th:ismap,data-th-ismap}] [1000]: org.thymeleaf.standard.processor.StandardConditionalFixedValueTagProcessor
[THYMELEAF]             * [* {th:disabled,data-th-disabled}] [1000]: org.thymeleaf.standard.processor.StandardConditionalFixedValueTagProcessor
[THYMELEAF]             * [* {th:novalidate,data-th-novalidate}] [1000]: org.thymeleaf.standard.processor.StandardConditionalFixedValueTagProcessor
[THYMELEAF]             * [* {th:controls,data-th-controls}] [1000]: org.thymeleaf.standard.processor.StandardConditionalFixedValueTagProcessor
[THYMELEAF]             * [* {th:reversed,data-th-reversed}] [1000]: org.thymeleaf.standard.processor.StandardConditionalFixedValueTagProcessor
[THYMELEAF]             * [* {th:hidden,data-th-hidden}] [1000]: org.thymeleaf.standard.processor.StandardConditionalFixedValueTagProcessor
[THYMELEAF]             * [* {th:autofocus,data-th-autofocus}] [1000]: org.thymeleaf.standard.processor.StandardConditionalFixedValueTagProcessor
[THYMELEAF]             * [* {th:default,data-th-default}] [1000]: org.thymeleaf.standard.processor.StandardConditionalFixedValueTagProcessor
[THYMELEAF]             * [* {th:seamless,data-th-seamless}] [1000]: org.thymeleaf.standard.processor.StandardConditionalFixedValueTagProcessor
[THYMELEAF]             * [* {th:required,data-th-required}] [1000]: org.thymeleaf.standard.processor.StandardConditionalFixedValueTagProcessor
[THYMELEAF]             * [* {th:nowrap,data-th-nowrap}] [1000]: org.thymeleaf.standard.processor.StandardConditionalFixedValueTagProcessor
[THYMELEAF]             * [* {th:pubdate,data-th-pubdate}] [1000]: org.thymeleaf.standard.processor.StandardConditionalFixedValueTagProcessor
[THYMELEAF]             * [* {th:scoped,data-th-scoped}] [1000]: org.thymeleaf.standard.processor.StandardConditionalFixedValueTagProcessor
[THYMELEAF]             * [* {th:readonly,data-th-readonly}] [1000]: org.thymeleaf.standard.processor.StandardConditionalFixedValueTagProcessor
[THYMELEAF]             * [* {th:selected,data-th-selected}] [1000]: org.thymeleaf.standard.processor.StandardConditionalFixedValueTagProcessor
[THYMELEAF]             * [* {th:declare,data-th-declare}] [1000]: org.thymeleaf.standard.processor.StandardConditionalFixedValueTagProcessor
[THYMELEAF]             * [* {th:checked,data-th-checked}] [1000]: org.thymeleaf.standard.processor.StandardConditionalFixedValueTagProcessor
[THYMELEAF]             * [* {th:oninvalid,data-th-oninvalid}] [1000]: org.thymeleaf.standard.processor.StandardDOMEventAttributeTagProcessor
[THYMELEAF]             * [* {th:onselect,data-th-onselect}] [1000]: org.thymeleaf.standard.processor.StandardDOMEventAttributeTagProcessor
[THYMELEAF]             * [* {th:onwaiting,data-th-onwaiting}] [1000]: org.thymeleaf.standard.processor.StandardDOMEventAttributeTagProcessor
[THYMELEAF]             * [* {th:onloadedmetadata,data-th-onloadedmetadata}] [1000]: org.thymeleaf.standard.processor.StandardDOMEventAttributeTagProcessor
[THYMELEAF]             * [* {th:onreset,data-th-onreset}] [1000]: org.thymeleaf.standard.processor.StandardDOMEventAttributeTagProcessor
[THYMELEAF]             * [* {th:ondragend,data-th-ondragend}] [1000]: org.thymeleaf.standard.processor.StandardDOMEventAttributeTagProcessor
[THYMELEAF]             * [* {th:ondragover,data-th-ondragover}] [1000]: org.thymeleaf.standard.processor.StandardDOMEventAttributeTagProcessor
[THYMELEAF]             * [* {th:onfocus,data-th-onfocus}] [1000]: org.thymeleaf.standard.processor.StandardDOMEventAttributeTagProcessor
[THYMELEAF]             * [* {th:oncanplaythrough,data-th-oncanplaythrough}] [1000]: org.thymeleaf.standard.processor.StandardDOMEventAttributeTagProcessor
[THYMELEAF]             * [* {th:onmousedown,data-th-onmousedown}] [1000]: org.thymeleaf.standard.processor.StandardDOMEventAttributeTagProcessor
[THYMELEAF]             * [* {th:onformchange,data-th-onformchange}] [1000]: org.thymeleaf.standard.processor.StandardDOMEventAttributeTagProcessor
[THYMELEAF]             * [* {th:oncontextmenu,data-th-oncontextmenu}] [1000]: org.thymeleaf.standard.processor.StandardDOMEventAttributeTagProcessor
[THYMELEAF]             * [* {th:onstorage,data-th-onstorage}] [1000]: org.thymeleaf.standard.processor.StandardDOMEventAttributeTagProcessor
[THYMELEAF]             * [* {th:onundo,data-th-onundo}] [1000]: org.thymeleaf.standard.processor.StandardDOMEventAttributeTagProcessor
[THYMELEAF]             * [* {th:onpopstate,data-th-onpopstate}] [1000]: org.thymeleaf.standard.processor.StandardDOMEventAttributeTagProcessor
[THYMELEAF]             * [* {th:onabort,data-th-onabort}] [1000]: org.thymeleaf.standard.processor.StandardDOMEventAttributeTagProcessor
[THYMELEAF]             * [* {th:onmouseup,data-th-onmouseup}] [1000]: org.thymeleaf.standard.processor.StandardDOMEventAttributeTagProcessor
[THYMELEAF]             * [* {th:onmessage,data-th-onmessage}] [1000]: org.thymeleaf.standard.processor.StandardDOMEventAttributeTagProcessor
[THYMELEAF]             * [* {th:onchange,data-th-onchange}] [1000]: org.thymeleaf.standard.processor.StandardDOMEventAttributeTagProcessor
[THYMELEAF]             * [* {th:ondblclick,data-th-ondblclick}] [1000]: org.thymeleaf.standard.processor.StandardDOMEventAttributeTagProcessor
[THYMELEAF]             * [* {th:ondragstart,data-th-ondragstart}] [1000]: org.thymeleaf.standard.processor.StandardDOMEventAttributeTagProcessor
[THYMELEAF]             * [* {th:onunload,data-th-onunload}] [1000]: org.thymeleaf.standard.processor.StandardDOMEventAttributeTagProcessor
[THYMELEAF]             * [* {th:ondrop,data-th-ondrop}] [1000]: org.thymeleaf.standard.processor.StandardDOMEventAttributeTagProcessor
[THYMELEAF]             * [* {th:onvolumechange,data-th-onvolumechange}] [1000]: org.thymeleaf.standard.processor.StandardDOMEventAttributeTagProcessor
[THYMELEAF]             * [* {th:onseeked,data-th-onseeked}] [1000]: org.thymeleaf.standard.processor.StandardDOMEventAttributeTagProcessor
[THYMELEAF]             * [* {th:oncanplay,data-th-oncanplay}] [1000]: org.thymeleaf.standard.processor.StandardDOMEventAttributeTagProcessor
[THYMELEAF]             * [* {th:onbeforeunload,data-th-onbeforeunload}] [1000]: org.thymeleaf.standard.processor.StandardDOMEventAttributeTagProcessor
[THYMELEAF]             * [* {th:onemptied,data-th-onemptied}] [1000]: org.thymeleaf.standard.processor.StandardDOMEventAttributeTagProcessor
[THYMELEAF]             * [* {th:onseeking,data-th-onseeking}] [1000]: org.thymeleaf.standard.processor.StandardDOMEventAttributeTagProcessor
[THYMELEAF]             * [* {th:ondurationchange,data-th-ondurationchange}] [1000]: org.thymeleaf.standard.processor.StandardDOMEventAttributeTagProcessor
[THYMELEAF]             * [* {th:onshow,data-th-onshow}] [1000]: org.thymeleaf.standard.processor.StandardDOMEventAttributeTagProcessor
[THYMELEAF]             * [* {th:oninput,data-th-oninput}] [1000]: org.thymeleaf.standard.processor.StandardDOMEventAttributeTagProcessor
[THYMELEAF]             * [* {th:onloadstart,data-th-onloadstart}] [1000]: org.thymeleaf.standard.processor.StandardDOMEventAttributeTagProcessor
[THYMELEAF]             * [* {th:onredo,data-th-onredo}] [1000]: org.thymeleaf.standard.processor.StandardDOMEventAttributeTagProcessor
[THYMELEAF]             * [* {th:ondragenter,data-th-ondragenter}] [1000]: org.thymeleaf.standard.processor.StandardDOMEventAttributeTagProcessor
[THYMELEAF]             * [* {th:onblur,data-th-onblur}] [1000]: org.thymeleaf.standard.processor.StandardDOMEventAttributeTagProcessor
[THYMELEAF]             * [* {th:onclick,data-th-onclick}] [1000]: org.thymeleaf.standard.processor.StandardDOMEventAttributeTagProcessor
[THYMELEAF]             * [* {th:onplaying,data-th-onplaying}] [1000]: org.thymeleaf.standard.processor.StandardDOMEventAttributeTagProcessor
[THYMELEAF]             * [* {th:onstalled,data-th-onstalled}] [1000]: org.thymeleaf.standard.processor.StandardDOMEventAttributeTagProcessor
[THYMELEAF]             * [* {th:onpause,data-th-onpause}] [1000]: org.thymeleaf.standard.processor.StandardDOMEventAttributeTagProcessor
[THYMELEAF]             * [* {th:onresize,data-th-onresize}] [1000]: org.thymeleaf.standard.processor.StandardDOMEventAttributeTagProcessor
[THYMELEAF]             * [* {th:onkeypress,data-th-onkeypress}] [1000]: org.thymeleaf.standard.processor.StandardDOMEventAttributeTagProcessor
[THYMELEAF]             * [* {th:onloadeddata,data-th-onloadeddata}] [1000]: org.thymeleaf.standard.processor.StandardDOMEventAttributeTagProcessor
[THYMELEAF]             * [* {th:onratechange,data-th-onratechange}] [1000]: org.thymeleaf.standard.processor.StandardDOMEventAttributeTagProcessor
[THYMELEAF]             * [* {th:onkeydown,data-th-onkeydown}] [1000]: org.thymeleaf.standard.processor.StandardDOMEventAttributeTagProcessor
[THYMELEAF]             * [* {th:onsuspend,data-th-onsuspend}] [1000]: org.thymeleaf.standard.processor.StandardDOMEventAttributeTagProcessor
[THYMELEAF]             * [* {th:onprogress,data-th-onprogress}] [1000]: org.thymeleaf.standard.processor.StandardDOMEventAttributeTagProcessor
[THYMELEAF]             * [* {th:onafterprint,data-th-onafterprint}] [1000]: org.thymeleaf.standard.processor.StandardDOMEventAttributeTagProcessor
[THYMELEAF]             * [* {th:onmousewheel,data-th-onmousewheel}] [1000]: org.thymeleaf.standard.processor.StandardDOMEventAttributeTagProcessor
[THYMELEAF]             * [* {th:onmouseout,data-th-onmouseout}] [1000]: org.thymeleaf.standard.processor.StandardDOMEventAttributeTagProcessor
[THYMELEAF]             * [* {th:onreadystatechange,data-th-onreadystatechange}] [1000]: org.thymeleaf.standard.processor.StandardDOMEventAttributeTagProcessor
[THYMELEAF]             * [* {th:ondrag,data-th-ondrag}] [1000]: org.thymeleaf.standard.processor.StandardDOMEventAttributeTagProcessor
[THYMELEAF]             * [* {th:ontimeupdate,data-th-ontimeupdate}] [1000]: org.thymeleaf.standard.processor.StandardDOMEventAttributeTagProcessor
[THYMELEAF]             * [* {th:onmouseover,data-th-onmouseover}] [1000]: org.thymeleaf.standard.processor.StandardDOMEventAttributeTagProcessor
[THYMELEAF]             * [* {th:onkeyup,data-th-onkeyup}] [1000]: org.thymeleaf.standard.processor.StandardDOMEventAttributeTagProcessor
[THYMELEAF]             * [* {th:onerror,data-th-onerror}] [1000]: org.thymeleaf.standard.processor.StandardDOMEventAttributeTagProcessor
[THYMELEAF]             * [* {th:onmousemove,data-th-onmousemove}] [1000]: org.thymeleaf.standard.processor.StandardDOMEventAttributeTagProcessor
[THYMELEAF]             * [* {th:onhashchange,data-th-onhashchange}] [1000]: org.thymeleaf.standard.processor.StandardDOMEventAttributeTagProcessor
[THYMELEAF]             * [* {th:onoffline,data-th-onoffline}] [1000]: org.thymeleaf.standard.processor.StandardDOMEventAttributeTagProcessor
[THYMELEAF]             * [* {th:ondragleave,data-th-ondragleave}] [1000]: org.thymeleaf.standard.processor.StandardDOMEventAttributeTagProcessor
[THYMELEAF]             * [* {th:onsubmit,data-th-onsubmit}] [1000]: org.thymeleaf.standard.processor.StandardDOMEventAttributeTagProcessor
[THYMELEAF]             * [* {th:onforminput,data-th-onforminput}] [1000]: org.thymeleaf.standard.processor.StandardDOMEventAttributeTagProcessor
[THYMELEAF]             * [* {th:onended,data-th-onended}] [1000]: org.thymeleaf.standard.processor.StandardDOMEventAttributeTagProcessor
[THYMELEAF]             * [* {th:onload,data-th-onload}] [1000]: org.thymeleaf.standard.processor.StandardDOMEventAttributeTagProcessor
[THYMELEAF]             * [* {th:onbeforeprint,data-th-onbeforeprint}] [1000]: org.thymeleaf.standard.processor.StandardDOMEventAttributeTagProcessor
[THYMELEAF]             * [* {th:onplay,data-th-onplay}] [1000]: org.thymeleaf.standard.processor.StandardDOMEventAttributeTagProcessor
[THYMELEAF]             * [* {th:onscroll,data-th-onscroll}] [1000]: org.thymeleaf.standard.processor.StandardDOMEventAttributeTagProcessor
[THYMELEAF]             * [* {th:ononline,data-th-ononline}] [1000]: org.thymeleaf.standard.processor.StandardDOMEventAttributeTagProcessor
[THYMELEAF]             * [* {th:href,data-th-href}] [1000]: org.thymeleaf.standard.processor.StandardHrefTagProcessor
[THYMELEAF]             * [* {th:inline,data-th-inline}] [1000]: org.thymeleaf.standard.processor.StandardInlineHTMLTagProcessor
[THYMELEAF]             * [* {th:method,data-th-method}] [1000]: org.thymeleaf.standard.processor.StandardMethodTagProcessor
[THYMELEAF]             * [* {th:name,data-th-name}] [1000]: org.thymeleaf.standard.processor.StandardNonRemovableAttributeTagProcessor
[THYMELEAF]             * [* {th:type,data-th-type}] [1000]: org.thymeleaf.standard.processor.StandardNonRemovableAttributeTagProcessor
[THYMELEAF]             * [* {th:height,data-th-height}] [1000]: org.thymeleaf.standard.processor.StandardRemovableAttributeTagProcessor
[THYMELEAF]             * [* {th:kind,data-th-kind}] [1000]: org.thymeleaf.standard.processor.StandardRemovableAttributeTagProcessor
[THYMELEAF]             * [* {th:valuetype,data-th-valuetype}] [1000]: org.thymeleaf.standard.processor.StandardRemovableAttributeTagProcessor
[THYMELEAF]             * [* {th:longdesc,data-th-longdesc}] [1000]: org.thymeleaf.standard.processor.StandardRemovableAttributeTagProcessor
[THYMELEAF]             * [* {th:cols,data-th-cols}] [1000]: org.thymeleaf.standard.processor.StandardRemovableAttributeTagProcessor
[THYMELEAF]             * [* {th:colspan,data-th-colspan}] [1000]: org.thymeleaf.standard.processor.StandardRemovableAttributeTagProcessor
[THYMELEAF]             * [* {th:formaction,data-th-formaction}] [1000]: org.thymeleaf.standard.processor.StandardRemovableAttributeTagProcessor
[THYMELEAF]             * [* {th:accesskey,data-th-accesskey}] [1000]: org.thymeleaf.standard.processor.StandardRemovableAttributeTagProcessor
[THYMELEAF]             * [* {th:style,data-th-style}] [1000]: org.thymeleaf.standard.processor.StandardRemovableAttributeTagProcessor
[THYMELEAF]             * [* {th:charset,data-th-charset}] [1000]: org.thymeleaf.standard.processor.StandardRemovableAttributeTagProcessor
[THYMELEAF]             * [* {th:target,data-th-target}] [1000]: org.thymeleaf.standard.processor.StandardRemovableAttributeTagProcessor
[THYMELEAF]             * [* {th:title,data-th-title}] [1000]: org.thymeleaf.standard.processor.StandardRemovableAttributeTagProcessor
[THYMELEAF]             * [* {th:scope,data-th-scope}] [1000]: org.thymeleaf.standard.processor.StandardRemovableAttributeTagProcessor
[THYMELEAF]             * [* {th:width,data-th-width}] [1000]: org.thymeleaf.standard.processor.StandardRemovableAttributeTagProcessor
[THYMELEAF]             * [* {th:rules,data-th-rules}] [1000]: org.thymeleaf.standard.processor.StandardRemovableAttributeTagProcessor
[THYMELEAF]             * [* {th:preload,data-th-preload}] [1000]: org.thymeleaf.standard.processor.StandardRemovableAttributeTagProcessor
[THYMELEAF]             * [* {th:optimum,data-th-optimum}] [1000]: org.thymeleaf.standard.processor.StandardRemovableAttributeTagProcessor
[THYMELEAF]             * [* {th:border,data-th-border}] [1000]: org.thymeleaf.standard.processor.StandardRemovableAttributeTagProcessor
[THYMELEAF]             * [* {th:formtarget,data-th-formtarget}] [1000]: org.thymeleaf.standard.processor.StandardRemovableAttributeTagProcessor
[THYMELEAF]             * [* {th:marginheight,data-th-marginheight}] [1000]: org.thymeleaf.standard.processor.StandardRemovableAttributeTagProcessor
[THYMELEAF]             * [* {th:contextmenu,data-th-contextmenu}] [1000]: org.thymeleaf.standard.processor.StandardRemovableAttributeTagProcessor
[THYMELEAF]             * [* {th:placeholder,data-th-placeholder}] [1000]: org.thymeleaf.standard.processor.StandardRemovableAttributeTagProcessor
[THYMELEAF]             * [* {th:keytype,data-th-keytype}] [1000]: org.thymeleaf.standard.processor.StandardRemovableAttributeTagProcessor
[THYMELEAF]             * [* {th:axis,data-th-axis}] [1000]: org.thymeleaf.standard.processor.StandardRemovableAttributeTagProcessor
[THYMELEAF]             * [* {th:data,data-th-data}] [1000]: org.thymeleaf.standard.processor.StandardRemovableAttributeTagProcessor
[THYMELEAF]             * [* {th:dropzone,data-th-dropzone}] [1000]: org.thymeleaf.standard.processor.StandardRemovableAttributeTagProcessor
[THYMELEAF]             * [* {th:min,data-th-min}] [1000]: org.thymeleaf.standard.processor.StandardRemovableAttributeTagProcessor
[THYMELEAF]             * [* {th:headers,data-th-headers}] [1000]: org.thymeleaf.standard.processor.StandardRemovableAttributeTagProcessor
[THYMELEAF]             * [* {th:max,data-th-max}] [1000]: org.thymeleaf.standard.processor.StandardRemovableAttributeTagProcessor
[THYMELEAF]             * [* {th:id,data-th-id}] [1000]: org.thymeleaf.standard.processor.StandardRemovableAttributeTagProcessor
[THYMELEAF]             * [* {th:maxlength,data-th-maxlength}] [1000]: org.thymeleaf.standard.processor.StandardRemovableAttributeTagProcessor
[THYMELEAF]             * [* {th:cellpadding,data-th-cellpadding}] [1000]: org.thymeleaf.standard.processor.StandardRemovableAttributeTagProcessor
[THYMELEAF]             * [* {th:size,data-th-size}] [1000]: org.thymeleaf.standard.processor.StandardRemovableAttributeTagProcessor
[THYMELEAF]             * [* {th:content,data-th-content}] [1000]: org.thymeleaf.standard.processor.StandardRemovableAttributeTagProcessor
[THYMELEAF]             * [* {th:wrap,data-th-wrap}] [1000]: org.thymeleaf.standard.processor.StandardRemovableAttributeTagProcessor
[THYMELEAF]             * [* {th:tabindex,data-th-tabindex}] [1000]: org.thymeleaf.standard.processor.StandardRemovableAttributeTagProcessor
[THYMELEAF]             * [* {th:marginwidth,data-th-marginwidth}] [1000]: org.thymeleaf.standard.processor.StandardRemovableAttributeTagProcessor
[THYMELEAF]             * [* {th:scheme,data-th-scheme}] [1000]: org.thymeleaf.standard.processor.StandardRemovableAttributeTagProcessor
[THYMELEAF]             * [* {th:media,data-th-media}] [1000]: org.thymeleaf.standard.processor.StandardRemovableAttributeTagProcessor
[THYMELEAF]             * [* {th:radiogroup,data-th-radiogroup}] [1000]: org.thymeleaf.standard.processor.StandardRemovableAttributeTagProcessor
[THYMELEAF]             * [* {th:accept,data-th-accept}] [1000]: org.thymeleaf.standard.processor.StandardRemovableAttributeTagProcessor
[THYMELEAF]             * [* {th:standby,data-th-standby}] [1000]: org.thymeleaf.standard.processor.StandardRemovableAttributeTagProcessor
[THYMELEAF]             * [* {th:formmethod,data-th-formmethod}] [1000]: org.thymeleaf.standard.processor.StandardRemovableAttributeTagProcessor
[THYMELEAF]             * [* {th:scrolling,data-th-scrolling}] [1000]: org.thymeleaf.standard.processor.StandardRemovableAttributeTagProcessor
[THYMELEAF]             * [* {th:list,data-th-list}] [1000]: org.thymeleaf.standard.processor.StandardRemovableAttributeTagProcessor
[THYMELEAF]             * [* {th:manifest,data-th-manifest}] [1000]: org.thymeleaf.standard.processor.StandardRemovableAttributeTagProcessor
[THYMELEAF]             * [* {th:lang,data-th-lang}] [1000]: org.thymeleaf.standard.processor.StandardRemovableAttributeTagProcessor
[THYMELEAF]             * [* {th:for,data-th-for}] [1000]: org.thymeleaf.standard.processor.StandardRemovableAttributeTagProcessor
[THYMELEAF]             * [* {th:poster,data-th-poster}] [1000]: org.thymeleaf.standard.processor.StandardRemovableAttributeTagProcessor
[THYMELEAF]             * [* {th:archive,data-th-archive}] [1000]: org.thymeleaf.standard.processor.StandardRemovableAttributeTagProcessor
[THYMELEAF]             * [* {th:datetime,data-th-datetime}] [1000]: org.thymeleaf.standard.processor.StandardRemovableAttributeTagProcessor
[THYMELEAF]             * [* {th:summary,data-th-summary}] [1000]: org.thymeleaf.standard.processor.StandardRemovableAttributeTagProcessor
[THYMELEAF]             * [* {th:low,data-th-low}] [1000]: org.thymeleaf.standard.processor.StandardRemovableAttributeTagProcessor
[THYMELEAF]             * [* {th:srclang,data-th-srclang}] [1000]: org.thymeleaf.standard.processor.StandardRemovableAttributeTagProcessor
[THYMELEAF]             * [* {th:frameborder,data-th-frameborder}] [1000]: org.thymeleaf.standard.processor.StandardRemovableAttributeTagProcessor
[THYMELEAF]             * [* {th:audio,data-th-audio}] [1000]: org.thymeleaf.standard.processor.StandardRemovableAttributeTagProcessor
[THYMELEAF]             * [* {th:challenge,data-th-challenge}] [1000]: org.thymeleaf.standard.processor.StandardRemovableAttributeTagProcessor
[THYMELEAF]             * [* {th:vspace,data-th-vspace}] [1000]: org.thymeleaf.standard.processor.StandardRemovableAttributeTagProcessor
[THYMELEAF]             * [* {th:hreflang,data-th-hreflang}] [1000]: org.thymeleaf.standard.processor.StandardRemovableAttributeTagProcessor
[THYMELEAF]             * [* {th:label,data-th-label}] [1000]: org.thymeleaf.standard.processor.StandardRemovableAttributeTagProcessor
[THYMELEAF]             * [* {th:accept-charset,data-th-accept-charset}] [1000]: org.thymeleaf.standard.processor.StandardRemovableAttributeTagProcessor
[THYMELEAF]             * [* {th:formenctype,data-th-formenctype}] [1000]: org.thymeleaf.standard.processor.StandardRemovableAttributeTagProcessor
[THYMELEAF]             * [* {th:step,data-th-step}] [1000]: org.thymeleaf.standard.processor.StandardRemovableAttributeTagProcessor
[THYMELEAF]             * [* {th:autocomplete,data-th-autocomplete}] [1000]: org.thymeleaf.standard.processor.StandardRemovableAttributeTagProcessor
[THYMELEAF]             * [* {th:enctype,data-th-enctype}] [1000]: org.thymeleaf.standard.processor.StandardRemovableAttributeTagProcessor
[THYMELEAF]             * [* {th:http-equiv,data-th-http-equiv}] [1000]: org.thymeleaf.standard.processor.StandardRemovableAttributeTagProcessor
[THYMELEAF]             * [* {th:rows,data-th-rows}] [1000]: org.thymeleaf.standard.processor.StandardRemovableAttributeTagProcessor
[THYMELEAF]             * [* {th:draggable,data-th-draggable}] [1000]: org.thymeleaf.standard.processor.StandardRemovableAttributeTagProcessor
[THYMELEAF]             * [* {th:background,data-th-background}] [1000]: org.thymeleaf.standard.processor.StandardRemovableAttributeTagProcessor
[THYMELEAF]             * [* {th:sandbox,data-th-sandbox}] [1000]: org.thymeleaf.standard.processor.StandardRemovableAttributeTagProcessor
[THYMELEAF]             * [* {th:classid,data-th-classid}] [1000]: org.thymeleaf.standard.processor.StandardRemovableAttributeTagProcessor
[THYMELEAF]             * [* {th:rowspan,data-th-rowspan}] [1000]: org.thymeleaf.standard.processor.StandardRemovableAttributeTagProcessor
[THYMELEAF]             * [* {th:icon,data-th-icon}] [1000]: org.thymeleaf.standard.processor.StandardRemovableAttributeTagProcessor
[THYMELEAF]             * [* {th:dir,data-th-dir}] [1000]: org.thymeleaf.standard.processor.StandardRemovableAttributeTagProcessor
[THYMELEAF]             * [* {th:codebase,data-th-codebase}] [1000]: org.thymeleaf.standard.processor.StandardRemovableAttributeTagProcessor
[THYMELEAF]             * [* {th:form,data-th-form}] [1000]: org.thymeleaf.standard.processor.StandardRemovableAttributeTagProcessor
[THYMELEAF]             * [* {th:cellspacing,data-th-cellspacing}] [1000]: org.thymeleaf.standard.processor.StandardRemovableAttributeTagProcessor
[THYMELEAF]             * [* {th:codetype,data-th-codetype}] [1000]: org.thymeleaf.standard.processor.StandardRemovableAttributeTagProcessor
[THYMELEAF]             * [* {th:abbr,data-th-abbr}] [1000]: org.thymeleaf.standard.processor.StandardRemovableAttributeTagProcessor
[THYMELEAF]             * [* {th:spellcheck,data-th-spellcheck}] [1000]: org.thymeleaf.standard.processor.StandardRemovableAttributeTagProcessor
[THYMELEAF]             * [* {th:align,data-th-align}] [1000]: org.thymeleaf.standard.processor.StandardRemovableAttributeTagProcessor
[THYMELEAF]             * [* {th:sizes,data-th-sizes}] [1000]: org.thymeleaf.standard.processor.StandardRemovableAttributeTagProcessor
[THYMELEAF]             * [* {th:rev,data-th-rev}] [1000]: org.thymeleaf.standard.processor.StandardRemovableAttributeTagProcessor
[THYMELEAF]             * [* {th:hspace,data-th-hspace}] [1000]: org.thymeleaf.standard.processor.StandardRemovableAttributeTagProcessor
[THYMELEAF]             * [* {th:class,data-th-class}] [1000]: org.thymeleaf.standard.processor.StandardRemovableAttributeTagProcessor
[THYMELEAF]             * [* {th:start,data-th-start}] [1000]: org.thymeleaf.standard.processor.StandardRemovableAttributeTagProcessor
[THYMELEAF]             * [* {th:contenteditable,data-th-contenteditable}] [1000]: org.thymeleaf.standard.processor.StandardRemovableAttributeTagProcessor
[THYMELEAF]             * [* {th:pattern,data-th-pattern}] [1000]: org.thymeleaf.standard.processor.StandardRemovableAttributeTagProcessor
[THYMELEAF]             * [* {th:bgcolor,data-th-bgcolor}] [1000]: org.thymeleaf.standard.processor.StandardRemovableAttributeTagProcessor
[THYMELEAF]             * [* {th:alt,data-th-alt}] [1000]: org.thymeleaf.standard.processor.StandardRemovableAttributeTagProcessor
[THYMELEAF]             * [* {th:frame,data-th-frame}] [1000]: org.thymeleaf.standard.processor.StandardRemovableAttributeTagProcessor
[THYMELEAF]             * [* {th:cite,data-th-cite}] [1000]: org.thymeleaf.standard.processor.StandardRemovableAttributeTagProcessor
[THYMELEAF]             * [* {th:compact,data-th-compact}] [1000]: org.thymeleaf.standard.processor.StandardRemovableAttributeTagProcessor
[THYMELEAF]             * [* {th:rel,data-th-rel}] [1000]: org.thymeleaf.standard.processor.StandardRemovableAttributeTagProcessor
[THYMELEAF]             * [* {th:span,data-th-span}] [1000]: org.thymeleaf.standard.processor.StandardRemovableAttributeTagProcessor
[THYMELEAF]             * [* {th:usemap,data-th-usemap}] [1000]: org.thymeleaf.standard.processor.StandardRemovableAttributeTagProcessor
[THYMELEAF]             * [* {th:high,data-th-high}] [1000]: org.thymeleaf.standard.processor.StandardRemovableAttributeTagProcessor
[THYMELEAF]             * [* {th:src,data-th-src}] [1000]: org.thymeleaf.standard.processor.StandardSrcTagProcessor
[THYMELEAF]             * [* {th:value,data-th-value}] [1000]: org.thymeleaf.standard.processor.StandardValueTagProcessor
[THYMELEAF]             * [* {th:xmlbase,data-th-xmlbase}] [1000]: org.thymeleaf.standard.processor.StandardXmlBaseTagProcessor
[THYMELEAF]             * [* {th:xmllang,data-th-xmllang}] [1000]: org.thymeleaf.standard.processor.StandardXmlLangTagProcessor
[THYMELEAF]             * [* {xmlns:th}] [1000]: org.thymeleaf.standard.processor.StandardXmlNsTagProcessor
[THYMELEAF]             * [* {th:xmlspace,data-th-xmlspace}] [1000]: org.thymeleaf.standard.processor.StandardXmlSpaceTagProcessor
[THYMELEAF]             * [* {th:classappend,data-th-classappend}] [1100]: org.thymeleaf.standard.processor.StandardClassappendTagProcessor
[THYMELEAF]             * [* {th:styleappend,data-th-styleappend}] [1100]: org.thymeleaf.standard.processor.StandardStyleappendTagProcessor
[THYMELEAF]             * [* {th:text,data-th-text}] [1300]: org.thymeleaf.standard.processor.StandardTextTagProcessor
[THYMELEAF]             * [* {th:utext,data-th-utext}] [1400]: org.thymeleaf.standard.processor.StandardUtextTagProcessor
[THYMELEAF]             * [* {th:fragment,data-th-fragment}] [1500]: org.thymeleaf.standard.processor.StandardFragmentTagProcessor
[THYMELEAF]             * [* {th:assert,data-th-assert}] [1550]: org.thymeleaf.standard.processor.StandardAssertTagProcessor
[THYMELEAF]             * [* {th:remove,data-th-remove}] [1600]: org.thymeleaf.standard.processor.StandardRemoveTagProcessor
[THYMELEAF]             * [* {th:ref,data-th-ref}] [10000]: org.thymeleaf.standard.processor.StandardRefAttributeTagProcessor
[THYMELEAF]             * [{th:block,th-block} *] [100000]: org.thymeleaf.standard.processor.StandardBlockTagProcessor
[THYMELEAF]             * [* th:*] [2147483647]: org.thymeleaf.standard.processor.StandardDefaultAttributesTagProcessor
[THYMELEAF]         * Text Processors by [precedence]:
[THYMELEAF]             * [1000]: org.thymeleaf.standard.processor.StandardInliningTextProcessor
[THYMELEAF]         * DOCTYPE Processors by [precedence]:
[THYMELEAF]             * [1000]: org.thymeleaf.standard.processor.StandardTranslationDocTypeProcessor
[THYMELEAF]         * CDATA Section Processors by [precedence]:
[THYMELEAF]             * [1000]: org.thymeleaf.standard.processor.StandardInliningCDATASectionProcessor
[THYMELEAF]         * Comment Processors by [precedence]:
[THYMELEAF]             * [1000]: org.thymeleaf.standard.processor.StandardInliningCommentProcessor
[THYMELEAF]             * [1100]: org.thymeleaf.standard.processor.StandardConditionalCommentProcessor
[THYMELEAF]     * Processors for Template Mode: XML
[THYMELEAF]         * Element Tag Processors by [matching element and attribute name] [precedence]:
[THYMELEAF]             * [* {th:include}] [100]: org.thymeleaf.standard.processor.StandardIncludeTagProcessor
[THYMELEAF]             * [* {th:insert}] [100]: org.thymeleaf.standard.processor.StandardInsertTagProcessor
[THYMELEAF]             * [* {th:replace}] [100]: org.thymeleaf.standard.processor.StandardReplaceTagProcessor
[THYMELEAF]             * [* {th:each}] [200]: com.intuit.karate.template.KarateEachTagProcessor
[THYMELEAF]             * [* {th:switch}] [250]: org.thymeleaf.standard.processor.StandardSwitchTagProcessor
[THYMELEAF]             * [* {th:case}] [275]: org.thymeleaf.standard.processor.StandardCaseTagProcessor
[THYMELEAF]             * [* {th:if}] [300]: org.thymeleaf.standard.processor.StandardIfTagProcessor
[THYMELEAF]             * [* {th:unless}] [400]: org.thymeleaf.standard.processor.StandardUnlessTagProcessor
[THYMELEAF]             * [* {th:object}] [500]: org.thymeleaf.standard.processor.StandardObjectTagProcessor
[THYMELEAF]             * [* {th:with}] [600]: com.intuit.karate.template.KarateWithTagProcessor
[THYMELEAF]             * [* {th:attr}] [700]: com.intuit.karate.template.KarateAttributeTagProcessor.KarateAttrTagProcessor
[THYMELEAF]             * [* {th:attrappend}] [900]: com.intuit.karate.template.KarateAttributeTagProcessor.KarateAttrappendTagProcessor
[THYMELEAF]             * [* {th:attrprepend}] [900]: com.intuit.karate.template.KarateAttributeTagProcessor.KarateAttrprependTagProcessor
[THYMELEAF]             * [* {th:inline}] [1000]: org.thymeleaf.standard.processor.StandardInlineXMLTagProcessor
[THYMELEAF]             * [* {xmlns:th}] [1000]: org.thymeleaf.standard.processor.StandardXmlNsTagProcessor
[THYMELEAF]             * [* {th:text}] [1300]: org.thymeleaf.standard.processor.StandardTextTagProcessor
[THYMELEAF]             * [* {th:utext}] [1400]: org.thymeleaf.standard.processor.StandardUtextTagProcessor
[THYMELEAF]             * [* {th:fragment}] [1500]: org.thymeleaf.standard.processor.StandardFragmentTagProcessor
[THYMELEAF]             * [* {th:assert}] [1550]: org.thymeleaf.standard.processor.StandardAssertTagProcessor
[THYMELEAF]             * [* {th:remove}] [1600]: org.thymeleaf.standard.processor.StandardRemoveTagProcessor
[THYMELEAF]             * [* {th:ref}] [10000]: org.thymeleaf.standard.processor.StandardRefAttributeTagProcessor
[THYMELEAF]             * [{th:block} *] [100000]: org.thymeleaf.standard.processor.StandardBlockTagProcessor
[THYMELEAF]             * [* th:*] [2147483647]: org.thymeleaf.standard.processor.StandardDefaultAttributesTagProcessor
[THYMELEAF]         * Text Processors by [precedence]:
[THYMELEAF]             * [1000]: org.thymeleaf.standard.processor.StandardInliningTextProcessor
[THYMELEAF]         * CDATA Section Processors by [precedence]:
[THYMELEAF]             * [1000]: org.thymeleaf.standard.processor.StandardInliningCDATASectionProcessor
[THYMELEAF]         * Comment Processors by [precedence]:
[THYMELEAF]             * [1000]: org.thymeleaf.standard.processor.StandardInliningCommentProcessor
[THYMELEAF]     * Processors for Template Mode: TEXT
[THYMELEAF]         * Element Tag Processors by [matching element and attribute name] [precedence]:
[THYMELEAF]             * [* {th:insert}] [100]: org.thymeleaf.standard.processor.StandardInsertTagProcessor
[THYMELEAF]             * [* {th:replace}] [100]: org.thymeleaf.standard.processor.StandardReplaceTagProcessor
[THYMELEAF]             * [* {th:each}] [200]: com.intuit.karate.template.KarateEachTagProcessor
[THYMELEAF]             * [* {th:switch}] [250]: org.thymeleaf.standard.processor.StandardSwitchTagProcessor
[THYMELEAF]             * [* {th:case}] [275]: org.thymeleaf.standard.processor.StandardCaseTagProcessor
[THYMELEAF]             * [* {th:if}] [300]: org.thymeleaf.standard.processor.StandardIfTagProcessor
[THYMELEAF]             * [* {th:unless}] [400]: org.thymeleaf.standard.processor.StandardUnlessTagProcessor
[THYMELEAF]             * [* {th:object}] [500]: org.thymeleaf.standard.processor.StandardObjectTagProcessor
[THYMELEAF]             * [* {th:with}] [600]: com.intuit.karate.template.KarateWithTagProcessor
[THYMELEAF]             * [* {th:inline}] [1000]: org.thymeleaf.standard.processor.StandardInlineTextualTagProcessor
[THYMELEAF]             * [* {th:text}] [1300]: org.thymeleaf.standard.processor.StandardTextTagProcessor
[THYMELEAF]             * [* {th:utext}] [1400]: org.thymeleaf.standard.processor.StandardUtextTagProcessor
[THYMELEAF]             * [* {th:assert}] [1550]: org.thymeleaf.standard.processor.StandardAssertTagProcessor
[THYMELEAF]             * [* {th:remove}] [1600]: org.thymeleaf.standard.processor.StandardRemoveTagProcessor
[THYMELEAF]             * [* 100000] [org.thymeleaf.standard.processor.StandardBlockTagProcessor]: {}
[THYMELEAF]             * [{th:block} *] [100000]: org.thymeleaf.standard.processor.StandardBlockTagProcessor
[THYMELEAF]         * Text Processors by [precedence]:
[THYMELEAF]             * [1000]: org.thymeleaf.standard.processor.StandardInliningTextProcessor
[THYMELEAF]     * Processors for Template Mode: JAVASCRIPT
[THYMELEAF]         * Element Tag Processors by [matching element and attribute name] [precedence]:
[THYMELEAF]             * [* {th:insert}] [100]: org.thymeleaf.standard.processor.StandardInsertTagProcessor
[THYMELEAF]             * [* {th:replace}] [100]: org.thymeleaf.standard.processor.StandardReplaceTagProcessor
[THYMELEAF]             * [* {th:each}] [200]: com.intuit.karate.template.KarateEachTagProcessor
[THYMELEAF]             * [* {th:switch}] [250]: org.thymeleaf.standard.processor.StandardSwitchTagProcessor
[THYMELEAF]             * [* {th:case}] [275]: org.thymeleaf.standard.processor.StandardCaseTagProcessor
[THYMELEAF]             * [* {th:if}] [300]: org.thymeleaf.standard.processor.StandardIfTagProcessor
[THYMELEAF]             * [* {th:unless}] [400]: org.thymeleaf.standard.processor.StandardUnlessTagProcessor
[THYMELEAF]             * [* {th:object}] [500]: org.thymeleaf.standard.processor.StandardObjectTagProcessor
[THYMELEAF]             * [* {th:with}] [600]: com.intuit.karate.template.KarateWithTagProcessor
[THYMELEAF]             * [* {th:inline}] [1000]: org.thymeleaf.standard.processor.StandardInlineTextualTagProcessor
[THYMELEAF]             * [* {th:text}] [1300]: org.thymeleaf.standard.processor.StandardTextTagProcessor
[THYMELEAF]             * [* {th:utext}] [1400]: org.thymeleaf.standard.processor.StandardUtextTagProcessor
[THYMELEAF]             * [* {th:assert}] [1550]: org.thymeleaf.standard.processor.StandardAssertTagProcessor
[THYMELEAF]             * [* {th:remove}] [1600]: org.thymeleaf.standard.processor.StandardRemoveTagProcessor
[THYMELEAF]             * [* 100000] [org.thymeleaf.standard.processor.StandardBlockTagProcessor]: {}
[THYMELEAF]             * [{th:block} *] [100000]: org.thymeleaf.standard.processor.StandardBlockTagProcessor
[THYMELEAF]         * Text Processors by [precedence]:
[THYMELEAF]             * [1000]: org.thymeleaf.standard.processor.StandardInliningTextProcessor
[THYMELEAF]     * Processors for Template Mode: CSS
[THYMELEAF]         * Element Tag Processors by [matching element and attribute name] [precedence]:
[THYMELEAF]             * [* {th:insert}] [100]: org.thymeleaf.standard.processor.StandardInsertTagProcessor
[THYMELEAF]             * [* {th:replace}] [100]: org.thymeleaf.standard.processor.StandardReplaceTagProcessor
[THYMELEAF]             * [* {th:each}] [200]: com.intuit.karate.template.KarateEachTagProcessor
[THYMELEAF]             * [* {th:switch}] [250]: org.thymeleaf.standard.processor.StandardSwitchTagProcessor
[THYMELEAF]             * [* {th:case}] [275]: org.thymeleaf.standard.processor.StandardCaseTagProcessor
[THYMELEAF]             * [* {th:if}] [300]: org.thymeleaf.standard.processor.StandardIfTagProcessor
[THYMELEAF]             * [* {th:unless}] [400]: org.thymeleaf.standard.processor.StandardUnlessTagProcessor
[THYMELEAF]             * [* {th:object}] [500]: org.thymeleaf.standard.processor.StandardObjectTagProcessor
[THYMELEAF]             * [* {th:with}] [600]: com.intuit.karate.template.KarateWithTagProcessor
[THYMELEAF]             * [* {th:inline}] [1000]: org.thymeleaf.standard.processor.StandardInlineTextualTagProcessor
[THYMELEAF]             * [* {th:text}] [1300]: org.thymeleaf.standard.processor.StandardTextTagProcessor
[THYMELEAF]             * [* {th:utext}] [1400]: org.thymeleaf.standard.processor.StandardUtextTagProcessor
[THYMELEAF]             * [* {th:assert}] [1550]: org.thymeleaf.standard.processor.StandardAssertTagProcessor
[THYMELEAF]             * [* {th:remove}] [1600]: org.thymeleaf.standard.processor.StandardRemoveTagProcessor
[THYMELEAF]             * [* 100000] [org.thymeleaf.standard.processor.StandardBlockTagProcessor]: {}
[THYMELEAF]             * [{th:block} *] [100000]: org.thymeleaf.standard.processor.StandardBlockTagProcessor
[THYMELEAF]         * Text Processors by [precedence]:
[THYMELEAF]             * [1000]: org.thymeleaf.standard.processor.StandardInliningTextProcessor
[THYMELEAF]     * Expression Objects:
[THYMELEAF]         * #ctx
[THYMELEAF]         * #root
[THYMELEAF]         * #vars
[THYMELEAF]         * #object
[THYMELEAF]         * #locale
[THYMELEAF]         * #conversions
[THYMELEAF]         * #uris
[THYMELEAF]         * #temporals
[THYMELEAF]         * #calendars
[THYMELEAF]         * #dates
[THYMELEAF]         * #bools
[THYMELEAF]         * #numbers
[THYMELEAF]         * #objects
[THYMELEAF]         * #strings
[THYMELEAF]         * #arrays
[THYMELEAF]         * #lists
[THYMELEAF]         * #sets
[THYMELEAF]         * #maps
[THYMELEAF]         * #aggregates
[THYMELEAF]         * #messages
[THYMELEAF]         * #ids
[THYMELEAF]         * #execInfo
[THYMELEAF]         * #request
[THYMELEAF]         * #response
[THYMELEAF]         * #session
[THYMELEAF]         * #servletContext
[THYMELEAF]     * Execution Attributes:
[THYMELEAF]         * "StandardExpressionParser": com.intuit.karate.template.KarateStandardDialect@67784537
[THYMELEAF]         * "StandardJavaScriptSerializer": org.thymeleaf.standard.serializer.StandardJavaScriptSerializer@642c5bb3
[THYMELEAF]         * "StandardCSSSerializer": org.thymeleaf.standard.serializer.StandardCSSSerializer@4e79c25
[THYMELEAF]         * "StandardVariableExpressionEvaluator": com.intuit.karate.template.KarateStandardDialect@67784537
[THYMELEAF]         * "StandardConversionService": org.thymeleaf.standard.expression.StandardConversionService@2ace1cd3
[THYMELEAF] * Dialect [2 of 2]: karate (com.intuit.karate.template.KarateScriptDialect)
[THYMELEAF]     * Prefix: "ka"
[THYMELEAF]     * Processors for Template Mode: HTML
[THYMELEAF]         * Element Tag Processors by [matching element and attribute name] [precedence]:
[THYMELEAF]             * [* {src}] [1000]: com.intuit.karate.template.KaScriptAttrProcessor
[THYMELEAF]         * Element Model Processors by [matching element and attribute name] [precedence]:
[THYMELEAF]             * [{script} {ka:scope,data-ka-scope}] [1000]: com.intuit.karate.template.KaScriptElemProcessor
[THYMELEAF]             * [* {ka:set,data-ka-set}] [1000]: com.intuit.karate.template.KaSetElemProcessor
[THYMELEAF] TEMPLATE ENGINE CONFIGURED OK
23:04:26.620 [main] DEBUG org.thymeleaf.TemplateEngine -- [THYMELEAF] TEMPLATE ENGINE INITIALIZED
23:04:26.637 [main] DEBUG org.thymeleaf.TemplateEngine -- [THYMELEAF] INITIALIZING TEMPLATE ENGINE
23:04:26.652 [main] DEBUG org.thymeleaf.TemplateEngine.CONFIG -- Initializing Thymeleaf Template engine configuration...
[THYMELEAF] TEMPLATE ENGINE CONFIGURATION:
[THYMELEAF] * Thymeleaf version: 3.1.2.RELEASE (built 2023-07-30T19:25:50+0000)
[THYMELEAF] * Cache Manager implementation: org.thymeleaf.cache.StandardCacheManager
[THYMELEAF] * Template resolvers:
[THYMELEAF]     * [1] com.intuit.karate.template.ResourceHtmlTemplateResolver
[THYMELEAF] * Message resolvers:
[THYMELEAF]     * org.thymeleaf.messageresolver.StandardMessageResolver
[THYMELEAF] * Link builders:
[THYMELEAF]     * org.thymeleaf.linkbuilder.StandardLinkBuilder
[THYMELEAF] * Dialect [1 of 2]: Standard (com.intuit.karate.template.KarateStandardDialect)
[THYMELEAF]     * Prefix: "th"
[THYMELEAF]     * Processors for Template Mode: HTML
[THYMELEAF]         * Element Tag Processors by [matching element and attribute name] [precedence]:
[THYMELEAF]             * [* {th:include,data-th-include}] [100]: org.thymeleaf.standard.processor.StandardIncludeTagProcessor
[THYMELEAF]             * [* {th:insert,data-th-insert}] [100]: org.thymeleaf.standard.processor.StandardInsertTagProcessor
[THYMELEAF]             * [* {th:replace,data-th-replace}] [100]: org.thymeleaf.standard.processor.StandardReplaceTagProcessor
[THYMELEAF]             * [* {th:each,data-th-each}] [200]: com.intuit.karate.template.KarateEachTagProcessor
[THYMELEAF]             * [* {th:switch,data-th-switch}] [250]: org.thymeleaf.standard.processor.StandardSwitchTagProcessor
[THYMELEAF]             * [* {th:case,data-th-case}] [275]: org.thymeleaf.standard.processor.StandardCaseTagProcessor
[THYMELEAF]             * [* {th:if,data-th-if}] [300]: org.thymeleaf.standard.processor.StandardIfTagProcessor
[THYMELEAF]             * [* {th:unless,data-th-unless}] [400]: org.thymeleaf.standard.processor.StandardUnlessTagProcessor
[THYMELEAF]             * [* {th:object,data-th-object}] [500]: org.thymeleaf.standard.processor.StandardObjectTagProcessor
[THYMELEAF]             * [* {th:with,data-th-with}] [600]: com.intuit.karate.template.KarateWithTagProcessor
[THYMELEAF]             * [* {th:attr,data-th-attr}] [700]: com.intuit.karate.template.KarateAttributeTagProcessor.KarateAttrTagProcessor
[THYMELEAF]             * [* {th:attrappend,data-th-attrappend}] [900]: com.intuit.karate.template.KarateAttributeTagProcessor.KarateAttrappendTagProcessor
[THYMELEAF]             * [* {th:attrprepend,data-th-attrprepend}] [900]: com.intuit.karate.template.KarateAttributeTagProcessor.KarateAttrprependTagProcessor
[THYMELEAF]             * [* {th:alt-title,data-th-alt-title}] [990]: org.thymeleaf.standard.processor.StandardAltTitleTagProcessor
[THYMELEAF]             * [* {th:lang-xmllang,data-th-lang-xmllang}] [990]: org.thymeleaf.standard.processor.StandardLangXmlLangTagProcessor
[THYMELEAF]             * [* {th:action,data-th-action}] [1000]: org.thymeleaf.standard.processor.StandardActionTagProcessor
[THYMELEAF]             * [* {th:seamless,data-th-seamless}] [1000]: org.thymeleaf.standard.processor.StandardConditionalFixedValueTagProcessor
[THYMELEAF]             * [* {th:loop,data-th-loop}] [1000]: org.thymeleaf.standard.processor.StandardConditionalFixedValueTagProcessor
[THYMELEAF]             * [* {th:controls,data-th-controls}] [1000]: org.thymeleaf.standard.processor.StandardConditionalFixedValueTagProcessor
[THYMELEAF]             * [* {th:hidden,data-th-hidden}] [1000]: org.thymeleaf.standard.processor.StandardConditionalFixedValueTagProcessor
[THYMELEAF]             * [* {th:selected,data-th-selected}] [1000]: org.thymeleaf.standard.processor.StandardConditionalFixedValueTagProcessor
[THYMELEAF]             * [* {th:multiple,data-th-multiple}] [1000]: org.thymeleaf.standard.processor.StandardConditionalFixedValueTagProcessor
[THYMELEAF]             * [* {th:scoped,data-th-scoped}] [1000]: org.thymeleaf.standard.processor.StandardConditionalFixedValueTagProcessor
[THYMELEAF]             * [* {th:autofocus,data-th-autofocus}] [1000]: org.thymeleaf.standard.processor.StandardConditionalFixedValueTagProcessor
[THYMELEAF]             * [* {th:formnovalidate,data-th-formnovalidate}] [1000]: org.thymeleaf.standard.processor.StandardConditionalFixedValueTagProcessor
[THYMELEAF]             * [* {th:autoplay,data-th-autoplay}] [1000]: org.thymeleaf.standard.processor.StandardConditionalFixedValueTagProcessor
[THYMELEAF]             * [* {th:open,data-th-open}] [1000]: org.thymeleaf.standard.processor.StandardConditionalFixedValueTagProcessor
[THYMELEAF]             * [* {th:required,data-th-required}] [1000]: org.thymeleaf.standard.processor.StandardConditionalFixedValueTagProcessor
[THYMELEAF]             * [* {th:nowrap,data-th-nowrap}] [1000]: org.thymeleaf.standard.processor.StandardConditionalFixedValueTagProcessor
[THYMELEAF]             * [* {th:pubdate,data-th-pubdate}] [1000]: org.thymeleaf.standard.processor.StandardConditionalFixedValueTagProcessor
[THYMELEAF]             * [* {th:async,data-th-async}] [1000]: org.thymeleaf.standard.processor.StandardConditionalFixedValueTagProcessor
[THYMELEAF]             * [* {th:defer,data-th-defer}] [1000]: org.thymeleaf.standard.processor.StandardConditionalFixedValueTagProcessor
[THYMELEAF]             * [* {th:declare,data-th-declare}] [1000]: org.thymeleaf.standard.processor.StandardConditionalFixedValueTagProcessor
[THYMELEAF]             * [* {th:checked,data-th-checked}] [1000]: org.thymeleaf.standard.processor.StandardConditionalFixedValueTagProcessor
[THYMELEAF]             * [* {th:reversed,data-th-reversed}] [1000]: org.thymeleaf.standard.processor.StandardConditionalFixedValueTagProcessor
[THYMELEAF]             * [* {th:readonly,data-th-readonly}] [1000]: org.thymeleaf.standard.processor.StandardConditionalFixedValueTagProcessor
[THYMELEAF]             * [* {th:novalidate,data-th-novalidate}] [1000]: org.thymeleaf.standard.processor.StandardConditionalFixedValueTagProcessor
[THYMELEAF]             * [* {th:disabled,data-th-disabled}] [1000]: org.thymeleaf.standard.processor.StandardConditionalFixedValueTagProcessor
[THYMELEAF]             * [* {th:default,data-th-default}] [1000]: org.thymeleaf.standard.processor.StandardConditionalFixedValueTagProcessor
[THYMELEAF]             * [* {th:ismap,data-th-ismap}] [1000]: org.thymeleaf.standard.processor.StandardConditionalFixedValueTagProcessor
[THYMELEAF]             * [* {th:onerror,data-th-onerror}] [1000]: org.thymeleaf.standard.processor.StandardDOMEventAttributeTagProcessor
[THYMELEAF]             * [* {th:onblur,data-th-onblur}] [1000]: org.thymeleaf.standard.processor.StandardDOMEventAttributeTagProcessor
[THYMELEAF]             * [* {th:onemptied,data-th-onemptied}] [1000]: org.thymeleaf.standard.processor.StandardDOMEventAttributeTagProcessor
[THYMELEAF]             * [* {th:onloadstart,data-th-onloadstart}] [1000]: org.thymeleaf.standard.processor.StandardDOMEventAttributeTagProcessor
[THYMELEAF]             * [* {th:onchange,data-th-onchange}] [1000]: org.thymeleaf.standard.processor.StandardDOMEventAttributeTagProcessor
[THYMELEAF]             * [* {th:onended,data-th-onended}] [1000]: org.thymeleaf.standard.processor.StandardDOMEventAttributeTagProcessor
[THYMELEAF]             * [* {th:onscroll,data-th-onscroll}] [1000]: org.thymeleaf.standard.processor.StandardDOMEventAttributeTagProcessor
[THYMELEAF]             * [* {th:onplay,data-th-onplay}] [1000]: org.thymeleaf.standard.processor.StandardDOMEventAttributeTagProcessor
[THYMELEAF]             * [* {th:onvolumechange,data-th-onvolumechange}] [1000]: org.thymeleaf.standard.processor.StandardDOMEventAttributeTagProcessor
[THYMELEAF]             * [* {th:ondragstart,data-th-ondragstart}] [1000]: org.thymeleaf.standard.processor.StandardDOMEventAttributeTagProcessor
[THYMELEAF]             * [* {th:ondragleave,data-th-ondragleave}] [1000]: org.thymeleaf.standard.processor.StandardDOMEventAttributeTagProcessor
[THYMELEAF]             * [* {th:onsubmit,data-th-onsubmit}] [1000]: org.thymeleaf.standard.processor.StandardDOMEventAttributeTagProcessor
[THYMELEAF]             * [* {th:oncanplay,data-th-oncanplay}] [1000]: org.thymeleaf.standard.processor.StandardDOMEventAttributeTagProcessor
[THYMELEAF]             * [* {th:ononline,data-th-ononline}] [1000]: org.thymeleaf.standard.processor.StandardDOMEventAttributeTagProcessor
[THYMELEAF]             * [* {th:ondragover,data-th-ondragover}] [1000]: org.thymeleaf.standard.processor.StandardDOMEventAttributeTagProcessor
[THYMELEAF]             * [* {th:onhashchange,data-th-onhashchange}] [1000]: org.thymeleaf.standard.processor.StandardDOMEventAttributeTagProcessor
[THYMELEAF]             * [* {th:onprogress,data-th-onprogress}] [1000]: org.thymeleaf.standard.processor.StandardDOMEventAttributeTagProcessor
[THYMELEAF]             * [* {th:ondrop,data-th-ondrop}] [1000]: org.thymeleaf.standard.processor.StandardDOMEventAttributeTagProcessor
[THYMELEAF]             * [* {th:ondrag,data-th-ondrag}] [1000]: org.thymeleaf.standard.processor.StandardDOMEventAttributeTagProcessor
[THYMELEAF]             * [* {th:onmouseup,data-th-onmouseup}] [1000]: org.thymeleaf.standard.processor.StandardDOMEventAttributeTagProcessor
[THYMELEAF]             * [* {th:onfocus,data-th-onfocus}] [1000]: org.thymeleaf.standard.processor.StandardDOMEventAttributeTagProcessor
[THYMELEAF]             * [* {th:oninput,data-th-oninput}] [1000]: org.thymeleaf.standard.processor.StandardDOMEventAttributeTagProcessor
[THYMELEAF]             * [* {th:ontimeupdate,data-th-ontimeupdate}] [1000]: org.thymeleaf.standard.processor.StandardDOMEventAttributeTagProcessor
[THYMELEAF]             * [* {th:onformchange,data-th-onformchange}] [1000]: org.thymeleaf.standard.processor.StandardDOMEventAttributeTagProcessor
[THYMELEAF]             * [* {th:onmouseout,data-th-onmouseout}] [1000]: org.thymeleaf.standard.processor.StandardDOMEventAttributeTagProcessor
[THYMELEAF]             * [* {th:onreadystatechange,data-th-onreadystatechange}] [1000]: org.thymeleaf.standard.processor.StandardDOMEventAttributeTagProcessor
[THYMELEAF]             * [* {th:onforminput,data-th-onforminput}] [1000]: org.thymeleaf.standard.processor.StandardDOMEventAttributeTagProcessor
[THYMELEAF]             * [* {th:oncanplaythrough,data-th-oncanplaythrough}] [1000]: org.thymeleaf.standard.processor.StandardDOMEventAttributeTagProcessor
[THYMELEAF]             * [* {th:onabort,data-th-onabort}] [1000]: org.thymeleaf.standard.processor.StandardDOMEventAttributeTagProcessor
[THYMELEAF]             * [* {th:onloadeddata,data-th-onloadeddata}] [1000]: org.thymeleaf.standard.processor.StandardDOMEventAttributeTagProcessor
[THYMELEAF]             * [* {th:ondblclick,data-th-ondblclick}] [1000]: org.thymeleaf.standard.processor.StandardDOMEventAttributeTagProcessor
[THYMELEAF]             * [* {th:onkeyup,data-th-onkeyup}] [1000]: org.thymeleaf.standard.processor.StandardDOMEventAttributeTagProcessor
[THYMELEAF]             * [* {th:onreset,data-th-onreset}] [1000]: org.thymeleaf.standard.processor.StandardDOMEventAttributeTagProcessor
[THYMELEAF]             * [* {th:onkeypress,data-th-onkeypress}] [1000]: org.thymeleaf.standard.processor.StandardDOMEventAttributeTagProcessor
[THYMELEAF]             * [* {th:onbeforeunload,data-th-onbeforeunload}] [1000]: org.thymeleaf.standard.processor.StandardDOMEventAttributeTagProcessor
[THYMELEAF]             * [* {th:oncontextmenu,data-th-oncontextmenu}] [1000]: org.thymeleaf.standard.processor.StandardDOMEventAttributeTagProcessor
[THYMELEAF]             * [* {th:onmouseover,data-th-onmouseover}] [1000]: org.thymeleaf.standard.processor.StandardDOMEventAttributeTagProcessor
[THYMELEAF]             * [* {th:onstorage,data-th-onstorage}] [1000]: org.thymeleaf.standard.processor.StandardDOMEventAttributeTagProcessor
[THYMELEAF]             * [* {th:onsuspend,data-th-onsuspend}] [1000]: org.thymeleaf.standard.processor.StandardDOMEventAttributeTagProcessor
[THYMELEAF]             * [* {th:onkeydown,data-th-onkeydown}] [1000]: org.thymeleaf.standard.processor.StandardDOMEventAttributeTagProcessor
[THYMELEAF]             * [* {th:onmousemove,data-th-onmousemove}] [1000]: org.thymeleaf.standard.processor.StandardDOMEventAttributeTagProcessor
[THYMELEAF]             * [* {th:ondragenter,data-th-ondragenter}] [1000]: org.thymeleaf.standard.processor.StandardDOMEventAttributeTagProcessor
[THYMELEAF]             * [* {th:onmousedown,data-th-onmousedown}] [1000]: org.thymeleaf.standard.processor.StandardDOMEventAttributeTagProcessor
[THYMELEAF]             * [* {th:onbeforeprint,data-th-onbeforeprint}] [1000]: org.thymeleaf.standard.processor.StandardDOMEventAttributeTagProcessor
[THYMELEAF]             * [* {th:onafterprint,data-th-onafterprint}] [1000]: org.thymeleaf.standard.processor.StandardDOMEventAttributeTagProcessor
[THYMELEAF]             * [* {th:onwaiting,data-th-onwaiting}] [1000]: org.thymeleaf.standard.processor.StandardDOMEventAttributeTagProcessor
[THYMELEAF]             * [* {th:onplaying,data-th-onplaying}] [1000]: org.thymeleaf.standard.processor.StandardDOMEventAttributeTagProcessor
[THYMELEAF]             * [* {th:onunload,data-th-onunload}] [1000]: org.thymeleaf.standard.processor.StandardDOMEventAttributeTagProcessor
[THYMELEAF]             * [* {th:onresize,data-th-onresize}] [1000]: org.thymeleaf.standard.processor.StandardDOMEventAttributeTagProcessor
[THYMELEAF]             * [* {th:onstalled,data-th-onstalled}] [1000]: org.thymeleaf.standard.processor.StandardDOMEventAttributeTagProcessor
[THYMELEAF]             * [* {th:onoffline,data-th-onoffline}] [1000]: org.thymeleaf.standard.processor.StandardDOMEventAttributeTagProcessor
[THYMELEAF]             * [* {th:onload,data-th-onload}] [1000]: org.thymeleaf.standard.processor.StandardDOMEventAttributeTagProcessor
[THYMELEAF]             * [* {th:onpopstate,data-th-onpopstate}] [1000]: org.thymeleaf.standard.processor.StandardDOMEventAttributeTagProcessor
[THYMELEAF]             * [* {th:onloadedmetadata,data-th-onloadedmetadata}] [1000]: org.thymeleaf.standard.processor.StandardDOMEventAttributeTagProcessor
[THYMELEAF]             * [* {th:onundo,data-th-onundo}] [1000]: org.thymeleaf.standard.processor.StandardDOMEventAttributeTagProcessor
[THYMELEAF]             * [* {th:onpause,data-th-onpause}] [1000]: org.thymeleaf.standard.processor.StandardDOMEventAttributeTagProcessor
[THYMELEAF]             * [* {th:ondurationchange,data-th-ondurationchange}] [1000]: org.thymeleaf.standard.processor.StandardDOMEventAttributeTagProcessor
[THYMELEAF]             * [* {th:onselect,data-th-onselect}] [1000]: org.thymeleaf.standard.processor.StandardDOMEventAttributeTagProcessor
[THYMELEAF]             * [* {th:onredo,data-th-onredo}] [1000]: org.thymeleaf.standard.processor.StandardDOMEventAttributeTagProcessor
[THYMELEAF]             * [* {th:oninvalid,data-th-oninvalid}] [1000]: org.thymeleaf.standard.processor.StandardDOMEventAttributeTagProcessor
[THYMELEAF]             * [* {th:onseeked,data-th-onseeked}] [1000]: org.thymeleaf.standard.processor.StandardDOMEventAttributeTagProcessor
[THYMELEAF]             * [* {th:onratechange,data-th-onratechange}] [1000]: org.thymeleaf.standard.processor.StandardDOMEventAttributeTagProcessor
[THYMELEAF]             * [* {th:onshow,data-th-onshow}] [1000]: org.thymeleaf.standard.processor.StandardDOMEventAttributeTagProcessor
[THYMELEAF]             * [* {th:onseeking,data-th-onseeking}] [1000]: org.thymeleaf.standard.processor.StandardDOMEventAttributeTagProcessor
[THYMELEAF]             * [* {th:onmessage,data-th-onmessage}] [1000]: org.thymeleaf.standard.processor.StandardDOMEventAttributeTagProcessor
[THYMELEAF]             * [* {th:ondragend,data-th-ondragend}] [1000]: org.thymeleaf.standard.processor.StandardDOMEventAttributeTagProcessor
[THYMELEAF]             * [* {th:onclick,data-th-onclick}] [1000]: org.thymeleaf.standard.processor.StandardDOMEventAttributeTagProcessor
[THYMELEAF]             * [* {th:onmousewheel,data-th-onmousewheel}] [1000]: org.thymeleaf.standard.processor.StandardDOMEventAttributeTagProcessor
[THYMELEAF]             * [* {th:href,data-th-href}] [1000]: org.thymeleaf.standard.processor.StandardHrefTagProcessor
[THYMELEAF]             * [* {th:inline,data-th-inline}] [1000]: org.thymeleaf.standard.processor.StandardInlineHTMLTagProcessor
[THYMELEAF]             * [* {th:method,data-th-method}] [1000]: org.thymeleaf.standard.processor.StandardMethodTagProcessor
[THYMELEAF]             * [* {th:name,data-th-name}] [1000]: org.thymeleaf.standard.processor.StandardNonRemovableAttributeTagProcessor
[THYMELEAF]             * [* {th:type,data-th-type}] [1000]: org.thymeleaf.standard.processor.StandardNonRemovableAttributeTagProcessor
[THYMELEAF]             * [* {th:srclang,data-th-srclang}] [1000]: org.thymeleaf.standard.processor.StandardRemovableAttributeTagProcessor
[THYMELEAF]             * [* {th:target,data-th-target}] [1000]: org.thymeleaf.standard.processor.StandardRemovableAttributeTagProcessor
[THYMELEAF]             * [* {th:summary,data-th-summary}] [1000]: org.thymeleaf.standard.processor.StandardRemovableAttributeTagProcessor
[THYMELEAF]             * [* {th:colspan,data-th-colspan}] [1000]: org.thymeleaf.standard.processor.StandardRemovableAttributeTagProcessor
[THYMELEAF]             * [* {th:cellspacing,data-th-cellspacing}] [1000]: org.thymeleaf.standard.processor.StandardRemovableAttributeTagProcessor
[THYMELEAF]             * [* {th:preload,data-th-preload}] [1000]: org.thymeleaf.standard.processor.StandardRemovableAttributeTagProcessor
[THYMELEAF]             * [* {th:placeholder,data-th-placeholder}] [1000]: org.thymeleaf.standard.processor.StandardRemovableAttributeTagProcessor
[THYMELEAF]             * [* {th:label,data-th-label}] [1000]: org.thymeleaf.standard.processor.StandardRemovableAttributeTagProcessor
[THYMELEAF]             * [* {th:height,data-th-height}] [1000]: org.thymeleaf.standard.processor.StandardRemovableAttributeTagProcessor
[THYMELEAF]             * [* {th:compact,data-th-compact}] [1000]: org.thymeleaf.standard.processor.StandardRemovableAttributeTagProcessor
[THYMELEAF]             * [* {th:alt,data-th-alt}] [1000]: org.thymeleaf.standard.processor.StandardRemovableAttributeTagProcessor
[THYMELEAF]             * [* {th:contextmenu,data-th-contextmenu}] [1000]: org.thymeleaf.standard.processor.StandardRemovableAttributeTagProcessor
[THYMELEAF]             * [* {th:marginwidth,data-th-marginwidth}] [1000]: org.thymeleaf.standard.processor.StandardRemovableAttributeTagProcessor
[THYMELEAF]             * [* {th:rows,data-th-rows}] [1000]: org.thymeleaf.standard.processor.StandardRemovableAttributeTagProcessor
[THYMELEAF]             * [* {th:scope,data-th-scope}] [1000]: org.thymeleaf.standard.processor.StandardRemovableAttributeTagProcessor
[THYMELEAF]             * [* {th:dir,data-th-dir}] [1000]: org.thymeleaf.standard.processor.StandardRemovableAttributeTagProcessor
[THYMELEAF]             * [* {th:vspace,data-th-vspace}] [1000]: org.thymeleaf.standard.processor.StandardRemovableAttributeTagProcessor
[THYMELEAF]             * [* {th:size,data-th-size}] [1000]: org.thymeleaf.standard.processor.StandardRemovableAttributeTagProcessor
[THYMELEAF]             * [* {th:rowspan,data-th-rowspan}] [1000]: org.thymeleaf.standard.processor.StandardRemovableAttributeTagProcessor
[THYMELEAF]             * [* {th:pattern,data-th-pattern}] [1000]: org.thymeleaf.standard.processor.StandardRemovableAttributeTagProcessor
[THYMELEAF]             * [* {th:border,data-th-border}] [1000]: org.thymeleaf.standard.processor.StandardRemovableAttributeTagProcessor
[THYMELEAF]             * [* {th:cellpadding,data-th-cellpadding}] [1000]: org.thymeleaf.standard.processor.StandardRemovableAttributeTagProcessor
[THYMELEAF]             * [* {th:for,data-th-for}] [1000]: org.thymeleaf.standard.processor.StandardRemovableAttributeTagProcessor
[THYMELEAF]             * [* {th:align,data-th-align}] [1000]: org.thymeleaf.standard.processor.StandardRemovableAttributeTagProcessor
[THYMELEAF]             * [* {th:max,data-th-max}] [1000]: org.thymeleaf.standard.processor.StandardRemovableAttributeTagProcessor
[THYMELEAF]             * [* {th:formaction,data-th-formaction}] [1000]: org.thymeleaf.standard.processor.StandardRemovableAttributeTagProcessor
[THYMELEAF]             * [* {th:form,data-th-form}] [1000]: org.thymeleaf.standard.processor.StandardRemovableAttributeTagProcessor
[THYMELEAF]             * [* {th:keytype,data-th-keytype}] [1000]: org.thymeleaf.standard.processor.StandardRemovableAttributeTagProcessor
[THYMELEAF]             * [* {th:manifest,data-th-manifest}] [1000]: org.thymeleaf.standard.processor.StandardRemovableAttributeTagProcessor
[THYMELEAF]             * [* {th:width,data-th-width}] [1000]: org.thymeleaf.standard.processor.StandardRemovableAttributeTagProcessor
[THYMELEAF]             * [* {th:tabindex,data-th-tabindex}] [1000]: org.thymeleaf.standard.processor.StandardRemovableAttributeTagProcessor
[THYMELEAF]             * [* {th:title,data-th-title}] [1000]: org.thymeleaf.standard.processor.StandardRemovableAttributeTagProcessor
[THYMELEAF]             * [* {th:step,data-th-step}] [1000]: org.thymeleaf.standard.processor.StandardRemovableAttributeTagProcessor
[THYMELEAF]             * [* {th:rev,data-th-rev}] [1000]: org.thymeleaf.standard.processor.StandardRemovableAttributeTagProcessor
[THYMELEAF]             * [* {th:cols,data-th-cols}] [1000]: org.thymeleaf.standard.processor.StandardRemovableAttributeTagProcessor
[THYMELEAF]             * [* {th:valuetype,data-th-valuetype}] [1000]: org.thymeleaf.standard.processor.StandardRemovableAttributeTagProcessor
[THYMELEAF]             * [* {th:min,data-th-min}] [1000]: org.thymeleaf.standard.processor.StandardRemovableAttributeTagProcessor
[THYMELEAF]             * [* {th:id,data-th-id}] [1000]: org.thymeleaf.standard.processor.StandardRemovableAttributeTagProcessor
[THYMELEAF]             * [* {th:sizes,data-th-sizes}] [1000]: org.thymeleaf.standard.processor.StandardRemovableAttributeTagProcessor
[THYMELEAF]             * [* {th:span,data-th-span}] [1000]: org.thymeleaf.standard.processor.StandardRemovableAttributeTagProcessor
[THYMELEAF]             * [* {th:classid,data-th-classid}] [1000]: org.thymeleaf.standard.processor.StandardRemovableAttributeTagProcessor
[THYMELEAF]             * [* {th:hreflang,data-th-hreflang}] [1000]: org.thymeleaf.standard.processor.StandardRemovableAttributeTagProcessor
[THYMELEAF]             * [* {th:scrolling,data-th-scrolling}] [1000]: org.thymeleaf.standard.processor.StandardRemovableAttributeTagProcessor
[THYMELEAF]             * [* {th:hspace,data-th-hspace}] [1000]: org.thymeleaf.standard.processor.StandardRemovableAttributeTagProcessor
[THYMELEAF]             * [* {th:optimum,data-th-optimum}] [1000]: org.thymeleaf.standard.processor.StandardRemovableAttributeTagProcessor
[THYMELEAF]             * [* {th:cite,data-th-cite}] [1000]: org.thymeleaf.standard.processor.StandardRemovableAttributeTagProcessor
[THYMELEAF]             * [* {th:dropzone,data-th-dropzone}] [1000]: org.thymeleaf.standard.processor.StandardRemovableAttributeTagProcessor
[THYMELEAF]             * [* {th:accept-charset,data-th-accept-charset}] [1000]: org.thymeleaf.standard.processor.StandardRemovableAttributeTagProcessor
[THYMELEAF]             * [* {th:frameborder,data-th-frameborder}] [1000]: org.thymeleaf.standard.processor.StandardRemovableAttributeTagProcessor
[THYMELEAF]             * [* {th:archive,data-th-archive}] [1000]: org.thymeleaf.standard.processor.StandardRemovableAttributeTagProcessor
[THYMELEAF]             * [* {th:start,data-th-start}] [1000]: org.thymeleaf.standard.processor.StandardRemovableAttributeTagProcessor
[THYMELEAF]             * [* {th:background,data-th-background}] [1000]: org.thymeleaf.standard.processor.StandardRemovableAttributeTagProcessor
[THYMELEAF]             * [* {th:codebase,data-th-codebase}] [1000]: org.thymeleaf.standard.processor.StandardRemovableAttributeTagProcessor
[THYMELEAF]             * [* {th:codetype,data-th-codetype}] [1000]: org.thymeleaf.standard.processor.StandardRemovableAttributeTagProcessor
[THYMELEAF]             * [* {th:low,data-th-low}] [1000]: org.thymeleaf.standard.processor.StandardRemovableAttributeTagProcessor
[THYMELEAF]             * [* {th:sandbox,data-th-sandbox}] [1000]: org.thymeleaf.standard.processor.StandardRemovableAttributeTagProcessor
[THYMELEAF]             * [* {th:charset,data-th-charset}] [1000]: org.thymeleaf.standard.processor.StandardRemovableAttributeTagProcessor
[THYMELEAF]             * [* {th:audio,data-th-audio}] [1000]: org.thymeleaf.standard.processor.StandardRemovableAttributeTagProcessor
[THYMELEAF]             * [* {th:bgcolor,data-th-bgcolor}] [1000]: org.thymeleaf.standard.processor.StandardRemovableAttributeTagProcessor
[THYMELEAF]             * [* {th:draggable,data-th-draggable}] [1000]: org.thymeleaf.standard.processor.StandardRemovableAttributeTagProcessor
[THYMELEAF]             * [* {th:enctype,data-th-enctype}] [1000]: org.thymeleaf.standard.processor.StandardRemovableAttributeTagProcessor
[THYMELEAF]             * [* {th:challenge,data-th-challenge}] [1000]: org.thymeleaf.standard.processor.StandardRemovableAttributeTagProcessor
[THYMELEAF]             * [* {th:icon,data-th-icon}] [1000]: org.thymeleaf.standard.processor.StandardRemovableAttributeTagProcessor
[THYMELEAF]             * [* {th:data,data-th-data}] [1000]: org.thymeleaf.standard.processor.StandardRemovableAttributeTagProcessor
[THYMELEAF]             * [* {th:formmethod,data-th-formmethod}] [1000]: org.thymeleaf.standard.processor.StandardRemovableAttributeTagProcessor
[THYMELEAF]             * [* {th:frame,data-th-frame}] [1000]: org.thymeleaf.standard.processor.StandardRemovableAttributeTagProcessor
[THYMELEAF]             * [* {th:datetime,data-th-datetime}] [1000]: org.thymeleaf.standard.processor.StandardRemovableAttributeTagProcessor
[THYMELEAF]             * [* {th:formtarget,data-th-formtarget}] [1000]: org.thymeleaf.standard.processor.StandardRemovableAttributeTagProcessor
[THYMELEAF]             * [* {th:class,data-th-class}] [1000]: org.thymeleaf.standard.processor.StandardRemovableAttributeTagProcessor
[THYMELEAF]             * [* {th:wrap,data-th-wrap}] [1000]: org.thymeleaf.standard.processor.StandardRemovableAttributeTagProcessor
[THYMELEAF]             * [* {th:formenctype,data-th-formenctype}] [1000]: org.thymeleaf.standard.processor.StandardRemovableAttributeTagProcessor
[THYMELEAF]             * [* {th:usemap,data-th-usemap}] [1000]: org.thymeleaf.standard.processor.StandardRemovableAttributeTagProcessor
[THYMELEAF]             * [* {th:axis,data-th-axis}] [1000]: org.thymeleaf.standard.processor.StandardRemovableAttributeTagProcessor
[THYMELEAF]             * [* {th:poster,data-th-poster}] [1000]: org.thymeleaf.standard.processor.StandardRemovableAttributeTagProcessor
[THYMELEAF]             * [* {th:marginheight,data-th-marginheight}] [1000]: org.thymeleaf.standard.processor.StandardRemovableAttributeTagProcessor
[THYMELEAF]             * [* {th:maxlength,data-th-maxlength}] [1000]: org.thymeleaf.standard.processor.StandardRemovableAttributeTagProcessor
[THYMELEAF]             * [* {th:media,data-th-media}] [1000]: org.thymeleaf.standard.processor.StandardRemovableAttributeTagProcessor
[THYMELEAF]             * [* {th:radiogroup,data-th-radiogroup}] [1000]: org.thymeleaf.standard.processor.StandardRemovableAttributeTagProcessor
[THYMELEAF]             * [* {th:longdesc,data-th-longdesc}] [1000]: org.thymeleaf.standard.processor.StandardRemovableAttributeTagProcessor
[THYMELEAF]             * [* {th:accept,data-th-accept}] [1000]: org.thymeleaf.standard.processor.StandardRemovableAttributeTagProcessor
[THYMELEAF]             * [* {th:spellcheck,data-th-spellcheck}] [1000]: org.thymeleaf.standard.processor.StandardRemovableAttributeTagProcessor
[THYMELEAF]             * [* {th:style,data-th-style}] [1000]: org.thymeleaf.standard.processor.StandardRemovableAttributeTagProcessor
[THYMELEAF]             * [* {th:high,data-th-high}] [1000]: org.thymeleaf.standard.processor.StandardRemovableAttributeTagProcessor
[THYMELEAF]             * [* {th:kind,data-th-kind}] [1000]: org.thymeleaf.standard.processor.StandardRemovableAttributeTagProcessor
[THYMELEAF]             * [* {th:autocomplete,data-th-autocomplete}] [1000]: org.thymeleaf.standard.processor.StandardRemovableAttributeTagProcessor
[THYMELEAF]             * [* {th:headers,data-th-headers}] [1000]: org.thymeleaf.standard.processor.StandardRemovableAttributeTagProcessor
[THYMELEAF]             * [* {th:content,data-th-content}] [1000]: org.thymeleaf.standard.processor.StandardRemovableAttributeTagProcessor
[THYMELEAF]             * [* {th:lang,data-th-lang}] [1000]: org.thymeleaf.standard.processor.StandardRemovableAttributeTagProcessor
[THYMELEAF]             * [* {th:http-equiv,data-th-http-equiv}] [1000]: org.thymeleaf.standard.processor.StandardRemovableAttributeTagProcessor
[THYMELEAF]             * [* {th:contenteditable,data-th-contenteditable}] [1000]: org.thymeleaf.standard.processor.StandardRemovableAttributeTagProcessor
[THYMELEAF]             * [* {th:rel,data-th-rel}] [1000]: org.thymeleaf.standard.processor.StandardRemovableAttributeTagProcessor
[THYMELEAF]             * [* {th:standby,data-th-standby}] [1000]: org.thymeleaf.standard.processor.StandardRemovableAttributeTagProcessor
[THYMELEAF]             * [* {th:rules,data-th-rules}] [1000]: org.thymeleaf.standard.processor.StandardRemovableAttributeTagProcessor
[THYMELEAF]             * [* {th:list,data-th-list}] [1000]: org.thymeleaf.standard.processor.StandardRemovableAttributeTagProcessor
[THYMELEAF]             * [* {th:accesskey,data-th-accesskey}] [1000]: org.thymeleaf.standard.processor.StandardRemovableAttributeTagProcessor
[THYMELEAF]             * [* {th:abbr,data-th-abbr}] [1000]: org.thymeleaf.standard.processor.StandardRemovableAttributeTagProcessor
[THYMELEAF]             * [* {th:scheme,data-th-scheme}] [1000]: org.thymeleaf.standard.processor.StandardRemovableAttributeTagProcessor
[THYMELEAF]             * [* {th:src,data-th-src}] [1000]: org.thymeleaf.standard.processor.StandardSrcTagProcessor
[THYMELEAF]             * [* {th:value,data-th-value}] [1000]: org.thymeleaf.standard.processor.StandardValueTagProcessor
[THYMELEAF]             * [* {th:xmlbase,data-th-xmlbase}] [1000]: org.thymeleaf.standard.processor.StandardXmlBaseTagProcessor
[THYMELEAF]             * [* {th:xmllang,data-th-xmllang}] [1000]: org.thymeleaf.standard.processor.StandardXmlLangTagProcessor
[THYMELEAF]             * [* {xmlns:th}] [1000]: org.thymeleaf.standard.processor.StandardXmlNsTagProcessor
[THYMELEAF]             * [* {th:xmlspace,data-th-xmlspace}] [1000]: org.thymeleaf.standard.processor.StandardXmlSpaceTagProcessor
[THYMELEAF]             * [* {th:classappend,data-th-classappend}] [1100]: org.thymeleaf.standard.processor.StandardClassappendTagProcessor
[THYMELEAF]             * [* {th:styleappend,data-th-styleappend}] [1100]: org.thymeleaf.standard.processor.StandardStyleappendTagProcessor
[THYMELEAF]             * [* {th:text,data-th-text}] [1300]: org.thymeleaf.standard.processor.StandardTextTagProcessor
[THYMELEAF]             * [* {th:utext,data-th-utext}] [1400]: org.thymeleaf.standard.processor.StandardUtextTagProcessor
[THYMELEAF]             * [* {th:fragment,data-th-fragment}] [1500]: org.thymeleaf.standard.processor.StandardFragmentTagProcessor
[THYMELEAF]             * [* {th:assert,data-th-assert}] [1550]: org.thymeleaf.standard.processor.StandardAssertTagProcessor
[THYMELEAF]             * [* {th:remove,data-th-remove}] [1600]: org.thymeleaf.standard.processor.StandardRemoveTagProcessor
[THYMELEAF]             * [* {th:ref,data-th-ref}] [10000]: org.thymeleaf.standard.processor.StandardRefAttributeTagProcessor
[THYMELEAF]             * [{th:block,th-block} *] [100000]: org.thymeleaf.standard.processor.StandardBlockTagProcessor
[THYMELEAF]             * [* th:*] [2147483647]: org.thymeleaf.standard.processor.StandardDefaultAttributesTagProcessor
[THYMELEAF]         * Text Processors by [precedence]:
[THYMELEAF]             * [1000]: org.thymeleaf.standard.processor.StandardInliningTextProcessor
[THYMELEAF]         * DOCTYPE Processors by [precedence]:
[THYMELEAF]             * [1000]: org.thymeleaf.standard.processor.StandardTranslationDocTypeProcessor
[THYMELEAF]         * CDATA Section Processors by [precedence]:
[THYMELEAF]             * [1000]: org.thymeleaf.standard.processor.StandardInliningCDATASectionProcessor
[THYMELEAF]         * Comment Processors by [precedence]:
[THYMELEAF]             * [1000]: org.thymeleaf.standard.processor.StandardInliningCommentProcessor
[THYMELEAF]             * [1100]: org.thymeleaf.standard.processor.StandardConditionalCommentProcessor
[THYMELEAF]     * Processors for Template Mode: XML
[THYMELEAF]         * Element Tag Processors by [matching element and attribute name] [precedence]:
[THYMELEAF]             * [* {th:include}] [100]: org.thymeleaf.standard.processor.StandardIncludeTagProcessor
[THYMELEAF]             * [* {th:insert}] [100]: org.thymeleaf.standard.processor.StandardInsertTagProcessor
[THYMELEAF]             * [* {th:replace}] [100]: org.thymeleaf.standard.processor.StandardReplaceTagProcessor
[THYMELEAF]             * [* {th:each}] [200]: com.intuit.karate.template.KarateEachTagProcessor
[THYMELEAF]             * [* {th:switch}] [250]: org.thymeleaf.standard.processor.StandardSwitchTagProcessor
[THYMELEAF]             * [* {th:case}] [275]: org.thymeleaf.standard.processor.StandardCaseTagProcessor
[THYMELEAF]             * [* {th:if}] [300]: org.thymeleaf.standard.processor.StandardIfTagProcessor
[THYMELEAF]             * [* {th:unless}] [400]: org.thymeleaf.standard.processor.StandardUnlessTagProcessor
[THYMELEAF]             * [* {th:object}] [500]: org.thymeleaf.standard.processor.StandardObjectTagProcessor
[THYMELEAF]             * [* {th:with}] [600]: com.intuit.karate.template.KarateWithTagProcessor
[THYMELEAF]             * [* {th:attr}] [700]: com.intuit.karate.template.KarateAttributeTagProcessor.KarateAttrTagProcessor
[THYMELEAF]             * [* {th:attrappend}] [900]: com.intuit.karate.template.KarateAttributeTagProcessor.KarateAttrappendTagProcessor
[THYMELEAF]             * [* {th:attrprepend}] [900]: com.intuit.karate.template.KarateAttributeTagProcessor.KarateAttrprependTagProcessor
[THYMELEAF]             * [* {th:inline}] [1000]: org.thymeleaf.standard.processor.StandardInlineXMLTagProcessor
[THYMELEAF]             * [* {xmlns:th}] [1000]: org.thymeleaf.standard.processor.StandardXmlNsTagProcessor
[THYMELEAF]             * [* {th:text}] [1300]: org.thymeleaf.standard.processor.StandardTextTagProcessor
[THYMELEAF]             * [* {th:utext}] [1400]: org.thymeleaf.standard.processor.StandardUtextTagProcessor
[THYMELEAF]             * [* {th:fragment}] [1500]: org.thymeleaf.standard.processor.StandardFragmentTagProcessor
[THYMELEAF]             * [* {th:assert}] [1550]: org.thymeleaf.standard.processor.StandardAssertTagProcessor
[THYMELEAF]             * [* {th:remove}] [1600]: org.thymeleaf.standard.processor.StandardRemoveTagProcessor
[THYMELEAF]             * [* {th:ref}] [10000]: org.thymeleaf.standard.processor.StandardRefAttributeTagProcessor
[THYMELEAF]             * [{th:block} *] [100000]: org.thymeleaf.standard.processor.StandardBlockTagProcessor
[THYMELEAF]             * [* th:*] [2147483647]: org.thymeleaf.standard.processor.StandardDefaultAttributesTagProcessor
[THYMELEAF]         * Text Processors by [precedence]:
[THYMELEAF]             * [1000]: org.thymeleaf.standard.processor.StandardInliningTextProcessor
[THYMELEAF]         * CDATA Section Processors by [precedence]:
[THYMELEAF]             * [1000]: org.thymeleaf.standard.processor.StandardInliningCDATASectionProcessor
[THYMELEAF]         * Comment Processors by [precedence]:
[THYMELEAF]             * [1000]: org.thymeleaf.standard.processor.StandardInliningCommentProcessor
[THYMELEAF]     * Processors for Template Mode: TEXT
[THYMELEAF]         * Element Tag Processors by [matching element and attribute name] [precedence]:
[THYMELEAF]             * [* {th:insert}] [100]: org.thymeleaf.standard.processor.StandardInsertTagProcessor
[THYMELEAF]             * [* {th:replace}] [100]: org.thymeleaf.standard.processor.StandardReplaceTagProcessor
[THYMELEAF]             * [* {th:each}] [200]: com.intuit.karate.template.KarateEachTagProcessor
[THYMELEAF]             * [* {th:switch}] [250]: org.thymeleaf.standard.processor.StandardSwitchTagProcessor
[THYMELEAF]             * [* {th:case}] [275]: org.thymeleaf.standard.processor.StandardCaseTagProcessor
[THYMELEAF]             * [* {th:if}] [300]: org.thymeleaf.standard.processor.StandardIfTagProcessor
[THYMELEAF]             * [* {th:unless}] [400]: org.thymeleaf.standard.processor.StandardUnlessTagProcessor
[THYMELEAF]             * [* {th:object}] [500]: org.thymeleaf.standard.processor.StandardObjectTagProcessor
[THYMELEAF]             * [* {th:with}] [600]: com.intuit.karate.template.KarateWithTagProcessor
[THYMELEAF]             * [* {th:inline}] [1000]: org.thymeleaf.standard.processor.StandardInlineTextualTagProcessor
[THYMELEAF]             * [* {th:text}] [1300]: org.thymeleaf.standard.processor.StandardTextTagProcessor
[THYMELEAF]             * [* {th:utext}] [1400]: org.thymeleaf.standard.processor.StandardUtextTagProcessor
[THYMELEAF]             * [* {th:assert}] [1550]: org.thymeleaf.standard.processor.StandardAssertTagProcessor
[THYMELEAF]             * [* {th:remove}] [1600]: org.thymeleaf.standard.processor.StandardRemoveTagProcessor
[THYMELEAF]             * [* 100000] [org.thymeleaf.standard.processor.StandardBlockTagProcessor]: {}
[THYMELEAF]             * [{th:block} *] [100000]: org.thymeleaf.standard.processor.StandardBlockTagProcessor
[THYMELEAF]         * Text Processors by [precedence]:
[THYMELEAF]             * [1000]: org.thymeleaf.standard.processor.StandardInliningTextProcessor
[THYMELEAF]     * Processors for Template Mode: JAVASCRIPT
[THYMELEAF]         * Element Tag Processors by [matching element and attribute name] [precedence]:
[THYMELEAF]             * [* {th:insert}] [100]: org.thymeleaf.standard.processor.StandardInsertTagProcessor
[THYMELEAF]             * [* {th:replace}] [100]: org.thymeleaf.standard.processor.StandardReplaceTagProcessor
[THYMELEAF]             * [* {th:each}] [200]: com.intuit.karate.template.KarateEachTagProcessor
[THYMELEAF]             * [* {th:switch}] [250]: org.thymeleaf.standard.processor.StandardSwitchTagProcessor
[THYMELEAF]             * [* {th:case}] [275]: org.thymeleaf.standard.processor.StandardCaseTagProcessor
[THYMELEAF]             * [* {th:if}] [300]: org.thymeleaf.standard.processor.StandardIfTagProcessor
[THYMELEAF]             * [* {th:unless}] [400]: org.thymeleaf.standard.processor.StandardUnlessTagProcessor
[THYMELEAF]             * [* {th:object}] [500]: org.thymeleaf.standard.processor.StandardObjectTagProcessor
[THYMELEAF]             * [* {th:with}] [600]: com.intuit.karate.template.KarateWithTagProcessor
[THYMELEAF]             * [* {th:inline}] [1000]: org.thymeleaf.standard.processor.StandardInlineTextualTagProcessor
[THYMELEAF]             * [* {th:text}] [1300]: org.thymeleaf.standard.processor.StandardTextTagProcessor
[THYMELEAF]             * [* {th:utext}] [1400]: org.thymeleaf.standard.processor.StandardUtextTagProcessor
[THYMELEAF]             * [* {th:assert}] [1550]: org.thymeleaf.standard.processor.StandardAssertTagProcessor
[THYMELEAF]             * [* {th:remove}] [1600]: org.thymeleaf.standard.processor.StandardRemoveTagProcessor
[THYMELEAF]             * [{th:block} *] [100000]: org.thymeleaf.standard.processor.StandardBlockTagProcessor
[THYMELEAF]             * [* 100000] [org.thymeleaf.standard.processor.StandardBlockTagProcessor]: {}
[THYMELEAF]         * Text Processors by [precedence]:
[THYMELEAF]             * [1000]: org.thymeleaf.standard.processor.StandardInliningTextProcessor
[THYMELEAF]     * Processors for Template Mode: CSS
[THYMELEAF]         * Element Tag Processors by [matching element and attribute name] [precedence]:
[THYMELEAF]             * [* {th:insert}] [100]: org.thymeleaf.standard.processor.StandardInsertTagProcessor
[THYMELEAF]             * [* {th:replace}] [100]: org.thymeleaf.standard.processor.StandardReplaceTagProcessor
[THYMELEAF]             * [* {th:each}] [200]: com.intuit.karate.template.KarateEachTagProcessor
[THYMELEAF]             * [* {th:switch}] [250]: org.thymeleaf.standard.processor.StandardSwitchTagProcessor
[THYMELEAF]             * [* {th:case}] [275]: org.thymeleaf.standard.processor.StandardCaseTagProcessor
[THYMELEAF]             * [* {th:if}] [300]: org.thymeleaf.standard.processor.StandardIfTagProcessor
[THYMELEAF]             * [* {th:unless}] [400]: org.thymeleaf.standard.processor.StandardUnlessTagProcessor
[THYMELEAF]             * [* {th:object}] [500]: org.thymeleaf.standard.processor.StandardObjectTagProcessor
[THYMELEAF]             * [* {th:with}] [600]: com.intuit.karate.template.KarateWithTagProcessor
[THYMELEAF]             * [* {th:inline}] [1000]: org.thymeleaf.standard.processor.StandardInlineTextualTagProcessor
[THYMELEAF]             * [* {th:text}] [1300]: org.thymeleaf.standard.processor.StandardTextTagProcessor
[THYMELEAF]             * [* {th:utext}] [1400]: org.thymeleaf.standard.processor.StandardUtextTagProcessor
[THYMELEAF]             * [* {th:assert}] [1550]: org.thymeleaf.standard.processor.StandardAssertTagProcessor
[THYMELEAF]             * [* {th:remove}] [1600]: org.thymeleaf.standard.processor.StandardRemoveTagProcessor
[THYMELEAF]             * [* 100000] [org.thymeleaf.standard.processor.StandardBlockTagProcessor]: {}
[THYMELEAF]             * [{th:block} *] [100000]: org.thymeleaf.standard.processor.StandardBlockTagProcessor
[THYMELEAF]         * Text Processors by [precedence]:
[THYMELEAF]             * [1000]: org.thymeleaf.standard.processor.StandardInliningTextProcessor
[THYMELEAF]     * Expression Objects:
[THYMELEAF]         * #ctx
[THYMELEAF]         * #root
[THYMELEAF]         * #vars
[THYMELEAF]         * #object
[THYMELEAF]         * #locale
[THYMELEAF]         * #conversions
[THYMELEAF]         * #uris
[THYMELEAF]         * #temporals
[THYMELEAF]         * #calendars
[THYMELEAF]         * #dates
[THYMELEAF]         * #bools
[THYMELEAF]         * #numbers
[THYMELEAF]         * #objects
[THYMELEAF]         * #strings
[THYMELEAF]         * #arrays
[THYMELEAF]         * #lists
[THYMELEAF]         * #sets
[THYMELEAF]         * #maps
[THYMELEAF]         * #aggregates
[THYMELEAF]         * #messages
[THYMELEAF]         * #ids
[THYMELEAF]         * #execInfo
[THYMELEAF]         * #request
[THYMELEAF]         * #response
[THYMELEAF]         * #session
[THYMELEAF]         * #servletContext
[THYMELEAF]     * Execution Attributes:
[THYMELEAF]         * "StandardExpressionParser": com.intuit.karate.template.KarateStandardDialect@52d9f36b
[THYMELEAF]         * "StandardJavaScriptSerializer": org.thymeleaf.standard.serializer.StandardJavaScriptSerializer@582ea164
[THYMELEAF]         * "StandardCSSSerializer": org.thymeleaf.standard.serializer.StandardCSSSerializer@2fccf49e
[THYMELEAF]         * "StandardVariableExpressionEvaluator": com.intuit.karate.template.KarateStandardDialect@52d9f36b
[THYMELEAF]         * "StandardConversionService": org.thymeleaf.standard.expression.StandardConversionService@7abcc0da
[THYMELEAF] * Dialect [2 of 2]: karate (com.intuit.karate.template.KarateScriptDialect)
[THYMELEAF]     * Prefix: "ka"
[THYMELEAF]     * Processors for Template Mode: HTML
[THYMELEAF]         * Element Tag Processors by [matching element and attribute name] [precedence]:
[THYMELEAF]             * [* {src}] [1000]: com.intuit.karate.template.KaScriptAttrProcessor
[THYMELEAF]         * Element Model Processors by [matching element and attribute name] [precedence]:
[THYMELEAF]             * [{script} {ka:scope,data-ka-scope}] [1000]: com.intuit.karate.template.KaScriptElemProcessor
[THYMELEAF]             * [* {ka:set,data-ka-set}] [1000]: com.intuit.karate.template.KaSetElemProcessor
[THYMELEAF] TEMPLATE ENGINE CONFIGURED OK
23:04:26.654 [main] DEBUG org.thymeleaf.TemplateEngine -- [THYMELEAF] TEMPLATE ENGINE INITIALIZED

HTML report: (paste into browser to view) | Karate version: 1.4.1
file:///C:/Users/monst/karate-tests/target/karate-reports/karate-summary.html
===================================================================

]]></system-out>
    <system-err><![CDATA[ERROR StatusLogger Log4j2 could not find a logging implementation. Please add log4j-core to the classpath. Using SimpleLogger to log to the console...
]]></system-err>
  </testcase>
</testsuite>