<?xml version="1.0" encoding="UTF-8"?>
<testsuite xmlns:xsi="http://www.w3.org/2001/XMLSchema-instance" xsi:noNamespaceSchemaLocation="https://maven.apache.org/surefire/maven-surefire-plugin/xsd/surefire-test-report-3.0.xsd" version="3.0" name="runners.auth.LoginExcelTestRunner" time="16.554" tests="1" errors="0" skipped="0" failures="0">
  <properties>
    <property name="java.specification.version" value="17"/>
    <property name="sun.cpu.isalist" value="amd64"/>
    <property name="sun.jnu.encoding" value="Cp1252"/>
    <property name="java.class.path" value="C:\Users\monst\karate-tests\target\test-classes;C:\Users\monst\karate-tests\target\classes;C:\Users\monst\.m2\repository\com\intuit\karate\karate-junit5\1.4.1\karate-junit5-1.4.1.jar;C:\Users\monst\.m2\repository\com\intuit\karate\karate-core\1.4.1\karate-core-1.4.1.jar;C:\Users\monst\.m2\repository\org\graalvm\js\js-scriptengine\22.3.3\js-scriptengine-22.3.3.jar;C:\Users\monst\.m2\repository\org\graalvm\sdk\graal-sdk\22.3.3\graal-sdk-22.3.3.jar;C:\Users\monst\.m2\repository\org\graalvm\js\js\22.3.3\js-22.3.3.jar;C:\Users\monst\.m2\repository\org\graalvm\regex\regex\22.3.3\regex-22.3.3.jar;C:\Users\monst\.m2\repository\org\graalvm\truffle\truffle-api\22.3.3\truffle-api-22.3.3.jar;C:\Users\monst\.m2\repository\com\ibm\icu\icu4j\71.1\icu4j-71.1.jar;C:\Users\monst\.m2\repository\org\thymeleaf\thymeleaf\3.1.2.RELEASE\thymeleaf-3.1.2.RELEASE.jar;C:\Users\monst\.m2\repository\ognl\ognl\3.3.4\ognl-3.3.4.jar;C:\Users\monst\.m2\repository\org\javassist\javassist\3.29.0-GA\javassist-3.29.0-GA.jar;C:\Users\monst\.m2\repository\org\attoparser\attoparser\2.0.7.RELEASE\attoparser-2.0.7.RELEASE.jar;C:\Users\monst\.m2\repository\org\unbescape\unbescape\1.1.6.RELEASE\unbescape-1.1.6.RELEASE.jar;C:\Users\monst\.m2\repository\org\slf4j\slf4j-api\2.0.7\slf4j-api-2.0.7.jar;C:\Users\monst\.m2\repository\com\linecorp\armeria\armeria\1.25.2\armeria-1.25.2.jar;C:\Users\monst\.m2\repository\com\fasterxml\jackson\core\jackson-core\2.15.2\jackson-core-2.15.2.jar;C:\Users\monst\.m2\repository\com\fasterxml\jackson\core\jackson-annotations\2.15.2\jackson-annotations-2.15.2.jar;C:\Users\monst\.m2\repository\com\fasterxml\jackson\core\jackson-databind\2.15.2\jackson-databind-2.15.2.jar;C:\Users\monst\.m2\repository\com\fasterxml\jackson\datatype\jackson-datatype-jdk8\2.15.2\jackson-datatype-jdk8-2.15.2.jar;C:\Users\monst\.m2\repository\com\fasterxml\jackson\datatype\jackson-datatype-jsr310\2.15.2\jackson-datatype-jsr310-2.15.2.jar;C:\Users\monst\.m2\repository\io\micrometer\micrometer-core\1.11.3\micrometer-core-1.11.3.jar;C:\Users\monst\.m2\repository\io\micrometer\micrometer-commons\1.11.3\micrometer-commons-1.11.3.jar;C:\Users\monst\.m2\repository\io\micrometer\micrometer-observation\1.11.3\micrometer-observation-1.11.3.jar;C:\Users\monst\.m2\repository\org\hdrhistogram\HdrHistogram\2.1.12\HdrHistogram-2.1.12.jar;C:\Users\monst\.m2\repository\org\latencyutils\LatencyUtils\2.0.3\LatencyUtils-2.0.3.jar;C:\Users\monst\.m2\repository\io\netty\netty-transport\4.1.96.Final\netty-transport-4.1.96.Final.jar;C:\Users\monst\.m2\repository\io\netty\netty-common\4.1.96.Final\netty-common-4.1.96.Final.jar;C:\Users\monst\.m2\repository\io\netty\netty-buffer\4.1.96.Final\netty-buffer-4.1.96.Final.jar;C:\Users\monst\.m2\repository\io\netty\netty-resolver\4.1.96.Final\netty-resolver-4.1.96.Final.jar;C:\Users\monst\.m2\repository\io\netty\netty-codec-haproxy\4.1.96.Final\netty-codec-haproxy-4.1.96.Final.jar;C:\Users\monst\.m2\repository\io\netty\netty-codec\4.1.96.Final\netty-codec-4.1.96.Final.jar;C:\Users\monst\.m2\repository\io\netty\netty-codec-http2\4.1.96.Final\netty-codec-http2-4.1.96.Final.jar;C:\Users\monst\.m2\repository\io\netty\netty-handler\4.1.96.Final\netty-handler-4.1.96.Final.jar;C:\Users\monst\.m2\repository\io\netty\netty-codec-http\4.1.96.Final\netty-codec-http-4.1.96.Final.jar;C:\Users\monst\.m2\repository\io\netty\netty-resolver-dns\4.1.96.Final\netty-resolver-dns-4.1.96.Final.jar;C:\Users\monst\.m2\repository\io\netty\netty-codec-dns\4.1.96.Final\netty-codec-dns-4.1.96.Final.jar;C:\Users\monst\.m2\repository\org\reactivestreams\reactive-streams\1.0.4\reactive-streams-1.0.4.jar;C:\Users\monst\.m2\repository\com\google\code\findbugs\jsr305\3.0.2\jsr305-3.0.2.jar;C:\Users\monst\.m2\repository\io\netty\netty-handler-proxy\4.1.96.Final\netty-handler-proxy-4.1.96.Final.jar;C:\Users\monst\.m2\repository\io\netty\netty-codec-socks\4.1.96.Final\netty-codec-socks-4.1.96.Final.jar;C:\Users\monst\.m2\repository\io\netty\netty-transport-native-unix-common\4.1.96.Final\netty-transport-native-unix-common-4.1.96.Final-linux-x86_64.jar;C:\Users\monst\.m2\repository\io\netty\netty-transport-native-epoll\4.1.96.Final\netty-transport-native-epoll-4.1.96.Final-linux-x86_64.jar;C:\Users\monst\.m2\repository\io\netty\netty-transport-native-unix-common\4.1.96.Final\netty-transport-native-unix-common-4.1.96.Final.jar;C:\Users\monst\.m2\repository\io\netty\netty-transport-classes-epoll\4.1.96.Final\netty-transport-classes-epoll-4.1.96.Final.jar;C:\Users\monst\.m2\repository\io\netty\netty-transport-native-unix-common\4.1.96.Final\netty-transport-native-unix-common-4.1.96.Final-linux-aarch_64.jar;C:\Users\monst\.m2\repository\io\netty\netty-transport-native-epoll\4.1.96.Final\netty-transport-native-epoll-4.1.96.Final-linux-aarch_64.jar;C:\Users\monst\.m2\repository\io\netty\netty-transport-native-unix-common\4.1.96.Final\netty-transport-native-unix-common-4.1.96.Final-osx-x86_64.jar;C:\Users\monst\.m2\repository\io\netty\netty-transport-native-kqueue\4.1.96.Final\netty-transport-native-kqueue-4.1.96.Final-osx-x86_64.jar;C:\Users\monst\.m2\repository\io\netty\netty-transport-classes-kqueue\4.1.96.Final\netty-transport-classes-kqueue-4.1.96.Final.jar;C:\Users\monst\.m2\repository\io\netty\netty-resolver-dns-native-macos\4.1.96.Final\netty-resolver-dns-native-macos-4.1.96.Final-osx-x86_64.jar;C:\Users\monst\.m2\repository\io\netty\netty-resolver-dns-classes-macos\4.1.96.Final\netty-resolver-dns-classes-macos-4.1.96.Final.jar;C:\Users\monst\.m2\repository\io\netty\netty-transport-native-unix-common\4.1.96.Final\netty-transport-native-unix-common-4.1.96.Final-osx-aarch_64.jar;C:\Users\monst\.m2\repository\io\netty\netty-transport-native-kqueue\4.1.96.Final\netty-transport-native-kqueue-4.1.96.Final-osx-aarch_64.jar;C:\Users\monst\.m2\repository\io\netty\netty-resolver-dns-native-macos\4.1.96.Final\netty-resolver-dns-native-macos-4.1.96.Final-osx-aarch_64.jar;C:\Users\monst\.m2\repository\io\netty\netty-tcnative-boringssl-static\2.0.61.Final\netty-tcnative-boringssl-static-2.0.61.Final-linux-x86_64.jar;C:\Users\monst\.m2\repository\io\netty\netty-tcnative-classes\2.0.61.Final\netty-tcnative-classes-2.0.61.Final.jar;C:\Users\monst\.m2\repository\io\netty\netty-tcnative-boringssl-static\2.0.61.Final\netty-tcnative-boringssl-static-2.0.61.Final-linux-aarch_64.jar;C:\Users\monst\.m2\repository\io\netty\netty-tcnative-boringssl-static\2.0.61.Final\netty-tcnative-boringssl-static-2.0.61.Final-osx-x86_64.jar;C:\Users\monst\.m2\repository\io\netty\netty-tcnative-boringssl-static\2.0.61.Final\netty-tcnative-boringssl-static-2.0.61.Final-osx-aarch_64.jar;C:\Users\monst\.m2\repository\io\netty\netty-tcnative-boringssl-static\2.0.61.Final\netty-tcnative-boringssl-static-2.0.61.Final-windows-x86_64.jar;C:\Users\monst\.m2\repository\com\aayushatharva\brotli4j\brotli4j\1.12.0\brotli4j-1.12.0.jar;C:\Users\monst\.m2\repository\com\aayushatharva\brotli4j\service\1.12.0\service-1.12.0.jar;C:\Users\monst\.m2\repository\com\aayushatharva\brotli4j\native-windows-x86_64\1.12.0\native-windows-x86_64-1.12.0.jar;C:\Users\monst\.m2\repository\org\apache\httpcomponents\httpclient\4.5.14\httpclient-4.5.14.jar;C:\Users\monst\.m2\repository\org\apache\httpcomponents\httpcore\4.4.16\httpcore-4.4.16.jar;C:\Users\monst\.m2\repository\ch\qos\logback\logback-classic\1.4.11\logback-classic-1.4.11.jar;C:\Users\monst\.m2\repository\ch\qos\logback\logback-core\1.4.11\logback-core-1.4.11.jar;C:\Users\monst\.m2\repository\org\slf4j\jcl-over-slf4j\2.0.9\jcl-over-slf4j-2.0.9.jar;C:\Users\monst\.m2\repository\org\antlr\antlr4-runtime\4.11.1\antlr4-runtime-4.11.1.jar;C:\Users\monst\.m2\repository\com\jayway\jsonpath\json-path\2.8.0\json-path-2.8.0.jar;C:\Users\monst\.m2\repository\net\minidev\json-smart\2.4.10\json-smart-2.4.10.jar;C:\Users\monst\.m2\repository\net\minidev\accessors-smart\2.4.9\accessors-smart-2.4.9.jar;C:\Users\monst\.m2\repository\org\ow2\asm\asm\9.3\asm-9.3.jar;C:\Users\monst\.m2\repository\org\yaml\snakeyaml\2.0\snakeyaml-2.0.jar;C:\Users\monst\.m2\repository\de\siegmar\fastcsv\2.2.1\fastcsv-2.2.1.jar;C:\Users\monst\.m2\repository\info\picocli\picocli\4.7.1\picocli-4.7.1.jar;C:\Users\monst\.m2\repository\io\github\classgraph\classgraph\4.8.160\classgraph-4.8.160.jar;C:\Users\monst\.m2\repository\io\github\t12y\resemble\1.0.2\resemble-1.0.2.jar;C:\Users\monst\.m2\repository\io\github\t12y\ssim\1.0.0\ssim-1.0.0.jar;C:\Users\monst\.m2\repository\org\junit\jupiter\junit-jupiter-api\5.9.3\junit-jupiter-api-5.9.3.jar;C:\Users\monst\.m2\repository\org\opentest4j\opentest4j\1.2.0\opentest4j-1.2.0.jar;C:\Users\monst\.m2\repository\org\junit\platform\junit-platform-commons\1.9.3\junit-platform-commons-1.9.3.jar;C:\Users\monst\.m2\repository\org\apiguardian\apiguardian-api\1.1.2\apiguardian-api-1.1.2.jar;C:\Users\monst\.m2\repository\org\junit\jupiter\junit-jupiter-engine\5.9.3\junit-jupiter-engine-5.9.3.jar;C:\Users\monst\.m2\repository\org\junit\platform\junit-platform-engine\1.9.3\junit-platform-engine-1.9.3.jar;C:\Users\monst\.m2\repository\org\apache\poi\poi\5.2.4\poi-5.2.4.jar;C:\Users\monst\.m2\repository\commons-codec\commons-codec\1.16.0\commons-codec-1.16.0.jar;C:\Users\monst\.m2\repository\org\apache\commons\commons-collections4\4.4\commons-collections4-4.4.jar;C:\Users\monst\.m2\repository\org\apache\commons\commons-math3\3.6.1\commons-math3-3.6.1.jar;C:\Users\monst\.m2\repository\commons-io\commons-io\2.13.0\commons-io-2.13.0.jar;C:\Users\monst\.m2\repository\com\zaxxer\SparseBitSet\1.3\SparseBitSet-1.3.jar;C:\Users\monst\.m2\repository\org\apache\logging\log4j\log4j-api\2.20.0\log4j-api-2.20.0.jar;C:\Users\monst\.m2\repository\org\apache\poi\poi-ooxml\5.2.4\poi-ooxml-5.2.4.jar;C:\Users\monst\.m2\repository\org\apache\poi\poi-ooxml-lite\5.2.4\poi-ooxml-lite-5.2.4.jar;C:\Users\monst\.m2\repository\org\apache\xmlbeans\xmlbeans\5.1.1\xmlbeans-5.1.1.jar;C:\Users\monst\.m2\repository\org\apache\commons\commons-compress\1.24.0\commons-compress-1.24.0.jar;C:\Users\monst\.m2\repository\com\github\virtuald\curvesapi\1.08\curvesapi-1.08.jar;"/>
    <property name="java.vm.vendor" value="Oracle Corporation"/>
    <property name="sun.arch.data.model" value="64"/>
    <property name="user.variant" value=""/>
    <property name="java.vendor.url" value="https://java.oracle.com/"/>
    <property name="user.timezone" value="Asia/Saigon"/>
    <property name="os.name" value="Windows 11"/>
    <property name="java.vm.specification.version" value="17"/>
    <property name="sun.java.launcher" value="SUN_STANDARD"/>
    <property name="user.country" value="US"/>
    <property name="sun.boot.library.path" value="C:\Program Files\Java\jdk-17\bin"/>
    <property name="sun.java.command" value="C:\Users\monst\AppData\Local\Temp\surefire9879340282125315549\surefirebooter-20250616195950861_3.jar C:\Users\monst\AppData\Local\Temp\surefire9879340282125315549 2025-06-16T19-59-50_450-jvmRun1 surefire-20250616195950861_1tmp surefire_0-20250616195950861_2tmp"/>
    <property name="jdk.debug" value="release"/>
    <property name="test" value="runners.auth.LoginExcelTestRunner"/>
    <property name="surefire.test.class.path" value="C:\Users\monst\karate-tests\target\test-classes;C:\Users\monst\karate-tests\target\classes;C:\Users\monst\.m2\repository\com\intuit\karate\karate-junit5\1.4.1\karate-junit5-1.4.1.jar;C:\Users\monst\.m2\repository\com\intuit\karate\karate-core\1.4.1\karate-core-1.4.1.jar;C:\Users\monst\.m2\repository\org\graalvm\js\js-scriptengine\22.3.3\js-scriptengine-22.3.3.jar;C:\Users\monst\.m2\repository\org\graalvm\sdk\graal-sdk\22.3.3\graal-sdk-22.3.3.jar;C:\Users\monst\.m2\repository\org\graalvm\js\js\22.3.3\js-22.3.3.jar;C:\Users\monst\.m2\repository\org\graalvm\regex\regex\22.3.3\regex-22.3.3.jar;C:\Users\monst\.m2\repository\org\graalvm\truffle\truffle-api\22.3.3\truffle-api-22.3.3.jar;C:\Users\monst\.m2\repository\com\ibm\icu\icu4j\71.1\icu4j-71.1.jar;C:\Users\monst\.m2\repository\org\thymeleaf\thymeleaf\3.1.2.RELEASE\thymeleaf-3.1.2.RELEASE.jar;C:\Users\monst\.m2\repository\ognl\ognl\3.3.4\ognl-3.3.4.jar;C:\Users\monst\.m2\repository\org\javassist\javassist\3.29.0-GA\javassist-3.29.0-GA.jar;C:\Users\monst\.m2\repository\org\attoparser\attoparser\2.0.7.RELEASE\attoparser-2.0.7.RELEASE.jar;C:\Users\monst\.m2\repository\org\unbescape\unbescape\1.1.6.RELEASE\unbescape-1.1.6.RELEASE.jar;C:\Users\monst\.m2\repository\org\slf4j\slf4j-api\2.0.7\slf4j-api-2.0.7.jar;C:\Users\monst\.m2\repository\com\linecorp\armeria\armeria\1.25.2\armeria-1.25.2.jar;C:\Users\monst\.m2\repository\com\fasterxml\jackson\core\jackson-core\2.15.2\jackson-core-2.15.2.jar;C:\Users\monst\.m2\repository\com\fasterxml\jackson\core\jackson-annotations\2.15.2\jackson-annotations-2.15.2.jar;C:\Users\monst\.m2\repository\com\fasterxml\jackson\core\jackson-databind\2.15.2\jackson-databind-2.15.2.jar;C:\Users\monst\.m2\repository\com\fasterxml\jackson\datatype\jackson-datatype-jdk8\2.15.2\jackson-datatype-jdk8-2.15.2.jar;C:\Users\monst\.m2\repository\com\fasterxml\jackson\datatype\jackson-datatype-jsr310\2.15.2\jackson-datatype-jsr310-2.15.2.jar;C:\Users\monst\.m2\repository\io\micrometer\micrometer-core\1.11.3\micrometer-core-1.11.3.jar;C:\Users\monst\.m2\repository\io\micrometer\micrometer-commons\1.11.3\micrometer-commons-1.11.3.jar;C:\Users\monst\.m2\repository\io\micrometer\micrometer-observation\1.11.3\micrometer-observation-1.11.3.jar;C:\Users\monst\.m2\repository\org\hdrhistogram\HdrHistogram\2.1.12\HdrHistogram-2.1.12.jar;C:\Users\monst\.m2\repository\org\latencyutils\LatencyUtils\2.0.3\LatencyUtils-2.0.3.jar;C:\Users\monst\.m2\repository\io\netty\netty-transport\4.1.96.Final\netty-transport-4.1.96.Final.jar;C:\Users\monst\.m2\repository\io\netty\netty-common\4.1.96.Final\netty-common-4.1.96.Final.jar;C:\Users\monst\.m2\repository\io\netty\netty-buffer\4.1.96.Final\netty-buffer-4.1.96.Final.jar;C:\Users\monst\.m2\repository\io\netty\netty-resolver\4.1.96.Final\netty-resolver-4.1.96.Final.jar;C:\Users\monst\.m2\repository\io\netty\netty-codec-haproxy\4.1.96.Final\netty-codec-haproxy-4.1.96.Final.jar;C:\Users\monst\.m2\repository\io\netty\netty-codec\4.1.96.Final\netty-codec-4.1.96.Final.jar;C:\Users\monst\.m2\repository\io\netty\netty-codec-http2\4.1.96.Final\netty-codec-http2-4.1.96.Final.jar;C:\Users\monst\.m2\repository\io\netty\netty-handler\4.1.96.Final\netty-handler-4.1.96.Final.jar;C:\Users\monst\.m2\repository\io\netty\netty-codec-http\4.1.96.Final\netty-codec-http-4.1.96.Final.jar;C:\Users\monst\.m2\repository\io\netty\netty-resolver-dns\4.1.96.Final\netty-resolver-dns-4.1.96.Final.jar;C:\Users\monst\.m2\repository\io\netty\netty-codec-dns\4.1.96.Final\netty-codec-dns-4.1.96.Final.jar;C:\Users\monst\.m2\repository\org\reactivestreams\reactive-streams\1.0.4\reactive-streams-1.0.4.jar;C:\Users\monst\.m2\repository\com\google\code\findbugs\jsr305\3.0.2\jsr305-3.0.2.jar;C:\Users\monst\.m2\repository\io\netty\netty-handler-proxy\4.1.96.Final\netty-handler-proxy-4.1.96.Final.jar;C:\Users\monst\.m2\repository\io\netty\netty-codec-socks\4.1.96.Final\netty-codec-socks-4.1.96.Final.jar;C:\Users\monst\.m2\repository\io\netty\netty-transport-native-unix-common\4.1.96.Final\netty-transport-native-unix-common-4.1.96.Final-linux-x86_64.jar;C:\Users\monst\.m2\repository\io\netty\netty-transport-native-epoll\4.1.96.Final\netty-transport-native-epoll-4.1.96.Final-linux-x86_64.jar;C:\Users\monst\.m2\repository\io\netty\netty-transport-native-unix-common\4.1.96.Final\netty-transport-native-unix-common-4.1.96.Final.jar;C:\Users\monst\.m2\repository\io\netty\netty-transport-classes-epoll\4.1.96.Final\netty-transport-classes-epoll-4.1.96.Final.jar;C:\Users\monst\.m2\repository\io\netty\netty-transport-native-unix-common\4.1.96.Final\netty-transport-native-unix-common-4.1.96.Final-linux-aarch_64.jar;C:\Users\monst\.m2\repository\io\netty\netty-transport-native-epoll\4.1.96.Final\netty-transport-native-epoll-4.1.96.Final-linux-aarch_64.jar;C:\Users\monst\.m2\repository\io\netty\netty-transport-native-unix-common\4.1.96.Final\netty-transport-native-unix-common-4.1.96.Final-osx-x86_64.jar;C:\Users\monst\.m2\repository\io\netty\netty-transport-native-kqueue\4.1.96.Final\netty-transport-native-kqueue-4.1.96.Final-osx-x86_64.jar;C:\Users\monst\.m2\repository\io\netty\netty-transport-classes-kqueue\4.1.96.Final\netty-transport-classes-kqueue-4.1.96.Final.jar;C:\Users\monst\.m2\repository\io\netty\netty-resolver-dns-native-macos\4.1.96.Final\netty-resolver-dns-native-macos-4.1.96.Final-osx-x86_64.jar;C:\Users\monst\.m2\repository\io\netty\netty-resolver-dns-classes-macos\4.1.96.Final\netty-resolver-dns-classes-macos-4.1.96.Final.jar;C:\Users\monst\.m2\repository\io\netty\netty-transport-native-unix-common\4.1.96.Final\netty-transport-native-unix-common-4.1.96.Final-osx-aarch_64.jar;C:\Users\monst\.m2\repository\io\netty\netty-transport-native-kqueue\4.1.96.Final\netty-transport-native-kqueue-4.1.96.Final-osx-aarch_64.jar;C:\Users\monst\.m2\repository\io\netty\netty-resolver-dns-native-macos\4.1.96.Final\netty-resolver-dns-native-macos-4.1.96.Final-osx-aarch_64.jar;C:\Users\monst\.m2\repository\io\netty\netty-tcnative-boringssl-static\2.0.61.Final\netty-tcnative-boringssl-static-2.0.61.Final-linux-x86_64.jar;C:\Users\monst\.m2\repository\io\netty\netty-tcnative-classes\2.0.61.Final\netty-tcnative-classes-2.0.61.Final.jar;C:\Users\monst\.m2\repository\io\netty\netty-tcnative-boringssl-static\2.0.61.Final\netty-tcnative-boringssl-static-2.0.61.Final-linux-aarch_64.jar;C:\Users\monst\.m2\repository\io\netty\netty-tcnative-boringssl-static\2.0.61.Final\netty-tcnative-boringssl-static-2.0.61.Final-osx-x86_64.jar;C:\Users\monst\.m2\repository\io\netty\netty-tcnative-boringssl-static\2.0.61.Final\netty-tcnative-boringssl-static-2.0.61.Final-osx-aarch_64.jar;C:\Users\monst\.m2\repository\io\netty\netty-tcnative-boringssl-static\2.0.61.Final\netty-tcnative-boringssl-static-2.0.61.Final-windows-x86_64.jar;C:\Users\monst\.m2\repository\com\aayushatharva\brotli4j\brotli4j\1.12.0\brotli4j-1.12.0.jar;C:\Users\monst\.m2\repository\com\aayushatharva\brotli4j\service\1.12.0\service-1.12.0.jar;C:\Users\monst\.m2\repository\com\aayushatharva\brotli4j\native-windows-x86_64\1.12.0\native-windows-x86_64-1.12.0.jar;C:\Users\monst\.m2\repository\org\apache\httpcomponents\httpclient\4.5.14\httpclient-4.5.14.jar;C:\Users\monst\.m2\repository\org\apache\httpcomponents\httpcore\4.4.16\httpcore-4.4.16.jar;C:\Users\monst\.m2\repository\ch\qos\logback\logback-classic\1.4.11\logback-classic-1.4.11.jar;C:\Users\monst\.m2\repository\ch\qos\logback\logback-core\1.4.11\logback-core-1.4.11.jar;C:\Users\monst\.m2\repository\org\slf4j\jcl-over-slf4j\2.0.9\jcl-over-slf4j-2.0.9.jar;C:\Users\monst\.m2\repository\org\antlr\antlr4-runtime\4.11.1\antlr4-runtime-4.11.1.jar;C:\Users\monst\.m2\repository\com\jayway\jsonpath\json-path\2.8.0\json-path-2.8.0.jar;C:\Users\monst\.m2\repository\net\minidev\json-smart\2.4.10\json-smart-2.4.10.jar;C:\Users\monst\.m2\repository\net\minidev\accessors-smart\2.4.9\accessors-smart-2.4.9.jar;C:\Users\monst\.m2\repository\org\ow2\asm\asm\9.3\asm-9.3.jar;C:\Users\monst\.m2\repository\org\yaml\snakeyaml\2.0\snakeyaml-2.0.jar;C:\Users\monst\.m2\repository\de\siegmar\fastcsv\2.2.1\fastcsv-2.2.1.jar;C:\Users\monst\.m2\repository\info\picocli\picocli\4.7.1\picocli-4.7.1.jar;C:\Users\monst\.m2\repository\io\github\classgraph\classgraph\4.8.160\classgraph-4.8.160.jar;C:\Users\monst\.m2\repository\io\github\t12y\resemble\1.0.2\resemble-1.0.2.jar;C:\Users\monst\.m2\repository\io\github\t12y\ssim\1.0.0\ssim-1.0.0.jar;C:\Users\monst\.m2\repository\org\junit\jupiter\junit-jupiter-api\5.9.3\junit-jupiter-api-5.9.3.jar;C:\Users\monst\.m2\repository\org\opentest4j\opentest4j\1.2.0\opentest4j-1.2.0.jar;C:\Users\monst\.m2\repository\org\junit\platform\junit-platform-commons\1.9.3\junit-platform-commons-1.9.3.jar;C:\Users\monst\.m2\repository\org\apiguardian\apiguardian-api\1.1.2\apiguardian-api-1.1.2.jar;C:\Users\monst\.m2\repository\org\junit\jupiter\junit-jupiter-engine\5.9.3\junit-jupiter-engine-5.9.3.jar;C:\Users\monst\.m2\repository\org\junit\platform\junit-platform-engine\1.9.3\junit-platform-engine-1.9.3.jar;C:\Users\monst\.m2\repository\org\apache\poi\poi\5.2.4\poi-5.2.4.jar;C:\Users\monst\.m2\repository\commons-codec\commons-codec\1.16.0\commons-codec-1.16.0.jar;C:\Users\monst\.m2\repository\org\apache\commons\commons-collections4\4.4\commons-collections4-4.4.jar;C:\Users\monst\.m2\repository\org\apache\commons\commons-math3\3.6.1\commons-math3-3.6.1.jar;C:\Users\monst\.m2\repository\commons-io\commons-io\2.13.0\commons-io-2.13.0.jar;C:\Users\monst\.m2\repository\com\zaxxer\SparseBitSet\1.3\SparseBitSet-1.3.jar;C:\Users\monst\.m2\repository\org\apache\logging\log4j\log4j-api\2.20.0\log4j-api-2.20.0.jar;C:\Users\monst\.m2\repository\org\apache\poi\poi-ooxml\5.2.4\poi-ooxml-5.2.4.jar;C:\Users\monst\.m2\repository\org\apache\poi\poi-ooxml-lite\5.2.4\poi-ooxml-lite-5.2.4.jar;C:\Users\monst\.m2\repository\org\apache\xmlbeans\xmlbeans\5.1.1\xmlbeans-5.1.1.jar;C:\Users\monst\.m2\repository\org\apache\commons\commons-compress\1.24.0\commons-compress-1.24.0.jar;C:\Users\monst\.m2\repository\com\github\virtuald\curvesapi\1.08\curvesapi-1.08.jar;"/>
    <property name="sun.cpu.endian" value="little"/>
    <property name="user.home" value="C:\Users\monst"/>
    <property name="user.language" value="en"/>
    <property name="java.specification.vendor" value="Oracle Corporation"/>
    <property name="java.version.date" value="2023-10-17"/>
    <property name="java.home" value="C:\Program Files\Java\jdk-17"/>
    <property name="file.separator" value="\"/>
    <property name="basedir" value="C:\Users\monst\karate-tests"/>
    <property name="java.vm.compressedOopsMode" value="Zero based"/>
    <property name="line.separator" value="&#10;"/>
    <property name="java.vm.specification.vendor" value="Oracle Corporation"/>
    <property name="java.specification.name" value="Java Platform API Specification"/>
    <property name="surefire.real.class.path" value="C:\Users\monst\AppData\Local\Temp\surefire9879340282125315549\surefirebooter-20250616195950861_3.jar"/>
    <property name="user.script" value=""/>
    <property name="sun.management.compiler" value="HotSpot 64-Bit Tiered Compilers"/>
    <property name="java.runtime.version" value="17.0.9+11-LTS-201"/>
    <property name="user.name" value="monst"/>
    <property name="path.separator" value=";"/>
    <property name="os.version" value="10.0"/>
    <property name="java.runtime.name" value="Java(TM) SE Runtime Environment"/>
    <property name="file.encoding" value="Cp1252"/>
    <property name="java.vm.name" value="Java HotSpot(TM) 64-Bit Server VM"/>
    <property name="localRepository" value="C:\Users\monst\.m2\repository"/>
    <property name="java.vendor.url.bug" value="https://bugreport.java.com/bugreport/"/>
    <property name="java.io.tmpdir" value="C:\Users\monst\AppData\Local\Temp\"/>
    <property name="java.version" value="17.0.9"/>
    <property name="user.dir" value="C:\Users\monst\karate-tests"/>
    <property name="os.arch" value="amd64"/>
    <property name="java.vm.specification.name" value="Java Virtual Machine Specification"/>
    <property name="sun.os.patch.level" value=""/>
    <property name="native.encoding" value="Cp1252"/>
    <property name="java.library.path" value="C:\Program Files\Java\jdk-17\bin;C:\WINDOWS\Sun\Java\bin;C:\WINDOWS\system32;C:\WINDOWS;C:\Program Files\Eclipse Adoptium\jdk-17.0.12.7-hotspot\bin;C:\Program Files\Common Files\Oracle\Java\javapath;C:\Program Files (x86)\VMware\VMware Workstation\bin\;C:\Windows\system32;C:\Windows;C:\Windows\System32\Wbem;C:\Windows\System32\WindowsPowerShell\v1.0\;C:\Windows\System32\OpenSSH\;C:\Program Files (x86)\NVIDIA Corporation\PhysX\Common;C:\Program Files\NVIDIA Corporation\NVIDIA NvDLISR;C:\WINDOWS\system32;C:\WINDOWS;C:\WINDOWS\System32\Wbem;C:\WINDOWS\System32\WindowsPowerShell\v1.0\;C:\WINDOWS\System32\OpenSSH\;C:\Program Files\Azure Data Studio\bin;C:\Program Files (x86)\Microsoft SQL Server\160\Tools\Binn\;C:\Program Files\Microsoft SQL Server\160\Tools\Binn\;C:\Program Files\Microsoft SQL Server\Client SDK\ODBC\170\Tools\Binn\;C:\Program Files\Microsoft SQL Server\160\DTS\Binn\;C:\Program Files (x86)\Microsoft SQL Server\160\DTS\Binn\;C:\ProgramData\chocolatey\bin;C:\Program Files\Docker\Docker\resources\bin;C:\Program Files\nodejs\;C:\Program Files\MySQL\MySQL Server 8.0\bin;C:\Program Files\Git\cmd;C:\Program Files (x86)\Windows Kits\10\Windows Performance Toolkit\;C:\Program Files\dotnet\;C:\Program Files\Microsoft SQL Server\150\Tools\Binn\;C:\Program Files\Apache\apache-maven-3.9.9\bin;C:\Users\monst\AppData\Local\Android\Sdk\platform-tools;C:\Program Files\Cloudflare\Cloudflare WARP\;C:\Users\monst\AppData\Local\Programs\Python\Python313\Scripts\;C:\dev\flutter\bin;C:\Users\monst\.dotnet\tools;C:\Users\monst\AppData\Local\Programs\Microsoft VS Code\bin;C:\Users\monst\AppData\Local\Programs\Python\Python313\;C:\Users\monst\AppData\Local\Programs\cursor\resources\app\bin;C:\Users\monst\AppData\Roaming\npm;;."/>
    <property name="java.vm.info" value="mixed mode, sharing"/>
    <property name="java.vendor" value="Oracle Corporation"/>
    <property name="java.vm.version" value="17.0.9+11-LTS-201"/>
    <property name="sun.io.unicode.encoding" value="UnicodeLittle"/>
    <property name="java.class.version" value="61.0"/>
  </properties>
  <testcase name="[1:13] Chạy tất cả test cases từ Excel Login sheet" classname="features/auth/login-excel" time="15.862">
    <system-out><![CDATA[19:59:52.145 [main] DEBUG com.intuit.karate.Suite -- [config] classpath:karate-config.js
19:59:53.025 [main] INFO com.intuit.karate -- karate.env system property was: null 
19:59:53.669 [main] INFO com.intuit.karate -- Headers found: [
  "email",
  "password",
  "expectedStatus",
  "expectedResult",
  "testDescription",
  "responseStatus",
  "result"
]
 
19:59:53.751 [main] INFO com.intuit.karate -- Read data from Excel: [
  {
    "email": "eve.holt@reqres.in",
    "password": "cityslicka",
    "expectedStatus": 200.0,
    "expectedResult": "success",
    "testDescription": "Valid login credentials",
    "responseStatus": "",
    "result": ""
  },
  {
    "email": "eve.holt@reqres.in",
    "password": "",
    "expectedStatus": 400.0,
    "expectedResult": "Missing password",
    "testDescription": "Login without password",
    "responseStatus": "",
    "result": ""
  },
  {
    "email": "invalid@email.com",
    "password": "password123",
    "expectedStatus": 400.0,
    "expectedResult": "user not found",
    "testDescription": "Login with invalid email",
    "responseStatus": "",
    "result": ""
  },
  {
    "email": "",
    "password": "password123",
    "expectedStatus": 400.0,
    "expectedResult": "Missing email or username",
    "testDescription": "Login without email",
    "responseStatus": "",
    "result": ""
  },
  {
    "email": "eve.holt@reqres.in",
    "password": "wrongpassword",
    "expectedStatus": 400.0,
    "expectedResult": "user not found",
    "testDescription": "Login with wrong password",
    "responseStatus": "",
    "result": ""
  },
  {
    "email": "user@",
    "password": "password123",
    "expectedStatus": 400.0,
    "expectedResult": "Invalid email format",
    "testDescription": "TC: Email không h?p l? - thi?u domain",
    "responseStatus": "",
    "result": ""
  },
  {
    "email": "user.example.com",
    "password": "password123",
    "expectedStatus": 400.0,
    "expectedResult": "Invalid email format",
    "testDescription": "TC: Email không h?p l? - thi?u ký t? @",
    "responseStatus": "",
    "result": ""
  },
  {
    "email": "@example.com",
    "password": "password123",
    "expectedStatus": 400.0,
    "expectedResult": "Invalid email format",
    "testDescription": "TC: Email không h?p l? - thi?u ph?n username",
    "responseStatus": "",
    "result": ""
  },
  {
    "email": "eve.holt@reqres.in",
    "password": "12",
    "expectedStatus": 400.0,
    "expectedResult": "Password must be between X and Y characters",
    "testDescription": "TC: Password quá ng?n",
    "responseStatus": "",
    "result": ""
  },
  {
    "email": "eve.holt@reqres.in",
    "password": "verylongpasswordthatexceedsthenormallimitsforpasswordlengthvalidationwhichshouldnotbeaccepted123456789",
    "expectedStatus": 400.0,
    "expectedResult": "Password must be between X and Y characters",
    "testDescription": "TC: Password quá dài",
    "responseStatus": "",
    "result": ""
  },
  {
    "email": "' OR '1'='1",
    "password": "password123",
    "expectedStatus": 400.0,
    "expectedResult": "Invalid input",
    "testDescription": "TC: SQL Injection trong email",
    "responseStatus": "",
    "result": ""
  },
  {
    "email": "eve.holt@reqres.in",
    "password": "' OR '1'='1",
    "expectedStatus": 400.0,
    "expectedResult": "Invalid input",
    "testDescription": "TC: SQL Injection trong password",
    "responseStatus": "",
    "result": ""
  },
  {
    "email": "<script>alert(\"xss\")</script>@test.com",
    "password": "password123",
    "expectedStatus": 400.0,
    "expectedResult": "Invalid input",
    "testDescription": "TC: XSS trong email",
    "responseStatus": "",
    "result": ""
  },
  {
    "email": "eve.holt@reqres.in",
    "password": "<script>alert(\"xss\")</script>",
    "expectedStatus": 400.0,
    "expectedResult": "Invalid input",
    "testDescription": "TC: XSS trong password",
    "responseStatus": "",
    "result": ""
  },
  {
    "email": "brute.force@test.com",
    "password": "wrongpass1",
    "expectedStatus": 429.0,
    "expectedResult": "Too many login attempts",
    "testDescription": "TC: V??t quá s? l?n th? - l?n 1",
    "responseStatus": "",
    "result": ""
  },
  {
    "email": "brute.force@test.com",
    "password": "wrongpass2",
    "expectedStatus": 429.0,
    "expectedResult": "Too many login attempts",
    "testDescription": "TC: V??t quá s? l?n th? - l?n 2",
    "responseStatus": "",
    "result": ""
  },
  {
    "email": "brute.force@test.com",
    "password": "wrongpass3",
    "expectedStatus": 429.0,
    "expectedResult": "Too many login attempts",
    "testDescription": "TC: V??t quá s? l?n th? - l?n 3",
    "responseStatus": "",
    "result": ""
  },
  {
    "email": "brute.force@test.com",
    "password": "wrongpass4",
    "expectedStatus": 429.0,
    "expectedResult": "Too many login attempts",
    "testDescription": "TC: V??t quá s? l?n th? - l?n 4",
    "responseStatus": "",
    "result": ""
  },
  {
    "email": "brute.force@test.com",
    "password": "wrongpass5",
    "expectedStatus": 429.0,
    "expectedResult": "Too many login attempts",
    "testDescription": "TC: V??t quá s? l?n th? - l?n 5",
    "responseStatus": "",
    "result": ""
  }
]
 
19:59:53.780 [main] INFO com.intuit.karate -- [print] ??c ???c 19 test cases t? Excel sheet: login 
19:59:53.797 [main] DEBUG com.jayway.jsonpath.internal.path.CompiledPath -- Evaluating path: $
19:59:53.811 [main] INFO com.intuit.karate -- ?ang ch?y test case #1: Valid login credentials 
19:59:53.831 [main] INFO com.intuit.karate -- karate.env system property was: null 
19:59:53.835 [main] DEBUG com.jayway.jsonpath.internal.path.CompiledPath -- Evaluating path: $
19:59:53.858 [main] DEBUG io.netty.util.internal.logging.InternalLoggerFactory -- Using SLF4J as the default logging framework
19:59:53.860 [main] DEBUG io.netty.util.internal.PlatformDependent0 -- -Dio.netty.noUnsafe: false
19:59:53.860 [main] DEBUG io.netty.util.internal.PlatformDependent0 -- Java version: 17
19:59:53.861 [main] DEBUG io.netty.util.internal.PlatformDependent0 -- sun.misc.Unsafe.theUnsafe: available
19:59:53.862 [main] DEBUG io.netty.util.internal.PlatformDependent0 -- sun.misc.Unsafe.copyMemory: available
19:59:53.862 [main] DEBUG io.netty.util.internal.PlatformDependent0 -- sun.misc.Unsafe.storeFence: available
19:59:53.863 [main] DEBUG io.netty.util.internal.PlatformDependent0 -- java.nio.Buffer.address: available
19:59:53.863 [main] DEBUG io.netty.util.internal.PlatformDependent0 -- direct buffer constructor: unavailable: Reflective setAccessible(true) disabled
19:59:53.863 [main] DEBUG io.netty.util.internal.PlatformDependent0 -- java.nio.Bits.unaligned: available, true
19:59:53.865 [main] DEBUG io.netty.util.internal.PlatformDependent0 -- jdk.internal.misc.Unsafe.allocateUninitializedArray(int): unavailable: class io.netty.util.internal.PlatformDependent0$7 cannot access class jdk.internal.misc.Unsafe (in module java.base) because module java.base does not export jdk.internal.misc to unnamed module @b3d7190
19:59:53.866 [main] DEBUG io.netty.util.internal.PlatformDependent0 -- java.nio.DirectByteBuffer.<init>(long, {int,long}): unavailable
19:59:53.866 [main] DEBUG io.netty.util.internal.PlatformDependent -- sun.misc.Unsafe: available
19:59:53.867 [main] DEBUG io.netty.util.internal.PlatformDependent -- maxDirectMemory: 4123000832 bytes (maybe)
19:59:53.867 [main] DEBUG io.netty.util.internal.PlatformDependent -- -Dio.netty.tmpdir: C:\Users\monst\AppData\Local\Temp (java.io.tmpdir)
19:59:53.867 [main] DEBUG io.netty.util.internal.PlatformDependent -- -Dio.netty.bitMode: 64 (sun.arch.data.model)
19:59:53.867 [main] DEBUG io.netty.util.internal.PlatformDependent -- Platform: Windows
19:59:53.868 [main] DEBUG io.netty.util.internal.PlatformDependent -- -Dio.netty.maxDirectMemory: -1 bytes
19:59:53.868 [main] DEBUG io.netty.util.internal.PlatformDependent -- -Dio.netty.uninitializedArrayAllocationThreshold: -1
19:59:53.869 [main] DEBUG io.netty.util.internal.CleanerJava9 -- java.nio.ByteBuffer.cleaner(): available
19:59:53.869 [main] DEBUG io.netty.util.internal.PlatformDependent -- -Dio.netty.noPreferDirect: false
19:59:54.120 [main] DEBUG org.apache.http.client.protocol.RequestAddCookies -- CookieSpec selected: karate
19:59:54.126 [main] DEBUG org.apache.http.client.protocol.RequestAuthCache -- Auth cache not set in the context
19:59:54.128 [main] DEBUG com.intuit.karate -- request:
1 > POST https://reqres.in/api/login
1 > Content-Type: application/json; charset=UTF-8
1 > x-api-key: reqres-free-v1
1 > Content-Length: 54
1 > Host: reqres.in
1 > Connection: Keep-Alive
1 > User-Agent: Apache-HttpClient/4.5.14 (Java/17.0.9)
1 > Accept-Encoding: gzip,deflate
{
  "email": "eve.holt@reqres.in",
  "password": "cityslicka"
}


19:59:54.130 [main] DEBUG org.apache.http.impl.conn.PoolingHttpClientConnectionManager -- Connection request: [route: {s}->https://reqres.in:443][total available: 0; route allocated: 0 of 5; total allocated: 0 of 10]
19:59:54.140 [main] DEBUG org.apache.http.impl.conn.PoolingHttpClientConnectionManager -- Connection leased: [id: 0][route: {s}->https://reqres.in:443][total available: 0; route allocated: 1 of 5; total allocated: 1 of 10]
19:59:54.142 [main] DEBUG org.apache.http.impl.execchain.MainClientExec -- Opening connection {s}->https://reqres.in:443
19:59:54.160 [main] DEBUG org.apache.http.impl.conn.DefaultHttpClientConnectionOperator -- Connecting to reqres.in/104.26.10.213:443
19:59:54.160 [main] DEBUG org.apache.http.conn.ssl.SSLConnectionSocketFactory -- Connecting socket to reqres.in/104.26.10.213:443 with timeout 5000
19:59:54.223 [main] DEBUG org.apache.http.conn.ssl.SSLConnectionSocketFactory -- Enabled protocols: [TLSv1.3, TLSv1.2]
19:59:54.223 [main] DEBUG org.apache.http.conn.ssl.SSLConnectionSocketFactory -- Enabled cipher suites:[TLS_AES_256_GCM_SHA384, TLS_AES_128_GCM_SHA256, TLS_CHACHA20_POLY1305_SHA256, TLS_ECDHE_ECDSA_WITH_AES_256_GCM_SHA384, TLS_ECDHE_ECDSA_WITH_AES_128_GCM_SHA256, TLS_ECDHE_ECDSA_WITH_CHACHA20_POLY1305_SHA256, TLS_ECDHE_RSA_WITH_AES_256_GCM_SHA384, TLS_ECDHE_RSA_WITH_CHACHA20_POLY1305_SHA256, TLS_ECDHE_RSA_WITH_AES_128_GCM_SHA256, TLS_DHE_RSA_WITH_AES_256_GCM_SHA384, TLS_DHE_RSA_WITH_CHACHA20_POLY1305_SHA256, TLS_DHE_DSS_WITH_AES_256_GCM_SHA384, TLS_DHE_RSA_WITH_AES_128_GCM_SHA256, TLS_DHE_DSS_WITH_AES_128_GCM_SHA256, TLS_ECDHE_ECDSA_WITH_AES_256_CBC_SHA384, TLS_ECDHE_RSA_WITH_AES_256_CBC_SHA384, TLS_ECDHE_ECDSA_WITH_AES_128_CBC_SHA256, TLS_ECDHE_RSA_WITH_AES_128_CBC_SHA256, TLS_DHE_RSA_WITH_AES_256_CBC_SHA256, TLS_DHE_DSS_WITH_AES_256_CBC_SHA256, TLS_DHE_RSA_WITH_AES_128_CBC_SHA256, TLS_DHE_DSS_WITH_AES_128_CBC_SHA256, TLS_ECDH_ECDSA_WITH_AES_256_GCM_SHA384, TLS_ECDH_RSA_WITH_AES_256_GCM_SHA384, TLS_ECDH_ECDSA_WITH_AES_128_GCM_SHA256, TLS_ECDH_RSA_WITH_AES_128_GCM_SHA256, TLS_ECDH_ECDSA_WITH_AES_256_CBC_SHA384, TLS_ECDH_RSA_WITH_AES_256_CBC_SHA384, TLS_ECDH_ECDSA_WITH_AES_128_CBC_SHA256, TLS_ECDH_RSA_WITH_AES_128_CBC_SHA256, TLS_ECDHE_ECDSA_WITH_AES_256_CBC_SHA, TLS_ECDHE_RSA_WITH_AES_256_CBC_SHA, TLS_ECDHE_ECDSA_WITH_AES_128_CBC_SHA, TLS_ECDHE_RSA_WITH_AES_128_CBC_SHA, TLS_DHE_RSA_WITH_AES_256_CBC_SHA, TLS_DHE_DSS_WITH_AES_256_CBC_SHA, TLS_DHE_RSA_WITH_AES_128_CBC_SHA, TLS_DHE_DSS_WITH_AES_128_CBC_SHA, TLS_ECDH_ECDSA_WITH_AES_256_CBC_SHA, TLS_ECDH_RSA_WITH_AES_256_CBC_SHA, TLS_ECDH_ECDSA_WITH_AES_128_CBC_SHA, TLS_ECDH_RSA_WITH_AES_128_CBC_SHA, TLS_RSA_WITH_AES_256_GCM_SHA384, TLS_RSA_WITH_AES_128_GCM_SHA256, TLS_RSA_WITH_AES_256_CBC_SHA256, TLS_RSA_WITH_AES_128_CBC_SHA256, TLS_RSA_WITH_AES_256_CBC_SHA, TLS_RSA_WITH_AES_128_CBC_SHA, TLS_EMPTY_RENEGOTIATION_INFO_SCSV]
19:59:54.223 [main] DEBUG org.apache.http.conn.ssl.SSLConnectionSocketFactory -- Starting handshake
19:59:54.346 [main] DEBUG org.apache.http.conn.ssl.SSLConnectionSocketFactory -- Secure session established
19:59:54.346 [main] DEBUG org.apache.http.conn.ssl.SSLConnectionSocketFactory --  negotiated protocol: TLSv1.3
19:59:54.346 [main] DEBUG org.apache.http.conn.ssl.SSLConnectionSocketFactory --  negotiated cipher suite: TLS_AES_256_GCM_SHA384
19:59:54.346 [main] DEBUG org.apache.http.conn.ssl.SSLConnectionSocketFactory --  peer principal: CN=reqres.in
19:59:54.346 [main] DEBUG org.apache.http.conn.ssl.SSLConnectionSocketFactory --  peer alternative names: [reqres.in, *.reqres.in]
19:59:54.346 [main] DEBUG org.apache.http.conn.ssl.SSLConnectionSocketFactory --  issuer principal: CN=WE1, O=Google Trust Services, C=US
19:59:54.348 [main] DEBUG org.apache.http.impl.conn.DefaultHttpClientConnectionOperator -- Connection established 192.168.1.20:56988<->104.26.10.213:443
19:59:54.348 [main] DEBUG org.apache.http.impl.conn.DefaultManagedHttpClientConnection -- http-outgoing-0: set socket timeout to 5000
19:59:54.348 [main] DEBUG org.apache.http.impl.execchain.MainClientExec -- Executing request POST /api/login HTTP/1.1
19:59:54.348 [main] DEBUG org.apache.http.impl.execchain.MainClientExec -- Target auth state: UNCHALLENGED
19:59:54.349 [main] DEBUG org.apache.http.impl.execchain.MainClientExec -- Proxy auth state: UNCHALLENGED
19:59:54.350 [main] DEBUG org.apache.http.headers -- http-outgoing-0 >> POST /api/login HTTP/1.1
19:59:54.350 [main] DEBUG org.apache.http.headers -- http-outgoing-0 >> Content-Type: application/json; charset=UTF-8
19:59:54.350 [main] DEBUG org.apache.http.headers -- http-outgoing-0 >> x-api-key: reqres-free-v1
19:59:54.350 [main] DEBUG org.apache.http.headers -- http-outgoing-0 >> Content-Length: 54
19:59:54.350 [main] DEBUG org.apache.http.headers -- http-outgoing-0 >> Host: reqres.in
19:59:54.350 [main] DEBUG org.apache.http.headers -- http-outgoing-0 >> Connection: Keep-Alive
19:59:54.350 [main] DEBUG org.apache.http.headers -- http-outgoing-0 >> User-Agent: Apache-HttpClient/4.5.14 (Java/17.0.9)
19:59:54.350 [main] DEBUG org.apache.http.headers -- http-outgoing-0 >> Accept-Encoding: gzip,deflate
19:59:54.350 [main] DEBUG org.apache.http.wire -- http-outgoing-0 >> "POST /api/login HTTP/1.1[\r][\n]"
19:59:54.350 [main] DEBUG org.apache.http.wire -- http-outgoing-0 >> "Content-Type: application/json; charset=UTF-8[\r][\n]"
19:59:54.350 [main] DEBUG org.apache.http.wire -- http-outgoing-0 >> "x-api-key: reqres-free-v1[\r][\n]"
19:59:54.350 [main] DEBUG org.apache.http.wire -- http-outgoing-0 >> "Content-Length: 54[\r][\n]"
19:59:54.351 [main] DEBUG org.apache.http.wire -- http-outgoing-0 >> "Host: reqres.in[\r][\n]"
19:59:54.351 [main] DEBUG org.apache.http.wire -- http-outgoing-0 >> "Connection: Keep-Alive[\r][\n]"
19:59:54.351 [main] DEBUG org.apache.http.wire -- http-outgoing-0 >> "User-Agent: Apache-HttpClient/4.5.14 (Java/17.0.9)[\r][\n]"
19:59:54.351 [main] DEBUG org.apache.http.wire -- http-outgoing-0 >> "Accept-Encoding: gzip,deflate[\r][\n]"
19:59:54.351 [main] DEBUG org.apache.http.wire -- http-outgoing-0 >> "[\r][\n]"
19:59:54.351 [main] DEBUG org.apache.http.wire -- http-outgoing-0 >> "{"email":"eve.holt@reqres.in","password":"cityslicka"}"
19:59:54.941 [main] DEBUG org.apache.http.wire -- http-outgoing-0 << "HTTP/1.1 200 OK[\r][\n]"
19:59:54.942 [main] DEBUG org.apache.http.wire -- http-outgoing-0 << "Date: Mon, 16 Jun 2025 12:59:54 GMT[\r][\n]"
19:59:54.942 [main] DEBUG org.apache.http.wire -- http-outgoing-0 << "Content-Type: application/json; charset=utf-8[\r][\n]"
19:59:54.942 [main] DEBUG org.apache.http.wire -- http-outgoing-0 << "Content-Length: 29[\r][\n]"
19:59:54.942 [main] DEBUG org.apache.http.wire -- http-outgoing-0 << "Connection: keep-alive[\r][\n]"
19:59:54.942 [main] DEBUG org.apache.http.wire -- http-outgoing-0 << "Cf-Ray: 950a7cacbd9fe65a-HKG[\r][\n]"
19:59:54.942 [main] DEBUG org.apache.http.wire -- http-outgoing-0 << "Report-To: {"group":"heroku-nel","max_age":3600,"endpoints":[{"url":"https://nel.heroku.com/reports?ts=1750078794&sid=c4c9725f-1ab0-44d8-820f-430df2718e11&s=DihilBXgVzbsa4TlVT8WHPNR%2FRqwh6YNtRMOetR1jTs%3D"}]}[\r][\n]"
19:59:54.942 [main] DEBUG org.apache.http.wire -- http-outgoing-0 << "Reporting-Endpoints: heroku-nel=https://nel.heroku.com/reports?ts=1750078794&sid=c4c9725f-1ab0-44d8-820f-430df2718e11&s=DihilBXgVzbsa4TlVT8WHPNR%2FRqwh6YNtRMOetR1jTs%3D[\r][\n]"
19:59:54.942 [main] DEBUG org.apache.http.wire -- http-outgoing-0 << "Nel: {"report_to":"heroku-nel","max_age":3600,"success_fraction":0.005,"failure_fraction":0.05,"response_headers":["Via"]}[\r][\n]"
19:59:54.942 [main] DEBUG org.apache.http.wire -- http-outgoing-0 << "X-Powered-By: Express[\r][\n]"
19:59:54.942 [main] DEBUG org.apache.http.wire -- http-outgoing-0 << "Access-Control-Allow-Origin: *[\r][\n]"
19:59:54.943 [main] DEBUG org.apache.http.wire -- http-outgoing-0 << "Ratelimit-Policy: 100;w=60[\r][\n]"
19:59:54.943 [main] DEBUG org.apache.http.wire -- http-outgoing-0 << "Ratelimit-Limit: 100[\r][\n]"
19:59:54.943 [main] DEBUG org.apache.http.wire -- http-outgoing-0 << "Ratelimit-Remaining: 98[\r][\n]"
19:59:54.943 [main] DEBUG org.apache.http.wire -- http-outgoing-0 << "Ratelimit-Reset: 60[\r][\n]"
19:59:54.943 [main] DEBUG org.apache.http.wire -- http-outgoing-0 << "Etag: W/"1d-lGCrvD6B7Qzk11+2C98+nGhhuec"[\r][\n]"
19:59:54.943 [main] DEBUG org.apache.http.wire -- http-outgoing-0 << "Via: 1.1 vegur[\r][\n]"
19:59:54.943 [main] DEBUG org.apache.http.wire -- http-outgoing-0 << "Cf-Cache-Status: DYNAMIC[\r][\n]"
19:59:54.943 [main] DEBUG org.apache.http.wire -- http-outgoing-0 << "Server: cloudflare[\r][\n]"
19:59:54.943 [main] DEBUG org.apache.http.wire -- http-outgoing-0 << "server-timing: cfL4;desc="?proto=TCP&rtt=24862&min_rtt=24768&rtt_var=9476&sent=7&recv=7&lost=0&retrans=0&sent_bytes=3107&recv_bytes=904&delivery_rate=170689&cwnd=252&unsent_bytes=0&cid=ca59a5c9feccef24&ts=657&x=0"[\r][\n]"
19:59:54.943 [main] DEBUG org.apache.http.wire -- http-outgoing-0 << "[\r][\n]"
19:59:54.943 [main] DEBUG org.apache.http.wire -- http-outgoing-0 << "{"token":"QpwL5tke4Pnpja7X4"}"
19:59:54.944 [main] DEBUG org.apache.http.headers -- http-outgoing-0 << HTTP/1.1 200 OK
19:59:54.944 [main] DEBUG org.apache.http.headers -- http-outgoing-0 << Date: Mon, 16 Jun 2025 12:59:54 GMT
19:59:54.944 [main] DEBUG org.apache.http.headers -- http-outgoing-0 << Content-Type: application/json; charset=utf-8
19:59:54.944 [main] DEBUG org.apache.http.headers -- http-outgoing-0 << Content-Length: 29
19:59:54.944 [main] DEBUG org.apache.http.headers -- http-outgoing-0 << Connection: keep-alive
19:59:54.944 [main] DEBUG org.apache.http.headers -- http-outgoing-0 << Cf-Ray: 950a7cacbd9fe65a-HKG
19:59:54.944 [main] DEBUG org.apache.http.headers -- http-outgoing-0 << Report-To: {"group":"heroku-nel","max_age":3600,"endpoints":[{"url":"https://nel.heroku.com/reports?ts=1750078794&sid=c4c9725f-1ab0-44d8-820f-430df2718e11&s=DihilBXgVzbsa4TlVT8WHPNR%2FRqwh6YNtRMOetR1jTs%3D"}]}
19:59:54.944 [main] DEBUG org.apache.http.headers -- http-outgoing-0 << Reporting-Endpoints: heroku-nel=https://nel.heroku.com/reports?ts=1750078794&sid=c4c9725f-1ab0-44d8-820f-430df2718e11&s=DihilBXgVzbsa4TlVT8WHPNR%2FRqwh6YNtRMOetR1jTs%3D
19:59:54.944 [main] DEBUG org.apache.http.headers -- http-outgoing-0 << Nel: {"report_to":"heroku-nel","max_age":3600,"success_fraction":0.005,"failure_fraction":0.05,"response_headers":["Via"]}
19:59:54.944 [main] DEBUG org.apache.http.headers -- http-outgoing-0 << X-Powered-By: Express
19:59:54.945 [main] DEBUG org.apache.http.headers -- http-outgoing-0 << Access-Control-Allow-Origin: *
19:59:54.945 [main] DEBUG org.apache.http.headers -- http-outgoing-0 << Ratelimit-Policy: 100;w=60
19:59:54.945 [main] DEBUG org.apache.http.headers -- http-outgoing-0 << Ratelimit-Limit: 100
19:59:54.945 [main] DEBUG org.apache.http.headers -- http-outgoing-0 << Ratelimit-Remaining: 98
19:59:54.945 [main] DEBUG org.apache.http.headers -- http-outgoing-0 << Ratelimit-Reset: 60
19:59:54.945 [main] DEBUG org.apache.http.headers -- http-outgoing-0 << Etag: W/"1d-lGCrvD6B7Qzk11+2C98+nGhhuec"
19:59:54.945 [main] DEBUG org.apache.http.headers -- http-outgoing-0 << Via: 1.1 vegur
19:59:54.945 [main] DEBUG org.apache.http.headers -- http-outgoing-0 << Cf-Cache-Status: DYNAMIC
19:59:54.945 [main] DEBUG org.apache.http.headers -- http-outgoing-0 << Server: cloudflare
19:59:54.945 [main] DEBUG org.apache.http.headers -- http-outgoing-0 << server-timing: cfL4;desc="?proto=TCP&rtt=24862&min_rtt=24768&rtt_var=9476&sent=7&recv=7&lost=0&retrans=0&sent_bytes=3107&recv_bytes=904&delivery_rate=170689&cwnd=252&unsent_bytes=0&cid=ca59a5c9feccef24&ts=657&x=0"
19:59:54.947 [main] DEBUG org.apache.http.impl.execchain.MainClientExec -- Connection can be kept alive indefinitely
19:59:54.948 [main] DEBUG org.apache.http.impl.conn.PoolingHttpClientConnectionManager -- Connection [id: 0][route: {s}->https://reqres.in:443] can be kept alive indefinitely
19:59:54.948 [main] DEBUG org.apache.http.impl.conn.DefaultManagedHttpClientConnection -- http-outgoing-0: set socket timeout to 0
19:59:54.948 [main] DEBUG org.apache.http.impl.conn.PoolingHttpClientConnectionManager -- Connection released: [id: 0][route: {s}->https://reqres.in:443][total available: 1; route allocated: 1 of 5; total allocated: 1 of 10]
19:59:54.948 [main] DEBUG org.apache.http.impl.conn.PoolingHttpClientConnectionManager -- Connection manager is shutting down
19:59:54.948 [main] DEBUG org.apache.http.impl.conn.DefaultManagedHttpClientConnection -- http-outgoing-0: Close connection
19:59:54.951 [main] DEBUG org.apache.http.impl.conn.PoolingHttpClientConnectionManager -- Connection manager shut down
19:59:54.952 [main] DEBUG com.intuit.karate -- response time in milliseconds: 820
1 < 200
1 < Date: Mon, 16 Jun 2025 12:59:54 GMT
1 < Content-Type: application/json; charset=utf-8
1 < Content-Length: 29
1 < Connection: keep-alive
1 < Cf-Ray: 950a7cacbd9fe65a-HKG
1 < Report-To: {"group":"heroku-nel","max_age":3600,"endpoints":[{"url":"https://nel.heroku.com/reports?ts=1750078794&sid=c4c9725f-1ab0-44d8-820f-430df2718e11&s=DihilBXgVzbsa4TlVT8WHPNR%2FRqwh6YNtRMOetR1jTs%3D"}]}
1 < Reporting-Endpoints: heroku-nel=https://nel.heroku.com/reports?ts=1750078794&sid=c4c9725f-1ab0-44d8-820f-430df2718e11&s=DihilBXgVzbsa4TlVT8WHPNR%2FRqwh6YNtRMOetR1jTs%3D
1 < Nel: {"report_to":"heroku-nel","max_age":3600,"success_fraction":0.005,"failure_fraction":0.05,"response_headers":["Via"]}
1 < X-Powered-By: Express
1 < Access-Control-Allow-Origin: *
1 < Ratelimit-Policy: 100;w=60
1 < Ratelimit-Limit: 100
1 < Ratelimit-Remaining: 98
1 < Ratelimit-Reset: 60
1 < Etag: W/"1d-lGCrvD6B7Qzk11+2C98+nGhhuec"
1 < Via: 1.1 vegur
1 < Cf-Cache-Status: DYNAMIC
1 < Server: cloudflare
1 < server-timing: cfL4;desc="?proto=TCP&rtt=24862&min_rtt=24768&rtt_var=9476&sent=7&recv=7&lost=0&retrans=0&sent_bytes=3107&recv_bytes=904&delivery_rate=170689&cwnd=252&unsent_bytes=0&cid=ca59a5c9feccef24&ts=657&x=0"
{
  "token": "QpwL5tke4Pnpja7X4"
}


19:59:54.955 [main] INFO com.intuit.karate -- [print] Calling login API v?i email: eve.holt@reqres.in password: cityslicka 
19:59:54.957 [main] INFO com.intuit.karate -- [print] Response status: 200 body: {
  "token": "QpwL5tke4Pnpja7X4"
}
 
19:59:54.968 [main] INFO com.intuit.karate -- Test Case Data: {
  "email": "eve.holt@reqres.in",
  "password": "cityslicka",
  "expectedStatus": 200.0,
  "expectedResult": "success",
  "testDescription": "Valid login credentials",
  "responseStatus": "",
  "result": ""
}
 
19:59:54.969 [main] INFO com.intuit.karate -- Expected Status: 200.0 
19:59:54.969 [main] INFO com.intuit.karate -- Expected Result: success 
19:59:54.969 [main] INFO com.intuit.karate -- Actual Status: 200 
19:59:54.971 [main] INFO com.intuit.karate -- Is Expected Status: true 
19:59:54.971 [main] INFO com.intuit.karate -- Test case #1 - Status: 200, Result: {"token":"QpwL5tke4Pnpja7X4"} 
19:59:54.972 [main] INFO com.intuit.karate -- ?ang ch?y test case #2: Login without password 
19:59:54.987 [main] INFO com.intuit.karate -- karate.env system property was: null 
19:59:54.990 [main] DEBUG com.jayway.jsonpath.internal.path.CompiledPath -- Evaluating path: $
19:59:54.991 [main] DEBUG org.apache.http.client.protocol.RequestAddCookies -- CookieSpec selected: karate
19:59:54.992 [main] DEBUG org.apache.http.client.protocol.RequestAuthCache -- Auth cache not set in the context
19:59:54.992 [main] DEBUG com.intuit.karate -- request:
1 > POST https://reqres.in/api/login
1 > Content-Type: application/json; charset=UTF-8
1 > x-api-key: reqres-free-v1
1 > Content-Length: 44
1 > Host: reqres.in
1 > Connection: Keep-Alive
1 > User-Agent: Apache-HttpClient/4.5.14 (Java/17.0.9)
1 > Accept-Encoding: gzip,deflate
{
  "email": "eve.holt@reqres.in",
  "password": ""
}


19:59:54.992 [main] DEBUG org.apache.http.impl.conn.PoolingHttpClientConnectionManager -- Connection request: [route: {s}->https://reqres.in:443][total available: 0; route allocated: 0 of 5; total allocated: 0 of 10]
19:59:54.992 [main] DEBUG org.apache.http.impl.conn.PoolingHttpClientConnectionManager -- Connection leased: [id: 1][route: {s}->https://reqres.in:443][total available: 0; route allocated: 1 of 5; total allocated: 1 of 10]
19:59:54.992 [main] DEBUG org.apache.http.impl.execchain.MainClientExec -- Opening connection {s}->https://reqres.in:443
19:59:54.992 [main] DEBUG org.apache.http.impl.conn.DefaultHttpClientConnectionOperator -- Connecting to reqres.in/104.26.10.213:443
19:59:54.992 [main] DEBUG org.apache.http.conn.ssl.SSLConnectionSocketFactory -- Connecting socket to reqres.in/104.26.10.213:443 with timeout 5000
19:59:55.015 [main] DEBUG org.apache.http.conn.ssl.SSLConnectionSocketFactory -- Enabled protocols: [TLSv1.3, TLSv1.2]
19:59:55.017 [main] DEBUG org.apache.http.conn.ssl.SSLConnectionSocketFactory -- Enabled cipher suites:[TLS_AES_256_GCM_SHA384, TLS_AES_128_GCM_SHA256, TLS_CHACHA20_POLY1305_SHA256, TLS_ECDHE_ECDSA_WITH_AES_256_GCM_SHA384, TLS_ECDHE_ECDSA_WITH_AES_128_GCM_SHA256, TLS_ECDHE_ECDSA_WITH_CHACHA20_POLY1305_SHA256, TLS_ECDHE_RSA_WITH_AES_256_GCM_SHA384, TLS_ECDHE_RSA_WITH_CHACHA20_POLY1305_SHA256, TLS_ECDHE_RSA_WITH_AES_128_GCM_SHA256, TLS_DHE_RSA_WITH_AES_256_GCM_SHA384, TLS_DHE_RSA_WITH_CHACHA20_POLY1305_SHA256, TLS_DHE_DSS_WITH_AES_256_GCM_SHA384, TLS_DHE_RSA_WITH_AES_128_GCM_SHA256, TLS_DHE_DSS_WITH_AES_128_GCM_SHA256, TLS_ECDHE_ECDSA_WITH_AES_256_CBC_SHA384, TLS_ECDHE_RSA_WITH_AES_256_CBC_SHA384, TLS_ECDHE_ECDSA_WITH_AES_128_CBC_SHA256, TLS_ECDHE_RSA_WITH_AES_128_CBC_SHA256, TLS_DHE_RSA_WITH_AES_256_CBC_SHA256, TLS_DHE_DSS_WITH_AES_256_CBC_SHA256, TLS_DHE_RSA_WITH_AES_128_CBC_SHA256, TLS_DHE_DSS_WITH_AES_128_CBC_SHA256, TLS_ECDH_ECDSA_WITH_AES_256_GCM_SHA384, TLS_ECDH_RSA_WITH_AES_256_GCM_SHA384, TLS_ECDH_ECDSA_WITH_AES_128_GCM_SHA256, TLS_ECDH_RSA_WITH_AES_128_GCM_SHA256, TLS_ECDH_ECDSA_WITH_AES_256_CBC_SHA384, TLS_ECDH_RSA_WITH_AES_256_CBC_SHA384, TLS_ECDH_ECDSA_WITH_AES_128_CBC_SHA256, TLS_ECDH_RSA_WITH_AES_128_CBC_SHA256, TLS_ECDHE_ECDSA_WITH_AES_256_CBC_SHA, TLS_ECDHE_RSA_WITH_AES_256_CBC_SHA, TLS_ECDHE_ECDSA_WITH_AES_128_CBC_SHA, TLS_ECDHE_RSA_WITH_AES_128_CBC_SHA, TLS_DHE_RSA_WITH_AES_256_CBC_SHA, TLS_DHE_DSS_WITH_AES_256_CBC_SHA, TLS_DHE_RSA_WITH_AES_128_CBC_SHA, TLS_DHE_DSS_WITH_AES_128_CBC_SHA, TLS_ECDH_ECDSA_WITH_AES_256_CBC_SHA, TLS_ECDH_RSA_WITH_AES_256_CBC_SHA, TLS_ECDH_ECDSA_WITH_AES_128_CBC_SHA, TLS_ECDH_RSA_WITH_AES_128_CBC_SHA, TLS_RSA_WITH_AES_256_GCM_SHA384, TLS_RSA_WITH_AES_128_GCM_SHA256, TLS_RSA_WITH_AES_256_CBC_SHA256, TLS_RSA_WITH_AES_128_CBC_SHA256, TLS_RSA_WITH_AES_256_CBC_SHA, TLS_RSA_WITH_AES_128_CBC_SHA, TLS_EMPTY_RENEGOTIATION_INFO_SCSV]
19:59:55.017 [main] DEBUG org.apache.http.conn.ssl.SSLConnectionSocketFactory -- Starting handshake
19:59:55.048 [main] DEBUG org.apache.http.conn.ssl.SSLConnectionSocketFactory -- Secure session established
19:59:55.048 [main] DEBUG org.apache.http.conn.ssl.SSLConnectionSocketFactory --  negotiated protocol: TLSv1.3
19:59:55.048 [main] DEBUG org.apache.http.conn.ssl.SSLConnectionSocketFactory --  negotiated cipher suite: TLS_AES_256_GCM_SHA384
19:59:55.048 [main] DEBUG org.apache.http.conn.ssl.SSLConnectionSocketFactory --  peer principal: CN=reqres.in
19:59:55.048 [main] DEBUG org.apache.http.conn.ssl.SSLConnectionSocketFactory --  peer alternative names: [reqres.in, *.reqres.in]
19:59:55.048 [main] DEBUG org.apache.http.conn.ssl.SSLConnectionSocketFactory --  issuer principal: CN=WE1, O=Google Trust Services, C=US
19:59:55.048 [main] DEBUG org.apache.http.impl.conn.DefaultHttpClientConnectionOperator -- Connection established 192.168.1.20:56989<->104.26.10.213:443
19:59:55.048 [main] DEBUG org.apache.http.impl.conn.DefaultManagedHttpClientConnection -- http-outgoing-1: set socket timeout to 5000
19:59:55.048 [main] DEBUG org.apache.http.impl.execchain.MainClientExec -- Executing request POST /api/login HTTP/1.1
19:59:55.048 [main] DEBUG org.apache.http.impl.execchain.MainClientExec -- Target auth state: UNCHALLENGED
19:59:55.048 [main] DEBUG org.apache.http.impl.execchain.MainClientExec -- Proxy auth state: UNCHALLENGED
19:59:55.048 [main] DEBUG org.apache.http.headers -- http-outgoing-1 >> POST /api/login HTTP/1.1
19:59:55.048 [main] DEBUG org.apache.http.headers -- http-outgoing-1 >> Content-Type: application/json; charset=UTF-8
19:59:55.048 [main] DEBUG org.apache.http.headers -- http-outgoing-1 >> x-api-key: reqres-free-v1
19:59:55.048 [main] DEBUG org.apache.http.headers -- http-outgoing-1 >> Content-Length: 44
19:59:55.048 [main] DEBUG org.apache.http.headers -- http-outgoing-1 >> Host: reqres.in
19:59:55.048 [main] DEBUG org.apache.http.headers -- http-outgoing-1 >> Connection: Keep-Alive
19:59:55.048 [main] DEBUG org.apache.http.headers -- http-outgoing-1 >> User-Agent: Apache-HttpClient/4.5.14 (Java/17.0.9)
19:59:55.048 [main] DEBUG org.apache.http.headers -- http-outgoing-1 >> Accept-Encoding: gzip,deflate
19:59:55.049 [main] DEBUG org.apache.http.wire -- http-outgoing-1 >> "POST /api/login HTTP/1.1[\r][\n]"
19:59:55.049 [main] DEBUG org.apache.http.wire -- http-outgoing-1 >> "Content-Type: application/json; charset=UTF-8[\r][\n]"
19:59:55.049 [main] DEBUG org.apache.http.wire -- http-outgoing-1 >> "x-api-key: reqres-free-v1[\r][\n]"
19:59:55.049 [main] DEBUG org.apache.http.wire -- http-outgoing-1 >> "Content-Length: 44[\r][\n]"
19:59:55.049 [main] DEBUG org.apache.http.wire -- http-outgoing-1 >> "Host: reqres.in[\r][\n]"
19:59:55.049 [main] DEBUG org.apache.http.wire -- http-outgoing-1 >> "Connection: Keep-Alive[\r][\n]"
19:59:55.049 [main] DEBUG org.apache.http.wire -- http-outgoing-1 >> "User-Agent: Apache-HttpClient/4.5.14 (Java/17.0.9)[\r][\n]"
19:59:55.049 [main] DEBUG org.apache.http.wire -- http-outgoing-1 >> "Accept-Encoding: gzip,deflate[\r][\n]"
19:59:55.049 [main] DEBUG org.apache.http.wire -- http-outgoing-1 >> "[\r][\n]"
19:59:55.049 [main] DEBUG org.apache.http.wire -- http-outgoing-1 >> "{"email":"eve.holt@reqres.in","password":""}"
19:59:55.620 [main] DEBUG org.apache.http.wire -- http-outgoing-1 << "HTTP/1.1 400 Bad Request[\r][\n]"
19:59:55.621 [main] DEBUG org.apache.http.wire -- http-outgoing-1 << "Date: Mon, 16 Jun 2025 12:59:54 GMT[\r][\n]"
19:59:55.621 [main] DEBUG org.apache.http.wire -- http-outgoing-1 << "Content-Type: application/json; charset=utf-8[\r][\n]"
19:59:55.621 [main] DEBUG org.apache.http.wire -- http-outgoing-1 << "Content-Length: 28[\r][\n]"
19:59:55.621 [main] DEBUG org.apache.http.wire -- http-outgoing-1 << "Connection: keep-alive[\r][\n]"
19:59:55.621 [main] DEBUG org.apache.http.wire -- http-outgoing-1 << "Cf-Ray: 950a7cb1195a0478-HKG[\r][\n]"
19:59:55.621 [main] DEBUG org.apache.http.wire -- http-outgoing-1 << "Report-To: {"group":"heroku-nel","max_age":3600,"endpoints":[{"url":"https://nel.heroku.com/reports?ts=1750078794&sid=c4c9725f-1ab0-44d8-820f-430df2718e11&s=DihilBXgVzbsa4TlVT8WHPNR%2FRqwh6YNtRMOetR1jTs%3D"}]}[\r][\n]"
19:59:55.621 [main] DEBUG org.apache.http.wire -- http-outgoing-1 << "Reporting-Endpoints: heroku-nel=https://nel.heroku.com/reports?ts=1750078794&sid=c4c9725f-1ab0-44d8-820f-430df2718e11&s=DihilBXgVzbsa4TlVT8WHPNR%2FRqwh6YNtRMOetR1jTs%3D[\r][\n]"
19:59:55.621 [main] DEBUG org.apache.http.wire -- http-outgoing-1 << "Nel: {"report_to":"heroku-nel","max_age":3600,"success_fraction":0.005,"failure_fraction":0.05,"response_headers":["Via"]}[\r][\n]"
19:59:55.621 [main] DEBUG org.apache.http.wire -- http-outgoing-1 << "X-Powered-By: Express[\r][\n]"
19:59:55.621 [main] DEBUG org.apache.http.wire -- http-outgoing-1 << "Access-Control-Allow-Origin: *[\r][\n]"
19:59:55.621 [main] DEBUG org.apache.http.wire -- http-outgoing-1 << "Ratelimit-Policy: 100;w=60[\r][\n]"
19:59:55.621 [main] DEBUG org.apache.http.wire -- http-outgoing-1 << "Ratelimit-Limit: 100[\r][\n]"
19:59:55.621 [main] DEBUG org.apache.http.wire -- http-outgoing-1 << "Ratelimit-Remaining: 96[\r][\n]"
19:59:55.621 [main] DEBUG org.apache.http.wire -- http-outgoing-1 << "Ratelimit-Reset: 60[\r][\n]"
19:59:55.621 [main] DEBUG org.apache.http.wire -- http-outgoing-1 << "Etag: W/"1c-NmpazMScs9tOqR7eDEesn+pqC9Q"[\r][\n]"
19:59:55.621 [main] DEBUG org.apache.http.wire -- http-outgoing-1 << "Via: 1.1 vegur[\r][\n]"
19:59:55.621 [main] DEBUG org.apache.http.wire -- http-outgoing-1 << "Cf-Cache-Status: DYNAMIC[\r][\n]"
19:59:55.621 [main] DEBUG org.apache.http.wire -- http-outgoing-1 << "Server: cloudflare[\r][\n]"
19:59:55.621 [main] DEBUG org.apache.http.wire -- http-outgoing-1 << "server-timing: cfL4;desc="?proto=TCP&rtt=22850&min_rtt=22683&rtt_var=8840&sent=4&recv=6&lost=0&retrans=0&sent_bytes=219&recv_bytes=1341&delivery_rate=60452&cwnd=250&unsent_bytes=0&cid=ebab9205019d06fd&ts=576&x=0"[\r][\n]"
19:59:55.621 [main] DEBUG org.apache.http.wire -- http-outgoing-1 << "[\r][\n]"
19:59:55.621 [main] DEBUG org.apache.http.wire -- http-outgoing-1 << "{"error":"Missing password"}"
19:59:55.621 [main] DEBUG org.apache.http.headers -- http-outgoing-1 << HTTP/1.1 400 Bad Request
19:59:55.621 [main] DEBUG org.apache.http.headers -- http-outgoing-1 << Date: Mon, 16 Jun 2025 12:59:54 GMT
19:59:55.621 [main] DEBUG org.apache.http.headers -- http-outgoing-1 << Content-Type: application/json; charset=utf-8
19:59:55.621 [main] DEBUG org.apache.http.headers -- http-outgoing-1 << Content-Length: 28
19:59:55.622 [main] DEBUG org.apache.http.headers -- http-outgoing-1 << Connection: keep-alive
19:59:55.622 [main] DEBUG org.apache.http.headers -- http-outgoing-1 << Cf-Ray: 950a7cb1195a0478-HKG
19:59:55.622 [main] DEBUG org.apache.http.headers -- http-outgoing-1 << Report-To: {"group":"heroku-nel","max_age":3600,"endpoints":[{"url":"https://nel.heroku.com/reports?ts=1750078794&sid=c4c9725f-1ab0-44d8-820f-430df2718e11&s=DihilBXgVzbsa4TlVT8WHPNR%2FRqwh6YNtRMOetR1jTs%3D"}]}
19:59:55.622 [main] DEBUG org.apache.http.headers -- http-outgoing-1 << Reporting-Endpoints: heroku-nel=https://nel.heroku.com/reports?ts=1750078794&sid=c4c9725f-1ab0-44d8-820f-430df2718e11&s=DihilBXgVzbsa4TlVT8WHPNR%2FRqwh6YNtRMOetR1jTs%3D
19:59:55.622 [main] DEBUG org.apache.http.headers -- http-outgoing-1 << Nel: {"report_to":"heroku-nel","max_age":3600,"success_fraction":0.005,"failure_fraction":0.05,"response_headers":["Via"]}
19:59:55.622 [main] DEBUG org.apache.http.headers -- http-outgoing-1 << X-Powered-By: Express
19:59:55.622 [main] DEBUG org.apache.http.headers -- http-outgoing-1 << Access-Control-Allow-Origin: *
19:59:55.622 [main] DEBUG org.apache.http.headers -- http-outgoing-1 << Ratelimit-Policy: 100;w=60
19:59:55.622 [main] DEBUG org.apache.http.headers -- http-outgoing-1 << Ratelimit-Limit: 100
19:59:55.622 [main] DEBUG org.apache.http.headers -- http-outgoing-1 << Ratelimit-Remaining: 96
19:59:55.622 [main] DEBUG org.apache.http.headers -- http-outgoing-1 << Ratelimit-Reset: 60
19:59:55.622 [main] DEBUG org.apache.http.headers -- http-outgoing-1 << Etag: W/"1c-NmpazMScs9tOqR7eDEesn+pqC9Q"
19:59:55.622 [main] DEBUG org.apache.http.headers -- http-outgoing-1 << Via: 1.1 vegur
19:59:55.622 [main] DEBUG org.apache.http.headers -- http-outgoing-1 << Cf-Cache-Status: DYNAMIC
19:59:55.622 [main] DEBUG org.apache.http.headers -- http-outgoing-1 << Server: cloudflare
19:59:55.622 [main] DEBUG org.apache.http.headers -- http-outgoing-1 << server-timing: cfL4;desc="?proto=TCP&rtt=22850&min_rtt=22683&rtt_var=8840&sent=4&recv=6&lost=0&retrans=0&sent_bytes=219&recv_bytes=1341&delivery_rate=60452&cwnd=250&unsent_bytes=0&cid=ebab9205019d06fd&ts=576&x=0"
19:59:55.622 [main] DEBUG org.apache.http.impl.execchain.MainClientExec -- Connection can be kept alive indefinitely
19:59:55.622 [main] DEBUG org.apache.http.impl.conn.PoolingHttpClientConnectionManager -- Connection [id: 1][route: {s}->https://reqres.in:443] can be kept alive indefinitely
19:59:55.622 [main] DEBUG org.apache.http.impl.conn.DefaultManagedHttpClientConnection -- http-outgoing-1: set socket timeout to 0
19:59:55.623 [main] DEBUG org.apache.http.impl.conn.PoolingHttpClientConnectionManager -- Connection released: [id: 1][route: {s}->https://reqres.in:443][total available: 1; route allocated: 1 of 5; total allocated: 1 of 10]
19:59:55.623 [main] DEBUG org.apache.http.impl.conn.PoolingHttpClientConnectionManager -- Connection manager is shutting down
19:59:55.623 [main] DEBUG org.apache.http.impl.conn.DefaultManagedHttpClientConnection -- http-outgoing-1: Close connection
19:59:55.624 [main] DEBUG org.apache.http.impl.conn.PoolingHttpClientConnectionManager -- Connection manager shut down
19:59:55.624 [main] DEBUG com.intuit.karate -- response time in milliseconds: 631
1 < 400
1 < Date: Mon, 16 Jun 2025 12:59:54 GMT
1 < Content-Type: application/json; charset=utf-8
1 < Content-Length: 28
1 < Connection: keep-alive
1 < Cf-Ray: 950a7cb1195a0478-HKG
1 < Report-To: {"group":"heroku-nel","max_age":3600,"endpoints":[{"url":"https://nel.heroku.com/reports?ts=1750078794&sid=c4c9725f-1ab0-44d8-820f-430df2718e11&s=DihilBXgVzbsa4TlVT8WHPNR%2FRqwh6YNtRMOetR1jTs%3D"}]}
1 < Reporting-Endpoints: heroku-nel=https://nel.heroku.com/reports?ts=1750078794&sid=c4c9725f-1ab0-44d8-820f-430df2718e11&s=DihilBXgVzbsa4TlVT8WHPNR%2FRqwh6YNtRMOetR1jTs%3D
1 < Nel: {"report_to":"heroku-nel","max_age":3600,"success_fraction":0.005,"failure_fraction":0.05,"response_headers":["Via"]}
1 < X-Powered-By: Express
1 < Access-Control-Allow-Origin: *
1 < Ratelimit-Policy: 100;w=60
1 < Ratelimit-Limit: 100
1 < Ratelimit-Remaining: 96
1 < Ratelimit-Reset: 60
1 < Etag: W/"1c-NmpazMScs9tOqR7eDEesn+pqC9Q"
1 < Via: 1.1 vegur
1 < Cf-Cache-Status: DYNAMIC
1 < Server: cloudflare
1 < server-timing: cfL4;desc="?proto=TCP&rtt=22850&min_rtt=22683&rtt_var=8840&sent=4&recv=6&lost=0&retrans=0&sent_bytes=219&recv_bytes=1341&delivery_rate=60452&cwnd=250&unsent_bytes=0&cid=ebab9205019d06fd&ts=576&x=0"
{
  "error": "Missing password"
}


19:59:55.626 [main] INFO com.intuit.karate -- [print] Calling login API v?i email: eve.holt@reqres.in password:  
19:59:55.627 [main] INFO com.intuit.karate -- [print] Response status: 400 body: {
  "error": "Missing password"
}
 
19:59:55.627 [main] INFO com.intuit.karate -- Test Case Data: {
  "email": "eve.holt@reqres.in",
  "password": "",
  "expectedStatus": 400.0,
  "expectedResult": "Missing password",
  "testDescription": "Login without password",
  "responseStatus": "",
  "result": ""
}
 
19:59:55.628 [main] INFO com.intuit.karate -- Expected Status: 400.0 
19:59:55.628 [main] INFO com.intuit.karate -- Expected Result: Missing password 
19:59:55.628 [main] INFO com.intuit.karate -- Actual Status: 400 
19:59:55.628 [main] INFO com.intuit.karate -- Is Expected Status: true 
19:59:55.628 [main] INFO com.intuit.karate -- Test case #2 - Status: 400, Result: {"error":"Missing password"} 
19:59:55.629 [main] INFO com.intuit.karate -- ?ang ch?y test case #3: Login with invalid email 
19:59:55.638 [main] INFO com.intuit.karate -- karate.env system property was: null 
19:59:55.641 [main] DEBUG com.jayway.jsonpath.internal.path.CompiledPath -- Evaluating path: $
19:59:55.643 [main] DEBUG org.apache.http.client.protocol.RequestAddCookies -- CookieSpec selected: karate
19:59:55.643 [main] DEBUG org.apache.http.client.protocol.RequestAuthCache -- Auth cache not set in the context
19:59:55.643 [main] DEBUG com.intuit.karate -- request:
1 > POST https://reqres.in/api/login
1 > Content-Type: application/json; charset=UTF-8
1 > x-api-key: reqres-free-v1
1 > Content-Length: 54
1 > Host: reqres.in
1 > Connection: Keep-Alive
1 > User-Agent: Apache-HttpClient/4.5.14 (Java/17.0.9)
1 > Accept-Encoding: gzip,deflate
{
  "email": "invalid@email.com",
  "password": "password123"
}


19:59:55.643 [main] DEBUG org.apache.http.impl.conn.PoolingHttpClientConnectionManager -- Connection request: [route: {s}->https://reqres.in:443][total available: 0; route allocated: 0 of 5; total allocated: 0 of 10]
19:59:55.643 [main] DEBUG org.apache.http.impl.conn.PoolingHttpClientConnectionManager -- Connection leased: [id: 2][route: {s}->https://reqres.in:443][total available: 0; route allocated: 1 of 5; total allocated: 1 of 10]
19:59:55.643 [main] DEBUG org.apache.http.impl.execchain.MainClientExec -- Opening connection {s}->https://reqres.in:443
19:59:55.644 [main] DEBUG org.apache.http.impl.conn.DefaultHttpClientConnectionOperator -- Connecting to reqres.in/104.26.10.213:443
19:59:55.644 [main] DEBUG org.apache.http.conn.ssl.SSLConnectionSocketFactory -- Connecting socket to reqres.in/104.26.10.213:443 with timeout 5000
19:59:55.671 [main] DEBUG org.apache.http.conn.ssl.SSLConnectionSocketFactory -- Enabled protocols: [TLSv1.3, TLSv1.2]
19:59:55.671 [main] DEBUG org.apache.http.conn.ssl.SSLConnectionSocketFactory -- Enabled cipher suites:[TLS_AES_256_GCM_SHA384, TLS_AES_128_GCM_SHA256, TLS_CHACHA20_POLY1305_SHA256, TLS_ECDHE_ECDSA_WITH_AES_256_GCM_SHA384, TLS_ECDHE_ECDSA_WITH_AES_128_GCM_SHA256, TLS_ECDHE_ECDSA_WITH_CHACHA20_POLY1305_SHA256, TLS_ECDHE_RSA_WITH_AES_256_GCM_SHA384, TLS_ECDHE_RSA_WITH_CHACHA20_POLY1305_SHA256, TLS_ECDHE_RSA_WITH_AES_128_GCM_SHA256, TLS_DHE_RSA_WITH_AES_256_GCM_SHA384, TLS_DHE_RSA_WITH_CHACHA20_POLY1305_SHA256, TLS_DHE_DSS_WITH_AES_256_GCM_SHA384, TLS_DHE_RSA_WITH_AES_128_GCM_SHA256, TLS_DHE_DSS_WITH_AES_128_GCM_SHA256, TLS_ECDHE_ECDSA_WITH_AES_256_CBC_SHA384, TLS_ECDHE_RSA_WITH_AES_256_CBC_SHA384, TLS_ECDHE_ECDSA_WITH_AES_128_CBC_SHA256, TLS_ECDHE_RSA_WITH_AES_128_CBC_SHA256, TLS_DHE_RSA_WITH_AES_256_CBC_SHA256, TLS_DHE_DSS_WITH_AES_256_CBC_SHA256, TLS_DHE_RSA_WITH_AES_128_CBC_SHA256, TLS_DHE_DSS_WITH_AES_128_CBC_SHA256, TLS_ECDH_ECDSA_WITH_AES_256_GCM_SHA384, TLS_ECDH_RSA_WITH_AES_256_GCM_SHA384, TLS_ECDH_ECDSA_WITH_AES_128_GCM_SHA256, TLS_ECDH_RSA_WITH_AES_128_GCM_SHA256, TLS_ECDH_ECDSA_WITH_AES_256_CBC_SHA384, TLS_ECDH_RSA_WITH_AES_256_CBC_SHA384, TLS_ECDH_ECDSA_WITH_AES_128_CBC_SHA256, TLS_ECDH_RSA_WITH_AES_128_CBC_SHA256, TLS_ECDHE_ECDSA_WITH_AES_256_CBC_SHA, TLS_ECDHE_RSA_WITH_AES_256_CBC_SHA, TLS_ECDHE_ECDSA_WITH_AES_128_CBC_SHA, TLS_ECDHE_RSA_WITH_AES_128_CBC_SHA, TLS_DHE_RSA_WITH_AES_256_CBC_SHA, TLS_DHE_DSS_WITH_AES_256_CBC_SHA, TLS_DHE_RSA_WITH_AES_128_CBC_SHA, TLS_DHE_DSS_WITH_AES_128_CBC_SHA, TLS_ECDH_ECDSA_WITH_AES_256_CBC_SHA, TLS_ECDH_RSA_WITH_AES_256_CBC_SHA, TLS_ECDH_ECDSA_WITH_AES_128_CBC_SHA, TLS_ECDH_RSA_WITH_AES_128_CBC_SHA, TLS_RSA_WITH_AES_256_GCM_SHA384, TLS_RSA_WITH_AES_128_GCM_SHA256, TLS_RSA_WITH_AES_256_CBC_SHA256, TLS_RSA_WITH_AES_128_CBC_SHA256, TLS_RSA_WITH_AES_256_CBC_SHA, TLS_RSA_WITH_AES_128_CBC_SHA, TLS_EMPTY_RENEGOTIATION_INFO_SCSV]
19:59:55.671 [main] DEBUG org.apache.http.conn.ssl.SSLConnectionSocketFactory -- Starting handshake
19:59:55.705 [main] DEBUG org.apache.http.conn.ssl.SSLConnectionSocketFactory -- Secure session established
19:59:55.705 [main] DEBUG org.apache.http.conn.ssl.SSLConnectionSocketFactory --  negotiated protocol: TLSv1.3
19:59:55.707 [main] DEBUG org.apache.http.conn.ssl.SSLConnectionSocketFactory --  negotiated cipher suite: TLS_AES_256_GCM_SHA384
19:59:55.707 [main] DEBUG org.apache.http.conn.ssl.SSLConnectionSocketFactory --  peer principal: CN=reqres.in
19:59:55.707 [main] DEBUG org.apache.http.conn.ssl.SSLConnectionSocketFactory --  peer alternative names: [reqres.in, *.reqres.in]
19:59:55.707 [main] DEBUG org.apache.http.conn.ssl.SSLConnectionSocketFactory --  issuer principal: CN=WE1, O=Google Trust Services, C=US
19:59:55.707 [main] DEBUG org.apache.http.impl.conn.DefaultHttpClientConnectionOperator -- Connection established 192.168.1.20:56990<->104.26.10.213:443
19:59:55.707 [main] DEBUG org.apache.http.impl.conn.DefaultManagedHttpClientConnection -- http-outgoing-2: set socket timeout to 5000
19:59:55.707 [main] DEBUG org.apache.http.impl.execchain.MainClientExec -- Executing request POST /api/login HTTP/1.1
19:59:55.707 [main] DEBUG org.apache.http.impl.execchain.MainClientExec -- Target auth state: UNCHALLENGED
19:59:55.707 [main] DEBUG org.apache.http.impl.execchain.MainClientExec -- Proxy auth state: UNCHALLENGED
19:59:55.707 [main] DEBUG org.apache.http.headers -- http-outgoing-2 >> POST /api/login HTTP/1.1
19:59:55.707 [main] DEBUG org.apache.http.headers -- http-outgoing-2 >> Content-Type: application/json; charset=UTF-8
19:59:55.707 [main] DEBUG org.apache.http.headers -- http-outgoing-2 >> x-api-key: reqres-free-v1
19:59:55.707 [main] DEBUG org.apache.http.headers -- http-outgoing-2 >> Content-Length: 54
19:59:55.707 [main] DEBUG org.apache.http.headers -- http-outgoing-2 >> Host: reqres.in
19:59:55.707 [main] DEBUG org.apache.http.headers -- http-outgoing-2 >> Connection: Keep-Alive
19:59:55.707 [main] DEBUG org.apache.http.headers -- http-outgoing-2 >> User-Agent: Apache-HttpClient/4.5.14 (Java/17.0.9)
19:59:55.707 [main] DEBUG org.apache.http.headers -- http-outgoing-2 >> Accept-Encoding: gzip,deflate
19:59:55.707 [main] DEBUG org.apache.http.wire -- http-outgoing-2 >> "POST /api/login HTTP/1.1[\r][\n]"
19:59:55.707 [main] DEBUG org.apache.http.wire -- http-outgoing-2 >> "Content-Type: application/json; charset=UTF-8[\r][\n]"
19:59:55.707 [main] DEBUG org.apache.http.wire -- http-outgoing-2 >> "x-api-key: reqres-free-v1[\r][\n]"
19:59:55.707 [main] DEBUG org.apache.http.wire -- http-outgoing-2 >> "Content-Length: 54[\r][\n]"
19:59:55.707 [main] DEBUG org.apache.http.wire -- http-outgoing-2 >> "Host: reqres.in[\r][\n]"
19:59:55.707 [main] DEBUG org.apache.http.wire -- http-outgoing-2 >> "Connection: Keep-Alive[\r][\n]"
19:59:55.707 [main] DEBUG org.apache.http.wire -- http-outgoing-2 >> "User-Agent: Apache-HttpClient/4.5.14 (Java/17.0.9)[\r][\n]"
19:59:55.707 [main] DEBUG org.apache.http.wire -- http-outgoing-2 >> "Accept-Encoding: gzip,deflate[\r][\n]"
19:59:55.707 [main] DEBUG org.apache.http.wire -- http-outgoing-2 >> "[\r][\n]"
19:59:55.707 [main] DEBUG org.apache.http.wire -- http-outgoing-2 >> "{"email":"invalid@email.com","password":"password123"}"
19:59:56.280 [main] DEBUG org.apache.http.wire -- http-outgoing-2 << "HTTP/1.1 400 Bad Request[\r][\n]"
19:59:56.280 [main] DEBUG org.apache.http.wire -- http-outgoing-2 << "Date: Mon, 16 Jun 2025 12:59:55 GMT[\r][\n]"
19:59:56.280 [main] DEBUG org.apache.http.wire -- http-outgoing-2 << "Content-Type: application/json; charset=utf-8[\r][\n]"
19:59:56.280 [main] DEBUG org.apache.http.wire -- http-outgoing-2 << "Content-Length: 26[\r][\n]"
19:59:56.280 [main] DEBUG org.apache.http.wire -- http-outgoing-2 << "Connection: keep-alive[\r][\n]"
19:59:56.280 [main] DEBUG org.apache.http.wire -- http-outgoing-2 << "Cf-Ray: 950a7cb53e6a043d-HKG[\r][\n]"
19:59:56.281 [main] DEBUG org.apache.http.wire -- http-outgoing-2 << "Report-To: {"group":"heroku-nel","max_age":3600,"endpoints":[{"url":"https://nel.heroku.com/reports?ts=1750078795&sid=c4c9725f-1ab0-44d8-820f-430df2718e11&s=u3oq4%2BjpWCuvAk5CBANXV71EOtzwAB8UPkmW2Pden4k%3D"}]}[\r][\n]"
19:59:56.281 [main] DEBUG org.apache.http.wire -- http-outgoing-2 << "Reporting-Endpoints: heroku-nel=https://nel.heroku.com/reports?ts=1750078795&sid=c4c9725f-1ab0-44d8-820f-430df2718e11&s=u3oq4%2BjpWCuvAk5CBANXV71EOtzwAB8UPkmW2Pden4k%3D[\r][\n]"
19:59:56.281 [main] DEBUG org.apache.http.wire -- http-outgoing-2 << "Nel: {"report_to":"heroku-nel","max_age":3600,"success_fraction":0.005,"failure_fraction":0.05,"response_headers":["Via"]}[\r][\n]"
19:59:56.281 [main] DEBUG org.apache.http.wire -- http-outgoing-2 << "X-Powered-By: Express[\r][\n]"
19:59:56.281 [main] DEBUG org.apache.http.wire -- http-outgoing-2 << "Access-Control-Allow-Origin: *[\r][\n]"
19:59:56.281 [main] DEBUG org.apache.http.wire -- http-outgoing-2 << "Ratelimit-Policy: 100;w=60[\r][\n]"
19:59:56.281 [main] DEBUG org.apache.http.wire -- http-outgoing-2 << "Ratelimit-Limit: 100[\r][\n]"
19:59:56.281 [main] DEBUG org.apache.http.wire -- http-outgoing-2 << "Ratelimit-Remaining: 94[\r][\n]"
19:59:56.281 [main] DEBUG org.apache.http.wire -- http-outgoing-2 << "Ratelimit-Reset: 59[\r][\n]"
19:59:56.281 [main] DEBUG org.apache.http.wire -- http-outgoing-2 << "Etag: W/"1a-EGIcyP6BIiCXl5Gb1aph5CGf4VQ"[\r][\n]"
19:59:56.281 [main] DEBUG org.apache.http.wire -- http-outgoing-2 << "Via: 1.1 vegur[\r][\n]"
19:59:56.281 [main] DEBUG org.apache.http.wire -- http-outgoing-2 << "Cf-Cache-Status: DYNAMIC[\r][\n]"
19:59:56.281 [main] DEBUG org.apache.http.wire -- http-outgoing-2 << "Server: cloudflare[\r][\n]"
19:59:56.281 [main] DEBUG org.apache.http.wire -- http-outgoing-2 << "server-timing: cfL4;desc="?proto=TCP&rtt=26386&min_rtt=26105&rtt_var=10352&sent=4&recv=6&lost=0&retrans=0&sent_bytes=219&recv_bytes=1351&delivery_rate=51207&cwnd=250&unsent_bytes=0&cid=36820f3a18951321&ts=577&x=0"[\r][\n]"
19:59:56.281 [main] DEBUG org.apache.http.wire -- http-outgoing-2 << "[\r][\n]"
19:59:56.281 [main] DEBUG org.apache.http.wire -- http-outgoing-2 << "{"error":"user not found"}"
19:59:56.281 [main] DEBUG org.apache.http.headers -- http-outgoing-2 << HTTP/1.1 400 Bad Request
19:59:56.281 [main] DEBUG org.apache.http.headers -- http-outgoing-2 << Date: Mon, 16 Jun 2025 12:59:55 GMT
19:59:56.281 [main] DEBUG org.apache.http.headers -- http-outgoing-2 << Content-Type: application/json; charset=utf-8
19:59:56.281 [main] DEBUG org.apache.http.headers -- http-outgoing-2 << Content-Length: 26
19:59:56.281 [main] DEBUG org.apache.http.headers -- http-outgoing-2 << Connection: keep-alive
19:59:56.281 [main] DEBUG org.apache.http.headers -- http-outgoing-2 << Cf-Ray: 950a7cb53e6a043d-HKG
19:59:56.281 [main] DEBUG org.apache.http.headers -- http-outgoing-2 << Report-To: {"group":"heroku-nel","max_age":3600,"endpoints":[{"url":"https://nel.heroku.com/reports?ts=1750078795&sid=c4c9725f-1ab0-44d8-820f-430df2718e11&s=u3oq4%2BjpWCuvAk5CBANXV71EOtzwAB8UPkmW2Pden4k%3D"}]}
19:59:56.281 [main] DEBUG org.apache.http.headers -- http-outgoing-2 << Reporting-Endpoints: heroku-nel=https://nel.heroku.com/reports?ts=1750078795&sid=c4c9725f-1ab0-44d8-820f-430df2718e11&s=u3oq4%2BjpWCuvAk5CBANXV71EOtzwAB8UPkmW2Pden4k%3D
19:59:56.281 [main] DEBUG org.apache.http.headers -- http-outgoing-2 << Nel: {"report_to":"heroku-nel","max_age":3600,"success_fraction":0.005,"failure_fraction":0.05,"response_headers":["Via"]}
19:59:56.281 [main] DEBUG org.apache.http.headers -- http-outgoing-2 << X-Powered-By: Express
19:59:56.281 [main] DEBUG org.apache.http.headers -- http-outgoing-2 << Access-Control-Allow-Origin: *
19:59:56.281 [main] DEBUG org.apache.http.headers -- http-outgoing-2 << Ratelimit-Policy: 100;w=60
19:59:56.282 [main] DEBUG org.apache.http.headers -- http-outgoing-2 << Ratelimit-Limit: 100
19:59:56.282 [main] DEBUG org.apache.http.headers -- http-outgoing-2 << Ratelimit-Remaining: 94
19:59:56.282 [main] DEBUG org.apache.http.headers -- http-outgoing-2 << Ratelimit-Reset: 59
19:59:56.282 [main] DEBUG org.apache.http.headers -- http-outgoing-2 << Etag: W/"1a-EGIcyP6BIiCXl5Gb1aph5CGf4VQ"
19:59:56.282 [main] DEBUG org.apache.http.headers -- http-outgoing-2 << Via: 1.1 vegur
19:59:56.282 [main] DEBUG org.apache.http.headers -- http-outgoing-2 << Cf-Cache-Status: DYNAMIC
19:59:56.282 [main] DEBUG org.apache.http.headers -- http-outgoing-2 << Server: cloudflare
19:59:56.282 [main] DEBUG org.apache.http.headers -- http-outgoing-2 << server-timing: cfL4;desc="?proto=TCP&rtt=26386&min_rtt=26105&rtt_var=10352&sent=4&recv=6&lost=0&retrans=0&sent_bytes=219&recv_bytes=1351&delivery_rate=51207&cwnd=250&unsent_bytes=0&cid=36820f3a18951321&ts=577&x=0"
19:59:56.282 [main] DEBUG org.apache.http.impl.execchain.MainClientExec -- Connection can be kept alive indefinitely
19:59:56.282 [main] DEBUG org.apache.http.impl.conn.PoolingHttpClientConnectionManager -- Connection [id: 2][route: {s}->https://reqres.in:443] can be kept alive indefinitely
19:59:56.282 [main] DEBUG org.apache.http.impl.conn.DefaultManagedHttpClientConnection -- http-outgoing-2: set socket timeout to 0
19:59:56.282 [main] DEBUG org.apache.http.impl.conn.PoolingHttpClientConnectionManager -- Connection released: [id: 2][route: {s}->https://reqres.in:443][total available: 1; route allocated: 1 of 5; total allocated: 1 of 10]
19:59:56.282 [main] DEBUG org.apache.http.impl.conn.PoolingHttpClientConnectionManager -- Connection manager is shutting down
19:59:56.282 [main] DEBUG org.apache.http.impl.conn.DefaultManagedHttpClientConnection -- http-outgoing-2: Close connection
19:59:56.283 [main] DEBUG org.apache.http.impl.conn.PoolingHttpClientConnectionManager -- Connection manager shut down
19:59:56.283 [main] DEBUG com.intuit.karate -- response time in milliseconds: 639
1 < 400
1 < Date: Mon, 16 Jun 2025 12:59:55 GMT
1 < Content-Type: application/json; charset=utf-8
1 < Content-Length: 26
1 < Connection: keep-alive
1 < Cf-Ray: 950a7cb53e6a043d-HKG
1 < Report-To: {"group":"heroku-nel","max_age":3600,"endpoints":[{"url":"https://nel.heroku.com/reports?ts=1750078795&sid=c4c9725f-1ab0-44d8-820f-430df2718e11&s=u3oq4%2BjpWCuvAk5CBANXV71EOtzwAB8UPkmW2Pden4k%3D"}]}
1 < Reporting-Endpoints: heroku-nel=https://nel.heroku.com/reports?ts=1750078795&sid=c4c9725f-1ab0-44d8-820f-430df2718e11&s=u3oq4%2BjpWCuvAk5CBANXV71EOtzwAB8UPkmW2Pden4k%3D
1 < Nel: {"report_to":"heroku-nel","max_age":3600,"success_fraction":0.005,"failure_fraction":0.05,"response_headers":["Via"]}
1 < X-Powered-By: Express
1 < Access-Control-Allow-Origin: *
1 < Ratelimit-Policy: 100;w=60
1 < Ratelimit-Limit: 100
1 < Ratelimit-Remaining: 94
1 < Ratelimit-Reset: 59
1 < Etag: W/"1a-EGIcyP6BIiCXl5Gb1aph5CGf4VQ"
1 < Via: 1.1 vegur
1 < Cf-Cache-Status: DYNAMIC
1 < Server: cloudflare
1 < server-timing: cfL4;desc="?proto=TCP&rtt=26386&min_rtt=26105&rtt_var=10352&sent=4&recv=6&lost=0&retrans=0&sent_bytes=219&recv_bytes=1351&delivery_rate=51207&cwnd=250&unsent_bytes=0&cid=36820f3a18951321&ts=577&x=0"
{
  "error": "user not found"
}


19:59:56.285 [main] INFO com.intuit.karate -- [print] Calling login API v?i email: invalid@email.com password: password123 
19:59:56.287 [main] INFO com.intuit.karate -- [print] Response status: 400 body: {
  "error": "user not found"
}
 
19:59:56.288 [main] INFO com.intuit.karate -- Test Case Data: {
  "email": "invalid@email.com",
  "password": "password123",
  "expectedStatus": 400.0,
  "expectedResult": "user not found",
  "testDescription": "Login with invalid email",
  "responseStatus": "",
  "result": ""
}
 
19:59:56.288 [main] INFO com.intuit.karate -- Expected Status: 400.0 
19:59:56.288 [main] INFO com.intuit.karate -- Expected Result: user not found 
19:59:56.289 [main] INFO com.intuit.karate -- Actual Status: 400 
19:59:56.289 [main] INFO com.intuit.karate -- Is Expected Status: true 
19:59:56.289 [main] INFO com.intuit.karate -- Test case #3 - Status: 400, Result: {"error":"user not found"} 
19:59:56.290 [main] INFO com.intuit.karate -- ?ang ch?y test case #4: Login without email 
19:59:56.304 [main] INFO com.intuit.karate -- karate.env system property was: null 
19:59:56.306 [main] DEBUG com.jayway.jsonpath.internal.path.CompiledPath -- Evaluating path: $
19:59:56.307 [main] DEBUG org.apache.http.client.protocol.RequestAddCookies -- CookieSpec selected: karate
19:59:56.307 [main] DEBUG org.apache.http.client.protocol.RequestAuthCache -- Auth cache not set in the context
19:59:56.308 [main] DEBUG com.intuit.karate -- request:
1 > POST https://reqres.in/api/login
1 > Content-Type: application/json; charset=UTF-8
1 > x-api-key: reqres-free-v1
1 > Content-Length: 37
1 > Host: reqres.in
1 > Connection: Keep-Alive
1 > User-Agent: Apache-HttpClient/4.5.14 (Java/17.0.9)
1 > Accept-Encoding: gzip,deflate
{
  "email": "",
  "password": "password123"
}


19:59:56.308 [main] DEBUG org.apache.http.impl.conn.PoolingHttpClientConnectionManager -- Connection request: [route: {s}->https://reqres.in:443][total available: 0; route allocated: 0 of 5; total allocated: 0 of 10]
19:59:56.308 [main] DEBUG org.apache.http.impl.conn.PoolingHttpClientConnectionManager -- Connection leased: [id: 3][route: {s}->https://reqres.in:443][total available: 0; route allocated: 1 of 5; total allocated: 1 of 10]
19:59:56.308 [main] DEBUG org.apache.http.impl.execchain.MainClientExec -- Opening connection {s}->https://reqres.in:443
19:59:56.308 [main] DEBUG org.apache.http.impl.conn.DefaultHttpClientConnectionOperator -- Connecting to reqres.in/104.26.10.213:443
19:59:56.308 [main] DEBUG org.apache.http.conn.ssl.SSLConnectionSocketFactory -- Connecting socket to reqres.in/104.26.10.213:443 with timeout 5000
19:59:56.333 [main] DEBUG org.apache.http.conn.ssl.SSLConnectionSocketFactory -- Enabled protocols: [TLSv1.3, TLSv1.2]
19:59:56.333 [main] DEBUG org.apache.http.conn.ssl.SSLConnectionSocketFactory -- Enabled cipher suites:[TLS_AES_256_GCM_SHA384, TLS_AES_128_GCM_SHA256, TLS_CHACHA20_POLY1305_SHA256, TLS_ECDHE_ECDSA_WITH_AES_256_GCM_SHA384, TLS_ECDHE_ECDSA_WITH_AES_128_GCM_SHA256, TLS_ECDHE_ECDSA_WITH_CHACHA20_POLY1305_SHA256, TLS_ECDHE_RSA_WITH_AES_256_GCM_SHA384, TLS_ECDHE_RSA_WITH_CHACHA20_POLY1305_SHA256, TLS_ECDHE_RSA_WITH_AES_128_GCM_SHA256, TLS_DHE_RSA_WITH_AES_256_GCM_SHA384, TLS_DHE_RSA_WITH_CHACHA20_POLY1305_SHA256, TLS_DHE_DSS_WITH_AES_256_GCM_SHA384, TLS_DHE_RSA_WITH_AES_128_GCM_SHA256, TLS_DHE_DSS_WITH_AES_128_GCM_SHA256, TLS_ECDHE_ECDSA_WITH_AES_256_CBC_SHA384, TLS_ECDHE_RSA_WITH_AES_256_CBC_SHA384, TLS_ECDHE_ECDSA_WITH_AES_128_CBC_SHA256, TLS_ECDHE_RSA_WITH_AES_128_CBC_SHA256, TLS_DHE_RSA_WITH_AES_256_CBC_SHA256, TLS_DHE_DSS_WITH_AES_256_CBC_SHA256, TLS_DHE_RSA_WITH_AES_128_CBC_SHA256, TLS_DHE_DSS_WITH_AES_128_CBC_SHA256, TLS_ECDH_ECDSA_WITH_AES_256_GCM_SHA384, TLS_ECDH_RSA_WITH_AES_256_GCM_SHA384, TLS_ECDH_ECDSA_WITH_AES_128_GCM_SHA256, TLS_ECDH_RSA_WITH_AES_128_GCM_SHA256, TLS_ECDH_ECDSA_WITH_AES_256_CBC_SHA384, TLS_ECDH_RSA_WITH_AES_256_CBC_SHA384, TLS_ECDH_ECDSA_WITH_AES_128_CBC_SHA256, TLS_ECDH_RSA_WITH_AES_128_CBC_SHA256, TLS_ECDHE_ECDSA_WITH_AES_256_CBC_SHA, TLS_ECDHE_RSA_WITH_AES_256_CBC_SHA, TLS_ECDHE_ECDSA_WITH_AES_128_CBC_SHA, TLS_ECDHE_RSA_WITH_AES_128_CBC_SHA, TLS_DHE_RSA_WITH_AES_256_CBC_SHA, TLS_DHE_DSS_WITH_AES_256_CBC_SHA, TLS_DHE_RSA_WITH_AES_128_CBC_SHA, TLS_DHE_DSS_WITH_AES_128_CBC_SHA, TLS_ECDH_ECDSA_WITH_AES_256_CBC_SHA, TLS_ECDH_RSA_WITH_AES_256_CBC_SHA, TLS_ECDH_ECDSA_WITH_AES_128_CBC_SHA, TLS_ECDH_RSA_WITH_AES_128_CBC_SHA, TLS_RSA_WITH_AES_256_GCM_SHA384, TLS_RSA_WITH_AES_128_GCM_SHA256, TLS_RSA_WITH_AES_256_CBC_SHA256, TLS_RSA_WITH_AES_128_CBC_SHA256, TLS_RSA_WITH_AES_256_CBC_SHA, TLS_RSA_WITH_AES_128_CBC_SHA, TLS_EMPTY_RENEGOTIATION_INFO_SCSV]
19:59:56.333 [main] DEBUG org.apache.http.conn.ssl.SSLConnectionSocketFactory -- Starting handshake
19:59:56.364 [main] DEBUG org.apache.http.conn.ssl.SSLConnectionSocketFactory -- Secure session established
19:59:56.365 [main] DEBUG org.apache.http.conn.ssl.SSLConnectionSocketFactory --  negotiated protocol: TLSv1.3
19:59:56.365 [main] DEBUG org.apache.http.conn.ssl.SSLConnectionSocketFactory --  negotiated cipher suite: TLS_AES_256_GCM_SHA384
19:59:56.365 [main] DEBUG org.apache.http.conn.ssl.SSLConnectionSocketFactory --  peer principal: CN=reqres.in
19:59:56.365 [main] DEBUG org.apache.http.conn.ssl.SSLConnectionSocketFactory --  peer alternative names: [reqres.in, *.reqres.in]
19:59:56.366 [main] DEBUG org.apache.http.conn.ssl.SSLConnectionSocketFactory --  issuer principal: CN=WE1, O=Google Trust Services, C=US
19:59:56.366 [main] DEBUG org.apache.http.impl.conn.DefaultHttpClientConnectionOperator -- Connection established 192.168.1.20:56991<->104.26.10.213:443
19:59:56.366 [main] DEBUG org.apache.http.impl.conn.DefaultManagedHttpClientConnection -- http-outgoing-3: set socket timeout to 5000
19:59:56.366 [main] DEBUG org.apache.http.impl.execchain.MainClientExec -- Executing request POST /api/login HTTP/1.1
19:59:56.366 [main] DEBUG org.apache.http.impl.execchain.MainClientExec -- Target auth state: UNCHALLENGED
19:59:56.366 [main] DEBUG org.apache.http.impl.execchain.MainClientExec -- Proxy auth state: UNCHALLENGED
19:59:56.367 [main] DEBUG org.apache.http.headers -- http-outgoing-3 >> POST /api/login HTTP/1.1
19:59:56.367 [main] DEBUG org.apache.http.headers -- http-outgoing-3 >> Content-Type: application/json; charset=UTF-8
19:59:56.367 [main] DEBUG org.apache.http.headers -- http-outgoing-3 >> x-api-key: reqres-free-v1
19:59:56.367 [main] DEBUG org.apache.http.headers -- http-outgoing-3 >> Content-Length: 37
19:59:56.367 [main] DEBUG org.apache.http.headers -- http-outgoing-3 >> Host: reqres.in
19:59:56.367 [main] DEBUG org.apache.http.headers -- http-outgoing-3 >> Connection: Keep-Alive
19:59:56.367 [main] DEBUG org.apache.http.headers -- http-outgoing-3 >> User-Agent: Apache-HttpClient/4.5.14 (Java/17.0.9)
19:59:56.367 [main] DEBUG org.apache.http.headers -- http-outgoing-3 >> Accept-Encoding: gzip,deflate
19:59:56.367 [main] DEBUG org.apache.http.wire -- http-outgoing-3 >> "POST /api/login HTTP/1.1[\r][\n]"
19:59:56.367 [main] DEBUG org.apache.http.wire -- http-outgoing-3 >> "Content-Type: application/json; charset=UTF-8[\r][\n]"
19:59:56.367 [main] DEBUG org.apache.http.wire -- http-outgoing-3 >> "x-api-key: reqres-free-v1[\r][\n]"
19:59:56.367 [main] DEBUG org.apache.http.wire -- http-outgoing-3 >> "Content-Length: 37[\r][\n]"
19:59:56.367 [main] DEBUG org.apache.http.wire -- http-outgoing-3 >> "Host: reqres.in[\r][\n]"
19:59:56.367 [main] DEBUG org.apache.http.wire -- http-outgoing-3 >> "Connection: Keep-Alive[\r][\n]"
19:59:56.367 [main] DEBUG org.apache.http.wire -- http-outgoing-3 >> "User-Agent: Apache-HttpClient/4.5.14 (Java/17.0.9)[\r][\n]"
19:59:56.367 [main] DEBUG org.apache.http.wire -- http-outgoing-3 >> "Accept-Encoding: gzip,deflate[\r][\n]"
19:59:56.367 [main] DEBUG org.apache.http.wire -- http-outgoing-3 >> "[\r][\n]"
19:59:56.367 [main] DEBUG org.apache.http.wire -- http-outgoing-3 >> "{"email":"","password":"password123"}"
19:59:56.960 [main] DEBUG org.apache.http.wire -- http-outgoing-3 << "HTTP/1.1 400 Bad Request[\r][\n]"
19:59:56.960 [main] DEBUG org.apache.http.wire -- http-outgoing-3 << "Date: Mon, 16 Jun 2025 12:59:56 GMT[\r][\n]"
19:59:56.960 [main] DEBUG org.apache.http.wire -- http-outgoing-3 << "Content-Type: application/json; charset=utf-8[\r][\n]"
19:59:56.960 [main] DEBUG org.apache.http.wire -- http-outgoing-3 << "Content-Length: 37[\r][\n]"
19:59:56.960 [main] DEBUG org.apache.http.wire -- http-outgoing-3 << "Connection: keep-alive[\r][\n]"
19:59:56.960 [main] DEBUG org.apache.http.wire -- http-outgoing-3 << "Cf-Ray: 950a7cb968b16e69-HKG[\r][\n]"
19:59:56.960 [main] DEBUG org.apache.http.wire -- http-outgoing-3 << "Report-To: {"group":"heroku-nel","max_age":3600,"endpoints":[{"url":"https://nel.heroku.com/reports?ts=1750078796&sid=c4c9725f-1ab0-44d8-820f-430df2718e11&s=ErKDg8m0T3qwh6Iab3WC8daJUMi9HLRyH1bQGawdg%2Bs%3D"}]}[\r][\n]"
19:59:56.960 [main] DEBUG org.apache.http.wire -- http-outgoing-3 << "Reporting-Endpoints: heroku-nel=https://nel.heroku.com/reports?ts=1750078796&sid=c4c9725f-1ab0-44d8-820f-430df2718e11&s=ErKDg8m0T3qwh6Iab3WC8daJUMi9HLRyH1bQGawdg%2Bs%3D[\r][\n]"
19:59:56.960 [main] DEBUG org.apache.http.wire -- http-outgoing-3 << "Nel: {"report_to":"heroku-nel","max_age":3600,"success_fraction":0.005,"failure_fraction":0.05,"response_headers":["Via"]}[\r][\n]"
19:59:56.960 [main] DEBUG org.apache.http.wire -- http-outgoing-3 << "X-Powered-By: Express[\r][\n]"
19:59:56.960 [main] DEBUG org.apache.http.wire -- http-outgoing-3 << "Access-Control-Allow-Origin: *[\r][\n]"
19:59:56.960 [main] DEBUG org.apache.http.wire -- http-outgoing-3 << "Ratelimit-Policy: 100;w=60[\r][\n]"
19:59:56.960 [main] DEBUG org.apache.http.wire -- http-outgoing-3 << "Ratelimit-Limit: 100[\r][\n]"
19:59:56.960 [main] DEBUG org.apache.http.wire -- http-outgoing-3 << "Ratelimit-Remaining: 92[\r][\n]"
19:59:56.960 [main] DEBUG org.apache.http.wire -- http-outgoing-3 << "Ratelimit-Reset: 58[\r][\n]"
19:59:56.960 [main] DEBUG org.apache.http.wire -- http-outgoing-3 << "Etag: W/"25-Ik70kof1lbc973ShN5FoVPxYn7A"[\r][\n]"
19:59:56.960 [main] DEBUG org.apache.http.wire -- http-outgoing-3 << "Via: 1.1 vegur[\r][\n]"
19:59:56.960 [main] DEBUG org.apache.http.wire -- http-outgoing-3 << "Cf-Cache-Status: DYNAMIC[\r][\n]"
19:59:56.960 [main] DEBUG org.apache.http.wire -- http-outgoing-3 << "Server: cloudflare[\r][\n]"
19:59:56.960 [main] DEBUG org.apache.http.wire -- http-outgoing-3 << "server-timing: cfL4;desc="?proto=TCP&rtt=22877&min_rtt=22543&rtt_var=9121&sent=4&recv=6&lost=0&retrans=0&sent_bytes=219&recv_bytes=1334&delivery_rate=57584&cwnd=250&unsent_bytes=0&cid=f354b3b0dd0170c5&ts=599&x=0"[\r][\n]"
19:59:56.960 [main] DEBUG org.apache.http.wire -- http-outgoing-3 << "[\r][\n]"
19:59:56.960 [main] DEBUG org.apache.http.wire -- http-outgoing-3 << "{"error":"Missing email or username"}"
19:59:56.961 [main] DEBUG org.apache.http.headers -- http-outgoing-3 << HTTP/1.1 400 Bad Request
19:59:56.961 [main] DEBUG org.apache.http.headers -- http-outgoing-3 << Date: Mon, 16 Jun 2025 12:59:56 GMT
19:59:56.961 [main] DEBUG org.apache.http.headers -- http-outgoing-3 << Content-Type: application/json; charset=utf-8
19:59:56.961 [main] DEBUG org.apache.http.headers -- http-outgoing-3 << Content-Length: 37
19:59:56.961 [main] DEBUG org.apache.http.headers -- http-outgoing-3 << Connection: keep-alive
19:59:56.961 [main] DEBUG org.apache.http.headers -- http-outgoing-3 << Cf-Ray: 950a7cb968b16e69-HKG
19:59:56.961 [main] DEBUG org.apache.http.headers -- http-outgoing-3 << Report-To: {"group":"heroku-nel","max_age":3600,"endpoints":[{"url":"https://nel.heroku.com/reports?ts=1750078796&sid=c4c9725f-1ab0-44d8-820f-430df2718e11&s=ErKDg8m0T3qwh6Iab3WC8daJUMi9HLRyH1bQGawdg%2Bs%3D"}]}
19:59:56.961 [main] DEBUG org.apache.http.headers -- http-outgoing-3 << Reporting-Endpoints: heroku-nel=https://nel.heroku.com/reports?ts=1750078796&sid=c4c9725f-1ab0-44d8-820f-430df2718e11&s=ErKDg8m0T3qwh6Iab3WC8daJUMi9HLRyH1bQGawdg%2Bs%3D
19:59:56.961 [main] DEBUG org.apache.http.headers -- http-outgoing-3 << Nel: {"report_to":"heroku-nel","max_age":3600,"success_fraction":0.005,"failure_fraction":0.05,"response_headers":["Via"]}
19:59:56.961 [main] DEBUG org.apache.http.headers -- http-outgoing-3 << X-Powered-By: Express
19:59:56.961 [main] DEBUG org.apache.http.headers -- http-outgoing-3 << Access-Control-Allow-Origin: *
19:59:56.961 [main] DEBUG org.apache.http.headers -- http-outgoing-3 << Ratelimit-Policy: 100;w=60
19:59:56.961 [main] DEBUG org.apache.http.headers -- http-outgoing-3 << Ratelimit-Limit: 100
19:59:56.961 [main] DEBUG org.apache.http.headers -- http-outgoing-3 << Ratelimit-Remaining: 92
19:59:56.961 [main] DEBUG org.apache.http.headers -- http-outgoing-3 << Ratelimit-Reset: 58
19:59:56.961 [main] DEBUG org.apache.http.headers -- http-outgoing-3 << Etag: W/"25-Ik70kof1lbc973ShN5FoVPxYn7A"
19:59:56.961 [main] DEBUG org.apache.http.headers -- http-outgoing-3 << Via: 1.1 vegur
19:59:56.961 [main] DEBUG org.apache.http.headers -- http-outgoing-3 << Cf-Cache-Status: DYNAMIC
19:59:56.961 [main] DEBUG org.apache.http.headers -- http-outgoing-3 << Server: cloudflare
19:59:56.961 [main] DEBUG org.apache.http.headers -- http-outgoing-3 << server-timing: cfL4;desc="?proto=TCP&rtt=22877&min_rtt=22543&rtt_var=9121&sent=4&recv=6&lost=0&retrans=0&sent_bytes=219&recv_bytes=1334&delivery_rate=57584&cwnd=250&unsent_bytes=0&cid=f354b3b0dd0170c5&ts=599&x=0"
19:59:56.961 [main] DEBUG org.apache.http.impl.execchain.MainClientExec -- Connection can be kept alive indefinitely
19:59:56.961 [main] DEBUG org.apache.http.impl.conn.PoolingHttpClientConnectionManager -- Connection [id: 3][route: {s}->https://reqres.in:443] can be kept alive indefinitely
19:59:56.961 [main] DEBUG org.apache.http.impl.conn.DefaultManagedHttpClientConnection -- http-outgoing-3: set socket timeout to 0
19:59:56.961 [main] DEBUG org.apache.http.impl.conn.PoolingHttpClientConnectionManager -- Connection released: [id: 3][route: {s}->https://reqres.in:443][total available: 1; route allocated: 1 of 5; total allocated: 1 of 10]
19:59:56.961 [main] DEBUG org.apache.http.impl.conn.PoolingHttpClientConnectionManager -- Connection manager is shutting down
19:59:56.961 [main] DEBUG org.apache.http.impl.conn.DefaultManagedHttpClientConnection -- http-outgoing-3: Close connection
19:59:56.962 [main] DEBUG org.apache.http.impl.conn.PoolingHttpClientConnectionManager -- Connection manager shut down
19:59:56.963 [main] DEBUG com.intuit.karate -- response time in milliseconds: 653
1 < 400
1 < Date: Mon, 16 Jun 2025 12:59:56 GMT
1 < Content-Type: application/json; charset=utf-8
1 < Content-Length: 37
1 < Connection: keep-alive
1 < Cf-Ray: 950a7cb968b16e69-HKG
1 < Report-To: {"group":"heroku-nel","max_age":3600,"endpoints":[{"url":"https://nel.heroku.com/reports?ts=1750078796&sid=c4c9725f-1ab0-44d8-820f-430df2718e11&s=ErKDg8m0T3qwh6Iab3WC8daJUMi9HLRyH1bQGawdg%2Bs%3D"}]}
1 < Reporting-Endpoints: heroku-nel=https://nel.heroku.com/reports?ts=1750078796&sid=c4c9725f-1ab0-44d8-820f-430df2718e11&s=ErKDg8m0T3qwh6Iab3WC8daJUMi9HLRyH1bQGawdg%2Bs%3D
1 < Nel: {"report_to":"heroku-nel","max_age":3600,"success_fraction":0.005,"failure_fraction":0.05,"response_headers":["Via"]}
1 < X-Powered-By: Express
1 < Access-Control-Allow-Origin: *
1 < Ratelimit-Policy: 100;w=60
1 < Ratelimit-Limit: 100
1 < Ratelimit-Remaining: 92
1 < Ratelimit-Reset: 58
1 < Etag: W/"25-Ik70kof1lbc973ShN5FoVPxYn7A"
1 < Via: 1.1 vegur
1 < Cf-Cache-Status: DYNAMIC
1 < Server: cloudflare
1 < server-timing: cfL4;desc="?proto=TCP&rtt=22877&min_rtt=22543&rtt_var=9121&sent=4&recv=6&lost=0&retrans=0&sent_bytes=219&recv_bytes=1334&delivery_rate=57584&cwnd=250&unsent_bytes=0&cid=f354b3b0dd0170c5&ts=599&x=0"
{
  "error": "Missing email or username"
}


19:59:56.964 [main] INFO com.intuit.karate -- [print] Calling login API v?i email:  password: password123 
19:59:56.964 [main] INFO com.intuit.karate -- [print] Response status: 400 body: {
  "error": "Missing email or username"
}
 
19:59:56.966 [main] INFO com.intuit.karate -- Test Case Data: {
  "email": "",
  "password": "password123",
  "expectedStatus": 400.0,
  "expectedResult": "Missing email or username",
  "testDescription": "Login without email",
  "responseStatus": "",
  "result": ""
}
 
19:59:56.966 [main] INFO com.intuit.karate -- Expected Status: 400.0 
19:59:56.966 [main] INFO com.intuit.karate -- Expected Result: Missing email or username 
19:59:56.966 [main] INFO com.intuit.karate -- Actual Status: 400 
19:59:56.966 [main] INFO com.intuit.karate -- Is Expected Status: true 
19:59:56.967 [main] INFO com.intuit.karate -- Test case #4 - Status: 400, Result: {"error":"Missing email or username"} 
19:59:56.967 [main] INFO com.intuit.karate -- ?ang ch?y test case #5: Login with wrong password 
19:59:56.975 [main] INFO com.intuit.karate -- karate.env system property was: null 
19:59:56.977 [main] DEBUG com.jayway.jsonpath.internal.path.CompiledPath -- Evaluating path: $
19:59:56.978 [main] DEBUG org.apache.http.client.protocol.RequestAddCookies -- CookieSpec selected: karate
19:59:56.978 [main] DEBUG org.apache.http.client.protocol.RequestAuthCache -- Auth cache not set in the context
19:59:56.978 [main] DEBUG com.intuit.karate -- request:
1 > POST https://reqres.in/api/login
1 > Content-Type: application/json; charset=UTF-8
1 > x-api-key: reqres-free-v1
1 > Content-Length: 57
1 > Host: reqres.in
1 > Connection: Keep-Alive
1 > User-Agent: Apache-HttpClient/4.5.14 (Java/17.0.9)
1 > Accept-Encoding: gzip,deflate
{
  "email": "eve.holt@reqres.in",
  "password": "wrongpassword"
}


19:59:56.978 [main] DEBUG org.apache.http.impl.conn.PoolingHttpClientConnectionManager -- Connection request: [route: {s}->https://reqres.in:443][total available: 0; route allocated: 0 of 5; total allocated: 0 of 10]
19:59:56.978 [main] DEBUG org.apache.http.impl.conn.PoolingHttpClientConnectionManager -- Connection leased: [id: 4][route: {s}->https://reqres.in:443][total available: 0; route allocated: 1 of 5; total allocated: 1 of 10]
19:59:56.978 [main] DEBUG org.apache.http.impl.execchain.MainClientExec -- Opening connection {s}->https://reqres.in:443
19:59:56.979 [main] DEBUG org.apache.http.impl.conn.DefaultHttpClientConnectionOperator -- Connecting to reqres.in/104.26.10.213:443
19:59:56.979 [main] DEBUG org.apache.http.conn.ssl.SSLConnectionSocketFactory -- Connecting socket to reqres.in/104.26.10.213:443 with timeout 5000
19:59:57.008 [main] DEBUG org.apache.http.conn.ssl.SSLConnectionSocketFactory -- Enabled protocols: [TLSv1.3, TLSv1.2]
19:59:57.008 [main] DEBUG org.apache.http.conn.ssl.SSLConnectionSocketFactory -- Enabled cipher suites:[TLS_AES_256_GCM_SHA384, TLS_AES_128_GCM_SHA256, TLS_CHACHA20_POLY1305_SHA256, TLS_ECDHE_ECDSA_WITH_AES_256_GCM_SHA384, TLS_ECDHE_ECDSA_WITH_AES_128_GCM_SHA256, TLS_ECDHE_ECDSA_WITH_CHACHA20_POLY1305_SHA256, TLS_ECDHE_RSA_WITH_AES_256_GCM_SHA384, TLS_ECDHE_RSA_WITH_CHACHA20_POLY1305_SHA256, TLS_ECDHE_RSA_WITH_AES_128_GCM_SHA256, TLS_DHE_RSA_WITH_AES_256_GCM_SHA384, TLS_DHE_RSA_WITH_CHACHA20_POLY1305_SHA256, TLS_DHE_DSS_WITH_AES_256_GCM_SHA384, TLS_DHE_RSA_WITH_AES_128_GCM_SHA256, TLS_DHE_DSS_WITH_AES_128_GCM_SHA256, TLS_ECDHE_ECDSA_WITH_AES_256_CBC_SHA384, TLS_ECDHE_RSA_WITH_AES_256_CBC_SHA384, TLS_ECDHE_ECDSA_WITH_AES_128_CBC_SHA256, TLS_ECDHE_RSA_WITH_AES_128_CBC_SHA256, TLS_DHE_RSA_WITH_AES_256_CBC_SHA256, TLS_DHE_DSS_WITH_AES_256_CBC_SHA256, TLS_DHE_RSA_WITH_AES_128_CBC_SHA256, TLS_DHE_DSS_WITH_AES_128_CBC_SHA256, TLS_ECDH_ECDSA_WITH_AES_256_GCM_SHA384, TLS_ECDH_RSA_WITH_AES_256_GCM_SHA384, TLS_ECDH_ECDSA_WITH_AES_128_GCM_SHA256, TLS_ECDH_RSA_WITH_AES_128_GCM_SHA256, TLS_ECDH_ECDSA_WITH_AES_256_CBC_SHA384, TLS_ECDH_RSA_WITH_AES_256_CBC_SHA384, TLS_ECDH_ECDSA_WITH_AES_128_CBC_SHA256, TLS_ECDH_RSA_WITH_AES_128_CBC_SHA256, TLS_ECDHE_ECDSA_WITH_AES_256_CBC_SHA, TLS_ECDHE_RSA_WITH_AES_256_CBC_SHA, TLS_ECDHE_ECDSA_WITH_AES_128_CBC_SHA, TLS_ECDHE_RSA_WITH_AES_128_CBC_SHA, TLS_DHE_RSA_WITH_AES_256_CBC_SHA, TLS_DHE_DSS_WITH_AES_256_CBC_SHA, TLS_DHE_RSA_WITH_AES_128_CBC_SHA, TLS_DHE_DSS_WITH_AES_128_CBC_SHA, TLS_ECDH_ECDSA_WITH_AES_256_CBC_SHA, TLS_ECDH_RSA_WITH_AES_256_CBC_SHA, TLS_ECDH_ECDSA_WITH_AES_128_CBC_SHA, TLS_ECDH_RSA_WITH_AES_128_CBC_SHA, TLS_RSA_WITH_AES_256_GCM_SHA384, TLS_RSA_WITH_AES_128_GCM_SHA256, TLS_RSA_WITH_AES_256_CBC_SHA256, TLS_RSA_WITH_AES_128_CBC_SHA256, TLS_RSA_WITH_AES_256_CBC_SHA, TLS_RSA_WITH_AES_128_CBC_SHA, TLS_EMPTY_RENEGOTIATION_INFO_SCSV]
19:59:57.008 [main] DEBUG org.apache.http.conn.ssl.SSLConnectionSocketFactory -- Starting handshake
19:59:57.041 [main] DEBUG org.apache.http.conn.ssl.SSLConnectionSocketFactory -- Secure session established
19:59:57.041 [main] DEBUG org.apache.http.conn.ssl.SSLConnectionSocketFactory --  negotiated protocol: TLSv1.3
19:59:57.041 [main] DEBUG org.apache.http.conn.ssl.SSLConnectionSocketFactory --  negotiated cipher suite: TLS_AES_256_GCM_SHA384
19:59:57.041 [main] DEBUG org.apache.http.conn.ssl.SSLConnectionSocketFactory --  peer principal: CN=reqres.in
19:59:57.041 [main] DEBUG org.apache.http.conn.ssl.SSLConnectionSocketFactory --  peer alternative names: [reqres.in, *.reqres.in]
19:59:57.041 [main] DEBUG org.apache.http.conn.ssl.SSLConnectionSocketFactory --  issuer principal: CN=WE1, O=Google Trust Services, C=US
19:59:57.041 [main] DEBUG org.apache.http.impl.conn.DefaultHttpClientConnectionOperator -- Connection established 192.168.1.20:56992<->104.26.10.213:443
19:59:57.041 [main] DEBUG org.apache.http.impl.conn.DefaultManagedHttpClientConnection -- http-outgoing-4: set socket timeout to 5000
19:59:57.043 [main] DEBUG org.apache.http.impl.execchain.MainClientExec -- Executing request POST /api/login HTTP/1.1
19:59:57.043 [main] DEBUG org.apache.http.impl.execchain.MainClientExec -- Target auth state: UNCHALLENGED
19:59:57.043 [main] DEBUG org.apache.http.impl.execchain.MainClientExec -- Proxy auth state: UNCHALLENGED
19:59:57.043 [main] DEBUG org.apache.http.headers -- http-outgoing-4 >> POST /api/login HTTP/1.1
19:59:57.043 [main] DEBUG org.apache.http.headers -- http-outgoing-4 >> Content-Type: application/json; charset=UTF-8
19:59:57.043 [main] DEBUG org.apache.http.headers -- http-outgoing-4 >> x-api-key: reqres-free-v1
19:59:57.043 [main] DEBUG org.apache.http.headers -- http-outgoing-4 >> Content-Length: 57
19:59:57.043 [main] DEBUG org.apache.http.headers -- http-outgoing-4 >> Host: reqres.in
19:59:57.043 [main] DEBUG org.apache.http.headers -- http-outgoing-4 >> Connection: Keep-Alive
19:59:57.043 [main] DEBUG org.apache.http.headers -- http-outgoing-4 >> User-Agent: Apache-HttpClient/4.5.14 (Java/17.0.9)
19:59:57.043 [main] DEBUG org.apache.http.headers -- http-outgoing-4 >> Accept-Encoding: gzip,deflate
19:59:57.043 [main] DEBUG org.apache.http.wire -- http-outgoing-4 >> "POST /api/login HTTP/1.1[\r][\n]"
19:59:57.043 [main] DEBUG org.apache.http.wire -- http-outgoing-4 >> "Content-Type: application/json; charset=UTF-8[\r][\n]"
19:59:57.043 [main] DEBUG org.apache.http.wire -- http-outgoing-4 >> "x-api-key: reqres-free-v1[\r][\n]"
19:59:57.043 [main] DEBUG org.apache.http.wire -- http-outgoing-4 >> "Content-Length: 57[\r][\n]"
19:59:57.043 [main] DEBUG org.apache.http.wire -- http-outgoing-4 >> "Host: reqres.in[\r][\n]"
19:59:57.043 [main] DEBUG org.apache.http.wire -- http-outgoing-4 >> "Connection: Keep-Alive[\r][\n]"
19:59:57.043 [main] DEBUG org.apache.http.wire -- http-outgoing-4 >> "User-Agent: Apache-HttpClient/4.5.14 (Java/17.0.9)[\r][\n]"
19:59:57.043 [main] DEBUG org.apache.http.wire -- http-outgoing-4 >> "Accept-Encoding: gzip,deflate[\r][\n]"
19:59:57.043 [main] DEBUG org.apache.http.wire -- http-outgoing-4 >> "[\r][\n]"
19:59:57.043 [main] DEBUG org.apache.http.wire -- http-outgoing-4 >> "{"email":"eve.holt@reqres.in","password":"wrongpassword"}"
19:59:57.612 [main] DEBUG org.apache.http.wire -- http-outgoing-4 << "HTTP/1.1 200 OK[\r][\n]"
19:59:57.612 [main] DEBUG org.apache.http.wire -- http-outgoing-4 << "Date: Mon, 16 Jun 2025 12:59:56 GMT[\r][\n]"
19:59:57.612 [main] DEBUG org.apache.http.wire -- http-outgoing-4 << "Content-Type: application/json; charset=utf-8[\r][\n]"
19:59:57.612 [main] DEBUG org.apache.http.wire -- http-outgoing-4 << "Content-Length: 29[\r][\n]"
19:59:57.612 [main] DEBUG org.apache.http.wire -- http-outgoing-4 << "Connection: keep-alive[\r][\n]"
19:59:57.612 [main] DEBUG org.apache.http.wire -- http-outgoing-4 << "Cf-Ray: 950a7cbd8a6bdd8d-HKG[\r][\n]"
19:59:57.612 [main] DEBUG org.apache.http.wire -- http-outgoing-4 << "Report-To: {"group":"heroku-nel","max_age":3600,"endpoints":[{"url":"https://nel.heroku.com/reports?ts=1750078796&sid=c4c9725f-1ab0-44d8-820f-430df2718e11&s=ErKDg8m0T3qwh6Iab3WC8daJUMi9HLRyH1bQGawdg%2Bs%3D"}]}[\r][\n]"
19:59:57.612 [main] DEBUG org.apache.http.wire -- http-outgoing-4 << "Reporting-Endpoints: heroku-nel=https://nel.heroku.com/reports?ts=1750078796&sid=c4c9725f-1ab0-44d8-820f-430df2718e11&s=ErKDg8m0T3qwh6Iab3WC8daJUMi9HLRyH1bQGawdg%2Bs%3D[\r][\n]"
19:59:57.612 [main] DEBUG org.apache.http.wire -- http-outgoing-4 << "Nel: {"report_to":"heroku-nel","max_age":3600,"success_fraction":0.005,"failure_fraction":0.05,"response_headers":["Via"]}[\r][\n]"
19:59:57.612 [main] DEBUG org.apache.http.wire -- http-outgoing-4 << "X-Powered-By: Express[\r][\n]"
19:59:57.612 [main] DEBUG org.apache.http.wire -- http-outgoing-4 << "Access-Control-Allow-Origin: *[\r][\n]"
19:59:57.612 [main] DEBUG org.apache.http.wire -- http-outgoing-4 << "Ratelimit-Policy: 100;w=60[\r][\n]"
19:59:57.612 [main] DEBUG org.apache.http.wire -- http-outgoing-4 << "Ratelimit-Limit: 100[\r][\n]"
19:59:57.612 [main] DEBUG org.apache.http.wire -- http-outgoing-4 << "Ratelimit-Remaining: 90[\r][\n]"
19:59:57.612 [main] DEBUG org.apache.http.wire -- http-outgoing-4 << "Ratelimit-Reset: 58[\r][\n]"
19:59:57.612 [main] DEBUG org.apache.http.wire -- http-outgoing-4 << "Etag: W/"1d-lGCrvD6B7Qzk11+2C98+nGhhuec"[\r][\n]"
19:59:57.612 [main] DEBUG org.apache.http.wire -- http-outgoing-4 << "Via: 1.1 vegur[\r][\n]"
19:59:57.612 [main] DEBUG org.apache.http.wire -- http-outgoing-4 << "Cf-Cache-Status: DYNAMIC[\r][\n]"
19:59:57.612 [main] DEBUG org.apache.http.wire -- http-outgoing-4 << "Server: cloudflare[\r][\n]"
19:59:57.613 [main] DEBUG org.apache.http.wire -- http-outgoing-4 << "server-timing: cfL4;desc="?proto=TCP&rtt=25743&min_rtt=25246&rtt_var=10462&sent=4&recv=6&lost=0&retrans=0&sent_bytes=219&recv_bytes=1354&delivery_rate=49683&cwnd=250&unsent_bytes=0&cid=119422b55275a5a6&ts=574&x=0"[\r][\n]"
19:59:57.613 [main] DEBUG org.apache.http.wire -- http-outgoing-4 << "[\r][\n]"
19:59:57.613 [main] DEBUG org.apache.http.wire -- http-outgoing-4 << "{"token":"QpwL5tke4Pnpja7X4"}"
19:59:57.613 [main] DEBUG org.apache.http.headers -- http-outgoing-4 << HTTP/1.1 200 OK
19:59:57.613 [main] DEBUG org.apache.http.headers -- http-outgoing-4 << Date: Mon, 16 Jun 2025 12:59:56 GMT
19:59:57.613 [main] DEBUG org.apache.http.headers -- http-outgoing-4 << Content-Type: application/json; charset=utf-8
19:59:57.613 [main] DEBUG org.apache.http.headers -- http-outgoing-4 << Content-Length: 29
19:59:57.613 [main] DEBUG org.apache.http.headers -- http-outgoing-4 << Connection: keep-alive
19:59:57.613 [main] DEBUG org.apache.http.headers -- http-outgoing-4 << Cf-Ray: 950a7cbd8a6bdd8d-HKG
19:59:57.613 [main] DEBUG org.apache.http.headers -- http-outgoing-4 << Report-To: {"group":"heroku-nel","max_age":3600,"endpoints":[{"url":"https://nel.heroku.com/reports?ts=1750078796&sid=c4c9725f-1ab0-44d8-820f-430df2718e11&s=ErKDg8m0T3qwh6Iab3WC8daJUMi9HLRyH1bQGawdg%2Bs%3D"}]}
19:59:57.613 [main] DEBUG org.apache.http.headers -- http-outgoing-4 << Reporting-Endpoints: heroku-nel=https://nel.heroku.com/reports?ts=1750078796&sid=c4c9725f-1ab0-44d8-820f-430df2718e11&s=ErKDg8m0T3qwh6Iab3WC8daJUMi9HLRyH1bQGawdg%2Bs%3D
19:59:57.613 [main] DEBUG org.apache.http.headers -- http-outgoing-4 << Nel: {"report_to":"heroku-nel","max_age":3600,"success_fraction":0.005,"failure_fraction":0.05,"response_headers":["Via"]}
19:59:57.613 [main] DEBUG org.apache.http.headers -- http-outgoing-4 << X-Powered-By: Express
19:59:57.613 [main] DEBUG org.apache.http.headers -- http-outgoing-4 << Access-Control-Allow-Origin: *
19:59:57.613 [main] DEBUG org.apache.http.headers -- http-outgoing-4 << Ratelimit-Policy: 100;w=60
19:59:57.613 [main] DEBUG org.apache.http.headers -- http-outgoing-4 << Ratelimit-Limit: 100
19:59:57.613 [main] DEBUG org.apache.http.headers -- http-outgoing-4 << Ratelimit-Remaining: 90
19:59:57.613 [main] DEBUG org.apache.http.headers -- http-outgoing-4 << Ratelimit-Reset: 58
19:59:57.613 [main] DEBUG org.apache.http.headers -- http-outgoing-4 << Etag: W/"1d-lGCrvD6B7Qzk11+2C98+nGhhuec"
19:59:57.613 [main] DEBUG org.apache.http.headers -- http-outgoing-4 << Via: 1.1 vegur
19:59:57.613 [main] DEBUG org.apache.http.headers -- http-outgoing-4 << Cf-Cache-Status: DYNAMIC
19:59:57.613 [main] DEBUG org.apache.http.headers -- http-outgoing-4 << Server: cloudflare
19:59:57.613 [main] DEBUG org.apache.http.headers -- http-outgoing-4 << server-timing: cfL4;desc="?proto=TCP&rtt=25743&min_rtt=25246&rtt_var=10462&sent=4&recv=6&lost=0&retrans=0&sent_bytes=219&recv_bytes=1354&delivery_rate=49683&cwnd=250&unsent_bytes=0&cid=119422b55275a5a6&ts=574&x=0"
19:59:57.614 [main] DEBUG org.apache.http.impl.execchain.MainClientExec -- Connection can be kept alive indefinitely
19:59:57.614 [main] DEBUG org.apache.http.impl.conn.PoolingHttpClientConnectionManager -- Connection [id: 4][route: {s}->https://reqres.in:443] can be kept alive indefinitely
19:59:57.614 [main] DEBUG org.apache.http.impl.conn.DefaultManagedHttpClientConnection -- http-outgoing-4: set socket timeout to 0
19:59:57.614 [main] DEBUG org.apache.http.impl.conn.PoolingHttpClientConnectionManager -- Connection released: [id: 4][route: {s}->https://reqres.in:443][total available: 1; route allocated: 1 of 5; total allocated: 1 of 10]
19:59:57.614 [main] DEBUG org.apache.http.impl.conn.PoolingHttpClientConnectionManager -- Connection manager is shutting down
19:59:57.614 [main] DEBUG org.apache.http.impl.conn.DefaultManagedHttpClientConnection -- http-outgoing-4: Close connection
19:59:57.615 [main] DEBUG org.apache.http.impl.conn.PoolingHttpClientConnectionManager -- Connection manager shut down
19:59:57.615 [main] DEBUG com.intuit.karate -- response time in milliseconds: 636
1 < 200
1 < Date: Mon, 16 Jun 2025 12:59:56 GMT
1 < Content-Type: application/json; charset=utf-8
1 < Content-Length: 29
1 < Connection: keep-alive
1 < Cf-Ray: 950a7cbd8a6bdd8d-HKG
1 < Report-To: {"group":"heroku-nel","max_age":3600,"endpoints":[{"url":"https://nel.heroku.com/reports?ts=1750078796&sid=c4c9725f-1ab0-44d8-820f-430df2718e11&s=ErKDg8m0T3qwh6Iab3WC8daJUMi9HLRyH1bQGawdg%2Bs%3D"}]}
1 < Reporting-Endpoints: heroku-nel=https://nel.heroku.com/reports?ts=1750078796&sid=c4c9725f-1ab0-44d8-820f-430df2718e11&s=ErKDg8m0T3qwh6Iab3WC8daJUMi9HLRyH1bQGawdg%2Bs%3D
1 < Nel: {"report_to":"heroku-nel","max_age":3600,"success_fraction":0.005,"failure_fraction":0.05,"response_headers":["Via"]}
1 < X-Powered-By: Express
1 < Access-Control-Allow-Origin: *
1 < Ratelimit-Policy: 100;w=60
1 < Ratelimit-Limit: 100
1 < Ratelimit-Remaining: 90
1 < Ratelimit-Reset: 58
1 < Etag: W/"1d-lGCrvD6B7Qzk11+2C98+nGhhuec"
1 < Via: 1.1 vegur
1 < Cf-Cache-Status: DYNAMIC
1 < Server: cloudflare
1 < server-timing: cfL4;desc="?proto=TCP&rtt=25743&min_rtt=25246&rtt_var=10462&sent=4&recv=6&lost=0&retrans=0&sent_bytes=219&recv_bytes=1354&delivery_rate=49683&cwnd=250&unsent_bytes=0&cid=119422b55275a5a6&ts=574&x=0"
{
  "token": "QpwL5tke4Pnpja7X4"
}


19:59:57.619 [main] INFO com.intuit.karate -- [print] Calling login API v?i email: eve.holt@reqres.in password: wrongpassword 
19:59:57.619 [main] INFO com.intuit.karate -- [print] Response status: 200 body: {
  "token": "QpwL5tke4Pnpja7X4"
}
 
19:59:57.621 [main] INFO com.intuit.karate -- STATUS MISMATCH - Expected: 400, Actual: 200 
19:59:57.623 [main] INFO com.intuit.karate -- Test Case Data: {
  "email": "eve.holt@reqres.in",
  "password": "wrongpassword",
  "expectedStatus": 400.0,
  "expectedResult": "user not found",
  "testDescription": "Login with wrong password",
  "responseStatus": "",
  "result": ""
}
 
19:59:57.623 [main] INFO com.intuit.karate -- Expected Status: 400.0 
19:59:57.623 [main] INFO com.intuit.karate -- Expected Result: user not found 
19:59:57.623 [main] INFO com.intuit.karate -- Actual Status: 200 
19:59:57.623 [main] INFO com.intuit.karate -- Is Expected Status: false 
19:59:57.623 [main] INFO com.intuit.karate -- Test case #5 - Status: 200, Result: {"token":"QpwL5tke4Pnpja7X4"} 
19:59:57.624 [main] INFO com.intuit.karate -- ?ang ch?y test case #6: TC: Email không h?p l? - thi?u domain 
19:59:57.636 [main] INFO com.intuit.karate -- karate.env system property was: null 
19:59:57.639 [main] DEBUG com.jayway.jsonpath.internal.path.CompiledPath -- Evaluating path: $
19:59:57.641 [main] DEBUG org.apache.http.client.protocol.RequestAddCookies -- CookieSpec selected: karate
19:59:57.641 [main] DEBUG org.apache.http.client.protocol.RequestAuthCache -- Auth cache not set in the context
19:59:57.642 [main] DEBUG com.intuit.karate -- request:
1 > POST https://reqres.in/api/login
1 > Content-Type: application/json; charset=UTF-8
1 > x-api-key: reqres-free-v1
1 > Content-Length: 42
1 > Host: reqres.in
1 > Connection: Keep-Alive
1 > User-Agent: Apache-HttpClient/4.5.14 (Java/17.0.9)
1 > Accept-Encoding: gzip,deflate
{
  "email": "user@",
  "password": "password123"
}


19:59:57.642 [main] DEBUG org.apache.http.impl.conn.PoolingHttpClientConnectionManager -- Connection request: [route: {s}->https://reqres.in:443][total available: 0; route allocated: 0 of 5; total allocated: 0 of 10]
19:59:57.642 [main] DEBUG org.apache.http.impl.conn.PoolingHttpClientConnectionManager -- Connection leased: [id: 5][route: {s}->https://reqres.in:443][total available: 0; route allocated: 1 of 5; total allocated: 1 of 10]
19:59:57.642 [main] DEBUG org.apache.http.impl.execchain.MainClientExec -- Opening connection {s}->https://reqres.in:443
19:59:57.643 [main] DEBUG org.apache.http.impl.conn.DefaultHttpClientConnectionOperator -- Connecting to reqres.in/104.26.10.213:443
19:59:57.643 [main] DEBUG org.apache.http.conn.ssl.SSLConnectionSocketFactory -- Connecting socket to reqres.in/104.26.10.213:443 with timeout 5000
19:59:57.684 [main] DEBUG org.apache.http.conn.ssl.SSLConnectionSocketFactory -- Enabled protocols: [TLSv1.3, TLSv1.2]
19:59:57.684 [main] DEBUG org.apache.http.conn.ssl.SSLConnectionSocketFactory -- Enabled cipher suites:[TLS_AES_256_GCM_SHA384, TLS_AES_128_GCM_SHA256, TLS_CHACHA20_POLY1305_SHA256, TLS_ECDHE_ECDSA_WITH_AES_256_GCM_SHA384, TLS_ECDHE_ECDSA_WITH_AES_128_GCM_SHA256, TLS_ECDHE_ECDSA_WITH_CHACHA20_POLY1305_SHA256, TLS_ECDHE_RSA_WITH_AES_256_GCM_SHA384, TLS_ECDHE_RSA_WITH_CHACHA20_POLY1305_SHA256, TLS_ECDHE_RSA_WITH_AES_128_GCM_SHA256, TLS_DHE_RSA_WITH_AES_256_GCM_SHA384, TLS_DHE_RSA_WITH_CHACHA20_POLY1305_SHA256, TLS_DHE_DSS_WITH_AES_256_GCM_SHA384, TLS_DHE_RSA_WITH_AES_128_GCM_SHA256, TLS_DHE_DSS_WITH_AES_128_GCM_SHA256, TLS_ECDHE_ECDSA_WITH_AES_256_CBC_SHA384, TLS_ECDHE_RSA_WITH_AES_256_CBC_SHA384, TLS_ECDHE_ECDSA_WITH_AES_128_CBC_SHA256, TLS_ECDHE_RSA_WITH_AES_128_CBC_SHA256, TLS_DHE_RSA_WITH_AES_256_CBC_SHA256, TLS_DHE_DSS_WITH_AES_256_CBC_SHA256, TLS_DHE_RSA_WITH_AES_128_CBC_SHA256, TLS_DHE_DSS_WITH_AES_128_CBC_SHA256, TLS_ECDH_ECDSA_WITH_AES_256_GCM_SHA384, TLS_ECDH_RSA_WITH_AES_256_GCM_SHA384, TLS_ECDH_ECDSA_WITH_AES_128_GCM_SHA256, TLS_ECDH_RSA_WITH_AES_128_GCM_SHA256, TLS_ECDH_ECDSA_WITH_AES_256_CBC_SHA384, TLS_ECDH_RSA_WITH_AES_256_CBC_SHA384, TLS_ECDH_ECDSA_WITH_AES_128_CBC_SHA256, TLS_ECDH_RSA_WITH_AES_128_CBC_SHA256, TLS_ECDHE_ECDSA_WITH_AES_256_CBC_SHA, TLS_ECDHE_RSA_WITH_AES_256_CBC_SHA, TLS_ECDHE_ECDSA_WITH_AES_128_CBC_SHA, TLS_ECDHE_RSA_WITH_AES_128_CBC_SHA, TLS_DHE_RSA_WITH_AES_256_CBC_SHA, TLS_DHE_DSS_WITH_AES_256_CBC_SHA, TLS_DHE_RSA_WITH_AES_128_CBC_SHA, TLS_DHE_DSS_WITH_AES_128_CBC_SHA, TLS_ECDH_ECDSA_WITH_AES_256_CBC_SHA, TLS_ECDH_RSA_WITH_AES_256_CBC_SHA, TLS_ECDH_ECDSA_WITH_AES_128_CBC_SHA, TLS_ECDH_RSA_WITH_AES_128_CBC_SHA, TLS_RSA_WITH_AES_256_GCM_SHA384, TLS_RSA_WITH_AES_128_GCM_SHA256, TLS_RSA_WITH_AES_256_CBC_SHA256, TLS_RSA_WITH_AES_128_CBC_SHA256, TLS_RSA_WITH_AES_256_CBC_SHA, TLS_RSA_WITH_AES_128_CBC_SHA, TLS_EMPTY_RENEGOTIATION_INFO_SCSV]
19:59:57.684 [main] DEBUG org.apache.http.conn.ssl.SSLConnectionSocketFactory -- Starting handshake
19:59:57.718 [main] DEBUG org.apache.http.conn.ssl.SSLConnectionSocketFactory -- Secure session established
19:59:57.719 [main] DEBUG org.apache.http.conn.ssl.SSLConnectionSocketFactory --  negotiated protocol: TLSv1.3
19:59:57.719 [main] DEBUG org.apache.http.conn.ssl.SSLConnectionSocketFactory --  negotiated cipher suite: TLS_AES_256_GCM_SHA384
19:59:57.719 [main] DEBUG org.apache.http.conn.ssl.SSLConnectionSocketFactory --  peer principal: CN=reqres.in
19:59:57.719 [main] DEBUG org.apache.http.conn.ssl.SSLConnectionSocketFactory --  peer alternative names: [reqres.in, *.reqres.in]
19:59:57.719 [main] DEBUG org.apache.http.conn.ssl.SSLConnectionSocketFactory --  issuer principal: CN=WE1, O=Google Trust Services, C=US
19:59:57.719 [main] DEBUG org.apache.http.impl.conn.DefaultHttpClientConnectionOperator -- Connection established 192.168.1.20:56993<->104.26.10.213:443
19:59:57.719 [main] DEBUG org.apache.http.impl.conn.DefaultManagedHttpClientConnection -- http-outgoing-5: set socket timeout to 5000
19:59:57.719 [main] DEBUG org.apache.http.impl.execchain.MainClientExec -- Executing request POST /api/login HTTP/1.1
19:59:57.719 [main] DEBUG org.apache.http.impl.execchain.MainClientExec -- Target auth state: UNCHALLENGED
19:59:57.719 [main] DEBUG org.apache.http.impl.execchain.MainClientExec -- Proxy auth state: UNCHALLENGED
19:59:57.719 [main] DEBUG org.apache.http.headers -- http-outgoing-5 >> POST /api/login HTTP/1.1
19:59:57.719 [main] DEBUG org.apache.http.headers -- http-outgoing-5 >> Content-Type: application/json; charset=UTF-8
19:59:57.719 [main] DEBUG org.apache.http.headers -- http-outgoing-5 >> x-api-key: reqres-free-v1
19:59:57.719 [main] DEBUG org.apache.http.headers -- http-outgoing-5 >> Content-Length: 42
19:59:57.719 [main] DEBUG org.apache.http.headers -- http-outgoing-5 >> Host: reqres.in
19:59:57.719 [main] DEBUG org.apache.http.headers -- http-outgoing-5 >> Connection: Keep-Alive
19:59:57.719 [main] DEBUG org.apache.http.headers -- http-outgoing-5 >> User-Agent: Apache-HttpClient/4.5.14 (Java/17.0.9)
19:59:57.719 [main] DEBUG org.apache.http.headers -- http-outgoing-5 >> Accept-Encoding: gzip,deflate
19:59:57.719 [main] DEBUG org.apache.http.wire -- http-outgoing-5 >> "POST /api/login HTTP/1.1[\r][\n]"
19:59:57.719 [main] DEBUG org.apache.http.wire -- http-outgoing-5 >> "Content-Type: application/json; charset=UTF-8[\r][\n]"
19:59:57.719 [main] DEBUG org.apache.http.wire -- http-outgoing-5 >> "x-api-key: reqres-free-v1[\r][\n]"
19:59:57.719 [main] DEBUG org.apache.http.wire -- http-outgoing-5 >> "Content-Length: 42[\r][\n]"
19:59:57.719 [main] DEBUG org.apache.http.wire -- http-outgoing-5 >> "Host: reqres.in[\r][\n]"
19:59:57.719 [main] DEBUG org.apache.http.wire -- http-outgoing-5 >> "Connection: Keep-Alive[\r][\n]"
19:59:57.719 [main] DEBUG org.apache.http.wire -- http-outgoing-5 >> "User-Agent: Apache-HttpClient/4.5.14 (Java/17.0.9)[\r][\n]"
19:59:57.719 [main] DEBUG org.apache.http.wire -- http-outgoing-5 >> "Accept-Encoding: gzip,deflate[\r][\n]"
19:59:57.719 [main] DEBUG org.apache.http.wire -- http-outgoing-5 >> "[\r][\n]"
19:59:57.719 [main] DEBUG org.apache.http.wire -- http-outgoing-5 >> "{"email":"user@","password":"password123"}"
19:59:58.296 [main] DEBUG org.apache.http.wire -- http-outgoing-5 << "HTTP/1.1 400 Bad Request[\r][\n]"
19:59:58.296 [main] DEBUG org.apache.http.wire -- http-outgoing-5 << "Date: Mon, 16 Jun 2025 12:59:57 GMT[\r][\n]"
19:59:58.296 [main] DEBUG org.apache.http.wire -- http-outgoing-5 << "Content-Type: application/json; charset=utf-8[\r][\n]"
19:59:58.296 [main] DEBUG org.apache.http.wire -- http-outgoing-5 << "Content-Length: 26[\r][\n]"
19:59:58.296 [main] DEBUG org.apache.http.wire -- http-outgoing-5 << "Connection: keep-alive[\r][\n]"
19:59:58.296 [main] DEBUG org.apache.http.wire -- http-outgoing-5 << "Cf-Ray: 950a7cc1c8768546-HKG[\r][\n]"
19:59:58.296 [main] DEBUG org.apache.http.wire -- http-outgoing-5 << "Report-To: {"group":"heroku-nel","max_age":3600,"endpoints":[{"url":"https://nel.heroku.com/reports?ts=1750078797&sid=c4c9725f-1ab0-44d8-820f-430df2718e11&s=JSHsFDD%2FsZsaUFxjZG%2BhTY02%2FeuKvALe%2Fn7eJFtKXeg%3D"}]}[\r][\n]"
19:59:58.296 [main] DEBUG org.apache.http.wire -- http-outgoing-5 << "Reporting-Endpoints: heroku-nel=https://nel.heroku.com/reports?ts=1750078797&sid=c4c9725f-1ab0-44d8-820f-430df2718e11&s=JSHsFDD%2FsZsaUFxjZG%2BhTY02%2FeuKvALe%2Fn7eJFtKXeg%3D[\r][\n]"
19:59:58.296 [main] DEBUG org.apache.http.wire -- http-outgoing-5 << "Nel: {"report_to":"heroku-nel","max_age":3600,"success_fraction":0.005,"failure_fraction":0.05,"response_headers":["Via"]}[\r][\n]"
19:59:58.296 [main] DEBUG org.apache.http.wire -- http-outgoing-5 << "X-Powered-By: Express[\r][\n]"
19:59:58.296 [main] DEBUG org.apache.http.wire -- http-outgoing-5 << "Access-Control-Allow-Origin: *[\r][\n]"
19:59:58.296 [main] DEBUG org.apache.http.wire -- http-outgoing-5 << "Ratelimit-Policy: 100;w=60[\r][\n]"
19:59:58.296 [main] DEBUG org.apache.http.wire -- http-outgoing-5 << "Ratelimit-Limit: 100[\r][\n]"
19:59:58.296 [main] DEBUG org.apache.http.wire -- http-outgoing-5 << "Ratelimit-Remaining: 88[\r][\n]"
19:59:58.296 [main] DEBUG org.apache.http.wire -- http-outgoing-5 << "Ratelimit-Reset: 57[\r][\n]"
19:59:58.296 [main] DEBUG org.apache.http.wire -- http-outgoing-5 << "Etag: W/"1a-EGIcyP6BIiCXl5Gb1aph5CGf4VQ"[\r][\n]"
19:59:58.296 [main] DEBUG org.apache.http.wire -- http-outgoing-5 << "Via: 1.1 vegur[\r][\n]"
19:59:58.296 [main] DEBUG org.apache.http.wire -- http-outgoing-5 << "Cf-Cache-Status: DYNAMIC[\r][\n]"
19:59:58.296 [main] DEBUG org.apache.http.wire -- http-outgoing-5 << "Server: cloudflare[\r][\n]"
19:59:58.296 [main] DEBUG org.apache.http.wire -- http-outgoing-5 << "server-timing: cfL4;desc="?proto=TCP&rtt=29769&min_rtt=26491&rtt_var=12276&sent=4&recv=6&lost=0&retrans=0&sent_bytes=219&recv_bytes=1339&delivery_rate=54811&cwnd=250&unsent_bytes=0&cid=c1594e259bf12d9d&ts=583&x=0"[\r][\n]"
19:59:58.296 [main] DEBUG org.apache.http.wire -- http-outgoing-5 << "[\r][\n]"
19:59:58.296 [main] DEBUG org.apache.http.wire -- http-outgoing-5 << "{"error":"user not found"}"
19:59:58.297 [main] DEBUG org.apache.http.headers -- http-outgoing-5 << HTTP/1.1 400 Bad Request
19:59:58.297 [main] DEBUG org.apache.http.headers -- http-outgoing-5 << Date: Mon, 16 Jun 2025 12:59:57 GMT
19:59:58.297 [main] DEBUG org.apache.http.headers -- http-outgoing-5 << Content-Type: application/json; charset=utf-8
19:59:58.297 [main] DEBUG org.apache.http.headers -- http-outgoing-5 << Content-Length: 26
19:59:58.297 [main] DEBUG org.apache.http.headers -- http-outgoing-5 << Connection: keep-alive
19:59:58.297 [main] DEBUG org.apache.http.headers -- http-outgoing-5 << Cf-Ray: 950a7cc1c8768546-HKG
19:59:58.297 [main] DEBUG org.apache.http.headers -- http-outgoing-5 << Report-To: {"group":"heroku-nel","max_age":3600,"endpoints":[{"url":"https://nel.heroku.com/reports?ts=1750078797&sid=c4c9725f-1ab0-44d8-820f-430df2718e11&s=JSHsFDD%2FsZsaUFxjZG%2BhTY02%2FeuKvALe%2Fn7eJFtKXeg%3D"}]}
19:59:58.297 [main] DEBUG org.apache.http.headers -- http-outgoing-5 << Reporting-Endpoints: heroku-nel=https://nel.heroku.com/reports?ts=1750078797&sid=c4c9725f-1ab0-44d8-820f-430df2718e11&s=JSHsFDD%2FsZsaUFxjZG%2BhTY02%2FeuKvALe%2Fn7eJFtKXeg%3D
19:59:58.297 [main] DEBUG org.apache.http.headers -- http-outgoing-5 << Nel: {"report_to":"heroku-nel","max_age":3600,"success_fraction":0.005,"failure_fraction":0.05,"response_headers":["Via"]}
19:59:58.297 [main] DEBUG org.apache.http.headers -- http-outgoing-5 << X-Powered-By: Express
19:59:58.297 [main] DEBUG org.apache.http.headers -- http-outgoing-5 << Access-Control-Allow-Origin: *
19:59:58.297 [main] DEBUG org.apache.http.headers -- http-outgoing-5 << Ratelimit-Policy: 100;w=60
19:59:58.297 [main] DEBUG org.apache.http.headers -- http-outgoing-5 << Ratelimit-Limit: 100
19:59:58.297 [main] DEBUG org.apache.http.headers -- http-outgoing-5 << Ratelimit-Remaining: 88
19:59:58.297 [main] DEBUG org.apache.http.headers -- http-outgoing-5 << Ratelimit-Reset: 57
19:59:58.297 [main] DEBUG org.apache.http.headers -- http-outgoing-5 << Etag: W/"1a-EGIcyP6BIiCXl5Gb1aph5CGf4VQ"
19:59:58.297 [main] DEBUG org.apache.http.headers -- http-outgoing-5 << Via: 1.1 vegur
19:59:58.297 [main] DEBUG org.apache.http.headers -- http-outgoing-5 << Cf-Cache-Status: DYNAMIC
19:59:58.297 [main] DEBUG org.apache.http.headers -- http-outgoing-5 << Server: cloudflare
19:59:58.297 [main] DEBUG org.apache.http.headers -- http-outgoing-5 << server-timing: cfL4;desc="?proto=TCP&rtt=29769&min_rtt=26491&rtt_var=12276&sent=4&recv=6&lost=0&retrans=0&sent_bytes=219&recv_bytes=1339&delivery_rate=54811&cwnd=250&unsent_bytes=0&cid=c1594e259bf12d9d&ts=583&x=0"
19:59:58.297 [main] DEBUG org.apache.http.impl.execchain.MainClientExec -- Connection can be kept alive indefinitely
19:59:58.297 [main] DEBUG org.apache.http.impl.conn.PoolingHttpClientConnectionManager -- Connection [id: 5][route: {s}->https://reqres.in:443] can be kept alive indefinitely
19:59:58.297 [main] DEBUG org.apache.http.impl.conn.DefaultManagedHttpClientConnection -- http-outgoing-5: set socket timeout to 0
19:59:58.297 [main] DEBUG org.apache.http.impl.conn.PoolingHttpClientConnectionManager -- Connection released: [id: 5][route: {s}->https://reqres.in:443][total available: 1; route allocated: 1 of 5; total allocated: 1 of 10]
19:59:58.297 [main] DEBUG org.apache.http.impl.conn.PoolingHttpClientConnectionManager -- Connection manager is shutting down
19:59:58.297 [main] DEBUG org.apache.http.impl.conn.DefaultManagedHttpClientConnection -- http-outgoing-5: Close connection
19:59:58.298 [main] DEBUG org.apache.http.impl.conn.PoolingHttpClientConnectionManager -- Connection manager shut down
19:59:58.298 [main] DEBUG com.intuit.karate -- response time in milliseconds: 655
1 < 400
1 < Date: Mon, 16 Jun 2025 12:59:57 GMT
1 < Content-Type: application/json; charset=utf-8
1 < Content-Length: 26
1 < Connection: keep-alive
1 < Cf-Ray: 950a7cc1c8768546-HKG
1 < Report-To: {"group":"heroku-nel","max_age":3600,"endpoints":[{"url":"https://nel.heroku.com/reports?ts=1750078797&sid=c4c9725f-1ab0-44d8-820f-430df2718e11&s=JSHsFDD%2FsZsaUFxjZG%2BhTY02%2FeuKvALe%2Fn7eJFtKXeg%3D"}]}
1 < Reporting-Endpoints: heroku-nel=https://nel.heroku.com/reports?ts=1750078797&sid=c4c9725f-1ab0-44d8-820f-430df2718e11&s=JSHsFDD%2FsZsaUFxjZG%2BhTY02%2FeuKvALe%2Fn7eJFtKXeg%3D
1 < Nel: {"report_to":"heroku-nel","max_age":3600,"success_fraction":0.005,"failure_fraction":0.05,"response_headers":["Via"]}
1 < X-Powered-By: Express
1 < Access-Control-Allow-Origin: *
1 < Ratelimit-Policy: 100;w=60
1 < Ratelimit-Limit: 100
1 < Ratelimit-Remaining: 88
1 < Ratelimit-Reset: 57
1 < Etag: W/"1a-EGIcyP6BIiCXl5Gb1aph5CGf4VQ"
1 < Via: 1.1 vegur
1 < Cf-Cache-Status: DYNAMIC
1 < Server: cloudflare
1 < server-timing: cfL4;desc="?proto=TCP&rtt=29769&min_rtt=26491&rtt_var=12276&sent=4&recv=6&lost=0&retrans=0&sent_bytes=219&recv_bytes=1339&delivery_rate=54811&cwnd=250&unsent_bytes=0&cid=c1594e259bf12d9d&ts=583&x=0"
{
  "error": "user not found"
}


19:59:58.300 [main] INFO com.intuit.karate -- [print] Calling login API v?i email: user@ password: password123 
19:59:58.301 [main] INFO com.intuit.karate -- [print] Response status: 400 body: {
  "error": "user not found"
}
 
19:59:58.302 [main] INFO com.intuit.karate -- Test Case Data: {
  "email": "user@",
  "password": "password123",
  "expectedStatus": 400.0,
  "expectedResult": "Invalid email format",
  "testDescription": "TC: Email không h?p l? - thi?u domain",
  "responseStatus": "",
  "result": ""
}
 
19:59:58.302 [main] INFO com.intuit.karate -- Expected Status: 400.0 
19:59:58.302 [main] INFO com.intuit.karate -- Expected Result: Invalid email format 
19:59:58.302 [main] INFO com.intuit.karate -- Actual Status: 400 
19:59:58.302 [main] INFO com.intuit.karate -- Is Expected Status: true 
19:59:58.302 [main] INFO com.intuit.karate -- Test case #6 - Status: 400, Result: {"error":"user not found"} 
19:59:58.303 [main] INFO com.intuit.karate -- ?ang ch?y test case #7: TC: Email không h?p l? - thi?u ký t? @ 
19:59:58.311 [main] INFO com.intuit.karate -- karate.env system property was: null 
19:59:58.313 [main] DEBUG com.jayway.jsonpath.internal.path.CompiledPath -- Evaluating path: $
19:59:58.314 [main] DEBUG org.apache.http.client.protocol.RequestAddCookies -- CookieSpec selected: karate
19:59:58.315 [main] DEBUG org.apache.http.client.protocol.RequestAuthCache -- Auth cache not set in the context
19:59:58.315 [main] DEBUG com.intuit.karate -- request:
1 > POST https://reqres.in/api/login
1 > Content-Type: application/json; charset=UTF-8
1 > x-api-key: reqres-free-v1
1 > Content-Length: 53
1 > Host: reqres.in
1 > Connection: Keep-Alive
1 > User-Agent: Apache-HttpClient/4.5.14 (Java/17.0.9)
1 > Accept-Encoding: gzip,deflate
{
  "email": "user.example.com",
  "password": "password123"
}


19:59:58.315 [main] DEBUG org.apache.http.impl.conn.PoolingHttpClientConnectionManager -- Connection request: [route: {s}->https://reqres.in:443][total available: 0; route allocated: 0 of 5; total allocated: 0 of 10]
19:59:58.316 [main] DEBUG org.apache.http.impl.conn.PoolingHttpClientConnectionManager -- Connection leased: [id: 6][route: {s}->https://reqres.in:443][total available: 0; route allocated: 1 of 5; total allocated: 1 of 10]
19:59:58.316 [main] DEBUG org.apache.http.impl.execchain.MainClientExec -- Opening connection {s}->https://reqres.in:443
19:59:58.316 [main] DEBUG org.apache.http.impl.conn.DefaultHttpClientConnectionOperator -- Connecting to reqres.in/104.26.10.213:443
19:59:58.316 [main] DEBUG org.apache.http.conn.ssl.SSLConnectionSocketFactory -- Connecting socket to reqres.in/104.26.10.213:443 with timeout 5000
19:59:58.345 [main] DEBUG org.apache.http.conn.ssl.SSLConnectionSocketFactory -- Enabled protocols: [TLSv1.3, TLSv1.2]
19:59:58.345 [main] DEBUG org.apache.http.conn.ssl.SSLConnectionSocketFactory -- Enabled cipher suites:[TLS_AES_256_GCM_SHA384, TLS_AES_128_GCM_SHA256, TLS_CHACHA20_POLY1305_SHA256, TLS_ECDHE_ECDSA_WITH_AES_256_GCM_SHA384, TLS_ECDHE_ECDSA_WITH_AES_128_GCM_SHA256, TLS_ECDHE_ECDSA_WITH_CHACHA20_POLY1305_SHA256, TLS_ECDHE_RSA_WITH_AES_256_GCM_SHA384, TLS_ECDHE_RSA_WITH_CHACHA20_POLY1305_SHA256, TLS_ECDHE_RSA_WITH_AES_128_GCM_SHA256, TLS_DHE_RSA_WITH_AES_256_GCM_SHA384, TLS_DHE_RSA_WITH_CHACHA20_POLY1305_SHA256, TLS_DHE_DSS_WITH_AES_256_GCM_SHA384, TLS_DHE_RSA_WITH_AES_128_GCM_SHA256, TLS_DHE_DSS_WITH_AES_128_GCM_SHA256, TLS_ECDHE_ECDSA_WITH_AES_256_CBC_SHA384, TLS_ECDHE_RSA_WITH_AES_256_CBC_SHA384, TLS_ECDHE_ECDSA_WITH_AES_128_CBC_SHA256, TLS_ECDHE_RSA_WITH_AES_128_CBC_SHA256, TLS_DHE_RSA_WITH_AES_256_CBC_SHA256, TLS_DHE_DSS_WITH_AES_256_CBC_SHA256, TLS_DHE_RSA_WITH_AES_128_CBC_SHA256, TLS_DHE_DSS_WITH_AES_128_CBC_SHA256, TLS_ECDH_ECDSA_WITH_AES_256_GCM_SHA384, TLS_ECDH_RSA_WITH_AES_256_GCM_SHA384, TLS_ECDH_ECDSA_WITH_AES_128_GCM_SHA256, TLS_ECDH_RSA_WITH_AES_128_GCM_SHA256, TLS_ECDH_ECDSA_WITH_AES_256_CBC_SHA384, TLS_ECDH_RSA_WITH_AES_256_CBC_SHA384, TLS_ECDH_ECDSA_WITH_AES_128_CBC_SHA256, TLS_ECDH_RSA_WITH_AES_128_CBC_SHA256, TLS_ECDHE_ECDSA_WITH_AES_256_CBC_SHA, TLS_ECDHE_RSA_WITH_AES_256_CBC_SHA, TLS_ECDHE_ECDSA_WITH_AES_128_CBC_SHA, TLS_ECDHE_RSA_WITH_AES_128_CBC_SHA, TLS_DHE_RSA_WITH_AES_256_CBC_SHA, TLS_DHE_DSS_WITH_AES_256_CBC_SHA, TLS_DHE_RSA_WITH_AES_128_CBC_SHA, TLS_DHE_DSS_WITH_AES_128_CBC_SHA, TLS_ECDH_ECDSA_WITH_AES_256_CBC_SHA, TLS_ECDH_RSA_WITH_AES_256_CBC_SHA, TLS_ECDH_ECDSA_WITH_AES_128_CBC_SHA, TLS_ECDH_RSA_WITH_AES_128_CBC_SHA, TLS_RSA_WITH_AES_256_GCM_SHA384, TLS_RSA_WITH_AES_128_GCM_SHA256, TLS_RSA_WITH_AES_256_CBC_SHA256, TLS_RSA_WITH_AES_128_CBC_SHA256, TLS_RSA_WITH_AES_256_CBC_SHA, TLS_RSA_WITH_AES_128_CBC_SHA, TLS_EMPTY_RENEGOTIATION_INFO_SCSV]
19:59:58.345 [main] DEBUG org.apache.http.conn.ssl.SSLConnectionSocketFactory -- Starting handshake
19:59:58.376 [main] DEBUG org.apache.http.conn.ssl.SSLConnectionSocketFactory -- Secure session established
19:59:58.376 [main] DEBUG org.apache.http.conn.ssl.SSLConnectionSocketFactory --  negotiated protocol: TLSv1.3
19:59:58.376 [main] DEBUG org.apache.http.conn.ssl.SSLConnectionSocketFactory --  negotiated cipher suite: TLS_AES_256_GCM_SHA384
19:59:58.376 [main] DEBUG org.apache.http.conn.ssl.SSLConnectionSocketFactory --  peer principal: CN=reqres.in
19:59:58.376 [main] DEBUG org.apache.http.conn.ssl.SSLConnectionSocketFactory --  peer alternative names: [reqres.in, *.reqres.in]
19:59:58.376 [main] DEBUG org.apache.http.conn.ssl.SSLConnectionSocketFactory --  issuer principal: CN=WE1, O=Google Trust Services, C=US
19:59:58.377 [main] DEBUG org.apache.http.impl.conn.DefaultHttpClientConnectionOperator -- Connection established 192.168.1.20:56994<->104.26.10.213:443
19:59:58.377 [main] DEBUG org.apache.http.impl.conn.DefaultManagedHttpClientConnection -- http-outgoing-6: set socket timeout to 5000
19:59:58.377 [main] DEBUG org.apache.http.impl.execchain.MainClientExec -- Executing request POST /api/login HTTP/1.1
19:59:58.377 [main] DEBUG org.apache.http.impl.execchain.MainClientExec -- Target auth state: UNCHALLENGED
19:59:58.377 [main] DEBUG org.apache.http.impl.execchain.MainClientExec -- Proxy auth state: UNCHALLENGED
19:59:58.377 [main] DEBUG org.apache.http.headers -- http-outgoing-6 >> POST /api/login HTTP/1.1
19:59:58.377 [main] DEBUG org.apache.http.headers -- http-outgoing-6 >> Content-Type: application/json; charset=UTF-8
19:59:58.377 [main] DEBUG org.apache.http.headers -- http-outgoing-6 >> x-api-key: reqres-free-v1
19:59:58.377 [main] DEBUG org.apache.http.headers -- http-outgoing-6 >> Content-Length: 53
19:59:58.377 [main] DEBUG org.apache.http.headers -- http-outgoing-6 >> Host: reqres.in
19:59:58.377 [main] DEBUG org.apache.http.headers -- http-outgoing-6 >> Connection: Keep-Alive
19:59:58.377 [main] DEBUG org.apache.http.headers -- http-outgoing-6 >> User-Agent: Apache-HttpClient/4.5.14 (Java/17.0.9)
19:59:58.377 [main] DEBUG org.apache.http.headers -- http-outgoing-6 >> Accept-Encoding: gzip,deflate
19:59:58.378 [main] DEBUG org.apache.http.wire -- http-outgoing-6 >> "POST /api/login HTTP/1.1[\r][\n]"
19:59:58.378 [main] DEBUG org.apache.http.wire -- http-outgoing-6 >> "Content-Type: application/json; charset=UTF-8[\r][\n]"
19:59:58.378 [main] DEBUG org.apache.http.wire -- http-outgoing-6 >> "x-api-key: reqres-free-v1[\r][\n]"
19:59:58.378 [main] DEBUG org.apache.http.wire -- http-outgoing-6 >> "Content-Length: 53[\r][\n]"
19:59:58.378 [main] DEBUG org.apache.http.wire -- http-outgoing-6 >> "Host: reqres.in[\r][\n]"
19:59:58.378 [main] DEBUG org.apache.http.wire -- http-outgoing-6 >> "Connection: Keep-Alive[\r][\n]"
19:59:58.378 [main] DEBUG org.apache.http.wire -- http-outgoing-6 >> "User-Agent: Apache-HttpClient/4.5.14 (Java/17.0.9)[\r][\n]"
19:59:58.378 [main] DEBUG org.apache.http.wire -- http-outgoing-6 >> "Accept-Encoding: gzip,deflate[\r][\n]"
19:59:58.378 [main] DEBUG org.apache.http.wire -- http-outgoing-6 >> "[\r][\n]"
19:59:58.378 [main] DEBUG org.apache.http.wire -- http-outgoing-6 >> "{"email":"user.example.com","password":"password123"}"
19:59:58.995 [main] DEBUG org.apache.http.wire -- http-outgoing-6 << "HTTP/1.1 400 Bad Request[\r][\n]"
19:59:58.995 [main] DEBUG org.apache.http.wire -- http-outgoing-6 << "Date: Mon, 16 Jun 2025 12:59:58 GMT[\r][\n]"
19:59:58.995 [main] DEBUG org.apache.http.wire -- http-outgoing-6 << "Content-Type: application/json; charset=utf-8[\r][\n]"
19:59:58.995 [main] DEBUG org.apache.http.wire -- http-outgoing-6 << "Content-Length: 26[\r][\n]"
19:59:58.995 [main] DEBUG org.apache.http.wire -- http-outgoing-6 << "Connection: keep-alive[\r][\n]"
19:59:58.995 [main] DEBUG org.apache.http.wire -- http-outgoing-6 << "Cf-Ray: 950a7cc5fd9302da-HKG[\r][\n]"
19:59:58.995 [main] DEBUG org.apache.http.wire -- http-outgoing-6 << "Report-To: {"group":"heroku-nel","max_age":3600,"endpoints":[{"url":"https://nel.heroku.com/reports?ts=1750078798&sid=c4c9725f-1ab0-44d8-820f-430df2718e11&s=u34YP8CBPj29JJkgR7dIWrPqKUT8XlF7VcnNP5LOBks%3D"}]}[\r][\n]"
19:59:58.995 [main] DEBUG org.apache.http.wire -- http-outgoing-6 << "Reporting-Endpoints: heroku-nel=https://nel.heroku.com/reports?ts=1750078798&sid=c4c9725f-1ab0-44d8-820f-430df2718e11&s=u34YP8CBPj29JJkgR7dIWrPqKUT8XlF7VcnNP5LOBks%3D[\r][\n]"
19:59:58.995 [main] DEBUG org.apache.http.wire -- http-outgoing-6 << "Nel: {"report_to":"heroku-nel","max_age":3600,"success_fraction":0.005,"failure_fraction":0.05,"response_headers":["Via"]}[\r][\n]"
19:59:58.996 [main] DEBUG org.apache.http.wire -- http-outgoing-6 << "X-Powered-By: Express[\r][\n]"
19:59:58.996 [main] DEBUG org.apache.http.wire -- http-outgoing-6 << "Access-Control-Allow-Origin: *[\r][\n]"
19:59:58.996 [main] DEBUG org.apache.http.wire -- http-outgoing-6 << "Ratelimit-Policy: 100;w=60[\r][\n]"
19:59:58.996 [main] DEBUG org.apache.http.wire -- http-outgoing-6 << "Ratelimit-Limit: 100[\r][\n]"
19:59:58.996 [main] DEBUG org.apache.http.wire -- http-outgoing-6 << "Ratelimit-Remaining: 86[\r][\n]"
19:59:58.996 [main] DEBUG org.apache.http.wire -- http-outgoing-6 << "Ratelimit-Reset: 56[\r][\n]"
19:59:58.996 [main] DEBUG org.apache.http.wire -- http-outgoing-6 << "Etag: W/"1a-EGIcyP6BIiCXl5Gb1aph5CGf4VQ"[\r][\n]"
19:59:58.996 [main] DEBUG org.apache.http.wire -- http-outgoing-6 << "Via: 1.1 vegur[\r][\n]"
19:59:58.996 [main] DEBUG org.apache.http.wire -- http-outgoing-6 << "Cf-Cache-Status: DYNAMIC[\r][\n]"
19:59:58.996 [main] DEBUG org.apache.http.wire -- http-outgoing-6 << "Server: cloudflare[\r][\n]"
19:59:58.996 [main] DEBUG org.apache.http.wire -- http-outgoing-6 << "server-timing: cfL4;desc="?proto=TCP&rtt=26117&min_rtt=26089&rtt_var=9840&sent=4&recv=6&lost=0&retrans=0&sent_bytes=219&recv_bytes=1350&delivery_rate=55173&cwnd=250&unsent_bytes=0&cid=743215860a3a288f&ts=615&x=0"[\r][\n]"
19:59:58.996 [main] DEBUG org.apache.http.wire -- http-outgoing-6 << "[\r][\n]"
19:59:58.996 [main] DEBUG org.apache.http.wire -- http-outgoing-6 << "{"error":"user not found"}"
19:59:58.996 [main] DEBUG org.apache.http.headers -- http-outgoing-6 << HTTP/1.1 400 Bad Request
19:59:58.996 [main] DEBUG org.apache.http.headers -- http-outgoing-6 << Date: Mon, 16 Jun 2025 12:59:58 GMT
19:59:58.996 [main] DEBUG org.apache.http.headers -- http-outgoing-6 << Content-Type: application/json; charset=utf-8
19:59:58.996 [main] DEBUG org.apache.http.headers -- http-outgoing-6 << Content-Length: 26
19:59:58.996 [main] DEBUG org.apache.http.headers -- http-outgoing-6 << Connection: keep-alive
19:59:58.996 [main] DEBUG org.apache.http.headers -- http-outgoing-6 << Cf-Ray: 950a7cc5fd9302da-HKG
19:59:58.996 [main] DEBUG org.apache.http.headers -- http-outgoing-6 << Report-To: {"group":"heroku-nel","max_age":3600,"endpoints":[{"url":"https://nel.heroku.com/reports?ts=1750078798&sid=c4c9725f-1ab0-44d8-820f-430df2718e11&s=u34YP8CBPj29JJkgR7dIWrPqKUT8XlF7VcnNP5LOBks%3D"}]}
19:59:58.996 [main] DEBUG org.apache.http.headers -- http-outgoing-6 << Reporting-Endpoints: heroku-nel=https://nel.heroku.com/reports?ts=1750078798&sid=c4c9725f-1ab0-44d8-820f-430df2718e11&s=u34YP8CBPj29JJkgR7dIWrPqKUT8XlF7VcnNP5LOBks%3D
19:59:58.996 [main] DEBUG org.apache.http.headers -- http-outgoing-6 << Nel: {"report_to":"heroku-nel","max_age":3600,"success_fraction":0.005,"failure_fraction":0.05,"response_headers":["Via"]}
19:59:58.996 [main] DEBUG org.apache.http.headers -- http-outgoing-6 << X-Powered-By: Express
19:59:58.996 [main] DEBUG org.apache.http.headers -- http-outgoing-6 << Access-Control-Allow-Origin: *
19:59:58.996 [main] DEBUG org.apache.http.headers -- http-outgoing-6 << Ratelimit-Policy: 100;w=60
19:59:58.996 [main] DEBUG org.apache.http.headers -- http-outgoing-6 << Ratelimit-Limit: 100
19:59:58.996 [main] DEBUG org.apache.http.headers -- http-outgoing-6 << Ratelimit-Remaining: 86
19:59:58.996 [main] DEBUG org.apache.http.headers -- http-outgoing-6 << Ratelimit-Reset: 56
19:59:58.996 [main] DEBUG org.apache.http.headers -- http-outgoing-6 << Etag: W/"1a-EGIcyP6BIiCXl5Gb1aph5CGf4VQ"
19:59:58.996 [main] DEBUG org.apache.http.headers -- http-outgoing-6 << Via: 1.1 vegur
19:59:58.996 [main] DEBUG org.apache.http.headers -- http-outgoing-6 << Cf-Cache-Status: DYNAMIC
19:59:58.996 [main] DEBUG org.apache.http.headers -- http-outgoing-6 << Server: cloudflare
19:59:58.996 [main] DEBUG org.apache.http.headers -- http-outgoing-6 << server-timing: cfL4;desc="?proto=TCP&rtt=26117&min_rtt=26089&rtt_var=9840&sent=4&recv=6&lost=0&retrans=0&sent_bytes=219&recv_bytes=1350&delivery_rate=55173&cwnd=250&unsent_bytes=0&cid=743215860a3a288f&ts=615&x=0"
19:59:58.996 [main] DEBUG org.apache.http.impl.execchain.MainClientExec -- Connection can be kept alive indefinitely
19:59:58.996 [main] DEBUG org.apache.http.impl.conn.PoolingHttpClientConnectionManager -- Connection [id: 6][route: {s}->https://reqres.in:443] can be kept alive indefinitely
19:59:58.996 [main] DEBUG org.apache.http.impl.conn.DefaultManagedHttpClientConnection -- http-outgoing-6: set socket timeout to 0
19:59:58.996 [main] DEBUG org.apache.http.impl.conn.PoolingHttpClientConnectionManager -- Connection released: [id: 6][route: {s}->https://reqres.in:443][total available: 1; route allocated: 1 of 5; total allocated: 1 of 10]
19:59:58.996 [main] DEBUG org.apache.http.impl.conn.PoolingHttpClientConnectionManager -- Connection manager is shutting down
19:59:58.996 [main] DEBUG org.apache.http.impl.conn.DefaultManagedHttpClientConnection -- http-outgoing-6: Close connection
19:59:58.997 [main] DEBUG org.apache.http.impl.conn.PoolingHttpClientConnectionManager -- Connection manager shut down
19:59:58.997 [main] DEBUG com.intuit.karate -- response time in milliseconds: 681
1 < 400
1 < Date: Mon, 16 Jun 2025 12:59:58 GMT
1 < Content-Type: application/json; charset=utf-8
1 < Content-Length: 26
1 < Connection: keep-alive
1 < Cf-Ray: 950a7cc5fd9302da-HKG
1 < Report-To: {"group":"heroku-nel","max_age":3600,"endpoints":[{"url":"https://nel.heroku.com/reports?ts=1750078798&sid=c4c9725f-1ab0-44d8-820f-430df2718e11&s=u34YP8CBPj29JJkgR7dIWrPqKUT8XlF7VcnNP5LOBks%3D"}]}
1 < Reporting-Endpoints: heroku-nel=https://nel.heroku.com/reports?ts=1750078798&sid=c4c9725f-1ab0-44d8-820f-430df2718e11&s=u34YP8CBPj29JJkgR7dIWrPqKUT8XlF7VcnNP5LOBks%3D
1 < Nel: {"report_to":"heroku-nel","max_age":3600,"success_fraction":0.005,"failure_fraction":0.05,"response_headers":["Via"]}
1 < X-Powered-By: Express
1 < Access-Control-Allow-Origin: *
1 < Ratelimit-Policy: 100;w=60
1 < Ratelimit-Limit: 100
1 < Ratelimit-Remaining: 86
1 < Ratelimit-Reset: 56
1 < Etag: W/"1a-EGIcyP6BIiCXl5Gb1aph5CGf4VQ"
1 < Via: 1.1 vegur
1 < Cf-Cache-Status: DYNAMIC
1 < Server: cloudflare
1 < server-timing: cfL4;desc="?proto=TCP&rtt=26117&min_rtt=26089&rtt_var=9840&sent=4&recv=6&lost=0&retrans=0&sent_bytes=219&recv_bytes=1350&delivery_rate=55173&cwnd=250&unsent_bytes=0&cid=743215860a3a288f&ts=615&x=0"
{
  "error": "user not found"
}


19:59:58.998 [main] INFO com.intuit.karate -- [print] Calling login API v?i email: user.example.com password: password123 
19:59:58.998 [main] INFO com.intuit.karate -- [print] Response status: 400 body: {
  "error": "user not found"
}
 
19:59:59.000 [main] INFO com.intuit.karate -- Test Case Data: {
  "email": "user.example.com",
  "password": "password123",
  "expectedStatus": 400.0,
  "expectedResult": "Invalid email format",
  "testDescription": "TC: Email không h?p l? - thi?u ký t? @",
  "responseStatus": "",
  "result": ""
}
 
19:59:59.000 [main] INFO com.intuit.karate -- Expected Status: 400.0 
19:59:59.000 [main] INFO com.intuit.karate -- Expected Result: Invalid email format 
19:59:59.000 [main] INFO com.intuit.karate -- Actual Status: 400 
19:59:59.000 [main] INFO com.intuit.karate -- Is Expected Status: true 
19:59:59.000 [main] INFO com.intuit.karate -- Test case #7 - Status: 400, Result: {"error":"user not found"} 
19:59:59.001 [main] INFO com.intuit.karate -- ?ang ch?y test case #8: TC: Email không h?p l? - thi?u ph?n username 
19:59:59.008 [main] INFO com.intuit.karate -- karate.env system property was: null 
19:59:59.009 [main] DEBUG com.jayway.jsonpath.internal.path.CompiledPath -- Evaluating path: $
19:59:59.010 [main] DEBUG org.apache.http.client.protocol.RequestAddCookies -- CookieSpec selected: karate
19:59:59.010 [main] DEBUG org.apache.http.client.protocol.RequestAuthCache -- Auth cache not set in the context
19:59:59.010 [main] DEBUG com.intuit.karate -- request:
1 > POST https://reqres.in/api/login
1 > Content-Type: application/json; charset=UTF-8
1 > x-api-key: reqres-free-v1
1 > Content-Length: 49
1 > Host: reqres.in
1 > Connection: Keep-Alive
1 > User-Agent: Apache-HttpClient/4.5.14 (Java/17.0.9)
1 > Accept-Encoding: gzip,deflate
{
  "email": "@example.com",
  "password": "password123"
}


19:59:59.010 [main] DEBUG org.apache.http.impl.conn.PoolingHttpClientConnectionManager -- Connection request: [route: {s}->https://reqres.in:443][total available: 0; route allocated: 0 of 5; total allocated: 0 of 10]
19:59:59.010 [main] DEBUG org.apache.http.impl.conn.PoolingHttpClientConnectionManager -- Connection leased: [id: 7][route: {s}->https://reqres.in:443][total available: 0; route allocated: 1 of 5; total allocated: 1 of 10]
19:59:59.011 [main] DEBUG org.apache.http.impl.execchain.MainClientExec -- Opening connection {s}->https://reqres.in:443
19:59:59.011 [main] DEBUG org.apache.http.impl.conn.DefaultHttpClientConnectionOperator -- Connecting to reqres.in/104.26.10.213:443
19:59:59.011 [main] DEBUG org.apache.http.conn.ssl.SSLConnectionSocketFactory -- Connecting socket to reqres.in/104.26.10.213:443 with timeout 5000
19:59:59.035 [main] DEBUG org.apache.http.conn.ssl.SSLConnectionSocketFactory -- Enabled protocols: [TLSv1.3, TLSv1.2]
19:59:59.035 [main] DEBUG org.apache.http.conn.ssl.SSLConnectionSocketFactory -- Enabled cipher suites:[TLS_AES_256_GCM_SHA384, TLS_AES_128_GCM_SHA256, TLS_CHACHA20_POLY1305_SHA256, TLS_ECDHE_ECDSA_WITH_AES_256_GCM_SHA384, TLS_ECDHE_ECDSA_WITH_AES_128_GCM_SHA256, TLS_ECDHE_ECDSA_WITH_CHACHA20_POLY1305_SHA256, TLS_ECDHE_RSA_WITH_AES_256_GCM_SHA384, TLS_ECDHE_RSA_WITH_CHACHA20_POLY1305_SHA256, TLS_ECDHE_RSA_WITH_AES_128_GCM_SHA256, TLS_DHE_RSA_WITH_AES_256_GCM_SHA384, TLS_DHE_RSA_WITH_CHACHA20_POLY1305_SHA256, TLS_DHE_DSS_WITH_AES_256_GCM_SHA384, TLS_DHE_RSA_WITH_AES_128_GCM_SHA256, TLS_DHE_DSS_WITH_AES_128_GCM_SHA256, TLS_ECDHE_ECDSA_WITH_AES_256_CBC_SHA384, TLS_ECDHE_RSA_WITH_AES_256_CBC_SHA384, TLS_ECDHE_ECDSA_WITH_AES_128_CBC_SHA256, TLS_ECDHE_RSA_WITH_AES_128_CBC_SHA256, TLS_DHE_RSA_WITH_AES_256_CBC_SHA256, TLS_DHE_DSS_WITH_AES_256_CBC_SHA256, TLS_DHE_RSA_WITH_AES_128_CBC_SHA256, TLS_DHE_DSS_WITH_AES_128_CBC_SHA256, TLS_ECDH_ECDSA_WITH_AES_256_GCM_SHA384, TLS_ECDH_RSA_WITH_AES_256_GCM_SHA384, TLS_ECDH_ECDSA_WITH_AES_128_GCM_SHA256, TLS_ECDH_RSA_WITH_AES_128_GCM_SHA256, TLS_ECDH_ECDSA_WITH_AES_256_CBC_SHA384, TLS_ECDH_RSA_WITH_AES_256_CBC_SHA384, TLS_ECDH_ECDSA_WITH_AES_128_CBC_SHA256, TLS_ECDH_RSA_WITH_AES_128_CBC_SHA256, TLS_ECDHE_ECDSA_WITH_AES_256_CBC_SHA, TLS_ECDHE_RSA_WITH_AES_256_CBC_SHA, TLS_ECDHE_ECDSA_WITH_AES_128_CBC_SHA, TLS_ECDHE_RSA_WITH_AES_128_CBC_SHA, TLS_DHE_RSA_WITH_AES_256_CBC_SHA, TLS_DHE_DSS_WITH_AES_256_CBC_SHA, TLS_DHE_RSA_WITH_AES_128_CBC_SHA, TLS_DHE_DSS_WITH_AES_128_CBC_SHA, TLS_ECDH_ECDSA_WITH_AES_256_CBC_SHA, TLS_ECDH_RSA_WITH_AES_256_CBC_SHA, TLS_ECDH_ECDSA_WITH_AES_128_CBC_SHA, TLS_ECDH_RSA_WITH_AES_128_CBC_SHA, TLS_RSA_WITH_AES_256_GCM_SHA384, TLS_RSA_WITH_AES_128_GCM_SHA256, TLS_RSA_WITH_AES_256_CBC_SHA256, TLS_RSA_WITH_AES_128_CBC_SHA256, TLS_RSA_WITH_AES_256_CBC_SHA, TLS_RSA_WITH_AES_128_CBC_SHA, TLS_EMPTY_RENEGOTIATION_INFO_SCSV]
19:59:59.035 [main] DEBUG org.apache.http.conn.ssl.SSLConnectionSocketFactory -- Starting handshake
19:59:59.064 [main] DEBUG org.apache.http.conn.ssl.SSLConnectionSocketFactory -- Secure session established
19:59:59.064 [main] DEBUG org.apache.http.conn.ssl.SSLConnectionSocketFactory --  negotiated protocol: TLSv1.3
19:59:59.064 [main] DEBUG org.apache.http.conn.ssl.SSLConnectionSocketFactory --  negotiated cipher suite: TLS_AES_256_GCM_SHA384
19:59:59.064 [main] DEBUG org.apache.http.conn.ssl.SSLConnectionSocketFactory --  peer principal: CN=reqres.in
19:59:59.064 [main] DEBUG org.apache.http.conn.ssl.SSLConnectionSocketFactory --  peer alternative names: [reqres.in, *.reqres.in]
19:59:59.064 [main] DEBUG org.apache.http.conn.ssl.SSLConnectionSocketFactory --  issuer principal: CN=WE1, O=Google Trust Services, C=US
19:59:59.064 [main] DEBUG org.apache.http.impl.conn.DefaultHttpClientConnectionOperator -- Connection established 192.168.1.20:56995<->104.26.10.213:443
19:59:59.064 [main] DEBUG org.apache.http.impl.conn.DefaultManagedHttpClientConnection -- http-outgoing-7: set socket timeout to 5000
19:59:59.064 [main] DEBUG org.apache.http.impl.execchain.MainClientExec -- Executing request POST /api/login HTTP/1.1
19:59:59.064 [main] DEBUG org.apache.http.impl.execchain.MainClientExec -- Target auth state: UNCHALLENGED
19:59:59.064 [main] DEBUG org.apache.http.impl.execchain.MainClientExec -- Proxy auth state: UNCHALLENGED
19:59:59.064 [main] DEBUG org.apache.http.headers -- http-outgoing-7 >> POST /api/login HTTP/1.1
19:59:59.064 [main] DEBUG org.apache.http.headers -- http-outgoing-7 >> Content-Type: application/json; charset=UTF-8
19:59:59.064 [main] DEBUG org.apache.http.headers -- http-outgoing-7 >> x-api-key: reqres-free-v1
19:59:59.064 [main] DEBUG org.apache.http.headers -- http-outgoing-7 >> Content-Length: 49
19:59:59.064 [main] DEBUG org.apache.http.headers -- http-outgoing-7 >> Host: reqres.in
19:59:59.064 [main] DEBUG org.apache.http.headers -- http-outgoing-7 >> Connection: Keep-Alive
19:59:59.064 [main] DEBUG org.apache.http.headers -- http-outgoing-7 >> User-Agent: Apache-HttpClient/4.5.14 (Java/17.0.9)
19:59:59.064 [main] DEBUG org.apache.http.headers -- http-outgoing-7 >> Accept-Encoding: gzip,deflate
19:59:59.064 [main] DEBUG org.apache.http.wire -- http-outgoing-7 >> "POST /api/login HTTP/1.1[\r][\n]"
19:59:59.065 [main] DEBUG org.apache.http.wire -- http-outgoing-7 >> "Content-Type: application/json; charset=UTF-8[\r][\n]"
19:59:59.065 [main] DEBUG org.apache.http.wire -- http-outgoing-7 >> "x-api-key: reqres-free-v1[\r][\n]"
19:59:59.065 [main] DEBUG org.apache.http.wire -- http-outgoing-7 >> "Content-Length: 49[\r][\n]"
19:59:59.065 [main] DEBUG org.apache.http.wire -- http-outgoing-7 >> "Host: reqres.in[\r][\n]"
19:59:59.065 [main] DEBUG org.apache.http.wire -- http-outgoing-7 >> "Connection: Keep-Alive[\r][\n]"
19:59:59.065 [main] DEBUG org.apache.http.wire -- http-outgoing-7 >> "User-Agent: Apache-HttpClient/4.5.14 (Java/17.0.9)[\r][\n]"
19:59:59.065 [main] DEBUG org.apache.http.wire -- http-outgoing-7 >> "Accept-Encoding: gzip,deflate[\r][\n]"
19:59:59.065 [main] DEBUG org.apache.http.wire -- http-outgoing-7 >> "[\r][\n]"
19:59:59.065 [main] DEBUG org.apache.http.wire -- http-outgoing-7 >> "{"email":"@example.com","password":"password123"}"
19:59:59.634 [main] DEBUG org.apache.http.wire -- http-outgoing-7 << "HTTP/1.1 400 Bad Request[\r][\n]"
19:59:59.634 [main] DEBUG org.apache.http.wire -- http-outgoing-7 << "Date: Mon, 16 Jun 2025 12:59:58 GMT[\r][\n]"
19:59:59.634 [main] DEBUG org.apache.http.wire -- http-outgoing-7 << "Content-Type: application/json; charset=utf-8[\r][\n]"
19:59:59.634 [main] DEBUG org.apache.http.wire -- http-outgoing-7 << "Content-Length: 26[\r][\n]"
19:59:59.634 [main] DEBUG org.apache.http.wire -- http-outgoing-7 << "Connection: keep-alive[\r][\n]"
19:59:59.634 [main] DEBUG org.apache.http.wire -- http-outgoing-7 << "Cf-Ray: 950a7cca3b94e8cb-HKG[\r][\n]"
19:59:59.634 [main] DEBUG org.apache.http.wire -- http-outgoing-7 << "Report-To: {"group":"heroku-nel","max_age":3600,"endpoints":[{"url":"https://nel.heroku.com/reports?ts=1750078798&sid=c4c9725f-1ab0-44d8-820f-430df2718e11&s=u34YP8CBPj29JJkgR7dIWrPqKUT8XlF7VcnNP5LOBks%3D"}]}[\r][\n]"
19:59:59.634 [main] DEBUG org.apache.http.wire -- http-outgoing-7 << "Reporting-Endpoints: heroku-nel=https://nel.heroku.com/reports?ts=1750078798&sid=c4c9725f-1ab0-44d8-820f-430df2718e11&s=u34YP8CBPj29JJkgR7dIWrPqKUT8XlF7VcnNP5LOBks%3D[\r][\n]"
19:59:59.634 [main] DEBUG org.apache.http.wire -- http-outgoing-7 << "Nel: {"report_to":"heroku-nel","max_age":3600,"success_fraction":0.005,"failure_fraction":0.05,"response_headers":["Via"]}[\r][\n]"
19:59:59.634 [main] DEBUG org.apache.http.wire -- http-outgoing-7 << "X-Powered-By: Express[\r][\n]"
19:59:59.635 [main] DEBUG org.apache.http.wire -- http-outgoing-7 << "Access-Control-Allow-Origin: *[\r][\n]"
19:59:59.635 [main] DEBUG org.apache.http.wire -- http-outgoing-7 << "Ratelimit-Policy: 100;w=60[\r][\n]"
19:59:59.635 [main] DEBUG org.apache.http.wire -- http-outgoing-7 << "Ratelimit-Limit: 100[\r][\n]"
19:59:59.635 [main] DEBUG org.apache.http.wire -- http-outgoing-7 << "Ratelimit-Remaining: 84[\r][\n]"
19:59:59.635 [main] DEBUG org.apache.http.wire -- http-outgoing-7 << "Ratelimit-Reset: 56[\r][\n]"
19:59:59.635 [main] DEBUG org.apache.http.wire -- http-outgoing-7 << "Etag: W/"1a-EGIcyP6BIiCXl5Gb1aph5CGf4VQ"[\r][\n]"
19:59:59.635 [main] DEBUG org.apache.http.wire -- http-outgoing-7 << "Via: 1.1 vegur[\r][\n]"
19:59:59.635 [main] DEBUG org.apache.http.wire -- http-outgoing-7 << "Cf-Cache-Status: DYNAMIC[\r][\n]"
19:59:59.635 [main] DEBUG org.apache.http.wire -- http-outgoing-7 << "Server: cloudflare[\r][\n]"
19:59:59.635 [main] DEBUG org.apache.http.wire -- http-outgoing-7 << "server-timing: cfL4;desc="?proto=TCP&rtt=23648&min_rtt=23331&rtt_var=9383&sent=4&recv=6&lost=0&retrans=0&sent_bytes=219&recv_bytes=1346&delivery_rate=56128&cwnd=250&unsent_bytes=0&cid=ea5582f221abb8fb&ts=568&x=0"[\r][\n]"
19:59:59.635 [main] DEBUG org.apache.http.wire -- http-outgoing-7 << "[\r][\n]"
19:59:59.635 [main] DEBUG org.apache.http.wire -- http-outgoing-7 << "{"error":"user not found"}"
19:59:59.635 [main] DEBUG org.apache.http.headers -- http-outgoing-7 << HTTP/1.1 400 Bad Request
19:59:59.635 [main] DEBUG org.apache.http.headers -- http-outgoing-7 << Date: Mon, 16 Jun 2025 12:59:58 GMT
19:59:59.635 [main] DEBUG org.apache.http.headers -- http-outgoing-7 << Content-Type: application/json; charset=utf-8
19:59:59.635 [main] DEBUG org.apache.http.headers -- http-outgoing-7 << Content-Length: 26
19:59:59.635 [main] DEBUG org.apache.http.headers -- http-outgoing-7 << Connection: keep-alive
19:59:59.635 [main] DEBUG org.apache.http.headers -- http-outgoing-7 << Cf-Ray: 950a7cca3b94e8cb-HKG
19:59:59.635 [main] DEBUG org.apache.http.headers -- http-outgoing-7 << Report-To: {"group":"heroku-nel","max_age":3600,"endpoints":[{"url":"https://nel.heroku.com/reports?ts=1750078798&sid=c4c9725f-1ab0-44d8-820f-430df2718e11&s=u34YP8CBPj29JJkgR7dIWrPqKUT8XlF7VcnNP5LOBks%3D"}]}
19:59:59.635 [main] DEBUG org.apache.http.headers -- http-outgoing-7 << Reporting-Endpoints: heroku-nel=https://nel.heroku.com/reports?ts=1750078798&sid=c4c9725f-1ab0-44d8-820f-430df2718e11&s=u34YP8CBPj29JJkgR7dIWrPqKUT8XlF7VcnNP5LOBks%3D
19:59:59.635 [main] DEBUG org.apache.http.headers -- http-outgoing-7 << Nel: {"report_to":"heroku-nel","max_age":3600,"success_fraction":0.005,"failure_fraction":0.05,"response_headers":["Via"]}
19:59:59.635 [main] DEBUG org.apache.http.headers -- http-outgoing-7 << X-Powered-By: Express
19:59:59.635 [main] DEBUG org.apache.http.headers -- http-outgoing-7 << Access-Control-Allow-Origin: *
19:59:59.635 [main] DEBUG org.apache.http.headers -- http-outgoing-7 << Ratelimit-Policy: 100;w=60
19:59:59.635 [main] DEBUG org.apache.http.headers -- http-outgoing-7 << Ratelimit-Limit: 100
19:59:59.635 [main] DEBUG org.apache.http.headers -- http-outgoing-7 << Ratelimit-Remaining: 84
19:59:59.635 [main] DEBUG org.apache.http.headers -- http-outgoing-7 << Ratelimit-Reset: 56
19:59:59.635 [main] DEBUG org.apache.http.headers -- http-outgoing-7 << Etag: W/"1a-EGIcyP6BIiCXl5Gb1aph5CGf4VQ"
19:59:59.635 [main] DEBUG org.apache.http.headers -- http-outgoing-7 << Via: 1.1 vegur
19:59:59.635 [main] DEBUG org.apache.http.headers -- http-outgoing-7 << Cf-Cache-Status: DYNAMIC
19:59:59.635 [main] DEBUG org.apache.http.headers -- http-outgoing-7 << Server: cloudflare
19:59:59.635 [main] DEBUG org.apache.http.headers -- http-outgoing-7 << server-timing: cfL4;desc="?proto=TCP&rtt=23648&min_rtt=23331&rtt_var=9383&sent=4&recv=6&lost=0&retrans=0&sent_bytes=219&recv_bytes=1346&delivery_rate=56128&cwnd=250&unsent_bytes=0&cid=ea5582f221abb8fb&ts=568&x=0"
19:59:59.635 [main] DEBUG org.apache.http.impl.execchain.MainClientExec -- Connection can be kept alive indefinitely
19:59:59.635 [main] DEBUG org.apache.http.impl.conn.PoolingHttpClientConnectionManager -- Connection [id: 7][route: {s}->https://reqres.in:443] can be kept alive indefinitely
19:59:59.635 [main] DEBUG org.apache.http.impl.conn.DefaultManagedHttpClientConnection -- http-outgoing-7: set socket timeout to 0
19:59:59.635 [main] DEBUG org.apache.http.impl.conn.PoolingHttpClientConnectionManager -- Connection released: [id: 7][route: {s}->https://reqres.in:443][total available: 1; route allocated: 1 of 5; total allocated: 1 of 10]
19:59:59.635 [main] DEBUG org.apache.http.impl.conn.PoolingHttpClientConnectionManager -- Connection manager is shutting down
19:59:59.635 [main] DEBUG org.apache.http.impl.conn.DefaultManagedHttpClientConnection -- http-outgoing-7: Close connection
19:59:59.635 [main] DEBUG org.apache.http.impl.conn.PoolingHttpClientConnectionManager -- Connection manager shut down
19:59:59.636 [main] DEBUG com.intuit.karate -- response time in milliseconds: 625
1 < 400
1 < Date: Mon, 16 Jun 2025 12:59:58 GMT
1 < Content-Type: application/json; charset=utf-8
1 < Content-Length: 26
1 < Connection: keep-alive
1 < Cf-Ray: 950a7cca3b94e8cb-HKG
1 < Report-To: {"group":"heroku-nel","max_age":3600,"endpoints":[{"url":"https://nel.heroku.com/reports?ts=1750078798&sid=c4c9725f-1ab0-44d8-820f-430df2718e11&s=u34YP8CBPj29JJkgR7dIWrPqKUT8XlF7VcnNP5LOBks%3D"}]}
1 < Reporting-Endpoints: heroku-nel=https://nel.heroku.com/reports?ts=1750078798&sid=c4c9725f-1ab0-44d8-820f-430df2718e11&s=u34YP8CBPj29JJkgR7dIWrPqKUT8XlF7VcnNP5LOBks%3D
1 < Nel: {"report_to":"heroku-nel","max_age":3600,"success_fraction":0.005,"failure_fraction":0.05,"response_headers":["Via"]}
1 < X-Powered-By: Express
1 < Access-Control-Allow-Origin: *
1 < Ratelimit-Policy: 100;w=60
1 < Ratelimit-Limit: 100
1 < Ratelimit-Remaining: 84
1 < Ratelimit-Reset: 56
1 < Etag: W/"1a-EGIcyP6BIiCXl5Gb1aph5CGf4VQ"
1 < Via: 1.1 vegur
1 < Cf-Cache-Status: DYNAMIC
1 < Server: cloudflare
1 < server-timing: cfL4;desc="?proto=TCP&rtt=23648&min_rtt=23331&rtt_var=9383&sent=4&recv=6&lost=0&retrans=0&sent_bytes=219&recv_bytes=1346&delivery_rate=56128&cwnd=250&unsent_bytes=0&cid=ea5582f221abb8fb&ts=568&x=0"
{
  "error": "user not found"
}


19:59:59.637 [main] INFO com.intuit.karate -- [print] Calling login API v?i email: @example.com password: password123 
19:59:59.637 [main] INFO com.intuit.karate -- [print] Response status: 400 body: {
  "error": "user not found"
}
 
19:59:59.638 [main] INFO com.intuit.karate -- Test Case Data: {
  "email": "@example.com",
  "password": "password123",
  "expectedStatus": 400.0,
  "expectedResult": "Invalid email format",
  "testDescription": "TC: Email không h?p l? - thi?u ph?n username",
  "responseStatus": "",
  "result": ""
}
 
19:59:59.638 [main] INFO com.intuit.karate -- Expected Status: 400.0 
19:59:59.638 [main] INFO com.intuit.karate -- Expected Result: Invalid email format 
19:59:59.638 [main] INFO com.intuit.karate -- Actual Status: 400 
19:59:59.638 [main] INFO com.intuit.karate -- Is Expected Status: true 
19:59:59.638 [main] INFO com.intuit.karate -- Test case #8 - Status: 400, Result: {"error":"user not found"} 
19:59:59.639 [main] INFO com.intuit.karate -- ?ang ch?y test case #9: TC: Password quá ng?n 
19:59:59.645 [main] INFO com.intuit.karate -- karate.env system property was: null 
19:59:59.647 [main] DEBUG com.jayway.jsonpath.internal.path.CompiledPath -- Evaluating path: $
19:59:59.648 [main] DEBUG org.apache.http.client.protocol.RequestAddCookies -- CookieSpec selected: karate
19:59:59.648 [main] DEBUG org.apache.http.client.protocol.RequestAuthCache -- Auth cache not set in the context
19:59:59.648 [main] DEBUG com.intuit.karate -- request:
1 > POST https://reqres.in/api/login
1 > Content-Type: application/json; charset=UTF-8
1 > x-api-key: reqres-free-v1
1 > Content-Length: 46
1 > Host: reqres.in
1 > Connection: Keep-Alive
1 > User-Agent: Apache-HttpClient/4.5.14 (Java/17.0.9)
1 > Accept-Encoding: gzip,deflate
{
  "email": "eve.holt@reqres.in",
  "password": "12"
}


19:59:59.648 [main] DEBUG org.apache.http.impl.conn.PoolingHttpClientConnectionManager -- Connection request: [route: {s}->https://reqres.in:443][total available: 0; route allocated: 0 of 5; total allocated: 0 of 10]
19:59:59.649 [main] DEBUG org.apache.http.impl.conn.PoolingHttpClientConnectionManager -- Connection leased: [id: 8][route: {s}->https://reqres.in:443][total available: 0; route allocated: 1 of 5; total allocated: 1 of 10]
19:59:59.649 [main] DEBUG org.apache.http.impl.execchain.MainClientExec -- Opening connection {s}->https://reqres.in:443
19:59:59.649 [main] DEBUG org.apache.http.impl.conn.DefaultHttpClientConnectionOperator -- Connecting to reqres.in/104.26.10.213:443
19:59:59.649 [main] DEBUG org.apache.http.conn.ssl.SSLConnectionSocketFactory -- Connecting socket to reqres.in/104.26.10.213:443 with timeout 5000
19:59:59.678 [main] DEBUG org.apache.http.conn.ssl.SSLConnectionSocketFactory -- Enabled protocols: [TLSv1.3, TLSv1.2]
19:59:59.678 [main] DEBUG org.apache.http.conn.ssl.SSLConnectionSocketFactory -- Enabled cipher suites:[TLS_AES_256_GCM_SHA384, TLS_AES_128_GCM_SHA256, TLS_CHACHA20_POLY1305_SHA256, TLS_ECDHE_ECDSA_WITH_AES_256_GCM_SHA384, TLS_ECDHE_ECDSA_WITH_AES_128_GCM_SHA256, TLS_ECDHE_ECDSA_WITH_CHACHA20_POLY1305_SHA256, TLS_ECDHE_RSA_WITH_AES_256_GCM_SHA384, TLS_ECDHE_RSA_WITH_CHACHA20_POLY1305_SHA256, TLS_ECDHE_RSA_WITH_AES_128_GCM_SHA256, TLS_DHE_RSA_WITH_AES_256_GCM_SHA384, TLS_DHE_RSA_WITH_CHACHA20_POLY1305_SHA256, TLS_DHE_DSS_WITH_AES_256_GCM_SHA384, TLS_DHE_RSA_WITH_AES_128_GCM_SHA256, TLS_DHE_DSS_WITH_AES_128_GCM_SHA256, TLS_ECDHE_ECDSA_WITH_AES_256_CBC_SHA384, TLS_ECDHE_RSA_WITH_AES_256_CBC_SHA384, TLS_ECDHE_ECDSA_WITH_AES_128_CBC_SHA256, TLS_ECDHE_RSA_WITH_AES_128_CBC_SHA256, TLS_DHE_RSA_WITH_AES_256_CBC_SHA256, TLS_DHE_DSS_WITH_AES_256_CBC_SHA256, TLS_DHE_RSA_WITH_AES_128_CBC_SHA256, TLS_DHE_DSS_WITH_AES_128_CBC_SHA256, TLS_ECDH_ECDSA_WITH_AES_256_GCM_SHA384, TLS_ECDH_RSA_WITH_AES_256_GCM_SHA384, TLS_ECDH_ECDSA_WITH_AES_128_GCM_SHA256, TLS_ECDH_RSA_WITH_AES_128_GCM_SHA256, TLS_ECDH_ECDSA_WITH_AES_256_CBC_SHA384, TLS_ECDH_RSA_WITH_AES_256_CBC_SHA384, TLS_ECDH_ECDSA_WITH_AES_128_CBC_SHA256, TLS_ECDH_RSA_WITH_AES_128_CBC_SHA256, TLS_ECDHE_ECDSA_WITH_AES_256_CBC_SHA, TLS_ECDHE_RSA_WITH_AES_256_CBC_SHA, TLS_ECDHE_ECDSA_WITH_AES_128_CBC_SHA, TLS_ECDHE_RSA_WITH_AES_128_CBC_SHA, TLS_DHE_RSA_WITH_AES_256_CBC_SHA, TLS_DHE_DSS_WITH_AES_256_CBC_SHA, TLS_DHE_RSA_WITH_AES_128_CBC_SHA, TLS_DHE_DSS_WITH_AES_128_CBC_SHA, TLS_ECDH_ECDSA_WITH_AES_256_CBC_SHA, TLS_ECDH_RSA_WITH_AES_256_CBC_SHA, TLS_ECDH_ECDSA_WITH_AES_128_CBC_SHA, TLS_ECDH_RSA_WITH_AES_128_CBC_SHA, TLS_RSA_WITH_AES_256_GCM_SHA384, TLS_RSA_WITH_AES_128_GCM_SHA256, TLS_RSA_WITH_AES_256_CBC_SHA256, TLS_RSA_WITH_AES_128_CBC_SHA256, TLS_RSA_WITH_AES_256_CBC_SHA, TLS_RSA_WITH_AES_128_CBC_SHA, TLS_EMPTY_RENEGOTIATION_INFO_SCSV]
19:59:59.678 [main] DEBUG org.apache.http.conn.ssl.SSLConnectionSocketFactory -- Starting handshake
19:59:59.708 [main] DEBUG org.apache.http.conn.ssl.SSLConnectionSocketFactory -- Secure session established
19:59:59.708 [main] DEBUG org.apache.http.conn.ssl.SSLConnectionSocketFactory --  negotiated protocol: TLSv1.3
19:59:59.708 [main] DEBUG org.apache.http.conn.ssl.SSLConnectionSocketFactory --  negotiated cipher suite: TLS_AES_256_GCM_SHA384
19:59:59.708 [main] DEBUG org.apache.http.conn.ssl.SSLConnectionSocketFactory --  peer principal: CN=reqres.in
19:59:59.708 [main] DEBUG org.apache.http.conn.ssl.SSLConnectionSocketFactory --  peer alternative names: [reqres.in, *.reqres.in]
19:59:59.708 [main] DEBUG org.apache.http.conn.ssl.SSLConnectionSocketFactory --  issuer principal: CN=WE1, O=Google Trust Services, C=US
19:59:59.708 [main] DEBUG org.apache.http.impl.conn.DefaultHttpClientConnectionOperator -- Connection established 192.168.1.20:56997<->104.26.10.213:443
19:59:59.708 [main] DEBUG org.apache.http.impl.conn.DefaultManagedHttpClientConnection -- http-outgoing-8: set socket timeout to 5000
19:59:59.708 [main] DEBUG org.apache.http.impl.execchain.MainClientExec -- Executing request POST /api/login HTTP/1.1
19:59:59.708 [main] DEBUG org.apache.http.impl.execchain.MainClientExec -- Target auth state: UNCHALLENGED
19:59:59.708 [main] DEBUG org.apache.http.impl.execchain.MainClientExec -- Proxy auth state: UNCHALLENGED
19:59:59.708 [main] DEBUG org.apache.http.headers -- http-outgoing-8 >> POST /api/login HTTP/1.1
19:59:59.708 [main] DEBUG org.apache.http.headers -- http-outgoing-8 >> Content-Type: application/json; charset=UTF-8
19:59:59.708 [main] DEBUG org.apache.http.headers -- http-outgoing-8 >> x-api-key: reqres-free-v1
19:59:59.708 [main] DEBUG org.apache.http.headers -- http-outgoing-8 >> Content-Length: 46
19:59:59.708 [main] DEBUG org.apache.http.headers -- http-outgoing-8 >> Host: reqres.in
19:59:59.708 [main] DEBUG org.apache.http.headers -- http-outgoing-8 >> Connection: Keep-Alive
19:59:59.708 [main] DEBUG org.apache.http.headers -- http-outgoing-8 >> User-Agent: Apache-HttpClient/4.5.14 (Java/17.0.9)
19:59:59.708 [main] DEBUG org.apache.http.headers -- http-outgoing-8 >> Accept-Encoding: gzip,deflate
19:59:59.708 [main] DEBUG org.apache.http.wire -- http-outgoing-8 >> "POST /api/login HTTP/1.1[\r][\n]"
19:59:59.708 [main] DEBUG org.apache.http.wire -- http-outgoing-8 >> "Content-Type: application/json; charset=UTF-8[\r][\n]"
19:59:59.708 [main] DEBUG org.apache.http.wire -- http-outgoing-8 >> "x-api-key: reqres-free-v1[\r][\n]"
19:59:59.708 [main] DEBUG org.apache.http.wire -- http-outgoing-8 >> "Content-Length: 46[\r][\n]"
19:59:59.708 [main] DEBUG org.apache.http.wire -- http-outgoing-8 >> "Host: reqres.in[\r][\n]"
19:59:59.708 [main] DEBUG org.apache.http.wire -- http-outgoing-8 >> "Connection: Keep-Alive[\r][\n]"
19:59:59.708 [main] DEBUG org.apache.http.wire -- http-outgoing-8 >> "User-Agent: Apache-HttpClient/4.5.14 (Java/17.0.9)[\r][\n]"
19:59:59.708 [main] DEBUG org.apache.http.wire -- http-outgoing-8 >> "Accept-Encoding: gzip,deflate[\r][\n]"
19:59:59.708 [main] DEBUG org.apache.http.wire -- http-outgoing-8 >> "[\r][\n]"
19:59:59.708 [main] DEBUG org.apache.http.wire -- http-outgoing-8 >> "{"email":"eve.holt@reqres.in","password":"12"}"
20:00:00.281 [main] DEBUG org.apache.http.wire -- http-outgoing-8 << "HTTP/1.1 200 OK[\r][\n]"
20:00:00.281 [main] DEBUG org.apache.http.wire -- http-outgoing-8 << "Date: Mon, 16 Jun 2025 12:59:59 GMT[\r][\n]"
20:00:00.281 [main] DEBUG org.apache.http.wire -- http-outgoing-8 << "Content-Type: application/json; charset=utf-8[\r][\n]"
20:00:00.281 [main] DEBUG org.apache.http.wire -- http-outgoing-8 << "Content-Length: 29[\r][\n]"
20:00:00.281 [main] DEBUG org.apache.http.wire -- http-outgoing-8 << "Connection: keep-alive[\r][\n]"
20:00:00.281 [main] DEBUG org.apache.http.wire -- http-outgoing-8 << "Cf-Ray: 950a7cce3a14dd57-HKG[\r][\n]"
20:00:00.281 [main] DEBUG org.apache.http.wire -- http-outgoing-8 << "Report-To: {"group":"heroku-nel","max_age":3600,"endpoints":[{"url":"https://nel.heroku.com/reports?ts=1750078799&sid=c4c9725f-1ab0-44d8-820f-430df2718e11&s=3Dbe%2FmK8oqY2iUVcwRo0YKkkk0C6MQGmAgW2mKranz0%3D"}]}[\r][\n]"
20:00:00.281 [main] DEBUG org.apache.http.wire -- http-outgoing-8 << "Reporting-Endpoints: heroku-nel=https://nel.heroku.com/reports?ts=1750078799&sid=c4c9725f-1ab0-44d8-820f-430df2718e11&s=3Dbe%2FmK8oqY2iUVcwRo0YKkkk0C6MQGmAgW2mKranz0%3D[\r][\n]"
20:00:00.281 [main] DEBUG org.apache.http.wire -- http-outgoing-8 << "Nel: {"report_to":"heroku-nel","max_age":3600,"success_fraction":0.005,"failure_fraction":0.05,"response_headers":["Via"]}[\r][\n]"
20:00:00.281 [main] DEBUG org.apache.http.wire -- http-outgoing-8 << "X-Powered-By: Express[\r][\n]"
20:00:00.281 [main] DEBUG org.apache.http.wire -- http-outgoing-8 << "Access-Control-Allow-Origin: *[\r][\n]"
20:00:00.281 [main] DEBUG org.apache.http.wire -- http-outgoing-8 << "Ratelimit-Policy: 100;w=60[\r][\n]"
20:00:00.281 [main] DEBUG org.apache.http.wire -- http-outgoing-8 << "Ratelimit-Limit: 100[\r][\n]"
20:00:00.281 [main] DEBUG org.apache.http.wire -- http-outgoing-8 << "Ratelimit-Remaining: 82[\r][\n]"
20:00:00.281 [main] DEBUG org.apache.http.wire -- http-outgoing-8 << "Ratelimit-Reset: 55[\r][\n]"
20:00:00.281 [main] DEBUG org.apache.http.wire -- http-outgoing-8 << "Etag: W/"1d-lGCrvD6B7Qzk11+2C98+nGhhuec"[\r][\n]"
20:00:00.281 [main] DEBUG org.apache.http.wire -- http-outgoing-8 << "Via: 1.1 vegur[\r][\n]"
20:00:00.281 [main] DEBUG org.apache.http.wire -- http-outgoing-8 << "Cf-Cache-Status: DYNAMIC[\r][\n]"
20:00:00.281 [main] DEBUG org.apache.http.wire -- http-outgoing-8 << "Server: cloudflare[\r][\n]"
20:00:00.281 [main] DEBUG org.apache.http.wire -- http-outgoing-8 << "server-timing: cfL4;desc="?proto=TCP&rtt=25208&min_rtt=24545&rtt_var=10531&sent=4&recv=6&lost=0&retrans=0&sent_bytes=219&recv_bytes=1343&delivery_rate=48636&cwnd=250&unsent_bytes=0&cid=20b6acecf809ee98&ts=575&x=0"[\r][\n]"
20:00:00.281 [main] DEBUG org.apache.http.wire -- http-outgoing-8 << "[\r][\n]"
20:00:00.281 [main] DEBUG org.apache.http.wire -- http-outgoing-8 << "{"token":"QpwL5tke4Pnpja7X4"}"
20:00:00.281 [main] DEBUG org.apache.http.headers -- http-outgoing-8 << HTTP/1.1 200 OK
20:00:00.281 [main] DEBUG org.apache.http.headers -- http-outgoing-8 << Date: Mon, 16 Jun 2025 12:59:59 GMT
20:00:00.281 [main] DEBUG org.apache.http.headers -- http-outgoing-8 << Content-Type: application/json; charset=utf-8
20:00:00.281 [main] DEBUG org.apache.http.headers -- http-outgoing-8 << Content-Length: 29
20:00:00.281 [main] DEBUG org.apache.http.headers -- http-outgoing-8 << Connection: keep-alive
20:00:00.281 [main] DEBUG org.apache.http.headers -- http-outgoing-8 << Cf-Ray: 950a7cce3a14dd57-HKG
20:00:00.281 [main] DEBUG org.apache.http.headers -- http-outgoing-8 << Report-To: {"group":"heroku-nel","max_age":3600,"endpoints":[{"url":"https://nel.heroku.com/reports?ts=1750078799&sid=c4c9725f-1ab0-44d8-820f-430df2718e11&s=3Dbe%2FmK8oqY2iUVcwRo0YKkkk0C6MQGmAgW2mKranz0%3D"}]}
20:00:00.281 [main] DEBUG org.apache.http.headers -- http-outgoing-8 << Reporting-Endpoints: heroku-nel=https://nel.heroku.com/reports?ts=1750078799&sid=c4c9725f-1ab0-44d8-820f-430df2718e11&s=3Dbe%2FmK8oqY2iUVcwRo0YKkkk0C6MQGmAgW2mKranz0%3D
20:00:00.281 [main] DEBUG org.apache.http.headers -- http-outgoing-8 << Nel: {"report_to":"heroku-nel","max_age":3600,"success_fraction":0.005,"failure_fraction":0.05,"response_headers":["Via"]}
20:00:00.282 [main] DEBUG org.apache.http.headers -- http-outgoing-8 << X-Powered-By: Express
20:00:00.282 [main] DEBUG org.apache.http.headers -- http-outgoing-8 << Access-Control-Allow-Origin: *
20:00:00.282 [main] DEBUG org.apache.http.headers -- http-outgoing-8 << Ratelimit-Policy: 100;w=60
20:00:00.282 [main] DEBUG org.apache.http.headers -- http-outgoing-8 << Ratelimit-Limit: 100
20:00:00.282 [main] DEBUG org.apache.http.headers -- http-outgoing-8 << Ratelimit-Remaining: 82
20:00:00.282 [main] DEBUG org.apache.http.headers -- http-outgoing-8 << Ratelimit-Reset: 55
20:00:00.282 [main] DEBUG org.apache.http.headers -- http-outgoing-8 << Etag: W/"1d-lGCrvD6B7Qzk11+2C98+nGhhuec"
20:00:00.282 [main] DEBUG org.apache.http.headers -- http-outgoing-8 << Via: 1.1 vegur
20:00:00.282 [main] DEBUG org.apache.http.headers -- http-outgoing-8 << Cf-Cache-Status: DYNAMIC
20:00:00.282 [main] DEBUG org.apache.http.headers -- http-outgoing-8 << Server: cloudflare
20:00:00.282 [main] DEBUG org.apache.http.headers -- http-outgoing-8 << server-timing: cfL4;desc="?proto=TCP&rtt=25208&min_rtt=24545&rtt_var=10531&sent=4&recv=6&lost=0&retrans=0&sent_bytes=219&recv_bytes=1343&delivery_rate=48636&cwnd=250&unsent_bytes=0&cid=20b6acecf809ee98&ts=575&x=0"
20:00:00.282 [main] DEBUG org.apache.http.impl.execchain.MainClientExec -- Connection can be kept alive indefinitely
20:00:00.282 [main] DEBUG org.apache.http.impl.conn.PoolingHttpClientConnectionManager -- Connection [id: 8][route: {s}->https://reqres.in:443] can be kept alive indefinitely
20:00:00.282 [main] DEBUG org.apache.http.impl.conn.DefaultManagedHttpClientConnection -- http-outgoing-8: set socket timeout to 0
20:00:00.282 [main] DEBUG org.apache.http.impl.conn.PoolingHttpClientConnectionManager -- Connection released: [id: 8][route: {s}->https://reqres.in:443][total available: 1; route allocated: 1 of 5; total allocated: 1 of 10]
20:00:00.282 [main] DEBUG org.apache.http.impl.conn.PoolingHttpClientConnectionManager -- Connection manager is shutting down
20:00:00.282 [main] DEBUG org.apache.http.impl.conn.DefaultManagedHttpClientConnection -- http-outgoing-8: Close connection
20:00:00.282 [main] DEBUG org.apache.http.impl.conn.PoolingHttpClientConnectionManager -- Connection manager shut down
20:00:00.283 [main] DEBUG com.intuit.karate -- response time in milliseconds: 634
1 < 200
1 < Date: Mon, 16 Jun 2025 12:59:59 GMT
1 < Content-Type: application/json; charset=utf-8
1 < Content-Length: 29
1 < Connection: keep-alive
1 < Cf-Ray: 950a7cce3a14dd57-HKG
1 < Report-To: {"group":"heroku-nel","max_age":3600,"endpoints":[{"url":"https://nel.heroku.com/reports?ts=1750078799&sid=c4c9725f-1ab0-44d8-820f-430df2718e11&s=3Dbe%2FmK8oqY2iUVcwRo0YKkkk0C6MQGmAgW2mKranz0%3D"}]}
1 < Reporting-Endpoints: heroku-nel=https://nel.heroku.com/reports?ts=1750078799&sid=c4c9725f-1ab0-44d8-820f-430df2718e11&s=3Dbe%2FmK8oqY2iUVcwRo0YKkkk0C6MQGmAgW2mKranz0%3D
1 < Nel: {"report_to":"heroku-nel","max_age":3600,"success_fraction":0.005,"failure_fraction":0.05,"response_headers":["Via"]}
1 < X-Powered-By: Express
1 < Access-Control-Allow-Origin: *
1 < Ratelimit-Policy: 100;w=60
1 < Ratelimit-Limit: 100
1 < Ratelimit-Remaining: 82
1 < Ratelimit-Reset: 55
1 < Etag: W/"1d-lGCrvD6B7Qzk11+2C98+nGhhuec"
1 < Via: 1.1 vegur
1 < Cf-Cache-Status: DYNAMIC
1 < Server: cloudflare
1 < server-timing: cfL4;desc="?proto=TCP&rtt=25208&min_rtt=24545&rtt_var=10531&sent=4&recv=6&lost=0&retrans=0&sent_bytes=219&recv_bytes=1343&delivery_rate=48636&cwnd=250&unsent_bytes=0&cid=20b6acecf809ee98&ts=575&x=0"
{
  "token": "QpwL5tke4Pnpja7X4"
}


20:00:00.283 [main] INFO com.intuit.karate -- [print] Calling login API v?i email: eve.holt@reqres.in password: 12 
20:00:00.283 [main] INFO com.intuit.karate -- [print] Response status: 200 body: {
  "token": "QpwL5tke4Pnpja7X4"
}
 
20:00:00.284 [main] INFO com.intuit.karate -- STATUS MISMATCH - Expected: 400, Actual: 200 
20:00:00.284 [main] INFO com.intuit.karate -- Test Case Data: {
  "email": "eve.holt@reqres.in",
  "password": "12",
  "expectedStatus": 400.0,
  "expectedResult": "Password must be between X and Y characters",
  "testDescription": "TC: Password quá ng?n",
  "responseStatus": "",
  "result": ""
}
 
20:00:00.284 [main] INFO com.intuit.karate -- Expected Status: 400.0 
20:00:00.284 [main] INFO com.intuit.karate -- Expected Result: Password must be between X and Y characters 
20:00:00.285 [main] INFO com.intuit.karate -- Actual Status: 200 
20:00:00.285 [main] INFO com.intuit.karate -- Is Expected Status: false 
20:00:00.285 [main] INFO com.intuit.karate -- Test case #9 - Status: 200, Result: {"token":"QpwL5tke4Pnpja7X4"} 
20:00:00.285 [main] INFO com.intuit.karate -- ?ang ch?y test case #10: TC: Password quá dài 
20:00:00.292 [main] INFO com.intuit.karate -- karate.env system property was: null 
20:00:00.295 [main] DEBUG com.jayway.jsonpath.internal.path.CompiledPath -- Evaluating path: $
20:00:00.296 [main] DEBUG org.apache.http.client.protocol.RequestAddCookies -- CookieSpec selected: karate
20:00:00.296 [main] DEBUG org.apache.http.client.protocol.RequestAuthCache -- Auth cache not set in the context
20:00:00.296 [main] DEBUG com.intuit.karate -- request:
1 > POST https://reqres.in/api/login
1 > Content-Type: application/json; charset=UTF-8
1 > x-api-key: reqres-free-v1
1 > Content-Length: 146
1 > Host: reqres.in
1 > Connection: Keep-Alive
1 > User-Agent: Apache-HttpClient/4.5.14 (Java/17.0.9)
1 > Accept-Encoding: gzip,deflate
{
  "email": "eve.holt@reqres.in",
  "password": "verylongpasswordthatexceedsthenormallimitsforpasswordlengthvalidationwhichshouldnotbeaccepted123456789"
}


20:00:00.296 [main] DEBUG org.apache.http.impl.conn.PoolingHttpClientConnectionManager -- Connection request: [route: {s}->https://reqres.in:443][total available: 0; route allocated: 0 of 5; total allocated: 0 of 10]
20:00:00.296 [main] DEBUG org.apache.http.impl.conn.PoolingHttpClientConnectionManager -- Connection leased: [id: 9][route: {s}->https://reqres.in:443][total available: 0; route allocated: 1 of 5; total allocated: 1 of 10]
20:00:00.296 [main] DEBUG org.apache.http.impl.execchain.MainClientExec -- Opening connection {s}->https://reqres.in:443
20:00:00.296 [main] DEBUG org.apache.http.impl.conn.DefaultHttpClientConnectionOperator -- Connecting to reqres.in/104.26.10.213:443
20:00:00.296 [main] DEBUG org.apache.http.conn.ssl.SSLConnectionSocketFactory -- Connecting socket to reqres.in/104.26.10.213:443 with timeout 5000
20:00:00.320 [main] DEBUG org.apache.http.conn.ssl.SSLConnectionSocketFactory -- Enabled protocols: [TLSv1.3, TLSv1.2]
20:00:00.320 [main] DEBUG org.apache.http.conn.ssl.SSLConnectionSocketFactory -- Enabled cipher suites:[TLS_AES_256_GCM_SHA384, TLS_AES_128_GCM_SHA256, TLS_CHACHA20_POLY1305_SHA256, TLS_ECDHE_ECDSA_WITH_AES_256_GCM_SHA384, TLS_ECDHE_ECDSA_WITH_AES_128_GCM_SHA256, TLS_ECDHE_ECDSA_WITH_CHACHA20_POLY1305_SHA256, TLS_ECDHE_RSA_WITH_AES_256_GCM_SHA384, TLS_ECDHE_RSA_WITH_CHACHA20_POLY1305_SHA256, TLS_ECDHE_RSA_WITH_AES_128_GCM_SHA256, TLS_DHE_RSA_WITH_AES_256_GCM_SHA384, TLS_DHE_RSA_WITH_CHACHA20_POLY1305_SHA256, TLS_DHE_DSS_WITH_AES_256_GCM_SHA384, TLS_DHE_RSA_WITH_AES_128_GCM_SHA256, TLS_DHE_DSS_WITH_AES_128_GCM_SHA256, TLS_ECDHE_ECDSA_WITH_AES_256_CBC_SHA384, TLS_ECDHE_RSA_WITH_AES_256_CBC_SHA384, TLS_ECDHE_ECDSA_WITH_AES_128_CBC_SHA256, TLS_ECDHE_RSA_WITH_AES_128_CBC_SHA256, TLS_DHE_RSA_WITH_AES_256_CBC_SHA256, TLS_DHE_DSS_WITH_AES_256_CBC_SHA256, TLS_DHE_RSA_WITH_AES_128_CBC_SHA256, TLS_DHE_DSS_WITH_AES_128_CBC_SHA256, TLS_ECDH_ECDSA_WITH_AES_256_GCM_SHA384, TLS_ECDH_RSA_WITH_AES_256_GCM_SHA384, TLS_ECDH_ECDSA_WITH_AES_128_GCM_SHA256, TLS_ECDH_RSA_WITH_AES_128_GCM_SHA256, TLS_ECDH_ECDSA_WITH_AES_256_CBC_SHA384, TLS_ECDH_RSA_WITH_AES_256_CBC_SHA384, TLS_ECDH_ECDSA_WITH_AES_128_CBC_SHA256, TLS_ECDH_RSA_WITH_AES_128_CBC_SHA256, TLS_ECDHE_ECDSA_WITH_AES_256_CBC_SHA, TLS_ECDHE_RSA_WITH_AES_256_CBC_SHA, TLS_ECDHE_ECDSA_WITH_AES_128_CBC_SHA, TLS_ECDHE_RSA_WITH_AES_128_CBC_SHA, TLS_DHE_RSA_WITH_AES_256_CBC_SHA, TLS_DHE_DSS_WITH_AES_256_CBC_SHA, TLS_DHE_RSA_WITH_AES_128_CBC_SHA, TLS_DHE_DSS_WITH_AES_128_CBC_SHA, TLS_ECDH_ECDSA_WITH_AES_256_CBC_SHA, TLS_ECDH_RSA_WITH_AES_256_CBC_SHA, TLS_ECDH_ECDSA_WITH_AES_128_CBC_SHA, TLS_ECDH_RSA_WITH_AES_128_CBC_SHA, TLS_RSA_WITH_AES_256_GCM_SHA384, TLS_RSA_WITH_AES_128_GCM_SHA256, TLS_RSA_WITH_AES_256_CBC_SHA256, TLS_RSA_WITH_AES_128_CBC_SHA256, TLS_RSA_WITH_AES_256_CBC_SHA, TLS_RSA_WITH_AES_128_CBC_SHA, TLS_EMPTY_RENEGOTIATION_INFO_SCSV]
20:00:00.320 [main] DEBUG org.apache.http.conn.ssl.SSLConnectionSocketFactory -- Starting handshake
20:00:00.349 [main] DEBUG org.apache.http.conn.ssl.SSLConnectionSocketFactory -- Secure session established
20:00:00.349 [main] DEBUG org.apache.http.conn.ssl.SSLConnectionSocketFactory --  negotiated protocol: TLSv1.3
20:00:00.349 [main] DEBUG org.apache.http.conn.ssl.SSLConnectionSocketFactory --  negotiated cipher suite: TLS_AES_256_GCM_SHA384
20:00:00.349 [main] DEBUG org.apache.http.conn.ssl.SSLConnectionSocketFactory --  peer principal: CN=reqres.in
20:00:00.349 [main] DEBUG org.apache.http.conn.ssl.SSLConnectionSocketFactory --  peer alternative names: [reqres.in, *.reqres.in]
20:00:00.349 [main] DEBUG org.apache.http.conn.ssl.SSLConnectionSocketFactory --  issuer principal: CN=WE1, O=Google Trust Services, C=US
20:00:00.349 [main] DEBUG org.apache.http.impl.conn.DefaultHttpClientConnectionOperator -- Connection established 192.168.1.20:56998<->104.26.10.213:443
20:00:00.349 [main] DEBUG org.apache.http.impl.conn.DefaultManagedHttpClientConnection -- http-outgoing-9: set socket timeout to 5000
20:00:00.349 [main] DEBUG org.apache.http.impl.execchain.MainClientExec -- Executing request POST /api/login HTTP/1.1
20:00:00.349 [main] DEBUG org.apache.http.impl.execchain.MainClientExec -- Target auth state: UNCHALLENGED
20:00:00.349 [main] DEBUG org.apache.http.impl.execchain.MainClientExec -- Proxy auth state: UNCHALLENGED
20:00:00.349 [main] DEBUG org.apache.http.headers -- http-outgoing-9 >> POST /api/login HTTP/1.1
20:00:00.349 [main] DEBUG org.apache.http.headers -- http-outgoing-9 >> Content-Type: application/json; charset=UTF-8
20:00:00.349 [main] DEBUG org.apache.http.headers -- http-outgoing-9 >> x-api-key: reqres-free-v1
20:00:00.349 [main] DEBUG org.apache.http.headers -- http-outgoing-9 >> Content-Length: 146
20:00:00.349 [main] DEBUG org.apache.http.headers -- http-outgoing-9 >> Host: reqres.in
20:00:00.349 [main] DEBUG org.apache.http.headers -- http-outgoing-9 >> Connection: Keep-Alive
20:00:00.349 [main] DEBUG org.apache.http.headers -- http-outgoing-9 >> User-Agent: Apache-HttpClient/4.5.14 (Java/17.0.9)
20:00:00.349 [main] DEBUG org.apache.http.headers -- http-outgoing-9 >> Accept-Encoding: gzip,deflate
20:00:00.349 [main] DEBUG org.apache.http.wire -- http-outgoing-9 >> "POST /api/login HTTP/1.1[\r][\n]"
20:00:00.349 [main] DEBUG org.apache.http.wire -- http-outgoing-9 >> "Content-Type: application/json; charset=UTF-8[\r][\n]"
20:00:00.349 [main] DEBUG org.apache.http.wire -- http-outgoing-9 >> "x-api-key: reqres-free-v1[\r][\n]"
20:00:00.349 [main] DEBUG org.apache.http.wire -- http-outgoing-9 >> "Content-Length: 146[\r][\n]"
20:00:00.349 [main] DEBUG org.apache.http.wire -- http-outgoing-9 >> "Host: reqres.in[\r][\n]"
20:00:00.349 [main] DEBUG org.apache.http.wire -- http-outgoing-9 >> "Connection: Keep-Alive[\r][\n]"
20:00:00.349 [main] DEBUG org.apache.http.wire -- http-outgoing-9 >> "User-Agent: Apache-HttpClient/4.5.14 (Java/17.0.9)[\r][\n]"
20:00:00.349 [main] DEBUG org.apache.http.wire -- http-outgoing-9 >> "Accept-Encoding: gzip,deflate[\r][\n]"
20:00:00.349 [main] DEBUG org.apache.http.wire -- http-outgoing-9 >> "[\r][\n]"
20:00:00.349 [main] DEBUG org.apache.http.wire -- http-outgoing-9 >> "{"email":"eve.holt@reqres.in","password":"verylongpasswordthatexceedsthenormallimitsforpasswordlengthvalidationwhichshouldnotbeaccepted123456789"}"
20:00:00.915 [main] DEBUG org.apache.http.wire -- http-outgoing-9 << "HTTP/1.1 200 OK[\r][\n]"
20:00:00.915 [main] DEBUG org.apache.http.wire -- http-outgoing-9 << "Date: Mon, 16 Jun 2025 13:00:00 GMT[\r][\n]"
20:00:00.915 [main] DEBUG org.apache.http.wire -- http-outgoing-9 << "Content-Type: application/json; charset=utf-8[\r][\n]"
20:00:00.915 [main] DEBUG org.apache.http.wire -- http-outgoing-9 << "Content-Length: 29[\r][\n]"
20:00:00.915 [main] DEBUG org.apache.http.wire -- http-outgoing-9 << "Connection: keep-alive[\r][\n]"
20:00:00.915 [main] DEBUG org.apache.http.wire -- http-outgoing-9 << "Cf-Ray: 950a7cd2381c09c0-HKG[\r][\n]"
20:00:00.915 [main] DEBUG org.apache.http.wire -- http-outgoing-9 << "Report-To: {"group":"heroku-nel","max_age":3600,"endpoints":[{"url":"https://nel.heroku.com/reports?ts=1750078800&sid=c4c9725f-1ab0-44d8-820f-430df2718e11&s=ApvA%2FkapIMgVxxtNCHGeCFTRLIezZNp3JuC7nKHR%2FLc%3D"}]}[\r][\n]"
20:00:00.915 [main] DEBUG org.apache.http.wire -- http-outgoing-9 << "Reporting-Endpoints: heroku-nel=https://nel.heroku.com/reports?ts=1750078800&sid=c4c9725f-1ab0-44d8-820f-430df2718e11&s=ApvA%2FkapIMgVxxtNCHGeCFTRLIezZNp3JuC7nKHR%2FLc%3D[\r][\n]"
20:00:00.915 [main] DEBUG org.apache.http.wire -- http-outgoing-9 << "Nel: {"report_to":"heroku-nel","max_age":3600,"success_fraction":0.005,"failure_fraction":0.05,"response_headers":["Via"]}[\r][\n]"
20:00:00.915 [main] DEBUG org.apache.http.wire -- http-outgoing-9 << "X-Powered-By: Express[\r][\n]"
20:00:00.915 [main] DEBUG org.apache.http.wire -- http-outgoing-9 << "Access-Control-Allow-Origin: *[\r][\n]"
20:00:00.915 [main] DEBUG org.apache.http.wire -- http-outgoing-9 << "Ratelimit-Policy: 100;w=60[\r][\n]"
20:00:00.915 [main] DEBUG org.apache.http.wire -- http-outgoing-9 << "Ratelimit-Limit: 100[\r][\n]"
20:00:00.915 [main] DEBUG org.apache.http.wire -- http-outgoing-9 << "Ratelimit-Remaining: 80[\r][\n]"
20:00:00.915 [main] DEBUG org.apache.http.wire -- http-outgoing-9 << "Ratelimit-Reset: 55[\r][\n]"
20:00:00.915 [main] DEBUG org.apache.http.wire -- http-outgoing-9 << "Etag: W/"1d-lGCrvD6B7Qzk11+2C98+nGhhuec"[\r][\n]"
20:00:00.915 [main] DEBUG org.apache.http.wire -- http-outgoing-9 << "Via: 1.1 vegur[\r][\n]"
20:00:00.915 [main] DEBUG org.apache.http.wire -- http-outgoing-9 << "Cf-Cache-Status: DYNAMIC[\r][\n]"
20:00:00.915 [main] DEBUG org.apache.http.wire -- http-outgoing-9 << "Server: cloudflare[\r][\n]"
20:00:00.915 [main] DEBUG org.apache.http.wire -- http-outgoing-9 << "server-timing: cfL4;desc="?proto=TCP&rtt=23400&min_rtt=23392&rtt_var=8789&sent=4&recv=6&lost=0&retrans=0&sent_bytes=219&recv_bytes=1444&delivery_rate=61892&cwnd=250&unsent_bytes=0&cid=de5e095d24dd13f1&ts=568&x=0"[\r][\n]"
20:00:00.915 [main] DEBUG org.apache.http.wire -- http-outgoing-9 << "[\r][\n]"
20:00:00.915 [main] DEBUG org.apache.http.wire -- http-outgoing-9 << "{"token":"QpwL5tke4Pnpja7X4"}"
20:00:00.915 [main] DEBUG org.apache.http.headers -- http-outgoing-9 << HTTP/1.1 200 OK
20:00:00.915 [main] DEBUG org.apache.http.headers -- http-outgoing-9 << Date: Mon, 16 Jun 2025 13:00:00 GMT
20:00:00.915 [main] DEBUG org.apache.http.headers -- http-outgoing-9 << Content-Type: application/json; charset=utf-8
20:00:00.916 [main] DEBUG org.apache.http.headers -- http-outgoing-9 << Content-Length: 29
20:00:00.916 [main] DEBUG org.apache.http.headers -- http-outgoing-9 << Connection: keep-alive
20:00:00.916 [main] DEBUG org.apache.http.headers -- http-outgoing-9 << Cf-Ray: 950a7cd2381c09c0-HKG
20:00:00.916 [main] DEBUG org.apache.http.headers -- http-outgoing-9 << Report-To: {"group":"heroku-nel","max_age":3600,"endpoints":[{"url":"https://nel.heroku.com/reports?ts=1750078800&sid=c4c9725f-1ab0-44d8-820f-430df2718e11&s=ApvA%2FkapIMgVxxtNCHGeCFTRLIezZNp3JuC7nKHR%2FLc%3D"}]}
20:00:00.916 [main] DEBUG org.apache.http.headers -- http-outgoing-9 << Reporting-Endpoints: heroku-nel=https://nel.heroku.com/reports?ts=1750078800&sid=c4c9725f-1ab0-44d8-820f-430df2718e11&s=ApvA%2FkapIMgVxxtNCHGeCFTRLIezZNp3JuC7nKHR%2FLc%3D
20:00:00.916 [main] DEBUG org.apache.http.headers -- http-outgoing-9 << Nel: {"report_to":"heroku-nel","max_age":3600,"success_fraction":0.005,"failure_fraction":0.05,"response_headers":["Via"]}
20:00:00.916 [main] DEBUG org.apache.http.headers -- http-outgoing-9 << X-Powered-By: Express
20:00:00.916 [main] DEBUG org.apache.http.headers -- http-outgoing-9 << Access-Control-Allow-Origin: *
20:00:00.916 [main] DEBUG org.apache.http.headers -- http-outgoing-9 << Ratelimit-Policy: 100;w=60
20:00:00.916 [main] DEBUG org.apache.http.headers -- http-outgoing-9 << Ratelimit-Limit: 100
20:00:00.916 [main] DEBUG org.apache.http.headers -- http-outgoing-9 << Ratelimit-Remaining: 80
20:00:00.916 [main] DEBUG org.apache.http.headers -- http-outgoing-9 << Ratelimit-Reset: 55
20:00:00.916 [main] DEBUG org.apache.http.headers -- http-outgoing-9 << Etag: W/"1d-lGCrvD6B7Qzk11+2C98+nGhhuec"
20:00:00.916 [main] DEBUG org.apache.http.headers -- http-outgoing-9 << Via: 1.1 vegur
20:00:00.916 [main] DEBUG org.apache.http.headers -- http-outgoing-9 << Cf-Cache-Status: DYNAMIC
20:00:00.916 [main] DEBUG org.apache.http.headers -- http-outgoing-9 << Server: cloudflare
20:00:00.916 [main] DEBUG org.apache.http.headers -- http-outgoing-9 << server-timing: cfL4;desc="?proto=TCP&rtt=23400&min_rtt=23392&rtt_var=8789&sent=4&recv=6&lost=0&retrans=0&sent_bytes=219&recv_bytes=1444&delivery_rate=61892&cwnd=250&unsent_bytes=0&cid=de5e095d24dd13f1&ts=568&x=0"
20:00:00.916 [main] DEBUG org.apache.http.impl.execchain.MainClientExec -- Connection can be kept alive indefinitely
20:00:00.916 [main] DEBUG org.apache.http.impl.conn.PoolingHttpClientConnectionManager -- Connection [id: 9][route: {s}->https://reqres.in:443] can be kept alive indefinitely
20:00:00.916 [main] DEBUG org.apache.http.impl.conn.DefaultManagedHttpClientConnection -- http-outgoing-9: set socket timeout to 0
20:00:00.916 [main] DEBUG org.apache.http.impl.conn.PoolingHttpClientConnectionManager -- Connection released: [id: 9][route: {s}->https://reqres.in:443][total available: 1; route allocated: 1 of 5; total allocated: 1 of 10]
20:00:00.916 [main] DEBUG org.apache.http.impl.conn.PoolingHttpClientConnectionManager -- Connection manager is shutting down
20:00:00.916 [main] DEBUG org.apache.http.impl.conn.DefaultManagedHttpClientConnection -- http-outgoing-9: Close connection
20:00:00.916 [main] DEBUG org.apache.http.impl.conn.PoolingHttpClientConnectionManager -- Connection manager shut down
20:00:00.917 [main] DEBUG com.intuit.karate -- response time in milliseconds: 620
1 < 200
1 < Date: Mon, 16 Jun 2025 13:00:00 GMT
1 < Content-Type: application/json; charset=utf-8
1 < Content-Length: 29
1 < Connection: keep-alive
1 < Cf-Ray: 950a7cd2381c09c0-HKG
1 < Report-To: {"group":"heroku-nel","max_age":3600,"endpoints":[{"url":"https://nel.heroku.com/reports?ts=1750078800&sid=c4c9725f-1ab0-44d8-820f-430df2718e11&s=ApvA%2FkapIMgVxxtNCHGeCFTRLIezZNp3JuC7nKHR%2FLc%3D"}]}
1 < Reporting-Endpoints: heroku-nel=https://nel.heroku.com/reports?ts=1750078800&sid=c4c9725f-1ab0-44d8-820f-430df2718e11&s=ApvA%2FkapIMgVxxtNCHGeCFTRLIezZNp3JuC7nKHR%2FLc%3D
1 < Nel: {"report_to":"heroku-nel","max_age":3600,"success_fraction":0.005,"failure_fraction":0.05,"response_headers":["Via"]}
1 < X-Powered-By: Express
1 < Access-Control-Allow-Origin: *
1 < Ratelimit-Policy: 100;w=60
1 < Ratelimit-Limit: 100
1 < Ratelimit-Remaining: 80
1 < Ratelimit-Reset: 55
1 < Etag: W/"1d-lGCrvD6B7Qzk11+2C98+nGhhuec"
1 < Via: 1.1 vegur
1 < Cf-Cache-Status: DYNAMIC
1 < Server: cloudflare
1 < server-timing: cfL4;desc="?proto=TCP&rtt=23400&min_rtt=23392&rtt_var=8789&sent=4&recv=6&lost=0&retrans=0&sent_bytes=219&recv_bytes=1444&delivery_rate=61892&cwnd=250&unsent_bytes=0&cid=de5e095d24dd13f1&ts=568&x=0"
{
  "token": "QpwL5tke4Pnpja7X4"
}


20:00:00.917 [main] INFO com.intuit.karate -- [print] Calling login API v?i email: eve.holt@reqres.in password: verylongpasswordthatexceedsthenormallimitsforpasswordlengthvalidationwhichshouldnotbeaccepted123456789 
20:00:00.918 [main] INFO com.intuit.karate -- [print] Response status: 200 body: {
  "token": "QpwL5tke4Pnpja7X4"
}
 
20:00:00.918 [main] INFO com.intuit.karate -- STATUS MISMATCH - Expected: 400, Actual: 200 
20:00:00.918 [main] INFO com.intuit.karate -- Test Case Data: {
  "email": "eve.holt@reqres.in",
  "password": "verylongpasswordthatexceedsthenormallimitsforpasswordlengthvalidationwhichshouldnotbeaccepted123456789",
  "expectedStatus": 400.0,
  "expectedResult": "Password must be between X and Y characters",
  "testDescription": "TC: Password quá dài",
  "responseStatus": "",
  "result": ""
}
 
20:00:00.919 [main] INFO com.intuit.karate -- Expected Status: 400.0 
20:00:00.919 [main] INFO com.intuit.karate -- Expected Result: Password must be between X and Y characters 
20:00:00.919 [main] INFO com.intuit.karate -- Actual Status: 200 
20:00:00.919 [main] INFO com.intuit.karate -- Is Expected Status: false 
20:00:00.919 [main] INFO com.intuit.karate -- Test case #10 - Status: 200, Result: {"token":"QpwL5tke4Pnpja7X4"} 
20:00:00.919 [main] INFO com.intuit.karate -- ?ang ch?y test case #11: TC: SQL Injection trong email 
20:00:00.925 [main] INFO com.intuit.karate -- karate.env system property was: null 
20:00:00.925 [main] DEBUG com.jayway.jsonpath.internal.path.CompiledPath -- Evaluating path: $
20:00:00.927 [main] DEBUG org.apache.http.client.protocol.RequestAddCookies -- CookieSpec selected: karate
20:00:00.927 [main] DEBUG org.apache.http.client.protocol.RequestAuthCache -- Auth cache not set in the context
20:00:00.927 [main] DEBUG com.intuit.karate -- request:
1 > POST https://reqres.in/api/login
1 > Content-Type: application/json; charset=UTF-8
1 > x-api-key: reqres-free-v1
1 > Content-Length: 48
1 > Host: reqres.in
1 > Connection: Keep-Alive
1 > User-Agent: Apache-HttpClient/4.5.14 (Java/17.0.9)
1 > Accept-Encoding: gzip,deflate
{
  "email": "' OR '1'='1",
  "password": "password123"
}


20:00:00.927 [main] DEBUG org.apache.http.impl.conn.PoolingHttpClientConnectionManager -- Connection request: [route: {s}->https://reqres.in:443][total available: 0; route allocated: 0 of 5; total allocated: 0 of 10]
20:00:00.927 [main] DEBUG org.apache.http.impl.conn.PoolingHttpClientConnectionManager -- Connection leased: [id: 10][route: {s}->https://reqres.in:443][total available: 0; route allocated: 1 of 5; total allocated: 1 of 10]
20:00:00.927 [main] DEBUG org.apache.http.impl.execchain.MainClientExec -- Opening connection {s}->https://reqres.in:443
20:00:00.927 [main] DEBUG org.apache.http.impl.conn.DefaultHttpClientConnectionOperator -- Connecting to reqres.in/104.26.10.213:443
20:00:00.927 [main] DEBUG org.apache.http.conn.ssl.SSLConnectionSocketFactory -- Connecting socket to reqres.in/104.26.10.213:443 with timeout 5000
20:00:00.957 [main] DEBUG org.apache.http.conn.ssl.SSLConnectionSocketFactory -- Enabled protocols: [TLSv1.3, TLSv1.2]
20:00:00.957 [main] DEBUG org.apache.http.conn.ssl.SSLConnectionSocketFactory -- Enabled cipher suites:[TLS_AES_256_GCM_SHA384, TLS_AES_128_GCM_SHA256, TLS_CHACHA20_POLY1305_SHA256, TLS_ECDHE_ECDSA_WITH_AES_256_GCM_SHA384, TLS_ECDHE_ECDSA_WITH_AES_128_GCM_SHA256, TLS_ECDHE_ECDSA_WITH_CHACHA20_POLY1305_SHA256, TLS_ECDHE_RSA_WITH_AES_256_GCM_SHA384, TLS_ECDHE_RSA_WITH_CHACHA20_POLY1305_SHA256, TLS_ECDHE_RSA_WITH_AES_128_GCM_SHA256, TLS_DHE_RSA_WITH_AES_256_GCM_SHA384, TLS_DHE_RSA_WITH_CHACHA20_POLY1305_SHA256, TLS_DHE_DSS_WITH_AES_256_GCM_SHA384, TLS_DHE_RSA_WITH_AES_128_GCM_SHA256, TLS_DHE_DSS_WITH_AES_128_GCM_SHA256, TLS_ECDHE_ECDSA_WITH_AES_256_CBC_SHA384, TLS_ECDHE_RSA_WITH_AES_256_CBC_SHA384, TLS_ECDHE_ECDSA_WITH_AES_128_CBC_SHA256, TLS_ECDHE_RSA_WITH_AES_128_CBC_SHA256, TLS_DHE_RSA_WITH_AES_256_CBC_SHA256, TLS_DHE_DSS_WITH_AES_256_CBC_SHA256, TLS_DHE_RSA_WITH_AES_128_CBC_SHA256, TLS_DHE_DSS_WITH_AES_128_CBC_SHA256, TLS_ECDH_ECDSA_WITH_AES_256_GCM_SHA384, TLS_ECDH_RSA_WITH_AES_256_GCM_SHA384, TLS_ECDH_ECDSA_WITH_AES_128_GCM_SHA256, TLS_ECDH_RSA_WITH_AES_128_GCM_SHA256, TLS_ECDH_ECDSA_WITH_AES_256_CBC_SHA384, TLS_ECDH_RSA_WITH_AES_256_CBC_SHA384, TLS_ECDH_ECDSA_WITH_AES_128_CBC_SHA256, TLS_ECDH_RSA_WITH_AES_128_CBC_SHA256, TLS_ECDHE_ECDSA_WITH_AES_256_CBC_SHA, TLS_ECDHE_RSA_WITH_AES_256_CBC_SHA, TLS_ECDHE_ECDSA_WITH_AES_128_CBC_SHA, TLS_ECDHE_RSA_WITH_AES_128_CBC_SHA, TLS_DHE_RSA_WITH_AES_256_CBC_SHA, TLS_DHE_DSS_WITH_AES_256_CBC_SHA, TLS_DHE_RSA_WITH_AES_128_CBC_SHA, TLS_DHE_DSS_WITH_AES_128_CBC_SHA, TLS_ECDH_ECDSA_WITH_AES_256_CBC_SHA, TLS_ECDH_RSA_WITH_AES_256_CBC_SHA, TLS_ECDH_ECDSA_WITH_AES_128_CBC_SHA, TLS_ECDH_RSA_WITH_AES_128_CBC_SHA, TLS_RSA_WITH_AES_256_GCM_SHA384, TLS_RSA_WITH_AES_128_GCM_SHA256, TLS_RSA_WITH_AES_256_CBC_SHA256, TLS_RSA_WITH_AES_128_CBC_SHA256, TLS_RSA_WITH_AES_256_CBC_SHA, TLS_RSA_WITH_AES_128_CBC_SHA, TLS_EMPTY_RENEGOTIATION_INFO_SCSV]
20:00:00.957 [main] DEBUG org.apache.http.conn.ssl.SSLConnectionSocketFactory -- Starting handshake
20:00:01.000 [main] DEBUG org.apache.http.conn.ssl.SSLConnectionSocketFactory -- Secure session established
20:00:01.000 [main] DEBUG org.apache.http.conn.ssl.SSLConnectionSocketFactory --  negotiated protocol: TLSv1.3
20:00:01.000 [main] DEBUG org.apache.http.conn.ssl.SSLConnectionSocketFactory --  negotiated cipher suite: TLS_AES_256_GCM_SHA384
20:00:01.000 [main] DEBUG org.apache.http.conn.ssl.SSLConnectionSocketFactory --  peer principal: CN=reqres.in
20:00:01.000 [main] DEBUG org.apache.http.conn.ssl.SSLConnectionSocketFactory --  peer alternative names: [reqres.in, *.reqres.in]
20:00:01.000 [main] DEBUG org.apache.http.conn.ssl.SSLConnectionSocketFactory --  issuer principal: CN=WE1, O=Google Trust Services, C=US
20:00:01.000 [main] DEBUG org.apache.http.impl.conn.DefaultHttpClientConnectionOperator -- Connection established 192.168.1.20:56999<->104.26.10.213:443
20:00:01.000 [main] DEBUG org.apache.http.impl.conn.DefaultManagedHttpClientConnection -- http-outgoing-10: set socket timeout to 5000
20:00:01.000 [main] DEBUG org.apache.http.impl.execchain.MainClientExec -- Executing request POST /api/login HTTP/1.1
20:00:01.000 [main] DEBUG org.apache.http.impl.execchain.MainClientExec -- Target auth state: UNCHALLENGED
20:00:01.000 [main] DEBUG org.apache.http.impl.execchain.MainClientExec -- Proxy auth state: UNCHALLENGED
20:00:01.001 [main] DEBUG org.apache.http.headers -- http-outgoing-10 >> POST /api/login HTTP/1.1
20:00:01.001 [main] DEBUG org.apache.http.headers -- http-outgoing-10 >> Content-Type: application/json; charset=UTF-8
20:00:01.001 [main] DEBUG org.apache.http.headers -- http-outgoing-10 >> x-api-key: reqres-free-v1
20:00:01.001 [main] DEBUG org.apache.http.headers -- http-outgoing-10 >> Content-Length: 48
20:00:01.001 [main] DEBUG org.apache.http.headers -- http-outgoing-10 >> Host: reqres.in
20:00:01.001 [main] DEBUG org.apache.http.headers -- http-outgoing-10 >> Connection: Keep-Alive
20:00:01.001 [main] DEBUG org.apache.http.headers -- http-outgoing-10 >> User-Agent: Apache-HttpClient/4.5.14 (Java/17.0.9)
20:00:01.001 [main] DEBUG org.apache.http.headers -- http-outgoing-10 >> Accept-Encoding: gzip,deflate
20:00:01.001 [main] DEBUG org.apache.http.wire -- http-outgoing-10 >> "POST /api/login HTTP/1.1[\r][\n]"
20:00:01.001 [main] DEBUG org.apache.http.wire -- http-outgoing-10 >> "Content-Type: application/json; charset=UTF-8[\r][\n]"
20:00:01.001 [main] DEBUG org.apache.http.wire -- http-outgoing-10 >> "x-api-key: reqres-free-v1[\r][\n]"
20:00:01.001 [main] DEBUG org.apache.http.wire -- http-outgoing-10 >> "Content-Length: 48[\r][\n]"
20:00:01.001 [main] DEBUG org.apache.http.wire -- http-outgoing-10 >> "Host: reqres.in[\r][\n]"
20:00:01.001 [main] DEBUG org.apache.http.wire -- http-outgoing-10 >> "Connection: Keep-Alive[\r][\n]"
20:00:01.001 [main] DEBUG org.apache.http.wire -- http-outgoing-10 >> "User-Agent: Apache-HttpClient/4.5.14 (Java/17.0.9)[\r][\n]"
20:00:01.001 [main] DEBUG org.apache.http.wire -- http-outgoing-10 >> "Accept-Encoding: gzip,deflate[\r][\n]"
20:00:01.001 [main] DEBUG org.apache.http.wire -- http-outgoing-10 >> "[\r][\n]"
20:00:01.001 [main] DEBUG org.apache.http.wire -- http-outgoing-10 >> "{"email":"' OR '1'='1","password":"password123"}"
20:00:01.577 [main] DEBUG org.apache.http.wire -- http-outgoing-10 << "HTTP/1.1 400 Bad Request[\r][\n]"
20:00:01.577 [main] DEBUG org.apache.http.wire -- http-outgoing-10 << "Date: Mon, 16 Jun 2025 13:00:00 GMT[\r][\n]"
20:00:01.577 [main] DEBUG org.apache.http.wire -- http-outgoing-10 << "Content-Type: application/json; charset=utf-8[\r][\n]"
20:00:01.577 [main] DEBUG org.apache.http.wire -- http-outgoing-10 << "Content-Length: 26[\r][\n]"
20:00:01.577 [main] DEBUG org.apache.http.wire -- http-outgoing-10 << "Connection: keep-alive[\r][\n]"
20:00:01.577 [main] DEBUG org.apache.http.wire -- http-outgoing-10 << "Cf-Ray: 950a7cd64fee84ea-HKG[\r][\n]"
20:00:01.577 [main] DEBUG org.apache.http.wire -- http-outgoing-10 << "Report-To: {"group":"heroku-nel","max_age":3600,"endpoints":[{"url":"https://nel.heroku.com/reports?ts=1750078800&sid=c4c9725f-1ab0-44d8-820f-430df2718e11&s=ApvA%2FkapIMgVxxtNCHGeCFTRLIezZNp3JuC7nKHR%2FLc%3D"}]}[\r][\n]"
20:00:01.577 [main] DEBUG org.apache.http.wire -- http-outgoing-10 << "Reporting-Endpoints: heroku-nel=https://nel.heroku.com/reports?ts=1750078800&sid=c4c9725f-1ab0-44d8-820f-430df2718e11&s=ApvA%2FkapIMgVxxtNCHGeCFTRLIezZNp3JuC7nKHR%2FLc%3D[\r][\n]"
20:00:01.577 [main] DEBUG org.apache.http.wire -- http-outgoing-10 << "Nel: {"report_to":"heroku-nel","max_age":3600,"success_fraction":0.005,"failure_fraction":0.05,"response_headers":["Via"]}[\r][\n]"
20:00:01.577 [main] DEBUG org.apache.http.wire -- http-outgoing-10 << "X-Powered-By: Express[\r][\n]"
20:00:01.577 [main] DEBUG org.apache.http.wire -- http-outgoing-10 << "Access-Control-Allow-Origin: *[\r][\n]"
20:00:01.577 [main] DEBUG org.apache.http.wire -- http-outgoing-10 << "Ratelimit-Policy: 100;w=60[\r][\n]"
20:00:01.577 [main] DEBUG org.apache.http.wire -- http-outgoing-10 << "Ratelimit-Limit: 100[\r][\n]"
20:00:01.577 [main] DEBUG org.apache.http.wire -- http-outgoing-10 << "Ratelimit-Remaining: 78[\r][\n]"
20:00:01.577 [main] DEBUG org.apache.http.wire -- http-outgoing-10 << "Ratelimit-Reset: 54[\r][\n]"
20:00:01.577 [main] DEBUG org.apache.http.wire -- http-outgoing-10 << "Etag: W/"1a-EGIcyP6BIiCXl5Gb1aph5CGf4VQ"[\r][\n]"
20:00:01.577 [main] DEBUG org.apache.http.wire -- http-outgoing-10 << "Via: 1.1 vegur[\r][\n]"
20:00:01.577 [main] DEBUG org.apache.http.wire -- http-outgoing-10 << "Cf-Cache-Status: DYNAMIC[\r][\n]"
20:00:01.577 [main] DEBUG org.apache.http.wire -- http-outgoing-10 << "Server: cloudflare[\r][\n]"
20:00:01.577 [main] DEBUG org.apache.http.wire -- http-outgoing-10 << "server-timing: cfL4;desc="?proto=TCP&rtt=29987&min_rtt=28893&rtt_var=13023&sent=4&recv=6&lost=0&retrans=0&sent_bytes=219&recv_bytes=1345&delivery_rate=38570&cwnd=250&unsent_bytes=0&cid=2e67dc92625706a2&ts=591&x=0"[\r][\n]"
20:00:01.577 [main] DEBUG org.apache.http.wire -- http-outgoing-10 << "[\r][\n]"
20:00:01.577 [main] DEBUG org.apache.http.wire -- http-outgoing-10 << "{"error":"user not found"}"
20:00:01.577 [main] DEBUG org.apache.http.headers -- http-outgoing-10 << HTTP/1.1 400 Bad Request
20:00:01.577 [main] DEBUG org.apache.http.headers -- http-outgoing-10 << Date: Mon, 16 Jun 2025 13:00:00 GMT
20:00:01.577 [main] DEBUG org.apache.http.headers -- http-outgoing-10 << Content-Type: application/json; charset=utf-8
20:00:01.577 [main] DEBUG org.apache.http.headers -- http-outgoing-10 << Content-Length: 26
20:00:01.577 [main] DEBUG org.apache.http.headers -- http-outgoing-10 << Connection: keep-alive
20:00:01.577 [main] DEBUG org.apache.http.headers -- http-outgoing-10 << Cf-Ray: 950a7cd64fee84ea-HKG
20:00:01.577 [main] DEBUG org.apache.http.headers -- http-outgoing-10 << Report-To: {"group":"heroku-nel","max_age":3600,"endpoints":[{"url":"https://nel.heroku.com/reports?ts=1750078800&sid=c4c9725f-1ab0-44d8-820f-430df2718e11&s=ApvA%2FkapIMgVxxtNCHGeCFTRLIezZNp3JuC7nKHR%2FLc%3D"}]}
20:00:01.577 [main] DEBUG org.apache.http.headers -- http-outgoing-10 << Reporting-Endpoints: heroku-nel=https://nel.heroku.com/reports?ts=1750078800&sid=c4c9725f-1ab0-44d8-820f-430df2718e11&s=ApvA%2FkapIMgVxxtNCHGeCFTRLIezZNp3JuC7nKHR%2FLc%3D
20:00:01.577 [main] DEBUG org.apache.http.headers -- http-outgoing-10 << Nel: {"report_to":"heroku-nel","max_age":3600,"success_fraction":0.005,"failure_fraction":0.05,"response_headers":["Via"]}
20:00:01.577 [main] DEBUG org.apache.http.headers -- http-outgoing-10 << X-Powered-By: Express
20:00:01.577 [main] DEBUG org.apache.http.headers -- http-outgoing-10 << Access-Control-Allow-Origin: *
20:00:01.577 [main] DEBUG org.apache.http.headers -- http-outgoing-10 << Ratelimit-Policy: 100;w=60
20:00:01.577 [main] DEBUG org.apache.http.headers -- http-outgoing-10 << Ratelimit-Limit: 100
20:00:01.577 [main] DEBUG org.apache.http.headers -- http-outgoing-10 << Ratelimit-Remaining: 78
20:00:01.577 [main] DEBUG org.apache.http.headers -- http-outgoing-10 << Ratelimit-Reset: 54
20:00:01.577 [main] DEBUG org.apache.http.headers -- http-outgoing-10 << Etag: W/"1a-EGIcyP6BIiCXl5Gb1aph5CGf4VQ"
20:00:01.577 [main] DEBUG org.apache.http.headers -- http-outgoing-10 << Via: 1.1 vegur
20:00:01.577 [main] DEBUG org.apache.http.headers -- http-outgoing-10 << Cf-Cache-Status: DYNAMIC
20:00:01.577 [main] DEBUG org.apache.http.headers -- http-outgoing-10 << Server: cloudflare
20:00:01.577 [main] DEBUG org.apache.http.headers -- http-outgoing-10 << server-timing: cfL4;desc="?proto=TCP&rtt=29987&min_rtt=28893&rtt_var=13023&sent=4&recv=6&lost=0&retrans=0&sent_bytes=219&recv_bytes=1345&delivery_rate=38570&cwnd=250&unsent_bytes=0&cid=2e67dc92625706a2&ts=591&x=0"
20:00:01.577 [main] DEBUG org.apache.http.impl.execchain.MainClientExec -- Connection can be kept alive indefinitely
20:00:01.577 [main] DEBUG org.apache.http.impl.conn.PoolingHttpClientConnectionManager -- Connection [id: 10][route: {s}->https://reqres.in:443] can be kept alive indefinitely
20:00:01.577 [main] DEBUG org.apache.http.impl.conn.DefaultManagedHttpClientConnection -- http-outgoing-10: set socket timeout to 0
20:00:01.577 [main] DEBUG org.apache.http.impl.conn.PoolingHttpClientConnectionManager -- Connection released: [id: 10][route: {s}->https://reqres.in:443][total available: 1; route allocated: 1 of 5; total allocated: 1 of 10]
20:00:01.577 [main] DEBUG org.apache.http.impl.conn.PoolingHttpClientConnectionManager -- Connection manager is shutting down
20:00:01.577 [main] DEBUG org.apache.http.impl.conn.DefaultManagedHttpClientConnection -- http-outgoing-10: Close connection
20:00:01.577 [main] DEBUG org.apache.http.impl.conn.PoolingHttpClientConnectionManager -- Connection manager shut down
20:00:01.579 [main] DEBUG com.intuit.karate -- response time in milliseconds: 650
1 < 400
1 < Date: Mon, 16 Jun 2025 13:00:00 GMT
1 < Content-Type: application/json; charset=utf-8
1 < Content-Length: 26
1 < Connection: keep-alive
1 < Cf-Ray: 950a7cd64fee84ea-HKG
1 < Report-To: {"group":"heroku-nel","max_age":3600,"endpoints":[{"url":"https://nel.heroku.com/reports?ts=1750078800&sid=c4c9725f-1ab0-44d8-820f-430df2718e11&s=ApvA%2FkapIMgVxxtNCHGeCFTRLIezZNp3JuC7nKHR%2FLc%3D"}]}
1 < Reporting-Endpoints: heroku-nel=https://nel.heroku.com/reports?ts=1750078800&sid=c4c9725f-1ab0-44d8-820f-430df2718e11&s=ApvA%2FkapIMgVxxtNCHGeCFTRLIezZNp3JuC7nKHR%2FLc%3D
1 < Nel: {"report_to":"heroku-nel","max_age":3600,"success_fraction":0.005,"failure_fraction":0.05,"response_headers":["Via"]}
1 < X-Powered-By: Express
1 < Access-Control-Allow-Origin: *
1 < Ratelimit-Policy: 100;w=60
1 < Ratelimit-Limit: 100
1 < Ratelimit-Remaining: 78
1 < Ratelimit-Reset: 54
1 < Etag: W/"1a-EGIcyP6BIiCXl5Gb1aph5CGf4VQ"
1 < Via: 1.1 vegur
1 < Cf-Cache-Status: DYNAMIC
1 < Server: cloudflare
1 < server-timing: cfL4;desc="?proto=TCP&rtt=29987&min_rtt=28893&rtt_var=13023&sent=4&recv=6&lost=0&retrans=0&sent_bytes=219&recv_bytes=1345&delivery_rate=38570&cwnd=250&unsent_bytes=0&cid=2e67dc92625706a2&ts=591&x=0"
{
  "error": "user not found"
}


20:00:01.580 [main] INFO com.intuit.karate -- [print] Calling login API v?i email: ' OR '1'='1 password: password123 
20:00:01.580 [main] INFO com.intuit.karate -- [print] Response status: 400 body: {
  "error": "user not found"
}
 
20:00:01.581 [main] INFO com.intuit.karate -- Test Case Data: {
  "email": "' OR '1'='1",
  "password": "password123",
  "expectedStatus": 400.0,
  "expectedResult": "Invalid input",
  "testDescription": "TC: SQL Injection trong email",
  "responseStatus": "",
  "result": ""
}
 
20:00:01.581 [main] INFO com.intuit.karate -- Expected Status: 400.0 
20:00:01.581 [main] INFO com.intuit.karate -- Expected Result: Invalid input 
20:00:01.581 [main] INFO com.intuit.karate -- Actual Status: 400 
20:00:01.581 [main] INFO com.intuit.karate -- Is Expected Status: true 
20:00:01.581 [main] INFO com.intuit.karate -- Test case #11 - Status: 400, Result: {"error":"user not found"} 
20:00:01.582 [main] INFO com.intuit.karate -- ?ang ch?y test case #12: TC: SQL Injection trong password 
20:00:01.588 [main] INFO com.intuit.karate -- karate.env system property was: null 
20:00:01.590 [main] DEBUG com.jayway.jsonpath.internal.path.CompiledPath -- Evaluating path: $
20:00:01.591 [main] DEBUG org.apache.http.client.protocol.RequestAddCookies -- CookieSpec selected: karate
20:00:01.591 [main] DEBUG org.apache.http.client.protocol.RequestAuthCache -- Auth cache not set in the context
20:00:01.591 [main] DEBUG com.intuit.karate -- request:
1 > POST https://reqres.in/api/login
1 > Content-Type: application/json; charset=UTF-8
1 > x-api-key: reqres-free-v1
1 > Content-Length: 55
1 > Host: reqres.in
1 > Connection: Keep-Alive
1 > User-Agent: Apache-HttpClient/4.5.14 (Java/17.0.9)
1 > Accept-Encoding: gzip,deflate
{
  "email": "eve.holt@reqres.in",
  "password": "' OR '1'='1"
}


20:00:01.592 [main] DEBUG org.apache.http.impl.conn.PoolingHttpClientConnectionManager -- Connection request: [route: {s}->https://reqres.in:443][total available: 0; route allocated: 0 of 5; total allocated: 0 of 10]
20:00:01.592 [main] DEBUG org.apache.http.impl.conn.PoolingHttpClientConnectionManager -- Connection leased: [id: 11][route: {s}->https://reqres.in:443][total available: 0; route allocated: 1 of 5; total allocated: 1 of 10]
20:00:01.592 [main] DEBUG org.apache.http.impl.execchain.MainClientExec -- Opening connection {s}->https://reqres.in:443
20:00:01.592 [main] DEBUG org.apache.http.impl.conn.DefaultHttpClientConnectionOperator -- Connecting to reqres.in/104.26.10.213:443
20:00:01.592 [main] DEBUG org.apache.http.conn.ssl.SSLConnectionSocketFactory -- Connecting socket to reqres.in/104.26.10.213:443 with timeout 5000
20:00:01.617 [main] DEBUG org.apache.http.conn.ssl.SSLConnectionSocketFactory -- Enabled protocols: [TLSv1.3, TLSv1.2]
20:00:01.617 [main] DEBUG org.apache.http.conn.ssl.SSLConnectionSocketFactory -- Enabled cipher suites:[TLS_AES_256_GCM_SHA384, TLS_AES_128_GCM_SHA256, TLS_CHACHA20_POLY1305_SHA256, TLS_ECDHE_ECDSA_WITH_AES_256_GCM_SHA384, TLS_ECDHE_ECDSA_WITH_AES_128_GCM_SHA256, TLS_ECDHE_ECDSA_WITH_CHACHA20_POLY1305_SHA256, TLS_ECDHE_RSA_WITH_AES_256_GCM_SHA384, TLS_ECDHE_RSA_WITH_CHACHA20_POLY1305_SHA256, TLS_ECDHE_RSA_WITH_AES_128_GCM_SHA256, TLS_DHE_RSA_WITH_AES_256_GCM_SHA384, TLS_DHE_RSA_WITH_CHACHA20_POLY1305_SHA256, TLS_DHE_DSS_WITH_AES_256_GCM_SHA384, TLS_DHE_RSA_WITH_AES_128_GCM_SHA256, TLS_DHE_DSS_WITH_AES_128_GCM_SHA256, TLS_ECDHE_ECDSA_WITH_AES_256_CBC_SHA384, TLS_ECDHE_RSA_WITH_AES_256_CBC_SHA384, TLS_ECDHE_ECDSA_WITH_AES_128_CBC_SHA256, TLS_ECDHE_RSA_WITH_AES_128_CBC_SHA256, TLS_DHE_RSA_WITH_AES_256_CBC_SHA256, TLS_DHE_DSS_WITH_AES_256_CBC_SHA256, TLS_DHE_RSA_WITH_AES_128_CBC_SHA256, TLS_DHE_DSS_WITH_AES_128_CBC_SHA256, TLS_ECDH_ECDSA_WITH_AES_256_GCM_SHA384, TLS_ECDH_RSA_WITH_AES_256_GCM_SHA384, TLS_ECDH_ECDSA_WITH_AES_128_GCM_SHA256, TLS_ECDH_RSA_WITH_AES_128_GCM_SHA256, TLS_ECDH_ECDSA_WITH_AES_256_CBC_SHA384, TLS_ECDH_RSA_WITH_AES_256_CBC_SHA384, TLS_ECDH_ECDSA_WITH_AES_128_CBC_SHA256, TLS_ECDH_RSA_WITH_AES_128_CBC_SHA256, TLS_ECDHE_ECDSA_WITH_AES_256_CBC_SHA, TLS_ECDHE_RSA_WITH_AES_256_CBC_SHA, TLS_ECDHE_ECDSA_WITH_AES_128_CBC_SHA, TLS_ECDHE_RSA_WITH_AES_128_CBC_SHA, TLS_DHE_RSA_WITH_AES_256_CBC_SHA, TLS_DHE_DSS_WITH_AES_256_CBC_SHA, TLS_DHE_RSA_WITH_AES_128_CBC_SHA, TLS_DHE_DSS_WITH_AES_128_CBC_SHA, TLS_ECDH_ECDSA_WITH_AES_256_CBC_SHA, TLS_ECDH_RSA_WITH_AES_256_CBC_SHA, TLS_ECDH_ECDSA_WITH_AES_128_CBC_SHA, TLS_ECDH_RSA_WITH_AES_128_CBC_SHA, TLS_RSA_WITH_AES_256_GCM_SHA384, TLS_RSA_WITH_AES_128_GCM_SHA256, TLS_RSA_WITH_AES_256_CBC_SHA256, TLS_RSA_WITH_AES_128_CBC_SHA256, TLS_RSA_WITH_AES_256_CBC_SHA, TLS_RSA_WITH_AES_128_CBC_SHA, TLS_EMPTY_RENEGOTIATION_INFO_SCSV]
20:00:01.617 [main] DEBUG org.apache.http.conn.ssl.SSLConnectionSocketFactory -- Starting handshake
20:00:01.648 [main] DEBUG org.apache.http.conn.ssl.SSLConnectionSocketFactory -- Secure session established
20:00:01.648 [main] DEBUG org.apache.http.conn.ssl.SSLConnectionSocketFactory --  negotiated protocol: TLSv1.3
20:00:01.648 [main] DEBUG org.apache.http.conn.ssl.SSLConnectionSocketFactory --  negotiated cipher suite: TLS_AES_256_GCM_SHA384
20:00:01.648 [main] DEBUG org.apache.http.conn.ssl.SSLConnectionSocketFactory --  peer principal: CN=reqres.in
20:00:01.648 [main] DEBUG org.apache.http.conn.ssl.SSLConnectionSocketFactory --  peer alternative names: [reqres.in, *.reqres.in]
20:00:01.648 [main] DEBUG org.apache.http.conn.ssl.SSLConnectionSocketFactory --  issuer principal: CN=WE1, O=Google Trust Services, C=US
20:00:01.648 [main] DEBUG org.apache.http.impl.conn.DefaultHttpClientConnectionOperator -- Connection established 192.168.1.20:57000<->104.26.10.213:443
20:00:01.648 [main] DEBUG org.apache.http.impl.conn.DefaultManagedHttpClientConnection -- http-outgoing-11: set socket timeout to 5000
20:00:01.648 [main] DEBUG org.apache.http.impl.execchain.MainClientExec -- Executing request POST /api/login HTTP/1.1
20:00:01.648 [main] DEBUG org.apache.http.impl.execchain.MainClientExec -- Target auth state: UNCHALLENGED
20:00:01.648 [main] DEBUG org.apache.http.impl.execchain.MainClientExec -- Proxy auth state: UNCHALLENGED
20:00:01.648 [main] DEBUG org.apache.http.headers -- http-outgoing-11 >> POST /api/login HTTP/1.1
20:00:01.648 [main] DEBUG org.apache.http.headers -- http-outgoing-11 >> Content-Type: application/json; charset=UTF-8
20:00:01.648 [main] DEBUG org.apache.http.headers -- http-outgoing-11 >> x-api-key: reqres-free-v1
20:00:01.648 [main] DEBUG org.apache.http.headers -- http-outgoing-11 >> Content-Length: 55
20:00:01.648 [main] DEBUG org.apache.http.headers -- http-outgoing-11 >> Host: reqres.in
20:00:01.648 [main] DEBUG org.apache.http.headers -- http-outgoing-11 >> Connection: Keep-Alive
20:00:01.648 [main] DEBUG org.apache.http.headers -- http-outgoing-11 >> User-Agent: Apache-HttpClient/4.5.14 (Java/17.0.9)
20:00:01.648 [main] DEBUG org.apache.http.headers -- http-outgoing-11 >> Accept-Encoding: gzip,deflate
20:00:01.648 [main] DEBUG org.apache.http.wire -- http-outgoing-11 >> "POST /api/login HTTP/1.1[\r][\n]"
20:00:01.648 [main] DEBUG org.apache.http.wire -- http-outgoing-11 >> "Content-Type: application/json; charset=UTF-8[\r][\n]"
20:00:01.648 [main] DEBUG org.apache.http.wire -- http-outgoing-11 >> "x-api-key: reqres-free-v1[\r][\n]"
20:00:01.648 [main] DEBUG org.apache.http.wire -- http-outgoing-11 >> "Content-Length: 55[\r][\n]"
20:00:01.648 [main] DEBUG org.apache.http.wire -- http-outgoing-11 >> "Host: reqres.in[\r][\n]"
20:00:01.648 [main] DEBUG org.apache.http.wire -- http-outgoing-11 >> "Connection: Keep-Alive[\r][\n]"
20:00:01.648 [main] DEBUG org.apache.http.wire -- http-outgoing-11 >> "User-Agent: Apache-HttpClient/4.5.14 (Java/17.0.9)[\r][\n]"
20:00:01.648 [main] DEBUG org.apache.http.wire -- http-outgoing-11 >> "Accept-Encoding: gzip,deflate[\r][\n]"
20:00:01.648 [main] DEBUG org.apache.http.wire -- http-outgoing-11 >> "[\r][\n]"
20:00:01.648 [main] DEBUG org.apache.http.wire -- http-outgoing-11 >> "{"email":"eve.holt@reqres.in","password":"' OR '1'='1"}"
20:00:02.220 [main] DEBUG org.apache.http.wire -- http-outgoing-11 << "HTTP/1.1 200 OK[\r][\n]"
20:00:02.220 [main] DEBUG org.apache.http.wire -- http-outgoing-11 << "Date: Mon, 16 Jun 2025 13:00:01 GMT[\r][\n]"
20:00:02.220 [main] DEBUG org.apache.http.wire -- http-outgoing-11 << "Content-Type: application/json; charset=utf-8[\r][\n]"
20:00:02.220 [main] DEBUG org.apache.http.wire -- http-outgoing-11 << "Content-Length: 29[\r][\n]"
20:00:02.220 [main] DEBUG org.apache.http.wire -- http-outgoing-11 << "Connection: keep-alive[\r][\n]"
20:00:02.220 [main] DEBUG org.apache.http.wire -- http-outgoing-11 << "Cf-Ray: 950a7cda5b7e84a0-HKG[\r][\n]"
20:00:02.220 [main] DEBUG org.apache.http.wire -- http-outgoing-11 << "Report-To: {"group":"heroku-nel","max_age":3600,"endpoints":[{"url":"https://nel.heroku.com/reports?ts=1750078801&sid=c4c9725f-1ab0-44d8-820f-430df2718e11&s=vYPhDB4vjGd5wuJNDj7F8m71z%2FbJDlboN7s%2Bv6Kw3cs%3D"}]}[\r][\n]"
20:00:02.220 [main] DEBUG org.apache.http.wire -- http-outgoing-11 << "Reporting-Endpoints: heroku-nel=https://nel.heroku.com/reports?ts=1750078801&sid=c4c9725f-1ab0-44d8-820f-430df2718e11&s=vYPhDB4vjGd5wuJNDj7F8m71z%2FbJDlboN7s%2Bv6Kw3cs%3D[\r][\n]"
20:00:02.220 [main] DEBUG org.apache.http.wire -- http-outgoing-11 << "Nel: {"report_to":"heroku-nel","max_age":3600,"success_fraction":0.005,"failure_fraction":0.05,"response_headers":["Via"]}[\r][\n]"
20:00:02.221 [main] DEBUG org.apache.http.wire -- http-outgoing-11 << "X-Powered-By: Express[\r][\n]"
20:00:02.221 [main] DEBUG org.apache.http.wire -- http-outgoing-11 << "Access-Control-Allow-Origin: *[\r][\n]"
20:00:02.221 [main] DEBUG org.apache.http.wire -- http-outgoing-11 << "Ratelimit-Policy: 100;w=60[\r][\n]"
20:00:02.221 [main] DEBUG org.apache.http.wire -- http-outgoing-11 << "Ratelimit-Limit: 100[\r][\n]"
20:00:02.221 [main] DEBUG org.apache.http.wire -- http-outgoing-11 << "Ratelimit-Remaining: 76[\r][\n]"
20:00:02.221 [main] DEBUG org.apache.http.wire -- http-outgoing-11 << "Ratelimit-Reset: 53[\r][\n]"
20:00:02.221 [main] DEBUG org.apache.http.wire -- http-outgoing-11 << "Etag: W/"1d-lGCrvD6B7Qzk11+2C98+nGhhuec"[\r][\n]"
20:00:02.221 [main] DEBUG org.apache.http.wire -- http-outgoing-11 << "Via: 1.1 vegur[\r][\n]"
20:00:02.221 [main] DEBUG org.apache.http.wire -- http-outgoing-11 << "Cf-Cache-Status: DYNAMIC[\r][\n]"
20:00:02.221 [main] DEBUG org.apache.http.wire -- http-outgoing-11 << "Server: cloudflare[\r][\n]"
20:00:02.221 [main] DEBUG org.apache.http.wire -- http-outgoing-11 << "server-timing: cfL4;desc="?proto=TCP&rtt=24052&min_rtt=23888&rtt_var=9287&sent=4&recv=6&lost=0&retrans=0&sent_bytes=219&recv_bytes=1352&delivery_rate=57609&cwnd=250&unsent_bytes=0&cid=1f4324f4691fdeef&ts=573&x=0"[\r][\n]"
20:00:02.221 [main] DEBUG org.apache.http.wire -- http-outgoing-11 << "[\r][\n]"
20:00:02.221 [main] DEBUG org.apache.http.wire -- http-outgoing-11 << "{"token":"QpwL5tke4Pnpja7X4"}"
20:00:02.221 [main] DEBUG org.apache.http.headers -- http-outgoing-11 << HTTP/1.1 200 OK
20:00:02.221 [main] DEBUG org.apache.http.headers -- http-outgoing-11 << Date: Mon, 16 Jun 2025 13:00:01 GMT
20:00:02.221 [main] DEBUG org.apache.http.headers -- http-outgoing-11 << Content-Type: application/json; charset=utf-8
20:00:02.221 [main] DEBUG org.apache.http.headers -- http-outgoing-11 << Content-Length: 29
20:00:02.221 [main] DEBUG org.apache.http.headers -- http-outgoing-11 << Connection: keep-alive
20:00:02.221 [main] DEBUG org.apache.http.headers -- http-outgoing-11 << Cf-Ray: 950a7cda5b7e84a0-HKG
20:00:02.221 [main] DEBUG org.apache.http.headers -- http-outgoing-11 << Report-To: {"group":"heroku-nel","max_age":3600,"endpoints":[{"url":"https://nel.heroku.com/reports?ts=1750078801&sid=c4c9725f-1ab0-44d8-820f-430df2718e11&s=vYPhDB4vjGd5wuJNDj7F8m71z%2FbJDlboN7s%2Bv6Kw3cs%3D"}]}
20:00:02.221 [main] DEBUG org.apache.http.headers -- http-outgoing-11 << Reporting-Endpoints: heroku-nel=https://nel.heroku.com/reports?ts=1750078801&sid=c4c9725f-1ab0-44d8-820f-430df2718e11&s=vYPhDB4vjGd5wuJNDj7F8m71z%2FbJDlboN7s%2Bv6Kw3cs%3D
20:00:02.221 [main] DEBUG org.apache.http.headers -- http-outgoing-11 << Nel: {"report_to":"heroku-nel","max_age":3600,"success_fraction":0.005,"failure_fraction":0.05,"response_headers":["Via"]}
20:00:02.221 [main] DEBUG org.apache.http.headers -- http-outgoing-11 << X-Powered-By: Express
20:00:02.221 [main] DEBUG org.apache.http.headers -- http-outgoing-11 << Access-Control-Allow-Origin: *
20:00:02.221 [main] DEBUG org.apache.http.headers -- http-outgoing-11 << Ratelimit-Policy: 100;w=60
20:00:02.221 [main] DEBUG org.apache.http.headers -- http-outgoing-11 << Ratelimit-Limit: 100
20:00:02.221 [main] DEBUG org.apache.http.headers -- http-outgoing-11 << Ratelimit-Remaining: 76
20:00:02.221 [main] DEBUG org.apache.http.headers -- http-outgoing-11 << Ratelimit-Reset: 53
20:00:02.221 [main] DEBUG org.apache.http.headers -- http-outgoing-11 << Etag: W/"1d-lGCrvD6B7Qzk11+2C98+nGhhuec"
20:00:02.221 [main] DEBUG org.apache.http.headers -- http-outgoing-11 << Via: 1.1 vegur
20:00:02.221 [main] DEBUG org.apache.http.headers -- http-outgoing-11 << Cf-Cache-Status: DYNAMIC
20:00:02.221 [main] DEBUG org.apache.http.headers -- http-outgoing-11 << Server: cloudflare
20:00:02.221 [main] DEBUG org.apache.http.headers -- http-outgoing-11 << server-timing: cfL4;desc="?proto=TCP&rtt=24052&min_rtt=23888&rtt_var=9287&sent=4&recv=6&lost=0&retrans=0&sent_bytes=219&recv_bytes=1352&delivery_rate=57609&cwnd=250&unsent_bytes=0&cid=1f4324f4691fdeef&ts=573&x=0"
20:00:02.221 [main] DEBUG org.apache.http.impl.execchain.MainClientExec -- Connection can be kept alive indefinitely
20:00:02.221 [main] DEBUG org.apache.http.impl.conn.PoolingHttpClientConnectionManager -- Connection [id: 11][route: {s}->https://reqres.in:443] can be kept alive indefinitely
20:00:02.221 [main] DEBUG org.apache.http.impl.conn.DefaultManagedHttpClientConnection -- http-outgoing-11: set socket timeout to 0
20:00:02.221 [main] DEBUG org.apache.http.impl.conn.PoolingHttpClientConnectionManager -- Connection released: [id: 11][route: {s}->https://reqres.in:443][total available: 1; route allocated: 1 of 5; total allocated: 1 of 10]
20:00:02.221 [main] DEBUG org.apache.http.impl.conn.PoolingHttpClientConnectionManager -- Connection manager is shutting down
20:00:02.221 [main] DEBUG org.apache.http.impl.conn.DefaultManagedHttpClientConnection -- http-outgoing-11: Close connection
20:00:02.222 [main] DEBUG org.apache.http.impl.conn.PoolingHttpClientConnectionManager -- Connection manager shut down
20:00:02.223 [main] DEBUG com.intuit.karate -- response time in milliseconds: 629
1 < 200
1 < Date: Mon, 16 Jun 2025 13:00:01 GMT
1 < Content-Type: application/json; charset=utf-8
1 < Content-Length: 29
1 < Connection: keep-alive
1 < Cf-Ray: 950a7cda5b7e84a0-HKG
1 < Report-To: {"group":"heroku-nel","max_age":3600,"endpoints":[{"url":"https://nel.heroku.com/reports?ts=1750078801&sid=c4c9725f-1ab0-44d8-820f-430df2718e11&s=vYPhDB4vjGd5wuJNDj7F8m71z%2FbJDlboN7s%2Bv6Kw3cs%3D"}]}
1 < Reporting-Endpoints: heroku-nel=https://nel.heroku.com/reports?ts=1750078801&sid=c4c9725f-1ab0-44d8-820f-430df2718e11&s=vYPhDB4vjGd5wuJNDj7F8m71z%2FbJDlboN7s%2Bv6Kw3cs%3D
1 < Nel: {"report_to":"heroku-nel","max_age":3600,"success_fraction":0.005,"failure_fraction":0.05,"response_headers":["Via"]}
1 < X-Powered-By: Express
1 < Access-Control-Allow-Origin: *
1 < Ratelimit-Policy: 100;w=60
1 < Ratelimit-Limit: 100
1 < Ratelimit-Remaining: 76
1 < Ratelimit-Reset: 53
1 < Etag: W/"1d-lGCrvD6B7Qzk11+2C98+nGhhuec"
1 < Via: 1.1 vegur
1 < Cf-Cache-Status: DYNAMIC
1 < Server: cloudflare
1 < server-timing: cfL4;desc="?proto=TCP&rtt=24052&min_rtt=23888&rtt_var=9287&sent=4&recv=6&lost=0&retrans=0&sent_bytes=219&recv_bytes=1352&delivery_rate=57609&cwnd=250&unsent_bytes=0&cid=1f4324f4691fdeef&ts=573&x=0"
{
  "token": "QpwL5tke4Pnpja7X4"
}


20:00:02.223 [main] INFO com.intuit.karate -- [print] Calling login API v?i email: eve.holt@reqres.in password: ' OR '1'='1 
20:00:02.223 [main] INFO com.intuit.karate -- [print] Response status: 200 body: {
  "token": "QpwL5tke4Pnpja7X4"
}
 
20:00:02.224 [main] INFO com.intuit.karate -- STATUS MISMATCH - Expected: 400, Actual: 200 
20:00:02.224 [main] INFO com.intuit.karate -- Test Case Data: {
  "email": "eve.holt@reqres.in",
  "password": "' OR '1'='1",
  "expectedStatus": 400.0,
  "expectedResult": "Invalid input",
  "testDescription": "TC: SQL Injection trong password",
  "responseStatus": "",
  "result": ""
}
 
20:00:02.224 [main] INFO com.intuit.karate -- Expected Status: 400.0 
20:00:02.224 [main] INFO com.intuit.karate -- Expected Result: Invalid input 
20:00:02.224 [main] INFO com.intuit.karate -- Actual Status: 200 
20:00:02.224 [main] INFO com.intuit.karate -- Is Expected Status: false 
20:00:02.225 [main] INFO com.intuit.karate -- Test case #12 - Status: 200, Result: {"token":"QpwL5tke4Pnpja7X4"} 
20:00:02.226 [main] INFO com.intuit.karate -- ?ang ch?y test case #13: TC: XSS trong email 
20:00:02.232 [main] INFO com.intuit.karate -- karate.env system property was: null 
20:00:02.233 [main] DEBUG com.jayway.jsonpath.internal.path.CompiledPath -- Evaluating path: $
20:00:02.234 [main] DEBUG org.apache.http.client.protocol.RequestAddCookies -- CookieSpec selected: karate
20:00:02.234 [main] DEBUG org.apache.http.client.protocol.RequestAuthCache -- Auth cache not set in the context
20:00:02.234 [main] DEBUG com.intuit.karate -- request:
1 > POST https://reqres.in/api/login
1 > Content-Type: application/json; charset=UTF-8
1 > x-api-key: reqres-free-v1
1 > Content-Length: 78
1 > Host: reqres.in
1 > Connection: Keep-Alive
1 > User-Agent: Apache-HttpClient/4.5.14 (Java/17.0.9)
1 > Accept-Encoding: gzip,deflate
{
  "email": "<script>alert(\"xss\")</script>@test.com",
  "password": "password123"
}


20:00:02.234 [main] DEBUG org.apache.http.impl.conn.PoolingHttpClientConnectionManager -- Connection request: [route: {s}->https://reqres.in:443][total available: 0; route allocated: 0 of 5; total allocated: 0 of 10]
20:00:02.234 [main] DEBUG org.apache.http.impl.conn.PoolingHttpClientConnectionManager -- Connection leased: [id: 12][route: {s}->https://reqres.in:443][total available: 0; route allocated: 1 of 5; total allocated: 1 of 10]
20:00:02.234 [main] DEBUG org.apache.http.impl.execchain.MainClientExec -- Opening connection {s}->https://reqres.in:443
20:00:02.234 [main] DEBUG org.apache.http.impl.conn.DefaultHttpClientConnectionOperator -- Connecting to reqres.in/104.26.10.213:443
20:00:02.234 [main] DEBUG org.apache.http.conn.ssl.SSLConnectionSocketFactory -- Connecting socket to reqres.in/104.26.10.213:443 with timeout 5000
20:00:02.259 [main] DEBUG org.apache.http.conn.ssl.SSLConnectionSocketFactory -- Enabled protocols: [TLSv1.3, TLSv1.2]
20:00:02.259 [main] DEBUG org.apache.http.conn.ssl.SSLConnectionSocketFactory -- Enabled cipher suites:[TLS_AES_256_GCM_SHA384, TLS_AES_128_GCM_SHA256, TLS_CHACHA20_POLY1305_SHA256, TLS_ECDHE_ECDSA_WITH_AES_256_GCM_SHA384, TLS_ECDHE_ECDSA_WITH_AES_128_GCM_SHA256, TLS_ECDHE_ECDSA_WITH_CHACHA20_POLY1305_SHA256, TLS_ECDHE_RSA_WITH_AES_256_GCM_SHA384, TLS_ECDHE_RSA_WITH_CHACHA20_POLY1305_SHA256, TLS_ECDHE_RSA_WITH_AES_128_GCM_SHA256, TLS_DHE_RSA_WITH_AES_256_GCM_SHA384, TLS_DHE_RSA_WITH_CHACHA20_POLY1305_SHA256, TLS_DHE_DSS_WITH_AES_256_GCM_SHA384, TLS_DHE_RSA_WITH_AES_128_GCM_SHA256, TLS_DHE_DSS_WITH_AES_128_GCM_SHA256, TLS_ECDHE_ECDSA_WITH_AES_256_CBC_SHA384, TLS_ECDHE_RSA_WITH_AES_256_CBC_SHA384, TLS_ECDHE_ECDSA_WITH_AES_128_CBC_SHA256, TLS_ECDHE_RSA_WITH_AES_128_CBC_SHA256, TLS_DHE_RSA_WITH_AES_256_CBC_SHA256, TLS_DHE_DSS_WITH_AES_256_CBC_SHA256, TLS_DHE_RSA_WITH_AES_128_CBC_SHA256, TLS_DHE_DSS_WITH_AES_128_CBC_SHA256, TLS_ECDH_ECDSA_WITH_AES_256_GCM_SHA384, TLS_ECDH_RSA_WITH_AES_256_GCM_SHA384, TLS_ECDH_ECDSA_WITH_AES_128_GCM_SHA256, TLS_ECDH_RSA_WITH_AES_128_GCM_SHA256, TLS_ECDH_ECDSA_WITH_AES_256_CBC_SHA384, TLS_ECDH_RSA_WITH_AES_256_CBC_SHA384, TLS_ECDH_ECDSA_WITH_AES_128_CBC_SHA256, TLS_ECDH_RSA_WITH_AES_128_CBC_SHA256, TLS_ECDHE_ECDSA_WITH_AES_256_CBC_SHA, TLS_ECDHE_RSA_WITH_AES_256_CBC_SHA, TLS_ECDHE_ECDSA_WITH_AES_128_CBC_SHA, TLS_ECDHE_RSA_WITH_AES_128_CBC_SHA, TLS_DHE_RSA_WITH_AES_256_CBC_SHA, TLS_DHE_DSS_WITH_AES_256_CBC_SHA, TLS_DHE_RSA_WITH_AES_128_CBC_SHA, TLS_DHE_DSS_WITH_AES_128_CBC_SHA, TLS_ECDH_ECDSA_WITH_AES_256_CBC_SHA, TLS_ECDH_RSA_WITH_AES_256_CBC_SHA, TLS_ECDH_ECDSA_WITH_AES_128_CBC_SHA, TLS_ECDH_RSA_WITH_AES_128_CBC_SHA, TLS_RSA_WITH_AES_256_GCM_SHA384, TLS_RSA_WITH_AES_128_GCM_SHA256, TLS_RSA_WITH_AES_256_CBC_SHA256, TLS_RSA_WITH_AES_128_CBC_SHA256, TLS_RSA_WITH_AES_256_CBC_SHA, TLS_RSA_WITH_AES_128_CBC_SHA, TLS_EMPTY_RENEGOTIATION_INFO_SCSV]
20:00:02.259 [main] DEBUG org.apache.http.conn.ssl.SSLConnectionSocketFactory -- Starting handshake
20:00:02.291 [main] DEBUG org.apache.http.conn.ssl.SSLConnectionSocketFactory -- Secure session established
20:00:02.291 [main] DEBUG org.apache.http.conn.ssl.SSLConnectionSocketFactory --  negotiated protocol: TLSv1.3
20:00:02.291 [main] DEBUG org.apache.http.conn.ssl.SSLConnectionSocketFactory --  negotiated cipher suite: TLS_AES_256_GCM_SHA384
20:00:02.291 [main] DEBUG org.apache.http.conn.ssl.SSLConnectionSocketFactory --  peer principal: CN=reqres.in
20:00:02.291 [main] DEBUG org.apache.http.conn.ssl.SSLConnectionSocketFactory --  peer alternative names: [reqres.in, *.reqres.in]
20:00:02.291 [main] DEBUG org.apache.http.conn.ssl.SSLConnectionSocketFactory --  issuer principal: CN=WE1, O=Google Trust Services, C=US
20:00:02.291 [main] DEBUG org.apache.http.impl.conn.DefaultHttpClientConnectionOperator -- Connection established 192.168.1.20:57001<->104.26.10.213:443
20:00:02.291 [main] DEBUG org.apache.http.impl.conn.DefaultManagedHttpClientConnection -- http-outgoing-12: set socket timeout to 5000
20:00:02.291 [main] DEBUG org.apache.http.impl.execchain.MainClientExec -- Executing request POST /api/login HTTP/1.1
20:00:02.291 [main] DEBUG org.apache.http.impl.execchain.MainClientExec -- Target auth state: UNCHALLENGED
20:00:02.291 [main] DEBUG org.apache.http.impl.execchain.MainClientExec -- Proxy auth state: UNCHALLENGED
20:00:02.291 [main] DEBUG org.apache.http.headers -- http-outgoing-12 >> POST /api/login HTTP/1.1
20:00:02.291 [main] DEBUG org.apache.http.headers -- http-outgoing-12 >> Content-Type: application/json; charset=UTF-8
20:00:02.291 [main] DEBUG org.apache.http.headers -- http-outgoing-12 >> x-api-key: reqres-free-v1
20:00:02.291 [main] DEBUG org.apache.http.headers -- http-outgoing-12 >> Content-Length: 78
20:00:02.291 [main] DEBUG org.apache.http.headers -- http-outgoing-12 >> Host: reqres.in
20:00:02.291 [main] DEBUG org.apache.http.headers -- http-outgoing-12 >> Connection: Keep-Alive
20:00:02.291 [main] DEBUG org.apache.http.headers -- http-outgoing-12 >> User-Agent: Apache-HttpClient/4.5.14 (Java/17.0.9)
20:00:02.291 [main] DEBUG org.apache.http.headers -- http-outgoing-12 >> Accept-Encoding: gzip,deflate
20:00:02.291 [main] DEBUG org.apache.http.wire -- http-outgoing-12 >> "POST /api/login HTTP/1.1[\r][\n]"
20:00:02.291 [main] DEBUG org.apache.http.wire -- http-outgoing-12 >> "Content-Type: application/json; charset=UTF-8[\r][\n]"
20:00:02.291 [main] DEBUG org.apache.http.wire -- http-outgoing-12 >> "x-api-key: reqres-free-v1[\r][\n]"
20:00:02.291 [main] DEBUG org.apache.http.wire -- http-outgoing-12 >> "Content-Length: 78[\r][\n]"
20:00:02.291 [main] DEBUG org.apache.http.wire -- http-outgoing-12 >> "Host: reqres.in[\r][\n]"
20:00:02.291 [main] DEBUG org.apache.http.wire -- http-outgoing-12 >> "Connection: Keep-Alive[\r][\n]"
20:00:02.291 [main] DEBUG org.apache.http.wire -- http-outgoing-12 >> "User-Agent: Apache-HttpClient/4.5.14 (Java/17.0.9)[\r][\n]"
20:00:02.291 [main] DEBUG org.apache.http.wire -- http-outgoing-12 >> "Accept-Encoding: gzip,deflate[\r][\n]"
20:00:02.291 [main] DEBUG org.apache.http.wire -- http-outgoing-12 >> "[\r][\n]"
20:00:02.291 [main] DEBUG org.apache.http.wire -- http-outgoing-12 >> "{"email":"<script>alert(\"xss\")<\/script>@test.com","password":"password123"}"
20:00:02.860 [main] DEBUG org.apache.http.wire -- http-outgoing-12 << "HTTP/1.1 400 Bad Request[\r][\n]"
20:00:02.860 [main] DEBUG org.apache.http.wire -- http-outgoing-12 << "Date: Mon, 16 Jun 2025 13:00:02 GMT[\r][\n]"
20:00:02.860 [main] DEBUG org.apache.http.wire -- http-outgoing-12 << "Content-Type: application/json; charset=utf-8[\r][\n]"
20:00:02.860 [main] DEBUG org.apache.http.wire -- http-outgoing-12 << "Content-Length: 26[\r][\n]"
20:00:02.860 [main] DEBUG org.apache.http.wire -- http-outgoing-12 << "Connection: keep-alive[\r][\n]"
20:00:02.860 [main] DEBUG org.apache.http.wire -- http-outgoing-12 << "Cf-Ray: 950a7cde5a643dda-HKG[\r][\n]"
20:00:02.860 [main] DEBUG org.apache.http.wire -- http-outgoing-12 << "Report-To: {"group":"heroku-nel","max_age":3600,"endpoints":[{"url":"https://nel.heroku.com/reports?ts=1750078802&sid=c4c9725f-1ab0-44d8-820f-430df2718e11&s=mXnfEjWW%2BH9WYzpfDMHbyMcecp6qhp20DmkMldted3A%3D"}]}[\r][\n]"
20:00:02.860 [main] DEBUG org.apache.http.wire -- http-outgoing-12 << "Reporting-Endpoints: heroku-nel=https://nel.heroku.com/reports?ts=1750078802&sid=c4c9725f-1ab0-44d8-820f-430df2718e11&s=mXnfEjWW%2BH9WYzpfDMHbyMcecp6qhp20DmkMldted3A%3D[\r][\n]"
20:00:02.860 [main] DEBUG org.apache.http.wire -- http-outgoing-12 << "Nel: {"report_to":"heroku-nel","max_age":3600,"success_fraction":0.005,"failure_fraction":0.05,"response_headers":["Via"]}[\r][\n]"
20:00:02.860 [main] DEBUG org.apache.http.wire -- http-outgoing-12 << "X-Powered-By: Express[\r][\n]"
20:00:02.860 [main] DEBUG org.apache.http.wire -- http-outgoing-12 << "Access-Control-Allow-Origin: *[\r][\n]"
20:00:02.860 [main] DEBUG org.apache.http.wire -- http-outgoing-12 << "Ratelimit-Policy: 100;w=60[\r][\n]"
20:00:02.860 [main] DEBUG org.apache.http.wire -- http-outgoing-12 << "Ratelimit-Limit: 100[\r][\n]"
20:00:02.860 [main] DEBUG org.apache.http.wire -- http-outgoing-12 << "Ratelimit-Remaining: 74[\r][\n]"
20:00:02.860 [main] DEBUG org.apache.http.wire -- http-outgoing-12 << "Ratelimit-Reset: 53[\r][\n]"
20:00:02.860 [main] DEBUG org.apache.http.wire -- http-outgoing-12 << "Etag: W/"1a-EGIcyP6BIiCXl5Gb1aph5CGf4VQ"[\r][\n]"
20:00:02.860 [main] DEBUG org.apache.http.wire -- http-outgoing-12 << "Via: 1.1 vegur[\r][\n]"
20:00:02.860 [main] DEBUG org.apache.http.wire -- http-outgoing-12 << "Cf-Cache-Status: DYNAMIC[\r][\n]"
20:00:02.860 [main] DEBUG org.apache.http.wire -- http-outgoing-12 << "Server: cloudflare[\r][\n]"
20:00:02.860 [main] DEBUG org.apache.http.wire -- http-outgoing-12 << "server-timing: cfL4;desc="?proto=TCP&rtt=24145&min_rtt=23960&rtt_var=9355&sent=4&recv=6&lost=0&retrans=0&sent_bytes=219&recv_bytes=1375&delivery_rate=57075&cwnd=250&unsent_bytes=0&cid=d80b816340e72fc6&ts=573&x=0"[\r][\n]"
20:00:02.860 [main] DEBUG org.apache.http.wire -- http-outgoing-12 << "[\r][\n]"
20:00:02.860 [main] DEBUG org.apache.http.wire -- http-outgoing-12 << "{"error":"user not found"}"
20:00:02.861 [main] DEBUG org.apache.http.headers -- http-outgoing-12 << HTTP/1.1 400 Bad Request
20:00:02.861 [main] DEBUG org.apache.http.headers -- http-outgoing-12 << Date: Mon, 16 Jun 2025 13:00:02 GMT
20:00:02.861 [main] DEBUG org.apache.http.headers -- http-outgoing-12 << Content-Type: application/json; charset=utf-8
20:00:02.861 [main] DEBUG org.apache.http.headers -- http-outgoing-12 << Content-Length: 26
20:00:02.861 [main] DEBUG org.apache.http.headers -- http-outgoing-12 << Connection: keep-alive
20:00:02.861 [main] DEBUG org.apache.http.headers -- http-outgoing-12 << Cf-Ray: 950a7cde5a643dda-HKG
20:00:02.861 [main] DEBUG org.apache.http.headers -- http-outgoing-12 << Report-To: {"group":"heroku-nel","max_age":3600,"endpoints":[{"url":"https://nel.heroku.com/reports?ts=1750078802&sid=c4c9725f-1ab0-44d8-820f-430df2718e11&s=mXnfEjWW%2BH9WYzpfDMHbyMcecp6qhp20DmkMldted3A%3D"}]}
20:00:02.861 [main] DEBUG org.apache.http.headers -- http-outgoing-12 << Reporting-Endpoints: heroku-nel=https://nel.heroku.com/reports?ts=1750078802&sid=c4c9725f-1ab0-44d8-820f-430df2718e11&s=mXnfEjWW%2BH9WYzpfDMHbyMcecp6qhp20DmkMldted3A%3D
20:00:02.861 [main] DEBUG org.apache.http.headers -- http-outgoing-12 << Nel: {"report_to":"heroku-nel","max_age":3600,"success_fraction":0.005,"failure_fraction":0.05,"response_headers":["Via"]}
20:00:02.861 [main] DEBUG org.apache.http.headers -- http-outgoing-12 << X-Powered-By: Express
20:00:02.861 [main] DEBUG org.apache.http.headers -- http-outgoing-12 << Access-Control-Allow-Origin: *
20:00:02.861 [main] DEBUG org.apache.http.headers -- http-outgoing-12 << Ratelimit-Policy: 100;w=60
20:00:02.861 [main] DEBUG org.apache.http.headers -- http-outgoing-12 << Ratelimit-Limit: 100
20:00:02.861 [main] DEBUG org.apache.http.headers -- http-outgoing-12 << Ratelimit-Remaining: 74
20:00:02.861 [main] DEBUG org.apache.http.headers -- http-outgoing-12 << Ratelimit-Reset: 53
20:00:02.861 [main] DEBUG org.apache.http.headers -- http-outgoing-12 << Etag: W/"1a-EGIcyP6BIiCXl5Gb1aph5CGf4VQ"
20:00:02.861 [main] DEBUG org.apache.http.headers -- http-outgoing-12 << Via: 1.1 vegur
20:00:02.861 [main] DEBUG org.apache.http.headers -- http-outgoing-12 << Cf-Cache-Status: DYNAMIC
20:00:02.861 [main] DEBUG org.apache.http.headers -- http-outgoing-12 << Server: cloudflare
20:00:02.861 [main] DEBUG org.apache.http.headers -- http-outgoing-12 << server-timing: cfL4;desc="?proto=TCP&rtt=24145&min_rtt=23960&rtt_var=9355&sent=4&recv=6&lost=0&retrans=0&sent_bytes=219&recv_bytes=1375&delivery_rate=57075&cwnd=250&unsent_bytes=0&cid=d80b816340e72fc6&ts=573&x=0"
20:00:02.861 [main] DEBUG org.apache.http.impl.execchain.MainClientExec -- Connection can be kept alive indefinitely
20:00:02.861 [main] DEBUG org.apache.http.impl.conn.PoolingHttpClientConnectionManager -- Connection [id: 12][route: {s}->https://reqres.in:443] can be kept alive indefinitely
20:00:02.861 [main] DEBUG org.apache.http.impl.conn.DefaultManagedHttpClientConnection -- http-outgoing-12: set socket timeout to 0
20:00:02.861 [main] DEBUG org.apache.http.impl.conn.PoolingHttpClientConnectionManager -- Connection released: [id: 12][route: {s}->https://reqres.in:443][total available: 1; route allocated: 1 of 5; total allocated: 1 of 10]
20:00:02.861 [main] DEBUG org.apache.http.impl.conn.PoolingHttpClientConnectionManager -- Connection manager is shutting down
20:00:02.861 [main] DEBUG org.apache.http.impl.conn.DefaultManagedHttpClientConnection -- http-outgoing-12: Close connection
20:00:02.862 [main] DEBUG org.apache.http.impl.conn.PoolingHttpClientConnectionManager -- Connection manager shut down
20:00:02.862 [main] DEBUG com.intuit.karate -- response time in milliseconds: 627
1 < 400
1 < Date: Mon, 16 Jun 2025 13:00:02 GMT
1 < Content-Type: application/json; charset=utf-8
1 < Content-Length: 26
1 < Connection: keep-alive
1 < Cf-Ray: 950a7cde5a643dda-HKG
1 < Report-To: {"group":"heroku-nel","max_age":3600,"endpoints":[{"url":"https://nel.heroku.com/reports?ts=1750078802&sid=c4c9725f-1ab0-44d8-820f-430df2718e11&s=mXnfEjWW%2BH9WYzpfDMHbyMcecp6qhp20DmkMldted3A%3D"}]}
1 < Reporting-Endpoints: heroku-nel=https://nel.heroku.com/reports?ts=1750078802&sid=c4c9725f-1ab0-44d8-820f-430df2718e11&s=mXnfEjWW%2BH9WYzpfDMHbyMcecp6qhp20DmkMldted3A%3D
1 < Nel: {"report_to":"heroku-nel","max_age":3600,"success_fraction":0.005,"failure_fraction":0.05,"response_headers":["Via"]}
1 < X-Powered-By: Express
1 < Access-Control-Allow-Origin: *
1 < Ratelimit-Policy: 100;w=60
1 < Ratelimit-Limit: 100
1 < Ratelimit-Remaining: 74
1 < Ratelimit-Reset: 53
1 < Etag: W/"1a-EGIcyP6BIiCXl5Gb1aph5CGf4VQ"
1 < Via: 1.1 vegur
1 < Cf-Cache-Status: DYNAMIC
1 < Server: cloudflare
1 < server-timing: cfL4;desc="?proto=TCP&rtt=24145&min_rtt=23960&rtt_var=9355&sent=4&recv=6&lost=0&retrans=0&sent_bytes=219&recv_bytes=1375&delivery_rate=57075&cwnd=250&unsent_bytes=0&cid=d80b816340e72fc6&ts=573&x=0"
{
  "error": "user not found"
}


20:00:02.864 [main] INFO com.intuit.karate -- [print] Calling login API v?i email: <script>alert("xss")</script>@test.com password: password123 
20:00:02.865 [main] INFO com.intuit.karate -- [print] Response status: 400 body: {
  "error": "user not found"
}
 
20:00:02.865 [main] INFO com.intuit.karate -- Test Case Data: {
  "email": "<script>alert(\"xss\")</script>@test.com",
  "password": "password123",
  "expectedStatus": 400.0,
  "expectedResult": "Invalid input",
  "testDescription": "TC: XSS trong email",
  "responseStatus": "",
  "result": ""
}
 
20:00:02.865 [main] INFO com.intuit.karate -- Expected Status: 400.0 
20:00:02.865 [main] INFO com.intuit.karate -- Expected Result: Invalid input 
20:00:02.865 [main] INFO com.intuit.karate -- Actual Status: 400 
20:00:02.865 [main] INFO com.intuit.karate -- Is Expected Status: true 
20:00:02.865 [main] INFO com.intuit.karate -- Test case #13 - Status: 400, Result: {"error":"user not found"} 
20:00:02.866 [main] INFO com.intuit.karate -- ?ang ch?y test case #14: TC: XSS trong password 
20:00:02.873 [main] INFO com.intuit.karate -- karate.env system property was: null 
20:00:02.874 [main] DEBUG com.jayway.jsonpath.internal.path.CompiledPath -- Evaluating path: $
20:00:02.875 [main] DEBUG org.apache.http.client.protocol.RequestAddCookies -- CookieSpec selected: karate
20:00:02.875 [main] DEBUG org.apache.http.client.protocol.RequestAuthCache -- Auth cache not set in the context
20:00:02.875 [main] DEBUG com.intuit.karate -- request:
1 > POST https://reqres.in/api/login
1 > Content-Type: application/json; charset=UTF-8
1 > x-api-key: reqres-free-v1
1 > Content-Length: 76
1 > Host: reqres.in
1 > Connection: Keep-Alive
1 > User-Agent: Apache-HttpClient/4.5.14 (Java/17.0.9)
1 > Accept-Encoding: gzip,deflate
{
  "email": "eve.holt@reqres.in",
  "password": "<script>alert(\"xss\")</script>"
}


20:00:02.875 [main] DEBUG org.apache.http.impl.conn.PoolingHttpClientConnectionManager -- Connection request: [route: {s}->https://reqres.in:443][total available: 0; route allocated: 0 of 5; total allocated: 0 of 10]
20:00:02.876 [main] DEBUG org.apache.http.impl.conn.PoolingHttpClientConnectionManager -- Connection leased: [id: 13][route: {s}->https://reqres.in:443][total available: 0; route allocated: 1 of 5; total allocated: 1 of 10]
20:00:02.876 [main] DEBUG org.apache.http.impl.execchain.MainClientExec -- Opening connection {s}->https://reqres.in:443
20:00:02.876 [main] DEBUG org.apache.http.impl.conn.DefaultHttpClientConnectionOperator -- Connecting to reqres.in/104.26.10.213:443
20:00:02.876 [main] DEBUG org.apache.http.conn.ssl.SSLConnectionSocketFactory -- Connecting socket to reqres.in/104.26.10.213:443 with timeout 5000
20:00:02.902 [main] DEBUG org.apache.http.conn.ssl.SSLConnectionSocketFactory -- Enabled protocols: [TLSv1.3, TLSv1.2]
20:00:02.902 [main] DEBUG org.apache.http.conn.ssl.SSLConnectionSocketFactory -- Enabled cipher suites:[TLS_AES_256_GCM_SHA384, TLS_AES_128_GCM_SHA256, TLS_CHACHA20_POLY1305_SHA256, TLS_ECDHE_ECDSA_WITH_AES_256_GCM_SHA384, TLS_ECDHE_ECDSA_WITH_AES_128_GCM_SHA256, TLS_ECDHE_ECDSA_WITH_CHACHA20_POLY1305_SHA256, TLS_ECDHE_RSA_WITH_AES_256_GCM_SHA384, TLS_ECDHE_RSA_WITH_CHACHA20_POLY1305_SHA256, TLS_ECDHE_RSA_WITH_AES_128_GCM_SHA256, TLS_DHE_RSA_WITH_AES_256_GCM_SHA384, TLS_DHE_RSA_WITH_CHACHA20_POLY1305_SHA256, TLS_DHE_DSS_WITH_AES_256_GCM_SHA384, TLS_DHE_RSA_WITH_AES_128_GCM_SHA256, TLS_DHE_DSS_WITH_AES_128_GCM_SHA256, TLS_ECDHE_ECDSA_WITH_AES_256_CBC_SHA384, TLS_ECDHE_RSA_WITH_AES_256_CBC_SHA384, TLS_ECDHE_ECDSA_WITH_AES_128_CBC_SHA256, TLS_ECDHE_RSA_WITH_AES_128_CBC_SHA256, TLS_DHE_RSA_WITH_AES_256_CBC_SHA256, TLS_DHE_DSS_WITH_AES_256_CBC_SHA256, TLS_DHE_RSA_WITH_AES_128_CBC_SHA256, TLS_DHE_DSS_WITH_AES_128_CBC_SHA256, TLS_ECDH_ECDSA_WITH_AES_256_GCM_SHA384, TLS_ECDH_RSA_WITH_AES_256_GCM_SHA384, TLS_ECDH_ECDSA_WITH_AES_128_GCM_SHA256, TLS_ECDH_RSA_WITH_AES_128_GCM_SHA256, TLS_ECDH_ECDSA_WITH_AES_256_CBC_SHA384, TLS_ECDH_RSA_WITH_AES_256_CBC_SHA384, TLS_ECDH_ECDSA_WITH_AES_128_CBC_SHA256, TLS_ECDH_RSA_WITH_AES_128_CBC_SHA256, TLS_ECDHE_ECDSA_WITH_AES_256_CBC_SHA, TLS_ECDHE_RSA_WITH_AES_256_CBC_SHA, TLS_ECDHE_ECDSA_WITH_AES_128_CBC_SHA, TLS_ECDHE_RSA_WITH_AES_128_CBC_SHA, TLS_DHE_RSA_WITH_AES_256_CBC_SHA, TLS_DHE_DSS_WITH_AES_256_CBC_SHA, TLS_DHE_RSA_WITH_AES_128_CBC_SHA, TLS_DHE_DSS_WITH_AES_128_CBC_SHA, TLS_ECDH_ECDSA_WITH_AES_256_CBC_SHA, TLS_ECDH_RSA_WITH_AES_256_CBC_SHA, TLS_ECDH_ECDSA_WITH_AES_128_CBC_SHA, TLS_ECDH_RSA_WITH_AES_128_CBC_SHA, TLS_RSA_WITH_AES_256_GCM_SHA384, TLS_RSA_WITH_AES_128_GCM_SHA256, TLS_RSA_WITH_AES_256_CBC_SHA256, TLS_RSA_WITH_AES_128_CBC_SHA256, TLS_RSA_WITH_AES_256_CBC_SHA, TLS_RSA_WITH_AES_128_CBC_SHA, TLS_EMPTY_RENEGOTIATION_INFO_SCSV]
20:00:02.902 [main] DEBUG org.apache.http.conn.ssl.SSLConnectionSocketFactory -- Starting handshake
20:00:02.934 [main] DEBUG org.apache.http.conn.ssl.SSLConnectionSocketFactory -- Secure session established
20:00:02.934 [main] DEBUG org.apache.http.conn.ssl.SSLConnectionSocketFactory --  negotiated protocol: TLSv1.3
20:00:02.934 [main] DEBUG org.apache.http.conn.ssl.SSLConnectionSocketFactory --  negotiated cipher suite: TLS_AES_256_GCM_SHA384
20:00:02.934 [main] DEBUG org.apache.http.conn.ssl.SSLConnectionSocketFactory --  peer principal: CN=reqres.in
20:00:02.934 [main] DEBUG org.apache.http.conn.ssl.SSLConnectionSocketFactory --  peer alternative names: [reqres.in, *.reqres.in]
20:00:02.934 [main] DEBUG org.apache.http.conn.ssl.SSLConnectionSocketFactory --  issuer principal: CN=WE1, O=Google Trust Services, C=US
20:00:02.934 [main] DEBUG org.apache.http.impl.conn.DefaultHttpClientConnectionOperator -- Connection established 192.168.1.20:57002<->104.26.10.213:443
20:00:02.934 [main] DEBUG org.apache.http.impl.conn.DefaultManagedHttpClientConnection -- http-outgoing-13: set socket timeout to 5000
20:00:02.934 [main] DEBUG org.apache.http.impl.execchain.MainClientExec -- Executing request POST /api/login HTTP/1.1
20:00:02.934 [main] DEBUG org.apache.http.impl.execchain.MainClientExec -- Target auth state: UNCHALLENGED
20:00:02.934 [main] DEBUG org.apache.http.impl.execchain.MainClientExec -- Proxy auth state: UNCHALLENGED
20:00:02.934 [main] DEBUG org.apache.http.headers -- http-outgoing-13 >> POST /api/login HTTP/1.1
20:00:02.934 [main] DEBUG org.apache.http.headers -- http-outgoing-13 >> Content-Type: application/json; charset=UTF-8
20:00:02.934 [main] DEBUG org.apache.http.headers -- http-outgoing-13 >> x-api-key: reqres-free-v1
20:00:02.934 [main] DEBUG org.apache.http.headers -- http-outgoing-13 >> Content-Length: 76
20:00:02.934 [main] DEBUG org.apache.http.headers -- http-outgoing-13 >> Host: reqres.in
20:00:02.934 [main] DEBUG org.apache.http.headers -- http-outgoing-13 >> Connection: Keep-Alive
20:00:02.935 [main] DEBUG org.apache.http.headers -- http-outgoing-13 >> User-Agent: Apache-HttpClient/4.5.14 (Java/17.0.9)
20:00:02.935 [main] DEBUG org.apache.http.headers -- http-outgoing-13 >> Accept-Encoding: gzip,deflate
20:00:02.935 [main] DEBUG org.apache.http.wire -- http-outgoing-13 >> "POST /api/login HTTP/1.1[\r][\n]"
20:00:02.935 [main] DEBUG org.apache.http.wire -- http-outgoing-13 >> "Content-Type: application/json; charset=UTF-8[\r][\n]"
20:00:02.935 [main] DEBUG org.apache.http.wire -- http-outgoing-13 >> "x-api-key: reqres-free-v1[\r][\n]"
20:00:02.935 [main] DEBUG org.apache.http.wire -- http-outgoing-13 >> "Content-Length: 76[\r][\n]"
20:00:02.935 [main] DEBUG org.apache.http.wire -- http-outgoing-13 >> "Host: reqres.in[\r][\n]"
20:00:02.935 [main] DEBUG org.apache.http.wire -- http-outgoing-13 >> "Connection: Keep-Alive[\r][\n]"
20:00:02.935 [main] DEBUG org.apache.http.wire -- http-outgoing-13 >> "User-Agent: Apache-HttpClient/4.5.14 (Java/17.0.9)[\r][\n]"
20:00:02.935 [main] DEBUG org.apache.http.wire -- http-outgoing-13 >> "Accept-Encoding: gzip,deflate[\r][\n]"
20:00:02.935 [main] DEBUG org.apache.http.wire -- http-outgoing-13 >> "[\r][\n]"
20:00:02.935 [main] DEBUG org.apache.http.wire -- http-outgoing-13 >> "{"email":"eve.holt@reqres.in","password":"<script>alert(\"xss\")<\/script>"}"
20:00:03.511 [main] DEBUG org.apache.http.wire -- http-outgoing-13 << "HTTP/1.1 200 OK[\r][\n]"
20:00:03.511 [main] DEBUG org.apache.http.wire -- http-outgoing-13 << "Date: Mon, 16 Jun 2025 13:00:02 GMT[\r][\n]"
20:00:03.511 [main] DEBUG org.apache.http.wire -- http-outgoing-13 << "Content-Type: application/json; charset=utf-8[\r][\n]"
20:00:03.511 [main] DEBUG org.apache.http.wire -- http-outgoing-13 << "Content-Length: 29[\r][\n]"
20:00:03.511 [main] DEBUG org.apache.http.wire -- http-outgoing-13 << "Connection: keep-alive[\r][\n]"
20:00:03.511 [main] DEBUG org.apache.http.wire -- http-outgoing-13 << "Cf-Ray: 950a7ce26a7ca61c-HKG[\r][\n]"
20:00:03.511 [main] DEBUG org.apache.http.wire -- http-outgoing-13 << "Report-To: {"group":"heroku-nel","max_age":3600,"endpoints":[{"url":"https://nel.heroku.com/reports?ts=1750078802&sid=c4c9725f-1ab0-44d8-820f-430df2718e11&s=mXnfEjWW%2BH9WYzpfDMHbyMcecp6qhp20DmkMldted3A%3D"}]}[\r][\n]"
20:00:03.511 [main] DEBUG org.apache.http.wire -- http-outgoing-13 << "Reporting-Endpoints: heroku-nel=https://nel.heroku.com/reports?ts=1750078802&sid=c4c9725f-1ab0-44d8-820f-430df2718e11&s=mXnfEjWW%2BH9WYzpfDMHbyMcecp6qhp20DmkMldted3A%3D[\r][\n]"
20:00:03.511 [main] DEBUG org.apache.http.wire -- http-outgoing-13 << "Nel: {"report_to":"heroku-nel","max_age":3600,"success_fraction":0.005,"failure_fraction":0.05,"response_headers":["Via"]}[\r][\n]"
20:00:03.511 [main] DEBUG org.apache.http.wire -- http-outgoing-13 << "X-Powered-By: Express[\r][\n]"
20:00:03.511 [main] DEBUG org.apache.http.wire -- http-outgoing-13 << "Access-Control-Allow-Origin: *[\r][\n]"
20:00:03.511 [main] DEBUG org.apache.http.wire -- http-outgoing-13 << "Ratelimit-Policy: 100;w=60[\r][\n]"
20:00:03.511 [main] DEBUG org.apache.http.wire -- http-outgoing-13 << "Ratelimit-Limit: 100[\r][\n]"
20:00:03.511 [main] DEBUG org.apache.http.wire -- http-outgoing-13 << "Ratelimit-Remaining: 72[\r][\n]"
20:00:03.511 [main] DEBUG org.apache.http.wire -- http-outgoing-13 << "Ratelimit-Reset: 52[\r][\n]"
20:00:03.511 [main] DEBUG org.apache.http.wire -- http-outgoing-13 << "Etag: W/"1d-lGCrvD6B7Qzk11+2C98+nGhhuec"[\r][\n]"
20:00:03.511 [main] DEBUG org.apache.http.wire -- http-outgoing-13 << "Via: 1.1 vegur[\r][\n]"
20:00:03.511 [main] DEBUG org.apache.http.wire -- http-outgoing-13 << "Cf-Cache-Status: DYNAMIC[\r][\n]"
20:00:03.511 [main] DEBUG org.apache.http.wire -- http-outgoing-13 << "Server: cloudflare[\r][\n]"
20:00:03.511 [main] DEBUG org.apache.http.wire -- http-outgoing-13 << "server-timing: cfL4;desc="?proto=TCP&rtt=25332&min_rtt=24974&rtt_var=10082&sent=4&recv=6&lost=0&retrans=0&sent_bytes=219&recv_bytes=1373&delivery_rate=52151&cwnd=246&unsent_bytes=0&cid=39ff259f8c1585e6&ts=581&x=0"[\r][\n]"
20:00:03.511 [main] DEBUG org.apache.http.wire -- http-outgoing-13 << "[\r][\n]"
20:00:03.511 [main] DEBUG org.apache.http.wire -- http-outgoing-13 << "{"token":"QpwL5tke4Pnpja7X4"}"
20:00:03.511 [main] DEBUG org.apache.http.headers -- http-outgoing-13 << HTTP/1.1 200 OK
20:00:03.511 [main] DEBUG org.apache.http.headers -- http-outgoing-13 << Date: Mon, 16 Jun 2025 13:00:02 GMT
20:00:03.511 [main] DEBUG org.apache.http.headers -- http-outgoing-13 << Content-Type: application/json; charset=utf-8
20:00:03.511 [main] DEBUG org.apache.http.headers -- http-outgoing-13 << Content-Length: 29
20:00:03.511 [main] DEBUG org.apache.http.headers -- http-outgoing-13 << Connection: keep-alive
20:00:03.511 [main] DEBUG org.apache.http.headers -- http-outgoing-13 << Cf-Ray: 950a7ce26a7ca61c-HKG
20:00:03.511 [main] DEBUG org.apache.http.headers -- http-outgoing-13 << Report-To: {"group":"heroku-nel","max_age":3600,"endpoints":[{"url":"https://nel.heroku.com/reports?ts=1750078802&sid=c4c9725f-1ab0-44d8-820f-430df2718e11&s=mXnfEjWW%2BH9WYzpfDMHbyMcecp6qhp20DmkMldted3A%3D"}]}
20:00:03.511 [main] DEBUG org.apache.http.headers -- http-outgoing-13 << Reporting-Endpoints: heroku-nel=https://nel.heroku.com/reports?ts=1750078802&sid=c4c9725f-1ab0-44d8-820f-430df2718e11&s=mXnfEjWW%2BH9WYzpfDMHbyMcecp6qhp20DmkMldted3A%3D
20:00:03.511 [main] DEBUG org.apache.http.headers -- http-outgoing-13 << Nel: {"report_to":"heroku-nel","max_age":3600,"success_fraction":0.005,"failure_fraction":0.05,"response_headers":["Via"]}
20:00:03.511 [main] DEBUG org.apache.http.headers -- http-outgoing-13 << X-Powered-By: Express
20:00:03.511 [main] DEBUG org.apache.http.headers -- http-outgoing-13 << Access-Control-Allow-Origin: *
20:00:03.511 [main] DEBUG org.apache.http.headers -- http-outgoing-13 << Ratelimit-Policy: 100;w=60
20:00:03.511 [main] DEBUG org.apache.http.headers -- http-outgoing-13 << Ratelimit-Limit: 100
20:00:03.511 [main] DEBUG org.apache.http.headers -- http-outgoing-13 << Ratelimit-Remaining: 72
20:00:03.511 [main] DEBUG org.apache.http.headers -- http-outgoing-13 << Ratelimit-Reset: 52
20:00:03.511 [main] DEBUG org.apache.http.headers -- http-outgoing-13 << Etag: W/"1d-lGCrvD6B7Qzk11+2C98+nGhhuec"
20:00:03.511 [main] DEBUG org.apache.http.headers -- http-outgoing-13 << Via: 1.1 vegur
20:00:03.511 [main] DEBUG org.apache.http.headers -- http-outgoing-13 << Cf-Cache-Status: DYNAMIC
20:00:03.511 [main] DEBUG org.apache.http.headers -- http-outgoing-13 << Server: cloudflare
20:00:03.511 [main] DEBUG org.apache.http.headers -- http-outgoing-13 << server-timing: cfL4;desc="?proto=TCP&rtt=25332&min_rtt=24974&rtt_var=10082&sent=4&recv=6&lost=0&retrans=0&sent_bytes=219&recv_bytes=1373&delivery_rate=52151&cwnd=246&unsent_bytes=0&cid=39ff259f8c1585e6&ts=581&x=0"
20:00:03.511 [main] DEBUG org.apache.http.impl.execchain.MainClientExec -- Connection can be kept alive indefinitely
20:00:03.511 [main] DEBUG org.apache.http.impl.conn.PoolingHttpClientConnectionManager -- Connection [id: 13][route: {s}->https://reqres.in:443] can be kept alive indefinitely
20:00:03.511 [main] DEBUG org.apache.http.impl.conn.DefaultManagedHttpClientConnection -- http-outgoing-13: set socket timeout to 0
20:00:03.511 [main] DEBUG org.apache.http.impl.conn.PoolingHttpClientConnectionManager -- Connection released: [id: 13][route: {s}->https://reqres.in:443][total available: 1; route allocated: 1 of 5; total allocated: 1 of 10]
20:00:03.511 [main] DEBUG org.apache.http.impl.conn.PoolingHttpClientConnectionManager -- Connection manager is shutting down
20:00:03.511 [main] DEBUG org.apache.http.impl.conn.DefaultManagedHttpClientConnection -- http-outgoing-13: Close connection
20:00:03.513 [main] DEBUG org.apache.http.impl.conn.PoolingHttpClientConnectionManager -- Connection manager shut down
20:00:03.513 [main] DEBUG com.intuit.karate -- response time in milliseconds: 636
1 < 200
1 < Date: Mon, 16 Jun 2025 13:00:02 GMT
1 < Content-Type: application/json; charset=utf-8
1 < Content-Length: 29
1 < Connection: keep-alive
1 < Cf-Ray: 950a7ce26a7ca61c-HKG
1 < Report-To: {"group":"heroku-nel","max_age":3600,"endpoints":[{"url":"https://nel.heroku.com/reports?ts=1750078802&sid=c4c9725f-1ab0-44d8-820f-430df2718e11&s=mXnfEjWW%2BH9WYzpfDMHbyMcecp6qhp20DmkMldted3A%3D"}]}
1 < Reporting-Endpoints: heroku-nel=https://nel.heroku.com/reports?ts=1750078802&sid=c4c9725f-1ab0-44d8-820f-430df2718e11&s=mXnfEjWW%2BH9WYzpfDMHbyMcecp6qhp20DmkMldted3A%3D
1 < Nel: {"report_to":"heroku-nel","max_age":3600,"success_fraction":0.005,"failure_fraction":0.05,"response_headers":["Via"]}
1 < X-Powered-By: Express
1 < Access-Control-Allow-Origin: *
1 < Ratelimit-Policy: 100;w=60
1 < Ratelimit-Limit: 100
1 < Ratelimit-Remaining: 72
1 < Ratelimit-Reset: 52
1 < Etag: W/"1d-lGCrvD6B7Qzk11+2C98+nGhhuec"
1 < Via: 1.1 vegur
1 < Cf-Cache-Status: DYNAMIC
1 < Server: cloudflare
1 < server-timing: cfL4;desc="?proto=TCP&rtt=25332&min_rtt=24974&rtt_var=10082&sent=4&recv=6&lost=0&retrans=0&sent_bytes=219&recv_bytes=1373&delivery_rate=52151&cwnd=246&unsent_bytes=0&cid=39ff259f8c1585e6&ts=581&x=0"
{
  "token": "QpwL5tke4Pnpja7X4"
}


20:00:03.513 [main] INFO com.intuit.karate -- [print] Calling login API v?i email: eve.holt@reqres.in password: <script>alert("xss")</script> 
20:00:03.514 [main] INFO com.intuit.karate -- [print] Response status: 200 body: {
  "token": "QpwL5tke4Pnpja7X4"
}
 
20:00:03.514 [main] INFO com.intuit.karate -- STATUS MISMATCH - Expected: 400, Actual: 200 
20:00:03.514 [main] INFO com.intuit.karate -- Test Case Data: {
  "email": "eve.holt@reqres.in",
  "password": "<script>alert(\"xss\")</script>",
  "expectedStatus": 400.0,
  "expectedResult": "Invalid input",
  "testDescription": "TC: XSS trong password",
  "responseStatus": "",
  "result": ""
}
 
20:00:03.514 [main] INFO com.intuit.karate -- Expected Status: 400.0 
20:00:03.515 [main] INFO com.intuit.karate -- Expected Result: Invalid input 
20:00:03.515 [main] INFO com.intuit.karate -- Actual Status: 200 
20:00:03.515 [main] INFO com.intuit.karate -- Is Expected Status: false 
20:00:03.515 [main] INFO com.intuit.karate -- Test case #14 - Status: 200, Result: {"token":"QpwL5tke4Pnpja7X4"} 
20:00:03.516 [main] INFO com.intuit.karate -- ?ang ch?y test case #15: TC: V??t quá s? l?n th? - l?n 1 
20:00:03.523 [main] INFO com.intuit.karate -- karate.env system property was: null 
20:00:03.524 [main] DEBUG com.jayway.jsonpath.internal.path.CompiledPath -- Evaluating path: $
20:00:03.525 [main] DEBUG org.apache.http.client.protocol.RequestAddCookies -- CookieSpec selected: karate
20:00:03.525 [main] DEBUG org.apache.http.client.protocol.RequestAuthCache -- Auth cache not set in the context
20:00:03.526 [main] DEBUG com.intuit.karate -- request:
1 > POST https://reqres.in/api/login
1 > Content-Type: application/json; charset=UTF-8
1 > x-api-key: reqres-free-v1
1 > Content-Length: 56
1 > Host: reqres.in
1 > Connection: Keep-Alive
1 > User-Agent: Apache-HttpClient/4.5.14 (Java/17.0.9)
1 > Accept-Encoding: gzip,deflate
{
  "email": "brute.force@test.com",
  "password": "wrongpass1"
}


20:00:03.526 [main] DEBUG org.apache.http.impl.conn.PoolingHttpClientConnectionManager -- Connection request: [route: {s}->https://reqres.in:443][total available: 0; route allocated: 0 of 5; total allocated: 0 of 10]
20:00:03.526 [main] DEBUG org.apache.http.impl.conn.PoolingHttpClientConnectionManager -- Connection leased: [id: 14][route: {s}->https://reqres.in:443][total available: 0; route allocated: 1 of 5; total allocated: 1 of 10]
20:00:03.526 [main] DEBUG org.apache.http.impl.execchain.MainClientExec -- Opening connection {s}->https://reqres.in:443
20:00:03.526 [main] DEBUG org.apache.http.impl.conn.DefaultHttpClientConnectionOperator -- Connecting to reqres.in/104.26.10.213:443
20:00:03.526 [main] DEBUG org.apache.http.conn.ssl.SSLConnectionSocketFactory -- Connecting socket to reqres.in/104.26.10.213:443 with timeout 5000
20:00:03.552 [main] DEBUG org.apache.http.conn.ssl.SSLConnectionSocketFactory -- Enabled protocols: [TLSv1.3, TLSv1.2]
20:00:03.552 [main] DEBUG org.apache.http.conn.ssl.SSLConnectionSocketFactory -- Enabled cipher suites:[TLS_AES_256_GCM_SHA384, TLS_AES_128_GCM_SHA256, TLS_CHACHA20_POLY1305_SHA256, TLS_ECDHE_ECDSA_WITH_AES_256_GCM_SHA384, TLS_ECDHE_ECDSA_WITH_AES_128_GCM_SHA256, TLS_ECDHE_ECDSA_WITH_CHACHA20_POLY1305_SHA256, TLS_ECDHE_RSA_WITH_AES_256_GCM_SHA384, TLS_ECDHE_RSA_WITH_CHACHA20_POLY1305_SHA256, TLS_ECDHE_RSA_WITH_AES_128_GCM_SHA256, TLS_DHE_RSA_WITH_AES_256_GCM_SHA384, TLS_DHE_RSA_WITH_CHACHA20_POLY1305_SHA256, TLS_DHE_DSS_WITH_AES_256_GCM_SHA384, TLS_DHE_RSA_WITH_AES_128_GCM_SHA256, TLS_DHE_DSS_WITH_AES_128_GCM_SHA256, TLS_ECDHE_ECDSA_WITH_AES_256_CBC_SHA384, TLS_ECDHE_RSA_WITH_AES_256_CBC_SHA384, TLS_ECDHE_ECDSA_WITH_AES_128_CBC_SHA256, TLS_ECDHE_RSA_WITH_AES_128_CBC_SHA256, TLS_DHE_RSA_WITH_AES_256_CBC_SHA256, TLS_DHE_DSS_WITH_AES_256_CBC_SHA256, TLS_DHE_RSA_WITH_AES_128_CBC_SHA256, TLS_DHE_DSS_WITH_AES_128_CBC_SHA256, TLS_ECDH_ECDSA_WITH_AES_256_GCM_SHA384, TLS_ECDH_RSA_WITH_AES_256_GCM_SHA384, TLS_ECDH_ECDSA_WITH_AES_128_GCM_SHA256, TLS_ECDH_RSA_WITH_AES_128_GCM_SHA256, TLS_ECDH_ECDSA_WITH_AES_256_CBC_SHA384, TLS_ECDH_RSA_WITH_AES_256_CBC_SHA384, TLS_ECDH_ECDSA_WITH_AES_128_CBC_SHA256, TLS_ECDH_RSA_WITH_AES_128_CBC_SHA256, TLS_ECDHE_ECDSA_WITH_AES_256_CBC_SHA, TLS_ECDHE_RSA_WITH_AES_256_CBC_SHA, TLS_ECDHE_ECDSA_WITH_AES_128_CBC_SHA, TLS_ECDHE_RSA_WITH_AES_128_CBC_SHA, TLS_DHE_RSA_WITH_AES_256_CBC_SHA, TLS_DHE_DSS_WITH_AES_256_CBC_SHA, TLS_DHE_RSA_WITH_AES_128_CBC_SHA, TLS_DHE_DSS_WITH_AES_128_CBC_SHA, TLS_ECDH_ECDSA_WITH_AES_256_CBC_SHA, TLS_ECDH_RSA_WITH_AES_256_CBC_SHA, TLS_ECDH_ECDSA_WITH_AES_128_CBC_SHA, TLS_ECDH_RSA_WITH_AES_128_CBC_SHA, TLS_RSA_WITH_AES_256_GCM_SHA384, TLS_RSA_WITH_AES_128_GCM_SHA256, TLS_RSA_WITH_AES_256_CBC_SHA256, TLS_RSA_WITH_AES_128_CBC_SHA256, TLS_RSA_WITH_AES_256_CBC_SHA, TLS_RSA_WITH_AES_128_CBC_SHA, TLS_EMPTY_RENEGOTIATION_INFO_SCSV]
20:00:03.552 [main] DEBUG org.apache.http.conn.ssl.SSLConnectionSocketFactory -- Starting handshake
20:00:03.583 [main] DEBUG org.apache.http.conn.ssl.SSLConnectionSocketFactory -- Secure session established
20:00:03.583 [main] DEBUG org.apache.http.conn.ssl.SSLConnectionSocketFactory --  negotiated protocol: TLSv1.3
20:00:03.583 [main] DEBUG org.apache.http.conn.ssl.SSLConnectionSocketFactory --  negotiated cipher suite: TLS_AES_256_GCM_SHA384
20:00:03.583 [main] DEBUG org.apache.http.conn.ssl.SSLConnectionSocketFactory --  peer principal: CN=reqres.in
20:00:03.583 [main] DEBUG org.apache.http.conn.ssl.SSLConnectionSocketFactory --  peer alternative names: [reqres.in, *.reqres.in]
20:00:03.583 [main] DEBUG org.apache.http.conn.ssl.SSLConnectionSocketFactory --  issuer principal: CN=WE1, O=Google Trust Services, C=US
20:00:03.584 [main] DEBUG org.apache.http.impl.conn.DefaultHttpClientConnectionOperator -- Connection established 192.168.1.20:57003<->104.26.10.213:443
20:00:03.584 [main] DEBUG org.apache.http.impl.conn.DefaultManagedHttpClientConnection -- http-outgoing-14: set socket timeout to 5000
20:00:03.584 [main] DEBUG org.apache.http.impl.execchain.MainClientExec -- Executing request POST /api/login HTTP/1.1
20:00:03.584 [main] DEBUG org.apache.http.impl.execchain.MainClientExec -- Target auth state: UNCHALLENGED
20:00:03.584 [main] DEBUG org.apache.http.impl.execchain.MainClientExec -- Proxy auth state: UNCHALLENGED
20:00:03.584 [main] DEBUG org.apache.http.headers -- http-outgoing-14 >> POST /api/login HTTP/1.1
20:00:03.584 [main] DEBUG org.apache.http.headers -- http-outgoing-14 >> Content-Type: application/json; charset=UTF-8
20:00:03.584 [main] DEBUG org.apache.http.headers -- http-outgoing-14 >> x-api-key: reqres-free-v1
20:00:03.584 [main] DEBUG org.apache.http.headers -- http-outgoing-14 >> Content-Length: 56
20:00:03.584 [main] DEBUG org.apache.http.headers -- http-outgoing-14 >> Host: reqres.in
20:00:03.584 [main] DEBUG org.apache.http.headers -- http-outgoing-14 >> Connection: Keep-Alive
20:00:03.584 [main] DEBUG org.apache.http.headers -- http-outgoing-14 >> User-Agent: Apache-HttpClient/4.5.14 (Java/17.0.9)
20:00:03.584 [main] DEBUG org.apache.http.headers -- http-outgoing-14 >> Accept-Encoding: gzip,deflate
20:00:03.584 [main] DEBUG org.apache.http.wire -- http-outgoing-14 >> "POST /api/login HTTP/1.1[\r][\n]"
20:00:03.584 [main] DEBUG org.apache.http.wire -- http-outgoing-14 >> "Content-Type: application/json; charset=UTF-8[\r][\n]"
20:00:03.584 [main] DEBUG org.apache.http.wire -- http-outgoing-14 >> "x-api-key: reqres-free-v1[\r][\n]"
20:00:03.584 [main] DEBUG org.apache.http.wire -- http-outgoing-14 >> "Content-Length: 56[\r][\n]"
20:00:03.584 [main] DEBUG org.apache.http.wire -- http-outgoing-14 >> "Host: reqres.in[\r][\n]"
20:00:03.584 [main] DEBUG org.apache.http.wire -- http-outgoing-14 >> "Connection: Keep-Alive[\r][\n]"
20:00:03.584 [main] DEBUG org.apache.http.wire -- http-outgoing-14 >> "User-Agent: Apache-HttpClient/4.5.14 (Java/17.0.9)[\r][\n]"
20:00:03.584 [main] DEBUG org.apache.http.wire -- http-outgoing-14 >> "Accept-Encoding: gzip,deflate[\r][\n]"
20:00:03.584 [main] DEBUG org.apache.http.wire -- http-outgoing-14 >> "[\r][\n]"
20:00:03.584 [main] DEBUG org.apache.http.wire -- http-outgoing-14 >> "{"email":"brute.force@test.com","password":"wrongpass1"}"
20:00:04.170 [main] DEBUG org.apache.http.wire -- http-outgoing-14 << "HTTP/1.1 400 Bad Request[\r][\n]"
20:00:04.170 [main] DEBUG org.apache.http.wire -- http-outgoing-14 << "Date: Mon, 16 Jun 2025 13:00:03 GMT[\r][\n]"
20:00:04.170 [main] DEBUG org.apache.http.wire -- http-outgoing-14 << "Content-Type: application/json; charset=utf-8[\r][\n]"
20:00:04.170 [main] DEBUG org.apache.http.wire -- http-outgoing-14 << "Content-Length: 26[\r][\n]"
20:00:04.170 [main] DEBUG org.apache.http.wire -- http-outgoing-14 << "Connection: keep-alive[\r][\n]"
20:00:04.170 [main] DEBUG org.apache.http.wire -- http-outgoing-14 << "Cf-Ray: 950a7ce668160461-HKG[\r][\n]"
20:00:04.170 [main] DEBUG org.apache.http.wire -- http-outgoing-14 << "Report-To: {"group":"heroku-nel","max_age":3600,"endpoints":[{"url":"https://nel.heroku.com/reports?ts=1750078803&sid=c4c9725f-1ab0-44d8-820f-430df2718e11&s=0bMSs6Ey9HdL1HIjPCvR6ybDtCinpqS3wX64cy8i8lE%3D"}]}[\r][\n]"
20:00:04.170 [main] DEBUG org.apache.http.wire -- http-outgoing-14 << "Reporting-Endpoints: heroku-nel=https://nel.heroku.com/reports?ts=1750078803&sid=c4c9725f-1ab0-44d8-820f-430df2718e11&s=0bMSs6Ey9HdL1HIjPCvR6ybDtCinpqS3wX64cy8i8lE%3D[\r][\n]"
20:00:04.170 [main] DEBUG org.apache.http.wire -- http-outgoing-14 << "Nel: {"report_to":"heroku-nel","max_age":3600,"success_fraction":0.005,"failure_fraction":0.05,"response_headers":["Via"]}[\r][\n]"
20:00:04.170 [main] DEBUG org.apache.http.wire -- http-outgoing-14 << "X-Powered-By: Express[\r][\n]"
20:00:04.170 [main] DEBUG org.apache.http.wire -- http-outgoing-14 << "Access-Control-Allow-Origin: *[\r][\n]"
20:00:04.170 [main] DEBUG org.apache.http.wire -- http-outgoing-14 << "Ratelimit-Policy: 100;w=60[\r][\n]"
20:00:04.170 [main] DEBUG org.apache.http.wire -- http-outgoing-14 << "Ratelimit-Limit: 100[\r][\n]"
20:00:04.170 [main] DEBUG org.apache.http.wire -- http-outgoing-14 << "Ratelimit-Remaining: 70[\r][\n]"
20:00:04.170 [main] DEBUG org.apache.http.wire -- http-outgoing-14 << "Ratelimit-Reset: 51[\r][\n]"
20:00:04.170 [main] DEBUG org.apache.http.wire -- http-outgoing-14 << "Etag: W/"1a-EGIcyP6BIiCXl5Gb1aph5CGf4VQ"[\r][\n]"
20:00:04.170 [main] DEBUG org.apache.http.wire -- http-outgoing-14 << "Via: 1.1 vegur[\r][\n]"
20:00:04.170 [main] DEBUG org.apache.http.wire -- http-outgoing-14 << "Cf-Cache-Status: DYNAMIC[\r][\n]"
20:00:04.170 [main] DEBUG org.apache.http.wire -- http-outgoing-14 << "Server: cloudflare[\r][\n]"
20:00:04.170 [main] DEBUG org.apache.http.wire -- http-outgoing-14 << "server-timing: cfL4;desc="?proto=TCP&rtt=25580&min_rtt=25478&rtt_var=9759&sent=4&recv=6&lost=0&retrans=0&sent_bytes=219&recv_bytes=1353&delivery_rate=55213&cwnd=250&unsent_bytes=0&cid=64adaff9e66eea30&ts=589&x=0"[\r][\n]"
20:00:04.170 [main] DEBUG org.apache.http.wire -- http-outgoing-14 << "[\r][\n]"
20:00:04.170 [main] DEBUG org.apache.http.wire -- http-outgoing-14 << "{"error":"user not found"}"
20:00:04.170 [main] DEBUG org.apache.http.headers -- http-outgoing-14 << HTTP/1.1 400 Bad Request
20:00:04.170 [main] DEBUG org.apache.http.headers -- http-outgoing-14 << Date: Mon, 16 Jun 2025 13:00:03 GMT
20:00:04.170 [main] DEBUG org.apache.http.headers -- http-outgoing-14 << Content-Type: application/json; charset=utf-8
20:00:04.170 [main] DEBUG org.apache.http.headers -- http-outgoing-14 << Content-Length: 26
20:00:04.170 [main] DEBUG org.apache.http.headers -- http-outgoing-14 << Connection: keep-alive
20:00:04.170 [main] DEBUG org.apache.http.headers -- http-outgoing-14 << Cf-Ray: 950a7ce668160461-HKG
20:00:04.170 [main] DEBUG org.apache.http.headers -- http-outgoing-14 << Report-To: {"group":"heroku-nel","max_age":3600,"endpoints":[{"url":"https://nel.heroku.com/reports?ts=1750078803&sid=c4c9725f-1ab0-44d8-820f-430df2718e11&s=0bMSs6Ey9HdL1HIjPCvR6ybDtCinpqS3wX64cy8i8lE%3D"}]}
20:00:04.170 [main] DEBUG org.apache.http.headers -- http-outgoing-14 << Reporting-Endpoints: heroku-nel=https://nel.heroku.com/reports?ts=1750078803&sid=c4c9725f-1ab0-44d8-820f-430df2718e11&s=0bMSs6Ey9HdL1HIjPCvR6ybDtCinpqS3wX64cy8i8lE%3D
20:00:04.170 [main] DEBUG org.apache.http.headers -- http-outgoing-14 << Nel: {"report_to":"heroku-nel","max_age":3600,"success_fraction":0.005,"failure_fraction":0.05,"response_headers":["Via"]}
20:00:04.170 [main] DEBUG org.apache.http.headers -- http-outgoing-14 << X-Powered-By: Express
20:00:04.170 [main] DEBUG org.apache.http.headers -- http-outgoing-14 << Access-Control-Allow-Origin: *
20:00:04.170 [main] DEBUG org.apache.http.headers -- http-outgoing-14 << Ratelimit-Policy: 100;w=60
20:00:04.170 [main] DEBUG org.apache.http.headers -- http-outgoing-14 << Ratelimit-Limit: 100
20:00:04.170 [main] DEBUG org.apache.http.headers -- http-outgoing-14 << Ratelimit-Remaining: 70
20:00:04.170 [main] DEBUG org.apache.http.headers -- http-outgoing-14 << Ratelimit-Reset: 51
20:00:04.170 [main] DEBUG org.apache.http.headers -- http-outgoing-14 << Etag: W/"1a-EGIcyP6BIiCXl5Gb1aph5CGf4VQ"
20:00:04.170 [main] DEBUG org.apache.http.headers -- http-outgoing-14 << Via: 1.1 vegur
20:00:04.170 [main] DEBUG org.apache.http.headers -- http-outgoing-14 << Cf-Cache-Status: DYNAMIC
20:00:04.170 [main] DEBUG org.apache.http.headers -- http-outgoing-14 << Server: cloudflare
20:00:04.170 [main] DEBUG org.apache.http.headers -- http-outgoing-14 << server-timing: cfL4;desc="?proto=TCP&rtt=25580&min_rtt=25478&rtt_var=9759&sent=4&recv=6&lost=0&retrans=0&sent_bytes=219&recv_bytes=1353&delivery_rate=55213&cwnd=250&unsent_bytes=0&cid=64adaff9e66eea30&ts=589&x=0"
20:00:04.170 [main] DEBUG org.apache.http.impl.execchain.MainClientExec -- Connection can be kept alive indefinitely
20:00:04.170 [main] DEBUG org.apache.http.impl.conn.PoolingHttpClientConnectionManager -- Connection [id: 14][route: {s}->https://reqres.in:443] can be kept alive indefinitely
20:00:04.170 [main] DEBUG org.apache.http.impl.conn.DefaultManagedHttpClientConnection -- http-outgoing-14: set socket timeout to 0
20:00:04.171 [main] DEBUG org.apache.http.impl.conn.PoolingHttpClientConnectionManager -- Connection released: [id: 14][route: {s}->https://reqres.in:443][total available: 1; route allocated: 1 of 5; total allocated: 1 of 10]
20:00:04.171 [main] DEBUG org.apache.http.impl.conn.PoolingHttpClientConnectionManager -- Connection manager is shutting down
20:00:04.171 [main] DEBUG org.apache.http.impl.conn.DefaultManagedHttpClientConnection -- http-outgoing-14: Close connection
20:00:04.171 [main] DEBUG org.apache.http.impl.conn.PoolingHttpClientConnectionManager -- Connection manager shut down
20:00:04.171 [main] DEBUG com.intuit.karate -- response time in milliseconds: 645
1 < 400
1 < Date: Mon, 16 Jun 2025 13:00:03 GMT
1 < Content-Type: application/json; charset=utf-8
1 < Content-Length: 26
1 < Connection: keep-alive
1 < Cf-Ray: 950a7ce668160461-HKG
1 < Report-To: {"group":"heroku-nel","max_age":3600,"endpoints":[{"url":"https://nel.heroku.com/reports?ts=1750078803&sid=c4c9725f-1ab0-44d8-820f-430df2718e11&s=0bMSs6Ey9HdL1HIjPCvR6ybDtCinpqS3wX64cy8i8lE%3D"}]}
1 < Reporting-Endpoints: heroku-nel=https://nel.heroku.com/reports?ts=1750078803&sid=c4c9725f-1ab0-44d8-820f-430df2718e11&s=0bMSs6Ey9HdL1HIjPCvR6ybDtCinpqS3wX64cy8i8lE%3D
1 < Nel: {"report_to":"heroku-nel","max_age":3600,"success_fraction":0.005,"failure_fraction":0.05,"response_headers":["Via"]}
1 < X-Powered-By: Express
1 < Access-Control-Allow-Origin: *
1 < Ratelimit-Policy: 100;w=60
1 < Ratelimit-Limit: 100
1 < Ratelimit-Remaining: 70
1 < Ratelimit-Reset: 51
1 < Etag: W/"1a-EGIcyP6BIiCXl5Gb1aph5CGf4VQ"
1 < Via: 1.1 vegur
1 < Cf-Cache-Status: DYNAMIC
1 < Server: cloudflare
1 < server-timing: cfL4;desc="?proto=TCP&rtt=25580&min_rtt=25478&rtt_var=9759&sent=4&recv=6&lost=0&retrans=0&sent_bytes=219&recv_bytes=1353&delivery_rate=55213&cwnd=250&unsent_bytes=0&cid=64adaff9e66eea30&ts=589&x=0"
{
  "error": "user not found"
}


20:00:04.173 [main] INFO com.intuit.karate -- [print] Calling login API v?i email: brute.force@test.com password: wrongpass1 
20:00:04.173 [main] INFO com.intuit.karate -- [print] Response status: 400 body: {
  "error": "user not found"
}
 
20:00:04.174 [main] INFO com.intuit.karate -- STATUS MISMATCH - Expected: 429, Actual: 400 
20:00:04.174 [main] INFO com.intuit.karate -- Test Case Data: {
  "email": "brute.force@test.com",
  "password": "wrongpass1",
  "expectedStatus": 429.0,
  "expectedResult": "Too many login attempts",
  "testDescription": "TC: V??t quá s? l?n th? - l?n 1",
  "responseStatus": "",
  "result": ""
}
 
20:00:04.174 [main] INFO com.intuit.karate -- Expected Status: 429.0 
20:00:04.174 [main] INFO com.intuit.karate -- Expected Result: Too many login attempts 
20:00:04.174 [main] INFO com.intuit.karate -- Actual Status: 400 
20:00:04.174 [main] INFO com.intuit.karate -- Is Expected Status: false 
20:00:04.174 [main] INFO com.intuit.karate -- Test case #15 - Status: 400, Result: {"error":"user not found"} 
20:00:04.175 [main] INFO com.intuit.karate -- ?ang ch?y test case #16: TC: V??t quá s? l?n th? - l?n 2 
20:00:04.180 [main] INFO com.intuit.karate -- karate.env system property was: null 
20:00:04.182 [main] DEBUG com.jayway.jsonpath.internal.path.CompiledPath -- Evaluating path: $
20:00:04.183 [main] DEBUG org.apache.http.client.protocol.RequestAddCookies -- CookieSpec selected: karate
20:00:04.183 [main] DEBUG org.apache.http.client.protocol.RequestAuthCache -- Auth cache not set in the context
20:00:04.183 [main] DEBUG com.intuit.karate -- request:
1 > POST https://reqres.in/api/login
1 > Content-Type: application/json; charset=UTF-8
1 > x-api-key: reqres-free-v1
1 > Content-Length: 56
1 > Host: reqres.in
1 > Connection: Keep-Alive
1 > User-Agent: Apache-HttpClient/4.5.14 (Java/17.0.9)
1 > Accept-Encoding: gzip,deflate
{
  "email": "brute.force@test.com",
  "password": "wrongpass2"
}


20:00:04.184 [main] DEBUG org.apache.http.impl.conn.PoolingHttpClientConnectionManager -- Connection request: [route: {s}->https://reqres.in:443][total available: 0; route allocated: 0 of 5; total allocated: 0 of 10]
20:00:04.184 [main] DEBUG org.apache.http.impl.conn.PoolingHttpClientConnectionManager -- Connection leased: [id: 15][route: {s}->https://reqres.in:443][total available: 0; route allocated: 1 of 5; total allocated: 1 of 10]
20:00:04.184 [main] DEBUG org.apache.http.impl.execchain.MainClientExec -- Opening connection {s}->https://reqres.in:443
20:00:04.184 [main] DEBUG org.apache.http.impl.conn.DefaultHttpClientConnectionOperator -- Connecting to reqres.in/104.26.10.213:443
20:00:04.184 [main] DEBUG org.apache.http.conn.ssl.SSLConnectionSocketFactory -- Connecting socket to reqres.in/104.26.10.213:443 with timeout 5000
20:00:04.209 [main] DEBUG org.apache.http.conn.ssl.SSLConnectionSocketFactory -- Enabled protocols: [TLSv1.3, TLSv1.2]
20:00:04.209 [main] DEBUG org.apache.http.conn.ssl.SSLConnectionSocketFactory -- Enabled cipher suites:[TLS_AES_256_GCM_SHA384, TLS_AES_128_GCM_SHA256, TLS_CHACHA20_POLY1305_SHA256, TLS_ECDHE_ECDSA_WITH_AES_256_GCM_SHA384, TLS_ECDHE_ECDSA_WITH_AES_128_GCM_SHA256, TLS_ECDHE_ECDSA_WITH_CHACHA20_POLY1305_SHA256, TLS_ECDHE_RSA_WITH_AES_256_GCM_SHA384, TLS_ECDHE_RSA_WITH_CHACHA20_POLY1305_SHA256, TLS_ECDHE_RSA_WITH_AES_128_GCM_SHA256, TLS_DHE_RSA_WITH_AES_256_GCM_SHA384, TLS_DHE_RSA_WITH_CHACHA20_POLY1305_SHA256, TLS_DHE_DSS_WITH_AES_256_GCM_SHA384, TLS_DHE_RSA_WITH_AES_128_GCM_SHA256, TLS_DHE_DSS_WITH_AES_128_GCM_SHA256, TLS_ECDHE_ECDSA_WITH_AES_256_CBC_SHA384, TLS_ECDHE_RSA_WITH_AES_256_CBC_SHA384, TLS_ECDHE_ECDSA_WITH_AES_128_CBC_SHA256, TLS_ECDHE_RSA_WITH_AES_128_CBC_SHA256, TLS_DHE_RSA_WITH_AES_256_CBC_SHA256, TLS_DHE_DSS_WITH_AES_256_CBC_SHA256, TLS_DHE_RSA_WITH_AES_128_CBC_SHA256, TLS_DHE_DSS_WITH_AES_128_CBC_SHA256, TLS_ECDH_ECDSA_WITH_AES_256_GCM_SHA384, TLS_ECDH_RSA_WITH_AES_256_GCM_SHA384, TLS_ECDH_ECDSA_WITH_AES_128_GCM_SHA256, TLS_ECDH_RSA_WITH_AES_128_GCM_SHA256, TLS_ECDH_ECDSA_WITH_AES_256_CBC_SHA384, TLS_ECDH_RSA_WITH_AES_256_CBC_SHA384, TLS_ECDH_ECDSA_WITH_AES_128_CBC_SHA256, TLS_ECDH_RSA_WITH_AES_128_CBC_SHA256, TLS_ECDHE_ECDSA_WITH_AES_256_CBC_SHA, TLS_ECDHE_RSA_WITH_AES_256_CBC_SHA, TLS_ECDHE_ECDSA_WITH_AES_128_CBC_SHA, TLS_ECDHE_RSA_WITH_AES_128_CBC_SHA, TLS_DHE_RSA_WITH_AES_256_CBC_SHA, TLS_DHE_DSS_WITH_AES_256_CBC_SHA, TLS_DHE_RSA_WITH_AES_128_CBC_SHA, TLS_DHE_DSS_WITH_AES_128_CBC_SHA, TLS_ECDH_ECDSA_WITH_AES_256_CBC_SHA, TLS_ECDH_RSA_WITH_AES_256_CBC_SHA, TLS_ECDH_ECDSA_WITH_AES_128_CBC_SHA, TLS_ECDH_RSA_WITH_AES_128_CBC_SHA, TLS_RSA_WITH_AES_256_GCM_SHA384, TLS_RSA_WITH_AES_128_GCM_SHA256, TLS_RSA_WITH_AES_256_CBC_SHA256, TLS_RSA_WITH_AES_128_CBC_SHA256, TLS_RSA_WITH_AES_256_CBC_SHA, TLS_RSA_WITH_AES_128_CBC_SHA, TLS_EMPTY_RENEGOTIATION_INFO_SCSV]
20:00:04.209 [main] DEBUG org.apache.http.conn.ssl.SSLConnectionSocketFactory -- Starting handshake
20:00:04.240 [main] DEBUG org.apache.http.conn.ssl.SSLConnectionSocketFactory -- Secure session established
20:00:04.240 [main] DEBUG org.apache.http.conn.ssl.SSLConnectionSocketFactory --  negotiated protocol: TLSv1.3
20:00:04.240 [main] DEBUG org.apache.http.conn.ssl.SSLConnectionSocketFactory --  negotiated cipher suite: TLS_AES_256_GCM_SHA384
20:00:04.240 [main] DEBUG org.apache.http.conn.ssl.SSLConnectionSocketFactory --  peer principal: CN=reqres.in
20:00:04.240 [main] DEBUG org.apache.http.conn.ssl.SSLConnectionSocketFactory --  peer alternative names: [reqres.in, *.reqres.in]
20:00:04.240 [main] DEBUG org.apache.http.conn.ssl.SSLConnectionSocketFactory --  issuer principal: CN=WE1, O=Google Trust Services, C=US
20:00:04.240 [main] DEBUG org.apache.http.impl.conn.DefaultHttpClientConnectionOperator -- Connection established 192.168.1.20:57004<->104.26.10.213:443
20:00:04.240 [main] DEBUG org.apache.http.impl.conn.DefaultManagedHttpClientConnection -- http-outgoing-15: set socket timeout to 5000
20:00:04.240 [main] DEBUG org.apache.http.impl.execchain.MainClientExec -- Executing request POST /api/login HTTP/1.1
20:00:04.241 [main] DEBUG org.apache.http.impl.execchain.MainClientExec -- Target auth state: UNCHALLENGED
20:00:04.241 [main] DEBUG org.apache.http.impl.execchain.MainClientExec -- Proxy auth state: UNCHALLENGED
20:00:04.241 [main] DEBUG org.apache.http.headers -- http-outgoing-15 >> POST /api/login HTTP/1.1
20:00:04.241 [main] DEBUG org.apache.http.headers -- http-outgoing-15 >> Content-Type: application/json; charset=UTF-8
20:00:04.241 [main] DEBUG org.apache.http.headers -- http-outgoing-15 >> x-api-key: reqres-free-v1
20:00:04.241 [main] DEBUG org.apache.http.headers -- http-outgoing-15 >> Content-Length: 56
20:00:04.241 [main] DEBUG org.apache.http.headers -- http-outgoing-15 >> Host: reqres.in
20:00:04.241 [main] DEBUG org.apache.http.headers -- http-outgoing-15 >> Connection: Keep-Alive
20:00:04.241 [main] DEBUG org.apache.http.headers -- http-outgoing-15 >> User-Agent: Apache-HttpClient/4.5.14 (Java/17.0.9)
20:00:04.241 [main] DEBUG org.apache.http.headers -- http-outgoing-15 >> Accept-Encoding: gzip,deflate
20:00:04.241 [main] DEBUG org.apache.http.wire -- http-outgoing-15 >> "POST /api/login HTTP/1.1[\r][\n]"
20:00:04.241 [main] DEBUG org.apache.http.wire -- http-outgoing-15 >> "Content-Type: application/json; charset=UTF-8[\r][\n]"
20:00:04.241 [main] DEBUG org.apache.http.wire -- http-outgoing-15 >> "x-api-key: reqres-free-v1[\r][\n]"
20:00:04.241 [main] DEBUG org.apache.http.wire -- http-outgoing-15 >> "Content-Length: 56[\r][\n]"
20:00:04.241 [main] DEBUG org.apache.http.wire -- http-outgoing-15 >> "Host: reqres.in[\r][\n]"
20:00:04.241 [main] DEBUG org.apache.http.wire -- http-outgoing-15 >> "Connection: Keep-Alive[\r][\n]"
20:00:04.241 [main] DEBUG org.apache.http.wire -- http-outgoing-15 >> "User-Agent: Apache-HttpClient/4.5.14 (Java/17.0.9)[\r][\n]"
20:00:04.241 [main] DEBUG org.apache.http.wire -- http-outgoing-15 >> "Accept-Encoding: gzip,deflate[\r][\n]"
20:00:04.241 [main] DEBUG org.apache.http.wire -- http-outgoing-15 >> "[\r][\n]"
20:00:04.241 [main] DEBUG org.apache.http.wire -- http-outgoing-15 >> "{"email":"brute.force@test.com","password":"wrongpass2"}"
20:00:04.811 [main] DEBUG org.apache.http.wire -- http-outgoing-15 << "HTTP/1.1 400 Bad Request[\r][\n]"
20:00:04.811 [main] DEBUG org.apache.http.wire -- http-outgoing-15 << "Date: Mon, 16 Jun 2025 13:00:04 GMT[\r][\n]"
20:00:04.811 [main] DEBUG org.apache.http.wire -- http-outgoing-15 << "Content-Type: application/json; charset=utf-8[\r][\n]"
20:00:04.811 [main] DEBUG org.apache.http.wire -- http-outgoing-15 << "Content-Length: 26[\r][\n]"
20:00:04.811 [main] DEBUG org.apache.http.wire -- http-outgoing-15 << "Connection: keep-alive[\r][\n]"
20:00:04.811 [main] DEBUG org.apache.http.wire -- http-outgoing-15 << "Cf-Ray: 950a7cea89ed0856-HKG[\r][\n]"
20:00:04.811 [main] DEBUG org.apache.http.wire -- http-outgoing-15 << "Report-To: {"group":"heroku-nel","max_age":3600,"endpoints":[{"url":"https://nel.heroku.com/reports?ts=1750078804&sid=c4c9725f-1ab0-44d8-820f-430df2718e11&s=Dmvyk0zQjs2M5ZLcoHVJC5fnkNY9fZv2GwOzdc3H3v0%3D"}]}[\r][\n]"
20:00:04.811 [main] DEBUG org.apache.http.wire -- http-outgoing-15 << "Reporting-Endpoints: heroku-nel=https://nel.heroku.com/reports?ts=1750078804&sid=c4c9725f-1ab0-44d8-820f-430df2718e11&s=Dmvyk0zQjs2M5ZLcoHVJC5fnkNY9fZv2GwOzdc3H3v0%3D[\r][\n]"
20:00:04.811 [main] DEBUG org.apache.http.wire -- http-outgoing-15 << "Nel: {"report_to":"heroku-nel","max_age":3600,"success_fraction":0.005,"failure_fraction":0.05,"response_headers":["Via"]}[\r][\n]"
20:00:04.811 [main] DEBUG org.apache.http.wire -- http-outgoing-15 << "X-Powered-By: Express[\r][\n]"
20:00:04.811 [main] DEBUG org.apache.http.wire -- http-outgoing-15 << "Access-Control-Allow-Origin: *[\r][\n]"
20:00:04.811 [main] DEBUG org.apache.http.wire -- http-outgoing-15 << "Ratelimit-Policy: 100;w=60[\r][\n]"
20:00:04.811 [main] DEBUG org.apache.http.wire -- http-outgoing-15 << "Ratelimit-Limit: 100[\r][\n]"
20:00:04.811 [main] DEBUG org.apache.http.wire -- http-outgoing-15 << "Ratelimit-Remaining: 68[\r][\n]"
20:00:04.811 [main] DEBUG org.apache.http.wire -- http-outgoing-15 << "Ratelimit-Reset: 51[\r][\n]"
20:00:04.811 [main] DEBUG org.apache.http.wire -- http-outgoing-15 << "Etag: W/"1a-EGIcyP6BIiCXl5Gb1aph5CGf4VQ"[\r][\n]"
20:00:04.811 [main] DEBUG org.apache.http.wire -- http-outgoing-15 << "Via: 1.1 vegur[\r][\n]"
20:00:04.811 [main] DEBUG org.apache.http.wire -- http-outgoing-15 << "Cf-Cache-Status: DYNAMIC[\r][\n]"
20:00:04.811 [main] DEBUG org.apache.http.wire -- http-outgoing-15 << "Server: cloudflare[\r][\n]"
20:00:04.811 [main] DEBUG org.apache.http.wire -- http-outgoing-15 << "server-timing: cfL4;desc="?proto=TCP&rtt=24340&min_rtt=24149&rtt_var=9439&sent=4&recv=6&lost=0&retrans=0&sent_bytes=219&recv_bytes=1353&delivery_rate=56537&cwnd=250&unsent_bytes=0&cid=ebecab02108fe1fc&ts=573&x=0"[\r][\n]"
20:00:04.811 [main] DEBUG org.apache.http.wire -- http-outgoing-15 << "[\r][\n]"
20:00:04.811 [main] DEBUG org.apache.http.wire -- http-outgoing-15 << "{"error":"user not found"}"
20:00:04.811 [main] DEBUG org.apache.http.headers -- http-outgoing-15 << HTTP/1.1 400 Bad Request
20:00:04.811 [main] DEBUG org.apache.http.headers -- http-outgoing-15 << Date: Mon, 16 Jun 2025 13:00:04 GMT
20:00:04.811 [main] DEBUG org.apache.http.headers -- http-outgoing-15 << Content-Type: application/json; charset=utf-8
20:00:04.811 [main] DEBUG org.apache.http.headers -- http-outgoing-15 << Content-Length: 26
20:00:04.811 [main] DEBUG org.apache.http.headers -- http-outgoing-15 << Connection: keep-alive
20:00:04.811 [main] DEBUG org.apache.http.headers -- http-outgoing-15 << Cf-Ray: 950a7cea89ed0856-HKG
20:00:04.811 [main] DEBUG org.apache.http.headers -- http-outgoing-15 << Report-To: {"group":"heroku-nel","max_age":3600,"endpoints":[{"url":"https://nel.heroku.com/reports?ts=1750078804&sid=c4c9725f-1ab0-44d8-820f-430df2718e11&s=Dmvyk0zQjs2M5ZLcoHVJC5fnkNY9fZv2GwOzdc3H3v0%3D"}]}
20:00:04.811 [main] DEBUG org.apache.http.headers -- http-outgoing-15 << Reporting-Endpoints: heroku-nel=https://nel.heroku.com/reports?ts=1750078804&sid=c4c9725f-1ab0-44d8-820f-430df2718e11&s=Dmvyk0zQjs2M5ZLcoHVJC5fnkNY9fZv2GwOzdc3H3v0%3D
20:00:04.811 [main] DEBUG org.apache.http.headers -- http-outgoing-15 << Nel: {"report_to":"heroku-nel","max_age":3600,"success_fraction":0.005,"failure_fraction":0.05,"response_headers":["Via"]}
20:00:04.811 [main] DEBUG org.apache.http.headers -- http-outgoing-15 << X-Powered-By: Express
20:00:04.811 [main] DEBUG org.apache.http.headers -- http-outgoing-15 << Access-Control-Allow-Origin: *
20:00:04.811 [main] DEBUG org.apache.http.headers -- http-outgoing-15 << Ratelimit-Policy: 100;w=60
20:00:04.811 [main] DEBUG org.apache.http.headers -- http-outgoing-15 << Ratelimit-Limit: 100
20:00:04.811 [main] DEBUG org.apache.http.headers -- http-outgoing-15 << Ratelimit-Remaining: 68
20:00:04.811 [main] DEBUG org.apache.http.headers -- http-outgoing-15 << Ratelimit-Reset: 51
20:00:04.811 [main] DEBUG org.apache.http.headers -- http-outgoing-15 << Etag: W/"1a-EGIcyP6BIiCXl5Gb1aph5CGf4VQ"
20:00:04.811 [main] DEBUG org.apache.http.headers -- http-outgoing-15 << Via: 1.1 vegur
20:00:04.811 [main] DEBUG org.apache.http.headers -- http-outgoing-15 << Cf-Cache-Status: DYNAMIC
20:00:04.811 [main] DEBUG org.apache.http.headers -- http-outgoing-15 << Server: cloudflare
20:00:04.811 [main] DEBUG org.apache.http.headers -- http-outgoing-15 << server-timing: cfL4;desc="?proto=TCP&rtt=24340&min_rtt=24149&rtt_var=9439&sent=4&recv=6&lost=0&retrans=0&sent_bytes=219&recv_bytes=1353&delivery_rate=56537&cwnd=250&unsent_bytes=0&cid=ebecab02108fe1fc&ts=573&x=0"
20:00:04.811 [main] DEBUG org.apache.http.impl.execchain.MainClientExec -- Connection can be kept alive indefinitely
20:00:04.811 [main] DEBUG org.apache.http.impl.conn.PoolingHttpClientConnectionManager -- Connection [id: 15][route: {s}->https://reqres.in:443] can be kept alive indefinitely
20:00:04.811 [main] DEBUG org.apache.http.impl.conn.DefaultManagedHttpClientConnection -- http-outgoing-15: set socket timeout to 0
20:00:04.811 [main] DEBUG org.apache.http.impl.conn.PoolingHttpClientConnectionManager -- Connection released: [id: 15][route: {s}->https://reqres.in:443][total available: 1; route allocated: 1 of 5; total allocated: 1 of 10]
20:00:04.811 [main] DEBUG org.apache.http.impl.conn.PoolingHttpClientConnectionManager -- Connection manager is shutting down
20:00:04.811 [main] DEBUG org.apache.http.impl.conn.DefaultManagedHttpClientConnection -- http-outgoing-15: Close connection
20:00:04.812 [main] DEBUG org.apache.http.impl.conn.PoolingHttpClientConnectionManager -- Connection manager shut down
20:00:04.812 [main] DEBUG com.intuit.karate -- response time in milliseconds: 627
1 < 400
1 < Date: Mon, 16 Jun 2025 13:00:04 GMT
1 < Content-Type: application/json; charset=utf-8
1 < Content-Length: 26
1 < Connection: keep-alive
1 < Cf-Ray: 950a7cea89ed0856-HKG
1 < Report-To: {"group":"heroku-nel","max_age":3600,"endpoints":[{"url":"https://nel.heroku.com/reports?ts=1750078804&sid=c4c9725f-1ab0-44d8-820f-430df2718e11&s=Dmvyk0zQjs2M5ZLcoHVJC5fnkNY9fZv2GwOzdc3H3v0%3D"}]}
1 < Reporting-Endpoints: heroku-nel=https://nel.heroku.com/reports?ts=1750078804&sid=c4c9725f-1ab0-44d8-820f-430df2718e11&s=Dmvyk0zQjs2M5ZLcoHVJC5fnkNY9fZv2GwOzdc3H3v0%3D
1 < Nel: {"report_to":"heroku-nel","max_age":3600,"success_fraction":0.005,"failure_fraction":0.05,"response_headers":["Via"]}
1 < X-Powered-By: Express
1 < Access-Control-Allow-Origin: *
1 < Ratelimit-Policy: 100;w=60
1 < Ratelimit-Limit: 100
1 < Ratelimit-Remaining: 68
1 < Ratelimit-Reset: 51
1 < Etag: W/"1a-EGIcyP6BIiCXl5Gb1aph5CGf4VQ"
1 < Via: 1.1 vegur
1 < Cf-Cache-Status: DYNAMIC
1 < Server: cloudflare
1 < server-timing: cfL4;desc="?proto=TCP&rtt=24340&min_rtt=24149&rtt_var=9439&sent=4&recv=6&lost=0&retrans=0&sent_bytes=219&recv_bytes=1353&delivery_rate=56537&cwnd=250&unsent_bytes=0&cid=ebecab02108fe1fc&ts=573&x=0"
{
  "error": "user not found"
}


20:00:04.813 [main] INFO com.intuit.karate -- [print] Calling login API v?i email: brute.force@test.com password: wrongpass2 
20:00:04.813 [main] INFO com.intuit.karate -- [print] Response status: 400 body: {
  "error": "user not found"
}
 
20:00:04.813 [main] INFO com.intuit.karate -- STATUS MISMATCH - Expected: 429, Actual: 400 
20:00:04.814 [main] INFO com.intuit.karate -- Test Case Data: {
  "email": "brute.force@test.com",
  "password": "wrongpass2",
  "expectedStatus": 429.0,
  "expectedResult": "Too many login attempts",
  "testDescription": "TC: V??t quá s? l?n th? - l?n 2",
  "responseStatus": "",
  "result": ""
}
 
20:00:04.814 [main] INFO com.intuit.karate -- Expected Status: 429.0 
20:00:04.814 [main] INFO com.intuit.karate -- Expected Result: Too many login attempts 
20:00:04.814 [main] INFO com.intuit.karate -- Actual Status: 400 
20:00:04.814 [main] INFO com.intuit.karate -- Is Expected Status: false 
20:00:04.814 [main] INFO com.intuit.karate -- Test case #16 - Status: 400, Result: {"error":"user not found"} 
20:00:04.814 [main] INFO com.intuit.karate -- ?ang ch?y test case #17: TC: V??t quá s? l?n th? - l?n 3 
20:00:04.821 [main] INFO com.intuit.karate -- karate.env system property was: null 
20:00:04.823 [main] DEBUG com.jayway.jsonpath.internal.path.CompiledPath -- Evaluating path: $
20:00:04.824 [main] DEBUG org.apache.http.client.protocol.RequestAddCookies -- CookieSpec selected: karate
20:00:04.824 [main] DEBUG org.apache.http.client.protocol.RequestAuthCache -- Auth cache not set in the context
20:00:04.824 [main] DEBUG com.intuit.karate -- request:
1 > POST https://reqres.in/api/login
1 > Content-Type: application/json; charset=UTF-8
1 > x-api-key: reqres-free-v1
1 > Content-Length: 56
1 > Host: reqres.in
1 > Connection: Keep-Alive
1 > User-Agent: Apache-HttpClient/4.5.14 (Java/17.0.9)
1 > Accept-Encoding: gzip,deflate
{
  "email": "brute.force@test.com",
  "password": "wrongpass3"
}


20:00:04.824 [main] DEBUG org.apache.http.impl.conn.PoolingHttpClientConnectionManager -- Connection request: [route: {s}->https://reqres.in:443][total available: 0; route allocated: 0 of 5; total allocated: 0 of 10]
20:00:04.824 [main] DEBUG org.apache.http.impl.conn.PoolingHttpClientConnectionManager -- Connection leased: [id: 16][route: {s}->https://reqres.in:443][total available: 0; route allocated: 1 of 5; total allocated: 1 of 10]
20:00:04.824 [main] DEBUG org.apache.http.impl.execchain.MainClientExec -- Opening connection {s}->https://reqres.in:443
20:00:04.826 [main] DEBUG org.apache.http.impl.conn.DefaultHttpClientConnectionOperator -- Connecting to reqres.in/104.26.10.213:443
20:00:04.826 [main] DEBUG org.apache.http.conn.ssl.SSLConnectionSocketFactory -- Connecting socket to reqres.in/104.26.10.213:443 with timeout 5000
20:00:04.851 [main] DEBUG org.apache.http.conn.ssl.SSLConnectionSocketFactory -- Enabled protocols: [TLSv1.3, TLSv1.2]
20:00:04.851 [main] DEBUG org.apache.http.conn.ssl.SSLConnectionSocketFactory -- Enabled cipher suites:[TLS_AES_256_GCM_SHA384, TLS_AES_128_GCM_SHA256, TLS_CHACHA20_POLY1305_SHA256, TLS_ECDHE_ECDSA_WITH_AES_256_GCM_SHA384, TLS_ECDHE_ECDSA_WITH_AES_128_GCM_SHA256, TLS_ECDHE_ECDSA_WITH_CHACHA20_POLY1305_SHA256, TLS_ECDHE_RSA_WITH_AES_256_GCM_SHA384, TLS_ECDHE_RSA_WITH_CHACHA20_POLY1305_SHA256, TLS_ECDHE_RSA_WITH_AES_128_GCM_SHA256, TLS_DHE_RSA_WITH_AES_256_GCM_SHA384, TLS_DHE_RSA_WITH_CHACHA20_POLY1305_SHA256, TLS_DHE_DSS_WITH_AES_256_GCM_SHA384, TLS_DHE_RSA_WITH_AES_128_GCM_SHA256, TLS_DHE_DSS_WITH_AES_128_GCM_SHA256, TLS_ECDHE_ECDSA_WITH_AES_256_CBC_SHA384, TLS_ECDHE_RSA_WITH_AES_256_CBC_SHA384, TLS_ECDHE_ECDSA_WITH_AES_128_CBC_SHA256, TLS_ECDHE_RSA_WITH_AES_128_CBC_SHA256, TLS_DHE_RSA_WITH_AES_256_CBC_SHA256, TLS_DHE_DSS_WITH_AES_256_CBC_SHA256, TLS_DHE_RSA_WITH_AES_128_CBC_SHA256, TLS_DHE_DSS_WITH_AES_128_CBC_SHA256, TLS_ECDH_ECDSA_WITH_AES_256_GCM_SHA384, TLS_ECDH_RSA_WITH_AES_256_GCM_SHA384, TLS_ECDH_ECDSA_WITH_AES_128_GCM_SHA256, TLS_ECDH_RSA_WITH_AES_128_GCM_SHA256, TLS_ECDH_ECDSA_WITH_AES_256_CBC_SHA384, TLS_ECDH_RSA_WITH_AES_256_CBC_SHA384, TLS_ECDH_ECDSA_WITH_AES_128_CBC_SHA256, TLS_ECDH_RSA_WITH_AES_128_CBC_SHA256, TLS_ECDHE_ECDSA_WITH_AES_256_CBC_SHA, TLS_ECDHE_RSA_WITH_AES_256_CBC_SHA, TLS_ECDHE_ECDSA_WITH_AES_128_CBC_SHA, TLS_ECDHE_RSA_WITH_AES_128_CBC_SHA, TLS_DHE_RSA_WITH_AES_256_CBC_SHA, TLS_DHE_DSS_WITH_AES_256_CBC_SHA, TLS_DHE_RSA_WITH_AES_128_CBC_SHA, TLS_DHE_DSS_WITH_AES_128_CBC_SHA, TLS_ECDH_ECDSA_WITH_AES_256_CBC_SHA, TLS_ECDH_RSA_WITH_AES_256_CBC_SHA, TLS_ECDH_ECDSA_WITH_AES_128_CBC_SHA, TLS_ECDH_RSA_WITH_AES_128_CBC_SHA, TLS_RSA_WITH_AES_256_GCM_SHA384, TLS_RSA_WITH_AES_128_GCM_SHA256, TLS_RSA_WITH_AES_256_CBC_SHA256, TLS_RSA_WITH_AES_128_CBC_SHA256, TLS_RSA_WITH_AES_256_CBC_SHA, TLS_RSA_WITH_AES_128_CBC_SHA, TLS_EMPTY_RENEGOTIATION_INFO_SCSV]
20:00:04.851 [main] DEBUG org.apache.http.conn.ssl.SSLConnectionSocketFactory -- Starting handshake
20:00:04.882 [main] DEBUG org.apache.http.conn.ssl.SSLConnectionSocketFactory -- Secure session established
20:00:04.882 [main] DEBUG org.apache.http.conn.ssl.SSLConnectionSocketFactory --  negotiated protocol: TLSv1.3
20:00:04.882 [main] DEBUG org.apache.http.conn.ssl.SSLConnectionSocketFactory --  negotiated cipher suite: TLS_AES_256_GCM_SHA384
20:00:04.882 [main] DEBUG org.apache.http.conn.ssl.SSLConnectionSocketFactory --  peer principal: CN=reqres.in
20:00:04.882 [main] DEBUG org.apache.http.conn.ssl.SSLConnectionSocketFactory --  peer alternative names: [reqres.in, *.reqres.in]
20:00:04.882 [main] DEBUG org.apache.http.conn.ssl.SSLConnectionSocketFactory --  issuer principal: CN=WE1, O=Google Trust Services, C=US
20:00:04.882 [main] DEBUG org.apache.http.impl.conn.DefaultHttpClientConnectionOperator -- Connection established 192.168.1.20:57005<->104.26.10.213:443
20:00:04.882 [main] DEBUG org.apache.http.impl.conn.DefaultManagedHttpClientConnection -- http-outgoing-16: set socket timeout to 5000
20:00:04.882 [main] DEBUG org.apache.http.impl.execchain.MainClientExec -- Executing request POST /api/login HTTP/1.1
20:00:04.882 [main] DEBUG org.apache.http.impl.execchain.MainClientExec -- Target auth state: UNCHALLENGED
20:00:04.882 [main] DEBUG org.apache.http.impl.execchain.MainClientExec -- Proxy auth state: UNCHALLENGED
20:00:04.882 [main] DEBUG org.apache.http.headers -- http-outgoing-16 >> POST /api/login HTTP/1.1
20:00:04.882 [main] DEBUG org.apache.http.headers -- http-outgoing-16 >> Content-Type: application/json; charset=UTF-8
20:00:04.882 [main] DEBUG org.apache.http.headers -- http-outgoing-16 >> x-api-key: reqres-free-v1
20:00:04.882 [main] DEBUG org.apache.http.headers -- http-outgoing-16 >> Content-Length: 56
20:00:04.882 [main] DEBUG org.apache.http.headers -- http-outgoing-16 >> Host: reqres.in
20:00:04.882 [main] DEBUG org.apache.http.headers -- http-outgoing-16 >> Connection: Keep-Alive
20:00:04.882 [main] DEBUG org.apache.http.headers -- http-outgoing-16 >> User-Agent: Apache-HttpClient/4.5.14 (Java/17.0.9)
20:00:04.882 [main] DEBUG org.apache.http.headers -- http-outgoing-16 >> Accept-Encoding: gzip,deflate
20:00:04.882 [main] DEBUG org.apache.http.wire -- http-outgoing-16 >> "POST /api/login HTTP/1.1[\r][\n]"
20:00:04.882 [main] DEBUG org.apache.http.wire -- http-outgoing-16 >> "Content-Type: application/json; charset=UTF-8[\r][\n]"
20:00:04.882 [main] DEBUG org.apache.http.wire -- http-outgoing-16 >> "x-api-key: reqres-free-v1[\r][\n]"
20:00:04.882 [main] DEBUG org.apache.http.wire -- http-outgoing-16 >> "Content-Length: 56[\r][\n]"
20:00:04.882 [main] DEBUG org.apache.http.wire -- http-outgoing-16 >> "Host: reqres.in[\r][\n]"
20:00:04.882 [main] DEBUG org.apache.http.wire -- http-outgoing-16 >> "Connection: Keep-Alive[\r][\n]"
20:00:04.882 [main] DEBUG org.apache.http.wire -- http-outgoing-16 >> "User-Agent: Apache-HttpClient/4.5.14 (Java/17.0.9)[\r][\n]"
20:00:04.882 [main] DEBUG org.apache.http.wire -- http-outgoing-16 >> "Accept-Encoding: gzip,deflate[\r][\n]"
20:00:04.882 [main] DEBUG org.apache.http.wire -- http-outgoing-16 >> "[\r][\n]"
20:00:04.882 [main] DEBUG org.apache.http.wire -- http-outgoing-16 >> "{"email":"brute.force@test.com","password":"wrongpass3"}"
20:00:05.456 [main] DEBUG org.apache.http.wire -- http-outgoing-16 << "HTTP/1.1 400 Bad Request[\r][\n]"
20:00:05.456 [main] DEBUG org.apache.http.wire -- http-outgoing-16 << "Date: Mon, 16 Jun 2025 13:00:04 GMT[\r][\n]"
20:00:05.456 [main] DEBUG org.apache.http.wire -- http-outgoing-16 << "Content-Type: application/json; charset=utf-8[\r][\n]"
20:00:05.456 [main] DEBUG org.apache.http.wire -- http-outgoing-16 << "Content-Length: 26[\r][\n]"
20:00:05.456 [main] DEBUG org.apache.http.wire -- http-outgoing-16 << "Connection: keep-alive[\r][\n]"
20:00:05.456 [main] DEBUG org.apache.http.wire -- http-outgoing-16 << "Cf-Ray: 950a7cee898504d0-HKG[\r][\n]"
20:00:05.456 [main] DEBUG org.apache.http.wire -- http-outgoing-16 << "Report-To: {"group":"heroku-nel","max_age":3600,"endpoints":[{"url":"https://nel.heroku.com/reports?ts=1750078804&sid=c4c9725f-1ab0-44d8-820f-430df2718e11&s=Dmvyk0zQjs2M5ZLcoHVJC5fnkNY9fZv2GwOzdc3H3v0%3D"}]}[\r][\n]"
20:00:05.456 [main] DEBUG org.apache.http.wire -- http-outgoing-16 << "Reporting-Endpoints: heroku-nel=https://nel.heroku.com/reports?ts=1750078804&sid=c4c9725f-1ab0-44d8-820f-430df2718e11&s=Dmvyk0zQjs2M5ZLcoHVJC5fnkNY9fZv2GwOzdc3H3v0%3D[\r][\n]"
20:00:05.456 [main] DEBUG org.apache.http.wire -- http-outgoing-16 << "Nel: {"report_to":"heroku-nel","max_age":3600,"success_fraction":0.005,"failure_fraction":0.05,"response_headers":["Via"]}[\r][\n]"
20:00:05.456 [main] DEBUG org.apache.http.wire -- http-outgoing-16 << "X-Powered-By: Express[\r][\n]"
20:00:05.456 [main] DEBUG org.apache.http.wire -- http-outgoing-16 << "Access-Control-Allow-Origin: *[\r][\n]"
20:00:05.456 [main] DEBUG org.apache.http.wire -- http-outgoing-16 << "Ratelimit-Policy: 100;w=60[\r][\n]"
20:00:05.456 [main] DEBUG org.apache.http.wire -- http-outgoing-16 << "Ratelimit-Limit: 100[\r][\n]"
20:00:05.456 [main] DEBUG org.apache.http.wire -- http-outgoing-16 << "Ratelimit-Remaining: 66[\r][\n]"
20:00:05.456 [main] DEBUG org.apache.http.wire -- http-outgoing-16 << "Ratelimit-Reset: 50[\r][\n]"
20:00:05.456 [main] DEBUG org.apache.http.wire -- http-outgoing-16 << "Etag: W/"1a-EGIcyP6BIiCXl5Gb1aph5CGf4VQ"[\r][\n]"
20:00:05.456 [main] DEBUG org.apache.http.wire -- http-outgoing-16 << "Via: 1.1 vegur[\r][\n]"
20:00:05.456 [main] DEBUG org.apache.http.wire -- http-outgoing-16 << "Cf-Cache-Status: DYNAMIC[\r][\n]"
20:00:05.458 [main] DEBUG org.apache.http.wire -- http-outgoing-16 << "Server: cloudflare[\r][\n]"
20:00:05.458 [main] DEBUG org.apache.http.wire -- http-outgoing-16 << "server-timing: cfL4;desc="?proto=TCP&rtt=25179&min_rtt=25110&rtt_var=9554&sent=4&recv=6&lost=0&retrans=0&sent_bytes=219&recv_bytes=1353&delivery_rate=56579&cwnd=250&unsent_bytes=0&cid=297d122408c22070&ts=578&x=0"[\r][\n]"
20:00:05.458 [main] DEBUG org.apache.http.wire -- http-outgoing-16 << "[\r][\n]"
20:00:05.458 [main] DEBUG org.apache.http.wire -- http-outgoing-16 << "{"error":"user not found"}"
20:00:05.458 [main] DEBUG org.apache.http.headers -- http-outgoing-16 << HTTP/1.1 400 Bad Request
20:00:05.458 [main] DEBUG org.apache.http.headers -- http-outgoing-16 << Date: Mon, 16 Jun 2025 13:00:04 GMT
20:00:05.458 [main] DEBUG org.apache.http.headers -- http-outgoing-16 << Content-Type: application/json; charset=utf-8
20:00:05.458 [main] DEBUG org.apache.http.headers -- http-outgoing-16 << Content-Length: 26
20:00:05.458 [main] DEBUG org.apache.http.headers -- http-outgoing-16 << Connection: keep-alive
20:00:05.458 [main] DEBUG org.apache.http.headers -- http-outgoing-16 << Cf-Ray: 950a7cee898504d0-HKG
20:00:05.458 [main] DEBUG org.apache.http.headers -- http-outgoing-16 << Report-To: {"group":"heroku-nel","max_age":3600,"endpoints":[{"url":"https://nel.heroku.com/reports?ts=1750078804&sid=c4c9725f-1ab0-44d8-820f-430df2718e11&s=Dmvyk0zQjs2M5ZLcoHVJC5fnkNY9fZv2GwOzdc3H3v0%3D"}]}
20:00:05.458 [main] DEBUG org.apache.http.headers -- http-outgoing-16 << Reporting-Endpoints: heroku-nel=https://nel.heroku.com/reports?ts=1750078804&sid=c4c9725f-1ab0-44d8-820f-430df2718e11&s=Dmvyk0zQjs2M5ZLcoHVJC5fnkNY9fZv2GwOzdc3H3v0%3D
20:00:05.458 [main] DEBUG org.apache.http.headers -- http-outgoing-16 << Nel: {"report_to":"heroku-nel","max_age":3600,"success_fraction":0.005,"failure_fraction":0.05,"response_headers":["Via"]}
20:00:05.458 [main] DEBUG org.apache.http.headers -- http-outgoing-16 << X-Powered-By: Express
20:00:05.458 [main] DEBUG org.apache.http.headers -- http-outgoing-16 << Access-Control-Allow-Origin: *
20:00:05.458 [main] DEBUG org.apache.http.headers -- http-outgoing-16 << Ratelimit-Policy: 100;w=60
20:00:05.458 [main] DEBUG org.apache.http.headers -- http-outgoing-16 << Ratelimit-Limit: 100
20:00:05.458 [main] DEBUG org.apache.http.headers -- http-outgoing-16 << Ratelimit-Remaining: 66
20:00:05.458 [main] DEBUG org.apache.http.headers -- http-outgoing-16 << Ratelimit-Reset: 50
20:00:05.458 [main] DEBUG org.apache.http.headers -- http-outgoing-16 << Etag: W/"1a-EGIcyP6BIiCXl5Gb1aph5CGf4VQ"
20:00:05.458 [main] DEBUG org.apache.http.headers -- http-outgoing-16 << Via: 1.1 vegur
20:00:05.458 [main] DEBUG org.apache.http.headers -- http-outgoing-16 << Cf-Cache-Status: DYNAMIC
20:00:05.458 [main] DEBUG org.apache.http.headers -- http-outgoing-16 << Server: cloudflare
20:00:05.458 [main] DEBUG org.apache.http.headers -- http-outgoing-16 << server-timing: cfL4;desc="?proto=TCP&rtt=25179&min_rtt=25110&rtt_var=9554&sent=4&recv=6&lost=0&retrans=0&sent_bytes=219&recv_bytes=1353&delivery_rate=56579&cwnd=250&unsent_bytes=0&cid=297d122408c22070&ts=578&x=0"
20:00:05.458 [main] DEBUG org.apache.http.impl.execchain.MainClientExec -- Connection can be kept alive indefinitely
20:00:05.458 [main] DEBUG org.apache.http.impl.conn.PoolingHttpClientConnectionManager -- Connection [id: 16][route: {s}->https://reqres.in:443] can be kept alive indefinitely
20:00:05.458 [main] DEBUG org.apache.http.impl.conn.DefaultManagedHttpClientConnection -- http-outgoing-16: set socket timeout to 0
20:00:05.458 [main] DEBUG org.apache.http.impl.conn.PoolingHttpClientConnectionManager -- Connection released: [id: 16][route: {s}->https://reqres.in:443][total available: 1; route allocated: 1 of 5; total allocated: 1 of 10]
20:00:05.458 [main] DEBUG org.apache.http.impl.conn.PoolingHttpClientConnectionManager -- Connection manager is shutting down
20:00:05.458 [main] DEBUG org.apache.http.impl.conn.DefaultManagedHttpClientConnection -- http-outgoing-16: Close connection
20:00:05.458 [main] DEBUG org.apache.http.impl.conn.PoolingHttpClientConnectionManager -- Connection manager shut down
20:00:05.458 [main] DEBUG com.intuit.karate -- response time in milliseconds: 634
1 < 400
1 < Date: Mon, 16 Jun 2025 13:00:04 GMT
1 < Content-Type: application/json; charset=utf-8
1 < Content-Length: 26
1 < Connection: keep-alive
1 < Cf-Ray: 950a7cee898504d0-HKG
1 < Report-To: {"group":"heroku-nel","max_age":3600,"endpoints":[{"url":"https://nel.heroku.com/reports?ts=1750078804&sid=c4c9725f-1ab0-44d8-820f-430df2718e11&s=Dmvyk0zQjs2M5ZLcoHVJC5fnkNY9fZv2GwOzdc3H3v0%3D"}]}
1 < Reporting-Endpoints: heroku-nel=https://nel.heroku.com/reports?ts=1750078804&sid=c4c9725f-1ab0-44d8-820f-430df2718e11&s=Dmvyk0zQjs2M5ZLcoHVJC5fnkNY9fZv2GwOzdc3H3v0%3D
1 < Nel: {"report_to":"heroku-nel","max_age":3600,"success_fraction":0.005,"failure_fraction":0.05,"response_headers":["Via"]}
1 < X-Powered-By: Express
1 < Access-Control-Allow-Origin: *
1 < Ratelimit-Policy: 100;w=60
1 < Ratelimit-Limit: 100
1 < Ratelimit-Remaining: 66
1 < Ratelimit-Reset: 50
1 < Etag: W/"1a-EGIcyP6BIiCXl5Gb1aph5CGf4VQ"
1 < Via: 1.1 vegur
1 < Cf-Cache-Status: DYNAMIC
1 < Server: cloudflare
1 < server-timing: cfL4;desc="?proto=TCP&rtt=25179&min_rtt=25110&rtt_var=9554&sent=4&recv=6&lost=0&retrans=0&sent_bytes=219&recv_bytes=1353&delivery_rate=56579&cwnd=250&unsent_bytes=0&cid=297d122408c22070&ts=578&x=0"
{
  "error": "user not found"
}


20:00:05.459 [main] INFO com.intuit.karate -- [print] Calling login API v?i email: brute.force@test.com password: wrongpass3 
20:00:05.459 [main] INFO com.intuit.karate -- [print] Response status: 400 body: {
  "error": "user not found"
}
 
20:00:05.460 [main] INFO com.intuit.karate -- STATUS MISMATCH - Expected: 429, Actual: 400 
20:00:05.460 [main] INFO com.intuit.karate -- Test Case Data: {
  "email": "brute.force@test.com",
  "password": "wrongpass3",
  "expectedStatus": 429.0,
  "expectedResult": "Too many login attempts",
  "testDescription": "TC: V??t quá s? l?n th? - l?n 3",
  "responseStatus": "",
  "result": ""
}
 
20:00:05.460 [main] INFO com.intuit.karate -- Expected Status: 429.0 
20:00:05.460 [main] INFO com.intuit.karate -- Expected Result: Too many login attempts 
20:00:05.460 [main] INFO com.intuit.karate -- Actual Status: 400 
20:00:05.460 [main] INFO com.intuit.karate -- Is Expected Status: false 
20:00:05.460 [main] INFO com.intuit.karate -- Test case #17 - Status: 400, Result: {"error":"user not found"} 
20:00:05.461 [main] INFO com.intuit.karate -- ?ang ch?y test case #18: TC: V??t quá s? l?n th? - l?n 4 
20:00:05.467 [main] INFO com.intuit.karate -- karate.env system property was: null 
20:00:05.468 [main] DEBUG com.jayway.jsonpath.internal.path.CompiledPath -- Evaluating path: $
20:00:05.469 [main] DEBUG org.apache.http.client.protocol.RequestAddCookies -- CookieSpec selected: karate
20:00:05.469 [main] DEBUG org.apache.http.client.protocol.RequestAuthCache -- Auth cache not set in the context
20:00:05.469 [main] DEBUG com.intuit.karate -- request:
1 > POST https://reqres.in/api/login
1 > Content-Type: application/json; charset=UTF-8
1 > x-api-key: reqres-free-v1
1 > Content-Length: 56
1 > Host: reqres.in
1 > Connection: Keep-Alive
1 > User-Agent: Apache-HttpClient/4.5.14 (Java/17.0.9)
1 > Accept-Encoding: gzip,deflate
{
  "email": "brute.force@test.com",
  "password": "wrongpass4"
}


20:00:05.469 [main] DEBUG org.apache.http.impl.conn.PoolingHttpClientConnectionManager -- Connection request: [route: {s}->https://reqres.in:443][total available: 0; route allocated: 0 of 5; total allocated: 0 of 10]
20:00:05.469 [main] DEBUG org.apache.http.impl.conn.PoolingHttpClientConnectionManager -- Connection leased: [id: 17][route: {s}->https://reqres.in:443][total available: 0; route allocated: 1 of 5; total allocated: 1 of 10]
20:00:05.469 [main] DEBUG org.apache.http.impl.execchain.MainClientExec -- Opening connection {s}->https://reqres.in:443
20:00:05.469 [main] DEBUG org.apache.http.impl.conn.DefaultHttpClientConnectionOperator -- Connecting to reqres.in/104.26.10.213:443
20:00:05.469 [main] DEBUG org.apache.http.conn.ssl.SSLConnectionSocketFactory -- Connecting socket to reqres.in/104.26.10.213:443 with timeout 5000
20:00:05.492 [main] DEBUG org.apache.http.conn.ssl.SSLConnectionSocketFactory -- Enabled protocols: [TLSv1.3, TLSv1.2]
20:00:05.493 [main] DEBUG org.apache.http.conn.ssl.SSLConnectionSocketFactory -- Enabled cipher suites:[TLS_AES_256_GCM_SHA384, TLS_AES_128_GCM_SHA256, TLS_CHACHA20_POLY1305_SHA256, TLS_ECDHE_ECDSA_WITH_AES_256_GCM_SHA384, TLS_ECDHE_ECDSA_WITH_AES_128_GCM_SHA256, TLS_ECDHE_ECDSA_WITH_CHACHA20_POLY1305_SHA256, TLS_ECDHE_RSA_WITH_AES_256_GCM_SHA384, TLS_ECDHE_RSA_WITH_CHACHA20_POLY1305_SHA256, TLS_ECDHE_RSA_WITH_AES_128_GCM_SHA256, TLS_DHE_RSA_WITH_AES_256_GCM_SHA384, TLS_DHE_RSA_WITH_CHACHA20_POLY1305_SHA256, TLS_DHE_DSS_WITH_AES_256_GCM_SHA384, TLS_DHE_RSA_WITH_AES_128_GCM_SHA256, TLS_DHE_DSS_WITH_AES_128_GCM_SHA256, TLS_ECDHE_ECDSA_WITH_AES_256_CBC_SHA384, TLS_ECDHE_RSA_WITH_AES_256_CBC_SHA384, TLS_ECDHE_ECDSA_WITH_AES_128_CBC_SHA256, TLS_ECDHE_RSA_WITH_AES_128_CBC_SHA256, TLS_DHE_RSA_WITH_AES_256_CBC_SHA256, TLS_DHE_DSS_WITH_AES_256_CBC_SHA256, TLS_DHE_RSA_WITH_AES_128_CBC_SHA256, TLS_DHE_DSS_WITH_AES_128_CBC_SHA256, TLS_ECDH_ECDSA_WITH_AES_256_GCM_SHA384, TLS_ECDH_RSA_WITH_AES_256_GCM_SHA384, TLS_ECDH_ECDSA_WITH_AES_128_GCM_SHA256, TLS_ECDH_RSA_WITH_AES_128_GCM_SHA256, TLS_ECDH_ECDSA_WITH_AES_256_CBC_SHA384, TLS_ECDH_RSA_WITH_AES_256_CBC_SHA384, TLS_ECDH_ECDSA_WITH_AES_128_CBC_SHA256, TLS_ECDH_RSA_WITH_AES_128_CBC_SHA256, TLS_ECDHE_ECDSA_WITH_AES_256_CBC_SHA, TLS_ECDHE_RSA_WITH_AES_256_CBC_SHA, TLS_ECDHE_ECDSA_WITH_AES_128_CBC_SHA, TLS_ECDHE_RSA_WITH_AES_128_CBC_SHA, TLS_DHE_RSA_WITH_AES_256_CBC_SHA, TLS_DHE_DSS_WITH_AES_256_CBC_SHA, TLS_DHE_RSA_WITH_AES_128_CBC_SHA, TLS_DHE_DSS_WITH_AES_128_CBC_SHA, TLS_ECDH_ECDSA_WITH_AES_256_CBC_SHA, TLS_ECDH_RSA_WITH_AES_256_CBC_SHA, TLS_ECDH_ECDSA_WITH_AES_128_CBC_SHA, TLS_ECDH_RSA_WITH_AES_128_CBC_SHA, TLS_RSA_WITH_AES_256_GCM_SHA384, TLS_RSA_WITH_AES_128_GCM_SHA256, TLS_RSA_WITH_AES_256_CBC_SHA256, TLS_RSA_WITH_AES_128_CBC_SHA256, TLS_RSA_WITH_AES_256_CBC_SHA, TLS_RSA_WITH_AES_128_CBC_SHA, TLS_EMPTY_RENEGOTIATION_INFO_SCSV]
20:00:05.493 [main] DEBUG org.apache.http.conn.ssl.SSLConnectionSocketFactory -- Starting handshake
20:00:05.521 [main] DEBUG org.apache.http.conn.ssl.SSLConnectionSocketFactory -- Secure session established
20:00:05.521 [main] DEBUG org.apache.http.conn.ssl.SSLConnectionSocketFactory --  negotiated protocol: TLSv1.3
20:00:05.521 [main] DEBUG org.apache.http.conn.ssl.SSLConnectionSocketFactory --  negotiated cipher suite: TLS_AES_256_GCM_SHA384
20:00:05.521 [main] DEBUG org.apache.http.conn.ssl.SSLConnectionSocketFactory --  peer principal: CN=reqres.in
20:00:05.521 [main] DEBUG org.apache.http.conn.ssl.SSLConnectionSocketFactory --  peer alternative names: [reqres.in, *.reqres.in]
20:00:05.521 [main] DEBUG org.apache.http.conn.ssl.SSLConnectionSocketFactory --  issuer principal: CN=WE1, O=Google Trust Services, C=US
20:00:05.521 [main] DEBUG org.apache.http.impl.conn.DefaultHttpClientConnectionOperator -- Connection established 192.168.1.20:57006<->104.26.10.213:443
20:00:05.521 [main] DEBUG org.apache.http.impl.conn.DefaultManagedHttpClientConnection -- http-outgoing-17: set socket timeout to 5000
20:00:05.521 [main] DEBUG org.apache.http.impl.execchain.MainClientExec -- Executing request POST /api/login HTTP/1.1
20:00:05.521 [main] DEBUG org.apache.http.impl.execchain.MainClientExec -- Target auth state: UNCHALLENGED
20:00:05.521 [main] DEBUG org.apache.http.impl.execchain.MainClientExec -- Proxy auth state: UNCHALLENGED
20:00:05.522 [main] DEBUG org.apache.http.headers -- http-outgoing-17 >> POST /api/login HTTP/1.1
20:00:05.522 [main] DEBUG org.apache.http.headers -- http-outgoing-17 >> Content-Type: application/json; charset=UTF-8
20:00:05.522 [main] DEBUG org.apache.http.headers -- http-outgoing-17 >> x-api-key: reqres-free-v1
20:00:05.522 [main] DEBUG org.apache.http.headers -- http-outgoing-17 >> Content-Length: 56
20:00:05.522 [main] DEBUG org.apache.http.headers -- http-outgoing-17 >> Host: reqres.in
20:00:05.522 [main] DEBUG org.apache.http.headers -- http-outgoing-17 >> Connection: Keep-Alive
20:00:05.522 [main] DEBUG org.apache.http.headers -- http-outgoing-17 >> User-Agent: Apache-HttpClient/4.5.14 (Java/17.0.9)
20:00:05.522 [main] DEBUG org.apache.http.headers -- http-outgoing-17 >> Accept-Encoding: gzip,deflate
20:00:05.522 [main] DEBUG org.apache.http.wire -- http-outgoing-17 >> "POST /api/login HTTP/1.1[\r][\n]"
20:00:05.522 [main] DEBUG org.apache.http.wire -- http-outgoing-17 >> "Content-Type: application/json; charset=UTF-8[\r][\n]"
20:00:05.522 [main] DEBUG org.apache.http.wire -- http-outgoing-17 >> "x-api-key: reqres-free-v1[\r][\n]"
20:00:05.522 [main] DEBUG org.apache.http.wire -- http-outgoing-17 >> "Content-Length: 56[\r][\n]"
20:00:05.522 [main] DEBUG org.apache.http.wire -- http-outgoing-17 >> "Host: reqres.in[\r][\n]"
20:00:05.522 [main] DEBUG org.apache.http.wire -- http-outgoing-17 >> "Connection: Keep-Alive[\r][\n]"
20:00:05.522 [main] DEBUG org.apache.http.wire -- http-outgoing-17 >> "User-Agent: Apache-HttpClient/4.5.14 (Java/17.0.9)[\r][\n]"
20:00:05.522 [main] DEBUG org.apache.http.wire -- http-outgoing-17 >> "Accept-Encoding: gzip,deflate[\r][\n]"
20:00:05.522 [main] DEBUG org.apache.http.wire -- http-outgoing-17 >> "[\r][\n]"
20:00:05.522 [main] DEBUG org.apache.http.wire -- http-outgoing-17 >> "{"email":"brute.force@test.com","password":"wrongpass4"}"
20:00:06.091 [main] DEBUG org.apache.http.wire -- http-outgoing-17 << "HTTP/1.1 400 Bad Request[\r][\n]"
20:00:06.092 [main] DEBUG org.apache.http.wire -- http-outgoing-17 << "Date: Mon, 16 Jun 2025 13:00:05 GMT[\r][\n]"
20:00:06.092 [main] DEBUG org.apache.http.wire -- http-outgoing-17 << "Content-Type: application/json; charset=utf-8[\r][\n]"
20:00:06.092 [main] DEBUG org.apache.http.wire -- http-outgoing-17 << "Content-Length: 26[\r][\n]"
20:00:06.092 [main] DEBUG org.apache.http.wire -- http-outgoing-17 << "Connection: keep-alive[\r][\n]"
20:00:06.092 [main] DEBUG org.apache.http.wire -- http-outgoing-17 << "Cf-Ray: 950a7cf28b24d8fd-HKG[\r][\n]"
20:00:06.092 [main] DEBUG org.apache.http.wire -- http-outgoing-17 << "Report-To: {"group":"heroku-nel","max_age":3600,"endpoints":[{"url":"https://nel.heroku.com/reports?ts=1750078805&sid=c4c9725f-1ab0-44d8-820f-430df2718e11&s=URLD7qjERIq5KW1l4xaBm8KboCsniCrTRLMd4LmpiBM%3D"}]}[\r][\n]"
20:00:06.092 [main] DEBUG org.apache.http.wire -- http-outgoing-17 << "Reporting-Endpoints: heroku-nel=https://nel.heroku.com/reports?ts=1750078805&sid=c4c9725f-1ab0-44d8-820f-430df2718e11&s=URLD7qjERIq5KW1l4xaBm8KboCsniCrTRLMd4LmpiBM%3D[\r][\n]"
20:00:06.092 [main] DEBUG org.apache.http.wire -- http-outgoing-17 << "Nel: {"report_to":"heroku-nel","max_age":3600,"success_fraction":0.005,"failure_fraction":0.05,"response_headers":["Via"]}[\r][\n]"
20:00:06.092 [main] DEBUG org.apache.http.wire -- http-outgoing-17 << "X-Powered-By: Express[\r][\n]"
20:00:06.092 [main] DEBUG org.apache.http.wire -- http-outgoing-17 << "Access-Control-Allow-Origin: *[\r][\n]"
20:00:06.092 [main] DEBUG org.apache.http.wire -- http-outgoing-17 << "Ratelimit-Policy: 100;w=60[\r][\n]"
20:00:06.092 [main] DEBUG org.apache.http.wire -- http-outgoing-17 << "Ratelimit-Limit: 100[\r][\n]"
20:00:06.092 [main] DEBUG org.apache.http.wire -- http-outgoing-17 << "Ratelimit-Remaining: 64[\r][\n]"
20:00:06.092 [main] DEBUG org.apache.http.wire -- http-outgoing-17 << "Ratelimit-Reset: 49[\r][\n]"
20:00:06.092 [main] DEBUG org.apache.http.wire -- http-outgoing-17 << "Etag: W/"1a-EGIcyP6BIiCXl5Gb1aph5CGf4VQ"[\r][\n]"
20:00:06.092 [main] DEBUG org.apache.http.wire -- http-outgoing-17 << "Via: 1.1 vegur[\r][\n]"
20:00:06.092 [main] DEBUG org.apache.http.wire -- http-outgoing-17 << "Cf-Cache-Status: DYNAMIC[\r][\n]"
20:00:06.092 [main] DEBUG org.apache.http.wire -- http-outgoing-17 << "Server: cloudflare[\r][\n]"
20:00:06.092 [main] DEBUG org.apache.http.wire -- http-outgoing-17 << "server-timing: cfL4;desc="?proto=TCP&rtt=23047&min_rtt=22930&rtt_var=8833&sent=4&recv=6&lost=0&retrans=0&sent_bytes=219&recv_bytes=1353&delivery_rate=60832&cwnd=243&unsent_bytes=0&cid=076c1bbdbdb47215&ts=572&x=0"[\r][\n]"
20:00:06.092 [main] DEBUG org.apache.http.wire -- http-outgoing-17 << "[\r][\n]"
20:00:06.092 [main] DEBUG org.apache.http.wire -- http-outgoing-17 << "{"error":"user not found"}"
20:00:06.092 [main] DEBUG org.apache.http.headers -- http-outgoing-17 << HTTP/1.1 400 Bad Request
20:00:06.092 [main] DEBUG org.apache.http.headers -- http-outgoing-17 << Date: Mon, 16 Jun 2025 13:00:05 GMT
20:00:06.092 [main] DEBUG org.apache.http.headers -- http-outgoing-17 << Content-Type: application/json; charset=utf-8
20:00:06.092 [main] DEBUG org.apache.http.headers -- http-outgoing-17 << Content-Length: 26
20:00:06.092 [main] DEBUG org.apache.http.headers -- http-outgoing-17 << Connection: keep-alive
20:00:06.092 [main] DEBUG org.apache.http.headers -- http-outgoing-17 << Cf-Ray: 950a7cf28b24d8fd-HKG
20:00:06.092 [main] DEBUG org.apache.http.headers -- http-outgoing-17 << Report-To: {"group":"heroku-nel","max_age":3600,"endpoints":[{"url":"https://nel.heroku.com/reports?ts=1750078805&sid=c4c9725f-1ab0-44d8-820f-430df2718e11&s=URLD7qjERIq5KW1l4xaBm8KboCsniCrTRLMd4LmpiBM%3D"}]}
20:00:06.092 [main] DEBUG org.apache.http.headers -- http-outgoing-17 << Reporting-Endpoints: heroku-nel=https://nel.heroku.com/reports?ts=1750078805&sid=c4c9725f-1ab0-44d8-820f-430df2718e11&s=URLD7qjERIq5KW1l4xaBm8KboCsniCrTRLMd4LmpiBM%3D
20:00:06.092 [main] DEBUG org.apache.http.headers -- http-outgoing-17 << Nel: {"report_to":"heroku-nel","max_age":3600,"success_fraction":0.005,"failure_fraction":0.05,"response_headers":["Via"]}
20:00:06.092 [main] DEBUG org.apache.http.headers -- http-outgoing-17 << X-Powered-By: Express
20:00:06.092 [main] DEBUG org.apache.http.headers -- http-outgoing-17 << Access-Control-Allow-Origin: *
20:00:06.092 [main] DEBUG org.apache.http.headers -- http-outgoing-17 << Ratelimit-Policy: 100;w=60
20:00:06.092 [main] DEBUG org.apache.http.headers -- http-outgoing-17 << Ratelimit-Limit: 100
20:00:06.092 [main] DEBUG org.apache.http.headers -- http-outgoing-17 << Ratelimit-Remaining: 64
20:00:06.092 [main] DEBUG org.apache.http.headers -- http-outgoing-17 << Ratelimit-Reset: 49
20:00:06.092 [main] DEBUG org.apache.http.headers -- http-outgoing-17 << Etag: W/"1a-EGIcyP6BIiCXl5Gb1aph5CGf4VQ"
20:00:06.092 [main] DEBUG org.apache.http.headers -- http-outgoing-17 << Via: 1.1 vegur
20:00:06.092 [main] DEBUG org.apache.http.headers -- http-outgoing-17 << Cf-Cache-Status: DYNAMIC
20:00:06.092 [main] DEBUG org.apache.http.headers -- http-outgoing-17 << Server: cloudflare
20:00:06.092 [main] DEBUG org.apache.http.headers -- http-outgoing-17 << server-timing: cfL4;desc="?proto=TCP&rtt=23047&min_rtt=22930&rtt_var=8833&sent=4&recv=6&lost=0&retrans=0&sent_bytes=219&recv_bytes=1353&delivery_rate=60832&cwnd=243&unsent_bytes=0&cid=076c1bbdbdb47215&ts=572&x=0"
20:00:06.092 [main] DEBUG org.apache.http.impl.execchain.MainClientExec -- Connection can be kept alive indefinitely
20:00:06.092 [main] DEBUG org.apache.http.impl.conn.PoolingHttpClientConnectionManager -- Connection [id: 17][route: {s}->https://reqres.in:443] can be kept alive indefinitely
20:00:06.092 [main] DEBUG org.apache.http.impl.conn.DefaultManagedHttpClientConnection -- http-outgoing-17: set socket timeout to 0
20:00:06.092 [main] DEBUG org.apache.http.impl.conn.PoolingHttpClientConnectionManager -- Connection released: [id: 17][route: {s}->https://reqres.in:443][total available: 1; route allocated: 1 of 5; total allocated: 1 of 10]
20:00:06.092 [main] DEBUG org.apache.http.impl.conn.PoolingHttpClientConnectionManager -- Connection manager is shutting down
20:00:06.092 [main] DEBUG org.apache.http.impl.conn.DefaultManagedHttpClientConnection -- http-outgoing-17: Close connection
20:00:06.093 [main] DEBUG org.apache.http.impl.conn.PoolingHttpClientConnectionManager -- Connection manager shut down
20:00:06.093 [main] DEBUG com.intuit.karate -- response time in milliseconds: 623
1 < 400
1 < Date: Mon, 16 Jun 2025 13:00:05 GMT
1 < Content-Type: application/json; charset=utf-8
1 < Content-Length: 26
1 < Connection: keep-alive
1 < Cf-Ray: 950a7cf28b24d8fd-HKG
1 < Report-To: {"group":"heroku-nel","max_age":3600,"endpoints":[{"url":"https://nel.heroku.com/reports?ts=1750078805&sid=c4c9725f-1ab0-44d8-820f-430df2718e11&s=URLD7qjERIq5KW1l4xaBm8KboCsniCrTRLMd4LmpiBM%3D"}]}
1 < Reporting-Endpoints: heroku-nel=https://nel.heroku.com/reports?ts=1750078805&sid=c4c9725f-1ab0-44d8-820f-430df2718e11&s=URLD7qjERIq5KW1l4xaBm8KboCsniCrTRLMd4LmpiBM%3D
1 < Nel: {"report_to":"heroku-nel","max_age":3600,"success_fraction":0.005,"failure_fraction":0.05,"response_headers":["Via"]}
1 < X-Powered-By: Express
1 < Access-Control-Allow-Origin: *
1 < Ratelimit-Policy: 100;w=60
1 < Ratelimit-Limit: 100
1 < Ratelimit-Remaining: 64
1 < Ratelimit-Reset: 49
1 < Etag: W/"1a-EGIcyP6BIiCXl5Gb1aph5CGf4VQ"
1 < Via: 1.1 vegur
1 < Cf-Cache-Status: DYNAMIC
1 < Server: cloudflare
1 < server-timing: cfL4;desc="?proto=TCP&rtt=23047&min_rtt=22930&rtt_var=8833&sent=4&recv=6&lost=0&retrans=0&sent_bytes=219&recv_bytes=1353&delivery_rate=60832&cwnd=243&unsent_bytes=0&cid=076c1bbdbdb47215&ts=572&x=0"
{
  "error": "user not found"
}


20:00:06.095 [main] INFO com.intuit.karate -- [print] Calling login API v?i email: brute.force@test.com password: wrongpass4 
20:00:06.095 [main] INFO com.intuit.karate -- [print] Response status: 400 body: {
  "error": "user not found"
}
 
20:00:06.096 [main] INFO com.intuit.karate -- STATUS MISMATCH - Expected: 429, Actual: 400 
20:00:06.096 [main] INFO com.intuit.karate -- Test Case Data: {
  "email": "brute.force@test.com",
  "password": "wrongpass4",
  "expectedStatus": 429.0,
  "expectedResult": "Too many login attempts",
  "testDescription": "TC: V??t quá s? l?n th? - l?n 4",
  "responseStatus": "",
  "result": ""
}
 
20:00:06.096 [main] INFO com.intuit.karate -- Expected Status: 429.0 
20:00:06.096 [main] INFO com.intuit.karate -- Expected Result: Too many login attempts 
20:00:06.096 [main] INFO com.intuit.karate -- Actual Status: 400 
20:00:06.096 [main] INFO com.intuit.karate -- Is Expected Status: false 
20:00:06.096 [main] INFO com.intuit.karate -- Test case #18 - Status: 400, Result: {"error":"user not found"} 
20:00:06.097 [main] INFO com.intuit.karate -- ?ang ch?y test case #19: TC: V??t quá s? l?n th? - l?n 5 
20:00:06.103 [main] INFO com.intuit.karate -- karate.env system property was: null 
20:00:06.105 [main] DEBUG com.jayway.jsonpath.internal.path.CompiledPath -- Evaluating path: $
20:00:06.105 [main] DEBUG org.apache.http.client.protocol.RequestAddCookies -- CookieSpec selected: karate
20:00:06.105 [main] DEBUG org.apache.http.client.protocol.RequestAuthCache -- Auth cache not set in the context
20:00:06.106 [main] DEBUG com.intuit.karate -- request:
1 > POST https://reqres.in/api/login
1 > Content-Type: application/json; charset=UTF-8
1 > x-api-key: reqres-free-v1
1 > Content-Length: 56
1 > Host: reqres.in
1 > Connection: Keep-Alive
1 > User-Agent: Apache-HttpClient/4.5.14 (Java/17.0.9)
1 > Accept-Encoding: gzip,deflate
{
  "email": "brute.force@test.com",
  "password": "wrongpass5"
}


20:00:06.106 [main] DEBUG org.apache.http.impl.conn.PoolingHttpClientConnectionManager -- Connection request: [route: {s}->https://reqres.in:443][total available: 0; route allocated: 0 of 5; total allocated: 0 of 10]
20:00:06.106 [main] DEBUG org.apache.http.impl.conn.PoolingHttpClientConnectionManager -- Connection leased: [id: 18][route: {s}->https://reqres.in:443][total available: 0; route allocated: 1 of 5; total allocated: 1 of 10]
20:00:06.106 [main] DEBUG org.apache.http.impl.execchain.MainClientExec -- Opening connection {s}->https://reqres.in:443
20:00:06.106 [main] DEBUG org.apache.http.impl.conn.DefaultHttpClientConnectionOperator -- Connecting to reqres.in/104.26.10.213:443
20:00:06.106 [main] DEBUG org.apache.http.conn.ssl.SSLConnectionSocketFactory -- Connecting socket to reqres.in/104.26.10.213:443 with timeout 5000
20:00:06.131 [main] DEBUG org.apache.http.conn.ssl.SSLConnectionSocketFactory -- Enabled protocols: [TLSv1.3, TLSv1.2]
20:00:06.132 [main] DEBUG org.apache.http.conn.ssl.SSLConnectionSocketFactory -- Enabled cipher suites:[TLS_AES_256_GCM_SHA384, TLS_AES_128_GCM_SHA256, TLS_CHACHA20_POLY1305_SHA256, TLS_ECDHE_ECDSA_WITH_AES_256_GCM_SHA384, TLS_ECDHE_ECDSA_WITH_AES_128_GCM_SHA256, TLS_ECDHE_ECDSA_WITH_CHACHA20_POLY1305_SHA256, TLS_ECDHE_RSA_WITH_AES_256_GCM_SHA384, TLS_ECDHE_RSA_WITH_CHACHA20_POLY1305_SHA256, TLS_ECDHE_RSA_WITH_AES_128_GCM_SHA256, TLS_DHE_RSA_WITH_AES_256_GCM_SHA384, TLS_DHE_RSA_WITH_CHACHA20_POLY1305_SHA256, TLS_DHE_DSS_WITH_AES_256_GCM_SHA384, TLS_DHE_RSA_WITH_AES_128_GCM_SHA256, TLS_DHE_DSS_WITH_AES_128_GCM_SHA256, TLS_ECDHE_ECDSA_WITH_AES_256_CBC_SHA384, TLS_ECDHE_RSA_WITH_AES_256_CBC_SHA384, TLS_ECDHE_ECDSA_WITH_AES_128_CBC_SHA256, TLS_ECDHE_RSA_WITH_AES_128_CBC_SHA256, TLS_DHE_RSA_WITH_AES_256_CBC_SHA256, TLS_DHE_DSS_WITH_AES_256_CBC_SHA256, TLS_DHE_RSA_WITH_AES_128_CBC_SHA256, TLS_DHE_DSS_WITH_AES_128_CBC_SHA256, TLS_ECDH_ECDSA_WITH_AES_256_GCM_SHA384, TLS_ECDH_RSA_WITH_AES_256_GCM_SHA384, TLS_ECDH_ECDSA_WITH_AES_128_GCM_SHA256, TLS_ECDH_RSA_WITH_AES_128_GCM_SHA256, TLS_ECDH_ECDSA_WITH_AES_256_CBC_SHA384, TLS_ECDH_RSA_WITH_AES_256_CBC_SHA384, TLS_ECDH_ECDSA_WITH_AES_128_CBC_SHA256, TLS_ECDH_RSA_WITH_AES_128_CBC_SHA256, TLS_ECDHE_ECDSA_WITH_AES_256_CBC_SHA, TLS_ECDHE_RSA_WITH_AES_256_CBC_SHA, TLS_ECDHE_ECDSA_WITH_AES_128_CBC_SHA, TLS_ECDHE_RSA_WITH_AES_128_CBC_SHA, TLS_DHE_RSA_WITH_AES_256_CBC_SHA, TLS_DHE_DSS_WITH_AES_256_CBC_SHA, TLS_DHE_RSA_WITH_AES_128_CBC_SHA, TLS_DHE_DSS_WITH_AES_128_CBC_SHA, TLS_ECDH_ECDSA_WITH_AES_256_CBC_SHA, TLS_ECDH_RSA_WITH_AES_256_CBC_SHA, TLS_ECDH_ECDSA_WITH_AES_128_CBC_SHA, TLS_ECDH_RSA_WITH_AES_128_CBC_SHA, TLS_RSA_WITH_AES_256_GCM_SHA384, TLS_RSA_WITH_AES_128_GCM_SHA256, TLS_RSA_WITH_AES_256_CBC_SHA256, TLS_RSA_WITH_AES_128_CBC_SHA256, TLS_RSA_WITH_AES_256_CBC_SHA, TLS_RSA_WITH_AES_128_CBC_SHA, TLS_EMPTY_RENEGOTIATION_INFO_SCSV]
20:00:06.132 [main] DEBUG org.apache.http.conn.ssl.SSLConnectionSocketFactory -- Starting handshake
20:00:06.164 [main] DEBUG org.apache.http.conn.ssl.SSLConnectionSocketFactory -- Secure session established
20:00:06.164 [main] DEBUG org.apache.http.conn.ssl.SSLConnectionSocketFactory --  negotiated protocol: TLSv1.3
20:00:06.164 [main] DEBUG org.apache.http.conn.ssl.SSLConnectionSocketFactory --  negotiated cipher suite: TLS_AES_256_GCM_SHA384
20:00:06.164 [main] DEBUG org.apache.http.conn.ssl.SSLConnectionSocketFactory --  peer principal: CN=reqres.in
20:00:06.164 [main] DEBUG org.apache.http.conn.ssl.SSLConnectionSocketFactory --  peer alternative names: [reqres.in, *.reqres.in]
20:00:06.164 [main] DEBUG org.apache.http.conn.ssl.SSLConnectionSocketFactory --  issuer principal: CN=WE1, O=Google Trust Services, C=US
20:00:06.164 [main] DEBUG org.apache.http.impl.conn.DefaultHttpClientConnectionOperator -- Connection established 192.168.1.20:57007<->104.26.10.213:443
20:00:06.164 [main] DEBUG org.apache.http.impl.conn.DefaultManagedHttpClientConnection -- http-outgoing-18: set socket timeout to 5000
20:00:06.164 [main] DEBUG org.apache.http.impl.execchain.MainClientExec -- Executing request POST /api/login HTTP/1.1
20:00:06.164 [main] DEBUG org.apache.http.impl.execchain.MainClientExec -- Target auth state: UNCHALLENGED
20:00:06.164 [main] DEBUG org.apache.http.impl.execchain.MainClientExec -- Proxy auth state: UNCHALLENGED
20:00:06.164 [main] DEBUG org.apache.http.headers -- http-outgoing-18 >> POST /api/login HTTP/1.1
20:00:06.164 [main] DEBUG org.apache.http.headers -- http-outgoing-18 >> Content-Type: application/json; charset=UTF-8
20:00:06.164 [main] DEBUG org.apache.http.headers -- http-outgoing-18 >> x-api-key: reqres-free-v1
20:00:06.164 [main] DEBUG org.apache.http.headers -- http-outgoing-18 >> Content-Length: 56
20:00:06.164 [main] DEBUG org.apache.http.headers -- http-outgoing-18 >> Host: reqres.in
20:00:06.164 [main] DEBUG org.apache.http.headers -- http-outgoing-18 >> Connection: Keep-Alive
20:00:06.164 [main] DEBUG org.apache.http.headers -- http-outgoing-18 >> User-Agent: Apache-HttpClient/4.5.14 (Java/17.0.9)
20:00:06.164 [main] DEBUG org.apache.http.headers -- http-outgoing-18 >> Accept-Encoding: gzip,deflate
20:00:06.164 [main] DEBUG org.apache.http.wire -- http-outgoing-18 >> "POST /api/login HTTP/1.1[\r][\n]"
20:00:06.164 [main] DEBUG org.apache.http.wire -- http-outgoing-18 >> "Content-Type: application/json; charset=UTF-8[\r][\n]"
20:00:06.164 [main] DEBUG org.apache.http.wire -- http-outgoing-18 >> "x-api-key: reqres-free-v1[\r][\n]"
20:00:06.164 [main] DEBUG org.apache.http.wire -- http-outgoing-18 >> "Content-Length: 56[\r][\n]"
20:00:06.164 [main] DEBUG org.apache.http.wire -- http-outgoing-18 >> "Host: reqres.in[\r][\n]"
20:00:06.164 [main] DEBUG org.apache.http.wire -- http-outgoing-18 >> "Connection: Keep-Alive[\r][\n]"
20:00:06.164 [main] DEBUG org.apache.http.wire -- http-outgoing-18 >> "User-Agent: Apache-HttpClient/4.5.14 (Java/17.0.9)[\r][\n]"
20:00:06.164 [main] DEBUG org.apache.http.wire -- http-outgoing-18 >> "Accept-Encoding: gzip,deflate[\r][\n]"
20:00:06.164 [main] DEBUG org.apache.http.wire -- http-outgoing-18 >> "[\r][\n]"
20:00:06.164 [main] DEBUG org.apache.http.wire -- http-outgoing-18 >> "{"email":"brute.force@test.com","password":"wrongpass5"}"
20:00:06.733 [main] DEBUG org.apache.http.wire -- http-outgoing-18 << "HTTP/1.1 400 Bad Request[\r][\n]"
20:00:06.733 [main] DEBUG org.apache.http.wire -- http-outgoing-18 << "Date: Mon, 16 Jun 2025 13:00:06 GMT[\r][\n]"
20:00:06.733 [main] DEBUG org.apache.http.wire -- http-outgoing-18 << "Content-Type: application/json; charset=utf-8[\r][\n]"
20:00:06.733 [main] DEBUG org.apache.http.wire -- http-outgoing-18 << "Content-Length: 26[\r][\n]"
20:00:06.733 [main] DEBUG org.apache.http.wire -- http-outgoing-18 << "Connection: keep-alive[\r][\n]"
20:00:06.733 [main] DEBUG org.apache.http.wire -- http-outgoing-18 << "Cf-Ray: 950a7cf68af76e51-HKG[\r][\n]"
20:00:06.733 [main] DEBUG org.apache.http.wire -- http-outgoing-18 << "Report-To: {"group":"heroku-nel","max_age":3600,"endpoints":[{"url":"https://nel.heroku.com/reports?ts=1750078805&sid=c4c9725f-1ab0-44d8-820f-430df2718e11&s=URLD7qjERIq5KW1l4xaBm8KboCsniCrTRLMd4LmpiBM%3D"}]}[\r][\n]"
20:00:06.733 [main] DEBUG org.apache.http.wire -- http-outgoing-18 << "Reporting-Endpoints: heroku-nel=https://nel.heroku.com/reports?ts=1750078805&sid=c4c9725f-1ab0-44d8-820f-430df2718e11&s=URLD7qjERIq5KW1l4xaBm8KboCsniCrTRLMd4LmpiBM%3D[\r][\n]"
20:00:06.733 [main] DEBUG org.apache.http.wire -- http-outgoing-18 << "Nel: {"report_to":"heroku-nel","max_age":3600,"success_fraction":0.005,"failure_fraction":0.05,"response_headers":["Via"]}[\r][\n]"
20:00:06.733 [main] DEBUG org.apache.http.wire -- http-outgoing-18 << "X-Powered-By: Express[\r][\n]"
20:00:06.733 [main] DEBUG org.apache.http.wire -- http-outgoing-18 << "Access-Control-Allow-Origin: *[\r][\n]"
20:00:06.733 [main] DEBUG org.apache.http.wire -- http-outgoing-18 << "Ratelimit-Policy: 100;w=60[\r][\n]"
20:00:06.733 [main] DEBUG org.apache.http.wire -- http-outgoing-18 << "Ratelimit-Limit: 100[\r][\n]"
20:00:06.733 [main] DEBUG org.apache.http.wire -- http-outgoing-18 << "Ratelimit-Remaining: 62[\r][\n]"
20:00:06.733 [main] DEBUG org.apache.http.wire -- http-outgoing-18 << "Ratelimit-Reset: 49[\r][\n]"
20:00:06.733 [main] DEBUG org.apache.http.wire -- http-outgoing-18 << "Etag: W/"1a-EGIcyP6BIiCXl5Gb1aph5CGf4VQ"[\r][\n]"
20:00:06.733 [main] DEBUG org.apache.http.wire -- http-outgoing-18 << "Via: 1.1 vegur[\r][\n]"
20:00:06.733 [main] DEBUG org.apache.http.wire -- http-outgoing-18 << "Cf-Cache-Status: DYNAMIC[\r][\n]"
20:00:06.733 [main] DEBUG org.apache.http.wire -- http-outgoing-18 << "Server: cloudflare[\r][\n]"
20:00:06.733 [main] DEBUG org.apache.http.wire -- http-outgoing-18 << "server-timing: cfL4;desc="?proto=TCP&rtt=25092&min_rtt=24937&rtt_var=9662&sent=4&recv=6&lost=0&retrans=0&sent_bytes=219&recv_bytes=1353&delivery_rate=55460&cwnd=250&unsent_bytes=0&cid=3b0713e8ec82c9ac&ts=573&x=0"[\r][\n]"
20:00:06.733 [main] DEBUG org.apache.http.wire -- http-outgoing-18 << "[\r][\n]"
20:00:06.733 [main] DEBUG org.apache.http.wire -- http-outgoing-18 << "{"error":"user not found"}"
20:00:06.733 [main] DEBUG org.apache.http.headers -- http-outgoing-18 << HTTP/1.1 400 Bad Request
20:00:06.733 [main] DEBUG org.apache.http.headers -- http-outgoing-18 << Date: Mon, 16 Jun 2025 13:00:06 GMT
20:00:06.733 [main] DEBUG org.apache.http.headers -- http-outgoing-18 << Content-Type: application/json; charset=utf-8
20:00:06.733 [main] DEBUG org.apache.http.headers -- http-outgoing-18 << Content-Length: 26
20:00:06.733 [main] DEBUG org.apache.http.headers -- http-outgoing-18 << Connection: keep-alive
20:00:06.733 [main] DEBUG org.apache.http.headers -- http-outgoing-18 << Cf-Ray: 950a7cf68af76e51-HKG
20:00:06.733 [main] DEBUG org.apache.http.headers -- http-outgoing-18 << Report-To: {"group":"heroku-nel","max_age":3600,"endpoints":[{"url":"https://nel.heroku.com/reports?ts=1750078805&sid=c4c9725f-1ab0-44d8-820f-430df2718e11&s=URLD7qjERIq5KW1l4xaBm8KboCsniCrTRLMd4LmpiBM%3D"}]}
20:00:06.733 [main] DEBUG org.apache.http.headers -- http-outgoing-18 << Reporting-Endpoints: heroku-nel=https://nel.heroku.com/reports?ts=1750078805&sid=c4c9725f-1ab0-44d8-820f-430df2718e11&s=URLD7qjERIq5KW1l4xaBm8KboCsniCrTRLMd4LmpiBM%3D
20:00:06.733 [main] DEBUG org.apache.http.headers -- http-outgoing-18 << Nel: {"report_to":"heroku-nel","max_age":3600,"success_fraction":0.005,"failure_fraction":0.05,"response_headers":["Via"]}
20:00:06.733 [main] DEBUG org.apache.http.headers -- http-outgoing-18 << X-Powered-By: Express
20:00:06.733 [main] DEBUG org.apache.http.headers -- http-outgoing-18 << Access-Control-Allow-Origin: *
20:00:06.733 [main] DEBUG org.apache.http.headers -- http-outgoing-18 << Ratelimit-Policy: 100;w=60
20:00:06.733 [main] DEBUG org.apache.http.headers -- http-outgoing-18 << Ratelimit-Limit: 100
20:00:06.733 [main] DEBUG org.apache.http.headers -- http-outgoing-18 << Ratelimit-Remaining: 62
20:00:06.733 [main] DEBUG org.apache.http.headers -- http-outgoing-18 << Ratelimit-Reset: 49
20:00:06.733 [main] DEBUG org.apache.http.headers -- http-outgoing-18 << Etag: W/"1a-EGIcyP6BIiCXl5Gb1aph5CGf4VQ"
20:00:06.733 [main] DEBUG org.apache.http.headers -- http-outgoing-18 << Via: 1.1 vegur
20:00:06.733 [main] DEBUG org.apache.http.headers -- http-outgoing-18 << Cf-Cache-Status: DYNAMIC
20:00:06.733 [main] DEBUG org.apache.http.headers -- http-outgoing-18 << Server: cloudflare
20:00:06.733 [main] DEBUG org.apache.http.headers -- http-outgoing-18 << server-timing: cfL4;desc="?proto=TCP&rtt=25092&min_rtt=24937&rtt_var=9662&sent=4&recv=6&lost=0&retrans=0&sent_bytes=219&recv_bytes=1353&delivery_rate=55460&cwnd=250&unsent_bytes=0&cid=3b0713e8ec82c9ac&ts=573&x=0"
20:00:06.733 [main] DEBUG org.apache.http.impl.execchain.MainClientExec -- Connection can be kept alive indefinitely
20:00:06.733 [main] DEBUG org.apache.http.impl.conn.PoolingHttpClientConnectionManager -- Connection [id: 18][route: {s}->https://reqres.in:443] can be kept alive indefinitely
20:00:06.733 [main] DEBUG org.apache.http.impl.conn.DefaultManagedHttpClientConnection -- http-outgoing-18: set socket timeout to 0
20:00:06.733 [main] DEBUG org.apache.http.impl.conn.PoolingHttpClientConnectionManager -- Connection released: [id: 18][route: {s}->https://reqres.in:443][total available: 1; route allocated: 1 of 5; total allocated: 1 of 10]
20:00:06.733 [main] DEBUG org.apache.http.impl.conn.PoolingHttpClientConnectionManager -- Connection manager is shutting down
20:00:06.733 [main] DEBUG org.apache.http.impl.conn.DefaultManagedHttpClientConnection -- http-outgoing-18: Close connection
20:00:06.734 [main] DEBUG org.apache.http.impl.conn.PoolingHttpClientConnectionManager -- Connection manager shut down
20:00:06.734 [main] DEBUG com.intuit.karate -- response time in milliseconds: 627
1 < 400
1 < Date: Mon, 16 Jun 2025 13:00:06 GMT
1 < Content-Type: application/json; charset=utf-8
1 < Content-Length: 26
1 < Connection: keep-alive
1 < Cf-Ray: 950a7cf68af76e51-HKG
1 < Report-To: {"group":"heroku-nel","max_age":3600,"endpoints":[{"url":"https://nel.heroku.com/reports?ts=1750078805&sid=c4c9725f-1ab0-44d8-820f-430df2718e11&s=URLD7qjERIq5KW1l4xaBm8KboCsniCrTRLMd4LmpiBM%3D"}]}
1 < Reporting-Endpoints: heroku-nel=https://nel.heroku.com/reports?ts=1750078805&sid=c4c9725f-1ab0-44d8-820f-430df2718e11&s=URLD7qjERIq5KW1l4xaBm8KboCsniCrTRLMd4LmpiBM%3D
1 < Nel: {"report_to":"heroku-nel","max_age":3600,"success_fraction":0.005,"failure_fraction":0.05,"response_headers":["Via"]}
1 < X-Powered-By: Express
1 < Access-Control-Allow-Origin: *
1 < Ratelimit-Policy: 100;w=60
1 < Ratelimit-Limit: 100
1 < Ratelimit-Remaining: 62
1 < Ratelimit-Reset: 49
1 < Etag: W/"1a-EGIcyP6BIiCXl5Gb1aph5CGf4VQ"
1 < Via: 1.1 vegur
1 < Cf-Cache-Status: DYNAMIC
1 < Server: cloudflare
1 < server-timing: cfL4;desc="?proto=TCP&rtt=25092&min_rtt=24937&rtt_var=9662&sent=4&recv=6&lost=0&retrans=0&sent_bytes=219&recv_bytes=1353&delivery_rate=55460&cwnd=250&unsent_bytes=0&cid=3b0713e8ec82c9ac&ts=573&x=0"
{
  "error": "user not found"
}


20:00:06.736 [main] INFO com.intuit.karate -- [print] Calling login API v?i email: brute.force@test.com password: wrongpass5 
20:00:06.736 [main] INFO com.intuit.karate -- [print] Response status: 400 body: {
  "error": "user not found"
}
 
20:00:06.736 [main] INFO com.intuit.karate -- STATUS MISMATCH - Expected: 429, Actual: 400 
20:00:06.737 [main] INFO com.intuit.karate -- Test Case Data: {
  "email": "brute.force@test.com",
  "password": "wrongpass5",
  "expectedStatus": 429.0,
  "expectedResult": "Too many login attempts",
  "testDescription": "TC: V??t quá s? l?n th? - l?n 5",
  "responseStatus": "",
  "result": ""
}
 
20:00:06.737 [main] INFO com.intuit.karate -- Expected Status: 429.0 
20:00:06.737 [main] INFO com.intuit.karate -- Expected Result: Too many login attempts 
20:00:06.737 [main] INFO com.intuit.karate -- Actual Status: 400 
20:00:06.737 [main] INFO com.intuit.karate -- Is Expected Status: false 
20:00:06.737 [main] INFO com.intuit.karate -- Test case #19 - Status: 400, Result: {"error":"user not found"} 
20:00:06.738 [main] DEBUG com.intuit.karate.core.ScenarioEngine -- over-writing existing variable 'testResults' with new value: results
20:00:06.739 [main] INFO com.intuit.karate -- [print] Hoàn thành t?t c? test cases. ?ang ghi k?t qu? vào Excel... 
20:00:06.916 [main] INFO com.intuit.karate -- ?ã ghi k?t qu? vào Excel thành công! 
20:00:06.920 [main] DEBUG com.jayway.jsonpath.internal.path.CompiledPath -- Evaluating path: $
20:00:06.920 [main] DEBUG com.jayway.jsonpath.internal.path.CompiledPath -- Evaluating path: $
20:00:06.920 [main] DEBUG com.jayway.jsonpath.internal.path.CompiledPath -- Evaluating path: $
20:00:06.921 [main] DEBUG com.jayway.jsonpath.internal.path.CompiledPath -- Evaluating path: $
20:00:06.921 [main] DEBUG com.jayway.jsonpath.internal.path.CompiledPath -- Evaluating path: $
20:00:06.921 [main] DEBUG com.jayway.jsonpath.internal.path.CompiledPath -- Evaluating path: $
20:00:06.921 [main] DEBUG com.jayway.jsonpath.internal.path.CompiledPath -- Evaluating path: $
20:00:06.921 [main] DEBUG com.jayway.jsonpath.internal.path.CompiledPath -- Evaluating path: $
20:00:06.921 [main] DEBUG com.jayway.jsonpath.internal.path.CompiledPath -- Evaluating path: $
20:00:06.921 [main] DEBUG com.jayway.jsonpath.internal.path.CompiledPath -- Evaluating path: $
20:00:06.922 [main] DEBUG com.jayway.jsonpath.internal.path.CompiledPath -- Evaluating path: $
20:00:06.922 [main] DEBUG com.jayway.jsonpath.internal.path.CompiledPath -- Evaluating path: $
20:00:06.922 [main] DEBUG com.jayway.jsonpath.internal.path.CompiledPath -- Evaluating path: $
20:00:06.922 [main] DEBUG com.jayway.jsonpath.internal.path.CompiledPath -- Evaluating path: $
20:00:06.922 [main] DEBUG com.jayway.jsonpath.internal.path.CompiledPath -- Evaluating path: $
20:00:06.922 [main] DEBUG com.jayway.jsonpath.internal.path.CompiledPath -- Evaluating path: $
20:00:06.923 [main] DEBUG com.jayway.jsonpath.internal.path.CompiledPath -- Evaluating path: $
20:00:06.923 [main] DEBUG com.jayway.jsonpath.internal.path.CompiledPath -- Evaluating path: $
20:00:06.923 [main] DEBUG com.jayway.jsonpath.internal.path.CompiledPath -- Evaluating path: $
20:00:06.936 [main] DEBUG com.jayway.jsonpath.internal.path.CompiledPath -- Evaluating path: $
20:00:06.936 [main] DEBUG com.jayway.jsonpath.internal.path.CompiledPath -- Evaluating path: $
20:00:06.936 [main] DEBUG com.jayway.jsonpath.internal.path.CompiledPath -- Evaluating path: $
20:00:06.936 [main] DEBUG com.jayway.jsonpath.internal.path.CompiledPath -- Evaluating path: $
20:00:06.937 [main] DEBUG com.jayway.jsonpath.internal.path.CompiledPath -- Evaluating path: $
20:00:06.937 [main] DEBUG com.jayway.jsonpath.internal.path.CompiledPath -- Evaluating path: $
20:00:06.937 [main] DEBUG com.jayway.jsonpath.internal.path.CompiledPath -- Evaluating path: $
20:00:06.937 [main] DEBUG com.jayway.jsonpath.internal.path.CompiledPath -- Evaluating path: $
20:00:06.937 [main] DEBUG com.jayway.jsonpath.internal.path.CompiledPath -- Evaluating path: $
20:00:06.937 [main] DEBUG com.jayway.jsonpath.internal.path.CompiledPath -- Evaluating path: $
20:00:06.937 [main] DEBUG com.jayway.jsonpath.internal.path.CompiledPath -- Evaluating path: $
20:00:06.937 [main] DEBUG com.jayway.jsonpath.internal.path.CompiledPath -- Evaluating path: $
20:00:06.937 [main] DEBUG com.jayway.jsonpath.internal.path.CompiledPath -- Evaluating path: $
20:00:06.937 [main] DEBUG com.jayway.jsonpath.internal.path.CompiledPath -- Evaluating path: $
20:00:06.937 [main] DEBUG com.jayway.jsonpath.internal.path.CompiledPath -- Evaluating path: $
20:00:06.937 [main] DEBUG com.jayway.jsonpath.internal.path.CompiledPath -- Evaluating path: $
20:00:06.937 [main] DEBUG com.jayway.jsonpath.internal.path.CompiledPath -- Evaluating path: $
20:00:06.938 [main] DEBUG com.jayway.jsonpath.internal.path.CompiledPath -- Evaluating path: $
20:00:06.938 [main] DEBUG com.jayway.jsonpath.internal.path.CompiledPath -- Evaluating path: $
20:00:06.971 [main] DEBUG org.thymeleaf.TemplateEngine -- [THYMELEAF] INITIALIZING TEMPLATE ENGINE
20:00:07.105 [main] DEBUG org.thymeleaf.TemplateEngine.CONFIG -- Initializing Thymeleaf Template engine configuration...
[THYMELEAF] TEMPLATE ENGINE CONFIGURATION:
[THYMELEAF] * Thymeleaf version: 3.1.2.RELEASE (built 2023-07-30T19:25:50+0000)
[THYMELEAF] * Cache Manager implementation: org.thymeleaf.cache.StandardCacheManager
[THYMELEAF] * Template resolvers:
[THYMELEAF]     * [1] com.intuit.karate.template.ResourceHtmlTemplateResolver
[THYMELEAF] * Message resolvers:
[THYMELEAF]     * org.thymeleaf.messageresolver.StandardMessageResolver
[THYMELEAF] * Link builders:
[THYMELEAF]     * org.thymeleaf.linkbuilder.StandardLinkBuilder
[THYMELEAF] * Dialect [1 of 2]: Standard (com.intuit.karate.template.KarateStandardDialect)
[THYMELEAF]     * Prefix: "th"
[THYMELEAF]     * Processors for Template Mode: HTML
[THYMELEAF]         * Element Tag Processors by [matching element and attribute name] [precedence]:
[THYMELEAF]             * [* {th:include,data-th-include}] [100]: org.thymeleaf.standard.processor.StandardIncludeTagProcessor
[THYMELEAF]             * [* {th:insert,data-th-insert}] [100]: org.thymeleaf.standard.processor.StandardInsertTagProcessor
[THYMELEAF]             * [* {th:replace,data-th-replace}] [100]: org.thymeleaf.standard.processor.StandardReplaceTagProcessor
[THYMELEAF]             * [* {th:each,data-th-each}] [200]: com.intuit.karate.template.KarateEachTagProcessor
[THYMELEAF]             * [* {th:switch,data-th-switch}] [250]: org.thymeleaf.standard.processor.StandardSwitchTagProcessor
[THYMELEAF]             * [* {th:case,data-th-case}] [275]: org.thymeleaf.standard.processor.StandardCaseTagProcessor
[THYMELEAF]             * [* {th:if,data-th-if}] [300]: org.thymeleaf.standard.processor.StandardIfTagProcessor
[THYMELEAF]             * [* {th:unless,data-th-unless}] [400]: org.thymeleaf.standard.processor.StandardUnlessTagProcessor
[THYMELEAF]             * [* {th:object,data-th-object}] [500]: org.thymeleaf.standard.processor.StandardObjectTagProcessor
[THYMELEAF]             * [* {th:with,data-th-with}] [600]: com.intuit.karate.template.KarateWithTagProcessor
[THYMELEAF]             * [* {th:attr,data-th-attr}] [700]: com.intuit.karate.template.KarateAttributeTagProcessor.KarateAttrTagProcessor
[THYMELEAF]             * [* {th:attrappend,data-th-attrappend}] [900]: com.intuit.karate.template.KarateAttributeTagProcessor.KarateAttrappendTagProcessor
[THYMELEAF]             * [* {th:attrprepend,data-th-attrprepend}] [900]: com.intuit.karate.template.KarateAttributeTagProcessor.KarateAttrprependTagProcessor
[THYMELEAF]             * [* {th:alt-title,data-th-alt-title}] [990]: org.thymeleaf.standard.processor.StandardAltTitleTagProcessor
[THYMELEAF]             * [* {th:lang-xmllang,data-th-lang-xmllang}] [990]: org.thymeleaf.standard.processor.StandardLangXmlLangTagProcessor
[THYMELEAF]             * [* {th:action,data-th-action}] [1000]: org.thymeleaf.standard.processor.StandardActionTagProcessor
[THYMELEAF]             * [* {th:autofocus,data-th-autofocus}] [1000]: org.thymeleaf.standard.processor.StandardConditionalFixedValueTagProcessor
[THYMELEAF]             * [* {th:hidden,data-th-hidden}] [1000]: org.thymeleaf.standard.processor.StandardConditionalFixedValueTagProcessor
[THYMELEAF]             * [* {th:autoplay,data-th-autoplay}] [1000]: org.thymeleaf.standard.processor.StandardConditionalFixedValueTagProcessor
[THYMELEAF]             * [* {th:checked,data-th-checked}] [1000]: org.thymeleaf.standard.processor.StandardConditionalFixedValueTagProcessor
[THYMELEAF]             * [* {th:nowrap,data-th-nowrap}] [1000]: org.thymeleaf.standard.processor.StandardConditionalFixedValueTagProcessor
[THYMELEAF]             * [* {th:pubdate,data-th-pubdate}] [1000]: org.thymeleaf.standard.processor.StandardConditionalFixedValueTagProcessor
[THYMELEAF]             * [* {th:open,data-th-open}] [1000]: org.thymeleaf.standard.processor.StandardConditionalFixedValueTagProcessor
[THYMELEAF]             * [* {th:default,data-th-default}] [1000]: org.thymeleaf.standard.processor.StandardConditionalFixedValueTagProcessor
[THYMELEAF]             * [* {th:novalidate,data-th-novalidate}] [1000]: org.thymeleaf.standard.processor.StandardConditionalFixedValueTagProcessor
[THYMELEAF]             * [* {th:controls,data-th-controls}] [1000]: org.thymeleaf.standard.processor.StandardConditionalFixedValueTagProcessor
[THYMELEAF]             * [* {th:reversed,data-th-reversed}] [1000]: org.thymeleaf.standard.processor.StandardConditionalFixedValueTagProcessor
[THYMELEAF]             * [* {th:async,data-th-async}] [1000]: org.thymeleaf.standard.processor.StandardConditionalFixedValueTagProcessor
[THYMELEAF]             * [* {th:declare,data-th-declare}] [1000]: org.thymeleaf.standard.processor.StandardConditionalFixedValueTagProcessor
[THYMELEAF]             * [* {th:ismap,data-th-ismap}] [1000]: org.thymeleaf.standard.processor.StandardConditionalFixedValueTagProcessor
[THYMELEAF]             * [* {th:seamless,data-th-seamless}] [1000]: org.thymeleaf.standard.processor.StandardConditionalFixedValueTagProcessor
[THYMELEAF]             * [* {th:multiple,data-th-multiple}] [1000]: org.thymeleaf.standard.processor.StandardConditionalFixedValueTagProcessor
[THYMELEAF]             * [* {th:readonly,data-th-readonly}] [1000]: org.thymeleaf.standard.processor.StandardConditionalFixedValueTagProcessor
[THYMELEAF]             * [* {th:defer,data-th-defer}] [1000]: org.thymeleaf.standard.processor.StandardConditionalFixedValueTagProcessor
[THYMELEAF]             * [* {th:disabled,data-th-disabled}] [1000]: org.thymeleaf.standard.processor.StandardConditionalFixedValueTagProcessor
[THYMELEAF]             * [* {th:selected,data-th-selected}] [1000]: org.thymeleaf.standard.processor.StandardConditionalFixedValueTagProcessor
[THYMELEAF]             * [* {th:scoped,data-th-scoped}] [1000]: org.thymeleaf.standard.processor.StandardConditionalFixedValueTagProcessor
[THYMELEAF]             * [* {th:required,data-th-required}] [1000]: org.thymeleaf.standard.processor.StandardConditionalFixedValueTagProcessor
[THYMELEAF]             * [* {th:formnovalidate,data-th-formnovalidate}] [1000]: org.thymeleaf.standard.processor.StandardConditionalFixedValueTagProcessor
[THYMELEAF]             * [* {th:loop,data-th-loop}] [1000]: org.thymeleaf.standard.processor.StandardConditionalFixedValueTagProcessor
[THYMELEAF]             * [* {th:ondragover,data-th-ondragover}] [1000]: org.thymeleaf.standard.processor.StandardDOMEventAttributeTagProcessor
[THYMELEAF]             * [* {th:onwaiting,data-th-onwaiting}] [1000]: org.thymeleaf.standard.processor.StandardDOMEventAttributeTagProcessor
[THYMELEAF]             * [* {th:oninput,data-th-oninput}] [1000]: org.thymeleaf.standard.processor.StandardDOMEventAttributeTagProcessor
[THYMELEAF]             * [* {th:ondragenter,data-th-ondragenter}] [1000]: org.thymeleaf.standard.processor.StandardDOMEventAttributeTagProcessor
[THYMELEAF]             * [* {th:onmessage,data-th-onmessage}] [1000]: org.thymeleaf.standard.processor.StandardDOMEventAttributeTagProcessor
[THYMELEAF]             * [* {th:onshow,data-th-onshow}] [1000]: org.thymeleaf.standard.processor.StandardDOMEventAttributeTagProcessor
[THYMELEAF]             * [* {th:ontimeupdate,data-th-ontimeupdate}] [1000]: org.thymeleaf.standard.processor.StandardDOMEventAttributeTagProcessor
[THYMELEAF]             * [* {th:onselect,data-th-onselect}] [1000]: org.thymeleaf.standard.processor.StandardDOMEventAttributeTagProcessor
[THYMELEAF]             * [* {th:onloadstart,data-th-onloadstart}] [1000]: org.thymeleaf.standard.processor.StandardDOMEventAttributeTagProcessor
[THYMELEAF]             * [* {th:onkeydown,data-th-onkeydown}] [1000]: org.thymeleaf.standard.processor.StandardDOMEventAttributeTagProcessor
[THYMELEAF]             * [* {th:onloadeddata,data-th-onloadeddata}] [1000]: org.thymeleaf.standard.processor.StandardDOMEventAttributeTagProcessor
[THYMELEAF]             * [* {th:onpopstate,data-th-onpopstate}] [1000]: org.thymeleaf.standard.processor.StandardDOMEventAttributeTagProcessor
[THYMELEAF]             * [* {th:onmouseover,data-th-onmouseover}] [1000]: org.thymeleaf.standard.processor.StandardDOMEventAttributeTagProcessor
[THYMELEAF]             * [* {th:ondragleave,data-th-ondragleave}] [1000]: org.thymeleaf.standard.processor.StandardDOMEventAttributeTagProcessor
[THYMELEAF]             * [* {th:onafterprint,data-th-onafterprint}] [1000]: org.thymeleaf.standard.processor.StandardDOMEventAttributeTagProcessor
[THYMELEAF]             * [* {th:onvolumechange,data-th-onvolumechange}] [1000]: org.thymeleaf.standard.processor.StandardDOMEventAttributeTagProcessor
[THYMELEAF]             * [* {th:onseeked,data-th-onseeked}] [1000]: org.thymeleaf.standard.processor.StandardDOMEventAttributeTagProcessor
[THYMELEAF]             * [* {th:ondurationchange,data-th-ondurationchange}] [1000]: org.thymeleaf.standard.processor.StandardDOMEventAttributeTagProcessor
[THYMELEAF]             * [* {th:onreadystatechange,data-th-onreadystatechange}] [1000]: org.thymeleaf.standard.processor.StandardDOMEventAttributeTagProcessor
[THYMELEAF]             * [* {th:onsuspend,data-th-onsuspend}] [1000]: org.thymeleaf.standard.processor.StandardDOMEventAttributeTagProcessor
[THYMELEAF]             * [* {th:onforminput,data-th-onforminput}] [1000]: org.thymeleaf.standard.processor.StandardDOMEventAttributeTagProcessor
[THYMELEAF]             * [* {th:onended,data-th-onended}] [1000]: org.thymeleaf.standard.processor.StandardDOMEventAttributeTagProcessor
[THYMELEAF]             * [* {th:onplay,data-th-onplay}] [1000]: org.thymeleaf.standard.processor.StandardDOMEventAttributeTagProcessor
[THYMELEAF]             * [* {th:onchange,data-th-onchange}] [1000]: org.thymeleaf.standard.processor.StandardDOMEventAttributeTagProcessor
[THYMELEAF]             * [* {th:onredo,data-th-onredo}] [1000]: org.thymeleaf.standard.processor.StandardDOMEventAttributeTagProcessor
[THYMELEAF]             * [* {th:onoffline,data-th-onoffline}] [1000]: org.thymeleaf.standard.processor.StandardDOMEventAttributeTagProcessor
[THYMELEAF]             * [* {th:onfocus,data-th-onfocus}] [1000]: org.thymeleaf.standard.processor.StandardDOMEventAttributeTagProcessor
[THYMELEAF]             * [* {th:onscroll,data-th-onscroll}] [1000]: org.thymeleaf.standard.processor.StandardDOMEventAttributeTagProcessor
[THYMELEAF]             * [* {th:onratechange,data-th-onratechange}] [1000]: org.thymeleaf.standard.processor.StandardDOMEventAttributeTagProcessor
[THYMELEAF]             * [* {th:ondrag,data-th-ondrag}] [1000]: org.thymeleaf.standard.processor.StandardDOMEventAttributeTagProcessor
[THYMELEAF]             * [* {th:onemptied,data-th-onemptied}] [1000]: org.thymeleaf.standard.processor.StandardDOMEventAttributeTagProcessor
[THYMELEAF]             * [* {th:onkeypress,data-th-onkeypress}] [1000]: org.thymeleaf.standard.processor.StandardDOMEventAttributeTagProcessor
[THYMELEAF]             * [* {th:onmousemove,data-th-onmousemove}] [1000]: org.thymeleaf.standard.processor.StandardDOMEventAttributeTagProcessor
[THYMELEAF]             * [* {th:onstalled,data-th-onstalled}] [1000]: org.thymeleaf.standard.processor.StandardDOMEventAttributeTagProcessor
[THYMELEAF]             * [* {th:onstorage,data-th-onstorage}] [1000]: org.thymeleaf.standard.processor.StandardDOMEventAttributeTagProcessor
[THYMELEAF]             * [* {th:onmouseout,data-th-onmouseout}] [1000]: org.thymeleaf.standard.processor.StandardDOMEventAttributeTagProcessor
[THYMELEAF]             * [* {th:onclick,data-th-onclick}] [1000]: org.thymeleaf.standard.processor.StandardDOMEventAttributeTagProcessor
[THYMELEAF]             * [* {th:onabort,data-th-onabort}] [1000]: org.thymeleaf.standard.processor.StandardDOMEventAttributeTagProcessor
[THYMELEAF]             * [* {th:onplaying,data-th-onplaying}] [1000]: org.thymeleaf.standard.processor.StandardDOMEventAttributeTagProcessor
[THYMELEAF]             * [* {th:ondragstart,data-th-ondragstart}] [1000]: org.thymeleaf.standard.processor.StandardDOMEventAttributeTagProcessor
[THYMELEAF]             * [* {th:onmouseup,data-th-onmouseup}] [1000]: org.thymeleaf.standard.processor.StandardDOMEventAttributeTagProcessor
[THYMELEAF]             * [* {th:onresize,data-th-onresize}] [1000]: org.thymeleaf.standard.processor.StandardDOMEventAttributeTagProcessor
[THYMELEAF]             * [* {th:onmousedown,data-th-onmousedown}] [1000]: org.thymeleaf.standard.processor.StandardDOMEventAttributeTagProcessor
[THYMELEAF]             * [* {th:onhashchange,data-th-onhashchange}] [1000]: org.thymeleaf.standard.processor.StandardDOMEventAttributeTagProcessor
[THYMELEAF]             * [* {th:onerror,data-th-onerror}] [1000]: org.thymeleaf.standard.processor.StandardDOMEventAttributeTagProcessor
[THYMELEAF]             * [* {th:onseeking,data-th-onseeking}] [1000]: org.thymeleaf.standard.processor.StandardDOMEventAttributeTagProcessor
[THYMELEAF]             * [* {th:oninvalid,data-th-oninvalid}] [1000]: org.thymeleaf.standard.processor.StandardDOMEventAttributeTagProcessor
[THYMELEAF]             * [* {th:ononline,data-th-ononline}] [1000]: org.thymeleaf.standard.processor.StandardDOMEventAttributeTagProcessor
[THYMELEAF]             * [* {th:onload,data-th-onload}] [1000]: org.thymeleaf.standard.processor.StandardDOMEventAttributeTagProcessor
[THYMELEAF]             * [* {th:onloadedmetadata,data-th-onloadedmetadata}] [1000]: org.thymeleaf.standard.processor.StandardDOMEventAttributeTagProcessor
[THYMELEAF]             * [* {th:onkeyup,data-th-onkeyup}] [1000]: org.thymeleaf.standard.processor.StandardDOMEventAttributeTagProcessor
[THYMELEAF]             * [* {th:onundo,data-th-onundo}] [1000]: org.thymeleaf.standard.processor.StandardDOMEventAttributeTagProcessor
[THYMELEAF]             * [* {th:onsubmit,data-th-onsubmit}] [1000]: org.thymeleaf.standard.processor.StandardDOMEventAttributeTagProcessor
[THYMELEAF]             * [* {th:ondblclick,data-th-ondblclick}] [1000]: org.thymeleaf.standard.processor.StandardDOMEventAttributeTagProcessor
[THYMELEAF]             * [* {th:oncanplaythrough,data-th-oncanplaythrough}] [1000]: org.thymeleaf.standard.processor.StandardDOMEventAttributeTagProcessor
[THYMELEAF]             * [* {th:ondrop,data-th-ondrop}] [1000]: org.thymeleaf.standard.processor.StandardDOMEventAttributeTagProcessor
[THYMELEAF]             * [* {th:oncontextmenu,data-th-oncontextmenu}] [1000]: org.thymeleaf.standard.processor.StandardDOMEventAttributeTagProcessor
[THYMELEAF]             * [* {th:onprogress,data-th-onprogress}] [1000]: org.thymeleaf.standard.processor.StandardDOMEventAttributeTagProcessor
[THYMELEAF]             * [* {th:onreset,data-th-onreset}] [1000]: org.thymeleaf.standard.processor.StandardDOMEventAttributeTagProcessor
[THYMELEAF]             * [* {th:onmousewheel,data-th-onmousewheel}] [1000]: org.thymeleaf.standard.processor.StandardDOMEventAttributeTagProcessor
[THYMELEAF]             * [* {th:onunload,data-th-onunload}] [1000]: org.thymeleaf.standard.processor.StandardDOMEventAttributeTagProcessor
[THYMELEAF]             * [* {th:onbeforeprint,data-th-onbeforeprint}] [1000]: org.thymeleaf.standard.processor.StandardDOMEventAttributeTagProcessor
[THYMELEAF]             * [* {th:onblur,data-th-onblur}] [1000]: org.thymeleaf.standard.processor.StandardDOMEventAttributeTagProcessor
[THYMELEAF]             * [* {th:ondragend,data-th-ondragend}] [1000]: org.thymeleaf.standard.processor.StandardDOMEventAttributeTagProcessor
[THYMELEAF]             * [* {th:onpause,data-th-onpause}] [1000]: org.thymeleaf.standard.processor.StandardDOMEventAttributeTagProcessor
[THYMELEAF]             * [* {th:onformchange,data-th-onformchange}] [1000]: org.thymeleaf.standard.processor.StandardDOMEventAttributeTagProcessor
[THYMELEAF]             * [* {th:oncanplay,data-th-oncanplay}] [1000]: org.thymeleaf.standard.processor.StandardDOMEventAttributeTagProcessor
[THYMELEAF]             * [* {th:onbeforeunload,data-th-onbeforeunload}] [1000]: org.thymeleaf.standard.processor.StandardDOMEventAttributeTagProcessor
[THYMELEAF]             * [* {th:href,data-th-href}] [1000]: org.thymeleaf.standard.processor.StandardHrefTagProcessor
[THYMELEAF]             * [* {th:inline,data-th-inline}] [1000]: org.thymeleaf.standard.processor.StandardInlineHTMLTagProcessor
[THYMELEAF]             * [* {th:method,data-th-method}] [1000]: org.thymeleaf.standard.processor.StandardMethodTagProcessor
[THYMELEAF]             * [* {th:name,data-th-name}] [1000]: org.thymeleaf.standard.processor.StandardNonRemovableAttributeTagProcessor
[THYMELEAF]             * [* {th:type,data-th-type}] [1000]: org.thymeleaf.standard.processor.StandardNonRemovableAttributeTagProcessor
[THYMELEAF]             * [* {th:headers,data-th-headers}] [1000]: org.thymeleaf.standard.processor.StandardRemovableAttributeTagProcessor
[THYMELEAF]             * [* {th:accept,data-th-accept}] [1000]: org.thymeleaf.standard.processor.StandardRemovableAttributeTagProcessor
[THYMELEAF]             * [* {th:longdesc,data-th-longdesc}] [1000]: org.thymeleaf.standard.processor.StandardRemovableAttributeTagProcessor
[THYMELEAF]             * [* {th:marginheight,data-th-marginheight}] [1000]: org.thymeleaf.standard.processor.StandardRemovableAttributeTagProcessor
[THYMELEAF]             * [* {th:label,data-th-label}] [1000]: org.thymeleaf.standard.processor.StandardRemovableAttributeTagProcessor
[THYMELEAF]             * [* {th:colspan,data-th-colspan}] [1000]: org.thymeleaf.standard.processor.StandardRemovableAttributeTagProcessor
[THYMELEAF]             * [* {th:archive,data-th-archive}] [1000]: org.thymeleaf.standard.processor.StandardRemovableAttributeTagProcessor
[THYMELEAF]             * [* {th:scrolling,data-th-scrolling}] [1000]: org.thymeleaf.standard.processor.StandardRemovableAttributeTagProcessor
[THYMELEAF]             * [* {th:hspace,data-th-hspace}] [1000]: org.thymeleaf.standard.processor.StandardRemovableAttributeTagProcessor
[THYMELEAF]             * [* {th:rowspan,data-th-rowspan}] [1000]: org.thymeleaf.standard.processor.StandardRemovableAttributeTagProcessor
[THYMELEAF]             * [* {th:rel,data-th-rel}] [1000]: org.thymeleaf.standard.processor.StandardRemovableAttributeTagProcessor
[THYMELEAF]             * [* {th:id,data-th-id}] [1000]: org.thymeleaf.standard.processor.StandardRemovableAttributeTagProcessor
[THYMELEAF]             * [* {th:datetime,data-th-datetime}] [1000]: org.thymeleaf.standard.processor.StandardRemovableAttributeTagProcessor
[THYMELEAF]             * [* {th:high,data-th-high}] [1000]: org.thymeleaf.standard.processor.StandardRemovableAttributeTagProcessor
[THYMELEAF]             * [* {th:span,data-th-span}] [1000]: org.thymeleaf.standard.processor.StandardRemovableAttributeTagProcessor
[THYMELEAF]             * [* {th:min,data-th-min}] [1000]: org.thymeleaf.standard.processor.StandardRemovableAttributeTagProcessor
[THYMELEAF]             * [* {th:draggable,data-th-draggable}] [1000]: org.thymeleaf.standard.processor.StandardRemovableAttributeTagProcessor
[THYMELEAF]             * [* {th:manifest,data-th-manifest}] [1000]: org.thymeleaf.standard.processor.StandardRemovableAttributeTagProcessor
[THYMELEAF]             * [* {th:rules,data-th-rules}] [1000]: org.thymeleaf.standard.processor.StandardRemovableAttributeTagProcessor
[THYMELEAF]             * [* {th:bgcolor,data-th-bgcolor}] [1000]: org.thymeleaf.standard.processor.StandardRemovableAttributeTagProcessor
[THYMELEAF]             * [* {th:axis,data-th-axis}] [1000]: org.thymeleaf.standard.processor.StandardRemovableAttributeTagProcessor
[THYMELEAF]             * [* {th:title,data-th-title}] [1000]: org.thymeleaf.standard.processor.StandardRemovableAttributeTagProcessor
[THYMELEAF]             * [* {th:keytype,data-th-keytype}] [1000]: org.thymeleaf.standard.processor.StandardRemovableAttributeTagProcessor
[THYMELEAF]             * [* {th:width,data-th-width}] [1000]: org.thymeleaf.standard.processor.StandardRemovableAttributeTagProcessor
[THYMELEAF]             * [* {th:sandbox,data-th-sandbox}] [1000]: org.thymeleaf.standard.processor.StandardRemovableAttributeTagProcessor
[THYMELEAF]             * [* {th:icon,data-th-icon}] [1000]: org.thymeleaf.standard.processor.StandardRemovableAttributeTagProcessor
[THYMELEAF]             * [* {th:rows,data-th-rows}] [1000]: org.thymeleaf.standard.processor.StandardRemovableAttributeTagProcessor
[THYMELEAF]             * [* {th:sizes,data-th-sizes}] [1000]: org.thymeleaf.standard.processor.StandardRemovableAttributeTagProcessor
[THYMELEAF]             * [* {th:max,data-th-max}] [1000]: org.thymeleaf.standard.processor.StandardRemovableAttributeTagProcessor
[THYMELEAF]             * [* {th:lang,data-th-lang}] [1000]: org.thymeleaf.standard.processor.StandardRemovableAttributeTagProcessor
[THYMELEAF]             * [* {th:radiogroup,data-th-radiogroup}] [1000]: org.thymeleaf.standard.processor.StandardRemovableAttributeTagProcessor
[THYMELEAF]             * [* {th:kind,data-th-kind}] [1000]: org.thymeleaf.standard.processor.StandardRemovableAttributeTagProcessor
[THYMELEAF]             * [* {th:contenteditable,data-th-contenteditable}] [1000]: org.thymeleaf.standard.processor.StandardRemovableAttributeTagProcessor
[THYMELEAF]             * [* {th:formenctype,data-th-formenctype}] [1000]: org.thymeleaf.standard.processor.StandardRemovableAttributeTagProcessor
[THYMELEAF]             * [* {th:marginwidth,data-th-marginwidth}] [1000]: org.thymeleaf.standard.processor.StandardRemovableAttributeTagProcessor
[THYMELEAF]             * [* {th:cols,data-th-cols}] [1000]: org.thymeleaf.standard.processor.StandardRemovableAttributeTagProcessor
[THYMELEAF]             * [* {th:height,data-th-height}] [1000]: org.thymeleaf.standard.processor.StandardRemovableAttributeTagProcessor
[THYMELEAF]             * [* {th:http-equiv,data-th-http-equiv}] [1000]: org.thymeleaf.standard.processor.StandardRemovableAttributeTagProcessor
[THYMELEAF]             * [* {th:dropzone,data-th-dropzone}] [1000]: org.thymeleaf.standard.processor.StandardRemovableAttributeTagProcessor
[THYMELEAF]             * [* {th:compact,data-th-compact}] [1000]: org.thymeleaf.standard.processor.StandardRemovableAttributeTagProcessor
[THYMELEAF]             * [* {th:formtarget,data-th-formtarget}] [1000]: org.thymeleaf.standard.processor.StandardRemovableAttributeTagProcessor
[THYMELEAF]             * [* {th:form,data-th-form}] [1000]: org.thymeleaf.standard.processor.StandardRemovableAttributeTagProcessor
[THYMELEAF]             * [* {th:challenge,data-th-challenge}] [1000]: org.thymeleaf.standard.processor.StandardRemovableAttributeTagProcessor
[THYMELEAF]             * [* {th:maxlength,data-th-maxlength}] [1000]: org.thymeleaf.standard.processor.StandardRemovableAttributeTagProcessor
[THYMELEAF]             * [* {th:codetype,data-th-codetype}] [1000]: org.thymeleaf.standard.processor.StandardRemovableAttributeTagProcessor
[THYMELEAF]             * [* {th:start,data-th-start}] [1000]: org.thymeleaf.standard.processor.StandardRemovableAttributeTagProcessor
[THYMELEAF]             * [* {th:scheme,data-th-scheme}] [1000]: org.thymeleaf.standard.processor.StandardRemovableAttributeTagProcessor
[THYMELEAF]             * [* {th:for,data-th-for}] [1000]: org.thymeleaf.standard.processor.StandardRemovableAttributeTagProcessor
[THYMELEAF]             * [* {th:style,data-th-style}] [1000]: org.thymeleaf.standard.processor.StandardRemovableAttributeTagProcessor
[THYMELEAF]             * [* {th:placeholder,data-th-placeholder}] [1000]: org.thymeleaf.standard.processor.StandardRemovableAttributeTagProcessor
[THYMELEAF]             * [* {th:accesskey,data-th-accesskey}] [1000]: org.thymeleaf.standard.processor.StandardRemovableAttributeTagProcessor
[THYMELEAF]             * [* {th:abbr,data-th-abbr}] [1000]: org.thymeleaf.standard.processor.StandardRemovableAttributeTagProcessor
[THYMELEAF]             * [* {th:vspace,data-th-vspace}] [1000]: org.thymeleaf.standard.processor.StandardRemovableAttributeTagProcessor
[THYMELEAF]             * [* {th:summary,data-th-summary}] [1000]: org.thymeleaf.standard.processor.StandardRemovableAttributeTagProcessor
[THYMELEAF]             * [* {th:class,data-th-class}] [1000]: org.thymeleaf.standard.processor.StandardRemovableAttributeTagProcessor
[THYMELEAF]             * [* {th:cite,data-th-cite}] [1000]: org.thymeleaf.standard.processor.StandardRemovableAttributeTagProcessor
[THYMELEAF]             * [* {th:hreflang,data-th-hreflang}] [1000]: org.thymeleaf.standard.processor.StandardRemovableAttributeTagProcessor
[THYMELEAF]             * [* {th:scope,data-th-scope}] [1000]: org.thymeleaf.standard.processor.StandardRemovableAttributeTagProcessor
[THYMELEAF]             * [* {th:cellspacing,data-th-cellspacing}] [1000]: org.thymeleaf.standard.processor.StandardRemovableAttributeTagProcessor
[THYMELEAF]             * [* {th:classid,data-th-classid}] [1000]: org.thymeleaf.standard.processor.StandardRemovableAttributeTagProcessor
[THYMELEAF]             * [* {th:cellpadding,data-th-cellpadding}] [1000]: org.thymeleaf.standard.processor.StandardRemovableAttributeTagProcessor
[THYMELEAF]             * [* {th:data,data-th-data}] [1000]: org.thymeleaf.standard.processor.StandardRemovableAttributeTagProcessor
[THYMELEAF]             * [* {th:charset,data-th-charset}] [1000]: org.thymeleaf.standard.processor.StandardRemovableAttributeTagProcessor
[THYMELEAF]             * [* {th:accept-charset,data-th-accept-charset}] [1000]: org.thymeleaf.standard.processor.StandardRemovableAttributeTagProcessor
[THYMELEAF]             * [* {th:contextmenu,data-th-contextmenu}] [1000]: org.thymeleaf.standard.processor.StandardRemovableAttributeTagProcessor
[THYMELEAF]             * [* {th:content,data-th-content}] [1000]: org.thymeleaf.standard.processor.StandardRemovableAttributeTagProcessor
[THYMELEAF]             * [* {th:pattern,data-th-pattern}] [1000]: org.thymeleaf.standard.processor.StandardRemovableAttributeTagProcessor
[THYMELEAF]             * [* {th:srclang,data-th-srclang}] [1000]: org.thymeleaf.standard.processor.StandardRemovableAttributeTagProcessor
[THYMELEAF]             * [* {th:align,data-th-align}] [1000]: org.thymeleaf.standard.processor.StandardRemovableAttributeTagProcessor
[THYMELEAF]             * [* {th:audio,data-th-audio}] [1000]: org.thymeleaf.standard.processor.StandardRemovableAttributeTagProcessor
[THYMELEAF]             * [* {th:formaction,data-th-formaction}] [1000]: org.thymeleaf.standard.processor.StandardRemovableAttributeTagProcessor
[THYMELEAF]             * [* {th:preload,data-th-preload}] [1000]: org.thymeleaf.standard.processor.StandardRemovableAttributeTagProcessor
[THYMELEAF]             * [* {th:enctype,data-th-enctype}] [1000]: org.thymeleaf.standard.processor.StandardRemovableAttributeTagProcessor
[THYMELEAF]             * [* {th:alt,data-th-alt}] [1000]: org.thymeleaf.standard.processor.StandardRemovableAttributeTagProcessor
[THYMELEAF]             * [* {th:rev,data-th-rev}] [1000]: org.thymeleaf.standard.processor.StandardRemovableAttributeTagProcessor
[THYMELEAF]             * [* {th:usemap,data-th-usemap}] [1000]: org.thymeleaf.standard.processor.StandardRemovableAttributeTagProcessor
[THYMELEAF]             * [* {th:size,data-th-size}] [1000]: org.thymeleaf.standard.processor.StandardRemovableAttributeTagProcessor
[THYMELEAF]             * [* {th:optimum,data-th-optimum}] [1000]: org.thymeleaf.standard.processor.StandardRemovableAttributeTagProcessor
[THYMELEAF]             * [* {th:background,data-th-background}] [1000]: org.thymeleaf.standard.processor.StandardRemovableAttributeTagProcessor
[THYMELEAF]             * [* {th:standby,data-th-standby}] [1000]: org.thymeleaf.standard.processor.StandardRemovableAttributeTagProcessor
[THYMELEAF]             * [* {th:border,data-th-border}] [1000]: org.thymeleaf.standard.processor.StandardRemovableAttributeTagProcessor
[THYMELEAF]             * [* {th:poster,data-th-poster}] [1000]: org.thymeleaf.standard.processor.StandardRemovableAttributeTagProcessor
[THYMELEAF]             * [* {th:target,data-th-target}] [1000]: org.thymeleaf.standard.processor.StandardRemovableAttributeTagProcessor
[THYMELEAF]             * [* {th:formmethod,data-th-formmethod}] [1000]: org.thymeleaf.standard.processor.StandardRemovableAttributeTagProcessor
[THYMELEAF]             * [* {th:low,data-th-low}] [1000]: org.thymeleaf.standard.processor.StandardRemovableAttributeTagProcessor
[THYMELEAF]             * [* {th:frameborder,data-th-frameborder}] [1000]: org.thymeleaf.standard.processor.StandardRemovableAttributeTagProcessor
[THYMELEAF]             * [* {th:list,data-th-list}] [1000]: org.thymeleaf.standard.processor.StandardRemovableAttributeTagProcessor
[THYMELEAF]             * [* {th:autocomplete,data-th-autocomplete}] [1000]: org.thymeleaf.standard.processor.StandardRemovableAttributeTagProcessor
[THYMELEAF]             * [* {th:media,data-th-media}] [1000]: org.thymeleaf.standard.processor.StandardRemovableAttributeTagProcessor
[THYMELEAF]             * [* {th:step,data-th-step}] [1000]: org.thymeleaf.standard.processor.StandardRemovableAttributeTagProcessor
[THYMELEAF]             * [* {th:spellcheck,data-th-spellcheck}] [1000]: org.thymeleaf.standard.processor.StandardRemovableAttributeTagProcessor
[THYMELEAF]             * [* {th:dir,data-th-dir}] [1000]: org.thymeleaf.standard.processor.StandardRemovableAttributeTagProcessor
[THYMELEAF]             * [* {th:valuetype,data-th-valuetype}] [1000]: org.thymeleaf.standard.processor.StandardRemovableAttributeTagProcessor
[THYMELEAF]             * [* {th:frame,data-th-frame}] [1000]: org.thymeleaf.standard.processor.StandardRemovableAttributeTagProcessor
[THYMELEAF]             * [* {th:wrap,data-th-wrap}] [1000]: org.thymeleaf.standard.processor.StandardRemovableAttributeTagProcessor
[THYMELEAF]             * [* {th:tabindex,data-th-tabindex}] [1000]: org.thymeleaf.standard.processor.StandardRemovableAttributeTagProcessor
[THYMELEAF]             * [* {th:codebase,data-th-codebase}] [1000]: org.thymeleaf.standard.processor.StandardRemovableAttributeTagProcessor
[THYMELEAF]             * [* {th:src,data-th-src}] [1000]: org.thymeleaf.standard.processor.StandardSrcTagProcessor
[THYMELEAF]             * [* {th:value,data-th-value}] [1000]: org.thymeleaf.standard.processor.StandardValueTagProcessor
[THYMELEAF]             * [* {th:xmlbase,data-th-xmlbase}] [1000]: org.thymeleaf.standard.processor.StandardXmlBaseTagProcessor
[THYMELEAF]             * [* {th:xmllang,data-th-xmllang}] [1000]: org.thymeleaf.standard.processor.StandardXmlLangTagProcessor
[THYMELEAF]             * [* {xmlns:th}] [1000]: org.thymeleaf.standard.processor.StandardXmlNsTagProcessor
[THYMELEAF]             * [* {th:xmlspace,data-th-xmlspace}] [1000]: org.thymeleaf.standard.processor.StandardXmlSpaceTagProcessor
[THYMELEAF]             * [* {th:classappend,data-th-classappend}] [1100]: org.thymeleaf.standard.processor.StandardClassappendTagProcessor
[THYMELEAF]             * [* {th:styleappend,data-th-styleappend}] [1100]: org.thymeleaf.standard.processor.StandardStyleappendTagProcessor
[THYMELEAF]             * [* {th:text,data-th-text}] [1300]: org.thymeleaf.standard.processor.StandardTextTagProcessor
[THYMELEAF]             * [* {th:utext,data-th-utext}] [1400]: org.thymeleaf.standard.processor.StandardUtextTagProcessor
[THYMELEAF]             * [* {th:fragment,data-th-fragment}] [1500]: org.thymeleaf.standard.processor.StandardFragmentTagProcessor
[THYMELEAF]             * [* {th:assert,data-th-assert}] [1550]: org.thymeleaf.standard.processor.StandardAssertTagProcessor
[THYMELEAF]             * [* {th:remove,data-th-remove}] [1600]: org.thymeleaf.standard.processor.StandardRemoveTagProcessor
[THYMELEAF]             * [* {th:ref,data-th-ref}] [10000]: org.thymeleaf.standard.processor.StandardRefAttributeTagProcessor
[THYMELEAF]             * [{th:block,th-block} *] [100000]: org.thymeleaf.standard.processor.StandardBlockTagProcessor
[THYMELEAF]             * [* th:*] [2147483647]: org.thymeleaf.standard.processor.StandardDefaultAttributesTagProcessor
[THYMELEAF]         * Text Processors by [precedence]:
[THYMELEAF]             * [1000]: org.thymeleaf.standard.processor.StandardInliningTextProcessor
[THYMELEAF]         * DOCTYPE Processors by [precedence]:
[THYMELEAF]             * [1000]: org.thymeleaf.standard.processor.StandardTranslationDocTypeProcessor
[THYMELEAF]         * CDATA Section Processors by [precedence]:
[THYMELEAF]             * [1000]: org.thymeleaf.standard.processor.StandardInliningCDATASectionProcessor
[THYMELEAF]         * Comment Processors by [precedence]:
[THYMELEAF]             * [1000]: org.thymeleaf.standard.processor.StandardInliningCommentProcessor
[THYMELEAF]             * [1100]: org.thymeleaf.standard.processor.StandardConditionalCommentProcessor
[THYMELEAF]     * Processors for Template Mode: XML
[THYMELEAF]         * Element Tag Processors by [matching element and attribute name] [precedence]:
[THYMELEAF]             * [* {th:include}] [100]: org.thymeleaf.standard.processor.StandardIncludeTagProcessor
[THYMELEAF]             * [* {th:insert}] [100]: org.thymeleaf.standard.processor.StandardInsertTagProcessor
[THYMELEAF]             * [* {th:replace}] [100]: org.thymeleaf.standard.processor.StandardReplaceTagProcessor
[THYMELEAF]             * [* {th:each}] [200]: com.intuit.karate.template.KarateEachTagProcessor
[THYMELEAF]             * [* {th:switch}] [250]: org.thymeleaf.standard.processor.StandardSwitchTagProcessor
[THYMELEAF]             * [* {th:case}] [275]: org.thymeleaf.standard.processor.StandardCaseTagProcessor
[THYMELEAF]             * [* {th:if}] [300]: org.thymeleaf.standard.processor.StandardIfTagProcessor
[THYMELEAF]             * [* {th:unless}] [400]: org.thymeleaf.standard.processor.StandardUnlessTagProcessor
[THYMELEAF]             * [* {th:object}] [500]: org.thymeleaf.standard.processor.StandardObjectTagProcessor
[THYMELEAF]             * [* {th:with}] [600]: com.intuit.karate.template.KarateWithTagProcessor
[THYMELEAF]             * [* {th:attr}] [700]: com.intuit.karate.template.KarateAttributeTagProcessor.KarateAttrTagProcessor
[THYMELEAF]             * [* {th:attrappend}] [900]: com.intuit.karate.template.KarateAttributeTagProcessor.KarateAttrappendTagProcessor
[THYMELEAF]             * [* {th:attrprepend}] [900]: com.intuit.karate.template.KarateAttributeTagProcessor.KarateAttrprependTagProcessor
[THYMELEAF]             * [* {th:inline}] [1000]: org.thymeleaf.standard.processor.StandardInlineXMLTagProcessor
[THYMELEAF]             * [* {xmlns:th}] [1000]: org.thymeleaf.standard.processor.StandardXmlNsTagProcessor
[THYMELEAF]             * [* {th:text}] [1300]: org.thymeleaf.standard.processor.StandardTextTagProcessor
[THYMELEAF]             * [* {th:utext}] [1400]: org.thymeleaf.standard.processor.StandardUtextTagProcessor
[THYMELEAF]             * [* {th:fragment}] [1500]: org.thymeleaf.standard.processor.StandardFragmentTagProcessor
[THYMELEAF]             * [* {th:assert}] [1550]: org.thymeleaf.standard.processor.StandardAssertTagProcessor
[THYMELEAF]             * [* {th:remove}] [1600]: org.thymeleaf.standard.processor.StandardRemoveTagProcessor
[THYMELEAF]             * [* {th:ref}] [10000]: org.thymeleaf.standard.processor.StandardRefAttributeTagProcessor
[THYMELEAF]             * [{th:block} *] [100000]: org.thymeleaf.standard.processor.StandardBlockTagProcessor
[THYMELEAF]             * [* th:*] [2147483647]: org.thymeleaf.standard.processor.StandardDefaultAttributesTagProcessor
[THYMELEAF]         * Text Processors by [precedence]:
[THYMELEAF]             * [1000]: org.thymeleaf.standard.processor.StandardInliningTextProcessor
[THYMELEAF]         * CDATA Section Processors by [precedence]:
[THYMELEAF]             * [1000]: org.thymeleaf.standard.processor.StandardInliningCDATASectionProcessor
[THYMELEAF]         * Comment Processors by [precedence]:
[THYMELEAF]             * [1000]: org.thymeleaf.standard.processor.StandardInliningCommentProcessor
[THYMELEAF]     * Processors for Template Mode: TEXT
[THYMELEAF]         * Element Tag Processors by [matching element and attribute name] [precedence]:
[THYMELEAF]             * [* {th:insert}] [100]: org.thymeleaf.standard.processor.StandardInsertTagProcessor
[THYMELEAF]             * [* {th:replace}] [100]: org.thymeleaf.standard.processor.StandardReplaceTagProcessor
[THYMELEAF]             * [* {th:each}] [200]: com.intuit.karate.template.KarateEachTagProcessor
[THYMELEAF]             * [* {th:switch}] [250]: org.thymeleaf.standard.processor.StandardSwitchTagProcessor
[THYMELEAF]             * [* {th:case}] [275]: org.thymeleaf.standard.processor.StandardCaseTagProcessor
[THYMELEAF]             * [* {th:if}] [300]: org.thymeleaf.standard.processor.StandardIfTagProcessor
[THYMELEAF]             * [* {th:unless}] [400]: org.thymeleaf.standard.processor.StandardUnlessTagProcessor
[THYMELEAF]             * [* {th:object}] [500]: org.thymeleaf.standard.processor.StandardObjectTagProcessor
[THYMELEAF]             * [* {th:with}] [600]: com.intuit.karate.template.KarateWithTagProcessor
[THYMELEAF]             * [* {th:inline}] [1000]: org.thymeleaf.standard.processor.StandardInlineTextualTagProcessor
[THYMELEAF]             * [* {th:text}] [1300]: org.thymeleaf.standard.processor.StandardTextTagProcessor
[THYMELEAF]             * [* {th:utext}] [1400]: org.thymeleaf.standard.processor.StandardUtextTagProcessor
[THYMELEAF]             * [* {th:assert}] [1550]: org.thymeleaf.standard.processor.StandardAssertTagProcessor
[THYMELEAF]             * [* {th:remove}] [1600]: org.thymeleaf.standard.processor.StandardRemoveTagProcessor
[THYMELEAF]             * [* 100000] [org.thymeleaf.standard.processor.StandardBlockTagProcessor]: {}
[THYMELEAF]             * [{th:block} *] [100000]: org.thymeleaf.standard.processor.StandardBlockTagProcessor
[THYMELEAF]         * Text Processors by [precedence]:
[THYMELEAF]             * [1000]: org.thymeleaf.standard.processor.StandardInliningTextProcessor
[THYMELEAF]     * Processors for Template Mode: JAVASCRIPT
[THYMELEAF]         * Element Tag Processors by [matching element and attribute name] [precedence]:
[THYMELEAF]             * [* {th:insert}] [100]: org.thymeleaf.standard.processor.StandardInsertTagProcessor
[THYMELEAF]             * [* {th:replace}] [100]: org.thymeleaf.standard.processor.StandardReplaceTagProcessor
[THYMELEAF]             * [* {th:each}] [200]: com.intuit.karate.template.KarateEachTagProcessor
[THYMELEAF]             * [* {th:switch}] [250]: org.thymeleaf.standard.processor.StandardSwitchTagProcessor
[THYMELEAF]             * [* {th:case}] [275]: org.thymeleaf.standard.processor.StandardCaseTagProcessor
[THYMELEAF]             * [* {th:if}] [300]: org.thymeleaf.standard.processor.StandardIfTagProcessor
[THYMELEAF]             * [* {th:unless}] [400]: org.thymeleaf.standard.processor.StandardUnlessTagProcessor
[THYMELEAF]             * [* {th:object}] [500]: org.thymeleaf.standard.processor.StandardObjectTagProcessor
[THYMELEAF]             * [* {th:with}] [600]: com.intuit.karate.template.KarateWithTagProcessor
[THYMELEAF]             * [* {th:inline}] [1000]: org.thymeleaf.standard.processor.StandardInlineTextualTagProcessor
[THYMELEAF]             * [* {th:text}] [1300]: org.thymeleaf.standard.processor.StandardTextTagProcessor
[THYMELEAF]             * [* {th:utext}] [1400]: org.thymeleaf.standard.processor.StandardUtextTagProcessor
[THYMELEAF]             * [* {th:assert}] [1550]: org.thymeleaf.standard.processor.StandardAssertTagProcessor
[THYMELEAF]             * [* {th:remove}] [1600]: org.thymeleaf.standard.processor.StandardRemoveTagProcessor
[THYMELEAF]             * [* 100000] [org.thymeleaf.standard.processor.StandardBlockTagProcessor]: {}
[THYMELEAF]             * [{th:block} *] [100000]: org.thymeleaf.standard.processor.StandardBlockTagProcessor
[THYMELEAF]         * Text Processors by [precedence]:
[THYMELEAF]             * [1000]: org.thymeleaf.standard.processor.StandardInliningTextProcessor
[THYMELEAF]     * Processors for Template Mode: CSS
[THYMELEAF]         * Element Tag Processors by [matching element and attribute name] [precedence]:
[THYMELEAF]             * [* {th:insert}] [100]: org.thymeleaf.standard.processor.StandardInsertTagProcessor
[THYMELEAF]             * [* {th:replace}] [100]: org.thymeleaf.standard.processor.StandardReplaceTagProcessor
[THYMELEAF]             * [* {th:each}] [200]: com.intuit.karate.template.KarateEachTagProcessor
[THYMELEAF]             * [* {th:switch}] [250]: org.thymeleaf.standard.processor.StandardSwitchTagProcessor
[THYMELEAF]             * [* {th:case}] [275]: org.thymeleaf.standard.processor.StandardCaseTagProcessor
[THYMELEAF]             * [* {th:if}] [300]: org.thymeleaf.standard.processor.StandardIfTagProcessor
[THYMELEAF]             * [* {th:unless}] [400]: org.thymeleaf.standard.processor.StandardUnlessTagProcessor
[THYMELEAF]             * [* {th:object}] [500]: org.thymeleaf.standard.processor.StandardObjectTagProcessor
[THYMELEAF]             * [* {th:with}] [600]: com.intuit.karate.template.KarateWithTagProcessor
[THYMELEAF]             * [* {th:inline}] [1000]: org.thymeleaf.standard.processor.StandardInlineTextualTagProcessor
[THYMELEAF]             * [* {th:text}] [1300]: org.thymeleaf.standard.processor.StandardTextTagProcessor
[THYMELEAF]             * [* {th:utext}] [1400]: org.thymeleaf.standard.processor.StandardUtextTagProcessor
[THYMELEAF]             * [* {th:assert}] [1550]: org.thymeleaf.standard.processor.StandardAssertTagProcessor
[THYMELEAF]             * [* {th:remove}] [1600]: org.thymeleaf.standard.processor.StandardRemoveTagProcessor
[THYMELEAF]             * [* 100000] [org.thymeleaf.standard.processor.StandardBlockTagProcessor]: {}
[THYMELEAF]             * [{th:block} *] [100000]: org.thymeleaf.standard.processor.StandardBlockTagProcessor
[THYMELEAF]         * Text Processors by [precedence]:
[THYMELEAF]             * [1000]: org.thymeleaf.standard.processor.StandardInliningTextProcessor
[THYMELEAF]     * Expression Objects:
[THYMELEAF]         * #ctx
[THYMELEAF]         * #root
[THYMELEAF]         * #vars
[THYMELEAF]         * #object
[THYMELEAF]         * #locale
[THYMELEAF]         * #conversions
[THYMELEAF]         * #uris
[THYMELEAF]         * #temporals
[THYMELEAF]         * #calendars
[THYMELEAF]         * #dates
[THYMELEAF]         * #bools
[THYMELEAF]         * #numbers
[THYMELEAF]         * #objects
[THYMELEAF]         * #strings
[THYMELEAF]         * #arrays
[THYMELEAF]         * #lists
[THYMELEAF]         * #sets
[THYMELEAF]         * #maps
[THYMELEAF]         * #aggregates
[THYMELEAF]         * #messages
[THYMELEAF]         * #ids
[THYMELEAF]         * #execInfo
[THYMELEAF]         * #request
[THYMELEAF]         * #response
[THYMELEAF]         * #session
[THYMELEAF]         * #servletContext
[THYMELEAF]     * Execution Attributes:
[THYMELEAF]         * "StandardExpressionParser": com.intuit.karate.template.KarateStandardDialect@214fba74
[THYMELEAF]         * "StandardJavaScriptSerializer": org.thymeleaf.standard.serializer.StandardJavaScriptSerializer@3350ab4
[THYMELEAF]         * "StandardCSSSerializer": org.thymeleaf.standard.serializer.StandardCSSSerializer@7827d7b
[THYMELEAF]         * "StandardVariableExpressionEvaluator": com.intuit.karate.template.KarateStandardDialect@214fba74
[THYMELEAF]         * "StandardConversionService": org.thymeleaf.standard.expression.StandardConversionService@646cb2e
[THYMELEAF] * Dialect [2 of 2]: karate (com.intuit.karate.template.KarateScriptDialect)
[THYMELEAF]     * Prefix: "ka"
[THYMELEAF]     * Processors for Template Mode: HTML
[THYMELEAF]         * Element Tag Processors by [matching element and attribute name] [precedence]:
[THYMELEAF]             * [* {src}] [1000]: com.intuit.karate.template.KaScriptAttrProcessor
[THYMELEAF]         * Element Model Processors by [matching element and attribute name] [precedence]:
[THYMELEAF]             * [{script} {ka:scope,data-ka-scope}] [1000]: com.intuit.karate.template.KaScriptElemProcessor
[THYMELEAF]             * [* {ka:set,data-ka-set}] [1000]: com.intuit.karate.template.KaSetElemProcessor
[THYMELEAF] TEMPLATE ENGINE CONFIGURED OK
20:00:07.106 [main] DEBUG org.thymeleaf.TemplateEngine -- [THYMELEAF] TEMPLATE ENGINE INITIALIZED
---------------------------------------------------------
feature: classpath:features/auth/login-excel.feature
scenarios:  1 | passed:  1 | failed:  0 | time: 13.8567
---------------------------------------------------------

Karate version: 1.4.1
======================================================
elapsed:  15.79 | threads:    1 | thread time: 13.86 
features:     1 | skipped:    0 | efficiency: 0.88
scenarios:    1 | passed:     1 | failed: 0
======================================================
20:00:07.925 [main] DEBUG org.thymeleaf.TemplateEngine -- [THYMELEAF] INITIALIZING TEMPLATE ENGINE
20:00:07.942 [main] DEBUG org.thymeleaf.TemplateEngine.CONFIG -- Initializing Thymeleaf Template engine configuration...
[THYMELEAF] TEMPLATE ENGINE CONFIGURATION:
[THYMELEAF] * Thymeleaf version: 3.1.2.RELEASE (built 2023-07-30T19:25:50+0000)
[THYMELEAF] * Cache Manager implementation: org.thymeleaf.cache.StandardCacheManager
[THYMELEAF] * Template resolvers:
[THYMELEAF]     * [1] com.intuit.karate.template.ResourceHtmlTemplateResolver
[THYMELEAF] * Message resolvers:
[THYMELEAF]     * org.thymeleaf.messageresolver.StandardMessageResolver
[THYMELEAF] * Link builders:
[THYMELEAF]     * org.thymeleaf.linkbuilder.StandardLinkBuilder
[THYMELEAF] * Dialect [1 of 2]: Standard (com.intuit.karate.template.KarateStandardDialect)
[THYMELEAF]     * Prefix: "th"
[THYMELEAF]     * Processors for Template Mode: HTML
[THYMELEAF]         * Element Tag Processors by [matching element and attribute name] [precedence]:
[THYMELEAF]             * [* {th:include,data-th-include}] [100]: org.thymeleaf.standard.processor.StandardIncludeTagProcessor
[THYMELEAF]             * [* {th:insert,data-th-insert}] [100]: org.thymeleaf.standard.processor.StandardInsertTagProcessor
[THYMELEAF]             * [* {th:replace,data-th-replace}] [100]: org.thymeleaf.standard.processor.StandardReplaceTagProcessor
[THYMELEAF]             * [* {th:each,data-th-each}] [200]: com.intuit.karate.template.KarateEachTagProcessor
[THYMELEAF]             * [* {th:switch,data-th-switch}] [250]: org.thymeleaf.standard.processor.StandardSwitchTagProcessor
[THYMELEAF]             * [* {th:case,data-th-case}] [275]: org.thymeleaf.standard.processor.StandardCaseTagProcessor
[THYMELEAF]             * [* {th:if,data-th-if}] [300]: org.thymeleaf.standard.processor.StandardIfTagProcessor
[THYMELEAF]             * [* {th:unless,data-th-unless}] [400]: org.thymeleaf.standard.processor.StandardUnlessTagProcessor
[THYMELEAF]             * [* {th:object,data-th-object}] [500]: org.thymeleaf.standard.processor.StandardObjectTagProcessor
[THYMELEAF]             * [* {th:with,data-th-with}] [600]: com.intuit.karate.template.KarateWithTagProcessor
[THYMELEAF]             * [* {th:attr,data-th-attr}] [700]: com.intuit.karate.template.KarateAttributeTagProcessor.KarateAttrTagProcessor
[THYMELEAF]             * [* {th:attrappend,data-th-attrappend}] [900]: com.intuit.karate.template.KarateAttributeTagProcessor.KarateAttrappendTagProcessor
[THYMELEAF]             * [* {th:attrprepend,data-th-attrprepend}] [900]: com.intuit.karate.template.KarateAttributeTagProcessor.KarateAttrprependTagProcessor
[THYMELEAF]             * [* {th:alt-title,data-th-alt-title}] [990]: org.thymeleaf.standard.processor.StandardAltTitleTagProcessor
[THYMELEAF]             * [* {th:lang-xmllang,data-th-lang-xmllang}] [990]: org.thymeleaf.standard.processor.StandardLangXmlLangTagProcessor
[THYMELEAF]             * [* {th:action,data-th-action}] [1000]: org.thymeleaf.standard.processor.StandardActionTagProcessor
[THYMELEAF]             * [* {th:disabled,data-th-disabled}] [1000]: org.thymeleaf.standard.processor.StandardConditionalFixedValueTagProcessor
[THYMELEAF]             * [* {th:novalidate,data-th-novalidate}] [1000]: org.thymeleaf.standard.processor.StandardConditionalFixedValueTagProcessor
[THYMELEAF]             * [* {th:autoplay,data-th-autoplay}] [1000]: org.thymeleaf.standard.processor.StandardConditionalFixedValueTagProcessor
[THYMELEAF]             * [* {th:seamless,data-th-seamless}] [1000]: org.thymeleaf.standard.processor.StandardConditionalFixedValueTagProcessor
[THYMELEAF]             * [* {th:defer,data-th-defer}] [1000]: org.thymeleaf.standard.processor.StandardConditionalFixedValueTagProcessor
[THYMELEAF]             * [* {th:pubdate,data-th-pubdate}] [1000]: org.thymeleaf.standard.processor.StandardConditionalFixedValueTagProcessor
[THYMELEAF]             * [* {th:scoped,data-th-scoped}] [1000]: org.thymeleaf.standard.processor.StandardConditionalFixedValueTagProcessor
[THYMELEAF]             * [* {th:open,data-th-open}] [1000]: org.thymeleaf.standard.processor.StandardConditionalFixedValueTagProcessor
[THYMELEAF]             * [* {th:formnovalidate,data-th-formnovalidate}] [1000]: org.thymeleaf.standard.processor.StandardConditionalFixedValueTagProcessor
[THYMELEAF]             * [* {th:multiple,data-th-multiple}] [1000]: org.thymeleaf.standard.processor.StandardConditionalFixedValueTagProcessor
[THYMELEAF]             * [* {th:autofocus,data-th-autofocus}] [1000]: org.thymeleaf.standard.processor.StandardConditionalFixedValueTagProcessor
[THYMELEAF]             * [* {th:controls,data-th-controls}] [1000]: org.thymeleaf.standard.processor.StandardConditionalFixedValueTagProcessor
[THYMELEAF]             * [* {th:checked,data-th-checked}] [1000]: org.thymeleaf.standard.processor.StandardConditionalFixedValueTagProcessor
[THYMELEAF]             * [* {th:default,data-th-default}] [1000]: org.thymeleaf.standard.processor.StandardConditionalFixedValueTagProcessor
[THYMELEAF]             * [* {th:async,data-th-async}] [1000]: org.thymeleaf.standard.processor.StandardConditionalFixedValueTagProcessor
[THYMELEAF]             * [* {th:readonly,data-th-readonly}] [1000]: org.thymeleaf.standard.processor.StandardConditionalFixedValueTagProcessor
[THYMELEAF]             * [* {th:ismap,data-th-ismap}] [1000]: org.thymeleaf.standard.processor.StandardConditionalFixedValueTagProcessor
[THYMELEAF]             * [* {th:nowrap,data-th-nowrap}] [1000]: org.thymeleaf.standard.processor.StandardConditionalFixedValueTagProcessor
[THYMELEAF]             * [* {th:hidden,data-th-hidden}] [1000]: org.thymeleaf.standard.processor.StandardConditionalFixedValueTagProcessor
[THYMELEAF]             * [* {th:reversed,data-th-reversed}] [1000]: org.thymeleaf.standard.processor.StandardConditionalFixedValueTagProcessor
[THYMELEAF]             * [* {th:selected,data-th-selected}] [1000]: org.thymeleaf.standard.processor.StandardConditionalFixedValueTagProcessor
[THYMELEAF]             * [* {th:declare,data-th-declare}] [1000]: org.thymeleaf.standard.processor.StandardConditionalFixedValueTagProcessor
[THYMELEAF]             * [* {th:required,data-th-required}] [1000]: org.thymeleaf.standard.processor.StandardConditionalFixedValueTagProcessor
[THYMELEAF]             * [* {th:loop,data-th-loop}] [1000]: org.thymeleaf.standard.processor.StandardConditionalFixedValueTagProcessor
[THYMELEAF]             * [* {th:onload,data-th-onload}] [1000]: org.thymeleaf.standard.processor.StandardDOMEventAttributeTagProcessor
[THYMELEAF]             * [* {th:onabort,data-th-onabort}] [1000]: org.thymeleaf.standard.processor.StandardDOMEventAttributeTagProcessor
[THYMELEAF]             * [* {th:oncontextmenu,data-th-oncontextmenu}] [1000]: org.thymeleaf.standard.processor.StandardDOMEventAttributeTagProcessor
[THYMELEAF]             * [* {th:onchange,data-th-onchange}] [1000]: org.thymeleaf.standard.processor.StandardDOMEventAttributeTagProcessor
[THYMELEAF]             * [* {th:onmousemove,data-th-onmousemove}] [1000]: org.thymeleaf.standard.processor.StandardDOMEventAttributeTagProcessor
[THYMELEAF]             * [* {th:ondragleave,data-th-ondragleave}] [1000]: org.thymeleaf.standard.processor.StandardDOMEventAttributeTagProcessor
[THYMELEAF]             * [* {th:onseeked,data-th-onseeked}] [1000]: org.thymeleaf.standard.processor.StandardDOMEventAttributeTagProcessor
[THYMELEAF]             * [* {th:onpopstate,data-th-onpopstate}] [1000]: org.thymeleaf.standard.processor.StandardDOMEventAttributeTagProcessor
[THYMELEAF]             * [* {th:onloadstart,data-th-onloadstart}] [1000]: org.thymeleaf.standard.processor.StandardDOMEventAttributeTagProcessor
[THYMELEAF]             * [* {th:onmessage,data-th-onmessage}] [1000]: org.thymeleaf.standard.processor.StandardDOMEventAttributeTagProcessor
[THYMELEAF]             * [* {th:ontimeupdate,data-th-ontimeupdate}] [1000]: org.thymeleaf.standard.processor.StandardDOMEventAttributeTagProcessor
[THYMELEAF]             * [* {th:onwaiting,data-th-onwaiting}] [1000]: org.thymeleaf.standard.processor.StandardDOMEventAttributeTagProcessor
[THYMELEAF]             * [* {th:onkeypress,data-th-onkeypress}] [1000]: org.thymeleaf.standard.processor.StandardDOMEventAttributeTagProcessor
[THYMELEAF]             * [* {th:onclick,data-th-onclick}] [1000]: org.thymeleaf.standard.processor.StandardDOMEventAttributeTagProcessor
[THYMELEAF]             * [* {th:onbeforeunload,data-th-onbeforeunload}] [1000]: org.thymeleaf.standard.processor.StandardDOMEventAttributeTagProcessor
[THYMELEAF]             * [* {th:oninvalid,data-th-oninvalid}] [1000]: org.thymeleaf.standard.processor.StandardDOMEventAttributeTagProcessor
[THYMELEAF]             * [* {th:onerror,data-th-onerror}] [1000]: org.thymeleaf.standard.processor.StandardDOMEventAttributeTagProcessor
[THYMELEAF]             * [* {th:onloadeddata,data-th-onloadeddata}] [1000]: org.thymeleaf.standard.processor.StandardDOMEventAttributeTagProcessor
[THYMELEAF]             * [* {th:onratechange,data-th-onratechange}] [1000]: org.thymeleaf.standard.processor.StandardDOMEventAttributeTagProcessor
[THYMELEAF]             * [* {th:ondragenter,data-th-ondragenter}] [1000]: org.thymeleaf.standard.processor.StandardDOMEventAttributeTagProcessor
[THYMELEAF]             * [* {th:ondragover,data-th-ondragover}] [1000]: org.thymeleaf.standard.processor.StandardDOMEventAttributeTagProcessor
[THYMELEAF]             * [* {th:onplay,data-th-onplay}] [1000]: org.thymeleaf.standard.processor.StandardDOMEventAttributeTagProcessor
[THYMELEAF]             * [* {th:oncanplaythrough,data-th-oncanplaythrough}] [1000]: org.thymeleaf.standard.processor.StandardDOMEventAttributeTagProcessor
[THYMELEAF]             * [* {th:onmouseup,data-th-onmouseup}] [1000]: org.thymeleaf.standard.processor.StandardDOMEventAttributeTagProcessor
[THYMELEAF]             * [* {th:onbeforeprint,data-th-onbeforeprint}] [1000]: org.thymeleaf.standard.processor.StandardDOMEventAttributeTagProcessor
[THYMELEAF]             * [* {th:onforminput,data-th-onforminput}] [1000]: org.thymeleaf.standard.processor.StandardDOMEventAttributeTagProcessor
[THYMELEAF]             * [* {th:onsubmit,data-th-onsubmit}] [1000]: org.thymeleaf.standard.processor.StandardDOMEventAttributeTagProcessor
[THYMELEAF]             * [* {th:onended,data-th-onended}] [1000]: org.thymeleaf.standard.processor.StandardDOMEventAttributeTagProcessor
[THYMELEAF]             * [* {th:onsuspend,data-th-onsuspend}] [1000]: org.thymeleaf.standard.processor.StandardDOMEventAttributeTagProcessor
[THYMELEAF]             * [* {th:onhashchange,data-th-onhashchange}] [1000]: org.thymeleaf.standard.processor.StandardDOMEventAttributeTagProcessor
[THYMELEAF]             * [* {th:onemptied,data-th-onemptied}] [1000]: org.thymeleaf.standard.processor.StandardDOMEventAttributeTagProcessor
[THYMELEAF]             * [* {th:onshow,data-th-onshow}] [1000]: org.thymeleaf.standard.processor.StandardDOMEventAttributeTagProcessor
[THYMELEAF]             * [* {th:onstalled,data-th-onstalled}] [1000]: org.thymeleaf.standard.processor.StandardDOMEventAttributeTagProcessor
[THYMELEAF]             * [* {th:ondragstart,data-th-ondragstart}] [1000]: org.thymeleaf.standard.processor.StandardDOMEventAttributeTagProcessor
[THYMELEAF]             * [* {th:onplaying,data-th-onplaying}] [1000]: org.thymeleaf.standard.processor.StandardDOMEventAttributeTagProcessor
[THYMELEAF]             * [* {th:onoffline,data-th-onoffline}] [1000]: org.thymeleaf.standard.processor.StandardDOMEventAttributeTagProcessor
[THYMELEAF]             * [* {th:onpause,data-th-onpause}] [1000]: org.thymeleaf.standard.processor.StandardDOMEventAttributeTagProcessor
[THYMELEAF]             * [* {th:onmousedown,data-th-onmousedown}] [1000]: org.thymeleaf.standard.processor.StandardDOMEventAttributeTagProcessor
[THYMELEAF]             * [* {th:onvolumechange,data-th-onvolumechange}] [1000]: org.thymeleaf.standard.processor.StandardDOMEventAttributeTagProcessor
[THYMELEAF]             * [* {th:onunload,data-th-onunload}] [1000]: org.thymeleaf.standard.processor.StandardDOMEventAttributeTagProcessor
[THYMELEAF]             * [* {th:onreset,data-th-onreset}] [1000]: org.thymeleaf.standard.processor.StandardDOMEventAttributeTagProcessor
[THYMELEAF]             * [* {th:onkeyup,data-th-onkeyup}] [1000]: org.thymeleaf.standard.processor.StandardDOMEventAttributeTagProcessor
[THYMELEAF]             * [* {th:oninput,data-th-oninput}] [1000]: org.thymeleaf.standard.processor.StandardDOMEventAttributeTagProcessor
[THYMELEAF]             * [* {th:onresize,data-th-onresize}] [1000]: org.thymeleaf.standard.processor.StandardDOMEventAttributeTagProcessor
[THYMELEAF]             * [* {th:onselect,data-th-onselect}] [1000]: org.thymeleaf.standard.processor.StandardDOMEventAttributeTagProcessor
[THYMELEAF]             * [* {th:onstorage,data-th-onstorage}] [1000]: org.thymeleaf.standard.processor.StandardDOMEventAttributeTagProcessor
[THYMELEAF]             * [* {th:onundo,data-th-onundo}] [1000]: org.thymeleaf.standard.processor.StandardDOMEventAttributeTagProcessor
[THYMELEAF]             * [* {th:onseeking,data-th-onseeking}] [1000]: org.thymeleaf.standard.processor.StandardDOMEventAttributeTagProcessor
[THYMELEAF]             * [* {th:ondblclick,data-th-ondblclick}] [1000]: org.thymeleaf.standard.processor.StandardDOMEventAttributeTagProcessor
[THYMELEAF]             * [* {th:onloadedmetadata,data-th-onloadedmetadata}] [1000]: org.thymeleaf.standard.processor.StandardDOMEventAttributeTagProcessor
[THYMELEAF]             * [* {th:oncanplay,data-th-oncanplay}] [1000]: org.thymeleaf.standard.processor.StandardDOMEventAttributeTagProcessor
[THYMELEAF]             * [* {th:onscroll,data-th-onscroll}] [1000]: org.thymeleaf.standard.processor.StandardDOMEventAttributeTagProcessor
[THYMELEAF]             * [* {th:onafterprint,data-th-onafterprint}] [1000]: org.thymeleaf.standard.processor.StandardDOMEventAttributeTagProcessor
[THYMELEAF]             * [* {th:ondrop,data-th-ondrop}] [1000]: org.thymeleaf.standard.processor.StandardDOMEventAttributeTagProcessor
[THYMELEAF]             * [* {th:onprogress,data-th-onprogress}] [1000]: org.thymeleaf.standard.processor.StandardDOMEventAttributeTagProcessor
[THYMELEAF]             * [* {th:onredo,data-th-onredo}] [1000]: org.thymeleaf.standard.processor.StandardDOMEventAttributeTagProcessor
[THYMELEAF]             * [* {th:onkeydown,data-th-onkeydown}] [1000]: org.thymeleaf.standard.processor.StandardDOMEventAttributeTagProcessor
[THYMELEAF]             * [* {th:onreadystatechange,data-th-onreadystatechange}] [1000]: org.thymeleaf.standard.processor.StandardDOMEventAttributeTagProcessor
[THYMELEAF]             * [* {th:onmouseout,data-th-onmouseout}] [1000]: org.thymeleaf.standard.processor.StandardDOMEventAttributeTagProcessor
[THYMELEAF]             * [* {th:onfocus,data-th-onfocus}] [1000]: org.thymeleaf.standard.processor.StandardDOMEventAttributeTagProcessor
[THYMELEAF]             * [* {th:ondurationchange,data-th-ondurationchange}] [1000]: org.thymeleaf.standard.processor.StandardDOMEventAttributeTagProcessor
[THYMELEAF]             * [* {th:onformchange,data-th-onformchange}] [1000]: org.thymeleaf.standard.processor.StandardDOMEventAttributeTagProcessor
[THYMELEAF]             * [* {th:ondragend,data-th-ondragend}] [1000]: org.thymeleaf.standard.processor.StandardDOMEventAttributeTagProcessor
[THYMELEAF]             * [* {th:ononline,data-th-ononline}] [1000]: org.thymeleaf.standard.processor.StandardDOMEventAttributeTagProcessor
[THYMELEAF]             * [* {th:onblur,data-th-onblur}] [1000]: org.thymeleaf.standard.processor.StandardDOMEventAttributeTagProcessor
[THYMELEAF]             * [* {th:onmouseover,data-th-onmouseover}] [1000]: org.thymeleaf.standard.processor.StandardDOMEventAttributeTagProcessor
[THYMELEAF]             * [* {th:onmousewheel,data-th-onmousewheel}] [1000]: org.thymeleaf.standard.processor.StandardDOMEventAttributeTagProcessor
[THYMELEAF]             * [* {th:ondrag,data-th-ondrag}] [1000]: org.thymeleaf.standard.processor.StandardDOMEventAttributeTagProcessor
[THYMELEAF]             * [* {th:href,data-th-href}] [1000]: org.thymeleaf.standard.processor.StandardHrefTagProcessor
[THYMELEAF]             * [* {th:inline,data-th-inline}] [1000]: org.thymeleaf.standard.processor.StandardInlineHTMLTagProcessor
[THYMELEAF]             * [* {th:method,data-th-method}] [1000]: org.thymeleaf.standard.processor.StandardMethodTagProcessor
[THYMELEAF]             * [* {th:type,data-th-type}] [1000]: org.thymeleaf.standard.processor.StandardNonRemovableAttributeTagProcessor
[THYMELEAF]             * [* {th:name,data-th-name}] [1000]: org.thymeleaf.standard.processor.StandardNonRemovableAttributeTagProcessor
[THYMELEAF]             * [* {th:cellspacing,data-th-cellspacing}] [1000]: org.thymeleaf.standard.processor.StandardRemovableAttributeTagProcessor
[THYMELEAF]             * [* {th:rows,data-th-rows}] [1000]: org.thymeleaf.standard.processor.StandardRemovableAttributeTagProcessor
[THYMELEAF]             * [* {th:autocomplete,data-th-autocomplete}] [1000]: org.thymeleaf.standard.processor.StandardRemovableAttributeTagProcessor
[THYMELEAF]             * [* {th:span,data-th-span}] [1000]: org.thymeleaf.standard.processor.StandardRemovableAttributeTagProcessor
[THYMELEAF]             * [* {th:headers,data-th-headers}] [1000]: org.thymeleaf.standard.processor.StandardRemovableAttributeTagProcessor
[THYMELEAF]             * [* {th:summary,data-th-summary}] [1000]: org.thymeleaf.standard.processor.StandardRemovableAttributeTagProcessor
[THYMELEAF]             * [* {th:cite,data-th-cite}] [1000]: org.thymeleaf.standard.processor.StandardRemovableAttributeTagProcessor
[THYMELEAF]             * [* {th:id,data-th-id}] [1000]: org.thymeleaf.standard.processor.StandardRemovableAttributeTagProcessor
[THYMELEAF]             * [* {th:hreflang,data-th-hreflang}] [1000]: org.thymeleaf.standard.processor.StandardRemovableAttributeTagProcessor
[THYMELEAF]             * [* {th:formenctype,data-th-formenctype}] [1000]: org.thymeleaf.standard.processor.StandardRemovableAttributeTagProcessor
[THYMELEAF]             * [* {th:sandbox,data-th-sandbox}] [1000]: org.thymeleaf.standard.processor.StandardRemovableAttributeTagProcessor
[THYMELEAF]             * [* {th:poster,data-th-poster}] [1000]: org.thymeleaf.standard.processor.StandardRemovableAttributeTagProcessor
[THYMELEAF]             * [* {th:frameborder,data-th-frameborder}] [1000]: org.thymeleaf.standard.processor.StandardRemovableAttributeTagProcessor
[THYMELEAF]             * [* {th:axis,data-th-axis}] [1000]: org.thymeleaf.standard.processor.StandardRemovableAttributeTagProcessor
[THYMELEAF]             * [* {th:accept,data-th-accept}] [1000]: org.thymeleaf.standard.processor.StandardRemovableAttributeTagProcessor
[THYMELEAF]             * [* {th:keytype,data-th-keytype}] [1000]: org.thymeleaf.standard.processor.StandardRemovableAttributeTagProcessor
[THYMELEAF]             * [* {th:alt,data-th-alt}] [1000]: org.thymeleaf.standard.processor.StandardRemovableAttributeTagProcessor
[THYMELEAF]             * [* {th:rowspan,data-th-rowspan}] [1000]: org.thymeleaf.standard.processor.StandardRemovableAttributeTagProcessor
[THYMELEAF]             * [* {th:formmethod,data-th-formmethod}] [1000]: org.thymeleaf.standard.processor.StandardRemovableAttributeTagProcessor
[THYMELEAF]             * [* {th:background,data-th-background}] [1000]: org.thymeleaf.standard.processor.StandardRemovableAttributeTagProcessor
[THYMELEAF]             * [* {th:usemap,data-th-usemap}] [1000]: org.thymeleaf.standard.processor.StandardRemovableAttributeTagProcessor
[THYMELEAF]             * [* {th:rev,data-th-rev}] [1000]: org.thymeleaf.standard.processor.StandardRemovableAttributeTagProcessor
[THYMELEAF]             * [* {th:dir,data-th-dir}] [1000]: org.thymeleaf.standard.processor.StandardRemovableAttributeTagProcessor
[THYMELEAF]             * [* {th:codetype,data-th-codetype}] [1000]: org.thymeleaf.standard.processor.StandardRemovableAttributeTagProcessor
[THYMELEAF]             * [* {th:marginwidth,data-th-marginwidth}] [1000]: org.thymeleaf.standard.processor.StandardRemovableAttributeTagProcessor
[THYMELEAF]             * [* {th:form,data-th-form}] [1000]: org.thymeleaf.standard.processor.StandardRemovableAttributeTagProcessor
[THYMELEAF]             * [* {th:sizes,data-th-sizes}] [1000]: org.thymeleaf.standard.processor.StandardRemovableAttributeTagProcessor
[THYMELEAF]             * [* {th:enctype,data-th-enctype}] [1000]: org.thymeleaf.standard.processor.StandardRemovableAttributeTagProcessor
[THYMELEAF]             * [* {th:size,data-th-size}] [1000]: org.thymeleaf.standard.processor.StandardRemovableAttributeTagProcessor
[THYMELEAF]             * [* {th:manifest,data-th-manifest}] [1000]: org.thymeleaf.standard.processor.StandardRemovableAttributeTagProcessor
[THYMELEAF]             * [* {th:wrap,data-th-wrap}] [1000]: org.thymeleaf.standard.processor.StandardRemovableAttributeTagProcessor
[THYMELEAF]             * [* {th:class,data-th-class}] [1000]: org.thymeleaf.standard.processor.StandardRemovableAttributeTagProcessor
[THYMELEAF]             * [* {th:optimum,data-th-optimum}] [1000]: org.thymeleaf.standard.processor.StandardRemovableAttributeTagProcessor
[THYMELEAF]             * [* {th:bgcolor,data-th-bgcolor}] [1000]: org.thymeleaf.standard.processor.StandardRemovableAttributeTagProcessor
[THYMELEAF]             * [* {th:frame,data-th-frame}] [1000]: org.thymeleaf.standard.processor.StandardRemovableAttributeTagProcessor
[THYMELEAF]             * [* {th:step,data-th-step}] [1000]: org.thymeleaf.standard.processor.StandardRemovableAttributeTagProcessor
[THYMELEAF]             * [* {th:lang,data-th-lang}] [1000]: org.thymeleaf.standard.processor.StandardRemovableAttributeTagProcessor
[THYMELEAF]             * [* {th:preload,data-th-preload}] [1000]: org.thymeleaf.standard.processor.StandardRemovableAttributeTagProcessor
[THYMELEAF]             * [* {th:http-equiv,data-th-http-equiv}] [1000]: org.thymeleaf.standard.processor.StandardRemovableAttributeTagProcessor
[THYMELEAF]             * [* {th:align,data-th-align}] [1000]: org.thymeleaf.standard.processor.StandardRemovableAttributeTagProcessor
[THYMELEAF]             * [* {th:low,data-th-low}] [1000]: org.thymeleaf.standard.processor.StandardRemovableAttributeTagProcessor
[THYMELEAF]             * [* {th:rules,data-th-rules}] [1000]: org.thymeleaf.standard.processor.StandardRemovableAttributeTagProcessor
[THYMELEAF]             * [* {th:title,data-th-title}] [1000]: org.thymeleaf.standard.processor.StandardRemovableAttributeTagProcessor
[THYMELEAF]             * [* {th:tabindex,data-th-tabindex}] [1000]: org.thymeleaf.standard.processor.StandardRemovableAttributeTagProcessor
[THYMELEAF]             * [* {th:for,data-th-for}] [1000]: org.thymeleaf.standard.processor.StandardRemovableAttributeTagProcessor
[THYMELEAF]             * [* {th:archive,data-th-archive}] [1000]: org.thymeleaf.standard.processor.StandardRemovableAttributeTagProcessor
[THYMELEAF]             * [* {th:height,data-th-height}] [1000]: org.thymeleaf.standard.processor.StandardRemovableAttributeTagProcessor
[THYMELEAF]             * [* {th:accept-charset,data-th-accept-charset}] [1000]: org.thymeleaf.standard.processor.StandardRemovableAttributeTagProcessor
[THYMELEAF]             * [* {th:target,data-th-target}] [1000]: org.thymeleaf.standard.processor.StandardRemovableAttributeTagProcessor
[THYMELEAF]             * [* {th:charset,data-th-charset}] [1000]: org.thymeleaf.standard.processor.StandardRemovableAttributeTagProcessor
[THYMELEAF]             * [* {th:style,data-th-style}] [1000]: org.thymeleaf.standard.processor.StandardRemovableAttributeTagProcessor
[THYMELEAF]             * [* {th:cols,data-th-cols}] [1000]: org.thymeleaf.standard.processor.StandardRemovableAttributeTagProcessor
[THYMELEAF]             * [* {th:formaction,data-th-formaction}] [1000]: org.thymeleaf.standard.processor.StandardRemovableAttributeTagProcessor
[THYMELEAF]             * [* {th:scrolling,data-th-scrolling}] [1000]: org.thymeleaf.standard.processor.StandardRemovableAttributeTagProcessor
[THYMELEAF]             * [* {th:audio,data-th-audio}] [1000]: org.thymeleaf.standard.processor.StandardRemovableAttributeTagProcessor
[THYMELEAF]             * [* {th:srclang,data-th-srclang}] [1000]: org.thymeleaf.standard.processor.StandardRemovableAttributeTagProcessor
[THYMELEAF]             * [* {th:hspace,data-th-hspace}] [1000]: org.thymeleaf.standard.processor.StandardRemovableAttributeTagProcessor
[THYMELEAF]             * [* {th:max,data-th-max}] [1000]: org.thymeleaf.standard.processor.StandardRemovableAttributeTagProcessor
[THYMELEAF]             * [* {th:width,data-th-width}] [1000]: org.thymeleaf.standard.processor.StandardRemovableAttributeTagProcessor
[THYMELEAF]             * [* {th:data,data-th-data}] [1000]: org.thymeleaf.standard.processor.StandardRemovableAttributeTagProcessor
[THYMELEAF]             * [* {th:marginheight,data-th-marginheight}] [1000]: org.thymeleaf.standard.processor.StandardRemovableAttributeTagProcessor
[THYMELEAF]             * [* {th:maxlength,data-th-maxlength}] [1000]: org.thymeleaf.standard.processor.StandardRemovableAttributeTagProcessor
[THYMELEAF]             * [* {th:draggable,data-th-draggable}] [1000]: org.thymeleaf.standard.processor.StandardRemovableAttributeTagProcessor
[THYMELEAF]             * [* {th:abbr,data-th-abbr}] [1000]: org.thymeleaf.standard.processor.StandardRemovableAttributeTagProcessor
[THYMELEAF]             * [* {th:media,data-th-media}] [1000]: org.thymeleaf.standard.processor.StandardRemovableAttributeTagProcessor
[THYMELEAF]             * [* {th:vspace,data-th-vspace}] [1000]: org.thymeleaf.standard.processor.StandardRemovableAttributeTagProcessor
[THYMELEAF]             * [* {th:high,data-th-high}] [1000]: org.thymeleaf.standard.processor.StandardRemovableAttributeTagProcessor
[THYMELEAF]             * [* {th:spellcheck,data-th-spellcheck}] [1000]: org.thymeleaf.standard.processor.StandardRemovableAttributeTagProcessor
[THYMELEAF]             * [* {th:content,data-th-content}] [1000]: org.thymeleaf.standard.processor.StandardRemovableAttributeTagProcessor
[THYMELEAF]             * [* {th:datetime,data-th-datetime}] [1000]: org.thymeleaf.standard.processor.StandardRemovableAttributeTagProcessor
[THYMELEAF]             * [* {th:contextmenu,data-th-contextmenu}] [1000]: org.thymeleaf.standard.processor.StandardRemovableAttributeTagProcessor
[THYMELEAF]             * [* {th:valuetype,data-th-valuetype}] [1000]: org.thymeleaf.standard.processor.StandardRemovableAttributeTagProcessor
[THYMELEAF]             * [* {th:start,data-th-start}] [1000]: org.thymeleaf.standard.processor.StandardRemovableAttributeTagProcessor
[THYMELEAF]             * [* {th:list,data-th-list}] [1000]: org.thymeleaf.standard.processor.StandardRemovableAttributeTagProcessor
[THYMELEAF]             * [* {th:dropzone,data-th-dropzone}] [1000]: org.thymeleaf.standard.processor.StandardRemovableAttributeTagProcessor
[THYMELEAF]             * [* {th:compact,data-th-compact}] [1000]: org.thymeleaf.standard.processor.StandardRemovableAttributeTagProcessor
[THYMELEAF]             * [* {th:placeholder,data-th-placeholder}] [1000]: org.thymeleaf.standard.processor.StandardRemovableAttributeTagProcessor
[THYMELEAF]             * [* {th:pattern,data-th-pattern}] [1000]: org.thymeleaf.standard.processor.StandardRemovableAttributeTagProcessor
[THYMELEAF]             * [* {th:scope,data-th-scope}] [1000]: org.thymeleaf.standard.processor.StandardRemovableAttributeTagProcessor
[THYMELEAF]             * [* {th:accesskey,data-th-accesskey}] [1000]: org.thymeleaf.standard.processor.StandardRemovableAttributeTagProcessor
[THYMELEAF]             * [* {th:contenteditable,data-th-contenteditable}] [1000]: org.thymeleaf.standard.processor.StandardRemovableAttributeTagProcessor
[THYMELEAF]             * [* {th:classid,data-th-classid}] [1000]: org.thymeleaf.standard.processor.StandardRemovableAttributeTagProcessor
[THYMELEAF]             * [* {th:rel,data-th-rel}] [1000]: org.thymeleaf.standard.processor.StandardRemovableAttributeTagProcessor
[THYMELEAF]             * [* {th:cellpadding,data-th-cellpadding}] [1000]: org.thymeleaf.standard.processor.StandardRemovableAttributeTagProcessor
[THYMELEAF]             * [* {th:formtarget,data-th-formtarget}] [1000]: org.thymeleaf.standard.processor.StandardRemovableAttributeTagProcessor
[THYMELEAF]             * [* {th:radiogroup,data-th-radiogroup}] [1000]: org.thymeleaf.standard.processor.StandardRemovableAttributeTagProcessor
[THYMELEAF]             * [* {th:scheme,data-th-scheme}] [1000]: org.thymeleaf.standard.processor.StandardRemovableAttributeTagProcessor
[THYMELEAF]             * [* {th:colspan,data-th-colspan}] [1000]: org.thymeleaf.standard.processor.StandardRemovableAttributeTagProcessor
[THYMELEAF]             * [* {th:border,data-th-border}] [1000]: org.thymeleaf.standard.processor.StandardRemovableAttributeTagProcessor
[THYMELEAF]             * [* {th:min,data-th-min}] [1000]: org.thymeleaf.standard.processor.StandardRemovableAttributeTagProcessor
[THYMELEAF]             * [* {th:icon,data-th-icon}] [1000]: org.thymeleaf.standard.processor.StandardRemovableAttributeTagProcessor
[THYMELEAF]             * [* {th:standby,data-th-standby}] [1000]: org.thymeleaf.standard.processor.StandardRemovableAttributeTagProcessor
[THYMELEAF]             * [* {th:kind,data-th-kind}] [1000]: org.thymeleaf.standard.processor.StandardRemovableAttributeTagProcessor
[THYMELEAF]             * [* {th:longdesc,data-th-longdesc}] [1000]: org.thymeleaf.standard.processor.StandardRemovableAttributeTagProcessor
[THYMELEAF]             * [* {th:challenge,data-th-challenge}] [1000]: org.thymeleaf.standard.processor.StandardRemovableAttributeTagProcessor
[THYMELEAF]             * [* {th:label,data-th-label}] [1000]: org.thymeleaf.standard.processor.StandardRemovableAttributeTagProcessor
[THYMELEAF]             * [* {th:codebase,data-th-codebase}] [1000]: org.thymeleaf.standard.processor.StandardRemovableAttributeTagProcessor
[THYMELEAF]             * [* {th:src,data-th-src}] [1000]: org.thymeleaf.standard.processor.StandardSrcTagProcessor
[THYMELEAF]             * [* {th:value,data-th-value}] [1000]: org.thymeleaf.standard.processor.StandardValueTagProcessor
[THYMELEAF]             * [* {th:xmlbase,data-th-xmlbase}] [1000]: org.thymeleaf.standard.processor.StandardXmlBaseTagProcessor
[THYMELEAF]             * [* {th:xmllang,data-th-xmllang}] [1000]: org.thymeleaf.standard.processor.StandardXmlLangTagProcessor
[THYMELEAF]             * [* {xmlns:th}] [1000]: org.thymeleaf.standard.processor.StandardXmlNsTagProcessor
[THYMELEAF]             * [* {th:xmlspace,data-th-xmlspace}] [1000]: org.thymeleaf.standard.processor.StandardXmlSpaceTagProcessor
[THYMELEAF]             * [* {th:classappend,data-th-classappend}] [1100]: org.thymeleaf.standard.processor.StandardClassappendTagProcessor
[THYMELEAF]             * [* {th:styleappend,data-th-styleappend}] [1100]: org.thymeleaf.standard.processor.StandardStyleappendTagProcessor
[THYMELEAF]             * [* {th:text,data-th-text}] [1300]: org.thymeleaf.standard.processor.StandardTextTagProcessor
[THYMELEAF]             * [* {th:utext,data-th-utext}] [1400]: org.thymeleaf.standard.processor.StandardUtextTagProcessor
[THYMELEAF]             * [* {th:fragment,data-th-fragment}] [1500]: org.thymeleaf.standard.processor.StandardFragmentTagProcessor
[THYMELEAF]             * [* {th:assert,data-th-assert}] [1550]: org.thymeleaf.standard.processor.StandardAssertTagProcessor
[THYMELEAF]             * [* {th:remove,data-th-remove}] [1600]: org.thymeleaf.standard.processor.StandardRemoveTagProcessor
[THYMELEAF]             * [* {th:ref,data-th-ref}] [10000]: org.thymeleaf.standard.processor.StandardRefAttributeTagProcessor
[THYMELEAF]             * [{th:block,th-block} *] [100000]: org.thymeleaf.standard.processor.StandardBlockTagProcessor
[THYMELEAF]             * [* th:*] [2147483647]: org.thymeleaf.standard.processor.StandardDefaultAttributesTagProcessor
[THYMELEAF]         * Text Processors by [precedence]:
[THYMELEAF]             * [1000]: org.thymeleaf.standard.processor.StandardInliningTextProcessor
[THYMELEAF]         * DOCTYPE Processors by [precedence]:
[THYMELEAF]             * [1000]: org.thymeleaf.standard.processor.StandardTranslationDocTypeProcessor
[THYMELEAF]         * CDATA Section Processors by [precedence]:
[THYMELEAF]             * [1000]: org.thymeleaf.standard.processor.StandardInliningCDATASectionProcessor
[THYMELEAF]         * Comment Processors by [precedence]:
[THYMELEAF]             * [1000]: org.thymeleaf.standard.processor.StandardInliningCommentProcessor
[THYMELEAF]             * [1100]: org.thymeleaf.standard.processor.StandardConditionalCommentProcessor
[THYMELEAF]     * Processors for Template Mode: XML
[THYMELEAF]         * Element Tag Processors by [matching element and attribute name] [precedence]:
[THYMELEAF]             * [* {th:include}] [100]: org.thymeleaf.standard.processor.StandardIncludeTagProcessor
[THYMELEAF]             * [* {th:insert}] [100]: org.thymeleaf.standard.processor.StandardInsertTagProcessor
[THYMELEAF]             * [* {th:replace}] [100]: org.thymeleaf.standard.processor.StandardReplaceTagProcessor
[THYMELEAF]             * [* {th:each}] [200]: com.intuit.karate.template.KarateEachTagProcessor
[THYMELEAF]             * [* {th:switch}] [250]: org.thymeleaf.standard.processor.StandardSwitchTagProcessor
[THYMELEAF]             * [* {th:case}] [275]: org.thymeleaf.standard.processor.StandardCaseTagProcessor
[THYMELEAF]             * [* {th:if}] [300]: org.thymeleaf.standard.processor.StandardIfTagProcessor
[THYMELEAF]             * [* {th:unless}] [400]: org.thymeleaf.standard.processor.StandardUnlessTagProcessor
[THYMELEAF]             * [* {th:object}] [500]: org.thymeleaf.standard.processor.StandardObjectTagProcessor
[THYMELEAF]             * [* {th:with}] [600]: com.intuit.karate.template.KarateWithTagProcessor
[THYMELEAF]             * [* {th:attr}] [700]: com.intuit.karate.template.KarateAttributeTagProcessor.KarateAttrTagProcessor
[THYMELEAF]             * [* {th:attrappend}] [900]: com.intuit.karate.template.KarateAttributeTagProcessor.KarateAttrappendTagProcessor
[THYMELEAF]             * [* {th:attrprepend}] [900]: com.intuit.karate.template.KarateAttributeTagProcessor.KarateAttrprependTagProcessor
[THYMELEAF]             * [* {th:inline}] [1000]: org.thymeleaf.standard.processor.StandardInlineXMLTagProcessor
[THYMELEAF]             * [* {xmlns:th}] [1000]: org.thymeleaf.standard.processor.StandardXmlNsTagProcessor
[THYMELEAF]             * [* {th:text}] [1300]: org.thymeleaf.standard.processor.StandardTextTagProcessor
[THYMELEAF]             * [* {th:utext}] [1400]: org.thymeleaf.standard.processor.StandardUtextTagProcessor
[THYMELEAF]             * [* {th:fragment}] [1500]: org.thymeleaf.standard.processor.StandardFragmentTagProcessor
[THYMELEAF]             * [* {th:assert}] [1550]: org.thymeleaf.standard.processor.StandardAssertTagProcessor
[THYMELEAF]             * [* {th:remove}] [1600]: org.thymeleaf.standard.processor.StandardRemoveTagProcessor
[THYMELEAF]             * [* {th:ref}] [10000]: org.thymeleaf.standard.processor.StandardRefAttributeTagProcessor
[THYMELEAF]             * [{th:block} *] [100000]: org.thymeleaf.standard.processor.StandardBlockTagProcessor
[THYMELEAF]             * [* th:*] [2147483647]: org.thymeleaf.standard.processor.StandardDefaultAttributesTagProcessor
[THYMELEAF]         * Text Processors by [precedence]:
[THYMELEAF]             * [1000]: org.thymeleaf.standard.processor.StandardInliningTextProcessor
[THYMELEAF]         * CDATA Section Processors by [precedence]:
[THYMELEAF]             * [1000]: org.thymeleaf.standard.processor.StandardInliningCDATASectionProcessor
[THYMELEAF]         * Comment Processors by [precedence]:
[THYMELEAF]             * [1000]: org.thymeleaf.standard.processor.StandardInliningCommentProcessor
[THYMELEAF]     * Processors for Template Mode: TEXT
[THYMELEAF]         * Element Tag Processors by [matching element and attribute name] [precedence]:
[THYMELEAF]             * [* {th:insert}] [100]: org.thymeleaf.standard.processor.StandardInsertTagProcessor
[THYMELEAF]             * [* {th:replace}] [100]: org.thymeleaf.standard.processor.StandardReplaceTagProcessor
[THYMELEAF]             * [* {th:each}] [200]: com.intuit.karate.template.KarateEachTagProcessor
[THYMELEAF]             * [* {th:switch}] [250]: org.thymeleaf.standard.processor.StandardSwitchTagProcessor
[THYMELEAF]             * [* {th:case}] [275]: org.thymeleaf.standard.processor.StandardCaseTagProcessor
[THYMELEAF]             * [* {th:if}] [300]: org.thymeleaf.standard.processor.StandardIfTagProcessor
[THYMELEAF]             * [* {th:unless}] [400]: org.thymeleaf.standard.processor.StandardUnlessTagProcessor
[THYMELEAF]             * [* {th:object}] [500]: org.thymeleaf.standard.processor.StandardObjectTagProcessor
[THYMELEAF]             * [* {th:with}] [600]: com.intuit.karate.template.KarateWithTagProcessor
[THYMELEAF]             * [* {th:inline}] [1000]: org.thymeleaf.standard.processor.StandardInlineTextualTagProcessor
[THYMELEAF]             * [* {th:text}] [1300]: org.thymeleaf.standard.processor.StandardTextTagProcessor
[THYMELEAF]             * [* {th:utext}] [1400]: org.thymeleaf.standard.processor.StandardUtextTagProcessor
[THYMELEAF]             * [* {th:assert}] [1550]: org.thymeleaf.standard.processor.StandardAssertTagProcessor
[THYMELEAF]             * [* {th:remove}] [1600]: org.thymeleaf.standard.processor.StandardRemoveTagProcessor
[THYMELEAF]             * [* 100000] [org.thymeleaf.standard.processor.StandardBlockTagProcessor]: {}
[THYMELEAF]             * [{th:block} *] [100000]: org.thymeleaf.standard.processor.StandardBlockTagProcessor
[THYMELEAF]         * Text Processors by [precedence]:
[THYMELEAF]             * [1000]: org.thymeleaf.standard.processor.StandardInliningTextProcessor
[THYMELEAF]     * Processors for Template Mode: JAVASCRIPT
[THYMELEAF]         * Element Tag Processors by [matching element and attribute name] [precedence]:
[THYMELEAF]             * [* {th:insert}] [100]: org.thymeleaf.standard.processor.StandardInsertTagProcessor
[THYMELEAF]             * [* {th:replace}] [100]: org.thymeleaf.standard.processor.StandardReplaceTagProcessor
[THYMELEAF]             * [* {th:each}] [200]: com.intuit.karate.template.KarateEachTagProcessor
[THYMELEAF]             * [* {th:switch}] [250]: org.thymeleaf.standard.processor.StandardSwitchTagProcessor
[THYMELEAF]             * [* {th:case}] [275]: org.thymeleaf.standard.processor.StandardCaseTagProcessor
[THYMELEAF]             * [* {th:if}] [300]: org.thymeleaf.standard.processor.StandardIfTagProcessor
[THYMELEAF]             * [* {th:unless}] [400]: org.thymeleaf.standard.processor.StandardUnlessTagProcessor
[THYMELEAF]             * [* {th:object}] [500]: org.thymeleaf.standard.processor.StandardObjectTagProcessor
[THYMELEAF]             * [* {th:with}] [600]: com.intuit.karate.template.KarateWithTagProcessor
[THYMELEAF]             * [* {th:inline}] [1000]: org.thymeleaf.standard.processor.StandardInlineTextualTagProcessor
[THYMELEAF]             * [* {th:text}] [1300]: org.thymeleaf.standard.processor.StandardTextTagProcessor
[THYMELEAF]             * [* {th:utext}] [1400]: org.thymeleaf.standard.processor.StandardUtextTagProcessor
[THYMELEAF]             * [* {th:assert}] [1550]: org.thymeleaf.standard.processor.StandardAssertTagProcessor
[THYMELEAF]             * [* {th:remove}] [1600]: org.thymeleaf.standard.processor.StandardRemoveTagProcessor
[THYMELEAF]             * [{th:block} *] [100000]: org.thymeleaf.standard.processor.StandardBlockTagProcessor
[THYMELEAF]             * [* 100000] [org.thymeleaf.standard.processor.StandardBlockTagProcessor]: {}
[THYMELEAF]         * Text Processors by [precedence]:
[THYMELEAF]             * [1000]: org.thymeleaf.standard.processor.StandardInliningTextProcessor
[THYMELEAF]     * Processors for Template Mode: CSS
[THYMELEAF]         * Element Tag Processors by [matching element and attribute name] [precedence]:
[THYMELEAF]             * [* {th:insert}] [100]: org.thymeleaf.standard.processor.StandardInsertTagProcessor
[THYMELEAF]             * [* {th:replace}] [100]: org.thymeleaf.standard.processor.StandardReplaceTagProcessor
[THYMELEAF]             * [* {th:each}] [200]: com.intuit.karate.template.KarateEachTagProcessor
[THYMELEAF]             * [* {th:switch}] [250]: org.thymeleaf.standard.processor.StandardSwitchTagProcessor
[THYMELEAF]             * [* {th:case}] [275]: org.thymeleaf.standard.processor.StandardCaseTagProcessor
[THYMELEAF]             * [* {th:if}] [300]: org.thymeleaf.standard.processor.StandardIfTagProcessor
[THYMELEAF]             * [* {th:unless}] [400]: org.thymeleaf.standard.processor.StandardUnlessTagProcessor
[THYMELEAF]             * [* {th:object}] [500]: org.thymeleaf.standard.processor.StandardObjectTagProcessor
[THYMELEAF]             * [* {th:with}] [600]: com.intuit.karate.template.KarateWithTagProcessor
[THYMELEAF]             * [* {th:inline}] [1000]: org.thymeleaf.standard.processor.StandardInlineTextualTagProcessor
[THYMELEAF]             * [* {th:text}] [1300]: org.thymeleaf.standard.processor.StandardTextTagProcessor
[THYMELEAF]             * [* {th:utext}] [1400]: org.thymeleaf.standard.processor.StandardUtextTagProcessor
[THYMELEAF]             * [* {th:assert}] [1550]: org.thymeleaf.standard.processor.StandardAssertTagProcessor
[THYMELEAF]             * [* {th:remove}] [1600]: org.thymeleaf.standard.processor.StandardRemoveTagProcessor
[THYMELEAF]             * [* 100000] [org.thymeleaf.standard.processor.StandardBlockTagProcessor]: {}
[THYMELEAF]             * [{th:block} *] [100000]: org.thymeleaf.standard.processor.StandardBlockTagProcessor
[THYMELEAF]         * Text Processors by [precedence]:
[THYMELEAF]             * [1000]: org.thymeleaf.standard.processor.StandardInliningTextProcessor
[THYMELEAF]     * Expression Objects:
[THYMELEAF]         * #ctx
[THYMELEAF]         * #root
[THYMELEAF]         * #vars
[THYMELEAF]         * #object
[THYMELEAF]         * #locale
[THYMELEAF]         * #conversions
[THYMELEAF]         * #uris
[THYMELEAF]         * #temporals
[THYMELEAF]         * #calendars
[THYMELEAF]         * #dates
[THYMELEAF]         * #bools
[THYMELEAF]         * #numbers
[THYMELEAF]         * #objects
[THYMELEAF]         * #strings
[THYMELEAF]         * #arrays
[THYMELEAF]         * #lists
[THYMELEAF]         * #sets
[THYMELEAF]         * #maps
[THYMELEAF]         * #aggregates
[THYMELEAF]         * #messages
[THYMELEAF]         * #ids
[THYMELEAF]         * #execInfo
[THYMELEAF]         * #request
[THYMELEAF]         * #response
[THYMELEAF]         * #session
[THYMELEAF]         * #servletContext
[THYMELEAF]     * Execution Attributes:
[THYMELEAF]         * "StandardExpressionParser": com.intuit.karate.template.KarateStandardDialect@236a4d30
[THYMELEAF]         * "StandardJavaScriptSerializer": org.thymeleaf.standard.serializer.StandardJavaScriptSerializer@3aab42d6
[THYMELEAF]         * "StandardCSSSerializer": org.thymeleaf.standard.serializer.StandardCSSSerializer@6badb08c
[THYMELEAF]         * "StandardVariableExpressionEvaluator": com.intuit.karate.template.KarateStandardDialect@236a4d30
[THYMELEAF]         * "StandardConversionService": org.thymeleaf.standard.expression.StandardConversionService@5939f047
[THYMELEAF] * Dialect [2 of 2]: karate (com.intuit.karate.template.KarateScriptDialect)
[THYMELEAF]     * Prefix: "ka"
[THYMELEAF]     * Processors for Template Mode: HTML
[THYMELEAF]         * Element Tag Processors by [matching element and attribute name] [precedence]:
[THYMELEAF]             * [* {src}] [1000]: com.intuit.karate.template.KaScriptAttrProcessor
[THYMELEAF]         * Element Model Processors by [matching element and attribute name] [precedence]:
[THYMELEAF]             * [{script} {ka:scope,data-ka-scope}] [1000]: com.intuit.karate.template.KaScriptElemProcessor
[THYMELEAF]             * [* {ka:set,data-ka-set}] [1000]: com.intuit.karate.template.KaSetElemProcessor
[THYMELEAF] TEMPLATE ENGINE CONFIGURED OK
20:00:07.942 [main] DEBUG org.thymeleaf.TemplateEngine -- [THYMELEAF] TEMPLATE ENGINE INITIALIZED
20:00:07.949 [main] DEBUG org.thymeleaf.TemplateEngine -- [THYMELEAF] INITIALIZING TEMPLATE ENGINE
20:00:07.965 [main] DEBUG org.thymeleaf.TemplateEngine.CONFIG -- Initializing Thymeleaf Template engine configuration...
[THYMELEAF] TEMPLATE ENGINE CONFIGURATION:
[THYMELEAF] * Thymeleaf version: 3.1.2.RELEASE (built 2023-07-30T19:25:50+0000)
[THYMELEAF] * Cache Manager implementation: org.thymeleaf.cache.StandardCacheManager
[THYMELEAF] * Template resolvers:
[THYMELEAF]     * [1] com.intuit.karate.template.ResourceHtmlTemplateResolver
[THYMELEAF] * Message resolvers:
[THYMELEAF]     * org.thymeleaf.messageresolver.StandardMessageResolver
[THYMELEAF] * Link builders:
[THYMELEAF]     * org.thymeleaf.linkbuilder.StandardLinkBuilder
[THYMELEAF] * Dialect [1 of 2]: Standard (com.intuit.karate.template.KarateStandardDialect)
[THYMELEAF]     * Prefix: "th"
[THYMELEAF]     * Processors for Template Mode: HTML
[THYMELEAF]         * Element Tag Processors by [matching element and attribute name] [precedence]:
[THYMELEAF]             * [* {th:include,data-th-include}] [100]: org.thymeleaf.standard.processor.StandardIncludeTagProcessor
[THYMELEAF]             * [* {th:insert,data-th-insert}] [100]: org.thymeleaf.standard.processor.StandardInsertTagProcessor
[THYMELEAF]             * [* {th:replace,data-th-replace}] [100]: org.thymeleaf.standard.processor.StandardReplaceTagProcessor
[THYMELEAF]             * [* {th:each,data-th-each}] [200]: com.intuit.karate.template.KarateEachTagProcessor
[THYMELEAF]             * [* {th:switch,data-th-switch}] [250]: org.thymeleaf.standard.processor.StandardSwitchTagProcessor
[THYMELEAF]             * [* {th:case,data-th-case}] [275]: org.thymeleaf.standard.processor.StandardCaseTagProcessor
[THYMELEAF]             * [* {th:if,data-th-if}] [300]: org.thymeleaf.standard.processor.StandardIfTagProcessor
[THYMELEAF]             * [* {th:unless,data-th-unless}] [400]: org.thymeleaf.standard.processor.StandardUnlessTagProcessor
[THYMELEAF]             * [* {th:object,data-th-object}] [500]: org.thymeleaf.standard.processor.StandardObjectTagProcessor
[THYMELEAF]             * [* {th:with,data-th-with}] [600]: com.intuit.karate.template.KarateWithTagProcessor
[THYMELEAF]             * [* {th:attr,data-th-attr}] [700]: com.intuit.karate.template.KarateAttributeTagProcessor.KarateAttrTagProcessor
[THYMELEAF]             * [* {th:attrappend,data-th-attrappend}] [900]: com.intuit.karate.template.KarateAttributeTagProcessor.KarateAttrappendTagProcessor
[THYMELEAF]             * [* {th:attrprepend,data-th-attrprepend}] [900]: com.intuit.karate.template.KarateAttributeTagProcessor.KarateAttrprependTagProcessor
[THYMELEAF]             * [* {th:alt-title,data-th-alt-title}] [990]: org.thymeleaf.standard.processor.StandardAltTitleTagProcessor
[THYMELEAF]             * [* {th:lang-xmllang,data-th-lang-xmllang}] [990]: org.thymeleaf.standard.processor.StandardLangXmlLangTagProcessor
[THYMELEAF]             * [* {th:action,data-th-action}] [1000]: org.thymeleaf.standard.processor.StandardActionTagProcessor
[THYMELEAF]             * [* {th:scoped,data-th-scoped}] [1000]: org.thymeleaf.standard.processor.StandardConditionalFixedValueTagProcessor
[THYMELEAF]             * [* {th:default,data-th-default}] [1000]: org.thymeleaf.standard.processor.StandardConditionalFixedValueTagProcessor
[THYMELEAF]             * [* {th:required,data-th-required}] [1000]: org.thymeleaf.standard.processor.StandardConditionalFixedValueTagProcessor
[THYMELEAF]             * [* {th:async,data-th-async}] [1000]: org.thymeleaf.standard.processor.StandardConditionalFixedValueTagProcessor
[THYMELEAF]             * [* {th:hidden,data-th-hidden}] [1000]: org.thymeleaf.standard.processor.StandardConditionalFixedValueTagProcessor
[THYMELEAF]             * [* {th:autofocus,data-th-autofocus}] [1000]: org.thymeleaf.standard.processor.StandardConditionalFixedValueTagProcessor
[THYMELEAF]             * [* {th:checked,data-th-checked}] [1000]: org.thymeleaf.standard.processor.StandardConditionalFixedValueTagProcessor
[THYMELEAF]             * [* {th:ismap,data-th-ismap}] [1000]: org.thymeleaf.standard.processor.StandardConditionalFixedValueTagProcessor
[THYMELEAF]             * [* {th:formnovalidate,data-th-formnovalidate}] [1000]: org.thymeleaf.standard.processor.StandardConditionalFixedValueTagProcessor
[THYMELEAF]             * [* {th:seamless,data-th-seamless}] [1000]: org.thymeleaf.standard.processor.StandardConditionalFixedValueTagProcessor
[THYMELEAF]             * [* {th:novalidate,data-th-novalidate}] [1000]: org.thymeleaf.standard.processor.StandardConditionalFixedValueTagProcessor
[THYMELEAF]             * [* {th:disabled,data-th-disabled}] [1000]: org.thymeleaf.standard.processor.StandardConditionalFixedValueTagProcessor
[THYMELEAF]             * [* {th:multiple,data-th-multiple}] [1000]: org.thymeleaf.standard.processor.StandardConditionalFixedValueTagProcessor
[THYMELEAF]             * [* {th:open,data-th-open}] [1000]: org.thymeleaf.standard.processor.StandardConditionalFixedValueTagProcessor
[THYMELEAF]             * [* {th:controls,data-th-controls}] [1000]: org.thymeleaf.standard.processor.StandardConditionalFixedValueTagProcessor
[THYMELEAF]             * [* {th:declare,data-th-declare}] [1000]: org.thymeleaf.standard.processor.StandardConditionalFixedValueTagProcessor
[THYMELEAF]             * [* {th:loop,data-th-loop}] [1000]: org.thymeleaf.standard.processor.StandardConditionalFixedValueTagProcessor
[THYMELEAF]             * [* {th:selected,data-th-selected}] [1000]: org.thymeleaf.standard.processor.StandardConditionalFixedValueTagProcessor
[THYMELEAF]             * [* {th:reversed,data-th-reversed}] [1000]: org.thymeleaf.standard.processor.StandardConditionalFixedValueTagProcessor
[THYMELEAF]             * [* {th:defer,data-th-defer}] [1000]: org.thymeleaf.standard.processor.StandardConditionalFixedValueTagProcessor
[THYMELEAF]             * [* {th:autoplay,data-th-autoplay}] [1000]: org.thymeleaf.standard.processor.StandardConditionalFixedValueTagProcessor
[THYMELEAF]             * [* {th:readonly,data-th-readonly}] [1000]: org.thymeleaf.standard.processor.StandardConditionalFixedValueTagProcessor
[THYMELEAF]             * [* {th:pubdate,data-th-pubdate}] [1000]: org.thymeleaf.standard.processor.StandardConditionalFixedValueTagProcessor
[THYMELEAF]             * [* {th:nowrap,data-th-nowrap}] [1000]: org.thymeleaf.standard.processor.StandardConditionalFixedValueTagProcessor
[THYMELEAF]             * [* {th:onkeypress,data-th-onkeypress}] [1000]: org.thymeleaf.standard.processor.StandardDOMEventAttributeTagProcessor
[THYMELEAF]             * [* {th:onformchange,data-th-onformchange}] [1000]: org.thymeleaf.standard.processor.StandardDOMEventAttributeTagProcessor
[THYMELEAF]             * [* {th:onmessage,data-th-onmessage}] [1000]: org.thymeleaf.standard.processor.StandardDOMEventAttributeTagProcessor
[THYMELEAF]             * [* {th:onredo,data-th-onredo}] [1000]: org.thymeleaf.standard.processor.StandardDOMEventAttributeTagProcessor
[THYMELEAF]             * [* {th:onabort,data-th-onabort}] [1000]: org.thymeleaf.standard.processor.StandardDOMEventAttributeTagProcessor
[THYMELEAF]             * [* {th:onerror,data-th-onerror}] [1000]: org.thymeleaf.standard.processor.StandardDOMEventAttributeTagProcessor
[THYMELEAF]             * [* {th:onsuspend,data-th-onsuspend}] [1000]: org.thymeleaf.standard.processor.StandardDOMEventAttributeTagProcessor
[THYMELEAF]             * [* {th:ontimeupdate,data-th-ontimeupdate}] [1000]: org.thymeleaf.standard.processor.StandardDOMEventAttributeTagProcessor
[THYMELEAF]             * [* {th:onmouseup,data-th-onmouseup}] [1000]: org.thymeleaf.standard.processor.StandardDOMEventAttributeTagProcessor
[THYMELEAF]             * [* {th:onsubmit,data-th-onsubmit}] [1000]: org.thymeleaf.standard.processor.StandardDOMEventAttributeTagProcessor
[THYMELEAF]             * [* {th:onpause,data-th-onpause}] [1000]: org.thymeleaf.standard.processor.StandardDOMEventAttributeTagProcessor
[THYMELEAF]             * [* {th:onmousemove,data-th-onmousemove}] [1000]: org.thymeleaf.standard.processor.StandardDOMEventAttributeTagProcessor
[THYMELEAF]             * [* {th:oncontextmenu,data-th-oncontextmenu}] [1000]: org.thymeleaf.standard.processor.StandardDOMEventAttributeTagProcessor
[THYMELEAF]             * [* {th:onloadeddata,data-th-onloadeddata}] [1000]: org.thymeleaf.standard.processor.StandardDOMEventAttributeTagProcessor
[THYMELEAF]             * [* {th:onreadystatechange,data-th-onreadystatechange}] [1000]: org.thymeleaf.standard.processor.StandardDOMEventAttributeTagProcessor
[THYMELEAF]             * [* {th:oninput,data-th-oninput}] [1000]: org.thymeleaf.standard.processor.StandardDOMEventAttributeTagProcessor
[THYMELEAF]             * [* {th:onseeking,data-th-onseeking}] [1000]: org.thymeleaf.standard.processor.StandardDOMEventAttributeTagProcessor
[THYMELEAF]             * [* {th:onloadedmetadata,data-th-onloadedmetadata}] [1000]: org.thymeleaf.standard.processor.StandardDOMEventAttributeTagProcessor
[THYMELEAF]             * [* {th:onmouseout,data-th-onmouseout}] [1000]: org.thymeleaf.standard.processor.StandardDOMEventAttributeTagProcessor
[THYMELEAF]             * [* {th:onafterprint,data-th-onafterprint}] [1000]: org.thymeleaf.standard.processor.StandardDOMEventAttributeTagProcessor
[THYMELEAF]             * [* {th:onreset,data-th-onreset}] [1000]: org.thymeleaf.standard.processor.StandardDOMEventAttributeTagProcessor
[THYMELEAF]             * [* {th:onkeyup,data-th-onkeyup}] [1000]: org.thymeleaf.standard.processor.StandardDOMEventAttributeTagProcessor
[THYMELEAF]             * [* {th:ondblclick,data-th-ondblclick}] [1000]: org.thymeleaf.standard.processor.StandardDOMEventAttributeTagProcessor
[THYMELEAF]             * [* {th:onload,data-th-onload}] [1000]: org.thymeleaf.standard.processor.StandardDOMEventAttributeTagProcessor
[THYMELEAF]             * [* {th:onresize,data-th-onresize}] [1000]: org.thymeleaf.standard.processor.StandardDOMEventAttributeTagProcessor
[THYMELEAF]             * [* {th:ononline,data-th-ononline}] [1000]: org.thymeleaf.standard.processor.StandardDOMEventAttributeTagProcessor
[THYMELEAF]             * [* {th:onkeydown,data-th-onkeydown}] [1000]: org.thymeleaf.standard.processor.StandardDOMEventAttributeTagProcessor
[THYMELEAF]             * [* {th:onhashchange,data-th-onhashchange}] [1000]: org.thymeleaf.standard.processor.StandardDOMEventAttributeTagProcessor
[THYMELEAF]             * [* {th:onplay,data-th-onplay}] [1000]: org.thymeleaf.standard.processor.StandardDOMEventAttributeTagProcessor
[THYMELEAF]             * [* {th:oncanplay,data-th-oncanplay}] [1000]: org.thymeleaf.standard.processor.StandardDOMEventAttributeTagProcessor
[THYMELEAF]             * [* {th:onshow,data-th-onshow}] [1000]: org.thymeleaf.standard.processor.StandardDOMEventAttributeTagProcessor
[THYMELEAF]             * [* {th:onwaiting,data-th-onwaiting}] [1000]: org.thymeleaf.standard.processor.StandardDOMEventAttributeTagProcessor
[THYMELEAF]             * [* {th:oncanplaythrough,data-th-oncanplaythrough}] [1000]: org.thymeleaf.standard.processor.StandardDOMEventAttributeTagProcessor
[THYMELEAF]             * [* {th:onchange,data-th-onchange}] [1000]: org.thymeleaf.standard.processor.StandardDOMEventAttributeTagProcessor
[THYMELEAF]             * [* {th:oninvalid,data-th-oninvalid}] [1000]: org.thymeleaf.standard.processor.StandardDOMEventAttributeTagProcessor
[THYMELEAF]             * [* {th:onoffline,data-th-onoffline}] [1000]: org.thymeleaf.standard.processor.StandardDOMEventAttributeTagProcessor
[THYMELEAF]             * [* {th:onratechange,data-th-onratechange}] [1000]: org.thymeleaf.standard.processor.StandardDOMEventAttributeTagProcessor
[THYMELEAF]             * [* {th:ondragstart,data-th-ondragstart}] [1000]: org.thymeleaf.standard.processor.StandardDOMEventAttributeTagProcessor
[THYMELEAF]             * [* {th:onunload,data-th-onunload}] [1000]: org.thymeleaf.standard.processor.StandardDOMEventAttributeTagProcessor
[THYMELEAF]             * [* {th:onforminput,data-th-onforminput}] [1000]: org.thymeleaf.standard.processor.StandardDOMEventAttributeTagProcessor
[THYMELEAF]             * [* {th:onplaying,data-th-onplaying}] [1000]: org.thymeleaf.standard.processor.StandardDOMEventAttributeTagProcessor
[THYMELEAF]             * [* {th:onfocus,data-th-onfocus}] [1000]: org.thymeleaf.standard.processor.StandardDOMEventAttributeTagProcessor
[THYMELEAF]             * [* {th:onbeforeunload,data-th-onbeforeunload}] [1000]: org.thymeleaf.standard.processor.StandardDOMEventAttributeTagProcessor
[THYMELEAF]             * [* {th:onseeked,data-th-onseeked}] [1000]: org.thymeleaf.standard.processor.StandardDOMEventAttributeTagProcessor
[THYMELEAF]             * [* {th:onselect,data-th-onselect}] [1000]: org.thymeleaf.standard.processor.StandardDOMEventAttributeTagProcessor
[THYMELEAF]             * [* {th:onmousedown,data-th-onmousedown}] [1000]: org.thymeleaf.standard.processor.StandardDOMEventAttributeTagProcessor
[THYMELEAF]             * [* {th:onloadstart,data-th-onloadstart}] [1000]: org.thymeleaf.standard.processor.StandardDOMEventAttributeTagProcessor
[THYMELEAF]             * [* {th:onscroll,data-th-onscroll}] [1000]: org.thymeleaf.standard.processor.StandardDOMEventAttributeTagProcessor
[THYMELEAF]             * [* {th:onemptied,data-th-onemptied}] [1000]: org.thymeleaf.standard.processor.StandardDOMEventAttributeTagProcessor
[THYMELEAF]             * [* {th:onstalled,data-th-onstalled}] [1000]: org.thymeleaf.standard.processor.StandardDOMEventAttributeTagProcessor
[THYMELEAF]             * [* {th:onmouseover,data-th-onmouseover}] [1000]: org.thymeleaf.standard.processor.StandardDOMEventAttributeTagProcessor
[THYMELEAF]             * [* {th:onvolumechange,data-th-onvolumechange}] [1000]: org.thymeleaf.standard.processor.StandardDOMEventAttributeTagProcessor
[THYMELEAF]             * [* {th:onblur,data-th-onblur}] [1000]: org.thymeleaf.standard.processor.StandardDOMEventAttributeTagProcessor
[THYMELEAF]             * [* {th:ondragenter,data-th-ondragenter}] [1000]: org.thymeleaf.standard.processor.StandardDOMEventAttributeTagProcessor
[THYMELEAF]             * [* {th:ondurationchange,data-th-ondurationchange}] [1000]: org.thymeleaf.standard.processor.StandardDOMEventAttributeTagProcessor
[THYMELEAF]             * [* {th:onclick,data-th-onclick}] [1000]: org.thymeleaf.standard.processor.StandardDOMEventAttributeTagProcessor
[THYMELEAF]             * [* {th:onpopstate,data-th-onpopstate}] [1000]: org.thymeleaf.standard.processor.StandardDOMEventAttributeTagProcessor
[THYMELEAF]             * [* {th:ondrag,data-th-ondrag}] [1000]: org.thymeleaf.standard.processor.StandardDOMEventAttributeTagProcessor
[THYMELEAF]             * [* {th:ondragleave,data-th-ondragleave}] [1000]: org.thymeleaf.standard.processor.StandardDOMEventAttributeTagProcessor
[THYMELEAF]             * [* {th:onprogress,data-th-onprogress}] [1000]: org.thymeleaf.standard.processor.StandardDOMEventAttributeTagProcessor
[THYMELEAF]             * [* {th:ondrop,data-th-ondrop}] [1000]: org.thymeleaf.standard.processor.StandardDOMEventAttributeTagProcessor
[THYMELEAF]             * [* {th:onbeforeprint,data-th-onbeforeprint}] [1000]: org.thymeleaf.standard.processor.StandardDOMEventAttributeTagProcessor
[THYMELEAF]             * [* {th:onstorage,data-th-onstorage}] [1000]: org.thymeleaf.standard.processor.StandardDOMEventAttributeTagProcessor
[THYMELEAF]             * [* {th:ondragover,data-th-ondragover}] [1000]: org.thymeleaf.standard.processor.StandardDOMEventAttributeTagProcessor
[THYMELEAF]             * [* {th:onended,data-th-onended}] [1000]: org.thymeleaf.standard.processor.StandardDOMEventAttributeTagProcessor
[THYMELEAF]             * [* {th:onundo,data-th-onundo}] [1000]: org.thymeleaf.standard.processor.StandardDOMEventAttributeTagProcessor
[THYMELEAF]             * [* {th:ondragend,data-th-ondragend}] [1000]: org.thymeleaf.standard.processor.StandardDOMEventAttributeTagProcessor
[THYMELEAF]             * [* {th:onmousewheel,data-th-onmousewheel}] [1000]: org.thymeleaf.standard.processor.StandardDOMEventAttributeTagProcessor
[THYMELEAF]             * [* {th:href,data-th-href}] [1000]: org.thymeleaf.standard.processor.StandardHrefTagProcessor
[THYMELEAF]             * [* {th:inline,data-th-inline}] [1000]: org.thymeleaf.standard.processor.StandardInlineHTMLTagProcessor
[THYMELEAF]             * [* {th:method,data-th-method}] [1000]: org.thymeleaf.standard.processor.StandardMethodTagProcessor
[THYMELEAF]             * [* {th:name,data-th-name}] [1000]: org.thymeleaf.standard.processor.StandardNonRemovableAttributeTagProcessor
[THYMELEAF]             * [* {th:type,data-th-type}] [1000]: org.thymeleaf.standard.processor.StandardNonRemovableAttributeTagProcessor
[THYMELEAF]             * [* {th:formaction,data-th-formaction}] [1000]: org.thymeleaf.standard.processor.StandardRemovableAttributeTagProcessor
[THYMELEAF]             * [* {th:optimum,data-th-optimum}] [1000]: org.thymeleaf.standard.processor.StandardRemovableAttributeTagProcessor
[THYMELEAF]             * [* {th:form,data-th-form}] [1000]: org.thymeleaf.standard.processor.StandardRemovableAttributeTagProcessor
[THYMELEAF]             * [* {th:poster,data-th-poster}] [1000]: org.thymeleaf.standard.processor.StandardRemovableAttributeTagProcessor
[THYMELEAF]             * [* {th:wrap,data-th-wrap}] [1000]: org.thymeleaf.standard.processor.StandardRemovableAttributeTagProcessor
[THYMELEAF]             * [* {th:formmethod,data-th-formmethod}] [1000]: org.thymeleaf.standard.processor.StandardRemovableAttributeTagProcessor
[THYMELEAF]             * [* {th:spellcheck,data-th-spellcheck}] [1000]: org.thymeleaf.standard.processor.StandardRemovableAttributeTagProcessor
[THYMELEAF]             * [* {th:marginwidth,data-th-marginwidth}] [1000]: org.thymeleaf.standard.processor.StandardRemovableAttributeTagProcessor
[THYMELEAF]             * [* {th:sizes,data-th-sizes}] [1000]: org.thymeleaf.standard.processor.StandardRemovableAttributeTagProcessor
[THYMELEAF]             * [* {th:codetype,data-th-codetype}] [1000]: org.thymeleaf.standard.processor.StandardRemovableAttributeTagProcessor
[THYMELEAF]             * [* {th:valuetype,data-th-valuetype}] [1000]: org.thymeleaf.standard.processor.StandardRemovableAttributeTagProcessor
[THYMELEAF]             * [* {th:label,data-th-label}] [1000]: org.thymeleaf.standard.processor.StandardRemovableAttributeTagProcessor
[THYMELEAF]             * [* {th:hreflang,data-th-hreflang}] [1000]: org.thymeleaf.standard.processor.StandardRemovableAttributeTagProcessor
[THYMELEAF]             * [* {th:codebase,data-th-codebase}] [1000]: org.thymeleaf.standard.processor.StandardRemovableAttributeTagProcessor
[THYMELEAF]             * [* {th:rowspan,data-th-rowspan}] [1000]: org.thymeleaf.standard.processor.StandardRemovableAttributeTagProcessor
[THYMELEAF]             * [* {th:cellpadding,data-th-cellpadding}] [1000]: org.thymeleaf.standard.processor.StandardRemovableAttributeTagProcessor
[THYMELEAF]             * [* {th:step,data-th-step}] [1000]: org.thymeleaf.standard.processor.StandardRemovableAttributeTagProcessor
[THYMELEAF]             * [* {th:for,data-th-for}] [1000]: org.thymeleaf.standard.processor.StandardRemovableAttributeTagProcessor
[THYMELEAF]             * [* {th:span,data-th-span}] [1000]: org.thymeleaf.standard.processor.StandardRemovableAttributeTagProcessor
[THYMELEAF]             * [* {th:min,data-th-min}] [1000]: org.thymeleaf.standard.processor.StandardRemovableAttributeTagProcessor
[THYMELEAF]             * [* {th:classid,data-th-classid}] [1000]: org.thymeleaf.standard.processor.StandardRemovableAttributeTagProcessor
[THYMELEAF]             * [* {th:colspan,data-th-colspan}] [1000]: org.thymeleaf.standard.processor.StandardRemovableAttributeTagProcessor
[THYMELEAF]             * [* {th:id,data-th-id}] [1000]: org.thymeleaf.standard.processor.StandardRemovableAttributeTagProcessor
[THYMELEAF]             * [* {th:rev,data-th-rev}] [1000]: org.thymeleaf.standard.processor.StandardRemovableAttributeTagProcessor
[THYMELEAF]             * [* {th:height,data-th-height}] [1000]: org.thymeleaf.standard.processor.StandardRemovableAttributeTagProcessor
[THYMELEAF]             * [* {th:accept,data-th-accept}] [1000]: org.thymeleaf.standard.processor.StandardRemovableAttributeTagProcessor
[THYMELEAF]             * [* {th:compact,data-th-compact}] [1000]: org.thymeleaf.standard.processor.StandardRemovableAttributeTagProcessor
[THYMELEAF]             * [* {th:max,data-th-max}] [1000]: org.thymeleaf.standard.processor.StandardRemovableAttributeTagProcessor
[THYMELEAF]             * [* {th:lang,data-th-lang}] [1000]: org.thymeleaf.standard.processor.StandardRemovableAttributeTagProcessor
[THYMELEAF]             * [* {th:srclang,data-th-srclang}] [1000]: org.thymeleaf.standard.processor.StandardRemovableAttributeTagProcessor
[THYMELEAF]             * [* {th:alt,data-th-alt}] [1000]: org.thymeleaf.standard.processor.StandardRemovableAttributeTagProcessor
[THYMELEAF]             * [* {th:longdesc,data-th-longdesc}] [1000]: org.thymeleaf.standard.processor.StandardRemovableAttributeTagProcessor
[THYMELEAF]             * [* {th:sandbox,data-th-sandbox}] [1000]: org.thymeleaf.standard.processor.StandardRemovableAttributeTagProcessor
[THYMELEAF]             * [* {th:contenteditable,data-th-contenteditable}] [1000]: org.thymeleaf.standard.processor.StandardRemovableAttributeTagProcessor
[THYMELEAF]             * [* {th:formtarget,data-th-formtarget}] [1000]: org.thymeleaf.standard.processor.StandardRemovableAttributeTagProcessor
[THYMELEAF]             * [* {th:dir,data-th-dir}] [1000]: org.thymeleaf.standard.processor.StandardRemovableAttributeTagProcessor
[THYMELEAF]             * [* {th:radiogroup,data-th-radiogroup}] [1000]: org.thymeleaf.standard.processor.StandardRemovableAttributeTagProcessor
[THYMELEAF]             * [* {th:enctype,data-th-enctype}] [1000]: org.thymeleaf.standard.processor.StandardRemovableAttributeTagProcessor
[THYMELEAF]             * [* {th:icon,data-th-icon}] [1000]: org.thymeleaf.standard.processor.StandardRemovableAttributeTagProcessor
[THYMELEAF]             * [* {th:datetime,data-th-datetime}] [1000]: org.thymeleaf.standard.processor.StandardRemovableAttributeTagProcessor
[THYMELEAF]             * [* {th:rules,data-th-rules}] [1000]: org.thymeleaf.standard.processor.StandardRemovableAttributeTagProcessor
[THYMELEAF]             * [* {th:placeholder,data-th-placeholder}] [1000]: org.thymeleaf.standard.processor.StandardRemovableAttributeTagProcessor
[THYMELEAF]             * [* {th:media,data-th-media}] [1000]: org.thymeleaf.standard.processor.StandardRemovableAttributeTagProcessor
[THYMELEAF]             * [* {th:charset,data-th-charset}] [1000]: org.thymeleaf.standard.processor.StandardRemovableAttributeTagProcessor
[THYMELEAF]             * [* {th:high,data-th-high}] [1000]: org.thymeleaf.standard.processor.StandardRemovableAttributeTagProcessor
[THYMELEAF]             * [* {th:size,data-th-size}] [1000]: org.thymeleaf.standard.processor.StandardRemovableAttributeTagProcessor
[THYMELEAF]             * [* {th:border,data-th-border}] [1000]: org.thymeleaf.standard.processor.StandardRemovableAttributeTagProcessor
[THYMELEAF]             * [* {th:standby,data-th-standby}] [1000]: org.thymeleaf.standard.processor.StandardRemovableAttributeTagProcessor
[THYMELEAF]             * [* {th:dropzone,data-th-dropzone}] [1000]: org.thymeleaf.standard.processor.StandardRemovableAttributeTagProcessor
[THYMELEAF]             * [* {th:draggable,data-th-draggable}] [1000]: org.thymeleaf.standard.processor.StandardRemovableAttributeTagProcessor
[THYMELEAF]             * [* {th:width,data-th-width}] [1000]: org.thymeleaf.standard.processor.StandardRemovableAttributeTagProcessor
[THYMELEAF]             * [* {th:vspace,data-th-vspace}] [1000]: org.thymeleaf.standard.processor.StandardRemovableAttributeTagProcessor
[THYMELEAF]             * [* {th:formenctype,data-th-formenctype}] [1000]: org.thymeleaf.standard.processor.StandardRemovableAttributeTagProcessor
[THYMELEAF]             * [* {th:kind,data-th-kind}] [1000]: org.thymeleaf.standard.processor.StandardRemovableAttributeTagProcessor
[THYMELEAF]             * [* {th:cite,data-th-cite}] [1000]: org.thymeleaf.standard.processor.StandardRemovableAttributeTagProcessor
[THYMELEAF]             * [* {th:manifest,data-th-manifest}] [1000]: org.thymeleaf.standard.processor.StandardRemovableAttributeTagProcessor
[THYMELEAF]             * [* {th:accesskey,data-th-accesskey}] [1000]: org.thymeleaf.standard.processor.StandardRemovableAttributeTagProcessor
[THYMELEAF]             * [* {th:cellspacing,data-th-cellspacing}] [1000]: org.thymeleaf.standard.processor.StandardRemovableAttributeTagProcessor
[THYMELEAF]             * [* {th:rel,data-th-rel}] [1000]: org.thymeleaf.standard.processor.StandardRemovableAttributeTagProcessor
[THYMELEAF]             * [* {th:class,data-th-class}] [1000]: org.thymeleaf.standard.processor.StandardRemovableAttributeTagProcessor
[THYMELEAF]             * [* {th:background,data-th-background}] [1000]: org.thymeleaf.standard.processor.StandardRemovableAttributeTagProcessor
[THYMELEAF]             * [* {th:pattern,data-th-pattern}] [1000]: org.thymeleaf.standard.processor.StandardRemovableAttributeTagProcessor
[THYMELEAF]             * [* {th:autocomplete,data-th-autocomplete}] [1000]: org.thymeleaf.standard.processor.StandardRemovableAttributeTagProcessor
[THYMELEAF]             * [* {th:align,data-th-align}] [1000]: org.thymeleaf.standard.processor.StandardRemovableAttributeTagProcessor
[THYMELEAF]             * [* {th:scope,data-th-scope}] [1000]: org.thymeleaf.standard.processor.StandardRemovableAttributeTagProcessor
[THYMELEAF]             * [* {th:keytype,data-th-keytype}] [1000]: org.thymeleaf.standard.processor.StandardRemovableAttributeTagProcessor
[THYMELEAF]             * [* {th:summary,data-th-summary}] [1000]: org.thymeleaf.standard.processor.StandardRemovableAttributeTagProcessor
[THYMELEAF]             * [* {th:challenge,data-th-challenge}] [1000]: org.thymeleaf.standard.processor.StandardRemovableAttributeTagProcessor
[THYMELEAF]             * [* {th:abbr,data-th-abbr}] [1000]: org.thymeleaf.standard.processor.StandardRemovableAttributeTagProcessor
[THYMELEAF]             * [* {th:list,data-th-list}] [1000]: org.thymeleaf.standard.processor.StandardRemovableAttributeTagProcessor
[THYMELEAF]             * [* {th:frameborder,data-th-frameborder}] [1000]: org.thymeleaf.standard.processor.StandardRemovableAttributeTagProcessor
[THYMELEAF]             * [* {th:cols,data-th-cols}] [1000]: org.thymeleaf.standard.processor.StandardRemovableAttributeTagProcessor
[THYMELEAF]             * [* {th:archive,data-th-archive}] [1000]: org.thymeleaf.standard.processor.StandardRemovableAttributeTagProcessor
[THYMELEAF]             * [* {th:usemap,data-th-usemap}] [1000]: org.thymeleaf.standard.processor.StandardRemovableAttributeTagProcessor
[THYMELEAF]             * [* {th:start,data-th-start}] [1000]: org.thymeleaf.standard.processor.StandardRemovableAttributeTagProcessor
[THYMELEAF]             * [* {th:maxlength,data-th-maxlength}] [1000]: org.thymeleaf.standard.processor.StandardRemovableAttributeTagProcessor
[THYMELEAF]             * [* {th:hspace,data-th-hspace}] [1000]: org.thymeleaf.standard.processor.StandardRemovableAttributeTagProcessor
[THYMELEAF]             * [* {th:preload,data-th-preload}] [1000]: org.thymeleaf.standard.processor.StandardRemovableAttributeTagProcessor
[THYMELEAF]             * [* {th:style,data-th-style}] [1000]: org.thymeleaf.standard.processor.StandardRemovableAttributeTagProcessor
[THYMELEAF]             * [* {th:frame,data-th-frame}] [1000]: org.thymeleaf.standard.processor.StandardRemovableAttributeTagProcessor
[THYMELEAF]             * [* {th:target,data-th-target}] [1000]: org.thymeleaf.standard.processor.StandardRemovableAttributeTagProcessor
[THYMELEAF]             * [* {th:audio,data-th-audio}] [1000]: org.thymeleaf.standard.processor.StandardRemovableAttributeTagProcessor
[THYMELEAF]             * [* {th:axis,data-th-axis}] [1000]: org.thymeleaf.standard.processor.StandardRemovableAttributeTagProcessor
[THYMELEAF]             * [* {th:low,data-th-low}] [1000]: org.thymeleaf.standard.processor.StandardRemovableAttributeTagProcessor
[THYMELEAF]             * [* {th:bgcolor,data-th-bgcolor}] [1000]: org.thymeleaf.standard.processor.StandardRemovableAttributeTagProcessor
[THYMELEAF]             * [* {th:headers,data-th-headers}] [1000]: org.thymeleaf.standard.processor.StandardRemovableAttributeTagProcessor
[THYMELEAF]             * [* {th:scrolling,data-th-scrolling}] [1000]: org.thymeleaf.standard.processor.StandardRemovableAttributeTagProcessor
[THYMELEAF]             * [* {th:title,data-th-title}] [1000]: org.thymeleaf.standard.processor.StandardRemovableAttributeTagProcessor
[THYMELEAF]             * [* {th:contextmenu,data-th-contextmenu}] [1000]: org.thymeleaf.standard.processor.StandardRemovableAttributeTagProcessor
[THYMELEAF]             * [* {th:scheme,data-th-scheme}] [1000]: org.thymeleaf.standard.processor.StandardRemovableAttributeTagProcessor
[THYMELEAF]             * [* {th:content,data-th-content}] [1000]: org.thymeleaf.standard.processor.StandardRemovableAttributeTagProcessor
[THYMELEAF]             * [* {th:accept-charset,data-th-accept-charset}] [1000]: org.thymeleaf.standard.processor.StandardRemovableAttributeTagProcessor
[THYMELEAF]             * [* {th:data,data-th-data}] [1000]: org.thymeleaf.standard.processor.StandardRemovableAttributeTagProcessor
[THYMELEAF]             * [* {th:marginheight,data-th-marginheight}] [1000]: org.thymeleaf.standard.processor.StandardRemovableAttributeTagProcessor
[THYMELEAF]             * [* {th:http-equiv,data-th-http-equiv}] [1000]: org.thymeleaf.standard.processor.StandardRemovableAttributeTagProcessor
[THYMELEAF]             * [* {th:rows,data-th-rows}] [1000]: org.thymeleaf.standard.processor.StandardRemovableAttributeTagProcessor
[THYMELEAF]             * [* {th:tabindex,data-th-tabindex}] [1000]: org.thymeleaf.standard.processor.StandardRemovableAttributeTagProcessor
[THYMELEAF]             * [* {th:src,data-th-src}] [1000]: org.thymeleaf.standard.processor.StandardSrcTagProcessor
[THYMELEAF]             * [* {th:value,data-th-value}] [1000]: org.thymeleaf.standard.processor.StandardValueTagProcessor
[THYMELEAF]             * [* {th:xmlbase,data-th-xmlbase}] [1000]: org.thymeleaf.standard.processor.StandardXmlBaseTagProcessor
[THYMELEAF]             * [* {th:xmllang,data-th-xmllang}] [1000]: org.thymeleaf.standard.processor.StandardXmlLangTagProcessor
[THYMELEAF]             * [* {xmlns:th}] [1000]: org.thymeleaf.standard.processor.StandardXmlNsTagProcessor
[THYMELEAF]             * [* {th:xmlspace,data-th-xmlspace}] [1000]: org.thymeleaf.standard.processor.StandardXmlSpaceTagProcessor
[THYMELEAF]             * [* {th:classappend,data-th-classappend}] [1100]: org.thymeleaf.standard.processor.StandardClassappendTagProcessor
[THYMELEAF]             * [* {th:styleappend,data-th-styleappend}] [1100]: org.thymeleaf.standard.processor.StandardStyleappendTagProcessor
[THYMELEAF]             * [* {th:text,data-th-text}] [1300]: org.thymeleaf.standard.processor.StandardTextTagProcessor
[THYMELEAF]             * [* {th:utext,data-th-utext}] [1400]: org.thymeleaf.standard.processor.StandardUtextTagProcessor
[THYMELEAF]             * [* {th:fragment,data-th-fragment}] [1500]: org.thymeleaf.standard.processor.StandardFragmentTagProcessor
[THYMELEAF]             * [* {th:assert,data-th-assert}] [1550]: org.thymeleaf.standard.processor.StandardAssertTagProcessor
[THYMELEAF]             * [* {th:remove,data-th-remove}] [1600]: org.thymeleaf.standard.processor.StandardRemoveTagProcessor
[THYMELEAF]             * [* {th:ref,data-th-ref}] [10000]: org.thymeleaf.standard.processor.StandardRefAttributeTagProcessor
[THYMELEAF]             * [{th:block,th-block} *] [100000]: org.thymeleaf.standard.processor.StandardBlockTagProcessor
[THYMELEAF]             * [* th:*] [2147483647]: org.thymeleaf.standard.processor.StandardDefaultAttributesTagProcessor
[THYMELEAF]         * Text Processors by [precedence]:
[THYMELEAF]             * [1000]: org.thymeleaf.standard.processor.StandardInliningTextProcessor
[THYMELEAF]         * DOCTYPE Processors by [precedence]:
[THYMELEAF]             * [1000]: org.thymeleaf.standard.processor.StandardTranslationDocTypeProcessor
[THYMELEAF]         * CDATA Section Processors by [precedence]:
[THYMELEAF]             * [1000]: org.thymeleaf.standard.processor.StandardInliningCDATASectionProcessor
[THYMELEAF]         * Comment Processors by [precedence]:
[THYMELEAF]             * [1000]: org.thymeleaf.standard.processor.StandardInliningCommentProcessor
[THYMELEAF]             * [1100]: org.thymeleaf.standard.processor.StandardConditionalCommentProcessor
[THYMELEAF]     * Processors for Template Mode: XML
[THYMELEAF]         * Element Tag Processors by [matching element and attribute name] [precedence]:
[THYMELEAF]             * [* {th:include}] [100]: org.thymeleaf.standard.processor.StandardIncludeTagProcessor
[THYMELEAF]             * [* {th:insert}] [100]: org.thymeleaf.standard.processor.StandardInsertTagProcessor
[THYMELEAF]             * [* {th:replace}] [100]: org.thymeleaf.standard.processor.StandardReplaceTagProcessor
[THYMELEAF]             * [* {th:each}] [200]: com.intuit.karate.template.KarateEachTagProcessor
[THYMELEAF]             * [* {th:switch}] [250]: org.thymeleaf.standard.processor.StandardSwitchTagProcessor
[THYMELEAF]             * [* {th:case}] [275]: org.thymeleaf.standard.processor.StandardCaseTagProcessor
[THYMELEAF]             * [* {th:if}] [300]: org.thymeleaf.standard.processor.StandardIfTagProcessor
[THYMELEAF]             * [* {th:unless}] [400]: org.thymeleaf.standard.processor.StandardUnlessTagProcessor
[THYMELEAF]             * [* {th:object}] [500]: org.thymeleaf.standard.processor.StandardObjectTagProcessor
[THYMELEAF]             * [* {th:with}] [600]: com.intuit.karate.template.KarateWithTagProcessor
[THYMELEAF]             * [* {th:attr}] [700]: com.intuit.karate.template.KarateAttributeTagProcessor.KarateAttrTagProcessor
[THYMELEAF]             * [* {th:attrappend}] [900]: com.intuit.karate.template.KarateAttributeTagProcessor.KarateAttrappendTagProcessor
[THYMELEAF]             * [* {th:attrprepend}] [900]: com.intuit.karate.template.KarateAttributeTagProcessor.KarateAttrprependTagProcessor
[THYMELEAF]             * [* {th:inline}] [1000]: org.thymeleaf.standard.processor.StandardInlineXMLTagProcessor
[THYMELEAF]             * [* {xmlns:th}] [1000]: org.thymeleaf.standard.processor.StandardXmlNsTagProcessor
[THYMELEAF]             * [* {th:text}] [1300]: org.thymeleaf.standard.processor.StandardTextTagProcessor
[THYMELEAF]             * [* {th:utext}] [1400]: org.thymeleaf.standard.processor.StandardUtextTagProcessor
[THYMELEAF]             * [* {th:fragment}] [1500]: org.thymeleaf.standard.processor.StandardFragmentTagProcessor
[THYMELEAF]             * [* {th:assert}] [1550]: org.thymeleaf.standard.processor.StandardAssertTagProcessor
[THYMELEAF]             * [* {th:remove}] [1600]: org.thymeleaf.standard.processor.StandardRemoveTagProcessor
[THYMELEAF]             * [* {th:ref}] [10000]: org.thymeleaf.standard.processor.StandardRefAttributeTagProcessor
[THYMELEAF]             * [{th:block} *] [100000]: org.thymeleaf.standard.processor.StandardBlockTagProcessor
[THYMELEAF]             * [* th:*] [2147483647]: org.thymeleaf.standard.processor.StandardDefaultAttributesTagProcessor
[THYMELEAF]         * Text Processors by [precedence]:
[THYMELEAF]             * [1000]: org.thymeleaf.standard.processor.StandardInliningTextProcessor
[THYMELEAF]         * CDATA Section Processors by [precedence]:
[THYMELEAF]             * [1000]: org.thymeleaf.standard.processor.StandardInliningCDATASectionProcessor
[THYMELEAF]         * Comment Processors by [precedence]:
[THYMELEAF]             * [1000]: org.thymeleaf.standard.processor.StandardInliningCommentProcessor
[THYMELEAF]     * Processors for Template Mode: TEXT
[THYMELEAF]         * Element Tag Processors by [matching element and attribute name] [precedence]:
[THYMELEAF]             * [* {th:insert}] [100]: org.thymeleaf.standard.processor.StandardInsertTagProcessor
[THYMELEAF]             * [* {th:replace}] [100]: org.thymeleaf.standard.processor.StandardReplaceTagProcessor
[THYMELEAF]             * [* {th:each}] [200]: com.intuit.karate.template.KarateEachTagProcessor
[THYMELEAF]             * [* {th:switch}] [250]: org.thymeleaf.standard.processor.StandardSwitchTagProcessor
[THYMELEAF]             * [* {th:case}] [275]: org.thymeleaf.standard.processor.StandardCaseTagProcessor
[THYMELEAF]             * [* {th:if}] [300]: org.thymeleaf.standard.processor.StandardIfTagProcessor
[THYMELEAF]             * [* {th:unless}] [400]: org.thymeleaf.standard.processor.StandardUnlessTagProcessor
[THYMELEAF]             * [* {th:object}] [500]: org.thymeleaf.standard.processor.StandardObjectTagProcessor
[THYMELEAF]             * [* {th:with}] [600]: com.intuit.karate.template.KarateWithTagProcessor
[THYMELEAF]             * [* {th:inline}] [1000]: org.thymeleaf.standard.processor.StandardInlineTextualTagProcessor
[THYMELEAF]             * [* {th:text}] [1300]: org.thymeleaf.standard.processor.StandardTextTagProcessor
[THYMELEAF]             * [* {th:utext}] [1400]: org.thymeleaf.standard.processor.StandardUtextTagProcessor
[THYMELEAF]             * [* {th:assert}] [1550]: org.thymeleaf.standard.processor.StandardAssertTagProcessor
[THYMELEAF]             * [* {th:remove}] [1600]: org.thymeleaf.standard.processor.StandardRemoveTagProcessor
[THYMELEAF]             * [* 100000] [org.thymeleaf.standard.processor.StandardBlockTagProcessor]: {}
[THYMELEAF]             * [{th:block} *] [100000]: org.thymeleaf.standard.processor.StandardBlockTagProcessor
[THYMELEAF]         * Text Processors by [precedence]:
[THYMELEAF]             * [1000]: org.thymeleaf.standard.processor.StandardInliningTextProcessor
[THYMELEAF]     * Processors for Template Mode: JAVASCRIPT
[THYMELEAF]         * Element Tag Processors by [matching element and attribute name] [precedence]:
[THYMELEAF]             * [* {th:insert}] [100]: org.thymeleaf.standard.processor.StandardInsertTagProcessor
[THYMELEAF]             * [* {th:replace}] [100]: org.thymeleaf.standard.processor.StandardReplaceTagProcessor
[THYMELEAF]             * [* {th:each}] [200]: com.intuit.karate.template.KarateEachTagProcessor
[THYMELEAF]             * [* {th:switch}] [250]: org.thymeleaf.standard.processor.StandardSwitchTagProcessor
[THYMELEAF]             * [* {th:case}] [275]: org.thymeleaf.standard.processor.StandardCaseTagProcessor
[THYMELEAF]             * [* {th:if}] [300]: org.thymeleaf.standard.processor.StandardIfTagProcessor
[THYMELEAF]             * [* {th:unless}] [400]: org.thymeleaf.standard.processor.StandardUnlessTagProcessor
[THYMELEAF]             * [* {th:object}] [500]: org.thymeleaf.standard.processor.StandardObjectTagProcessor
[THYMELEAF]             * [* {th:with}] [600]: com.intuit.karate.template.KarateWithTagProcessor
[THYMELEAF]             * [* {th:inline}] [1000]: org.thymeleaf.standard.processor.StandardInlineTextualTagProcessor
[THYMELEAF]             * [* {th:text}] [1300]: org.thymeleaf.standard.processor.StandardTextTagProcessor
[THYMELEAF]             * [* {th:utext}] [1400]: org.thymeleaf.standard.processor.StandardUtextTagProcessor
[THYMELEAF]             * [* {th:assert}] [1550]: org.thymeleaf.standard.processor.StandardAssertTagProcessor
[THYMELEAF]             * [* {th:remove}] [1600]: org.thymeleaf.standard.processor.StandardRemoveTagProcessor
[THYMELEAF]             * [{th:block} *] [100000]: org.thymeleaf.standard.processor.StandardBlockTagProcessor
[THYMELEAF]             * [* 100000] [org.thymeleaf.standard.processor.StandardBlockTagProcessor]: {}
[THYMELEAF]         * Text Processors by [precedence]:
[THYMELEAF]             * [1000]: org.thymeleaf.standard.processor.StandardInliningTextProcessor
[THYMELEAF]     * Processors for Template Mode: CSS
[THYMELEAF]         * Element Tag Processors by [matching element and attribute name] [precedence]:
[THYMELEAF]             * [* {th:insert}] [100]: org.thymeleaf.standard.processor.StandardInsertTagProcessor
[THYMELEAF]             * [* {th:replace}] [100]: org.thymeleaf.standard.processor.StandardReplaceTagProcessor
[THYMELEAF]             * [* {th:each}] [200]: com.intuit.karate.template.KarateEachTagProcessor
[THYMELEAF]             * [* {th:switch}] [250]: org.thymeleaf.standard.processor.StandardSwitchTagProcessor
[THYMELEAF]             * [* {th:case}] [275]: org.thymeleaf.standard.processor.StandardCaseTagProcessor
[THYMELEAF]             * [* {th:if}] [300]: org.thymeleaf.standard.processor.StandardIfTagProcessor
[THYMELEAF]             * [* {th:unless}] [400]: org.thymeleaf.standard.processor.StandardUnlessTagProcessor
[THYMELEAF]             * [* {th:object}] [500]: org.thymeleaf.standard.processor.StandardObjectTagProcessor
[THYMELEAF]             * [* {th:with}] [600]: com.intuit.karate.template.KarateWithTagProcessor
[THYMELEAF]             * [* {th:inline}] [1000]: org.thymeleaf.standard.processor.StandardInlineTextualTagProcessor
[THYMELEAF]             * [* {th:text}] [1300]: org.thymeleaf.standard.processor.StandardTextTagProcessor
[THYMELEAF]             * [* {th:utext}] [1400]: org.thymeleaf.standard.processor.StandardUtextTagProcessor
[THYMELEAF]             * [* {th:assert}] [1550]: org.thymeleaf.standard.processor.StandardAssertTagProcessor
[THYMELEAF]             * [* {th:remove}] [1600]: org.thymeleaf.standard.processor.StandardRemoveTagProcessor
[THYMELEAF]             * [* 100000] [org.thymeleaf.standard.processor.StandardBlockTagProcessor]: {}
[THYMELEAF]             * [{th:block} *] [100000]: org.thymeleaf.standard.processor.StandardBlockTagProcessor
[THYMELEAF]         * Text Processors by [precedence]:
[THYMELEAF]             * [1000]: org.thymeleaf.standard.processor.StandardInliningTextProcessor
[THYMELEAF]     * Expression Objects:
[THYMELEAF]         * #ctx
[THYMELEAF]         * #root
[THYMELEAF]         * #vars
[THYMELEAF]         * #object
[THYMELEAF]         * #locale
[THYMELEAF]         * #conversions
[THYMELEAF]         * #uris
[THYMELEAF]         * #temporals
[THYMELEAF]         * #calendars
[THYMELEAF]         * #dates
[THYMELEAF]         * #bools
[THYMELEAF]         * #numbers
[THYMELEAF]         * #objects
[THYMELEAF]         * #strings
[THYMELEAF]         * #arrays
[THYMELEAF]         * #lists
[THYMELEAF]         * #sets
[THYMELEAF]         * #maps
[THYMELEAF]         * #aggregates
[THYMELEAF]         * #messages
[THYMELEAF]         * #ids
[THYMELEAF]         * #execInfo
[THYMELEAF]         * #request
[THYMELEAF]         * #response
[THYMELEAF]         * #session
[THYMELEAF]         * #servletContext
[THYMELEAF]     * Execution Attributes:
[THYMELEAF]         * "StandardExpressionParser": com.intuit.karate.template.KarateStandardDialect@453a30f8
[THYMELEAF]         * "StandardJavaScriptSerializer": org.thymeleaf.standard.serializer.StandardJavaScriptSerializer@127d2aee
[THYMELEAF]         * "StandardCSSSerializer": org.thymeleaf.standard.serializer.StandardCSSSerializer@3cc2e3e
[THYMELEAF]         * "StandardVariableExpressionEvaluator": com.intuit.karate.template.KarateStandardDialect@453a30f8
[THYMELEAF]         * "StandardConversionService": org.thymeleaf.standard.expression.StandardConversionService@4e14d520
[THYMELEAF] * Dialect [2 of 2]: karate (com.intuit.karate.template.KarateScriptDialect)
[THYMELEAF]     * Prefix: "ka"
[THYMELEAF]     * Processors for Template Mode: HTML
[THYMELEAF]         * Element Tag Processors by [matching element and attribute name] [precedence]:
[THYMELEAF]             * [* {src}] [1000]: com.intuit.karate.template.KaScriptAttrProcessor
[THYMELEAF]         * Element Model Processors by [matching element and attribute name] [precedence]:
[THYMELEAF]             * [{script} {ka:scope,data-ka-scope}] [1000]: com.intuit.karate.template.KaScriptElemProcessor
[THYMELEAF]             * [* {ka:set,data-ka-set}] [1000]: com.intuit.karate.template.KaSetElemProcessor
[THYMELEAF] TEMPLATE ENGINE CONFIGURED OK
20:00:07.966 [main] DEBUG org.thymeleaf.TemplateEngine -- [THYMELEAF] TEMPLATE ENGINE INITIALIZED
20:00:07.985 [main] DEBUG org.thymeleaf.TemplateEngine -- [THYMELEAF] INITIALIZING TEMPLATE ENGINE
20:00:08.004 [main] DEBUG org.thymeleaf.TemplateEngine.CONFIG -- Initializing Thymeleaf Template engine configuration...
[THYMELEAF] TEMPLATE ENGINE CONFIGURATION:
[THYMELEAF] * Thymeleaf version: 3.1.2.RELEASE (built 2023-07-30T19:25:50+0000)
[THYMELEAF] * Cache Manager implementation: org.thymeleaf.cache.StandardCacheManager
[THYMELEAF] * Template resolvers:
[THYMELEAF]     * [1] com.intuit.karate.template.ResourceHtmlTemplateResolver
[THYMELEAF] * Message resolvers:
[THYMELEAF]     * org.thymeleaf.messageresolver.StandardMessageResolver
[THYMELEAF] * Link builders:
[THYMELEAF]     * org.thymeleaf.linkbuilder.StandardLinkBuilder
[THYMELEAF] * Dialect [1 of 2]: Standard (com.intuit.karate.template.KarateStandardDialect)
[THYMELEAF]     * Prefix: "th"
[THYMELEAF]     * Processors for Template Mode: HTML
[THYMELEAF]         * Element Tag Processors by [matching element and attribute name] [precedence]:
[THYMELEAF]             * [* {th:include,data-th-include}] [100]: org.thymeleaf.standard.processor.StandardIncludeTagProcessor
[THYMELEAF]             * [* {th:insert,data-th-insert}] [100]: org.thymeleaf.standard.processor.StandardInsertTagProcessor
[THYMELEAF]             * [* {th:replace,data-th-replace}] [100]: org.thymeleaf.standard.processor.StandardReplaceTagProcessor
[THYMELEAF]             * [* {th:each,data-th-each}] [200]: com.intuit.karate.template.KarateEachTagProcessor
[THYMELEAF]             * [* {th:switch,data-th-switch}] [250]: org.thymeleaf.standard.processor.StandardSwitchTagProcessor
[THYMELEAF]             * [* {th:case,data-th-case}] [275]: org.thymeleaf.standard.processor.StandardCaseTagProcessor
[THYMELEAF]             * [* {th:if,data-th-if}] [300]: org.thymeleaf.standard.processor.StandardIfTagProcessor
[THYMELEAF]             * [* {th:unless,data-th-unless}] [400]: org.thymeleaf.standard.processor.StandardUnlessTagProcessor
[THYMELEAF]             * [* {th:object,data-th-object}] [500]: org.thymeleaf.standard.processor.StandardObjectTagProcessor
[THYMELEAF]             * [* {th:with,data-th-with}] [600]: com.intuit.karate.template.KarateWithTagProcessor
[THYMELEAF]             * [* {th:attr,data-th-attr}] [700]: com.intuit.karate.template.KarateAttributeTagProcessor.KarateAttrTagProcessor
[THYMELEAF]             * [* {th:attrappend,data-th-attrappend}] [900]: com.intuit.karate.template.KarateAttributeTagProcessor.KarateAttrappendTagProcessor
[THYMELEAF]             * [* {th:attrprepend,data-th-attrprepend}] [900]: com.intuit.karate.template.KarateAttributeTagProcessor.KarateAttrprependTagProcessor
[THYMELEAF]             * [* {th:alt-title,data-th-alt-title}] [990]: org.thymeleaf.standard.processor.StandardAltTitleTagProcessor
[THYMELEAF]             * [* {th:lang-xmllang,data-th-lang-xmllang}] [990]: org.thymeleaf.standard.processor.StandardLangXmlLangTagProcessor
[THYMELEAF]             * [* {th:action,data-th-action}] [1000]: org.thymeleaf.standard.processor.StandardActionTagProcessor
[THYMELEAF]             * [* {th:defer,data-th-defer}] [1000]: org.thymeleaf.standard.processor.StandardConditionalFixedValueTagProcessor
[THYMELEAF]             * [* {th:formnovalidate,data-th-formnovalidate}] [1000]: org.thymeleaf.standard.processor.StandardConditionalFixedValueTagProcessor
[THYMELEAF]             * [* {th:hidden,data-th-hidden}] [1000]: org.thymeleaf.standard.processor.StandardConditionalFixedValueTagProcessor
[THYMELEAF]             * [* {th:novalidate,data-th-novalidate}] [1000]: org.thymeleaf.standard.processor.StandardConditionalFixedValueTagProcessor
[THYMELEAF]             * [* {th:seamless,data-th-seamless}] [1000]: org.thymeleaf.standard.processor.StandardConditionalFixedValueTagProcessor
[THYMELEAF]             * [* {th:multiple,data-th-multiple}] [1000]: org.thymeleaf.standard.processor.StandardConditionalFixedValueTagProcessor
[THYMELEAF]             * [* {th:disabled,data-th-disabled}] [1000]: org.thymeleaf.standard.processor.StandardConditionalFixedValueTagProcessor
[THYMELEAF]             * [* {th:readonly,data-th-readonly}] [1000]: org.thymeleaf.standard.processor.StandardConditionalFixedValueTagProcessor
[THYMELEAF]             * [* {th:pubdate,data-th-pubdate}] [1000]: org.thymeleaf.standard.processor.StandardConditionalFixedValueTagProcessor
[THYMELEAF]             * [* {th:autofocus,data-th-autofocus}] [1000]: org.thymeleaf.standard.processor.StandardConditionalFixedValueTagProcessor
[THYMELEAF]             * [* {th:selected,data-th-selected}] [1000]: org.thymeleaf.standard.processor.StandardConditionalFixedValueTagProcessor
[THYMELEAF]             * [* {th:nowrap,data-th-nowrap}] [1000]: org.thymeleaf.standard.processor.StandardConditionalFixedValueTagProcessor
[THYMELEAF]             * [* {th:required,data-th-required}] [1000]: org.thymeleaf.standard.processor.StandardConditionalFixedValueTagProcessor
[THYMELEAF]             * [* {th:controls,data-th-controls}] [1000]: org.thymeleaf.standard.processor.StandardConditionalFixedValueTagProcessor
[THYMELEAF]             * [* {th:async,data-th-async}] [1000]: org.thymeleaf.standard.processor.StandardConditionalFixedValueTagProcessor
[THYMELEAF]             * [* {th:default,data-th-default}] [1000]: org.thymeleaf.standard.processor.StandardConditionalFixedValueTagProcessor
[THYMELEAF]             * [* {th:checked,data-th-checked}] [1000]: org.thymeleaf.standard.processor.StandardConditionalFixedValueTagProcessor
[THYMELEAF]             * [* {th:ismap,data-th-ismap}] [1000]: org.thymeleaf.standard.processor.StandardConditionalFixedValueTagProcessor
[THYMELEAF]             * [* {th:declare,data-th-declare}] [1000]: org.thymeleaf.standard.processor.StandardConditionalFixedValueTagProcessor
[THYMELEAF]             * [* {th:loop,data-th-loop}] [1000]: org.thymeleaf.standard.processor.StandardConditionalFixedValueTagProcessor
[THYMELEAF]             * [* {th:reversed,data-th-reversed}] [1000]: org.thymeleaf.standard.processor.StandardConditionalFixedValueTagProcessor
[THYMELEAF]             * [* {th:scoped,data-th-scoped}] [1000]: org.thymeleaf.standard.processor.StandardConditionalFixedValueTagProcessor
[THYMELEAF]             * [* {th:open,data-th-open}] [1000]: org.thymeleaf.standard.processor.StandardConditionalFixedValueTagProcessor
[THYMELEAF]             * [* {th:autoplay,data-th-autoplay}] [1000]: org.thymeleaf.standard.processor.StandardConditionalFixedValueTagProcessor
[THYMELEAF]             * [* {th:onforminput,data-th-onforminput}] [1000]: org.thymeleaf.standard.processor.StandardDOMEventAttributeTagProcessor
[THYMELEAF]             * [* {th:onmousemove,data-th-onmousemove}] [1000]: org.thymeleaf.standard.processor.StandardDOMEventAttributeTagProcessor
[THYMELEAF]             * [* {th:ondrop,data-th-ondrop}] [1000]: org.thymeleaf.standard.processor.StandardDOMEventAttributeTagProcessor
[THYMELEAF]             * [* {th:ontimeupdate,data-th-ontimeupdate}] [1000]: org.thymeleaf.standard.processor.StandardDOMEventAttributeTagProcessor
[THYMELEAF]             * [* {th:onended,data-th-onended}] [1000]: org.thymeleaf.standard.processor.StandardDOMEventAttributeTagProcessor
[THYMELEAF]             * [* {th:onbeforeunload,data-th-onbeforeunload}] [1000]: org.thymeleaf.standard.processor.StandardDOMEventAttributeTagProcessor
[THYMELEAF]             * [* {th:onvolumechange,data-th-onvolumechange}] [1000]: org.thymeleaf.standard.processor.StandardDOMEventAttributeTagProcessor
[THYMELEAF]             * [* {th:onabort,data-th-onabort}] [1000]: org.thymeleaf.standard.processor.StandardDOMEventAttributeTagProcessor
[THYMELEAF]             * [* {th:oncanplay,data-th-oncanplay}] [1000]: org.thymeleaf.standard.processor.StandardDOMEventAttributeTagProcessor
[THYMELEAF]             * [* {th:onstalled,data-th-onstalled}] [1000]: org.thymeleaf.standard.processor.StandardDOMEventAttributeTagProcessor
[THYMELEAF]             * [* {th:onratechange,data-th-onratechange}] [1000]: org.thymeleaf.standard.processor.StandardDOMEventAttributeTagProcessor
[THYMELEAF]             * [* {th:onmouseover,data-th-onmouseover}] [1000]: org.thymeleaf.standard.processor.StandardDOMEventAttributeTagProcessor
[THYMELEAF]             * [* {th:onselect,data-th-onselect}] [1000]: org.thymeleaf.standard.processor.StandardDOMEventAttributeTagProcessor
[THYMELEAF]             * [* {th:onplaying,data-th-onplaying}] [1000]: org.thymeleaf.standard.processor.StandardDOMEventAttributeTagProcessor
[THYMELEAF]             * [* {th:onerror,data-th-onerror}] [1000]: org.thymeleaf.standard.processor.StandardDOMEventAttributeTagProcessor
[THYMELEAF]             * [* {th:onoffline,data-th-onoffline}] [1000]: org.thymeleaf.standard.processor.StandardDOMEventAttributeTagProcessor
[THYMELEAF]             * [* {th:onclick,data-th-onclick}] [1000]: org.thymeleaf.standard.processor.StandardDOMEventAttributeTagProcessor
[THYMELEAF]             * [* {th:onmouseup,data-th-onmouseup}] [1000]: org.thymeleaf.standard.processor.StandardDOMEventAttributeTagProcessor
[THYMELEAF]             * [* {th:onchange,data-th-onchange}] [1000]: org.thymeleaf.standard.processor.StandardDOMEventAttributeTagProcessor
[THYMELEAF]             * [* {th:ondrag,data-th-ondrag}] [1000]: org.thymeleaf.standard.processor.StandardDOMEventAttributeTagProcessor
[THYMELEAF]             * [* {th:onfocus,data-th-onfocus}] [1000]: org.thymeleaf.standard.processor.StandardDOMEventAttributeTagProcessor
[THYMELEAF]             * [* {th:onundo,data-th-onundo}] [1000]: org.thymeleaf.standard.processor.StandardDOMEventAttributeTagProcessor
[THYMELEAF]             * [* {th:onunload,data-th-onunload}] [1000]: org.thymeleaf.standard.processor.StandardDOMEventAttributeTagProcessor
[THYMELEAF]             * [* {th:onreset,data-th-onreset}] [1000]: org.thymeleaf.standard.processor.StandardDOMEventAttributeTagProcessor
[THYMELEAF]             * [* {th:onafterprint,data-th-onafterprint}] [1000]: org.thymeleaf.standard.processor.StandardDOMEventAttributeTagProcessor
[THYMELEAF]             * [* {th:onreadystatechange,data-th-onreadystatechange}] [1000]: org.thymeleaf.standard.processor.StandardDOMEventAttributeTagProcessor
[THYMELEAF]             * [* {th:onredo,data-th-onredo}] [1000]: org.thymeleaf.standard.processor.StandardDOMEventAttributeTagProcessor
[THYMELEAF]             * [* {th:oncanplaythrough,data-th-oncanplaythrough}] [1000]: org.thymeleaf.standard.processor.StandardDOMEventAttributeTagProcessor
[THYMELEAF]             * [* {th:onseeked,data-th-onseeked}] [1000]: org.thymeleaf.standard.processor.StandardDOMEventAttributeTagProcessor
[THYMELEAF]             * [* {th:onbeforeprint,data-th-onbeforeprint}] [1000]: org.thymeleaf.standard.processor.StandardDOMEventAttributeTagProcessor
[THYMELEAF]             * [* {th:onformchange,data-th-onformchange}] [1000]: org.thymeleaf.standard.processor.StandardDOMEventAttributeTagProcessor
[THYMELEAF]             * [* {th:onsubmit,data-th-onsubmit}] [1000]: org.thymeleaf.standard.processor.StandardDOMEventAttributeTagProcessor
[THYMELEAF]             * [* {th:onpause,data-th-onpause}] [1000]: org.thymeleaf.standard.processor.StandardDOMEventAttributeTagProcessor
[THYMELEAF]             * [* {th:ondragend,data-th-ondragend}] [1000]: org.thymeleaf.standard.processor.StandardDOMEventAttributeTagProcessor
[THYMELEAF]             * [* {th:oninput,data-th-oninput}] [1000]: org.thymeleaf.standard.processor.StandardDOMEventAttributeTagProcessor
[THYMELEAF]             * [* {th:onblur,data-th-onblur}] [1000]: org.thymeleaf.standard.processor.StandardDOMEventAttributeTagProcessor
[THYMELEAF]             * [* {th:ondragover,data-th-ondragover}] [1000]: org.thymeleaf.standard.processor.StandardDOMEventAttributeTagProcessor
[THYMELEAF]             * [* {th:onshow,data-th-onshow}] [1000]: org.thymeleaf.standard.processor.StandardDOMEventAttributeTagProcessor
[THYMELEAF]             * [* {th:onkeypress,data-th-onkeypress}] [1000]: org.thymeleaf.standard.processor.StandardDOMEventAttributeTagProcessor
[THYMELEAF]             * [* {th:ondurationchange,data-th-ondurationchange}] [1000]: org.thymeleaf.standard.processor.StandardDOMEventAttributeTagProcessor
[THYMELEAF]             * [* {th:onseeking,data-th-onseeking}] [1000]: org.thymeleaf.standard.processor.StandardDOMEventAttributeTagProcessor
[THYMELEAF]             * [* {th:ondragenter,data-th-ondragenter}] [1000]: org.thymeleaf.standard.processor.StandardDOMEventAttributeTagProcessor
[THYMELEAF]             * [* {th:onmessage,data-th-onmessage}] [1000]: org.thymeleaf.standard.processor.StandardDOMEventAttributeTagProcessor
[THYMELEAF]             * [* {th:ondragstart,data-th-ondragstart}] [1000]: org.thymeleaf.standard.processor.StandardDOMEventAttributeTagProcessor
[THYMELEAF]             * [* {th:onstorage,data-th-onstorage}] [1000]: org.thymeleaf.standard.processor.StandardDOMEventAttributeTagProcessor
[THYMELEAF]             * [* {th:onhashchange,data-th-onhashchange}] [1000]: org.thymeleaf.standard.processor.StandardDOMEventAttributeTagProcessor
[THYMELEAF]             * [* {th:ondragleave,data-th-ondragleave}] [1000]: org.thymeleaf.standard.processor.StandardDOMEventAttributeTagProcessor
[THYMELEAF]             * [* {th:onpopstate,data-th-onpopstate}] [1000]: org.thymeleaf.standard.processor.StandardDOMEventAttributeTagProcessor
[THYMELEAF]             * [* {th:oncontextmenu,data-th-oncontextmenu}] [1000]: org.thymeleaf.standard.processor.StandardDOMEventAttributeTagProcessor
[THYMELEAF]             * [* {th:ononline,data-th-ononline}] [1000]: org.thymeleaf.standard.processor.StandardDOMEventAttributeTagProcessor
[THYMELEAF]             * [* {th:onkeyup,data-th-onkeyup}] [1000]: org.thymeleaf.standard.processor.StandardDOMEventAttributeTagProcessor
[THYMELEAF]             * [* {th:onloadeddata,data-th-onloadeddata}] [1000]: org.thymeleaf.standard.processor.StandardDOMEventAttributeTagProcessor
[THYMELEAF]             * [* {th:onemptied,data-th-onemptied}] [1000]: org.thymeleaf.standard.processor.StandardDOMEventAttributeTagProcessor
[THYMELEAF]             * [* {th:onwaiting,data-th-onwaiting}] [1000]: org.thymeleaf.standard.processor.StandardDOMEventAttributeTagProcessor
[THYMELEAF]             * [* {th:oninvalid,data-th-oninvalid}] [1000]: org.thymeleaf.standard.processor.StandardDOMEventAttributeTagProcessor
[THYMELEAF]             * [* {th:onkeydown,data-th-onkeydown}] [1000]: org.thymeleaf.standard.processor.StandardDOMEventAttributeTagProcessor
[THYMELEAF]             * [* {th:onplay,data-th-onplay}] [1000]: org.thymeleaf.standard.processor.StandardDOMEventAttributeTagProcessor
[THYMELEAF]             * [* {th:onmousewheel,data-th-onmousewheel}] [1000]: org.thymeleaf.standard.processor.StandardDOMEventAttributeTagProcessor
[THYMELEAF]             * [* {th:onsuspend,data-th-onsuspend}] [1000]: org.thymeleaf.standard.processor.StandardDOMEventAttributeTagProcessor
[THYMELEAF]             * [* {th:onresize,data-th-onresize}] [1000]: org.thymeleaf.standard.processor.StandardDOMEventAttributeTagProcessor
[THYMELEAF]             * [* {th:ondblclick,data-th-ondblclick}] [1000]: org.thymeleaf.standard.processor.StandardDOMEventAttributeTagProcessor
[THYMELEAF]             * [* {th:onloadedmetadata,data-th-onloadedmetadata}] [1000]: org.thymeleaf.standard.processor.StandardDOMEventAttributeTagProcessor
[THYMELEAF]             * [* {th:onmouseout,data-th-onmouseout}] [1000]: org.thymeleaf.standard.processor.StandardDOMEventAttributeTagProcessor
[THYMELEAF]             * [* {th:onscroll,data-th-onscroll}] [1000]: org.thymeleaf.standard.processor.StandardDOMEventAttributeTagProcessor
[THYMELEAF]             * [* {th:onloadstart,data-th-onloadstart}] [1000]: org.thymeleaf.standard.processor.StandardDOMEventAttributeTagProcessor
[THYMELEAF]             * [* {th:onload,data-th-onload}] [1000]: org.thymeleaf.standard.processor.StandardDOMEventAttributeTagProcessor
[THYMELEAF]             * [* {th:onprogress,data-th-onprogress}] [1000]: org.thymeleaf.standard.processor.StandardDOMEventAttributeTagProcessor
[THYMELEAF]             * [* {th:onmousedown,data-th-onmousedown}] [1000]: org.thymeleaf.standard.processor.StandardDOMEventAttributeTagProcessor
[THYMELEAF]             * [* {th:href,data-th-href}] [1000]: org.thymeleaf.standard.processor.StandardHrefTagProcessor
[THYMELEAF]             * [* {th:inline,data-th-inline}] [1000]: org.thymeleaf.standard.processor.StandardInlineHTMLTagProcessor
[THYMELEAF]             * [* {th:method,data-th-method}] [1000]: org.thymeleaf.standard.processor.StandardMethodTagProcessor
[THYMELEAF]             * [* {th:type,data-th-type}] [1000]: org.thymeleaf.standard.processor.StandardNonRemovableAttributeTagProcessor
[THYMELEAF]             * [* {th:name,data-th-name}] [1000]: org.thymeleaf.standard.processor.StandardNonRemovableAttributeTagProcessor
[THYMELEAF]             * [* {th:align,data-th-align}] [1000]: org.thymeleaf.standard.processor.StandardRemovableAttributeTagProcessor
[THYMELEAF]             * [* {th:spellcheck,data-th-spellcheck}] [1000]: org.thymeleaf.standard.processor.StandardRemovableAttributeTagProcessor
[THYMELEAF]             * [* {th:rowspan,data-th-rowspan}] [1000]: org.thymeleaf.standard.processor.StandardRemovableAttributeTagProcessor
[THYMELEAF]             * [* {th:rev,data-th-rev}] [1000]: org.thymeleaf.standard.processor.StandardRemovableAttributeTagProcessor
[THYMELEAF]             * [* {th:border,data-th-border}] [1000]: org.thymeleaf.standard.processor.StandardRemovableAttributeTagProcessor
[THYMELEAF]             * [* {th:valuetype,data-th-valuetype}] [1000]: org.thymeleaf.standard.processor.StandardRemovableAttributeTagProcessor
[THYMELEAF]             * [* {th:usemap,data-th-usemap}] [1000]: org.thymeleaf.standard.processor.StandardRemovableAttributeTagProcessor
[THYMELEAF]             * [* {th:max,data-th-max}] [1000]: org.thymeleaf.standard.processor.StandardRemovableAttributeTagProcessor
[THYMELEAF]             * [* {th:standby,data-th-standby}] [1000]: org.thymeleaf.standard.processor.StandardRemovableAttributeTagProcessor
[THYMELEAF]             * [* {th:background,data-th-background}] [1000]: org.thymeleaf.standard.processor.StandardRemovableAttributeTagProcessor
[THYMELEAF]             * [* {th:compact,data-th-compact}] [1000]: org.thymeleaf.standard.processor.StandardRemovableAttributeTagProcessor
[THYMELEAF]             * [* {th:cite,data-th-cite}] [1000]: org.thymeleaf.standard.processor.StandardRemovableAttributeTagProcessor
[THYMELEAF]             * [* {th:step,data-th-step}] [1000]: org.thymeleaf.standard.processor.StandardRemovableAttributeTagProcessor
[THYMELEAF]             * [* {th:datetime,data-th-datetime}] [1000]: org.thymeleaf.standard.processor.StandardRemovableAttributeTagProcessor
[THYMELEAF]             * [* {th:contenteditable,data-th-contenteditable}] [1000]: org.thymeleaf.standard.processor.StandardRemovableAttributeTagProcessor
[THYMELEAF]             * [* {th:dropzone,data-th-dropzone}] [1000]: org.thymeleaf.standard.processor.StandardRemovableAttributeTagProcessor
[THYMELEAF]             * [* {th:low,data-th-low}] [1000]: org.thymeleaf.standard.processor.StandardRemovableAttributeTagProcessor
[THYMELEAF]             * [* {th:challenge,data-th-challenge}] [1000]: org.thymeleaf.standard.processor.StandardRemovableAttributeTagProcessor
[THYMELEAF]             * [* {th:list,data-th-list}] [1000]: org.thymeleaf.standard.processor.StandardRemovableAttributeTagProcessor
[THYMELEAF]             * [* {th:longdesc,data-th-longdesc}] [1000]: org.thymeleaf.standard.processor.StandardRemovableAttributeTagProcessor
[THYMELEAF]             * [* {th:form,data-th-form}] [1000]: org.thymeleaf.standard.processor.StandardRemovableAttributeTagProcessor
[THYMELEAF]             * [* {th:data,data-th-data}] [1000]: org.thymeleaf.standard.processor.StandardRemovableAttributeTagProcessor
[THYMELEAF]             * [* {th:accesskey,data-th-accesskey}] [1000]: org.thymeleaf.standard.processor.StandardRemovableAttributeTagProcessor
[THYMELEAF]             * [* {th:for,data-th-for}] [1000]: org.thymeleaf.standard.processor.StandardRemovableAttributeTagProcessor
[THYMELEAF]             * [* {th:pattern,data-th-pattern}] [1000]: org.thymeleaf.standard.processor.StandardRemovableAttributeTagProcessor
[THYMELEAF]             * [* {th:headers,data-th-headers}] [1000]: org.thymeleaf.standard.processor.StandardRemovableAttributeTagProcessor
[THYMELEAF]             * [* {th:abbr,data-th-abbr}] [1000]: org.thymeleaf.standard.processor.StandardRemovableAttributeTagProcessor
[THYMELEAF]             * [* {th:id,data-th-id}] [1000]: org.thymeleaf.standard.processor.StandardRemovableAttributeTagProcessor
[THYMELEAF]             * [* {th:archive,data-th-archive}] [1000]: org.thymeleaf.standard.processor.StandardRemovableAttributeTagProcessor
[THYMELEAF]             * [* {th:codetype,data-th-codetype}] [1000]: org.thymeleaf.standard.processor.StandardRemovableAttributeTagProcessor
[THYMELEAF]             * [* {th:classid,data-th-classid}] [1000]: org.thymeleaf.standard.processor.StandardRemovableAttributeTagProcessor
[THYMELEAF]             * [* {th:kind,data-th-kind}] [1000]: org.thymeleaf.standard.processor.StandardRemovableAttributeTagProcessor
[THYMELEAF]             * [* {th:srclang,data-th-srclang}] [1000]: org.thymeleaf.standard.processor.StandardRemovableAttributeTagProcessor
[THYMELEAF]             * [* {th:rel,data-th-rel}] [1000]: org.thymeleaf.standard.processor.StandardRemovableAttributeTagProcessor
[THYMELEAF]             * [* {th:keytype,data-th-keytype}] [1000]: org.thymeleaf.standard.processor.StandardRemovableAttributeTagProcessor
[THYMELEAF]             * [* {th:cellspacing,data-th-cellspacing}] [1000]: org.thymeleaf.standard.processor.StandardRemovableAttributeTagProcessor
[THYMELEAF]             * [* {th:lang,data-th-lang}] [1000]: org.thymeleaf.standard.processor.StandardRemovableAttributeTagProcessor
[THYMELEAF]             * [* {th:codebase,data-th-codebase}] [1000]: org.thymeleaf.standard.processor.StandardRemovableAttributeTagProcessor
[THYMELEAF]             * [* {th:colspan,data-th-colspan}] [1000]: org.thymeleaf.standard.processor.StandardRemovableAttributeTagProcessor
[THYMELEAF]             * [* {th:audio,data-th-audio}] [1000]: org.thymeleaf.standard.processor.StandardRemovableAttributeTagProcessor
[THYMELEAF]             * [* {th:autocomplete,data-th-autocomplete}] [1000]: org.thymeleaf.standard.processor.StandardRemovableAttributeTagProcessor
[THYMELEAF]             * [* {th:cellpadding,data-th-cellpadding}] [1000]: org.thymeleaf.standard.processor.StandardRemovableAttributeTagProcessor
[THYMELEAF]             * [* {th:tabindex,data-th-tabindex}] [1000]: org.thymeleaf.standard.processor.StandardRemovableAttributeTagProcessor
[THYMELEAF]             * [* {th:class,data-th-class}] [1000]: org.thymeleaf.standard.processor.StandardRemovableAttributeTagProcessor
[THYMELEAF]             * [* {th:maxlength,data-th-maxlength}] [1000]: org.thymeleaf.standard.processor.StandardRemovableAttributeTagProcessor
[THYMELEAF]             * [* {th:size,data-th-size}] [1000]: org.thymeleaf.standard.processor.StandardRemovableAttributeTagProcessor
[THYMELEAF]             * [* {th:contextmenu,data-th-contextmenu}] [1000]: org.thymeleaf.standard.processor.StandardRemovableAttributeTagProcessor
[THYMELEAF]             * [* {th:rows,data-th-rows}] [1000]: org.thymeleaf.standard.processor.StandardRemovableAttributeTagProcessor
[THYMELEAF]             * [* {th:sizes,data-th-sizes}] [1000]: org.thymeleaf.standard.processor.StandardRemovableAttributeTagProcessor
[THYMELEAF]             * [* {th:formaction,data-th-formaction}] [1000]: org.thymeleaf.standard.processor.StandardRemovableAttributeTagProcessor
[THYMELEAF]             * [* {th:http-equiv,data-th-http-equiv}] [1000]: org.thymeleaf.standard.processor.StandardRemovableAttributeTagProcessor
[THYMELEAF]             * [* {th:alt,data-th-alt}] [1000]: org.thymeleaf.standard.processor.StandardRemovableAttributeTagProcessor
[THYMELEAF]             * [* {th:marginwidth,data-th-marginwidth}] [1000]: org.thymeleaf.standard.processor.StandardRemovableAttributeTagProcessor
[THYMELEAF]             * [* {th:placeholder,data-th-placeholder}] [1000]: org.thymeleaf.standard.processor.StandardRemovableAttributeTagProcessor
[THYMELEAF]             * [* {th:frameborder,data-th-frameborder}] [1000]: org.thymeleaf.standard.processor.StandardRemovableAttributeTagProcessor
[THYMELEAF]             * [* {th:preload,data-th-preload}] [1000]: org.thymeleaf.standard.processor.StandardRemovableAttributeTagProcessor
[THYMELEAF]             * [* {th:vspace,data-th-vspace}] [1000]: org.thymeleaf.standard.processor.StandardRemovableAttributeTagProcessor
[THYMELEAF]             * [* {th:wrap,data-th-wrap}] [1000]: org.thymeleaf.standard.processor.StandardRemovableAttributeTagProcessor
[THYMELEAF]             * [* {th:accept-charset,data-th-accept-charset}] [1000]: org.thymeleaf.standard.processor.StandardRemovableAttributeTagProcessor
[THYMELEAF]             * [* {th:scheme,data-th-scheme}] [1000]: org.thymeleaf.standard.processor.StandardRemovableAttributeTagProcessor
[THYMELEAF]             * [* {th:media,data-th-media}] [1000]: org.thymeleaf.standard.processor.StandardRemovableAttributeTagProcessor
[THYMELEAF]             * [* {th:manifest,data-th-manifest}] [1000]: org.thymeleaf.standard.processor.StandardRemovableAttributeTagProcessor
[THYMELEAF]             * [* {th:span,data-th-span}] [1000]: org.thymeleaf.standard.processor.StandardRemovableAttributeTagProcessor
[THYMELEAF]             * [* {th:dir,data-th-dir}] [1000]: org.thymeleaf.standard.processor.StandardRemovableAttributeTagProcessor
[THYMELEAF]             * [* {th:style,data-th-style}] [1000]: org.thymeleaf.standard.processor.StandardRemovableAttributeTagProcessor
[THYMELEAF]             * [* {th:accept,data-th-accept}] [1000]: org.thymeleaf.standard.processor.StandardRemovableAttributeTagProcessor
[THYMELEAF]             * [* {th:target,data-th-target}] [1000]: org.thymeleaf.standard.processor.StandardRemovableAttributeTagProcessor
[THYMELEAF]             * [* {th:poster,data-th-poster}] [1000]: org.thymeleaf.standard.processor.StandardRemovableAttributeTagProcessor
[THYMELEAF]             * [* {th:optimum,data-th-optimum}] [1000]: org.thymeleaf.standard.processor.StandardRemovableAttributeTagProcessor
[THYMELEAF]             * [* {th:height,data-th-height}] [1000]: org.thymeleaf.standard.processor.StandardRemovableAttributeTagProcessor
[THYMELEAF]             * [* {th:title,data-th-title}] [1000]: org.thymeleaf.standard.processor.StandardRemovableAttributeTagProcessor
[THYMELEAF]             * [* {th:formenctype,data-th-formenctype}] [1000]: org.thymeleaf.standard.processor.StandardRemovableAttributeTagProcessor
[THYMELEAF]             * [* {th:enctype,data-th-enctype}] [1000]: org.thymeleaf.standard.processor.StandardRemovableAttributeTagProcessor
[THYMELEAF]             * [* {th:width,data-th-width}] [1000]: org.thymeleaf.standard.processor.StandardRemovableAttributeTagProcessor
[THYMELEAF]             * [* {th:marginheight,data-th-marginheight}] [1000]: org.thymeleaf.standard.processor.StandardRemovableAttributeTagProcessor
[THYMELEAF]             * [* {th:axis,data-th-axis}] [1000]: org.thymeleaf.standard.processor.StandardRemovableAttributeTagProcessor
[THYMELEAF]             * [* {th:hreflang,data-th-hreflang}] [1000]: org.thymeleaf.standard.processor.StandardRemovableAttributeTagProcessor
[THYMELEAF]             * [* {th:bgcolor,data-th-bgcolor}] [1000]: org.thymeleaf.standard.processor.StandardRemovableAttributeTagProcessor
[THYMELEAF]             * [* {th:cols,data-th-cols}] [1000]: org.thymeleaf.standard.processor.StandardRemovableAttributeTagProcessor
[THYMELEAF]             * [* {th:radiogroup,data-th-radiogroup}] [1000]: org.thymeleaf.standard.processor.StandardRemovableAttributeTagProcessor
[THYMELEAF]             * [* {th:hspace,data-th-hspace}] [1000]: org.thymeleaf.standard.processor.StandardRemovableAttributeTagProcessor
[THYMELEAF]             * [* {th:formtarget,data-th-formtarget}] [1000]: org.thymeleaf.standard.processor.StandardRemovableAttributeTagProcessor
[THYMELEAF]             * [* {th:sandbox,data-th-sandbox}] [1000]: org.thymeleaf.standard.processor.StandardRemovableAttributeTagProcessor
[THYMELEAF]             * [* {th:charset,data-th-charset}] [1000]: org.thymeleaf.standard.processor.StandardRemovableAttributeTagProcessor
[THYMELEAF]             * [* {th:start,data-th-start}] [1000]: org.thymeleaf.standard.processor.StandardRemovableAttributeTagProcessor
[THYMELEAF]             * [* {th:formmethod,data-th-formmethod}] [1000]: org.thymeleaf.standard.processor.StandardRemovableAttributeTagProcessor
[THYMELEAF]             * [* {th:min,data-th-min}] [1000]: org.thymeleaf.standard.processor.StandardRemovableAttributeTagProcessor
[THYMELEAF]             * [* {th:rules,data-th-rules}] [1000]: org.thymeleaf.standard.processor.StandardRemovableAttributeTagProcessor
[THYMELEAF]             * [* {th:icon,data-th-icon}] [1000]: org.thymeleaf.standard.processor.StandardRemovableAttributeTagProcessor
[THYMELEAF]             * [* {th:frame,data-th-frame}] [1000]: org.thymeleaf.standard.processor.StandardRemovableAttributeTagProcessor
[THYMELEAF]             * [* {th:summary,data-th-summary}] [1000]: org.thymeleaf.standard.processor.StandardRemovableAttributeTagProcessor
[THYMELEAF]             * [* {th:scope,data-th-scope}] [1000]: org.thymeleaf.standard.processor.StandardRemovableAttributeTagProcessor
[THYMELEAF]             * [* {th:label,data-th-label}] [1000]: org.thymeleaf.standard.processor.StandardRemovableAttributeTagProcessor
[THYMELEAF]             * [* {th:high,data-th-high}] [1000]: org.thymeleaf.standard.processor.StandardRemovableAttributeTagProcessor
[THYMELEAF]             * [* {th:content,data-th-content}] [1000]: org.thymeleaf.standard.processor.StandardRemovableAttributeTagProcessor
[THYMELEAF]             * [* {th:scrolling,data-th-scrolling}] [1000]: org.thymeleaf.standard.processor.StandardRemovableAttributeTagProcessor
[THYMELEAF]             * [* {th:draggable,data-th-draggable}] [1000]: org.thymeleaf.standard.processor.StandardRemovableAttributeTagProcessor
[THYMELEAF]             * [* {th:src,data-th-src}] [1000]: org.thymeleaf.standard.processor.StandardSrcTagProcessor
[THYMELEAF]             * [* {th:value,data-th-value}] [1000]: org.thymeleaf.standard.processor.StandardValueTagProcessor
[THYMELEAF]             * [* {th:xmlbase,data-th-xmlbase}] [1000]: org.thymeleaf.standard.processor.StandardXmlBaseTagProcessor
[THYMELEAF]             * [* {th:xmllang,data-th-xmllang}] [1000]: org.thymeleaf.standard.processor.StandardXmlLangTagProcessor
[THYMELEAF]             * [* {xmlns:th}] [1000]: org.thymeleaf.standard.processor.StandardXmlNsTagProcessor
[THYMELEAF]             * [* {th:xmlspace,data-th-xmlspace}] [1000]: org.thymeleaf.standard.processor.StandardXmlSpaceTagProcessor
[THYMELEAF]             * [* {th:classappend,data-th-classappend}] [1100]: org.thymeleaf.standard.processor.StandardClassappendTagProcessor
[THYMELEAF]             * [* {th:styleappend,data-th-styleappend}] [1100]: org.thymeleaf.standard.processor.StandardStyleappendTagProcessor
[THYMELEAF]             * [* {th:text,data-th-text}] [1300]: org.thymeleaf.standard.processor.StandardTextTagProcessor
[THYMELEAF]             * [* {th:utext,data-th-utext}] [1400]: org.thymeleaf.standard.processor.StandardUtextTagProcessor
[THYMELEAF]             * [* {th:fragment,data-th-fragment}] [1500]: org.thymeleaf.standard.processor.StandardFragmentTagProcessor
[THYMELEAF]             * [* {th:assert,data-th-assert}] [1550]: org.thymeleaf.standard.processor.StandardAssertTagProcessor
[THYMELEAF]             * [* {th:remove,data-th-remove}] [1600]: org.thymeleaf.standard.processor.StandardRemoveTagProcessor
[THYMELEAF]             * [* {th:ref,data-th-ref}] [10000]: org.thymeleaf.standard.processor.StandardRefAttributeTagProcessor
[THYMELEAF]             * [{th:block,th-block} *] [100000]: org.thymeleaf.standard.processor.StandardBlockTagProcessor
[THYMELEAF]             * [* th:*] [2147483647]: org.thymeleaf.standard.processor.StandardDefaultAttributesTagProcessor
[THYMELEAF]         * Text Processors by [precedence]:
[THYMELEAF]             * [1000]: org.thymeleaf.standard.processor.StandardInliningTextProcessor
[THYMELEAF]         * DOCTYPE Processors by [precedence]:
[THYMELEAF]             * [1000]: org.thymeleaf.standard.processor.StandardTranslationDocTypeProcessor
[THYMELEAF]         * CDATA Section Processors by [precedence]:
[THYMELEAF]             * [1000]: org.thymeleaf.standard.processor.StandardInliningCDATASectionProcessor
[THYMELEAF]         * Comment Processors by [precedence]:
[THYMELEAF]             * [1000]: org.thymeleaf.standard.processor.StandardInliningCommentProcessor
[THYMELEAF]             * [1100]: org.thymeleaf.standard.processor.StandardConditionalCommentProcessor
[THYMELEAF]     * Processors for Template Mode: XML
[THYMELEAF]         * Element Tag Processors by [matching element and attribute name] [precedence]:
[THYMELEAF]             * [* {th:include}] [100]: org.thymeleaf.standard.processor.StandardIncludeTagProcessor
[THYMELEAF]             * [* {th:insert}] [100]: org.thymeleaf.standard.processor.StandardInsertTagProcessor
[THYMELEAF]             * [* {th:replace}] [100]: org.thymeleaf.standard.processor.StandardReplaceTagProcessor
[THYMELEAF]             * [* {th:each}] [200]: com.intuit.karate.template.KarateEachTagProcessor
[THYMELEAF]             * [* {th:switch}] [250]: org.thymeleaf.standard.processor.StandardSwitchTagProcessor
[THYMELEAF]             * [* {th:case}] [275]: org.thymeleaf.standard.processor.StandardCaseTagProcessor
[THYMELEAF]             * [* {th:if}] [300]: org.thymeleaf.standard.processor.StandardIfTagProcessor
[THYMELEAF]             * [* {th:unless}] [400]: org.thymeleaf.standard.processor.StandardUnlessTagProcessor
[THYMELEAF]             * [* {th:object}] [500]: org.thymeleaf.standard.processor.StandardObjectTagProcessor
[THYMELEAF]             * [* {th:with}] [600]: com.intuit.karate.template.KarateWithTagProcessor
[THYMELEAF]             * [* {th:attr}] [700]: com.intuit.karate.template.KarateAttributeTagProcessor.KarateAttrTagProcessor
[THYMELEAF]             * [* {th:attrappend}] [900]: com.intuit.karate.template.KarateAttributeTagProcessor.KarateAttrappendTagProcessor
[THYMELEAF]             * [* {th:attrprepend}] [900]: com.intuit.karate.template.KarateAttributeTagProcessor.KarateAttrprependTagProcessor
[THYMELEAF]             * [* {th:inline}] [1000]: org.thymeleaf.standard.processor.StandardInlineXMLTagProcessor
[THYMELEAF]             * [* {xmlns:th}] [1000]: org.thymeleaf.standard.processor.StandardXmlNsTagProcessor
[THYMELEAF]             * [* {th:text}] [1300]: org.thymeleaf.standard.processor.StandardTextTagProcessor
[THYMELEAF]             * [* {th:utext}] [1400]: org.thymeleaf.standard.processor.StandardUtextTagProcessor
[THYMELEAF]             * [* {th:fragment}] [1500]: org.thymeleaf.standard.processor.StandardFragmentTagProcessor
[THYMELEAF]             * [* {th:assert}] [1550]: org.thymeleaf.standard.processor.StandardAssertTagProcessor
[THYMELEAF]             * [* {th:remove}] [1600]: org.thymeleaf.standard.processor.StandardRemoveTagProcessor
[THYMELEAF]             * [* {th:ref}] [10000]: org.thymeleaf.standard.processor.StandardRefAttributeTagProcessor
[THYMELEAF]             * [{th:block} *] [100000]: org.thymeleaf.standard.processor.StandardBlockTagProcessor
[THYMELEAF]             * [* th:*] [2147483647]: org.thymeleaf.standard.processor.StandardDefaultAttributesTagProcessor
[THYMELEAF]         * Text Processors by [precedence]:
[THYMELEAF]             * [1000]: org.thymeleaf.standard.processor.StandardInliningTextProcessor
[THYMELEAF]         * CDATA Section Processors by [precedence]:
[THYMELEAF]             * [1000]: org.thymeleaf.standard.processor.StandardInliningCDATASectionProcessor
[THYMELEAF]         * Comment Processors by [precedence]:
[THYMELEAF]             * [1000]: org.thymeleaf.standard.processor.StandardInliningCommentProcessor
[THYMELEAF]     * Processors for Template Mode: TEXT
[THYMELEAF]         * Element Tag Processors by [matching element and attribute name] [precedence]:
[THYMELEAF]             * [* {th:insert}] [100]: org.thymeleaf.standard.processor.StandardInsertTagProcessor
[THYMELEAF]             * [* {th:replace}] [100]: org.thymeleaf.standard.processor.StandardReplaceTagProcessor
[THYMELEAF]             * [* {th:each}] [200]: com.intuit.karate.template.KarateEachTagProcessor
[THYMELEAF]             * [* {th:switch}] [250]: org.thymeleaf.standard.processor.StandardSwitchTagProcessor
[THYMELEAF]             * [* {th:case}] [275]: org.thymeleaf.standard.processor.StandardCaseTagProcessor
[THYMELEAF]             * [* {th:if}] [300]: org.thymeleaf.standard.processor.StandardIfTagProcessor
[THYMELEAF]             * [* {th:unless}] [400]: org.thymeleaf.standard.processor.StandardUnlessTagProcessor
[THYMELEAF]             * [* {th:object}] [500]: org.thymeleaf.standard.processor.StandardObjectTagProcessor
[THYMELEAF]             * [* {th:with}] [600]: com.intuit.karate.template.KarateWithTagProcessor
[THYMELEAF]             * [* {th:inline}] [1000]: org.thymeleaf.standard.processor.StandardInlineTextualTagProcessor
[THYMELEAF]             * [* {th:text}] [1300]: org.thymeleaf.standard.processor.StandardTextTagProcessor
[THYMELEAF]             * [* {th:utext}] [1400]: org.thymeleaf.standard.processor.StandardUtextTagProcessor
[THYMELEAF]             * [* {th:assert}] [1550]: org.thymeleaf.standard.processor.StandardAssertTagProcessor
[THYMELEAF]             * [* {th:remove}] [1600]: org.thymeleaf.standard.processor.StandardRemoveTagProcessor
[THYMELEAF]             * [* 100000] [org.thymeleaf.standard.processor.StandardBlockTagProcessor]: {}
[THYMELEAF]             * [{th:block} *] [100000]: org.thymeleaf.standard.processor.StandardBlockTagProcessor
[THYMELEAF]         * Text Processors by [precedence]:
[THYMELEAF]             * [1000]: org.thymeleaf.standard.processor.StandardInliningTextProcessor
[THYMELEAF]     * Processors for Template Mode: JAVASCRIPT
[THYMELEAF]         * Element Tag Processors by [matching element and attribute name] [precedence]:
[THYMELEAF]             * [* {th:insert}] [100]: org.thymeleaf.standard.processor.StandardInsertTagProcessor
[THYMELEAF]             * [* {th:replace}] [100]: org.thymeleaf.standard.processor.StandardReplaceTagProcessor
[THYMELEAF]             * [* {th:each}] [200]: com.intuit.karate.template.KarateEachTagProcessor
[THYMELEAF]             * [* {th:switch}] [250]: org.thymeleaf.standard.processor.StandardSwitchTagProcessor
[THYMELEAF]             * [* {th:case}] [275]: org.thymeleaf.standard.processor.StandardCaseTagProcessor
[THYMELEAF]             * [* {th:if}] [300]: org.thymeleaf.standard.processor.StandardIfTagProcessor
[THYMELEAF]             * [* {th:unless}] [400]: org.thymeleaf.standard.processor.StandardUnlessTagProcessor
[THYMELEAF]             * [* {th:object}] [500]: org.thymeleaf.standard.processor.StandardObjectTagProcessor
[THYMELEAF]             * [* {th:with}] [600]: com.intuit.karate.template.KarateWithTagProcessor
[THYMELEAF]             * [* {th:inline}] [1000]: org.thymeleaf.standard.processor.StandardInlineTextualTagProcessor
[THYMELEAF]             * [* {th:text}] [1300]: org.thymeleaf.standard.processor.StandardTextTagProcessor
[THYMELEAF]             * [* {th:utext}] [1400]: org.thymeleaf.standard.processor.StandardUtextTagProcessor
[THYMELEAF]             * [* {th:assert}] [1550]: org.thymeleaf.standard.processor.StandardAssertTagProcessor
[THYMELEAF]             * [* {th:remove}] [1600]: org.thymeleaf.standard.processor.StandardRemoveTagProcessor
[THYMELEAF]             * [{th:block} *] [100000]: org.thymeleaf.standard.processor.StandardBlockTagProcessor
[THYMELEAF]             * [* 100000] [org.thymeleaf.standard.processor.StandardBlockTagProcessor]: {}
[THYMELEAF]         * Text Processors by [precedence]:
[THYMELEAF]             * [1000]: org.thymeleaf.standard.processor.StandardInliningTextProcessor
[THYMELEAF]     * Processors for Template Mode: CSS
[THYMELEAF]         * Element Tag Processors by [matching element and attribute name] [precedence]:
[THYMELEAF]             * [* {th:insert}] [100]: org.thymeleaf.standard.processor.StandardInsertTagProcessor
[THYMELEAF]             * [* {th:replace}] [100]: org.thymeleaf.standard.processor.StandardReplaceTagProcessor
[THYMELEAF]             * [* {th:each}] [200]: com.intuit.karate.template.KarateEachTagProcessor
[THYMELEAF]             * [* {th:switch}] [250]: org.thymeleaf.standard.processor.StandardSwitchTagProcessor
[THYMELEAF]             * [* {th:case}] [275]: org.thymeleaf.standard.processor.StandardCaseTagProcessor
[THYMELEAF]             * [* {th:if}] [300]: org.thymeleaf.standard.processor.StandardIfTagProcessor
[THYMELEAF]             * [* {th:unless}] [400]: org.thymeleaf.standard.processor.StandardUnlessTagProcessor
[THYMELEAF]             * [* {th:object}] [500]: org.thymeleaf.standard.processor.StandardObjectTagProcessor
[THYMELEAF]             * [* {th:with}] [600]: com.intuit.karate.template.KarateWithTagProcessor
[THYMELEAF]             * [* {th:inline}] [1000]: org.thymeleaf.standard.processor.StandardInlineTextualTagProcessor
[THYMELEAF]             * [* {th:text}] [1300]: org.thymeleaf.standard.processor.StandardTextTagProcessor
[THYMELEAF]             * [* {th:utext}] [1400]: org.thymeleaf.standard.processor.StandardUtextTagProcessor
[THYMELEAF]             * [* {th:assert}] [1550]: org.thymeleaf.standard.processor.StandardAssertTagProcessor
[THYMELEAF]             * [* {th:remove}] [1600]: org.thymeleaf.standard.processor.StandardRemoveTagProcessor
[THYMELEAF]             * [* 100000] [org.thymeleaf.standard.processor.StandardBlockTagProcessor]: {}
[THYMELEAF]             * [{th:block} *] [100000]: org.thymeleaf.standard.processor.StandardBlockTagProcessor
[THYMELEAF]         * Text Processors by [precedence]:
[THYMELEAF]             * [1000]: org.thymeleaf.standard.processor.StandardInliningTextProcessor
[THYMELEAF]     * Expression Objects:
[THYMELEAF]         * #ctx
[THYMELEAF]         * #root
[THYMELEAF]         * #vars
[THYMELEAF]         * #object
[THYMELEAF]         * #locale
[THYMELEAF]         * #conversions
[THYMELEAF]         * #uris
[THYMELEAF]         * #temporals
[THYMELEAF]         * #calendars
[THYMELEAF]         * #dates
[THYMELEAF]         * #bools
[THYMELEAF]         * #numbers
[THYMELEAF]         * #objects
[THYMELEAF]         * #strings
[THYMELEAF]         * #arrays
[THYMELEAF]         * #lists
[THYMELEAF]         * #sets
[THYMELEAF]         * #maps
[THYMELEAF]         * #aggregates
[THYMELEAF]         * #messages
[THYMELEAF]         * #ids
[THYMELEAF]         * #execInfo
[THYMELEAF]         * #request
[THYMELEAF]         * #response
[THYMELEAF]         * #session
[THYMELEAF]         * #servletContext
[THYMELEAF]     * Execution Attributes:
[THYMELEAF]         * "StandardExpressionParser": com.intuit.karate.template.KarateStandardDialect@3b046e64
[THYMELEAF]         * "StandardJavaScriptSerializer": org.thymeleaf.standard.serializer.StandardJavaScriptSerializer@48751d8a
[THYMELEAF]         * "StandardCSSSerializer": org.thymeleaf.standard.serializer.StandardCSSSerializer@471a9e8c
[THYMELEAF]         * "StandardVariableExpressionEvaluator": com.intuit.karate.template.KarateStandardDialect@3b046e64
[THYMELEAF]         * "StandardConversionService": org.thymeleaf.standard.expression.StandardConversionService@40277077
[THYMELEAF] * Dialect [2 of 2]: karate (com.intuit.karate.template.KarateScriptDialect)
[THYMELEAF]     * Prefix: "ka"
[THYMELEAF]     * Processors for Template Mode: HTML
[THYMELEAF]         * Element Tag Processors by [matching element and attribute name] [precedence]:
[THYMELEAF]             * [* {src}] [1000]: com.intuit.karate.template.KaScriptAttrProcessor
[THYMELEAF]         * Element Model Processors by [matching element and attribute name] [precedence]:
[THYMELEAF]             * [{script} {ka:scope,data-ka-scope}] [1000]: com.intuit.karate.template.KaScriptElemProcessor
[THYMELEAF]             * [* {ka:set,data-ka-set}] [1000]: com.intuit.karate.template.KaSetElemProcessor
[THYMELEAF] TEMPLATE ENGINE CONFIGURED OK
20:00:08.004 [main] DEBUG org.thymeleaf.TemplateEngine -- [THYMELEAF] TEMPLATE ENGINE INITIALIZED

HTML report: (paste into browser to view) | Karate version: 1.4.1
file:///C:/Users/monst/karate-tests/target/karate-reports/karate-summary.html
===================================================================

]]></system-out>
    <system-err><![CDATA[ERROR StatusLogger Log4j2 could not find a logging implementation. Please add log4j-core to the classpath. Using SimpleLogger to log to the console...
]]></system-err>
  </testcase>
</testsuite>