<?xml version="1.0" encoding="UTF-8"?>
<testsuite xmlns:xsi="http://www.w3.org/2001/XMLSchema-instance" xsi:noNamespaceSchemaLocation="https://maven.apache.org/surefire/maven-surefire-plugin/xsd/surefire-test-report-3.0.xsd" version="3.0" name="runners.performance.LoginPerfRunner" time="13.468" tests="1" errors="0" skipped="0" failures="0">
  <properties>
    <property name="java.specification.version" value="17"/>
    <property name="sun.cpu.isalist" value="amd64"/>
    <property name="sun.jnu.encoding" value="Cp1252"/>
    <property name="java.class.path" value="C:\Users\monst\karate-tests\target\test-classes;C:\Users\monst\karate-tests\target\classes;C:\Users\monst\.m2\repository\com\intuit\karate\karate-junit5\1.4.1\karate-junit5-1.4.1.jar;C:\Users\monst\.m2\repository\com\intuit\karate\karate-core\1.4.1\karate-core-1.4.1.jar;C:\Users\monst\.m2\repository\org\graalvm\js\js-scriptengine\22.3.3\js-scriptengine-22.3.3.jar;C:\Users\monst\.m2\repository\org\graalvm\sdk\graal-sdk\22.3.3\graal-sdk-22.3.3.jar;C:\Users\monst\.m2\repository\org\graalvm\js\js\22.3.3\js-22.3.3.jar;C:\Users\monst\.m2\repository\org\graalvm\regex\regex\22.3.3\regex-22.3.3.jar;C:\Users\monst\.m2\repository\org\graalvm\truffle\truffle-api\22.3.3\truffle-api-22.3.3.jar;C:\Users\monst\.m2\repository\com\ibm\icu\icu4j\71.1\icu4j-71.1.jar;C:\Users\monst\.m2\repository\org\thymeleaf\thymeleaf\3.1.2.RELEASE\thymeleaf-3.1.2.RELEASE.jar;C:\Users\monst\.m2\repository\ognl\ognl\3.3.4\ognl-3.3.4.jar;C:\Users\monst\.m2\repository\org\javassist\javassist\3.29.0-GA\javassist-3.29.0-GA.jar;C:\Users\monst\.m2\repository\org\attoparser\attoparser\2.0.7.RELEASE\attoparser-2.0.7.RELEASE.jar;C:\Users\monst\.m2\repository\org\unbescape\unbescape\1.1.6.RELEASE\unbescape-1.1.6.RELEASE.jar;C:\Users\monst\.m2\repository\org\slf4j\slf4j-api\2.0.7\slf4j-api-2.0.7.jar;C:\Users\monst\.m2\repository\com\linecorp\armeria\armeria\1.25.2\armeria-1.25.2.jar;C:\Users\monst\.m2\repository\com\fasterxml\jackson\core\jackson-core\2.15.2\jackson-core-2.15.2.jar;C:\Users\monst\.m2\repository\com\fasterxml\jackson\core\jackson-annotations\2.15.2\jackson-annotations-2.15.2.jar;C:\Users\monst\.m2\repository\com\fasterxml\jackson\core\jackson-databind\2.15.2\jackson-databind-2.15.2.jar;C:\Users\monst\.m2\repository\com\fasterxml\jackson\datatype\jackson-datatype-jdk8\2.15.2\jackson-datatype-jdk8-2.15.2.jar;C:\Users\monst\.m2\repository\com\fasterxml\jackson\datatype\jackson-datatype-jsr310\2.15.2\jackson-datatype-jsr310-2.15.2.jar;C:\Users\monst\.m2\repository\io\micrometer\micrometer-core\1.11.3\micrometer-core-1.11.3.jar;C:\Users\monst\.m2\repository\io\micrometer\micrometer-commons\1.11.3\micrometer-commons-1.11.3.jar;C:\Users\monst\.m2\repository\io\micrometer\micrometer-observation\1.11.3\micrometer-observation-1.11.3.jar;C:\Users\monst\.m2\repository\org\hdrhistogram\HdrHistogram\2.1.12\HdrHistogram-2.1.12.jar;C:\Users\monst\.m2\repository\org\latencyutils\LatencyUtils\2.0.3\LatencyUtils-2.0.3.jar;C:\Users\monst\.m2\repository\io\netty\netty-transport\4.1.96.Final\netty-transport-4.1.96.Final.jar;C:\Users\monst\.m2\repository\io\netty\netty-common\4.1.96.Final\netty-common-4.1.96.Final.jar;C:\Users\monst\.m2\repository\io\netty\netty-buffer\4.1.96.Final\netty-buffer-4.1.96.Final.jar;C:\Users\monst\.m2\repository\io\netty\netty-resolver\4.1.96.Final\netty-resolver-4.1.96.Final.jar;C:\Users\monst\.m2\repository\io\netty\netty-codec-haproxy\4.1.96.Final\netty-codec-haproxy-4.1.96.Final.jar;C:\Users\monst\.m2\repository\io\netty\netty-codec\4.1.96.Final\netty-codec-4.1.96.Final.jar;C:\Users\monst\.m2\repository\io\netty\netty-codec-http2\4.1.96.Final\netty-codec-http2-4.1.96.Final.jar;C:\Users\monst\.m2\repository\io\netty\netty-handler\4.1.96.Final\netty-handler-4.1.96.Final.jar;C:\Users\monst\.m2\repository\io\netty\netty-codec-http\4.1.96.Final\netty-codec-http-4.1.96.Final.jar;C:\Users\monst\.m2\repository\io\netty\netty-resolver-dns\4.1.96.Final\netty-resolver-dns-4.1.96.Final.jar;C:\Users\monst\.m2\repository\io\netty\netty-codec-dns\4.1.96.Final\netty-codec-dns-4.1.96.Final.jar;C:\Users\monst\.m2\repository\org\reactivestreams\reactive-streams\1.0.4\reactive-streams-1.0.4.jar;C:\Users\monst\.m2\repository\com\google\code\findbugs\jsr305\3.0.2\jsr305-3.0.2.jar;C:\Users\monst\.m2\repository\io\netty\netty-handler-proxy\4.1.96.Final\netty-handler-proxy-4.1.96.Final.jar;C:\Users\monst\.m2\repository\io\netty\netty-codec-socks\4.1.96.Final\netty-codec-socks-4.1.96.Final.jar;C:\Users\monst\.m2\repository\io\netty\netty-transport-native-unix-common\4.1.96.Final\netty-transport-native-unix-common-4.1.96.Final-linux-x86_64.jar;C:\Users\monst\.m2\repository\io\netty\netty-transport-native-epoll\4.1.96.Final\netty-transport-native-epoll-4.1.96.Final-linux-x86_64.jar;C:\Users\monst\.m2\repository\io\netty\netty-transport-native-unix-common\4.1.96.Final\netty-transport-native-unix-common-4.1.96.Final.jar;C:\Users\monst\.m2\repository\io\netty\netty-transport-classes-epoll\4.1.96.Final\netty-transport-classes-epoll-4.1.96.Final.jar;C:\Users\monst\.m2\repository\io\netty\netty-transport-native-unix-common\4.1.96.Final\netty-transport-native-unix-common-4.1.96.Final-linux-aarch_64.jar;C:\Users\monst\.m2\repository\io\netty\netty-transport-native-epoll\4.1.96.Final\netty-transport-native-epoll-4.1.96.Final-linux-aarch_64.jar;C:\Users\monst\.m2\repository\io\netty\netty-transport-native-unix-common\4.1.96.Final\netty-transport-native-unix-common-4.1.96.Final-osx-x86_64.jar;C:\Users\monst\.m2\repository\io\netty\netty-transport-native-kqueue\4.1.96.Final\netty-transport-native-kqueue-4.1.96.Final-osx-x86_64.jar;C:\Users\monst\.m2\repository\io\netty\netty-transport-classes-kqueue\4.1.96.Final\netty-transport-classes-kqueue-4.1.96.Final.jar;C:\Users\monst\.m2\repository\io\netty\netty-resolver-dns-native-macos\4.1.96.Final\netty-resolver-dns-native-macos-4.1.96.Final-osx-x86_64.jar;C:\Users\monst\.m2\repository\io\netty\netty-resolver-dns-classes-macos\4.1.96.Final\netty-resolver-dns-classes-macos-4.1.96.Final.jar;C:\Users\monst\.m2\repository\io\netty\netty-transport-native-unix-common\4.1.96.Final\netty-transport-native-unix-common-4.1.96.Final-osx-aarch_64.jar;C:\Users\monst\.m2\repository\io\netty\netty-transport-native-kqueue\4.1.96.Final\netty-transport-native-kqueue-4.1.96.Final-osx-aarch_64.jar;C:\Users\monst\.m2\repository\io\netty\netty-resolver-dns-native-macos\4.1.96.Final\netty-resolver-dns-native-macos-4.1.96.Final-osx-aarch_64.jar;C:\Users\monst\.m2\repository\io\netty\netty-tcnative-boringssl-static\2.0.61.Final\netty-tcnative-boringssl-static-2.0.61.Final-linux-x86_64.jar;C:\Users\monst\.m2\repository\io\netty\netty-tcnative-classes\2.0.61.Final\netty-tcnative-classes-2.0.61.Final.jar;C:\Users\monst\.m2\repository\io\netty\netty-tcnative-boringssl-static\2.0.61.Final\netty-tcnative-boringssl-static-2.0.61.Final-linux-aarch_64.jar;C:\Users\monst\.m2\repository\io\netty\netty-tcnative-boringssl-static\2.0.61.Final\netty-tcnative-boringssl-static-2.0.61.Final-osx-x86_64.jar;C:\Users\monst\.m2\repository\io\netty\netty-tcnative-boringssl-static\2.0.61.Final\netty-tcnative-boringssl-static-2.0.61.Final-osx-aarch_64.jar;C:\Users\monst\.m2\repository\io\netty\netty-tcnative-boringssl-static\2.0.61.Final\netty-tcnative-boringssl-static-2.0.61.Final-windows-x86_64.jar;C:\Users\monst\.m2\repository\com\aayushatharva\brotli4j\brotli4j\1.12.0\brotli4j-1.12.0.jar;C:\Users\monst\.m2\repository\com\aayushatharva\brotli4j\service\1.12.0\service-1.12.0.jar;C:\Users\monst\.m2\repository\com\aayushatharva\brotli4j\native-windows-x86_64\1.12.0\native-windows-x86_64-1.12.0.jar;C:\Users\monst\.m2\repository\org\apache\httpcomponents\httpclient\4.5.14\httpclient-4.5.14.jar;C:\Users\monst\.m2\repository\org\apache\httpcomponents\httpcore\4.4.16\httpcore-4.4.16.jar;C:\Users\monst\.m2\repository\ch\qos\logback\logback-classic\1.4.11\logback-classic-1.4.11.jar;C:\Users\monst\.m2\repository\ch\qos\logback\logback-core\1.4.11\logback-core-1.4.11.jar;C:\Users\monst\.m2\repository\org\slf4j\jcl-over-slf4j\2.0.9\jcl-over-slf4j-2.0.9.jar;C:\Users\monst\.m2\repository\org\antlr\antlr4-runtime\4.11.1\antlr4-runtime-4.11.1.jar;C:\Users\monst\.m2\repository\com\jayway\jsonpath\json-path\2.8.0\json-path-2.8.0.jar;C:\Users\monst\.m2\repository\net\minidev\json-smart\2.4.10\json-smart-2.4.10.jar;C:\Users\monst\.m2\repository\net\minidev\accessors-smart\2.4.9\accessors-smart-2.4.9.jar;C:\Users\monst\.m2\repository\org\ow2\asm\asm\9.3\asm-9.3.jar;C:\Users\monst\.m2\repository\org\yaml\snakeyaml\2.0\snakeyaml-2.0.jar;C:\Users\monst\.m2\repository\de\siegmar\fastcsv\2.2.1\fastcsv-2.2.1.jar;C:\Users\monst\.m2\repository\info\picocli\picocli\4.7.1\picocli-4.7.1.jar;C:\Users\monst\.m2\repository\io\github\classgraph\classgraph\4.8.160\classgraph-4.8.160.jar;C:\Users\monst\.m2\repository\io\github\t12y\resemble\1.0.2\resemble-1.0.2.jar;C:\Users\monst\.m2\repository\io\github\t12y\ssim\1.0.0\ssim-1.0.0.jar;C:\Users\monst\.m2\repository\org\junit\jupiter\junit-jupiter-api\5.9.3\junit-jupiter-api-5.9.3.jar;C:\Users\monst\.m2\repository\org\opentest4j\opentest4j\1.2.0\opentest4j-1.2.0.jar;C:\Users\monst\.m2\repository\org\junit\platform\junit-platform-commons\1.9.3\junit-platform-commons-1.9.3.jar;C:\Users\monst\.m2\repository\org\apiguardian\apiguardian-api\1.1.2\apiguardian-api-1.1.2.jar;C:\Users\monst\.m2\repository\org\junit\jupiter\junit-jupiter-engine\5.9.3\junit-jupiter-engine-5.9.3.jar;C:\Users\monst\.m2\repository\org\junit\platform\junit-platform-engine\1.9.3\junit-platform-engine-1.9.3.jar;C:\Users\monst\.m2\repository\org\apache\poi\poi\5.2.4\poi-5.2.4.jar;C:\Users\monst\.m2\repository\commons-codec\commons-codec\1.16.0\commons-codec-1.16.0.jar;C:\Users\monst\.m2\repository\org\apache\commons\commons-collections4\4.4\commons-collections4-4.4.jar;C:\Users\monst\.m2\repository\org\apache\commons\commons-math3\3.6.1\commons-math3-3.6.1.jar;C:\Users\monst\.m2\repository\commons-io\commons-io\2.13.0\commons-io-2.13.0.jar;C:\Users\monst\.m2\repository\com\zaxxer\SparseBitSet\1.3\SparseBitSet-1.3.jar;C:\Users\monst\.m2\repository\org\apache\logging\log4j\log4j-api\2.20.0\log4j-api-2.20.0.jar;C:\Users\monst\.m2\repository\org\apache\poi\poi-ooxml\5.2.4\poi-ooxml-5.2.4.jar;C:\Users\monst\.m2\repository\org\apache\poi\poi-ooxml-lite\5.2.4\poi-ooxml-lite-5.2.4.jar;C:\Users\monst\.m2\repository\org\apache\xmlbeans\xmlbeans\5.1.1\xmlbeans-5.1.1.jar;C:\Users\monst\.m2\repository\org\apache\commons\commons-compress\1.24.0\commons-compress-1.24.0.jar;C:\Users\monst\.m2\repository\com\github\virtuald\curvesapi\1.08\curvesapi-1.08.jar;"/>
    <property name="java.vm.vendor" value="Oracle Corporation"/>
    <property name="sun.arch.data.model" value="64"/>
    <property name="user.variant" value=""/>
    <property name="java.vendor.url" value="https://java.oracle.com/"/>
    <property name="user.timezone" value="Asia/Saigon"/>
    <property name="os.name" value="Windows 11"/>
    <property name="java.vm.specification.version" value="17"/>
    <property name="sun.java.launcher" value="SUN_STANDARD"/>
    <property name="user.country" value="US"/>
    <property name="sun.boot.library.path" value="C:\Program Files\Java\jdk-17\bin"/>
    <property name="sun.java.command" value="C:\Users\monst\AppData\Local\Temp\surefire10135997315845083437\surefirebooter-20250624161844694_3.jar C:\Users\monst\AppData\Local\Temp\surefire10135997315845083437 2025-06-24T16-18-44_101-jvmRun1 surefire-20250624161844694_1tmp surefire_0-20250624161844694_2tmp"/>
    <property name="jdk.debug" value="release"/>
    <property name="test" value="LoginPerfRunner"/>
    <property name="surefire.test.class.path" value="C:\Users\monst\karate-tests\target\test-classes;C:\Users\monst\karate-tests\target\classes;C:\Users\monst\.m2\repository\com\intuit\karate\karate-junit5\1.4.1\karate-junit5-1.4.1.jar;C:\Users\monst\.m2\repository\com\intuit\karate\karate-core\1.4.1\karate-core-1.4.1.jar;C:\Users\monst\.m2\repository\org\graalvm\js\js-scriptengine\22.3.3\js-scriptengine-22.3.3.jar;C:\Users\monst\.m2\repository\org\graalvm\sdk\graal-sdk\22.3.3\graal-sdk-22.3.3.jar;C:\Users\monst\.m2\repository\org\graalvm\js\js\22.3.3\js-22.3.3.jar;C:\Users\monst\.m2\repository\org\graalvm\regex\regex\22.3.3\regex-22.3.3.jar;C:\Users\monst\.m2\repository\org\graalvm\truffle\truffle-api\22.3.3\truffle-api-22.3.3.jar;C:\Users\monst\.m2\repository\com\ibm\icu\icu4j\71.1\icu4j-71.1.jar;C:\Users\monst\.m2\repository\org\thymeleaf\thymeleaf\3.1.2.RELEASE\thymeleaf-3.1.2.RELEASE.jar;C:\Users\monst\.m2\repository\ognl\ognl\3.3.4\ognl-3.3.4.jar;C:\Users\monst\.m2\repository\org\javassist\javassist\3.29.0-GA\javassist-3.29.0-GA.jar;C:\Users\monst\.m2\repository\org\attoparser\attoparser\2.0.7.RELEASE\attoparser-2.0.7.RELEASE.jar;C:\Users\monst\.m2\repository\org\unbescape\unbescape\1.1.6.RELEASE\unbescape-1.1.6.RELEASE.jar;C:\Users\monst\.m2\repository\org\slf4j\slf4j-api\2.0.7\slf4j-api-2.0.7.jar;C:\Users\monst\.m2\repository\com\linecorp\armeria\armeria\1.25.2\armeria-1.25.2.jar;C:\Users\monst\.m2\repository\com\fasterxml\jackson\core\jackson-core\2.15.2\jackson-core-2.15.2.jar;C:\Users\monst\.m2\repository\com\fasterxml\jackson\core\jackson-annotations\2.15.2\jackson-annotations-2.15.2.jar;C:\Users\monst\.m2\repository\com\fasterxml\jackson\core\jackson-databind\2.15.2\jackson-databind-2.15.2.jar;C:\Users\monst\.m2\repository\com\fasterxml\jackson\datatype\jackson-datatype-jdk8\2.15.2\jackson-datatype-jdk8-2.15.2.jar;C:\Users\monst\.m2\repository\com\fasterxml\jackson\datatype\jackson-datatype-jsr310\2.15.2\jackson-datatype-jsr310-2.15.2.jar;C:\Users\monst\.m2\repository\io\micrometer\micrometer-core\1.11.3\micrometer-core-1.11.3.jar;C:\Users\monst\.m2\repository\io\micrometer\micrometer-commons\1.11.3\micrometer-commons-1.11.3.jar;C:\Users\monst\.m2\repository\io\micrometer\micrometer-observation\1.11.3\micrometer-observation-1.11.3.jar;C:\Users\monst\.m2\repository\org\hdrhistogram\HdrHistogram\2.1.12\HdrHistogram-2.1.12.jar;C:\Users\monst\.m2\repository\org\latencyutils\LatencyUtils\2.0.3\LatencyUtils-2.0.3.jar;C:\Users\monst\.m2\repository\io\netty\netty-transport\4.1.96.Final\netty-transport-4.1.96.Final.jar;C:\Users\monst\.m2\repository\io\netty\netty-common\4.1.96.Final\netty-common-4.1.96.Final.jar;C:\Users\monst\.m2\repository\io\netty\netty-buffer\4.1.96.Final\netty-buffer-4.1.96.Final.jar;C:\Users\monst\.m2\repository\io\netty\netty-resolver\4.1.96.Final\netty-resolver-4.1.96.Final.jar;C:\Users\monst\.m2\repository\io\netty\netty-codec-haproxy\4.1.96.Final\netty-codec-haproxy-4.1.96.Final.jar;C:\Users\monst\.m2\repository\io\netty\netty-codec\4.1.96.Final\netty-codec-4.1.96.Final.jar;C:\Users\monst\.m2\repository\io\netty\netty-codec-http2\4.1.96.Final\netty-codec-http2-4.1.96.Final.jar;C:\Users\monst\.m2\repository\io\netty\netty-handler\4.1.96.Final\netty-handler-4.1.96.Final.jar;C:\Users\monst\.m2\repository\io\netty\netty-codec-http\4.1.96.Final\netty-codec-http-4.1.96.Final.jar;C:\Users\monst\.m2\repository\io\netty\netty-resolver-dns\4.1.96.Final\netty-resolver-dns-4.1.96.Final.jar;C:\Users\monst\.m2\repository\io\netty\netty-codec-dns\4.1.96.Final\netty-codec-dns-4.1.96.Final.jar;C:\Users\monst\.m2\repository\org\reactivestreams\reactive-streams\1.0.4\reactive-streams-1.0.4.jar;C:\Users\monst\.m2\repository\com\google\code\findbugs\jsr305\3.0.2\jsr305-3.0.2.jar;C:\Users\monst\.m2\repository\io\netty\netty-handler-proxy\4.1.96.Final\netty-handler-proxy-4.1.96.Final.jar;C:\Users\monst\.m2\repository\io\netty\netty-codec-socks\4.1.96.Final\netty-codec-socks-4.1.96.Final.jar;C:\Users\monst\.m2\repository\io\netty\netty-transport-native-unix-common\4.1.96.Final\netty-transport-native-unix-common-4.1.96.Final-linux-x86_64.jar;C:\Users\monst\.m2\repository\io\netty\netty-transport-native-epoll\4.1.96.Final\netty-transport-native-epoll-4.1.96.Final-linux-x86_64.jar;C:\Users\monst\.m2\repository\io\netty\netty-transport-native-unix-common\4.1.96.Final\netty-transport-native-unix-common-4.1.96.Final.jar;C:\Users\monst\.m2\repository\io\netty\netty-transport-classes-epoll\4.1.96.Final\netty-transport-classes-epoll-4.1.96.Final.jar;C:\Users\monst\.m2\repository\io\netty\netty-transport-native-unix-common\4.1.96.Final\netty-transport-native-unix-common-4.1.96.Final-linux-aarch_64.jar;C:\Users\monst\.m2\repository\io\netty\netty-transport-native-epoll\4.1.96.Final\netty-transport-native-epoll-4.1.96.Final-linux-aarch_64.jar;C:\Users\monst\.m2\repository\io\netty\netty-transport-native-unix-common\4.1.96.Final\netty-transport-native-unix-common-4.1.96.Final-osx-x86_64.jar;C:\Users\monst\.m2\repository\io\netty\netty-transport-native-kqueue\4.1.96.Final\netty-transport-native-kqueue-4.1.96.Final-osx-x86_64.jar;C:\Users\monst\.m2\repository\io\netty\netty-transport-classes-kqueue\4.1.96.Final\netty-transport-classes-kqueue-4.1.96.Final.jar;C:\Users\monst\.m2\repository\io\netty\netty-resolver-dns-native-macos\4.1.96.Final\netty-resolver-dns-native-macos-4.1.96.Final-osx-x86_64.jar;C:\Users\monst\.m2\repository\io\netty\netty-resolver-dns-classes-macos\4.1.96.Final\netty-resolver-dns-classes-macos-4.1.96.Final.jar;C:\Users\monst\.m2\repository\io\netty\netty-transport-native-unix-common\4.1.96.Final\netty-transport-native-unix-common-4.1.96.Final-osx-aarch_64.jar;C:\Users\monst\.m2\repository\io\netty\netty-transport-native-kqueue\4.1.96.Final\netty-transport-native-kqueue-4.1.96.Final-osx-aarch_64.jar;C:\Users\monst\.m2\repository\io\netty\netty-resolver-dns-native-macos\4.1.96.Final\netty-resolver-dns-native-macos-4.1.96.Final-osx-aarch_64.jar;C:\Users\monst\.m2\repository\io\netty\netty-tcnative-boringssl-static\2.0.61.Final\netty-tcnative-boringssl-static-2.0.61.Final-linux-x86_64.jar;C:\Users\monst\.m2\repository\io\netty\netty-tcnative-classes\2.0.61.Final\netty-tcnative-classes-2.0.61.Final.jar;C:\Users\monst\.m2\repository\io\netty\netty-tcnative-boringssl-static\2.0.61.Final\netty-tcnative-boringssl-static-2.0.61.Final-linux-aarch_64.jar;C:\Users\monst\.m2\repository\io\netty\netty-tcnative-boringssl-static\2.0.61.Final\netty-tcnative-boringssl-static-2.0.61.Final-osx-x86_64.jar;C:\Users\monst\.m2\repository\io\netty\netty-tcnative-boringssl-static\2.0.61.Final\netty-tcnative-boringssl-static-2.0.61.Final-osx-aarch_64.jar;C:\Users\monst\.m2\repository\io\netty\netty-tcnative-boringssl-static\2.0.61.Final\netty-tcnative-boringssl-static-2.0.61.Final-windows-x86_64.jar;C:\Users\monst\.m2\repository\com\aayushatharva\brotli4j\brotli4j\1.12.0\brotli4j-1.12.0.jar;C:\Users\monst\.m2\repository\com\aayushatharva\brotli4j\service\1.12.0\service-1.12.0.jar;C:\Users\monst\.m2\repository\com\aayushatharva\brotli4j\native-windows-x86_64\1.12.0\native-windows-x86_64-1.12.0.jar;C:\Users\monst\.m2\repository\org\apache\httpcomponents\httpclient\4.5.14\httpclient-4.5.14.jar;C:\Users\monst\.m2\repository\org\apache\httpcomponents\httpcore\4.4.16\httpcore-4.4.16.jar;C:\Users\monst\.m2\repository\ch\qos\logback\logback-classic\1.4.11\logback-classic-1.4.11.jar;C:\Users\monst\.m2\repository\ch\qos\logback\logback-core\1.4.11\logback-core-1.4.11.jar;C:\Users\monst\.m2\repository\org\slf4j\jcl-over-slf4j\2.0.9\jcl-over-slf4j-2.0.9.jar;C:\Users\monst\.m2\repository\org\antlr\antlr4-runtime\4.11.1\antlr4-runtime-4.11.1.jar;C:\Users\monst\.m2\repository\com\jayway\jsonpath\json-path\2.8.0\json-path-2.8.0.jar;C:\Users\monst\.m2\repository\net\minidev\json-smart\2.4.10\json-smart-2.4.10.jar;C:\Users\monst\.m2\repository\net\minidev\accessors-smart\2.4.9\accessors-smart-2.4.9.jar;C:\Users\monst\.m2\repository\org\ow2\asm\asm\9.3\asm-9.3.jar;C:\Users\monst\.m2\repository\org\yaml\snakeyaml\2.0\snakeyaml-2.0.jar;C:\Users\monst\.m2\repository\de\siegmar\fastcsv\2.2.1\fastcsv-2.2.1.jar;C:\Users\monst\.m2\repository\info\picocli\picocli\4.7.1\picocli-4.7.1.jar;C:\Users\monst\.m2\repository\io\github\classgraph\classgraph\4.8.160\classgraph-4.8.160.jar;C:\Users\monst\.m2\repository\io\github\t12y\resemble\1.0.2\resemble-1.0.2.jar;C:\Users\monst\.m2\repository\io\github\t12y\ssim\1.0.0\ssim-1.0.0.jar;C:\Users\monst\.m2\repository\org\junit\jupiter\junit-jupiter-api\5.9.3\junit-jupiter-api-5.9.3.jar;C:\Users\monst\.m2\repository\org\opentest4j\opentest4j\1.2.0\opentest4j-1.2.0.jar;C:\Users\monst\.m2\repository\org\junit\platform\junit-platform-commons\1.9.3\junit-platform-commons-1.9.3.jar;C:\Users\monst\.m2\repository\org\apiguardian\apiguardian-api\1.1.2\apiguardian-api-1.1.2.jar;C:\Users\monst\.m2\repository\org\junit\jupiter\junit-jupiter-engine\5.9.3\junit-jupiter-engine-5.9.3.jar;C:\Users\monst\.m2\repository\org\junit\platform\junit-platform-engine\1.9.3\junit-platform-engine-1.9.3.jar;C:\Users\monst\.m2\repository\org\apache\poi\poi\5.2.4\poi-5.2.4.jar;C:\Users\monst\.m2\repository\commons-codec\commons-codec\1.16.0\commons-codec-1.16.0.jar;C:\Users\monst\.m2\repository\org\apache\commons\commons-collections4\4.4\commons-collections4-4.4.jar;C:\Users\monst\.m2\repository\org\apache\commons\commons-math3\3.6.1\commons-math3-3.6.1.jar;C:\Users\monst\.m2\repository\commons-io\commons-io\2.13.0\commons-io-2.13.0.jar;C:\Users\monst\.m2\repository\com\zaxxer\SparseBitSet\1.3\SparseBitSet-1.3.jar;C:\Users\monst\.m2\repository\org\apache\logging\log4j\log4j-api\2.20.0\log4j-api-2.20.0.jar;C:\Users\monst\.m2\repository\org\apache\poi\poi-ooxml\5.2.4\poi-ooxml-5.2.4.jar;C:\Users\monst\.m2\repository\org\apache\poi\poi-ooxml-lite\5.2.4\poi-ooxml-lite-5.2.4.jar;C:\Users\monst\.m2\repository\org\apache\xmlbeans\xmlbeans\5.1.1\xmlbeans-5.1.1.jar;C:\Users\monst\.m2\repository\org\apache\commons\commons-compress\1.24.0\commons-compress-1.24.0.jar;C:\Users\monst\.m2\repository\com\github\virtuald\curvesapi\1.08\curvesapi-1.08.jar;"/>
    <property name="sun.cpu.endian" value="little"/>
    <property name="user.home" value="C:\Users\monst"/>
    <property name="user.language" value="en"/>
    <property name="java.specification.vendor" value="Oracle Corporation"/>
    <property name="java.version.date" value="2023-10-17"/>
    <property name="java.home" value="C:\Program Files\Java\jdk-17"/>
    <property name="file.separator" value="\"/>
    <property name="basedir" value="C:\Users\monst\karate-tests"/>
    <property name="java.vm.compressedOopsMode" value="Zero based"/>
    <property name="line.separator" value="&#10;"/>
    <property name="java.vm.specification.vendor" value="Oracle Corporation"/>
    <property name="java.specification.name" value="Java Platform API Specification"/>
    <property name="surefire.real.class.path" value="C:\Users\monst\AppData\Local\Temp\surefire10135997315845083437\surefirebooter-20250624161844694_3.jar"/>
    <property name="user.script" value=""/>
    <property name="sun.management.compiler" value="HotSpot 64-Bit Tiered Compilers"/>
    <property name="java.runtime.version" value="17.0.9+11-LTS-201"/>
    <property name="user.name" value="monst"/>
    <property name="path.separator" value=";"/>
    <property name="os.version" value="10.0"/>
    <property name="java.runtime.name" value="Java(TM) SE Runtime Environment"/>
    <property name="file.encoding" value="Cp1252"/>
    <property name="java.vm.name" value="Java HotSpot(TM) 64-Bit Server VM"/>
    <property name="localRepository" value="C:\Users\monst\.m2\repository"/>
    <property name="java.vendor.url.bug" value="https://bugreport.java.com/bugreport/"/>
    <property name="java.io.tmpdir" value="C:\Users\monst\AppData\Local\Temp\"/>
    <property name="java.version" value="17.0.9"/>
    <property name="user.dir" value="C:\Users\monst\karate-tests"/>
    <property name="os.arch" value="amd64"/>
    <property name="java.vm.specification.name" value="Java Virtual Machine Specification"/>
    <property name="sun.os.patch.level" value=""/>
    <property name="native.encoding" value="Cp1252"/>
    <property name="java.library.path" value="C:\Program Files\Java\jdk-17\bin;C:\WINDOWS\Sun\Java\bin;C:\WINDOWS\system32;C:\WINDOWS;C:\Program Files\Eclipse Adoptium\jdk-17.0.12.7-hotspot\bin;C:\Program Files\Common Files\Oracle\Java\javapath;C:\Program Files (x86)\VMware\VMware Workstation\bin\;C:\Windows\system32;C:\Windows;C:\Windows\System32\Wbem;C:\Windows\System32\WindowsPowerShell\v1.0\;C:\Windows\System32\OpenSSH\;C:\Program Files (x86)\NVIDIA Corporation\PhysX\Common;C:\Program Files\NVIDIA Corporation\NVIDIA NvDLISR;C:\WINDOWS\system32;C:\WINDOWS;C:\WINDOWS\System32\Wbem;C:\WINDOWS\System32\WindowsPowerShell\v1.0\;C:\WINDOWS\System32\OpenSSH\;C:\Program Files\Azure Data Studio\bin;C:\Program Files (x86)\Microsoft SQL Server\160\Tools\Binn\;C:\Program Files\Microsoft SQL Server\160\Tools\Binn\;C:\Program Files\Microsoft SQL Server\Client SDK\ODBC\170\Tools\Binn\;C:\Program Files\Microsoft SQL Server\160\DTS\Binn\;C:\Program Files (x86)\Microsoft SQL Server\160\DTS\Binn\;C:\ProgramData\chocolatey\bin;C:\Program Files\Docker\Docker\resources\bin;C:\Program Files\nodejs\;C:\Program Files\MySQL\MySQL Server 8.0\bin;C:\Program Files\Git\cmd;C:\Program Files (x86)\Windows Kits\10\Windows Performance Toolkit\;C:\Program Files\dotnet\;C:\Program Files\Microsoft SQL Server\150\Tools\Binn\;C:\Program Files\Apache\apache-maven-3.9.9\bin;C:\Users\monst\AppData\Local\Android\Sdk\platform-tools;C:\Program Files\Cloudflare\Cloudflare WARP\;C:\Users\monst\AppData\Local\Programs\Python\Python313\Scripts\;C:\dev\flutter\bin;C:\Users\monst\.dotnet\tools;C:\Users\monst\AppData\Local\Programs\Microsoft VS Code\bin;C:\Users\monst\AppData\Local\Programs\Python\Python313\;C:\Users\monst\AppData\Local\Programs\cursor\resources\app\bin;C:\Users\monst\AppData\Roaming\npm;;."/>
    <property name="java.vm.info" value="mixed mode, sharing"/>
    <property name="java.vendor" value="Oracle Corporation"/>
    <property name="java.vm.version" value="17.0.9+11-LTS-201"/>
    <property name="sun.io.unicode.encoding" value="UnicodeLittle"/>
    <property name="java.class.version" value="61.0"/>
  </properties>
  <testcase name="testLoginPerformance" classname="runners.performance.LoginPerfRunner" time="13.441">
    <system-out><![CDATA[🚀 Starting Performance Test - 100 requests with 10 threads...
16:18:46.363 [main] INFO com.intuit.karate.Suite -- backed up existing 'target\karate-reports' dir to: target\karate-reports_1750756726357
16:18:47.744 [pool-2-thread-8] DEBUG com.jayway.jsonpath.internal.path.CompiledPath -- Evaluating path: $
16:18:47.744 [pool-2-thread-1] DEBUG com.jayway.jsonpath.internal.path.CompiledPath -- Evaluating path: $
16:18:47.744 [pool-2-thread-7] DEBUG com.jayway.jsonpath.internal.path.CompiledPath -- Evaluating path: $
16:18:47.744 [pool-2-thread-3] DEBUG com.jayway.jsonpath.internal.path.CompiledPath -- Evaluating path: $
16:18:47.744 [pool-2-thread-9] DEBUG com.jayway.jsonpath.internal.path.CompiledPath -- Evaluating path: $
16:18:47.744 [pool-2-thread-2] DEBUG com.jayway.jsonpath.internal.path.CompiledPath -- Evaluating path: $
16:18:47.744 [pool-2-thread-5] DEBUG com.jayway.jsonpath.internal.path.CompiledPath -- Evaluating path: $
16:18:47.744 [pool-2-thread-10] DEBUG com.jayway.jsonpath.internal.path.CompiledPath -- Evaluating path: $
16:18:47.744 [pool-2-thread-4] DEBUG com.jayway.jsonpath.internal.path.CompiledPath -- Evaluating path: $
16:18:47.744 [pool-2-thread-6] DEBUG com.jayway.jsonpath.internal.path.CompiledPath -- Evaluating path: $
16:18:47.889 [pool-2-thread-4] INFO com.intuit.karate -- [print] === STARTING PERFORMANCE TEST for user: test2@example.com === 
16:18:47.889 [pool-2-thread-9] INFO com.intuit.karate -- [print] === STARTING PERFORMANCE TEST for user: testit@gmail.com === 
16:18:47.889 [pool-2-thread-10] INFO com.intuit.karate -- [print] === STARTING PERFORMANCE TEST for user: testit2@gmail.com === 
16:18:47.889 [pool-2-thread-7] INFO com.intuit.karate -- [print] === STARTING PERFORMANCE TEST for user: testit3@gmail.com === 
16:18:47.889 [pool-2-thread-5] INFO com.intuit.karate -- [print] === STARTING PERFORMANCE TEST for user: test28@example.com === 
16:18:47.889 [pool-2-thread-3] INFO com.intuit.karate -- [print] === STARTING PERFORMANCE TEST for user: test@example.com === 
16:18:47.889 [pool-2-thread-1] INFO com.intuit.karate -- [print] === STARTING PERFORMANCE TEST for user: nam@gmail.com === 
16:18:47.889 [pool-2-thread-6] INFO com.intuit.karate -- [print] === STARTING PERFORMANCE TEST for user: testit4@gmail.com === 
16:18:47.889 [pool-2-thread-8] INFO com.intuit.karate -- [print] === STARTING PERFORMANCE TEST for user: testit5@gmail.com === 
16:18:47.889 [pool-2-thread-2] INFO com.intuit.karate -- [print] === STARTING PERFORMANCE TEST for user: quang1@gmail.com === 
16:18:47.893 [pool-2-thread-2] INFO com.intuit.karate -- [print] *** API CALL 1 *** 
16:18:47.893 [pool-2-thread-8] INFO com.intuit.karate -- [print] *** API CALL 1 *** 
16:18:47.894 [pool-2-thread-7] INFO com.intuit.karate -- [print] *** API CALL 1 *** 
16:18:47.893 [pool-2-thread-5] INFO com.intuit.karate -- [print] *** API CALL 1 *** 
16:18:47.894 [pool-2-thread-4] INFO com.intuit.karate -- [print] *** API CALL 1 *** 
16:18:47.893 [pool-2-thread-3] INFO com.intuit.karate -- [print] *** API CALL 1 *** 
16:18:47.895 [pool-2-thread-10] INFO com.intuit.karate -- [print] *** API CALL 1 *** 
16:18:47.895 [pool-2-thread-1] INFO com.intuit.karate -- [print] *** API CALL 1 *** 
16:18:47.893 [pool-2-thread-6] INFO com.intuit.karate -- [print] *** API CALL 1 *** 
16:18:47.894 [pool-2-thread-9] INFO com.intuit.karate -- [print] *** API CALL 1 *** 
16:18:47.949 [pool-2-thread-4] DEBUG io.netty.util.internal.logging.InternalLoggerFactory -- Using SLF4J as the default logging framework
16:18:47.953 [pool-2-thread-4] DEBUG io.netty.util.internal.PlatformDependent0 -- -Dio.netty.noUnsafe: false
16:18:47.953 [pool-2-thread-4] DEBUG io.netty.util.internal.PlatformDependent0 -- Java version: 17
16:18:47.954 [pool-2-thread-4] DEBUG io.netty.util.internal.PlatformDependent0 -- sun.misc.Unsafe.theUnsafe: available
16:18:47.955 [pool-2-thread-4] DEBUG io.netty.util.internal.PlatformDependent0 -- sun.misc.Unsafe.copyMemory: available
16:18:47.956 [pool-2-thread-4] DEBUG io.netty.util.internal.PlatformDependent0 -- sun.misc.Unsafe.storeFence: available
16:18:47.957 [pool-2-thread-4] DEBUG io.netty.util.internal.PlatformDependent0 -- java.nio.Buffer.address: available
16:18:47.957 [pool-2-thread-4] DEBUG io.netty.util.internal.PlatformDependent0 -- direct buffer constructor: unavailable: Reflective setAccessible(true) disabled
16:18:47.959 [pool-2-thread-4] DEBUG io.netty.util.internal.PlatformDependent0 -- java.nio.Bits.unaligned: available, true
16:18:47.960 [pool-2-thread-4] DEBUG io.netty.util.internal.PlatformDependent0 -- jdk.internal.misc.Unsafe.allocateUninitializedArray(int): unavailable: class io.netty.util.internal.PlatformDependent0$7 cannot access class jdk.internal.misc.Unsafe (in module java.base) because module java.base does not export jdk.internal.misc to unnamed module @376b4233
16:18:47.962 [pool-2-thread-4] DEBUG io.netty.util.internal.PlatformDependent0 -- java.nio.DirectByteBuffer.<init>(long, {int,long}): unavailable
16:18:47.962 [pool-2-thread-4] DEBUG io.netty.util.internal.PlatformDependent -- sun.misc.Unsafe: available
16:18:47.964 [pool-2-thread-4] DEBUG io.netty.util.internal.PlatformDependent -- maxDirectMemory: 4123000832 bytes (maybe)
16:18:47.965 [pool-2-thread-4] DEBUG io.netty.util.internal.PlatformDependent -- -Dio.netty.tmpdir: C:\Users\monst\AppData\Local\Temp (java.io.tmpdir)
16:18:47.965 [pool-2-thread-4] DEBUG io.netty.util.internal.PlatformDependent -- -Dio.netty.bitMode: 64 (sun.arch.data.model)
16:18:47.965 [pool-2-thread-4] DEBUG io.netty.util.internal.PlatformDependent -- Platform: Windows
16:18:47.968 [pool-2-thread-4] DEBUG io.netty.util.internal.PlatformDependent -- -Dio.netty.maxDirectMemory: -1 bytes
16:18:47.968 [pool-2-thread-4] DEBUG io.netty.util.internal.PlatformDependent -- -Dio.netty.uninitializedArrayAllocationThreshold: -1
16:18:47.969 [pool-2-thread-4] DEBUG io.netty.util.internal.CleanerJava9 -- java.nio.ByteBuffer.cleaner(): available
16:18:47.970 [pool-2-thread-4] DEBUG io.netty.util.internal.PlatformDependent -- -Dio.netty.noPreferDirect: false
16:18:48.521 [pool-2-thread-2] DEBUG org.apache.http.client.protocol.RequestAddCookies -- CookieSpec selected: karate
16:18:48.522 [pool-2-thread-6] DEBUG org.apache.http.client.protocol.RequestAddCookies -- CookieSpec selected: karate
16:18:48.522 [pool-2-thread-4] DEBUG org.apache.http.client.protocol.RequestAddCookies -- CookieSpec selected: karate
16:18:48.522 [pool-2-thread-10] DEBUG org.apache.http.client.protocol.RequestAddCookies -- CookieSpec selected: karate
16:18:48.522 [pool-2-thread-8] DEBUG org.apache.http.client.protocol.RequestAddCookies -- CookieSpec selected: karate
16:18:48.522 [pool-2-thread-3] DEBUG org.apache.http.client.protocol.RequestAddCookies -- CookieSpec selected: karate
16:18:48.522 [pool-2-thread-1] DEBUG org.apache.http.client.protocol.RequestAddCookies -- CookieSpec selected: karate
16:18:48.522 [pool-2-thread-7] DEBUG org.apache.http.client.protocol.RequestAddCookies -- CookieSpec selected: karate
16:18:48.522 [pool-2-thread-9] DEBUG org.apache.http.client.protocol.RequestAddCookies -- CookieSpec selected: karate
16:18:48.523 [pool-2-thread-5] DEBUG org.apache.http.client.protocol.RequestAddCookies -- CookieSpec selected: karate
16:18:48.533 [pool-2-thread-10] DEBUG org.apache.http.client.protocol.RequestAuthCache -- Auth cache not set in the context
16:18:48.533 [pool-2-thread-7] DEBUG org.apache.http.client.protocol.RequestAuthCache -- Auth cache not set in the context
16:18:48.533 [pool-2-thread-3] DEBUG org.apache.http.client.protocol.RequestAuthCache -- Auth cache not set in the context
16:18:48.533 [pool-2-thread-8] DEBUG org.apache.http.client.protocol.RequestAuthCache -- Auth cache not set in the context
16:18:48.533 [pool-2-thread-1] DEBUG org.apache.http.client.protocol.RequestAuthCache -- Auth cache not set in the context
16:18:48.533 [pool-2-thread-4] DEBUG org.apache.http.client.protocol.RequestAuthCache -- Auth cache not set in the context
16:18:48.533 [pool-2-thread-6] DEBUG org.apache.http.client.protocol.RequestAuthCache -- Auth cache not set in the context
16:18:48.533 [pool-2-thread-5] DEBUG org.apache.http.client.protocol.RequestAuthCache -- Auth cache not set in the context
16:18:48.533 [pool-2-thread-2] DEBUG org.apache.http.client.protocol.RequestAuthCache -- Auth cache not set in the context
16:18:48.533 [pool-2-thread-9] DEBUG org.apache.http.client.protocol.RequestAuthCache -- Auth cache not set in the context
16:18:48.536 [pool-2-thread-7] DEBUG com.intuit.karate -- request:
1 > POST http://localhost:3000/auth/login
1 > Content-Type: application/json; charset=UTF-8
1 > Content-Length: 54
1 > Host: localhost:3000
1 > Connection: Keep-Alive
1 > User-Agent: Apache-HttpClient/4.5.14 (Java/17.0.9)
1 > Accept-Encoding: gzip,deflate
{"email":"testit3@gmail.com","password":"Password123"}

16:18:48.536 [pool-2-thread-5] DEBUG com.intuit.karate -- request:
1 > POST http://localhost:3000/auth/login
1 > Content-Type: application/json; charset=UTF-8
1 > Content-Length: 55
1 > Host: localhost:3000
1 > Connection: Keep-Alive
1 > User-Agent: Apache-HttpClient/4.5.14 (Java/17.0.9)
1 > Accept-Encoding: gzip,deflate
{"email":"test28@example.com","password":"Password123"}

16:18:48.536 [pool-2-thread-9] DEBUG com.intuit.karate -- request:
1 > POST http://localhost:3000/auth/login
1 > Content-Type: application/json; charset=UTF-8
1 > Content-Length: 53
1 > Host: localhost:3000
1 > Connection: Keep-Alive
1 > User-Agent: Apache-HttpClient/4.5.14 (Java/17.0.9)
1 > Accept-Encoding: gzip,deflate
{"email":"testit@gmail.com","password":"Password123"}

16:18:48.536 [pool-2-thread-4] DEBUG com.intuit.karate -- request:
1 > POST http://localhost:3000/auth/login
1 > Content-Type: application/json; charset=UTF-8
1 > Content-Length: 54
1 > Host: localhost:3000
1 > Connection: Keep-Alive
1 > User-Agent: Apache-HttpClient/4.5.14 (Java/17.0.9)
1 > Accept-Encoding: gzip,deflate
{"email":"test2@example.com","password":"Password123"}

16:18:48.536 [pool-2-thread-6] DEBUG com.intuit.karate -- request:
1 > POST http://localhost:3000/auth/login
1 > Content-Type: application/json; charset=UTF-8
1 > Content-Length: 54
1 > Host: localhost:3000
1 > Connection: Keep-Alive
1 > User-Agent: Apache-HttpClient/4.5.14 (Java/17.0.9)
1 > Accept-Encoding: gzip,deflate
{"email":"testit4@gmail.com","password":"Password123"}

16:18:48.536 [pool-2-thread-8] DEBUG com.intuit.karate -- request:
1 > POST http://localhost:3000/auth/login
1 > Content-Type: application/json; charset=UTF-8
1 > Content-Length: 54
1 > Host: localhost:3000
1 > Connection: Keep-Alive
1 > User-Agent: Apache-HttpClient/4.5.14 (Java/17.0.9)
1 > Accept-Encoding: gzip,deflate
{"email":"testit5@gmail.com","password":"Password123"}

16:18:48.536 [pool-2-thread-1] DEBUG com.intuit.karate -- request:
1 > POST http://localhost:3000/auth/login
1 > Content-Type: application/json; charset=UTF-8
1 > Content-Length: 45
1 > Host: localhost:3000
1 > Connection: Keep-Alive
1 > User-Agent: Apache-HttpClient/4.5.14 (Java/17.0.9)
1 > Accept-Encoding: gzip,deflate
{"email":"nam@gmail.com","password":"123456"}

16:18:48.536 [pool-2-thread-10] DEBUG com.intuit.karate -- request:
1 > POST http://localhost:3000/auth/login
1 > Content-Type: application/json; charset=UTF-8
1 > Content-Length: 54
1 > Host: localhost:3000
1 > Connection: Keep-Alive
1 > User-Agent: Apache-HttpClient/4.5.14 (Java/17.0.9)
1 > Accept-Encoding: gzip,deflate
{"email":"testit2@gmail.com","password":"Password123"}

16:18:48.536 [pool-2-thread-3] DEBUG com.intuit.karate -- request:
1 > POST http://localhost:3000/auth/login
1 > Content-Type: application/json; charset=UTF-8
1 > Content-Length: 53
1 > Host: localhost:3000
1 > Connection: Keep-Alive
1 > User-Agent: Apache-HttpClient/4.5.14 (Java/17.0.9)
1 > Accept-Encoding: gzip,deflate
{"email":"test@example.com","password":"Password123"}

16:18:48.536 [pool-2-thread-2] DEBUG com.intuit.karate -- request:
1 > POST http://localhost:3000/auth/login
1 > Content-Type: application/json; charset=UTF-8
1 > Content-Length: 48
1 > Host: localhost:3000
1 > Connection: Keep-Alive
1 > User-Agent: Apache-HttpClient/4.5.14 (Java/17.0.9)
1 > Accept-Encoding: gzip,deflate
{"email":"quang1@gmail.com","password":"quang1"}

16:18:48.537 [pool-2-thread-9] DEBUG org.apache.http.impl.conn.PoolingHttpClientConnectionManager -- Connection request: [route: {}->http://localhost:3000][total available: 0; route allocated: 0 of 5; total allocated: 0 of 10]
16:18:48.537 [pool-2-thread-5] DEBUG org.apache.http.impl.conn.PoolingHttpClientConnectionManager -- Connection request: [route: {}->http://localhost:3000][total available: 0; route allocated: 0 of 5; total allocated: 0 of 10]
16:18:48.537 [pool-2-thread-1] DEBUG org.apache.http.impl.conn.PoolingHttpClientConnectionManager -- Connection request: [route: {}->http://localhost:3000][total available: 0; route allocated: 0 of 5; total allocated: 0 of 10]
16:18:48.537 [pool-2-thread-3] DEBUG org.apache.http.impl.conn.PoolingHttpClientConnectionManager -- Connection request: [route: {}->http://localhost:3000][total available: 0; route allocated: 0 of 5; total allocated: 0 of 10]
16:18:48.537 [pool-2-thread-10] DEBUG org.apache.http.impl.conn.PoolingHttpClientConnectionManager -- Connection request: [route: {}->http://localhost:3000][total available: 0; route allocated: 0 of 5; total allocated: 0 of 10]
16:18:48.537 [pool-2-thread-4] DEBUG org.apache.http.impl.conn.PoolingHttpClientConnectionManager -- Connection request: [route: {}->http://localhost:3000][total available: 0; route allocated: 0 of 5; total allocated: 0 of 10]
16:18:48.537 [pool-2-thread-6] DEBUG org.apache.http.impl.conn.PoolingHttpClientConnectionManager -- Connection request: [route: {}->http://localhost:3000][total available: 0; route allocated: 0 of 5; total allocated: 0 of 10]
16:18:48.537 [pool-2-thread-8] DEBUG org.apache.http.impl.conn.PoolingHttpClientConnectionManager -- Connection request: [route: {}->http://localhost:3000][total available: 0; route allocated: 0 of 5; total allocated: 0 of 10]
16:18:48.537 [pool-2-thread-2] DEBUG org.apache.http.impl.conn.PoolingHttpClientConnectionManager -- Connection request: [route: {}->http://localhost:3000][total available: 0; route allocated: 0 of 5; total allocated: 0 of 10]
16:18:48.537 [pool-2-thread-7] DEBUG org.apache.http.impl.conn.PoolingHttpClientConnectionManager -- Connection request: [route: {}->http://localhost:3000][total available: 0; route allocated: 0 of 5; total allocated: 0 of 10]
16:18:48.555 [pool-2-thread-10] DEBUG org.apache.http.impl.conn.PoolingHttpClientConnectionManager -- Connection leased: [id: 4][route: {}->http://localhost:3000][total available: 0; route allocated: 1 of 5; total allocated: 1 of 10]
16:18:48.555 [pool-2-thread-4] DEBUG org.apache.http.impl.conn.PoolingHttpClientConnectionManager -- Connection leased: [id: 3][route: {}->http://localhost:3000][total available: 0; route allocated: 1 of 5; total allocated: 1 of 10]
16:18:48.555 [pool-2-thread-8] DEBUG org.apache.http.impl.conn.PoolingHttpClientConnectionManager -- Connection leased: [id: 1][route: {}->http://localhost:3000][total available: 0; route allocated: 1 of 5; total allocated: 1 of 10]
16:18:48.555 [pool-2-thread-9] DEBUG org.apache.http.impl.conn.PoolingHttpClientConnectionManager -- Connection leased: [id: 0][route: {}->http://localhost:3000][total available: 0; route allocated: 1 of 5; total allocated: 1 of 10]
16:18:48.558 [pool-2-thread-6] DEBUG org.apache.http.impl.conn.PoolingHttpClientConnectionManager -- Connection leased: [id: 2][route: {}->http://localhost:3000][total available: 0; route allocated: 1 of 5; total allocated: 1 of 10]
16:18:48.558 [pool-2-thread-3] DEBUG org.apache.http.impl.conn.PoolingHttpClientConnectionManager -- Connection leased: [id: 6][route: {}->http://localhost:3000][total available: 0; route allocated: 1 of 5; total allocated: 1 of 10]
16:18:48.558 [pool-2-thread-1] DEBUG org.apache.http.impl.conn.PoolingHttpClientConnectionManager -- Connection leased: [id: 5][route: {}->http://localhost:3000][total available: 0; route allocated: 1 of 5; total allocated: 1 of 10]
16:18:48.558 [pool-2-thread-2] DEBUG org.apache.http.impl.conn.PoolingHttpClientConnectionManager -- Connection leased: [id: 8][route: {}->http://localhost:3000][total available: 0; route allocated: 1 of 5; total allocated: 1 of 10]
16:18:48.558 [pool-2-thread-5] DEBUG org.apache.http.impl.conn.PoolingHttpClientConnectionManager -- Connection leased: [id: 7][route: {}->http://localhost:3000][total available: 0; route allocated: 1 of 5; total allocated: 1 of 10]
16:18:48.558 [pool-2-thread-5] DEBUG org.apache.http.impl.execchain.MainClientExec -- Opening connection {}->http://localhost:3000
16:18:48.558 [pool-2-thread-9] DEBUG org.apache.http.impl.execchain.MainClientExec -- Opening connection {}->http://localhost:3000
16:18:48.558 [pool-2-thread-2] DEBUG org.apache.http.impl.execchain.MainClientExec -- Opening connection {}->http://localhost:3000
16:18:48.560 [pool-2-thread-8] DEBUG org.apache.http.impl.execchain.MainClientExec -- Opening connection {}->http://localhost:3000
16:18:48.560 [pool-2-thread-7] DEBUG org.apache.http.impl.conn.PoolingHttpClientConnectionManager -- Connection leased: [id: 9][route: {}->http://localhost:3000][total available: 0; route allocated: 1 of 5; total allocated: 1 of 10]
16:18:48.560 [pool-2-thread-7] DEBUG org.apache.http.impl.execchain.MainClientExec -- Opening connection {}->http://localhost:3000
16:18:48.560 [pool-2-thread-3] DEBUG org.apache.http.impl.execchain.MainClientExec -- Opening connection {}->http://localhost:3000
16:18:48.560 [pool-2-thread-1] DEBUG org.apache.http.impl.execchain.MainClientExec -- Opening connection {}->http://localhost:3000
16:18:48.561 [pool-2-thread-4] DEBUG org.apache.http.impl.execchain.MainClientExec -- Opening connection {}->http://localhost:3000
16:18:48.562 [pool-2-thread-10] DEBUG org.apache.http.impl.execchain.MainClientExec -- Opening connection {}->http://localhost:3000
16:18:48.564 [pool-2-thread-6] DEBUG org.apache.http.impl.execchain.MainClientExec -- Opening connection {}->http://localhost:3000
16:18:48.581 [pool-2-thread-5] DEBUG org.apache.http.impl.conn.DefaultHttpClientConnectionOperator -- Connecting to localhost/127.0.0.1:3000
16:18:48.581 [pool-2-thread-2] DEBUG org.apache.http.impl.conn.DefaultHttpClientConnectionOperator -- Connecting to localhost/127.0.0.1:3000
16:18:48.581 [pool-2-thread-7] DEBUG org.apache.http.impl.conn.DefaultHttpClientConnectionOperator -- Connecting to localhost/127.0.0.1:3000
16:18:48.582 [pool-2-thread-10] DEBUG org.apache.http.impl.conn.DefaultHttpClientConnectionOperator -- Connecting to localhost/127.0.0.1:3000
16:18:48.581 [pool-2-thread-8] DEBUG org.apache.http.impl.conn.DefaultHttpClientConnectionOperator -- Connecting to localhost/127.0.0.1:3000
16:18:48.581 [pool-2-thread-3] DEBUG org.apache.http.impl.conn.DefaultHttpClientConnectionOperator -- Connecting to localhost/127.0.0.1:3000
16:18:48.581 [pool-2-thread-4] DEBUG org.apache.http.impl.conn.DefaultHttpClientConnectionOperator -- Connecting to localhost/127.0.0.1:3000
16:18:48.582 [pool-2-thread-9] DEBUG org.apache.http.impl.conn.DefaultHttpClientConnectionOperator -- Connecting to localhost/127.0.0.1:3000
16:18:48.582 [pool-2-thread-1] DEBUG org.apache.http.impl.conn.DefaultHttpClientConnectionOperator -- Connecting to localhost/127.0.0.1:3000
16:18:48.582 [pool-2-thread-6] DEBUG org.apache.http.impl.conn.DefaultHttpClientConnectionOperator -- Connecting to localhost/127.0.0.1:3000
16:18:48.584 [pool-2-thread-1] DEBUG org.apache.http.impl.conn.DefaultHttpClientConnectionOperator -- Connection established 127.0.0.1:51281<->127.0.0.1:3000
16:18:48.584 [pool-2-thread-2] DEBUG org.apache.http.impl.conn.DefaultHttpClientConnectionOperator -- Connection established 127.0.0.1:51273<->127.0.0.1:3000
16:18:48.584 [pool-2-thread-7] DEBUG org.apache.http.impl.conn.DefaultHttpClientConnectionOperator -- Connection established 127.0.0.1:51278<->127.0.0.1:3000
16:18:48.584 [pool-2-thread-4] DEBUG org.apache.http.impl.conn.DefaultHttpClientConnectionOperator -- Connection established 127.0.0.1:51276<->127.0.0.1:3000
16:18:48.584 [pool-2-thread-5] DEBUG org.apache.http.impl.conn.DefaultHttpClientConnectionOperator -- Connection established 127.0.0.1:51280<->127.0.0.1:3000
16:18:48.584 [pool-2-thread-6] DEBUG org.apache.http.impl.conn.DefaultHttpClientConnectionOperator -- Connection established 127.0.0.1:51282<->127.0.0.1:3000
16:18:48.584 [pool-2-thread-8] DEBUG org.apache.http.impl.conn.DefaultHttpClientConnectionOperator -- Connection established 127.0.0.1:51275<->127.0.0.1:3000
16:18:48.584 [pool-2-thread-3] DEBUG org.apache.http.impl.conn.DefaultHttpClientConnectionOperator -- Connection established 127.0.0.1:51274<->127.0.0.1:3000
16:18:48.584 [pool-2-thread-10] DEBUG org.apache.http.impl.conn.DefaultHttpClientConnectionOperator -- Connection established 127.0.0.1:51277<->127.0.0.1:3000
16:18:48.584 [pool-2-thread-9] DEBUG org.apache.http.impl.conn.DefaultHttpClientConnectionOperator -- Connection established 127.0.0.1:51279<->127.0.0.1:3000
16:18:48.585 [pool-2-thread-10] DEBUG org.apache.http.impl.conn.DefaultManagedHttpClientConnection -- http-outgoing-9: set socket timeout to 30000
16:18:48.585 [pool-2-thread-7] DEBUG org.apache.http.impl.conn.DefaultManagedHttpClientConnection -- http-outgoing-2: set socket timeout to 30000
16:18:48.585 [pool-2-thread-4] DEBUG org.apache.http.impl.conn.DefaultManagedHttpClientConnection -- http-outgoing-4: set socket timeout to 30000
16:18:48.585 [pool-2-thread-2] DEBUG org.apache.http.impl.conn.DefaultManagedHttpClientConnection -- http-outgoing-3: set socket timeout to 30000
16:18:48.585 [pool-2-thread-7] DEBUG org.apache.http.impl.execchain.MainClientExec -- Executing request POST /auth/login HTTP/1.1
16:18:48.585 [pool-2-thread-1] DEBUG org.apache.http.impl.conn.DefaultManagedHttpClientConnection -- http-outgoing-6: set socket timeout to 30000
16:18:48.585 [pool-2-thread-5] DEBUG org.apache.http.impl.conn.DefaultManagedHttpClientConnection -- http-outgoing-0: set socket timeout to 30000
16:18:48.585 [pool-2-thread-6] DEBUG org.apache.http.impl.conn.DefaultManagedHttpClientConnection -- http-outgoing-8: set socket timeout to 30000
16:18:48.585 [pool-2-thread-8] DEBUG org.apache.http.impl.conn.DefaultManagedHttpClientConnection -- http-outgoing-7: set socket timeout to 30000
16:18:48.585 [pool-2-thread-3] DEBUG org.apache.http.impl.conn.DefaultManagedHttpClientConnection -- http-outgoing-1: set socket timeout to 30000
16:18:48.585 [pool-2-thread-9] DEBUG org.apache.http.impl.conn.DefaultManagedHttpClientConnection -- http-outgoing-5: set socket timeout to 30000
16:18:48.585 [pool-2-thread-4] DEBUG org.apache.http.impl.execchain.MainClientExec -- Executing request POST /auth/login HTTP/1.1
16:18:48.585 [pool-2-thread-10] DEBUG org.apache.http.impl.execchain.MainClientExec -- Executing request POST /auth/login HTTP/1.1
16:18:48.586 [pool-2-thread-10] DEBUG org.apache.http.impl.execchain.MainClientExec -- Target auth state: UNCHALLENGED
16:18:48.585 [pool-2-thread-2] DEBUG org.apache.http.impl.execchain.MainClientExec -- Executing request POST /auth/login HTTP/1.1
16:18:48.585 [pool-2-thread-7] DEBUG org.apache.http.impl.execchain.MainClientExec -- Target auth state: UNCHALLENGED
16:18:48.585 [pool-2-thread-1] DEBUG org.apache.http.impl.execchain.MainClientExec -- Executing request POST /auth/login HTTP/1.1
16:18:48.585 [pool-2-thread-5] DEBUG org.apache.http.impl.execchain.MainClientExec -- Executing request POST /auth/login HTTP/1.1
16:18:48.585 [pool-2-thread-6] DEBUG org.apache.http.impl.execchain.MainClientExec -- Executing request POST /auth/login HTTP/1.1
16:18:48.585 [pool-2-thread-8] DEBUG org.apache.http.impl.execchain.MainClientExec -- Executing request POST /auth/login HTTP/1.1
16:18:48.585 [pool-2-thread-3] DEBUG org.apache.http.impl.execchain.MainClientExec -- Executing request POST /auth/login HTTP/1.1
16:18:48.585 [pool-2-thread-9] DEBUG org.apache.http.impl.execchain.MainClientExec -- Executing request POST /auth/login HTTP/1.1
16:18:48.586 [pool-2-thread-4] DEBUG org.apache.http.impl.execchain.MainClientExec -- Target auth state: UNCHALLENGED
16:18:48.586 [pool-2-thread-2] DEBUG org.apache.http.impl.execchain.MainClientExec -- Target auth state: UNCHALLENGED
16:18:48.586 [pool-2-thread-1] DEBUG org.apache.http.impl.execchain.MainClientExec -- Target auth state: UNCHALLENGED
16:18:48.586 [pool-2-thread-5] DEBUG org.apache.http.impl.execchain.MainClientExec -- Target auth state: UNCHALLENGED
16:18:48.586 [pool-2-thread-6] DEBUG org.apache.http.impl.execchain.MainClientExec -- Target auth state: UNCHALLENGED
16:18:48.586 [pool-2-thread-8] DEBUG org.apache.http.impl.execchain.MainClientExec -- Target auth state: UNCHALLENGED
16:18:48.586 [pool-2-thread-3] DEBUG org.apache.http.impl.execchain.MainClientExec -- Target auth state: UNCHALLENGED
16:18:48.586 [pool-2-thread-9] DEBUG org.apache.http.impl.execchain.MainClientExec -- Target auth state: UNCHALLENGED
16:18:48.586 [pool-2-thread-9] DEBUG org.apache.http.impl.execchain.MainClientExec -- Proxy auth state: UNCHALLENGED
16:18:48.586 [pool-2-thread-2] DEBUG org.apache.http.impl.execchain.MainClientExec -- Proxy auth state: UNCHALLENGED
16:18:48.586 [pool-2-thread-3] DEBUG org.apache.http.impl.execchain.MainClientExec -- Proxy auth state: UNCHALLENGED
16:18:48.587 [pool-2-thread-5] DEBUG org.apache.http.impl.execchain.MainClientExec -- Proxy auth state: UNCHALLENGED
16:18:48.587 [pool-2-thread-7] DEBUG org.apache.http.impl.execchain.MainClientExec -- Proxy auth state: UNCHALLENGED
16:18:48.586 [pool-2-thread-4] DEBUG org.apache.http.impl.execchain.MainClientExec -- Proxy auth state: UNCHALLENGED
16:18:48.586 [pool-2-thread-1] DEBUG org.apache.http.impl.execchain.MainClientExec -- Proxy auth state: UNCHALLENGED
16:18:48.587 [pool-2-thread-6] DEBUG org.apache.http.impl.execchain.MainClientExec -- Proxy auth state: UNCHALLENGED
16:18:48.587 [pool-2-thread-8] DEBUG org.apache.http.impl.execchain.MainClientExec -- Proxy auth state: UNCHALLENGED
16:18:48.587 [pool-2-thread-10] DEBUG org.apache.http.impl.execchain.MainClientExec -- Proxy auth state: UNCHALLENGED
16:18:48.590 [pool-2-thread-10] DEBUG org.apache.http.headers -- http-outgoing-9 >> POST /auth/login HTTP/1.1
16:18:48.590 [pool-2-thread-3] DEBUG org.apache.http.headers -- http-outgoing-1 >> POST /auth/login HTTP/1.1
16:18:48.590 [pool-2-thread-10] DEBUG org.apache.http.headers -- http-outgoing-9 >> Content-Type: application/json; charset=UTF-8
16:18:48.590 [pool-2-thread-8] DEBUG org.apache.http.headers -- http-outgoing-7 >> POST /auth/login HTTP/1.1
16:18:48.590 [pool-2-thread-9] DEBUG org.apache.http.headers -- http-outgoing-5 >> POST /auth/login HTTP/1.1
16:18:48.590 [pool-2-thread-1] DEBUG org.apache.http.headers -- http-outgoing-6 >> POST /auth/login HTTP/1.1
16:18:48.590 [pool-2-thread-9] DEBUG org.apache.http.headers -- http-outgoing-5 >> Content-Type: application/json; charset=UTF-8
16:18:48.590 [pool-2-thread-4] DEBUG org.apache.http.headers -- http-outgoing-4 >> POST /auth/login HTTP/1.1
16:18:48.590 [pool-2-thread-7] DEBUG org.apache.http.headers -- http-outgoing-2 >> POST /auth/login HTTP/1.1
16:18:48.590 [pool-2-thread-2] DEBUG org.apache.http.headers -- http-outgoing-3 >> POST /auth/login HTTP/1.1
16:18:48.590 [pool-2-thread-6] DEBUG org.apache.http.headers -- http-outgoing-8 >> POST /auth/login HTTP/1.1
16:18:48.590 [pool-2-thread-3] DEBUG org.apache.http.headers -- http-outgoing-1 >> Content-Type: application/json; charset=UTF-8
16:18:48.590 [pool-2-thread-5] DEBUG org.apache.http.headers -- http-outgoing-0 >> POST /auth/login HTTP/1.1
16:18:48.590 [pool-2-thread-10] DEBUG org.apache.http.headers -- http-outgoing-9 >> Content-Length: 54
16:18:48.590 [pool-2-thread-8] DEBUG org.apache.http.headers -- http-outgoing-7 >> Content-Type: application/json; charset=UTF-8
16:18:48.590 [pool-2-thread-1] DEBUG org.apache.http.headers -- http-outgoing-6 >> Content-Type: application/json; charset=UTF-8
16:18:48.590 [pool-2-thread-9] DEBUG org.apache.http.headers -- http-outgoing-5 >> Content-Length: 53
16:18:48.590 [pool-2-thread-1] DEBUG org.apache.http.headers -- http-outgoing-6 >> Content-Length: 45
16:18:48.590 [pool-2-thread-4] DEBUG org.apache.http.headers -- http-outgoing-4 >> Content-Type: application/json; charset=UTF-8
16:18:48.590 [pool-2-thread-7] DEBUG org.apache.http.headers -- http-outgoing-2 >> Content-Type: application/json; charset=UTF-8
16:18:48.590 [pool-2-thread-2] DEBUG org.apache.http.headers -- http-outgoing-3 >> Content-Type: application/json; charset=UTF-8
16:18:48.590 [pool-2-thread-6] DEBUG org.apache.http.headers -- http-outgoing-8 >> Content-Type: application/json; charset=UTF-8
16:18:48.590 [pool-2-thread-3] DEBUG org.apache.http.headers -- http-outgoing-1 >> Content-Length: 53
16:18:48.590 [pool-2-thread-5] DEBUG org.apache.http.headers -- http-outgoing-0 >> Content-Type: application/json; charset=UTF-8
16:18:48.590 [pool-2-thread-10] DEBUG org.apache.http.headers -- http-outgoing-9 >> Host: localhost:3000
16:18:48.591 [pool-2-thread-5] DEBUG org.apache.http.headers -- http-outgoing-0 >> Content-Length: 55
16:18:48.591 [pool-2-thread-10] DEBUG org.apache.http.headers -- http-outgoing-9 >> Connection: Keep-Alive
16:18:48.591 [pool-2-thread-5] DEBUG org.apache.http.headers -- http-outgoing-0 >> Host: localhost:3000
16:18:48.590 [pool-2-thread-8] DEBUG org.apache.http.headers -- http-outgoing-7 >> Content-Length: 54
16:18:48.590 [pool-2-thread-9] DEBUG org.apache.http.headers -- http-outgoing-5 >> Host: localhost:3000
16:18:48.590 [pool-2-thread-1] DEBUG org.apache.http.headers -- http-outgoing-6 >> Host: localhost:3000
16:18:48.591 [pool-2-thread-1] DEBUG org.apache.http.headers -- http-outgoing-6 >> Connection: Keep-Alive
16:18:48.590 [pool-2-thread-4] DEBUG org.apache.http.headers -- http-outgoing-4 >> Content-Length: 54
16:18:48.591 [pool-2-thread-7] DEBUG org.apache.http.headers -- http-outgoing-2 >> Content-Length: 54
16:18:48.591 [pool-2-thread-2] DEBUG org.apache.http.headers -- http-outgoing-3 >> Content-Length: 48
16:18:48.591 [pool-2-thread-7] DEBUG org.apache.http.headers -- http-outgoing-2 >> Host: localhost:3000
16:18:48.591 [pool-2-thread-7] DEBUG org.apache.http.headers -- http-outgoing-2 >> Connection: Keep-Alive
16:18:48.591 [pool-2-thread-7] DEBUG org.apache.http.headers -- http-outgoing-2 >> User-Agent: Apache-HttpClient/4.5.14 (Java/17.0.9)
16:18:48.591 [pool-2-thread-2] DEBUG org.apache.http.headers -- http-outgoing-3 >> Host: localhost:3000
16:18:48.591 [pool-2-thread-7] DEBUG org.apache.http.headers -- http-outgoing-2 >> Accept-Encoding: gzip,deflate
16:18:48.591 [pool-2-thread-6] DEBUG org.apache.http.headers -- http-outgoing-8 >> Content-Length: 54
16:18:48.591 [pool-2-thread-6] DEBUG org.apache.http.headers -- http-outgoing-8 >> Host: localhost:3000
16:18:48.591 [pool-2-thread-3] DEBUG org.apache.http.headers -- http-outgoing-1 >> Host: localhost:3000
16:18:48.592 [pool-2-thread-3] DEBUG org.apache.http.headers -- http-outgoing-1 >> Connection: Keep-Alive
16:18:48.592 [pool-2-thread-3] DEBUG org.apache.http.headers -- http-outgoing-1 >> User-Agent: Apache-HttpClient/4.5.14 (Java/17.0.9)
16:18:48.592 [pool-2-thread-3] DEBUG org.apache.http.headers -- http-outgoing-1 >> Accept-Encoding: gzip,deflate
16:18:48.592 [pool-2-thread-7] DEBUG org.apache.http.wire -- http-outgoing-2 >> "POST /auth/login HTTP/1.1[\r][\n]"
16:18:48.591 [pool-2-thread-10] DEBUG org.apache.http.headers -- http-outgoing-9 >> User-Agent: Apache-HttpClient/4.5.14 (Java/17.0.9)
16:18:48.592 [pool-2-thread-10] DEBUG org.apache.http.headers -- http-outgoing-9 >> Accept-Encoding: gzip,deflate
16:18:48.592 [pool-2-thread-10] DEBUG org.apache.http.wire -- http-outgoing-9 >> "POST /auth/login HTTP/1.1[\r][\n]"
16:18:48.591 [pool-2-thread-5] DEBUG org.apache.http.headers -- http-outgoing-0 >> Connection: Keep-Alive
16:18:48.592 [pool-2-thread-5] DEBUG org.apache.http.headers -- http-outgoing-0 >> User-Agent: Apache-HttpClient/4.5.14 (Java/17.0.9)
16:18:48.592 [pool-2-thread-5] DEBUG org.apache.http.headers -- http-outgoing-0 >> Accept-Encoding: gzip,deflate
16:18:48.592 [pool-2-thread-5] DEBUG org.apache.http.wire -- http-outgoing-0 >> "POST /auth/login HTTP/1.1[\r][\n]"
16:18:48.592 [pool-2-thread-5] DEBUG org.apache.http.wire -- http-outgoing-0 >> "Content-Type: application/json; charset=UTF-8[\r][\n]"
16:18:48.592 [pool-2-thread-5] DEBUG org.apache.http.wire -- http-outgoing-0 >> "Content-Length: 55[\r][\n]"
16:18:48.592 [pool-2-thread-5] DEBUG org.apache.http.wire -- http-outgoing-0 >> "Host: localhost:3000[\r][\n]"
16:18:48.592 [pool-2-thread-5] DEBUG org.apache.http.wire -- http-outgoing-0 >> "Connection: Keep-Alive[\r][\n]"
16:18:48.592 [pool-2-thread-5] DEBUG org.apache.http.wire -- http-outgoing-0 >> "User-Agent: Apache-HttpClient/4.5.14 (Java/17.0.9)[\r][\n]"
16:18:48.592 [pool-2-thread-5] DEBUG org.apache.http.wire -- http-outgoing-0 >> "Accept-Encoding: gzip,deflate[\r][\n]"
16:18:48.592 [pool-2-thread-5] DEBUG org.apache.http.wire -- http-outgoing-0 >> "[\r][\n]"
16:18:48.592 [pool-2-thread-5] DEBUG org.apache.http.wire -- http-outgoing-0 >> "{"email":"test28@example.com","password":"Password123"}"
16:18:48.591 [pool-2-thread-8] DEBUG org.apache.http.headers -- http-outgoing-7 >> Host: localhost:3000
16:18:48.591 [pool-2-thread-9] DEBUG org.apache.http.headers -- http-outgoing-5 >> Connection: Keep-Alive
16:18:48.591 [pool-2-thread-1] DEBUG org.apache.http.headers -- http-outgoing-6 >> User-Agent: Apache-HttpClient/4.5.14 (Java/17.0.9)
16:18:48.593 [pool-2-thread-1] DEBUG org.apache.http.headers -- http-outgoing-6 >> Accept-Encoding: gzip,deflate
16:18:48.593 [pool-2-thread-1] DEBUG org.apache.http.wire -- http-outgoing-6 >> "POST /auth/login HTTP/1.1[\r][\n]"
16:18:48.593 [pool-2-thread-1] DEBUG org.apache.http.wire -- http-outgoing-6 >> "Content-Type: application/json; charset=UTF-8[\r][\n]"
16:18:48.593 [pool-2-thread-1] DEBUG org.apache.http.wire -- http-outgoing-6 >> "Content-Length: 45[\r][\n]"
16:18:48.593 [pool-2-thread-1] DEBUG org.apache.http.wire -- http-outgoing-6 >> "Host: localhost:3000[\r][\n]"
16:18:48.593 [pool-2-thread-1] DEBUG org.apache.http.wire -- http-outgoing-6 >> "Connection: Keep-Alive[\r][\n]"
16:18:48.593 [pool-2-thread-1] DEBUG org.apache.http.wire -- http-outgoing-6 >> "User-Agent: Apache-HttpClient/4.5.14 (Java/17.0.9)[\r][\n]"
16:18:48.593 [pool-2-thread-1] DEBUG org.apache.http.wire -- http-outgoing-6 >> "Accept-Encoding: gzip,deflate[\r][\n]"
16:18:48.593 [pool-2-thread-1] DEBUG org.apache.http.wire -- http-outgoing-6 >> "[\r][\n]"
16:18:48.593 [pool-2-thread-1] DEBUG org.apache.http.wire -- http-outgoing-6 >> "{"email":"nam@gmail.com","password":"123456"}"
16:18:48.591 [pool-2-thread-4] DEBUG org.apache.http.headers -- http-outgoing-4 >> Host: localhost:3000
16:18:48.593 [pool-2-thread-4] DEBUG org.apache.http.headers -- http-outgoing-4 >> Connection: Keep-Alive
16:18:48.593 [pool-2-thread-4] DEBUG org.apache.http.headers -- http-outgoing-4 >> User-Agent: Apache-HttpClient/4.5.14 (Java/17.0.9)
16:18:48.591 [pool-2-thread-2] DEBUG org.apache.http.headers -- http-outgoing-3 >> Connection: Keep-Alive
16:18:48.591 [pool-2-thread-6] DEBUG org.apache.http.headers -- http-outgoing-8 >> Connection: Keep-Alive
16:18:48.592 [pool-2-thread-3] DEBUG org.apache.http.wire -- http-outgoing-1 >> "POST /auth/login HTTP/1.1[\r][\n]"
16:18:48.592 [pool-2-thread-7] DEBUG org.apache.http.wire -- http-outgoing-2 >> "Content-Type: application/json; charset=UTF-8[\r][\n]"
16:18:48.592 [pool-2-thread-10] DEBUG org.apache.http.wire -- http-outgoing-9 >> "Content-Type: application/json; charset=UTF-8[\r][\n]"
16:18:48.593 [pool-2-thread-8] DEBUG org.apache.http.headers -- http-outgoing-7 >> Connection: Keep-Alive
16:18:48.593 [pool-2-thread-9] DEBUG org.apache.http.headers -- http-outgoing-5 >> User-Agent: Apache-HttpClient/4.5.14 (Java/17.0.9)
16:18:48.593 [pool-2-thread-4] DEBUG org.apache.http.headers -- http-outgoing-4 >> Accept-Encoding: gzip,deflate
16:18:48.593 [pool-2-thread-2] DEBUG org.apache.http.headers -- http-outgoing-3 >> User-Agent: Apache-HttpClient/4.5.14 (Java/17.0.9)
16:18:48.594 [pool-2-thread-4] DEBUG org.apache.http.wire -- http-outgoing-4 >> "POST /auth/login HTTP/1.1[\r][\n]"
16:18:48.594 [pool-2-thread-2] DEBUG org.apache.http.headers -- http-outgoing-3 >> Accept-Encoding: gzip,deflate
16:18:48.594 [pool-2-thread-4] DEBUG org.apache.http.wire -- http-outgoing-4 >> "Content-Type: application/json; charset=UTF-8[\r][\n]"
16:18:48.594 [pool-2-thread-6] DEBUG org.apache.http.headers -- http-outgoing-8 >> User-Agent: Apache-HttpClient/4.5.14 (Java/17.0.9)
16:18:48.594 [pool-2-thread-3] DEBUG org.apache.http.wire -- http-outgoing-1 >> "Content-Type: application/json; charset=UTF-8[\r][\n]"
16:18:48.594 [pool-2-thread-7] DEBUG org.apache.http.wire -- http-outgoing-2 >> "Content-Length: 54[\r][\n]"
16:18:48.594 [pool-2-thread-10] DEBUG org.apache.http.wire -- http-outgoing-9 >> "Content-Length: 54[\r][\n]"
16:18:48.594 [pool-2-thread-8] DEBUG org.apache.http.headers -- http-outgoing-7 >> User-Agent: Apache-HttpClient/4.5.14 (Java/17.0.9)
16:18:48.594 [pool-2-thread-9] DEBUG org.apache.http.headers -- http-outgoing-5 >> Accept-Encoding: gzip,deflate
16:18:48.594 [pool-2-thread-2] DEBUG org.apache.http.wire -- http-outgoing-3 >> "POST /auth/login HTTP/1.1[\r][\n]"
16:18:48.594 [pool-2-thread-4] DEBUG org.apache.http.wire -- http-outgoing-4 >> "Content-Length: 54[\r][\n]"
16:18:48.594 [pool-2-thread-2] DEBUG org.apache.http.wire -- http-outgoing-3 >> "Content-Type: application/json; charset=UTF-8[\r][\n]"
16:18:48.594 [pool-2-thread-6] DEBUG org.apache.http.headers -- http-outgoing-8 >> Accept-Encoding: gzip,deflate
16:18:48.594 [pool-2-thread-3] DEBUG org.apache.http.wire -- http-outgoing-1 >> "Content-Length: 53[\r][\n]"
16:18:48.594 [pool-2-thread-6] DEBUG org.apache.http.wire -- http-outgoing-8 >> "POST /auth/login HTTP/1.1[\r][\n]"
16:18:48.594 [pool-2-thread-3] DEBUG org.apache.http.wire -- http-outgoing-1 >> "Host: localhost:3000[\r][\n]"
16:18:48.594 [pool-2-thread-6] DEBUG org.apache.http.wire -- http-outgoing-8 >> "Content-Type: application/json; charset=UTF-8[\r][\n]"
16:18:48.594 [pool-2-thread-7] DEBUG org.apache.http.wire -- http-outgoing-2 >> "Host: localhost:3000[\r][\n]"
16:18:48.594 [pool-2-thread-10] DEBUG org.apache.http.wire -- http-outgoing-9 >> "Host: localhost:3000[\r][\n]"
16:18:48.595 [pool-2-thread-7] DEBUG org.apache.http.wire -- http-outgoing-2 >> "Connection: Keep-Alive[\r][\n]"
16:18:48.594 [pool-2-thread-8] DEBUG org.apache.http.headers -- http-outgoing-7 >> Accept-Encoding: gzip,deflate
16:18:48.594 [pool-2-thread-9] DEBUG org.apache.http.wire -- http-outgoing-5 >> "POST /auth/login HTTP/1.1[\r][\n]"
16:18:48.595 [pool-2-thread-8] DEBUG org.apache.http.wire -- http-outgoing-7 >> "POST /auth/login HTTP/1.1[\r][\n]"
16:18:48.595 [pool-2-thread-9] DEBUG org.apache.http.wire -- http-outgoing-5 >> "Content-Type: application/json; charset=UTF-8[\r][\n]"
16:18:48.595 [pool-2-thread-8] DEBUG org.apache.http.wire -- http-outgoing-7 >> "Content-Type: application/json; charset=UTF-8[\r][\n]"
16:18:48.594 [pool-2-thread-4] DEBUG org.apache.http.wire -- http-outgoing-4 >> "Host: localhost:3000[\r][\n]"
16:18:48.595 [pool-2-thread-8] DEBUG org.apache.http.wire -- http-outgoing-7 >> "Content-Length: 54[\r][\n]"
16:18:48.594 [pool-2-thread-2] DEBUG org.apache.http.wire -- http-outgoing-3 >> "Content-Length: 48[\r][\n]"
16:18:48.594 [pool-2-thread-3] DEBUG org.apache.http.wire -- http-outgoing-1 >> "Connection: Keep-Alive[\r][\n]"
16:18:48.594 [pool-2-thread-6] DEBUG org.apache.http.wire -- http-outgoing-8 >> "Content-Length: 54[\r][\n]"
16:18:48.595 [pool-2-thread-10] DEBUG org.apache.http.wire -- http-outgoing-9 >> "Connection: Keep-Alive[\r][\n]"
16:18:48.595 [pool-2-thread-7] DEBUG org.apache.http.wire -- http-outgoing-2 >> "User-Agent: Apache-HttpClient/4.5.14 (Java/17.0.9)[\r][\n]"
16:18:48.595 [pool-2-thread-9] DEBUG org.apache.http.wire -- http-outgoing-5 >> "Content-Length: 53[\r][\n]"
16:18:48.595 [pool-2-thread-4] DEBUG org.apache.http.wire -- http-outgoing-4 >> "Connection: Keep-Alive[\r][\n]"
16:18:48.595 [pool-2-thread-8] DEBUG org.apache.http.wire -- http-outgoing-7 >> "Host: localhost:3000[\r][\n]"
16:18:48.595 [pool-2-thread-2] DEBUG org.apache.http.wire -- http-outgoing-3 >> "Host: localhost:3000[\r][\n]"
16:18:48.595 [pool-2-thread-3] DEBUG org.apache.http.wire -- http-outgoing-1 >> "User-Agent: Apache-HttpClient/4.5.14 (Java/17.0.9)[\r][\n]"
16:18:48.595 [pool-2-thread-6] DEBUG org.apache.http.wire -- http-outgoing-8 >> "Host: localhost:3000[\r][\n]"
16:18:48.595 [pool-2-thread-10] DEBUG org.apache.http.wire -- http-outgoing-9 >> "User-Agent: Apache-HttpClient/4.5.14 (Java/17.0.9)[\r][\n]"
16:18:48.595 [pool-2-thread-6] DEBUG org.apache.http.wire -- http-outgoing-8 >> "Connection: Keep-Alive[\r][\n]"
16:18:48.595 [pool-2-thread-10] DEBUG org.apache.http.wire -- http-outgoing-9 >> "Accept-Encoding: gzip,deflate[\r][\n]"
16:18:48.595 [pool-2-thread-6] DEBUG org.apache.http.wire -- http-outgoing-8 >> "User-Agent: Apache-HttpClient/4.5.14 (Java/17.0.9)[\r][\n]"
16:18:48.595 [pool-2-thread-7] DEBUG org.apache.http.wire -- http-outgoing-2 >> "Accept-Encoding: gzip,deflate[\r][\n]"
16:18:48.595 [pool-2-thread-9] DEBUG org.apache.http.wire -- http-outgoing-5 >> "Host: localhost:3000[\r][\n]"
16:18:48.595 [pool-2-thread-4] DEBUG org.apache.http.wire -- http-outgoing-4 >> "User-Agent: Apache-HttpClient/4.5.14 (Java/17.0.9)[\r][\n]"
16:18:48.595 [pool-2-thread-8] DEBUG org.apache.http.wire -- http-outgoing-7 >> "Connection: Keep-Alive[\r][\n]"
16:18:48.595 [pool-2-thread-2] DEBUG org.apache.http.wire -- http-outgoing-3 >> "Connection: Keep-Alive[\r][\n]"
16:18:48.595 [pool-2-thread-3] DEBUG org.apache.http.wire -- http-outgoing-1 >> "Accept-Encoding: gzip,deflate[\r][\n]"
16:18:48.596 [pool-2-thread-8] DEBUG org.apache.http.wire -- http-outgoing-7 >> "User-Agent: Apache-HttpClient/4.5.14 (Java/17.0.9)[\r][\n]"
16:18:48.595 [pool-2-thread-10] DEBUG org.apache.http.wire -- http-outgoing-9 >> "[\r][\n]"
16:18:48.595 [pool-2-thread-6] DEBUG org.apache.http.wire -- http-outgoing-8 >> "Accept-Encoding: gzip,deflate[\r][\n]"
16:18:48.596 [pool-2-thread-10] DEBUG org.apache.http.wire -- http-outgoing-9 >> "{"email":"testit2@gmail.com","password":"Password123"}"
16:18:48.595 [pool-2-thread-7] DEBUG org.apache.http.wire -- http-outgoing-2 >> "[\r][\n]"
16:18:48.595 [pool-2-thread-9] DEBUG org.apache.http.wire -- http-outgoing-5 >> "Connection: Keep-Alive[\r][\n]"
16:18:48.596 [pool-2-thread-4] DEBUG org.apache.http.wire -- http-outgoing-4 >> "Accept-Encoding: gzip,deflate[\r][\n]"
16:18:48.596 [pool-2-thread-2] DEBUG org.apache.http.wire -- http-outgoing-3 >> "User-Agent: Apache-HttpClient/4.5.14 (Java/17.0.9)[\r][\n]"
16:18:48.596 [pool-2-thread-3] DEBUG org.apache.http.wire -- http-outgoing-1 >> "[\r][\n]"
16:18:48.596 [pool-2-thread-2] DEBUG org.apache.http.wire -- http-outgoing-3 >> "Accept-Encoding: gzip,deflate[\r][\n]"
16:18:48.596 [pool-2-thread-3] DEBUG org.apache.http.wire -- http-outgoing-1 >> "{"email":"test@example.com","password":"Password123"}"
16:18:48.596 [pool-2-thread-8] DEBUG org.apache.http.wire -- http-outgoing-7 >> "Accept-Encoding: gzip,deflate[\r][\n]"
16:18:48.596 [pool-2-thread-6] DEBUG org.apache.http.wire -- http-outgoing-8 >> "[\r][\n]"
16:18:48.596 [pool-2-thread-7] DEBUG org.apache.http.wire -- http-outgoing-2 >> "{"email":"testit3@gmail.com","password":"Password123"}"
16:18:48.596 [pool-2-thread-9] DEBUG org.apache.http.wire -- http-outgoing-5 >> "User-Agent: Apache-HttpClient/4.5.14 (Java/17.0.9)[\r][\n]"
16:18:48.596 [pool-2-thread-4] DEBUG org.apache.http.wire -- http-outgoing-4 >> "[\r][\n]"
16:18:48.596 [pool-2-thread-2] DEBUG org.apache.http.wire -- http-outgoing-3 >> "[\r][\n]"
16:18:48.596 [pool-2-thread-8] DEBUG org.apache.http.wire -- http-outgoing-7 >> "[\r][\n]"
16:18:48.596 [pool-2-thread-6] DEBUG org.apache.http.wire -- http-outgoing-8 >> "{"email":"testit4@gmail.com","password":"Password123"}"
16:18:48.596 [pool-2-thread-9] DEBUG org.apache.http.wire -- http-outgoing-5 >> "Accept-Encoding: gzip,deflate[\r][\n]"
16:18:48.596 [pool-2-thread-4] DEBUG org.apache.http.wire -- http-outgoing-4 >> "{"email":"test2@example.com","password":"Password123"}"
16:18:48.596 [pool-2-thread-2] DEBUG org.apache.http.wire -- http-outgoing-3 >> "{"email":"quang1@gmail.com","password":"quang1"}"
16:18:48.596 [pool-2-thread-8] DEBUG org.apache.http.wire -- http-outgoing-7 >> "{"email":"testit5@gmail.com","password":"Password123"}"
16:18:48.596 [pool-2-thread-9] DEBUG org.apache.http.wire -- http-outgoing-5 >> "[\r][\n]"
16:18:48.597 [pool-2-thread-9] DEBUG org.apache.http.wire -- http-outgoing-5 >> "{"email":"testit@gmail.com","password":"Password123"}"
16:18:48.893 [pool-2-thread-10] DEBUG org.apache.http.wire -- http-outgoing-9 << "HTTP/1.1 200 OK[\r][\n]"
16:18:48.893 [pool-2-thread-10] DEBUG org.apache.http.wire -- http-outgoing-9 << "X-Powered-By: Express[\r][\n]"
16:18:48.894 [pool-2-thread-10] DEBUG org.apache.http.wire -- http-outgoing-9 << "Access-Control-Allow-Origin: *[\r][\n]"
16:18:48.894 [pool-2-thread-10] DEBUG org.apache.http.wire -- http-outgoing-9 << "Content-Type: application/json; charset=utf-8[\r][\n]"
16:18:48.894 [pool-2-thread-10] DEBUG org.apache.http.wire -- http-outgoing-9 << "Content-Length: 605[\r][\n]"
16:18:48.894 [pool-2-thread-10] DEBUG org.apache.http.wire -- http-outgoing-9 << "ETag: W/"25d-0/aXXSDmauGGe1DbvyP9EcxfxJ4"[\r][\n]"
16:18:48.894 [pool-2-thread-10] DEBUG org.apache.http.wire -- http-outgoing-9 << "Date: Tue, 24 Jun 2025 09:18:48 GMT[\r][\n]"
16:18:48.894 [pool-2-thread-10] DEBUG org.apache.http.wire -- http-outgoing-9 << "Connection: keep-alive[\r][\n]"
16:18:48.894 [pool-2-thread-10] DEBUG org.apache.http.wire -- http-outgoing-9 << "Keep-Alive: timeout=5[\r][\n]"
16:18:48.894 [pool-2-thread-10] DEBUG org.apache.http.wire -- http-outgoing-9 << "[\r][\n]"
16:18:48.894 [pool-2-thread-10] DEBUG org.apache.http.wire -- http-outgoing-9 << "{"access_token":"eyJhbGciOiJIUzI1NiIsInR5cCI6IkpXVCJ9.eyJzdWIiOiIwYTM3ZWY0My1mZWU4LTQxZDMtYTY4Ni04YWIwODY5NDg2OTUiLCJ1c2VybmFtZSI6ImpvaG5kb2UyMSIsInJvbGUiOjAsImlhdCI6MTc1MDc1NjcyOCwiZXhwIjoxNzUwNzYwMzI4fQ.98O88043_JbHV2YZFgVFRcu9Yl4ud5bs27Dc2s5sklc","refresh_token":"b14f9812a02203b41804b5cc08e07e98eaadcf4d0c1559b5a3db75544c44d1cf","user":{"id":"0a37ef43-fee8-41d3-a686-8ab086948695","email":"testit2@gmail.com","username":"johndoe21","name":"John Doe","phoneNumber":"0123456712","profilePic":null,"bio":null,"private":false,"verified":false,"role":0,"followersCount":0,"followingCount":0,"postCount":0}}"
16:18:48.895 [pool-2-thread-3] DEBUG org.apache.http.wire -- http-outgoing-1 << "HTTP/1.1 200 OK[\r][\n]"
16:18:48.895 [pool-2-thread-3] DEBUG org.apache.http.wire -- http-outgoing-1 << "X-Powered-By: Express[\r][\n]"
16:18:48.896 [pool-2-thread-3] DEBUG org.apache.http.wire -- http-outgoing-1 << "Access-Control-Allow-Origin: *[\r][\n]"
16:18:48.896 [pool-2-thread-3] DEBUG org.apache.http.wire -- http-outgoing-1 << "Content-Type: application/json; charset=utf-8[\r][\n]"
16:18:48.896 [pool-2-thread-3] DEBUG org.apache.http.wire -- http-outgoing-1 << "Content-Length: 599[\r][\n]"
16:18:48.896 [pool-2-thread-3] DEBUG org.apache.http.wire -- http-outgoing-1 << "ETag: W/"257-5r7s7Z2cc6DzSdEwFPf4Ieiloxw"[\r][\n]"
16:18:48.896 [pool-2-thread-1] DEBUG org.apache.http.wire -- http-outgoing-6 << "HTTP/1.1 200 OK[\r][\n]"
16:18:48.896 [pool-2-thread-3] DEBUG org.apache.http.wire -- http-outgoing-1 << "Date: Tue, 24 Jun 2025 09:18:48 GMT[\r][\n]"
16:18:48.896 [pool-2-thread-1] DEBUG org.apache.http.wire -- http-outgoing-6 << "X-Powered-By: Express[\r][\n]"
16:18:48.896 [pool-2-thread-3] DEBUG org.apache.http.wire -- http-outgoing-1 << "Connection: keep-alive[\r][\n]"
16:18:48.896 [pool-2-thread-1] DEBUG org.apache.http.wire -- http-outgoing-6 << "Access-Control-Allow-Origin: *[\r][\n]"
16:18:48.896 [pool-2-thread-3] DEBUG org.apache.http.wire -- http-outgoing-1 << "Keep-Alive: timeout=5[\r][\n]"
16:18:48.896 [pool-2-thread-1] DEBUG org.apache.http.wire -- http-outgoing-6 << "Content-Type: application/json; charset=utf-8[\r][\n]"
16:18:48.896 [pool-2-thread-1] DEBUG org.apache.http.wire -- http-outgoing-6 << "Content-Length: 708[\r][\n]"
16:18:48.896 [pool-2-thread-3] DEBUG org.apache.http.wire -- http-outgoing-1 << "[\r][\n]"
16:18:48.896 [pool-2-thread-1] DEBUG org.apache.http.wire -- http-outgoing-6 << "ETag: W/"2c4-batoKLK2z/qxdQQMfRFRhMpLEKQ"[\r][\n]"
16:18:48.896 [pool-2-thread-1] DEBUG org.apache.http.wire -- http-outgoing-6 << "Date: Tue, 24 Jun 2025 09:18:48 GMT[\r][\n]"
16:18:48.896 [pool-2-thread-1] DEBUG org.apache.http.wire -- http-outgoing-6 << "Connection: keep-alive[\r][\n]"
16:18:48.896 [pool-2-thread-1] DEBUG org.apache.http.wire -- http-outgoing-6 << "Keep-Alive: timeout=5[\r][\n]"
16:18:48.896 [pool-2-thread-3] DEBUG org.apache.http.wire -- http-outgoing-1 << "{"access_token":"eyJhbGciOiJIUzI1NiIsInR5cCI6IkpXVCJ9.eyJzdWIiOiIyZGRhMDQzOS01MTgwLTQ1YWEtOTE3Zi1lNjMyZTQ1YThlNDEiLCJ1c2VybmFtZSI6ImpvaG5kb2UiLCJyb2xlIjowLCJpYXQiOjE3NTA3NTY3MjgsImV4cCI6MTc1MDc2MDMyOH0.rQKyim84C8dw-tSynaYm5a81t5rwWjozmHAdqOMomA8","refresh_token":"6d2ff098f0f2113eff2b697b3e95f5aafc36240d755634940ea750ee0d224a22","user":{"id":"2dda0439-5180-45aa-917f-e632e45a8e41","email":"test@example.com","username":"johndoe","name":"John Doe","phoneNumber":"0987654321","profilePic":null,"bio":null,"private":false,"verified":false,"role":0,"followersCount":0,"followingCount":0,"postCount":0}}"
16:18:48.897 [pool-2-thread-1] DEBUG org.apache.http.wire -- http-outgoing-6 << "[\r][\n]"
16:18:48.897 [pool-2-thread-1] DEBUG org.apache.http.wire -- http-outgoing-6 << "{"access_token":"eyJhbGciOiJIUzI1NiIsInR5cCI6IkpXVCJ9.eyJzdWIiOiIwODUxNWIwNS0yZDNlLTQ3ODktYWQ2MC1kYjM1NTI1YTQ5NzAiLCJ1c2VybmFtZSI6Im5hbSIsInJvbGUiOjAsImlhdCI6MTc1MDc1NjcyOCwiZXhwIjoxNzUwNzYwMzI4fQ.89tF9CtpfZs9RCY80F7uQKIM-B6rE0oc_6jAfTC3m1c","refresh_token":"734909167f798a6a1e568ed820ce352ce912314106bd388f297e5121e3a171e9","user":{"id":"08515b05-2d3e-4789-ad60-db35525a4970","email":"nam@gmail.com","username":"nam","name":"nam","phoneNumber":"0123456789","profilePic":"https://res.cloudinary.com/dizcvrefo/image/upload/v1749266646/nestjs_uploads/zk9zrpeidnovxibfqdxr.png","bio":"Chu tich hoi dong Quan tri 1","private":false,"verified":false,"role":0,"followersCount":2,"followingCount":5,"postCount":13}}"
16:18:48.897 [pool-2-thread-3] DEBUG org.apache.http.headers -- http-outgoing-1 << HTTP/1.1 200 OK
16:18:48.897 [pool-2-thread-1] DEBUG org.apache.http.headers -- http-outgoing-6 << HTTP/1.1 200 OK
16:18:48.897 [pool-2-thread-10] DEBUG org.apache.http.headers -- http-outgoing-9 << HTTP/1.1 200 OK
16:18:48.897 [pool-2-thread-3] DEBUG org.apache.http.headers -- http-outgoing-1 << X-Powered-By: Express
16:18:48.897 [pool-2-thread-1] DEBUG org.apache.http.headers -- http-outgoing-6 << X-Powered-By: Express
16:18:48.897 [pool-2-thread-10] DEBUG org.apache.http.headers -- http-outgoing-9 << X-Powered-By: Express
16:18:48.897 [pool-2-thread-3] DEBUG org.apache.http.headers -- http-outgoing-1 << Access-Control-Allow-Origin: *
16:18:48.897 [pool-2-thread-1] DEBUG org.apache.http.headers -- http-outgoing-6 << Access-Control-Allow-Origin: *
16:18:48.897 [pool-2-thread-10] DEBUG org.apache.http.headers -- http-outgoing-9 << Access-Control-Allow-Origin: *
16:18:48.897 [pool-2-thread-3] DEBUG org.apache.http.headers -- http-outgoing-1 << Content-Type: application/json; charset=utf-8
16:18:48.898 [pool-2-thread-1] DEBUG org.apache.http.headers -- http-outgoing-6 << Content-Type: application/json; charset=utf-8
16:18:48.898 [pool-2-thread-10] DEBUG org.apache.http.headers -- http-outgoing-9 << Content-Type: application/json; charset=utf-8
16:18:48.898 [pool-2-thread-3] DEBUG org.apache.http.headers -- http-outgoing-1 << Content-Length: 599
16:18:48.898 [pool-2-thread-1] DEBUG org.apache.http.headers -- http-outgoing-6 << Content-Length: 708
16:18:48.898 [pool-2-thread-10] DEBUG org.apache.http.headers -- http-outgoing-9 << Content-Length: 605
16:18:48.898 [pool-2-thread-3] DEBUG org.apache.http.headers -- http-outgoing-1 << ETag: W/"257-5r7s7Z2cc6DzSdEwFPf4Ieiloxw"
16:18:48.898 [pool-2-thread-1] DEBUG org.apache.http.headers -- http-outgoing-6 << ETag: W/"2c4-batoKLK2z/qxdQQMfRFRhMpLEKQ"
16:18:48.898 [pool-2-thread-10] DEBUG org.apache.http.headers -- http-outgoing-9 << ETag: W/"25d-0/aXXSDmauGGe1DbvyP9EcxfxJ4"
16:18:48.898 [pool-2-thread-3] DEBUG org.apache.http.headers -- http-outgoing-1 << Date: Tue, 24 Jun 2025 09:18:48 GMT
16:18:48.898 [pool-2-thread-1] DEBUG org.apache.http.headers -- http-outgoing-6 << Date: Tue, 24 Jun 2025 09:18:48 GMT
16:18:48.898 [pool-2-thread-10] DEBUG org.apache.http.headers -- http-outgoing-9 << Date: Tue, 24 Jun 2025 09:18:48 GMT
16:18:48.898 [pool-2-thread-3] DEBUG org.apache.http.headers -- http-outgoing-1 << Connection: keep-alive
16:18:48.898 [pool-2-thread-1] DEBUG org.apache.http.headers -- http-outgoing-6 << Connection: keep-alive
16:18:48.898 [pool-2-thread-10] DEBUG org.apache.http.headers -- http-outgoing-9 << Connection: keep-alive
16:18:48.898 [pool-2-thread-3] DEBUG org.apache.http.headers -- http-outgoing-1 << Keep-Alive: timeout=5
16:18:48.898 [pool-2-thread-1] DEBUG org.apache.http.headers -- http-outgoing-6 << Keep-Alive: timeout=5
16:18:48.898 [pool-2-thread-10] DEBUG org.apache.http.headers -- http-outgoing-9 << Keep-Alive: timeout=5
16:18:48.901 [pool-2-thread-10] DEBUG org.apache.http.impl.execchain.MainClientExec -- Connection can be kept alive for 5000 MILLISECONDS
16:18:48.901 [pool-2-thread-1] DEBUG org.apache.http.impl.execchain.MainClientExec -- Connection can be kept alive for 5000 MILLISECONDS
16:18:48.901 [pool-2-thread-3] DEBUG org.apache.http.impl.execchain.MainClientExec -- Connection can be kept alive for 5000 MILLISECONDS
16:18:48.903 [pool-2-thread-1] DEBUG org.apache.http.impl.conn.PoolingHttpClientConnectionManager -- Connection [id: 5][route: {}->http://localhost:3000] can be kept alive for 5.0 seconds
16:18:48.903 [pool-2-thread-10] DEBUG org.apache.http.impl.conn.PoolingHttpClientConnectionManager -- Connection [id: 4][route: {}->http://localhost:3000] can be kept alive for 5.0 seconds
16:18:48.903 [pool-2-thread-3] DEBUG org.apache.http.impl.conn.PoolingHttpClientConnectionManager -- Connection [id: 6][route: {}->http://localhost:3000] can be kept alive for 5.0 seconds
16:18:48.903 [pool-2-thread-1] DEBUG org.apache.http.impl.conn.DefaultManagedHttpClientConnection -- http-outgoing-6: set socket timeout to 0
16:18:48.903 [pool-2-thread-3] DEBUG org.apache.http.impl.conn.DefaultManagedHttpClientConnection -- http-outgoing-1: set socket timeout to 0
16:18:48.903 [pool-2-thread-10] DEBUG org.apache.http.impl.conn.DefaultManagedHttpClientConnection -- http-outgoing-9: set socket timeout to 0
16:18:48.903 [pool-2-thread-1] DEBUG org.apache.http.impl.conn.PoolingHttpClientConnectionManager -- Connection released: [id: 5][route: {}->http://localhost:3000][total available: 1; route allocated: 1 of 5; total allocated: 1 of 10]
16:18:48.903 [pool-2-thread-3] DEBUG org.apache.http.impl.conn.PoolingHttpClientConnectionManager -- Connection released: [id: 6][route: {}->http://localhost:3000][total available: 1; route allocated: 1 of 5; total allocated: 1 of 10]
16:18:48.903 [pool-2-thread-10] DEBUG org.apache.http.impl.conn.PoolingHttpClientConnectionManager -- Connection released: [id: 4][route: {}->http://localhost:3000][total available: 1; route allocated: 1 of 5; total allocated: 1 of 10]
16:18:48.903 [pool-2-thread-1] DEBUG org.apache.http.impl.conn.PoolingHttpClientConnectionManager -- Connection manager is shutting down
16:18:48.903 [pool-2-thread-3] DEBUG org.apache.http.impl.conn.PoolingHttpClientConnectionManager -- Connection manager is shutting down
16:18:48.903 [pool-2-thread-10] DEBUG org.apache.http.impl.conn.PoolingHttpClientConnectionManager -- Connection manager is shutting down
16:18:48.904 [pool-2-thread-1] DEBUG org.apache.http.impl.conn.DefaultManagedHttpClientConnection -- http-outgoing-6: Close connection
16:18:48.904 [pool-2-thread-10] DEBUG org.apache.http.impl.conn.DefaultManagedHttpClientConnection -- http-outgoing-9: Close connection
16:18:48.904 [pool-2-thread-3] DEBUG org.apache.http.impl.conn.DefaultManagedHttpClientConnection -- http-outgoing-1: Close connection
16:18:48.905 [pool-2-thread-3] DEBUG org.apache.http.impl.conn.PoolingHttpClientConnectionManager -- Connection manager shut down
16:18:48.905 [pool-2-thread-1] DEBUG org.apache.http.impl.conn.PoolingHttpClientConnectionManager -- Connection manager shut down
16:18:48.905 [pool-2-thread-10] DEBUG org.apache.http.impl.conn.PoolingHttpClientConnectionManager -- Connection manager shut down
16:18:48.907 [pool-2-thread-10] DEBUG com.intuit.karate -- response time in milliseconds: 367
1 < 200
1 < X-Powered-By: Express
1 < Access-Control-Allow-Origin: *
1 < Content-Type: application/json; charset=utf-8
1 < Content-Length: 605
1 < ETag: W/"25d-0/aXXSDmauGGe1DbvyP9EcxfxJ4"
1 < Date: Tue, 24 Jun 2025 09:18:48 GMT
1 < Connection: keep-alive
1 < Keep-Alive: timeout=5
{"access_token":"eyJhbGciOiJIUzI1NiIsInR5cCI6IkpXVCJ9.eyJzdWIiOiIwYTM3ZWY0My1mZWU4LTQxZDMtYTY4Ni04YWIwODY5NDg2OTUiLCJ1c2VybmFtZSI6ImpvaG5kb2UyMSIsInJvbGUiOjAsImlhdCI6MTc1MDc1NjcyOCwiZXhwIjoxNzUwNzYwMzI4fQ.98O88043_JbHV2YZFgVFRcu9Yl4ud5bs27Dc2s5sklc","refresh_token":"b14f9812a02203b41804b5cc08e07e98eaadcf4d0c1559b5a3db75544c44d1cf","user":{"id":"0a37ef43-fee8-41d3-a686-8ab086948695","email":"testit2@gmail.com","username":"johndoe21","name":"John Doe","phoneNumber":"0123456712","profilePic":null,"bio":null,"private":false,"verified":false,"role":0,"followersCount":0,"followingCount":0,"postCount":0}}

16:18:48.907 [pool-2-thread-3] DEBUG com.intuit.karate -- response time in milliseconds: 366
1 < 200
1 < X-Powered-By: Express
1 < Access-Control-Allow-Origin: *
1 < Content-Type: application/json; charset=utf-8
1 < Content-Length: 599
1 < ETag: W/"257-5r7s7Z2cc6DzSdEwFPf4Ieiloxw"
1 < Date: Tue, 24 Jun 2025 09:18:48 GMT
1 < Connection: keep-alive
1 < Keep-Alive: timeout=5
{"access_token":"eyJhbGciOiJIUzI1NiIsInR5cCI6IkpXVCJ9.eyJzdWIiOiIyZGRhMDQzOS01MTgwLTQ1YWEtOTE3Zi1lNjMyZTQ1YThlNDEiLCJ1c2VybmFtZSI6ImpvaG5kb2UiLCJyb2xlIjowLCJpYXQiOjE3NTA3NTY3MjgsImV4cCI6MTc1MDc2MDMyOH0.rQKyim84C8dw-tSynaYm5a81t5rwWjozmHAdqOMomA8","refresh_token":"6d2ff098f0f2113eff2b697b3e95f5aafc36240d755634940ea750ee0d224a22","user":{"id":"2dda0439-5180-45aa-917f-e632e45a8e41","email":"test@example.com","username":"johndoe","name":"John Doe","phoneNumber":"0987654321","profilePic":null,"bio":null,"private":false,"verified":false,"role":0,"followersCount":0,"followingCount":0,"postCount":0}}

16:18:48.907 [pool-2-thread-1] DEBUG com.intuit.karate -- response time in milliseconds: 367
1 < 200
1 < X-Powered-By: Express
1 < Access-Control-Allow-Origin: *
1 < Content-Type: application/json; charset=utf-8
1 < Content-Length: 708
1 < ETag: W/"2c4-batoKLK2z/qxdQQMfRFRhMpLEKQ"
1 < Date: Tue, 24 Jun 2025 09:18:48 GMT
1 < Connection: keep-alive
1 < Keep-Alive: timeout=5
{"access_token":"eyJhbGciOiJIUzI1NiIsInR5cCI6IkpXVCJ9.eyJzdWIiOiIwODUxNWIwNS0yZDNlLTQ3ODktYWQ2MC1kYjM1NTI1YTQ5NzAiLCJ1c2VybmFtZSI6Im5hbSIsInJvbGUiOjAsImlhdCI6MTc1MDc1NjcyOCwiZXhwIjoxNzUwNzYwMzI4fQ.89tF9CtpfZs9RCY80F7uQKIM-B6rE0oc_6jAfTC3m1c","refresh_token":"734909167f798a6a1e568ed820ce352ce912314106bd388f297e5121e3a171e9","user":{"id":"08515b05-2d3e-4789-ad60-db35525a4970","email":"nam@gmail.com","username":"nam","name":"nam","phoneNumber":"0123456789","profilePic":"https://res.cloudinary.com/dizcvrefo/image/upload/v1749266646/nestjs_uploads/zk9zrpeidnovxibfqdxr.png","bio":"Chu tich hoi dong Quan tri 1","private":false,"verified":false,"role":0,"followersCount":2,"followingCount":5,"postCount":13}}

16:18:48.912 [pool-2-thread-10] INFO com.intuit.karate -- [print] Call 1 completed, status: 200 
16:18:48.912 [pool-2-thread-3] INFO com.intuit.karate -- [print] Call 1 completed, status: 200 
16:18:48.913 [pool-2-thread-1] INFO com.intuit.karate -- [print] Call 1 completed, status: 200 
16:18:48.921 [pool-2-thread-3] INFO com.intuit.karate -- [print] *** API CALL 2 *** 
16:18:48.921 [pool-2-thread-10] INFO com.intuit.karate -- [print] *** API CALL 2 *** 
16:18:48.921 [pool-2-thread-1] INFO com.intuit.karate -- [print] *** API CALL 2 *** 
16:18:48.924 [pool-2-thread-5] DEBUG org.apache.http.wire -- http-outgoing-0 << "HTTP/1.1 200 OK[\r][\n]"
16:18:48.924 [pool-2-thread-5] DEBUG org.apache.http.wire -- http-outgoing-0 << "X-Powered-By: Express[\r][\n]"
16:18:48.924 [pool-2-thread-5] DEBUG org.apache.http.wire -- http-outgoing-0 << "Access-Control-Allow-Origin: *[\r][\n]"
16:18:48.924 [pool-2-thread-5] DEBUG org.apache.http.wire -- http-outgoing-0 << "Content-Type: application/json; charset=utf-8[\r][\n]"
16:18:48.924 [pool-2-thread-5] DEBUG org.apache.http.wire -- http-outgoing-0 << "Content-Length: 607[\r][\n]"
16:18:48.924 [pool-2-thread-5] DEBUG org.apache.http.wire -- http-outgoing-0 << "ETag: W/"25f-1V567saQI+TWXgC95x6cmSAzIoo"[\r][\n]"
16:18:48.924 [pool-2-thread-5] DEBUG org.apache.http.wire -- http-outgoing-0 << "Date: Tue, 24 Jun 2025 09:18:48 GMT[\r][\n]"
16:18:48.924 [pool-2-thread-5] DEBUG org.apache.http.wire -- http-outgoing-0 << "Connection: keep-alive[\r][\n]"
16:18:48.924 [pool-2-thread-5] DEBUG org.apache.http.wire -- http-outgoing-0 << "Keep-Alive: timeout=5[\r][\n]"
16:18:48.924 [pool-2-thread-5] DEBUG org.apache.http.wire -- http-outgoing-0 << "[\r][\n]"
16:18:48.924 [pool-2-thread-5] DEBUG org.apache.http.wire -- http-outgoing-0 << "{"access_token":"eyJhbGciOiJIUzI1NiIsInR5cCI6IkpXVCJ9.eyJzdWIiOiJjMjE0MjJkZi1jY2VjLTQ0MGUtOWE0Mi1jMWI4MmFiZjczM2QiLCJ1c2VybmFtZSI6ImpvaG5kb2UyOCIsInJvbGUiOjAsImlhdCI6MTc1MDc1NjcyOCwiZXhwIjoxNzUwNzYwMzI4fQ.xdbN5814LL8onbLMTeUL58doKgfJMjmvsvI5pBAjpk4","refresh_token":"fb363cce537ad31f28ccb79a6e61d5ff1af914972b5a71a30737e26624f085d5","user":{"id":"c21422df-ccec-440e-9a42-c1b82abf733d","email":"test28@example.com","username":"johndoe28","name":"John Doe","phoneNumber":"84987654321","profilePic":null,"bio":null,"private":false,"verified":false,"role":0,"followersCount":0,"followingCount":0,"postCount":0}}"
16:18:48.924 [pool-2-thread-5] DEBUG org.apache.http.headers -- http-outgoing-0 << HTTP/1.1 200 OK
16:18:48.924 [pool-2-thread-5] DEBUG org.apache.http.headers -- http-outgoing-0 << X-Powered-By: Express
16:18:48.925 [pool-2-thread-5] DEBUG org.apache.http.headers -- http-outgoing-0 << Access-Control-Allow-Origin: *
16:18:48.925 [pool-2-thread-5] DEBUG org.apache.http.headers -- http-outgoing-0 << Content-Type: application/json; charset=utf-8
16:18:48.925 [pool-2-thread-5] DEBUG org.apache.http.headers -- http-outgoing-0 << Content-Length: 607
16:18:48.925 [pool-2-thread-5] DEBUG org.apache.http.headers -- http-outgoing-0 << ETag: W/"25f-1V567saQI+TWXgC95x6cmSAzIoo"
16:18:48.925 [pool-2-thread-5] DEBUG org.apache.http.headers -- http-outgoing-0 << Date: Tue, 24 Jun 2025 09:18:48 GMT
16:18:48.925 [pool-2-thread-5] DEBUG org.apache.http.headers -- http-outgoing-0 << Connection: keep-alive
16:18:48.925 [pool-2-thread-5] DEBUG org.apache.http.headers -- http-outgoing-0 << Keep-Alive: timeout=5
16:18:48.925 [pool-2-thread-5] DEBUG org.apache.http.impl.execchain.MainClientExec -- Connection can be kept alive for 5000 MILLISECONDS
16:18:48.925 [pool-2-thread-5] DEBUG org.apache.http.impl.conn.PoolingHttpClientConnectionManager -- Connection [id: 7][route: {}->http://localhost:3000] can be kept alive for 5.0 seconds
16:18:48.925 [pool-2-thread-5] DEBUG org.apache.http.impl.conn.DefaultManagedHttpClientConnection -- http-outgoing-0: set socket timeout to 0
16:18:48.925 [pool-2-thread-5] DEBUG org.apache.http.impl.conn.PoolingHttpClientConnectionManager -- Connection released: [id: 7][route: {}->http://localhost:3000][total available: 1; route allocated: 1 of 5; total allocated: 1 of 10]
16:18:48.925 [pool-2-thread-5] DEBUG org.apache.http.impl.conn.PoolingHttpClientConnectionManager -- Connection manager is shutting down
16:18:48.925 [pool-2-thread-5] DEBUG org.apache.http.impl.conn.DefaultManagedHttpClientConnection -- http-outgoing-0: Close connection
16:18:48.925 [pool-2-thread-5] DEBUG org.apache.http.impl.conn.PoolingHttpClientConnectionManager -- Connection manager shut down
16:18:48.925 [pool-2-thread-5] DEBUG com.intuit.karate -- response time in milliseconds: 389
1 < 200
1 < X-Powered-By: Express
1 < Access-Control-Allow-Origin: *
1 < Content-Type: application/json; charset=utf-8
1 < Content-Length: 607
1 < ETag: W/"25f-1V567saQI+TWXgC95x6cmSAzIoo"
1 < Date: Tue, 24 Jun 2025 09:18:48 GMT
1 < Connection: keep-alive
1 < Keep-Alive: timeout=5
{"access_token":"eyJhbGciOiJIUzI1NiIsInR5cCI6IkpXVCJ9.eyJzdWIiOiJjMjE0MjJkZi1jY2VjLTQ0MGUtOWE0Mi1jMWI4MmFiZjczM2QiLCJ1c2VybmFtZSI6ImpvaG5kb2UyOCIsInJvbGUiOjAsImlhdCI6MTc1MDc1NjcyOCwiZXhwIjoxNzUwNzYwMzI4fQ.xdbN5814LL8onbLMTeUL58doKgfJMjmvsvI5pBAjpk4","refresh_token":"fb363cce537ad31f28ccb79a6e61d5ff1af914972b5a71a30737e26624f085d5","user":{"id":"c21422df-ccec-440e-9a42-c1b82abf733d","email":"test28@example.com","username":"johndoe28","name":"John Doe","phoneNumber":"84987654321","profilePic":null,"bio":null,"private":false,"verified":false,"role":0,"followersCount":0,"followingCount":0,"postCount":0}}

16:18:48.926 [pool-2-thread-1] DEBUG org.apache.http.client.protocol.RequestAddCookies -- CookieSpec selected: karate
16:18:48.926 [pool-2-thread-3] DEBUG org.apache.http.client.protocol.RequestAddCookies -- CookieSpec selected: karate
16:18:48.926 [pool-2-thread-10] DEBUG org.apache.http.client.protocol.RequestAddCookies -- CookieSpec selected: karate
16:18:48.926 [pool-2-thread-3] DEBUG org.apache.http.client.protocol.RequestAuthCache -- Auth cache not set in the context
16:18:48.926 [pool-2-thread-1] DEBUG org.apache.http.client.protocol.RequestAuthCache -- Auth cache not set in the context
16:18:48.926 [pool-2-thread-10] DEBUG org.apache.http.client.protocol.RequestAuthCache -- Auth cache not set in the context
16:18:48.926 [pool-2-thread-3] DEBUG com.intuit.karate -- request:
2 > POST http://localhost:3000/auth/login
2 > Content-Type: application/json; charset=UTF-8
2 > Content-Length: 53
2 > Host: localhost:3000
2 > Connection: Keep-Alive
2 > User-Agent: Apache-HttpClient/4.5.14 (Java/17.0.9)
2 > Accept-Encoding: gzip,deflate
{"email":"test@example.com","password":"Password123"}

16:18:48.926 [pool-2-thread-1] DEBUG com.intuit.karate -- request:
2 > POST http://localhost:3000/auth/login
2 > Content-Type: application/json; charset=UTF-8
2 > Content-Length: 45
2 > Host: localhost:3000
2 > Connection: Keep-Alive
2 > User-Agent: Apache-HttpClient/4.5.14 (Java/17.0.9)
2 > Accept-Encoding: gzip,deflate
{"email":"nam@gmail.com","password":"123456"}

16:18:48.926 [pool-2-thread-10] DEBUG com.intuit.karate -- request:
2 > POST http://localhost:3000/auth/login
2 > Content-Type: application/json; charset=UTF-8
2 > Content-Length: 54
2 > Host: localhost:3000
2 > Connection: Keep-Alive
2 > User-Agent: Apache-HttpClient/4.5.14 (Java/17.0.9)
2 > Accept-Encoding: gzip,deflate
{"email":"testit2@gmail.com","password":"Password123"}

16:18:48.926 [pool-2-thread-3] DEBUG org.apache.http.impl.conn.PoolingHttpClientConnectionManager -- Connection request: [route: {}->http://localhost:3000][total available: 0; route allocated: 0 of 5; total allocated: 0 of 10]
16:18:48.926 [pool-2-thread-1] DEBUG org.apache.http.impl.conn.PoolingHttpClientConnectionManager -- Connection request: [route: {}->http://localhost:3000][total available: 0; route allocated: 0 of 5; total allocated: 0 of 10]
16:18:48.926 [pool-2-thread-10] DEBUG org.apache.http.impl.conn.PoolingHttpClientConnectionManager -- Connection request: [route: {}->http://localhost:3000][total available: 0; route allocated: 0 of 5; total allocated: 0 of 10]
16:18:48.926 [pool-2-thread-1] DEBUG org.apache.http.impl.conn.PoolingHttpClientConnectionManager -- Connection leased: [id: 10][route: {}->http://localhost:3000][total available: 0; route allocated: 1 of 5; total allocated: 1 of 10]
16:18:48.926 [pool-2-thread-3] DEBUG org.apache.http.impl.conn.PoolingHttpClientConnectionManager -- Connection leased: [id: 11][route: {}->http://localhost:3000][total available: 0; route allocated: 1 of 5; total allocated: 1 of 10]
16:18:48.926 [pool-2-thread-1] DEBUG org.apache.http.impl.execchain.MainClientExec -- Opening connection {}->http://localhost:3000
16:18:48.926 [pool-2-thread-10] DEBUG org.apache.http.impl.conn.PoolingHttpClientConnectionManager -- Connection leased: [id: 12][route: {}->http://localhost:3000][total available: 0; route allocated: 1 of 5; total allocated: 1 of 10]
16:18:48.926 [pool-2-thread-3] DEBUG org.apache.http.impl.execchain.MainClientExec -- Opening connection {}->http://localhost:3000
16:18:48.926 [pool-2-thread-10] DEBUG org.apache.http.impl.execchain.MainClientExec -- Opening connection {}->http://localhost:3000
16:18:48.927 [pool-2-thread-1] DEBUG org.apache.http.impl.conn.DefaultHttpClientConnectionOperator -- Connecting to localhost/127.0.0.1:3000
16:18:48.927 [pool-2-thread-3] DEBUG org.apache.http.impl.conn.DefaultHttpClientConnectionOperator -- Connecting to localhost/127.0.0.1:3000
16:18:48.927 [pool-2-thread-10] DEBUG org.apache.http.impl.conn.DefaultHttpClientConnectionOperator -- Connecting to localhost/127.0.0.1:3000
16:18:48.928 [pool-2-thread-1] DEBUG org.apache.http.impl.conn.DefaultHttpClientConnectionOperator -- Connection established 127.0.0.1:51283<->127.0.0.1:3000
16:18:48.928 [pool-2-thread-3] DEBUG org.apache.http.impl.conn.DefaultHttpClientConnectionOperator -- Connection established 127.0.0.1:51284<->127.0.0.1:3000
16:18:48.928 [pool-2-thread-10] DEBUG org.apache.http.impl.conn.DefaultHttpClientConnectionOperator -- Connection established 127.0.0.1:51285<->127.0.0.1:3000
16:18:48.928 [pool-2-thread-3] DEBUG org.apache.http.impl.conn.DefaultManagedHttpClientConnection -- http-outgoing-10: set socket timeout to 30000
16:18:48.928 [pool-2-thread-1] DEBUG org.apache.http.impl.conn.DefaultManagedHttpClientConnection -- http-outgoing-11: set socket timeout to 30000
16:18:48.928 [pool-2-thread-3] DEBUG org.apache.http.impl.execchain.MainClientExec -- Executing request POST /auth/login HTTP/1.1
16:18:48.928 [pool-2-thread-10] DEBUG org.apache.http.impl.conn.DefaultManagedHttpClientConnection -- http-outgoing-12: set socket timeout to 30000
16:18:48.928 [pool-2-thread-1] DEBUG org.apache.http.impl.execchain.MainClientExec -- Executing request POST /auth/login HTTP/1.1
16:18:48.928 [pool-2-thread-3] DEBUG org.apache.http.impl.execchain.MainClientExec -- Target auth state: UNCHALLENGED
16:18:48.928 [pool-2-thread-10] DEBUG org.apache.http.impl.execchain.MainClientExec -- Executing request POST /auth/login HTTP/1.1
16:18:48.928 [pool-2-thread-1] DEBUG org.apache.http.impl.execchain.MainClientExec -- Target auth state: UNCHALLENGED
16:18:48.928 [pool-2-thread-3] DEBUG org.apache.http.impl.execchain.MainClientExec -- Proxy auth state: UNCHALLENGED
16:18:48.928 [pool-2-thread-10] DEBUG org.apache.http.impl.execchain.MainClientExec -- Target auth state: UNCHALLENGED
16:18:48.928 [pool-2-thread-1] DEBUG org.apache.http.impl.execchain.MainClientExec -- Proxy auth state: UNCHALLENGED
16:18:48.929 [pool-2-thread-10] DEBUG org.apache.http.impl.execchain.MainClientExec -- Proxy auth state: UNCHALLENGED
16:18:48.929 [pool-2-thread-3] DEBUG org.apache.http.headers -- http-outgoing-10 >> POST /auth/login HTTP/1.1
16:18:48.929 [pool-2-thread-1] DEBUG org.apache.http.headers -- http-outgoing-11 >> POST /auth/login HTTP/1.1
16:18:48.929 [pool-2-thread-10] DEBUG org.apache.http.headers -- http-outgoing-12 >> POST /auth/login HTTP/1.1
16:18:48.929 [pool-2-thread-3] DEBUG org.apache.http.headers -- http-outgoing-10 >> Content-Type: application/json; charset=UTF-8
16:18:48.929 [pool-2-thread-1] DEBUG org.apache.http.headers -- http-outgoing-11 >> Content-Type: application/json; charset=UTF-8
16:18:48.929 [pool-2-thread-10] DEBUG org.apache.http.headers -- http-outgoing-12 >> Content-Type: application/json; charset=UTF-8
16:18:48.929 [pool-2-thread-3] DEBUG org.apache.http.headers -- http-outgoing-10 >> Content-Length: 53
16:18:48.929 [pool-2-thread-1] DEBUG org.apache.http.headers -- http-outgoing-11 >> Content-Length: 45
16:18:48.929 [pool-2-thread-10] DEBUG org.apache.http.headers -- http-outgoing-12 >> Content-Length: 54
16:18:48.929 [pool-2-thread-3] DEBUG org.apache.http.headers -- http-outgoing-10 >> Host: localhost:3000
16:18:48.929 [pool-2-thread-1] DEBUG org.apache.http.headers -- http-outgoing-11 >> Host: localhost:3000
16:18:48.929 [pool-2-thread-10] DEBUG org.apache.http.headers -- http-outgoing-12 >> Host: localhost:3000
16:18:48.929 [pool-2-thread-3] DEBUG org.apache.http.headers -- http-outgoing-10 >> Connection: Keep-Alive
16:18:48.929 [pool-2-thread-1] DEBUG org.apache.http.headers -- http-outgoing-11 >> Connection: Keep-Alive
16:18:48.929 [pool-2-thread-10] DEBUG org.apache.http.headers -- http-outgoing-12 >> Connection: Keep-Alive
16:18:48.929 [pool-2-thread-3] DEBUG org.apache.http.headers -- http-outgoing-10 >> User-Agent: Apache-HttpClient/4.5.14 (Java/17.0.9)
16:18:48.929 [pool-2-thread-1] DEBUG org.apache.http.headers -- http-outgoing-11 >> User-Agent: Apache-HttpClient/4.5.14 (Java/17.0.9)
16:18:48.929 [pool-2-thread-10] DEBUG org.apache.http.headers -- http-outgoing-12 >> User-Agent: Apache-HttpClient/4.5.14 (Java/17.0.9)
16:18:48.929 [pool-2-thread-3] DEBUG org.apache.http.headers -- http-outgoing-10 >> Accept-Encoding: gzip,deflate
16:18:48.929 [pool-2-thread-1] DEBUG org.apache.http.headers -- http-outgoing-11 >> Accept-Encoding: gzip,deflate
16:18:48.929 [pool-2-thread-10] DEBUG org.apache.http.headers -- http-outgoing-12 >> Accept-Encoding: gzip,deflate
16:18:48.929 [pool-2-thread-1] DEBUG org.apache.http.wire -- http-outgoing-11 >> "POST /auth/login HTTP/1.1[\r][\n]"
16:18:48.929 [pool-2-thread-3] DEBUG org.apache.http.wire -- http-outgoing-10 >> "POST /auth/login HTTP/1.1[\r][\n]"
16:18:48.929 [pool-2-thread-10] DEBUG org.apache.http.wire -- http-outgoing-12 >> "POST /auth/login HTTP/1.1[\r][\n]"
16:18:48.929 [pool-2-thread-1] DEBUG org.apache.http.wire -- http-outgoing-11 >> "Content-Type: application/json; charset=UTF-8[\r][\n]"
16:18:48.930 [pool-2-thread-10] DEBUG org.apache.http.wire -- http-outgoing-12 >> "Content-Type: application/json; charset=UTF-8[\r][\n]"
16:18:48.930 [pool-2-thread-10] DEBUG org.apache.http.wire -- http-outgoing-12 >> "Content-Length: 54[\r][\n]"
16:18:48.929 [pool-2-thread-5] INFO com.intuit.karate -- [print] Call 1 completed, status: 200 
16:18:48.929 [pool-2-thread-3] DEBUG org.apache.http.wire -- http-outgoing-10 >> "Content-Type: application/json; charset=UTF-8[\r][\n]"
16:18:48.930 [pool-2-thread-3] DEBUG org.apache.http.wire -- http-outgoing-10 >> "Content-Length: 53[\r][\n]"
16:18:48.930 [pool-2-thread-1] DEBUG org.apache.http.wire -- http-outgoing-11 >> "Content-Length: 45[\r][\n]"
16:18:48.930 [pool-2-thread-10] DEBUG org.apache.http.wire -- http-outgoing-12 >> "Host: localhost:3000[\r][\n]"
16:18:48.930 [pool-2-thread-1] DEBUG org.apache.http.wire -- http-outgoing-11 >> "Host: localhost:3000[\r][\n]"
16:18:48.930 [pool-2-thread-3] DEBUG org.apache.http.wire -- http-outgoing-10 >> "Host: localhost:3000[\r][\n]"
16:18:48.930 [pool-2-thread-10] DEBUG org.apache.http.wire -- http-outgoing-12 >> "Connection: Keep-Alive[\r][\n]"
16:18:48.930 [pool-2-thread-1] DEBUG org.apache.http.wire -- http-outgoing-11 >> "Connection: Keep-Alive[\r][\n]"
16:18:48.930 [pool-2-thread-3] DEBUG org.apache.http.wire -- http-outgoing-10 >> "Connection: Keep-Alive[\r][\n]"
16:18:48.930 [pool-2-thread-10] DEBUG org.apache.http.wire -- http-outgoing-12 >> "User-Agent: Apache-HttpClient/4.5.14 (Java/17.0.9)[\r][\n]"
16:18:48.930 [pool-2-thread-1] DEBUG org.apache.http.wire -- http-outgoing-11 >> "User-Agent: Apache-HttpClient/4.5.14 (Java/17.0.9)[\r][\n]"
16:18:48.930 [pool-2-thread-10] DEBUG org.apache.http.wire -- http-outgoing-12 >> "Accept-Encoding: gzip,deflate[\r][\n]"
16:18:48.930 [pool-2-thread-3] DEBUG org.apache.http.wire -- http-outgoing-10 >> "User-Agent: Apache-HttpClient/4.5.14 (Java/17.0.9)[\r][\n]"
16:18:48.930 [pool-2-thread-1] DEBUG org.apache.http.wire -- http-outgoing-11 >> "Accept-Encoding: gzip,deflate[\r][\n]"
16:18:48.930 [pool-2-thread-10] DEBUG org.apache.http.wire -- http-outgoing-12 >> "[\r][\n]"
16:18:48.930 [pool-2-thread-3] DEBUG org.apache.http.wire -- http-outgoing-10 >> "Accept-Encoding: gzip,deflate[\r][\n]"
16:18:48.930 [pool-2-thread-10] DEBUG org.apache.http.wire -- http-outgoing-12 >> "{"email":"testit2@gmail.com","password":"Password123"}"
16:18:48.930 [pool-2-thread-3] DEBUG org.apache.http.wire -- http-outgoing-10 >> "[\r][\n]"
16:18:48.930 [pool-2-thread-1] DEBUG org.apache.http.wire -- http-outgoing-11 >> "[\r][\n]"
16:18:48.930 [pool-2-thread-3] DEBUG org.apache.http.wire -- http-outgoing-10 >> "{"email":"test@example.com","password":"Password123"}"
16:18:48.930 [pool-2-thread-1] DEBUG org.apache.http.wire -- http-outgoing-11 >> "{"email":"nam@gmail.com","password":"123456"}"
16:18:48.931 [pool-2-thread-5] INFO com.intuit.karate -- [print] *** API CALL 2 *** 
16:18:48.937 [pool-2-thread-5] DEBUG org.apache.http.client.protocol.RequestAddCookies -- CookieSpec selected: karate
16:18:48.938 [pool-2-thread-5] DEBUG org.apache.http.client.protocol.RequestAuthCache -- Auth cache not set in the context
16:18:48.938 [pool-2-thread-5] DEBUG com.intuit.karate -- request:
2 > POST http://localhost:3000/auth/login
2 > Content-Type: application/json; charset=UTF-8
2 > Content-Length: 55
2 > Host: localhost:3000
2 > Connection: Keep-Alive
2 > User-Agent: Apache-HttpClient/4.5.14 (Java/17.0.9)
2 > Accept-Encoding: gzip,deflate
{"email":"test28@example.com","password":"Password123"}

16:18:48.938 [pool-2-thread-5] DEBUG org.apache.http.impl.conn.PoolingHttpClientConnectionManager -- Connection request: [route: {}->http://localhost:3000][total available: 0; route allocated: 0 of 5; total allocated: 0 of 10]
16:18:48.939 [pool-2-thread-5] DEBUG org.apache.http.impl.conn.PoolingHttpClientConnectionManager -- Connection leased: [id: 13][route: {}->http://localhost:3000][total available: 0; route allocated: 1 of 5; total allocated: 1 of 10]
16:18:48.939 [pool-2-thread-5] DEBUG org.apache.http.impl.execchain.MainClientExec -- Opening connection {}->http://localhost:3000
16:18:48.939 [pool-2-thread-5] DEBUG org.apache.http.impl.conn.DefaultHttpClientConnectionOperator -- Connecting to localhost/127.0.0.1:3000
16:18:48.941 [pool-2-thread-5] DEBUG org.apache.http.impl.conn.DefaultHttpClientConnectionOperator -- Connection established 127.0.0.1:51286<->127.0.0.1:3000
16:18:48.941 [pool-2-thread-5] DEBUG org.apache.http.impl.conn.DefaultManagedHttpClientConnection -- http-outgoing-13: set socket timeout to 30000
16:18:48.941 [pool-2-thread-5] DEBUG org.apache.http.impl.execchain.MainClientExec -- Executing request POST /auth/login HTTP/1.1
16:18:48.941 [pool-2-thread-5] DEBUG org.apache.http.impl.execchain.MainClientExec -- Target auth state: UNCHALLENGED
16:18:48.941 [pool-2-thread-5] DEBUG org.apache.http.impl.execchain.MainClientExec -- Proxy auth state: UNCHALLENGED
16:18:48.941 [pool-2-thread-5] DEBUG org.apache.http.headers -- http-outgoing-13 >> POST /auth/login HTTP/1.1
16:18:48.941 [pool-2-thread-5] DEBUG org.apache.http.headers -- http-outgoing-13 >> Content-Type: application/json; charset=UTF-8
16:18:48.941 [pool-2-thread-5] DEBUG org.apache.http.headers -- http-outgoing-13 >> Content-Length: 55
16:18:48.941 [pool-2-thread-5] DEBUG org.apache.http.headers -- http-outgoing-13 >> Host: localhost:3000
16:18:48.941 [pool-2-thread-5] DEBUG org.apache.http.headers -- http-outgoing-13 >> Connection: Keep-Alive
16:18:48.941 [pool-2-thread-5] DEBUG org.apache.http.headers -- http-outgoing-13 >> User-Agent: Apache-HttpClient/4.5.14 (Java/17.0.9)
16:18:48.941 [pool-2-thread-5] DEBUG org.apache.http.headers -- http-outgoing-13 >> Accept-Encoding: gzip,deflate
16:18:48.941 [pool-2-thread-5] DEBUG org.apache.http.wire -- http-outgoing-13 >> "POST /auth/login HTTP/1.1[\r][\n]"
16:18:48.941 [pool-2-thread-5] DEBUG org.apache.http.wire -- http-outgoing-13 >> "Content-Type: application/json; charset=UTF-8[\r][\n]"
16:18:48.941 [pool-2-thread-5] DEBUG org.apache.http.wire -- http-outgoing-13 >> "Content-Length: 55[\r][\n]"
16:18:48.941 [pool-2-thread-5] DEBUG org.apache.http.wire -- http-outgoing-13 >> "Host: localhost:3000[\r][\n]"
16:18:48.941 [pool-2-thread-5] DEBUG org.apache.http.wire -- http-outgoing-13 >> "Connection: Keep-Alive[\r][\n]"
16:18:48.942 [pool-2-thread-5] DEBUG org.apache.http.wire -- http-outgoing-13 >> "User-Agent: Apache-HttpClient/4.5.14 (Java/17.0.9)[\r][\n]"
16:18:48.942 [pool-2-thread-5] DEBUG org.apache.http.wire -- http-outgoing-13 >> "Accept-Encoding: gzip,deflate[\r][\n]"
16:18:48.942 [pool-2-thread-5] DEBUG org.apache.http.wire -- http-outgoing-13 >> "[\r][\n]"
16:18:48.942 [pool-2-thread-5] DEBUG org.apache.http.wire -- http-outgoing-13 >> "{"email":"test28@example.com","password":"Password123"}"
16:18:48.979 [pool-2-thread-2] DEBUG org.apache.http.wire -- http-outgoing-3 << "HTTP/1.1 200 OK[\r][\n]"
16:18:48.980 [pool-2-thread-2] DEBUG org.apache.http.wire -- http-outgoing-3 << "X-Powered-By: Express[\r][\n]"
16:18:48.980 [pool-2-thread-2] DEBUG org.apache.http.wire -- http-outgoing-3 << "Access-Control-Allow-Origin: *[\r][\n]"
16:18:48.980 [pool-2-thread-8] DEBUG org.apache.http.wire -- http-outgoing-7 << "HTTP/1.1 200 OK[\r][\n]"
16:18:48.980 [pool-2-thread-2] DEBUG org.apache.http.wire -- http-outgoing-3 << "Content-Type: application/json; charset=utf-8[\r][\n]"
16:18:48.980 [pool-2-thread-8] DEBUG org.apache.http.wire -- http-outgoing-7 << "X-Powered-By: Express[\r][\n]"
16:18:48.980 [pool-2-thread-2] DEBUG org.apache.http.wire -- http-outgoing-3 << "Content-Length: 715[\r][\n]"
16:18:48.980 [pool-2-thread-8] DEBUG org.apache.http.wire -- http-outgoing-7 << "Access-Control-Allow-Origin: *[\r][\n]"
16:18:48.980 [pool-2-thread-2] DEBUG org.apache.http.wire -- http-outgoing-3 << "ETag: W/"2cb-1PdCWaSkHz7S2mlNpYhpg1i0Hn8"[\r][\n]"
16:18:48.980 [pool-2-thread-8] DEBUG org.apache.http.wire -- http-outgoing-7 << "Content-Type: application/json; charset=utf-8[\r][\n]"
16:18:48.980 [pool-2-thread-2] DEBUG org.apache.http.wire -- http-outgoing-3 << "Date: Tue, 24 Jun 2025 09:18:48 GMT[\r][\n]"
16:18:48.980 [pool-2-thread-8] DEBUG org.apache.http.wire -- http-outgoing-7 << "Content-Length: 609[\r][\n]"
16:18:48.980 [pool-2-thread-2] DEBUG org.apache.http.wire -- http-outgoing-3 << "Connection: keep-alive[\r][\n]"
16:18:48.980 [pool-2-thread-8] DEBUG org.apache.http.wire -- http-outgoing-7 << "ETag: W/"261-L5SnSZBXaL4tDlPsoE3HRAwzAIk"[\r][\n]"
16:18:48.980 [pool-2-thread-2] DEBUG org.apache.http.wire -- http-outgoing-3 << "Keep-Alive: timeout=5[\r][\n]"
16:18:48.980 [pool-2-thread-8] DEBUG org.apache.http.wire -- http-outgoing-7 << "Date: Tue, 24 Jun 2025 09:18:48 GMT[\r][\n]"
16:18:48.980 [pool-2-thread-2] DEBUG org.apache.http.wire -- http-outgoing-3 << "[\r][\n]"
16:18:48.980 [pool-2-thread-8] DEBUG org.apache.http.wire -- http-outgoing-7 << "Connection: keep-alive[\r][\n]"
16:18:48.980 [pool-2-thread-8] DEBUG org.apache.http.wire -- http-outgoing-7 << "Keep-Alive: timeout=5[\r][\n]"
16:18:48.980 [pool-2-thread-8] DEBUG org.apache.http.wire -- http-outgoing-7 << "[\r][\n]"
16:18:48.980 [pool-2-thread-2] DEBUG org.apache.http.wire -- http-outgoing-3 << "{"access_token":"eyJhbGciOiJIUzI1NiIsInR5cCI6IkpXVCJ9.eyJzdWIiOiIyYjg0YWEyNC02NjhhLTQwZTItYWYxYy1hZDRmYzRmYTVhNmYiLCJ1c2VybmFtZSI6InF1YW5nMSIsInJvbGUiOjAsImlhdCI6MTc1MDc1NjcyOCwiZXhwIjoxNzUwNzYwMzI4fQ.riiMSGuORY7kCBoOUGuzQp67J_k3atPdHHdsVraLsxA","refresh_token":"ffa44d35b07fe5b7b654b47d93ab4ed615615e4d0186fdca429fa408fae7b601","user":{"id":"2b84aa24-668a-40e2-af1c-ad4fc4fa5a6f","email":"quang1@gmail.com","username":"quang1","name":"quang1","phoneNumber":"09874563210","profilePic":"https://res.cloudinary.com/dizcvrefo/image/upload/v1749027586/nestjs_uploads/xehairydt9rzlbmbmv4c.jpg","bio":"Thang Nam Lao Vua Thoi","private":false,"verified":false,"role":0,"followersCount":2,"followingCount":3,"postCount":2}}"
16:18:48.980 [pool-2-thread-8] DEBUG org.apache.http.wire -- http-outgoing-7 << "{"access_token":"eyJhbGciOiJIUzI1NiIsInR5cCI6IkpXVCJ9.eyJzdWIiOiIyNzJmNmI1NS01MTc5LTRhZTMtODU2My1iNGVjMTBmNzY3MTUiLCJ1c2VybmFtZSI6ImpvaG5kb2UyZDVkIiwicm9sZSI6MCwiaWF0IjoxNzUwNzU2NzI4LCJleHAiOjE3NTA3NjAzMjh9.U67dbDLr4W1F8ugI7iiBrZwTwvai1ryaZ5FNtd7GGXg","refresh_token":"4f8febf5e63dc694bb06a1d9c5f8508453eef8befd1670b70073beef8672d0b1","user":{"id":"272f6b55-5179-4ae3-8563-b4ec10f76715","email":"testit5@gmail.com","username":"johndoe2d5d","name":"John Doe","phoneNumber":"0123456132","profilePic":null,"bio":null,"private":false,"verified":false,"role":0,"followersCount":0,"followingCount":0,"postCount":0}}"
16:18:48.980 [pool-2-thread-2] DEBUG org.apache.http.headers -- http-outgoing-3 << HTTP/1.1 200 OK
16:18:48.980 [pool-2-thread-8] DEBUG org.apache.http.headers -- http-outgoing-7 << HTTP/1.1 200 OK
16:18:48.980 [pool-2-thread-2] DEBUG org.apache.http.headers -- http-outgoing-3 << X-Powered-By: Express
16:18:48.980 [pool-2-thread-8] DEBUG org.apache.http.headers -- http-outgoing-7 << X-Powered-By: Express
16:18:48.980 [pool-2-thread-2] DEBUG org.apache.http.headers -- http-outgoing-3 << Access-Control-Allow-Origin: *
16:18:48.980 [pool-2-thread-8] DEBUG org.apache.http.headers -- http-outgoing-7 << Access-Control-Allow-Origin: *
16:18:48.981 [pool-2-thread-8] DEBUG org.apache.http.headers -- http-outgoing-7 << Content-Type: application/json; charset=utf-8
16:18:48.981 [pool-2-thread-2] DEBUG org.apache.http.headers -- http-outgoing-3 << Content-Type: application/json; charset=utf-8
16:18:48.981 [pool-2-thread-8] DEBUG org.apache.http.headers -- http-outgoing-7 << Content-Length: 609
16:18:48.981 [pool-2-thread-2] DEBUG org.apache.http.headers -- http-outgoing-3 << Content-Length: 715
16:18:48.981 [pool-2-thread-8] DEBUG org.apache.http.headers -- http-outgoing-7 << ETag: W/"261-L5SnSZBXaL4tDlPsoE3HRAwzAIk"
16:18:48.981 [pool-2-thread-2] DEBUG org.apache.http.headers -- http-outgoing-3 << ETag: W/"2cb-1PdCWaSkHz7S2mlNpYhpg1i0Hn8"
16:18:48.981 [pool-2-thread-8] DEBUG org.apache.http.headers -- http-outgoing-7 << Date: Tue, 24 Jun 2025 09:18:48 GMT
16:18:48.981 [pool-2-thread-2] DEBUG org.apache.http.headers -- http-outgoing-3 << Date: Tue, 24 Jun 2025 09:18:48 GMT
16:18:48.981 [pool-2-thread-8] DEBUG org.apache.http.headers -- http-outgoing-7 << Connection: keep-alive
16:18:48.981 [pool-2-thread-2] DEBUG org.apache.http.headers -- http-outgoing-3 << Connection: keep-alive
16:18:48.981 [pool-2-thread-2] DEBUG org.apache.http.headers -- http-outgoing-3 << Keep-Alive: timeout=5
16:18:48.981 [pool-2-thread-8] DEBUG org.apache.http.headers -- http-outgoing-7 << Keep-Alive: timeout=5
16:18:48.981 [pool-2-thread-4] DEBUG org.apache.http.wire -- http-outgoing-4 << "HTTP/1.1 200 OK[\r][\n]"
16:18:48.981 [pool-2-thread-4] DEBUG org.apache.http.wire -- http-outgoing-4 << "X-Powered-By: Express[\r][\n]"
16:18:48.981 [pool-2-thread-4] DEBUG org.apache.http.wire -- http-outgoing-4 << "Access-Control-Allow-Origin: *[\r][\n]"
16:18:48.981 [pool-2-thread-4] DEBUG org.apache.http.wire -- http-outgoing-4 << "Content-Type: application/json; charset=utf-8[\r][\n]"
16:18:48.981 [pool-2-thread-4] DEBUG org.apache.http.wire -- http-outgoing-4 << "Content-Length: 608[\r][\n]"
16:18:48.981 [pool-2-thread-4] DEBUG org.apache.http.wire -- http-outgoing-4 << "ETag: W/"260-mDzH8pbvbG4RLz31rL1tSvZ6EWI"[\r][\n]"
16:18:48.981 [pool-2-thread-8] DEBUG org.apache.http.impl.execchain.MainClientExec -- Connection can be kept alive for 5000 MILLISECONDS
16:18:48.981 [pool-2-thread-2] DEBUG org.apache.http.impl.execchain.MainClientExec -- Connection can be kept alive for 5000 MILLISECONDS
16:18:48.981 [pool-2-thread-4] DEBUG org.apache.http.wire -- http-outgoing-4 << "Date: Tue, 24 Jun 2025 09:18:48 GMT[\r][\n]"
16:18:48.981 [pool-2-thread-4] DEBUG org.apache.http.wire -- http-outgoing-4 << "Connection: keep-alive[\r][\n]"
16:18:48.981 [pool-2-thread-4] DEBUG org.apache.http.wire -- http-outgoing-4 << "Keep-Alive: timeout=5[\r][\n]"
16:18:48.981 [pool-2-thread-4] DEBUG org.apache.http.wire -- http-outgoing-4 << "[\r][\n]"
16:18:48.981 [pool-2-thread-8] DEBUG org.apache.http.impl.conn.PoolingHttpClientConnectionManager -- Connection [id: 1][route: {}->http://localhost:3000] can be kept alive for 5.0 seconds
16:18:48.981 [pool-2-thread-2] DEBUG org.apache.http.impl.conn.PoolingHttpClientConnectionManager -- Connection [id: 8][route: {}->http://localhost:3000] can be kept alive for 5.0 seconds
16:18:48.981 [pool-2-thread-4] DEBUG org.apache.http.wire -- http-outgoing-4 << "{"access_token":"eyJhbGciOiJIUzI1NiIsInR5cCI6IkpXVCJ9.eyJzdWIiOiI4YTI0NzQ2MS01YzA0LTQyMWQtOThmNS1mYTljNzM0ZmFlYTUiLCJ1c2VybmFtZSI6ImphbmVzbWl0aCIsInJvbGUiOjAsImlhdCI6MTc1MDc1NjcyOCwiZXhwIjoxNzUwNzYwMzI4fQ.SIRkTD9MKuXJBc0fPMGeCr9VKds3kWPTjQFpBM2M9EA","refresh_token":"68975a9c25b804147100133b54cef6e1e65a387ca2103b4a087433373c4f1cb7","user":{"id":"8a247461-5c04-421d-98f5-fa9c734faea5","email":"test2@example.com","username":"janesmith","name":"Jane Smith","phoneNumber":"01234567890","profilePic":null,"bio":null,"private":false,"verified":false,"role":0,"followersCount":0,"followingCount":0,"postCount":0}}"
16:18:48.981 [pool-2-thread-8] DEBUG org.apache.http.impl.conn.DefaultManagedHttpClientConnection -- http-outgoing-7: set socket timeout to 0
16:18:48.981 [pool-2-thread-2] DEBUG org.apache.http.impl.conn.DefaultManagedHttpClientConnection -- http-outgoing-3: set socket timeout to 0
16:18:48.982 [pool-2-thread-4] DEBUG org.apache.http.headers -- http-outgoing-4 << HTTP/1.1 200 OK
16:18:48.982 [pool-2-thread-2] DEBUG org.apache.http.impl.conn.PoolingHttpClientConnectionManager -- Connection released: [id: 8][route: {}->http://localhost:3000][total available: 1; route allocated: 1 of 5; total allocated: 1 of 10]
16:18:48.982 [pool-2-thread-8] DEBUG org.apache.http.impl.conn.PoolingHttpClientConnectionManager -- Connection released: [id: 1][route: {}->http://localhost:3000][total available: 1; route allocated: 1 of 5; total allocated: 1 of 10]
16:18:48.982 [pool-2-thread-2] DEBUG org.apache.http.impl.conn.PoolingHttpClientConnectionManager -- Connection manager is shutting down
16:18:48.982 [pool-2-thread-8] DEBUG org.apache.http.impl.conn.PoolingHttpClientConnectionManager -- Connection manager is shutting down
16:18:48.982 [pool-2-thread-2] DEBUG org.apache.http.impl.conn.DefaultManagedHttpClientConnection -- http-outgoing-3: Close connection
16:18:48.982 [pool-2-thread-4] DEBUG org.apache.http.headers -- http-outgoing-4 << X-Powered-By: Express
16:18:48.982 [pool-2-thread-8] DEBUG org.apache.http.impl.conn.DefaultManagedHttpClientConnection -- http-outgoing-7: Close connection
16:18:48.982 [pool-2-thread-4] DEBUG org.apache.http.headers -- http-outgoing-4 << Access-Control-Allow-Origin: *
16:18:48.982 [pool-2-thread-4] DEBUG org.apache.http.headers -- http-outgoing-4 << Content-Type: application/json; charset=utf-8
16:18:48.982 [pool-2-thread-4] DEBUG org.apache.http.headers -- http-outgoing-4 << Content-Length: 608
16:18:48.982 [pool-2-thread-4] DEBUG org.apache.http.headers -- http-outgoing-4 << ETag: W/"260-mDzH8pbvbG4RLz31rL1tSvZ6EWI"
16:18:48.982 [pool-2-thread-4] DEBUG org.apache.http.headers -- http-outgoing-4 << Date: Tue, 24 Jun 2025 09:18:48 GMT
16:18:48.982 [pool-2-thread-4] DEBUG org.apache.http.headers -- http-outgoing-4 << Connection: keep-alive
16:18:48.982 [pool-2-thread-2] DEBUG org.apache.http.impl.conn.PoolingHttpClientConnectionManager -- Connection manager shut down
16:18:48.982 [pool-2-thread-8] DEBUG org.apache.http.impl.conn.PoolingHttpClientConnectionManager -- Connection manager shut down
16:18:48.982 [pool-2-thread-4] DEBUG org.apache.http.headers -- http-outgoing-4 << Keep-Alive: timeout=5
16:18:48.982 [pool-2-thread-4] DEBUG org.apache.http.impl.execchain.MainClientExec -- Connection can be kept alive for 5000 MILLISECONDS
16:18:48.982 [pool-2-thread-2] DEBUG com.intuit.karate -- response time in milliseconds: 445
1 < 200
1 < X-Powered-By: Express
1 < Access-Control-Allow-Origin: *
1 < Content-Type: application/json; charset=utf-8
1 < Content-Length: 715
1 < ETag: W/"2cb-1PdCWaSkHz7S2mlNpYhpg1i0Hn8"
1 < Date: Tue, 24 Jun 2025 09:18:48 GMT
1 < Connection: keep-alive
1 < Keep-Alive: timeout=5
{"access_token":"eyJhbGciOiJIUzI1NiIsInR5cCI6IkpXVCJ9.eyJzdWIiOiIyYjg0YWEyNC02NjhhLTQwZTItYWYxYy1hZDRmYzRmYTVhNmYiLCJ1c2VybmFtZSI6InF1YW5nMSIsInJvbGUiOjAsImlhdCI6MTc1MDc1NjcyOCwiZXhwIjoxNzUwNzYwMzI4fQ.riiMSGuORY7kCBoOUGuzQp67J_k3atPdHHdsVraLsxA","refresh_token":"ffa44d35b07fe5b7b654b47d93ab4ed615615e4d0186fdca429fa408fae7b601","user":{"id":"2b84aa24-668a-40e2-af1c-ad4fc4fa5a6f","email":"quang1@gmail.com","username":"quang1","name":"quang1","phoneNumber":"09874563210","profilePic":"https://res.cloudinary.com/dizcvrefo/image/upload/v1749027586/nestjs_uploads/xehairydt9rzlbmbmv4c.jpg","bio":"Thang Nam Lao Vua Thoi","private":false,"verified":false,"role":0,"followersCount":2,"followingCount":3,"postCount":2}}

16:18:48.982 [pool-2-thread-8] DEBUG com.intuit.karate -- response time in milliseconds: 446
1 < 200
1 < X-Powered-By: Express
1 < Access-Control-Allow-Origin: *
1 < Content-Type: application/json; charset=utf-8
1 < Content-Length: 609
1 < ETag: W/"261-L5SnSZBXaL4tDlPsoE3HRAwzAIk"
1 < Date: Tue, 24 Jun 2025 09:18:48 GMT
1 < Connection: keep-alive
1 < Keep-Alive: timeout=5
{"access_token":"eyJhbGciOiJIUzI1NiIsInR5cCI6IkpXVCJ9.eyJzdWIiOiIyNzJmNmI1NS01MTc5LTRhZTMtODU2My1iNGVjMTBmNzY3MTUiLCJ1c2VybmFtZSI6ImpvaG5kb2UyZDVkIiwicm9sZSI6MCwiaWF0IjoxNzUwNzU2NzI4LCJleHAiOjE3NTA3NjAzMjh9.U67dbDLr4W1F8ugI7iiBrZwTwvai1ryaZ5FNtd7GGXg","refresh_token":"4f8febf5e63dc694bb06a1d9c5f8508453eef8befd1670b70073beef8672d0b1","user":{"id":"272f6b55-5179-4ae3-8563-b4ec10f76715","email":"testit5@gmail.com","username":"johndoe2d5d","name":"John Doe","phoneNumber":"0123456132","profilePic":null,"bio":null,"private":false,"verified":false,"role":0,"followersCount":0,"followingCount":0,"postCount":0}}

16:18:48.982 [pool-2-thread-4] DEBUG org.apache.http.impl.conn.PoolingHttpClientConnectionManager -- Connection [id: 3][route: {}->http://localhost:3000] can be kept alive for 5.0 seconds
16:18:48.982 [pool-2-thread-4] DEBUG org.apache.http.impl.conn.DefaultManagedHttpClientConnection -- http-outgoing-4: set socket timeout to 0
16:18:48.982 [pool-2-thread-4] DEBUG org.apache.http.impl.conn.PoolingHttpClientConnectionManager -- Connection released: [id: 3][route: {}->http://localhost:3000][total available: 1; route allocated: 1 of 5; total allocated: 1 of 10]
16:18:48.982 [pool-2-thread-4] DEBUG org.apache.http.impl.conn.PoolingHttpClientConnectionManager -- Connection manager is shutting down
16:18:48.982 [pool-2-thread-4] DEBUG org.apache.http.impl.conn.DefaultManagedHttpClientConnection -- http-outgoing-4: Close connection
16:18:48.982 [pool-2-thread-4] DEBUG org.apache.http.impl.conn.PoolingHttpClientConnectionManager -- Connection manager shut down
16:18:48.982 [pool-2-thread-4] DEBUG com.intuit.karate -- response time in milliseconds: 446
1 < 200
1 < X-Powered-By: Express
1 < Access-Control-Allow-Origin: *
1 < Content-Type: application/json; charset=utf-8
1 < Content-Length: 608
1 < ETag: W/"260-mDzH8pbvbG4RLz31rL1tSvZ6EWI"
1 < Date: Tue, 24 Jun 2025 09:18:48 GMT
1 < Connection: keep-alive
1 < Keep-Alive: timeout=5
{"access_token":"eyJhbGciOiJIUzI1NiIsInR5cCI6IkpXVCJ9.eyJzdWIiOiI4YTI0NzQ2MS01YzA0LTQyMWQtOThmNS1mYTljNzM0ZmFlYTUiLCJ1c2VybmFtZSI6ImphbmVzbWl0aCIsInJvbGUiOjAsImlhdCI6MTc1MDc1NjcyOCwiZXhwIjoxNzUwNzYwMzI4fQ.SIRkTD9MKuXJBc0fPMGeCr9VKds3kWPTjQFpBM2M9EA","refresh_token":"68975a9c25b804147100133b54cef6e1e65a387ca2103b4a087433373c4f1cb7","user":{"id":"8a247461-5c04-421d-98f5-fa9c734faea5","email":"test2@example.com","username":"janesmith","name":"Jane Smith","phoneNumber":"01234567890","profilePic":null,"bio":null,"private":false,"verified":false,"role":0,"followersCount":0,"followingCount":0,"postCount":0}}

16:18:48.983 [pool-2-thread-7] DEBUG org.apache.http.wire -- http-outgoing-2 << "HTTP/1.1 200 OK[\r][\n]"
16:18:48.983 [pool-2-thread-7] DEBUG org.apache.http.wire -- http-outgoing-2 << "X-Powered-By: Express[\r][\n]"
16:18:48.983 [pool-2-thread-7] DEBUG org.apache.http.wire -- http-outgoing-2 << "Access-Control-Allow-Origin: *[\r][\n]"
16:18:48.984 [pool-2-thread-7] DEBUG org.apache.http.wire -- http-outgoing-2 << "Content-Type: application/json; charset=utf-8[\r][\n]"
16:18:48.984 [pool-2-thread-7] DEBUG org.apache.http.wire -- http-outgoing-2 << "Content-Length: 605[\r][\n]"
16:18:48.984 [pool-2-thread-7] DEBUG org.apache.http.wire -- http-outgoing-2 << "ETag: W/"25d-7FLR4+1BhydUwDoGDbEXvQYk+zE"[\r][\n]"
16:18:48.984 [pool-2-thread-7] DEBUG org.apache.http.wire -- http-outgoing-2 << "Date: Tue, 24 Jun 2025 09:18:48 GMT[\r][\n]"
16:18:48.984 [pool-2-thread-7] DEBUG org.apache.http.wire -- http-outgoing-2 << "Connection: keep-alive[\r][\n]"
16:18:48.984 [pool-2-thread-7] DEBUG org.apache.http.wire -- http-outgoing-2 << "Keep-Alive: timeout=5[\r][\n]"
16:18:48.984 [pool-2-thread-7] DEBUG org.apache.http.wire -- http-outgoing-2 << "[\r][\n]"
16:18:48.984 [pool-2-thread-7] DEBUG org.apache.http.wire -- http-outgoing-2 << "{"access_token":"eyJhbGciOiJIUzI1NiIsInR5cCI6IkpXVCJ9.eyJzdWIiOiI2NTBjZTFlZC1hYWNhLTQzOGYtOTk4OC0xZjA1OGFiNWFhMWEiLCJ1c2VybmFtZSI6ImpvaG5kb2UyNSIsInJvbGUiOjAsImlhdCI6MTc1MDc1NjcyOCwiZXhwIjoxNzUwNzYwMzI4fQ.VWctV0haB-SkGlqAQB4oNNT_-eTOf0WRE-kINN1Fp9k","refresh_token":"d002ca6ea4e335871a1194f00684f4807d4d678f5b039e67386ee6a39bfd421a","user":{"id":"650ce1ed-aaca-438f-9988-1f058ab5aa1a","email":"testit3@gmail.com","username":"johndoe25","name":"John Doe","phoneNumber":"0123456713","profilePic":null,"bio":null,"private":false,"verified":false,"role":0,"followersCount":0,"followingCount":0,"postCount":0}}"
16:18:48.984 [pool-2-thread-7] DEBUG org.apache.http.headers -- http-outgoing-2 << HTTP/1.1 200 OK
16:18:48.984 [pool-2-thread-7] DEBUG org.apache.http.headers -- http-outgoing-2 << X-Powered-By: Express
16:18:48.984 [pool-2-thread-7] DEBUG org.apache.http.headers -- http-outgoing-2 << Access-Control-Allow-Origin: *
16:18:48.984 [pool-2-thread-7] DEBUG org.apache.http.headers -- http-outgoing-2 << Content-Type: application/json; charset=utf-8
16:18:48.984 [pool-2-thread-7] DEBUG org.apache.http.headers -- http-outgoing-2 << Content-Length: 605
16:18:48.984 [pool-2-thread-7] DEBUG org.apache.http.headers -- http-outgoing-2 << ETag: W/"25d-7FLR4+1BhydUwDoGDbEXvQYk+zE"
16:18:48.984 [pool-2-thread-7] DEBUG org.apache.http.headers -- http-outgoing-2 << Date: Tue, 24 Jun 2025 09:18:48 GMT
16:18:48.984 [pool-2-thread-7] DEBUG org.apache.http.headers -- http-outgoing-2 << Connection: keep-alive
16:18:48.984 [pool-2-thread-7] DEBUG org.apache.http.headers -- http-outgoing-2 << Keep-Alive: timeout=5
16:18:48.984 [pool-2-thread-7] DEBUG org.apache.http.impl.execchain.MainClientExec -- Connection can be kept alive for 5000 MILLISECONDS
16:18:48.984 [pool-2-thread-7] DEBUG org.apache.http.impl.conn.PoolingHttpClientConnectionManager -- Connection [id: 9][route: {}->http://localhost:3000] can be kept alive for 5.0 seconds
16:18:48.984 [pool-2-thread-7] DEBUG org.apache.http.impl.conn.DefaultManagedHttpClientConnection -- http-outgoing-2: set socket timeout to 0
16:18:48.984 [pool-2-thread-7] DEBUG org.apache.http.impl.conn.PoolingHttpClientConnectionManager -- Connection released: [id: 9][route: {}->http://localhost:3000][total available: 1; route allocated: 1 of 5; total allocated: 1 of 10]
16:18:48.985 [pool-2-thread-7] DEBUG org.apache.http.impl.conn.PoolingHttpClientConnectionManager -- Connection manager is shutting down
16:18:48.985 [pool-2-thread-7] DEBUG org.apache.http.impl.conn.DefaultManagedHttpClientConnection -- http-outgoing-2: Close connection
16:18:48.985 [pool-2-thread-7] DEBUG org.apache.http.impl.conn.PoolingHttpClientConnectionManager -- Connection manager shut down
16:18:48.985 [pool-2-thread-7] DEBUG com.intuit.karate -- response time in milliseconds: 449
1 < 200
1 < X-Powered-By: Express
1 < Access-Control-Allow-Origin: *
1 < Content-Type: application/json; charset=utf-8
1 < Content-Length: 605
1 < ETag: W/"25d-7FLR4+1BhydUwDoGDbEXvQYk+zE"
1 < Date: Tue, 24 Jun 2025 09:18:48 GMT
1 < Connection: keep-alive
1 < Keep-Alive: timeout=5
{"access_token":"eyJhbGciOiJIUzI1NiIsInR5cCI6IkpXVCJ9.eyJzdWIiOiI2NTBjZTFlZC1hYWNhLTQzOGYtOTk4OC0xZjA1OGFiNWFhMWEiLCJ1c2VybmFtZSI6ImpvaG5kb2UyNSIsInJvbGUiOjAsImlhdCI6MTc1MDc1NjcyOCwiZXhwIjoxNzUwNzYwMzI4fQ.VWctV0haB-SkGlqAQB4oNNT_-eTOf0WRE-kINN1Fp9k","refresh_token":"d002ca6ea4e335871a1194f00684f4807d4d678f5b039e67386ee6a39bfd421a","user":{"id":"650ce1ed-aaca-438f-9988-1f058ab5aa1a","email":"testit3@gmail.com","username":"johndoe25","name":"John Doe","phoneNumber":"0123456713","profilePic":null,"bio":null,"private":false,"verified":false,"role":0,"followersCount":0,"followingCount":0,"postCount":0}}

16:18:48.986 [pool-2-thread-4] INFO com.intuit.karate -- [print] Call 1 completed, status: 200 
16:18:48.986 [pool-2-thread-2] INFO com.intuit.karate -- [print] Call 1 completed, status: 200 
16:18:48.986 [pool-2-thread-8] INFO com.intuit.karate -- [print] Call 1 completed, status: 200 
16:18:48.988 [pool-2-thread-2] INFO com.intuit.karate -- [print] *** API CALL 2 *** 
16:18:48.988 [pool-2-thread-4] INFO com.intuit.karate -- [print] *** API CALL 2 *** 
16:18:48.988 [pool-2-thread-8] INFO com.intuit.karate -- [print] *** API CALL 2 *** 
16:18:48.988 [pool-2-thread-7] INFO com.intuit.karate -- [print] Call 1 completed, status: 200 
16:18:48.989 [pool-2-thread-7] INFO com.intuit.karate -- [print] *** API CALL 2 *** 
16:18:48.991 [pool-2-thread-4] DEBUG org.apache.http.client.protocol.RequestAddCookies -- CookieSpec selected: karate
16:18:48.991 [pool-2-thread-4] DEBUG org.apache.http.client.protocol.RequestAuthCache -- Auth cache not set in the context
16:18:48.991 [pool-2-thread-4] DEBUG com.intuit.karate -- request:
2 > POST http://localhost:3000/auth/login
2 > Content-Type: application/json; charset=UTF-8
2 > Content-Length: 54
2 > Host: localhost:3000
2 > Connection: Keep-Alive
2 > User-Agent: Apache-HttpClient/4.5.14 (Java/17.0.9)
2 > Accept-Encoding: gzip,deflate
{"email":"test2@example.com","password":"Password123"}

16:18:48.992 [pool-2-thread-4] DEBUG org.apache.http.impl.conn.PoolingHttpClientConnectionManager -- Connection request: [route: {}->http://localhost:3000][total available: 0; route allocated: 0 of 5; total allocated: 0 of 10]
16:18:48.992 [pool-2-thread-4] DEBUG org.apache.http.impl.conn.PoolingHttpClientConnectionManager -- Connection leased: [id: 14][route: {}->http://localhost:3000][total available: 0; route allocated: 1 of 5; total allocated: 1 of 10]
16:18:48.992 [pool-2-thread-4] DEBUG org.apache.http.impl.execchain.MainClientExec -- Opening connection {}->http://localhost:3000
16:18:48.992 [pool-2-thread-4] DEBUG org.apache.http.impl.conn.DefaultHttpClientConnectionOperator -- Connecting to localhost/127.0.0.1:3000
16:18:48.993 [pool-2-thread-4] DEBUG org.apache.http.impl.conn.DefaultHttpClientConnectionOperator -- Connection established 127.0.0.1:51287<->127.0.0.1:3000
16:18:48.993 [pool-2-thread-4] DEBUG org.apache.http.impl.conn.DefaultManagedHttpClientConnection -- http-outgoing-14: set socket timeout to 30000
16:18:48.993 [pool-2-thread-4] DEBUG org.apache.http.impl.execchain.MainClientExec -- Executing request POST /auth/login HTTP/1.1
16:18:48.993 [pool-2-thread-4] DEBUG org.apache.http.impl.execchain.MainClientExec -- Target auth state: UNCHALLENGED
16:18:48.993 [pool-2-thread-4] DEBUG org.apache.http.impl.execchain.MainClientExec -- Proxy auth state: UNCHALLENGED
16:18:48.993 [pool-2-thread-4] DEBUG org.apache.http.headers -- http-outgoing-14 >> POST /auth/login HTTP/1.1
16:18:48.993 [pool-2-thread-4] DEBUG org.apache.http.headers -- http-outgoing-14 >> Content-Type: application/json; charset=UTF-8
16:18:48.993 [pool-2-thread-4] DEBUG org.apache.http.headers -- http-outgoing-14 >> Content-Length: 54
16:18:48.993 [pool-2-thread-4] DEBUG org.apache.http.headers -- http-outgoing-14 >> Host: localhost:3000
16:18:48.993 [pool-2-thread-4] DEBUG org.apache.http.headers -- http-outgoing-14 >> Connection: Keep-Alive
16:18:48.993 [pool-2-thread-4] DEBUG org.apache.http.headers -- http-outgoing-14 >> User-Agent: Apache-HttpClient/4.5.14 (Java/17.0.9)
16:18:48.993 [pool-2-thread-4] DEBUG org.apache.http.headers -- http-outgoing-14 >> Accept-Encoding: gzip,deflate
16:18:48.993 [pool-2-thread-2] DEBUG org.apache.http.client.protocol.RequestAddCookies -- CookieSpec selected: karate
16:18:48.994 [pool-2-thread-2] DEBUG org.apache.http.client.protocol.RequestAuthCache -- Auth cache not set in the context
16:18:48.994 [pool-2-thread-2] DEBUG com.intuit.karate -- request:
2 > POST http://localhost:3000/auth/login
2 > Content-Type: application/json; charset=UTF-8
2 > Content-Length: 48
2 > Host: localhost:3000
2 > Connection: Keep-Alive
2 > User-Agent: Apache-HttpClient/4.5.14 (Java/17.0.9)
2 > Accept-Encoding: gzip,deflate
{"email":"quang1@gmail.com","password":"quang1"}

16:18:48.994 [pool-2-thread-2] DEBUG org.apache.http.impl.conn.PoolingHttpClientConnectionManager -- Connection request: [route: {}->http://localhost:3000][total available: 0; route allocated: 0 of 5; total allocated: 0 of 10]
16:18:48.994 [pool-2-thread-2] DEBUG org.apache.http.impl.conn.PoolingHttpClientConnectionManager -- Connection leased: [id: 15][route: {}->http://localhost:3000][total available: 0; route allocated: 1 of 5; total allocated: 1 of 10]
16:18:48.994 [pool-2-thread-2] DEBUG org.apache.http.impl.execchain.MainClientExec -- Opening connection {}->http://localhost:3000
16:18:48.994 [pool-2-thread-2] DEBUG org.apache.http.impl.conn.DefaultHttpClientConnectionOperator -- Connecting to localhost/127.0.0.1:3000
16:18:48.995 [pool-2-thread-2] DEBUG org.apache.http.impl.conn.DefaultHttpClientConnectionOperator -- Connection established 127.0.0.1:51288<->127.0.0.1:3000
16:18:48.995 [pool-2-thread-2] DEBUG org.apache.http.impl.conn.DefaultManagedHttpClientConnection -- http-outgoing-15: set socket timeout to 30000
16:18:48.995 [pool-2-thread-2] DEBUG org.apache.http.impl.execchain.MainClientExec -- Executing request POST /auth/login HTTP/1.1
16:18:48.995 [pool-2-thread-2] DEBUG org.apache.http.impl.execchain.MainClientExec -- Target auth state: UNCHALLENGED
16:18:48.995 [pool-2-thread-2] DEBUG org.apache.http.impl.execchain.MainClientExec -- Proxy auth state: UNCHALLENGED
16:18:48.995 [pool-2-thread-2] DEBUG org.apache.http.headers -- http-outgoing-15 >> POST /auth/login HTTP/1.1
16:18:48.995 [pool-2-thread-2] DEBUG org.apache.http.headers -- http-outgoing-15 >> Content-Type: application/json; charset=UTF-8
16:18:48.995 [pool-2-thread-2] DEBUG org.apache.http.headers -- http-outgoing-15 >> Content-Length: 48
16:18:48.995 [pool-2-thread-2] DEBUG org.apache.http.headers -- http-outgoing-15 >> Host: localhost:3000
16:18:48.995 [pool-2-thread-2] DEBUG org.apache.http.headers -- http-outgoing-15 >> Connection: Keep-Alive
16:18:48.995 [pool-2-thread-2] DEBUG org.apache.http.headers -- http-outgoing-15 >> User-Agent: Apache-HttpClient/4.5.14 (Java/17.0.9)
16:18:48.995 [pool-2-thread-2] DEBUG org.apache.http.headers -- http-outgoing-15 >> Accept-Encoding: gzip,deflate
16:18:48.995 [pool-2-thread-2] DEBUG org.apache.http.wire -- http-outgoing-15 >> "POST /auth/login HTTP/1.1[\r][\n]"
16:18:48.995 [pool-2-thread-2] DEBUG org.apache.http.wire -- http-outgoing-15 >> "Content-Type: application/json; charset=UTF-8[\r][\n]"
16:18:48.995 [pool-2-thread-2] DEBUG org.apache.http.wire -- http-outgoing-15 >> "Content-Length: 48[\r][\n]"
16:18:48.996 [pool-2-thread-2] DEBUG org.apache.http.wire -- http-outgoing-15 >> "Host: localhost:3000[\r][\n]"
16:18:48.996 [pool-2-thread-2] DEBUG org.apache.http.wire -- http-outgoing-15 >> "Connection: Keep-Alive[\r][\n]"
16:18:48.996 [pool-2-thread-2] DEBUG org.apache.http.wire -- http-outgoing-15 >> "User-Agent: Apache-HttpClient/4.5.14 (Java/17.0.9)[\r][\n]"
16:18:48.996 [pool-2-thread-2] DEBUG org.apache.http.wire -- http-outgoing-15 >> "Accept-Encoding: gzip,deflate[\r][\n]"
16:18:48.996 [pool-2-thread-2] DEBUG org.apache.http.wire -- http-outgoing-15 >> "[\r][\n]"
16:18:48.996 [pool-2-thread-2] DEBUG org.apache.http.wire -- http-outgoing-15 >> "{"email":"quang1@gmail.com","password":"quang1"}"
16:18:48.991 [pool-2-thread-7] DEBUG org.apache.http.client.protocol.RequestAddCookies -- CookieSpec selected: karate
16:18:48.991 [pool-2-thread-8] DEBUG org.apache.http.client.protocol.RequestAddCookies -- CookieSpec selected: karate
16:18:48.993 [pool-2-thread-4] DEBUG org.apache.http.wire -- http-outgoing-14 >> "POST /auth/login HTTP/1.1[\r][\n]"
16:18:48.997 [pool-2-thread-4] DEBUG org.apache.http.wire -- http-outgoing-14 >> "Content-Type: application/json; charset=UTF-8[\r][\n]"
16:18:48.997 [pool-2-thread-7] DEBUG org.apache.http.client.protocol.RequestAuthCache -- Auth cache not set in the context
16:18:48.997 [pool-2-thread-8] DEBUG org.apache.http.client.protocol.RequestAuthCache -- Auth cache not set in the context
16:18:48.997 [pool-2-thread-4] DEBUG org.apache.http.wire -- http-outgoing-14 >> "Content-Length: 54[\r][\n]"
16:18:48.997 [pool-2-thread-4] DEBUG org.apache.http.wire -- http-outgoing-14 >> "Host: localhost:3000[\r][\n]"
16:18:48.997 [pool-2-thread-4] DEBUG org.apache.http.wire -- http-outgoing-14 >> "Connection: Keep-Alive[\r][\n]"
16:18:48.997 [pool-2-thread-4] DEBUG org.apache.http.wire -- http-outgoing-14 >> "User-Agent: Apache-HttpClient/4.5.14 (Java/17.0.9)[\r][\n]"
16:18:48.997 [pool-2-thread-4] DEBUG org.apache.http.wire -- http-outgoing-14 >> "Accept-Encoding: gzip,deflate[\r][\n]"
16:18:48.997 [pool-2-thread-4] DEBUG org.apache.http.wire -- http-outgoing-14 >> "[\r][\n]"
16:18:48.997 [pool-2-thread-4] DEBUG org.apache.http.wire -- http-outgoing-14 >> "{"email":"test2@example.com","password":"Password123"}"
16:18:48.997 [pool-2-thread-7] DEBUG com.intuit.karate -- request:
2 > POST http://localhost:3000/auth/login
2 > Content-Type: application/json; charset=UTF-8
2 > Content-Length: 54
2 > Host: localhost:3000
2 > Connection: Keep-Alive
2 > User-Agent: Apache-HttpClient/4.5.14 (Java/17.0.9)
2 > Accept-Encoding: gzip,deflate
{"email":"testit3@gmail.com","password":"Password123"}

16:18:48.997 [pool-2-thread-8] DEBUG com.intuit.karate -- request:
2 > POST http://localhost:3000/auth/login
2 > Content-Type: application/json; charset=UTF-8
2 > Content-Length: 54
2 > Host: localhost:3000
2 > Connection: Keep-Alive
2 > User-Agent: Apache-HttpClient/4.5.14 (Java/17.0.9)
2 > Accept-Encoding: gzip,deflate
{"email":"testit5@gmail.com","password":"Password123"}

16:18:48.998 [pool-2-thread-8] DEBUG org.apache.http.impl.conn.PoolingHttpClientConnectionManager -- Connection request: [route: {}->http://localhost:3000][total available: 0; route allocated: 0 of 5; total allocated: 0 of 10]
16:18:48.998 [pool-2-thread-8] DEBUG org.apache.http.impl.conn.PoolingHttpClientConnectionManager -- Connection leased: [id: 16][route: {}->http://localhost:3000][total available: 0; route allocated: 1 of 5; total allocated: 1 of 10]
16:18:48.998 [pool-2-thread-8] DEBUG org.apache.http.impl.execchain.MainClientExec -- Opening connection {}->http://localhost:3000
16:18:48.999 [pool-2-thread-8] DEBUG org.apache.http.impl.conn.DefaultHttpClientConnectionOperator -- Connecting to localhost/127.0.0.1:3000
16:18:48.998 [pool-2-thread-7] DEBUG org.apache.http.impl.conn.PoolingHttpClientConnectionManager -- Connection request: [route: {}->http://localhost:3000][total available: 0; route allocated: 0 of 5; total allocated: 0 of 10]
16:18:48.999 [pool-2-thread-7] DEBUG org.apache.http.impl.conn.PoolingHttpClientConnectionManager -- Connection leased: [id: 17][route: {}->http://localhost:3000][total available: 0; route allocated: 1 of 5; total allocated: 1 of 10]
16:18:48.999 [pool-2-thread-7] DEBUG org.apache.http.impl.execchain.MainClientExec -- Opening connection {}->http://localhost:3000
16:18:48.999 [pool-2-thread-7] DEBUG org.apache.http.impl.conn.DefaultHttpClientConnectionOperator -- Connecting to localhost/127.0.0.1:3000
16:18:48.999 [pool-2-thread-8] DEBUG org.apache.http.impl.conn.DefaultHttpClientConnectionOperator -- Connection established 127.0.0.1:51289<->127.0.0.1:3000
16:18:48.999 [pool-2-thread-8] DEBUG org.apache.http.impl.conn.DefaultManagedHttpClientConnection -- http-outgoing-16: set socket timeout to 30000
16:18:48.999 [pool-2-thread-8] DEBUG org.apache.http.impl.execchain.MainClientExec -- Executing request POST /auth/login HTTP/1.1
16:18:48.999 [pool-2-thread-8] DEBUG org.apache.http.impl.execchain.MainClientExec -- Target auth state: UNCHALLENGED
16:18:48.999 [pool-2-thread-8] DEBUG org.apache.http.impl.execchain.MainClientExec -- Proxy auth state: UNCHALLENGED
16:18:48.999 [pool-2-thread-7] DEBUG org.apache.http.impl.conn.DefaultHttpClientConnectionOperator -- Connection established 127.0.0.1:51290<->127.0.0.1:3000
16:18:48.999 [pool-2-thread-8] DEBUG org.apache.http.headers -- http-outgoing-16 >> POST /auth/login HTTP/1.1
16:18:48.999 [pool-2-thread-7] DEBUG org.apache.http.impl.conn.DefaultManagedHttpClientConnection -- http-outgoing-17: set socket timeout to 30000
16:18:48.999 [pool-2-thread-8] DEBUG org.apache.http.headers -- http-outgoing-16 >> Content-Type: application/json; charset=UTF-8
16:18:48.999 [pool-2-thread-7] DEBUG org.apache.http.impl.execchain.MainClientExec -- Executing request POST /auth/login HTTP/1.1
16:18:48.999 [pool-2-thread-8] DEBUG org.apache.http.headers -- http-outgoing-16 >> Content-Length: 54
16:18:48.999 [pool-2-thread-7] DEBUG org.apache.http.impl.execchain.MainClientExec -- Target auth state: UNCHALLENGED
16:18:48.999 [pool-2-thread-8] DEBUG org.apache.http.headers -- http-outgoing-16 >> Host: localhost:3000
16:18:48.999 [pool-2-thread-8] DEBUG org.apache.http.headers -- http-outgoing-16 >> Connection: Keep-Alive
16:18:48.999 [pool-2-thread-8] DEBUG org.apache.http.headers -- http-outgoing-16 >> User-Agent: Apache-HttpClient/4.5.14 (Java/17.0.9)
16:18:48.999 [pool-2-thread-8] DEBUG org.apache.http.headers -- http-outgoing-16 >> Accept-Encoding: gzip,deflate
16:18:49.000 [pool-2-thread-8] DEBUG org.apache.http.wire -- http-outgoing-16 >> "POST /auth/login HTTP/1.1[\r][\n]"
16:18:49.000 [pool-2-thread-8] DEBUG org.apache.http.wire -- http-outgoing-16 >> "Content-Type: application/json; charset=UTF-8[\r][\n]"
16:18:49.000 [pool-2-thread-8] DEBUG org.apache.http.wire -- http-outgoing-16 >> "Content-Length: 54[\r][\n]"
16:18:49.000 [pool-2-thread-8] DEBUG org.apache.http.wire -- http-outgoing-16 >> "Host: localhost:3000[\r][\n]"
16:18:49.000 [pool-2-thread-8] DEBUG org.apache.http.wire -- http-outgoing-16 >> "Connection: Keep-Alive[\r][\n]"
16:18:48.999 [pool-2-thread-7] DEBUG org.apache.http.impl.execchain.MainClientExec -- Proxy auth state: UNCHALLENGED
16:18:49.000 [pool-2-thread-8] DEBUG org.apache.http.wire -- http-outgoing-16 >> "User-Agent: Apache-HttpClient/4.5.14 (Java/17.0.9)[\r][\n]"
16:18:49.000 [pool-2-thread-8] DEBUG org.apache.http.wire -- http-outgoing-16 >> "Accept-Encoding: gzip,deflate[\r][\n]"
16:18:49.000 [pool-2-thread-8] DEBUG org.apache.http.wire -- http-outgoing-16 >> "[\r][\n]"
16:18:49.000 [pool-2-thread-7] DEBUG org.apache.http.headers -- http-outgoing-17 >> POST /auth/login HTTP/1.1
16:18:49.000 [pool-2-thread-8] DEBUG org.apache.http.wire -- http-outgoing-16 >> "{"email":"testit5@gmail.com","password":"Password123"}"
16:18:49.000 [pool-2-thread-7] DEBUG org.apache.http.headers -- http-outgoing-17 >> Content-Type: application/json; charset=UTF-8
16:18:49.000 [pool-2-thread-7] DEBUG org.apache.http.headers -- http-outgoing-17 >> Content-Length: 54
16:18:49.000 [pool-2-thread-7] DEBUG org.apache.http.headers -- http-outgoing-17 >> Host: localhost:3000
16:18:49.000 [pool-2-thread-7] DEBUG org.apache.http.headers -- http-outgoing-17 >> Connection: Keep-Alive
16:18:49.000 [pool-2-thread-7] DEBUG org.apache.http.headers -- http-outgoing-17 >> User-Agent: Apache-HttpClient/4.5.14 (Java/17.0.9)
16:18:49.000 [pool-2-thread-7] DEBUG org.apache.http.headers -- http-outgoing-17 >> Accept-Encoding: gzip,deflate
16:18:49.000 [pool-2-thread-7] DEBUG org.apache.http.wire -- http-outgoing-17 >> "POST /auth/login HTTP/1.1[\r][\n]"
16:18:49.000 [pool-2-thread-7] DEBUG org.apache.http.wire -- http-outgoing-17 >> "Content-Type: application/json; charset=UTF-8[\r][\n]"
16:18:49.000 [pool-2-thread-7] DEBUG org.apache.http.wire -- http-outgoing-17 >> "Content-Length: 54[\r][\n]"
16:18:49.000 [pool-2-thread-7] DEBUG org.apache.http.wire -- http-outgoing-17 >> "Host: localhost:3000[\r][\n]"
16:18:49.000 [pool-2-thread-7] DEBUG org.apache.http.wire -- http-outgoing-17 >> "Connection: Keep-Alive[\r][\n]"
16:18:49.000 [pool-2-thread-7] DEBUG org.apache.http.wire -- http-outgoing-17 >> "User-Agent: Apache-HttpClient/4.5.14 (Java/17.0.9)[\r][\n]"
16:18:49.000 [pool-2-thread-7] DEBUG org.apache.http.wire -- http-outgoing-17 >> "Accept-Encoding: gzip,deflate[\r][\n]"
16:18:49.000 [pool-2-thread-7] DEBUG org.apache.http.wire -- http-outgoing-17 >> "[\r][\n]"
16:18:49.000 [pool-2-thread-7] DEBUG org.apache.http.wire -- http-outgoing-17 >> "{"email":"testit3@gmail.com","password":"Password123"}"
16:18:49.044 [pool-2-thread-6] DEBUG org.apache.http.wire -- http-outgoing-8 << "HTTP/1.1 200 OK[\r][\n]"
16:18:49.044 [pool-2-thread-6] DEBUG org.apache.http.wire -- http-outgoing-8 << "X-Powered-By: Express[\r][\n]"
16:18:49.044 [pool-2-thread-6] DEBUG org.apache.http.wire -- http-outgoing-8 << "Access-Control-Allow-Origin: *[\r][\n]"
16:18:49.044 [pool-2-thread-6] DEBUG org.apache.http.wire -- http-outgoing-8 << "Content-Type: application/json; charset=utf-8[\r][\n]"
16:18:49.045 [pool-2-thread-6] DEBUG org.apache.http.wire -- http-outgoing-8 << "Content-Length: 607[\r][\n]"
16:18:49.045 [pool-2-thread-6] DEBUG org.apache.http.wire -- http-outgoing-8 << "ETag: W/"25f-EXAKhBphd1BVDmad21R7LXemQ08"[\r][\n]"
16:18:49.045 [pool-2-thread-6] DEBUG org.apache.http.wire -- http-outgoing-8 << "Date: Tue, 24 Jun 2025 09:18:49 GMT[\r][\n]"
16:18:49.045 [pool-2-thread-6] DEBUG org.apache.http.wire -- http-outgoing-8 << "Connection: keep-alive[\r][\n]"
16:18:49.045 [pool-2-thread-6] DEBUG org.apache.http.wire -- http-outgoing-8 << "Keep-Alive: timeout=5[\r][\n]"
16:18:49.045 [pool-2-thread-6] DEBUG org.apache.http.wire -- http-outgoing-8 << "[\r][\n]"
16:18:49.045 [pool-2-thread-6] DEBUG org.apache.http.wire -- http-outgoing-8 << "{"access_token":"eyJhbGciOiJIUzI1NiIsInR5cCI6IkpXVCJ9.eyJzdWIiOiI5YTI2OTc2Yy0xNTMyLTRkZjMtYTE2ZS03NjMxNTI1Yzg1MDIiLCJ1c2VybmFtZSI6ImpvaG5kb2UyZDUiLCJyb2xlIjowLCJpYXQiOjE3NTA3NTY3MjgsImV4cCI6MTc1MDc2MDMyOH0.Q971ogkieLFA6ZE7DjtZb5vN0hyPANlCQU015zE7_78","refresh_token":"c0685d960693a715e6447324dbc36eeb091a6d01e945f548ca81a42f8513fd4d","user":{"id":"9a26976c-1532-4df3-a16e-7631525c8502","email":"testit4@gmail.com","username":"johndoe2d5","name":"John Doe","phoneNumber":"0123456212","profilePic":null,"bio":null,"private":false,"verified":false,"role":0,"followersCount":0,"followingCount":0,"postCount":0}}"
16:18:49.045 [pool-2-thread-6] DEBUG org.apache.http.headers -- http-outgoing-8 << HTTP/1.1 200 OK
16:18:49.045 [pool-2-thread-6] DEBUG org.apache.http.headers -- http-outgoing-8 << X-Powered-By: Express
16:18:49.045 [pool-2-thread-6] DEBUG org.apache.http.headers -- http-outgoing-8 << Access-Control-Allow-Origin: *
16:18:49.045 [pool-2-thread-6] DEBUG org.apache.http.headers -- http-outgoing-8 << Content-Type: application/json; charset=utf-8
16:18:49.045 [pool-2-thread-6] DEBUG org.apache.http.headers -- http-outgoing-8 << Content-Length: 607
16:18:49.045 [pool-2-thread-6] DEBUG org.apache.http.headers -- http-outgoing-8 << ETag: W/"25f-EXAKhBphd1BVDmad21R7LXemQ08"
16:18:49.045 [pool-2-thread-6] DEBUG org.apache.http.headers -- http-outgoing-8 << Date: Tue, 24 Jun 2025 09:18:49 GMT
16:18:49.045 [pool-2-thread-6] DEBUG org.apache.http.headers -- http-outgoing-8 << Connection: keep-alive
16:18:49.045 [pool-2-thread-6] DEBUG org.apache.http.headers -- http-outgoing-8 << Keep-Alive: timeout=5
16:18:49.046 [pool-2-thread-6] DEBUG org.apache.http.impl.execchain.MainClientExec -- Connection can be kept alive for 5000 MILLISECONDS
16:18:49.046 [pool-2-thread-6] DEBUG org.apache.http.impl.conn.PoolingHttpClientConnectionManager -- Connection [id: 2][route: {}->http://localhost:3000] can be kept alive for 5.0 seconds
16:18:49.046 [pool-2-thread-6] DEBUG org.apache.http.impl.conn.DefaultManagedHttpClientConnection -- http-outgoing-8: set socket timeout to 0
16:18:49.046 [pool-2-thread-6] DEBUG org.apache.http.impl.conn.PoolingHttpClientConnectionManager -- Connection released: [id: 2][route: {}->http://localhost:3000][total available: 1; route allocated: 1 of 5; total allocated: 1 of 10]
16:18:49.046 [pool-2-thread-6] DEBUG org.apache.http.impl.conn.PoolingHttpClientConnectionManager -- Connection manager is shutting down
16:18:49.047 [pool-2-thread-6] DEBUG org.apache.http.impl.conn.DefaultManagedHttpClientConnection -- http-outgoing-8: Close connection
16:18:49.047 [pool-2-thread-9] DEBUG org.apache.http.wire -- http-outgoing-5 << "HTTP/1.1 200 OK[\r][\n]"
16:18:49.047 [pool-2-thread-9] DEBUG org.apache.http.wire -- http-outgoing-5 << "X-Powered-By: Express[\r][\n]"
16:18:49.047 [pool-2-thread-6] DEBUG org.apache.http.impl.conn.PoolingHttpClientConnectionManager -- Connection manager shut down
16:18:49.047 [pool-2-thread-9] DEBUG org.apache.http.wire -- http-outgoing-5 << "Access-Control-Allow-Origin: *[\r][\n]"
16:18:49.047 [pool-2-thread-9] DEBUG org.apache.http.wire -- http-outgoing-5 << "Content-Type: application/json; charset=utf-8[\r][\n]"
16:18:49.047 [pool-2-thread-9] DEBUG org.apache.http.wire -- http-outgoing-5 << "Content-Length: 604[\r][\n]"
16:18:49.047 [pool-2-thread-9] DEBUG org.apache.http.wire -- http-outgoing-5 << "ETag: W/"25c-RGQTnC+uSlmSM34Ihx0aMBWckVM"[\r][\n]"
16:18:49.047 [pool-2-thread-9] DEBUG org.apache.http.wire -- http-outgoing-5 << "Date: Tue, 24 Jun 2025 09:18:49 GMT[\r][\n]"
16:18:49.047 [pool-2-thread-9] DEBUG org.apache.http.wire -- http-outgoing-5 << "Connection: keep-alive[\r][\n]"
16:18:49.047 [pool-2-thread-9] DEBUG org.apache.http.wire -- http-outgoing-5 << "Keep-Alive: timeout=5[\r][\n]"
16:18:49.047 [pool-2-thread-9] DEBUG org.apache.http.wire -- http-outgoing-5 << "[\r][\n]"
16:18:49.047 [pool-2-thread-9] DEBUG org.apache.http.wire -- http-outgoing-5 << "{"access_token":"eyJhbGciOiJIUzI1NiIsInR5cCI6IkpXVCJ9.eyJzdWIiOiJkZjZmMDkxOS1hMjNkLTQ0YzktYTkyNS00ZWE4YmU1MjVkMTAiLCJ1c2VybmFtZSI6ImpvaG5kb2UyMyIsInJvbGUiOjAsImlhdCI6MTc1MDc1NjcyOCwiZXhwIjoxNzUwNzYwMzI4fQ.-45Ujg-2ikg9d_BccFcZn9_OYb1sYHskrL-YR75Uqmo","refresh_token":"611abad2592fa4472bf957b8492ad408ad0c1b7c6cdce03d96273de0b0b2e633","user":{"id":"df6f0919-a23d-44c9-a925-4ea8be525d10","email":"testit@gmail.com","username":"johndoe23","name":"John Doe","phoneNumber":"0123456788","profilePic":null,"bio":null,"private":false,"verified":false,"role":0,"followersCount":0,"followingCount":0,"postCount":0}}"
16:18:49.047 [pool-2-thread-6] DEBUG com.intuit.karate -- response time in milliseconds: 510
1 < 200
1 < X-Powered-By: Express
1 < Access-Control-Allow-Origin: *
1 < Content-Type: application/json; charset=utf-8
1 < Content-Length: 607
1 < ETag: W/"25f-EXAKhBphd1BVDmad21R7LXemQ08"
1 < Date: Tue, 24 Jun 2025 09:18:49 GMT
1 < Connection: keep-alive
1 < Keep-Alive: timeout=5
{"access_token":"eyJhbGciOiJIUzI1NiIsInR5cCI6IkpXVCJ9.eyJzdWIiOiI5YTI2OTc2Yy0xNTMyLTRkZjMtYTE2ZS03NjMxNTI1Yzg1MDIiLCJ1c2VybmFtZSI6ImpvaG5kb2UyZDUiLCJyb2xlIjowLCJpYXQiOjE3NTA3NTY3MjgsImV4cCI6MTc1MDc2MDMyOH0.Q971ogkieLFA6ZE7DjtZb5vN0hyPANlCQU015zE7_78","refresh_token":"c0685d960693a715e6447324dbc36eeb091a6d01e945f548ca81a42f8513fd4d","user":{"id":"9a26976c-1532-4df3-a16e-7631525c8502","email":"testit4@gmail.com","username":"johndoe2d5","name":"John Doe","phoneNumber":"0123456212","profilePic":null,"bio":null,"private":false,"verified":false,"role":0,"followersCount":0,"followingCount":0,"postCount":0}}

16:18:49.047 [pool-2-thread-9] DEBUG org.apache.http.headers -- http-outgoing-5 << HTTP/1.1 200 OK
16:18:49.047 [pool-2-thread-9] DEBUG org.apache.http.headers -- http-outgoing-5 << X-Powered-By: Express
16:18:49.047 [pool-2-thread-9] DEBUG org.apache.http.headers -- http-outgoing-5 << Access-Control-Allow-Origin: *
16:18:49.047 [pool-2-thread-9] DEBUG org.apache.http.headers -- http-outgoing-5 << Content-Type: application/json; charset=utf-8
16:18:49.047 [pool-2-thread-9] DEBUG org.apache.http.headers -- http-outgoing-5 << Content-Length: 604
16:18:49.047 [pool-2-thread-9] DEBUG org.apache.http.headers -- http-outgoing-5 << ETag: W/"25c-RGQTnC+uSlmSM34Ihx0aMBWckVM"
16:18:49.047 [pool-2-thread-9] DEBUG org.apache.http.headers -- http-outgoing-5 << Date: Tue, 24 Jun 2025 09:18:49 GMT
16:18:49.047 [pool-2-thread-9] DEBUG org.apache.http.headers -- http-outgoing-5 << Connection: keep-alive
16:18:49.047 [pool-2-thread-9] DEBUG org.apache.http.headers -- http-outgoing-5 << Keep-Alive: timeout=5
16:18:49.048 [pool-2-thread-9] DEBUG org.apache.http.impl.execchain.MainClientExec -- Connection can be kept alive for 5000 MILLISECONDS
16:18:49.048 [pool-2-thread-9] DEBUG org.apache.http.impl.conn.PoolingHttpClientConnectionManager -- Connection [id: 0][route: {}->http://localhost:3000] can be kept alive for 5.0 seconds
16:18:49.048 [pool-2-thread-9] DEBUG org.apache.http.impl.conn.DefaultManagedHttpClientConnection -- http-outgoing-5: set socket timeout to 0
16:18:49.048 [pool-2-thread-9] DEBUG org.apache.http.impl.conn.PoolingHttpClientConnectionManager -- Connection released: [id: 0][route: {}->http://localhost:3000][total available: 1; route allocated: 1 of 5; total allocated: 1 of 10]
16:18:49.048 [pool-2-thread-9] DEBUG org.apache.http.impl.conn.PoolingHttpClientConnectionManager -- Connection manager is shutting down
16:18:49.048 [pool-2-thread-9] DEBUG org.apache.http.impl.conn.DefaultManagedHttpClientConnection -- http-outgoing-5: Close connection
16:18:49.049 [pool-2-thread-9] DEBUG org.apache.http.impl.conn.PoolingHttpClientConnectionManager -- Connection manager shut down
16:18:49.049 [pool-2-thread-9] DEBUG com.intuit.karate -- response time in milliseconds: 512
1 < 200
1 < X-Powered-By: Express
1 < Access-Control-Allow-Origin: *
1 < Content-Type: application/json; charset=utf-8
1 < Content-Length: 604
1 < ETag: W/"25c-RGQTnC+uSlmSM34Ihx0aMBWckVM"
1 < Date: Tue, 24 Jun 2025 09:18:49 GMT
1 < Connection: keep-alive
1 < Keep-Alive: timeout=5
{"access_token":"eyJhbGciOiJIUzI1NiIsInR5cCI6IkpXVCJ9.eyJzdWIiOiJkZjZmMDkxOS1hMjNkLTQ0YzktYTkyNS00ZWE4YmU1MjVkMTAiLCJ1c2VybmFtZSI6ImpvaG5kb2UyMyIsInJvbGUiOjAsImlhdCI6MTc1MDc1NjcyOCwiZXhwIjoxNzUwNzYwMzI4fQ.-45Ujg-2ikg9d_BccFcZn9_OYb1sYHskrL-YR75Uqmo","refresh_token":"611abad2592fa4472bf957b8492ad408ad0c1b7c6cdce03d96273de0b0b2e633","user":{"id":"df6f0919-a23d-44c9-a925-4ea8be525d10","email":"testit@gmail.com","username":"johndoe23","name":"John Doe","phoneNumber":"0123456788","profilePic":null,"bio":null,"private":false,"verified":false,"role":0,"followersCount":0,"followingCount":0,"postCount":0}}

16:18:49.051 [pool-2-thread-9] INFO com.intuit.karate -- [print] Call 1 completed, status: 200 
16:18:49.053 [pool-2-thread-9] INFO com.intuit.karate -- [print] *** API CALL 2 *** 
16:18:49.052 [pool-2-thread-6] INFO com.intuit.karate -- [print] Call 1 completed, status: 200 
16:18:49.056 [pool-2-thread-9] DEBUG org.apache.http.client.protocol.RequestAddCookies -- CookieSpec selected: karate
16:18:49.056 [pool-2-thread-9] DEBUG org.apache.http.client.protocol.RequestAuthCache -- Auth cache not set in the context
16:18:49.056 [pool-2-thread-9] DEBUG com.intuit.karate -- request:
2 > POST http://localhost:3000/auth/login
2 > Content-Type: application/json; charset=UTF-8
2 > Content-Length: 53
2 > Host: localhost:3000
2 > Connection: Keep-Alive
2 > User-Agent: Apache-HttpClient/4.5.14 (Java/17.0.9)
2 > Accept-Encoding: gzip,deflate
{"email":"testit@gmail.com","password":"Password123"}

16:18:49.057 [pool-2-thread-9] DEBUG org.apache.http.impl.conn.PoolingHttpClientConnectionManager -- Connection request: [route: {}->http://localhost:3000][total available: 0; route allocated: 0 of 5; total allocated: 0 of 10]
16:18:49.057 [pool-2-thread-9] DEBUG org.apache.http.impl.conn.PoolingHttpClientConnectionManager -- Connection leased: [id: 18][route: {}->http://localhost:3000][total available: 0; route allocated: 1 of 5; total allocated: 1 of 10]
16:18:49.057 [pool-2-thread-9] DEBUG org.apache.http.impl.execchain.MainClientExec -- Opening connection {}->http://localhost:3000
16:18:49.057 [pool-2-thread-9] DEBUG org.apache.http.impl.conn.DefaultHttpClientConnectionOperator -- Connecting to localhost/127.0.0.1:3000
16:18:49.059 [pool-2-thread-9] DEBUG org.apache.http.impl.conn.DefaultHttpClientConnectionOperator -- Connection established 127.0.0.1:51291<->127.0.0.1:3000
16:18:49.059 [pool-2-thread-9] DEBUG org.apache.http.impl.conn.DefaultManagedHttpClientConnection -- http-outgoing-18: set socket timeout to 30000
16:18:49.059 [pool-2-thread-9] DEBUG org.apache.http.impl.execchain.MainClientExec -- Executing request POST /auth/login HTTP/1.1
16:18:49.059 [pool-2-thread-9] DEBUG org.apache.http.impl.execchain.MainClientExec -- Target auth state: UNCHALLENGED
16:18:49.059 [pool-2-thread-9] DEBUG org.apache.http.impl.execchain.MainClientExec -- Proxy auth state: UNCHALLENGED
16:18:49.059 [pool-2-thread-6] INFO com.intuit.karate -- [print] *** API CALL 2 *** 
16:18:49.059 [pool-2-thread-9] DEBUG org.apache.http.headers -- http-outgoing-18 >> POST /auth/login HTTP/1.1
16:18:49.059 [pool-2-thread-9] DEBUG org.apache.http.headers -- http-outgoing-18 >> Content-Type: application/json; charset=UTF-8
16:18:49.059 [pool-2-thread-9] DEBUG org.apache.http.headers -- http-outgoing-18 >> Content-Length: 53
16:18:49.059 [pool-2-thread-9] DEBUG org.apache.http.headers -- http-outgoing-18 >> Host: localhost:3000
16:18:49.059 [pool-2-thread-9] DEBUG org.apache.http.headers -- http-outgoing-18 >> Connection: Keep-Alive
16:18:49.059 [pool-2-thread-9] DEBUG org.apache.http.headers -- http-outgoing-18 >> User-Agent: Apache-HttpClient/4.5.14 (Java/17.0.9)
16:18:49.059 [pool-2-thread-9] DEBUG org.apache.http.headers -- http-outgoing-18 >> Accept-Encoding: gzip,deflate
16:18:49.059 [pool-2-thread-9] DEBUG org.apache.http.wire -- http-outgoing-18 >> "POST /auth/login HTTP/1.1[\r][\n]"
16:18:49.059 [pool-2-thread-9] DEBUG org.apache.http.wire -- http-outgoing-18 >> "Content-Type: application/json; charset=UTF-8[\r][\n]"
16:18:49.059 [pool-2-thread-9] DEBUG org.apache.http.wire -- http-outgoing-18 >> "Content-Length: 53[\r][\n]"
16:18:49.059 [pool-2-thread-9] DEBUG org.apache.http.wire -- http-outgoing-18 >> "Host: localhost:3000[\r][\n]"
16:18:49.059 [pool-2-thread-9] DEBUG org.apache.http.wire -- http-outgoing-18 >> "Connection: Keep-Alive[\r][\n]"
16:18:49.059 [pool-2-thread-9] DEBUG org.apache.http.wire -- http-outgoing-18 >> "User-Agent: Apache-HttpClient/4.5.14 (Java/17.0.9)[\r][\n]"
16:18:49.059 [pool-2-thread-9] DEBUG org.apache.http.wire -- http-outgoing-18 >> "Accept-Encoding: gzip,deflate[\r][\n]"
16:18:49.059 [pool-2-thread-9] DEBUG org.apache.http.wire -- http-outgoing-18 >> "[\r][\n]"
16:18:49.059 [pool-2-thread-9] DEBUG org.apache.http.wire -- http-outgoing-18 >> "{"email":"testit@gmail.com","password":"Password123"}"
16:18:49.062 [pool-2-thread-6] DEBUG org.apache.http.client.protocol.RequestAddCookies -- CookieSpec selected: karate
16:18:49.062 [pool-2-thread-6] DEBUG org.apache.http.client.protocol.RequestAuthCache -- Auth cache not set in the context
16:18:49.062 [pool-2-thread-6] DEBUG com.intuit.karate -- request:
2 > POST http://localhost:3000/auth/login
2 > Content-Type: application/json; charset=UTF-8
2 > Content-Length: 54
2 > Host: localhost:3000
2 > Connection: Keep-Alive
2 > User-Agent: Apache-HttpClient/4.5.14 (Java/17.0.9)
2 > Accept-Encoding: gzip,deflate
{"email":"testit4@gmail.com","password":"Password123"}

16:18:49.063 [pool-2-thread-6] DEBUG org.apache.http.impl.conn.PoolingHttpClientConnectionManager -- Connection request: [route: {}->http://localhost:3000][total available: 0; route allocated: 0 of 5; total allocated: 0 of 10]
16:18:49.063 [pool-2-thread-6] DEBUG org.apache.http.impl.conn.PoolingHttpClientConnectionManager -- Connection leased: [id: 19][route: {}->http://localhost:3000][total available: 0; route allocated: 1 of 5; total allocated: 1 of 10]
16:18:49.063 [pool-2-thread-6] DEBUG org.apache.http.impl.execchain.MainClientExec -- Opening connection {}->http://localhost:3000
16:18:49.063 [pool-2-thread-6] DEBUG org.apache.http.impl.conn.DefaultHttpClientConnectionOperator -- Connecting to localhost/127.0.0.1:3000
16:18:49.064 [pool-2-thread-6] DEBUG org.apache.http.impl.conn.DefaultHttpClientConnectionOperator -- Connection established 127.0.0.1:51292<->127.0.0.1:3000
16:18:49.064 [pool-2-thread-6] DEBUG org.apache.http.impl.conn.DefaultManagedHttpClientConnection -- http-outgoing-19: set socket timeout to 30000
16:18:49.064 [pool-2-thread-6] DEBUG org.apache.http.impl.execchain.MainClientExec -- Executing request POST /auth/login HTTP/1.1
16:18:49.064 [pool-2-thread-6] DEBUG org.apache.http.impl.execchain.MainClientExec -- Target auth state: UNCHALLENGED
16:18:49.064 [pool-2-thread-6] DEBUG org.apache.http.impl.execchain.MainClientExec -- Proxy auth state: UNCHALLENGED
16:18:49.064 [pool-2-thread-6] DEBUG org.apache.http.headers -- http-outgoing-19 >> POST /auth/login HTTP/1.1
16:18:49.064 [pool-2-thread-6] DEBUG org.apache.http.headers -- http-outgoing-19 >> Content-Type: application/json; charset=UTF-8
16:18:49.064 [pool-2-thread-6] DEBUG org.apache.http.headers -- http-outgoing-19 >> Content-Length: 54
16:18:49.064 [pool-2-thread-6] DEBUG org.apache.http.headers -- http-outgoing-19 >> Host: localhost:3000
16:18:49.064 [pool-2-thread-6] DEBUG org.apache.http.headers -- http-outgoing-19 >> Connection: Keep-Alive
16:18:49.064 [pool-2-thread-6] DEBUG org.apache.http.headers -- http-outgoing-19 >> User-Agent: Apache-HttpClient/4.5.14 (Java/17.0.9)
16:18:49.064 [pool-2-thread-6] DEBUG org.apache.http.headers -- http-outgoing-19 >> Accept-Encoding: gzip,deflate
16:18:49.064 [pool-2-thread-6] DEBUG org.apache.http.wire -- http-outgoing-19 >> "POST /auth/login HTTP/1.1[\r][\n]"
16:18:49.064 [pool-2-thread-6] DEBUG org.apache.http.wire -- http-outgoing-19 >> "Content-Type: application/json; charset=UTF-8[\r][\n]"
16:18:49.064 [pool-2-thread-6] DEBUG org.apache.http.wire -- http-outgoing-19 >> "Content-Length: 54[\r][\n]"
16:18:49.064 [pool-2-thread-6] DEBUG org.apache.http.wire -- http-outgoing-19 >> "Host: localhost:3000[\r][\n]"
16:18:49.064 [pool-2-thread-6] DEBUG org.apache.http.wire -- http-outgoing-19 >> "Connection: Keep-Alive[\r][\n]"
16:18:49.064 [pool-2-thread-6] DEBUG org.apache.http.wire -- http-outgoing-19 >> "User-Agent: Apache-HttpClient/4.5.14 (Java/17.0.9)[\r][\n]"
16:18:49.064 [pool-2-thread-6] DEBUG org.apache.http.wire -- http-outgoing-19 >> "Accept-Encoding: gzip,deflate[\r][\n]"
16:18:49.065 [pool-2-thread-6] DEBUG org.apache.http.wire -- http-outgoing-19 >> "[\r][\n]"
16:18:49.065 [pool-2-thread-6] DEBUG org.apache.http.wire -- http-outgoing-19 >> "{"email":"testit4@gmail.com","password":"Password123"}"
16:18:49.707 [pool-2-thread-10] DEBUG org.apache.http.wire -- http-outgoing-12 << "HTTP/1.1 200 OK[\r][\n]"
16:18:49.709 [pool-2-thread-10] DEBUG org.apache.http.wire -- http-outgoing-12 << "X-Powered-By: Express[\r][\n]"
16:18:49.709 [pool-2-thread-10] DEBUG org.apache.http.wire -- http-outgoing-12 << "Access-Control-Allow-Origin: *[\r][\n]"
16:18:49.709 [pool-2-thread-10] DEBUG org.apache.http.wire -- http-outgoing-12 << "Content-Type: application/json; charset=utf-8[\r][\n]"
16:18:49.709 [pool-2-thread-10] DEBUG org.apache.http.wire -- http-outgoing-12 << "Content-Length: 605[\r][\n]"
16:18:49.709 [pool-2-thread-10] DEBUG org.apache.http.wire -- http-outgoing-12 << "ETag: W/"25d-nQAum78ocauA8ZfbdjTckA/V9Rg"[\r][\n]"
16:18:49.709 [pool-2-thread-10] DEBUG org.apache.http.wire -- http-outgoing-12 << "Date: Tue, 24 Jun 2025 09:18:49 GMT[\r][\n]"
16:18:49.709 [pool-2-thread-10] DEBUG org.apache.http.wire -- http-outgoing-12 << "Connection: keep-alive[\r][\n]"
16:18:49.709 [pool-2-thread-10] DEBUG org.apache.http.wire -- http-outgoing-12 << "Keep-Alive: timeout=5[\r][\n]"
16:18:49.709 [pool-2-thread-10] DEBUG org.apache.http.wire -- http-outgoing-12 << "[\r][\n]"
16:18:49.709 [pool-2-thread-10] DEBUG org.apache.http.wire -- http-outgoing-12 << "{"access_token":"eyJhbGciOiJIUzI1NiIsInR5cCI6IkpXVCJ9.eyJzdWIiOiIwYTM3ZWY0My1mZWU4LTQxZDMtYTY4Ni04YWIwODY5NDg2OTUiLCJ1c2VybmFtZSI6ImpvaG5kb2UyMSIsInJvbGUiOjAsImlhdCI6MTc1MDc1NjcyOSwiZXhwIjoxNzUwNzYwMzI5fQ.Q4DAajHS9Dg7Fv8R6nvEyhVjRal0amHlQDrh08vA_Os","refresh_token":"7dc40109028c4c4aa08b09cbb456ca9da15298236caed6a9d2e1ffc9f7519c53","user":{"id":"0a37ef43-fee8-41d3-a686-8ab086948695","email":"testit2@gmail.com","username":"johndoe21","name":"John Doe","phoneNumber":"0123456712","profilePic":null,"bio":null,"private":false,"verified":false,"role":0,"followersCount":0,"followingCount":0,"postCount":0}}"
16:18:49.709 [pool-2-thread-10] DEBUG org.apache.http.headers -- http-outgoing-12 << HTTP/1.1 200 OK
16:18:49.709 [pool-2-thread-10] DEBUG org.apache.http.headers -- http-outgoing-12 << X-Powered-By: Express
16:18:49.709 [pool-2-thread-10] DEBUG org.apache.http.headers -- http-outgoing-12 << Access-Control-Allow-Origin: *
16:18:49.709 [pool-2-thread-10] DEBUG org.apache.http.headers -- http-outgoing-12 << Content-Type: application/json; charset=utf-8
16:18:49.709 [pool-2-thread-10] DEBUG org.apache.http.headers -- http-outgoing-12 << Content-Length: 605
16:18:49.709 [pool-2-thread-10] DEBUG org.apache.http.headers -- http-outgoing-12 << ETag: W/"25d-nQAum78ocauA8ZfbdjTckA/V9Rg"
16:18:49.709 [pool-2-thread-10] DEBUG org.apache.http.headers -- http-outgoing-12 << Date: Tue, 24 Jun 2025 09:18:49 GMT
16:18:49.709 [pool-2-thread-10] DEBUG org.apache.http.headers -- http-outgoing-12 << Connection: keep-alive
16:18:49.709 [pool-2-thread-10] DEBUG org.apache.http.headers -- http-outgoing-12 << Keep-Alive: timeout=5
16:18:49.710 [pool-2-thread-10] DEBUG org.apache.http.impl.execchain.MainClientExec -- Connection can be kept alive for 5000 MILLISECONDS
16:18:49.710 [pool-2-thread-10] DEBUG org.apache.http.impl.conn.PoolingHttpClientConnectionManager -- Connection [id: 12][route: {}->http://localhost:3000] can be kept alive for 5.0 seconds
16:18:49.710 [pool-2-thread-10] DEBUG org.apache.http.impl.conn.DefaultManagedHttpClientConnection -- http-outgoing-12: set socket timeout to 0
16:18:49.710 [pool-2-thread-10] DEBUG org.apache.http.impl.conn.PoolingHttpClientConnectionManager -- Connection released: [id: 12][route: {}->http://localhost:3000][total available: 1; route allocated: 1 of 5; total allocated: 1 of 10]
16:18:49.710 [pool-2-thread-10] DEBUG org.apache.http.impl.conn.PoolingHttpClientConnectionManager -- Connection manager is shutting down
16:18:49.710 [pool-2-thread-10] DEBUG org.apache.http.impl.conn.DefaultManagedHttpClientConnection -- http-outgoing-12: Close connection
16:18:49.710 [pool-2-thread-10] DEBUG org.apache.http.impl.conn.PoolingHttpClientConnectionManager -- Connection manager shut down
16:18:49.710 [pool-2-thread-10] DEBUG com.intuit.karate -- response time in milliseconds: 784
2 < 200
2 < X-Powered-By: Express
2 < Access-Control-Allow-Origin: *
2 < Content-Type: application/json; charset=utf-8
2 < Content-Length: 605
2 < ETag: W/"25d-nQAum78ocauA8ZfbdjTckA/V9Rg"
2 < Date: Tue, 24 Jun 2025 09:18:49 GMT
2 < Connection: keep-alive
2 < Keep-Alive: timeout=5
{"access_token":"eyJhbGciOiJIUzI1NiIsInR5cCI6IkpXVCJ9.eyJzdWIiOiIwYTM3ZWY0My1mZWU4LTQxZDMtYTY4Ni04YWIwODY5NDg2OTUiLCJ1c2VybmFtZSI6ImpvaG5kb2UyMSIsInJvbGUiOjAsImlhdCI6MTc1MDc1NjcyOSwiZXhwIjoxNzUwNzYwMzI5fQ.Q4DAajHS9Dg7Fv8R6nvEyhVjRal0amHlQDrh08vA_Os","refresh_token":"7dc40109028c4c4aa08b09cbb456ca9da15298236caed6a9d2e1ffc9f7519c53","user":{"id":"0a37ef43-fee8-41d3-a686-8ab086948695","email":"testit2@gmail.com","username":"johndoe21","name":"John Doe","phoneNumber":"0123456712","profilePic":null,"bio":null,"private":false,"verified":false,"role":0,"followersCount":0,"followingCount":0,"postCount":0}}

16:18:49.714 [pool-2-thread-10] INFO com.intuit.karate -- [print] Call 2 completed, status: 200 
16:18:49.714 [pool-2-thread-3] DEBUG org.apache.http.wire -- http-outgoing-10 << "HTTP/1.1 200 OK[\r][\n]"
16:18:49.714 [pool-2-thread-3] DEBUG org.apache.http.wire -- http-outgoing-10 << "X-Powered-By: Express[\r][\n]"
16:18:49.714 [pool-2-thread-3] DEBUG org.apache.http.wire -- http-outgoing-10 << "Access-Control-Allow-Origin: *[\r][\n]"
16:18:49.714 [pool-2-thread-3] DEBUG org.apache.http.wire -- http-outgoing-10 << "Content-Type: application/json; charset=utf-8[\r][\n]"
16:18:49.714 [pool-2-thread-3] DEBUG org.apache.http.wire -- http-outgoing-10 << "Content-Length: 599[\r][\n]"
16:18:49.714 [pool-2-thread-3] DEBUG org.apache.http.wire -- http-outgoing-10 << "ETag: W/"257-sEDUNtRCIirDl28Av91PMi+DrN8"[\r][\n]"
16:18:49.714 [pool-2-thread-3] DEBUG org.apache.http.wire -- http-outgoing-10 << "Date: Tue, 24 Jun 2025 09:18:49 GMT[\r][\n]"
16:18:49.714 [pool-2-thread-3] DEBUG org.apache.http.wire -- http-outgoing-10 << "Connection: keep-alive[\r][\n]"
16:18:49.714 [pool-2-thread-3] DEBUG org.apache.http.wire -- http-outgoing-10 << "Keep-Alive: timeout=5[\r][\n]"
16:18:49.714 [pool-2-thread-3] DEBUG org.apache.http.wire -- http-outgoing-10 << "[\r][\n]"
16:18:49.714 [pool-2-thread-3] DEBUG org.apache.http.wire -- http-outgoing-10 << "{"access_token":"eyJhbGciOiJIUzI1NiIsInR5cCI6IkpXVCJ9.eyJzdWIiOiIyZGRhMDQzOS01MTgwLTQ1YWEtOTE3Zi1lNjMyZTQ1YThlNDEiLCJ1c2VybmFtZSI6ImpvaG5kb2UiLCJyb2xlIjowLCJpYXQiOjE3NTA3NTY3MjksImV4cCI6MTc1MDc2MDMyOX0.epy3yBSqlV8APw6UAN2e27Ghx7wB-WygoZuUBf9zWA0","refresh_token":"691ffc1d6b7a7cef3454f42d268b7431fb9c805ea41511fee24c2e35961947e6","user":{"id":"2dda0439-5180-45aa-917f-e632e45a8e41","email":"test@example.com","username":"johndoe","name":"John Doe","phoneNumber":"0987654321","profilePic":null,"bio":null,"private":false,"verified":false,"role":0,"followersCount":0,"followingCount":0,"postCount":0}}"
16:18:49.715 [pool-2-thread-3] DEBUG org.apache.http.headers -- http-outgoing-10 << HTTP/1.1 200 OK
16:18:49.715 [pool-2-thread-3] DEBUG org.apache.http.headers -- http-outgoing-10 << X-Powered-By: Express
16:18:49.715 [pool-2-thread-3] DEBUG org.apache.http.headers -- http-outgoing-10 << Access-Control-Allow-Origin: *
16:18:49.715 [pool-2-thread-3] DEBUG org.apache.http.headers -- http-outgoing-10 << Content-Type: application/json; charset=utf-8
16:18:49.715 [pool-2-thread-3] DEBUG org.apache.http.headers -- http-outgoing-10 << Content-Length: 599
16:18:49.715 [pool-2-thread-3] DEBUG org.apache.http.headers -- http-outgoing-10 << ETag: W/"257-sEDUNtRCIirDl28Av91PMi+DrN8"
16:18:49.715 [pool-2-thread-3] DEBUG org.apache.http.headers -- http-outgoing-10 << Date: Tue, 24 Jun 2025 09:18:49 GMT
16:18:49.715 [pool-2-thread-3] DEBUG org.apache.http.headers -- http-outgoing-10 << Connection: keep-alive
16:18:49.715 [pool-2-thread-3] DEBUG org.apache.http.headers -- http-outgoing-10 << Keep-Alive: timeout=5
16:18:49.715 [pool-2-thread-3] DEBUG org.apache.http.impl.execchain.MainClientExec -- Connection can be kept alive for 5000 MILLISECONDS
16:18:49.715 [pool-2-thread-3] DEBUG org.apache.http.impl.conn.PoolingHttpClientConnectionManager -- Connection [id: 11][route: {}->http://localhost:3000] can be kept alive for 5.0 seconds
16:18:49.715 [pool-2-thread-3] DEBUG org.apache.http.impl.conn.DefaultManagedHttpClientConnection -- http-outgoing-10: set socket timeout to 0
16:18:49.715 [pool-2-thread-3] DEBUG org.apache.http.impl.conn.PoolingHttpClientConnectionManager -- Connection released: [id: 11][route: {}->http://localhost:3000][total available: 1; route allocated: 1 of 5; total allocated: 1 of 10]
16:18:49.715 [pool-2-thread-3] DEBUG org.apache.http.impl.conn.PoolingHttpClientConnectionManager -- Connection manager is shutting down
16:18:49.715 [pool-2-thread-3] DEBUG org.apache.http.impl.conn.DefaultManagedHttpClientConnection -- http-outgoing-10: Close connection
16:18:49.715 [pool-2-thread-3] DEBUG org.apache.http.impl.conn.PoolingHttpClientConnectionManager -- Connection manager shut down
16:18:49.715 [pool-2-thread-10] INFO com.intuit.karate -- [print] *** API CALL 3 *** 
16:18:49.715 [pool-2-thread-3] DEBUG com.intuit.karate -- response time in milliseconds: 789
2 < 200
2 < X-Powered-By: Express
2 < Access-Control-Allow-Origin: *
2 < Content-Type: application/json; charset=utf-8
2 < Content-Length: 599
2 < ETag: W/"257-sEDUNtRCIirDl28Av91PMi+DrN8"
2 < Date: Tue, 24 Jun 2025 09:18:49 GMT
2 < Connection: keep-alive
2 < Keep-Alive: timeout=5
{"access_token":"eyJhbGciOiJIUzI1NiIsInR5cCI6IkpXVCJ9.eyJzdWIiOiIyZGRhMDQzOS01MTgwLTQ1YWEtOTE3Zi1lNjMyZTQ1YThlNDEiLCJ1c2VybmFtZSI6ImpvaG5kb2UiLCJyb2xlIjowLCJpYXQiOjE3NTA3NTY3MjksImV4cCI6MTc1MDc2MDMyOX0.epy3yBSqlV8APw6UAN2e27Ghx7wB-WygoZuUBf9zWA0","refresh_token":"691ffc1d6b7a7cef3454f42d268b7431fb9c805ea41511fee24c2e35961947e6","user":{"id":"2dda0439-5180-45aa-917f-e632e45a8e41","email":"test@example.com","username":"johndoe","name":"John Doe","phoneNumber":"0987654321","profilePic":null,"bio":null,"private":false,"verified":false,"role":0,"followersCount":0,"followingCount":0,"postCount":0}}

16:18:49.718 [pool-2-thread-1] DEBUG org.apache.http.wire -- http-outgoing-11 << "HTTP/1.1 200 OK[\r][\n]"
16:18:49.719 [pool-2-thread-1] DEBUG org.apache.http.wire -- http-outgoing-11 << "X-Powered-By: Express[\r][\n]"
16:18:49.719 [pool-2-thread-1] DEBUG org.apache.http.wire -- http-outgoing-11 << "Access-Control-Allow-Origin: *[\r][\n]"
16:18:49.719 [pool-2-thread-1] DEBUG org.apache.http.wire -- http-outgoing-11 << "Content-Type: application/json; charset=utf-8[\r][\n]"
16:18:49.719 [pool-2-thread-1] DEBUG org.apache.http.wire -- http-outgoing-11 << "Content-Length: 708[\r][\n]"
16:18:49.719 [pool-2-thread-1] DEBUG org.apache.http.wire -- http-outgoing-11 << "ETag: W/"2c4-QVlM7n74xdV8jkaRVBNV5KpNb3M"[\r][\n]"
16:18:49.719 [pool-2-thread-1] DEBUG org.apache.http.wire -- http-outgoing-11 << "Date: Tue, 24 Jun 2025 09:18:49 GMT[\r][\n]"
16:18:49.719 [pool-2-thread-1] DEBUG org.apache.http.wire -- http-outgoing-11 << "Connection: keep-alive[\r][\n]"
16:18:49.719 [pool-2-thread-1] DEBUG org.apache.http.wire -- http-outgoing-11 << "Keep-Alive: timeout=5[\r][\n]"
16:18:49.719 [pool-2-thread-1] DEBUG org.apache.http.wire -- http-outgoing-11 << "[\r][\n]"
16:18:49.719 [pool-2-thread-10] DEBUG org.apache.http.client.protocol.RequestAddCookies -- CookieSpec selected: karate
16:18:49.719 [pool-2-thread-1] DEBUG org.apache.http.wire -- http-outgoing-11 << "{"access_token":"eyJhbGciOiJIUzI1NiIsInR5cCI6IkpXVCJ9.eyJzdWIiOiIwODUxNWIwNS0yZDNlLTQ3ODktYWQ2MC1kYjM1NTI1YTQ5NzAiLCJ1c2VybmFtZSI6Im5hbSIsInJvbGUiOjAsImlhdCI6MTc1MDc1NjcyOSwiZXhwIjoxNzUwNzYwMzI5fQ.Rls7Fq2RbXWl5HnhxdhTwo3Q6SOQOigVQv4pJS-_heo","refresh_token":"71b3d8a78fb5508e811fa7636e2829e9d41089f55ad39dcfc04a818b24166dea","user":{"id":"08515b05-2d3e-4789-ad60-db35525a4970","email":"nam@gmail.com","username":"nam","name":"nam","phoneNumber":"0123456789","profilePic":"https://res.cloudinary.com/dizcvrefo/image/upload/v1749266646/nestjs_uploads/zk9zrpeidnovxibfqdxr.png","bio":"Chu tich hoi dong Quan tri 1","private":false,"verified":false,"role":0,"followersCount":2,"followingCount":5,"postCount":13}}"
16:18:49.719 [pool-2-thread-10] DEBUG org.apache.http.client.protocol.RequestAuthCache -- Auth cache not set in the context
16:18:49.719 [pool-2-thread-1] DEBUG org.apache.http.headers -- http-outgoing-11 << HTTP/1.1 200 OK
16:18:49.719 [pool-2-thread-3] INFO com.intuit.karate -- [print] Call 2 completed, status: 200 
16:18:49.719 [pool-2-thread-10] DEBUG com.intuit.karate -- request:
3 > POST http://localhost:3000/auth/login
3 > Content-Type: application/json; charset=UTF-8
3 > Content-Length: 54
3 > Host: localhost:3000
3 > Connection: Keep-Alive
3 > User-Agent: Apache-HttpClient/4.5.14 (Java/17.0.9)
3 > Accept-Encoding: gzip,deflate
{"email":"testit2@gmail.com","password":"Password123"}

16:18:49.719 [pool-2-thread-1] DEBUG org.apache.http.headers -- http-outgoing-11 << X-Powered-By: Express
16:18:49.719 [pool-2-thread-1] DEBUG org.apache.http.headers -- http-outgoing-11 << Access-Control-Allow-Origin: *
16:18:49.719 [pool-2-thread-1] DEBUG org.apache.http.headers -- http-outgoing-11 << Content-Type: application/json; charset=utf-8
16:18:49.719 [pool-2-thread-1] DEBUG org.apache.http.headers -- http-outgoing-11 << Content-Length: 708
16:18:49.719 [pool-2-thread-1] DEBUG org.apache.http.headers -- http-outgoing-11 << ETag: W/"2c4-QVlM7n74xdV8jkaRVBNV5KpNb3M"
16:18:49.719 [pool-2-thread-1] DEBUG org.apache.http.headers -- http-outgoing-11 << Date: Tue, 24 Jun 2025 09:18:49 GMT
16:18:49.719 [pool-2-thread-1] DEBUG org.apache.http.headers -- http-outgoing-11 << Connection: keep-alive
16:18:49.719 [pool-2-thread-1] DEBUG org.apache.http.headers -- http-outgoing-11 << Keep-Alive: timeout=5
16:18:49.719 [pool-2-thread-10] DEBUG org.apache.http.impl.conn.PoolingHttpClientConnectionManager -- Connection request: [route: {}->http://localhost:3000][total available: 0; route allocated: 0 of 5; total allocated: 0 of 10]
16:18:49.719 [pool-2-thread-1] DEBUG org.apache.http.impl.execchain.MainClientExec -- Connection can be kept alive for 5000 MILLISECONDS
16:18:49.719 [pool-2-thread-10] DEBUG org.apache.http.impl.conn.PoolingHttpClientConnectionManager -- Connection leased: [id: 20][route: {}->http://localhost:3000][total available: 0; route allocated: 1 of 5; total allocated: 1 of 10]
16:18:49.719 [pool-2-thread-10] DEBUG org.apache.http.impl.execchain.MainClientExec -- Opening connection {}->http://localhost:3000
16:18:49.719 [pool-2-thread-1] DEBUG org.apache.http.impl.conn.PoolingHttpClientConnectionManager -- Connection [id: 10][route: {}->http://localhost:3000] can be kept alive for 5.0 seconds
16:18:49.719 [pool-2-thread-1] DEBUG org.apache.http.impl.conn.DefaultManagedHttpClientConnection -- http-outgoing-11: set socket timeout to 0
16:18:49.719 [pool-2-thread-1] DEBUG org.apache.http.impl.conn.PoolingHttpClientConnectionManager -- Connection released: [id: 10][route: {}->http://localhost:3000][total available: 1; route allocated: 1 of 5; total allocated: 1 of 10]
16:18:49.719 [pool-2-thread-1] DEBUG org.apache.http.impl.conn.PoolingHttpClientConnectionManager -- Connection manager is shutting down
16:18:49.719 [pool-2-thread-1] DEBUG org.apache.http.impl.conn.DefaultManagedHttpClientConnection -- http-outgoing-11: Close connection
16:18:49.719 [pool-2-thread-10] DEBUG org.apache.http.impl.conn.DefaultHttpClientConnectionOperator -- Connecting to localhost/127.0.0.1:3000
16:18:49.719 [pool-2-thread-1] DEBUG org.apache.http.impl.conn.PoolingHttpClientConnectionManager -- Connection manager shut down
16:18:49.720 [pool-2-thread-1] DEBUG com.intuit.karate -- response time in milliseconds: 793
2 < 200
2 < X-Powered-By: Express
2 < Access-Control-Allow-Origin: *
2 < Content-Type: application/json; charset=utf-8
2 < Content-Length: 708
2 < ETag: W/"2c4-QVlM7n74xdV8jkaRVBNV5KpNb3M"
2 < Date: Tue, 24 Jun 2025 09:18:49 GMT
2 < Connection: keep-alive
2 < Keep-Alive: timeout=5
{"access_token":"eyJhbGciOiJIUzI1NiIsInR5cCI6IkpXVCJ9.eyJzdWIiOiIwODUxNWIwNS0yZDNlLTQ3ODktYWQ2MC1kYjM1NTI1YTQ5NzAiLCJ1c2VybmFtZSI6Im5hbSIsInJvbGUiOjAsImlhdCI6MTc1MDc1NjcyOSwiZXhwIjoxNzUwNzYwMzI5fQ.Rls7Fq2RbXWl5HnhxdhTwo3Q6SOQOigVQv4pJS-_heo","refresh_token":"71b3d8a78fb5508e811fa7636e2829e9d41089f55ad39dcfc04a818b24166dea","user":{"id":"08515b05-2d3e-4789-ad60-db35525a4970","email":"nam@gmail.com","username":"nam","name":"nam","phoneNumber":"0123456789","profilePic":"https://res.cloudinary.com/dizcvrefo/image/upload/v1749266646/nestjs_uploads/zk9zrpeidnovxibfqdxr.png","bio":"Chu tich hoi dong Quan tri 1","private":false,"verified":false,"role":0,"followersCount":2,"followingCount":5,"postCount":13}}

16:18:49.720 [pool-2-thread-10] DEBUG org.apache.http.impl.conn.DefaultHttpClientConnectionOperator -- Connection established 127.0.0.1:51293<->127.0.0.1:3000
16:18:49.720 [pool-2-thread-10] DEBUG org.apache.http.impl.conn.DefaultManagedHttpClientConnection -- http-outgoing-20: set socket timeout to 30000
16:18:49.720 [pool-2-thread-10] DEBUG org.apache.http.impl.execchain.MainClientExec -- Executing request POST /auth/login HTTP/1.1
16:18:49.720 [pool-2-thread-10] DEBUG org.apache.http.impl.execchain.MainClientExec -- Target auth state: UNCHALLENGED
16:18:49.720 [pool-2-thread-3] INFO com.intuit.karate -- [print] *** API CALL 3 *** 
16:18:49.720 [pool-2-thread-10] DEBUG org.apache.http.impl.execchain.MainClientExec -- Proxy auth state: UNCHALLENGED
16:18:49.720 [pool-2-thread-10] DEBUG org.apache.http.headers -- http-outgoing-20 >> POST /auth/login HTTP/1.1
16:18:49.720 [pool-2-thread-10] DEBUG org.apache.http.headers -- http-outgoing-20 >> Content-Type: application/json; charset=UTF-8
16:18:49.720 [pool-2-thread-10] DEBUG org.apache.http.headers -- http-outgoing-20 >> Content-Length: 54
16:18:49.720 [pool-2-thread-10] DEBUG org.apache.http.headers -- http-outgoing-20 >> Host: localhost:3000
16:18:49.720 [pool-2-thread-10] DEBUG org.apache.http.headers -- http-outgoing-20 >> Connection: Keep-Alive
16:18:49.720 [pool-2-thread-10] DEBUG org.apache.http.headers -- http-outgoing-20 >> User-Agent: Apache-HttpClient/4.5.14 (Java/17.0.9)
16:18:49.720 [pool-2-thread-10] DEBUG org.apache.http.headers -- http-outgoing-20 >> Accept-Encoding: gzip,deflate
16:18:49.720 [pool-2-thread-10] DEBUG org.apache.http.wire -- http-outgoing-20 >> "POST /auth/login HTTP/1.1[\r][\n]"
16:18:49.720 [pool-2-thread-10] DEBUG org.apache.http.wire -- http-outgoing-20 >> "Content-Type: application/json; charset=UTF-8[\r][\n]"
16:18:49.720 [pool-2-thread-10] DEBUG org.apache.http.wire -- http-outgoing-20 >> "Content-Length: 54[\r][\n]"
16:18:49.720 [pool-2-thread-10] DEBUG org.apache.http.wire -- http-outgoing-20 >> "Host: localhost:3000[\r][\n]"
16:18:49.720 [pool-2-thread-10] DEBUG org.apache.http.wire -- http-outgoing-20 >> "Connection: Keep-Alive[\r][\n]"
16:18:49.720 [pool-2-thread-10] DEBUG org.apache.http.wire -- http-outgoing-20 >> "User-Agent: Apache-HttpClient/4.5.14 (Java/17.0.9)[\r][\n]"
16:18:49.720 [pool-2-thread-10] DEBUG org.apache.http.wire -- http-outgoing-20 >> "Accept-Encoding: gzip,deflate[\r][\n]"
16:18:49.720 [pool-2-thread-10] DEBUG org.apache.http.wire -- http-outgoing-20 >> "[\r][\n]"
16:18:49.720 [pool-2-thread-10] DEBUG org.apache.http.wire -- http-outgoing-20 >> "{"email":"testit2@gmail.com","password":"Password123"}"
16:18:49.722 [pool-2-thread-1] INFO com.intuit.karate -- [print] Call 2 completed, status: 200 
16:18:49.722 [pool-2-thread-3] DEBUG org.apache.http.client.protocol.RequestAddCookies -- CookieSpec selected: karate
16:18:49.722 [pool-2-thread-3] DEBUG org.apache.http.client.protocol.RequestAuthCache -- Auth cache not set in the context
16:18:49.722 [pool-2-thread-3] DEBUG com.intuit.karate -- request:
3 > POST http://localhost:3000/auth/login
3 > Content-Type: application/json; charset=UTF-8
3 > Content-Length: 53
3 > Host: localhost:3000
3 > Connection: Keep-Alive
3 > User-Agent: Apache-HttpClient/4.5.14 (Java/17.0.9)
3 > Accept-Encoding: gzip,deflate
{"email":"test@example.com","password":"Password123"}

16:18:49.723 [pool-2-thread-3] DEBUG org.apache.http.impl.conn.PoolingHttpClientConnectionManager -- Connection request: [route: {}->http://localhost:3000][total available: 0; route allocated: 0 of 5; total allocated: 0 of 10]
16:18:49.723 [pool-2-thread-3] DEBUG org.apache.http.impl.conn.PoolingHttpClientConnectionManager -- Connection leased: [id: 21][route: {}->http://localhost:3000][total available: 0; route allocated: 1 of 5; total allocated: 1 of 10]
16:18:49.723 [pool-2-thread-3] DEBUG org.apache.http.impl.execchain.MainClientExec -- Opening connection {}->http://localhost:3000
16:18:49.723 [pool-2-thread-3] DEBUG org.apache.http.impl.conn.DefaultHttpClientConnectionOperator -- Connecting to localhost/127.0.0.1:3000
16:18:49.724 [pool-2-thread-3] DEBUG org.apache.http.impl.conn.DefaultHttpClientConnectionOperator -- Connection established 127.0.0.1:51294<->127.0.0.1:3000
16:18:49.724 [pool-2-thread-1] INFO com.intuit.karate -- [print] *** API CALL 3 *** 
16:18:49.724 [pool-2-thread-3] DEBUG org.apache.http.impl.conn.DefaultManagedHttpClientConnection -- http-outgoing-21: set socket timeout to 30000
16:18:49.724 [pool-2-thread-3] DEBUG org.apache.http.impl.execchain.MainClientExec -- Executing request POST /auth/login HTTP/1.1
16:18:49.724 [pool-2-thread-3] DEBUG org.apache.http.impl.execchain.MainClientExec -- Target auth state: UNCHALLENGED
16:18:49.724 [pool-2-thread-3] DEBUG org.apache.http.impl.execchain.MainClientExec -- Proxy auth state: UNCHALLENGED
16:18:49.724 [pool-2-thread-3] DEBUG org.apache.http.headers -- http-outgoing-21 >> POST /auth/login HTTP/1.1
16:18:49.724 [pool-2-thread-3] DEBUG org.apache.http.headers -- http-outgoing-21 >> Content-Type: application/json; charset=UTF-8
16:18:49.724 [pool-2-thread-3] DEBUG org.apache.http.headers -- http-outgoing-21 >> Content-Length: 53
16:18:49.724 [pool-2-thread-3] DEBUG org.apache.http.headers -- http-outgoing-21 >> Host: localhost:3000
16:18:49.725 [pool-2-thread-3] DEBUG org.apache.http.headers -- http-outgoing-21 >> Connection: Keep-Alive
16:18:49.725 [pool-2-thread-3] DEBUG org.apache.http.headers -- http-outgoing-21 >> User-Agent: Apache-HttpClient/4.5.14 (Java/17.0.9)
16:18:49.725 [pool-2-thread-3] DEBUG org.apache.http.headers -- http-outgoing-21 >> Accept-Encoding: gzip,deflate
16:18:49.725 [pool-2-thread-3] DEBUG org.apache.http.wire -- http-outgoing-21 >> "POST /auth/login HTTP/1.1[\r][\n]"
16:18:49.725 [pool-2-thread-3] DEBUG org.apache.http.wire -- http-outgoing-21 >> "Content-Type: application/json; charset=UTF-8[\r][\n]"
16:18:49.725 [pool-2-thread-3] DEBUG org.apache.http.wire -- http-outgoing-21 >> "Content-Length: 53[\r][\n]"
16:18:49.725 [pool-2-thread-3] DEBUG org.apache.http.wire -- http-outgoing-21 >> "Host: localhost:3000[\r][\n]"
16:18:49.725 [pool-2-thread-3] DEBUG org.apache.http.wire -- http-outgoing-21 >> "Connection: Keep-Alive[\r][\n]"
16:18:49.725 [pool-2-thread-3] DEBUG org.apache.http.wire -- http-outgoing-21 >> "User-Agent: Apache-HttpClient/4.5.14 (Java/17.0.9)[\r][\n]"
16:18:49.725 [pool-2-thread-3] DEBUG org.apache.http.wire -- http-outgoing-21 >> "Accept-Encoding: gzip,deflate[\r][\n]"
16:18:49.725 [pool-2-thread-3] DEBUG org.apache.http.wire -- http-outgoing-21 >> "[\r][\n]"
16:18:49.725 [pool-2-thread-3] DEBUG org.apache.http.wire -- http-outgoing-21 >> "{"email":"test@example.com","password":"Password123"}"
16:18:49.728 [pool-2-thread-1] DEBUG org.apache.http.client.protocol.RequestAddCookies -- CookieSpec selected: karate
16:18:49.728 [pool-2-thread-1] DEBUG org.apache.http.client.protocol.RequestAuthCache -- Auth cache not set in the context
16:18:49.728 [pool-2-thread-1] DEBUG com.intuit.karate -- request:
3 > POST http://localhost:3000/auth/login
3 > Content-Type: application/json; charset=UTF-8
3 > Content-Length: 45
3 > Host: localhost:3000
3 > Connection: Keep-Alive
3 > User-Agent: Apache-HttpClient/4.5.14 (Java/17.0.9)
3 > Accept-Encoding: gzip,deflate
{"email":"nam@gmail.com","password":"123456"}

16:18:49.728 [pool-2-thread-1] DEBUG org.apache.http.impl.conn.PoolingHttpClientConnectionManager -- Connection request: [route: {}->http://localhost:3000][total available: 0; route allocated: 0 of 5; total allocated: 0 of 10]
16:18:49.729 [pool-2-thread-1] DEBUG org.apache.http.impl.conn.PoolingHttpClientConnectionManager -- Connection leased: [id: 22][route: {}->http://localhost:3000][total available: 0; route allocated: 1 of 5; total allocated: 1 of 10]
16:18:49.729 [pool-2-thread-1] DEBUG org.apache.http.impl.execchain.MainClientExec -- Opening connection {}->http://localhost:3000
16:18:49.729 [pool-2-thread-1] DEBUG org.apache.http.impl.conn.DefaultHttpClientConnectionOperator -- Connecting to localhost/127.0.0.1:3000
16:18:49.730 [pool-2-thread-1] DEBUG org.apache.http.impl.conn.DefaultHttpClientConnectionOperator -- Connection established 127.0.0.1:51295<->127.0.0.1:3000
16:18:49.730 [pool-2-thread-1] DEBUG org.apache.http.impl.conn.DefaultManagedHttpClientConnection -- http-outgoing-22: set socket timeout to 30000
16:18:49.730 [pool-2-thread-1] DEBUG org.apache.http.impl.execchain.MainClientExec -- Executing request POST /auth/login HTTP/1.1
16:18:49.730 [pool-2-thread-1] DEBUG org.apache.http.impl.execchain.MainClientExec -- Target auth state: UNCHALLENGED
16:18:49.730 [pool-2-thread-1] DEBUG org.apache.http.impl.execchain.MainClientExec -- Proxy auth state: UNCHALLENGED
16:18:49.730 [pool-2-thread-1] DEBUG org.apache.http.headers -- http-outgoing-22 >> POST /auth/login HTTP/1.1
16:18:49.730 [pool-2-thread-1] DEBUG org.apache.http.headers -- http-outgoing-22 >> Content-Type: application/json; charset=UTF-8
16:18:49.730 [pool-2-thread-1] DEBUG org.apache.http.headers -- http-outgoing-22 >> Content-Length: 45
16:18:49.730 [pool-2-thread-1] DEBUG org.apache.http.headers -- http-outgoing-22 >> Host: localhost:3000
16:18:49.730 [pool-2-thread-1] DEBUG org.apache.http.headers -- http-outgoing-22 >> Connection: Keep-Alive
16:18:49.730 [pool-2-thread-1] DEBUG org.apache.http.headers -- http-outgoing-22 >> User-Agent: Apache-HttpClient/4.5.14 (Java/17.0.9)
16:18:49.730 [pool-2-thread-1] DEBUG org.apache.http.headers -- http-outgoing-22 >> Accept-Encoding: gzip,deflate
16:18:49.730 [pool-2-thread-1] DEBUG org.apache.http.wire -- http-outgoing-22 >> "POST /auth/login HTTP/1.1[\r][\n]"
16:18:49.730 [pool-2-thread-1] DEBUG org.apache.http.wire -- http-outgoing-22 >> "Content-Type: application/json; charset=UTF-8[\r][\n]"
16:18:49.730 [pool-2-thread-1] DEBUG org.apache.http.wire -- http-outgoing-22 >> "Content-Length: 45[\r][\n]"
16:18:49.730 [pool-2-thread-1] DEBUG org.apache.http.wire -- http-outgoing-22 >> "Host: localhost:3000[\r][\n]"
16:18:49.730 [pool-2-thread-1] DEBUG org.apache.http.wire -- http-outgoing-22 >> "Connection: Keep-Alive[\r][\n]"
16:18:49.730 [pool-2-thread-1] DEBUG org.apache.http.wire -- http-outgoing-22 >> "User-Agent: Apache-HttpClient/4.5.14 (Java/17.0.9)[\r][\n]"
16:18:49.730 [pool-2-thread-1] DEBUG org.apache.http.wire -- http-outgoing-22 >> "Accept-Encoding: gzip,deflate[\r][\n]"
16:18:49.730 [pool-2-thread-1] DEBUG org.apache.http.wire -- http-outgoing-22 >> "[\r][\n]"
16:18:49.730 [pool-2-thread-1] DEBUG org.apache.http.wire -- http-outgoing-22 >> "{"email":"nam@gmail.com","password":"123456"}"
16:18:49.747 [pool-2-thread-5] DEBUG org.apache.http.wire -- http-outgoing-13 << "HTTP/1.1 200 OK[\r][\n]"
16:18:49.747 [pool-2-thread-5] DEBUG org.apache.http.wire -- http-outgoing-13 << "X-Powered-By: Express[\r][\n]"
16:18:49.747 [pool-2-thread-5] DEBUG org.apache.http.wire -- http-outgoing-13 << "Access-Control-Allow-Origin: *[\r][\n]"
16:18:49.747 [pool-2-thread-5] DEBUG org.apache.http.wire -- http-outgoing-13 << "Content-Type: application/json; charset=utf-8[\r][\n]"
16:18:49.747 [pool-2-thread-5] DEBUG org.apache.http.wire -- http-outgoing-13 << "Content-Length: 607[\r][\n]"
16:18:49.747 [pool-2-thread-5] DEBUG org.apache.http.wire -- http-outgoing-13 << "ETag: W/"25f-IadZ/p3t4vj6SmRbCBfqH6sODaI"[\r][\n]"
16:18:49.747 [pool-2-thread-5] DEBUG org.apache.http.wire -- http-outgoing-13 << "Date: Tue, 24 Jun 2025 09:18:49 GMT[\r][\n]"
16:18:49.747 [pool-2-thread-5] DEBUG org.apache.http.wire -- http-outgoing-13 << "Connection: keep-alive[\r][\n]"
16:18:49.747 [pool-2-thread-5] DEBUG org.apache.http.wire -- http-outgoing-13 << "Keep-Alive: timeout=5[\r][\n]"
16:18:49.747 [pool-2-thread-5] DEBUG org.apache.http.wire -- http-outgoing-13 << "[\r][\n]"
16:18:49.747 [pool-2-thread-5] DEBUG org.apache.http.wire -- http-outgoing-13 << "{"access_token":"eyJhbGciOiJIUzI1NiIsInR5cCI6IkpXVCJ9.eyJzdWIiOiJjMjE0MjJkZi1jY2VjLTQ0MGUtOWE0Mi1jMWI4MmFiZjczM2QiLCJ1c2VybmFtZSI6ImpvaG5kb2UyOCIsInJvbGUiOjAsImlhdCI6MTc1MDc1NjcyOSwiZXhwIjoxNzUwNzYwMzI5fQ.kFyI5SbU4tJEMoqhOibpV-BoFiCmXEMAjDeA1DPAARQ","refresh_token":"4c44f7b258289ad2e0db7403ae7e66bc5ce9c603b3dd6fc55cac614892ffd446","user":{"id":"c21422df-ccec-440e-9a42-c1b82abf733d","email":"test28@example.com","username":"johndoe28","name":"John Doe","phoneNumber":"84987654321","profilePic":null,"bio":null,"private":false,"verified":false,"role":0,"followersCount":0,"followingCount":0,"postCount":0}}"
16:18:49.747 [pool-2-thread-5] DEBUG org.apache.http.headers -- http-outgoing-13 << HTTP/1.1 200 OK
16:18:49.747 [pool-2-thread-5] DEBUG org.apache.http.headers -- http-outgoing-13 << X-Powered-By: Express
16:18:49.747 [pool-2-thread-5] DEBUG org.apache.http.headers -- http-outgoing-13 << Access-Control-Allow-Origin: *
16:18:49.747 [pool-2-thread-5] DEBUG org.apache.http.headers -- http-outgoing-13 << Content-Type: application/json; charset=utf-8
16:18:49.747 [pool-2-thread-5] DEBUG org.apache.http.headers -- http-outgoing-13 << Content-Length: 607
16:18:49.747 [pool-2-thread-5] DEBUG org.apache.http.headers -- http-outgoing-13 << ETag: W/"25f-IadZ/p3t4vj6SmRbCBfqH6sODaI"
16:18:49.747 [pool-2-thread-5] DEBUG org.apache.http.headers -- http-outgoing-13 << Date: Tue, 24 Jun 2025 09:18:49 GMT
16:18:49.747 [pool-2-thread-5] DEBUG org.apache.http.headers -- http-outgoing-13 << Connection: keep-alive
16:18:49.747 [pool-2-thread-5] DEBUG org.apache.http.headers -- http-outgoing-13 << Keep-Alive: timeout=5
16:18:49.748 [pool-2-thread-5] DEBUG org.apache.http.impl.execchain.MainClientExec -- Connection can be kept alive for 5000 MILLISECONDS
16:18:49.748 [pool-2-thread-5] DEBUG org.apache.http.impl.conn.PoolingHttpClientConnectionManager -- Connection [id: 13][route: {}->http://localhost:3000] can be kept alive for 5.0 seconds
16:18:49.748 [pool-2-thread-5] DEBUG org.apache.http.impl.conn.DefaultManagedHttpClientConnection -- http-outgoing-13: set socket timeout to 0
16:18:49.748 [pool-2-thread-5] DEBUG org.apache.http.impl.conn.PoolingHttpClientConnectionManager -- Connection released: [id: 13][route: {}->http://localhost:3000][total available: 1; route allocated: 1 of 5; total allocated: 1 of 10]
16:18:49.748 [pool-2-thread-5] DEBUG org.apache.http.impl.conn.PoolingHttpClientConnectionManager -- Connection manager is shutting down
16:18:49.748 [pool-2-thread-5] DEBUG org.apache.http.impl.conn.DefaultManagedHttpClientConnection -- http-outgoing-13: Close connection
16:18:49.748 [pool-2-thread-5] DEBUG org.apache.http.impl.conn.PoolingHttpClientConnectionManager -- Connection manager shut down
16:18:49.748 [pool-2-thread-5] DEBUG com.intuit.karate -- response time in milliseconds: 810
2 < 200
2 < X-Powered-By: Express
2 < Access-Control-Allow-Origin: *
2 < Content-Type: application/json; charset=utf-8
2 < Content-Length: 607
2 < ETag: W/"25f-IadZ/p3t4vj6SmRbCBfqH6sODaI"
2 < Date: Tue, 24 Jun 2025 09:18:49 GMT
2 < Connection: keep-alive
2 < Keep-Alive: timeout=5
{"access_token":"eyJhbGciOiJIUzI1NiIsInR5cCI6IkpXVCJ9.eyJzdWIiOiJjMjE0MjJkZi1jY2VjLTQ0MGUtOWE0Mi1jMWI4MmFiZjczM2QiLCJ1c2VybmFtZSI6ImpvaG5kb2UyOCIsInJvbGUiOjAsImlhdCI6MTc1MDc1NjcyOSwiZXhwIjoxNzUwNzYwMzI5fQ.kFyI5SbU4tJEMoqhOibpV-BoFiCmXEMAjDeA1DPAARQ","refresh_token":"4c44f7b258289ad2e0db7403ae7e66bc5ce9c603b3dd6fc55cac614892ffd446","user":{"id":"c21422df-ccec-440e-9a42-c1b82abf733d","email":"test28@example.com","username":"johndoe28","name":"John Doe","phoneNumber":"84987654321","profilePic":null,"bio":null,"private":false,"verified":false,"role":0,"followersCount":0,"followingCount":0,"postCount":0}}

16:18:49.752 [pool-2-thread-5] INFO com.intuit.karate -- [print] Call 2 completed, status: 200 
16:18:49.755 [pool-2-thread-5] INFO com.intuit.karate -- [print] *** API CALL 3 *** 
16:18:49.759 [pool-2-thread-5] DEBUG org.apache.http.client.protocol.RequestAddCookies -- CookieSpec selected: karate
16:18:49.759 [pool-2-thread-5] DEBUG org.apache.http.client.protocol.RequestAuthCache -- Auth cache not set in the context
16:18:49.759 [pool-2-thread-5] DEBUG com.intuit.karate -- request:
3 > POST http://localhost:3000/auth/login
3 > Content-Type: application/json; charset=UTF-8
3 > Content-Length: 55
3 > Host: localhost:3000
3 > Connection: Keep-Alive
3 > User-Agent: Apache-HttpClient/4.5.14 (Java/17.0.9)
3 > Accept-Encoding: gzip,deflate
{"email":"test28@example.com","password":"Password123"}

16:18:49.759 [pool-2-thread-5] DEBUG org.apache.http.impl.conn.PoolingHttpClientConnectionManager -- Connection request: [route: {}->http://localhost:3000][total available: 0; route allocated: 0 of 5; total allocated: 0 of 10]
16:18:49.759 [pool-2-thread-5] DEBUG org.apache.http.impl.conn.PoolingHttpClientConnectionManager -- Connection leased: [id: 23][route: {}->http://localhost:3000][total available: 0; route allocated: 1 of 5; total allocated: 1 of 10]
16:18:49.759 [pool-2-thread-5] DEBUG org.apache.http.impl.execchain.MainClientExec -- Opening connection {}->http://localhost:3000
16:18:49.760 [pool-2-thread-5] DEBUG org.apache.http.impl.conn.DefaultHttpClientConnectionOperator -- Connecting to localhost/127.0.0.1:3000
16:18:49.760 [pool-2-thread-5] DEBUG org.apache.http.impl.conn.DefaultHttpClientConnectionOperator -- Connection established 127.0.0.1:51296<->127.0.0.1:3000
16:18:49.760 [pool-2-thread-5] DEBUG org.apache.http.impl.conn.DefaultManagedHttpClientConnection -- http-outgoing-23: set socket timeout to 30000
16:18:49.761 [pool-2-thread-5] DEBUG org.apache.http.impl.execchain.MainClientExec -- Executing request POST /auth/login HTTP/1.1
16:18:49.761 [pool-2-thread-5] DEBUG org.apache.http.impl.execchain.MainClientExec -- Target auth state: UNCHALLENGED
16:18:49.761 [pool-2-thread-5] DEBUG org.apache.http.impl.execchain.MainClientExec -- Proxy auth state: UNCHALLENGED
16:18:49.761 [pool-2-thread-5] DEBUG org.apache.http.headers -- http-outgoing-23 >> POST /auth/login HTTP/1.1
16:18:49.761 [pool-2-thread-5] DEBUG org.apache.http.headers -- http-outgoing-23 >> Content-Type: application/json; charset=UTF-8
16:18:49.761 [pool-2-thread-5] DEBUG org.apache.http.headers -- http-outgoing-23 >> Content-Length: 55
16:18:49.761 [pool-2-thread-5] DEBUG org.apache.http.headers -- http-outgoing-23 >> Host: localhost:3000
16:18:49.761 [pool-2-thread-5] DEBUG org.apache.http.headers -- http-outgoing-23 >> Connection: Keep-Alive
16:18:49.761 [pool-2-thread-5] DEBUG org.apache.http.headers -- http-outgoing-23 >> User-Agent: Apache-HttpClient/4.5.14 (Java/17.0.9)
16:18:49.761 [pool-2-thread-5] DEBUG org.apache.http.headers -- http-outgoing-23 >> Accept-Encoding: gzip,deflate
16:18:49.761 [pool-2-thread-5] DEBUG org.apache.http.wire -- http-outgoing-23 >> "POST /auth/login HTTP/1.1[\r][\n]"
16:18:49.761 [pool-2-thread-5] DEBUG org.apache.http.wire -- http-outgoing-23 >> "Content-Type: application/json; charset=UTF-8[\r][\n]"
16:18:49.761 [pool-2-thread-5] DEBUG org.apache.http.wire -- http-outgoing-23 >> "Content-Length: 55[\r][\n]"
16:18:49.761 [pool-2-thread-5] DEBUG org.apache.http.wire -- http-outgoing-23 >> "Host: localhost:3000[\r][\n]"
16:18:49.761 [pool-2-thread-5] DEBUG org.apache.http.wire -- http-outgoing-23 >> "Connection: Keep-Alive[\r][\n]"
16:18:49.761 [pool-2-thread-5] DEBUG org.apache.http.wire -- http-outgoing-23 >> "User-Agent: Apache-HttpClient/4.5.14 (Java/17.0.9)[\r][\n]"
16:18:49.761 [pool-2-thread-5] DEBUG org.apache.http.wire -- http-outgoing-23 >> "Accept-Encoding: gzip,deflate[\r][\n]"
16:18:49.761 [pool-2-thread-5] DEBUG org.apache.http.wire -- http-outgoing-23 >> "[\r][\n]"
16:18:49.761 [pool-2-thread-5] DEBUG org.apache.http.wire -- http-outgoing-23 >> "{"email":"test28@example.com","password":"Password123"}"
16:18:49.813 [pool-2-thread-6] DEBUG org.apache.http.wire -- http-outgoing-19 << "HTTP/1.1 200 OK[\r][\n]"
16:18:49.813 [pool-2-thread-6] DEBUG org.apache.http.wire -- http-outgoing-19 << "X-Powered-By: Express[\r][\n]"
16:18:49.814 [pool-2-thread-6] DEBUG org.apache.http.wire -- http-outgoing-19 << "Access-Control-Allow-Origin: *[\r][\n]"
16:18:49.814 [pool-2-thread-6] DEBUG org.apache.http.wire -- http-outgoing-19 << "Content-Type: application/json; charset=utf-8[\r][\n]"
16:18:49.814 [pool-2-thread-6] DEBUG org.apache.http.wire -- http-outgoing-19 << "Content-Length: 607[\r][\n]"
16:18:49.814 [pool-2-thread-6] DEBUG org.apache.http.wire -- http-outgoing-19 << "ETag: W/"25f-8b59CaqMvySQeyNrLu8klUSO9W8"[\r][\n]"
16:18:49.814 [pool-2-thread-6] DEBUG org.apache.http.wire -- http-outgoing-19 << "Date: Tue, 24 Jun 2025 09:18:49 GMT[\r][\n]"
16:18:49.814 [pool-2-thread-6] DEBUG org.apache.http.wire -- http-outgoing-19 << "Connection: keep-alive[\r][\n]"
16:18:49.814 [pool-2-thread-6] DEBUG org.apache.http.wire -- http-outgoing-19 << "Keep-Alive: timeout=5[\r][\n]"
16:18:49.814 [pool-2-thread-6] DEBUG org.apache.http.wire -- http-outgoing-19 << "[\r][\n]"
16:18:49.814 [pool-2-thread-4] DEBUG org.apache.http.wire -- http-outgoing-14 << "HTTP/1.1 200 OK[\r][\n]"
16:18:49.814 [pool-2-thread-4] DEBUG org.apache.http.wire -- http-outgoing-14 << "X-Powered-By: Express[\r][\n]"
16:18:49.814 [pool-2-thread-4] DEBUG org.apache.http.wire -- http-outgoing-14 << "Access-Control-Allow-Origin: *[\r][\n]"
16:18:49.814 [pool-2-thread-4] DEBUG org.apache.http.wire -- http-outgoing-14 << "Content-Type: application/json; charset=utf-8[\r][\n]"
16:18:49.814 [pool-2-thread-4] DEBUG org.apache.http.wire -- http-outgoing-14 << "Content-Length: 608[\r][\n]"
16:18:49.814 [pool-2-thread-6] DEBUG org.apache.http.wire -- http-outgoing-19 << "{"access_token":"eyJhbGciOiJIUzI1NiIsInR5cCI6IkpXVCJ9.eyJzdWIiOiI5YTI2OTc2Yy0xNTMyLTRkZjMtYTE2ZS03NjMxNTI1Yzg1MDIiLCJ1c2VybmFtZSI6ImpvaG5kb2UyZDUiLCJyb2xlIjowLCJpYXQiOjE3NTA3NTY3MjksImV4cCI6MTc1MDc2MDMyOX0.oxi9KJk_1Yo3Ql4_Zf8lr1RCd2ixgXlTx5pZtZCRLjo","refresh_token":"4455837034b1bf7230d4ab323f38c30e6c0ae63e2545f29534965345b7fea37d","user":{"id":"9a26976c-1532-4df3-a16e-7631525c8502","email":"testit4@gmail.com","username":"johndoe2d5","name":"John Doe","phoneNumber":"0123456212","profilePic":null,"bio":null,"private":false,"verified":false,"role":0,"followersCount":0,"followingCount":0,"postCount":0}}"
16:18:49.814 [pool-2-thread-4] DEBUG org.apache.http.wire -- http-outgoing-14 << "ETag: W/"260-WwYiF29xRDqTxv50XZBy/9wnNlU"[\r][\n]"
16:18:49.814 [pool-2-thread-4] DEBUG org.apache.http.wire -- http-outgoing-14 << "Date: Tue, 24 Jun 2025 09:18:49 GMT[\r][\n]"
16:18:49.814 [pool-2-thread-4] DEBUG org.apache.http.wire -- http-outgoing-14 << "Connection: keep-alive[\r][\n]"
16:18:49.814 [pool-2-thread-4] DEBUG org.apache.http.wire -- http-outgoing-14 << "Keep-Alive: timeout=5[\r][\n]"
16:18:49.814 [pool-2-thread-4] DEBUG org.apache.http.wire -- http-outgoing-14 << "[\r][\n]"
16:18:49.814 [pool-2-thread-4] DEBUG org.apache.http.wire -- http-outgoing-14 << "{"access_token":"eyJhbGciOiJIUzI1NiIsInR5cCI6IkpXVCJ9.eyJzdWIiOiI4YTI0NzQ2MS01YzA0LTQyMWQtOThmNS1mYTljNzM0ZmFlYTUiLCJ1c2VybmFtZSI6ImphbmVzbWl0aCIsInJvbGUiOjAsImlhdCI6MTc1MDc1NjcyOSwiZXhwIjoxNzUwNzYwMzI5fQ.UnRhdhJON_3LGr_YRuhlTOxK21JA-pMLUBvTjKlKmGM","refresh_token":"57cb9da625e6f0646ce8fa357adb0a655e71d908d65cb9f61447015b010cc722","user":{"id":"8a247461-5c04-421d-98f5-fa9c734faea5","email":"test2@example.com","username":"janesmith","name":"Jane Smith","phoneNumber":"01234567890","profilePic":null,"bio":null,"private":false,"verified":false,"role":0,"followersCount":0,"followingCount":0,"postCount":0}}"
16:18:49.814 [pool-2-thread-6] DEBUG org.apache.http.headers -- http-outgoing-19 << HTTP/1.1 200 OK
16:18:49.814 [pool-2-thread-6] DEBUG org.apache.http.headers -- http-outgoing-19 << X-Powered-By: Express
16:18:49.814 [pool-2-thread-6] DEBUG org.apache.http.headers -- http-outgoing-19 << Access-Control-Allow-Origin: *
16:18:49.814 [pool-2-thread-4] DEBUG org.apache.http.headers -- http-outgoing-14 << HTTP/1.1 200 OK
16:18:49.814 [pool-2-thread-6] DEBUG org.apache.http.headers -- http-outgoing-19 << Content-Type: application/json; charset=utf-8
16:18:49.814 [pool-2-thread-4] DEBUG org.apache.http.headers -- http-outgoing-14 << X-Powered-By: Express
16:18:49.814 [pool-2-thread-4] DEBUG org.apache.http.headers -- http-outgoing-14 << Access-Control-Allow-Origin: *
16:18:49.814 [pool-2-thread-4] DEBUG org.apache.http.headers -- http-outgoing-14 << Content-Type: application/json; charset=utf-8
16:18:49.814 [pool-2-thread-4] DEBUG org.apache.http.headers -- http-outgoing-14 << Content-Length: 608
16:18:49.814 [pool-2-thread-6] DEBUG org.apache.http.headers -- http-outgoing-19 << Content-Length: 607
16:18:49.814 [pool-2-thread-4] DEBUG org.apache.http.headers -- http-outgoing-14 << ETag: W/"260-WwYiF29xRDqTxv50XZBy/9wnNlU"
16:18:49.814 [pool-2-thread-6] DEBUG org.apache.http.headers -- http-outgoing-19 << ETag: W/"25f-8b59CaqMvySQeyNrLu8klUSO9W8"
16:18:49.814 [pool-2-thread-4] DEBUG org.apache.http.headers -- http-outgoing-14 << Date: Tue, 24 Jun 2025 09:18:49 GMT
16:18:49.814 [pool-2-thread-6] DEBUG org.apache.http.headers -- http-outgoing-19 << Date: Tue, 24 Jun 2025 09:18:49 GMT
16:18:49.814 [pool-2-thread-4] DEBUG org.apache.http.headers -- http-outgoing-14 << Connection: keep-alive
16:18:49.814 [pool-2-thread-6] DEBUG org.apache.http.headers -- http-outgoing-19 << Connection: keep-alive
16:18:49.814 [pool-2-thread-4] DEBUG org.apache.http.headers -- http-outgoing-14 << Keep-Alive: timeout=5
16:18:49.814 [pool-2-thread-6] DEBUG org.apache.http.headers -- http-outgoing-19 << Keep-Alive: timeout=5
16:18:49.814 [pool-2-thread-6] DEBUG org.apache.http.impl.execchain.MainClientExec -- Connection can be kept alive for 5000 MILLISECONDS
16:18:49.814 [pool-2-thread-4] DEBUG org.apache.http.impl.execchain.MainClientExec -- Connection can be kept alive for 5000 MILLISECONDS
16:18:49.814 [pool-2-thread-2] DEBUG org.apache.http.wire -- http-outgoing-15 << "HTTP/1.1 200 OK[\r][\n]"
16:18:49.814 [pool-2-thread-2] DEBUG org.apache.http.wire -- http-outgoing-15 << "X-Powered-By: Express[\r][\n]"
16:18:49.814 [pool-2-thread-2] DEBUG org.apache.http.wire -- http-outgoing-15 << "Access-Control-Allow-Origin: *[\r][\n]"
16:18:49.814 [pool-2-thread-2] DEBUG org.apache.http.wire -- http-outgoing-15 << "Content-Type: application/json; charset=utf-8[\r][\n]"
16:18:49.814 [pool-2-thread-2] DEBUG org.apache.http.wire -- http-outgoing-15 << "Content-Length: 715[\r][\n]"
16:18:49.814 [pool-2-thread-2] DEBUG org.apache.http.wire -- http-outgoing-15 << "ETag: W/"2cb-+6Kiwfgs2f8DS/7ldpe5QquVkvE"[\r][\n]"
16:18:49.814 [pool-2-thread-2] DEBUG org.apache.http.wire -- http-outgoing-15 << "Date: Tue, 24 Jun 2025 09:18:49 GMT[\r][\n]"
16:18:49.814 [pool-2-thread-2] DEBUG org.apache.http.wire -- http-outgoing-15 << "Connection: keep-alive[\r][\n]"
16:18:49.814 [pool-2-thread-2] DEBUG org.apache.http.wire -- http-outgoing-15 << "Keep-Alive: timeout=5[\r][\n]"
16:18:49.814 [pool-2-thread-2] DEBUG org.apache.http.wire -- http-outgoing-15 << "[\r][\n]"
16:18:49.814 [pool-2-thread-6] DEBUG org.apache.http.impl.conn.PoolingHttpClientConnectionManager -- Connection [id: 19][route: {}->http://localhost:3000] can be kept alive for 5.0 seconds
16:18:49.815 [pool-2-thread-6] DEBUG org.apache.http.impl.conn.DefaultManagedHttpClientConnection -- http-outgoing-19: set socket timeout to 0
16:18:49.815 [pool-2-thread-2] DEBUG org.apache.http.wire -- http-outgoing-15 << "{"access_token":"eyJhbGciOiJIUzI1NiIsInR5cCI6IkpXVCJ9.eyJzdWIiOiIyYjg0YWEyNC02NjhhLTQwZTItYWYxYy1hZDRmYzRmYTVhNmYiLCJ1c2VybmFtZSI6InF1YW5nMSIsInJvbGUiOjAsImlhdCI6MTc1MDc1NjcyOSwiZXhwIjoxNzUwNzYwMzI5fQ.E1evYgYIcWU4ADeeVLpNDt-gXAkL_TJobEFREpvGv1o","refresh_token":"9b33bb1380e097ef3f235828bad238e4e47cd0821f1894f68b8038eb21de4dbe","user":{"id":"2b84aa24-668a-40e2-af1c-ad4fc4fa5a6f","email":"quang1@gmail.com","username":"quang1","name":"quang1","phoneNumber":"09874563210","profilePic":"https://res.cloudinary.com/dizcvrefo/image/upload/v1749027586/nestjs_uploads/xehairydt9rzlbmbmv4c.jpg","bio":"Thang Nam Lao Vua Thoi","private":false,"verified":false,"role":0,"followersCount":2,"followingCount":3,"postCount":2}}"
16:18:49.815 [pool-2-thread-4] DEBUG org.apache.http.impl.conn.PoolingHttpClientConnectionManager -- Connection [id: 14][route: {}->http://localhost:3000] can be kept alive for 5.0 seconds
16:18:49.815 [pool-2-thread-4] DEBUG org.apache.http.impl.conn.DefaultManagedHttpClientConnection -- http-outgoing-14: set socket timeout to 0
16:18:49.815 [pool-2-thread-2] DEBUG org.apache.http.headers -- http-outgoing-15 << HTTP/1.1 200 OK
16:18:49.815 [pool-2-thread-2] DEBUG org.apache.http.headers -- http-outgoing-15 << X-Powered-By: Express
16:18:49.815 [pool-2-thread-6] DEBUG org.apache.http.impl.conn.PoolingHttpClientConnectionManager -- Connection released: [id: 19][route: {}->http://localhost:3000][total available: 1; route allocated: 1 of 5; total allocated: 1 of 10]
16:18:49.815 [pool-2-thread-2] DEBUG org.apache.http.headers -- http-outgoing-15 << Access-Control-Allow-Origin: *
16:18:49.815 [pool-2-thread-2] DEBUG org.apache.http.headers -- http-outgoing-15 << Content-Type: application/json; charset=utf-8
16:18:49.815 [pool-2-thread-4] DEBUG org.apache.http.impl.conn.PoolingHttpClientConnectionManager -- Connection released: [id: 14][route: {}->http://localhost:3000][total available: 1; route allocated: 1 of 5; total allocated: 1 of 10]
16:18:49.815 [pool-2-thread-2] DEBUG org.apache.http.headers -- http-outgoing-15 << Content-Length: 715
16:18:49.815 [pool-2-thread-6] DEBUG org.apache.http.impl.conn.PoolingHttpClientConnectionManager -- Connection manager is shutting down
16:18:49.815 [pool-2-thread-2] DEBUG org.apache.http.headers -- http-outgoing-15 << ETag: W/"2cb-+6Kiwfgs2f8DS/7ldpe5QquVkvE"
16:18:49.815 [pool-2-thread-4] DEBUG org.apache.http.impl.conn.PoolingHttpClientConnectionManager -- Connection manager is shutting down
16:18:49.815 [pool-2-thread-2] DEBUG org.apache.http.headers -- http-outgoing-15 << Date: Tue, 24 Jun 2025 09:18:49 GMT
16:18:49.815 [pool-2-thread-2] DEBUG org.apache.http.headers -- http-outgoing-15 << Connection: keep-alive
16:18:49.815 [pool-2-thread-4] DEBUG org.apache.http.impl.conn.DefaultManagedHttpClientConnection -- http-outgoing-14: Close connection
16:18:49.815 [pool-2-thread-2] DEBUG org.apache.http.headers -- http-outgoing-15 << Keep-Alive: timeout=5
16:18:49.815 [pool-2-thread-6] DEBUG org.apache.http.impl.conn.DefaultManagedHttpClientConnection -- http-outgoing-19: Close connection
16:18:49.815 [pool-2-thread-2] DEBUG org.apache.http.impl.execchain.MainClientExec -- Connection can be kept alive for 5000 MILLISECONDS
16:18:49.815 [pool-2-thread-2] DEBUG org.apache.http.impl.conn.PoolingHttpClientConnectionManager -- Connection [id: 15][route: {}->http://localhost:3000] can be kept alive for 5.0 seconds
16:18:49.815 [pool-2-thread-2] DEBUG org.apache.http.impl.conn.DefaultManagedHttpClientConnection -- http-outgoing-15: set socket timeout to 0
16:18:49.815 [pool-2-thread-9] DEBUG org.apache.http.wire -- http-outgoing-18 << "HTTP/1.1 200 OK[\r][\n]"
16:18:49.815 [pool-2-thread-2] DEBUG org.apache.http.impl.conn.PoolingHttpClientConnectionManager -- Connection released: [id: 15][route: {}->http://localhost:3000][total available: 1; route allocated: 1 of 5; total allocated: 1 of 10]
16:18:49.815 [pool-2-thread-9] DEBUG org.apache.http.wire -- http-outgoing-18 << "X-Powered-By: Express[\r][\n]"
16:18:49.815 [pool-2-thread-2] DEBUG org.apache.http.impl.conn.PoolingHttpClientConnectionManager -- Connection manager is shutting down
16:18:49.815 [pool-2-thread-9] DEBUG org.apache.http.wire -- http-outgoing-18 << "Access-Control-Allow-Origin: *[\r][\n]"
16:18:49.815 [pool-2-thread-4] DEBUG org.apache.http.impl.conn.PoolingHttpClientConnectionManager -- Connection manager shut down
16:18:49.815 [pool-2-thread-2] DEBUG org.apache.http.impl.conn.DefaultManagedHttpClientConnection -- http-outgoing-15: Close connection
16:18:49.815 [pool-2-thread-2] DEBUG org.apache.http.impl.conn.PoolingHttpClientConnectionManager -- Connection manager shut down
16:18:49.815 [pool-2-thread-6] DEBUG org.apache.http.impl.conn.PoolingHttpClientConnectionManager -- Connection manager shut down
16:18:49.815 [pool-2-thread-9] DEBUG org.apache.http.wire -- http-outgoing-18 << "Content-Type: application/json; charset=utf-8[\r][\n]"
16:18:49.815 [pool-2-thread-9] DEBUG org.apache.http.wire -- http-outgoing-18 << "Content-Length: 604[\r][\n]"
16:18:49.815 [pool-2-thread-2] DEBUG com.intuit.karate -- response time in milliseconds: 821
2 < 200
2 < X-Powered-By: Express
2 < Access-Control-Allow-Origin: *
2 < Content-Type: application/json; charset=utf-8
2 < Content-Length: 715
2 < ETag: W/"2cb-+6Kiwfgs2f8DS/7ldpe5QquVkvE"
2 < Date: Tue, 24 Jun 2025 09:18:49 GMT
2 < Connection: keep-alive
2 < Keep-Alive: timeout=5
{"access_token":"eyJhbGciOiJIUzI1NiIsInR5cCI6IkpXVCJ9.eyJzdWIiOiIyYjg0YWEyNC02NjhhLTQwZTItYWYxYy1hZDRmYzRmYTVhNmYiLCJ1c2VybmFtZSI6InF1YW5nMSIsInJvbGUiOjAsImlhdCI6MTc1MDc1NjcyOSwiZXhwIjoxNzUwNzYwMzI5fQ.E1evYgYIcWU4ADeeVLpNDt-gXAkL_TJobEFREpvGv1o","refresh_token":"9b33bb1380e097ef3f235828bad238e4e47cd0821f1894f68b8038eb21de4dbe","user":{"id":"2b84aa24-668a-40e2-af1c-ad4fc4fa5a6f","email":"quang1@gmail.com","username":"quang1","name":"quang1","phoneNumber":"09874563210","profilePic":"https://res.cloudinary.com/dizcvrefo/image/upload/v1749027586/nestjs_uploads/xehairydt9rzlbmbmv4c.jpg","bio":"Thang Nam Lao Vua Thoi","private":false,"verified":false,"role":0,"followersCount":2,"followingCount":3,"postCount":2}}

16:18:49.815 [pool-2-thread-4] DEBUG com.intuit.karate -- response time in milliseconds: 824
2 < 200
2 < X-Powered-By: Express
2 < Access-Control-Allow-Origin: *
2 < Content-Type: application/json; charset=utf-8
2 < Content-Length: 608
2 < ETag: W/"260-WwYiF29xRDqTxv50XZBy/9wnNlU"
2 < Date: Tue, 24 Jun 2025 09:18:49 GMT
2 < Connection: keep-alive
2 < Keep-Alive: timeout=5
{"access_token":"eyJhbGciOiJIUzI1NiIsInR5cCI6IkpXVCJ9.eyJzdWIiOiI4YTI0NzQ2MS01YzA0LTQyMWQtOThmNS1mYTljNzM0ZmFlYTUiLCJ1c2VybmFtZSI6ImphbmVzbWl0aCIsInJvbGUiOjAsImlhdCI6MTc1MDc1NjcyOSwiZXhwIjoxNzUwNzYwMzI5fQ.UnRhdhJON_3LGr_YRuhlTOxK21JA-pMLUBvTjKlKmGM","refresh_token":"57cb9da625e6f0646ce8fa357adb0a655e71d908d65cb9f61447015b010cc722","user":{"id":"8a247461-5c04-421d-98f5-fa9c734faea5","email":"test2@example.com","username":"janesmith","name":"Jane Smith","phoneNumber":"01234567890","profilePic":null,"bio":null,"private":false,"verified":false,"role":0,"followersCount":0,"followingCount":0,"postCount":0}}

16:18:49.815 [pool-2-thread-9] DEBUG org.apache.http.wire -- http-outgoing-18 << "ETag: W/"25c-U6z0tukAtmMhC3XTRC/DcMSkUEI"[\r][\n]"
16:18:49.815 [pool-2-thread-9] DEBUG org.apache.http.wire -- http-outgoing-18 << "Date: Tue, 24 Jun 2025 09:18:49 GMT[\r][\n]"
16:18:49.815 [pool-2-thread-9] DEBUG org.apache.http.wire -- http-outgoing-18 << "Connection: keep-alive[\r][\n]"
16:18:49.815 [pool-2-thread-9] DEBUG org.apache.http.wire -- http-outgoing-18 << "Keep-Alive: timeout=5[\r][\n]"
16:18:49.815 [pool-2-thread-6] DEBUG com.intuit.karate -- response time in milliseconds: 752
2 < 200
2 < X-Powered-By: Express
2 < Access-Control-Allow-Origin: *
2 < Content-Type: application/json; charset=utf-8
2 < Content-Length: 607
2 < ETag: W/"25f-8b59CaqMvySQeyNrLu8klUSO9W8"
2 < Date: Tue, 24 Jun 2025 09:18:49 GMT
2 < Connection: keep-alive
2 < Keep-Alive: timeout=5
{"access_token":"eyJhbGciOiJIUzI1NiIsInR5cCI6IkpXVCJ9.eyJzdWIiOiI5YTI2OTc2Yy0xNTMyLTRkZjMtYTE2ZS03NjMxNTI1Yzg1MDIiLCJ1c2VybmFtZSI6ImpvaG5kb2UyZDUiLCJyb2xlIjowLCJpYXQiOjE3NTA3NTY3MjksImV4cCI6MTc1MDc2MDMyOX0.oxi9KJk_1Yo3Ql4_Zf8lr1RCd2ixgXlTx5pZtZCRLjo","refresh_token":"4455837034b1bf7230d4ab323f38c30e6c0ae63e2545f29534965345b7fea37d","user":{"id":"9a26976c-1532-4df3-a16e-7631525c8502","email":"testit4@gmail.com","username":"johndoe2d5","name":"John Doe","phoneNumber":"0123456212","profilePic":null,"bio":null,"private":false,"verified":false,"role":0,"followersCount":0,"followingCount":0,"postCount":0}}

16:18:49.815 [pool-2-thread-9] DEBUG org.apache.http.wire -- http-outgoing-18 << "[\r][\n]"
16:18:49.815 [pool-2-thread-9] DEBUG org.apache.http.wire -- http-outgoing-18 << "{"access_token":"eyJhbGciOiJIUzI1NiIsInR5cCI6IkpXVCJ9.eyJzdWIiOiJkZjZmMDkxOS1hMjNkLTQ0YzktYTkyNS00ZWE4YmU1MjVkMTAiLCJ1c2VybmFtZSI6ImpvaG5kb2UyMyIsInJvbGUiOjAsImlhdCI6MTc1MDc1NjcyOSwiZXhwIjoxNzUwNzYwMzI5fQ.wwkQ_R6FyKjsLsyl79QYyZJKqeTIcMVf4BAFKWvoMf0","refresh_token":"a273c5d0bf27aa88cf1ddf259fb032c6cdbd0e84a6813e789742a712b72f98a2","user":{"id":"df6f0919-a23d-44c9-a925-4ea8be525d10","email":"testit@gmail.com","username":"johndoe23","name":"John Doe","phoneNumber":"0123456788","profilePic":null,"bio":null,"private":false,"verified":false,"role":0,"followersCount":0,"followingCount":0,"postCount":0}}"
16:18:49.815 [pool-2-thread-9] DEBUG org.apache.http.headers -- http-outgoing-18 << HTTP/1.1 200 OK
16:18:49.815 [pool-2-thread-9] DEBUG org.apache.http.headers -- http-outgoing-18 << X-Powered-By: Express
16:18:49.815 [pool-2-thread-9] DEBUG org.apache.http.headers -- http-outgoing-18 << Access-Control-Allow-Origin: *
16:18:49.815 [pool-2-thread-9] DEBUG org.apache.http.headers -- http-outgoing-18 << Content-Type: application/json; charset=utf-8
16:18:49.815 [pool-2-thread-9] DEBUG org.apache.http.headers -- http-outgoing-18 << Content-Length: 604
16:18:49.815 [pool-2-thread-9] DEBUG org.apache.http.headers -- http-outgoing-18 << ETag: W/"25c-U6z0tukAtmMhC3XTRC/DcMSkUEI"
16:18:49.815 [pool-2-thread-9] DEBUG org.apache.http.headers -- http-outgoing-18 << Date: Tue, 24 Jun 2025 09:18:49 GMT
16:18:49.815 [pool-2-thread-9] DEBUG org.apache.http.headers -- http-outgoing-18 << Connection: keep-alive
16:18:49.815 [pool-2-thread-9] DEBUG org.apache.http.headers -- http-outgoing-18 << Keep-Alive: timeout=5
16:18:49.815 [pool-2-thread-9] DEBUG org.apache.http.impl.execchain.MainClientExec -- Connection can be kept alive for 5000 MILLISECONDS
16:18:49.815 [pool-2-thread-9] DEBUG org.apache.http.impl.conn.PoolingHttpClientConnectionManager -- Connection [id: 18][route: {}->http://localhost:3000] can be kept alive for 5.0 seconds
16:18:49.815 [pool-2-thread-9] DEBUG org.apache.http.impl.conn.DefaultManagedHttpClientConnection -- http-outgoing-18: set socket timeout to 0
16:18:49.815 [pool-2-thread-9] DEBUG org.apache.http.impl.conn.PoolingHttpClientConnectionManager -- Connection released: [id: 18][route: {}->http://localhost:3000][total available: 1; route allocated: 1 of 5; total allocated: 1 of 10]
16:18:49.815 [pool-2-thread-9] DEBUG org.apache.http.impl.conn.PoolingHttpClientConnectionManager -- Connection manager is shutting down
16:18:49.815 [pool-2-thread-9] DEBUG org.apache.http.impl.conn.DefaultManagedHttpClientConnection -- http-outgoing-18: Close connection
16:18:49.815 [pool-2-thread-9] DEBUG org.apache.http.impl.conn.PoolingHttpClientConnectionManager -- Connection manager shut down
16:18:49.816 [pool-2-thread-9] DEBUG com.intuit.karate -- response time in milliseconds: 759
2 < 200
2 < X-Powered-By: Express
2 < Access-Control-Allow-Origin: *
2 < Content-Type: application/json; charset=utf-8
2 < Content-Length: 604
2 < ETag: W/"25c-U6z0tukAtmMhC3XTRC/DcMSkUEI"
2 < Date: Tue, 24 Jun 2025 09:18:49 GMT
2 < Connection: keep-alive
2 < Keep-Alive: timeout=5
{"access_token":"eyJhbGciOiJIUzI1NiIsInR5cCI6IkpXVCJ9.eyJzdWIiOiJkZjZmMDkxOS1hMjNkLTQ0YzktYTkyNS00ZWE4YmU1MjVkMTAiLCJ1c2VybmFtZSI6ImpvaG5kb2UyMyIsInJvbGUiOjAsImlhdCI6MTc1MDc1NjcyOSwiZXhwIjoxNzUwNzYwMzI5fQ.wwkQ_R6FyKjsLsyl79QYyZJKqeTIcMVf4BAFKWvoMf0","refresh_token":"a273c5d0bf27aa88cf1ddf259fb032c6cdbd0e84a6813e789742a712b72f98a2","user":{"id":"df6f0919-a23d-44c9-a925-4ea8be525d10","email":"testit@gmail.com","username":"johndoe23","name":"John Doe","phoneNumber":"0123456788","profilePic":null,"bio":null,"private":false,"verified":false,"role":0,"followersCount":0,"followingCount":0,"postCount":0}}

16:18:49.819 [pool-2-thread-9] INFO com.intuit.karate -- [print] Call 2 completed, status: 200 
16:18:49.819 [pool-2-thread-2] INFO com.intuit.karate -- [print] Call 2 completed, status: 200 
16:18:49.819 [pool-2-thread-4] INFO com.intuit.karate -- [print] Call 2 completed, status: 200 
16:18:49.819 [pool-2-thread-6] INFO com.intuit.karate -- [print] Call 2 completed, status: 200 
16:18:49.820 [pool-2-thread-4] INFO com.intuit.karate -- [print] *** API CALL 3 *** 
16:18:49.820 [pool-2-thread-9] INFO com.intuit.karate -- [print] *** API CALL 3 *** 
16:18:49.820 [pool-2-thread-2] INFO com.intuit.karate -- [print] *** API CALL 3 *** 
16:18:49.820 [pool-2-thread-6] INFO com.intuit.karate -- [print] *** API CALL 3 *** 
16:18:49.821 [pool-2-thread-4] DEBUG org.apache.http.client.protocol.RequestAddCookies -- CookieSpec selected: karate
16:18:49.821 [pool-2-thread-2] DEBUG org.apache.http.client.protocol.RequestAddCookies -- CookieSpec selected: karate
16:18:49.821 [pool-2-thread-9] DEBUG org.apache.http.client.protocol.RequestAddCookies -- CookieSpec selected: karate
16:18:49.822 [pool-2-thread-4] DEBUG org.apache.http.client.protocol.RequestAuthCache -- Auth cache not set in the context
16:18:49.822 [pool-2-thread-2] DEBUG org.apache.http.client.protocol.RequestAuthCache -- Auth cache not set in the context
16:18:49.822 [pool-2-thread-9] DEBUG org.apache.http.client.protocol.RequestAuthCache -- Auth cache not set in the context
16:18:49.822 [pool-2-thread-2] DEBUG com.intuit.karate -- request:
3 > POST http://localhost:3000/auth/login
3 > Content-Type: application/json; charset=UTF-8
3 > Content-Length: 48
3 > Host: localhost:3000
3 > Connection: Keep-Alive
3 > User-Agent: Apache-HttpClient/4.5.14 (Java/17.0.9)
3 > Accept-Encoding: gzip,deflate
{"email":"quang1@gmail.com","password":"quang1"}

16:18:49.822 [pool-2-thread-9] DEBUG com.intuit.karate -- request:
3 > POST http://localhost:3000/auth/login
3 > Content-Type: application/json; charset=UTF-8
3 > Content-Length: 53
3 > Host: localhost:3000
3 > Connection: Keep-Alive
3 > User-Agent: Apache-HttpClient/4.5.14 (Java/17.0.9)
3 > Accept-Encoding: gzip,deflate
{"email":"testit@gmail.com","password":"Password123"}

16:18:49.822 [pool-2-thread-4] DEBUG com.intuit.karate -- request:
3 > POST http://localhost:3000/auth/login
3 > Content-Type: application/json; charset=UTF-8
3 > Content-Length: 54
3 > Host: localhost:3000
3 > Connection: Keep-Alive
3 > User-Agent: Apache-HttpClient/4.5.14 (Java/17.0.9)
3 > Accept-Encoding: gzip,deflate
{"email":"test2@example.com","password":"Password123"}

16:18:49.822 [pool-2-thread-9] DEBUG org.apache.http.impl.conn.PoolingHttpClientConnectionManager -- Connection request: [route: {}->http://localhost:3000][total available: 0; route allocated: 0 of 5; total allocated: 0 of 10]
16:18:49.822 [pool-2-thread-2] DEBUG org.apache.http.impl.conn.PoolingHttpClientConnectionManager -- Connection request: [route: {}->http://localhost:3000][total available: 0; route allocated: 0 of 5; total allocated: 0 of 10]
16:18:49.822 [pool-2-thread-4] DEBUG org.apache.http.impl.conn.PoolingHttpClientConnectionManager -- Connection request: [route: {}->http://localhost:3000][total available: 0; route allocated: 0 of 5; total allocated: 0 of 10]
16:18:49.822 [pool-2-thread-2] DEBUG org.apache.http.impl.conn.PoolingHttpClientConnectionManager -- Connection leased: [id: 24][route: {}->http://localhost:3000][total available: 0; route allocated: 1 of 5; total allocated: 1 of 10]
16:18:49.822 [pool-2-thread-9] DEBUG org.apache.http.impl.conn.PoolingHttpClientConnectionManager -- Connection leased: [id: 25][route: {}->http://localhost:3000][total available: 0; route allocated: 1 of 5; total allocated: 1 of 10]
16:18:49.822 [pool-2-thread-2] DEBUG org.apache.http.impl.execchain.MainClientExec -- Opening connection {}->http://localhost:3000
16:18:49.822 [pool-2-thread-9] DEBUG org.apache.http.impl.execchain.MainClientExec -- Opening connection {}->http://localhost:3000
16:18:49.822 [pool-2-thread-4] DEBUG org.apache.http.impl.conn.PoolingHttpClientConnectionManager -- Connection leased: [id: 26][route: {}->http://localhost:3000][total available: 0; route allocated: 1 of 5; total allocated: 1 of 10]
16:18:49.822 [pool-2-thread-4] DEBUG org.apache.http.impl.execchain.MainClientExec -- Opening connection {}->http://localhost:3000
16:18:49.822 [pool-2-thread-2] DEBUG org.apache.http.impl.conn.DefaultHttpClientConnectionOperator -- Connecting to localhost/127.0.0.1:3000
16:18:49.822 [pool-2-thread-4] DEBUG org.apache.http.impl.conn.DefaultHttpClientConnectionOperator -- Connecting to localhost/127.0.0.1:3000
16:18:49.822 [pool-2-thread-9] DEBUG org.apache.http.impl.conn.DefaultHttpClientConnectionOperator -- Connecting to localhost/127.0.0.1:3000
16:18:49.822 [pool-2-thread-6] DEBUG org.apache.http.client.protocol.RequestAddCookies -- CookieSpec selected: karate
16:18:49.822 [pool-2-thread-6] DEBUG org.apache.http.client.protocol.RequestAuthCache -- Auth cache not set in the context
16:18:49.822 [pool-2-thread-6] DEBUG com.intuit.karate -- request:
3 > POST http://localhost:3000/auth/login
3 > Content-Type: application/json; charset=UTF-8
3 > Content-Length: 54
3 > Host: localhost:3000
3 > Connection: Keep-Alive
3 > User-Agent: Apache-HttpClient/4.5.14 (Java/17.0.9)
3 > Accept-Encoding: gzip,deflate
{"email":"testit4@gmail.com","password":"Password123"}

16:18:49.822 [pool-2-thread-2] DEBUG org.apache.http.impl.conn.DefaultHttpClientConnectionOperator -- Connection established 127.0.0.1:51298<->127.0.0.1:3000
16:18:49.822 [pool-2-thread-9] DEBUG org.apache.http.impl.conn.DefaultHttpClientConnectionOperator -- Connection established 127.0.0.1:51297<->127.0.0.1:3000
16:18:49.822 [pool-2-thread-2] DEBUG org.apache.http.impl.conn.DefaultManagedHttpClientConnection -- http-outgoing-25: set socket timeout to 30000
16:18:49.822 [pool-2-thread-9] DEBUG org.apache.http.impl.conn.DefaultManagedHttpClientConnection -- http-outgoing-24: set socket timeout to 30000
16:18:49.822 [pool-2-thread-6] DEBUG org.apache.http.impl.conn.PoolingHttpClientConnectionManager -- Connection request: [route: {}->http://localhost:3000][total available: 0; route allocated: 0 of 5; total allocated: 0 of 10]
16:18:49.822 [pool-2-thread-2] DEBUG org.apache.http.impl.execchain.MainClientExec -- Executing request POST /auth/login HTTP/1.1
16:18:49.822 [pool-2-thread-2] DEBUG org.apache.http.impl.execchain.MainClientExec -- Target auth state: UNCHALLENGED
16:18:49.822 [pool-2-thread-9] DEBUG org.apache.http.impl.execchain.MainClientExec -- Executing request POST /auth/login HTTP/1.1
16:18:49.822 [pool-2-thread-2] DEBUG org.apache.http.impl.execchain.MainClientExec -- Proxy auth state: UNCHALLENGED
16:18:49.822 [pool-2-thread-9] DEBUG org.apache.http.impl.execchain.MainClientExec -- Target auth state: UNCHALLENGED
16:18:49.822 [pool-2-thread-6] DEBUG org.apache.http.impl.conn.PoolingHttpClientConnectionManager -- Connection leased: [id: 27][route: {}->http://localhost:3000][total available: 0; route allocated: 1 of 5; total allocated: 1 of 10]
16:18:49.822 [pool-2-thread-9] DEBUG org.apache.http.impl.execchain.MainClientExec -- Proxy auth state: UNCHALLENGED
16:18:49.822 [pool-2-thread-6] DEBUG org.apache.http.impl.execchain.MainClientExec -- Opening connection {}->http://localhost:3000
16:18:49.822 [pool-2-thread-9] DEBUG org.apache.http.headers -- http-outgoing-24 >> POST /auth/login HTTP/1.1
16:18:49.822 [pool-2-thread-2] DEBUG org.apache.http.headers -- http-outgoing-25 >> POST /auth/login HTTP/1.1
16:18:49.822 [pool-2-thread-9] DEBUG org.apache.http.headers -- http-outgoing-24 >> Content-Type: application/json; charset=UTF-8
16:18:49.822 [pool-2-thread-6] DEBUG org.apache.http.impl.conn.DefaultHttpClientConnectionOperator -- Connecting to localhost/127.0.0.1:3000
16:18:49.822 [pool-2-thread-2] DEBUG org.apache.http.headers -- http-outgoing-25 >> Content-Type: application/json; charset=UTF-8
16:18:49.822 [pool-2-thread-9] DEBUG org.apache.http.headers -- http-outgoing-24 >> Content-Length: 53
16:18:49.822 [pool-2-thread-2] DEBUG org.apache.http.headers -- http-outgoing-25 >> Content-Length: 48
16:18:49.822 [pool-2-thread-9] DEBUG org.apache.http.headers -- http-outgoing-24 >> Host: localhost:3000
16:18:49.822 [pool-2-thread-2] DEBUG org.apache.http.headers -- http-outgoing-25 >> Host: localhost:3000
16:18:49.822 [pool-2-thread-9] DEBUG org.apache.http.headers -- http-outgoing-24 >> Connection: Keep-Alive
16:18:49.822 [pool-2-thread-4] DEBUG org.apache.http.impl.conn.DefaultHttpClientConnectionOperator -- Connection established 127.0.0.1:51299<->127.0.0.1:3000
16:18:49.822 [pool-2-thread-2] DEBUG org.apache.http.headers -- http-outgoing-25 >> Connection: Keep-Alive
16:18:49.823 [pool-2-thread-2] DEBUG org.apache.http.headers -- http-outgoing-25 >> User-Agent: Apache-HttpClient/4.5.14 (Java/17.0.9)
16:18:49.823 [pool-2-thread-4] DEBUG org.apache.http.impl.conn.DefaultManagedHttpClientConnection -- http-outgoing-26: set socket timeout to 30000
16:18:49.823 [pool-2-thread-2] DEBUG org.apache.http.headers -- http-outgoing-25 >> Accept-Encoding: gzip,deflate
16:18:49.823 [pool-2-thread-9] DEBUG org.apache.http.headers -- http-outgoing-24 >> User-Agent: Apache-HttpClient/4.5.14 (Java/17.0.9)
16:18:49.823 [pool-2-thread-4] DEBUG org.apache.http.impl.execchain.MainClientExec -- Executing request POST /auth/login HTTP/1.1
16:18:49.823 [pool-2-thread-9] DEBUG org.apache.http.headers -- http-outgoing-24 >> Accept-Encoding: gzip,deflate
16:18:49.823 [pool-2-thread-4] DEBUG org.apache.http.impl.execchain.MainClientExec -- Target auth state: UNCHALLENGED
16:18:49.823 [pool-2-thread-4] DEBUG org.apache.http.impl.execchain.MainClientExec -- Proxy auth state: UNCHALLENGED
16:18:49.823 [pool-2-thread-2] DEBUG org.apache.http.wire -- http-outgoing-25 >> "POST /auth/login HTTP/1.1[\r][\n]"
16:18:49.823 [pool-2-thread-9] DEBUG org.apache.http.wire -- http-outgoing-24 >> "POST /auth/login HTTP/1.1[\r][\n]"
16:18:49.823 [pool-2-thread-2] DEBUG org.apache.http.wire -- http-outgoing-25 >> "Content-Type: application/json; charset=UTF-8[\r][\n]"
16:18:49.823 [pool-2-thread-9] DEBUG org.apache.http.wire -- http-outgoing-24 >> "Content-Type: application/json; charset=UTF-8[\r][\n]"
16:18:49.823 [pool-2-thread-2] DEBUG org.apache.http.wire -- http-outgoing-25 >> "Content-Length: 48[\r][\n]"
16:18:49.823 [pool-2-thread-9] DEBUG org.apache.http.wire -- http-outgoing-24 >> "Content-Length: 53[\r][\n]"
16:18:49.823 [pool-2-thread-4] DEBUG org.apache.http.headers -- http-outgoing-26 >> POST /auth/login HTTP/1.1
16:18:49.823 [pool-2-thread-2] DEBUG org.apache.http.wire -- http-outgoing-25 >> "Host: localhost:3000[\r][\n]"
16:18:49.823 [pool-2-thread-4] DEBUG org.apache.http.headers -- http-outgoing-26 >> Content-Type: application/json; charset=UTF-8
16:18:49.823 [pool-2-thread-9] DEBUG org.apache.http.wire -- http-outgoing-24 >> "Host: localhost:3000[\r][\n]"
16:18:49.823 [pool-2-thread-4] DEBUG org.apache.http.headers -- http-outgoing-26 >> Content-Length: 54
16:18:49.823 [pool-2-thread-2] DEBUG org.apache.http.wire -- http-outgoing-25 >> "Connection: Keep-Alive[\r][\n]"
16:18:49.823 [pool-2-thread-9] DEBUG org.apache.http.wire -- http-outgoing-24 >> "Connection: Keep-Alive[\r][\n]"
16:18:49.823 [pool-2-thread-9] DEBUG org.apache.http.wire -- http-outgoing-24 >> "User-Agent: Apache-HttpClient/4.5.14 (Java/17.0.9)[\r][\n]"
16:18:49.823 [pool-2-thread-9] DEBUG org.apache.http.wire -- http-outgoing-24 >> "Accept-Encoding: gzip,deflate[\r][\n]"
16:18:49.823 [pool-2-thread-9] DEBUG org.apache.http.wire -- http-outgoing-24 >> "[\r][\n]"
16:18:49.823 [pool-2-thread-9] DEBUG org.apache.http.wire -- http-outgoing-24 >> "{"email":"testit@gmail.com","password":"Password123"}"
16:18:49.823 [pool-2-thread-6] DEBUG org.apache.http.impl.conn.DefaultHttpClientConnectionOperator -- Connection established 127.0.0.1:51300<->127.0.0.1:3000
16:18:49.823 [pool-2-thread-6] DEBUG org.apache.http.impl.conn.DefaultManagedHttpClientConnection -- http-outgoing-27: set socket timeout to 30000
16:18:49.823 [pool-2-thread-6] DEBUG org.apache.http.impl.execchain.MainClientExec -- Executing request POST /auth/login HTTP/1.1
16:18:49.823 [pool-2-thread-6] DEBUG org.apache.http.impl.execchain.MainClientExec -- Target auth state: UNCHALLENGED
16:18:49.823 [pool-2-thread-6] DEBUG org.apache.http.impl.execchain.MainClientExec -- Proxy auth state: UNCHALLENGED
16:18:49.823 [pool-2-thread-6] DEBUG org.apache.http.headers -- http-outgoing-27 >> POST /auth/login HTTP/1.1
16:18:49.823 [pool-2-thread-6] DEBUG org.apache.http.headers -- http-outgoing-27 >> Content-Type: application/json; charset=UTF-8
16:18:49.823 [pool-2-thread-6] DEBUG org.apache.http.headers -- http-outgoing-27 >> Content-Length: 54
16:18:49.823 [pool-2-thread-6] DEBUG org.apache.http.headers -- http-outgoing-27 >> Host: localhost:3000
16:18:49.823 [pool-2-thread-6] DEBUG org.apache.http.headers -- http-outgoing-27 >> Connection: Keep-Alive
16:18:49.823 [pool-2-thread-6] DEBUG org.apache.http.headers -- http-outgoing-27 >> User-Agent: Apache-HttpClient/4.5.14 (Java/17.0.9)
16:18:49.823 [pool-2-thread-6] DEBUG org.apache.http.headers -- http-outgoing-27 >> Accept-Encoding: gzip,deflate
16:18:49.823 [pool-2-thread-6] DEBUG org.apache.http.wire -- http-outgoing-27 >> "POST /auth/login HTTP/1.1[\r][\n]"
16:18:49.823 [pool-2-thread-6] DEBUG org.apache.http.wire -- http-outgoing-27 >> "Content-Type: application/json; charset=UTF-8[\r][\n]"
16:18:49.823 [pool-2-thread-6] DEBUG org.apache.http.wire -- http-outgoing-27 >> "Content-Length: 54[\r][\n]"
16:18:49.823 [pool-2-thread-6] DEBUG org.apache.http.wire -- http-outgoing-27 >> "Host: localhost:3000[\r][\n]"
16:18:49.823 [pool-2-thread-6] DEBUG org.apache.http.wire -- http-outgoing-27 >> "Connection: Keep-Alive[\r][\n]"
16:18:49.823 [pool-2-thread-6] DEBUG org.apache.http.wire -- http-outgoing-27 >> "User-Agent: Apache-HttpClient/4.5.14 (Java/17.0.9)[\r][\n]"
16:18:49.823 [pool-2-thread-6] DEBUG org.apache.http.wire -- http-outgoing-27 >> "Accept-Encoding: gzip,deflate[\r][\n]"
16:18:49.823 [pool-2-thread-6] DEBUG org.apache.http.wire -- http-outgoing-27 >> "[\r][\n]"
16:18:49.823 [pool-2-thread-6] DEBUG org.apache.http.wire -- http-outgoing-27 >> "{"email":"testit4@gmail.com","password":"Password123"}"
16:18:49.823 [pool-2-thread-4] DEBUG org.apache.http.headers -- http-outgoing-26 >> Host: localhost:3000
16:18:49.823 [pool-2-thread-2] DEBUG org.apache.http.wire -- http-outgoing-25 >> "User-Agent: Apache-HttpClient/4.5.14 (Java/17.0.9)[\r][\n]"
16:18:49.823 [pool-2-thread-4] DEBUG org.apache.http.headers -- http-outgoing-26 >> Connection: Keep-Alive
16:18:49.823 [pool-2-thread-4] DEBUG org.apache.http.headers -- http-outgoing-26 >> User-Agent: Apache-HttpClient/4.5.14 (Java/17.0.9)
16:18:49.823 [pool-2-thread-2] DEBUG org.apache.http.wire -- http-outgoing-25 >> "Accept-Encoding: gzip,deflate[\r][\n]"
16:18:49.823 [pool-2-thread-4] DEBUG org.apache.http.headers -- http-outgoing-26 >> Accept-Encoding: gzip,deflate
16:18:49.823 [pool-2-thread-2] DEBUG org.apache.http.wire -- http-outgoing-25 >> "[\r][\n]"
16:18:49.823 [pool-2-thread-2] DEBUG org.apache.http.wire -- http-outgoing-25 >> "{"email":"quang1@gmail.com","password":"quang1"}"
16:18:49.823 [pool-2-thread-4] DEBUG org.apache.http.wire -- http-outgoing-26 >> "POST /auth/login HTTP/1.1[\r][\n]"
16:18:49.823 [pool-2-thread-4] DEBUG org.apache.http.wire -- http-outgoing-26 >> "Content-Type: application/json; charset=UTF-8[\r][\n]"
16:18:49.823 [pool-2-thread-4] DEBUG org.apache.http.wire -- http-outgoing-26 >> "Content-Length: 54[\r][\n]"
16:18:49.823 [pool-2-thread-4] DEBUG org.apache.http.wire -- http-outgoing-26 >> "Host: localhost:3000[\r][\n]"
16:18:49.823 [pool-2-thread-4] DEBUG org.apache.http.wire -- http-outgoing-26 >> "Connection: Keep-Alive[\r][\n]"
16:18:49.824 [pool-2-thread-4] DEBUG org.apache.http.wire -- http-outgoing-26 >> "User-Agent: Apache-HttpClient/4.5.14 (Java/17.0.9)[\r][\n]"
16:18:49.824 [pool-2-thread-4] DEBUG org.apache.http.wire -- http-outgoing-26 >> "Accept-Encoding: gzip,deflate[\r][\n]"
16:18:49.824 [pool-2-thread-4] DEBUG org.apache.http.wire -- http-outgoing-26 >> "[\r][\n]"
16:18:49.824 [pool-2-thread-4] DEBUG org.apache.http.wire -- http-outgoing-26 >> "{"email":"test2@example.com","password":"Password123"}"
16:18:49.837 [pool-2-thread-8] DEBUG org.apache.http.wire -- http-outgoing-16 << "HTTP/1.1 200 OK[\r][\n]"
16:18:49.837 [pool-2-thread-8] DEBUG org.apache.http.wire -- http-outgoing-16 << "X-Powered-By: Express[\r][\n]"
16:18:49.837 [pool-2-thread-8] DEBUG org.apache.http.wire -- http-outgoing-16 << "Access-Control-Allow-Origin: *[\r][\n]"
16:18:49.837 [pool-2-thread-8] DEBUG org.apache.http.wire -- http-outgoing-16 << "Content-Type: application/json; charset=utf-8[\r][\n]"
16:18:49.837 [pool-2-thread-8] DEBUG org.apache.http.wire -- http-outgoing-16 << "Content-Length: 609[\r][\n]"
16:18:49.837 [pool-2-thread-8] DEBUG org.apache.http.wire -- http-outgoing-16 << "ETag: W/"261-VvIEK2wDZXK8YOcnxKmI0xDf/lE"[\r][\n]"
16:18:49.837 [pool-2-thread-8] DEBUG org.apache.http.wire -- http-outgoing-16 << "Date: Tue, 24 Jun 2025 09:18:49 GMT[\r][\n]"
16:18:49.837 [pool-2-thread-8] DEBUG org.apache.http.wire -- http-outgoing-16 << "Connection: keep-alive[\r][\n]"
16:18:49.837 [pool-2-thread-8] DEBUG org.apache.http.wire -- http-outgoing-16 << "Keep-Alive: timeout=5[\r][\n]"
16:18:49.837 [pool-2-thread-8] DEBUG org.apache.http.wire -- http-outgoing-16 << "[\r][\n]"
16:18:49.837 [pool-2-thread-8] DEBUG org.apache.http.wire -- http-outgoing-16 << "{"access_token":"eyJhbGciOiJIUzI1NiIsInR5cCI6IkpXVCJ9.eyJzdWIiOiIyNzJmNmI1NS01MTc5LTRhZTMtODU2My1iNGVjMTBmNzY3MTUiLCJ1c2VybmFtZSI6ImpvaG5kb2UyZDVkIiwicm9sZSI6MCwiaWF0IjoxNzUwNzU2NzI5LCJleHAiOjE3NTA3NjAzMjl9.JtnYOyEApohgETlcBU6zvIwQJLZbLSYVB71Tk6ZHvJY","refresh_token":"ac1a0af63348112dbec0fd00e83998ed152bf5ad1e60f7f6271978cabdf58ddf","user":{"id":"272f6b55-5179-4ae3-8563-b4ec10f76715","email":"testit5@gmail.com","username":"johndoe2d5d","name":"John Doe","phoneNumber":"0123456132","profilePic":null,"bio":null,"private":false,"verified":false,"role":0,"followersCount":0,"followingCount":0,"postCount":0}}"
16:18:49.837 [pool-2-thread-8] DEBUG org.apache.http.headers -- http-outgoing-16 << HTTP/1.1 200 OK
16:18:49.837 [pool-2-thread-8] DEBUG org.apache.http.headers -- http-outgoing-16 << X-Powered-By: Express
16:18:49.837 [pool-2-thread-8] DEBUG org.apache.http.headers -- http-outgoing-16 << Access-Control-Allow-Origin: *
16:18:49.838 [pool-2-thread-8] DEBUG org.apache.http.headers -- http-outgoing-16 << Content-Type: application/json; charset=utf-8
16:18:49.838 [pool-2-thread-8] DEBUG org.apache.http.headers -- http-outgoing-16 << Content-Length: 609
16:18:49.838 [pool-2-thread-8] DEBUG org.apache.http.headers -- http-outgoing-16 << ETag: W/"261-VvIEK2wDZXK8YOcnxKmI0xDf/lE"
16:18:49.838 [pool-2-thread-8] DEBUG org.apache.http.headers -- http-outgoing-16 << Date: Tue, 24 Jun 2025 09:18:49 GMT
16:18:49.838 [pool-2-thread-8] DEBUG org.apache.http.headers -- http-outgoing-16 << Connection: keep-alive
16:18:49.838 [pool-2-thread-8] DEBUG org.apache.http.headers -- http-outgoing-16 << Keep-Alive: timeout=5
16:18:49.838 [pool-2-thread-8] DEBUG org.apache.http.impl.execchain.MainClientExec -- Connection can be kept alive for 5000 MILLISECONDS
16:18:49.837 [pool-2-thread-7] DEBUG org.apache.http.wire -- http-outgoing-17 << "HTTP/1.1 200 OK[\r][\n]"
16:18:49.838 [pool-2-thread-7] DEBUG org.apache.http.wire -- http-outgoing-17 << "X-Powered-By: Express[\r][\n]"
16:18:49.838 [pool-2-thread-7] DEBUG org.apache.http.wire -- http-outgoing-17 << "Access-Control-Allow-Origin: *[\r][\n]"
16:18:49.838 [pool-2-thread-7] DEBUG org.apache.http.wire -- http-outgoing-17 << "Content-Type: application/json; charset=utf-8[\r][\n]"
16:18:49.838 [pool-2-thread-7] DEBUG org.apache.http.wire -- http-outgoing-17 << "Content-Length: 605[\r][\n]"
16:18:49.838 [pool-2-thread-7] DEBUG org.apache.http.wire -- http-outgoing-17 << "ETag: W/"25d-MIym6XLrOefZUvGtwldOZu/9gZ8"[\r][\n]"
16:18:49.838 [pool-2-thread-7] DEBUG org.apache.http.wire -- http-outgoing-17 << "Date: Tue, 24 Jun 2025 09:18:49 GMT[\r][\n]"
16:18:49.838 [pool-2-thread-7] DEBUG org.apache.http.wire -- http-outgoing-17 << "Connection: keep-alive[\r][\n]"
16:18:49.838 [pool-2-thread-7] DEBUG org.apache.http.wire -- http-outgoing-17 << "Keep-Alive: timeout=5[\r][\n]"
16:18:49.838 [pool-2-thread-7] DEBUG org.apache.http.wire -- http-outgoing-17 << "[\r][\n]"
16:18:49.838 [pool-2-thread-7] DEBUG org.apache.http.wire -- http-outgoing-17 << "{"access_token":"eyJhbGciOiJIUzI1NiIsInR5cCI6IkpXVCJ9.eyJzdWIiOiI2NTBjZTFlZC1hYWNhLTQzOGYtOTk4OC0xZjA1OGFiNWFhMWEiLCJ1c2VybmFtZSI6ImpvaG5kb2UyNSIsInJvbGUiOjAsImlhdCI6MTc1MDc1NjcyOSwiZXhwIjoxNzUwNzYwMzI5fQ.0trWoDbF7HbrzIEi67-7gU5xscix9xddXefSZ4-srkI","refresh_token":"c5356ff0085cfa0df6f29beaf1536dddf987e7609458203e9e2bc0731600fb88","user":{"id":"650ce1ed-aaca-438f-9988-1f058ab5aa1a","email":"testit3@gmail.com","username":"johndoe25","name":"John Doe","phoneNumber":"0123456713","profilePic":null,"bio":null,"private":false,"verified":false,"role":0,"followersCount":0,"followingCount":0,"postCount":0}}"
16:18:49.838 [pool-2-thread-8] DEBUG org.apache.http.impl.conn.PoolingHttpClientConnectionManager -- Connection [id: 16][route: {}->http://localhost:3000] can be kept alive for 5.0 seconds
16:18:49.838 [pool-2-thread-8] DEBUG org.apache.http.impl.conn.DefaultManagedHttpClientConnection -- http-outgoing-16: set socket timeout to 0
16:18:49.838 [pool-2-thread-8] DEBUG org.apache.http.impl.conn.PoolingHttpClientConnectionManager -- Connection released: [id: 16][route: {}->http://localhost:3000][total available: 1; route allocated: 1 of 5; total allocated: 1 of 10]
16:18:49.838 [pool-2-thread-7] DEBUG org.apache.http.headers -- http-outgoing-17 << HTTP/1.1 200 OK
16:18:49.838 [pool-2-thread-7] DEBUG org.apache.http.headers -- http-outgoing-17 << X-Powered-By: Express
16:18:49.838 [pool-2-thread-7] DEBUG org.apache.http.headers -- http-outgoing-17 << Access-Control-Allow-Origin: *
16:18:49.838 [pool-2-thread-8] DEBUG org.apache.http.impl.conn.PoolingHttpClientConnectionManager -- Connection manager is shutting down
16:18:49.838 [pool-2-thread-7] DEBUG org.apache.http.headers -- http-outgoing-17 << Content-Type: application/json; charset=utf-8
16:18:49.838 [pool-2-thread-7] DEBUG org.apache.http.headers -- http-outgoing-17 << Content-Length: 605
16:18:49.838 [pool-2-thread-8] DEBUG org.apache.http.impl.conn.DefaultManagedHttpClientConnection -- http-outgoing-16: Close connection
16:18:49.838 [pool-2-thread-7] DEBUG org.apache.http.headers -- http-outgoing-17 << ETag: W/"25d-MIym6XLrOefZUvGtwldOZu/9gZ8"
16:18:49.839 [pool-2-thread-8] DEBUG org.apache.http.impl.conn.PoolingHttpClientConnectionManager -- Connection manager shut down
16:18:49.839 [pool-2-thread-8] DEBUG com.intuit.karate -- response time in milliseconds: 840
2 < 200
2 < X-Powered-By: Express
2 < Access-Control-Allow-Origin: *
2 < Content-Type: application/json; charset=utf-8
2 < Content-Length: 609
2 < ETag: W/"261-VvIEK2wDZXK8YOcnxKmI0xDf/lE"
2 < Date: Tue, 24 Jun 2025 09:18:49 GMT
2 < Connection: keep-alive
2 < Keep-Alive: timeout=5
{"access_token":"eyJhbGciOiJIUzI1NiIsInR5cCI6IkpXVCJ9.eyJzdWIiOiIyNzJmNmI1NS01MTc5LTRhZTMtODU2My1iNGVjMTBmNzY3MTUiLCJ1c2VybmFtZSI6ImpvaG5kb2UyZDVkIiwicm9sZSI6MCwiaWF0IjoxNzUwNzU2NzI5LCJleHAiOjE3NTA3NjAzMjl9.JtnYOyEApohgETlcBU6zvIwQJLZbLSYVB71Tk6ZHvJY","refresh_token":"ac1a0af63348112dbec0fd00e83998ed152bf5ad1e60f7f6271978cabdf58ddf","user":{"id":"272f6b55-5179-4ae3-8563-b4ec10f76715","email":"testit5@gmail.com","username":"johndoe2d5d","name":"John Doe","phoneNumber":"0123456132","profilePic":null,"bio":null,"private":false,"verified":false,"role":0,"followersCount":0,"followingCount":0,"postCount":0}}

16:18:49.839 [pool-2-thread-7] DEBUG org.apache.http.headers -- http-outgoing-17 << Date: Tue, 24 Jun 2025 09:18:49 GMT
16:18:49.839 [pool-2-thread-7] DEBUG org.apache.http.headers -- http-outgoing-17 << Connection: keep-alive
16:18:49.839 [pool-2-thread-7] DEBUG org.apache.http.headers -- http-outgoing-17 << Keep-Alive: timeout=5
16:18:49.840 [pool-2-thread-7] DEBUG org.apache.http.impl.execchain.MainClientExec -- Connection can be kept alive for 5000 MILLISECONDS
16:18:49.840 [pool-2-thread-7] DEBUG org.apache.http.impl.conn.PoolingHttpClientConnectionManager -- Connection [id: 17][route: {}->http://localhost:3000] can be kept alive for 5.0 seconds
16:18:49.840 [pool-2-thread-7] DEBUG org.apache.http.impl.conn.DefaultManagedHttpClientConnection -- http-outgoing-17: set socket timeout to 0
16:18:49.840 [pool-2-thread-7] DEBUG org.apache.http.impl.conn.PoolingHttpClientConnectionManager -- Connection released: [id: 17][route: {}->http://localhost:3000][total available: 1; route allocated: 1 of 5; total allocated: 1 of 10]
16:18:49.840 [pool-2-thread-7] DEBUG org.apache.http.impl.conn.PoolingHttpClientConnectionManager -- Connection manager is shutting down
16:18:49.840 [pool-2-thread-7] DEBUG org.apache.http.impl.conn.DefaultManagedHttpClientConnection -- http-outgoing-17: Close connection
16:18:49.840 [pool-2-thread-7] DEBUG org.apache.http.impl.conn.PoolingHttpClientConnectionManager -- Connection manager shut down
16:18:49.842 [pool-2-thread-8] INFO com.intuit.karate -- [print] Call 2 completed, status: 200 
16:18:49.843 [pool-2-thread-7] DEBUG com.intuit.karate -- response time in milliseconds: 842
2 < 200
2 < X-Powered-By: Express
2 < Access-Control-Allow-Origin: *
2 < Content-Type: application/json; charset=utf-8
2 < Content-Length: 605
2 < ETag: W/"25d-MIym6XLrOefZUvGtwldOZu/9gZ8"
2 < Date: Tue, 24 Jun 2025 09:18:49 GMT
2 < Connection: keep-alive
2 < Keep-Alive: timeout=5
{"access_token":"eyJhbGciOiJIUzI1NiIsInR5cCI6IkpXVCJ9.eyJzdWIiOiI2NTBjZTFlZC1hYWNhLTQzOGYtOTk4OC0xZjA1OGFiNWFhMWEiLCJ1c2VybmFtZSI6ImpvaG5kb2UyNSIsInJvbGUiOjAsImlhdCI6MTc1MDc1NjcyOSwiZXhwIjoxNzUwNzYwMzI5fQ.0trWoDbF7HbrzIEi67-7gU5xscix9xddXefSZ4-srkI","refresh_token":"c5356ff0085cfa0df6f29beaf1536dddf987e7609458203e9e2bc0731600fb88","user":{"id":"650ce1ed-aaca-438f-9988-1f058ab5aa1a","email":"testit3@gmail.com","username":"johndoe25","name":"John Doe","phoneNumber":"0123456713","profilePic":null,"bio":null,"private":false,"verified":false,"role":0,"followersCount":0,"followingCount":0,"postCount":0}}

16:18:49.844 [pool-2-thread-8] INFO com.intuit.karate -- [print] *** API CALL 3 *** 
16:18:49.847 [pool-2-thread-8] DEBUG org.apache.http.client.protocol.RequestAddCookies -- CookieSpec selected: karate
16:18:49.847 [pool-2-thread-8] DEBUG org.apache.http.client.protocol.RequestAuthCache -- Auth cache not set in the context
16:18:49.847 [pool-2-thread-8] DEBUG com.intuit.karate -- request:
3 > POST http://localhost:3000/auth/login
3 > Content-Type: application/json; charset=UTF-8
3 > Content-Length: 54
3 > Host: localhost:3000
3 > Connection: Keep-Alive
3 > User-Agent: Apache-HttpClient/4.5.14 (Java/17.0.9)
3 > Accept-Encoding: gzip,deflate
{"email":"testit5@gmail.com","password":"Password123"}

16:18:49.847 [pool-2-thread-8] DEBUG org.apache.http.impl.conn.PoolingHttpClientConnectionManager -- Connection request: [route: {}->http://localhost:3000][total available: 0; route allocated: 0 of 5; total allocated: 0 of 10]
16:18:49.847 [pool-2-thread-8] DEBUG org.apache.http.impl.conn.PoolingHttpClientConnectionManager -- Connection leased: [id: 28][route: {}->http://localhost:3000][total available: 0; route allocated: 1 of 5; total allocated: 1 of 10]
16:18:49.847 [pool-2-thread-8] DEBUG org.apache.http.impl.execchain.MainClientExec -- Opening connection {}->http://localhost:3000
16:18:49.848 [pool-2-thread-8] DEBUG org.apache.http.impl.conn.DefaultHttpClientConnectionOperator -- Connecting to localhost/127.0.0.1:3000
16:18:49.849 [pool-2-thread-8] DEBUG org.apache.http.impl.conn.DefaultHttpClientConnectionOperator -- Connection established 127.0.0.1:51301<->127.0.0.1:3000
16:18:49.849 [pool-2-thread-8] DEBUG org.apache.http.impl.conn.DefaultManagedHttpClientConnection -- http-outgoing-28: set socket timeout to 30000
16:18:49.850 [pool-2-thread-8] DEBUG org.apache.http.impl.execchain.MainClientExec -- Executing request POST /auth/login HTTP/1.1
16:18:49.850 [pool-2-thread-8] DEBUG org.apache.http.impl.execchain.MainClientExec -- Target auth state: UNCHALLENGED
16:18:49.850 [pool-2-thread-8] DEBUG org.apache.http.impl.execchain.MainClientExec -- Proxy auth state: UNCHALLENGED
16:18:49.850 [pool-2-thread-8] DEBUG org.apache.http.headers -- http-outgoing-28 >> POST /auth/login HTTP/1.1
16:18:49.850 [pool-2-thread-8] DEBUG org.apache.http.headers -- http-outgoing-28 >> Content-Type: application/json; charset=UTF-8
16:18:49.850 [pool-2-thread-8] DEBUG org.apache.http.headers -- http-outgoing-28 >> Content-Length: 54
16:18:49.850 [pool-2-thread-8] DEBUG org.apache.http.headers -- http-outgoing-28 >> Host: localhost:3000
16:18:49.850 [pool-2-thread-8] DEBUG org.apache.http.headers -- http-outgoing-28 >> Connection: Keep-Alive
16:18:49.850 [pool-2-thread-8] DEBUG org.apache.http.headers -- http-outgoing-28 >> User-Agent: Apache-HttpClient/4.5.14 (Java/17.0.9)
16:18:49.850 [pool-2-thread-8] DEBUG org.apache.http.headers -- http-outgoing-28 >> Accept-Encoding: gzip,deflate
16:18:49.850 [pool-2-thread-8] DEBUG org.apache.http.wire -- http-outgoing-28 >> "POST /auth/login HTTP/1.1[\r][\n]"
16:18:49.850 [pool-2-thread-8] DEBUG org.apache.http.wire -- http-outgoing-28 >> "Content-Type: application/json; charset=UTF-8[\r][\n]"
16:18:49.850 [pool-2-thread-8] DEBUG org.apache.http.wire -- http-outgoing-28 >> "Content-Length: 54[\r][\n]"
16:18:49.850 [pool-2-thread-8] DEBUG org.apache.http.wire -- http-outgoing-28 >> "Host: localhost:3000[\r][\n]"
16:18:49.850 [pool-2-thread-8] DEBUG org.apache.http.wire -- http-outgoing-28 >> "Connection: Keep-Alive[\r][\n]"
16:18:49.850 [pool-2-thread-8] DEBUG org.apache.http.wire -- http-outgoing-28 >> "User-Agent: Apache-HttpClient/4.5.14 (Java/17.0.9)[\r][\n]"
16:18:49.850 [pool-2-thread-8] DEBUG org.apache.http.wire -- http-outgoing-28 >> "Accept-Encoding: gzip,deflate[\r][\n]"
16:18:49.850 [pool-2-thread-8] DEBUG org.apache.http.wire -- http-outgoing-28 >> "[\r][\n]"
16:18:49.850 [pool-2-thread-8] DEBUG org.apache.http.wire -- http-outgoing-28 >> "{"email":"testit5@gmail.com","password":"Password123"}"
16:18:49.851 [pool-2-thread-7] INFO com.intuit.karate -- [print] Call 2 completed, status: 200 
16:18:49.855 [pool-2-thread-7] INFO com.intuit.karate -- [print] *** API CALL 3 *** 
16:18:49.860 [pool-2-thread-7] DEBUG org.apache.http.client.protocol.RequestAddCookies -- CookieSpec selected: karate
16:18:49.861 [pool-2-thread-7] DEBUG org.apache.http.client.protocol.RequestAuthCache -- Auth cache not set in the context
16:18:49.861 [pool-2-thread-7] DEBUG com.intuit.karate -- request:
3 > POST http://localhost:3000/auth/login
3 > Content-Type: application/json; charset=UTF-8
3 > Content-Length: 54
3 > Host: localhost:3000
3 > Connection: Keep-Alive
3 > User-Agent: Apache-HttpClient/4.5.14 (Java/17.0.9)
3 > Accept-Encoding: gzip,deflate
{"email":"testit3@gmail.com","password":"Password123"}

16:18:49.861 [pool-2-thread-7] DEBUG org.apache.http.impl.conn.PoolingHttpClientConnectionManager -- Connection request: [route: {}->http://localhost:3000][total available: 0; route allocated: 0 of 5; total allocated: 0 of 10]
16:18:49.861 [pool-2-thread-7] DEBUG org.apache.http.impl.conn.PoolingHttpClientConnectionManager -- Connection leased: [id: 29][route: {}->http://localhost:3000][total available: 0; route allocated: 1 of 5; total allocated: 1 of 10]
16:18:49.861 [pool-2-thread-7] DEBUG org.apache.http.impl.execchain.MainClientExec -- Opening connection {}->http://localhost:3000
16:18:49.861 [pool-2-thread-7] DEBUG org.apache.http.impl.conn.DefaultHttpClientConnectionOperator -- Connecting to localhost/127.0.0.1:3000
16:18:49.862 [pool-2-thread-7] DEBUG org.apache.http.impl.conn.DefaultHttpClientConnectionOperator -- Connection established 127.0.0.1:51302<->127.0.0.1:3000
16:18:49.862 [pool-2-thread-7] DEBUG org.apache.http.impl.conn.DefaultManagedHttpClientConnection -- http-outgoing-29: set socket timeout to 30000
16:18:49.862 [pool-2-thread-7] DEBUG org.apache.http.impl.execchain.MainClientExec -- Executing request POST /auth/login HTTP/1.1
16:18:49.862 [pool-2-thread-7] DEBUG org.apache.http.impl.execchain.MainClientExec -- Target auth state: UNCHALLENGED
16:18:49.862 [pool-2-thread-7] DEBUG org.apache.http.impl.execchain.MainClientExec -- Proxy auth state: UNCHALLENGED
16:18:49.862 [pool-2-thread-7] DEBUG org.apache.http.headers -- http-outgoing-29 >> POST /auth/login HTTP/1.1
16:18:49.862 [pool-2-thread-7] DEBUG org.apache.http.headers -- http-outgoing-29 >> Content-Type: application/json; charset=UTF-8
16:18:49.862 [pool-2-thread-7] DEBUG org.apache.http.headers -- http-outgoing-29 >> Content-Length: 54
16:18:49.862 [pool-2-thread-7] DEBUG org.apache.http.headers -- http-outgoing-29 >> Host: localhost:3000
16:18:49.862 [pool-2-thread-7] DEBUG org.apache.http.headers -- http-outgoing-29 >> Connection: Keep-Alive
16:18:49.862 [pool-2-thread-7] DEBUG org.apache.http.headers -- http-outgoing-29 >> User-Agent: Apache-HttpClient/4.5.14 (Java/17.0.9)
16:18:49.862 [pool-2-thread-7] DEBUG org.apache.http.headers -- http-outgoing-29 >> Accept-Encoding: gzip,deflate
16:18:49.862 [pool-2-thread-7] DEBUG org.apache.http.wire -- http-outgoing-29 >> "POST /auth/login HTTP/1.1[\r][\n]"
16:18:49.862 [pool-2-thread-7] DEBUG org.apache.http.wire -- http-outgoing-29 >> "Content-Type: application/json; charset=UTF-8[\r][\n]"
16:18:49.862 [pool-2-thread-7] DEBUG org.apache.http.wire -- http-outgoing-29 >> "Content-Length: 54[\r][\n]"
16:18:49.862 [pool-2-thread-7] DEBUG org.apache.http.wire -- http-outgoing-29 >> "Host: localhost:3000[\r][\n]"
16:18:49.862 [pool-2-thread-7] DEBUG org.apache.http.wire -- http-outgoing-29 >> "Connection: Keep-Alive[\r][\n]"
16:18:49.862 [pool-2-thread-7] DEBUG org.apache.http.wire -- http-outgoing-29 >> "User-Agent: Apache-HttpClient/4.5.14 (Java/17.0.9)[\r][\n]"
16:18:49.862 [pool-2-thread-7] DEBUG org.apache.http.wire -- http-outgoing-29 >> "Accept-Encoding: gzip,deflate[\r][\n]"
16:18:49.862 [pool-2-thread-7] DEBUG org.apache.http.wire -- http-outgoing-29 >> "[\r][\n]"
16:18:49.862 [pool-2-thread-7] DEBUG org.apache.http.wire -- http-outgoing-29 >> "{"email":"testit3@gmail.com","password":"Password123"}"
16:18:50.030 [pool-2-thread-10] DEBUG org.apache.http.wire -- http-outgoing-20 << "HTTP/1.1 200 OK[\r][\n]"
16:18:50.031 [pool-2-thread-10] DEBUG org.apache.http.wire -- http-outgoing-20 << "X-Powered-By: Express[\r][\n]"
16:18:50.031 [pool-2-thread-10] DEBUG org.apache.http.wire -- http-outgoing-20 << "Access-Control-Allow-Origin: *[\r][\n]"
16:18:50.031 [pool-2-thread-10] DEBUG org.apache.http.wire -- http-outgoing-20 << "Content-Type: application/json; charset=utf-8[\r][\n]"
16:18:50.031 [pool-2-thread-10] DEBUG org.apache.http.wire -- http-outgoing-20 << "Content-Length: 605[\r][\n]"
16:18:50.031 [pool-2-thread-10] DEBUG org.apache.http.wire -- http-outgoing-20 << "ETag: W/"25d-Ey75bsZxPD4ck1w53dYKPgx2cLU"[\r][\n]"
16:18:50.031 [pool-2-thread-10] DEBUG org.apache.http.wire -- http-outgoing-20 << "Date: Tue, 24 Jun 2025 09:18:50 GMT[\r][\n]"
16:18:50.031 [pool-2-thread-10] DEBUG org.apache.http.wire -- http-outgoing-20 << "Connection: keep-alive[\r][\n]"
16:18:50.031 [pool-2-thread-10] DEBUG org.apache.http.wire -- http-outgoing-20 << "Keep-Alive: timeout=5[\r][\n]"
16:18:50.031 [pool-2-thread-10] DEBUG org.apache.http.wire -- http-outgoing-20 << "[\r][\n]"
16:18:50.031 [pool-2-thread-10] DEBUG org.apache.http.wire -- http-outgoing-20 << "{"access_token":"eyJhbGciOiJIUzI1NiIsInR5cCI6IkpXVCJ9.eyJzdWIiOiIwYTM3ZWY0My1mZWU4LTQxZDMtYTY4Ni04YWIwODY5NDg2OTUiLCJ1c2VybmFtZSI6ImpvaG5kb2UyMSIsInJvbGUiOjAsImlhdCI6MTc1MDc1NjcyOSwiZXhwIjoxNzUwNzYwMzI5fQ.Q4DAajHS9Dg7Fv8R6nvEyhVjRal0amHlQDrh08vA_Os","refresh_token":"ccf0b6d04266d9cd3e2df91460faf15c8cc06d4fbcb154f59508a04933cb2d1d","user":{"id":"0a37ef43-fee8-41d3-a686-8ab086948695","email":"testit2@gmail.com","username":"johndoe21","name":"John Doe","phoneNumber":"0123456712","profilePic":null,"bio":null,"private":false,"verified":false,"role":0,"followersCount":0,"followingCount":0,"postCount":0}}"
16:18:50.032 [pool-2-thread-10] DEBUG org.apache.http.headers -- http-outgoing-20 << HTTP/1.1 200 OK
16:18:50.032 [pool-2-thread-10] DEBUG org.apache.http.headers -- http-outgoing-20 << X-Powered-By: Express
16:18:50.032 [pool-2-thread-10] DEBUG org.apache.http.headers -- http-outgoing-20 << Access-Control-Allow-Origin: *
16:18:50.032 [pool-2-thread-10] DEBUG org.apache.http.headers -- http-outgoing-20 << Content-Type: application/json; charset=utf-8
16:18:50.032 [pool-2-thread-10] DEBUG org.apache.http.headers -- http-outgoing-20 << Content-Length: 605
16:18:50.032 [pool-2-thread-10] DEBUG org.apache.http.headers -- http-outgoing-20 << ETag: W/"25d-Ey75bsZxPD4ck1w53dYKPgx2cLU"
16:18:50.032 [pool-2-thread-10] DEBUG org.apache.http.headers -- http-outgoing-20 << Date: Tue, 24 Jun 2025 09:18:50 GMT
16:18:50.032 [pool-2-thread-10] DEBUG org.apache.http.headers -- http-outgoing-20 << Connection: keep-alive
16:18:50.032 [pool-2-thread-10] DEBUG org.apache.http.headers -- http-outgoing-20 << Keep-Alive: timeout=5
16:18:50.032 [pool-2-thread-10] DEBUG org.apache.http.impl.execchain.MainClientExec -- Connection can be kept alive for 5000 MILLISECONDS
16:18:50.032 [pool-2-thread-10] DEBUG org.apache.http.impl.conn.PoolingHttpClientConnectionManager -- Connection [id: 20][route: {}->http://localhost:3000] can be kept alive for 5.0 seconds
16:18:50.032 [pool-2-thread-10] DEBUG org.apache.http.impl.conn.DefaultManagedHttpClientConnection -- http-outgoing-20: set socket timeout to 0
16:18:50.032 [pool-2-thread-10] DEBUG org.apache.http.impl.conn.PoolingHttpClientConnectionManager -- Connection released: [id: 20][route: {}->http://localhost:3000][total available: 1; route allocated: 1 of 5; total allocated: 1 of 10]
16:18:50.032 [pool-2-thread-10] DEBUG org.apache.http.impl.conn.PoolingHttpClientConnectionManager -- Connection manager is shutting down
16:18:50.032 [pool-2-thread-10] DEBUG org.apache.http.impl.conn.DefaultManagedHttpClientConnection -- http-outgoing-20: Close connection
16:18:50.032 [pool-2-thread-10] DEBUG org.apache.http.impl.conn.PoolingHttpClientConnectionManager -- Connection manager shut down
16:18:50.033 [pool-2-thread-10] DEBUG com.intuit.karate -- response time in milliseconds: 313
3 < 200
3 < X-Powered-By: Express
3 < Access-Control-Allow-Origin: *
3 < Content-Type: application/json; charset=utf-8
3 < Content-Length: 605
3 < ETag: W/"25d-Ey75bsZxPD4ck1w53dYKPgx2cLU"
3 < Date: Tue, 24 Jun 2025 09:18:50 GMT
3 < Connection: keep-alive
3 < Keep-Alive: timeout=5
{"access_token":"eyJhbGciOiJIUzI1NiIsInR5cCI6IkpXVCJ9.eyJzdWIiOiIwYTM3ZWY0My1mZWU4LTQxZDMtYTY4Ni04YWIwODY5NDg2OTUiLCJ1c2VybmFtZSI6ImpvaG5kb2UyMSIsInJvbGUiOjAsImlhdCI6MTc1MDc1NjcyOSwiZXhwIjoxNzUwNzYwMzI5fQ.Q4DAajHS9Dg7Fv8R6nvEyhVjRal0amHlQDrh08vA_Os","refresh_token":"ccf0b6d04266d9cd3e2df91460faf15c8cc06d4fbcb154f59508a04933cb2d1d","user":{"id":"0a37ef43-fee8-41d3-a686-8ab086948695","email":"testit2@gmail.com","username":"johndoe21","name":"John Doe","phoneNumber":"0123456712","profilePic":null,"bio":null,"private":false,"verified":false,"role":0,"followersCount":0,"followingCount":0,"postCount":0}}

16:18:50.036 [pool-2-thread-10] INFO com.intuit.karate -- [print] Call 3 completed, status: 200 
16:18:50.040 [pool-2-thread-10] INFO com.intuit.karate -- [print] *** API CALL 4 *** 
16:18:50.043 [pool-2-thread-10] DEBUG org.apache.http.client.protocol.RequestAddCookies -- CookieSpec selected: karate
16:18:50.043 [pool-2-thread-10] DEBUG org.apache.http.client.protocol.RequestAuthCache -- Auth cache not set in the context
16:18:50.043 [pool-2-thread-10] DEBUG com.intuit.karate -- request:
4 > POST http://localhost:3000/auth/login
4 > Content-Type: application/json; charset=UTF-8
4 > Content-Length: 54
4 > Host: localhost:3000
4 > Connection: Keep-Alive
4 > User-Agent: Apache-HttpClient/4.5.14 (Java/17.0.9)
4 > Accept-Encoding: gzip,deflate
{"email":"testit2@gmail.com","password":"Password123"}

16:18:50.043 [pool-2-thread-10] DEBUG org.apache.http.impl.conn.PoolingHttpClientConnectionManager -- Connection request: [route: {}->http://localhost:3000][total available: 0; route allocated: 0 of 5; total allocated: 0 of 10]
16:18:50.043 [pool-2-thread-10] DEBUG org.apache.http.impl.conn.PoolingHttpClientConnectionManager -- Connection leased: [id: 30][route: {}->http://localhost:3000][total available: 0; route allocated: 1 of 5; total allocated: 1 of 10]
16:18:50.043 [pool-2-thread-10] DEBUG org.apache.http.impl.execchain.MainClientExec -- Opening connection {}->http://localhost:3000
16:18:50.044 [pool-2-thread-10] DEBUG org.apache.http.impl.conn.DefaultHttpClientConnectionOperator -- Connecting to localhost/127.0.0.1:3000
16:18:50.044 [pool-2-thread-10] DEBUG org.apache.http.impl.conn.DefaultHttpClientConnectionOperator -- Connection established 127.0.0.1:51303<->127.0.0.1:3000
16:18:50.045 [pool-2-thread-10] DEBUG org.apache.http.impl.conn.DefaultManagedHttpClientConnection -- http-outgoing-30: set socket timeout to 30000
16:18:50.045 [pool-2-thread-10] DEBUG org.apache.http.impl.execchain.MainClientExec -- Executing request POST /auth/login HTTP/1.1
16:18:50.045 [pool-2-thread-10] DEBUG org.apache.http.impl.execchain.MainClientExec -- Target auth state: UNCHALLENGED
16:18:50.045 [pool-2-thread-10] DEBUG org.apache.http.impl.execchain.MainClientExec -- Proxy auth state: UNCHALLENGED
16:18:50.045 [pool-2-thread-10] DEBUG org.apache.http.headers -- http-outgoing-30 >> POST /auth/login HTTP/1.1
16:18:50.045 [pool-2-thread-10] DEBUG org.apache.http.headers -- http-outgoing-30 >> Content-Type: application/json; charset=UTF-8
16:18:50.045 [pool-2-thread-10] DEBUG org.apache.http.headers -- http-outgoing-30 >> Content-Length: 54
16:18:50.045 [pool-2-thread-10] DEBUG org.apache.http.headers -- http-outgoing-30 >> Host: localhost:3000
16:18:50.045 [pool-2-thread-10] DEBUG org.apache.http.headers -- http-outgoing-30 >> Connection: Keep-Alive
16:18:50.045 [pool-2-thread-10] DEBUG org.apache.http.headers -- http-outgoing-30 >> User-Agent: Apache-HttpClient/4.5.14 (Java/17.0.9)
16:18:50.045 [pool-2-thread-10] DEBUG org.apache.http.headers -- http-outgoing-30 >> Accept-Encoding: gzip,deflate
16:18:50.045 [pool-2-thread-10] DEBUG org.apache.http.wire -- http-outgoing-30 >> "POST /auth/login HTTP/1.1[\r][\n]"
16:18:50.045 [pool-2-thread-10] DEBUG org.apache.http.wire -- http-outgoing-30 >> "Content-Type: application/json; charset=UTF-8[\r][\n]"
16:18:50.045 [pool-2-thread-10] DEBUG org.apache.http.wire -- http-outgoing-30 >> "Content-Length: 54[\r][\n]"
16:18:50.045 [pool-2-thread-10] DEBUG org.apache.http.wire -- http-outgoing-30 >> "Host: localhost:3000[\r][\n]"
16:18:50.045 [pool-2-thread-10] DEBUG org.apache.http.wire -- http-outgoing-30 >> "Connection: Keep-Alive[\r][\n]"
16:18:50.045 [pool-2-thread-10] DEBUG org.apache.http.wire -- http-outgoing-30 >> "User-Agent: Apache-HttpClient/4.5.14 (Java/17.0.9)[\r][\n]"
16:18:50.045 [pool-2-thread-10] DEBUG org.apache.http.wire -- http-outgoing-30 >> "Accept-Encoding: gzip,deflate[\r][\n]"
16:18:50.045 [pool-2-thread-10] DEBUG org.apache.http.wire -- http-outgoing-30 >> "[\r][\n]"
16:18:50.045 [pool-2-thread-10] DEBUG org.apache.http.wire -- http-outgoing-30 >> "{"email":"testit2@gmail.com","password":"Password123"}"
16:18:50.634 [pool-2-thread-5] DEBUG org.apache.http.wire -- http-outgoing-23 << "HTTP/1.1 200 OK[\r][\n]"
16:18:50.634 [pool-2-thread-5] DEBUG org.apache.http.wire -- http-outgoing-23 << "X-Powered-By: Express[\r][\n]"
16:18:50.634 [pool-2-thread-5] DEBUG org.apache.http.wire -- http-outgoing-23 << "Access-Control-Allow-Origin: *[\r][\n]"
16:18:50.634 [pool-2-thread-5] DEBUG org.apache.http.wire -- http-outgoing-23 << "Content-Type: application/json; charset=utf-8[\r][\n]"
16:18:50.634 [pool-2-thread-5] DEBUG org.apache.http.wire -- http-outgoing-23 << "Content-Length: 607[\r][\n]"
16:18:50.634 [pool-2-thread-5] DEBUG org.apache.http.wire -- http-outgoing-23 << "ETag: W/"25f-xKbhD8h6sZyzdKZ1FXh8k7OkAN0"[\r][\n]"
16:18:50.634 [pool-2-thread-3] DEBUG org.apache.http.wire -- http-outgoing-21 << "HTTP/1.1 200 OK[\r][\n]"
16:18:50.634 [pool-2-thread-5] DEBUG org.apache.http.wire -- http-outgoing-23 << "Date: Tue, 24 Jun 2025 09:18:50 GMT[\r][\n]"
16:18:50.634 [pool-2-thread-3] DEBUG org.apache.http.wire -- http-outgoing-21 << "X-Powered-By: Express[\r][\n]"
16:18:50.634 [pool-2-thread-5] DEBUG org.apache.http.wire -- http-outgoing-23 << "Connection: keep-alive[\r][\n]"
16:18:50.634 [pool-2-thread-5] DEBUG org.apache.http.wire -- http-outgoing-23 << "Keep-Alive: timeout=5[\r][\n]"
16:18:50.634 [pool-2-thread-3] DEBUG org.apache.http.wire -- http-outgoing-21 << "Access-Control-Allow-Origin: *[\r][\n]"
16:18:50.634 [pool-2-thread-5] DEBUG org.apache.http.wire -- http-outgoing-23 << "[\r][\n]"
16:18:50.635 [pool-2-thread-3] DEBUG org.apache.http.wire -- http-outgoing-21 << "Content-Type: application/json; charset=utf-8[\r][\n]"
16:18:50.635 [pool-2-thread-3] DEBUG org.apache.http.wire -- http-outgoing-21 << "Content-Length: 599[\r][\n]"
16:18:50.635 [pool-2-thread-5] DEBUG org.apache.http.wire -- http-outgoing-23 << "{"access_token":"eyJhbGciOiJIUzI1NiIsInR5cCI6IkpXVCJ9.eyJzdWIiOiJjMjE0MjJkZi1jY2VjLTQ0MGUtOWE0Mi1jMWI4MmFiZjczM2QiLCJ1c2VybmFtZSI6ImpvaG5kb2UyOCIsInJvbGUiOjAsImlhdCI6MTc1MDc1NjczMCwiZXhwIjoxNzUwNzYwMzMwfQ.Sj-3BxHfJzhIK7cU3n_UOgCR4yTtTYfltQvon602Mjo","refresh_token":"830d60f6ba4656d68a8c2a1782eebbdcec891804faef9ed519a5a754e2ce76b3","user":{"id":"c21422df-ccec-440e-9a42-c1b82abf733d","email":"test28@example.com","username":"johndoe28","name":"John Doe","phoneNumber":"84987654321","profilePic":null,"bio":null,"private":false,"verified":false,"role":0,"followersCount":0,"followingCount":0,"postCount":0}}"
16:18:50.635 [pool-2-thread-3] DEBUG org.apache.http.wire -- http-outgoing-21 << "ETag: W/"257-F/KFCHwOCcufbWA6V9HIjdkFUO4"[\r][\n]"
16:18:50.635 [pool-2-thread-3] DEBUG org.apache.http.wire -- http-outgoing-21 << "Date: Tue, 24 Jun 2025 09:18:50 GMT[\r][\n]"
16:18:50.635 [pool-2-thread-3] DEBUG org.apache.http.wire -- http-outgoing-21 << "Connection: keep-alive[\r][\n]"
16:18:50.635 [pool-2-thread-3] DEBUG org.apache.http.wire -- http-outgoing-21 << "Keep-Alive: timeout=5[\r][\n]"
16:18:50.635 [pool-2-thread-3] DEBUG org.apache.http.wire -- http-outgoing-21 << "[\r][\n]"
16:18:50.635 [pool-2-thread-3] DEBUG org.apache.http.wire -- http-outgoing-21 << "{"access_token":"eyJhbGciOiJIUzI1NiIsInR5cCI6IkpXVCJ9.eyJzdWIiOiIyZGRhMDQzOS01MTgwLTQ1YWEtOTE3Zi1lNjMyZTQ1YThlNDEiLCJ1c2VybmFtZSI6ImpvaG5kb2UiLCJyb2xlIjowLCJpYXQiOjE3NTA3NTY3MjksImV4cCI6MTc1MDc2MDMyOX0.epy3yBSqlV8APw6UAN2e27Ghx7wB-WygoZuUBf9zWA0","refresh_token":"ee425ab1d6cc5577309b11fdbd702fcd7b23007b55e56c23fb6553c4d4804114","user":{"id":"2dda0439-5180-45aa-917f-e632e45a8e41","email":"test@example.com","username":"johndoe","name":"John Doe","phoneNumber":"0987654321","profilePic":null,"bio":null,"private":false,"verified":false,"role":0,"followersCount":0,"followingCount":0,"postCount":0}}"
16:18:50.635 [pool-2-thread-5] DEBUG org.apache.http.headers -- http-outgoing-23 << HTTP/1.1 200 OK
16:18:50.635 [pool-2-thread-5] DEBUG org.apache.http.headers -- http-outgoing-23 << X-Powered-By: Express
16:18:50.635 [pool-2-thread-5] DEBUG org.apache.http.headers -- http-outgoing-23 << Access-Control-Allow-Origin: *
16:18:50.635 [pool-2-thread-5] DEBUG org.apache.http.headers -- http-outgoing-23 << Content-Type: application/json; charset=utf-8
16:18:50.635 [pool-2-thread-5] DEBUG org.apache.http.headers -- http-outgoing-23 << Content-Length: 607
16:18:50.635 [pool-2-thread-5] DEBUG org.apache.http.headers -- http-outgoing-23 << ETag: W/"25f-xKbhD8h6sZyzdKZ1FXh8k7OkAN0"
16:18:50.635 [pool-2-thread-3] DEBUG org.apache.http.headers -- http-outgoing-21 << HTTP/1.1 200 OK
16:18:50.635 [pool-2-thread-5] DEBUG org.apache.http.headers -- http-outgoing-23 << Date: Tue, 24 Jun 2025 09:18:50 GMT
16:18:50.635 [pool-2-thread-3] DEBUG org.apache.http.headers -- http-outgoing-21 << X-Powered-By: Express
16:18:50.635 [pool-2-thread-5] DEBUG org.apache.http.headers -- http-outgoing-23 << Connection: keep-alive
16:18:50.635 [pool-2-thread-3] DEBUG org.apache.http.headers -- http-outgoing-21 << Access-Control-Allow-Origin: *
16:18:50.635 [pool-2-thread-5] DEBUG org.apache.http.headers -- http-outgoing-23 << Keep-Alive: timeout=5
16:18:50.635 [pool-2-thread-3] DEBUG org.apache.http.headers -- http-outgoing-21 << Content-Type: application/json; charset=utf-8
16:18:50.635 [pool-2-thread-3] DEBUG org.apache.http.headers -- http-outgoing-21 << Content-Length: 599
16:18:50.635 [pool-2-thread-3] DEBUG org.apache.http.headers -- http-outgoing-21 << ETag: W/"257-F/KFCHwOCcufbWA6V9HIjdkFUO4"
16:18:50.635 [pool-2-thread-3] DEBUG org.apache.http.headers -- http-outgoing-21 << Date: Tue, 24 Jun 2025 09:18:50 GMT
16:18:50.635 [pool-2-thread-3] DEBUG org.apache.http.headers -- http-outgoing-21 << Connection: keep-alive
16:18:50.635 [pool-2-thread-3] DEBUG org.apache.http.headers -- http-outgoing-21 << Keep-Alive: timeout=5
16:18:50.635 [pool-2-thread-1] DEBUG org.apache.http.wire -- http-outgoing-22 << "HTTP/1.1 200 OK[\r][\n]"
16:18:50.635 [pool-2-thread-1] DEBUG org.apache.http.wire -- http-outgoing-22 << "X-Powered-By: Express[\r][\n]"
16:18:50.635 [pool-2-thread-1] DEBUG org.apache.http.wire -- http-outgoing-22 << "Access-Control-Allow-Origin: *[\r][\n]"
16:18:50.635 [pool-2-thread-5] DEBUG org.apache.http.impl.execchain.MainClientExec -- Connection can be kept alive for 5000 MILLISECONDS
16:18:50.635 [pool-2-thread-3] DEBUG org.apache.http.impl.execchain.MainClientExec -- Connection can be kept alive for 5000 MILLISECONDS
16:18:50.635 [pool-2-thread-1] DEBUG org.apache.http.wire -- http-outgoing-22 << "Content-Type: application/json; charset=utf-8[\r][\n]"
16:18:50.635 [pool-2-thread-1] DEBUG org.apache.http.wire -- http-outgoing-22 << "Content-Length: 708[\r][\n]"
16:18:50.635 [pool-2-thread-1] DEBUG org.apache.http.wire -- http-outgoing-22 << "ETag: W/"2c4-JJ769XX8mZMlw9fgzsEU8o2aKFc"[\r][\n]"
16:18:50.635 [pool-2-thread-1] DEBUG org.apache.http.wire -- http-outgoing-22 << "Date: Tue, 24 Jun 2025 09:18:50 GMT[\r][\n]"
16:18:50.635 [pool-2-thread-1] DEBUG org.apache.http.wire -- http-outgoing-22 << "Connection: keep-alive[\r][\n]"
16:18:50.635 [pool-2-thread-1] DEBUG org.apache.http.wire -- http-outgoing-22 << "Keep-Alive: timeout=5[\r][\n]"
16:18:50.635 [pool-2-thread-1] DEBUG org.apache.http.wire -- http-outgoing-22 << "[\r][\n]"
16:18:50.635 [pool-2-thread-1] DEBUG org.apache.http.wire -- http-outgoing-22 << "{"access_token":"eyJhbGciOiJIUzI1NiIsInR5cCI6IkpXVCJ9.eyJzdWIiOiIwODUxNWIwNS0yZDNlLTQ3ODktYWQ2MC1kYjM1NTI1YTQ5NzAiLCJ1c2VybmFtZSI6Im5hbSIsInJvbGUiOjAsImlhdCI6MTc1MDc1NjcyOSwiZXhwIjoxNzUwNzYwMzI5fQ.Rls7Fq2RbXWl5HnhxdhTwo3Q6SOQOigVQv4pJS-_heo","refresh_token":"7de82f430e0863ab36beaf721f9d0d4c23a38470aecb94c0309683ea97acf0ec","user":{"id":"08515b05-2d3e-4789-ad60-db35525a4970","email":"nam@gmail.com","username":"nam","name":"nam","phoneNumber":"0123456789","profilePic":"https://res.cloudinary.com/dizcvrefo/image/upload/v1749266646/nestjs_uploads/zk9zrpeidnovxibfqdxr.png","bio":"Chu tich hoi dong Quan tri 1","private":false,"verified":false,"role":0,"followersCount":2,"followingCount":5,"postCount":13}}"
16:18:50.635 [pool-2-thread-5] DEBUG org.apache.http.impl.conn.PoolingHttpClientConnectionManager -- Connection [id: 23][route: {}->http://localhost:3000] can be kept alive for 5.0 seconds
16:18:50.635 [pool-2-thread-1] DEBUG org.apache.http.headers -- http-outgoing-22 << HTTP/1.1 200 OK
16:18:50.635 [pool-2-thread-5] DEBUG org.apache.http.impl.conn.DefaultManagedHttpClientConnection -- http-outgoing-23: set socket timeout to 0
16:18:50.635 [pool-2-thread-3] DEBUG org.apache.http.impl.conn.PoolingHttpClientConnectionManager -- Connection [id: 21][route: {}->http://localhost:3000] can be kept alive for 5.0 seconds
16:18:50.635 [pool-2-thread-3] DEBUG org.apache.http.impl.conn.DefaultManagedHttpClientConnection -- http-outgoing-21: set socket timeout to 0
16:18:50.635 [pool-2-thread-5] DEBUG org.apache.http.impl.conn.PoolingHttpClientConnectionManager -- Connection released: [id: 23][route: {}->http://localhost:3000][total available: 1; route allocated: 1 of 5; total allocated: 1 of 10]
16:18:50.635 [pool-2-thread-3] DEBUG org.apache.http.impl.conn.PoolingHttpClientConnectionManager -- Connection released: [id: 21][route: {}->http://localhost:3000][total available: 1; route allocated: 1 of 5; total allocated: 1 of 10]
16:18:50.635 [pool-2-thread-1] DEBUG org.apache.http.headers -- http-outgoing-22 << X-Powered-By: Express
16:18:50.635 [pool-2-thread-5] DEBUG org.apache.http.impl.conn.PoolingHttpClientConnectionManager -- Connection manager is shutting down
16:18:50.636 [pool-2-thread-3] DEBUG org.apache.http.impl.conn.PoolingHttpClientConnectionManager -- Connection manager is shutting down
16:18:50.636 [pool-2-thread-3] DEBUG org.apache.http.impl.conn.DefaultManagedHttpClientConnection -- http-outgoing-21: Close connection
16:18:50.636 [pool-2-thread-1] DEBUG org.apache.http.headers -- http-outgoing-22 << Access-Control-Allow-Origin: *
16:18:50.636 [pool-2-thread-5] DEBUG org.apache.http.impl.conn.DefaultManagedHttpClientConnection -- http-outgoing-23: Close connection
16:18:50.636 [pool-2-thread-1] DEBUG org.apache.http.headers -- http-outgoing-22 << Content-Type: application/json; charset=utf-8
16:18:50.636 [pool-2-thread-1] DEBUG org.apache.http.headers -- http-outgoing-22 << Content-Length: 708
16:18:50.636 [pool-2-thread-1] DEBUG org.apache.http.headers -- http-outgoing-22 << ETag: W/"2c4-JJ769XX8mZMlw9fgzsEU8o2aKFc"
16:18:50.636 [pool-2-thread-1] DEBUG org.apache.http.headers -- http-outgoing-22 << Date: Tue, 24 Jun 2025 09:18:50 GMT
16:18:50.636 [pool-2-thread-1] DEBUG org.apache.http.headers -- http-outgoing-22 << Connection: keep-alive
16:18:50.636 [pool-2-thread-1] DEBUG org.apache.http.headers -- http-outgoing-22 << Keep-Alive: timeout=5
16:18:50.636 [pool-2-thread-3] DEBUG org.apache.http.impl.conn.PoolingHttpClientConnectionManager -- Connection manager shut down
16:18:50.636 [pool-2-thread-5] DEBUG org.apache.http.impl.conn.PoolingHttpClientConnectionManager -- Connection manager shut down
16:18:50.636 [pool-2-thread-1] DEBUG org.apache.http.impl.execchain.MainClientExec -- Connection can be kept alive for 5000 MILLISECONDS
16:18:50.636 [pool-2-thread-5] DEBUG com.intuit.karate -- response time in milliseconds: 876
3 < 200
3 < X-Powered-By: Express
3 < Access-Control-Allow-Origin: *
3 < Content-Type: application/json; charset=utf-8
3 < Content-Length: 607
3 < ETag: W/"25f-xKbhD8h6sZyzdKZ1FXh8k7OkAN0"
3 < Date: Tue, 24 Jun 2025 09:18:50 GMT
3 < Connection: keep-alive
3 < Keep-Alive: timeout=5
{"access_token":"eyJhbGciOiJIUzI1NiIsInR5cCI6IkpXVCJ9.eyJzdWIiOiJjMjE0MjJkZi1jY2VjLTQ0MGUtOWE0Mi1jMWI4MmFiZjczM2QiLCJ1c2VybmFtZSI6ImpvaG5kb2UyOCIsInJvbGUiOjAsImlhdCI6MTc1MDc1NjczMCwiZXhwIjoxNzUwNzYwMzMwfQ.Sj-3BxHfJzhIK7cU3n_UOgCR4yTtTYfltQvon602Mjo","refresh_token":"830d60f6ba4656d68a8c2a1782eebbdcec891804faef9ed519a5a754e2ce76b3","user":{"id":"c21422df-ccec-440e-9a42-c1b82abf733d","email":"test28@example.com","username":"johndoe28","name":"John Doe","phoneNumber":"84987654321","profilePic":null,"bio":null,"private":false,"verified":false,"role":0,"followersCount":0,"followingCount":0,"postCount":0}}

16:18:50.636 [pool-2-thread-3] DEBUG com.intuit.karate -- response time in milliseconds: 912
3 < 200
3 < X-Powered-By: Express
3 < Access-Control-Allow-Origin: *
3 < Content-Type: application/json; charset=utf-8
3 < Content-Length: 599
3 < ETag: W/"257-F/KFCHwOCcufbWA6V9HIjdkFUO4"
3 < Date: Tue, 24 Jun 2025 09:18:50 GMT
3 < Connection: keep-alive
3 < Keep-Alive: timeout=5
{"access_token":"eyJhbGciOiJIUzI1NiIsInR5cCI6IkpXVCJ9.eyJzdWIiOiIyZGRhMDQzOS01MTgwLTQ1YWEtOTE3Zi1lNjMyZTQ1YThlNDEiLCJ1c2VybmFtZSI6ImpvaG5kb2UiLCJyb2xlIjowLCJpYXQiOjE3NTA3NTY3MjksImV4cCI6MTc1MDc2MDMyOX0.epy3yBSqlV8APw6UAN2e27Ghx7wB-WygoZuUBf9zWA0","refresh_token":"ee425ab1d6cc5577309b11fdbd702fcd7b23007b55e56c23fb6553c4d4804114","user":{"id":"2dda0439-5180-45aa-917f-e632e45a8e41","email":"test@example.com","username":"johndoe","name":"John Doe","phoneNumber":"0987654321","profilePic":null,"bio":null,"private":false,"verified":false,"role":0,"followersCount":0,"followingCount":0,"postCount":0}}

16:18:50.636 [pool-2-thread-1] DEBUG org.apache.http.impl.conn.PoolingHttpClientConnectionManager -- Connection [id: 22][route: {}->http://localhost:3000] can be kept alive for 5.0 seconds
16:18:50.636 [pool-2-thread-1] DEBUG org.apache.http.impl.conn.DefaultManagedHttpClientConnection -- http-outgoing-22: set socket timeout to 0
16:18:50.636 [pool-2-thread-1] DEBUG org.apache.http.impl.conn.PoolingHttpClientConnectionManager -- Connection released: [id: 22][route: {}->http://localhost:3000][total available: 1; route allocated: 1 of 5; total allocated: 1 of 10]
16:18:50.636 [pool-2-thread-1] DEBUG org.apache.http.impl.conn.PoolingHttpClientConnectionManager -- Connection manager is shutting down
16:18:50.636 [pool-2-thread-1] DEBUG org.apache.http.impl.conn.DefaultManagedHttpClientConnection -- http-outgoing-22: Close connection
16:18:50.637 [pool-2-thread-1] DEBUG org.apache.http.impl.conn.PoolingHttpClientConnectionManager -- Connection manager shut down
16:18:50.637 [pool-2-thread-1] DEBUG com.intuit.karate -- response time in milliseconds: 908
3 < 200
3 < X-Powered-By: Express
3 < Access-Control-Allow-Origin: *
3 < Content-Type: application/json; charset=utf-8
3 < Content-Length: 708
3 < ETag: W/"2c4-JJ769XX8mZMlw9fgzsEU8o2aKFc"
3 < Date: Tue, 24 Jun 2025 09:18:50 GMT
3 < Connection: keep-alive
3 < Keep-Alive: timeout=5
{"access_token":"eyJhbGciOiJIUzI1NiIsInR5cCI6IkpXVCJ9.eyJzdWIiOiIwODUxNWIwNS0yZDNlLTQ3ODktYWQ2MC1kYjM1NTI1YTQ5NzAiLCJ1c2VybmFtZSI6Im5hbSIsInJvbGUiOjAsImlhdCI6MTc1MDc1NjcyOSwiZXhwIjoxNzUwNzYwMzI5fQ.Rls7Fq2RbXWl5HnhxdhTwo3Q6SOQOigVQv4pJS-_heo","refresh_token":"7de82f430e0863ab36beaf721f9d0d4c23a38470aecb94c0309683ea97acf0ec","user":{"id":"08515b05-2d3e-4789-ad60-db35525a4970","email":"nam@gmail.com","username":"nam","name":"nam","phoneNumber":"0123456789","profilePic":"https://res.cloudinary.com/dizcvrefo/image/upload/v1749266646/nestjs_uploads/zk9zrpeidnovxibfqdxr.png","bio":"Chu tich hoi dong Quan tri 1","private":false,"verified":false,"role":0,"followersCount":2,"followingCount":5,"postCount":13}}

16:18:50.639 [pool-2-thread-1] INFO com.intuit.karate -- [print] Call 3 completed, status: 200 
16:18:50.639 [pool-2-thread-3] INFO com.intuit.karate -- [print] Call 3 completed, status: 200 
16:18:50.639 [pool-2-thread-5] INFO com.intuit.karate -- [print] Call 3 completed, status: 200 
16:18:50.640 [pool-2-thread-3] INFO com.intuit.karate -- [print] *** API CALL 4 *** 
16:18:50.640 [pool-2-thread-1] INFO com.intuit.karate -- [print] *** API CALL 4 *** 
16:18:50.640 [pool-2-thread-5] INFO com.intuit.karate -- [print] *** API CALL 4 *** 
16:18:50.642 [pool-2-thread-5] DEBUG org.apache.http.client.protocol.RequestAddCookies -- CookieSpec selected: karate
16:18:50.642 [pool-2-thread-3] DEBUG org.apache.http.client.protocol.RequestAddCookies -- CookieSpec selected: karate
16:18:50.642 [pool-2-thread-3] DEBUG org.apache.http.client.protocol.RequestAuthCache -- Auth cache not set in the context
16:18:50.642 [pool-2-thread-5] DEBUG org.apache.http.client.protocol.RequestAuthCache -- Auth cache not set in the context
16:18:50.642 [pool-2-thread-3] DEBUG com.intuit.karate -- request:
4 > POST http://localhost:3000/auth/login
4 > Content-Type: application/json; charset=UTF-8
4 > Content-Length: 53
4 > Host: localhost:3000
4 > Connection: Keep-Alive
4 > User-Agent: Apache-HttpClient/4.5.14 (Java/17.0.9)
4 > Accept-Encoding: gzip,deflate
{"email":"test@example.com","password":"Password123"}

16:18:50.642 [pool-2-thread-5] DEBUG com.intuit.karate -- request:
4 > POST http://localhost:3000/auth/login
4 > Content-Type: application/json; charset=UTF-8
4 > Content-Length: 55
4 > Host: localhost:3000
4 > Connection: Keep-Alive
4 > User-Agent: Apache-HttpClient/4.5.14 (Java/17.0.9)
4 > Accept-Encoding: gzip,deflate
{"email":"test28@example.com","password":"Password123"}

16:18:50.643 [pool-2-thread-3] DEBUG org.apache.http.impl.conn.PoolingHttpClientConnectionManager -- Connection request: [route: {}->http://localhost:3000][total available: 0; route allocated: 0 of 5; total allocated: 0 of 10]
16:18:50.643 [pool-2-thread-5] DEBUG org.apache.http.impl.conn.PoolingHttpClientConnectionManager -- Connection request: [route: {}->http://localhost:3000][total available: 0; route allocated: 0 of 5; total allocated: 0 of 10]
16:18:50.643 [pool-2-thread-1] DEBUG org.apache.http.client.protocol.RequestAddCookies -- CookieSpec selected: karate
16:18:50.643 [pool-2-thread-1] DEBUG org.apache.http.client.protocol.RequestAuthCache -- Auth cache not set in the context
16:18:50.643 [pool-2-thread-1] DEBUG com.intuit.karate -- request:
4 > POST http://localhost:3000/auth/login
4 > Content-Type: application/json; charset=UTF-8
4 > Content-Length: 45
4 > Host: localhost:3000
4 > Connection: Keep-Alive
4 > User-Agent: Apache-HttpClient/4.5.14 (Java/17.0.9)
4 > Accept-Encoding: gzip,deflate
{"email":"nam@gmail.com","password":"123456"}

16:18:50.643 [pool-2-thread-5] DEBUG org.apache.http.impl.conn.PoolingHttpClientConnectionManager -- Connection leased: [id: 32][route: {}->http://localhost:3000][total available: 0; route allocated: 1 of 5; total allocated: 1 of 10]
16:18:50.643 [pool-2-thread-3] DEBUG org.apache.http.impl.conn.PoolingHttpClientConnectionManager -- Connection leased: [id: 31][route: {}->http://localhost:3000][total available: 0; route allocated: 1 of 5; total allocated: 1 of 10]
16:18:50.643 [pool-2-thread-3] DEBUG org.apache.http.impl.execchain.MainClientExec -- Opening connection {}->http://localhost:3000
16:18:50.643 [pool-2-thread-5] DEBUG org.apache.http.impl.execchain.MainClientExec -- Opening connection {}->http://localhost:3000
16:18:50.643 [pool-2-thread-1] DEBUG org.apache.http.impl.conn.PoolingHttpClientConnectionManager -- Connection request: [route: {}->http://localhost:3000][total available: 0; route allocated: 0 of 5; total allocated: 0 of 10]
16:18:50.643 [pool-2-thread-1] DEBUG org.apache.http.impl.conn.PoolingHttpClientConnectionManager -- Connection leased: [id: 33][route: {}->http://localhost:3000][total available: 0; route allocated: 1 of 5; total allocated: 1 of 10]
16:18:50.643 [pool-2-thread-1] DEBUG org.apache.http.impl.execchain.MainClientExec -- Opening connection {}->http://localhost:3000
16:18:50.643 [pool-2-thread-3] DEBUG org.apache.http.impl.conn.DefaultHttpClientConnectionOperator -- Connecting to localhost/127.0.0.1:3000
16:18:50.643 [pool-2-thread-1] DEBUG org.apache.http.impl.conn.DefaultHttpClientConnectionOperator -- Connecting to localhost/127.0.0.1:3000
16:18:50.643 [pool-2-thread-5] DEBUG org.apache.http.impl.conn.DefaultHttpClientConnectionOperator -- Connecting to localhost/127.0.0.1:3000
16:18:50.644 [pool-2-thread-1] DEBUG org.apache.http.impl.conn.DefaultHttpClientConnectionOperator -- Connection established 127.0.0.1:51306<->127.0.0.1:3000
16:18:50.644 [pool-2-thread-5] DEBUG org.apache.http.impl.conn.DefaultHttpClientConnectionOperator -- Connection established 127.0.0.1:51305<->127.0.0.1:3000
16:18:50.644 [pool-2-thread-1] DEBUG org.apache.http.impl.conn.DefaultManagedHttpClientConnection -- http-outgoing-33: set socket timeout to 30000
16:18:50.644 [pool-2-thread-3] DEBUG org.apache.http.impl.conn.DefaultHttpClientConnectionOperator -- Connection established 127.0.0.1:51304<->127.0.0.1:3000
16:18:50.644 [pool-2-thread-5] DEBUG org.apache.http.impl.conn.DefaultManagedHttpClientConnection -- http-outgoing-32: set socket timeout to 30000
16:18:50.644 [pool-2-thread-3] DEBUG org.apache.http.impl.conn.DefaultManagedHttpClientConnection -- http-outgoing-31: set socket timeout to 30000
16:18:50.644 [pool-2-thread-1] DEBUG org.apache.http.impl.execchain.MainClientExec -- Executing request POST /auth/login HTTP/1.1
16:18:50.644 [pool-2-thread-5] DEBUG org.apache.http.impl.execchain.MainClientExec -- Executing request POST /auth/login HTTP/1.1
16:18:50.644 [pool-2-thread-1] DEBUG org.apache.http.impl.execchain.MainClientExec -- Target auth state: UNCHALLENGED
16:18:50.644 [pool-2-thread-5] DEBUG org.apache.http.impl.execchain.MainClientExec -- Target auth state: UNCHALLENGED
16:18:50.644 [pool-2-thread-1] DEBUG org.apache.http.impl.execchain.MainClientExec -- Proxy auth state: UNCHALLENGED
16:18:50.644 [pool-2-thread-3] DEBUG org.apache.http.impl.execchain.MainClientExec -- Executing request POST /auth/login HTTP/1.1
16:18:50.644 [pool-2-thread-5] DEBUG org.apache.http.impl.execchain.MainClientExec -- Proxy auth state: UNCHALLENGED
16:18:50.644 [pool-2-thread-3] DEBUG org.apache.http.impl.execchain.MainClientExec -- Target auth state: UNCHALLENGED
16:18:50.644 [pool-2-thread-3] DEBUG org.apache.http.impl.execchain.MainClientExec -- Proxy auth state: UNCHALLENGED
16:18:50.644 [pool-2-thread-1] DEBUG org.apache.http.headers -- http-outgoing-33 >> POST /auth/login HTTP/1.1
16:18:50.644 [pool-2-thread-3] DEBUG org.apache.http.headers -- http-outgoing-31 >> POST /auth/login HTTP/1.1
16:18:50.644 [pool-2-thread-1] DEBUG org.apache.http.headers -- http-outgoing-33 >> Content-Type: application/json; charset=UTF-8
16:18:50.644 [pool-2-thread-1] DEBUG org.apache.http.headers -- http-outgoing-33 >> Content-Length: 45
16:18:50.644 [pool-2-thread-5] DEBUG org.apache.http.headers -- http-outgoing-32 >> POST /auth/login HTTP/1.1
16:18:50.644 [pool-2-thread-3] DEBUG org.apache.http.headers -- http-outgoing-31 >> Content-Type: application/json; charset=UTF-8
16:18:50.644 [pool-2-thread-5] DEBUG org.apache.http.headers -- http-outgoing-32 >> Content-Type: application/json; charset=UTF-8
16:18:50.644 [pool-2-thread-3] DEBUG org.apache.http.headers -- http-outgoing-31 >> Content-Length: 53
16:18:50.644 [pool-2-thread-3] DEBUG org.apache.http.headers -- http-outgoing-31 >> Host: localhost:3000
16:18:50.644 [pool-2-thread-3] DEBUG org.apache.http.headers -- http-outgoing-31 >> Connection: Keep-Alive
16:18:50.644 [pool-2-thread-3] DEBUG org.apache.http.headers -- http-outgoing-31 >> User-Agent: Apache-HttpClient/4.5.14 (Java/17.0.9)
16:18:50.644 [pool-2-thread-3] DEBUG org.apache.http.headers -- http-outgoing-31 >> Accept-Encoding: gzip,deflate
16:18:50.644 [pool-2-thread-3] DEBUG org.apache.http.wire -- http-outgoing-31 >> "POST /auth/login HTTP/1.1[\r][\n]"
16:18:50.644 [pool-2-thread-3] DEBUG org.apache.http.wire -- http-outgoing-31 >> "Content-Type: application/json; charset=UTF-8[\r][\n]"
16:18:50.644 [pool-2-thread-3] DEBUG org.apache.http.wire -- http-outgoing-31 >> "Content-Length: 53[\r][\n]"
16:18:50.644 [pool-2-thread-3] DEBUG org.apache.http.wire -- http-outgoing-31 >> "Host: localhost:3000[\r][\n]"
16:18:50.644 [pool-2-thread-3] DEBUG org.apache.http.wire -- http-outgoing-31 >> "Connection: Keep-Alive[\r][\n]"
16:18:50.644 [pool-2-thread-3] DEBUG org.apache.http.wire -- http-outgoing-31 >> "User-Agent: Apache-HttpClient/4.5.14 (Java/17.0.9)[\r][\n]"
16:18:50.644 [pool-2-thread-3] DEBUG org.apache.http.wire -- http-outgoing-31 >> "Accept-Encoding: gzip,deflate[\r][\n]"
16:18:50.644 [pool-2-thread-3] DEBUG org.apache.http.wire -- http-outgoing-31 >> "[\r][\n]"
16:18:50.644 [pool-2-thread-3] DEBUG org.apache.http.wire -- http-outgoing-31 >> "{"email":"test@example.com","password":"Password123"}"
16:18:50.644 [pool-2-thread-1] DEBUG org.apache.http.headers -- http-outgoing-33 >> Host: localhost:3000
16:18:50.644 [pool-2-thread-5] DEBUG org.apache.http.headers -- http-outgoing-32 >> Content-Length: 55
16:18:50.645 [pool-2-thread-1] DEBUG org.apache.http.headers -- http-outgoing-33 >> Connection: Keep-Alive
16:18:50.645 [pool-2-thread-1] DEBUG org.apache.http.headers -- http-outgoing-33 >> User-Agent: Apache-HttpClient/4.5.14 (Java/17.0.9)
16:18:50.645 [pool-2-thread-1] DEBUG org.apache.http.headers -- http-outgoing-33 >> Accept-Encoding: gzip,deflate
16:18:50.645 [pool-2-thread-5] DEBUG org.apache.http.headers -- http-outgoing-32 >> Host: localhost:3000
16:18:50.645 [pool-2-thread-5] DEBUG org.apache.http.headers -- http-outgoing-32 >> Connection: Keep-Alive
16:18:50.645 [pool-2-thread-5] DEBUG org.apache.http.headers -- http-outgoing-32 >> User-Agent: Apache-HttpClient/4.5.14 (Java/17.0.9)
16:18:50.645 [pool-2-thread-5] DEBUG org.apache.http.headers -- http-outgoing-32 >> Accept-Encoding: gzip,deflate
16:18:50.645 [pool-2-thread-1] DEBUG org.apache.http.wire -- http-outgoing-33 >> "POST /auth/login HTTP/1.1[\r][\n]"
16:18:50.645 [pool-2-thread-1] DEBUG org.apache.http.wire -- http-outgoing-33 >> "Content-Type: application/json; charset=UTF-8[\r][\n]"
16:18:50.645 [pool-2-thread-5] DEBUG org.apache.http.wire -- http-outgoing-32 >> "POST /auth/login HTTP/1.1[\r][\n]"
16:18:50.645 [pool-2-thread-1] DEBUG org.apache.http.wire -- http-outgoing-33 >> "Content-Length: 45[\r][\n]"
16:18:50.645 [pool-2-thread-5] DEBUG org.apache.http.wire -- http-outgoing-32 >> "Content-Type: application/json; charset=UTF-8[\r][\n]"
16:18:50.645 [pool-2-thread-1] DEBUG org.apache.http.wire -- http-outgoing-33 >> "Host: localhost:3000[\r][\n]"
16:18:50.645 [pool-2-thread-5] DEBUG org.apache.http.wire -- http-outgoing-32 >> "Content-Length: 55[\r][\n]"
16:18:50.645 [pool-2-thread-1] DEBUG org.apache.http.wire -- http-outgoing-33 >> "Connection: Keep-Alive[\r][\n]"
16:18:50.645 [pool-2-thread-5] DEBUG org.apache.http.wire -- http-outgoing-32 >> "Host: localhost:3000[\r][\n]"
16:18:50.645 [pool-2-thread-1] DEBUG org.apache.http.wire -- http-outgoing-33 >> "User-Agent: Apache-HttpClient/4.5.14 (Java/17.0.9)[\r][\n]"
16:18:50.645 [pool-2-thread-1] DEBUG org.apache.http.wire -- http-outgoing-33 >> "Accept-Encoding: gzip,deflate[\r][\n]"
16:18:50.645 [pool-2-thread-1] DEBUG org.apache.http.wire -- http-outgoing-33 >> "[\r][\n]"
16:18:50.645 [pool-2-thread-5] DEBUG org.apache.http.wire -- http-outgoing-32 >> "Connection: Keep-Alive[\r][\n]"
16:18:50.645 [pool-2-thread-5] DEBUG org.apache.http.wire -- http-outgoing-32 >> "User-Agent: Apache-HttpClient/4.5.14 (Java/17.0.9)[\r][\n]"
16:18:50.645 [pool-2-thread-5] DEBUG org.apache.http.wire -- http-outgoing-32 >> "Accept-Encoding: gzip,deflate[\r][\n]"
16:18:50.645 [pool-2-thread-5] DEBUG org.apache.http.wire -- http-outgoing-32 >> "[\r][\n]"
16:18:50.645 [pool-2-thread-5] DEBUG org.apache.http.wire -- http-outgoing-32 >> "{"email":"test28@example.com","password":"Password123"}"
16:18:50.645 [pool-2-thread-1] DEBUG org.apache.http.wire -- http-outgoing-33 >> "{"email":"nam@gmail.com","password":"123456"}"
16:18:50.708 [pool-2-thread-2] DEBUG org.apache.http.wire -- http-outgoing-25 << "HTTP/1.1 200 OK[\r][\n]"
16:18:50.708 [pool-2-thread-2] DEBUG org.apache.http.wire -- http-outgoing-25 << "X-Powered-By: Express[\r][\n]"
16:18:50.708 [pool-2-thread-2] DEBUG org.apache.http.wire -- http-outgoing-25 << "Access-Control-Allow-Origin: *[\r][\n]"
16:18:50.708 [pool-2-thread-2] DEBUG org.apache.http.wire -- http-outgoing-25 << "Content-Type: application/json; charset=utf-8[\r][\n]"
16:18:50.708 [pool-2-thread-2] DEBUG org.apache.http.wire -- http-outgoing-25 << "Content-Length: 715[\r][\n]"
16:18:50.708 [pool-2-thread-2] DEBUG org.apache.http.wire -- http-outgoing-25 << "ETag: W/"2cb-AN32cIAoCjEkh2/MKfarwfEk75A"[\r][\n]"
16:18:50.708 [pool-2-thread-2] DEBUG org.apache.http.wire -- http-outgoing-25 << "Date: Tue, 24 Jun 2025 09:18:50 GMT[\r][\n]"
16:18:50.708 [pool-2-thread-2] DEBUG org.apache.http.wire -- http-outgoing-25 << "Connection: keep-alive[\r][\n]"
16:18:50.708 [pool-2-thread-2] DEBUG org.apache.http.wire -- http-outgoing-25 << "Keep-Alive: timeout=5[\r][\n]"
16:18:50.708 [pool-2-thread-2] DEBUG org.apache.http.wire -- http-outgoing-25 << "[\r][\n]"
16:18:50.708 [pool-2-thread-9] DEBUG org.apache.http.wire -- http-outgoing-24 << "HTTP/1.1 200 OK[\r][\n]"
16:18:50.708 [pool-2-thread-2] DEBUG org.apache.http.wire -- http-outgoing-25 << "{"access_token":"eyJhbGciOiJIUzI1NiIsInR5cCI6IkpXVCJ9.eyJzdWIiOiIyYjg0YWEyNC02NjhhLTQwZTItYWYxYy1hZDRmYzRmYTVhNmYiLCJ1c2VybmFtZSI6InF1YW5nMSIsInJvbGUiOjAsImlhdCI6MTc1MDc1NjczMCwiZXhwIjoxNzUwNzYwMzMwfQ.2euL2xKwLZ8tjvsiTqXJ05DBSOBnGcCU0HTLjpV1sAw","refresh_token":"6454062d7fdffe1ff00ab722197499e9ab97d78fe712608f991bf016cf3b55b9","user":{"id":"2b84aa24-668a-40e2-af1c-ad4fc4fa5a6f","email":"quang1@gmail.com","username":"quang1","name":"quang1","phoneNumber":"09874563210","profilePic":"https://res.cloudinary.com/dizcvrefo/image/upload/v1749027586/nestjs_uploads/xehairydt9rzlbmbmv4c.jpg","bio":"Thang Nam Lao Vua Thoi","private":false,"verified":false,"role":0,"followersCount":2,"followingCount":3,"postCount":2}}"
16:18:50.708 [pool-2-thread-9] DEBUG org.apache.http.wire -- http-outgoing-24 << "X-Powered-By: Express[\r][\n]"
16:18:50.708 [pool-2-thread-9] DEBUG org.apache.http.wire -- http-outgoing-24 << "Access-Control-Allow-Origin: *[\r][\n]"
16:18:50.708 [pool-2-thread-9] DEBUG org.apache.http.wire -- http-outgoing-24 << "Content-Type: application/json; charset=utf-8[\r][\n]"
16:18:50.708 [pool-2-thread-9] DEBUG org.apache.http.wire -- http-outgoing-24 << "Content-Length: 604[\r][\n]"
16:18:50.708 [pool-2-thread-9] DEBUG org.apache.http.wire -- http-outgoing-24 << "ETag: W/"25c-L8AO2rs+B0JaWcOFkYzPV5ockmg"[\r][\n]"
16:18:50.708 [pool-2-thread-9] DEBUG org.apache.http.wire -- http-outgoing-24 << "Date: Tue, 24 Jun 2025 09:18:50 GMT[\r][\n]"
16:18:50.708 [pool-2-thread-9] DEBUG org.apache.http.wire -- http-outgoing-24 << "Connection: keep-alive[\r][\n]"
16:18:50.708 [pool-2-thread-9] DEBUG org.apache.http.wire -- http-outgoing-24 << "Keep-Alive: timeout=5[\r][\n]"
16:18:50.708 [pool-2-thread-9] DEBUG org.apache.http.wire -- http-outgoing-24 << "[\r][\n]"
16:18:50.708 [pool-2-thread-2] DEBUG org.apache.http.headers -- http-outgoing-25 << HTTP/1.1 200 OK
16:18:50.708 [pool-2-thread-2] DEBUG org.apache.http.headers -- http-outgoing-25 << X-Powered-By: Express
16:18:50.708 [pool-2-thread-2] DEBUG org.apache.http.headers -- http-outgoing-25 << Access-Control-Allow-Origin: *
16:18:50.708 [pool-2-thread-2] DEBUG org.apache.http.headers -- http-outgoing-25 << Content-Type: application/json; charset=utf-8
16:18:50.708 [pool-2-thread-2] DEBUG org.apache.http.headers -- http-outgoing-25 << Content-Length: 715
16:18:50.708 [pool-2-thread-2] DEBUG org.apache.http.headers -- http-outgoing-25 << ETag: W/"2cb-AN32cIAoCjEkh2/MKfarwfEk75A"
16:18:50.708 [pool-2-thread-9] DEBUG org.apache.http.wire -- http-outgoing-24 << "{"access_token":"eyJhbGciOiJIUzI1NiIsInR5cCI6IkpXVCJ9.eyJzdWIiOiJkZjZmMDkxOS1hMjNkLTQ0YzktYTkyNS00ZWE4YmU1MjVkMTAiLCJ1c2VybmFtZSI6ImpvaG5kb2UyMyIsInJvbGUiOjAsImlhdCI6MTc1MDc1NjczMCwiZXhwIjoxNzUwNzYwMzMwfQ.QdUR83MV3TgG7FijRu87HauQ56NtLslPwFY0jcTNpiE","refresh_token":"6b3c179747799fe012a17d3c9176c214c9adf971973447ae60e94c1ab7e21993","user":{"id":"df6f0919-a23d-44c9-a925-4ea8be525d10","email":"testit@gmail.com","username":"johndoe23","name":"John Doe","phoneNumber":"0123456788","profilePic":null,"bio":null,"private":false,"verified":false,"role":0,"followersCount":0,"followingCount":0,"postCount":0}}"
16:18:50.708 [pool-2-thread-2] DEBUG org.apache.http.headers -- http-outgoing-25 << Date: Tue, 24 Jun 2025 09:18:50 GMT
16:18:50.708 [pool-2-thread-2] DEBUG org.apache.http.headers -- http-outgoing-25 << Connection: keep-alive
16:18:50.708 [pool-2-thread-2] DEBUG org.apache.http.headers -- http-outgoing-25 << Keep-Alive: timeout=5
16:18:50.708 [pool-2-thread-9] DEBUG org.apache.http.headers -- http-outgoing-24 << HTTP/1.1 200 OK
16:18:50.709 [pool-2-thread-9] DEBUG org.apache.http.headers -- http-outgoing-24 << X-Powered-By: Express
16:18:50.709 [pool-2-thread-9] DEBUG org.apache.http.headers -- http-outgoing-24 << Access-Control-Allow-Origin: *
16:18:50.709 [pool-2-thread-9] DEBUG org.apache.http.headers -- http-outgoing-24 << Content-Type: application/json; charset=utf-8
16:18:50.709 [pool-2-thread-9] DEBUG org.apache.http.headers -- http-outgoing-24 << Content-Length: 604
16:18:50.709 [pool-2-thread-2] DEBUG org.apache.http.impl.execchain.MainClientExec -- Connection can be kept alive for 5000 MILLISECONDS
16:18:50.709 [pool-2-thread-9] DEBUG org.apache.http.headers -- http-outgoing-24 << ETag: W/"25c-L8AO2rs+B0JaWcOFkYzPV5ockmg"
16:18:50.709 [pool-2-thread-9] DEBUG org.apache.http.headers -- http-outgoing-24 << Date: Tue, 24 Jun 2025 09:18:50 GMT
16:18:50.709 [pool-2-thread-9] DEBUG org.apache.http.headers -- http-outgoing-24 << Connection: keep-alive
16:18:50.709 [pool-2-thread-9] DEBUG org.apache.http.headers -- http-outgoing-24 << Keep-Alive: timeout=5
16:18:50.709 [pool-2-thread-9] DEBUG org.apache.http.impl.execchain.MainClientExec -- Connection can be kept alive for 5000 MILLISECONDS
16:18:50.709 [pool-2-thread-2] DEBUG org.apache.http.impl.conn.PoolingHttpClientConnectionManager -- Connection [id: 24][route: {}->http://localhost:3000] can be kept alive for 5.0 seconds
16:18:50.709 [pool-2-thread-2] DEBUG org.apache.http.impl.conn.DefaultManagedHttpClientConnection -- http-outgoing-25: set socket timeout to 0
16:18:50.709 [pool-2-thread-2] DEBUG org.apache.http.impl.conn.PoolingHttpClientConnectionManager -- Connection released: [id: 24][route: {}->http://localhost:3000][total available: 1; route allocated: 1 of 5; total allocated: 1 of 10]
16:18:50.709 [pool-2-thread-9] DEBUG org.apache.http.impl.conn.PoolingHttpClientConnectionManager -- Connection [id: 25][route: {}->http://localhost:3000] can be kept alive for 5.0 seconds
16:18:50.709 [pool-2-thread-9] DEBUG org.apache.http.impl.conn.DefaultManagedHttpClientConnection -- http-outgoing-24: set socket timeout to 0
16:18:50.709 [pool-2-thread-2] DEBUG org.apache.http.impl.conn.PoolingHttpClientConnectionManager -- Connection manager is shutting down
16:18:50.709 [pool-2-thread-2] DEBUG org.apache.http.impl.conn.DefaultManagedHttpClientConnection -- http-outgoing-25: Close connection
16:18:50.709 [pool-2-thread-9] DEBUG org.apache.http.impl.conn.PoolingHttpClientConnectionManager -- Connection released: [id: 25][route: {}->http://localhost:3000][total available: 1; route allocated: 1 of 5; total allocated: 1 of 10]
16:18:50.709 [pool-2-thread-9] DEBUG org.apache.http.impl.conn.PoolingHttpClientConnectionManager -- Connection manager is shutting down
16:18:50.709 [pool-2-thread-9] DEBUG org.apache.http.impl.conn.DefaultManagedHttpClientConnection -- http-outgoing-24: Close connection
16:18:50.709 [pool-2-thread-2] DEBUG org.apache.http.impl.conn.PoolingHttpClientConnectionManager -- Connection manager shut down
16:18:50.709 [pool-2-thread-9] DEBUG org.apache.http.impl.conn.PoolingHttpClientConnectionManager -- Connection manager shut down
16:18:50.709 [pool-2-thread-2] DEBUG com.intuit.karate -- response time in milliseconds: 887
3 < 200
3 < X-Powered-By: Express
3 < Access-Control-Allow-Origin: *
3 < Content-Type: application/json; charset=utf-8
3 < Content-Length: 715
3 < ETag: W/"2cb-AN32cIAoCjEkh2/MKfarwfEk75A"
3 < Date: Tue, 24 Jun 2025 09:18:50 GMT
3 < Connection: keep-alive
3 < Keep-Alive: timeout=5
{"access_token":"eyJhbGciOiJIUzI1NiIsInR5cCI6IkpXVCJ9.eyJzdWIiOiIyYjg0YWEyNC02NjhhLTQwZTItYWYxYy1hZDRmYzRmYTVhNmYiLCJ1c2VybmFtZSI6InF1YW5nMSIsInJvbGUiOjAsImlhdCI6MTc1MDc1NjczMCwiZXhwIjoxNzUwNzYwMzMwfQ.2euL2xKwLZ8tjvsiTqXJ05DBSOBnGcCU0HTLjpV1sAw","refresh_token":"6454062d7fdffe1ff00ab722197499e9ab97d78fe712608f991bf016cf3b55b9","user":{"id":"2b84aa24-668a-40e2-af1c-ad4fc4fa5a6f","email":"quang1@gmail.com","username":"quang1","name":"quang1","phoneNumber":"09874563210","profilePic":"https://res.cloudinary.com/dizcvrefo/image/upload/v1749027586/nestjs_uploads/xehairydt9rzlbmbmv4c.jpg","bio":"Thang Nam Lao Vua Thoi","private":false,"verified":false,"role":0,"followersCount":2,"followingCount":3,"postCount":2}}

16:18:50.709 [pool-2-thread-9] DEBUG com.intuit.karate -- response time in milliseconds: 887
3 < 200
3 < X-Powered-By: Express
3 < Access-Control-Allow-Origin: *
3 < Content-Type: application/json; charset=utf-8
3 < Content-Length: 604
3 < ETag: W/"25c-L8AO2rs+B0JaWcOFkYzPV5ockmg"
3 < Date: Tue, 24 Jun 2025 09:18:50 GMT
3 < Connection: keep-alive
3 < Keep-Alive: timeout=5
{"access_token":"eyJhbGciOiJIUzI1NiIsInR5cCI6IkpXVCJ9.eyJzdWIiOiJkZjZmMDkxOS1hMjNkLTQ0YzktYTkyNS00ZWE4YmU1MjVkMTAiLCJ1c2VybmFtZSI6ImpvaG5kb2UyMyIsInJvbGUiOjAsImlhdCI6MTc1MDc1NjczMCwiZXhwIjoxNzUwNzYwMzMwfQ.QdUR83MV3TgG7FijRu87HauQ56NtLslPwFY0jcTNpiE","refresh_token":"6b3c179747799fe012a17d3c9176c214c9adf971973447ae60e94c1ab7e21993","user":{"id":"df6f0919-a23d-44c9-a925-4ea8be525d10","email":"testit@gmail.com","username":"johndoe23","name":"John Doe","phoneNumber":"0123456788","profilePic":null,"bio":null,"private":false,"verified":false,"role":0,"followersCount":0,"followingCount":0,"postCount":0}}

16:18:50.712 [pool-2-thread-9] INFO com.intuit.karate -- [print] Call 3 completed, status: 200 
16:18:50.712 [pool-2-thread-2] INFO com.intuit.karate -- [print] Call 3 completed, status: 200 
16:18:50.714 [pool-2-thread-2] INFO com.intuit.karate -- [print] *** API CALL 4 *** 
16:18:50.714 [pool-2-thread-9] INFO com.intuit.karate -- [print] *** API CALL 4 *** 
16:18:50.717 [pool-2-thread-2] DEBUG org.apache.http.client.protocol.RequestAddCookies -- CookieSpec selected: karate
16:18:50.717 [pool-2-thread-9] DEBUG org.apache.http.client.protocol.RequestAddCookies -- CookieSpec selected: karate
16:18:50.717 [pool-2-thread-2] DEBUG org.apache.http.client.protocol.RequestAuthCache -- Auth cache not set in the context
16:18:50.717 [pool-2-thread-9] DEBUG org.apache.http.client.protocol.RequestAuthCache -- Auth cache not set in the context
16:18:50.717 [pool-2-thread-9] DEBUG com.intuit.karate -- request:
4 > POST http://localhost:3000/auth/login
4 > Content-Type: application/json; charset=UTF-8
4 > Content-Length: 53
4 > Host: localhost:3000
4 > Connection: Keep-Alive
4 > User-Agent: Apache-HttpClient/4.5.14 (Java/17.0.9)
4 > Accept-Encoding: gzip,deflate
{"email":"testit@gmail.com","password":"Password123"}

16:18:50.717 [pool-2-thread-2] DEBUG com.intuit.karate -- request:
4 > POST http://localhost:3000/auth/login
4 > Content-Type: application/json; charset=UTF-8
4 > Content-Length: 48
4 > Host: localhost:3000
4 > Connection: Keep-Alive
4 > User-Agent: Apache-HttpClient/4.5.14 (Java/17.0.9)
4 > Accept-Encoding: gzip,deflate
{"email":"quang1@gmail.com","password":"quang1"}

16:18:50.717 [pool-2-thread-2] DEBUG org.apache.http.impl.conn.PoolingHttpClientConnectionManager -- Connection request: [route: {}->http://localhost:3000][total available: 0; route allocated: 0 of 5; total allocated: 0 of 10]
16:18:50.717 [pool-2-thread-9] DEBUG org.apache.http.impl.conn.PoolingHttpClientConnectionManager -- Connection request: [route: {}->http://localhost:3000][total available: 0; route allocated: 0 of 5; total allocated: 0 of 10]
16:18:50.717 [pool-2-thread-9] DEBUG org.apache.http.impl.conn.PoolingHttpClientConnectionManager -- Connection leased: [id: 34][route: {}->http://localhost:3000][total available: 0; route allocated: 1 of 5; total allocated: 1 of 10]
16:18:50.717 [pool-2-thread-2] DEBUG org.apache.http.impl.conn.PoolingHttpClientConnectionManager -- Connection leased: [id: 35][route: {}->http://localhost:3000][total available: 0; route allocated: 1 of 5; total allocated: 1 of 10]
16:18:50.717 [pool-2-thread-9] DEBUG org.apache.http.impl.execchain.MainClientExec -- Opening connection {}->http://localhost:3000
16:18:50.717 [pool-2-thread-2] DEBUG org.apache.http.impl.execchain.MainClientExec -- Opening connection {}->http://localhost:3000
16:18:50.717 [pool-2-thread-2] DEBUG org.apache.http.impl.conn.DefaultHttpClientConnectionOperator -- Connecting to localhost/127.0.0.1:3000
16:18:50.717 [pool-2-thread-9] DEBUG org.apache.http.impl.conn.DefaultHttpClientConnectionOperator -- Connecting to localhost/127.0.0.1:3000
16:18:50.719 [pool-2-thread-9] DEBUG org.apache.http.impl.conn.DefaultHttpClientConnectionOperator -- Connection established 127.0.0.1:51307<->127.0.0.1:3000
16:18:50.719 [pool-2-thread-2] DEBUG org.apache.http.impl.conn.DefaultHttpClientConnectionOperator -- Connection established 127.0.0.1:51308<->127.0.0.1:3000
16:18:50.719 [pool-2-thread-9] DEBUG org.apache.http.impl.conn.DefaultManagedHttpClientConnection -- http-outgoing-35: set socket timeout to 30000
16:18:50.719 [pool-2-thread-2] DEBUG org.apache.http.impl.conn.DefaultManagedHttpClientConnection -- http-outgoing-34: set socket timeout to 30000
16:18:50.719 [pool-2-thread-2] DEBUG org.apache.http.impl.execchain.MainClientExec -- Executing request POST /auth/login HTTP/1.1
16:18:50.719 [pool-2-thread-9] DEBUG org.apache.http.impl.execchain.MainClientExec -- Executing request POST /auth/login HTTP/1.1
16:18:50.719 [pool-2-thread-2] DEBUG org.apache.http.impl.execchain.MainClientExec -- Target auth state: UNCHALLENGED
16:18:50.719 [pool-2-thread-9] DEBUG org.apache.http.impl.execchain.MainClientExec -- Target auth state: UNCHALLENGED
16:18:50.719 [pool-2-thread-2] DEBUG org.apache.http.impl.execchain.MainClientExec -- Proxy auth state: UNCHALLENGED
16:18:50.719 [pool-2-thread-9] DEBUG org.apache.http.impl.execchain.MainClientExec -- Proxy auth state: UNCHALLENGED
16:18:50.719 [pool-2-thread-9] DEBUG org.apache.http.headers -- http-outgoing-35 >> POST /auth/login HTTP/1.1
16:18:50.719 [pool-2-thread-2] DEBUG org.apache.http.headers -- http-outgoing-34 >> POST /auth/login HTTP/1.1
16:18:50.719 [pool-2-thread-9] DEBUG org.apache.http.headers -- http-outgoing-35 >> Content-Type: application/json; charset=UTF-8
16:18:50.719 [pool-2-thread-9] DEBUG org.apache.http.headers -- http-outgoing-35 >> Content-Length: 53
16:18:50.719 [pool-2-thread-2] DEBUG org.apache.http.headers -- http-outgoing-34 >> Content-Type: application/json; charset=UTF-8
16:18:50.719 [pool-2-thread-2] DEBUG org.apache.http.headers -- http-outgoing-34 >> Content-Length: 48
16:18:50.719 [pool-2-thread-9] DEBUG org.apache.http.headers -- http-outgoing-35 >> Host: localhost:3000
16:18:50.719 [pool-2-thread-2] DEBUG org.apache.http.headers -- http-outgoing-34 >> Host: localhost:3000
16:18:50.719 [pool-2-thread-2] DEBUG org.apache.http.headers -- http-outgoing-34 >> Connection: Keep-Alive
16:18:50.719 [pool-2-thread-2] DEBUG org.apache.http.headers -- http-outgoing-34 >> User-Agent: Apache-HttpClient/4.5.14 (Java/17.0.9)
16:18:50.719 [pool-2-thread-2] DEBUG org.apache.http.headers -- http-outgoing-34 >> Accept-Encoding: gzip,deflate
16:18:50.719 [pool-2-thread-9] DEBUG org.apache.http.headers -- http-outgoing-35 >> Connection: Keep-Alive
16:18:50.719 [pool-2-thread-9] DEBUG org.apache.http.headers -- http-outgoing-35 >> User-Agent: Apache-HttpClient/4.5.14 (Java/17.0.9)
16:18:50.719 [pool-2-thread-9] DEBUG org.apache.http.headers -- http-outgoing-35 >> Accept-Encoding: gzip,deflate
16:18:50.719 [pool-2-thread-9] DEBUG org.apache.http.wire -- http-outgoing-35 >> "POST /auth/login HTTP/1.1[\r][\n]"
16:18:50.719 [pool-2-thread-9] DEBUG org.apache.http.wire -- http-outgoing-35 >> "Content-Type: application/json; charset=UTF-8[\r][\n]"
16:18:50.719 [pool-2-thread-9] DEBUG org.apache.http.wire -- http-outgoing-35 >> "Content-Length: 53[\r][\n]"
16:18:50.719 [pool-2-thread-2] DEBUG org.apache.http.wire -- http-outgoing-34 >> "POST /auth/login HTTP/1.1[\r][\n]"
16:18:50.719 [pool-2-thread-9] DEBUG org.apache.http.wire -- http-outgoing-35 >> "Host: localhost:3000[\r][\n]"
16:18:50.719 [pool-2-thread-2] DEBUG org.apache.http.wire -- http-outgoing-34 >> "Content-Type: application/json; charset=UTF-8[\r][\n]"
16:18:50.719 [pool-2-thread-9] DEBUG org.apache.http.wire -- http-outgoing-35 >> "Connection: Keep-Alive[\r][\n]"
16:18:50.719 [pool-2-thread-2] DEBUG org.apache.http.wire -- http-outgoing-34 >> "Content-Length: 48[\r][\n]"
16:18:50.719 [pool-2-thread-9] DEBUG org.apache.http.wire -- http-outgoing-35 >> "User-Agent: Apache-HttpClient/4.5.14 (Java/17.0.9)[\r][\n]"
16:18:50.719 [pool-2-thread-2] DEBUG org.apache.http.wire -- http-outgoing-34 >> "Host: localhost:3000[\r][\n]"
16:18:50.719 [pool-2-thread-9] DEBUG org.apache.http.wire -- http-outgoing-35 >> "Accept-Encoding: gzip,deflate[\r][\n]"
16:18:50.719 [pool-2-thread-2] DEBUG org.apache.http.wire -- http-outgoing-34 >> "Connection: Keep-Alive[\r][\n]"
16:18:50.719 [pool-2-thread-9] DEBUG org.apache.http.wire -- http-outgoing-35 >> "[\r][\n]"
16:18:50.719 [pool-2-thread-2] DEBUG org.apache.http.wire -- http-outgoing-34 >> "User-Agent: Apache-HttpClient/4.5.14 (Java/17.0.9)[\r][\n]"
16:18:50.719 [pool-2-thread-9] DEBUG org.apache.http.wire -- http-outgoing-35 >> "{"email":"testit@gmail.com","password":"Password123"}"
16:18:50.719 [pool-2-thread-2] DEBUG org.apache.http.wire -- http-outgoing-34 >> "Accept-Encoding: gzip,deflate[\r][\n]"
16:18:50.719 [pool-2-thread-2] DEBUG org.apache.http.wire -- http-outgoing-34 >> "[\r][\n]"
16:18:50.719 [pool-2-thread-2] DEBUG org.apache.http.wire -- http-outgoing-34 >> "{"email":"quang1@gmail.com","password":"quang1"}"
16:18:50.739 [pool-2-thread-6] DEBUG org.apache.http.wire -- http-outgoing-27 << "HTTP/1.1 200 OK[\r][\n]"
16:18:50.739 [pool-2-thread-6] DEBUG org.apache.http.wire -- http-outgoing-27 << "X-Powered-By: Express[\r][\n]"
16:18:50.739 [pool-2-thread-6] DEBUG org.apache.http.wire -- http-outgoing-27 << "Access-Control-Allow-Origin: *[\r][\n]"
16:18:50.739 [pool-2-thread-6] DEBUG org.apache.http.wire -- http-outgoing-27 << "Content-Type: application/json; charset=utf-8[\r][\n]"
16:18:50.739 [pool-2-thread-6] DEBUG org.apache.http.wire -- http-outgoing-27 << "Content-Length: 607[\r][\n]"
16:18:50.739 [pool-2-thread-6] DEBUG org.apache.http.wire -- http-outgoing-27 << "ETag: W/"25f-aY4iNeo4KbBtXXof71b0vORezz0"[\r][\n]"
16:18:50.739 [pool-2-thread-6] DEBUG org.apache.http.wire -- http-outgoing-27 << "Date: Tue, 24 Jun 2025 09:18:50 GMT[\r][\n]"
16:18:50.739 [pool-2-thread-6] DEBUG org.apache.http.wire -- http-outgoing-27 << "Connection: keep-alive[\r][\n]"
16:18:50.739 [pool-2-thread-6] DEBUG org.apache.http.wire -- http-outgoing-27 << "Keep-Alive: timeout=5[\r][\n]"
16:18:50.739 [pool-2-thread-6] DEBUG org.apache.http.wire -- http-outgoing-27 << "[\r][\n]"
16:18:50.739 [pool-2-thread-6] DEBUG org.apache.http.wire -- http-outgoing-27 << "{"access_token":"eyJhbGciOiJIUzI1NiIsInR5cCI6IkpXVCJ9.eyJzdWIiOiI5YTI2OTc2Yy0xNTMyLTRkZjMtYTE2ZS03NjMxNTI1Yzg1MDIiLCJ1c2VybmFtZSI6ImpvaG5kb2UyZDUiLCJyb2xlIjowLCJpYXQiOjE3NTA3NTY3MzAsImV4cCI6MTc1MDc2MDMzMH0.MmEUNhxjbcfWBC0Fz3hCDUrpz4DMiGnLEzmR94z55tw","refresh_token":"cf01a0a00b0c2e59f5dbc9df928d585d3169f4649cbba3f32c7a451da8e9d73b","user":{"id":"9a26976c-1532-4df3-a16e-7631525c8502","email":"testit4@gmail.com","username":"johndoe2d5","name":"John Doe","phoneNumber":"0123456212","profilePic":null,"bio":null,"private":false,"verified":false,"role":0,"followersCount":0,"followingCount":0,"postCount":0}}"
16:18:50.740 [pool-2-thread-6] DEBUG org.apache.http.headers -- http-outgoing-27 << HTTP/1.1 200 OK
16:18:50.740 [pool-2-thread-6] DEBUG org.apache.http.headers -- http-outgoing-27 << X-Powered-By: Express
16:18:50.740 [pool-2-thread-6] DEBUG org.apache.http.headers -- http-outgoing-27 << Access-Control-Allow-Origin: *
16:18:50.740 [pool-2-thread-6] DEBUG org.apache.http.headers -- http-outgoing-27 << Content-Type: application/json; charset=utf-8
16:18:50.740 [pool-2-thread-6] DEBUG org.apache.http.headers -- http-outgoing-27 << Content-Length: 607
16:18:50.740 [pool-2-thread-6] DEBUG org.apache.http.headers -- http-outgoing-27 << ETag: W/"25f-aY4iNeo4KbBtXXof71b0vORezz0"
16:18:50.740 [pool-2-thread-6] DEBUG org.apache.http.headers -- http-outgoing-27 << Date: Tue, 24 Jun 2025 09:18:50 GMT
16:18:50.740 [pool-2-thread-6] DEBUG org.apache.http.headers -- http-outgoing-27 << Connection: keep-alive
16:18:50.740 [pool-2-thread-6] DEBUG org.apache.http.headers -- http-outgoing-27 << Keep-Alive: timeout=5
16:18:50.740 [pool-2-thread-6] DEBUG org.apache.http.impl.execchain.MainClientExec -- Connection can be kept alive for 5000 MILLISECONDS
16:18:50.740 [pool-2-thread-6] DEBUG org.apache.http.impl.conn.PoolingHttpClientConnectionManager -- Connection [id: 27][route: {}->http://localhost:3000] can be kept alive for 5.0 seconds
16:18:50.740 [pool-2-thread-6] DEBUG org.apache.http.impl.conn.DefaultManagedHttpClientConnection -- http-outgoing-27: set socket timeout to 0
16:18:50.740 [pool-2-thread-6] DEBUG org.apache.http.impl.conn.PoolingHttpClientConnectionManager -- Connection released: [id: 27][route: {}->http://localhost:3000][total available: 1; route allocated: 1 of 5; total allocated: 1 of 10]
16:18:50.740 [pool-2-thread-6] DEBUG org.apache.http.impl.conn.PoolingHttpClientConnectionManager -- Connection manager is shutting down
16:18:50.740 [pool-2-thread-6] DEBUG org.apache.http.impl.conn.DefaultManagedHttpClientConnection -- http-outgoing-27: Close connection
16:18:50.740 [pool-2-thread-6] DEBUG org.apache.http.impl.conn.PoolingHttpClientConnectionManager -- Connection manager shut down
16:18:50.741 [pool-2-thread-6] DEBUG com.intuit.karate -- response time in milliseconds: 918
3 < 200
3 < X-Powered-By: Express
3 < Access-Control-Allow-Origin: *
3 < Content-Type: application/json; charset=utf-8
3 < Content-Length: 607
3 < ETag: W/"25f-aY4iNeo4KbBtXXof71b0vORezz0"
3 < Date: Tue, 24 Jun 2025 09:18:50 GMT
3 < Connection: keep-alive
3 < Keep-Alive: timeout=5
{"access_token":"eyJhbGciOiJIUzI1NiIsInR5cCI6IkpXVCJ9.eyJzdWIiOiI5YTI2OTc2Yy0xNTMyLTRkZjMtYTE2ZS03NjMxNTI1Yzg1MDIiLCJ1c2VybmFtZSI6ImpvaG5kb2UyZDUiLCJyb2xlIjowLCJpYXQiOjE3NTA3NTY3MzAsImV4cCI6MTc1MDc2MDMzMH0.MmEUNhxjbcfWBC0Fz3hCDUrpz4DMiGnLEzmR94z55tw","refresh_token":"cf01a0a00b0c2e59f5dbc9df928d585d3169f4649cbba3f32c7a451da8e9d73b","user":{"id":"9a26976c-1532-4df3-a16e-7631525c8502","email":"testit4@gmail.com","username":"johndoe2d5","name":"John Doe","phoneNumber":"0123456212","profilePic":null,"bio":null,"private":false,"verified":false,"role":0,"followersCount":0,"followingCount":0,"postCount":0}}

16:18:50.745 [pool-2-thread-6] INFO com.intuit.karate -- [print] Call 3 completed, status: 200 
16:18:50.748 [pool-2-thread-6] INFO com.intuit.karate -- [print] *** API CALL 4 *** 
16:18:50.751 [pool-2-thread-6] DEBUG org.apache.http.client.protocol.RequestAddCookies -- CookieSpec selected: karate
16:18:50.752 [pool-2-thread-6] DEBUG org.apache.http.client.protocol.RequestAuthCache -- Auth cache not set in the context
16:18:50.752 [pool-2-thread-6] DEBUG com.intuit.karate -- request:
4 > POST http://localhost:3000/auth/login
4 > Content-Type: application/json; charset=UTF-8
4 > Content-Length: 54
4 > Host: localhost:3000
4 > Connection: Keep-Alive
4 > User-Agent: Apache-HttpClient/4.5.14 (Java/17.0.9)
4 > Accept-Encoding: gzip,deflate
{"email":"testit4@gmail.com","password":"Password123"}

16:18:50.752 [pool-2-thread-6] DEBUG org.apache.http.impl.conn.PoolingHttpClientConnectionManager -- Connection request: [route: {}->http://localhost:3000][total available: 0; route allocated: 0 of 5; total allocated: 0 of 10]
16:18:50.752 [pool-2-thread-6] DEBUG org.apache.http.impl.conn.PoolingHttpClientConnectionManager -- Connection leased: [id: 36][route: {}->http://localhost:3000][total available: 0; route allocated: 1 of 5; total allocated: 1 of 10]
16:18:50.752 [pool-2-thread-6] DEBUG org.apache.http.impl.execchain.MainClientExec -- Opening connection {}->http://localhost:3000
16:18:50.753 [pool-2-thread-6] DEBUG org.apache.http.impl.conn.DefaultHttpClientConnectionOperator -- Connecting to localhost/127.0.0.1:3000
16:18:50.753 [pool-2-thread-6] DEBUG org.apache.http.impl.conn.DefaultHttpClientConnectionOperator -- Connection established 127.0.0.1:51309<->127.0.0.1:3000
16:18:50.753 [pool-2-thread-6] DEBUG org.apache.http.impl.conn.DefaultManagedHttpClientConnection -- http-outgoing-36: set socket timeout to 30000
16:18:50.754 [pool-2-thread-6] DEBUG org.apache.http.impl.execchain.MainClientExec -- Executing request POST /auth/login HTTP/1.1
16:18:50.754 [pool-2-thread-6] DEBUG org.apache.http.impl.execchain.MainClientExec -- Target auth state: UNCHALLENGED
16:18:50.754 [pool-2-thread-6] DEBUG org.apache.http.impl.execchain.MainClientExec -- Proxy auth state: UNCHALLENGED
16:18:50.754 [pool-2-thread-6] DEBUG org.apache.http.headers -- http-outgoing-36 >> POST /auth/login HTTP/1.1
16:18:50.754 [pool-2-thread-6] DEBUG org.apache.http.headers -- http-outgoing-36 >> Content-Type: application/json; charset=UTF-8
16:18:50.754 [pool-2-thread-6] DEBUG org.apache.http.headers -- http-outgoing-36 >> Content-Length: 54
16:18:50.754 [pool-2-thread-6] DEBUG org.apache.http.headers -- http-outgoing-36 >> Host: localhost:3000
16:18:50.754 [pool-2-thread-6] DEBUG org.apache.http.headers -- http-outgoing-36 >> Connection: Keep-Alive
16:18:50.754 [pool-2-thread-6] DEBUG org.apache.http.headers -- http-outgoing-36 >> User-Agent: Apache-HttpClient/4.5.14 (Java/17.0.9)
16:18:50.754 [pool-2-thread-6] DEBUG org.apache.http.headers -- http-outgoing-36 >> Accept-Encoding: gzip,deflate
16:18:50.754 [pool-2-thread-6] DEBUG org.apache.http.wire -- http-outgoing-36 >> "POST /auth/login HTTP/1.1[\r][\n]"
16:18:50.754 [pool-2-thread-6] DEBUG org.apache.http.wire -- http-outgoing-36 >> "Content-Type: application/json; charset=UTF-8[\r][\n]"
16:18:50.754 [pool-2-thread-6] DEBUG org.apache.http.wire -- http-outgoing-36 >> "Content-Length: 54[\r][\n]"
16:18:50.754 [pool-2-thread-6] DEBUG org.apache.http.wire -- http-outgoing-36 >> "Host: localhost:3000[\r][\n]"
16:18:50.754 [pool-2-thread-6] DEBUG org.apache.http.wire -- http-outgoing-36 >> "Connection: Keep-Alive[\r][\n]"
16:18:50.754 [pool-2-thread-6] DEBUG org.apache.http.wire -- http-outgoing-36 >> "User-Agent: Apache-HttpClient/4.5.14 (Java/17.0.9)[\r][\n]"
16:18:50.754 [pool-2-thread-6] DEBUG org.apache.http.wire -- http-outgoing-36 >> "Accept-Encoding: gzip,deflate[\r][\n]"
16:18:50.754 [pool-2-thread-6] DEBUG org.apache.http.wire -- http-outgoing-36 >> "[\r][\n]"
16:18:50.754 [pool-2-thread-6] DEBUG org.apache.http.wire -- http-outgoing-36 >> "{"email":"testit4@gmail.com","password":"Password123"}"
16:18:50.757 [pool-2-thread-4] DEBUG org.apache.http.wire -- http-outgoing-26 << "HTTP/1.1 200 OK[\r][\n]"
16:18:50.757 [pool-2-thread-4] DEBUG org.apache.http.wire -- http-outgoing-26 << "X-Powered-By: Express[\r][\n]"
16:18:50.757 [pool-2-thread-4] DEBUG org.apache.http.wire -- http-outgoing-26 << "Access-Control-Allow-Origin: *[\r][\n]"
16:18:50.757 [pool-2-thread-4] DEBUG org.apache.http.wire -- http-outgoing-26 << "Content-Type: application/json; charset=utf-8[\r][\n]"
16:18:50.758 [pool-2-thread-4] DEBUG org.apache.http.wire -- http-outgoing-26 << "Content-Length: 608[\r][\n]"
16:18:50.758 [pool-2-thread-4] DEBUG org.apache.http.wire -- http-outgoing-26 << "ETag: W/"260-kIPMClgaaICHVFPeBmU+fcsYu3U"[\r][\n]"
16:18:50.758 [pool-2-thread-4] DEBUG org.apache.http.wire -- http-outgoing-26 << "Date: Tue, 24 Jun 2025 09:18:50 GMT[\r][\n]"
16:18:50.758 [pool-2-thread-4] DEBUG org.apache.http.wire -- http-outgoing-26 << "Connection: keep-alive[\r][\n]"
16:18:50.758 [pool-2-thread-4] DEBUG org.apache.http.wire -- http-outgoing-26 << "Keep-Alive: timeout=5[\r][\n]"
16:18:50.758 [pool-2-thread-4] DEBUG org.apache.http.wire -- http-outgoing-26 << "[\r][\n]"
16:18:50.758 [pool-2-thread-4] DEBUG org.apache.http.wire -- http-outgoing-26 << "{"access_token":"eyJhbGciOiJIUzI1NiIsInR5cCI6IkpXVCJ9.eyJzdWIiOiI4YTI0NzQ2MS01YzA0LTQyMWQtOThmNS1mYTljNzM0ZmFlYTUiLCJ1c2VybmFtZSI6ImphbmVzbWl0aCIsInJvbGUiOjAsImlhdCI6MTc1MDc1NjczMCwiZXhwIjoxNzUwNzYwMzMwfQ._i_EwpJ0C8v-WDX5rT5rtwlOmx4cmivm8Kad_7_0qYU","refresh_token":"6443d2252a7848aa9d1428d3713d5ed4963d64a65d74fccfc6fc90f68ad72360","user":{"id":"8a247461-5c04-421d-98f5-fa9c734faea5","email":"test2@example.com","username":"janesmith","name":"Jane Smith","phoneNumber":"01234567890","profilePic":null,"bio":null,"private":false,"verified":false,"role":0,"followersCount":0,"followingCount":0,"postCount":0}}"
16:18:50.758 [pool-2-thread-4] DEBUG org.apache.http.headers -- http-outgoing-26 << HTTP/1.1 200 OK
16:18:50.758 [pool-2-thread-4] DEBUG org.apache.http.headers -- http-outgoing-26 << X-Powered-By: Express
16:18:50.758 [pool-2-thread-4] DEBUG org.apache.http.headers -- http-outgoing-26 << Access-Control-Allow-Origin: *
16:18:50.758 [pool-2-thread-4] DEBUG org.apache.http.headers -- http-outgoing-26 << Content-Type: application/json; charset=utf-8
16:18:50.758 [pool-2-thread-4] DEBUG org.apache.http.headers -- http-outgoing-26 << Content-Length: 608
16:18:50.758 [pool-2-thread-4] DEBUG org.apache.http.headers -- http-outgoing-26 << ETag: W/"260-kIPMClgaaICHVFPeBmU+fcsYu3U"
16:18:50.758 [pool-2-thread-4] DEBUG org.apache.http.headers -- http-outgoing-26 << Date: Tue, 24 Jun 2025 09:18:50 GMT
16:18:50.758 [pool-2-thread-4] DEBUG org.apache.http.headers -- http-outgoing-26 << Connection: keep-alive
16:18:50.758 [pool-2-thread-4] DEBUG org.apache.http.headers -- http-outgoing-26 << Keep-Alive: timeout=5
16:18:50.758 [pool-2-thread-4] DEBUG org.apache.http.impl.execchain.MainClientExec -- Connection can be kept alive for 5000 MILLISECONDS
16:18:50.758 [pool-2-thread-4] DEBUG org.apache.http.impl.conn.PoolingHttpClientConnectionManager -- Connection [id: 26][route: {}->http://localhost:3000] can be kept alive for 5.0 seconds
16:18:50.758 [pool-2-thread-4] DEBUG org.apache.http.impl.conn.DefaultManagedHttpClientConnection -- http-outgoing-26: set socket timeout to 0
16:18:50.758 [pool-2-thread-4] DEBUG org.apache.http.impl.conn.PoolingHttpClientConnectionManager -- Connection released: [id: 26][route: {}->http://localhost:3000][total available: 1; route allocated: 1 of 5; total allocated: 1 of 10]
16:18:50.758 [pool-2-thread-4] DEBUG org.apache.http.impl.conn.PoolingHttpClientConnectionManager -- Connection manager is shutting down
16:18:50.758 [pool-2-thread-4] DEBUG org.apache.http.impl.conn.DefaultManagedHttpClientConnection -- http-outgoing-26: Close connection
16:18:50.759 [pool-2-thread-4] DEBUG org.apache.http.impl.conn.PoolingHttpClientConnectionManager -- Connection manager shut down
16:18:50.759 [pool-2-thread-4] DEBUG com.intuit.karate -- response time in milliseconds: 936
3 < 200
3 < X-Powered-By: Express
3 < Access-Control-Allow-Origin: *
3 < Content-Type: application/json; charset=utf-8
3 < Content-Length: 608
3 < ETag: W/"260-kIPMClgaaICHVFPeBmU+fcsYu3U"
3 < Date: Tue, 24 Jun 2025 09:18:50 GMT
3 < Connection: keep-alive
3 < Keep-Alive: timeout=5
{"access_token":"eyJhbGciOiJIUzI1NiIsInR5cCI6IkpXVCJ9.eyJzdWIiOiI4YTI0NzQ2MS01YzA0LTQyMWQtOThmNS1mYTljNzM0ZmFlYTUiLCJ1c2VybmFtZSI6ImphbmVzbWl0aCIsInJvbGUiOjAsImlhdCI6MTc1MDc1NjczMCwiZXhwIjoxNzUwNzYwMzMwfQ._i_EwpJ0C8v-WDX5rT5rtwlOmx4cmivm8Kad_7_0qYU","refresh_token":"6443d2252a7848aa9d1428d3713d5ed4963d64a65d74fccfc6fc90f68ad72360","user":{"id":"8a247461-5c04-421d-98f5-fa9c734faea5","email":"test2@example.com","username":"janesmith","name":"Jane Smith","phoneNumber":"01234567890","profilePic":null,"bio":null,"private":false,"verified":false,"role":0,"followersCount":0,"followingCount":0,"postCount":0}}

16:18:50.761 [pool-2-thread-4] INFO com.intuit.karate -- [print] Call 3 completed, status: 200 
16:18:50.763 [pool-2-thread-4] INFO com.intuit.karate -- [print] *** API CALL 4 *** 
16:18:50.767 [pool-2-thread-4] DEBUG org.apache.http.client.protocol.RequestAddCookies -- CookieSpec selected: karate
16:18:50.767 [pool-2-thread-4] DEBUG org.apache.http.client.protocol.RequestAuthCache -- Auth cache not set in the context
16:18:50.767 [pool-2-thread-4] DEBUG com.intuit.karate -- request:
4 > POST http://localhost:3000/auth/login
4 > Content-Type: application/json; charset=UTF-8
4 > Content-Length: 54
4 > Host: localhost:3000
4 > Connection: Keep-Alive
4 > User-Agent: Apache-HttpClient/4.5.14 (Java/17.0.9)
4 > Accept-Encoding: gzip,deflate
{"email":"test2@example.com","password":"Password123"}

16:18:50.767 [pool-2-thread-4] DEBUG org.apache.http.impl.conn.PoolingHttpClientConnectionManager -- Connection request: [route: {}->http://localhost:3000][total available: 0; route allocated: 0 of 5; total allocated: 0 of 10]
16:18:50.767 [pool-2-thread-4] DEBUG org.apache.http.impl.conn.PoolingHttpClientConnectionManager -- Connection leased: [id: 37][route: {}->http://localhost:3000][total available: 0; route allocated: 1 of 5; total allocated: 1 of 10]
16:18:50.767 [pool-2-thread-4] DEBUG org.apache.http.impl.execchain.MainClientExec -- Opening connection {}->http://localhost:3000
16:18:50.768 [pool-2-thread-4] DEBUG org.apache.http.impl.conn.DefaultHttpClientConnectionOperator -- Connecting to localhost/127.0.0.1:3000
16:18:50.768 [pool-2-thread-4] DEBUG org.apache.http.impl.conn.DefaultHttpClientConnectionOperator -- Connection established 127.0.0.1:51310<->127.0.0.1:3000
16:18:50.768 [pool-2-thread-4] DEBUG org.apache.http.impl.conn.DefaultManagedHttpClientConnection -- http-outgoing-37: set socket timeout to 30000
16:18:50.769 [pool-2-thread-4] DEBUG org.apache.http.impl.execchain.MainClientExec -- Executing request POST /auth/login HTTP/1.1
16:18:50.769 [pool-2-thread-4] DEBUG org.apache.http.impl.execchain.MainClientExec -- Target auth state: UNCHALLENGED
16:18:50.769 [pool-2-thread-4] DEBUG org.apache.http.impl.execchain.MainClientExec -- Proxy auth state: UNCHALLENGED
16:18:50.769 [pool-2-thread-4] DEBUG org.apache.http.headers -- http-outgoing-37 >> POST /auth/login HTTP/1.1
16:18:50.769 [pool-2-thread-4] DEBUG org.apache.http.headers -- http-outgoing-37 >> Content-Type: application/json; charset=UTF-8
16:18:50.769 [pool-2-thread-4] DEBUG org.apache.http.headers -- http-outgoing-37 >> Content-Length: 54
16:18:50.769 [pool-2-thread-4] DEBUG org.apache.http.headers -- http-outgoing-37 >> Host: localhost:3000
16:18:50.769 [pool-2-thread-4] DEBUG org.apache.http.headers -- http-outgoing-37 >> Connection: Keep-Alive
16:18:50.769 [pool-2-thread-4] DEBUG org.apache.http.headers -- http-outgoing-37 >> User-Agent: Apache-HttpClient/4.5.14 (Java/17.0.9)
16:18:50.769 [pool-2-thread-4] DEBUG org.apache.http.headers -- http-outgoing-37 >> Accept-Encoding: gzip,deflate
16:18:50.769 [pool-2-thread-4] DEBUG org.apache.http.wire -- http-outgoing-37 >> "POST /auth/login HTTP/1.1[\r][\n]"
16:18:50.769 [pool-2-thread-4] DEBUG org.apache.http.wire -- http-outgoing-37 >> "Content-Type: application/json; charset=UTF-8[\r][\n]"
16:18:50.769 [pool-2-thread-4] DEBUG org.apache.http.wire -- http-outgoing-37 >> "Content-Length: 54[\r][\n]"
16:18:50.769 [pool-2-thread-4] DEBUG org.apache.http.wire -- http-outgoing-37 >> "Host: localhost:3000[\r][\n]"
16:18:50.769 [pool-2-thread-4] DEBUG org.apache.http.wire -- http-outgoing-37 >> "Connection: Keep-Alive[\r][\n]"
16:18:50.769 [pool-2-thread-4] DEBUG org.apache.http.wire -- http-outgoing-37 >> "User-Agent: Apache-HttpClient/4.5.14 (Java/17.0.9)[\r][\n]"
16:18:50.769 [pool-2-thread-4] DEBUG org.apache.http.wire -- http-outgoing-37 >> "Accept-Encoding: gzip,deflate[\r][\n]"
16:18:50.769 [pool-2-thread-4] DEBUG org.apache.http.wire -- http-outgoing-37 >> "[\r][\n]"
16:18:50.769 [pool-2-thread-4] DEBUG org.apache.http.wire -- http-outgoing-37 >> "{"email":"test2@example.com","password":"Password123"}"
16:18:50.820 [pool-2-thread-8] DEBUG org.apache.http.wire -- http-outgoing-28 << "HTTP/1.1 200 OK[\r][\n]"
16:18:50.820 [pool-2-thread-8] DEBUG org.apache.http.wire -- http-outgoing-28 << "X-Powered-By: Express[\r][\n]"
16:18:50.820 [pool-2-thread-8] DEBUG org.apache.http.wire -- http-outgoing-28 << "Access-Control-Allow-Origin: *[\r][\n]"
16:18:50.820 [pool-2-thread-8] DEBUG org.apache.http.wire -- http-outgoing-28 << "Content-Type: application/json; charset=utf-8[\r][\n]"
16:18:50.820 [pool-2-thread-8] DEBUG org.apache.http.wire -- http-outgoing-28 << "Content-Length: 609[\r][\n]"
16:18:50.821 [pool-2-thread-8] DEBUG org.apache.http.wire -- http-outgoing-28 << "ETag: W/"261-sAqn/iYZ1jhmKGldGhjt6POzj1c"[\r][\n]"
16:18:50.821 [pool-2-thread-8] DEBUG org.apache.http.wire -- http-outgoing-28 << "Date: Tue, 24 Jun 2025 09:18:50 GMT[\r][\n]"
16:18:50.821 [pool-2-thread-8] DEBUG org.apache.http.wire -- http-outgoing-28 << "Connection: keep-alive[\r][\n]"
16:18:50.821 [pool-2-thread-8] DEBUG org.apache.http.wire -- http-outgoing-28 << "Keep-Alive: timeout=5[\r][\n]"
16:18:50.821 [pool-2-thread-8] DEBUG org.apache.http.wire -- http-outgoing-28 << "[\r][\n]"
16:18:50.821 [pool-2-thread-8] DEBUG org.apache.http.wire -- http-outgoing-28 << "{"access_token":"eyJhbGciOiJIUzI1NiIsInR5cCI6IkpXVCJ9.eyJzdWIiOiIyNzJmNmI1NS01MTc5LTRhZTMtODU2My1iNGVjMTBmNzY3MTUiLCJ1c2VybmFtZSI6ImpvaG5kb2UyZDVkIiwicm9sZSI6MCwiaWF0IjoxNzUwNzU2NzMwLCJleHAiOjE3NTA3NjAzMzB9.Pl5hoTh3jYaXAPKCqTJYvQAd8VpiSAda3AL9HXz9FXk","refresh_token":"1860bd59b534a60f363ec55e219607333c39df1261c1dd27215c338a1517fc3c","user":{"id":"272f6b55-5179-4ae3-8563-b4ec10f76715","email":"testit5@gmail.com","username":"johndoe2d5d","name":"John Doe","phoneNumber":"0123456132","profilePic":null,"bio":null,"private":false,"verified":false,"role":0,"followersCount":0,"followingCount":0,"postCount":0}}"
16:18:50.821 [pool-2-thread-7] DEBUG org.apache.http.wire -- http-outgoing-29 << "HTTP/1.1 200 OK[\r][\n]"
16:18:50.821 [pool-2-thread-7] DEBUG org.apache.http.wire -- http-outgoing-29 << "X-Powered-By: Express[\r][\n]"
16:18:50.821 [pool-2-thread-7] DEBUG org.apache.http.wire -- http-outgoing-29 << "Access-Control-Allow-Origin: *[\r][\n]"
16:18:50.821 [pool-2-thread-8] DEBUG org.apache.http.headers -- http-outgoing-28 << HTTP/1.1 200 OK
16:18:50.821 [pool-2-thread-7] DEBUG org.apache.http.wire -- http-outgoing-29 << "Content-Type: application/json; charset=utf-8[\r][\n]"
16:18:50.821 [pool-2-thread-8] DEBUG org.apache.http.headers -- http-outgoing-28 << X-Powered-By: Express
16:18:50.821 [pool-2-thread-7] DEBUG org.apache.http.wire -- http-outgoing-29 << "Content-Length: 605[\r][\n]"
16:18:50.821 [pool-2-thread-8] DEBUG org.apache.http.headers -- http-outgoing-28 << Access-Control-Allow-Origin: *
16:18:50.821 [pool-2-thread-7] DEBUG org.apache.http.wire -- http-outgoing-29 << "ETag: W/"25d-E8wWVZAimRrzwqB6mcz9KfQiIYs"[\r][\n]"
16:18:50.821 [pool-2-thread-8] DEBUG org.apache.http.headers -- http-outgoing-28 << Content-Type: application/json; charset=utf-8
16:18:50.821 [pool-2-thread-8] DEBUG org.apache.http.headers -- http-outgoing-28 << Content-Length: 609
16:18:50.821 [pool-2-thread-7] DEBUG org.apache.http.wire -- http-outgoing-29 << "Date: Tue, 24 Jun 2025 09:18:50 GMT[\r][\n]"
16:18:50.821 [pool-2-thread-8] DEBUG org.apache.http.headers -- http-outgoing-28 << ETag: W/"261-sAqn/iYZ1jhmKGldGhjt6POzj1c"
16:18:50.821 [pool-2-thread-8] DEBUG org.apache.http.headers -- http-outgoing-28 << Date: Tue, 24 Jun 2025 09:18:50 GMT
16:18:50.821 [pool-2-thread-7] DEBUG org.apache.http.wire -- http-outgoing-29 << "Connection: keep-alive[\r][\n]"
16:18:50.821 [pool-2-thread-8] DEBUG org.apache.http.headers -- http-outgoing-28 << Connection: keep-alive
16:18:50.821 [pool-2-thread-7] DEBUG org.apache.http.wire -- http-outgoing-29 << "Keep-Alive: timeout=5[\r][\n]"
16:18:50.821 [pool-2-thread-7] DEBUG org.apache.http.wire -- http-outgoing-29 << "[\r][\n]"
16:18:50.821 [pool-2-thread-8] DEBUG org.apache.http.headers -- http-outgoing-28 << Keep-Alive: timeout=5
16:18:50.821 [pool-2-thread-7] DEBUG org.apache.http.wire -- http-outgoing-29 << "{"access_token":"eyJhbGciOiJIUzI1NiIsInR5cCI6IkpXVCJ9.eyJzdWIiOiI2NTBjZTFlZC1hYWNhLTQzOGYtOTk4OC0xZjA1OGFiNWFhMWEiLCJ1c2VybmFtZSI6ImpvaG5kb2UyNSIsInJvbGUiOjAsImlhdCI6MTc1MDc1NjczMCwiZXhwIjoxNzUwNzYwMzMwfQ.C4hH4bL5tUpY7kcHnpbF7semMJT4Kbc1_vlJFPmrVrY","refresh_token":"4dba2745ea3f6420aa1fa863883e9af5d612f617d745529faa8c9bb38e6ed19b","user":{"id":"650ce1ed-aaca-438f-9988-1f058ab5aa1a","email":"testit3@gmail.com","username":"johndoe25","name":"John Doe","phoneNumber":"0123456713","profilePic":null,"bio":null,"private":false,"verified":false,"role":0,"followersCount":0,"followingCount":0,"postCount":0}}"
16:18:50.821 [pool-2-thread-8] DEBUG org.apache.http.impl.execchain.MainClientExec -- Connection can be kept alive for 5000 MILLISECONDS
16:18:50.821 [pool-2-thread-7] DEBUG org.apache.http.headers -- http-outgoing-29 << HTTP/1.1 200 OK
16:18:50.821 [pool-2-thread-7] DEBUG org.apache.http.headers -- http-outgoing-29 << X-Powered-By: Express
16:18:50.821 [pool-2-thread-7] DEBUG org.apache.http.headers -- http-outgoing-29 << Access-Control-Allow-Origin: *
16:18:50.821 [pool-2-thread-7] DEBUG org.apache.http.headers -- http-outgoing-29 << Content-Type: application/json; charset=utf-8
16:18:50.821 [pool-2-thread-7] DEBUG org.apache.http.headers -- http-outgoing-29 << Content-Length: 605
16:18:50.821 [pool-2-thread-7] DEBUG org.apache.http.headers -- http-outgoing-29 << ETag: W/"25d-E8wWVZAimRrzwqB6mcz9KfQiIYs"
16:18:50.821 [pool-2-thread-7] DEBUG org.apache.http.headers -- http-outgoing-29 << Date: Tue, 24 Jun 2025 09:18:50 GMT
16:18:50.821 [pool-2-thread-7] DEBUG org.apache.http.headers -- http-outgoing-29 << Connection: keep-alive
16:18:50.821 [pool-2-thread-7] DEBUG org.apache.http.headers -- http-outgoing-29 << Keep-Alive: timeout=5
16:18:50.821 [pool-2-thread-7] DEBUG org.apache.http.impl.execchain.MainClientExec -- Connection can be kept alive for 5000 MILLISECONDS
16:18:50.821 [pool-2-thread-8] DEBUG org.apache.http.impl.conn.PoolingHttpClientConnectionManager -- Connection [id: 28][route: {}->http://localhost:3000] can be kept alive for 5.0 seconds
16:18:50.821 [pool-2-thread-8] DEBUG org.apache.http.impl.conn.DefaultManagedHttpClientConnection -- http-outgoing-28: set socket timeout to 0
16:18:50.821 [pool-2-thread-8] DEBUG org.apache.http.impl.conn.PoolingHttpClientConnectionManager -- Connection released: [id: 28][route: {}->http://localhost:3000][total available: 1; route allocated: 1 of 5; total allocated: 1 of 10]
16:18:50.821 [pool-2-thread-7] DEBUG org.apache.http.impl.conn.PoolingHttpClientConnectionManager -- Connection [id: 29][route: {}->http://localhost:3000] can be kept alive for 5.0 seconds
16:18:50.821 [pool-2-thread-8] DEBUG org.apache.http.impl.conn.PoolingHttpClientConnectionManager -- Connection manager is shutting down
16:18:50.821 [pool-2-thread-7] DEBUG org.apache.http.impl.conn.DefaultManagedHttpClientConnection -- http-outgoing-29: set socket timeout to 0
16:18:50.821 [pool-2-thread-8] DEBUG org.apache.http.impl.conn.DefaultManagedHttpClientConnection -- http-outgoing-28: Close connection
16:18:50.821 [pool-2-thread-7] DEBUG org.apache.http.impl.conn.PoolingHttpClientConnectionManager -- Connection released: [id: 29][route: {}->http://localhost:3000][total available: 1; route allocated: 1 of 5; total allocated: 1 of 10]
16:18:50.822 [pool-2-thread-8] DEBUG org.apache.http.impl.conn.PoolingHttpClientConnectionManager -- Connection manager shut down
16:18:50.822 [pool-2-thread-7] DEBUG org.apache.http.impl.conn.PoolingHttpClientConnectionManager -- Connection manager is shutting down
16:18:50.822 [pool-2-thread-7] DEBUG org.apache.http.impl.conn.DefaultManagedHttpClientConnection -- http-outgoing-29: Close connection
16:18:50.822 [pool-2-thread-8] DEBUG com.intuit.karate -- response time in milliseconds: 974
3 < 200
3 < X-Powered-By: Express
3 < Access-Control-Allow-Origin: *
3 < Content-Type: application/json; charset=utf-8
3 < Content-Length: 609
3 < ETag: W/"261-sAqn/iYZ1jhmKGldGhjt6POzj1c"
3 < Date: Tue, 24 Jun 2025 09:18:50 GMT
3 < Connection: keep-alive
3 < Keep-Alive: timeout=5
{"access_token":"eyJhbGciOiJIUzI1NiIsInR5cCI6IkpXVCJ9.eyJzdWIiOiIyNzJmNmI1NS01MTc5LTRhZTMtODU2My1iNGVjMTBmNzY3MTUiLCJ1c2VybmFtZSI6ImpvaG5kb2UyZDVkIiwicm9sZSI6MCwiaWF0IjoxNzUwNzU2NzMwLCJleHAiOjE3NTA3NjAzMzB9.Pl5hoTh3jYaXAPKCqTJYvQAd8VpiSAda3AL9HXz9FXk","refresh_token":"1860bd59b534a60f363ec55e219607333c39df1261c1dd27215c338a1517fc3c","user":{"id":"272f6b55-5179-4ae3-8563-b4ec10f76715","email":"testit5@gmail.com","username":"johndoe2d5d","name":"John Doe","phoneNumber":"0123456132","profilePic":null,"bio":null,"private":false,"verified":false,"role":0,"followersCount":0,"followingCount":0,"postCount":0}}

16:18:50.822 [pool-2-thread-7] DEBUG org.apache.http.impl.conn.PoolingHttpClientConnectionManager -- Connection manager shut down
16:18:50.822 [pool-2-thread-7] DEBUG com.intuit.karate -- response time in milliseconds: 961
3 < 200
3 < X-Powered-By: Express
3 < Access-Control-Allow-Origin: *
3 < Content-Type: application/json; charset=utf-8
3 < Content-Length: 605
3 < ETag: W/"25d-E8wWVZAimRrzwqB6mcz9KfQiIYs"
3 < Date: Tue, 24 Jun 2025 09:18:50 GMT
3 < Connection: keep-alive
3 < Keep-Alive: timeout=5
{"access_token":"eyJhbGciOiJIUzI1NiIsInR5cCI6IkpXVCJ9.eyJzdWIiOiI2NTBjZTFlZC1hYWNhLTQzOGYtOTk4OC0xZjA1OGFiNWFhMWEiLCJ1c2VybmFtZSI6ImpvaG5kb2UyNSIsInJvbGUiOjAsImlhdCI6MTc1MDc1NjczMCwiZXhwIjoxNzUwNzYwMzMwfQ.C4hH4bL5tUpY7kcHnpbF7semMJT4Kbc1_vlJFPmrVrY","refresh_token":"4dba2745ea3f6420aa1fa863883e9af5d612f617d745529faa8c9bb38e6ed19b","user":{"id":"650ce1ed-aaca-438f-9988-1f058ab5aa1a","email":"testit3@gmail.com","username":"johndoe25","name":"John Doe","phoneNumber":"0123456713","profilePic":null,"bio":null,"private":false,"verified":false,"role":0,"followersCount":0,"followingCount":0,"postCount":0}}

16:18:50.824 [pool-2-thread-8] INFO com.intuit.karate -- [print] Call 3 completed, status: 200 
16:18:50.825 [pool-2-thread-7] INFO com.intuit.karate -- [print] Call 3 completed, status: 200 
16:18:50.827 [pool-2-thread-7] INFO com.intuit.karate -- [print] *** API CALL 4 *** 
16:18:50.827 [pool-2-thread-8] INFO com.intuit.karate -- [print] *** API CALL 4 *** 
16:18:50.829 [pool-2-thread-8] DEBUG org.apache.http.client.protocol.RequestAddCookies -- CookieSpec selected: karate
16:18:50.829 [pool-2-thread-7] DEBUG org.apache.http.client.protocol.RequestAddCookies -- CookieSpec selected: karate
16:18:50.830 [pool-2-thread-7] DEBUG org.apache.http.client.protocol.RequestAuthCache -- Auth cache not set in the context
16:18:50.830 [pool-2-thread-8] DEBUG org.apache.http.client.protocol.RequestAuthCache -- Auth cache not set in the context
16:18:50.830 [pool-2-thread-7] DEBUG com.intuit.karate -- request:
4 > POST http://localhost:3000/auth/login
4 > Content-Type: application/json; charset=UTF-8
4 > Content-Length: 54
4 > Host: localhost:3000
4 > Connection: Keep-Alive
4 > User-Agent: Apache-HttpClient/4.5.14 (Java/17.0.9)
4 > Accept-Encoding: gzip,deflate
{"email":"testit3@gmail.com","password":"Password123"}

16:18:50.830 [pool-2-thread-8] DEBUG com.intuit.karate -- request:
4 > POST http://localhost:3000/auth/login
4 > Content-Type: application/json; charset=UTF-8
4 > Content-Length: 54
4 > Host: localhost:3000
4 > Connection: Keep-Alive
4 > User-Agent: Apache-HttpClient/4.5.14 (Java/17.0.9)
4 > Accept-Encoding: gzip,deflate
{"email":"testit5@gmail.com","password":"Password123"}

16:18:50.830 [pool-2-thread-8] DEBUG org.apache.http.impl.conn.PoolingHttpClientConnectionManager -- Connection request: [route: {}->http://localhost:3000][total available: 0; route allocated: 0 of 5; total allocated: 0 of 10]
16:18:50.830 [pool-2-thread-7] DEBUG org.apache.http.impl.conn.PoolingHttpClientConnectionManager -- Connection request: [route: {}->http://localhost:3000][total available: 0; route allocated: 0 of 5; total allocated: 0 of 10]
16:18:50.830 [pool-2-thread-8] DEBUG org.apache.http.impl.conn.PoolingHttpClientConnectionManager -- Connection leased: [id: 38][route: {}->http://localhost:3000][total available: 0; route allocated: 1 of 5; total allocated: 1 of 10]
16:18:50.830 [pool-2-thread-8] DEBUG org.apache.http.impl.execchain.MainClientExec -- Opening connection {}->http://localhost:3000
16:18:50.830 [pool-2-thread-7] DEBUG org.apache.http.impl.conn.PoolingHttpClientConnectionManager -- Connection leased: [id: 39][route: {}->http://localhost:3000][total available: 0; route allocated: 1 of 5; total allocated: 1 of 10]
16:18:50.831 [pool-2-thread-7] DEBUG org.apache.http.impl.execchain.MainClientExec -- Opening connection {}->http://localhost:3000
16:18:50.831 [pool-2-thread-8] DEBUG org.apache.http.impl.conn.DefaultHttpClientConnectionOperator -- Connecting to localhost/127.0.0.1:3000
16:18:50.831 [pool-2-thread-7] DEBUG org.apache.http.impl.conn.DefaultHttpClientConnectionOperator -- Connecting to localhost/127.0.0.1:3000
16:18:50.832 [pool-2-thread-8] DEBUG org.apache.http.impl.conn.DefaultHttpClientConnectionOperator -- Connection established 127.0.0.1:51311<->127.0.0.1:3000
16:18:50.832 [pool-2-thread-8] DEBUG org.apache.http.impl.conn.DefaultManagedHttpClientConnection -- http-outgoing-39: set socket timeout to 30000
16:18:50.832 [pool-2-thread-8] DEBUG org.apache.http.impl.execchain.MainClientExec -- Executing request POST /auth/login HTTP/1.1
16:18:50.832 [pool-2-thread-8] DEBUG org.apache.http.impl.execchain.MainClientExec -- Target auth state: UNCHALLENGED
16:18:50.832 [pool-2-thread-8] DEBUG org.apache.http.impl.execchain.MainClientExec -- Proxy auth state: UNCHALLENGED
16:18:50.832 [pool-2-thread-8] DEBUG org.apache.http.headers -- http-outgoing-39 >> POST /auth/login HTTP/1.1
16:18:50.832 [pool-2-thread-8] DEBUG org.apache.http.headers -- http-outgoing-39 >> Content-Type: application/json; charset=UTF-8
16:18:50.832 [pool-2-thread-8] DEBUG org.apache.http.headers -- http-outgoing-39 >> Content-Length: 54
16:18:50.832 [pool-2-thread-8] DEBUG org.apache.http.headers -- http-outgoing-39 >> Host: localhost:3000
16:18:50.832 [pool-2-thread-8] DEBUG org.apache.http.headers -- http-outgoing-39 >> Connection: Keep-Alive
16:18:50.832 [pool-2-thread-8] DEBUG org.apache.http.headers -- http-outgoing-39 >> User-Agent: Apache-HttpClient/4.5.14 (Java/17.0.9)
16:18:50.832 [pool-2-thread-8] DEBUG org.apache.http.headers -- http-outgoing-39 >> Accept-Encoding: gzip,deflate
16:18:50.832 [pool-2-thread-8] DEBUG org.apache.http.wire -- http-outgoing-39 >> "POST /auth/login HTTP/1.1[\r][\n]"
16:18:50.832 [pool-2-thread-8] DEBUG org.apache.http.wire -- http-outgoing-39 >> "Content-Type: application/json; charset=UTF-8[\r][\n]"
16:18:50.832 [pool-2-thread-8] DEBUG org.apache.http.wire -- http-outgoing-39 >> "Content-Length: 54[\r][\n]"
16:18:50.832 [pool-2-thread-7] DEBUG org.apache.http.impl.conn.DefaultHttpClientConnectionOperator -- Connection established 127.0.0.1:51312<->127.0.0.1:3000
16:18:50.832 [pool-2-thread-8] DEBUG org.apache.http.wire -- http-outgoing-39 >> "Host: localhost:3000[\r][\n]"
16:18:50.832 [pool-2-thread-8] DEBUG org.apache.http.wire -- http-outgoing-39 >> "Connection: Keep-Alive[\r][\n]"
16:18:50.832 [pool-2-thread-7] DEBUG org.apache.http.impl.conn.DefaultManagedHttpClientConnection -- http-outgoing-38: set socket timeout to 30000
16:18:50.832 [pool-2-thread-8] DEBUG org.apache.http.wire -- http-outgoing-39 >> "User-Agent: Apache-HttpClient/4.5.14 (Java/17.0.9)[\r][\n]"
16:18:50.832 [pool-2-thread-8] DEBUG org.apache.http.wire -- http-outgoing-39 >> "Accept-Encoding: gzip,deflate[\r][\n]"
16:18:50.832 [pool-2-thread-8] DEBUG org.apache.http.wire -- http-outgoing-39 >> "[\r][\n]"
16:18:50.832 [pool-2-thread-7] DEBUG org.apache.http.impl.execchain.MainClientExec -- Executing request POST /auth/login HTTP/1.1
16:18:50.832 [pool-2-thread-7] DEBUG org.apache.http.impl.execchain.MainClientExec -- Target auth state: UNCHALLENGED
16:18:50.832 [pool-2-thread-8] DEBUG org.apache.http.wire -- http-outgoing-39 >> "{"email":"testit5@gmail.com","password":"Password123"}"
16:18:50.832 [pool-2-thread-7] DEBUG org.apache.http.impl.execchain.MainClientExec -- Proxy auth state: UNCHALLENGED
16:18:50.832 [pool-2-thread-7] DEBUG org.apache.http.headers -- http-outgoing-38 >> POST /auth/login HTTP/1.1
16:18:50.832 [pool-2-thread-7] DEBUG org.apache.http.headers -- http-outgoing-38 >> Content-Type: application/json; charset=UTF-8
16:18:50.832 [pool-2-thread-7] DEBUG org.apache.http.headers -- http-outgoing-38 >> Content-Length: 54
16:18:50.832 [pool-2-thread-7] DEBUG org.apache.http.headers -- http-outgoing-38 >> Host: localhost:3000
16:18:50.832 [pool-2-thread-7] DEBUG org.apache.http.headers -- http-outgoing-38 >> Connection: Keep-Alive
16:18:50.832 [pool-2-thread-7] DEBUG org.apache.http.headers -- http-outgoing-38 >> User-Agent: Apache-HttpClient/4.5.14 (Java/17.0.9)
16:18:50.832 [pool-2-thread-7] DEBUG org.apache.http.headers -- http-outgoing-38 >> Accept-Encoding: gzip,deflate
16:18:50.833 [pool-2-thread-7] DEBUG org.apache.http.wire -- http-outgoing-38 >> "POST /auth/login HTTP/1.1[\r][\n]"
16:18:50.833 [pool-2-thread-7] DEBUG org.apache.http.wire -- http-outgoing-38 >> "Content-Type: application/json; charset=UTF-8[\r][\n]"
16:18:50.833 [pool-2-thread-7] DEBUG org.apache.http.wire -- http-outgoing-38 >> "Content-Length: 54[\r][\n]"
16:18:50.833 [pool-2-thread-7] DEBUG org.apache.http.wire -- http-outgoing-38 >> "Host: localhost:3000[\r][\n]"
16:18:50.833 [pool-2-thread-7] DEBUG org.apache.http.wire -- http-outgoing-38 >> "Connection: Keep-Alive[\r][\n]"
16:18:50.833 [pool-2-thread-7] DEBUG org.apache.http.wire -- http-outgoing-38 >> "User-Agent: Apache-HttpClient/4.5.14 (Java/17.0.9)[\r][\n]"
16:18:50.833 [pool-2-thread-7] DEBUG org.apache.http.wire -- http-outgoing-38 >> "Accept-Encoding: gzip,deflate[\r][\n]"
16:18:50.833 [pool-2-thread-7] DEBUG org.apache.http.wire -- http-outgoing-38 >> "[\r][\n]"
16:18:50.833 [pool-2-thread-7] DEBUG org.apache.http.wire -- http-outgoing-38 >> "{"email":"testit3@gmail.com","password":"Password123"}"
16:18:50.950 [pool-2-thread-10] DEBUG org.apache.http.wire -- http-outgoing-30 << "HTTP/1.1 200 OK[\r][\n]"
16:18:50.950 [pool-2-thread-10] DEBUG org.apache.http.wire -- http-outgoing-30 << "X-Powered-By: Express[\r][\n]"
16:18:50.950 [pool-2-thread-10] DEBUG org.apache.http.wire -- http-outgoing-30 << "Access-Control-Allow-Origin: *[\r][\n]"
16:18:50.950 [pool-2-thread-10] DEBUG org.apache.http.wire -- http-outgoing-30 << "Content-Type: application/json; charset=utf-8[\r][\n]"
16:18:50.950 [pool-2-thread-10] DEBUG org.apache.http.wire -- http-outgoing-30 << "Content-Length: 605[\r][\n]"
16:18:50.950 [pool-2-thread-10] DEBUG org.apache.http.wire -- http-outgoing-30 << "ETag: W/"25d-0tA8SVQ/m8OzZdHM4HrxwGZYOm8"[\r][\n]"
16:18:50.950 [pool-2-thread-10] DEBUG org.apache.http.wire -- http-outgoing-30 << "Date: Tue, 24 Jun 2025 09:18:50 GMT[\r][\n]"
16:18:50.950 [pool-2-thread-10] DEBUG org.apache.http.wire -- http-outgoing-30 << "Connection: keep-alive[\r][\n]"
16:18:50.950 [pool-2-thread-10] DEBUG org.apache.http.wire -- http-outgoing-30 << "Keep-Alive: timeout=5[\r][\n]"
16:18:50.950 [pool-2-thread-10] DEBUG org.apache.http.wire -- http-outgoing-30 << "[\r][\n]"
16:18:50.950 [pool-2-thread-10] DEBUG org.apache.http.wire -- http-outgoing-30 << "{"access_token":"eyJhbGciOiJIUzI1NiIsInR5cCI6IkpXVCJ9.eyJzdWIiOiIwYTM3ZWY0My1mZWU4LTQxZDMtYTY4Ni04YWIwODY5NDg2OTUiLCJ1c2VybmFtZSI6ImpvaG5kb2UyMSIsInJvbGUiOjAsImlhdCI6MTc1MDc1NjczMCwiZXhwIjoxNzUwNzYwMzMwfQ.xOswBHX0n8dII4Wfh382dq3AQh5IhnMHPhbJh62EwQ4","refresh_token":"cb0e818c24eb56585db4b46444d036de99f94ef6773d83d28ae7e8eea692922a","user":{"id":"0a37ef43-fee8-41d3-a686-8ab086948695","email":"testit2@gmail.com","username":"johndoe21","name":"John Doe","phoneNumber":"0123456712","profilePic":null,"bio":null,"private":false,"verified":false,"role":0,"followersCount":0,"followingCount":0,"postCount":0}}"
16:18:50.951 [pool-2-thread-10] DEBUG org.apache.http.headers -- http-outgoing-30 << HTTP/1.1 200 OK
16:18:50.951 [pool-2-thread-10] DEBUG org.apache.http.headers -- http-outgoing-30 << X-Powered-By: Express
16:18:50.951 [pool-2-thread-10] DEBUG org.apache.http.headers -- http-outgoing-30 << Access-Control-Allow-Origin: *
16:18:50.951 [pool-2-thread-10] DEBUG org.apache.http.headers -- http-outgoing-30 << Content-Type: application/json; charset=utf-8
16:18:50.951 [pool-2-thread-10] DEBUG org.apache.http.headers -- http-outgoing-30 << Content-Length: 605
16:18:50.951 [pool-2-thread-10] DEBUG org.apache.http.headers -- http-outgoing-30 << ETag: W/"25d-0tA8SVQ/m8OzZdHM4HrxwGZYOm8"
16:18:50.951 [pool-2-thread-10] DEBUG org.apache.http.headers -- http-outgoing-30 << Date: Tue, 24 Jun 2025 09:18:50 GMT
16:18:50.951 [pool-2-thread-10] DEBUG org.apache.http.headers -- http-outgoing-30 << Connection: keep-alive
16:18:50.951 [pool-2-thread-10] DEBUG org.apache.http.headers -- http-outgoing-30 << Keep-Alive: timeout=5
16:18:50.951 [pool-2-thread-10] DEBUG org.apache.http.impl.execchain.MainClientExec -- Connection can be kept alive for 5000 MILLISECONDS
16:18:50.951 [pool-2-thread-10] DEBUG org.apache.http.impl.conn.PoolingHttpClientConnectionManager -- Connection [id: 30][route: {}->http://localhost:3000] can be kept alive for 5.0 seconds
16:18:50.951 [pool-2-thread-10] DEBUG org.apache.http.impl.conn.DefaultManagedHttpClientConnection -- http-outgoing-30: set socket timeout to 0
16:18:50.951 [pool-2-thread-10] DEBUG org.apache.http.impl.conn.PoolingHttpClientConnectionManager -- Connection released: [id: 30][route: {}->http://localhost:3000][total available: 1; route allocated: 1 of 5; total allocated: 1 of 10]
16:18:50.951 [pool-2-thread-10] DEBUG org.apache.http.impl.conn.PoolingHttpClientConnectionManager -- Connection manager is shutting down
16:18:50.951 [pool-2-thread-10] DEBUG org.apache.http.impl.conn.DefaultManagedHttpClientConnection -- http-outgoing-30: Close connection
16:18:50.951 [pool-2-thread-10] DEBUG org.apache.http.impl.conn.PoolingHttpClientConnectionManager -- Connection manager shut down
16:18:50.951 [pool-2-thread-10] DEBUG com.intuit.karate -- response time in milliseconds: 908
4 < 200
4 < X-Powered-By: Express
4 < Access-Control-Allow-Origin: *
4 < Content-Type: application/json; charset=utf-8
4 < Content-Length: 605
4 < ETag: W/"25d-0tA8SVQ/m8OzZdHM4HrxwGZYOm8"
4 < Date: Tue, 24 Jun 2025 09:18:50 GMT
4 < Connection: keep-alive
4 < Keep-Alive: timeout=5
{"access_token":"eyJhbGciOiJIUzI1NiIsInR5cCI6IkpXVCJ9.eyJzdWIiOiIwYTM3ZWY0My1mZWU4LTQxZDMtYTY4Ni04YWIwODY5NDg2OTUiLCJ1c2VybmFtZSI6ImpvaG5kb2UyMSIsInJvbGUiOjAsImlhdCI6MTc1MDc1NjczMCwiZXhwIjoxNzUwNzYwMzMwfQ.xOswBHX0n8dII4Wfh382dq3AQh5IhnMHPhbJh62EwQ4","refresh_token":"cb0e818c24eb56585db4b46444d036de99f94ef6773d83d28ae7e8eea692922a","user":{"id":"0a37ef43-fee8-41d3-a686-8ab086948695","email":"testit2@gmail.com","username":"johndoe21","name":"John Doe","phoneNumber":"0123456712","profilePic":null,"bio":null,"private":false,"verified":false,"role":0,"followersCount":0,"followingCount":0,"postCount":0}}

16:18:50.955 [pool-2-thread-10] INFO com.intuit.karate -- [print] Call 4 completed, status: 200 
16:18:50.958 [pool-2-thread-10] INFO com.intuit.karate -- [print] *** API CALL 5 *** 
16:18:50.961 [pool-2-thread-10] DEBUG org.apache.http.client.protocol.RequestAddCookies -- CookieSpec selected: karate
16:18:50.961 [pool-2-thread-10] DEBUG org.apache.http.client.protocol.RequestAuthCache -- Auth cache not set in the context
16:18:50.961 [pool-2-thread-10] DEBUG com.intuit.karate -- request:
5 > POST http://localhost:3000/auth/login
5 > Content-Type: application/json; charset=UTF-8
5 > Content-Length: 54
5 > Host: localhost:3000
5 > Connection: Keep-Alive
5 > User-Agent: Apache-HttpClient/4.5.14 (Java/17.0.9)
5 > Accept-Encoding: gzip,deflate
{"email":"testit2@gmail.com","password":"Password123"}

16:18:50.962 [pool-2-thread-10] DEBUG org.apache.http.impl.conn.PoolingHttpClientConnectionManager -- Connection request: [route: {}->http://localhost:3000][total available: 0; route allocated: 0 of 5; total allocated: 0 of 10]
16:18:50.962 [pool-2-thread-10] DEBUG org.apache.http.impl.conn.PoolingHttpClientConnectionManager -- Connection leased: [id: 40][route: {}->http://localhost:3000][total available: 0; route allocated: 1 of 5; total allocated: 1 of 10]
16:18:50.962 [pool-2-thread-10] DEBUG org.apache.http.impl.execchain.MainClientExec -- Opening connection {}->http://localhost:3000
16:18:50.962 [pool-2-thread-10] DEBUG org.apache.http.impl.conn.DefaultHttpClientConnectionOperator -- Connecting to localhost/127.0.0.1:3000
16:18:50.964 [pool-2-thread-10] DEBUG org.apache.http.impl.conn.DefaultHttpClientConnectionOperator -- Connection established 127.0.0.1:51313<->127.0.0.1:3000
16:18:50.964 [pool-2-thread-10] DEBUG org.apache.http.impl.conn.DefaultManagedHttpClientConnection -- http-outgoing-40: set socket timeout to 30000
16:18:50.964 [pool-2-thread-10] DEBUG org.apache.http.impl.execchain.MainClientExec -- Executing request POST /auth/login HTTP/1.1
16:18:50.964 [pool-2-thread-10] DEBUG org.apache.http.impl.execchain.MainClientExec -- Target auth state: UNCHALLENGED
16:18:50.964 [pool-2-thread-10] DEBUG org.apache.http.impl.execchain.MainClientExec -- Proxy auth state: UNCHALLENGED
16:18:50.964 [pool-2-thread-10] DEBUG org.apache.http.headers -- http-outgoing-40 >> POST /auth/login HTTP/1.1
16:18:50.964 [pool-2-thread-10] DEBUG org.apache.http.headers -- http-outgoing-40 >> Content-Type: application/json; charset=UTF-8
16:18:50.964 [pool-2-thread-10] DEBUG org.apache.http.headers -- http-outgoing-40 >> Content-Length: 54
16:18:50.964 [pool-2-thread-10] DEBUG org.apache.http.headers -- http-outgoing-40 >> Host: localhost:3000
16:18:50.964 [pool-2-thread-10] DEBUG org.apache.http.headers -- http-outgoing-40 >> Connection: Keep-Alive
16:18:50.964 [pool-2-thread-10] DEBUG org.apache.http.headers -- http-outgoing-40 >> User-Agent: Apache-HttpClient/4.5.14 (Java/17.0.9)
16:18:50.964 [pool-2-thread-10] DEBUG org.apache.http.headers -- http-outgoing-40 >> Accept-Encoding: gzip,deflate
16:18:50.964 [pool-2-thread-10] DEBUG org.apache.http.wire -- http-outgoing-40 >> "POST /auth/login HTTP/1.1[\r][\n]"
16:18:50.964 [pool-2-thread-10] DEBUG org.apache.http.wire -- http-outgoing-40 >> "Content-Type: application/json; charset=UTF-8[\r][\n]"
16:18:50.964 [pool-2-thread-10] DEBUG org.apache.http.wire -- http-outgoing-40 >> "Content-Length: 54[\r][\n]"
16:18:50.964 [pool-2-thread-10] DEBUG org.apache.http.wire -- http-outgoing-40 >> "Host: localhost:3000[\r][\n]"
16:18:50.964 [pool-2-thread-10] DEBUG org.apache.http.wire -- http-outgoing-40 >> "Connection: Keep-Alive[\r][\n]"
16:18:50.964 [pool-2-thread-10] DEBUG org.apache.http.wire -- http-outgoing-40 >> "User-Agent: Apache-HttpClient/4.5.14 (Java/17.0.9)[\r][\n]"
16:18:50.964 [pool-2-thread-10] DEBUG org.apache.http.wire -- http-outgoing-40 >> "Accept-Encoding: gzip,deflate[\r][\n]"
16:18:50.964 [pool-2-thread-10] DEBUG org.apache.http.wire -- http-outgoing-40 >> "[\r][\n]"
16:18:50.964 [pool-2-thread-10] DEBUG org.apache.http.wire -- http-outgoing-40 >> "{"email":"testit2@gmail.com","password":"Password123"}"
16:18:50.989 [pool-2-thread-5] DEBUG org.apache.http.wire -- http-outgoing-32 << "HTTP/1.1 200 OK[\r][\n]"
16:18:50.989 [pool-2-thread-5] DEBUG org.apache.http.wire -- http-outgoing-32 << "X-Powered-By: Express[\r][\n]"
16:18:50.989 [pool-2-thread-5] DEBUG org.apache.http.wire -- http-outgoing-32 << "Access-Control-Allow-Origin: *[\r][\n]"
16:18:50.989 [pool-2-thread-5] DEBUG org.apache.http.wire -- http-outgoing-32 << "Content-Type: application/json; charset=utf-8[\r][\n]"
16:18:50.989 [pool-2-thread-5] DEBUG org.apache.http.wire -- http-outgoing-32 << "Content-Length: 607[\r][\n]"
16:18:50.989 [pool-2-thread-5] DEBUG org.apache.http.wire -- http-outgoing-32 << "ETag: W/"25f-5jDFpChkI3tfUgwsKezoDW5G0G4"[\r][\n]"
16:18:50.989 [pool-2-thread-5] DEBUG org.apache.http.wire -- http-outgoing-32 << "Date: Tue, 24 Jun 2025 09:18:50 GMT[\r][\n]"
16:18:50.989 [pool-2-thread-5] DEBUG org.apache.http.wire -- http-outgoing-32 << "Connection: keep-alive[\r][\n]"
16:18:50.989 [pool-2-thread-5] DEBUG org.apache.http.wire -- http-outgoing-32 << "Keep-Alive: timeout=5[\r][\n]"
16:18:50.989 [pool-2-thread-5] DEBUG org.apache.http.wire -- http-outgoing-32 << "[\r][\n]"
16:18:50.989 [pool-2-thread-5] DEBUG org.apache.http.wire -- http-outgoing-32 << "{"access_token":"eyJhbGciOiJIUzI1NiIsInR5cCI6IkpXVCJ9.eyJzdWIiOiJjMjE0MjJkZi1jY2VjLTQ0MGUtOWE0Mi1jMWI4MmFiZjczM2QiLCJ1c2VybmFtZSI6ImpvaG5kb2UyOCIsInJvbGUiOjAsImlhdCI6MTc1MDc1NjczMCwiZXhwIjoxNzUwNzYwMzMwfQ.Sj-3BxHfJzhIK7cU3n_UOgCR4yTtTYfltQvon602Mjo","refresh_token":"34c546c1a410d560a3a00c022b167b0bcea12927df6e5b54d5975a0a8b449e75","user":{"id":"c21422df-ccec-440e-9a42-c1b82abf733d","email":"test28@example.com","username":"johndoe28","name":"John Doe","phoneNumber":"84987654321","profilePic":null,"bio":null,"private":false,"verified":false,"role":0,"followersCount":0,"followingCount":0,"postCount":0}}"
16:18:50.990 [pool-2-thread-5] DEBUG org.apache.http.headers -- http-outgoing-32 << HTTP/1.1 200 OK
16:18:50.990 [pool-2-thread-5] DEBUG org.apache.http.headers -- http-outgoing-32 << X-Powered-By: Express
16:18:50.990 [pool-2-thread-5] DEBUG org.apache.http.headers -- http-outgoing-32 << Access-Control-Allow-Origin: *
16:18:50.990 [pool-2-thread-5] DEBUG org.apache.http.headers -- http-outgoing-32 << Content-Type: application/json; charset=utf-8
16:18:50.990 [pool-2-thread-5] DEBUG org.apache.http.headers -- http-outgoing-32 << Content-Length: 607
16:18:50.990 [pool-2-thread-5] DEBUG org.apache.http.headers -- http-outgoing-32 << ETag: W/"25f-5jDFpChkI3tfUgwsKezoDW5G0G4"
16:18:50.990 [pool-2-thread-5] DEBUG org.apache.http.headers -- http-outgoing-32 << Date: Tue, 24 Jun 2025 09:18:50 GMT
16:18:50.990 [pool-2-thread-5] DEBUG org.apache.http.headers -- http-outgoing-32 << Connection: keep-alive
16:18:50.990 [pool-2-thread-5] DEBUG org.apache.http.headers -- http-outgoing-32 << Keep-Alive: timeout=5
16:18:50.990 [pool-2-thread-5] DEBUG org.apache.http.impl.execchain.MainClientExec -- Connection can be kept alive for 5000 MILLISECONDS
16:18:50.990 [pool-2-thread-5] DEBUG org.apache.http.impl.conn.PoolingHttpClientConnectionManager -- Connection [id: 32][route: {}->http://localhost:3000] can be kept alive for 5.0 seconds
16:18:50.991 [pool-2-thread-5] DEBUG org.apache.http.impl.conn.DefaultManagedHttpClientConnection -- http-outgoing-32: set socket timeout to 0
16:18:50.991 [pool-2-thread-5] DEBUG org.apache.http.impl.conn.PoolingHttpClientConnectionManager -- Connection released: [id: 32][route: {}->http://localhost:3000][total available: 1; route allocated: 1 of 5; total allocated: 1 of 10]
16:18:50.991 [pool-2-thread-5] DEBUG org.apache.http.impl.conn.PoolingHttpClientConnectionManager -- Connection manager is shutting down
16:18:50.991 [pool-2-thread-5] DEBUG org.apache.http.impl.conn.DefaultManagedHttpClientConnection -- http-outgoing-32: Close connection
16:18:50.992 [pool-2-thread-5] DEBUG org.apache.http.impl.conn.PoolingHttpClientConnectionManager -- Connection manager shut down
16:18:50.992 [pool-2-thread-5] DEBUG com.intuit.karate -- response time in milliseconds: 348
4 < 200
4 < X-Powered-By: Express
4 < Access-Control-Allow-Origin: *
4 < Content-Type: application/json; charset=utf-8
4 < Content-Length: 607
4 < ETag: W/"25f-5jDFpChkI3tfUgwsKezoDW5G0G4"
4 < Date: Tue, 24 Jun 2025 09:18:50 GMT
4 < Connection: keep-alive
4 < Keep-Alive: timeout=5
{"access_token":"eyJhbGciOiJIUzI1NiIsInR5cCI6IkpXVCJ9.eyJzdWIiOiJjMjE0MjJkZi1jY2VjLTQ0MGUtOWE0Mi1jMWI4MmFiZjczM2QiLCJ1c2VybmFtZSI6ImpvaG5kb2UyOCIsInJvbGUiOjAsImlhdCI6MTc1MDc1NjczMCwiZXhwIjoxNzUwNzYwMzMwfQ.Sj-3BxHfJzhIK7cU3n_UOgCR4yTtTYfltQvon602Mjo","refresh_token":"34c546c1a410d560a3a00c022b167b0bcea12927df6e5b54d5975a0a8b449e75","user":{"id":"c21422df-ccec-440e-9a42-c1b82abf733d","email":"test28@example.com","username":"johndoe28","name":"John Doe","phoneNumber":"84987654321","profilePic":null,"bio":null,"private":false,"verified":false,"role":0,"followersCount":0,"followingCount":0,"postCount":0}}

16:18:50.996 [pool-2-thread-5] INFO com.intuit.karate -- [print] Call 4 completed, status: 200 
16:18:50.996 [pool-2-thread-1] DEBUG org.apache.http.wire -- http-outgoing-33 << "HTTP/1.1 200 OK[\r][\n]"
16:18:50.996 [pool-2-thread-1] DEBUG org.apache.http.wire -- http-outgoing-33 << "X-Powered-By: Express[\r][\n]"
16:18:50.996 [pool-2-thread-1] DEBUG org.apache.http.wire -- http-outgoing-33 << "Access-Control-Allow-Origin: *[\r][\n]"
16:18:50.996 [pool-2-thread-1] DEBUG org.apache.http.wire -- http-outgoing-33 << "Content-Type: application/json; charset=utf-8[\r][\n]"
16:18:50.996 [pool-2-thread-1] DEBUG org.apache.http.wire -- http-outgoing-33 << "Content-Length: 708[\r][\n]"
16:18:50.996 [pool-2-thread-1] DEBUG org.apache.http.wire -- http-outgoing-33 << "ETag: W/"2c4-VeBhAidWOP+Qo+3gM2tsxqdwgP4"[\r][\n]"
16:18:50.996 [pool-2-thread-1] DEBUG org.apache.http.wire -- http-outgoing-33 << "Date: Tue, 24 Jun 2025 09:18:50 GMT[\r][\n]"
16:18:50.996 [pool-2-thread-1] DEBUG org.apache.http.wire -- http-outgoing-33 << "Connection: keep-alive[\r][\n]"
16:18:50.996 [pool-2-thread-1] DEBUG org.apache.http.wire -- http-outgoing-33 << "Keep-Alive: timeout=5[\r][\n]"
16:18:50.996 [pool-2-thread-1] DEBUG org.apache.http.wire -- http-outgoing-33 << "[\r][\n]"
16:18:50.997 [pool-2-thread-1] DEBUG org.apache.http.wire -- http-outgoing-33 << "{"access_token":"eyJhbGciOiJIUzI1NiIsInR5cCI6IkpXVCJ9.eyJzdWIiOiIwODUxNWIwNS0yZDNlLTQ3ODktYWQ2MC1kYjM1NTI1YTQ5NzAiLCJ1c2VybmFtZSI6Im5hbSIsInJvbGUiOjAsImlhdCI6MTc1MDc1NjczMCwiZXhwIjoxNzUwNzYwMzMwfQ.YBn65gmTrv5G-PIW8UYIiCb3XJWFnsTRIJc-mtXqovY","refresh_token":"55b93b3c7356b443be2e2bdcf4cb2782d6a8ad08d372c66f167ad64799a0db48","user":{"id":"08515b05-2d3e-4789-ad60-db35525a4970","email":"nam@gmail.com","username":"nam","name":"nam","phoneNumber":"0123456789","profilePic":"https://res.cloudinary.com/dizcvrefo/image/upload/v1749266646/nestjs_uploads/zk9zrpeidnovxibfqdxr.png","bio":"Chu tich hoi dong Quan tri 1","private":false,"verified":false,"role":0,"followersCount":2,"followingCount":5,"postCount":13}}"
16:18:50.997 [pool-2-thread-1] DEBUG org.apache.http.headers -- http-outgoing-33 << HTTP/1.1 200 OK
16:18:50.997 [pool-2-thread-1] DEBUG org.apache.http.headers -- http-outgoing-33 << X-Powered-By: Express
16:18:50.997 [pool-2-thread-1] DEBUG org.apache.http.headers -- http-outgoing-33 << Access-Control-Allow-Origin: *
16:18:50.997 [pool-2-thread-1] DEBUG org.apache.http.headers -- http-outgoing-33 << Content-Type: application/json; charset=utf-8
16:18:50.997 [pool-2-thread-1] DEBUG org.apache.http.headers -- http-outgoing-33 << Content-Length: 708
16:18:50.997 [pool-2-thread-1] DEBUG org.apache.http.headers -- http-outgoing-33 << ETag: W/"2c4-VeBhAidWOP+Qo+3gM2tsxqdwgP4"
16:18:50.997 [pool-2-thread-1] DEBUG org.apache.http.headers -- http-outgoing-33 << Date: Tue, 24 Jun 2025 09:18:50 GMT
16:18:50.997 [pool-2-thread-1] DEBUG org.apache.http.headers -- http-outgoing-33 << Connection: keep-alive
16:18:50.997 [pool-2-thread-1] DEBUG org.apache.http.headers -- http-outgoing-33 << Keep-Alive: timeout=5
16:18:50.997 [pool-2-thread-1] DEBUG org.apache.http.impl.execchain.MainClientExec -- Connection can be kept alive for 5000 MILLISECONDS
16:18:50.997 [pool-2-thread-1] DEBUG org.apache.http.impl.conn.PoolingHttpClientConnectionManager -- Connection [id: 33][route: {}->http://localhost:3000] can be kept alive for 5.0 seconds
16:18:50.997 [pool-2-thread-1] DEBUG org.apache.http.impl.conn.DefaultManagedHttpClientConnection -- http-outgoing-33: set socket timeout to 0
16:18:50.997 [pool-2-thread-1] DEBUG org.apache.http.impl.conn.PoolingHttpClientConnectionManager -- Connection released: [id: 33][route: {}->http://localhost:3000][total available: 1; route allocated: 1 of 5; total allocated: 1 of 10]
16:18:50.997 [pool-2-thread-1] DEBUG org.apache.http.impl.conn.PoolingHttpClientConnectionManager -- Connection manager is shutting down
16:18:50.997 [pool-2-thread-1] DEBUG org.apache.http.impl.conn.DefaultManagedHttpClientConnection -- http-outgoing-33: Close connection
16:18:50.998 [pool-2-thread-1] DEBUG org.apache.http.impl.conn.PoolingHttpClientConnectionManager -- Connection manager shut down
16:18:50.998 [pool-2-thread-5] INFO com.intuit.karate -- [print] *** API CALL 5 *** 
16:18:50.999 [pool-2-thread-1] DEBUG com.intuit.karate -- response time in milliseconds: 354
4 < 200
4 < X-Powered-By: Express
4 < Access-Control-Allow-Origin: *
4 < Content-Type: application/json; charset=utf-8
4 < Content-Length: 708
4 < ETag: W/"2c4-VeBhAidWOP+Qo+3gM2tsxqdwgP4"
4 < Date: Tue, 24 Jun 2025 09:18:50 GMT
4 < Connection: keep-alive
4 < Keep-Alive: timeout=5
{"access_token":"eyJhbGciOiJIUzI1NiIsInR5cCI6IkpXVCJ9.eyJzdWIiOiIwODUxNWIwNS0yZDNlLTQ3ODktYWQ2MC1kYjM1NTI1YTQ5NzAiLCJ1c2VybmFtZSI6Im5hbSIsInJvbGUiOjAsImlhdCI6MTc1MDc1NjczMCwiZXhwIjoxNzUwNzYwMzMwfQ.YBn65gmTrv5G-PIW8UYIiCb3XJWFnsTRIJc-mtXqovY","refresh_token":"55b93b3c7356b443be2e2bdcf4cb2782d6a8ad08d372c66f167ad64799a0db48","user":{"id":"08515b05-2d3e-4789-ad60-db35525a4970","email":"nam@gmail.com","username":"nam","name":"nam","phoneNumber":"0123456789","profilePic":"https://res.cloudinary.com/dizcvrefo/image/upload/v1749266646/nestjs_uploads/zk9zrpeidnovxibfqdxr.png","bio":"Chu tich hoi dong Quan tri 1","private":false,"verified":false,"role":0,"followersCount":2,"followingCount":5,"postCount":13}}

16:18:51.000 [pool-2-thread-5] DEBUG org.apache.http.client.protocol.RequestAddCookies -- CookieSpec selected: karate
16:18:51.000 [pool-2-thread-5] DEBUG org.apache.http.client.protocol.RequestAuthCache -- Auth cache not set in the context
16:18:51.000 [pool-2-thread-5] DEBUG com.intuit.karate -- request:
5 > POST http://localhost:3000/auth/login
5 > Content-Type: application/json; charset=UTF-8
5 > Content-Length: 55
5 > Host: localhost:3000
5 > Connection: Keep-Alive
5 > User-Agent: Apache-HttpClient/4.5.14 (Java/17.0.9)
5 > Accept-Encoding: gzip,deflate
{"email":"test28@example.com","password":"Password123"}

16:18:51.001 [pool-2-thread-5] DEBUG org.apache.http.impl.conn.PoolingHttpClientConnectionManager -- Connection request: [route: {}->http://localhost:3000][total available: 0; route allocated: 0 of 5; total allocated: 0 of 10]
16:18:51.001 [pool-2-thread-1] INFO com.intuit.karate -- [print] Call 4 completed, status: 200 
16:18:51.001 [pool-2-thread-5] DEBUG org.apache.http.impl.conn.PoolingHttpClientConnectionManager -- Connection leased: [id: 41][route: {}->http://localhost:3000][total available: 0; route allocated: 1 of 5; total allocated: 1 of 10]
16:18:51.001 [pool-2-thread-5] DEBUG org.apache.http.impl.execchain.MainClientExec -- Opening connection {}->http://localhost:3000
16:18:51.001 [pool-2-thread-5] DEBUG org.apache.http.impl.conn.DefaultHttpClientConnectionOperator -- Connecting to localhost/127.0.0.1:3000
16:18:51.002 [pool-2-thread-5] DEBUG org.apache.http.impl.conn.DefaultHttpClientConnectionOperator -- Connection established 127.0.0.1:51314<->127.0.0.1:3000
16:18:51.002 [pool-2-thread-5] DEBUG org.apache.http.impl.conn.DefaultManagedHttpClientConnection -- http-outgoing-41: set socket timeout to 30000
16:18:51.002 [pool-2-thread-5] DEBUG org.apache.http.impl.execchain.MainClientExec -- Executing request POST /auth/login HTTP/1.1
16:18:51.002 [pool-2-thread-5] DEBUG org.apache.http.impl.execchain.MainClientExec -- Target auth state: UNCHALLENGED
16:18:51.002 [pool-2-thread-5] DEBUG org.apache.http.impl.execchain.MainClientExec -- Proxy auth state: UNCHALLENGED
16:18:51.002 [pool-2-thread-5] DEBUG org.apache.http.headers -- http-outgoing-41 >> POST /auth/login HTTP/1.1
16:18:51.002 [pool-2-thread-5] DEBUG org.apache.http.headers -- http-outgoing-41 >> Content-Type: application/json; charset=UTF-8
16:18:51.002 [pool-2-thread-5] DEBUG org.apache.http.headers -- http-outgoing-41 >> Content-Length: 55
16:18:51.002 [pool-2-thread-5] DEBUG org.apache.http.headers -- http-outgoing-41 >> Host: localhost:3000
16:18:51.002 [pool-2-thread-5] DEBUG org.apache.http.headers -- http-outgoing-41 >> Connection: Keep-Alive
16:18:51.002 [pool-2-thread-5] DEBUG org.apache.http.headers -- http-outgoing-41 >> User-Agent: Apache-HttpClient/4.5.14 (Java/17.0.9)
16:18:51.002 [pool-2-thread-5] DEBUG org.apache.http.headers -- http-outgoing-41 >> Accept-Encoding: gzip,deflate
16:18:51.002 [pool-2-thread-5] DEBUG org.apache.http.wire -- http-outgoing-41 >> "POST /auth/login HTTP/1.1[\r][\n]"
16:18:51.002 [pool-2-thread-5] DEBUG org.apache.http.wire -- http-outgoing-41 >> "Content-Type: application/json; charset=UTF-8[\r][\n]"
16:18:51.002 [pool-2-thread-5] DEBUG org.apache.http.wire -- http-outgoing-41 >> "Content-Length: 55[\r][\n]"
16:18:51.002 [pool-2-thread-5] DEBUG org.apache.http.wire -- http-outgoing-41 >> "Host: localhost:3000[\r][\n]"
16:18:51.002 [pool-2-thread-5] DEBUG org.apache.http.wire -- http-outgoing-41 >> "Connection: Keep-Alive[\r][\n]"
16:18:51.002 [pool-2-thread-5] DEBUG org.apache.http.wire -- http-outgoing-41 >> "User-Agent: Apache-HttpClient/4.5.14 (Java/17.0.9)[\r][\n]"
16:18:51.002 [pool-2-thread-5] DEBUG org.apache.http.wire -- http-outgoing-41 >> "Accept-Encoding: gzip,deflate[\r][\n]"
16:18:51.002 [pool-2-thread-5] DEBUG org.apache.http.wire -- http-outgoing-41 >> "[\r][\n]"
16:18:51.002 [pool-2-thread-5] DEBUG org.apache.http.wire -- http-outgoing-41 >> "{"email":"test28@example.com","password":"Password123"}"
16:18:51.003 [pool-2-thread-1] INFO com.intuit.karate -- [print] *** API CALL 5 *** 
16:18:51.008 [pool-2-thread-1] DEBUG org.apache.http.client.protocol.RequestAddCookies -- CookieSpec selected: karate
16:18:51.009 [pool-2-thread-1] DEBUG org.apache.http.client.protocol.RequestAuthCache -- Auth cache not set in the context
16:18:51.009 [pool-2-thread-1] DEBUG com.intuit.karate -- request:
5 > POST http://localhost:3000/auth/login
5 > Content-Type: application/json; charset=UTF-8
5 > Content-Length: 45
5 > Host: localhost:3000
5 > Connection: Keep-Alive
5 > User-Agent: Apache-HttpClient/4.5.14 (Java/17.0.9)
5 > Accept-Encoding: gzip,deflate
{"email":"nam@gmail.com","password":"123456"}

16:18:51.009 [pool-2-thread-1] DEBUG org.apache.http.impl.conn.PoolingHttpClientConnectionManager -- Connection request: [route: {}->http://localhost:3000][total available: 0; route allocated: 0 of 5; total allocated: 0 of 10]
16:18:51.010 [pool-2-thread-1] DEBUG org.apache.http.impl.conn.PoolingHttpClientConnectionManager -- Connection leased: [id: 42][route: {}->http://localhost:3000][total available: 0; route allocated: 1 of 5; total allocated: 1 of 10]
16:18:51.010 [pool-2-thread-1] DEBUG org.apache.http.impl.execchain.MainClientExec -- Opening connection {}->http://localhost:3000
16:18:51.010 [pool-2-thread-1] DEBUG org.apache.http.impl.conn.DefaultHttpClientConnectionOperator -- Connecting to localhost/127.0.0.1:3000
16:18:51.011 [pool-2-thread-1] DEBUG org.apache.http.impl.conn.DefaultHttpClientConnectionOperator -- Connection established 127.0.0.1:51315<->127.0.0.1:3000
16:18:51.011 [pool-2-thread-1] DEBUG org.apache.http.impl.conn.DefaultManagedHttpClientConnection -- http-outgoing-42: set socket timeout to 30000
16:18:51.011 [pool-2-thread-1] DEBUG org.apache.http.impl.execchain.MainClientExec -- Executing request POST /auth/login HTTP/1.1
16:18:51.011 [pool-2-thread-1] DEBUG org.apache.http.impl.execchain.MainClientExec -- Target auth state: UNCHALLENGED
16:18:51.011 [pool-2-thread-1] DEBUG org.apache.http.impl.execchain.MainClientExec -- Proxy auth state: UNCHALLENGED
16:18:51.012 [pool-2-thread-1] DEBUG org.apache.http.headers -- http-outgoing-42 >> POST /auth/login HTTP/1.1
16:18:51.012 [pool-2-thread-1] DEBUG org.apache.http.headers -- http-outgoing-42 >> Content-Type: application/json; charset=UTF-8
16:18:51.012 [pool-2-thread-1] DEBUG org.apache.http.headers -- http-outgoing-42 >> Content-Length: 45
16:18:51.012 [pool-2-thread-1] DEBUG org.apache.http.headers -- http-outgoing-42 >> Host: localhost:3000
16:18:51.012 [pool-2-thread-1] DEBUG org.apache.http.headers -- http-outgoing-42 >> Connection: Keep-Alive
16:18:51.012 [pool-2-thread-1] DEBUG org.apache.http.headers -- http-outgoing-42 >> User-Agent: Apache-HttpClient/4.5.14 (Java/17.0.9)
16:18:51.012 [pool-2-thread-1] DEBUG org.apache.http.headers -- http-outgoing-42 >> Accept-Encoding: gzip,deflate
16:18:51.012 [pool-2-thread-1] DEBUG org.apache.http.wire -- http-outgoing-42 >> "POST /auth/login HTTP/1.1[\r][\n]"
16:18:51.012 [pool-2-thread-1] DEBUG org.apache.http.wire -- http-outgoing-42 >> "Content-Type: application/json; charset=UTF-8[\r][\n]"
16:18:51.012 [pool-2-thread-1] DEBUG org.apache.http.wire -- http-outgoing-42 >> "Content-Length: 45[\r][\n]"
16:18:51.012 [pool-2-thread-1] DEBUG org.apache.http.wire -- http-outgoing-42 >> "Host: localhost:3000[\r][\n]"
16:18:51.012 [pool-2-thread-1] DEBUG org.apache.http.wire -- http-outgoing-42 >> "Connection: Keep-Alive[\r][\n]"
16:18:51.012 [pool-2-thread-1] DEBUG org.apache.http.wire -- http-outgoing-42 >> "User-Agent: Apache-HttpClient/4.5.14 (Java/17.0.9)[\r][\n]"
16:18:51.012 [pool-2-thread-1] DEBUG org.apache.http.wire -- http-outgoing-42 >> "Accept-Encoding: gzip,deflate[\r][\n]"
16:18:51.012 [pool-2-thread-1] DEBUG org.apache.http.wire -- http-outgoing-42 >> "[\r][\n]"
16:18:51.012 [pool-2-thread-1] DEBUG org.apache.http.wire -- http-outgoing-42 >> "{"email":"nam@gmail.com","password":"123456"}"
16:18:51.030 [pool-2-thread-3] DEBUG org.apache.http.wire -- http-outgoing-31 << "HTTP/1.1 200 OK[\r][\n]"
16:18:51.030 [pool-2-thread-3] DEBUG org.apache.http.wire -- http-outgoing-31 << "X-Powered-By: Express[\r][\n]"
16:18:51.030 [pool-2-thread-3] DEBUG org.apache.http.wire -- http-outgoing-31 << "Access-Control-Allow-Origin: *[\r][\n]"
16:18:51.030 [pool-2-thread-3] DEBUG org.apache.http.wire -- http-outgoing-31 << "Content-Type: application/json; charset=utf-8[\r][\n]"
16:18:51.030 [pool-2-thread-3] DEBUG org.apache.http.wire -- http-outgoing-31 << "Content-Length: 599[\r][\n]"
16:18:51.030 [pool-2-thread-3] DEBUG org.apache.http.wire -- http-outgoing-31 << "ETag: W/"257-CHKSWvVX2J7fDH8W+hIZWiab1NM"[\r][\n]"
16:18:51.030 [pool-2-thread-3] DEBUG org.apache.http.wire -- http-outgoing-31 << "Date: Tue, 24 Jun 2025 09:18:51 GMT[\r][\n]"
16:18:51.030 [pool-2-thread-3] DEBUG org.apache.http.wire -- http-outgoing-31 << "Connection: keep-alive[\r][\n]"
16:18:51.030 [pool-2-thread-3] DEBUG org.apache.http.wire -- http-outgoing-31 << "Keep-Alive: timeout=5[\r][\n]"
16:18:51.030 [pool-2-thread-3] DEBUG org.apache.http.wire -- http-outgoing-31 << "[\r][\n]"
16:18:51.031 [pool-2-thread-3] DEBUG org.apache.http.wire -- http-outgoing-31 << "{"access_token":"eyJhbGciOiJIUzI1NiIsInR5cCI6IkpXVCJ9.eyJzdWIiOiIyZGRhMDQzOS01MTgwLTQ1YWEtOTE3Zi1lNjMyZTQ1YThlNDEiLCJ1c2VybmFtZSI6ImpvaG5kb2UiLCJyb2xlIjowLCJpYXQiOjE3NTA3NTY3MzAsImV4cCI6MTc1MDc2MDMzMH0.tEq6vbRJPJJdsXADRCIoGHuAbCM_Ux_aU1CpABZsTO0","refresh_token":"89228fc9069e5f9c57a2e9e04940d7c1ffc8cb4e7c7388105b8e420b93f9f056","user":{"id":"2dda0439-5180-45aa-917f-e632e45a8e41","email":"test@example.com","username":"johndoe","name":"John Doe","phoneNumber":"0987654321","profilePic":null,"bio":null,"private":false,"verified":false,"role":0,"followersCount":0,"followingCount":0,"postCount":0}}"
16:18:51.031 [pool-2-thread-3] DEBUG org.apache.http.headers -- http-outgoing-31 << HTTP/1.1 200 OK
16:18:51.031 [pool-2-thread-3] DEBUG org.apache.http.headers -- http-outgoing-31 << X-Powered-By: Express
16:18:51.031 [pool-2-thread-3] DEBUG org.apache.http.headers -- http-outgoing-31 << Access-Control-Allow-Origin: *
16:18:51.031 [pool-2-thread-3] DEBUG org.apache.http.headers -- http-outgoing-31 << Content-Type: application/json; charset=utf-8
16:18:51.031 [pool-2-thread-3] DEBUG org.apache.http.headers -- http-outgoing-31 << Content-Length: 599
16:18:51.031 [pool-2-thread-3] DEBUG org.apache.http.headers -- http-outgoing-31 << ETag: W/"257-CHKSWvVX2J7fDH8W+hIZWiab1NM"
16:18:51.031 [pool-2-thread-3] DEBUG org.apache.http.headers -- http-outgoing-31 << Date: Tue, 24 Jun 2025 09:18:51 GMT
16:18:51.031 [pool-2-thread-3] DEBUG org.apache.http.headers -- http-outgoing-31 << Connection: keep-alive
16:18:51.031 [pool-2-thread-3] DEBUG org.apache.http.headers -- http-outgoing-31 << Keep-Alive: timeout=5
16:18:51.031 [pool-2-thread-3] DEBUG org.apache.http.impl.execchain.MainClientExec -- Connection can be kept alive for 5000 MILLISECONDS
16:18:51.031 [pool-2-thread-3] DEBUG org.apache.http.impl.conn.PoolingHttpClientConnectionManager -- Connection [id: 31][route: {}->http://localhost:3000] can be kept alive for 5.0 seconds
16:18:51.031 [pool-2-thread-3] DEBUG org.apache.http.impl.conn.DefaultManagedHttpClientConnection -- http-outgoing-31: set socket timeout to 0
16:18:51.032 [pool-2-thread-3] DEBUG org.apache.http.impl.conn.PoolingHttpClientConnectionManager -- Connection released: [id: 31][route: {}->http://localhost:3000][total available: 1; route allocated: 1 of 5; total allocated: 1 of 10]
16:18:51.032 [pool-2-thread-3] DEBUG org.apache.http.impl.conn.PoolingHttpClientConnectionManager -- Connection manager is shutting down
16:18:51.032 [pool-2-thread-3] DEBUG org.apache.http.impl.conn.DefaultManagedHttpClientConnection -- http-outgoing-31: Close connection
16:18:51.032 [pool-2-thread-3] DEBUG org.apache.http.impl.conn.PoolingHttpClientConnectionManager -- Connection manager shut down
16:18:51.032 [pool-2-thread-3] DEBUG com.intuit.karate -- response time in milliseconds: 389
4 < 200
4 < X-Powered-By: Express
4 < Access-Control-Allow-Origin: *
4 < Content-Type: application/json; charset=utf-8
4 < Content-Length: 599
4 < ETag: W/"257-CHKSWvVX2J7fDH8W+hIZWiab1NM"
4 < Date: Tue, 24 Jun 2025 09:18:51 GMT
4 < Connection: keep-alive
4 < Keep-Alive: timeout=5
{"access_token":"eyJhbGciOiJIUzI1NiIsInR5cCI6IkpXVCJ9.eyJzdWIiOiIyZGRhMDQzOS01MTgwLTQ1YWEtOTE3Zi1lNjMyZTQ1YThlNDEiLCJ1c2VybmFtZSI6ImpvaG5kb2UiLCJyb2xlIjowLCJpYXQiOjE3NTA3NTY3MzAsImV4cCI6MTc1MDc2MDMzMH0.tEq6vbRJPJJdsXADRCIoGHuAbCM_Ux_aU1CpABZsTO0","refresh_token":"89228fc9069e5f9c57a2e9e04940d7c1ffc8cb4e7c7388105b8e420b93f9f056","user":{"id":"2dda0439-5180-45aa-917f-e632e45a8e41","email":"test@example.com","username":"johndoe","name":"John Doe","phoneNumber":"0987654321","profilePic":null,"bio":null,"private":false,"verified":false,"role":0,"followersCount":0,"followingCount":0,"postCount":0}}

16:18:51.035 [pool-2-thread-3] INFO com.intuit.karate -- [print] Call 4 completed, status: 200 
16:18:51.037 [pool-2-thread-3] INFO com.intuit.karate -- [print] *** API CALL 5 *** 
16:18:51.041 [pool-2-thread-3] DEBUG org.apache.http.client.protocol.RequestAddCookies -- CookieSpec selected: karate
16:18:51.041 [pool-2-thread-3] DEBUG org.apache.http.client.protocol.RequestAuthCache -- Auth cache not set in the context
16:18:51.041 [pool-2-thread-3] DEBUG com.intuit.karate -- request:
5 > POST http://localhost:3000/auth/login
5 > Content-Type: application/json; charset=UTF-8
5 > Content-Length: 53
5 > Host: localhost:3000
5 > Connection: Keep-Alive
5 > User-Agent: Apache-HttpClient/4.5.14 (Java/17.0.9)
5 > Accept-Encoding: gzip,deflate
{"email":"test@example.com","password":"Password123"}

16:18:51.041 [pool-2-thread-3] DEBUG org.apache.http.impl.conn.PoolingHttpClientConnectionManager -- Connection request: [route: {}->http://localhost:3000][total available: 0; route allocated: 0 of 5; total allocated: 0 of 10]
16:18:51.041 [pool-2-thread-3] DEBUG org.apache.http.impl.conn.PoolingHttpClientConnectionManager -- Connection leased: [id: 43][route: {}->http://localhost:3000][total available: 0; route allocated: 1 of 5; total allocated: 1 of 10]
16:18:51.041 [pool-2-thread-3] DEBUG org.apache.http.impl.execchain.MainClientExec -- Opening connection {}->http://localhost:3000
16:18:51.042 [pool-2-thread-3] DEBUG org.apache.http.impl.conn.DefaultHttpClientConnectionOperator -- Connecting to localhost/127.0.0.1:3000
16:18:51.042 [pool-2-thread-3] DEBUG org.apache.http.impl.conn.DefaultHttpClientConnectionOperator -- Connection established 127.0.0.1:51316<->127.0.0.1:3000
16:18:51.042 [pool-2-thread-3] DEBUG org.apache.http.impl.conn.DefaultManagedHttpClientConnection -- http-outgoing-43: set socket timeout to 30000
16:18:51.042 [pool-2-thread-3] DEBUG org.apache.http.impl.execchain.MainClientExec -- Executing request POST /auth/login HTTP/1.1
16:18:51.042 [pool-2-thread-3] DEBUG org.apache.http.impl.execchain.MainClientExec -- Target auth state: UNCHALLENGED
16:18:51.042 [pool-2-thread-3] DEBUG org.apache.http.impl.execchain.MainClientExec -- Proxy auth state: UNCHALLENGED
16:18:51.043 [pool-2-thread-3] DEBUG org.apache.http.headers -- http-outgoing-43 >> POST /auth/login HTTP/1.1
16:18:51.043 [pool-2-thread-3] DEBUG org.apache.http.headers -- http-outgoing-43 >> Content-Type: application/json; charset=UTF-8
16:18:51.043 [pool-2-thread-3] DEBUG org.apache.http.headers -- http-outgoing-43 >> Content-Length: 53
16:18:51.043 [pool-2-thread-3] DEBUG org.apache.http.headers -- http-outgoing-43 >> Host: localhost:3000
16:18:51.043 [pool-2-thread-3] DEBUG org.apache.http.headers -- http-outgoing-43 >> Connection: Keep-Alive
16:18:51.043 [pool-2-thread-3] DEBUG org.apache.http.headers -- http-outgoing-43 >> User-Agent: Apache-HttpClient/4.5.14 (Java/17.0.9)
16:18:51.043 [pool-2-thread-3] DEBUG org.apache.http.headers -- http-outgoing-43 >> Accept-Encoding: gzip,deflate
16:18:51.043 [pool-2-thread-3] DEBUG org.apache.http.wire -- http-outgoing-43 >> "POST /auth/login HTTP/1.1[\r][\n]"
16:18:51.043 [pool-2-thread-3] DEBUG org.apache.http.wire -- http-outgoing-43 >> "Content-Type: application/json; charset=UTF-8[\r][\n]"
16:18:51.043 [pool-2-thread-3] DEBUG org.apache.http.wire -- http-outgoing-43 >> "Content-Length: 53[\r][\n]"
16:18:51.043 [pool-2-thread-3] DEBUG org.apache.http.wire -- http-outgoing-43 >> "Host: localhost:3000[\r][\n]"
16:18:51.043 [pool-2-thread-3] DEBUG org.apache.http.wire -- http-outgoing-43 >> "Connection: Keep-Alive[\r][\n]"
16:18:51.043 [pool-2-thread-3] DEBUG org.apache.http.wire -- http-outgoing-43 >> "User-Agent: Apache-HttpClient/4.5.14 (Java/17.0.9)[\r][\n]"
16:18:51.043 [pool-2-thread-3] DEBUG org.apache.http.wire -- http-outgoing-43 >> "Accept-Encoding: gzip,deflate[\r][\n]"
16:18:51.043 [pool-2-thread-3] DEBUG org.apache.http.wire -- http-outgoing-43 >> "[\r][\n]"
16:18:51.043 [pool-2-thread-3] DEBUG org.apache.http.wire -- http-outgoing-43 >> "{"email":"test@example.com","password":"Password123"}"
16:18:51.629 [pool-2-thread-6] DEBUG org.apache.http.wire -- http-outgoing-36 << "HTTP/1.1 200 OK[\r][\n]"
16:18:51.630 [pool-2-thread-6] DEBUG org.apache.http.wire -- http-outgoing-36 << "X-Powered-By: Express[\r][\n]"
16:18:51.630 [pool-2-thread-6] DEBUG org.apache.http.wire -- http-outgoing-36 << "Access-Control-Allow-Origin: *[\r][\n]"
16:18:51.630 [pool-2-thread-6] DEBUG org.apache.http.wire -- http-outgoing-36 << "Content-Type: application/json; charset=utf-8[\r][\n]"
16:18:51.630 [pool-2-thread-6] DEBUG org.apache.http.wire -- http-outgoing-36 << "Content-Length: 607[\r][\n]"
16:18:51.630 [pool-2-thread-6] DEBUG org.apache.http.wire -- http-outgoing-36 << "ETag: W/"25f-HXWLKM4ovTMs+VNiOmv7LRijb40"[\r][\n]"
16:18:51.630 [pool-2-thread-6] DEBUG org.apache.http.wire -- http-outgoing-36 << "Date: Tue, 24 Jun 2025 09:18:51 GMT[\r][\n]"
16:18:51.630 [pool-2-thread-6] DEBUG org.apache.http.wire -- http-outgoing-36 << "Connection: keep-alive[\r][\n]"
16:18:51.630 [pool-2-thread-6] DEBUG org.apache.http.wire -- http-outgoing-36 << "Keep-Alive: timeout=5[\r][\n]"
16:18:51.630 [pool-2-thread-6] DEBUG org.apache.http.wire -- http-outgoing-36 << "[\r][\n]"
16:18:51.630 [pool-2-thread-6] DEBUG org.apache.http.wire -- http-outgoing-36 << "{"access_token":"eyJhbGciOiJIUzI1NiIsInR5cCI6IkpXVCJ9.eyJzdWIiOiI5YTI2OTc2Yy0xNTMyLTRkZjMtYTE2ZS03NjMxNTI1Yzg1MDIiLCJ1c2VybmFtZSI6ImpvaG5kb2UyZDUiLCJyb2xlIjowLCJpYXQiOjE3NTA3NTY3MzEsImV4cCI6MTc1MDc2MDMzMX0.GxRbq8A1RCVbbsmSM6huEx_rwetdd4Q1N6cFrVseA18","refresh_token":"6241f12934d980864c12f6417d481ea2c95140342ba94f1c3aaa4254f461a6ff","user":{"id":"9a26976c-1532-4df3-a16e-7631525c8502","email":"testit4@gmail.com","username":"johndoe2d5","name":"John Doe","phoneNumber":"0123456212","profilePic":null,"bio":null,"private":false,"verified":false,"role":0,"followersCount":0,"followingCount":0,"postCount":0}}"
16:18:51.630 [pool-2-thread-4] DEBUG org.apache.http.wire -- http-outgoing-37 << "HTTP/1.1 200 OK[\r][\n]"
16:18:51.630 [pool-2-thread-4] DEBUG org.apache.http.wire -- http-outgoing-37 << "X-Powered-By: Express[\r][\n]"
16:18:51.630 [pool-2-thread-4] DEBUG org.apache.http.wire -- http-outgoing-37 << "Access-Control-Allow-Origin: *[\r][\n]"
16:18:51.630 [pool-2-thread-4] DEBUG org.apache.http.wire -- http-outgoing-37 << "Content-Type: application/json; charset=utf-8[\r][\n]"
16:18:51.630 [pool-2-thread-4] DEBUG org.apache.http.wire -- http-outgoing-37 << "Content-Length: 608[\r][\n]"
16:18:51.630 [pool-2-thread-4] DEBUG org.apache.http.wire -- http-outgoing-37 << "ETag: W/"260-aEL9zKz1zKiYxRu87PwVIFtDNsE"[\r][\n]"
16:18:51.630 [pool-2-thread-4] DEBUG org.apache.http.wire -- http-outgoing-37 << "Date: Tue, 24 Jun 2025 09:18:51 GMT[\r][\n]"
16:18:51.630 [pool-2-thread-4] DEBUG org.apache.http.wire -- http-outgoing-37 << "Connection: keep-alive[\r][\n]"
16:18:51.630 [pool-2-thread-4] DEBUG org.apache.http.wire -- http-outgoing-37 << "Keep-Alive: timeout=5[\r][\n]"
16:18:51.630 [pool-2-thread-4] DEBUG org.apache.http.wire -- http-outgoing-37 << "[\r][\n]"
16:18:51.630 [pool-2-thread-6] DEBUG org.apache.http.headers -- http-outgoing-36 << HTTP/1.1 200 OK
16:18:51.630 [pool-2-thread-4] DEBUG org.apache.http.wire -- http-outgoing-37 << "{"access_token":"eyJhbGciOiJIUzI1NiIsInR5cCI6IkpXVCJ9.eyJzdWIiOiI4YTI0NzQ2MS01YzA0LTQyMWQtOThmNS1mYTljNzM0ZmFlYTUiLCJ1c2VybmFtZSI6ImphbmVzbWl0aCIsInJvbGUiOjAsImlhdCI6MTc1MDc1NjczMSwiZXhwIjoxNzUwNzYwMzMxfQ.-5fNxnMSJF3FxdN2wTC2IWrxt6QqO5CUV7Ze3lioiv4","refresh_token":"771859e2674613d11a7f8d600f533727e3a969b9ab3f54f0f3ab7a0962d7f465","user":{"id":"8a247461-5c04-421d-98f5-fa9c734faea5","email":"test2@example.com","username":"janesmith","name":"Jane Smith","phoneNumber":"01234567890","profilePic":null,"bio":null,"private":false,"verified":false,"role":0,"followersCount":0,"followingCount":0,"postCount":0}}"
16:18:51.630 [pool-2-thread-6] DEBUG org.apache.http.headers -- http-outgoing-36 << X-Powered-By: Express
16:18:51.630 [pool-2-thread-6] DEBUG org.apache.http.headers -- http-outgoing-36 << Access-Control-Allow-Origin: *
16:18:51.630 [pool-2-thread-6] DEBUG org.apache.http.headers -- http-outgoing-36 << Content-Type: application/json; charset=utf-8
16:18:51.630 [pool-2-thread-6] DEBUG org.apache.http.headers -- http-outgoing-36 << Content-Length: 607
16:18:51.630 [pool-2-thread-6] DEBUG org.apache.http.headers -- http-outgoing-36 << ETag: W/"25f-HXWLKM4ovTMs+VNiOmv7LRijb40"
16:18:51.630 [pool-2-thread-6] DEBUG org.apache.http.headers -- http-outgoing-36 << Date: Tue, 24 Jun 2025 09:18:51 GMT
16:18:51.630 [pool-2-thread-6] DEBUG org.apache.http.headers -- http-outgoing-36 << Connection: keep-alive
16:18:51.630 [pool-2-thread-6] DEBUG org.apache.http.headers -- http-outgoing-36 << Keep-Alive: timeout=5
16:18:51.630 [pool-2-thread-4] DEBUG org.apache.http.headers -- http-outgoing-37 << HTTP/1.1 200 OK
16:18:51.630 [pool-2-thread-4] DEBUG org.apache.http.headers -- http-outgoing-37 << X-Powered-By: Express
16:18:51.630 [pool-2-thread-4] DEBUG org.apache.http.headers -- http-outgoing-37 << Access-Control-Allow-Origin: *
16:18:51.630 [pool-2-thread-4] DEBUG org.apache.http.headers -- http-outgoing-37 << Content-Type: application/json; charset=utf-8
16:18:51.630 [pool-2-thread-4] DEBUG org.apache.http.headers -- http-outgoing-37 << Content-Length: 608
16:18:51.630 [pool-2-thread-4] DEBUG org.apache.http.headers -- http-outgoing-37 << ETag: W/"260-aEL9zKz1zKiYxRu87PwVIFtDNsE"
16:18:51.630 [pool-2-thread-4] DEBUG org.apache.http.headers -- http-outgoing-37 << Date: Tue, 24 Jun 2025 09:18:51 GMT
16:18:51.630 [pool-2-thread-4] DEBUG org.apache.http.headers -- http-outgoing-37 << Connection: keep-alive
16:18:51.630 [pool-2-thread-4] DEBUG org.apache.http.headers -- http-outgoing-37 << Keep-Alive: timeout=5
16:18:51.630 [pool-2-thread-6] DEBUG org.apache.http.impl.execchain.MainClientExec -- Connection can be kept alive for 5000 MILLISECONDS
16:18:51.630 [pool-2-thread-4] DEBUG org.apache.http.impl.execchain.MainClientExec -- Connection can be kept alive for 5000 MILLISECONDS
16:18:51.632 [pool-2-thread-4] DEBUG org.apache.http.impl.conn.PoolingHttpClientConnectionManager -- Connection [id: 37][route: {}->http://localhost:3000] can be kept alive for 5.0 seconds
16:18:51.632 [pool-2-thread-4] DEBUG org.apache.http.impl.conn.DefaultManagedHttpClientConnection -- http-outgoing-37: set socket timeout to 0
16:18:51.632 [pool-2-thread-6] DEBUG org.apache.http.impl.conn.PoolingHttpClientConnectionManager -- Connection [id: 36][route: {}->http://localhost:3000] can be kept alive for 5.0 seconds
16:18:51.632 [pool-2-thread-6] DEBUG org.apache.http.impl.conn.DefaultManagedHttpClientConnection -- http-outgoing-36: set socket timeout to 0
16:18:51.632 [pool-2-thread-4] DEBUG org.apache.http.impl.conn.PoolingHttpClientConnectionManager -- Connection released: [id: 37][route: {}->http://localhost:3000][total available: 1; route allocated: 1 of 5; total allocated: 1 of 10]
16:18:51.632 [pool-2-thread-6] DEBUG org.apache.http.impl.conn.PoolingHttpClientConnectionManager -- Connection released: [id: 36][route: {}->http://localhost:3000][total available: 1; route allocated: 1 of 5; total allocated: 1 of 10]
16:18:51.632 [pool-2-thread-4] DEBUG org.apache.http.impl.conn.PoolingHttpClientConnectionManager -- Connection manager is shutting down
16:18:51.632 [pool-2-thread-6] DEBUG org.apache.http.impl.conn.PoolingHttpClientConnectionManager -- Connection manager is shutting down
16:18:51.632 [pool-2-thread-2] DEBUG org.apache.http.wire -- http-outgoing-34 << "HTTP/1.1 200 OK[\r][\n]"
16:18:51.632 [pool-2-thread-6] DEBUG org.apache.http.impl.conn.DefaultManagedHttpClientConnection -- http-outgoing-36: Close connection
16:18:51.632 [pool-2-thread-2] DEBUG org.apache.http.wire -- http-outgoing-34 << "X-Powered-By: Express[\r][\n]"
16:18:51.632 [pool-2-thread-2] DEBUG org.apache.http.wire -- http-outgoing-34 << "Access-Control-Allow-Origin: *[\r][\n]"
16:18:51.632 [pool-2-thread-4] DEBUG org.apache.http.impl.conn.DefaultManagedHttpClientConnection -- http-outgoing-37: Close connection
16:18:51.632 [pool-2-thread-2] DEBUG org.apache.http.wire -- http-outgoing-34 << "Content-Type: application/json; charset=utf-8[\r][\n]"
16:18:51.632 [pool-2-thread-2] DEBUG org.apache.http.wire -- http-outgoing-34 << "Content-Length: 715[\r][\n]"
16:18:51.632 [pool-2-thread-2] DEBUG org.apache.http.wire -- http-outgoing-34 << "ETag: W/"2cb-N3suNjvPUMB6f4Bqeiar459COoU"[\r][\n]"
16:18:51.632 [pool-2-thread-2] DEBUG org.apache.http.wire -- http-outgoing-34 << "Date: Tue, 24 Jun 2025 09:18:51 GMT[\r][\n]"
16:18:51.632 [pool-2-thread-2] DEBUG org.apache.http.wire -- http-outgoing-34 << "Connection: keep-alive[\r][\n]"
16:18:51.632 [pool-2-thread-2] DEBUG org.apache.http.wire -- http-outgoing-34 << "Keep-Alive: timeout=5[\r][\n]"
16:18:51.632 [pool-2-thread-2] DEBUG org.apache.http.wire -- http-outgoing-34 << "[\r][\n]"
16:18:51.632 [pool-2-thread-4] DEBUG org.apache.http.impl.conn.PoolingHttpClientConnectionManager -- Connection manager shut down
16:18:51.632 [pool-2-thread-2] DEBUG org.apache.http.wire -- http-outgoing-34 << "{"access_token":"eyJhbGciOiJIUzI1NiIsInR5cCI6IkpXVCJ9.eyJzdWIiOiIyYjg0YWEyNC02NjhhLTQwZTItYWYxYy1hZDRmYzRmYTVhNmYiLCJ1c2VybmFtZSI6InF1YW5nMSIsInJvbGUiOjAsImlhdCI6MTc1MDc1NjczMSwiZXhwIjoxNzUwNzYwMzMxfQ.2uxTEzaog23dbsAyC2967VgYpmttl-60rtsow46t4Zo","refresh_token":"6013b9b3bc16104062617e6d39a52d92ba67be69ed6c9bbf0b13d7fb01a1701a","user":{"id":"2b84aa24-668a-40e2-af1c-ad4fc4fa5a6f","email":"quang1@gmail.com","username":"quang1","name":"quang1","phoneNumber":"09874563210","profilePic":"https://res.cloudinary.com/dizcvrefo/image/upload/v1749027586/nestjs_uploads/xehairydt9rzlbmbmv4c.jpg","bio":"Thang Nam Lao Vua Thoi","private":false,"verified":false,"role":0,"followersCount":2,"followingCount":3,"postCount":2}}"
16:18:51.632 [pool-2-thread-2] DEBUG org.apache.http.headers -- http-outgoing-34 << HTTP/1.1 200 OK
16:18:51.632 [pool-2-thread-2] DEBUG org.apache.http.headers -- http-outgoing-34 << X-Powered-By: Express
16:18:51.632 [pool-2-thread-2] DEBUG org.apache.http.headers -- http-outgoing-34 << Access-Control-Allow-Origin: *
16:18:51.632 [pool-2-thread-2] DEBUG org.apache.http.headers -- http-outgoing-34 << Content-Type: application/json; charset=utf-8
16:18:51.632 [pool-2-thread-2] DEBUG org.apache.http.headers -- http-outgoing-34 << Content-Length: 715
16:18:51.632 [pool-2-thread-2] DEBUG org.apache.http.headers -- http-outgoing-34 << ETag: W/"2cb-N3suNjvPUMB6f4Bqeiar459COoU"
16:18:51.632 [pool-2-thread-2] DEBUG org.apache.http.headers -- http-outgoing-34 << Date: Tue, 24 Jun 2025 09:18:51 GMT
16:18:51.632 [pool-2-thread-2] DEBUG org.apache.http.headers -- http-outgoing-34 << Connection: keep-alive
16:18:51.632 [pool-2-thread-2] DEBUG org.apache.http.headers -- http-outgoing-34 << Keep-Alive: timeout=5
16:18:51.632 [pool-2-thread-4] DEBUG com.intuit.karate -- response time in milliseconds: 865
4 < 200
4 < X-Powered-By: Express
4 < Access-Control-Allow-Origin: *
4 < Content-Type: application/json; charset=utf-8
4 < Content-Length: 608
4 < ETag: W/"260-aEL9zKz1zKiYxRu87PwVIFtDNsE"
4 < Date: Tue, 24 Jun 2025 09:18:51 GMT
4 < Connection: keep-alive
4 < Keep-Alive: timeout=5
{"access_token":"eyJhbGciOiJIUzI1NiIsInR5cCI6IkpXVCJ9.eyJzdWIiOiI4YTI0NzQ2MS01YzA0LTQyMWQtOThmNS1mYTljNzM0ZmFlYTUiLCJ1c2VybmFtZSI6ImphbmVzbWl0aCIsInJvbGUiOjAsImlhdCI6MTc1MDc1NjczMSwiZXhwIjoxNzUwNzYwMzMxfQ.-5fNxnMSJF3FxdN2wTC2IWrxt6QqO5CUV7Ze3lioiv4","refresh_token":"771859e2674613d11a7f8d600f533727e3a969b9ab3f54f0f3ab7a0962d7f465","user":{"id":"8a247461-5c04-421d-98f5-fa9c734faea5","email":"test2@example.com","username":"janesmith","name":"Jane Smith","phoneNumber":"01234567890","profilePic":null,"bio":null,"private":false,"verified":false,"role":0,"followersCount":0,"followingCount":0,"postCount":0}}

16:18:51.632 [pool-2-thread-2] DEBUG org.apache.http.impl.execchain.MainClientExec -- Connection can be kept alive for 5000 MILLISECONDS
16:18:51.632 [pool-2-thread-2] DEBUG org.apache.http.impl.conn.PoolingHttpClientConnectionManager -- Connection [id: 35][route: {}->http://localhost:3000] can be kept alive for 5.0 seconds
16:18:51.632 [pool-2-thread-2] DEBUG org.apache.http.impl.conn.DefaultManagedHttpClientConnection -- http-outgoing-34: set socket timeout to 0
16:18:51.633 [pool-2-thread-2] DEBUG org.apache.http.impl.conn.PoolingHttpClientConnectionManager -- Connection released: [id: 35][route: {}->http://localhost:3000][total available: 1; route allocated: 1 of 5; total allocated: 1 of 10]
16:18:51.633 [pool-2-thread-2] DEBUG org.apache.http.impl.conn.PoolingHttpClientConnectionManager -- Connection manager is shutting down
16:18:51.633 [pool-2-thread-2] DEBUG org.apache.http.impl.conn.DefaultManagedHttpClientConnection -- http-outgoing-34: Close connection
16:18:51.633 [pool-2-thread-2] DEBUG org.apache.http.impl.conn.PoolingHttpClientConnectionManager -- Connection manager shut down
16:18:51.633 [pool-2-thread-2] DEBUG com.intuit.karate -- response time in milliseconds: 916
4 < 200
4 < X-Powered-By: Express
4 < Access-Control-Allow-Origin: *
4 < Content-Type: application/json; charset=utf-8
4 < Content-Length: 715
4 < ETag: W/"2cb-N3suNjvPUMB6f4Bqeiar459COoU"
4 < Date: Tue, 24 Jun 2025 09:18:51 GMT
4 < Connection: keep-alive
4 < Keep-Alive: timeout=5
{"access_token":"eyJhbGciOiJIUzI1NiIsInR5cCI6IkpXVCJ9.eyJzdWIiOiIyYjg0YWEyNC02NjhhLTQwZTItYWYxYy1hZDRmYzRmYTVhNmYiLCJ1c2VybmFtZSI6InF1YW5nMSIsInJvbGUiOjAsImlhdCI6MTc1MDc1NjczMSwiZXhwIjoxNzUwNzYwMzMxfQ.2uxTEzaog23dbsAyC2967VgYpmttl-60rtsow46t4Zo","refresh_token":"6013b9b3bc16104062617e6d39a52d92ba67be69ed6c9bbf0b13d7fb01a1701a","user":{"id":"2b84aa24-668a-40e2-af1c-ad4fc4fa5a6f","email":"quang1@gmail.com","username":"quang1","name":"quang1","phoneNumber":"09874563210","profilePic":"https://res.cloudinary.com/dizcvrefo/image/upload/v1749027586/nestjs_uploads/xehairydt9rzlbmbmv4c.jpg","bio":"Thang Nam Lao Vua Thoi","private":false,"verified":false,"role":0,"followersCount":2,"followingCount":3,"postCount":2}}

16:18:51.634 [pool-2-thread-6] DEBUG org.apache.http.impl.conn.PoolingHttpClientConnectionManager -- Connection manager shut down
16:18:51.634 [pool-2-thread-6] DEBUG com.intuit.karate -- response time in milliseconds: 880
4 < 200
4 < X-Powered-By: Express
4 < Access-Control-Allow-Origin: *
4 < Content-Type: application/json; charset=utf-8
4 < Content-Length: 607
4 < ETag: W/"25f-HXWLKM4ovTMs+VNiOmv7LRijb40"
4 < Date: Tue, 24 Jun 2025 09:18:51 GMT
4 < Connection: keep-alive
4 < Keep-Alive: timeout=5
{"access_token":"eyJhbGciOiJIUzI1NiIsInR5cCI6IkpXVCJ9.eyJzdWIiOiI5YTI2OTc2Yy0xNTMyLTRkZjMtYTE2ZS03NjMxNTI1Yzg1MDIiLCJ1c2VybmFtZSI6ImpvaG5kb2UyZDUiLCJyb2xlIjowLCJpYXQiOjE3NTA3NTY3MzEsImV4cCI6MTc1MDc2MDMzMX0.GxRbq8A1RCVbbsmSM6huEx_rwetdd4Q1N6cFrVseA18","refresh_token":"6241f12934d980864c12f6417d481ea2c95140342ba94f1c3aaa4254f461a6ff","user":{"id":"9a26976c-1532-4df3-a16e-7631525c8502","email":"testit4@gmail.com","username":"johndoe2d5","name":"John Doe","phoneNumber":"0123456212","profilePic":null,"bio":null,"private":false,"verified":false,"role":0,"followersCount":0,"followingCount":0,"postCount":0}}

16:18:51.635 [pool-2-thread-2] INFO com.intuit.karate -- [print] Call 4 completed, status: 200 
16:18:51.635 [pool-2-thread-4] INFO com.intuit.karate -- [print] Call 4 completed, status: 200 
16:18:51.635 [pool-2-thread-9] DEBUG org.apache.http.wire -- http-outgoing-35 << "HTTP/1.1 200 OK[\r][\n]"
16:18:51.635 [pool-2-thread-9] DEBUG org.apache.http.wire -- http-outgoing-35 << "X-Powered-By: Express[\r][\n]"
16:18:51.635 [pool-2-thread-9] DEBUG org.apache.http.wire -- http-outgoing-35 << "Access-Control-Allow-Origin: *[\r][\n]"
16:18:51.635 [pool-2-thread-9] DEBUG org.apache.http.wire -- http-outgoing-35 << "Content-Type: application/json; charset=utf-8[\r][\n]"
16:18:51.635 [pool-2-thread-9] DEBUG org.apache.http.wire -- http-outgoing-35 << "Content-Length: 604[\r][\n]"
16:18:51.635 [pool-2-thread-9] DEBUG org.apache.http.wire -- http-outgoing-35 << "ETag: W/"25c-G3ZfokQy53TbZKnT9k9redDz4cs"[\r][\n]"
16:18:51.635 [pool-2-thread-9] DEBUG org.apache.http.wire -- http-outgoing-35 << "Date: Tue, 24 Jun 2025 09:18:51 GMT[\r][\n]"
16:18:51.635 [pool-2-thread-9] DEBUG org.apache.http.wire -- http-outgoing-35 << "Connection: keep-alive[\r][\n]"
16:18:51.635 [pool-2-thread-9] DEBUG org.apache.http.wire -- http-outgoing-35 << "Keep-Alive: timeout=5[\r][\n]"
16:18:51.635 [pool-2-thread-9] DEBUG org.apache.http.wire -- http-outgoing-35 << "[\r][\n]"
16:18:51.635 [pool-2-thread-9] DEBUG org.apache.http.wire -- http-outgoing-35 << "{"access_token":"eyJhbGciOiJIUzI1NiIsInR5cCI6IkpXVCJ9.eyJzdWIiOiJkZjZmMDkxOS1hMjNkLTQ0YzktYTkyNS00ZWE4YmU1MjVkMTAiLCJ1c2VybmFtZSI6ImpvaG5kb2UyMyIsInJvbGUiOjAsImlhdCI6MTc1MDc1NjczMCwiZXhwIjoxNzUwNzYwMzMwfQ.QdUR83MV3TgG7FijRu87HauQ56NtLslPwFY0jcTNpiE","refresh_token":"6c7afb0cda13d7c8b74d75d0add41cf9c407af2a25619680d7d17b35f2a9628f","user":{"id":"df6f0919-a23d-44c9-a925-4ea8be525d10","email":"testit@gmail.com","username":"johndoe23","name":"John Doe","phoneNumber":"0123456788","profilePic":null,"bio":null,"private":false,"verified":false,"role":0,"followersCount":0,"followingCount":0,"postCount":0}}"
16:18:51.635 [pool-2-thread-9] DEBUG org.apache.http.headers -- http-outgoing-35 << HTTP/1.1 200 OK
16:18:51.635 [pool-2-thread-9] DEBUG org.apache.http.headers -- http-outgoing-35 << X-Powered-By: Express
16:18:51.635 [pool-2-thread-9] DEBUG org.apache.http.headers -- http-outgoing-35 << Access-Control-Allow-Origin: *
16:18:51.635 [pool-2-thread-9] DEBUG org.apache.http.headers -- http-outgoing-35 << Content-Type: application/json; charset=utf-8
16:18:51.635 [pool-2-thread-9] DEBUG org.apache.http.headers -- http-outgoing-35 << Content-Length: 604
16:18:51.635 [pool-2-thread-2] INFO com.intuit.karate -- [print] *** API CALL 5 *** 
16:18:51.635 [pool-2-thread-9] DEBUG org.apache.http.headers -- http-outgoing-35 << ETag: W/"25c-G3ZfokQy53TbZKnT9k9redDz4cs"
16:18:51.635 [pool-2-thread-4] INFO com.intuit.karate -- [print] *** API CALL 5 *** 
16:18:51.635 [pool-2-thread-9] DEBUG org.apache.http.headers -- http-outgoing-35 << Date: Tue, 24 Jun 2025 09:18:51 GMT
16:18:51.635 [pool-2-thread-9] DEBUG org.apache.http.headers -- http-outgoing-35 << Connection: keep-alive
16:18:51.635 [pool-2-thread-6] INFO com.intuit.karate -- [print] Call 4 completed, status: 200 
16:18:51.635 [pool-2-thread-9] DEBUG org.apache.http.headers -- http-outgoing-35 << Keep-Alive: timeout=5
16:18:51.635 [pool-2-thread-9] DEBUG org.apache.http.impl.execchain.MainClientExec -- Connection can be kept alive for 5000 MILLISECONDS
16:18:51.635 [pool-2-thread-9] DEBUG org.apache.http.impl.conn.PoolingHttpClientConnectionManager -- Connection [id: 34][route: {}->http://localhost:3000] can be kept alive for 5.0 seconds
16:18:51.635 [pool-2-thread-9] DEBUG org.apache.http.impl.conn.DefaultManagedHttpClientConnection -- http-outgoing-35: set socket timeout to 0
16:18:51.635 [pool-2-thread-6] INFO com.intuit.karate -- [print] *** API CALL 5 *** 
16:18:51.635 [pool-2-thread-9] DEBUG org.apache.http.impl.conn.PoolingHttpClientConnectionManager -- Connection released: [id: 34][route: {}->http://localhost:3000][total available: 1; route allocated: 1 of 5; total allocated: 1 of 10]
16:18:51.635 [pool-2-thread-9] DEBUG org.apache.http.impl.conn.PoolingHttpClientConnectionManager -- Connection manager is shutting down
16:18:51.635 [pool-2-thread-9] DEBUG org.apache.http.impl.conn.DefaultManagedHttpClientConnection -- http-outgoing-35: Close connection
16:18:51.637 [pool-2-thread-9] DEBUG org.apache.http.impl.conn.PoolingHttpClientConnectionManager -- Connection manager shut down
16:18:51.637 [pool-2-thread-9] DEBUG com.intuit.karate -- response time in milliseconds: 918
4 < 200
4 < X-Powered-By: Express
4 < Access-Control-Allow-Origin: *
4 < Content-Type: application/json; charset=utf-8
4 < Content-Length: 604
4 < ETag: W/"25c-G3ZfokQy53TbZKnT9k9redDz4cs"
4 < Date: Tue, 24 Jun 2025 09:18:51 GMT
4 < Connection: keep-alive
4 < Keep-Alive: timeout=5
{"access_token":"eyJhbGciOiJIUzI1NiIsInR5cCI6IkpXVCJ9.eyJzdWIiOiJkZjZmMDkxOS1hMjNkLTQ0YzktYTkyNS00ZWE4YmU1MjVkMTAiLCJ1c2VybmFtZSI6ImpvaG5kb2UyMyIsInJvbGUiOjAsImlhdCI6MTc1MDc1NjczMCwiZXhwIjoxNzUwNzYwMzMwfQ.QdUR83MV3TgG7FijRu87HauQ56NtLslPwFY0jcTNpiE","refresh_token":"6c7afb0cda13d7c8b74d75d0add41cf9c407af2a25619680d7d17b35f2a9628f","user":{"id":"df6f0919-a23d-44c9-a925-4ea8be525d10","email":"testit@gmail.com","username":"johndoe23","name":"John Doe","phoneNumber":"0123456788","profilePic":null,"bio":null,"private":false,"verified":false,"role":0,"followersCount":0,"followingCount":0,"postCount":0}}

16:18:51.638 [pool-2-thread-4] DEBUG org.apache.http.client.protocol.RequestAddCookies -- CookieSpec selected: karate
16:18:51.638 [pool-2-thread-2] DEBUG org.apache.http.client.protocol.RequestAddCookies -- CookieSpec selected: karate
16:18:51.638 [pool-2-thread-2] DEBUG org.apache.http.client.protocol.RequestAuthCache -- Auth cache not set in the context
16:18:51.638 [pool-2-thread-4] DEBUG org.apache.http.client.protocol.RequestAuthCache -- Auth cache not set in the context
16:18:51.638 [pool-2-thread-2] DEBUG com.intuit.karate -- request:
5 > POST http://localhost:3000/auth/login
5 > Content-Type: application/json; charset=UTF-8
5 > Content-Length: 48
5 > Host: localhost:3000
5 > Connection: Keep-Alive
5 > User-Agent: Apache-HttpClient/4.5.14 (Java/17.0.9)
5 > Accept-Encoding: gzip,deflate
{"email":"quang1@gmail.com","password":"quang1"}

16:18:51.638 [pool-2-thread-4] DEBUG com.intuit.karate -- request:
5 > POST http://localhost:3000/auth/login
5 > Content-Type: application/json; charset=UTF-8
5 > Content-Length: 54
5 > Host: localhost:3000
5 > Connection: Keep-Alive
5 > User-Agent: Apache-HttpClient/4.5.14 (Java/17.0.9)
5 > Accept-Encoding: gzip,deflate
{"email":"test2@example.com","password":"Password123"}

16:18:51.638 [pool-2-thread-6] DEBUG org.apache.http.client.protocol.RequestAddCookies -- CookieSpec selected: karate
16:18:51.638 [pool-2-thread-2] DEBUG org.apache.http.impl.conn.PoolingHttpClientConnectionManager -- Connection request: [route: {}->http://localhost:3000][total available: 0; route allocated: 0 of 5; total allocated: 0 of 10]
16:18:51.638 [pool-2-thread-4] DEBUG org.apache.http.impl.conn.PoolingHttpClientConnectionManager -- Connection request: [route: {}->http://localhost:3000][total available: 0; route allocated: 0 of 5; total allocated: 0 of 10]
16:18:51.638 [pool-2-thread-9] INFO com.intuit.karate -- [print] Call 4 completed, status: 200 
16:18:51.638 [pool-2-thread-6] DEBUG org.apache.http.client.protocol.RequestAuthCache -- Auth cache not set in the context
16:18:51.638 [pool-2-thread-6] DEBUG com.intuit.karate -- request:
5 > POST http://localhost:3000/auth/login
5 > Content-Type: application/json; charset=UTF-8
5 > Content-Length: 54
5 > Host: localhost:3000
5 > Connection: Keep-Alive
5 > User-Agent: Apache-HttpClient/4.5.14 (Java/17.0.9)
5 > Accept-Encoding: gzip,deflate
{"email":"testit4@gmail.com","password":"Password123"}

16:18:51.638 [pool-2-thread-2] DEBUG org.apache.http.impl.conn.PoolingHttpClientConnectionManager -- Connection leased: [id: 45][route: {}->http://localhost:3000][total available: 0; route allocated: 1 of 5; total allocated: 1 of 10]
16:18:51.638 [pool-2-thread-6] DEBUG org.apache.http.impl.conn.PoolingHttpClientConnectionManager -- Connection request: [route: {}->http://localhost:3000][total available: 0; route allocated: 0 of 5; total allocated: 0 of 10]
16:18:51.638 [pool-2-thread-4] DEBUG org.apache.http.impl.conn.PoolingHttpClientConnectionManager -- Connection leased: [id: 44][route: {}->http://localhost:3000][total available: 0; route allocated: 1 of 5; total allocated: 1 of 10]
16:18:51.638 [pool-2-thread-2] DEBUG org.apache.http.impl.execchain.MainClientExec -- Opening connection {}->http://localhost:3000
16:18:51.638 [pool-2-thread-4] DEBUG org.apache.http.impl.execchain.MainClientExec -- Opening connection {}->http://localhost:3000
16:18:51.638 [pool-2-thread-6] DEBUG org.apache.http.impl.conn.PoolingHttpClientConnectionManager -- Connection leased: [id: 46][route: {}->http://localhost:3000][total available: 0; route allocated: 1 of 5; total allocated: 1 of 10]
16:18:51.638 [pool-2-thread-6] DEBUG org.apache.http.impl.execchain.MainClientExec -- Opening connection {}->http://localhost:3000
16:18:51.638 [pool-2-thread-4] DEBUG org.apache.http.impl.conn.DefaultHttpClientConnectionOperator -- Connecting to localhost/127.0.0.1:3000
16:18:51.638 [pool-2-thread-6] DEBUG org.apache.http.impl.conn.DefaultHttpClientConnectionOperator -- Connecting to localhost/127.0.0.1:3000
16:18:51.638 [pool-2-thread-2] DEBUG org.apache.http.impl.conn.DefaultHttpClientConnectionOperator -- Connecting to localhost/127.0.0.1:3000
16:18:51.639 [pool-2-thread-9] INFO com.intuit.karate -- [print] *** API CALL 5 *** 
16:18:51.639 [pool-2-thread-2] DEBUG org.apache.http.impl.conn.DefaultHttpClientConnectionOperator -- Connection established 127.0.0.1:51317<->127.0.0.1:3000
16:18:51.639 [pool-2-thread-4] DEBUG org.apache.http.impl.conn.DefaultHttpClientConnectionOperator -- Connection established 127.0.0.1:51318<->127.0.0.1:3000
16:18:51.639 [pool-2-thread-6] DEBUG org.apache.http.impl.conn.DefaultHttpClientConnectionOperator -- Connection established 127.0.0.1:51319<->127.0.0.1:3000
16:18:51.639 [pool-2-thread-4] DEBUG org.apache.http.impl.conn.DefaultManagedHttpClientConnection -- http-outgoing-45: set socket timeout to 30000
16:18:51.639 [pool-2-thread-6] DEBUG org.apache.http.impl.conn.DefaultManagedHttpClientConnection -- http-outgoing-46: set socket timeout to 30000
16:18:51.639 [pool-2-thread-2] DEBUG org.apache.http.impl.conn.DefaultManagedHttpClientConnection -- http-outgoing-44: set socket timeout to 30000
16:18:51.639 [pool-2-thread-4] DEBUG org.apache.http.impl.execchain.MainClientExec -- Executing request POST /auth/login HTTP/1.1
16:18:51.639 [pool-2-thread-6] DEBUG org.apache.http.impl.execchain.MainClientExec -- Executing request POST /auth/login HTTP/1.1
16:18:51.639 [pool-2-thread-2] DEBUG org.apache.http.impl.execchain.MainClientExec -- Executing request POST /auth/login HTTP/1.1
16:18:51.639 [pool-2-thread-6] DEBUG org.apache.http.impl.execchain.MainClientExec -- Target auth state: UNCHALLENGED
16:18:51.639 [pool-2-thread-4] DEBUG org.apache.http.impl.execchain.MainClientExec -- Target auth state: UNCHALLENGED
16:18:51.639 [pool-2-thread-6] DEBUG org.apache.http.impl.execchain.MainClientExec -- Proxy auth state: UNCHALLENGED
16:18:51.639 [pool-2-thread-2] DEBUG org.apache.http.impl.execchain.MainClientExec -- Target auth state: UNCHALLENGED
16:18:51.639 [pool-2-thread-4] DEBUG org.apache.http.impl.execchain.MainClientExec -- Proxy auth state: UNCHALLENGED
16:18:51.639 [pool-2-thread-2] DEBUG org.apache.http.impl.execchain.MainClientExec -- Proxy auth state: UNCHALLENGED
16:18:51.639 [pool-2-thread-6] DEBUG org.apache.http.headers -- http-outgoing-46 >> POST /auth/login HTTP/1.1
16:18:51.639 [pool-2-thread-4] DEBUG org.apache.http.headers -- http-outgoing-45 >> POST /auth/login HTTP/1.1
16:18:51.639 [pool-2-thread-6] DEBUG org.apache.http.headers -- http-outgoing-46 >> Content-Type: application/json; charset=UTF-8
16:18:51.639 [pool-2-thread-6] DEBUG org.apache.http.headers -- http-outgoing-46 >> Content-Length: 54
16:18:51.639 [pool-2-thread-2] DEBUG org.apache.http.headers -- http-outgoing-44 >> POST /auth/login HTTP/1.1
16:18:51.639 [pool-2-thread-4] DEBUG org.apache.http.headers -- http-outgoing-45 >> Content-Type: application/json; charset=UTF-8
16:18:51.639 [pool-2-thread-2] DEBUG org.apache.http.headers -- http-outgoing-44 >> Content-Type: application/json; charset=UTF-8
16:18:51.639 [pool-2-thread-6] DEBUG org.apache.http.headers -- http-outgoing-46 >> Host: localhost:3000
16:18:51.639 [pool-2-thread-4] DEBUG org.apache.http.headers -- http-outgoing-45 >> Content-Length: 54
16:18:51.639 [pool-2-thread-6] DEBUG org.apache.http.headers -- http-outgoing-46 >> Connection: Keep-Alive
16:18:51.639 [pool-2-thread-2] DEBUG org.apache.http.headers -- http-outgoing-44 >> Content-Length: 48
16:18:51.639 [pool-2-thread-4] DEBUG org.apache.http.headers -- http-outgoing-45 >> Host: localhost:3000
16:18:51.639 [pool-2-thread-6] DEBUG org.apache.http.headers -- http-outgoing-46 >> User-Agent: Apache-HttpClient/4.5.14 (Java/17.0.9)
16:18:51.639 [pool-2-thread-4] DEBUG org.apache.http.headers -- http-outgoing-45 >> Connection: Keep-Alive
16:18:51.639 [pool-2-thread-6] DEBUG org.apache.http.headers -- http-outgoing-46 >> Accept-Encoding: gzip,deflate
16:18:51.639 [pool-2-thread-4] DEBUG org.apache.http.headers -- http-outgoing-45 >> User-Agent: Apache-HttpClient/4.5.14 (Java/17.0.9)
16:18:51.639 [pool-2-thread-4] DEBUG org.apache.http.headers -- http-outgoing-45 >> Accept-Encoding: gzip,deflate
16:18:51.639 [pool-2-thread-2] DEBUG org.apache.http.headers -- http-outgoing-44 >> Host: localhost:3000
16:18:51.639 [pool-2-thread-2] DEBUG org.apache.http.headers -- http-outgoing-44 >> Connection: Keep-Alive
16:18:51.639 [pool-2-thread-2] DEBUG org.apache.http.headers -- http-outgoing-44 >> User-Agent: Apache-HttpClient/4.5.14 (Java/17.0.9)
16:18:51.639 [pool-2-thread-2] DEBUG org.apache.http.headers -- http-outgoing-44 >> Accept-Encoding: gzip,deflate
16:18:51.639 [pool-2-thread-6] DEBUG org.apache.http.wire -- http-outgoing-46 >> "POST /auth/login HTTP/1.1[\r][\n]"
16:18:51.639 [pool-2-thread-4] DEBUG org.apache.http.wire -- http-outgoing-45 >> "POST /auth/login HTTP/1.1[\r][\n]"
16:18:51.639 [pool-2-thread-2] DEBUG org.apache.http.wire -- http-outgoing-44 >> "POST /auth/login HTTP/1.1[\r][\n]"
16:18:51.639 [pool-2-thread-6] DEBUG org.apache.http.wire -- http-outgoing-46 >> "Content-Type: application/json; charset=UTF-8[\r][\n]"
16:18:51.639 [pool-2-thread-2] DEBUG org.apache.http.wire -- http-outgoing-44 >> "Content-Type: application/json; charset=UTF-8[\r][\n]"
16:18:51.639 [pool-2-thread-4] DEBUG org.apache.http.wire -- http-outgoing-45 >> "Content-Type: application/json; charset=UTF-8[\r][\n]"
16:18:51.639 [pool-2-thread-2] DEBUG org.apache.http.wire -- http-outgoing-44 >> "Content-Length: 48[\r][\n]"
16:18:51.639 [pool-2-thread-4] DEBUG org.apache.http.wire -- http-outgoing-45 >> "Content-Length: 54[\r][\n]"
16:18:51.639 [pool-2-thread-6] DEBUG org.apache.http.wire -- http-outgoing-46 >> "Content-Length: 54[\r][\n]"
16:18:51.639 [pool-2-thread-2] DEBUG org.apache.http.wire -- http-outgoing-44 >> "Host: localhost:3000[\r][\n]"
16:18:51.639 [pool-2-thread-6] DEBUG org.apache.http.wire -- http-outgoing-46 >> "Host: localhost:3000[\r][\n]"
16:18:51.639 [pool-2-thread-4] DEBUG org.apache.http.wire -- http-outgoing-45 >> "Host: localhost:3000[\r][\n]"
16:18:51.639 [pool-2-thread-2] DEBUG org.apache.http.wire -- http-outgoing-44 >> "Connection: Keep-Alive[\r][\n]"
16:18:51.639 [pool-2-thread-6] DEBUG org.apache.http.wire -- http-outgoing-46 >> "Connection: Keep-Alive[\r][\n]"
16:18:51.639 [pool-2-thread-2] DEBUG org.apache.http.wire -- http-outgoing-44 >> "User-Agent: Apache-HttpClient/4.5.14 (Java/17.0.9)[\r][\n]"
16:18:51.639 [pool-2-thread-6] DEBUG org.apache.http.wire -- http-outgoing-46 >> "User-Agent: Apache-HttpClient/4.5.14 (Java/17.0.9)[\r][\n]"
16:18:51.639 [pool-2-thread-4] DEBUG org.apache.http.wire -- http-outgoing-45 >> "Connection: Keep-Alive[\r][\n]"
16:18:51.639 [pool-2-thread-2] DEBUG org.apache.http.wire -- http-outgoing-44 >> "Accept-Encoding: gzip,deflate[\r][\n]"
16:18:51.639 [pool-2-thread-2] DEBUG org.apache.http.wire -- http-outgoing-44 >> "[\r][\n]"
16:18:51.639 [pool-2-thread-4] DEBUG org.apache.http.wire -- http-outgoing-45 >> "User-Agent: Apache-HttpClient/4.5.14 (Java/17.0.9)[\r][\n]"
16:18:51.639 [pool-2-thread-2] DEBUG org.apache.http.wire -- http-outgoing-44 >> "{"email":"quang1@gmail.com","password":"quang1"}"
16:18:51.639 [pool-2-thread-4] DEBUG org.apache.http.wire -- http-outgoing-45 >> "Accept-Encoding: gzip,deflate[\r][\n]"
16:18:51.639 [pool-2-thread-4] DEBUG org.apache.http.wire -- http-outgoing-45 >> "[\r][\n]"
16:18:51.639 [pool-2-thread-4] DEBUG org.apache.http.wire -- http-outgoing-45 >> "{"email":"test2@example.com","password":"Password123"}"
16:18:51.639 [pool-2-thread-6] DEBUG org.apache.http.wire -- http-outgoing-46 >> "Accept-Encoding: gzip,deflate[\r][\n]"
16:18:51.639 [pool-2-thread-6] DEBUG org.apache.http.wire -- http-outgoing-46 >> "[\r][\n]"
16:18:51.639 [pool-2-thread-6] DEBUG org.apache.http.wire -- http-outgoing-46 >> "{"email":"testit4@gmail.com","password":"Password123"}"
16:18:51.640 [pool-2-thread-9] DEBUG org.apache.http.client.protocol.RequestAddCookies -- CookieSpec selected: karate
16:18:51.640 [pool-2-thread-9] DEBUG org.apache.http.client.protocol.RequestAuthCache -- Auth cache not set in the context
16:18:51.640 [pool-2-thread-9] DEBUG com.intuit.karate -- request:
5 > POST http://localhost:3000/auth/login
5 > Content-Type: application/json; charset=UTF-8
5 > Content-Length: 53
5 > Host: localhost:3000
5 > Connection: Keep-Alive
5 > User-Agent: Apache-HttpClient/4.5.14 (Java/17.0.9)
5 > Accept-Encoding: gzip,deflate
{"email":"testit@gmail.com","password":"Password123"}

16:18:51.641 [pool-2-thread-9] DEBUG org.apache.http.impl.conn.PoolingHttpClientConnectionManager -- Connection request: [route: {}->http://localhost:3000][total available: 0; route allocated: 0 of 5; total allocated: 0 of 10]
16:18:51.641 [pool-2-thread-9] DEBUG org.apache.http.impl.conn.PoolingHttpClientConnectionManager -- Connection leased: [id: 47][route: {}->http://localhost:3000][total available: 0; route allocated: 1 of 5; total allocated: 1 of 10]
16:18:51.641 [pool-2-thread-9] DEBUG org.apache.http.impl.execchain.MainClientExec -- Opening connection {}->http://localhost:3000
16:18:51.641 [pool-2-thread-9] DEBUG org.apache.http.impl.conn.DefaultHttpClientConnectionOperator -- Connecting to localhost/127.0.0.1:3000
16:18:51.641 [pool-2-thread-9] DEBUG org.apache.http.impl.conn.DefaultHttpClientConnectionOperator -- Connection established 127.0.0.1:51320<->127.0.0.1:3000
16:18:51.641 [pool-2-thread-9] DEBUG org.apache.http.impl.conn.DefaultManagedHttpClientConnection -- http-outgoing-47: set socket timeout to 30000
16:18:51.641 [pool-2-thread-9] DEBUG org.apache.http.impl.execchain.MainClientExec -- Executing request POST /auth/login HTTP/1.1
16:18:51.641 [pool-2-thread-9] DEBUG org.apache.http.impl.execchain.MainClientExec -- Target auth state: UNCHALLENGED
16:18:51.641 [pool-2-thread-9] DEBUG org.apache.http.impl.execchain.MainClientExec -- Proxy auth state: UNCHALLENGED
16:18:51.641 [pool-2-thread-9] DEBUG org.apache.http.headers -- http-outgoing-47 >> POST /auth/login HTTP/1.1
16:18:51.641 [pool-2-thread-9] DEBUG org.apache.http.headers -- http-outgoing-47 >> Content-Type: application/json; charset=UTF-8
16:18:51.641 [pool-2-thread-9] DEBUG org.apache.http.headers -- http-outgoing-47 >> Content-Length: 53
16:18:51.641 [pool-2-thread-9] DEBUG org.apache.http.headers -- http-outgoing-47 >> Host: localhost:3000
16:18:51.642 [pool-2-thread-9] DEBUG org.apache.http.headers -- http-outgoing-47 >> Connection: Keep-Alive
16:18:51.642 [pool-2-thread-9] DEBUG org.apache.http.headers -- http-outgoing-47 >> User-Agent: Apache-HttpClient/4.5.14 (Java/17.0.9)
16:18:51.642 [pool-2-thread-9] DEBUG org.apache.http.headers -- http-outgoing-47 >> Accept-Encoding: gzip,deflate
16:18:51.642 [pool-2-thread-9] DEBUG org.apache.http.wire -- http-outgoing-47 >> "POST /auth/login HTTP/1.1[\r][\n]"
16:18:51.642 [pool-2-thread-9] DEBUG org.apache.http.wire -- http-outgoing-47 >> "Content-Type: application/json; charset=UTF-8[\r][\n]"
16:18:51.642 [pool-2-thread-9] DEBUG org.apache.http.wire -- http-outgoing-47 >> "Content-Length: 53[\r][\n]"
16:18:51.642 [pool-2-thread-9] DEBUG org.apache.http.wire -- http-outgoing-47 >> "Host: localhost:3000[\r][\n]"
16:18:51.642 [pool-2-thread-9] DEBUG org.apache.http.wire -- http-outgoing-47 >> "Connection: Keep-Alive[\r][\n]"
16:18:51.642 [pool-2-thread-9] DEBUG org.apache.http.wire -- http-outgoing-47 >> "User-Agent: Apache-HttpClient/4.5.14 (Java/17.0.9)[\r][\n]"
16:18:51.642 [pool-2-thread-9] DEBUG org.apache.http.wire -- http-outgoing-47 >> "Accept-Encoding: gzip,deflate[\r][\n]"
16:18:51.642 [pool-2-thread-9] DEBUG org.apache.http.wire -- http-outgoing-47 >> "[\r][\n]"
16:18:51.642 [pool-2-thread-9] DEBUG org.apache.http.wire -- http-outgoing-47 >> "{"email":"testit@gmail.com","password":"Password123"}"
16:18:51.696 [pool-2-thread-7] DEBUG org.apache.http.wire -- http-outgoing-38 << "HTTP/1.1 200 OK[\r][\n]"
16:18:51.696 [pool-2-thread-7] DEBUG org.apache.http.wire -- http-outgoing-38 << "X-Powered-By: Express[\r][\n]"
16:18:51.696 [pool-2-thread-7] DEBUG org.apache.http.wire -- http-outgoing-38 << "Access-Control-Allow-Origin: *[\r][\n]"
16:18:51.696 [pool-2-thread-7] DEBUG org.apache.http.wire -- http-outgoing-38 << "Content-Type: application/json; charset=utf-8[\r][\n]"
16:18:51.696 [pool-2-thread-7] DEBUG org.apache.http.wire -- http-outgoing-38 << "Content-Length: 605[\r][\n]"
16:18:51.696 [pool-2-thread-7] DEBUG org.apache.http.wire -- http-outgoing-38 << "ETag: W/"25d-hUfLEQTpgFLEMiRDYvwAllMIcrQ"[\r][\n]"
16:18:51.696 [pool-2-thread-7] DEBUG org.apache.http.wire -- http-outgoing-38 << "Date: Tue, 24 Jun 2025 09:18:51 GMT[\r][\n]"
16:18:51.696 [pool-2-thread-7] DEBUG org.apache.http.wire -- http-outgoing-38 << "Connection: keep-alive[\r][\n]"
16:18:51.696 [pool-2-thread-7] DEBUG org.apache.http.wire -- http-outgoing-38 << "Keep-Alive: timeout=5[\r][\n]"
16:18:51.696 [pool-2-thread-7] DEBUG org.apache.http.wire -- http-outgoing-38 << "[\r][\n]"
16:18:51.697 [pool-2-thread-7] DEBUG org.apache.http.wire -- http-outgoing-38 << "{"access_token":"eyJhbGciOiJIUzI1NiIsInR5cCI6IkpXVCJ9.eyJzdWIiOiI2NTBjZTFlZC1hYWNhLTQzOGYtOTk4OC0xZjA1OGFiNWFhMWEiLCJ1c2VybmFtZSI6ImpvaG5kb2UyNSIsInJvbGUiOjAsImlhdCI6MTc1MDc1NjczMSwiZXhwIjoxNzUwNzYwMzMxfQ.mJXNh2OyYgebTmq_JvtnDA8f-QksDkdJ14iZaZ2m4Uk","refresh_token":"6ac9c10b2328842498a0daed83591b920d1d08a9f1058dae0867dfdf4f7618e1","user":{"id":"650ce1ed-aaca-438f-9988-1f058ab5aa1a","email":"testit3@gmail.com","username":"johndoe25","name":"John Doe","phoneNumber":"0123456713","profilePic":null,"bio":null,"private":false,"verified":false,"role":0,"followersCount":0,"followingCount":0,"postCount":0}}"
16:18:51.697 [pool-2-thread-7] DEBUG org.apache.http.headers -- http-outgoing-38 << HTTP/1.1 200 OK
16:18:51.697 [pool-2-thread-7] DEBUG org.apache.http.headers -- http-outgoing-38 << X-Powered-By: Express
16:18:51.697 [pool-2-thread-7] DEBUG org.apache.http.headers -- http-outgoing-38 << Access-Control-Allow-Origin: *
16:18:51.697 [pool-2-thread-7] DEBUG org.apache.http.headers -- http-outgoing-38 << Content-Type: application/json; charset=utf-8
16:18:51.697 [pool-2-thread-7] DEBUG org.apache.http.headers -- http-outgoing-38 << Content-Length: 605
16:18:51.697 [pool-2-thread-7] DEBUG org.apache.http.headers -- http-outgoing-38 << ETag: W/"25d-hUfLEQTpgFLEMiRDYvwAllMIcrQ"
16:18:51.697 [pool-2-thread-7] DEBUG org.apache.http.headers -- http-outgoing-38 << Date: Tue, 24 Jun 2025 09:18:51 GMT
16:18:51.697 [pool-2-thread-7] DEBUG org.apache.http.headers -- http-outgoing-38 << Connection: keep-alive
16:18:51.697 [pool-2-thread-7] DEBUG org.apache.http.headers -- http-outgoing-38 << Keep-Alive: timeout=5
16:18:51.697 [pool-2-thread-7] DEBUG org.apache.http.impl.execchain.MainClientExec -- Connection can be kept alive for 5000 MILLISECONDS
16:18:51.697 [pool-2-thread-7] DEBUG org.apache.http.impl.conn.PoolingHttpClientConnectionManager -- Connection [id: 39][route: {}->http://localhost:3000] can be kept alive for 5.0 seconds
16:18:51.697 [pool-2-thread-7] DEBUG org.apache.http.impl.conn.DefaultManagedHttpClientConnection -- http-outgoing-38: set socket timeout to 0
16:18:51.697 [pool-2-thread-7] DEBUG org.apache.http.impl.conn.PoolingHttpClientConnectionManager -- Connection released: [id: 39][route: {}->http://localhost:3000][total available: 1; route allocated: 1 of 5; total allocated: 1 of 10]
16:18:51.697 [pool-2-thread-7] DEBUG org.apache.http.impl.conn.PoolingHttpClientConnectionManager -- Connection manager is shutting down
16:18:51.697 [pool-2-thread-7] DEBUG org.apache.http.impl.conn.DefaultManagedHttpClientConnection -- http-outgoing-38: Close connection
16:18:51.698 [pool-2-thread-7] DEBUG org.apache.http.impl.conn.PoolingHttpClientConnectionManager -- Connection manager shut down
16:18:51.698 [pool-2-thread-7] DEBUG com.intuit.karate -- response time in milliseconds: 867
4 < 200
4 < X-Powered-By: Express
4 < Access-Control-Allow-Origin: *
4 < Content-Type: application/json; charset=utf-8
4 < Content-Length: 605
4 < ETag: W/"25d-hUfLEQTpgFLEMiRDYvwAllMIcrQ"
4 < Date: Tue, 24 Jun 2025 09:18:51 GMT
4 < Connection: keep-alive
4 < Keep-Alive: timeout=5
{"access_token":"eyJhbGciOiJIUzI1NiIsInR5cCI6IkpXVCJ9.eyJzdWIiOiI2NTBjZTFlZC1hYWNhLTQzOGYtOTk4OC0xZjA1OGFiNWFhMWEiLCJ1c2VybmFtZSI6ImpvaG5kb2UyNSIsInJvbGUiOjAsImlhdCI6MTc1MDc1NjczMSwiZXhwIjoxNzUwNzYwMzMxfQ.mJXNh2OyYgebTmq_JvtnDA8f-QksDkdJ14iZaZ2m4Uk","refresh_token":"6ac9c10b2328842498a0daed83591b920d1d08a9f1058dae0867dfdf4f7618e1","user":{"id":"650ce1ed-aaca-438f-9988-1f058ab5aa1a","email":"testit3@gmail.com","username":"johndoe25","name":"John Doe","phoneNumber":"0123456713","profilePic":null,"bio":null,"private":false,"verified":false,"role":0,"followersCount":0,"followingCount":0,"postCount":0}}

16:18:51.701 [pool-2-thread-7] INFO com.intuit.karate -- [print] Call 4 completed, status: 200 
16:18:51.702 [pool-2-thread-7] INFO com.intuit.karate -- [print] *** API CALL 5 *** 
16:18:51.705 [pool-2-thread-7] DEBUG org.apache.http.client.protocol.RequestAddCookies -- CookieSpec selected: karate
16:18:51.705 [pool-2-thread-7] DEBUG org.apache.http.client.protocol.RequestAuthCache -- Auth cache not set in the context
16:18:51.705 [pool-2-thread-7] DEBUG com.intuit.karate -- request:
5 > POST http://localhost:3000/auth/login
5 > Content-Type: application/json; charset=UTF-8
5 > Content-Length: 54
5 > Host: localhost:3000
5 > Connection: Keep-Alive
5 > User-Agent: Apache-HttpClient/4.5.14 (Java/17.0.9)
5 > Accept-Encoding: gzip,deflate
{"email":"testit3@gmail.com","password":"Password123"}

16:18:51.705 [pool-2-thread-7] DEBUG org.apache.http.impl.conn.PoolingHttpClientConnectionManager -- Connection request: [route: {}->http://localhost:3000][total available: 0; route allocated: 0 of 5; total allocated: 0 of 10]
16:18:51.705 [pool-2-thread-7] DEBUG org.apache.http.impl.conn.PoolingHttpClientConnectionManager -- Connection leased: [id: 48][route: {}->http://localhost:3000][total available: 0; route allocated: 1 of 5; total allocated: 1 of 10]
16:18:51.705 [pool-2-thread-7] DEBUG org.apache.http.impl.execchain.MainClientExec -- Opening connection {}->http://localhost:3000
16:18:51.705 [pool-2-thread-7] DEBUG org.apache.http.impl.conn.DefaultHttpClientConnectionOperator -- Connecting to localhost/127.0.0.1:3000
16:18:51.705 [pool-2-thread-7] DEBUG org.apache.http.impl.conn.DefaultHttpClientConnectionOperator -- Connection established 127.0.0.1:51321<->127.0.0.1:3000
16:18:51.706 [pool-2-thread-7] DEBUG org.apache.http.impl.conn.DefaultManagedHttpClientConnection -- http-outgoing-48: set socket timeout to 30000
16:18:51.706 [pool-2-thread-7] DEBUG org.apache.http.impl.execchain.MainClientExec -- Executing request POST /auth/login HTTP/1.1
16:18:51.706 [pool-2-thread-7] DEBUG org.apache.http.impl.execchain.MainClientExec -- Target auth state: UNCHALLENGED
16:18:51.706 [pool-2-thread-7] DEBUG org.apache.http.impl.execchain.MainClientExec -- Proxy auth state: UNCHALLENGED
16:18:51.706 [pool-2-thread-7] DEBUG org.apache.http.headers -- http-outgoing-48 >> POST /auth/login HTTP/1.1
16:18:51.706 [pool-2-thread-7] DEBUG org.apache.http.headers -- http-outgoing-48 >> Content-Type: application/json; charset=UTF-8
16:18:51.706 [pool-2-thread-7] DEBUG org.apache.http.headers -- http-outgoing-48 >> Content-Length: 54
16:18:51.706 [pool-2-thread-7] DEBUG org.apache.http.headers -- http-outgoing-48 >> Host: localhost:3000
16:18:51.706 [pool-2-thread-7] DEBUG org.apache.http.headers -- http-outgoing-48 >> Connection: Keep-Alive
16:18:51.706 [pool-2-thread-7] DEBUG org.apache.http.headers -- http-outgoing-48 >> User-Agent: Apache-HttpClient/4.5.14 (Java/17.0.9)
16:18:51.706 [pool-2-thread-7] DEBUG org.apache.http.headers -- http-outgoing-48 >> Accept-Encoding: gzip,deflate
16:18:51.706 [pool-2-thread-7] DEBUG org.apache.http.wire -- http-outgoing-48 >> "POST /auth/login HTTP/1.1[\r][\n]"
16:18:51.706 [pool-2-thread-7] DEBUG org.apache.http.wire -- http-outgoing-48 >> "Content-Type: application/json; charset=UTF-8[\r][\n]"
16:18:51.706 [pool-2-thread-7] DEBUG org.apache.http.wire -- http-outgoing-48 >> "Content-Length: 54[\r][\n]"
16:18:51.706 [pool-2-thread-7] DEBUG org.apache.http.wire -- http-outgoing-48 >> "Host: localhost:3000[\r][\n]"
16:18:51.706 [pool-2-thread-7] DEBUG org.apache.http.wire -- http-outgoing-48 >> "Connection: Keep-Alive[\r][\n]"
16:18:51.706 [pool-2-thread-7] DEBUG org.apache.http.wire -- http-outgoing-48 >> "User-Agent: Apache-HttpClient/4.5.14 (Java/17.0.9)[\r][\n]"
16:18:51.706 [pool-2-thread-7] DEBUG org.apache.http.wire -- http-outgoing-48 >> "Accept-Encoding: gzip,deflate[\r][\n]"
16:18:51.706 [pool-2-thread-7] DEBUG org.apache.http.wire -- http-outgoing-48 >> "[\r][\n]"
16:18:51.706 [pool-2-thread-7] DEBUG org.apache.http.wire -- http-outgoing-48 >> "{"email":"testit3@gmail.com","password":"Password123"}"
16:18:51.727 [pool-2-thread-8] DEBUG org.apache.http.wire -- http-outgoing-39 << "HTTP/1.1 200 OK[\r][\n]"
16:18:51.727 [pool-2-thread-8] DEBUG org.apache.http.wire -- http-outgoing-39 << "X-Powered-By: Express[\r][\n]"
16:18:51.727 [pool-2-thread-8] DEBUG org.apache.http.wire -- http-outgoing-39 << "Access-Control-Allow-Origin: *[\r][\n]"
16:18:51.727 [pool-2-thread-8] DEBUG org.apache.http.wire -- http-outgoing-39 << "Content-Type: application/json; charset=utf-8[\r][\n]"
16:18:51.727 [pool-2-thread-8] DEBUG org.apache.http.wire -- http-outgoing-39 << "Content-Length: 609[\r][\n]"
16:18:51.727 [pool-2-thread-8] DEBUG org.apache.http.wire -- http-outgoing-39 << "ETag: W/"261-tsyBHq7a5bNUdSCXwb0f5ZI0niI"[\r][\n]"
16:18:51.727 [pool-2-thread-8] DEBUG org.apache.http.wire -- http-outgoing-39 << "Date: Tue, 24 Jun 2025 09:18:51 GMT[\r][\n]"
16:18:51.727 [pool-2-thread-8] DEBUG org.apache.http.wire -- http-outgoing-39 << "Connection: keep-alive[\r][\n]"
16:18:51.727 [pool-2-thread-8] DEBUG org.apache.http.wire -- http-outgoing-39 << "Keep-Alive: timeout=5[\r][\n]"
16:18:51.727 [pool-2-thread-8] DEBUG org.apache.http.wire -- http-outgoing-39 << "[\r][\n]"
16:18:51.727 [pool-2-thread-8] DEBUG org.apache.http.wire -- http-outgoing-39 << "{"access_token":"eyJhbGciOiJIUzI1NiIsInR5cCI6IkpXVCJ9.eyJzdWIiOiIyNzJmNmI1NS01MTc5LTRhZTMtODU2My1iNGVjMTBmNzY3MTUiLCJ1c2VybmFtZSI6ImpvaG5kb2UyZDVkIiwicm9sZSI6MCwiaWF0IjoxNzUwNzU2NzMxLCJleHAiOjE3NTA3NjAzMzF9.XLBdczB3yT6yKj3c1rshuMtnNxvnU40QmtsbDax3hQs","refresh_token":"aec829782dc17f8d08d583fe78b9dfc1a4250e9fc98c0e0f8f31ec51d062395c","user":{"id":"272f6b55-5179-4ae3-8563-b4ec10f76715","email":"testit5@gmail.com","username":"johndoe2d5d","name":"John Doe","phoneNumber":"0123456132","profilePic":null,"bio":null,"private":false,"verified":false,"role":0,"followersCount":0,"followingCount":0,"postCount":0}}"
16:18:51.727 [pool-2-thread-8] DEBUG org.apache.http.headers -- http-outgoing-39 << HTTP/1.1 200 OK
16:18:51.727 [pool-2-thread-8] DEBUG org.apache.http.headers -- http-outgoing-39 << X-Powered-By: Express
16:18:51.727 [pool-2-thread-8] DEBUG org.apache.http.headers -- http-outgoing-39 << Access-Control-Allow-Origin: *
16:18:51.727 [pool-2-thread-8] DEBUG org.apache.http.headers -- http-outgoing-39 << Content-Type: application/json; charset=utf-8
16:18:51.727 [pool-2-thread-8] DEBUG org.apache.http.headers -- http-outgoing-39 << Content-Length: 609
16:18:51.727 [pool-2-thread-8] DEBUG org.apache.http.headers -- http-outgoing-39 << ETag: W/"261-tsyBHq7a5bNUdSCXwb0f5ZI0niI"
16:18:51.727 [pool-2-thread-8] DEBUG org.apache.http.headers -- http-outgoing-39 << Date: Tue, 24 Jun 2025 09:18:51 GMT
16:18:51.727 [pool-2-thread-8] DEBUG org.apache.http.headers -- http-outgoing-39 << Connection: keep-alive
16:18:51.727 [pool-2-thread-8] DEBUG org.apache.http.headers -- http-outgoing-39 << Keep-Alive: timeout=5
16:18:51.727 [pool-2-thread-8] DEBUG org.apache.http.impl.execchain.MainClientExec -- Connection can be kept alive for 5000 MILLISECONDS
16:18:51.727 [pool-2-thread-8] DEBUG org.apache.http.impl.conn.PoolingHttpClientConnectionManager -- Connection [id: 38][route: {}->http://localhost:3000] can be kept alive for 5.0 seconds
16:18:51.727 [pool-2-thread-8] DEBUG org.apache.http.impl.conn.DefaultManagedHttpClientConnection -- http-outgoing-39: set socket timeout to 0
16:18:51.727 [pool-2-thread-8] DEBUG org.apache.http.impl.conn.PoolingHttpClientConnectionManager -- Connection released: [id: 38][route: {}->http://localhost:3000][total available: 1; route allocated: 1 of 5; total allocated: 1 of 10]
16:18:51.727 [pool-2-thread-8] DEBUG org.apache.http.impl.conn.PoolingHttpClientConnectionManager -- Connection manager is shutting down
16:18:51.727 [pool-2-thread-8] DEBUG org.apache.http.impl.conn.DefaultManagedHttpClientConnection -- http-outgoing-39: Close connection
16:18:51.727 [pool-2-thread-8] DEBUG org.apache.http.impl.conn.PoolingHttpClientConnectionManager -- Connection manager shut down
16:18:51.729 [pool-2-thread-8] DEBUG com.intuit.karate -- response time in milliseconds: 897
4 < 200
4 < X-Powered-By: Express
4 < Access-Control-Allow-Origin: *
4 < Content-Type: application/json; charset=utf-8
4 < Content-Length: 609
4 < ETag: W/"261-tsyBHq7a5bNUdSCXwb0f5ZI0niI"
4 < Date: Tue, 24 Jun 2025 09:18:51 GMT
4 < Connection: keep-alive
4 < Keep-Alive: timeout=5
{"access_token":"eyJhbGciOiJIUzI1NiIsInR5cCI6IkpXVCJ9.eyJzdWIiOiIyNzJmNmI1NS01MTc5LTRhZTMtODU2My1iNGVjMTBmNzY3MTUiLCJ1c2VybmFtZSI6ImpvaG5kb2UyZDVkIiwicm9sZSI6MCwiaWF0IjoxNzUwNzU2NzMxLCJleHAiOjE3NTA3NjAzMzF9.XLBdczB3yT6yKj3c1rshuMtnNxvnU40QmtsbDax3hQs","refresh_token":"aec829782dc17f8d08d583fe78b9dfc1a4250e9fc98c0e0f8f31ec51d062395c","user":{"id":"272f6b55-5179-4ae3-8563-b4ec10f76715","email":"testit5@gmail.com","username":"johndoe2d5d","name":"John Doe","phoneNumber":"0123456132","profilePic":null,"bio":null,"private":false,"verified":false,"role":0,"followersCount":0,"followingCount":0,"postCount":0}}

16:18:51.730 [pool-2-thread-8] INFO com.intuit.karate -- [print] Call 4 completed, status: 200 
16:18:51.731 [pool-2-thread-8] INFO com.intuit.karate -- [print] *** API CALL 5 *** 
16:18:51.733 [pool-2-thread-8] DEBUG org.apache.http.client.protocol.RequestAddCookies -- CookieSpec selected: karate
16:18:51.733 [pool-2-thread-8] DEBUG org.apache.http.client.protocol.RequestAuthCache -- Auth cache not set in the context
16:18:51.734 [pool-2-thread-8] DEBUG com.intuit.karate -- request:
5 > POST http://localhost:3000/auth/login
5 > Content-Type: application/json; charset=UTF-8
5 > Content-Length: 54
5 > Host: localhost:3000
5 > Connection: Keep-Alive
5 > User-Agent: Apache-HttpClient/4.5.14 (Java/17.0.9)
5 > Accept-Encoding: gzip,deflate
{"email":"testit5@gmail.com","password":"Password123"}

16:18:51.734 [pool-2-thread-8] DEBUG org.apache.http.impl.conn.PoolingHttpClientConnectionManager -- Connection request: [route: {}->http://localhost:3000][total available: 0; route allocated: 0 of 5; total allocated: 0 of 10]
16:18:51.734 [pool-2-thread-8] DEBUG org.apache.http.impl.conn.PoolingHttpClientConnectionManager -- Connection leased: [id: 49][route: {}->http://localhost:3000][total available: 0; route allocated: 1 of 5; total allocated: 1 of 10]
16:18:51.734 [pool-2-thread-8] DEBUG org.apache.http.impl.execchain.MainClientExec -- Opening connection {}->http://localhost:3000
16:18:51.734 [pool-2-thread-8] DEBUG org.apache.http.impl.conn.DefaultHttpClientConnectionOperator -- Connecting to localhost/127.0.0.1:3000
16:18:51.736 [pool-2-thread-8] DEBUG org.apache.http.impl.conn.DefaultHttpClientConnectionOperator -- Connection established 127.0.0.1:51322<->127.0.0.1:3000
16:18:51.736 [pool-2-thread-8] DEBUG org.apache.http.impl.conn.DefaultManagedHttpClientConnection -- http-outgoing-49: set socket timeout to 30000
16:18:51.736 [pool-2-thread-8] DEBUG org.apache.http.impl.execchain.MainClientExec -- Executing request POST /auth/login HTTP/1.1
16:18:51.736 [pool-2-thread-8] DEBUG org.apache.http.impl.execchain.MainClientExec -- Target auth state: UNCHALLENGED
16:18:51.736 [pool-2-thread-8] DEBUG org.apache.http.impl.execchain.MainClientExec -- Proxy auth state: UNCHALLENGED
16:18:51.736 [pool-2-thread-8] DEBUG org.apache.http.headers -- http-outgoing-49 >> POST /auth/login HTTP/1.1
16:18:51.736 [pool-2-thread-8] DEBUG org.apache.http.headers -- http-outgoing-49 >> Content-Type: application/json; charset=UTF-8
16:18:51.736 [pool-2-thread-8] DEBUG org.apache.http.headers -- http-outgoing-49 >> Content-Length: 54
16:18:51.736 [pool-2-thread-8] DEBUG org.apache.http.headers -- http-outgoing-49 >> Host: localhost:3000
16:18:51.736 [pool-2-thread-8] DEBUG org.apache.http.headers -- http-outgoing-49 >> Connection: Keep-Alive
16:18:51.736 [pool-2-thread-8] DEBUG org.apache.http.headers -- http-outgoing-49 >> User-Agent: Apache-HttpClient/4.5.14 (Java/17.0.9)
16:18:51.736 [pool-2-thread-8] DEBUG org.apache.http.headers -- http-outgoing-49 >> Accept-Encoding: gzip,deflate
16:18:51.736 [pool-2-thread-8] DEBUG org.apache.http.wire -- http-outgoing-49 >> "POST /auth/login HTTP/1.1[\r][\n]"
16:18:51.736 [pool-2-thread-8] DEBUG org.apache.http.wire -- http-outgoing-49 >> "Content-Type: application/json; charset=UTF-8[\r][\n]"
16:18:51.736 [pool-2-thread-8] DEBUG org.apache.http.wire -- http-outgoing-49 >> "Content-Length: 54[\r][\n]"
16:18:51.736 [pool-2-thread-8] DEBUG org.apache.http.wire -- http-outgoing-49 >> "Host: localhost:3000[\r][\n]"
16:18:51.736 [pool-2-thread-8] DEBUG org.apache.http.wire -- http-outgoing-49 >> "Connection: Keep-Alive[\r][\n]"
16:18:51.736 [pool-2-thread-8] DEBUG org.apache.http.wire -- http-outgoing-49 >> "User-Agent: Apache-HttpClient/4.5.14 (Java/17.0.9)[\r][\n]"
16:18:51.736 [pool-2-thread-8] DEBUG org.apache.http.wire -- http-outgoing-49 >> "Accept-Encoding: gzip,deflate[\r][\n]"
16:18:51.736 [pool-2-thread-8] DEBUG org.apache.http.wire -- http-outgoing-49 >> "[\r][\n]"
16:18:51.736 [pool-2-thread-8] DEBUG org.apache.http.wire -- http-outgoing-49 >> "{"email":"testit5@gmail.com","password":"Password123"}"
16:18:51.786 [pool-2-thread-5] DEBUG org.apache.http.wire -- http-outgoing-41 << "HTTP/1.1 200 OK[\r][\n]"
16:18:51.786 [pool-2-thread-5] DEBUG org.apache.http.wire -- http-outgoing-41 << "X-Powered-By: Express[\r][\n]"
16:18:51.786 [pool-2-thread-5] DEBUG org.apache.http.wire -- http-outgoing-41 << "Access-Control-Allow-Origin: *[\r][\n]"
16:18:51.786 [pool-2-thread-5] DEBUG org.apache.http.wire -- http-outgoing-41 << "Content-Type: application/json; charset=utf-8[\r][\n]"
16:18:51.787 [pool-2-thread-5] DEBUG org.apache.http.wire -- http-outgoing-41 << "Content-Length: 607[\r][\n]"
16:18:51.787 [pool-2-thread-5] DEBUG org.apache.http.wire -- http-outgoing-41 << "ETag: W/"25f-bGa3L+8P01Qm2TodQ11OZ9K5EBI"[\r][\n]"
16:18:51.787 [pool-2-thread-5] DEBUG org.apache.http.wire -- http-outgoing-41 << "Date: Tue, 24 Jun 2025 09:18:51 GMT[\r][\n]"
16:18:51.787 [pool-2-thread-5] DEBUG org.apache.http.wire -- http-outgoing-41 << "Connection: keep-alive[\r][\n]"
16:18:51.787 [pool-2-thread-5] DEBUG org.apache.http.wire -- http-outgoing-41 << "Keep-Alive: timeout=5[\r][\n]"
16:18:51.787 [pool-2-thread-5] DEBUG org.apache.http.wire -- http-outgoing-41 << "[\r][\n]"
16:18:51.787 [pool-2-thread-10] DEBUG org.apache.http.wire -- http-outgoing-40 << "HTTP/1.1 200 OK[\r][\n]"
16:18:51.787 [pool-2-thread-10] DEBUG org.apache.http.wire -- http-outgoing-40 << "X-Powered-By: Express[\r][\n]"
16:18:51.787 [pool-2-thread-10] DEBUG org.apache.http.wire -- http-outgoing-40 << "Access-Control-Allow-Origin: *[\r][\n]"
16:18:51.787 [pool-2-thread-5] DEBUG org.apache.http.wire -- http-outgoing-41 << "{"access_token":"eyJhbGciOiJIUzI1NiIsInR5cCI6IkpXVCJ9.eyJzdWIiOiJjMjE0MjJkZi1jY2VjLTQ0MGUtOWE0Mi1jMWI4MmFiZjczM2QiLCJ1c2VybmFtZSI6ImpvaG5kb2UyOCIsInJvbGUiOjAsImlhdCI6MTc1MDc1NjczMSwiZXhwIjoxNzUwNzYwMzMxfQ.L298nWQRyyG5QXhR2cIyj8VeQFr5UqXFJ5cuYHm8I70","refresh_token":"a3ef5f38e8a344e29a3cbd7a9f60635455e8d19a75cd0475e6ee3bac1a604006","user":{"id":"c21422df-ccec-440e-9a42-c1b82abf733d","email":"test28@example.com","username":"johndoe28","name":"John Doe","phoneNumber":"84987654321","profilePic":null,"bio":null,"private":false,"verified":false,"role":0,"followersCount":0,"followingCount":0,"postCount":0}}"
16:18:51.787 [pool-2-thread-10] DEBUG org.apache.http.wire -- http-outgoing-40 << "Content-Type: application/json; charset=utf-8[\r][\n]"
16:18:51.787 [pool-2-thread-10] DEBUG org.apache.http.wire -- http-outgoing-40 << "Content-Length: 605[\r][\n]"
16:18:51.787 [pool-2-thread-10] DEBUG org.apache.http.wire -- http-outgoing-40 << "ETag: W/"25d-rTm1bbwwKVLT6vb7vyqzAgvmLBE"[\r][\n]"
16:18:51.787 [pool-2-thread-10] DEBUG org.apache.http.wire -- http-outgoing-40 << "Date: Tue, 24 Jun 2025 09:18:51 GMT[\r][\n]"
16:18:51.787 [pool-2-thread-10] DEBUG org.apache.http.wire -- http-outgoing-40 << "Connection: keep-alive[\r][\n]"
16:18:51.787 [pool-2-thread-10] DEBUG org.apache.http.wire -- http-outgoing-40 << "Keep-Alive: timeout=5[\r][\n]"
16:18:51.787 [pool-2-thread-10] DEBUG org.apache.http.wire -- http-outgoing-40 << "[\r][\n]"
16:18:51.787 [pool-2-thread-10] DEBUG org.apache.http.wire -- http-outgoing-40 << "{"access_token":"eyJhbGciOiJIUzI1NiIsInR5cCI6IkpXVCJ9.eyJzdWIiOiIwYTM3ZWY0My1mZWU4LTQxZDMtYTY4Ni04YWIwODY5NDg2OTUiLCJ1c2VybmFtZSI6ImpvaG5kb2UyMSIsInJvbGUiOjAsImlhdCI6MTc1MDc1NjczMSwiZXhwIjoxNzUwNzYwMzMxfQ.rnenBY-4MdmEuSR5Sg1t_T3zaFsQItbx7YHaoLWk29s","refresh_token":"f7158723f02471e0f6a1d5183f5751868216bba29957d42454bcbe46b32c44f4","user":{"id":"0a37ef43-fee8-41d3-a686-8ab086948695","email":"testit2@gmail.com","username":"johndoe21","name":"John Doe","phoneNumber":"0123456712","profilePic":null,"bio":null,"private":false,"verified":false,"role":0,"followersCount":0,"followingCount":0,"postCount":0}}"
16:18:51.787 [pool-2-thread-5] DEBUG org.apache.http.headers -- http-outgoing-41 << HTTP/1.1 200 OK
16:18:51.787 [pool-2-thread-5] DEBUG org.apache.http.headers -- http-outgoing-41 << X-Powered-By: Express
16:18:51.787 [pool-2-thread-5] DEBUG org.apache.http.headers -- http-outgoing-41 << Access-Control-Allow-Origin: *
16:18:51.787 [pool-2-thread-10] DEBUG org.apache.http.headers -- http-outgoing-40 << HTTP/1.1 200 OK
16:18:51.787 [pool-2-thread-5] DEBUG org.apache.http.headers -- http-outgoing-41 << Content-Type: application/json; charset=utf-8
16:18:51.787 [pool-2-thread-10] DEBUG org.apache.http.headers -- http-outgoing-40 << X-Powered-By: Express
16:18:51.787 [pool-2-thread-5] DEBUG org.apache.http.headers -- http-outgoing-41 << Content-Length: 607
16:18:51.787 [pool-2-thread-10] DEBUG org.apache.http.headers -- http-outgoing-40 << Access-Control-Allow-Origin: *
16:18:51.787 [pool-2-thread-5] DEBUG org.apache.http.headers -- http-outgoing-41 << ETag: W/"25f-bGa3L+8P01Qm2TodQ11OZ9K5EBI"
16:18:51.787 [pool-2-thread-10] DEBUG org.apache.http.headers -- http-outgoing-40 << Content-Type: application/json; charset=utf-8
16:18:51.787 [pool-2-thread-5] DEBUG org.apache.http.headers -- http-outgoing-41 << Date: Tue, 24 Jun 2025 09:18:51 GMT
16:18:51.787 [pool-2-thread-10] DEBUG org.apache.http.headers -- http-outgoing-40 << Content-Length: 605
16:18:51.787 [pool-2-thread-5] DEBUG org.apache.http.headers -- http-outgoing-41 << Connection: keep-alive
16:18:51.787 [pool-2-thread-10] DEBUG org.apache.http.headers -- http-outgoing-40 << ETag: W/"25d-rTm1bbwwKVLT6vb7vyqzAgvmLBE"
16:18:51.787 [pool-2-thread-5] DEBUG org.apache.http.headers -- http-outgoing-41 << Keep-Alive: timeout=5
16:18:51.787 [pool-2-thread-10] DEBUG org.apache.http.headers -- http-outgoing-40 << Date: Tue, 24 Jun 2025 09:18:51 GMT
16:18:51.787 [pool-2-thread-10] DEBUG org.apache.http.headers -- http-outgoing-40 << Connection: keep-alive
16:18:51.787 [pool-2-thread-10] DEBUG org.apache.http.headers -- http-outgoing-40 << Keep-Alive: timeout=5
16:18:51.787 [pool-2-thread-1] DEBUG org.apache.http.wire -- http-outgoing-42 << "HTTP/1.1 200 OK[\r][\n]"
16:18:51.787 [pool-2-thread-1] DEBUG org.apache.http.wire -- http-outgoing-42 << "X-Powered-By: Express[\r][\n]"
16:18:51.787 [pool-2-thread-1] DEBUG org.apache.http.wire -- http-outgoing-42 << "Access-Control-Allow-Origin: *[\r][\n]"
16:18:51.787 [pool-2-thread-1] DEBUG org.apache.http.wire -- http-outgoing-42 << "Content-Type: application/json; charset=utf-8[\r][\n]"
16:18:51.787 [pool-2-thread-1] DEBUG org.apache.http.wire -- http-outgoing-42 << "Content-Length: 708[\r][\n]"
16:18:51.787 [pool-2-thread-1] DEBUG org.apache.http.wire -- http-outgoing-42 << "ETag: W/"2c4-PQtQWbctyGCd/wssdXq4v6/rpJY"[\r][\n]"
16:18:51.787 [pool-2-thread-10] DEBUG org.apache.http.impl.execchain.MainClientExec -- Connection can be kept alive for 5000 MILLISECONDS
16:18:51.787 [pool-2-thread-5] DEBUG org.apache.http.impl.execchain.MainClientExec -- Connection can be kept alive for 5000 MILLISECONDS
16:18:51.787 [pool-2-thread-1] DEBUG org.apache.http.wire -- http-outgoing-42 << "Date: Tue, 24 Jun 2025 09:18:51 GMT[\r][\n]"
16:18:51.787 [pool-2-thread-1] DEBUG org.apache.http.wire -- http-outgoing-42 << "Connection: keep-alive[\r][\n]"
16:18:51.787 [pool-2-thread-1] DEBUG org.apache.http.wire -- http-outgoing-42 << "Keep-Alive: timeout=5[\r][\n]"
16:18:51.787 [pool-2-thread-1] DEBUG org.apache.http.wire -- http-outgoing-42 << "[\r][\n]"
16:18:51.787 [pool-2-thread-1] DEBUG org.apache.http.wire -- http-outgoing-42 << "{"access_token":"eyJhbGciOiJIUzI1NiIsInR5cCI6IkpXVCJ9.eyJzdWIiOiIwODUxNWIwNS0yZDNlLTQ3ODktYWQ2MC1kYjM1NTI1YTQ5NzAiLCJ1c2VybmFtZSI6Im5hbSIsInJvbGUiOjAsImlhdCI6MTc1MDc1NjczMSwiZXhwIjoxNzUwNzYwMzMxfQ.Y79Nfqp4oOBbhzAgFryFih-JjYk2kOL6a0L8T2XGWtc","refresh_token":"75cc4b3380e2db09b69e101e7687b7bd279e957d2f5656d48e3d458416977767","user":{"id":"08515b05-2d3e-4789-ad60-db35525a4970","email":"nam@gmail.com","username":"nam","name":"nam","phoneNumber":"0123456789","profilePic":"https://res.cloudinary.com/dizcvrefo/image/upload/v1749266646/nestjs_uploads/zk9zrpeidnovxibfqdxr.png","bio":"Chu tich hoi dong Quan tri 1","private":false,"verified":false,"role":0,"followersCount":2,"followingCount":5,"postCount":13}}"
16:18:51.787 [pool-2-thread-5] DEBUG org.apache.http.impl.conn.PoolingHttpClientConnectionManager -- Connection [id: 41][route: {}->http://localhost:3000] can be kept alive for 5.0 seconds
16:18:51.787 [pool-2-thread-10] DEBUG org.apache.http.impl.conn.PoolingHttpClientConnectionManager -- Connection [id: 40][route: {}->http://localhost:3000] can be kept alive for 5.0 seconds
16:18:51.787 [pool-2-thread-5] DEBUG org.apache.http.impl.conn.DefaultManagedHttpClientConnection -- http-outgoing-41: set socket timeout to 0
16:18:51.787 [pool-2-thread-10] DEBUG org.apache.http.impl.conn.DefaultManagedHttpClientConnection -- http-outgoing-40: set socket timeout to 0
16:18:51.787 [pool-2-thread-1] DEBUG org.apache.http.headers -- http-outgoing-42 << HTTP/1.1 200 OK
16:18:51.787 [pool-2-thread-1] DEBUG org.apache.http.headers -- http-outgoing-42 << X-Powered-By: Express
16:18:51.787 [pool-2-thread-1] DEBUG org.apache.http.headers -- http-outgoing-42 << Access-Control-Allow-Origin: *
16:18:51.787 [pool-2-thread-1] DEBUG org.apache.http.headers -- http-outgoing-42 << Content-Type: application/json; charset=utf-8
16:18:51.787 [pool-2-thread-1] DEBUG org.apache.http.headers -- http-outgoing-42 << Content-Length: 708
16:18:51.787 [pool-2-thread-10] DEBUG org.apache.http.impl.conn.PoolingHttpClientConnectionManager -- Connection released: [id: 40][route: {}->http://localhost:3000][total available: 1; route allocated: 1 of 5; total allocated: 1 of 10]
16:18:51.787 [pool-2-thread-1] DEBUG org.apache.http.headers -- http-outgoing-42 << ETag: W/"2c4-PQtQWbctyGCd/wssdXq4v6/rpJY"
16:18:51.787 [pool-2-thread-1] DEBUG org.apache.http.headers -- http-outgoing-42 << Date: Tue, 24 Jun 2025 09:18:51 GMT
16:18:51.787 [pool-2-thread-1] DEBUG org.apache.http.headers -- http-outgoing-42 << Connection: keep-alive
16:18:51.787 [pool-2-thread-10] DEBUG org.apache.http.impl.conn.PoolingHttpClientConnectionManager -- Connection manager is shutting down
16:18:51.787 [pool-2-thread-5] DEBUG org.apache.http.impl.conn.PoolingHttpClientConnectionManager -- Connection released: [id: 41][route: {}->http://localhost:3000][total available: 1; route allocated: 1 of 5; total allocated: 1 of 10]
16:18:51.787 [pool-2-thread-1] DEBUG org.apache.http.headers -- http-outgoing-42 << Keep-Alive: timeout=5
16:18:51.787 [pool-2-thread-10] DEBUG org.apache.http.impl.conn.DefaultManagedHttpClientConnection -- http-outgoing-40: Close connection
16:18:51.787 [pool-2-thread-5] DEBUG org.apache.http.impl.conn.PoolingHttpClientConnectionManager -- Connection manager is shutting down
16:18:51.787 [pool-2-thread-5] DEBUG org.apache.http.impl.conn.DefaultManagedHttpClientConnection -- http-outgoing-41: Close connection
16:18:51.788 [pool-2-thread-1] DEBUG org.apache.http.impl.execchain.MainClientExec -- Connection can be kept alive for 5000 MILLISECONDS
16:18:51.788 [pool-2-thread-10] DEBUG org.apache.http.impl.conn.PoolingHttpClientConnectionManager -- Connection manager shut down
16:18:51.788 [pool-2-thread-5] DEBUG org.apache.http.impl.conn.PoolingHttpClientConnectionManager -- Connection manager shut down
16:18:51.788 [pool-2-thread-1] DEBUG org.apache.http.impl.conn.PoolingHttpClientConnectionManager -- Connection [id: 42][route: {}->http://localhost:3000] can be kept alive for 5.0 seconds
16:18:51.788 [pool-2-thread-1] DEBUG org.apache.http.impl.conn.DefaultManagedHttpClientConnection -- http-outgoing-42: set socket timeout to 0
16:18:51.788 [pool-2-thread-10] DEBUG com.intuit.karate -- response time in milliseconds: 825
5 < 200
5 < X-Powered-By: Express
5 < Access-Control-Allow-Origin: *
5 < Content-Type: application/json; charset=utf-8
5 < Content-Length: 605
5 < ETag: W/"25d-rTm1bbwwKVLT6vb7vyqzAgvmLBE"
5 < Date: Tue, 24 Jun 2025 09:18:51 GMT
5 < Connection: keep-alive
5 < Keep-Alive: timeout=5
{"access_token":"eyJhbGciOiJIUzI1NiIsInR5cCI6IkpXVCJ9.eyJzdWIiOiIwYTM3ZWY0My1mZWU4LTQxZDMtYTY4Ni04YWIwODY5NDg2OTUiLCJ1c2VybmFtZSI6ImpvaG5kb2UyMSIsInJvbGUiOjAsImlhdCI6MTc1MDc1NjczMSwiZXhwIjoxNzUwNzYwMzMxfQ.rnenBY-4MdmEuSR5Sg1t_T3zaFsQItbx7YHaoLWk29s","refresh_token":"f7158723f02471e0f6a1d5183f5751868216bba29957d42454bcbe46b32c44f4","user":{"id":"0a37ef43-fee8-41d3-a686-8ab086948695","email":"testit2@gmail.com","username":"johndoe21","name":"John Doe","phoneNumber":"0123456712","profilePic":null,"bio":null,"private":false,"verified":false,"role":0,"followersCount":0,"followingCount":0,"postCount":0}}

16:18:51.788 [pool-2-thread-5] DEBUG com.intuit.karate -- response time in milliseconds: 786
5 < 200
5 < X-Powered-By: Express
5 < Access-Control-Allow-Origin: *
5 < Content-Type: application/json; charset=utf-8
5 < Content-Length: 607
5 < ETag: W/"25f-bGa3L+8P01Qm2TodQ11OZ9K5EBI"
5 < Date: Tue, 24 Jun 2025 09:18:51 GMT
5 < Connection: keep-alive
5 < Keep-Alive: timeout=5
{"access_token":"eyJhbGciOiJIUzI1NiIsInR5cCI6IkpXVCJ9.eyJzdWIiOiJjMjE0MjJkZi1jY2VjLTQ0MGUtOWE0Mi1jMWI4MmFiZjczM2QiLCJ1c2VybmFtZSI6ImpvaG5kb2UyOCIsInJvbGUiOjAsImlhdCI6MTc1MDc1NjczMSwiZXhwIjoxNzUwNzYwMzMxfQ.L298nWQRyyG5QXhR2cIyj8VeQFr5UqXFJ5cuYHm8I70","refresh_token":"a3ef5f38e8a344e29a3cbd7a9f60635455e8d19a75cd0475e6ee3bac1a604006","user":{"id":"c21422df-ccec-440e-9a42-c1b82abf733d","email":"test28@example.com","username":"johndoe28","name":"John Doe","phoneNumber":"84987654321","profilePic":null,"bio":null,"private":false,"verified":false,"role":0,"followersCount":0,"followingCount":0,"postCount":0}}

16:18:51.788 [pool-2-thread-1] DEBUG org.apache.http.impl.conn.PoolingHttpClientConnectionManager -- Connection released: [id: 42][route: {}->http://localhost:3000][total available: 1; route allocated: 1 of 5; total allocated: 1 of 10]
16:18:51.788 [pool-2-thread-1] DEBUG org.apache.http.impl.conn.PoolingHttpClientConnectionManager -- Connection manager is shutting down
16:18:51.788 [pool-2-thread-1] DEBUG org.apache.http.impl.conn.DefaultManagedHttpClientConnection -- http-outgoing-42: Close connection
16:18:51.788 [pool-2-thread-1] DEBUG org.apache.http.impl.conn.PoolingHttpClientConnectionManager -- Connection manager shut down
16:18:51.788 [pool-2-thread-1] DEBUG com.intuit.karate -- response time in milliseconds: 779
5 < 200
5 < X-Powered-By: Express
5 < Access-Control-Allow-Origin: *
5 < Content-Type: application/json; charset=utf-8
5 < Content-Length: 708
5 < ETag: W/"2c4-PQtQWbctyGCd/wssdXq4v6/rpJY"
5 < Date: Tue, 24 Jun 2025 09:18:51 GMT
5 < Connection: keep-alive
5 < Keep-Alive: timeout=5
{"access_token":"eyJhbGciOiJIUzI1NiIsInR5cCI6IkpXVCJ9.eyJzdWIiOiIwODUxNWIwNS0yZDNlLTQ3ODktYWQ2MC1kYjM1NTI1YTQ5NzAiLCJ1c2VybmFtZSI6Im5hbSIsInJvbGUiOjAsImlhdCI6MTc1MDc1NjczMSwiZXhwIjoxNzUwNzYwMzMxfQ.Y79Nfqp4oOBbhzAgFryFih-JjYk2kOL6a0L8T2XGWtc","refresh_token":"75cc4b3380e2db09b69e101e7687b7bd279e957d2f5656d48e3d458416977767","user":{"id":"08515b05-2d3e-4789-ad60-db35525a4970","email":"nam@gmail.com","username":"nam","name":"nam","phoneNumber":"0123456789","profilePic":"https://res.cloudinary.com/dizcvrefo/image/upload/v1749266646/nestjs_uploads/zk9zrpeidnovxibfqdxr.png","bio":"Chu tich hoi dong Quan tri 1","private":false,"verified":false,"role":0,"followersCount":2,"followingCount":5,"postCount":13}}

16:18:51.790 [pool-2-thread-10] INFO com.intuit.karate -- [print] Call 5 completed, status: 200 
16:18:51.790 [pool-2-thread-1] INFO com.intuit.karate -- [print] Call 5 completed, status: 200 
16:18:51.790 [pool-2-thread-5] INFO com.intuit.karate -- [print] Call 5 completed, status: 200 
16:18:51.790 [pool-2-thread-1] INFO com.intuit.karate -- [print] *** API CALL 6 *** 
16:18:51.790 [pool-2-thread-10] INFO com.intuit.karate -- [print] *** API CALL 6 *** 
16:18:51.791 [pool-2-thread-5] INFO com.intuit.karate -- [print] *** API CALL 6 *** 
16:18:51.792 [pool-2-thread-1] DEBUG org.apache.http.client.protocol.RequestAddCookies -- CookieSpec selected: karate
16:18:51.792 [pool-2-thread-5] DEBUG org.apache.http.client.protocol.RequestAddCookies -- CookieSpec selected: karate
16:18:51.792 [pool-2-thread-10] DEBUG org.apache.http.client.protocol.RequestAddCookies -- CookieSpec selected: karate
16:18:51.792 [pool-2-thread-1] DEBUG org.apache.http.client.protocol.RequestAuthCache -- Auth cache not set in the context
16:18:51.792 [pool-2-thread-5] DEBUG org.apache.http.client.protocol.RequestAuthCache -- Auth cache not set in the context
16:18:51.792 [pool-2-thread-10] DEBUG org.apache.http.client.protocol.RequestAuthCache -- Auth cache not set in the context
16:18:51.792 [pool-2-thread-5] DEBUG com.intuit.karate -- request:
6 > POST http://localhost:3000/auth/login
6 > Content-Type: application/json; charset=UTF-8
6 > Content-Length: 55
6 > Host: localhost:3000
6 > Connection: Keep-Alive
6 > User-Agent: Apache-HttpClient/4.5.14 (Java/17.0.9)
6 > Accept-Encoding: gzip,deflate
{"email":"test28@example.com","password":"Password123"}

16:18:51.792 [pool-2-thread-10] DEBUG com.intuit.karate -- request:
6 > POST http://localhost:3000/auth/login
6 > Content-Type: application/json; charset=UTF-8
6 > Content-Length: 54
6 > Host: localhost:3000
6 > Connection: Keep-Alive
6 > User-Agent: Apache-HttpClient/4.5.14 (Java/17.0.9)
6 > Accept-Encoding: gzip,deflate
{"email":"testit2@gmail.com","password":"Password123"}

16:18:51.792 [pool-2-thread-1] DEBUG com.intuit.karate -- request:
6 > POST http://localhost:3000/auth/login
6 > Content-Type: application/json; charset=UTF-8
6 > Content-Length: 45
6 > Host: localhost:3000
6 > Connection: Keep-Alive
6 > User-Agent: Apache-HttpClient/4.5.14 (Java/17.0.9)
6 > Accept-Encoding: gzip,deflate
{"email":"nam@gmail.com","password":"123456"}

16:18:51.792 [pool-2-thread-5] DEBUG org.apache.http.impl.conn.PoolingHttpClientConnectionManager -- Connection request: [route: {}->http://localhost:3000][total available: 0; route allocated: 0 of 5; total allocated: 0 of 10]
16:18:51.792 [pool-2-thread-10] DEBUG org.apache.http.impl.conn.PoolingHttpClientConnectionManager -- Connection request: [route: {}->http://localhost:3000][total available: 0; route allocated: 0 of 5; total allocated: 0 of 10]
16:18:51.792 [pool-2-thread-1] DEBUG org.apache.http.impl.conn.PoolingHttpClientConnectionManager -- Connection request: [route: {}->http://localhost:3000][total available: 0; route allocated: 0 of 5; total allocated: 0 of 10]
16:18:51.793 [pool-2-thread-10] DEBUG org.apache.http.impl.conn.PoolingHttpClientConnectionManager -- Connection leased: [id: 50][route: {}->http://localhost:3000][total available: 0; route allocated: 1 of 5; total allocated: 1 of 10]
16:18:51.793 [pool-2-thread-10] DEBUG org.apache.http.impl.execchain.MainClientExec -- Opening connection {}->http://localhost:3000
16:18:51.793 [pool-2-thread-1] DEBUG org.apache.http.impl.conn.PoolingHttpClientConnectionManager -- Connection leased: [id: 52][route: {}->http://localhost:3000][total available: 0; route allocated: 1 of 5; total allocated: 1 of 10]
16:18:51.793 [pool-2-thread-5] DEBUG org.apache.http.impl.conn.PoolingHttpClientConnectionManager -- Connection leased: [id: 51][route: {}->http://localhost:3000][total available: 0; route allocated: 1 of 5; total allocated: 1 of 10]
16:18:51.793 [pool-2-thread-5] DEBUG org.apache.http.impl.execchain.MainClientExec -- Opening connection {}->http://localhost:3000
16:18:51.793 [pool-2-thread-1] DEBUG org.apache.http.impl.execchain.MainClientExec -- Opening connection {}->http://localhost:3000
16:18:51.793 [pool-2-thread-5] DEBUG org.apache.http.impl.conn.DefaultHttpClientConnectionOperator -- Connecting to localhost/127.0.0.1:3000
16:18:51.793 [pool-2-thread-1] DEBUG org.apache.http.impl.conn.DefaultHttpClientConnectionOperator -- Connecting to localhost/127.0.0.1:3000
16:18:51.793 [pool-2-thread-10] DEBUG org.apache.http.impl.conn.DefaultHttpClientConnectionOperator -- Connecting to localhost/127.0.0.1:3000
16:18:51.793 [pool-2-thread-5] DEBUG org.apache.http.impl.conn.DefaultHttpClientConnectionOperator -- Connection established 127.0.0.1:51323<->127.0.0.1:3000
16:18:51.793 [pool-2-thread-10] DEBUG org.apache.http.impl.conn.DefaultHttpClientConnectionOperator -- Connection established 127.0.0.1:51325<->127.0.0.1:3000
16:18:51.793 [pool-2-thread-1] DEBUG org.apache.http.impl.conn.DefaultHttpClientConnectionOperator -- Connection established 127.0.0.1:51324<->127.0.0.1:3000
16:18:51.793 [pool-2-thread-10] DEBUG org.apache.http.impl.conn.DefaultManagedHttpClientConnection -- http-outgoing-51: set socket timeout to 30000
16:18:51.793 [pool-2-thread-1] DEBUG org.apache.http.impl.conn.DefaultManagedHttpClientConnection -- http-outgoing-52: set socket timeout to 30000
16:18:51.793 [pool-2-thread-5] DEBUG org.apache.http.impl.conn.DefaultManagedHttpClientConnection -- http-outgoing-50: set socket timeout to 30000
16:18:51.793 [pool-2-thread-10] DEBUG org.apache.http.impl.execchain.MainClientExec -- Executing request POST /auth/login HTTP/1.1
16:18:51.793 [pool-2-thread-1] DEBUG org.apache.http.impl.execchain.MainClientExec -- Executing request POST /auth/login HTTP/1.1
16:18:51.793 [pool-2-thread-10] DEBUG org.apache.http.impl.execchain.MainClientExec -- Target auth state: UNCHALLENGED
16:18:51.793 [pool-2-thread-5] DEBUG org.apache.http.impl.execchain.MainClientExec -- Executing request POST /auth/login HTTP/1.1
16:18:51.793 [pool-2-thread-10] DEBUG org.apache.http.impl.execchain.MainClientExec -- Proxy auth state: UNCHALLENGED
16:18:51.793 [pool-2-thread-5] DEBUG org.apache.http.impl.execchain.MainClientExec -- Target auth state: UNCHALLENGED
16:18:51.793 [pool-2-thread-5] DEBUG org.apache.http.impl.execchain.MainClientExec -- Proxy auth state: UNCHALLENGED
16:18:51.793 [pool-2-thread-5] DEBUG org.apache.http.headers -- http-outgoing-50 >> POST /auth/login HTTP/1.1
16:18:51.793 [pool-2-thread-5] DEBUG org.apache.http.headers -- http-outgoing-50 >> Content-Type: application/json; charset=UTF-8
16:18:51.793 [pool-2-thread-5] DEBUG org.apache.http.headers -- http-outgoing-50 >> Content-Length: 55
16:18:51.793 [pool-2-thread-5] DEBUG org.apache.http.headers -- http-outgoing-50 >> Host: localhost:3000
16:18:51.793 [pool-2-thread-1] DEBUG org.apache.http.impl.execchain.MainClientExec -- Target auth state: UNCHALLENGED
16:18:51.793 [pool-2-thread-10] DEBUG org.apache.http.headers -- http-outgoing-51 >> POST /auth/login HTTP/1.1
16:18:51.794 [pool-2-thread-5] DEBUG org.apache.http.headers -- http-outgoing-50 >> Connection: Keep-Alive
16:18:51.794 [pool-2-thread-10] DEBUG org.apache.http.headers -- http-outgoing-51 >> Content-Type: application/json; charset=UTF-8
16:18:51.794 [pool-2-thread-5] DEBUG org.apache.http.headers -- http-outgoing-50 >> User-Agent: Apache-HttpClient/4.5.14 (Java/17.0.9)
16:18:51.794 [pool-2-thread-10] DEBUG org.apache.http.headers -- http-outgoing-51 >> Content-Length: 54
16:18:51.794 [pool-2-thread-5] DEBUG org.apache.http.headers -- http-outgoing-50 >> Accept-Encoding: gzip,deflate
16:18:51.794 [pool-2-thread-1] DEBUG org.apache.http.impl.execchain.MainClientExec -- Proxy auth state: UNCHALLENGED
16:18:51.794 [pool-2-thread-10] DEBUG org.apache.http.headers -- http-outgoing-51 >> Host: localhost:3000
16:18:51.794 [pool-2-thread-10] DEBUG org.apache.http.headers -- http-outgoing-51 >> Connection: Keep-Alive
16:18:51.794 [pool-2-thread-10] DEBUG org.apache.http.headers -- http-outgoing-51 >> User-Agent: Apache-HttpClient/4.5.14 (Java/17.0.9)
16:18:51.794 [pool-2-thread-10] DEBUG org.apache.http.headers -- http-outgoing-51 >> Accept-Encoding: gzip,deflate
16:18:51.794 [pool-2-thread-5] DEBUG org.apache.http.wire -- http-outgoing-50 >> "POST /auth/login HTTP/1.1[\r][\n]"
16:18:51.794 [pool-2-thread-5] DEBUG org.apache.http.wire -- http-outgoing-50 >> "Content-Type: application/json; charset=UTF-8[\r][\n]"
16:18:51.794 [pool-2-thread-10] DEBUG org.apache.http.wire -- http-outgoing-51 >> "POST /auth/login HTTP/1.1[\r][\n]"
16:18:51.794 [pool-2-thread-5] DEBUG org.apache.http.wire -- http-outgoing-50 >> "Content-Length: 55[\r][\n]"
16:18:51.794 [pool-2-thread-5] DEBUG org.apache.http.wire -- http-outgoing-50 >> "Host: localhost:3000[\r][\n]"
16:18:51.794 [pool-2-thread-10] DEBUG org.apache.http.wire -- http-outgoing-51 >> "Content-Type: application/json; charset=UTF-8[\r][\n]"
16:18:51.794 [pool-2-thread-5] DEBUG org.apache.http.wire -- http-outgoing-50 >> "Connection: Keep-Alive[\r][\n]"
16:18:51.794 [pool-2-thread-1] DEBUG org.apache.http.headers -- http-outgoing-52 >> POST /auth/login HTTP/1.1
16:18:51.794 [pool-2-thread-5] DEBUG org.apache.http.wire -- http-outgoing-50 >> "User-Agent: Apache-HttpClient/4.5.14 (Java/17.0.9)[\r][\n]"
16:18:51.794 [pool-2-thread-10] DEBUG org.apache.http.wire -- http-outgoing-51 >> "Content-Length: 54[\r][\n]"
16:18:51.794 [pool-2-thread-5] DEBUG org.apache.http.wire -- http-outgoing-50 >> "Accept-Encoding: gzip,deflate[\r][\n]"
16:18:51.794 [pool-2-thread-1] DEBUG org.apache.http.headers -- http-outgoing-52 >> Content-Type: application/json; charset=UTF-8
16:18:51.794 [pool-2-thread-10] DEBUG org.apache.http.wire -- http-outgoing-51 >> "Host: localhost:3000[\r][\n]"
16:18:51.794 [pool-2-thread-5] DEBUG org.apache.http.wire -- http-outgoing-50 >> "[\r][\n]"
16:18:51.794 [pool-2-thread-1] DEBUG org.apache.http.headers -- http-outgoing-52 >> Content-Length: 45
16:18:51.794 [pool-2-thread-10] DEBUG org.apache.http.wire -- http-outgoing-51 >> "Connection: Keep-Alive[\r][\n]"
16:18:51.794 [pool-2-thread-1] DEBUG org.apache.http.headers -- http-outgoing-52 >> Host: localhost:3000
16:18:51.794 [pool-2-thread-5] DEBUG org.apache.http.wire -- http-outgoing-50 >> "{"email":"test28@example.com","password":"Password123"}"
16:18:51.794 [pool-2-thread-1] DEBUG org.apache.http.headers -- http-outgoing-52 >> Connection: Keep-Alive
16:18:51.794 [pool-2-thread-10] DEBUG org.apache.http.wire -- http-outgoing-51 >> "User-Agent: Apache-HttpClient/4.5.14 (Java/17.0.9)[\r][\n]"
16:18:51.794 [pool-2-thread-1] DEBUG org.apache.http.headers -- http-outgoing-52 >> User-Agent: Apache-HttpClient/4.5.14 (Java/17.0.9)
16:18:51.794 [pool-2-thread-10] DEBUG org.apache.http.wire -- http-outgoing-51 >> "Accept-Encoding: gzip,deflate[\r][\n]"
16:18:51.794 [pool-2-thread-1] DEBUG org.apache.http.headers -- http-outgoing-52 >> Accept-Encoding: gzip,deflate
16:18:51.794 [pool-2-thread-10] DEBUG org.apache.http.wire -- http-outgoing-51 >> "[\r][\n]"
16:18:51.794 [pool-2-thread-10] DEBUG org.apache.http.wire -- http-outgoing-51 >> "{"email":"testit2@gmail.com","password":"Password123"}"
16:18:51.794 [pool-2-thread-1] DEBUG org.apache.http.wire -- http-outgoing-52 >> "POST /auth/login HTTP/1.1[\r][\n]"
16:18:51.794 [pool-2-thread-1] DEBUG org.apache.http.wire -- http-outgoing-52 >> "Content-Type: application/json; charset=UTF-8[\r][\n]"
16:18:51.794 [pool-2-thread-1] DEBUG org.apache.http.wire -- http-outgoing-52 >> "Content-Length: 45[\r][\n]"
16:18:51.794 [pool-2-thread-1] DEBUG org.apache.http.wire -- http-outgoing-52 >> "Host: localhost:3000[\r][\n]"
16:18:51.794 [pool-2-thread-1] DEBUG org.apache.http.wire -- http-outgoing-52 >> "Connection: Keep-Alive[\r][\n]"
16:18:51.794 [pool-2-thread-1] DEBUG org.apache.http.wire -- http-outgoing-52 >> "User-Agent: Apache-HttpClient/4.5.14 (Java/17.0.9)[\r][\n]"
16:18:51.794 [pool-2-thread-1] DEBUG org.apache.http.wire -- http-outgoing-52 >> "Accept-Encoding: gzip,deflate[\r][\n]"
16:18:51.794 [pool-2-thread-1] DEBUG org.apache.http.wire -- http-outgoing-52 >> "[\r][\n]"
16:18:51.794 [pool-2-thread-1] DEBUG org.apache.http.wire -- http-outgoing-52 >> "{"email":"nam@gmail.com","password":"123456"}"
16:18:51.870 [pool-2-thread-3] DEBUG org.apache.http.wire -- http-outgoing-43 << "HTTP/1.1 200 OK[\r][\n]"
16:18:51.871 [pool-2-thread-3] DEBUG org.apache.http.wire -- http-outgoing-43 << "X-Powered-By: Express[\r][\n]"
16:18:51.871 [pool-2-thread-3] DEBUG org.apache.http.wire -- http-outgoing-43 << "Access-Control-Allow-Origin: *[\r][\n]"
16:18:51.871 [pool-2-thread-3] DEBUG org.apache.http.wire -- http-outgoing-43 << "Content-Type: application/json; charset=utf-8[\r][\n]"
16:18:51.871 [pool-2-thread-3] DEBUG org.apache.http.wire -- http-outgoing-43 << "Content-Length: 599[\r][\n]"
16:18:51.871 [pool-2-thread-3] DEBUG org.apache.http.wire -- http-outgoing-43 << "ETag: W/"257-qUwUXZElu661+5WqPodmX8vRpdU"[\r][\n]"
16:18:51.871 [pool-2-thread-3] DEBUG org.apache.http.wire -- http-outgoing-43 << "Date: Tue, 24 Jun 2025 09:18:51 GMT[\r][\n]"
16:18:51.871 [pool-2-thread-3] DEBUG org.apache.http.wire -- http-outgoing-43 << "Connection: keep-alive[\r][\n]"
16:18:51.871 [pool-2-thread-3] DEBUG org.apache.http.wire -- http-outgoing-43 << "Keep-Alive: timeout=5[\r][\n]"
16:18:51.871 [pool-2-thread-3] DEBUG org.apache.http.wire -- http-outgoing-43 << "[\r][\n]"
16:18:51.871 [pool-2-thread-3] DEBUG org.apache.http.wire -- http-outgoing-43 << "{"access_token":"eyJhbGciOiJIUzI1NiIsInR5cCI6IkpXVCJ9.eyJzdWIiOiIyZGRhMDQzOS01MTgwLTQ1YWEtOTE3Zi1lNjMyZTQ1YThlNDEiLCJ1c2VybmFtZSI6ImpvaG5kb2UiLCJyb2xlIjowLCJpYXQiOjE3NTA3NTY3MzEsImV4cCI6MTc1MDc2MDMzMX0.vDh6kgqbNmWHVZA17QRbsSugHoHNR9IwMfhtihMMjXY","refresh_token":"90ce337f3c3afbefaf7d37ea1c9babf86ab62a2cc154208cdb8a8e0b3d805b3c","user":{"id":"2dda0439-5180-45aa-917f-e632e45a8e41","email":"test@example.com","username":"johndoe","name":"John Doe","phoneNumber":"0987654321","profilePic":null,"bio":null,"private":false,"verified":false,"role":0,"followersCount":0,"followingCount":0,"postCount":0}}"
16:18:51.871 [pool-2-thread-3] DEBUG org.apache.http.headers -- http-outgoing-43 << HTTP/1.1 200 OK
16:18:51.871 [pool-2-thread-3] DEBUG org.apache.http.headers -- http-outgoing-43 << X-Powered-By: Express
16:18:51.871 [pool-2-thread-3] DEBUG org.apache.http.headers -- http-outgoing-43 << Access-Control-Allow-Origin: *
16:18:51.871 [pool-2-thread-3] DEBUG org.apache.http.headers -- http-outgoing-43 << Content-Type: application/json; charset=utf-8
16:18:51.871 [pool-2-thread-3] DEBUG org.apache.http.headers -- http-outgoing-43 << Content-Length: 599
16:18:51.871 [pool-2-thread-3] DEBUG org.apache.http.headers -- http-outgoing-43 << ETag: W/"257-qUwUXZElu661+5WqPodmX8vRpdU"
16:18:51.871 [pool-2-thread-3] DEBUG org.apache.http.headers -- http-outgoing-43 << Date: Tue, 24 Jun 2025 09:18:51 GMT
16:18:51.871 [pool-2-thread-3] DEBUG org.apache.http.headers -- http-outgoing-43 << Connection: keep-alive
16:18:51.871 [pool-2-thread-3] DEBUG org.apache.http.headers -- http-outgoing-43 << Keep-Alive: timeout=5
16:18:51.871 [pool-2-thread-3] DEBUG org.apache.http.impl.execchain.MainClientExec -- Connection can be kept alive for 5000 MILLISECONDS
16:18:51.872 [pool-2-thread-3] DEBUG org.apache.http.impl.conn.PoolingHttpClientConnectionManager -- Connection [id: 43][route: {}->http://localhost:3000] can be kept alive for 5.0 seconds
16:18:51.872 [pool-2-thread-3] DEBUG org.apache.http.impl.conn.DefaultManagedHttpClientConnection -- http-outgoing-43: set socket timeout to 0
16:18:51.872 [pool-2-thread-3] DEBUG org.apache.http.impl.conn.PoolingHttpClientConnectionManager -- Connection released: [id: 43][route: {}->http://localhost:3000][total available: 1; route allocated: 1 of 5; total allocated: 1 of 10]
16:18:51.872 [pool-2-thread-3] DEBUG org.apache.http.impl.conn.PoolingHttpClientConnectionManager -- Connection manager is shutting down
16:18:51.872 [pool-2-thread-3] DEBUG org.apache.http.impl.conn.DefaultManagedHttpClientConnection -- http-outgoing-43: Close connection
16:18:51.872 [pool-2-thread-3] DEBUG org.apache.http.impl.conn.PoolingHttpClientConnectionManager -- Connection manager shut down
16:18:51.872 [pool-2-thread-3] DEBUG com.intuit.karate -- response time in milliseconds: 831
5 < 200
5 < X-Powered-By: Express
5 < Access-Control-Allow-Origin: *
5 < Content-Type: application/json; charset=utf-8
5 < Content-Length: 599
5 < ETag: W/"257-qUwUXZElu661+5WqPodmX8vRpdU"
5 < Date: Tue, 24 Jun 2025 09:18:51 GMT
5 < Connection: keep-alive
5 < Keep-Alive: timeout=5
{"access_token":"eyJhbGciOiJIUzI1NiIsInR5cCI6IkpXVCJ9.eyJzdWIiOiIyZGRhMDQzOS01MTgwLTQ1YWEtOTE3Zi1lNjMyZTQ1YThlNDEiLCJ1c2VybmFtZSI6ImpvaG5kb2UiLCJyb2xlIjowLCJpYXQiOjE3NTA3NTY3MzEsImV4cCI6MTc1MDc2MDMzMX0.vDh6kgqbNmWHVZA17QRbsSugHoHNR9IwMfhtihMMjXY","refresh_token":"90ce337f3c3afbefaf7d37ea1c9babf86ab62a2cc154208cdb8a8e0b3d805b3c","user":{"id":"2dda0439-5180-45aa-917f-e632e45a8e41","email":"test@example.com","username":"johndoe","name":"John Doe","phoneNumber":"0987654321","profilePic":null,"bio":null,"private":false,"verified":false,"role":0,"followersCount":0,"followingCount":0,"postCount":0}}

16:18:51.876 [pool-2-thread-3] INFO com.intuit.karate -- [print] Call 5 completed, status: 200 
16:18:51.879 [pool-2-thread-3] INFO com.intuit.karate -- [print] *** API CALL 6 *** 
16:18:51.881 [pool-2-thread-3] DEBUG org.apache.http.client.protocol.RequestAddCookies -- CookieSpec selected: karate
16:18:51.881 [pool-2-thread-3] DEBUG org.apache.http.client.protocol.RequestAuthCache -- Auth cache not set in the context
16:18:51.881 [pool-2-thread-3] DEBUG com.intuit.karate -- request:
6 > POST http://localhost:3000/auth/login
6 > Content-Type: application/json; charset=UTF-8
6 > Content-Length: 53
6 > Host: localhost:3000
6 > Connection: Keep-Alive
6 > User-Agent: Apache-HttpClient/4.5.14 (Java/17.0.9)
6 > Accept-Encoding: gzip,deflate
{"email":"test@example.com","password":"Password123"}

16:18:51.881 [pool-2-thread-3] DEBUG org.apache.http.impl.conn.PoolingHttpClientConnectionManager -- Connection request: [route: {}->http://localhost:3000][total available: 0; route allocated: 0 of 5; total allocated: 0 of 10]
16:18:51.881 [pool-2-thread-3] DEBUG org.apache.http.impl.conn.PoolingHttpClientConnectionManager -- Connection leased: [id: 53][route: {}->http://localhost:3000][total available: 0; route allocated: 1 of 5; total allocated: 1 of 10]
16:18:51.881 [pool-2-thread-3] DEBUG org.apache.http.impl.execchain.MainClientExec -- Opening connection {}->http://localhost:3000
16:18:51.881 [pool-2-thread-3] DEBUG org.apache.http.impl.conn.DefaultHttpClientConnectionOperator -- Connecting to localhost/127.0.0.1:3000
16:18:51.882 [pool-2-thread-3] DEBUG org.apache.http.impl.conn.DefaultHttpClientConnectionOperator -- Connection established 127.0.0.1:51326<->127.0.0.1:3000
16:18:51.882 [pool-2-thread-3] DEBUG org.apache.http.impl.conn.DefaultManagedHttpClientConnection -- http-outgoing-53: set socket timeout to 30000
16:18:51.882 [pool-2-thread-3] DEBUG org.apache.http.impl.execchain.MainClientExec -- Executing request POST /auth/login HTTP/1.1
16:18:51.882 [pool-2-thread-3] DEBUG org.apache.http.impl.execchain.MainClientExec -- Target auth state: UNCHALLENGED
16:18:51.882 [pool-2-thread-3] DEBUG org.apache.http.impl.execchain.MainClientExec -- Proxy auth state: UNCHALLENGED
16:18:51.882 [pool-2-thread-3] DEBUG org.apache.http.headers -- http-outgoing-53 >> POST /auth/login HTTP/1.1
16:18:51.882 [pool-2-thread-3] DEBUG org.apache.http.headers -- http-outgoing-53 >> Content-Type: application/json; charset=UTF-8
16:18:51.882 [pool-2-thread-3] DEBUG org.apache.http.headers -- http-outgoing-53 >> Content-Length: 53
16:18:51.882 [pool-2-thread-3] DEBUG org.apache.http.headers -- http-outgoing-53 >> Host: localhost:3000
16:18:51.882 [pool-2-thread-3] DEBUG org.apache.http.headers -- http-outgoing-53 >> Connection: Keep-Alive
16:18:51.882 [pool-2-thread-3] DEBUG org.apache.http.headers -- http-outgoing-53 >> User-Agent: Apache-HttpClient/4.5.14 (Java/17.0.9)
16:18:51.882 [pool-2-thread-3] DEBUG org.apache.http.headers -- http-outgoing-53 >> Accept-Encoding: gzip,deflate
16:18:51.882 [pool-2-thread-3] DEBUG org.apache.http.wire -- http-outgoing-53 >> "POST /auth/login HTTP/1.1[\r][\n]"
16:18:51.882 [pool-2-thread-3] DEBUG org.apache.http.wire -- http-outgoing-53 >> "Content-Type: application/json; charset=UTF-8[\r][\n]"
16:18:51.882 [pool-2-thread-3] DEBUG org.apache.http.wire -- http-outgoing-53 >> "Content-Length: 53[\r][\n]"
16:18:51.882 [pool-2-thread-3] DEBUG org.apache.http.wire -- http-outgoing-53 >> "Host: localhost:3000[\r][\n]"
16:18:51.882 [pool-2-thread-3] DEBUG org.apache.http.wire -- http-outgoing-53 >> "Connection: Keep-Alive[\r][\n]"
16:18:51.882 [pool-2-thread-3] DEBUG org.apache.http.wire -- http-outgoing-53 >> "User-Agent: Apache-HttpClient/4.5.14 (Java/17.0.9)[\r][\n]"
16:18:51.882 [pool-2-thread-3] DEBUG org.apache.http.wire -- http-outgoing-53 >> "Accept-Encoding: gzip,deflate[\r][\n]"
16:18:51.882 [pool-2-thread-3] DEBUG org.apache.http.wire -- http-outgoing-53 >> "[\r][\n]"
16:18:51.882 [pool-2-thread-3] DEBUG org.apache.http.wire -- http-outgoing-53 >> "{"email":"test@example.com","password":"Password123"}"
16:18:51.928 [pool-2-thread-4] DEBUG org.apache.http.wire -- http-outgoing-45 << "HTTP/1.1 200 OK[\r][\n]"
16:18:51.929 [pool-2-thread-4] DEBUG org.apache.http.wire -- http-outgoing-45 << "X-Powered-By: Express[\r][\n]"
16:18:51.929 [pool-2-thread-4] DEBUG org.apache.http.wire -- http-outgoing-45 << "Access-Control-Allow-Origin: *[\r][\n]"
16:18:51.929 [pool-2-thread-4] DEBUG org.apache.http.wire -- http-outgoing-45 << "Content-Type: application/json; charset=utf-8[\r][\n]"
16:18:51.929 [pool-2-thread-4] DEBUG org.apache.http.wire -- http-outgoing-45 << "Content-Length: 608[\r][\n]"
16:18:51.929 [pool-2-thread-4] DEBUG org.apache.http.wire -- http-outgoing-45 << "ETag: W/"260-NmxhFwnQbfmjkepJLI7kZtgc1/E"[\r][\n]"
16:18:51.929 [pool-2-thread-4] DEBUG org.apache.http.wire -- http-outgoing-45 << "Date: Tue, 24 Jun 2025 09:18:51 GMT[\r][\n]"
16:18:51.929 [pool-2-thread-4] DEBUG org.apache.http.wire -- http-outgoing-45 << "Connection: keep-alive[\r][\n]"
16:18:51.929 [pool-2-thread-4] DEBUG org.apache.http.wire -- http-outgoing-45 << "Keep-Alive: timeout=5[\r][\n]"
16:18:51.929 [pool-2-thread-4] DEBUG org.apache.http.wire -- http-outgoing-45 << "[\r][\n]"
16:18:51.929 [pool-2-thread-4] DEBUG org.apache.http.wire -- http-outgoing-45 << "{"access_token":"eyJhbGciOiJIUzI1NiIsInR5cCI6IkpXVCJ9.eyJzdWIiOiI4YTI0NzQ2MS01YzA0LTQyMWQtOThmNS1mYTljNzM0ZmFlYTUiLCJ1c2VybmFtZSI6ImphbmVzbWl0aCIsInJvbGUiOjAsImlhdCI6MTc1MDc1NjczMSwiZXhwIjoxNzUwNzYwMzMxfQ.-5fNxnMSJF3FxdN2wTC2IWrxt6QqO5CUV7Ze3lioiv4","refresh_token":"a446e5188108bcb37ff9234be49647fb850261aaa551b6e72bc7a2b1a1a4840d","user":{"id":"8a247461-5c04-421d-98f5-fa9c734faea5","email":"test2@example.com","username":"janesmith","name":"Jane Smith","phoneNumber":"01234567890","profilePic":null,"bio":null,"private":false,"verified":false,"role":0,"followersCount":0,"followingCount":0,"postCount":0}}"
16:18:51.929 [pool-2-thread-4] DEBUG org.apache.http.headers -- http-outgoing-45 << HTTP/1.1 200 OK
16:18:51.929 [pool-2-thread-4] DEBUG org.apache.http.headers -- http-outgoing-45 << X-Powered-By: Express
16:18:51.929 [pool-2-thread-4] DEBUG org.apache.http.headers -- http-outgoing-45 << Access-Control-Allow-Origin: *
16:18:51.929 [pool-2-thread-4] DEBUG org.apache.http.headers -- http-outgoing-45 << Content-Type: application/json; charset=utf-8
16:18:51.929 [pool-2-thread-4] DEBUG org.apache.http.headers -- http-outgoing-45 << Content-Length: 608
16:18:51.929 [pool-2-thread-4] DEBUG org.apache.http.headers -- http-outgoing-45 << ETag: W/"260-NmxhFwnQbfmjkepJLI7kZtgc1/E"
16:18:51.929 [pool-2-thread-4] DEBUG org.apache.http.headers -- http-outgoing-45 << Date: Tue, 24 Jun 2025 09:18:51 GMT
16:18:51.929 [pool-2-thread-4] DEBUG org.apache.http.headers -- http-outgoing-45 << Connection: keep-alive
16:18:51.929 [pool-2-thread-4] DEBUG org.apache.http.headers -- http-outgoing-45 << Keep-Alive: timeout=5
16:18:51.929 [pool-2-thread-4] DEBUG org.apache.http.impl.execchain.MainClientExec -- Connection can be kept alive for 5000 MILLISECONDS
16:18:51.929 [pool-2-thread-4] DEBUG org.apache.http.impl.conn.PoolingHttpClientConnectionManager -- Connection [id: 44][route: {}->http://localhost:3000] can be kept alive for 5.0 seconds
16:18:51.929 [pool-2-thread-4] DEBUG org.apache.http.impl.conn.DefaultManagedHttpClientConnection -- http-outgoing-45: set socket timeout to 0
16:18:51.929 [pool-2-thread-4] DEBUG org.apache.http.impl.conn.PoolingHttpClientConnectionManager -- Connection released: [id: 44][route: {}->http://localhost:3000][total available: 1; route allocated: 1 of 5; total allocated: 1 of 10]
16:18:51.929 [pool-2-thread-4] DEBUG org.apache.http.impl.conn.PoolingHttpClientConnectionManager -- Connection manager is shutting down
16:18:51.929 [pool-2-thread-4] DEBUG org.apache.http.impl.conn.DefaultManagedHttpClientConnection -- http-outgoing-45: Close connection
16:18:51.930 [pool-2-thread-4] DEBUG org.apache.http.impl.conn.PoolingHttpClientConnectionManager -- Connection manager shut down
16:18:51.930 [pool-2-thread-4] DEBUG com.intuit.karate -- response time in milliseconds: 291
5 < 200
5 < X-Powered-By: Express
5 < Access-Control-Allow-Origin: *
5 < Content-Type: application/json; charset=utf-8
5 < Content-Length: 608
5 < ETag: W/"260-NmxhFwnQbfmjkepJLI7kZtgc1/E"
5 < Date: Tue, 24 Jun 2025 09:18:51 GMT
5 < Connection: keep-alive
5 < Keep-Alive: timeout=5
{"access_token":"eyJhbGciOiJIUzI1NiIsInR5cCI6IkpXVCJ9.eyJzdWIiOiI4YTI0NzQ2MS01YzA0LTQyMWQtOThmNS1mYTljNzM0ZmFlYTUiLCJ1c2VybmFtZSI6ImphbmVzbWl0aCIsInJvbGUiOjAsImlhdCI6MTc1MDc1NjczMSwiZXhwIjoxNzUwNzYwMzMxfQ.-5fNxnMSJF3FxdN2wTC2IWrxt6QqO5CUV7Ze3lioiv4","refresh_token":"a446e5188108bcb37ff9234be49647fb850261aaa551b6e72bc7a2b1a1a4840d","user":{"id":"8a247461-5c04-421d-98f5-fa9c734faea5","email":"test2@example.com","username":"janesmith","name":"Jane Smith","phoneNumber":"01234567890","profilePic":null,"bio":null,"private":false,"verified":false,"role":0,"followersCount":0,"followingCount":0,"postCount":0}}

16:18:51.931 [pool-2-thread-6] DEBUG org.apache.http.wire -- http-outgoing-46 << "HTTP/1.1 200 OK[\r][\n]"
16:18:51.931 [pool-2-thread-6] DEBUG org.apache.http.wire -- http-outgoing-46 << "X-Powered-By: Express[\r][\n]"
16:18:51.931 [pool-2-thread-6] DEBUG org.apache.http.wire -- http-outgoing-46 << "Access-Control-Allow-Origin: *[\r][\n]"
16:18:51.931 [pool-2-thread-6] DEBUG org.apache.http.wire -- http-outgoing-46 << "Content-Type: application/json; charset=utf-8[\r][\n]"
16:18:51.931 [pool-2-thread-6] DEBUG org.apache.http.wire -- http-outgoing-46 << "Content-Length: 607[\r][\n]"
16:18:51.931 [pool-2-thread-6] DEBUG org.apache.http.wire -- http-outgoing-46 << "ETag: W/"25f-eUinkr/2HdNqLErGK6s3zJe92wk"[\r][\n]"
16:18:51.931 [pool-2-thread-6] DEBUG org.apache.http.wire -- http-outgoing-46 << "Date: Tue, 24 Jun 2025 09:18:51 GMT[\r][\n]"
16:18:51.931 [pool-2-thread-6] DEBUG org.apache.http.wire -- http-outgoing-46 << "Connection: keep-alive[\r][\n]"
16:18:51.931 [pool-2-thread-6] DEBUG org.apache.http.wire -- http-outgoing-46 << "Keep-Alive: timeout=5[\r][\n]"
16:18:51.931 [pool-2-thread-6] DEBUG org.apache.http.wire -- http-outgoing-46 << "[\r][\n]"
16:18:51.931 [pool-2-thread-6] DEBUG org.apache.http.wire -- http-outgoing-46 << "{"access_token":"eyJhbGciOiJIUzI1NiIsInR5cCI6IkpXVCJ9.eyJzdWIiOiI5YTI2OTc2Yy0xNTMyLTRkZjMtYTE2ZS03NjMxNTI1Yzg1MDIiLCJ1c2VybmFtZSI6ImpvaG5kb2UyZDUiLCJyb2xlIjowLCJpYXQiOjE3NTA3NTY3MzEsImV4cCI6MTc1MDc2MDMzMX0.GxRbq8A1RCVbbsmSM6huEx_rwetdd4Q1N6cFrVseA18","refresh_token":"f8ba987f22562f8615f396bc6e0e97673947b7c768c23e3d53b649de03a7202c","user":{"id":"9a26976c-1532-4df3-a16e-7631525c8502","email":"testit4@gmail.com","username":"johndoe2d5","name":"John Doe","phoneNumber":"0123456212","profilePic":null,"bio":null,"private":false,"verified":false,"role":0,"followersCount":0,"followingCount":0,"postCount":0}}"
16:18:51.931 [pool-2-thread-6] DEBUG org.apache.http.headers -- http-outgoing-46 << HTTP/1.1 200 OK
16:18:51.931 [pool-2-thread-6] DEBUG org.apache.http.headers -- http-outgoing-46 << X-Powered-By: Express
16:18:51.931 [pool-2-thread-6] DEBUG org.apache.http.headers -- http-outgoing-46 << Access-Control-Allow-Origin: *
16:18:51.931 [pool-2-thread-6] DEBUG org.apache.http.headers -- http-outgoing-46 << Content-Type: application/json; charset=utf-8
16:18:51.931 [pool-2-thread-6] DEBUG org.apache.http.headers -- http-outgoing-46 << Content-Length: 607
16:18:51.931 [pool-2-thread-6] DEBUG org.apache.http.headers -- http-outgoing-46 << ETag: W/"25f-eUinkr/2HdNqLErGK6s3zJe92wk"
16:18:51.931 [pool-2-thread-6] DEBUG org.apache.http.headers -- http-outgoing-46 << Date: Tue, 24 Jun 2025 09:18:51 GMT
16:18:51.931 [pool-2-thread-6] DEBUG org.apache.http.headers -- http-outgoing-46 << Connection: keep-alive
16:18:51.931 [pool-2-thread-6] DEBUG org.apache.http.headers -- http-outgoing-46 << Keep-Alive: timeout=5
16:18:51.931 [pool-2-thread-6] DEBUG org.apache.http.impl.execchain.MainClientExec -- Connection can be kept alive for 5000 MILLISECONDS
16:18:51.932 [pool-2-thread-6] DEBUG org.apache.http.impl.conn.PoolingHttpClientConnectionManager -- Connection [id: 46][route: {}->http://localhost:3000] can be kept alive for 5.0 seconds
16:18:51.932 [pool-2-thread-6] DEBUG org.apache.http.impl.conn.DefaultManagedHttpClientConnection -- http-outgoing-46: set socket timeout to 0
16:18:51.932 [pool-2-thread-6] DEBUG org.apache.http.impl.conn.PoolingHttpClientConnectionManager -- Connection released: [id: 46][route: {}->http://localhost:3000][total available: 1; route allocated: 1 of 5; total allocated: 1 of 10]
16:18:51.932 [pool-2-thread-6] DEBUG org.apache.http.impl.conn.PoolingHttpClientConnectionManager -- Connection manager is shutting down
16:18:51.932 [pool-2-thread-6] DEBUG org.apache.http.impl.conn.DefaultManagedHttpClientConnection -- http-outgoing-46: Close connection
16:18:51.932 [pool-2-thread-6] DEBUG org.apache.http.impl.conn.PoolingHttpClientConnectionManager -- Connection manager shut down
16:18:51.932 [pool-2-thread-6] DEBUG com.intuit.karate -- response time in milliseconds: 294
5 < 200
5 < X-Powered-By: Express
5 < Access-Control-Allow-Origin: *
5 < Content-Type: application/json; charset=utf-8
5 < Content-Length: 607
5 < ETag: W/"25f-eUinkr/2HdNqLErGK6s3zJe92wk"
5 < Date: Tue, 24 Jun 2025 09:18:51 GMT
5 < Connection: keep-alive
5 < Keep-Alive: timeout=5
{"access_token":"eyJhbGciOiJIUzI1NiIsInR5cCI6IkpXVCJ9.eyJzdWIiOiI5YTI2OTc2Yy0xNTMyLTRkZjMtYTE2ZS03NjMxNTI1Yzg1MDIiLCJ1c2VybmFtZSI6ImpvaG5kb2UyZDUiLCJyb2xlIjowLCJpYXQiOjE3NTA3NTY3MzEsImV4cCI6MTc1MDc2MDMzMX0.GxRbq8A1RCVbbsmSM6huEx_rwetdd4Q1N6cFrVseA18","refresh_token":"f8ba987f22562f8615f396bc6e0e97673947b7c768c23e3d53b649de03a7202c","user":{"id":"9a26976c-1532-4df3-a16e-7631525c8502","email":"testit4@gmail.com","username":"johndoe2d5","name":"John Doe","phoneNumber":"0123456212","profilePic":null,"bio":null,"private":false,"verified":false,"role":0,"followersCount":0,"followingCount":0,"postCount":0}}

16:18:51.932 [pool-2-thread-4] INFO com.intuit.karate -- [print] Call 5 completed, status: 200 
16:18:51.934 [pool-2-thread-4] INFO com.intuit.karate -- [print] *** API CALL 6 *** 
16:18:51.934 [pool-2-thread-6] INFO com.intuit.karate -- [print] Call 5 completed, status: 200 
16:18:51.935 [pool-2-thread-6] INFO com.intuit.karate -- [print] *** API CALL 6 *** 
16:18:51.936 [pool-2-thread-4] DEBUG org.apache.http.client.protocol.RequestAddCookies -- CookieSpec selected: karate
16:18:51.936 [pool-2-thread-4] DEBUG org.apache.http.client.protocol.RequestAuthCache -- Auth cache not set in the context
16:18:51.936 [pool-2-thread-4] DEBUG com.intuit.karate -- request:
6 > POST http://localhost:3000/auth/login
6 > Content-Type: application/json; charset=UTF-8
6 > Content-Length: 54
6 > Host: localhost:3000
6 > Connection: Keep-Alive
6 > User-Agent: Apache-HttpClient/4.5.14 (Java/17.0.9)
6 > Accept-Encoding: gzip,deflate
{"email":"test2@example.com","password":"Password123"}

16:18:51.936 [pool-2-thread-4] DEBUG org.apache.http.impl.conn.PoolingHttpClientConnectionManager -- Connection request: [route: {}->http://localhost:3000][total available: 0; route allocated: 0 of 5; total allocated: 0 of 10]
16:18:51.936 [pool-2-thread-4] DEBUG org.apache.http.impl.conn.PoolingHttpClientConnectionManager -- Connection leased: [id: 54][route: {}->http://localhost:3000][total available: 0; route allocated: 1 of 5; total allocated: 1 of 10]
16:18:51.936 [pool-2-thread-4] DEBUG org.apache.http.impl.execchain.MainClientExec -- Opening connection {}->http://localhost:3000
16:18:51.936 [pool-2-thread-6] DEBUG org.apache.http.client.protocol.RequestAddCookies -- CookieSpec selected: karate
16:18:51.936 [pool-2-thread-6] DEBUG org.apache.http.client.protocol.RequestAuthCache -- Auth cache not set in the context
16:18:51.936 [pool-2-thread-6] DEBUG com.intuit.karate -- request:
6 > POST http://localhost:3000/auth/login
6 > Content-Type: application/json; charset=UTF-8
6 > Content-Length: 54
6 > Host: localhost:3000
6 > Connection: Keep-Alive
6 > User-Agent: Apache-HttpClient/4.5.14 (Java/17.0.9)
6 > Accept-Encoding: gzip,deflate
{"email":"testit4@gmail.com","password":"Password123"}

16:18:51.937 [pool-2-thread-4] DEBUG org.apache.http.impl.conn.DefaultHttpClientConnectionOperator -- Connecting to localhost/127.0.0.1:3000
16:18:51.937 [pool-2-thread-6] DEBUG org.apache.http.impl.conn.PoolingHttpClientConnectionManager -- Connection request: [route: {}->http://localhost:3000][total available: 0; route allocated: 0 of 5; total allocated: 0 of 10]
16:18:51.937 [pool-2-thread-6] DEBUG org.apache.http.impl.conn.PoolingHttpClientConnectionManager -- Connection leased: [id: 55][route: {}->http://localhost:3000][total available: 0; route allocated: 1 of 5; total allocated: 1 of 10]
16:18:51.937 [pool-2-thread-6] DEBUG org.apache.http.impl.execchain.MainClientExec -- Opening connection {}->http://localhost:3000
16:18:51.938 [pool-2-thread-6] DEBUG org.apache.http.impl.conn.DefaultHttpClientConnectionOperator -- Connecting to localhost/127.0.0.1:3000
16:18:51.938 [pool-2-thread-4] DEBUG org.apache.http.impl.conn.DefaultHttpClientConnectionOperator -- Connection established 127.0.0.1:51327<->127.0.0.1:3000
16:18:51.938 [pool-2-thread-4] DEBUG org.apache.http.impl.conn.DefaultManagedHttpClientConnection -- http-outgoing-54: set socket timeout to 30000
16:18:51.938 [pool-2-thread-4] DEBUG org.apache.http.impl.execchain.MainClientExec -- Executing request POST /auth/login HTTP/1.1
16:18:51.938 [pool-2-thread-4] DEBUG org.apache.http.impl.execchain.MainClientExec -- Target auth state: UNCHALLENGED
16:18:51.938 [pool-2-thread-4] DEBUG org.apache.http.impl.execchain.MainClientExec -- Proxy auth state: UNCHALLENGED
16:18:51.938 [pool-2-thread-4] DEBUG org.apache.http.headers -- http-outgoing-54 >> POST /auth/login HTTP/1.1
16:18:51.938 [pool-2-thread-4] DEBUG org.apache.http.headers -- http-outgoing-54 >> Content-Type: application/json; charset=UTF-8
16:18:51.938 [pool-2-thread-4] DEBUG org.apache.http.headers -- http-outgoing-54 >> Content-Length: 54
16:18:51.938 [pool-2-thread-4] DEBUG org.apache.http.headers -- http-outgoing-54 >> Host: localhost:3000
16:18:51.938 [pool-2-thread-4] DEBUG org.apache.http.headers -- http-outgoing-54 >> Connection: Keep-Alive
16:18:51.938 [pool-2-thread-4] DEBUG org.apache.http.headers -- http-outgoing-54 >> User-Agent: Apache-HttpClient/4.5.14 (Java/17.0.9)
16:18:51.938 [pool-2-thread-4] DEBUG org.apache.http.headers -- http-outgoing-54 >> Accept-Encoding: gzip,deflate
16:18:51.938 [pool-2-thread-4] DEBUG org.apache.http.wire -- http-outgoing-54 >> "POST /auth/login HTTP/1.1[\r][\n]"
16:18:51.938 [pool-2-thread-4] DEBUG org.apache.http.wire -- http-outgoing-54 >> "Content-Type: application/json; charset=UTF-8[\r][\n]"
16:18:51.938 [pool-2-thread-4] DEBUG org.apache.http.wire -- http-outgoing-54 >> "Content-Length: 54[\r][\n]"
16:18:51.938 [pool-2-thread-4] DEBUG org.apache.http.wire -- http-outgoing-54 >> "Host: localhost:3000[\r][\n]"
16:18:51.938 [pool-2-thread-4] DEBUG org.apache.http.wire -- http-outgoing-54 >> "Connection: Keep-Alive[\r][\n]"
16:18:51.938 [pool-2-thread-4] DEBUG org.apache.http.wire -- http-outgoing-54 >> "User-Agent: Apache-HttpClient/4.5.14 (Java/17.0.9)[\r][\n]"
16:18:51.938 [pool-2-thread-4] DEBUG org.apache.http.wire -- http-outgoing-54 >> "Accept-Encoding: gzip,deflate[\r][\n]"
16:18:51.938 [pool-2-thread-4] DEBUG org.apache.http.wire -- http-outgoing-54 >> "[\r][\n]"
16:18:51.938 [pool-2-thread-6] DEBUG org.apache.http.impl.conn.DefaultHttpClientConnectionOperator -- Connection established 127.0.0.1:51328<->127.0.0.1:3000
16:18:51.938 [pool-2-thread-4] DEBUG org.apache.http.wire -- http-outgoing-54 >> "{"email":"test2@example.com","password":"Password123"}"
16:18:51.938 [pool-2-thread-6] DEBUG org.apache.http.impl.conn.DefaultManagedHttpClientConnection -- http-outgoing-55: set socket timeout to 30000
16:18:51.938 [pool-2-thread-6] DEBUG org.apache.http.impl.execchain.MainClientExec -- Executing request POST /auth/login HTTP/1.1
16:18:51.938 [pool-2-thread-6] DEBUG org.apache.http.impl.execchain.MainClientExec -- Target auth state: UNCHALLENGED
16:18:51.938 [pool-2-thread-6] DEBUG org.apache.http.impl.execchain.MainClientExec -- Proxy auth state: UNCHALLENGED
16:18:51.938 [pool-2-thread-6] DEBUG org.apache.http.headers -- http-outgoing-55 >> POST /auth/login HTTP/1.1
16:18:51.938 [pool-2-thread-6] DEBUG org.apache.http.headers -- http-outgoing-55 >> Content-Type: application/json; charset=UTF-8
16:18:51.938 [pool-2-thread-6] DEBUG org.apache.http.headers -- http-outgoing-55 >> Content-Length: 54
16:18:51.938 [pool-2-thread-6] DEBUG org.apache.http.headers -- http-outgoing-55 >> Host: localhost:3000
16:18:51.938 [pool-2-thread-6] DEBUG org.apache.http.headers -- http-outgoing-55 >> Connection: Keep-Alive
16:18:51.938 [pool-2-thread-6] DEBUG org.apache.http.headers -- http-outgoing-55 >> User-Agent: Apache-HttpClient/4.5.14 (Java/17.0.9)
16:18:51.938 [pool-2-thread-6] DEBUG org.apache.http.headers -- http-outgoing-55 >> Accept-Encoding: gzip,deflate
16:18:51.938 [pool-2-thread-6] DEBUG org.apache.http.wire -- http-outgoing-55 >> "POST /auth/login HTTP/1.1[\r][\n]"
16:18:51.938 [pool-2-thread-6] DEBUG org.apache.http.wire -- http-outgoing-55 >> "Content-Type: application/json; charset=UTF-8[\r][\n]"
16:18:51.938 [pool-2-thread-6] DEBUG org.apache.http.wire -- http-outgoing-55 >> "Content-Length: 54[\r][\n]"
16:18:51.938 [pool-2-thread-6] DEBUG org.apache.http.wire -- http-outgoing-55 >> "Host: localhost:3000[\r][\n]"
16:18:51.938 [pool-2-thread-6] DEBUG org.apache.http.wire -- http-outgoing-55 >> "Connection: Keep-Alive[\r][\n]"
16:18:51.938 [pool-2-thread-6] DEBUG org.apache.http.wire -- http-outgoing-55 >> "User-Agent: Apache-HttpClient/4.5.14 (Java/17.0.9)[\r][\n]"
16:18:51.938 [pool-2-thread-6] DEBUG org.apache.http.wire -- http-outgoing-55 >> "Accept-Encoding: gzip,deflate[\r][\n]"
16:18:51.938 [pool-2-thread-6] DEBUG org.apache.http.wire -- http-outgoing-55 >> "[\r][\n]"
16:18:51.938 [pool-2-thread-6] DEBUG org.apache.http.wire -- http-outgoing-55 >> "{"email":"testit4@gmail.com","password":"Password123"}"
16:18:51.950 [pool-2-thread-2] DEBUG org.apache.http.wire -- http-outgoing-44 << "HTTP/1.1 200 OK[\r][\n]"
16:18:51.950 [pool-2-thread-2] DEBUG org.apache.http.wire -- http-outgoing-44 << "X-Powered-By: Express[\r][\n]"
16:18:51.950 [pool-2-thread-2] DEBUG org.apache.http.wire -- http-outgoing-44 << "Access-Control-Allow-Origin: *[\r][\n]"
16:18:51.950 [pool-2-thread-2] DEBUG org.apache.http.wire -- http-outgoing-44 << "Content-Type: application/json; charset=utf-8[\r][\n]"
16:18:51.950 [pool-2-thread-2] DEBUG org.apache.http.wire -- http-outgoing-44 << "Content-Length: 715[\r][\n]"
16:18:51.950 [pool-2-thread-2] DEBUG org.apache.http.wire -- http-outgoing-44 << "ETag: W/"2cb-onnArLcWAkMl01aKs6Hi6YMglFs"[\r][\n]"
16:18:51.950 [pool-2-thread-2] DEBUG org.apache.http.wire -- http-outgoing-44 << "Date: Tue, 24 Jun 2025 09:18:51 GMT[\r][\n]"
16:18:51.950 [pool-2-thread-2] DEBUG org.apache.http.wire -- http-outgoing-44 << "Connection: keep-alive[\r][\n]"
16:18:51.950 [pool-2-thread-2] DEBUG org.apache.http.wire -- http-outgoing-44 << "Keep-Alive: timeout=5[\r][\n]"
16:18:51.950 [pool-2-thread-2] DEBUG org.apache.http.wire -- http-outgoing-44 << "[\r][\n]"
16:18:51.950 [pool-2-thread-2] DEBUG org.apache.http.wire -- http-outgoing-44 << "{"access_token":"eyJhbGciOiJIUzI1NiIsInR5cCI6IkpXVCJ9.eyJzdWIiOiIyYjg0YWEyNC02NjhhLTQwZTItYWYxYy1hZDRmYzRmYTVhNmYiLCJ1c2VybmFtZSI6InF1YW5nMSIsInJvbGUiOjAsImlhdCI6MTc1MDc1NjczMSwiZXhwIjoxNzUwNzYwMzMxfQ.2uxTEzaog23dbsAyC2967VgYpmttl-60rtsow46t4Zo","refresh_token":"70263c83598ed1dd1d70308db5bcd0afa08291f8428dd1ad74518562d67b4853","user":{"id":"2b84aa24-668a-40e2-af1c-ad4fc4fa5a6f","email":"quang1@gmail.com","username":"quang1","name":"quang1","phoneNumber":"09874563210","profilePic":"https://res.cloudinary.com/dizcvrefo/image/upload/v1749027586/nestjs_uploads/xehairydt9rzlbmbmv4c.jpg","bio":"Thang Nam Lao Vua Thoi","private":false,"verified":false,"role":0,"followersCount":2,"followingCount":3,"postCount":2}}"
16:18:51.950 [pool-2-thread-2] DEBUG org.apache.http.headers -- http-outgoing-44 << HTTP/1.1 200 OK
16:18:51.950 [pool-2-thread-2] DEBUG org.apache.http.headers -- http-outgoing-44 << X-Powered-By: Express
16:18:51.950 [pool-2-thread-2] DEBUG org.apache.http.headers -- http-outgoing-44 << Access-Control-Allow-Origin: *
16:18:51.950 [pool-2-thread-2] DEBUG org.apache.http.headers -- http-outgoing-44 << Content-Type: application/json; charset=utf-8
16:18:51.950 [pool-2-thread-2] DEBUG org.apache.http.headers -- http-outgoing-44 << Content-Length: 715
16:18:51.950 [pool-2-thread-2] DEBUG org.apache.http.headers -- http-outgoing-44 << ETag: W/"2cb-onnArLcWAkMl01aKs6Hi6YMglFs"
16:18:51.950 [pool-2-thread-2] DEBUG org.apache.http.headers -- http-outgoing-44 << Date: Tue, 24 Jun 2025 09:18:51 GMT
16:18:51.950 [pool-2-thread-2] DEBUG org.apache.http.headers -- http-outgoing-44 << Connection: keep-alive
16:18:51.950 [pool-2-thread-2] DEBUG org.apache.http.headers -- http-outgoing-44 << Keep-Alive: timeout=5
16:18:51.950 [pool-2-thread-2] DEBUG org.apache.http.impl.execchain.MainClientExec -- Connection can be kept alive for 5000 MILLISECONDS
16:18:51.950 [pool-2-thread-2] DEBUG org.apache.http.impl.conn.PoolingHttpClientConnectionManager -- Connection [id: 45][route: {}->http://localhost:3000] can be kept alive for 5.0 seconds
16:18:51.950 [pool-2-thread-2] DEBUG org.apache.http.impl.conn.DefaultManagedHttpClientConnection -- http-outgoing-44: set socket timeout to 0
16:18:51.951 [pool-2-thread-2] DEBUG org.apache.http.impl.conn.PoolingHttpClientConnectionManager -- Connection released: [id: 45][route: {}->http://localhost:3000][total available: 1; route allocated: 1 of 5; total allocated: 1 of 10]
16:18:51.951 [pool-2-thread-2] DEBUG org.apache.http.impl.conn.PoolingHttpClientConnectionManager -- Connection manager is shutting down
16:18:51.951 [pool-2-thread-2] DEBUG org.apache.http.impl.conn.DefaultManagedHttpClientConnection -- http-outgoing-44: Close connection
16:18:51.951 [pool-2-thread-2] DEBUG org.apache.http.impl.conn.PoolingHttpClientConnectionManager -- Connection manager shut down
16:18:51.951 [pool-2-thread-2] DEBUG com.intuit.karate -- response time in milliseconds: 313
5 < 200
5 < X-Powered-By: Express
5 < Access-Control-Allow-Origin: *
5 < Content-Type: application/json; charset=utf-8
5 < Content-Length: 715
5 < ETag: W/"2cb-onnArLcWAkMl01aKs6Hi6YMglFs"
5 < Date: Tue, 24 Jun 2025 09:18:51 GMT
5 < Connection: keep-alive
5 < Keep-Alive: timeout=5
{"access_token":"eyJhbGciOiJIUzI1NiIsInR5cCI6IkpXVCJ9.eyJzdWIiOiIyYjg0YWEyNC02NjhhLTQwZTItYWYxYy1hZDRmYzRmYTVhNmYiLCJ1c2VybmFtZSI6InF1YW5nMSIsInJvbGUiOjAsImlhdCI6MTc1MDc1NjczMSwiZXhwIjoxNzUwNzYwMzMxfQ.2uxTEzaog23dbsAyC2967VgYpmttl-60rtsow46t4Zo","refresh_token":"70263c83598ed1dd1d70308db5bcd0afa08291f8428dd1ad74518562d67b4853","user":{"id":"2b84aa24-668a-40e2-af1c-ad4fc4fa5a6f","email":"quang1@gmail.com","username":"quang1","name":"quang1","phoneNumber":"09874563210","profilePic":"https://res.cloudinary.com/dizcvrefo/image/upload/v1749027586/nestjs_uploads/xehairydt9rzlbmbmv4c.jpg","bio":"Thang Nam Lao Vua Thoi","private":false,"verified":false,"role":0,"followersCount":2,"followingCount":3,"postCount":2}}

16:18:51.954 [pool-2-thread-2] INFO com.intuit.karate -- [print] Call 5 completed, status: 200 
16:18:51.956 [pool-2-thread-2] INFO com.intuit.karate -- [print] *** API CALL 6 *** 
16:18:51.960 [pool-2-thread-2] DEBUG org.apache.http.client.protocol.RequestAddCookies -- CookieSpec selected: karate
16:18:51.960 [pool-2-thread-2] DEBUG org.apache.http.client.protocol.RequestAuthCache -- Auth cache not set in the context
16:18:51.960 [pool-2-thread-2] DEBUG com.intuit.karate -- request:
6 > POST http://localhost:3000/auth/login
6 > Content-Type: application/json; charset=UTF-8
6 > Content-Length: 48
6 > Host: localhost:3000
6 > Connection: Keep-Alive
6 > User-Agent: Apache-HttpClient/4.5.14 (Java/17.0.9)
6 > Accept-Encoding: gzip,deflate
{"email":"quang1@gmail.com","password":"quang1"}

16:18:51.961 [pool-2-thread-2] DEBUG org.apache.http.impl.conn.PoolingHttpClientConnectionManager -- Connection request: [route: {}->http://localhost:3000][total available: 0; route allocated: 0 of 5; total allocated: 0 of 10]
16:18:51.961 [pool-2-thread-2] DEBUG org.apache.http.impl.conn.PoolingHttpClientConnectionManager -- Connection leased: [id: 56][route: {}->http://localhost:3000][total available: 0; route allocated: 1 of 5; total allocated: 1 of 10]
16:18:51.961 [pool-2-thread-2] DEBUG org.apache.http.impl.execchain.MainClientExec -- Opening connection {}->http://localhost:3000
16:18:51.962 [pool-2-thread-2] DEBUG org.apache.http.impl.conn.DefaultHttpClientConnectionOperator -- Connecting to localhost/127.0.0.1:3000
16:18:51.962 [pool-2-thread-2] DEBUG org.apache.http.impl.conn.DefaultHttpClientConnectionOperator -- Connection established 127.0.0.1:51329<->127.0.0.1:3000
16:18:51.962 [pool-2-thread-2] DEBUG org.apache.http.impl.conn.DefaultManagedHttpClientConnection -- http-outgoing-56: set socket timeout to 30000
16:18:51.962 [pool-2-thread-2] DEBUG org.apache.http.impl.execchain.MainClientExec -- Executing request POST /auth/login HTTP/1.1
16:18:51.962 [pool-2-thread-2] DEBUG org.apache.http.impl.execchain.MainClientExec -- Target auth state: UNCHALLENGED
16:18:51.962 [pool-2-thread-2] DEBUG org.apache.http.impl.execchain.MainClientExec -- Proxy auth state: UNCHALLENGED
16:18:51.963 [pool-2-thread-2] DEBUG org.apache.http.headers -- http-outgoing-56 >> POST /auth/login HTTP/1.1
16:18:51.963 [pool-2-thread-2] DEBUG org.apache.http.headers -- http-outgoing-56 >> Content-Type: application/json; charset=UTF-8
16:18:51.963 [pool-2-thread-2] DEBUG org.apache.http.headers -- http-outgoing-56 >> Content-Length: 48
16:18:51.963 [pool-2-thread-2] DEBUG org.apache.http.headers -- http-outgoing-56 >> Host: localhost:3000
16:18:51.963 [pool-2-thread-2] DEBUG org.apache.http.headers -- http-outgoing-56 >> Connection: Keep-Alive
16:18:51.963 [pool-2-thread-2] DEBUG org.apache.http.headers -- http-outgoing-56 >> User-Agent: Apache-HttpClient/4.5.14 (Java/17.0.9)
16:18:51.963 [pool-2-thread-2] DEBUG org.apache.http.headers -- http-outgoing-56 >> Accept-Encoding: gzip,deflate
16:18:51.963 [pool-2-thread-2] DEBUG org.apache.http.wire -- http-outgoing-56 >> "POST /auth/login HTTP/1.1[\r][\n]"
16:18:51.963 [pool-2-thread-2] DEBUG org.apache.http.wire -- http-outgoing-56 >> "Content-Type: application/json; charset=UTF-8[\r][\n]"
16:18:51.963 [pool-2-thread-2] DEBUG org.apache.http.wire -- http-outgoing-56 >> "Content-Length: 48[\r][\n]"
16:18:51.963 [pool-2-thread-2] DEBUG org.apache.http.wire -- http-outgoing-56 >> "Host: localhost:3000[\r][\n]"
16:18:51.963 [pool-2-thread-2] DEBUG org.apache.http.wire -- http-outgoing-56 >> "Connection: Keep-Alive[\r][\n]"
16:18:51.963 [pool-2-thread-2] DEBUG org.apache.http.wire -- http-outgoing-56 >> "User-Agent: Apache-HttpClient/4.5.14 (Java/17.0.9)[\r][\n]"
16:18:51.963 [pool-2-thread-2] DEBUG org.apache.http.wire -- http-outgoing-56 >> "Accept-Encoding: gzip,deflate[\r][\n]"
16:18:51.963 [pool-2-thread-2] DEBUG org.apache.http.wire -- http-outgoing-56 >> "[\r][\n]"
16:18:51.963 [pool-2-thread-2] DEBUG org.apache.http.wire -- http-outgoing-56 >> "{"email":"quang1@gmail.com","password":"quang1"}"
16:18:51.979 [pool-2-thread-9] DEBUG org.apache.http.wire -- http-outgoing-47 << "HTTP/1.1 200 OK[\r][\n]"
16:18:51.979 [pool-2-thread-9] DEBUG org.apache.http.wire -- http-outgoing-47 << "X-Powered-By: Express[\r][\n]"
16:18:51.979 [pool-2-thread-9] DEBUG org.apache.http.wire -- http-outgoing-47 << "Access-Control-Allow-Origin: *[\r][\n]"
16:18:51.979 [pool-2-thread-9] DEBUG org.apache.http.wire -- http-outgoing-47 << "Content-Type: application/json; charset=utf-8[\r][\n]"
16:18:51.979 [pool-2-thread-9] DEBUG org.apache.http.wire -- http-outgoing-47 << "Content-Length: 604[\r][\n]"
16:18:51.979 [pool-2-thread-9] DEBUG org.apache.http.wire -- http-outgoing-47 << "ETag: W/"25c-qCLQLEXBcDXcRmQaoYxarezcbDA"[\r][\n]"
16:18:51.979 [pool-2-thread-9] DEBUG org.apache.http.wire -- http-outgoing-47 << "Date: Tue, 24 Jun 2025 09:18:51 GMT[\r][\n]"
16:18:51.979 [pool-2-thread-9] DEBUG org.apache.http.wire -- http-outgoing-47 << "Connection: keep-alive[\r][\n]"
16:18:51.979 [pool-2-thread-9] DEBUG org.apache.http.wire -- http-outgoing-47 << "Keep-Alive: timeout=5[\r][\n]"
16:18:51.979 [pool-2-thread-9] DEBUG org.apache.http.wire -- http-outgoing-47 << "[\r][\n]"
16:18:51.979 [pool-2-thread-9] DEBUG org.apache.http.wire -- http-outgoing-47 << "{"access_token":"eyJhbGciOiJIUzI1NiIsInR5cCI6IkpXVCJ9.eyJzdWIiOiJkZjZmMDkxOS1hMjNkLTQ0YzktYTkyNS00ZWE4YmU1MjVkMTAiLCJ1c2VybmFtZSI6ImpvaG5kb2UyMyIsInJvbGUiOjAsImlhdCI6MTc1MDc1NjczMSwiZXhwIjoxNzUwNzYwMzMxfQ.nNxa3kpvaoxUuMRbpl3vP6tchSR2YWQRiHg0ogNCEHI","refresh_token":"efc9d960c7a4571de8aa26d609fa194617049ef0c16cc8108422b92e1e60955a","user":{"id":"df6f0919-a23d-44c9-a925-4ea8be525d10","email":"testit@gmail.com","username":"johndoe23","name":"John Doe","phoneNumber":"0123456788","profilePic":null,"bio":null,"private":false,"verified":false,"role":0,"followersCount":0,"followingCount":0,"postCount":0}}"
16:18:51.979 [pool-2-thread-9] DEBUG org.apache.http.headers -- http-outgoing-47 << HTTP/1.1 200 OK
16:18:51.979 [pool-2-thread-9] DEBUG org.apache.http.headers -- http-outgoing-47 << X-Powered-By: Express
16:18:51.979 [pool-2-thread-9] DEBUG org.apache.http.headers -- http-outgoing-47 << Access-Control-Allow-Origin: *
16:18:51.979 [pool-2-thread-9] DEBUG org.apache.http.headers -- http-outgoing-47 << Content-Type: application/json; charset=utf-8
16:18:51.979 [pool-2-thread-9] DEBUG org.apache.http.headers -- http-outgoing-47 << Content-Length: 604
16:18:51.979 [pool-2-thread-9] DEBUG org.apache.http.headers -- http-outgoing-47 << ETag: W/"25c-qCLQLEXBcDXcRmQaoYxarezcbDA"
16:18:51.979 [pool-2-thread-9] DEBUG org.apache.http.headers -- http-outgoing-47 << Date: Tue, 24 Jun 2025 09:18:51 GMT
16:18:51.979 [pool-2-thread-9] DEBUG org.apache.http.headers -- http-outgoing-47 << Connection: keep-alive
16:18:51.979 [pool-2-thread-9] DEBUG org.apache.http.headers -- http-outgoing-47 << Keep-Alive: timeout=5
16:18:51.979 [pool-2-thread-9] DEBUG org.apache.http.impl.execchain.MainClientExec -- Connection can be kept alive for 5000 MILLISECONDS
16:18:51.979 [pool-2-thread-9] DEBUG org.apache.http.impl.conn.PoolingHttpClientConnectionManager -- Connection [id: 47][route: {}->http://localhost:3000] can be kept alive for 5.0 seconds
16:18:51.979 [pool-2-thread-9] DEBUG org.apache.http.impl.conn.DefaultManagedHttpClientConnection -- http-outgoing-47: set socket timeout to 0
16:18:51.979 [pool-2-thread-9] DEBUG org.apache.http.impl.conn.PoolingHttpClientConnectionManager -- Connection released: [id: 47][route: {}->http://localhost:3000][total available: 1; route allocated: 1 of 5; total allocated: 1 of 10]
16:18:51.979 [pool-2-thread-9] DEBUG org.apache.http.impl.conn.PoolingHttpClientConnectionManager -- Connection manager is shutting down
16:18:51.979 [pool-2-thread-9] DEBUG org.apache.http.impl.conn.DefaultManagedHttpClientConnection -- http-outgoing-47: Close connection
16:18:51.980 [pool-2-thread-9] DEBUG org.apache.http.impl.conn.PoolingHttpClientConnectionManager -- Connection manager shut down
16:18:51.980 [pool-2-thread-9] DEBUG com.intuit.karate -- response time in milliseconds: 338
5 < 200
5 < X-Powered-By: Express
5 < Access-Control-Allow-Origin: *
5 < Content-Type: application/json; charset=utf-8
5 < Content-Length: 604
5 < ETag: W/"25c-qCLQLEXBcDXcRmQaoYxarezcbDA"
5 < Date: Tue, 24 Jun 2025 09:18:51 GMT
5 < Connection: keep-alive
5 < Keep-Alive: timeout=5
{"access_token":"eyJhbGciOiJIUzI1NiIsInR5cCI6IkpXVCJ9.eyJzdWIiOiJkZjZmMDkxOS1hMjNkLTQ0YzktYTkyNS00ZWE4YmU1MjVkMTAiLCJ1c2VybmFtZSI6ImpvaG5kb2UyMyIsInJvbGUiOjAsImlhdCI6MTc1MDc1NjczMSwiZXhwIjoxNzUwNzYwMzMxfQ.nNxa3kpvaoxUuMRbpl3vP6tchSR2YWQRiHg0ogNCEHI","refresh_token":"efc9d960c7a4571de8aa26d609fa194617049ef0c16cc8108422b92e1e60955a","user":{"id":"df6f0919-a23d-44c9-a925-4ea8be525d10","email":"testit@gmail.com","username":"johndoe23","name":"John Doe","phoneNumber":"0123456788","profilePic":null,"bio":null,"private":false,"verified":false,"role":0,"followersCount":0,"followingCount":0,"postCount":0}}

16:18:51.982 [pool-2-thread-9] INFO com.intuit.karate -- [print] Call 5 completed, status: 200 
16:18:51.983 [pool-2-thread-9] INFO com.intuit.karate -- [print] *** API CALL 6 *** 
16:18:51.986 [pool-2-thread-9] DEBUG org.apache.http.client.protocol.RequestAddCookies -- CookieSpec selected: karate
16:18:51.986 [pool-2-thread-9] DEBUG org.apache.http.client.protocol.RequestAuthCache -- Auth cache not set in the context
16:18:51.987 [pool-2-thread-9] DEBUG com.intuit.karate -- request:
6 > POST http://localhost:3000/auth/login
6 > Content-Type: application/json; charset=UTF-8
6 > Content-Length: 53
6 > Host: localhost:3000
6 > Connection: Keep-Alive
6 > User-Agent: Apache-HttpClient/4.5.14 (Java/17.0.9)
6 > Accept-Encoding: gzip,deflate
{"email":"testit@gmail.com","password":"Password123"}

16:18:51.987 [pool-2-thread-9] DEBUG org.apache.http.impl.conn.PoolingHttpClientConnectionManager -- Connection request: [route: {}->http://localhost:3000][total available: 0; route allocated: 0 of 5; total allocated: 0 of 10]
16:18:51.987 [pool-2-thread-9] DEBUG org.apache.http.impl.conn.PoolingHttpClientConnectionManager -- Connection leased: [id: 57][route: {}->http://localhost:3000][total available: 0; route allocated: 1 of 5; total allocated: 1 of 10]
16:18:51.987 [pool-2-thread-9] DEBUG org.apache.http.impl.execchain.MainClientExec -- Opening connection {}->http://localhost:3000
16:18:51.987 [pool-2-thread-9] DEBUG org.apache.http.impl.conn.DefaultHttpClientConnectionOperator -- Connecting to localhost/127.0.0.1:3000
16:18:51.988 [pool-2-thread-9] DEBUG org.apache.http.impl.conn.DefaultHttpClientConnectionOperator -- Connection established 127.0.0.1:51330<->127.0.0.1:3000
16:18:51.988 [pool-2-thread-9] DEBUG org.apache.http.impl.conn.DefaultManagedHttpClientConnection -- http-outgoing-57: set socket timeout to 30000
16:18:51.988 [pool-2-thread-9] DEBUG org.apache.http.impl.execchain.MainClientExec -- Executing request POST /auth/login HTTP/1.1
16:18:51.988 [pool-2-thread-9] DEBUG org.apache.http.impl.execchain.MainClientExec -- Target auth state: UNCHALLENGED
16:18:51.988 [pool-2-thread-9] DEBUG org.apache.http.impl.execchain.MainClientExec -- Proxy auth state: UNCHALLENGED
16:18:51.988 [pool-2-thread-9] DEBUG org.apache.http.headers -- http-outgoing-57 >> POST /auth/login HTTP/1.1
16:18:51.988 [pool-2-thread-9] DEBUG org.apache.http.headers -- http-outgoing-57 >> Content-Type: application/json; charset=UTF-8
16:18:51.988 [pool-2-thread-9] DEBUG org.apache.http.headers -- http-outgoing-57 >> Content-Length: 53
16:18:51.988 [pool-2-thread-9] DEBUG org.apache.http.headers -- http-outgoing-57 >> Host: localhost:3000
16:18:51.988 [pool-2-thread-9] DEBUG org.apache.http.headers -- http-outgoing-57 >> Connection: Keep-Alive
16:18:51.988 [pool-2-thread-9] DEBUG org.apache.http.headers -- http-outgoing-57 >> User-Agent: Apache-HttpClient/4.5.14 (Java/17.0.9)
16:18:51.988 [pool-2-thread-9] DEBUG org.apache.http.headers -- http-outgoing-57 >> Accept-Encoding: gzip,deflate
16:18:51.988 [pool-2-thread-9] DEBUG org.apache.http.wire -- http-outgoing-57 >> "POST /auth/login HTTP/1.1[\r][\n]"
16:18:51.988 [pool-2-thread-9] DEBUG org.apache.http.wire -- http-outgoing-57 >> "Content-Type: application/json; charset=UTF-8[\r][\n]"
16:18:51.988 [pool-2-thread-9] DEBUG org.apache.http.wire -- http-outgoing-57 >> "Content-Length: 53[\r][\n]"
16:18:51.988 [pool-2-thread-9] DEBUG org.apache.http.wire -- http-outgoing-57 >> "Host: localhost:3000[\r][\n]"
16:18:51.988 [pool-2-thread-9] DEBUG org.apache.http.wire -- http-outgoing-57 >> "Connection: Keep-Alive[\r][\n]"
16:18:51.988 [pool-2-thread-9] DEBUG org.apache.http.wire -- http-outgoing-57 >> "User-Agent: Apache-HttpClient/4.5.14 (Java/17.0.9)[\r][\n]"
16:18:51.988 [pool-2-thread-9] DEBUG org.apache.http.wire -- http-outgoing-57 >> "Accept-Encoding: gzip,deflate[\r][\n]"
16:18:51.988 [pool-2-thread-9] DEBUG org.apache.http.wire -- http-outgoing-57 >> "[\r][\n]"
16:18:51.988 [pool-2-thread-9] DEBUG org.apache.http.wire -- http-outgoing-57 >> "{"email":"testit@gmail.com","password":"Password123"}"
16:18:51.992 [pool-2-thread-7] DEBUG org.apache.http.wire -- http-outgoing-48 << "HTTP/1.1 200 OK[\r][\n]"
16:18:51.993 [pool-2-thread-7] DEBUG org.apache.http.wire -- http-outgoing-48 << "X-Powered-By: Express[\r][\n]"
16:18:51.993 [pool-2-thread-7] DEBUG org.apache.http.wire -- http-outgoing-48 << "Access-Control-Allow-Origin: *[\r][\n]"
16:18:51.993 [pool-2-thread-7] DEBUG org.apache.http.wire -- http-outgoing-48 << "Content-Type: application/json; charset=utf-8[\r][\n]"
16:18:51.993 [pool-2-thread-7] DEBUG org.apache.http.wire -- http-outgoing-48 << "Content-Length: 605[\r][\n]"
16:18:51.993 [pool-2-thread-7] DEBUG org.apache.http.wire -- http-outgoing-48 << "ETag: W/"25d-V29YR5vhGouE4ZEKxcPVCdigGO8"[\r][\n]"
16:18:51.993 [pool-2-thread-7] DEBUG org.apache.http.wire -- http-outgoing-48 << "Date: Tue, 24 Jun 2025 09:18:51 GMT[\r][\n]"
16:18:51.993 [pool-2-thread-7] DEBUG org.apache.http.wire -- http-outgoing-48 << "Connection: keep-alive[\r][\n]"
16:18:51.993 [pool-2-thread-7] DEBUG org.apache.http.wire -- http-outgoing-48 << "Keep-Alive: timeout=5[\r][\n]"
16:18:51.993 [pool-2-thread-7] DEBUG org.apache.http.wire -- http-outgoing-48 << "[\r][\n]"
16:18:51.993 [pool-2-thread-7] DEBUG org.apache.http.wire -- http-outgoing-48 << "{"access_token":"eyJhbGciOiJIUzI1NiIsInR5cCI6IkpXVCJ9.eyJzdWIiOiI2NTBjZTFlZC1hYWNhLTQzOGYtOTk4OC0xZjA1OGFiNWFhMWEiLCJ1c2VybmFtZSI6ImpvaG5kb2UyNSIsInJvbGUiOjAsImlhdCI6MTc1MDc1NjczMSwiZXhwIjoxNzUwNzYwMzMxfQ.mJXNh2OyYgebTmq_JvtnDA8f-QksDkdJ14iZaZ2m4Uk","refresh_token":"c373cc1212d595e3c81e0a5f9aba6289ac7a4f65ac068f7e1459c3ff27098832","user":{"id":"650ce1ed-aaca-438f-9988-1f058ab5aa1a","email":"testit3@gmail.com","username":"johndoe25","name":"John Doe","phoneNumber":"0123456713","profilePic":null,"bio":null,"private":false,"verified":false,"role":0,"followersCount":0,"followingCount":0,"postCount":0}}"
16:18:51.993 [pool-2-thread-7] DEBUG org.apache.http.headers -- http-outgoing-48 << HTTP/1.1 200 OK
16:18:51.993 [pool-2-thread-7] DEBUG org.apache.http.headers -- http-outgoing-48 << X-Powered-By: Express
16:18:51.993 [pool-2-thread-7] DEBUG org.apache.http.headers -- http-outgoing-48 << Access-Control-Allow-Origin: *
16:18:51.993 [pool-2-thread-7] DEBUG org.apache.http.headers -- http-outgoing-48 << Content-Type: application/json; charset=utf-8
16:18:51.993 [pool-2-thread-7] DEBUG org.apache.http.headers -- http-outgoing-48 << Content-Length: 605
16:18:51.993 [pool-2-thread-7] DEBUG org.apache.http.headers -- http-outgoing-48 << ETag: W/"25d-V29YR5vhGouE4ZEKxcPVCdigGO8"
16:18:51.993 [pool-2-thread-7] DEBUG org.apache.http.headers -- http-outgoing-48 << Date: Tue, 24 Jun 2025 09:18:51 GMT
16:18:51.993 [pool-2-thread-7] DEBUG org.apache.http.headers -- http-outgoing-48 << Connection: keep-alive
16:18:51.993 [pool-2-thread-7] DEBUG org.apache.http.headers -- http-outgoing-48 << Keep-Alive: timeout=5
16:18:51.993 [pool-2-thread-7] DEBUG org.apache.http.impl.execchain.MainClientExec -- Connection can be kept alive for 5000 MILLISECONDS
16:18:51.993 [pool-2-thread-7] DEBUG org.apache.http.impl.conn.PoolingHttpClientConnectionManager -- Connection [id: 48][route: {}->http://localhost:3000] can be kept alive for 5.0 seconds
16:18:51.993 [pool-2-thread-7] DEBUG org.apache.http.impl.conn.DefaultManagedHttpClientConnection -- http-outgoing-48: set socket timeout to 0
16:18:51.993 [pool-2-thread-7] DEBUG org.apache.http.impl.conn.PoolingHttpClientConnectionManager -- Connection released: [id: 48][route: {}->http://localhost:3000][total available: 1; route allocated: 1 of 5; total allocated: 1 of 10]
16:18:51.993 [pool-2-thread-7] DEBUG org.apache.http.impl.conn.PoolingHttpClientConnectionManager -- Connection manager is shutting down
16:18:51.993 [pool-2-thread-7] DEBUG org.apache.http.impl.conn.DefaultManagedHttpClientConnection -- http-outgoing-48: Close connection
16:18:51.994 [pool-2-thread-7] DEBUG org.apache.http.impl.conn.PoolingHttpClientConnectionManager -- Connection manager shut down
16:18:51.994 [pool-2-thread-7] DEBUG com.intuit.karate -- response time in milliseconds: 288
5 < 200
5 < X-Powered-By: Express
5 < Access-Control-Allow-Origin: *
5 < Content-Type: application/json; charset=utf-8
5 < Content-Length: 605
5 < ETag: W/"25d-V29YR5vhGouE4ZEKxcPVCdigGO8"
5 < Date: Tue, 24 Jun 2025 09:18:51 GMT
5 < Connection: keep-alive
5 < Keep-Alive: timeout=5
{"access_token":"eyJhbGciOiJIUzI1NiIsInR5cCI6IkpXVCJ9.eyJzdWIiOiI2NTBjZTFlZC1hYWNhLTQzOGYtOTk4OC0xZjA1OGFiNWFhMWEiLCJ1c2VybmFtZSI6ImpvaG5kb2UyNSIsInJvbGUiOjAsImlhdCI6MTc1MDc1NjczMSwiZXhwIjoxNzUwNzYwMzMxfQ.mJXNh2OyYgebTmq_JvtnDA8f-QksDkdJ14iZaZ2m4Uk","refresh_token":"c373cc1212d595e3c81e0a5f9aba6289ac7a4f65ac068f7e1459c3ff27098832","user":{"id":"650ce1ed-aaca-438f-9988-1f058ab5aa1a","email":"testit3@gmail.com","username":"johndoe25","name":"John Doe","phoneNumber":"0123456713","profilePic":null,"bio":null,"private":false,"verified":false,"role":0,"followersCount":0,"followingCount":0,"postCount":0}}

16:18:52.000 [pool-2-thread-7] INFO com.intuit.karate -- [print] Call 5 completed, status: 200 
16:18:52.003 [pool-2-thread-7] INFO com.intuit.karate -- [print] *** API CALL 6 *** 
16:18:52.005 [pool-2-thread-7] DEBUG org.apache.http.client.protocol.RequestAddCookies -- CookieSpec selected: karate
16:18:52.006 [pool-2-thread-7] DEBUG org.apache.http.client.protocol.RequestAuthCache -- Auth cache not set in the context
16:18:52.006 [pool-2-thread-7] DEBUG com.intuit.karate -- request:
6 > POST http://localhost:3000/auth/login
6 > Content-Type: application/json; charset=UTF-8
6 > Content-Length: 54
6 > Host: localhost:3000
6 > Connection: Keep-Alive
6 > User-Agent: Apache-HttpClient/4.5.14 (Java/17.0.9)
6 > Accept-Encoding: gzip,deflate
{"email":"testit3@gmail.com","password":"Password123"}

16:18:52.006 [pool-2-thread-7] DEBUG org.apache.http.impl.conn.PoolingHttpClientConnectionManager -- Connection request: [route: {}->http://localhost:3000][total available: 0; route allocated: 0 of 5; total allocated: 0 of 10]
16:18:52.006 [pool-2-thread-7] DEBUG org.apache.http.impl.conn.PoolingHttpClientConnectionManager -- Connection leased: [id: 58][route: {}->http://localhost:3000][total available: 0; route allocated: 1 of 5; total allocated: 1 of 10]
16:18:52.006 [pool-2-thread-7] DEBUG org.apache.http.impl.execchain.MainClientExec -- Opening connection {}->http://localhost:3000
16:18:52.006 [pool-2-thread-7] DEBUG org.apache.http.impl.conn.DefaultHttpClientConnectionOperator -- Connecting to localhost/127.0.0.1:3000
16:18:52.007 [pool-2-thread-7] DEBUG org.apache.http.impl.conn.DefaultHttpClientConnectionOperator -- Connection established 127.0.0.1:51331<->127.0.0.1:3000
16:18:52.007 [pool-2-thread-7] DEBUG org.apache.http.impl.conn.DefaultManagedHttpClientConnection -- http-outgoing-58: set socket timeout to 30000
16:18:52.007 [pool-2-thread-7] DEBUG org.apache.http.impl.execchain.MainClientExec -- Executing request POST /auth/login HTTP/1.1
16:18:52.007 [pool-2-thread-7] DEBUG org.apache.http.impl.execchain.MainClientExec -- Target auth state: UNCHALLENGED
16:18:52.007 [pool-2-thread-7] DEBUG org.apache.http.impl.execchain.MainClientExec -- Proxy auth state: UNCHALLENGED
16:18:52.008 [pool-2-thread-7] DEBUG org.apache.http.headers -- http-outgoing-58 >> POST /auth/login HTTP/1.1
16:18:52.008 [pool-2-thread-7] DEBUG org.apache.http.headers -- http-outgoing-58 >> Content-Type: application/json; charset=UTF-8
16:18:52.008 [pool-2-thread-7] DEBUG org.apache.http.headers -- http-outgoing-58 >> Content-Length: 54
16:18:52.008 [pool-2-thread-7] DEBUG org.apache.http.headers -- http-outgoing-58 >> Host: localhost:3000
16:18:52.008 [pool-2-thread-7] DEBUG org.apache.http.headers -- http-outgoing-58 >> Connection: Keep-Alive
16:18:52.008 [pool-2-thread-7] DEBUG org.apache.http.headers -- http-outgoing-58 >> User-Agent: Apache-HttpClient/4.5.14 (Java/17.0.9)
16:18:52.008 [pool-2-thread-7] DEBUG org.apache.http.headers -- http-outgoing-58 >> Accept-Encoding: gzip,deflate
16:18:52.008 [pool-2-thread-7] DEBUG org.apache.http.wire -- http-outgoing-58 >> "POST /auth/login HTTP/1.1[\r][\n]"
16:18:52.008 [pool-2-thread-7] DEBUG org.apache.http.wire -- http-outgoing-58 >> "Content-Type: application/json; charset=UTF-8[\r][\n]"
16:18:52.008 [pool-2-thread-7] DEBUG org.apache.http.wire -- http-outgoing-58 >> "Content-Length: 54[\r][\n]"
16:18:52.008 [pool-2-thread-7] DEBUG org.apache.http.wire -- http-outgoing-58 >> "Host: localhost:3000[\r][\n]"
16:18:52.008 [pool-2-thread-7] DEBUG org.apache.http.wire -- http-outgoing-58 >> "Connection: Keep-Alive[\r][\n]"
16:18:52.008 [pool-2-thread-7] DEBUG org.apache.http.wire -- http-outgoing-58 >> "User-Agent: Apache-HttpClient/4.5.14 (Java/17.0.9)[\r][\n]"
16:18:52.008 [pool-2-thread-7] DEBUG org.apache.http.wire -- http-outgoing-58 >> "Accept-Encoding: gzip,deflate[\r][\n]"
16:18:52.008 [pool-2-thread-7] DEBUG org.apache.http.wire -- http-outgoing-58 >> "[\r][\n]"
16:18:52.008 [pool-2-thread-7] DEBUG org.apache.http.wire -- http-outgoing-58 >> "{"email":"testit3@gmail.com","password":"Password123"}"
16:18:52.639 [pool-2-thread-8] DEBUG org.apache.http.wire -- http-outgoing-49 << "HTTP/1.1 200 OK[\r][\n]"
16:18:52.639 [pool-2-thread-8] DEBUG org.apache.http.wire -- http-outgoing-49 << "X-Powered-By: Express[\r][\n]"
16:18:52.639 [pool-2-thread-8] DEBUG org.apache.http.wire -- http-outgoing-49 << "Access-Control-Allow-Origin: *[\r][\n]"
16:18:52.639 [pool-2-thread-8] DEBUG org.apache.http.wire -- http-outgoing-49 << "Content-Type: application/json; charset=utf-8[\r][\n]"
16:18:52.639 [pool-2-thread-8] DEBUG org.apache.http.wire -- http-outgoing-49 << "Content-Length: 609[\r][\n]"
16:18:52.639 [pool-2-thread-8] DEBUG org.apache.http.wire -- http-outgoing-49 << "ETag: W/"261-vvBEdsLA8WvPcWgiez5Ucm/kJF4"[\r][\n]"
16:18:52.639 [pool-2-thread-8] DEBUG org.apache.http.wire -- http-outgoing-49 << "Date: Tue, 24 Jun 2025 09:18:52 GMT[\r][\n]"
16:18:52.639 [pool-2-thread-8] DEBUG org.apache.http.wire -- http-outgoing-49 << "Connection: keep-alive[\r][\n]"
16:18:52.639 [pool-2-thread-8] DEBUG org.apache.http.wire -- http-outgoing-49 << "Keep-Alive: timeout=5[\r][\n]"
16:18:52.639 [pool-2-thread-8] DEBUG org.apache.http.wire -- http-outgoing-49 << "[\r][\n]"
16:18:52.639 [pool-2-thread-8] DEBUG org.apache.http.wire -- http-outgoing-49 << "{"access_token":"eyJhbGciOiJIUzI1NiIsInR5cCI6IkpXVCJ9.eyJzdWIiOiIyNzJmNmI1NS01MTc5LTRhZTMtODU2My1iNGVjMTBmNzY3MTUiLCJ1c2VybmFtZSI6ImpvaG5kb2UyZDVkIiwicm9sZSI6MCwiaWF0IjoxNzUwNzU2NzMxLCJleHAiOjE3NTA3NjAzMzF9.XLBdczB3yT6yKj3c1rshuMtnNxvnU40QmtsbDax3hQs","refresh_token":"88c41e54a52a4f3cc1f8408c51e247b0bdd9b66aae5dd3edabd4ea3cf79b742e","user":{"id":"272f6b55-5179-4ae3-8563-b4ec10f76715","email":"testit5@gmail.com","username":"johndoe2d5d","name":"John Doe","phoneNumber":"0123456132","profilePic":null,"bio":null,"private":false,"verified":false,"role":0,"followersCount":0,"followingCount":0,"postCount":0}}"
16:18:52.639 [pool-2-thread-8] DEBUG org.apache.http.headers -- http-outgoing-49 << HTTP/1.1 200 OK
16:18:52.639 [pool-2-thread-8] DEBUG org.apache.http.headers -- http-outgoing-49 << X-Powered-By: Express
16:18:52.639 [pool-2-thread-8] DEBUG org.apache.http.headers -- http-outgoing-49 << Access-Control-Allow-Origin: *
16:18:52.639 [pool-2-thread-8] DEBUG org.apache.http.headers -- http-outgoing-49 << Content-Type: application/json; charset=utf-8
16:18:52.639 [pool-2-thread-8] DEBUG org.apache.http.headers -- http-outgoing-49 << Content-Length: 609
16:18:52.639 [pool-2-thread-8] DEBUG org.apache.http.headers -- http-outgoing-49 << ETag: W/"261-vvBEdsLA8WvPcWgiez5Ucm/kJF4"
16:18:52.639 [pool-2-thread-8] DEBUG org.apache.http.headers -- http-outgoing-49 << Date: Tue, 24 Jun 2025 09:18:52 GMT
16:18:52.639 [pool-2-thread-8] DEBUG org.apache.http.headers -- http-outgoing-49 << Connection: keep-alive
16:18:52.639 [pool-2-thread-8] DEBUG org.apache.http.headers -- http-outgoing-49 << Keep-Alive: timeout=5
16:18:52.639 [pool-2-thread-8] DEBUG org.apache.http.impl.execchain.MainClientExec -- Connection can be kept alive for 5000 MILLISECONDS
16:18:52.639 [pool-2-thread-8] DEBUG org.apache.http.impl.conn.PoolingHttpClientConnectionManager -- Connection [id: 49][route: {}->http://localhost:3000] can be kept alive for 5.0 seconds
16:18:52.639 [pool-2-thread-8] DEBUG org.apache.http.impl.conn.DefaultManagedHttpClientConnection -- http-outgoing-49: set socket timeout to 0
16:18:52.639 [pool-2-thread-8] DEBUG org.apache.http.impl.conn.PoolingHttpClientConnectionManager -- Connection released: [id: 49][route: {}->http://localhost:3000][total available: 1; route allocated: 1 of 5; total allocated: 1 of 10]
16:18:52.639 [pool-2-thread-8] DEBUG org.apache.http.impl.conn.PoolingHttpClientConnectionManager -- Connection manager is shutting down
16:18:52.639 [pool-2-thread-8] DEBUG org.apache.http.impl.conn.DefaultManagedHttpClientConnection -- http-outgoing-49: Close connection
16:18:52.639 [pool-2-thread-8] DEBUG org.apache.http.impl.conn.PoolingHttpClientConnectionManager -- Connection manager shut down
16:18:52.640 [pool-2-thread-8] DEBUG com.intuit.karate -- response time in milliseconds: 905
5 < 200
5 < X-Powered-By: Express
5 < Access-Control-Allow-Origin: *
5 < Content-Type: application/json; charset=utf-8
5 < Content-Length: 609
5 < ETag: W/"261-vvBEdsLA8WvPcWgiez5Ucm/kJF4"
5 < Date: Tue, 24 Jun 2025 09:18:52 GMT
5 < Connection: keep-alive
5 < Keep-Alive: timeout=5
{"access_token":"eyJhbGciOiJIUzI1NiIsInR5cCI6IkpXVCJ9.eyJzdWIiOiIyNzJmNmI1NS01MTc5LTRhZTMtODU2My1iNGVjMTBmNzY3MTUiLCJ1c2VybmFtZSI6ImpvaG5kb2UyZDVkIiwicm9sZSI6MCwiaWF0IjoxNzUwNzU2NzMxLCJleHAiOjE3NTA3NjAzMzF9.XLBdczB3yT6yKj3c1rshuMtnNxvnU40QmtsbDax3hQs","refresh_token":"88c41e54a52a4f3cc1f8408c51e247b0bdd9b66aae5dd3edabd4ea3cf79b742e","user":{"id":"272f6b55-5179-4ae3-8563-b4ec10f76715","email":"testit5@gmail.com","username":"johndoe2d5d","name":"John Doe","phoneNumber":"0123456132","profilePic":null,"bio":null,"private":false,"verified":false,"role":0,"followersCount":0,"followingCount":0,"postCount":0}}

16:18:52.641 [pool-2-thread-8] INFO com.intuit.karate -- [print] Call 5 completed, status: 200 
16:18:52.643 [pool-2-thread-8] INFO com.intuit.karate -- [print] *** API CALL 6 *** 
16:18:52.644 [pool-2-thread-8] DEBUG org.apache.http.client.protocol.RequestAddCookies -- CookieSpec selected: karate
16:18:52.644 [pool-2-thread-8] DEBUG org.apache.http.client.protocol.RequestAuthCache -- Auth cache not set in the context
16:18:52.644 [pool-2-thread-8] DEBUG com.intuit.karate -- request:
6 > POST http://localhost:3000/auth/login
6 > Content-Type: application/json; charset=UTF-8
6 > Content-Length: 54
6 > Host: localhost:3000
6 > Connection: Keep-Alive
6 > User-Agent: Apache-HttpClient/4.5.14 (Java/17.0.9)
6 > Accept-Encoding: gzip,deflate
{"email":"testit5@gmail.com","password":"Password123"}

16:18:52.645 [pool-2-thread-8] DEBUG org.apache.http.impl.conn.PoolingHttpClientConnectionManager -- Connection request: [route: {}->http://localhost:3000][total available: 0; route allocated: 0 of 5; total allocated: 0 of 10]
16:18:52.645 [pool-2-thread-8] DEBUG org.apache.http.impl.conn.PoolingHttpClientConnectionManager -- Connection leased: [id: 59][route: {}->http://localhost:3000][total available: 0; route allocated: 1 of 5; total allocated: 1 of 10]
16:18:52.645 [pool-2-thread-8] DEBUG org.apache.http.impl.execchain.MainClientExec -- Opening connection {}->http://localhost:3000
16:18:52.645 [pool-2-thread-8] DEBUG org.apache.http.impl.conn.DefaultHttpClientConnectionOperator -- Connecting to localhost/127.0.0.1:3000
16:18:52.645 [pool-2-thread-8] DEBUG org.apache.http.impl.conn.DefaultHttpClientConnectionOperator -- Connection established 127.0.0.1:51333<->127.0.0.1:3000
16:18:52.645 [pool-2-thread-8] DEBUG org.apache.http.impl.conn.DefaultManagedHttpClientConnection -- http-outgoing-59: set socket timeout to 30000
16:18:52.645 [pool-2-thread-8] DEBUG org.apache.http.impl.execchain.MainClientExec -- Executing request POST /auth/login HTTP/1.1
16:18:52.645 [pool-2-thread-8] DEBUG org.apache.http.impl.execchain.MainClientExec -- Target auth state: UNCHALLENGED
16:18:52.645 [pool-2-thread-8] DEBUG org.apache.http.impl.execchain.MainClientExec -- Proxy auth state: UNCHALLENGED
16:18:52.646 [pool-2-thread-8] DEBUG org.apache.http.headers -- http-outgoing-59 >> POST /auth/login HTTP/1.1
16:18:52.646 [pool-2-thread-8] DEBUG org.apache.http.headers -- http-outgoing-59 >> Content-Type: application/json; charset=UTF-8
16:18:52.646 [pool-2-thread-8] DEBUG org.apache.http.headers -- http-outgoing-59 >> Content-Length: 54
16:18:52.646 [pool-2-thread-8] DEBUG org.apache.http.headers -- http-outgoing-59 >> Host: localhost:3000
16:18:52.646 [pool-2-thread-8] DEBUG org.apache.http.headers -- http-outgoing-59 >> Connection: Keep-Alive
16:18:52.646 [pool-2-thread-8] DEBUG org.apache.http.headers -- http-outgoing-59 >> User-Agent: Apache-HttpClient/4.5.14 (Java/17.0.9)
16:18:52.646 [pool-2-thread-8] DEBUG org.apache.http.headers -- http-outgoing-59 >> Accept-Encoding: gzip,deflate
16:18:52.646 [pool-2-thread-8] DEBUG org.apache.http.wire -- http-outgoing-59 >> "POST /auth/login HTTP/1.1[\r][\n]"
16:18:52.646 [pool-2-thread-8] DEBUG org.apache.http.wire -- http-outgoing-59 >> "Content-Type: application/json; charset=UTF-8[\r][\n]"
16:18:52.646 [pool-2-thread-8] DEBUG org.apache.http.wire -- http-outgoing-59 >> "Content-Length: 54[\r][\n]"
16:18:52.646 [pool-2-thread-8] DEBUG org.apache.http.wire -- http-outgoing-59 >> "Host: localhost:3000[\r][\n]"
16:18:52.646 [pool-2-thread-8] DEBUG org.apache.http.wire -- http-outgoing-59 >> "Connection: Keep-Alive[\r][\n]"
16:18:52.646 [pool-2-thread-8] DEBUG org.apache.http.wire -- http-outgoing-59 >> "User-Agent: Apache-HttpClient/4.5.14 (Java/17.0.9)[\r][\n]"
16:18:52.646 [pool-2-thread-8] DEBUG org.apache.http.wire -- http-outgoing-59 >> "Accept-Encoding: gzip,deflate[\r][\n]"
16:18:52.646 [pool-2-thread-8] DEBUG org.apache.http.wire -- http-outgoing-59 >> "[\r][\n]"
16:18:52.646 [pool-2-thread-8] DEBUG org.apache.http.wire -- http-outgoing-59 >> "{"email":"testit5@gmail.com","password":"Password123"}"
16:18:52.697 [pool-2-thread-10] DEBUG org.apache.http.wire -- http-outgoing-51 << "HTTP/1.1 200 OK[\r][\n]"
16:18:52.698 [pool-2-thread-10] DEBUG org.apache.http.wire -- http-outgoing-51 << "X-Powered-By: Express[\r][\n]"
16:18:52.698 [pool-2-thread-10] DEBUG org.apache.http.wire -- http-outgoing-51 << "Access-Control-Allow-Origin: *[\r][\n]"
16:18:52.698 [pool-2-thread-10] DEBUG org.apache.http.wire -- http-outgoing-51 << "Content-Type: application/json; charset=utf-8[\r][\n]"
16:18:52.698 [pool-2-thread-10] DEBUG org.apache.http.wire -- http-outgoing-51 << "Content-Length: 605[\r][\n]"
16:18:52.698 [pool-2-thread-10] DEBUG org.apache.http.wire -- http-outgoing-51 << "ETag: W/"25d-5ByhgKQUB1gCSJ7J1yp0/l1RpSk"[\r][\n]"
16:18:52.698 [pool-2-thread-10] DEBUG org.apache.http.wire -- http-outgoing-51 << "Date: Tue, 24 Jun 2025 09:18:52 GMT[\r][\n]"
16:18:52.698 [pool-2-thread-10] DEBUG org.apache.http.wire -- http-outgoing-51 << "Connection: keep-alive[\r][\n]"
16:18:52.698 [pool-2-thread-10] DEBUG org.apache.http.wire -- http-outgoing-51 << "Keep-Alive: timeout=5[\r][\n]"
16:18:52.698 [pool-2-thread-10] DEBUG org.apache.http.wire -- http-outgoing-51 << "[\r][\n]"
16:18:52.698 [pool-2-thread-10] DEBUG org.apache.http.wire -- http-outgoing-51 << "{"access_token":"eyJhbGciOiJIUzI1NiIsInR5cCI6IkpXVCJ9.eyJzdWIiOiIwYTM3ZWY0My1mZWU4LTQxZDMtYTY4Ni04YWIwODY5NDg2OTUiLCJ1c2VybmFtZSI6ImpvaG5kb2UyMSIsInJvbGUiOjAsImlhdCI6MTc1MDc1NjczMiwiZXhwIjoxNzUwNzYwMzMyfQ.YtWWcGQUnVHYhWEg1jBP9r3vC6oHJMbfftOBAYYQwI0","refresh_token":"534c5ae07bdf5deb16bdf3299e7d1e92fb6edbf65c009a71fb18fad4bc25c34c","user":{"id":"0a37ef43-fee8-41d3-a686-8ab086948695","email":"testit2@gmail.com","username":"johndoe21","name":"John Doe","phoneNumber":"0123456712","profilePic":null,"bio":null,"private":false,"verified":false,"role":0,"followersCount":0,"followingCount":0,"postCount":0}}"
16:18:52.698 [pool-2-thread-10] DEBUG org.apache.http.headers -- http-outgoing-51 << HTTP/1.1 200 OK
16:18:52.698 [pool-2-thread-10] DEBUG org.apache.http.headers -- http-outgoing-51 << X-Powered-By: Express
16:18:52.698 [pool-2-thread-10] DEBUG org.apache.http.headers -- http-outgoing-51 << Access-Control-Allow-Origin: *
16:18:52.698 [pool-2-thread-5] DEBUG org.apache.http.wire -- http-outgoing-50 << "HTTP/1.1 200 OK[\r][\n]"
16:18:52.698 [pool-2-thread-10] DEBUG org.apache.http.headers -- http-outgoing-51 << Content-Type: application/json; charset=utf-8
16:18:52.698 [pool-2-thread-5] DEBUG org.apache.http.wire -- http-outgoing-50 << "X-Powered-By: Express[\r][\n]"
16:18:52.698 [pool-2-thread-10] DEBUG org.apache.http.headers -- http-outgoing-51 << Content-Length: 605
16:18:52.698 [pool-2-thread-5] DEBUG org.apache.http.wire -- http-outgoing-50 << "Access-Control-Allow-Origin: *[\r][\n]"
16:18:52.698 [pool-2-thread-5] DEBUG org.apache.http.wire -- http-outgoing-50 << "Content-Type: application/json; charset=utf-8[\r][\n]"
16:18:52.698 [pool-2-thread-10] DEBUG org.apache.http.headers -- http-outgoing-51 << ETag: W/"25d-5ByhgKQUB1gCSJ7J1yp0/l1RpSk"
16:18:52.698 [pool-2-thread-5] DEBUG org.apache.http.wire -- http-outgoing-50 << "Content-Length: 607[\r][\n]"
16:18:52.698 [pool-2-thread-10] DEBUG org.apache.http.headers -- http-outgoing-51 << Date: Tue, 24 Jun 2025 09:18:52 GMT
16:18:52.698 [pool-2-thread-5] DEBUG org.apache.http.wire -- http-outgoing-50 << "ETag: W/"25f-d3rSp6WKsif5Ey2YUG+HpQe7/Uk"[\r][\n]"
16:18:52.698 [pool-2-thread-10] DEBUG org.apache.http.headers -- http-outgoing-51 << Connection: keep-alive
16:18:52.698 [pool-2-thread-5] DEBUG org.apache.http.wire -- http-outgoing-50 << "Date: Tue, 24 Jun 2025 09:18:52 GMT[\r][\n]"
16:18:52.698 [pool-2-thread-10] DEBUG org.apache.http.headers -- http-outgoing-51 << Keep-Alive: timeout=5
16:18:52.698 [pool-2-thread-5] DEBUG org.apache.http.wire -- http-outgoing-50 << "Connection: keep-alive[\r][\n]"
16:18:52.698 [pool-2-thread-5] DEBUG org.apache.http.wire -- http-outgoing-50 << "Keep-Alive: timeout=5[\r][\n]"
16:18:52.698 [pool-2-thread-5] DEBUG org.apache.http.wire -- http-outgoing-50 << "[\r][\n]"
16:18:52.698 [pool-2-thread-5] DEBUG org.apache.http.wire -- http-outgoing-50 << "{"access_token":"eyJhbGciOiJIUzI1NiIsInR5cCI6IkpXVCJ9.eyJzdWIiOiJjMjE0MjJkZi1jY2VjLTQ0MGUtOWE0Mi1jMWI4MmFiZjczM2QiLCJ1c2VybmFtZSI6ImpvaG5kb2UyOCIsInJvbGUiOjAsImlhdCI6MTc1MDc1NjczMiwiZXhwIjoxNzUwNzYwMzMyfQ.ELEhXFdF0-XNF4-siZFCUxMhlDq2BzEZkLabNYEspCc","refresh_token":"00e008e943e47893607a42cebf112db1e4271db7917760511ff9c51b055ef46b","user":{"id":"c21422df-ccec-440e-9a42-c1b82abf733d","email":"test28@example.com","username":"johndoe28","name":"John Doe","phoneNumber":"84987654321","profilePic":null,"bio":null,"private":false,"verified":false,"role":0,"followersCount":0,"followingCount":0,"postCount":0}}"
16:18:52.698 [pool-2-thread-10] DEBUG org.apache.http.impl.execchain.MainClientExec -- Connection can be kept alive for 5000 MILLISECONDS
16:18:52.698 [pool-2-thread-5] DEBUG org.apache.http.headers -- http-outgoing-50 << HTTP/1.1 200 OK
16:18:52.698 [pool-2-thread-5] DEBUG org.apache.http.headers -- http-outgoing-50 << X-Powered-By: Express
16:18:52.698 [pool-2-thread-5] DEBUG org.apache.http.headers -- http-outgoing-50 << Access-Control-Allow-Origin: *
16:18:52.698 [pool-2-thread-5] DEBUG org.apache.http.headers -- http-outgoing-50 << Content-Type: application/json; charset=utf-8
16:18:52.698 [pool-2-thread-5] DEBUG org.apache.http.headers -- http-outgoing-50 << Content-Length: 607
16:18:52.698 [pool-2-thread-5] DEBUG org.apache.http.headers -- http-outgoing-50 << ETag: W/"25f-d3rSp6WKsif5Ey2YUG+HpQe7/Uk"
16:18:52.698 [pool-2-thread-5] DEBUG org.apache.http.headers -- http-outgoing-50 << Date: Tue, 24 Jun 2025 09:18:52 GMT
16:18:52.698 [pool-2-thread-5] DEBUG org.apache.http.headers -- http-outgoing-50 << Connection: keep-alive
16:18:52.698 [pool-2-thread-5] DEBUG org.apache.http.headers -- http-outgoing-50 << Keep-Alive: timeout=5
16:18:52.698 [pool-2-thread-10] DEBUG org.apache.http.impl.conn.PoolingHttpClientConnectionManager -- Connection [id: 50][route: {}->http://localhost:3000] can be kept alive for 5.0 seconds
16:18:52.698 [pool-2-thread-10] DEBUG org.apache.http.impl.conn.DefaultManagedHttpClientConnection -- http-outgoing-51: set socket timeout to 0
16:18:52.698 [pool-2-thread-5] DEBUG org.apache.http.impl.execchain.MainClientExec -- Connection can be kept alive for 5000 MILLISECONDS
16:18:52.699 [pool-2-thread-10] DEBUG org.apache.http.impl.conn.PoolingHttpClientConnectionManager -- Connection released: [id: 50][route: {}->http://localhost:3000][total available: 1; route allocated: 1 of 5; total allocated: 1 of 10]
16:18:52.699 [pool-2-thread-5] DEBUG org.apache.http.impl.conn.PoolingHttpClientConnectionManager -- Connection [id: 51][route: {}->http://localhost:3000] can be kept alive for 5.0 seconds
16:18:52.699 [pool-2-thread-10] DEBUG org.apache.http.impl.conn.PoolingHttpClientConnectionManager -- Connection manager is shutting down
16:18:52.699 [pool-2-thread-5] DEBUG org.apache.http.impl.conn.DefaultManagedHttpClientConnection -- http-outgoing-50: set socket timeout to 0
16:18:52.699 [pool-2-thread-10] DEBUG org.apache.http.impl.conn.DefaultManagedHttpClientConnection -- http-outgoing-51: Close connection
16:18:52.699 [pool-2-thread-5] DEBUG org.apache.http.impl.conn.PoolingHttpClientConnectionManager -- Connection released: [id: 51][route: {}->http://localhost:3000][total available: 1; route allocated: 1 of 5; total allocated: 1 of 10]
16:18:52.699 [pool-2-thread-5] DEBUG org.apache.http.impl.conn.PoolingHttpClientConnectionManager -- Connection manager is shutting down
16:18:52.699 [pool-2-thread-5] DEBUG org.apache.http.impl.conn.DefaultManagedHttpClientConnection -- http-outgoing-50: Close connection
16:18:52.699 [pool-2-thread-5] DEBUG org.apache.http.impl.conn.PoolingHttpClientConnectionManager -- Connection manager shut down
16:18:52.699 [pool-2-thread-10] DEBUG org.apache.http.impl.conn.PoolingHttpClientConnectionManager -- Connection manager shut down
16:18:52.699 [pool-2-thread-10] DEBUG com.intuit.karate -- response time in milliseconds: 907
6 < 200
6 < X-Powered-By: Express
6 < Access-Control-Allow-Origin: *
6 < Content-Type: application/json; charset=utf-8
6 < Content-Length: 605
6 < ETag: W/"25d-5ByhgKQUB1gCSJ7J1yp0/l1RpSk"
6 < Date: Tue, 24 Jun 2025 09:18:52 GMT
6 < Connection: keep-alive
6 < Keep-Alive: timeout=5
{"access_token":"eyJhbGciOiJIUzI1NiIsInR5cCI6IkpXVCJ9.eyJzdWIiOiIwYTM3ZWY0My1mZWU4LTQxZDMtYTY4Ni04YWIwODY5NDg2OTUiLCJ1c2VybmFtZSI6ImpvaG5kb2UyMSIsInJvbGUiOjAsImlhdCI6MTc1MDc1NjczMiwiZXhwIjoxNzUwNzYwMzMyfQ.YtWWcGQUnVHYhWEg1jBP9r3vC6oHJMbfftOBAYYQwI0","refresh_token":"534c5ae07bdf5deb16bdf3299e7d1e92fb6edbf65c009a71fb18fad4bc25c34c","user":{"id":"0a37ef43-fee8-41d3-a686-8ab086948695","email":"testit2@gmail.com","username":"johndoe21","name":"John Doe","phoneNumber":"0123456712","profilePic":null,"bio":null,"private":false,"verified":false,"role":0,"followersCount":0,"followingCount":0,"postCount":0}}

16:18:52.699 [pool-2-thread-5] DEBUG com.intuit.karate -- response time in milliseconds: 907
6 < 200
6 < X-Powered-By: Express
6 < Access-Control-Allow-Origin: *
6 < Content-Type: application/json; charset=utf-8
6 < Content-Length: 607
6 < ETag: W/"25f-d3rSp6WKsif5Ey2YUG+HpQe7/Uk"
6 < Date: Tue, 24 Jun 2025 09:18:52 GMT
6 < Connection: keep-alive
6 < Keep-Alive: timeout=5
{"access_token":"eyJhbGciOiJIUzI1NiIsInR5cCI6IkpXVCJ9.eyJzdWIiOiJjMjE0MjJkZi1jY2VjLTQ0MGUtOWE0Mi1jMWI4MmFiZjczM2QiLCJ1c2VybmFtZSI6ImpvaG5kb2UyOCIsInJvbGUiOjAsImlhdCI6MTc1MDc1NjczMiwiZXhwIjoxNzUwNzYwMzMyfQ.ELEhXFdF0-XNF4-siZFCUxMhlDq2BzEZkLabNYEspCc","refresh_token":"00e008e943e47893607a42cebf112db1e4271db7917760511ff9c51b055ef46b","user":{"id":"c21422df-ccec-440e-9a42-c1b82abf733d","email":"test28@example.com","username":"johndoe28","name":"John Doe","phoneNumber":"84987654321","profilePic":null,"bio":null,"private":false,"verified":false,"role":0,"followersCount":0,"followingCount":0,"postCount":0}}

16:18:52.701 [pool-2-thread-10] INFO com.intuit.karate -- [print] Call 6 completed, status: 200 
16:18:52.701 [pool-2-thread-5] INFO com.intuit.karate -- [print] Call 6 completed, status: 200 
16:18:52.702 [pool-2-thread-5] INFO com.intuit.karate -- [print] *** API CALL 7 *** 
16:18:52.702 [pool-2-thread-10] INFO com.intuit.karate -- [print] *** API CALL 7 *** 
16:18:52.705 [pool-2-thread-10] DEBUG org.apache.http.client.protocol.RequestAddCookies -- CookieSpec selected: karate
16:18:52.705 [pool-2-thread-5] DEBUG org.apache.http.client.protocol.RequestAddCookies -- CookieSpec selected: karate
16:18:52.706 [pool-2-thread-10] DEBUG org.apache.http.client.protocol.RequestAuthCache -- Auth cache not set in the context
16:18:52.706 [pool-2-thread-5] DEBUG org.apache.http.client.protocol.RequestAuthCache -- Auth cache not set in the context
16:18:52.706 [pool-2-thread-10] DEBUG com.intuit.karate -- request:
7 > POST http://localhost:3000/auth/login
7 > Content-Type: application/json; charset=UTF-8
7 > Content-Length: 54
7 > Host: localhost:3000
7 > Connection: Keep-Alive
7 > User-Agent: Apache-HttpClient/4.5.14 (Java/17.0.9)
7 > Accept-Encoding: gzip,deflate
{"email":"testit2@gmail.com","password":"Password123"}

16:18:52.706 [pool-2-thread-5] DEBUG com.intuit.karate -- request:
7 > POST http://localhost:3000/auth/login
7 > Content-Type: application/json; charset=UTF-8
7 > Content-Length: 55
7 > Host: localhost:3000
7 > Connection: Keep-Alive
7 > User-Agent: Apache-HttpClient/4.5.14 (Java/17.0.9)
7 > Accept-Encoding: gzip,deflate
{"email":"test28@example.com","password":"Password123"}

16:18:52.706 [pool-2-thread-5] DEBUG org.apache.http.impl.conn.PoolingHttpClientConnectionManager -- Connection request: [route: {}->http://localhost:3000][total available: 0; route allocated: 0 of 5; total allocated: 0 of 10]
16:18:52.706 [pool-2-thread-10] DEBUG org.apache.http.impl.conn.PoolingHttpClientConnectionManager -- Connection request: [route: {}->http://localhost:3000][total available: 0; route allocated: 0 of 5; total allocated: 0 of 10]
16:18:52.706 [pool-2-thread-5] DEBUG org.apache.http.impl.conn.PoolingHttpClientConnectionManager -- Connection leased: [id: 60][route: {}->http://localhost:3000][total available: 0; route allocated: 1 of 5; total allocated: 1 of 10]
16:18:52.706 [pool-2-thread-10] DEBUG org.apache.http.impl.conn.PoolingHttpClientConnectionManager -- Connection leased: [id: 61][route: {}->http://localhost:3000][total available: 0; route allocated: 1 of 5; total allocated: 1 of 10]
16:18:52.706 [pool-2-thread-5] DEBUG org.apache.http.impl.execchain.MainClientExec -- Opening connection {}->http://localhost:3000
16:18:52.706 [pool-2-thread-10] DEBUG org.apache.http.impl.execchain.MainClientExec -- Opening connection {}->http://localhost:3000
16:18:52.707 [pool-2-thread-10] DEBUG org.apache.http.impl.conn.DefaultHttpClientConnectionOperator -- Connecting to localhost/127.0.0.1:3000
16:18:52.707 [pool-2-thread-5] DEBUG org.apache.http.impl.conn.DefaultHttpClientConnectionOperator -- Connecting to localhost/127.0.0.1:3000
16:18:52.707 [pool-2-thread-10] DEBUG org.apache.http.impl.conn.DefaultHttpClientConnectionOperator -- Connection established 127.0.0.1:51334<->127.0.0.1:3000
16:18:52.707 [pool-2-thread-5] DEBUG org.apache.http.impl.conn.DefaultHttpClientConnectionOperator -- Connection established 127.0.0.1:51335<->127.0.0.1:3000
16:18:52.707 [pool-2-thread-5] DEBUG org.apache.http.impl.conn.DefaultManagedHttpClientConnection -- http-outgoing-60: set socket timeout to 30000
16:18:52.707 [pool-2-thread-10] DEBUG org.apache.http.impl.conn.DefaultManagedHttpClientConnection -- http-outgoing-61: set socket timeout to 30000
16:18:52.707 [pool-2-thread-5] DEBUG org.apache.http.impl.execchain.MainClientExec -- Executing request POST /auth/login HTTP/1.1
16:18:52.707 [pool-2-thread-5] DEBUG org.apache.http.impl.execchain.MainClientExec -- Target auth state: UNCHALLENGED
16:18:52.707 [pool-2-thread-10] DEBUG org.apache.http.impl.execchain.MainClientExec -- Executing request POST /auth/login HTTP/1.1
16:18:52.707 [pool-2-thread-10] DEBUG org.apache.http.impl.execchain.MainClientExec -- Target auth state: UNCHALLENGED
16:18:52.707 [pool-2-thread-10] DEBUG org.apache.http.impl.execchain.MainClientExec -- Proxy auth state: UNCHALLENGED
16:18:52.707 [pool-2-thread-5] DEBUG org.apache.http.impl.execchain.MainClientExec -- Proxy auth state: UNCHALLENGED
16:18:52.707 [pool-2-thread-5] DEBUG org.apache.http.headers -- http-outgoing-60 >> POST /auth/login HTTP/1.1
16:18:52.707 [pool-2-thread-10] DEBUG org.apache.http.headers -- http-outgoing-61 >> POST /auth/login HTTP/1.1
16:18:52.707 [pool-2-thread-5] DEBUG org.apache.http.headers -- http-outgoing-60 >> Content-Type: application/json; charset=UTF-8
16:18:52.707 [pool-2-thread-10] DEBUG org.apache.http.headers -- http-outgoing-61 >> Content-Type: application/json; charset=UTF-8
16:18:52.707 [pool-2-thread-5] DEBUG org.apache.http.headers -- http-outgoing-60 >> Content-Length: 55
16:18:52.707 [pool-2-thread-10] DEBUG org.apache.http.headers -- http-outgoing-61 >> Content-Length: 54
16:18:52.707 [pool-2-thread-5] DEBUG org.apache.http.headers -- http-outgoing-60 >> Host: localhost:3000
16:18:52.707 [pool-2-thread-10] DEBUG org.apache.http.headers -- http-outgoing-61 >> Host: localhost:3000
16:18:52.707 [pool-2-thread-5] DEBUG org.apache.http.headers -- http-outgoing-60 >> Connection: Keep-Alive
16:18:52.707 [pool-2-thread-10] DEBUG org.apache.http.headers -- http-outgoing-61 >> Connection: Keep-Alive
16:18:52.707 [pool-2-thread-5] DEBUG org.apache.http.headers -- http-outgoing-60 >> User-Agent: Apache-HttpClient/4.5.14 (Java/17.0.9)
16:18:52.707 [pool-2-thread-10] DEBUG org.apache.http.headers -- http-outgoing-61 >> User-Agent: Apache-HttpClient/4.5.14 (Java/17.0.9)
16:18:52.707 [pool-2-thread-10] DEBUG org.apache.http.headers -- http-outgoing-61 >> Accept-Encoding: gzip,deflate
16:18:52.707 [pool-2-thread-5] DEBUG org.apache.http.headers -- http-outgoing-60 >> Accept-Encoding: gzip,deflate
16:18:52.707 [pool-2-thread-10] DEBUG org.apache.http.wire -- http-outgoing-61 >> "POST /auth/login HTTP/1.1[\r][\n]"
16:18:52.707 [pool-2-thread-5] DEBUG org.apache.http.wire -- http-outgoing-60 >> "POST /auth/login HTTP/1.1[\r][\n]"
16:18:52.707 [pool-2-thread-10] DEBUG org.apache.http.wire -- http-outgoing-61 >> "Content-Type: application/json; charset=UTF-8[\r][\n]"
16:18:52.708 [pool-2-thread-5] DEBUG org.apache.http.wire -- http-outgoing-60 >> "Content-Type: application/json; charset=UTF-8[\r][\n]"
16:18:52.708 [pool-2-thread-5] DEBUG org.apache.http.wire -- http-outgoing-60 >> "Content-Length: 55[\r][\n]"
16:18:52.708 [pool-2-thread-5] DEBUG org.apache.http.wire -- http-outgoing-60 >> "Host: localhost:3000[\r][\n]"
16:18:52.708 [pool-2-thread-5] DEBUG org.apache.http.wire -- http-outgoing-60 >> "Connection: Keep-Alive[\r][\n]"
16:18:52.708 [pool-2-thread-5] DEBUG org.apache.http.wire -- http-outgoing-60 >> "User-Agent: Apache-HttpClient/4.5.14 (Java/17.0.9)[\r][\n]"
16:18:52.708 [pool-2-thread-5] DEBUG org.apache.http.wire -- http-outgoing-60 >> "Accept-Encoding: gzip,deflate[\r][\n]"
16:18:52.708 [pool-2-thread-5] DEBUG org.apache.http.wire -- http-outgoing-60 >> "[\r][\n]"
16:18:52.708 [pool-2-thread-5] DEBUG org.apache.http.wire -- http-outgoing-60 >> "{"email":"test28@example.com","password":"Password123"}"
16:18:52.708 [pool-2-thread-10] DEBUG org.apache.http.wire -- http-outgoing-61 >> "Content-Length: 54[\r][\n]"
16:18:52.708 [pool-2-thread-10] DEBUG org.apache.http.wire -- http-outgoing-61 >> "Host: localhost:3000[\r][\n]"
16:18:52.708 [pool-2-thread-10] DEBUG org.apache.http.wire -- http-outgoing-61 >> "Connection: Keep-Alive[\r][\n]"
16:18:52.708 [pool-2-thread-10] DEBUG org.apache.http.wire -- http-outgoing-61 >> "User-Agent: Apache-HttpClient/4.5.14 (Java/17.0.9)[\r][\n]"
16:18:52.708 [pool-2-thread-10] DEBUG org.apache.http.wire -- http-outgoing-61 >> "Accept-Encoding: gzip,deflate[\r][\n]"
16:18:52.708 [pool-2-thread-10] DEBUG org.apache.http.wire -- http-outgoing-61 >> "[\r][\n]"
16:18:52.708 [pool-2-thread-10] DEBUG org.apache.http.wire -- http-outgoing-61 >> "{"email":"testit2@gmail.com","password":"Password123"}"
16:18:52.729 [pool-2-thread-1] DEBUG org.apache.http.wire -- http-outgoing-52 << "HTTP/1.1 200 OK[\r][\n]"
16:18:52.729 [pool-2-thread-1] DEBUG org.apache.http.wire -- http-outgoing-52 << "X-Powered-By: Express[\r][\n]"
16:18:52.729 [pool-2-thread-1] DEBUG org.apache.http.wire -- http-outgoing-52 << "Access-Control-Allow-Origin: *[\r][\n]"
16:18:52.729 [pool-2-thread-1] DEBUG org.apache.http.wire -- http-outgoing-52 << "Content-Type: application/json; charset=utf-8[\r][\n]"
16:18:52.729 [pool-2-thread-1] DEBUG org.apache.http.wire -- http-outgoing-52 << "Content-Length: 708[\r][\n]"
16:18:52.729 [pool-2-thread-1] DEBUG org.apache.http.wire -- http-outgoing-52 << "ETag: W/"2c4-cN0xIPKkCAL3M8vqr3fOaWUI8ds"[\r][\n]"
16:18:52.729 [pool-2-thread-1] DEBUG org.apache.http.wire -- http-outgoing-52 << "Date: Tue, 24 Jun 2025 09:18:52 GMT[\r][\n]"
16:18:52.729 [pool-2-thread-1] DEBUG org.apache.http.wire -- http-outgoing-52 << "Connection: keep-alive[\r][\n]"
16:18:52.729 [pool-2-thread-1] DEBUG org.apache.http.wire -- http-outgoing-52 << "Keep-Alive: timeout=5[\r][\n]"
16:18:52.729 [pool-2-thread-1] DEBUG org.apache.http.wire -- http-outgoing-52 << "[\r][\n]"
16:18:52.729 [pool-2-thread-1] DEBUG org.apache.http.wire -- http-outgoing-52 << "{"access_token":"eyJhbGciOiJIUzI1NiIsInR5cCI6IkpXVCJ9.eyJzdWIiOiIwODUxNWIwNS0yZDNlLTQ3ODktYWQ2MC1kYjM1NTI1YTQ5NzAiLCJ1c2VybmFtZSI6Im5hbSIsInJvbGUiOjAsImlhdCI6MTc1MDc1NjczMiwiZXhwIjoxNzUwNzYwMzMyfQ.d_p1kTQ3rGwaTZF3CCoa7mSabLlfJ6RtVmQ6PYBDFPY","refresh_token":"d9f6aec80fee8376890202b02cb11a6b0bb19975d8f352d3107c8efec5b90381","user":{"id":"08515b05-2d3e-4789-ad60-db35525a4970","email":"nam@gmail.com","username":"nam","name":"nam","phoneNumber":"0123456789","profilePic":"https://res.cloudinary.com/dizcvrefo/image/upload/v1749266646/nestjs_uploads/zk9zrpeidnovxibfqdxr.png","bio":"Chu tich hoi dong Quan tri 1","private":false,"verified":false,"role":0,"followersCount":2,"followingCount":5,"postCount":13}}"
16:18:52.729 [pool-2-thread-1] DEBUG org.apache.http.headers -- http-outgoing-52 << HTTP/1.1 200 OK
16:18:52.729 [pool-2-thread-1] DEBUG org.apache.http.headers -- http-outgoing-52 << X-Powered-By: Express
16:18:52.729 [pool-2-thread-1] DEBUG org.apache.http.headers -- http-outgoing-52 << Access-Control-Allow-Origin: *
16:18:52.729 [pool-2-thread-1] DEBUG org.apache.http.headers -- http-outgoing-52 << Content-Type: application/json; charset=utf-8
16:18:52.729 [pool-2-thread-1] DEBUG org.apache.http.headers -- http-outgoing-52 << Content-Length: 708
16:18:52.729 [pool-2-thread-1] DEBUG org.apache.http.headers -- http-outgoing-52 << ETag: W/"2c4-cN0xIPKkCAL3M8vqr3fOaWUI8ds"
16:18:52.729 [pool-2-thread-1] DEBUG org.apache.http.headers -- http-outgoing-52 << Date: Tue, 24 Jun 2025 09:18:52 GMT
16:18:52.729 [pool-2-thread-1] DEBUG org.apache.http.headers -- http-outgoing-52 << Connection: keep-alive
16:18:52.729 [pool-2-thread-1] DEBUG org.apache.http.headers -- http-outgoing-52 << Keep-Alive: timeout=5
16:18:52.730 [pool-2-thread-1] DEBUG org.apache.http.impl.execchain.MainClientExec -- Connection can be kept alive for 5000 MILLISECONDS
16:18:52.730 [pool-2-thread-1] DEBUG org.apache.http.impl.conn.PoolingHttpClientConnectionManager -- Connection [id: 52][route: {}->http://localhost:3000] can be kept alive for 5.0 seconds
16:18:52.730 [pool-2-thread-1] DEBUG org.apache.http.impl.conn.DefaultManagedHttpClientConnection -- http-outgoing-52: set socket timeout to 0
16:18:52.730 [pool-2-thread-1] DEBUG org.apache.http.impl.conn.PoolingHttpClientConnectionManager -- Connection released: [id: 52][route: {}->http://localhost:3000][total available: 1; route allocated: 1 of 5; total allocated: 1 of 10]
16:18:52.730 [pool-2-thread-1] DEBUG org.apache.http.impl.conn.PoolingHttpClientConnectionManager -- Connection manager is shutting down
16:18:52.730 [pool-2-thread-1] DEBUG org.apache.http.impl.conn.DefaultManagedHttpClientConnection -- http-outgoing-52: Close connection
16:18:52.730 [pool-2-thread-1] DEBUG org.apache.http.impl.conn.PoolingHttpClientConnectionManager -- Connection manager shut down
16:18:52.730 [pool-2-thread-1] DEBUG com.intuit.karate -- response time in milliseconds: 938
6 < 200
6 < X-Powered-By: Express
6 < Access-Control-Allow-Origin: *
6 < Content-Type: application/json; charset=utf-8
6 < Content-Length: 708
6 < ETag: W/"2c4-cN0xIPKkCAL3M8vqr3fOaWUI8ds"
6 < Date: Tue, 24 Jun 2025 09:18:52 GMT
6 < Connection: keep-alive
6 < Keep-Alive: timeout=5
{"access_token":"eyJhbGciOiJIUzI1NiIsInR5cCI6IkpXVCJ9.eyJzdWIiOiIwODUxNWIwNS0yZDNlLTQ3ODktYWQ2MC1kYjM1NTI1YTQ5NzAiLCJ1c2VybmFtZSI6Im5hbSIsInJvbGUiOjAsImlhdCI6MTc1MDc1NjczMiwiZXhwIjoxNzUwNzYwMzMyfQ.d_p1kTQ3rGwaTZF3CCoa7mSabLlfJ6RtVmQ6PYBDFPY","refresh_token":"d9f6aec80fee8376890202b02cb11a6b0bb19975d8f352d3107c8efec5b90381","user":{"id":"08515b05-2d3e-4789-ad60-db35525a4970","email":"nam@gmail.com","username":"nam","name":"nam","phoneNumber":"0123456789","profilePic":"https://res.cloudinary.com/dizcvrefo/image/upload/v1749266646/nestjs_uploads/zk9zrpeidnovxibfqdxr.png","bio":"Chu tich hoi dong Quan tri 1","private":false,"verified":false,"role":0,"followersCount":2,"followingCount":5,"postCount":13}}

16:18:52.733 [pool-2-thread-1] INFO com.intuit.karate -- [print] Call 6 completed, status: 200 
16:18:52.734 [pool-2-thread-1] INFO com.intuit.karate -- [print] *** API CALL 7 *** 
16:18:52.738 [pool-2-thread-1] DEBUG org.apache.http.client.protocol.RequestAddCookies -- CookieSpec selected: karate
16:18:52.739 [pool-2-thread-1] DEBUG org.apache.http.client.protocol.RequestAuthCache -- Auth cache not set in the context
16:18:52.739 [pool-2-thread-1] DEBUG com.intuit.karate -- request:
7 > POST http://localhost:3000/auth/login
7 > Content-Type: application/json; charset=UTF-8
7 > Content-Length: 45
7 > Host: localhost:3000
7 > Connection: Keep-Alive
7 > User-Agent: Apache-HttpClient/4.5.14 (Java/17.0.9)
7 > Accept-Encoding: gzip,deflate
{"email":"nam@gmail.com","password":"123456"}

16:18:52.739 [pool-2-thread-1] DEBUG org.apache.http.impl.conn.PoolingHttpClientConnectionManager -- Connection request: [route: {}->http://localhost:3000][total available: 0; route allocated: 0 of 5; total allocated: 0 of 10]
16:18:52.739 [pool-2-thread-1] DEBUG org.apache.http.impl.conn.PoolingHttpClientConnectionManager -- Connection leased: [id: 62][route: {}->http://localhost:3000][total available: 0; route allocated: 1 of 5; total allocated: 1 of 10]
16:18:52.739 [pool-2-thread-1] DEBUG org.apache.http.impl.execchain.MainClientExec -- Opening connection {}->http://localhost:3000
16:18:52.739 [pool-2-thread-1] DEBUG org.apache.http.impl.conn.DefaultHttpClientConnectionOperator -- Connecting to localhost/127.0.0.1:3000
16:18:52.741 [pool-2-thread-1] DEBUG org.apache.http.impl.conn.DefaultHttpClientConnectionOperator -- Connection established 127.0.0.1:51336<->127.0.0.1:3000
16:18:52.741 [pool-2-thread-1] DEBUG org.apache.http.impl.conn.DefaultManagedHttpClientConnection -- http-outgoing-62: set socket timeout to 30000
16:18:52.741 [pool-2-thread-1] DEBUG org.apache.http.impl.execchain.MainClientExec -- Executing request POST /auth/login HTTP/1.1
16:18:52.741 [pool-2-thread-1] DEBUG org.apache.http.impl.execchain.MainClientExec -- Target auth state: UNCHALLENGED
16:18:52.741 [pool-2-thread-1] DEBUG org.apache.http.impl.execchain.MainClientExec -- Proxy auth state: UNCHALLENGED
16:18:52.741 [pool-2-thread-1] DEBUG org.apache.http.headers -- http-outgoing-62 >> POST /auth/login HTTP/1.1
16:18:52.741 [pool-2-thread-1] DEBUG org.apache.http.headers -- http-outgoing-62 >> Content-Type: application/json; charset=UTF-8
16:18:52.741 [pool-2-thread-1] DEBUG org.apache.http.headers -- http-outgoing-62 >> Content-Length: 45
16:18:52.741 [pool-2-thread-1] DEBUG org.apache.http.headers -- http-outgoing-62 >> Host: localhost:3000
16:18:52.741 [pool-2-thread-1] DEBUG org.apache.http.headers -- http-outgoing-62 >> Connection: Keep-Alive
16:18:52.741 [pool-2-thread-1] DEBUG org.apache.http.headers -- http-outgoing-62 >> User-Agent: Apache-HttpClient/4.5.14 (Java/17.0.9)
16:18:52.741 [pool-2-thread-1] DEBUG org.apache.http.headers -- http-outgoing-62 >> Accept-Encoding: gzip,deflate
16:18:52.741 [pool-2-thread-1] DEBUG org.apache.http.wire -- http-outgoing-62 >> "POST /auth/login HTTP/1.1[\r][\n]"
16:18:52.741 [pool-2-thread-1] DEBUG org.apache.http.wire -- http-outgoing-62 >> "Content-Type: application/json; charset=UTF-8[\r][\n]"
16:18:52.741 [pool-2-thread-1] DEBUG org.apache.http.wire -- http-outgoing-62 >> "Content-Length: 45[\r][\n]"
16:18:52.741 [pool-2-thread-1] DEBUG org.apache.http.wire -- http-outgoing-62 >> "Host: localhost:3000[\r][\n]"
16:18:52.741 [pool-2-thread-1] DEBUG org.apache.http.wire -- http-outgoing-62 >> "Connection: Keep-Alive[\r][\n]"
16:18:52.741 [pool-2-thread-1] DEBUG org.apache.http.wire -- http-outgoing-62 >> "User-Agent: Apache-HttpClient/4.5.14 (Java/17.0.9)[\r][\n]"
16:18:52.741 [pool-2-thread-1] DEBUG org.apache.http.wire -- http-outgoing-62 >> "Accept-Encoding: gzip,deflate[\r][\n]"
16:18:52.741 [pool-2-thread-1] DEBUG org.apache.http.wire -- http-outgoing-62 >> "[\r][\n]"
16:18:52.741 [pool-2-thread-1] DEBUG org.apache.http.wire -- http-outgoing-62 >> "{"email":"nam@gmail.com","password":"123456"}"
16:18:52.781 [pool-2-thread-6] DEBUG org.apache.http.wire -- http-outgoing-55 << "HTTP/1.1 200 OK[\r][\n]"
16:18:52.781 [pool-2-thread-6] DEBUG org.apache.http.wire -- http-outgoing-55 << "X-Powered-By: Express[\r][\n]"
16:18:52.781 [pool-2-thread-6] DEBUG org.apache.http.wire -- http-outgoing-55 << "Access-Control-Allow-Origin: *[\r][\n]"
16:18:52.781 [pool-2-thread-6] DEBUG org.apache.http.wire -- http-outgoing-55 << "Content-Type: application/json; charset=utf-8[\r][\n]"
16:18:52.781 [pool-2-thread-6] DEBUG org.apache.http.wire -- http-outgoing-55 << "Content-Length: 607[\r][\n]"
16:18:52.781 [pool-2-thread-6] DEBUG org.apache.http.wire -- http-outgoing-55 << "ETag: W/"25f-PrBLosPbEVfvAUqRbDR4g7kYtuE"[\r][\n]"
16:18:52.781 [pool-2-thread-6] DEBUG org.apache.http.wire -- http-outgoing-55 << "Date: Tue, 24 Jun 2025 09:18:52 GMT[\r][\n]"
16:18:52.781 [pool-2-thread-6] DEBUG org.apache.http.wire -- http-outgoing-55 << "Connection: keep-alive[\r][\n]"
16:18:52.781 [pool-2-thread-6] DEBUG org.apache.http.wire -- http-outgoing-55 << "Keep-Alive: timeout=5[\r][\n]"
16:18:52.781 [pool-2-thread-6] DEBUG org.apache.http.wire -- http-outgoing-55 << "[\r][\n]"
16:18:52.781 [pool-2-thread-6] DEBUG org.apache.http.wire -- http-outgoing-55 << "{"access_token":"eyJhbGciOiJIUzI1NiIsInR5cCI6IkpXVCJ9.eyJzdWIiOiI5YTI2OTc2Yy0xNTMyLTRkZjMtYTE2ZS03NjMxNTI1Yzg1MDIiLCJ1c2VybmFtZSI6ImpvaG5kb2UyZDUiLCJyb2xlIjowLCJpYXQiOjE3NTA3NTY3MzIsImV4cCI6MTc1MDc2MDMzMn0.rqYPdyFhc_7MK83jD_Ves8V_7UmksnEaAbijodgskpY","refresh_token":"3e0a8755b7f99974c6ec113599ae8485aa84f7ecf8c80cb3cb592240abc4efa3","user":{"id":"9a26976c-1532-4df3-a16e-7631525c8502","email":"testit4@gmail.com","username":"johndoe2d5","name":"John Doe","phoneNumber":"0123456212","profilePic":null,"bio":null,"private":false,"verified":false,"role":0,"followersCount":0,"followingCount":0,"postCount":0}}"
16:18:52.782 [pool-2-thread-6] DEBUG org.apache.http.headers -- http-outgoing-55 << HTTP/1.1 200 OK
16:18:52.782 [pool-2-thread-6] DEBUG org.apache.http.headers -- http-outgoing-55 << X-Powered-By: Express
16:18:52.782 [pool-2-thread-6] DEBUG org.apache.http.headers -- http-outgoing-55 << Access-Control-Allow-Origin: *
16:18:52.782 [pool-2-thread-6] DEBUG org.apache.http.headers -- http-outgoing-55 << Content-Type: application/json; charset=utf-8
16:18:52.782 [pool-2-thread-6] DEBUG org.apache.http.headers -- http-outgoing-55 << Content-Length: 607
16:18:52.782 [pool-2-thread-6] DEBUG org.apache.http.headers -- http-outgoing-55 << ETag: W/"25f-PrBLosPbEVfvAUqRbDR4g7kYtuE"
16:18:52.782 [pool-2-thread-6] DEBUG org.apache.http.headers -- http-outgoing-55 << Date: Tue, 24 Jun 2025 09:18:52 GMT
16:18:52.782 [pool-2-thread-6] DEBUG org.apache.http.headers -- http-outgoing-55 << Connection: keep-alive
16:18:52.782 [pool-2-thread-6] DEBUG org.apache.http.headers -- http-outgoing-55 << Keep-Alive: timeout=5
16:18:52.782 [pool-2-thread-6] DEBUG org.apache.http.impl.execchain.MainClientExec -- Connection can be kept alive for 5000 MILLISECONDS
16:18:52.782 [pool-2-thread-6] DEBUG org.apache.http.impl.conn.PoolingHttpClientConnectionManager -- Connection [id: 55][route: {}->http://localhost:3000] can be kept alive for 5.0 seconds
16:18:52.782 [pool-2-thread-6] DEBUG org.apache.http.impl.conn.DefaultManagedHttpClientConnection -- http-outgoing-55: set socket timeout to 0
16:18:52.782 [pool-2-thread-6] DEBUG org.apache.http.impl.conn.PoolingHttpClientConnectionManager -- Connection released: [id: 55][route: {}->http://localhost:3000][total available: 1; route allocated: 1 of 5; total allocated: 1 of 10]
16:18:52.782 [pool-2-thread-6] DEBUG org.apache.http.impl.conn.PoolingHttpClientConnectionManager -- Connection manager is shutting down
16:18:52.782 [pool-2-thread-6] DEBUG org.apache.http.impl.conn.DefaultManagedHttpClientConnection -- http-outgoing-55: Close connection
16:18:52.782 [pool-2-thread-6] DEBUG org.apache.http.impl.conn.PoolingHttpClientConnectionManager -- Connection manager shut down
16:18:52.783 [pool-2-thread-6] DEBUG com.intuit.karate -- response time in milliseconds: 845
6 < 200
6 < X-Powered-By: Express
6 < Access-Control-Allow-Origin: *
6 < Content-Type: application/json; charset=utf-8
6 < Content-Length: 607
6 < ETag: W/"25f-PrBLosPbEVfvAUqRbDR4g7kYtuE"
6 < Date: Tue, 24 Jun 2025 09:18:52 GMT
6 < Connection: keep-alive
6 < Keep-Alive: timeout=5
{"access_token":"eyJhbGciOiJIUzI1NiIsInR5cCI6IkpXVCJ9.eyJzdWIiOiI5YTI2OTc2Yy0xNTMyLTRkZjMtYTE2ZS03NjMxNTI1Yzg1MDIiLCJ1c2VybmFtZSI6ImpvaG5kb2UyZDUiLCJyb2xlIjowLCJpYXQiOjE3NTA3NTY3MzIsImV4cCI6MTc1MDc2MDMzMn0.rqYPdyFhc_7MK83jD_Ves8V_7UmksnEaAbijodgskpY","refresh_token":"3e0a8755b7f99974c6ec113599ae8485aa84f7ecf8c80cb3cb592240abc4efa3","user":{"id":"9a26976c-1532-4df3-a16e-7631525c8502","email":"testit4@gmail.com","username":"johndoe2d5","name":"John Doe","phoneNumber":"0123456212","profilePic":null,"bio":null,"private":false,"verified":false,"role":0,"followersCount":0,"followingCount":0,"postCount":0}}

16:18:52.785 [pool-2-thread-6] INFO com.intuit.karate -- [print] Call 6 completed, status: 200 
16:18:52.787 [pool-2-thread-6] INFO com.intuit.karate -- [print] *** API CALL 7 *** 
16:18:52.788 [pool-2-thread-2] DEBUG org.apache.http.wire -- http-outgoing-56 << "HTTP/1.1 200 OK[\r][\n]"
16:18:52.788 [pool-2-thread-2] DEBUG org.apache.http.wire -- http-outgoing-56 << "X-Powered-By: Express[\r][\n]"
16:18:52.788 [pool-2-thread-2] DEBUG org.apache.http.wire -- http-outgoing-56 << "Access-Control-Allow-Origin: *[\r][\n]"
16:18:52.788 [pool-2-thread-2] DEBUG org.apache.http.wire -- http-outgoing-56 << "Content-Type: application/json; charset=utf-8[\r][\n]"
16:18:52.788 [pool-2-thread-2] DEBUG org.apache.http.wire -- http-outgoing-56 << "Content-Length: 715[\r][\n]"
16:18:52.788 [pool-2-thread-2] DEBUG org.apache.http.wire -- http-outgoing-56 << "ETag: W/"2cb-n4gQ3AnshMTHdCrj0m3pe29BxJo"[\r][\n]"
16:18:52.788 [pool-2-thread-2] DEBUG org.apache.http.wire -- http-outgoing-56 << "Date: Tue, 24 Jun 2025 09:18:52 GMT[\r][\n]"
16:18:52.788 [pool-2-thread-2] DEBUG org.apache.http.wire -- http-outgoing-56 << "Connection: keep-alive[\r][\n]"
16:18:52.788 [pool-2-thread-2] DEBUG org.apache.http.wire -- http-outgoing-56 << "Keep-Alive: timeout=5[\r][\n]"
16:18:52.788 [pool-2-thread-2] DEBUG org.apache.http.wire -- http-outgoing-56 << "[\r][\n]"
16:18:52.788 [pool-2-thread-2] DEBUG org.apache.http.wire -- http-outgoing-56 << "{"access_token":"eyJhbGciOiJIUzI1NiIsInR5cCI6IkpXVCJ9.eyJzdWIiOiIyYjg0YWEyNC02NjhhLTQwZTItYWYxYy1hZDRmYzRmYTVhNmYiLCJ1c2VybmFtZSI6InF1YW5nMSIsInJvbGUiOjAsImlhdCI6MTc1MDc1NjczMiwiZXhwIjoxNzUwNzYwMzMyfQ.GxlcHNLdZJMdvn55cODaznYwFoNeXwXqF7bEKUWX2uk","refresh_token":"1df0f398e38752392d83850a2311241a2c5ac8d79766047086332f7dcd44bda2","user":{"id":"2b84aa24-668a-40e2-af1c-ad4fc4fa5a6f","email":"quang1@gmail.com","username":"quang1","name":"quang1","phoneNumber":"09874563210","profilePic":"https://res.cloudinary.com/dizcvrefo/image/upload/v1749027586/nestjs_uploads/xehairydt9rzlbmbmv4c.jpg","bio":"Thang Nam Lao Vua Thoi","private":false,"verified":false,"role":0,"followersCount":2,"followingCount":3,"postCount":2}}"
16:18:52.788 [pool-2-thread-2] DEBUG org.apache.http.headers -- http-outgoing-56 << HTTP/1.1 200 OK
16:18:52.788 [pool-2-thread-2] DEBUG org.apache.http.headers -- http-outgoing-56 << X-Powered-By: Express
16:18:52.788 [pool-2-thread-2] DEBUG org.apache.http.headers -- http-outgoing-56 << Access-Control-Allow-Origin: *
16:18:52.788 [pool-2-thread-2] DEBUG org.apache.http.headers -- http-outgoing-56 << Content-Type: application/json; charset=utf-8
16:18:52.788 [pool-2-thread-2] DEBUG org.apache.http.headers -- http-outgoing-56 << Content-Length: 715
16:18:52.788 [pool-2-thread-2] DEBUG org.apache.http.headers -- http-outgoing-56 << ETag: W/"2cb-n4gQ3AnshMTHdCrj0m3pe29BxJo"
16:18:52.788 [pool-2-thread-2] DEBUG org.apache.http.headers -- http-outgoing-56 << Date: Tue, 24 Jun 2025 09:18:52 GMT
16:18:52.788 [pool-2-thread-2] DEBUG org.apache.http.headers -- http-outgoing-56 << Connection: keep-alive
16:18:52.788 [pool-2-thread-2] DEBUG org.apache.http.headers -- http-outgoing-56 << Keep-Alive: timeout=5
16:18:52.788 [pool-2-thread-2] DEBUG org.apache.http.impl.execchain.MainClientExec -- Connection can be kept alive for 5000 MILLISECONDS
16:18:52.788 [pool-2-thread-2] DEBUG org.apache.http.impl.conn.PoolingHttpClientConnectionManager -- Connection [id: 56][route: {}->http://localhost:3000] can be kept alive for 5.0 seconds
16:18:52.788 [pool-2-thread-2] DEBUG org.apache.http.impl.conn.DefaultManagedHttpClientConnection -- http-outgoing-56: set socket timeout to 0
16:18:52.788 [pool-2-thread-2] DEBUG org.apache.http.impl.conn.PoolingHttpClientConnectionManager -- Connection released: [id: 56][route: {}->http://localhost:3000][total available: 1; route allocated: 1 of 5; total allocated: 1 of 10]
16:18:52.788 [pool-2-thread-2] DEBUG org.apache.http.impl.conn.PoolingHttpClientConnectionManager -- Connection manager is shutting down
16:18:52.788 [pool-2-thread-2] DEBUG org.apache.http.impl.conn.DefaultManagedHttpClientConnection -- http-outgoing-56: Close connection
16:18:52.788 [pool-2-thread-6] DEBUG org.apache.http.client.protocol.RequestAddCookies -- CookieSpec selected: karate
16:18:52.788 [pool-2-thread-2] DEBUG org.apache.http.impl.conn.PoolingHttpClientConnectionManager -- Connection manager shut down
16:18:52.789 [pool-2-thread-6] DEBUG org.apache.http.client.protocol.RequestAuthCache -- Auth cache not set in the context
16:18:52.789 [pool-2-thread-2] DEBUG com.intuit.karate -- response time in milliseconds: 827
6 < 200
6 < X-Powered-By: Express
6 < Access-Control-Allow-Origin: *
6 < Content-Type: application/json; charset=utf-8
6 < Content-Length: 715
6 < ETag: W/"2cb-n4gQ3AnshMTHdCrj0m3pe29BxJo"
6 < Date: Tue, 24 Jun 2025 09:18:52 GMT
6 < Connection: keep-alive
6 < Keep-Alive: timeout=5
{"access_token":"eyJhbGciOiJIUzI1NiIsInR5cCI6IkpXVCJ9.eyJzdWIiOiIyYjg0YWEyNC02NjhhLTQwZTItYWYxYy1hZDRmYzRmYTVhNmYiLCJ1c2VybmFtZSI6InF1YW5nMSIsInJvbGUiOjAsImlhdCI6MTc1MDc1NjczMiwiZXhwIjoxNzUwNzYwMzMyfQ.GxlcHNLdZJMdvn55cODaznYwFoNeXwXqF7bEKUWX2uk","refresh_token":"1df0f398e38752392d83850a2311241a2c5ac8d79766047086332f7dcd44bda2","user":{"id":"2b84aa24-668a-40e2-af1c-ad4fc4fa5a6f","email":"quang1@gmail.com","username":"quang1","name":"quang1","phoneNumber":"09874563210","profilePic":"https://res.cloudinary.com/dizcvrefo/image/upload/v1749027586/nestjs_uploads/xehairydt9rzlbmbmv4c.jpg","bio":"Thang Nam Lao Vua Thoi","private":false,"verified":false,"role":0,"followersCount":2,"followingCount":3,"postCount":2}}

16:18:52.789 [pool-2-thread-6] DEBUG com.intuit.karate -- request:
7 > POST http://localhost:3000/auth/login
7 > Content-Type: application/json; charset=UTF-8
7 > Content-Length: 54
7 > Host: localhost:3000
7 > Connection: Keep-Alive
7 > User-Agent: Apache-HttpClient/4.5.14 (Java/17.0.9)
7 > Accept-Encoding: gzip,deflate
{"email":"testit4@gmail.com","password":"Password123"}

16:18:52.789 [pool-2-thread-6] DEBUG org.apache.http.impl.conn.PoolingHttpClientConnectionManager -- Connection request: [route: {}->http://localhost:3000][total available: 0; route allocated: 0 of 5; total allocated: 0 of 10]
16:18:52.789 [pool-2-thread-6] DEBUG org.apache.http.impl.conn.PoolingHttpClientConnectionManager -- Connection leased: [id: 63][route: {}->http://localhost:3000][total available: 0; route allocated: 1 of 5; total allocated: 1 of 10]
16:18:52.789 [pool-2-thread-6] DEBUG org.apache.http.impl.execchain.MainClientExec -- Opening connection {}->http://localhost:3000
16:18:52.789 [pool-2-thread-6] DEBUG org.apache.http.impl.conn.DefaultHttpClientConnectionOperator -- Connecting to localhost/127.0.0.1:3000
16:18:52.790 [pool-2-thread-6] DEBUG org.apache.http.impl.conn.DefaultHttpClientConnectionOperator -- Connection established 127.0.0.1:51337<->127.0.0.1:3000
16:18:52.790 [pool-2-thread-6] DEBUG org.apache.http.impl.conn.DefaultManagedHttpClientConnection -- http-outgoing-63: set socket timeout to 30000
16:18:52.790 [pool-2-thread-6] DEBUG org.apache.http.impl.execchain.MainClientExec -- Executing request POST /auth/login HTTP/1.1
16:18:52.790 [pool-2-thread-6] DEBUG org.apache.http.impl.execchain.MainClientExec -- Target auth state: UNCHALLENGED
16:18:52.790 [pool-2-thread-6] DEBUG org.apache.http.impl.execchain.MainClientExec -- Proxy auth state: UNCHALLENGED
16:18:52.790 [pool-2-thread-6] DEBUG org.apache.http.headers -- http-outgoing-63 >> POST /auth/login HTTP/1.1
16:18:52.790 [pool-2-thread-6] DEBUG org.apache.http.headers -- http-outgoing-63 >> Content-Type: application/json; charset=UTF-8
16:18:52.790 [pool-2-thread-6] DEBUG org.apache.http.headers -- http-outgoing-63 >> Content-Length: 54
16:18:52.790 [pool-2-thread-6] DEBUG org.apache.http.headers -- http-outgoing-63 >> Host: localhost:3000
16:18:52.790 [pool-2-thread-6] DEBUG org.apache.http.headers -- http-outgoing-63 >> Connection: Keep-Alive
16:18:52.790 [pool-2-thread-6] DEBUG org.apache.http.headers -- http-outgoing-63 >> User-Agent: Apache-HttpClient/4.5.14 (Java/17.0.9)
16:18:52.790 [pool-2-thread-6] DEBUG org.apache.http.headers -- http-outgoing-63 >> Accept-Encoding: gzip,deflate
16:18:52.790 [pool-2-thread-6] DEBUG org.apache.http.wire -- http-outgoing-63 >> "POST /auth/login HTTP/1.1[\r][\n]"
16:18:52.790 [pool-2-thread-6] DEBUG org.apache.http.wire -- http-outgoing-63 >> "Content-Type: application/json; charset=UTF-8[\r][\n]"
16:18:52.790 [pool-2-thread-6] DEBUG org.apache.http.wire -- http-outgoing-63 >> "Content-Length: 54[\r][\n]"
16:18:52.790 [pool-2-thread-6] DEBUG org.apache.http.wire -- http-outgoing-63 >> "Host: localhost:3000[\r][\n]"
16:18:52.790 [pool-2-thread-6] DEBUG org.apache.http.wire -- http-outgoing-63 >> "Connection: Keep-Alive[\r][\n]"
16:18:52.790 [pool-2-thread-6] DEBUG org.apache.http.wire -- http-outgoing-63 >> "User-Agent: Apache-HttpClient/4.5.14 (Java/17.0.9)[\r][\n]"
16:18:52.790 [pool-2-thread-6] DEBUG org.apache.http.wire -- http-outgoing-63 >> "Accept-Encoding: gzip,deflate[\r][\n]"
16:18:52.790 [pool-2-thread-6] DEBUG org.apache.http.wire -- http-outgoing-63 >> "[\r][\n]"
16:18:52.790 [pool-2-thread-6] DEBUG org.apache.http.wire -- http-outgoing-63 >> "{"email":"testit4@gmail.com","password":"Password123"}"
16:18:52.790 [pool-2-thread-2] INFO com.intuit.karate -- [print] Call 6 completed, status: 200 
16:18:52.792 [pool-2-thread-2] INFO com.intuit.karate -- [print] *** API CALL 7 *** 
16:18:52.796 [pool-2-thread-2] DEBUG org.apache.http.client.protocol.RequestAddCookies -- CookieSpec selected: karate
16:18:52.796 [pool-2-thread-2] DEBUG org.apache.http.client.protocol.RequestAuthCache -- Auth cache not set in the context
16:18:52.797 [pool-2-thread-2] DEBUG com.intuit.karate -- request:
7 > POST http://localhost:3000/auth/login
7 > Content-Type: application/json; charset=UTF-8
7 > Content-Length: 48
7 > Host: localhost:3000
7 > Connection: Keep-Alive
7 > User-Agent: Apache-HttpClient/4.5.14 (Java/17.0.9)
7 > Accept-Encoding: gzip,deflate
{"email":"quang1@gmail.com","password":"quang1"}

16:18:52.797 [pool-2-thread-2] DEBUG org.apache.http.impl.conn.PoolingHttpClientConnectionManager -- Connection request: [route: {}->http://localhost:3000][total available: 0; route allocated: 0 of 5; total allocated: 0 of 10]
16:18:52.797 [pool-2-thread-2] DEBUG org.apache.http.impl.conn.PoolingHttpClientConnectionManager -- Connection leased: [id: 64][route: {}->http://localhost:3000][total available: 0; route allocated: 1 of 5; total allocated: 1 of 10]
16:18:52.798 [pool-2-thread-2] DEBUG org.apache.http.impl.execchain.MainClientExec -- Opening connection {}->http://localhost:3000
16:18:52.798 [pool-2-thread-2] DEBUG org.apache.http.impl.conn.DefaultHttpClientConnectionOperator -- Connecting to localhost/127.0.0.1:3000
16:18:52.799 [pool-2-thread-2] DEBUG org.apache.http.impl.conn.DefaultHttpClientConnectionOperator -- Connection established 127.0.0.1:51338<->127.0.0.1:3000
16:18:52.799 [pool-2-thread-2] DEBUG org.apache.http.impl.conn.DefaultManagedHttpClientConnection -- http-outgoing-64: set socket timeout to 30000
16:18:52.799 [pool-2-thread-2] DEBUG org.apache.http.impl.execchain.MainClientExec -- Executing request POST /auth/login HTTP/1.1
16:18:52.799 [pool-2-thread-2] DEBUG org.apache.http.impl.execchain.MainClientExec -- Target auth state: UNCHALLENGED
16:18:52.799 [pool-2-thread-2] DEBUG org.apache.http.impl.execchain.MainClientExec -- Proxy auth state: UNCHALLENGED
16:18:52.799 [pool-2-thread-2] DEBUG org.apache.http.headers -- http-outgoing-64 >> POST /auth/login HTTP/1.1
16:18:52.799 [pool-2-thread-2] DEBUG org.apache.http.headers -- http-outgoing-64 >> Content-Type: application/json; charset=UTF-8
16:18:52.799 [pool-2-thread-2] DEBUG org.apache.http.headers -- http-outgoing-64 >> Content-Length: 48
16:18:52.799 [pool-2-thread-2] DEBUG org.apache.http.headers -- http-outgoing-64 >> Host: localhost:3000
16:18:52.799 [pool-2-thread-2] DEBUG org.apache.http.headers -- http-outgoing-64 >> Connection: Keep-Alive
16:18:52.799 [pool-2-thread-2] DEBUG org.apache.http.headers -- http-outgoing-64 >> User-Agent: Apache-HttpClient/4.5.14 (Java/17.0.9)
16:18:52.799 [pool-2-thread-2] DEBUG org.apache.http.headers -- http-outgoing-64 >> Accept-Encoding: gzip,deflate
16:18:52.799 [pool-2-thread-2] DEBUG org.apache.http.wire -- http-outgoing-64 >> "POST /auth/login HTTP/1.1[\r][\n]"
16:18:52.799 [pool-2-thread-2] DEBUG org.apache.http.wire -- http-outgoing-64 >> "Content-Type: application/json; charset=UTF-8[\r][\n]"
16:18:52.799 [pool-2-thread-2] DEBUG org.apache.http.wire -- http-outgoing-64 >> "Content-Length: 48[\r][\n]"
16:18:52.799 [pool-2-thread-2] DEBUG org.apache.http.wire -- http-outgoing-64 >> "Host: localhost:3000[\r][\n]"
16:18:52.799 [pool-2-thread-2] DEBUG org.apache.http.wire -- http-outgoing-64 >> "Connection: Keep-Alive[\r][\n]"
16:18:52.799 [pool-2-thread-2] DEBUG org.apache.http.wire -- http-outgoing-64 >> "User-Agent: Apache-HttpClient/4.5.14 (Java/17.0.9)[\r][\n]"
16:18:52.799 [pool-2-thread-2] DEBUG org.apache.http.wire -- http-outgoing-64 >> "Accept-Encoding: gzip,deflate[\r][\n]"
16:18:52.799 [pool-2-thread-2] DEBUG org.apache.http.wire -- http-outgoing-64 >> "[\r][\n]"
16:18:52.799 [pool-2-thread-2] DEBUG org.apache.http.wire -- http-outgoing-64 >> "{"email":"quang1@gmail.com","password":"quang1"}"
16:18:52.802 [pool-2-thread-9] DEBUG org.apache.http.wire -- http-outgoing-57 << "HTTP/1.1 200 OK[\r][\n]"
16:18:52.802 [pool-2-thread-9] DEBUG org.apache.http.wire -- http-outgoing-57 << "X-Powered-By: Express[\r][\n]"
16:18:52.802 [pool-2-thread-9] DEBUG org.apache.http.wire -- http-outgoing-57 << "Access-Control-Allow-Origin: *[\r][\n]"
16:18:52.802 [pool-2-thread-9] DEBUG org.apache.http.wire -- http-outgoing-57 << "Content-Type: application/json; charset=utf-8[\r][\n]"
16:18:52.803 [pool-2-thread-9] DEBUG org.apache.http.wire -- http-outgoing-57 << "Content-Length: 604[\r][\n]"
16:18:52.803 [pool-2-thread-9] DEBUG org.apache.http.wire -- http-outgoing-57 << "ETag: W/"25c-LNbuTe/ZQgYsejMTuGLJKyBzFQE"[\r][\n]"
16:18:52.803 [pool-2-thread-9] DEBUG org.apache.http.wire -- http-outgoing-57 << "Date: Tue, 24 Jun 2025 09:18:52 GMT[\r][\n]"
16:18:52.803 [pool-2-thread-9] DEBUG org.apache.http.wire -- http-outgoing-57 << "Connection: keep-alive[\r][\n]"
16:18:52.803 [pool-2-thread-9] DEBUG org.apache.http.wire -- http-outgoing-57 << "Keep-Alive: timeout=5[\r][\n]"
16:18:52.803 [pool-2-thread-9] DEBUG org.apache.http.wire -- http-outgoing-57 << "[\r][\n]"
16:18:52.803 [pool-2-thread-9] DEBUG org.apache.http.wire -- http-outgoing-57 << "{"access_token":"eyJhbGciOiJIUzI1NiIsInR5cCI6IkpXVCJ9.eyJzdWIiOiJkZjZmMDkxOS1hMjNkLTQ0YzktYTkyNS00ZWE4YmU1MjVkMTAiLCJ1c2VybmFtZSI6ImpvaG5kb2UyMyIsInJvbGUiOjAsImlhdCI6MTc1MDc1NjczMiwiZXhwIjoxNzUwNzYwMzMyfQ.P4Q5ETTJkLjQEPDykd4p0vdqPs3rPyoZ6Gk67ZGNLuc","refresh_token":"64b7e5aa6a54df357f4658249c63632563d35de579a342e2b57f52550cc799a7","user":{"id":"df6f0919-a23d-44c9-a925-4ea8be525d10","email":"testit@gmail.com","username":"johndoe23","name":"John Doe","phoneNumber":"0123456788","profilePic":null,"bio":null,"private":false,"verified":false,"role":0,"followersCount":0,"followingCount":0,"postCount":0}}"
16:18:52.803 [pool-2-thread-9] DEBUG org.apache.http.headers -- http-outgoing-57 << HTTP/1.1 200 OK
16:18:52.803 [pool-2-thread-9] DEBUG org.apache.http.headers -- http-outgoing-57 << X-Powered-By: Express
16:18:52.803 [pool-2-thread-9] DEBUG org.apache.http.headers -- http-outgoing-57 << Access-Control-Allow-Origin: *
16:18:52.803 [pool-2-thread-9] DEBUG org.apache.http.headers -- http-outgoing-57 << Content-Type: application/json; charset=utf-8
16:18:52.803 [pool-2-thread-9] DEBUG org.apache.http.headers -- http-outgoing-57 << Content-Length: 604
16:18:52.803 [pool-2-thread-9] DEBUG org.apache.http.headers -- http-outgoing-57 << ETag: W/"25c-LNbuTe/ZQgYsejMTuGLJKyBzFQE"
16:18:52.803 [pool-2-thread-9] DEBUG org.apache.http.headers -- http-outgoing-57 << Date: Tue, 24 Jun 2025 09:18:52 GMT
16:18:52.803 [pool-2-thread-9] DEBUG org.apache.http.headers -- http-outgoing-57 << Connection: keep-alive
16:18:52.803 [pool-2-thread-9] DEBUG org.apache.http.headers -- http-outgoing-57 << Keep-Alive: timeout=5
16:18:52.803 [pool-2-thread-3] DEBUG org.apache.http.wire -- http-outgoing-53 << "HTTP/1.1 200 OK[\r][\n]"
16:18:52.803 [pool-2-thread-3] DEBUG org.apache.http.wire -- http-outgoing-53 << "X-Powered-By: Express[\r][\n]"
16:18:52.803 [pool-2-thread-3] DEBUG org.apache.http.wire -- http-outgoing-53 << "Access-Control-Allow-Origin: *[\r][\n]"
16:18:52.803 [pool-2-thread-3] DEBUG org.apache.http.wire -- http-outgoing-53 << "Content-Type: application/json; charset=utf-8[\r][\n]"
16:18:52.803 [pool-2-thread-3] DEBUG org.apache.http.wire -- http-outgoing-53 << "Content-Length: 599[\r][\n]"
16:18:52.803 [pool-2-thread-3] DEBUG org.apache.http.wire -- http-outgoing-53 << "ETag: W/"257-FCrJ0h4pweEfI+GkTrTrIsK3Jog"[\r][\n]"
16:18:52.803 [pool-2-thread-3] DEBUG org.apache.http.wire -- http-outgoing-53 << "Date: Tue, 24 Jun 2025 09:18:52 GMT[\r][\n]"
16:18:52.803 [pool-2-thread-3] DEBUG org.apache.http.wire -- http-outgoing-53 << "Connection: keep-alive[\r][\n]"
16:18:52.803 [pool-2-thread-3] DEBUG org.apache.http.wire -- http-outgoing-53 << "Keep-Alive: timeout=5[\r][\n]"
16:18:52.803 [pool-2-thread-3] DEBUG org.apache.http.wire -- http-outgoing-53 << "[\r][\n]"
16:18:52.803 [pool-2-thread-3] DEBUG org.apache.http.wire -- http-outgoing-53 << "{"access_token":"eyJhbGciOiJIUzI1NiIsInR5cCI6IkpXVCJ9.eyJzdWIiOiIyZGRhMDQzOS01MTgwLTQ1YWEtOTE3Zi1lNjMyZTQ1YThlNDEiLCJ1c2VybmFtZSI6ImpvaG5kb2UiLCJyb2xlIjowLCJpYXQiOjE3NTA3NTY3MzIsImV4cCI6MTc1MDc2MDMzMn0.wXmIuHkJw49kqL9P5QTN92cqPRqqL6JFItqImw2DAZA","refresh_token":"3eaf3c2115bd1023f4d817693c92f25b0b0b8eec2774cf501a2c517526753c71","user":{"id":"2dda0439-5180-45aa-917f-e632e45a8e41","email":"test@example.com","username":"johndoe","name":"John Doe","phoneNumber":"0987654321","profilePic":null,"bio":null,"private":false,"verified":false,"role":0,"followersCount":0,"followingCount":0,"postCount":0}}"
16:18:52.803 [pool-2-thread-9] DEBUG org.apache.http.impl.execchain.MainClientExec -- Connection can be kept alive for 5000 MILLISECONDS
16:18:52.803 [pool-2-thread-3] DEBUG org.apache.http.headers -- http-outgoing-53 << HTTP/1.1 200 OK
16:18:52.803 [pool-2-thread-3] DEBUG org.apache.http.headers -- http-outgoing-53 << X-Powered-By: Express
16:18:52.803 [pool-2-thread-3] DEBUG org.apache.http.headers -- http-outgoing-53 << Access-Control-Allow-Origin: *
16:18:52.803 [pool-2-thread-3] DEBUG org.apache.http.headers -- http-outgoing-53 << Content-Type: application/json; charset=utf-8
16:18:52.803 [pool-2-thread-3] DEBUG org.apache.http.headers -- http-outgoing-53 << Content-Length: 599
16:18:52.803 [pool-2-thread-3] DEBUG org.apache.http.headers -- http-outgoing-53 << ETag: W/"257-FCrJ0h4pweEfI+GkTrTrIsK3Jog"
16:18:52.803 [pool-2-thread-3] DEBUG org.apache.http.headers -- http-outgoing-53 << Date: Tue, 24 Jun 2025 09:18:52 GMT
16:18:52.803 [pool-2-thread-3] DEBUG org.apache.http.headers -- http-outgoing-53 << Connection: keep-alive
16:18:52.803 [pool-2-thread-3] DEBUG org.apache.http.headers -- http-outgoing-53 << Keep-Alive: timeout=5
16:18:52.803 [pool-2-thread-3] DEBUG org.apache.http.impl.execchain.MainClientExec -- Connection can be kept alive for 5000 MILLISECONDS
16:18:52.803 [pool-2-thread-3] DEBUG org.apache.http.impl.conn.PoolingHttpClientConnectionManager -- Connection [id: 53][route: {}->http://localhost:3000] can be kept alive for 5.0 seconds
16:18:52.803 [pool-2-thread-9] DEBUG org.apache.http.impl.conn.PoolingHttpClientConnectionManager -- Connection [id: 57][route: {}->http://localhost:3000] can be kept alive for 5.0 seconds
16:18:52.803 [pool-2-thread-3] DEBUG org.apache.http.impl.conn.DefaultManagedHttpClientConnection -- http-outgoing-53: set socket timeout to 0
16:18:52.803 [pool-2-thread-9] DEBUG org.apache.http.impl.conn.DefaultManagedHttpClientConnection -- http-outgoing-57: set socket timeout to 0
16:18:52.803 [pool-2-thread-3] DEBUG org.apache.http.impl.conn.PoolingHttpClientConnectionManager -- Connection released: [id: 53][route: {}->http://localhost:3000][total available: 1; route allocated: 1 of 5; total allocated: 1 of 10]
16:18:52.803 [pool-2-thread-9] DEBUG org.apache.http.impl.conn.PoolingHttpClientConnectionManager -- Connection released: [id: 57][route: {}->http://localhost:3000][total available: 1; route allocated: 1 of 5; total allocated: 1 of 10]
16:18:52.803 [pool-2-thread-3] DEBUG org.apache.http.impl.conn.PoolingHttpClientConnectionManager -- Connection manager is shutting down
16:18:52.803 [pool-2-thread-9] DEBUG org.apache.http.impl.conn.PoolingHttpClientConnectionManager -- Connection manager is shutting down
16:18:52.803 [pool-2-thread-3] DEBUG org.apache.http.impl.conn.DefaultManagedHttpClientConnection -- http-outgoing-53: Close connection
16:18:52.803 [pool-2-thread-9] DEBUG org.apache.http.impl.conn.DefaultManagedHttpClientConnection -- http-outgoing-57: Close connection
16:18:52.803 [pool-2-thread-9] DEBUG org.apache.http.impl.conn.PoolingHttpClientConnectionManager -- Connection manager shut down
16:18:52.803 [pool-2-thread-3] DEBUG org.apache.http.impl.conn.PoolingHttpClientConnectionManager -- Connection manager shut down
16:18:52.804 [pool-2-thread-3] DEBUG com.intuit.karate -- response time in milliseconds: 922
6 < 200
6 < X-Powered-By: Express
6 < Access-Control-Allow-Origin: *
6 < Content-Type: application/json; charset=utf-8
6 < Content-Length: 599
6 < ETag: W/"257-FCrJ0h4pweEfI+GkTrTrIsK3Jog"
6 < Date: Tue, 24 Jun 2025 09:18:52 GMT
6 < Connection: keep-alive
6 < Keep-Alive: timeout=5
{"access_token":"eyJhbGciOiJIUzI1NiIsInR5cCI6IkpXVCJ9.eyJzdWIiOiIyZGRhMDQzOS01MTgwLTQ1YWEtOTE3Zi1lNjMyZTQ1YThlNDEiLCJ1c2VybmFtZSI6ImpvaG5kb2UiLCJyb2xlIjowLCJpYXQiOjE3NTA3NTY3MzIsImV4cCI6MTc1MDc2MDMzMn0.wXmIuHkJw49kqL9P5QTN92cqPRqqL6JFItqImw2DAZA","refresh_token":"3eaf3c2115bd1023f4d817693c92f25b0b0b8eec2774cf501a2c517526753c71","user":{"id":"2dda0439-5180-45aa-917f-e632e45a8e41","email":"test@example.com","username":"johndoe","name":"John Doe","phoneNumber":"0987654321","profilePic":null,"bio":null,"private":false,"verified":false,"role":0,"followersCount":0,"followingCount":0,"postCount":0}}

16:18:52.804 [pool-2-thread-9] DEBUG com.intuit.karate -- response time in milliseconds: 816
6 < 200
6 < X-Powered-By: Express
6 < Access-Control-Allow-Origin: *
6 < Content-Type: application/json; charset=utf-8
6 < Content-Length: 604
6 < ETag: W/"25c-LNbuTe/ZQgYsejMTuGLJKyBzFQE"
6 < Date: Tue, 24 Jun 2025 09:18:52 GMT
6 < Connection: keep-alive
6 < Keep-Alive: timeout=5
{"access_token":"eyJhbGciOiJIUzI1NiIsInR5cCI6IkpXVCJ9.eyJzdWIiOiJkZjZmMDkxOS1hMjNkLTQ0YzktYTkyNS00ZWE4YmU1MjVkMTAiLCJ1c2VybmFtZSI6ImpvaG5kb2UyMyIsInJvbGUiOjAsImlhdCI6MTc1MDc1NjczMiwiZXhwIjoxNzUwNzYwMzMyfQ.P4Q5ETTJkLjQEPDykd4p0vdqPs3rPyoZ6Gk67ZGNLuc","refresh_token":"64b7e5aa6a54df357f4658249c63632563d35de579a342e2b57f52550cc799a7","user":{"id":"df6f0919-a23d-44c9-a925-4ea8be525d10","email":"testit@gmail.com","username":"johndoe23","name":"John Doe","phoneNumber":"0123456788","profilePic":null,"bio":null,"private":false,"verified":false,"role":0,"followersCount":0,"followingCount":0,"postCount":0}}

16:18:52.806 [pool-2-thread-3] INFO com.intuit.karate -- [print] Call 6 completed, status: 200 
16:18:52.806 [pool-2-thread-9] INFO com.intuit.karate -- [print] Call 6 completed, status: 200 
16:18:52.807 [pool-2-thread-3] INFO com.intuit.karate -- [print] *** API CALL 7 *** 
16:18:52.807 [pool-2-thread-9] INFO com.intuit.karate -- [print] *** API CALL 7 *** 
16:18:52.807 [pool-2-thread-4] DEBUG org.apache.http.wire -- http-outgoing-54 << "HTTP/1.1 200 OK[\r][\n]"
16:18:52.807 [pool-2-thread-4] DEBUG org.apache.http.wire -- http-outgoing-54 << "X-Powered-By: Express[\r][\n]"
16:18:52.807 [pool-2-thread-4] DEBUG org.apache.http.wire -- http-outgoing-54 << "Access-Control-Allow-Origin: *[\r][\n]"
16:18:52.807 [pool-2-thread-4] DEBUG org.apache.http.wire -- http-outgoing-54 << "Content-Type: application/json; charset=utf-8[\r][\n]"
16:18:52.807 [pool-2-thread-4] DEBUG org.apache.http.wire -- http-outgoing-54 << "Content-Length: 608[\r][\n]"
16:18:52.807 [pool-2-thread-4] DEBUG org.apache.http.wire -- http-outgoing-54 << "ETag: W/"260-VsAcwinFzzxQRr6kxH+gR4OgwvA"[\r][\n]"
16:18:52.807 [pool-2-thread-4] DEBUG org.apache.http.wire -- http-outgoing-54 << "Date: Tue, 24 Jun 2025 09:18:52 GMT[\r][\n]"
16:18:52.807 [pool-2-thread-4] DEBUG org.apache.http.wire -- http-outgoing-54 << "Connection: keep-alive[\r][\n]"
16:18:52.807 [pool-2-thread-4] DEBUG org.apache.http.wire -- http-outgoing-54 << "Keep-Alive: timeout=5[\r][\n]"
16:18:52.807 [pool-2-thread-4] DEBUG org.apache.http.wire -- http-outgoing-54 << "[\r][\n]"
16:18:52.807 [pool-2-thread-4] DEBUG org.apache.http.wire -- http-outgoing-54 << "{"access_token":"eyJhbGciOiJIUzI1NiIsInR5cCI6IkpXVCJ9.eyJzdWIiOiI4YTI0NzQ2MS01YzA0LTQyMWQtOThmNS1mYTljNzM0ZmFlYTUiLCJ1c2VybmFtZSI6ImphbmVzbWl0aCIsInJvbGUiOjAsImlhdCI6MTc1MDc1NjczMiwiZXhwIjoxNzUwNzYwMzMyfQ.NyAiIZH7FoOM1vVy9IZDHrPWlgTjZ1A2uGqdm1DowGk","refresh_token":"4ec0123f523e50f3e1b7d79c0f2830c1d9caf35caa027fc0c0adc12943565952","user":{"id":"8a247461-5c04-421d-98f5-fa9c734faea5","email":"test2@example.com","username":"janesmith","name":"Jane Smith","phoneNumber":"01234567890","profilePic":null,"bio":null,"private":false,"verified":false,"role":0,"followersCount":0,"followingCount":0,"postCount":0}}"
16:18:52.807 [pool-2-thread-4] DEBUG org.apache.http.headers -- http-outgoing-54 << HTTP/1.1 200 OK
16:18:52.807 [pool-2-thread-4] DEBUG org.apache.http.headers -- http-outgoing-54 << X-Powered-By: Express
16:18:52.807 [pool-2-thread-4] DEBUG org.apache.http.headers -- http-outgoing-54 << Access-Control-Allow-Origin: *
16:18:52.807 [pool-2-thread-4] DEBUG org.apache.http.headers -- http-outgoing-54 << Content-Type: application/json; charset=utf-8
16:18:52.807 [pool-2-thread-4] DEBUG org.apache.http.headers -- http-outgoing-54 << Content-Length: 608
16:18:52.807 [pool-2-thread-4] DEBUG org.apache.http.headers -- http-outgoing-54 << ETag: W/"260-VsAcwinFzzxQRr6kxH+gR4OgwvA"
16:18:52.807 [pool-2-thread-4] DEBUG org.apache.http.headers -- http-outgoing-54 << Date: Tue, 24 Jun 2025 09:18:52 GMT
16:18:52.807 [pool-2-thread-4] DEBUG org.apache.http.headers -- http-outgoing-54 << Connection: keep-alive
16:18:52.807 [pool-2-thread-4] DEBUG org.apache.http.headers -- http-outgoing-54 << Keep-Alive: timeout=5
16:18:52.808 [pool-2-thread-4] DEBUG org.apache.http.impl.execchain.MainClientExec -- Connection can be kept alive for 5000 MILLISECONDS
16:18:52.808 [pool-2-thread-4] DEBUG org.apache.http.impl.conn.PoolingHttpClientConnectionManager -- Connection [id: 54][route: {}->http://localhost:3000] can be kept alive for 5.0 seconds
16:18:52.808 [pool-2-thread-4] DEBUG org.apache.http.impl.conn.DefaultManagedHttpClientConnection -- http-outgoing-54: set socket timeout to 0
16:18:52.808 [pool-2-thread-4] DEBUG org.apache.http.impl.conn.PoolingHttpClientConnectionManager -- Connection released: [id: 54][route: {}->http://localhost:3000][total available: 1; route allocated: 1 of 5; total allocated: 1 of 10]
16:18:52.809 [pool-2-thread-4] DEBUG org.apache.http.impl.conn.PoolingHttpClientConnectionManager -- Connection manager is shutting down
16:18:52.809 [pool-2-thread-4] DEBUG org.apache.http.impl.conn.DefaultManagedHttpClientConnection -- http-outgoing-54: Close connection
16:18:52.809 [pool-2-thread-4] DEBUG org.apache.http.impl.conn.PoolingHttpClientConnectionManager -- Connection manager shut down
16:18:52.809 [pool-2-thread-4] DEBUG com.intuit.karate -- response time in milliseconds: 872
6 < 200
6 < X-Powered-By: Express
6 < Access-Control-Allow-Origin: *
6 < Content-Type: application/json; charset=utf-8
6 < Content-Length: 608
6 < ETag: W/"260-VsAcwinFzzxQRr6kxH+gR4OgwvA"
6 < Date: Tue, 24 Jun 2025 09:18:52 GMT
6 < Connection: keep-alive
6 < Keep-Alive: timeout=5
{"access_token":"eyJhbGciOiJIUzI1NiIsInR5cCI6IkpXVCJ9.eyJzdWIiOiI4YTI0NzQ2MS01YzA0LTQyMWQtOThmNS1mYTljNzM0ZmFlYTUiLCJ1c2VybmFtZSI6ImphbmVzbWl0aCIsInJvbGUiOjAsImlhdCI6MTc1MDc1NjczMiwiZXhwIjoxNzUwNzYwMzMyfQ.NyAiIZH7FoOM1vVy9IZDHrPWlgTjZ1A2uGqdm1DowGk","refresh_token":"4ec0123f523e50f3e1b7d79c0f2830c1d9caf35caa027fc0c0adc12943565952","user":{"id":"8a247461-5c04-421d-98f5-fa9c734faea5","email":"test2@example.com","username":"janesmith","name":"Jane Smith","phoneNumber":"01234567890","profilePic":null,"bio":null,"private":false,"verified":false,"role":0,"followersCount":0,"followingCount":0,"postCount":0}}

16:18:52.809 [pool-2-thread-9] DEBUG org.apache.http.client.protocol.RequestAddCookies -- CookieSpec selected: karate
16:18:52.809 [pool-2-thread-3] DEBUG org.apache.http.client.protocol.RequestAddCookies -- CookieSpec selected: karate
16:18:52.809 [pool-2-thread-9] DEBUG org.apache.http.client.protocol.RequestAuthCache -- Auth cache not set in the context
16:18:52.809 [pool-2-thread-3] DEBUG org.apache.http.client.protocol.RequestAuthCache -- Auth cache not set in the context
16:18:52.809 [pool-2-thread-9] DEBUG com.intuit.karate -- request:
7 > POST http://localhost:3000/auth/login
7 > Content-Type: application/json; charset=UTF-8
7 > Content-Length: 53
7 > Host: localhost:3000
7 > Connection: Keep-Alive
7 > User-Agent: Apache-HttpClient/4.5.14 (Java/17.0.9)
7 > Accept-Encoding: gzip,deflate
{"email":"testit@gmail.com","password":"Password123"}

16:18:52.809 [pool-2-thread-3] DEBUG com.intuit.karate -- request:
7 > POST http://localhost:3000/auth/login
7 > Content-Type: application/json; charset=UTF-8
7 > Content-Length: 53
7 > Host: localhost:3000
7 > Connection: Keep-Alive
7 > User-Agent: Apache-HttpClient/4.5.14 (Java/17.0.9)
7 > Accept-Encoding: gzip,deflate
{"email":"test@example.com","password":"Password123"}

16:18:52.809 [pool-2-thread-9] DEBUG org.apache.http.impl.conn.PoolingHttpClientConnectionManager -- Connection request: [route: {}->http://localhost:3000][total available: 0; route allocated: 0 of 5; total allocated: 0 of 10]
16:18:52.809 [pool-2-thread-3] DEBUG org.apache.http.impl.conn.PoolingHttpClientConnectionManager -- Connection request: [route: {}->http://localhost:3000][total available: 0; route allocated: 0 of 5; total allocated: 0 of 10]
16:18:52.809 [pool-2-thread-3] DEBUG org.apache.http.impl.conn.PoolingHttpClientConnectionManager -- Connection leased: [id: 65][route: {}->http://localhost:3000][total available: 0; route allocated: 1 of 5; total allocated: 1 of 10]
16:18:52.809 [pool-2-thread-9] DEBUG org.apache.http.impl.conn.PoolingHttpClientConnectionManager -- Connection leased: [id: 66][route: {}->http://localhost:3000][total available: 0; route allocated: 1 of 5; total allocated: 1 of 10]
16:18:52.809 [pool-2-thread-3] DEBUG org.apache.http.impl.execchain.MainClientExec -- Opening connection {}->http://localhost:3000
16:18:52.809 [pool-2-thread-9] DEBUG org.apache.http.impl.execchain.MainClientExec -- Opening connection {}->http://localhost:3000
16:18:52.809 [pool-2-thread-9] DEBUG org.apache.http.impl.conn.DefaultHttpClientConnectionOperator -- Connecting to localhost/127.0.0.1:3000
16:18:52.809 [pool-2-thread-3] DEBUG org.apache.http.impl.conn.DefaultHttpClientConnectionOperator -- Connecting to localhost/127.0.0.1:3000
16:18:52.810 [pool-2-thread-9] DEBUG org.apache.http.impl.conn.DefaultHttpClientConnectionOperator -- Connection established 127.0.0.1:51340<->127.0.0.1:3000
16:18:52.810 [pool-2-thread-3] DEBUG org.apache.http.impl.conn.DefaultHttpClientConnectionOperator -- Connection established 127.0.0.1:51339<->127.0.0.1:3000
16:18:52.810 [pool-2-thread-9] DEBUG org.apache.http.impl.conn.DefaultManagedHttpClientConnection -- http-outgoing-66: set socket timeout to 30000
16:18:52.810 [pool-2-thread-3] DEBUG org.apache.http.impl.conn.DefaultManagedHttpClientConnection -- http-outgoing-65: set socket timeout to 30000
16:18:52.810 [pool-2-thread-3] DEBUG org.apache.http.impl.execchain.MainClientExec -- Executing request POST /auth/login HTTP/1.1
16:18:52.810 [pool-2-thread-9] DEBUG org.apache.http.impl.execchain.MainClientExec -- Executing request POST /auth/login HTTP/1.1
16:18:52.810 [pool-2-thread-3] DEBUG org.apache.http.impl.execchain.MainClientExec -- Target auth state: UNCHALLENGED
16:18:52.810 [pool-2-thread-9] DEBUG org.apache.http.impl.execchain.MainClientExec -- Target auth state: UNCHALLENGED
16:18:52.810 [pool-2-thread-3] DEBUG org.apache.http.impl.execchain.MainClientExec -- Proxy auth state: UNCHALLENGED
16:18:52.810 [pool-2-thread-9] DEBUG org.apache.http.impl.execchain.MainClientExec -- Proxy auth state: UNCHALLENGED
16:18:52.810 [pool-2-thread-9] DEBUG org.apache.http.headers -- http-outgoing-66 >> POST /auth/login HTTP/1.1
16:18:52.810 [pool-2-thread-3] DEBUG org.apache.http.headers -- http-outgoing-65 >> POST /auth/login HTTP/1.1
16:18:52.810 [pool-2-thread-9] DEBUG org.apache.http.headers -- http-outgoing-66 >> Content-Type: application/json; charset=UTF-8
16:18:52.810 [pool-2-thread-3] DEBUG org.apache.http.headers -- http-outgoing-65 >> Content-Type: application/json; charset=UTF-8
16:18:52.810 [pool-2-thread-3] DEBUG org.apache.http.headers -- http-outgoing-65 >> Content-Length: 53
16:18:52.810 [pool-2-thread-9] DEBUG org.apache.http.headers -- http-outgoing-66 >> Content-Length: 53
16:18:52.810 [pool-2-thread-3] DEBUG org.apache.http.headers -- http-outgoing-65 >> Host: localhost:3000
16:18:52.810 [pool-2-thread-9] DEBUG org.apache.http.headers -- http-outgoing-66 >> Host: localhost:3000
16:18:52.810 [pool-2-thread-3] DEBUG org.apache.http.headers -- http-outgoing-65 >> Connection: Keep-Alive
16:18:52.810 [pool-2-thread-9] DEBUG org.apache.http.headers -- http-outgoing-66 >> Connection: Keep-Alive
16:18:52.810 [pool-2-thread-3] DEBUG org.apache.http.headers -- http-outgoing-65 >> User-Agent: Apache-HttpClient/4.5.14 (Java/17.0.9)
16:18:52.810 [pool-2-thread-9] DEBUG org.apache.http.headers -- http-outgoing-66 >> User-Agent: Apache-HttpClient/4.5.14 (Java/17.0.9)
16:18:52.810 [pool-2-thread-3] DEBUG org.apache.http.headers -- http-outgoing-65 >> Accept-Encoding: gzip,deflate
16:18:52.810 [pool-2-thread-9] DEBUG org.apache.http.headers -- http-outgoing-66 >> Accept-Encoding: gzip,deflate
16:18:52.810 [pool-2-thread-9] DEBUG org.apache.http.wire -- http-outgoing-66 >> "POST /auth/login HTTP/1.1[\r][\n]"
16:18:52.810 [pool-2-thread-9] DEBUG org.apache.http.wire -- http-outgoing-66 >> "Content-Type: application/json; charset=UTF-8[\r][\n]"
16:18:52.810 [pool-2-thread-9] DEBUG org.apache.http.wire -- http-outgoing-66 >> "Content-Length: 53[\r][\n]"
16:18:52.810 [pool-2-thread-9] DEBUG org.apache.http.wire -- http-outgoing-66 >> "Host: localhost:3000[\r][\n]"
16:18:52.810 [pool-2-thread-9] DEBUG org.apache.http.wire -- http-outgoing-66 >> "Connection: Keep-Alive[\r][\n]"
16:18:52.810 [pool-2-thread-9] DEBUG org.apache.http.wire -- http-outgoing-66 >> "User-Agent: Apache-HttpClient/4.5.14 (Java/17.0.9)[\r][\n]"
16:18:52.810 [pool-2-thread-3] DEBUG org.apache.http.wire -- http-outgoing-65 >> "POST /auth/login HTTP/1.1[\r][\n]"
16:18:52.810 [pool-2-thread-9] DEBUG org.apache.http.wire -- http-outgoing-66 >> "Accept-Encoding: gzip,deflate[\r][\n]"
16:18:52.810 [pool-2-thread-9] DEBUG org.apache.http.wire -- http-outgoing-66 >> "[\r][\n]"
16:18:52.810 [pool-2-thread-3] DEBUG org.apache.http.wire -- http-outgoing-65 >> "Content-Type: application/json; charset=UTF-8[\r][\n]"
16:18:52.810 [pool-2-thread-3] DEBUG org.apache.http.wire -- http-outgoing-65 >> "Content-Length: 53[\r][\n]"
16:18:52.810 [pool-2-thread-9] DEBUG org.apache.http.wire -- http-outgoing-66 >> "{"email":"testit@gmail.com","password":"Password123"}"
16:18:52.810 [pool-2-thread-3] DEBUG org.apache.http.wire -- http-outgoing-65 >> "Host: localhost:3000[\r][\n]"
16:18:52.810 [pool-2-thread-3] DEBUG org.apache.http.wire -- http-outgoing-65 >> "Connection: Keep-Alive[\r][\n]"
16:18:52.810 [pool-2-thread-3] DEBUG org.apache.http.wire -- http-outgoing-65 >> "User-Agent: Apache-HttpClient/4.5.14 (Java/17.0.9)[\r][\n]"
16:18:52.810 [pool-2-thread-3] DEBUG org.apache.http.wire -- http-outgoing-65 >> "Accept-Encoding: gzip,deflate[\r][\n]"
16:18:52.810 [pool-2-thread-3] DEBUG org.apache.http.wire -- http-outgoing-65 >> "[\r][\n]"
16:18:52.810 [pool-2-thread-4] INFO com.intuit.karate -- [print] Call 6 completed, status: 200 
16:18:52.810 [pool-2-thread-3] DEBUG org.apache.http.wire -- http-outgoing-65 >> "{"email":"test@example.com","password":"Password123"}"
16:18:52.811 [pool-2-thread-4] INFO com.intuit.karate -- [print] *** API CALL 7 *** 
16:18:52.814 [pool-2-thread-4] DEBUG org.apache.http.client.protocol.RequestAddCookies -- CookieSpec selected: karate
16:18:52.814 [pool-2-thread-4] DEBUG org.apache.http.client.protocol.RequestAuthCache -- Auth cache not set in the context
16:18:52.814 [pool-2-thread-4] DEBUG com.intuit.karate -- request:
7 > POST http://localhost:3000/auth/login
7 > Content-Type: application/json; charset=UTF-8
7 > Content-Length: 54
7 > Host: localhost:3000
7 > Connection: Keep-Alive
7 > User-Agent: Apache-HttpClient/4.5.14 (Java/17.0.9)
7 > Accept-Encoding: gzip,deflate
{"email":"test2@example.com","password":"Password123"}

16:18:52.814 [pool-2-thread-4] DEBUG org.apache.http.impl.conn.PoolingHttpClientConnectionManager -- Connection request: [route: {}->http://localhost:3000][total available: 0; route allocated: 0 of 5; total allocated: 0 of 10]
16:18:52.815 [pool-2-thread-4] DEBUG org.apache.http.impl.conn.PoolingHttpClientConnectionManager -- Connection leased: [id: 67][route: {}->http://localhost:3000][total available: 0; route allocated: 1 of 5; total allocated: 1 of 10]
16:18:52.815 [pool-2-thread-4] DEBUG org.apache.http.impl.execchain.MainClientExec -- Opening connection {}->http://localhost:3000
16:18:52.815 [pool-2-thread-4] DEBUG org.apache.http.impl.conn.DefaultHttpClientConnectionOperator -- Connecting to localhost/127.0.0.1:3000
16:18:52.817 [pool-2-thread-4] DEBUG org.apache.http.impl.conn.DefaultHttpClientConnectionOperator -- Connection established 127.0.0.1:51341<->127.0.0.1:3000
16:18:52.817 [pool-2-thread-4] DEBUG org.apache.http.impl.conn.DefaultManagedHttpClientConnection -- http-outgoing-67: set socket timeout to 30000
16:18:52.817 [pool-2-thread-4] DEBUG org.apache.http.impl.execchain.MainClientExec -- Executing request POST /auth/login HTTP/1.1
16:18:52.817 [pool-2-thread-4] DEBUG org.apache.http.impl.execchain.MainClientExec -- Target auth state: UNCHALLENGED
16:18:52.817 [pool-2-thread-4] DEBUG org.apache.http.impl.execchain.MainClientExec -- Proxy auth state: UNCHALLENGED
16:18:52.817 [pool-2-thread-4] DEBUG org.apache.http.headers -- http-outgoing-67 >> POST /auth/login HTTP/1.1
16:18:52.817 [pool-2-thread-4] DEBUG org.apache.http.headers -- http-outgoing-67 >> Content-Type: application/json; charset=UTF-8
16:18:52.817 [pool-2-thread-4] DEBUG org.apache.http.headers -- http-outgoing-67 >> Content-Length: 54
16:18:52.817 [pool-2-thread-4] DEBUG org.apache.http.headers -- http-outgoing-67 >> Host: localhost:3000
16:18:52.817 [pool-2-thread-4] DEBUG org.apache.http.headers -- http-outgoing-67 >> Connection: Keep-Alive
16:18:52.817 [pool-2-thread-4] DEBUG org.apache.http.headers -- http-outgoing-67 >> User-Agent: Apache-HttpClient/4.5.14 (Java/17.0.9)
16:18:52.817 [pool-2-thread-4] DEBUG org.apache.http.headers -- http-outgoing-67 >> Accept-Encoding: gzip,deflate
16:18:52.817 [pool-2-thread-4] DEBUG org.apache.http.wire -- http-outgoing-67 >> "POST /auth/login HTTP/1.1[\r][\n]"
16:18:52.817 [pool-2-thread-4] DEBUG org.apache.http.wire -- http-outgoing-67 >> "Content-Type: application/json; charset=UTF-8[\r][\n]"
16:18:52.817 [pool-2-thread-4] DEBUG org.apache.http.wire -- http-outgoing-67 >> "Content-Length: 54[\r][\n]"
16:18:52.817 [pool-2-thread-4] DEBUG org.apache.http.wire -- http-outgoing-67 >> "Host: localhost:3000[\r][\n]"
16:18:52.817 [pool-2-thread-4] DEBUG org.apache.http.wire -- http-outgoing-67 >> "Connection: Keep-Alive[\r][\n]"
16:18:52.817 [pool-2-thread-4] DEBUG org.apache.http.wire -- http-outgoing-67 >> "User-Agent: Apache-HttpClient/4.5.14 (Java/17.0.9)[\r][\n]"
16:18:52.817 [pool-2-thread-4] DEBUG org.apache.http.wire -- http-outgoing-67 >> "Accept-Encoding: gzip,deflate[\r][\n]"
16:18:52.817 [pool-2-thread-4] DEBUG org.apache.http.wire -- http-outgoing-67 >> "[\r][\n]"
16:18:52.817 [pool-2-thread-4] DEBUG org.apache.http.wire -- http-outgoing-67 >> "{"email":"test2@example.com","password":"Password123"}"
16:18:52.879 [pool-2-thread-7] DEBUG org.apache.http.wire -- http-outgoing-58 << "HTTP/1.1 200 OK[\r][\n]"
16:18:52.879 [pool-2-thread-7] DEBUG org.apache.http.wire -- http-outgoing-58 << "X-Powered-By: Express[\r][\n]"
16:18:52.879 [pool-2-thread-7] DEBUG org.apache.http.wire -- http-outgoing-58 << "Access-Control-Allow-Origin: *[\r][\n]"
16:18:52.879 [pool-2-thread-7] DEBUG org.apache.http.wire -- http-outgoing-58 << "Content-Type: application/json; charset=utf-8[\r][\n]"
16:18:52.879 [pool-2-thread-7] DEBUG org.apache.http.wire -- http-outgoing-58 << "Content-Length: 605[\r][\n]"
16:18:52.879 [pool-2-thread-7] DEBUG org.apache.http.wire -- http-outgoing-58 << "ETag: W/"25d-XfnPXofcXy9Dkc241+GUCOPBZts"[\r][\n]"
16:18:52.879 [pool-2-thread-7] DEBUG org.apache.http.wire -- http-outgoing-58 << "Date: Tue, 24 Jun 2025 09:18:52 GMT[\r][\n]"
16:18:52.879 [pool-2-thread-7] DEBUG org.apache.http.wire -- http-outgoing-58 << "Connection: keep-alive[\r][\n]"
16:18:52.879 [pool-2-thread-7] DEBUG org.apache.http.wire -- http-outgoing-58 << "Keep-Alive: timeout=5[\r][\n]"
16:18:52.879 [pool-2-thread-7] DEBUG org.apache.http.wire -- http-outgoing-58 << "[\r][\n]"
16:18:52.879 [pool-2-thread-7] DEBUG org.apache.http.wire -- http-outgoing-58 << "{"access_token":"eyJhbGciOiJIUzI1NiIsInR5cCI6IkpXVCJ9.eyJzdWIiOiI2NTBjZTFlZC1hYWNhLTQzOGYtOTk4OC0xZjA1OGFiNWFhMWEiLCJ1c2VybmFtZSI6ImpvaG5kb2UyNSIsInJvbGUiOjAsImlhdCI6MTc1MDc1NjczMiwiZXhwIjoxNzUwNzYwMzMyfQ.lZb5r2GivVV6qQfWamxrdEX0gPxThAvxMXs2uvcUM-w","refresh_token":"9731f19215bc79790b6c818684f8edb1a0c1be664729fd04b60e7cc5b84ecae4","user":{"id":"650ce1ed-aaca-438f-9988-1f058ab5aa1a","email":"testit3@gmail.com","username":"johndoe25","name":"John Doe","phoneNumber":"0123456713","profilePic":null,"bio":null,"private":false,"verified":false,"role":0,"followersCount":0,"followingCount":0,"postCount":0}}"
16:18:52.879 [pool-2-thread-7] DEBUG org.apache.http.headers -- http-outgoing-58 << HTTP/1.1 200 OK
16:18:52.879 [pool-2-thread-7] DEBUG org.apache.http.headers -- http-outgoing-58 << X-Powered-By: Express
16:18:52.879 [pool-2-thread-7] DEBUG org.apache.http.headers -- http-outgoing-58 << Access-Control-Allow-Origin: *
16:18:52.879 [pool-2-thread-7] DEBUG org.apache.http.headers -- http-outgoing-58 << Content-Type: application/json; charset=utf-8
16:18:52.879 [pool-2-thread-7] DEBUG org.apache.http.headers -- http-outgoing-58 << Content-Length: 605
16:18:52.879 [pool-2-thread-7] DEBUG org.apache.http.headers -- http-outgoing-58 << ETag: W/"25d-XfnPXofcXy9Dkc241+GUCOPBZts"
16:18:52.879 [pool-2-thread-7] DEBUG org.apache.http.headers -- http-outgoing-58 << Date: Tue, 24 Jun 2025 09:18:52 GMT
16:18:52.879 [pool-2-thread-7] DEBUG org.apache.http.headers -- http-outgoing-58 << Connection: keep-alive
16:18:52.879 [pool-2-thread-7] DEBUG org.apache.http.headers -- http-outgoing-58 << Keep-Alive: timeout=5
16:18:52.879 [pool-2-thread-7] DEBUG org.apache.http.impl.execchain.MainClientExec -- Connection can be kept alive for 5000 MILLISECONDS
16:18:52.880 [pool-2-thread-7] DEBUG org.apache.http.impl.conn.PoolingHttpClientConnectionManager -- Connection [id: 58][route: {}->http://localhost:3000] can be kept alive for 5.0 seconds
16:18:52.880 [pool-2-thread-7] DEBUG org.apache.http.impl.conn.DefaultManagedHttpClientConnection -- http-outgoing-58: set socket timeout to 0
16:18:52.880 [pool-2-thread-7] DEBUG org.apache.http.impl.conn.PoolingHttpClientConnectionManager -- Connection released: [id: 58][route: {}->http://localhost:3000][total available: 1; route allocated: 1 of 5; total allocated: 1 of 10]
16:18:52.880 [pool-2-thread-7] DEBUG org.apache.http.impl.conn.PoolingHttpClientConnectionManager -- Connection manager is shutting down
16:18:52.880 [pool-2-thread-7] DEBUG org.apache.http.impl.conn.DefaultManagedHttpClientConnection -- http-outgoing-58: Close connection
16:18:52.880 [pool-2-thread-7] DEBUG org.apache.http.impl.conn.PoolingHttpClientConnectionManager -- Connection manager shut down
16:18:52.880 [pool-2-thread-7] DEBUG com.intuit.karate -- response time in milliseconds: 874
6 < 200
6 < X-Powered-By: Express
6 < Access-Control-Allow-Origin: *
6 < Content-Type: application/json; charset=utf-8
6 < Content-Length: 605
6 < ETag: W/"25d-XfnPXofcXy9Dkc241+GUCOPBZts"
6 < Date: Tue, 24 Jun 2025 09:18:52 GMT
6 < Connection: keep-alive
6 < Keep-Alive: timeout=5
{"access_token":"eyJhbGciOiJIUzI1NiIsInR5cCI6IkpXVCJ9.eyJzdWIiOiI2NTBjZTFlZC1hYWNhLTQzOGYtOTk4OC0xZjA1OGFiNWFhMWEiLCJ1c2VybmFtZSI6ImpvaG5kb2UyNSIsInJvbGUiOjAsImlhdCI6MTc1MDc1NjczMiwiZXhwIjoxNzUwNzYwMzMyfQ.lZb5r2GivVV6qQfWamxrdEX0gPxThAvxMXs2uvcUM-w","refresh_token":"9731f19215bc79790b6c818684f8edb1a0c1be664729fd04b60e7cc5b84ecae4","user":{"id":"650ce1ed-aaca-438f-9988-1f058ab5aa1a","email":"testit3@gmail.com","username":"johndoe25","name":"John Doe","phoneNumber":"0123456713","profilePic":null,"bio":null,"private":false,"verified":false,"role":0,"followersCount":0,"followingCount":0,"postCount":0}}

16:18:52.887 [pool-2-thread-7] INFO com.intuit.karate -- [print] Call 6 completed, status: 200 
16:18:52.888 [pool-2-thread-7] INFO com.intuit.karate -- [print] *** API CALL 7 *** 
16:18:52.891 [pool-2-thread-7] DEBUG org.apache.http.client.protocol.RequestAddCookies -- CookieSpec selected: karate
16:18:52.891 [pool-2-thread-7] DEBUG org.apache.http.client.protocol.RequestAuthCache -- Auth cache not set in the context
16:18:52.891 [pool-2-thread-7] DEBUG com.intuit.karate -- request:
7 > POST http://localhost:3000/auth/login
7 > Content-Type: application/json; charset=UTF-8
7 > Content-Length: 54
7 > Host: localhost:3000
7 > Connection: Keep-Alive
7 > User-Agent: Apache-HttpClient/4.5.14 (Java/17.0.9)
7 > Accept-Encoding: gzip,deflate
{"email":"testit3@gmail.com","password":"Password123"}

16:18:52.891 [pool-2-thread-7] DEBUG org.apache.http.impl.conn.PoolingHttpClientConnectionManager -- Connection request: [route: {}->http://localhost:3000][total available: 0; route allocated: 0 of 5; total allocated: 0 of 10]
16:18:52.892 [pool-2-thread-7] DEBUG org.apache.http.impl.conn.PoolingHttpClientConnectionManager -- Connection leased: [id: 68][route: {}->http://localhost:3000][total available: 0; route allocated: 1 of 5; total allocated: 1 of 10]
16:18:52.892 [pool-2-thread-7] DEBUG org.apache.http.impl.execchain.MainClientExec -- Opening connection {}->http://localhost:3000
16:18:52.892 [pool-2-thread-7] DEBUG org.apache.http.impl.conn.DefaultHttpClientConnectionOperator -- Connecting to localhost/127.0.0.1:3000
16:18:52.892 [pool-2-thread-7] DEBUG org.apache.http.impl.conn.DefaultHttpClientConnectionOperator -- Connection established 127.0.0.1:51342<->127.0.0.1:3000
16:18:52.892 [pool-2-thread-7] DEBUG org.apache.http.impl.conn.DefaultManagedHttpClientConnection -- http-outgoing-68: set socket timeout to 30000
16:18:52.892 [pool-2-thread-7] DEBUG org.apache.http.impl.execchain.MainClientExec -- Executing request POST /auth/login HTTP/1.1
16:18:52.892 [pool-2-thread-7] DEBUG org.apache.http.impl.execchain.MainClientExec -- Target auth state: UNCHALLENGED
16:18:52.892 [pool-2-thread-7] DEBUG org.apache.http.impl.execchain.MainClientExec -- Proxy auth state: UNCHALLENGED
16:18:52.892 [pool-2-thread-7] DEBUG org.apache.http.headers -- http-outgoing-68 >> POST /auth/login HTTP/1.1
16:18:52.892 [pool-2-thread-7] DEBUG org.apache.http.headers -- http-outgoing-68 >> Content-Type: application/json; charset=UTF-8
16:18:52.892 [pool-2-thread-7] DEBUG org.apache.http.headers -- http-outgoing-68 >> Content-Length: 54
16:18:52.892 [pool-2-thread-7] DEBUG org.apache.http.headers -- http-outgoing-68 >> Host: localhost:3000
16:18:52.892 [pool-2-thread-7] DEBUG org.apache.http.headers -- http-outgoing-68 >> Connection: Keep-Alive
16:18:52.892 [pool-2-thread-7] DEBUG org.apache.http.headers -- http-outgoing-68 >> User-Agent: Apache-HttpClient/4.5.14 (Java/17.0.9)
16:18:52.892 [pool-2-thread-7] DEBUG org.apache.http.headers -- http-outgoing-68 >> Accept-Encoding: gzip,deflate
16:18:52.892 [pool-2-thread-7] DEBUG org.apache.http.wire -- http-outgoing-68 >> "POST /auth/login HTTP/1.1[\r][\n]"
16:18:52.892 [pool-2-thread-7] DEBUG org.apache.http.wire -- http-outgoing-68 >> "Content-Type: application/json; charset=UTF-8[\r][\n]"
16:18:52.892 [pool-2-thread-7] DEBUG org.apache.http.wire -- http-outgoing-68 >> "Content-Length: 54[\r][\n]"
16:18:52.892 [pool-2-thread-7] DEBUG org.apache.http.wire -- http-outgoing-68 >> "Host: localhost:3000[\r][\n]"
16:18:52.892 [pool-2-thread-7] DEBUG org.apache.http.wire -- http-outgoing-68 >> "Connection: Keep-Alive[\r][\n]"
16:18:52.892 [pool-2-thread-7] DEBUG org.apache.http.wire -- http-outgoing-68 >> "User-Agent: Apache-HttpClient/4.5.14 (Java/17.0.9)[\r][\n]"
16:18:52.892 [pool-2-thread-7] DEBUG org.apache.http.wire -- http-outgoing-68 >> "Accept-Encoding: gzip,deflate[\r][\n]"
16:18:52.892 [pool-2-thread-7] DEBUG org.apache.http.wire -- http-outgoing-68 >> "[\r][\n]"
16:18:52.892 [pool-2-thread-7] DEBUG org.apache.http.wire -- http-outgoing-68 >> "{"email":"testit3@gmail.com","password":"Password123"}"
16:18:52.978 [pool-2-thread-8] DEBUG org.apache.http.wire -- http-outgoing-59 << "HTTP/1.1 200 OK[\r][\n]"
16:18:52.978 [pool-2-thread-8] DEBUG org.apache.http.wire -- http-outgoing-59 << "X-Powered-By: Express[\r][\n]"
16:18:52.978 [pool-2-thread-8] DEBUG org.apache.http.wire -- http-outgoing-59 << "Access-Control-Allow-Origin: *[\r][\n]"
16:18:52.978 [pool-2-thread-8] DEBUG org.apache.http.wire -- http-outgoing-59 << "Content-Type: application/json; charset=utf-8[\r][\n]"
16:18:52.978 [pool-2-thread-8] DEBUG org.apache.http.wire -- http-outgoing-59 << "Content-Length: 609[\r][\n]"
16:18:52.978 [pool-2-thread-8] DEBUG org.apache.http.wire -- http-outgoing-59 << "ETag: W/"261-pgYrNiQws8XCwd/lHzB156MuES0"[\r][\n]"
16:18:52.978 [pool-2-thread-8] DEBUG org.apache.http.wire -- http-outgoing-59 << "Date: Tue, 24 Jun 2025 09:18:52 GMT[\r][\n]"
16:18:52.978 [pool-2-thread-8] DEBUG org.apache.http.wire -- http-outgoing-59 << "Connection: keep-alive[\r][\n]"
16:18:52.978 [pool-2-thread-8] DEBUG org.apache.http.wire -- http-outgoing-59 << "Keep-Alive: timeout=5[\r][\n]"
16:18:52.978 [pool-2-thread-8] DEBUG org.apache.http.wire -- http-outgoing-59 << "[\r][\n]"
16:18:52.978 [pool-2-thread-8] DEBUG org.apache.http.wire -- http-outgoing-59 << "{"access_token":"eyJhbGciOiJIUzI1NiIsInR5cCI6IkpXVCJ9.eyJzdWIiOiIyNzJmNmI1NS01MTc5LTRhZTMtODU2My1iNGVjMTBmNzY3MTUiLCJ1c2VybmFtZSI6ImpvaG5kb2UyZDVkIiwicm9sZSI6MCwiaWF0IjoxNzUwNzU2NzMyLCJleHAiOjE3NTA3NjAzMzJ9.tEDa-yP5y_WWf-LYMgqPt9UBlWWsZ1UrZn1Zx8_-GYg","refresh_token":"5b628fd35c6ca8838653c879fb9c39c95fb006d320430d88ec9716496a56e9e8","user":{"id":"272f6b55-5179-4ae3-8563-b4ec10f76715","email":"testit5@gmail.com","username":"johndoe2d5d","name":"John Doe","phoneNumber":"0123456132","profilePic":null,"bio":null,"private":false,"verified":false,"role":0,"followersCount":0,"followingCount":0,"postCount":0}}"
16:18:52.979 [pool-2-thread-8] DEBUG org.apache.http.headers -- http-outgoing-59 << HTTP/1.1 200 OK
16:18:52.979 [pool-2-thread-8] DEBUG org.apache.http.headers -- http-outgoing-59 << X-Powered-By: Express
16:18:52.979 [pool-2-thread-8] DEBUG org.apache.http.headers -- http-outgoing-59 << Access-Control-Allow-Origin: *
16:18:52.979 [pool-2-thread-8] DEBUG org.apache.http.headers -- http-outgoing-59 << Content-Type: application/json; charset=utf-8
16:18:52.979 [pool-2-thread-8] DEBUG org.apache.http.headers -- http-outgoing-59 << Content-Length: 609
16:18:52.979 [pool-2-thread-8] DEBUG org.apache.http.headers -- http-outgoing-59 << ETag: W/"261-pgYrNiQws8XCwd/lHzB156MuES0"
16:18:52.979 [pool-2-thread-8] DEBUG org.apache.http.headers -- http-outgoing-59 << Date: Tue, 24 Jun 2025 09:18:52 GMT
16:18:52.979 [pool-2-thread-8] DEBUG org.apache.http.headers -- http-outgoing-59 << Connection: keep-alive
16:18:52.979 [pool-2-thread-8] DEBUG org.apache.http.headers -- http-outgoing-59 << Keep-Alive: timeout=5
16:18:52.979 [pool-2-thread-8] DEBUG org.apache.http.impl.execchain.MainClientExec -- Connection can be kept alive for 5000 MILLISECONDS
16:18:52.979 [pool-2-thread-8] DEBUG org.apache.http.impl.conn.PoolingHttpClientConnectionManager -- Connection [id: 59][route: {}->http://localhost:3000] can be kept alive for 5.0 seconds
16:18:52.979 [pool-2-thread-8] DEBUG org.apache.http.impl.conn.DefaultManagedHttpClientConnection -- http-outgoing-59: set socket timeout to 0
16:18:52.979 [pool-2-thread-8] DEBUG org.apache.http.impl.conn.PoolingHttpClientConnectionManager -- Connection released: [id: 59][route: {}->http://localhost:3000][total available: 1; route allocated: 1 of 5; total allocated: 1 of 10]
16:18:52.979 [pool-2-thread-8] DEBUG org.apache.http.impl.conn.PoolingHttpClientConnectionManager -- Connection manager is shutting down
16:18:52.979 [pool-2-thread-8] DEBUG org.apache.http.impl.conn.DefaultManagedHttpClientConnection -- http-outgoing-59: Close connection
16:18:52.979 [pool-2-thread-8] DEBUG org.apache.http.impl.conn.PoolingHttpClientConnectionManager -- Connection manager shut down
16:18:52.979 [pool-2-thread-8] DEBUG com.intuit.karate -- response time in milliseconds: 334
6 < 200
6 < X-Powered-By: Express
6 < Access-Control-Allow-Origin: *
6 < Content-Type: application/json; charset=utf-8
6 < Content-Length: 609
6 < ETag: W/"261-pgYrNiQws8XCwd/lHzB156MuES0"
6 < Date: Tue, 24 Jun 2025 09:18:52 GMT
6 < Connection: keep-alive
6 < Keep-Alive: timeout=5
{"access_token":"eyJhbGciOiJIUzI1NiIsInR5cCI6IkpXVCJ9.eyJzdWIiOiIyNzJmNmI1NS01MTc5LTRhZTMtODU2My1iNGVjMTBmNzY3MTUiLCJ1c2VybmFtZSI6ImpvaG5kb2UyZDVkIiwicm9sZSI6MCwiaWF0IjoxNzUwNzU2NzMyLCJleHAiOjE3NTA3NjAzMzJ9.tEDa-yP5y_WWf-LYMgqPt9UBlWWsZ1UrZn1Zx8_-GYg","refresh_token":"5b628fd35c6ca8838653c879fb9c39c95fb006d320430d88ec9716496a56e9e8","user":{"id":"272f6b55-5179-4ae3-8563-b4ec10f76715","email":"testit5@gmail.com","username":"johndoe2d5d","name":"John Doe","phoneNumber":"0123456132","profilePic":null,"bio":null,"private":false,"verified":false,"role":0,"followersCount":0,"followingCount":0,"postCount":0}}

16:18:52.983 [pool-2-thread-8] INFO com.intuit.karate -- [print] Call 6 completed, status: 200 
16:18:52.984 [pool-2-thread-8] INFO com.intuit.karate -- [print] *** API CALL 7 *** 
16:18:52.986 [pool-2-thread-8] DEBUG org.apache.http.client.protocol.RequestAddCookies -- CookieSpec selected: karate
16:18:52.987 [pool-2-thread-8] DEBUG org.apache.http.client.protocol.RequestAuthCache -- Auth cache not set in the context
16:18:52.987 [pool-2-thread-8] DEBUG com.intuit.karate -- request:
7 > POST http://localhost:3000/auth/login
7 > Content-Type: application/json; charset=UTF-8
7 > Content-Length: 54
7 > Host: localhost:3000
7 > Connection: Keep-Alive
7 > User-Agent: Apache-HttpClient/4.5.14 (Java/17.0.9)
7 > Accept-Encoding: gzip,deflate
{"email":"testit5@gmail.com","password":"Password123"}

16:18:52.987 [pool-2-thread-8] DEBUG org.apache.http.impl.conn.PoolingHttpClientConnectionManager -- Connection request: [route: {}->http://localhost:3000][total available: 0; route allocated: 0 of 5; total allocated: 0 of 10]
16:18:52.988 [pool-2-thread-8] DEBUG org.apache.http.impl.conn.PoolingHttpClientConnectionManager -- Connection leased: [id: 69][route: {}->http://localhost:3000][total available: 0; route allocated: 1 of 5; total allocated: 1 of 10]
16:18:52.988 [pool-2-thread-8] DEBUG org.apache.http.impl.execchain.MainClientExec -- Opening connection {}->http://localhost:3000
16:18:52.988 [pool-2-thread-8] DEBUG org.apache.http.impl.conn.DefaultHttpClientConnectionOperator -- Connecting to localhost/127.0.0.1:3000
16:18:52.988 [pool-2-thread-8] DEBUG org.apache.http.impl.conn.DefaultHttpClientConnectionOperator -- Connection established 127.0.0.1:51343<->127.0.0.1:3000
16:18:52.988 [pool-2-thread-8] DEBUG org.apache.http.impl.conn.DefaultManagedHttpClientConnection -- http-outgoing-69: set socket timeout to 30000
16:18:52.988 [pool-2-thread-8] DEBUG org.apache.http.impl.execchain.MainClientExec -- Executing request POST /auth/login HTTP/1.1
16:18:52.988 [pool-2-thread-8] DEBUG org.apache.http.impl.execchain.MainClientExec -- Target auth state: UNCHALLENGED
16:18:52.988 [pool-2-thread-8] DEBUG org.apache.http.impl.execchain.MainClientExec -- Proxy auth state: UNCHALLENGED
16:18:52.989 [pool-2-thread-8] DEBUG org.apache.http.headers -- http-outgoing-69 >> POST /auth/login HTTP/1.1
16:18:52.989 [pool-2-thread-8] DEBUG org.apache.http.headers -- http-outgoing-69 >> Content-Type: application/json; charset=UTF-8
16:18:52.989 [pool-2-thread-8] DEBUG org.apache.http.headers -- http-outgoing-69 >> Content-Length: 54
16:18:52.989 [pool-2-thread-8] DEBUG org.apache.http.headers -- http-outgoing-69 >> Host: localhost:3000
16:18:52.989 [pool-2-thread-8] DEBUG org.apache.http.headers -- http-outgoing-69 >> Connection: Keep-Alive
16:18:52.989 [pool-2-thread-8] DEBUG org.apache.http.headers -- http-outgoing-69 >> User-Agent: Apache-HttpClient/4.5.14 (Java/17.0.9)
16:18:52.989 [pool-2-thread-8] DEBUG org.apache.http.headers -- http-outgoing-69 >> Accept-Encoding: gzip,deflate
16:18:52.989 [pool-2-thread-8] DEBUG org.apache.http.wire -- http-outgoing-69 >> "POST /auth/login HTTP/1.1[\r][\n]"
16:18:52.989 [pool-2-thread-8] DEBUG org.apache.http.wire -- http-outgoing-69 >> "Content-Type: application/json; charset=UTF-8[\r][\n]"
16:18:52.989 [pool-2-thread-8] DEBUG org.apache.http.wire -- http-outgoing-69 >> "Content-Length: 54[\r][\n]"
16:18:52.989 [pool-2-thread-8] DEBUG org.apache.http.wire -- http-outgoing-69 >> "Host: localhost:3000[\r][\n]"
16:18:52.989 [pool-2-thread-8] DEBUG org.apache.http.wire -- http-outgoing-69 >> "Connection: Keep-Alive[\r][\n]"
16:18:52.989 [pool-2-thread-8] DEBUG org.apache.http.wire -- http-outgoing-69 >> "User-Agent: Apache-HttpClient/4.5.14 (Java/17.0.9)[\r][\n]"
16:18:52.989 [pool-2-thread-8] DEBUG org.apache.http.wire -- http-outgoing-69 >> "Accept-Encoding: gzip,deflate[\r][\n]"
16:18:52.989 [pool-2-thread-8] DEBUG org.apache.http.wire -- http-outgoing-69 >> "[\r][\n]"
16:18:52.989 [pool-2-thread-8] DEBUG org.apache.http.wire -- http-outgoing-69 >> "{"email":"testit5@gmail.com","password":"Password123"}"
16:18:53.034 [pool-2-thread-5] DEBUG org.apache.http.wire -- http-outgoing-60 << "HTTP/1.1 200 OK[\r][\n]"
16:18:53.034 [pool-2-thread-5] DEBUG org.apache.http.wire -- http-outgoing-60 << "X-Powered-By: Express[\r][\n]"
16:18:53.034 [pool-2-thread-5] DEBUG org.apache.http.wire -- http-outgoing-60 << "Access-Control-Allow-Origin: *[\r][\n]"
16:18:53.034 [pool-2-thread-5] DEBUG org.apache.http.wire -- http-outgoing-60 << "Content-Type: application/json; charset=utf-8[\r][\n]"
16:18:53.034 [pool-2-thread-5] DEBUG org.apache.http.wire -- http-outgoing-60 << "Content-Length: 607[\r][\n]"
16:18:53.034 [pool-2-thread-5] DEBUG org.apache.http.wire -- http-outgoing-60 << "ETag: W/"25f-aRut5DZEm+8T2vZO6oQM/iiqeHI"[\r][\n]"
16:18:53.034 [pool-2-thread-5] DEBUG org.apache.http.wire -- http-outgoing-60 << "Date: Tue, 24 Jun 2025 09:18:53 GMT[\r][\n]"
16:18:53.034 [pool-2-thread-5] DEBUG org.apache.http.wire -- http-outgoing-60 << "Connection: keep-alive[\r][\n]"
16:18:53.034 [pool-2-thread-5] DEBUG org.apache.http.wire -- http-outgoing-60 << "Keep-Alive: timeout=5[\r][\n]"
16:18:53.034 [pool-2-thread-5] DEBUG org.apache.http.wire -- http-outgoing-60 << "[\r][\n]"
16:18:53.035 [pool-2-thread-5] DEBUG org.apache.http.wire -- http-outgoing-60 << "{"access_token":"eyJhbGciOiJIUzI1NiIsInR5cCI6IkpXVCJ9.eyJzdWIiOiJjMjE0MjJkZi1jY2VjLTQ0MGUtOWE0Mi1jMWI4MmFiZjczM2QiLCJ1c2VybmFtZSI6ImpvaG5kb2UyOCIsInJvbGUiOjAsImlhdCI6MTc1MDc1NjczMiwiZXhwIjoxNzUwNzYwMzMyfQ.ELEhXFdF0-XNF4-siZFCUxMhlDq2BzEZkLabNYEspCc","refresh_token":"63468a6364dc7e25b657429f72c746bb301182e2fe59c57bd76455a1dc8f3863","user":{"id":"c21422df-ccec-440e-9a42-c1b82abf733d","email":"test28@example.com","username":"johndoe28","name":"John Doe","phoneNumber":"84987654321","profilePic":null,"bio":null,"private":false,"verified":false,"role":0,"followersCount":0,"followingCount":0,"postCount":0}}"
16:18:53.035 [pool-2-thread-5] DEBUG org.apache.http.headers -- http-outgoing-60 << HTTP/1.1 200 OK
16:18:53.035 [pool-2-thread-5] DEBUG org.apache.http.headers -- http-outgoing-60 << X-Powered-By: Express
16:18:53.035 [pool-2-thread-5] DEBUG org.apache.http.headers -- http-outgoing-60 << Access-Control-Allow-Origin: *
16:18:53.035 [pool-2-thread-5] DEBUG org.apache.http.headers -- http-outgoing-60 << Content-Type: application/json; charset=utf-8
16:18:53.035 [pool-2-thread-5] DEBUG org.apache.http.headers -- http-outgoing-60 << Content-Length: 607
16:18:53.035 [pool-2-thread-5] DEBUG org.apache.http.headers -- http-outgoing-60 << ETag: W/"25f-aRut5DZEm+8T2vZO6oQM/iiqeHI"
16:18:53.035 [pool-2-thread-5] DEBUG org.apache.http.headers -- http-outgoing-60 << Date: Tue, 24 Jun 2025 09:18:53 GMT
16:18:53.035 [pool-2-thread-5] DEBUG org.apache.http.headers -- http-outgoing-60 << Connection: keep-alive
16:18:53.035 [pool-2-thread-5] DEBUG org.apache.http.headers -- http-outgoing-60 << Keep-Alive: timeout=5
16:18:53.035 [pool-2-thread-5] DEBUG org.apache.http.impl.execchain.MainClientExec -- Connection can be kept alive for 5000 MILLISECONDS
16:18:53.035 [pool-2-thread-5] DEBUG org.apache.http.impl.conn.PoolingHttpClientConnectionManager -- Connection [id: 60][route: {}->http://localhost:3000] can be kept alive for 5.0 seconds
16:18:53.035 [pool-2-thread-5] DEBUG org.apache.http.impl.conn.DefaultManagedHttpClientConnection -- http-outgoing-60: set socket timeout to 0
16:18:53.036 [pool-2-thread-5] DEBUG org.apache.http.impl.conn.PoolingHttpClientConnectionManager -- Connection released: [id: 60][route: {}->http://localhost:3000][total available: 1; route allocated: 1 of 5; total allocated: 1 of 10]
16:18:53.036 [pool-2-thread-5] DEBUG org.apache.http.impl.conn.PoolingHttpClientConnectionManager -- Connection manager is shutting down
16:18:53.036 [pool-2-thread-5] DEBUG org.apache.http.impl.conn.DefaultManagedHttpClientConnection -- http-outgoing-60: Close connection
16:18:53.036 [pool-2-thread-5] DEBUG org.apache.http.impl.conn.PoolingHttpClientConnectionManager -- Connection manager shut down
16:18:53.037 [pool-2-thread-5] DEBUG com.intuit.karate -- response time in milliseconds: 330
7 < 200
7 < X-Powered-By: Express
7 < Access-Control-Allow-Origin: *
7 < Content-Type: application/json; charset=utf-8
7 < Content-Length: 607
7 < ETag: W/"25f-aRut5DZEm+8T2vZO6oQM/iiqeHI"
7 < Date: Tue, 24 Jun 2025 09:18:53 GMT
7 < Connection: keep-alive
7 < Keep-Alive: timeout=5
{"access_token":"eyJhbGciOiJIUzI1NiIsInR5cCI6IkpXVCJ9.eyJzdWIiOiJjMjE0MjJkZi1jY2VjLTQ0MGUtOWE0Mi1jMWI4MmFiZjczM2QiLCJ1c2VybmFtZSI6ImpvaG5kb2UyOCIsInJvbGUiOjAsImlhdCI6MTc1MDc1NjczMiwiZXhwIjoxNzUwNzYwMzMyfQ.ELEhXFdF0-XNF4-siZFCUxMhlDq2BzEZkLabNYEspCc","refresh_token":"63468a6364dc7e25b657429f72c746bb301182e2fe59c57bd76455a1dc8f3863","user":{"id":"c21422df-ccec-440e-9a42-c1b82abf733d","email":"test28@example.com","username":"johndoe28","name":"John Doe","phoneNumber":"84987654321","profilePic":null,"bio":null,"private":false,"verified":false,"role":0,"followersCount":0,"followingCount":0,"postCount":0}}

16:18:53.037 [pool-2-thread-10] DEBUG org.apache.http.wire -- http-outgoing-61 << "HTTP/1.1 200 OK[\r][\n]"
16:18:53.037 [pool-2-thread-10] DEBUG org.apache.http.wire -- http-outgoing-61 << "X-Powered-By: Express[\r][\n]"
16:18:53.037 [pool-2-thread-10] DEBUG org.apache.http.wire -- http-outgoing-61 << "Access-Control-Allow-Origin: *[\r][\n]"
16:18:53.037 [pool-2-thread-10] DEBUG org.apache.http.wire -- http-outgoing-61 << "Content-Type: application/json; charset=utf-8[\r][\n]"
16:18:53.037 [pool-2-thread-10] DEBUG org.apache.http.wire -- http-outgoing-61 << "Content-Length: 605[\r][\n]"
16:18:53.037 [pool-2-thread-10] DEBUG org.apache.http.wire -- http-outgoing-61 << "ETag: W/"25d-gBUkN+2PkSZXHwS1q+mQaeNocKc"[\r][\n]"
16:18:53.037 [pool-2-thread-10] DEBUG org.apache.http.wire -- http-outgoing-61 << "Date: Tue, 24 Jun 2025 09:18:53 GMT[\r][\n]"
16:18:53.037 [pool-2-thread-10] DEBUG org.apache.http.wire -- http-outgoing-61 << "Connection: keep-alive[\r][\n]"
16:18:53.037 [pool-2-thread-10] DEBUG org.apache.http.wire -- http-outgoing-61 << "Keep-Alive: timeout=5[\r][\n]"
16:18:53.037 [pool-2-thread-10] DEBUG org.apache.http.wire -- http-outgoing-61 << "[\r][\n]"
16:18:53.037 [pool-2-thread-10] DEBUG org.apache.http.wire -- http-outgoing-61 << "{"access_token":"eyJhbGciOiJIUzI1NiIsInR5cCI6IkpXVCJ9.eyJzdWIiOiIwYTM3ZWY0My1mZWU4LTQxZDMtYTY4Ni04YWIwODY5NDg2OTUiLCJ1c2VybmFtZSI6ImpvaG5kb2UyMSIsInJvbGUiOjAsImlhdCI6MTc1MDc1NjczMiwiZXhwIjoxNzUwNzYwMzMyfQ.YtWWcGQUnVHYhWEg1jBP9r3vC6oHJMbfftOBAYYQwI0","refresh_token":"0975e95e8845effb80ac1cffc7b3a48a3a644f6b688cc5433a6d5b8a77b3b4a2","user":{"id":"0a37ef43-fee8-41d3-a686-8ab086948695","email":"testit2@gmail.com","username":"johndoe21","name":"John Doe","phoneNumber":"0123456712","profilePic":null,"bio":null,"private":false,"verified":false,"role":0,"followersCount":0,"followingCount":0,"postCount":0}}"
16:18:53.038 [pool-2-thread-10] DEBUG org.apache.http.headers -- http-outgoing-61 << HTTP/1.1 200 OK
16:18:53.038 [pool-2-thread-10] DEBUG org.apache.http.headers -- http-outgoing-61 << X-Powered-By: Express
16:18:53.038 [pool-2-thread-10] DEBUG org.apache.http.headers -- http-outgoing-61 << Access-Control-Allow-Origin: *
16:18:53.038 [pool-2-thread-10] DEBUG org.apache.http.headers -- http-outgoing-61 << Content-Type: application/json; charset=utf-8
16:18:53.038 [pool-2-thread-10] DEBUG org.apache.http.headers -- http-outgoing-61 << Content-Length: 605
16:18:53.038 [pool-2-thread-10] DEBUG org.apache.http.headers -- http-outgoing-61 << ETag: W/"25d-gBUkN+2PkSZXHwS1q+mQaeNocKc"
16:18:53.038 [pool-2-thread-10] DEBUG org.apache.http.headers -- http-outgoing-61 << Date: Tue, 24 Jun 2025 09:18:53 GMT
16:18:53.038 [pool-2-thread-10] DEBUG org.apache.http.headers -- http-outgoing-61 << Connection: keep-alive
16:18:53.038 [pool-2-thread-10] DEBUG org.apache.http.headers -- http-outgoing-61 << Keep-Alive: timeout=5
16:18:53.038 [pool-2-thread-10] DEBUG org.apache.http.impl.execchain.MainClientExec -- Connection can be kept alive for 5000 MILLISECONDS
16:18:53.038 [pool-2-thread-10] DEBUG org.apache.http.impl.conn.PoolingHttpClientConnectionManager -- Connection [id: 61][route: {}->http://localhost:3000] can be kept alive for 5.0 seconds
16:18:53.038 [pool-2-thread-10] DEBUG org.apache.http.impl.conn.DefaultManagedHttpClientConnection -- http-outgoing-61: set socket timeout to 0
16:18:53.038 [pool-2-thread-10] DEBUG org.apache.http.impl.conn.PoolingHttpClientConnectionManager -- Connection released: [id: 61][route: {}->http://localhost:3000][total available: 1; route allocated: 1 of 5; total allocated: 1 of 10]
16:18:53.038 [pool-2-thread-10] DEBUG org.apache.http.impl.conn.PoolingHttpClientConnectionManager -- Connection manager is shutting down
16:18:53.039 [pool-2-thread-10] DEBUG org.apache.http.impl.conn.DefaultManagedHttpClientConnection -- http-outgoing-61: Close connection
16:18:53.039 [pool-2-thread-10] DEBUG org.apache.http.impl.conn.PoolingHttpClientConnectionManager -- Connection manager shut down
16:18:53.039 [pool-2-thread-10] DEBUG com.intuit.karate -- response time in milliseconds: 332
7 < 200
7 < X-Powered-By: Express
7 < Access-Control-Allow-Origin: *
7 < Content-Type: application/json; charset=utf-8
7 < Content-Length: 605
7 < ETag: W/"25d-gBUkN+2PkSZXHwS1q+mQaeNocKc"
7 < Date: Tue, 24 Jun 2025 09:18:53 GMT
7 < Connection: keep-alive
7 < Keep-Alive: timeout=5
{"access_token":"eyJhbGciOiJIUzI1NiIsInR5cCI6IkpXVCJ9.eyJzdWIiOiIwYTM3ZWY0My1mZWU4LTQxZDMtYTY4Ni04YWIwODY5NDg2OTUiLCJ1c2VybmFtZSI6ImpvaG5kb2UyMSIsInJvbGUiOjAsImlhdCI6MTc1MDc1NjczMiwiZXhwIjoxNzUwNzYwMzMyfQ.YtWWcGQUnVHYhWEg1jBP9r3vC6oHJMbfftOBAYYQwI0","refresh_token":"0975e95e8845effb80ac1cffc7b3a48a3a644f6b688cc5433a6d5b8a77b3b4a2","user":{"id":"0a37ef43-fee8-41d3-a686-8ab086948695","email":"testit2@gmail.com","username":"johndoe21","name":"John Doe","phoneNumber":"0123456712","profilePic":null,"bio":null,"private":false,"verified":false,"role":0,"followersCount":0,"followingCount":0,"postCount":0}}

16:18:53.040 [pool-2-thread-10] INFO com.intuit.karate -- [print] Call 7 completed, status: 200 
16:18:53.040 [pool-2-thread-5] INFO com.intuit.karate -- [print] Call 7 completed, status: 200 
16:18:53.041 [pool-2-thread-5] INFO com.intuit.karate -- [print] *** API CALL 8 *** 
16:18:53.041 [pool-2-thread-10] INFO com.intuit.karate -- [print] *** API CALL 8 *** 
16:18:53.043 [pool-2-thread-10] DEBUG org.apache.http.client.protocol.RequestAddCookies -- CookieSpec selected: karate
16:18:53.043 [pool-2-thread-5] DEBUG org.apache.http.client.protocol.RequestAddCookies -- CookieSpec selected: karate
16:18:53.043 [pool-2-thread-10] DEBUG org.apache.http.client.protocol.RequestAuthCache -- Auth cache not set in the context
16:18:53.043 [pool-2-thread-5] DEBUG org.apache.http.client.protocol.RequestAuthCache -- Auth cache not set in the context
16:18:53.043 [pool-2-thread-5] DEBUG com.intuit.karate -- request:
8 > POST http://localhost:3000/auth/login
8 > Content-Type: application/json; charset=UTF-8
8 > Content-Length: 55
8 > Host: localhost:3000
8 > Connection: Keep-Alive
8 > User-Agent: Apache-HttpClient/4.5.14 (Java/17.0.9)
8 > Accept-Encoding: gzip,deflate
{"email":"test28@example.com","password":"Password123"}

16:18:53.043 [pool-2-thread-10] DEBUG com.intuit.karate -- request:
8 > POST http://localhost:3000/auth/login
8 > Content-Type: application/json; charset=UTF-8
8 > Content-Length: 54
8 > Host: localhost:3000
8 > Connection: Keep-Alive
8 > User-Agent: Apache-HttpClient/4.5.14 (Java/17.0.9)
8 > Accept-Encoding: gzip,deflate
{"email":"testit2@gmail.com","password":"Password123"}

16:18:53.043 [pool-2-thread-5] DEBUG org.apache.http.impl.conn.PoolingHttpClientConnectionManager -- Connection request: [route: {}->http://localhost:3000][total available: 0; route allocated: 0 of 5; total allocated: 0 of 10]
16:18:53.043 [pool-2-thread-10] DEBUG org.apache.http.impl.conn.PoolingHttpClientConnectionManager -- Connection request: [route: {}->http://localhost:3000][total available: 0; route allocated: 0 of 5; total allocated: 0 of 10]
16:18:53.043 [pool-2-thread-5] DEBUG org.apache.http.impl.conn.PoolingHttpClientConnectionManager -- Connection leased: [id: 71][route: {}->http://localhost:3000][total available: 0; route allocated: 1 of 5; total allocated: 1 of 10]
16:18:53.043 [pool-2-thread-10] DEBUG org.apache.http.impl.conn.PoolingHttpClientConnectionManager -- Connection leased: [id: 70][route: {}->http://localhost:3000][total available: 0; route allocated: 1 of 5; total allocated: 1 of 10]
16:18:53.043 [pool-2-thread-5] DEBUG org.apache.http.impl.execchain.MainClientExec -- Opening connection {}->http://localhost:3000
16:18:53.043 [pool-2-thread-10] DEBUG org.apache.http.impl.execchain.MainClientExec -- Opening connection {}->http://localhost:3000
16:18:53.044 [pool-2-thread-5] DEBUG org.apache.http.impl.conn.DefaultHttpClientConnectionOperator -- Connecting to localhost/127.0.0.1:3000
16:18:53.044 [pool-2-thread-10] DEBUG org.apache.http.impl.conn.DefaultHttpClientConnectionOperator -- Connecting to localhost/127.0.0.1:3000
16:18:53.044 [pool-2-thread-5] DEBUG org.apache.http.impl.conn.DefaultHttpClientConnectionOperator -- Connection established 127.0.0.1:51345<->127.0.0.1:3000
16:18:53.044 [pool-2-thread-10] DEBUG org.apache.http.impl.conn.DefaultHttpClientConnectionOperator -- Connection established 127.0.0.1:51344<->127.0.0.1:3000
16:18:53.044 [pool-2-thread-10] DEBUG org.apache.http.impl.conn.DefaultManagedHttpClientConnection -- http-outgoing-70: set socket timeout to 30000
16:18:53.044 [pool-2-thread-5] DEBUG org.apache.http.impl.conn.DefaultManagedHttpClientConnection -- http-outgoing-71: set socket timeout to 30000
16:18:53.044 [pool-2-thread-10] DEBUG org.apache.http.impl.execchain.MainClientExec -- Executing request POST /auth/login HTTP/1.1
16:18:53.044 [pool-2-thread-5] DEBUG org.apache.http.impl.execchain.MainClientExec -- Executing request POST /auth/login HTTP/1.1
16:18:53.044 [pool-2-thread-10] DEBUG org.apache.http.impl.execchain.MainClientExec -- Target auth state: UNCHALLENGED
16:18:53.044 [pool-2-thread-10] DEBUG org.apache.http.impl.execchain.MainClientExec -- Proxy auth state: UNCHALLENGED
16:18:53.044 [pool-2-thread-5] DEBUG org.apache.http.impl.execchain.MainClientExec -- Target auth state: UNCHALLENGED
16:18:53.044 [pool-2-thread-5] DEBUG org.apache.http.impl.execchain.MainClientExec -- Proxy auth state: UNCHALLENGED
16:18:53.045 [pool-2-thread-10] DEBUG org.apache.http.headers -- http-outgoing-70 >> POST /auth/login HTTP/1.1
16:18:53.045 [pool-2-thread-5] DEBUG org.apache.http.headers -- http-outgoing-71 >> POST /auth/login HTTP/1.1
16:18:53.045 [pool-2-thread-10] DEBUG org.apache.http.headers -- http-outgoing-70 >> Content-Type: application/json; charset=UTF-8
16:18:53.045 [pool-2-thread-10] DEBUG org.apache.http.headers -- http-outgoing-70 >> Content-Length: 54
16:18:53.045 [pool-2-thread-5] DEBUG org.apache.http.headers -- http-outgoing-71 >> Content-Type: application/json; charset=UTF-8
16:18:53.045 [pool-2-thread-10] DEBUG org.apache.http.headers -- http-outgoing-70 >> Host: localhost:3000
16:18:53.045 [pool-2-thread-5] DEBUG org.apache.http.headers -- http-outgoing-71 >> Content-Length: 55
16:18:53.045 [pool-2-thread-10] DEBUG org.apache.http.headers -- http-outgoing-70 >> Connection: Keep-Alive
16:18:53.045 [pool-2-thread-5] DEBUG org.apache.http.headers -- http-outgoing-71 >> Host: localhost:3000
16:18:53.045 [pool-2-thread-10] DEBUG org.apache.http.headers -- http-outgoing-70 >> User-Agent: Apache-HttpClient/4.5.14 (Java/17.0.9)
16:18:53.045 [pool-2-thread-5] DEBUG org.apache.http.headers -- http-outgoing-71 >> Connection: Keep-Alive
16:18:53.045 [pool-2-thread-5] DEBUG org.apache.http.headers -- http-outgoing-71 >> User-Agent: Apache-HttpClient/4.5.14 (Java/17.0.9)
16:18:53.045 [pool-2-thread-5] DEBUG org.apache.http.headers -- http-outgoing-71 >> Accept-Encoding: gzip,deflate
16:18:53.045 [pool-2-thread-10] DEBUG org.apache.http.headers -- http-outgoing-70 >> Accept-Encoding: gzip,deflate
16:18:53.045 [pool-2-thread-10] DEBUG org.apache.http.wire -- http-outgoing-70 >> "POST /auth/login HTTP/1.1[\r][\n]"
16:18:53.045 [pool-2-thread-5] DEBUG org.apache.http.wire -- http-outgoing-71 >> "POST /auth/login HTTP/1.1[\r][\n]"
16:18:53.045 [pool-2-thread-10] DEBUG org.apache.http.wire -- http-outgoing-70 >> "Content-Type: application/json; charset=UTF-8[\r][\n]"
16:18:53.045 [pool-2-thread-5] DEBUG org.apache.http.wire -- http-outgoing-71 >> "Content-Type: application/json; charset=UTF-8[\r][\n]"
16:18:53.045 [pool-2-thread-5] DEBUG org.apache.http.wire -- http-outgoing-71 >> "Content-Length: 55[\r][\n]"
16:18:53.045 [pool-2-thread-10] DEBUG org.apache.http.wire -- http-outgoing-70 >> "Content-Length: 54[\r][\n]"
16:18:53.045 [pool-2-thread-5] DEBUG org.apache.http.wire -- http-outgoing-71 >> "Host: localhost:3000[\r][\n]"
16:18:53.045 [pool-2-thread-10] DEBUG org.apache.http.wire -- http-outgoing-70 >> "Host: localhost:3000[\r][\n]"
16:18:53.045 [pool-2-thread-5] DEBUG org.apache.http.wire -- http-outgoing-71 >> "Connection: Keep-Alive[\r][\n]"
16:18:53.045 [pool-2-thread-10] DEBUG org.apache.http.wire -- http-outgoing-70 >> "Connection: Keep-Alive[\r][\n]"
16:18:53.045 [pool-2-thread-5] DEBUG org.apache.http.wire -- http-outgoing-71 >> "User-Agent: Apache-HttpClient/4.5.14 (Java/17.0.9)[\r][\n]"
16:18:53.045 [pool-2-thread-10] DEBUG org.apache.http.wire -- http-outgoing-70 >> "User-Agent: Apache-HttpClient/4.5.14 (Java/17.0.9)[\r][\n]"
16:18:53.045 [pool-2-thread-10] DEBUG org.apache.http.wire -- http-outgoing-70 >> "Accept-Encoding: gzip,deflate[\r][\n]"
16:18:53.045 [pool-2-thread-5] DEBUG org.apache.http.wire -- http-outgoing-71 >> "Accept-Encoding: gzip,deflate[\r][\n]"
16:18:53.045 [pool-2-thread-10] DEBUG org.apache.http.wire -- http-outgoing-70 >> "[\r][\n]"
16:18:53.045 [pool-2-thread-5] DEBUG org.apache.http.wire -- http-outgoing-71 >> "[\r][\n]"
16:18:53.045 [pool-2-thread-10] DEBUG org.apache.http.wire -- http-outgoing-70 >> "{"email":"testit2@gmail.com","password":"Password123"}"
16:18:53.045 [pool-2-thread-5] DEBUG org.apache.http.wire -- http-outgoing-71 >> "{"email":"test28@example.com","password":"Password123"}"
16:18:53.631 [pool-2-thread-1] DEBUG org.apache.http.wire -- http-outgoing-62 << "HTTP/1.1 200 OK[\r][\n]"
16:18:53.631 [pool-2-thread-1] DEBUG org.apache.http.wire -- http-outgoing-62 << "X-Powered-By: Express[\r][\n]"
16:18:53.631 [pool-2-thread-1] DEBUG org.apache.http.wire -- http-outgoing-62 << "Access-Control-Allow-Origin: *[\r][\n]"
16:18:53.631 [pool-2-thread-1] DEBUG org.apache.http.wire -- http-outgoing-62 << "Content-Type: application/json; charset=utf-8[\r][\n]"
16:18:53.631 [pool-2-thread-1] DEBUG org.apache.http.wire -- http-outgoing-62 << "Content-Length: 708[\r][\n]"
16:18:53.631 [pool-2-thread-1] DEBUG org.apache.http.wire -- http-outgoing-62 << "ETag: W/"2c4-xm2CKS6SLsST9u9m1xpqQ7nINOQ"[\r][\n]"
16:18:53.631 [pool-2-thread-1] DEBUG org.apache.http.wire -- http-outgoing-62 << "Date: Tue, 24 Jun 2025 09:18:53 GMT[\r][\n]"
16:18:53.631 [pool-2-thread-1] DEBUG org.apache.http.wire -- http-outgoing-62 << "Connection: keep-alive[\r][\n]"
16:18:53.631 [pool-2-thread-1] DEBUG org.apache.http.wire -- http-outgoing-62 << "Keep-Alive: timeout=5[\r][\n]"
16:18:53.631 [pool-2-thread-1] DEBUG org.apache.http.wire -- http-outgoing-62 << "[\r][\n]"
16:18:53.631 [pool-2-thread-1] DEBUG org.apache.http.wire -- http-outgoing-62 << "{"access_token":"eyJhbGciOiJIUzI1NiIsInR5cCI6IkpXVCJ9.eyJzdWIiOiIwODUxNWIwNS0yZDNlLTQ3ODktYWQ2MC1kYjM1NTI1YTQ5NzAiLCJ1c2VybmFtZSI6Im5hbSIsInJvbGUiOjAsImlhdCI6MTc1MDc1NjczMiwiZXhwIjoxNzUwNzYwMzMyfQ.d_p1kTQ3rGwaTZF3CCoa7mSabLlfJ6RtVmQ6PYBDFPY","refresh_token":"9f1d0ae1de723621c57b04733821feefbe4192d435c377b0ca2dc50d46151303","user":{"id":"08515b05-2d3e-4789-ad60-db35525a4970","email":"nam@gmail.com","username":"nam","name":"nam","phoneNumber":"0123456789","profilePic":"https://res.cloudinary.com/dizcvrefo/image/upload/v1749266646/nestjs_uploads/zk9zrpeidnovxibfqdxr.png","bio":"Chu tich hoi dong Quan tri 1","private":false,"verified":false,"role":0,"followersCount":2,"followingCount":5,"postCount":13}}"
16:18:53.631 [pool-2-thread-1] DEBUG org.apache.http.headers -- http-outgoing-62 << HTTP/1.1 200 OK
16:18:53.631 [pool-2-thread-1] DEBUG org.apache.http.headers -- http-outgoing-62 << X-Powered-By: Express
16:18:53.631 [pool-2-thread-1] DEBUG org.apache.http.headers -- http-outgoing-62 << Access-Control-Allow-Origin: *
16:18:53.631 [pool-2-thread-1] DEBUG org.apache.http.headers -- http-outgoing-62 << Content-Type: application/json; charset=utf-8
16:18:53.631 [pool-2-thread-1] DEBUG org.apache.http.headers -- http-outgoing-62 << Content-Length: 708
16:18:53.631 [pool-2-thread-1] DEBUG org.apache.http.headers -- http-outgoing-62 << ETag: W/"2c4-xm2CKS6SLsST9u9m1xpqQ7nINOQ"
16:18:53.631 [pool-2-thread-1] DEBUG org.apache.http.headers -- http-outgoing-62 << Date: Tue, 24 Jun 2025 09:18:53 GMT
16:18:53.631 [pool-2-thread-1] DEBUG org.apache.http.headers -- http-outgoing-62 << Connection: keep-alive
16:18:53.631 [pool-2-thread-1] DEBUG org.apache.http.headers -- http-outgoing-62 << Keep-Alive: timeout=5
16:18:53.631 [pool-2-thread-1] DEBUG org.apache.http.impl.execchain.MainClientExec -- Connection can be kept alive for 5000 MILLISECONDS
16:18:53.632 [pool-2-thread-1] DEBUG org.apache.http.impl.conn.PoolingHttpClientConnectionManager -- Connection [id: 62][route: {}->http://localhost:3000] can be kept alive for 5.0 seconds
16:18:53.632 [pool-2-thread-1] DEBUG org.apache.http.impl.conn.DefaultManagedHttpClientConnection -- http-outgoing-62: set socket timeout to 0
16:18:53.632 [pool-2-thread-1] DEBUG org.apache.http.impl.conn.PoolingHttpClientConnectionManager -- Connection released: [id: 62][route: {}->http://localhost:3000][total available: 1; route allocated: 1 of 5; total allocated: 1 of 10]
16:18:53.632 [pool-2-thread-1] DEBUG org.apache.http.impl.conn.PoolingHttpClientConnectionManager -- Connection manager is shutting down
16:18:53.632 [pool-2-thread-1] DEBUG org.apache.http.impl.conn.DefaultManagedHttpClientConnection -- http-outgoing-62: Close connection
16:18:53.632 [pool-2-thread-1] DEBUG org.apache.http.impl.conn.PoolingHttpClientConnectionManager -- Connection manager shut down
16:18:53.632 [pool-2-thread-1] DEBUG com.intuit.karate -- response time in milliseconds: 893
7 < 200
7 < X-Powered-By: Express
7 < Access-Control-Allow-Origin: *
7 < Content-Type: application/json; charset=utf-8
7 < Content-Length: 708
7 < ETag: W/"2c4-xm2CKS6SLsST9u9m1xpqQ7nINOQ"
7 < Date: Tue, 24 Jun 2025 09:18:53 GMT
7 < Connection: keep-alive
7 < Keep-Alive: timeout=5
{"access_token":"eyJhbGciOiJIUzI1NiIsInR5cCI6IkpXVCJ9.eyJzdWIiOiIwODUxNWIwNS0yZDNlLTQ3ODktYWQ2MC1kYjM1NTI1YTQ5NzAiLCJ1c2VybmFtZSI6Im5hbSIsInJvbGUiOjAsImlhdCI6MTc1MDc1NjczMiwiZXhwIjoxNzUwNzYwMzMyfQ.d_p1kTQ3rGwaTZF3CCoa7mSabLlfJ6RtVmQ6PYBDFPY","refresh_token":"9f1d0ae1de723621c57b04733821feefbe4192d435c377b0ca2dc50d46151303","user":{"id":"08515b05-2d3e-4789-ad60-db35525a4970","email":"nam@gmail.com","username":"nam","name":"nam","phoneNumber":"0123456789","profilePic":"https://res.cloudinary.com/dizcvrefo/image/upload/v1749266646/nestjs_uploads/zk9zrpeidnovxibfqdxr.png","bio":"Chu tich hoi dong Quan tri 1","private":false,"verified":false,"role":0,"followersCount":2,"followingCount":5,"postCount":13}}

16:18:53.633 [pool-2-thread-1] INFO com.intuit.karate -- [print] Call 7 completed, status: 200 
16:18:53.635 [pool-2-thread-1] INFO com.intuit.karate -- [print] *** API CALL 8 *** 
16:18:53.636 [pool-2-thread-1] DEBUG org.apache.http.client.protocol.RequestAddCookies -- CookieSpec selected: karate
16:18:53.636 [pool-2-thread-1] DEBUG org.apache.http.client.protocol.RequestAuthCache -- Auth cache not set in the context
16:18:53.636 [pool-2-thread-1] DEBUG com.intuit.karate -- request:
8 > POST http://localhost:3000/auth/login
8 > Content-Type: application/json; charset=UTF-8
8 > Content-Length: 45
8 > Host: localhost:3000
8 > Connection: Keep-Alive
8 > User-Agent: Apache-HttpClient/4.5.14 (Java/17.0.9)
8 > Accept-Encoding: gzip,deflate
{"email":"nam@gmail.com","password":"123456"}

16:18:53.636 [pool-2-thread-1] DEBUG org.apache.http.impl.conn.PoolingHttpClientConnectionManager -- Connection request: [route: {}->http://localhost:3000][total available: 0; route allocated: 0 of 5; total allocated: 0 of 10]
16:18:53.636 [pool-2-thread-1] DEBUG org.apache.http.impl.conn.PoolingHttpClientConnectionManager -- Connection leased: [id: 72][route: {}->http://localhost:3000][total available: 0; route allocated: 1 of 5; total allocated: 1 of 10]
16:18:53.636 [pool-2-thread-1] DEBUG org.apache.http.impl.execchain.MainClientExec -- Opening connection {}->http://localhost:3000
16:18:53.636 [pool-2-thread-1] DEBUG org.apache.http.impl.conn.DefaultHttpClientConnectionOperator -- Connecting to localhost/127.0.0.1:3000
16:18:53.636 [pool-2-thread-1] DEBUG org.apache.http.impl.conn.DefaultHttpClientConnectionOperator -- Connection established 127.0.0.1:51346<->127.0.0.1:3000
16:18:53.636 [pool-2-thread-1] DEBUG org.apache.http.impl.conn.DefaultManagedHttpClientConnection -- http-outgoing-72: set socket timeout to 30000
16:18:53.636 [pool-2-thread-1] DEBUG org.apache.http.impl.execchain.MainClientExec -- Executing request POST /auth/login HTTP/1.1
16:18:53.636 [pool-2-thread-1] DEBUG org.apache.http.impl.execchain.MainClientExec -- Target auth state: UNCHALLENGED
16:18:53.636 [pool-2-thread-1] DEBUG org.apache.http.impl.execchain.MainClientExec -- Proxy auth state: UNCHALLENGED
16:18:53.637 [pool-2-thread-1] DEBUG org.apache.http.headers -- http-outgoing-72 >> POST /auth/login HTTP/1.1
16:18:53.637 [pool-2-thread-1] DEBUG org.apache.http.headers -- http-outgoing-72 >> Content-Type: application/json; charset=UTF-8
16:18:53.637 [pool-2-thread-1] DEBUG org.apache.http.headers -- http-outgoing-72 >> Content-Length: 45
16:18:53.637 [pool-2-thread-1] DEBUG org.apache.http.headers -- http-outgoing-72 >> Host: localhost:3000
16:18:53.637 [pool-2-thread-1] DEBUG org.apache.http.headers -- http-outgoing-72 >> Connection: Keep-Alive
16:18:53.637 [pool-2-thread-1] DEBUG org.apache.http.headers -- http-outgoing-72 >> User-Agent: Apache-HttpClient/4.5.14 (Java/17.0.9)
16:18:53.637 [pool-2-thread-1] DEBUG org.apache.http.headers -- http-outgoing-72 >> Accept-Encoding: gzip,deflate
16:18:53.637 [pool-2-thread-1] DEBUG org.apache.http.wire -- http-outgoing-72 >> "POST /auth/login HTTP/1.1[\r][\n]"
16:18:53.637 [pool-2-thread-1] DEBUG org.apache.http.wire -- http-outgoing-72 >> "Content-Type: application/json; charset=UTF-8[\r][\n]"
16:18:53.637 [pool-2-thread-1] DEBUG org.apache.http.wire -- http-outgoing-72 >> "Content-Length: 45[\r][\n]"
16:18:53.637 [pool-2-thread-1] DEBUG org.apache.http.wire -- http-outgoing-72 >> "Host: localhost:3000[\r][\n]"
16:18:53.637 [pool-2-thread-1] DEBUG org.apache.http.wire -- http-outgoing-72 >> "Connection: Keep-Alive[\r][\n]"
16:18:53.637 [pool-2-thread-1] DEBUG org.apache.http.wire -- http-outgoing-72 >> "User-Agent: Apache-HttpClient/4.5.14 (Java/17.0.9)[\r][\n]"
16:18:53.637 [pool-2-thread-1] DEBUG org.apache.http.wire -- http-outgoing-72 >> "Accept-Encoding: gzip,deflate[\r][\n]"
16:18:53.637 [pool-2-thread-1] DEBUG org.apache.http.wire -- http-outgoing-72 >> "[\r][\n]"
16:18:53.637 [pool-2-thread-1] DEBUG org.apache.http.wire -- http-outgoing-72 >> "{"email":"nam@gmail.com","password":"123456"}"
16:18:53.696 [pool-2-thread-6] DEBUG org.apache.http.wire -- http-outgoing-63 << "HTTP/1.1 200 OK[\r][\n]"
16:18:53.696 [pool-2-thread-6] DEBUG org.apache.http.wire -- http-outgoing-63 << "X-Powered-By: Express[\r][\n]"
16:18:53.696 [pool-2-thread-6] DEBUG org.apache.http.wire -- http-outgoing-63 << "Access-Control-Allow-Origin: *[\r][\n]"
16:18:53.696 [pool-2-thread-6] DEBUG org.apache.http.wire -- http-outgoing-63 << "Content-Type: application/json; charset=utf-8[\r][\n]"
16:18:53.696 [pool-2-thread-6] DEBUG org.apache.http.wire -- http-outgoing-63 << "Content-Length: 607[\r][\n]"
16:18:53.696 [pool-2-thread-6] DEBUG org.apache.http.wire -- http-outgoing-63 << "ETag: W/"25f-4M01kZgS5N6OQXEaat0OYL6u2lM"[\r][\n]"
16:18:53.696 [pool-2-thread-6] DEBUG org.apache.http.wire -- http-outgoing-63 << "Date: Tue, 24 Jun 2025 09:18:53 GMT[\r][\n]"
16:18:53.696 [pool-2-thread-6] DEBUG org.apache.http.wire -- http-outgoing-63 << "Connection: keep-alive[\r][\n]"
16:18:53.696 [pool-2-thread-6] DEBUG org.apache.http.wire -- http-outgoing-63 << "Keep-Alive: timeout=5[\r][\n]"
16:18:53.696 [pool-2-thread-6] DEBUG org.apache.http.wire -- http-outgoing-63 << "[\r][\n]"
16:18:53.696 [pool-2-thread-6] DEBUG org.apache.http.wire -- http-outgoing-63 << "{"access_token":"eyJhbGciOiJIUzI1NiIsInR5cCI6IkpXVCJ9.eyJzdWIiOiI5YTI2OTc2Yy0xNTMyLTRkZjMtYTE2ZS03NjMxNTI1Yzg1MDIiLCJ1c2VybmFtZSI6ImpvaG5kb2UyZDUiLCJyb2xlIjowLCJpYXQiOjE3NTA3NTY3MzMsImV4cCI6MTc1MDc2MDMzM30.lJtRrtux9WIn35vHDhUXDMhgXWguRKcTe7tHXYAlOqI","refresh_token":"5710913c8bca33e83b32b2b44a7a755df02f84acd3167fff6845044efe45c870","user":{"id":"9a26976c-1532-4df3-a16e-7631525c8502","email":"testit4@gmail.com","username":"johndoe2d5","name":"John Doe","phoneNumber":"0123456212","profilePic":null,"bio":null,"private":false,"verified":false,"role":0,"followersCount":0,"followingCount":0,"postCount":0}}"
16:18:53.696 [pool-2-thread-6] DEBUG org.apache.http.headers -- http-outgoing-63 << HTTP/1.1 200 OK
16:18:53.696 [pool-2-thread-6] DEBUG org.apache.http.headers -- http-outgoing-63 << X-Powered-By: Express
16:18:53.696 [pool-2-thread-6] DEBUG org.apache.http.headers -- http-outgoing-63 << Access-Control-Allow-Origin: *
16:18:53.696 [pool-2-thread-6] DEBUG org.apache.http.headers -- http-outgoing-63 << Content-Type: application/json; charset=utf-8
16:18:53.696 [pool-2-thread-6] DEBUG org.apache.http.headers -- http-outgoing-63 << Content-Length: 607
16:18:53.696 [pool-2-thread-6] DEBUG org.apache.http.headers -- http-outgoing-63 << ETag: W/"25f-4M01kZgS5N6OQXEaat0OYL6u2lM"
16:18:53.696 [pool-2-thread-6] DEBUG org.apache.http.headers -- http-outgoing-63 << Date: Tue, 24 Jun 2025 09:18:53 GMT
16:18:53.696 [pool-2-thread-6] DEBUG org.apache.http.headers -- http-outgoing-63 << Connection: keep-alive
16:18:53.696 [pool-2-thread-6] DEBUG org.apache.http.headers -- http-outgoing-63 << Keep-Alive: timeout=5
16:18:53.696 [pool-2-thread-2] DEBUG org.apache.http.wire -- http-outgoing-64 << "HTTP/1.1 200 OK[\r][\n]"
16:18:53.696 [pool-2-thread-2] DEBUG org.apache.http.wire -- http-outgoing-64 << "X-Powered-By: Express[\r][\n]"
16:18:53.696 [pool-2-thread-2] DEBUG org.apache.http.wire -- http-outgoing-64 << "Access-Control-Allow-Origin: *[\r][\n]"
16:18:53.696 [pool-2-thread-2] DEBUG org.apache.http.wire -- http-outgoing-64 << "Content-Type: application/json; charset=utf-8[\r][\n]"
16:18:53.696 [pool-2-thread-2] DEBUG org.apache.http.wire -- http-outgoing-64 << "Content-Length: 715[\r][\n]"
16:18:53.696 [pool-2-thread-2] DEBUG org.apache.http.wire -- http-outgoing-64 << "ETag: W/"2cb-ByLPfvmYUNO4SRzLwRpML5qX3oQ"[\r][\n]"
16:18:53.696 [pool-2-thread-2] DEBUG org.apache.http.wire -- http-outgoing-64 << "Date: Tue, 24 Jun 2025 09:18:53 GMT[\r][\n]"
16:18:53.696 [pool-2-thread-2] DEBUG org.apache.http.wire -- http-outgoing-64 << "Connection: keep-alive[\r][\n]"
16:18:53.696 [pool-2-thread-2] DEBUG org.apache.http.wire -- http-outgoing-64 << "Keep-Alive: timeout=5[\r][\n]"
16:18:53.696 [pool-2-thread-2] DEBUG org.apache.http.wire -- http-outgoing-64 << "[\r][\n]"
16:18:53.696 [pool-2-thread-2] DEBUG org.apache.http.wire -- http-outgoing-64 << "{"access_token":"eyJhbGciOiJIUzI1NiIsInR5cCI6IkpXVCJ9.eyJzdWIiOiIyYjg0YWEyNC02NjhhLTQwZTItYWYxYy1hZDRmYzRmYTVhNmYiLCJ1c2VybmFtZSI6InF1YW5nMSIsInJvbGUiOjAsImlhdCI6MTc1MDc1NjczMywiZXhwIjoxNzUwNzYwMzMzfQ.TKVC41P12xPNhnYs6QuPD4LSxwB8KSzZce2B-Wt34cs","refresh_token":"5b322f206b549d5a9215fc89330ac2ea76c73b76361252a342abd31b235b5385","user":{"id":"2b84aa24-668a-40e2-af1c-ad4fc4fa5a6f","email":"quang1@gmail.com","username":"quang1","name":"quang1","phoneNumber":"09874563210","profilePic":"https://res.cloudinary.com/dizcvrefo/image/upload/v1749027586/nestjs_uploads/xehairydt9rzlbmbmv4c.jpg","bio":"Thang Nam Lao Vua Thoi","private":false,"verified":false,"role":0,"followersCount":2,"followingCount":3,"postCount":2}}"
16:18:53.696 [pool-2-thread-6] DEBUG org.apache.http.impl.execchain.MainClientExec -- Connection can be kept alive for 5000 MILLISECONDS
16:18:53.696 [pool-2-thread-2] DEBUG org.apache.http.headers -- http-outgoing-64 << HTTP/1.1 200 OK
16:18:53.696 [pool-2-thread-2] DEBUG org.apache.http.headers -- http-outgoing-64 << X-Powered-By: Express
16:18:53.696 [pool-2-thread-2] DEBUG org.apache.http.headers -- http-outgoing-64 << Access-Control-Allow-Origin: *
16:18:53.696 [pool-2-thread-2] DEBUG org.apache.http.headers -- http-outgoing-64 << Content-Type: application/json; charset=utf-8
16:18:53.696 [pool-2-thread-2] DEBUG org.apache.http.headers -- http-outgoing-64 << Content-Length: 715
16:18:53.696 [pool-2-thread-2] DEBUG org.apache.http.headers -- http-outgoing-64 << ETag: W/"2cb-ByLPfvmYUNO4SRzLwRpML5qX3oQ"
16:18:53.696 [pool-2-thread-2] DEBUG org.apache.http.headers -- http-outgoing-64 << Date: Tue, 24 Jun 2025 09:18:53 GMT
16:18:53.696 [pool-2-thread-2] DEBUG org.apache.http.headers -- http-outgoing-64 << Connection: keep-alive
16:18:53.696 [pool-2-thread-2] DEBUG org.apache.http.headers -- http-outgoing-64 << Keep-Alive: timeout=5
16:18:53.696 [pool-2-thread-6] DEBUG org.apache.http.impl.conn.PoolingHttpClientConnectionManager -- Connection [id: 63][route: {}->http://localhost:3000] can be kept alive for 5.0 seconds
16:18:53.696 [pool-2-thread-2] DEBUG org.apache.http.impl.execchain.MainClientExec -- Connection can be kept alive for 5000 MILLISECONDS
16:18:53.696 [pool-2-thread-6] DEBUG org.apache.http.impl.conn.DefaultManagedHttpClientConnection -- http-outgoing-63: set socket timeout to 0
16:18:53.697 [pool-2-thread-2] DEBUG org.apache.http.impl.conn.PoolingHttpClientConnectionManager -- Connection [id: 64][route: {}->http://localhost:3000] can be kept alive for 5.0 seconds
16:18:53.698 [pool-2-thread-2] DEBUG org.apache.http.impl.conn.DefaultManagedHttpClientConnection -- http-outgoing-64: set socket timeout to 0
16:18:53.698 [pool-2-thread-2] DEBUG org.apache.http.impl.conn.PoolingHttpClientConnectionManager -- Connection released: [id: 64][route: {}->http://localhost:3000][total available: 1; route allocated: 1 of 5; total allocated: 1 of 10]
16:18:53.698 [pool-2-thread-6] DEBUG org.apache.http.impl.conn.PoolingHttpClientConnectionManager -- Connection released: [id: 63][route: {}->http://localhost:3000][total available: 1; route allocated: 1 of 5; total allocated: 1 of 10]
16:18:53.698 [pool-2-thread-2] DEBUG org.apache.http.impl.conn.PoolingHttpClientConnectionManager -- Connection manager is shutting down
16:18:53.698 [pool-2-thread-6] DEBUG org.apache.http.impl.conn.PoolingHttpClientConnectionManager -- Connection manager is shutting down
16:18:53.698 [pool-2-thread-6] DEBUG org.apache.http.impl.conn.DefaultManagedHttpClientConnection -- http-outgoing-63: Close connection
16:18:53.698 [pool-2-thread-2] DEBUG org.apache.http.impl.conn.DefaultManagedHttpClientConnection -- http-outgoing-64: Close connection
16:18:53.698 [pool-2-thread-2] DEBUG org.apache.http.impl.conn.PoolingHttpClientConnectionManager -- Connection manager shut down
16:18:53.698 [pool-2-thread-6] DEBUG org.apache.http.impl.conn.PoolingHttpClientConnectionManager -- Connection manager shut down
16:18:53.698 [pool-2-thread-2] DEBUG com.intuit.karate -- response time in milliseconds: 901
7 < 200
7 < X-Powered-By: Express
7 < Access-Control-Allow-Origin: *
7 < Content-Type: application/json; charset=utf-8
7 < Content-Length: 715
7 < ETag: W/"2cb-ByLPfvmYUNO4SRzLwRpML5qX3oQ"
7 < Date: Tue, 24 Jun 2025 09:18:53 GMT
7 < Connection: keep-alive
7 < Keep-Alive: timeout=5
{"access_token":"eyJhbGciOiJIUzI1NiIsInR5cCI6IkpXVCJ9.eyJzdWIiOiIyYjg0YWEyNC02NjhhLTQwZTItYWYxYy1hZDRmYzRmYTVhNmYiLCJ1c2VybmFtZSI6InF1YW5nMSIsInJvbGUiOjAsImlhdCI6MTc1MDc1NjczMywiZXhwIjoxNzUwNzYwMzMzfQ.TKVC41P12xPNhnYs6QuPD4LSxwB8KSzZce2B-Wt34cs","refresh_token":"5b322f206b549d5a9215fc89330ac2ea76c73b76361252a342abd31b235b5385","user":{"id":"2b84aa24-668a-40e2-af1c-ad4fc4fa5a6f","email":"quang1@gmail.com","username":"quang1","name":"quang1","phoneNumber":"09874563210","profilePic":"https://res.cloudinary.com/dizcvrefo/image/upload/v1749027586/nestjs_uploads/xehairydt9rzlbmbmv4c.jpg","bio":"Thang Nam Lao Vua Thoi","private":false,"verified":false,"role":0,"followersCount":2,"followingCount":3,"postCount":2}}

16:18:53.698 [pool-2-thread-6] DEBUG com.intuit.karate -- response time in milliseconds: 909
7 < 200
7 < X-Powered-By: Express
7 < Access-Control-Allow-Origin: *
7 < Content-Type: application/json; charset=utf-8
7 < Content-Length: 607
7 < ETag: W/"25f-4M01kZgS5N6OQXEaat0OYL6u2lM"
7 < Date: Tue, 24 Jun 2025 09:18:53 GMT
7 < Connection: keep-alive
7 < Keep-Alive: timeout=5
{"access_token":"eyJhbGciOiJIUzI1NiIsInR5cCI6IkpXVCJ9.eyJzdWIiOiI5YTI2OTc2Yy0xNTMyLTRkZjMtYTE2ZS03NjMxNTI1Yzg1MDIiLCJ1c2VybmFtZSI6ImpvaG5kb2UyZDUiLCJyb2xlIjowLCJpYXQiOjE3NTA3NTY3MzMsImV4cCI6MTc1MDc2MDMzM30.lJtRrtux9WIn35vHDhUXDMhgXWguRKcTe7tHXYAlOqI","refresh_token":"5710913c8bca33e83b32b2b44a7a755df02f84acd3167fff6845044efe45c870","user":{"id":"9a26976c-1532-4df3-a16e-7631525c8502","email":"testit4@gmail.com","username":"johndoe2d5","name":"John Doe","phoneNumber":"0123456212","profilePic":null,"bio":null,"private":false,"verified":false,"role":0,"followersCount":0,"followingCount":0,"postCount":0}}

16:18:53.699 [pool-2-thread-2] INFO com.intuit.karate -- [print] Call 7 completed, status: 200 
16:18:53.699 [pool-2-thread-6] INFO com.intuit.karate -- [print] Call 7 completed, status: 200 
16:18:53.700 [pool-2-thread-2] INFO com.intuit.karate -- [print] *** API CALL 8 *** 
16:18:53.700 [pool-2-thread-6] INFO com.intuit.karate -- [print] *** API CALL 8 *** 
16:18:53.701 [pool-2-thread-6] DEBUG org.apache.http.client.protocol.RequestAddCookies -- CookieSpec selected: karate
16:18:53.701 [pool-2-thread-2] DEBUG org.apache.http.client.protocol.RequestAddCookies -- CookieSpec selected: karate
16:18:53.701 [pool-2-thread-6] DEBUG org.apache.http.client.protocol.RequestAuthCache -- Auth cache not set in the context
16:18:53.701 [pool-2-thread-2] DEBUG org.apache.http.client.protocol.RequestAuthCache -- Auth cache not set in the context
16:18:53.701 [pool-2-thread-2] DEBUG com.intuit.karate -- request:
8 > POST http://localhost:3000/auth/login
8 > Content-Type: application/json; charset=UTF-8
8 > Content-Length: 48
8 > Host: localhost:3000
8 > Connection: Keep-Alive
8 > User-Agent: Apache-HttpClient/4.5.14 (Java/17.0.9)
8 > Accept-Encoding: gzip,deflate
{"email":"quang1@gmail.com","password":"quang1"}

16:18:53.701 [pool-2-thread-6] DEBUG com.intuit.karate -- request:
8 > POST http://localhost:3000/auth/login
8 > Content-Type: application/json; charset=UTF-8
8 > Content-Length: 54
8 > Host: localhost:3000
8 > Connection: Keep-Alive
8 > User-Agent: Apache-HttpClient/4.5.14 (Java/17.0.9)
8 > Accept-Encoding: gzip,deflate
{"email":"testit4@gmail.com","password":"Password123"}

16:18:53.703 [pool-2-thread-6] DEBUG org.apache.http.impl.conn.PoolingHttpClientConnectionManager -- Connection request: [route: {}->http://localhost:3000][total available: 0; route allocated: 0 of 5; total allocated: 0 of 10]
16:18:53.703 [pool-2-thread-2] DEBUG org.apache.http.impl.conn.PoolingHttpClientConnectionManager -- Connection request: [route: {}->http://localhost:3000][total available: 0; route allocated: 0 of 5; total allocated: 0 of 10]
16:18:53.703 [pool-2-thread-6] DEBUG org.apache.http.impl.conn.PoolingHttpClientConnectionManager -- Connection leased: [id: 74][route: {}->http://localhost:3000][total available: 0; route allocated: 1 of 5; total allocated: 1 of 10]
16:18:53.703 [pool-2-thread-2] DEBUG org.apache.http.impl.conn.PoolingHttpClientConnectionManager -- Connection leased: [id: 73][route: {}->http://localhost:3000][total available: 0; route allocated: 1 of 5; total allocated: 1 of 10]
16:18:53.703 [pool-2-thread-6] DEBUG org.apache.http.impl.execchain.MainClientExec -- Opening connection {}->http://localhost:3000
16:18:53.703 [pool-2-thread-2] DEBUG org.apache.http.impl.execchain.MainClientExec -- Opening connection {}->http://localhost:3000
16:18:53.703 [pool-2-thread-2] DEBUG org.apache.http.impl.conn.DefaultHttpClientConnectionOperator -- Connecting to localhost/127.0.0.1:3000
16:18:53.703 [pool-2-thread-6] DEBUG org.apache.http.impl.conn.DefaultHttpClientConnectionOperator -- Connecting to localhost/127.0.0.1:3000
16:18:53.704 [pool-2-thread-6] DEBUG org.apache.http.impl.conn.DefaultHttpClientConnectionOperator -- Connection established 127.0.0.1:51347<->127.0.0.1:3000
16:18:53.704 [pool-2-thread-2] DEBUG org.apache.http.impl.conn.DefaultHttpClientConnectionOperator -- Connection established 127.0.0.1:51348<->127.0.0.1:3000
16:18:53.704 [pool-2-thread-2] DEBUG org.apache.http.impl.conn.DefaultManagedHttpClientConnection -- http-outgoing-74: set socket timeout to 30000
16:18:53.704 [pool-2-thread-6] DEBUG org.apache.http.impl.conn.DefaultManagedHttpClientConnection -- http-outgoing-73: set socket timeout to 30000
16:18:53.704 [pool-2-thread-6] DEBUG org.apache.http.impl.execchain.MainClientExec -- Executing request POST /auth/login HTTP/1.1
16:18:53.704 [pool-2-thread-2] DEBUG org.apache.http.impl.execchain.MainClientExec -- Executing request POST /auth/login HTTP/1.1
16:18:53.704 [pool-2-thread-6] DEBUG org.apache.http.impl.execchain.MainClientExec -- Target auth state: UNCHALLENGED
16:18:53.704 [pool-2-thread-2] DEBUG org.apache.http.impl.execchain.MainClientExec -- Target auth state: UNCHALLENGED
16:18:53.704 [pool-2-thread-6] DEBUG org.apache.http.impl.execchain.MainClientExec -- Proxy auth state: UNCHALLENGED
16:18:53.704 [pool-2-thread-2] DEBUG org.apache.http.impl.execchain.MainClientExec -- Proxy auth state: UNCHALLENGED
16:18:53.704 [pool-2-thread-6] DEBUG org.apache.http.headers -- http-outgoing-73 >> POST /auth/login HTTP/1.1
16:18:53.704 [pool-2-thread-2] DEBUG org.apache.http.headers -- http-outgoing-74 >> POST /auth/login HTTP/1.1
16:18:53.704 [pool-2-thread-6] DEBUG org.apache.http.headers -- http-outgoing-73 >> Content-Type: application/json; charset=UTF-8
16:18:53.704 [pool-2-thread-2] DEBUG org.apache.http.headers -- http-outgoing-74 >> Content-Type: application/json; charset=UTF-8
16:18:53.704 [pool-2-thread-2] DEBUG org.apache.http.headers -- http-outgoing-74 >> Content-Length: 48
16:18:53.704 [pool-2-thread-2] DEBUG org.apache.http.headers -- http-outgoing-74 >> Host: localhost:3000
16:18:53.704 [pool-2-thread-2] DEBUG org.apache.http.headers -- http-outgoing-74 >> Connection: Keep-Alive
16:18:53.704 [pool-2-thread-2] DEBUG org.apache.http.headers -- http-outgoing-74 >> User-Agent: Apache-HttpClient/4.5.14 (Java/17.0.9)
16:18:53.704 [pool-2-thread-2] DEBUG org.apache.http.headers -- http-outgoing-74 >> Accept-Encoding: gzip,deflate
16:18:53.704 [pool-2-thread-6] DEBUG org.apache.http.headers -- http-outgoing-73 >> Content-Length: 54
16:18:53.704 [pool-2-thread-6] DEBUG org.apache.http.headers -- http-outgoing-73 >> Host: localhost:3000
16:18:53.704 [pool-2-thread-6] DEBUG org.apache.http.headers -- http-outgoing-73 >> Connection: Keep-Alive
16:18:53.704 [pool-2-thread-6] DEBUG org.apache.http.headers -- http-outgoing-73 >> User-Agent: Apache-HttpClient/4.5.14 (Java/17.0.9)
16:18:53.704 [pool-2-thread-6] DEBUG org.apache.http.headers -- http-outgoing-73 >> Accept-Encoding: gzip,deflate
16:18:53.704 [pool-2-thread-2] DEBUG org.apache.http.wire -- http-outgoing-74 >> "POST /auth/login HTTP/1.1[\r][\n]"
16:18:53.704 [pool-2-thread-2] DEBUG org.apache.http.wire -- http-outgoing-74 >> "Content-Type: application/json; charset=UTF-8[\r][\n]"
16:18:53.704 [pool-2-thread-2] DEBUG org.apache.http.wire -- http-outgoing-74 >> "Content-Length: 48[\r][\n]"
16:18:53.704 [pool-2-thread-2] DEBUG org.apache.http.wire -- http-outgoing-74 >> "Host: localhost:3000[\r][\n]"
16:18:53.704 [pool-2-thread-6] DEBUG org.apache.http.wire -- http-outgoing-73 >> "POST /auth/login HTTP/1.1[\r][\n]"
16:18:53.704 [pool-2-thread-2] DEBUG org.apache.http.wire -- http-outgoing-74 >> "Connection: Keep-Alive[\r][\n]"
16:18:53.704 [pool-2-thread-6] DEBUG org.apache.http.wire -- http-outgoing-73 >> "Content-Type: application/json; charset=UTF-8[\r][\n]"
16:18:53.704 [pool-2-thread-6] DEBUG org.apache.http.wire -- http-outgoing-73 >> "Content-Length: 54[\r][\n]"
16:18:53.704 [pool-2-thread-6] DEBUG org.apache.http.wire -- http-outgoing-73 >> "Host: localhost:3000[\r][\n]"
16:18:53.704 [pool-2-thread-6] DEBUG org.apache.http.wire -- http-outgoing-73 >> "Connection: Keep-Alive[\r][\n]"
16:18:53.704 [pool-2-thread-6] DEBUG org.apache.http.wire -- http-outgoing-73 >> "User-Agent: Apache-HttpClient/4.5.14 (Java/17.0.9)[\r][\n]"
16:18:53.704 [pool-2-thread-6] DEBUG org.apache.http.wire -- http-outgoing-73 >> "Accept-Encoding: gzip,deflate[\r][\n]"
16:18:53.704 [pool-2-thread-2] DEBUG org.apache.http.wire -- http-outgoing-74 >> "User-Agent: Apache-HttpClient/4.5.14 (Java/17.0.9)[\r][\n]"
16:18:53.704 [pool-2-thread-6] DEBUG org.apache.http.wire -- http-outgoing-73 >> "[\r][\n]"
16:18:53.704 [pool-2-thread-2] DEBUG org.apache.http.wire -- http-outgoing-74 >> "Accept-Encoding: gzip,deflate[\r][\n]"
16:18:53.704 [pool-2-thread-2] DEBUG org.apache.http.wire -- http-outgoing-74 >> "[\r][\n]"
16:18:53.704 [pool-2-thread-6] DEBUG org.apache.http.wire -- http-outgoing-73 >> "{"email":"testit4@gmail.com","password":"Password123"}"
16:18:53.704 [pool-2-thread-2] DEBUG org.apache.http.wire -- http-outgoing-74 >> "{"email":"quang1@gmail.com","password":"quang1"}"
16:18:53.729 [pool-2-thread-9] DEBUG org.apache.http.wire -- http-outgoing-66 << "HTTP/1.1 200 OK[\r][\n]"
16:18:53.729 [pool-2-thread-9] DEBUG org.apache.http.wire -- http-outgoing-66 << "X-Powered-By: Express[\r][\n]"
16:18:53.729 [pool-2-thread-9] DEBUG org.apache.http.wire -- http-outgoing-66 << "Access-Control-Allow-Origin: *[\r][\n]"
16:18:53.729 [pool-2-thread-9] DEBUG org.apache.http.wire -- http-outgoing-66 << "Content-Type: application/json; charset=utf-8[\r][\n]"
16:18:53.729 [pool-2-thread-9] DEBUG org.apache.http.wire -- http-outgoing-66 << "Content-Length: 604[\r][\n]"
16:18:53.729 [pool-2-thread-9] DEBUG org.apache.http.wire -- http-outgoing-66 << "ETag: W/"25c-NT5DkT2vEKqCmZKEUmI0aVzoVjs"[\r][\n]"
16:18:53.729 [pool-2-thread-9] DEBUG org.apache.http.wire -- http-outgoing-66 << "Date: Tue, 24 Jun 2025 09:18:53 GMT[\r][\n]"
16:18:53.729 [pool-2-thread-9] DEBUG org.apache.http.wire -- http-outgoing-66 << "Connection: keep-alive[\r][\n]"
16:18:53.729 [pool-2-thread-9] DEBUG org.apache.http.wire -- http-outgoing-66 << "Keep-Alive: timeout=5[\r][\n]"
16:18:53.729 [pool-2-thread-9] DEBUG org.apache.http.wire -- http-outgoing-66 << "[\r][\n]"
16:18:53.729 [pool-2-thread-9] DEBUG org.apache.http.wire -- http-outgoing-66 << "{"access_token":"eyJhbGciOiJIUzI1NiIsInR5cCI6IkpXVCJ9.eyJzdWIiOiJkZjZmMDkxOS1hMjNkLTQ0YzktYTkyNS00ZWE4YmU1MjVkMTAiLCJ1c2VybmFtZSI6ImpvaG5kb2UyMyIsInJvbGUiOjAsImlhdCI6MTc1MDc1NjczMywiZXhwIjoxNzUwNzYwMzMzfQ.BamjtTfLDmD-tpa07h1A5R5EBgsRKBZwy1dXvGdsJY0","refresh_token":"7b3518226ff78b9c4f4a8fa591d08838617d15841d8bef007bf891c7248bff27","user":{"id":"df6f0919-a23d-44c9-a925-4ea8be525d10","email":"testit@gmail.com","username":"johndoe23","name":"John Doe","phoneNumber":"0123456788","profilePic":null,"bio":null,"private":false,"verified":false,"role":0,"followersCount":0,"followingCount":0,"postCount":0}}"
16:18:53.730 [pool-2-thread-9] DEBUG org.apache.http.headers -- http-outgoing-66 << HTTP/1.1 200 OK
16:18:53.730 [pool-2-thread-9] DEBUG org.apache.http.headers -- http-outgoing-66 << X-Powered-By: Express
16:18:53.730 [pool-2-thread-9] DEBUG org.apache.http.headers -- http-outgoing-66 << Access-Control-Allow-Origin: *
16:18:53.730 [pool-2-thread-9] DEBUG org.apache.http.headers -- http-outgoing-66 << Content-Type: application/json; charset=utf-8
16:18:53.730 [pool-2-thread-9] DEBUG org.apache.http.headers -- http-outgoing-66 << Content-Length: 604
16:18:53.730 [pool-2-thread-9] DEBUG org.apache.http.headers -- http-outgoing-66 << ETag: W/"25c-NT5DkT2vEKqCmZKEUmI0aVzoVjs"
16:18:53.730 [pool-2-thread-9] DEBUG org.apache.http.headers -- http-outgoing-66 << Date: Tue, 24 Jun 2025 09:18:53 GMT
16:18:53.730 [pool-2-thread-9] DEBUG org.apache.http.headers -- http-outgoing-66 << Connection: keep-alive
16:18:53.730 [pool-2-thread-9] DEBUG org.apache.http.headers -- http-outgoing-66 << Keep-Alive: timeout=5
16:18:53.730 [pool-2-thread-9] DEBUG org.apache.http.impl.execchain.MainClientExec -- Connection can be kept alive for 5000 MILLISECONDS
16:18:53.730 [pool-2-thread-9] DEBUG org.apache.http.impl.conn.PoolingHttpClientConnectionManager -- Connection [id: 66][route: {}->http://localhost:3000] can be kept alive for 5.0 seconds
16:18:53.730 [pool-2-thread-9] DEBUG org.apache.http.impl.conn.DefaultManagedHttpClientConnection -- http-outgoing-66: set socket timeout to 0
16:18:53.730 [pool-2-thread-9] DEBUG org.apache.http.impl.conn.PoolingHttpClientConnectionManager -- Connection released: [id: 66][route: {}->http://localhost:3000][total available: 1; route allocated: 1 of 5; total allocated: 1 of 10]
16:18:53.730 [pool-2-thread-9] DEBUG org.apache.http.impl.conn.PoolingHttpClientConnectionManager -- Connection manager is shutting down
16:18:53.730 [pool-2-thread-9] DEBUG org.apache.http.impl.conn.DefaultManagedHttpClientConnection -- http-outgoing-66: Close connection
16:18:53.730 [pool-2-thread-9] DEBUG org.apache.http.impl.conn.PoolingHttpClientConnectionManager -- Connection manager shut down
16:18:53.730 [pool-2-thread-9] DEBUG com.intuit.karate -- response time in milliseconds: 921
7 < 200
7 < X-Powered-By: Express
7 < Access-Control-Allow-Origin: *
7 < Content-Type: application/json; charset=utf-8
7 < Content-Length: 604
7 < ETag: W/"25c-NT5DkT2vEKqCmZKEUmI0aVzoVjs"
7 < Date: Tue, 24 Jun 2025 09:18:53 GMT
7 < Connection: keep-alive
7 < Keep-Alive: timeout=5
{"access_token":"eyJhbGciOiJIUzI1NiIsInR5cCI6IkpXVCJ9.eyJzdWIiOiJkZjZmMDkxOS1hMjNkLTQ0YzktYTkyNS00ZWE4YmU1MjVkMTAiLCJ1c2VybmFtZSI6ImpvaG5kb2UyMyIsInJvbGUiOjAsImlhdCI6MTc1MDc1NjczMywiZXhwIjoxNzUwNzYwMzMzfQ.BamjtTfLDmD-tpa07h1A5R5EBgsRKBZwy1dXvGdsJY0","refresh_token":"7b3518226ff78b9c4f4a8fa591d08838617d15841d8bef007bf891c7248bff27","user":{"id":"df6f0919-a23d-44c9-a925-4ea8be525d10","email":"testit@gmail.com","username":"johndoe23","name":"John Doe","phoneNumber":"0123456788","profilePic":null,"bio":null,"private":false,"verified":false,"role":0,"followersCount":0,"followingCount":0,"postCount":0}}

16:18:53.732 [pool-2-thread-9] INFO com.intuit.karate -- [print] Call 7 completed, status: 200 
16:18:53.734 [pool-2-thread-9] INFO com.intuit.karate -- [print] *** API CALL 8 *** 
16:18:53.737 [pool-2-thread-9] DEBUG org.apache.http.client.protocol.RequestAddCookies -- CookieSpec selected: karate
16:18:53.737 [pool-2-thread-9] DEBUG org.apache.http.client.protocol.RequestAuthCache -- Auth cache not set in the context
16:18:53.737 [pool-2-thread-9] DEBUG com.intuit.karate -- request:
8 > POST http://localhost:3000/auth/login
8 > Content-Type: application/json; charset=UTF-8
8 > Content-Length: 53
8 > Host: localhost:3000
8 > Connection: Keep-Alive
8 > User-Agent: Apache-HttpClient/4.5.14 (Java/17.0.9)
8 > Accept-Encoding: gzip,deflate
{"email":"testit@gmail.com","password":"Password123"}

16:18:53.737 [pool-2-thread-9] DEBUG org.apache.http.impl.conn.PoolingHttpClientConnectionManager -- Connection request: [route: {}->http://localhost:3000][total available: 0; route allocated: 0 of 5; total allocated: 0 of 10]
16:18:53.737 [pool-2-thread-9] DEBUG org.apache.http.impl.conn.PoolingHttpClientConnectionManager -- Connection leased: [id: 75][route: {}->http://localhost:3000][total available: 0; route allocated: 1 of 5; total allocated: 1 of 10]
16:18:53.737 [pool-2-thread-9] DEBUG org.apache.http.impl.execchain.MainClientExec -- Opening connection {}->http://localhost:3000
16:18:53.737 [pool-2-thread-9] DEBUG org.apache.http.impl.conn.DefaultHttpClientConnectionOperator -- Connecting to localhost/127.0.0.1:3000
16:18:53.738 [pool-2-thread-9] DEBUG org.apache.http.impl.conn.DefaultHttpClientConnectionOperator -- Connection established 127.0.0.1:51349<->127.0.0.1:3000
16:18:53.738 [pool-2-thread-9] DEBUG org.apache.http.impl.conn.DefaultManagedHttpClientConnection -- http-outgoing-75: set socket timeout to 30000
16:18:53.738 [pool-2-thread-9] DEBUG org.apache.http.impl.execchain.MainClientExec -- Executing request POST /auth/login HTTP/1.1
16:18:53.738 [pool-2-thread-9] DEBUG org.apache.http.impl.execchain.MainClientExec -- Target auth state: UNCHALLENGED
16:18:53.738 [pool-2-thread-9] DEBUG org.apache.http.impl.execchain.MainClientExec -- Proxy auth state: UNCHALLENGED
16:18:53.738 [pool-2-thread-9] DEBUG org.apache.http.headers -- http-outgoing-75 >> POST /auth/login HTTP/1.1
16:18:53.738 [pool-2-thread-9] DEBUG org.apache.http.headers -- http-outgoing-75 >> Content-Type: application/json; charset=UTF-8
16:18:53.738 [pool-2-thread-9] DEBUG org.apache.http.headers -- http-outgoing-75 >> Content-Length: 53
16:18:53.738 [pool-2-thread-9] DEBUG org.apache.http.headers -- http-outgoing-75 >> Host: localhost:3000
16:18:53.738 [pool-2-thread-9] DEBUG org.apache.http.headers -- http-outgoing-75 >> Connection: Keep-Alive
16:18:53.738 [pool-2-thread-9] DEBUG org.apache.http.headers -- http-outgoing-75 >> User-Agent: Apache-HttpClient/4.5.14 (Java/17.0.9)
16:18:53.738 [pool-2-thread-9] DEBUG org.apache.http.headers -- http-outgoing-75 >> Accept-Encoding: gzip,deflate
16:18:53.738 [pool-2-thread-9] DEBUG org.apache.http.wire -- http-outgoing-75 >> "POST /auth/login HTTP/1.1[\r][\n]"
16:18:53.738 [pool-2-thread-9] DEBUG org.apache.http.wire -- http-outgoing-75 >> "Content-Type: application/json; charset=UTF-8[\r][\n]"
16:18:53.738 [pool-2-thread-9] DEBUG org.apache.http.wire -- http-outgoing-75 >> "Content-Length: 53[\r][\n]"
16:18:53.738 [pool-2-thread-9] DEBUG org.apache.http.wire -- http-outgoing-75 >> "Host: localhost:3000[\r][\n]"
16:18:53.738 [pool-2-thread-9] DEBUG org.apache.http.wire -- http-outgoing-75 >> "Connection: Keep-Alive[\r][\n]"
16:18:53.738 [pool-2-thread-9] DEBUG org.apache.http.wire -- http-outgoing-75 >> "User-Agent: Apache-HttpClient/4.5.14 (Java/17.0.9)[\r][\n]"
16:18:53.738 [pool-2-thread-9] DEBUG org.apache.http.wire -- http-outgoing-75 >> "Accept-Encoding: gzip,deflate[\r][\n]"
16:18:53.738 [pool-2-thread-9] DEBUG org.apache.http.wire -- http-outgoing-75 >> "[\r][\n]"
16:18:53.738 [pool-2-thread-9] DEBUG org.apache.http.wire -- http-outgoing-75 >> "{"email":"testit@gmail.com","password":"Password123"}"
16:18:53.773 [pool-2-thread-4] DEBUG org.apache.http.wire -- http-outgoing-67 << "HTTP/1.1 200 OK[\r][\n]"
16:18:53.773 [pool-2-thread-4] DEBUG org.apache.http.wire -- http-outgoing-67 << "X-Powered-By: Express[\r][\n]"
16:18:53.773 [pool-2-thread-4] DEBUG org.apache.http.wire -- http-outgoing-67 << "Access-Control-Allow-Origin: *[\r][\n]"
16:18:53.773 [pool-2-thread-4] DEBUG org.apache.http.wire -- http-outgoing-67 << "Content-Type: application/json; charset=utf-8[\r][\n]"
16:18:53.773 [pool-2-thread-4] DEBUG org.apache.http.wire -- http-outgoing-67 << "Content-Length: 608[\r][\n]"
16:18:53.773 [pool-2-thread-4] DEBUG org.apache.http.wire -- http-outgoing-67 << "ETag: W/"260-gh2PFcl9E3BhipdFJaWK7chitqY"[\r][\n]"
16:18:53.773 [pool-2-thread-4] DEBUG org.apache.http.wire -- http-outgoing-67 << "Date: Tue, 24 Jun 2025 09:18:53 GMT[\r][\n]"
16:18:53.773 [pool-2-thread-4] DEBUG org.apache.http.wire -- http-outgoing-67 << "Connection: keep-alive[\r][\n]"
16:18:53.773 [pool-2-thread-4] DEBUG org.apache.http.wire -- http-outgoing-67 << "Keep-Alive: timeout=5[\r][\n]"
16:18:53.773 [pool-2-thread-4] DEBUG org.apache.http.wire -- http-outgoing-67 << "[\r][\n]"
16:18:53.774 [pool-2-thread-4] DEBUG org.apache.http.wire -- http-outgoing-67 << "{"access_token":"eyJhbGciOiJIUzI1NiIsInR5cCI6IkpXVCJ9.eyJzdWIiOiI4YTI0NzQ2MS01YzA0LTQyMWQtOThmNS1mYTljNzM0ZmFlYTUiLCJ1c2VybmFtZSI6ImphbmVzbWl0aCIsInJvbGUiOjAsImlhdCI6MTc1MDc1NjczMywiZXhwIjoxNzUwNzYwMzMzfQ.cqMAu5fcaSh5AMSDAbywAefv_UR1BGU2cfma20nHfMU","refresh_token":"6ec8851c655b3e70b856719a1a16bb2ef407ec7d2f100c937cbd2b45fb19f318","user":{"id":"8a247461-5c04-421d-98f5-fa9c734faea5","email":"test2@example.com","username":"janesmith","name":"Jane Smith","phoneNumber":"01234567890","profilePic":null,"bio":null,"private":false,"verified":false,"role":0,"followersCount":0,"followingCount":0,"postCount":0}}"
16:18:53.774 [pool-2-thread-4] DEBUG org.apache.http.headers -- http-outgoing-67 << HTTP/1.1 200 OK
16:18:53.774 [pool-2-thread-4] DEBUG org.apache.http.headers -- http-outgoing-67 << X-Powered-By: Express
16:18:53.774 [pool-2-thread-4] DEBUG org.apache.http.headers -- http-outgoing-67 << Access-Control-Allow-Origin: *
16:18:53.774 [pool-2-thread-4] DEBUG org.apache.http.headers -- http-outgoing-67 << Content-Type: application/json; charset=utf-8
16:18:53.774 [pool-2-thread-4] DEBUG org.apache.http.headers -- http-outgoing-67 << Content-Length: 608
16:18:53.774 [pool-2-thread-4] DEBUG org.apache.http.headers -- http-outgoing-67 << ETag: W/"260-gh2PFcl9E3BhipdFJaWK7chitqY"
16:18:53.774 [pool-2-thread-4] DEBUG org.apache.http.headers -- http-outgoing-67 << Date: Tue, 24 Jun 2025 09:18:53 GMT
16:18:53.774 [pool-2-thread-4] DEBUG org.apache.http.headers -- http-outgoing-67 << Connection: keep-alive
16:18:53.774 [pool-2-thread-4] DEBUG org.apache.http.headers -- http-outgoing-67 << Keep-Alive: timeout=5
16:18:53.774 [pool-2-thread-4] DEBUG org.apache.http.impl.execchain.MainClientExec -- Connection can be kept alive for 5000 MILLISECONDS
16:18:53.774 [pool-2-thread-4] DEBUG org.apache.http.impl.conn.PoolingHttpClientConnectionManager -- Connection [id: 67][route: {}->http://localhost:3000] can be kept alive for 5.0 seconds
16:18:53.774 [pool-2-thread-4] DEBUG org.apache.http.impl.conn.DefaultManagedHttpClientConnection -- http-outgoing-67: set socket timeout to 0
16:18:53.774 [pool-2-thread-4] DEBUG org.apache.http.impl.conn.PoolingHttpClientConnectionManager -- Connection released: [id: 67][route: {}->http://localhost:3000][total available: 1; route allocated: 1 of 5; total allocated: 1 of 10]
16:18:53.774 [pool-2-thread-4] DEBUG org.apache.http.impl.conn.PoolingHttpClientConnectionManager -- Connection manager is shutting down
16:18:53.774 [pool-2-thread-4] DEBUG org.apache.http.impl.conn.DefaultManagedHttpClientConnection -- http-outgoing-67: Close connection
16:18:53.774 [pool-2-thread-4] DEBUG org.apache.http.impl.conn.PoolingHttpClientConnectionManager -- Connection manager shut down
16:18:53.775 [pool-2-thread-4] DEBUG com.intuit.karate -- response time in milliseconds: 960
7 < 200
7 < X-Powered-By: Express
7 < Access-Control-Allow-Origin: *
7 < Content-Type: application/json; charset=utf-8
7 < Content-Length: 608
7 < ETag: W/"260-gh2PFcl9E3BhipdFJaWK7chitqY"
7 < Date: Tue, 24 Jun 2025 09:18:53 GMT
7 < Connection: keep-alive
7 < Keep-Alive: timeout=5
{"access_token":"eyJhbGciOiJIUzI1NiIsInR5cCI6IkpXVCJ9.eyJzdWIiOiI4YTI0NzQ2MS01YzA0LTQyMWQtOThmNS1mYTljNzM0ZmFlYTUiLCJ1c2VybmFtZSI6ImphbmVzbWl0aCIsInJvbGUiOjAsImlhdCI6MTc1MDc1NjczMywiZXhwIjoxNzUwNzYwMzMzfQ.cqMAu5fcaSh5AMSDAbywAefv_UR1BGU2cfma20nHfMU","refresh_token":"6ec8851c655b3e70b856719a1a16bb2ef407ec7d2f100c937cbd2b45fb19f318","user":{"id":"8a247461-5c04-421d-98f5-fa9c734faea5","email":"test2@example.com","username":"janesmith","name":"Jane Smith","phoneNumber":"01234567890","profilePic":null,"bio":null,"private":false,"verified":false,"role":0,"followersCount":0,"followingCount":0,"postCount":0}}

16:18:53.776 [pool-2-thread-3] DEBUG org.apache.http.wire -- http-outgoing-65 << "HTTP/1.1 200 OK[\r][\n]"
16:18:53.776 [pool-2-thread-3] DEBUG org.apache.http.wire -- http-outgoing-65 << "X-Powered-By: Express[\r][\n]"
16:18:53.776 [pool-2-thread-3] DEBUG org.apache.http.wire -- http-outgoing-65 << "Access-Control-Allow-Origin: *[\r][\n]"
16:18:53.776 [pool-2-thread-3] DEBUG org.apache.http.wire -- http-outgoing-65 << "Content-Type: application/json; charset=utf-8[\r][\n]"
16:18:53.776 [pool-2-thread-3] DEBUG org.apache.http.wire -- http-outgoing-65 << "Content-Length: 599[\r][\n]"
16:18:53.776 [pool-2-thread-3] DEBUG org.apache.http.wire -- http-outgoing-65 << "ETag: W/"257-ZlXwFjhUmV0VSZOssN9ZTVRnQ38"[\r][\n]"
16:18:53.776 [pool-2-thread-3] DEBUG org.apache.http.wire -- http-outgoing-65 << "Date: Tue, 24 Jun 2025 09:18:53 GMT[\r][\n]"
16:18:53.776 [pool-2-thread-3] DEBUG org.apache.http.wire -- http-outgoing-65 << "Connection: keep-alive[\r][\n]"
16:18:53.776 [pool-2-thread-3] DEBUG org.apache.http.wire -- http-outgoing-65 << "Keep-Alive: timeout=5[\r][\n]"
16:18:53.776 [pool-2-thread-3] DEBUG org.apache.http.wire -- http-outgoing-65 << "[\r][\n]"
16:18:53.776 [pool-2-thread-3] DEBUG org.apache.http.wire -- http-outgoing-65 << "{"access_token":"eyJhbGciOiJIUzI1NiIsInR5cCI6IkpXVCJ9.eyJzdWIiOiIyZGRhMDQzOS01MTgwLTQ1YWEtOTE3Zi1lNjMyZTQ1YThlNDEiLCJ1c2VybmFtZSI6ImpvaG5kb2UiLCJyb2xlIjowLCJpYXQiOjE3NTA3NTY3MzMsImV4cCI6MTc1MDc2MDMzM30.QXZb6wyNR5v0eBoLEY0Aj63wLcYKDvC0hrp0t_JZbbo","refresh_token":"9e27674c79c0f1358bde7c9772713409f6bde7765dcd08bc5991c13b6f78ef1a","user":{"id":"2dda0439-5180-45aa-917f-e632e45a8e41","email":"test@example.com","username":"johndoe","name":"John Doe","phoneNumber":"0987654321","profilePic":null,"bio":null,"private":false,"verified":false,"role":0,"followersCount":0,"followingCount":0,"postCount":0}}"
16:18:53.776 [pool-2-thread-3] DEBUG org.apache.http.headers -- http-outgoing-65 << HTTP/1.1 200 OK
16:18:53.776 [pool-2-thread-3] DEBUG org.apache.http.headers -- http-outgoing-65 << X-Powered-By: Express
16:18:53.776 [pool-2-thread-3] DEBUG org.apache.http.headers -- http-outgoing-65 << Access-Control-Allow-Origin: *
16:18:53.776 [pool-2-thread-3] DEBUG org.apache.http.headers -- http-outgoing-65 << Content-Type: application/json; charset=utf-8
16:18:53.776 [pool-2-thread-3] DEBUG org.apache.http.headers -- http-outgoing-65 << Content-Length: 599
16:18:53.776 [pool-2-thread-3] DEBUG org.apache.http.headers -- http-outgoing-65 << ETag: W/"257-ZlXwFjhUmV0VSZOssN9ZTVRnQ38"
16:18:53.776 [pool-2-thread-3] DEBUG org.apache.http.headers -- http-outgoing-65 << Date: Tue, 24 Jun 2025 09:18:53 GMT
16:18:53.776 [pool-2-thread-3] DEBUG org.apache.http.headers -- http-outgoing-65 << Connection: keep-alive
16:18:53.776 [pool-2-thread-3] DEBUG org.apache.http.headers -- http-outgoing-65 << Keep-Alive: timeout=5
16:18:53.776 [pool-2-thread-3] DEBUG org.apache.http.impl.execchain.MainClientExec -- Connection can be kept alive for 5000 MILLISECONDS
16:18:53.776 [pool-2-thread-3] DEBUG org.apache.http.impl.conn.PoolingHttpClientConnectionManager -- Connection [id: 65][route: {}->http://localhost:3000] can be kept alive for 5.0 seconds
16:18:53.776 [pool-2-thread-3] DEBUG org.apache.http.impl.conn.DefaultManagedHttpClientConnection -- http-outgoing-65: set socket timeout to 0
16:18:53.776 [pool-2-thread-3] DEBUG org.apache.http.impl.conn.PoolingHttpClientConnectionManager -- Connection released: [id: 65][route: {}->http://localhost:3000][total available: 1; route allocated: 1 of 5; total allocated: 1 of 10]
16:18:53.776 [pool-2-thread-3] DEBUG org.apache.http.impl.conn.PoolingHttpClientConnectionManager -- Connection manager is shutting down
16:18:53.776 [pool-2-thread-3] DEBUG org.apache.http.impl.conn.DefaultManagedHttpClientConnection -- http-outgoing-65: Close connection
16:18:53.776 [pool-2-thread-3] DEBUG org.apache.http.impl.conn.PoolingHttpClientConnectionManager -- Connection manager shut down
16:18:53.776 [pool-2-thread-3] DEBUG com.intuit.karate -- response time in milliseconds: 967
7 < 200
7 < X-Powered-By: Express
7 < Access-Control-Allow-Origin: *
7 < Content-Type: application/json; charset=utf-8
7 < Content-Length: 599
7 < ETag: W/"257-ZlXwFjhUmV0VSZOssN9ZTVRnQ38"
7 < Date: Tue, 24 Jun 2025 09:18:53 GMT
7 < Connection: keep-alive
7 < Keep-Alive: timeout=5
{"access_token":"eyJhbGciOiJIUzI1NiIsInR5cCI6IkpXVCJ9.eyJzdWIiOiIyZGRhMDQzOS01MTgwLTQ1YWEtOTE3Zi1lNjMyZTQ1YThlNDEiLCJ1c2VybmFtZSI6ImpvaG5kb2UiLCJyb2xlIjowLCJpYXQiOjE3NTA3NTY3MzMsImV4cCI6MTc1MDc2MDMzM30.QXZb6wyNR5v0eBoLEY0Aj63wLcYKDvC0hrp0t_JZbbo","refresh_token":"9e27674c79c0f1358bde7c9772713409f6bde7765dcd08bc5991c13b6f78ef1a","user":{"id":"2dda0439-5180-45aa-917f-e632e45a8e41","email":"test@example.com","username":"johndoe","name":"John Doe","phoneNumber":"0987654321","profilePic":null,"bio":null,"private":false,"verified":false,"role":0,"followersCount":0,"followingCount":0,"postCount":0}}

16:18:53.776 [pool-2-thread-4] INFO com.intuit.karate -- [print] Call 7 completed, status: 200 
16:18:53.777 [pool-2-thread-4] INFO com.intuit.karate -- [print] *** API CALL 8 *** 
16:18:53.777 [pool-2-thread-3] INFO com.intuit.karate -- [print] Call 7 completed, status: 200 
16:18:53.777 [pool-2-thread-3] INFO com.intuit.karate -- [print] *** API CALL 8 *** 
16:18:53.779 [pool-2-thread-4] DEBUG org.apache.http.client.protocol.RequestAddCookies -- CookieSpec selected: karate
16:18:53.779 [pool-2-thread-3] DEBUG org.apache.http.client.protocol.RequestAddCookies -- CookieSpec selected: karate
16:18:53.779 [pool-2-thread-3] DEBUG org.apache.http.client.protocol.RequestAuthCache -- Auth cache not set in the context
16:18:53.779 [pool-2-thread-4] DEBUG org.apache.http.client.protocol.RequestAuthCache -- Auth cache not set in the context
16:18:53.779 [pool-2-thread-4] DEBUG com.intuit.karate -- request:
8 > POST http://localhost:3000/auth/login
8 > Content-Type: application/json; charset=UTF-8
8 > Content-Length: 54
8 > Host: localhost:3000
8 > Connection: Keep-Alive
8 > User-Agent: Apache-HttpClient/4.5.14 (Java/17.0.9)
8 > Accept-Encoding: gzip,deflate
{"email":"test2@example.com","password":"Password123"}

16:18:53.779 [pool-2-thread-3] DEBUG com.intuit.karate -- request:
8 > POST http://localhost:3000/auth/login
8 > Content-Type: application/json; charset=UTF-8
8 > Content-Length: 53
8 > Host: localhost:3000
8 > Connection: Keep-Alive
8 > User-Agent: Apache-HttpClient/4.5.14 (Java/17.0.9)
8 > Accept-Encoding: gzip,deflate
{"email":"test@example.com","password":"Password123"}

16:18:53.779 [pool-2-thread-3] DEBUG org.apache.http.impl.conn.PoolingHttpClientConnectionManager -- Connection request: [route: {}->http://localhost:3000][total available: 0; route allocated: 0 of 5; total allocated: 0 of 10]
16:18:53.779 [pool-2-thread-4] DEBUG org.apache.http.impl.conn.PoolingHttpClientConnectionManager -- Connection request: [route: {}->http://localhost:3000][total available: 0; route allocated: 0 of 5; total allocated: 0 of 10]
16:18:53.779 [pool-2-thread-3] DEBUG org.apache.http.impl.conn.PoolingHttpClientConnectionManager -- Connection leased: [id: 77][route: {}->http://localhost:3000][total available: 0; route allocated: 1 of 5; total allocated: 1 of 10]
16:18:53.779 [pool-2-thread-4] DEBUG org.apache.http.impl.conn.PoolingHttpClientConnectionManager -- Connection leased: [id: 76][route: {}->http://localhost:3000][total available: 0; route allocated: 1 of 5; total allocated: 1 of 10]
16:18:53.779 [pool-2-thread-3] DEBUG org.apache.http.impl.execchain.MainClientExec -- Opening connection {}->http://localhost:3000
16:18:53.779 [pool-2-thread-4] DEBUG org.apache.http.impl.execchain.MainClientExec -- Opening connection {}->http://localhost:3000
16:18:53.779 [pool-2-thread-3] DEBUG org.apache.http.impl.conn.DefaultHttpClientConnectionOperator -- Connecting to localhost/127.0.0.1:3000
16:18:53.779 [pool-2-thread-4] DEBUG org.apache.http.impl.conn.DefaultHttpClientConnectionOperator -- Connecting to localhost/127.0.0.1:3000
16:18:53.780 [pool-2-thread-3] DEBUG org.apache.http.impl.conn.DefaultHttpClientConnectionOperator -- Connection established 127.0.0.1:51350<->127.0.0.1:3000
16:18:53.780 [pool-2-thread-4] DEBUG org.apache.http.impl.conn.DefaultHttpClientConnectionOperator -- Connection established 127.0.0.1:51351<->127.0.0.1:3000
16:18:53.780 [pool-2-thread-4] DEBUG org.apache.http.impl.conn.DefaultManagedHttpClientConnection -- http-outgoing-77: set socket timeout to 30000
16:18:53.780 [pool-2-thread-3] DEBUG org.apache.http.impl.conn.DefaultManagedHttpClientConnection -- http-outgoing-76: set socket timeout to 30000
16:18:53.780 [pool-2-thread-4] DEBUG org.apache.http.impl.execchain.MainClientExec -- Executing request POST /auth/login HTTP/1.1
16:18:53.780 [pool-2-thread-3] DEBUG org.apache.http.impl.execchain.MainClientExec -- Executing request POST /auth/login HTTP/1.1
16:18:53.780 [pool-2-thread-4] DEBUG org.apache.http.impl.execchain.MainClientExec -- Target auth state: UNCHALLENGED
16:18:53.780 [pool-2-thread-3] DEBUG org.apache.http.impl.execchain.MainClientExec -- Target auth state: UNCHALLENGED
16:18:53.780 [pool-2-thread-4] DEBUG org.apache.http.impl.execchain.MainClientExec -- Proxy auth state: UNCHALLENGED
16:18:53.780 [pool-2-thread-3] DEBUG org.apache.http.impl.execchain.MainClientExec -- Proxy auth state: UNCHALLENGED
16:18:53.780 [pool-2-thread-3] DEBUG org.apache.http.headers -- http-outgoing-76 >> POST /auth/login HTTP/1.1
16:18:53.780 [pool-2-thread-4] DEBUG org.apache.http.headers -- http-outgoing-77 >> POST /auth/login HTTP/1.1
16:18:53.780 [pool-2-thread-3] DEBUG org.apache.http.headers -- http-outgoing-76 >> Content-Type: application/json; charset=UTF-8
16:18:53.780 [pool-2-thread-4] DEBUG org.apache.http.headers -- http-outgoing-77 >> Content-Type: application/json; charset=UTF-8
16:18:53.780 [pool-2-thread-4] DEBUG org.apache.http.headers -- http-outgoing-77 >> Content-Length: 54
16:18:53.780 [pool-2-thread-4] DEBUG org.apache.http.headers -- http-outgoing-77 >> Host: localhost:3000
16:18:53.780 [pool-2-thread-4] DEBUG org.apache.http.headers -- http-outgoing-77 >> Connection: Keep-Alive
16:18:53.780 [pool-2-thread-4] DEBUG org.apache.http.headers -- http-outgoing-77 >> User-Agent: Apache-HttpClient/4.5.14 (Java/17.0.9)
16:18:53.780 [pool-2-thread-3] DEBUG org.apache.http.headers -- http-outgoing-76 >> Content-Length: 53
16:18:53.780 [pool-2-thread-4] DEBUG org.apache.http.headers -- http-outgoing-77 >> Accept-Encoding: gzip,deflate
16:18:53.780 [pool-2-thread-3] DEBUG org.apache.http.headers -- http-outgoing-76 >> Host: localhost:3000
16:18:53.780 [pool-2-thread-3] DEBUG org.apache.http.headers -- http-outgoing-76 >> Connection: Keep-Alive
16:18:53.780 [pool-2-thread-3] DEBUG org.apache.http.headers -- http-outgoing-76 >> User-Agent: Apache-HttpClient/4.5.14 (Java/17.0.9)
16:18:53.780 [pool-2-thread-3] DEBUG org.apache.http.headers -- http-outgoing-76 >> Accept-Encoding: gzip,deflate
16:18:53.780 [pool-2-thread-4] DEBUG org.apache.http.wire -- http-outgoing-77 >> "POST /auth/login HTTP/1.1[\r][\n]"
16:18:53.780 [pool-2-thread-4] DEBUG org.apache.http.wire -- http-outgoing-77 >> "Content-Type: application/json; charset=UTF-8[\r][\n]"
16:18:53.780 [pool-2-thread-4] DEBUG org.apache.http.wire -- http-outgoing-77 >> "Content-Length: 54[\r][\n]"
16:18:53.780 [pool-2-thread-4] DEBUG org.apache.http.wire -- http-outgoing-77 >> "Host: localhost:3000[\r][\n]"
16:18:53.780 [pool-2-thread-4] DEBUG org.apache.http.wire -- http-outgoing-77 >> "Connection: Keep-Alive[\r][\n]"
16:18:53.780 [pool-2-thread-4] DEBUG org.apache.http.wire -- http-outgoing-77 >> "User-Agent: Apache-HttpClient/4.5.14 (Java/17.0.9)[\r][\n]"
16:18:53.780 [pool-2-thread-3] DEBUG org.apache.http.wire -- http-outgoing-76 >> "POST /auth/login HTTP/1.1[\r][\n]"
16:18:53.780 [pool-2-thread-4] DEBUG org.apache.http.wire -- http-outgoing-77 >> "Accept-Encoding: gzip,deflate[\r][\n]"
16:18:53.780 [pool-2-thread-4] DEBUG org.apache.http.wire -- http-outgoing-77 >> "[\r][\n]"
16:18:53.780 [pool-2-thread-3] DEBUG org.apache.http.wire -- http-outgoing-76 >> "Content-Type: application/json; charset=UTF-8[\r][\n]"
16:18:53.780 [pool-2-thread-4] DEBUG org.apache.http.wire -- http-outgoing-77 >> "{"email":"test2@example.com","password":"Password123"}"
16:18:53.780 [pool-2-thread-3] DEBUG org.apache.http.wire -- http-outgoing-76 >> "Content-Length: 53[\r][\n]"
16:18:53.780 [pool-2-thread-3] DEBUG org.apache.http.wire -- http-outgoing-76 >> "Host: localhost:3000[\r][\n]"
16:18:53.780 [pool-2-thread-3] DEBUG org.apache.http.wire -- http-outgoing-76 >> "Connection: Keep-Alive[\r][\n]"
16:18:53.780 [pool-2-thread-3] DEBUG org.apache.http.wire -- http-outgoing-76 >> "User-Agent: Apache-HttpClient/4.5.14 (Java/17.0.9)[\r][\n]"
16:18:53.780 [pool-2-thread-3] DEBUG org.apache.http.wire -- http-outgoing-76 >> "Accept-Encoding: gzip,deflate[\r][\n]"
16:18:53.780 [pool-2-thread-3] DEBUG org.apache.http.wire -- http-outgoing-76 >> "[\r][\n]"
16:18:53.780 [pool-2-thread-3] DEBUG org.apache.http.wire -- http-outgoing-76 >> "{"email":"test@example.com","password":"Password123"}"
16:18:53.800 [pool-2-thread-7] DEBUG org.apache.http.wire -- http-outgoing-68 << "HTTP/1.1 200 OK[\r][\n]"
16:18:53.800 [pool-2-thread-7] DEBUG org.apache.http.wire -- http-outgoing-68 << "X-Powered-By: Express[\r][\n]"
16:18:53.800 [pool-2-thread-7] DEBUG org.apache.http.wire -- http-outgoing-68 << "Access-Control-Allow-Origin: *[\r][\n]"
16:18:53.800 [pool-2-thread-7] DEBUG org.apache.http.wire -- http-outgoing-68 << "Content-Type: application/json; charset=utf-8[\r][\n]"
16:18:53.800 [pool-2-thread-7] DEBUG org.apache.http.wire -- http-outgoing-68 << "Content-Length: 605[\r][\n]"
16:18:53.800 [pool-2-thread-7] DEBUG org.apache.http.wire -- http-outgoing-68 << "ETag: W/"25d-cWv06jAmeutF2o4lpRsHWUbGObo"[\r][\n]"
16:18:53.800 [pool-2-thread-7] DEBUG org.apache.http.wire -- http-outgoing-68 << "Date: Tue, 24 Jun 2025 09:18:53 GMT[\r][\n]"
16:18:53.800 [pool-2-thread-7] DEBUG org.apache.http.wire -- http-outgoing-68 << "Connection: keep-alive[\r][\n]"
16:18:53.800 [pool-2-thread-7] DEBUG org.apache.http.wire -- http-outgoing-68 << "Keep-Alive: timeout=5[\r][\n]"
16:18:53.800 [pool-2-thread-7] DEBUG org.apache.http.wire -- http-outgoing-68 << "[\r][\n]"
16:18:53.800 [pool-2-thread-7] DEBUG org.apache.http.wire -- http-outgoing-68 << "{"access_token":"eyJhbGciOiJIUzI1NiIsInR5cCI6IkpXVCJ9.eyJzdWIiOiI2NTBjZTFlZC1hYWNhLTQzOGYtOTk4OC0xZjA1OGFiNWFhMWEiLCJ1c2VybmFtZSI6ImpvaG5kb2UyNSIsInJvbGUiOjAsImlhdCI6MTc1MDc1NjczMywiZXhwIjoxNzUwNzYwMzMzfQ.sfqrydDeFt-zLV25cCLncDl1x7bxQG8lj2qPDxDv3nE","refresh_token":"d441910985ba84627db44f94ad1fc94c2dd519be6ae6fc37dd46067af0e55df5","user":{"id":"650ce1ed-aaca-438f-9988-1f058ab5aa1a","email":"testit3@gmail.com","username":"johndoe25","name":"John Doe","phoneNumber":"0123456713","profilePic":null,"bio":null,"private":false,"verified":false,"role":0,"followersCount":0,"followingCount":0,"postCount":0}}"
16:18:53.800 [pool-2-thread-7] DEBUG org.apache.http.headers -- http-outgoing-68 << HTTP/1.1 200 OK
16:18:53.800 [pool-2-thread-7] DEBUG org.apache.http.headers -- http-outgoing-68 << X-Powered-By: Express
16:18:53.800 [pool-2-thread-7] DEBUG org.apache.http.headers -- http-outgoing-68 << Access-Control-Allow-Origin: *
16:18:53.800 [pool-2-thread-7] DEBUG org.apache.http.headers -- http-outgoing-68 << Content-Type: application/json; charset=utf-8
16:18:53.800 [pool-2-thread-7] DEBUG org.apache.http.headers -- http-outgoing-68 << Content-Length: 605
16:18:53.800 [pool-2-thread-7] DEBUG org.apache.http.headers -- http-outgoing-68 << ETag: W/"25d-cWv06jAmeutF2o4lpRsHWUbGObo"
16:18:53.800 [pool-2-thread-7] DEBUG org.apache.http.headers -- http-outgoing-68 << Date: Tue, 24 Jun 2025 09:18:53 GMT
16:18:53.800 [pool-2-thread-7] DEBUG org.apache.http.headers -- http-outgoing-68 << Connection: keep-alive
16:18:53.800 [pool-2-thread-7] DEBUG org.apache.http.headers -- http-outgoing-68 << Keep-Alive: timeout=5
16:18:53.800 [pool-2-thread-7] DEBUG org.apache.http.impl.execchain.MainClientExec -- Connection can be kept alive for 5000 MILLISECONDS
16:18:53.800 [pool-2-thread-7] DEBUG org.apache.http.impl.conn.PoolingHttpClientConnectionManager -- Connection [id: 68][route: {}->http://localhost:3000] can be kept alive for 5.0 seconds
16:18:53.800 [pool-2-thread-7] DEBUG org.apache.http.impl.conn.DefaultManagedHttpClientConnection -- http-outgoing-68: set socket timeout to 0
16:18:53.800 [pool-2-thread-7] DEBUG org.apache.http.impl.conn.PoolingHttpClientConnectionManager -- Connection released: [id: 68][route: {}->http://localhost:3000][total available: 1; route allocated: 1 of 5; total allocated: 1 of 10]
16:18:53.800 [pool-2-thread-7] DEBUG org.apache.http.impl.conn.PoolingHttpClientConnectionManager -- Connection manager is shutting down
16:18:53.801 [pool-2-thread-7] DEBUG org.apache.http.impl.conn.DefaultManagedHttpClientConnection -- http-outgoing-68: Close connection
16:18:53.801 [pool-2-thread-7] DEBUG org.apache.http.impl.conn.PoolingHttpClientConnectionManager -- Connection manager shut down
16:18:53.801 [pool-2-thread-7] DEBUG com.intuit.karate -- response time in milliseconds: 909
7 < 200
7 < X-Powered-By: Express
7 < Access-Control-Allow-Origin: *
7 < Content-Type: application/json; charset=utf-8
7 < Content-Length: 605
7 < ETag: W/"25d-cWv06jAmeutF2o4lpRsHWUbGObo"
7 < Date: Tue, 24 Jun 2025 09:18:53 GMT
7 < Connection: keep-alive
7 < Keep-Alive: timeout=5
{"access_token":"eyJhbGciOiJIUzI1NiIsInR5cCI6IkpXVCJ9.eyJzdWIiOiI2NTBjZTFlZC1hYWNhLTQzOGYtOTk4OC0xZjA1OGFiNWFhMWEiLCJ1c2VybmFtZSI6ImpvaG5kb2UyNSIsInJvbGUiOjAsImlhdCI6MTc1MDc1NjczMywiZXhwIjoxNzUwNzYwMzMzfQ.sfqrydDeFt-zLV25cCLncDl1x7bxQG8lj2qPDxDv3nE","refresh_token":"d441910985ba84627db44f94ad1fc94c2dd519be6ae6fc37dd46067af0e55df5","user":{"id":"650ce1ed-aaca-438f-9988-1f058ab5aa1a","email":"testit3@gmail.com","username":"johndoe25","name":"John Doe","phoneNumber":"0123456713","profilePic":null,"bio":null,"private":false,"verified":false,"role":0,"followersCount":0,"followingCount":0,"postCount":0}}

16:18:53.804 [pool-2-thread-7] INFO com.intuit.karate -- [print] Call 7 completed, status: 200 
16:18:53.805 [pool-2-thread-8] DEBUG org.apache.http.wire -- http-outgoing-69 << "HTTP/1.1 200 OK[\r][\n]"
16:18:53.805 [pool-2-thread-8] DEBUG org.apache.http.wire -- http-outgoing-69 << "X-Powered-By: Express[\r][\n]"
16:18:53.805 [pool-2-thread-8] DEBUG org.apache.http.wire -- http-outgoing-69 << "Access-Control-Allow-Origin: *[\r][\n]"
16:18:53.805 [pool-2-thread-8] DEBUG org.apache.http.wire -- http-outgoing-69 << "Content-Type: application/json; charset=utf-8[\r][\n]"
16:18:53.805 [pool-2-thread-8] DEBUG org.apache.http.wire -- http-outgoing-69 << "Content-Length: 609[\r][\n]"
16:18:53.805 [pool-2-thread-8] DEBUG org.apache.http.wire -- http-outgoing-69 << "ETag: W/"261-ML+DhmYjaWSic6SVjuwwpfi/Y2c"[\r][\n]"
16:18:53.805 [pool-2-thread-8] DEBUG org.apache.http.wire -- http-outgoing-69 << "Date: Tue, 24 Jun 2025 09:18:53 GMT[\r][\n]"
16:18:53.805 [pool-2-thread-8] DEBUG org.apache.http.wire -- http-outgoing-69 << "Connection: keep-alive[\r][\n]"
16:18:53.805 [pool-2-thread-8] DEBUG org.apache.http.wire -- http-outgoing-69 << "Keep-Alive: timeout=5[\r][\n]"
16:18:53.805 [pool-2-thread-8] DEBUG org.apache.http.wire -- http-outgoing-69 << "[\r][\n]"
16:18:53.805 [pool-2-thread-8] DEBUG org.apache.http.wire -- http-outgoing-69 << "{"access_token":"eyJhbGciOiJIUzI1NiIsInR5cCI6IkpXVCJ9.eyJzdWIiOiIyNzJmNmI1NS01MTc5LTRhZTMtODU2My1iNGVjMTBmNzY3MTUiLCJ1c2VybmFtZSI6ImpvaG5kb2UyZDVkIiwicm9sZSI6MCwiaWF0IjoxNzUwNzU2NzMzLCJleHAiOjE3NTA3NjAzMzN9.9Hxv8JYqGzdk_abkKFuzTtaZM4ClWP5kc2BEJMYl898","refresh_token":"00618a258377331bff7f401466c972b99f1545b5bcdcc949a0415890b3a40098","user":{"id":"272f6b55-5179-4ae3-8563-b4ec10f76715","email":"testit5@gmail.com","username":"johndoe2d5d","name":"John Doe","phoneNumber":"0123456132","profilePic":null,"bio":null,"private":false,"verified":false,"role":0,"followersCount":0,"followingCount":0,"postCount":0}}"
16:18:53.805 [pool-2-thread-8] DEBUG org.apache.http.headers -- http-outgoing-69 << HTTP/1.1 200 OK
16:18:53.805 [pool-2-thread-8] DEBUG org.apache.http.headers -- http-outgoing-69 << X-Powered-By: Express
16:18:53.805 [pool-2-thread-8] DEBUG org.apache.http.headers -- http-outgoing-69 << Access-Control-Allow-Origin: *
16:18:53.805 [pool-2-thread-8] DEBUG org.apache.http.headers -- http-outgoing-69 << Content-Type: application/json; charset=utf-8
16:18:53.805 [pool-2-thread-8] DEBUG org.apache.http.headers -- http-outgoing-69 << Content-Length: 609
16:18:53.805 [pool-2-thread-8] DEBUG org.apache.http.headers -- http-outgoing-69 << ETag: W/"261-ML+DhmYjaWSic6SVjuwwpfi/Y2c"
16:18:53.805 [pool-2-thread-8] DEBUG org.apache.http.headers -- http-outgoing-69 << Date: Tue, 24 Jun 2025 09:18:53 GMT
16:18:53.805 [pool-2-thread-8] DEBUG org.apache.http.headers -- http-outgoing-69 << Connection: keep-alive
16:18:53.805 [pool-2-thread-8] DEBUG org.apache.http.headers -- http-outgoing-69 << Keep-Alive: timeout=5
16:18:53.805 [pool-2-thread-8] DEBUG org.apache.http.impl.execchain.MainClientExec -- Connection can be kept alive for 5000 MILLISECONDS
16:18:53.807 [pool-2-thread-7] INFO com.intuit.karate -- [print] *** API CALL 8 *** 
16:18:53.807 [pool-2-thread-8] DEBUG org.apache.http.impl.conn.PoolingHttpClientConnectionManager -- Connection [id: 69][route: {}->http://localhost:3000] can be kept alive for 5.0 seconds
16:18:53.807 [pool-2-thread-8] DEBUG org.apache.http.impl.conn.DefaultManagedHttpClientConnection -- http-outgoing-69: set socket timeout to 0
16:18:53.807 [pool-2-thread-8] DEBUG org.apache.http.impl.conn.PoolingHttpClientConnectionManager -- Connection released: [id: 69][route: {}->http://localhost:3000][total available: 1; route allocated: 1 of 5; total allocated: 1 of 10]
16:18:53.807 [pool-2-thread-8] DEBUG org.apache.http.impl.conn.PoolingHttpClientConnectionManager -- Connection manager is shutting down
16:18:53.807 [pool-2-thread-8] DEBUG org.apache.http.impl.conn.DefaultManagedHttpClientConnection -- http-outgoing-69: Close connection
16:18:53.807 [pool-2-thread-8] DEBUG org.apache.http.impl.conn.PoolingHttpClientConnectionManager -- Connection manager shut down
16:18:53.807 [pool-2-thread-8] DEBUG com.intuit.karate -- response time in milliseconds: 820
7 < 200
7 < X-Powered-By: Express
7 < Access-Control-Allow-Origin: *
7 < Content-Type: application/json; charset=utf-8
7 < Content-Length: 609
7 < ETag: W/"261-ML+DhmYjaWSic6SVjuwwpfi/Y2c"
7 < Date: Tue, 24 Jun 2025 09:18:53 GMT
7 < Connection: keep-alive
7 < Keep-Alive: timeout=5
{"access_token":"eyJhbGciOiJIUzI1NiIsInR5cCI6IkpXVCJ9.eyJzdWIiOiIyNzJmNmI1NS01MTc5LTRhZTMtODU2My1iNGVjMTBmNzY3MTUiLCJ1c2VybmFtZSI6ImpvaG5kb2UyZDVkIiwicm9sZSI6MCwiaWF0IjoxNzUwNzU2NzMzLCJleHAiOjE3NTA3NjAzMzN9.9Hxv8JYqGzdk_abkKFuzTtaZM4ClWP5kc2BEJMYl898","refresh_token":"00618a258377331bff7f401466c972b99f1545b5bcdcc949a0415890b3a40098","user":{"id":"272f6b55-5179-4ae3-8563-b4ec10f76715","email":"testit5@gmail.com","username":"johndoe2d5d","name":"John Doe","phoneNumber":"0123456132","profilePic":null,"bio":null,"private":false,"verified":false,"role":0,"followersCount":0,"followingCount":0,"postCount":0}}

16:18:53.808 [pool-2-thread-8] INFO com.intuit.karate -- [print] Call 7 completed, status: 200 
16:18:53.808 [pool-2-thread-7] DEBUG org.apache.http.client.protocol.RequestAddCookies -- CookieSpec selected: karate
16:18:53.808 [pool-2-thread-7] DEBUG org.apache.http.client.protocol.RequestAuthCache -- Auth cache not set in the context
16:18:53.808 [pool-2-thread-7] DEBUG com.intuit.karate -- request:
8 > POST http://localhost:3000/auth/login
8 > Content-Type: application/json; charset=UTF-8
8 > Content-Length: 54
8 > Host: localhost:3000
8 > Connection: Keep-Alive
8 > User-Agent: Apache-HttpClient/4.5.14 (Java/17.0.9)
8 > Accept-Encoding: gzip,deflate
{"email":"testit3@gmail.com","password":"Password123"}

16:18:53.808 [pool-2-thread-7] DEBUG org.apache.http.impl.conn.PoolingHttpClientConnectionManager -- Connection request: [route: {}->http://localhost:3000][total available: 0; route allocated: 0 of 5; total allocated: 0 of 10]
16:18:53.809 [pool-2-thread-7] DEBUG org.apache.http.impl.conn.PoolingHttpClientConnectionManager -- Connection leased: [id: 78][route: {}->http://localhost:3000][total available: 0; route allocated: 1 of 5; total allocated: 1 of 10]
16:18:53.809 [pool-2-thread-7] DEBUG org.apache.http.impl.execchain.MainClientExec -- Opening connection {}->http://localhost:3000
16:18:53.809 [pool-2-thread-7] DEBUG org.apache.http.impl.conn.DefaultHttpClientConnectionOperator -- Connecting to localhost/127.0.0.1:3000
16:18:53.809 [pool-2-thread-8] INFO com.intuit.karate -- [print] *** API CALL 8 *** 
16:18:53.810 [pool-2-thread-7] DEBUG org.apache.http.impl.conn.DefaultHttpClientConnectionOperator -- Connection established 127.0.0.1:51352<->127.0.0.1:3000
16:18:53.810 [pool-2-thread-7] DEBUG org.apache.http.impl.conn.DefaultManagedHttpClientConnection -- http-outgoing-78: set socket timeout to 30000
16:18:53.810 [pool-2-thread-7] DEBUG org.apache.http.impl.execchain.MainClientExec -- Executing request POST /auth/login HTTP/1.1
16:18:53.810 [pool-2-thread-7] DEBUG org.apache.http.impl.execchain.MainClientExec -- Target auth state: UNCHALLENGED
16:18:53.810 [pool-2-thread-7] DEBUG org.apache.http.impl.execchain.MainClientExec -- Proxy auth state: UNCHALLENGED
16:18:53.810 [pool-2-thread-7] DEBUG org.apache.http.headers -- http-outgoing-78 >> POST /auth/login HTTP/1.1
16:18:53.810 [pool-2-thread-7] DEBUG org.apache.http.headers -- http-outgoing-78 >> Content-Type: application/json; charset=UTF-8
16:18:53.810 [pool-2-thread-7] DEBUG org.apache.http.headers -- http-outgoing-78 >> Content-Length: 54
16:18:53.810 [pool-2-thread-7] DEBUG org.apache.http.headers -- http-outgoing-78 >> Host: localhost:3000
16:18:53.810 [pool-2-thread-7] DEBUG org.apache.http.headers -- http-outgoing-78 >> Connection: Keep-Alive
16:18:53.810 [pool-2-thread-7] DEBUG org.apache.http.headers -- http-outgoing-78 >> User-Agent: Apache-HttpClient/4.5.14 (Java/17.0.9)
16:18:53.810 [pool-2-thread-7] DEBUG org.apache.http.headers -- http-outgoing-78 >> Accept-Encoding: gzip,deflate
16:18:53.810 [pool-2-thread-7] DEBUG org.apache.http.wire -- http-outgoing-78 >> "POST /auth/login HTTP/1.1[\r][\n]"
16:18:53.810 [pool-2-thread-7] DEBUG org.apache.http.wire -- http-outgoing-78 >> "Content-Type: application/json; charset=UTF-8[\r][\n]"
16:18:53.810 [pool-2-thread-7] DEBUG org.apache.http.wire -- http-outgoing-78 >> "Content-Length: 54[\r][\n]"
16:18:53.810 [pool-2-thread-7] DEBUG org.apache.http.wire -- http-outgoing-78 >> "Host: localhost:3000[\r][\n]"
16:18:53.810 [pool-2-thread-7] DEBUG org.apache.http.wire -- http-outgoing-78 >> "Connection: Keep-Alive[\r][\n]"
16:18:53.810 [pool-2-thread-7] DEBUG org.apache.http.wire -- http-outgoing-78 >> "User-Agent: Apache-HttpClient/4.5.14 (Java/17.0.9)[\r][\n]"
16:18:53.810 [pool-2-thread-7] DEBUG org.apache.http.wire -- http-outgoing-78 >> "Accept-Encoding: gzip,deflate[\r][\n]"
16:18:53.810 [pool-2-thread-7] DEBUG org.apache.http.wire -- http-outgoing-78 >> "[\r][\n]"
16:18:53.810 [pool-2-thread-7] DEBUG org.apache.http.wire -- http-outgoing-78 >> "{"email":"testit3@gmail.com","password":"Password123"}"
16:18:53.810 [pool-2-thread-8] DEBUG org.apache.http.client.protocol.RequestAddCookies -- CookieSpec selected: karate
16:18:53.810 [pool-2-thread-8] DEBUG org.apache.http.client.protocol.RequestAuthCache -- Auth cache not set in the context
16:18:53.810 [pool-2-thread-8] DEBUG com.intuit.karate -- request:
8 > POST http://localhost:3000/auth/login
8 > Content-Type: application/json; charset=UTF-8
8 > Content-Length: 54
8 > Host: localhost:3000
8 > Connection: Keep-Alive
8 > User-Agent: Apache-HttpClient/4.5.14 (Java/17.0.9)
8 > Accept-Encoding: gzip,deflate
{"email":"testit5@gmail.com","password":"Password123"}

16:18:53.811 [pool-2-thread-8] DEBUG org.apache.http.impl.conn.PoolingHttpClientConnectionManager -- Connection request: [route: {}->http://localhost:3000][total available: 0; route allocated: 0 of 5; total allocated: 0 of 10]
16:18:53.811 [pool-2-thread-8] DEBUG org.apache.http.impl.conn.PoolingHttpClientConnectionManager -- Connection leased: [id: 79][route: {}->http://localhost:3000][total available: 0; route allocated: 1 of 5; total allocated: 1 of 10]
16:18:53.811 [pool-2-thread-8] DEBUG org.apache.http.impl.execchain.MainClientExec -- Opening connection {}->http://localhost:3000
16:18:53.811 [pool-2-thread-8] DEBUG org.apache.http.impl.conn.DefaultHttpClientConnectionOperator -- Connecting to localhost/127.0.0.1:3000
16:18:53.811 [pool-2-thread-8] DEBUG org.apache.http.impl.conn.DefaultHttpClientConnectionOperator -- Connection established 127.0.0.1:51353<->127.0.0.1:3000
16:18:53.811 [pool-2-thread-8] DEBUG org.apache.http.impl.conn.DefaultManagedHttpClientConnection -- http-outgoing-79: set socket timeout to 30000
16:18:53.811 [pool-2-thread-8] DEBUG org.apache.http.impl.execchain.MainClientExec -- Executing request POST /auth/login HTTP/1.1
16:18:53.811 [pool-2-thread-8] DEBUG org.apache.http.impl.execchain.MainClientExec -- Target auth state: UNCHALLENGED
16:18:53.811 [pool-2-thread-8] DEBUG org.apache.http.impl.execchain.MainClientExec -- Proxy auth state: UNCHALLENGED
16:18:53.811 [pool-2-thread-8] DEBUG org.apache.http.headers -- http-outgoing-79 >> POST /auth/login HTTP/1.1
16:18:53.811 [pool-2-thread-8] DEBUG org.apache.http.headers -- http-outgoing-79 >> Content-Type: application/json; charset=UTF-8
16:18:53.811 [pool-2-thread-8] DEBUG org.apache.http.headers -- http-outgoing-79 >> Content-Length: 54
16:18:53.811 [pool-2-thread-8] DEBUG org.apache.http.headers -- http-outgoing-79 >> Host: localhost:3000
16:18:53.811 [pool-2-thread-8] DEBUG org.apache.http.headers -- http-outgoing-79 >> Connection: Keep-Alive
16:18:53.811 [pool-2-thread-8] DEBUG org.apache.http.headers -- http-outgoing-79 >> User-Agent: Apache-HttpClient/4.5.14 (Java/17.0.9)
16:18:53.811 [pool-2-thread-8] DEBUG org.apache.http.headers -- http-outgoing-79 >> Accept-Encoding: gzip,deflate
16:18:53.811 [pool-2-thread-8] DEBUG org.apache.http.wire -- http-outgoing-79 >> "POST /auth/login HTTP/1.1[\r][\n]"
16:18:53.812 [pool-2-thread-8] DEBUG org.apache.http.wire -- http-outgoing-79 >> "Content-Type: application/json; charset=UTF-8[\r][\n]"
16:18:53.812 [pool-2-thread-8] DEBUG org.apache.http.wire -- http-outgoing-79 >> "Content-Length: 54[\r][\n]"
16:18:53.812 [pool-2-thread-8] DEBUG org.apache.http.wire -- http-outgoing-79 >> "Host: localhost:3000[\r][\n]"
16:18:53.812 [pool-2-thread-8] DEBUG org.apache.http.wire -- http-outgoing-79 >> "Connection: Keep-Alive[\r][\n]"
16:18:53.812 [pool-2-thread-8] DEBUG org.apache.http.wire -- http-outgoing-79 >> "User-Agent: Apache-HttpClient/4.5.14 (Java/17.0.9)[\r][\n]"
16:18:53.812 [pool-2-thread-8] DEBUG org.apache.http.wire -- http-outgoing-79 >> "Accept-Encoding: gzip,deflate[\r][\n]"
16:18:53.812 [pool-2-thread-8] DEBUG org.apache.http.wire -- http-outgoing-79 >> "[\r][\n]"
16:18:53.812 [pool-2-thread-8] DEBUG org.apache.http.wire -- http-outgoing-79 >> "{"email":"testit5@gmail.com","password":"Password123"}"
16:18:53.859 [pool-2-thread-5] DEBUG org.apache.http.wire -- http-outgoing-71 << "HTTP/1.1 200 OK[\r][\n]"
16:18:53.859 [pool-2-thread-5] DEBUG org.apache.http.wire -- http-outgoing-71 << "X-Powered-By: Express[\r][\n]"
16:18:53.859 [pool-2-thread-5] DEBUG org.apache.http.wire -- http-outgoing-71 << "Access-Control-Allow-Origin: *[\r][\n]"
16:18:53.859 [pool-2-thread-5] DEBUG org.apache.http.wire -- http-outgoing-71 << "Content-Type: application/json; charset=utf-8[\r][\n]"
16:18:53.859 [pool-2-thread-5] DEBUG org.apache.http.wire -- http-outgoing-71 << "Content-Length: 607[\r][\n]"
16:18:53.859 [pool-2-thread-5] DEBUG org.apache.http.wire -- http-outgoing-71 << "ETag: W/"25f-jK55sHXUhUwQt7CTkHaCKoObqJs"[\r][\n]"
16:18:53.859 [pool-2-thread-5] DEBUG org.apache.http.wire -- http-outgoing-71 << "Date: Tue, 24 Jun 2025 09:18:53 GMT[\r][\n]"
16:18:53.859 [pool-2-thread-5] DEBUG org.apache.http.wire -- http-outgoing-71 << "Connection: keep-alive[\r][\n]"
16:18:53.859 [pool-2-thread-5] DEBUG org.apache.http.wire -- http-outgoing-71 << "Keep-Alive: timeout=5[\r][\n]"
16:18:53.859 [pool-2-thread-5] DEBUG org.apache.http.wire -- http-outgoing-71 << "[\r][\n]"
16:18:53.859 [pool-2-thread-5] DEBUG org.apache.http.wire -- http-outgoing-71 << "{"access_token":"eyJhbGciOiJIUzI1NiIsInR5cCI6IkpXVCJ9.eyJzdWIiOiJjMjE0MjJkZi1jY2VjLTQ0MGUtOWE0Mi1jMWI4MmFiZjczM2QiLCJ1c2VybmFtZSI6ImpvaG5kb2UyOCIsInJvbGUiOjAsImlhdCI6MTc1MDc1NjczMywiZXhwIjoxNzUwNzYwMzMzfQ.vqsKPC0vqrmEPN4vsdP7oYVkJ6CFqSn0eEXPd2w9EOM","refresh_token":"9972f1824f03ccbd3c3b3e59dfb03ec1da55b037d5b3e943d582c121e77de780","user":{"id":"c21422df-ccec-440e-9a42-c1b82abf733d","email":"test28@example.com","username":"johndoe28","name":"John Doe","phoneNumber":"84987654321","profilePic":null,"bio":null,"private":false,"verified":false,"role":0,"followersCount":0,"followingCount":0,"postCount":0}}"
16:18:53.859 [pool-2-thread-5] DEBUG org.apache.http.headers -- http-outgoing-71 << HTTP/1.1 200 OK
16:18:53.859 [pool-2-thread-5] DEBUG org.apache.http.headers -- http-outgoing-71 << X-Powered-By: Express
16:18:53.859 [pool-2-thread-5] DEBUG org.apache.http.headers -- http-outgoing-71 << Access-Control-Allow-Origin: *
16:18:53.859 [pool-2-thread-5] DEBUG org.apache.http.headers -- http-outgoing-71 << Content-Type: application/json; charset=utf-8
16:18:53.859 [pool-2-thread-5] DEBUG org.apache.http.headers -- http-outgoing-71 << Content-Length: 607
16:18:53.859 [pool-2-thread-5] DEBUG org.apache.http.headers -- http-outgoing-71 << ETag: W/"25f-jK55sHXUhUwQt7CTkHaCKoObqJs"
16:18:53.859 [pool-2-thread-5] DEBUG org.apache.http.headers -- http-outgoing-71 << Date: Tue, 24 Jun 2025 09:18:53 GMT
16:18:53.859 [pool-2-thread-5] DEBUG org.apache.http.headers -- http-outgoing-71 << Connection: keep-alive
16:18:53.859 [pool-2-thread-5] DEBUG org.apache.http.headers -- http-outgoing-71 << Keep-Alive: timeout=5
16:18:53.860 [pool-2-thread-5] DEBUG org.apache.http.impl.execchain.MainClientExec -- Connection can be kept alive for 5000 MILLISECONDS
16:18:53.860 [pool-2-thread-5] DEBUG org.apache.http.impl.conn.PoolingHttpClientConnectionManager -- Connection [id: 71][route: {}->http://localhost:3000] can be kept alive for 5.0 seconds
16:18:53.860 [pool-2-thread-5] DEBUG org.apache.http.impl.conn.DefaultManagedHttpClientConnection -- http-outgoing-71: set socket timeout to 0
16:18:53.860 [pool-2-thread-5] DEBUG org.apache.http.impl.conn.PoolingHttpClientConnectionManager -- Connection released: [id: 71][route: {}->http://localhost:3000][total available: 1; route allocated: 1 of 5; total allocated: 1 of 10]
16:18:53.860 [pool-2-thread-5] DEBUG org.apache.http.impl.conn.PoolingHttpClientConnectionManager -- Connection manager is shutting down
16:18:53.860 [pool-2-thread-5] DEBUG org.apache.http.impl.conn.DefaultManagedHttpClientConnection -- http-outgoing-71: Close connection
16:18:53.860 [pool-2-thread-5] DEBUG org.apache.http.impl.conn.PoolingHttpClientConnectionManager -- Connection manager shut down
16:18:53.860 [pool-2-thread-5] DEBUG com.intuit.karate -- response time in milliseconds: 817
8 < 200
8 < X-Powered-By: Express
8 < Access-Control-Allow-Origin: *
8 < Content-Type: application/json; charset=utf-8
8 < Content-Length: 607
8 < ETag: W/"25f-jK55sHXUhUwQt7CTkHaCKoObqJs"
8 < Date: Tue, 24 Jun 2025 09:18:53 GMT
8 < Connection: keep-alive
8 < Keep-Alive: timeout=5
{"access_token":"eyJhbGciOiJIUzI1NiIsInR5cCI6IkpXVCJ9.eyJzdWIiOiJjMjE0MjJkZi1jY2VjLTQ0MGUtOWE0Mi1jMWI4MmFiZjczM2QiLCJ1c2VybmFtZSI6ImpvaG5kb2UyOCIsInJvbGUiOjAsImlhdCI6MTc1MDc1NjczMywiZXhwIjoxNzUwNzYwMzMzfQ.vqsKPC0vqrmEPN4vsdP7oYVkJ6CFqSn0eEXPd2w9EOM","refresh_token":"9972f1824f03ccbd3c3b3e59dfb03ec1da55b037d5b3e943d582c121e77de780","user":{"id":"c21422df-ccec-440e-9a42-c1b82abf733d","email":"test28@example.com","username":"johndoe28","name":"John Doe","phoneNumber":"84987654321","profilePic":null,"bio":null,"private":false,"verified":false,"role":0,"followersCount":0,"followingCount":0,"postCount":0}}

16:18:53.861 [pool-2-thread-5] INFO com.intuit.karate -- [print] Call 8 completed, status: 200 
16:18:53.862 [pool-2-thread-5] INFO com.intuit.karate -- [print] *** API CALL 9 *** 
16:18:53.865 [pool-2-thread-5] DEBUG org.apache.http.client.protocol.RequestAddCookies -- CookieSpec selected: karate
16:18:53.865 [pool-2-thread-5] DEBUG org.apache.http.client.protocol.RequestAuthCache -- Auth cache not set in the context
16:18:53.865 [pool-2-thread-5] DEBUG com.intuit.karate -- request:
9 > POST http://localhost:3000/auth/login
9 > Content-Type: application/json; charset=UTF-8
9 > Content-Length: 55
9 > Host: localhost:3000
9 > Connection: Keep-Alive
9 > User-Agent: Apache-HttpClient/4.5.14 (Java/17.0.9)
9 > Accept-Encoding: gzip,deflate
{"email":"test28@example.com","password":"Password123"}

16:18:53.865 [pool-2-thread-5] DEBUG org.apache.http.impl.conn.PoolingHttpClientConnectionManager -- Connection request: [route: {}->http://localhost:3000][total available: 0; route allocated: 0 of 5; total allocated: 0 of 10]
16:18:53.865 [pool-2-thread-5] DEBUG org.apache.http.impl.conn.PoolingHttpClientConnectionManager -- Connection leased: [id: 80][route: {}->http://localhost:3000][total available: 0; route allocated: 1 of 5; total allocated: 1 of 10]
16:18:53.865 [pool-2-thread-5] DEBUG org.apache.http.impl.execchain.MainClientExec -- Opening connection {}->http://localhost:3000
16:18:53.866 [pool-2-thread-5] DEBUG org.apache.http.impl.conn.DefaultHttpClientConnectionOperator -- Connecting to localhost/127.0.0.1:3000
16:18:53.867 [pool-2-thread-5] DEBUG org.apache.http.impl.conn.DefaultHttpClientConnectionOperator -- Connection established 127.0.0.1:51354<->127.0.0.1:3000
16:18:53.867 [pool-2-thread-5] DEBUG org.apache.http.impl.conn.DefaultManagedHttpClientConnection -- http-outgoing-80: set socket timeout to 30000
16:18:53.867 [pool-2-thread-5] DEBUG org.apache.http.impl.execchain.MainClientExec -- Executing request POST /auth/login HTTP/1.1
16:18:53.867 [pool-2-thread-5] DEBUG org.apache.http.impl.execchain.MainClientExec -- Target auth state: UNCHALLENGED
16:18:53.867 [pool-2-thread-5] DEBUG org.apache.http.impl.execchain.MainClientExec -- Proxy auth state: UNCHALLENGED
16:18:53.867 [pool-2-thread-5] DEBUG org.apache.http.headers -- http-outgoing-80 >> POST /auth/login HTTP/1.1
16:18:53.867 [pool-2-thread-5] DEBUG org.apache.http.headers -- http-outgoing-80 >> Content-Type: application/json; charset=UTF-8
16:18:53.867 [pool-2-thread-5] DEBUG org.apache.http.headers -- http-outgoing-80 >> Content-Length: 55
16:18:53.867 [pool-2-thread-5] DEBUG org.apache.http.headers -- http-outgoing-80 >> Host: localhost:3000
16:18:53.867 [pool-2-thread-5] DEBUG org.apache.http.headers -- http-outgoing-80 >> Connection: Keep-Alive
16:18:53.867 [pool-2-thread-5] DEBUG org.apache.http.headers -- http-outgoing-80 >> User-Agent: Apache-HttpClient/4.5.14 (Java/17.0.9)
16:18:53.867 [pool-2-thread-5] DEBUG org.apache.http.headers -- http-outgoing-80 >> Accept-Encoding: gzip,deflate
16:18:53.867 [pool-2-thread-5] DEBUG org.apache.http.wire -- http-outgoing-80 >> "POST /auth/login HTTP/1.1[\r][\n]"
16:18:53.867 [pool-2-thread-5] DEBUG org.apache.http.wire -- http-outgoing-80 >> "Content-Type: application/json; charset=UTF-8[\r][\n]"
16:18:53.867 [pool-2-thread-5] DEBUG org.apache.http.wire -- http-outgoing-80 >> "Content-Length: 55[\r][\n]"
16:18:53.867 [pool-2-thread-5] DEBUG org.apache.http.wire -- http-outgoing-80 >> "Host: localhost:3000[\r][\n]"
16:18:53.867 [pool-2-thread-5] DEBUG org.apache.http.wire -- http-outgoing-80 >> "Connection: Keep-Alive[\r][\n]"
16:18:53.867 [pool-2-thread-5] DEBUG org.apache.http.wire -- http-outgoing-80 >> "User-Agent: Apache-HttpClient/4.5.14 (Java/17.0.9)[\r][\n]"
16:18:53.867 [pool-2-thread-5] DEBUG org.apache.http.wire -- http-outgoing-80 >> "Accept-Encoding: gzip,deflate[\r][\n]"
16:18:53.867 [pool-2-thread-5] DEBUG org.apache.http.wire -- http-outgoing-80 >> "[\r][\n]"
16:18:53.867 [pool-2-thread-5] DEBUG org.apache.http.wire -- http-outgoing-80 >> "{"email":"test28@example.com","password":"Password123"}"
16:18:53.881 [pool-2-thread-10] DEBUG org.apache.http.wire -- http-outgoing-70 << "HTTP/1.1 200 OK[\r][\n]"
16:18:53.881 [pool-2-thread-10] DEBUG org.apache.http.wire -- http-outgoing-70 << "X-Powered-By: Express[\r][\n]"
16:18:53.881 [pool-2-thread-10] DEBUG org.apache.http.wire -- http-outgoing-70 << "Access-Control-Allow-Origin: *[\r][\n]"
16:18:53.881 [pool-2-thread-10] DEBUG org.apache.http.wire -- http-outgoing-70 << "Content-Type: application/json; charset=utf-8[\r][\n]"
16:18:53.881 [pool-2-thread-10] DEBUG org.apache.http.wire -- http-outgoing-70 << "Content-Length: 605[\r][\n]"
16:18:53.881 [pool-2-thread-10] DEBUG org.apache.http.wire -- http-outgoing-70 << "ETag: W/"25d-4ncCEDx0KktItw7FCUY7Yh4mwIQ"[\r][\n]"
16:18:53.881 [pool-2-thread-10] DEBUG org.apache.http.wire -- http-outgoing-70 << "Date: Tue, 24 Jun 2025 09:18:53 GMT[\r][\n]"
16:18:53.881 [pool-2-thread-10] DEBUG org.apache.http.wire -- http-outgoing-70 << "Connection: keep-alive[\r][\n]"
16:18:53.881 [pool-2-thread-10] DEBUG org.apache.http.wire -- http-outgoing-70 << "Keep-Alive: timeout=5[\r][\n]"
16:18:53.881 [pool-2-thread-10] DEBUG org.apache.http.wire -- http-outgoing-70 << "[\r][\n]"
16:18:53.881 [pool-2-thread-10] DEBUG org.apache.http.wire -- http-outgoing-70 << "{"access_token":"eyJhbGciOiJIUzI1NiIsInR5cCI6IkpXVCJ9.eyJzdWIiOiIwYTM3ZWY0My1mZWU4LTQxZDMtYTY4Ni04YWIwODY5NDg2OTUiLCJ1c2VybmFtZSI6ImpvaG5kb2UyMSIsInJvbGUiOjAsImlhdCI6MTc1MDc1NjczMywiZXhwIjoxNzUwNzYwMzMzfQ.BoQvyM3xFyaWUdQTc4P5-Vzz8Jfx5ZSLQNUxUqmqiKg","refresh_token":"98322ec5b490bb515b4761002d3884bf940b28d4c96c221a1c5c198dce545872","user":{"id":"0a37ef43-fee8-41d3-a686-8ab086948695","email":"testit2@gmail.com","username":"johndoe21","name":"John Doe","phoneNumber":"0123456712","profilePic":null,"bio":null,"private":false,"verified":false,"role":0,"followersCount":0,"followingCount":0,"postCount":0}}"
16:18:53.881 [pool-2-thread-10] DEBUG org.apache.http.headers -- http-outgoing-70 << HTTP/1.1 200 OK
16:18:53.881 [pool-2-thread-10] DEBUG org.apache.http.headers -- http-outgoing-70 << X-Powered-By: Express
16:18:53.881 [pool-2-thread-10] DEBUG org.apache.http.headers -- http-outgoing-70 << Access-Control-Allow-Origin: *
16:18:53.881 [pool-2-thread-10] DEBUG org.apache.http.headers -- http-outgoing-70 << Content-Type: application/json; charset=utf-8
16:18:53.881 [pool-2-thread-10] DEBUG org.apache.http.headers -- http-outgoing-70 << Content-Length: 605
16:18:53.881 [pool-2-thread-10] DEBUG org.apache.http.headers -- http-outgoing-70 << ETag: W/"25d-4ncCEDx0KktItw7FCUY7Yh4mwIQ"
16:18:53.881 [pool-2-thread-10] DEBUG org.apache.http.headers -- http-outgoing-70 << Date: Tue, 24 Jun 2025 09:18:53 GMT
16:18:53.881 [pool-2-thread-10] DEBUG org.apache.http.headers -- http-outgoing-70 << Connection: keep-alive
16:18:53.881 [pool-2-thread-10] DEBUG org.apache.http.headers -- http-outgoing-70 << Keep-Alive: timeout=5
16:18:53.881 [pool-2-thread-10] DEBUG org.apache.http.impl.execchain.MainClientExec -- Connection can be kept alive for 5000 MILLISECONDS
16:18:53.881 [pool-2-thread-10] DEBUG org.apache.http.impl.conn.PoolingHttpClientConnectionManager -- Connection [id: 70][route: {}->http://localhost:3000] can be kept alive for 5.0 seconds
16:18:53.881 [pool-2-thread-10] DEBUG org.apache.http.impl.conn.DefaultManagedHttpClientConnection -- http-outgoing-70: set socket timeout to 0
16:18:53.882 [pool-2-thread-10] DEBUG org.apache.http.impl.conn.PoolingHttpClientConnectionManager -- Connection released: [id: 70][route: {}->http://localhost:3000][total available: 1; route allocated: 1 of 5; total allocated: 1 of 10]
16:18:53.882 [pool-2-thread-10] DEBUG org.apache.http.impl.conn.PoolingHttpClientConnectionManager -- Connection manager is shutting down
16:18:53.882 [pool-2-thread-10] DEBUG org.apache.http.impl.conn.DefaultManagedHttpClientConnection -- http-outgoing-70: Close connection
16:18:53.882 [pool-2-thread-10] DEBUG org.apache.http.impl.conn.PoolingHttpClientConnectionManager -- Connection manager shut down
16:18:53.882 [pool-2-thread-10] DEBUG com.intuit.karate -- response time in milliseconds: 839
8 < 200
8 < X-Powered-By: Express
8 < Access-Control-Allow-Origin: *
8 < Content-Type: application/json; charset=utf-8
8 < Content-Length: 605
8 < ETag: W/"25d-4ncCEDx0KktItw7FCUY7Yh4mwIQ"
8 < Date: Tue, 24 Jun 2025 09:18:53 GMT
8 < Connection: keep-alive
8 < Keep-Alive: timeout=5
{"access_token":"eyJhbGciOiJIUzI1NiIsInR5cCI6IkpXVCJ9.eyJzdWIiOiIwYTM3ZWY0My1mZWU4LTQxZDMtYTY4Ni04YWIwODY5NDg2OTUiLCJ1c2VybmFtZSI6ImpvaG5kb2UyMSIsInJvbGUiOjAsImlhdCI6MTc1MDc1NjczMywiZXhwIjoxNzUwNzYwMzMzfQ.BoQvyM3xFyaWUdQTc4P5-Vzz8Jfx5ZSLQNUxUqmqiKg","refresh_token":"98322ec5b490bb515b4761002d3884bf940b28d4c96c221a1c5c198dce545872","user":{"id":"0a37ef43-fee8-41d3-a686-8ab086948695","email":"testit2@gmail.com","username":"johndoe21","name":"John Doe","phoneNumber":"0123456712","profilePic":null,"bio":null,"private":false,"verified":false,"role":0,"followersCount":0,"followingCount":0,"postCount":0}}

16:18:53.884 [pool-2-thread-10] INFO com.intuit.karate -- [print] Call 8 completed, status: 200 
16:18:53.887 [pool-2-thread-10] INFO com.intuit.karate -- [print] *** API CALL 9 *** 
16:18:53.888 [pool-2-thread-10] DEBUG org.apache.http.client.protocol.RequestAddCookies -- CookieSpec selected: karate
16:18:53.888 [pool-2-thread-10] DEBUG org.apache.http.client.protocol.RequestAuthCache -- Auth cache not set in the context
16:18:53.888 [pool-2-thread-10] DEBUG com.intuit.karate -- request:
9 > POST http://localhost:3000/auth/login
9 > Content-Type: application/json; charset=UTF-8
9 > Content-Length: 54
9 > Host: localhost:3000
9 > Connection: Keep-Alive
9 > User-Agent: Apache-HttpClient/4.5.14 (Java/17.0.9)
9 > Accept-Encoding: gzip,deflate
{"email":"testit2@gmail.com","password":"Password123"}

16:18:53.888 [pool-2-thread-10] DEBUG org.apache.http.impl.conn.PoolingHttpClientConnectionManager -- Connection request: [route: {}->http://localhost:3000][total available: 0; route allocated: 0 of 5; total allocated: 0 of 10]
16:18:53.888 [pool-2-thread-10] DEBUG org.apache.http.impl.conn.PoolingHttpClientConnectionManager -- Connection leased: [id: 81][route: {}->http://localhost:3000][total available: 0; route allocated: 1 of 5; total allocated: 1 of 10]
16:18:53.888 [pool-2-thread-10] DEBUG org.apache.http.impl.execchain.MainClientExec -- Opening connection {}->http://localhost:3000
16:18:53.888 [pool-2-thread-10] DEBUG org.apache.http.impl.conn.DefaultHttpClientConnectionOperator -- Connecting to localhost/127.0.0.1:3000
16:18:53.889 [pool-2-thread-10] DEBUG org.apache.http.impl.conn.DefaultHttpClientConnectionOperator -- Connection established 127.0.0.1:51355<->127.0.0.1:3000
16:18:53.889 [pool-2-thread-10] DEBUG org.apache.http.impl.conn.DefaultManagedHttpClientConnection -- http-outgoing-81: set socket timeout to 30000
16:18:53.889 [pool-2-thread-10] DEBUG org.apache.http.impl.execchain.MainClientExec -- Executing request POST /auth/login HTTP/1.1
16:18:53.889 [pool-2-thread-10] DEBUG org.apache.http.impl.execchain.MainClientExec -- Target auth state: UNCHALLENGED
16:18:53.889 [pool-2-thread-10] DEBUG org.apache.http.impl.execchain.MainClientExec -- Proxy auth state: UNCHALLENGED
16:18:53.889 [pool-2-thread-10] DEBUG org.apache.http.headers -- http-outgoing-81 >> POST /auth/login HTTP/1.1
16:18:53.889 [pool-2-thread-10] DEBUG org.apache.http.headers -- http-outgoing-81 >> Content-Type: application/json; charset=UTF-8
16:18:53.889 [pool-2-thread-10] DEBUG org.apache.http.headers -- http-outgoing-81 >> Content-Length: 54
16:18:53.889 [pool-2-thread-10] DEBUG org.apache.http.headers -- http-outgoing-81 >> Host: localhost:3000
16:18:53.889 [pool-2-thread-10] DEBUG org.apache.http.headers -- http-outgoing-81 >> Connection: Keep-Alive
16:18:53.889 [pool-2-thread-10] DEBUG org.apache.http.headers -- http-outgoing-81 >> User-Agent: Apache-HttpClient/4.5.14 (Java/17.0.9)
16:18:53.889 [pool-2-thread-10] DEBUG org.apache.http.headers -- http-outgoing-81 >> Accept-Encoding: gzip,deflate
16:18:53.889 [pool-2-thread-10] DEBUG org.apache.http.wire -- http-outgoing-81 >> "POST /auth/login HTTP/1.1[\r][\n]"
16:18:53.889 [pool-2-thread-10] DEBUG org.apache.http.wire -- http-outgoing-81 >> "Content-Type: application/json; charset=UTF-8[\r][\n]"
16:18:53.889 [pool-2-thread-10] DEBUG org.apache.http.wire -- http-outgoing-81 >> "Content-Length: 54[\r][\n]"
16:18:53.889 [pool-2-thread-10] DEBUG org.apache.http.wire -- http-outgoing-81 >> "Host: localhost:3000[\r][\n]"
16:18:53.889 [pool-2-thread-10] DEBUG org.apache.http.wire -- http-outgoing-81 >> "Connection: Keep-Alive[\r][\n]"
16:18:53.889 [pool-2-thread-10] DEBUG org.apache.http.wire -- http-outgoing-81 >> "User-Agent: Apache-HttpClient/4.5.14 (Java/17.0.9)[\r][\n]"
16:18:53.889 [pool-2-thread-10] DEBUG org.apache.http.wire -- http-outgoing-81 >> "Accept-Encoding: gzip,deflate[\r][\n]"
16:18:53.889 [pool-2-thread-10] DEBUG org.apache.http.wire -- http-outgoing-81 >> "[\r][\n]"
16:18:53.889 [pool-2-thread-10] DEBUG org.apache.http.wire -- http-outgoing-81 >> "{"email":"testit2@gmail.com","password":"Password123"}"
16:18:53.920 [pool-2-thread-1] DEBUG org.apache.http.wire -- http-outgoing-72 << "HTTP/1.1 200 OK[\r][\n]"
16:18:53.921 [pool-2-thread-1] DEBUG org.apache.http.wire -- http-outgoing-72 << "X-Powered-By: Express[\r][\n]"
16:18:53.921 [pool-2-thread-1] DEBUG org.apache.http.wire -- http-outgoing-72 << "Access-Control-Allow-Origin: *[\r][\n]"
16:18:53.921 [pool-2-thread-1] DEBUG org.apache.http.wire -- http-outgoing-72 << "Content-Type: application/json; charset=utf-8[\r][\n]"
16:18:53.921 [pool-2-thread-1] DEBUG org.apache.http.wire -- http-outgoing-72 << "Content-Length: 708[\r][\n]"
16:18:53.921 [pool-2-thread-1] DEBUG org.apache.http.wire -- http-outgoing-72 << "ETag: W/"2c4-caPRO7xZXY5Qy4JZivxeYottqzs"[\r][\n]"
16:18:53.921 [pool-2-thread-1] DEBUG org.apache.http.wire -- http-outgoing-72 << "Date: Tue, 24 Jun 2025 09:18:53 GMT[\r][\n]"
16:18:53.921 [pool-2-thread-1] DEBUG org.apache.http.wire -- http-outgoing-72 << "Connection: keep-alive[\r][\n]"
16:18:53.921 [pool-2-thread-1] DEBUG org.apache.http.wire -- http-outgoing-72 << "Keep-Alive: timeout=5[\r][\n]"
16:18:53.921 [pool-2-thread-1] DEBUG org.apache.http.wire -- http-outgoing-72 << "[\r][\n]"
16:18:53.921 [pool-2-thread-1] DEBUG org.apache.http.wire -- http-outgoing-72 << "{"access_token":"eyJhbGciOiJIUzI1NiIsInR5cCI6IkpXVCJ9.eyJzdWIiOiIwODUxNWIwNS0yZDNlLTQ3ODktYWQ2MC1kYjM1NTI1YTQ5NzAiLCJ1c2VybmFtZSI6Im5hbSIsInJvbGUiOjAsImlhdCI6MTc1MDc1NjczMywiZXhwIjoxNzUwNzYwMzMzfQ.pZpYd8cdAfRjYpebDQMOSx_LeqabratcZnD9tl_xFJ4","refresh_token":"4a98c3a09fc346ca958273a24cf81fe97dd696eb28bbe2e4af95e606187c79f6","user":{"id":"08515b05-2d3e-4789-ad60-db35525a4970","email":"nam@gmail.com","username":"nam","name":"nam","phoneNumber":"0123456789","profilePic":"https://res.cloudinary.com/dizcvrefo/image/upload/v1749266646/nestjs_uploads/zk9zrpeidnovxibfqdxr.png","bio":"Chu tich hoi dong Quan tri 1","private":false,"verified":false,"role":0,"followersCount":2,"followingCount":5,"postCount":13}}"
16:18:53.921 [pool-2-thread-1] DEBUG org.apache.http.headers -- http-outgoing-72 << HTTP/1.1 200 OK
16:18:53.921 [pool-2-thread-1] DEBUG org.apache.http.headers -- http-outgoing-72 << X-Powered-By: Express
16:18:53.921 [pool-2-thread-1] DEBUG org.apache.http.headers -- http-outgoing-72 << Access-Control-Allow-Origin: *
16:18:53.921 [pool-2-thread-1] DEBUG org.apache.http.headers -- http-outgoing-72 << Content-Type: application/json; charset=utf-8
16:18:53.921 [pool-2-thread-1] DEBUG org.apache.http.headers -- http-outgoing-72 << Content-Length: 708
16:18:53.921 [pool-2-thread-1] DEBUG org.apache.http.headers -- http-outgoing-72 << ETag: W/"2c4-caPRO7xZXY5Qy4JZivxeYottqzs"
16:18:53.921 [pool-2-thread-1] DEBUG org.apache.http.headers -- http-outgoing-72 << Date: Tue, 24 Jun 2025 09:18:53 GMT
16:18:53.921 [pool-2-thread-1] DEBUG org.apache.http.headers -- http-outgoing-72 << Connection: keep-alive
16:18:53.921 [pool-2-thread-1] DEBUG org.apache.http.headers -- http-outgoing-72 << Keep-Alive: timeout=5
16:18:53.921 [pool-2-thread-1] DEBUG org.apache.http.impl.execchain.MainClientExec -- Connection can be kept alive for 5000 MILLISECONDS
16:18:53.921 [pool-2-thread-1] DEBUG org.apache.http.impl.conn.PoolingHttpClientConnectionManager -- Connection [id: 72][route: {}->http://localhost:3000] can be kept alive for 5.0 seconds
16:18:53.921 [pool-2-thread-1] DEBUG org.apache.http.impl.conn.DefaultManagedHttpClientConnection -- http-outgoing-72: set socket timeout to 0
16:18:53.921 [pool-2-thread-1] DEBUG org.apache.http.impl.conn.PoolingHttpClientConnectionManager -- Connection released: [id: 72][route: {}->http://localhost:3000][total available: 1; route allocated: 1 of 5; total allocated: 1 of 10]
16:18:53.921 [pool-2-thread-1] DEBUG org.apache.http.impl.conn.PoolingHttpClientConnectionManager -- Connection manager is shutting down
16:18:53.921 [pool-2-thread-1] DEBUG org.apache.http.impl.conn.DefaultManagedHttpClientConnection -- http-outgoing-72: Close connection
16:18:53.921 [pool-2-thread-1] DEBUG org.apache.http.impl.conn.PoolingHttpClientConnectionManager -- Connection manager shut down
16:18:53.921 [pool-2-thread-1] DEBUG com.intuit.karate -- response time in milliseconds: 285
8 < 200
8 < X-Powered-By: Express
8 < Access-Control-Allow-Origin: *
8 < Content-Type: application/json; charset=utf-8
8 < Content-Length: 708
8 < ETag: W/"2c4-caPRO7xZXY5Qy4JZivxeYottqzs"
8 < Date: Tue, 24 Jun 2025 09:18:53 GMT
8 < Connection: keep-alive
8 < Keep-Alive: timeout=5
{"access_token":"eyJhbGciOiJIUzI1NiIsInR5cCI6IkpXVCJ9.eyJzdWIiOiIwODUxNWIwNS0yZDNlLTQ3ODktYWQ2MC1kYjM1NTI1YTQ5NzAiLCJ1c2VybmFtZSI6Im5hbSIsInJvbGUiOjAsImlhdCI6MTc1MDc1NjczMywiZXhwIjoxNzUwNzYwMzMzfQ.pZpYd8cdAfRjYpebDQMOSx_LeqabratcZnD9tl_xFJ4","refresh_token":"4a98c3a09fc346ca958273a24cf81fe97dd696eb28bbe2e4af95e606187c79f6","user":{"id":"08515b05-2d3e-4789-ad60-db35525a4970","email":"nam@gmail.com","username":"nam","name":"nam","phoneNumber":"0123456789","profilePic":"https://res.cloudinary.com/dizcvrefo/image/upload/v1749266646/nestjs_uploads/zk9zrpeidnovxibfqdxr.png","bio":"Chu tich hoi dong Quan tri 1","private":false,"verified":false,"role":0,"followersCount":2,"followingCount":5,"postCount":13}}

16:18:53.925 [pool-2-thread-1] INFO com.intuit.karate -- [print] Call 8 completed, status: 200 
16:18:53.927 [pool-2-thread-1] INFO com.intuit.karate -- [print] *** API CALL 9 *** 
16:18:53.930 [pool-2-thread-1] DEBUG org.apache.http.client.protocol.RequestAddCookies -- CookieSpec selected: karate
16:18:53.930 [pool-2-thread-1] DEBUG org.apache.http.client.protocol.RequestAuthCache -- Auth cache not set in the context
16:18:53.930 [pool-2-thread-1] DEBUG com.intuit.karate -- request:
9 > POST http://localhost:3000/auth/login
9 > Content-Type: application/json; charset=UTF-8
9 > Content-Length: 45
9 > Host: localhost:3000
9 > Connection: Keep-Alive
9 > User-Agent: Apache-HttpClient/4.5.14 (Java/17.0.9)
9 > Accept-Encoding: gzip,deflate
{"email":"nam@gmail.com","password":"123456"}

16:18:53.930 [pool-2-thread-1] DEBUG org.apache.http.impl.conn.PoolingHttpClientConnectionManager -- Connection request: [route: {}->http://localhost:3000][total available: 0; route allocated: 0 of 5; total allocated: 0 of 10]
16:18:53.930 [pool-2-thread-1] DEBUG org.apache.http.impl.conn.PoolingHttpClientConnectionManager -- Connection leased: [id: 82][route: {}->http://localhost:3000][total available: 0; route allocated: 1 of 5; total allocated: 1 of 10]
16:18:53.930 [pool-2-thread-1] DEBUG org.apache.http.impl.execchain.MainClientExec -- Opening connection {}->http://localhost:3000
16:18:53.930 [pool-2-thread-1] DEBUG org.apache.http.impl.conn.DefaultHttpClientConnectionOperator -- Connecting to localhost/127.0.0.1:3000
16:18:53.932 [pool-2-thread-1] DEBUG org.apache.http.impl.conn.DefaultHttpClientConnectionOperator -- Connection established 127.0.0.1:51356<->127.0.0.1:3000
16:18:53.932 [pool-2-thread-1] DEBUG org.apache.http.impl.conn.DefaultManagedHttpClientConnection -- http-outgoing-82: set socket timeout to 30000
16:18:53.932 [pool-2-thread-1] DEBUG org.apache.http.impl.execchain.MainClientExec -- Executing request POST /auth/login HTTP/1.1
16:18:53.932 [pool-2-thread-1] DEBUG org.apache.http.impl.execchain.MainClientExec -- Target auth state: UNCHALLENGED
16:18:53.932 [pool-2-thread-1] DEBUG org.apache.http.impl.execchain.MainClientExec -- Proxy auth state: UNCHALLENGED
16:18:53.932 [pool-2-thread-1] DEBUG org.apache.http.headers -- http-outgoing-82 >> POST /auth/login HTTP/1.1
16:18:53.932 [pool-2-thread-1] DEBUG org.apache.http.headers -- http-outgoing-82 >> Content-Type: application/json; charset=UTF-8
16:18:53.932 [pool-2-thread-1] DEBUG org.apache.http.headers -- http-outgoing-82 >> Content-Length: 45
16:18:53.932 [pool-2-thread-1] DEBUG org.apache.http.headers -- http-outgoing-82 >> Host: localhost:3000
16:18:53.932 [pool-2-thread-1] DEBUG org.apache.http.headers -- http-outgoing-82 >> Connection: Keep-Alive
16:18:53.932 [pool-2-thread-1] DEBUG org.apache.http.headers -- http-outgoing-82 >> User-Agent: Apache-HttpClient/4.5.14 (Java/17.0.9)
16:18:53.932 [pool-2-thread-1] DEBUG org.apache.http.headers -- http-outgoing-82 >> Accept-Encoding: gzip,deflate
16:18:53.932 [pool-2-thread-1] DEBUG org.apache.http.wire -- http-outgoing-82 >> "POST /auth/login HTTP/1.1[\r][\n]"
16:18:53.932 [pool-2-thread-1] DEBUG org.apache.http.wire -- http-outgoing-82 >> "Content-Type: application/json; charset=UTF-8[\r][\n]"
16:18:53.932 [pool-2-thread-1] DEBUG org.apache.http.wire -- http-outgoing-82 >> "Content-Length: 45[\r][\n]"
16:18:53.932 [pool-2-thread-1] DEBUG org.apache.http.wire -- http-outgoing-82 >> "Host: localhost:3000[\r][\n]"
16:18:53.932 [pool-2-thread-1] DEBUG org.apache.http.wire -- http-outgoing-82 >> "Connection: Keep-Alive[\r][\n]"
16:18:53.932 [pool-2-thread-1] DEBUG org.apache.http.wire -- http-outgoing-82 >> "User-Agent: Apache-HttpClient/4.5.14 (Java/17.0.9)[\r][\n]"
16:18:53.932 [pool-2-thread-1] DEBUG org.apache.http.wire -- http-outgoing-82 >> "Accept-Encoding: gzip,deflate[\r][\n]"
16:18:53.932 [pool-2-thread-1] DEBUG org.apache.http.wire -- http-outgoing-82 >> "[\r][\n]"
16:18:53.932 [pool-2-thread-1] DEBUG org.apache.http.wire -- http-outgoing-82 >> "{"email":"nam@gmail.com","password":"123456"}"
16:18:54.634 [pool-2-thread-2] DEBUG org.apache.http.wire -- http-outgoing-74 << "HTTP/1.1 200 OK[\r][\n]"
16:18:54.634 [pool-2-thread-2] DEBUG org.apache.http.wire -- http-outgoing-74 << "X-Powered-By: Express[\r][\n]"
16:18:54.634 [pool-2-thread-2] DEBUG org.apache.http.wire -- http-outgoing-74 << "Access-Control-Allow-Origin: *[\r][\n]"
16:18:54.634 [pool-2-thread-2] DEBUG org.apache.http.wire -- http-outgoing-74 << "Content-Type: application/json; charset=utf-8[\r][\n]"
16:18:54.634 [pool-2-thread-2] DEBUG org.apache.http.wire -- http-outgoing-74 << "Content-Length: 715[\r][\n]"
16:18:54.634 [pool-2-thread-2] DEBUG org.apache.http.wire -- http-outgoing-74 << "ETag: W/"2cb-1xMyAUbZMUjjD7IvC15xJcV7YZ4"[\r][\n]"
16:18:54.634 [pool-2-thread-2] DEBUG org.apache.http.wire -- http-outgoing-74 << "Date: Tue, 24 Jun 2025 09:18:54 GMT[\r][\n]"
16:18:54.634 [pool-2-thread-2] DEBUG org.apache.http.wire -- http-outgoing-74 << "Connection: keep-alive[\r][\n]"
16:18:54.634 [pool-2-thread-2] DEBUG org.apache.http.wire -- http-outgoing-74 << "Keep-Alive: timeout=5[\r][\n]"
16:18:54.634 [pool-2-thread-2] DEBUG org.apache.http.wire -- http-outgoing-74 << "[\r][\n]"
16:18:54.634 [pool-2-thread-2] DEBUG org.apache.http.wire -- http-outgoing-74 << "{"access_token":"eyJhbGciOiJIUzI1NiIsInR5cCI6IkpXVCJ9.eyJzdWIiOiIyYjg0YWEyNC02NjhhLTQwZTItYWYxYy1hZDRmYzRmYTVhNmYiLCJ1c2VybmFtZSI6InF1YW5nMSIsInJvbGUiOjAsImlhdCI6MTc1MDc1NjczMywiZXhwIjoxNzUwNzYwMzMzfQ.TKVC41P12xPNhnYs6QuPD4LSxwB8KSzZce2B-Wt34cs","refresh_token":"b2728c2a74bb126f265a2bea3e77e092260df97532217bc78d5741f85f491bef","user":{"id":"2b84aa24-668a-40e2-af1c-ad4fc4fa5a6f","email":"quang1@gmail.com","username":"quang1","name":"quang1","phoneNumber":"09874563210","profilePic":"https://res.cloudinary.com/dizcvrefo/image/upload/v1749027586/nestjs_uploads/xehairydt9rzlbmbmv4c.jpg","bio":"Thang Nam Lao Vua Thoi","private":false,"verified":false,"role":0,"followersCount":2,"followingCount":3,"postCount":2}}"
16:18:54.634 [pool-2-thread-2] DEBUG org.apache.http.headers -- http-outgoing-74 << HTTP/1.1 200 OK
16:18:54.634 [pool-2-thread-2] DEBUG org.apache.http.headers -- http-outgoing-74 << X-Powered-By: Express
16:18:54.634 [pool-2-thread-2] DEBUG org.apache.http.headers -- http-outgoing-74 << Access-Control-Allow-Origin: *
16:18:54.634 [pool-2-thread-2] DEBUG org.apache.http.headers -- http-outgoing-74 << Content-Type: application/json; charset=utf-8
16:18:54.634 [pool-2-thread-2] DEBUG org.apache.http.headers -- http-outgoing-74 << Content-Length: 715
16:18:54.634 [pool-2-thread-2] DEBUG org.apache.http.headers -- http-outgoing-74 << ETag: W/"2cb-1xMyAUbZMUjjD7IvC15xJcV7YZ4"
16:18:54.634 [pool-2-thread-2] DEBUG org.apache.http.headers -- http-outgoing-74 << Date: Tue, 24 Jun 2025 09:18:54 GMT
16:18:54.634 [pool-2-thread-2] DEBUG org.apache.http.headers -- http-outgoing-74 << Connection: keep-alive
16:18:54.634 [pool-2-thread-2] DEBUG org.apache.http.headers -- http-outgoing-74 << Keep-Alive: timeout=5
16:18:54.634 [pool-2-thread-2] DEBUG org.apache.http.impl.execchain.MainClientExec -- Connection can be kept alive for 5000 MILLISECONDS
16:18:54.635 [pool-2-thread-6] DEBUG org.apache.http.wire -- http-outgoing-73 << "HTTP/1.1 200 OK[\r][\n]"
16:18:54.635 [pool-2-thread-6] DEBUG org.apache.http.wire -- http-outgoing-73 << "X-Powered-By: Express[\r][\n]"
16:18:54.635 [pool-2-thread-6] DEBUG org.apache.http.wire -- http-outgoing-73 << "Access-Control-Allow-Origin: *[\r][\n]"
16:18:54.635 [pool-2-thread-6] DEBUG org.apache.http.wire -- http-outgoing-73 << "Content-Type: application/json; charset=utf-8[\r][\n]"
16:18:54.635 [pool-2-thread-6] DEBUG org.apache.http.wire -- http-outgoing-73 << "Content-Length: 607[\r][\n]"
16:18:54.635 [pool-2-thread-6] DEBUG org.apache.http.wire -- http-outgoing-73 << "ETag: W/"25f-WYZrwa/FvONhOyWXjIWwYK687HM"[\r][\n]"
16:18:54.635 [pool-2-thread-6] DEBUG org.apache.http.wire -- http-outgoing-73 << "Date: Tue, 24 Jun 2025 09:18:54 GMT[\r][\n]"
16:18:54.635 [pool-2-thread-6] DEBUG org.apache.http.wire -- http-outgoing-73 << "Connection: keep-alive[\r][\n]"
16:18:54.635 [pool-2-thread-6] DEBUG org.apache.http.wire -- http-outgoing-73 << "Keep-Alive: timeout=5[\r][\n]"
16:18:54.635 [pool-2-thread-6] DEBUG org.apache.http.wire -- http-outgoing-73 << "[\r][\n]"
16:18:54.635 [pool-2-thread-6] DEBUG org.apache.http.wire -- http-outgoing-73 << "{"access_token":"eyJhbGciOiJIUzI1NiIsInR5cCI6IkpXVCJ9.eyJzdWIiOiI5YTI2OTc2Yy0xNTMyLTRkZjMtYTE2ZS03NjMxNTI1Yzg1MDIiLCJ1c2VybmFtZSI6ImpvaG5kb2UyZDUiLCJyb2xlIjowLCJpYXQiOjE3NTA3NTY3MzMsImV4cCI6MTc1MDc2MDMzM30.lJtRrtux9WIn35vHDhUXDMhgXWguRKcTe7tHXYAlOqI","refresh_token":"97a4f22f45152b8e8b4d52ddb5d045debd19aa25caecb0a76324d426381a89dd","user":{"id":"9a26976c-1532-4df3-a16e-7631525c8502","email":"testit4@gmail.com","username":"johndoe2d5","name":"John Doe","phoneNumber":"0123456212","profilePic":null,"bio":null,"private":false,"verified":false,"role":0,"followersCount":0,"followingCount":0,"postCount":0}}"
16:18:54.635 [pool-2-thread-2] DEBUG org.apache.http.impl.conn.PoolingHttpClientConnectionManager -- Connection [id: 73][route: {}->http://localhost:3000] can be kept alive for 5.0 seconds
16:18:54.635 [pool-2-thread-2] DEBUG org.apache.http.impl.conn.DefaultManagedHttpClientConnection -- http-outgoing-74: set socket timeout to 0
16:18:54.635 [pool-2-thread-6] DEBUG org.apache.http.headers -- http-outgoing-73 << HTTP/1.1 200 OK
16:18:54.635 [pool-2-thread-6] DEBUG org.apache.http.headers -- http-outgoing-73 << X-Powered-By: Express
16:18:54.635 [pool-2-thread-6] DEBUG org.apache.http.headers -- http-outgoing-73 << Access-Control-Allow-Origin: *
16:18:54.635 [pool-2-thread-6] DEBUG org.apache.http.headers -- http-outgoing-73 << Content-Type: application/json; charset=utf-8
16:18:54.635 [pool-2-thread-6] DEBUG org.apache.http.headers -- http-outgoing-73 << Content-Length: 607
16:18:54.635 [pool-2-thread-6] DEBUG org.apache.http.headers -- http-outgoing-73 << ETag: W/"25f-WYZrwa/FvONhOyWXjIWwYK687HM"
16:18:54.635 [pool-2-thread-6] DEBUG org.apache.http.headers -- http-outgoing-73 << Date: Tue, 24 Jun 2025 09:18:54 GMT
16:18:54.635 [pool-2-thread-6] DEBUG org.apache.http.headers -- http-outgoing-73 << Connection: keep-alive
16:18:54.635 [pool-2-thread-6] DEBUG org.apache.http.headers -- http-outgoing-73 << Keep-Alive: timeout=5
16:18:54.635 [pool-2-thread-2] DEBUG org.apache.http.impl.conn.PoolingHttpClientConnectionManager -- Connection released: [id: 73][route: {}->http://localhost:3000][total available: 1; route allocated: 1 of 5; total allocated: 1 of 10]
16:18:54.635 [pool-2-thread-2] DEBUG org.apache.http.impl.conn.PoolingHttpClientConnectionManager -- Connection manager is shutting down
16:18:54.635 [pool-2-thread-2] DEBUG org.apache.http.impl.conn.DefaultManagedHttpClientConnection -- http-outgoing-74: Close connection
16:18:54.635 [pool-2-thread-6] DEBUG org.apache.http.impl.execchain.MainClientExec -- Connection can be kept alive for 5000 MILLISECONDS
16:18:54.635 [pool-2-thread-6] DEBUG org.apache.http.impl.conn.PoolingHttpClientConnectionManager -- Connection [id: 74][route: {}->http://localhost:3000] can be kept alive for 5.0 seconds
16:18:54.635 [pool-2-thread-6] DEBUG org.apache.http.impl.conn.DefaultManagedHttpClientConnection -- http-outgoing-73: set socket timeout to 0
16:18:54.635 [pool-2-thread-6] DEBUG org.apache.http.impl.conn.PoolingHttpClientConnectionManager -- Connection released: [id: 74][route: {}->http://localhost:3000][total available: 1; route allocated: 1 of 5; total allocated: 1 of 10]
16:18:54.635 [pool-2-thread-6] DEBUG org.apache.http.impl.conn.PoolingHttpClientConnectionManager -- Connection manager is shutting down
16:18:54.635 [pool-2-thread-6] DEBUG org.apache.http.impl.conn.DefaultManagedHttpClientConnection -- http-outgoing-73: Close connection
16:18:54.635 [pool-2-thread-2] DEBUG org.apache.http.impl.conn.PoolingHttpClientConnectionManager -- Connection manager shut down
16:18:54.635 [pool-2-thread-6] DEBUG org.apache.http.impl.conn.PoolingHttpClientConnectionManager -- Connection manager shut down
16:18:54.635 [pool-2-thread-6] DEBUG com.intuit.karate -- response time in milliseconds: 932
8 < 200
8 < X-Powered-By: Express
8 < Access-Control-Allow-Origin: *
8 < Content-Type: application/json; charset=utf-8
8 < Content-Length: 607
8 < ETag: W/"25f-WYZrwa/FvONhOyWXjIWwYK687HM"
8 < Date: Tue, 24 Jun 2025 09:18:54 GMT
8 < Connection: keep-alive
8 < Keep-Alive: timeout=5
{"access_token":"eyJhbGciOiJIUzI1NiIsInR5cCI6IkpXVCJ9.eyJzdWIiOiI5YTI2OTc2Yy0xNTMyLTRkZjMtYTE2ZS03NjMxNTI1Yzg1MDIiLCJ1c2VybmFtZSI6ImpvaG5kb2UyZDUiLCJyb2xlIjowLCJpYXQiOjE3NTA3NTY3MzMsImV4cCI6MTc1MDc2MDMzM30.lJtRrtux9WIn35vHDhUXDMhgXWguRKcTe7tHXYAlOqI","refresh_token":"97a4f22f45152b8e8b4d52ddb5d045debd19aa25caecb0a76324d426381a89dd","user":{"id":"9a26976c-1532-4df3-a16e-7631525c8502","email":"testit4@gmail.com","username":"johndoe2d5","name":"John Doe","phoneNumber":"0123456212","profilePic":null,"bio":null,"private":false,"verified":false,"role":0,"followersCount":0,"followingCount":0,"postCount":0}}

16:18:54.635 [pool-2-thread-2] DEBUG com.intuit.karate -- response time in milliseconds: 934
8 < 200
8 < X-Powered-By: Express
8 < Access-Control-Allow-Origin: *
8 < Content-Type: application/json; charset=utf-8
8 < Content-Length: 715
8 < ETag: W/"2cb-1xMyAUbZMUjjD7IvC15xJcV7YZ4"
8 < Date: Tue, 24 Jun 2025 09:18:54 GMT
8 < Connection: keep-alive
8 < Keep-Alive: timeout=5
{"access_token":"eyJhbGciOiJIUzI1NiIsInR5cCI6IkpXVCJ9.eyJzdWIiOiIyYjg0YWEyNC02NjhhLTQwZTItYWYxYy1hZDRmYzRmYTVhNmYiLCJ1c2VybmFtZSI6InF1YW5nMSIsInJvbGUiOjAsImlhdCI6MTc1MDc1NjczMywiZXhwIjoxNzUwNzYwMzMzfQ.TKVC41P12xPNhnYs6QuPD4LSxwB8KSzZce2B-Wt34cs","refresh_token":"b2728c2a74bb126f265a2bea3e77e092260df97532217bc78d5741f85f491bef","user":{"id":"2b84aa24-668a-40e2-af1c-ad4fc4fa5a6f","email":"quang1@gmail.com","username":"quang1","name":"quang1","phoneNumber":"09874563210","profilePic":"https://res.cloudinary.com/dizcvrefo/image/upload/v1749027586/nestjs_uploads/xehairydt9rzlbmbmv4c.jpg","bio":"Thang Nam Lao Vua Thoi","private":false,"verified":false,"role":0,"followersCount":2,"followingCount":3,"postCount":2}}

16:18:54.638 [pool-2-thread-2] INFO com.intuit.karate -- [print] Call 8 completed, status: 200 
16:18:54.638 [pool-2-thread-6] INFO com.intuit.karate -- [print] Call 8 completed, status: 200 
16:18:54.639 [pool-2-thread-6] INFO com.intuit.karate -- [print] *** API CALL 9 *** 
16:18:54.639 [pool-2-thread-2] INFO com.intuit.karate -- [print] *** API CALL 9 *** 
16:18:54.640 [pool-2-thread-2] DEBUG org.apache.http.client.protocol.RequestAddCookies -- CookieSpec selected: karate
16:18:54.640 [pool-2-thread-6] DEBUG org.apache.http.client.protocol.RequestAddCookies -- CookieSpec selected: karate
16:18:54.640 [pool-2-thread-2] DEBUG org.apache.http.client.protocol.RequestAuthCache -- Auth cache not set in the context
16:18:54.640 [pool-2-thread-6] DEBUG org.apache.http.client.protocol.RequestAuthCache -- Auth cache not set in the context
16:18:54.640 [pool-2-thread-2] DEBUG com.intuit.karate -- request:
9 > POST http://localhost:3000/auth/login
9 > Content-Type: application/json; charset=UTF-8
9 > Content-Length: 48
9 > Host: localhost:3000
9 > Connection: Keep-Alive
9 > User-Agent: Apache-HttpClient/4.5.14 (Java/17.0.9)
9 > Accept-Encoding: gzip,deflate
{"email":"quang1@gmail.com","password":"quang1"}

16:18:54.640 [pool-2-thread-6] DEBUG com.intuit.karate -- request:
9 > POST http://localhost:3000/auth/login
9 > Content-Type: application/json; charset=UTF-8
9 > Content-Length: 54
9 > Host: localhost:3000
9 > Connection: Keep-Alive
9 > User-Agent: Apache-HttpClient/4.5.14 (Java/17.0.9)
9 > Accept-Encoding: gzip,deflate
{"email":"testit4@gmail.com","password":"Password123"}

16:18:54.640 [pool-2-thread-2] DEBUG org.apache.http.impl.conn.PoolingHttpClientConnectionManager -- Connection request: [route: {}->http://localhost:3000][total available: 0; route allocated: 0 of 5; total allocated: 0 of 10]
16:18:54.640 [pool-2-thread-6] DEBUG org.apache.http.impl.conn.PoolingHttpClientConnectionManager -- Connection request: [route: {}->http://localhost:3000][total available: 0; route allocated: 0 of 5; total allocated: 0 of 10]
16:18:54.640 [pool-2-thread-2] DEBUG org.apache.http.impl.conn.PoolingHttpClientConnectionManager -- Connection leased: [id: 83][route: {}->http://localhost:3000][total available: 0; route allocated: 1 of 5; total allocated: 1 of 10]
16:18:54.640 [pool-2-thread-6] DEBUG org.apache.http.impl.conn.PoolingHttpClientConnectionManager -- Connection leased: [id: 84][route: {}->http://localhost:3000][total available: 0; route allocated: 1 of 5; total allocated: 1 of 10]
16:18:54.640 [pool-2-thread-2] DEBUG org.apache.http.impl.execchain.MainClientExec -- Opening connection {}->http://localhost:3000
16:18:54.640 [pool-2-thread-6] DEBUG org.apache.http.impl.execchain.MainClientExec -- Opening connection {}->http://localhost:3000
16:18:54.640 [pool-2-thread-2] DEBUG org.apache.http.impl.conn.DefaultHttpClientConnectionOperator -- Connecting to localhost/127.0.0.1:3000
16:18:54.640 [pool-2-thread-6] DEBUG org.apache.http.impl.conn.DefaultHttpClientConnectionOperator -- Connecting to localhost/127.0.0.1:3000
16:18:54.642 [pool-2-thread-6] DEBUG org.apache.http.impl.conn.DefaultHttpClientConnectionOperator -- Connection established 127.0.0.1:51357<->127.0.0.1:3000
16:18:54.642 [pool-2-thread-2] DEBUG org.apache.http.impl.conn.DefaultHttpClientConnectionOperator -- Connection established 127.0.0.1:51358<->127.0.0.1:3000
16:18:54.642 [pool-2-thread-6] DEBUG org.apache.http.impl.conn.DefaultManagedHttpClientConnection -- http-outgoing-84: set socket timeout to 30000
16:18:54.642 [pool-2-thread-2] DEBUG org.apache.http.impl.conn.DefaultManagedHttpClientConnection -- http-outgoing-83: set socket timeout to 30000
16:18:54.642 [pool-2-thread-6] DEBUG org.apache.http.impl.execchain.MainClientExec -- Executing request POST /auth/login HTTP/1.1
16:18:54.642 [pool-2-thread-2] DEBUG org.apache.http.impl.execchain.MainClientExec -- Executing request POST /auth/login HTTP/1.1
16:18:54.642 [pool-2-thread-6] DEBUG org.apache.http.impl.execchain.MainClientExec -- Target auth state: UNCHALLENGED
16:18:54.642 [pool-2-thread-2] DEBUG org.apache.http.impl.execchain.MainClientExec -- Target auth state: UNCHALLENGED
16:18:54.642 [pool-2-thread-2] DEBUG org.apache.http.impl.execchain.MainClientExec -- Proxy auth state: UNCHALLENGED
16:18:54.642 [pool-2-thread-6] DEBUG org.apache.http.impl.execchain.MainClientExec -- Proxy auth state: UNCHALLENGED
16:18:54.642 [pool-2-thread-2] DEBUG org.apache.http.headers -- http-outgoing-83 >> POST /auth/login HTTP/1.1
16:18:54.642 [pool-2-thread-6] DEBUG org.apache.http.headers -- http-outgoing-84 >> POST /auth/login HTTP/1.1
16:18:54.642 [pool-2-thread-2] DEBUG org.apache.http.headers -- http-outgoing-83 >> Content-Type: application/json; charset=UTF-8
16:18:54.642 [pool-2-thread-6] DEBUG org.apache.http.headers -- http-outgoing-84 >> Content-Type: application/json; charset=UTF-8
16:18:54.642 [pool-2-thread-2] DEBUG org.apache.http.headers -- http-outgoing-83 >> Content-Length: 48
16:18:54.642 [pool-2-thread-6] DEBUG org.apache.http.headers -- http-outgoing-84 >> Content-Length: 54
16:18:54.642 [pool-2-thread-2] DEBUG org.apache.http.headers -- http-outgoing-83 >> Host: localhost:3000
16:18:54.642 [pool-2-thread-6] DEBUG org.apache.http.headers -- http-outgoing-84 >> Host: localhost:3000
16:18:54.642 [pool-2-thread-6] DEBUG org.apache.http.headers -- http-outgoing-84 >> Connection: Keep-Alive
16:18:54.642 [pool-2-thread-6] DEBUG org.apache.http.headers -- http-outgoing-84 >> User-Agent: Apache-HttpClient/4.5.14 (Java/17.0.9)
16:18:54.642 [pool-2-thread-2] DEBUG org.apache.http.headers -- http-outgoing-83 >> Connection: Keep-Alive
16:18:54.642 [pool-2-thread-6] DEBUG org.apache.http.headers -- http-outgoing-84 >> Accept-Encoding: gzip,deflate
16:18:54.642 [pool-2-thread-2] DEBUG org.apache.http.headers -- http-outgoing-83 >> User-Agent: Apache-HttpClient/4.5.14 (Java/17.0.9)
16:18:54.642 [pool-2-thread-2] DEBUG org.apache.http.headers -- http-outgoing-83 >> Accept-Encoding: gzip,deflate
16:18:54.642 [pool-2-thread-2] DEBUG org.apache.http.wire -- http-outgoing-83 >> "POST /auth/login HTTP/1.1[\r][\n]"
16:18:54.642 [pool-2-thread-6] DEBUG org.apache.http.wire -- http-outgoing-84 >> "POST /auth/login HTTP/1.1[\r][\n]"
16:18:54.642 [pool-2-thread-6] DEBUG org.apache.http.wire -- http-outgoing-84 >> "Content-Type: application/json; charset=UTF-8[\r][\n]"
16:18:54.642 [pool-2-thread-6] DEBUG org.apache.http.wire -- http-outgoing-84 >> "Content-Length: 54[\r][\n]"
16:18:54.642 [pool-2-thread-2] DEBUG org.apache.http.wire -- http-outgoing-83 >> "Content-Type: application/json; charset=UTF-8[\r][\n]"
16:18:54.642 [pool-2-thread-6] DEBUG org.apache.http.wire -- http-outgoing-84 >> "Host: localhost:3000[\r][\n]"
16:18:54.642 [pool-2-thread-2] DEBUG org.apache.http.wire -- http-outgoing-83 >> "Content-Length: 48[\r][\n]"
16:18:54.642 [pool-2-thread-6] DEBUG org.apache.http.wire -- http-outgoing-84 >> "Connection: Keep-Alive[\r][\n]"
16:18:54.642 [pool-2-thread-6] DEBUG org.apache.http.wire -- http-outgoing-84 >> "User-Agent: Apache-HttpClient/4.5.14 (Java/17.0.9)[\r][\n]"
16:18:54.642 [pool-2-thread-6] DEBUG org.apache.http.wire -- http-outgoing-84 >> "Accept-Encoding: gzip,deflate[\r][\n]"
16:18:54.642 [pool-2-thread-6] DEBUG org.apache.http.wire -- http-outgoing-84 >> "[\r][\n]"
16:18:54.642 [pool-2-thread-6] DEBUG org.apache.http.wire -- http-outgoing-84 >> "{"email":"testit4@gmail.com","password":"Password123"}"
16:18:54.642 [pool-2-thread-2] DEBUG org.apache.http.wire -- http-outgoing-83 >> "Host: localhost:3000[\r][\n]"
16:18:54.642 [pool-2-thread-2] DEBUG org.apache.http.wire -- http-outgoing-83 >> "Connection: Keep-Alive[\r][\n]"
16:18:54.642 [pool-2-thread-2] DEBUG org.apache.http.wire -- http-outgoing-83 >> "User-Agent: Apache-HttpClient/4.5.14 (Java/17.0.9)[\r][\n]"
16:18:54.642 [pool-2-thread-2] DEBUG org.apache.http.wire -- http-outgoing-83 >> "Accept-Encoding: gzip,deflate[\r][\n]"
16:18:54.642 [pool-2-thread-2] DEBUG org.apache.http.wire -- http-outgoing-83 >> "[\r][\n]"
16:18:54.642 [pool-2-thread-2] DEBUG org.apache.http.wire -- http-outgoing-83 >> "{"email":"quang1@gmail.com","password":"quang1"}"
16:18:54.669 [pool-2-thread-9] DEBUG org.apache.http.wire -- http-outgoing-75 << "HTTP/1.1 200 OK[\r][\n]"
16:18:54.669 [pool-2-thread-9] DEBUG org.apache.http.wire -- http-outgoing-75 << "X-Powered-By: Express[\r][\n]"
16:18:54.669 [pool-2-thread-9] DEBUG org.apache.http.wire -- http-outgoing-75 << "Access-Control-Allow-Origin: *[\r][\n]"
16:18:54.669 [pool-2-thread-9] DEBUG org.apache.http.wire -- http-outgoing-75 << "Content-Type: application/json; charset=utf-8[\r][\n]"
16:18:54.669 [pool-2-thread-9] DEBUG org.apache.http.wire -- http-outgoing-75 << "Content-Length: 604[\r][\n]"
16:18:54.669 [pool-2-thread-9] DEBUG org.apache.http.wire -- http-outgoing-75 << "ETag: W/"25c-qaLbthYXc5LUrsGksj8zlbcPflI"[\r][\n]"
16:18:54.669 [pool-2-thread-9] DEBUG org.apache.http.wire -- http-outgoing-75 << "Date: Tue, 24 Jun 2025 09:18:54 GMT[\r][\n]"
16:18:54.669 [pool-2-thread-9] DEBUG org.apache.http.wire -- http-outgoing-75 << "Connection: keep-alive[\r][\n]"
16:18:54.669 [pool-2-thread-9] DEBUG org.apache.http.wire -- http-outgoing-75 << "Keep-Alive: timeout=5[\r][\n]"
16:18:54.669 [pool-2-thread-9] DEBUG org.apache.http.wire -- http-outgoing-75 << "[\r][\n]"
16:18:54.669 [pool-2-thread-9] DEBUG org.apache.http.wire -- http-outgoing-75 << "{"access_token":"eyJhbGciOiJIUzI1NiIsInR5cCI6IkpXVCJ9.eyJzdWIiOiJkZjZmMDkxOS1hMjNkLTQ0YzktYTkyNS00ZWE4YmU1MjVkMTAiLCJ1c2VybmFtZSI6ImpvaG5kb2UyMyIsInJvbGUiOjAsImlhdCI6MTc1MDc1NjczMywiZXhwIjoxNzUwNzYwMzMzfQ.BamjtTfLDmD-tpa07h1A5R5EBgsRKBZwy1dXvGdsJY0","refresh_token":"06ac77f9ebd42ddd75f097e500eaabf6e3e2861e729b97be0375f5712dff23fc","user":{"id":"df6f0919-a23d-44c9-a925-4ea8be525d10","email":"testit@gmail.com","username":"johndoe23","name":"John Doe","phoneNumber":"0123456788","profilePic":null,"bio":null,"private":false,"verified":false,"role":0,"followersCount":0,"followingCount":0,"postCount":0}}"
16:18:54.669 [pool-2-thread-9] DEBUG org.apache.http.headers -- http-outgoing-75 << HTTP/1.1 200 OK
16:18:54.669 [pool-2-thread-9] DEBUG org.apache.http.headers -- http-outgoing-75 << X-Powered-By: Express
16:18:54.669 [pool-2-thread-9] DEBUG org.apache.http.headers -- http-outgoing-75 << Access-Control-Allow-Origin: *
16:18:54.669 [pool-2-thread-9] DEBUG org.apache.http.headers -- http-outgoing-75 << Content-Type: application/json; charset=utf-8
16:18:54.669 [pool-2-thread-9] DEBUG org.apache.http.headers -- http-outgoing-75 << Content-Length: 604
16:18:54.669 [pool-2-thread-9] DEBUG org.apache.http.headers -- http-outgoing-75 << ETag: W/"25c-qaLbthYXc5LUrsGksj8zlbcPflI"
16:18:54.669 [pool-2-thread-9] DEBUG org.apache.http.headers -- http-outgoing-75 << Date: Tue, 24 Jun 2025 09:18:54 GMT
16:18:54.669 [pool-2-thread-9] DEBUG org.apache.http.headers -- http-outgoing-75 << Connection: keep-alive
16:18:54.669 [pool-2-thread-9] DEBUG org.apache.http.headers -- http-outgoing-75 << Keep-Alive: timeout=5
16:18:54.669 [pool-2-thread-9] DEBUG org.apache.http.impl.execchain.MainClientExec -- Connection can be kept alive for 5000 MILLISECONDS
16:18:54.669 [pool-2-thread-9] DEBUG org.apache.http.impl.conn.PoolingHttpClientConnectionManager -- Connection [id: 75][route: {}->http://localhost:3000] can be kept alive for 5.0 seconds
16:18:54.669 [pool-2-thread-9] DEBUG org.apache.http.impl.conn.DefaultManagedHttpClientConnection -- http-outgoing-75: set socket timeout to 0
16:18:54.669 [pool-2-thread-9] DEBUG org.apache.http.impl.conn.PoolingHttpClientConnectionManager -- Connection released: [id: 75][route: {}->http://localhost:3000][total available: 1; route allocated: 1 of 5; total allocated: 1 of 10]
16:18:54.669 [pool-2-thread-9] DEBUG org.apache.http.impl.conn.PoolingHttpClientConnectionManager -- Connection manager is shutting down
16:18:54.669 [pool-2-thread-9] DEBUG org.apache.http.impl.conn.DefaultManagedHttpClientConnection -- http-outgoing-75: Close connection
16:18:54.669 [pool-2-thread-9] DEBUG org.apache.http.impl.conn.PoolingHttpClientConnectionManager -- Connection manager shut down
16:18:54.669 [pool-2-thread-9] DEBUG com.intuit.karate -- response time in milliseconds: 932
8 < 200
8 < X-Powered-By: Express
8 < Access-Control-Allow-Origin: *
8 < Content-Type: application/json; charset=utf-8
8 < Content-Length: 604
8 < ETag: W/"25c-qaLbthYXc5LUrsGksj8zlbcPflI"
8 < Date: Tue, 24 Jun 2025 09:18:54 GMT
8 < Connection: keep-alive
8 < Keep-Alive: timeout=5
{"access_token":"eyJhbGciOiJIUzI1NiIsInR5cCI6IkpXVCJ9.eyJzdWIiOiJkZjZmMDkxOS1hMjNkLTQ0YzktYTkyNS00ZWE4YmU1MjVkMTAiLCJ1c2VybmFtZSI6ImpvaG5kb2UyMyIsInJvbGUiOjAsImlhdCI6MTc1MDc1NjczMywiZXhwIjoxNzUwNzYwMzMzfQ.BamjtTfLDmD-tpa07h1A5R5EBgsRKBZwy1dXvGdsJY0","refresh_token":"06ac77f9ebd42ddd75f097e500eaabf6e3e2861e729b97be0375f5712dff23fc","user":{"id":"df6f0919-a23d-44c9-a925-4ea8be525d10","email":"testit@gmail.com","username":"johndoe23","name":"John Doe","phoneNumber":"0123456788","profilePic":null,"bio":null,"private":false,"verified":false,"role":0,"followersCount":0,"followingCount":0,"postCount":0}}

16:18:54.670 [pool-2-thread-9] INFO com.intuit.karate -- [print] Call 8 completed, status: 200 
16:18:54.671 [pool-2-thread-9] INFO com.intuit.karate -- [print] *** API CALL 9 *** 
16:18:54.672 [pool-2-thread-9] DEBUG org.apache.http.client.protocol.RequestAddCookies -- CookieSpec selected: karate
16:18:54.673 [pool-2-thread-9] DEBUG org.apache.http.client.protocol.RequestAuthCache -- Auth cache not set in the context
16:18:54.673 [pool-2-thread-9] DEBUG com.intuit.karate -- request:
9 > POST http://localhost:3000/auth/login
9 > Content-Type: application/json; charset=UTF-8
9 > Content-Length: 53
9 > Host: localhost:3000
9 > Connection: Keep-Alive
9 > User-Agent: Apache-HttpClient/4.5.14 (Java/17.0.9)
9 > Accept-Encoding: gzip,deflate
{"email":"testit@gmail.com","password":"Password123"}

16:18:54.673 [pool-2-thread-9] DEBUG org.apache.http.impl.conn.PoolingHttpClientConnectionManager -- Connection request: [route: {}->http://localhost:3000][total available: 0; route allocated: 0 of 5; total allocated: 0 of 10]
16:18:54.673 [pool-2-thread-9] DEBUG org.apache.http.impl.conn.PoolingHttpClientConnectionManager -- Connection leased: [id: 85][route: {}->http://localhost:3000][total available: 0; route allocated: 1 of 5; total allocated: 1 of 10]
16:18:54.673 [pool-2-thread-9] DEBUG org.apache.http.impl.execchain.MainClientExec -- Opening connection {}->http://localhost:3000
16:18:54.673 [pool-2-thread-9] DEBUG org.apache.http.impl.conn.DefaultHttpClientConnectionOperator -- Connecting to localhost/127.0.0.1:3000
16:18:54.673 [pool-2-thread-9] DEBUG org.apache.http.impl.conn.DefaultHttpClientConnectionOperator -- Connection established 127.0.0.1:51359<->127.0.0.1:3000
16:18:54.673 [pool-2-thread-9] DEBUG org.apache.http.impl.conn.DefaultManagedHttpClientConnection -- http-outgoing-85: set socket timeout to 30000
16:18:54.673 [pool-2-thread-9] DEBUG org.apache.http.impl.execchain.MainClientExec -- Executing request POST /auth/login HTTP/1.1
16:18:54.673 [pool-2-thread-9] DEBUG org.apache.http.impl.execchain.MainClientExec -- Target auth state: UNCHALLENGED
16:18:54.673 [pool-2-thread-9] DEBUG org.apache.http.impl.execchain.MainClientExec -- Proxy auth state: UNCHALLENGED
16:18:54.673 [pool-2-thread-9] DEBUG org.apache.http.headers -- http-outgoing-85 >> POST /auth/login HTTP/1.1
16:18:54.673 [pool-2-thread-9] DEBUG org.apache.http.headers -- http-outgoing-85 >> Content-Type: application/json; charset=UTF-8
16:18:54.673 [pool-2-thread-9] DEBUG org.apache.http.headers -- http-outgoing-85 >> Content-Length: 53
16:18:54.673 [pool-2-thread-9] DEBUG org.apache.http.headers -- http-outgoing-85 >> Host: localhost:3000
16:18:54.673 [pool-2-thread-9] DEBUG org.apache.http.headers -- http-outgoing-85 >> Connection: Keep-Alive
16:18:54.673 [pool-2-thread-9] DEBUG org.apache.http.headers -- http-outgoing-85 >> User-Agent: Apache-HttpClient/4.5.14 (Java/17.0.9)
16:18:54.673 [pool-2-thread-9] DEBUG org.apache.http.headers -- http-outgoing-85 >> Accept-Encoding: gzip,deflate
16:18:54.674 [pool-2-thread-9] DEBUG org.apache.http.wire -- http-outgoing-85 >> "POST /auth/login HTTP/1.1[\r][\n]"
16:18:54.674 [pool-2-thread-9] DEBUG org.apache.http.wire -- http-outgoing-85 >> "Content-Type: application/json; charset=UTF-8[\r][\n]"
16:18:54.674 [pool-2-thread-9] DEBUG org.apache.http.wire -- http-outgoing-85 >> "Content-Length: 53[\r][\n]"
16:18:54.674 [pool-2-thread-9] DEBUG org.apache.http.wire -- http-outgoing-85 >> "Host: localhost:3000[\r][\n]"
16:18:54.674 [pool-2-thread-9] DEBUG org.apache.http.wire -- http-outgoing-85 >> "Connection: Keep-Alive[\r][\n]"
16:18:54.674 [pool-2-thread-9] DEBUG org.apache.http.wire -- http-outgoing-85 >> "User-Agent: Apache-HttpClient/4.5.14 (Java/17.0.9)[\r][\n]"
16:18:54.674 [pool-2-thread-9] DEBUG org.apache.http.wire -- http-outgoing-85 >> "Accept-Encoding: gzip,deflate[\r][\n]"
16:18:54.674 [pool-2-thread-9] DEBUG org.apache.http.wire -- http-outgoing-85 >> "[\r][\n]"
16:18:54.674 [pool-2-thread-9] DEBUG org.apache.http.wire -- http-outgoing-85 >> "{"email":"testit@gmail.com","password":"Password123"}"
16:18:54.719 [pool-2-thread-3] DEBUG org.apache.http.wire -- http-outgoing-76 << "HTTP/1.1 200 OK[\r][\n]"
16:18:54.720 [pool-2-thread-3] DEBUG org.apache.http.wire -- http-outgoing-76 << "X-Powered-By: Express[\r][\n]"
16:18:54.720 [pool-2-thread-3] DEBUG org.apache.http.wire -- http-outgoing-76 << "Access-Control-Allow-Origin: *[\r][\n]"
16:18:54.720 [pool-2-thread-3] DEBUG org.apache.http.wire -- http-outgoing-76 << "Content-Type: application/json; charset=utf-8[\r][\n]"
16:18:54.720 [pool-2-thread-3] DEBUG org.apache.http.wire -- http-outgoing-76 << "Content-Length: 599[\r][\n]"
16:18:54.720 [pool-2-thread-3] DEBUG org.apache.http.wire -- http-outgoing-76 << "ETag: W/"257-XUKZ5ktg8Tons81Ve0nPHObau40"[\r][\n]"
16:18:54.720 [pool-2-thread-3] DEBUG org.apache.http.wire -- http-outgoing-76 << "Date: Tue, 24 Jun 2025 09:18:54 GMT[\r][\n]"
16:18:54.720 [pool-2-thread-3] DEBUG org.apache.http.wire -- http-outgoing-76 << "Connection: keep-alive[\r][\n]"
16:18:54.720 [pool-2-thread-3] DEBUG org.apache.http.wire -- http-outgoing-76 << "Keep-Alive: timeout=5[\r][\n]"
16:18:54.720 [pool-2-thread-3] DEBUG org.apache.http.wire -- http-outgoing-76 << "[\r][\n]"
16:18:54.720 [pool-2-thread-3] DEBUG org.apache.http.wire -- http-outgoing-76 << "{"access_token":"eyJhbGciOiJIUzI1NiIsInR5cCI6IkpXVCJ9.eyJzdWIiOiIyZGRhMDQzOS01MTgwLTQ1YWEtOTE3Zi1lNjMyZTQ1YThlNDEiLCJ1c2VybmFtZSI6ImpvaG5kb2UiLCJyb2xlIjowLCJpYXQiOjE3NTA3NTY3MzQsImV4cCI6MTc1MDc2MDMzNH0.bz1Xe3Q7LCMu0ofa6PN8ZethPPhOwP9bievk0FzXTaM","refresh_token":"2a1fe79e5a9ef2543cc70ddfe85f71b4c37a142739e912b6ce579ddcfbc6a613","user":{"id":"2dda0439-5180-45aa-917f-e632e45a8e41","email":"test@example.com","username":"johndoe","name":"John Doe","phoneNumber":"0987654321","profilePic":null,"bio":null,"private":false,"verified":false,"role":0,"followersCount":0,"followingCount":0,"postCount":0}}"
16:18:54.720 [pool-2-thread-3] DEBUG org.apache.http.headers -- http-outgoing-76 << HTTP/1.1 200 OK
16:18:54.720 [pool-2-thread-3] DEBUG org.apache.http.headers -- http-outgoing-76 << X-Powered-By: Express
16:18:54.720 [pool-2-thread-3] DEBUG org.apache.http.headers -- http-outgoing-76 << Access-Control-Allow-Origin: *
16:18:54.720 [pool-2-thread-3] DEBUG org.apache.http.headers -- http-outgoing-76 << Content-Type: application/json; charset=utf-8
16:18:54.720 [pool-2-thread-3] DEBUG org.apache.http.headers -- http-outgoing-76 << Content-Length: 599
16:18:54.720 [pool-2-thread-3] DEBUG org.apache.http.headers -- http-outgoing-76 << ETag: W/"257-XUKZ5ktg8Tons81Ve0nPHObau40"
16:18:54.720 [pool-2-thread-3] DEBUG org.apache.http.headers -- http-outgoing-76 << Date: Tue, 24 Jun 2025 09:18:54 GMT
16:18:54.720 [pool-2-thread-3] DEBUG org.apache.http.headers -- http-outgoing-76 << Connection: keep-alive
16:18:54.720 [pool-2-thread-3] DEBUG org.apache.http.headers -- http-outgoing-76 << Keep-Alive: timeout=5
16:18:54.720 [pool-2-thread-3] DEBUG org.apache.http.impl.execchain.MainClientExec -- Connection can be kept alive for 5000 MILLISECONDS
16:18:54.720 [pool-2-thread-3] DEBUG org.apache.http.impl.conn.PoolingHttpClientConnectionManager -- Connection [id: 77][route: {}->http://localhost:3000] can be kept alive for 5.0 seconds
16:18:54.720 [pool-2-thread-3] DEBUG org.apache.http.impl.conn.DefaultManagedHttpClientConnection -- http-outgoing-76: set socket timeout to 0
16:18:54.720 [pool-2-thread-3] DEBUG org.apache.http.impl.conn.PoolingHttpClientConnectionManager -- Connection released: [id: 77][route: {}->http://localhost:3000][total available: 1; route allocated: 1 of 5; total allocated: 1 of 10]
16:18:54.720 [pool-2-thread-3] DEBUG org.apache.http.impl.conn.PoolingHttpClientConnectionManager -- Connection manager is shutting down
16:18:54.720 [pool-2-thread-3] DEBUG org.apache.http.impl.conn.DefaultManagedHttpClientConnection -- http-outgoing-76: Close connection
16:18:54.720 [pool-2-thread-3] DEBUG org.apache.http.impl.conn.PoolingHttpClientConnectionManager -- Connection manager shut down
16:18:54.720 [pool-2-thread-3] DEBUG com.intuit.karate -- response time in milliseconds: 941
8 < 200
8 < X-Powered-By: Express
8 < Access-Control-Allow-Origin: *
8 < Content-Type: application/json; charset=utf-8
8 < Content-Length: 599
8 < ETag: W/"257-XUKZ5ktg8Tons81Ve0nPHObau40"
8 < Date: Tue, 24 Jun 2025 09:18:54 GMT
8 < Connection: keep-alive
8 < Keep-Alive: timeout=5
{"access_token":"eyJhbGciOiJIUzI1NiIsInR5cCI6IkpXVCJ9.eyJzdWIiOiIyZGRhMDQzOS01MTgwLTQ1YWEtOTE3Zi1lNjMyZTQ1YThlNDEiLCJ1c2VybmFtZSI6ImpvaG5kb2UiLCJyb2xlIjowLCJpYXQiOjE3NTA3NTY3MzQsImV4cCI6MTc1MDc2MDMzNH0.bz1Xe3Q7LCMu0ofa6PN8ZethPPhOwP9bievk0FzXTaM","refresh_token":"2a1fe79e5a9ef2543cc70ddfe85f71b4c37a142739e912b6ce579ddcfbc6a613","user":{"id":"2dda0439-5180-45aa-917f-e632e45a8e41","email":"test@example.com","username":"johndoe","name":"John Doe","phoneNumber":"0987654321","profilePic":null,"bio":null,"private":false,"verified":false,"role":0,"followersCount":0,"followingCount":0,"postCount":0}}

16:18:54.723 [pool-2-thread-3] INFO com.intuit.karate -- [print] Call 8 completed, status: 200 
16:18:54.724 [pool-2-thread-3] INFO com.intuit.karate -- [print] *** API CALL 9 *** 
16:18:54.725 [pool-2-thread-7] DEBUG org.apache.http.wire -- http-outgoing-78 << "HTTP/1.1 200 OK[\r][\n]"
16:18:54.725 [pool-2-thread-7] DEBUG org.apache.http.wire -- http-outgoing-78 << "X-Powered-By: Express[\r][\n]"
16:18:54.725 [pool-2-thread-7] DEBUG org.apache.http.wire -- http-outgoing-78 << "Access-Control-Allow-Origin: *[\r][\n]"
16:18:54.725 [pool-2-thread-7] DEBUG org.apache.http.wire -- http-outgoing-78 << "Content-Type: application/json; charset=utf-8[\r][\n]"
16:18:54.725 [pool-2-thread-7] DEBUG org.apache.http.wire -- http-outgoing-78 << "Content-Length: 605[\r][\n]"
16:18:54.725 [pool-2-thread-7] DEBUG org.apache.http.wire -- http-outgoing-78 << "ETag: W/"25d-/8RJh5ky1wqsFxIu/kAGSJaaigU"[\r][\n]"
16:18:54.725 [pool-2-thread-7] DEBUG org.apache.http.wire -- http-outgoing-78 << "Date: Tue, 24 Jun 2025 09:18:54 GMT[\r][\n]"
16:18:54.725 [pool-2-thread-7] DEBUG org.apache.http.wire -- http-outgoing-78 << "Connection: keep-alive[\r][\n]"
16:18:54.725 [pool-2-thread-7] DEBUG org.apache.http.wire -- http-outgoing-78 << "Keep-Alive: timeout=5[\r][\n]"
16:18:54.725 [pool-2-thread-7] DEBUG org.apache.http.wire -- http-outgoing-78 << "[\r][\n]"
16:18:54.725 [pool-2-thread-7] DEBUG org.apache.http.wire -- http-outgoing-78 << "{"access_token":"eyJhbGciOiJIUzI1NiIsInR5cCI6IkpXVCJ9.eyJzdWIiOiI2NTBjZTFlZC1hYWNhLTQzOGYtOTk4OC0xZjA1OGFiNWFhMWEiLCJ1c2VybmFtZSI6ImpvaG5kb2UyNSIsInJvbGUiOjAsImlhdCI6MTc1MDc1NjczNCwiZXhwIjoxNzUwNzYwMzM0fQ.s-CXQFFugvJfW0PEQ-BgqAyzybjpbiijSIGO9nYYNzo","refresh_token":"930d5e7b0b69894a55ee503cbe4251d42cdc7da08ebd32933dbf7a50baa1988b","user":{"id":"650ce1ed-aaca-438f-9988-1f058ab5aa1a","email":"testit3@gmail.com","username":"johndoe25","name":"John Doe","phoneNumber":"0123456713","profilePic":null,"bio":null,"private":false,"verified":false,"role":0,"followersCount":0,"followingCount":0,"postCount":0}}"
16:18:54.725 [pool-2-thread-7] DEBUG org.apache.http.headers -- http-outgoing-78 << HTTP/1.1 200 OK
16:18:54.725 [pool-2-thread-7] DEBUG org.apache.http.headers -- http-outgoing-78 << X-Powered-By: Express
16:18:54.725 [pool-2-thread-7] DEBUG org.apache.http.headers -- http-outgoing-78 << Access-Control-Allow-Origin: *
16:18:54.725 [pool-2-thread-7] DEBUG org.apache.http.headers -- http-outgoing-78 << Content-Type: application/json; charset=utf-8
16:18:54.725 [pool-2-thread-7] DEBUG org.apache.http.headers -- http-outgoing-78 << Content-Length: 605
16:18:54.725 [pool-2-thread-7] DEBUG org.apache.http.headers -- http-outgoing-78 << ETag: W/"25d-/8RJh5ky1wqsFxIu/kAGSJaaigU"
16:18:54.725 [pool-2-thread-7] DEBUG org.apache.http.headers -- http-outgoing-78 << Date: Tue, 24 Jun 2025 09:18:54 GMT
16:18:54.725 [pool-2-thread-7] DEBUG org.apache.http.headers -- http-outgoing-78 << Connection: keep-alive
16:18:54.725 [pool-2-thread-7] DEBUG org.apache.http.headers -- http-outgoing-78 << Keep-Alive: timeout=5
16:18:54.725 [pool-2-thread-7] DEBUG org.apache.http.impl.execchain.MainClientExec -- Connection can be kept alive for 5000 MILLISECONDS
16:18:54.726 [pool-2-thread-7] DEBUG org.apache.http.impl.conn.PoolingHttpClientConnectionManager -- Connection [id: 78][route: {}->http://localhost:3000] can be kept alive for 5.0 seconds
16:18:54.726 [pool-2-thread-4] DEBUG org.apache.http.wire -- http-outgoing-77 << "HTTP/1.1 200 OK[\r][\n]"
16:18:54.726 [pool-2-thread-4] DEBUG org.apache.http.wire -- http-outgoing-77 << "X-Powered-By: Express[\r][\n]"
16:18:54.726 [pool-2-thread-4] DEBUG org.apache.http.wire -- http-outgoing-77 << "Access-Control-Allow-Origin: *[\r][\n]"
16:18:54.726 [pool-2-thread-7] DEBUG org.apache.http.impl.conn.DefaultManagedHttpClientConnection -- http-outgoing-78: set socket timeout to 0
16:18:54.726 [pool-2-thread-4] DEBUG org.apache.http.wire -- http-outgoing-77 << "Content-Type: application/json; charset=utf-8[\r][\n]"
16:18:54.726 [pool-2-thread-4] DEBUG org.apache.http.wire -- http-outgoing-77 << "Content-Length: 608[\r][\n]"
16:18:54.726 [pool-2-thread-4] DEBUG org.apache.http.wire -- http-outgoing-77 << "ETag: W/"260-Ee7wa9ktEJvAfRxtBbStSpyJUnw"[\r][\n]"
16:18:54.726 [pool-2-thread-4] DEBUG org.apache.http.wire -- http-outgoing-77 << "Date: Tue, 24 Jun 2025 09:18:54 GMT[\r][\n]"
16:18:54.726 [pool-2-thread-4] DEBUG org.apache.http.wire -- http-outgoing-77 << "Connection: keep-alive[\r][\n]"
16:18:54.726 [pool-2-thread-4] DEBUG org.apache.http.wire -- http-outgoing-77 << "Keep-Alive: timeout=5[\r][\n]"
16:18:54.726 [pool-2-thread-4] DEBUG org.apache.http.wire -- http-outgoing-77 << "[\r][\n]"
16:18:54.726 [pool-2-thread-4] DEBUG org.apache.http.wire -- http-outgoing-77 << "{"access_token":"eyJhbGciOiJIUzI1NiIsInR5cCI6IkpXVCJ9.eyJzdWIiOiI4YTI0NzQ2MS01YzA0LTQyMWQtOThmNS1mYTljNzM0ZmFlYTUiLCJ1c2VybmFtZSI6ImphbmVzbWl0aCIsInJvbGUiOjAsImlhdCI6MTc1MDc1NjczNCwiZXhwIjoxNzUwNzYwMzM0fQ.3egnvyceyuAzvh0O51E1YimNbxm_ukcP_PjOtgMQuSY","refresh_token":"dcd841a3d89a748e8fd9984c33226fa0b7feb20e3e8725dee5cc501185cec454","user":{"id":"8a247461-5c04-421d-98f5-fa9c734faea5","email":"test2@example.com","username":"janesmith","name":"Jane Smith","phoneNumber":"01234567890","profilePic":null,"bio":null,"private":false,"verified":false,"role":0,"followersCount":0,"followingCount":0,"postCount":0}}"
16:18:54.726 [pool-2-thread-7] DEBUG org.apache.http.impl.conn.PoolingHttpClientConnectionManager -- Connection released: [id: 78][route: {}->http://localhost:3000][total available: 1; route allocated: 1 of 5; total allocated: 1 of 10]
16:18:54.726 [pool-2-thread-7] DEBUG org.apache.http.impl.conn.PoolingHttpClientConnectionManager -- Connection manager is shutting down
16:18:54.726 [pool-2-thread-4] DEBUG org.apache.http.headers -- http-outgoing-77 << HTTP/1.1 200 OK
16:18:54.726 [pool-2-thread-4] DEBUG org.apache.http.headers -- http-outgoing-77 << X-Powered-By: Express
16:18:54.726 [pool-2-thread-7] DEBUG org.apache.http.impl.conn.DefaultManagedHttpClientConnection -- http-outgoing-78: Close connection
16:18:54.726 [pool-2-thread-4] DEBUG org.apache.http.headers -- http-outgoing-77 << Access-Control-Allow-Origin: *
16:18:54.726 [pool-2-thread-4] DEBUG org.apache.http.headers -- http-outgoing-77 << Content-Type: application/json; charset=utf-8
16:18:54.726 [pool-2-thread-4] DEBUG org.apache.http.headers -- http-outgoing-77 << Content-Length: 608
16:18:54.726 [pool-2-thread-4] DEBUG org.apache.http.headers -- http-outgoing-77 << ETag: W/"260-Ee7wa9ktEJvAfRxtBbStSpyJUnw"
16:18:54.726 [pool-2-thread-4] DEBUG org.apache.http.headers -- http-outgoing-77 << Date: Tue, 24 Jun 2025 09:18:54 GMT
16:18:54.726 [pool-2-thread-4] DEBUG org.apache.http.headers -- http-outgoing-77 << Connection: keep-alive
16:18:54.726 [pool-2-thread-4] DEBUG org.apache.http.headers -- http-outgoing-77 << Keep-Alive: timeout=5
16:18:54.726 [pool-2-thread-4] DEBUG org.apache.http.impl.execchain.MainClientExec -- Connection can be kept alive for 5000 MILLISECONDS
16:18:54.726 [pool-2-thread-7] DEBUG org.apache.http.impl.conn.PoolingHttpClientConnectionManager -- Connection manager shut down
16:18:54.726 [pool-2-thread-4] DEBUG org.apache.http.impl.conn.PoolingHttpClientConnectionManager -- Connection [id: 76][route: {}->http://localhost:3000] can be kept alive for 5.0 seconds
16:18:54.726 [pool-2-thread-4] DEBUG org.apache.http.impl.conn.DefaultManagedHttpClientConnection -- http-outgoing-77: set socket timeout to 0
16:18:54.726 [pool-2-thread-4] DEBUG org.apache.http.impl.conn.PoolingHttpClientConnectionManager -- Connection released: [id: 76][route: {}->http://localhost:3000][total available: 1; route allocated: 1 of 5; total allocated: 1 of 10]
16:18:54.726 [pool-2-thread-4] DEBUG org.apache.http.impl.conn.PoolingHttpClientConnectionManager -- Connection manager is shutting down
16:18:54.726 [pool-2-thread-4] DEBUG org.apache.http.impl.conn.DefaultManagedHttpClientConnection -- http-outgoing-77: Close connection
16:18:54.726 [pool-2-thread-7] DEBUG com.intuit.karate -- response time in milliseconds: 918
8 < 200
8 < X-Powered-By: Express
8 < Access-Control-Allow-Origin: *
8 < Content-Type: application/json; charset=utf-8
8 < Content-Length: 605
8 < ETag: W/"25d-/8RJh5ky1wqsFxIu/kAGSJaaigU"
8 < Date: Tue, 24 Jun 2025 09:18:54 GMT
8 < Connection: keep-alive
8 < Keep-Alive: timeout=5
{"access_token":"eyJhbGciOiJIUzI1NiIsInR5cCI6IkpXVCJ9.eyJzdWIiOiI2NTBjZTFlZC1hYWNhLTQzOGYtOTk4OC0xZjA1OGFiNWFhMWEiLCJ1c2VybmFtZSI6ImpvaG5kb2UyNSIsInJvbGUiOjAsImlhdCI6MTc1MDc1NjczNCwiZXhwIjoxNzUwNzYwMzM0fQ.s-CXQFFugvJfW0PEQ-BgqAyzybjpbiijSIGO9nYYNzo","refresh_token":"930d5e7b0b69894a55ee503cbe4251d42cdc7da08ebd32933dbf7a50baa1988b","user":{"id":"650ce1ed-aaca-438f-9988-1f058ab5aa1a","email":"testit3@gmail.com","username":"johndoe25","name":"John Doe","phoneNumber":"0123456713","profilePic":null,"bio":null,"private":false,"verified":false,"role":0,"followersCount":0,"followingCount":0,"postCount":0}}

16:18:54.726 [pool-2-thread-4] DEBUG org.apache.http.impl.conn.PoolingHttpClientConnectionManager -- Connection manager shut down
16:18:54.727 [pool-2-thread-4] DEBUG com.intuit.karate -- response time in milliseconds: 947
8 < 200
8 < X-Powered-By: Express
8 < Access-Control-Allow-Origin: *
8 < Content-Type: application/json; charset=utf-8
8 < Content-Length: 608
8 < ETag: W/"260-Ee7wa9ktEJvAfRxtBbStSpyJUnw"
8 < Date: Tue, 24 Jun 2025 09:18:54 GMT
8 < Connection: keep-alive
8 < Keep-Alive: timeout=5
{"access_token":"eyJhbGciOiJIUzI1NiIsInR5cCI6IkpXVCJ9.eyJzdWIiOiI4YTI0NzQ2MS01YzA0LTQyMWQtOThmNS1mYTljNzM0ZmFlYTUiLCJ1c2VybmFtZSI6ImphbmVzbWl0aCIsInJvbGUiOjAsImlhdCI6MTc1MDc1NjczNCwiZXhwIjoxNzUwNzYwMzM0fQ.3egnvyceyuAzvh0O51E1YimNbxm_ukcP_PjOtgMQuSY","refresh_token":"dcd841a3d89a748e8fd9984c33226fa0b7feb20e3e8725dee5cc501185cec454","user":{"id":"8a247461-5c04-421d-98f5-fa9c734faea5","email":"test2@example.com","username":"janesmith","name":"Jane Smith","phoneNumber":"01234567890","profilePic":null,"bio":null,"private":false,"verified":false,"role":0,"followersCount":0,"followingCount":0,"postCount":0}}

16:18:54.727 [pool-2-thread-3] DEBUG org.apache.http.client.protocol.RequestAddCookies -- CookieSpec selected: karate
16:18:54.727 [pool-2-thread-3] DEBUG org.apache.http.client.protocol.RequestAuthCache -- Auth cache not set in the context
16:18:54.727 [pool-2-thread-3] DEBUG com.intuit.karate -- request:
9 > POST http://localhost:3000/auth/login
9 > Content-Type: application/json; charset=UTF-8
9 > Content-Length: 53
9 > Host: localhost:3000
9 > Connection: Keep-Alive
9 > User-Agent: Apache-HttpClient/4.5.14 (Java/17.0.9)
9 > Accept-Encoding: gzip,deflate
{"email":"test@example.com","password":"Password123"}

16:18:54.727 [pool-2-thread-3] DEBUG org.apache.http.impl.conn.PoolingHttpClientConnectionManager -- Connection request: [route: {}->http://localhost:3000][total available: 0; route allocated: 0 of 5; total allocated: 0 of 10]
16:18:54.728 [pool-2-thread-3] DEBUG org.apache.http.impl.conn.PoolingHttpClientConnectionManager -- Connection leased: [id: 86][route: {}->http://localhost:3000][total available: 0; route allocated: 1 of 5; total allocated: 1 of 10]
16:18:54.728 [pool-2-thread-3] DEBUG org.apache.http.impl.execchain.MainClientExec -- Opening connection {}->http://localhost:3000
16:18:54.728 [pool-2-thread-3] DEBUG org.apache.http.impl.conn.DefaultHttpClientConnectionOperator -- Connecting to localhost/127.0.0.1:3000
16:18:54.729 [pool-2-thread-3] DEBUG org.apache.http.impl.conn.DefaultHttpClientConnectionOperator -- Connection established 127.0.0.1:51360<->127.0.0.1:3000
16:18:54.729 [pool-2-thread-3] DEBUG org.apache.http.impl.conn.DefaultManagedHttpClientConnection -- http-outgoing-86: set socket timeout to 30000
16:18:54.729 [pool-2-thread-3] DEBUG org.apache.http.impl.execchain.MainClientExec -- Executing request POST /auth/login HTTP/1.1
16:18:54.729 [pool-2-thread-3] DEBUG org.apache.http.impl.execchain.MainClientExec -- Target auth state: UNCHALLENGED
16:18:54.729 [pool-2-thread-3] DEBUG org.apache.http.impl.execchain.MainClientExec -- Proxy auth state: UNCHALLENGED
16:18:54.729 [pool-2-thread-3] DEBUG org.apache.http.headers -- http-outgoing-86 >> POST /auth/login HTTP/1.1
16:18:54.729 [pool-2-thread-3] DEBUG org.apache.http.headers -- http-outgoing-86 >> Content-Type: application/json; charset=UTF-8
16:18:54.729 [pool-2-thread-3] DEBUG org.apache.http.headers -- http-outgoing-86 >> Content-Length: 53
16:18:54.729 [pool-2-thread-3] DEBUG org.apache.http.headers -- http-outgoing-86 >> Host: localhost:3000
16:18:54.729 [pool-2-thread-3] DEBUG org.apache.http.headers -- http-outgoing-86 >> Connection: Keep-Alive
16:18:54.729 [pool-2-thread-3] DEBUG org.apache.http.headers -- http-outgoing-86 >> User-Agent: Apache-HttpClient/4.5.14 (Java/17.0.9)
16:18:54.729 [pool-2-thread-3] DEBUG org.apache.http.headers -- http-outgoing-86 >> Accept-Encoding: gzip,deflate
16:18:54.729 [pool-2-thread-3] DEBUG org.apache.http.wire -- http-outgoing-86 >> "POST /auth/login HTTP/1.1[\r][\n]"
16:18:54.729 [pool-2-thread-3] DEBUG org.apache.http.wire -- http-outgoing-86 >> "Content-Type: application/json; charset=UTF-8[\r][\n]"
16:18:54.729 [pool-2-thread-3] DEBUG org.apache.http.wire -- http-outgoing-86 >> "Content-Length: 53[\r][\n]"
16:18:54.729 [pool-2-thread-3] DEBUG org.apache.http.wire -- http-outgoing-86 >> "Host: localhost:3000[\r][\n]"
16:18:54.729 [pool-2-thread-3] DEBUG org.apache.http.wire -- http-outgoing-86 >> "Connection: Keep-Alive[\r][\n]"
16:18:54.729 [pool-2-thread-3] DEBUG org.apache.http.wire -- http-outgoing-86 >> "User-Agent: Apache-HttpClient/4.5.14 (Java/17.0.9)[\r][\n]"
16:18:54.729 [pool-2-thread-3] DEBUG org.apache.http.wire -- http-outgoing-86 >> "Accept-Encoding: gzip,deflate[\r][\n]"
16:18:54.729 [pool-2-thread-7] INFO com.intuit.karate -- [print] Call 8 completed, status: 200 
16:18:54.729 [pool-2-thread-4] INFO com.intuit.karate -- [print] Call 8 completed, status: 200 
16:18:54.729 [pool-2-thread-3] DEBUG org.apache.http.wire -- http-outgoing-86 >> "[\r][\n]"
16:18:54.729 [pool-2-thread-3] DEBUG org.apache.http.wire -- http-outgoing-86 >> "{"email":"test@example.com","password":"Password123"}"
16:18:54.729 [pool-2-thread-4] INFO com.intuit.karate -- [print] *** API CALL 9 *** 
16:18:54.729 [pool-2-thread-7] INFO com.intuit.karate -- [print] *** API CALL 9 *** 
16:18:54.731 [pool-2-thread-7] DEBUG org.apache.http.client.protocol.RequestAddCookies -- CookieSpec selected: karate
16:18:54.731 [pool-2-thread-4] DEBUG org.apache.http.client.protocol.RequestAddCookies -- CookieSpec selected: karate
16:18:54.731 [pool-2-thread-7] DEBUG org.apache.http.client.protocol.RequestAuthCache -- Auth cache not set in the context
16:18:54.731 [pool-2-thread-4] DEBUG org.apache.http.client.protocol.RequestAuthCache -- Auth cache not set in the context
16:18:54.731 [pool-2-thread-7] DEBUG com.intuit.karate -- request:
9 > POST http://localhost:3000/auth/login
9 > Content-Type: application/json; charset=UTF-8
9 > Content-Length: 54
9 > Host: localhost:3000
9 > Connection: Keep-Alive
9 > User-Agent: Apache-HttpClient/4.5.14 (Java/17.0.9)
9 > Accept-Encoding: gzip,deflate
{"email":"testit3@gmail.com","password":"Password123"}

16:18:54.731 [pool-2-thread-4] DEBUG com.intuit.karate -- request:
9 > POST http://localhost:3000/auth/login
9 > Content-Type: application/json; charset=UTF-8
9 > Content-Length: 54
9 > Host: localhost:3000
9 > Connection: Keep-Alive
9 > User-Agent: Apache-HttpClient/4.5.14 (Java/17.0.9)
9 > Accept-Encoding: gzip,deflate
{"email":"test2@example.com","password":"Password123"}

16:18:54.731 [pool-2-thread-7] DEBUG org.apache.http.impl.conn.PoolingHttpClientConnectionManager -- Connection request: [route: {}->http://localhost:3000][total available: 0; route allocated: 0 of 5; total allocated: 0 of 10]
16:18:54.731 [pool-2-thread-4] DEBUG org.apache.http.impl.conn.PoolingHttpClientConnectionManager -- Connection request: [route: {}->http://localhost:3000][total available: 0; route allocated: 0 of 5; total allocated: 0 of 10]
16:18:54.731 [pool-2-thread-8] DEBUG org.apache.http.wire -- http-outgoing-79 << "HTTP/1.1 200 OK[\r][\n]"
16:18:54.731 [pool-2-thread-8] DEBUG org.apache.http.wire -- http-outgoing-79 << "X-Powered-By: Express[\r][\n]"
16:18:54.731 [pool-2-thread-8] DEBUG org.apache.http.wire -- http-outgoing-79 << "Access-Control-Allow-Origin: *[\r][\n]"
16:18:54.731 [pool-2-thread-8] DEBUG org.apache.http.wire -- http-outgoing-79 << "Content-Type: application/json; charset=utf-8[\r][\n]"
16:18:54.731 [pool-2-thread-8] DEBUG org.apache.http.wire -- http-outgoing-79 << "Content-Length: 609[\r][\n]"
16:18:54.731 [pool-2-thread-8] DEBUG org.apache.http.wire -- http-outgoing-79 << "ETag: W/"261-HTcTs2jGaDxHaJowOuQtObOJJfk"[\r][\n]"
16:18:54.731 [pool-2-thread-8] DEBUG org.apache.http.wire -- http-outgoing-79 << "Date: Tue, 24 Jun 2025 09:18:54 GMT[\r][\n]"
16:18:54.731 [pool-2-thread-8] DEBUG org.apache.http.wire -- http-outgoing-79 << "Connection: keep-alive[\r][\n]"
16:18:54.731 [pool-2-thread-8] DEBUG org.apache.http.wire -- http-outgoing-79 << "Keep-Alive: timeout=5[\r][\n]"
16:18:54.731 [pool-2-thread-8] DEBUG org.apache.http.wire -- http-outgoing-79 << "[\r][\n]"
16:18:54.731 [pool-2-thread-7] DEBUG org.apache.http.impl.conn.PoolingHttpClientConnectionManager -- Connection leased: [id: 88][route: {}->http://localhost:3000][total available: 0; route allocated: 1 of 5; total allocated: 1 of 10]
16:18:54.731 [pool-2-thread-8] DEBUG org.apache.http.wire -- http-outgoing-79 << "{"access_token":"eyJhbGciOiJIUzI1NiIsInR5cCI6IkpXVCJ9.eyJzdWIiOiIyNzJmNmI1NS01MTc5LTRhZTMtODU2My1iNGVjMTBmNzY3MTUiLCJ1c2VybmFtZSI6ImpvaG5kb2UyZDVkIiwicm9sZSI6MCwiaWF0IjoxNzUwNzU2NzM0LCJleHAiOjE3NTA3NjAzMzR9.oouG5HVk4GHfkReiGMqy8ZZM_DLepQz8RG3ir02QZH0","refresh_token":"d312aa04a0e1fdbe658c85e494c673cd80112941a59badf8f381b30d1e18b677","user":{"id":"272f6b55-5179-4ae3-8563-b4ec10f76715","email":"testit5@gmail.com","username":"johndoe2d5d","name":"John Doe","phoneNumber":"0123456132","profilePic":null,"bio":null,"private":false,"verified":false,"role":0,"followersCount":0,"followingCount":0,"postCount":0}}"
16:18:54.731 [pool-2-thread-4] DEBUG org.apache.http.impl.conn.PoolingHttpClientConnectionManager -- Connection leased: [id: 87][route: {}->http://localhost:3000][total available: 0; route allocated: 1 of 5; total allocated: 1 of 10]
16:18:54.731 [pool-2-thread-7] DEBUG org.apache.http.impl.execchain.MainClientExec -- Opening connection {}->http://localhost:3000
16:18:54.731 [pool-2-thread-4] DEBUG org.apache.http.impl.execchain.MainClientExec -- Opening connection {}->http://localhost:3000
16:18:54.731 [pool-2-thread-8] DEBUG org.apache.http.headers -- http-outgoing-79 << HTTP/1.1 200 OK
16:18:54.731 [pool-2-thread-8] DEBUG org.apache.http.headers -- http-outgoing-79 << X-Powered-By: Express
16:18:54.731 [pool-2-thread-8] DEBUG org.apache.http.headers -- http-outgoing-79 << Access-Control-Allow-Origin: *
16:18:54.731 [pool-2-thread-8] DEBUG org.apache.http.headers -- http-outgoing-79 << Content-Type: application/json; charset=utf-8
16:18:54.731 [pool-2-thread-8] DEBUG org.apache.http.headers -- http-outgoing-79 << Content-Length: 609
16:18:54.731 [pool-2-thread-8] DEBUG org.apache.http.headers -- http-outgoing-79 << ETag: W/"261-HTcTs2jGaDxHaJowOuQtObOJJfk"
16:18:54.731 [pool-2-thread-8] DEBUG org.apache.http.headers -- http-outgoing-79 << Date: Tue, 24 Jun 2025 09:18:54 GMT
16:18:54.731 [pool-2-thread-8] DEBUG org.apache.http.headers -- http-outgoing-79 << Connection: keep-alive
16:18:54.731 [pool-2-thread-8] DEBUG org.apache.http.headers -- http-outgoing-79 << Keep-Alive: timeout=5
16:18:54.731 [pool-2-thread-8] DEBUG org.apache.http.impl.execchain.MainClientExec -- Connection can be kept alive for 5000 MILLISECONDS
16:18:54.731 [pool-2-thread-4] DEBUG org.apache.http.impl.conn.DefaultHttpClientConnectionOperator -- Connecting to localhost/127.0.0.1:3000
16:18:54.731 [pool-2-thread-7] DEBUG org.apache.http.impl.conn.DefaultHttpClientConnectionOperator -- Connecting to localhost/127.0.0.1:3000
16:18:54.731 [pool-2-thread-8] DEBUG org.apache.http.impl.conn.PoolingHttpClientConnectionManager -- Connection [id: 79][route: {}->http://localhost:3000] can be kept alive for 5.0 seconds
16:18:54.731 [pool-2-thread-8] DEBUG org.apache.http.impl.conn.DefaultManagedHttpClientConnection -- http-outgoing-79: set socket timeout to 0
16:18:54.731 [pool-2-thread-8] DEBUG org.apache.http.impl.conn.PoolingHttpClientConnectionManager -- Connection released: [id: 79][route: {}->http://localhost:3000][total available: 1; route allocated: 1 of 5; total allocated: 1 of 10]
16:18:54.731 [pool-2-thread-8] DEBUG org.apache.http.impl.conn.PoolingHttpClientConnectionManager -- Connection manager is shutting down
16:18:54.731 [pool-2-thread-8] DEBUG org.apache.http.impl.conn.DefaultManagedHttpClientConnection -- http-outgoing-79: Close connection
16:18:54.732 [pool-2-thread-8] DEBUG org.apache.http.impl.conn.PoolingHttpClientConnectionManager -- Connection manager shut down
16:18:54.732 [pool-2-thread-8] DEBUG com.intuit.karate -- response time in milliseconds: 920
8 < 200
8 < X-Powered-By: Express
8 < Access-Control-Allow-Origin: *
8 < Content-Type: application/json; charset=utf-8
8 < Content-Length: 609
8 < ETag: W/"261-HTcTs2jGaDxHaJowOuQtObOJJfk"
8 < Date: Tue, 24 Jun 2025 09:18:54 GMT
8 < Connection: keep-alive
8 < Keep-Alive: timeout=5
{"access_token":"eyJhbGciOiJIUzI1NiIsInR5cCI6IkpXVCJ9.eyJzdWIiOiIyNzJmNmI1NS01MTc5LTRhZTMtODU2My1iNGVjMTBmNzY3MTUiLCJ1c2VybmFtZSI6ImpvaG5kb2UyZDVkIiwicm9sZSI6MCwiaWF0IjoxNzUwNzU2NzM0LCJleHAiOjE3NTA3NjAzMzR9.oouG5HVk4GHfkReiGMqy8ZZM_DLepQz8RG3ir02QZH0","refresh_token":"d312aa04a0e1fdbe658c85e494c673cd80112941a59badf8f381b30d1e18b677","user":{"id":"272f6b55-5179-4ae3-8563-b4ec10f76715","email":"testit5@gmail.com","username":"johndoe2d5d","name":"John Doe","phoneNumber":"0123456132","profilePic":null,"bio":null,"private":false,"verified":false,"role":0,"followersCount":0,"followingCount":0,"postCount":0}}

16:18:54.732 [pool-2-thread-4] DEBUG org.apache.http.impl.conn.DefaultHttpClientConnectionOperator -- Connection established 127.0.0.1:51361<->127.0.0.1:3000
16:18:54.732 [pool-2-thread-7] DEBUG org.apache.http.impl.conn.DefaultHttpClientConnectionOperator -- Connection established 127.0.0.1:51362<->127.0.0.1:3000
16:18:54.732 [pool-2-thread-7] DEBUG org.apache.http.impl.conn.DefaultManagedHttpClientConnection -- http-outgoing-88: set socket timeout to 30000
16:18:54.732 [pool-2-thread-4] DEBUG org.apache.http.impl.conn.DefaultManagedHttpClientConnection -- http-outgoing-87: set socket timeout to 30000
16:18:54.732 [pool-2-thread-7] DEBUG org.apache.http.impl.execchain.MainClientExec -- Executing request POST /auth/login HTTP/1.1
16:18:54.732 [pool-2-thread-7] DEBUG org.apache.http.impl.execchain.MainClientExec -- Target auth state: UNCHALLENGED
16:18:54.732 [pool-2-thread-7] DEBUG org.apache.http.impl.execchain.MainClientExec -- Proxy auth state: UNCHALLENGED
16:18:54.732 [pool-2-thread-7] DEBUG org.apache.http.headers -- http-outgoing-88 >> POST /auth/login HTTP/1.1
16:18:54.732 [pool-2-thread-7] DEBUG org.apache.http.headers -- http-outgoing-88 >> Content-Type: application/json; charset=UTF-8
16:18:54.732 [pool-2-thread-7] DEBUG org.apache.http.headers -- http-outgoing-88 >> Content-Length: 54
16:18:54.732 [pool-2-thread-7] DEBUG org.apache.http.headers -- http-outgoing-88 >> Host: localhost:3000
16:18:54.732 [pool-2-thread-7] DEBUG org.apache.http.headers -- http-outgoing-88 >> Connection: Keep-Alive
16:18:54.732 [pool-2-thread-7] DEBUG org.apache.http.headers -- http-outgoing-88 >> User-Agent: Apache-HttpClient/4.5.14 (Java/17.0.9)
16:18:54.732 [pool-2-thread-7] DEBUG org.apache.http.headers -- http-outgoing-88 >> Accept-Encoding: gzip,deflate
16:18:54.732 [pool-2-thread-7] DEBUG org.apache.http.wire -- http-outgoing-88 >> "POST /auth/login HTTP/1.1[\r][\n]"
16:18:54.732 [pool-2-thread-7] DEBUG org.apache.http.wire -- http-outgoing-88 >> "Content-Type: application/json; charset=UTF-8[\r][\n]"
16:18:54.732 [pool-2-thread-7] DEBUG org.apache.http.wire -- http-outgoing-88 >> "Content-Length: 54[\r][\n]"
16:18:54.732 [pool-2-thread-7] DEBUG org.apache.http.wire -- http-outgoing-88 >> "Host: localhost:3000[\r][\n]"
16:18:54.732 [pool-2-thread-7] DEBUG org.apache.http.wire -- http-outgoing-88 >> "Connection: Keep-Alive[\r][\n]"
16:18:54.732 [pool-2-thread-4] DEBUG org.apache.http.impl.execchain.MainClientExec -- Executing request POST /auth/login HTTP/1.1
16:18:54.732 [pool-2-thread-4] DEBUG org.apache.http.impl.execchain.MainClientExec -- Target auth state: UNCHALLENGED
16:18:54.732 [pool-2-thread-4] DEBUG org.apache.http.impl.execchain.MainClientExec -- Proxy auth state: UNCHALLENGED
16:18:54.732 [pool-2-thread-4] DEBUG org.apache.http.headers -- http-outgoing-87 >> POST /auth/login HTTP/1.1
16:18:54.732 [pool-2-thread-4] DEBUG org.apache.http.headers -- http-outgoing-87 >> Content-Type: application/json; charset=UTF-8
16:18:54.732 [pool-2-thread-4] DEBUG org.apache.http.headers -- http-outgoing-87 >> Content-Length: 54
16:18:54.732 [pool-2-thread-4] DEBUG org.apache.http.headers -- http-outgoing-87 >> Host: localhost:3000
16:18:54.732 [pool-2-thread-4] DEBUG org.apache.http.headers -- http-outgoing-87 >> Connection: Keep-Alive
16:18:54.732 [pool-2-thread-4] DEBUG org.apache.http.headers -- http-outgoing-87 >> User-Agent: Apache-HttpClient/4.5.14 (Java/17.0.9)
16:18:54.732 [pool-2-thread-4] DEBUG org.apache.http.headers -- http-outgoing-87 >> Accept-Encoding: gzip,deflate
16:18:54.732 [pool-2-thread-4] DEBUG org.apache.http.wire -- http-outgoing-87 >> "POST /auth/login HTTP/1.1[\r][\n]"
16:18:54.732 [pool-2-thread-4] DEBUG org.apache.http.wire -- http-outgoing-87 >> "Content-Type: application/json; charset=UTF-8[\r][\n]"
16:18:54.732 [pool-2-thread-4] DEBUG org.apache.http.wire -- http-outgoing-87 >> "Content-Length: 54[\r][\n]"
16:18:54.732 [pool-2-thread-4] DEBUG org.apache.http.wire -- http-outgoing-87 >> "Host: localhost:3000[\r][\n]"
16:18:54.732 [pool-2-thread-4] DEBUG org.apache.http.wire -- http-outgoing-87 >> "Connection: Keep-Alive[\r][\n]"
16:18:54.732 [pool-2-thread-4] DEBUG org.apache.http.wire -- http-outgoing-87 >> "User-Agent: Apache-HttpClient/4.5.14 (Java/17.0.9)[\r][\n]"
16:18:54.732 [pool-2-thread-4] DEBUG org.apache.http.wire -- http-outgoing-87 >> "Accept-Encoding: gzip,deflate[\r][\n]"
16:18:54.732 [pool-2-thread-4] DEBUG org.apache.http.wire -- http-outgoing-87 >> "[\r][\n]"
16:18:54.732 [pool-2-thread-4] DEBUG org.apache.http.wire -- http-outgoing-87 >> "{"email":"test2@example.com","password":"Password123"}"
16:18:54.732 [pool-2-thread-7] DEBUG org.apache.http.wire -- http-outgoing-88 >> "User-Agent: Apache-HttpClient/4.5.14 (Java/17.0.9)[\r][\n]"
16:18:54.733 [pool-2-thread-7] DEBUG org.apache.http.wire -- http-outgoing-88 >> "Accept-Encoding: gzip,deflate[\r][\n]"
16:18:54.733 [pool-2-thread-7] DEBUG org.apache.http.wire -- http-outgoing-88 >> "[\r][\n]"
16:18:54.733 [pool-2-thread-7] DEBUG org.apache.http.wire -- http-outgoing-88 >> "{"email":"testit3@gmail.com","password":"Password123"}"
16:18:54.733 [pool-2-thread-8] INFO com.intuit.karate -- [print] Call 8 completed, status: 200 
16:18:54.735 [pool-2-thread-8] INFO com.intuit.karate -- [print] *** API CALL 9 *** 
16:18:54.737 [pool-2-thread-8] DEBUG org.apache.http.client.protocol.RequestAddCookies -- CookieSpec selected: karate
16:18:54.738 [pool-2-thread-8] DEBUG org.apache.http.client.protocol.RequestAuthCache -- Auth cache not set in the context
16:18:54.738 [pool-2-thread-8] DEBUG com.intuit.karate -- request:
9 > POST http://localhost:3000/auth/login
9 > Content-Type: application/json; charset=UTF-8
9 > Content-Length: 54
9 > Host: localhost:3000
9 > Connection: Keep-Alive
9 > User-Agent: Apache-HttpClient/4.5.14 (Java/17.0.9)
9 > Accept-Encoding: gzip,deflate
{"email":"testit5@gmail.com","password":"Password123"}

16:18:54.738 [pool-2-thread-8] DEBUG org.apache.http.impl.conn.PoolingHttpClientConnectionManager -- Connection request: [route: {}->http://localhost:3000][total available: 0; route allocated: 0 of 5; total allocated: 0 of 10]
16:18:54.738 [pool-2-thread-8] DEBUG org.apache.http.impl.conn.PoolingHttpClientConnectionManager -- Connection leased: [id: 89][route: {}->http://localhost:3000][total available: 0; route allocated: 1 of 5; total allocated: 1 of 10]
16:18:54.738 [pool-2-thread-8] DEBUG org.apache.http.impl.execchain.MainClientExec -- Opening connection {}->http://localhost:3000
16:18:54.738 [pool-2-thread-8] DEBUG org.apache.http.impl.conn.DefaultHttpClientConnectionOperator -- Connecting to localhost/127.0.0.1:3000
16:18:54.739 [pool-2-thread-8] DEBUG org.apache.http.impl.conn.DefaultHttpClientConnectionOperator -- Connection established 127.0.0.1:51363<->127.0.0.1:3000
16:18:54.739 [pool-2-thread-8] DEBUG org.apache.http.impl.conn.DefaultManagedHttpClientConnection -- http-outgoing-89: set socket timeout to 30000
16:18:54.739 [pool-2-thread-8] DEBUG org.apache.http.impl.execchain.MainClientExec -- Executing request POST /auth/login HTTP/1.1
16:18:54.739 [pool-2-thread-8] DEBUG org.apache.http.impl.execchain.MainClientExec -- Target auth state: UNCHALLENGED
16:18:54.739 [pool-2-thread-8] DEBUG org.apache.http.impl.execchain.MainClientExec -- Proxy auth state: UNCHALLENGED
16:18:54.739 [pool-2-thread-8] DEBUG org.apache.http.headers -- http-outgoing-89 >> POST /auth/login HTTP/1.1
16:18:54.739 [pool-2-thread-8] DEBUG org.apache.http.headers -- http-outgoing-89 >> Content-Type: application/json; charset=UTF-8
16:18:54.739 [pool-2-thread-8] DEBUG org.apache.http.headers -- http-outgoing-89 >> Content-Length: 54
16:18:54.739 [pool-2-thread-8] DEBUG org.apache.http.headers -- http-outgoing-89 >> Host: localhost:3000
16:18:54.739 [pool-2-thread-8] DEBUG org.apache.http.headers -- http-outgoing-89 >> Connection: Keep-Alive
16:18:54.739 [pool-2-thread-8] DEBUG org.apache.http.headers -- http-outgoing-89 >> User-Agent: Apache-HttpClient/4.5.14 (Java/17.0.9)
16:18:54.739 [pool-2-thread-8] DEBUG org.apache.http.headers -- http-outgoing-89 >> Accept-Encoding: gzip,deflate
16:18:54.739 [pool-2-thread-8] DEBUG org.apache.http.wire -- http-outgoing-89 >> "POST /auth/login HTTP/1.1[\r][\n]"
16:18:54.739 [pool-2-thread-8] DEBUG org.apache.http.wire -- http-outgoing-89 >> "Content-Type: application/json; charset=UTF-8[\r][\n]"
16:18:54.739 [pool-2-thread-8] DEBUG org.apache.http.wire -- http-outgoing-89 >> "Content-Length: 54[\r][\n]"
16:18:54.739 [pool-2-thread-8] DEBUG org.apache.http.wire -- http-outgoing-89 >> "Host: localhost:3000[\r][\n]"
16:18:54.739 [pool-2-thread-8] DEBUG org.apache.http.wire -- http-outgoing-89 >> "Connection: Keep-Alive[\r][\n]"
16:18:54.739 [pool-2-thread-8] DEBUG org.apache.http.wire -- http-outgoing-89 >> "User-Agent: Apache-HttpClient/4.5.14 (Java/17.0.9)[\r][\n]"
16:18:54.739 [pool-2-thread-8] DEBUG org.apache.http.wire -- http-outgoing-89 >> "Accept-Encoding: gzip,deflate[\r][\n]"
16:18:54.739 [pool-2-thread-8] DEBUG org.apache.http.wire -- http-outgoing-89 >> "[\r][\n]"
16:18:54.739 [pool-2-thread-8] DEBUG org.apache.http.wire -- http-outgoing-89 >> "{"email":"testit5@gmail.com","password":"Password123"}"
16:18:54.800 [pool-2-thread-5] DEBUG org.apache.http.wire -- http-outgoing-80 << "HTTP/1.1 200 OK[\r][\n]"
16:18:54.800 [pool-2-thread-5] DEBUG org.apache.http.wire -- http-outgoing-80 << "X-Powered-By: Express[\r][\n]"
16:18:54.800 [pool-2-thread-5] DEBUG org.apache.http.wire -- http-outgoing-80 << "Access-Control-Allow-Origin: *[\r][\n]"
16:18:54.800 [pool-2-thread-5] DEBUG org.apache.http.wire -- http-outgoing-80 << "Content-Type: application/json; charset=utf-8[\r][\n]"
16:18:54.800 [pool-2-thread-5] DEBUG org.apache.http.wire -- http-outgoing-80 << "Content-Length: 607[\r][\n]"
16:18:54.800 [pool-2-thread-5] DEBUG org.apache.http.wire -- http-outgoing-80 << "ETag: W/"25f-hBIFZWuihnatCNqlhxN0Aq6yksY"[\r][\n]"
16:18:54.800 [pool-2-thread-5] DEBUG org.apache.http.wire -- http-outgoing-80 << "Date: Tue, 24 Jun 2025 09:18:54 GMT[\r][\n]"
16:18:54.800 [pool-2-thread-5] DEBUG org.apache.http.wire -- http-outgoing-80 << "Connection: keep-alive[\r][\n]"
16:18:54.800 [pool-2-thread-5] DEBUG org.apache.http.wire -- http-outgoing-80 << "Keep-Alive: timeout=5[\r][\n]"
16:18:54.800 [pool-2-thread-5] DEBUG org.apache.http.wire -- http-outgoing-80 << "[\r][\n]"
16:18:54.800 [pool-2-thread-5] DEBUG org.apache.http.wire -- http-outgoing-80 << "{"access_token":"eyJhbGciOiJIUzI1NiIsInR5cCI6IkpXVCJ9.eyJzdWIiOiJjMjE0MjJkZi1jY2VjLTQ0MGUtOWE0Mi1jMWI4MmFiZjczM2QiLCJ1c2VybmFtZSI6ImpvaG5kb2UyOCIsInJvbGUiOjAsImlhdCI6MTc1MDc1NjczNCwiZXhwIjoxNzUwNzYwMzM0fQ.2JvwkwEN6n18XFUjVUpFY52TvTONFZxvdMjhhqTXNwU","refresh_token":"09795c0e50f658b79688c8ded91a1956abd6960a79af668a4e4169ed4fcef9b1","user":{"id":"c21422df-ccec-440e-9a42-c1b82abf733d","email":"test28@example.com","username":"johndoe28","name":"John Doe","phoneNumber":"84987654321","profilePic":null,"bio":null,"private":false,"verified":false,"role":0,"followersCount":0,"followingCount":0,"postCount":0}}"
16:18:54.800 [pool-2-thread-5] DEBUG org.apache.http.headers -- http-outgoing-80 << HTTP/1.1 200 OK
16:18:54.800 [pool-2-thread-5] DEBUG org.apache.http.headers -- http-outgoing-80 << X-Powered-By: Express
16:18:54.800 [pool-2-thread-5] DEBUG org.apache.http.headers -- http-outgoing-80 << Access-Control-Allow-Origin: *
16:18:54.800 [pool-2-thread-5] DEBUG org.apache.http.headers -- http-outgoing-80 << Content-Type: application/json; charset=utf-8
16:18:54.800 [pool-2-thread-5] DEBUG org.apache.http.headers -- http-outgoing-80 << Content-Length: 607
16:18:54.800 [pool-2-thread-5] DEBUG org.apache.http.headers -- http-outgoing-80 << ETag: W/"25f-hBIFZWuihnatCNqlhxN0Aq6yksY"
16:18:54.800 [pool-2-thread-5] DEBUG org.apache.http.headers -- http-outgoing-80 << Date: Tue, 24 Jun 2025 09:18:54 GMT
16:18:54.800 [pool-2-thread-5] DEBUG org.apache.http.headers -- http-outgoing-80 << Connection: keep-alive
16:18:54.800 [pool-2-thread-5] DEBUG org.apache.http.headers -- http-outgoing-80 << Keep-Alive: timeout=5
16:18:54.800 [pool-2-thread-10] DEBUG org.apache.http.wire -- http-outgoing-81 << "HTTP/1.1 200 OK[\r][\n]"
16:18:54.800 [pool-2-thread-10] DEBUG org.apache.http.wire -- http-outgoing-81 << "X-Powered-By: Express[\r][\n]"
16:18:54.800 [pool-2-thread-10] DEBUG org.apache.http.wire -- http-outgoing-81 << "Access-Control-Allow-Origin: *[\r][\n]"
16:18:54.800 [pool-2-thread-10] DEBUG org.apache.http.wire -- http-outgoing-81 << "Content-Type: application/json; charset=utf-8[\r][\n]"
16:18:54.800 [pool-2-thread-10] DEBUG org.apache.http.wire -- http-outgoing-81 << "Content-Length: 605[\r][\n]"
16:18:54.800 [pool-2-thread-10] DEBUG org.apache.http.wire -- http-outgoing-81 << "ETag: W/"25d-CNUiwKWTiKLd2q31rU/6aGh/QBM"[\r][\n]"
16:18:54.800 [pool-2-thread-10] DEBUG org.apache.http.wire -- http-outgoing-81 << "Date: Tue, 24 Jun 2025 09:18:54 GMT[\r][\n]"
16:18:54.800 [pool-2-thread-10] DEBUG org.apache.http.wire -- http-outgoing-81 << "Connection: keep-alive[\r][\n]"
16:18:54.800 [pool-2-thread-10] DEBUG org.apache.http.wire -- http-outgoing-81 << "Keep-Alive: timeout=5[\r][\n]"
16:18:54.800 [pool-2-thread-10] DEBUG org.apache.http.wire -- http-outgoing-81 << "[\r][\n]"
16:18:54.800 [pool-2-thread-5] DEBUG org.apache.http.impl.execchain.MainClientExec -- Connection can be kept alive for 5000 MILLISECONDS
16:18:54.800 [pool-2-thread-10] DEBUG org.apache.http.wire -- http-outgoing-81 << "{"access_token":"eyJhbGciOiJIUzI1NiIsInR5cCI6IkpXVCJ9.eyJzdWIiOiIwYTM3ZWY0My1mZWU4LTQxZDMtYTY4Ni04YWIwODY5NDg2OTUiLCJ1c2VybmFtZSI6ImpvaG5kb2UyMSIsInJvbGUiOjAsImlhdCI6MTc1MDc1NjczNCwiZXhwIjoxNzUwNzYwMzM0fQ.R7ZCb1OWL_oE0PXvKlJ9O43R0wLWftyqadMIULhiP7Q","refresh_token":"901c56738f5f0e723f37dcb4b9a52c7e8d837b944b1b0dda15f8a03d2a028d7d","user":{"id":"0a37ef43-fee8-41d3-a686-8ab086948695","email":"testit2@gmail.com","username":"johndoe21","name":"John Doe","phoneNumber":"0123456712","profilePic":null,"bio":null,"private":false,"verified":false,"role":0,"followersCount":0,"followingCount":0,"postCount":0}}"
16:18:54.800 [pool-2-thread-10] DEBUG org.apache.http.headers -- http-outgoing-81 << HTTP/1.1 200 OK
16:18:54.800 [pool-2-thread-10] DEBUG org.apache.http.headers -- http-outgoing-81 << X-Powered-By: Express
16:18:54.800 [pool-2-thread-10] DEBUG org.apache.http.headers -- http-outgoing-81 << Access-Control-Allow-Origin: *
16:18:54.800 [pool-2-thread-10] DEBUG org.apache.http.headers -- http-outgoing-81 << Content-Type: application/json; charset=utf-8
16:18:54.800 [pool-2-thread-10] DEBUG org.apache.http.headers -- http-outgoing-81 << Content-Length: 605
16:18:54.800 [pool-2-thread-10] DEBUG org.apache.http.headers -- http-outgoing-81 << ETag: W/"25d-CNUiwKWTiKLd2q31rU/6aGh/QBM"
16:18:54.800 [pool-2-thread-10] DEBUG org.apache.http.headers -- http-outgoing-81 << Date: Tue, 24 Jun 2025 09:18:54 GMT
16:18:54.800 [pool-2-thread-10] DEBUG org.apache.http.headers -- http-outgoing-81 << Connection: keep-alive
16:18:54.800 [pool-2-thread-10] DEBUG org.apache.http.headers -- http-outgoing-81 << Keep-Alive: timeout=5
16:18:54.800 [pool-2-thread-5] DEBUG org.apache.http.impl.conn.PoolingHttpClientConnectionManager -- Connection [id: 80][route: {}->http://localhost:3000] can be kept alive for 5.0 seconds
16:18:54.800 [pool-2-thread-10] DEBUG org.apache.http.impl.execchain.MainClientExec -- Connection can be kept alive for 5000 MILLISECONDS
16:18:54.800 [pool-2-thread-5] DEBUG org.apache.http.impl.conn.DefaultManagedHttpClientConnection -- http-outgoing-80: set socket timeout to 0
16:18:54.800 [pool-2-thread-10] DEBUG org.apache.http.impl.conn.PoolingHttpClientConnectionManager -- Connection [id: 81][route: {}->http://localhost:3000] can be kept alive for 5.0 seconds
16:18:54.800 [pool-2-thread-10] DEBUG org.apache.http.impl.conn.DefaultManagedHttpClientConnection -- http-outgoing-81: set socket timeout to 0
16:18:54.800 [pool-2-thread-5] DEBUG org.apache.http.impl.conn.PoolingHttpClientConnectionManager -- Connection released: [id: 80][route: {}->http://localhost:3000][total available: 1; route allocated: 1 of 5; total allocated: 1 of 10]
16:18:54.800 [pool-2-thread-5] DEBUG org.apache.http.impl.conn.PoolingHttpClientConnectionManager -- Connection manager is shutting down
16:18:54.800 [pool-2-thread-10] DEBUG org.apache.http.impl.conn.PoolingHttpClientConnectionManager -- Connection released: [id: 81][route: {}->http://localhost:3000][total available: 1; route allocated: 1 of 5; total allocated: 1 of 10]
16:18:54.800 [pool-2-thread-10] DEBUG org.apache.http.impl.conn.PoolingHttpClientConnectionManager -- Connection manager is shutting down
16:18:54.800 [pool-2-thread-5] DEBUG org.apache.http.impl.conn.DefaultManagedHttpClientConnection -- http-outgoing-80: Close connection
16:18:54.800 [pool-2-thread-10] DEBUG org.apache.http.impl.conn.DefaultManagedHttpClientConnection -- http-outgoing-81: Close connection
16:18:54.801 [pool-2-thread-5] DEBUG org.apache.http.impl.conn.PoolingHttpClientConnectionManager -- Connection manager shut down
16:18:54.801 [pool-2-thread-10] DEBUG org.apache.http.impl.conn.PoolingHttpClientConnectionManager -- Connection manager shut down
16:18:54.801 [pool-2-thread-5] DEBUG com.intuit.karate -- response time in milliseconds: 935
9 < 200
9 < X-Powered-By: Express
9 < Access-Control-Allow-Origin: *
9 < Content-Type: application/json; charset=utf-8
9 < Content-Length: 607
9 < ETag: W/"25f-hBIFZWuihnatCNqlhxN0Aq6yksY"
9 < Date: Tue, 24 Jun 2025 09:18:54 GMT
9 < Connection: keep-alive
9 < Keep-Alive: timeout=5
{"access_token":"eyJhbGciOiJIUzI1NiIsInR5cCI6IkpXVCJ9.eyJzdWIiOiJjMjE0MjJkZi1jY2VjLTQ0MGUtOWE0Mi1jMWI4MmFiZjczM2QiLCJ1c2VybmFtZSI6ImpvaG5kb2UyOCIsInJvbGUiOjAsImlhdCI6MTc1MDc1NjczNCwiZXhwIjoxNzUwNzYwMzM0fQ.2JvwkwEN6n18XFUjVUpFY52TvTONFZxvdMjhhqTXNwU","refresh_token":"09795c0e50f658b79688c8ded91a1956abd6960a79af668a4e4169ed4fcef9b1","user":{"id":"c21422df-ccec-440e-9a42-c1b82abf733d","email":"test28@example.com","username":"johndoe28","name":"John Doe","phoneNumber":"84987654321","profilePic":null,"bio":null,"private":false,"verified":false,"role":0,"followersCount":0,"followingCount":0,"postCount":0}}

16:18:54.801 [pool-2-thread-10] DEBUG com.intuit.karate -- response time in milliseconds: 912
9 < 200
9 < X-Powered-By: Express
9 < Access-Control-Allow-Origin: *
9 < Content-Type: application/json; charset=utf-8
9 < Content-Length: 605
9 < ETag: W/"25d-CNUiwKWTiKLd2q31rU/6aGh/QBM"
9 < Date: Tue, 24 Jun 2025 09:18:54 GMT
9 < Connection: keep-alive
9 < Keep-Alive: timeout=5
{"access_token":"eyJhbGciOiJIUzI1NiIsInR5cCI6IkpXVCJ9.eyJzdWIiOiIwYTM3ZWY0My1mZWU4LTQxZDMtYTY4Ni04YWIwODY5NDg2OTUiLCJ1c2VybmFtZSI6ImpvaG5kb2UyMSIsInJvbGUiOjAsImlhdCI6MTc1MDc1NjczNCwiZXhwIjoxNzUwNzYwMzM0fQ.R7ZCb1OWL_oE0PXvKlJ9O43R0wLWftyqadMIULhiP7Q","refresh_token":"901c56738f5f0e723f37dcb4b9a52c7e8d837b944b1b0dda15f8a03d2a028d7d","user":{"id":"0a37ef43-fee8-41d3-a686-8ab086948695","email":"testit2@gmail.com","username":"johndoe21","name":"John Doe","phoneNumber":"0123456712","profilePic":null,"bio":null,"private":false,"verified":false,"role":0,"followersCount":0,"followingCount":0,"postCount":0}}

16:18:54.802 [pool-2-thread-5] INFO com.intuit.karate -- [print] Call 9 completed, status: 200 
16:18:54.802 [pool-2-thread-10] INFO com.intuit.karate -- [print] Call 9 completed, status: 200 
16:18:54.802 [pool-2-thread-10] INFO com.intuit.karate -- [print] *** API CALL 10 *** 
16:18:54.802 [pool-2-thread-5] INFO com.intuit.karate -- [print] *** API CALL 10 *** 
16:18:54.804 [pool-2-thread-10] DEBUG org.apache.http.client.protocol.RequestAddCookies -- CookieSpec selected: karate
16:18:54.804 [pool-2-thread-5] DEBUG org.apache.http.client.protocol.RequestAddCookies -- CookieSpec selected: karate
16:18:54.804 [pool-2-thread-5] DEBUG org.apache.http.client.protocol.RequestAuthCache -- Auth cache not set in the context
16:18:54.804 [pool-2-thread-10] DEBUG org.apache.http.client.protocol.RequestAuthCache -- Auth cache not set in the context
16:18:54.804 [pool-2-thread-5] DEBUG com.intuit.karate -- request:
10 > POST http://localhost:3000/auth/login
10 > Content-Type: application/json; charset=UTF-8
10 > Content-Length: 55
10 > Host: localhost:3000
10 > Connection: Keep-Alive
10 > User-Agent: Apache-HttpClient/4.5.14 (Java/17.0.9)
10 > Accept-Encoding: gzip,deflate
{"email":"test28@example.com","password":"Password123"}

16:18:54.804 [pool-2-thread-10] DEBUG com.intuit.karate -- request:
10 > POST http://localhost:3000/auth/login
10 > Content-Type: application/json; charset=UTF-8
10 > Content-Length: 54
10 > Host: localhost:3000
10 > Connection: Keep-Alive
10 > User-Agent: Apache-HttpClient/4.5.14 (Java/17.0.9)
10 > Accept-Encoding: gzip,deflate
{"email":"testit2@gmail.com","password":"Password123"}

16:18:54.804 [pool-2-thread-10] DEBUG org.apache.http.impl.conn.PoolingHttpClientConnectionManager -- Connection request: [route: {}->http://localhost:3000][total available: 0; route allocated: 0 of 5; total allocated: 0 of 10]
16:18:54.804 [pool-2-thread-5] DEBUG org.apache.http.impl.conn.PoolingHttpClientConnectionManager -- Connection request: [route: {}->http://localhost:3000][total available: 0; route allocated: 0 of 5; total allocated: 0 of 10]
16:18:54.804 [pool-2-thread-10] DEBUG org.apache.http.impl.conn.PoolingHttpClientConnectionManager -- Connection leased: [id: 90][route: {}->http://localhost:3000][total available: 0; route allocated: 1 of 5; total allocated: 1 of 10]
16:18:54.804 [pool-2-thread-5] DEBUG org.apache.http.impl.conn.PoolingHttpClientConnectionManager -- Connection leased: [id: 91][route: {}->http://localhost:3000][total available: 0; route allocated: 1 of 5; total allocated: 1 of 10]
16:18:54.805 [pool-2-thread-10] DEBUG org.apache.http.impl.execchain.MainClientExec -- Opening connection {}->http://localhost:3000
16:18:54.805 [pool-2-thread-5] DEBUG org.apache.http.impl.execchain.MainClientExec -- Opening connection {}->http://localhost:3000
16:18:54.805 [pool-2-thread-5] DEBUG org.apache.http.impl.conn.DefaultHttpClientConnectionOperator -- Connecting to localhost/127.0.0.1:3000
16:18:54.805 [pool-2-thread-10] DEBUG org.apache.http.impl.conn.DefaultHttpClientConnectionOperator -- Connecting to localhost/127.0.0.1:3000
16:18:54.805 [pool-2-thread-5] DEBUG org.apache.http.impl.conn.DefaultHttpClientConnectionOperator -- Connection established 127.0.0.1:51364<->127.0.0.1:3000
16:18:54.805 [pool-2-thread-5] DEBUG org.apache.http.impl.conn.DefaultManagedHttpClientConnection -- http-outgoing-90: set socket timeout to 30000
16:18:54.805 [pool-2-thread-5] DEBUG org.apache.http.impl.execchain.MainClientExec -- Executing request POST /auth/login HTTP/1.1
16:18:54.805 [pool-2-thread-5] DEBUG org.apache.http.impl.execchain.MainClientExec -- Target auth state: UNCHALLENGED
16:18:54.805 [pool-2-thread-5] DEBUG org.apache.http.impl.execchain.MainClientExec -- Proxy auth state: UNCHALLENGED
16:18:54.805 [pool-2-thread-5] DEBUG org.apache.http.headers -- http-outgoing-90 >> POST /auth/login HTTP/1.1
16:18:54.805 [pool-2-thread-5] DEBUG org.apache.http.headers -- http-outgoing-90 >> Content-Type: application/json; charset=UTF-8
16:18:54.805 [pool-2-thread-5] DEBUG org.apache.http.headers -- http-outgoing-90 >> Content-Length: 55
16:18:54.805 [pool-2-thread-5] DEBUG org.apache.http.headers -- http-outgoing-90 >> Host: localhost:3000
16:18:54.805 [pool-2-thread-5] DEBUG org.apache.http.headers -- http-outgoing-90 >> Connection: Keep-Alive
16:18:54.805 [pool-2-thread-5] DEBUG org.apache.http.headers -- http-outgoing-90 >> User-Agent: Apache-HttpClient/4.5.14 (Java/17.0.9)
16:18:54.805 [pool-2-thread-5] DEBUG org.apache.http.headers -- http-outgoing-90 >> Accept-Encoding: gzip,deflate
16:18:54.805 [pool-2-thread-10] DEBUG org.apache.http.impl.conn.DefaultHttpClientConnectionOperator -- Connection established 127.0.0.1:51365<->127.0.0.1:3000
16:18:54.805 [pool-2-thread-5] DEBUG org.apache.http.wire -- http-outgoing-90 >> "POST /auth/login HTTP/1.1[\r][\n]"
16:18:54.805 [pool-2-thread-5] DEBUG org.apache.http.wire -- http-outgoing-90 >> "Content-Type: application/json; charset=UTF-8[\r][\n]"
16:18:54.805 [pool-2-thread-5] DEBUG org.apache.http.wire -- http-outgoing-90 >> "Content-Length: 55[\r][\n]"
16:18:54.805 [pool-2-thread-5] DEBUG org.apache.http.wire -- http-outgoing-90 >> "Host: localhost:3000[\r][\n]"
16:18:54.805 [pool-2-thread-5] DEBUG org.apache.http.wire -- http-outgoing-90 >> "Connection: Keep-Alive[\r][\n]"
16:18:54.805 [pool-2-thread-5] DEBUG org.apache.http.wire -- http-outgoing-90 >> "User-Agent: Apache-HttpClient/4.5.14 (Java/17.0.9)[\r][\n]"
16:18:54.805 [pool-2-thread-5] DEBUG org.apache.http.wire -- http-outgoing-90 >> "Accept-Encoding: gzip,deflate[\r][\n]"
16:18:54.805 [pool-2-thread-5] DEBUG org.apache.http.wire -- http-outgoing-90 >> "[\r][\n]"
16:18:54.807 [pool-2-thread-5] DEBUG org.apache.http.wire -- http-outgoing-90 >> "{"email":"test28@example.com","password":"Password123"}"
16:18:54.807 [pool-2-thread-10] DEBUG org.apache.http.impl.conn.DefaultManagedHttpClientConnection -- http-outgoing-91: set socket timeout to 30000
16:18:54.807 [pool-2-thread-10] DEBUG org.apache.http.impl.execchain.MainClientExec -- Executing request POST /auth/login HTTP/1.1
16:18:54.807 [pool-2-thread-10] DEBUG org.apache.http.impl.execchain.MainClientExec -- Target auth state: UNCHALLENGED
16:18:54.807 [pool-2-thread-10] DEBUG org.apache.http.impl.execchain.MainClientExec -- Proxy auth state: UNCHALLENGED
16:18:54.807 [pool-2-thread-10] DEBUG org.apache.http.headers -- http-outgoing-91 >> POST /auth/login HTTP/1.1
16:18:54.807 [pool-2-thread-10] DEBUG org.apache.http.headers -- http-outgoing-91 >> Content-Type: application/json; charset=UTF-8
16:18:54.807 [pool-2-thread-10] DEBUG org.apache.http.headers -- http-outgoing-91 >> Content-Length: 54
16:18:54.807 [pool-2-thread-10] DEBUG org.apache.http.headers -- http-outgoing-91 >> Host: localhost:3000
16:18:54.807 [pool-2-thread-10] DEBUG org.apache.http.headers -- http-outgoing-91 >> Connection: Keep-Alive
16:18:54.807 [pool-2-thread-10] DEBUG org.apache.http.headers -- http-outgoing-91 >> User-Agent: Apache-HttpClient/4.5.14 (Java/17.0.9)
16:18:54.807 [pool-2-thread-10] DEBUG org.apache.http.headers -- http-outgoing-91 >> Accept-Encoding: gzip,deflate
16:18:54.807 [pool-2-thread-10] DEBUG org.apache.http.wire -- http-outgoing-91 >> "POST /auth/login HTTP/1.1[\r][\n]"
16:18:54.807 [pool-2-thread-10] DEBUG org.apache.http.wire -- http-outgoing-91 >> "Content-Type: application/json; charset=UTF-8[\r][\n]"
16:18:54.807 [pool-2-thread-10] DEBUG org.apache.http.wire -- http-outgoing-91 >> "Content-Length: 54[\r][\n]"
16:18:54.807 [pool-2-thread-10] DEBUG org.apache.http.wire -- http-outgoing-91 >> "Host: localhost:3000[\r][\n]"
16:18:54.807 [pool-2-thread-10] DEBUG org.apache.http.wire -- http-outgoing-91 >> "Connection: Keep-Alive[\r][\n]"
16:18:54.807 [pool-2-thread-10] DEBUG org.apache.http.wire -- http-outgoing-91 >> "User-Agent: Apache-HttpClient/4.5.14 (Java/17.0.9)[\r][\n]"
16:18:54.807 [pool-2-thread-10] DEBUG org.apache.http.wire -- http-outgoing-91 >> "Accept-Encoding: gzip,deflate[\r][\n]"
16:18:54.807 [pool-2-thread-10] DEBUG org.apache.http.wire -- http-outgoing-91 >> "[\r][\n]"
16:18:54.807 [pool-2-thread-10] DEBUG org.apache.http.wire -- http-outgoing-91 >> "{"email":"testit2@gmail.com","password":"Password123"}"
16:18:54.820 [pool-2-thread-1] DEBUG org.apache.http.wire -- http-outgoing-82 << "HTTP/1.1 200 OK[\r][\n]"
16:18:54.821 [pool-2-thread-1] DEBUG org.apache.http.wire -- http-outgoing-82 << "X-Powered-By: Express[\r][\n]"
16:18:54.821 [pool-2-thread-1] DEBUG org.apache.http.wire -- http-outgoing-82 << "Access-Control-Allow-Origin: *[\r][\n]"
16:18:54.821 [pool-2-thread-1] DEBUG org.apache.http.wire -- http-outgoing-82 << "Content-Type: application/json; charset=utf-8[\r][\n]"
16:18:54.821 [pool-2-thread-1] DEBUG org.apache.http.wire -- http-outgoing-82 << "Content-Length: 708[\r][\n]"
16:18:54.821 [pool-2-thread-1] DEBUG org.apache.http.wire -- http-outgoing-82 << "ETag: W/"2c4-8bzcfitU8zoW2WcDm4sZW0j/4S0"[\r][\n]"
16:18:54.821 [pool-2-thread-1] DEBUG org.apache.http.wire -- http-outgoing-82 << "Date: Tue, 24 Jun 2025 09:18:54 GMT[\r][\n]"
16:18:54.821 [pool-2-thread-1] DEBUG org.apache.http.wire -- http-outgoing-82 << "Connection: keep-alive[\r][\n]"
16:18:54.821 [pool-2-thread-1] DEBUG org.apache.http.wire -- http-outgoing-82 << "Keep-Alive: timeout=5[\r][\n]"
16:18:54.821 [pool-2-thread-1] DEBUG org.apache.http.wire -- http-outgoing-82 << "[\r][\n]"
16:18:54.821 [pool-2-thread-1] DEBUG org.apache.http.wire -- http-outgoing-82 << "{"access_token":"eyJhbGciOiJIUzI1NiIsInR5cCI6IkpXVCJ9.eyJzdWIiOiIwODUxNWIwNS0yZDNlLTQ3ODktYWQ2MC1kYjM1NTI1YTQ5NzAiLCJ1c2VybmFtZSI6Im5hbSIsInJvbGUiOjAsImlhdCI6MTc1MDc1NjczNCwiZXhwIjoxNzUwNzYwMzM0fQ.MARS6sy3kySXAncbaky8C0jRRykLcA5yKlEWBv9zaiE","refresh_token":"f5a7c9cd71841a55848f075807e4f058efc5a80b67b8cf35d08768b9fff93158","user":{"id":"08515b05-2d3e-4789-ad60-db35525a4970","email":"nam@gmail.com","username":"nam","name":"nam","phoneNumber":"0123456789","profilePic":"https://res.cloudinary.com/dizcvrefo/image/upload/v1749266646/nestjs_uploads/zk9zrpeidnovxibfqdxr.png","bio":"Chu tich hoi dong Quan tri 1","private":false,"verified":false,"role":0,"followersCount":2,"followingCount":5,"postCount":13}}"
16:18:54.821 [pool-2-thread-1] DEBUG org.apache.http.headers -- http-outgoing-82 << HTTP/1.1 200 OK
16:18:54.821 [pool-2-thread-1] DEBUG org.apache.http.headers -- http-outgoing-82 << X-Powered-By: Express
16:18:54.821 [pool-2-thread-1] DEBUG org.apache.http.headers -- http-outgoing-82 << Access-Control-Allow-Origin: *
16:18:54.821 [pool-2-thread-1] DEBUG org.apache.http.headers -- http-outgoing-82 << Content-Type: application/json; charset=utf-8
16:18:54.821 [pool-2-thread-1] DEBUG org.apache.http.headers -- http-outgoing-82 << Content-Length: 708
16:18:54.821 [pool-2-thread-1] DEBUG org.apache.http.headers -- http-outgoing-82 << ETag: W/"2c4-8bzcfitU8zoW2WcDm4sZW0j/4S0"
16:18:54.821 [pool-2-thread-1] DEBUG org.apache.http.headers -- http-outgoing-82 << Date: Tue, 24 Jun 2025 09:18:54 GMT
16:18:54.821 [pool-2-thread-1] DEBUG org.apache.http.headers -- http-outgoing-82 << Connection: keep-alive
16:18:54.821 [pool-2-thread-1] DEBUG org.apache.http.headers -- http-outgoing-82 << Keep-Alive: timeout=5
16:18:54.821 [pool-2-thread-1] DEBUG org.apache.http.impl.execchain.MainClientExec -- Connection can be kept alive for 5000 MILLISECONDS
16:18:54.821 [pool-2-thread-1] DEBUG org.apache.http.impl.conn.PoolingHttpClientConnectionManager -- Connection [id: 82][route: {}->http://localhost:3000] can be kept alive for 5.0 seconds
16:18:54.821 [pool-2-thread-1] DEBUG org.apache.http.impl.conn.DefaultManagedHttpClientConnection -- http-outgoing-82: set socket timeout to 0
16:18:54.821 [pool-2-thread-1] DEBUG org.apache.http.impl.conn.PoolingHttpClientConnectionManager -- Connection released: [id: 82][route: {}->http://localhost:3000][total available: 1; route allocated: 1 of 5; total allocated: 1 of 10]
16:18:54.821 [pool-2-thread-1] DEBUG org.apache.http.impl.conn.PoolingHttpClientConnectionManager -- Connection manager is shutting down
16:18:54.821 [pool-2-thread-1] DEBUG org.apache.http.impl.conn.DefaultManagedHttpClientConnection -- http-outgoing-82: Close connection
16:18:54.822 [pool-2-thread-1] DEBUG org.apache.http.impl.conn.PoolingHttpClientConnectionManager -- Connection manager shut down
16:18:54.822 [pool-2-thread-1] DEBUG com.intuit.karate -- response time in milliseconds: 891
9 < 200
9 < X-Powered-By: Express
9 < Access-Control-Allow-Origin: *
9 < Content-Type: application/json; charset=utf-8
9 < Content-Length: 708
9 < ETag: W/"2c4-8bzcfitU8zoW2WcDm4sZW0j/4S0"
9 < Date: Tue, 24 Jun 2025 09:18:54 GMT
9 < Connection: keep-alive
9 < Keep-Alive: timeout=5
{"access_token":"eyJhbGciOiJIUzI1NiIsInR5cCI6IkpXVCJ9.eyJzdWIiOiIwODUxNWIwNS0yZDNlLTQ3ODktYWQ2MC1kYjM1NTI1YTQ5NzAiLCJ1c2VybmFtZSI6Im5hbSIsInJvbGUiOjAsImlhdCI6MTc1MDc1NjczNCwiZXhwIjoxNzUwNzYwMzM0fQ.MARS6sy3kySXAncbaky8C0jRRykLcA5yKlEWBv9zaiE","refresh_token":"f5a7c9cd71841a55848f075807e4f058efc5a80b67b8cf35d08768b9fff93158","user":{"id":"08515b05-2d3e-4789-ad60-db35525a4970","email":"nam@gmail.com","username":"nam","name":"nam","phoneNumber":"0123456789","profilePic":"https://res.cloudinary.com/dizcvrefo/image/upload/v1749266646/nestjs_uploads/zk9zrpeidnovxibfqdxr.png","bio":"Chu tich hoi dong Quan tri 1","private":false,"verified":false,"role":0,"followersCount":2,"followingCount":5,"postCount":13}}

16:18:54.824 [pool-2-thread-1] INFO com.intuit.karate -- [print] Call 9 completed, status: 200 
16:18:54.825 [pool-2-thread-1] INFO com.intuit.karate -- [print] *** API CALL 10 *** 
16:18:54.829 [pool-2-thread-1] DEBUG org.apache.http.client.protocol.RequestAddCookies -- CookieSpec selected: karate
16:18:54.830 [pool-2-thread-1] DEBUG org.apache.http.client.protocol.RequestAuthCache -- Auth cache not set in the context
16:18:54.830 [pool-2-thread-1] DEBUG com.intuit.karate -- request:
10 > POST http://localhost:3000/auth/login
10 > Content-Type: application/json; charset=UTF-8
10 > Content-Length: 45
10 > Host: localhost:3000
10 > Connection: Keep-Alive
10 > User-Agent: Apache-HttpClient/4.5.14 (Java/17.0.9)
10 > Accept-Encoding: gzip,deflate
{"email":"nam@gmail.com","password":"123456"}

16:18:54.830 [pool-2-thread-1] DEBUG org.apache.http.impl.conn.PoolingHttpClientConnectionManager -- Connection request: [route: {}->http://localhost:3000][total available: 0; route allocated: 0 of 5; total allocated: 0 of 10]
16:18:54.830 [pool-2-thread-1] DEBUG org.apache.http.impl.conn.PoolingHttpClientConnectionManager -- Connection leased: [id: 92][route: {}->http://localhost:3000][total available: 0; route allocated: 1 of 5; total allocated: 1 of 10]
16:18:54.830 [pool-2-thread-1] DEBUG org.apache.http.impl.execchain.MainClientExec -- Opening connection {}->http://localhost:3000
16:18:54.830 [pool-2-thread-1] DEBUG org.apache.http.impl.conn.DefaultHttpClientConnectionOperator -- Connecting to localhost/127.0.0.1:3000
16:18:54.831 [pool-2-thread-1] DEBUG org.apache.http.impl.conn.DefaultHttpClientConnectionOperator -- Connection established 127.0.0.1:51366<->127.0.0.1:3000
16:18:54.831 [pool-2-thread-1] DEBUG org.apache.http.impl.conn.DefaultManagedHttpClientConnection -- http-outgoing-92: set socket timeout to 30000
16:18:54.831 [pool-2-thread-1] DEBUG org.apache.http.impl.execchain.MainClientExec -- Executing request POST /auth/login HTTP/1.1
16:18:54.831 [pool-2-thread-1] DEBUG org.apache.http.impl.execchain.MainClientExec -- Target auth state: UNCHALLENGED
16:18:54.831 [pool-2-thread-1] DEBUG org.apache.http.impl.execchain.MainClientExec -- Proxy auth state: UNCHALLENGED
16:18:54.831 [pool-2-thread-1] DEBUG org.apache.http.headers -- http-outgoing-92 >> POST /auth/login HTTP/1.1
16:18:54.831 [pool-2-thread-1] DEBUG org.apache.http.headers -- http-outgoing-92 >> Content-Type: application/json; charset=UTF-8
16:18:54.831 [pool-2-thread-1] DEBUG org.apache.http.headers -- http-outgoing-92 >> Content-Length: 45
16:18:54.831 [pool-2-thread-1] DEBUG org.apache.http.headers -- http-outgoing-92 >> Host: localhost:3000
16:18:54.831 [pool-2-thread-1] DEBUG org.apache.http.headers -- http-outgoing-92 >> Connection: Keep-Alive
16:18:54.831 [pool-2-thread-1] DEBUG org.apache.http.headers -- http-outgoing-92 >> User-Agent: Apache-HttpClient/4.5.14 (Java/17.0.9)
16:18:54.831 [pool-2-thread-1] DEBUG org.apache.http.headers -- http-outgoing-92 >> Accept-Encoding: gzip,deflate
16:18:54.831 [pool-2-thread-1] DEBUG org.apache.http.wire -- http-outgoing-92 >> "POST /auth/login HTTP/1.1[\r][\n]"
16:18:54.831 [pool-2-thread-1] DEBUG org.apache.http.wire -- http-outgoing-92 >> "Content-Type: application/json; charset=UTF-8[\r][\n]"
16:18:54.831 [pool-2-thread-1] DEBUG org.apache.http.wire -- http-outgoing-92 >> "Content-Length: 45[\r][\n]"
16:18:54.831 [pool-2-thread-1] DEBUG org.apache.http.wire -- http-outgoing-92 >> "Host: localhost:3000[\r][\n]"
16:18:54.831 [pool-2-thread-1] DEBUG org.apache.http.wire -- http-outgoing-92 >> "Connection: Keep-Alive[\r][\n]"
16:18:54.831 [pool-2-thread-1] DEBUG org.apache.http.wire -- http-outgoing-92 >> "User-Agent: Apache-HttpClient/4.5.14 (Java/17.0.9)[\r][\n]"
16:18:54.831 [pool-2-thread-1] DEBUG org.apache.http.wire -- http-outgoing-92 >> "Accept-Encoding: gzip,deflate[\r][\n]"
16:18:54.831 [pool-2-thread-1] DEBUG org.apache.http.wire -- http-outgoing-92 >> "[\r][\n]"
16:18:54.831 [pool-2-thread-1] DEBUG org.apache.http.wire -- http-outgoing-92 >> "{"email":"nam@gmail.com","password":"123456"}"
16:18:54.926 [pool-2-thread-2] DEBUG org.apache.http.wire -- http-outgoing-83 << "HTTP/1.1 200 OK[\r][\n]"
16:18:54.926 [pool-2-thread-2] DEBUG org.apache.http.wire -- http-outgoing-83 << "X-Powered-By: Express[\r][\n]"
16:18:54.926 [pool-2-thread-2] DEBUG org.apache.http.wire -- http-outgoing-83 << "Access-Control-Allow-Origin: *[\r][\n]"
16:18:54.926 [pool-2-thread-2] DEBUG org.apache.http.wire -- http-outgoing-83 << "Content-Type: application/json; charset=utf-8[\r][\n]"
16:18:54.926 [pool-2-thread-2] DEBUG org.apache.http.wire -- http-outgoing-83 << "Content-Length: 715[\r][\n]"
16:18:54.926 [pool-2-thread-2] DEBUG org.apache.http.wire -- http-outgoing-83 << "ETag: W/"2cb-HFJPwod5KMnhr5n4kZ+fZt0xPxA"[\r][\n]"
16:18:54.926 [pool-2-thread-2] DEBUG org.apache.http.wire -- http-outgoing-83 << "Date: Tue, 24 Jun 2025 09:18:54 GMT[\r][\n]"
16:18:54.926 [pool-2-thread-2] DEBUG org.apache.http.wire -- http-outgoing-83 << "Connection: keep-alive[\r][\n]"
16:18:54.926 [pool-2-thread-2] DEBUG org.apache.http.wire -- http-outgoing-83 << "Keep-Alive: timeout=5[\r][\n]"
16:18:54.926 [pool-2-thread-2] DEBUG org.apache.http.wire -- http-outgoing-83 << "[\r][\n]"
16:18:54.926 [pool-2-thread-2] DEBUG org.apache.http.wire -- http-outgoing-83 << "{"access_token":"eyJhbGciOiJIUzI1NiIsInR5cCI6IkpXVCJ9.eyJzdWIiOiIyYjg0YWEyNC02NjhhLTQwZTItYWYxYy1hZDRmYzRmYTVhNmYiLCJ1c2VybmFtZSI6InF1YW5nMSIsInJvbGUiOjAsImlhdCI6MTc1MDc1NjczNCwiZXhwIjoxNzUwNzYwMzM0fQ.CLMmP5XPItvx6HUI0itGYi2DKirecl5Idor17PHTWBE","refresh_token":"ad86e71c3556b56892198af2c8b259b99aa78b88debaf2a6cc90472ae81129ba","user":{"id":"2b84aa24-668a-40e2-af1c-ad4fc4fa5a6f","email":"quang1@gmail.com","username":"quang1","name":"quang1","phoneNumber":"09874563210","profilePic":"https://res.cloudinary.com/dizcvrefo/image/upload/v1749027586/nestjs_uploads/xehairydt9rzlbmbmv4c.jpg","bio":"Thang Nam Lao Vua Thoi","private":false,"verified":false,"role":0,"followersCount":2,"followingCount":3,"postCount":2}}"
16:18:54.926 [pool-2-thread-2] DEBUG org.apache.http.headers -- http-outgoing-83 << HTTP/1.1 200 OK
16:18:54.926 [pool-2-thread-2] DEBUG org.apache.http.headers -- http-outgoing-83 << X-Powered-By: Express
16:18:54.926 [pool-2-thread-2] DEBUG org.apache.http.headers -- http-outgoing-83 << Access-Control-Allow-Origin: *
16:18:54.926 [pool-2-thread-2] DEBUG org.apache.http.headers -- http-outgoing-83 << Content-Type: application/json; charset=utf-8
16:18:54.926 [pool-2-thread-2] DEBUG org.apache.http.headers -- http-outgoing-83 << Content-Length: 715
16:18:54.926 [pool-2-thread-2] DEBUG org.apache.http.headers -- http-outgoing-83 << ETag: W/"2cb-HFJPwod5KMnhr5n4kZ+fZt0xPxA"
16:18:54.926 [pool-2-thread-2] DEBUG org.apache.http.headers -- http-outgoing-83 << Date: Tue, 24 Jun 2025 09:18:54 GMT
16:18:54.926 [pool-2-thread-2] DEBUG org.apache.http.headers -- http-outgoing-83 << Connection: keep-alive
16:18:54.926 [pool-2-thread-2] DEBUG org.apache.http.headers -- http-outgoing-83 << Keep-Alive: timeout=5
16:18:54.926 [pool-2-thread-2] DEBUG org.apache.http.impl.execchain.MainClientExec -- Connection can be kept alive for 5000 MILLISECONDS
16:18:54.927 [pool-2-thread-2] DEBUG org.apache.http.impl.conn.PoolingHttpClientConnectionManager -- Connection [id: 83][route: {}->http://localhost:3000] can be kept alive for 5.0 seconds
16:18:54.927 [pool-2-thread-2] DEBUG org.apache.http.impl.conn.DefaultManagedHttpClientConnection -- http-outgoing-83: set socket timeout to 0
16:18:54.927 [pool-2-thread-2] DEBUG org.apache.http.impl.conn.PoolingHttpClientConnectionManager -- Connection released: [id: 83][route: {}->http://localhost:3000][total available: 1; route allocated: 1 of 5; total allocated: 1 of 10]
16:18:54.927 [pool-2-thread-2] DEBUG org.apache.http.impl.conn.PoolingHttpClientConnectionManager -- Connection manager is shutting down
16:18:54.927 [pool-2-thread-2] DEBUG org.apache.http.impl.conn.DefaultManagedHttpClientConnection -- http-outgoing-83: Close connection
16:18:54.927 [pool-2-thread-2] DEBUG org.apache.http.impl.conn.PoolingHttpClientConnectionManager -- Connection manager shut down
16:18:54.927 [pool-2-thread-2] DEBUG com.intuit.karate -- response time in milliseconds: 287
9 < 200
9 < X-Powered-By: Express
9 < Access-Control-Allow-Origin: *
9 < Content-Type: application/json; charset=utf-8
9 < Content-Length: 715
9 < ETag: W/"2cb-HFJPwod5KMnhr5n4kZ+fZt0xPxA"
9 < Date: Tue, 24 Jun 2025 09:18:54 GMT
9 < Connection: keep-alive
9 < Keep-Alive: timeout=5
{"access_token":"eyJhbGciOiJIUzI1NiIsInR5cCI6IkpXVCJ9.eyJzdWIiOiIyYjg0YWEyNC02NjhhLTQwZTItYWYxYy1hZDRmYzRmYTVhNmYiLCJ1c2VybmFtZSI6InF1YW5nMSIsInJvbGUiOjAsImlhdCI6MTc1MDc1NjczNCwiZXhwIjoxNzUwNzYwMzM0fQ.CLMmP5XPItvx6HUI0itGYi2DKirecl5Idor17PHTWBE","refresh_token":"ad86e71c3556b56892198af2c8b259b99aa78b88debaf2a6cc90472ae81129ba","user":{"id":"2b84aa24-668a-40e2-af1c-ad4fc4fa5a6f","email":"quang1@gmail.com","username":"quang1","name":"quang1","phoneNumber":"09874563210","profilePic":"https://res.cloudinary.com/dizcvrefo/image/upload/v1749027586/nestjs_uploads/xehairydt9rzlbmbmv4c.jpg","bio":"Thang Nam Lao Vua Thoi","private":false,"verified":false,"role":0,"followersCount":2,"followingCount":3,"postCount":2}}

16:18:54.929 [pool-2-thread-2] INFO com.intuit.karate -- [print] Call 9 completed, status: 200 
16:18:54.931 [pool-2-thread-2] INFO com.intuit.karate -- [print] *** API CALL 10 *** 
16:18:54.935 [pool-2-thread-2] DEBUG org.apache.http.client.protocol.RequestAddCookies -- CookieSpec selected: karate
16:18:54.935 [pool-2-thread-2] DEBUG org.apache.http.client.protocol.RequestAuthCache -- Auth cache not set in the context
16:18:54.935 [pool-2-thread-2] DEBUG com.intuit.karate -- request:
10 > POST http://localhost:3000/auth/login
10 > Content-Type: application/json; charset=UTF-8
10 > Content-Length: 48
10 > Host: localhost:3000
10 > Connection: Keep-Alive
10 > User-Agent: Apache-HttpClient/4.5.14 (Java/17.0.9)
10 > Accept-Encoding: gzip,deflate
{"email":"quang1@gmail.com","password":"quang1"}

16:18:54.935 [pool-2-thread-2] DEBUG org.apache.http.impl.conn.PoolingHttpClientConnectionManager -- Connection request: [route: {}->http://localhost:3000][total available: 0; route allocated: 0 of 5; total allocated: 0 of 10]
16:18:54.935 [pool-2-thread-2] DEBUG org.apache.http.impl.conn.PoolingHttpClientConnectionManager -- Connection leased: [id: 93][route: {}->http://localhost:3000][total available: 0; route allocated: 1 of 5; total allocated: 1 of 10]
16:18:54.935 [pool-2-thread-2] DEBUG org.apache.http.impl.execchain.MainClientExec -- Opening connection {}->http://localhost:3000
16:18:54.937 [pool-2-thread-2] DEBUG org.apache.http.impl.conn.DefaultHttpClientConnectionOperator -- Connecting to localhost/127.0.0.1:3000
16:18:54.938 [pool-2-thread-2] DEBUG org.apache.http.impl.conn.DefaultHttpClientConnectionOperator -- Connection established 127.0.0.1:51367<->127.0.0.1:3000
16:18:54.938 [pool-2-thread-2] DEBUG org.apache.http.impl.conn.DefaultManagedHttpClientConnection -- http-outgoing-93: set socket timeout to 30000
16:18:54.938 [pool-2-thread-2] DEBUG org.apache.http.impl.execchain.MainClientExec -- Executing request POST /auth/login HTTP/1.1
16:18:54.938 [pool-2-thread-2] DEBUG org.apache.http.impl.execchain.MainClientExec -- Target auth state: UNCHALLENGED
16:18:54.938 [pool-2-thread-2] DEBUG org.apache.http.impl.execchain.MainClientExec -- Proxy auth state: UNCHALLENGED
16:18:54.939 [pool-2-thread-2] DEBUG org.apache.http.headers -- http-outgoing-93 >> POST /auth/login HTTP/1.1
16:18:54.939 [pool-2-thread-2] DEBUG org.apache.http.headers -- http-outgoing-93 >> Content-Type: application/json; charset=UTF-8
16:18:54.939 [pool-2-thread-2] DEBUG org.apache.http.headers -- http-outgoing-93 >> Content-Length: 48
16:18:54.939 [pool-2-thread-2] DEBUG org.apache.http.headers -- http-outgoing-93 >> Host: localhost:3000
16:18:54.939 [pool-2-thread-2] DEBUG org.apache.http.headers -- http-outgoing-93 >> Connection: Keep-Alive
16:18:54.939 [pool-2-thread-2] DEBUG org.apache.http.headers -- http-outgoing-93 >> User-Agent: Apache-HttpClient/4.5.14 (Java/17.0.9)
16:18:54.939 [pool-2-thread-2] DEBUG org.apache.http.headers -- http-outgoing-93 >> Accept-Encoding: gzip,deflate
16:18:54.939 [pool-2-thread-2] DEBUG org.apache.http.wire -- http-outgoing-93 >> "POST /auth/login HTTP/1.1[\r][\n]"
16:18:54.939 [pool-2-thread-2] DEBUG org.apache.http.wire -- http-outgoing-93 >> "Content-Type: application/json; charset=UTF-8[\r][\n]"
16:18:54.939 [pool-2-thread-2] DEBUG org.apache.http.wire -- http-outgoing-93 >> "Content-Length: 48[\r][\n]"
16:18:54.939 [pool-2-thread-2] DEBUG org.apache.http.wire -- http-outgoing-93 >> "Host: localhost:3000[\r][\n]"
16:18:54.939 [pool-2-thread-2] DEBUG org.apache.http.wire -- http-outgoing-93 >> "Connection: Keep-Alive[\r][\n]"
16:18:54.939 [pool-2-thread-2] DEBUG org.apache.http.wire -- http-outgoing-93 >> "User-Agent: Apache-HttpClient/4.5.14 (Java/17.0.9)[\r][\n]"
16:18:54.939 [pool-2-thread-2] DEBUG org.apache.http.wire -- http-outgoing-93 >> "Accept-Encoding: gzip,deflate[\r][\n]"
16:18:54.939 [pool-2-thread-2] DEBUG org.apache.http.wire -- http-outgoing-93 >> "[\r][\n]"
16:18:54.939 [pool-2-thread-2] DEBUG org.apache.http.wire -- http-outgoing-93 >> "{"email":"quang1@gmail.com","password":"quang1"}"
16:18:54.963 [pool-2-thread-6] DEBUG org.apache.http.wire -- http-outgoing-84 << "HTTP/1.1 200 OK[\r][\n]"
16:18:54.964 [pool-2-thread-6] DEBUG org.apache.http.wire -- http-outgoing-84 << "X-Powered-By: Express[\r][\n]"
16:18:54.964 [pool-2-thread-6] DEBUG org.apache.http.wire -- http-outgoing-84 << "Access-Control-Allow-Origin: *[\r][\n]"
16:18:54.964 [pool-2-thread-6] DEBUG org.apache.http.wire -- http-outgoing-84 << "Content-Type: application/json; charset=utf-8[\r][\n]"
16:18:54.964 [pool-2-thread-6] DEBUG org.apache.http.wire -- http-outgoing-84 << "Content-Length: 607[\r][\n]"
16:18:54.964 [pool-2-thread-6] DEBUG org.apache.http.wire -- http-outgoing-84 << "ETag: W/"25f-Mg48dErlk5Ad9k0r2doBUv+dRlg"[\r][\n]"
16:18:54.964 [pool-2-thread-6] DEBUG org.apache.http.wire -- http-outgoing-84 << "Date: Tue, 24 Jun 2025 09:18:54 GMT[\r][\n]"
16:18:54.964 [pool-2-thread-6] DEBUG org.apache.http.wire -- http-outgoing-84 << "Connection: keep-alive[\r][\n]"
16:18:54.964 [pool-2-thread-6] DEBUG org.apache.http.wire -- http-outgoing-84 << "Keep-Alive: timeout=5[\r][\n]"
16:18:54.964 [pool-2-thread-6] DEBUG org.apache.http.wire -- http-outgoing-84 << "[\r][\n]"
16:18:54.964 [pool-2-thread-6] DEBUG org.apache.http.wire -- http-outgoing-84 << "{"access_token":"eyJhbGciOiJIUzI1NiIsInR5cCI6IkpXVCJ9.eyJzdWIiOiI5YTI2OTc2Yy0xNTMyLTRkZjMtYTE2ZS03NjMxNTI1Yzg1MDIiLCJ1c2VybmFtZSI6ImpvaG5kb2UyZDUiLCJyb2xlIjowLCJpYXQiOjE3NTA3NTY3MzQsImV4cCI6MTc1MDc2MDMzNH0.dAt8v79CIrrkpiJoLvqiaV7jwZRHJ9q0f_JD2IfPeq0","refresh_token":"2c8fdeba1ec910af9f3e47663d388d285a213d06cc44c74eaf70affdb0d958bb","user":{"id":"9a26976c-1532-4df3-a16e-7631525c8502","email":"testit4@gmail.com","username":"johndoe2d5","name":"John Doe","phoneNumber":"0123456212","profilePic":null,"bio":null,"private":false,"verified":false,"role":0,"followersCount":0,"followingCount":0,"postCount":0}}"
16:18:54.964 [pool-2-thread-6] DEBUG org.apache.http.headers -- http-outgoing-84 << HTTP/1.1 200 OK
16:18:54.964 [pool-2-thread-6] DEBUG org.apache.http.headers -- http-outgoing-84 << X-Powered-By: Express
16:18:54.964 [pool-2-thread-6] DEBUG org.apache.http.headers -- http-outgoing-84 << Access-Control-Allow-Origin: *
16:18:54.964 [pool-2-thread-6] DEBUG org.apache.http.headers -- http-outgoing-84 << Content-Type: application/json; charset=utf-8
16:18:54.964 [pool-2-thread-6] DEBUG org.apache.http.headers -- http-outgoing-84 << Content-Length: 607
16:18:54.964 [pool-2-thread-6] DEBUG org.apache.http.headers -- http-outgoing-84 << ETag: W/"25f-Mg48dErlk5Ad9k0r2doBUv+dRlg"
16:18:54.964 [pool-2-thread-6] DEBUG org.apache.http.headers -- http-outgoing-84 << Date: Tue, 24 Jun 2025 09:18:54 GMT
16:18:54.964 [pool-2-thread-6] DEBUG org.apache.http.headers -- http-outgoing-84 << Connection: keep-alive
16:18:54.964 [pool-2-thread-6] DEBUG org.apache.http.headers -- http-outgoing-84 << Keep-Alive: timeout=5
16:18:54.964 [pool-2-thread-6] DEBUG org.apache.http.impl.execchain.MainClientExec -- Connection can be kept alive for 5000 MILLISECONDS
16:18:54.964 [pool-2-thread-6] DEBUG org.apache.http.impl.conn.PoolingHttpClientConnectionManager -- Connection [id: 84][route: {}->http://localhost:3000] can be kept alive for 5.0 seconds
16:18:54.964 [pool-2-thread-6] DEBUG org.apache.http.impl.conn.DefaultManagedHttpClientConnection -- http-outgoing-84: set socket timeout to 0
16:18:54.965 [pool-2-thread-6] DEBUG org.apache.http.impl.conn.PoolingHttpClientConnectionManager -- Connection released: [id: 84][route: {}->http://localhost:3000][total available: 1; route allocated: 1 of 5; total allocated: 1 of 10]
16:18:54.965 [pool-2-thread-6] DEBUG org.apache.http.impl.conn.PoolingHttpClientConnectionManager -- Connection manager is shutting down
16:18:54.965 [pool-2-thread-6] DEBUG org.apache.http.impl.conn.DefaultManagedHttpClientConnection -- http-outgoing-84: Close connection
16:18:54.965 [pool-2-thread-6] DEBUG org.apache.http.impl.conn.PoolingHttpClientConnectionManager -- Connection manager shut down
16:18:54.965 [pool-2-thread-6] DEBUG com.intuit.karate -- response time in milliseconds: 325
9 < 200
9 < X-Powered-By: Express
9 < Access-Control-Allow-Origin: *
9 < Content-Type: application/json; charset=utf-8
9 < Content-Length: 607
9 < ETag: W/"25f-Mg48dErlk5Ad9k0r2doBUv+dRlg"
9 < Date: Tue, 24 Jun 2025 09:18:54 GMT
9 < Connection: keep-alive
9 < Keep-Alive: timeout=5
{"access_token":"eyJhbGciOiJIUzI1NiIsInR5cCI6IkpXVCJ9.eyJzdWIiOiI5YTI2OTc2Yy0xNTMyLTRkZjMtYTE2ZS03NjMxNTI1Yzg1MDIiLCJ1c2VybmFtZSI6ImpvaG5kb2UyZDUiLCJyb2xlIjowLCJpYXQiOjE3NTA3NTY3MzQsImV4cCI6MTc1MDc2MDMzNH0.dAt8v79CIrrkpiJoLvqiaV7jwZRHJ9q0f_JD2IfPeq0","refresh_token":"2c8fdeba1ec910af9f3e47663d388d285a213d06cc44c74eaf70affdb0d958bb","user":{"id":"9a26976c-1532-4df3-a16e-7631525c8502","email":"testit4@gmail.com","username":"johndoe2d5","name":"John Doe","phoneNumber":"0123456212","profilePic":null,"bio":null,"private":false,"verified":false,"role":0,"followersCount":0,"followingCount":0,"postCount":0}}

16:18:54.967 [pool-2-thread-6] INFO com.intuit.karate -- [print] Call 9 completed, status: 200 
16:18:54.968 [pool-2-thread-6] INFO com.intuit.karate -- [print] *** API CALL 10 *** 
16:18:54.969 [pool-2-thread-6] DEBUG org.apache.http.client.protocol.RequestAddCookies -- CookieSpec selected: karate
16:18:54.971 [pool-2-thread-6] DEBUG org.apache.http.client.protocol.RequestAuthCache -- Auth cache not set in the context
16:18:54.971 [pool-2-thread-6] DEBUG com.intuit.karate -- request:
10 > POST http://localhost:3000/auth/login
10 > Content-Type: application/json; charset=UTF-8
10 > Content-Length: 54
10 > Host: localhost:3000
10 > Connection: Keep-Alive
10 > User-Agent: Apache-HttpClient/4.5.14 (Java/17.0.9)
10 > Accept-Encoding: gzip,deflate
{"email":"testit4@gmail.com","password":"Password123"}

16:18:54.971 [pool-2-thread-6] DEBUG org.apache.http.impl.conn.PoolingHttpClientConnectionManager -- Connection request: [route: {}->http://localhost:3000][total available: 0; route allocated: 0 of 5; total allocated: 0 of 10]
16:18:54.971 [pool-2-thread-6] DEBUG org.apache.http.impl.conn.PoolingHttpClientConnectionManager -- Connection leased: [id: 94][route: {}->http://localhost:3000][total available: 0; route allocated: 1 of 5; total allocated: 1 of 10]
16:18:54.971 [pool-2-thread-6] DEBUG org.apache.http.impl.execchain.MainClientExec -- Opening connection {}->http://localhost:3000
16:18:54.971 [pool-2-thread-6] DEBUG org.apache.http.impl.conn.DefaultHttpClientConnectionOperator -- Connecting to localhost/127.0.0.1:3000
16:18:54.972 [pool-2-thread-6] DEBUG org.apache.http.impl.conn.DefaultHttpClientConnectionOperator -- Connection established 127.0.0.1:51368<->127.0.0.1:3000
16:18:54.972 [pool-2-thread-6] DEBUG org.apache.http.impl.conn.DefaultManagedHttpClientConnection -- http-outgoing-94: set socket timeout to 30000
16:18:54.972 [pool-2-thread-6] DEBUG org.apache.http.impl.execchain.MainClientExec -- Executing request POST /auth/login HTTP/1.1
16:18:54.972 [pool-2-thread-6] DEBUG org.apache.http.impl.execchain.MainClientExec -- Target auth state: UNCHALLENGED
16:18:54.972 [pool-2-thread-6] DEBUG org.apache.http.impl.execchain.MainClientExec -- Proxy auth state: UNCHALLENGED
16:18:54.972 [pool-2-thread-6] DEBUG org.apache.http.headers -- http-outgoing-94 >> POST /auth/login HTTP/1.1
16:18:54.972 [pool-2-thread-6] DEBUG org.apache.http.headers -- http-outgoing-94 >> Content-Type: application/json; charset=UTF-8
16:18:54.972 [pool-2-thread-6] DEBUG org.apache.http.headers -- http-outgoing-94 >> Content-Length: 54
16:18:54.972 [pool-2-thread-6] DEBUG org.apache.http.headers -- http-outgoing-94 >> Host: localhost:3000
16:18:54.972 [pool-2-thread-6] DEBUG org.apache.http.headers -- http-outgoing-94 >> Connection: Keep-Alive
16:18:54.972 [pool-2-thread-6] DEBUG org.apache.http.headers -- http-outgoing-94 >> User-Agent: Apache-HttpClient/4.5.14 (Java/17.0.9)
16:18:54.972 [pool-2-thread-6] DEBUG org.apache.http.headers -- http-outgoing-94 >> Accept-Encoding: gzip,deflate
16:18:54.972 [pool-2-thread-6] DEBUG org.apache.http.wire -- http-outgoing-94 >> "POST /auth/login HTTP/1.1[\r][\n]"
16:18:54.972 [pool-2-thread-6] DEBUG org.apache.http.wire -- http-outgoing-94 >> "Content-Type: application/json; charset=UTF-8[\r][\n]"
16:18:54.972 [pool-2-thread-6] DEBUG org.apache.http.wire -- http-outgoing-94 >> "Content-Length: 54[\r][\n]"
16:18:54.972 [pool-2-thread-6] DEBUG org.apache.http.wire -- http-outgoing-94 >> "Host: localhost:3000[\r][\n]"
16:18:54.972 [pool-2-thread-6] DEBUG org.apache.http.wire -- http-outgoing-94 >> "Connection: Keep-Alive[\r][\n]"
16:18:54.972 [pool-2-thread-6] DEBUG org.apache.http.wire -- http-outgoing-94 >> "User-Agent: Apache-HttpClient/4.5.14 (Java/17.0.9)[\r][\n]"
16:18:54.972 [pool-2-thread-6] DEBUG org.apache.http.wire -- http-outgoing-94 >> "Accept-Encoding: gzip,deflate[\r][\n]"
16:18:54.972 [pool-2-thread-6] DEBUG org.apache.http.wire -- http-outgoing-94 >> "[\r][\n]"
16:18:54.972 [pool-2-thread-6] DEBUG org.apache.http.wire -- http-outgoing-94 >> "{"email":"testit4@gmail.com","password":"Password123"}"
16:18:54.978 [pool-2-thread-9] DEBUG org.apache.http.wire -- http-outgoing-85 << "HTTP/1.1 200 OK[\r][\n]"
16:18:54.978 [pool-2-thread-9] DEBUG org.apache.http.wire -- http-outgoing-85 << "X-Powered-By: Express[\r][\n]"
16:18:54.978 [pool-2-thread-9] DEBUG org.apache.http.wire -- http-outgoing-85 << "Access-Control-Allow-Origin: *[\r][\n]"
16:18:54.978 [pool-2-thread-9] DEBUG org.apache.http.wire -- http-outgoing-85 << "Content-Type: application/json; charset=utf-8[\r][\n]"
16:18:54.978 [pool-2-thread-9] DEBUG org.apache.http.wire -- http-outgoing-85 << "Content-Length: 604[\r][\n]"
16:18:54.978 [pool-2-thread-9] DEBUG org.apache.http.wire -- http-outgoing-85 << "ETag: W/"25c-fTy2jIJ4gAY/bxeAiJOTLV7CjQo"[\r][\n]"
16:18:54.978 [pool-2-thread-9] DEBUG org.apache.http.wire -- http-outgoing-85 << "Date: Tue, 24 Jun 2025 09:18:54 GMT[\r][\n]"
16:18:54.978 [pool-2-thread-9] DEBUG org.apache.http.wire -- http-outgoing-85 << "Connection: keep-alive[\r][\n]"
16:18:54.978 [pool-2-thread-9] DEBUG org.apache.http.wire -- http-outgoing-85 << "Keep-Alive: timeout=5[\r][\n]"
16:18:54.978 [pool-2-thread-9] DEBUG org.apache.http.wire -- http-outgoing-85 << "[\r][\n]"
16:18:54.978 [pool-2-thread-9] DEBUG org.apache.http.wire -- http-outgoing-85 << "{"access_token":"eyJhbGciOiJIUzI1NiIsInR5cCI6IkpXVCJ9.eyJzdWIiOiJkZjZmMDkxOS1hMjNkLTQ0YzktYTkyNS00ZWE4YmU1MjVkMTAiLCJ1c2VybmFtZSI6ImpvaG5kb2UyMyIsInJvbGUiOjAsImlhdCI6MTc1MDc1NjczNCwiZXhwIjoxNzUwNzYwMzM0fQ.4WGhoK8qEP7vQXBVho9jPWMhcYDsIifGuzS_O3ehe_M","refresh_token":"4837643be64c6ca2932345fe0c3cd9fc23c0c7a4204a581a70b25a7af29750ac","user":{"id":"df6f0919-a23d-44c9-a925-4ea8be525d10","email":"testit@gmail.com","username":"johndoe23","name":"John Doe","phoneNumber":"0123456788","profilePic":null,"bio":null,"private":false,"verified":false,"role":0,"followersCount":0,"followingCount":0,"postCount":0}}"
16:18:54.978 [pool-2-thread-9] DEBUG org.apache.http.headers -- http-outgoing-85 << HTTP/1.1 200 OK
16:18:54.978 [pool-2-thread-9] DEBUG org.apache.http.headers -- http-outgoing-85 << X-Powered-By: Express
16:18:54.978 [pool-2-thread-9] DEBUG org.apache.http.headers -- http-outgoing-85 << Access-Control-Allow-Origin: *
16:18:54.978 [pool-2-thread-9] DEBUG org.apache.http.headers -- http-outgoing-85 << Content-Type: application/json; charset=utf-8
16:18:54.978 [pool-2-thread-9] DEBUG org.apache.http.headers -- http-outgoing-85 << Content-Length: 604
16:18:54.978 [pool-2-thread-9] DEBUG org.apache.http.headers -- http-outgoing-85 << ETag: W/"25c-fTy2jIJ4gAY/bxeAiJOTLV7CjQo"
16:18:54.978 [pool-2-thread-9] DEBUG org.apache.http.headers -- http-outgoing-85 << Date: Tue, 24 Jun 2025 09:18:54 GMT
16:18:54.978 [pool-2-thread-9] DEBUG org.apache.http.headers -- http-outgoing-85 << Connection: keep-alive
16:18:54.978 [pool-2-thread-9] DEBUG org.apache.http.headers -- http-outgoing-85 << Keep-Alive: timeout=5
16:18:54.978 [pool-2-thread-9] DEBUG org.apache.http.impl.execchain.MainClientExec -- Connection can be kept alive for 5000 MILLISECONDS
16:18:54.979 [pool-2-thread-9] DEBUG org.apache.http.impl.conn.PoolingHttpClientConnectionManager -- Connection [id: 85][route: {}->http://localhost:3000] can be kept alive for 5.0 seconds
16:18:54.979 [pool-2-thread-9] DEBUG org.apache.http.impl.conn.DefaultManagedHttpClientConnection -- http-outgoing-85: set socket timeout to 0
16:18:54.979 [pool-2-thread-9] DEBUG org.apache.http.impl.conn.PoolingHttpClientConnectionManager -- Connection released: [id: 85][route: {}->http://localhost:3000][total available: 1; route allocated: 1 of 5; total allocated: 1 of 10]
16:18:54.979 [pool-2-thread-9] DEBUG org.apache.http.impl.conn.PoolingHttpClientConnectionManager -- Connection manager is shutting down
16:18:54.979 [pool-2-thread-9] DEBUG org.apache.http.impl.conn.DefaultManagedHttpClientConnection -- http-outgoing-85: Close connection
16:18:54.979 [pool-2-thread-9] DEBUG org.apache.http.impl.conn.PoolingHttpClientConnectionManager -- Connection manager shut down
16:18:54.980 [pool-2-thread-9] DEBUG com.intuit.karate -- response time in milliseconds: 306
9 < 200
9 < X-Powered-By: Express
9 < Access-Control-Allow-Origin: *
9 < Content-Type: application/json; charset=utf-8
9 < Content-Length: 604
9 < ETag: W/"25c-fTy2jIJ4gAY/bxeAiJOTLV7CjQo"
9 < Date: Tue, 24 Jun 2025 09:18:54 GMT
9 < Connection: keep-alive
9 < Keep-Alive: timeout=5
{"access_token":"eyJhbGciOiJIUzI1NiIsInR5cCI6IkpXVCJ9.eyJzdWIiOiJkZjZmMDkxOS1hMjNkLTQ0YzktYTkyNS00ZWE4YmU1MjVkMTAiLCJ1c2VybmFtZSI6ImpvaG5kb2UyMyIsInJvbGUiOjAsImlhdCI6MTc1MDc1NjczNCwiZXhwIjoxNzUwNzYwMzM0fQ.4WGhoK8qEP7vQXBVho9jPWMhcYDsIifGuzS_O3ehe_M","refresh_token":"4837643be64c6ca2932345fe0c3cd9fc23c0c7a4204a581a70b25a7af29750ac","user":{"id":"df6f0919-a23d-44c9-a925-4ea8be525d10","email":"testit@gmail.com","username":"johndoe23","name":"John Doe","phoneNumber":"0123456788","profilePic":null,"bio":null,"private":false,"verified":false,"role":0,"followersCount":0,"followingCount":0,"postCount":0}}

16:18:54.982 [pool-2-thread-9] INFO com.intuit.karate -- [print] Call 9 completed, status: 200 
16:18:54.983 [pool-2-thread-9] INFO com.intuit.karate -- [print] *** API CALL 10 *** 
16:18:54.986 [pool-2-thread-9] DEBUG org.apache.http.client.protocol.RequestAddCookies -- CookieSpec selected: karate
16:18:54.986 [pool-2-thread-9] DEBUG org.apache.http.client.protocol.RequestAuthCache -- Auth cache not set in the context
16:18:54.986 [pool-2-thread-9] DEBUG com.intuit.karate -- request:
10 > POST http://localhost:3000/auth/login
10 > Content-Type: application/json; charset=UTF-8
10 > Content-Length: 53
10 > Host: localhost:3000
10 > Connection: Keep-Alive
10 > User-Agent: Apache-HttpClient/4.5.14 (Java/17.0.9)
10 > Accept-Encoding: gzip,deflate
{"email":"testit@gmail.com","password":"Password123"}

16:18:54.986 [pool-2-thread-9] DEBUG org.apache.http.impl.conn.PoolingHttpClientConnectionManager -- Connection request: [route: {}->http://localhost:3000][total available: 0; route allocated: 0 of 5; total allocated: 0 of 10]
16:18:54.987 [pool-2-thread-9] DEBUG org.apache.http.impl.conn.PoolingHttpClientConnectionManager -- Connection leased: [id: 95][route: {}->http://localhost:3000][total available: 0; route allocated: 1 of 5; total allocated: 1 of 10]
16:18:54.987 [pool-2-thread-9] DEBUG org.apache.http.impl.execchain.MainClientExec -- Opening connection {}->http://localhost:3000
16:18:54.988 [pool-2-thread-9] DEBUG org.apache.http.impl.conn.DefaultHttpClientConnectionOperator -- Connecting to localhost/127.0.0.1:3000
16:18:54.989 [pool-2-thread-9] DEBUG org.apache.http.impl.conn.DefaultHttpClientConnectionOperator -- Connection established 127.0.0.1:51369<->127.0.0.1:3000
16:18:54.989 [pool-2-thread-9] DEBUG org.apache.http.impl.conn.DefaultManagedHttpClientConnection -- http-outgoing-95: set socket timeout to 30000
16:18:54.989 [pool-2-thread-9] DEBUG org.apache.http.impl.execchain.MainClientExec -- Executing request POST /auth/login HTTP/1.1
16:18:54.989 [pool-2-thread-9] DEBUG org.apache.http.impl.execchain.MainClientExec -- Target auth state: UNCHALLENGED
16:18:54.989 [pool-2-thread-9] DEBUG org.apache.http.impl.execchain.MainClientExec -- Proxy auth state: UNCHALLENGED
16:18:54.989 [pool-2-thread-9] DEBUG org.apache.http.headers -- http-outgoing-95 >> POST /auth/login HTTP/1.1
16:18:54.989 [pool-2-thread-9] DEBUG org.apache.http.headers -- http-outgoing-95 >> Content-Type: application/json; charset=UTF-8
16:18:54.989 [pool-2-thread-9] DEBUG org.apache.http.headers -- http-outgoing-95 >> Content-Length: 53
16:18:54.989 [pool-2-thread-9] DEBUG org.apache.http.headers -- http-outgoing-95 >> Host: localhost:3000
16:18:54.989 [pool-2-thread-9] DEBUG org.apache.http.headers -- http-outgoing-95 >> Connection: Keep-Alive
16:18:54.989 [pool-2-thread-9] DEBUG org.apache.http.headers -- http-outgoing-95 >> User-Agent: Apache-HttpClient/4.5.14 (Java/17.0.9)
16:18:54.989 [pool-2-thread-9] DEBUG org.apache.http.headers -- http-outgoing-95 >> Accept-Encoding: gzip,deflate
16:18:54.989 [pool-2-thread-9] DEBUG org.apache.http.wire -- http-outgoing-95 >> "POST /auth/login HTTP/1.1[\r][\n]"
16:18:54.989 [pool-2-thread-9] DEBUG org.apache.http.wire -- http-outgoing-95 >> "Content-Type: application/json; charset=UTF-8[\r][\n]"
16:18:54.989 [pool-2-thread-9] DEBUG org.apache.http.wire -- http-outgoing-95 >> "Content-Length: 53[\r][\n]"
16:18:54.989 [pool-2-thread-9] DEBUG org.apache.http.wire -- http-outgoing-95 >> "Host: localhost:3000[\r][\n]"
16:18:54.989 [pool-2-thread-9] DEBUG org.apache.http.wire -- http-outgoing-95 >> "Connection: Keep-Alive[\r][\n]"
16:18:54.989 [pool-2-thread-9] DEBUG org.apache.http.wire -- http-outgoing-95 >> "User-Agent: Apache-HttpClient/4.5.14 (Java/17.0.9)[\r][\n]"
16:18:54.989 [pool-2-thread-9] DEBUG org.apache.http.wire -- http-outgoing-95 >> "Accept-Encoding: gzip,deflate[\r][\n]"
16:18:54.989 [pool-2-thread-9] DEBUG org.apache.http.wire -- http-outgoing-95 >> "[\r][\n]"
16:18:54.989 [pool-2-thread-9] DEBUG org.apache.http.wire -- http-outgoing-95 >> "{"email":"testit@gmail.com","password":"Password123"}"
16:18:55.629 [pool-2-thread-3] DEBUG org.apache.http.wire -- http-outgoing-86 << "HTTP/1.1 200 OK[\r][\n]"
16:18:55.629 [pool-2-thread-3] DEBUG org.apache.http.wire -- http-outgoing-86 << "X-Powered-By: Express[\r][\n]"
16:18:55.629 [pool-2-thread-3] DEBUG org.apache.http.wire -- http-outgoing-86 << "Access-Control-Allow-Origin: *[\r][\n]"
16:18:55.629 [pool-2-thread-3] DEBUG org.apache.http.wire -- http-outgoing-86 << "Content-Type: application/json; charset=utf-8[\r][\n]"
16:18:55.629 [pool-2-thread-3] DEBUG org.apache.http.wire -- http-outgoing-86 << "Content-Length: 599[\r][\n]"
16:18:55.629 [pool-2-thread-3] DEBUG org.apache.http.wire -- http-outgoing-86 << "ETag: W/"257-aEJ4SsgSQGfSiuQrdLtkBcnGnJM"[\r][\n]"
16:18:55.629 [pool-2-thread-3] DEBUG org.apache.http.wire -- http-outgoing-86 << "Date: Tue, 24 Jun 2025 09:18:55 GMT[\r][\n]"
16:18:55.629 [pool-2-thread-3] DEBUG org.apache.http.wire -- http-outgoing-86 << "Connection: keep-alive[\r][\n]"
16:18:55.629 [pool-2-thread-3] DEBUG org.apache.http.wire -- http-outgoing-86 << "Keep-Alive: timeout=5[\r][\n]"
16:18:55.629 [pool-2-thread-3] DEBUG org.apache.http.wire -- http-outgoing-86 << "[\r][\n]"
16:18:55.629 [pool-2-thread-3] DEBUG org.apache.http.wire -- http-outgoing-86 << "{"access_token":"eyJhbGciOiJIUzI1NiIsInR5cCI6IkpXVCJ9.eyJzdWIiOiIyZGRhMDQzOS01MTgwLTQ1YWEtOTE3Zi1lNjMyZTQ1YThlNDEiLCJ1c2VybmFtZSI6ImpvaG5kb2UiLCJyb2xlIjowLCJpYXQiOjE3NTA3NTY3MzQsImV4cCI6MTc1MDc2MDMzNH0.bz1Xe3Q7LCMu0ofa6PN8ZethPPhOwP9bievk0FzXTaM","refresh_token":"1cc682ea2a9de3f98e1cea58703cf4591ac295d2208edec3ab929943d83849f9","user":{"id":"2dda0439-5180-45aa-917f-e632e45a8e41","email":"test@example.com","username":"johndoe","name":"John Doe","phoneNumber":"0987654321","profilePic":null,"bio":null,"private":false,"verified":false,"role":0,"followersCount":0,"followingCount":0,"postCount":0}}"
16:18:55.629 [pool-2-thread-3] DEBUG org.apache.http.headers -- http-outgoing-86 << HTTP/1.1 200 OK
16:18:55.629 [pool-2-thread-3] DEBUG org.apache.http.headers -- http-outgoing-86 << X-Powered-By: Express
16:18:55.629 [pool-2-thread-3] DEBUG org.apache.http.headers -- http-outgoing-86 << Access-Control-Allow-Origin: *
16:18:55.629 [pool-2-thread-3] DEBUG org.apache.http.headers -- http-outgoing-86 << Content-Type: application/json; charset=utf-8
16:18:55.629 [pool-2-thread-3] DEBUG org.apache.http.headers -- http-outgoing-86 << Content-Length: 599
16:18:55.629 [pool-2-thread-3] DEBUG org.apache.http.headers -- http-outgoing-86 << ETag: W/"257-aEJ4SsgSQGfSiuQrdLtkBcnGnJM"
16:18:55.629 [pool-2-thread-3] DEBUG org.apache.http.headers -- http-outgoing-86 << Date: Tue, 24 Jun 2025 09:18:55 GMT
16:18:55.629 [pool-2-thread-3] DEBUG org.apache.http.headers -- http-outgoing-86 << Connection: keep-alive
16:18:55.629 [pool-2-thread-3] DEBUG org.apache.http.headers -- http-outgoing-86 << Keep-Alive: timeout=5
16:18:55.629 [pool-2-thread-3] DEBUG org.apache.http.impl.execchain.MainClientExec -- Connection can be kept alive for 5000 MILLISECONDS
16:18:55.629 [pool-2-thread-3] DEBUG org.apache.http.impl.conn.PoolingHttpClientConnectionManager -- Connection [id: 86][route: {}->http://localhost:3000] can be kept alive for 5.0 seconds
16:18:55.629 [pool-2-thread-3] DEBUG org.apache.http.impl.conn.DefaultManagedHttpClientConnection -- http-outgoing-86: set socket timeout to 0
16:18:55.629 [pool-2-thread-3] DEBUG org.apache.http.impl.conn.PoolingHttpClientConnectionManager -- Connection released: [id: 86][route: {}->http://localhost:3000][total available: 1; route allocated: 1 of 5; total allocated: 1 of 10]
16:18:55.629 [pool-2-thread-3] DEBUG org.apache.http.impl.conn.PoolingHttpClientConnectionManager -- Connection manager is shutting down
16:18:55.629 [pool-2-thread-3] DEBUG org.apache.http.impl.conn.DefaultManagedHttpClientConnection -- http-outgoing-86: Close connection
16:18:55.629 [pool-2-thread-3] DEBUG org.apache.http.impl.conn.PoolingHttpClientConnectionManager -- Connection manager shut down
16:18:55.631 [pool-2-thread-3] DEBUG com.intuit.karate -- response time in milliseconds: 902
9 < 200
9 < X-Powered-By: Express
9 < Access-Control-Allow-Origin: *
9 < Content-Type: application/json; charset=utf-8
9 < Content-Length: 599
9 < ETag: W/"257-aEJ4SsgSQGfSiuQrdLtkBcnGnJM"
9 < Date: Tue, 24 Jun 2025 09:18:55 GMT
9 < Connection: keep-alive
9 < Keep-Alive: timeout=5
{"access_token":"eyJhbGciOiJIUzI1NiIsInR5cCI6IkpXVCJ9.eyJzdWIiOiIyZGRhMDQzOS01MTgwLTQ1YWEtOTE3Zi1lNjMyZTQ1YThlNDEiLCJ1c2VybmFtZSI6ImpvaG5kb2UiLCJyb2xlIjowLCJpYXQiOjE3NTA3NTY3MzQsImV4cCI6MTc1MDc2MDMzNH0.bz1Xe3Q7LCMu0ofa6PN8ZethPPhOwP9bievk0FzXTaM","refresh_token":"1cc682ea2a9de3f98e1cea58703cf4591ac295d2208edec3ab929943d83849f9","user":{"id":"2dda0439-5180-45aa-917f-e632e45a8e41","email":"test@example.com","username":"johndoe","name":"John Doe","phoneNumber":"0987654321","profilePic":null,"bio":null,"private":false,"verified":false,"role":0,"followersCount":0,"followingCount":0,"postCount":0}}

16:18:55.631 [pool-2-thread-3] INFO com.intuit.karate -- [print] Call 9 completed, status: 200 
16:18:55.633 [pool-2-thread-3] INFO com.intuit.karate -- [print] *** API CALL 10 *** 
16:18:55.635 [pool-2-thread-3] DEBUG org.apache.http.client.protocol.RequestAddCookies -- CookieSpec selected: karate
16:18:55.635 [pool-2-thread-3] DEBUG org.apache.http.client.protocol.RequestAuthCache -- Auth cache not set in the context
16:18:55.635 [pool-2-thread-3] DEBUG com.intuit.karate -- request:
10 > POST http://localhost:3000/auth/login
10 > Content-Type: application/json; charset=UTF-8
10 > Content-Length: 53
10 > Host: localhost:3000
10 > Connection: Keep-Alive
10 > User-Agent: Apache-HttpClient/4.5.14 (Java/17.0.9)
10 > Accept-Encoding: gzip,deflate
{"email":"test@example.com","password":"Password123"}

16:18:55.635 [pool-2-thread-3] DEBUG org.apache.http.impl.conn.PoolingHttpClientConnectionManager -- Connection request: [route: {}->http://localhost:3000][total available: 0; route allocated: 0 of 5; total allocated: 0 of 10]
16:18:55.635 [pool-2-thread-3] DEBUG org.apache.http.impl.conn.PoolingHttpClientConnectionManager -- Connection leased: [id: 96][route: {}->http://localhost:3000][total available: 0; route allocated: 1 of 5; total allocated: 1 of 10]
16:18:55.635 [pool-2-thread-3] DEBUG org.apache.http.impl.execchain.MainClientExec -- Opening connection {}->http://localhost:3000
16:18:55.635 [pool-2-thread-3] DEBUG org.apache.http.impl.conn.DefaultHttpClientConnectionOperator -- Connecting to localhost/127.0.0.1:3000
16:18:55.636 [pool-2-thread-3] DEBUG org.apache.http.impl.conn.DefaultHttpClientConnectionOperator -- Connection established 127.0.0.1:51370<->127.0.0.1:3000
16:18:55.636 [pool-2-thread-3] DEBUG org.apache.http.impl.conn.DefaultManagedHttpClientConnection -- http-outgoing-96: set socket timeout to 30000
16:18:55.636 [pool-2-thread-3] DEBUG org.apache.http.impl.execchain.MainClientExec -- Executing request POST /auth/login HTTP/1.1
16:18:55.636 [pool-2-thread-3] DEBUG org.apache.http.impl.execchain.MainClientExec -- Target auth state: UNCHALLENGED
16:18:55.636 [pool-2-thread-3] DEBUG org.apache.http.impl.execchain.MainClientExec -- Proxy auth state: UNCHALLENGED
16:18:55.636 [pool-2-thread-3] DEBUG org.apache.http.headers -- http-outgoing-96 >> POST /auth/login HTTP/1.1
16:18:55.636 [pool-2-thread-3] DEBUG org.apache.http.headers -- http-outgoing-96 >> Content-Type: application/json; charset=UTF-8
16:18:55.636 [pool-2-thread-3] DEBUG org.apache.http.headers -- http-outgoing-96 >> Content-Length: 53
16:18:55.636 [pool-2-thread-3] DEBUG org.apache.http.headers -- http-outgoing-96 >> Host: localhost:3000
16:18:55.636 [pool-2-thread-3] DEBUG org.apache.http.headers -- http-outgoing-96 >> Connection: Keep-Alive
16:18:55.636 [pool-2-thread-3] DEBUG org.apache.http.headers -- http-outgoing-96 >> User-Agent: Apache-HttpClient/4.5.14 (Java/17.0.9)
16:18:55.636 [pool-2-thread-3] DEBUG org.apache.http.headers -- http-outgoing-96 >> Accept-Encoding: gzip,deflate
16:18:55.636 [pool-2-thread-3] DEBUG org.apache.http.wire -- http-outgoing-96 >> "POST /auth/login HTTP/1.1[\r][\n]"
16:18:55.636 [pool-2-thread-3] DEBUG org.apache.http.wire -- http-outgoing-96 >> "Content-Type: application/json; charset=UTF-8[\r][\n]"
16:18:55.636 [pool-2-thread-3] DEBUG org.apache.http.wire -- http-outgoing-96 >> "Content-Length: 53[\r][\n]"
16:18:55.636 [pool-2-thread-3] DEBUG org.apache.http.wire -- http-outgoing-96 >> "Host: localhost:3000[\r][\n]"
16:18:55.636 [pool-2-thread-3] DEBUG org.apache.http.wire -- http-outgoing-96 >> "Connection: Keep-Alive[\r][\n]"
16:18:55.636 [pool-2-thread-3] DEBUG org.apache.http.wire -- http-outgoing-96 >> "User-Agent: Apache-HttpClient/4.5.14 (Java/17.0.9)[\r][\n]"
16:18:55.636 [pool-2-thread-3] DEBUG org.apache.http.wire -- http-outgoing-96 >> "Accept-Encoding: gzip,deflate[\r][\n]"
16:18:55.637 [pool-2-thread-3] DEBUG org.apache.http.wire -- http-outgoing-96 >> "[\r][\n]"
16:18:55.637 [pool-2-thread-3] DEBUG org.apache.http.wire -- http-outgoing-96 >> "{"email":"test@example.com","password":"Password123"}"
16:18:55.663 [pool-2-thread-4] DEBUG org.apache.http.wire -- http-outgoing-87 << "HTTP/1.1 200 OK[\r][\n]"
16:18:55.663 [pool-2-thread-4] DEBUG org.apache.http.wire -- http-outgoing-87 << "X-Powered-By: Express[\r][\n]"
16:18:55.663 [pool-2-thread-4] DEBUG org.apache.http.wire -- http-outgoing-87 << "Access-Control-Allow-Origin: *[\r][\n]"
16:18:55.663 [pool-2-thread-4] DEBUG org.apache.http.wire -- http-outgoing-87 << "Content-Type: application/json; charset=utf-8[\r][\n]"
16:18:55.663 [pool-2-thread-4] DEBUG org.apache.http.wire -- http-outgoing-87 << "Content-Length: 608[\r][\n]"
16:18:55.663 [pool-2-thread-4] DEBUG org.apache.http.wire -- http-outgoing-87 << "ETag: W/"260-8DyXxWrL+PcDL2k+p/2j85u6PDU"[\r][\n]"
16:18:55.663 [pool-2-thread-4] DEBUG org.apache.http.wire -- http-outgoing-87 << "Date: Tue, 24 Jun 2025 09:18:55 GMT[\r][\n]"
16:18:55.663 [pool-2-thread-4] DEBUG org.apache.http.wire -- http-outgoing-87 << "Connection: keep-alive[\r][\n]"
16:18:55.663 [pool-2-thread-4] DEBUG org.apache.http.wire -- http-outgoing-87 << "Keep-Alive: timeout=5[\r][\n]"
16:18:55.663 [pool-2-thread-4] DEBUG org.apache.http.wire -- http-outgoing-87 << "[\r][\n]"
16:18:55.663 [pool-2-thread-4] DEBUG org.apache.http.wire -- http-outgoing-87 << "{"access_token":"eyJhbGciOiJIUzI1NiIsInR5cCI6IkpXVCJ9.eyJzdWIiOiI4YTI0NzQ2MS01YzA0LTQyMWQtOThmNS1mYTljNzM0ZmFlYTUiLCJ1c2VybmFtZSI6ImphbmVzbWl0aCIsInJvbGUiOjAsImlhdCI6MTc1MDc1NjczNCwiZXhwIjoxNzUwNzYwMzM0fQ.3egnvyceyuAzvh0O51E1YimNbxm_ukcP_PjOtgMQuSY","refresh_token":"7413c73f6400e00141f0c10cd94ceb1c1c2231611c84ae43402e930763b53e68","user":{"id":"8a247461-5c04-421d-98f5-fa9c734faea5","email":"test2@example.com","username":"janesmith","name":"Jane Smith","phoneNumber":"01234567890","profilePic":null,"bio":null,"private":false,"verified":false,"role":0,"followersCount":0,"followingCount":0,"postCount":0}}"
16:18:55.664 [pool-2-thread-4] DEBUG org.apache.http.headers -- http-outgoing-87 << HTTP/1.1 200 OK
16:18:55.664 [pool-2-thread-4] DEBUG org.apache.http.headers -- http-outgoing-87 << X-Powered-By: Express
16:18:55.664 [pool-2-thread-4] DEBUG org.apache.http.headers -- http-outgoing-87 << Access-Control-Allow-Origin: *
16:18:55.664 [pool-2-thread-4] DEBUG org.apache.http.headers -- http-outgoing-87 << Content-Type: application/json; charset=utf-8
16:18:55.664 [pool-2-thread-4] DEBUG org.apache.http.headers -- http-outgoing-87 << Content-Length: 608
16:18:55.664 [pool-2-thread-4] DEBUG org.apache.http.headers -- http-outgoing-87 << ETag: W/"260-8DyXxWrL+PcDL2k+p/2j85u6PDU"
16:18:55.664 [pool-2-thread-4] DEBUG org.apache.http.headers -- http-outgoing-87 << Date: Tue, 24 Jun 2025 09:18:55 GMT
16:18:55.664 [pool-2-thread-4] DEBUG org.apache.http.headers -- http-outgoing-87 << Connection: keep-alive
16:18:55.664 [pool-2-thread-4] DEBUG org.apache.http.headers -- http-outgoing-87 << Keep-Alive: timeout=5
16:18:55.664 [pool-2-thread-4] DEBUG org.apache.http.impl.execchain.MainClientExec -- Connection can be kept alive for 5000 MILLISECONDS
16:18:55.664 [pool-2-thread-4] DEBUG org.apache.http.impl.conn.PoolingHttpClientConnectionManager -- Connection [id: 87][route: {}->http://localhost:3000] can be kept alive for 5.0 seconds
16:18:55.664 [pool-2-thread-4] DEBUG org.apache.http.impl.conn.DefaultManagedHttpClientConnection -- http-outgoing-87: set socket timeout to 0
16:18:55.665 [pool-2-thread-4] DEBUG org.apache.http.impl.conn.PoolingHttpClientConnectionManager -- Connection released: [id: 87][route: {}->http://localhost:3000][total available: 1; route allocated: 1 of 5; total allocated: 1 of 10]
16:18:55.665 [pool-2-thread-4] DEBUG org.apache.http.impl.conn.PoolingHttpClientConnectionManager -- Connection manager is shutting down
16:18:55.665 [pool-2-thread-4] DEBUG org.apache.http.impl.conn.DefaultManagedHttpClientConnection -- http-outgoing-87: Close connection
16:18:55.665 [pool-2-thread-4] DEBUG org.apache.http.impl.conn.PoolingHttpClientConnectionManager -- Connection manager shut down
16:18:55.665 [pool-2-thread-4] DEBUG com.intuit.karate -- response time in milliseconds: 934
9 < 200
9 < X-Powered-By: Express
9 < Access-Control-Allow-Origin: *
9 < Content-Type: application/json; charset=utf-8
9 < Content-Length: 608
9 < ETag: W/"260-8DyXxWrL+PcDL2k+p/2j85u6PDU"
9 < Date: Tue, 24 Jun 2025 09:18:55 GMT
9 < Connection: keep-alive
9 < Keep-Alive: timeout=5
{"access_token":"eyJhbGciOiJIUzI1NiIsInR5cCI6IkpXVCJ9.eyJzdWIiOiI4YTI0NzQ2MS01YzA0LTQyMWQtOThmNS1mYTljNzM0ZmFlYTUiLCJ1c2VybmFtZSI6ImphbmVzbWl0aCIsInJvbGUiOjAsImlhdCI6MTc1MDc1NjczNCwiZXhwIjoxNzUwNzYwMzM0fQ.3egnvyceyuAzvh0O51E1YimNbxm_ukcP_PjOtgMQuSY","refresh_token":"7413c73f6400e00141f0c10cd94ceb1c1c2231611c84ae43402e930763b53e68","user":{"id":"8a247461-5c04-421d-98f5-fa9c734faea5","email":"test2@example.com","username":"janesmith","name":"Jane Smith","phoneNumber":"01234567890","profilePic":null,"bio":null,"private":false,"verified":false,"role":0,"followersCount":0,"followingCount":0,"postCount":0}}

16:18:55.666 [pool-2-thread-8] DEBUG org.apache.http.wire -- http-outgoing-89 << "HTTP/1.1 200 OK[\r][\n]"
16:18:55.667 [pool-2-thread-8] DEBUG org.apache.http.wire -- http-outgoing-89 << "X-Powered-By: Express[\r][\n]"
16:18:55.667 [pool-2-thread-8] DEBUG org.apache.http.wire -- http-outgoing-89 << "Access-Control-Allow-Origin: *[\r][\n]"
16:18:55.667 [pool-2-thread-8] DEBUG org.apache.http.wire -- http-outgoing-89 << "Content-Type: application/json; charset=utf-8[\r][\n]"
16:18:55.667 [pool-2-thread-8] DEBUG org.apache.http.wire -- http-outgoing-89 << "Content-Length: 609[\r][\n]"
16:18:55.667 [pool-2-thread-8] DEBUG org.apache.http.wire -- http-outgoing-89 << "ETag: W/"261-puARBDWSdzAaQf+GYY/YnBoLQBc"[\r][\n]"
16:18:55.667 [pool-2-thread-8] DEBUG org.apache.http.wire -- http-outgoing-89 << "Date: Tue, 24 Jun 2025 09:18:55 GMT[\r][\n]"
16:18:55.667 [pool-2-thread-8] DEBUG org.apache.http.wire -- http-outgoing-89 << "Connection: keep-alive[\r][\n]"
16:18:55.667 [pool-2-thread-8] DEBUG org.apache.http.wire -- http-outgoing-89 << "Keep-Alive: timeout=5[\r][\n]"
16:18:55.667 [pool-2-thread-8] DEBUG org.apache.http.wire -- http-outgoing-89 << "[\r][\n]"
16:18:55.667 [pool-2-thread-8] DEBUG org.apache.http.wire -- http-outgoing-89 << "{"access_token":"eyJhbGciOiJIUzI1NiIsInR5cCI6IkpXVCJ9.eyJzdWIiOiIyNzJmNmI1NS01MTc5LTRhZTMtODU2My1iNGVjMTBmNzY3MTUiLCJ1c2VybmFtZSI6ImpvaG5kb2UyZDVkIiwicm9sZSI6MCwiaWF0IjoxNzUwNzU2NzM0LCJleHAiOjE3NTA3NjAzMzR9.oouG5HVk4GHfkReiGMqy8ZZM_DLepQz8RG3ir02QZH0","refresh_token":"bb6305360ef90ce6b6a40a47d8dc547b1ddbf6cc3639171096d4702d072decfe","user":{"id":"272f6b55-5179-4ae3-8563-b4ec10f76715","email":"testit5@gmail.com","username":"johndoe2d5d","name":"John Doe","phoneNumber":"0123456132","profilePic":null,"bio":null,"private":false,"verified":false,"role":0,"followersCount":0,"followingCount":0,"postCount":0}}"
16:18:55.667 [pool-2-thread-8] DEBUG org.apache.http.headers -- http-outgoing-89 << HTTP/1.1 200 OK
16:18:55.667 [pool-2-thread-8] DEBUG org.apache.http.headers -- http-outgoing-89 << X-Powered-By: Express
16:18:55.667 [pool-2-thread-8] DEBUG org.apache.http.headers -- http-outgoing-89 << Access-Control-Allow-Origin: *
16:18:55.667 [pool-2-thread-8] DEBUG org.apache.http.headers -- http-outgoing-89 << Content-Type: application/json; charset=utf-8
16:18:55.667 [pool-2-thread-8] DEBUG org.apache.http.headers -- http-outgoing-89 << Content-Length: 609
16:18:55.667 [pool-2-thread-8] DEBUG org.apache.http.headers -- http-outgoing-89 << ETag: W/"261-puARBDWSdzAaQf+GYY/YnBoLQBc"
16:18:55.667 [pool-2-thread-8] DEBUG org.apache.http.headers -- http-outgoing-89 << Date: Tue, 24 Jun 2025 09:18:55 GMT
16:18:55.667 [pool-2-thread-8] DEBUG org.apache.http.headers -- http-outgoing-89 << Connection: keep-alive
16:18:55.667 [pool-2-thread-8] DEBUG org.apache.http.headers -- http-outgoing-89 << Keep-Alive: timeout=5
16:18:55.667 [pool-2-thread-8] DEBUG org.apache.http.impl.execchain.MainClientExec -- Connection can be kept alive for 5000 MILLISECONDS
16:18:55.667 [pool-2-thread-7] DEBUG org.apache.http.wire -- http-outgoing-88 << "HTTP/1.1 200 OK[\r][\n]"
16:18:55.667 [pool-2-thread-7] DEBUG org.apache.http.wire -- http-outgoing-88 << "X-Powered-By: Express[\r][\n]"
16:18:55.667 [pool-2-thread-7] DEBUG org.apache.http.wire -- http-outgoing-88 << "Access-Control-Allow-Origin: *[\r][\n]"
16:18:55.667 [pool-2-thread-7] DEBUG org.apache.http.wire -- http-outgoing-88 << "Content-Type: application/json; charset=utf-8[\r][\n]"
16:18:55.667 [pool-2-thread-7] DEBUG org.apache.http.wire -- http-outgoing-88 << "Content-Length: 605[\r][\n]"
16:18:55.667 [pool-2-thread-7] DEBUG org.apache.http.wire -- http-outgoing-88 << "ETag: W/"25d-TTuc47A9tufB9VV2zBvAKpbun5k"[\r][\n]"
16:18:55.667 [pool-2-thread-7] DEBUG org.apache.http.wire -- http-outgoing-88 << "Date: Tue, 24 Jun 2025 09:18:55 GMT[\r][\n]"
16:18:55.667 [pool-2-thread-7] DEBUG org.apache.http.wire -- http-outgoing-88 << "Connection: keep-alive[\r][\n]"
16:18:55.667 [pool-2-thread-7] DEBUG org.apache.http.wire -- http-outgoing-88 << "Keep-Alive: timeout=5[\r][\n]"
16:18:55.667 [pool-2-thread-7] DEBUG org.apache.http.wire -- http-outgoing-88 << "[\r][\n]"
16:18:55.667 [pool-2-thread-7] DEBUG org.apache.http.wire -- http-outgoing-88 << "{"access_token":"eyJhbGciOiJIUzI1NiIsInR5cCI6IkpXVCJ9.eyJzdWIiOiI2NTBjZTFlZC1hYWNhLTQzOGYtOTk4OC0xZjA1OGFiNWFhMWEiLCJ1c2VybmFtZSI6ImpvaG5kb2UyNSIsInJvbGUiOjAsImlhdCI6MTc1MDc1NjczNCwiZXhwIjoxNzUwNzYwMzM0fQ.s-CXQFFugvJfW0PEQ-BgqAyzybjpbiijSIGO9nYYNzo","refresh_token":"ee1f18a300ccd408c75ee6da511484f978b3814238218cc87fc736566ffae31d","user":{"id":"650ce1ed-aaca-438f-9988-1f058ab5aa1a","email":"testit3@gmail.com","username":"johndoe25","name":"John Doe","phoneNumber":"0123456713","profilePic":null,"bio":null,"private":false,"verified":false,"role":0,"followersCount":0,"followingCount":0,"postCount":0}}"
16:18:55.667 [pool-2-thread-8] DEBUG org.apache.http.impl.conn.PoolingHttpClientConnectionManager -- Connection [id: 89][route: {}->http://localhost:3000] can be kept alive for 5.0 seconds
16:18:55.667 [pool-2-thread-8] DEBUG org.apache.http.impl.conn.DefaultManagedHttpClientConnection -- http-outgoing-89: set socket timeout to 0
16:18:55.667 [pool-2-thread-7] DEBUG org.apache.http.headers -- http-outgoing-88 << HTTP/1.1 200 OK
16:18:55.667 [pool-2-thread-7] DEBUG org.apache.http.headers -- http-outgoing-88 << X-Powered-By: Express
16:18:55.667 [pool-2-thread-8] DEBUG org.apache.http.impl.conn.PoolingHttpClientConnectionManager -- Connection released: [id: 89][route: {}->http://localhost:3000][total available: 1; route allocated: 1 of 5; total allocated: 1 of 10]
16:18:55.667 [pool-2-thread-7] DEBUG org.apache.http.headers -- http-outgoing-88 << Access-Control-Allow-Origin: *
16:18:55.667 [pool-2-thread-7] DEBUG org.apache.http.headers -- http-outgoing-88 << Content-Type: application/json; charset=utf-8
16:18:55.667 [pool-2-thread-7] DEBUG org.apache.http.headers -- http-outgoing-88 << Content-Length: 605
16:18:55.667 [pool-2-thread-7] DEBUG org.apache.http.headers -- http-outgoing-88 << ETag: W/"25d-TTuc47A9tufB9VV2zBvAKpbun5k"
16:18:55.667 [pool-2-thread-7] DEBUG org.apache.http.headers -- http-outgoing-88 << Date: Tue, 24 Jun 2025 09:18:55 GMT
16:18:55.667 [pool-2-thread-7] DEBUG org.apache.http.headers -- http-outgoing-88 << Connection: keep-alive
16:18:55.667 [pool-2-thread-7] DEBUG org.apache.http.headers -- http-outgoing-88 << Keep-Alive: timeout=5
16:18:55.667 [pool-2-thread-8] DEBUG org.apache.http.impl.conn.PoolingHttpClientConnectionManager -- Connection manager is shutting down
16:18:55.667 [pool-2-thread-8] DEBUG org.apache.http.impl.conn.DefaultManagedHttpClientConnection -- http-outgoing-89: Close connection
16:18:55.667 [pool-2-thread-7] DEBUG org.apache.http.impl.execchain.MainClientExec -- Connection can be kept alive for 5000 MILLISECONDS
16:18:55.667 [pool-2-thread-8] DEBUG org.apache.http.impl.conn.PoolingHttpClientConnectionManager -- Connection manager shut down
16:18:55.667 [pool-2-thread-7] DEBUG org.apache.http.impl.conn.PoolingHttpClientConnectionManager -- Connection [id: 88][route: {}->http://localhost:3000] can be kept alive for 5.0 seconds
16:18:55.667 [pool-2-thread-7] DEBUG org.apache.http.impl.conn.DefaultManagedHttpClientConnection -- http-outgoing-88: set socket timeout to 0
16:18:55.667 [pool-2-thread-7] DEBUG org.apache.http.impl.conn.PoolingHttpClientConnectionManager -- Connection released: [id: 88][route: {}->http://localhost:3000][total available: 1; route allocated: 1 of 5; total allocated: 1 of 10]
16:18:55.667 [pool-2-thread-7] DEBUG org.apache.http.impl.conn.PoolingHttpClientConnectionManager -- Connection manager is shutting down
16:18:55.667 [pool-2-thread-7] DEBUG org.apache.http.impl.conn.DefaultManagedHttpClientConnection -- http-outgoing-88: Close connection
16:18:55.668 [pool-2-thread-7] DEBUG org.apache.http.impl.conn.PoolingHttpClientConnectionManager -- Connection manager shut down
16:18:55.668 [pool-2-thread-8] DEBUG com.intuit.karate -- response time in milliseconds: 929
9 < 200
9 < X-Powered-By: Express
9 < Access-Control-Allow-Origin: *
9 < Content-Type: application/json; charset=utf-8
9 < Content-Length: 609
9 < ETag: W/"261-puARBDWSdzAaQf+GYY/YnBoLQBc"
9 < Date: Tue, 24 Jun 2025 09:18:55 GMT
9 < Connection: keep-alive
9 < Keep-Alive: timeout=5
{"access_token":"eyJhbGciOiJIUzI1NiIsInR5cCI6IkpXVCJ9.eyJzdWIiOiIyNzJmNmI1NS01MTc5LTRhZTMtODU2My1iNGVjMTBmNzY3MTUiLCJ1c2VybmFtZSI6ImpvaG5kb2UyZDVkIiwicm9sZSI6MCwiaWF0IjoxNzUwNzU2NzM0LCJleHAiOjE3NTA3NjAzMzR9.oouG5HVk4GHfkReiGMqy8ZZM_DLepQz8RG3ir02QZH0","refresh_token":"bb6305360ef90ce6b6a40a47d8dc547b1ddbf6cc3639171096d4702d072decfe","user":{"id":"272f6b55-5179-4ae3-8563-b4ec10f76715","email":"testit5@gmail.com","username":"johndoe2d5d","name":"John Doe","phoneNumber":"0123456132","profilePic":null,"bio":null,"private":false,"verified":false,"role":0,"followersCount":0,"followingCount":0,"postCount":0}}

16:18:55.668 [pool-2-thread-7] DEBUG com.intuit.karate -- response time in milliseconds: 936
9 < 200
9 < X-Powered-By: Express
9 < Access-Control-Allow-Origin: *
9 < Content-Type: application/json; charset=utf-8
9 < Content-Length: 605
9 < ETag: W/"25d-TTuc47A9tufB9VV2zBvAKpbun5k"
9 < Date: Tue, 24 Jun 2025 09:18:55 GMT
9 < Connection: keep-alive
9 < Keep-Alive: timeout=5
{"access_token":"eyJhbGciOiJIUzI1NiIsInR5cCI6IkpXVCJ9.eyJzdWIiOiI2NTBjZTFlZC1hYWNhLTQzOGYtOTk4OC0xZjA1OGFiNWFhMWEiLCJ1c2VybmFtZSI6ImpvaG5kb2UyNSIsInJvbGUiOjAsImlhdCI6MTc1MDc1NjczNCwiZXhwIjoxNzUwNzYwMzM0fQ.s-CXQFFugvJfW0PEQ-BgqAyzybjpbiijSIGO9nYYNzo","refresh_token":"ee1f18a300ccd408c75ee6da511484f978b3814238218cc87fc736566ffae31d","user":{"id":"650ce1ed-aaca-438f-9988-1f058ab5aa1a","email":"testit3@gmail.com","username":"johndoe25","name":"John Doe","phoneNumber":"0123456713","profilePic":null,"bio":null,"private":false,"verified":false,"role":0,"followersCount":0,"followingCount":0,"postCount":0}}

16:18:55.669 [pool-2-thread-4] INFO com.intuit.karate -- [print] Call 9 completed, status: 200 
16:18:55.669 [pool-2-thread-4] INFO com.intuit.karate -- [print] *** API CALL 10 *** 
16:18:55.669 [pool-2-thread-8] INFO com.intuit.karate -- [print] Call 9 completed, status: 200 
16:18:55.669 [pool-2-thread-7] INFO com.intuit.karate -- [print] Call 9 completed, status: 200 
16:18:55.670 [pool-2-thread-8] INFO com.intuit.karate -- [print] *** API CALL 10 *** 
16:18:55.670 [pool-2-thread-7] INFO com.intuit.karate -- [print] *** API CALL 10 *** 
16:18:55.671 [pool-2-thread-7] DEBUG org.apache.http.client.protocol.RequestAddCookies -- CookieSpec selected: karate
16:18:55.671 [pool-2-thread-4] DEBUG org.apache.http.client.protocol.RequestAddCookies -- CookieSpec selected: karate
16:18:55.671 [pool-2-thread-8] DEBUG org.apache.http.client.protocol.RequestAddCookies -- CookieSpec selected: karate
16:18:55.671 [pool-2-thread-8] DEBUG org.apache.http.client.protocol.RequestAuthCache -- Auth cache not set in the context
16:18:55.671 [pool-2-thread-4] DEBUG org.apache.http.client.protocol.RequestAuthCache -- Auth cache not set in the context
16:18:55.671 [pool-2-thread-7] DEBUG org.apache.http.client.protocol.RequestAuthCache -- Auth cache not set in the context
16:18:55.671 [pool-2-thread-8] DEBUG com.intuit.karate -- request:
10 > POST http://localhost:3000/auth/login
10 > Content-Type: application/json; charset=UTF-8
10 > Content-Length: 54
10 > Host: localhost:3000
10 > Connection: Keep-Alive
10 > User-Agent: Apache-HttpClient/4.5.14 (Java/17.0.9)
10 > Accept-Encoding: gzip,deflate
{"email":"testit5@gmail.com","password":"Password123"}

16:18:55.671 [pool-2-thread-4] DEBUG com.intuit.karate -- request:
10 > POST http://localhost:3000/auth/login
10 > Content-Type: application/json; charset=UTF-8
10 > Content-Length: 54
10 > Host: localhost:3000
10 > Connection: Keep-Alive
10 > User-Agent: Apache-HttpClient/4.5.14 (Java/17.0.9)
10 > Accept-Encoding: gzip,deflate
{"email":"test2@example.com","password":"Password123"}

16:18:55.671 [pool-2-thread-7] DEBUG com.intuit.karate -- request:
10 > POST http://localhost:3000/auth/login
10 > Content-Type: application/json; charset=UTF-8
10 > Content-Length: 54
10 > Host: localhost:3000
10 > Connection: Keep-Alive
10 > User-Agent: Apache-HttpClient/4.5.14 (Java/17.0.9)
10 > Accept-Encoding: gzip,deflate
{"email":"testit3@gmail.com","password":"Password123"}

16:18:55.671 [pool-2-thread-4] DEBUG org.apache.http.impl.conn.PoolingHttpClientConnectionManager -- Connection request: [route: {}->http://localhost:3000][total available: 0; route allocated: 0 of 5; total allocated: 0 of 10]
16:18:55.671 [pool-2-thread-8] DEBUG org.apache.http.impl.conn.PoolingHttpClientConnectionManager -- Connection request: [route: {}->http://localhost:3000][total available: 0; route allocated: 0 of 5; total allocated: 0 of 10]
16:18:55.671 [pool-2-thread-7] DEBUG org.apache.http.impl.conn.PoolingHttpClientConnectionManager -- Connection request: [route: {}->http://localhost:3000][total available: 0; route allocated: 0 of 5; total allocated: 0 of 10]
16:18:55.671 [pool-2-thread-8] DEBUG org.apache.http.impl.conn.PoolingHttpClientConnectionManager -- Connection leased: [id: 97][route: {}->http://localhost:3000][total available: 0; route allocated: 1 of 5; total allocated: 1 of 10]
16:18:55.671 [pool-2-thread-4] DEBUG org.apache.http.impl.conn.PoolingHttpClientConnectionManager -- Connection leased: [id: 98][route: {}->http://localhost:3000][total available: 0; route allocated: 1 of 5; total allocated: 1 of 10]
16:18:55.671 [pool-2-thread-8] DEBUG org.apache.http.impl.execchain.MainClientExec -- Opening connection {}->http://localhost:3000
16:18:55.671 [pool-2-thread-4] DEBUG org.apache.http.impl.execchain.MainClientExec -- Opening connection {}->http://localhost:3000
16:18:55.672 [pool-2-thread-8] DEBUG org.apache.http.impl.conn.DefaultHttpClientConnectionOperator -- Connecting to localhost/127.0.0.1:3000
16:18:55.672 [pool-2-thread-4] DEBUG org.apache.http.impl.conn.DefaultHttpClientConnectionOperator -- Connecting to localhost/127.0.0.1:3000
16:18:55.672 [pool-2-thread-4] DEBUG org.apache.http.impl.conn.DefaultHttpClientConnectionOperator -- Connection established 127.0.0.1:51372<->127.0.0.1:3000
16:18:55.672 [pool-2-thread-8] DEBUG org.apache.http.impl.conn.DefaultHttpClientConnectionOperator -- Connection established 127.0.0.1:51371<->127.0.0.1:3000
16:18:55.672 [pool-2-thread-4] DEBUG org.apache.http.impl.conn.DefaultManagedHttpClientConnection -- http-outgoing-98: set socket timeout to 30000
16:18:55.672 [pool-2-thread-8] DEBUG org.apache.http.impl.conn.DefaultManagedHttpClientConnection -- http-outgoing-97: set socket timeout to 30000
16:18:55.672 [pool-2-thread-4] DEBUG org.apache.http.impl.execchain.MainClientExec -- Executing request POST /auth/login HTTP/1.1
16:18:55.672 [pool-2-thread-4] DEBUG org.apache.http.impl.execchain.MainClientExec -- Target auth state: UNCHALLENGED
16:18:55.672 [pool-2-thread-8] DEBUG org.apache.http.impl.execchain.MainClientExec -- Executing request POST /auth/login HTTP/1.1
16:18:55.672 [pool-2-thread-4] DEBUG org.apache.http.impl.execchain.MainClientExec -- Proxy auth state: UNCHALLENGED
16:18:55.672 [pool-2-thread-8] DEBUG org.apache.http.impl.execchain.MainClientExec -- Target auth state: UNCHALLENGED
16:18:55.672 [pool-2-thread-8] DEBUG org.apache.http.impl.execchain.MainClientExec -- Proxy auth state: UNCHALLENGED
16:18:55.672 [pool-2-thread-8] DEBUG org.apache.http.headers -- http-outgoing-97 >> POST /auth/login HTTP/1.1
16:18:55.672 [pool-2-thread-4] DEBUG org.apache.http.headers -- http-outgoing-98 >> POST /auth/login HTTP/1.1
16:18:55.672 [pool-2-thread-8] DEBUG org.apache.http.headers -- http-outgoing-97 >> Content-Type: application/json; charset=UTF-8
16:18:55.672 [pool-2-thread-4] DEBUG org.apache.http.headers -- http-outgoing-98 >> Content-Type: application/json; charset=UTF-8
16:18:55.672 [pool-2-thread-8] DEBUG org.apache.http.headers -- http-outgoing-97 >> Content-Length: 54
16:18:55.672 [pool-2-thread-4] DEBUG org.apache.http.headers -- http-outgoing-98 >> Content-Length: 54
16:18:55.672 [pool-2-thread-8] DEBUG org.apache.http.headers -- http-outgoing-97 >> Host: localhost:3000
16:18:55.672 [pool-2-thread-4] DEBUG org.apache.http.headers -- http-outgoing-98 >> Host: localhost:3000
16:18:55.672 [pool-2-thread-8] DEBUG org.apache.http.headers -- http-outgoing-97 >> Connection: Keep-Alive
16:18:55.672 [pool-2-thread-4] DEBUG org.apache.http.headers -- http-outgoing-98 >> Connection: Keep-Alive
16:18:55.672 [pool-2-thread-8] DEBUG org.apache.http.headers -- http-outgoing-97 >> User-Agent: Apache-HttpClient/4.5.14 (Java/17.0.9)
16:18:55.672 [pool-2-thread-7] DEBUG org.apache.http.impl.conn.PoolingHttpClientConnectionManager -- Connection leased: [id: 99][route: {}->http://localhost:3000][total available: 0; route allocated: 1 of 5; total allocated: 1 of 10]
16:18:55.672 [pool-2-thread-8] DEBUG org.apache.http.headers -- http-outgoing-97 >> Accept-Encoding: gzip,deflate
16:18:55.672 [pool-2-thread-7] DEBUG org.apache.http.impl.execchain.MainClientExec -- Opening connection {}->http://localhost:3000
16:18:55.672 [pool-2-thread-4] DEBUG org.apache.http.headers -- http-outgoing-98 >> User-Agent: Apache-HttpClient/4.5.14 (Java/17.0.9)
16:18:55.673 [pool-2-thread-4] DEBUG org.apache.http.headers -- http-outgoing-98 >> Accept-Encoding: gzip,deflate
16:18:55.673 [pool-2-thread-8] DEBUG org.apache.http.wire -- http-outgoing-97 >> "POST /auth/login HTTP/1.1[\r][\n]"
16:18:55.673 [pool-2-thread-4] DEBUG org.apache.http.wire -- http-outgoing-98 >> "POST /auth/login HTTP/1.1[\r][\n]"
16:18:55.673 [pool-2-thread-4] DEBUG org.apache.http.wire -- http-outgoing-98 >> "Content-Type: application/json; charset=UTF-8[\r][\n]"
16:18:55.673 [pool-2-thread-8] DEBUG org.apache.http.wire -- http-outgoing-97 >> "Content-Type: application/json; charset=UTF-8[\r][\n]"
16:18:55.673 [pool-2-thread-8] DEBUG org.apache.http.wire -- http-outgoing-97 >> "Content-Length: 54[\r][\n]"
16:18:55.673 [pool-2-thread-8] DEBUG org.apache.http.wire -- http-outgoing-97 >> "Host: localhost:3000[\r][\n]"
16:18:55.673 [pool-2-thread-8] DEBUG org.apache.http.wire -- http-outgoing-97 >> "Connection: Keep-Alive[\r][\n]"
16:18:55.673 [pool-2-thread-8] DEBUG org.apache.http.wire -- http-outgoing-97 >> "User-Agent: Apache-HttpClient/4.5.14 (Java/17.0.9)[\r][\n]"
16:18:55.673 [pool-2-thread-8] DEBUG org.apache.http.wire -- http-outgoing-97 >> "Accept-Encoding: gzip,deflate[\r][\n]"
16:18:55.673 [pool-2-thread-8] DEBUG org.apache.http.wire -- http-outgoing-97 >> "[\r][\n]"
16:18:55.673 [pool-2-thread-8] DEBUG org.apache.http.wire -- http-outgoing-97 >> "{"email":"testit5@gmail.com","password":"Password123"}"
16:18:55.673 [pool-2-thread-7] DEBUG org.apache.http.impl.conn.DefaultHttpClientConnectionOperator -- Connecting to localhost/127.0.0.1:3000
16:18:55.673 [pool-2-thread-4] DEBUG org.apache.http.wire -- http-outgoing-98 >> "Content-Length: 54[\r][\n]"
16:18:55.673 [pool-2-thread-4] DEBUG org.apache.http.wire -- http-outgoing-98 >> "Host: localhost:3000[\r][\n]"
16:18:55.673 [pool-2-thread-4] DEBUG org.apache.http.wire -- http-outgoing-98 >> "Connection: Keep-Alive[\r][\n]"
16:18:55.673 [pool-2-thread-4] DEBUG org.apache.http.wire -- http-outgoing-98 >> "User-Agent: Apache-HttpClient/4.5.14 (Java/17.0.9)[\r][\n]"
16:18:55.673 [pool-2-thread-4] DEBUG org.apache.http.wire -- http-outgoing-98 >> "Accept-Encoding: gzip,deflate[\r][\n]"
16:18:55.673 [pool-2-thread-4] DEBUG org.apache.http.wire -- http-outgoing-98 >> "[\r][\n]"
16:18:55.673 [pool-2-thread-4] DEBUG org.apache.http.wire -- http-outgoing-98 >> "{"email":"test2@example.com","password":"Password123"}"
16:18:55.673 [pool-2-thread-7] DEBUG org.apache.http.impl.conn.DefaultHttpClientConnectionOperator -- Connection established 127.0.0.1:51373<->127.0.0.1:3000
16:18:55.673 [pool-2-thread-7] DEBUG org.apache.http.impl.conn.DefaultManagedHttpClientConnection -- http-outgoing-99: set socket timeout to 30000
16:18:55.673 [pool-2-thread-7] DEBUG org.apache.http.impl.execchain.MainClientExec -- Executing request POST /auth/login HTTP/1.1
16:18:55.673 [pool-2-thread-7] DEBUG org.apache.http.impl.execchain.MainClientExec -- Target auth state: UNCHALLENGED
16:18:55.673 [pool-2-thread-7] DEBUG org.apache.http.impl.execchain.MainClientExec -- Proxy auth state: UNCHALLENGED
16:18:55.673 [pool-2-thread-7] DEBUG org.apache.http.headers -- http-outgoing-99 >> POST /auth/login HTTP/1.1
16:18:55.673 [pool-2-thread-7] DEBUG org.apache.http.headers -- http-outgoing-99 >> Content-Type: application/json; charset=UTF-8
16:18:55.673 [pool-2-thread-7] DEBUG org.apache.http.headers -- http-outgoing-99 >> Content-Length: 54
16:18:55.673 [pool-2-thread-7] DEBUG org.apache.http.headers -- http-outgoing-99 >> Host: localhost:3000
16:18:55.673 [pool-2-thread-7] DEBUG org.apache.http.headers -- http-outgoing-99 >> Connection: Keep-Alive
16:18:55.673 [pool-2-thread-7] DEBUG org.apache.http.headers -- http-outgoing-99 >> User-Agent: Apache-HttpClient/4.5.14 (Java/17.0.9)
16:18:55.673 [pool-2-thread-7] DEBUG org.apache.http.headers -- http-outgoing-99 >> Accept-Encoding: gzip,deflate
16:18:55.673 [pool-2-thread-7] DEBUG org.apache.http.wire -- http-outgoing-99 >> "POST /auth/login HTTP/1.1[\r][\n]"
16:18:55.673 [pool-2-thread-7] DEBUG org.apache.http.wire -- http-outgoing-99 >> "Content-Type: application/json; charset=UTF-8[\r][\n]"
16:18:55.673 [pool-2-thread-7] DEBUG org.apache.http.wire -- http-outgoing-99 >> "Content-Length: 54[\r][\n]"
16:18:55.673 [pool-2-thread-7] DEBUG org.apache.http.wire -- http-outgoing-99 >> "Host: localhost:3000[\r][\n]"
16:18:55.673 [pool-2-thread-7] DEBUG org.apache.http.wire -- http-outgoing-99 >> "Connection: Keep-Alive[\r][\n]"
16:18:55.673 [pool-2-thread-7] DEBUG org.apache.http.wire -- http-outgoing-99 >> "User-Agent: Apache-HttpClient/4.5.14 (Java/17.0.9)[\r][\n]"
16:18:55.673 [pool-2-thread-7] DEBUG org.apache.http.wire -- http-outgoing-99 >> "Accept-Encoding: gzip,deflate[\r][\n]"
16:18:55.673 [pool-2-thread-7] DEBUG org.apache.http.wire -- http-outgoing-99 >> "[\r][\n]"
16:18:55.673 [pool-2-thread-7] DEBUG org.apache.http.wire -- http-outgoing-99 >> "{"email":"testit3@gmail.com","password":"Password123"}"
16:18:55.697 [pool-2-thread-5] DEBUG org.apache.http.wire -- http-outgoing-90 << "HTTP/1.1 200 OK[\r][\n]"
16:18:55.698 [pool-2-thread-5] DEBUG org.apache.http.wire -- http-outgoing-90 << "X-Powered-By: Express[\r][\n]"
16:18:55.698 [pool-2-thread-5] DEBUG org.apache.http.wire -- http-outgoing-90 << "Access-Control-Allow-Origin: *[\r][\n]"
16:18:55.698 [pool-2-thread-5] DEBUG org.apache.http.wire -- http-outgoing-90 << "Content-Type: application/json; charset=utf-8[\r][\n]"
16:18:55.698 [pool-2-thread-5] DEBUG org.apache.http.wire -- http-outgoing-90 << "Content-Length: 607[\r][\n]"
16:18:55.698 [pool-2-thread-5] DEBUG org.apache.http.wire -- http-outgoing-90 << "ETag: W/"25f-4uTiHIOEgdj5YEvz7WnewZayqhE"[\r][\n]"
16:18:55.698 [pool-2-thread-5] DEBUG org.apache.http.wire -- http-outgoing-90 << "Date: Tue, 24 Jun 2025 09:18:55 GMT[\r][\n]"
16:18:55.698 [pool-2-thread-5] DEBUG org.apache.http.wire -- http-outgoing-90 << "Connection: keep-alive[\r][\n]"
16:18:55.698 [pool-2-thread-5] DEBUG org.apache.http.wire -- http-outgoing-90 << "Keep-Alive: timeout=5[\r][\n]"
16:18:55.698 [pool-2-thread-5] DEBUG org.apache.http.wire -- http-outgoing-90 << "[\r][\n]"
16:18:55.698 [pool-2-thread-5] DEBUG org.apache.http.wire -- http-outgoing-90 << "{"access_token":"eyJhbGciOiJIUzI1NiIsInR5cCI6IkpXVCJ9.eyJzdWIiOiJjMjE0MjJkZi1jY2VjLTQ0MGUtOWE0Mi1jMWI4MmFiZjczM2QiLCJ1c2VybmFtZSI6ImpvaG5kb2UyOCIsInJvbGUiOjAsImlhdCI6MTc1MDc1NjczNSwiZXhwIjoxNzUwNzYwMzM1fQ.p9Z4-8n2o8mIK9xfuLDPbgMU5cpkOMScefrGnTobzSo","refresh_token":"6c27b10725b212acbf4867ad429d28f9106ba2f9bc841c0cef5ac176e768edc2","user":{"id":"c21422df-ccec-440e-9a42-c1b82abf733d","email":"test28@example.com","username":"johndoe28","name":"John Doe","phoneNumber":"84987654321","profilePic":null,"bio":null,"private":false,"verified":false,"role":0,"followersCount":0,"followingCount":0,"postCount":0}}"
16:18:55.698 [pool-2-thread-5] DEBUG org.apache.http.headers -- http-outgoing-90 << HTTP/1.1 200 OK
16:18:55.698 [pool-2-thread-5] DEBUG org.apache.http.headers -- http-outgoing-90 << X-Powered-By: Express
16:18:55.698 [pool-2-thread-5] DEBUG org.apache.http.headers -- http-outgoing-90 << Access-Control-Allow-Origin: *
16:18:55.698 [pool-2-thread-5] DEBUG org.apache.http.headers -- http-outgoing-90 << Content-Type: application/json; charset=utf-8
16:18:55.698 [pool-2-thread-5] DEBUG org.apache.http.headers -- http-outgoing-90 << Content-Length: 607
16:18:55.698 [pool-2-thread-5] DEBUG org.apache.http.headers -- http-outgoing-90 << ETag: W/"25f-4uTiHIOEgdj5YEvz7WnewZayqhE"
16:18:55.698 [pool-2-thread-5] DEBUG org.apache.http.headers -- http-outgoing-90 << Date: Tue, 24 Jun 2025 09:18:55 GMT
16:18:55.698 [pool-2-thread-5] DEBUG org.apache.http.headers -- http-outgoing-90 << Connection: keep-alive
16:18:55.698 [pool-2-thread-5] DEBUG org.apache.http.headers -- http-outgoing-90 << Keep-Alive: timeout=5
16:18:55.698 [pool-2-thread-5] DEBUG org.apache.http.impl.execchain.MainClientExec -- Connection can be kept alive for 5000 MILLISECONDS
16:18:55.698 [pool-2-thread-5] DEBUG org.apache.http.impl.conn.PoolingHttpClientConnectionManager -- Connection [id: 91][route: {}->http://localhost:3000] can be kept alive for 5.0 seconds
16:18:55.698 [pool-2-thread-5] DEBUG org.apache.http.impl.conn.DefaultManagedHttpClientConnection -- http-outgoing-90: set socket timeout to 0
16:18:55.698 [pool-2-thread-5] DEBUG org.apache.http.impl.conn.PoolingHttpClientConnectionManager -- Connection released: [id: 91][route: {}->http://localhost:3000][total available: 1; route allocated: 1 of 5; total allocated: 1 of 10]
16:18:55.698 [pool-2-thread-5] DEBUG org.apache.http.impl.conn.PoolingHttpClientConnectionManager -- Connection manager is shutting down
16:18:55.698 [pool-2-thread-5] DEBUG org.apache.http.impl.conn.DefaultManagedHttpClientConnection -- http-outgoing-90: Close connection
16:18:55.698 [pool-2-thread-5] DEBUG org.apache.http.impl.conn.PoolingHttpClientConnectionManager -- Connection manager shut down
16:18:55.699 [pool-2-thread-5] DEBUG com.intuit.karate -- response time in milliseconds: 894
10 < 200
10 < X-Powered-By: Express
10 < Access-Control-Allow-Origin: *
10 < Content-Type: application/json; charset=utf-8
10 < Content-Length: 607
10 < ETag: W/"25f-4uTiHIOEgdj5YEvz7WnewZayqhE"
10 < Date: Tue, 24 Jun 2025 09:18:55 GMT
10 < Connection: keep-alive
10 < Keep-Alive: timeout=5
{"access_token":"eyJhbGciOiJIUzI1NiIsInR5cCI6IkpXVCJ9.eyJzdWIiOiJjMjE0MjJkZi1jY2VjLTQ0MGUtOWE0Mi1jMWI4MmFiZjczM2QiLCJ1c2VybmFtZSI6ImpvaG5kb2UyOCIsInJvbGUiOjAsImlhdCI6MTc1MDc1NjczNSwiZXhwIjoxNzUwNzYwMzM1fQ.p9Z4-8n2o8mIK9xfuLDPbgMU5cpkOMScefrGnTobzSo","refresh_token":"6c27b10725b212acbf4867ad429d28f9106ba2f9bc841c0cef5ac176e768edc2","user":{"id":"c21422df-ccec-440e-9a42-c1b82abf733d","email":"test28@example.com","username":"johndoe28","name":"John Doe","phoneNumber":"84987654321","profilePic":null,"bio":null,"private":false,"verified":false,"role":0,"followersCount":0,"followingCount":0,"postCount":0}}

16:18:55.701 [pool-2-thread-5] INFO com.intuit.karate -- [print] Call 10 completed, status: 200 
16:18:55.702 [pool-2-thread-5] INFO com.intuit.karate -- [print] === COMPLETED 10 API CALLS for user: test28@example.com === 
16:18:55.729 [pool-2-thread-1] DEBUG org.apache.http.wire -- http-outgoing-92 << "HTTP/1.1 200 OK[\r][\n]"
16:18:55.729 [pool-2-thread-1] DEBUG org.apache.http.wire -- http-outgoing-92 << "X-Powered-By: Express[\r][\n]"
16:18:55.729 [pool-2-thread-1] DEBUG org.apache.http.wire -- http-outgoing-92 << "Access-Control-Allow-Origin: *[\r][\n]"
16:18:55.729 [pool-2-thread-1] DEBUG org.apache.http.wire -- http-outgoing-92 << "Content-Type: application/json; charset=utf-8[\r][\n]"
16:18:55.729 [pool-2-thread-1] DEBUG org.apache.http.wire -- http-outgoing-92 << "Content-Length: 708[\r][\n]"
16:18:55.729 [pool-2-thread-1] DEBUG org.apache.http.wire -- http-outgoing-92 << "ETag: W/"2c4-xWwgcjt8wyR0KXUFWB/p+6xc37k"[\r][\n]"
16:18:55.729 [pool-2-thread-1] DEBUG org.apache.http.wire -- http-outgoing-92 << "Date: Tue, 24 Jun 2025 09:18:55 GMT[\r][\n]"
16:18:55.729 [pool-2-thread-1] DEBUG org.apache.http.wire -- http-outgoing-92 << "Connection: keep-alive[\r][\n]"
16:18:55.729 [pool-2-thread-1] DEBUG org.apache.http.wire -- http-outgoing-92 << "Keep-Alive: timeout=5[\r][\n]"
16:18:55.729 [pool-2-thread-1] DEBUG org.apache.http.wire -- http-outgoing-92 << "[\r][\n]"
16:18:55.729 [pool-2-thread-1] DEBUG org.apache.http.wire -- http-outgoing-92 << "{"access_token":"eyJhbGciOiJIUzI1NiIsInR5cCI6IkpXVCJ9.eyJzdWIiOiIwODUxNWIwNS0yZDNlLTQ3ODktYWQ2MC1kYjM1NTI1YTQ5NzAiLCJ1c2VybmFtZSI6Im5hbSIsInJvbGUiOjAsImlhdCI6MTc1MDc1NjczNSwiZXhwIjoxNzUwNzYwMzM1fQ.yhWn8tt5-o-PBiEMd6uzMx7nM8yLWkZTRGoFFeGytxU","refresh_token":"6fa686b345b7f9b060f4b3f0b5f31dc498b2db0b6525450a1999da5baef5fd35","user":{"id":"08515b05-2d3e-4789-ad60-db35525a4970","email":"nam@gmail.com","username":"nam","name":"nam","phoneNumber":"0123456789","profilePic":"https://res.cloudinary.com/dizcvrefo/image/upload/v1749266646/nestjs_uploads/zk9zrpeidnovxibfqdxr.png","bio":"Chu tich hoi dong Quan tri 1","private":false,"verified":false,"role":0,"followersCount":2,"followingCount":5,"postCount":13}}"
16:18:55.730 [pool-2-thread-1] DEBUG org.apache.http.headers -- http-outgoing-92 << HTTP/1.1 200 OK
16:18:55.730 [pool-2-thread-1] DEBUG org.apache.http.headers -- http-outgoing-92 << X-Powered-By: Express
16:18:55.730 [pool-2-thread-1] DEBUG org.apache.http.headers -- http-outgoing-92 << Access-Control-Allow-Origin: *
16:18:55.730 [pool-2-thread-1] DEBUG org.apache.http.headers -- http-outgoing-92 << Content-Type: application/json; charset=utf-8
16:18:55.730 [pool-2-thread-1] DEBUG org.apache.http.headers -- http-outgoing-92 << Content-Length: 708
16:18:55.730 [pool-2-thread-1] DEBUG org.apache.http.headers -- http-outgoing-92 << ETag: W/"2c4-xWwgcjt8wyR0KXUFWB/p+6xc37k"
16:18:55.730 [pool-2-thread-1] DEBUG org.apache.http.headers -- http-outgoing-92 << Date: Tue, 24 Jun 2025 09:18:55 GMT
16:18:55.730 [pool-2-thread-1] DEBUG org.apache.http.headers -- http-outgoing-92 << Connection: keep-alive
16:18:55.730 [pool-2-thread-1] DEBUG org.apache.http.headers -- http-outgoing-92 << Keep-Alive: timeout=5
16:18:55.730 [pool-2-thread-10] DEBUG org.apache.http.wire -- http-outgoing-91 << "HTTP/1.1 200 OK[\r][\n]"
16:18:55.730 [pool-2-thread-1] DEBUG org.apache.http.impl.execchain.MainClientExec -- Connection can be kept alive for 5000 MILLISECONDS
16:18:55.730 [pool-2-thread-10] DEBUG org.apache.http.wire -- http-outgoing-91 << "X-Powered-By: Express[\r][\n]"
16:18:55.730 [pool-2-thread-10] DEBUG org.apache.http.wire -- http-outgoing-91 << "Access-Control-Allow-Origin: *[\r][\n]"
16:18:55.730 [pool-2-thread-10] DEBUG org.apache.http.wire -- http-outgoing-91 << "Content-Type: application/json; charset=utf-8[\r][\n]"
16:18:55.730 [pool-2-thread-10] DEBUG org.apache.http.wire -- http-outgoing-91 << "Content-Length: 605[\r][\n]"
16:18:55.730 [pool-2-thread-10] DEBUG org.apache.http.wire -- http-outgoing-91 << "ETag: W/"25d-ClqWRaPtDOZlsrZEFJwFVtkH5wo"[\r][\n]"
16:18:55.730 [pool-2-thread-10] DEBUG org.apache.http.wire -- http-outgoing-91 << "Date: Tue, 24 Jun 2025 09:18:55 GMT[\r][\n]"
16:18:55.730 [pool-2-thread-10] DEBUG org.apache.http.wire -- http-outgoing-91 << "Connection: keep-alive[\r][\n]"
16:18:55.730 [pool-2-thread-10] DEBUG org.apache.http.wire -- http-outgoing-91 << "Keep-Alive: timeout=5[\r][\n]"
16:18:55.730 [pool-2-thread-10] DEBUG org.apache.http.wire -- http-outgoing-91 << "[\r][\n]"
16:18:55.730 [pool-2-thread-10] DEBUG org.apache.http.wire -- http-outgoing-91 << "{"access_token":"eyJhbGciOiJIUzI1NiIsInR5cCI6IkpXVCJ9.eyJzdWIiOiIwYTM3ZWY0My1mZWU4LTQxZDMtYTY4Ni04YWIwODY5NDg2OTUiLCJ1c2VybmFtZSI6ImpvaG5kb2UyMSIsInJvbGUiOjAsImlhdCI6MTc1MDc1NjczNSwiZXhwIjoxNzUwNzYwMzM1fQ.E4jL0ysGHc0q11hQybvMtMPG5mlBjOdkPQH_PW8L9mk","refresh_token":"6c0601d2a91b28cac55aa67ac0079131926b237a932ff79b97e8884fee8c9efa","user":{"id":"0a37ef43-fee8-41d3-a686-8ab086948695","email":"testit2@gmail.com","username":"johndoe21","name":"John Doe","phoneNumber":"0123456712","profilePic":null,"bio":null,"private":false,"verified":false,"role":0,"followersCount":0,"followingCount":0,"postCount":0}}"
16:18:55.730 [pool-2-thread-10] DEBUG org.apache.http.headers -- http-outgoing-91 << HTTP/1.1 200 OK
16:18:55.730 [pool-2-thread-10] DEBUG org.apache.http.headers -- http-outgoing-91 << X-Powered-By: Express
16:18:55.730 [pool-2-thread-10] DEBUG org.apache.http.headers -- http-outgoing-91 << Access-Control-Allow-Origin: *
16:18:55.730 [pool-2-thread-10] DEBUG org.apache.http.headers -- http-outgoing-91 << Content-Type: application/json; charset=utf-8
16:18:55.730 [pool-2-thread-10] DEBUG org.apache.http.headers -- http-outgoing-91 << Content-Length: 605
16:18:55.730 [pool-2-thread-10] DEBUG org.apache.http.headers -- http-outgoing-91 << ETag: W/"25d-ClqWRaPtDOZlsrZEFJwFVtkH5wo"
16:18:55.730 [pool-2-thread-10] DEBUG org.apache.http.headers -- http-outgoing-91 << Date: Tue, 24 Jun 2025 09:18:55 GMT
16:18:55.730 [pool-2-thread-10] DEBUG org.apache.http.headers -- http-outgoing-91 << Connection: keep-alive
16:18:55.730 [pool-2-thread-10] DEBUG org.apache.http.headers -- http-outgoing-91 << Keep-Alive: timeout=5
16:18:55.730 [pool-2-thread-10] DEBUG org.apache.http.impl.execchain.MainClientExec -- Connection can be kept alive for 5000 MILLISECONDS
16:18:55.730 [pool-2-thread-10] DEBUG org.apache.http.impl.conn.PoolingHttpClientConnectionManager -- Connection [id: 90][route: {}->http://localhost:3000] can be kept alive for 5.0 seconds
16:18:55.730 [pool-2-thread-10] DEBUG org.apache.http.impl.conn.DefaultManagedHttpClientConnection -- http-outgoing-91: set socket timeout to 0
16:18:55.730 [pool-2-thread-10] DEBUG org.apache.http.impl.conn.PoolingHttpClientConnectionManager -- Connection released: [id: 90][route: {}->http://localhost:3000][total available: 1; route allocated: 1 of 5; total allocated: 1 of 10]
16:18:55.730 [pool-2-thread-10] DEBUG org.apache.http.impl.conn.PoolingHttpClientConnectionManager -- Connection manager is shutting down
16:18:55.730 [pool-2-thread-10] DEBUG org.apache.http.impl.conn.DefaultManagedHttpClientConnection -- http-outgoing-91: Close connection
16:18:55.730 [pool-2-thread-1] DEBUG org.apache.http.impl.conn.PoolingHttpClientConnectionManager -- Connection [id: 92][route: {}->http://localhost:3000] can be kept alive for 5.0 seconds
16:18:55.730 [pool-2-thread-1] DEBUG org.apache.http.impl.conn.DefaultManagedHttpClientConnection -- http-outgoing-92: set socket timeout to 0
16:18:55.730 [pool-2-thread-1] DEBUG org.apache.http.impl.conn.PoolingHttpClientConnectionManager -- Connection released: [id: 92][route: {}->http://localhost:3000][total available: 1; route allocated: 1 of 5; total allocated: 1 of 10]
16:18:55.730 [pool-2-thread-1] DEBUG org.apache.http.impl.conn.PoolingHttpClientConnectionManager -- Connection manager is shutting down
16:18:55.730 [pool-2-thread-1] DEBUG org.apache.http.impl.conn.DefaultManagedHttpClientConnection -- http-outgoing-92: Close connection
16:18:55.730 [pool-2-thread-10] DEBUG org.apache.http.impl.conn.PoolingHttpClientConnectionManager -- Connection manager shut down
16:18:55.730 [pool-2-thread-1] DEBUG org.apache.http.impl.conn.PoolingHttpClientConnectionManager -- Connection manager shut down
16:18:55.731 [pool-2-thread-1] DEBUG com.intuit.karate -- response time in milliseconds: 900
10 < 200
10 < X-Powered-By: Express
10 < Access-Control-Allow-Origin: *
10 < Content-Type: application/json; charset=utf-8
10 < Content-Length: 708
10 < ETag: W/"2c4-xWwgcjt8wyR0KXUFWB/p+6xc37k"
10 < Date: Tue, 24 Jun 2025 09:18:55 GMT
10 < Connection: keep-alive
10 < Keep-Alive: timeout=5
{"access_token":"eyJhbGciOiJIUzI1NiIsInR5cCI6IkpXVCJ9.eyJzdWIiOiIwODUxNWIwNS0yZDNlLTQ3ODktYWQ2MC1kYjM1NTI1YTQ5NzAiLCJ1c2VybmFtZSI6Im5hbSIsInJvbGUiOjAsImlhdCI6MTc1MDc1NjczNSwiZXhwIjoxNzUwNzYwMzM1fQ.yhWn8tt5-o-PBiEMd6uzMx7nM8yLWkZTRGoFFeGytxU","refresh_token":"6fa686b345b7f9b060f4b3f0b5f31dc498b2db0b6525450a1999da5baef5fd35","user":{"id":"08515b05-2d3e-4789-ad60-db35525a4970","email":"nam@gmail.com","username":"nam","name":"nam","phoneNumber":"0123456789","profilePic":"https://res.cloudinary.com/dizcvrefo/image/upload/v1749266646/nestjs_uploads/zk9zrpeidnovxibfqdxr.png","bio":"Chu tich hoi dong Quan tri 1","private":false,"verified":false,"role":0,"followersCount":2,"followingCount":5,"postCount":13}}

16:18:55.731 [pool-2-thread-10] DEBUG com.intuit.karate -- response time in milliseconds: 926
10 < 200
10 < X-Powered-By: Express
10 < Access-Control-Allow-Origin: *
10 < Content-Type: application/json; charset=utf-8
10 < Content-Length: 605
10 < ETag: W/"25d-ClqWRaPtDOZlsrZEFJwFVtkH5wo"
10 < Date: Tue, 24 Jun 2025 09:18:55 GMT
10 < Connection: keep-alive
10 < Keep-Alive: timeout=5
{"access_token":"eyJhbGciOiJIUzI1NiIsInR5cCI6IkpXVCJ9.eyJzdWIiOiIwYTM3ZWY0My1mZWU4LTQxZDMtYTY4Ni04YWIwODY5NDg2OTUiLCJ1c2VybmFtZSI6ImpvaG5kb2UyMSIsInJvbGUiOjAsImlhdCI6MTc1MDc1NjczNSwiZXhwIjoxNzUwNzYwMzM1fQ.E4jL0ysGHc0q11hQybvMtMPG5mlBjOdkPQH_PW8L9mk","refresh_token":"6c0601d2a91b28cac55aa67ac0079131926b237a932ff79b97e8884fee8c9efa","user":{"id":"0a37ef43-fee8-41d3-a686-8ab086948695","email":"testit2@gmail.com","username":"johndoe21","name":"John Doe","phoneNumber":"0123456712","profilePic":null,"bio":null,"private":false,"verified":false,"role":0,"followersCount":0,"followingCount":0,"postCount":0}}

16:18:55.733 [pool-2-thread-10] INFO com.intuit.karate -- [print] Call 10 completed, status: 200 
16:18:55.735 [pool-2-thread-10] INFO com.intuit.karate -- [print] === COMPLETED 10 API CALLS for user: testit2@gmail.com === 
16:18:55.740 [pool-2-thread-1] INFO com.intuit.karate -- [print] Call 10 completed, status: 200 
16:18:55.741 [pool-2-thread-1] INFO com.intuit.karate -- [print] === COMPLETED 10 API CALLS for user: nam@gmail.com === 
16:18:55.821 [pool-2-thread-2] DEBUG org.apache.http.wire -- http-outgoing-93 << "HTTP/1.1 200 OK[\r][\n]"
16:18:55.821 [pool-2-thread-2] DEBUG org.apache.http.wire -- http-outgoing-93 << "X-Powered-By: Express[\r][\n]"
16:18:55.821 [pool-2-thread-2] DEBUG org.apache.http.wire -- http-outgoing-93 << "Access-Control-Allow-Origin: *[\r][\n]"
16:18:55.821 [pool-2-thread-2] DEBUG org.apache.http.wire -- http-outgoing-93 << "Content-Type: application/json; charset=utf-8[\r][\n]"
16:18:55.821 [pool-2-thread-2] DEBUG org.apache.http.wire -- http-outgoing-93 << "Content-Length: 715[\r][\n]"
16:18:55.821 [pool-2-thread-2] DEBUG org.apache.http.wire -- http-outgoing-93 << "ETag: W/"2cb-Gb6VuWdDL0WZIbURLNzlQ0SKTew"[\r][\n]"
16:18:55.821 [pool-2-thread-2] DEBUG org.apache.http.wire -- http-outgoing-93 << "Date: Tue, 24 Jun 2025 09:18:55 GMT[\r][\n]"
16:18:55.821 [pool-2-thread-2] DEBUG org.apache.http.wire -- http-outgoing-93 << "Connection: keep-alive[\r][\n]"
16:18:55.821 [pool-2-thread-2] DEBUG org.apache.http.wire -- http-outgoing-93 << "Keep-Alive: timeout=5[\r][\n]"
16:18:55.821 [pool-2-thread-2] DEBUG org.apache.http.wire -- http-outgoing-93 << "[\r][\n]"
16:18:55.821 [pool-2-thread-2] DEBUG org.apache.http.wire -- http-outgoing-93 << "{"access_token":"eyJhbGciOiJIUzI1NiIsInR5cCI6IkpXVCJ9.eyJzdWIiOiIyYjg0YWEyNC02NjhhLTQwZTItYWYxYy1hZDRmYzRmYTVhNmYiLCJ1c2VybmFtZSI6InF1YW5nMSIsInJvbGUiOjAsImlhdCI6MTc1MDc1NjczNSwiZXhwIjoxNzUwNzYwMzM1fQ.i8AQ1ZP5SardnF80TmfIv_FITop4oM2mgaj7k5osp0Q","refresh_token":"c229725a42a2239e5639d03fb5e32e11353f2eedadf67ab5cd2d6406b5ac98f9","user":{"id":"2b84aa24-668a-40e2-af1c-ad4fc4fa5a6f","email":"quang1@gmail.com","username":"quang1","name":"quang1","phoneNumber":"09874563210","profilePic":"https://res.cloudinary.com/dizcvrefo/image/upload/v1749027586/nestjs_uploads/xehairydt9rzlbmbmv4c.jpg","bio":"Thang Nam Lao Vua Thoi","private":false,"verified":false,"role":0,"followersCount":2,"followingCount":3,"postCount":2}}"
16:18:55.822 [pool-2-thread-2] DEBUG org.apache.http.headers -- http-outgoing-93 << HTTP/1.1 200 OK
16:18:55.822 [pool-2-thread-2] DEBUG org.apache.http.headers -- http-outgoing-93 << X-Powered-By: Express
16:18:55.822 [pool-2-thread-2] DEBUG org.apache.http.headers -- http-outgoing-93 << Access-Control-Allow-Origin: *
16:18:55.822 [pool-2-thread-2] DEBUG org.apache.http.headers -- http-outgoing-93 << Content-Type: application/json; charset=utf-8
16:18:55.822 [pool-2-thread-2] DEBUG org.apache.http.headers -- http-outgoing-93 << Content-Length: 715
16:18:55.822 [pool-2-thread-2] DEBUG org.apache.http.headers -- http-outgoing-93 << ETag: W/"2cb-Gb6VuWdDL0WZIbURLNzlQ0SKTew"
16:18:55.822 [pool-2-thread-2] DEBUG org.apache.http.headers -- http-outgoing-93 << Date: Tue, 24 Jun 2025 09:18:55 GMT
16:18:55.822 [pool-2-thread-2] DEBUG org.apache.http.headers -- http-outgoing-93 << Connection: keep-alive
16:18:55.822 [pool-2-thread-2] DEBUG org.apache.http.headers -- http-outgoing-93 << Keep-Alive: timeout=5
16:18:55.822 [pool-2-thread-2] DEBUG org.apache.http.impl.execchain.MainClientExec -- Connection can be kept alive for 5000 MILLISECONDS
16:18:55.822 [pool-2-thread-2] DEBUG org.apache.http.impl.conn.PoolingHttpClientConnectionManager -- Connection [id: 93][route: {}->http://localhost:3000] can be kept alive for 5.0 seconds
16:18:55.822 [pool-2-thread-2] DEBUG org.apache.http.impl.conn.DefaultManagedHttpClientConnection -- http-outgoing-93: set socket timeout to 0
16:18:55.822 [pool-2-thread-2] DEBUG org.apache.http.impl.conn.PoolingHttpClientConnectionManager -- Connection released: [id: 93][route: {}->http://localhost:3000][total available: 1; route allocated: 1 of 5; total allocated: 1 of 10]
16:18:55.822 [pool-2-thread-2] DEBUG org.apache.http.impl.conn.PoolingHttpClientConnectionManager -- Connection manager is shutting down
16:18:55.822 [pool-2-thread-2] DEBUG org.apache.http.impl.conn.DefaultManagedHttpClientConnection -- http-outgoing-93: Close connection
16:18:55.822 [pool-2-thread-2] DEBUG org.apache.http.impl.conn.PoolingHttpClientConnectionManager -- Connection manager shut down
16:18:55.822 [pool-2-thread-2] DEBUG com.intuit.karate -- response time in milliseconds: 887
10 < 200
10 < X-Powered-By: Express
10 < Access-Control-Allow-Origin: *
10 < Content-Type: application/json; charset=utf-8
10 < Content-Length: 715
10 < ETag: W/"2cb-Gb6VuWdDL0WZIbURLNzlQ0SKTew"
10 < Date: Tue, 24 Jun 2025 09:18:55 GMT
10 < Connection: keep-alive
10 < Keep-Alive: timeout=5
{"access_token":"eyJhbGciOiJIUzI1NiIsInR5cCI6IkpXVCJ9.eyJzdWIiOiIyYjg0YWEyNC02NjhhLTQwZTItYWYxYy1hZDRmYzRmYTVhNmYiLCJ1c2VybmFtZSI6InF1YW5nMSIsInJvbGUiOjAsImlhdCI6MTc1MDc1NjczNSwiZXhwIjoxNzUwNzYwMzM1fQ.i8AQ1ZP5SardnF80TmfIv_FITop4oM2mgaj7k5osp0Q","refresh_token":"c229725a42a2239e5639d03fb5e32e11353f2eedadf67ab5cd2d6406b5ac98f9","user":{"id":"2b84aa24-668a-40e2-af1c-ad4fc4fa5a6f","email":"quang1@gmail.com","username":"quang1","name":"quang1","phoneNumber":"09874563210","profilePic":"https://res.cloudinary.com/dizcvrefo/image/upload/v1749027586/nestjs_uploads/xehairydt9rzlbmbmv4c.jpg","bio":"Thang Nam Lao Vua Thoi","private":false,"verified":false,"role":0,"followersCount":2,"followingCount":3,"postCount":2}}

16:18:55.825 [pool-2-thread-2] INFO com.intuit.karate -- [print] Call 10 completed, status: 200 
16:18:55.826 [pool-2-thread-6] DEBUG org.apache.http.wire -- http-outgoing-94 << "HTTP/1.1 200 OK[\r][\n]"
16:18:55.826 [pool-2-thread-6] DEBUG org.apache.http.wire -- http-outgoing-94 << "X-Powered-By: Express[\r][\n]"
16:18:55.826 [pool-2-thread-6] DEBUG org.apache.http.wire -- http-outgoing-94 << "Access-Control-Allow-Origin: *[\r][\n]"
16:18:55.826 [pool-2-thread-6] DEBUG org.apache.http.wire -- http-outgoing-94 << "Content-Type: application/json; charset=utf-8[\r][\n]"
16:18:55.826 [pool-2-thread-6] DEBUG org.apache.http.wire -- http-outgoing-94 << "Content-Length: 607[\r][\n]"
16:18:55.826 [pool-2-thread-6] DEBUG org.apache.http.wire -- http-outgoing-94 << "ETag: W/"25f-mPzzQxsf0ESkw7cbM+TEwSZUayo"[\r][\n]"
16:18:55.826 [pool-2-thread-6] DEBUG org.apache.http.wire -- http-outgoing-94 << "Date: Tue, 24 Jun 2025 09:18:55 GMT[\r][\n]"
16:18:55.826 [pool-2-thread-6] DEBUG org.apache.http.wire -- http-outgoing-94 << "Connection: keep-alive[\r][\n]"
16:18:55.826 [pool-2-thread-6] DEBUG org.apache.http.wire -- http-outgoing-94 << "Keep-Alive: timeout=5[\r][\n]"
16:18:55.826 [pool-2-thread-6] DEBUG org.apache.http.wire -- http-outgoing-94 << "[\r][\n]"
16:18:55.826 [pool-2-thread-6] DEBUG org.apache.http.wire -- http-outgoing-94 << "{"access_token":"eyJhbGciOiJIUzI1NiIsInR5cCI6IkpXVCJ9.eyJzdWIiOiI5YTI2OTc2Yy0xNTMyLTRkZjMtYTE2ZS03NjMxNTI1Yzg1MDIiLCJ1c2VybmFtZSI6ImpvaG5kb2UyZDUiLCJyb2xlIjowLCJpYXQiOjE3NTA3NTY3MzUsImV4cCI6MTc1MDc2MDMzNX0.3eXpI7mtq8-_9j4GDWxuoQI7tMciCBi9RcPTKoK26ps","refresh_token":"134c1fc88c26dff4b393dde8b4fdf250a411639b0907a30c103ab031843de30f","user":{"id":"9a26976c-1532-4df3-a16e-7631525c8502","email":"testit4@gmail.com","username":"johndoe2d5","name":"John Doe","phoneNumber":"0123456212","profilePic":null,"bio":null,"private":false,"verified":false,"role":0,"followersCount":0,"followingCount":0,"postCount":0}}"
16:18:55.827 [pool-2-thread-6] DEBUG org.apache.http.headers -- http-outgoing-94 << HTTP/1.1 200 OK
16:18:55.827 [pool-2-thread-6] DEBUG org.apache.http.headers -- http-outgoing-94 << X-Powered-By: Express
16:18:55.827 [pool-2-thread-6] DEBUG org.apache.http.headers -- http-outgoing-94 << Access-Control-Allow-Origin: *
16:18:55.827 [pool-2-thread-6] DEBUG org.apache.http.headers -- http-outgoing-94 << Content-Type: application/json; charset=utf-8
16:18:55.827 [pool-2-thread-6] DEBUG org.apache.http.headers -- http-outgoing-94 << Content-Length: 607
16:18:55.827 [pool-2-thread-6] DEBUG org.apache.http.headers -- http-outgoing-94 << ETag: W/"25f-mPzzQxsf0ESkw7cbM+TEwSZUayo"
16:18:55.827 [pool-2-thread-6] DEBUG org.apache.http.headers -- http-outgoing-94 << Date: Tue, 24 Jun 2025 09:18:55 GMT
16:18:55.827 [pool-2-thread-6] DEBUG org.apache.http.headers -- http-outgoing-94 << Connection: keep-alive
16:18:55.827 [pool-2-thread-6] DEBUG org.apache.http.headers -- http-outgoing-94 << Keep-Alive: timeout=5
16:18:55.827 [pool-2-thread-6] DEBUG org.apache.http.impl.execchain.MainClientExec -- Connection can be kept alive for 5000 MILLISECONDS
16:18:55.827 [pool-2-thread-6] DEBUG org.apache.http.impl.conn.PoolingHttpClientConnectionManager -- Connection [id: 94][route: {}->http://localhost:3000] can be kept alive for 5.0 seconds
16:18:55.827 [pool-2-thread-6] DEBUG org.apache.http.impl.conn.DefaultManagedHttpClientConnection -- http-outgoing-94: set socket timeout to 0
16:18:55.827 [pool-2-thread-6] DEBUG org.apache.http.impl.conn.PoolingHttpClientConnectionManager -- Connection released: [id: 94][route: {}->http://localhost:3000][total available: 1; route allocated: 1 of 5; total allocated: 1 of 10]
16:18:55.827 [pool-2-thread-6] DEBUG org.apache.http.impl.conn.PoolingHttpClientConnectionManager -- Connection manager is shutting down
16:18:55.827 [pool-2-thread-6] DEBUG org.apache.http.impl.conn.DefaultManagedHttpClientConnection -- http-outgoing-94: Close connection
16:18:55.827 [pool-2-thread-2] INFO com.intuit.karate -- [print] === COMPLETED 10 API CALLS for user: quang1@gmail.com === 
16:18:55.827 [pool-2-thread-6] DEBUG org.apache.http.impl.conn.PoolingHttpClientConnectionManager -- Connection manager shut down
16:18:55.828 [pool-2-thread-6] DEBUG com.intuit.karate -- response time in milliseconds: 856
10 < 200
10 < X-Powered-By: Express
10 < Access-Control-Allow-Origin: *
10 < Content-Type: application/json; charset=utf-8
10 < Content-Length: 607
10 < ETag: W/"25f-mPzzQxsf0ESkw7cbM+TEwSZUayo"
10 < Date: Tue, 24 Jun 2025 09:18:55 GMT
10 < Connection: keep-alive
10 < Keep-Alive: timeout=5
{"access_token":"eyJhbGciOiJIUzI1NiIsInR5cCI6IkpXVCJ9.eyJzdWIiOiI5YTI2OTc2Yy0xNTMyLTRkZjMtYTE2ZS03NjMxNTI1Yzg1MDIiLCJ1c2VybmFtZSI6ImpvaG5kb2UyZDUiLCJyb2xlIjowLCJpYXQiOjE3NTA3NTY3MzUsImV4cCI6MTc1MDc2MDMzNX0.3eXpI7mtq8-_9j4GDWxuoQI7tMciCBi9RcPTKoK26ps","refresh_token":"134c1fc88c26dff4b393dde8b4fdf250a411639b0907a30c103ab031843de30f","user":{"id":"9a26976c-1532-4df3-a16e-7631525c8502","email":"testit4@gmail.com","username":"johndoe2d5","name":"John Doe","phoneNumber":"0123456212","profilePic":null,"bio":null,"private":false,"verified":false,"role":0,"followersCount":0,"followingCount":0,"postCount":0}}

16:18:55.829 [pool-2-thread-6] INFO com.intuit.karate -- [print] Call 10 completed, status: 200 
16:18:55.830 [pool-2-thread-6] INFO com.intuit.karate -- [print] === COMPLETED 10 API CALLS for user: testit4@gmail.com === 
16:18:55.908 [pool-2-thread-9] DEBUG org.apache.http.wire -- http-outgoing-95 << "HTTP/1.1 200 OK[\r][\n]"
16:18:55.910 [pool-2-thread-9] DEBUG org.apache.http.wire -- http-outgoing-95 << "X-Powered-By: Express[\r][\n]"
16:18:55.910 [pool-2-thread-9] DEBUG org.apache.http.wire -- http-outgoing-95 << "Access-Control-Allow-Origin: *[\r][\n]"
16:18:55.910 [pool-2-thread-9] DEBUG org.apache.http.wire -- http-outgoing-95 << "Content-Type: application/json; charset=utf-8[\r][\n]"
16:18:55.910 [pool-2-thread-9] DEBUG org.apache.http.wire -- http-outgoing-95 << "Content-Length: 604[\r][\n]"
16:18:55.910 [pool-2-thread-9] DEBUG org.apache.http.wire -- http-outgoing-95 << "ETag: W/"25c-ypQDGkHkLgEEZLZibnfFHBDIJjE"[\r][\n]"
16:18:55.910 [pool-2-thread-9] DEBUG org.apache.http.wire -- http-outgoing-95 << "Date: Tue, 24 Jun 2025 09:18:55 GMT[\r][\n]"
16:18:55.910 [pool-2-thread-9] DEBUG org.apache.http.wire -- http-outgoing-95 << "Connection: keep-alive[\r][\n]"
16:18:55.910 [pool-2-thread-9] DEBUG org.apache.http.wire -- http-outgoing-95 << "Keep-Alive: timeout=5[\r][\n]"
16:18:55.910 [pool-2-thread-9] DEBUG org.apache.http.wire -- http-outgoing-95 << "[\r][\n]"
16:18:55.910 [pool-2-thread-9] DEBUG org.apache.http.wire -- http-outgoing-95 << "{"access_token":"eyJhbGciOiJIUzI1NiIsInR5cCI6IkpXVCJ9.eyJzdWIiOiJkZjZmMDkxOS1hMjNkLTQ0YzktYTkyNS00ZWE4YmU1MjVkMTAiLCJ1c2VybmFtZSI6ImpvaG5kb2UyMyIsInJvbGUiOjAsImlhdCI6MTc1MDc1NjczNSwiZXhwIjoxNzUwNzYwMzM1fQ.Tcp7qS6fhGUOLPJmxt1iDA52d13_62GnAtDMELWp_Js","refresh_token":"6f0b5ee0d24dd00de89758c2cca6e4c99ad60f49fa8b63404d578ec4306e705c","user":{"id":"df6f0919-a23d-44c9-a925-4ea8be525d10","email":"testit@gmail.com","username":"johndoe23","name":"John Doe","phoneNumber":"0123456788","profilePic":null,"bio":null,"private":false,"verified":false,"role":0,"followersCount":0,"followingCount":0,"postCount":0}}"
16:18:55.910 [pool-2-thread-9] DEBUG org.apache.http.headers -- http-outgoing-95 << HTTP/1.1 200 OK
16:18:55.910 [pool-2-thread-9] DEBUG org.apache.http.headers -- http-outgoing-95 << X-Powered-By: Express
16:18:55.910 [pool-2-thread-9] DEBUG org.apache.http.headers -- http-outgoing-95 << Access-Control-Allow-Origin: *
16:18:55.910 [pool-2-thread-9] DEBUG org.apache.http.headers -- http-outgoing-95 << Content-Type: application/json; charset=utf-8
16:18:55.910 [pool-2-thread-9] DEBUG org.apache.http.headers -- http-outgoing-95 << Content-Length: 604
16:18:55.910 [pool-2-thread-9] DEBUG org.apache.http.headers -- http-outgoing-95 << ETag: W/"25c-ypQDGkHkLgEEZLZibnfFHBDIJjE"
16:18:55.910 [pool-2-thread-9] DEBUG org.apache.http.headers -- http-outgoing-95 << Date: Tue, 24 Jun 2025 09:18:55 GMT
16:18:55.910 [pool-2-thread-9] DEBUG org.apache.http.headers -- http-outgoing-95 << Connection: keep-alive
16:18:55.910 [pool-2-thread-9] DEBUG org.apache.http.headers -- http-outgoing-95 << Keep-Alive: timeout=5
16:18:55.910 [pool-2-thread-9] DEBUG org.apache.http.impl.execchain.MainClientExec -- Connection can be kept alive for 5000 MILLISECONDS
16:18:55.910 [pool-2-thread-9] DEBUG org.apache.http.impl.conn.PoolingHttpClientConnectionManager -- Connection [id: 95][route: {}->http://localhost:3000] can be kept alive for 5.0 seconds
16:18:55.910 [pool-2-thread-9] DEBUG org.apache.http.impl.conn.DefaultManagedHttpClientConnection -- http-outgoing-95: set socket timeout to 0
16:18:55.910 [pool-2-thread-9] DEBUG org.apache.http.impl.conn.PoolingHttpClientConnectionManager -- Connection released: [id: 95][route: {}->http://localhost:3000][total available: 1; route allocated: 1 of 5; total allocated: 1 of 10]
16:18:55.910 [pool-2-thread-9] DEBUG org.apache.http.impl.conn.PoolingHttpClientConnectionManager -- Connection manager is shutting down
16:18:55.910 [pool-2-thread-9] DEBUG org.apache.http.impl.conn.DefaultManagedHttpClientConnection -- http-outgoing-95: Close connection
16:18:55.910 [pool-2-thread-9] DEBUG org.apache.http.impl.conn.PoolingHttpClientConnectionManager -- Connection manager shut down
16:18:55.911 [pool-2-thread-9] DEBUG com.intuit.karate -- response time in milliseconds: 924
10 < 200
10 < X-Powered-By: Express
10 < Access-Control-Allow-Origin: *
10 < Content-Type: application/json; charset=utf-8
10 < Content-Length: 604
10 < ETag: W/"25c-ypQDGkHkLgEEZLZibnfFHBDIJjE"
10 < Date: Tue, 24 Jun 2025 09:18:55 GMT
10 < Connection: keep-alive
10 < Keep-Alive: timeout=5
{"access_token":"eyJhbGciOiJIUzI1NiIsInR5cCI6IkpXVCJ9.eyJzdWIiOiJkZjZmMDkxOS1hMjNkLTQ0YzktYTkyNS00ZWE4YmU1MjVkMTAiLCJ1c2VybmFtZSI6ImpvaG5kb2UyMyIsInJvbGUiOjAsImlhdCI6MTc1MDc1NjczNSwiZXhwIjoxNzUwNzYwMzM1fQ.Tcp7qS6fhGUOLPJmxt1iDA52d13_62GnAtDMELWp_Js","refresh_token":"6f0b5ee0d24dd00de89758c2cca6e4c99ad60f49fa8b63404d578ec4306e705c","user":{"id":"df6f0919-a23d-44c9-a925-4ea8be525d10","email":"testit@gmail.com","username":"johndoe23","name":"John Doe","phoneNumber":"0123456788","profilePic":null,"bio":null,"private":false,"verified":false,"role":0,"followersCount":0,"followingCount":0,"postCount":0}}

16:18:55.913 [pool-2-thread-9] INFO com.intuit.karate -- [print] Call 10 completed, status: 200 
16:18:55.914 [pool-2-thread-9] INFO com.intuit.karate -- [print] === COMPLETED 10 API CALLS for user: testit@gmail.com === 
16:18:55.975 [pool-2-thread-4] DEBUG org.apache.http.wire -- http-outgoing-98 << "HTTP/1.1 200 OK[\r][\n]"
16:18:55.976 [pool-2-thread-4] DEBUG org.apache.http.wire -- http-outgoing-98 << "X-Powered-By: Express[\r][\n]"
16:18:55.976 [pool-2-thread-4] DEBUG org.apache.http.wire -- http-outgoing-98 << "Access-Control-Allow-Origin: *[\r][\n]"
16:18:55.976 [pool-2-thread-4] DEBUG org.apache.http.wire -- http-outgoing-98 << "Content-Type: application/json; charset=utf-8[\r][\n]"
16:18:55.976 [pool-2-thread-4] DEBUG org.apache.http.wire -- http-outgoing-98 << "Content-Length: 608[\r][\n]"
16:18:55.976 [pool-2-thread-4] DEBUG org.apache.http.wire -- http-outgoing-98 << "ETag: W/"260-Weg+JFf31jmafmckNwiDi8REjcU"[\r][\n]"
16:18:55.976 [pool-2-thread-4] DEBUG org.apache.http.wire -- http-outgoing-98 << "Date: Tue, 24 Jun 2025 09:18:55 GMT[\r][\n]"
16:18:55.976 [pool-2-thread-4] DEBUG org.apache.http.wire -- http-outgoing-98 << "Connection: keep-alive[\r][\n]"
16:18:55.976 [pool-2-thread-4] DEBUG org.apache.http.wire -- http-outgoing-98 << "Keep-Alive: timeout=5[\r][\n]"
16:18:55.976 [pool-2-thread-4] DEBUG org.apache.http.wire -- http-outgoing-98 << "[\r][\n]"
16:18:55.976 [pool-2-thread-4] DEBUG org.apache.http.wire -- http-outgoing-98 << "{"access_token":"eyJhbGciOiJIUzI1NiIsInR5cCI6IkpXVCJ9.eyJzdWIiOiI4YTI0NzQ2MS01YzA0LTQyMWQtOThmNS1mYTljNzM0ZmFlYTUiLCJ1c2VybmFtZSI6ImphbmVzbWl0aCIsInJvbGUiOjAsImlhdCI6MTc1MDc1NjczNSwiZXhwIjoxNzUwNzYwMzM1fQ.lXbsZR5S769zk963t7ETRB_XUo-SC36vO4CJP-7Y6fg","refresh_token":"deab11b64a241ae5e00e6602e87cadb88090ce524fd44c4ee4162d43bd4c5401","user":{"id":"8a247461-5c04-421d-98f5-fa9c734faea5","email":"test2@example.com","username":"janesmith","name":"Jane Smith","phoneNumber":"01234567890","profilePic":null,"bio":null,"private":false,"verified":false,"role":0,"followersCount":0,"followingCount":0,"postCount":0}}"
16:18:55.976 [pool-2-thread-4] DEBUG org.apache.http.headers -- http-outgoing-98 << HTTP/1.1 200 OK
16:18:55.976 [pool-2-thread-4] DEBUG org.apache.http.headers -- http-outgoing-98 << X-Powered-By: Express
16:18:55.976 [pool-2-thread-4] DEBUG org.apache.http.headers -- http-outgoing-98 << Access-Control-Allow-Origin: *
16:18:55.976 [pool-2-thread-4] DEBUG org.apache.http.headers -- http-outgoing-98 << Content-Type: application/json; charset=utf-8
16:18:55.976 [pool-2-thread-4] DEBUG org.apache.http.headers -- http-outgoing-98 << Content-Length: 608
16:18:55.976 [pool-2-thread-4] DEBUG org.apache.http.headers -- http-outgoing-98 << ETag: W/"260-Weg+JFf31jmafmckNwiDi8REjcU"
16:18:55.976 [pool-2-thread-4] DEBUG org.apache.http.headers -- http-outgoing-98 << Date: Tue, 24 Jun 2025 09:18:55 GMT
16:18:55.976 [pool-2-thread-4] DEBUG org.apache.http.headers -- http-outgoing-98 << Connection: keep-alive
16:18:55.976 [pool-2-thread-4] DEBUG org.apache.http.headers -- http-outgoing-98 << Keep-Alive: timeout=5
16:18:55.976 [pool-2-thread-8] DEBUG org.apache.http.wire -- http-outgoing-97 << "HTTP/1.1 200 OK[\r][\n]"
16:18:55.976 [pool-2-thread-8] DEBUG org.apache.http.wire -- http-outgoing-97 << "X-Powered-By: Express[\r][\n]"
16:18:55.976 [pool-2-thread-8] DEBUG org.apache.http.wire -- http-outgoing-97 << "Access-Control-Allow-Origin: *[\r][\n]"
16:18:55.976 [pool-2-thread-8] DEBUG org.apache.http.wire -- http-outgoing-97 << "Content-Type: application/json; charset=utf-8[\r][\n]"
16:18:55.976 [pool-2-thread-8] DEBUG org.apache.http.wire -- http-outgoing-97 << "Content-Length: 609[\r][\n]"
16:18:55.976 [pool-2-thread-8] DEBUG org.apache.http.wire -- http-outgoing-97 << "ETag: W/"261-2D4UeBm+7uw9Egl8xuF4UZ1GnaY"[\r][\n]"
16:18:55.976 [pool-2-thread-8] DEBUG org.apache.http.wire -- http-outgoing-97 << "Date: Tue, 24 Jun 2025 09:18:55 GMT[\r][\n]"
16:18:55.976 [pool-2-thread-8] DEBUG org.apache.http.wire -- http-outgoing-97 << "Connection: keep-alive[\r][\n]"
16:18:55.976 [pool-2-thread-8] DEBUG org.apache.http.wire -- http-outgoing-97 << "Keep-Alive: timeout=5[\r][\n]"
16:18:55.976 [pool-2-thread-8] DEBUG org.apache.http.wire -- http-outgoing-97 << "[\r][\n]"
16:18:55.976 [pool-2-thread-4] DEBUG org.apache.http.impl.execchain.MainClientExec -- Connection can be kept alive for 5000 MILLISECONDS
16:18:55.976 [pool-2-thread-8] DEBUG org.apache.http.wire -- http-outgoing-97 << "{"access_token":"eyJhbGciOiJIUzI1NiIsInR5cCI6IkpXVCJ9.eyJzdWIiOiIyNzJmNmI1NS01MTc5LTRhZTMtODU2My1iNGVjMTBmNzY3MTUiLCJ1c2VybmFtZSI6ImpvaG5kb2UyZDVkIiwicm9sZSI6MCwiaWF0IjoxNzUwNzU2NzM1LCJleHAiOjE3NTA3NjAzMzV9.h3Nw4UA5mGY2wu7Bft1J-1kaNCcxdEXn_uuFE7qunzk","refresh_token":"72a12e6f3b91203c82ca95350441f1c644789038095d83ca0cd7d49b94b5db25","user":{"id":"272f6b55-5179-4ae3-8563-b4ec10f76715","email":"testit5@gmail.com","username":"johndoe2d5d","name":"John Doe","phoneNumber":"0123456132","profilePic":null,"bio":null,"private":false,"verified":false,"role":0,"followersCount":0,"followingCount":0,"postCount":0}}"
16:18:55.976 [pool-2-thread-8] DEBUG org.apache.http.headers -- http-outgoing-97 << HTTP/1.1 200 OK
16:18:55.976 [pool-2-thread-8] DEBUG org.apache.http.headers -- http-outgoing-97 << X-Powered-By: Express
16:18:55.976 [pool-2-thread-8] DEBUG org.apache.http.headers -- http-outgoing-97 << Access-Control-Allow-Origin: *
16:18:55.976 [pool-2-thread-8] DEBUG org.apache.http.headers -- http-outgoing-97 << Content-Type: application/json; charset=utf-8
16:18:55.976 [pool-2-thread-8] DEBUG org.apache.http.headers -- http-outgoing-97 << Content-Length: 609
16:18:55.976 [pool-2-thread-8] DEBUG org.apache.http.headers -- http-outgoing-97 << ETag: W/"261-2D4UeBm+7uw9Egl8xuF4UZ1GnaY"
16:18:55.976 [pool-2-thread-8] DEBUG org.apache.http.headers -- http-outgoing-97 << Date: Tue, 24 Jun 2025 09:18:55 GMT
16:18:55.976 [pool-2-thread-8] DEBUG org.apache.http.headers -- http-outgoing-97 << Connection: keep-alive
16:18:55.976 [pool-2-thread-8] DEBUG org.apache.http.headers -- http-outgoing-97 << Keep-Alive: timeout=5
16:18:55.976 [pool-2-thread-4] DEBUG org.apache.http.impl.conn.PoolingHttpClientConnectionManager -- Connection [id: 98][route: {}->http://localhost:3000] can be kept alive for 5.0 seconds
16:18:55.976 [pool-2-thread-4] DEBUG org.apache.http.impl.conn.DefaultManagedHttpClientConnection -- http-outgoing-98: set socket timeout to 0
16:18:55.976 [pool-2-thread-8] DEBUG org.apache.http.impl.execchain.MainClientExec -- Connection can be kept alive for 5000 MILLISECONDS
16:18:55.976 [pool-2-thread-4] DEBUG org.apache.http.impl.conn.PoolingHttpClientConnectionManager -- Connection released: [id: 98][route: {}->http://localhost:3000][total available: 1; route allocated: 1 of 5; total allocated: 1 of 10]
16:18:55.976 [pool-2-thread-4] DEBUG org.apache.http.impl.conn.PoolingHttpClientConnectionManager -- Connection manager is shutting down
16:18:55.976 [pool-2-thread-8] DEBUG org.apache.http.impl.conn.PoolingHttpClientConnectionManager -- Connection [id: 97][route: {}->http://localhost:3000] can be kept alive for 5.0 seconds
16:18:55.976 [pool-2-thread-8] DEBUG org.apache.http.impl.conn.DefaultManagedHttpClientConnection -- http-outgoing-97: set socket timeout to 0
16:18:55.976 [pool-2-thread-4] DEBUG org.apache.http.impl.conn.DefaultManagedHttpClientConnection -- http-outgoing-98: Close connection
16:18:55.976 [pool-2-thread-8] DEBUG org.apache.http.impl.conn.PoolingHttpClientConnectionManager -- Connection released: [id: 97][route: {}->http://localhost:3000][total available: 1; route allocated: 1 of 5; total allocated: 1 of 10]
16:18:55.976 [pool-2-thread-8] DEBUG org.apache.http.impl.conn.PoolingHttpClientConnectionManager -- Connection manager is shutting down
16:18:55.976 [pool-2-thread-8] DEBUG org.apache.http.impl.conn.DefaultManagedHttpClientConnection -- http-outgoing-97: Close connection
16:18:55.976 [pool-2-thread-4] DEBUG org.apache.http.impl.conn.PoolingHttpClientConnectionManager -- Connection manager shut down
16:18:55.976 [pool-2-thread-8] DEBUG org.apache.http.impl.conn.PoolingHttpClientConnectionManager -- Connection manager shut down
16:18:55.976 [pool-2-thread-4] DEBUG com.intuit.karate -- response time in milliseconds: 305
10 < 200
10 < X-Powered-By: Express
10 < Access-Control-Allow-Origin: *
10 < Content-Type: application/json; charset=utf-8
10 < Content-Length: 608
10 < ETag: W/"260-Weg+JFf31jmafmckNwiDi8REjcU"
10 < Date: Tue, 24 Jun 2025 09:18:55 GMT
10 < Connection: keep-alive
10 < Keep-Alive: timeout=5
{"access_token":"eyJhbGciOiJIUzI1NiIsInR5cCI6IkpXVCJ9.eyJzdWIiOiI4YTI0NzQ2MS01YzA0LTQyMWQtOThmNS1mYTljNzM0ZmFlYTUiLCJ1c2VybmFtZSI6ImphbmVzbWl0aCIsInJvbGUiOjAsImlhdCI6MTc1MDc1NjczNSwiZXhwIjoxNzUwNzYwMzM1fQ.lXbsZR5S769zk963t7ETRB_XUo-SC36vO4CJP-7Y6fg","refresh_token":"deab11b64a241ae5e00e6602e87cadb88090ce524fd44c4ee4162d43bd4c5401","user":{"id":"8a247461-5c04-421d-98f5-fa9c734faea5","email":"test2@example.com","username":"janesmith","name":"Jane Smith","phoneNumber":"01234567890","profilePic":null,"bio":null,"private":false,"verified":false,"role":0,"followersCount":0,"followingCount":0,"postCount":0}}

16:18:55.976 [pool-2-thread-8] DEBUG com.intuit.karate -- response time in milliseconds: 305
10 < 200
10 < X-Powered-By: Express
10 < Access-Control-Allow-Origin: *
10 < Content-Type: application/json; charset=utf-8
10 < Content-Length: 609
10 < ETag: W/"261-2D4UeBm+7uw9Egl8xuF4UZ1GnaY"
10 < Date: Tue, 24 Jun 2025 09:18:55 GMT
10 < Connection: keep-alive
10 < Keep-Alive: timeout=5
{"access_token":"eyJhbGciOiJIUzI1NiIsInR5cCI6IkpXVCJ9.eyJzdWIiOiIyNzJmNmI1NS01MTc5LTRhZTMtODU2My1iNGVjMTBmNzY3MTUiLCJ1c2VybmFtZSI6ImpvaG5kb2UyZDVkIiwicm9sZSI6MCwiaWF0IjoxNzUwNzU2NzM1LCJleHAiOjE3NTA3NjAzMzV9.h3Nw4UA5mGY2wu7Bft1J-1kaNCcxdEXn_uuFE7qunzk","refresh_token":"72a12e6f3b91203c82ca95350441f1c644789038095d83ca0cd7d49b94b5db25","user":{"id":"272f6b55-5179-4ae3-8563-b4ec10f76715","email":"testit5@gmail.com","username":"johndoe2d5d","name":"John Doe","phoneNumber":"0123456132","profilePic":null,"bio":null,"private":false,"verified":false,"role":0,"followersCount":0,"followingCount":0,"postCount":0}}

16:18:55.979 [pool-2-thread-8] INFO com.intuit.karate -- [print] Call 10 completed, status: 200 
16:18:55.979 [pool-2-thread-4] INFO com.intuit.karate -- [print] Call 10 completed, status: 200 
16:18:55.979 [pool-2-thread-4] INFO com.intuit.karate -- [print] === COMPLETED 10 API CALLS for user: test2@example.com === 
16:18:55.979 [pool-2-thread-8] INFO com.intuit.karate -- [print] === COMPLETED 10 API CALLS for user: testit5@gmail.com === 
16:18:55.983 [pool-2-thread-3] DEBUG org.apache.http.wire -- http-outgoing-96 << "HTTP/1.1 200 OK[\r][\n]"
16:18:55.983 [pool-2-thread-3] DEBUG org.apache.http.wire -- http-outgoing-96 << "X-Powered-By: Express[\r][\n]"
16:18:55.983 [pool-2-thread-3] DEBUG org.apache.http.wire -- http-outgoing-96 << "Access-Control-Allow-Origin: *[\r][\n]"
16:18:55.983 [pool-2-thread-3] DEBUG org.apache.http.wire -- http-outgoing-96 << "Content-Type: application/json; charset=utf-8[\r][\n]"
16:18:55.984 [pool-2-thread-3] DEBUG org.apache.http.wire -- http-outgoing-96 << "Content-Length: 599[\r][\n]"
16:18:55.984 [pool-2-thread-3] DEBUG org.apache.http.wire -- http-outgoing-96 << "ETag: W/"257-WMXA6EhgIE5p6XfD64vxyeCGlVU"[\r][\n]"
16:18:55.984 [pool-2-thread-3] DEBUG org.apache.http.wire -- http-outgoing-96 << "Date: Tue, 24 Jun 2025 09:18:55 GMT[\r][\n]"
16:18:55.984 [pool-2-thread-3] DEBUG org.apache.http.wire -- http-outgoing-96 << "Connection: keep-alive[\r][\n]"
16:18:55.984 [pool-2-thread-3] DEBUG org.apache.http.wire -- http-outgoing-96 << "Keep-Alive: timeout=5[\r][\n]"
16:18:55.984 [pool-2-thread-3] DEBUG org.apache.http.wire -- http-outgoing-96 << "[\r][\n]"
16:18:55.984 [pool-2-thread-3] DEBUG org.apache.http.wire -- http-outgoing-96 << "{"access_token":"eyJhbGciOiJIUzI1NiIsInR5cCI6IkpXVCJ9.eyJzdWIiOiIyZGRhMDQzOS01MTgwLTQ1YWEtOTE3Zi1lNjMyZTQ1YThlNDEiLCJ1c2VybmFtZSI6ImpvaG5kb2UiLCJyb2xlIjowLCJpYXQiOjE3NTA3NTY3MzUsImV4cCI6MTc1MDc2MDMzNX0.tu8VnLSkcfwpPA3d78rcwUOQGVS4kah9906666OxQZ0","refresh_token":"230d02c643f398339ac3fde5aef8923c77f2e8e26073a90886b4378e018c63c4","user":{"id":"2dda0439-5180-45aa-917f-e632e45a8e41","email":"test@example.com","username":"johndoe","name":"John Doe","phoneNumber":"0987654321","profilePic":null,"bio":null,"private":false,"verified":false,"role":0,"followersCount":0,"followingCount":0,"postCount":0}}"
16:18:55.984 [pool-2-thread-3] DEBUG org.apache.http.headers -- http-outgoing-96 << HTTP/1.1 200 OK
16:18:55.984 [pool-2-thread-3] DEBUG org.apache.http.headers -- http-outgoing-96 << X-Powered-By: Express
16:18:55.984 [pool-2-thread-3] DEBUG org.apache.http.headers -- http-outgoing-96 << Access-Control-Allow-Origin: *
16:18:55.984 [pool-2-thread-3] DEBUG org.apache.http.headers -- http-outgoing-96 << Content-Type: application/json; charset=utf-8
16:18:55.984 [pool-2-thread-3] DEBUG org.apache.http.headers -- http-outgoing-96 << Content-Length: 599
16:18:55.984 [pool-2-thread-3] DEBUG org.apache.http.headers -- http-outgoing-96 << ETag: W/"257-WMXA6EhgIE5p6XfD64vxyeCGlVU"
16:18:55.984 [pool-2-thread-3] DEBUG org.apache.http.headers -- http-outgoing-96 << Date: Tue, 24 Jun 2025 09:18:55 GMT
16:18:55.984 [pool-2-thread-3] DEBUG org.apache.http.headers -- http-outgoing-96 << Connection: keep-alive
16:18:55.984 [pool-2-thread-3] DEBUG org.apache.http.headers -- http-outgoing-96 << Keep-Alive: timeout=5
16:18:55.984 [pool-2-thread-3] DEBUG org.apache.http.impl.execchain.MainClientExec -- Connection can be kept alive for 5000 MILLISECONDS
16:18:55.984 [pool-2-thread-3] DEBUG org.apache.http.impl.conn.PoolingHttpClientConnectionManager -- Connection [id: 96][route: {}->http://localhost:3000] can be kept alive for 5.0 seconds
16:18:55.984 [pool-2-thread-3] DEBUG org.apache.http.impl.conn.DefaultManagedHttpClientConnection -- http-outgoing-96: set socket timeout to 0
16:18:55.984 [pool-2-thread-3] DEBUG org.apache.http.impl.conn.PoolingHttpClientConnectionManager -- Connection released: [id: 96][route: {}->http://localhost:3000][total available: 1; route allocated: 1 of 5; total allocated: 1 of 10]
16:18:55.984 [pool-2-thread-3] DEBUG org.apache.http.impl.conn.PoolingHttpClientConnectionManager -- Connection manager is shutting down
16:18:55.984 [pool-2-thread-3] DEBUG org.apache.http.impl.conn.DefaultManagedHttpClientConnection -- http-outgoing-96: Close connection
16:18:55.984 [pool-2-thread-3] DEBUG org.apache.http.impl.conn.PoolingHttpClientConnectionManager -- Connection manager shut down
16:18:55.986 [pool-2-thread-3] DEBUG com.intuit.karate -- response time in milliseconds: 349
10 < 200
10 < X-Powered-By: Express
10 < Access-Control-Allow-Origin: *
10 < Content-Type: application/json; charset=utf-8
10 < Content-Length: 599
10 < ETag: W/"257-WMXA6EhgIE5p6XfD64vxyeCGlVU"
10 < Date: Tue, 24 Jun 2025 09:18:55 GMT
10 < Connection: keep-alive
10 < Keep-Alive: timeout=5
{"access_token":"eyJhbGciOiJIUzI1NiIsInR5cCI6IkpXVCJ9.eyJzdWIiOiIyZGRhMDQzOS01MTgwLTQ1YWEtOTE3Zi1lNjMyZTQ1YThlNDEiLCJ1c2VybmFtZSI6ImpvaG5kb2UiLCJyb2xlIjowLCJpYXQiOjE3NTA3NTY3MzUsImV4cCI6MTc1MDc2MDMzNX0.tu8VnLSkcfwpPA3d78rcwUOQGVS4kah9906666OxQZ0","refresh_token":"230d02c643f398339ac3fde5aef8923c77f2e8e26073a90886b4378e018c63c4","user":{"id":"2dda0439-5180-45aa-917f-e632e45a8e41","email":"test@example.com","username":"johndoe","name":"John Doe","phoneNumber":"0987654321","profilePic":null,"bio":null,"private":false,"verified":false,"role":0,"followersCount":0,"followingCount":0,"postCount":0}}

16:18:55.988 [pool-2-thread-3] INFO com.intuit.karate -- [print] Call 10 completed, status: 200 
16:18:55.989 [pool-2-thread-7] DEBUG org.apache.http.wire -- http-outgoing-99 << "HTTP/1.1 200 OK[\r][\n]"
16:18:55.989 [pool-2-thread-7] DEBUG org.apache.http.wire -- http-outgoing-99 << "X-Powered-By: Express[\r][\n]"
16:18:55.989 [pool-2-thread-7] DEBUG org.apache.http.wire -- http-outgoing-99 << "Access-Control-Allow-Origin: *[\r][\n]"
16:18:55.989 [pool-2-thread-7] DEBUG org.apache.http.wire -- http-outgoing-99 << "Content-Type: application/json; charset=utf-8[\r][\n]"
16:18:55.989 [pool-2-thread-7] DEBUG org.apache.http.wire -- http-outgoing-99 << "Content-Length: 605[\r][\n]"
16:18:55.989 [pool-2-thread-7] DEBUG org.apache.http.wire -- http-outgoing-99 << "ETag: W/"25d-Fdb6UMko85UZWIVzGYOl+u4tnOU"[\r][\n]"
16:18:55.989 [pool-2-thread-7] DEBUG org.apache.http.wire -- http-outgoing-99 << "Date: Tue, 24 Jun 2025 09:18:55 GMT[\r][\n]"
16:18:55.989 [pool-2-thread-7] DEBUG org.apache.http.wire -- http-outgoing-99 << "Connection: keep-alive[\r][\n]"
16:18:55.989 [pool-2-thread-7] DEBUG org.apache.http.wire -- http-outgoing-99 << "Keep-Alive: timeout=5[\r][\n]"
16:18:55.989 [pool-2-thread-7] DEBUG org.apache.http.wire -- http-outgoing-99 << "[\r][\n]"
16:18:55.989 [pool-2-thread-7] DEBUG org.apache.http.wire -- http-outgoing-99 << "{"access_token":"eyJhbGciOiJIUzI1NiIsInR5cCI6IkpXVCJ9.eyJzdWIiOiI2NTBjZTFlZC1hYWNhLTQzOGYtOTk4OC0xZjA1OGFiNWFhMWEiLCJ1c2VybmFtZSI6ImpvaG5kb2UyNSIsInJvbGUiOjAsImlhdCI6MTc1MDc1NjczNSwiZXhwIjoxNzUwNzYwMzM1fQ.q8gw5ydB_6Gr3nnqemm6p-3S-yTPh_VbrwACqjoRbZg","refresh_token":"5cec66670593a07f943619b3804eaaaf29e2e4699b0f10bc74e5d07e53ca0595","user":{"id":"650ce1ed-aaca-438f-9988-1f058ab5aa1a","email":"testit3@gmail.com","username":"johndoe25","name":"John Doe","phoneNumber":"0123456713","profilePic":null,"bio":null,"private":false,"verified":false,"role":0,"followersCount":0,"followingCount":0,"postCount":0}}"
16:18:55.989 [pool-2-thread-7] DEBUG org.apache.http.headers -- http-outgoing-99 << HTTP/1.1 200 OK
16:18:55.989 [pool-2-thread-7] DEBUG org.apache.http.headers -- http-outgoing-99 << X-Powered-By: Express
16:18:55.989 [pool-2-thread-7] DEBUG org.apache.http.headers -- http-outgoing-99 << Access-Control-Allow-Origin: *
16:18:55.989 [pool-2-thread-7] DEBUG org.apache.http.headers -- http-outgoing-99 << Content-Type: application/json; charset=utf-8
16:18:55.989 [pool-2-thread-7] DEBUG org.apache.http.headers -- http-outgoing-99 << Content-Length: 605
16:18:55.989 [pool-2-thread-7] DEBUG org.apache.http.headers -- http-outgoing-99 << ETag: W/"25d-Fdb6UMko85UZWIVzGYOl+u4tnOU"
16:18:55.989 [pool-2-thread-7] DEBUG org.apache.http.headers -- http-outgoing-99 << Date: Tue, 24 Jun 2025 09:18:55 GMT
16:18:55.989 [pool-2-thread-7] DEBUG org.apache.http.headers -- http-outgoing-99 << Connection: keep-alive
16:18:55.989 [pool-2-thread-7] DEBUG org.apache.http.headers -- http-outgoing-99 << Keep-Alive: timeout=5
16:18:55.989 [pool-2-thread-7] DEBUG org.apache.http.impl.execchain.MainClientExec -- Connection can be kept alive for 5000 MILLISECONDS
16:18:55.990 [pool-2-thread-7] DEBUG org.apache.http.impl.conn.PoolingHttpClientConnectionManager -- Connection [id: 99][route: {}->http://localhost:3000] can be kept alive for 5.0 seconds
16:18:55.990 [pool-2-thread-7] DEBUG org.apache.http.impl.conn.DefaultManagedHttpClientConnection -- http-outgoing-99: set socket timeout to 0
16:18:55.990 [pool-2-thread-7] DEBUG org.apache.http.impl.conn.PoolingHttpClientConnectionManager -- Connection released: [id: 99][route: {}->http://localhost:3000][total available: 1; route allocated: 1 of 5; total allocated: 1 of 10]
16:18:55.990 [pool-2-thread-7] DEBUG org.apache.http.impl.conn.PoolingHttpClientConnectionManager -- Connection manager is shutting down
16:18:55.990 [pool-2-thread-7] DEBUG org.apache.http.impl.conn.DefaultManagedHttpClientConnection -- http-outgoing-99: Close connection
16:18:55.990 [pool-2-thread-7] DEBUG org.apache.http.impl.conn.PoolingHttpClientConnectionManager -- Connection manager shut down
16:18:55.990 [pool-2-thread-3] INFO com.intuit.karate -- [print] === COMPLETED 10 API CALLS for user: test@example.com === 
16:18:55.990 [pool-2-thread-7] DEBUG com.intuit.karate -- response time in milliseconds: 319
10 < 200
10 < X-Powered-By: Express
10 < Access-Control-Allow-Origin: *
10 < Content-Type: application/json; charset=utf-8
10 < Content-Length: 605
10 < ETag: W/"25d-Fdb6UMko85UZWIVzGYOl+u4tnOU"
10 < Date: Tue, 24 Jun 2025 09:18:55 GMT
10 < Connection: keep-alive
10 < Keep-Alive: timeout=5
{"access_token":"eyJhbGciOiJIUzI1NiIsInR5cCI6IkpXVCJ9.eyJzdWIiOiI2NTBjZTFlZC1hYWNhLTQzOGYtOTk4OC0xZjA1OGFiNWFhMWEiLCJ1c2VybmFtZSI6ImpvaG5kb2UyNSIsInJvbGUiOjAsImlhdCI6MTc1MDc1NjczNSwiZXhwIjoxNzUwNzYwMzM1fQ.q8gw5ydB_6Gr3nnqemm6p-3S-yTPh_VbrwACqjoRbZg","refresh_token":"5cec66670593a07f943619b3804eaaaf29e2e4699b0f10bc74e5d07e53ca0595","user":{"id":"650ce1ed-aaca-438f-9988-1f058ab5aa1a","email":"testit3@gmail.com","username":"johndoe25","name":"John Doe","phoneNumber":"0123456713","profilePic":null,"bio":null,"private":false,"verified":false,"role":0,"followersCount":0,"followingCount":0,"postCount":0}}

16:18:55.991 [pool-2-thread-7] INFO com.intuit.karate -- [print] Call 10 completed, status: 200 
16:18:55.991 [pool-2-thread-7] INFO com.intuit.karate -- [print] === COMPLETED 10 API CALLS for user: testit3@gmail.com === 
16:18:56.085 [pool-3-thread-1] DEBUG org.thymeleaf.TemplateEngine -- [THYMELEAF] INITIALIZING TEMPLATE ENGINE
16:18:56.285 [pool-3-thread-1] DEBUG org.thymeleaf.TemplateEngine.CONFIG -- Initializing Thymeleaf Template engine configuration...
[THYMELEAF] TEMPLATE ENGINE CONFIGURATION:
[THYMELEAF] * Thymeleaf version: 3.1.2.RELEASE (built 2023-07-30T19:25:50+0000)
[THYMELEAF] * Cache Manager implementation: org.thymeleaf.cache.StandardCacheManager
[THYMELEAF] * Template resolvers:
[THYMELEAF]     * [1] com.intuit.karate.template.ResourceHtmlTemplateResolver
[THYMELEAF] * Message resolvers:
[THYMELEAF]     * org.thymeleaf.messageresolver.StandardMessageResolver
[THYMELEAF] * Link builders:
[THYMELEAF]     * org.thymeleaf.linkbuilder.StandardLinkBuilder
[THYMELEAF] * Dialect [1 of 2]: Standard (com.intuit.karate.template.KarateStandardDialect)
[THYMELEAF]     * Prefix: "th"
[THYMELEAF]     * Processors for Template Mode: HTML
[THYMELEAF]         * Element Tag Processors by [matching element and attribute name] [precedence]:
[THYMELEAF]             * [* {th:include,data-th-include}] [100]: org.thymeleaf.standard.processor.StandardIncludeTagProcessor
[THYMELEAF]             * [* {th:insert,data-th-insert}] [100]: org.thymeleaf.standard.processor.StandardInsertTagProcessor
[THYMELEAF]             * [* {th:replace,data-th-replace}] [100]: org.thymeleaf.standard.processor.StandardReplaceTagProcessor
[THYMELEAF]             * [* {th:each,data-th-each}] [200]: com.intuit.karate.template.KarateEachTagProcessor
[THYMELEAF]             * [* {th:switch,data-th-switch}] [250]: org.thymeleaf.standard.processor.StandardSwitchTagProcessor
[THYMELEAF]             * [* {th:case,data-th-case}] [275]: org.thymeleaf.standard.processor.StandardCaseTagProcessor
[THYMELEAF]             * [* {th:if,data-th-if}] [300]: org.thymeleaf.standard.processor.StandardIfTagProcessor
[THYMELEAF]             * [* {th:unless,data-th-unless}] [400]: org.thymeleaf.standard.processor.StandardUnlessTagProcessor
[THYMELEAF]             * [* {th:object,data-th-object}] [500]: org.thymeleaf.standard.processor.StandardObjectTagProcessor
[THYMELEAF]             * [* {th:with,data-th-with}] [600]: com.intuit.karate.template.KarateWithTagProcessor
[THYMELEAF]             * [* {th:attr,data-th-attr}] [700]: com.intuit.karate.template.KarateAttributeTagProcessor.KarateAttrTagProcessor
[THYMELEAF]             * [* {th:attrappend,data-th-attrappend}] [900]: com.intuit.karate.template.KarateAttributeTagProcessor.KarateAttrappendTagProcessor
[THYMELEAF]             * [* {th:attrprepend,data-th-attrprepend}] [900]: com.intuit.karate.template.KarateAttributeTagProcessor.KarateAttrprependTagProcessor
[THYMELEAF]             * [* {th:alt-title,data-th-alt-title}] [990]: org.thymeleaf.standard.processor.StandardAltTitleTagProcessor
[THYMELEAF]             * [* {th:lang-xmllang,data-th-lang-xmllang}] [990]: org.thymeleaf.standard.processor.StandardLangXmlLangTagProcessor
[THYMELEAF]             * [* {th:action,data-th-action}] [1000]: org.thymeleaf.standard.processor.StandardActionTagProcessor
[THYMELEAF]             * [* {th:reversed,data-th-reversed}] [1000]: org.thymeleaf.standard.processor.StandardConditionalFixedValueTagProcessor
[THYMELEAF]             * [* {th:selected,data-th-selected}] [1000]: org.thymeleaf.standard.processor.StandardConditionalFixedValueTagProcessor
[THYMELEAF]             * [* {th:autoplay,data-th-autoplay}] [1000]: org.thymeleaf.standard.processor.StandardConditionalFixedValueTagProcessor
[THYMELEAF]             * [* {th:loop,data-th-loop}] [1000]: org.thymeleaf.standard.processor.StandardConditionalFixedValueTagProcessor
[THYMELEAF]             * [* {th:hidden,data-th-hidden}] [1000]: org.thymeleaf.standard.processor.StandardConditionalFixedValueTagProcessor
[THYMELEAF]             * [* {th:pubdate,data-th-pubdate}] [1000]: org.thymeleaf.standard.processor.StandardConditionalFixedValueTagProcessor
[THYMELEAF]             * [* {th:declare,data-th-declare}] [1000]: org.thymeleaf.standard.processor.StandardConditionalFixedValueTagProcessor
[THYMELEAF]             * [* {th:multiple,data-th-multiple}] [1000]: org.thymeleaf.standard.processor.StandardConditionalFixedValueTagProcessor
[THYMELEAF]             * [* {th:disabled,data-th-disabled}] [1000]: org.thymeleaf.standard.processor.StandardConditionalFixedValueTagProcessor
[THYMELEAF]             * [* {th:autofocus,data-th-autofocus}] [1000]: org.thymeleaf.standard.processor.StandardConditionalFixedValueTagProcessor
[THYMELEAF]             * [* {th:checked,data-th-checked}] [1000]: org.thymeleaf.standard.processor.StandardConditionalFixedValueTagProcessor
[THYMELEAF]             * [* {th:formnovalidate,data-th-formnovalidate}] [1000]: org.thymeleaf.standard.processor.StandardConditionalFixedValueTagProcessor
[THYMELEAF]             * [* {th:async,data-th-async}] [1000]: org.thymeleaf.standard.processor.StandardConditionalFixedValueTagProcessor
[THYMELEAF]             * [* {th:ismap,data-th-ismap}] [1000]: org.thymeleaf.standard.processor.StandardConditionalFixedValueTagProcessor
[THYMELEAF]             * [* {th:default,data-th-default}] [1000]: org.thymeleaf.standard.processor.StandardConditionalFixedValueTagProcessor
[THYMELEAF]             * [* {th:nowrap,data-th-nowrap}] [1000]: org.thymeleaf.standard.processor.StandardConditionalFixedValueTagProcessor
[THYMELEAF]             * [* {th:controls,data-th-controls}] [1000]: org.thymeleaf.standard.processor.StandardConditionalFixedValueTagProcessor
[THYMELEAF]             * [* {th:seamless,data-th-seamless}] [1000]: org.thymeleaf.standard.processor.StandardConditionalFixedValueTagProcessor
[THYMELEAF]             * [* {th:scoped,data-th-scoped}] [1000]: org.thymeleaf.standard.processor.StandardConditionalFixedValueTagProcessor
[THYMELEAF]             * [* {th:defer,data-th-defer}] [1000]: org.thymeleaf.standard.processor.StandardConditionalFixedValueTagProcessor
[THYMELEAF]             * [* {th:open,data-th-open}] [1000]: org.thymeleaf.standard.processor.StandardConditionalFixedValueTagProcessor
[THYMELEAF]             * [* {th:readonly,data-th-readonly}] [1000]: org.thymeleaf.standard.processor.StandardConditionalFixedValueTagProcessor
[THYMELEAF]             * [* {th:required,data-th-required}] [1000]: org.thymeleaf.standard.processor.StandardConditionalFixedValueTagProcessor
[THYMELEAF]             * [* {th:novalidate,data-th-novalidate}] [1000]: org.thymeleaf.standard.processor.StandardConditionalFixedValueTagProcessor
[THYMELEAF]             * [* {th:onclick,data-th-onclick}] [1000]: org.thymeleaf.standard.processor.StandardDOMEventAttributeTagProcessor
[THYMELEAF]             * [* {th:oncanplay,data-th-oncanplay}] [1000]: org.thymeleaf.standard.processor.StandardDOMEventAttributeTagProcessor
[THYMELEAF]             * [* {th:onplaying,data-th-onplaying}] [1000]: org.thymeleaf.standard.processor.StandardDOMEventAttributeTagProcessor
[THYMELEAF]             * [* {th:onchange,data-th-onchange}] [1000]: org.thymeleaf.standard.processor.StandardDOMEventAttributeTagProcessor
[THYMELEAF]             * [* {th:onmouseover,data-th-onmouseover}] [1000]: org.thymeleaf.standard.processor.StandardDOMEventAttributeTagProcessor
[THYMELEAF]             * [* {th:ononline,data-th-ononline}] [1000]: org.thymeleaf.standard.processor.StandardDOMEventAttributeTagProcessor
[THYMELEAF]             * [* {th:onbeforeprint,data-th-onbeforeprint}] [1000]: org.thymeleaf.standard.processor.StandardDOMEventAttributeTagProcessor
[THYMELEAF]             * [* {th:onredo,data-th-onredo}] [1000]: org.thymeleaf.standard.processor.StandardDOMEventAttributeTagProcessor
[THYMELEAF]             * [* {th:ondragover,data-th-ondragover}] [1000]: org.thymeleaf.standard.processor.StandardDOMEventAttributeTagProcessor
[THYMELEAF]             * [* {th:ondragend,data-th-ondragend}] [1000]: org.thymeleaf.standard.processor.StandardDOMEventAttributeTagProcessor
[THYMELEAF]             * [* {th:onplay,data-th-onplay}] [1000]: org.thymeleaf.standard.processor.StandardDOMEventAttributeTagProcessor
[THYMELEAF]             * [* {th:oninput,data-th-oninput}] [1000]: org.thymeleaf.standard.processor.StandardDOMEventAttributeTagProcessor
[THYMELEAF]             * [* {th:onafterprint,data-th-onafterprint}] [1000]: org.thymeleaf.standard.processor.StandardDOMEventAttributeTagProcessor
[THYMELEAF]             * [* {th:ondurationchange,data-th-ondurationchange}] [1000]: org.thymeleaf.standard.processor.StandardDOMEventAttributeTagProcessor
[THYMELEAF]             * [* {th:onseeking,data-th-onseeking}] [1000]: org.thymeleaf.standard.processor.StandardDOMEventAttributeTagProcessor
[THYMELEAF]             * [* {th:onselect,data-th-onselect}] [1000]: org.thymeleaf.standard.processor.StandardDOMEventAttributeTagProcessor
[THYMELEAF]             * [* {th:onshow,data-th-onshow}] [1000]: org.thymeleaf.standard.processor.StandardDOMEventAttributeTagProcessor
[THYMELEAF]             * [* {th:onended,data-th-onended}] [1000]: org.thymeleaf.standard.processor.StandardDOMEventAttributeTagProcessor
[THYMELEAF]             * [* {th:onreadystatechange,data-th-onreadystatechange}] [1000]: org.thymeleaf.standard.processor.StandardDOMEventAttributeTagProcessor
[THYMELEAF]             * [* {th:onsubmit,data-th-onsubmit}] [1000]: org.thymeleaf.standard.processor.StandardDOMEventAttributeTagProcessor
[THYMELEAF]             * [* {th:onstalled,data-th-onstalled}] [1000]: org.thymeleaf.standard.processor.StandardDOMEventAttributeTagProcessor
[THYMELEAF]             * [* {th:onerror,data-th-onerror}] [1000]: org.thymeleaf.standard.processor.StandardDOMEventAttributeTagProcessor
[THYMELEAF]             * [* {th:onmessage,data-th-onmessage}] [1000]: org.thymeleaf.standard.processor.StandardDOMEventAttributeTagProcessor
[THYMELEAF]             * [* {th:onkeyup,data-th-onkeyup}] [1000]: org.thymeleaf.standard.processor.StandardDOMEventAttributeTagProcessor
[THYMELEAF]             * [* {th:ondragleave,data-th-ondragleave}] [1000]: org.thymeleaf.standard.processor.StandardDOMEventAttributeTagProcessor
[THYMELEAF]             * [* {th:onemptied,data-th-onemptied}] [1000]: org.thymeleaf.standard.processor.StandardDOMEventAttributeTagProcessor
[THYMELEAF]             * [* {th:onmouseout,data-th-onmouseout}] [1000]: org.thymeleaf.standard.processor.StandardDOMEventAttributeTagProcessor
[THYMELEAF]             * [* {th:onmousemove,data-th-onmousemove}] [1000]: org.thymeleaf.standard.processor.StandardDOMEventAttributeTagProcessor
[THYMELEAF]             * [* {th:onforminput,data-th-onforminput}] [1000]: org.thymeleaf.standard.processor.StandardDOMEventAttributeTagProcessor
[THYMELEAF]             * [* {th:ondrag,data-th-ondrag}] [1000]: org.thymeleaf.standard.processor.StandardDOMEventAttributeTagProcessor
[THYMELEAF]             * [* {th:onreset,data-th-onreset}] [1000]: org.thymeleaf.standard.processor.StandardDOMEventAttributeTagProcessor
[THYMELEAF]             * [* {th:onratechange,data-th-onratechange}] [1000]: org.thymeleaf.standard.processor.StandardDOMEventAttributeTagProcessor
[THYMELEAF]             * [* {th:onscroll,data-th-onscroll}] [1000]: org.thymeleaf.standard.processor.StandardDOMEventAttributeTagProcessor
[THYMELEAF]             * [* {th:onmouseup,data-th-onmouseup}] [1000]: org.thymeleaf.standard.processor.StandardDOMEventAttributeTagProcessor
[THYMELEAF]             * [* {th:onseeked,data-th-onseeked}] [1000]: org.thymeleaf.standard.processor.StandardDOMEventAttributeTagProcessor
[THYMELEAF]             * [* {th:onloadeddata,data-th-onloadeddata}] [1000]: org.thymeleaf.standard.processor.StandardDOMEventAttributeTagProcessor
[THYMELEAF]             * [* {th:onloadedmetadata,data-th-onloadedmetadata}] [1000]: org.thymeleaf.standard.processor.StandardDOMEventAttributeTagProcessor
[THYMELEAF]             * [* {th:oninvalid,data-th-oninvalid}] [1000]: org.thymeleaf.standard.processor.StandardDOMEventAttributeTagProcessor
[THYMELEAF]             * [* {th:onformchange,data-th-onformchange}] [1000]: org.thymeleaf.standard.processor.StandardDOMEventAttributeTagProcessor
[THYMELEAF]             * [* {th:ondblclick,data-th-ondblclick}] [1000]: org.thymeleaf.standard.processor.StandardDOMEventAttributeTagProcessor
[THYMELEAF]             * [* {th:onloadstart,data-th-onloadstart}] [1000]: org.thymeleaf.standard.processor.StandardDOMEventAttributeTagProcessor
[THYMELEAF]             * [* {th:onwaiting,data-th-onwaiting}] [1000]: org.thymeleaf.standard.processor.StandardDOMEventAttributeTagProcessor
[THYMELEAF]             * [* {th:ondragenter,data-th-ondragenter}] [1000]: org.thymeleaf.standard.processor.StandardDOMEventAttributeTagProcessor
[THYMELEAF]             * [* {th:onmousedown,data-th-onmousedown}] [1000]: org.thymeleaf.standard.processor.StandardDOMEventAttributeTagProcessor
[THYMELEAF]             * [* {th:onkeydown,data-th-onkeydown}] [1000]: org.thymeleaf.standard.processor.StandardDOMEventAttributeTagProcessor
[THYMELEAF]             * [* {th:onmousewheel,data-th-onmousewheel}] [1000]: org.thymeleaf.standard.processor.StandardDOMEventAttributeTagProcessor
[THYMELEAF]             * [* {th:onpopstate,data-th-onpopstate}] [1000]: org.thymeleaf.standard.processor.StandardDOMEventAttributeTagProcessor
[THYMELEAF]             * [* {th:onabort,data-th-onabort}] [1000]: org.thymeleaf.standard.processor.StandardDOMEventAttributeTagProcessor
[THYMELEAF]             * [* {th:onfocus,data-th-onfocus}] [1000]: org.thymeleaf.standard.processor.StandardDOMEventAttributeTagProcessor
[THYMELEAF]             * [* {th:onbeforeunload,data-th-onbeforeunload}] [1000]: org.thymeleaf.standard.processor.StandardDOMEventAttributeTagProcessor
[THYMELEAF]             * [* {th:ondrop,data-th-ondrop}] [1000]: org.thymeleaf.standard.processor.StandardDOMEventAttributeTagProcessor
[THYMELEAF]             * [* {th:onstorage,data-th-onstorage}] [1000]: org.thymeleaf.standard.processor.StandardDOMEventAttributeTagProcessor
[THYMELEAF]             * [* {th:onoffline,data-th-onoffline}] [1000]: org.thymeleaf.standard.processor.StandardDOMEventAttributeTagProcessor
[THYMELEAF]             * [* {th:onunload,data-th-onunload}] [1000]: org.thymeleaf.standard.processor.StandardDOMEventAttributeTagProcessor
[THYMELEAF]             * [* {th:onhashchange,data-th-onhashchange}] [1000]: org.thymeleaf.standard.processor.StandardDOMEventAttributeTagProcessor
[THYMELEAF]             * [* {th:onblur,data-th-onblur}] [1000]: org.thymeleaf.standard.processor.StandardDOMEventAttributeTagProcessor
[THYMELEAF]             * [* {th:onvolumechange,data-th-onvolumechange}] [1000]: org.thymeleaf.standard.processor.StandardDOMEventAttributeTagProcessor
[THYMELEAF]             * [* {th:ondragstart,data-th-ondragstart}] [1000]: org.thymeleaf.standard.processor.StandardDOMEventAttributeTagProcessor
[THYMELEAF]             * [* {th:onsuspend,data-th-onsuspend}] [1000]: org.thymeleaf.standard.processor.StandardDOMEventAttributeTagProcessor
[THYMELEAF]             * [* {th:onundo,data-th-onundo}] [1000]: org.thymeleaf.standard.processor.StandardDOMEventAttributeTagProcessor
[THYMELEAF]             * [* {th:onprogress,data-th-onprogress}] [1000]: org.thymeleaf.standard.processor.StandardDOMEventAttributeTagProcessor
[THYMELEAF]             * [* {th:ontimeupdate,data-th-ontimeupdate}] [1000]: org.thymeleaf.standard.processor.StandardDOMEventAttributeTagProcessor
[THYMELEAF]             * [* {th:onkeypress,data-th-onkeypress}] [1000]: org.thymeleaf.standard.processor.StandardDOMEventAttributeTagProcessor
[THYMELEAF]             * [* {th:onpause,data-th-onpause}] [1000]: org.thymeleaf.standard.processor.StandardDOMEventAttributeTagProcessor
[THYMELEAF]             * [* {th:oncanplaythrough,data-th-oncanplaythrough}] [1000]: org.thymeleaf.standard.processor.StandardDOMEventAttributeTagProcessor
[THYMELEAF]             * [* {th:onresize,data-th-onresize}] [1000]: org.thymeleaf.standard.processor.StandardDOMEventAttributeTagProcessor
[THYMELEAF]             * [* {th:onload,data-th-onload}] [1000]: org.thymeleaf.standard.processor.StandardDOMEventAttributeTagProcessor
[THYMELEAF]             * [* {th:oncontextmenu,data-th-oncontextmenu}] [1000]: org.thymeleaf.standard.processor.StandardDOMEventAttributeTagProcessor
[THYMELEAF]             * [* {th:href,data-th-href}] [1000]: org.thymeleaf.standard.processor.StandardHrefTagProcessor
[THYMELEAF]             * [* {th:inline,data-th-inline}] [1000]: org.thymeleaf.standard.processor.StandardInlineHTMLTagProcessor
[THYMELEAF]             * [* {th:method,data-th-method}] [1000]: org.thymeleaf.standard.processor.StandardMethodTagProcessor
[THYMELEAF]             * [* {th:type,data-th-type}] [1000]: org.thymeleaf.standard.processor.StandardNonRemovableAttributeTagProcessor
[THYMELEAF]             * [* {th:name,data-th-name}] [1000]: org.thymeleaf.standard.processor.StandardNonRemovableAttributeTagProcessor
[THYMELEAF]             * [* {th:list,data-th-list}] [1000]: org.thymeleaf.standard.processor.StandardRemovableAttributeTagProcessor
[THYMELEAF]             * [* {th:rules,data-th-rules}] [1000]: org.thymeleaf.standard.processor.StandardRemovableAttributeTagProcessor
[THYMELEAF]             * [* {th:high,data-th-high}] [1000]: org.thymeleaf.standard.processor.StandardRemovableAttributeTagProcessor
[THYMELEAF]             * [* {th:background,data-th-background}] [1000]: org.thymeleaf.standard.processor.StandardRemovableAttributeTagProcessor
[THYMELEAF]             * [* {th:width,data-th-width}] [1000]: org.thymeleaf.standard.processor.StandardRemovableAttributeTagProcessor
[THYMELEAF]             * [* {th:cellpadding,data-th-cellpadding}] [1000]: org.thymeleaf.standard.processor.StandardRemovableAttributeTagProcessor
[THYMELEAF]             * [* {th:icon,data-th-icon}] [1000]: org.thymeleaf.standard.processor.StandardRemovableAttributeTagProcessor
[THYMELEAF]             * [* {th:contextmenu,data-th-contextmenu}] [1000]: org.thymeleaf.standard.processor.StandardRemovableAttributeTagProcessor
[THYMELEAF]             * [* {th:spellcheck,data-th-spellcheck}] [1000]: org.thymeleaf.standard.processor.StandardRemovableAttributeTagProcessor
[THYMELEAF]             * [* {th:rows,data-th-rows}] [1000]: org.thymeleaf.standard.processor.StandardRemovableAttributeTagProcessor
[THYMELEAF]             * [* {th:maxlength,data-th-maxlength}] [1000]: org.thymeleaf.standard.processor.StandardRemovableAttributeTagProcessor
[THYMELEAF]             * [* {th:placeholder,data-th-placeholder}] [1000]: org.thymeleaf.standard.processor.StandardRemovableAttributeTagProcessor
[THYMELEAF]             * [* {th:sizes,data-th-sizes}] [1000]: org.thymeleaf.standard.processor.StandardRemovableAttributeTagProcessor
[THYMELEAF]             * [* {th:sandbox,data-th-sandbox}] [1000]: org.thymeleaf.standard.processor.StandardRemovableAttributeTagProcessor
[THYMELEAF]             * [* {th:frame,data-th-frame}] [1000]: org.thymeleaf.standard.processor.StandardRemovableAttributeTagProcessor
[THYMELEAF]             * [* {th:start,data-th-start}] [1000]: org.thymeleaf.standard.processor.StandardRemovableAttributeTagProcessor
[THYMELEAF]             * [* {th:scrolling,data-th-scrolling}] [1000]: org.thymeleaf.standard.processor.StandardRemovableAttributeTagProcessor
[THYMELEAF]             * [* {th:marginwidth,data-th-marginwidth}] [1000]: org.thymeleaf.standard.processor.StandardRemovableAttributeTagProcessor
[THYMELEAF]             * [* {th:pattern,data-th-pattern}] [1000]: org.thymeleaf.standard.processor.StandardRemovableAttributeTagProcessor
[THYMELEAF]             * [* {th:contenteditable,data-th-contenteditable}] [1000]: org.thymeleaf.standard.processor.StandardRemovableAttributeTagProcessor
[THYMELEAF]             * [* {th:bgcolor,data-th-bgcolor}] [1000]: org.thymeleaf.standard.processor.StandardRemovableAttributeTagProcessor
[THYMELEAF]             * [* {th:step,data-th-step}] [1000]: org.thymeleaf.standard.processor.StandardRemovableAttributeTagProcessor
[THYMELEAF]             * [* {th:scope,data-th-scope}] [1000]: org.thymeleaf.standard.processor.StandardRemovableAttributeTagProcessor
[THYMELEAF]             * [* {th:min,data-th-min}] [1000]: org.thymeleaf.standard.processor.StandardRemovableAttributeTagProcessor
[THYMELEAF]             * [* {th:draggable,data-th-draggable}] [1000]: org.thymeleaf.standard.processor.StandardRemovableAttributeTagProcessor
[THYMELEAF]             * [* {th:media,data-th-media}] [1000]: org.thymeleaf.standard.processor.StandardRemovableAttributeTagProcessor
[THYMELEAF]             * [* {th:target,data-th-target}] [1000]: org.thymeleaf.standard.processor.StandardRemovableAttributeTagProcessor
[THYMELEAF]             * [* {th:class,data-th-class}] [1000]: org.thymeleaf.standard.processor.StandardRemovableAttributeTagProcessor
[THYMELEAF]             * [* {th:max,data-th-max}] [1000]: org.thymeleaf.standard.processor.StandardRemovableAttributeTagProcessor
[THYMELEAF]             * [* {th:label,data-th-label}] [1000]: org.thymeleaf.standard.processor.StandardRemovableAttributeTagProcessor
[THYMELEAF]             * [* {th:form,data-th-form}] [1000]: org.thymeleaf.standard.processor.StandardRemovableAttributeTagProcessor
[THYMELEAF]             * [* {th:rel,data-th-rel}] [1000]: org.thymeleaf.standard.processor.StandardRemovableAttributeTagProcessor
[THYMELEAF]             * [* {th:http-equiv,data-th-http-equiv}] [1000]: org.thymeleaf.standard.processor.StandardRemovableAttributeTagProcessor
[THYMELEAF]             * [* {th:for,data-th-for}] [1000]: org.thymeleaf.standard.processor.StandardRemovableAttributeTagProcessor
[THYMELEAF]             * [* {th:abbr,data-th-abbr}] [1000]: org.thymeleaf.standard.processor.StandardRemovableAttributeTagProcessor
[THYMELEAF]             * [* {th:cellspacing,data-th-cellspacing}] [1000]: org.thymeleaf.standard.processor.StandardRemovableAttributeTagProcessor
[THYMELEAF]             * [* {th:standby,data-th-standby}] [1000]: org.thymeleaf.standard.processor.StandardRemovableAttributeTagProcessor
[THYMELEAF]             * [* {th:audio,data-th-audio}] [1000]: org.thymeleaf.standard.processor.StandardRemovableAttributeTagProcessor
[THYMELEAF]             * [* {th:archive,data-th-archive}] [1000]: org.thymeleaf.standard.processor.StandardRemovableAttributeTagProcessor
[THYMELEAF]             * [* {th:dir,data-th-dir}] [1000]: org.thymeleaf.standard.processor.StandardRemovableAttributeTagProcessor
[THYMELEAF]             * [* {th:vspace,data-th-vspace}] [1000]: org.thymeleaf.standard.processor.StandardRemovableAttributeTagProcessor
[THYMELEAF]             * [* {th:scheme,data-th-scheme}] [1000]: org.thymeleaf.standard.processor.StandardRemovableAttributeTagProcessor
[THYMELEAF]             * [* {th:accesskey,data-th-accesskey}] [1000]: org.thymeleaf.standard.processor.StandardRemovableAttributeTagProcessor
[THYMELEAF]             * [* {th:marginheight,data-th-marginheight}] [1000]: org.thymeleaf.standard.processor.StandardRemovableAttributeTagProcessor
[THYMELEAF]             * [* {th:hspace,data-th-hspace}] [1000]: org.thymeleaf.standard.processor.StandardRemovableAttributeTagProcessor
[THYMELEAF]             * [* {th:low,data-th-low}] [1000]: org.thymeleaf.standard.processor.StandardRemovableAttributeTagProcessor
[THYMELEAF]             * [* {th:accept-charset,data-th-accept-charset}] [1000]: org.thymeleaf.standard.processor.StandardRemovableAttributeTagProcessor
[THYMELEAF]             * [* {th:border,data-th-border}] [1000]: org.thymeleaf.standard.processor.StandardRemovableAttributeTagProcessor
[THYMELEAF]             * [* {th:formenctype,data-th-formenctype}] [1000]: org.thymeleaf.standard.processor.StandardRemovableAttributeTagProcessor
[THYMELEAF]             * [* {th:usemap,data-th-usemap}] [1000]: org.thymeleaf.standard.processor.StandardRemovableAttributeTagProcessor
[THYMELEAF]             * [* {th:charset,data-th-charset}] [1000]: org.thymeleaf.standard.processor.StandardRemovableAttributeTagProcessor
[THYMELEAF]             * [* {th:headers,data-th-headers}] [1000]: org.thymeleaf.standard.processor.StandardRemovableAttributeTagProcessor
[THYMELEAF]             * [* {th:rowspan,data-th-rowspan}] [1000]: org.thymeleaf.standard.processor.StandardRemovableAttributeTagProcessor
[THYMELEAF]             * [* {th:rev,data-th-rev}] [1000]: org.thymeleaf.standard.processor.StandardRemovableAttributeTagProcessor
[THYMELEAF]             * [* {th:formaction,data-th-formaction}] [1000]: org.thymeleaf.standard.processor.StandardRemovableAttributeTagProcessor
[THYMELEAF]             * [* {th:kind,data-th-kind}] [1000]: org.thymeleaf.standard.processor.StandardRemovableAttributeTagProcessor
[THYMELEAF]             * [* {th:wrap,data-th-wrap}] [1000]: org.thymeleaf.standard.processor.StandardRemovableAttributeTagProcessor
[THYMELEAF]             * [* {th:radiogroup,data-th-radiogroup}] [1000]: org.thymeleaf.standard.processor.StandardRemovableAttributeTagProcessor
[THYMELEAF]             * [* {th:accept,data-th-accept}] [1000]: org.thymeleaf.standard.processor.StandardRemovableAttributeTagProcessor
[THYMELEAF]             * [* {th:colspan,data-th-colspan}] [1000]: org.thymeleaf.standard.processor.StandardRemovableAttributeTagProcessor
[THYMELEAF]             * [* {th:hreflang,data-th-hreflang}] [1000]: org.thymeleaf.standard.processor.StandardRemovableAttributeTagProcessor
[THYMELEAF]             * [* {th:manifest,data-th-manifest}] [1000]: org.thymeleaf.standard.processor.StandardRemovableAttributeTagProcessor
[THYMELEAF]             * [* {th:title,data-th-title}] [1000]: org.thymeleaf.standard.processor.StandardRemovableAttributeTagProcessor
[THYMELEAF]             * [* {th:datetime,data-th-datetime}] [1000]: org.thymeleaf.standard.processor.StandardRemovableAttributeTagProcessor
[THYMELEAF]             * [* {th:poster,data-th-poster}] [1000]: org.thymeleaf.standard.processor.StandardRemovableAttributeTagProcessor
[THYMELEAF]             * [* {th:style,data-th-style}] [1000]: org.thymeleaf.standard.processor.StandardRemovableAttributeTagProcessor
[THYMELEAF]             * [* {th:challenge,data-th-challenge}] [1000]: org.thymeleaf.standard.processor.StandardRemovableAttributeTagProcessor
[THYMELEAF]             * [* {th:align,data-th-align}] [1000]: org.thymeleaf.standard.processor.StandardRemovableAttributeTagProcessor
[THYMELEAF]             * [* {th:srclang,data-th-srclang}] [1000]: org.thymeleaf.standard.processor.StandardRemovableAttributeTagProcessor
[THYMELEAF]             * [* {th:axis,data-th-axis}] [1000]: org.thymeleaf.standard.processor.StandardRemovableAttributeTagProcessor
[THYMELEAF]             * [* {th:cite,data-th-cite}] [1000]: org.thymeleaf.standard.processor.StandardRemovableAttributeTagProcessor
[THYMELEAF]             * [* {th:dropzone,data-th-dropzone}] [1000]: org.thymeleaf.standard.processor.StandardRemovableAttributeTagProcessor
[THYMELEAF]             * [* {th:lang,data-th-lang}] [1000]: org.thymeleaf.standard.processor.StandardRemovableAttributeTagProcessor
[THYMELEAF]             * [* {th:tabindex,data-th-tabindex}] [1000]: org.thymeleaf.standard.processor.StandardRemovableAttributeTagProcessor
[THYMELEAF]             * [* {th:codebase,data-th-codebase}] [1000]: org.thymeleaf.standard.processor.StandardRemovableAttributeTagProcessor
[THYMELEAF]             * [* {th:compact,data-th-compact}] [1000]: org.thymeleaf.standard.processor.StandardRemovableAttributeTagProcessor
[THYMELEAF]             * [* {th:formmethod,data-th-formmethod}] [1000]: org.thymeleaf.standard.processor.StandardRemovableAttributeTagProcessor
[THYMELEAF]             * [* {th:span,data-th-span}] [1000]: org.thymeleaf.standard.processor.StandardRemovableAttributeTagProcessor
[THYMELEAF]             * [* {th:id,data-th-id}] [1000]: org.thymeleaf.standard.processor.StandardRemovableAttributeTagProcessor
[THYMELEAF]             * [* {th:data,data-th-data}] [1000]: org.thymeleaf.standard.processor.StandardRemovableAttributeTagProcessor
[THYMELEAF]             * [* {th:summary,data-th-summary}] [1000]: org.thymeleaf.standard.processor.StandardRemovableAttributeTagProcessor
[THYMELEAF]             * [* {th:size,data-th-size}] [1000]: org.thymeleaf.standard.processor.StandardRemovableAttributeTagProcessor
[THYMELEAF]             * [* {th:preload,data-th-preload}] [1000]: org.thymeleaf.standard.processor.StandardRemovableAttributeTagProcessor
[THYMELEAF]             * [* {th:classid,data-th-classid}] [1000]: org.thymeleaf.standard.processor.StandardRemovableAttributeTagProcessor
[THYMELEAF]             * [* {th:content,data-th-content}] [1000]: org.thymeleaf.standard.processor.StandardRemovableAttributeTagProcessor
[THYMELEAF]             * [* {th:valuetype,data-th-valuetype}] [1000]: org.thymeleaf.standard.processor.StandardRemovableAttributeTagProcessor
[THYMELEAF]             * [* {th:longdesc,data-th-longdesc}] [1000]: org.thymeleaf.standard.processor.StandardRemovableAttributeTagProcessor
[THYMELEAF]             * [* {th:height,data-th-height}] [1000]: org.thymeleaf.standard.processor.StandardRemovableAttributeTagProcessor
[THYMELEAF]             * [* {th:cols,data-th-cols}] [1000]: org.thymeleaf.standard.processor.StandardRemovableAttributeTagProcessor
[THYMELEAF]             * [* {th:alt,data-th-alt}] [1000]: org.thymeleaf.standard.processor.StandardRemovableAttributeTagProcessor
[THYMELEAF]             * [* {th:autocomplete,data-th-autocomplete}] [1000]: org.thymeleaf.standard.processor.StandardRemovableAttributeTagProcessor
[THYMELEAF]             * [* {th:enctype,data-th-enctype}] [1000]: org.thymeleaf.standard.processor.StandardRemovableAttributeTagProcessor
[THYMELEAF]             * [* {th:keytype,data-th-keytype}] [1000]: org.thymeleaf.standard.processor.StandardRemovableAttributeTagProcessor
[THYMELEAF]             * [* {th:optimum,data-th-optimum}] [1000]: org.thymeleaf.standard.processor.StandardRemovableAttributeTagProcessor
[THYMELEAF]             * [* {th:frameborder,data-th-frameborder}] [1000]: org.thymeleaf.standard.processor.StandardRemovableAttributeTagProcessor
[THYMELEAF]             * [* {th:formtarget,data-th-formtarget}] [1000]: org.thymeleaf.standard.processor.StandardRemovableAttributeTagProcessor
[THYMELEAF]             * [* {th:codetype,data-th-codetype}] [1000]: org.thymeleaf.standard.processor.StandardRemovableAttributeTagProcessor
[THYMELEAF]             * [* {th:src,data-th-src}] [1000]: org.thymeleaf.standard.processor.StandardSrcTagProcessor
[THYMELEAF]             * [* {th:value,data-th-value}] [1000]: org.thymeleaf.standard.processor.StandardValueTagProcessor
[THYMELEAF]             * [* {th:xmlbase,data-th-xmlbase}] [1000]: org.thymeleaf.standard.processor.StandardXmlBaseTagProcessor
[THYMELEAF]             * [* {th:xmllang,data-th-xmllang}] [1000]: org.thymeleaf.standard.processor.StandardXmlLangTagProcessor
[THYMELEAF]             * [* {xmlns:th}] [1000]: org.thymeleaf.standard.processor.StandardXmlNsTagProcessor
[THYMELEAF]             * [* {th:xmlspace,data-th-xmlspace}] [1000]: org.thymeleaf.standard.processor.StandardXmlSpaceTagProcessor
[THYMELEAF]             * [* {th:classappend,data-th-classappend}] [1100]: org.thymeleaf.standard.processor.StandardClassappendTagProcessor
[THYMELEAF]             * [* {th:styleappend,data-th-styleappend}] [1100]: org.thymeleaf.standard.processor.StandardStyleappendTagProcessor
[THYMELEAF]             * [* {th:text,data-th-text}] [1300]: org.thymeleaf.standard.processor.StandardTextTagProcessor
[THYMELEAF]             * [* {th:utext,data-th-utext}] [1400]: org.thymeleaf.standard.processor.StandardUtextTagProcessor
[THYMELEAF]             * [* {th:fragment,data-th-fragment}] [1500]: org.thymeleaf.standard.processor.StandardFragmentTagProcessor
[THYMELEAF]             * [* {th:assert,data-th-assert}] [1550]: org.thymeleaf.standard.processor.StandardAssertTagProcessor
[THYMELEAF]             * [* {th:remove,data-th-remove}] [1600]: org.thymeleaf.standard.processor.StandardRemoveTagProcessor
[THYMELEAF]             * [* {th:ref,data-th-ref}] [10000]: org.thymeleaf.standard.processor.StandardRefAttributeTagProcessor
[THYMELEAF]             * [{th:block,th-block} *] [100000]: org.thymeleaf.standard.processor.StandardBlockTagProcessor
[THYMELEAF]             * [* th:*] [2147483647]: org.thymeleaf.standard.processor.StandardDefaultAttributesTagProcessor
[THYMELEAF]         * Text Processors by [precedence]:
[THYMELEAF]             * [1000]: org.thymeleaf.standard.processor.StandardInliningTextProcessor
[THYMELEAF]         * DOCTYPE Processors by [precedence]:
[THYMELEAF]             * [1000]: org.thymeleaf.standard.processor.StandardTranslationDocTypeProcessor
[THYMELEAF]         * CDATA Section Processors by [precedence]:
[THYMELEAF]             * [1000]: org.thymeleaf.standard.processor.StandardInliningCDATASectionProcessor
[THYMELEAF]         * Comment Processors by [precedence]:
[THYMELEAF]             * [1000]: org.thymeleaf.standard.processor.StandardInliningCommentProcessor
[THYMELEAF]             * [1100]: org.thymeleaf.standard.processor.StandardConditionalCommentProcessor
[THYMELEAF]     * Processors for Template Mode: XML
[THYMELEAF]         * Element Tag Processors by [matching element and attribute name] [precedence]:
[THYMELEAF]             * [* {th:include}] [100]: org.thymeleaf.standard.processor.StandardIncludeTagProcessor
[THYMELEAF]             * [* {th:insert}] [100]: org.thymeleaf.standard.processor.StandardInsertTagProcessor
[THYMELEAF]             * [* {th:replace}] [100]: org.thymeleaf.standard.processor.StandardReplaceTagProcessor
[THYMELEAF]             * [* {th:each}] [200]: com.intuit.karate.template.KarateEachTagProcessor
[THYMELEAF]             * [* {th:switch}] [250]: org.thymeleaf.standard.processor.StandardSwitchTagProcessor
[THYMELEAF]             * [* {th:case}] [275]: org.thymeleaf.standard.processor.StandardCaseTagProcessor
[THYMELEAF]             * [* {th:if}] [300]: org.thymeleaf.standard.processor.StandardIfTagProcessor
[THYMELEAF]             * [* {th:unless}] [400]: org.thymeleaf.standard.processor.StandardUnlessTagProcessor
[THYMELEAF]             * [* {th:object}] [500]: org.thymeleaf.standard.processor.StandardObjectTagProcessor
[THYMELEAF]             * [* {th:with}] [600]: com.intuit.karate.template.KarateWithTagProcessor
[THYMELEAF]             * [* {th:attr}] [700]: com.intuit.karate.template.KarateAttributeTagProcessor.KarateAttrTagProcessor
[THYMELEAF]             * [* {th:attrappend}] [900]: com.intuit.karate.template.KarateAttributeTagProcessor.KarateAttrappendTagProcessor
[THYMELEAF]             * [* {th:attrprepend}] [900]: com.intuit.karate.template.KarateAttributeTagProcessor.KarateAttrprependTagProcessor
[THYMELEAF]             * [* {th:inline}] [1000]: org.thymeleaf.standard.processor.StandardInlineXMLTagProcessor
[THYMELEAF]             * [* {xmlns:th}] [1000]: org.thymeleaf.standard.processor.StandardXmlNsTagProcessor
[THYMELEAF]             * [* {th:text}] [1300]: org.thymeleaf.standard.processor.StandardTextTagProcessor
[THYMELEAF]             * [* {th:utext}] [1400]: org.thymeleaf.standard.processor.StandardUtextTagProcessor
[THYMELEAF]             * [* {th:fragment}] [1500]: org.thymeleaf.standard.processor.StandardFragmentTagProcessor
[THYMELEAF]             * [* {th:assert}] [1550]: org.thymeleaf.standard.processor.StandardAssertTagProcessor
[THYMELEAF]             * [* {th:remove}] [1600]: org.thymeleaf.standard.processor.StandardRemoveTagProcessor
[THYMELEAF]             * [* {th:ref}] [10000]: org.thymeleaf.standard.processor.StandardRefAttributeTagProcessor
[THYMELEAF]             * [{th:block} *] [100000]: org.thymeleaf.standard.processor.StandardBlockTagProcessor
[THYMELEAF]             * [* th:*] [2147483647]: org.thymeleaf.standard.processor.StandardDefaultAttributesTagProcessor
[THYMELEAF]         * Text Processors by [precedence]:
[THYMELEAF]             * [1000]: org.thymeleaf.standard.processor.StandardInliningTextProcessor
[THYMELEAF]         * CDATA Section Processors by [precedence]:
[THYMELEAF]             * [1000]: org.thymeleaf.standard.processor.StandardInliningCDATASectionProcessor
[THYMELEAF]         * Comment Processors by [precedence]:
[THYMELEAF]             * [1000]: org.thymeleaf.standard.processor.StandardInliningCommentProcessor
[THYMELEAF]     * Processors for Template Mode: TEXT
[THYMELEAF]         * Element Tag Processors by [matching element and attribute name] [precedence]:
[THYMELEAF]             * [* {th:insert}] [100]: org.thymeleaf.standard.processor.StandardInsertTagProcessor
[THYMELEAF]             * [* {th:replace}] [100]: org.thymeleaf.standard.processor.StandardReplaceTagProcessor
[THYMELEAF]             * [* {th:each}] [200]: com.intuit.karate.template.KarateEachTagProcessor
[THYMELEAF]             * [* {th:switch}] [250]: org.thymeleaf.standard.processor.StandardSwitchTagProcessor
[THYMELEAF]             * [* {th:case}] [275]: org.thymeleaf.standard.processor.StandardCaseTagProcessor
[THYMELEAF]             * [* {th:if}] [300]: org.thymeleaf.standard.processor.StandardIfTagProcessor
[THYMELEAF]             * [* {th:unless}] [400]: org.thymeleaf.standard.processor.StandardUnlessTagProcessor
[THYMELEAF]             * [* {th:object}] [500]: org.thymeleaf.standard.processor.StandardObjectTagProcessor
[THYMELEAF]             * [* {th:with}] [600]: com.intuit.karate.template.KarateWithTagProcessor
[THYMELEAF]             * [* {th:inline}] [1000]: org.thymeleaf.standard.processor.StandardInlineTextualTagProcessor
[THYMELEAF]             * [* {th:text}] [1300]: org.thymeleaf.standard.processor.StandardTextTagProcessor
[THYMELEAF]             * [* {th:utext}] [1400]: org.thymeleaf.standard.processor.StandardUtextTagProcessor
[THYMELEAF]             * [* {th:assert}] [1550]: org.thymeleaf.standard.processor.StandardAssertTagProcessor
[THYMELEAF]             * [* {th:remove}] [1600]: org.thymeleaf.standard.processor.StandardRemoveTagProcessor
[THYMELEAF]             * [{th:block} *] [100000]: org.thymeleaf.standard.processor.StandardBlockTagProcessor
[THYMELEAF]             * [* 100000] [org.thymeleaf.standard.processor.StandardBlockTagProcessor]: {}
[THYMELEAF]         * Text Processors by [precedence]:
[THYMELEAF]             * [1000]: org.thymeleaf.standard.processor.StandardInliningTextProcessor
[THYMELEAF]     * Processors for Template Mode: JAVASCRIPT
[THYMELEAF]         * Element Tag Processors by [matching element and attribute name] [precedence]:
[THYMELEAF]             * [* {th:insert}] [100]: org.thymeleaf.standard.processor.StandardInsertTagProcessor
[THYMELEAF]             * [* {th:replace}] [100]: org.thymeleaf.standard.processor.StandardReplaceTagProcessor
[THYMELEAF]             * [* {th:each}] [200]: com.intuit.karate.template.KarateEachTagProcessor
[THYMELEAF]             * [* {th:switch}] [250]: org.thymeleaf.standard.processor.StandardSwitchTagProcessor
[THYMELEAF]             * [* {th:case}] [275]: org.thymeleaf.standard.processor.StandardCaseTagProcessor
[THYMELEAF]             * [* {th:if}] [300]: org.thymeleaf.standard.processor.StandardIfTagProcessor
[THYMELEAF]             * [* {th:unless}] [400]: org.thymeleaf.standard.processor.StandardUnlessTagProcessor
[THYMELEAF]             * [* {th:object}] [500]: org.thymeleaf.standard.processor.StandardObjectTagProcessor
[THYMELEAF]             * [* {th:with}] [600]: com.intuit.karate.template.KarateWithTagProcessor
[THYMELEAF]             * [* {th:inline}] [1000]: org.thymeleaf.standard.processor.StandardInlineTextualTagProcessor
[THYMELEAF]             * [* {th:text}] [1300]: org.thymeleaf.standard.processor.StandardTextTagProcessor
[THYMELEAF]             * [* {th:utext}] [1400]: org.thymeleaf.standard.processor.StandardUtextTagProcessor
[THYMELEAF]             * [* {th:assert}] [1550]: org.thymeleaf.standard.processor.StandardAssertTagProcessor
[THYMELEAF]             * [* {th:remove}] [1600]: org.thymeleaf.standard.processor.StandardRemoveTagProcessor
[THYMELEAF]             * [* 100000] [org.thymeleaf.standard.processor.StandardBlockTagProcessor]: {}
[THYMELEAF]             * [{th:block} *] [100000]: org.thymeleaf.standard.processor.StandardBlockTagProcessor
[THYMELEAF]         * Text Processors by [precedence]:
[THYMELEAF]             * [1000]: org.thymeleaf.standard.processor.StandardInliningTextProcessor
[THYMELEAF]     * Processors for Template Mode: CSS
[THYMELEAF]         * Element Tag Processors by [matching element and attribute name] [precedence]:
[THYMELEAF]             * [* {th:insert}] [100]: org.thymeleaf.standard.processor.StandardInsertTagProcessor
[THYMELEAF]             * [* {th:replace}] [100]: org.thymeleaf.standard.processor.StandardReplaceTagProcessor
[THYMELEAF]             * [* {th:each}] [200]: com.intuit.karate.template.KarateEachTagProcessor
[THYMELEAF]             * [* {th:switch}] [250]: org.thymeleaf.standard.processor.StandardSwitchTagProcessor
[THYMELEAF]             * [* {th:case}] [275]: org.thymeleaf.standard.processor.StandardCaseTagProcessor
[THYMELEAF]             * [* {th:if}] [300]: org.thymeleaf.standard.processor.StandardIfTagProcessor
[THYMELEAF]             * [* {th:unless}] [400]: org.thymeleaf.standard.processor.StandardUnlessTagProcessor
[THYMELEAF]             * [* {th:object}] [500]: org.thymeleaf.standard.processor.StandardObjectTagProcessor
[THYMELEAF]             * [* {th:with}] [600]: com.intuit.karate.template.KarateWithTagProcessor
[THYMELEAF]             * [* {th:inline}] [1000]: org.thymeleaf.standard.processor.StandardInlineTextualTagProcessor
[THYMELEAF]             * [* {th:text}] [1300]: org.thymeleaf.standard.processor.StandardTextTagProcessor
[THYMELEAF]             * [* {th:utext}] [1400]: org.thymeleaf.standard.processor.StandardUtextTagProcessor
[THYMELEAF]             * [* {th:assert}] [1550]: org.thymeleaf.standard.processor.StandardAssertTagProcessor
[THYMELEAF]             * [* {th:remove}] [1600]: org.thymeleaf.standard.processor.StandardRemoveTagProcessor
[THYMELEAF]             * [{th:block} *] [100000]: org.thymeleaf.standard.processor.StandardBlockTagProcessor
[THYMELEAF]             * [* 100000] [org.thymeleaf.standard.processor.StandardBlockTagProcessor]: {}
[THYMELEAF]         * Text Processors by [precedence]:
[THYMELEAF]             * [1000]: org.thymeleaf.standard.processor.StandardInliningTextProcessor
[THYMELEAF]     * Expression Objects:
[THYMELEAF]         * #ctx
[THYMELEAF]         * #root
[THYMELEAF]         * #vars
[THYMELEAF]         * #object
[THYMELEAF]         * #locale
[THYMELEAF]         * #conversions
[THYMELEAF]         * #uris
[THYMELEAF]         * #temporals
[THYMELEAF]         * #calendars
[THYMELEAF]         * #dates
[THYMELEAF]         * #bools
[THYMELEAF]         * #numbers
[THYMELEAF]         * #objects
[THYMELEAF]         * #strings
[THYMELEAF]         * #arrays
[THYMELEAF]         * #lists
[THYMELEAF]         * #sets
[THYMELEAF]         * #maps
[THYMELEAF]         * #aggregates
[THYMELEAF]         * #messages
[THYMELEAF]         * #ids
[THYMELEAF]         * #execInfo
[THYMELEAF]         * #request
[THYMELEAF]         * #response
[THYMELEAF]         * #session
[THYMELEAF]         * #servletContext
[THYMELEAF]     * Execution Attributes:
[THYMELEAF]         * "StandardExpressionParser": com.intuit.karate.template.KarateStandardDialect@57167bd6
[THYMELEAF]         * "StandardJavaScriptSerializer": org.thymeleaf.standard.serializer.StandardJavaScriptSerializer@440d6865
[THYMELEAF]         * "StandardCSSSerializer": org.thymeleaf.standard.serializer.StandardCSSSerializer@14d8ccf9
[THYMELEAF]         * "StandardVariableExpressionEvaluator": com.intuit.karate.template.KarateStandardDialect@57167bd6
[THYMELEAF]         * "StandardConversionService": org.thymeleaf.standard.expression.StandardConversionService@4d7d2e48
[THYMELEAF] * Dialect [2 of 2]: karate (com.intuit.karate.template.KarateScriptDialect)
[THYMELEAF]     * Prefix: "ka"
[THYMELEAF]     * Processors for Template Mode: HTML
[THYMELEAF]         * Element Tag Processors by [matching element and attribute name] [precedence]:
[THYMELEAF]             * [* {src}] [1000]: com.intuit.karate.template.KaScriptAttrProcessor
[THYMELEAF]         * Element Model Processors by [matching element and attribute name] [precedence]:
[THYMELEAF]             * [{script} {ka:scope,data-ka-scope}] [1000]: com.intuit.karate.template.KaScriptElemProcessor
[THYMELEAF]             * [* {ka:set,data-ka-set}] [1000]: com.intuit.karate.template.KaSetElemProcessor
[THYMELEAF] TEMPLATE ENGINE CONFIGURED OK
16:18:56.287 [pool-3-thread-1] DEBUG org.thymeleaf.TemplateEngine -- [THYMELEAF] TEMPLATE ENGINE INITIALIZED
---------------------------------------------------------
feature: classpath:features/performance/login-performance.feature
scenarios: 10 | passed: 10 | failed:  0 | time: 82.9093
---------------------------------------------------------

16:18:58.663 [pool-3-thread-1] INFO com.intuit.karate.Suite -- <<pass>> feature 1 of 1 (0 remaining) classpath:features/performance/login-performance.feature
Karate version: 1.4.1
======================================================
elapsed:  12.95 | threads:   10 | thread time: 82.91 
features:     1 | skipped:    0 | efficiency: 0.64
scenarios:   10 | passed:    10 | failed: 0
======================================================
16:18:58.772 [main] DEBUG org.thymeleaf.TemplateEngine -- [THYMELEAF] INITIALIZING TEMPLATE ENGINE
16:18:58.795 [main] DEBUG org.thymeleaf.TemplateEngine.CONFIG -- Initializing Thymeleaf Template engine configuration...
[THYMELEAF] TEMPLATE ENGINE CONFIGURATION:
[THYMELEAF] * Thymeleaf version: 3.1.2.RELEASE (built 2023-07-30T19:25:50+0000)
[THYMELEAF] * Cache Manager implementation: org.thymeleaf.cache.StandardCacheManager
[THYMELEAF] * Template resolvers:
[THYMELEAF]     * [1] com.intuit.karate.template.ResourceHtmlTemplateResolver
[THYMELEAF] * Message resolvers:
[THYMELEAF]     * org.thymeleaf.messageresolver.StandardMessageResolver
[THYMELEAF] * Link builders:
[THYMELEAF]     * org.thymeleaf.linkbuilder.StandardLinkBuilder
[THYMELEAF] * Dialect [1 of 2]: Standard (com.intuit.karate.template.KarateStandardDialect)
[THYMELEAF]     * Prefix: "th"
[THYMELEAF]     * Processors for Template Mode: HTML
[THYMELEAF]         * Element Tag Processors by [matching element and attribute name] [precedence]:
[THYMELEAF]             * [* {th:include,data-th-include}] [100]: org.thymeleaf.standard.processor.StandardIncludeTagProcessor
[THYMELEAF]             * [* {th:insert,data-th-insert}] [100]: org.thymeleaf.standard.processor.StandardInsertTagProcessor
[THYMELEAF]             * [* {th:replace,data-th-replace}] [100]: org.thymeleaf.standard.processor.StandardReplaceTagProcessor
[THYMELEAF]             * [* {th:each,data-th-each}] [200]: com.intuit.karate.template.KarateEachTagProcessor
[THYMELEAF]             * [* {th:switch,data-th-switch}] [250]: org.thymeleaf.standard.processor.StandardSwitchTagProcessor
[THYMELEAF]             * [* {th:case,data-th-case}] [275]: org.thymeleaf.standard.processor.StandardCaseTagProcessor
[THYMELEAF]             * [* {th:if,data-th-if}] [300]: org.thymeleaf.standard.processor.StandardIfTagProcessor
[THYMELEAF]             * [* {th:unless,data-th-unless}] [400]: org.thymeleaf.standard.processor.StandardUnlessTagProcessor
[THYMELEAF]             * [* {th:object,data-th-object}] [500]: org.thymeleaf.standard.processor.StandardObjectTagProcessor
[THYMELEAF]             * [* {th:with,data-th-with}] [600]: com.intuit.karate.template.KarateWithTagProcessor
[THYMELEAF]             * [* {th:attr,data-th-attr}] [700]: com.intuit.karate.template.KarateAttributeTagProcessor.KarateAttrTagProcessor
[THYMELEAF]             * [* {th:attrappend,data-th-attrappend}] [900]: com.intuit.karate.template.KarateAttributeTagProcessor.KarateAttrappendTagProcessor
[THYMELEAF]             * [* {th:attrprepend,data-th-attrprepend}] [900]: com.intuit.karate.template.KarateAttributeTagProcessor.KarateAttrprependTagProcessor
[THYMELEAF]             * [* {th:alt-title,data-th-alt-title}] [990]: org.thymeleaf.standard.processor.StandardAltTitleTagProcessor
[THYMELEAF]             * [* {th:lang-xmllang,data-th-lang-xmllang}] [990]: org.thymeleaf.standard.processor.StandardLangXmlLangTagProcessor
[THYMELEAF]             * [* {th:action,data-th-action}] [1000]: org.thymeleaf.standard.processor.StandardActionTagProcessor
[THYMELEAF]             * [* {th:ismap,data-th-ismap}] [1000]: org.thymeleaf.standard.processor.StandardConditionalFixedValueTagProcessor
[THYMELEAF]             * [* {th:open,data-th-open}] [1000]: org.thymeleaf.standard.processor.StandardConditionalFixedValueTagProcessor
[THYMELEAF]             * [* {th:selected,data-th-selected}] [1000]: org.thymeleaf.standard.processor.StandardConditionalFixedValueTagProcessor
[THYMELEAF]             * [* {th:nowrap,data-th-nowrap}] [1000]: org.thymeleaf.standard.processor.StandardConditionalFixedValueTagProcessor
[THYMELEAF]             * [* {th:readonly,data-th-readonly}] [1000]: org.thymeleaf.standard.processor.StandardConditionalFixedValueTagProcessor
[THYMELEAF]             * [* {th:default,data-th-default}] [1000]: org.thymeleaf.standard.processor.StandardConditionalFixedValueTagProcessor
[THYMELEAF]             * [* {th:checked,data-th-checked}] [1000]: org.thymeleaf.standard.processor.StandardConditionalFixedValueTagProcessor
[THYMELEAF]             * [* {th:pubdate,data-th-pubdate}] [1000]: org.thymeleaf.standard.processor.StandardConditionalFixedValueTagProcessor
[THYMELEAF]             * [* {th:hidden,data-th-hidden}] [1000]: org.thymeleaf.standard.processor.StandardConditionalFixedValueTagProcessor
[THYMELEAF]             * [* {th:autofocus,data-th-autofocus}] [1000]: org.thymeleaf.standard.processor.StandardConditionalFixedValueTagProcessor
[THYMELEAF]             * [* {th:formnovalidate,data-th-formnovalidate}] [1000]: org.thymeleaf.standard.processor.StandardConditionalFixedValueTagProcessor
[THYMELEAF]             * [* {th:disabled,data-th-disabled}] [1000]: org.thymeleaf.standard.processor.StandardConditionalFixedValueTagProcessor
[THYMELEAF]             * [* {th:scoped,data-th-scoped}] [1000]: org.thymeleaf.standard.processor.StandardConditionalFixedValueTagProcessor
[THYMELEAF]             * [* {th:controls,data-th-controls}] [1000]: org.thymeleaf.standard.processor.StandardConditionalFixedValueTagProcessor
[THYMELEAF]             * [* {th:loop,data-th-loop}] [1000]: org.thymeleaf.standard.processor.StandardConditionalFixedValueTagProcessor
[THYMELEAF]             * [* {th:required,data-th-required}] [1000]: org.thymeleaf.standard.processor.StandardConditionalFixedValueTagProcessor
[THYMELEAF]             * [* {th:declare,data-th-declare}] [1000]: org.thymeleaf.standard.processor.StandardConditionalFixedValueTagProcessor
[THYMELEAF]             * [* {th:async,data-th-async}] [1000]: org.thymeleaf.standard.processor.StandardConditionalFixedValueTagProcessor
[THYMELEAF]             * [* {th:reversed,data-th-reversed}] [1000]: org.thymeleaf.standard.processor.StandardConditionalFixedValueTagProcessor
[THYMELEAF]             * [* {th:novalidate,data-th-novalidate}] [1000]: org.thymeleaf.standard.processor.StandardConditionalFixedValueTagProcessor
[THYMELEAF]             * [* {th:seamless,data-th-seamless}] [1000]: org.thymeleaf.standard.processor.StandardConditionalFixedValueTagProcessor
[THYMELEAF]             * [* {th:multiple,data-th-multiple}] [1000]: org.thymeleaf.standard.processor.StandardConditionalFixedValueTagProcessor
[THYMELEAF]             * [* {th:autoplay,data-th-autoplay}] [1000]: org.thymeleaf.standard.processor.StandardConditionalFixedValueTagProcessor
[THYMELEAF]             * [* {th:defer,data-th-defer}] [1000]: org.thymeleaf.standard.processor.StandardConditionalFixedValueTagProcessor
[THYMELEAF]             * [* {th:onunload,data-th-onunload}] [1000]: org.thymeleaf.standard.processor.StandardDOMEventAttributeTagProcessor
[THYMELEAF]             * [* {th:onloadstart,data-th-onloadstart}] [1000]: org.thymeleaf.standard.processor.StandardDOMEventAttributeTagProcessor
[THYMELEAF]             * [* {th:onformchange,data-th-onformchange}] [1000]: org.thymeleaf.standard.processor.StandardDOMEventAttributeTagProcessor
[THYMELEAF]             * [* {th:onplaying,data-th-onplaying}] [1000]: org.thymeleaf.standard.processor.StandardDOMEventAttributeTagProcessor
[THYMELEAF]             * [* {th:onmessage,data-th-onmessage}] [1000]: org.thymeleaf.standard.processor.StandardDOMEventAttributeTagProcessor
[THYMELEAF]             * [* {th:onloadeddata,data-th-onloadeddata}] [1000]: org.thymeleaf.standard.processor.StandardDOMEventAttributeTagProcessor
[THYMELEAF]             * [* {th:oncontextmenu,data-th-oncontextmenu}] [1000]: org.thymeleaf.standard.processor.StandardDOMEventAttributeTagProcessor
[THYMELEAF]             * [* {th:onclick,data-th-onclick}] [1000]: org.thymeleaf.standard.processor.StandardDOMEventAttributeTagProcessor
[THYMELEAF]             * [* {th:onchange,data-th-onchange}] [1000]: org.thymeleaf.standard.processor.StandardDOMEventAttributeTagProcessor
[THYMELEAF]             * [* {th:onpopstate,data-th-onpopstate}] [1000]: org.thymeleaf.standard.processor.StandardDOMEventAttributeTagProcessor
[THYMELEAF]             * [* {th:onresize,data-th-onresize}] [1000]: org.thymeleaf.standard.processor.StandardDOMEventAttributeTagProcessor
[THYMELEAF]             * [* {th:onselect,data-th-onselect}] [1000]: org.thymeleaf.standard.processor.StandardDOMEventAttributeTagProcessor
[THYMELEAF]             * [* {th:oncanplay,data-th-oncanplay}] [1000]: org.thymeleaf.standard.processor.StandardDOMEventAttributeTagProcessor
[THYMELEAF]             * [* {th:ontimeupdate,data-th-ontimeupdate}] [1000]: org.thymeleaf.standard.processor.StandardDOMEventAttributeTagProcessor
[THYMELEAF]             * [* {th:ondrop,data-th-ondrop}] [1000]: org.thymeleaf.standard.processor.StandardDOMEventAttributeTagProcessor
[THYMELEAF]             * [* {th:onredo,data-th-onredo}] [1000]: org.thymeleaf.standard.processor.StandardDOMEventAttributeTagProcessor
[THYMELEAF]             * [* {th:onerror,data-th-onerror}] [1000]: org.thymeleaf.standard.processor.StandardDOMEventAttributeTagProcessor
[THYMELEAF]             * [* {th:ononline,data-th-ononline}] [1000]: org.thymeleaf.standard.processor.StandardDOMEventAttributeTagProcessor
[THYMELEAF]             * [* {th:onratechange,data-th-onratechange}] [1000]: org.thymeleaf.standard.processor.StandardDOMEventAttributeTagProcessor
[THYMELEAF]             * [* {th:onscroll,data-th-onscroll}] [1000]: org.thymeleaf.standard.processor.StandardDOMEventAttributeTagProcessor
[THYMELEAF]             * [* {th:onended,data-th-onended}] [1000]: org.thymeleaf.standard.processor.StandardDOMEventAttributeTagProcessor
[THYMELEAF]             * [* {th:onseeked,data-th-onseeked}] [1000]: org.thymeleaf.standard.processor.StandardDOMEventAttributeTagProcessor
[THYMELEAF]             * [* {th:ondragstart,data-th-ondragstart}] [1000]: org.thymeleaf.standard.processor.StandardDOMEventAttributeTagProcessor
[THYMELEAF]             * [* {th:oninput,data-th-oninput}] [1000]: org.thymeleaf.standard.processor.StandardDOMEventAttributeTagProcessor
[THYMELEAF]             * [* {th:onpause,data-th-onpause}] [1000]: org.thymeleaf.standard.processor.StandardDOMEventAttributeTagProcessor
[THYMELEAF]             * [* {th:ondragenter,data-th-ondragenter}] [1000]: org.thymeleaf.standard.processor.StandardDOMEventAttributeTagProcessor
[THYMELEAF]             * [* {th:onundo,data-th-onundo}] [1000]: org.thymeleaf.standard.processor.StandardDOMEventAttributeTagProcessor
[THYMELEAF]             * [* {th:onstalled,data-th-onstalled}] [1000]: org.thymeleaf.standard.processor.StandardDOMEventAttributeTagProcessor
[THYMELEAF]             * [* {th:onseeking,data-th-onseeking}] [1000]: org.thymeleaf.standard.processor.StandardDOMEventAttributeTagProcessor
[THYMELEAF]             * [* {th:onloadedmetadata,data-th-onloadedmetadata}] [1000]: org.thymeleaf.standard.processor.StandardDOMEventAttributeTagProcessor
[THYMELEAF]             * [* {th:onmousedown,data-th-onmousedown}] [1000]: org.thymeleaf.standard.processor.StandardDOMEventAttributeTagProcessor
[THYMELEAF]             * [* {th:oncanplaythrough,data-th-oncanplaythrough}] [1000]: org.thymeleaf.standard.processor.StandardDOMEventAttributeTagProcessor
[THYMELEAF]             * [* {th:onreset,data-th-onreset}] [1000]: org.thymeleaf.standard.processor.StandardDOMEventAttributeTagProcessor
[THYMELEAF]             * [* {th:onbeforeprint,data-th-onbeforeprint}] [1000]: org.thymeleaf.standard.processor.StandardDOMEventAttributeTagProcessor
[THYMELEAF]             * [* {th:onforminput,data-th-onforminput}] [1000]: org.thymeleaf.standard.processor.StandardDOMEventAttributeTagProcessor
[THYMELEAF]             * [* {th:ondragover,data-th-ondragover}] [1000]: org.thymeleaf.standard.processor.StandardDOMEventAttributeTagProcessor
[THYMELEAF]             * [* {th:onkeydown,data-th-onkeydown}] [1000]: org.thymeleaf.standard.processor.StandardDOMEventAttributeTagProcessor
[THYMELEAF]             * [* {th:onsubmit,data-th-onsubmit}] [1000]: org.thymeleaf.standard.processor.StandardDOMEventAttributeTagProcessor
[THYMELEAF]             * [* {th:ondrag,data-th-ondrag}] [1000]: org.thymeleaf.standard.processor.StandardDOMEventAttributeTagProcessor
[THYMELEAF]             * [* {th:onprogress,data-th-onprogress}] [1000]: org.thymeleaf.standard.processor.StandardDOMEventAttributeTagProcessor
[THYMELEAF]             * [* {th:oninvalid,data-th-oninvalid}] [1000]: org.thymeleaf.standard.processor.StandardDOMEventAttributeTagProcessor
[THYMELEAF]             * [* {th:ondblclick,data-th-ondblclick}] [1000]: org.thymeleaf.standard.processor.StandardDOMEventAttributeTagProcessor
[THYMELEAF]             * [* {th:ondragend,data-th-ondragend}] [1000]: org.thymeleaf.standard.processor.StandardDOMEventAttributeTagProcessor
[THYMELEAF]             * [* {th:onabort,data-th-onabort}] [1000]: org.thymeleaf.standard.processor.StandardDOMEventAttributeTagProcessor
[THYMELEAF]             * [* {th:onsuspend,data-th-onsuspend}] [1000]: org.thymeleaf.standard.processor.StandardDOMEventAttributeTagProcessor
[THYMELEAF]             * [* {th:onmousemove,data-th-onmousemove}] [1000]: org.thymeleaf.standard.processor.StandardDOMEventAttributeTagProcessor
[THYMELEAF]             * [* {th:ondragleave,data-th-ondragleave}] [1000]: org.thymeleaf.standard.processor.StandardDOMEventAttributeTagProcessor
[THYMELEAF]             * [* {th:onafterprint,data-th-onafterprint}] [1000]: org.thymeleaf.standard.processor.StandardDOMEventAttributeTagProcessor
[THYMELEAF]             * [* {th:onshow,data-th-onshow}] [1000]: org.thymeleaf.standard.processor.StandardDOMEventAttributeTagProcessor
[THYMELEAF]             * [* {th:onwaiting,data-th-onwaiting}] [1000]: org.thymeleaf.standard.processor.StandardDOMEventAttributeTagProcessor
[THYMELEAF]             * [* {th:onblur,data-th-onblur}] [1000]: org.thymeleaf.standard.processor.StandardDOMEventAttributeTagProcessor
[THYMELEAF]             * [* {th:onstorage,data-th-onstorage}] [1000]: org.thymeleaf.standard.processor.StandardDOMEventAttributeTagProcessor
[THYMELEAF]             * [* {th:onkeyup,data-th-onkeyup}] [1000]: org.thymeleaf.standard.processor.StandardDOMEventAttributeTagProcessor
[THYMELEAF]             * [* {th:onmouseup,data-th-onmouseup}] [1000]: org.thymeleaf.standard.processor.StandardDOMEventAttributeTagProcessor
[THYMELEAF]             * [* {th:onplay,data-th-onplay}] [1000]: org.thymeleaf.standard.processor.StandardDOMEventAttributeTagProcessor
[THYMELEAF]             * [* {th:onmouseover,data-th-onmouseover}] [1000]: org.thymeleaf.standard.processor.StandardDOMEventAttributeTagProcessor
[THYMELEAF]             * [* {th:onreadystatechange,data-th-onreadystatechange}] [1000]: org.thymeleaf.standard.processor.StandardDOMEventAttributeTagProcessor
[THYMELEAF]             * [* {th:onvolumechange,data-th-onvolumechange}] [1000]: org.thymeleaf.standard.processor.StandardDOMEventAttributeTagProcessor
[THYMELEAF]             * [* {th:onkeypress,data-th-onkeypress}] [1000]: org.thymeleaf.standard.processor.StandardDOMEventAttributeTagProcessor
[THYMELEAF]             * [* {th:onoffline,data-th-onoffline}] [1000]: org.thymeleaf.standard.processor.StandardDOMEventAttributeTagProcessor
[THYMELEAF]             * [* {th:onbeforeunload,data-th-onbeforeunload}] [1000]: org.thymeleaf.standard.processor.StandardDOMEventAttributeTagProcessor
[THYMELEAF]             * [* {th:onhashchange,data-th-onhashchange}] [1000]: org.thymeleaf.standard.processor.StandardDOMEventAttributeTagProcessor
[THYMELEAF]             * [* {th:onmouseout,data-th-onmouseout}] [1000]: org.thymeleaf.standard.processor.StandardDOMEventAttributeTagProcessor
[THYMELEAF]             * [* {th:onload,data-th-onload}] [1000]: org.thymeleaf.standard.processor.StandardDOMEventAttributeTagProcessor
[THYMELEAF]             * [* {th:onfocus,data-th-onfocus}] [1000]: org.thymeleaf.standard.processor.StandardDOMEventAttributeTagProcessor
[THYMELEAF]             * [* {th:onmousewheel,data-th-onmousewheel}] [1000]: org.thymeleaf.standard.processor.StandardDOMEventAttributeTagProcessor
[THYMELEAF]             * [* {th:onemptied,data-th-onemptied}] [1000]: org.thymeleaf.standard.processor.StandardDOMEventAttributeTagProcessor
[THYMELEAF]             * [* {th:ondurationchange,data-th-ondurationchange}] [1000]: org.thymeleaf.standard.processor.StandardDOMEventAttributeTagProcessor
[THYMELEAF]             * [* {th:href,data-th-href}] [1000]: org.thymeleaf.standard.processor.StandardHrefTagProcessor
[THYMELEAF]             * [* {th:inline,data-th-inline}] [1000]: org.thymeleaf.standard.processor.StandardInlineHTMLTagProcessor
[THYMELEAF]             * [* {th:method,data-th-method}] [1000]: org.thymeleaf.standard.processor.StandardMethodTagProcessor
[THYMELEAF]             * [* {th:type,data-th-type}] [1000]: org.thymeleaf.standard.processor.StandardNonRemovableAttributeTagProcessor
[THYMELEAF]             * [* {th:name,data-th-name}] [1000]: org.thymeleaf.standard.processor.StandardNonRemovableAttributeTagProcessor
[THYMELEAF]             * [* {th:dir,data-th-dir}] [1000]: org.thymeleaf.standard.processor.StandardRemovableAttributeTagProcessor
[THYMELEAF]             * [* {th:low,data-th-low}] [1000]: org.thymeleaf.standard.processor.StandardRemovableAttributeTagProcessor
[THYMELEAF]             * [* {th:size,data-th-size}] [1000]: org.thymeleaf.standard.processor.StandardRemovableAttributeTagProcessor
[THYMELEAF]             * [* {th:rowspan,data-th-rowspan}] [1000]: org.thymeleaf.standard.processor.StandardRemovableAttributeTagProcessor
[THYMELEAF]             * [* {th:hreflang,data-th-hreflang}] [1000]: org.thymeleaf.standard.processor.StandardRemovableAttributeTagProcessor
[THYMELEAF]             * [* {th:contextmenu,data-th-contextmenu}] [1000]: org.thymeleaf.standard.processor.StandardRemovableAttributeTagProcessor
[THYMELEAF]             * [* {th:http-equiv,data-th-http-equiv}] [1000]: org.thymeleaf.standard.processor.StandardRemovableAttributeTagProcessor
[THYMELEAF]             * [* {th:formaction,data-th-formaction}] [1000]: org.thymeleaf.standard.processor.StandardRemovableAttributeTagProcessor
[THYMELEAF]             * [* {th:summary,data-th-summary}] [1000]: org.thymeleaf.standard.processor.StandardRemovableAttributeTagProcessor
[THYMELEAF]             * [* {th:rows,data-th-rows}] [1000]: org.thymeleaf.standard.processor.StandardRemovableAttributeTagProcessor
[THYMELEAF]             * [* {th:frame,data-th-frame}] [1000]: org.thymeleaf.standard.processor.StandardRemovableAttributeTagProcessor
[THYMELEAF]             * [* {th:longdesc,data-th-longdesc}] [1000]: org.thymeleaf.standard.processor.StandardRemovableAttributeTagProcessor
[THYMELEAF]             * [* {th:hspace,data-th-hspace}] [1000]: org.thymeleaf.standard.processor.StandardRemovableAttributeTagProcessor
[THYMELEAF]             * [* {th:sizes,data-th-sizes}] [1000]: org.thymeleaf.standard.processor.StandardRemovableAttributeTagProcessor
[THYMELEAF]             * [* {th:datetime,data-th-datetime}] [1000]: org.thymeleaf.standard.processor.StandardRemovableAttributeTagProcessor
[THYMELEAF]             * [* {th:start,data-th-start}] [1000]: org.thymeleaf.standard.processor.StandardRemovableAttributeTagProcessor
[THYMELEAF]             * [* {th:icon,data-th-icon}] [1000]: org.thymeleaf.standard.processor.StandardRemovableAttributeTagProcessor
[THYMELEAF]             * [* {th:span,data-th-span}] [1000]: org.thymeleaf.standard.processor.StandardRemovableAttributeTagProcessor
[THYMELEAF]             * [* {th:accept-charset,data-th-accept-charset}] [1000]: org.thymeleaf.standard.processor.StandardRemovableAttributeTagProcessor
[THYMELEAF]             * [* {th:min,data-th-min}] [1000]: org.thymeleaf.standard.processor.StandardRemovableAttributeTagProcessor
[THYMELEAF]             * [* {th:headers,data-th-headers}] [1000]: org.thymeleaf.standard.processor.StandardRemovableAttributeTagProcessor
[THYMELEAF]             * [* {th:spellcheck,data-th-spellcheck}] [1000]: org.thymeleaf.standard.processor.StandardRemovableAttributeTagProcessor
[THYMELEAF]             * [* {th:radiogroup,data-th-radiogroup}] [1000]: org.thymeleaf.standard.processor.StandardRemovableAttributeTagProcessor
[THYMELEAF]             * [* {th:height,data-th-height}] [1000]: org.thymeleaf.standard.processor.StandardRemovableAttributeTagProcessor
[THYMELEAF]             * [* {th:list,data-th-list}] [1000]: org.thymeleaf.standard.processor.StandardRemovableAttributeTagProcessor
[THYMELEAF]             * [* {th:marginwidth,data-th-marginwidth}] [1000]: org.thymeleaf.standard.processor.StandardRemovableAttributeTagProcessor
[THYMELEAF]             * [* {th:keytype,data-th-keytype}] [1000]: org.thymeleaf.standard.processor.StandardRemovableAttributeTagProcessor
[THYMELEAF]             * [* {th:label,data-th-label}] [1000]: org.thymeleaf.standard.processor.StandardRemovableAttributeTagProcessor
[THYMELEAF]             * [* {th:draggable,data-th-draggable}] [1000]: org.thymeleaf.standard.processor.StandardRemovableAttributeTagProcessor
[THYMELEAF]             * [* {th:charset,data-th-charset}] [1000]: org.thymeleaf.standard.processor.StandardRemovableAttributeTagProcessor
[THYMELEAF]             * [* {th:class,data-th-class}] [1000]: org.thymeleaf.standard.processor.StandardRemovableAttributeTagProcessor
[THYMELEAF]             * [* {th:max,data-th-max}] [1000]: org.thymeleaf.standard.processor.StandardRemovableAttributeTagProcessor
[THYMELEAF]             * [* {th:id,data-th-id}] [1000]: org.thymeleaf.standard.processor.StandardRemovableAttributeTagProcessor
[THYMELEAF]             * [* {th:codebase,data-th-codebase}] [1000]: org.thymeleaf.standard.processor.StandardRemovableAttributeTagProcessor
[THYMELEAF]             * [* {th:pattern,data-th-pattern}] [1000]: org.thymeleaf.standard.processor.StandardRemovableAttributeTagProcessor
[THYMELEAF]             * [* {th:target,data-th-target}] [1000]: org.thymeleaf.standard.processor.StandardRemovableAttributeTagProcessor
[THYMELEAF]             * [* {th:usemap,data-th-usemap}] [1000]: org.thymeleaf.standard.processor.StandardRemovableAttributeTagProcessor
[THYMELEAF]             * [* {th:step,data-th-step}] [1000]: org.thymeleaf.standard.processor.StandardRemovableAttributeTagProcessor
[THYMELEAF]             * [* {th:scope,data-th-scope}] [1000]: org.thymeleaf.standard.processor.StandardRemovableAttributeTagProcessor
[THYMELEAF]             * [* {th:background,data-th-background}] [1000]: org.thymeleaf.standard.processor.StandardRemovableAttributeTagProcessor
[THYMELEAF]             * [* {th:colspan,data-th-colspan}] [1000]: org.thymeleaf.standard.processor.StandardRemovableAttributeTagProcessor
[THYMELEAF]             * [* {th:abbr,data-th-abbr}] [1000]: org.thymeleaf.standard.processor.StandardRemovableAttributeTagProcessor
[THYMELEAF]             * [* {th:bgcolor,data-th-bgcolor}] [1000]: org.thymeleaf.standard.processor.StandardRemovableAttributeTagProcessor
[THYMELEAF]             * [* {th:standby,data-th-standby}] [1000]: org.thymeleaf.standard.processor.StandardRemovableAttributeTagProcessor
[THYMELEAF]             * [* {th:marginheight,data-th-marginheight}] [1000]: org.thymeleaf.standard.processor.StandardRemovableAttributeTagProcessor
[THYMELEAF]             * [* {th:data,data-th-data}] [1000]: org.thymeleaf.standard.processor.StandardRemovableAttributeTagProcessor
[THYMELEAF]             * [* {th:cols,data-th-cols}] [1000]: org.thymeleaf.standard.processor.StandardRemovableAttributeTagProcessor
[THYMELEAF]             * [* {th:dropzone,data-th-dropzone}] [1000]: org.thymeleaf.standard.processor.StandardRemovableAttributeTagProcessor
[THYMELEAF]             * [* {th:align,data-th-align}] [1000]: org.thymeleaf.standard.processor.StandardRemovableAttributeTagProcessor
[THYMELEAF]             * [* {th:scrolling,data-th-scrolling}] [1000]: org.thymeleaf.standard.processor.StandardRemovableAttributeTagProcessor
[THYMELEAF]             * [* {th:formmethod,data-th-formmethod}] [1000]: org.thymeleaf.standard.processor.StandardRemovableAttributeTagProcessor
[THYMELEAF]             * [* {th:vspace,data-th-vspace}] [1000]: org.thymeleaf.standard.processor.StandardRemovableAttributeTagProcessor
[THYMELEAF]             * [* {th:manifest,data-th-manifest}] [1000]: org.thymeleaf.standard.processor.StandardRemovableAttributeTagProcessor
[THYMELEAF]             * [* {th:srclang,data-th-srclang}] [1000]: org.thymeleaf.standard.processor.StandardRemovableAttributeTagProcessor
[THYMELEAF]             * [* {th:contenteditable,data-th-contenteditable}] [1000]: org.thymeleaf.standard.processor.StandardRemovableAttributeTagProcessor
[THYMELEAF]             * [* {th:classid,data-th-classid}] [1000]: org.thymeleaf.standard.processor.StandardRemovableAttributeTagProcessor
[THYMELEAF]             * [* {th:cite,data-th-cite}] [1000]: org.thymeleaf.standard.processor.StandardRemovableAttributeTagProcessor
[THYMELEAF]             * [* {th:cellpadding,data-th-cellpadding}] [1000]: org.thymeleaf.standard.processor.StandardRemovableAttributeTagProcessor
[THYMELEAF]             * [* {th:frameborder,data-th-frameborder}] [1000]: org.thymeleaf.standard.processor.StandardRemovableAttributeTagProcessor
[THYMELEAF]             * [* {th:style,data-th-style}] [1000]: org.thymeleaf.standard.processor.StandardRemovableAttributeTagProcessor
[THYMELEAF]             * [* {th:placeholder,data-th-placeholder}] [1000]: org.thymeleaf.standard.processor.StandardRemovableAttributeTagProcessor
[THYMELEAF]             * [* {th:rel,data-th-rel}] [1000]: org.thymeleaf.standard.processor.StandardRemovableAttributeTagProcessor
[THYMELEAF]             * [* {th:autocomplete,data-th-autocomplete}] [1000]: org.thymeleaf.standard.processor.StandardRemovableAttributeTagProcessor
[THYMELEAF]             * [* {th:enctype,data-th-enctype}] [1000]: org.thymeleaf.standard.processor.StandardRemovableAttributeTagProcessor
[THYMELEAF]             * [* {th:border,data-th-border}] [1000]: org.thymeleaf.standard.processor.StandardRemovableAttributeTagProcessor
[THYMELEAF]             * [* {th:rules,data-th-rules}] [1000]: org.thymeleaf.standard.processor.StandardRemovableAttributeTagProcessor
[THYMELEAF]             * [* {th:kind,data-th-kind}] [1000]: org.thymeleaf.standard.processor.StandardRemovableAttributeTagProcessor
[THYMELEAF]             * [* {th:challenge,data-th-challenge}] [1000]: org.thymeleaf.standard.processor.StandardRemovableAttributeTagProcessor
[THYMELEAF]             * [* {th:for,data-th-for}] [1000]: org.thymeleaf.standard.processor.StandardRemovableAttributeTagProcessor
[THYMELEAF]             * [* {th:alt,data-th-alt}] [1000]: org.thymeleaf.standard.processor.StandardRemovableAttributeTagProcessor
[THYMELEAF]             * [* {th:formenctype,data-th-formenctype}] [1000]: org.thymeleaf.standard.processor.StandardRemovableAttributeTagProcessor
[THYMELEAF]             * [* {th:maxlength,data-th-maxlength}] [1000]: org.thymeleaf.standard.processor.StandardRemovableAttributeTagProcessor
[THYMELEAF]             * [* {th:tabindex,data-th-tabindex}] [1000]: org.thymeleaf.standard.processor.StandardRemovableAttributeTagProcessor
[THYMELEAF]             * [* {th:valuetype,data-th-valuetype}] [1000]: org.thymeleaf.standard.processor.StandardRemovableAttributeTagProcessor
[THYMELEAF]             * [* {th:scheme,data-th-scheme}] [1000]: org.thymeleaf.standard.processor.StandardRemovableAttributeTagProcessor
[THYMELEAF]             * [* {th:compact,data-th-compact}] [1000]: org.thymeleaf.standard.processor.StandardRemovableAttributeTagProcessor
[THYMELEAF]             * [* {th:preload,data-th-preload}] [1000]: org.thymeleaf.standard.processor.StandardRemovableAttributeTagProcessor
[THYMELEAF]             * [* {th:accept,data-th-accept}] [1000]: org.thymeleaf.standard.processor.StandardRemovableAttributeTagProcessor
[THYMELEAF]             * [* {th:content,data-th-content}] [1000]: org.thymeleaf.standard.processor.StandardRemovableAttributeTagProcessor
[THYMELEAF]             * [* {th:width,data-th-width}] [1000]: org.thymeleaf.standard.processor.StandardRemovableAttributeTagProcessor
[THYMELEAF]             * [* {th:cellspacing,data-th-cellspacing}] [1000]: org.thymeleaf.standard.processor.StandardRemovableAttributeTagProcessor
[THYMELEAF]             * [* {th:sandbox,data-th-sandbox}] [1000]: org.thymeleaf.standard.processor.StandardRemovableAttributeTagProcessor
[THYMELEAF]             * [* {th:formtarget,data-th-formtarget}] [1000]: org.thymeleaf.standard.processor.StandardRemovableAttributeTagProcessor
[THYMELEAF]             * [* {th:axis,data-th-axis}] [1000]: org.thymeleaf.standard.processor.StandardRemovableAttributeTagProcessor
[THYMELEAF]             * [* {th:audio,data-th-audio}] [1000]: org.thymeleaf.standard.processor.StandardRemovableAttributeTagProcessor
[THYMELEAF]             * [* {th:poster,data-th-poster}] [1000]: org.thymeleaf.standard.processor.StandardRemovableAttributeTagProcessor
[THYMELEAF]             * [* {th:media,data-th-media}] [1000]: org.thymeleaf.standard.processor.StandardRemovableAttributeTagProcessor
[THYMELEAF]             * [* {th:archive,data-th-archive}] [1000]: org.thymeleaf.standard.processor.StandardRemovableAttributeTagProcessor
[THYMELEAF]             * [* {th:wrap,data-th-wrap}] [1000]: org.thymeleaf.standard.processor.StandardRemovableAttributeTagProcessor
[THYMELEAF]             * [* {th:form,data-th-form}] [1000]: org.thymeleaf.standard.processor.StandardRemovableAttributeTagProcessor
[THYMELEAF]             * [* {th:high,data-th-high}] [1000]: org.thymeleaf.standard.processor.StandardRemovableAttributeTagProcessor
[THYMELEAF]             * [* {th:rev,data-th-rev}] [1000]: org.thymeleaf.standard.processor.StandardRemovableAttributeTagProcessor
[THYMELEAF]             * [* {th:title,data-th-title}] [1000]: org.thymeleaf.standard.processor.StandardRemovableAttributeTagProcessor
[THYMELEAF]             * [* {th:accesskey,data-th-accesskey}] [1000]: org.thymeleaf.standard.processor.StandardRemovableAttributeTagProcessor
[THYMELEAF]             * [* {th:optimum,data-th-optimum}] [1000]: org.thymeleaf.standard.processor.StandardRemovableAttributeTagProcessor
[THYMELEAF]             * [* {th:lang,data-th-lang}] [1000]: org.thymeleaf.standard.processor.StandardRemovableAttributeTagProcessor
[THYMELEAF]             * [* {th:codetype,data-th-codetype}] [1000]: org.thymeleaf.standard.processor.StandardRemovableAttributeTagProcessor
[THYMELEAF]             * [* {th:src,data-th-src}] [1000]: org.thymeleaf.standard.processor.StandardSrcTagProcessor
[THYMELEAF]             * [* {th:value,data-th-value}] [1000]: org.thymeleaf.standard.processor.StandardValueTagProcessor
[THYMELEAF]             * [* {th:xmlbase,data-th-xmlbase}] [1000]: org.thymeleaf.standard.processor.StandardXmlBaseTagProcessor
[THYMELEAF]             * [* {th:xmllang,data-th-xmllang}] [1000]: org.thymeleaf.standard.processor.StandardXmlLangTagProcessor
[THYMELEAF]             * [* {xmlns:th}] [1000]: org.thymeleaf.standard.processor.StandardXmlNsTagProcessor
[THYMELEAF]             * [* {th:xmlspace,data-th-xmlspace}] [1000]: org.thymeleaf.standard.processor.StandardXmlSpaceTagProcessor
[THYMELEAF]             * [* {th:classappend,data-th-classappend}] [1100]: org.thymeleaf.standard.processor.StandardClassappendTagProcessor
[THYMELEAF]             * [* {th:styleappend,data-th-styleappend}] [1100]: org.thymeleaf.standard.processor.StandardStyleappendTagProcessor
[THYMELEAF]             * [* {th:text,data-th-text}] [1300]: org.thymeleaf.standard.processor.StandardTextTagProcessor
[THYMELEAF]             * [* {th:utext,data-th-utext}] [1400]: org.thymeleaf.standard.processor.StandardUtextTagProcessor
[THYMELEAF]             * [* {th:fragment,data-th-fragment}] [1500]: org.thymeleaf.standard.processor.StandardFragmentTagProcessor
[THYMELEAF]             * [* {th:assert,data-th-assert}] [1550]: org.thymeleaf.standard.processor.StandardAssertTagProcessor
[THYMELEAF]             * [* {th:remove,data-th-remove}] [1600]: org.thymeleaf.standard.processor.StandardRemoveTagProcessor
[THYMELEAF]             * [* {th:ref,data-th-ref}] [10000]: org.thymeleaf.standard.processor.StandardRefAttributeTagProcessor
[THYMELEAF]             * [{th:block,th-block} *] [100000]: org.thymeleaf.standard.processor.StandardBlockTagProcessor
[THYMELEAF]             * [* th:*] [2147483647]: org.thymeleaf.standard.processor.StandardDefaultAttributesTagProcessor
[THYMELEAF]         * Text Processors by [precedence]:
[THYMELEAF]             * [1000]: org.thymeleaf.standard.processor.StandardInliningTextProcessor
[THYMELEAF]         * DOCTYPE Processors by [precedence]:
[THYMELEAF]             * [1000]: org.thymeleaf.standard.processor.StandardTranslationDocTypeProcessor
[THYMELEAF]         * CDATA Section Processors by [precedence]:
[THYMELEAF]             * [1000]: org.thymeleaf.standard.processor.StandardInliningCDATASectionProcessor
[THYMELEAF]         * Comment Processors by [precedence]:
[THYMELEAF]             * [1000]: org.thymeleaf.standard.processor.StandardInliningCommentProcessor
[THYMELEAF]             * [1100]: org.thymeleaf.standard.processor.StandardConditionalCommentProcessor
[THYMELEAF]     * Processors for Template Mode: XML
[THYMELEAF]         * Element Tag Processors by [matching element and attribute name] [precedence]:
[THYMELEAF]             * [* {th:include}] [100]: org.thymeleaf.standard.processor.StandardIncludeTagProcessor
[THYMELEAF]             * [* {th:insert}] [100]: org.thymeleaf.standard.processor.StandardInsertTagProcessor
[THYMELEAF]             * [* {th:replace}] [100]: org.thymeleaf.standard.processor.StandardReplaceTagProcessor
[THYMELEAF]             * [* {th:each}] [200]: com.intuit.karate.template.KarateEachTagProcessor
[THYMELEAF]             * [* {th:switch}] [250]: org.thymeleaf.standard.processor.StandardSwitchTagProcessor
[THYMELEAF]             * [* {th:case}] [275]: org.thymeleaf.standard.processor.StandardCaseTagProcessor
[THYMELEAF]             * [* {th:if}] [300]: org.thymeleaf.standard.processor.StandardIfTagProcessor
[THYMELEAF]             * [* {th:unless}] [400]: org.thymeleaf.standard.processor.StandardUnlessTagProcessor
[THYMELEAF]             * [* {th:object}] [500]: org.thymeleaf.standard.processor.StandardObjectTagProcessor
[THYMELEAF]             * [* {th:with}] [600]: com.intuit.karate.template.KarateWithTagProcessor
[THYMELEAF]             * [* {th:attr}] [700]: com.intuit.karate.template.KarateAttributeTagProcessor.KarateAttrTagProcessor
[THYMELEAF]             * [* {th:attrappend}] [900]: com.intuit.karate.template.KarateAttributeTagProcessor.KarateAttrappendTagProcessor
[THYMELEAF]             * [* {th:attrprepend}] [900]: com.intuit.karate.template.KarateAttributeTagProcessor.KarateAttrprependTagProcessor
[THYMELEAF]             * [* {th:inline}] [1000]: org.thymeleaf.standard.processor.StandardInlineXMLTagProcessor
[THYMELEAF]             * [* {xmlns:th}] [1000]: org.thymeleaf.standard.processor.StandardXmlNsTagProcessor
[THYMELEAF]             * [* {th:text}] [1300]: org.thymeleaf.standard.processor.StandardTextTagProcessor
[THYMELEAF]             * [* {th:utext}] [1400]: org.thymeleaf.standard.processor.StandardUtextTagProcessor
[THYMELEAF]             * [* {th:fragment}] [1500]: org.thymeleaf.standard.processor.StandardFragmentTagProcessor
[THYMELEAF]             * [* {th:assert}] [1550]: org.thymeleaf.standard.processor.StandardAssertTagProcessor
[THYMELEAF]             * [* {th:remove}] [1600]: org.thymeleaf.standard.processor.StandardRemoveTagProcessor
[THYMELEAF]             * [* {th:ref}] [10000]: org.thymeleaf.standard.processor.StandardRefAttributeTagProcessor
[THYMELEAF]             * [{th:block} *] [100000]: org.thymeleaf.standard.processor.StandardBlockTagProcessor
[THYMELEAF]             * [* th:*] [2147483647]: org.thymeleaf.standard.processor.StandardDefaultAttributesTagProcessor
[THYMELEAF]         * Text Processors by [precedence]:
[THYMELEAF]             * [1000]: org.thymeleaf.standard.processor.StandardInliningTextProcessor
[THYMELEAF]         * CDATA Section Processors by [precedence]:
[THYMELEAF]             * [1000]: org.thymeleaf.standard.processor.StandardInliningCDATASectionProcessor
[THYMELEAF]         * Comment Processors by [precedence]:
[THYMELEAF]             * [1000]: org.thymeleaf.standard.processor.StandardInliningCommentProcessor
[THYMELEAF]     * Processors for Template Mode: TEXT
[THYMELEAF]         * Element Tag Processors by [matching element and attribute name] [precedence]:
[THYMELEAF]             * [* {th:insert}] [100]: org.thymeleaf.standard.processor.StandardInsertTagProcessor
[THYMELEAF]             * [* {th:replace}] [100]: org.thymeleaf.standard.processor.StandardReplaceTagProcessor
[THYMELEAF]             * [* {th:each}] [200]: com.intuit.karate.template.KarateEachTagProcessor
[THYMELEAF]             * [* {th:switch}] [250]: org.thymeleaf.standard.processor.StandardSwitchTagProcessor
[THYMELEAF]             * [* {th:case}] [275]: org.thymeleaf.standard.processor.StandardCaseTagProcessor
[THYMELEAF]             * [* {th:if}] [300]: org.thymeleaf.standard.processor.StandardIfTagProcessor
[THYMELEAF]             * [* {th:unless}] [400]: org.thymeleaf.standard.processor.StandardUnlessTagProcessor
[THYMELEAF]             * [* {th:object}] [500]: org.thymeleaf.standard.processor.StandardObjectTagProcessor
[THYMELEAF]             * [* {th:with}] [600]: com.intuit.karate.template.KarateWithTagProcessor
[THYMELEAF]             * [* {th:inline}] [1000]: org.thymeleaf.standard.processor.StandardInlineTextualTagProcessor
[THYMELEAF]             * [* {th:text}] [1300]: org.thymeleaf.standard.processor.StandardTextTagProcessor
[THYMELEAF]             * [* {th:utext}] [1400]: org.thymeleaf.standard.processor.StandardUtextTagProcessor
[THYMELEAF]             * [* {th:assert}] [1550]: org.thymeleaf.standard.processor.StandardAssertTagProcessor
[THYMELEAF]             * [* {th:remove}] [1600]: org.thymeleaf.standard.processor.StandardRemoveTagProcessor
[THYMELEAF]             * [{th:block} *] [100000]: org.thymeleaf.standard.processor.StandardBlockTagProcessor
[THYMELEAF]             * [* 100000] [org.thymeleaf.standard.processor.StandardBlockTagProcessor]: {}
[THYMELEAF]         * Text Processors by [precedence]:
[THYMELEAF]             * [1000]: org.thymeleaf.standard.processor.StandardInliningTextProcessor
[THYMELEAF]     * Processors for Template Mode: JAVASCRIPT
[THYMELEAF]         * Element Tag Processors by [matching element and attribute name] [precedence]:
[THYMELEAF]             * [* {th:insert}] [100]: org.thymeleaf.standard.processor.StandardInsertTagProcessor
[THYMELEAF]             * [* {th:replace}] [100]: org.thymeleaf.standard.processor.StandardReplaceTagProcessor
[THYMELEAF]             * [* {th:each}] [200]: com.intuit.karate.template.KarateEachTagProcessor
[THYMELEAF]             * [* {th:switch}] [250]: org.thymeleaf.standard.processor.StandardSwitchTagProcessor
[THYMELEAF]             * [* {th:case}] [275]: org.thymeleaf.standard.processor.StandardCaseTagProcessor
[THYMELEAF]             * [* {th:if}] [300]: org.thymeleaf.standard.processor.StandardIfTagProcessor
[THYMELEAF]             * [* {th:unless}] [400]: org.thymeleaf.standard.processor.StandardUnlessTagProcessor
[THYMELEAF]             * [* {th:object}] [500]: org.thymeleaf.standard.processor.StandardObjectTagProcessor
[THYMELEAF]             * [* {th:with}] [600]: com.intuit.karate.template.KarateWithTagProcessor
[THYMELEAF]             * [* {th:inline}] [1000]: org.thymeleaf.standard.processor.StandardInlineTextualTagProcessor
[THYMELEAF]             * [* {th:text}] [1300]: org.thymeleaf.standard.processor.StandardTextTagProcessor
[THYMELEAF]             * [* {th:utext}] [1400]: org.thymeleaf.standard.processor.StandardUtextTagProcessor
[THYMELEAF]             * [* {th:assert}] [1550]: org.thymeleaf.standard.processor.StandardAssertTagProcessor
[THYMELEAF]             * [* {th:remove}] [1600]: org.thymeleaf.standard.processor.StandardRemoveTagProcessor
[THYMELEAF]             * [{th:block} *] [100000]: org.thymeleaf.standard.processor.StandardBlockTagProcessor
[THYMELEAF]             * [* 100000] [org.thymeleaf.standard.processor.StandardBlockTagProcessor]: {}
[THYMELEAF]         * Text Processors by [precedence]:
[THYMELEAF]             * [1000]: org.thymeleaf.standard.processor.StandardInliningTextProcessor
[THYMELEAF]     * Processors for Template Mode: CSS
[THYMELEAF]         * Element Tag Processors by [matching element and attribute name] [precedence]:
[THYMELEAF]             * [* {th:insert}] [100]: org.thymeleaf.standard.processor.StandardInsertTagProcessor
[THYMELEAF]             * [* {th:replace}] [100]: org.thymeleaf.standard.processor.StandardReplaceTagProcessor
[THYMELEAF]             * [* {th:each}] [200]: com.intuit.karate.template.KarateEachTagProcessor
[THYMELEAF]             * [* {th:switch}] [250]: org.thymeleaf.standard.processor.StandardSwitchTagProcessor
[THYMELEAF]             * [* {th:case}] [275]: org.thymeleaf.standard.processor.StandardCaseTagProcessor
[THYMELEAF]             * [* {th:if}] [300]: org.thymeleaf.standard.processor.StandardIfTagProcessor
[THYMELEAF]             * [* {th:unless}] [400]: org.thymeleaf.standard.processor.StandardUnlessTagProcessor
[THYMELEAF]             * [* {th:object}] [500]: org.thymeleaf.standard.processor.StandardObjectTagProcessor
[THYMELEAF]             * [* {th:with}] [600]: com.intuit.karate.template.KarateWithTagProcessor
[THYMELEAF]             * [* {th:inline}] [1000]: org.thymeleaf.standard.processor.StandardInlineTextualTagProcessor
[THYMELEAF]             * [* {th:text}] [1300]: org.thymeleaf.standard.processor.StandardTextTagProcessor
[THYMELEAF]             * [* {th:utext}] [1400]: org.thymeleaf.standard.processor.StandardUtextTagProcessor
[THYMELEAF]             * [* {th:assert}] [1550]: org.thymeleaf.standard.processor.StandardAssertTagProcessor
[THYMELEAF]             * [* {th:remove}] [1600]: org.thymeleaf.standard.processor.StandardRemoveTagProcessor
[THYMELEAF]             * [{th:block} *] [100000]: org.thymeleaf.standard.processor.StandardBlockTagProcessor
[THYMELEAF]             * [* 100000] [org.thymeleaf.standard.processor.StandardBlockTagProcessor]: {}
[THYMELEAF]         * Text Processors by [precedence]:
[THYMELEAF]             * [1000]: org.thymeleaf.standard.processor.StandardInliningTextProcessor
[THYMELEAF]     * Expression Objects:
[THYMELEAF]         * #ctx
[THYMELEAF]         * #root
[THYMELEAF]         * #vars
[THYMELEAF]         * #object
[THYMELEAF]         * #locale
[THYMELEAF]         * #conversions
[THYMELEAF]         * #uris
[THYMELEAF]         * #temporals
[THYMELEAF]         * #calendars
[THYMELEAF]         * #dates
[THYMELEAF]         * #bools
[THYMELEAF]         * #numbers
[THYMELEAF]         * #objects
[THYMELEAF]         * #strings
[THYMELEAF]         * #arrays
[THYMELEAF]         * #lists
[THYMELEAF]         * #sets
[THYMELEAF]         * #maps
[THYMELEAF]         * #aggregates
[THYMELEAF]         * #messages
[THYMELEAF]         * #ids
[THYMELEAF]         * #execInfo
[THYMELEAF]         * #request
[THYMELEAF]         * #response
[THYMELEAF]         * #session
[THYMELEAF]         * #servletContext
[THYMELEAF]     * Execution Attributes:
[THYMELEAF]         * "StandardExpressionParser": com.intuit.karate.template.KarateStandardDialect@488eb7f2
[THYMELEAF]         * "StandardJavaScriptSerializer": org.thymeleaf.standard.serializer.StandardJavaScriptSerializer@6c67e137
[THYMELEAF]         * "StandardCSSSerializer": org.thymeleaf.standard.serializer.StandardCSSSerializer@2c9399a4
[THYMELEAF]         * "StandardVariableExpressionEvaluator": com.intuit.karate.template.KarateStandardDialect@488eb7f2
[THYMELEAF]         * "StandardConversionService": org.thymeleaf.standard.expression.StandardConversionService@191ae03f
[THYMELEAF] * Dialect [2 of 2]: karate (com.intuit.karate.template.KarateScriptDialect)
[THYMELEAF]     * Prefix: "ka"
[THYMELEAF]     * Processors for Template Mode: HTML
[THYMELEAF]         * Element Tag Processors by [matching element and attribute name] [precedence]:
[THYMELEAF]             * [* {src}] [1000]: com.intuit.karate.template.KaScriptAttrProcessor
[THYMELEAF]         * Element Model Processors by [matching element and attribute name] [precedence]:
[THYMELEAF]             * [{script} {ka:scope,data-ka-scope}] [1000]: com.intuit.karate.template.KaScriptElemProcessor
[THYMELEAF]             * [* {ka:set,data-ka-set}] [1000]: com.intuit.karate.template.KaSetElemProcessor
[THYMELEAF] TEMPLATE ENGINE CONFIGURED OK
16:18:58.795 [main] DEBUG org.thymeleaf.TemplateEngine -- [THYMELEAF] TEMPLATE ENGINE INITIALIZED
16:18:58.808 [main] DEBUG org.thymeleaf.TemplateEngine -- [THYMELEAF] INITIALIZING TEMPLATE ENGINE
16:18:58.823 [main] DEBUG org.thymeleaf.TemplateEngine.CONFIG -- Initializing Thymeleaf Template engine configuration...
[THYMELEAF] TEMPLATE ENGINE CONFIGURATION:
[THYMELEAF] * Thymeleaf version: 3.1.2.RELEASE (built 2023-07-30T19:25:50+0000)
[THYMELEAF] * Cache Manager implementation: org.thymeleaf.cache.StandardCacheManager
[THYMELEAF] * Template resolvers:
[THYMELEAF]     * [1] com.intuit.karate.template.ResourceHtmlTemplateResolver
[THYMELEAF] * Message resolvers:
[THYMELEAF]     * org.thymeleaf.messageresolver.StandardMessageResolver
[THYMELEAF] * Link builders:
[THYMELEAF]     * org.thymeleaf.linkbuilder.StandardLinkBuilder
[THYMELEAF] * Dialect [1 of 2]: Standard (com.intuit.karate.template.KarateStandardDialect)
[THYMELEAF]     * Prefix: "th"
[THYMELEAF]     * Processors for Template Mode: HTML
[THYMELEAF]         * Element Tag Processors by [matching element and attribute name] [precedence]:
[THYMELEAF]             * [* {th:include,data-th-include}] [100]: org.thymeleaf.standard.processor.StandardIncludeTagProcessor
[THYMELEAF]             * [* {th:insert,data-th-insert}] [100]: org.thymeleaf.standard.processor.StandardInsertTagProcessor
[THYMELEAF]             * [* {th:replace,data-th-replace}] [100]: org.thymeleaf.standard.processor.StandardReplaceTagProcessor
[THYMELEAF]             * [* {th:each,data-th-each}] [200]: com.intuit.karate.template.KarateEachTagProcessor
[THYMELEAF]             * [* {th:switch,data-th-switch}] [250]: org.thymeleaf.standard.processor.StandardSwitchTagProcessor
[THYMELEAF]             * [* {th:case,data-th-case}] [275]: org.thymeleaf.standard.processor.StandardCaseTagProcessor
[THYMELEAF]             * [* {th:if,data-th-if}] [300]: org.thymeleaf.standard.processor.StandardIfTagProcessor
[THYMELEAF]             * [* {th:unless,data-th-unless}] [400]: org.thymeleaf.standard.processor.StandardUnlessTagProcessor
[THYMELEAF]             * [* {th:object,data-th-object}] [500]: org.thymeleaf.standard.processor.StandardObjectTagProcessor
[THYMELEAF]             * [* {th:with,data-th-with}] [600]: com.intuit.karate.template.KarateWithTagProcessor
[THYMELEAF]             * [* {th:attr,data-th-attr}] [700]: com.intuit.karate.template.KarateAttributeTagProcessor.KarateAttrTagProcessor
[THYMELEAF]             * [* {th:attrappend,data-th-attrappend}] [900]: com.intuit.karate.template.KarateAttributeTagProcessor.KarateAttrappendTagProcessor
[THYMELEAF]             * [* {th:attrprepend,data-th-attrprepend}] [900]: com.intuit.karate.template.KarateAttributeTagProcessor.KarateAttrprependTagProcessor
[THYMELEAF]             * [* {th:alt-title,data-th-alt-title}] [990]: org.thymeleaf.standard.processor.StandardAltTitleTagProcessor
[THYMELEAF]             * [* {th:lang-xmllang,data-th-lang-xmllang}] [990]: org.thymeleaf.standard.processor.StandardLangXmlLangTagProcessor
[THYMELEAF]             * [* {th:action,data-th-action}] [1000]: org.thymeleaf.standard.processor.StandardActionTagProcessor
[THYMELEAF]             * [* {th:ismap,data-th-ismap}] [1000]: org.thymeleaf.standard.processor.StandardConditionalFixedValueTagProcessor
[THYMELEAF]             * [* {th:pubdate,data-th-pubdate}] [1000]: org.thymeleaf.standard.processor.StandardConditionalFixedValueTagProcessor
[THYMELEAF]             * [* {th:declare,data-th-declare}] [1000]: org.thymeleaf.standard.processor.StandardConditionalFixedValueTagProcessor
[THYMELEAF]             * [* {th:seamless,data-th-seamless}] [1000]: org.thymeleaf.standard.processor.StandardConditionalFixedValueTagProcessor
[THYMELEAF]             * [* {th:controls,data-th-controls}] [1000]: org.thymeleaf.standard.processor.StandardConditionalFixedValueTagProcessor
[THYMELEAF]             * [* {th:nowrap,data-th-nowrap}] [1000]: org.thymeleaf.standard.processor.StandardConditionalFixedValueTagProcessor
[THYMELEAF]             * [* {th:loop,data-th-loop}] [1000]: org.thymeleaf.standard.processor.StandardConditionalFixedValueTagProcessor
[THYMELEAF]             * [* {th:scoped,data-th-scoped}] [1000]: org.thymeleaf.standard.processor.StandardConditionalFixedValueTagProcessor
[THYMELEAF]             * [* {th:novalidate,data-th-novalidate}] [1000]: org.thymeleaf.standard.processor.StandardConditionalFixedValueTagProcessor
[THYMELEAF]             * [* {th:disabled,data-th-disabled}] [1000]: org.thymeleaf.standard.processor.StandardConditionalFixedValueTagProcessor
[THYMELEAF]             * [* {th:formnovalidate,data-th-formnovalidate}] [1000]: org.thymeleaf.standard.processor.StandardConditionalFixedValueTagProcessor
[THYMELEAF]             * [* {th:checked,data-th-checked}] [1000]: org.thymeleaf.standard.processor.StandardConditionalFixedValueTagProcessor
[THYMELEAF]             * [* {th:hidden,data-th-hidden}] [1000]: org.thymeleaf.standard.processor.StandardConditionalFixedValueTagProcessor
[THYMELEAF]             * [* {th:multiple,data-th-multiple}] [1000]: org.thymeleaf.standard.processor.StandardConditionalFixedValueTagProcessor
[THYMELEAF]             * [* {th:autofocus,data-th-autofocus}] [1000]: org.thymeleaf.standard.processor.StandardConditionalFixedValueTagProcessor
[THYMELEAF]             * [* {th:reversed,data-th-reversed}] [1000]: org.thymeleaf.standard.processor.StandardConditionalFixedValueTagProcessor
[THYMELEAF]             * [* {th:required,data-th-required}] [1000]: org.thymeleaf.standard.processor.StandardConditionalFixedValueTagProcessor
[THYMELEAF]             * [* {th:selected,data-th-selected}] [1000]: org.thymeleaf.standard.processor.StandardConditionalFixedValueTagProcessor
[THYMELEAF]             * [* {th:async,data-th-async}] [1000]: org.thymeleaf.standard.processor.StandardConditionalFixedValueTagProcessor
[THYMELEAF]             * [* {th:defer,data-th-defer}] [1000]: org.thymeleaf.standard.processor.StandardConditionalFixedValueTagProcessor
[THYMELEAF]             * [* {th:autoplay,data-th-autoplay}] [1000]: org.thymeleaf.standard.processor.StandardConditionalFixedValueTagProcessor
[THYMELEAF]             * [* {th:default,data-th-default}] [1000]: org.thymeleaf.standard.processor.StandardConditionalFixedValueTagProcessor
[THYMELEAF]             * [* {th:open,data-th-open}] [1000]: org.thymeleaf.standard.processor.StandardConditionalFixedValueTagProcessor
[THYMELEAF]             * [* {th:readonly,data-th-readonly}] [1000]: org.thymeleaf.standard.processor.StandardConditionalFixedValueTagProcessor
[THYMELEAF]             * [* {th:onmouseup,data-th-onmouseup}] [1000]: org.thymeleaf.standard.processor.StandardDOMEventAttributeTagProcessor
[THYMELEAF]             * [* {th:onpopstate,data-th-onpopstate}] [1000]: org.thymeleaf.standard.processor.StandardDOMEventAttributeTagProcessor
[THYMELEAF]             * [* {th:onundo,data-th-onundo}] [1000]: org.thymeleaf.standard.processor.StandardDOMEventAttributeTagProcessor
[THYMELEAF]             * [* {th:onstalled,data-th-onstalled}] [1000]: org.thymeleaf.standard.processor.StandardDOMEventAttributeTagProcessor
[THYMELEAF]             * [* {th:onbeforeprint,data-th-onbeforeprint}] [1000]: org.thymeleaf.standard.processor.StandardDOMEventAttributeTagProcessor
[THYMELEAF]             * [* {th:onafterprint,data-th-onafterprint}] [1000]: org.thymeleaf.standard.processor.StandardDOMEventAttributeTagProcessor
[THYMELEAF]             * [* {th:onloadedmetadata,data-th-onloadedmetadata}] [1000]: org.thymeleaf.standard.processor.StandardDOMEventAttributeTagProcessor
[THYMELEAF]             * [* {th:oncanplaythrough,data-th-oncanplaythrough}] [1000]: org.thymeleaf.standard.processor.StandardDOMEventAttributeTagProcessor
[THYMELEAF]             * [* {th:onreadystatechange,data-th-onreadystatechange}] [1000]: org.thymeleaf.standard.processor.StandardDOMEventAttributeTagProcessor
[THYMELEAF]             * [* {th:onseeked,data-th-onseeked}] [1000]: org.thymeleaf.standard.processor.StandardDOMEventAttributeTagProcessor
[THYMELEAF]             * [* {th:onresize,data-th-onresize}] [1000]: org.thymeleaf.standard.processor.StandardDOMEventAttributeTagProcessor
[THYMELEAF]             * [* {th:onoffline,data-th-onoffline}] [1000]: org.thymeleaf.standard.processor.StandardDOMEventAttributeTagProcessor
[THYMELEAF]             * [* {th:onabort,data-th-onabort}] [1000]: org.thymeleaf.standard.processor.StandardDOMEventAttributeTagProcessor
[THYMELEAF]             * [* {th:onkeyup,data-th-onkeyup}] [1000]: org.thymeleaf.standard.processor.StandardDOMEventAttributeTagProcessor
[THYMELEAF]             * [* {th:onerror,data-th-onerror}] [1000]: org.thymeleaf.standard.processor.StandardDOMEventAttributeTagProcessor
[THYMELEAF]             * [* {th:onsuspend,data-th-onsuspend}] [1000]: org.thymeleaf.standard.processor.StandardDOMEventAttributeTagProcessor
[THYMELEAF]             * [* {th:onselect,data-th-onselect}] [1000]: org.thymeleaf.standard.processor.StandardDOMEventAttributeTagProcessor
[THYMELEAF]             * [* {th:onformchange,data-th-onformchange}] [1000]: org.thymeleaf.standard.processor.StandardDOMEventAttributeTagProcessor
[THYMELEAF]             * [* {th:onscroll,data-th-onscroll}] [1000]: org.thymeleaf.standard.processor.StandardDOMEventAttributeTagProcessor
[THYMELEAF]             * [* {th:ondrop,data-th-ondrop}] [1000]: org.thymeleaf.standard.processor.StandardDOMEventAttributeTagProcessor
[THYMELEAF]             * [* {th:onload,data-th-onload}] [1000]: org.thymeleaf.standard.processor.StandardDOMEventAttributeTagProcessor
[THYMELEAF]             * [* {th:onmessage,data-th-onmessage}] [1000]: org.thymeleaf.standard.processor.StandardDOMEventAttributeTagProcessor
[THYMELEAF]             * [* {th:onblur,data-th-onblur}] [1000]: org.thymeleaf.standard.processor.StandardDOMEventAttributeTagProcessor
[THYMELEAF]             * [* {th:ononline,data-th-ononline}] [1000]: org.thymeleaf.standard.processor.StandardDOMEventAttributeTagProcessor
[THYMELEAF]             * [* {th:onmousewheel,data-th-onmousewheel}] [1000]: org.thymeleaf.standard.processor.StandardDOMEventAttributeTagProcessor
[THYMELEAF]             * [* {th:onloadstart,data-th-onloadstart}] [1000]: org.thymeleaf.standard.processor.StandardDOMEventAttributeTagProcessor
[THYMELEAF]             * [* {th:onsubmit,data-th-onsubmit}] [1000]: org.thymeleaf.standard.processor.StandardDOMEventAttributeTagProcessor
[THYMELEAF]             * [* {th:onmouseout,data-th-onmouseout}] [1000]: org.thymeleaf.standard.processor.StandardDOMEventAttributeTagProcessor
[THYMELEAF]             * [* {th:oninput,data-th-oninput}] [1000]: org.thymeleaf.standard.processor.StandardDOMEventAttributeTagProcessor
[THYMELEAF]             * [* {th:onloadeddata,data-th-onloadeddata}] [1000]: org.thymeleaf.standard.processor.StandardDOMEventAttributeTagProcessor
[THYMELEAF]             * [* {th:oncanplay,data-th-oncanplay}] [1000]: org.thymeleaf.standard.processor.StandardDOMEventAttributeTagProcessor
[THYMELEAF]             * [* {th:ondragend,data-th-ondragend}] [1000]: org.thymeleaf.standard.processor.StandardDOMEventAttributeTagProcessor
[THYMELEAF]             * [* {th:ondragleave,data-th-ondragleave}] [1000]: org.thymeleaf.standard.processor.StandardDOMEventAttributeTagProcessor
[THYMELEAF]             * [* {th:onmousemove,data-th-onmousemove}] [1000]: org.thymeleaf.standard.processor.StandardDOMEventAttributeTagProcessor
[THYMELEAF]             * [* {th:onhashchange,data-th-onhashchange}] [1000]: org.thymeleaf.standard.processor.StandardDOMEventAttributeTagProcessor
[THYMELEAF]             * [* {th:onredo,data-th-onredo}] [1000]: org.thymeleaf.standard.processor.StandardDOMEventAttributeTagProcessor
[THYMELEAF]             * [* {th:onprogress,data-th-onprogress}] [1000]: org.thymeleaf.standard.processor.StandardDOMEventAttributeTagProcessor
[THYMELEAF]             * [* {th:ondblclick,data-th-ondblclick}] [1000]: org.thymeleaf.standard.processor.StandardDOMEventAttributeTagProcessor
[THYMELEAF]             * [* {th:onseeking,data-th-onseeking}] [1000]: org.thymeleaf.standard.processor.StandardDOMEventAttributeTagProcessor
[THYMELEAF]             * [* {th:onended,data-th-onended}] [1000]: org.thymeleaf.standard.processor.StandardDOMEventAttributeTagProcessor
[THYMELEAF]             * [* {th:onkeypress,data-th-onkeypress}] [1000]: org.thymeleaf.standard.processor.StandardDOMEventAttributeTagProcessor
[THYMELEAF]             * [* {th:onmousedown,data-th-onmousedown}] [1000]: org.thymeleaf.standard.processor.StandardDOMEventAttributeTagProcessor
[THYMELEAF]             * [* {th:onpause,data-th-onpause}] [1000]: org.thymeleaf.standard.processor.StandardDOMEventAttributeTagProcessor
[THYMELEAF]             * [* {th:ondrag,data-th-ondrag}] [1000]: org.thymeleaf.standard.processor.StandardDOMEventAttributeTagProcessor
[THYMELEAF]             * [* {th:onstorage,data-th-onstorage}] [1000]: org.thymeleaf.standard.processor.StandardDOMEventAttributeTagProcessor
[THYMELEAF]             * [* {th:ondragover,data-th-ondragover}] [1000]: org.thymeleaf.standard.processor.StandardDOMEventAttributeTagProcessor
[THYMELEAF]             * [* {th:oninvalid,data-th-oninvalid}] [1000]: org.thymeleaf.standard.processor.StandardDOMEventAttributeTagProcessor
[THYMELEAF]             * [* {th:oncontextmenu,data-th-oncontextmenu}] [1000]: org.thymeleaf.standard.processor.StandardDOMEventAttributeTagProcessor
[THYMELEAF]             * [* {th:ondragstart,data-th-ondragstart}] [1000]: org.thymeleaf.standard.processor.StandardDOMEventAttributeTagProcessor
[THYMELEAF]             * [* {th:onemptied,data-th-onemptied}] [1000]: org.thymeleaf.standard.processor.StandardDOMEventAttributeTagProcessor
[THYMELEAF]             * [* {th:onclick,data-th-onclick}] [1000]: org.thymeleaf.standard.processor.StandardDOMEventAttributeTagProcessor
[THYMELEAF]             * [* {th:onreset,data-th-onreset}] [1000]: org.thymeleaf.standard.processor.StandardDOMEventAttributeTagProcessor
[THYMELEAF]             * [* {th:onmouseover,data-th-onmouseover}] [1000]: org.thymeleaf.standard.processor.StandardDOMEventAttributeTagProcessor
[THYMELEAF]             * [* {th:onplay,data-th-onplay}] [1000]: org.thymeleaf.standard.processor.StandardDOMEventAttributeTagProcessor
[THYMELEAF]             * [* {th:onshow,data-th-onshow}] [1000]: org.thymeleaf.standard.processor.StandardDOMEventAttributeTagProcessor
[THYMELEAF]             * [* {th:onunload,data-th-onunload}] [1000]: org.thymeleaf.standard.processor.StandardDOMEventAttributeTagProcessor
[THYMELEAF]             * [* {th:onvolumechange,data-th-onvolumechange}] [1000]: org.thymeleaf.standard.processor.StandardDOMEventAttributeTagProcessor
[THYMELEAF]             * [* {th:onforminput,data-th-onforminput}] [1000]: org.thymeleaf.standard.processor.StandardDOMEventAttributeTagProcessor
[THYMELEAF]             * [* {th:onchange,data-th-onchange}] [1000]: org.thymeleaf.standard.processor.StandardDOMEventAttributeTagProcessor
[THYMELEAF]             * [* {th:ondragenter,data-th-ondragenter}] [1000]: org.thymeleaf.standard.processor.StandardDOMEventAttributeTagProcessor
[THYMELEAF]             * [* {th:onratechange,data-th-onratechange}] [1000]: org.thymeleaf.standard.processor.StandardDOMEventAttributeTagProcessor
[THYMELEAF]             * [* {th:onbeforeunload,data-th-onbeforeunload}] [1000]: org.thymeleaf.standard.processor.StandardDOMEventAttributeTagProcessor
[THYMELEAF]             * [* {th:onwaiting,data-th-onwaiting}] [1000]: org.thymeleaf.standard.processor.StandardDOMEventAttributeTagProcessor
[THYMELEAF]             * [* {th:ontimeupdate,data-th-ontimeupdate}] [1000]: org.thymeleaf.standard.processor.StandardDOMEventAttributeTagProcessor
[THYMELEAF]             * [* {th:onkeydown,data-th-onkeydown}] [1000]: org.thymeleaf.standard.processor.StandardDOMEventAttributeTagProcessor
[THYMELEAF]             * [* {th:ondurationchange,data-th-ondurationchange}] [1000]: org.thymeleaf.standard.processor.StandardDOMEventAttributeTagProcessor
[THYMELEAF]             * [* {th:onfocus,data-th-onfocus}] [1000]: org.thymeleaf.standard.processor.StandardDOMEventAttributeTagProcessor
[THYMELEAF]             * [* {th:onplaying,data-th-onplaying}] [1000]: org.thymeleaf.standard.processor.StandardDOMEventAttributeTagProcessor
[THYMELEAF]             * [* {th:href,data-th-href}] [1000]: org.thymeleaf.standard.processor.StandardHrefTagProcessor
[THYMELEAF]             * [* {th:inline,data-th-inline}] [1000]: org.thymeleaf.standard.processor.StandardInlineHTMLTagProcessor
[THYMELEAF]             * [* {th:method,data-th-method}] [1000]: org.thymeleaf.standard.processor.StandardMethodTagProcessor
[THYMELEAF]             * [* {th:name,data-th-name}] [1000]: org.thymeleaf.standard.processor.StandardNonRemovableAttributeTagProcessor
[THYMELEAF]             * [* {th:type,data-th-type}] [1000]: org.thymeleaf.standard.processor.StandardNonRemovableAttributeTagProcessor
[THYMELEAF]             * [* {th:formenctype,data-th-formenctype}] [1000]: org.thymeleaf.standard.processor.StandardRemovableAttributeTagProcessor
[THYMELEAF]             * [* {th:contenteditable,data-th-contenteditable}] [1000]: org.thymeleaf.standard.processor.StandardRemovableAttributeTagProcessor
[THYMELEAF]             * [* {th:vspace,data-th-vspace}] [1000]: org.thymeleaf.standard.processor.StandardRemovableAttributeTagProcessor
[THYMELEAF]             * [* {th:sandbox,data-th-sandbox}] [1000]: org.thymeleaf.standard.processor.StandardRemovableAttributeTagProcessor
[THYMELEAF]             * [* {th:content,data-th-content}] [1000]: org.thymeleaf.standard.processor.StandardRemovableAttributeTagProcessor
[THYMELEAF]             * [* {th:challenge,data-th-challenge}] [1000]: org.thymeleaf.standard.processor.StandardRemovableAttributeTagProcessor
[THYMELEAF]             * [* {th:classid,data-th-classid}] [1000]: org.thymeleaf.standard.processor.StandardRemovableAttributeTagProcessor
[THYMELEAF]             * [* {th:size,data-th-size}] [1000]: org.thymeleaf.standard.processor.StandardRemovableAttributeTagProcessor
[THYMELEAF]             * [* {th:formaction,data-th-formaction}] [1000]: org.thymeleaf.standard.processor.StandardRemovableAttributeTagProcessor
[THYMELEAF]             * [* {th:for,data-th-for}] [1000]: org.thymeleaf.standard.processor.StandardRemovableAttributeTagProcessor
[THYMELEAF]             * [* {th:wrap,data-th-wrap}] [1000]: org.thymeleaf.standard.processor.StandardRemovableAttributeTagProcessor
[THYMELEAF]             * [* {th:enctype,data-th-enctype}] [1000]: org.thymeleaf.standard.processor.StandardRemovableAttributeTagProcessor
[THYMELEAF]             * [* {th:http-equiv,data-th-http-equiv}] [1000]: org.thymeleaf.standard.processor.StandardRemovableAttributeTagProcessor
[THYMELEAF]             * [* {th:style,data-th-style}] [1000]: org.thymeleaf.standard.processor.StandardRemovableAttributeTagProcessor
[THYMELEAF]             * [* {th:colspan,data-th-colspan}] [1000]: org.thymeleaf.standard.processor.StandardRemovableAttributeTagProcessor
[THYMELEAF]             * [* {th:compact,data-th-compact}] [1000]: org.thymeleaf.standard.processor.StandardRemovableAttributeTagProcessor
[THYMELEAF]             * [* {th:marginheight,data-th-marginheight}] [1000]: org.thymeleaf.standard.processor.StandardRemovableAttributeTagProcessor
[THYMELEAF]             * [* {th:max,data-th-max}] [1000]: org.thymeleaf.standard.processor.StandardRemovableAttributeTagProcessor
[THYMELEAF]             * [* {th:class,data-th-class}] [1000]: org.thymeleaf.standard.processor.StandardRemovableAttributeTagProcessor
[THYMELEAF]             * [* {th:radiogroup,data-th-radiogroup}] [1000]: org.thymeleaf.standard.processor.StandardRemovableAttributeTagProcessor
[THYMELEAF]             * [* {th:placeholder,data-th-placeholder}] [1000]: org.thymeleaf.standard.processor.StandardRemovableAttributeTagProcessor
[THYMELEAF]             * [* {th:optimum,data-th-optimum}] [1000]: org.thymeleaf.standard.processor.StandardRemovableAttributeTagProcessor
[THYMELEAF]             * [* {th:formmethod,data-th-formmethod}] [1000]: org.thymeleaf.standard.processor.StandardRemovableAttributeTagProcessor
[THYMELEAF]             * [* {th:hspace,data-th-hspace}] [1000]: org.thymeleaf.standard.processor.StandardRemovableAttributeTagProcessor
[THYMELEAF]             * [* {th:rowspan,data-th-rowspan}] [1000]: org.thymeleaf.standard.processor.StandardRemovableAttributeTagProcessor
[THYMELEAF]             * [* {th:frame,data-th-frame}] [1000]: org.thymeleaf.standard.processor.StandardRemovableAttributeTagProcessor
[THYMELEAF]             * [* {th:standby,data-th-standby}] [1000]: org.thymeleaf.standard.processor.StandardRemovableAttributeTagProcessor
[THYMELEAF]             * [* {th:autocomplete,data-th-autocomplete}] [1000]: org.thymeleaf.standard.processor.StandardRemovableAttributeTagProcessor
[THYMELEAF]             * [* {th:usemap,data-th-usemap}] [1000]: org.thymeleaf.standard.processor.StandardRemovableAttributeTagProcessor
[THYMELEAF]             * [* {th:list,data-th-list}] [1000]: org.thymeleaf.standard.processor.StandardRemovableAttributeTagProcessor
[THYMELEAF]             * [* {th:draggable,data-th-draggable}] [1000]: org.thymeleaf.standard.processor.StandardRemovableAttributeTagProcessor
[THYMELEAF]             * [* {th:bgcolor,data-th-bgcolor}] [1000]: org.thymeleaf.standard.processor.StandardRemovableAttributeTagProcessor
[THYMELEAF]             * [* {th:poster,data-th-poster}] [1000]: org.thymeleaf.standard.processor.StandardRemovableAttributeTagProcessor
[THYMELEAF]             * [* {th:id,data-th-id}] [1000]: org.thymeleaf.standard.processor.StandardRemovableAttributeTagProcessor
[THYMELEAF]             * [* {th:datetime,data-th-datetime}] [1000]: org.thymeleaf.standard.processor.StandardRemovableAttributeTagProcessor
[THYMELEAF]             * [* {th:alt,data-th-alt}] [1000]: org.thymeleaf.standard.processor.StandardRemovableAttributeTagProcessor
[THYMELEAF]             * [* {th:scrolling,data-th-scrolling}] [1000]: org.thymeleaf.standard.processor.StandardRemovableAttributeTagProcessor
[THYMELEAF]             * [* {th:width,data-th-width}] [1000]: org.thymeleaf.standard.processor.StandardRemovableAttributeTagProcessor
[THYMELEAF]             * [* {th:spellcheck,data-th-spellcheck}] [1000]: org.thymeleaf.standard.processor.StandardRemovableAttributeTagProcessor
[THYMELEAF]             * [* {th:form,data-th-form}] [1000]: org.thymeleaf.standard.processor.StandardRemovableAttributeTagProcessor
[THYMELEAF]             * [* {th:title,data-th-title}] [1000]: org.thymeleaf.standard.processor.StandardRemovableAttributeTagProcessor
[THYMELEAF]             * [* {th:tabindex,data-th-tabindex}] [1000]: org.thymeleaf.standard.processor.StandardRemovableAttributeTagProcessor
[THYMELEAF]             * [* {th:data,data-th-data}] [1000]: org.thymeleaf.standard.processor.StandardRemovableAttributeTagProcessor
[THYMELEAF]             * [* {th:summary,data-th-summary}] [1000]: org.thymeleaf.standard.processor.StandardRemovableAttributeTagProcessor
[THYMELEAF]             * [* {th:cellspacing,data-th-cellspacing}] [1000]: org.thymeleaf.standard.processor.StandardRemovableAttributeTagProcessor
[THYMELEAF]             * [* {th:low,data-th-low}] [1000]: org.thymeleaf.standard.processor.StandardRemovableAttributeTagProcessor
[THYMELEAF]             * [* {th:frameborder,data-th-frameborder}] [1000]: org.thymeleaf.standard.processor.StandardRemovableAttributeTagProcessor
[THYMELEAF]             * [* {th:maxlength,data-th-maxlength}] [1000]: org.thymeleaf.standard.processor.StandardRemovableAttributeTagProcessor
[THYMELEAF]             * [* {th:pattern,data-th-pattern}] [1000]: org.thymeleaf.standard.processor.StandardRemovableAttributeTagProcessor
[THYMELEAF]             * [* {th:formtarget,data-th-formtarget}] [1000]: org.thymeleaf.standard.processor.StandardRemovableAttributeTagProcessor
[THYMELEAF]             * [* {th:background,data-th-background}] [1000]: org.thymeleaf.standard.processor.StandardRemovableAttributeTagProcessor
[THYMELEAF]             * [* {th:dropzone,data-th-dropzone}] [1000]: org.thymeleaf.standard.processor.StandardRemovableAttributeTagProcessor
[THYMELEAF]             * [* {th:hreflang,data-th-hreflang}] [1000]: org.thymeleaf.standard.processor.StandardRemovableAttributeTagProcessor
[THYMELEAF]             * [* {th:border,data-th-border}] [1000]: org.thymeleaf.standard.processor.StandardRemovableAttributeTagProcessor
[THYMELEAF]             * [* {th:min,data-th-min}] [1000]: org.thymeleaf.standard.processor.StandardRemovableAttributeTagProcessor
[THYMELEAF]             * [* {th:accept,data-th-accept}] [1000]: org.thymeleaf.standard.processor.StandardRemovableAttributeTagProcessor
[THYMELEAF]             * [* {th:codetype,data-th-codetype}] [1000]: org.thymeleaf.standard.processor.StandardRemovableAttributeTagProcessor
[THYMELEAF]             * [* {th:target,data-th-target}] [1000]: org.thymeleaf.standard.processor.StandardRemovableAttributeTagProcessor
[THYMELEAF]             * [* {th:codebase,data-th-codebase}] [1000]: org.thymeleaf.standard.processor.StandardRemovableAttributeTagProcessor
[THYMELEAF]             * [* {th:sizes,data-th-sizes}] [1000]: org.thymeleaf.standard.processor.StandardRemovableAttributeTagProcessor
[THYMELEAF]             * [* {th:icon,data-th-icon}] [1000]: org.thymeleaf.standard.processor.StandardRemovableAttributeTagProcessor
[THYMELEAF]             * [* {th:accept-charset,data-th-accept-charset}] [1000]: org.thymeleaf.standard.processor.StandardRemovableAttributeTagProcessor
[THYMELEAF]             * [* {th:headers,data-th-headers}] [1000]: org.thymeleaf.standard.processor.StandardRemovableAttributeTagProcessor
[THYMELEAF]             * [* {th:audio,data-th-audio}] [1000]: org.thymeleaf.standard.processor.StandardRemovableAttributeTagProcessor
[THYMELEAF]             * [* {th:rows,data-th-rows}] [1000]: org.thymeleaf.standard.processor.StandardRemovableAttributeTagProcessor
[THYMELEAF]             * [* {th:label,data-th-label}] [1000]: org.thymeleaf.standard.processor.StandardRemovableAttributeTagProcessor
[THYMELEAF]             * [* {th:axis,data-th-axis}] [1000]: org.thymeleaf.standard.processor.StandardRemovableAttributeTagProcessor
[THYMELEAF]             * [* {th:archive,data-th-archive}] [1000]: org.thymeleaf.standard.processor.StandardRemovableAttributeTagProcessor
[THYMELEAF]             * [* {th:start,data-th-start}] [1000]: org.thymeleaf.standard.processor.StandardRemovableAttributeTagProcessor
[THYMELEAF]             * [* {th:cellpadding,data-th-cellpadding}] [1000]: org.thymeleaf.standard.processor.StandardRemovableAttributeTagProcessor
[THYMELEAF]             * [* {th:marginwidth,data-th-marginwidth}] [1000]: org.thymeleaf.standard.processor.StandardRemovableAttributeTagProcessor
[THYMELEAF]             * [* {th:step,data-th-step}] [1000]: org.thymeleaf.standard.processor.StandardRemovableAttributeTagProcessor
[THYMELEAF]             * [* {th:manifest,data-th-manifest}] [1000]: org.thymeleaf.standard.processor.StandardRemovableAttributeTagProcessor
[THYMELEAF]             * [* {th:media,data-th-media}] [1000]: org.thymeleaf.standard.processor.StandardRemovableAttributeTagProcessor
[THYMELEAF]             * [* {th:dir,data-th-dir}] [1000]: org.thymeleaf.standard.processor.StandardRemovableAttributeTagProcessor
[THYMELEAF]             * [* {th:height,data-th-height}] [1000]: org.thymeleaf.standard.processor.StandardRemovableAttributeTagProcessor
[THYMELEAF]             * [* {th:scope,data-th-scope}] [1000]: org.thymeleaf.standard.processor.StandardRemovableAttributeTagProcessor
[THYMELEAF]             * [* {th:charset,data-th-charset}] [1000]: org.thymeleaf.standard.processor.StandardRemovableAttributeTagProcessor
[THYMELEAF]             * [* {th:scheme,data-th-scheme}] [1000]: org.thymeleaf.standard.processor.StandardRemovableAttributeTagProcessor
[THYMELEAF]             * [* {th:lang,data-th-lang}] [1000]: org.thymeleaf.standard.processor.StandardRemovableAttributeTagProcessor
[THYMELEAF]             * [* {th:accesskey,data-th-accesskey}] [1000]: org.thymeleaf.standard.processor.StandardRemovableAttributeTagProcessor
[THYMELEAF]             * [* {th:longdesc,data-th-longdesc}] [1000]: org.thymeleaf.standard.processor.StandardRemovableAttributeTagProcessor
[THYMELEAF]             * [* {th:rev,data-th-rev}] [1000]: org.thymeleaf.standard.processor.StandardRemovableAttributeTagProcessor
[THYMELEAF]             * [* {th:align,data-th-align}] [1000]: org.thymeleaf.standard.processor.StandardRemovableAttributeTagProcessor
[THYMELEAF]             * [* {th:srclang,data-th-srclang}] [1000]: org.thymeleaf.standard.processor.StandardRemovableAttributeTagProcessor
[THYMELEAF]             * [* {th:abbr,data-th-abbr}] [1000]: org.thymeleaf.standard.processor.StandardRemovableAttributeTagProcessor
[THYMELEAF]             * [* {th:high,data-th-high}] [1000]: org.thymeleaf.standard.processor.StandardRemovableAttributeTagProcessor
[THYMELEAF]             * [* {th:preload,data-th-preload}] [1000]: org.thymeleaf.standard.processor.StandardRemovableAttributeTagProcessor
[THYMELEAF]             * [* {th:kind,data-th-kind}] [1000]: org.thymeleaf.standard.processor.StandardRemovableAttributeTagProcessor
[THYMELEAF]             * [* {th:cols,data-th-cols}] [1000]: org.thymeleaf.standard.processor.StandardRemovableAttributeTagProcessor
[THYMELEAF]             * [* {th:span,data-th-span}] [1000]: org.thymeleaf.standard.processor.StandardRemovableAttributeTagProcessor
[THYMELEAF]             * [* {th:contextmenu,data-th-contextmenu}] [1000]: org.thymeleaf.standard.processor.StandardRemovableAttributeTagProcessor
[THYMELEAF]             * [* {th:rules,data-th-rules}] [1000]: org.thymeleaf.standard.processor.StandardRemovableAttributeTagProcessor
[THYMELEAF]             * [* {th:valuetype,data-th-valuetype}] [1000]: org.thymeleaf.standard.processor.StandardRemovableAttributeTagProcessor
[THYMELEAF]             * [* {th:rel,data-th-rel}] [1000]: org.thymeleaf.standard.processor.StandardRemovableAttributeTagProcessor
[THYMELEAF]             * [* {th:keytype,data-th-keytype}] [1000]: org.thymeleaf.standard.processor.StandardRemovableAttributeTagProcessor
[THYMELEAF]             * [* {th:cite,data-th-cite}] [1000]: org.thymeleaf.standard.processor.StandardRemovableAttributeTagProcessor
[THYMELEAF]             * [* {th:src,data-th-src}] [1000]: org.thymeleaf.standard.processor.StandardSrcTagProcessor
[THYMELEAF]             * [* {th:value,data-th-value}] [1000]: org.thymeleaf.standard.processor.StandardValueTagProcessor
[THYMELEAF]             * [* {th:xmlbase,data-th-xmlbase}] [1000]: org.thymeleaf.standard.processor.StandardXmlBaseTagProcessor
[THYMELEAF]             * [* {th:xmllang,data-th-xmllang}] [1000]: org.thymeleaf.standard.processor.StandardXmlLangTagProcessor
[THYMELEAF]             * [* {xmlns:th}] [1000]: org.thymeleaf.standard.processor.StandardXmlNsTagProcessor
[THYMELEAF]             * [* {th:xmlspace,data-th-xmlspace}] [1000]: org.thymeleaf.standard.processor.StandardXmlSpaceTagProcessor
[THYMELEAF]             * [* {th:classappend,data-th-classappend}] [1100]: org.thymeleaf.standard.processor.StandardClassappendTagProcessor
[THYMELEAF]             * [* {th:styleappend,data-th-styleappend}] [1100]: org.thymeleaf.standard.processor.StandardStyleappendTagProcessor
[THYMELEAF]             * [* {th:text,data-th-text}] [1300]: org.thymeleaf.standard.processor.StandardTextTagProcessor
[THYMELEAF]             * [* {th:utext,data-th-utext}] [1400]: org.thymeleaf.standard.processor.StandardUtextTagProcessor
[THYMELEAF]             * [* {th:fragment,data-th-fragment}] [1500]: org.thymeleaf.standard.processor.StandardFragmentTagProcessor
[THYMELEAF]             * [* {th:assert,data-th-assert}] [1550]: org.thymeleaf.standard.processor.StandardAssertTagProcessor
[THYMELEAF]             * [* {th:remove,data-th-remove}] [1600]: org.thymeleaf.standard.processor.StandardRemoveTagProcessor
[THYMELEAF]             * [* {th:ref,data-th-ref}] [10000]: org.thymeleaf.standard.processor.StandardRefAttributeTagProcessor
[THYMELEAF]             * [{th:block,th-block} *] [100000]: org.thymeleaf.standard.processor.StandardBlockTagProcessor
[THYMELEAF]             * [* th:*] [2147483647]: org.thymeleaf.standard.processor.StandardDefaultAttributesTagProcessor
[THYMELEAF]         * Text Processors by [precedence]:
[THYMELEAF]             * [1000]: org.thymeleaf.standard.processor.StandardInliningTextProcessor
[THYMELEAF]         * DOCTYPE Processors by [precedence]:
[THYMELEAF]             * [1000]: org.thymeleaf.standard.processor.StandardTranslationDocTypeProcessor
[THYMELEAF]         * CDATA Section Processors by [precedence]:
[THYMELEAF]             * [1000]: org.thymeleaf.standard.processor.StandardInliningCDATASectionProcessor
[THYMELEAF]         * Comment Processors by [precedence]:
[THYMELEAF]             * [1000]: org.thymeleaf.standard.processor.StandardInliningCommentProcessor
[THYMELEAF]             * [1100]: org.thymeleaf.standard.processor.StandardConditionalCommentProcessor
[THYMELEAF]     * Processors for Template Mode: XML
[THYMELEAF]         * Element Tag Processors by [matching element and attribute name] [precedence]:
[THYMELEAF]             * [* {th:include}] [100]: org.thymeleaf.standard.processor.StandardIncludeTagProcessor
[THYMELEAF]             * [* {th:insert}] [100]: org.thymeleaf.standard.processor.StandardInsertTagProcessor
[THYMELEAF]             * [* {th:replace}] [100]: org.thymeleaf.standard.processor.StandardReplaceTagProcessor
[THYMELEAF]             * [* {th:each}] [200]: com.intuit.karate.template.KarateEachTagProcessor
[THYMELEAF]             * [* {th:switch}] [250]: org.thymeleaf.standard.processor.StandardSwitchTagProcessor
[THYMELEAF]             * [* {th:case}] [275]: org.thymeleaf.standard.processor.StandardCaseTagProcessor
[THYMELEAF]             * [* {th:if}] [300]: org.thymeleaf.standard.processor.StandardIfTagProcessor
[THYMELEAF]             * [* {th:unless}] [400]: org.thymeleaf.standard.processor.StandardUnlessTagProcessor
[THYMELEAF]             * [* {th:object}] [500]: org.thymeleaf.standard.processor.StandardObjectTagProcessor
[THYMELEAF]             * [* {th:with}] [600]: com.intuit.karate.template.KarateWithTagProcessor
[THYMELEAF]             * [* {th:attr}] [700]: com.intuit.karate.template.KarateAttributeTagProcessor.KarateAttrTagProcessor
[THYMELEAF]             * [* {th:attrappend}] [900]: com.intuit.karate.template.KarateAttributeTagProcessor.KarateAttrappendTagProcessor
[THYMELEAF]             * [* {th:attrprepend}] [900]: com.intuit.karate.template.KarateAttributeTagProcessor.KarateAttrprependTagProcessor
[THYMELEAF]             * [* {th:inline}] [1000]: org.thymeleaf.standard.processor.StandardInlineXMLTagProcessor
[THYMELEAF]             * [* {xmlns:th}] [1000]: org.thymeleaf.standard.processor.StandardXmlNsTagProcessor
[THYMELEAF]             * [* {th:text}] [1300]: org.thymeleaf.standard.processor.StandardTextTagProcessor
[THYMELEAF]             * [* {th:utext}] [1400]: org.thymeleaf.standard.processor.StandardUtextTagProcessor
[THYMELEAF]             * [* {th:fragment}] [1500]: org.thymeleaf.standard.processor.StandardFragmentTagProcessor
[THYMELEAF]             * [* {th:assert}] [1550]: org.thymeleaf.standard.processor.StandardAssertTagProcessor
[THYMELEAF]             * [* {th:remove}] [1600]: org.thymeleaf.standard.processor.StandardRemoveTagProcessor
[THYMELEAF]             * [* {th:ref}] [10000]: org.thymeleaf.standard.processor.StandardRefAttributeTagProcessor
[THYMELEAF]             * [{th:block} *] [100000]: org.thymeleaf.standard.processor.StandardBlockTagProcessor
[THYMELEAF]             * [* th:*] [2147483647]: org.thymeleaf.standard.processor.StandardDefaultAttributesTagProcessor
[THYMELEAF]         * Text Processors by [precedence]:
[THYMELEAF]             * [1000]: org.thymeleaf.standard.processor.StandardInliningTextProcessor
[THYMELEAF]         * CDATA Section Processors by [precedence]:
[THYMELEAF]             * [1000]: org.thymeleaf.standard.processor.StandardInliningCDATASectionProcessor
[THYMELEAF]         * Comment Processors by [precedence]:
[THYMELEAF]             * [1000]: org.thymeleaf.standard.processor.StandardInliningCommentProcessor
[THYMELEAF]     * Processors for Template Mode: TEXT
[THYMELEAF]         * Element Tag Processors by [matching element and attribute name] [precedence]:
[THYMELEAF]             * [* {th:insert}] [100]: org.thymeleaf.standard.processor.StandardInsertTagProcessor
[THYMELEAF]             * [* {th:replace}] [100]: org.thymeleaf.standard.processor.StandardReplaceTagProcessor
[THYMELEAF]             * [* {th:each}] [200]: com.intuit.karate.template.KarateEachTagProcessor
[THYMELEAF]             * [* {th:switch}] [250]: org.thymeleaf.standard.processor.StandardSwitchTagProcessor
[THYMELEAF]             * [* {th:case}] [275]: org.thymeleaf.standard.processor.StandardCaseTagProcessor
[THYMELEAF]             * [* {th:if}] [300]: org.thymeleaf.standard.processor.StandardIfTagProcessor
[THYMELEAF]             * [* {th:unless}] [400]: org.thymeleaf.standard.processor.StandardUnlessTagProcessor
[THYMELEAF]             * [* {th:object}] [500]: org.thymeleaf.standard.processor.StandardObjectTagProcessor
[THYMELEAF]             * [* {th:with}] [600]: com.intuit.karate.template.KarateWithTagProcessor
[THYMELEAF]             * [* {th:inline}] [1000]: org.thymeleaf.standard.processor.StandardInlineTextualTagProcessor
[THYMELEAF]             * [* {th:text}] [1300]: org.thymeleaf.standard.processor.StandardTextTagProcessor
[THYMELEAF]             * [* {th:utext}] [1400]: org.thymeleaf.standard.processor.StandardUtextTagProcessor
[THYMELEAF]             * [* {th:assert}] [1550]: org.thymeleaf.standard.processor.StandardAssertTagProcessor
[THYMELEAF]             * [* {th:remove}] [1600]: org.thymeleaf.standard.processor.StandardRemoveTagProcessor
[THYMELEAF]             * [{th:block} *] [100000]: org.thymeleaf.standard.processor.StandardBlockTagProcessor
[THYMELEAF]             * [* 100000] [org.thymeleaf.standard.processor.StandardBlockTagProcessor]: {}
[THYMELEAF]         * Text Processors by [precedence]:
[THYMELEAF]             * [1000]: org.thymeleaf.standard.processor.StandardInliningTextProcessor
[THYMELEAF]     * Processors for Template Mode: JAVASCRIPT
[THYMELEAF]         * Element Tag Processors by [matching element and attribute name] [precedence]:
[THYMELEAF]             * [* {th:insert}] [100]: org.thymeleaf.standard.processor.StandardInsertTagProcessor
[THYMELEAF]             * [* {th:replace}] [100]: org.thymeleaf.standard.processor.StandardReplaceTagProcessor
[THYMELEAF]             * [* {th:each}] [200]: com.intuit.karate.template.KarateEachTagProcessor
[THYMELEAF]             * [* {th:switch}] [250]: org.thymeleaf.standard.processor.StandardSwitchTagProcessor
[THYMELEAF]             * [* {th:case}] [275]: org.thymeleaf.standard.processor.StandardCaseTagProcessor
[THYMELEAF]             * [* {th:if}] [300]: org.thymeleaf.standard.processor.StandardIfTagProcessor
[THYMELEAF]             * [* {th:unless}] [400]: org.thymeleaf.standard.processor.StandardUnlessTagProcessor
[THYMELEAF]             * [* {th:object}] [500]: org.thymeleaf.standard.processor.StandardObjectTagProcessor
[THYMELEAF]             * [* {th:with}] [600]: com.intuit.karate.template.KarateWithTagProcessor
[THYMELEAF]             * [* {th:inline}] [1000]: org.thymeleaf.standard.processor.StandardInlineTextualTagProcessor
[THYMELEAF]             * [* {th:text}] [1300]: org.thymeleaf.standard.processor.StandardTextTagProcessor
[THYMELEAF]             * [* {th:utext}] [1400]: org.thymeleaf.standard.processor.StandardUtextTagProcessor
[THYMELEAF]             * [* {th:assert}] [1550]: org.thymeleaf.standard.processor.StandardAssertTagProcessor
[THYMELEAF]             * [* {th:remove}] [1600]: org.thymeleaf.standard.processor.StandardRemoveTagProcessor
[THYMELEAF]             * [{th:block} *] [100000]: org.thymeleaf.standard.processor.StandardBlockTagProcessor
[THYMELEAF]             * [* 100000] [org.thymeleaf.standard.processor.StandardBlockTagProcessor]: {}
[THYMELEAF]         * Text Processors by [precedence]:
[THYMELEAF]             * [1000]: org.thymeleaf.standard.processor.StandardInliningTextProcessor
[THYMELEAF]     * Processors for Template Mode: CSS
[THYMELEAF]         * Element Tag Processors by [matching element and attribute name] [precedence]:
[THYMELEAF]             * [* {th:insert}] [100]: org.thymeleaf.standard.processor.StandardInsertTagProcessor
[THYMELEAF]             * [* {th:replace}] [100]: org.thymeleaf.standard.processor.StandardReplaceTagProcessor
[THYMELEAF]             * [* {th:each}] [200]: com.intuit.karate.template.KarateEachTagProcessor
[THYMELEAF]             * [* {th:switch}] [250]: org.thymeleaf.standard.processor.StandardSwitchTagProcessor
[THYMELEAF]             * [* {th:case}] [275]: org.thymeleaf.standard.processor.StandardCaseTagProcessor
[THYMELEAF]             * [* {th:if}] [300]: org.thymeleaf.standard.processor.StandardIfTagProcessor
[THYMELEAF]             * [* {th:unless}] [400]: org.thymeleaf.standard.processor.StandardUnlessTagProcessor
[THYMELEAF]             * [* {th:object}] [500]: org.thymeleaf.standard.processor.StandardObjectTagProcessor
[THYMELEAF]             * [* {th:with}] [600]: com.intuit.karate.template.KarateWithTagProcessor
[THYMELEAF]             * [* {th:inline}] [1000]: org.thymeleaf.standard.processor.StandardInlineTextualTagProcessor
[THYMELEAF]             * [* {th:text}] [1300]: org.thymeleaf.standard.processor.StandardTextTagProcessor
[THYMELEAF]             * [* {th:utext}] [1400]: org.thymeleaf.standard.processor.StandardUtextTagProcessor
[THYMELEAF]             * [* {th:assert}] [1550]: org.thymeleaf.standard.processor.StandardAssertTagProcessor
[THYMELEAF]             * [* {th:remove}] [1600]: org.thymeleaf.standard.processor.StandardRemoveTagProcessor
[THYMELEAF]             * [* 100000] [org.thymeleaf.standard.processor.StandardBlockTagProcessor]: {}
[THYMELEAF]             * [{th:block} *] [100000]: org.thymeleaf.standard.processor.StandardBlockTagProcessor
[THYMELEAF]         * Text Processors by [precedence]:
[THYMELEAF]             * [1000]: org.thymeleaf.standard.processor.StandardInliningTextProcessor
[THYMELEAF]     * Expression Objects:
[THYMELEAF]         * #ctx
[THYMELEAF]         * #root
[THYMELEAF]         * #vars
[THYMELEAF]         * #object
[THYMELEAF]         * #locale
[THYMELEAF]         * #conversions
[THYMELEAF]         * #uris
[THYMELEAF]         * #temporals
[THYMELEAF]         * #calendars
[THYMELEAF]         * #dates
[THYMELEAF]         * #bools
[THYMELEAF]         * #numbers
[THYMELEAF]         * #objects
[THYMELEAF]         * #strings
[THYMELEAF]         * #arrays
[THYMELEAF]         * #lists
[THYMELEAF]         * #sets
[THYMELEAF]         * #maps
[THYMELEAF]         * #aggregates
[THYMELEAF]         * #messages
[THYMELEAF]         * #ids
[THYMELEAF]         * #execInfo
[THYMELEAF]         * #request
[THYMELEAF]         * #response
[THYMELEAF]         * #session
[THYMELEAF]         * #servletContext
[THYMELEAF]     * Execution Attributes:
[THYMELEAF]         * "StandardExpressionParser": com.intuit.karate.template.KarateStandardDialect@67ef029
[THYMELEAF]         * "StandardJavaScriptSerializer": org.thymeleaf.standard.serializer.StandardJavaScriptSerializer@1f2d2181
[THYMELEAF]         * "StandardCSSSerializer": org.thymeleaf.standard.serializer.StandardCSSSerializer@49bf29c6
[THYMELEAF]         * "StandardVariableExpressionEvaluator": com.intuit.karate.template.KarateStandardDialect@67ef029
[THYMELEAF]         * "StandardConversionService": org.thymeleaf.standard.expression.StandardConversionService@7ee55e70
[THYMELEAF] * Dialect [2 of 2]: karate (com.intuit.karate.template.KarateScriptDialect)
[THYMELEAF]     * Prefix: "ka"
[THYMELEAF]     * Processors for Template Mode: HTML
[THYMELEAF]         * Element Tag Processors by [matching element and attribute name] [precedence]:
[THYMELEAF]             * [* {src}] [1000]: com.intuit.karate.template.KaScriptAttrProcessor
[THYMELEAF]         * Element Model Processors by [matching element and attribute name] [precedence]:
[THYMELEAF]             * [{script} {ka:scope,data-ka-scope}] [1000]: com.intuit.karate.template.KaScriptElemProcessor
[THYMELEAF]             * [* {ka:set,data-ka-set}] [1000]: com.intuit.karate.template.KaSetElemProcessor
[THYMELEAF] TEMPLATE ENGINE CONFIGURED OK
16:18:58.823 [main] DEBUG org.thymeleaf.TemplateEngine -- [THYMELEAF] TEMPLATE ENGINE INITIALIZED
16:18:58.850 [main] DEBUG org.thymeleaf.TemplateEngine -- [THYMELEAF] INITIALIZING TEMPLATE ENGINE
16:18:58.874 [main] DEBUG org.thymeleaf.TemplateEngine.CONFIG -- Initializing Thymeleaf Template engine configuration...
[THYMELEAF] TEMPLATE ENGINE CONFIGURATION:
[THYMELEAF] * Thymeleaf version: 3.1.2.RELEASE (built 2023-07-30T19:25:50+0000)
[THYMELEAF] * Cache Manager implementation: org.thymeleaf.cache.StandardCacheManager
[THYMELEAF] * Template resolvers:
[THYMELEAF]     * [1] com.intuit.karate.template.ResourceHtmlTemplateResolver
[THYMELEAF] * Message resolvers:
[THYMELEAF]     * org.thymeleaf.messageresolver.StandardMessageResolver
[THYMELEAF] * Link builders:
[THYMELEAF]     * org.thymeleaf.linkbuilder.StandardLinkBuilder
[THYMELEAF] * Dialect [1 of 2]: Standard (com.intuit.karate.template.KarateStandardDialect)
[THYMELEAF]     * Prefix: "th"
[THYMELEAF]     * Processors for Template Mode: HTML
[THYMELEAF]         * Element Tag Processors by [matching element and attribute name] [precedence]:
[THYMELEAF]             * [* {th:include,data-th-include}] [100]: org.thymeleaf.standard.processor.StandardIncludeTagProcessor
[THYMELEAF]             * [* {th:insert,data-th-insert}] [100]: org.thymeleaf.standard.processor.StandardInsertTagProcessor
[THYMELEAF]             * [* {th:replace,data-th-replace}] [100]: org.thymeleaf.standard.processor.StandardReplaceTagProcessor
[THYMELEAF]             * [* {th:each,data-th-each}] [200]: com.intuit.karate.template.KarateEachTagProcessor
[THYMELEAF]             * [* {th:switch,data-th-switch}] [250]: org.thymeleaf.standard.processor.StandardSwitchTagProcessor
[THYMELEAF]             * [* {th:case,data-th-case}] [275]: org.thymeleaf.standard.processor.StandardCaseTagProcessor
[THYMELEAF]             * [* {th:if,data-th-if}] [300]: org.thymeleaf.standard.processor.StandardIfTagProcessor
[THYMELEAF]             * [* {th:unless,data-th-unless}] [400]: org.thymeleaf.standard.processor.StandardUnlessTagProcessor
[THYMELEAF]             * [* {th:object,data-th-object}] [500]: org.thymeleaf.standard.processor.StandardObjectTagProcessor
[THYMELEAF]             * [* {th:with,data-th-with}] [600]: com.intuit.karate.template.KarateWithTagProcessor
[THYMELEAF]             * [* {th:attr,data-th-attr}] [700]: com.intuit.karate.template.KarateAttributeTagProcessor.KarateAttrTagProcessor
[THYMELEAF]             * [* {th:attrappend,data-th-attrappend}] [900]: com.intuit.karate.template.KarateAttributeTagProcessor.KarateAttrappendTagProcessor
[THYMELEAF]             * [* {th:attrprepend,data-th-attrprepend}] [900]: com.intuit.karate.template.KarateAttributeTagProcessor.KarateAttrprependTagProcessor
[THYMELEAF]             * [* {th:alt-title,data-th-alt-title}] [990]: org.thymeleaf.standard.processor.StandardAltTitleTagProcessor
[THYMELEAF]             * [* {th:lang-xmllang,data-th-lang-xmllang}] [990]: org.thymeleaf.standard.processor.StandardLangXmlLangTagProcessor
[THYMELEAF]             * [* {th:action,data-th-action}] [1000]: org.thymeleaf.standard.processor.StandardActionTagProcessor
[THYMELEAF]             * [* {th:autoplay,data-th-autoplay}] [1000]: org.thymeleaf.standard.processor.StandardConditionalFixedValueTagProcessor
[THYMELEAF]             * [* {th:readonly,data-th-readonly}] [1000]: org.thymeleaf.standard.processor.StandardConditionalFixedValueTagProcessor
[THYMELEAF]             * [* {th:ismap,data-th-ismap}] [1000]: org.thymeleaf.standard.processor.StandardConditionalFixedValueTagProcessor
[THYMELEAF]             * [* {th:declare,data-th-declare}] [1000]: org.thymeleaf.standard.processor.StandardConditionalFixedValueTagProcessor
[THYMELEAF]             * [* {th:pubdate,data-th-pubdate}] [1000]: org.thymeleaf.standard.processor.StandardConditionalFixedValueTagProcessor
[THYMELEAF]             * [* {th:formnovalidate,data-th-formnovalidate}] [1000]: org.thymeleaf.standard.processor.StandardConditionalFixedValueTagProcessor
[THYMELEAF]             * [* {th:reversed,data-th-reversed}] [1000]: org.thymeleaf.standard.processor.StandardConditionalFixedValueTagProcessor
[THYMELEAF]             * [* {th:seamless,data-th-seamless}] [1000]: org.thymeleaf.standard.processor.StandardConditionalFixedValueTagProcessor
[THYMELEAF]             * [* {th:loop,data-th-loop}] [1000]: org.thymeleaf.standard.processor.StandardConditionalFixedValueTagProcessor
[THYMELEAF]             * [* {th:required,data-th-required}] [1000]: org.thymeleaf.standard.processor.StandardConditionalFixedValueTagProcessor
[THYMELEAF]             * [* {th:default,data-th-default}] [1000]: org.thymeleaf.standard.processor.StandardConditionalFixedValueTagProcessor
[THYMELEAF]             * [* {th:multiple,data-th-multiple}] [1000]: org.thymeleaf.standard.processor.StandardConditionalFixedValueTagProcessor
[THYMELEAF]             * [* {th:disabled,data-th-disabled}] [1000]: org.thymeleaf.standard.processor.StandardConditionalFixedValueTagProcessor
[THYMELEAF]             * [* {th:selected,data-th-selected}] [1000]: org.thymeleaf.standard.processor.StandardConditionalFixedValueTagProcessor
[THYMELEAF]             * [* {th:controls,data-th-controls}] [1000]: org.thymeleaf.standard.processor.StandardConditionalFixedValueTagProcessor
[THYMELEAF]             * [* {th:autofocus,data-th-autofocus}] [1000]: org.thymeleaf.standard.processor.StandardConditionalFixedValueTagProcessor
[THYMELEAF]             * [* {th:hidden,data-th-hidden}] [1000]: org.thymeleaf.standard.processor.StandardConditionalFixedValueTagProcessor
[THYMELEAF]             * [* {th:scoped,data-th-scoped}] [1000]: org.thymeleaf.standard.processor.StandardConditionalFixedValueTagProcessor
[THYMELEAF]             * [* {th:open,data-th-open}] [1000]: org.thymeleaf.standard.processor.StandardConditionalFixedValueTagProcessor
[THYMELEAF]             * [* {th:defer,data-th-defer}] [1000]: org.thymeleaf.standard.processor.StandardConditionalFixedValueTagProcessor
[THYMELEAF]             * [* {th:novalidate,data-th-novalidate}] [1000]: org.thymeleaf.standard.processor.StandardConditionalFixedValueTagProcessor
[THYMELEAF]             * [* {th:nowrap,data-th-nowrap}] [1000]: org.thymeleaf.standard.processor.StandardConditionalFixedValueTagProcessor
[THYMELEAF]             * [* {th:checked,data-th-checked}] [1000]: org.thymeleaf.standard.processor.StandardConditionalFixedValueTagProcessor
[THYMELEAF]             * [* {th:async,data-th-async}] [1000]: org.thymeleaf.standard.processor.StandardConditionalFixedValueTagProcessor
[THYMELEAF]             * [* {th:onerror,data-th-onerror}] [1000]: org.thymeleaf.standard.processor.StandardDOMEventAttributeTagProcessor
[THYMELEAF]             * [* {th:onplay,data-th-onplay}] [1000]: org.thymeleaf.standard.processor.StandardDOMEventAttributeTagProcessor
[THYMELEAF]             * [* {th:onshow,data-th-onshow}] [1000]: org.thymeleaf.standard.processor.StandardDOMEventAttributeTagProcessor
[THYMELEAF]             * [* {th:onmousemove,data-th-onmousemove}] [1000]: org.thymeleaf.standard.processor.StandardDOMEventAttributeTagProcessor
[THYMELEAF]             * [* {th:onhashchange,data-th-onhashchange}] [1000]: org.thymeleaf.standard.processor.StandardDOMEventAttributeTagProcessor
[THYMELEAF]             * [* {th:onchange,data-th-onchange}] [1000]: org.thymeleaf.standard.processor.StandardDOMEventAttributeTagProcessor
[THYMELEAF]             * [* {th:onforminput,data-th-onforminput}] [1000]: org.thymeleaf.standard.processor.StandardDOMEventAttributeTagProcessor
[THYMELEAF]             * [* {th:onmousewheel,data-th-onmousewheel}] [1000]: org.thymeleaf.standard.processor.StandardDOMEventAttributeTagProcessor
[THYMELEAF]             * [* {th:onseeked,data-th-onseeked}] [1000]: org.thymeleaf.standard.processor.StandardDOMEventAttributeTagProcessor
[THYMELEAF]             * [* {th:ondblclick,data-th-ondblclick}] [1000]: org.thymeleaf.standard.processor.StandardDOMEventAttributeTagProcessor
[THYMELEAF]             * [* {th:onstorage,data-th-onstorage}] [1000]: org.thymeleaf.standard.processor.StandardDOMEventAttributeTagProcessor
[THYMELEAF]             * [* {th:oncanplaythrough,data-th-oncanplaythrough}] [1000]: org.thymeleaf.standard.processor.StandardDOMEventAttributeTagProcessor
[THYMELEAF]             * [* {th:ondragend,data-th-ondragend}] [1000]: org.thymeleaf.standard.processor.StandardDOMEventAttributeTagProcessor
[THYMELEAF]             * [* {th:ondragleave,data-th-ondragleave}] [1000]: org.thymeleaf.standard.processor.StandardDOMEventAttributeTagProcessor
[THYMELEAF]             * [* {th:onprogress,data-th-onprogress}] [1000]: org.thymeleaf.standard.processor.StandardDOMEventAttributeTagProcessor
[THYMELEAF]             * [* {th:onabort,data-th-onabort}] [1000]: org.thymeleaf.standard.processor.StandardDOMEventAttributeTagProcessor
[THYMELEAF]             * [* {th:onunload,data-th-onunload}] [1000]: org.thymeleaf.standard.processor.StandardDOMEventAttributeTagProcessor
[THYMELEAF]             * [* {th:onkeydown,data-th-onkeydown}] [1000]: org.thymeleaf.standard.processor.StandardDOMEventAttributeTagProcessor
[THYMELEAF]             * [* {th:onscroll,data-th-onscroll}] [1000]: org.thymeleaf.standard.processor.StandardDOMEventAttributeTagProcessor
[THYMELEAF]             * [* {th:onplaying,data-th-onplaying}] [1000]: org.thymeleaf.standard.processor.StandardDOMEventAttributeTagProcessor
[THYMELEAF]             * [* {th:onafterprint,data-th-onafterprint}] [1000]: org.thymeleaf.standard.processor.StandardDOMEventAttributeTagProcessor
[THYMELEAF]             * [* {th:oninvalid,data-th-oninvalid}] [1000]: org.thymeleaf.standard.processor.StandardDOMEventAttributeTagProcessor
[THYMELEAF]             * [* {th:onsubmit,data-th-onsubmit}] [1000]: org.thymeleaf.standard.processor.StandardDOMEventAttributeTagProcessor
[THYMELEAF]             * [* {th:ondragover,data-th-ondragover}] [1000]: org.thymeleaf.standard.processor.StandardDOMEventAttributeTagProcessor
[THYMELEAF]             * [* {th:onkeyup,data-th-onkeyup}] [1000]: org.thymeleaf.standard.processor.StandardDOMEventAttributeTagProcessor
[THYMELEAF]             * [* {th:onpause,data-th-onpause}] [1000]: org.thymeleaf.standard.processor.StandardDOMEventAttributeTagProcessor
[THYMELEAF]             * [* {th:onloadedmetadata,data-th-onloadedmetadata}] [1000]: org.thymeleaf.standard.processor.StandardDOMEventAttributeTagProcessor
[THYMELEAF]             * [* {th:ondrop,data-th-ondrop}] [1000]: org.thymeleaf.standard.processor.StandardDOMEventAttributeTagProcessor
[THYMELEAF]             * [* {th:onstalled,data-th-onstalled}] [1000]: org.thymeleaf.standard.processor.StandardDOMEventAttributeTagProcessor
[THYMELEAF]             * [* {th:onformchange,data-th-onformchange}] [1000]: org.thymeleaf.standard.processor.StandardDOMEventAttributeTagProcessor
[THYMELEAF]             * [* {th:ondragenter,data-th-ondragenter}] [1000]: org.thymeleaf.standard.processor.StandardDOMEventAttributeTagProcessor
[THYMELEAF]             * [* {th:onbeforeunload,data-th-onbeforeunload}] [1000]: org.thymeleaf.standard.processor.StandardDOMEventAttributeTagProcessor
[THYMELEAF]             * [* {th:onratechange,data-th-onratechange}] [1000]: org.thymeleaf.standard.processor.StandardDOMEventAttributeTagProcessor
[THYMELEAF]             * [* {th:onmousedown,data-th-onmousedown}] [1000]: org.thymeleaf.standard.processor.StandardDOMEventAttributeTagProcessor
[THYMELEAF]             * [* {th:onloadstart,data-th-onloadstart}] [1000]: org.thymeleaf.standard.processor.StandardDOMEventAttributeTagProcessor
[THYMELEAF]             * [* {th:onpopstate,data-th-onpopstate}] [1000]: org.thymeleaf.standard.processor.StandardDOMEventAttributeTagProcessor
[THYMELEAF]             * [* {th:oncontextmenu,data-th-oncontextmenu}] [1000]: org.thymeleaf.standard.processor.StandardDOMEventAttributeTagProcessor
[THYMELEAF]             * [* {th:onseeking,data-th-onseeking}] [1000]: org.thymeleaf.standard.processor.StandardDOMEventAttributeTagProcessor
[THYMELEAF]             * [* {th:ontimeupdate,data-th-ontimeupdate}] [1000]: org.thymeleaf.standard.processor.StandardDOMEventAttributeTagProcessor
[THYMELEAF]             * [* {th:ondragstart,data-th-ondragstart}] [1000]: org.thymeleaf.standard.processor.StandardDOMEventAttributeTagProcessor
[THYMELEAF]             * [* {th:oncanplay,data-th-oncanplay}] [1000]: org.thymeleaf.standard.processor.StandardDOMEventAttributeTagProcessor
[THYMELEAF]             * [* {th:onwaiting,data-th-onwaiting}] [1000]: org.thymeleaf.standard.processor.StandardDOMEventAttributeTagProcessor
[THYMELEAF]             * [* {th:onredo,data-th-onredo}] [1000]: org.thymeleaf.standard.processor.StandardDOMEventAttributeTagProcessor
[THYMELEAF]             * [* {th:onsuspend,data-th-onsuspend}] [1000]: org.thymeleaf.standard.processor.StandardDOMEventAttributeTagProcessor
[THYMELEAF]             * [* {th:onmouseover,data-th-onmouseover}] [1000]: org.thymeleaf.standard.processor.StandardDOMEventAttributeTagProcessor
[THYMELEAF]             * [* {th:onended,data-th-onended}] [1000]: org.thymeleaf.standard.processor.StandardDOMEventAttributeTagProcessor
[THYMELEAF]             * [* {th:onfocus,data-th-onfocus}] [1000]: org.thymeleaf.standard.processor.StandardDOMEventAttributeTagProcessor
[THYMELEAF]             * [* {th:onmessage,data-th-onmessage}] [1000]: org.thymeleaf.standard.processor.StandardDOMEventAttributeTagProcessor
[THYMELEAF]             * [* {th:onbeforeprint,data-th-onbeforeprint}] [1000]: org.thymeleaf.standard.processor.StandardDOMEventAttributeTagProcessor
[THYMELEAF]             * [* {th:onreset,data-th-onreset}] [1000]: org.thymeleaf.standard.processor.StandardDOMEventAttributeTagProcessor
[THYMELEAF]             * [* {th:onmouseout,data-th-onmouseout}] [1000]: org.thymeleaf.standard.processor.StandardDOMEventAttributeTagProcessor
[THYMELEAF]             * [* {th:ononline,data-th-ononline}] [1000]: org.thymeleaf.standard.processor.StandardDOMEventAttributeTagProcessor
[THYMELEAF]             * [* {th:onkeypress,data-th-onkeypress}] [1000]: org.thymeleaf.standard.processor.StandardDOMEventAttributeTagProcessor
[THYMELEAF]             * [* {th:onmouseup,data-th-onmouseup}] [1000]: org.thymeleaf.standard.processor.StandardDOMEventAttributeTagProcessor
[THYMELEAF]             * [* {th:oninput,data-th-oninput}] [1000]: org.thymeleaf.standard.processor.StandardDOMEventAttributeTagProcessor
[THYMELEAF]             * [* {th:onvolumechange,data-th-onvolumechange}] [1000]: org.thymeleaf.standard.processor.StandardDOMEventAttributeTagProcessor
[THYMELEAF]             * [* {th:onblur,data-th-onblur}] [1000]: org.thymeleaf.standard.processor.StandardDOMEventAttributeTagProcessor
[THYMELEAF]             * [* {th:onloadeddata,data-th-onloadeddata}] [1000]: org.thymeleaf.standard.processor.StandardDOMEventAttributeTagProcessor
[THYMELEAF]             * [* {th:onclick,data-th-onclick}] [1000]: org.thymeleaf.standard.processor.StandardDOMEventAttributeTagProcessor
[THYMELEAF]             * [* {th:ondrag,data-th-ondrag}] [1000]: org.thymeleaf.standard.processor.StandardDOMEventAttributeTagProcessor
[THYMELEAF]             * [* {th:onreadystatechange,data-th-onreadystatechange}] [1000]: org.thymeleaf.standard.processor.StandardDOMEventAttributeTagProcessor
[THYMELEAF]             * [* {th:onselect,data-th-onselect}] [1000]: org.thymeleaf.standard.processor.StandardDOMEventAttributeTagProcessor
[THYMELEAF]             * [* {th:onundo,data-th-onundo}] [1000]: org.thymeleaf.standard.processor.StandardDOMEventAttributeTagProcessor
[THYMELEAF]             * [* {th:ondurationchange,data-th-ondurationchange}] [1000]: org.thymeleaf.standard.processor.StandardDOMEventAttributeTagProcessor
[THYMELEAF]             * [* {th:onemptied,data-th-onemptied}] [1000]: org.thymeleaf.standard.processor.StandardDOMEventAttributeTagProcessor
[THYMELEAF]             * [* {th:onload,data-th-onload}] [1000]: org.thymeleaf.standard.processor.StandardDOMEventAttributeTagProcessor
[THYMELEAF]             * [* {th:onresize,data-th-onresize}] [1000]: org.thymeleaf.standard.processor.StandardDOMEventAttributeTagProcessor
[THYMELEAF]             * [* {th:onoffline,data-th-onoffline}] [1000]: org.thymeleaf.standard.processor.StandardDOMEventAttributeTagProcessor
[THYMELEAF]             * [* {th:href,data-th-href}] [1000]: org.thymeleaf.standard.processor.StandardHrefTagProcessor
[THYMELEAF]             * [* {th:inline,data-th-inline}] [1000]: org.thymeleaf.standard.processor.StandardInlineHTMLTagProcessor
[THYMELEAF]             * [* {th:method,data-th-method}] [1000]: org.thymeleaf.standard.processor.StandardMethodTagProcessor
[THYMELEAF]             * [* {th:name,data-th-name}] [1000]: org.thymeleaf.standard.processor.StandardNonRemovableAttributeTagProcessor
[THYMELEAF]             * [* {th:type,data-th-type}] [1000]: org.thymeleaf.standard.processor.StandardNonRemovableAttributeTagProcessor
[THYMELEAF]             * [* {th:formaction,data-th-formaction}] [1000]: org.thymeleaf.standard.processor.StandardRemovableAttributeTagProcessor
[THYMELEAF]             * [* {th:start,data-th-start}] [1000]: org.thymeleaf.standard.processor.StandardRemovableAttributeTagProcessor
[THYMELEAF]             * [* {th:low,data-th-low}] [1000]: org.thymeleaf.standard.processor.StandardRemovableAttributeTagProcessor
[THYMELEAF]             * [* {th:high,data-th-high}] [1000]: org.thymeleaf.standard.processor.StandardRemovableAttributeTagProcessor
[THYMELEAF]             * [* {th:formmethod,data-th-formmethod}] [1000]: org.thymeleaf.standard.processor.StandardRemovableAttributeTagProcessor
[THYMELEAF]             * [* {th:maxlength,data-th-maxlength}] [1000]: org.thymeleaf.standard.processor.StandardRemovableAttributeTagProcessor
[THYMELEAF]             * [* {th:usemap,data-th-usemap}] [1000]: org.thymeleaf.standard.processor.StandardRemovableAttributeTagProcessor
[THYMELEAF]             * [* {th:longdesc,data-th-longdesc}] [1000]: org.thymeleaf.standard.processor.StandardRemovableAttributeTagProcessor
[THYMELEAF]             * [* {th:kind,data-th-kind}] [1000]: org.thymeleaf.standard.processor.StandardRemovableAttributeTagProcessor
[THYMELEAF]             * [* {th:border,data-th-border}] [1000]: org.thymeleaf.standard.processor.StandardRemovableAttributeTagProcessor
[THYMELEAF]             * [* {th:scrolling,data-th-scrolling}] [1000]: org.thymeleaf.standard.processor.StandardRemovableAttributeTagProcessor
[THYMELEAF]             * [* {th:enctype,data-th-enctype}] [1000]: org.thymeleaf.standard.processor.StandardRemovableAttributeTagProcessor
[THYMELEAF]             * [* {th:style,data-th-style}] [1000]: org.thymeleaf.standard.processor.StandardRemovableAttributeTagProcessor
[THYMELEAF]             * [* {th:icon,data-th-icon}] [1000]: org.thymeleaf.standard.processor.StandardRemovableAttributeTagProcessor
[THYMELEAF]             * [* {th:hspace,data-th-hspace}] [1000]: org.thymeleaf.standard.processor.StandardRemovableAttributeTagProcessor
[THYMELEAF]             * [* {th:label,data-th-label}] [1000]: org.thymeleaf.standard.processor.StandardRemovableAttributeTagProcessor
[THYMELEAF]             * [* {th:standby,data-th-standby}] [1000]: org.thymeleaf.standard.processor.StandardRemovableAttributeTagProcessor
[THYMELEAF]             * [* {th:accept-charset,data-th-accept-charset}] [1000]: org.thymeleaf.standard.processor.StandardRemovableAttributeTagProcessor
[THYMELEAF]             * [* {th:colspan,data-th-colspan}] [1000]: org.thymeleaf.standard.processor.StandardRemovableAttributeTagProcessor
[THYMELEAF]             * [* {th:form,data-th-form}] [1000]: org.thymeleaf.standard.processor.StandardRemovableAttributeTagProcessor
[THYMELEAF]             * [* {th:cellspacing,data-th-cellspacing}] [1000]: org.thymeleaf.standard.processor.StandardRemovableAttributeTagProcessor
[THYMELEAF]             * [* {th:valuetype,data-th-valuetype}] [1000]: org.thymeleaf.standard.processor.StandardRemovableAttributeTagProcessor
[THYMELEAF]             * [* {th:data,data-th-data}] [1000]: org.thymeleaf.standard.processor.StandardRemovableAttributeTagProcessor
[THYMELEAF]             * [* {th:axis,data-th-axis}] [1000]: org.thymeleaf.standard.processor.StandardRemovableAttributeTagProcessor
[THYMELEAF]             * [* {th:audio,data-th-audio}] [1000]: org.thymeleaf.standard.processor.StandardRemovableAttributeTagProcessor
[THYMELEAF]             * [* {th:target,data-th-target}] [1000]: org.thymeleaf.standard.processor.StandardRemovableAttributeTagProcessor
[THYMELEAF]             * [* {th:accesskey,data-th-accesskey}] [1000]: org.thymeleaf.standard.processor.StandardRemovableAttributeTagProcessor
[THYMELEAF]             * [* {th:width,data-th-width}] [1000]: org.thymeleaf.standard.processor.StandardRemovableAttributeTagProcessor
[THYMELEAF]             * [* {th:media,data-th-media}] [1000]: org.thymeleaf.standard.processor.StandardRemovableAttributeTagProcessor
[THYMELEAF]             * [* {th:scope,data-th-scope}] [1000]: org.thymeleaf.standard.processor.StandardRemovableAttributeTagProcessor
[THYMELEAF]             * [* {th:max,data-th-max}] [1000]: org.thymeleaf.standard.processor.StandardRemovableAttributeTagProcessor
[THYMELEAF]             * [* {th:rows,data-th-rows}] [1000]: org.thymeleaf.standard.processor.StandardRemovableAttributeTagProcessor
[THYMELEAF]             * [* {th:min,data-th-min}] [1000]: org.thymeleaf.standard.processor.StandardRemovableAttributeTagProcessor
[THYMELEAF]             * [* {th:lang,data-th-lang}] [1000]: org.thymeleaf.standard.processor.StandardRemovableAttributeTagProcessor
[THYMELEAF]             * [* {th:preload,data-th-preload}] [1000]: org.thymeleaf.standard.processor.StandardRemovableAttributeTagProcessor
[THYMELEAF]             * [* {th:scheme,data-th-scheme}] [1000]: org.thymeleaf.standard.processor.StandardRemovableAttributeTagProcessor
[THYMELEAF]             * [* {th:codetype,data-th-codetype}] [1000]: org.thymeleaf.standard.processor.StandardRemovableAttributeTagProcessor
[THYMELEAF]             * [* {th:placeholder,data-th-placeholder}] [1000]: org.thymeleaf.standard.processor.StandardRemovableAttributeTagProcessor
[THYMELEAF]             * [* {th:accept,data-th-accept}] [1000]: org.thymeleaf.standard.processor.StandardRemovableAttributeTagProcessor
[THYMELEAF]             * [* {th:autocomplete,data-th-autocomplete}] [1000]: org.thymeleaf.standard.processor.StandardRemovableAttributeTagProcessor
[THYMELEAF]             * [* {th:span,data-th-span}] [1000]: org.thymeleaf.standard.processor.StandardRemovableAttributeTagProcessor
[THYMELEAF]             * [* {th:align,data-th-align}] [1000]: org.thymeleaf.standard.processor.StandardRemovableAttributeTagProcessor
[THYMELEAF]             * [* {th:classid,data-th-classid}] [1000]: org.thymeleaf.standard.processor.StandardRemovableAttributeTagProcessor
[THYMELEAF]             * [* {th:rel,data-th-rel}] [1000]: org.thymeleaf.standard.processor.StandardRemovableAttributeTagProcessor
[THYMELEAF]             * [* {th:contextmenu,data-th-contextmenu}] [1000]: org.thymeleaf.standard.processor.StandardRemovableAttributeTagProcessor
[THYMELEAF]             * [* {th:summary,data-th-summary}] [1000]: org.thymeleaf.standard.processor.StandardRemovableAttributeTagProcessor
[THYMELEAF]             * [* {th:height,data-th-height}] [1000]: org.thymeleaf.standard.processor.StandardRemovableAttributeTagProcessor
[THYMELEAF]             * [* {th:keytype,data-th-keytype}] [1000]: org.thymeleaf.standard.processor.StandardRemovableAttributeTagProcessor
[THYMELEAF]             * [* {th:frameborder,data-th-frameborder}] [1000]: org.thymeleaf.standard.processor.StandardRemovableAttributeTagProcessor
[THYMELEAF]             * [* {th:marginheight,data-th-marginheight}] [1000]: org.thymeleaf.standard.processor.StandardRemovableAttributeTagProcessor
[THYMELEAF]             * [* {th:spellcheck,data-th-spellcheck}] [1000]: org.thymeleaf.standard.processor.StandardRemovableAttributeTagProcessor
[THYMELEAF]             * [* {th:sandbox,data-th-sandbox}] [1000]: org.thymeleaf.standard.processor.StandardRemovableAttributeTagProcessor
[THYMELEAF]             * [* {th:sizes,data-th-sizes}] [1000]: org.thymeleaf.standard.processor.StandardRemovableAttributeTagProcessor
[THYMELEAF]             * [* {th:cite,data-th-cite}] [1000]: org.thymeleaf.standard.processor.StandardRemovableAttributeTagProcessor
[THYMELEAF]             * [* {th:rowspan,data-th-rowspan}] [1000]: org.thymeleaf.standard.processor.StandardRemovableAttributeTagProcessor
[THYMELEAF]             * [* {th:http-equiv,data-th-http-equiv}] [1000]: org.thymeleaf.standard.processor.StandardRemovableAttributeTagProcessor
[THYMELEAF]             * [* {th:archive,data-th-archive}] [1000]: org.thymeleaf.standard.processor.StandardRemovableAttributeTagProcessor
[THYMELEAF]             * [* {th:contenteditable,data-th-contenteditable}] [1000]: org.thymeleaf.standard.processor.StandardRemovableAttributeTagProcessor
[THYMELEAF]             * [* {th:hreflang,data-th-hreflang}] [1000]: org.thymeleaf.standard.processor.StandardRemovableAttributeTagProcessor
[THYMELEAF]             * [* {th:title,data-th-title}] [1000]: org.thymeleaf.standard.processor.StandardRemovableAttributeTagProcessor
[THYMELEAF]             * [* {th:alt,data-th-alt}] [1000]: org.thymeleaf.standard.processor.StandardRemovableAttributeTagProcessor
[THYMELEAF]             * [* {th:wrap,data-th-wrap}] [1000]: org.thymeleaf.standard.processor.StandardRemovableAttributeTagProcessor
[THYMELEAF]             * [* {th:codebase,data-th-codebase}] [1000]: org.thymeleaf.standard.processor.StandardRemovableAttributeTagProcessor
[THYMELEAF]             * [* {th:cols,data-th-cols}] [1000]: org.thymeleaf.standard.processor.StandardRemovableAttributeTagProcessor
[THYMELEAF]             * [* {th:list,data-th-list}] [1000]: org.thymeleaf.standard.processor.StandardRemovableAttributeTagProcessor
[THYMELEAF]             * [* {th:class,data-th-class}] [1000]: org.thymeleaf.standard.processor.StandardRemovableAttributeTagProcessor
[THYMELEAF]             * [* {th:formenctype,data-th-formenctype}] [1000]: org.thymeleaf.standard.processor.StandardRemovableAttributeTagProcessor
[THYMELEAF]             * [* {th:bgcolor,data-th-bgcolor}] [1000]: org.thymeleaf.standard.processor.StandardRemovableAttributeTagProcessor
[THYMELEAF]             * [* {th:draggable,data-th-draggable}] [1000]: org.thymeleaf.standard.processor.StandardRemovableAttributeTagProcessor
[THYMELEAF]             * [* {th:cellpadding,data-th-cellpadding}] [1000]: org.thymeleaf.standard.processor.StandardRemovableAttributeTagProcessor
[THYMELEAF]             * [* {th:abbr,data-th-abbr}] [1000]: org.thymeleaf.standard.processor.StandardRemovableAttributeTagProcessor
[THYMELEAF]             * [* {th:manifest,data-th-manifest}] [1000]: org.thymeleaf.standard.processor.StandardRemovableAttributeTagProcessor
[THYMELEAF]             * [* {th:srclang,data-th-srclang}] [1000]: org.thymeleaf.standard.processor.StandardRemovableAttributeTagProcessor
[THYMELEAF]             * [* {th:step,data-th-step}] [1000]: org.thymeleaf.standard.processor.StandardRemovableAttributeTagProcessor
[THYMELEAF]             * [* {th:tabindex,data-th-tabindex}] [1000]: org.thymeleaf.standard.processor.StandardRemovableAttributeTagProcessor
[THYMELEAF]             * [* {th:background,data-th-background}] [1000]: org.thymeleaf.standard.processor.StandardRemovableAttributeTagProcessor
[THYMELEAF]             * [* {th:dropzone,data-th-dropzone}] [1000]: org.thymeleaf.standard.processor.StandardRemovableAttributeTagProcessor
[THYMELEAF]             * [* {th:radiogroup,data-th-radiogroup}] [1000]: org.thymeleaf.standard.processor.StandardRemovableAttributeTagProcessor
[THYMELEAF]             * [* {th:poster,data-th-poster}] [1000]: org.thymeleaf.standard.processor.StandardRemovableAttributeTagProcessor
[THYMELEAF]             * [* {th:rules,data-th-rules}] [1000]: org.thymeleaf.standard.processor.StandardRemovableAttributeTagProcessor
[THYMELEAF]             * [* {th:content,data-th-content}] [1000]: org.thymeleaf.standard.processor.StandardRemovableAttributeTagProcessor
[THYMELEAF]             * [* {th:headers,data-th-headers}] [1000]: org.thymeleaf.standard.processor.StandardRemovableAttributeTagProcessor
[THYMELEAF]             * [* {th:optimum,data-th-optimum}] [1000]: org.thymeleaf.standard.processor.StandardRemovableAttributeTagProcessor
[THYMELEAF]             * [* {th:vspace,data-th-vspace}] [1000]: org.thymeleaf.standard.processor.StandardRemovableAttributeTagProcessor
[THYMELEAF]             * [* {th:for,data-th-for}] [1000]: org.thymeleaf.standard.processor.StandardRemovableAttributeTagProcessor
[THYMELEAF]             * [* {th:id,data-th-id}] [1000]: org.thymeleaf.standard.processor.StandardRemovableAttributeTagProcessor
[THYMELEAF]             * [* {th:challenge,data-th-challenge}] [1000]: org.thymeleaf.standard.processor.StandardRemovableAttributeTagProcessor
[THYMELEAF]             * [* {th:marginwidth,data-th-marginwidth}] [1000]: org.thymeleaf.standard.processor.StandardRemovableAttributeTagProcessor
[THYMELEAF]             * [* {th:frame,data-th-frame}] [1000]: org.thymeleaf.standard.processor.StandardRemovableAttributeTagProcessor
[THYMELEAF]             * [* {th:pattern,data-th-pattern}] [1000]: org.thymeleaf.standard.processor.StandardRemovableAttributeTagProcessor
[THYMELEAF]             * [* {th:compact,data-th-compact}] [1000]: org.thymeleaf.standard.processor.StandardRemovableAttributeTagProcessor
[THYMELEAF]             * [* {th:rev,data-th-rev}] [1000]: org.thymeleaf.standard.processor.StandardRemovableAttributeTagProcessor
[THYMELEAF]             * [* {th:formtarget,data-th-formtarget}] [1000]: org.thymeleaf.standard.processor.StandardRemovableAttributeTagProcessor
[THYMELEAF]             * [* {th:dir,data-th-dir}] [1000]: org.thymeleaf.standard.processor.StandardRemovableAttributeTagProcessor
[THYMELEAF]             * [* {th:size,data-th-size}] [1000]: org.thymeleaf.standard.processor.StandardRemovableAttributeTagProcessor
[THYMELEAF]             * [* {th:charset,data-th-charset}] [1000]: org.thymeleaf.standard.processor.StandardRemovableAttributeTagProcessor
[THYMELEAF]             * [* {th:datetime,data-th-datetime}] [1000]: org.thymeleaf.standard.processor.StandardRemovableAttributeTagProcessor
[THYMELEAF]             * [* {th:src,data-th-src}] [1000]: org.thymeleaf.standard.processor.StandardSrcTagProcessor
[THYMELEAF]             * [* {th:value,data-th-value}] [1000]: org.thymeleaf.standard.processor.StandardValueTagProcessor
[THYMELEAF]             * [* {th:xmlbase,data-th-xmlbase}] [1000]: org.thymeleaf.standard.processor.StandardXmlBaseTagProcessor
[THYMELEAF]             * [* {th:xmllang,data-th-xmllang}] [1000]: org.thymeleaf.standard.processor.StandardXmlLangTagProcessor
[THYMELEAF]             * [* {xmlns:th}] [1000]: org.thymeleaf.standard.processor.StandardXmlNsTagProcessor
[THYMELEAF]             * [* {th:xmlspace,data-th-xmlspace}] [1000]: org.thymeleaf.standard.processor.StandardXmlSpaceTagProcessor
[THYMELEAF]             * [* {th:classappend,data-th-classappend}] [1100]: org.thymeleaf.standard.processor.StandardClassappendTagProcessor
[THYMELEAF]             * [* {th:styleappend,data-th-styleappend}] [1100]: org.thymeleaf.standard.processor.StandardStyleappendTagProcessor
[THYMELEAF]             * [* {th:text,data-th-text}] [1300]: org.thymeleaf.standard.processor.StandardTextTagProcessor
[THYMELEAF]             * [* {th:utext,data-th-utext}] [1400]: org.thymeleaf.standard.processor.StandardUtextTagProcessor
[THYMELEAF]             * [* {th:fragment,data-th-fragment}] [1500]: org.thymeleaf.standard.processor.StandardFragmentTagProcessor
[THYMELEAF]             * [* {th:assert,data-th-assert}] [1550]: org.thymeleaf.standard.processor.StandardAssertTagProcessor
[THYMELEAF]             * [* {th:remove,data-th-remove}] [1600]: org.thymeleaf.standard.processor.StandardRemoveTagProcessor
[THYMELEAF]             * [* {th:ref,data-th-ref}] [10000]: org.thymeleaf.standard.processor.StandardRefAttributeTagProcessor
[THYMELEAF]             * [{th:block,th-block} *] [100000]: org.thymeleaf.standard.processor.StandardBlockTagProcessor
[THYMELEAF]             * [* th:*] [2147483647]: org.thymeleaf.standard.processor.StandardDefaultAttributesTagProcessor
[THYMELEAF]         * Text Processors by [precedence]:
[THYMELEAF]             * [1000]: org.thymeleaf.standard.processor.StandardInliningTextProcessor
[THYMELEAF]         * DOCTYPE Processors by [precedence]:
[THYMELEAF]             * [1000]: org.thymeleaf.standard.processor.StandardTranslationDocTypeProcessor
[THYMELEAF]         * CDATA Section Processors by [precedence]:
[THYMELEAF]             * [1000]: org.thymeleaf.standard.processor.StandardInliningCDATASectionProcessor
[THYMELEAF]         * Comment Processors by [precedence]:
[THYMELEAF]             * [1000]: org.thymeleaf.standard.processor.StandardInliningCommentProcessor
[THYMELEAF]             * [1100]: org.thymeleaf.standard.processor.StandardConditionalCommentProcessor
[THYMELEAF]     * Processors for Template Mode: XML
[THYMELEAF]         * Element Tag Processors by [matching element and attribute name] [precedence]:
[THYMELEAF]             * [* {th:include}] [100]: org.thymeleaf.standard.processor.StandardIncludeTagProcessor
[THYMELEAF]             * [* {th:insert}] [100]: org.thymeleaf.standard.processor.StandardInsertTagProcessor
[THYMELEAF]             * [* {th:replace}] [100]: org.thymeleaf.standard.processor.StandardReplaceTagProcessor
[THYMELEAF]             * [* {th:each}] [200]: com.intuit.karate.template.KarateEachTagProcessor
[THYMELEAF]             * [* {th:switch}] [250]: org.thymeleaf.standard.processor.StandardSwitchTagProcessor
[THYMELEAF]             * [* {th:case}] [275]: org.thymeleaf.standard.processor.StandardCaseTagProcessor
[THYMELEAF]             * [* {th:if}] [300]: org.thymeleaf.standard.processor.StandardIfTagProcessor
[THYMELEAF]             * [* {th:unless}] [400]: org.thymeleaf.standard.processor.StandardUnlessTagProcessor
[THYMELEAF]             * [* {th:object}] [500]: org.thymeleaf.standard.processor.StandardObjectTagProcessor
[THYMELEAF]             * [* {th:with}] [600]: com.intuit.karate.template.KarateWithTagProcessor
[THYMELEAF]             * [* {th:attr}] [700]: com.intuit.karate.template.KarateAttributeTagProcessor.KarateAttrTagProcessor
[THYMELEAF]             * [* {th:attrappend}] [900]: com.intuit.karate.template.KarateAttributeTagProcessor.KarateAttrappendTagProcessor
[THYMELEAF]             * [* {th:attrprepend}] [900]: com.intuit.karate.template.KarateAttributeTagProcessor.KarateAttrprependTagProcessor
[THYMELEAF]             * [* {th:inline}] [1000]: org.thymeleaf.standard.processor.StandardInlineXMLTagProcessor
[THYMELEAF]             * [* {xmlns:th}] [1000]: org.thymeleaf.standard.processor.StandardXmlNsTagProcessor
[THYMELEAF]             * [* {th:text}] [1300]: org.thymeleaf.standard.processor.StandardTextTagProcessor
[THYMELEAF]             * [* {th:utext}] [1400]: org.thymeleaf.standard.processor.StandardUtextTagProcessor
[THYMELEAF]             * [* {th:fragment}] [1500]: org.thymeleaf.standard.processor.StandardFragmentTagProcessor
[THYMELEAF]             * [* {th:assert}] [1550]: org.thymeleaf.standard.processor.StandardAssertTagProcessor
[THYMELEAF]             * [* {th:remove}] [1600]: org.thymeleaf.standard.processor.StandardRemoveTagProcessor
[THYMELEAF]             * [* {th:ref}] [10000]: org.thymeleaf.standard.processor.StandardRefAttributeTagProcessor
[THYMELEAF]             * [{th:block} *] [100000]: org.thymeleaf.standard.processor.StandardBlockTagProcessor
[THYMELEAF]             * [* th:*] [2147483647]: org.thymeleaf.standard.processor.StandardDefaultAttributesTagProcessor
[THYMELEAF]         * Text Processors by [precedence]:
[THYMELEAF]             * [1000]: org.thymeleaf.standard.processor.StandardInliningTextProcessor
[THYMELEAF]         * CDATA Section Processors by [precedence]:
[THYMELEAF]             * [1000]: org.thymeleaf.standard.processor.StandardInliningCDATASectionProcessor
[THYMELEAF]         * Comment Processors by [precedence]:
[THYMELEAF]             * [1000]: org.thymeleaf.standard.processor.StandardInliningCommentProcessor
[THYMELEAF]     * Processors for Template Mode: TEXT
[THYMELEAF]         * Element Tag Processors by [matching element and attribute name] [precedence]:
[THYMELEAF]             * [* {th:insert}] [100]: org.thymeleaf.standard.processor.StandardInsertTagProcessor
[THYMELEAF]             * [* {th:replace}] [100]: org.thymeleaf.standard.processor.StandardReplaceTagProcessor
[THYMELEAF]             * [* {th:each}] [200]: com.intuit.karate.template.KarateEachTagProcessor
[THYMELEAF]             * [* {th:switch}] [250]: org.thymeleaf.standard.processor.StandardSwitchTagProcessor
[THYMELEAF]             * [* {th:case}] [275]: org.thymeleaf.standard.processor.StandardCaseTagProcessor
[THYMELEAF]             * [* {th:if}] [300]: org.thymeleaf.standard.processor.StandardIfTagProcessor
[THYMELEAF]             * [* {th:unless}] [400]: org.thymeleaf.standard.processor.StandardUnlessTagProcessor
[THYMELEAF]             * [* {th:object}] [500]: org.thymeleaf.standard.processor.StandardObjectTagProcessor
[THYMELEAF]             * [* {th:with}] [600]: com.intuit.karate.template.KarateWithTagProcessor
[THYMELEAF]             * [* {th:inline}] [1000]: org.thymeleaf.standard.processor.StandardInlineTextualTagProcessor
[THYMELEAF]             * [* {th:text}] [1300]: org.thymeleaf.standard.processor.StandardTextTagProcessor
[THYMELEAF]             * [* {th:utext}] [1400]: org.thymeleaf.standard.processor.StandardUtextTagProcessor
[THYMELEAF]             * [* {th:assert}] [1550]: org.thymeleaf.standard.processor.StandardAssertTagProcessor
[THYMELEAF]             * [* {th:remove}] [1600]: org.thymeleaf.standard.processor.StandardRemoveTagProcessor
[THYMELEAF]             * [* 100000] [org.thymeleaf.standard.processor.StandardBlockTagProcessor]: {}
[THYMELEAF]             * [{th:block} *] [100000]: org.thymeleaf.standard.processor.StandardBlockTagProcessor
[THYMELEAF]         * Text Processors by [precedence]:
[THYMELEAF]             * [1000]: org.thymeleaf.standard.processor.StandardInliningTextProcessor
[THYMELEAF]     * Processors for Template Mode: JAVASCRIPT
[THYMELEAF]         * Element Tag Processors by [matching element and attribute name] [precedence]:
[THYMELEAF]             * [* {th:insert}] [100]: org.thymeleaf.standard.processor.StandardInsertTagProcessor
[THYMELEAF]             * [* {th:replace}] [100]: org.thymeleaf.standard.processor.StandardReplaceTagProcessor
[THYMELEAF]             * [* {th:each}] [200]: com.intuit.karate.template.KarateEachTagProcessor
[THYMELEAF]             * [* {th:switch}] [250]: org.thymeleaf.standard.processor.StandardSwitchTagProcessor
[THYMELEAF]             * [* {th:case}] [275]: org.thymeleaf.standard.processor.StandardCaseTagProcessor
[THYMELEAF]             * [* {th:if}] [300]: org.thymeleaf.standard.processor.StandardIfTagProcessor
[THYMELEAF]             * [* {th:unless}] [400]: org.thymeleaf.standard.processor.StandardUnlessTagProcessor
[THYMELEAF]             * [* {th:object}] [500]: org.thymeleaf.standard.processor.StandardObjectTagProcessor
[THYMELEAF]             * [* {th:with}] [600]: com.intuit.karate.template.KarateWithTagProcessor
[THYMELEAF]             * [* {th:inline}] [1000]: org.thymeleaf.standard.processor.StandardInlineTextualTagProcessor
[THYMELEAF]             * [* {th:text}] [1300]: org.thymeleaf.standard.processor.StandardTextTagProcessor
[THYMELEAF]             * [* {th:utext}] [1400]: org.thymeleaf.standard.processor.StandardUtextTagProcessor
[THYMELEAF]             * [* {th:assert}] [1550]: org.thymeleaf.standard.processor.StandardAssertTagProcessor
[THYMELEAF]             * [* {th:remove}] [1600]: org.thymeleaf.standard.processor.StandardRemoveTagProcessor
[THYMELEAF]             * [{th:block} *] [100000]: org.thymeleaf.standard.processor.StandardBlockTagProcessor
[THYMELEAF]             * [* 100000] [org.thymeleaf.standard.processor.StandardBlockTagProcessor]: {}
[THYMELEAF]         * Text Processors by [precedence]:
[THYMELEAF]             * [1000]: org.thymeleaf.standard.processor.StandardInliningTextProcessor
[THYMELEAF]     * Processors for Template Mode: CSS
[THYMELEAF]         * Element Tag Processors by [matching element and attribute name] [precedence]:
[THYMELEAF]             * [* {th:insert}] [100]: org.thymeleaf.standard.processor.StandardInsertTagProcessor
[THYMELEAF]             * [* {th:replace}] [100]: org.thymeleaf.standard.processor.StandardReplaceTagProcessor
[THYMELEAF]             * [* {th:each}] [200]: com.intuit.karate.template.KarateEachTagProcessor
[THYMELEAF]             * [* {th:switch}] [250]: org.thymeleaf.standard.processor.StandardSwitchTagProcessor
[THYMELEAF]             * [* {th:case}] [275]: org.thymeleaf.standard.processor.StandardCaseTagProcessor
[THYMELEAF]             * [* {th:if}] [300]: org.thymeleaf.standard.processor.StandardIfTagProcessor
[THYMELEAF]             * [* {th:unless}] [400]: org.thymeleaf.standard.processor.StandardUnlessTagProcessor
[THYMELEAF]             * [* {th:object}] [500]: org.thymeleaf.standard.processor.StandardObjectTagProcessor
[THYMELEAF]             * [* {th:with}] [600]: com.intuit.karate.template.KarateWithTagProcessor
[THYMELEAF]             * [* {th:inline}] [1000]: org.thymeleaf.standard.processor.StandardInlineTextualTagProcessor
[THYMELEAF]             * [* {th:text}] [1300]: org.thymeleaf.standard.processor.StandardTextTagProcessor
[THYMELEAF]             * [* {th:utext}] [1400]: org.thymeleaf.standard.processor.StandardUtextTagProcessor
[THYMELEAF]             * [* {th:assert}] [1550]: org.thymeleaf.standard.processor.StandardAssertTagProcessor
[THYMELEAF]             * [* {th:remove}] [1600]: org.thymeleaf.standard.processor.StandardRemoveTagProcessor
[THYMELEAF]             * [* 100000] [org.thymeleaf.standard.processor.StandardBlockTagProcessor]: {}
[THYMELEAF]             * [{th:block} *] [100000]: org.thymeleaf.standard.processor.StandardBlockTagProcessor
[THYMELEAF]         * Text Processors by [precedence]:
[THYMELEAF]             * [1000]: org.thymeleaf.standard.processor.StandardInliningTextProcessor
[THYMELEAF]     * Expression Objects:
[THYMELEAF]         * #ctx
[THYMELEAF]         * #root
[THYMELEAF]         * #vars
[THYMELEAF]         * #object
[THYMELEAF]         * #locale
[THYMELEAF]         * #conversions
[THYMELEAF]         * #uris
[THYMELEAF]         * #temporals
[THYMELEAF]         * #calendars
[THYMELEAF]         * #dates
[THYMELEAF]         * #bools
[THYMELEAF]         * #numbers
[THYMELEAF]         * #objects
[THYMELEAF]         * #strings
[THYMELEAF]         * #arrays
[THYMELEAF]         * #lists
[THYMELEAF]         * #sets
[THYMELEAF]         * #maps
[THYMELEAF]         * #aggregates
[THYMELEAF]         * #messages
[THYMELEAF]         * #ids
[THYMELEAF]         * #execInfo
[THYMELEAF]         * #request
[THYMELEAF]         * #response
[THYMELEAF]         * #session
[THYMELEAF]         * #servletContext
[THYMELEAF]     * Execution Attributes:
[THYMELEAF]         * "StandardExpressionParser": com.intuit.karate.template.KarateStandardDialect@4604b900
[THYMELEAF]         * "StandardJavaScriptSerializer": org.thymeleaf.standard.serializer.StandardJavaScriptSerializer@22fba58c
[THYMELEAF]         * "StandardCSSSerializer": org.thymeleaf.standard.serializer.StandardCSSSerializer@7e8a46b7
[THYMELEAF]         * "StandardVariableExpressionEvaluator": com.intuit.karate.template.KarateStandardDialect@4604b900
[THYMELEAF]         * "StandardConversionService": org.thymeleaf.standard.expression.StandardConversionService@2fe88a09
[THYMELEAF] * Dialect [2 of 2]: karate (com.intuit.karate.template.KarateScriptDialect)
[THYMELEAF]     * Prefix: "ka"
[THYMELEAF]     * Processors for Template Mode: HTML
[THYMELEAF]         * Element Tag Processors by [matching element and attribute name] [precedence]:
[THYMELEAF]             * [* {src}] [1000]: com.intuit.karate.template.KaScriptAttrProcessor
[THYMELEAF]         * Element Model Processors by [matching element and attribute name] [precedence]:
[THYMELEAF]             * [{script} {ka:scope,data-ka-scope}] [1000]: com.intuit.karate.template.KaScriptElemProcessor
[THYMELEAF]             * [* {ka:set,data-ka-set}] [1000]: com.intuit.karate.template.KaSetElemProcessor
[THYMELEAF] TEMPLATE ENGINE CONFIGURED OK
16:18:58.874 [main] DEBUG org.thymeleaf.TemplateEngine -- [THYMELEAF] TEMPLATE ENGINE INITIALIZED

HTML report: (paste into browser to view) | Karate version: 1.4.1
file:///C:/Users/monst/karate-tests/target/karate-reports/karate-summary.html
===================================================================


=====================================================
🚀 PARALLEL Performance Test Results:
- Total Time: 13400 ms
- Average Time Per Request: 134.00 ms
- Requests Per Second: 7.46
- Performance Report saved to: C:\Users\monst\karate-tests\target\performance-reports\performance-report-2025-06-24_16-18-58.md
=====================================================

]]></system-out>
  </testcase>
</testsuite>