<?xml version="1.0" encoding="UTF-8"?>
<testsuite xmlns:xsi="http://www.w3.org/2001/XMLSchema-instance" xsi:noNamespaceSchemaLocation="https://maven.apache.org/surefire/maven-surefire-plugin/xsd/surefire-test-report-3.0.xsd" version="3.0" name="runners.performance.ConcurrentLoginRunner" time="20.256" tests="1" errors="0" skipped="0" failures="0">
  <properties>
    <property name="java.specification.version" value="17"/>
    <property name="sun.cpu.isalist" value="amd64"/>
    <property name="sun.jnu.encoding" value="Cp1252"/>
    <property name="java.class.path" value="C:\Users\monst\karate-tests\target\test-classes;C:\Users\monst\karate-tests\target\classes;C:\Users\monst\.m2\repository\com\intuit\karate\karate-junit5\1.4.1\karate-junit5-1.4.1.jar;C:\Users\monst\.m2\repository\com\intuit\karate\karate-core\1.4.1\karate-core-1.4.1.jar;C:\Users\monst\.m2\repository\org\graalvm\js\js-scriptengine\22.3.3\js-scriptengine-22.3.3.jar;C:\Users\monst\.m2\repository\org\graalvm\sdk\graal-sdk\22.3.3\graal-sdk-22.3.3.jar;C:\Users\monst\.m2\repository\org\graalvm\js\js\22.3.3\js-22.3.3.jar;C:\Users\monst\.m2\repository\org\graalvm\regex\regex\22.3.3\regex-22.3.3.jar;C:\Users\monst\.m2\repository\org\graalvm\truffle\truffle-api\22.3.3\truffle-api-22.3.3.jar;C:\Users\monst\.m2\repository\com\ibm\icu\icu4j\71.1\icu4j-71.1.jar;C:\Users\monst\.m2\repository\org\thymeleaf\thymeleaf\3.1.2.RELEASE\thymeleaf-3.1.2.RELEASE.jar;C:\Users\monst\.m2\repository\ognl\ognl\3.3.4\ognl-3.3.4.jar;C:\Users\monst\.m2\repository\org\javassist\javassist\3.29.0-GA\javassist-3.29.0-GA.jar;C:\Users\monst\.m2\repository\org\attoparser\attoparser\2.0.7.RELEASE\attoparser-2.0.7.RELEASE.jar;C:\Users\monst\.m2\repository\org\unbescape\unbescape\1.1.6.RELEASE\unbescape-1.1.6.RELEASE.jar;C:\Users\monst\.m2\repository\org\slf4j\slf4j-api\2.0.7\slf4j-api-2.0.7.jar;C:\Users\monst\.m2\repository\com\linecorp\armeria\armeria\1.25.2\armeria-1.25.2.jar;C:\Users\monst\.m2\repository\com\fasterxml\jackson\core\jackson-core\2.15.2\jackson-core-2.15.2.jar;C:\Users\monst\.m2\repository\com\fasterxml\jackson\core\jackson-annotations\2.15.2\jackson-annotations-2.15.2.jar;C:\Users\monst\.m2\repository\com\fasterxml\jackson\datatype\jackson-datatype-jdk8\2.15.2\jackson-datatype-jdk8-2.15.2.jar;C:\Users\monst\.m2\repository\com\fasterxml\jackson\datatype\jackson-datatype-jsr310\2.15.2\jackson-datatype-jsr310-2.15.2.jar;C:\Users\monst\.m2\repository\io\micrometer\micrometer-core\1.11.3\micrometer-core-1.11.3.jar;C:\Users\monst\.m2\repository\io\micrometer\micrometer-commons\1.11.3\micrometer-commons-1.11.3.jar;C:\Users\monst\.m2\repository\io\micrometer\micrometer-observation\1.11.3\micrometer-observation-1.11.3.jar;C:\Users\monst\.m2\repository\org\latencyutils\LatencyUtils\2.0.3\LatencyUtils-2.0.3.jar;C:\Users\monst\.m2\repository\io\netty\netty-transport\4.1.96.Final\netty-transport-4.1.96.Final.jar;C:\Users\monst\.m2\repository\io\netty\netty-codec-haproxy\4.1.96.Final\netty-codec-haproxy-4.1.96.Final.jar;C:\Users\monst\.m2\repository\io\netty\netty-codec-http2\4.1.96.Final\netty-codec-http2-4.1.96.Final.jar;C:\Users\monst\.m2\repository\io\netty\netty-resolver-dns\4.1.96.Final\netty-resolver-dns-4.1.96.Final.jar;C:\Users\monst\.m2\repository\io\netty\netty-codec-dns\4.1.96.Final\netty-codec-dns-4.1.96.Final.jar;C:\Users\monst\.m2\repository\org\reactivestreams\reactive-streams\1.0.4\reactive-streams-1.0.4.jar;C:\Users\monst\.m2\repository\io\netty\netty-handler-proxy\4.1.96.Final\netty-handler-proxy-4.1.96.Final.jar;C:\Users\monst\.m2\repository\io\netty\netty-codec-socks\4.1.96.Final\netty-codec-socks-4.1.96.Final.jar;C:\Users\monst\.m2\repository\io\netty\netty-transport-native-unix-common\4.1.96.Final\netty-transport-native-unix-common-4.1.96.Final-linux-x86_64.jar;C:\Users\monst\.m2\repository\io\netty\netty-transport-native-unix-common\4.1.96.Final\netty-transport-native-unix-common-4.1.96.Final-linux-aarch_64.jar;C:\Users\monst\.m2\repository\io\netty\netty-transport-native-unix-common\4.1.96.Final\netty-transport-native-unix-common-4.1.96.Final-osx-x86_64.jar;C:\Users\monst\.m2\repository\io\netty\netty-transport-native-kqueue\4.1.96.Final\netty-transport-native-kqueue-4.1.96.Final-osx-x86_64.jar;C:\Users\monst\.m2\repository\io\netty\netty-transport-classes-kqueue\4.1.96.Final\netty-transport-classes-kqueue-4.1.96.Final.jar;C:\Users\monst\.m2\repository\io\netty\netty-resolver-dns-native-macos\4.1.96.Final\netty-resolver-dns-native-macos-4.1.96.Final-osx-x86_64.jar;C:\Users\monst\.m2\repository\io\netty\netty-resolver-dns-classes-macos\4.1.96.Final\netty-resolver-dns-classes-macos-4.1.96.Final.jar;C:\Users\monst\.m2\repository\io\netty\netty-transport-native-unix-common\4.1.96.Final\netty-transport-native-unix-common-4.1.96.Final-osx-aarch_64.jar;C:\Users\monst\.m2\repository\io\netty\netty-transport-native-kqueue\4.1.96.Final\netty-transport-native-kqueue-4.1.96.Final-osx-aarch_64.jar;C:\Users\monst\.m2\repository\io\netty\netty-resolver-dns-native-macos\4.1.96.Final\netty-resolver-dns-native-macos-4.1.96.Final-osx-aarch_64.jar;C:\Users\monst\.m2\repository\io\netty\netty-tcnative-boringssl-static\2.0.61.Final\netty-tcnative-boringssl-static-2.0.61.Final-linux-x86_64.jar;C:\Users\monst\.m2\repository\io\netty\netty-tcnative-boringssl-static\2.0.61.Final\netty-tcnative-boringssl-static-2.0.61.Final-linux-aarch_64.jar;C:\Users\monst\.m2\repository\io\netty\netty-tcnative-boringssl-static\2.0.61.Final\netty-tcnative-boringssl-static-2.0.61.Final-osx-x86_64.jar;C:\Users\monst\.m2\repository\io\netty\netty-tcnative-boringssl-static\2.0.61.Final\netty-tcnative-boringssl-static-2.0.61.Final-osx-aarch_64.jar;C:\Users\monst\.m2\repository\io\netty\netty-tcnative-boringssl-static\2.0.61.Final\netty-tcnative-boringssl-static-2.0.61.Final-windows-x86_64.jar;C:\Users\monst\.m2\repository\com\aayushatharva\brotli4j\brotli4j\1.12.0\brotli4j-1.12.0.jar;C:\Users\monst\.m2\repository\com\aayushatharva\brotli4j\service\1.12.0\service-1.12.0.jar;C:\Users\monst\.m2\repository\org\apache\httpcomponents\httpclient\4.5.14\httpclient-4.5.14.jar;C:\Users\monst\.m2\repository\org\apache\httpcomponents\httpcore\4.4.16\httpcore-4.4.16.jar;C:\Users\monst\.m2\repository\ch\qos\logback\logback-classic\1.4.11\logback-classic-1.4.11.jar;C:\Users\monst\.m2\repository\ch\qos\logback\logback-core\1.4.11\logback-core-1.4.11.jar;C:\Users\monst\.m2\repository\org\slf4j\jcl-over-slf4j\2.0.9\jcl-over-slf4j-2.0.9.jar;C:\Users\monst\.m2\repository\org\antlr\antlr4-runtime\4.11.1\antlr4-runtime-4.11.1.jar;C:\Users\monst\.m2\repository\com\jayway\jsonpath\json-path\2.8.0\json-path-2.8.0.jar;C:\Users\monst\.m2\repository\net\minidev\json-smart\2.4.10\json-smart-2.4.10.jar;C:\Users\monst\.m2\repository\net\minidev\accessors-smart\2.4.9\accessors-smart-2.4.9.jar;C:\Users\monst\.m2\repository\org\ow2\asm\asm\9.3\asm-9.3.jar;C:\Users\monst\.m2\repository\org\yaml\snakeyaml\2.0\snakeyaml-2.0.jar;C:\Users\monst\.m2\repository\de\siegmar\fastcsv\2.2.1\fastcsv-2.2.1.jar;C:\Users\monst\.m2\repository\info\picocli\picocli\4.7.1\picocli-4.7.1.jar;C:\Users\monst\.m2\repository\io\github\classgraph\classgraph\4.8.160\classgraph-4.8.160.jar;C:\Users\monst\.m2\repository\io\github\t12y\resemble\1.0.2\resemble-1.0.2.jar;C:\Users\monst\.m2\repository\io\github\t12y\ssim\1.0.0\ssim-1.0.0.jar;C:\Users\monst\.m2\repository\org\junit\jupiter\junit-jupiter-api\5.9.3\junit-jupiter-api-5.9.3.jar;C:\Users\monst\.m2\repository\org\opentest4j\opentest4j\1.2.0\opentest4j-1.2.0.jar;C:\Users\monst\.m2\repository\org\junit\platform\junit-platform-commons\1.9.3\junit-platform-commons-1.9.3.jar;C:\Users\monst\.m2\repository\org\apiguardian\apiguardian-api\1.1.2\apiguardian-api-1.1.2.jar;C:\Users\monst\.m2\repository\org\junit\jupiter\junit-jupiter-engine\5.9.3\junit-jupiter-engine-5.9.3.jar;C:\Users\monst\.m2\repository\org\junit\platform\junit-platform-engine\1.9.3\junit-platform-engine-1.9.3.jar;C:\Users\monst\.m2\repository\org\apache\poi\poi\5.2.4\poi-5.2.4.jar;C:\Users\monst\.m2\repository\commons-codec\commons-codec\1.16.0\commons-codec-1.16.0.jar;C:\Users\monst\.m2\repository\org\apache\commons\commons-collections4\4.4\commons-collections4-4.4.jar;C:\Users\monst\.m2\repository\org\apache\commons\commons-math3\3.6.1\commons-math3-3.6.1.jar;C:\Users\monst\.m2\repository\commons-io\commons-io\2.13.0\commons-io-2.13.0.jar;C:\Users\monst\.m2\repository\com\zaxxer\SparseBitSet\1.3\SparseBitSet-1.3.jar;C:\Users\monst\.m2\repository\org\apache\logging\log4j\log4j-api\2.20.0\log4j-api-2.20.0.jar;C:\Users\monst\.m2\repository\org\apache\poi\poi-ooxml\5.2.4\poi-ooxml-5.2.4.jar;C:\Users\monst\.m2\repository\org\apache\poi\poi-ooxml-lite\5.2.4\poi-ooxml-lite-5.2.4.jar;C:\Users\monst\.m2\repository\org\apache\xmlbeans\xmlbeans\5.1.1\xmlbeans-5.1.1.jar;C:\Users\monst\.m2\repository\org\apache\commons\commons-compress\1.24.0\commons-compress-1.24.0.jar;C:\Users\monst\.m2\repository\com\github\virtuald\curvesapi\1.08\curvesapi-1.08.jar;C:\Users\monst\.m2\repository\com\intuit\karate\karate-gatling\1.4.1\karate-gatling-1.4.1.jar;C:\Users\monst\.m2\repository\io\gatling\gatling-app\3.9.0\gatling-app-3.9.0.jar;C:\Users\monst\.m2\repository\io\gatling\gatling-core\3.9.0\gatling-core-3.9.0.jar;C:\Users\monst\.m2\repository\io\gatling\gatling-netty-util\3.9.0\gatling-netty-util-3.9.0.jar;C:\Users\monst\.m2\repository\io\gatling\gatling-jdk-util\3.9.0\gatling-jdk-util-3.9.0.jar;C:\Users\monst\.m2\repository\io\netty\netty-buffer\4.1.86.Final\netty-buffer-4.1.86.Final.jar;C:\Users\monst\.m2\repository\io\netty\incubator\netty-incubator-transport-native-io_uring\0.0.16.Final\netty-incubator-transport-native-io_uring-0.0.16.Final-linux-x86_64.jar;C:\Users\monst\.m2\repository\io\netty\incubator\netty-incubator-transport-classes-io_uring\0.0.16.Final\netty-incubator-transport-classes-io_uring-0.0.16.Final.jar;C:\Users\monst\.m2\repository\io\netty\incubator\netty-incubator-transport-native-io_uring\0.0.16.Final\netty-incubator-transport-native-io_uring-0.0.16.Final-linux-aarch_64.jar;C:\Users\monst\.m2\repository\io\gatling\gatling-commons\3.9.0\gatling-commons-3.9.0.jar;C:\Users\monst\.m2\repository\io\gatling\gatling-commons-shared\3.9.0\gatling-commons-shared-3.9.0.jar;C:\Users\monst\.m2\repository\org\scala-lang\scala-reflect\2.13.10\scala-reflect-2.13.10.jar;C:\Users\monst\.m2\repository\io\suzaku\boopickle_2.13\1.3.3\boopickle_2.13-1.3.3.jar;C:\Users\monst\.m2\repository\io\gatling\gatling-commons-shared-unstable\3.9.0\gatling-commons-shared-unstable-3.9.0.jar;C:\Users\monst\.m2\repository\com\typesafe\config\1.4.2\config-1.4.2.jar;C:\Users\monst\.m2\repository\org\typelevel\spire-macros_2.13\0.17.0\spire-macros_2.13-0.17.0.jar;C:\Users\monst\.m2\repository\com\typesafe\scala-logging\scala-logging_2.13\3.9.5\scala-logging_2.13-3.9.5.jar;C:\Users\monst\.m2\repository\io\gatling\gatling-jsonpath\3.9.0\gatling-jsonpath-3.9.0.jar;C:\Users\monst\.m2\repository\com\typesafe\akka\akka-actor_2.13\2.6.20\akka-actor_2.13-2.6.20.jar;C:\Users\monst\.m2\repository\org\scala-lang\modules\scala-java8-compat_2.13\1.0.0\scala-java8-compat_2.13-1.0.0.jar;C:\Users\monst\.m2\repository\com\typesafe\akka\akka-slf4j_2.13\2.6.20\akka-slf4j_2.13-2.6.20.jar;C:\Users\monst\.m2\repository\org\simpleflatmapper\lightning-csv\8.2.3\lightning-csv-8.2.3.jar;C:\Users\monst\.m2\repository\org\simpleflatmapper\sfm-util\8.2.3\sfm-util-8.2.3.jar;C:\Users\monst\.m2\repository\com\github\ben-manes\caffeine\caffeine\2.9.3\caffeine-2.9.3.jar;C:\Users\monst\.m2\repository\org\checkerframework\checker-qual\3.19.0\checker-qual-3.19.0.jar;C:\Users\monst\.m2\repository\com\google\errorprone\error_prone_annotations\2.10.0\error_prone_annotations-2.10.0.jar;C:\Users\monst\.m2\repository\io\pebbletemplates\pebble\3.2.0\pebble-3.2.0.jar;C:\Users\monst\.m2\repository\org\scala-lang\modules\scala-parser-combinators_2.13\2.1.1\scala-parser-combinators_2.13-2.1.1.jar;C:\Users\monst\.m2\repository\com\github\scopt\scopt_2.13\3.7.1\scopt_2.13-3.7.1.jar;C:\Users\monst\.m2\repository\io\netty\netty-handler\4.1.86.Final\netty-handler-4.1.86.Final.jar;C:\Users\monst\.m2\repository\io\netty\netty-common\4.1.86.Final\netty-common-4.1.86.Final.jar;C:\Users\monst\.m2\repository\io\netty\netty-resolver\4.1.86.Final\netty-resolver-4.1.86.Final.jar;C:\Users\monst\.m2\repository\io\netty\netty-transport-native-unix-common\4.1.86.Final\netty-transport-native-unix-common-4.1.86.Final.jar;C:\Users\monst\.m2\repository\io\netty\netty-codec\4.1.86.Final\netty-codec-4.1.86.Final.jar;C:\Users\monst\.m2\repository\io\netty\netty-tcnative-classes\2.0.54.Final\netty-tcnative-classes-2.0.54.Final.jar;C:\Users\monst\.m2\repository\com\softwaremill\quicklens\quicklens_2.13\1.9.0\quicklens_2.13-1.9.0.jar;C:\Users\monst\.m2\repository\com\fasterxml\jackson\core\jackson-databind\2.14.1\jackson-databind-2.14.1.jar;C:\Users\monst\.m2\repository\net\sf\saxon\Saxon-HE\10.6\Saxon-HE-10.6.jar;C:\Users\monst\.m2\repository\org\jodd\jodd-lagarto\6.0.6\jodd-lagarto-6.0.6.jar;C:\Users\monst\.m2\repository\org\jodd\jodd-util\6.1.0\jodd-util-6.1.0.jar;C:\Users\monst\.m2\repository\io\burt\jmespath-jackson\0.5.1\jmespath-jackson-0.5.1.jar;C:\Users\monst\.m2\repository\io\burt\jmespath-core\0.5.1\jmespath-core-0.5.1.jar;C:\Users\monst\.m2\repository\io\gatling\gatling-core-java\3.9.0\gatling-core-java-3.9.0.jar;C:\Users\monst\.m2\repository\net\jodah\typetools\0.6.3\typetools-0.6.3.jar;C:\Users\monst\.m2\repository\com\google\code\findbugs\jsr305\3.0.2\jsr305-3.0.2.jar;C:\Users\monst\.m2\repository\io\gatling\gatling-http\3.9.0\gatling-http-3.9.0.jar;C:\Users\monst\.m2\repository\io\gatling\gatling-http-client\3.9.0\gatling-http-client-3.9.0.jar;C:\Users\monst\.m2\repository\io\netty\netty-tcnative-boringssl-static\2.0.54.Final\netty-tcnative-boringssl-static-2.0.54.Final.jar;C:\Users\monst\.m2\repository\com\aayushatharva\brotli4j\native-linux-x86_64\1.8.0\native-linux-x86_64-1.8.0.jar;C:\Users\monst\.m2\repository\com\aayushatharva\brotli4j\native-linux-aarch64\1.8.0\native-linux-aarch64-1.8.0.jar;C:\Users\monst\.m2\repository\com\aayushatharva\brotli4j\native-osx-x86_64\1.8.0\native-osx-x86_64-1.8.0.jar;C:\Users\monst\.m2\repository\com\aayushatharva\brotli4j\native-osx-aarch64\1.8.0\native-osx-aarch64-1.8.0.jar;C:\Users\monst\.m2\repository\com\aayushatharva\brotli4j\native-windows-x86_64\1.8.0\native-windows-x86_64-1.8.0.jar;C:\Users\monst\.m2\repository\io\gatling\gatling-http-java\3.9.0\gatling-http-java-3.9.0.jar;C:\Users\monst\.m2\repository\io\gatling\gatling-jms\3.9.0\gatling-jms-3.9.0.jar;C:\Users\monst\.m2\repository\javax\jms\javax.jms-api\2.0.1\javax.jms-api-2.0.1.jar;C:\Users\monst\.m2\repository\com\eatthepath\fast-uuid\0.2.0\fast-uuid-0.2.0.jar;C:\Users\monst\.m2\repository\io\gatling\gatling-jms-java\3.9.0\gatling-jms-java-3.9.0.jar;C:\Users\monst\.m2\repository\io\gatling\gatling-mqtt\3.9.0\gatling-mqtt-3.9.0.jar;C:\Users\monst\.m2\repository\io\netty\netty-codec-mqtt\4.1.86.Final\netty-codec-mqtt-4.1.86.Final.jar;C:\Users\monst\.m2\repository\io\netty\netty-transport-native-epoll\4.1.86.Final\netty-transport-native-epoll-4.1.86.Final-linux-x86_64.jar;C:\Users\monst\.m2\repository\io\netty\netty-transport-classes-epoll\4.1.86.Final\netty-transport-classes-epoll-4.1.86.Final.jar;C:\Users\monst\.m2\repository\io\netty\netty-transport-native-epoll\4.1.86.Final\netty-transport-native-epoll-4.1.86.Final-linux-aarch_64.jar;C:\Users\monst\.m2\repository\io\gatling\gatling-mqtt-java\3.9.0\gatling-mqtt-java-3.9.0.jar;C:\Users\monst\.m2\repository\io\gatling\gatling-jdbc\3.9.0\gatling-jdbc-3.9.0.jar;C:\Users\monst\.m2\repository\io\gatling\gatling-jdbc-java\3.9.0\gatling-jdbc-java-3.9.0.jar;C:\Users\monst\.m2\repository\io\gatling\gatling-redis\3.9.0\gatling-redis-3.9.0.jar;C:\Users\monst\.m2\repository\net\debasishg\redisclient_2.13\3.42\redisclient_2.13-3.42.jar;C:\Users\monst\.m2\repository\org\apache\commons\commons-pool2\2.8.0\commons-pool2-2.8.0.jar;C:\Users\monst\.m2\repository\io\gatling\gatling-redis-java\3.9.0\gatling-redis-java-3.9.0.jar;C:\Users\monst\.m2\repository\io\gatling\gatling-graphite\3.9.0\gatling-graphite-3.9.0.jar;C:\Users\monst\.m2\repository\org\hdrhistogram\HdrHistogram\2.1.12\HdrHistogram-2.1.12.jar;C:\Users\monst\.m2\repository\io\gatling\gatling-charts\3.9.0\gatling-charts-3.9.0.jar;C:\Users\monst\.m2\repository\com\tdunning\t-digest\3.1\t-digest-3.1.jar;C:\Users\monst\.m2\repository\io\gatling\highcharts\gatling-charts-highcharts\3.9.0\gatling-charts-highcharts-3.9.0.jar;C:\Users\monst\.m2\repository\io\gatling\gatling-recorder\3.9.0\gatling-recorder-3.9.0.jar;C:\Users\monst\.m2\repository\org\scala-lang\modules\scala-swing_2.13\3.0.0\scala-swing_2.13-3.0.0.jar;C:\Users\monst\.m2\repository\io\gatling\gatling-recorder-bc-shaded\1.72\gatling-recorder-bc-shaded-1.72.jar;C:\Users\monst\.m2\repository\io\netty\netty-codec-http\4.1.86.Final\netty-codec-http-4.1.86.Final.jar;C:\Users\monst\.m2\repository\org\scala-lang\scala-library\2.13.10\scala-library-2.13.10.jar;"/>
    <property name="java.vm.vendor" value="Oracle Corporation"/>
    <property name="sun.arch.data.model" value="64"/>
    <property name="user.variant" value=""/>
    <property name="java.vendor.url" value="https://java.oracle.com/"/>
    <property name="user.timezone" value="Asia/Saigon"/>
    <property name="os.name" value="Windows 11"/>
    <property name="java.vm.specification.version" value="17"/>
    <property name="sun.java.launcher" value="SUN_STANDARD"/>
    <property name="user.country" value="US"/>
    <property name="sun.boot.library.path" value="C:\Program Files\Java\jdk-17\bin"/>
    <property name="sun.java.command" value="C:\Users\monst\AppData\Local\Temp\surefire18068905195539942555\surefirebooter-20250622225724921_3.jar C:\Users\monst\AppData\Local\Temp\surefire18068905195539942555 2025-06-22T22-57-24_452-jvmRun1 surefire-20250622225724921_1tmp surefire_0-20250622225724921_2tmp"/>
    <property name="jdk.debug" value="release"/>
    <property name="test" value="runners.performance.ConcurrentLoginRunner"/>
    <property name="surefire.test.class.path" value="C:\Users\monst\karate-tests\target\test-classes;C:\Users\monst\karate-tests\target\classes;C:\Users\monst\.m2\repository\com\intuit\karate\karate-junit5\1.4.1\karate-junit5-1.4.1.jar;C:\Users\monst\.m2\repository\com\intuit\karate\karate-core\1.4.1\karate-core-1.4.1.jar;C:\Users\monst\.m2\repository\org\graalvm\js\js-scriptengine\22.3.3\js-scriptengine-22.3.3.jar;C:\Users\monst\.m2\repository\org\graalvm\sdk\graal-sdk\22.3.3\graal-sdk-22.3.3.jar;C:\Users\monst\.m2\repository\org\graalvm\js\js\22.3.3\js-22.3.3.jar;C:\Users\monst\.m2\repository\org\graalvm\regex\regex\22.3.3\regex-22.3.3.jar;C:\Users\monst\.m2\repository\org\graalvm\truffle\truffle-api\22.3.3\truffle-api-22.3.3.jar;C:\Users\monst\.m2\repository\com\ibm\icu\icu4j\71.1\icu4j-71.1.jar;C:\Users\monst\.m2\repository\org\thymeleaf\thymeleaf\3.1.2.RELEASE\thymeleaf-3.1.2.RELEASE.jar;C:\Users\monst\.m2\repository\ognl\ognl\3.3.4\ognl-3.3.4.jar;C:\Users\monst\.m2\repository\org\javassist\javassist\3.29.0-GA\javassist-3.29.0-GA.jar;C:\Users\monst\.m2\repository\org\attoparser\attoparser\2.0.7.RELEASE\attoparser-2.0.7.RELEASE.jar;C:\Users\monst\.m2\repository\org\unbescape\unbescape\1.1.6.RELEASE\unbescape-1.1.6.RELEASE.jar;C:\Users\monst\.m2\repository\org\slf4j\slf4j-api\2.0.7\slf4j-api-2.0.7.jar;C:\Users\monst\.m2\repository\com\linecorp\armeria\armeria\1.25.2\armeria-1.25.2.jar;C:\Users\monst\.m2\repository\com\fasterxml\jackson\core\jackson-core\2.15.2\jackson-core-2.15.2.jar;C:\Users\monst\.m2\repository\com\fasterxml\jackson\core\jackson-annotations\2.15.2\jackson-annotations-2.15.2.jar;C:\Users\monst\.m2\repository\com\fasterxml\jackson\datatype\jackson-datatype-jdk8\2.15.2\jackson-datatype-jdk8-2.15.2.jar;C:\Users\monst\.m2\repository\com\fasterxml\jackson\datatype\jackson-datatype-jsr310\2.15.2\jackson-datatype-jsr310-2.15.2.jar;C:\Users\monst\.m2\repository\io\micrometer\micrometer-core\1.11.3\micrometer-core-1.11.3.jar;C:\Users\monst\.m2\repository\io\micrometer\micrometer-commons\1.11.3\micrometer-commons-1.11.3.jar;C:\Users\monst\.m2\repository\io\micrometer\micrometer-observation\1.11.3\micrometer-observation-1.11.3.jar;C:\Users\monst\.m2\repository\org\latencyutils\LatencyUtils\2.0.3\LatencyUtils-2.0.3.jar;C:\Users\monst\.m2\repository\io\netty\netty-transport\4.1.96.Final\netty-transport-4.1.96.Final.jar;C:\Users\monst\.m2\repository\io\netty\netty-codec-haproxy\4.1.96.Final\netty-codec-haproxy-4.1.96.Final.jar;C:\Users\monst\.m2\repository\io\netty\netty-codec-http2\4.1.96.Final\netty-codec-http2-4.1.96.Final.jar;C:\Users\monst\.m2\repository\io\netty\netty-resolver-dns\4.1.96.Final\netty-resolver-dns-4.1.96.Final.jar;C:\Users\monst\.m2\repository\io\netty\netty-codec-dns\4.1.96.Final\netty-codec-dns-4.1.96.Final.jar;C:\Users\monst\.m2\repository\org\reactivestreams\reactive-streams\1.0.4\reactive-streams-1.0.4.jar;C:\Users\monst\.m2\repository\io\netty\netty-handler-proxy\4.1.96.Final\netty-handler-proxy-4.1.96.Final.jar;C:\Users\monst\.m2\repository\io\netty\netty-codec-socks\4.1.96.Final\netty-codec-socks-4.1.96.Final.jar;C:\Users\monst\.m2\repository\io\netty\netty-transport-native-unix-common\4.1.96.Final\netty-transport-native-unix-common-4.1.96.Final-linux-x86_64.jar;C:\Users\monst\.m2\repository\io\netty\netty-transport-native-unix-common\4.1.96.Final\netty-transport-native-unix-common-4.1.96.Final-linux-aarch_64.jar;C:\Users\monst\.m2\repository\io\netty\netty-transport-native-unix-common\4.1.96.Final\netty-transport-native-unix-common-4.1.96.Final-osx-x86_64.jar;C:\Users\monst\.m2\repository\io\netty\netty-transport-native-kqueue\4.1.96.Final\netty-transport-native-kqueue-4.1.96.Final-osx-x86_64.jar;C:\Users\monst\.m2\repository\io\netty\netty-transport-classes-kqueue\4.1.96.Final\netty-transport-classes-kqueue-4.1.96.Final.jar;C:\Users\monst\.m2\repository\io\netty\netty-resolver-dns-native-macos\4.1.96.Final\netty-resolver-dns-native-macos-4.1.96.Final-osx-x86_64.jar;C:\Users\monst\.m2\repository\io\netty\netty-resolver-dns-classes-macos\4.1.96.Final\netty-resolver-dns-classes-macos-4.1.96.Final.jar;C:\Users\monst\.m2\repository\io\netty\netty-transport-native-unix-common\4.1.96.Final\netty-transport-native-unix-common-4.1.96.Final-osx-aarch_64.jar;C:\Users\monst\.m2\repository\io\netty\netty-transport-native-kqueue\4.1.96.Final\netty-transport-native-kqueue-4.1.96.Final-osx-aarch_64.jar;C:\Users\monst\.m2\repository\io\netty\netty-resolver-dns-native-macos\4.1.96.Final\netty-resolver-dns-native-macos-4.1.96.Final-osx-aarch_64.jar;C:\Users\monst\.m2\repository\io\netty\netty-tcnative-boringssl-static\2.0.61.Final\netty-tcnative-boringssl-static-2.0.61.Final-linux-x86_64.jar;C:\Users\monst\.m2\repository\io\netty\netty-tcnative-boringssl-static\2.0.61.Final\netty-tcnative-boringssl-static-2.0.61.Final-linux-aarch_64.jar;C:\Users\monst\.m2\repository\io\netty\netty-tcnative-boringssl-static\2.0.61.Final\netty-tcnative-boringssl-static-2.0.61.Final-osx-x86_64.jar;C:\Users\monst\.m2\repository\io\netty\netty-tcnative-boringssl-static\2.0.61.Final\netty-tcnative-boringssl-static-2.0.61.Final-osx-aarch_64.jar;C:\Users\monst\.m2\repository\io\netty\netty-tcnative-boringssl-static\2.0.61.Final\netty-tcnative-boringssl-static-2.0.61.Final-windows-x86_64.jar;C:\Users\monst\.m2\repository\com\aayushatharva\brotli4j\brotli4j\1.12.0\brotli4j-1.12.0.jar;C:\Users\monst\.m2\repository\com\aayushatharva\brotli4j\service\1.12.0\service-1.12.0.jar;C:\Users\monst\.m2\repository\org\apache\httpcomponents\httpclient\4.5.14\httpclient-4.5.14.jar;C:\Users\monst\.m2\repository\org\apache\httpcomponents\httpcore\4.4.16\httpcore-4.4.16.jar;C:\Users\monst\.m2\repository\ch\qos\logback\logback-classic\1.4.11\logback-classic-1.4.11.jar;C:\Users\monst\.m2\repository\ch\qos\logback\logback-core\1.4.11\logback-core-1.4.11.jar;C:\Users\monst\.m2\repository\org\slf4j\jcl-over-slf4j\2.0.9\jcl-over-slf4j-2.0.9.jar;C:\Users\monst\.m2\repository\org\antlr\antlr4-runtime\4.11.1\antlr4-runtime-4.11.1.jar;C:\Users\monst\.m2\repository\com\jayway\jsonpath\json-path\2.8.0\json-path-2.8.0.jar;C:\Users\monst\.m2\repository\net\minidev\json-smart\2.4.10\json-smart-2.4.10.jar;C:\Users\monst\.m2\repository\net\minidev\accessors-smart\2.4.9\accessors-smart-2.4.9.jar;C:\Users\monst\.m2\repository\org\ow2\asm\asm\9.3\asm-9.3.jar;C:\Users\monst\.m2\repository\org\yaml\snakeyaml\2.0\snakeyaml-2.0.jar;C:\Users\monst\.m2\repository\de\siegmar\fastcsv\2.2.1\fastcsv-2.2.1.jar;C:\Users\monst\.m2\repository\info\picocli\picocli\4.7.1\picocli-4.7.1.jar;C:\Users\monst\.m2\repository\io\github\classgraph\classgraph\4.8.160\classgraph-4.8.160.jar;C:\Users\monst\.m2\repository\io\github\t12y\resemble\1.0.2\resemble-1.0.2.jar;C:\Users\monst\.m2\repository\io\github\t12y\ssim\1.0.0\ssim-1.0.0.jar;C:\Users\monst\.m2\repository\org\junit\jupiter\junit-jupiter-api\5.9.3\junit-jupiter-api-5.9.3.jar;C:\Users\monst\.m2\repository\org\opentest4j\opentest4j\1.2.0\opentest4j-1.2.0.jar;C:\Users\monst\.m2\repository\org\junit\platform\junit-platform-commons\1.9.3\junit-platform-commons-1.9.3.jar;C:\Users\monst\.m2\repository\org\apiguardian\apiguardian-api\1.1.2\apiguardian-api-1.1.2.jar;C:\Users\monst\.m2\repository\org\junit\jupiter\junit-jupiter-engine\5.9.3\junit-jupiter-engine-5.9.3.jar;C:\Users\monst\.m2\repository\org\junit\platform\junit-platform-engine\1.9.3\junit-platform-engine-1.9.3.jar;C:\Users\monst\.m2\repository\org\apache\poi\poi\5.2.4\poi-5.2.4.jar;C:\Users\monst\.m2\repository\commons-codec\commons-codec\1.16.0\commons-codec-1.16.0.jar;C:\Users\monst\.m2\repository\org\apache\commons\commons-collections4\4.4\commons-collections4-4.4.jar;C:\Users\monst\.m2\repository\org\apache\commons\commons-math3\3.6.1\commons-math3-3.6.1.jar;C:\Users\monst\.m2\repository\commons-io\commons-io\2.13.0\commons-io-2.13.0.jar;C:\Users\monst\.m2\repository\com\zaxxer\SparseBitSet\1.3\SparseBitSet-1.3.jar;C:\Users\monst\.m2\repository\org\apache\logging\log4j\log4j-api\2.20.0\log4j-api-2.20.0.jar;C:\Users\monst\.m2\repository\org\apache\poi\poi-ooxml\5.2.4\poi-ooxml-5.2.4.jar;C:\Users\monst\.m2\repository\org\apache\poi\poi-ooxml-lite\5.2.4\poi-ooxml-lite-5.2.4.jar;C:\Users\monst\.m2\repository\org\apache\xmlbeans\xmlbeans\5.1.1\xmlbeans-5.1.1.jar;C:\Users\monst\.m2\repository\org\apache\commons\commons-compress\1.24.0\commons-compress-1.24.0.jar;C:\Users\monst\.m2\repository\com\github\virtuald\curvesapi\1.08\curvesapi-1.08.jar;C:\Users\monst\.m2\repository\com\intuit\karate\karate-gatling\1.4.1\karate-gatling-1.4.1.jar;C:\Users\monst\.m2\repository\io\gatling\gatling-app\3.9.0\gatling-app-3.9.0.jar;C:\Users\monst\.m2\repository\io\gatling\gatling-core\3.9.0\gatling-core-3.9.0.jar;C:\Users\monst\.m2\repository\io\gatling\gatling-netty-util\3.9.0\gatling-netty-util-3.9.0.jar;C:\Users\monst\.m2\repository\io\gatling\gatling-jdk-util\3.9.0\gatling-jdk-util-3.9.0.jar;C:\Users\monst\.m2\repository\io\netty\netty-buffer\4.1.86.Final\netty-buffer-4.1.86.Final.jar;C:\Users\monst\.m2\repository\io\netty\incubator\netty-incubator-transport-native-io_uring\0.0.16.Final\netty-incubator-transport-native-io_uring-0.0.16.Final-linux-x86_64.jar;C:\Users\monst\.m2\repository\io\netty\incubator\netty-incubator-transport-classes-io_uring\0.0.16.Final\netty-incubator-transport-classes-io_uring-0.0.16.Final.jar;C:\Users\monst\.m2\repository\io\netty\incubator\netty-incubator-transport-native-io_uring\0.0.16.Final\netty-incubator-transport-native-io_uring-0.0.16.Final-linux-aarch_64.jar;C:\Users\monst\.m2\repository\io\gatling\gatling-commons\3.9.0\gatling-commons-3.9.0.jar;C:\Users\monst\.m2\repository\io\gatling\gatling-commons-shared\3.9.0\gatling-commons-shared-3.9.0.jar;C:\Users\monst\.m2\repository\org\scala-lang\scala-reflect\2.13.10\scala-reflect-2.13.10.jar;C:\Users\monst\.m2\repository\io\suzaku\boopickle_2.13\1.3.3\boopickle_2.13-1.3.3.jar;C:\Users\monst\.m2\repository\io\gatling\gatling-commons-shared-unstable\3.9.0\gatling-commons-shared-unstable-3.9.0.jar;C:\Users\monst\.m2\repository\com\typesafe\config\1.4.2\config-1.4.2.jar;C:\Users\monst\.m2\repository\org\typelevel\spire-macros_2.13\0.17.0\spire-macros_2.13-0.17.0.jar;C:\Users\monst\.m2\repository\com\typesafe\scala-logging\scala-logging_2.13\3.9.5\scala-logging_2.13-3.9.5.jar;C:\Users\monst\.m2\repository\io\gatling\gatling-jsonpath\3.9.0\gatling-jsonpath-3.9.0.jar;C:\Users\monst\.m2\repository\com\typesafe\akka\akka-actor_2.13\2.6.20\akka-actor_2.13-2.6.20.jar;C:\Users\monst\.m2\repository\org\scala-lang\modules\scala-java8-compat_2.13\1.0.0\scala-java8-compat_2.13-1.0.0.jar;C:\Users\monst\.m2\repository\com\typesafe\akka\akka-slf4j_2.13\2.6.20\akka-slf4j_2.13-2.6.20.jar;C:\Users\monst\.m2\repository\org\simpleflatmapper\lightning-csv\8.2.3\lightning-csv-8.2.3.jar;C:\Users\monst\.m2\repository\org\simpleflatmapper\sfm-util\8.2.3\sfm-util-8.2.3.jar;C:\Users\monst\.m2\repository\com\github\ben-manes\caffeine\caffeine\2.9.3\caffeine-2.9.3.jar;C:\Users\monst\.m2\repository\org\checkerframework\checker-qual\3.19.0\checker-qual-3.19.0.jar;C:\Users\monst\.m2\repository\com\google\errorprone\error_prone_annotations\2.10.0\error_prone_annotations-2.10.0.jar;C:\Users\monst\.m2\repository\io\pebbletemplates\pebble\3.2.0\pebble-3.2.0.jar;C:\Users\monst\.m2\repository\org\scala-lang\modules\scala-parser-combinators_2.13\2.1.1\scala-parser-combinators_2.13-2.1.1.jar;C:\Users\monst\.m2\repository\com\github\scopt\scopt_2.13\3.7.1\scopt_2.13-3.7.1.jar;C:\Users\monst\.m2\repository\io\netty\netty-handler\4.1.86.Final\netty-handler-4.1.86.Final.jar;C:\Users\monst\.m2\repository\io\netty\netty-common\4.1.86.Final\netty-common-4.1.86.Final.jar;C:\Users\monst\.m2\repository\io\netty\netty-resolver\4.1.86.Final\netty-resolver-4.1.86.Final.jar;C:\Users\monst\.m2\repository\io\netty\netty-transport-native-unix-common\4.1.86.Final\netty-transport-native-unix-common-4.1.86.Final.jar;C:\Users\monst\.m2\repository\io\netty\netty-codec\4.1.86.Final\netty-codec-4.1.86.Final.jar;C:\Users\monst\.m2\repository\io\netty\netty-tcnative-classes\2.0.54.Final\netty-tcnative-classes-2.0.54.Final.jar;C:\Users\monst\.m2\repository\com\softwaremill\quicklens\quicklens_2.13\1.9.0\quicklens_2.13-1.9.0.jar;C:\Users\monst\.m2\repository\com\fasterxml\jackson\core\jackson-databind\2.14.1\jackson-databind-2.14.1.jar;C:\Users\monst\.m2\repository\net\sf\saxon\Saxon-HE\10.6\Saxon-HE-10.6.jar;C:\Users\monst\.m2\repository\org\jodd\jodd-lagarto\6.0.6\jodd-lagarto-6.0.6.jar;C:\Users\monst\.m2\repository\org\jodd\jodd-util\6.1.0\jodd-util-6.1.0.jar;C:\Users\monst\.m2\repository\io\burt\jmespath-jackson\0.5.1\jmespath-jackson-0.5.1.jar;C:\Users\monst\.m2\repository\io\burt\jmespath-core\0.5.1\jmespath-core-0.5.1.jar;C:\Users\monst\.m2\repository\io\gatling\gatling-core-java\3.9.0\gatling-core-java-3.9.0.jar;C:\Users\monst\.m2\repository\net\jodah\typetools\0.6.3\typetools-0.6.3.jar;C:\Users\monst\.m2\repository\com\google\code\findbugs\jsr305\3.0.2\jsr305-3.0.2.jar;C:\Users\monst\.m2\repository\io\gatling\gatling-http\3.9.0\gatling-http-3.9.0.jar;C:\Users\monst\.m2\repository\io\gatling\gatling-http-client\3.9.0\gatling-http-client-3.9.0.jar;C:\Users\monst\.m2\repository\io\netty\netty-tcnative-boringssl-static\2.0.54.Final\netty-tcnative-boringssl-static-2.0.54.Final.jar;C:\Users\monst\.m2\repository\com\aayushatharva\brotli4j\native-linux-x86_64\1.8.0\native-linux-x86_64-1.8.0.jar;C:\Users\monst\.m2\repository\com\aayushatharva\brotli4j\native-linux-aarch64\1.8.0\native-linux-aarch64-1.8.0.jar;C:\Users\monst\.m2\repository\com\aayushatharva\brotli4j\native-osx-x86_64\1.8.0\native-osx-x86_64-1.8.0.jar;C:\Users\monst\.m2\repository\com\aayushatharva\brotli4j\native-osx-aarch64\1.8.0\native-osx-aarch64-1.8.0.jar;C:\Users\monst\.m2\repository\com\aayushatharva\brotli4j\native-windows-x86_64\1.8.0\native-windows-x86_64-1.8.0.jar;C:\Users\monst\.m2\repository\io\gatling\gatling-http-java\3.9.0\gatling-http-java-3.9.0.jar;C:\Users\monst\.m2\repository\io\gatling\gatling-jms\3.9.0\gatling-jms-3.9.0.jar;C:\Users\monst\.m2\repository\javax\jms\javax.jms-api\2.0.1\javax.jms-api-2.0.1.jar;C:\Users\monst\.m2\repository\com\eatthepath\fast-uuid\0.2.0\fast-uuid-0.2.0.jar;C:\Users\monst\.m2\repository\io\gatling\gatling-jms-java\3.9.0\gatling-jms-java-3.9.0.jar;C:\Users\monst\.m2\repository\io\gatling\gatling-mqtt\3.9.0\gatling-mqtt-3.9.0.jar;C:\Users\monst\.m2\repository\io\netty\netty-codec-mqtt\4.1.86.Final\netty-codec-mqtt-4.1.86.Final.jar;C:\Users\monst\.m2\repository\io\netty\netty-transport-native-epoll\4.1.86.Final\netty-transport-native-epoll-4.1.86.Final-linux-x86_64.jar;C:\Users\monst\.m2\repository\io\netty\netty-transport-classes-epoll\4.1.86.Final\netty-transport-classes-epoll-4.1.86.Final.jar;C:\Users\monst\.m2\repository\io\netty\netty-transport-native-epoll\4.1.86.Final\netty-transport-native-epoll-4.1.86.Final-linux-aarch_64.jar;C:\Users\monst\.m2\repository\io\gatling\gatling-mqtt-java\3.9.0\gatling-mqtt-java-3.9.0.jar;C:\Users\monst\.m2\repository\io\gatling\gatling-jdbc\3.9.0\gatling-jdbc-3.9.0.jar;C:\Users\monst\.m2\repository\io\gatling\gatling-jdbc-java\3.9.0\gatling-jdbc-java-3.9.0.jar;C:\Users\monst\.m2\repository\io\gatling\gatling-redis\3.9.0\gatling-redis-3.9.0.jar;C:\Users\monst\.m2\repository\net\debasishg\redisclient_2.13\3.42\redisclient_2.13-3.42.jar;C:\Users\monst\.m2\repository\org\apache\commons\commons-pool2\2.8.0\commons-pool2-2.8.0.jar;C:\Users\monst\.m2\repository\io\gatling\gatling-redis-java\3.9.0\gatling-redis-java-3.9.0.jar;C:\Users\monst\.m2\repository\io\gatling\gatling-graphite\3.9.0\gatling-graphite-3.9.0.jar;C:\Users\monst\.m2\repository\org\hdrhistogram\HdrHistogram\2.1.12\HdrHistogram-2.1.12.jar;C:\Users\monst\.m2\repository\io\gatling\gatling-charts\3.9.0\gatling-charts-3.9.0.jar;C:\Users\monst\.m2\repository\com\tdunning\t-digest\3.1\t-digest-3.1.jar;C:\Users\monst\.m2\repository\io\gatling\highcharts\gatling-charts-highcharts\3.9.0\gatling-charts-highcharts-3.9.0.jar;C:\Users\monst\.m2\repository\io\gatling\gatling-recorder\3.9.0\gatling-recorder-3.9.0.jar;C:\Users\monst\.m2\repository\org\scala-lang\modules\scala-swing_2.13\3.0.0\scala-swing_2.13-3.0.0.jar;C:\Users\monst\.m2\repository\io\gatling\gatling-recorder-bc-shaded\1.72\gatling-recorder-bc-shaded-1.72.jar;C:\Users\monst\.m2\repository\io\netty\netty-codec-http\4.1.86.Final\netty-codec-http-4.1.86.Final.jar;C:\Users\monst\.m2\repository\org\scala-lang\scala-library\2.13.10\scala-library-2.13.10.jar;"/>
    <property name="sun.cpu.endian" value="little"/>
    <property name="user.home" value="C:\Users\monst"/>
    <property name="user.language" value="en"/>
    <property name="java.specification.vendor" value="Oracle Corporation"/>
    <property name="java.version.date" value="2023-10-17"/>
    <property name="java.home" value="C:\Program Files\Java\jdk-17"/>
    <property name="file.separator" value="\"/>
    <property name="basedir" value="C:\Users\monst\karate-tests"/>
    <property name="java.vm.compressedOopsMode" value="Zero based"/>
    <property name="line.separator" value="&#10;"/>
    <property name="java.vm.specification.vendor" value="Oracle Corporation"/>
    <property name="java.specification.name" value="Java Platform API Specification"/>
    <property name="surefire.real.class.path" value="C:\Users\monst\AppData\Local\Temp\surefire18068905195539942555\surefirebooter-20250622225724921_3.jar"/>
    <property name="user.script" value=""/>
    <property name="sun.management.compiler" value="HotSpot 64-Bit Tiered Compilers"/>
    <property name="java.runtime.version" value="17.0.9+11-LTS-201"/>
    <property name="user.name" value="monst"/>
    <property name="path.separator" value=";"/>
    <property name="os.version" value="10.0"/>
    <property name="java.runtime.name" value="Java(TM) SE Runtime Environment"/>
    <property name="file.encoding" value="Cp1252"/>
    <property name="java.vm.name" value="Java HotSpot(TM) 64-Bit Server VM"/>
    <property name="localRepository" value="C:\Users\monst\.m2\repository"/>
    <property name="java.vendor.url.bug" value="https://bugreport.java.com/bugreport/"/>
    <property name="java.io.tmpdir" value="C:\Users\monst\AppData\Local\Temp\"/>
    <property name="java.version" value="17.0.9"/>
    <property name="user.dir" value="C:\Users\monst\karate-tests"/>
    <property name="os.arch" value="amd64"/>
    <property name="java.vm.specification.name" value="Java Virtual Machine Specification"/>
    <property name="sun.os.patch.level" value=""/>
    <property name="native.encoding" value="Cp1252"/>
    <property name="java.library.path" value="C:\Program Files\Java\jdk-17\bin;C:\WINDOWS\Sun\Java\bin;C:\WINDOWS\system32;C:\WINDOWS;C:\Program Files\Eclipse Adoptium\jdk-17.0.12.7-hotspot\bin;C:\Program Files\Common Files\Oracle\Java\javapath;C:\Program Files (x86)\VMware\VMware Workstation\bin\;C:\Windows\system32;C:\Windows;C:\Windows\System32\Wbem;C:\Windows\System32\WindowsPowerShell\v1.0\;C:\Windows\System32\OpenSSH\;C:\Program Files (x86)\NVIDIA Corporation\PhysX\Common;C:\Program Files\NVIDIA Corporation\NVIDIA NvDLISR;C:\WINDOWS\system32;C:\WINDOWS;C:\WINDOWS\System32\Wbem;C:\WINDOWS\System32\WindowsPowerShell\v1.0\;C:\WINDOWS\System32\OpenSSH\;C:\Program Files\Azure Data Studio\bin;C:\Program Files (x86)\Microsoft SQL Server\160\Tools\Binn\;C:\Program Files\Microsoft SQL Server\160\Tools\Binn\;C:\Program Files\Microsoft SQL Server\Client SDK\ODBC\170\Tools\Binn\;C:\Program Files\Microsoft SQL Server\160\DTS\Binn\;C:\Program Files (x86)\Microsoft SQL Server\160\DTS\Binn\;C:\ProgramData\chocolatey\bin;C:\Program Files\Docker\Docker\resources\bin;C:\Program Files\nodejs\;C:\Program Files\MySQL\MySQL Server 8.0\bin;C:\Program Files\Git\cmd;C:\Program Files (x86)\Windows Kits\10\Windows Performance Toolkit\;C:\Program Files\dotnet\;C:\Program Files\Microsoft SQL Server\150\Tools\Binn\;C:\Program Files\Apache\apache-maven-3.9.9\bin;C:\Users\monst\AppData\Local\Android\Sdk\platform-tools;C:\Program Files\Cloudflare\Cloudflare WARP\;C:\Users\monst\AppData\Local\Programs\Python\Python313\Scripts\;C:\dev\flutter\bin;C:\Users\monst\.dotnet\tools;C:\Users\monst\AppData\Local\Programs\Microsoft VS Code\bin;C:\Users\monst\AppData\Local\Programs\Python\Python313\;C:\Users\monst\AppData\Local\Programs\cursor\resources\app\bin;C:\Users\monst\AppData\Roaming\npm;;."/>
    <property name="java.vm.info" value="mixed mode, sharing"/>
    <property name="java.vendor" value="Oracle Corporation"/>
    <property name="java.vm.version" value="17.0.9+11-LTS-201"/>
    <property name="sun.io.unicode.encoding" value="UnicodeLittle"/>
    <property name="java.class.version" value="61.0"/>
  </properties>
  <testcase name="testConcurrentLoginPerformance" classname="runners.performance.ConcurrentLoginRunner" time="20.235">
    <system-out><![CDATA[22:57:26.468 [main] INFO com.intuit.karate.Suite -- backed up existing 'target\karate-reports' dir to: target\karate-reports_1750607846466
22:57:28.614 [pool-2-thread-83] DEBUG com.jayway.jsonpath.internal.path.CompiledPath -- Evaluating path: $
22:57:28.616 [pool-2-thread-24] DEBUG com.jayway.jsonpath.internal.path.CompiledPath -- Evaluating path: $
22:57:28.616 [pool-2-thread-70] DEBUG com.jayway.jsonpath.internal.path.CompiledPath -- Evaluating path: $
22:57:28.616 [pool-2-thread-67] DEBUG com.jayway.jsonpath.internal.path.CompiledPath -- Evaluating path: $
22:57:28.616 [pool-2-thread-25] DEBUG com.jayway.jsonpath.internal.path.CompiledPath -- Evaluating path: $
22:57:28.616 [pool-2-thread-21] DEBUG com.jayway.jsonpath.internal.path.CompiledPath -- Evaluating path: $
22:57:28.616 [pool-2-thread-26] DEBUG com.jayway.jsonpath.internal.path.CompiledPath -- Evaluating path: $
22:57:28.616 [pool-2-thread-23] DEBUG com.jayway.jsonpath.internal.path.CompiledPath -- Evaluating path: $
22:57:28.616 [pool-2-thread-78] DEBUG com.jayway.jsonpath.internal.path.CompiledPath -- Evaluating path: $
22:57:28.614 [pool-2-thread-10] DEBUG com.jayway.jsonpath.internal.path.CompiledPath -- Evaluating path: $
22:57:28.616 [pool-2-thread-35] DEBUG com.jayway.jsonpath.internal.path.CompiledPath -- Evaluating path: $
22:57:28.616 [pool-2-thread-44] DEBUG com.jayway.jsonpath.internal.path.CompiledPath -- Evaluating path: $
22:57:28.616 [pool-2-thread-28] DEBUG com.jayway.jsonpath.internal.path.CompiledPath -- Evaluating path: $
22:57:28.616 [pool-2-thread-80] DEBUG com.jayway.jsonpath.internal.path.CompiledPath -- Evaluating path: $
22:57:28.616 [pool-2-thread-36] DEBUG com.jayway.jsonpath.internal.path.CompiledPath -- Evaluating path: $
22:57:28.617 [pool-2-thread-65] DEBUG com.jayway.jsonpath.internal.path.CompiledPath -- Evaluating path: $
22:57:28.614 [pool-2-thread-68] DEBUG com.jayway.jsonpath.internal.path.CompiledPath -- Evaluating path: $
22:57:28.617 [pool-2-thread-99] DEBUG com.jayway.jsonpath.internal.path.CompiledPath -- Evaluating path: $
22:57:28.614 [pool-2-thread-92] DEBUG com.jayway.jsonpath.internal.path.CompiledPath -- Evaluating path: $
22:57:28.614 [pool-2-thread-29] DEBUG com.jayway.jsonpath.internal.path.CompiledPath -- Evaluating path: $
22:57:28.614 [pool-2-thread-57] DEBUG com.jayway.jsonpath.internal.path.CompiledPath -- Evaluating path: $
22:57:28.614 [pool-2-thread-93] DEBUG com.jayway.jsonpath.internal.path.CompiledPath -- Evaluating path: $
22:57:28.616 [pool-2-thread-39] DEBUG com.jayway.jsonpath.internal.path.CompiledPath -- Evaluating path: $
22:57:28.616 [pool-2-thread-60] DEBUG com.jayway.jsonpath.internal.path.CompiledPath -- Evaluating path: $
22:57:28.616 [pool-2-thread-16] DEBUG com.jayway.jsonpath.internal.path.CompiledPath -- Evaluating path: $
22:57:28.616 [pool-2-thread-34] DEBUG com.jayway.jsonpath.internal.path.CompiledPath -- Evaluating path: $
22:57:28.616 [pool-2-thread-69] DEBUG com.jayway.jsonpath.internal.path.CompiledPath -- Evaluating path: $
22:57:28.616 [pool-2-thread-79] DEBUG com.jayway.jsonpath.internal.path.CompiledPath -- Evaluating path: $
22:57:28.616 [pool-2-thread-40] DEBUG com.jayway.jsonpath.internal.path.CompiledPath -- Evaluating path: $
22:57:28.616 [pool-2-thread-20] DEBUG com.jayway.jsonpath.internal.path.CompiledPath -- Evaluating path: $
22:57:28.616 [pool-2-thread-71] DEBUG com.jayway.jsonpath.internal.path.CompiledPath -- Evaluating path: $
22:57:28.616 [pool-2-thread-54] DEBUG com.jayway.jsonpath.internal.path.CompiledPath -- Evaluating path: $
22:57:28.616 [pool-2-thread-59] DEBUG com.jayway.jsonpath.internal.path.CompiledPath -- Evaluating path: $
22:57:28.616 [pool-2-thread-94] DEBUG com.jayway.jsonpath.internal.path.CompiledPath -- Evaluating path: $
22:57:28.616 [pool-2-thread-33] DEBUG com.jayway.jsonpath.internal.path.CompiledPath -- Evaluating path: $
22:57:28.616 [pool-2-thread-13] DEBUG com.jayway.jsonpath.internal.path.CompiledPath -- Evaluating path: $
22:57:28.616 [pool-2-thread-82] DEBUG com.jayway.jsonpath.internal.path.CompiledPath -- Evaluating path: $
22:57:28.616 [pool-2-thread-100] DEBUG com.jayway.jsonpath.internal.path.CompiledPath -- Evaluating path: $
22:57:28.616 [pool-2-thread-27] DEBUG com.jayway.jsonpath.internal.path.CompiledPath -- Evaluating path: $
22:57:28.616 [pool-2-thread-96] DEBUG com.jayway.jsonpath.internal.path.CompiledPath -- Evaluating path: $
22:57:28.616 [pool-2-thread-4] DEBUG com.jayway.jsonpath.internal.path.CompiledPath -- Evaluating path: $
22:57:28.616 [pool-2-thread-58] DEBUG com.jayway.jsonpath.internal.path.CompiledPath -- Evaluating path: $
22:57:28.616 [pool-2-thread-1] DEBUG com.jayway.jsonpath.internal.path.CompiledPath -- Evaluating path: $
22:57:28.616 [pool-2-thread-61] DEBUG com.jayway.jsonpath.internal.path.CompiledPath -- Evaluating path: $
22:57:28.616 [pool-2-thread-15] DEBUG com.jayway.jsonpath.internal.path.CompiledPath -- Evaluating path: $
22:57:28.616 [pool-2-thread-17] DEBUG com.jayway.jsonpath.internal.path.CompiledPath -- Evaluating path: $
22:57:28.616 [pool-2-thread-38] DEBUG com.jayway.jsonpath.internal.path.CompiledPath -- Evaluating path: $
22:57:28.616 [pool-2-thread-45] DEBUG com.jayway.jsonpath.internal.path.CompiledPath -- Evaluating path: $
22:57:28.616 [pool-2-thread-3] DEBUG com.jayway.jsonpath.internal.path.CompiledPath -- Evaluating path: $
22:57:28.616 [pool-2-thread-89] DEBUG com.jayway.jsonpath.internal.path.CompiledPath -- Evaluating path: $
22:57:28.616 [pool-2-thread-7] DEBUG com.jayway.jsonpath.internal.path.CompiledPath -- Evaluating path: $
22:57:28.616 [pool-2-thread-18] DEBUG com.jayway.jsonpath.internal.path.CompiledPath -- Evaluating path: $
22:57:28.616 [pool-2-thread-85] DEBUG com.jayway.jsonpath.internal.path.CompiledPath -- Evaluating path: $
22:57:28.616 [pool-2-thread-98] DEBUG com.jayway.jsonpath.internal.path.CompiledPath -- Evaluating path: $
22:57:28.616 [pool-2-thread-52] DEBUG com.jayway.jsonpath.internal.path.CompiledPath -- Evaluating path: $
22:57:28.616 [pool-2-thread-6] DEBUG com.jayway.jsonpath.internal.path.CompiledPath -- Evaluating path: $
22:57:28.616 [pool-2-thread-37] DEBUG com.jayway.jsonpath.internal.path.CompiledPath -- Evaluating path: $
22:57:28.616 [pool-2-thread-88] DEBUG com.jayway.jsonpath.internal.path.CompiledPath -- Evaluating path: $
22:57:28.616 [pool-2-thread-63] DEBUG com.jayway.jsonpath.internal.path.CompiledPath -- Evaluating path: $
22:57:28.616 [pool-2-thread-30] DEBUG com.jayway.jsonpath.internal.path.CompiledPath -- Evaluating path: $
22:57:28.616 [pool-2-thread-77] DEBUG com.jayway.jsonpath.internal.path.CompiledPath -- Evaluating path: $
22:57:28.616 [pool-2-thread-95] DEBUG com.jayway.jsonpath.internal.path.CompiledPath -- Evaluating path: $
22:57:28.616 [pool-2-thread-62] DEBUG com.jayway.jsonpath.internal.path.CompiledPath -- Evaluating path: $
22:57:28.616 [pool-2-thread-66] DEBUG com.jayway.jsonpath.internal.path.CompiledPath -- Evaluating path: $
22:57:28.616 [pool-2-thread-5] DEBUG com.jayway.jsonpath.internal.path.CompiledPath -- Evaluating path: $
22:57:28.616 [pool-2-thread-56] DEBUG com.jayway.jsonpath.internal.path.CompiledPath -- Evaluating path: $
22:57:28.616 [pool-2-thread-72] DEBUG com.jayway.jsonpath.internal.path.CompiledPath -- Evaluating path: $
22:57:28.616 [pool-2-thread-49] DEBUG com.jayway.jsonpath.internal.path.CompiledPath -- Evaluating path: $
22:57:28.616 [pool-2-thread-84] DEBUG com.jayway.jsonpath.internal.path.CompiledPath -- Evaluating path: $
22:57:28.616 [pool-2-thread-22] DEBUG com.jayway.jsonpath.internal.path.CompiledPath -- Evaluating path: $
22:57:28.616 [pool-2-thread-42] DEBUG com.jayway.jsonpath.internal.path.CompiledPath -- Evaluating path: $
22:57:28.616 [pool-2-thread-73] DEBUG com.jayway.jsonpath.internal.path.CompiledPath -- Evaluating path: $
22:57:28.616 [pool-2-thread-9] DEBUG com.jayway.jsonpath.internal.path.CompiledPath -- Evaluating path: $
22:57:28.616 [pool-2-thread-43] DEBUG com.jayway.jsonpath.internal.path.CompiledPath -- Evaluating path: $
22:57:28.616 [pool-2-thread-81] DEBUG com.jayway.jsonpath.internal.path.CompiledPath -- Evaluating path: $
22:57:28.616 [pool-2-thread-74] DEBUG com.jayway.jsonpath.internal.path.CompiledPath -- Evaluating path: $
22:57:28.616 [pool-2-thread-75] DEBUG com.jayway.jsonpath.internal.path.CompiledPath -- Evaluating path: $
22:57:28.616 [pool-2-thread-14] DEBUG com.jayway.jsonpath.internal.path.CompiledPath -- Evaluating path: $
22:57:28.616 [pool-2-thread-55] DEBUG com.jayway.jsonpath.internal.path.CompiledPath -- Evaluating path: $
22:57:28.616 [pool-2-thread-46] DEBUG com.jayway.jsonpath.internal.path.CompiledPath -- Evaluating path: $
22:57:28.616 [pool-2-thread-91] DEBUG com.jayway.jsonpath.internal.path.CompiledPath -- Evaluating path: $
22:57:28.616 [pool-2-thread-90] DEBUG com.jayway.jsonpath.internal.path.CompiledPath -- Evaluating path: $
22:57:28.616 [pool-2-thread-50] DEBUG com.jayway.jsonpath.internal.path.CompiledPath -- Evaluating path: $
22:57:28.616 [pool-2-thread-12] DEBUG com.jayway.jsonpath.internal.path.CompiledPath -- Evaluating path: $
22:57:28.616 [pool-2-thread-2] DEBUG com.jayway.jsonpath.internal.path.CompiledPath -- Evaluating path: $
22:57:28.616 [pool-2-thread-19] DEBUG com.jayway.jsonpath.internal.path.CompiledPath -- Evaluating path: $
22:57:28.616 [pool-2-thread-48] DEBUG com.jayway.jsonpath.internal.path.CompiledPath -- Evaluating path: $
22:57:28.617 [pool-2-thread-8] DEBUG com.jayway.jsonpath.internal.path.CompiledPath -- Evaluating path: $
22:57:28.617 [pool-2-thread-64] DEBUG com.jayway.jsonpath.internal.path.CompiledPath -- Evaluating path: $
22:57:28.617 [pool-2-thread-51] DEBUG com.jayway.jsonpath.internal.path.CompiledPath -- Evaluating path: $
22:57:28.617 [pool-2-thread-87] DEBUG com.jayway.jsonpath.internal.path.CompiledPath -- Evaluating path: $
22:57:28.617 [pool-2-thread-86] DEBUG com.jayway.jsonpath.internal.path.CompiledPath -- Evaluating path: $
22:57:28.617 [pool-2-thread-41] DEBUG com.jayway.jsonpath.internal.path.CompiledPath -- Evaluating path: $
22:57:28.617 [pool-2-thread-53] DEBUG com.jayway.jsonpath.internal.path.CompiledPath -- Evaluating path: $
22:57:28.617 [pool-2-thread-76] DEBUG com.jayway.jsonpath.internal.path.CompiledPath -- Evaluating path: $
22:57:28.617 [pool-2-thread-97] DEBUG com.jayway.jsonpath.internal.path.CompiledPath -- Evaluating path: $
22:57:28.617 [pool-2-thread-32] DEBUG com.jayway.jsonpath.internal.path.CompiledPath -- Evaluating path: $
22:57:28.617 [pool-2-thread-11] DEBUG com.jayway.jsonpath.internal.path.CompiledPath -- Evaluating path: $
22:57:28.617 [pool-2-thread-47] DEBUG com.jayway.jsonpath.internal.path.CompiledPath -- Evaluating path: $
22:57:28.617 [pool-2-thread-31] DEBUG com.jayway.jsonpath.internal.path.CompiledPath -- Evaluating path: $
22:57:28.789 [pool-2-thread-60] INFO com.intuit.karate -- [print] *** CONCURRENT API CALL for user: testit2@gmail.com *** 
22:57:28.789 [pool-2-thread-53] INFO com.intuit.karate -- [print] *** CONCURRENT API CALL for user: test@example.com *** 
22:57:28.789 [pool-2-thread-37] INFO com.intuit.karate -- [print] *** CONCURRENT API CALL for user: testit3@gmail.com *** 
22:57:28.789 [pool-2-thread-27] INFO com.intuit.karate -- [print] *** CONCURRENT API CALL for user: testit3@gmail.com *** 
22:57:28.789 [pool-2-thread-12] INFO com.intuit.karate -- [print] *** CONCURRENT API CALL for user: quang1@gmail.com *** 
22:57:28.789 [pool-2-thread-13] INFO com.intuit.karate -- [print] *** CONCURRENT API CALL for user: test@example.com *** 
22:57:28.790 [pool-2-thread-54] INFO com.intuit.karate -- [print] *** CONCURRENT API CALL for user: test2@example.com *** 
22:57:28.789 [pool-2-thread-9] INFO com.intuit.karate -- [print] *** CONCURRENT API CALL for user: testit@gmail.com *** 
22:57:28.789 [pool-2-thread-90] INFO com.intuit.karate -- [print] *** CONCURRENT API CALL for user: testit2@gmail.com *** 
22:57:28.791 [pool-2-thread-14] INFO com.intuit.karate -- [print] *** CONCURRENT API CALL for user: test2@example.com *** 
22:57:28.789 [pool-2-thread-45] INFO com.intuit.karate -- [print] *** CONCURRENT API CALL for user: test28@example.com *** 
22:57:28.789 [pool-2-thread-43] INFO com.intuit.karate -- [print] *** CONCURRENT API CALL for user: test@example.com *** 
22:57:28.789 [pool-2-thread-20] INFO com.intuit.karate -- [print] *** CONCURRENT API CALL for user: testit2@gmail.com *** 
22:57:28.789 [pool-2-thread-87] INFO com.intuit.karate -- [print] *** CONCURRENT API CALL for user: testit3@gmail.com *** 
22:57:28.792 [pool-2-thread-70] INFO com.intuit.karate -- [print] *** CONCURRENT API CALL for user: testit2@gmail.com *** 
22:57:28.792 [pool-2-thread-98] INFO com.intuit.karate -- [print] *** CONCURRENT API CALL for user: testit5@gmail.com *** 
22:57:28.792 [pool-2-thread-56] INFO com.intuit.karate -- [print] *** CONCURRENT API CALL for user: testit4@gmail.com *** 
22:57:28.789 [pool-2-thread-100] INFO com.intuit.karate -- [print] *** CONCURRENT API CALL for user: testit2@gmail.com *** 
22:57:28.789 [pool-2-thread-33] INFO com.intuit.karate -- [print] *** CONCURRENT API CALL for user: test@example.com *** 
22:57:28.795 [pool-2-thread-63] INFO com.intuit.karate -- [print] *** CONCURRENT API CALL for user: test@example.com *** 
22:57:28.795 [pool-2-thread-22] INFO com.intuit.karate -- [print] *** CONCURRENT API CALL for user: quang1@gmail.com *** 
22:57:28.795 [pool-2-thread-35] INFO com.intuit.karate -- [print] *** CONCURRENT API CALL for user: test28@example.com *** 
22:57:28.789 [pool-2-thread-66] INFO com.intuit.karate -- [print] *** CONCURRENT API CALL for user: testit4@gmail.com *** 
22:57:28.791 [pool-2-thread-86] INFO com.intuit.karate -- [print] *** CONCURRENT API CALL for user: testit4@gmail.com *** 
22:57:28.796 [pool-2-thread-2] INFO com.intuit.karate -- [print] *** CONCURRENT API CALL for user: quang1@gmail.com *** 
22:57:28.792 [pool-2-thread-18] INFO com.intuit.karate -- [print] *** CONCURRENT API CALL for user: testit5@gmail.com *** 
22:57:28.796 [pool-2-thread-19] INFO com.intuit.karate -- [print] *** CONCURRENT API CALL for user: testit@gmail.com *** 
22:57:28.797 [pool-2-thread-3] INFO com.intuit.karate -- [print] *** CONCURRENT API CALL for user: test@example.com *** 
22:57:28.792 [pool-2-thread-74] INFO com.intuit.karate -- [print] *** CONCURRENT API CALL for user: test2@example.com *** 
22:57:28.795 [pool-2-thread-59] INFO com.intuit.karate -- [print] *** CONCURRENT API CALL for user: testit@gmail.com *** 
22:57:28.797 [pool-2-thread-42] INFO com.intuit.karate -- [print] *** CONCURRENT API CALL for user: quang1@gmail.com *** 
22:57:28.797 [pool-2-thread-72] INFO com.intuit.karate -- [print] *** CONCURRENT API CALL for user: quang1@gmail.com *** 
22:57:28.797 [pool-2-thread-80] INFO com.intuit.karate -- [print] *** CONCURRENT API CALL for user: testit2@gmail.com *** 
22:57:28.796 [pool-2-thread-85] INFO com.intuit.karate -- [print] *** CONCURRENT API CALL for user: test28@example.com *** 
22:57:28.798 [pool-2-thread-30] INFO com.intuit.karate -- [print] *** CONCURRENT API CALL for user: testit2@gmail.com *** 
22:57:28.796 [pool-2-thread-8] INFO com.intuit.karate -- [print] *** CONCURRENT API CALL for user: testit5@gmail.com *** 
22:57:28.798 [pool-2-thread-36] INFO com.intuit.karate -- [print] *** CONCURRENT API CALL for user: testit4@gmail.com *** 
22:57:28.796 [pool-2-thread-75] INFO com.intuit.karate -- [print] *** CONCURRENT API CALL for user: test28@example.com *** 
22:57:28.798 [pool-2-thread-82] INFO com.intuit.karate -- [print] *** CONCURRENT API CALL for user: quang1@gmail.com *** 
22:57:28.798 [pool-2-thread-88] INFO com.intuit.karate -- [print] *** CONCURRENT API CALL for user: testit5@gmail.com *** 
22:57:28.797 [pool-2-thread-64] INFO com.intuit.karate -- [print] *** CONCURRENT API CALL for user: test2@example.com *** 
22:57:28.797 [pool-2-thread-21] INFO com.intuit.karate -- [print] *** CONCURRENT API CALL for user: nam@gmail.com *** 
22:57:28.799 [pool-2-thread-29] INFO com.intuit.karate -- [print] *** CONCURRENT API CALL for user: testit@gmail.com *** 
22:57:28.797 [pool-2-thread-46] INFO com.intuit.karate -- [print] *** CONCURRENT API CALL for user: testit4@gmail.com *** 
22:57:28.799 [pool-2-thread-69] INFO com.intuit.karate -- [print] *** CONCURRENT API CALL for user: testit@gmail.com *** 
22:57:28.798 [pool-2-thread-76] INFO com.intuit.karate -- [print] *** CONCURRENT API CALL for user: testit4@gmail.com *** 
22:57:28.799 [pool-2-thread-47] INFO com.intuit.karate -- [print] *** CONCURRENT API CALL for user: testit3@gmail.com *** 
22:57:28.800 [pool-2-thread-81] INFO com.intuit.karate -- [print] *** CONCURRENT API CALL for user: nam@gmail.com *** 
22:57:28.800 [pool-2-thread-50] INFO com.intuit.karate -- [print] *** CONCURRENT API CALL for user: testit2@gmail.com *** 
22:57:28.800 [pool-2-thread-51] INFO com.intuit.karate -- [print] *** CONCURRENT API CALL for user: nam@gmail.com *** 
22:57:28.800 [pool-2-thread-62] INFO com.intuit.karate -- [print] *** CONCURRENT API CALL for user: quang1@gmail.com *** 
22:57:28.798 [pool-2-thread-78] INFO com.intuit.karate -- [print] *** CONCURRENT API CALL for user: testit5@gmail.com *** 
22:57:28.801 [pool-2-thread-17] INFO com.intuit.karate -- [print] *** CONCURRENT API CALL for user: testit3@gmail.com *** 
22:57:28.801 [pool-2-thread-89] INFO com.intuit.karate -- [print] *** CONCURRENT API CALL for user: testit@gmail.com *** 
22:57:28.800 [pool-2-thread-1] INFO com.intuit.karate -- [print] *** CONCURRENT API CALL for user: nam@gmail.com *** 
22:57:28.801 [pool-2-thread-73] INFO com.intuit.karate -- [print] *** CONCURRENT API CALL for user: test@example.com *** 
22:57:28.800 [pool-2-thread-5] INFO com.intuit.karate -- [print] *** CONCURRENT API CALL for user: test28@example.com *** 
22:57:28.801 [pool-2-thread-58] INFO com.intuit.karate -- [print] *** CONCURRENT API CALL for user: testit5@gmail.com *** 
22:57:28.801 [pool-2-thread-23] INFO com.intuit.karate -- [print] *** CONCURRENT API CALL for user: test@example.com *** 
22:57:28.800 [pool-2-thread-48] INFO com.intuit.karate -- [print] *** CONCURRENT API CALL for user: testit5@gmail.com *** 
22:57:28.800 [pool-2-thread-38] INFO com.intuit.karate -- [print] *** CONCURRENT API CALL for user: testit5@gmail.com *** 
22:57:28.800 [pool-2-thread-92] INFO com.intuit.karate -- [print] *** CONCURRENT API CALL for user: quang1@gmail.com *** 
22:57:28.802 [pool-2-thread-96] INFO com.intuit.karate -- [print] *** CONCURRENT API CALL for user: testit4@gmail.com *** 
22:57:28.802 [pool-2-thread-34] INFO com.intuit.karate -- [print] *** CONCURRENT API CALL for user: test2@example.com *** 
22:57:28.803 [pool-2-thread-99] INFO com.intuit.karate -- [print] *** CONCURRENT API CALL for user: testit@gmail.com *** 
22:57:28.803 [pool-2-thread-67] INFO com.intuit.karate -- [print] *** CONCURRENT API CALL for user: testit3@gmail.com *** 
22:57:28.803 [pool-2-thread-40] INFO com.intuit.karate -- [print] *** CONCURRENT API CALL for user: testit2@gmail.com *** 
22:57:28.803 [pool-2-thread-68] INFO com.intuit.karate -- [print] *** CONCURRENT API CALL for user: testit5@gmail.com *** 
22:57:28.803 [pool-2-thread-24] INFO com.intuit.karate -- [print] *** CONCURRENT API CALL for user: test2@example.com *** 
22:57:28.803 [pool-2-thread-61] INFO com.intuit.karate -- [print] *** CONCURRENT API CALL for user: nam@gmail.com *** 
22:57:28.803 [pool-2-thread-16] INFO com.intuit.karate -- [print] *** CONCURRENT API CALL for user: testit4@gmail.com *** 
22:57:28.803 [pool-2-thread-32] INFO com.intuit.karate -- [print] *** CONCURRENT API CALL for user: quang1@gmail.com *** 
22:57:28.803 [pool-2-thread-71] INFO com.intuit.karate -- [print] *** CONCURRENT API CALL for user: nam@gmail.com *** 
22:57:28.804 [pool-2-thread-49] INFO com.intuit.karate -- [print] *** CONCURRENT API CALL for user: testit@gmail.com *** 
22:57:28.804 [pool-2-thread-15] INFO com.intuit.karate -- [print] *** CONCURRENT API CALL for user: test28@example.com *** 
22:57:28.804 [pool-2-thread-77] INFO com.intuit.karate -- [print] *** CONCURRENT API CALL for user: testit3@gmail.com *** 
22:57:28.804 [pool-2-thread-10] INFO com.intuit.karate -- [print] *** CONCURRENT API CALL for user: testit2@gmail.com *** 
22:57:28.804 [pool-2-thread-83] INFO com.intuit.karate -- [print] *** CONCURRENT API CALL for user: test@example.com *** 
22:57:28.804 [pool-2-thread-94] INFO com.intuit.karate -- [print] *** CONCURRENT API CALL for user: test2@example.com *** 
22:57:28.805 [pool-2-thread-7] INFO com.intuit.karate -- [print] *** CONCURRENT API CALL for user: testit3@gmail.com *** 
22:57:28.805 [pool-2-thread-91] INFO com.intuit.karate -- [print] *** CONCURRENT API CALL for user: nam@gmail.com *** 
22:57:28.805 [pool-2-thread-52] INFO com.intuit.karate -- [print] *** CONCURRENT API CALL for user: quang1@gmail.com *** 
22:57:28.805 [pool-2-thread-11] INFO com.intuit.karate -- [print] *** CONCURRENT API CALL for user: nam@gmail.com *** 
22:57:28.805 [pool-2-thread-25] INFO com.intuit.karate -- [print] *** CONCURRENT API CALL for user: test28@example.com *** 
22:57:28.805 [pool-2-thread-55] INFO com.intuit.karate -- [print] *** CONCURRENT API CALL for user: test28@example.com *** 
22:57:28.805 [pool-2-thread-57] INFO com.intuit.karate -- [print] *** CONCURRENT API CALL for user: testit3@gmail.com *** 
22:57:28.806 [pool-2-thread-28] INFO com.intuit.karate -- [print] *** CONCURRENT API CALL for user: testit5@gmail.com *** 
22:57:28.806 [pool-2-thread-44] INFO com.intuit.karate -- [print] *** CONCURRENT API CALL for user: test2@example.com *** 
22:57:28.805 [pool-2-thread-84] INFO com.intuit.karate -- [print] *** CONCURRENT API CALL for user: test2@example.com *** 
22:57:28.806 [pool-2-thread-4] INFO com.intuit.karate -- [print] *** CONCURRENT API CALL for user: test2@example.com *** 
22:57:28.806 [pool-2-thread-31] INFO com.intuit.karate -- [print] *** CONCURRENT API CALL for user: nam@gmail.com *** 
22:57:28.806 [pool-2-thread-39] INFO com.intuit.karate -- [print] *** CONCURRENT API CALL for user: testit@gmail.com *** 
22:57:28.807 [pool-2-thread-41] INFO com.intuit.karate -- [print] *** CONCURRENT API CALL for user: nam@gmail.com *** 
22:57:28.807 [pool-2-thread-95] INFO com.intuit.karate -- [print] *** CONCURRENT API CALL for user: test28@example.com *** 
22:57:28.807 [pool-2-thread-65] INFO com.intuit.karate -- [print] *** CONCURRENT API CALL for user: test28@example.com *** 
22:57:28.807 [pool-2-thread-6] INFO com.intuit.karate -- [print] *** CONCURRENT API CALL for user: testit4@gmail.com *** 
22:57:28.807 [pool-2-thread-79] INFO com.intuit.karate -- [print] *** CONCURRENT API CALL for user: testit@gmail.com *** 
22:57:28.807 [pool-2-thread-93] INFO com.intuit.karate -- [print] *** CONCURRENT API CALL for user: test@example.com *** 
22:57:28.807 [pool-2-thread-97] INFO com.intuit.karate -- [print] *** CONCURRENT API CALL for user: testit3@gmail.com *** 
22:57:28.808 [pool-2-thread-26] INFO com.intuit.karate -- [print] *** CONCURRENT API CALL for user: testit4@gmail.com *** 
22:57:28.863 [pool-2-thread-40] DEBUG io.netty.util.internal.logging.InternalLoggerFactory -- Using SLF4J as the default logging framework
22:57:28.865 [pool-2-thread-40] DEBUG io.netty.util.internal.PlatformDependent0 -- -Dio.netty.noUnsafe: false
22:57:28.867 [pool-2-thread-40] DEBUG io.netty.util.internal.PlatformDependent0 -- Java version: 17
22:57:28.867 [pool-2-thread-40] DEBUG io.netty.util.internal.PlatformDependent0 -- sun.misc.Unsafe.theUnsafe: available
22:57:28.868 [pool-2-thread-40] DEBUG io.netty.util.internal.PlatformDependent0 -- sun.misc.Unsafe.copyMemory: available
22:57:28.868 [pool-2-thread-40] DEBUG io.netty.util.internal.PlatformDependent0 -- sun.misc.Unsafe.storeFence: available
22:57:28.868 [pool-2-thread-40] DEBUG io.netty.util.internal.PlatformDependent0 -- java.nio.Buffer.address: available
22:57:28.869 [pool-2-thread-40] DEBUG io.netty.util.internal.PlatformDependent0 -- direct buffer constructor: unavailable: Reflective setAccessible(true) disabled
22:57:28.869 [pool-2-thread-40] DEBUG io.netty.util.internal.PlatformDependent0 -- java.nio.Bits.unaligned: available, true
22:57:28.870 [pool-2-thread-40] DEBUG io.netty.util.internal.PlatformDependent0 -- jdk.internal.misc.Unsafe.allocateUninitializedArray(int): unavailable: class io.netty.util.internal.PlatformDependent0$7 cannot access class jdk.internal.misc.Unsafe (in module java.base) because module java.base does not export jdk.internal.misc to unnamed module @76329302
22:57:28.871 [pool-2-thread-40] DEBUG io.netty.util.internal.PlatformDependent0 -- java.nio.DirectByteBuffer.<init>(long, int): unavailable
22:57:28.871 [pool-2-thread-40] DEBUG io.netty.util.internal.PlatformDependent -- sun.misc.Unsafe: available
22:57:28.872 [pool-2-thread-40] DEBUG io.netty.util.internal.PlatformDependent -- maxDirectMemory: 4123000832 bytes (maybe)
22:57:28.873 [pool-2-thread-40] DEBUG io.netty.util.internal.PlatformDependent -- -Dio.netty.tmpdir: C:\Users\monst\AppData\Local\Temp (java.io.tmpdir)
22:57:28.873 [pool-2-thread-40] DEBUG io.netty.util.internal.PlatformDependent -- -Dio.netty.bitMode: 64 (sun.arch.data.model)
22:57:28.874 [pool-2-thread-40] DEBUG io.netty.util.internal.PlatformDependent -- Platform: Windows
22:57:28.875 [pool-2-thread-40] DEBUG io.netty.util.internal.PlatformDependent -- -Dio.netty.maxDirectMemory: -1 bytes
22:57:28.875 [pool-2-thread-40] DEBUG io.netty.util.internal.PlatformDependent -- -Dio.netty.uninitializedArrayAllocationThreshold: -1
22:57:28.876 [pool-2-thread-40] DEBUG io.netty.util.internal.CleanerJava9 -- java.nio.ByteBuffer.cleaner(): available
22:57:28.876 [pool-2-thread-40] DEBUG io.netty.util.internal.PlatformDependent -- -Dio.netty.noPreferDirect: false
22:57:29.182 [pool-2-thread-85] DEBUG org.apache.http.client.protocol.RequestAddCookies -- CookieSpec selected: karate
22:57:29.182 [pool-2-thread-86] DEBUG org.apache.http.client.protocol.RequestAddCookies -- CookieSpec selected: karate
22:57:29.182 [pool-2-thread-7] DEBUG org.apache.http.client.protocol.RequestAddCookies -- CookieSpec selected: karate
22:57:29.182 [pool-2-thread-19] DEBUG org.apache.http.client.protocol.RequestAddCookies -- CookieSpec selected: karate
22:57:29.182 [pool-2-thread-56] DEBUG org.apache.http.client.protocol.RequestAddCookies -- CookieSpec selected: karate
22:57:29.182 [pool-2-thread-33] DEBUG org.apache.http.client.protocol.RequestAddCookies -- CookieSpec selected: karate
22:57:29.182 [pool-2-thread-73] DEBUG org.apache.http.client.protocol.RequestAddCookies -- CookieSpec selected: karate
22:57:29.182 [pool-2-thread-3] DEBUG org.apache.http.client.protocol.RequestAddCookies -- CookieSpec selected: karate
22:57:29.182 [pool-2-thread-48] DEBUG org.apache.http.client.protocol.RequestAddCookies -- CookieSpec selected: karate
22:57:29.182 [pool-2-thread-55] DEBUG org.apache.http.client.protocol.RequestAddCookies -- CookieSpec selected: karate
22:57:29.182 [pool-2-thread-9] DEBUG org.apache.http.client.protocol.RequestAddCookies -- CookieSpec selected: karate
22:57:29.182 [pool-2-thread-80] DEBUG org.apache.http.client.protocol.RequestAddCookies -- CookieSpec selected: karate
22:57:29.183 [pool-2-thread-8] DEBUG org.apache.http.client.protocol.RequestAddCookies -- CookieSpec selected: karate
22:57:29.183 [pool-2-thread-83] DEBUG org.apache.http.client.protocol.RequestAddCookies -- CookieSpec selected: karate
22:57:29.183 [pool-2-thread-60] DEBUG org.apache.http.client.protocol.RequestAddCookies -- CookieSpec selected: karate
22:57:29.183 [pool-2-thread-22] DEBUG org.apache.http.client.protocol.RequestAddCookies -- CookieSpec selected: karate
22:57:29.183 [pool-2-thread-78] DEBUG org.apache.http.client.protocol.RequestAddCookies -- CookieSpec selected: karate
22:57:29.183 [pool-2-thread-4] DEBUG org.apache.http.client.protocol.RequestAddCookies -- CookieSpec selected: karate
22:57:29.182 [pool-2-thread-59] DEBUG org.apache.http.client.protocol.RequestAddCookies -- CookieSpec selected: karate
22:57:29.182 [pool-2-thread-14] DEBUG org.apache.http.client.protocol.RequestAddCookies -- CookieSpec selected: karate
22:57:29.183 [pool-2-thread-38] DEBUG org.apache.http.client.protocol.RequestAddCookies -- CookieSpec selected: karate
22:57:29.183 [pool-2-thread-36] DEBUG org.apache.http.client.protocol.RequestAddCookies -- CookieSpec selected: karate
22:57:29.183 [pool-2-thread-41] DEBUG org.apache.http.client.protocol.RequestAddCookies -- CookieSpec selected: karate
22:57:29.183 [pool-2-thread-51] DEBUG org.apache.http.client.protocol.RequestAddCookies -- CookieSpec selected: karate
22:57:29.183 [pool-2-thread-5] DEBUG org.apache.http.client.protocol.RequestAddCookies -- CookieSpec selected: karate
22:57:29.183 [pool-2-thread-87] DEBUG org.apache.http.client.protocol.RequestAddCookies -- CookieSpec selected: karate
22:57:29.183 [pool-2-thread-96] DEBUG org.apache.http.client.protocol.RequestAddCookies -- CookieSpec selected: karate
22:57:29.183 [pool-2-thread-94] DEBUG org.apache.http.client.protocol.RequestAddCookies -- CookieSpec selected: karate
22:57:29.183 [pool-2-thread-76] DEBUG org.apache.http.client.protocol.RequestAddCookies -- CookieSpec selected: karate
22:57:29.183 [pool-2-thread-15] DEBUG org.apache.http.client.protocol.RequestAddCookies -- CookieSpec selected: karate
22:57:29.183 [pool-2-thread-93] DEBUG org.apache.http.client.protocol.RequestAddCookies -- CookieSpec selected: karate
22:57:29.183 [pool-2-thread-46] DEBUG org.apache.http.client.protocol.RequestAddCookies -- CookieSpec selected: karate
22:57:29.182 [pool-2-thread-99] DEBUG org.apache.http.client.protocol.RequestAddCookies -- CookieSpec selected: karate
22:57:29.184 [pool-2-thread-67] DEBUG org.apache.http.client.protocol.RequestAddCookies -- CookieSpec selected: karate
22:57:29.184 [pool-2-thread-74] DEBUG org.apache.http.client.protocol.RequestAddCookies -- CookieSpec selected: karate
22:57:29.184 [pool-2-thread-10] DEBUG org.apache.http.client.protocol.RequestAddCookies -- CookieSpec selected: karate
22:57:29.184 [pool-2-thread-72] DEBUG org.apache.http.client.protocol.RequestAddCookies -- CookieSpec selected: karate
22:57:29.184 [pool-2-thread-71] DEBUG org.apache.http.client.protocol.RequestAddCookies -- CookieSpec selected: karate
22:57:29.184 [pool-2-thread-64] DEBUG org.apache.http.client.protocol.RequestAddCookies -- CookieSpec selected: karate
22:57:29.184 [pool-2-thread-27] DEBUG org.apache.http.client.protocol.RequestAddCookies -- CookieSpec selected: karate
22:57:29.184 [pool-2-thread-28] DEBUG org.apache.http.client.protocol.RequestAddCookies -- CookieSpec selected: karate
22:57:29.182 [pool-2-thread-21] DEBUG org.apache.http.client.protocol.RequestAddCookies -- CookieSpec selected: karate
22:57:29.184 [pool-2-thread-29] DEBUG org.apache.http.client.protocol.RequestAddCookies -- CookieSpec selected: karate
22:57:29.184 [pool-2-thread-98] DEBUG org.apache.http.client.protocol.RequestAddCookies -- CookieSpec selected: karate
22:57:29.184 [pool-2-thread-23] DEBUG org.apache.http.client.protocol.RequestAddCookies -- CookieSpec selected: karate
22:57:29.184 [pool-2-thread-90] DEBUG org.apache.http.client.protocol.RequestAddCookies -- CookieSpec selected: karate
22:57:29.182 [pool-2-thread-49] DEBUG org.apache.http.client.protocol.RequestAddCookies -- CookieSpec selected: karate
22:57:29.182 [pool-2-thread-65] DEBUG org.apache.http.client.protocol.RequestAddCookies -- CookieSpec selected: karate
22:57:29.182 [pool-2-thread-58] DEBUG org.apache.http.client.protocol.RequestAddCookies -- CookieSpec selected: karate
22:57:29.184 [pool-2-thread-31] DEBUG org.apache.http.client.protocol.RequestAddCookies -- CookieSpec selected: karate
22:57:29.182 [pool-2-thread-70] DEBUG org.apache.http.client.protocol.RequestAddCookies -- CookieSpec selected: karate
22:57:29.184 [pool-2-thread-16] DEBUG org.apache.http.client.protocol.RequestAddCookies -- CookieSpec selected: karate
22:57:29.182 [pool-2-thread-45] DEBUG org.apache.http.client.protocol.RequestAddCookies -- CookieSpec selected: karate
22:57:29.182 [pool-2-thread-88] DEBUG org.apache.http.client.protocol.RequestAddCookies -- CookieSpec selected: karate
22:57:29.184 [pool-2-thread-75] DEBUG org.apache.http.client.protocol.RequestAddCookies -- CookieSpec selected: karate
22:57:29.182 [pool-2-thread-44] DEBUG org.apache.http.client.protocol.RequestAddCookies -- CookieSpec selected: karate
22:57:29.183 [pool-2-thread-62] DEBUG org.apache.http.client.protocol.RequestAddCookies -- CookieSpec selected: karate
22:57:29.183 [pool-2-thread-61] DEBUG org.apache.http.client.protocol.RequestAddCookies -- CookieSpec selected: karate
22:57:29.183 [pool-2-thread-50] DEBUG org.apache.http.client.protocol.RequestAddCookies -- CookieSpec selected: karate
22:57:29.183 [pool-2-thread-2] DEBUG org.apache.http.client.protocol.RequestAddCookies -- CookieSpec selected: karate
22:57:29.183 [pool-2-thread-40] DEBUG org.apache.http.client.protocol.RequestAddCookies -- CookieSpec selected: karate
22:57:29.183 [pool-2-thread-66] DEBUG org.apache.http.client.protocol.RequestAddCookies -- CookieSpec selected: karate
22:57:29.183 [pool-2-thread-63] DEBUG org.apache.http.client.protocol.RequestAddCookies -- CookieSpec selected: karate
22:57:29.183 [pool-2-thread-100] DEBUG org.apache.http.client.protocol.RequestAddCookies -- CookieSpec selected: karate
22:57:29.183 [pool-2-thread-77] DEBUG org.apache.http.client.protocol.RequestAddCookies -- CookieSpec selected: karate
22:57:29.183 [pool-2-thread-18] DEBUG org.apache.http.client.protocol.RequestAddCookies -- CookieSpec selected: karate
22:57:29.183 [pool-2-thread-34] DEBUG org.apache.http.client.protocol.RequestAddCookies -- CookieSpec selected: karate
22:57:29.183 [pool-2-thread-17] DEBUG org.apache.http.client.protocol.RequestAddCookies -- CookieSpec selected: karate
22:57:29.183 [pool-2-thread-25] DEBUG org.apache.http.client.protocol.RequestAddCookies -- CookieSpec selected: karate
22:57:29.183 [pool-2-thread-79] DEBUG org.apache.http.client.protocol.RequestAddCookies -- CookieSpec selected: karate
22:57:29.183 [pool-2-thread-57] DEBUG org.apache.http.client.protocol.RequestAddCookies -- CookieSpec selected: karate
22:57:29.183 [pool-2-thread-30] DEBUG org.apache.http.client.protocol.RequestAddCookies -- CookieSpec selected: karate
22:57:29.183 [pool-2-thread-43] DEBUG org.apache.http.client.protocol.RequestAddCookies -- CookieSpec selected: karate
22:57:29.183 [pool-2-thread-52] DEBUG org.apache.http.client.protocol.RequestAddCookies -- CookieSpec selected: karate
22:57:29.183 [pool-2-thread-68] DEBUG org.apache.http.client.protocol.RequestAddCookies -- CookieSpec selected: karate
22:57:29.183 [pool-2-thread-13] DEBUG org.apache.http.client.protocol.RequestAddCookies -- CookieSpec selected: karate
22:57:29.183 [pool-2-thread-82] DEBUG org.apache.http.client.protocol.RequestAddCookies -- CookieSpec selected: karate
22:57:29.183 [pool-2-thread-47] DEBUG org.apache.http.client.protocol.RequestAddCookies -- CookieSpec selected: karate
22:57:29.184 [pool-2-thread-89] DEBUG org.apache.http.client.protocol.RequestAddCookies -- CookieSpec selected: karate
22:57:29.184 [pool-2-thread-20] DEBUG org.apache.http.client.protocol.RequestAddCookies -- CookieSpec selected: karate
22:57:29.184 [pool-2-thread-6] DEBUG org.apache.http.client.protocol.RequestAddCookies -- CookieSpec selected: karate
22:57:29.184 [pool-2-thread-92] DEBUG org.apache.http.client.protocol.RequestAddCookies -- CookieSpec selected: karate
22:57:29.184 [pool-2-thread-42] DEBUG org.apache.http.client.protocol.RequestAddCookies -- CookieSpec selected: karate
22:57:29.184 [pool-2-thread-91] DEBUG org.apache.http.client.protocol.RequestAddCookies -- CookieSpec selected: karate
22:57:29.184 [pool-2-thread-97] DEBUG org.apache.http.client.protocol.RequestAddCookies -- CookieSpec selected: karate
22:57:29.184 [pool-2-thread-24] DEBUG org.apache.http.client.protocol.RequestAddCookies -- CookieSpec selected: karate
22:57:29.184 [pool-2-thread-39] DEBUG org.apache.http.client.protocol.RequestAddCookies -- CookieSpec selected: karate
22:57:29.184 [pool-2-thread-35] DEBUG org.apache.http.client.protocol.RequestAddCookies -- CookieSpec selected: karate
22:57:29.184 [pool-2-thread-69] DEBUG org.apache.http.client.protocol.RequestAddCookies -- CookieSpec selected: karate
22:57:29.184 [pool-2-thread-95] DEBUG org.apache.http.client.protocol.RequestAddCookies -- CookieSpec selected: karate
22:57:29.184 [pool-2-thread-26] DEBUG org.apache.http.client.protocol.RequestAddCookies -- CookieSpec selected: karate
22:57:29.184 [pool-2-thread-37] DEBUG org.apache.http.client.protocol.RequestAddCookies -- CookieSpec selected: karate
22:57:29.184 [pool-2-thread-53] DEBUG org.apache.http.client.protocol.RequestAddCookies -- CookieSpec selected: karate
22:57:29.184 [pool-2-thread-11] DEBUG org.apache.http.client.protocol.RequestAddCookies -- CookieSpec selected: karate
22:57:29.184 [pool-2-thread-1] DEBUG org.apache.http.client.protocol.RequestAddCookies -- CookieSpec selected: karate
22:57:29.184 [pool-2-thread-12] DEBUG org.apache.http.client.protocol.RequestAddCookies -- CookieSpec selected: karate
22:57:29.184 [pool-2-thread-84] DEBUG org.apache.http.client.protocol.RequestAddCookies -- CookieSpec selected: karate
22:57:29.184 [pool-2-thread-81] DEBUG org.apache.http.client.protocol.RequestAddCookies -- CookieSpec selected: karate
22:57:29.184 [pool-2-thread-54] DEBUG org.apache.http.client.protocol.RequestAddCookies -- CookieSpec selected: karate
22:57:29.184 [pool-2-thread-32] DEBUG org.apache.http.client.protocol.RequestAddCookies -- CookieSpec selected: karate
22:57:29.193 [pool-2-thread-63] DEBUG org.apache.http.client.protocol.RequestAuthCache -- Auth cache not set in the context
22:57:29.193 [pool-2-thread-8] DEBUG org.apache.http.client.protocol.RequestAuthCache -- Auth cache not set in the context
22:57:29.193 [pool-2-thread-5] DEBUG org.apache.http.client.protocol.RequestAuthCache -- Auth cache not set in the context
22:57:29.193 [pool-2-thread-17] DEBUG org.apache.http.client.protocol.RequestAuthCache -- Auth cache not set in the context
22:57:29.193 [pool-2-thread-70] DEBUG org.apache.http.client.protocol.RequestAuthCache -- Auth cache not set in the context
22:57:29.193 [pool-2-thread-28] DEBUG org.apache.http.client.protocol.RequestAuthCache -- Auth cache not set in the context
22:57:29.193 [pool-2-thread-27] DEBUG org.apache.http.client.protocol.RequestAuthCache -- Auth cache not set in the context
22:57:29.193 [pool-2-thread-67] DEBUG org.apache.http.client.protocol.RequestAuthCache -- Auth cache not set in the context
22:57:29.194 [pool-2-thread-84] DEBUG org.apache.http.client.protocol.RequestAuthCache -- Auth cache not set in the context
22:57:29.194 [pool-2-thread-71] DEBUG org.apache.http.client.protocol.RequestAuthCache -- Auth cache not set in the context
22:57:29.194 [pool-2-thread-3] DEBUG org.apache.http.client.protocol.RequestAuthCache -- Auth cache not set in the context
22:57:29.194 [pool-2-thread-2] DEBUG org.apache.http.client.protocol.RequestAuthCache -- Auth cache not set in the context
22:57:29.194 [pool-2-thread-94] DEBUG org.apache.http.client.protocol.RequestAuthCache -- Auth cache not set in the context
22:57:29.193 [pool-2-thread-66] DEBUG org.apache.http.client.protocol.RequestAuthCache -- Auth cache not set in the context
22:57:29.193 [pool-2-thread-21] DEBUG org.apache.http.client.protocol.RequestAuthCache -- Auth cache not set in the context
22:57:29.194 [pool-2-thread-31] DEBUG org.apache.http.client.protocol.RequestAuthCache -- Auth cache not set in the context
22:57:29.193 [pool-2-thread-90] DEBUG org.apache.http.client.protocol.RequestAuthCache -- Auth cache not set in the context
22:57:29.194 [pool-2-thread-47] DEBUG org.apache.http.client.protocol.RequestAuthCache -- Auth cache not set in the context
22:57:29.193 [pool-2-thread-56] DEBUG org.apache.http.client.protocol.RequestAuthCache -- Auth cache not set in the context
22:57:29.194 [pool-2-thread-1] DEBUG org.apache.http.client.protocol.RequestAuthCache -- Auth cache not set in the context
22:57:29.194 [pool-2-thread-64] DEBUG org.apache.http.client.protocol.RequestAuthCache -- Auth cache not set in the context
22:57:29.193 [pool-2-thread-42] DEBUG org.apache.http.client.protocol.RequestAuthCache -- Auth cache not set in the context
22:57:29.194 [pool-2-thread-50] DEBUG org.apache.http.client.protocol.RequestAuthCache -- Auth cache not set in the context
22:57:29.194 [pool-2-thread-68] DEBUG org.apache.http.client.protocol.RequestAuthCache -- Auth cache not set in the context
22:57:29.193 [pool-2-thread-33] DEBUG org.apache.http.client.protocol.RequestAuthCache -- Auth cache not set in the context
22:57:29.193 [pool-2-thread-6] DEBUG org.apache.http.client.protocol.RequestAuthCache -- Auth cache not set in the context
22:57:29.194 [pool-2-thread-41] DEBUG org.apache.http.client.protocol.RequestAuthCache -- Auth cache not set in the context
22:57:29.194 [pool-2-thread-44] DEBUG org.apache.http.client.protocol.RequestAuthCache -- Auth cache not set in the context
22:57:29.194 [pool-2-thread-32] DEBUG org.apache.http.client.protocol.RequestAuthCache -- Auth cache not set in the context
22:57:29.194 [pool-2-thread-18] DEBUG org.apache.http.client.protocol.RequestAuthCache -- Auth cache not set in the context
22:57:29.194 [pool-2-thread-59] DEBUG org.apache.http.client.protocol.RequestAuthCache -- Auth cache not set in the context
22:57:29.193 [pool-2-thread-11] DEBUG org.apache.http.client.protocol.RequestAuthCache -- Auth cache not set in the context
22:57:29.195 [pool-2-thread-82] DEBUG org.apache.http.client.protocol.RequestAuthCache -- Auth cache not set in the context
22:57:29.195 [pool-2-thread-72] DEBUG org.apache.http.client.protocol.RequestAuthCache -- Auth cache not set in the context
22:57:29.195 [pool-2-thread-7] DEBUG org.apache.http.client.protocol.RequestAuthCache -- Auth cache not set in the context
22:57:29.195 [pool-2-thread-88] DEBUG org.apache.http.client.protocol.RequestAuthCache -- Auth cache not set in the context
22:57:29.193 [pool-2-thread-38] DEBUG org.apache.http.client.protocol.RequestAuthCache -- Auth cache not set in the context
22:57:29.193 [pool-2-thread-30] DEBUG org.apache.http.client.protocol.RequestAuthCache -- Auth cache not set in the context
22:57:29.193 [pool-2-thread-55] DEBUG org.apache.http.client.protocol.RequestAuthCache -- Auth cache not set in the context
22:57:29.193 [pool-2-thread-25] DEBUG org.apache.http.client.protocol.RequestAuthCache -- Auth cache not set in the context
22:57:29.193 [pool-2-thread-87] DEBUG org.apache.http.client.protocol.RequestAuthCache -- Auth cache not set in the context
22:57:29.193 [pool-2-thread-45] DEBUG org.apache.http.client.protocol.RequestAuthCache -- Auth cache not set in the context
22:57:29.193 [pool-2-thread-89] DEBUG org.apache.http.client.protocol.RequestAuthCache -- Auth cache not set in the context
22:57:29.193 [pool-2-thread-53] DEBUG org.apache.http.client.protocol.RequestAuthCache -- Auth cache not set in the context
22:57:29.193 [pool-2-thread-62] DEBUG org.apache.http.client.protocol.RequestAuthCache -- Auth cache not set in the context
22:57:29.193 [pool-2-thread-85] DEBUG org.apache.http.client.protocol.RequestAuthCache -- Auth cache not set in the context
22:57:29.193 [pool-2-thread-23] DEBUG org.apache.http.client.protocol.RequestAuthCache -- Auth cache not set in the context
22:57:29.193 [pool-2-thread-99] DEBUG org.apache.http.client.protocol.RequestAuthCache -- Auth cache not set in the context
22:57:29.193 [pool-2-thread-16] DEBUG org.apache.http.client.protocol.RequestAuthCache -- Auth cache not set in the context
22:57:29.193 [pool-2-thread-92] DEBUG org.apache.http.client.protocol.RequestAuthCache -- Auth cache not set in the context
22:57:29.193 [pool-2-thread-26] DEBUG org.apache.http.client.protocol.RequestAuthCache -- Auth cache not set in the context
22:57:29.193 [pool-2-thread-96] DEBUG org.apache.http.client.protocol.RequestAuthCache -- Auth cache not set in the context
22:57:29.193 [pool-2-thread-58] DEBUG org.apache.http.client.protocol.RequestAuthCache -- Auth cache not set in the context
22:57:29.193 [pool-2-thread-29] DEBUG org.apache.http.client.protocol.RequestAuthCache -- Auth cache not set in the context
22:57:29.193 [pool-2-thread-80] DEBUG org.apache.http.client.protocol.RequestAuthCache -- Auth cache not set in the context
22:57:29.193 [pool-2-thread-79] DEBUG org.apache.http.client.protocol.RequestAuthCache -- Auth cache not set in the context
22:57:29.193 [pool-2-thread-97] DEBUG org.apache.http.client.protocol.RequestAuthCache -- Auth cache not set in the context
22:57:29.193 [pool-2-thread-40] DEBUG org.apache.http.client.protocol.RequestAuthCache -- Auth cache not set in the context
22:57:29.193 [pool-2-thread-46] DEBUG org.apache.http.client.protocol.RequestAuthCache -- Auth cache not set in the context
22:57:29.193 [pool-2-thread-81] DEBUG org.apache.http.client.protocol.RequestAuthCache -- Auth cache not set in the context
22:57:29.193 [pool-2-thread-36] DEBUG org.apache.http.client.protocol.RequestAuthCache -- Auth cache not set in the context
22:57:29.193 [pool-2-thread-34] DEBUG org.apache.http.client.protocol.RequestAuthCache -- Auth cache not set in the context
22:57:29.193 [pool-2-thread-19] DEBUG org.apache.http.client.protocol.RequestAuthCache -- Auth cache not set in the context
22:57:29.193 [pool-2-thread-75] DEBUG org.apache.http.client.protocol.RequestAuthCache -- Auth cache not set in the context
22:57:29.194 [pool-2-thread-69] DEBUG org.apache.http.client.protocol.RequestAuthCache -- Auth cache not set in the context
22:57:29.194 [pool-2-thread-15] DEBUG org.apache.http.client.protocol.RequestAuthCache -- Auth cache not set in the context
22:57:29.194 [pool-2-thread-61] DEBUG org.apache.http.client.protocol.RequestAuthCache -- Auth cache not set in the context
22:57:29.194 [pool-2-thread-35] DEBUG org.apache.http.client.protocol.RequestAuthCache -- Auth cache not set in the context
22:57:29.194 [pool-2-thread-76] DEBUG org.apache.http.client.protocol.RequestAuthCache -- Auth cache not set in the context
22:57:29.194 [pool-2-thread-22] DEBUG org.apache.http.client.protocol.RequestAuthCache -- Auth cache not set in the context
22:57:29.194 [pool-2-thread-100] DEBUG org.apache.http.client.protocol.RequestAuthCache -- Auth cache not set in the context
22:57:29.194 [pool-2-thread-14] DEBUG org.apache.http.client.protocol.RequestAuthCache -- Auth cache not set in the context
22:57:29.194 [pool-2-thread-65] DEBUG org.apache.http.client.protocol.RequestAuthCache -- Auth cache not set in the context
22:57:29.194 [pool-2-thread-74] DEBUG org.apache.http.client.protocol.RequestAuthCache -- Auth cache not set in the context
22:57:29.194 [pool-2-thread-60] DEBUG org.apache.http.client.protocol.RequestAuthCache -- Auth cache not set in the context
22:57:29.194 [pool-2-thread-77] DEBUG org.apache.http.client.protocol.RequestAuthCache -- Auth cache not set in the context
22:57:29.194 [pool-2-thread-52] DEBUG org.apache.http.client.protocol.RequestAuthCache -- Auth cache not set in the context
22:57:29.194 [pool-2-thread-95] DEBUG org.apache.http.client.protocol.RequestAuthCache -- Auth cache not set in the context
22:57:29.194 [pool-2-thread-93] DEBUG org.apache.http.client.protocol.RequestAuthCache -- Auth cache not set in the context
22:57:29.194 [pool-2-thread-54] DEBUG org.apache.http.client.protocol.RequestAuthCache -- Auth cache not set in the context
22:57:29.194 [pool-2-thread-86] DEBUG org.apache.http.client.protocol.RequestAuthCache -- Auth cache not set in the context
22:57:29.194 [pool-2-thread-57] DEBUG org.apache.http.client.protocol.RequestAuthCache -- Auth cache not set in the context
22:57:29.194 [pool-2-thread-4] DEBUG org.apache.http.client.protocol.RequestAuthCache -- Auth cache not set in the context
22:57:29.194 [pool-2-thread-98] DEBUG org.apache.http.client.protocol.RequestAuthCache -- Auth cache not set in the context
22:57:29.194 [pool-2-thread-91] DEBUG org.apache.http.client.protocol.RequestAuthCache -- Auth cache not set in the context
22:57:29.194 [pool-2-thread-73] DEBUG org.apache.http.client.protocol.RequestAuthCache -- Auth cache not set in the context
22:57:29.194 [pool-2-thread-37] DEBUG org.apache.http.client.protocol.RequestAuthCache -- Auth cache not set in the context
22:57:29.194 [pool-2-thread-51] DEBUG org.apache.http.client.protocol.RequestAuthCache -- Auth cache not set in the context
22:57:29.194 [pool-2-thread-12] DEBUG org.apache.http.client.protocol.RequestAuthCache -- Auth cache not set in the context
22:57:29.194 [pool-2-thread-39] DEBUG org.apache.http.client.protocol.RequestAuthCache -- Auth cache not set in the context
22:57:29.194 [pool-2-thread-49] DEBUG org.apache.http.client.protocol.RequestAuthCache -- Auth cache not set in the context
22:57:29.194 [pool-2-thread-9] DEBUG org.apache.http.client.protocol.RequestAuthCache -- Auth cache not set in the context
22:57:29.194 [pool-2-thread-83] DEBUG org.apache.http.client.protocol.RequestAuthCache -- Auth cache not set in the context
22:57:29.194 [pool-2-thread-13] DEBUG org.apache.http.client.protocol.RequestAuthCache -- Auth cache not set in the context
22:57:29.195 [pool-2-thread-43] DEBUG org.apache.http.client.protocol.RequestAuthCache -- Auth cache not set in the context
22:57:29.195 [pool-2-thread-24] DEBUG org.apache.http.client.protocol.RequestAuthCache -- Auth cache not set in the context
22:57:29.195 [pool-2-thread-78] DEBUG org.apache.http.client.protocol.RequestAuthCache -- Auth cache not set in the context
22:57:29.195 [pool-2-thread-10] DEBUG org.apache.http.client.protocol.RequestAuthCache -- Auth cache not set in the context
22:57:29.195 [pool-2-thread-20] DEBUG org.apache.http.client.protocol.RequestAuthCache -- Auth cache not set in the context
22:57:29.195 [pool-2-thread-48] DEBUG org.apache.http.client.protocol.RequestAuthCache -- Auth cache not set in the context
22:57:29.204 [pool-2-thread-8] DEBUG com.intuit.karate -- request:
1 > POST http://localhost:3000/auth/login
1 > Content-Type: application/json; charset=UTF-8
1 > Content-Length: 54
1 > Host: localhost:3000
1 > Connection: Keep-Alive
1 > User-Agent: Apache-HttpClient/4.5.14 (Java/17.0.9)
1 > Accept-Encoding: gzip,deflate
{"email":"testit5@gmail.com","password":"Password123"}

22:57:29.204 [pool-2-thread-9] DEBUG com.intuit.karate -- request:
1 > POST http://localhost:3000/auth/login
1 > Content-Type: application/json; charset=UTF-8
1 > Content-Length: 53
1 > Host: localhost:3000
1 > Connection: Keep-Alive
1 > User-Agent: Apache-HttpClient/4.5.14 (Java/17.0.9)
1 > Accept-Encoding: gzip,deflate
{"email":"testit@gmail.com","password":"Password123"}

22:57:29.204 [pool-2-thread-44] DEBUG com.intuit.karate -- request:
1 > POST http://localhost:3000/auth/login
1 > Content-Type: application/json; charset=UTF-8
1 > Content-Length: 54
1 > Host: localhost:3000
1 > Connection: Keep-Alive
1 > User-Agent: Apache-HttpClient/4.5.14 (Java/17.0.9)
1 > Accept-Encoding: gzip,deflate
{"email":"test2@example.com","password":"Password123"}

22:57:29.204 [pool-2-thread-6] DEBUG com.intuit.karate -- request:
1 > POST http://localhost:3000/auth/login
1 > Content-Type: application/json; charset=UTF-8
1 > Content-Length: 54
1 > Host: localhost:3000
1 > Connection: Keep-Alive
1 > User-Agent: Apache-HttpClient/4.5.14 (Java/17.0.9)
1 > Accept-Encoding: gzip,deflate
{"email":"testit4@gmail.com","password":"Password123"}

22:57:29.204 [pool-2-thread-28] DEBUG com.intuit.karate -- request:
1 > POST http://localhost:3000/auth/login
1 > Content-Type: application/json; charset=UTF-8
1 > Content-Length: 54
1 > Host: localhost:3000
1 > Connection: Keep-Alive
1 > User-Agent: Apache-HttpClient/4.5.14 (Java/17.0.9)
1 > Accept-Encoding: gzip,deflate
{"email":"testit5@gmail.com","password":"Password123"}

22:57:29.204 [pool-2-thread-68] DEBUG com.intuit.karate -- request:
1 > POST http://localhost:3000/auth/login
1 > Content-Type: application/json; charset=UTF-8
1 > Content-Length: 54
1 > Host: localhost:3000
1 > Connection: Keep-Alive
1 > User-Agent: Apache-HttpClient/4.5.14 (Java/17.0.9)
1 > Accept-Encoding: gzip,deflate
{"email":"testit5@gmail.com","password":"Password123"}

22:57:29.204 [pool-2-thread-53] DEBUG com.intuit.karate -- request:
1 > POST http://localhost:3000/auth/login
1 > Content-Type: application/json; charset=UTF-8
1 > Content-Length: 53
1 > Host: localhost:3000
1 > Connection: Keep-Alive
1 > User-Agent: Apache-HttpClient/4.5.14 (Java/17.0.9)
1 > Accept-Encoding: gzip,deflate
{"email":"test@example.com","password":"Password123"}

22:57:29.204 [pool-2-thread-79] DEBUG com.intuit.karate -- request:
1 > POST http://localhost:3000/auth/login
1 > Content-Type: application/json; charset=UTF-8
1 > Content-Length: 53
1 > Host: localhost:3000
1 > Connection: Keep-Alive
1 > User-Agent: Apache-HttpClient/4.5.14 (Java/17.0.9)
1 > Accept-Encoding: gzip,deflate
{"email":"testit@gmail.com","password":"Password123"}

22:57:29.204 [pool-2-thread-59] DEBUG com.intuit.karate -- request:
1 > POST http://localhost:3000/auth/login
1 > Content-Type: application/json; charset=UTF-8
1 > Content-Length: 53
1 > Host: localhost:3000
1 > Connection: Keep-Alive
1 > User-Agent: Apache-HttpClient/4.5.14 (Java/17.0.9)
1 > Accept-Encoding: gzip,deflate
{"email":"testit@gmail.com","password":"Password123"}

22:57:29.204 [pool-2-thread-82] DEBUG com.intuit.karate -- request:
1 > POST http://localhost:3000/auth/login
1 > Content-Type: application/json; charset=UTF-8
1 > Content-Length: 48
1 > Host: localhost:3000
1 > Connection: Keep-Alive
1 > User-Agent: Apache-HttpClient/4.5.14 (Java/17.0.9)
1 > Accept-Encoding: gzip,deflate
{"email":"quang1@gmail.com","password":"quang1"}

22:57:29.205 [pool-2-thread-42] DEBUG com.intuit.karate -- request:
1 > POST http://localhost:3000/auth/login
1 > Content-Type: application/json; charset=UTF-8
1 > Content-Length: 48
1 > Host: localhost:3000
1 > Connection: Keep-Alive
1 > User-Agent: Apache-HttpClient/4.5.14 (Java/17.0.9)
1 > Accept-Encoding: gzip,deflate
{"email":"quang1@gmail.com","password":"quang1"}

22:57:29.204 [pool-2-thread-32] DEBUG com.intuit.karate -- request:
1 > POST http://localhost:3000/auth/login
1 > Content-Type: application/json; charset=UTF-8
1 > Content-Length: 48
1 > Host: localhost:3000
1 > Connection: Keep-Alive
1 > User-Agent: Apache-HttpClient/4.5.14 (Java/17.0.9)
1 > Accept-Encoding: gzip,deflate
{"email":"quang1@gmail.com","password":"quang1"}

22:57:29.205 [pool-2-thread-58] DEBUG com.intuit.karate -- request:
1 > POST http://localhost:3000/auth/login
1 > Content-Type: application/json; charset=UTF-8
1 > Content-Length: 54
1 > Host: localhost:3000
1 > Connection: Keep-Alive
1 > User-Agent: Apache-HttpClient/4.5.14 (Java/17.0.9)
1 > Accept-Encoding: gzip,deflate
{"email":"testit5@gmail.com","password":"Password123"}

22:57:29.205 [pool-2-thread-96] DEBUG com.intuit.karate -- request:
1 > POST http://localhost:3000/auth/login
1 > Content-Type: application/json; charset=UTF-8
1 > Content-Length: 54
1 > Host: localhost:3000
1 > Connection: Keep-Alive
1 > User-Agent: Apache-HttpClient/4.5.14 (Java/17.0.9)
1 > Accept-Encoding: gzip,deflate
{"email":"testit4@gmail.com","password":"Password123"}

22:57:29.204 [pool-2-thread-97] DEBUG com.intuit.karate -- request:
1 > POST http://localhost:3000/auth/login
1 > Content-Type: application/json; charset=UTF-8
1 > Content-Length: 54
1 > Host: localhost:3000
1 > Connection: Keep-Alive
1 > User-Agent: Apache-HttpClient/4.5.14 (Java/17.0.9)
1 > Accept-Encoding: gzip,deflate
{"email":"testit3@gmail.com","password":"Password123"}

22:57:29.205 [pool-2-thread-47] DEBUG com.intuit.karate -- request:
1 > POST http://localhost:3000/auth/login
1 > Content-Type: application/json; charset=UTF-8
1 > Content-Length: 54
1 > Host: localhost:3000
1 > Connection: Keep-Alive
1 > User-Agent: Apache-HttpClient/4.5.14 (Java/17.0.9)
1 > Accept-Encoding: gzip,deflate
{"email":"testit3@gmail.com","password":"Password123"}

22:57:29.205 [pool-2-thread-22] DEBUG com.intuit.karate -- request:
1 > POST http://localhost:3000/auth/login
1 > Content-Type: application/json; charset=UTF-8
1 > Content-Length: 48
1 > Host: localhost:3000
1 > Connection: Keep-Alive
1 > User-Agent: Apache-HttpClient/4.5.14 (Java/17.0.9)
1 > Accept-Encoding: gzip,deflate
{"email":"quang1@gmail.com","password":"quang1"}

22:57:29.205 [pool-2-thread-31] DEBUG com.intuit.karate -- request:
1 > POST http://localhost:3000/auth/login
1 > Content-Type: application/json; charset=UTF-8
1 > Content-Length: 45
1 > Host: localhost:3000
1 > Connection: Keep-Alive
1 > User-Agent: Apache-HttpClient/4.5.14 (Java/17.0.9)
1 > Accept-Encoding: gzip,deflate
{"email":"nam@gmail.com","password":"123456"}

22:57:29.204 [pool-2-thread-24] DEBUG com.intuit.karate -- request:
1 > POST http://localhost:3000/auth/login
1 > Content-Type: application/json; charset=UTF-8
1 > Content-Length: 54
1 > Host: localhost:3000
1 > Connection: Keep-Alive
1 > User-Agent: Apache-HttpClient/4.5.14 (Java/17.0.9)
1 > Accept-Encoding: gzip,deflate
{"email":"test2@example.com","password":"Password123"}

22:57:29.205 [pool-2-thread-61] DEBUG com.intuit.karate -- request:
1 > POST http://localhost:3000/auth/login
1 > Content-Type: application/json; charset=UTF-8
1 > Content-Length: 45
1 > Host: localhost:3000
1 > Connection: Keep-Alive
1 > User-Agent: Apache-HttpClient/4.5.14 (Java/17.0.9)
1 > Accept-Encoding: gzip,deflate
{"email":"nam@gmail.com","password":"123456"}

22:57:29.205 [pool-2-thread-69] DEBUG com.intuit.karate -- request:
1 > POST http://localhost:3000/auth/login
1 > Content-Type: application/json; charset=UTF-8
1 > Content-Length: 53
1 > Host: localhost:3000
1 > Connection: Keep-Alive
1 > User-Agent: Apache-HttpClient/4.5.14 (Java/17.0.9)
1 > Accept-Encoding: gzip,deflate
{"email":"testit@gmail.com","password":"Password123"}

22:57:29.204 [pool-2-thread-11] DEBUG com.intuit.karate -- request:
1 > POST http://localhost:3000/auth/login
1 > Content-Type: application/json; charset=UTF-8
1 > Content-Length: 45
1 > Host: localhost:3000
1 > Connection: Keep-Alive
1 > User-Agent: Apache-HttpClient/4.5.14 (Java/17.0.9)
1 > Accept-Encoding: gzip,deflate
{"email":"nam@gmail.com","password":"123456"}

22:57:29.205 [pool-2-thread-81] DEBUG com.intuit.karate -- request:
1 > POST http://localhost:3000/auth/login
1 > Content-Type: application/json; charset=UTF-8
1 > Content-Length: 45
1 > Host: localhost:3000
1 > Connection: Keep-Alive
1 > User-Agent: Apache-HttpClient/4.5.14 (Java/17.0.9)
1 > Accept-Encoding: gzip,deflate
{"email":"nam@gmail.com","password":"123456"}

22:57:29.204 [pool-2-thread-18] DEBUG com.intuit.karate -- request:
1 > POST http://localhost:3000/auth/login
1 > Content-Type: application/json; charset=UTF-8
1 > Content-Length: 54
1 > Host: localhost:3000
1 > Connection: Keep-Alive
1 > User-Agent: Apache-HttpClient/4.5.14 (Java/17.0.9)
1 > Accept-Encoding: gzip,deflate
{"email":"testit5@gmail.com","password":"Password123"}

22:57:29.204 [pool-2-thread-37] DEBUG com.intuit.karate -- request:
1 > POST http://localhost:3000/auth/login
1 > Content-Type: application/json; charset=UTF-8
1 > Content-Length: 54
1 > Host: localhost:3000
1 > Connection: Keep-Alive
1 > User-Agent: Apache-HttpClient/4.5.14 (Java/17.0.9)
1 > Accept-Encoding: gzip,deflate
{"email":"testit3@gmail.com","password":"Password123"}

22:57:29.204 [pool-2-thread-48] DEBUG com.intuit.karate -- request:
1 > POST http://localhost:3000/auth/login
1 > Content-Type: application/json; charset=UTF-8
1 > Content-Length: 54
1 > Host: localhost:3000
1 > Connection: Keep-Alive
1 > User-Agent: Apache-HttpClient/4.5.14 (Java/17.0.9)
1 > Accept-Encoding: gzip,deflate
{"email":"testit5@gmail.com","password":"Password123"}

22:57:29.204 [pool-2-thread-43] DEBUG com.intuit.karate -- request:
1 > POST http://localhost:3000/auth/login
1 > Content-Type: application/json; charset=UTF-8
1 > Content-Length: 53
1 > Host: localhost:3000
1 > Connection: Keep-Alive
1 > User-Agent: Apache-HttpClient/4.5.14 (Java/17.0.9)
1 > Accept-Encoding: gzip,deflate
{"email":"test@example.com","password":"Password123"}

22:57:29.204 [pool-2-thread-73] DEBUG com.intuit.karate -- request:
1 > POST http://localhost:3000/auth/login
1 > Content-Type: application/json; charset=UTF-8
1 > Content-Length: 53
1 > Host: localhost:3000
1 > Connection: Keep-Alive
1 > User-Agent: Apache-HttpClient/4.5.14 (Java/17.0.9)
1 > Accept-Encoding: gzip,deflate
{"email":"test@example.com","password":"Password123"}

22:57:29.204 [pool-2-thread-91] DEBUG com.intuit.karate -- request:
1 > POST http://localhost:3000/auth/login
1 > Content-Type: application/json; charset=UTF-8
1 > Content-Length: 45
1 > Host: localhost:3000
1 > Connection: Keep-Alive
1 > User-Agent: Apache-HttpClient/4.5.14 (Java/17.0.9)
1 > Accept-Encoding: gzip,deflate
{"email":"nam@gmail.com","password":"123456"}

22:57:29.204 [pool-2-thread-41] DEBUG com.intuit.karate -- request:
1 > POST http://localhost:3000/auth/login
1 > Content-Type: application/json; charset=UTF-8
1 > Content-Length: 45
1 > Host: localhost:3000
1 > Connection: Keep-Alive
1 > User-Agent: Apache-HttpClient/4.5.14 (Java/17.0.9)
1 > Accept-Encoding: gzip,deflate
{"email":"nam@gmail.com","password":"123456"}

22:57:29.204 [pool-2-thread-13] DEBUG com.intuit.karate -- request:
1 > POST http://localhost:3000/auth/login
1 > Content-Type: application/json; charset=UTF-8
1 > Content-Length: 53
1 > Host: localhost:3000
1 > Connection: Keep-Alive
1 > User-Agent: Apache-HttpClient/4.5.14 (Java/17.0.9)
1 > Accept-Encoding: gzip,deflate
{"email":"test@example.com","password":"Password123"}

22:57:29.204 [pool-2-thread-83] DEBUG com.intuit.karate -- request:
1 > POST http://localhost:3000/auth/login
1 > Content-Type: application/json; charset=UTF-8
1 > Content-Length: 53
1 > Host: localhost:3000
1 > Connection: Keep-Alive
1 > User-Agent: Apache-HttpClient/4.5.14 (Java/17.0.9)
1 > Accept-Encoding: gzip,deflate
{"email":"test@example.com","password":"Password123"}

22:57:29.204 [pool-2-thread-98] DEBUG com.intuit.karate -- request:
1 > POST http://localhost:3000/auth/login
1 > Content-Type: application/json; charset=UTF-8
1 > Content-Length: 54
1 > Host: localhost:3000
1 > Connection: Keep-Alive
1 > User-Agent: Apache-HttpClient/4.5.14 (Java/17.0.9)
1 > Accept-Encoding: gzip,deflate
{"email":"testit5@gmail.com","password":"Password123"}

22:57:29.204 [pool-2-thread-4] DEBUG com.intuit.karate -- request:
1 > POST http://localhost:3000/auth/login
1 > Content-Type: application/json; charset=UTF-8
1 > Content-Length: 54
1 > Host: localhost:3000
1 > Connection: Keep-Alive
1 > User-Agent: Apache-HttpClient/4.5.14 (Java/17.0.9)
1 > Accept-Encoding: gzip,deflate
{"email":"test2@example.com","password":"Password123"}

22:57:29.206 [pool-2-thread-4] DEBUG org.apache.http.impl.conn.PoolingHttpClientConnectionManager -- Connection request: [route: {}->http://localhost:3000][total available: 0; route allocated: 0 of 5; total allocated: 0 of 10]
22:57:29.206 [pool-2-thread-44] DEBUG org.apache.http.impl.conn.PoolingHttpClientConnectionManager -- Connection request: [route: {}->http://localhost:3000][total available: 0; route allocated: 0 of 5; total allocated: 0 of 10]
22:57:29.206 [pool-2-thread-11] DEBUG org.apache.http.impl.conn.PoolingHttpClientConnectionManager -- Connection request: [route: {}->http://localhost:3000][total available: 0; route allocated: 0 of 5; total allocated: 0 of 10]
22:57:29.206 [pool-2-thread-28] DEBUG org.apache.http.impl.conn.PoolingHttpClientConnectionManager -- Connection request: [route: {}->http://localhost:3000][total available: 0; route allocated: 0 of 5; total allocated: 0 of 10]
22:57:29.206 [pool-2-thread-79] DEBUG org.apache.http.impl.conn.PoolingHttpClientConnectionManager -- Connection request: [route: {}->http://localhost:3000][total available: 0; route allocated: 0 of 5; total allocated: 0 of 10]
22:57:29.206 [pool-2-thread-32] DEBUG org.apache.http.impl.conn.PoolingHttpClientConnectionManager -- Connection request: [route: {}->http://localhost:3000][total available: 0; route allocated: 0 of 5; total allocated: 0 of 10]
22:57:29.206 [pool-2-thread-41] DEBUG org.apache.http.impl.conn.PoolingHttpClientConnectionManager -- Connection request: [route: {}->http://localhost:3000][total available: 0; route allocated: 0 of 5; total allocated: 0 of 10]
22:57:29.204 [pool-2-thread-7] DEBUG com.intuit.karate -- request:
1 > POST http://localhost:3000/auth/login
1 > Content-Type: application/json; charset=UTF-8
1 > Content-Length: 54
1 > Host: localhost:3000
1 > Connection: Keep-Alive
1 > User-Agent: Apache-HttpClient/4.5.14 (Java/17.0.9)
1 > Accept-Encoding: gzip,deflate
{"email":"testit3@gmail.com","password":"Password123"}

22:57:29.204 [pool-2-thread-72] DEBUG com.intuit.karate -- request:
1 > POST http://localhost:3000/auth/login
1 > Content-Type: application/json; charset=UTF-8
1 > Content-Length: 48
1 > Host: localhost:3000
1 > Connection: Keep-Alive
1 > User-Agent: Apache-HttpClient/4.5.14 (Java/17.0.9)
1 > Accept-Encoding: gzip,deflate
{"email":"quang1@gmail.com","password":"quang1"}

22:57:29.204 [pool-2-thread-49] DEBUG com.intuit.karate -- request:
1 > POST http://localhost:3000/auth/login
1 > Content-Type: application/json; charset=UTF-8
1 > Content-Length: 53
1 > Host: localhost:3000
1 > Connection: Keep-Alive
1 > User-Agent: Apache-HttpClient/4.5.14 (Java/17.0.9)
1 > Accept-Encoding: gzip,deflate
{"email":"testit@gmail.com","password":"Password123"}

22:57:29.206 [pool-2-thread-72] DEBUG org.apache.http.impl.conn.PoolingHttpClientConnectionManager -- Connection request: [route: {}->http://localhost:3000][total available: 0; route allocated: 0 of 5; total allocated: 0 of 10]
22:57:29.204 [pool-2-thread-5] DEBUG com.intuit.karate -- request:
1 > POST http://localhost:3000/auth/login
1 > Content-Type: application/json; charset=UTF-8
1 > Content-Length: 55
1 > Host: localhost:3000
1 > Connection: Keep-Alive
1 > User-Agent: Apache-HttpClient/4.5.14 (Java/17.0.9)
1 > Accept-Encoding: gzip,deflate
{"email":"test28@example.com","password":"Password123"}

22:57:29.204 [pool-2-thread-39] DEBUG com.intuit.karate -- request:
1 > POST http://localhost:3000/auth/login
1 > Content-Type: application/json; charset=UTF-8
1 > Content-Length: 53
1 > Host: localhost:3000
1 > Connection: Keep-Alive
1 > User-Agent: Apache-HttpClient/4.5.14 (Java/17.0.9)
1 > Accept-Encoding: gzip,deflate
{"email":"testit@gmail.com","password":"Password123"}

22:57:29.204 [pool-2-thread-23] DEBUG com.intuit.karate -- request:
1 > POST http://localhost:3000/auth/login
1 > Content-Type: application/json; charset=UTF-8
1 > Content-Length: 53
1 > Host: localhost:3000
1 > Connection: Keep-Alive
1 > User-Agent: Apache-HttpClient/4.5.14 (Java/17.0.9)
1 > Accept-Encoding: gzip,deflate
{"email":"test@example.com","password":"Password123"}

22:57:29.204 [pool-2-thread-57] DEBUG com.intuit.karate -- request:
1 > POST http://localhost:3000/auth/login
1 > Content-Type: application/json; charset=UTF-8
1 > Content-Length: 54
1 > Host: localhost:3000
1 > Connection: Keep-Alive
1 > User-Agent: Apache-HttpClient/4.5.14 (Java/17.0.9)
1 > Accept-Encoding: gzip,deflate
{"email":"testit3@gmail.com","password":"Password123"}

22:57:29.204 [pool-2-thread-33] DEBUG com.intuit.karate -- request:
1 > POST http://localhost:3000/auth/login
1 > Content-Type: application/json; charset=UTF-8
1 > Content-Length: 53
1 > Host: localhost:3000
1 > Connection: Keep-Alive
1 > User-Agent: Apache-HttpClient/4.5.14 (Java/17.0.9)
1 > Accept-Encoding: gzip,deflate
{"email":"test@example.com","password":"Password123"}

22:57:29.204 [pool-2-thread-88] DEBUG com.intuit.karate -- request:
1 > POST http://localhost:3000/auth/login
1 > Content-Type: application/json; charset=UTF-8
1 > Content-Length: 54
1 > Host: localhost:3000
1 > Connection: Keep-Alive
1 > User-Agent: Apache-HttpClient/4.5.14 (Java/17.0.9)
1 > Accept-Encoding: gzip,deflate
{"email":"testit5@gmail.com","password":"Password123"}

22:57:29.204 [pool-2-thread-85] DEBUG com.intuit.karate -- request:
1 > POST http://localhost:3000/auth/login
1 > Content-Type: application/json; charset=UTF-8
1 > Content-Length: 55
1 > Host: localhost:3000
1 > Connection: Keep-Alive
1 > User-Agent: Apache-HttpClient/4.5.14 (Java/17.0.9)
1 > Accept-Encoding: gzip,deflate
{"email":"test28@example.com","password":"Password123"}

22:57:29.204 [pool-2-thread-38] DEBUG com.intuit.karate -- request:
1 > POST http://localhost:3000/auth/login
1 > Content-Type: application/json; charset=UTF-8
1 > Content-Length: 54
1 > Host: localhost:3000
1 > Connection: Keep-Alive
1 > User-Agent: Apache-HttpClient/4.5.14 (Java/17.0.9)
1 > Accept-Encoding: gzip,deflate
{"email":"testit5@gmail.com","password":"Password123"}

22:57:29.204 [pool-2-thread-86] DEBUG com.intuit.karate -- request:
1 > POST http://localhost:3000/auth/login
1 > Content-Type: application/json; charset=UTF-8
1 > Content-Length: 54
1 > Host: localhost:3000
1 > Connection: Keep-Alive
1 > User-Agent: Apache-HttpClient/4.5.14 (Java/17.0.9)
1 > Accept-Encoding: gzip,deflate
{"email":"testit4@gmail.com","password":"Password123"}

22:57:29.207 [pool-2-thread-38] DEBUG org.apache.http.impl.conn.PoolingHttpClientConnectionManager -- Connection request: [route: {}->http://localhost:3000][total available: 0; route allocated: 0 of 5; total allocated: 0 of 10]
22:57:29.207 [pool-2-thread-86] DEBUG org.apache.http.impl.conn.PoolingHttpClientConnectionManager -- Connection request: [route: {}->http://localhost:3000][total available: 0; route allocated: 0 of 5; total allocated: 0 of 10]
22:57:29.204 [pool-2-thread-30] DEBUG com.intuit.karate -- request:
1 > POST http://localhost:3000/auth/login
1 > Content-Type: application/json; charset=UTF-8
1 > Content-Length: 54
1 > Host: localhost:3000
1 > Connection: Keep-Alive
1 > User-Agent: Apache-HttpClient/4.5.14 (Java/17.0.9)
1 > Accept-Encoding: gzip,deflate
{"email":"testit2@gmail.com","password":"Password123"}

22:57:29.204 [pool-2-thread-21] DEBUG com.intuit.karate -- request:
1 > POST http://localhost:3000/auth/login
1 > Content-Type: application/json; charset=UTF-8
1 > Content-Length: 45
1 > Host: localhost:3000
1 > Connection: Keep-Alive
1 > User-Agent: Apache-HttpClient/4.5.14 (Java/17.0.9)
1 > Accept-Encoding: gzip,deflate
{"email":"nam@gmail.com","password":"123456"}

22:57:29.207 [pool-2-thread-30] DEBUG org.apache.http.impl.conn.PoolingHttpClientConnectionManager -- Connection request: [route: {}->http://localhost:3000][total available: 0; route allocated: 0 of 5; total allocated: 0 of 10]
22:57:29.204 [pool-2-thread-55] DEBUG com.intuit.karate -- request:
1 > POST http://localhost:3000/auth/login
1 > Content-Type: application/json; charset=UTF-8
1 > Content-Length: 55
1 > Host: localhost:3000
1 > Connection: Keep-Alive
1 > User-Agent: Apache-HttpClient/4.5.14 (Java/17.0.9)
1 > Accept-Encoding: gzip,deflate
{"email":"test28@example.com","password":"Password123"}

22:57:29.204 [pool-2-thread-54] DEBUG com.intuit.karate -- request:
1 > POST http://localhost:3000/auth/login
1 > Content-Type: application/json; charset=UTF-8
1 > Content-Length: 54
1 > Host: localhost:3000
1 > Connection: Keep-Alive
1 > User-Agent: Apache-HttpClient/4.5.14 (Java/17.0.9)
1 > Accept-Encoding: gzip,deflate
{"email":"test2@example.com","password":"Password123"}

22:57:29.207 [pool-2-thread-55] DEBUG org.apache.http.impl.conn.PoolingHttpClientConnectionManager -- Connection request: [route: {}->http://localhost:3000][total available: 0; route allocated: 0 of 5; total allocated: 0 of 10]
22:57:29.207 [pool-2-thread-54] DEBUG org.apache.http.impl.conn.PoolingHttpClientConnectionManager -- Connection request: [route: {}->http://localhost:3000][total available: 0; route allocated: 0 of 5; total allocated: 0 of 10]
22:57:29.204 [pool-2-thread-25] DEBUG com.intuit.karate -- request:
1 > POST http://localhost:3000/auth/login
1 > Content-Type: application/json; charset=UTF-8
1 > Content-Length: 55
1 > Host: localhost:3000
1 > Connection: Keep-Alive
1 > User-Agent: Apache-HttpClient/4.5.14 (Java/17.0.9)
1 > Accept-Encoding: gzip,deflate
{"email":"test28@example.com","password":"Password123"}

22:57:29.204 [pool-2-thread-93] DEBUG com.intuit.karate -- request:
1 > POST http://localhost:3000/auth/login
1 > Content-Type: application/json; charset=UTF-8
1 > Content-Length: 53
1 > Host: localhost:3000
1 > Connection: Keep-Alive
1 > User-Agent: Apache-HttpClient/4.5.14 (Java/17.0.9)
1 > Accept-Encoding: gzip,deflate
{"email":"test@example.com","password":"Password123"}

22:57:29.204 [pool-2-thread-17] DEBUG com.intuit.karate -- request:
1 > POST http://localhost:3000/auth/login
1 > Content-Type: application/json; charset=UTF-8
1 > Content-Length: 54
1 > Host: localhost:3000
1 > Connection: Keep-Alive
1 > User-Agent: Apache-HttpClient/4.5.14 (Java/17.0.9)
1 > Accept-Encoding: gzip,deflate
{"email":"testit3@gmail.com","password":"Password123"}

22:57:29.217 [pool-2-thread-93] DEBUG org.apache.http.impl.conn.PoolingHttpClientConnectionManager -- Connection request: [route: {}->http://localhost:3000][total available: 0; route allocated: 0 of 5; total allocated: 0 of 10]
22:57:29.204 [pool-2-thread-95] DEBUG com.intuit.karate -- request:
1 > POST http://localhost:3000/auth/login
1 > Content-Type: application/json; charset=UTF-8
1 > Content-Length: 55
1 > Host: localhost:3000
1 > Connection: Keep-Alive
1 > User-Agent: Apache-HttpClient/4.5.14 (Java/17.0.9)
1 > Accept-Encoding: gzip,deflate
{"email":"test28@example.com","password":"Password123"}

22:57:29.217 [pool-2-thread-17] DEBUG org.apache.http.impl.conn.PoolingHttpClientConnectionManager -- Connection request: [route: {}->http://localhost:3000][total available: 0; route allocated: 0 of 5; total allocated: 0 of 10]
22:57:29.204 [pool-2-thread-27] DEBUG com.intuit.karate -- request:
1 > POST http://localhost:3000/auth/login
1 > Content-Type: application/json; charset=UTF-8
1 > Content-Length: 54
1 > Host: localhost:3000
1 > Connection: Keep-Alive
1 > User-Agent: Apache-HttpClient/4.5.14 (Java/17.0.9)
1 > Accept-Encoding: gzip,deflate
{"email":"testit3@gmail.com","password":"Password123"}

22:57:29.204 [pool-2-thread-67] DEBUG com.intuit.karate -- request:
1 > POST http://localhost:3000/auth/login
1 > Content-Type: application/json; charset=UTF-8
1 > Content-Length: 54
1 > Host: localhost:3000
1 > Connection: Keep-Alive
1 > User-Agent: Apache-HttpClient/4.5.14 (Java/17.0.9)
1 > Accept-Encoding: gzip,deflate
{"email":"testit3@gmail.com","password":"Password123"}

22:57:29.217 [pool-2-thread-27] DEBUG org.apache.http.impl.conn.PoolingHttpClientConnectionManager -- Connection request: [route: {}->http://localhost:3000][total available: 0; route allocated: 0 of 5; total allocated: 0 of 10]
22:57:29.204 [pool-2-thread-45] DEBUG com.intuit.karate -- request:
1 > POST http://localhost:3000/auth/login
1 > Content-Type: application/json; charset=UTF-8
1 > Content-Length: 55
1 > Host: localhost:3000
1 > Connection: Keep-Alive
1 > User-Agent: Apache-HttpClient/4.5.14 (Java/17.0.9)
1 > Accept-Encoding: gzip,deflate
{"email":"test28@example.com","password":"Password123"}

22:57:29.204 [pool-2-thread-80] DEBUG com.intuit.karate -- request:
1 > POST http://localhost:3000/auth/login
1 > Content-Type: application/json; charset=UTF-8
1 > Content-Length: 54
1 > Host: localhost:3000
1 > Connection: Keep-Alive
1 > User-Agent: Apache-HttpClient/4.5.14 (Java/17.0.9)
1 > Accept-Encoding: gzip,deflate
{"email":"testit2@gmail.com","password":"Password123"}

22:57:29.204 [pool-2-thread-62] DEBUG com.intuit.karate -- request:
1 > POST http://localhost:3000/auth/login
1 > Content-Type: application/json; charset=UTF-8
1 > Content-Length: 48
1 > Host: localhost:3000
1 > Connection: Keep-Alive
1 > User-Agent: Apache-HttpClient/4.5.14 (Java/17.0.9)
1 > Accept-Encoding: gzip,deflate
{"email":"quang1@gmail.com","password":"quang1"}

22:57:29.204 [pool-2-thread-87] DEBUG com.intuit.karate -- request:
1 > POST http://localhost:3000/auth/login
1 > Content-Type: application/json; charset=UTF-8
1 > Content-Length: 54
1 > Host: localhost:3000
1 > Connection: Keep-Alive
1 > User-Agent: Apache-HttpClient/4.5.14 (Java/17.0.9)
1 > Accept-Encoding: gzip,deflate
{"email":"testit3@gmail.com","password":"Password123"}

22:57:29.218 [pool-2-thread-62] DEBUG org.apache.http.impl.conn.PoolingHttpClientConnectionManager -- Connection request: [route: {}->http://localhost:3000][total available: 0; route allocated: 0 of 5; total allocated: 0 of 10]
22:57:29.204 [pool-2-thread-89] DEBUG com.intuit.karate -- request:
1 > POST http://localhost:3000/auth/login
1 > Content-Type: application/json; charset=UTF-8
1 > Content-Length: 53
1 > Host: localhost:3000
1 > Connection: Keep-Alive
1 > User-Agent: Apache-HttpClient/4.5.14 (Java/17.0.9)
1 > Accept-Encoding: gzip,deflate
{"email":"testit@gmail.com","password":"Password123"}

22:57:29.204 [pool-2-thread-77] DEBUG com.intuit.karate -- request:
1 > POST http://localhost:3000/auth/login
1 > Content-Type: application/json; charset=UTF-8
1 > Content-Length: 54
1 > Host: localhost:3000
1 > Connection: Keep-Alive
1 > User-Agent: Apache-HttpClient/4.5.14 (Java/17.0.9)
1 > Accept-Encoding: gzip,deflate
{"email":"testit3@gmail.com","password":"Password123"}

22:57:29.204 [pool-2-thread-51] DEBUG com.intuit.karate -- request:
1 > POST http://localhost:3000/auth/login
1 > Content-Type: application/json; charset=UTF-8
1 > Content-Length: 45
1 > Host: localhost:3000
1 > Connection: Keep-Alive
1 > User-Agent: Apache-HttpClient/4.5.14 (Java/17.0.9)
1 > Accept-Encoding: gzip,deflate
{"email":"nam@gmail.com","password":"123456"}

22:57:29.218 [pool-2-thread-77] DEBUG org.apache.http.impl.conn.PoolingHttpClientConnectionManager -- Connection request: [route: {}->http://localhost:3000][total available: 0; route allocated: 0 of 5; total allocated: 0 of 10]
22:57:29.204 [pool-2-thread-50] DEBUG com.intuit.karate -- request:
1 > POST http://localhost:3000/auth/login
1 > Content-Type: application/json; charset=UTF-8
1 > Content-Length: 54
1 > Host: localhost:3000
1 > Connection: Keep-Alive
1 > User-Agent: Apache-HttpClient/4.5.14 (Java/17.0.9)
1 > Accept-Encoding: gzip,deflate
{"email":"testit2@gmail.com","password":"Password123"}

22:57:29.204 [pool-2-thread-78] DEBUG com.intuit.karate -- request:
1 > POST http://localhost:3000/auth/login
1 > Content-Type: application/json; charset=UTF-8
1 > Content-Length: 54
1 > Host: localhost:3000
1 > Connection: Keep-Alive
1 > User-Agent: Apache-HttpClient/4.5.14 (Java/17.0.9)
1 > Accept-Encoding: gzip,deflate
{"email":"testit5@gmail.com","password":"Password123"}

22:57:29.218 [pool-2-thread-50] DEBUG org.apache.http.impl.conn.PoolingHttpClientConnectionManager -- Connection request: [route: {}->http://localhost:3000][total available: 0; route allocated: 0 of 5; total allocated: 0 of 10]
22:57:29.218 [pool-2-thread-78] DEBUG org.apache.http.impl.conn.PoolingHttpClientConnectionManager -- Connection request: [route: {}->http://localhost:3000][total available: 0; route allocated: 0 of 5; total allocated: 0 of 10]
22:57:29.204 [pool-2-thread-70] DEBUG com.intuit.karate -- request:
1 > POST http://localhost:3000/auth/login
1 > Content-Type: application/json; charset=UTF-8
1 > Content-Length: 54
1 > Host: localhost:3000
1 > Connection: Keep-Alive
1 > User-Agent: Apache-HttpClient/4.5.14 (Java/17.0.9)
1 > Accept-Encoding: gzip,deflate
{"email":"testit2@gmail.com","password":"Password123"}

22:57:29.204 [pool-2-thread-20] DEBUG com.intuit.karate -- request:
1 > POST http://localhost:3000/auth/login
1 > Content-Type: application/json; charset=UTF-8
1 > Content-Length: 54
1 > Host: localhost:3000
1 > Connection: Keep-Alive
1 > User-Agent: Apache-HttpClient/4.5.14 (Java/17.0.9)
1 > Accept-Encoding: gzip,deflate
{"email":"testit2@gmail.com","password":"Password123"}

22:57:29.204 [pool-2-thread-52] DEBUG com.intuit.karate -- request:
1 > POST http://localhost:3000/auth/login
1 > Content-Type: application/json; charset=UTF-8
1 > Content-Length: 48
1 > Host: localhost:3000
1 > Connection: Keep-Alive
1 > User-Agent: Apache-HttpClient/4.5.14 (Java/17.0.9)
1 > Accept-Encoding: gzip,deflate
{"email":"quang1@gmail.com","password":"quang1"}

22:57:29.205 [pool-2-thread-12] DEBUG com.intuit.karate -- request:
1 > POST http://localhost:3000/auth/login
1 > Content-Type: application/json; charset=UTF-8
1 > Content-Length: 48
1 > Host: localhost:3000
1 > Connection: Keep-Alive
1 > User-Agent: Apache-HttpClient/4.5.14 (Java/17.0.9)
1 > Accept-Encoding: gzip,deflate
{"email":"quang1@gmail.com","password":"quang1"}

22:57:29.219 [pool-2-thread-52] DEBUG org.apache.http.impl.conn.PoolingHttpClientConnectionManager -- Connection request: [route: {}->http://localhost:3000][total available: 0; route allocated: 0 of 5; total allocated: 0 of 10]
22:57:29.205 [pool-2-thread-29] DEBUG com.intuit.karate -- request:
1 > POST http://localhost:3000/auth/login
1 > Content-Type: application/json; charset=UTF-8
1 > Content-Length: 53
1 > Host: localhost:3000
1 > Connection: Keep-Alive
1 > User-Agent: Apache-HttpClient/4.5.14 (Java/17.0.9)
1 > Accept-Encoding: gzip,deflate
{"email":"testit@gmail.com","password":"Password123"}

22:57:29.205 [pool-2-thread-60] DEBUG com.intuit.karate -- request:
1 > POST http://localhost:3000/auth/login
1 > Content-Type: application/json; charset=UTF-8
1 > Content-Length: 54
1 > Host: localhost:3000
1 > Connection: Keep-Alive
1 > User-Agent: Apache-HttpClient/4.5.14 (Java/17.0.9)
1 > Accept-Encoding: gzip,deflate
{"email":"testit2@gmail.com","password":"Password123"}

22:57:29.205 [pool-2-thread-10] DEBUG com.intuit.karate -- request:
1 > POST http://localhost:3000/auth/login
1 > Content-Type: application/json; charset=UTF-8
1 > Content-Length: 54
1 > Host: localhost:3000
1 > Connection: Keep-Alive
1 > User-Agent: Apache-HttpClient/4.5.14 (Java/17.0.9)
1 > Accept-Encoding: gzip,deflate
{"email":"testit2@gmail.com","password":"Password123"}

22:57:29.219 [pool-2-thread-60] DEBUG org.apache.http.impl.conn.PoolingHttpClientConnectionManager -- Connection request: [route: {}->http://localhost:3000][total available: 0; route allocated: 0 of 5; total allocated: 0 of 10]
22:57:29.205 [pool-2-thread-64] DEBUG com.intuit.karate -- request:
1 > POST http://localhost:3000/auth/login
1 > Content-Type: application/json; charset=UTF-8
1 > Content-Length: 54
1 > Host: localhost:3000
1 > Connection: Keep-Alive
1 > User-Agent: Apache-HttpClient/4.5.14 (Java/17.0.9)
1 > Accept-Encoding: gzip,deflate
{"email":"test2@example.com","password":"Password123"}

22:57:29.205 [pool-2-thread-74] DEBUG com.intuit.karate -- request:
1 > POST http://localhost:3000/auth/login
1 > Content-Type: application/json; charset=UTF-8
1 > Content-Length: 54
1 > Host: localhost:3000
1 > Connection: Keep-Alive
1 > User-Agent: Apache-HttpClient/4.5.14 (Java/17.0.9)
1 > Accept-Encoding: gzip,deflate
{"email":"test2@example.com","password":"Password123"}

22:57:29.205 [pool-2-thread-1] DEBUG com.intuit.karate -- request:
1 > POST http://localhost:3000/auth/login
1 > Content-Type: application/json; charset=UTF-8
1 > Content-Length: 45
1 > Host: localhost:3000
1 > Connection: Keep-Alive
1 > User-Agent: Apache-HttpClient/4.5.14 (Java/17.0.9)
1 > Accept-Encoding: gzip,deflate
{"email":"nam@gmail.com","password":"123456"}

22:57:29.205 [pool-2-thread-71] DEBUG com.intuit.karate -- request:
1 > POST http://localhost:3000/auth/login
1 > Content-Type: application/json; charset=UTF-8
1 > Content-Length: 45
1 > Host: localhost:3000
1 > Connection: Keep-Alive
1 > User-Agent: Apache-HttpClient/4.5.14 (Java/17.0.9)
1 > Accept-Encoding: gzip,deflate
{"email":"nam@gmail.com","password":"123456"}

22:57:29.205 [pool-2-thread-84] DEBUG com.intuit.karate -- request:
1 > POST http://localhost:3000/auth/login
1 > Content-Type: application/json; charset=UTF-8
1 > Content-Length: 54
1 > Host: localhost:3000
1 > Connection: Keep-Alive
1 > User-Agent: Apache-HttpClient/4.5.14 (Java/17.0.9)
1 > Accept-Encoding: gzip,deflate
{"email":"test2@example.com","password":"Password123"}

22:57:29.205 [pool-2-thread-65] DEBUG com.intuit.karate -- request:
1 > POST http://localhost:3000/auth/login
1 > Content-Type: application/json; charset=UTF-8
1 > Content-Length: 55
1 > Host: localhost:3000
1 > Connection: Keep-Alive
1 > User-Agent: Apache-HttpClient/4.5.14 (Java/17.0.9)
1 > Accept-Encoding: gzip,deflate
{"email":"test28@example.com","password":"Password123"}

22:57:29.205 [pool-2-thread-14] DEBUG com.intuit.karate -- request:
1 > POST http://localhost:3000/auth/login
1 > Content-Type: application/json; charset=UTF-8
1 > Content-Length: 54
1 > Host: localhost:3000
1 > Connection: Keep-Alive
1 > User-Agent: Apache-HttpClient/4.5.14 (Java/17.0.9)
1 > Accept-Encoding: gzip,deflate
{"email":"test2@example.com","password":"Password123"}

22:57:29.205 [pool-2-thread-3] DEBUG com.intuit.karate -- request:
1 > POST http://localhost:3000/auth/login
1 > Content-Type: application/json; charset=UTF-8
1 > Content-Length: 53
1 > Host: localhost:3000
1 > Connection: Keep-Alive
1 > User-Agent: Apache-HttpClient/4.5.14 (Java/17.0.9)
1 > Accept-Encoding: gzip,deflate
{"email":"test@example.com","password":"Password123"}

22:57:29.205 [pool-2-thread-100] DEBUG com.intuit.karate -- request:
1 > POST http://localhost:3000/auth/login
1 > Content-Type: application/json; charset=UTF-8
1 > Content-Length: 54
1 > Host: localhost:3000
1 > Connection: Keep-Alive
1 > User-Agent: Apache-HttpClient/4.5.14 (Java/17.0.9)
1 > Accept-Encoding: gzip,deflate
{"email":"testit2@gmail.com","password":"Password123"}

22:57:29.205 [pool-2-thread-63] DEBUG com.intuit.karate -- request:
1 > POST http://localhost:3000/auth/login
1 > Content-Type: application/json; charset=UTF-8
1 > Content-Length: 53
1 > Host: localhost:3000
1 > Connection: Keep-Alive
1 > User-Agent: Apache-HttpClient/4.5.14 (Java/17.0.9)
1 > Accept-Encoding: gzip,deflate
{"email":"test@example.com","password":"Password123"}

22:57:29.205 [pool-2-thread-26] DEBUG com.intuit.karate -- request:
1 > POST http://localhost:3000/auth/login
1 > Content-Type: application/json; charset=UTF-8
1 > Content-Length: 54
1 > Host: localhost:3000
1 > Connection: Keep-Alive
1 > User-Agent: Apache-HttpClient/4.5.14 (Java/17.0.9)
1 > Accept-Encoding: gzip,deflate
{"email":"testit4@gmail.com","password":"Password123"}

22:57:29.205 [pool-2-thread-56] DEBUG com.intuit.karate -- request:
1 > POST http://localhost:3000/auth/login
1 > Content-Type: application/json; charset=UTF-8
1 > Content-Length: 54
1 > Host: localhost:3000
1 > Connection: Keep-Alive
1 > User-Agent: Apache-HttpClient/4.5.14 (Java/17.0.9)
1 > Accept-Encoding: gzip,deflate
{"email":"testit4@gmail.com","password":"Password123"}

22:57:29.205 [pool-2-thread-76] DEBUG com.intuit.karate -- request:
1 > POST http://localhost:3000/auth/login
1 > Content-Type: application/json; charset=UTF-8
1 > Content-Length: 54
1 > Host: localhost:3000
1 > Connection: Keep-Alive
1 > User-Agent: Apache-HttpClient/4.5.14 (Java/17.0.9)
1 > Accept-Encoding: gzip,deflate
{"email":"testit4@gmail.com","password":"Password123"}

22:57:29.220 [pool-2-thread-56] DEBUG org.apache.http.impl.conn.PoolingHttpClientConnectionManager -- Connection request: [route: {}->http://localhost:3000][total available: 0; route allocated: 0 of 5; total allocated: 0 of 10]
22:57:29.205 [pool-2-thread-16] DEBUG com.intuit.karate -- request:
1 > POST http://localhost:3000/auth/login
1 > Content-Type: application/json; charset=UTF-8
1 > Content-Length: 54
1 > Host: localhost:3000
1 > Connection: Keep-Alive
1 > User-Agent: Apache-HttpClient/4.5.14 (Java/17.0.9)
1 > Accept-Encoding: gzip,deflate
{"email":"testit4@gmail.com","password":"Password123"}

22:57:29.205 [pool-2-thread-99] DEBUG com.intuit.karate -- request:
1 > POST http://localhost:3000/auth/login
1 > Content-Type: application/json; charset=UTF-8
1 > Content-Length: 53
1 > Host: localhost:3000
1 > Connection: Keep-Alive
1 > User-Agent: Apache-HttpClient/4.5.14 (Java/17.0.9)
1 > Accept-Encoding: gzip,deflate
{"email":"testit@gmail.com","password":"Password123"}

22:57:29.220 [pool-2-thread-16] DEBUG org.apache.http.impl.conn.PoolingHttpClientConnectionManager -- Connection request: [route: {}->http://localhost:3000][total available: 0; route allocated: 0 of 5; total allocated: 0 of 10]
22:57:29.205 [pool-2-thread-35] DEBUG com.intuit.karate -- request:
1 > POST http://localhost:3000/auth/login
1 > Content-Type: application/json; charset=UTF-8
1 > Content-Length: 55
1 > Host: localhost:3000
1 > Connection: Keep-Alive
1 > User-Agent: Apache-HttpClient/4.5.14 (Java/17.0.9)
1 > Accept-Encoding: gzip,deflate
{"email":"test28@example.com","password":"Password123"}

22:57:29.205 [pool-2-thread-90] DEBUG com.intuit.karate -- request:
1 > POST http://localhost:3000/auth/login
1 > Content-Type: application/json; charset=UTF-8
1 > Content-Length: 54
1 > Host: localhost:3000
1 > Connection: Keep-Alive
1 > User-Agent: Apache-HttpClient/4.5.14 (Java/17.0.9)
1 > Accept-Encoding: gzip,deflate
{"email":"testit2@gmail.com","password":"Password123"}

22:57:29.205 [pool-2-thread-92] DEBUG com.intuit.karate -- request:
1 > POST http://localhost:3000/auth/login
1 > Content-Type: application/json; charset=UTF-8
1 > Content-Length: 48
1 > Host: localhost:3000
1 > Connection: Keep-Alive
1 > User-Agent: Apache-HttpClient/4.5.14 (Java/17.0.9)
1 > Accept-Encoding: gzip,deflate
{"email":"quang1@gmail.com","password":"quang1"}

22:57:29.205 [pool-2-thread-2] DEBUG com.intuit.karate -- request:
1 > POST http://localhost:3000/auth/login
1 > Content-Type: application/json; charset=UTF-8
1 > Content-Length: 48
1 > Host: localhost:3000
1 > Connection: Keep-Alive
1 > User-Agent: Apache-HttpClient/4.5.14 (Java/17.0.9)
1 > Accept-Encoding: gzip,deflate
{"email":"quang1@gmail.com","password":"quang1"}

22:57:29.220 [pool-2-thread-92] DEBUG org.apache.http.impl.conn.PoolingHttpClientConnectionManager -- Connection request: [route: {}->http://localhost:3000][total available: 0; route allocated: 0 of 5; total allocated: 0 of 10]
22:57:29.220 [pool-2-thread-2] DEBUG org.apache.http.impl.conn.PoolingHttpClientConnectionManager -- Connection request: [route: {}->http://localhost:3000][total available: 0; route allocated: 0 of 5; total allocated: 0 of 10]
22:57:29.205 [pool-2-thread-94] DEBUG com.intuit.karate -- request:
1 > POST http://localhost:3000/auth/login
1 > Content-Type: application/json; charset=UTF-8
1 > Content-Length: 54
1 > Host: localhost:3000
1 > Connection: Keep-Alive
1 > User-Agent: Apache-HttpClient/4.5.14 (Java/17.0.9)
1 > Accept-Encoding: gzip,deflate
{"email":"test2@example.com","password":"Password123"}

22:57:29.221 [pool-2-thread-94] DEBUG org.apache.http.impl.conn.PoolingHttpClientConnectionManager -- Connection request: [route: {}->http://localhost:3000][total available: 0; route allocated: 0 of 5; total allocated: 0 of 10]
22:57:29.205 [pool-2-thread-66] DEBUG com.intuit.karate -- request:
1 > POST http://localhost:3000/auth/login
1 > Content-Type: application/json; charset=UTF-8
1 > Content-Length: 54
1 > Host: localhost:3000
1 > Connection: Keep-Alive
1 > User-Agent: Apache-HttpClient/4.5.14 (Java/17.0.9)
1 > Accept-Encoding: gzip,deflate
{"email":"testit4@gmail.com","password":"Password123"}

22:57:29.205 [pool-2-thread-15] DEBUG com.intuit.karate -- request:
1 > POST http://localhost:3000/auth/login
1 > Content-Type: application/json; charset=UTF-8
1 > Content-Length: 55
1 > Host: localhost:3000
1 > Connection: Keep-Alive
1 > User-Agent: Apache-HttpClient/4.5.14 (Java/17.0.9)
1 > Accept-Encoding: gzip,deflate
{"email":"test28@example.com","password":"Password123"}

22:57:29.205 [pool-2-thread-75] DEBUG com.intuit.karate -- request:
1 > POST http://localhost:3000/auth/login
1 > Content-Type: application/json; charset=UTF-8
1 > Content-Length: 55
1 > Host: localhost:3000
1 > Connection: Keep-Alive
1 > User-Agent: Apache-HttpClient/4.5.14 (Java/17.0.9)
1 > Accept-Encoding: gzip,deflate
{"email":"test28@example.com","password":"Password123"}

22:57:29.205 [pool-2-thread-19] DEBUG com.intuit.karate -- request:
1 > POST http://localhost:3000/auth/login
1 > Content-Type: application/json; charset=UTF-8
1 > Content-Length: 53
1 > Host: localhost:3000
1 > Connection: Keep-Alive
1 > User-Agent: Apache-HttpClient/4.5.14 (Java/17.0.9)
1 > Accept-Encoding: gzip,deflate
{"email":"testit@gmail.com","password":"Password123"}

22:57:29.205 [pool-2-thread-36] DEBUG com.intuit.karate -- request:
1 > POST http://localhost:3000/auth/login
1 > Content-Type: application/json; charset=UTF-8
1 > Content-Length: 54
1 > Host: localhost:3000
1 > Connection: Keep-Alive
1 > User-Agent: Apache-HttpClient/4.5.14 (Java/17.0.9)
1 > Accept-Encoding: gzip,deflate
{"email":"testit4@gmail.com","password":"Password123"}

22:57:29.221 [pool-2-thread-19] DEBUG org.apache.http.impl.conn.PoolingHttpClientConnectionManager -- Connection request: [route: {}->http://localhost:3000][total available: 0; route allocated: 0 of 5; total allocated: 0 of 10]
22:57:29.222 [pool-2-thread-36] DEBUG org.apache.http.impl.conn.PoolingHttpClientConnectionManager -- Connection request: [route: {}->http://localhost:3000][total available: 0; route allocated: 0 of 5; total allocated: 0 of 10]
22:57:29.205 [pool-2-thread-46] DEBUG com.intuit.karate -- request:
1 > POST http://localhost:3000/auth/login
1 > Content-Type: application/json; charset=UTF-8
1 > Content-Length: 54
1 > Host: localhost:3000
1 > Connection: Keep-Alive
1 > User-Agent: Apache-HttpClient/4.5.14 (Java/17.0.9)
1 > Accept-Encoding: gzip,deflate
{"email":"testit4@gmail.com","password":"Password123"}

22:57:29.222 [pool-2-thread-46] DEBUG org.apache.http.impl.conn.PoolingHttpClientConnectionManager -- Connection request: [route: {}->http://localhost:3000][total available: 0; route allocated: 0 of 5; total allocated: 0 of 10]
22:57:29.205 [pool-2-thread-34] DEBUG com.intuit.karate -- request:
1 > POST http://localhost:3000/auth/login
1 > Content-Type: application/json; charset=UTF-8
1 > Content-Length: 54
1 > Host: localhost:3000
1 > Connection: Keep-Alive
1 > User-Agent: Apache-HttpClient/4.5.14 (Java/17.0.9)
1 > Accept-Encoding: gzip,deflate
{"email":"test2@example.com","password":"Password123"}

22:57:29.205 [pool-2-thread-40] DEBUG com.intuit.karate -- request:
1 > POST http://localhost:3000/auth/login
1 > Content-Type: application/json; charset=UTF-8
1 > Content-Length: 54
1 > Host: localhost:3000
1 > Connection: Keep-Alive
1 > User-Agent: Apache-HttpClient/4.5.14 (Java/17.0.9)
1 > Accept-Encoding: gzip,deflate
{"email":"testit2@gmail.com","password":"Password123"}

22:57:29.222 [pool-2-thread-34] DEBUG org.apache.http.impl.conn.PoolingHttpClientConnectionManager -- Connection request: [route: {}->http://localhost:3000][total available: 0; route allocated: 0 of 5; total allocated: 0 of 10]
22:57:29.222 [pool-2-thread-40] DEBUG org.apache.http.impl.conn.PoolingHttpClientConnectionManager -- Connection request: [route: {}->http://localhost:3000][total available: 0; route allocated: 0 of 5; total allocated: 0 of 10]
22:57:29.206 [pool-2-thread-96] DEBUG org.apache.http.impl.conn.PoolingHttpClientConnectionManager -- Connection request: [route: {}->http://localhost:3000][total available: 0; route allocated: 0 of 5; total allocated: 0 of 10]
22:57:29.206 [pool-2-thread-22] DEBUG org.apache.http.impl.conn.PoolingHttpClientConnectionManager -- Connection request: [route: {}->http://localhost:3000][total available: 0; route allocated: 0 of 5; total allocated: 0 of 10]
22:57:29.206 [pool-2-thread-9] DEBUG org.apache.http.impl.conn.PoolingHttpClientConnectionManager -- Connection request: [route: {}->http://localhost:3000][total available: 0; route allocated: 0 of 5; total allocated: 0 of 10]
22:57:29.206 [pool-2-thread-81] DEBUG org.apache.http.impl.conn.PoolingHttpClientConnectionManager -- Connection request: [route: {}->http://localhost:3000][total available: 0; route allocated: 0 of 5; total allocated: 0 of 10]
22:57:29.206 [pool-2-thread-97] DEBUG org.apache.http.impl.conn.PoolingHttpClientConnectionManager -- Connection request: [route: {}->http://localhost:3000][total available: 0; route allocated: 0 of 5; total allocated: 0 of 10]
22:57:29.206 [pool-2-thread-98] DEBUG org.apache.http.impl.conn.PoolingHttpClientConnectionManager -- Connection request: [route: {}->http://localhost:3000][total available: 0; route allocated: 0 of 5; total allocated: 0 of 10]
22:57:29.206 [pool-2-thread-8] DEBUG org.apache.http.impl.conn.PoolingHttpClientConnectionManager -- Connection request: [route: {}->http://localhost:3000][total available: 0; route allocated: 0 of 5; total allocated: 0 of 10]
22:57:29.206 [pool-2-thread-24] DEBUG org.apache.http.impl.conn.PoolingHttpClientConnectionManager -- Connection request: [route: {}->http://localhost:3000][total available: 0; route allocated: 0 of 5; total allocated: 0 of 10]
22:57:29.206 [pool-2-thread-83] DEBUG org.apache.http.impl.conn.PoolingHttpClientConnectionManager -- Connection request: [route: {}->http://localhost:3000][total available: 0; route allocated: 0 of 5; total allocated: 0 of 10]
22:57:29.206 [pool-2-thread-31] DEBUG org.apache.http.impl.conn.PoolingHttpClientConnectionManager -- Connection request: [route: {}->http://localhost:3000][total available: 0; route allocated: 0 of 5; total allocated: 0 of 10]
22:57:29.206 [pool-2-thread-48] DEBUG org.apache.http.impl.conn.PoolingHttpClientConnectionManager -- Connection request: [route: {}->http://localhost:3000][total available: 0; route allocated: 0 of 5; total allocated: 0 of 10]
22:57:29.206 [pool-2-thread-37] DEBUG org.apache.http.impl.conn.PoolingHttpClientConnectionManager -- Connection request: [route: {}->http://localhost:3000][total available: 0; route allocated: 0 of 5; total allocated: 0 of 10]
22:57:29.206 [pool-2-thread-73] DEBUG org.apache.http.impl.conn.PoolingHttpClientConnectionManager -- Connection request: [route: {}->http://localhost:3000][total available: 0; route allocated: 0 of 5; total allocated: 0 of 10]
22:57:29.206 [pool-2-thread-6] DEBUG org.apache.http.impl.conn.PoolingHttpClientConnectionManager -- Connection request: [route: {}->http://localhost:3000][total available: 0; route allocated: 0 of 5; total allocated: 0 of 10]
22:57:29.206 [pool-2-thread-69] DEBUG org.apache.http.impl.conn.PoolingHttpClientConnectionManager -- Connection request: [route: {}->http://localhost:3000][total available: 0; route allocated: 0 of 5; total allocated: 0 of 10]
22:57:29.206 [pool-2-thread-61] DEBUG org.apache.http.impl.conn.PoolingHttpClientConnectionManager -- Connection request: [route: {}->http://localhost:3000][total available: 0; route allocated: 0 of 5; total allocated: 0 of 10]
22:57:29.206 [pool-2-thread-58] DEBUG org.apache.http.impl.conn.PoolingHttpClientConnectionManager -- Connection request: [route: {}->http://localhost:3000][total available: 0; route allocated: 0 of 5; total allocated: 0 of 10]
22:57:29.206 [pool-2-thread-47] DEBUG org.apache.http.impl.conn.PoolingHttpClientConnectionManager -- Connection request: [route: {}->http://localhost:3000][total available: 0; route allocated: 0 of 5; total allocated: 0 of 10]
22:57:29.206 [pool-2-thread-59] DEBUG org.apache.http.impl.conn.PoolingHttpClientConnectionManager -- Connection request: [route: {}->http://localhost:3000][total available: 0; route allocated: 0 of 5; total allocated: 0 of 10]
22:57:29.206 [pool-2-thread-82] DEBUG org.apache.http.impl.conn.PoolingHttpClientConnectionManager -- Connection request: [route: {}->http://localhost:3000][total available: 0; route allocated: 0 of 5; total allocated: 0 of 10]
22:57:29.206 [pool-2-thread-68] DEBUG org.apache.http.impl.conn.PoolingHttpClientConnectionManager -- Connection request: [route: {}->http://localhost:3000][total available: 0; route allocated: 0 of 5; total allocated: 0 of 10]
22:57:29.206 [pool-2-thread-18] DEBUG org.apache.http.impl.conn.PoolingHttpClientConnectionManager -- Connection request: [route: {}->http://localhost:3000][total available: 0; route allocated: 0 of 5; total allocated: 0 of 10]
22:57:29.206 [pool-2-thread-13] DEBUG org.apache.http.impl.conn.PoolingHttpClientConnectionManager -- Connection request: [route: {}->http://localhost:3000][total available: 0; route allocated: 0 of 5; total allocated: 0 of 10]
22:57:29.206 [pool-2-thread-42] DEBUG org.apache.http.impl.conn.PoolingHttpClientConnectionManager -- Connection request: [route: {}->http://localhost:3000][total available: 0; route allocated: 0 of 5; total allocated: 0 of 10]
22:57:29.206 [pool-2-thread-43] DEBUG org.apache.http.impl.conn.PoolingHttpClientConnectionManager -- Connection request: [route: {}->http://localhost:3000][total available: 0; route allocated: 0 of 5; total allocated: 0 of 10]
22:57:29.206 [pool-2-thread-53] DEBUG org.apache.http.impl.conn.PoolingHttpClientConnectionManager -- Connection request: [route: {}->http://localhost:3000][total available: 0; route allocated: 0 of 5; total allocated: 0 of 10]
22:57:29.206 [pool-2-thread-91] DEBUG org.apache.http.impl.conn.PoolingHttpClientConnectionManager -- Connection request: [route: {}->http://localhost:3000][total available: 0; route allocated: 0 of 5; total allocated: 0 of 10]
22:57:29.206 [pool-2-thread-7] DEBUG org.apache.http.impl.conn.PoolingHttpClientConnectionManager -- Connection request: [route: {}->http://localhost:3000][total available: 0; route allocated: 0 of 5; total allocated: 0 of 10]
22:57:29.206 [pool-2-thread-49] DEBUG org.apache.http.impl.conn.PoolingHttpClientConnectionManager -- Connection request: [route: {}->http://localhost:3000][total available: 0; route allocated: 0 of 5; total allocated: 0 of 10]
22:57:29.206 [pool-2-thread-5] DEBUG org.apache.http.impl.conn.PoolingHttpClientConnectionManager -- Connection request: [route: {}->http://localhost:3000][total available: 0; route allocated: 0 of 5; total allocated: 0 of 10]
22:57:29.207 [pool-2-thread-39] DEBUG org.apache.http.impl.conn.PoolingHttpClientConnectionManager -- Connection request: [route: {}->http://localhost:3000][total available: 0; route allocated: 0 of 5; total allocated: 0 of 10]
22:57:29.207 [pool-2-thread-23] DEBUG org.apache.http.impl.conn.PoolingHttpClientConnectionManager -- Connection request: [route: {}->http://localhost:3000][total available: 0; route allocated: 0 of 5; total allocated: 0 of 10]
22:57:29.207 [pool-2-thread-57] DEBUG org.apache.http.impl.conn.PoolingHttpClientConnectionManager -- Connection request: [route: {}->http://localhost:3000][total available: 0; route allocated: 0 of 5; total allocated: 0 of 10]
22:57:29.207 [pool-2-thread-33] DEBUG org.apache.http.impl.conn.PoolingHttpClientConnectionManager -- Connection request: [route: {}->http://localhost:3000][total available: 0; route allocated: 0 of 5; total allocated: 0 of 10]
22:57:29.207 [pool-2-thread-88] DEBUG org.apache.http.impl.conn.PoolingHttpClientConnectionManager -- Connection request: [route: {}->http://localhost:3000][total available: 0; route allocated: 0 of 5; total allocated: 0 of 10]
22:57:29.207 [pool-2-thread-85] DEBUG org.apache.http.impl.conn.PoolingHttpClientConnectionManager -- Connection request: [route: {}->http://localhost:3000][total available: 0; route allocated: 0 of 5; total allocated: 0 of 10]
22:57:29.207 [pool-2-thread-21] DEBUG org.apache.http.impl.conn.PoolingHttpClientConnectionManager -- Connection request: [route: {}->http://localhost:3000][total available: 0; route allocated: 0 of 5; total allocated: 0 of 10]
22:57:29.217 [pool-2-thread-25] DEBUG org.apache.http.impl.conn.PoolingHttpClientConnectionManager -- Connection request: [route: {}->http://localhost:3000][total available: 0; route allocated: 0 of 5; total allocated: 0 of 10]
22:57:29.217 [pool-2-thread-95] DEBUG org.apache.http.impl.conn.PoolingHttpClientConnectionManager -- Connection request: [route: {}->http://localhost:3000][total available: 0; route allocated: 0 of 5; total allocated: 0 of 10]
22:57:29.217 [pool-2-thread-67] DEBUG org.apache.http.impl.conn.PoolingHttpClientConnectionManager -- Connection request: [route: {}->http://localhost:3000][total available: 0; route allocated: 0 of 5; total allocated: 0 of 10]
22:57:29.217 [pool-2-thread-45] DEBUG org.apache.http.impl.conn.PoolingHttpClientConnectionManager -- Connection request: [route: {}->http://localhost:3000][total available: 0; route allocated: 0 of 5; total allocated: 0 of 10]
22:57:29.218 [pool-2-thread-80] DEBUG org.apache.http.impl.conn.PoolingHttpClientConnectionManager -- Connection request: [route: {}->http://localhost:3000][total available: 0; route allocated: 0 of 5; total allocated: 0 of 10]
22:57:29.218 [pool-2-thread-87] DEBUG org.apache.http.impl.conn.PoolingHttpClientConnectionManager -- Connection request: [route: {}->http://localhost:3000][total available: 0; route allocated: 0 of 5; total allocated: 0 of 10]
22:57:29.218 [pool-2-thread-89] DEBUG org.apache.http.impl.conn.PoolingHttpClientConnectionManager -- Connection request: [route: {}->http://localhost:3000][total available: 0; route allocated: 0 of 5; total allocated: 0 of 10]
22:57:29.218 [pool-2-thread-51] DEBUG org.apache.http.impl.conn.PoolingHttpClientConnectionManager -- Connection request: [route: {}->http://localhost:3000][total available: 0; route allocated: 0 of 5; total allocated: 0 of 10]
22:57:29.218 [pool-2-thread-70] DEBUG org.apache.http.impl.conn.PoolingHttpClientConnectionManager -- Connection request: [route: {}->http://localhost:3000][total available: 0; route allocated: 0 of 5; total allocated: 0 of 10]
22:57:29.219 [pool-2-thread-20] DEBUG org.apache.http.impl.conn.PoolingHttpClientConnectionManager -- Connection request: [route: {}->http://localhost:3000][total available: 0; route allocated: 0 of 5; total allocated: 0 of 10]
22:57:29.219 [pool-2-thread-12] DEBUG org.apache.http.impl.conn.PoolingHttpClientConnectionManager -- Connection request: [route: {}->http://localhost:3000][total available: 0; route allocated: 0 of 5; total allocated: 0 of 10]
22:57:29.219 [pool-2-thread-29] DEBUG org.apache.http.impl.conn.PoolingHttpClientConnectionManager -- Connection request: [route: {}->http://localhost:3000][total available: 0; route allocated: 0 of 5; total allocated: 0 of 10]
22:57:29.219 [pool-2-thread-10] DEBUG org.apache.http.impl.conn.PoolingHttpClientConnectionManager -- Connection request: [route: {}->http://localhost:3000][total available: 0; route allocated: 0 of 5; total allocated: 0 of 10]
22:57:29.219 [pool-2-thread-64] DEBUG org.apache.http.impl.conn.PoolingHttpClientConnectionManager -- Connection request: [route: {}->http://localhost:3000][total available: 0; route allocated: 0 of 5; total allocated: 0 of 10]
22:57:29.219 [pool-2-thread-74] DEBUG org.apache.http.impl.conn.PoolingHttpClientConnectionManager -- Connection request: [route: {}->http://localhost:3000][total available: 0; route allocated: 0 of 5; total allocated: 0 of 10]
22:57:29.219 [pool-2-thread-1] DEBUG org.apache.http.impl.conn.PoolingHttpClientConnectionManager -- Connection request: [route: {}->http://localhost:3000][total available: 0; route allocated: 0 of 5; total allocated: 0 of 10]
22:57:29.219 [pool-2-thread-71] DEBUG org.apache.http.impl.conn.PoolingHttpClientConnectionManager -- Connection request: [route: {}->http://localhost:3000][total available: 0; route allocated: 0 of 5; total allocated: 0 of 10]
22:57:29.219 [pool-2-thread-84] DEBUG org.apache.http.impl.conn.PoolingHttpClientConnectionManager -- Connection request: [route: {}->http://localhost:3000][total available: 0; route allocated: 0 of 5; total allocated: 0 of 10]
22:57:29.219 [pool-2-thread-65] DEBUG org.apache.http.impl.conn.PoolingHttpClientConnectionManager -- Connection request: [route: {}->http://localhost:3000][total available: 0; route allocated: 0 of 5; total allocated: 0 of 10]
22:57:29.219 [pool-2-thread-14] DEBUG org.apache.http.impl.conn.PoolingHttpClientConnectionManager -- Connection request: [route: {}->http://localhost:3000][total available: 0; route allocated: 0 of 5; total allocated: 0 of 10]
22:57:29.219 [pool-2-thread-3] DEBUG org.apache.http.impl.conn.PoolingHttpClientConnectionManager -- Connection request: [route: {}->http://localhost:3000][total available: 0; route allocated: 0 of 5; total allocated: 0 of 10]
22:57:29.219 [pool-2-thread-100] DEBUG org.apache.http.impl.conn.PoolingHttpClientConnectionManager -- Connection request: [route: {}->http://localhost:3000][total available: 0; route allocated: 0 of 5; total allocated: 0 of 10]
22:57:29.219 [pool-2-thread-63] DEBUG org.apache.http.impl.conn.PoolingHttpClientConnectionManager -- Connection request: [route: {}->http://localhost:3000][total available: 0; route allocated: 0 of 5; total allocated: 0 of 10]
22:57:29.220 [pool-2-thread-26] DEBUG org.apache.http.impl.conn.PoolingHttpClientConnectionManager -- Connection request: [route: {}->http://localhost:3000][total available: 0; route allocated: 0 of 5; total allocated: 0 of 10]
22:57:29.220 [pool-2-thread-76] DEBUG org.apache.http.impl.conn.PoolingHttpClientConnectionManager -- Connection request: [route: {}->http://localhost:3000][total available: 0; route allocated: 0 of 5; total allocated: 0 of 10]
22:57:29.220 [pool-2-thread-99] DEBUG org.apache.http.impl.conn.PoolingHttpClientConnectionManager -- Connection request: [route: {}->http://localhost:3000][total available: 0; route allocated: 0 of 5; total allocated: 0 of 10]
22:57:29.220 [pool-2-thread-35] DEBUG org.apache.http.impl.conn.PoolingHttpClientConnectionManager -- Connection request: [route: {}->http://localhost:3000][total available: 0; route allocated: 0 of 5; total allocated: 0 of 10]
22:57:29.220 [pool-2-thread-90] DEBUG org.apache.http.impl.conn.PoolingHttpClientConnectionManager -- Connection request: [route: {}->http://localhost:3000][total available: 0; route allocated: 0 of 5; total allocated: 0 of 10]
22:57:29.221 [pool-2-thread-66] DEBUG org.apache.http.impl.conn.PoolingHttpClientConnectionManager -- Connection request: [route: {}->http://localhost:3000][total available: 0; route allocated: 0 of 5; total allocated: 0 of 10]
22:57:29.221 [pool-2-thread-15] DEBUG org.apache.http.impl.conn.PoolingHttpClientConnectionManager -- Connection request: [route: {}->http://localhost:3000][total available: 0; route allocated: 0 of 5; total allocated: 0 of 10]
22:57:29.221 [pool-2-thread-75] DEBUG org.apache.http.impl.conn.PoolingHttpClientConnectionManager -- Connection request: [route: {}->http://localhost:3000][total available: 0; route allocated: 0 of 5; total allocated: 0 of 10]
22:57:29.238 [pool-2-thread-29] DEBUG org.apache.http.impl.conn.PoolingHttpClientConnectionManager -- Connection leased: [id: 18][route: {}->http://localhost:3000][total available: 0; route allocated: 1 of 5; total allocated: 1 of 10]
22:57:29.238 [pool-2-thread-55] DEBUG org.apache.http.impl.conn.PoolingHttpClientConnectionManager -- Connection leased: [id: 40][route: {}->http://localhost:3000][total available: 0; route allocated: 1 of 5; total allocated: 1 of 10]
22:57:29.238 [pool-2-thread-52] DEBUG org.apache.http.impl.conn.PoolingHttpClientConnectionManager -- Connection leased: [id: 42][route: {}->http://localhost:3000][total available: 0; route allocated: 1 of 5; total allocated: 1 of 10]
22:57:29.238 [pool-2-thread-73] DEBUG org.apache.http.impl.conn.PoolingHttpClientConnectionManager -- Connection leased: [id: 30][route: {}->http://localhost:3000][total available: 0; route allocated: 1 of 5; total allocated: 1 of 10]
22:57:29.239 [pool-2-thread-69] DEBUG org.apache.http.impl.conn.PoolingHttpClientConnectionManager -- Connection leased: [id: 25][route: {}->http://localhost:3000][total available: 0; route allocated: 1 of 5; total allocated: 1 of 10]
22:57:29.239 [pool-2-thread-66] DEBUG org.apache.http.impl.conn.PoolingHttpClientConnectionManager -- Connection leased: [id: 3][route: {}->http://localhost:3000][total available: 0; route allocated: 1 of 5; total allocated: 1 of 10]
22:57:29.239 [pool-2-thread-76] DEBUG org.apache.http.impl.conn.PoolingHttpClientConnectionManager -- Connection leased: [id: 45][route: {}->http://localhost:3000][total available: 0; route allocated: 1 of 5; total allocated: 1 of 10]
22:57:29.239 [pool-2-thread-65] DEBUG org.apache.http.impl.conn.PoolingHttpClientConnectionManager -- Connection leased: [id: 46][route: {}->http://localhost:3000][total available: 0; route allocated: 1 of 5; total allocated: 1 of 10]
22:57:29.238 [pool-2-thread-48] DEBUG org.apache.http.impl.conn.PoolingHttpClientConnectionManager -- Connection leased: [id: 32][route: {}->http://localhost:3000][total available: 0; route allocated: 1 of 5; total allocated: 1 of 10]
22:57:29.239 [pool-2-thread-5] DEBUG org.apache.http.impl.conn.PoolingHttpClientConnectionManager -- Connection leased: [id: 23][route: {}->http://localhost:3000][total available: 0; route allocated: 1 of 5; total allocated: 1 of 10]
22:57:29.239 [pool-2-thread-40] DEBUG org.apache.http.impl.conn.PoolingHttpClientConnectionManager -- Connection leased: [id: 49][route: {}->http://localhost:3000][total available: 0; route allocated: 1 of 5; total allocated: 1 of 10]
22:57:29.239 [pool-2-thread-89] DEBUG org.apache.http.impl.conn.PoolingHttpClientConnectionManager -- Connection leased: [id: 24][route: {}->http://localhost:3000][total available: 0; route allocated: 1 of 5; total allocated: 1 of 10]
22:57:29.239 [pool-2-thread-77] DEBUG org.apache.http.impl.conn.PoolingHttpClientConnectionManager -- Connection leased: [id: 51][route: {}->http://localhost:3000][total available: 0; route allocated: 1 of 5; total allocated: 1 of 10]
22:57:29.239 [pool-2-thread-49] DEBUG org.apache.http.impl.conn.PoolingHttpClientConnectionManager -- Connection leased: [id: 7][route: {}->http://localhost:3000][total available: 0; route allocated: 1 of 5; total allocated: 1 of 10]
22:57:29.239 [pool-2-thread-79] DEBUG org.apache.http.impl.conn.PoolingHttpClientConnectionManager -- Connection leased: [id: 6][route: {}->http://localhost:3000][total available: 0; route allocated: 1 of 5; total allocated: 1 of 10]
22:57:29.239 [pool-2-thread-3] DEBUG org.apache.http.impl.conn.PoolingHttpClientConnectionManager -- Connection leased: [id: 59][route: {}->http://localhost:3000][total available: 0; route allocated: 1 of 5; total allocated: 1 of 10]
22:57:29.239 [pool-2-thread-16] DEBUG org.apache.http.impl.conn.PoolingHttpClientConnectionManager -- Connection leased: [id: 2][route: {}->http://localhost:3000][total available: 0; route allocated: 1 of 5; total allocated: 1 of 10]
22:57:29.238 [pool-2-thread-83] DEBUG org.apache.http.impl.conn.PoolingHttpClientConnectionManager -- Connection leased: [id: 17][route: {}->http://localhost:3000][total available: 0; route allocated: 1 of 5; total allocated: 1 of 10]
22:57:29.238 [pool-2-thread-27] DEBUG org.apache.http.impl.conn.PoolingHttpClientConnectionManager -- Connection leased: [id: 34][route: {}->http://localhost:3000][total available: 0; route allocated: 1 of 5; total allocated: 1 of 10]
22:57:29.239 [pool-2-thread-57] DEBUG org.apache.http.impl.conn.PoolingHttpClientConnectionManager -- Connection leased: [id: 72][route: {}->http://localhost:3000][total available: 0; route allocated: 1 of 5; total allocated: 1 of 10]
22:57:29.238 [pool-2-thread-46] DEBUG org.apache.http.impl.conn.PoolingHttpClientConnectionManager -- Connection leased: [id: 33][route: {}->http://localhost:3000][total available: 0; route allocated: 1 of 5; total allocated: 1 of 10]
22:57:29.239 [pool-2-thread-50] DEBUG org.apache.http.impl.conn.PoolingHttpClientConnectionManager -- Connection leased: [id: 75][route: {}->http://localhost:3000][total available: 0; route allocated: 1 of 5; total allocated: 1 of 10]
22:57:29.239 [pool-2-thread-4] DEBUG org.apache.http.impl.conn.PoolingHttpClientConnectionManager -- Connection leased: [id: 78][route: {}->http://localhost:3000][total available: 0; route allocated: 1 of 5; total allocated: 1 of 10]
22:57:29.239 [pool-2-thread-12] DEBUG org.apache.http.impl.conn.PoolingHttpClientConnectionManager -- Connection leased: [id: 80][route: {}->http://localhost:3000][total available: 0; route allocated: 1 of 5; total allocated: 1 of 10]
22:57:29.240 [pool-2-thread-47] DEBUG org.apache.http.impl.conn.PoolingHttpClientConnectionManager -- Connection leased: [id: 81][route: {}->http://localhost:3000][total available: 0; route allocated: 1 of 5; total allocated: 1 of 10]
22:57:29.240 [pool-2-thread-31] DEBUG org.apache.http.impl.conn.PoolingHttpClientConnectionManager -- Connection leased: [id: 83][route: {}->http://localhost:3000][total available: 0; route allocated: 1 of 5; total allocated: 1 of 10]
22:57:29.240 [pool-2-thread-44] DEBUG org.apache.http.impl.conn.PoolingHttpClientConnectionManager -- Connection leased: [id: 86][route: {}->http://localhost:3000][total available: 0; route allocated: 1 of 5; total allocated: 1 of 10]
22:57:29.240 [pool-2-thread-14] DEBUG org.apache.http.impl.conn.PoolingHttpClientConnectionManager -- Connection leased: [id: 87][route: {}->http://localhost:3000][total available: 0; route allocated: 1 of 5; total allocated: 1 of 10]
22:57:29.240 [pool-2-thread-78] DEBUG org.apache.http.impl.conn.PoolingHttpClientConnectionManager -- Connection leased: [id: 88][route: {}->http://localhost:3000][total available: 0; route allocated: 1 of 5; total allocated: 1 of 10]
22:57:29.240 [pool-2-thread-38] DEBUG org.apache.http.impl.conn.PoolingHttpClientConnectionManager -- Connection leased: [id: 91][route: {}->http://localhost:3000][total available: 0; route allocated: 1 of 5; total allocated: 1 of 10]
22:57:29.240 [pool-2-thread-8] DEBUG org.apache.http.impl.conn.PoolingHttpClientConnectionManager -- Connection leased: [id: 94][route: {}->http://localhost:3000][total available: 0; route allocated: 1 of 5; total allocated: 1 of 10]
22:57:29.240 [pool-2-thread-98] DEBUG org.apache.http.impl.conn.PoolingHttpClientConnectionManager -- Connection leased: [id: 95][route: {}->http://localhost:3000][total available: 0; route allocated: 1 of 5; total allocated: 1 of 10]
22:57:29.240 [pool-2-thread-84] DEBUG org.apache.http.impl.conn.PoolingHttpClientConnectionManager -- Connection leased: [id: 96][route: {}->http://localhost:3000][total available: 0; route allocated: 1 of 5; total allocated: 1 of 10]
22:57:29.240 [pool-2-thread-63] DEBUG org.apache.http.impl.conn.PoolingHttpClientConnectionManager -- Connection leased: [id: 97][route: {}->http://localhost:3000][total available: 0; route allocated: 1 of 5; total allocated: 1 of 10]
22:57:29.238 [pool-2-thread-25] DEBUG org.apache.http.impl.conn.PoolingHttpClientConnectionManager -- Connection leased: [id: 35][route: {}->http://localhost:3000][total available: 0; route allocated: 1 of 5; total allocated: 1 of 10]
22:57:29.240 [pool-2-thread-87] DEBUG org.apache.http.impl.conn.PoolingHttpClientConnectionManager -- Connection leased: [id: 98][route: {}->http://localhost:3000][total available: 0; route allocated: 1 of 5; total allocated: 1 of 10]
22:57:29.238 [pool-2-thread-100] DEBUG org.apache.http.impl.conn.PoolingHttpClientConnectionManager -- Connection leased: [id: 28][route: {}->http://localhost:3000][total available: 0; route allocated: 1 of 5; total allocated: 1 of 10]
22:57:29.238 [pool-2-thread-80] DEBUG org.apache.http.impl.conn.PoolingHttpClientConnectionManager -- Connection leased: [id: 16][route: {}->http://localhost:3000][total available: 0; route allocated: 1 of 5; total allocated: 1 of 10]
22:57:29.238 [pool-2-thread-51] DEBUG org.apache.http.impl.conn.PoolingHttpClientConnectionManager -- Connection leased: [id: 37][route: {}->http://localhost:3000][total available: 0; route allocated: 1 of 5; total allocated: 1 of 10]
22:57:29.238 [pool-2-thread-97] DEBUG org.apache.http.impl.conn.PoolingHttpClientConnectionManager -- Connection leased: [id: 36][route: {}->http://localhost:3000][total available: 0; route allocated: 1 of 5; total allocated: 1 of 10]
22:57:29.238 [pool-2-thread-67] DEBUG org.apache.http.impl.conn.PoolingHttpClientConnectionManager -- Connection leased: [id: 38][route: {}->http://localhost:3000][total available: 0; route allocated: 1 of 5; total allocated: 1 of 10]
22:57:29.238 [pool-2-thread-41] DEBUG org.apache.http.impl.conn.PoolingHttpClientConnectionManager -- Connection leased: [id: 29][route: {}->http://localhost:3000][total available: 0; route allocated: 1 of 5; total allocated: 1 of 10]
22:57:29.242 [pool-2-thread-44] DEBUG org.apache.http.impl.execchain.MainClientExec -- Opening connection {}->http://localhost:3000
22:57:29.238 [pool-2-thread-26] DEBUG org.apache.http.impl.conn.PoolingHttpClientConnectionManager -- Connection leased: [id: 14][route: {}->http://localhost:3000][total available: 0; route allocated: 1 of 5; total allocated: 1 of 10]
22:57:29.238 [pool-2-thread-6] DEBUG org.apache.http.impl.conn.PoolingHttpClientConnectionManager -- Connection leased: [id: 39][route: {}->http://localhost:3000][total available: 0; route allocated: 1 of 5; total allocated: 1 of 10]
22:57:29.242 [pool-2-thread-52] DEBUG org.apache.http.impl.execchain.MainClientExec -- Opening connection {}->http://localhost:3000
22:57:29.242 [pool-2-thread-6] DEBUG org.apache.http.impl.execchain.MainClientExec -- Opening connection {}->http://localhost:3000
22:57:29.238 [pool-2-thread-2] DEBUG org.apache.http.impl.conn.PoolingHttpClientConnectionManager -- Connection leased: [id: 41][route: {}->http://localhost:3000][total available: 0; route allocated: 1 of 5; total allocated: 1 of 10]
22:57:29.238 [pool-2-thread-96] DEBUG org.apache.http.impl.conn.PoolingHttpClientConnectionManager -- Connection leased: [id: 19][route: {}->http://localhost:3000][total available: 0; route allocated: 1 of 5; total allocated: 1 of 10]
22:57:29.242 [pool-2-thread-2] DEBUG org.apache.http.impl.execchain.MainClientExec -- Opening connection {}->http://localhost:3000
22:57:29.242 [pool-2-thread-96] DEBUG org.apache.http.impl.execchain.MainClientExec -- Opening connection {}->http://localhost:3000
22:57:29.238 [pool-2-thread-33] DEBUG org.apache.http.impl.conn.PoolingHttpClientConnectionManager -- Connection leased: [id: 15][route: {}->http://localhost:3000][total available: 0; route allocated: 1 of 5; total allocated: 1 of 10]
22:57:29.238 [pool-2-thread-21] DEBUG org.apache.http.impl.conn.PoolingHttpClientConnectionManager -- Connection leased: [id: 27][route: {}->http://localhost:3000][total available: 0; route allocated: 1 of 5; total allocated: 1 of 10]
22:57:29.238 [pool-2-thread-93] DEBUG org.apache.http.impl.conn.PoolingHttpClientConnectionManager -- Connection leased: [id: 26][route: {}->http://localhost:3000][total available: 0; route allocated: 1 of 5; total allocated: 1 of 10]
22:57:29.242 [pool-2-thread-93] DEBUG org.apache.http.impl.execchain.MainClientExec -- Opening connection {}->http://localhost:3000
22:57:29.242 [pool-2-thread-97] DEBUG org.apache.http.impl.execchain.MainClientExec -- Opening connection {}->http://localhost:3000
22:57:29.242 [pool-2-thread-51] DEBUG org.apache.http.impl.execchain.MainClientExec -- Opening connection {}->http://localhost:3000
22:57:29.239 [pool-2-thread-72] DEBUG org.apache.http.impl.conn.PoolingHttpClientConnectionManager -- Connection leased: [id: 43][route: {}->http://localhost:3000][total available: 0; route allocated: 1 of 5; total allocated: 1 of 10]
22:57:29.239 [pool-2-thread-56] DEBUG org.apache.http.impl.conn.PoolingHttpClientConnectionManager -- Connection leased: [id: 20][route: {}->http://localhost:3000][total available: 0; route allocated: 1 of 5; total allocated: 1 of 10]
22:57:29.243 [pool-2-thread-46] DEBUG org.apache.http.impl.execchain.MainClientExec -- Opening connection {}->http://localhost:3000
22:57:29.243 [pool-2-thread-55] DEBUG org.apache.http.impl.execchain.MainClientExec -- Opening connection {}->http://localhost:3000
22:57:29.243 [pool-2-thread-89] DEBUG org.apache.http.impl.execchain.MainClientExec -- Opening connection {}->http://localhost:3000
22:57:29.239 [pool-2-thread-58] DEBUG org.apache.http.impl.conn.PoolingHttpClientConnectionManager -- Connection leased: [id: 13][route: {}->http://localhost:3000][total available: 0; route allocated: 1 of 5; total allocated: 1 of 10]
22:57:29.243 [pool-2-thread-8] DEBUG org.apache.http.impl.execchain.MainClientExec -- Opening connection {}->http://localhost:3000
22:57:29.239 [pool-2-thread-20] DEBUG org.apache.http.impl.conn.PoolingHttpClientConnectionManager -- Connection leased: [id: 21][route: {}->http://localhost:3000][total available: 0; route allocated: 1 of 5; total allocated: 1 of 10]
22:57:29.243 [pool-2-thread-20] DEBUG org.apache.http.impl.execchain.MainClientExec -- Opening connection {}->http://localhost:3000
22:57:29.243 [pool-2-thread-63] DEBUG org.apache.http.impl.execchain.MainClientExec -- Opening connection {}->http://localhost:3000
22:57:29.243 [pool-2-thread-84] DEBUG org.apache.http.impl.execchain.MainClientExec -- Opening connection {}->http://localhost:3000
22:57:29.239 [pool-2-thread-43] DEBUG org.apache.http.impl.conn.PoolingHttpClientConnectionManager -- Connection leased: [id: 44][route: {}->http://localhost:3000][total available: 0; route allocated: 1 of 5; total allocated: 1 of 10]
22:57:29.239 [pool-2-thread-45] DEBUG org.apache.http.impl.conn.PoolingHttpClientConnectionManager -- Connection leased: [id: 12][route: {}->http://localhost:3000][total available: 0; route allocated: 1 of 5; total allocated: 1 of 10]
22:57:29.239 [pool-2-thread-1] DEBUG org.apache.http.impl.conn.PoolingHttpClientConnectionManager -- Connection leased: [id: 22][route: {}->http://localhost:3000][total available: 0; route allocated: 1 of 5; total allocated: 1 of 10]
22:57:29.244 [pool-2-thread-45] DEBUG org.apache.http.impl.execchain.MainClientExec -- Opening connection {}->http://localhost:3000
22:57:29.239 [pool-2-thread-32] DEBUG org.apache.http.impl.conn.PoolingHttpClientConnectionManager -- Connection leased: [id: 47][route: {}->http://localhost:3000][total available: 0; route allocated: 1 of 5; total allocated: 1 of 10]
22:57:29.244 [pool-2-thread-32] DEBUG org.apache.http.impl.execchain.MainClientExec -- Opening connection {}->http://localhost:3000
22:57:29.239 [pool-2-thread-90] DEBUG org.apache.http.impl.conn.PoolingHttpClientConnectionManager -- Connection leased: [id: 11][route: {}->http://localhost:3000][total available: 0; route allocated: 1 of 5; total allocated: 1 of 10]
22:57:29.244 [pool-2-thread-90] DEBUG org.apache.http.impl.execchain.MainClientExec -- Opening connection {}->http://localhost:3000
22:57:29.244 [pool-2-thread-43] DEBUG org.apache.http.impl.execchain.MainClientExec -- Opening connection {}->http://localhost:3000
22:57:29.239 [pool-2-thread-11] DEBUG org.apache.http.impl.conn.PoolingHttpClientConnectionManager -- Connection leased: [id: 48][route: {}->http://localhost:3000][total available: 0; route allocated: 1 of 5; total allocated: 1 of 10]
22:57:29.239 [pool-2-thread-75] DEBUG org.apache.http.impl.conn.PoolingHttpClientConnectionManager -- Connection leased: [id: 52][route: {}->http://localhost:3000][total available: 0; route allocated: 1 of 5; total allocated: 1 of 10]
22:57:29.239 [pool-2-thread-24] DEBUG org.apache.http.impl.conn.PoolingHttpClientConnectionManager -- Connection leased: [id: 9][route: {}->http://localhost:3000][total available: 0; route allocated: 1 of 5; total allocated: 1 of 10]
22:57:29.246 [pool-2-thread-75] DEBUG org.apache.http.impl.execchain.MainClientExec -- Opening connection {}->http://localhost:3000
22:57:29.239 [pool-2-thread-13] DEBUG org.apache.http.impl.conn.PoolingHttpClientConnectionManager -- Connection leased: [id: 53][route: {}->http://localhost:3000][total available: 0; route allocated: 1 of 5; total allocated: 1 of 10]
22:57:29.239 [pool-2-thread-99] DEBUG org.apache.http.impl.conn.PoolingHttpClientConnectionManager -- Connection leased: [id: 8][route: {}->http://localhost:3000][total available: 0; route allocated: 1 of 5; total allocated: 1 of 10]
22:57:29.239 [pool-2-thread-62] DEBUG org.apache.http.impl.conn.PoolingHttpClientConnectionManager -- Connection leased: [id: 54][route: {}->http://localhost:3000][total available: 0; route allocated: 1 of 5; total allocated: 1 of 10]
22:57:29.246 [pool-2-thread-62] DEBUG org.apache.http.impl.execchain.MainClientExec -- Opening connection {}->http://localhost:3000
22:57:29.239 [pool-2-thread-64] DEBUG org.apache.http.impl.conn.PoolingHttpClientConnectionManager -- Connection leased: [id: 50][route: {}->http://localhost:3000][total available: 0; route allocated: 1 of 5; total allocated: 1 of 10]
22:57:29.246 [pool-2-thread-64] DEBUG org.apache.http.impl.execchain.MainClientExec -- Opening connection {}->http://localhost:3000
22:57:29.239 [pool-2-thread-28] DEBUG org.apache.http.impl.conn.PoolingHttpClientConnectionManager -- Connection leased: [id: 0][route: {}->http://localhost:3000][total available: 0; route allocated: 1 of 5; total allocated: 1 of 10]
22:57:29.247 [pool-2-thread-28] DEBUG org.apache.http.impl.execchain.MainClientExec -- Opening connection {}->http://localhost:3000
22:57:29.239 [pool-2-thread-82] DEBUG org.apache.http.impl.conn.PoolingHttpClientConnectionManager -- Connection leased: [id: 10][route: {}->http://localhost:3000][total available: 0; route allocated: 1 of 5; total allocated: 1 of 10]
22:57:29.239 [pool-2-thread-37] DEBUG org.apache.http.impl.conn.PoolingHttpClientConnectionManager -- Connection leased: [id: 31][route: {}->http://localhost:3000][total available: 0; route allocated: 1 of 5; total allocated: 1 of 10]
22:57:29.239 [pool-2-thread-68] DEBUG org.apache.http.impl.conn.PoolingHttpClientConnectionManager -- Connection leased: [id: 55][route: {}->http://localhost:3000][total available: 0; route allocated: 1 of 5; total allocated: 1 of 10]
22:57:29.247 [pool-2-thread-37] DEBUG org.apache.http.impl.execchain.MainClientExec -- Opening connection {}->http://localhost:3000
22:57:29.247 [pool-2-thread-68] DEBUG org.apache.http.impl.execchain.MainClientExec -- Opening connection {}->http://localhost:3000
22:57:29.239 [pool-2-thread-35] DEBUG org.apache.http.impl.conn.PoolingHttpClientConnectionManager -- Connection leased: [id: 57][route: {}->http://localhost:3000][total available: 0; route allocated: 1 of 5; total allocated: 1 of 10]
22:57:29.247 [pool-2-thread-82] DEBUG org.apache.http.impl.execchain.MainClientExec -- Opening connection {}->http://localhost:3000
22:57:29.247 [pool-2-thread-35] DEBUG org.apache.http.impl.execchain.MainClientExec -- Opening connection {}->http://localhost:3000
22:57:29.239 [pool-2-thread-59] DEBUG org.apache.http.impl.conn.PoolingHttpClientConnectionManager -- Connection leased: [id: 56][route: {}->http://localhost:3000][total available: 0; route allocated: 1 of 5; total allocated: 1 of 10]
22:57:29.248 [pool-2-thread-59] DEBUG org.apache.http.impl.execchain.MainClientExec -- Opening connection {}->http://localhost:3000
22:57:29.239 [pool-2-thread-95] DEBUG org.apache.http.impl.conn.PoolingHttpClientConnectionManager -- Connection leased: [id: 58][route: {}->http://localhost:3000][total available: 0; route allocated: 1 of 5; total allocated: 1 of 10]
22:57:29.239 [pool-2-thread-86] DEBUG org.apache.http.impl.conn.PoolingHttpClientConnectionManager -- Connection leased: [id: 4][route: {}->http://localhost:3000][total available: 0; route allocated: 1 of 5; total allocated: 1 of 10]
22:57:29.248 [pool-2-thread-95] DEBUG org.apache.http.impl.execchain.MainClientExec -- Opening connection {}->http://localhost:3000
22:57:29.248 [pool-2-thread-86] DEBUG org.apache.http.impl.execchain.MainClientExec -- Opening connection {}->http://localhost:3000
22:57:29.239 [pool-2-thread-70] DEBUG org.apache.http.impl.conn.PoolingHttpClientConnectionManager -- Connection leased: [id: 5][route: {}->http://localhost:3000][total available: 0; route allocated: 1 of 5; total allocated: 1 of 10]
22:57:29.239 [pool-2-thread-94] DEBUG org.apache.http.impl.conn.PoolingHttpClientConnectionManager -- Connection leased: [id: 61][route: {}->http://localhost:3000][total available: 0; route allocated: 1 of 5; total allocated: 1 of 10]
22:57:29.239 [pool-2-thread-85] DEBUG org.apache.http.impl.conn.PoolingHttpClientConnectionManager -- Connection leased: [id: 62][route: {}->http://localhost:3000][total available: 0; route allocated: 1 of 5; total allocated: 1 of 10]
22:57:29.248 [pool-2-thread-94] DEBUG org.apache.http.impl.execchain.MainClientExec -- Opening connection {}->http://localhost:3000
22:57:29.248 [pool-2-thread-85] DEBUG org.apache.http.impl.execchain.MainClientExec -- Opening connection {}->http://localhost:3000
22:57:29.239 [pool-2-thread-92] DEBUG org.apache.http.impl.conn.PoolingHttpClientConnectionManager -- Connection leased: [id: 60][route: {}->http://localhost:3000][total available: 0; route allocated: 1 of 5; total allocated: 1 of 10]
22:57:29.248 [pool-2-thread-92] DEBUG org.apache.http.impl.execchain.MainClientExec -- Opening connection {}->http://localhost:3000
22:57:29.239 [pool-2-thread-10] DEBUG org.apache.http.impl.conn.PoolingHttpClientConnectionManager -- Connection leased: [id: 63][route: {}->http://localhost:3000][total available: 0; route allocated: 1 of 5; total allocated: 1 of 10]
22:57:29.248 [pool-2-thread-10] DEBUG org.apache.http.impl.execchain.MainClientExec -- Opening connection {}->http://localhost:3000
22:57:29.239 [pool-2-thread-88] DEBUG org.apache.http.impl.conn.PoolingHttpClientConnectionManager -- Connection leased: [id: 64][route: {}->http://localhost:3000][total available: 0; route allocated: 1 of 5; total allocated: 1 of 10]
22:57:29.239 [pool-2-thread-61] DEBUG org.apache.http.impl.conn.PoolingHttpClientConnectionManager -- Connection leased: [id: 65][route: {}->http://localhost:3000][total available: 0; route allocated: 1 of 5; total allocated: 1 of 10]
22:57:29.249 [pool-2-thread-88] DEBUG org.apache.http.impl.execchain.MainClientExec -- Opening connection {}->http://localhost:3000
22:57:29.249 [pool-2-thread-61] DEBUG org.apache.http.impl.execchain.MainClientExec -- Opening connection {}->http://localhost:3000
22:57:29.239 [pool-2-thread-7] DEBUG org.apache.http.impl.conn.PoolingHttpClientConnectionManager -- Connection leased: [id: 66][route: {}->http://localhost:3000][total available: 0; route allocated: 1 of 5; total allocated: 1 of 10]
22:57:29.249 [pool-2-thread-7] DEBUG org.apache.http.impl.execchain.MainClientExec -- Opening connection {}->http://localhost:3000
22:57:29.239 [pool-2-thread-22] DEBUG org.apache.http.impl.conn.PoolingHttpClientConnectionManager -- Connection leased: [id: 67][route: {}->http://localhost:3000][total available: 0; route allocated: 1 of 5; total allocated: 1 of 10]
22:57:29.239 [pool-2-thread-54] DEBUG org.apache.http.impl.conn.PoolingHttpClientConnectionManager -- Connection leased: [id: 1][route: {}->http://localhost:3000][total available: 0; route allocated: 1 of 5; total allocated: 1 of 10]
22:57:29.249 [pool-2-thread-22] DEBUG org.apache.http.impl.execchain.MainClientExec -- Opening connection {}->http://localhost:3000
22:57:29.239 [pool-2-thread-36] DEBUG org.apache.http.impl.conn.PoolingHttpClientConnectionManager -- Connection leased: [id: 68][route: {}->http://localhost:3000][total available: 0; route allocated: 1 of 5; total allocated: 1 of 10]
22:57:29.249 [pool-2-thread-36] DEBUG org.apache.http.impl.execchain.MainClientExec -- Opening connection {}->http://localhost:3000
22:57:29.239 [pool-2-thread-18] DEBUG org.apache.http.impl.conn.PoolingHttpClientConnectionManager -- Connection leased: [id: 69][route: {}->http://localhost:3000][total available: 0; route allocated: 1 of 5; total allocated: 1 of 10]
22:57:29.249 [pool-2-thread-18] DEBUG org.apache.http.impl.execchain.MainClientExec -- Opening connection {}->http://localhost:3000
22:57:29.239 [pool-2-thread-53] DEBUG org.apache.http.impl.conn.PoolingHttpClientConnectionManager -- Connection leased: [id: 70][route: {}->http://localhost:3000][total available: 0; route allocated: 1 of 5; total allocated: 1 of 10]
22:57:29.239 [pool-2-thread-39] DEBUG org.apache.http.impl.conn.PoolingHttpClientConnectionManager -- Connection leased: [id: 71][route: {}->http://localhost:3000][total available: 0; route allocated: 1 of 5; total allocated: 1 of 10]
22:57:29.239 [pool-2-thread-19] DEBUG org.apache.http.impl.conn.PoolingHttpClientConnectionManager -- Connection leased: [id: 73][route: {}->http://localhost:3000][total available: 0; route allocated: 1 of 5; total allocated: 1 of 10]
22:57:29.249 [pool-2-thread-19] DEBUG org.apache.http.impl.execchain.MainClientExec -- Opening connection {}->http://localhost:3000
22:57:29.239 [pool-2-thread-42] DEBUG org.apache.http.impl.conn.PoolingHttpClientConnectionManager -- Connection leased: [id: 74][route: {}->http://localhost:3000][total available: 0; route allocated: 1 of 5; total allocated: 1 of 10]
22:57:29.250 [pool-2-thread-42] DEBUG org.apache.http.impl.execchain.MainClientExec -- Opening connection {}->http://localhost:3000
22:57:29.239 [pool-2-thread-91] DEBUG org.apache.http.impl.conn.PoolingHttpClientConnectionManager -- Connection leased: [id: 76][route: {}->http://localhost:3000][total available: 0; route allocated: 1 of 5; total allocated: 1 of 10]
22:57:29.250 [pool-2-thread-91] DEBUG org.apache.http.impl.execchain.MainClientExec -- Opening connection {}->http://localhost:3000
22:57:29.239 [pool-2-thread-17] DEBUG org.apache.http.impl.conn.PoolingHttpClientConnectionManager -- Connection leased: [id: 77][route: {}->http://localhost:3000][total available: 0; route allocated: 1 of 5; total allocated: 1 of 10]
22:57:29.250 [pool-2-thread-17] DEBUG org.apache.http.impl.execchain.MainClientExec -- Opening connection {}->http://localhost:3000
22:57:29.240 [pool-2-thread-34] DEBUG org.apache.http.impl.conn.PoolingHttpClientConnectionManager -- Connection leased: [id: 79][route: {}->http://localhost:3000][total available: 0; route allocated: 1 of 5; total allocated: 1 of 10]
22:57:29.250 [pool-2-thread-34] DEBUG org.apache.http.impl.execchain.MainClientExec -- Opening connection {}->http://localhost:3000
22:57:29.240 [pool-2-thread-23] DEBUG org.apache.http.impl.conn.PoolingHttpClientConnectionManager -- Connection leased: [id: 84][route: {}->http://localhost:3000][total available: 0; route allocated: 1 of 5; total allocated: 1 of 10]
22:57:29.240 [pool-2-thread-74] DEBUG org.apache.http.impl.conn.PoolingHttpClientConnectionManager -- Connection leased: [id: 85][route: {}->http://localhost:3000][total available: 0; route allocated: 1 of 5; total allocated: 1 of 10]
22:57:29.240 [pool-2-thread-30] DEBUG org.apache.http.impl.conn.PoolingHttpClientConnectionManager -- Connection leased: [id: 82][route: {}->http://localhost:3000][total available: 0; route allocated: 1 of 5; total allocated: 1 of 10]
22:57:29.240 [pool-2-thread-81] DEBUG org.apache.http.impl.conn.PoolingHttpClientConnectionManager -- Connection leased: [id: 90][route: {}->http://localhost:3000][total available: 0; route allocated: 1 of 5; total allocated: 1 of 10]
22:57:29.252 [pool-2-thread-30] DEBUG org.apache.http.impl.execchain.MainClientExec -- Opening connection {}->http://localhost:3000
22:57:29.240 [pool-2-thread-60] DEBUG org.apache.http.impl.conn.PoolingHttpClientConnectionManager -- Connection leased: [id: 89][route: {}->http://localhost:3000][total available: 0; route allocated: 1 of 5; total allocated: 1 of 10]
22:57:29.252 [pool-2-thread-81] DEBUG org.apache.http.impl.execchain.MainClientExec -- Opening connection {}->http://localhost:3000
22:57:29.252 [pool-2-thread-60] DEBUG org.apache.http.impl.execchain.MainClientExec -- Opening connection {}->http://localhost:3000
22:57:29.240 [pool-2-thread-15] DEBUG org.apache.http.impl.conn.PoolingHttpClientConnectionManager -- Connection leased: [id: 92][route: {}->http://localhost:3000][total available: 0; route allocated: 1 of 5; total allocated: 1 of 10]
22:57:29.252 [pool-2-thread-15] DEBUG org.apache.http.impl.execchain.MainClientExec -- Opening connection {}->http://localhost:3000
22:57:29.240 [pool-2-thread-71] DEBUG org.apache.http.impl.conn.PoolingHttpClientConnectionManager -- Connection leased: [id: 93][route: {}->http://localhost:3000][total available: 0; route allocated: 1 of 5; total allocated: 1 of 10]
22:57:29.252 [pool-2-thread-71] DEBUG org.apache.http.impl.execchain.MainClientExec -- Opening connection {}->http://localhost:3000
22:57:29.240 [pool-2-thread-9] DEBUG org.apache.http.impl.conn.PoolingHttpClientConnectionManager -- Connection leased: [id: 99][route: {}->http://localhost:3000][total available: 0; route allocated: 1 of 5; total allocated: 1 of 10]
22:57:29.241 [pool-2-thread-12] DEBUG org.apache.http.impl.execchain.MainClientExec -- Opening connection {}->http://localhost:3000
22:57:29.241 [pool-2-thread-47] DEBUG org.apache.http.impl.execchain.MainClientExec -- Opening connection {}->http://localhost:3000
22:57:29.241 [pool-2-thread-66] DEBUG org.apache.http.impl.execchain.MainClientExec -- Opening connection {}->http://localhost:3000
22:57:29.241 [pool-2-thread-73] DEBUG org.apache.http.impl.execchain.MainClientExec -- Opening connection {}->http://localhost:3000
22:57:29.241 [pool-2-thread-69] DEBUG org.apache.http.impl.execchain.MainClientExec -- Opening connection {}->http://localhost:3000
22:57:29.242 [pool-2-thread-41] DEBUG org.apache.http.impl.execchain.MainClientExec -- Opening connection {}->http://localhost:3000
22:57:29.242 [pool-2-thread-65] DEBUG org.apache.http.impl.execchain.MainClientExec -- Opening connection {}->http://localhost:3000
22:57:29.242 [pool-2-thread-4] DEBUG org.apache.http.impl.execchain.MainClientExec -- Opening connection {}->http://localhost:3000
22:57:29.242 [pool-2-thread-26] DEBUG org.apache.http.impl.execchain.MainClientExec -- Opening connection {}->http://localhost:3000
22:57:29.242 [pool-2-thread-67] DEBUG org.apache.http.impl.execchain.MainClientExec -- Opening connection {}->http://localhost:3000
22:57:29.242 [pool-2-thread-76] DEBUG org.apache.http.impl.execchain.MainClientExec -- Opening connection {}->http://localhost:3000
22:57:29.242 [pool-2-thread-50] DEBUG org.apache.http.impl.execchain.MainClientExec -- Opening connection {}->http://localhost:3000
22:57:29.242 [pool-2-thread-14] DEBUG org.apache.http.impl.execchain.MainClientExec -- Opening connection {}->http://localhost:3000
22:57:29.242 [pool-2-thread-57] DEBUG org.apache.http.impl.execchain.MainClientExec -- Opening connection {}->http://localhost:3000
22:57:29.242 [pool-2-thread-33] DEBUG org.apache.http.impl.execchain.MainClientExec -- Opening connection {}->http://localhost:3000
22:57:29.242 [pool-2-thread-27] DEBUG org.apache.http.impl.execchain.MainClientExec -- Opening connection {}->http://localhost:3000
22:57:29.242 [pool-2-thread-48] DEBUG org.apache.http.impl.execchain.MainClientExec -- Opening connection {}->http://localhost:3000
22:57:29.242 [pool-2-thread-5] DEBUG org.apache.http.impl.execchain.MainClientExec -- Opening connection {}->http://localhost:3000
22:57:29.242 [pool-2-thread-21] DEBUG org.apache.http.impl.execchain.MainClientExec -- Opening connection {}->http://localhost:3000
22:57:29.242 [pool-2-thread-31] DEBUG org.apache.http.impl.execchain.MainClientExec -- Opening connection {}->http://localhost:3000
22:57:29.242 [pool-2-thread-40] DEBUG org.apache.http.impl.execchain.MainClientExec -- Opening connection {}->http://localhost:3000
22:57:29.243 [pool-2-thread-72] DEBUG org.apache.http.impl.execchain.MainClientExec -- Opening connection {}->http://localhost:3000
22:57:29.243 [pool-2-thread-56] DEBUG org.apache.http.impl.execchain.MainClientExec -- Opening connection {}->http://localhost:3000
22:57:29.243 [pool-2-thread-77] DEBUG org.apache.http.impl.execchain.MainClientExec -- Opening connection {}->http://localhost:3000
22:57:29.243 [pool-2-thread-80] DEBUG org.apache.http.impl.execchain.MainClientExec -- Opening connection {}->http://localhost:3000
22:57:29.243 [pool-2-thread-78] DEBUG org.apache.http.impl.execchain.MainClientExec -- Opening connection {}->http://localhost:3000
22:57:29.243 [pool-2-thread-49] DEBUG org.apache.http.impl.execchain.MainClientExec -- Opening connection {}->http://localhost:3000
22:57:29.243 [pool-2-thread-79] DEBUG org.apache.http.impl.execchain.MainClientExec -- Opening connection {}->http://localhost:3000
22:57:29.243 [pool-2-thread-100] DEBUG org.apache.http.impl.execchain.MainClientExec -- Opening connection {}->http://localhost:3000
22:57:29.243 [pool-2-thread-38] DEBUG org.apache.http.impl.execchain.MainClientExec -- Opening connection {}->http://localhost:3000
22:57:29.243 [pool-2-thread-3] DEBUG org.apache.http.impl.execchain.MainClientExec -- Opening connection {}->http://localhost:3000
22:57:29.243 [pool-2-thread-58] DEBUG org.apache.http.impl.execchain.MainClientExec -- Opening connection {}->http://localhost:3000
22:57:29.243 [pool-2-thread-16] DEBUG org.apache.http.impl.execchain.MainClientExec -- Opening connection {}->http://localhost:3000
22:57:29.243 [pool-2-thread-98] DEBUG org.apache.http.impl.execchain.MainClientExec -- Opening connection {}->http://localhost:3000
22:57:29.243 [pool-2-thread-25] DEBUG org.apache.http.impl.execchain.MainClientExec -- Opening connection {}->http://localhost:3000
22:57:29.243 [pool-2-thread-83] DEBUG org.apache.http.impl.execchain.MainClientExec -- Opening connection {}->http://localhost:3000
22:57:29.243 [pool-2-thread-29] DEBUG org.apache.http.impl.execchain.MainClientExec -- Opening connection {}->http://localhost:3000
22:57:29.243 [pool-2-thread-87] DEBUG org.apache.http.impl.execchain.MainClientExec -- Opening connection {}->http://localhost:3000
22:57:29.244 [pool-2-thread-1] DEBUG org.apache.http.impl.execchain.MainClientExec -- Opening connection {}->http://localhost:3000
22:57:29.246 [pool-2-thread-24] DEBUG org.apache.http.impl.execchain.MainClientExec -- Opening connection {}->http://localhost:3000
22:57:29.246 [pool-2-thread-11] DEBUG org.apache.http.impl.execchain.MainClientExec -- Opening connection {}->http://localhost:3000
22:57:29.246 [pool-2-thread-13] DEBUG org.apache.http.impl.execchain.MainClientExec -- Opening connection {}->http://localhost:3000
22:57:29.246 [pool-2-thread-99] DEBUG org.apache.http.impl.execchain.MainClientExec -- Opening connection {}->http://localhost:3000
22:57:29.248 [pool-2-thread-70] DEBUG org.apache.http.impl.execchain.MainClientExec -- Opening connection {}->http://localhost:3000
22:57:29.249 [pool-2-thread-54] DEBUG org.apache.http.impl.execchain.MainClientExec -- Opening connection {}->http://localhost:3000
22:57:29.249 [pool-2-thread-53] DEBUG org.apache.http.impl.execchain.MainClientExec -- Opening connection {}->http://localhost:3000
22:57:29.249 [pool-2-thread-39] DEBUG org.apache.http.impl.execchain.MainClientExec -- Opening connection {}->http://localhost:3000
22:57:29.252 [pool-2-thread-23] DEBUG org.apache.http.impl.execchain.MainClientExec -- Opening connection {}->http://localhost:3000
22:57:29.252 [pool-2-thread-74] DEBUG org.apache.http.impl.execchain.MainClientExec -- Opening connection {}->http://localhost:3000
22:57:29.253 [pool-2-thread-9] DEBUG org.apache.http.impl.execchain.MainClientExec -- Opening connection {}->http://localhost:3000
22:57:29.261 [pool-2-thread-72] DEBUG org.apache.http.impl.conn.DefaultHttpClientConnectionOperator -- Connecting to localhost/127.0.0.1:3000
22:57:29.261 [pool-2-thread-53] DEBUG org.apache.http.impl.conn.DefaultHttpClientConnectionOperator -- Connecting to localhost/127.0.0.1:3000
22:57:29.261 [pool-2-thread-100] DEBUG org.apache.http.impl.conn.DefaultHttpClientConnectionOperator -- Connecting to localhost/127.0.0.1:3000
22:57:29.261 [pool-2-thread-10] DEBUG org.apache.http.impl.conn.DefaultHttpClientConnectionOperator -- Connecting to localhost/127.0.0.1:3000
22:57:29.261 [pool-2-thread-36] DEBUG org.apache.http.impl.conn.DefaultHttpClientConnectionOperator -- Connecting to localhost/127.0.0.1:3000
22:57:29.261 [pool-2-thread-23] DEBUG org.apache.http.impl.conn.DefaultHttpClientConnectionOperator -- Connecting to localhost/127.0.0.1:3000
22:57:29.261 [pool-2-thread-7] DEBUG org.apache.http.impl.conn.DefaultHttpClientConnectionOperator -- Connecting to localhost/127.0.0.1:3000
22:57:29.261 [pool-2-thread-22] DEBUG org.apache.http.impl.conn.DefaultHttpClientConnectionOperator -- Connecting to localhost/127.0.0.1:3000
22:57:29.261 [pool-2-thread-5] DEBUG org.apache.http.impl.conn.DefaultHttpClientConnectionOperator -- Connecting to localhost/127.0.0.1:3000
22:57:29.261 [pool-2-thread-94] DEBUG org.apache.http.impl.conn.DefaultHttpClientConnectionOperator -- Connecting to localhost/127.0.0.1:3000
22:57:29.262 [pool-2-thread-24] DEBUG org.apache.http.impl.conn.DefaultHttpClientConnectionOperator -- Connecting to localhost/127.0.0.1:3000
22:57:29.262 [pool-2-thread-71] DEBUG org.apache.http.impl.conn.DefaultHttpClientConnectionOperator -- Connecting to localhost/127.0.0.1:3000
22:57:29.262 [pool-2-thread-58] DEBUG org.apache.http.impl.conn.DefaultHttpClientConnectionOperator -- Connecting to localhost/127.0.0.1:3000
22:57:29.262 [pool-2-thread-15] DEBUG org.apache.http.impl.conn.DefaultHttpClientConnectionOperator -- Connecting to localhost/127.0.0.1:3000
22:57:29.263 [pool-2-thread-12] DEBUG org.apache.http.impl.conn.DefaultHttpClientConnectionOperator -- Connecting to localhost/127.0.0.1:3000
22:57:29.263 [pool-2-thread-13] DEBUG org.apache.http.impl.conn.DefaultHttpClientConnectionOperator -- Connecting to localhost/127.0.0.1:3000
22:57:29.263 [pool-2-thread-93] DEBUG org.apache.http.impl.conn.DefaultHttpClientConnectionOperator -- Connecting to localhost/127.0.0.1:3000
22:57:29.263 [pool-2-thread-12] DEBUG org.apache.http.impl.conn.DefaultHttpClientConnectionOperator -- Connection established 127.0.0.1:51781<->127.0.0.1:3000
22:57:29.263 [pool-2-thread-15] DEBUG org.apache.http.impl.conn.DefaultHttpClientConnectionOperator -- Connection established 127.0.0.1:51779<->127.0.0.1:3000
22:57:29.263 [pool-2-thread-93] DEBUG org.apache.http.impl.conn.DefaultHttpClientConnectionOperator -- Connection established 127.0.0.1:51783<->127.0.0.1:3000
22:57:29.263 [pool-2-thread-95] DEBUG org.apache.http.impl.conn.DefaultHttpClientConnectionOperator -- Connecting to localhost/127.0.0.1:3000
22:57:29.263 [pool-2-thread-12] DEBUG org.apache.http.impl.conn.DefaultManagedHttpClientConnection -- http-outgoing-79: set socket timeout to 30000
22:57:29.263 [pool-2-thread-12] DEBUG org.apache.http.impl.execchain.MainClientExec -- Executing request POST /auth/login HTTP/1.1
22:57:29.263 [pool-2-thread-12] DEBUG org.apache.http.impl.execchain.MainClientExec -- Target auth state: UNCHALLENGED
22:57:29.264 [pool-2-thread-36] DEBUG org.apache.http.impl.conn.DefaultHttpClientConnectionOperator -- Connection established 127.0.0.1:51774<->127.0.0.1:3000
22:57:29.264 [pool-2-thread-5] DEBUG org.apache.http.impl.conn.DefaultHttpClientConnectionOperator -- Connection established 127.0.0.1:51773<->127.0.0.1:3000
22:57:29.264 [pool-2-thread-7] DEBUG org.apache.http.impl.conn.DefaultHttpClientConnectionOperator -- Connection established 127.0.0.1:51772<->127.0.0.1:3000
22:57:29.264 [pool-2-thread-7] DEBUG org.apache.http.impl.conn.DefaultManagedHttpClientConnection -- http-outgoing-59: set socket timeout to 30000
22:57:29.264 [pool-2-thread-95] DEBUG org.apache.http.impl.conn.DefaultHttpClientConnectionOperator -- Connection established 127.0.0.1:51787<->127.0.0.1:3000
22:57:29.264 [pool-2-thread-95] DEBUG org.apache.http.impl.conn.DefaultManagedHttpClientConnection -- http-outgoing-70: set socket timeout to 30000
22:57:29.264 [pool-2-thread-28] DEBUG org.apache.http.impl.conn.DefaultHttpClientConnectionOperator -- Connecting to localhost/127.0.0.1:3000
22:57:29.264 [pool-2-thread-13] DEBUG org.apache.http.impl.conn.DefaultHttpClientConnectionOperator -- Connection established 127.0.0.1:51782<->127.0.0.1:3000
22:57:29.264 [pool-2-thread-13] DEBUG org.apache.http.impl.conn.DefaultManagedHttpClientConnection -- http-outgoing-54: set socket timeout to 30000
22:57:29.264 [pool-2-thread-4] DEBUG org.apache.http.impl.conn.DefaultHttpClientConnectionOperator -- Connecting to localhost/127.0.0.1:3000
22:57:29.264 [pool-2-thread-72] DEBUG org.apache.http.impl.conn.DefaultHttpClientConnectionOperator -- Connection established 127.0.0.1:51770<->127.0.0.1:3000
22:57:29.264 [pool-2-thread-72] DEBUG org.apache.http.impl.conn.DefaultManagedHttpClientConnection -- http-outgoing-16: set socket timeout to 30000
22:57:29.264 [pool-2-thread-57] DEBUG org.apache.http.impl.conn.DefaultHttpClientConnectionOperator -- Connecting to localhost/127.0.0.1:3000
22:57:29.264 [pool-2-thread-12] DEBUG org.apache.http.impl.execchain.MainClientExec -- Proxy auth state: UNCHALLENGED
22:57:29.264 [pool-2-thread-28] DEBUG org.apache.http.impl.conn.DefaultHttpClientConnectionOperator -- Connection established 127.0.0.1:51788<->127.0.0.1:3000
22:57:29.264 [pool-2-thread-28] DEBUG org.apache.http.impl.conn.DefaultManagedHttpClientConnection -- http-outgoing-7: set socket timeout to 30000
22:57:29.264 [pool-2-thread-28] DEBUG org.apache.http.impl.execchain.MainClientExec -- Executing request POST /auth/login HTTP/1.1
22:57:29.264 [pool-2-thread-28] DEBUG org.apache.http.impl.execchain.MainClientExec -- Target auth state: UNCHALLENGED
22:57:29.264 [pool-2-thread-28] DEBUG org.apache.http.impl.execchain.MainClientExec -- Proxy auth state: UNCHALLENGED
22:57:29.263 [pool-2-thread-53] DEBUG org.apache.http.impl.conn.DefaultHttpClientConnectionOperator -- Connection established 127.0.0.1:51784<->127.0.0.1:3000
22:57:29.264 [pool-2-thread-53] DEBUG org.apache.http.impl.conn.DefaultManagedHttpClientConnection -- http-outgoing-57: set socket timeout to 30000
22:57:29.264 [pool-2-thread-53] DEBUG org.apache.http.impl.execchain.MainClientExec -- Executing request POST /auth/login HTTP/1.1
22:57:29.264 [pool-2-thread-53] DEBUG org.apache.http.impl.execchain.MainClientExec -- Target auth state: UNCHALLENGED
22:57:29.263 [pool-2-thread-15] DEBUG org.apache.http.impl.conn.DefaultManagedHttpClientConnection -- http-outgoing-98: set socket timeout to 30000
22:57:29.264 [pool-2-thread-15] DEBUG org.apache.http.impl.execchain.MainClientExec -- Executing request POST /auth/login HTTP/1.1
22:57:29.264 [pool-2-thread-23] DEBUG org.apache.http.impl.conn.DefaultHttpClientConnectionOperator -- Connection established 127.0.0.1:51785<->127.0.0.1:3000
22:57:29.265 [pool-2-thread-15] DEBUG org.apache.http.impl.execchain.MainClientExec -- Target auth state: UNCHALLENGED
22:57:29.265 [pool-2-thread-57] DEBUG org.apache.http.impl.conn.DefaultHttpClientConnectionOperator -- Connection established 127.0.0.1:51790<->127.0.0.1:3000
22:57:29.263 [pool-2-thread-93] DEBUG org.apache.http.impl.conn.DefaultManagedHttpClientConnection -- http-outgoing-11: set socket timeout to 30000
22:57:29.265 [pool-2-thread-93] DEBUG org.apache.http.impl.execchain.MainClientExec -- Executing request POST /auth/login HTTP/1.1
22:57:29.265 [pool-2-thread-93] DEBUG org.apache.http.impl.execchain.MainClientExec -- Target auth state: UNCHALLENGED
22:57:29.265 [pool-2-thread-93] DEBUG org.apache.http.impl.execchain.MainClientExec -- Proxy auth state: UNCHALLENGED
22:57:29.265 [pool-2-thread-71] DEBUG org.apache.http.impl.conn.DefaultHttpClientConnectionOperator -- Connection established 127.0.0.1:51777<->127.0.0.1:3000
22:57:29.265 [pool-2-thread-71] DEBUG org.apache.http.impl.conn.DefaultManagedHttpClientConnection -- http-outgoing-85: set socket timeout to 30000
22:57:29.265 [pool-2-thread-82] DEBUG org.apache.http.impl.conn.DefaultHttpClientConnectionOperator -- Connecting to localhost/127.0.0.1:3000
22:57:29.265 [pool-2-thread-71] DEBUG org.apache.http.impl.execchain.MainClientExec -- Executing request POST /auth/login HTTP/1.1
22:57:29.265 [pool-2-thread-71] DEBUG org.apache.http.impl.execchain.MainClientExec -- Target auth state: UNCHALLENGED
22:57:29.265 [pool-2-thread-71] DEBUG org.apache.http.impl.execchain.MainClientExec -- Proxy auth state: UNCHALLENGED
22:57:29.265 [pool-2-thread-52] DEBUG org.apache.http.impl.conn.DefaultHttpClientConnectionOperator -- Connecting to localhost/127.0.0.1:3000
22:57:29.265 [pool-2-thread-22] DEBUG org.apache.http.impl.conn.DefaultHttpClientConnectionOperator -- Connection established 127.0.0.1:51771<->127.0.0.1:3000
22:57:29.265 [pool-2-thread-22] DEBUG org.apache.http.impl.conn.DefaultManagedHttpClientConnection -- http-outgoing-33: set socket timeout to 30000
22:57:29.265 [pool-2-thread-22] DEBUG org.apache.http.impl.execchain.MainClientExec -- Executing request POST /auth/login HTTP/1.1
22:57:29.265 [pool-2-thread-22] DEBUG org.apache.http.impl.execchain.MainClientExec -- Target auth state: UNCHALLENGED
22:57:29.265 [pool-2-thread-22] DEBUG org.apache.http.impl.execchain.MainClientExec -- Proxy auth state: UNCHALLENGED
22:57:29.265 [pool-2-thread-52] DEBUG org.apache.http.impl.conn.DefaultHttpClientConnectionOperator -- Connection established 127.0.0.1:51792<->127.0.0.1:3000
22:57:29.265 [pool-2-thread-52] DEBUG org.apache.http.impl.conn.DefaultManagedHttpClientConnection -- http-outgoing-20: set socket timeout to 30000
22:57:29.265 [pool-2-thread-44] DEBUG org.apache.http.impl.conn.DefaultHttpClientConnectionOperator -- Connecting to localhost/127.0.0.1:3000
22:57:29.263 [pool-2-thread-10] DEBUG org.apache.http.impl.conn.DefaultHttpClientConnectionOperator -- Connection established 127.0.0.1:51786<->127.0.0.1:3000
22:57:29.265 [pool-2-thread-10] DEBUG org.apache.http.impl.conn.DefaultManagedHttpClientConnection -- http-outgoing-81: set socket timeout to 30000
22:57:29.264 [pool-2-thread-36] DEBUG org.apache.http.impl.conn.DefaultManagedHttpClientConnection -- http-outgoing-28: set socket timeout to 30000
22:57:29.265 [pool-2-thread-10] DEBUG org.apache.http.impl.execchain.MainClientExec -- Executing request POST /auth/login HTTP/1.1
22:57:29.265 [pool-2-thread-36] DEBUG org.apache.http.impl.execchain.MainClientExec -- Executing request POST /auth/login HTTP/1.1
22:57:29.265 [pool-2-thread-36] DEBUG org.apache.http.impl.execchain.MainClientExec -- Target auth state: UNCHALLENGED
22:57:29.265 [pool-2-thread-94] DEBUG org.apache.http.impl.conn.DefaultHttpClientConnectionOperator -- Connection established 127.0.0.1:51775<->127.0.0.1:3000
22:57:29.264 [pool-2-thread-5] DEBUG org.apache.http.impl.conn.DefaultManagedHttpClientConnection -- http-outgoing-61: set socket timeout to 30000
22:57:29.265 [pool-2-thread-44] DEBUG org.apache.http.impl.conn.DefaultHttpClientConnectionOperator -- Connection established 127.0.0.1:51793<->127.0.0.1:3000
22:57:29.266 [pool-2-thread-44] DEBUG org.apache.http.impl.conn.DefaultManagedHttpClientConnection -- http-outgoing-17: set socket timeout to 30000
22:57:29.264 [pool-2-thread-7] DEBUG org.apache.http.impl.execchain.MainClientExec -- Executing request POST /auth/login HTTP/1.1
22:57:29.264 [pool-2-thread-95] DEBUG org.apache.http.impl.execchain.MainClientExec -- Executing request POST /auth/login HTTP/1.1
22:57:29.266 [pool-2-thread-95] DEBUG org.apache.http.impl.execchain.MainClientExec -- Target auth state: UNCHALLENGED
22:57:29.266 [pool-2-thread-43] DEBUG org.apache.http.impl.conn.DefaultHttpClientConnectionOperator -- Connecting to localhost/127.0.0.1:3000
22:57:29.266 [pool-2-thread-41] DEBUG org.apache.http.impl.conn.DefaultHttpClientConnectionOperator -- Connecting to localhost/127.0.0.1:3000
22:57:29.266 [pool-2-thread-83] DEBUG org.apache.http.impl.conn.DefaultHttpClientConnectionOperator -- Connecting to localhost/127.0.0.1:3000
22:57:29.266 [pool-2-thread-74] DEBUG org.apache.http.impl.conn.DefaultHttpClientConnectionOperator -- Connecting to localhost/127.0.0.1:3000
22:57:29.266 [pool-2-thread-47] DEBUG org.apache.http.impl.conn.DefaultHttpClientConnectionOperator -- Connecting to localhost/127.0.0.1:3000
22:57:29.266 [pool-2-thread-19] DEBUG org.apache.http.impl.conn.DefaultHttpClientConnectionOperator -- Connecting to localhost/127.0.0.1:3000
22:57:29.266 [pool-2-thread-60] DEBUG org.apache.http.impl.conn.DefaultHttpClientConnectionOperator -- Connecting to localhost/127.0.0.1:3000
22:57:29.266 [pool-2-thread-43] DEBUG org.apache.http.impl.conn.DefaultHttpClientConnectionOperator -- Connection established 127.0.0.1:51794<->127.0.0.1:3000
22:57:29.266 [pool-2-thread-41] DEBUG org.apache.http.impl.conn.DefaultHttpClientConnectionOperator -- Connection established 127.0.0.1:51795<->127.0.0.1:3000
22:57:29.266 [pool-2-thread-41] DEBUG org.apache.http.impl.conn.DefaultManagedHttpClientConnection -- http-outgoing-8: set socket timeout to 30000
22:57:29.264 [pool-2-thread-100] DEBUG org.apache.http.impl.conn.DefaultHttpClientConnectionOperator -- Connection established 127.0.0.1:51780<->127.0.0.1:3000
22:57:29.266 [pool-2-thread-42] DEBUG org.apache.http.impl.conn.DefaultHttpClientConnectionOperator -- Connecting to localhost/127.0.0.1:3000
22:57:29.266 [pool-2-thread-19] DEBUG org.apache.http.impl.conn.DefaultHttpClientConnectionOperator -- Connection established 127.0.0.1:51799<->127.0.0.1:3000
22:57:29.266 [pool-2-thread-19] DEBUG org.apache.http.impl.conn.DefaultManagedHttpClientConnection -- http-outgoing-27: set socket timeout to 30000
22:57:29.266 [pool-2-thread-74] DEBUG org.apache.http.impl.conn.DefaultHttpClientConnectionOperator -- Connection established 127.0.0.1:51797<->127.0.0.1:3000
22:57:29.264 [pool-2-thread-13] DEBUG org.apache.http.impl.execchain.MainClientExec -- Executing request POST /auth/login HTTP/1.1
22:57:29.266 [pool-2-thread-74] DEBUG org.apache.http.impl.conn.DefaultManagedHttpClientConnection -- http-outgoing-83: set socket timeout to 30000
22:57:29.266 [pool-2-thread-13] DEBUG org.apache.http.impl.execchain.MainClientExec -- Target auth state: UNCHALLENGED
22:57:29.266 [pool-2-thread-74] DEBUG org.apache.http.impl.execchain.MainClientExec -- Executing request POST /auth/login HTTP/1.1
22:57:29.266 [pool-2-thread-74] DEBUG org.apache.http.impl.execchain.MainClientExec -- Target auth state: UNCHALLENGED
22:57:29.266 [pool-2-thread-34] DEBUG org.apache.http.impl.conn.DefaultHttpClientConnectionOperator -- Connecting to localhost/127.0.0.1:3000
22:57:29.266 [pool-2-thread-78] DEBUG org.apache.http.impl.conn.DefaultHttpClientConnectionOperator -- Connecting to localhost/127.0.0.1:3000
22:57:29.266 [pool-2-thread-45] DEBUG org.apache.http.impl.conn.DefaultHttpClientConnectionOperator -- Connecting to localhost/127.0.0.1:3000
22:57:29.266 [pool-2-thread-32] DEBUG org.apache.http.impl.conn.DefaultHttpClientConnectionOperator -- Connecting to localhost/127.0.0.1:3000
22:57:29.266 [pool-2-thread-79] DEBUG org.apache.http.impl.conn.DefaultHttpClientConnectionOperator -- Connecting to localhost/127.0.0.1:3000
22:57:29.264 [pool-2-thread-72] DEBUG org.apache.http.impl.execchain.MainClientExec -- Executing request POST /auth/login HTTP/1.1
22:57:29.266 [pool-2-thread-72] DEBUG org.apache.http.impl.execchain.MainClientExec -- Target auth state: UNCHALLENGED
22:57:29.264 [pool-2-thread-4] DEBUG org.apache.http.impl.conn.DefaultHttpClientConnectionOperator -- Connection established 127.0.0.1:51789<->127.0.0.1:3000
22:57:29.264 [pool-2-thread-76] DEBUG org.apache.http.impl.conn.DefaultHttpClientConnectionOperator -- Connecting to localhost/127.0.0.1:3000
22:57:29.267 [pool-2-thread-72] DEBUG org.apache.http.impl.execchain.MainClientExec -- Proxy auth state: UNCHALLENGED
22:57:29.267 [pool-2-thread-73] DEBUG org.apache.http.impl.conn.DefaultHttpClientConnectionOperator -- Connecting to localhost/127.0.0.1:3000
22:57:29.264 [pool-2-thread-53] DEBUG org.apache.http.impl.execchain.MainClientExec -- Proxy auth state: UNCHALLENGED
22:57:29.267 [pool-2-thread-6] DEBUG org.apache.http.impl.conn.DefaultHttpClientConnectionOperator -- Connecting to localhost/127.0.0.1:3000
22:57:29.267 [pool-2-thread-45] DEBUG org.apache.http.impl.conn.DefaultHttpClientConnectionOperator -- Connection established 127.0.0.1:51803<->127.0.0.1:3000
22:57:29.267 [pool-2-thread-92] DEBUG org.apache.http.impl.conn.DefaultHttpClientConnectionOperator -- Connecting to localhost/127.0.0.1:3000
22:57:29.267 [pool-2-thread-45] DEBUG org.apache.http.impl.conn.DefaultManagedHttpClientConnection -- http-outgoing-72: set socket timeout to 30000
22:57:29.267 [pool-2-thread-45] DEBUG org.apache.http.impl.execchain.MainClientExec -- Executing request POST /auth/login HTTP/1.1
22:57:29.267 [pool-2-thread-45] DEBUG org.apache.http.impl.execchain.MainClientExec -- Target auth state: UNCHALLENGED
22:57:29.267 [pool-2-thread-76] DEBUG org.apache.http.impl.conn.DefaultHttpClientConnectionOperator -- Connection established 127.0.0.1:51807<->127.0.0.1:3000
22:57:29.264 [pool-2-thread-75] DEBUG org.apache.http.impl.conn.DefaultHttpClientConnectionOperator -- Connecting to localhost/127.0.0.1:3000
22:57:29.267 [pool-2-thread-76] DEBUG org.apache.http.impl.conn.DefaultManagedHttpClientConnection -- http-outgoing-93: set socket timeout to 30000
22:57:29.267 [pool-2-thread-76] DEBUG org.apache.http.impl.execchain.MainClientExec -- Executing request POST /auth/login HTTP/1.1
22:57:29.265 [pool-2-thread-23] DEBUG org.apache.http.impl.conn.DefaultManagedHttpClientConnection -- http-outgoing-63: set socket timeout to 30000
22:57:29.267 [pool-2-thread-73] DEBUG org.apache.http.impl.conn.DefaultHttpClientConnectionOperator -- Connection established 127.0.0.1:51808<->127.0.0.1:3000
22:57:29.267 [pool-2-thread-2] DEBUG org.apache.http.impl.conn.DefaultHttpClientConnectionOperator -- Connecting to localhost/127.0.0.1:3000
22:57:29.267 [pool-2-thread-73] DEBUG org.apache.http.impl.conn.DefaultManagedHttpClientConnection -- http-outgoing-44: set socket timeout to 30000
22:57:29.267 [pool-2-thread-1] DEBUG org.apache.http.impl.conn.DefaultHttpClientConnectionOperator -- Connecting to localhost/127.0.0.1:3000
22:57:29.267 [pool-2-thread-73] DEBUG org.apache.http.impl.execchain.MainClientExec -- Executing request POST /auth/login HTTP/1.1
22:57:29.267 [pool-2-thread-69] DEBUG org.apache.http.impl.conn.DefaultHttpClientConnectionOperator -- Connecting to localhost/127.0.0.1:3000
22:57:29.267 [pool-2-thread-48] DEBUG org.apache.http.impl.conn.DefaultHttpClientConnectionOperator -- Connecting to localhost/127.0.0.1:3000
22:57:29.267 [pool-2-thread-75] DEBUG org.apache.http.impl.conn.DefaultHttpClientConnectionOperator -- Connection established 127.0.0.1:51811<->127.0.0.1:3000
22:57:29.267 [pool-2-thread-75] DEBUG org.apache.http.impl.conn.DefaultManagedHttpClientConnection -- http-outgoing-99: set socket timeout to 30000
22:57:29.267 [pool-2-thread-75] DEBUG org.apache.http.impl.execchain.MainClientExec -- Executing request POST /auth/login HTTP/1.1
22:57:29.267 [pool-2-thread-75] DEBUG org.apache.http.impl.execchain.MainClientExec -- Target auth state: UNCHALLENGED
22:57:29.267 [pool-2-thread-75] DEBUG org.apache.http.impl.execchain.MainClientExec -- Proxy auth state: UNCHALLENGED
22:57:29.267 [pool-2-thread-14] DEBUG org.apache.http.impl.conn.DefaultHttpClientConnectionOperator -- Connecting to localhost/127.0.0.1:3000
22:57:29.265 [pool-2-thread-15] DEBUG org.apache.http.impl.execchain.MainClientExec -- Proxy auth state: UNCHALLENGED
22:57:29.265 [pool-2-thread-57] DEBUG org.apache.http.impl.conn.DefaultManagedHttpClientConnection -- http-outgoing-64: set socket timeout to 30000
22:57:29.267 [pool-2-thread-69] DEBUG org.apache.http.impl.conn.DefaultHttpClientConnectionOperator -- Connection established 127.0.0.1:51814<->127.0.0.1:3000
22:57:29.265 [pool-2-thread-51] DEBUG org.apache.http.impl.conn.DefaultHttpClientConnectionOperator -- Connecting to localhost/127.0.0.1:3000
22:57:29.268 [pool-2-thread-54] DEBUG org.apache.http.impl.conn.DefaultHttpClientConnectionOperator -- Connecting to localhost/127.0.0.1:3000
22:57:29.268 [pool-2-thread-37] DEBUG org.apache.http.impl.conn.DefaultHttpClientConnectionOperator -- Connecting to localhost/127.0.0.1:3000
22:57:29.268 [pool-2-thread-98] DEBUG org.apache.http.impl.conn.DefaultHttpClientConnectionOperator -- Connecting to localhost/127.0.0.1:3000
22:57:29.265 [pool-2-thread-82] DEBUG org.apache.http.impl.conn.DefaultHttpClientConnectionOperator -- Connection established 127.0.0.1:51791<->127.0.0.1:3000
22:57:29.265 [pool-2-thread-61] DEBUG org.apache.http.impl.conn.DefaultHttpClientConnectionOperator -- Connecting to localhost/127.0.0.1:3000
22:57:29.268 [pool-2-thread-82] DEBUG org.apache.http.impl.conn.DefaultManagedHttpClientConnection -- http-outgoing-51: set socket timeout to 30000
22:57:29.268 [pool-2-thread-82] DEBUG org.apache.http.impl.execchain.MainClientExec -- Executing request POST /auth/login HTTP/1.1
22:57:29.268 [pool-2-thread-82] DEBUG org.apache.http.impl.execchain.MainClientExec -- Target auth state: UNCHALLENGED
22:57:29.268 [pool-2-thread-82] DEBUG org.apache.http.impl.execchain.MainClientExec -- Proxy auth state: UNCHALLENGED
22:57:29.268 [pool-2-thread-51] DEBUG org.apache.http.impl.conn.DefaultHttpClientConnectionOperator -- Connection established 127.0.0.1:51817<->127.0.0.1:3000
22:57:29.268 [pool-2-thread-37] DEBUG org.apache.http.impl.conn.DefaultHttpClientConnectionOperator -- Connection established 127.0.0.1:51818<->127.0.0.1:3000
22:57:29.268 [pool-2-thread-51] DEBUG org.apache.http.impl.conn.DefaultManagedHttpClientConnection -- http-outgoing-76: set socket timeout to 30000
22:57:29.265 [pool-2-thread-18] DEBUG org.apache.http.impl.conn.DefaultHttpClientConnectionOperator -- Connecting to localhost/127.0.0.1:3000
22:57:29.268 [pool-2-thread-54] DEBUG org.apache.http.impl.conn.DefaultHttpClientConnectionOperator -- Connection established 127.0.0.1:51819<->127.0.0.1:3000
22:57:29.268 [pool-2-thread-54] DEBUG org.apache.http.impl.conn.DefaultManagedHttpClientConnection -- http-outgoing-15: set socket timeout to 30000
22:57:29.268 [pool-2-thread-54] DEBUG org.apache.http.impl.execchain.MainClientExec -- Executing request POST /auth/login HTTP/1.1
22:57:29.268 [pool-2-thread-54] DEBUG org.apache.http.impl.execchain.MainClientExec -- Target auth state: UNCHALLENGED
22:57:29.268 [pool-2-thread-54] DEBUG org.apache.http.impl.execchain.MainClientExec -- Proxy auth state: UNCHALLENGED
22:57:29.268 [pool-2-thread-91] DEBUG org.apache.http.impl.conn.DefaultHttpClientConnectionOperator -- Connecting to localhost/127.0.0.1:3000
22:57:29.268 [pool-2-thread-9] DEBUG org.apache.http.impl.conn.DefaultHttpClientConnectionOperator -- Connecting to localhost/127.0.0.1:3000
22:57:29.268 [pool-2-thread-88] DEBUG org.apache.http.impl.conn.DefaultHttpClientConnectionOperator -- Connecting to localhost/127.0.0.1:3000
22:57:29.269 [pool-2-thread-91] DEBUG org.apache.http.impl.conn.DefaultHttpClientConnectionOperator -- Connection established 127.0.0.1:51823<->127.0.0.1:3000
22:57:29.269 [pool-2-thread-91] DEBUG org.apache.http.impl.conn.DefaultManagedHttpClientConnection -- http-outgoing-58: set socket timeout to 30000
22:57:29.269 [pool-2-thread-91] DEBUG org.apache.http.impl.execchain.MainClientExec -- Executing request POST /auth/login HTTP/1.1
22:57:29.269 [pool-2-thread-15] DEBUG org.apache.http.headers -- http-outgoing-98 >> POST /auth/login HTTP/1.1
22:57:29.269 [pool-2-thread-15] DEBUG org.apache.http.headers -- http-outgoing-98 >> Content-Type: application/json; charset=UTF-8
22:57:29.269 [pool-2-thread-15] DEBUG org.apache.http.headers -- http-outgoing-98 >> Content-Length: 55
22:57:29.269 [pool-2-thread-72] DEBUG org.apache.http.headers -- http-outgoing-16 >> POST /auth/login HTTP/1.1
22:57:29.265 [pool-2-thread-21] DEBUG org.apache.http.impl.conn.DefaultHttpClientConnectionOperator -- Connecting to localhost/127.0.0.1:3000
22:57:29.269 [pool-2-thread-25] DEBUG org.apache.http.impl.conn.DefaultHttpClientConnectionOperator -- Connecting to localhost/127.0.0.1:3000
22:57:29.269 [pool-2-thread-68] DEBUG org.apache.http.impl.conn.DefaultHttpClientConnectionOperator -- Connecting to localhost/127.0.0.1:3000
22:57:29.269 [pool-2-thread-21] DEBUG org.apache.http.impl.conn.DefaultHttpClientConnectionOperator -- Connection established 127.0.0.1:51826<->127.0.0.1:3000
22:57:29.269 [pool-2-thread-21] DEBUG org.apache.http.impl.conn.DefaultManagedHttpClientConnection -- http-outgoing-68: set socket timeout to 30000
22:57:29.269 [pool-2-thread-21] DEBUG org.apache.http.impl.execchain.MainClientExec -- Executing request POST /auth/login HTTP/1.1
22:57:29.269 [pool-2-thread-12] DEBUG org.apache.http.headers -- http-outgoing-79 >> POST /auth/login HTTP/1.1
22:57:29.269 [pool-2-thread-12] DEBUG org.apache.http.headers -- http-outgoing-79 >> Content-Type: application/json; charset=UTF-8
22:57:29.269 [pool-2-thread-12] DEBUG org.apache.http.headers -- http-outgoing-79 >> Content-Length: 48
22:57:29.269 [pool-2-thread-12] DEBUG org.apache.http.headers -- http-outgoing-79 >> Host: localhost:3000
22:57:29.269 [pool-2-thread-12] DEBUG org.apache.http.headers -- http-outgoing-79 >> Connection: Keep-Alive
22:57:29.269 [pool-2-thread-53] DEBUG org.apache.http.headers -- http-outgoing-57 >> POST /auth/login HTTP/1.1
22:57:29.269 [pool-2-thread-53] DEBUG org.apache.http.headers -- http-outgoing-57 >> Content-Type: application/json; charset=UTF-8
22:57:29.269 [pool-2-thread-53] DEBUG org.apache.http.headers -- http-outgoing-57 >> Content-Length: 53
22:57:29.269 [pool-2-thread-53] DEBUG org.apache.http.headers -- http-outgoing-57 >> Host: localhost:3000
22:57:29.270 [pool-2-thread-53] DEBUG org.apache.http.headers -- http-outgoing-57 >> Connection: Keep-Alive
22:57:29.270 [pool-2-thread-53] DEBUG org.apache.http.headers -- http-outgoing-57 >> User-Agent: Apache-HttpClient/4.5.14 (Java/17.0.9)
22:57:29.270 [pool-2-thread-53] DEBUG org.apache.http.headers -- http-outgoing-57 >> Accept-Encoding: gzip,deflate
22:57:29.270 [pool-2-thread-53] DEBUG org.apache.http.wire -- http-outgoing-57 >> "POST /auth/login HTTP/1.1[\r][\n]"
22:57:29.270 [pool-2-thread-53] DEBUG org.apache.http.wire -- http-outgoing-57 >> "Content-Type: application/json; charset=UTF-8[\r][\n]"
22:57:29.270 [pool-2-thread-53] DEBUG org.apache.http.wire -- http-outgoing-57 >> "Content-Length: 53[\r][\n]"
22:57:29.270 [pool-2-thread-53] DEBUG org.apache.http.wire -- http-outgoing-57 >> "Host: localhost:3000[\r][\n]"
22:57:29.270 [pool-2-thread-53] DEBUG org.apache.http.wire -- http-outgoing-57 >> "Connection: Keep-Alive[\r][\n]"
22:57:29.270 [pool-2-thread-53] DEBUG org.apache.http.wire -- http-outgoing-57 >> "User-Agent: Apache-HttpClient/4.5.14 (Java/17.0.9)[\r][\n]"
22:57:29.270 [pool-2-thread-53] DEBUG org.apache.http.wire -- http-outgoing-57 >> "Accept-Encoding: gzip,deflate[\r][\n]"
22:57:29.270 [pool-2-thread-53] DEBUG org.apache.http.wire -- http-outgoing-57 >> "[\r][\n]"
22:57:29.270 [pool-2-thread-53] DEBUG org.apache.http.wire -- http-outgoing-57 >> "{"email":"test@example.com","password":"Password123"}"
22:57:29.273 [pool-2-thread-54] DEBUG org.apache.http.headers -- http-outgoing-15 >> POST /auth/login HTTP/1.1
22:57:29.274 [pool-2-thread-54] DEBUG org.apache.http.headers -- http-outgoing-15 >> Content-Type: application/json; charset=UTF-8
22:57:29.274 [pool-2-thread-54] DEBUG org.apache.http.headers -- http-outgoing-15 >> Content-Length: 54
22:57:29.274 [pool-2-thread-54] DEBUG org.apache.http.headers -- http-outgoing-15 >> Host: localhost:3000
22:57:29.274 [pool-2-thread-54] DEBUG org.apache.http.headers -- http-outgoing-15 >> Connection: Keep-Alive
22:57:29.274 [pool-2-thread-54] DEBUG org.apache.http.headers -- http-outgoing-15 >> User-Agent: Apache-HttpClient/4.5.14 (Java/17.0.9)
22:57:29.274 [pool-2-thread-54] DEBUG org.apache.http.headers -- http-outgoing-15 >> Accept-Encoding: gzip,deflate
22:57:29.274 [pool-2-thread-54] DEBUG org.apache.http.wire -- http-outgoing-15 >> "POST /auth/login HTTP/1.1[\r][\n]"
22:57:29.274 [pool-2-thread-93] DEBUG org.apache.http.headers -- http-outgoing-11 >> POST /auth/login HTTP/1.1
22:57:29.274 [pool-2-thread-93] DEBUG org.apache.http.headers -- http-outgoing-11 >> Content-Type: application/json; charset=UTF-8
22:57:29.274 [pool-2-thread-93] DEBUG org.apache.http.headers -- http-outgoing-11 >> Content-Length: 53
22:57:29.274 [pool-2-thread-93] DEBUG org.apache.http.headers -- http-outgoing-11 >> Host: localhost:3000
22:57:29.274 [pool-2-thread-93] DEBUG org.apache.http.headers -- http-outgoing-11 >> Connection: Keep-Alive
22:57:29.274 [pool-2-thread-93] DEBUG org.apache.http.headers -- http-outgoing-11 >> User-Agent: Apache-HttpClient/4.5.14 (Java/17.0.9)
22:57:29.274 [pool-2-thread-93] DEBUG org.apache.http.headers -- http-outgoing-11 >> Accept-Encoding: gzip,deflate
22:57:29.275 [pool-2-thread-93] DEBUG org.apache.http.wire -- http-outgoing-11 >> "POST /auth/login HTTP/1.1[\r][\n]"
22:57:29.275 [pool-2-thread-93] DEBUG org.apache.http.wire -- http-outgoing-11 >> "Content-Type: application/json; charset=UTF-8[\r][\n]"
22:57:29.275 [pool-2-thread-93] DEBUG org.apache.http.wire -- http-outgoing-11 >> "Content-Length: 53[\r][\n]"
22:57:29.275 [pool-2-thread-93] DEBUG org.apache.http.wire -- http-outgoing-11 >> "Host: localhost:3000[\r][\n]"
22:57:29.275 [pool-2-thread-93] DEBUG org.apache.http.wire -- http-outgoing-11 >> "Connection: Keep-Alive[\r][\n]"
22:57:29.275 [pool-2-thread-93] DEBUG org.apache.http.wire -- http-outgoing-11 >> "User-Agent: Apache-HttpClient/4.5.14 (Java/17.0.9)[\r][\n]"
22:57:29.275 [pool-2-thread-93] DEBUG org.apache.http.wire -- http-outgoing-11 >> "Accept-Encoding: gzip,deflate[\r][\n]"
22:57:29.275 [pool-2-thread-93] DEBUG org.apache.http.wire -- http-outgoing-11 >> "[\r][\n]"
22:57:29.275 [pool-2-thread-93] DEBUG org.apache.http.wire -- http-outgoing-11 >> "{"email":"test@example.com","password":"Password123"}"
22:57:29.275 [pool-2-thread-71] DEBUG org.apache.http.headers -- http-outgoing-85 >> POST /auth/login HTTP/1.1
22:57:29.275 [pool-2-thread-71] DEBUG org.apache.http.headers -- http-outgoing-85 >> Content-Type: application/json; charset=UTF-8
22:57:29.275 [pool-2-thread-71] DEBUG org.apache.http.headers -- http-outgoing-85 >> Content-Length: 45
22:57:29.275 [pool-2-thread-71] DEBUG org.apache.http.headers -- http-outgoing-85 >> Host: localhost:3000
22:57:29.275 [pool-2-thread-71] DEBUG org.apache.http.headers -- http-outgoing-85 >> Connection: Keep-Alive
22:57:29.275 [pool-2-thread-71] DEBUG org.apache.http.headers -- http-outgoing-85 >> User-Agent: Apache-HttpClient/4.5.14 (Java/17.0.9)
22:57:29.275 [pool-2-thread-71] DEBUG org.apache.http.headers -- http-outgoing-85 >> Accept-Encoding: gzip,deflate
22:57:29.275 [pool-2-thread-71] DEBUG org.apache.http.wire -- http-outgoing-85 >> "POST /auth/login HTTP/1.1[\r][\n]"
22:57:29.275 [pool-2-thread-71] DEBUG org.apache.http.wire -- http-outgoing-85 >> "Content-Type: application/json; charset=UTF-8[\r][\n]"
22:57:29.275 [pool-2-thread-71] DEBUG org.apache.http.wire -- http-outgoing-85 >> "Content-Length: 45[\r][\n]"
22:57:29.275 [pool-2-thread-71] DEBUG org.apache.http.wire -- http-outgoing-85 >> "Host: localhost:3000[\r][\n]"
22:57:29.275 [pool-2-thread-71] DEBUG org.apache.http.wire -- http-outgoing-85 >> "Connection: Keep-Alive[\r][\n]"
22:57:29.276 [pool-2-thread-71] DEBUG org.apache.http.wire -- http-outgoing-85 >> "User-Agent: Apache-HttpClient/4.5.14 (Java/17.0.9)[\r][\n]"
22:57:29.276 [pool-2-thread-71] DEBUG org.apache.http.wire -- http-outgoing-85 >> "Accept-Encoding: gzip,deflate[\r][\n]"
22:57:29.276 [pool-2-thread-71] DEBUG org.apache.http.wire -- http-outgoing-85 >> "[\r][\n]"
22:57:29.276 [pool-2-thread-71] DEBUG org.apache.http.wire -- http-outgoing-85 >> "{"email":"nam@gmail.com","password":"123456"}"
22:57:29.265 [pool-2-thread-52] DEBUG org.apache.http.impl.execchain.MainClientExec -- Executing request POST /auth/login HTTP/1.1
22:57:29.276 [pool-2-thread-17] DEBUG org.apache.http.impl.conn.DefaultHttpClientConnectionOperator -- Connecting to localhost/127.0.0.1:3000
22:57:29.276 [pool-2-thread-28] DEBUG org.apache.http.headers -- http-outgoing-7 >> POST /auth/login HTTP/1.1
22:57:29.276 [pool-2-thread-28] DEBUG org.apache.http.headers -- http-outgoing-7 >> Content-Type: application/json; charset=UTF-8
22:57:29.276 [pool-2-thread-28] DEBUG org.apache.http.headers -- http-outgoing-7 >> Content-Length: 54
22:57:29.276 [pool-2-thread-28] DEBUG org.apache.http.headers -- http-outgoing-7 >> Host: localhost:3000
22:57:29.276 [pool-2-thread-28] DEBUG org.apache.http.headers -- http-outgoing-7 >> Connection: Keep-Alive
22:57:29.276 [pool-2-thread-28] DEBUG org.apache.http.headers -- http-outgoing-7 >> User-Agent: Apache-HttpClient/4.5.14 (Java/17.0.9)
22:57:29.276 [pool-2-thread-28] DEBUG org.apache.http.headers -- http-outgoing-7 >> Accept-Encoding: gzip,deflate
22:57:29.276 [pool-2-thread-28] DEBUG org.apache.http.wire -- http-outgoing-7 >> "POST /auth/login HTTP/1.1[\r][\n]"
22:57:29.276 [pool-2-thread-28] DEBUG org.apache.http.wire -- http-outgoing-7 >> "Content-Type: application/json; charset=UTF-8[\r][\n]"
22:57:29.276 [pool-2-thread-28] DEBUG org.apache.http.wire -- http-outgoing-7 >> "Content-Length: 54[\r][\n]"
22:57:29.277 [pool-2-thread-28] DEBUG org.apache.http.wire -- http-outgoing-7 >> "Host: localhost:3000[\r][\n]"
22:57:29.277 [pool-2-thread-28] DEBUG org.apache.http.wire -- http-outgoing-7 >> "Connection: Keep-Alive[\r][\n]"
22:57:29.277 [pool-2-thread-40] DEBUG org.apache.http.impl.conn.DefaultHttpClientConnectionOperator -- Connecting to localhost/127.0.0.1:3000
22:57:29.277 [pool-2-thread-22] DEBUG org.apache.http.headers -- http-outgoing-33 >> POST /auth/login HTTP/1.1
22:57:29.265 [pool-2-thread-29] DEBUG org.apache.http.impl.conn.DefaultHttpClientConnectionOperator -- Connecting to localhost/127.0.0.1:3000
22:57:29.277 [pool-2-thread-17] DEBUG org.apache.http.impl.conn.DefaultHttpClientConnectionOperator -- Connection established 127.0.0.1:51829<->127.0.0.1:3000
22:57:29.277 [pool-2-thread-17] DEBUG org.apache.http.impl.conn.DefaultManagedHttpClientConnection -- http-outgoing-9: set socket timeout to 30000
22:57:29.277 [pool-2-thread-17] DEBUG org.apache.http.impl.execchain.MainClientExec -- Executing request POST /auth/login HTTP/1.1
22:57:29.277 [pool-2-thread-17] DEBUG org.apache.http.impl.execchain.MainClientExec -- Target auth state: UNCHALLENGED
22:57:29.277 [pool-2-thread-17] DEBUG org.apache.http.impl.execchain.MainClientExec -- Proxy auth state: UNCHALLENGED
22:57:29.277 [pool-2-thread-40] DEBUG org.apache.http.impl.conn.DefaultHttpClientConnectionOperator -- Connection established 127.0.0.1:51830<->127.0.0.1:3000
22:57:29.277 [pool-2-thread-17] DEBUG org.apache.http.headers -- http-outgoing-9 >> POST /auth/login HTTP/1.1
22:57:29.277 [pool-2-thread-17] DEBUG org.apache.http.headers -- http-outgoing-9 >> Content-Type: application/json; charset=UTF-8
22:57:29.277 [pool-2-thread-17] DEBUG org.apache.http.headers -- http-outgoing-9 >> Content-Length: 54
22:57:29.277 [pool-2-thread-40] DEBUG org.apache.http.impl.conn.DefaultManagedHttpClientConnection -- http-outgoing-31: set socket timeout to 30000
22:57:29.265 [pool-2-thread-58] DEBUG org.apache.http.impl.conn.DefaultHttpClientConnectionOperator -- Connection established 127.0.0.1:51778<->127.0.0.1:3000
22:57:29.265 [pool-2-thread-10] DEBUG org.apache.http.impl.execchain.MainClientExec -- Target auth state: UNCHALLENGED
22:57:29.265 [pool-2-thread-59] DEBUG org.apache.http.impl.conn.DefaultHttpClientConnectionOperator -- Connecting to localhost/127.0.0.1:3000
22:57:29.278 [pool-2-thread-58] DEBUG org.apache.http.impl.conn.DefaultManagedHttpClientConnection -- http-outgoing-48: set socket timeout to 30000
22:57:29.278 [pool-2-thread-58] DEBUG org.apache.http.impl.execchain.MainClientExec -- Executing request POST /auth/login HTTP/1.1
22:57:29.278 [pool-2-thread-58] DEBUG org.apache.http.impl.execchain.MainClientExec -- Target auth state: UNCHALLENGED
22:57:29.278 [pool-2-thread-10] DEBUG org.apache.http.impl.execchain.MainClientExec -- Proxy auth state: UNCHALLENGED
22:57:29.278 [pool-2-thread-58] DEBUG org.apache.http.impl.execchain.MainClientExec -- Proxy auth state: UNCHALLENGED
22:57:29.278 [pool-2-thread-10] DEBUG org.apache.http.headers -- http-outgoing-81 >> POST /auth/login HTTP/1.1
22:57:29.278 [pool-2-thread-58] DEBUG org.apache.http.headers -- http-outgoing-48 >> POST /auth/login HTTP/1.1
22:57:29.278 [pool-2-thread-10] DEBUG org.apache.http.headers -- http-outgoing-81 >> Content-Type: application/json; charset=UTF-8
22:57:29.278 [pool-2-thread-58] DEBUG org.apache.http.headers -- http-outgoing-48 >> Content-Type: application/json; charset=UTF-8
22:57:29.278 [pool-2-thread-10] DEBUG org.apache.http.headers -- http-outgoing-81 >> Content-Length: 54
22:57:29.278 [pool-2-thread-58] DEBUG org.apache.http.headers -- http-outgoing-48 >> Content-Length: 54
22:57:29.278 [pool-2-thread-10] DEBUG org.apache.http.headers -- http-outgoing-81 >> Host: localhost:3000
22:57:29.265 [pool-2-thread-16] DEBUG org.apache.http.impl.conn.DefaultHttpClientConnectionOperator -- Connecting to localhost/127.0.0.1:3000
22:57:29.265 [pool-2-thread-46] DEBUG org.apache.http.impl.conn.DefaultHttpClientConnectionOperator -- Connecting to localhost/127.0.0.1:3000
22:57:29.278 [pool-2-thread-16] DEBUG org.apache.http.impl.conn.DefaultHttpClientConnectionOperator -- Connection established 127.0.0.1:51833<->127.0.0.1:3000
22:57:29.278 [pool-2-thread-16] DEBUG org.apache.http.impl.conn.DefaultManagedHttpClientConnection -- http-outgoing-23: set socket timeout to 30000
22:57:29.278 [pool-2-thread-16] DEBUG org.apache.http.impl.execchain.MainClientExec -- Executing request POST /auth/login HTTP/1.1
22:57:29.278 [pool-2-thread-16] DEBUG org.apache.http.impl.execchain.MainClientExec -- Target auth state: UNCHALLENGED
22:57:29.279 [pool-2-thread-16] DEBUG org.apache.http.impl.execchain.MainClientExec -- Proxy auth state: UNCHALLENGED
22:57:29.279 [pool-2-thread-16] DEBUG org.apache.http.headers -- http-outgoing-23 >> POST /auth/login HTTP/1.1
22:57:29.279 [pool-2-thread-16] DEBUG org.apache.http.headers -- http-outgoing-23 >> Content-Type: application/json; charset=UTF-8
22:57:29.279 [pool-2-thread-16] DEBUG org.apache.http.headers -- http-outgoing-23 >> Content-Length: 54
22:57:29.279 [pool-2-thread-16] DEBUG org.apache.http.headers -- http-outgoing-23 >> Host: localhost:3000
22:57:29.279 [pool-2-thread-16] DEBUG org.apache.http.headers -- http-outgoing-23 >> Connection: Keep-Alive
22:57:29.279 [pool-2-thread-16] DEBUG org.apache.http.headers -- http-outgoing-23 >> User-Agent: Apache-HttpClient/4.5.14 (Java/17.0.9)
22:57:29.279 [pool-2-thread-16] DEBUG org.apache.http.headers -- http-outgoing-23 >> Accept-Encoding: gzip,deflate
22:57:29.279 [pool-2-thread-16] DEBUG org.apache.http.wire -- http-outgoing-23 >> "POST /auth/login HTTP/1.1[\r][\n]"
22:57:29.279 [pool-2-thread-16] DEBUG org.apache.http.wire -- http-outgoing-23 >> "Content-Type: application/json; charset=UTF-8[\r][\n]"
22:57:29.279 [pool-2-thread-16] DEBUG org.apache.http.wire -- http-outgoing-23 >> "Content-Length: 54[\r][\n]"
22:57:29.279 [pool-2-thread-16] DEBUG org.apache.http.wire -- http-outgoing-23 >> "Host: localhost:3000[\r][\n]"
22:57:29.279 [pool-2-thread-46] DEBUG org.apache.http.impl.conn.DefaultHttpClientConnectionOperator -- Connection established 127.0.0.1:51834<->127.0.0.1:3000
22:57:29.279 [pool-2-thread-46] DEBUG org.apache.http.impl.conn.DefaultManagedHttpClientConnection -- http-outgoing-29: set socket timeout to 30000
22:57:29.279 [pool-2-thread-46] DEBUG org.apache.http.impl.execchain.MainClientExec -- Executing request POST /auth/login HTTP/1.1
22:57:29.279 [pool-2-thread-46] DEBUG org.apache.http.impl.execchain.MainClientExec -- Target auth state: UNCHALLENGED
22:57:29.279 [pool-2-thread-46] DEBUG org.apache.http.impl.execchain.MainClientExec -- Proxy auth state: UNCHALLENGED
22:57:29.265 [pool-2-thread-36] DEBUG org.apache.http.impl.execchain.MainClientExec -- Proxy auth state: UNCHALLENGED
22:57:29.279 [pool-2-thread-46] DEBUG org.apache.http.headers -- http-outgoing-29 >> POST /auth/login HTTP/1.1
22:57:29.279 [pool-2-thread-46] DEBUG org.apache.http.headers -- http-outgoing-29 >> Content-Type: application/json; charset=UTF-8
22:57:29.279 [pool-2-thread-46] DEBUG org.apache.http.headers -- http-outgoing-29 >> Content-Length: 54
22:57:29.279 [pool-2-thread-46] DEBUG org.apache.http.headers -- http-outgoing-29 >> Host: localhost:3000
22:57:29.279 [pool-2-thread-46] DEBUG org.apache.http.headers -- http-outgoing-29 >> Connection: Keep-Alive
22:57:29.279 [pool-2-thread-46] DEBUG org.apache.http.headers -- http-outgoing-29 >> User-Agent: Apache-HttpClient/4.5.14 (Java/17.0.9)
22:57:29.279 [pool-2-thread-46] DEBUG org.apache.http.headers -- http-outgoing-29 >> Accept-Encoding: gzip,deflate
22:57:29.279 [pool-2-thread-36] DEBUG org.apache.http.headers -- http-outgoing-28 >> POST /auth/login HTTP/1.1
22:57:29.279 [pool-2-thread-36] DEBUG org.apache.http.headers -- http-outgoing-28 >> Content-Type: application/json; charset=UTF-8
22:57:29.279 [pool-2-thread-36] DEBUG org.apache.http.headers -- http-outgoing-28 >> Content-Length: 54
22:57:29.279 [pool-2-thread-36] DEBUG org.apache.http.headers -- http-outgoing-28 >> Host: localhost:3000
22:57:29.279 [pool-2-thread-36] DEBUG org.apache.http.headers -- http-outgoing-28 >> Connection: Keep-Alive
22:57:29.265 [pool-2-thread-94] DEBUG org.apache.http.impl.conn.DefaultManagedHttpClientConnection -- http-outgoing-26: set socket timeout to 30000
22:57:29.279 [pool-2-thread-94] DEBUG org.apache.http.impl.execchain.MainClientExec -- Executing request POST /auth/login HTTP/1.1
22:57:29.265 [pool-2-thread-65] DEBUG org.apache.http.impl.conn.DefaultHttpClientConnectionOperator -- Connecting to localhost/127.0.0.1:3000
22:57:29.265 [pool-2-thread-5] DEBUG org.apache.http.impl.execchain.MainClientExec -- Executing request POST /auth/login HTTP/1.1
22:57:29.266 [pool-2-thread-70] DEBUG org.apache.http.impl.conn.DefaultHttpClientConnectionOperator -- Connecting to localhost/127.0.0.1:3000
22:57:29.266 [pool-2-thread-24] DEBUG org.apache.http.impl.conn.DefaultHttpClientConnectionOperator -- Connection established 127.0.0.1:51776<->127.0.0.1:3000
22:57:29.280 [pool-2-thread-24] DEBUG org.apache.http.impl.conn.DefaultManagedHttpClientConnection -- http-outgoing-39: set socket timeout to 30000
22:57:29.280 [pool-2-thread-5] DEBUG org.apache.http.impl.execchain.MainClientExec -- Target auth state: UNCHALLENGED
22:57:29.280 [pool-2-thread-24] DEBUG org.apache.http.impl.execchain.MainClientExec -- Executing request POST /auth/login HTTP/1.1
22:57:29.280 [pool-2-thread-24] DEBUG org.apache.http.impl.execchain.MainClientExec -- Target auth state: UNCHALLENGED
22:57:29.280 [pool-2-thread-24] DEBUG org.apache.http.impl.execchain.MainClientExec -- Proxy auth state: UNCHALLENGED
22:57:29.280 [pool-2-thread-65] DEBUG org.apache.http.impl.conn.DefaultHttpClientConnectionOperator -- Connection established 127.0.0.1:51835<->127.0.0.1:3000
22:57:29.280 [pool-2-thread-65] DEBUG org.apache.http.impl.conn.DefaultManagedHttpClientConnection -- http-outgoing-87: set socket timeout to 30000
22:57:29.280 [pool-2-thread-65] DEBUG org.apache.http.impl.execchain.MainClientExec -- Executing request POST /auth/login HTTP/1.1
22:57:29.280 [pool-2-thread-65] DEBUG org.apache.http.impl.execchain.MainClientExec -- Target auth state: UNCHALLENGED
22:57:29.280 [pool-2-thread-65] DEBUG org.apache.http.impl.execchain.MainClientExec -- Proxy auth state: UNCHALLENGED
22:57:29.282 [pool-2-thread-65] DEBUG org.apache.http.headers -- http-outgoing-87 >> POST /auth/login HTTP/1.1
22:57:29.282 [pool-2-thread-65] DEBUG org.apache.http.headers -- http-outgoing-87 >> Content-Type: application/json; charset=UTF-8
22:57:29.282 [pool-2-thread-65] DEBUG org.apache.http.headers -- http-outgoing-87 >> Content-Length: 55
22:57:29.282 [pool-2-thread-65] DEBUG org.apache.http.headers -- http-outgoing-87 >> Host: localhost:3000
22:57:29.282 [pool-2-thread-65] DEBUG org.apache.http.headers -- http-outgoing-87 >> Connection: Keep-Alive
22:57:29.282 [pool-2-thread-65] DEBUG org.apache.http.headers -- http-outgoing-87 >> User-Agent: Apache-HttpClient/4.5.14 (Java/17.0.9)
22:57:29.282 [pool-2-thread-65] DEBUG org.apache.http.headers -- http-outgoing-87 >> Accept-Encoding: gzip,deflate
22:57:29.282 [pool-2-thread-65] DEBUG org.apache.http.wire -- http-outgoing-87 >> "POST /auth/login HTTP/1.1[\r][\n]"
22:57:29.282 [pool-2-thread-65] DEBUG org.apache.http.wire -- http-outgoing-87 >> "Content-Type: application/json; charset=UTF-8[\r][\n]"
22:57:29.282 [pool-2-thread-65] DEBUG org.apache.http.wire -- http-outgoing-87 >> "Content-Length: 55[\r][\n]"
22:57:29.282 [pool-2-thread-65] DEBUG org.apache.http.wire -- http-outgoing-87 >> "Host: localhost:3000[\r][\n]"
22:57:29.282 [pool-2-thread-65] DEBUG org.apache.http.wire -- http-outgoing-87 >> "Connection: Keep-Alive[\r][\n]"
22:57:29.282 [pool-2-thread-65] DEBUG org.apache.http.wire -- http-outgoing-87 >> "User-Agent: Apache-HttpClient/4.5.14 (Java/17.0.9)[\r][\n]"
22:57:29.282 [pool-2-thread-65] DEBUG org.apache.http.wire -- http-outgoing-87 >> "Accept-Encoding: gzip,deflate[\r][\n]"
22:57:29.282 [pool-2-thread-65] DEBUG org.apache.http.wire -- http-outgoing-87 >> "[\r][\n]"
22:57:29.282 [pool-2-thread-65] DEBUG org.apache.http.wire -- http-outgoing-87 >> "{"email":"test28@example.com","password":"Password123"}"
22:57:29.266 [pool-2-thread-31] DEBUG org.apache.http.impl.conn.DefaultHttpClientConnectionOperator -- Connecting to localhost/127.0.0.1:3000
22:57:29.266 [pool-2-thread-39] DEBUG org.apache.http.impl.conn.DefaultHttpClientConnectionOperator -- Connecting to localhost/127.0.0.1:3000
22:57:29.266 [pool-2-thread-89] DEBUG org.apache.http.impl.conn.DefaultHttpClientConnectionOperator -- Connecting to localhost/127.0.0.1:3000
22:57:29.285 [pool-2-thread-39] DEBUG org.apache.http.impl.conn.DefaultHttpClientConnectionOperator -- Connection established 127.0.0.1:51838<->127.0.0.1:3000
22:57:29.266 [pool-2-thread-7] DEBUG org.apache.http.impl.execchain.MainClientExec -- Target auth state: UNCHALLENGED
22:57:29.266 [pool-2-thread-35] DEBUG org.apache.http.impl.conn.DefaultHttpClientConnectionOperator -- Connecting to localhost/127.0.0.1:3000
22:57:29.266 [pool-2-thread-84] DEBUG org.apache.http.impl.conn.DefaultHttpClientConnectionOperator -- Connecting to localhost/127.0.0.1:3000
22:57:29.266 [pool-2-thread-96] DEBUG org.apache.http.impl.conn.DefaultHttpClientConnectionOperator -- Connecting to localhost/127.0.0.1:3000
22:57:29.286 [pool-2-thread-35] DEBUG org.apache.http.impl.conn.DefaultHttpClientConnectionOperator -- Connection established 127.0.0.1:51840<->127.0.0.1:3000
22:57:29.286 [pool-2-thread-84] DEBUG org.apache.http.impl.conn.DefaultHttpClientConnectionOperator -- Connection established 127.0.0.1:51841<->127.0.0.1:3000
22:57:29.286 [pool-2-thread-84] DEBUG org.apache.http.impl.conn.DefaultManagedHttpClientConnection -- http-outgoing-86: set socket timeout to 30000
22:57:29.286 [pool-2-thread-84] DEBUG org.apache.http.impl.execchain.MainClientExec -- Executing request POST /auth/login HTTP/1.1
22:57:29.286 [pool-2-thread-84] DEBUG org.apache.http.impl.execchain.MainClientExec -- Target auth state: UNCHALLENGED
22:57:29.286 [pool-2-thread-84] DEBUG org.apache.http.impl.execchain.MainClientExec -- Proxy auth state: UNCHALLENGED
22:57:29.286 [pool-2-thread-84] DEBUG org.apache.http.headers -- http-outgoing-86 >> POST /auth/login HTTP/1.1
22:57:29.286 [pool-2-thread-35] DEBUG org.apache.http.impl.conn.DefaultManagedHttpClientConnection -- http-outgoing-95: set socket timeout to 30000
22:57:29.286 [pool-2-thread-35] DEBUG org.apache.http.impl.execchain.MainClientExec -- Executing request POST /auth/login HTTP/1.1
22:57:29.286 [pool-2-thread-35] DEBUG org.apache.http.impl.execchain.MainClientExec -- Target auth state: UNCHALLENGED
22:57:29.286 [pool-2-thread-35] DEBUG org.apache.http.impl.execchain.MainClientExec -- Proxy auth state: UNCHALLENGED
22:57:29.266 [pool-2-thread-64] DEBUG org.apache.http.impl.conn.DefaultHttpClientConnectionOperator -- Connecting to localhost/127.0.0.1:3000
22:57:29.266 [pool-2-thread-95] DEBUG org.apache.http.impl.execchain.MainClientExec -- Proxy auth state: UNCHALLENGED
22:57:29.266 [pool-2-thread-77] DEBUG org.apache.http.impl.conn.DefaultHttpClientConnectionOperator -- Connecting to localhost/127.0.0.1:3000
22:57:29.287 [pool-2-thread-95] DEBUG org.apache.http.headers -- http-outgoing-70 >> POST /auth/login HTTP/1.1
22:57:29.266 [pool-2-thread-99] DEBUG org.apache.http.impl.conn.DefaultHttpClientConnectionOperator -- Connecting to localhost/127.0.0.1:3000
22:57:29.266 [pool-2-thread-38] DEBUG org.apache.http.impl.conn.DefaultHttpClientConnectionOperator -- Connecting to localhost/127.0.0.1:3000
22:57:29.266 [pool-2-thread-85] DEBUG org.apache.http.impl.conn.DefaultHttpClientConnectionOperator -- Connecting to localhost/127.0.0.1:3000
22:57:29.288 [pool-2-thread-99] DEBUG org.apache.http.impl.conn.DefaultHttpClientConnectionOperator -- Connection established 127.0.0.1:51845<->127.0.0.1:3000
22:57:29.266 [pool-2-thread-27] DEBUG org.apache.http.impl.conn.DefaultHttpClientConnectionOperator -- Connecting to localhost/127.0.0.1:3000
22:57:29.288 [pool-2-thread-99] DEBUG org.apache.http.impl.conn.DefaultManagedHttpClientConnection -- http-outgoing-94: set socket timeout to 30000
22:57:29.266 [pool-2-thread-43] DEBUG org.apache.http.impl.conn.DefaultManagedHttpClientConnection -- http-outgoing-56: set socket timeout to 30000
22:57:29.288 [pool-2-thread-99] DEBUG org.apache.http.impl.execchain.MainClientExec -- Executing request POST /auth/login HTTP/1.1
22:57:29.288 [pool-2-thread-99] DEBUG org.apache.http.impl.execchain.MainClientExec -- Target auth state: UNCHALLENGED
22:57:29.288 [pool-2-thread-43] DEBUG org.apache.http.impl.execchain.MainClientExec -- Executing request POST /auth/login HTTP/1.1
22:57:29.288 [pool-2-thread-43] DEBUG org.apache.http.impl.execchain.MainClientExec -- Target auth state: UNCHALLENGED
22:57:29.288 [pool-2-thread-43] DEBUG org.apache.http.impl.execchain.MainClientExec -- Proxy auth state: UNCHALLENGED
22:57:29.266 [pool-2-thread-83] DEBUG org.apache.http.impl.conn.DefaultHttpClientConnectionOperator -- Connection established 127.0.0.1:51796<->127.0.0.1:3000
22:57:29.266 [pool-2-thread-90] DEBUG org.apache.http.impl.conn.DefaultHttpClientConnectionOperator -- Connecting to localhost/127.0.0.1:3000
22:57:29.288 [pool-2-thread-83] DEBUG org.apache.http.impl.conn.DefaultManagedHttpClientConnection -- http-outgoing-40: set socket timeout to 30000
22:57:29.288 [pool-2-thread-83] DEBUG org.apache.http.impl.execchain.MainClientExec -- Executing request POST /auth/login HTTP/1.1
22:57:29.288 [pool-2-thread-83] DEBUG org.apache.http.impl.execchain.MainClientExec -- Target auth state: UNCHALLENGED
22:57:29.288 [pool-2-thread-83] DEBUG org.apache.http.impl.execchain.MainClientExec -- Proxy auth state: UNCHALLENGED
22:57:29.288 [pool-2-thread-27] DEBUG org.apache.http.impl.conn.DefaultHttpClientConnectionOperator -- Connection established 127.0.0.1:51848<->127.0.0.1:3000
22:57:29.288 [pool-2-thread-27] DEBUG org.apache.http.impl.conn.DefaultManagedHttpClientConnection -- http-outgoing-5: set socket timeout to 30000
22:57:29.288 [pool-2-thread-27] DEBUG org.apache.http.impl.execchain.MainClientExec -- Executing request POST /auth/login HTTP/1.1
22:57:29.288 [pool-2-thread-27] DEBUG org.apache.http.impl.execchain.MainClientExec -- Target auth state: UNCHALLENGED
22:57:29.288 [pool-2-thread-27] DEBUG org.apache.http.impl.execchain.MainClientExec -- Proxy auth state: UNCHALLENGED
22:57:29.288 [pool-2-thread-27] DEBUG org.apache.http.headers -- http-outgoing-5 >> POST /auth/login HTTP/1.1
22:57:29.288 [pool-2-thread-27] DEBUG org.apache.http.headers -- http-outgoing-5 >> Content-Type: application/json; charset=UTF-8
22:57:29.288 [pool-2-thread-90] DEBUG org.apache.http.impl.conn.DefaultHttpClientConnectionOperator -- Connection established 127.0.0.1:51849<->127.0.0.1:3000
22:57:29.266 [pool-2-thread-47] DEBUG org.apache.http.impl.conn.DefaultHttpClientConnectionOperator -- Connection established 127.0.0.1:51798<->127.0.0.1:3000
22:57:29.288 [pool-2-thread-47] DEBUG org.apache.http.impl.conn.DefaultManagedHttpClientConnection -- http-outgoing-49: set socket timeout to 30000
22:57:29.288 [pool-2-thread-47] DEBUG org.apache.http.impl.execchain.MainClientExec -- Executing request POST /auth/login HTTP/1.1
22:57:29.288 [pool-2-thread-47] DEBUG org.apache.http.impl.execchain.MainClientExec -- Target auth state: UNCHALLENGED
22:57:29.288 [pool-2-thread-47] DEBUG org.apache.http.impl.execchain.MainClientExec -- Proxy auth state: UNCHALLENGED
22:57:29.289 [pool-2-thread-47] DEBUG org.apache.http.headers -- http-outgoing-49 >> POST /auth/login HTTP/1.1
22:57:29.289 [pool-2-thread-47] DEBUG org.apache.http.headers -- http-outgoing-49 >> Content-Type: application/json; charset=UTF-8
22:57:29.289 [pool-2-thread-47] DEBUG org.apache.http.headers -- http-outgoing-49 >> Content-Length: 54
22:57:29.289 [pool-2-thread-47] DEBUG org.apache.http.headers -- http-outgoing-49 >> Host: localhost:3000
22:57:29.289 [pool-2-thread-83] DEBUG org.apache.http.headers -- http-outgoing-40 >> POST /auth/login HTTP/1.1
22:57:29.289 [pool-2-thread-83] DEBUG org.apache.http.headers -- http-outgoing-40 >> Content-Type: application/json; charset=UTF-8
22:57:29.289 [pool-2-thread-83] DEBUG org.apache.http.headers -- http-outgoing-40 >> Content-Length: 53
22:57:29.289 [pool-2-thread-83] DEBUG org.apache.http.headers -- http-outgoing-40 >> Host: localhost:3000
22:57:29.289 [pool-2-thread-83] DEBUG org.apache.http.headers -- http-outgoing-40 >> Connection: Keep-Alive
22:57:29.289 [pool-2-thread-83] DEBUG org.apache.http.headers -- http-outgoing-40 >> User-Agent: Apache-HttpClient/4.5.14 (Java/17.0.9)
22:57:29.289 [pool-2-thread-83] DEBUG org.apache.http.headers -- http-outgoing-40 >> Accept-Encoding: gzip,deflate
22:57:29.289 [pool-2-thread-83] DEBUG org.apache.http.wire -- http-outgoing-40 >> "POST /auth/login HTTP/1.1[\r][\n]"
22:57:29.289 [pool-2-thread-83] DEBUG org.apache.http.wire -- http-outgoing-40 >> "Content-Type: application/json; charset=UTF-8[\r][\n]"
22:57:29.289 [pool-2-thread-83] DEBUG org.apache.http.wire -- http-outgoing-40 >> "Content-Length: 53[\r][\n]"
22:57:29.289 [pool-2-thread-83] DEBUG org.apache.http.wire -- http-outgoing-40 >> "Host: localhost:3000[\r][\n]"
22:57:29.289 [pool-2-thread-83] DEBUG org.apache.http.wire -- http-outgoing-40 >> "Connection: Keep-Alive[\r][\n]"
22:57:29.289 [pool-2-thread-83] DEBUG org.apache.http.wire -- http-outgoing-40 >> "User-Agent: Apache-HttpClient/4.5.14 (Java/17.0.9)[\r][\n]"
22:57:29.289 [pool-2-thread-47] DEBUG org.apache.http.headers -- http-outgoing-49 >> Connection: Keep-Alive
22:57:29.289 [pool-2-thread-47] DEBUG org.apache.http.headers -- http-outgoing-49 >> User-Agent: Apache-HttpClient/4.5.14 (Java/17.0.9)
22:57:29.289 [pool-2-thread-47] DEBUG org.apache.http.headers -- http-outgoing-49 >> Accept-Encoding: gzip,deflate
22:57:29.289 [pool-2-thread-83] DEBUG org.apache.http.wire -- http-outgoing-40 >> "Accept-Encoding: gzip,deflate[\r][\n]"
22:57:29.289 [pool-2-thread-83] DEBUG org.apache.http.wire -- http-outgoing-40 >> "[\r][\n]"
22:57:29.289 [pool-2-thread-83] DEBUG org.apache.http.wire -- http-outgoing-40 >> "{"email":"test@example.com","password":"Password123"}"
22:57:29.266 [pool-2-thread-41] DEBUG org.apache.http.impl.execchain.MainClientExec -- Executing request POST /auth/login HTTP/1.1
22:57:29.289 [pool-2-thread-41] DEBUG org.apache.http.impl.execchain.MainClientExec -- Target auth state: UNCHALLENGED
22:57:29.290 [pool-2-thread-41] DEBUG org.apache.http.impl.execchain.MainClientExec -- Proxy auth state: UNCHALLENGED
22:57:29.290 [pool-2-thread-41] DEBUG org.apache.http.headers -- http-outgoing-8 >> POST /auth/login HTTP/1.1
22:57:29.290 [pool-2-thread-41] DEBUG org.apache.http.headers -- http-outgoing-8 >> Content-Type: application/json; charset=UTF-8
22:57:29.290 [pool-2-thread-41] DEBUG org.apache.http.headers -- http-outgoing-8 >> Content-Length: 45
22:57:29.290 [pool-2-thread-41] DEBUG org.apache.http.headers -- http-outgoing-8 >> Host: localhost:3000
22:57:29.290 [pool-2-thread-41] DEBUG org.apache.http.headers -- http-outgoing-8 >> Connection: Keep-Alive
22:57:29.290 [pool-2-thread-41] DEBUG org.apache.http.headers -- http-outgoing-8 >> User-Agent: Apache-HttpClient/4.5.14 (Java/17.0.9)
22:57:29.290 [pool-2-thread-41] DEBUG org.apache.http.headers -- http-outgoing-8 >> Accept-Encoding: gzip,deflate
22:57:29.290 [pool-2-thread-41] DEBUG org.apache.http.wire -- http-outgoing-8 >> "POST /auth/login HTTP/1.1[\r][\n]"
22:57:29.290 [pool-2-thread-41] DEBUG org.apache.http.wire -- http-outgoing-8 >> "Content-Type: application/json; charset=UTF-8[\r][\n]"
22:57:29.290 [pool-2-thread-41] DEBUG org.apache.http.wire -- http-outgoing-8 >> "Content-Length: 45[\r][\n]"
22:57:29.290 [pool-2-thread-41] DEBUG org.apache.http.wire -- http-outgoing-8 >> "Host: localhost:3000[\r][\n]"
22:57:29.290 [pool-2-thread-41] DEBUG org.apache.http.wire -- http-outgoing-8 >> "Connection: Keep-Alive[\r][\n]"
22:57:29.290 [pool-2-thread-41] DEBUG org.apache.http.wire -- http-outgoing-8 >> "User-Agent: Apache-HttpClient/4.5.14 (Java/17.0.9)[\r][\n]"
22:57:29.290 [pool-2-thread-41] DEBUG org.apache.http.wire -- http-outgoing-8 >> "Accept-Encoding: gzip,deflate[\r][\n]"
22:57:29.290 [pool-2-thread-41] DEBUG org.apache.http.wire -- http-outgoing-8 >> "[\r][\n]"
22:57:29.290 [pool-2-thread-41] DEBUG org.apache.http.wire -- http-outgoing-8 >> "{"email":"nam@gmail.com","password":"123456"}"
22:57:29.266 [pool-2-thread-100] DEBUG org.apache.http.impl.conn.DefaultManagedHttpClientConnection -- http-outgoing-90: set socket timeout to 30000
22:57:29.266 [pool-2-thread-87] DEBUG org.apache.http.impl.conn.DefaultHttpClientConnectionOperator -- Connecting to localhost/127.0.0.1:3000
22:57:29.292 [pool-2-thread-100] DEBUG org.apache.http.impl.execchain.MainClientExec -- Executing request POST /auth/login HTTP/1.1
22:57:29.292 [pool-2-thread-100] DEBUG org.apache.http.impl.execchain.MainClientExec -- Target auth state: UNCHALLENGED
22:57:29.292 [pool-2-thread-100] DEBUG org.apache.http.impl.execchain.MainClientExec -- Proxy auth state: UNCHALLENGED
22:57:29.266 [pool-2-thread-19] DEBUG org.apache.http.impl.execchain.MainClientExec -- Executing request POST /auth/login HTTP/1.1
22:57:29.292 [pool-2-thread-19] DEBUG org.apache.http.impl.execchain.MainClientExec -- Target auth state: UNCHALLENGED
22:57:29.292 [pool-2-thread-19] DEBUG org.apache.http.impl.execchain.MainClientExec -- Proxy auth state: UNCHALLENGED
22:57:29.292 [pool-2-thread-19] DEBUG org.apache.http.headers -- http-outgoing-27 >> POST /auth/login HTTP/1.1
22:57:29.292 [pool-2-thread-19] DEBUG org.apache.http.headers -- http-outgoing-27 >> Content-Type: application/json; charset=UTF-8
22:57:29.292 [pool-2-thread-19] DEBUG org.apache.http.headers -- http-outgoing-27 >> Content-Length: 53
22:57:29.292 [pool-2-thread-19] DEBUG org.apache.http.headers -- http-outgoing-27 >> Host: localhost:3000
22:57:29.292 [pool-2-thread-19] DEBUG org.apache.http.headers -- http-outgoing-27 >> Connection: Keep-Alive
22:57:29.292 [pool-2-thread-19] DEBUG org.apache.http.headers -- http-outgoing-27 >> User-Agent: Apache-HttpClient/4.5.14 (Java/17.0.9)
22:57:29.292 [pool-2-thread-19] DEBUG org.apache.http.headers -- http-outgoing-27 >> Accept-Encoding: gzip,deflate
22:57:29.293 [pool-2-thread-19] DEBUG org.apache.http.wire -- http-outgoing-27 >> "POST /auth/login HTTP/1.1[\r][\n]"
22:57:29.293 [pool-2-thread-19] DEBUG org.apache.http.wire -- http-outgoing-27 >> "Content-Type: application/json; charset=UTF-8[\r][\n]"
22:57:29.293 [pool-2-thread-19] DEBUG org.apache.http.wire -- http-outgoing-27 >> "Content-Length: 53[\r][\n]"
22:57:29.293 [pool-2-thread-19] DEBUG org.apache.http.wire -- http-outgoing-27 >> "Host: localhost:3000[\r][\n]"
22:57:29.266 [pool-2-thread-44] DEBUG org.apache.http.impl.execchain.MainClientExec -- Executing request POST /auth/login HTTP/1.1
22:57:29.293 [pool-2-thread-100] DEBUG org.apache.http.headers -- http-outgoing-90 >> POST /auth/login HTTP/1.1
22:57:29.293 [pool-2-thread-87] DEBUG org.apache.http.impl.conn.DefaultHttpClientConnectionOperator -- Connection established 127.0.0.1:51850<->127.0.0.1:3000
22:57:29.293 [pool-2-thread-44] DEBUG org.apache.http.impl.execchain.MainClientExec -- Target auth state: UNCHALLENGED
22:57:29.293 [pool-2-thread-44] DEBUG org.apache.http.impl.execchain.MainClientExec -- Proxy auth state: UNCHALLENGED
22:57:29.293 [pool-2-thread-87] DEBUG org.apache.http.impl.conn.DefaultManagedHttpClientConnection -- http-outgoing-74: set socket timeout to 30000
22:57:29.293 [pool-2-thread-87] DEBUG org.apache.http.impl.execchain.MainClientExec -- Executing request POST /auth/login HTTP/1.1
22:57:29.293 [pool-2-thread-87] DEBUG org.apache.http.impl.execchain.MainClientExec -- Target auth state: UNCHALLENGED
22:57:29.293 [pool-2-thread-87] DEBUG org.apache.http.impl.execchain.MainClientExec -- Proxy auth state: UNCHALLENGED
22:57:29.293 [pool-2-thread-44] DEBUG org.apache.http.headers -- http-outgoing-17 >> POST /auth/login HTTP/1.1
22:57:29.293 [pool-2-thread-44] DEBUG org.apache.http.headers -- http-outgoing-17 >> Content-Type: application/json; charset=UTF-8
22:57:29.293 [pool-2-thread-44] DEBUG org.apache.http.headers -- http-outgoing-17 >> Content-Length: 54
22:57:29.293 [pool-2-thread-87] DEBUG org.apache.http.headers -- http-outgoing-74 >> POST /auth/login HTTP/1.1
22:57:29.293 [pool-2-thread-87] DEBUG org.apache.http.headers -- http-outgoing-74 >> Content-Type: application/json; charset=UTF-8
22:57:29.293 [pool-2-thread-87] DEBUG org.apache.http.headers -- http-outgoing-74 >> Content-Length: 54
22:57:29.293 [pool-2-thread-87] DEBUG org.apache.http.headers -- http-outgoing-74 >> Host: localhost:3000
22:57:29.293 [pool-2-thread-87] DEBUG org.apache.http.headers -- http-outgoing-74 >> Connection: Keep-Alive
22:57:29.293 [pool-2-thread-87] DEBUG org.apache.http.headers -- http-outgoing-74 >> User-Agent: Apache-HttpClient/4.5.14 (Java/17.0.9)
22:57:29.293 [pool-2-thread-87] DEBUG org.apache.http.headers -- http-outgoing-74 >> Accept-Encoding: gzip,deflate
22:57:29.293 [pool-2-thread-87] DEBUG org.apache.http.wire -- http-outgoing-74 >> "POST /auth/login HTTP/1.1[\r][\n]"
22:57:29.293 [pool-2-thread-87] DEBUG org.apache.http.wire -- http-outgoing-74 >> "Content-Type: application/json; charset=UTF-8[\r][\n]"
22:57:29.293 [pool-2-thread-87] DEBUG org.apache.http.wire -- http-outgoing-74 >> "Content-Length: 54[\r][\n]"
22:57:29.293 [pool-2-thread-87] DEBUG org.apache.http.wire -- http-outgoing-74 >> "Host: localhost:3000[\r][\n]"
22:57:29.293 [pool-2-thread-87] DEBUG org.apache.http.wire -- http-outgoing-74 >> "Connection: Keep-Alive[\r][\n]"
22:57:29.293 [pool-2-thread-87] DEBUG org.apache.http.wire -- http-outgoing-74 >> "User-Agent: Apache-HttpClient/4.5.14 (Java/17.0.9)[\r][\n]"
22:57:29.293 [pool-2-thread-87] DEBUG org.apache.http.wire -- http-outgoing-74 >> "Accept-Encoding: gzip,deflate[\r][\n]"
22:57:29.293 [pool-2-thread-87] DEBUG org.apache.http.wire -- http-outgoing-74 >> "[\r][\n]"
22:57:29.293 [pool-2-thread-87] DEBUG org.apache.http.wire -- http-outgoing-74 >> "{"email":"testit3@gmail.com","password":"Password123"}"
22:57:29.266 [pool-2-thread-67] DEBUG org.apache.http.impl.conn.DefaultHttpClientConnectionOperator -- Connecting to localhost/127.0.0.1:3000
22:57:29.294 [pool-2-thread-19] DEBUG org.apache.http.wire -- http-outgoing-27 >> "Connection: Keep-Alive[\r][\n]"
22:57:29.266 [pool-2-thread-80] DEBUG org.apache.http.impl.conn.DefaultHttpClientConnectionOperator -- Connecting to localhost/127.0.0.1:3000
22:57:29.295 [pool-2-thread-67] DEBUG org.apache.http.impl.conn.DefaultHttpClientConnectionOperator -- Connection established 127.0.0.1:51851<->127.0.0.1:3000
22:57:29.266 [pool-2-thread-13] DEBUG org.apache.http.impl.execchain.MainClientExec -- Proxy auth state: UNCHALLENGED
22:57:29.295 [pool-2-thread-13] DEBUG org.apache.http.headers -- http-outgoing-54 >> POST /auth/login HTTP/1.1
22:57:29.295 [pool-2-thread-13] DEBUG org.apache.http.headers -- http-outgoing-54 >> Content-Type: application/json; charset=UTF-8
22:57:29.295 [pool-2-thread-13] DEBUG org.apache.http.headers -- http-outgoing-54 >> Content-Length: 53
22:57:29.295 [pool-2-thread-13] DEBUG org.apache.http.headers -- http-outgoing-54 >> Host: localhost:3000
22:57:29.295 [pool-2-thread-13] DEBUG org.apache.http.headers -- http-outgoing-54 >> Connection: Keep-Alive
22:57:29.295 [pool-2-thread-13] DEBUG org.apache.http.headers -- http-outgoing-54 >> User-Agent: Apache-HttpClient/4.5.14 (Java/17.0.9)
22:57:29.295 [pool-2-thread-13] DEBUG org.apache.http.headers -- http-outgoing-54 >> Accept-Encoding: gzip,deflate
22:57:29.295 [pool-2-thread-13] DEBUG org.apache.http.wire -- http-outgoing-54 >> "POST /auth/login HTTP/1.1[\r][\n]"
22:57:29.295 [pool-2-thread-13] DEBUG org.apache.http.wire -- http-outgoing-54 >> "Content-Type: application/json; charset=UTF-8[\r][\n]"
22:57:29.295 [pool-2-thread-13] DEBUG org.apache.http.wire -- http-outgoing-54 >> "Content-Length: 53[\r][\n]"
22:57:29.295 [pool-2-thread-13] DEBUG org.apache.http.wire -- http-outgoing-54 >> "Host: localhost:3000[\r][\n]"
22:57:29.295 [pool-2-thread-13] DEBUG org.apache.http.wire -- http-outgoing-54 >> "Connection: Keep-Alive[\r][\n]"
22:57:29.295 [pool-2-thread-13] DEBUG org.apache.http.wire -- http-outgoing-54 >> "User-Agent: Apache-HttpClient/4.5.14 (Java/17.0.9)[\r][\n]"
22:57:29.295 [pool-2-thread-13] DEBUG org.apache.http.wire -- http-outgoing-54 >> "Accept-Encoding: gzip,deflate[\r][\n]"
22:57:29.295 [pool-2-thread-13] DEBUG org.apache.http.wire -- http-outgoing-54 >> "[\r][\n]"
22:57:29.295 [pool-2-thread-13] DEBUG org.apache.http.wire -- http-outgoing-54 >> "{"email":"test@example.com","password":"Password123"}"
22:57:29.295 [pool-2-thread-67] DEBUG org.apache.http.impl.conn.DefaultManagedHttpClientConnection -- http-outgoing-71: set socket timeout to 30000
22:57:29.296 [pool-2-thread-67] DEBUG org.apache.http.impl.execchain.MainClientExec -- Executing request POST /auth/login HTTP/1.1
22:57:29.296 [pool-2-thread-67] DEBUG org.apache.http.impl.execchain.MainClientExec -- Target auth state: UNCHALLENGED
22:57:29.296 [pool-2-thread-67] DEBUG org.apache.http.impl.execchain.MainClientExec -- Proxy auth state: UNCHALLENGED
22:57:29.266 [pool-2-thread-63] DEBUG org.apache.http.impl.conn.DefaultHttpClientConnectionOperator -- Connecting to localhost/127.0.0.1:3000
22:57:29.296 [pool-2-thread-67] DEBUG org.apache.http.headers -- http-outgoing-71 >> POST /auth/login HTTP/1.1
22:57:29.296 [pool-2-thread-67] DEBUG org.apache.http.headers -- http-outgoing-71 >> Content-Type: application/json; charset=UTF-8
22:57:29.296 [pool-2-thread-67] DEBUG org.apache.http.headers -- http-outgoing-71 >> Content-Length: 54
22:57:29.296 [pool-2-thread-67] DEBUG org.apache.http.headers -- http-outgoing-71 >> Host: localhost:3000
22:57:29.296 [pool-2-thread-67] DEBUG org.apache.http.headers -- http-outgoing-71 >> Connection: Keep-Alive
22:57:29.296 [pool-2-thread-67] DEBUG org.apache.http.headers -- http-outgoing-71 >> User-Agent: Apache-HttpClient/4.5.14 (Java/17.0.9)
22:57:29.296 [pool-2-thread-67] DEBUG org.apache.http.headers -- http-outgoing-71 >> Accept-Encoding: gzip,deflate
22:57:29.296 [pool-2-thread-67] DEBUG org.apache.http.wire -- http-outgoing-71 >> "POST /auth/login HTTP/1.1[\r][\n]"
22:57:29.296 [pool-2-thread-67] DEBUG org.apache.http.wire -- http-outgoing-71 >> "Content-Type: application/json; charset=UTF-8[\r][\n]"
22:57:29.296 [pool-2-thread-67] DEBUG org.apache.http.wire -- http-outgoing-71 >> "Content-Length: 54[\r][\n]"
22:57:29.296 [pool-2-thread-67] DEBUG org.apache.http.wire -- http-outgoing-71 >> "Host: localhost:3000[\r][\n]"
22:57:29.296 [pool-2-thread-67] DEBUG org.apache.http.wire -- http-outgoing-71 >> "Connection: Keep-Alive[\r][\n]"
22:57:29.296 [pool-2-thread-67] DEBUG org.apache.http.wire -- http-outgoing-71 >> "User-Agent: Apache-HttpClient/4.5.14 (Java/17.0.9)[\r][\n]"
22:57:29.296 [pool-2-thread-67] DEBUG org.apache.http.wire -- http-outgoing-71 >> "Accept-Encoding: gzip,deflate[\r][\n]"
22:57:29.296 [pool-2-thread-67] DEBUG org.apache.http.wire -- http-outgoing-71 >> "[\r][\n]"
22:57:29.296 [pool-2-thread-67] DEBUG org.apache.http.wire -- http-outgoing-71 >> "{"email":"testit3@gmail.com","password":"Password123"}"
22:57:29.266 [pool-2-thread-74] DEBUG org.apache.http.impl.execchain.MainClientExec -- Proxy auth state: UNCHALLENGED
22:57:29.296 [pool-2-thread-74] DEBUG org.apache.http.headers -- http-outgoing-83 >> POST /auth/login HTTP/1.1
22:57:29.266 [pool-2-thread-56] DEBUG org.apache.http.impl.conn.DefaultHttpClientConnectionOperator -- Connecting to localhost/127.0.0.1:3000
22:57:29.297 [pool-2-thread-63] DEBUG org.apache.http.impl.conn.DefaultHttpClientConnectionOperator -- Connection established 127.0.0.1:51853<->127.0.0.1:3000
22:57:29.266 [pool-2-thread-60] DEBUG org.apache.http.impl.conn.DefaultHttpClientConnectionOperator -- Connection established 127.0.0.1:51800<->127.0.0.1:3000
22:57:29.297 [pool-2-thread-60] DEBUG org.apache.http.impl.conn.DefaultManagedHttpClientConnection -- http-outgoing-21: set socket timeout to 30000
22:57:29.297 [pool-2-thread-60] DEBUG org.apache.http.impl.execchain.MainClientExec -- Executing request POST /auth/login HTTP/1.1
22:57:29.297 [pool-2-thread-60] DEBUG org.apache.http.impl.execchain.MainClientExec -- Target auth state: UNCHALLENGED
22:57:29.297 [pool-2-thread-60] DEBUG org.apache.http.impl.execchain.MainClientExec -- Proxy auth state: UNCHALLENGED
22:57:29.266 [pool-2-thread-42] DEBUG org.apache.http.impl.conn.DefaultHttpClientConnectionOperator -- Connection established 127.0.0.1:51801<->127.0.0.1:3000
22:57:29.266 [pool-2-thread-33] DEBUG org.apache.http.impl.conn.DefaultHttpClientConnectionOperator -- Connecting to localhost/127.0.0.1:3000
22:57:29.297 [pool-2-thread-60] DEBUG org.apache.http.headers -- http-outgoing-21 >> POST /auth/login HTTP/1.1
22:57:29.297 [pool-2-thread-60] DEBUG org.apache.http.headers -- http-outgoing-21 >> Content-Type: application/json; charset=UTF-8
22:57:29.297 [pool-2-thread-60] DEBUG org.apache.http.headers -- http-outgoing-21 >> Content-Length: 54
22:57:29.297 [pool-2-thread-60] DEBUG org.apache.http.headers -- http-outgoing-21 >> Host: localhost:3000
22:57:29.297 [pool-2-thread-60] DEBUG org.apache.http.headers -- http-outgoing-21 >> Connection: Keep-Alive
22:57:29.297 [pool-2-thread-60] DEBUG org.apache.http.headers -- http-outgoing-21 >> User-Agent: Apache-HttpClient/4.5.14 (Java/17.0.9)
22:57:29.297 [pool-2-thread-60] DEBUG org.apache.http.headers -- http-outgoing-21 >> Accept-Encoding: gzip,deflate
22:57:29.297 [pool-2-thread-60] DEBUG org.apache.http.wire -- http-outgoing-21 >> "POST /auth/login HTTP/1.1[\r][\n]"
22:57:29.297 [pool-2-thread-60] DEBUG org.apache.http.wire -- http-outgoing-21 >> "Content-Type: application/json; charset=UTF-8[\r][\n]"
22:57:29.297 [pool-2-thread-60] DEBUG org.apache.http.wire -- http-outgoing-21 >> "Content-Length: 54[\r][\n]"
22:57:29.266 [pool-2-thread-26] DEBUG org.apache.http.impl.conn.DefaultHttpClientConnectionOperator -- Connecting to localhost/127.0.0.1:3000
22:57:29.297 [pool-2-thread-26] DEBUG org.apache.http.impl.conn.DefaultHttpClientConnectionOperator -- Connection established 127.0.0.1:51856<->127.0.0.1:3000
22:57:29.297 [pool-2-thread-33] DEBUG org.apache.http.impl.conn.DefaultHttpClientConnectionOperator -- Connection established 127.0.0.1:51855<->127.0.0.1:3000
22:57:29.298 [pool-2-thread-26] DEBUG org.apache.http.impl.conn.DefaultManagedHttpClientConnection -- http-outgoing-92: set socket timeout to 30000
22:57:29.298 [pool-2-thread-33] DEBUG org.apache.http.impl.conn.DefaultManagedHttpClientConnection -- http-outgoing-65: set socket timeout to 30000
22:57:29.298 [pool-2-thread-26] DEBUG org.apache.http.impl.execchain.MainClientExec -- Executing request POST /auth/login HTTP/1.1
22:57:29.298 [pool-2-thread-33] DEBUG org.apache.http.impl.execchain.MainClientExec -- Executing request POST /auth/login HTTP/1.1
22:57:29.298 [pool-2-thread-33] DEBUG org.apache.http.impl.execchain.MainClientExec -- Target auth state: UNCHALLENGED
22:57:29.298 [pool-2-thread-33] DEBUG org.apache.http.impl.execchain.MainClientExec -- Proxy auth state: UNCHALLENGED
22:57:29.267 [pool-2-thread-4] DEBUG org.apache.http.impl.conn.DefaultManagedHttpClientConnection -- http-outgoing-12: set socket timeout to 30000
22:57:29.298 [pool-2-thread-33] DEBUG org.apache.http.headers -- http-outgoing-65 >> POST /auth/login HTTP/1.1
22:57:29.298 [pool-2-thread-33] DEBUG org.apache.http.headers -- http-outgoing-65 >> Content-Type: application/json; charset=UTF-8
22:57:29.267 [pool-2-thread-78] DEBUG org.apache.http.impl.conn.DefaultHttpClientConnectionOperator -- Connection established 127.0.0.1:51802<->127.0.0.1:3000
22:57:29.298 [pool-2-thread-78] DEBUG org.apache.http.impl.conn.DefaultManagedHttpClientConnection -- http-outgoing-6: set socket timeout to 30000
22:57:29.298 [pool-2-thread-78] DEBUG org.apache.http.impl.execchain.MainClientExec -- Executing request POST /auth/login HTTP/1.1
22:57:29.298 [pool-2-thread-78] DEBUG org.apache.http.impl.execchain.MainClientExec -- Target auth state: UNCHALLENGED
22:57:29.298 [pool-2-thread-4] DEBUG org.apache.http.impl.execchain.MainClientExec -- Executing request POST /auth/login HTTP/1.1
22:57:29.298 [pool-2-thread-4] DEBUG org.apache.http.impl.execchain.MainClientExec -- Target auth state: UNCHALLENGED
22:57:29.298 [pool-2-thread-4] DEBUG org.apache.http.impl.execchain.MainClientExec -- Proxy auth state: UNCHALLENGED
22:57:29.267 [pool-2-thread-79] DEBUG org.apache.http.impl.conn.DefaultHttpClientConnectionOperator -- Connection established 127.0.0.1:51804<->127.0.0.1:3000
22:57:29.298 [pool-2-thread-4] DEBUG org.apache.http.headers -- http-outgoing-12 >> POST /auth/login HTTP/1.1
22:57:29.298 [pool-2-thread-4] DEBUG org.apache.http.headers -- http-outgoing-12 >> Content-Type: application/json; charset=UTF-8
22:57:29.298 [pool-2-thread-4] DEBUG org.apache.http.headers -- http-outgoing-12 >> Content-Length: 54
22:57:29.298 [pool-2-thread-4] DEBUG org.apache.http.headers -- http-outgoing-12 >> Host: localhost:3000
22:57:29.298 [pool-2-thread-4] DEBUG org.apache.http.headers -- http-outgoing-12 >> Connection: Keep-Alive
22:57:29.267 [pool-2-thread-34] DEBUG org.apache.http.impl.conn.DefaultHttpClientConnectionOperator -- Connection established 127.0.0.1:51806<->127.0.0.1:3000
22:57:29.267 [pool-2-thread-32] DEBUG org.apache.http.impl.conn.DefaultHttpClientConnectionOperator -- Connection established 127.0.0.1:51805<->127.0.0.1:3000
22:57:29.267 [pool-2-thread-45] DEBUG org.apache.http.impl.execchain.MainClientExec -- Proxy auth state: UNCHALLENGED
22:57:29.299 [pool-2-thread-4] DEBUG org.apache.http.headers -- http-outgoing-12 >> User-Agent: Apache-HttpClient/4.5.14 (Java/17.0.9)
22:57:29.299 [pool-2-thread-4] DEBUG org.apache.http.headers -- http-outgoing-12 >> Accept-Encoding: gzip,deflate
22:57:29.267 [pool-2-thread-86] DEBUG org.apache.http.impl.conn.DefaultHttpClientConnectionOperator -- Connecting to localhost/127.0.0.1:3000
22:57:29.299 [pool-2-thread-4] DEBUG org.apache.http.wire -- http-outgoing-12 >> "POST /auth/login HTTP/1.1[\r][\n]"
22:57:29.299 [pool-2-thread-4] DEBUG org.apache.http.wire -- http-outgoing-12 >> "Content-Type: application/json; charset=UTF-8[\r][\n]"
22:57:29.299 [pool-2-thread-4] DEBUG org.apache.http.wire -- http-outgoing-12 >> "Content-Length: 54[\r][\n]"
22:57:29.299 [pool-2-thread-4] DEBUG org.apache.http.wire -- http-outgoing-12 >> "Host: localhost:3000[\r][\n]"
22:57:29.299 [pool-2-thread-4] DEBUG org.apache.http.wire -- http-outgoing-12 >> "Connection: Keep-Alive[\r][\n]"
22:57:29.299 [pool-2-thread-4] DEBUG org.apache.http.wire -- http-outgoing-12 >> "User-Agent: Apache-HttpClient/4.5.14 (Java/17.0.9)[\r][\n]"
22:57:29.299 [pool-2-thread-4] DEBUG org.apache.http.wire -- http-outgoing-12 >> "Accept-Encoding: gzip,deflate[\r][\n]"
22:57:29.299 [pool-2-thread-4] DEBUG org.apache.http.wire -- http-outgoing-12 >> "[\r][\n]"
22:57:29.299 [pool-2-thread-4] DEBUG org.apache.http.wire -- http-outgoing-12 >> "{"email":"test2@example.com","password":"Password123"}"
22:57:29.267 [pool-2-thread-76] DEBUG org.apache.http.impl.execchain.MainClientExec -- Target auth state: UNCHALLENGED
22:57:29.299 [pool-2-thread-76] DEBUG org.apache.http.impl.execchain.MainClientExec -- Proxy auth state: UNCHALLENGED
22:57:29.299 [pool-2-thread-76] DEBUG org.apache.http.headers -- http-outgoing-93 >> POST /auth/login HTTP/1.1
22:57:29.299 [pool-2-thread-76] DEBUG org.apache.http.headers -- http-outgoing-93 >> Content-Type: application/json; charset=UTF-8
22:57:29.299 [pool-2-thread-76] DEBUG org.apache.http.headers -- http-outgoing-93 >> Content-Length: 54
22:57:29.299 [pool-2-thread-76] DEBUG org.apache.http.headers -- http-outgoing-93 >> Host: localhost:3000
22:57:29.299 [pool-2-thread-76] DEBUG org.apache.http.headers -- http-outgoing-93 >> Connection: Keep-Alive
22:57:29.299 [pool-2-thread-76] DEBUG org.apache.http.headers -- http-outgoing-93 >> User-Agent: Apache-HttpClient/4.5.14 (Java/17.0.9)
22:57:29.299 [pool-2-thread-76] DEBUG org.apache.http.headers -- http-outgoing-93 >> Accept-Encoding: gzip,deflate
22:57:29.299 [pool-2-thread-76] DEBUG org.apache.http.wire -- http-outgoing-93 >> "POST /auth/login HTTP/1.1[\r][\n]"
22:57:29.299 [pool-2-thread-76] DEBUG org.apache.http.wire -- http-outgoing-93 >> "Content-Type: application/json; charset=UTF-8[\r][\n]"
22:57:29.299 [pool-2-thread-76] DEBUG org.apache.http.wire -- http-outgoing-93 >> "Content-Length: 54[\r][\n]"
22:57:29.299 [pool-2-thread-76] DEBUG org.apache.http.wire -- http-outgoing-93 >> "Host: localhost:3000[\r][\n]"
22:57:29.300 [pool-2-thread-76] DEBUG org.apache.http.wire -- http-outgoing-93 >> "Connection: Keep-Alive[\r][\n]"
22:57:29.300 [pool-2-thread-76] DEBUG org.apache.http.wire -- http-outgoing-93 >> "User-Agent: Apache-HttpClient/4.5.14 (Java/17.0.9)[\r][\n]"
22:57:29.300 [pool-2-thread-76] DEBUG org.apache.http.wire -- http-outgoing-93 >> "Accept-Encoding: gzip,deflate[\r][\n]"
22:57:29.300 [pool-2-thread-76] DEBUG org.apache.http.wire -- http-outgoing-93 >> "[\r][\n]"
22:57:29.300 [pool-2-thread-76] DEBUG org.apache.http.wire -- http-outgoing-93 >> "{"email":"testit4@gmail.com","password":"Password123"}"
22:57:29.300 [pool-2-thread-86] DEBUG org.apache.http.impl.conn.DefaultHttpClientConnectionOperator -- Connection established 127.0.0.1:51857<->127.0.0.1:3000
22:57:29.267 [pool-2-thread-6] DEBUG org.apache.http.impl.conn.DefaultHttpClientConnectionOperator -- Connection established 127.0.0.1:51809<->127.0.0.1:3000
22:57:29.300 [pool-2-thread-86] DEBUG org.apache.http.impl.conn.DefaultManagedHttpClientConnection -- http-outgoing-10: set socket timeout to 30000
22:57:29.300 [pool-2-thread-6] DEBUG org.apache.http.impl.conn.DefaultManagedHttpClientConnection -- http-outgoing-45: set socket timeout to 30000
22:57:29.267 [pool-2-thread-23] DEBUG org.apache.http.impl.execchain.MainClientExec -- Executing request POST /auth/login HTTP/1.1
22:57:29.300 [pool-2-thread-6] DEBUG org.apache.http.impl.execchain.MainClientExec -- Executing request POST /auth/login HTTP/1.1
22:57:29.300 [pool-2-thread-6] DEBUG org.apache.http.impl.execchain.MainClientExec -- Target auth state: UNCHALLENGED
22:57:29.300 [pool-2-thread-6] DEBUG org.apache.http.impl.execchain.MainClientExec -- Proxy auth state: UNCHALLENGED
22:57:29.267 [pool-2-thread-92] DEBUG org.apache.http.impl.conn.DefaultHttpClientConnectionOperator -- Connection established 127.0.0.1:51810<->127.0.0.1:3000
22:57:29.300 [pool-2-thread-92] DEBUG org.apache.http.impl.conn.DefaultManagedHttpClientConnection -- http-outgoing-24: set socket timeout to 30000
22:57:29.267 [pool-2-thread-97] DEBUG org.apache.http.impl.conn.DefaultHttpClientConnectionOperator -- Connecting to localhost/127.0.0.1:3000
22:57:29.300 [pool-2-thread-92] DEBUG org.apache.http.impl.execchain.MainClientExec -- Executing request POST /auth/login HTTP/1.1
22:57:29.300 [pool-2-thread-92] DEBUG org.apache.http.impl.execchain.MainClientExec -- Target auth state: UNCHALLENGED
22:57:29.300 [pool-2-thread-92] DEBUG org.apache.http.impl.execchain.MainClientExec -- Proxy auth state: UNCHALLENGED
22:57:29.267 [pool-2-thread-62] DEBUG org.apache.http.impl.conn.DefaultHttpClientConnectionOperator -- Connecting to localhost/127.0.0.1:3000
22:57:29.267 [pool-2-thread-73] DEBUG org.apache.http.impl.execchain.MainClientExec -- Target auth state: UNCHALLENGED
22:57:29.301 [pool-2-thread-97] DEBUG org.apache.http.impl.conn.DefaultHttpClientConnectionOperator -- Connection established 127.0.0.1:51858<->127.0.0.1:3000
22:57:29.301 [pool-2-thread-73] DEBUG org.apache.http.impl.execchain.MainClientExec -- Proxy auth state: UNCHALLENGED
22:57:29.301 [pool-2-thread-97] DEBUG org.apache.http.impl.conn.DefaultManagedHttpClientConnection -- http-outgoing-36: set socket timeout to 30000
22:57:29.301 [pool-2-thread-97] DEBUG org.apache.http.impl.execchain.MainClientExec -- Executing request POST /auth/login HTTP/1.1
22:57:29.301 [pool-2-thread-97] DEBUG org.apache.http.impl.execchain.MainClientExec -- Target auth state: UNCHALLENGED
22:57:29.301 [pool-2-thread-73] DEBUG org.apache.http.headers -- http-outgoing-44 >> POST /auth/login HTTP/1.1
22:57:29.301 [pool-2-thread-73] DEBUG org.apache.http.headers -- http-outgoing-44 >> Content-Type: application/json; charset=UTF-8
22:57:29.301 [pool-2-thread-73] DEBUG org.apache.http.headers -- http-outgoing-44 >> Content-Length: 53
22:57:29.301 [pool-2-thread-73] DEBUG org.apache.http.headers -- http-outgoing-44 >> Host: localhost:3000
22:57:29.301 [pool-2-thread-73] DEBUG org.apache.http.headers -- http-outgoing-44 >> Connection: Keep-Alive
22:57:29.301 [pool-2-thread-73] DEBUG org.apache.http.headers -- http-outgoing-44 >> User-Agent: Apache-HttpClient/4.5.14 (Java/17.0.9)
22:57:29.301 [pool-2-thread-73] DEBUG org.apache.http.headers -- http-outgoing-44 >> Accept-Encoding: gzip,deflate
22:57:29.301 [pool-2-thread-62] DEBUG org.apache.http.impl.conn.DefaultHttpClientConnectionOperator -- Connection established 127.0.0.1:51859<->127.0.0.1:3000
22:57:29.301 [pool-2-thread-62] DEBUG org.apache.http.impl.conn.DefaultManagedHttpClientConnection -- http-outgoing-4: set socket timeout to 30000
22:57:29.301 [pool-2-thread-62] DEBUG org.apache.http.impl.execchain.MainClientExec -- Executing request POST /auth/login HTTP/1.1
22:57:29.301 [pool-2-thread-62] DEBUG org.apache.http.impl.execchain.MainClientExec -- Target auth state: UNCHALLENGED
22:57:29.301 [pool-2-thread-62] DEBUG org.apache.http.impl.execchain.MainClientExec -- Proxy auth state: UNCHALLENGED
22:57:29.301 [pool-2-thread-62] DEBUG org.apache.http.headers -- http-outgoing-4 >> POST /auth/login HTTP/1.1
22:57:29.301 [pool-2-thread-62] DEBUG org.apache.http.headers -- http-outgoing-4 >> Content-Type: application/json; charset=UTF-8
22:57:29.301 [pool-2-thread-62] DEBUG org.apache.http.headers -- http-outgoing-4 >> Content-Length: 48
22:57:29.267 [pool-2-thread-50] DEBUG org.apache.http.impl.conn.DefaultHttpClientConnectionOperator -- Connecting to localhost/127.0.0.1:3000
22:57:29.267 [pool-2-thread-81] DEBUG org.apache.http.impl.conn.DefaultHttpClientConnectionOperator -- Connecting to localhost/127.0.0.1:3000
22:57:29.301 [pool-2-thread-50] DEBUG org.apache.http.impl.conn.DefaultHttpClientConnectionOperator -- Connection established 127.0.0.1:51860<->127.0.0.1:3000
22:57:29.301 [pool-2-thread-50] DEBUG org.apache.http.impl.conn.DefaultManagedHttpClientConnection -- http-outgoing-3: set socket timeout to 30000
22:57:29.301 [pool-2-thread-50] DEBUG org.apache.http.impl.execchain.MainClientExec -- Executing request POST /auth/login HTTP/1.1
22:57:29.301 [pool-2-thread-50] DEBUG org.apache.http.impl.execchain.MainClientExec -- Target auth state: UNCHALLENGED
22:57:29.301 [pool-2-thread-50] DEBUG org.apache.http.impl.execchain.MainClientExec -- Proxy auth state: UNCHALLENGED
22:57:29.267 [pool-2-thread-66] DEBUG org.apache.http.impl.conn.DefaultHttpClientConnectionOperator -- Connecting to localhost/127.0.0.1:3000
22:57:29.301 [pool-2-thread-81] DEBUG org.apache.http.impl.conn.DefaultHttpClientConnectionOperator -- Connection established 127.0.0.1:51861<->127.0.0.1:3000
22:57:29.302 [pool-2-thread-81] DEBUG org.apache.http.impl.conn.DefaultManagedHttpClientConnection -- http-outgoing-35: set socket timeout to 30000
22:57:29.302 [pool-2-thread-81] DEBUG org.apache.http.impl.execchain.MainClientExec -- Executing request POST /auth/login HTTP/1.1
22:57:29.302 [pool-2-thread-81] DEBUG org.apache.http.impl.execchain.MainClientExec -- Target auth state: UNCHALLENGED
22:57:29.302 [pool-2-thread-81] DEBUG org.apache.http.impl.execchain.MainClientExec -- Proxy auth state: UNCHALLENGED
22:57:29.302 [pool-2-thread-81] DEBUG org.apache.http.headers -- http-outgoing-35 >> POST /auth/login HTTP/1.1
22:57:29.302 [pool-2-thread-81] DEBUG org.apache.http.headers -- http-outgoing-35 >> Content-Type: application/json; charset=UTF-8
22:57:29.302 [pool-2-thread-81] DEBUG org.apache.http.headers -- http-outgoing-35 >> Content-Length: 45
22:57:29.302 [pool-2-thread-81] DEBUG org.apache.http.headers -- http-outgoing-35 >> Host: localhost:3000
22:57:29.302 [pool-2-thread-81] DEBUG org.apache.http.headers -- http-outgoing-35 >> Connection: Keep-Alive
22:57:29.302 [pool-2-thread-81] DEBUG org.apache.http.headers -- http-outgoing-35 >> User-Agent: Apache-HttpClient/4.5.14 (Java/17.0.9)
22:57:29.302 [pool-2-thread-81] DEBUG org.apache.http.headers -- http-outgoing-35 >> Accept-Encoding: gzip,deflate
22:57:29.302 [pool-2-thread-81] DEBUG org.apache.http.wire -- http-outgoing-35 >> "POST /auth/login HTTP/1.1[\r][\n]"
22:57:29.302 [pool-2-thread-81] DEBUG org.apache.http.wire -- http-outgoing-35 >> "Content-Type: application/json; charset=UTF-8[\r][\n]"
22:57:29.302 [pool-2-thread-81] DEBUG org.apache.http.wire -- http-outgoing-35 >> "Content-Length: 45[\r][\n]"
22:57:29.302 [pool-2-thread-81] DEBUG org.apache.http.wire -- http-outgoing-35 >> "Host: localhost:3000[\r][\n]"
22:57:29.302 [pool-2-thread-66] DEBUG org.apache.http.impl.conn.DefaultHttpClientConnectionOperator -- Connection established 127.0.0.1:51862<->127.0.0.1:3000
22:57:29.302 [pool-2-thread-81] DEBUG org.apache.http.wire -- http-outgoing-35 >> "Connection: Keep-Alive[\r][\n]"
22:57:29.302 [pool-2-thread-81] DEBUG org.apache.http.wire -- http-outgoing-35 >> "User-Agent: Apache-HttpClient/4.5.14 (Java/17.0.9)[\r][\n]"
22:57:29.302 [pool-2-thread-66] DEBUG org.apache.http.impl.conn.DefaultManagedHttpClientConnection -- http-outgoing-97: set socket timeout to 30000
22:57:29.267 [pool-2-thread-1] DEBUG org.apache.http.impl.conn.DefaultHttpClientConnectionOperator -- Connection established 127.0.0.1:51813<->127.0.0.1:3000
22:57:29.302 [pool-2-thread-1] DEBUG org.apache.http.impl.conn.DefaultManagedHttpClientConnection -- http-outgoing-84: set socket timeout to 30000
22:57:29.267 [pool-2-thread-2] DEBUG org.apache.http.impl.conn.DefaultHttpClientConnectionOperator -- Connection established 127.0.0.1:51812<->127.0.0.1:3000
22:57:29.302 [pool-2-thread-2] DEBUG org.apache.http.impl.conn.DefaultManagedHttpClientConnection -- http-outgoing-25: set socket timeout to 30000
22:57:29.302 [pool-2-thread-2] DEBUG org.apache.http.impl.execchain.MainClientExec -- Executing request POST /auth/login HTTP/1.1
22:57:29.267 [pool-2-thread-55] DEBUG org.apache.http.impl.conn.DefaultHttpClientConnectionOperator -- Connecting to localhost/127.0.0.1:3000
22:57:29.267 [pool-2-thread-8] DEBUG org.apache.http.impl.conn.DefaultHttpClientConnectionOperator -- Connecting to localhost/127.0.0.1:3000
22:57:29.267 [pool-2-thread-48] DEBUG org.apache.http.impl.conn.DefaultHttpClientConnectionOperator -- Connection established 127.0.0.1:51815<->127.0.0.1:3000
22:57:29.267 [pool-2-thread-20] DEBUG org.apache.http.impl.conn.DefaultHttpClientConnectionOperator -- Connecting to localhost/127.0.0.1:3000
22:57:29.303 [pool-2-thread-48] DEBUG org.apache.http.impl.conn.DefaultManagedHttpClientConnection -- http-outgoing-42: set socket timeout to 30000
22:57:29.303 [pool-2-thread-48] DEBUG org.apache.http.impl.execchain.MainClientExec -- Executing request POST /auth/login HTTP/1.1
22:57:29.303 [pool-2-thread-48] DEBUG org.apache.http.impl.execchain.MainClientExec -- Target auth state: UNCHALLENGED
22:57:29.303 [pool-2-thread-48] DEBUG org.apache.http.impl.execchain.MainClientExec -- Proxy auth state: UNCHALLENGED
22:57:29.303 [pool-2-thread-48] DEBUG org.apache.http.headers -- http-outgoing-42 >> POST /auth/login HTTP/1.1
22:57:29.303 [pool-2-thread-48] DEBUG org.apache.http.headers -- http-outgoing-42 >> Content-Type: application/json; charset=UTF-8
22:57:29.303 [pool-2-thread-48] DEBUG org.apache.http.headers -- http-outgoing-42 >> Content-Length: 54
22:57:29.303 [pool-2-thread-55] DEBUG org.apache.http.impl.conn.DefaultHttpClientConnectionOperator -- Connection established 127.0.0.1:51863<->127.0.0.1:3000
22:57:29.303 [pool-2-thread-48] DEBUG org.apache.http.headers -- http-outgoing-42 >> Host: localhost:3000
22:57:29.303 [pool-2-thread-48] DEBUG org.apache.http.headers -- http-outgoing-42 >> Connection: Keep-Alive
22:57:29.303 [pool-2-thread-48] DEBUG org.apache.http.headers -- http-outgoing-42 >> User-Agent: Apache-HttpClient/4.5.14 (Java/17.0.9)
22:57:29.303 [pool-2-thread-48] DEBUG org.apache.http.headers -- http-outgoing-42 >> Accept-Encoding: gzip,deflate
22:57:29.303 [pool-2-thread-20] DEBUG org.apache.http.impl.conn.DefaultHttpClientConnectionOperator -- Connection established 127.0.0.1:51865<->127.0.0.1:3000
22:57:29.303 [pool-2-thread-20] DEBUG org.apache.http.impl.conn.DefaultManagedHttpClientConnection -- http-outgoing-78: set socket timeout to 30000
22:57:29.303 [pool-2-thread-55] DEBUG org.apache.http.impl.conn.DefaultManagedHttpClientConnection -- http-outgoing-0: set socket timeout to 30000
22:57:29.303 [pool-2-thread-55] DEBUG org.apache.http.impl.execchain.MainClientExec -- Executing request POST /auth/login HTTP/1.1
22:57:29.303 [pool-2-thread-55] DEBUG org.apache.http.impl.execchain.MainClientExec -- Target auth state: UNCHALLENGED
22:57:29.303 [pool-2-thread-55] DEBUG org.apache.http.impl.execchain.MainClientExec -- Proxy auth state: UNCHALLENGED
22:57:29.303 [pool-2-thread-55] DEBUG org.apache.http.headers -- http-outgoing-0 >> POST /auth/login HTTP/1.1
22:57:29.303 [pool-2-thread-55] DEBUG org.apache.http.headers -- http-outgoing-0 >> Content-Type: application/json; charset=UTF-8
22:57:29.303 [pool-2-thread-55] DEBUG org.apache.http.headers -- http-outgoing-0 >> Content-Length: 55
22:57:29.303 [pool-2-thread-55] DEBUG org.apache.http.headers -- http-outgoing-0 >> Host: localhost:3000
22:57:29.303 [pool-2-thread-55] DEBUG org.apache.http.headers -- http-outgoing-0 >> Connection: Keep-Alive
22:57:29.303 [pool-2-thread-20] DEBUG org.apache.http.impl.execchain.MainClientExec -- Executing request POST /auth/login HTTP/1.1
22:57:29.267 [pool-2-thread-57] DEBUG org.apache.http.impl.execchain.MainClientExec -- Executing request POST /auth/login HTTP/1.1
22:57:29.267 [pool-2-thread-69] DEBUG org.apache.http.impl.conn.DefaultManagedHttpClientConnection -- http-outgoing-46: set socket timeout to 30000
22:57:29.268 [pool-2-thread-14] DEBUG org.apache.http.impl.conn.DefaultHttpClientConnectionOperator -- Connection established 127.0.0.1:51816<->127.0.0.1:3000
22:57:29.303 [pool-2-thread-69] DEBUG org.apache.http.impl.execchain.MainClientExec -- Executing request POST /auth/login HTTP/1.1
22:57:29.303 [pool-2-thread-69] DEBUG org.apache.http.impl.execchain.MainClientExec -- Target auth state: UNCHALLENGED
22:57:29.303 [pool-2-thread-69] DEBUG org.apache.http.impl.execchain.MainClientExec -- Proxy auth state: UNCHALLENGED
22:57:29.303 [pool-2-thread-69] DEBUG org.apache.http.headers -- http-outgoing-46 >> POST /auth/login HTTP/1.1
22:57:29.303 [pool-2-thread-69] DEBUG org.apache.http.headers -- http-outgoing-46 >> Content-Type: application/json; charset=UTF-8
22:57:29.303 [pool-2-thread-69] DEBUG org.apache.http.headers -- http-outgoing-46 >> Content-Length: 53
22:57:29.303 [pool-2-thread-69] DEBUG org.apache.http.headers -- http-outgoing-46 >> Host: localhost:3000
22:57:29.303 [pool-2-thread-69] DEBUG org.apache.http.headers -- http-outgoing-46 >> Connection: Keep-Alive
22:57:29.303 [pool-2-thread-69] DEBUG org.apache.http.headers -- http-outgoing-46 >> User-Agent: Apache-HttpClient/4.5.14 (Java/17.0.9)
22:57:29.303 [pool-2-thread-69] DEBUG org.apache.http.headers -- http-outgoing-46 >> Accept-Encoding: gzip,deflate
22:57:29.304 [pool-2-thread-48] DEBUG org.apache.http.wire -- http-outgoing-42 >> "POST /auth/login HTTP/1.1[\r][\n]"
22:57:29.304 [pool-2-thread-48] DEBUG org.apache.http.wire -- http-outgoing-42 >> "Content-Type: application/json; charset=UTF-8[\r][\n]"
22:57:29.304 [pool-2-thread-48] DEBUG org.apache.http.wire -- http-outgoing-42 >> "Content-Length: 54[\r][\n]"
22:57:29.304 [pool-2-thread-48] DEBUG org.apache.http.wire -- http-outgoing-42 >> "Host: localhost:3000[\r][\n]"
22:57:29.304 [pool-2-thread-48] DEBUG org.apache.http.wire -- http-outgoing-42 >> "Connection: Keep-Alive[\r][\n]"
22:57:29.304 [pool-2-thread-48] DEBUG org.apache.http.wire -- http-outgoing-42 >> "User-Agent: Apache-HttpClient/4.5.14 (Java/17.0.9)[\r][\n]"
22:57:29.304 [pool-2-thread-48] DEBUG org.apache.http.wire -- http-outgoing-42 >> "Accept-Encoding: gzip,deflate[\r][\n]"
22:57:29.304 [pool-2-thread-48] DEBUG org.apache.http.wire -- http-outgoing-42 >> "[\r][\n]"
22:57:29.304 [pool-2-thread-48] DEBUG org.apache.http.wire -- http-outgoing-42 >> "{"email":"testit5@gmail.com","password":"Password123"}"
22:57:29.268 [pool-2-thread-30] DEBUG org.apache.http.impl.conn.DefaultHttpClientConnectionOperator -- Connecting to localhost/127.0.0.1:3000
22:57:29.268 [pool-2-thread-11] DEBUG org.apache.http.impl.conn.DefaultHttpClientConnectionOperator -- Connecting to localhost/127.0.0.1:3000
22:57:29.305 [pool-2-thread-30] DEBUG org.apache.http.impl.conn.DefaultHttpClientConnectionOperator -- Connection established 127.0.0.1:51866<->127.0.0.1:3000
22:57:29.305 [pool-2-thread-30] DEBUG org.apache.http.impl.conn.DefaultManagedHttpClientConnection -- http-outgoing-19: set socket timeout to 30000
22:57:29.305 [pool-2-thread-30] DEBUG org.apache.http.impl.execchain.MainClientExec -- Executing request POST /auth/login HTTP/1.1
22:57:29.305 [pool-2-thread-30] DEBUG org.apache.http.impl.execchain.MainClientExec -- Target auth state: UNCHALLENGED
22:57:29.305 [pool-2-thread-30] DEBUG org.apache.http.impl.execchain.MainClientExec -- Proxy auth state: UNCHALLENGED
22:57:29.305 [pool-2-thread-30] DEBUG org.apache.http.headers -- http-outgoing-19 >> POST /auth/login HTTP/1.1
22:57:29.305 [pool-2-thread-30] DEBUG org.apache.http.headers -- http-outgoing-19 >> Content-Type: application/json; charset=UTF-8
22:57:29.305 [pool-2-thread-30] DEBUG org.apache.http.headers -- http-outgoing-19 >> Content-Length: 54
22:57:29.305 [pool-2-thread-30] DEBUG org.apache.http.headers -- http-outgoing-19 >> Host: localhost:3000
22:57:29.305 [pool-2-thread-30] DEBUG org.apache.http.headers -- http-outgoing-19 >> Connection: Keep-Alive
22:57:29.305 [pool-2-thread-30] DEBUG org.apache.http.headers -- http-outgoing-19 >> User-Agent: Apache-HttpClient/4.5.14 (Java/17.0.9)
22:57:29.305 [pool-2-thread-30] DEBUG org.apache.http.headers -- http-outgoing-19 >> Accept-Encoding: gzip,deflate
22:57:29.305 [pool-2-thread-30] DEBUG org.apache.http.wire -- http-outgoing-19 >> "POST /auth/login HTTP/1.1[\r][\n]"
22:57:29.305 [pool-2-thread-30] DEBUG org.apache.http.wire -- http-outgoing-19 >> "Content-Type: application/json; charset=UTF-8[\r][\n]"
22:57:29.305 [pool-2-thread-30] DEBUG org.apache.http.wire -- http-outgoing-19 >> "Content-Length: 54[\r][\n]"
22:57:29.305 [pool-2-thread-30] DEBUG org.apache.http.wire -- http-outgoing-19 >> "Host: localhost:3000[\r][\n]"
22:57:29.305 [pool-2-thread-30] DEBUG org.apache.http.wire -- http-outgoing-19 >> "Connection: Keep-Alive[\r][\n]"
22:57:29.305 [pool-2-thread-30] DEBUG org.apache.http.wire -- http-outgoing-19 >> "User-Agent: Apache-HttpClient/4.5.14 (Java/17.0.9)[\r][\n]"
22:57:29.305 [pool-2-thread-30] DEBUG org.apache.http.wire -- http-outgoing-19 >> "Accept-Encoding: gzip,deflate[\r][\n]"
22:57:29.305 [pool-2-thread-30] DEBUG org.apache.http.wire -- http-outgoing-19 >> "[\r][\n]"
22:57:29.305 [pool-2-thread-30] DEBUG org.apache.http.wire -- http-outgoing-19 >> "{"email":"testit2@gmail.com","password":"Password123"}"
22:57:29.268 [pool-2-thread-37] DEBUG org.apache.http.impl.conn.DefaultManagedHttpClientConnection -- http-outgoing-43: set socket timeout to 30000
22:57:29.306 [pool-2-thread-37] DEBUG org.apache.http.impl.execchain.MainClientExec -- Executing request POST /auth/login HTTP/1.1
22:57:29.306 [pool-2-thread-37] DEBUG org.apache.http.impl.execchain.MainClientExec -- Target auth state: UNCHALLENGED
22:57:29.306 [pool-2-thread-37] DEBUG org.apache.http.impl.execchain.MainClientExec -- Proxy auth state: UNCHALLENGED
22:57:29.306 [pool-2-thread-37] DEBUG org.apache.http.headers -- http-outgoing-43 >> POST /auth/login HTTP/1.1
22:57:29.306 [pool-2-thread-37] DEBUG org.apache.http.headers -- http-outgoing-43 >> Content-Type: application/json; charset=UTF-8
22:57:29.306 [pool-2-thread-11] DEBUG org.apache.http.impl.conn.DefaultHttpClientConnectionOperator -- Connection established 127.0.0.1:51867<->127.0.0.1:3000
22:57:29.268 [pool-2-thread-51] DEBUG org.apache.http.impl.execchain.MainClientExec -- Executing request POST /auth/login HTTP/1.1
22:57:29.306 [pool-2-thread-11] DEBUG org.apache.http.impl.conn.DefaultManagedHttpClientConnection -- http-outgoing-18: set socket timeout to 30000
22:57:29.306 [pool-2-thread-51] DEBUG org.apache.http.impl.execchain.MainClientExec -- Target auth state: UNCHALLENGED
22:57:29.306 [pool-2-thread-11] DEBUG org.apache.http.impl.execchain.MainClientExec -- Executing request POST /auth/login HTTP/1.1
22:57:29.306 [pool-2-thread-11] DEBUG org.apache.http.impl.execchain.MainClientExec -- Target auth state: UNCHALLENGED
22:57:29.306 [pool-2-thread-51] DEBUG org.apache.http.impl.execchain.MainClientExec -- Proxy auth state: UNCHALLENGED
22:57:29.268 [pool-2-thread-98] DEBUG org.apache.http.impl.conn.DefaultHttpClientConnectionOperator -- Connection established 127.0.0.1:51820<->127.0.0.1:3000
22:57:29.306 [pool-2-thread-51] DEBUG org.apache.http.headers -- http-outgoing-76 >> POST /auth/login HTTP/1.1
22:57:29.306 [pool-2-thread-98] DEBUG org.apache.http.impl.conn.DefaultManagedHttpClientConnection -- http-outgoing-37: set socket timeout to 30000
22:57:29.268 [pool-2-thread-3] DEBUG org.apache.http.impl.conn.DefaultHttpClientConnectionOperator -- Connecting to localhost/127.0.0.1:3000
22:57:29.268 [pool-2-thread-61] DEBUG org.apache.http.impl.conn.DefaultHttpClientConnectionOperator -- Connection established 127.0.0.1:51821<->127.0.0.1:3000
22:57:29.306 [pool-2-thread-61] DEBUG org.apache.http.impl.conn.DefaultManagedHttpClientConnection -- http-outgoing-47: set socket timeout to 30000
22:57:29.306 [pool-2-thread-61] DEBUG org.apache.http.impl.execchain.MainClientExec -- Executing request POST /auth/login HTTP/1.1
22:57:29.306 [pool-2-thread-61] DEBUG org.apache.http.impl.execchain.MainClientExec -- Target auth state: UNCHALLENGED
22:57:29.306 [pool-2-thread-61] DEBUG org.apache.http.impl.execchain.MainClientExec -- Proxy auth state: UNCHALLENGED
22:57:29.306 [pool-2-thread-61] DEBUG org.apache.http.headers -- http-outgoing-47 >> POST /auth/login HTTP/1.1
22:57:29.306 [pool-2-thread-61] DEBUG org.apache.http.headers -- http-outgoing-47 >> Content-Type: application/json; charset=UTF-8
22:57:29.306 [pool-2-thread-61] DEBUG org.apache.http.headers -- http-outgoing-47 >> Content-Length: 45
22:57:29.306 [pool-2-thread-61] DEBUG org.apache.http.headers -- http-outgoing-47 >> Host: localhost:3000
22:57:29.306 [pool-2-thread-61] DEBUG org.apache.http.headers -- http-outgoing-47 >> Connection: Keep-Alive
22:57:29.306 [pool-2-thread-61] DEBUG org.apache.http.headers -- http-outgoing-47 >> User-Agent: Apache-HttpClient/4.5.14 (Java/17.0.9)
22:57:29.306 [pool-2-thread-61] DEBUG org.apache.http.headers -- http-outgoing-47 >> Accept-Encoding: gzip,deflate
22:57:29.306 [pool-2-thread-61] DEBUG org.apache.http.wire -- http-outgoing-47 >> "POST /auth/login HTTP/1.1[\r][\n]"
22:57:29.306 [pool-2-thread-61] DEBUG org.apache.http.wire -- http-outgoing-47 >> "Content-Type: application/json; charset=UTF-8[\r][\n]"
22:57:29.306 [pool-2-thread-61] DEBUG org.apache.http.wire -- http-outgoing-47 >> "Content-Length: 45[\r][\n]"
22:57:29.306 [pool-2-thread-61] DEBUG org.apache.http.wire -- http-outgoing-47 >> "Host: localhost:3000[\r][\n]"
22:57:29.306 [pool-2-thread-61] DEBUG org.apache.http.wire -- http-outgoing-47 >> "Connection: Keep-Alive[\r][\n]"
22:57:29.306 [pool-2-thread-61] DEBUG org.apache.http.wire -- http-outgoing-47 >> "User-Agent: Apache-HttpClient/4.5.14 (Java/17.0.9)[\r][\n]"
22:57:29.306 [pool-2-thread-61] DEBUG org.apache.http.wire -- http-outgoing-47 >> "Accept-Encoding: gzip,deflate[\r][\n]"
22:57:29.306 [pool-2-thread-61] DEBUG org.apache.http.wire -- http-outgoing-47 >> "[\r][\n]"
22:57:29.306 [pool-2-thread-61] DEBUG org.apache.http.wire -- http-outgoing-47 >> "{"email":"nam@gmail.com","password":"123456"}"
22:57:29.268 [pool-2-thread-49] DEBUG org.apache.http.impl.conn.DefaultHttpClientConnectionOperator -- Connecting to localhost/127.0.0.1:3000
22:57:29.307 [pool-2-thread-3] DEBUG org.apache.http.impl.conn.DefaultHttpClientConnectionOperator -- Connection established 127.0.0.1:51868<->127.0.0.1:3000
22:57:29.268 [pool-2-thread-18] DEBUG org.apache.http.impl.conn.DefaultHttpClientConnectionOperator -- Connection established 127.0.0.1:51822<->127.0.0.1:3000
22:57:29.307 [pool-2-thread-3] DEBUG org.apache.http.impl.conn.DefaultManagedHttpClientConnection -- http-outgoing-89: set socket timeout to 30000
22:57:29.307 [pool-2-thread-3] DEBUG org.apache.http.impl.execchain.MainClientExec -- Executing request POST /auth/login HTTP/1.1
22:57:29.307 [pool-2-thread-3] DEBUG org.apache.http.impl.execchain.MainClientExec -- Target auth state: UNCHALLENGED
22:57:29.269 [pool-2-thread-9] DEBUG org.apache.http.impl.conn.DefaultHttpClientConnectionOperator -- Connection established 127.0.0.1:51824<->127.0.0.1:3000
22:57:29.307 [pool-2-thread-3] DEBUG org.apache.http.impl.execchain.MainClientExec -- Proxy auth state: UNCHALLENGED
22:57:29.307 [pool-2-thread-49] DEBUG org.apache.http.impl.conn.DefaultHttpClientConnectionOperator -- Connection established 127.0.0.1:51869<->127.0.0.1:3000
22:57:29.307 [pool-2-thread-3] DEBUG org.apache.http.headers -- http-outgoing-89 >> POST /auth/login HTTP/1.1
22:57:29.307 [pool-2-thread-49] DEBUG org.apache.http.impl.conn.DefaultManagedHttpClientConnection -- http-outgoing-60: set socket timeout to 30000
22:57:29.307 [pool-2-thread-3] DEBUG org.apache.http.headers -- http-outgoing-89 >> Content-Type: application/json; charset=UTF-8
22:57:29.307 [pool-2-thread-3] DEBUG org.apache.http.headers -- http-outgoing-89 >> Content-Length: 53
22:57:29.307 [pool-2-thread-9] DEBUG org.apache.http.impl.conn.DefaultManagedHttpClientConnection -- http-outgoing-34: set socket timeout to 30000
22:57:29.307 [pool-2-thread-49] DEBUG org.apache.http.impl.execchain.MainClientExec -- Executing request POST /auth/login HTTP/1.1
22:57:29.307 [pool-2-thread-49] DEBUG org.apache.http.impl.execchain.MainClientExec -- Target auth state: UNCHALLENGED
22:57:29.307 [pool-2-thread-49] DEBUG org.apache.http.impl.execchain.MainClientExec -- Proxy auth state: UNCHALLENGED
22:57:29.307 [pool-2-thread-18] DEBUG org.apache.http.impl.conn.DefaultManagedHttpClientConnection -- http-outgoing-53: set socket timeout to 30000
22:57:29.307 [pool-2-thread-18] DEBUG org.apache.http.impl.execchain.MainClientExec -- Executing request POST /auth/login HTTP/1.1
22:57:29.307 [pool-2-thread-18] DEBUG org.apache.http.impl.execchain.MainClientExec -- Target auth state: UNCHALLENGED
22:57:29.308 [pool-2-thread-18] DEBUG org.apache.http.impl.execchain.MainClientExec -- Proxy auth state: UNCHALLENGED
22:57:29.308 [pool-2-thread-49] DEBUG org.apache.http.headers -- http-outgoing-60 >> POST /auth/login HTTP/1.1
22:57:29.308 [pool-2-thread-49] DEBUG org.apache.http.headers -- http-outgoing-60 >> Content-Type: application/json; charset=UTF-8
22:57:29.308 [pool-2-thread-49] DEBUG org.apache.http.headers -- http-outgoing-60 >> Content-Length: 53
22:57:29.308 [pool-2-thread-49] DEBUG org.apache.http.headers -- http-outgoing-60 >> Host: localhost:3000
22:57:29.308 [pool-2-thread-18] DEBUG org.apache.http.headers -- http-outgoing-53 >> POST /auth/login HTTP/1.1
22:57:29.308 [pool-2-thread-18] DEBUG org.apache.http.headers -- http-outgoing-53 >> Content-Type: application/json; charset=UTF-8
22:57:29.308 [pool-2-thread-18] DEBUG org.apache.http.headers -- http-outgoing-53 >> Content-Length: 54
22:57:29.269 [pool-2-thread-91] DEBUG org.apache.http.impl.execchain.MainClientExec -- Target auth state: UNCHALLENGED
22:57:29.308 [pool-2-thread-91] DEBUG org.apache.http.impl.execchain.MainClientExec -- Proxy auth state: UNCHALLENGED
22:57:29.269 [pool-2-thread-75] DEBUG org.apache.http.headers -- http-outgoing-99 >> POST /auth/login HTTP/1.1
22:57:29.308 [pool-2-thread-91] DEBUG org.apache.http.headers -- http-outgoing-58 >> POST /auth/login HTTP/1.1
22:57:29.308 [pool-2-thread-75] DEBUG org.apache.http.headers -- http-outgoing-99 >> Content-Type: application/json; charset=UTF-8
22:57:29.308 [pool-2-thread-75] DEBUG org.apache.http.headers -- http-outgoing-99 >> Content-Length: 55
22:57:29.269 [pool-2-thread-15] DEBUG org.apache.http.headers -- http-outgoing-98 >> Host: localhost:3000
22:57:29.308 [pool-2-thread-15] DEBUG org.apache.http.headers -- http-outgoing-98 >> Connection: Keep-Alive
22:57:29.308 [pool-2-thread-15] DEBUG org.apache.http.headers -- http-outgoing-98 >> User-Agent: Apache-HttpClient/4.5.14 (Java/17.0.9)
22:57:29.308 [pool-2-thread-15] DEBUG org.apache.http.headers -- http-outgoing-98 >> Accept-Encoding: gzip,deflate
22:57:29.308 [pool-2-thread-15] DEBUG org.apache.http.wire -- http-outgoing-98 >> "POST /auth/login HTTP/1.1[\r][\n]"
22:57:29.308 [pool-2-thread-15] DEBUG org.apache.http.wire -- http-outgoing-98 >> "Content-Type: application/json; charset=UTF-8[\r][\n]"
22:57:29.308 [pool-2-thread-15] DEBUG org.apache.http.wire -- http-outgoing-98 >> "Content-Length: 55[\r][\n]"
22:57:29.308 [pool-2-thread-15] DEBUG org.apache.http.wire -- http-outgoing-98 >> "Host: localhost:3000[\r][\n]"
22:57:29.308 [pool-2-thread-15] DEBUG org.apache.http.wire -- http-outgoing-98 >> "Connection: Keep-Alive[\r][\n]"
22:57:29.308 [pool-2-thread-15] DEBUG org.apache.http.wire -- http-outgoing-98 >> "User-Agent: Apache-HttpClient/4.5.14 (Java/17.0.9)[\r][\n]"
22:57:29.308 [pool-2-thread-15] DEBUG org.apache.http.wire -- http-outgoing-98 >> "Accept-Encoding: gzip,deflate[\r][\n]"
22:57:29.308 [pool-2-thread-15] DEBUG org.apache.http.wire -- http-outgoing-98 >> "[\r][\n]"
22:57:29.269 [pool-2-thread-72] DEBUG org.apache.http.headers -- http-outgoing-16 >> Content-Type: application/json; charset=UTF-8
22:57:29.308 [pool-2-thread-15] DEBUG org.apache.http.wire -- http-outgoing-98 >> "{"email":"test28@example.com","password":"Password123"}"
22:57:29.269 [pool-2-thread-25] DEBUG org.apache.http.impl.conn.DefaultHttpClientConnectionOperator -- Connection established 127.0.0.1:51827<->127.0.0.1:3000
22:57:29.309 [pool-2-thread-72] DEBUG org.apache.http.headers -- http-outgoing-16 >> Content-Length: 48
22:57:29.309 [pool-2-thread-72] DEBUG org.apache.http.headers -- http-outgoing-16 >> Host: localhost:3000
22:57:29.309 [pool-2-thread-72] DEBUG org.apache.http.headers -- http-outgoing-16 >> Connection: Keep-Alive
22:57:29.309 [pool-2-thread-72] DEBUG org.apache.http.headers -- http-outgoing-16 >> User-Agent: Apache-HttpClient/4.5.14 (Java/17.0.9)
22:57:29.309 [pool-2-thread-72] DEBUG org.apache.http.headers -- http-outgoing-16 >> Accept-Encoding: gzip,deflate
22:57:29.269 [pool-2-thread-21] DEBUG org.apache.http.impl.execchain.MainClientExec -- Target auth state: UNCHALLENGED
22:57:29.309 [pool-2-thread-21] DEBUG org.apache.http.impl.execchain.MainClientExec -- Proxy auth state: UNCHALLENGED
22:57:29.309 [pool-2-thread-21] DEBUG org.apache.http.headers -- http-outgoing-68 >> POST /auth/login HTTP/1.1
22:57:29.309 [pool-2-thread-21] DEBUG org.apache.http.headers -- http-outgoing-68 >> Content-Type: application/json; charset=UTF-8
22:57:29.309 [pool-2-thread-21] DEBUG org.apache.http.headers -- http-outgoing-68 >> Content-Length: 45
22:57:29.309 [pool-2-thread-21] DEBUG org.apache.http.headers -- http-outgoing-68 >> Host: localhost:3000
22:57:29.269 [pool-2-thread-68] DEBUG org.apache.http.impl.conn.DefaultHttpClientConnectionOperator -- Connection established 127.0.0.1:51828<->127.0.0.1:3000
22:57:29.269 [pool-2-thread-12] DEBUG org.apache.http.headers -- http-outgoing-79 >> User-Agent: Apache-HttpClient/4.5.14 (Java/17.0.9)
22:57:29.309 [pool-2-thread-68] DEBUG org.apache.http.impl.conn.DefaultManagedHttpClientConnection -- http-outgoing-52: set socket timeout to 30000
22:57:29.309 [pool-2-thread-12] DEBUG org.apache.http.headers -- http-outgoing-79 >> Accept-Encoding: gzip,deflate
22:57:29.309 [pool-2-thread-68] DEBUG org.apache.http.impl.execchain.MainClientExec -- Executing request POST /auth/login HTTP/1.1
22:57:29.309 [pool-2-thread-68] DEBUG org.apache.http.impl.execchain.MainClientExec -- Target auth state: UNCHALLENGED
22:57:29.273 [pool-2-thread-82] DEBUG org.apache.http.headers -- http-outgoing-51 >> POST /auth/login HTTP/1.1
22:57:29.309 [pool-2-thread-68] DEBUG org.apache.http.impl.execchain.MainClientExec -- Proxy auth state: UNCHALLENGED
22:57:29.309 [pool-2-thread-82] DEBUG org.apache.http.headers -- http-outgoing-51 >> Content-Type: application/json; charset=UTF-8
22:57:29.309 [pool-2-thread-82] DEBUG org.apache.http.headers -- http-outgoing-51 >> Content-Length: 48
22:57:29.309 [pool-2-thread-82] DEBUG org.apache.http.headers -- http-outgoing-51 >> Host: localhost:3000
22:57:29.309 [pool-2-thread-68] DEBUG org.apache.http.headers -- http-outgoing-52 >> POST /auth/login HTTP/1.1
22:57:29.309 [pool-2-thread-82] DEBUG org.apache.http.headers -- http-outgoing-51 >> Connection: Keep-Alive
22:57:29.274 [pool-2-thread-54] DEBUG org.apache.http.wire -- http-outgoing-15 >> "Content-Type: application/json; charset=UTF-8[\r][\n]"
22:57:29.309 [pool-2-thread-82] DEBUG org.apache.http.headers -- http-outgoing-51 >> User-Agent: Apache-HttpClient/4.5.14 (Java/17.0.9)
22:57:29.309 [pool-2-thread-82] DEBUG org.apache.http.headers -- http-outgoing-51 >> Accept-Encoding: gzip,deflate
22:57:29.275 [pool-2-thread-88] DEBUG org.apache.http.impl.conn.DefaultHttpClientConnectionOperator -- Connection established 127.0.0.1:51825<->127.0.0.1:3000
22:57:29.309 [pool-2-thread-88] DEBUG org.apache.http.impl.conn.DefaultManagedHttpClientConnection -- http-outgoing-66: set socket timeout to 30000
22:57:29.309 [pool-2-thread-88] DEBUG org.apache.http.impl.execchain.MainClientExec -- Executing request POST /auth/login HTTP/1.1
22:57:29.309 [pool-2-thread-82] DEBUG org.apache.http.wire -- http-outgoing-51 >> "POST /auth/login HTTP/1.1[\r][\n]"
22:57:29.276 [pool-2-thread-52] DEBUG org.apache.http.impl.execchain.MainClientExec -- Target auth state: UNCHALLENGED
22:57:29.309 [pool-2-thread-52] DEBUG org.apache.http.impl.execchain.MainClientExec -- Proxy auth state: UNCHALLENGED
22:57:29.309 [pool-2-thread-52] DEBUG org.apache.http.headers -- http-outgoing-20 >> POST /auth/login HTTP/1.1
22:57:29.277 [pool-2-thread-28] DEBUG org.apache.http.wire -- http-outgoing-7 >> "User-Agent: Apache-HttpClient/4.5.14 (Java/17.0.9)[\r][\n]"
22:57:29.309 [pool-2-thread-28] DEBUG org.apache.http.wire -- http-outgoing-7 >> "Accept-Encoding: gzip,deflate[\r][\n]"
22:57:29.309 [pool-2-thread-28] DEBUG org.apache.http.wire -- http-outgoing-7 >> "[\r][\n]"
22:57:29.309 [pool-2-thread-28] DEBUG org.apache.http.wire -- http-outgoing-7 >> "{"email":"testit5@gmail.com","password":"Password123"}"
22:57:29.277 [pool-2-thread-22] DEBUG org.apache.http.headers -- http-outgoing-33 >> Content-Type: application/json; charset=UTF-8
22:57:29.309 [pool-2-thread-22] DEBUG org.apache.http.headers -- http-outgoing-33 >> Content-Length: 48
22:57:29.309 [pool-2-thread-22] DEBUG org.apache.http.headers -- http-outgoing-33 >> Host: localhost:3000
22:57:29.309 [pool-2-thread-22] DEBUG org.apache.http.headers -- http-outgoing-33 >> Connection: Keep-Alive
22:57:29.310 [pool-2-thread-22] DEBUG org.apache.http.headers -- http-outgoing-33 >> User-Agent: Apache-HttpClient/4.5.14 (Java/17.0.9)
22:57:29.310 [pool-2-thread-22] DEBUG org.apache.http.headers -- http-outgoing-33 >> Accept-Encoding: gzip,deflate
22:57:29.310 [pool-2-thread-22] DEBUG org.apache.http.wire -- http-outgoing-33 >> "POST /auth/login HTTP/1.1[\r][\n]"
22:57:29.310 [pool-2-thread-22] DEBUG org.apache.http.wire -- http-outgoing-33 >> "Content-Type: application/json; charset=UTF-8[\r][\n]"
22:57:29.277 [pool-2-thread-29] DEBUG org.apache.http.impl.conn.DefaultHttpClientConnectionOperator -- Connection established 127.0.0.1:51831<->127.0.0.1:3000
22:57:29.310 [pool-2-thread-29] DEBUG org.apache.http.impl.conn.DefaultManagedHttpClientConnection -- http-outgoing-80: set socket timeout to 30000
22:57:29.310 [pool-2-thread-29] DEBUG org.apache.http.impl.execchain.MainClientExec -- Executing request POST /auth/login HTTP/1.1
22:57:29.310 [pool-2-thread-29] DEBUG org.apache.http.impl.execchain.MainClientExec -- Target auth state: UNCHALLENGED
22:57:29.310 [pool-2-thread-29] DEBUG org.apache.http.impl.execchain.MainClientExec -- Proxy auth state: UNCHALLENGED
22:57:29.310 [pool-2-thread-29] DEBUG org.apache.http.headers -- http-outgoing-80 >> POST /auth/login HTTP/1.1
22:57:29.310 [pool-2-thread-29] DEBUG org.apache.http.headers -- http-outgoing-80 >> Content-Type: application/json; charset=UTF-8
22:57:29.310 [pool-2-thread-29] DEBUG org.apache.http.headers -- http-outgoing-80 >> Content-Length: 53
22:57:29.310 [pool-2-thread-29] DEBUG org.apache.http.headers -- http-outgoing-80 >> Host: localhost:3000
22:57:29.310 [pool-2-thread-29] DEBUG org.apache.http.headers -- http-outgoing-80 >> Connection: Keep-Alive
22:57:29.310 [pool-2-thread-29] DEBUG org.apache.http.headers -- http-outgoing-80 >> User-Agent: Apache-HttpClient/4.5.14 (Java/17.0.9)
22:57:29.310 [pool-2-thread-29] DEBUG org.apache.http.headers -- http-outgoing-80 >> Accept-Encoding: gzip,deflate
22:57:29.310 [pool-2-thread-29] DEBUG org.apache.http.wire -- http-outgoing-80 >> "POST /auth/login HTTP/1.1[\r][\n]"
22:57:29.310 [pool-2-thread-29] DEBUG org.apache.http.wire -- http-outgoing-80 >> "Content-Type: application/json; charset=UTF-8[\r][\n]"
22:57:29.277 [pool-2-thread-17] DEBUG org.apache.http.headers -- http-outgoing-9 >> Host: localhost:3000
22:57:29.277 [pool-2-thread-40] DEBUG org.apache.http.impl.execchain.MainClientExec -- Executing request POST /auth/login HTTP/1.1
22:57:29.311 [pool-2-thread-17] DEBUG org.apache.http.headers -- http-outgoing-9 >> Connection: Keep-Alive
22:57:29.312 [pool-2-thread-17] DEBUG org.apache.http.headers -- http-outgoing-9 >> User-Agent: Apache-HttpClient/4.5.14 (Java/17.0.9)
22:57:29.312 [pool-2-thread-17] DEBUG org.apache.http.headers -- http-outgoing-9 >> Accept-Encoding: gzip,deflate
22:57:29.312 [pool-2-thread-17] DEBUG org.apache.http.wire -- http-outgoing-9 >> "POST /auth/login HTTP/1.1[\r][\n]"
22:57:29.312 [pool-2-thread-17] DEBUG org.apache.http.wire -- http-outgoing-9 >> "Content-Type: application/json; charset=UTF-8[\r][\n]"
22:57:29.312 [pool-2-thread-17] DEBUG org.apache.http.wire -- http-outgoing-9 >> "Content-Length: 54[\r][\n]"
22:57:29.312 [pool-2-thread-17] DEBUG org.apache.http.wire -- http-outgoing-9 >> "Host: localhost:3000[\r][\n]"
22:57:29.312 [pool-2-thread-17] DEBUG org.apache.http.wire -- http-outgoing-9 >> "Connection: Keep-Alive[\r][\n]"
22:57:29.312 [pool-2-thread-17] DEBUG org.apache.http.wire -- http-outgoing-9 >> "User-Agent: Apache-HttpClient/4.5.14 (Java/17.0.9)[\r][\n]"
22:57:29.312 [pool-2-thread-17] DEBUG org.apache.http.wire -- http-outgoing-9 >> "Accept-Encoding: gzip,deflate[\r][\n]"
22:57:29.312 [pool-2-thread-17] DEBUG org.apache.http.wire -- http-outgoing-9 >> "[\r][\n]"
22:57:29.312 [pool-2-thread-17] DEBUG org.apache.http.wire -- http-outgoing-9 >> "{"email":"testit3@gmail.com","password":"Password123"}"
22:57:29.278 [pool-2-thread-59] DEBUG org.apache.http.impl.conn.DefaultHttpClientConnectionOperator -- Connection established 127.0.0.1:51832<->127.0.0.1:3000
22:57:29.314 [pool-2-thread-59] DEBUG org.apache.http.impl.conn.DefaultManagedHttpClientConnection -- http-outgoing-50: set socket timeout to 30000
22:57:29.314 [pool-2-thread-59] DEBUG org.apache.http.impl.execchain.MainClientExec -- Executing request POST /auth/login HTTP/1.1
22:57:29.314 [pool-2-thread-59] DEBUG org.apache.http.impl.execchain.MainClientExec -- Target auth state: UNCHALLENGED
22:57:29.314 [pool-2-thread-59] DEBUG org.apache.http.impl.execchain.MainClientExec -- Proxy auth state: UNCHALLENGED
22:57:29.278 [pool-2-thread-58] DEBUG org.apache.http.headers -- http-outgoing-48 >> Host: localhost:3000
22:57:29.315 [pool-2-thread-58] DEBUG org.apache.http.headers -- http-outgoing-48 >> Connection: Keep-Alive
22:57:29.315 [pool-2-thread-58] DEBUG org.apache.http.headers -- http-outgoing-48 >> User-Agent: Apache-HttpClient/4.5.14 (Java/17.0.9)
22:57:29.315 [pool-2-thread-58] DEBUG org.apache.http.headers -- http-outgoing-48 >> Accept-Encoding: gzip,deflate
22:57:29.315 [pool-2-thread-58] DEBUG org.apache.http.wire -- http-outgoing-48 >> "POST /auth/login HTTP/1.1[\r][\n]"
22:57:29.315 [pool-2-thread-58] DEBUG org.apache.http.wire -- http-outgoing-48 >> "Content-Type: application/json; charset=UTF-8[\r][\n]"
22:57:29.315 [pool-2-thread-58] DEBUG org.apache.http.wire -- http-outgoing-48 >> "Content-Length: 54[\r][\n]"
22:57:29.315 [pool-2-thread-58] DEBUG org.apache.http.wire -- http-outgoing-48 >> "Host: localhost:3000[\r][\n]"
22:57:29.315 [pool-2-thread-58] DEBUG org.apache.http.wire -- http-outgoing-48 >> "Connection: Keep-Alive[\r][\n]"
22:57:29.315 [pool-2-thread-58] DEBUG org.apache.http.wire -- http-outgoing-48 >> "User-Agent: Apache-HttpClient/4.5.14 (Java/17.0.9)[\r][\n]"
22:57:29.315 [pool-2-thread-58] DEBUG org.apache.http.wire -- http-outgoing-48 >> "Accept-Encoding: gzip,deflate[\r][\n]"
22:57:29.315 [pool-2-thread-58] DEBUG org.apache.http.wire -- http-outgoing-48 >> "[\r][\n]"
22:57:29.315 [pool-2-thread-58] DEBUG org.apache.http.wire -- http-outgoing-48 >> "{"email":"testit5@gmail.com","password":"Password123"}"
22:57:29.316 [pool-2-thread-59] DEBUG org.apache.http.headers -- http-outgoing-50 >> POST /auth/login HTTP/1.1
22:57:29.316 [pool-2-thread-59] DEBUG org.apache.http.headers -- http-outgoing-50 >> Content-Type: application/json; charset=UTF-8
22:57:29.316 [pool-2-thread-59] DEBUG org.apache.http.headers -- http-outgoing-50 >> Content-Length: 53
22:57:29.316 [pool-2-thread-59] DEBUG org.apache.http.headers -- http-outgoing-50 >> Host: localhost:3000
22:57:29.316 [pool-2-thread-59] DEBUG org.apache.http.headers -- http-outgoing-50 >> Connection: Keep-Alive
22:57:29.316 [pool-2-thread-59] DEBUG org.apache.http.headers -- http-outgoing-50 >> User-Agent: Apache-HttpClient/4.5.14 (Java/17.0.9)
22:57:29.316 [pool-2-thread-59] DEBUG org.apache.http.headers -- http-outgoing-50 >> Accept-Encoding: gzip,deflate
22:57:29.316 [pool-2-thread-59] DEBUG org.apache.http.wire -- http-outgoing-50 >> "POST /auth/login HTTP/1.1[\r][\n]"
22:57:29.278 [pool-2-thread-10] DEBUG org.apache.http.headers -- http-outgoing-81 >> Connection: Keep-Alive
22:57:29.279 [pool-2-thread-16] DEBUG org.apache.http.wire -- http-outgoing-23 >> "Connection: Keep-Alive[\r][\n]"
22:57:29.316 [pool-2-thread-16] DEBUG org.apache.http.wire -- http-outgoing-23 >> "User-Agent: Apache-HttpClient/4.5.14 (Java/17.0.9)[\r][\n]"
22:57:29.279 [pool-2-thread-46] DEBUG org.apache.http.wire -- http-outgoing-29 >> "POST /auth/login HTTP/1.1[\r][\n]"
22:57:29.316 [pool-2-thread-16] DEBUG org.apache.http.wire -- http-outgoing-23 >> "Accept-Encoding: gzip,deflate[\r][\n]"
22:57:29.316 [pool-2-thread-16] DEBUG org.apache.http.wire -- http-outgoing-23 >> "[\r][\n]"
22:57:29.316 [pool-2-thread-46] DEBUG org.apache.http.wire -- http-outgoing-29 >> "Content-Type: application/json; charset=UTF-8[\r][\n]"
22:57:29.316 [pool-2-thread-46] DEBUG org.apache.http.wire -- http-outgoing-29 >> "Content-Length: 54[\r][\n]"
22:57:29.279 [pool-2-thread-36] DEBUG org.apache.http.headers -- http-outgoing-28 >> User-Agent: Apache-HttpClient/4.5.14 (Java/17.0.9)
22:57:29.316 [pool-2-thread-36] DEBUG org.apache.http.headers -- http-outgoing-28 >> Accept-Encoding: gzip,deflate
22:57:29.316 [pool-2-thread-36] DEBUG org.apache.http.wire -- http-outgoing-28 >> "POST /auth/login HTTP/1.1[\r][\n]"
22:57:29.316 [pool-2-thread-36] DEBUG org.apache.http.wire -- http-outgoing-28 >> "Content-Type: application/json; charset=UTF-8[\r][\n]"
22:57:29.316 [pool-2-thread-36] DEBUG org.apache.http.wire -- http-outgoing-28 >> "Content-Length: 54[\r][\n]"
22:57:29.316 [pool-2-thread-36] DEBUG org.apache.http.wire -- http-outgoing-28 >> "Host: localhost:3000[\r][\n]"
22:57:29.316 [pool-2-thread-36] DEBUG org.apache.http.wire -- http-outgoing-28 >> "Connection: Keep-Alive[\r][\n]"
22:57:29.316 [pool-2-thread-36] DEBUG org.apache.http.wire -- http-outgoing-28 >> "User-Agent: Apache-HttpClient/4.5.14 (Java/17.0.9)[\r][\n]"
22:57:29.279 [pool-2-thread-94] DEBUG org.apache.http.impl.execchain.MainClientExec -- Target auth state: UNCHALLENGED
22:57:29.317 [pool-2-thread-36] DEBUG org.apache.http.wire -- http-outgoing-28 >> "Accept-Encoding: gzip,deflate[\r][\n]"
22:57:29.317 [pool-2-thread-36] DEBUG org.apache.http.wire -- http-outgoing-28 >> "[\r][\n]"
22:57:29.317 [pool-2-thread-36] DEBUG org.apache.http.wire -- http-outgoing-28 >> "{"email":"testit4@gmail.com","password":"Password123"}"
22:57:29.280 [pool-2-thread-70] DEBUG org.apache.http.impl.conn.DefaultHttpClientConnectionOperator -- Connection established 127.0.0.1:51836<->127.0.0.1:3000
22:57:29.280 [pool-2-thread-5] DEBUG org.apache.http.impl.execchain.MainClientExec -- Proxy auth state: UNCHALLENGED
22:57:29.317 [pool-2-thread-70] DEBUG org.apache.http.impl.conn.DefaultManagedHttpClientConnection -- http-outgoing-77: set socket timeout to 30000
22:57:29.317 [pool-2-thread-70] DEBUG org.apache.http.impl.execchain.MainClientExec -- Executing request POST /auth/login HTTP/1.1
22:57:29.317 [pool-2-thread-70] DEBUG org.apache.http.impl.execchain.MainClientExec -- Target auth state: UNCHALLENGED
22:57:29.280 [pool-2-thread-24] DEBUG org.apache.http.headers -- http-outgoing-39 >> POST /auth/login HTTP/1.1
22:57:29.285 [pool-2-thread-31] DEBUG org.apache.http.impl.conn.DefaultHttpClientConnectionOperator -- Connection established 127.0.0.1:51837<->127.0.0.1:3000
22:57:29.317 [pool-2-thread-31] DEBUG org.apache.http.impl.conn.DefaultManagedHttpClientConnection -- http-outgoing-41: set socket timeout to 30000
22:57:29.317 [pool-2-thread-31] DEBUG org.apache.http.impl.execchain.MainClientExec -- Executing request POST /auth/login HTTP/1.1
22:57:29.317 [pool-2-thread-31] DEBUG org.apache.http.impl.execchain.MainClientExec -- Target auth state: UNCHALLENGED
22:57:29.317 [pool-2-thread-31] DEBUG org.apache.http.impl.execchain.MainClientExec -- Proxy auth state: UNCHALLENGED
22:57:29.317 [pool-2-thread-5] DEBUG org.apache.http.headers -- http-outgoing-61 >> POST /auth/login HTTP/1.1
22:57:29.317 [pool-2-thread-31] DEBUG org.apache.http.headers -- http-outgoing-41 >> POST /auth/login HTTP/1.1
22:57:29.317 [pool-2-thread-5] DEBUG org.apache.http.headers -- http-outgoing-61 >> Content-Type: application/json; charset=UTF-8
22:57:29.285 [pool-2-thread-89] DEBUG org.apache.http.impl.conn.DefaultHttpClientConnectionOperator -- Connection established 127.0.0.1:51839<->127.0.0.1:3000
22:57:29.286 [pool-2-thread-39] DEBUG org.apache.http.impl.conn.DefaultManagedHttpClientConnection -- http-outgoing-62: set socket timeout to 30000
22:57:29.286 [pool-2-thread-7] DEBUG org.apache.http.impl.execchain.MainClientExec -- Proxy auth state: UNCHALLENGED
22:57:29.286 [pool-2-thread-96] DEBUG org.apache.http.impl.conn.DefaultHttpClientConnectionOperator -- Connection established 127.0.0.1:51842<->127.0.0.1:3000
22:57:29.317 [pool-2-thread-7] DEBUG org.apache.http.headers -- http-outgoing-59 >> POST /auth/login HTTP/1.1
22:57:29.317 [pool-2-thread-96] DEBUG org.apache.http.impl.conn.DefaultManagedHttpClientConnection -- http-outgoing-32: set socket timeout to 30000
22:57:29.286 [pool-2-thread-84] DEBUG org.apache.http.headers -- http-outgoing-86 >> Content-Type: application/json; charset=UTF-8
22:57:29.317 [pool-2-thread-96] DEBUG org.apache.http.impl.execchain.MainClientExec -- Executing request POST /auth/login HTTP/1.1
22:57:29.317 [pool-2-thread-84] DEBUG org.apache.http.headers -- http-outgoing-86 >> Content-Length: 54
22:57:29.317 [pool-2-thread-96] DEBUG org.apache.http.impl.execchain.MainClientExec -- Target auth state: UNCHALLENGED
22:57:29.317 [pool-2-thread-84] DEBUG org.apache.http.headers -- http-outgoing-86 >> Host: localhost:3000
22:57:29.317 [pool-2-thread-84] DEBUG org.apache.http.headers -- http-outgoing-86 >> Connection: Keep-Alive
22:57:29.317 [pool-2-thread-84] DEBUG org.apache.http.headers -- http-outgoing-86 >> User-Agent: Apache-HttpClient/4.5.14 (Java/17.0.9)
22:57:29.287 [pool-2-thread-35] DEBUG org.apache.http.headers -- http-outgoing-95 >> POST /auth/login HTTP/1.1
22:57:29.287 [pool-2-thread-64] DEBUG org.apache.http.impl.conn.DefaultHttpClientConnectionOperator -- Connection established 127.0.0.1:51843<->127.0.0.1:3000
22:57:29.287 [pool-2-thread-95] DEBUG org.apache.http.headers -- http-outgoing-70 >> Content-Type: application/json; charset=UTF-8
22:57:29.317 [pool-2-thread-64] DEBUG org.apache.http.impl.conn.DefaultManagedHttpClientConnection -- http-outgoing-82: set socket timeout to 30000
22:57:29.287 [pool-2-thread-77] DEBUG org.apache.http.impl.conn.DefaultHttpClientConnectionOperator -- Connection established 127.0.0.1:51844<->127.0.0.1:3000
22:57:29.288 [pool-2-thread-38] DEBUG org.apache.http.impl.conn.DefaultHttpClientConnectionOperator -- Connection established 127.0.0.1:51846<->127.0.0.1:3000
22:57:29.288 [pool-2-thread-85] DEBUG org.apache.http.impl.conn.DefaultHttpClientConnectionOperator -- Connection established 127.0.0.1:51847<->127.0.0.1:3000
22:57:29.288 [pool-2-thread-99] DEBUG org.apache.http.impl.execchain.MainClientExec -- Proxy auth state: UNCHALLENGED
22:57:29.318 [pool-2-thread-85] DEBUG org.apache.http.impl.conn.DefaultManagedHttpClientConnection -- http-outgoing-67: set socket timeout to 30000
22:57:29.288 [pool-2-thread-43] DEBUG org.apache.http.headers -- http-outgoing-56 >> POST /auth/login HTTP/1.1
22:57:29.288 [pool-2-thread-27] DEBUG org.apache.http.headers -- http-outgoing-5 >> Content-Length: 54
22:57:29.318 [pool-2-thread-27] DEBUG org.apache.http.headers -- http-outgoing-5 >> Host: localhost:3000
22:57:29.318 [pool-2-thread-27] DEBUG org.apache.http.headers -- http-outgoing-5 >> Connection: Keep-Alive
22:57:29.288 [pool-2-thread-90] DEBUG org.apache.http.impl.conn.DefaultManagedHttpClientConnection -- http-outgoing-96: set socket timeout to 30000
22:57:29.289 [pool-2-thread-47] DEBUG org.apache.http.wire -- http-outgoing-49 >> "POST /auth/login HTTP/1.1[\r][\n]"
22:57:29.293 [pool-2-thread-100] DEBUG org.apache.http.headers -- http-outgoing-90 >> Content-Type: application/json; charset=UTF-8
22:57:29.318 [pool-2-thread-100] DEBUG org.apache.http.headers -- http-outgoing-90 >> Content-Length: 54
22:57:29.293 [pool-2-thread-44] DEBUG org.apache.http.headers -- http-outgoing-17 >> Host: localhost:3000
22:57:29.318 [pool-2-thread-44] DEBUG org.apache.http.headers -- http-outgoing-17 >> Connection: Keep-Alive
22:57:29.318 [pool-2-thread-44] DEBUG org.apache.http.headers -- http-outgoing-17 >> User-Agent: Apache-HttpClient/4.5.14 (Java/17.0.9)
22:57:29.318 [pool-2-thread-44] DEBUG org.apache.http.headers -- http-outgoing-17 >> Accept-Encoding: gzip,deflate
22:57:29.294 [pool-2-thread-19] DEBUG org.apache.http.wire -- http-outgoing-27 >> "User-Agent: Apache-HttpClient/4.5.14 (Java/17.0.9)[\r][\n]"
22:57:29.318 [pool-2-thread-44] DEBUG org.apache.http.wire -- http-outgoing-17 >> "POST /auth/login HTTP/1.1[\r][\n]"
22:57:29.318 [pool-2-thread-19] DEBUG org.apache.http.wire -- http-outgoing-27 >> "Accept-Encoding: gzip,deflate[\r][\n]"
22:57:29.318 [pool-2-thread-19] DEBUG org.apache.http.wire -- http-outgoing-27 >> "[\r][\n]"
22:57:29.295 [pool-2-thread-80] DEBUG org.apache.http.impl.conn.DefaultHttpClientConnectionOperator -- Connection established 127.0.0.1:51852<->127.0.0.1:3000
22:57:29.296 [pool-2-thread-74] DEBUG org.apache.http.headers -- http-outgoing-83 >> Content-Type: application/json; charset=UTF-8
22:57:29.297 [pool-2-thread-56] DEBUG org.apache.http.impl.conn.DefaultHttpClientConnectionOperator -- Connection established 127.0.0.1:51854<->127.0.0.1:3000
22:57:29.297 [pool-2-thread-63] DEBUG org.apache.http.impl.conn.DefaultManagedHttpClientConnection -- http-outgoing-91: set socket timeout to 30000
22:57:29.297 [pool-2-thread-42] DEBUG org.apache.http.impl.conn.DefaultManagedHttpClientConnection -- http-outgoing-55: set socket timeout to 30000
22:57:29.297 [pool-2-thread-60] DEBUG org.apache.http.wire -- http-outgoing-21 >> "Host: localhost:3000[\r][\n]"
22:57:29.298 [pool-2-thread-26] DEBUG org.apache.http.impl.execchain.MainClientExec -- Target auth state: UNCHALLENGED
22:57:29.298 [pool-2-thread-33] DEBUG org.apache.http.headers -- http-outgoing-65 >> Content-Length: 53
22:57:29.318 [pool-2-thread-33] DEBUG org.apache.http.headers -- http-outgoing-65 >> Host: localhost:3000
22:57:29.298 [pool-2-thread-78] DEBUG org.apache.http.impl.execchain.MainClientExec -- Proxy auth state: UNCHALLENGED
22:57:29.298 [pool-2-thread-79] DEBUG org.apache.http.impl.conn.DefaultManagedHttpClientConnection -- http-outgoing-14: set socket timeout to 30000
22:57:29.299 [pool-2-thread-34] DEBUG org.apache.http.impl.conn.DefaultManagedHttpClientConnection -- http-outgoing-30: set socket timeout to 30000
22:57:29.299 [pool-2-thread-32] DEBUG org.apache.http.impl.conn.DefaultManagedHttpClientConnection -- http-outgoing-13: set socket timeout to 30000
22:57:29.318 [pool-2-thread-34] DEBUG org.apache.http.impl.execchain.MainClientExec -- Executing request POST /auth/login HTTP/1.1
22:57:29.299 [pool-2-thread-45] DEBUG org.apache.http.headers -- http-outgoing-72 >> POST /auth/login HTTP/1.1
22:57:29.300 [pool-2-thread-86] DEBUG org.apache.http.impl.execchain.MainClientExec -- Executing request POST /auth/login HTTP/1.1
22:57:29.318 [pool-2-thread-86] DEBUG org.apache.http.impl.execchain.MainClientExec -- Target auth state: UNCHALLENGED
22:57:29.300 [pool-2-thread-23] DEBUG org.apache.http.impl.execchain.MainClientExec -- Target auth state: UNCHALLENGED
22:57:29.318 [pool-2-thread-23] DEBUG org.apache.http.impl.execchain.MainClientExec -- Proxy auth state: UNCHALLENGED
22:57:29.300 [pool-2-thread-6] DEBUG org.apache.http.headers -- http-outgoing-45 >> POST /auth/login HTTP/1.1
22:57:29.300 [pool-2-thread-92] DEBUG org.apache.http.headers -- http-outgoing-24 >> POST /auth/login HTTP/1.1
22:57:29.319 [pool-2-thread-6] DEBUG org.apache.http.headers -- http-outgoing-45 >> Content-Type: application/json; charset=UTF-8
22:57:29.319 [pool-2-thread-6] DEBUG org.apache.http.headers -- http-outgoing-45 >> Content-Length: 54
22:57:29.319 [pool-2-thread-6] DEBUG org.apache.http.headers -- http-outgoing-45 >> Host: localhost:3000
22:57:29.301 [pool-2-thread-97] DEBUG org.apache.http.impl.execchain.MainClientExec -- Proxy auth state: UNCHALLENGED
22:57:29.319 [pool-2-thread-23] DEBUG org.apache.http.headers -- http-outgoing-63 >> POST /auth/login HTTP/1.1
22:57:29.319 [pool-2-thread-23] DEBUG org.apache.http.headers -- http-outgoing-63 >> Content-Type: application/json; charset=UTF-8
22:57:29.319 [pool-2-thread-23] DEBUG org.apache.http.headers -- http-outgoing-63 >> Content-Length: 53
22:57:29.319 [pool-2-thread-23] DEBUG org.apache.http.headers -- http-outgoing-63 >> Host: localhost:3000
22:57:29.319 [pool-2-thread-23] DEBUG org.apache.http.headers -- http-outgoing-63 >> Connection: Keep-Alive
22:57:29.319 [pool-2-thread-23] DEBUG org.apache.http.headers -- http-outgoing-63 >> User-Agent: Apache-HttpClient/4.5.14 (Java/17.0.9)
22:57:29.301 [pool-2-thread-73] DEBUG org.apache.http.wire -- http-outgoing-44 >> "POST /auth/login HTTP/1.1[\r][\n]"
22:57:29.301 [pool-2-thread-62] DEBUG org.apache.http.headers -- http-outgoing-4 >> Host: localhost:3000
22:57:29.319 [pool-2-thread-62] DEBUG org.apache.http.headers -- http-outgoing-4 >> Connection: Keep-Alive
22:57:29.301 [pool-2-thread-50] DEBUG org.apache.http.headers -- http-outgoing-3 >> POST /auth/login HTTP/1.1
22:57:29.302 [pool-2-thread-81] DEBUG org.apache.http.wire -- http-outgoing-35 >> "Accept-Encoding: gzip,deflate[\r][\n]"
22:57:29.302 [pool-2-thread-66] DEBUG org.apache.http.impl.execchain.MainClientExec -- Executing request POST /auth/login HTTP/1.1
22:57:29.319 [pool-2-thread-66] DEBUG org.apache.http.impl.execchain.MainClientExec -- Target auth state: UNCHALLENGED
22:57:29.302 [pool-2-thread-1] DEBUG org.apache.http.impl.execchain.MainClientExec -- Executing request POST /auth/login HTTP/1.1
22:57:29.319 [pool-2-thread-66] DEBUG org.apache.http.impl.execchain.MainClientExec -- Proxy auth state: UNCHALLENGED
22:57:29.302 [pool-2-thread-2] DEBUG org.apache.http.impl.execchain.MainClientExec -- Target auth state: UNCHALLENGED
22:57:29.303 [pool-2-thread-8] DEBUG org.apache.http.impl.conn.DefaultHttpClientConnectionOperator -- Connection established 127.0.0.1:51864<->127.0.0.1:3000
22:57:29.303 [pool-2-thread-55] DEBUG org.apache.http.headers -- http-outgoing-0 >> User-Agent: Apache-HttpClient/4.5.14 (Java/17.0.9)
22:57:29.303 [pool-2-thread-20] DEBUG org.apache.http.impl.execchain.MainClientExec -- Target auth state: UNCHALLENGED
22:57:29.319 [pool-2-thread-20] DEBUG org.apache.http.impl.execchain.MainClientExec -- Proxy auth state: UNCHALLENGED
22:57:29.303 [pool-2-thread-57] DEBUG org.apache.http.impl.execchain.MainClientExec -- Target auth state: UNCHALLENGED
22:57:29.319 [pool-2-thread-20] DEBUG org.apache.http.headers -- http-outgoing-78 >> POST /auth/login HTTP/1.1
22:57:29.319 [pool-2-thread-20] DEBUG org.apache.http.headers -- http-outgoing-78 >> Content-Type: application/json; charset=UTF-8
22:57:29.303 [pool-2-thread-14] DEBUG org.apache.http.impl.conn.DefaultManagedHttpClientConnection -- http-outgoing-88: set socket timeout to 30000
22:57:29.319 [pool-2-thread-14] DEBUG org.apache.http.impl.execchain.MainClientExec -- Executing request POST /auth/login HTTP/1.1
22:57:29.319 [pool-2-thread-14] DEBUG org.apache.http.impl.execchain.MainClientExec -- Target auth state: UNCHALLENGED
22:57:29.304 [pool-2-thread-69] DEBUG org.apache.http.wire -- http-outgoing-46 >> "POST /auth/login HTTP/1.1[\r][\n]"
22:57:29.306 [pool-2-thread-37] DEBUG org.apache.http.headers -- http-outgoing-43 >> Content-Length: 54
22:57:29.306 [pool-2-thread-11] DEBUG org.apache.http.impl.execchain.MainClientExec -- Proxy auth state: UNCHALLENGED
22:57:29.306 [pool-2-thread-51] DEBUG org.apache.http.headers -- http-outgoing-76 >> Content-Type: application/json; charset=UTF-8
22:57:29.306 [pool-2-thread-98] DEBUG org.apache.http.impl.execchain.MainClientExec -- Executing request POST /auth/login HTTP/1.1
22:57:29.307 [pool-2-thread-3] DEBUG org.apache.http.headers -- http-outgoing-89 >> Host: localhost:3000
22:57:29.319 [pool-2-thread-3] DEBUG org.apache.http.headers -- http-outgoing-89 >> Connection: Keep-Alive
22:57:29.307 [pool-2-thread-9] DEBUG org.apache.http.impl.execchain.MainClientExec -- Executing request POST /auth/login HTTP/1.1
22:57:29.308 [pool-2-thread-49] DEBUG org.apache.http.headers -- http-outgoing-60 >> Connection: Keep-Alive
22:57:29.308 [pool-2-thread-18] DEBUG org.apache.http.headers -- http-outgoing-53 >> Host: localhost:3000
22:57:29.308 [pool-2-thread-91] DEBUG org.apache.http.headers -- http-outgoing-58 >> Content-Type: application/json; charset=UTF-8
22:57:29.308 [pool-2-thread-75] DEBUG org.apache.http.headers -- http-outgoing-99 >> Host: localhost:3000
22:57:29.309 [pool-2-thread-25] DEBUG org.apache.http.impl.conn.DefaultManagedHttpClientConnection -- http-outgoing-69: set socket timeout to 30000
22:57:29.309 [pool-2-thread-72] DEBUG org.apache.http.wire -- http-outgoing-16 >> "POST /auth/login HTTP/1.1[\r][\n]"
22:57:29.309 [pool-2-thread-21] DEBUG org.apache.http.headers -- http-outgoing-68 >> Connection: Keep-Alive
22:57:29.320 [pool-2-thread-72] DEBUG org.apache.http.wire -- http-outgoing-16 >> "Content-Type: application/json; charset=UTF-8[\r][\n]"
22:57:29.309 [pool-2-thread-12] DEBUG org.apache.http.wire -- http-outgoing-79 >> "POST /auth/login HTTP/1.1[\r][\n]"
22:57:29.309 [pool-2-thread-68] DEBUG org.apache.http.headers -- http-outgoing-52 >> Content-Type: application/json; charset=UTF-8
22:57:29.309 [pool-2-thread-54] DEBUG org.apache.http.wire -- http-outgoing-15 >> "Content-Length: 54[\r][\n]"
22:57:29.309 [pool-2-thread-88] DEBUG org.apache.http.impl.execchain.MainClientExec -- Target auth state: UNCHALLENGED
22:57:29.309 [pool-2-thread-82] DEBUG org.apache.http.wire -- http-outgoing-51 >> "Content-Type: application/json; charset=UTF-8[\r][\n]"
22:57:29.309 [pool-2-thread-52] DEBUG org.apache.http.headers -- http-outgoing-20 >> Content-Type: application/json; charset=UTF-8
22:57:29.310 [pool-2-thread-22] DEBUG org.apache.http.wire -- http-outgoing-33 >> "Content-Length: 48[\r][\n]"
22:57:29.310 [pool-2-thread-29] DEBUG org.apache.http.wire -- http-outgoing-80 >> "Content-Length: 53[\r][\n]"
22:57:29.320 [pool-2-thread-22] DEBUG org.apache.http.wire -- http-outgoing-33 >> "Host: localhost:3000[\r][\n]"
22:57:29.320 [pool-2-thread-29] DEBUG org.apache.http.wire -- http-outgoing-80 >> "Host: localhost:3000[\r][\n]"
22:57:29.312 [pool-2-thread-40] DEBUG org.apache.http.impl.execchain.MainClientExec -- Target auth state: UNCHALLENGED
22:57:29.316 [pool-2-thread-59] DEBUG org.apache.http.wire -- http-outgoing-50 >> "Content-Type: application/json; charset=UTF-8[\r][\n]"
22:57:29.316 [pool-2-thread-10] DEBUG org.apache.http.headers -- http-outgoing-81 >> User-Agent: Apache-HttpClient/4.5.14 (Java/17.0.9)
22:57:29.316 [pool-2-thread-16] DEBUG org.apache.http.wire -- http-outgoing-23 >> "{"email":"testit4@gmail.com","password":"Password123"}"
22:57:29.316 [pool-2-thread-46] DEBUG org.apache.http.wire -- http-outgoing-29 >> "Host: localhost:3000[\r][\n]"
22:57:29.317 [pool-2-thread-94] DEBUG org.apache.http.impl.execchain.MainClientExec -- Proxy auth state: UNCHALLENGED
22:57:29.320 [pool-2-thread-46] DEBUG org.apache.http.wire -- http-outgoing-29 >> "Connection: Keep-Alive[\r][\n]"
22:57:29.320 [pool-2-thread-46] DEBUG org.apache.http.wire -- http-outgoing-29 >> "User-Agent: Apache-HttpClient/4.5.14 (Java/17.0.9)[\r][\n]"
22:57:29.320 [pool-2-thread-46] DEBUG org.apache.http.wire -- http-outgoing-29 >> "Accept-Encoding: gzip,deflate[\r][\n]"
22:57:29.320 [pool-2-thread-46] DEBUG org.apache.http.wire -- http-outgoing-29 >> "[\r][\n]"
22:57:29.317 [pool-2-thread-70] DEBUG org.apache.http.impl.execchain.MainClientExec -- Proxy auth state: UNCHALLENGED
22:57:29.320 [pool-2-thread-46] DEBUG org.apache.http.wire -- http-outgoing-29 >> "{"email":"testit4@gmail.com","password":"Password123"}"
22:57:29.320 [pool-2-thread-70] DEBUG org.apache.http.headers -- http-outgoing-77 >> POST /auth/login HTTP/1.1
22:57:29.320 [pool-2-thread-70] DEBUG org.apache.http.headers -- http-outgoing-77 >> Content-Type: application/json; charset=UTF-8
22:57:29.320 [pool-2-thread-70] DEBUG org.apache.http.headers -- http-outgoing-77 >> Content-Length: 54
22:57:29.320 [pool-2-thread-70] DEBUG org.apache.http.headers -- http-outgoing-77 >> Host: localhost:3000
22:57:29.320 [pool-2-thread-70] DEBUG org.apache.http.headers -- http-outgoing-77 >> Connection: Keep-Alive
22:57:29.320 [pool-2-thread-70] DEBUG org.apache.http.headers -- http-outgoing-77 >> User-Agent: Apache-HttpClient/4.5.14 (Java/17.0.9)
22:57:29.320 [pool-2-thread-70] DEBUG org.apache.http.headers -- http-outgoing-77 >> Accept-Encoding: gzip,deflate
22:57:29.317 [pool-2-thread-24] DEBUG org.apache.http.headers -- http-outgoing-39 >> Content-Type: application/json; charset=UTF-8
22:57:29.320 [pool-2-thread-24] DEBUG org.apache.http.headers -- http-outgoing-39 >> Content-Length: 54
22:57:29.320 [pool-2-thread-24] DEBUG org.apache.http.headers -- http-outgoing-39 >> Host: localhost:3000
22:57:29.317 [pool-2-thread-31] DEBUG org.apache.http.headers -- http-outgoing-41 >> Content-Type: application/json; charset=UTF-8
22:57:29.320 [pool-2-thread-31] DEBUG org.apache.http.headers -- http-outgoing-41 >> Content-Length: 45
22:57:29.320 [pool-2-thread-31] DEBUG org.apache.http.headers -- http-outgoing-41 >> Host: localhost:3000
22:57:29.320 [pool-2-thread-31] DEBUG org.apache.http.headers -- http-outgoing-41 >> Connection: Keep-Alive
22:57:29.320 [pool-2-thread-31] DEBUG org.apache.http.headers -- http-outgoing-41 >> User-Agent: Apache-HttpClient/4.5.14 (Java/17.0.9)
22:57:29.320 [pool-2-thread-70] DEBUG org.apache.http.wire -- http-outgoing-77 >> "POST /auth/login HTTP/1.1[\r][\n]"
22:57:29.320 [pool-2-thread-70] DEBUG org.apache.http.wire -- http-outgoing-77 >> "Content-Type: application/json; charset=UTF-8[\r][\n]"
22:57:29.317 [pool-2-thread-5] DEBUG org.apache.http.headers -- http-outgoing-61 >> Content-Length: 55
22:57:29.321 [pool-2-thread-70] DEBUG org.apache.http.wire -- http-outgoing-77 >> "Content-Length: 54[\r][\n]"
22:57:29.321 [pool-2-thread-70] DEBUG org.apache.http.wire -- http-outgoing-77 >> "Host: localhost:3000[\r][\n]"
22:57:29.321 [pool-2-thread-5] DEBUG org.apache.http.headers -- http-outgoing-61 >> Host: localhost:3000
22:57:29.321 [pool-2-thread-5] DEBUG org.apache.http.headers -- http-outgoing-61 >> Connection: Keep-Alive
22:57:29.321 [pool-2-thread-5] DEBUG org.apache.http.headers -- http-outgoing-61 >> User-Agent: Apache-HttpClient/4.5.14 (Java/17.0.9)
22:57:29.317 [pool-2-thread-89] DEBUG org.apache.http.impl.conn.DefaultManagedHttpClientConnection -- http-outgoing-75: set socket timeout to 30000
22:57:29.317 [pool-2-thread-7] DEBUG org.apache.http.headers -- http-outgoing-59 >> Content-Type: application/json; charset=UTF-8
22:57:29.321 [pool-2-thread-7] DEBUG org.apache.http.headers -- http-outgoing-59 >> Content-Length: 54
22:57:29.321 [pool-2-thread-7] DEBUG org.apache.http.headers -- http-outgoing-59 >> Host: localhost:3000
22:57:29.321 [pool-2-thread-7] DEBUG org.apache.http.headers -- http-outgoing-59 >> Connection: Keep-Alive
22:57:29.321 [pool-2-thread-7] DEBUG org.apache.http.headers -- http-outgoing-59 >> User-Agent: Apache-HttpClient/4.5.14 (Java/17.0.9)
22:57:29.317 [pool-2-thread-96] DEBUG org.apache.http.impl.execchain.MainClientExec -- Proxy auth state: UNCHALLENGED
22:57:29.321 [pool-2-thread-96] DEBUG org.apache.http.headers -- http-outgoing-32 >> POST /auth/login HTTP/1.1
22:57:29.321 [pool-2-thread-96] DEBUG org.apache.http.headers -- http-outgoing-32 >> Content-Type: application/json; charset=UTF-8
22:57:29.321 [pool-2-thread-96] DEBUG org.apache.http.headers -- http-outgoing-32 >> Content-Length: 54
22:57:29.321 [pool-2-thread-96] DEBUG org.apache.http.headers -- http-outgoing-32 >> Host: localhost:3000
22:57:29.321 [pool-2-thread-96] DEBUG org.apache.http.headers -- http-outgoing-32 >> Connection: Keep-Alive
22:57:29.321 [pool-2-thread-96] DEBUG org.apache.http.headers -- http-outgoing-32 >> User-Agent: Apache-HttpClient/4.5.14 (Java/17.0.9)
22:57:29.321 [pool-2-thread-96] DEBUG org.apache.http.headers -- http-outgoing-32 >> Accept-Encoding: gzip,deflate
22:57:29.321 [pool-2-thread-7] DEBUG org.apache.http.headers -- http-outgoing-59 >> Accept-Encoding: gzip,deflate
22:57:29.321 [pool-2-thread-96] DEBUG org.apache.http.wire -- http-outgoing-32 >> "POST /auth/login HTTP/1.1[\r][\n]"
22:57:29.321 [pool-2-thread-96] DEBUG org.apache.http.wire -- http-outgoing-32 >> "Content-Type: application/json; charset=UTF-8[\r][\n]"
22:57:29.321 [pool-2-thread-96] DEBUG org.apache.http.wire -- http-outgoing-32 >> "Content-Length: 54[\r][\n]"
22:57:29.321 [pool-2-thread-7] DEBUG org.apache.http.wire -- http-outgoing-59 >> "POST /auth/login HTTP/1.1[\r][\n]"
22:57:29.321 [pool-2-thread-7] DEBUG org.apache.http.wire -- http-outgoing-59 >> "Content-Type: application/json; charset=UTF-8[\r][\n]"
22:57:29.321 [pool-2-thread-7] DEBUG org.apache.http.wire -- http-outgoing-59 >> "Content-Length: 54[\r][\n]"
22:57:29.322 [pool-2-thread-7] DEBUG org.apache.http.wire -- http-outgoing-59 >> "Host: localhost:3000[\r][\n]"
22:57:29.322 [pool-2-thread-7] DEBUG org.apache.http.wire -- http-outgoing-59 >> "Connection: Keep-Alive[\r][\n]"
22:57:29.322 [pool-2-thread-7] DEBUG org.apache.http.wire -- http-outgoing-59 >> "User-Agent: Apache-HttpClient/4.5.14 (Java/17.0.9)[\r][\n]"
22:57:29.322 [pool-2-thread-7] DEBUG org.apache.http.wire -- http-outgoing-59 >> "Accept-Encoding: gzip,deflate[\r][\n]"
22:57:29.322 [pool-2-thread-7] DEBUG org.apache.http.wire -- http-outgoing-59 >> "[\r][\n]"
22:57:29.322 [pool-2-thread-7] DEBUG org.apache.http.wire -- http-outgoing-59 >> "{"email":"testit3@gmail.com","password":"Password123"}"
22:57:29.317 [pool-2-thread-39] DEBUG org.apache.http.impl.execchain.MainClientExec -- Executing request POST /auth/login HTTP/1.1
22:57:29.322 [pool-2-thread-39] DEBUG org.apache.http.impl.execchain.MainClientExec -- Target auth state: UNCHALLENGED
22:57:29.322 [pool-2-thread-39] DEBUG org.apache.http.impl.execchain.MainClientExec -- Proxy auth state: UNCHALLENGED
22:57:29.317 [pool-2-thread-84] DEBUG org.apache.http.headers -- http-outgoing-86 >> Accept-Encoding: gzip,deflate
22:57:29.322 [pool-2-thread-39] DEBUG org.apache.http.headers -- http-outgoing-62 >> POST /auth/login HTTP/1.1
22:57:29.322 [pool-2-thread-39] DEBUG org.apache.http.headers -- http-outgoing-62 >> Content-Type: application/json; charset=UTF-8
22:57:29.322 [pool-2-thread-39] DEBUG org.apache.http.headers -- http-outgoing-62 >> Content-Length: 53
22:57:29.322 [pool-2-thread-39] DEBUG org.apache.http.headers -- http-outgoing-62 >> Host: localhost:3000
22:57:29.322 [pool-2-thread-84] DEBUG org.apache.http.wire -- http-outgoing-86 >> "POST /auth/login HTTP/1.1[\r][\n]"
22:57:29.322 [pool-2-thread-39] DEBUG org.apache.http.headers -- http-outgoing-62 >> Connection: Keep-Alive
22:57:29.322 [pool-2-thread-39] DEBUG org.apache.http.headers -- http-outgoing-62 >> User-Agent: Apache-HttpClient/4.5.14 (Java/17.0.9)
22:57:29.322 [pool-2-thread-39] DEBUG org.apache.http.headers -- http-outgoing-62 >> Accept-Encoding: gzip,deflate
22:57:29.322 [pool-2-thread-39] DEBUG org.apache.http.wire -- http-outgoing-62 >> "POST /auth/login HTTP/1.1[\r][\n]"
22:57:29.322 [pool-2-thread-39] DEBUG org.apache.http.wire -- http-outgoing-62 >> "Content-Type: application/json; charset=UTF-8[\r][\n]"
22:57:29.322 [pool-2-thread-39] DEBUG org.apache.http.wire -- http-outgoing-62 >> "Content-Length: 53[\r][\n]"
22:57:29.322 [pool-2-thread-39] DEBUG org.apache.http.wire -- http-outgoing-62 >> "Host: localhost:3000[\r][\n]"
22:57:29.322 [pool-2-thread-39] DEBUG org.apache.http.wire -- http-outgoing-62 >> "Connection: Keep-Alive[\r][\n]"
22:57:29.322 [pool-2-thread-39] DEBUG org.apache.http.wire -- http-outgoing-62 >> "User-Agent: Apache-HttpClient/4.5.14 (Java/17.0.9)[\r][\n]"
22:57:29.322 [pool-2-thread-39] DEBUG org.apache.http.wire -- http-outgoing-62 >> "Accept-Encoding: gzip,deflate[\r][\n]"
22:57:29.323 [pool-2-thread-39] DEBUG org.apache.http.wire -- http-outgoing-62 >> "[\r][\n]"
22:57:29.317 [pool-2-thread-35] DEBUG org.apache.http.headers -- http-outgoing-95 >> Content-Type: application/json; charset=UTF-8
22:57:29.324 [pool-2-thread-35] DEBUG org.apache.http.headers -- http-outgoing-95 >> Content-Length: 55
22:57:29.324 [pool-2-thread-35] DEBUG org.apache.http.headers -- http-outgoing-95 >> Host: localhost:3000
22:57:29.324 [pool-2-thread-35] DEBUG org.apache.http.headers -- http-outgoing-95 >> Connection: Keep-Alive
22:57:29.324 [pool-2-thread-35] DEBUG org.apache.http.headers -- http-outgoing-95 >> User-Agent: Apache-HttpClient/4.5.14 (Java/17.0.9)
22:57:29.324 [pool-2-thread-35] DEBUG org.apache.http.headers -- http-outgoing-95 >> Accept-Encoding: gzip,deflate
22:57:29.324 [pool-2-thread-35] DEBUG org.apache.http.wire -- http-outgoing-95 >> "POST /auth/login HTTP/1.1[\r][\n]"
22:57:29.324 [pool-2-thread-35] DEBUG org.apache.http.wire -- http-outgoing-95 >> "Content-Type: application/json; charset=UTF-8[\r][\n]"
22:57:29.324 [pool-2-thread-35] DEBUG org.apache.http.wire -- http-outgoing-95 >> "Content-Length: 55[\r][\n]"
22:57:29.324 [pool-2-thread-35] DEBUG org.apache.http.wire -- http-outgoing-95 >> "Host: localhost:3000[\r][\n]"
22:57:29.324 [pool-2-thread-35] DEBUG org.apache.http.wire -- http-outgoing-95 >> "Connection: Keep-Alive[\r][\n]"
22:57:29.324 [pool-2-thread-35] DEBUG org.apache.http.wire -- http-outgoing-95 >> "User-Agent: Apache-HttpClient/4.5.14 (Java/17.0.9)[\r][\n]"
22:57:29.324 [pool-2-thread-35] DEBUG org.apache.http.wire -- http-outgoing-95 >> "Accept-Encoding: gzip,deflate[\r][\n]"
22:57:29.324 [pool-2-thread-35] DEBUG org.apache.http.wire -- http-outgoing-95 >> "[\r][\n]"
22:57:29.324 [pool-2-thread-35] DEBUG org.apache.http.wire -- http-outgoing-95 >> "{"email":"test28@example.com","password":"Password123"}"
22:57:29.317 [pool-2-thread-95] DEBUG org.apache.http.headers -- http-outgoing-70 >> Content-Length: 55
22:57:29.325 [pool-2-thread-95] DEBUG org.apache.http.headers -- http-outgoing-70 >> Host: localhost:3000
22:57:29.326 [pool-2-thread-95] DEBUG org.apache.http.headers -- http-outgoing-70 >> Connection: Keep-Alive
22:57:29.326 [pool-2-thread-95] DEBUG org.apache.http.headers -- http-outgoing-70 >> User-Agent: Apache-HttpClient/4.5.14 (Java/17.0.9)
22:57:29.317 [pool-2-thread-64] DEBUG org.apache.http.impl.execchain.MainClientExec -- Executing request POST /auth/login HTTP/1.1
22:57:29.326 [pool-2-thread-64] DEBUG org.apache.http.impl.execchain.MainClientExec -- Target auth state: UNCHALLENGED
22:57:29.326 [pool-2-thread-64] DEBUG org.apache.http.impl.execchain.MainClientExec -- Proxy auth state: UNCHALLENGED
22:57:29.326 [pool-2-thread-64] DEBUG org.apache.http.headers -- http-outgoing-82 >> POST /auth/login HTTP/1.1
22:57:29.326 [pool-2-thread-64] DEBUG org.apache.http.headers -- http-outgoing-82 >> Content-Type: application/json; charset=UTF-8
22:57:29.326 [pool-2-thread-64] DEBUG org.apache.http.headers -- http-outgoing-82 >> Content-Length: 54
22:57:29.326 [pool-2-thread-64] DEBUG org.apache.http.headers -- http-outgoing-82 >> Host: localhost:3000
22:57:29.326 [pool-2-thread-64] DEBUG org.apache.http.headers -- http-outgoing-82 >> Connection: Keep-Alive
22:57:29.326 [pool-2-thread-64] DEBUG org.apache.http.headers -- http-outgoing-82 >> User-Agent: Apache-HttpClient/4.5.14 (Java/17.0.9)
22:57:29.317 [pool-2-thread-77] DEBUG org.apache.http.impl.conn.DefaultManagedHttpClientConnection -- http-outgoing-1: set socket timeout to 30000
22:57:29.326 [pool-2-thread-95] DEBUG org.apache.http.headers -- http-outgoing-70 >> Accept-Encoding: gzip,deflate
22:57:29.326 [pool-2-thread-77] DEBUG org.apache.http.impl.execchain.MainClientExec -- Executing request POST /auth/login HTTP/1.1
22:57:29.326 [pool-2-thread-95] DEBUG org.apache.http.wire -- http-outgoing-70 >> "POST /auth/login HTTP/1.1[\r][\n]"
22:57:29.326 [pool-2-thread-95] DEBUG org.apache.http.wire -- http-outgoing-70 >> "Content-Type: application/json; charset=UTF-8[\r][\n]"
22:57:29.326 [pool-2-thread-95] DEBUG org.apache.http.wire -- http-outgoing-70 >> "Content-Length: 55[\r][\n]"
22:57:29.326 [pool-2-thread-95] DEBUG org.apache.http.wire -- http-outgoing-70 >> "Host: localhost:3000[\r][\n]"
22:57:29.326 [pool-2-thread-95] DEBUG org.apache.http.wire -- http-outgoing-70 >> "Connection: Keep-Alive[\r][\n]"
22:57:29.326 [pool-2-thread-95] DEBUG org.apache.http.wire -- http-outgoing-70 >> "User-Agent: Apache-HttpClient/4.5.14 (Java/17.0.9)[\r][\n]"
22:57:29.318 [pool-2-thread-38] DEBUG org.apache.http.impl.conn.DefaultManagedHttpClientConnection -- http-outgoing-2: set socket timeout to 30000
22:57:29.318 [pool-2-thread-99] DEBUG org.apache.http.headers -- http-outgoing-94 >> POST /auth/login HTTP/1.1
22:57:29.326 [pool-2-thread-38] DEBUG org.apache.http.impl.execchain.MainClientExec -- Executing request POST /auth/login HTTP/1.1
22:57:29.326 [pool-2-thread-99] DEBUG org.apache.http.headers -- http-outgoing-94 >> Content-Type: application/json; charset=UTF-8
22:57:29.318 [pool-2-thread-85] DEBUG org.apache.http.impl.execchain.MainClientExec -- Executing request POST /auth/login HTTP/1.1
22:57:29.326 [pool-2-thread-85] DEBUG org.apache.http.impl.execchain.MainClientExec -- Target auth state: UNCHALLENGED
22:57:29.326 [pool-2-thread-85] DEBUG org.apache.http.impl.execchain.MainClientExec -- Proxy auth state: UNCHALLENGED
22:57:29.318 [pool-2-thread-43] DEBUG org.apache.http.headers -- http-outgoing-56 >> Content-Type: application/json; charset=UTF-8
22:57:29.326 [pool-2-thread-43] DEBUG org.apache.http.headers -- http-outgoing-56 >> Content-Length: 53
22:57:29.326 [pool-2-thread-43] DEBUG org.apache.http.headers -- http-outgoing-56 >> Host: localhost:3000
22:57:29.326 [pool-2-thread-43] DEBUG org.apache.http.headers -- http-outgoing-56 >> Connection: Keep-Alive
22:57:29.326 [pool-2-thread-43] DEBUG org.apache.http.headers -- http-outgoing-56 >> User-Agent: Apache-HttpClient/4.5.14 (Java/17.0.9)
22:57:29.326 [pool-2-thread-43] DEBUG org.apache.http.headers -- http-outgoing-56 >> Accept-Encoding: gzip,deflate
22:57:29.318 [pool-2-thread-27] DEBUG org.apache.http.headers -- http-outgoing-5 >> User-Agent: Apache-HttpClient/4.5.14 (Java/17.0.9)
22:57:29.326 [pool-2-thread-43] DEBUG org.apache.http.wire -- http-outgoing-56 >> "POST /auth/login HTTP/1.1[\r][\n]"
22:57:29.326 [pool-2-thread-43] DEBUG org.apache.http.wire -- http-outgoing-56 >> "Content-Type: application/json; charset=UTF-8[\r][\n]"
22:57:29.326 [pool-2-thread-43] DEBUG org.apache.http.wire -- http-outgoing-56 >> "Content-Length: 53[\r][\n]"
22:57:29.326 [pool-2-thread-43] DEBUG org.apache.http.wire -- http-outgoing-56 >> "Host: localhost:3000[\r][\n]"
22:57:29.326 [pool-2-thread-43] DEBUG org.apache.http.wire -- http-outgoing-56 >> "Connection: Keep-Alive[\r][\n]"
22:57:29.327 [pool-2-thread-43] DEBUG org.apache.http.wire -- http-outgoing-56 >> "User-Agent: Apache-HttpClient/4.5.14 (Java/17.0.9)[\r][\n]"
22:57:29.327 [pool-2-thread-43] DEBUG org.apache.http.wire -- http-outgoing-56 >> "Accept-Encoding: gzip,deflate[\r][\n]"
22:57:29.327 [pool-2-thread-43] DEBUG org.apache.http.wire -- http-outgoing-56 >> "[\r][\n]"
22:57:29.327 [pool-2-thread-43] DEBUG org.apache.http.wire -- http-outgoing-56 >> "{"email":"test@example.com","password":"Password123"}"
22:57:29.318 [pool-2-thread-90] DEBUG org.apache.http.impl.execchain.MainClientExec -- Executing request POST /auth/login HTTP/1.1
22:57:29.327 [pool-2-thread-90] DEBUG org.apache.http.impl.execchain.MainClientExec -- Target auth state: UNCHALLENGED
22:57:29.327 [pool-2-thread-90] DEBUG org.apache.http.impl.execchain.MainClientExec -- Proxy auth state: UNCHALLENGED
22:57:29.327 [pool-2-thread-90] DEBUG org.apache.http.headers -- http-outgoing-96 >> POST /auth/login HTTP/1.1
22:57:29.327 [pool-2-thread-90] DEBUG org.apache.http.headers -- http-outgoing-96 >> Content-Type: application/json; charset=UTF-8
22:57:29.327 [pool-2-thread-90] DEBUG org.apache.http.headers -- http-outgoing-96 >> Content-Length: 54
22:57:29.327 [pool-2-thread-90] DEBUG org.apache.http.headers -- http-outgoing-96 >> Host: localhost:3000
22:57:29.327 [pool-2-thread-90] DEBUG org.apache.http.headers -- http-outgoing-96 >> Connection: Keep-Alive
22:57:29.327 [pool-2-thread-90] DEBUG org.apache.http.headers -- http-outgoing-96 >> User-Agent: Apache-HttpClient/4.5.14 (Java/17.0.9)
22:57:29.327 [pool-2-thread-90] DEBUG org.apache.http.headers -- http-outgoing-96 >> Accept-Encoding: gzip,deflate
22:57:29.327 [pool-2-thread-90] DEBUG org.apache.http.wire -- http-outgoing-96 >> "POST /auth/login HTTP/1.1[\r][\n]"
22:57:29.318 [pool-2-thread-100] DEBUG org.apache.http.headers -- http-outgoing-90 >> Host: localhost:3000
22:57:29.327 [pool-2-thread-100] DEBUG org.apache.http.headers -- http-outgoing-90 >> Connection: Keep-Alive
22:57:29.327 [pool-2-thread-100] DEBUG org.apache.http.headers -- http-outgoing-90 >> User-Agent: Apache-HttpClient/4.5.14 (Java/17.0.9)
22:57:29.327 [pool-2-thread-100] DEBUG org.apache.http.headers -- http-outgoing-90 >> Accept-Encoding: gzip,deflate
22:57:29.327 [pool-2-thread-100] DEBUG org.apache.http.wire -- http-outgoing-90 >> "POST /auth/login HTTP/1.1[\r][\n]"
22:57:29.327 [pool-2-thread-100] DEBUG org.apache.http.wire -- http-outgoing-90 >> "Content-Type: application/json; charset=UTF-8[\r][\n]"
22:57:29.327 [pool-2-thread-100] DEBUG org.apache.http.wire -- http-outgoing-90 >> "Content-Length: 54[\r][\n]"
22:57:29.327 [pool-2-thread-100] DEBUG org.apache.http.wire -- http-outgoing-90 >> "Host: localhost:3000[\r][\n]"
22:57:29.327 [pool-2-thread-100] DEBUG org.apache.http.wire -- http-outgoing-90 >> "Connection: Keep-Alive[\r][\n]"
22:57:29.327 [pool-2-thread-100] DEBUG org.apache.http.wire -- http-outgoing-90 >> "User-Agent: Apache-HttpClient/4.5.14 (Java/17.0.9)[\r][\n]"
22:57:29.327 [pool-2-thread-100] DEBUG org.apache.http.wire -- http-outgoing-90 >> "Accept-Encoding: gzip,deflate[\r][\n]"
22:57:29.327 [pool-2-thread-100] DEBUG org.apache.http.wire -- http-outgoing-90 >> "[\r][\n]"
22:57:29.327 [pool-2-thread-100] DEBUG org.apache.http.wire -- http-outgoing-90 >> "{"email":"testit2@gmail.com","password":"Password123"}"
22:57:29.318 [pool-2-thread-47] DEBUG org.apache.http.wire -- http-outgoing-49 >> "Content-Type: application/json; charset=UTF-8[\r][\n]"
22:57:29.327 [pool-2-thread-47] DEBUG org.apache.http.wire -- http-outgoing-49 >> "Content-Length: 54[\r][\n]"
22:57:29.327 [pool-2-thread-47] DEBUG org.apache.http.wire -- http-outgoing-49 >> "Host: localhost:3000[\r][\n]"
22:57:29.327 [pool-2-thread-47] DEBUG org.apache.http.wire -- http-outgoing-49 >> "Connection: Keep-Alive[\r][\n]"
22:57:29.327 [pool-2-thread-47] DEBUG org.apache.http.wire -- http-outgoing-49 >> "User-Agent: Apache-HttpClient/4.5.14 (Java/17.0.9)[\r][\n]"
22:57:29.327 [pool-2-thread-47] DEBUG org.apache.http.wire -- http-outgoing-49 >> "Accept-Encoding: gzip,deflate[\r][\n]"
22:57:29.318 [pool-2-thread-44] DEBUG org.apache.http.wire -- http-outgoing-17 >> "Content-Type: application/json; charset=UTF-8[\r][\n]"
22:57:29.328 [pool-2-thread-47] DEBUG org.apache.http.wire -- http-outgoing-49 >> "[\r][\n]"
22:57:29.328 [pool-2-thread-47] DEBUG org.apache.http.wire -- http-outgoing-49 >> "{"email":"testit3@gmail.com","password":"Password123"}"
22:57:29.318 [pool-2-thread-19] DEBUG org.apache.http.wire -- http-outgoing-27 >> "{"email":"testit@gmail.com","password":"Password123"}"
22:57:29.318 [pool-2-thread-80] DEBUG org.apache.http.impl.conn.DefaultManagedHttpClientConnection -- http-outgoing-73: set socket timeout to 30000
22:57:29.328 [pool-2-thread-80] DEBUG org.apache.http.impl.execchain.MainClientExec -- Executing request POST /auth/login HTTP/1.1
22:57:29.328 [pool-2-thread-80] DEBUG org.apache.http.impl.execchain.MainClientExec -- Target auth state: UNCHALLENGED
22:57:29.328 [pool-2-thread-80] DEBUG org.apache.http.impl.execchain.MainClientExec -- Proxy auth state: UNCHALLENGED
22:57:29.318 [pool-2-thread-74] DEBUG org.apache.http.headers -- http-outgoing-83 >> Content-Length: 54
22:57:29.328 [pool-2-thread-74] DEBUG org.apache.http.headers -- http-outgoing-83 >> Host: localhost:3000
22:57:29.328 [pool-2-thread-74] DEBUG org.apache.http.headers -- http-outgoing-83 >> Connection: Keep-Alive
22:57:29.329 [pool-2-thread-74] DEBUG org.apache.http.headers -- http-outgoing-83 >> User-Agent: Apache-HttpClient/4.5.14 (Java/17.0.9)
22:57:29.329 [pool-2-thread-74] DEBUG org.apache.http.headers -- http-outgoing-83 >> Accept-Encoding: gzip,deflate
22:57:29.329 [pool-2-thread-74] DEBUG org.apache.http.wire -- http-outgoing-83 >> "POST /auth/login HTTP/1.1[\r][\n]"
22:57:29.329 [pool-2-thread-74] DEBUG org.apache.http.wire -- http-outgoing-83 >> "Content-Type: application/json; charset=UTF-8[\r][\n]"
22:57:29.329 [pool-2-thread-74] DEBUG org.apache.http.wire -- http-outgoing-83 >> "Content-Length: 54[\r][\n]"
22:57:29.329 [pool-2-thread-74] DEBUG org.apache.http.wire -- http-outgoing-83 >> "Host: localhost:3000[\r][\n]"
22:57:29.329 [pool-2-thread-74] DEBUG org.apache.http.wire -- http-outgoing-83 >> "Connection: Keep-Alive[\r][\n]"
22:57:29.329 [pool-2-thread-74] DEBUG org.apache.http.wire -- http-outgoing-83 >> "User-Agent: Apache-HttpClient/4.5.14 (Java/17.0.9)[\r][\n]"
22:57:29.329 [pool-2-thread-74] DEBUG org.apache.http.wire -- http-outgoing-83 >> "Accept-Encoding: gzip,deflate[\r][\n]"
22:57:29.329 [pool-2-thread-74] DEBUG org.apache.http.wire -- http-outgoing-83 >> "[\r][\n]"
22:57:29.329 [pool-2-thread-74] DEBUG org.apache.http.wire -- http-outgoing-83 >> "{"email":"test2@example.com","password":"Password123"}"
22:57:29.329 [pool-2-thread-80] DEBUG org.apache.http.headers -- http-outgoing-73 >> POST /auth/login HTTP/1.1
22:57:29.329 [pool-2-thread-80] DEBUG org.apache.http.headers -- http-outgoing-73 >> Content-Type: application/json; charset=UTF-8
22:57:29.329 [pool-2-thread-80] DEBUG org.apache.http.headers -- http-outgoing-73 >> Content-Length: 54
22:57:29.329 [pool-2-thread-80] DEBUG org.apache.http.headers -- http-outgoing-73 >> Host: localhost:3000
22:57:29.329 [pool-2-thread-80] DEBUG org.apache.http.headers -- http-outgoing-73 >> Connection: Keep-Alive
22:57:29.329 [pool-2-thread-80] DEBUG org.apache.http.headers -- http-outgoing-73 >> User-Agent: Apache-HttpClient/4.5.14 (Java/17.0.9)
22:57:29.329 [pool-2-thread-80] DEBUG org.apache.http.headers -- http-outgoing-73 >> Accept-Encoding: gzip,deflate
22:57:29.329 [pool-2-thread-80] DEBUG org.apache.http.wire -- http-outgoing-73 >> "POST /auth/login HTTP/1.1[\r][\n]"
22:57:29.329 [pool-2-thread-80] DEBUG org.apache.http.wire -- http-outgoing-73 >> "Content-Type: application/json; charset=UTF-8[\r][\n]"
22:57:29.329 [pool-2-thread-80] DEBUG org.apache.http.wire -- http-outgoing-73 >> "Content-Length: 54[\r][\n]"
22:57:29.329 [pool-2-thread-80] DEBUG org.apache.http.wire -- http-outgoing-73 >> "Host: localhost:3000[\r][\n]"
22:57:29.329 [pool-2-thread-80] DEBUG org.apache.http.wire -- http-outgoing-73 >> "Connection: Keep-Alive[\r][\n]"
22:57:29.318 [pool-2-thread-56] DEBUG org.apache.http.impl.conn.DefaultManagedHttpClientConnection -- http-outgoing-22: set socket timeout to 30000
22:57:29.329 [pool-2-thread-56] DEBUG org.apache.http.impl.execchain.MainClientExec -- Executing request POST /auth/login HTTP/1.1
22:57:29.329 [pool-2-thread-56] DEBUG org.apache.http.impl.execchain.MainClientExec -- Target auth state: UNCHALLENGED
22:57:29.329 [pool-2-thread-56] DEBUG org.apache.http.impl.execchain.MainClientExec -- Proxy auth state: UNCHALLENGED
22:57:29.329 [pool-2-thread-56] DEBUG org.apache.http.headers -- http-outgoing-22 >> POST /auth/login HTTP/1.1
22:57:29.329 [pool-2-thread-56] DEBUG org.apache.http.headers -- http-outgoing-22 >> Content-Type: application/json; charset=UTF-8
22:57:29.329 [pool-2-thread-56] DEBUG org.apache.http.headers -- http-outgoing-22 >> Content-Length: 54
22:57:29.329 [pool-2-thread-56] DEBUG org.apache.http.headers -- http-outgoing-22 >> Host: localhost:3000
22:57:29.329 [pool-2-thread-56] DEBUG org.apache.http.headers -- http-outgoing-22 >> Connection: Keep-Alive
22:57:29.329 [pool-2-thread-56] DEBUG org.apache.http.headers -- http-outgoing-22 >> User-Agent: Apache-HttpClient/4.5.14 (Java/17.0.9)
22:57:29.329 [pool-2-thread-56] DEBUG org.apache.http.headers -- http-outgoing-22 >> Accept-Encoding: gzip,deflate
22:57:29.318 [pool-2-thread-63] DEBUG org.apache.http.impl.execchain.MainClientExec -- Executing request POST /auth/login HTTP/1.1
22:57:29.329 [pool-2-thread-63] DEBUG org.apache.http.impl.execchain.MainClientExec -- Target auth state: UNCHALLENGED
22:57:29.329 [pool-2-thread-63] DEBUG org.apache.http.impl.execchain.MainClientExec -- Proxy auth state: UNCHALLENGED
22:57:29.329 [pool-2-thread-63] DEBUG org.apache.http.headers -- http-outgoing-91 >> POST /auth/login HTTP/1.1
22:57:29.329 [pool-2-thread-63] DEBUG org.apache.http.headers -- http-outgoing-91 >> Content-Type: application/json; charset=UTF-8
22:57:29.329 [pool-2-thread-63] DEBUG org.apache.http.headers -- http-outgoing-91 >> Content-Length: 53
22:57:29.329 [pool-2-thread-63] DEBUG org.apache.http.headers -- http-outgoing-91 >> Host: localhost:3000
22:57:29.329 [pool-2-thread-63] DEBUG org.apache.http.headers -- http-outgoing-91 >> Connection: Keep-Alive
22:57:29.329 [pool-2-thread-63] DEBUG org.apache.http.headers -- http-outgoing-91 >> User-Agent: Apache-HttpClient/4.5.14 (Java/17.0.9)
22:57:29.330 [pool-2-thread-63] DEBUG org.apache.http.headers -- http-outgoing-91 >> Accept-Encoding: gzip,deflate
22:57:29.330 [pool-2-thread-63] DEBUG org.apache.http.wire -- http-outgoing-91 >> "POST /auth/login HTTP/1.1[\r][\n]"
22:57:29.330 [pool-2-thread-63] DEBUG org.apache.http.wire -- http-outgoing-91 >> "Content-Type: application/json; charset=UTF-8[\r][\n]"
22:57:29.330 [pool-2-thread-63] DEBUG org.apache.http.wire -- http-outgoing-91 >> "Content-Length: 53[\r][\n]"
22:57:29.330 [pool-2-thread-63] DEBUG org.apache.http.wire -- http-outgoing-91 >> "Host: localhost:3000[\r][\n]"
22:57:29.330 [pool-2-thread-63] DEBUG org.apache.http.wire -- http-outgoing-91 >> "Connection: Keep-Alive[\r][\n]"
22:57:29.330 [pool-2-thread-63] DEBUG org.apache.http.wire -- http-outgoing-91 >> "User-Agent: Apache-HttpClient/4.5.14 (Java/17.0.9)[\r][\n]"
22:57:29.330 [pool-2-thread-63] DEBUG org.apache.http.wire -- http-outgoing-91 >> "Accept-Encoding: gzip,deflate[\r][\n]"
22:57:29.330 [pool-2-thread-63] DEBUG org.apache.http.wire -- http-outgoing-91 >> "[\r][\n]"
22:57:29.330 [pool-2-thread-63] DEBUG org.apache.http.wire -- http-outgoing-91 >> "{"email":"test@example.com","password":"Password123"}"
22:57:29.318 [pool-2-thread-42] DEBUG org.apache.http.impl.execchain.MainClientExec -- Executing request POST /auth/login HTTP/1.1
22:57:29.330 [pool-2-thread-42] DEBUG org.apache.http.impl.execchain.MainClientExec -- Target auth state: UNCHALLENGED
22:57:29.330 [pool-2-thread-42] DEBUG org.apache.http.impl.execchain.MainClientExec -- Proxy auth state: UNCHALLENGED
22:57:29.330 [pool-2-thread-42] DEBUG org.apache.http.headers -- http-outgoing-55 >> POST /auth/login HTTP/1.1
22:57:29.330 [pool-2-thread-42] DEBUG org.apache.http.headers -- http-outgoing-55 >> Content-Type: application/json; charset=UTF-8
22:57:29.330 [pool-2-thread-42] DEBUG org.apache.http.headers -- http-outgoing-55 >> Content-Length: 48
22:57:29.330 [pool-2-thread-42] DEBUG org.apache.http.headers -- http-outgoing-55 >> Host: localhost:3000
22:57:29.330 [pool-2-thread-42] DEBUG org.apache.http.headers -- http-outgoing-55 >> Connection: Keep-Alive
22:57:29.330 [pool-2-thread-42] DEBUG org.apache.http.headers -- http-outgoing-55 >> User-Agent: Apache-HttpClient/4.5.14 (Java/17.0.9)
22:57:29.330 [pool-2-thread-42] DEBUG org.apache.http.headers -- http-outgoing-55 >> Accept-Encoding: gzip,deflate
22:57:29.330 [pool-2-thread-42] DEBUG org.apache.http.wire -- http-outgoing-55 >> "POST /auth/login HTTP/1.1[\r][\n]"
22:57:29.330 [pool-2-thread-42] DEBUG org.apache.http.wire -- http-outgoing-55 >> "Content-Type: application/json; charset=UTF-8[\r][\n]"
22:57:29.330 [pool-2-thread-42] DEBUG org.apache.http.wire -- http-outgoing-55 >> "Content-Length: 48[\r][\n]"
22:57:29.330 [pool-2-thread-42] DEBUG org.apache.http.wire -- http-outgoing-55 >> "Host: localhost:3000[\r][\n]"
22:57:29.330 [pool-2-thread-42] DEBUG org.apache.http.wire -- http-outgoing-55 >> "Connection: Keep-Alive[\r][\n]"
22:57:29.330 [pool-2-thread-42] DEBUG org.apache.http.wire -- http-outgoing-55 >> "User-Agent: Apache-HttpClient/4.5.14 (Java/17.0.9)[\r][\n]"
22:57:29.330 [pool-2-thread-42] DEBUG org.apache.http.wire -- http-outgoing-55 >> "Accept-Encoding: gzip,deflate[\r][\n]"
22:57:29.330 [pool-2-thread-42] DEBUG org.apache.http.wire -- http-outgoing-55 >> "[\r][\n]"
22:57:29.330 [pool-2-thread-42] DEBUG org.apache.http.wire -- http-outgoing-55 >> "{"email":"quang1@gmail.com","password":"quang1"}"
22:57:29.318 [pool-2-thread-60] DEBUG org.apache.http.wire -- http-outgoing-21 >> "Connection: Keep-Alive[\r][\n]"
22:57:29.318 [pool-2-thread-26] DEBUG org.apache.http.impl.execchain.MainClientExec -- Proxy auth state: UNCHALLENGED
22:57:29.318 [pool-2-thread-33] DEBUG org.apache.http.headers -- http-outgoing-65 >> Connection: Keep-Alive
22:57:29.336 [pool-2-thread-26] DEBUG org.apache.http.headers -- http-outgoing-92 >> POST /auth/login HTTP/1.1
22:57:29.318 [pool-2-thread-79] DEBUG org.apache.http.impl.execchain.MainClientExec -- Executing request POST /auth/login HTTP/1.1
22:57:29.318 [pool-2-thread-78] DEBUG org.apache.http.headers -- http-outgoing-6 >> POST /auth/login HTTP/1.1
22:57:29.337 [pool-2-thread-78] DEBUG org.apache.http.headers -- http-outgoing-6 >> Content-Type: application/json; charset=UTF-8
22:57:29.337 [pool-2-thread-78] DEBUG org.apache.http.headers -- http-outgoing-6 >> Content-Length: 54
22:57:29.337 [pool-2-thread-78] DEBUG org.apache.http.headers -- http-outgoing-6 >> Host: localhost:3000
22:57:29.337 [pool-2-thread-78] DEBUG org.apache.http.headers -- http-outgoing-6 >> Connection: Keep-Alive
22:57:29.337 [pool-2-thread-78] DEBUG org.apache.http.headers -- http-outgoing-6 >> User-Agent: Apache-HttpClient/4.5.14 (Java/17.0.9)
22:57:29.337 [pool-2-thread-78] DEBUG org.apache.http.headers -- http-outgoing-6 >> Accept-Encoding: gzip,deflate
22:57:29.318 [pool-2-thread-32] DEBUG org.apache.http.impl.execchain.MainClientExec -- Executing request POST /auth/login HTTP/1.1
22:57:29.337 [pool-2-thread-32] DEBUG org.apache.http.impl.execchain.MainClientExec -- Target auth state: UNCHALLENGED
22:57:29.337 [pool-2-thread-32] DEBUG org.apache.http.impl.execchain.MainClientExec -- Proxy auth state: UNCHALLENGED
22:57:29.337 [pool-2-thread-32] DEBUG org.apache.http.headers -- http-outgoing-13 >> POST /auth/login HTTP/1.1
22:57:29.337 [pool-2-thread-32] DEBUG org.apache.http.headers -- http-outgoing-13 >> Content-Type: application/json; charset=UTF-8
22:57:29.337 [pool-2-thread-32] DEBUG org.apache.http.headers -- http-outgoing-13 >> Content-Length: 48
22:57:29.337 [pool-2-thread-32] DEBUG org.apache.http.headers -- http-outgoing-13 >> Host: localhost:3000
22:57:29.337 [pool-2-thread-32] DEBUG org.apache.http.headers -- http-outgoing-13 >> Connection: Keep-Alive
22:57:29.337 [pool-2-thread-32] DEBUG org.apache.http.headers -- http-outgoing-13 >> User-Agent: Apache-HttpClient/4.5.14 (Java/17.0.9)
22:57:29.337 [pool-2-thread-32] DEBUG org.apache.http.headers -- http-outgoing-13 >> Accept-Encoding: gzip,deflate
22:57:29.337 [pool-2-thread-32] DEBUG org.apache.http.wire -- http-outgoing-13 >> "POST /auth/login HTTP/1.1[\r][\n]"
22:57:29.337 [pool-2-thread-32] DEBUG org.apache.http.wire -- http-outgoing-13 >> "Content-Type: application/json; charset=UTF-8[\r][\n]"
22:57:29.337 [pool-2-thread-32] DEBUG org.apache.http.wire -- http-outgoing-13 >> "Content-Length: 48[\r][\n]"
22:57:29.337 [pool-2-thread-32] DEBUG org.apache.http.wire -- http-outgoing-13 >> "Host: localhost:3000[\r][\n]"
22:57:29.337 [pool-2-thread-32] DEBUG org.apache.http.wire -- http-outgoing-13 >> "Connection: Keep-Alive[\r][\n]"
22:57:29.337 [pool-2-thread-32] DEBUG org.apache.http.wire -- http-outgoing-13 >> "User-Agent: Apache-HttpClient/4.5.14 (Java/17.0.9)[\r][\n]"
22:57:29.337 [pool-2-thread-32] DEBUG org.apache.http.wire -- http-outgoing-13 >> "Accept-Encoding: gzip,deflate[\r][\n]"
22:57:29.337 [pool-2-thread-32] DEBUG org.apache.http.wire -- http-outgoing-13 >> "[\r][\n]"
22:57:29.337 [pool-2-thread-32] DEBUG org.apache.http.wire -- http-outgoing-13 >> "{"email":"quang1@gmail.com","password":"quang1"}"
22:57:29.318 [pool-2-thread-34] DEBUG org.apache.http.impl.execchain.MainClientExec -- Target auth state: UNCHALLENGED
22:57:29.337 [pool-2-thread-34] DEBUG org.apache.http.impl.execchain.MainClientExec -- Proxy auth state: UNCHALLENGED
22:57:29.337 [pool-2-thread-34] DEBUG org.apache.http.headers -- http-outgoing-30 >> POST /auth/login HTTP/1.1
22:57:29.337 [pool-2-thread-34] DEBUG org.apache.http.headers -- http-outgoing-30 >> Content-Type: application/json; charset=UTF-8
22:57:29.337 [pool-2-thread-34] DEBUG org.apache.http.headers -- http-outgoing-30 >> Content-Length: 54
22:57:29.337 [pool-2-thread-34] DEBUG org.apache.http.headers -- http-outgoing-30 >> Host: localhost:3000
22:57:29.337 [pool-2-thread-34] DEBUG org.apache.http.headers -- http-outgoing-30 >> Connection: Keep-Alive
22:57:29.337 [pool-2-thread-34] DEBUG org.apache.http.headers -- http-outgoing-30 >> User-Agent: Apache-HttpClient/4.5.14 (Java/17.0.9)
22:57:29.337 [pool-2-thread-34] DEBUG org.apache.http.headers -- http-outgoing-30 >> Accept-Encoding: gzip,deflate
22:57:29.337 [pool-2-thread-34] DEBUG org.apache.http.wire -- http-outgoing-30 >> "POST /auth/login HTTP/1.1[\r][\n]"
22:57:29.318 [pool-2-thread-45] DEBUG org.apache.http.headers -- http-outgoing-72 >> Content-Type: application/json; charset=UTF-8
22:57:29.318 [pool-2-thread-86] DEBUG org.apache.http.impl.execchain.MainClientExec -- Proxy auth state: UNCHALLENGED
22:57:29.338 [pool-2-thread-86] DEBUG org.apache.http.headers -- http-outgoing-10 >> POST /auth/login HTTP/1.1
22:57:29.338 [pool-2-thread-86] DEBUG org.apache.http.headers -- http-outgoing-10 >> Content-Type: application/json; charset=UTF-8
22:57:29.338 [pool-2-thread-86] DEBUG org.apache.http.headers -- http-outgoing-10 >> Content-Length: 54
22:57:29.338 [pool-2-thread-86] DEBUG org.apache.http.headers -- http-outgoing-10 >> Host: localhost:3000
22:57:29.338 [pool-2-thread-86] DEBUG org.apache.http.headers -- http-outgoing-10 >> Connection: Keep-Alive
22:57:29.338 [pool-2-thread-86] DEBUG org.apache.http.headers -- http-outgoing-10 >> User-Agent: Apache-HttpClient/4.5.14 (Java/17.0.9)
22:57:29.338 [pool-2-thread-86] DEBUG org.apache.http.headers -- http-outgoing-10 >> Accept-Encoding: gzip,deflate
22:57:29.319 [pool-2-thread-92] DEBUG org.apache.http.headers -- http-outgoing-24 >> Content-Type: application/json; charset=UTF-8
22:57:29.338 [pool-2-thread-92] DEBUG org.apache.http.headers -- http-outgoing-24 >> Content-Length: 48
22:57:29.338 [pool-2-thread-92] DEBUG org.apache.http.headers -- http-outgoing-24 >> Host: localhost:3000
22:57:29.338 [pool-2-thread-92] DEBUG org.apache.http.headers -- http-outgoing-24 >> Connection: Keep-Alive
22:57:29.338 [pool-2-thread-92] DEBUG org.apache.http.headers -- http-outgoing-24 >> User-Agent: Apache-HttpClient/4.5.14 (Java/17.0.9)
22:57:29.338 [pool-2-thread-92] DEBUG org.apache.http.headers -- http-outgoing-24 >> Accept-Encoding: gzip,deflate
22:57:29.319 [pool-2-thread-6] DEBUG org.apache.http.headers -- http-outgoing-45 >> Connection: Keep-Alive
22:57:29.338 [pool-2-thread-6] DEBUG org.apache.http.headers -- http-outgoing-45 >> User-Agent: Apache-HttpClient/4.5.14 (Java/17.0.9)
22:57:29.319 [pool-2-thread-97] DEBUG org.apache.http.headers -- http-outgoing-36 >> POST /auth/login HTTP/1.1
22:57:29.338 [pool-2-thread-97] DEBUG org.apache.http.headers -- http-outgoing-36 >> Content-Type: application/json; charset=UTF-8
22:57:29.338 [pool-2-thread-97] DEBUG org.apache.http.headers -- http-outgoing-36 >> Content-Length: 54
22:57:29.338 [pool-2-thread-97] DEBUG org.apache.http.headers -- http-outgoing-36 >> Host: localhost:3000
22:57:29.338 [pool-2-thread-97] DEBUG org.apache.http.headers -- http-outgoing-36 >> Connection: Keep-Alive
22:57:29.338 [pool-2-thread-97] DEBUG org.apache.http.headers -- http-outgoing-36 >> User-Agent: Apache-HttpClient/4.5.14 (Java/17.0.9)
22:57:29.338 [pool-2-thread-97] DEBUG org.apache.http.headers -- http-outgoing-36 >> Accept-Encoding: gzip,deflate
22:57:29.338 [pool-2-thread-97] DEBUG org.apache.http.wire -- http-outgoing-36 >> "POST /auth/login HTTP/1.1[\r][\n]"
22:57:29.338 [pool-2-thread-97] DEBUG org.apache.http.wire -- http-outgoing-36 >> "Content-Type: application/json; charset=UTF-8[\r][\n]"
22:57:29.338 [pool-2-thread-97] DEBUG org.apache.http.wire -- http-outgoing-36 >> "Content-Length: 54[\r][\n]"
22:57:29.338 [pool-2-thread-97] DEBUG org.apache.http.wire -- http-outgoing-36 >> "Host: localhost:3000[\r][\n]"
22:57:29.338 [pool-2-thread-97] DEBUG org.apache.http.wire -- http-outgoing-36 >> "Connection: Keep-Alive[\r][\n]"
22:57:29.338 [pool-2-thread-97] DEBUG org.apache.http.wire -- http-outgoing-36 >> "User-Agent: Apache-HttpClient/4.5.14 (Java/17.0.9)[\r][\n]"
22:57:29.338 [pool-2-thread-97] DEBUG org.apache.http.wire -- http-outgoing-36 >> "Accept-Encoding: gzip,deflate[\r][\n]"
22:57:29.338 [pool-2-thread-97] DEBUG org.apache.http.wire -- http-outgoing-36 >> "[\r][\n]"
22:57:29.338 [pool-2-thread-97] DEBUG org.apache.http.wire -- http-outgoing-36 >> "{"email":"testit3@gmail.com","password":"Password123"}"
22:57:29.319 [pool-2-thread-23] DEBUG org.apache.http.headers -- http-outgoing-63 >> Accept-Encoding: gzip,deflate
22:57:29.338 [pool-2-thread-23] DEBUG org.apache.http.wire -- http-outgoing-63 >> "POST /auth/login HTTP/1.1[\r][\n]"
22:57:29.338 [pool-2-thread-23] DEBUG org.apache.http.wire -- http-outgoing-63 >> "Content-Type: application/json; charset=UTF-8[\r][\n]"
22:57:29.338 [pool-2-thread-23] DEBUG org.apache.http.wire -- http-outgoing-63 >> "Content-Length: 53[\r][\n]"
22:57:29.339 [pool-2-thread-23] DEBUG org.apache.http.wire -- http-outgoing-63 >> "Host: localhost:3000[\r][\n]"
22:57:29.339 [pool-2-thread-23] DEBUG org.apache.http.wire -- http-outgoing-63 >> "Connection: Keep-Alive[\r][\n]"
22:57:29.339 [pool-2-thread-23] DEBUG org.apache.http.wire -- http-outgoing-63 >> "User-Agent: Apache-HttpClient/4.5.14 (Java/17.0.9)[\r][\n]"
22:57:29.339 [pool-2-thread-23] DEBUG org.apache.http.wire -- http-outgoing-63 >> "Accept-Encoding: gzip,deflate[\r][\n]"
22:57:29.339 [pool-2-thread-23] DEBUG org.apache.http.wire -- http-outgoing-63 >> "[\r][\n]"
22:57:29.339 [pool-2-thread-23] DEBUG org.apache.http.wire -- http-outgoing-63 >> "{"email":"test@example.com","password":"Password123"}"
22:57:29.319 [pool-2-thread-73] DEBUG org.apache.http.wire -- http-outgoing-44 >> "Content-Type: application/json; charset=UTF-8[\r][\n]"
22:57:29.339 [pool-2-thread-73] DEBUG org.apache.http.wire -- http-outgoing-44 >> "Content-Length: 53[\r][\n]"
22:57:29.339 [pool-2-thread-73] DEBUG org.apache.http.wire -- http-outgoing-44 >> "Host: localhost:3000[\r][\n]"
22:57:29.339 [pool-2-thread-73] DEBUG org.apache.http.wire -- http-outgoing-44 >> "Connection: Keep-Alive[\r][\n]"
22:57:29.339 [pool-2-thread-73] DEBUG org.apache.http.wire -- http-outgoing-44 >> "User-Agent: Apache-HttpClient/4.5.14 (Java/17.0.9)[\r][\n]"
22:57:29.339 [pool-2-thread-73] DEBUG org.apache.http.wire -- http-outgoing-44 >> "Accept-Encoding: gzip,deflate[\r][\n]"
22:57:29.339 [pool-2-thread-73] DEBUG org.apache.http.wire -- http-outgoing-44 >> "[\r][\n]"
22:57:29.339 [pool-2-thread-73] DEBUG org.apache.http.wire -- http-outgoing-44 >> "{"email":"test@example.com","password":"Password123"}"
22:57:29.319 [pool-2-thread-62] DEBUG org.apache.http.headers -- http-outgoing-4 >> User-Agent: Apache-HttpClient/4.5.14 (Java/17.0.9)
22:57:29.339 [pool-2-thread-62] DEBUG org.apache.http.headers -- http-outgoing-4 >> Accept-Encoding: gzip,deflate
22:57:29.339 [pool-2-thread-62] DEBUG org.apache.http.wire -- http-outgoing-4 >> "POST /auth/login HTTP/1.1[\r][\n]"
22:57:29.319 [pool-2-thread-50] DEBUG org.apache.http.headers -- http-outgoing-3 >> Content-Type: application/json; charset=UTF-8
22:57:29.319 [pool-2-thread-81] DEBUG org.apache.http.wire -- http-outgoing-35 >> "[\r][\n]"
22:57:29.319 [pool-2-thread-1] DEBUG org.apache.http.impl.execchain.MainClientExec -- Target auth state: UNCHALLENGED
22:57:29.319 [pool-2-thread-2] DEBUG org.apache.http.impl.execchain.MainClientExec -- Proxy auth state: UNCHALLENGED
22:57:29.339 [pool-2-thread-1] DEBUG org.apache.http.impl.execchain.MainClientExec -- Proxy auth state: UNCHALLENGED
22:57:29.339 [pool-2-thread-1] DEBUG org.apache.http.headers -- http-outgoing-84 >> POST /auth/login HTTP/1.1
22:57:29.319 [pool-2-thread-66] DEBUG org.apache.http.headers -- http-outgoing-97 >> POST /auth/login HTTP/1.1
22:57:29.339 [pool-2-thread-66] DEBUG org.apache.http.headers -- http-outgoing-97 >> Content-Type: application/json; charset=UTF-8
22:57:29.339 [pool-2-thread-66] DEBUG org.apache.http.headers -- http-outgoing-97 >> Content-Length: 54
22:57:29.339 [pool-2-thread-66] DEBUG org.apache.http.headers -- http-outgoing-97 >> Host: localhost:3000
22:57:29.339 [pool-2-thread-66] DEBUG org.apache.http.headers -- http-outgoing-97 >> Connection: Keep-Alive
22:57:29.339 [pool-2-thread-66] DEBUG org.apache.http.headers -- http-outgoing-97 >> User-Agent: Apache-HttpClient/4.5.14 (Java/17.0.9)
22:57:29.339 [pool-2-thread-66] DEBUG org.apache.http.headers -- http-outgoing-97 >> Accept-Encoding: gzip,deflate
22:57:29.339 [pool-2-thread-66] DEBUG org.apache.http.wire -- http-outgoing-97 >> "POST /auth/login HTTP/1.1[\r][\n]"
22:57:29.339 [pool-2-thread-66] DEBUG org.apache.http.wire -- http-outgoing-97 >> "Content-Type: application/json; charset=UTF-8[\r][\n]"
22:57:29.339 [pool-2-thread-66] DEBUG org.apache.http.wire -- http-outgoing-97 >> "Content-Length: 54[\r][\n]"
22:57:29.339 [pool-2-thread-66] DEBUG org.apache.http.wire -- http-outgoing-97 >> "Host: localhost:3000[\r][\n]"
22:57:29.339 [pool-2-thread-66] DEBUG org.apache.http.wire -- http-outgoing-97 >> "Connection: Keep-Alive[\r][\n]"
22:57:29.339 [pool-2-thread-66] DEBUG org.apache.http.wire -- http-outgoing-97 >> "User-Agent: Apache-HttpClient/4.5.14 (Java/17.0.9)[\r][\n]"
22:57:29.319 [pool-2-thread-8] DEBUG org.apache.http.impl.conn.DefaultManagedHttpClientConnection -- http-outgoing-38: set socket timeout to 30000
22:57:29.319 [pool-2-thread-55] DEBUG org.apache.http.headers -- http-outgoing-0 >> Accept-Encoding: gzip,deflate
22:57:29.339 [pool-2-thread-55] DEBUG org.apache.http.wire -- http-outgoing-0 >> "POST /auth/login HTTP/1.1[\r][\n]"
22:57:29.339 [pool-2-thread-55] DEBUG org.apache.http.wire -- http-outgoing-0 >> "Content-Type: application/json; charset=UTF-8[\r][\n]"
22:57:29.339 [pool-2-thread-55] DEBUG org.apache.http.wire -- http-outgoing-0 >> "Content-Length: 55[\r][\n]"
22:57:29.339 [pool-2-thread-55] DEBUG org.apache.http.wire -- http-outgoing-0 >> "Host: localhost:3000[\r][\n]"
22:57:29.339 [pool-2-thread-55] DEBUG org.apache.http.wire -- http-outgoing-0 >> "Connection: Keep-Alive[\r][\n]"
22:57:29.339 [pool-2-thread-55] DEBUG org.apache.http.wire -- http-outgoing-0 >> "User-Agent: Apache-HttpClient/4.5.14 (Java/17.0.9)[\r][\n]"
22:57:29.339 [pool-2-thread-55] DEBUG org.apache.http.wire -- http-outgoing-0 >> "Accept-Encoding: gzip,deflate[\r][\n]"
22:57:29.339 [pool-2-thread-55] DEBUG org.apache.http.wire -- http-outgoing-0 >> "[\r][\n]"
22:57:29.339 [pool-2-thread-55] DEBUG org.apache.http.wire -- http-outgoing-0 >> "{"email":"test28@example.com","password":"Password123"}"
22:57:29.339 [pool-2-thread-8] DEBUG org.apache.http.impl.execchain.MainClientExec -- Executing request POST /auth/login HTTP/1.1
22:57:29.340 [pool-2-thread-8] DEBUG org.apache.http.impl.execchain.MainClientExec -- Target auth state: UNCHALLENGED
22:57:29.340 [pool-2-thread-8] DEBUG org.apache.http.impl.execchain.MainClientExec -- Proxy auth state: UNCHALLENGED
22:57:29.340 [pool-2-thread-8] DEBUG org.apache.http.headers -- http-outgoing-38 >> POST /auth/login HTTP/1.1
22:57:29.340 [pool-2-thread-8] DEBUG org.apache.http.headers -- http-outgoing-38 >> Content-Type: application/json; charset=UTF-8
22:57:29.340 [pool-2-thread-8] DEBUG org.apache.http.headers -- http-outgoing-38 >> Content-Length: 54
22:57:29.340 [pool-2-thread-8] DEBUG org.apache.http.headers -- http-outgoing-38 >> Host: localhost:3000
22:57:29.340 [pool-2-thread-8] DEBUG org.apache.http.headers -- http-outgoing-38 >> Connection: Keep-Alive
22:57:29.340 [pool-2-thread-8] DEBUG org.apache.http.headers -- http-outgoing-38 >> User-Agent: Apache-HttpClient/4.5.14 (Java/17.0.9)
22:57:29.319 [pool-2-thread-57] DEBUG org.apache.http.impl.execchain.MainClientExec -- Proxy auth state: UNCHALLENGED
22:57:29.340 [pool-2-thread-57] DEBUG org.apache.http.headers -- http-outgoing-64 >> POST /auth/login HTTP/1.1
22:57:29.340 [pool-2-thread-57] DEBUG org.apache.http.headers -- http-outgoing-64 >> Content-Type: application/json; charset=UTF-8
22:57:29.319 [pool-2-thread-20] DEBUG org.apache.http.headers -- http-outgoing-78 >> Content-Length: 54
22:57:29.319 [pool-2-thread-14] DEBUG org.apache.http.impl.execchain.MainClientExec -- Proxy auth state: UNCHALLENGED
22:57:29.340 [pool-2-thread-20] DEBUG org.apache.http.headers -- http-outgoing-78 >> Host: localhost:3000
22:57:29.340 [pool-2-thread-20] DEBUG org.apache.http.headers -- http-outgoing-78 >> Connection: Keep-Alive
22:57:29.340 [pool-2-thread-20] DEBUG org.apache.http.headers -- http-outgoing-78 >> User-Agent: Apache-HttpClient/4.5.14 (Java/17.0.9)
22:57:29.340 [pool-2-thread-20] DEBUG org.apache.http.headers -- http-outgoing-78 >> Accept-Encoding: gzip,deflate
22:57:29.319 [pool-2-thread-69] DEBUG org.apache.http.wire -- http-outgoing-46 >> "Content-Type: application/json; charset=UTF-8[\r][\n]"
22:57:29.340 [pool-2-thread-69] DEBUG org.apache.http.wire -- http-outgoing-46 >> "Content-Length: 53[\r][\n]"
22:57:29.340 [pool-2-thread-20] DEBUG org.apache.http.wire -- http-outgoing-78 >> "POST /auth/login HTTP/1.1[\r][\n]"
22:57:29.340 [pool-2-thread-20] DEBUG org.apache.http.wire -- http-outgoing-78 >> "Content-Type: application/json; charset=UTF-8[\r][\n]"
22:57:29.340 [pool-2-thread-20] DEBUG org.apache.http.wire -- http-outgoing-78 >> "Content-Length: 54[\r][\n]"
22:57:29.340 [pool-2-thread-20] DEBUG org.apache.http.wire -- http-outgoing-78 >> "Host: localhost:3000[\r][\n]"
22:57:29.340 [pool-2-thread-20] DEBUG org.apache.http.wire -- http-outgoing-78 >> "Connection: Keep-Alive[\r][\n]"
22:57:29.340 [pool-2-thread-20] DEBUG org.apache.http.wire -- http-outgoing-78 >> "User-Agent: Apache-HttpClient/4.5.14 (Java/17.0.9)[\r][\n]"
22:57:29.340 [pool-2-thread-20] DEBUG org.apache.http.wire -- http-outgoing-78 >> "Accept-Encoding: gzip,deflate[\r][\n]"
22:57:29.340 [pool-2-thread-20] DEBUG org.apache.http.wire -- http-outgoing-78 >> "[\r][\n]"
22:57:29.340 [pool-2-thread-20] DEBUG org.apache.http.wire -- http-outgoing-78 >> "{"email":"testit2@gmail.com","password":"Password123"}"
22:57:29.319 [pool-2-thread-37] DEBUG org.apache.http.headers -- http-outgoing-43 >> Host: localhost:3000
22:57:29.340 [pool-2-thread-37] DEBUG org.apache.http.headers -- http-outgoing-43 >> Connection: Keep-Alive
22:57:29.340 [pool-2-thread-37] DEBUG org.apache.http.headers -- http-outgoing-43 >> User-Agent: Apache-HttpClient/4.5.14 (Java/17.0.9)
22:57:29.340 [pool-2-thread-37] DEBUG org.apache.http.headers -- http-outgoing-43 >> Accept-Encoding: gzip,deflate
22:57:29.340 [pool-2-thread-37] DEBUG org.apache.http.wire -- http-outgoing-43 >> "POST /auth/login HTTP/1.1[\r][\n]"
22:57:29.340 [pool-2-thread-37] DEBUG org.apache.http.wire -- http-outgoing-43 >> "Content-Type: application/json; charset=UTF-8[\r][\n]"
22:57:29.341 [pool-2-thread-37] DEBUG org.apache.http.wire -- http-outgoing-43 >> "Content-Length: 54[\r][\n]"
22:57:29.341 [pool-2-thread-37] DEBUG org.apache.http.wire -- http-outgoing-43 >> "Host: localhost:3000[\r][\n]"
22:57:29.341 [pool-2-thread-37] DEBUG org.apache.http.wire -- http-outgoing-43 >> "Connection: Keep-Alive[\r][\n]"
22:57:29.341 [pool-2-thread-37] DEBUG org.apache.http.wire -- http-outgoing-43 >> "User-Agent: Apache-HttpClient/4.5.14 (Java/17.0.9)[\r][\n]"
22:57:29.319 [pool-2-thread-51] DEBUG org.apache.http.headers -- http-outgoing-76 >> Content-Length: 45
22:57:29.341 [pool-2-thread-51] DEBUG org.apache.http.headers -- http-outgoing-76 >> Host: localhost:3000
22:57:29.341 [pool-2-thread-51] DEBUG org.apache.http.headers -- http-outgoing-76 >> Connection: Keep-Alive
22:57:29.341 [pool-2-thread-51] DEBUG org.apache.http.headers -- http-outgoing-76 >> User-Agent: Apache-HttpClient/4.5.14 (Java/17.0.9)
22:57:29.341 [pool-2-thread-51] DEBUG org.apache.http.headers -- http-outgoing-76 >> Accept-Encoding: gzip,deflate
22:57:29.341 [pool-2-thread-51] DEBUG org.apache.http.wire -- http-outgoing-76 >> "POST /auth/login HTTP/1.1[\r][\n]"
22:57:29.341 [pool-2-thread-51] DEBUG org.apache.http.wire -- http-outgoing-76 >> "Content-Type: application/json; charset=UTF-8[\r][\n]"
22:57:29.341 [pool-2-thread-51] DEBUG org.apache.http.wire -- http-outgoing-76 >> "Content-Length: 45[\r][\n]"
22:57:29.341 [pool-2-thread-51] DEBUG org.apache.http.wire -- http-outgoing-76 >> "Host: localhost:3000[\r][\n]"
22:57:29.341 [pool-2-thread-51] DEBUG org.apache.http.wire -- http-outgoing-76 >> "Connection: Keep-Alive[\r][\n]"
22:57:29.341 [pool-2-thread-51] DEBUG org.apache.http.wire -- http-outgoing-76 >> "User-Agent: Apache-HttpClient/4.5.14 (Java/17.0.9)[\r][\n]"
22:57:29.341 [pool-2-thread-51] DEBUG org.apache.http.wire -- http-outgoing-76 >> "Accept-Encoding: gzip,deflate[\r][\n]"
22:57:29.341 [pool-2-thread-51] DEBUG org.apache.http.wire -- http-outgoing-76 >> "[\r][\n]"
22:57:29.341 [pool-2-thread-51] DEBUG org.apache.http.wire -- http-outgoing-76 >> "{"email":"nam@gmail.com","password":"123456"}"
22:57:29.319 [pool-2-thread-11] DEBUG org.apache.http.headers -- http-outgoing-18 >> POST /auth/login HTTP/1.1
22:57:29.342 [pool-2-thread-11] DEBUG org.apache.http.headers -- http-outgoing-18 >> Content-Type: application/json; charset=UTF-8
22:57:29.342 [pool-2-thread-11] DEBUG org.apache.http.headers -- http-outgoing-18 >> Content-Length: 45
22:57:29.342 [pool-2-thread-11] DEBUG org.apache.http.headers -- http-outgoing-18 >> Host: localhost:3000
22:57:29.342 [pool-2-thread-11] DEBUG org.apache.http.headers -- http-outgoing-18 >> Connection: Keep-Alive
22:57:29.342 [pool-2-thread-11] DEBUG org.apache.http.headers -- http-outgoing-18 >> User-Agent: Apache-HttpClient/4.5.14 (Java/17.0.9)
22:57:29.342 [pool-2-thread-11] DEBUG org.apache.http.headers -- http-outgoing-18 >> Accept-Encoding: gzip,deflate
22:57:29.342 [pool-2-thread-11] DEBUG org.apache.http.wire -- http-outgoing-18 >> "POST /auth/login HTTP/1.1[\r][\n]"
22:57:29.342 [pool-2-thread-11] DEBUG org.apache.http.wire -- http-outgoing-18 >> "Content-Type: application/json; charset=UTF-8[\r][\n]"
22:57:29.342 [pool-2-thread-11] DEBUG org.apache.http.wire -- http-outgoing-18 >> "Content-Length: 45[\r][\n]"
22:57:29.342 [pool-2-thread-11] DEBUG org.apache.http.wire -- http-outgoing-18 >> "Host: localhost:3000[\r][\n]"
22:57:29.342 [pool-2-thread-11] DEBUG org.apache.http.wire -- http-outgoing-18 >> "Connection: Keep-Alive[\r][\n]"
22:57:29.342 [pool-2-thread-11] DEBUG org.apache.http.wire -- http-outgoing-18 >> "User-Agent: Apache-HttpClient/4.5.14 (Java/17.0.9)[\r][\n]"
22:57:29.342 [pool-2-thread-11] DEBUG org.apache.http.wire -- http-outgoing-18 >> "Accept-Encoding: gzip,deflate[\r][\n]"
22:57:29.342 [pool-2-thread-11] DEBUG org.apache.http.wire -- http-outgoing-18 >> "[\r][\n]"
22:57:29.342 [pool-2-thread-11] DEBUG org.apache.http.wire -- http-outgoing-18 >> "{"email":"nam@gmail.com","password":"123456"}"
22:57:29.319 [pool-2-thread-98] DEBUG org.apache.http.impl.execchain.MainClientExec -- Target auth state: UNCHALLENGED
22:57:29.343 [pool-2-thread-98] DEBUG org.apache.http.impl.execchain.MainClientExec -- Proxy auth state: UNCHALLENGED
22:57:29.319 [pool-2-thread-3] DEBUG org.apache.http.headers -- http-outgoing-89 >> User-Agent: Apache-HttpClient/4.5.14 (Java/17.0.9)
22:57:29.319 [pool-2-thread-9] DEBUG org.apache.http.impl.execchain.MainClientExec -- Target auth state: UNCHALLENGED
22:57:29.344 [pool-2-thread-9] DEBUG org.apache.http.impl.execchain.MainClientExec -- Proxy auth state: UNCHALLENGED
22:57:29.344 [pool-2-thread-9] DEBUG org.apache.http.headers -- http-outgoing-34 >> POST /auth/login HTTP/1.1
22:57:29.344 [pool-2-thread-9] DEBUG org.apache.http.headers -- http-outgoing-34 >> Content-Type: application/json; charset=UTF-8
22:57:29.344 [pool-2-thread-9] DEBUG org.apache.http.headers -- http-outgoing-34 >> Content-Length: 53
22:57:29.344 [pool-2-thread-9] DEBUG org.apache.http.headers -- http-outgoing-34 >> Host: localhost:3000
22:57:29.344 [pool-2-thread-9] DEBUG org.apache.http.headers -- http-outgoing-34 >> Connection: Keep-Alive
22:57:29.344 [pool-2-thread-9] DEBUG org.apache.http.headers -- http-outgoing-34 >> User-Agent: Apache-HttpClient/4.5.14 (Java/17.0.9)
22:57:29.344 [pool-2-thread-9] DEBUG org.apache.http.headers -- http-outgoing-34 >> Accept-Encoding: gzip,deflate
22:57:29.344 [pool-2-thread-9] DEBUG org.apache.http.wire -- http-outgoing-34 >> "POST /auth/login HTTP/1.1[\r][\n]"
22:57:29.344 [pool-2-thread-9] DEBUG org.apache.http.wire -- http-outgoing-34 >> "Content-Type: application/json; charset=UTF-8[\r][\n]"
22:57:29.344 [pool-2-thread-9] DEBUG org.apache.http.wire -- http-outgoing-34 >> "Content-Length: 53[\r][\n]"
22:57:29.345 [pool-2-thread-9] DEBUG org.apache.http.wire -- http-outgoing-34 >> "Host: localhost:3000[\r][\n]"
22:57:29.345 [pool-2-thread-9] DEBUG org.apache.http.wire -- http-outgoing-34 >> "Connection: Keep-Alive[\r][\n]"
22:57:29.345 [pool-2-thread-9] DEBUG org.apache.http.wire -- http-outgoing-34 >> "User-Agent: Apache-HttpClient/4.5.14 (Java/17.0.9)[\r][\n]"
22:57:29.345 [pool-2-thread-9] DEBUG org.apache.http.wire -- http-outgoing-34 >> "Accept-Encoding: gzip,deflate[\r][\n]"
22:57:29.345 [pool-2-thread-9] DEBUG org.apache.http.wire -- http-outgoing-34 >> "[\r][\n]"
22:57:29.345 [pool-2-thread-9] DEBUG org.apache.http.wire -- http-outgoing-34 >> "{"email":"testit@gmail.com","password":"Password123"}"
22:57:29.320 [pool-2-thread-18] DEBUG org.apache.http.headers -- http-outgoing-53 >> Connection: Keep-Alive
22:57:29.345 [pool-2-thread-18] DEBUG org.apache.http.headers -- http-outgoing-53 >> User-Agent: Apache-HttpClient/4.5.14 (Java/17.0.9)
22:57:29.345 [pool-2-thread-18] DEBUG org.apache.http.headers -- http-outgoing-53 >> Accept-Encoding: gzip,deflate
22:57:29.345 [pool-2-thread-18] DEBUG org.apache.http.wire -- http-outgoing-53 >> "POST /auth/login HTTP/1.1[\r][\n]"
22:57:29.345 [pool-2-thread-18] DEBUG org.apache.http.wire -- http-outgoing-53 >> "Content-Type: application/json; charset=UTF-8[\r][\n]"
22:57:29.345 [pool-2-thread-18] DEBUG org.apache.http.wire -- http-outgoing-53 >> "Content-Length: 54[\r][\n]"
22:57:29.345 [pool-2-thread-18] DEBUG org.apache.http.wire -- http-outgoing-53 >> "Host: localhost:3000[\r][\n]"
22:57:29.345 [pool-2-thread-18] DEBUG org.apache.http.wire -- http-outgoing-53 >> "Connection: Keep-Alive[\r][\n]"
22:57:29.346 [pool-2-thread-18] DEBUG org.apache.http.wire -- http-outgoing-53 >> "User-Agent: Apache-HttpClient/4.5.14 (Java/17.0.9)[\r][\n]"
22:57:29.346 [pool-2-thread-18] DEBUG org.apache.http.wire -- http-outgoing-53 >> "Accept-Encoding: gzip,deflate[\r][\n]"
22:57:29.346 [pool-2-thread-18] DEBUG org.apache.http.wire -- http-outgoing-53 >> "[\r][\n]"
22:57:29.346 [pool-2-thread-18] DEBUG org.apache.http.wire -- http-outgoing-53 >> "{"email":"testit5@gmail.com","password":"Password123"}"
22:57:29.320 [pool-2-thread-49] DEBUG org.apache.http.headers -- http-outgoing-60 >> User-Agent: Apache-HttpClient/4.5.14 (Java/17.0.9)
22:57:29.346 [pool-2-thread-49] DEBUG org.apache.http.headers -- http-outgoing-60 >> Accept-Encoding: gzip,deflate
22:57:29.346 [pool-2-thread-49] DEBUG org.apache.http.wire -- http-outgoing-60 >> "POST /auth/login HTTP/1.1[\r][\n]"
22:57:29.346 [pool-2-thread-49] DEBUG org.apache.http.wire -- http-outgoing-60 >> "Content-Type: application/json; charset=UTF-8[\r][\n]"
22:57:29.346 [pool-2-thread-49] DEBUG org.apache.http.wire -- http-outgoing-60 >> "Content-Length: 53[\r][\n]"
22:57:29.346 [pool-2-thread-49] DEBUG org.apache.http.wire -- http-outgoing-60 >> "Host: localhost:3000[\r][\n]"
22:57:29.346 [pool-2-thread-49] DEBUG org.apache.http.wire -- http-outgoing-60 >> "Connection: Keep-Alive[\r][\n]"
22:57:29.346 [pool-2-thread-49] DEBUG org.apache.http.wire -- http-outgoing-60 >> "User-Agent: Apache-HttpClient/4.5.14 (Java/17.0.9)[\r][\n]"
22:57:29.346 [pool-2-thread-49] DEBUG org.apache.http.wire -- http-outgoing-60 >> "Accept-Encoding: gzip,deflate[\r][\n]"
22:57:29.346 [pool-2-thread-49] DEBUG org.apache.http.wire -- http-outgoing-60 >> "[\r][\n]"
22:57:29.346 [pool-2-thread-49] DEBUG org.apache.http.wire -- http-outgoing-60 >> "{"email":"testit@gmail.com","password":"Password123"}"
22:57:29.320 [pool-2-thread-91] DEBUG org.apache.http.headers -- http-outgoing-58 >> Content-Length: 45
22:57:29.347 [pool-2-thread-91] DEBUG org.apache.http.headers -- http-outgoing-58 >> Host: localhost:3000
22:57:29.347 [pool-2-thread-91] DEBUG org.apache.http.headers -- http-outgoing-58 >> Connection: Keep-Alive
22:57:29.347 [pool-2-thread-91] DEBUG org.apache.http.headers -- http-outgoing-58 >> User-Agent: Apache-HttpClient/4.5.14 (Java/17.0.9)
22:57:29.347 [pool-2-thread-91] DEBUG org.apache.http.headers -- http-outgoing-58 >> Accept-Encoding: gzip,deflate
22:57:29.347 [pool-2-thread-91] DEBUG org.apache.http.wire -- http-outgoing-58 >> "POST /auth/login HTTP/1.1[\r][\n]"
22:57:29.347 [pool-2-thread-91] DEBUG org.apache.http.wire -- http-outgoing-58 >> "Content-Type: application/json; charset=UTF-8[\r][\n]"
22:57:29.347 [pool-2-thread-91] DEBUG org.apache.http.wire -- http-outgoing-58 >> "Content-Length: 45[\r][\n]"
22:57:29.347 [pool-2-thread-91] DEBUG org.apache.http.wire -- http-outgoing-58 >> "Host: localhost:3000[\r][\n]"
22:57:29.347 [pool-2-thread-91] DEBUG org.apache.http.wire -- http-outgoing-58 >> "Connection: Keep-Alive[\r][\n]"
22:57:29.347 [pool-2-thread-91] DEBUG org.apache.http.wire -- http-outgoing-58 >> "User-Agent: Apache-HttpClient/4.5.14 (Java/17.0.9)[\r][\n]"
22:57:29.347 [pool-2-thread-91] DEBUG org.apache.http.wire -- http-outgoing-58 >> "Accept-Encoding: gzip,deflate[\r][\n]"
22:57:29.347 [pool-2-thread-91] DEBUG org.apache.http.wire -- http-outgoing-58 >> "[\r][\n]"
22:57:29.347 [pool-2-thread-91] DEBUG org.apache.http.wire -- http-outgoing-58 >> "{"email":"nam@gmail.com","password":"123456"}"
22:57:29.320 [pool-2-thread-75] DEBUG org.apache.http.headers -- http-outgoing-99 >> Connection: Keep-Alive
22:57:29.320 [pool-2-thread-25] DEBUG org.apache.http.impl.execchain.MainClientExec -- Executing request POST /auth/login HTTP/1.1
22:57:29.348 [pool-2-thread-25] DEBUG org.apache.http.impl.execchain.MainClientExec -- Target auth state: UNCHALLENGED
22:57:29.348 [pool-2-thread-25] DEBUG org.apache.http.impl.execchain.MainClientExec -- Proxy auth state: UNCHALLENGED
22:57:29.348 [pool-2-thread-25] DEBUG org.apache.http.headers -- http-outgoing-69 >> POST /auth/login HTTP/1.1
22:57:29.348 [pool-2-thread-25] DEBUG org.apache.http.headers -- http-outgoing-69 >> Content-Type: application/json; charset=UTF-8
22:57:29.348 [pool-2-thread-25] DEBUG org.apache.http.headers -- http-outgoing-69 >> Content-Length: 55
22:57:29.348 [pool-2-thread-25] DEBUG org.apache.http.headers -- http-outgoing-69 >> Host: localhost:3000
22:57:29.348 [pool-2-thread-25] DEBUG org.apache.http.headers -- http-outgoing-69 >> Connection: Keep-Alive
22:57:29.348 [pool-2-thread-25] DEBUG org.apache.http.headers -- http-outgoing-69 >> User-Agent: Apache-HttpClient/4.5.14 (Java/17.0.9)
22:57:29.348 [pool-2-thread-25] DEBUG org.apache.http.headers -- http-outgoing-69 >> Accept-Encoding: gzip,deflate
22:57:29.348 [pool-2-thread-25] DEBUG org.apache.http.wire -- http-outgoing-69 >> "POST /auth/login HTTP/1.1[\r][\n]"
22:57:29.348 [pool-2-thread-25] DEBUG org.apache.http.wire -- http-outgoing-69 >> "Content-Type: application/json; charset=UTF-8[\r][\n]"
22:57:29.348 [pool-2-thread-25] DEBUG org.apache.http.wire -- http-outgoing-69 >> "Content-Length: 55[\r][\n]"
22:57:29.348 [pool-2-thread-25] DEBUG org.apache.http.wire -- http-outgoing-69 >> "Host: localhost:3000[\r][\n]"
22:57:29.348 [pool-2-thread-25] DEBUG org.apache.http.wire -- http-outgoing-69 >> "Connection: Keep-Alive[\r][\n]"
22:57:29.348 [pool-2-thread-25] DEBUG org.apache.http.wire -- http-outgoing-69 >> "User-Agent: Apache-HttpClient/4.5.14 (Java/17.0.9)[\r][\n]"
22:57:29.348 [pool-2-thread-25] DEBUG org.apache.http.wire -- http-outgoing-69 >> "Accept-Encoding: gzip,deflate[\r][\n]"
22:57:29.348 [pool-2-thread-25] DEBUG org.apache.http.wire -- http-outgoing-69 >> "[\r][\n]"
22:57:29.348 [pool-2-thread-25] DEBUG org.apache.http.wire -- http-outgoing-69 >> "{"email":"test28@example.com","password":"Password123"}"
22:57:29.320 [pool-2-thread-21] DEBUG org.apache.http.headers -- http-outgoing-68 >> User-Agent: Apache-HttpClient/4.5.14 (Java/17.0.9)
22:57:29.320 [pool-2-thread-72] DEBUG org.apache.http.wire -- http-outgoing-16 >> "Content-Length: 48[\r][\n]"
22:57:29.348 [pool-2-thread-21] DEBUG org.apache.http.headers -- http-outgoing-68 >> Accept-Encoding: gzip,deflate
22:57:29.348 [pool-2-thread-72] DEBUG org.apache.http.wire -- http-outgoing-16 >> "Host: localhost:3000[\r][\n]"
22:57:29.348 [pool-2-thread-72] DEBUG org.apache.http.wire -- http-outgoing-16 >> "Connection: Keep-Alive[\r][\n]"
22:57:29.348 [pool-2-thread-72] DEBUG org.apache.http.wire -- http-outgoing-16 >> "User-Agent: Apache-HttpClient/4.5.14 (Java/17.0.9)[\r][\n]"
22:57:29.348 [pool-2-thread-72] DEBUG org.apache.http.wire -- http-outgoing-16 >> "Accept-Encoding: gzip,deflate[\r][\n]"
22:57:29.348 [pool-2-thread-72] DEBUG org.apache.http.wire -- http-outgoing-16 >> "[\r][\n]"
22:57:29.348 [pool-2-thread-72] DEBUG org.apache.http.wire -- http-outgoing-16 >> "{"email":"quang1@gmail.com","password":"quang1"}"
22:57:29.320 [pool-2-thread-12] DEBUG org.apache.http.wire -- http-outgoing-79 >> "Content-Type: application/json; charset=UTF-8[\r][\n]"
22:57:29.348 [pool-2-thread-12] DEBUG org.apache.http.wire -- http-outgoing-79 >> "Content-Length: 48[\r][\n]"
22:57:29.348 [pool-2-thread-12] DEBUG org.apache.http.wire -- http-outgoing-79 >> "Host: localhost:3000[\r][\n]"
22:57:29.348 [pool-2-thread-12] DEBUG org.apache.http.wire -- http-outgoing-79 >> "Connection: Keep-Alive[\r][\n]"
22:57:29.348 [pool-2-thread-12] DEBUG org.apache.http.wire -- http-outgoing-79 >> "User-Agent: Apache-HttpClient/4.5.14 (Java/17.0.9)[\r][\n]"
22:57:29.348 [pool-2-thread-12] DEBUG org.apache.http.wire -- http-outgoing-79 >> "Accept-Encoding: gzip,deflate[\r][\n]"
22:57:29.348 [pool-2-thread-12] DEBUG org.apache.http.wire -- http-outgoing-79 >> "[\r][\n]"
22:57:29.349 [pool-2-thread-12] DEBUG org.apache.http.wire -- http-outgoing-79 >> "{"email":"quang1@gmail.com","password":"quang1"}"
22:57:29.320 [pool-2-thread-68] DEBUG org.apache.http.headers -- http-outgoing-52 >> Content-Length: 54
22:57:29.349 [pool-2-thread-68] DEBUG org.apache.http.headers -- http-outgoing-52 >> Host: localhost:3000
22:57:29.349 [pool-2-thread-68] DEBUG org.apache.http.headers -- http-outgoing-52 >> Connection: Keep-Alive
22:57:29.349 [pool-2-thread-68] DEBUG org.apache.http.headers -- http-outgoing-52 >> User-Agent: Apache-HttpClient/4.5.14 (Java/17.0.9)
22:57:29.349 [pool-2-thread-68] DEBUG org.apache.http.headers -- http-outgoing-52 >> Accept-Encoding: gzip,deflate
22:57:29.349 [pool-2-thread-68] DEBUG org.apache.http.wire -- http-outgoing-52 >> "POST /auth/login HTTP/1.1[\r][\n]"
22:57:29.349 [pool-2-thread-68] DEBUG org.apache.http.wire -- http-outgoing-52 >> "Content-Type: application/json; charset=UTF-8[\r][\n]"
22:57:29.349 [pool-2-thread-68] DEBUG org.apache.http.wire -- http-outgoing-52 >> "Content-Length: 54[\r][\n]"
22:57:29.349 [pool-2-thread-68] DEBUG org.apache.http.wire -- http-outgoing-52 >> "Host: localhost:3000[\r][\n]"
22:57:29.349 [pool-2-thread-68] DEBUG org.apache.http.wire -- http-outgoing-52 >> "Connection: Keep-Alive[\r][\n]"
22:57:29.349 [pool-2-thread-68] DEBUG org.apache.http.wire -- http-outgoing-52 >> "User-Agent: Apache-HttpClient/4.5.14 (Java/17.0.9)[\r][\n]"
22:57:29.349 [pool-2-thread-68] DEBUG org.apache.http.wire -- http-outgoing-52 >> "Accept-Encoding: gzip,deflate[\r][\n]"
22:57:29.349 [pool-2-thread-68] DEBUG org.apache.http.wire -- http-outgoing-52 >> "[\r][\n]"
22:57:29.349 [pool-2-thread-68] DEBUG org.apache.http.wire -- http-outgoing-52 >> "{"email":"testit5@gmail.com","password":"Password123"}"
22:57:29.320 [pool-2-thread-54] DEBUG org.apache.http.wire -- http-outgoing-15 >> "Host: localhost:3000[\r][\n]"
22:57:29.350 [pool-2-thread-54] DEBUG org.apache.http.wire -- http-outgoing-15 >> "Connection: Keep-Alive[\r][\n]"
22:57:29.350 [pool-2-thread-54] DEBUG org.apache.http.wire -- http-outgoing-15 >> "User-Agent: Apache-HttpClient/4.5.14 (Java/17.0.9)[\r][\n]"
22:57:29.350 [pool-2-thread-54] DEBUG org.apache.http.wire -- http-outgoing-15 >> "Accept-Encoding: gzip,deflate[\r][\n]"
22:57:29.350 [pool-2-thread-54] DEBUG org.apache.http.wire -- http-outgoing-15 >> "[\r][\n]"
22:57:29.350 [pool-2-thread-54] DEBUG org.apache.http.wire -- http-outgoing-15 >> "{"email":"test2@example.com","password":"Password123"}"
22:57:29.320 [pool-2-thread-88] DEBUG org.apache.http.impl.execchain.MainClientExec -- Proxy auth state: UNCHALLENGED
22:57:29.352 [pool-2-thread-88] DEBUG org.apache.http.headers -- http-outgoing-66 >> POST /auth/login HTTP/1.1
22:57:29.320 [pool-2-thread-82] DEBUG org.apache.http.wire -- http-outgoing-51 >> "Content-Length: 48[\r][\n]"
22:57:29.352 [pool-2-thread-82] DEBUG org.apache.http.wire -- http-outgoing-51 >> "Host: localhost:3000[\r][\n]"
22:57:29.352 [pool-2-thread-82] DEBUG org.apache.http.wire -- http-outgoing-51 >> "Connection: Keep-Alive[\r][\n]"
22:57:29.352 [pool-2-thread-82] DEBUG org.apache.http.wire -- http-outgoing-51 >> "User-Agent: Apache-HttpClient/4.5.14 (Java/17.0.9)[\r][\n]"
22:57:29.352 [pool-2-thread-82] DEBUG org.apache.http.wire -- http-outgoing-51 >> "Accept-Encoding: gzip,deflate[\r][\n]"
22:57:29.352 [pool-2-thread-82] DEBUG org.apache.http.wire -- http-outgoing-51 >> "[\r][\n]"
22:57:29.320 [pool-2-thread-52] DEBUG org.apache.http.headers -- http-outgoing-20 >> Content-Length: 48
22:57:29.353 [pool-2-thread-52] DEBUG org.apache.http.headers -- http-outgoing-20 >> Host: localhost:3000
22:57:29.353 [pool-2-thread-52] DEBUG org.apache.http.headers -- http-outgoing-20 >> Connection: Keep-Alive
22:57:29.353 [pool-2-thread-52] DEBUG org.apache.http.headers -- http-outgoing-20 >> User-Agent: Apache-HttpClient/4.5.14 (Java/17.0.9)
22:57:29.353 [pool-2-thread-52] DEBUG org.apache.http.headers -- http-outgoing-20 >> Accept-Encoding: gzip,deflate
22:57:29.320 [pool-2-thread-22] DEBUG org.apache.http.wire -- http-outgoing-33 >> "Connection: Keep-Alive[\r][\n]"
22:57:29.353 [pool-2-thread-22] DEBUG org.apache.http.wire -- http-outgoing-33 >> "User-Agent: Apache-HttpClient/4.5.14 (Java/17.0.9)[\r][\n]"
22:57:29.353 [pool-2-thread-22] DEBUG org.apache.http.wire -- http-outgoing-33 >> "Accept-Encoding: gzip,deflate[\r][\n]"
22:57:29.353 [pool-2-thread-52] DEBUG org.apache.http.wire -- http-outgoing-20 >> "POST /auth/login HTTP/1.1[\r][\n]"
22:57:29.353 [pool-2-thread-52] DEBUG org.apache.http.wire -- http-outgoing-20 >> "Content-Type: application/json; charset=UTF-8[\r][\n]"
22:57:29.353 [pool-2-thread-52] DEBUG org.apache.http.wire -- http-outgoing-20 >> "Content-Length: 48[\r][\n]"
22:57:29.353 [pool-2-thread-52] DEBUG org.apache.http.wire -- http-outgoing-20 >> "Host: localhost:3000[\r][\n]"
22:57:29.320 [pool-2-thread-29] DEBUG org.apache.http.wire -- http-outgoing-80 >> "Connection: Keep-Alive[\r][\n]"
22:57:29.353 [pool-2-thread-29] DEBUG org.apache.http.wire -- http-outgoing-80 >> "User-Agent: Apache-HttpClient/4.5.14 (Java/17.0.9)[\r][\n]"
22:57:29.353 [pool-2-thread-29] DEBUG org.apache.http.wire -- http-outgoing-80 >> "Accept-Encoding: gzip,deflate[\r][\n]"
22:57:29.353 [pool-2-thread-29] DEBUG org.apache.http.wire -- http-outgoing-80 >> "[\r][\n]"
22:57:29.353 [pool-2-thread-29] DEBUG org.apache.http.wire -- http-outgoing-80 >> "{"email":"testit@gmail.com","password":"Password123"}"
22:57:29.353 [pool-2-thread-52] DEBUG org.apache.http.wire -- http-outgoing-20 >> "Connection: Keep-Alive[\r][\n]"
22:57:29.353 [pool-2-thread-52] DEBUG org.apache.http.wire -- http-outgoing-20 >> "User-Agent: Apache-HttpClient/4.5.14 (Java/17.0.9)[\r][\n]"
22:57:29.353 [pool-2-thread-52] DEBUG org.apache.http.wire -- http-outgoing-20 >> "Accept-Encoding: gzip,deflate[\r][\n]"
22:57:29.353 [pool-2-thread-52] DEBUG org.apache.http.wire -- http-outgoing-20 >> "[\r][\n]"
22:57:29.353 [pool-2-thread-52] DEBUG org.apache.http.wire -- http-outgoing-20 >> "{"email":"quang1@gmail.com","password":"quang1"}"
22:57:29.320 [pool-2-thread-40] DEBUG org.apache.http.impl.execchain.MainClientExec -- Proxy auth state: UNCHALLENGED
22:57:29.353 [pool-2-thread-40] DEBUG org.apache.http.headers -- http-outgoing-31 >> POST /auth/login HTTP/1.1
22:57:29.353 [pool-2-thread-40] DEBUG org.apache.http.headers -- http-outgoing-31 >> Content-Type: application/json; charset=UTF-8
22:57:29.353 [pool-2-thread-40] DEBUG org.apache.http.headers -- http-outgoing-31 >> Content-Length: 54
22:57:29.353 [pool-2-thread-40] DEBUG org.apache.http.headers -- http-outgoing-31 >> Host: localhost:3000
22:57:29.354 [pool-2-thread-40] DEBUG org.apache.http.headers -- http-outgoing-31 >> Connection: Keep-Alive
22:57:29.354 [pool-2-thread-40] DEBUG org.apache.http.headers -- http-outgoing-31 >> User-Agent: Apache-HttpClient/4.5.14 (Java/17.0.9)
22:57:29.354 [pool-2-thread-40] DEBUG org.apache.http.headers -- http-outgoing-31 >> Accept-Encoding: gzip,deflate
22:57:29.320 [pool-2-thread-59] DEBUG org.apache.http.wire -- http-outgoing-50 >> "Content-Length: 53[\r][\n]"
22:57:29.354 [pool-2-thread-40] DEBUG org.apache.http.wire -- http-outgoing-31 >> "POST /auth/login HTTP/1.1[\r][\n]"
22:57:29.354 [pool-2-thread-40] DEBUG org.apache.http.wire -- http-outgoing-31 >> "Content-Type: application/json; charset=UTF-8[\r][\n]"
22:57:29.354 [pool-2-thread-40] DEBUG org.apache.http.wire -- http-outgoing-31 >> "Content-Length: 54[\r][\n]"
22:57:29.354 [pool-2-thread-40] DEBUG org.apache.http.wire -- http-outgoing-31 >> "Host: localhost:3000[\r][\n]"
22:57:29.354 [pool-2-thread-40] DEBUG org.apache.http.wire -- http-outgoing-31 >> "Connection: Keep-Alive[\r][\n]"
22:57:29.354 [pool-2-thread-40] DEBUG org.apache.http.wire -- http-outgoing-31 >> "User-Agent: Apache-HttpClient/4.5.14 (Java/17.0.9)[\r][\n]"
22:57:29.320 [pool-2-thread-10] DEBUG org.apache.http.headers -- http-outgoing-81 >> Accept-Encoding: gzip,deflate
22:57:29.354 [pool-2-thread-10] DEBUG org.apache.http.wire -- http-outgoing-81 >> "POST /auth/login HTTP/1.1[\r][\n]"
22:57:29.354 [pool-2-thread-10] DEBUG org.apache.http.wire -- http-outgoing-81 >> "Content-Type: application/json; charset=UTF-8[\r][\n]"
22:57:29.320 [pool-2-thread-94] DEBUG org.apache.http.headers -- http-outgoing-26 >> POST /auth/login HTTP/1.1
22:57:29.354 [pool-2-thread-94] DEBUG org.apache.http.headers -- http-outgoing-26 >> Content-Type: application/json; charset=UTF-8
22:57:29.354 [pool-2-thread-94] DEBUG org.apache.http.headers -- http-outgoing-26 >> Content-Length: 54
22:57:29.354 [pool-2-thread-94] DEBUG org.apache.http.headers -- http-outgoing-26 >> Host: localhost:3000
22:57:29.354 [pool-2-thread-94] DEBUG org.apache.http.headers -- http-outgoing-26 >> Connection: Keep-Alive
22:57:29.354 [pool-2-thread-94] DEBUG org.apache.http.headers -- http-outgoing-26 >> User-Agent: Apache-HttpClient/4.5.14 (Java/17.0.9)
22:57:29.354 [pool-2-thread-94] DEBUG org.apache.http.headers -- http-outgoing-26 >> Accept-Encoding: gzip,deflate
22:57:29.354 [pool-2-thread-94] DEBUG org.apache.http.wire -- http-outgoing-26 >> "POST /auth/login HTTP/1.1[\r][\n]"
22:57:29.354 [pool-2-thread-94] DEBUG org.apache.http.wire -- http-outgoing-26 >> "Content-Type: application/json; charset=UTF-8[\r][\n]"
22:57:29.354 [pool-2-thread-94] DEBUG org.apache.http.wire -- http-outgoing-26 >> "Content-Length: 54[\r][\n]"
22:57:29.354 [pool-2-thread-94] DEBUG org.apache.http.wire -- http-outgoing-26 >> "Host: localhost:3000[\r][\n]"
22:57:29.354 [pool-2-thread-94] DEBUG org.apache.http.wire -- http-outgoing-26 >> "Connection: Keep-Alive[\r][\n]"
22:57:29.354 [pool-2-thread-94] DEBUG org.apache.http.wire -- http-outgoing-26 >> "User-Agent: Apache-HttpClient/4.5.14 (Java/17.0.9)[\r][\n]"
22:57:29.354 [pool-2-thread-94] DEBUG org.apache.http.wire -- http-outgoing-26 >> "Accept-Encoding: gzip,deflate[\r][\n]"
22:57:29.354 [pool-2-thread-94] DEBUG org.apache.http.wire -- http-outgoing-26 >> "[\r][\n]"
22:57:29.354 [pool-2-thread-94] DEBUG org.apache.http.wire -- http-outgoing-26 >> "{"email":"test2@example.com","password":"Password123"}"
22:57:29.320 [pool-2-thread-24] DEBUG org.apache.http.headers -- http-outgoing-39 >> Connection: Keep-Alive
22:57:29.355 [pool-2-thread-24] DEBUG org.apache.http.headers -- http-outgoing-39 >> User-Agent: Apache-HttpClient/4.5.14 (Java/17.0.9)
22:57:29.355 [pool-2-thread-24] DEBUG org.apache.http.headers -- http-outgoing-39 >> Accept-Encoding: gzip,deflate
22:57:29.355 [pool-2-thread-24] DEBUG org.apache.http.wire -- http-outgoing-39 >> "POST /auth/login HTTP/1.1[\r][\n]"
22:57:29.355 [pool-2-thread-24] DEBUG org.apache.http.wire -- http-outgoing-39 >> "Content-Type: application/json; charset=UTF-8[\r][\n]"
22:57:29.355 [pool-2-thread-24] DEBUG org.apache.http.wire -- http-outgoing-39 >> "Content-Length: 54[\r][\n]"
22:57:29.355 [pool-2-thread-24] DEBUG org.apache.http.wire -- http-outgoing-39 >> "Host: localhost:3000[\r][\n]"
22:57:29.355 [pool-2-thread-24] DEBUG org.apache.http.wire -- http-outgoing-39 >> "Connection: Keep-Alive[\r][\n]"
22:57:29.355 [pool-2-thread-24] DEBUG org.apache.http.wire -- http-outgoing-39 >> "User-Agent: Apache-HttpClient/4.5.14 (Java/17.0.9)[\r][\n]"
22:57:29.355 [pool-2-thread-24] DEBUG org.apache.http.wire -- http-outgoing-39 >> "Accept-Encoding: gzip,deflate[\r][\n]"
22:57:29.355 [pool-2-thread-24] DEBUG org.apache.http.wire -- http-outgoing-39 >> "[\r][\n]"
22:57:29.355 [pool-2-thread-24] DEBUG org.apache.http.wire -- http-outgoing-39 >> "{"email":"test2@example.com","password":"Password123"}"
22:57:29.320 [pool-2-thread-31] DEBUG org.apache.http.headers -- http-outgoing-41 >> Accept-Encoding: gzip,deflate
22:57:29.356 [pool-2-thread-31] DEBUG org.apache.http.wire -- http-outgoing-41 >> "POST /auth/login HTTP/1.1[\r][\n]"
22:57:29.356 [pool-2-thread-31] DEBUG org.apache.http.wire -- http-outgoing-41 >> "Content-Type: application/json; charset=UTF-8[\r][\n]"
22:57:29.356 [pool-2-thread-31] DEBUG org.apache.http.wire -- http-outgoing-41 >> "Content-Length: 45[\r][\n]"
22:57:29.356 [pool-2-thread-31] DEBUG org.apache.http.wire -- http-outgoing-41 >> "Host: localhost:3000[\r][\n]"
22:57:29.356 [pool-2-thread-31] DEBUG org.apache.http.wire -- http-outgoing-41 >> "Connection: Keep-Alive[\r][\n]"
22:57:29.321 [pool-2-thread-70] DEBUG org.apache.http.wire -- http-outgoing-77 >> "Connection: Keep-Alive[\r][\n]"
22:57:29.357 [pool-2-thread-31] DEBUG org.apache.http.wire -- http-outgoing-41 >> "User-Agent: Apache-HttpClient/4.5.14 (Java/17.0.9)[\r][\n]"
22:57:29.357 [pool-2-thread-70] DEBUG org.apache.http.wire -- http-outgoing-77 >> "User-Agent: Apache-HttpClient/4.5.14 (Java/17.0.9)[\r][\n]"
22:57:29.357 [pool-2-thread-70] DEBUG org.apache.http.wire -- http-outgoing-77 >> "Accept-Encoding: gzip,deflate[\r][\n]"
22:57:29.357 [pool-2-thread-70] DEBUG org.apache.http.wire -- http-outgoing-77 >> "[\r][\n]"
22:57:29.357 [pool-2-thread-70] DEBUG org.apache.http.wire -- http-outgoing-77 >> "{"email":"testit2@gmail.com","password":"Password123"}"
22:57:29.321 [pool-2-thread-5] DEBUG org.apache.http.headers -- http-outgoing-61 >> Accept-Encoding: gzip,deflate
22:57:29.357 [pool-2-thread-5] DEBUG org.apache.http.wire -- http-outgoing-61 >> "POST /auth/login HTTP/1.1[\r][\n]"
22:57:29.357 [pool-2-thread-5] DEBUG org.apache.http.wire -- http-outgoing-61 >> "Content-Type: application/json; charset=UTF-8[\r][\n]"
22:57:29.357 [pool-2-thread-5] DEBUG org.apache.http.wire -- http-outgoing-61 >> "Content-Length: 55[\r][\n]"
22:57:29.357 [pool-2-thread-5] DEBUG org.apache.http.wire -- http-outgoing-61 >> "Host: localhost:3000[\r][\n]"
22:57:29.357 [pool-2-thread-5] DEBUG org.apache.http.wire -- http-outgoing-61 >> "Connection: Keep-Alive[\r][\n]"
22:57:29.357 [pool-2-thread-5] DEBUG org.apache.http.wire -- http-outgoing-61 >> "User-Agent: Apache-HttpClient/4.5.14 (Java/17.0.9)[\r][\n]"
22:57:29.357 [pool-2-thread-5] DEBUG org.apache.http.wire -- http-outgoing-61 >> "Accept-Encoding: gzip,deflate[\r][\n]"
22:57:29.357 [pool-2-thread-5] DEBUG org.apache.http.wire -- http-outgoing-61 >> "[\r][\n]"
22:57:29.357 [pool-2-thread-5] DEBUG org.apache.http.wire -- http-outgoing-61 >> "{"email":"test28@example.com","password":"Password123"}"
22:57:29.321 [pool-2-thread-89] DEBUG org.apache.http.impl.execchain.MainClientExec -- Executing request POST /auth/login HTTP/1.1
22:57:29.357 [pool-2-thread-89] DEBUG org.apache.http.impl.execchain.MainClientExec -- Target auth state: UNCHALLENGED
22:57:29.357 [pool-2-thread-89] DEBUG org.apache.http.impl.execchain.MainClientExec -- Proxy auth state: UNCHALLENGED
22:57:29.357 [pool-2-thread-89] DEBUG org.apache.http.headers -- http-outgoing-75 >> POST /auth/login HTTP/1.1
22:57:29.357 [pool-2-thread-89] DEBUG org.apache.http.headers -- http-outgoing-75 >> Content-Type: application/json; charset=UTF-8
22:57:29.357 [pool-2-thread-89] DEBUG org.apache.http.headers -- http-outgoing-75 >> Content-Length: 53
22:57:29.357 [pool-2-thread-89] DEBUG org.apache.http.headers -- http-outgoing-75 >> Host: localhost:3000
22:57:29.357 [pool-2-thread-89] DEBUG org.apache.http.headers -- http-outgoing-75 >> Connection: Keep-Alive
22:57:29.357 [pool-2-thread-89] DEBUG org.apache.http.headers -- http-outgoing-75 >> User-Agent: Apache-HttpClient/4.5.14 (Java/17.0.9)
22:57:29.357 [pool-2-thread-89] DEBUG org.apache.http.headers -- http-outgoing-75 >> Accept-Encoding: gzip,deflate
22:57:29.357 [pool-2-thread-89] DEBUG org.apache.http.wire -- http-outgoing-75 >> "POST /auth/login HTTP/1.1[\r][\n]"
22:57:29.321 [pool-2-thread-96] DEBUG org.apache.http.wire -- http-outgoing-32 >> "Host: localhost:3000[\r][\n]"
22:57:29.357 [pool-2-thread-96] DEBUG org.apache.http.wire -- http-outgoing-32 >> "Connection: Keep-Alive[\r][\n]"
22:57:29.357 [pool-2-thread-96] DEBUG org.apache.http.wire -- http-outgoing-32 >> "User-Agent: Apache-HttpClient/4.5.14 (Java/17.0.9)[\r][\n]"
22:57:29.357 [pool-2-thread-96] DEBUG org.apache.http.wire -- http-outgoing-32 >> "Accept-Encoding: gzip,deflate[\r][\n]"
22:57:29.357 [pool-2-thread-96] DEBUG org.apache.http.wire -- http-outgoing-32 >> "[\r][\n]"
22:57:29.357 [pool-2-thread-96] DEBUG org.apache.http.wire -- http-outgoing-32 >> "{"email":"testit4@gmail.com","password":"Password123"}"
22:57:29.322 [pool-2-thread-84] DEBUG org.apache.http.wire -- http-outgoing-86 >> "Content-Type: application/json; charset=UTF-8[\r][\n]"
22:57:29.358 [pool-2-thread-84] DEBUG org.apache.http.wire -- http-outgoing-86 >> "Content-Length: 54[\r][\n]"
22:57:29.358 [pool-2-thread-84] DEBUG org.apache.http.wire -- http-outgoing-86 >> "Host: localhost:3000[\r][\n]"
22:57:29.358 [pool-2-thread-84] DEBUG org.apache.http.wire -- http-outgoing-86 >> "Connection: Keep-Alive[\r][\n]"
22:57:29.358 [pool-2-thread-84] DEBUG org.apache.http.wire -- http-outgoing-86 >> "User-Agent: Apache-HttpClient/4.5.14 (Java/17.0.9)[\r][\n]"
22:57:29.358 [pool-2-thread-84] DEBUG org.apache.http.wire -- http-outgoing-86 >> "Accept-Encoding: gzip,deflate[\r][\n]"
22:57:29.323 [pool-2-thread-39] DEBUG org.apache.http.wire -- http-outgoing-62 >> "{"email":"testit@gmail.com","password":"Password123"}"
22:57:29.326 [pool-2-thread-64] DEBUG org.apache.http.headers -- http-outgoing-82 >> Accept-Encoding: gzip,deflate
22:57:29.358 [pool-2-thread-64] DEBUG org.apache.http.wire -- http-outgoing-82 >> "POST /auth/login HTTP/1.1[\r][\n]"
22:57:29.358 [pool-2-thread-84] DEBUG org.apache.http.wire -- http-outgoing-86 >> "[\r][\n]"
22:57:29.359 [pool-2-thread-84] DEBUG org.apache.http.wire -- http-outgoing-86 >> "{"email":"test2@example.com","password":"Password123"}"
22:57:29.326 [pool-2-thread-77] DEBUG org.apache.http.impl.execchain.MainClientExec -- Target auth state: UNCHALLENGED
22:57:29.359 [pool-2-thread-77] DEBUG org.apache.http.impl.execchain.MainClientExec -- Proxy auth state: UNCHALLENGED
22:57:29.359 [pool-2-thread-77] DEBUG org.apache.http.headers -- http-outgoing-1 >> POST /auth/login HTTP/1.1
22:57:29.359 [pool-2-thread-77] DEBUG org.apache.http.headers -- http-outgoing-1 >> Content-Type: application/json; charset=UTF-8
22:57:29.359 [pool-2-thread-77] DEBUG org.apache.http.headers -- http-outgoing-1 >> Content-Length: 54
22:57:29.359 [pool-2-thread-77] DEBUG org.apache.http.headers -- http-outgoing-1 >> Host: localhost:3000
22:57:29.359 [pool-2-thread-77] DEBUG org.apache.http.headers -- http-outgoing-1 >> Connection: Keep-Alive
22:57:29.359 [pool-2-thread-77] DEBUG org.apache.http.headers -- http-outgoing-1 >> User-Agent: Apache-HttpClient/4.5.14 (Java/17.0.9)
22:57:29.359 [pool-2-thread-77] DEBUG org.apache.http.headers -- http-outgoing-1 >> Accept-Encoding: gzip,deflate
22:57:29.359 [pool-2-thread-64] DEBUG org.apache.http.wire -- http-outgoing-82 >> "Content-Type: application/json; charset=UTF-8[\r][\n]"
22:57:29.359 [pool-2-thread-64] DEBUG org.apache.http.wire -- http-outgoing-82 >> "Content-Length: 54[\r][\n]"
22:57:29.359 [pool-2-thread-64] DEBUG org.apache.http.wire -- http-outgoing-82 >> "Host: localhost:3000[\r][\n]"
22:57:29.359 [pool-2-thread-64] DEBUG org.apache.http.wire -- http-outgoing-82 >> "Connection: Keep-Alive[\r][\n]"
22:57:29.359 [pool-2-thread-64] DEBUG org.apache.http.wire -- http-outgoing-82 >> "User-Agent: Apache-HttpClient/4.5.14 (Java/17.0.9)[\r][\n]"
22:57:29.326 [pool-2-thread-95] DEBUG org.apache.http.wire -- http-outgoing-70 >> "Accept-Encoding: gzip,deflate[\r][\n]"
22:57:29.359 [pool-2-thread-95] DEBUG org.apache.http.wire -- http-outgoing-70 >> "[\r][\n]"
22:57:29.326 [pool-2-thread-38] DEBUG org.apache.http.impl.execchain.MainClientExec -- Target auth state: UNCHALLENGED
22:57:29.359 [pool-2-thread-38] DEBUG org.apache.http.impl.execchain.MainClientExec -- Proxy auth state: UNCHALLENGED
22:57:29.359 [pool-2-thread-38] DEBUG org.apache.http.headers -- http-outgoing-2 >> POST /auth/login HTTP/1.1
22:57:29.359 [pool-2-thread-38] DEBUG org.apache.http.headers -- http-outgoing-2 >> Content-Type: application/json; charset=UTF-8
22:57:29.359 [pool-2-thread-38] DEBUG org.apache.http.headers -- http-outgoing-2 >> Content-Length: 54
22:57:29.359 [pool-2-thread-38] DEBUG org.apache.http.headers -- http-outgoing-2 >> Host: localhost:3000
22:57:29.359 [pool-2-thread-38] DEBUG org.apache.http.headers -- http-outgoing-2 >> Connection: Keep-Alive
22:57:29.359 [pool-2-thread-38] DEBUG org.apache.http.headers -- http-outgoing-2 >> User-Agent: Apache-HttpClient/4.5.14 (Java/17.0.9)
22:57:29.359 [pool-2-thread-38] DEBUG org.apache.http.headers -- http-outgoing-2 >> Accept-Encoding: gzip,deflate
22:57:29.359 [pool-2-thread-38] DEBUG org.apache.http.wire -- http-outgoing-2 >> "POST /auth/login HTTP/1.1[\r][\n]"
22:57:29.326 [pool-2-thread-99] DEBUG org.apache.http.headers -- http-outgoing-94 >> Content-Length: 53
22:57:29.326 [pool-2-thread-85] DEBUG org.apache.http.headers -- http-outgoing-67 >> POST /auth/login HTTP/1.1
22:57:29.359 [pool-2-thread-85] DEBUG org.apache.http.headers -- http-outgoing-67 >> Content-Type: application/json; charset=UTF-8
22:57:29.359 [pool-2-thread-85] DEBUG org.apache.http.headers -- http-outgoing-67 >> Content-Length: 55
22:57:29.359 [pool-2-thread-85] DEBUG org.apache.http.headers -- http-outgoing-67 >> Host: localhost:3000
22:57:29.359 [pool-2-thread-85] DEBUG org.apache.http.headers -- http-outgoing-67 >> Connection: Keep-Alive
22:57:29.359 [pool-2-thread-85] DEBUG org.apache.http.headers -- http-outgoing-67 >> User-Agent: Apache-HttpClient/4.5.14 (Java/17.0.9)
22:57:29.359 [pool-2-thread-85] DEBUG org.apache.http.headers -- http-outgoing-67 >> Accept-Encoding: gzip,deflate
22:57:29.359 [pool-2-thread-85] DEBUG org.apache.http.wire -- http-outgoing-67 >> "POST /auth/login HTTP/1.1[\r][\n]"
22:57:29.359 [pool-2-thread-85] DEBUG org.apache.http.wire -- http-outgoing-67 >> "Content-Type: application/json; charset=UTF-8[\r][\n]"
22:57:29.359 [pool-2-thread-85] DEBUG org.apache.http.wire -- http-outgoing-67 >> "Content-Length: 55[\r][\n]"
22:57:29.359 [pool-2-thread-85] DEBUG org.apache.http.wire -- http-outgoing-67 >> "Host: localhost:3000[\r][\n]"
22:57:29.326 [pool-2-thread-27] DEBUG org.apache.http.headers -- http-outgoing-5 >> Accept-Encoding: gzip,deflate
22:57:29.327 [pool-2-thread-90] DEBUG org.apache.http.wire -- http-outgoing-96 >> "Content-Type: application/json; charset=UTF-8[\r][\n]"
22:57:29.360 [pool-2-thread-27] DEBUG org.apache.http.wire -- http-outgoing-5 >> "POST /auth/login HTTP/1.1[\r][\n]"
22:57:29.360 [pool-2-thread-27] DEBUG org.apache.http.wire -- http-outgoing-5 >> "Content-Type: application/json; charset=UTF-8[\r][\n]"
22:57:29.360 [pool-2-thread-27] DEBUG org.apache.http.wire -- http-outgoing-5 >> "Content-Length: 54[\r][\n]"
22:57:29.360 [pool-2-thread-27] DEBUG org.apache.http.wire -- http-outgoing-5 >> "Host: localhost:3000[\r][\n]"
22:57:29.360 [pool-2-thread-27] DEBUG org.apache.http.wire -- http-outgoing-5 >> "Connection: Keep-Alive[\r][\n]"
22:57:29.360 [pool-2-thread-27] DEBUG org.apache.http.wire -- http-outgoing-5 >> "User-Agent: Apache-HttpClient/4.5.14 (Java/17.0.9)[\r][\n]"
22:57:29.360 [pool-2-thread-27] DEBUG org.apache.http.wire -- http-outgoing-5 >> "Accept-Encoding: gzip,deflate[\r][\n]"
22:57:29.360 [pool-2-thread-27] DEBUG org.apache.http.wire -- http-outgoing-5 >> "[\r][\n]"
22:57:29.360 [pool-2-thread-27] DEBUG org.apache.http.wire -- http-outgoing-5 >> "{"email":"testit3@gmail.com","password":"Password123"}"
22:57:29.328 [pool-2-thread-44] DEBUG org.apache.http.wire -- http-outgoing-17 >> "Content-Length: 54[\r][\n]"
22:57:29.360 [pool-2-thread-44] DEBUG org.apache.http.wire -- http-outgoing-17 >> "Host: localhost:3000[\r][\n]"
22:57:29.360 [pool-2-thread-44] DEBUG org.apache.http.wire -- http-outgoing-17 >> "Connection: Keep-Alive[\r][\n]"
22:57:29.360 [pool-2-thread-44] DEBUG org.apache.http.wire -- http-outgoing-17 >> "User-Agent: Apache-HttpClient/4.5.14 (Java/17.0.9)[\r][\n]"
22:57:29.329 [pool-2-thread-80] DEBUG org.apache.http.wire -- http-outgoing-73 >> "User-Agent: Apache-HttpClient/4.5.14 (Java/17.0.9)[\r][\n]"
22:57:29.329 [pool-2-thread-56] DEBUG org.apache.http.wire -- http-outgoing-22 >> "POST /auth/login HTTP/1.1[\r][\n]"
22:57:29.336 [pool-2-thread-60] DEBUG org.apache.http.wire -- http-outgoing-21 >> "User-Agent: Apache-HttpClient/4.5.14 (Java/17.0.9)[\r][\n]"
22:57:29.336 [pool-2-thread-33] DEBUG org.apache.http.headers -- http-outgoing-65 >> User-Agent: Apache-HttpClient/4.5.14 (Java/17.0.9)
22:57:29.337 [pool-2-thread-26] DEBUG org.apache.http.headers -- http-outgoing-92 >> Content-Type: application/json; charset=UTF-8
22:57:29.360 [pool-2-thread-60] DEBUG org.apache.http.wire -- http-outgoing-21 >> "Accept-Encoding: gzip,deflate[\r][\n]"
22:57:29.337 [pool-2-thread-79] DEBUG org.apache.http.impl.execchain.MainClientExec -- Target auth state: UNCHALLENGED
22:57:29.361 [pool-2-thread-60] DEBUG org.apache.http.wire -- http-outgoing-21 >> "[\r][\n]"
22:57:29.361 [pool-2-thread-60] DEBUG org.apache.http.wire -- http-outgoing-21 >> "{"email":"testit2@gmail.com","password":"Password123"}"
22:57:29.361 [pool-2-thread-79] DEBUG org.apache.http.impl.execchain.MainClientExec -- Proxy auth state: UNCHALLENGED
22:57:29.361 [pool-2-thread-79] DEBUG org.apache.http.headers -- http-outgoing-14 >> POST /auth/login HTTP/1.1
22:57:29.337 [pool-2-thread-78] DEBUG org.apache.http.wire -- http-outgoing-6 >> "POST /auth/login HTTP/1.1[\r][\n]"
22:57:29.361 [pool-2-thread-78] DEBUG org.apache.http.wire -- http-outgoing-6 >> "Content-Type: application/json; charset=UTF-8[\r][\n]"
22:57:29.361 [pool-2-thread-78] DEBUG org.apache.http.wire -- http-outgoing-6 >> "Content-Length: 54[\r][\n]"
22:57:29.361 [pool-2-thread-78] DEBUG org.apache.http.wire -- http-outgoing-6 >> "Host: localhost:3000[\r][\n]"
22:57:29.361 [pool-2-thread-78] DEBUG org.apache.http.wire -- http-outgoing-6 >> "Connection: Keep-Alive[\r][\n]"
22:57:29.361 [pool-2-thread-78] DEBUG org.apache.http.wire -- http-outgoing-6 >> "User-Agent: Apache-HttpClient/4.5.14 (Java/17.0.9)[\r][\n]"
22:57:29.361 [pool-2-thread-78] DEBUG org.apache.http.wire -- http-outgoing-6 >> "Accept-Encoding: gzip,deflate[\r][\n]"
22:57:29.361 [pool-2-thread-78] DEBUG org.apache.http.wire -- http-outgoing-6 >> "[\r][\n]"
22:57:29.361 [pool-2-thread-78] DEBUG org.apache.http.wire -- http-outgoing-6 >> "{"email":"testit5@gmail.com","password":"Password123"}"
22:57:29.337 [pool-2-thread-34] DEBUG org.apache.http.wire -- http-outgoing-30 >> "Content-Type: application/json; charset=UTF-8[\r][\n]"
22:57:29.365 [pool-2-thread-34] DEBUG org.apache.http.wire -- http-outgoing-30 >> "Content-Length: 54[\r][\n]"
22:57:29.365 [pool-2-thread-34] DEBUG org.apache.http.wire -- http-outgoing-30 >> "Host: localhost:3000[\r][\n]"
22:57:29.365 [pool-2-thread-34] DEBUG org.apache.http.wire -- http-outgoing-30 >> "Connection: Keep-Alive[\r][\n]"
22:57:29.365 [pool-2-thread-34] DEBUG org.apache.http.wire -- http-outgoing-30 >> "User-Agent: Apache-HttpClient/4.5.14 (Java/17.0.9)[\r][\n]"
22:57:29.365 [pool-2-thread-34] DEBUG org.apache.http.wire -- http-outgoing-30 >> "Accept-Encoding: gzip,deflate[\r][\n]"
22:57:29.365 [pool-2-thread-34] DEBUG org.apache.http.wire -- http-outgoing-30 >> "[\r][\n]"
22:57:29.365 [pool-2-thread-34] DEBUG org.apache.http.wire -- http-outgoing-30 >> "{"email":"test2@example.com","password":"Password123"}"
22:57:29.337 [pool-2-thread-45] DEBUG org.apache.http.headers -- http-outgoing-72 >> Content-Length: 55
22:57:29.338 [pool-2-thread-86] DEBUG org.apache.http.wire -- http-outgoing-10 >> "POST /auth/login HTTP/1.1[\r][\n]"
22:57:29.366 [pool-2-thread-45] DEBUG org.apache.http.headers -- http-outgoing-72 >> Host: localhost:3000
22:57:29.366 [pool-2-thread-45] DEBUG org.apache.http.headers -- http-outgoing-72 >> Connection: Keep-Alive
22:57:29.338 [pool-2-thread-92] DEBUG org.apache.http.wire -- http-outgoing-24 >> "POST /auth/login HTTP/1.1[\r][\n]"
22:57:29.338 [pool-2-thread-6] DEBUG org.apache.http.headers -- http-outgoing-45 >> Accept-Encoding: gzip,deflate
22:57:29.366 [pool-2-thread-92] DEBUG org.apache.http.wire -- http-outgoing-24 >> "Content-Type: application/json; charset=UTF-8[\r][\n]"
22:57:29.366 [pool-2-thread-6] DEBUG org.apache.http.wire -- http-outgoing-45 >> "POST /auth/login HTTP/1.1[\r][\n]"
22:57:29.339 [pool-2-thread-62] DEBUG org.apache.http.wire -- http-outgoing-4 >> "Content-Type: application/json; charset=UTF-8[\r][\n]"
22:57:29.366 [pool-2-thread-6] DEBUG org.apache.http.wire -- http-outgoing-45 >> "Content-Type: application/json; charset=UTF-8[\r][\n]"
22:57:29.366 [pool-2-thread-62] DEBUG org.apache.http.wire -- http-outgoing-4 >> "Content-Length: 48[\r][\n]"
22:57:29.366 [pool-2-thread-62] DEBUG org.apache.http.wire -- http-outgoing-4 >> "Host: localhost:3000[\r][\n]"
22:57:29.366 [pool-2-thread-62] DEBUG org.apache.http.wire -- http-outgoing-4 >> "Connection: Keep-Alive[\r][\n]"
22:57:29.366 [pool-2-thread-62] DEBUG org.apache.http.wire -- http-outgoing-4 >> "User-Agent: Apache-HttpClient/4.5.14 (Java/17.0.9)[\r][\n]"
22:57:29.366 [pool-2-thread-62] DEBUG org.apache.http.wire -- http-outgoing-4 >> "Accept-Encoding: gzip,deflate[\r][\n]"
22:57:29.339 [pool-2-thread-50] DEBUG org.apache.http.headers -- http-outgoing-3 >> Content-Length: 54
22:57:29.339 [pool-2-thread-81] DEBUG org.apache.http.wire -- http-outgoing-35 >> "{"email":"nam@gmail.com","password":"123456"}"
22:57:29.366 [pool-2-thread-50] DEBUG org.apache.http.headers -- http-outgoing-3 >> Host: localhost:3000
22:57:29.366 [pool-2-thread-50] DEBUG org.apache.http.headers -- http-outgoing-3 >> Connection: Keep-Alive
22:57:29.366 [pool-2-thread-50] DEBUG org.apache.http.headers -- http-outgoing-3 >> User-Agent: Apache-HttpClient/4.5.14 (Java/17.0.9)
22:57:29.366 [pool-2-thread-50] DEBUG org.apache.http.headers -- http-outgoing-3 >> Accept-Encoding: gzip,deflate
22:57:29.366 [pool-2-thread-50] DEBUG org.apache.http.wire -- http-outgoing-3 >> "POST /auth/login HTTP/1.1[\r][\n]"
22:57:29.366 [pool-2-thread-50] DEBUG org.apache.http.wire -- http-outgoing-3 >> "Content-Type: application/json; charset=UTF-8[\r][\n]"
22:57:29.366 [pool-2-thread-50] DEBUG org.apache.http.wire -- http-outgoing-3 >> "Content-Length: 54[\r][\n]"
22:57:29.366 [pool-2-thread-50] DEBUG org.apache.http.wire -- http-outgoing-3 >> "Host: localhost:3000[\r][\n]"
22:57:29.366 [pool-2-thread-50] DEBUG org.apache.http.wire -- http-outgoing-3 >> "Connection: Keep-Alive[\r][\n]"
22:57:29.366 [pool-2-thread-50] DEBUG org.apache.http.wire -- http-outgoing-3 >> "User-Agent: Apache-HttpClient/4.5.14 (Java/17.0.9)[\r][\n]"
22:57:29.366 [pool-2-thread-50] DEBUG org.apache.http.wire -- http-outgoing-3 >> "Accept-Encoding: gzip,deflate[\r][\n]"
22:57:29.366 [pool-2-thread-50] DEBUG org.apache.http.wire -- http-outgoing-3 >> "[\r][\n]"
22:57:29.339 [pool-2-thread-2] DEBUG org.apache.http.headers -- http-outgoing-25 >> POST /auth/login HTTP/1.1
22:57:29.339 [pool-2-thread-1] DEBUG org.apache.http.headers -- http-outgoing-84 >> Content-Type: application/json; charset=UTF-8
22:57:29.366 [pool-2-thread-1] DEBUG org.apache.http.headers -- http-outgoing-84 >> Content-Length: 45
22:57:29.366 [pool-2-thread-1] DEBUG org.apache.http.headers -- http-outgoing-84 >> Host: localhost:3000
22:57:29.366 [pool-2-thread-1] DEBUG org.apache.http.headers -- http-outgoing-84 >> Connection: Keep-Alive
22:57:29.366 [pool-2-thread-1] DEBUG org.apache.http.headers -- http-outgoing-84 >> User-Agent: Apache-HttpClient/4.5.14 (Java/17.0.9)
22:57:29.366 [pool-2-thread-1] DEBUG org.apache.http.headers -- http-outgoing-84 >> Accept-Encoding: gzip,deflate
22:57:29.366 [pool-2-thread-1] DEBUG org.apache.http.wire -- http-outgoing-84 >> "POST /auth/login HTTP/1.1[\r][\n]"
22:57:29.366 [pool-2-thread-1] DEBUG org.apache.http.wire -- http-outgoing-84 >> "Content-Type: application/json; charset=UTF-8[\r][\n]"
22:57:29.366 [pool-2-thread-1] DEBUG org.apache.http.wire -- http-outgoing-84 >> "Content-Length: 45[\r][\n]"
22:57:29.366 [pool-2-thread-1] DEBUG org.apache.http.wire -- http-outgoing-84 >> "Host: localhost:3000[\r][\n]"
22:57:29.366 [pool-2-thread-1] DEBUG org.apache.http.wire -- http-outgoing-84 >> "Connection: Keep-Alive[\r][\n]"
22:57:29.366 [pool-2-thread-1] DEBUG org.apache.http.wire -- http-outgoing-84 >> "User-Agent: Apache-HttpClient/4.5.14 (Java/17.0.9)[\r][\n]"
22:57:29.366 [pool-2-thread-1] DEBUG org.apache.http.wire -- http-outgoing-84 >> "Accept-Encoding: gzip,deflate[\r][\n]"
22:57:29.366 [pool-2-thread-1] DEBUG org.apache.http.wire -- http-outgoing-84 >> "[\r][\n]"
22:57:29.366 [pool-2-thread-1] DEBUG org.apache.http.wire -- http-outgoing-84 >> "{"email":"nam@gmail.com","password":"123456"}"
22:57:29.339 [pool-2-thread-66] DEBUG org.apache.http.wire -- http-outgoing-97 >> "Accept-Encoding: gzip,deflate[\r][\n]"
22:57:29.340 [pool-2-thread-8] DEBUG org.apache.http.headers -- http-outgoing-38 >> Accept-Encoding: gzip,deflate
22:57:29.367 [pool-2-thread-66] DEBUG org.apache.http.wire -- http-outgoing-97 >> "[\r][\n]"
22:57:29.367 [pool-2-thread-66] DEBUG org.apache.http.wire -- http-outgoing-97 >> "{"email":"testit4@gmail.com","password":"Password123"}"
22:57:29.367 [pool-2-thread-8] DEBUG org.apache.http.wire -- http-outgoing-38 >> "POST /auth/login HTTP/1.1[\r][\n]"
22:57:29.367 [pool-2-thread-8] DEBUG org.apache.http.wire -- http-outgoing-38 >> "Content-Type: application/json; charset=UTF-8[\r][\n]"
22:57:29.367 [pool-2-thread-8] DEBUG org.apache.http.wire -- http-outgoing-38 >> "Content-Length: 54[\r][\n]"
22:57:29.367 [pool-2-thread-8] DEBUG org.apache.http.wire -- http-outgoing-38 >> "Host: localhost:3000[\r][\n]"
22:57:29.367 [pool-2-thread-8] DEBUG org.apache.http.wire -- http-outgoing-38 >> "Connection: Keep-Alive[\r][\n]"
22:57:29.340 [pool-2-thread-57] DEBUG org.apache.http.headers -- http-outgoing-64 >> Content-Length: 54
22:57:29.340 [pool-2-thread-14] DEBUG org.apache.http.headers -- http-outgoing-88 >> POST /auth/login HTTP/1.1
22:57:29.340 [pool-2-thread-69] DEBUG org.apache.http.wire -- http-outgoing-46 >> "Host: localhost:3000[\r][\n]"
22:57:29.342 [pool-2-thread-37] DEBUG org.apache.http.wire -- http-outgoing-43 >> "Accept-Encoding: gzip,deflate[\r][\n]"
22:57:29.344 [pool-2-thread-98] DEBUG org.apache.http.headers -- http-outgoing-37 >> POST /auth/login HTTP/1.1
22:57:29.344 [pool-2-thread-3] DEBUG org.apache.http.headers -- http-outgoing-89 >> Accept-Encoding: gzip,deflate
22:57:29.348 [pool-2-thread-75] DEBUG org.apache.http.headers -- http-outgoing-99 >> User-Agent: Apache-HttpClient/4.5.14 (Java/17.0.9)
22:57:29.367 [pool-2-thread-3] DEBUG org.apache.http.wire -- http-outgoing-89 >> "POST /auth/login HTTP/1.1[\r][\n]"
22:57:29.348 [pool-2-thread-21] DEBUG org.apache.http.wire -- http-outgoing-68 >> "POST /auth/login HTTP/1.1[\r][\n]"
22:57:29.367 [pool-2-thread-21] DEBUG org.apache.http.wire -- http-outgoing-68 >> "Content-Type: application/json; charset=UTF-8[\r][\n]"
22:57:29.367 [pool-2-thread-21] DEBUG org.apache.http.wire -- http-outgoing-68 >> "Content-Length: 45[\r][\n]"
22:57:29.367 [pool-2-thread-21] DEBUG org.apache.http.wire -- http-outgoing-68 >> "Host: localhost:3000[\r][\n]"
22:57:29.367 [pool-2-thread-21] DEBUG org.apache.http.wire -- http-outgoing-68 >> "Connection: Keep-Alive[\r][\n]"
22:57:29.367 [pool-2-thread-21] DEBUG org.apache.http.wire -- http-outgoing-68 >> "User-Agent: Apache-HttpClient/4.5.14 (Java/17.0.9)[\r][\n]"
22:57:29.367 [pool-2-thread-21] DEBUG org.apache.http.wire -- http-outgoing-68 >> "Accept-Encoding: gzip,deflate[\r][\n]"
22:57:29.367 [pool-2-thread-21] DEBUG org.apache.http.wire -- http-outgoing-68 >> "[\r][\n]"
22:57:29.367 [pool-2-thread-21] DEBUG org.apache.http.wire -- http-outgoing-68 >> "{"email":"nam@gmail.com","password":"123456"}"
22:57:29.352 [pool-2-thread-88] DEBUG org.apache.http.headers -- http-outgoing-66 >> Content-Type: application/json; charset=UTF-8
22:57:29.369 [pool-2-thread-88] DEBUG org.apache.http.headers -- http-outgoing-66 >> Content-Length: 54
22:57:29.369 [pool-2-thread-88] DEBUG org.apache.http.headers -- http-outgoing-66 >> Host: localhost:3000
22:57:29.369 [pool-2-thread-88] DEBUG org.apache.http.headers -- http-outgoing-66 >> Connection: Keep-Alive
22:57:29.369 [pool-2-thread-88] DEBUG org.apache.http.headers -- http-outgoing-66 >> User-Agent: Apache-HttpClient/4.5.14 (Java/17.0.9)
22:57:29.369 [pool-2-thread-88] DEBUG org.apache.http.headers -- http-outgoing-66 >> Accept-Encoding: gzip,deflate
22:57:29.369 [pool-2-thread-88] DEBUG org.apache.http.wire -- http-outgoing-66 >> "POST /auth/login HTTP/1.1[\r][\n]"
22:57:29.369 [pool-2-thread-88] DEBUG org.apache.http.wire -- http-outgoing-66 >> "Content-Type: application/json; charset=UTF-8[\r][\n]"
22:57:29.369 [pool-2-thread-88] DEBUG org.apache.http.wire -- http-outgoing-66 >> "Content-Length: 54[\r][\n]"
22:57:29.369 [pool-2-thread-88] DEBUG org.apache.http.wire -- http-outgoing-66 >> "Host: localhost:3000[\r][\n]"
22:57:29.369 [pool-2-thread-88] DEBUG org.apache.http.wire -- http-outgoing-66 >> "Connection: Keep-Alive[\r][\n]"
22:57:29.369 [pool-2-thread-88] DEBUG org.apache.http.wire -- http-outgoing-66 >> "User-Agent: Apache-HttpClient/4.5.14 (Java/17.0.9)[\r][\n]"
22:57:29.369 [pool-2-thread-88] DEBUG org.apache.http.wire -- http-outgoing-66 >> "Accept-Encoding: gzip,deflate[\r][\n]"
22:57:29.369 [pool-2-thread-88] DEBUG org.apache.http.wire -- http-outgoing-66 >> "[\r][\n]"
22:57:29.369 [pool-2-thread-88] DEBUG org.apache.http.wire -- http-outgoing-66 >> "{"email":"testit5@gmail.com","password":"Password123"}"
22:57:29.353 [pool-2-thread-82] DEBUG org.apache.http.wire -- http-outgoing-51 >> "{"email":"quang1@gmail.com","password":"quang1"}"
22:57:29.353 [pool-2-thread-22] DEBUG org.apache.http.wire -- http-outgoing-33 >> "[\r][\n]"
22:57:29.370 [pool-2-thread-22] DEBUG org.apache.http.wire -- http-outgoing-33 >> "{"email":"quang1@gmail.com","password":"quang1"}"
22:57:29.354 [pool-2-thread-59] DEBUG org.apache.http.wire -- http-outgoing-50 >> "Host: localhost:3000[\r][\n]"
22:57:29.370 [pool-2-thread-59] DEBUG org.apache.http.wire -- http-outgoing-50 >> "Connection: Keep-Alive[\r][\n]"
22:57:29.370 [pool-2-thread-59] DEBUG org.apache.http.wire -- http-outgoing-50 >> "User-Agent: Apache-HttpClient/4.5.14 (Java/17.0.9)[\r][\n]"
22:57:29.370 [pool-2-thread-59] DEBUG org.apache.http.wire -- http-outgoing-50 >> "Accept-Encoding: gzip,deflate[\r][\n]"
22:57:29.370 [pool-2-thread-59] DEBUG org.apache.http.wire -- http-outgoing-50 >> "[\r][\n]"
22:57:29.370 [pool-2-thread-59] DEBUG org.apache.http.wire -- http-outgoing-50 >> "{"email":"testit@gmail.com","password":"Password123"}"
22:57:29.354 [pool-2-thread-40] DEBUG org.apache.http.wire -- http-outgoing-31 >> "Accept-Encoding: gzip,deflate[\r][\n]"
22:57:29.354 [pool-2-thread-10] DEBUG org.apache.http.wire -- http-outgoing-81 >> "Content-Length: 54[\r][\n]"
22:57:29.357 [pool-2-thread-31] DEBUG org.apache.http.wire -- http-outgoing-41 >> "Accept-Encoding: gzip,deflate[\r][\n]"
22:57:29.370 [pool-2-thread-31] DEBUG org.apache.http.wire -- http-outgoing-41 >> "[\r][\n]"
22:57:29.370 [pool-2-thread-31] DEBUG org.apache.http.wire -- http-outgoing-41 >> "{"email":"nam@gmail.com","password":"123456"}"
22:57:29.357 [pool-2-thread-89] DEBUG org.apache.http.wire -- http-outgoing-75 >> "Content-Type: application/json; charset=UTF-8[\r][\n]"
22:57:29.370 [pool-2-thread-89] DEBUG org.apache.http.wire -- http-outgoing-75 >> "Content-Length: 53[\r][\n]"
22:57:29.370 [pool-2-thread-89] DEBUG org.apache.http.wire -- http-outgoing-75 >> "Host: localhost:3000[\r][\n]"
22:57:29.370 [pool-2-thread-89] DEBUG org.apache.http.wire -- http-outgoing-75 >> "Connection: Keep-Alive[\r][\n]"
22:57:29.370 [pool-2-thread-89] DEBUG org.apache.http.wire -- http-outgoing-75 >> "User-Agent: Apache-HttpClient/4.5.14 (Java/17.0.9)[\r][\n]"
22:57:29.370 [pool-2-thread-89] DEBUG org.apache.http.wire -- http-outgoing-75 >> "Accept-Encoding: gzip,deflate[\r][\n]"
22:57:29.370 [pool-2-thread-89] DEBUG org.apache.http.wire -- http-outgoing-75 >> "[\r][\n]"
22:57:29.370 [pool-2-thread-89] DEBUG org.apache.http.wire -- http-outgoing-75 >> "{"email":"testit@gmail.com","password":"Password123"}"
22:57:29.359 [pool-2-thread-77] DEBUG org.apache.http.wire -- http-outgoing-1 >> "POST /auth/login HTTP/1.1[\r][\n]"
22:57:29.373 [pool-2-thread-40] DEBUG org.apache.http.wire -- http-outgoing-31 >> "[\r][\n]"
22:57:29.373 [pool-2-thread-40] DEBUG org.apache.http.wire -- http-outgoing-31 >> "{"email":"testit2@gmail.com","password":"Password123"}"
22:57:29.371 [pool-2-thread-77] DEBUG org.apache.http.wire -- http-outgoing-1 >> "Content-Type: application/json; charset=UTF-8[\r][\n]"
22:57:29.374 [pool-2-thread-77] DEBUG org.apache.http.wire -- http-outgoing-1 >> "Content-Length: 54[\r][\n]"
22:57:29.374 [pool-2-thread-77] DEBUG org.apache.http.wire -- http-outgoing-1 >> "Host: localhost:3000[\r][\n]"
22:57:29.374 [pool-2-thread-77] DEBUG org.apache.http.wire -- http-outgoing-1 >> "Connection: Keep-Alive[\r][\n]"
22:57:29.374 [pool-2-thread-77] DEBUG org.apache.http.wire -- http-outgoing-1 >> "User-Agent: Apache-HttpClient/4.5.14 (Java/17.0.9)[\r][\n]"
22:57:29.374 [pool-2-thread-77] DEBUG org.apache.http.wire -- http-outgoing-1 >> "Accept-Encoding: gzip,deflate[\r][\n]"
22:57:29.374 [pool-2-thread-77] DEBUG org.apache.http.wire -- http-outgoing-1 >> "[\r][\n]"
22:57:29.374 [pool-2-thread-77] DEBUG org.apache.http.wire -- http-outgoing-1 >> "{"email":"testit3@gmail.com","password":"Password123"}"
22:57:29.359 [pool-2-thread-64] DEBUG org.apache.http.wire -- http-outgoing-82 >> "Accept-Encoding: gzip,deflate[\r][\n]"
22:57:29.374 [pool-2-thread-64] DEBUG org.apache.http.wire -- http-outgoing-82 >> "[\r][\n]"
22:57:29.375 [pool-2-thread-64] DEBUG org.apache.http.wire -- http-outgoing-82 >> "{"email":"test2@example.com","password":"Password123"}"
22:57:29.359 [pool-2-thread-95] DEBUG org.apache.http.wire -- http-outgoing-70 >> "{"email":"test28@example.com","password":"Password123"}"
22:57:29.359 [pool-2-thread-38] DEBUG org.apache.http.wire -- http-outgoing-2 >> "Content-Type: application/json; charset=UTF-8[\r][\n]"
22:57:29.359 [pool-2-thread-99] DEBUG org.apache.http.headers -- http-outgoing-94 >> Host: localhost:3000
22:57:29.359 [pool-2-thread-85] DEBUG org.apache.http.wire -- http-outgoing-67 >> "Connection: Keep-Alive[\r][\n]"
22:57:29.377 [pool-2-thread-85] DEBUG org.apache.http.wire -- http-outgoing-67 >> "User-Agent: Apache-HttpClient/4.5.14 (Java/17.0.9)[\r][\n]"
22:57:29.377 [pool-2-thread-85] DEBUG org.apache.http.wire -- http-outgoing-67 >> "Accept-Encoding: gzip,deflate[\r][\n]"
22:57:29.377 [pool-2-thread-85] DEBUG org.apache.http.wire -- http-outgoing-67 >> "[\r][\n]"
22:57:29.377 [pool-2-thread-85] DEBUG org.apache.http.wire -- http-outgoing-67 >> "{"email":"test28@example.com","password":"Password123"}"
22:57:29.360 [pool-2-thread-90] DEBUG org.apache.http.wire -- http-outgoing-96 >> "Content-Length: 54[\r][\n]"
22:57:29.377 [pool-2-thread-90] DEBUG org.apache.http.wire -- http-outgoing-96 >> "Host: localhost:3000[\r][\n]"
22:57:29.377 [pool-2-thread-90] DEBUG org.apache.http.wire -- http-outgoing-96 >> "Connection: Keep-Alive[\r][\n]"
22:57:29.377 [pool-2-thread-90] DEBUG org.apache.http.wire -- http-outgoing-96 >> "User-Agent: Apache-HttpClient/4.5.14 (Java/17.0.9)[\r][\n]"
22:57:29.377 [pool-2-thread-90] DEBUG org.apache.http.wire -- http-outgoing-96 >> "Accept-Encoding: gzip,deflate[\r][\n]"
22:57:29.377 [pool-2-thread-90] DEBUG org.apache.http.wire -- http-outgoing-96 >> "[\r][\n]"
22:57:29.377 [pool-2-thread-90] DEBUG org.apache.http.wire -- http-outgoing-96 >> "{"email":"testit2@gmail.com","password":"Password123"}"
22:57:29.360 [pool-2-thread-44] DEBUG org.apache.http.wire -- http-outgoing-17 >> "Accept-Encoding: gzip,deflate[\r][\n]"
22:57:29.360 [pool-2-thread-80] DEBUG org.apache.http.wire -- http-outgoing-73 >> "Accept-Encoding: gzip,deflate[\r][\n]"
22:57:29.360 [pool-2-thread-56] DEBUG org.apache.http.wire -- http-outgoing-22 >> "Content-Type: application/json; charset=UTF-8[\r][\n]"
22:57:29.378 [pool-2-thread-80] DEBUG org.apache.http.wire -- http-outgoing-73 >> "[\r][\n]"
22:57:29.360 [pool-2-thread-33] DEBUG org.apache.http.headers -- http-outgoing-65 >> Accept-Encoding: gzip,deflate
22:57:29.378 [pool-2-thread-80] DEBUG org.apache.http.wire -- http-outgoing-73 >> "{"email":"testit2@gmail.com","password":"Password123"}"
22:57:29.360 [pool-2-thread-26] DEBUG org.apache.http.headers -- http-outgoing-92 >> Content-Length: 54
22:57:29.361 [pool-2-thread-79] DEBUG org.apache.http.headers -- http-outgoing-14 >> Content-Type: application/json; charset=UTF-8
22:57:29.366 [pool-2-thread-86] DEBUG org.apache.http.wire -- http-outgoing-10 >> "Content-Type: application/json; charset=UTF-8[\r][\n]"
22:57:29.366 [pool-2-thread-45] DEBUG org.apache.http.headers -- http-outgoing-72 >> User-Agent: Apache-HttpClient/4.5.14 (Java/17.0.9)
22:57:29.366 [pool-2-thread-92] DEBUG org.apache.http.wire -- http-outgoing-24 >> "Content-Length: 48[\r][\n]"
22:57:29.378 [pool-2-thread-45] DEBUG org.apache.http.headers -- http-outgoing-72 >> Accept-Encoding: gzip,deflate
22:57:29.366 [pool-2-thread-6] DEBUG org.apache.http.wire -- http-outgoing-45 >> "Content-Length: 54[\r][\n]"
22:57:29.366 [pool-2-thread-62] DEBUG org.apache.http.wire -- http-outgoing-4 >> "[\r][\n]"
22:57:29.378 [pool-2-thread-62] DEBUG org.apache.http.wire -- http-outgoing-4 >> "{"email":"quang1@gmail.com","password":"quang1"}"
22:57:29.379 [pool-2-thread-92] DEBUG org.apache.http.wire -- http-outgoing-24 >> "Host: localhost:3000[\r][\n]"
22:57:29.379 [pool-2-thread-92] DEBUG org.apache.http.wire -- http-outgoing-24 >> "Connection: Keep-Alive[\r][\n]"
22:57:29.379 [pool-2-thread-92] DEBUG org.apache.http.wire -- http-outgoing-24 >> "User-Agent: Apache-HttpClient/4.5.14 (Java/17.0.9)[\r][\n]"
22:57:29.379 [pool-2-thread-92] DEBUG org.apache.http.wire -- http-outgoing-24 >> "Accept-Encoding: gzip,deflate[\r][\n]"
22:57:29.379 [pool-2-thread-92] DEBUG org.apache.http.wire -- http-outgoing-24 >> "[\r][\n]"
22:57:29.366 [pool-2-thread-50] DEBUG org.apache.http.wire -- http-outgoing-3 >> "{"email":"testit2@gmail.com","password":"Password123"}"
22:57:29.366 [pool-2-thread-2] DEBUG org.apache.http.headers -- http-outgoing-25 >> Content-Type: application/json; charset=UTF-8
22:57:29.379 [pool-2-thread-2] DEBUG org.apache.http.headers -- http-outgoing-25 >> Content-Length: 48
22:57:29.379 [pool-2-thread-2] DEBUG org.apache.http.headers -- http-outgoing-25 >> Host: localhost:3000
22:57:29.379 [pool-2-thread-2] DEBUG org.apache.http.headers -- http-outgoing-25 >> Connection: Keep-Alive
22:57:29.379 [pool-2-thread-2] DEBUG org.apache.http.headers -- http-outgoing-25 >> User-Agent: Apache-HttpClient/4.5.14 (Java/17.0.9)
22:57:29.367 [pool-2-thread-8] DEBUG org.apache.http.wire -- http-outgoing-38 >> "User-Agent: Apache-HttpClient/4.5.14 (Java/17.0.9)[\r][\n]"
22:57:29.379 [pool-2-thread-8] DEBUG org.apache.http.wire -- http-outgoing-38 >> "Accept-Encoding: gzip,deflate[\r][\n]"
22:57:29.379 [pool-2-thread-8] DEBUG org.apache.http.wire -- http-outgoing-38 >> "[\r][\n]"
22:57:29.367 [pool-2-thread-57] DEBUG org.apache.http.headers -- http-outgoing-64 >> Host: localhost:3000
22:57:29.379 [pool-2-thread-57] DEBUG org.apache.http.headers -- http-outgoing-64 >> Connection: Keep-Alive
22:57:29.379 [pool-2-thread-57] DEBUG org.apache.http.headers -- http-outgoing-64 >> User-Agent: Apache-HttpClient/4.5.14 (Java/17.0.9)
22:57:29.379 [pool-2-thread-57] DEBUG org.apache.http.headers -- http-outgoing-64 >> Accept-Encoding: gzip,deflate
22:57:29.379 [pool-2-thread-8] DEBUG org.apache.http.wire -- http-outgoing-38 >> "{"email":"testit5@gmail.com","password":"Password123"}"
22:57:29.379 [pool-2-thread-57] DEBUG org.apache.http.wire -- http-outgoing-64 >> "POST /auth/login HTTP/1.1[\r][\n]"
22:57:29.379 [pool-2-thread-57] DEBUG org.apache.http.wire -- http-outgoing-64 >> "Content-Type: application/json; charset=UTF-8[\r][\n]"
22:57:29.379 [pool-2-thread-57] DEBUG org.apache.http.wire -- http-outgoing-64 >> "Content-Length: 54[\r][\n]"
22:57:29.367 [pool-2-thread-14] DEBUG org.apache.http.headers -- http-outgoing-88 >> Content-Type: application/json; charset=UTF-8
22:57:29.367 [pool-2-thread-69] DEBUG org.apache.http.wire -- http-outgoing-46 >> "Connection: Keep-Alive[\r][\n]"
22:57:29.367 [pool-2-thread-37] DEBUG org.apache.http.wire -- http-outgoing-43 >> "[\r][\n]"
22:57:29.379 [pool-2-thread-69] DEBUG org.apache.http.wire -- http-outgoing-46 >> "User-Agent: Apache-HttpClient/4.5.14 (Java/17.0.9)[\r][\n]"
22:57:29.367 [pool-2-thread-98] DEBUG org.apache.http.headers -- http-outgoing-37 >> Content-Type: application/json; charset=UTF-8
22:57:29.379 [pool-2-thread-98] DEBUG org.apache.http.headers -- http-outgoing-37 >> Content-Length: 54
22:57:29.379 [pool-2-thread-98] DEBUG org.apache.http.headers -- http-outgoing-37 >> Host: localhost:3000
22:57:29.379 [pool-2-thread-98] DEBUG org.apache.http.headers -- http-outgoing-37 >> Connection: Keep-Alive
22:57:29.379 [pool-2-thread-98] DEBUG org.apache.http.headers -- http-outgoing-37 >> User-Agent: Apache-HttpClient/4.5.14 (Java/17.0.9)
22:57:29.379 [pool-2-thread-98] DEBUG org.apache.http.headers -- http-outgoing-37 >> Accept-Encoding: gzip,deflate
22:57:29.379 [pool-2-thread-98] DEBUG org.apache.http.wire -- http-outgoing-37 >> "POST /auth/login HTTP/1.1[\r][\n]"
22:57:29.379 [pool-2-thread-98] DEBUG org.apache.http.wire -- http-outgoing-37 >> "Content-Type: application/json; charset=UTF-8[\r][\n]"
22:57:29.379 [pool-2-thread-98] DEBUG org.apache.http.wire -- http-outgoing-37 >> "Content-Length: 54[\r][\n]"
22:57:29.379 [pool-2-thread-98] DEBUG org.apache.http.wire -- http-outgoing-37 >> "Host: localhost:3000[\r][\n]"
22:57:29.380 [pool-2-thread-98] DEBUG org.apache.http.wire -- http-outgoing-37 >> "Connection: Keep-Alive[\r][\n]"
22:57:29.380 [pool-2-thread-98] DEBUG org.apache.http.wire -- http-outgoing-37 >> "User-Agent: Apache-HttpClient/4.5.14 (Java/17.0.9)[\r][\n]"
22:57:29.380 [pool-2-thread-98] DEBUG org.apache.http.wire -- http-outgoing-37 >> "Accept-Encoding: gzip,deflate[\r][\n]"
22:57:29.380 [pool-2-thread-98] DEBUG org.apache.http.wire -- http-outgoing-37 >> "[\r][\n]"
22:57:29.380 [pool-2-thread-98] DEBUG org.apache.http.wire -- http-outgoing-37 >> "{"email":"testit5@gmail.com","password":"Password123"}"
22:57:29.367 [pool-2-thread-75] DEBUG org.apache.http.headers -- http-outgoing-99 >> Accept-Encoding: gzip,deflate
22:57:29.380 [pool-2-thread-75] DEBUG org.apache.http.wire -- http-outgoing-99 >> "POST /auth/login HTTP/1.1[\r][\n]"
22:57:29.380 [pool-2-thread-75] DEBUG org.apache.http.wire -- http-outgoing-99 >> "Content-Type: application/json; charset=UTF-8[\r][\n]"
22:57:29.380 [pool-2-thread-75] DEBUG org.apache.http.wire -- http-outgoing-99 >> "Content-Length: 55[\r][\n]"
22:57:29.380 [pool-2-thread-75] DEBUG org.apache.http.wire -- http-outgoing-99 >> "Host: localhost:3000[\r][\n]"
22:57:29.380 [pool-2-thread-75] DEBUG org.apache.http.wire -- http-outgoing-99 >> "Connection: Keep-Alive[\r][\n]"
22:57:29.380 [pool-2-thread-75] DEBUG org.apache.http.wire -- http-outgoing-99 >> "User-Agent: Apache-HttpClient/4.5.14 (Java/17.0.9)[\r][\n]"
22:57:29.380 [pool-2-thread-75] DEBUG org.apache.http.wire -- http-outgoing-99 >> "Accept-Encoding: gzip,deflate[\r][\n]"
22:57:29.367 [pool-2-thread-3] DEBUG org.apache.http.wire -- http-outgoing-89 >> "Content-Type: application/json; charset=UTF-8[\r][\n]"
22:57:29.380 [pool-2-thread-3] DEBUG org.apache.http.wire -- http-outgoing-89 >> "Content-Length: 53[\r][\n]"
22:57:29.380 [pool-2-thread-3] DEBUG org.apache.http.wire -- http-outgoing-89 >> "Host: localhost:3000[\r][\n]"
22:57:29.380 [pool-2-thread-3] DEBUG org.apache.http.wire -- http-outgoing-89 >> "Connection: Keep-Alive[\r][\n]"
22:57:29.380 [pool-2-thread-3] DEBUG org.apache.http.wire -- http-outgoing-89 >> "User-Agent: Apache-HttpClient/4.5.14 (Java/17.0.9)[\r][\n]"
22:57:29.380 [pool-2-thread-3] DEBUG org.apache.http.wire -- http-outgoing-89 >> "Accept-Encoding: gzip,deflate[\r][\n]"
22:57:29.380 [pool-2-thread-3] DEBUG org.apache.http.wire -- http-outgoing-89 >> "[\r][\n]"
22:57:29.380 [pool-2-thread-3] DEBUG org.apache.http.wire -- http-outgoing-89 >> "{"email":"test@example.com","password":"Password123"}"
22:57:29.370 [pool-2-thread-10] DEBUG org.apache.http.wire -- http-outgoing-81 >> "Host: localhost:3000[\r][\n]"
22:57:29.382 [pool-2-thread-10] DEBUG org.apache.http.wire -- http-outgoing-81 >> "Connection: Keep-Alive[\r][\n]"
22:57:29.382 [pool-2-thread-10] DEBUG org.apache.http.wire -- http-outgoing-81 >> "User-Agent: Apache-HttpClient/4.5.14 (Java/17.0.9)[\r][\n]"
22:57:29.382 [pool-2-thread-10] DEBUG org.apache.http.wire -- http-outgoing-81 >> "Accept-Encoding: gzip,deflate[\r][\n]"
22:57:29.382 [pool-2-thread-10] DEBUG org.apache.http.wire -- http-outgoing-81 >> "[\r][\n]"
22:57:29.383 [pool-2-thread-10] DEBUG org.apache.http.wire -- http-outgoing-81 >> "{"email":"testit2@gmail.com","password":"Password123"}"
22:57:29.377 [pool-2-thread-38] DEBUG org.apache.http.wire -- http-outgoing-2 >> "Content-Length: 54[\r][\n]"
22:57:29.383 [pool-2-thread-38] DEBUG org.apache.http.wire -- http-outgoing-2 >> "Host: localhost:3000[\r][\n]"
22:57:29.383 [pool-2-thread-38] DEBUG org.apache.http.wire -- http-outgoing-2 >> "Connection: Keep-Alive[\r][\n]"
22:57:29.383 [pool-2-thread-38] DEBUG org.apache.http.wire -- http-outgoing-2 >> "User-Agent: Apache-HttpClient/4.5.14 (Java/17.0.9)[\r][\n]"
22:57:29.377 [pool-2-thread-99] DEBUG org.apache.http.headers -- http-outgoing-94 >> Connection: Keep-Alive
22:57:29.383 [pool-2-thread-99] DEBUG org.apache.http.headers -- http-outgoing-94 >> User-Agent: Apache-HttpClient/4.5.14 (Java/17.0.9)
22:57:29.383 [pool-2-thread-99] DEBUG org.apache.http.headers -- http-outgoing-94 >> Accept-Encoding: gzip,deflate
22:57:29.383 [pool-2-thread-38] DEBUG org.apache.http.wire -- http-outgoing-2 >> "Accept-Encoding: gzip,deflate[\r][\n]"
22:57:29.383 [pool-2-thread-38] DEBUG org.apache.http.wire -- http-outgoing-2 >> "[\r][\n]"
22:57:29.383 [pool-2-thread-99] DEBUG org.apache.http.wire -- http-outgoing-94 >> "POST /auth/login HTTP/1.1[\r][\n]"
22:57:29.383 [pool-2-thread-99] DEBUG org.apache.http.wire -- http-outgoing-94 >> "Content-Type: application/json; charset=UTF-8[\r][\n]"
22:57:29.383 [pool-2-thread-99] DEBUG org.apache.http.wire -- http-outgoing-94 >> "Content-Length: 53[\r][\n]"
22:57:29.383 [pool-2-thread-99] DEBUG org.apache.http.wire -- http-outgoing-94 >> "Host: localhost:3000[\r][\n]"
22:57:29.383 [pool-2-thread-99] DEBUG org.apache.http.wire -- http-outgoing-94 >> "Connection: Keep-Alive[\r][\n]"
22:57:29.383 [pool-2-thread-99] DEBUG org.apache.http.wire -- http-outgoing-94 >> "User-Agent: Apache-HttpClient/4.5.14 (Java/17.0.9)[\r][\n]"
22:57:29.383 [pool-2-thread-38] DEBUG org.apache.http.wire -- http-outgoing-2 >> "{"email":"testit5@gmail.com","password":"Password123"}"
22:57:29.383 [pool-2-thread-99] DEBUG org.apache.http.wire -- http-outgoing-94 >> "Accept-Encoding: gzip,deflate[\r][\n]"
22:57:29.383 [pool-2-thread-99] DEBUG org.apache.http.wire -- http-outgoing-94 >> "[\r][\n]"
22:57:29.383 [pool-2-thread-99] DEBUG org.apache.http.wire -- http-outgoing-94 >> "{"email":"testit@gmail.com","password":"Password123"}"
22:57:29.378 [pool-2-thread-44] DEBUG org.apache.http.wire -- http-outgoing-17 >> "[\r][\n]"
22:57:29.383 [pool-2-thread-44] DEBUG org.apache.http.wire -- http-outgoing-17 >> "{"email":"test2@example.com","password":"Password123"}"
22:57:29.378 [pool-2-thread-56] DEBUG org.apache.http.wire -- http-outgoing-22 >> "Content-Length: 54[\r][\n]"
22:57:29.378 [pool-2-thread-26] DEBUG org.apache.http.headers -- http-outgoing-92 >> Host: localhost:3000
22:57:29.384 [pool-2-thread-26] DEBUG org.apache.http.headers -- http-outgoing-92 >> Connection: Keep-Alive
22:57:29.384 [pool-2-thread-26] DEBUG org.apache.http.headers -- http-outgoing-92 >> User-Agent: Apache-HttpClient/4.5.14 (Java/17.0.9)
22:57:29.384 [pool-2-thread-26] DEBUG org.apache.http.headers -- http-outgoing-92 >> Accept-Encoding: gzip,deflate
22:57:29.384 [pool-2-thread-26] DEBUG org.apache.http.wire -- http-outgoing-92 >> "POST /auth/login HTTP/1.1[\r][\n]"
22:57:29.384 [pool-2-thread-26] DEBUG org.apache.http.wire -- http-outgoing-92 >> "Content-Type: application/json; charset=UTF-8[\r][\n]"
22:57:29.384 [pool-2-thread-26] DEBUG org.apache.http.wire -- http-outgoing-92 >> "Content-Length: 54[\r][\n]"
22:57:29.384 [pool-2-thread-26] DEBUG org.apache.http.wire -- http-outgoing-92 >> "Host: localhost:3000[\r][\n]"
22:57:29.384 [pool-2-thread-26] DEBUG org.apache.http.wire -- http-outgoing-92 >> "Connection: Keep-Alive[\r][\n]"
22:57:29.384 [pool-2-thread-26] DEBUG org.apache.http.wire -- http-outgoing-92 >> "User-Agent: Apache-HttpClient/4.5.14 (Java/17.0.9)[\r][\n]"
22:57:29.384 [pool-2-thread-26] DEBUG org.apache.http.wire -- http-outgoing-92 >> "Accept-Encoding: gzip,deflate[\r][\n]"
22:57:29.384 [pool-2-thread-26] DEBUG org.apache.http.wire -- http-outgoing-92 >> "[\r][\n]"
22:57:29.384 [pool-2-thread-26] DEBUG org.apache.http.wire -- http-outgoing-92 >> "{"email":"testit4@gmail.com","password":"Password123"}"
22:57:29.378 [pool-2-thread-33] DEBUG org.apache.http.wire -- http-outgoing-65 >> "POST /auth/login HTTP/1.1[\r][\n]"
22:57:29.378 [pool-2-thread-79] DEBUG org.apache.http.headers -- http-outgoing-14 >> Content-Length: 53
22:57:29.378 [pool-2-thread-86] DEBUG org.apache.http.wire -- http-outgoing-10 >> "Content-Length: 54[\r][\n]"
22:57:29.378 [pool-2-thread-6] DEBUG org.apache.http.wire -- http-outgoing-45 >> "Host: localhost:3000[\r][\n]"
22:57:29.378 [pool-2-thread-45] DEBUG org.apache.http.wire -- http-outgoing-72 >> "POST /auth/login HTTP/1.1[\r][\n]"
22:57:29.379 [pool-2-thread-92] DEBUG org.apache.http.wire -- http-outgoing-24 >> "{"email":"quang1@gmail.com","password":"quang1"}"
22:57:29.379 [pool-2-thread-2] DEBUG org.apache.http.headers -- http-outgoing-25 >> Accept-Encoding: gzip,deflate
22:57:29.379 [pool-2-thread-57] DEBUG org.apache.http.wire -- http-outgoing-64 >> "Host: localhost:3000[\r][\n]"
22:57:29.384 [pool-2-thread-2] DEBUG org.apache.http.wire -- http-outgoing-25 >> "POST /auth/login HTTP/1.1[\r][\n]"
22:57:29.384 [pool-2-thread-2] DEBUG org.apache.http.wire -- http-outgoing-25 >> "Content-Type: application/json; charset=UTF-8[\r][\n]"
22:57:29.384 [pool-2-thread-57] DEBUG org.apache.http.wire -- http-outgoing-64 >> "Connection: Keep-Alive[\r][\n]"
22:57:29.379 [pool-2-thread-14] DEBUG org.apache.http.headers -- http-outgoing-88 >> Content-Length: 54
22:57:29.379 [pool-2-thread-69] DEBUG org.apache.http.wire -- http-outgoing-46 >> "Accept-Encoding: gzip,deflate[\r][\n]"
22:57:29.379 [pool-2-thread-37] DEBUG org.apache.http.wire -- http-outgoing-43 >> "{"email":"testit3@gmail.com","password":"Password123"}"
22:57:29.380 [pool-2-thread-75] DEBUG org.apache.http.wire -- http-outgoing-99 >> "[\r][\n]"
22:57:29.384 [pool-2-thread-56] DEBUG org.apache.http.wire -- http-outgoing-22 >> "Host: localhost:3000[\r][\n]"
22:57:29.384 [pool-2-thread-56] DEBUG org.apache.http.wire -- http-outgoing-22 >> "Connection: Keep-Alive[\r][\n]"
22:57:29.384 [pool-2-thread-33] DEBUG org.apache.http.wire -- http-outgoing-65 >> "Content-Type: application/json; charset=UTF-8[\r][\n]"
22:57:29.384 [pool-2-thread-79] DEBUG org.apache.http.headers -- http-outgoing-14 >> Host: localhost:3000
22:57:29.384 [pool-2-thread-86] DEBUG org.apache.http.wire -- http-outgoing-10 >> "Host: localhost:3000[\r][\n]"
22:57:29.384 [pool-2-thread-6] DEBUG org.apache.http.wire -- http-outgoing-45 >> "Connection: Keep-Alive[\r][\n]"
22:57:29.384 [pool-2-thread-45] DEBUG org.apache.http.wire -- http-outgoing-72 >> "Content-Type: application/json; charset=UTF-8[\r][\n]"
22:57:29.385 [pool-2-thread-6] DEBUG org.apache.http.wire -- http-outgoing-45 >> "User-Agent: Apache-HttpClient/4.5.14 (Java/17.0.9)[\r][\n]"
22:57:29.384 [pool-2-thread-2] DEBUG org.apache.http.wire -- http-outgoing-25 >> "Content-Length: 48[\r][\n]"
22:57:29.384 [pool-2-thread-57] DEBUG org.apache.http.wire -- http-outgoing-64 >> "User-Agent: Apache-HttpClient/4.5.14 (Java/17.0.9)[\r][\n]"
22:57:29.384 [pool-2-thread-14] DEBUG org.apache.http.headers -- http-outgoing-88 >> Host: localhost:3000
22:57:29.385 [pool-2-thread-14] DEBUG org.apache.http.headers -- http-outgoing-88 >> Connection: Keep-Alive
22:57:29.385 [pool-2-thread-57] DEBUG org.apache.http.wire -- http-outgoing-64 >> "Accept-Encoding: gzip,deflate[\r][\n]"
22:57:29.385 [pool-2-thread-57] DEBUG org.apache.http.wire -- http-outgoing-64 >> "[\r][\n]"
22:57:29.385 [pool-2-thread-57] DEBUG org.apache.http.wire -- http-outgoing-64 >> "{"email":"testit3@gmail.com","password":"Password123"}"
22:57:29.385 [pool-2-thread-14] DEBUG org.apache.http.headers -- http-outgoing-88 >> User-Agent: Apache-HttpClient/4.5.14 (Java/17.0.9)
22:57:29.385 [pool-2-thread-14] DEBUG org.apache.http.headers -- http-outgoing-88 >> Accept-Encoding: gzip,deflate
22:57:29.385 [pool-2-thread-14] DEBUG org.apache.http.wire -- http-outgoing-88 >> "POST /auth/login HTTP/1.1[\r][\n]"
22:57:29.385 [pool-2-thread-14] DEBUG org.apache.http.wire -- http-outgoing-88 >> "Content-Type: application/json; charset=UTF-8[\r][\n]"
22:57:29.385 [pool-2-thread-14] DEBUG org.apache.http.wire -- http-outgoing-88 >> "Content-Length: 54[\r][\n]"
22:57:29.385 [pool-2-thread-14] DEBUG org.apache.http.wire -- http-outgoing-88 >> "Host: localhost:3000[\r][\n]"
22:57:29.385 [pool-2-thread-14] DEBUG org.apache.http.wire -- http-outgoing-88 >> "Connection: Keep-Alive[\r][\n]"
22:57:29.384 [pool-2-thread-69] DEBUG org.apache.http.wire -- http-outgoing-46 >> "[\r][\n]"
22:57:29.385 [pool-2-thread-69] DEBUG org.apache.http.wire -- http-outgoing-46 >> "{"email":"testit@gmail.com","password":"Password123"}"
22:57:29.385 [pool-2-thread-56] DEBUG org.apache.http.wire -- http-outgoing-22 >> "User-Agent: Apache-HttpClient/4.5.14 (Java/17.0.9)[\r][\n]"
22:57:29.384 [pool-2-thread-75] DEBUG org.apache.http.wire -- http-outgoing-99 >> "{"email":"test28@example.com","password":"Password123"}"
22:57:29.385 [pool-2-thread-79] DEBUG org.apache.http.headers -- http-outgoing-14 >> Connection: Keep-Alive
22:57:29.385 [pool-2-thread-33] DEBUG org.apache.http.wire -- http-outgoing-65 >> "Content-Length: 53[\r][\n]"
22:57:29.386 [pool-2-thread-79] DEBUG org.apache.http.headers -- http-outgoing-14 >> User-Agent: Apache-HttpClient/4.5.14 (Java/17.0.9)
22:57:29.386 [pool-2-thread-79] DEBUG org.apache.http.headers -- http-outgoing-14 >> Accept-Encoding: gzip,deflate
22:57:29.385 [pool-2-thread-86] DEBUG org.apache.http.wire -- http-outgoing-10 >> "Connection: Keep-Alive[\r][\n]"
22:57:29.386 [pool-2-thread-79] DEBUG org.apache.http.wire -- http-outgoing-14 >> "POST /auth/login HTTP/1.1[\r][\n]"
22:57:29.386 [pool-2-thread-86] DEBUG org.apache.http.wire -- http-outgoing-10 >> "User-Agent: Apache-HttpClient/4.5.14 (Java/17.0.9)[\r][\n]"
22:57:29.386 [pool-2-thread-79] DEBUG org.apache.http.wire -- http-outgoing-14 >> "Content-Type: application/json; charset=UTF-8[\r][\n]"
22:57:29.385 [pool-2-thread-45] DEBUG org.apache.http.wire -- http-outgoing-72 >> "Content-Length: 55[\r][\n]"
22:57:29.385 [pool-2-thread-6] DEBUG org.apache.http.wire -- http-outgoing-45 >> "Accept-Encoding: gzip,deflate[\r][\n]"
22:57:29.385 [pool-2-thread-2] DEBUG org.apache.http.wire -- http-outgoing-25 >> "Host: localhost:3000[\r][\n]"
22:57:29.385 [pool-2-thread-14] DEBUG org.apache.http.wire -- http-outgoing-88 >> "User-Agent: Apache-HttpClient/4.5.14 (Java/17.0.9)[\r][\n]"
22:57:29.386 [pool-2-thread-56] DEBUG org.apache.http.wire -- http-outgoing-22 >> "Accept-Encoding: gzip,deflate[\r][\n]"
22:57:29.386 [pool-2-thread-33] DEBUG org.apache.http.wire -- http-outgoing-65 >> "Host: localhost:3000[\r][\n]"
22:57:29.386 [pool-2-thread-86] DEBUG org.apache.http.wire -- http-outgoing-10 >> "Accept-Encoding: gzip,deflate[\r][\n]"
22:57:29.386 [pool-2-thread-86] DEBUG org.apache.http.wire -- http-outgoing-10 >> "[\r][\n]"
22:57:29.386 [pool-2-thread-79] DEBUG org.apache.http.wire -- http-outgoing-14 >> "Content-Length: 53[\r][\n]"
22:57:29.386 [pool-2-thread-45] DEBUG org.apache.http.wire -- http-outgoing-72 >> "Host: localhost:3000[\r][\n]"
22:57:29.386 [pool-2-thread-6] DEBUG org.apache.http.wire -- http-outgoing-45 >> "[\r][\n]"
22:57:29.386 [pool-2-thread-2] DEBUG org.apache.http.wire -- http-outgoing-25 >> "Connection: Keep-Alive[\r][\n]"
22:57:29.386 [pool-2-thread-6] DEBUG org.apache.http.wire -- http-outgoing-45 >> "{"email":"testit4@gmail.com","password":"Password123"}"
22:57:29.386 [pool-2-thread-2] DEBUG org.apache.http.wire -- http-outgoing-25 >> "User-Agent: Apache-HttpClient/4.5.14 (Java/17.0.9)[\r][\n]"
22:57:29.386 [pool-2-thread-14] DEBUG org.apache.http.wire -- http-outgoing-88 >> "Accept-Encoding: gzip,deflate[\r][\n]"
22:57:29.386 [pool-2-thread-56] DEBUG org.apache.http.wire -- http-outgoing-22 >> "[\r][\n]"
22:57:29.386 [pool-2-thread-56] DEBUG org.apache.http.wire -- http-outgoing-22 >> "{"email":"testit4@gmail.com","password":"Password123"}"
22:57:29.386 [pool-2-thread-33] DEBUG org.apache.http.wire -- http-outgoing-65 >> "Connection: Keep-Alive[\r][\n]"
22:57:29.386 [pool-2-thread-33] DEBUG org.apache.http.wire -- http-outgoing-65 >> "User-Agent: Apache-HttpClient/4.5.14 (Java/17.0.9)[\r][\n]"
22:57:29.386 [pool-2-thread-33] DEBUG org.apache.http.wire -- http-outgoing-65 >> "Accept-Encoding: gzip,deflate[\r][\n]"
22:57:29.386 [pool-2-thread-33] DEBUG org.apache.http.wire -- http-outgoing-65 >> "[\r][\n]"
22:57:29.386 [pool-2-thread-33] DEBUG org.apache.http.wire -- http-outgoing-65 >> "{"email":"test@example.com","password":"Password123"}"
22:57:29.386 [pool-2-thread-86] DEBUG org.apache.http.wire -- http-outgoing-10 >> "{"email":"testit4@gmail.com","password":"Password123"}"
22:57:29.386 [pool-2-thread-79] DEBUG org.apache.http.wire -- http-outgoing-14 >> "Host: localhost:3000[\r][\n]"
22:57:29.386 [pool-2-thread-45] DEBUG org.apache.http.wire -- http-outgoing-72 >> "Connection: Keep-Alive[\r][\n]"
22:57:29.386 [pool-2-thread-45] DEBUG org.apache.http.wire -- http-outgoing-72 >> "User-Agent: Apache-HttpClient/4.5.14 (Java/17.0.9)[\r][\n]"
22:57:29.386 [pool-2-thread-45] DEBUG org.apache.http.wire -- http-outgoing-72 >> "Accept-Encoding: gzip,deflate[\r][\n]"
22:57:29.386 [pool-2-thread-45] DEBUG org.apache.http.wire -- http-outgoing-72 >> "[\r][\n]"
22:57:29.386 [pool-2-thread-45] DEBUG org.apache.http.wire -- http-outgoing-72 >> "{"email":"test28@example.com","password":"Password123"}"
22:57:29.386 [pool-2-thread-2] DEBUG org.apache.http.wire -- http-outgoing-25 >> "Accept-Encoding: gzip,deflate[\r][\n]"
22:57:29.386 [pool-2-thread-2] DEBUG org.apache.http.wire -- http-outgoing-25 >> "[\r][\n]"
22:57:29.386 [pool-2-thread-14] DEBUG org.apache.http.wire -- http-outgoing-88 >> "[\r][\n]"
22:57:29.386 [pool-2-thread-79] DEBUG org.apache.http.wire -- http-outgoing-14 >> "Connection: Keep-Alive[\r][\n]"
22:57:29.386 [pool-2-thread-14] DEBUG org.apache.http.wire -- http-outgoing-88 >> "{"email":"test2@example.com","password":"Password123"}"
22:57:29.386 [pool-2-thread-79] DEBUG org.apache.http.wire -- http-outgoing-14 >> "User-Agent: Apache-HttpClient/4.5.14 (Java/17.0.9)[\r][\n]"
22:57:29.386 [pool-2-thread-2] DEBUG org.apache.http.wire -- http-outgoing-25 >> "{"email":"quang1@gmail.com","password":"quang1"}"
22:57:29.386 [pool-2-thread-79] DEBUG org.apache.http.wire -- http-outgoing-14 >> "Accept-Encoding: gzip,deflate[\r][\n]"
22:57:29.387 [pool-2-thread-79] DEBUG org.apache.http.wire -- http-outgoing-14 >> "[\r][\n]"
22:57:29.387 [pool-2-thread-79] DEBUG org.apache.http.wire -- http-outgoing-14 >> "{"email":"testit@gmail.com","password":"Password123"}"
22:57:29.919 [pool-2-thread-65] DEBUG org.apache.http.wire -- http-outgoing-87 << "HTTP/1.1 200 OK[\r][\n]"
22:57:29.919 [pool-2-thread-65] DEBUG org.apache.http.wire -- http-outgoing-87 << "X-Powered-By: Express[\r][\n]"
22:57:29.919 [pool-2-thread-65] DEBUG org.apache.http.wire -- http-outgoing-87 << "Access-Control-Allow-Origin: *[\r][\n]"
22:57:29.919 [pool-2-thread-65] DEBUG org.apache.http.wire -- http-outgoing-87 << "Content-Type: application/json; charset=utf-8[\r][\n]"
22:57:29.919 [pool-2-thread-65] DEBUG org.apache.http.wire -- http-outgoing-87 << "Content-Length: 607[\r][\n]"
22:57:29.919 [pool-2-thread-65] DEBUG org.apache.http.wire -- http-outgoing-87 << "ETag: W/"25f-2dsqtuLhORBRsfkiTYCeq/5qxDc"[\r][\n]"
22:57:29.919 [pool-2-thread-65] DEBUG org.apache.http.wire -- http-outgoing-87 << "Date: Sun, 22 Jun 2025 15:57:29 GMT[\r][\n]"
22:57:29.919 [pool-2-thread-65] DEBUG org.apache.http.wire -- http-outgoing-87 << "Connection: keep-alive[\r][\n]"
22:57:29.919 [pool-2-thread-65] DEBUG org.apache.http.wire -- http-outgoing-87 << "Keep-Alive: timeout=5[\r][\n]"
22:57:29.919 [pool-2-thread-65] DEBUG org.apache.http.wire -- http-outgoing-87 << "[\r][\n]"
22:57:29.919 [pool-2-thread-65] DEBUG org.apache.http.wire -- http-outgoing-87 << "{"access_token":"eyJhbGciOiJIUzI1NiIsInR5cCI6IkpXVCJ9.eyJzdWIiOiJjMjE0MjJkZi1jY2VjLTQ0MGUtOWE0Mi1jMWI4MmFiZjczM2QiLCJ1c2VybmFtZSI6ImpvaG5kb2UyOCIsInJvbGUiOjAsImlhdCI6MTc1MDYwNzg0OSwiZXhwIjoxNzUwNjExNDQ5fQ.102m4LkkOAEpNTSspNHGZpi4y0S9oJb8SDOfi2YQyBE","refresh_token":"82cd210bc3d9705116fe101591f3d80c09fc09a89a8565fc080a406798f91ef5","user":{"id":"c21422df-ccec-440e-9a42-c1b82abf733d","email":"test28@example.com","username":"johndoe28","name":"John Doe","phoneNumber":"84987654321","profilePic":null,"bio":null,"private":false,"verified":false,"role":0,"followersCount":0,"followingCount":0,"postCount":0}}"
22:57:29.923 [pool-2-thread-65] DEBUG org.apache.http.headers -- http-outgoing-87 << HTTP/1.1 200 OK
22:57:29.923 [pool-2-thread-65] DEBUG org.apache.http.headers -- http-outgoing-87 << X-Powered-By: Express
22:57:29.923 [pool-2-thread-65] DEBUG org.apache.http.headers -- http-outgoing-87 << Access-Control-Allow-Origin: *
22:57:29.923 [pool-2-thread-65] DEBUG org.apache.http.headers -- http-outgoing-87 << Content-Type: application/json; charset=utf-8
22:57:29.923 [pool-2-thread-65] DEBUG org.apache.http.headers -- http-outgoing-87 << Content-Length: 607
22:57:29.923 [pool-2-thread-65] DEBUG org.apache.http.headers -- http-outgoing-87 << ETag: W/"25f-2dsqtuLhORBRsfkiTYCeq/5qxDc"
22:57:29.923 [pool-2-thread-65] DEBUG org.apache.http.headers -- http-outgoing-87 << Date: Sun, 22 Jun 2025 15:57:29 GMT
22:57:29.923 [pool-2-thread-65] DEBUG org.apache.http.headers -- http-outgoing-87 << Connection: keep-alive
22:57:29.923 [pool-2-thread-65] DEBUG org.apache.http.headers -- http-outgoing-87 << Keep-Alive: timeout=5
22:57:29.927 [pool-2-thread-4] DEBUG org.apache.http.wire -- http-outgoing-12 << "HTTP/1.1 200 OK[\r][\n]"
22:57:29.927 [pool-2-thread-4] DEBUG org.apache.http.wire -- http-outgoing-12 << "X-Powered-By: Express[\r][\n]"
22:57:29.927 [pool-2-thread-4] DEBUG org.apache.http.wire -- http-outgoing-12 << "Access-Control-Allow-Origin: *[\r][\n]"
22:57:29.927 [pool-2-thread-4] DEBUG org.apache.http.wire -- http-outgoing-12 << "Content-Type: application/json; charset=utf-8[\r][\n]"
22:57:29.927 [pool-2-thread-4] DEBUG org.apache.http.wire -- http-outgoing-12 << "Content-Length: 608[\r][\n]"
22:57:29.927 [pool-2-thread-4] DEBUG org.apache.http.wire -- http-outgoing-12 << "ETag: W/"260-9lw2kJHeOlAHW15UnyHKuEIS1vs"[\r][\n]"
22:57:29.927 [pool-2-thread-4] DEBUG org.apache.http.wire -- http-outgoing-12 << "Date: Sun, 22 Jun 2025 15:57:29 GMT[\r][\n]"
22:57:29.927 [pool-2-thread-4] DEBUG org.apache.http.wire -- http-outgoing-12 << "Connection: keep-alive[\r][\n]"
22:57:29.927 [pool-2-thread-4] DEBUG org.apache.http.wire -- http-outgoing-12 << "Keep-Alive: timeout=5[\r][\n]"
22:57:29.927 [pool-2-thread-4] DEBUG org.apache.http.wire -- http-outgoing-12 << "[\r][\n]"
22:57:29.927 [pool-2-thread-4] DEBUG org.apache.http.wire -- http-outgoing-12 << "{"access_token":"eyJhbGciOiJIUzI1NiIsInR5cCI6IkpXVCJ9.eyJzdWIiOiI4YTI0NzQ2MS01YzA0LTQyMWQtOThmNS1mYTljNzM0ZmFlYTUiLCJ1c2VybmFtZSI6ImphbmVzbWl0aCIsInJvbGUiOjAsImlhdCI6MTc1MDYwNzg0OSwiZXhwIjoxNzUwNjExNDQ5fQ.ZLooYLysGVdEuqb2g76RUhaaa8_F5OTyNVCVGKwu8xM","refresh_token":"5bfce3d94d6a4d5030701338ef851452398dad2e98fa01b852c1f605b1cedcd7","user":{"id":"8a247461-5c04-421d-98f5-fa9c734faea5","email":"test2@example.com","username":"janesmith","name":"Jane Smith","phoneNumber":"01234567890","profilePic":null,"bio":null,"private":false,"verified":false,"role":0,"followersCount":0,"followingCount":0,"postCount":0}}"
22:57:29.927 [pool-2-thread-4] DEBUG org.apache.http.headers -- http-outgoing-12 << HTTP/1.1 200 OK
22:57:29.927 [pool-2-thread-4] DEBUG org.apache.http.headers -- http-outgoing-12 << X-Powered-By: Express
22:57:29.927 [pool-2-thread-4] DEBUG org.apache.http.headers -- http-outgoing-12 << Access-Control-Allow-Origin: *
22:57:29.927 [pool-2-thread-4] DEBUG org.apache.http.headers -- http-outgoing-12 << Content-Type: application/json; charset=utf-8
22:57:29.927 [pool-2-thread-4] DEBUG org.apache.http.headers -- http-outgoing-12 << Content-Length: 608
22:57:29.927 [pool-2-thread-4] DEBUG org.apache.http.headers -- http-outgoing-12 << ETag: W/"260-9lw2kJHeOlAHW15UnyHKuEIS1vs"
22:57:29.927 [pool-2-thread-4] DEBUG org.apache.http.headers -- http-outgoing-12 << Date: Sun, 22 Jun 2025 15:57:29 GMT
22:57:29.927 [pool-2-thread-4] DEBUG org.apache.http.headers -- http-outgoing-12 << Connection: keep-alive
22:57:29.927 [pool-2-thread-4] DEBUG org.apache.http.headers -- http-outgoing-12 << Keep-Alive: timeout=5
22:57:29.927 [pool-2-thread-53] DEBUG org.apache.http.wire -- http-outgoing-57 << "HTTP/1.1 200 OK[\r][\n]"
22:57:29.927 [pool-2-thread-53] DEBUG org.apache.http.wire -- http-outgoing-57 << "X-Powered-By: Express[\r][\n]"
22:57:29.927 [pool-2-thread-53] DEBUG org.apache.http.wire -- http-outgoing-57 << "Access-Control-Allow-Origin: *[\r][\n]"
22:57:29.927 [pool-2-thread-53] DEBUG org.apache.http.wire -- http-outgoing-57 << "Content-Type: application/json; charset=utf-8[\r][\n]"
22:57:29.927 [pool-2-thread-53] DEBUG org.apache.http.wire -- http-outgoing-57 << "Content-Length: 599[\r][\n]"
22:57:29.927 [pool-2-thread-53] DEBUG org.apache.http.wire -- http-outgoing-57 << "ETag: W/"257-dFliKUCiSiWIWD5L5USrWRi/mg4"[\r][\n]"
22:57:29.927 [pool-2-thread-53] DEBUG org.apache.http.wire -- http-outgoing-57 << "Date: Sun, 22 Jun 2025 15:57:29 GMT[\r][\n]"
22:57:29.927 [pool-2-thread-53] DEBUG org.apache.http.wire -- http-outgoing-57 << "Connection: keep-alive[\r][\n]"
22:57:29.927 [pool-2-thread-53] DEBUG org.apache.http.wire -- http-outgoing-57 << "Keep-Alive: timeout=5[\r][\n]"
22:57:29.927 [pool-2-thread-53] DEBUG org.apache.http.wire -- http-outgoing-57 << "[\r][\n]"
22:57:29.927 [pool-2-thread-53] DEBUG org.apache.http.wire -- http-outgoing-57 << "{"access_token":"eyJhbGciOiJIUzI1NiIsInR5cCI6IkpXVCJ9.eyJzdWIiOiIyZGRhMDQzOS01MTgwLTQ1YWEtOTE3Zi1lNjMyZTQ1YThlNDEiLCJ1c2VybmFtZSI6ImpvaG5kb2UiLCJyb2xlIjowLCJpYXQiOjE3NTA2MDc4NDksImV4cCI6MTc1MDYxMTQ0OX0.B9Wyf-50sw8dlFvK5e6F1-Sn5E1TwkqeUTfOR6s58JI","refresh_token":"4beb8ce47f0832e7b8ce51b48935a7f96352f2294cc612254983e28172cfb951","user":{"id":"2dda0439-5180-45aa-917f-e632e45a8e41","email":"test@example.com","username":"johndoe","name":"John Doe","phoneNumber":"0987654321","profilePic":null,"bio":null,"private":false,"verified":false,"role":0,"followersCount":0,"followingCount":0,"postCount":0}}"
22:57:29.927 [pool-2-thread-53] DEBUG org.apache.http.headers -- http-outgoing-57 << HTTP/1.1 200 OK
22:57:29.927 [pool-2-thread-53] DEBUG org.apache.http.headers -- http-outgoing-57 << X-Powered-By: Express
22:57:29.927 [pool-2-thread-53] DEBUG org.apache.http.headers -- http-outgoing-57 << Access-Control-Allow-Origin: *
22:57:29.927 [pool-2-thread-53] DEBUG org.apache.http.headers -- http-outgoing-57 << Content-Type: application/json; charset=utf-8
22:57:29.927 [pool-2-thread-53] DEBUG org.apache.http.headers -- http-outgoing-57 << Content-Length: 599
22:57:29.927 [pool-2-thread-53] DEBUG org.apache.http.headers -- http-outgoing-57 << ETag: W/"257-dFliKUCiSiWIWD5L5USrWRi/mg4"
22:57:29.927 [pool-2-thread-53] DEBUG org.apache.http.headers -- http-outgoing-57 << Date: Sun, 22 Jun 2025 15:57:29 GMT
22:57:29.927 [pool-2-thread-53] DEBUG org.apache.http.headers -- http-outgoing-57 << Connection: keep-alive
22:57:29.927 [pool-2-thread-53] DEBUG org.apache.http.headers -- http-outgoing-57 << Keep-Alive: timeout=5
22:57:29.929 [pool-2-thread-53] DEBUG org.apache.http.impl.execchain.MainClientExec -- Connection can be kept alive for 5000 MILLISECONDS
22:57:29.929 [pool-2-thread-4] DEBUG org.apache.http.impl.execchain.MainClientExec -- Connection can be kept alive for 5000 MILLISECONDS
22:57:29.929 [pool-2-thread-65] DEBUG org.apache.http.impl.execchain.MainClientExec -- Connection can be kept alive for 5000 MILLISECONDS
22:57:29.931 [pool-2-thread-48] DEBUG org.apache.http.wire -- http-outgoing-42 << "HTTP/1.1 200 OK[\r][\n]"
22:57:29.931 [pool-2-thread-48] DEBUG org.apache.http.wire -- http-outgoing-42 << "X-Powered-By: Express[\r][\n]"
22:57:29.931 [pool-2-thread-48] DEBUG org.apache.http.wire -- http-outgoing-42 << "Access-Control-Allow-Origin: *[\r][\n]"
22:57:29.931 [pool-2-thread-48] DEBUG org.apache.http.wire -- http-outgoing-42 << "Content-Type: application/json; charset=utf-8[\r][\n]"
22:57:29.931 [pool-2-thread-48] DEBUG org.apache.http.wire -- http-outgoing-42 << "Content-Length: 609[\r][\n]"
22:57:29.931 [pool-2-thread-48] DEBUG org.apache.http.wire -- http-outgoing-42 << "ETag: W/"261-LS12AToMfd1/SkKPv0oLfq3J6Z0"[\r][\n]"
22:57:29.931 [pool-2-thread-48] DEBUG org.apache.http.wire -- http-outgoing-42 << "Date: Sun, 22 Jun 2025 15:57:29 GMT[\r][\n]"
22:57:29.931 [pool-2-thread-48] DEBUG org.apache.http.wire -- http-outgoing-42 << "Connection: keep-alive[\r][\n]"
22:57:29.931 [pool-2-thread-48] DEBUG org.apache.http.wire -- http-outgoing-42 << "Keep-Alive: timeout=5[\r][\n]"
22:57:29.931 [pool-2-thread-48] DEBUG org.apache.http.wire -- http-outgoing-42 << "[\r][\n]"
22:57:29.931 [pool-2-thread-48] DEBUG org.apache.http.wire -- http-outgoing-42 << "{"access_token":"eyJhbGciOiJIUzI1NiIsInR5cCI6IkpXVCJ9.eyJzdWIiOiIyNzJmNmI1NS01MTc5LTRhZTMtODU2My1iNGVjMTBmNzY3MTUiLCJ1c2VybmFtZSI6ImpvaG5kb2UyZDVkIiwicm9sZSI6MCwiaWF0IjoxNzUwNjA3ODQ5LCJleHAiOjE3NTA2MTE0NDl9.NCDjMZXxqbABN7hvNv-ku4awHz6715fnwCBxUiI80YY","refresh_token":"0a8c7e9950b3ee6f7b29c51e21b92709cf0316c615352334f8c7687bc9820e5a","user":{"id":"272f6b55-5179-4ae3-8563-b4ec10f76715","email":"testit5@gmail.com","username":"johndoe2d5d","name":"John Doe","phoneNumber":"0123456132","profilePic":null,"bio":null,"private":false,"verified":false,"role":0,"followersCount":0,"followingCount":0,"postCount":0}}"
22:57:29.931 [pool-2-thread-48] DEBUG org.apache.http.headers -- http-outgoing-42 << HTTP/1.1 200 OK
22:57:29.931 [pool-2-thread-48] DEBUG org.apache.http.headers -- http-outgoing-42 << X-Powered-By: Express
22:57:29.931 [pool-2-thread-48] DEBUG org.apache.http.headers -- http-outgoing-42 << Access-Control-Allow-Origin: *
22:57:29.931 [pool-2-thread-48] DEBUG org.apache.http.headers -- http-outgoing-42 << Content-Type: application/json; charset=utf-8
22:57:29.931 [pool-2-thread-48] DEBUG org.apache.http.headers -- http-outgoing-42 << Content-Length: 609
22:57:29.931 [pool-2-thread-48] DEBUG org.apache.http.headers -- http-outgoing-42 << ETag: W/"261-LS12AToMfd1/SkKPv0oLfq3J6Z0"
22:57:29.931 [pool-2-thread-48] DEBUG org.apache.http.headers -- http-outgoing-42 << Date: Sun, 22 Jun 2025 15:57:29 GMT
22:57:29.931 [pool-2-thread-48] DEBUG org.apache.http.headers -- http-outgoing-42 << Connection: keep-alive
22:57:29.931 [pool-2-thread-48] DEBUG org.apache.http.headers -- http-outgoing-42 << Keep-Alive: timeout=5
22:57:29.931 [pool-2-thread-48] DEBUG org.apache.http.impl.execchain.MainClientExec -- Connection can be kept alive for 5000 MILLISECONDS
22:57:29.932 [pool-2-thread-65] DEBUG org.apache.http.impl.conn.PoolingHttpClientConnectionManager -- Connection [id: 46][route: {}->http://localhost:3000] can be kept alive for 5.0 seconds
22:57:29.932 [pool-2-thread-65] DEBUG org.apache.http.impl.conn.DefaultManagedHttpClientConnection -- http-outgoing-87: set socket timeout to 0
22:57:29.932 [pool-2-thread-4] DEBUG org.apache.http.impl.conn.PoolingHttpClientConnectionManager -- Connection [id: 78][route: {}->http://localhost:3000] can be kept alive for 5.0 seconds
22:57:29.932 [pool-2-thread-48] DEBUG org.apache.http.impl.conn.PoolingHttpClientConnectionManager -- Connection [id: 32][route: {}->http://localhost:3000] can be kept alive for 5.0 seconds
22:57:29.932 [pool-2-thread-53] DEBUG org.apache.http.impl.conn.PoolingHttpClientConnectionManager -- Connection [id: 70][route: {}->http://localhost:3000] can be kept alive for 5.0 seconds
22:57:29.933 [pool-2-thread-65] DEBUG org.apache.http.impl.conn.PoolingHttpClientConnectionManager -- Connection released: [id: 46][route: {}->http://localhost:3000][total available: 1; route allocated: 1 of 5; total allocated: 1 of 10]
22:57:29.933 [pool-2-thread-4] DEBUG org.apache.http.impl.conn.DefaultManagedHttpClientConnection -- http-outgoing-12: set socket timeout to 0
22:57:29.933 [pool-2-thread-48] DEBUG org.apache.http.impl.conn.DefaultManagedHttpClientConnection -- http-outgoing-42: set socket timeout to 0
22:57:29.933 [pool-2-thread-53] DEBUG org.apache.http.impl.conn.DefaultManagedHttpClientConnection -- http-outgoing-57: set socket timeout to 0
22:57:29.933 [pool-2-thread-48] DEBUG org.apache.http.impl.conn.PoolingHttpClientConnectionManager -- Connection released: [id: 32][route: {}->http://localhost:3000][total available: 1; route allocated: 1 of 5; total allocated: 1 of 10]
22:57:29.933 [pool-2-thread-4] DEBUG org.apache.http.impl.conn.PoolingHttpClientConnectionManager -- Connection released: [id: 78][route: {}->http://localhost:3000][total available: 1; route allocated: 1 of 5; total allocated: 1 of 10]
22:57:29.933 [pool-2-thread-48] DEBUG org.apache.http.impl.conn.PoolingHttpClientConnectionManager -- Connection manager is shutting down
22:57:29.933 [pool-2-thread-53] DEBUG org.apache.http.impl.conn.PoolingHttpClientConnectionManager -- Connection released: [id: 70][route: {}->http://localhost:3000][total available: 1; route allocated: 1 of 5; total allocated: 1 of 10]
22:57:29.933 [pool-2-thread-4] DEBUG org.apache.http.impl.conn.PoolingHttpClientConnectionManager -- Connection manager is shutting down
22:57:29.933 [pool-2-thread-65] DEBUG org.apache.http.impl.conn.PoolingHttpClientConnectionManager -- Connection manager is shutting down
22:57:29.933 [pool-2-thread-53] DEBUG org.apache.http.impl.conn.PoolingHttpClientConnectionManager -- Connection manager is shutting down
22:57:29.933 [pool-2-thread-65] DEBUG org.apache.http.impl.conn.DefaultManagedHttpClientConnection -- http-outgoing-87: Close connection
22:57:29.933 [pool-2-thread-48] DEBUG org.apache.http.impl.conn.DefaultManagedHttpClientConnection -- http-outgoing-42: Close connection
22:57:29.933 [pool-2-thread-53] DEBUG org.apache.http.impl.conn.DefaultManagedHttpClientConnection -- http-outgoing-57: Close connection
22:57:29.933 [pool-2-thread-4] DEBUG org.apache.http.impl.conn.DefaultManagedHttpClientConnection -- http-outgoing-12: Close connection
22:57:29.934 [pool-2-thread-53] DEBUG org.apache.http.impl.conn.PoolingHttpClientConnectionManager -- Connection manager shut down
22:57:29.934 [pool-2-thread-4] DEBUG org.apache.http.impl.conn.PoolingHttpClientConnectionManager -- Connection manager shut down
22:57:29.934 [pool-2-thread-48] DEBUG org.apache.http.impl.conn.PoolingHttpClientConnectionManager -- Connection manager shut down
22:57:29.934 [pool-2-thread-65] DEBUG org.apache.http.impl.conn.PoolingHttpClientConnectionManager -- Connection manager shut down
22:57:29.936 [pool-2-thread-53] DEBUG com.intuit.karate -- response time in milliseconds: 729
1 < 200
1 < X-Powered-By: Express
1 < Access-Control-Allow-Origin: *
1 < Content-Type: application/json; charset=utf-8
1 < Content-Length: 599
1 < ETag: W/"257-dFliKUCiSiWIWD5L5USrWRi/mg4"
1 < Date: Sun, 22 Jun 2025 15:57:29 GMT
1 < Connection: keep-alive
1 < Keep-Alive: timeout=5
{"access_token":"eyJhbGciOiJIUzI1NiIsInR5cCI6IkpXVCJ9.eyJzdWIiOiIyZGRhMDQzOS01MTgwLTQ1YWEtOTE3Zi1lNjMyZTQ1YThlNDEiLCJ1c2VybmFtZSI6ImpvaG5kb2UiLCJyb2xlIjowLCJpYXQiOjE3NTA2MDc4NDksImV4cCI6MTc1MDYxMTQ0OX0.B9Wyf-50sw8dlFvK5e6F1-Sn5E1TwkqeUTfOR6s58JI","refresh_token":"4beb8ce47f0832e7b8ce51b48935a7f96352f2294cc612254983e28172cfb951","user":{"id":"2dda0439-5180-45aa-917f-e632e45a8e41","email":"test@example.com","username":"johndoe","name":"John Doe","phoneNumber":"0987654321","profilePic":null,"bio":null,"private":false,"verified":false,"role":0,"followersCount":0,"followingCount":0,"postCount":0}}

22:57:29.936 [pool-2-thread-4] DEBUG com.intuit.karate -- response time in milliseconds: 727
1 < 200
1 < X-Powered-By: Express
1 < Access-Control-Allow-Origin: *
1 < Content-Type: application/json; charset=utf-8
1 < Content-Length: 608
1 < ETag: W/"260-9lw2kJHeOlAHW15UnyHKuEIS1vs"
1 < Date: Sun, 22 Jun 2025 15:57:29 GMT
1 < Connection: keep-alive
1 < Keep-Alive: timeout=5
{"access_token":"eyJhbGciOiJIUzI1NiIsInR5cCI6IkpXVCJ9.eyJzdWIiOiI4YTI0NzQ2MS01YzA0LTQyMWQtOThmNS1mYTljNzM0ZmFlYTUiLCJ1c2VybmFtZSI6ImphbmVzbWl0aCIsInJvbGUiOjAsImlhdCI6MTc1MDYwNzg0OSwiZXhwIjoxNzUwNjExNDQ5fQ.ZLooYLysGVdEuqb2g76RUhaaa8_F5OTyNVCVGKwu8xM","refresh_token":"5bfce3d94d6a4d5030701338ef851452398dad2e98fa01b852c1f605b1cedcd7","user":{"id":"8a247461-5c04-421d-98f5-fa9c734faea5","email":"test2@example.com","username":"janesmith","name":"Jane Smith","phoneNumber":"01234567890","profilePic":null,"bio":null,"private":false,"verified":false,"role":0,"followersCount":0,"followingCount":0,"postCount":0}}

22:57:29.936 [pool-2-thread-65] DEBUG com.intuit.karate -- response time in milliseconds: 714
1 < 200
1 < X-Powered-By: Express
1 < Access-Control-Allow-Origin: *
1 < Content-Type: application/json; charset=utf-8
1 < Content-Length: 607
1 < ETag: W/"25f-2dsqtuLhORBRsfkiTYCeq/5qxDc"
1 < Date: Sun, 22 Jun 2025 15:57:29 GMT
1 < Connection: keep-alive
1 < Keep-Alive: timeout=5
{"access_token":"eyJhbGciOiJIUzI1NiIsInR5cCI6IkpXVCJ9.eyJzdWIiOiJjMjE0MjJkZi1jY2VjLTQ0MGUtOWE0Mi1jMWI4MmFiZjczM2QiLCJ1c2VybmFtZSI6ImpvaG5kb2UyOCIsInJvbGUiOjAsImlhdCI6MTc1MDYwNzg0OSwiZXhwIjoxNzUwNjExNDQ5fQ.102m4LkkOAEpNTSspNHGZpi4y0S9oJb8SDOfi2YQyBE","refresh_token":"82cd210bc3d9705116fe101591f3d80c09fc09a89a8565fc080a406798f91ef5","user":{"id":"c21422df-ccec-440e-9a42-c1b82abf733d","email":"test28@example.com","username":"johndoe28","name":"John Doe","phoneNumber":"84987654321","profilePic":null,"bio":null,"private":false,"verified":false,"role":0,"followersCount":0,"followingCount":0,"postCount":0}}

22:57:29.936 [pool-2-thread-48] DEBUG com.intuit.karate -- response time in milliseconds: 728
1 < 200
1 < X-Powered-By: Express
1 < Access-Control-Allow-Origin: *
1 < Content-Type: application/json; charset=utf-8
1 < Content-Length: 609
1 < ETag: W/"261-LS12AToMfd1/SkKPv0oLfq3J6Z0"
1 < Date: Sun, 22 Jun 2025 15:57:29 GMT
1 < Connection: keep-alive
1 < Keep-Alive: timeout=5
{"access_token":"eyJhbGciOiJIUzI1NiIsInR5cCI6IkpXVCJ9.eyJzdWIiOiIyNzJmNmI1NS01MTc5LTRhZTMtODU2My1iNGVjMTBmNzY3MTUiLCJ1c2VybmFtZSI6ImpvaG5kb2UyZDVkIiwicm9sZSI6MCwiaWF0IjoxNzUwNjA3ODQ5LCJleHAiOjE3NTA2MTE0NDl9.NCDjMZXxqbABN7hvNv-ku4awHz6715fnwCBxUiI80YY","refresh_token":"0a8c7e9950b3ee6f7b29c51e21b92709cf0316c615352334f8c7687bc9820e5a","user":{"id":"272f6b55-5179-4ae3-8563-b4ec10f76715","email":"testit5@gmail.com","username":"johndoe2d5d","name":"John Doe","phoneNumber":"0123456132","profilePic":null,"bio":null,"private":false,"verified":false,"role":0,"followersCount":0,"followingCount":0,"postCount":0}}

22:57:29.943 [pool-2-thread-53] INFO com.intuit.karate -- [print] Concurrent call completed, status: 200 
22:57:29.943 [pool-2-thread-4] INFO com.intuit.karate -- [print] Concurrent call completed, status: 200 
22:57:29.943 [pool-2-thread-48] INFO com.intuit.karate -- [print] Concurrent call completed, status: 200 
22:57:29.943 [pool-2-thread-65] INFO com.intuit.karate -- [print] Concurrent call completed, status: 200 
22:57:30.659 [pool-2-thread-71] DEBUG org.apache.http.wire -- http-outgoing-85 << "HTTP/1.1 200 OK[\r][\n]"
22:57:30.659 [pool-2-thread-71] DEBUG org.apache.http.wire -- http-outgoing-85 << "X-Powered-By: Express[\r][\n]"
22:57:30.659 [pool-2-thread-71] DEBUG org.apache.http.wire -- http-outgoing-85 << "Access-Control-Allow-Origin: *[\r][\n]"
22:57:30.659 [pool-2-thread-71] DEBUG org.apache.http.wire -- http-outgoing-85 << "Content-Type: application/json; charset=utf-8[\r][\n]"
22:57:30.659 [pool-2-thread-71] DEBUG org.apache.http.wire -- http-outgoing-85 << "Content-Length: 708[\r][\n]"
22:57:30.659 [pool-2-thread-71] DEBUG org.apache.http.wire -- http-outgoing-85 << "ETag: W/"2c4-t1/AnjNXZme3SnaUbsXjb5DKQ0g"[\r][\n]"
22:57:30.659 [pool-2-thread-71] DEBUG org.apache.http.wire -- http-outgoing-85 << "Date: Sun, 22 Jun 2025 15:57:30 GMT[\r][\n]"
22:57:30.659 [pool-2-thread-71] DEBUG org.apache.http.wire -- http-outgoing-85 << "Connection: keep-alive[\r][\n]"
22:57:30.659 [pool-2-thread-71] DEBUG org.apache.http.wire -- http-outgoing-85 << "Keep-Alive: timeout=5[\r][\n]"
22:57:30.659 [pool-2-thread-71] DEBUG org.apache.http.wire -- http-outgoing-85 << "[\r][\n]"
22:57:30.659 [pool-2-thread-71] DEBUG org.apache.http.wire -- http-outgoing-85 << "{"access_token":"eyJhbGciOiJIUzI1NiIsInR5cCI6IkpXVCJ9.eyJzdWIiOiIwODUxNWIwNS0yZDNlLTQ3ODktYWQ2MC1kYjM1NTI1YTQ5NzAiLCJ1c2VybmFtZSI6Im5hbSIsInJvbGUiOjAsImlhdCI6MTc1MDYwNzg0OSwiZXhwIjoxNzUwNjExNDQ5fQ.XaIk_TTEzvsZVAyMxZfHdaWdpjH3p3uht6_f76VMAGU","refresh_token":"2f9b33e7e3b4788272e189b8e3e70b2751981920ca03fd5e3d0149f60adf91d6","user":{"id":"08515b05-2d3e-4789-ad60-db35525a4970","email":"nam@gmail.com","username":"nam","name":"nam","phoneNumber":"0123456789","profilePic":"https://res.cloudinary.com/dizcvrefo/image/upload/v1749266646/nestjs_uploads/zk9zrpeidnovxibfqdxr.png","bio":"Chu tich hoi dong Quan tri 1","private":false,"verified":false,"role":0,"followersCount":2,"followingCount":2,"postCount":13}}"
22:57:30.660 [pool-2-thread-71] DEBUG org.apache.http.headers -- http-outgoing-85 << HTTP/1.1 200 OK
22:57:30.660 [pool-2-thread-71] DEBUG org.apache.http.headers -- http-outgoing-85 << X-Powered-By: Express
22:57:30.660 [pool-2-thread-71] DEBUG org.apache.http.headers -- http-outgoing-85 << Access-Control-Allow-Origin: *
22:57:30.660 [pool-2-thread-71] DEBUG org.apache.http.headers -- http-outgoing-85 << Content-Type: application/json; charset=utf-8
22:57:30.660 [pool-2-thread-71] DEBUG org.apache.http.headers -- http-outgoing-85 << Content-Length: 708
22:57:30.660 [pool-2-thread-71] DEBUG org.apache.http.headers -- http-outgoing-85 << ETag: W/"2c4-t1/AnjNXZme3SnaUbsXjb5DKQ0g"
22:57:30.660 [pool-2-thread-71] DEBUG org.apache.http.headers -- http-outgoing-85 << Date: Sun, 22 Jun 2025 15:57:30 GMT
22:57:30.660 [pool-2-thread-71] DEBUG org.apache.http.headers -- http-outgoing-85 << Connection: keep-alive
22:57:30.660 [pool-2-thread-71] DEBUG org.apache.http.headers -- http-outgoing-85 << Keep-Alive: timeout=5
22:57:30.660 [pool-2-thread-71] DEBUG org.apache.http.impl.execchain.MainClientExec -- Connection can be kept alive for 5000 MILLISECONDS
22:57:30.660 [pool-2-thread-71] DEBUG org.apache.http.impl.conn.PoolingHttpClientConnectionManager -- Connection [id: 93][route: {}->http://localhost:3000] can be kept alive for 5.0 seconds
22:57:30.660 [pool-2-thread-71] DEBUG org.apache.http.impl.conn.DefaultManagedHttpClientConnection -- http-outgoing-85: set socket timeout to 0
22:57:30.660 [pool-2-thread-71] DEBUG org.apache.http.impl.conn.PoolingHttpClientConnectionManager -- Connection released: [id: 93][route: {}->http://localhost:3000][total available: 1; route allocated: 1 of 5; total allocated: 1 of 10]
22:57:30.660 [pool-2-thread-71] DEBUG org.apache.http.impl.conn.PoolingHttpClientConnectionManager -- Connection manager is shutting down
22:57:30.660 [pool-2-thread-71] DEBUG org.apache.http.impl.conn.DefaultManagedHttpClientConnection -- http-outgoing-85: Close connection
22:57:30.660 [pool-2-thread-71] DEBUG org.apache.http.impl.conn.PoolingHttpClientConnectionManager -- Connection manager shut down
22:57:30.661 [pool-2-thread-71] DEBUG com.intuit.karate -- response time in milliseconds: 1441
1 < 200
1 < X-Powered-By: Express
1 < Access-Control-Allow-Origin: *
1 < Content-Type: application/json; charset=utf-8
1 < Content-Length: 708
1 < ETag: W/"2c4-t1/AnjNXZme3SnaUbsXjb5DKQ0g"
1 < Date: Sun, 22 Jun 2025 15:57:30 GMT
1 < Connection: keep-alive
1 < Keep-Alive: timeout=5
{"access_token":"eyJhbGciOiJIUzI1NiIsInR5cCI6IkpXVCJ9.eyJzdWIiOiIwODUxNWIwNS0yZDNlLTQ3ODktYWQ2MC1kYjM1NTI1YTQ5NzAiLCJ1c2VybmFtZSI6Im5hbSIsInJvbGUiOjAsImlhdCI6MTc1MDYwNzg0OSwiZXhwIjoxNzUwNjExNDQ5fQ.XaIk_TTEzvsZVAyMxZfHdaWdpjH3p3uht6_f76VMAGU","refresh_token":"2f9b33e7e3b4788272e189b8e3e70b2751981920ca03fd5e3d0149f60adf91d6","user":{"id":"08515b05-2d3e-4789-ad60-db35525a4970","email":"nam@gmail.com","username":"nam","name":"nam","phoneNumber":"0123456789","profilePic":"https://res.cloudinary.com/dizcvrefo/image/upload/v1749266646/nestjs_uploads/zk9zrpeidnovxibfqdxr.png","bio":"Chu tich hoi dong Quan tri 1","private":false,"verified":false,"role":0,"followersCount":2,"followingCount":2,"postCount":13}}

22:57:30.664 [pool-2-thread-71] INFO com.intuit.karate -- [print] Concurrent call completed, status: 200 
22:57:30.692 [pool-2-thread-87] DEBUG org.apache.http.wire -- http-outgoing-74 << "HTTP/1.1 200 OK[\r][\n]"
22:57:30.692 [pool-2-thread-87] DEBUG org.apache.http.wire -- http-outgoing-74 << "X-Powered-By: Express[\r][\n]"
22:57:30.692 [pool-2-thread-87] DEBUG org.apache.http.wire -- http-outgoing-74 << "Access-Control-Allow-Origin: *[\r][\n]"
22:57:30.692 [pool-2-thread-87] DEBUG org.apache.http.wire -- http-outgoing-74 << "Content-Type: application/json; charset=utf-8[\r][\n]"
22:57:30.692 [pool-2-thread-87] DEBUG org.apache.http.wire -- http-outgoing-74 << "Content-Length: 605[\r][\n]"
22:57:30.692 [pool-2-thread-87] DEBUG org.apache.http.wire -- http-outgoing-74 << "ETag: W/"25d-iavn8j5LcT1ZoiFSH52qiQBeU5U"[\r][\n]"
22:57:30.692 [pool-2-thread-87] DEBUG org.apache.http.wire -- http-outgoing-74 << "Date: Sun, 22 Jun 2025 15:57:30 GMT[\r][\n]"
22:57:30.692 [pool-2-thread-87] DEBUG org.apache.http.wire -- http-outgoing-74 << "Connection: keep-alive[\r][\n]"
22:57:30.692 [pool-2-thread-87] DEBUG org.apache.http.wire -- http-outgoing-74 << "Keep-Alive: timeout=5[\r][\n]"
22:57:30.692 [pool-2-thread-87] DEBUG org.apache.http.wire -- http-outgoing-74 << "[\r][\n]"
22:57:30.692 [pool-2-thread-87] DEBUG org.apache.http.wire -- http-outgoing-74 << "{"access_token":"eyJhbGciOiJIUzI1NiIsInR5cCI6IkpXVCJ9.eyJzdWIiOiI2NTBjZTFlZC1hYWNhLTQzOGYtOTk4OC0xZjA1OGFiNWFhMWEiLCJ1c2VybmFtZSI6ImpvaG5kb2UyNSIsInJvbGUiOjAsImlhdCI6MTc1MDYwNzg0OSwiZXhwIjoxNzUwNjExNDQ5fQ.rqWNWcfu7vBOGUfphiKF73MpqKjOODH8XV_OJ_WzJA8","refresh_token":"67bb44e37e966b708f17bd917dcd43e3ba5a0da5d6e970383f5db43b890b57d8","user":{"id":"650ce1ed-aaca-438f-9988-1f058ab5aa1a","email":"testit3@gmail.com","username":"johndoe25","name":"John Doe","phoneNumber":"0123456713","profilePic":null,"bio":null,"private":false,"verified":false,"role":0,"followersCount":0,"followingCount":0,"postCount":0}}"
22:57:30.692 [pool-2-thread-87] DEBUG org.apache.http.headers -- http-outgoing-74 << HTTP/1.1 200 OK
22:57:30.692 [pool-2-thread-87] DEBUG org.apache.http.headers -- http-outgoing-74 << X-Powered-By: Express
22:57:30.692 [pool-2-thread-87] DEBUG org.apache.http.headers -- http-outgoing-74 << Access-Control-Allow-Origin: *
22:57:30.692 [pool-2-thread-87] DEBUG org.apache.http.headers -- http-outgoing-74 << Content-Type: application/json; charset=utf-8
22:57:30.692 [pool-2-thread-87] DEBUG org.apache.http.headers -- http-outgoing-74 << Content-Length: 605
22:57:30.692 [pool-2-thread-87] DEBUG org.apache.http.headers -- http-outgoing-74 << ETag: W/"25d-iavn8j5LcT1ZoiFSH52qiQBeU5U"
22:57:30.692 [pool-2-thread-87] DEBUG org.apache.http.headers -- http-outgoing-74 << Date: Sun, 22 Jun 2025 15:57:30 GMT
22:57:30.692 [pool-2-thread-87] DEBUG org.apache.http.headers -- http-outgoing-74 << Connection: keep-alive
22:57:30.692 [pool-2-thread-87] DEBUG org.apache.http.headers -- http-outgoing-74 << Keep-Alive: timeout=5
22:57:30.692 [pool-2-thread-87] DEBUG org.apache.http.impl.execchain.MainClientExec -- Connection can be kept alive for 5000 MILLISECONDS
22:57:30.693 [pool-2-thread-87] DEBUG org.apache.http.impl.conn.PoolingHttpClientConnectionManager -- Connection [id: 98][route: {}->http://localhost:3000] can be kept alive for 5.0 seconds
22:57:30.693 [pool-2-thread-87] DEBUG org.apache.http.impl.conn.DefaultManagedHttpClientConnection -- http-outgoing-74: set socket timeout to 0
22:57:30.693 [pool-2-thread-87] DEBUG org.apache.http.impl.conn.PoolingHttpClientConnectionManager -- Connection released: [id: 98][route: {}->http://localhost:3000][total available: 1; route allocated: 1 of 5; total allocated: 1 of 10]
22:57:30.693 [pool-2-thread-87] DEBUG org.apache.http.impl.conn.PoolingHttpClientConnectionManager -- Connection manager is shutting down
22:57:30.693 [pool-2-thread-87] DEBUG org.apache.http.impl.conn.DefaultManagedHttpClientConnection -- http-outgoing-74: Close connection
22:57:30.693 [pool-2-thread-87] DEBUG org.apache.http.impl.conn.PoolingHttpClientConnectionManager -- Connection manager shut down
22:57:30.693 [pool-2-thread-87] DEBUG com.intuit.karate -- response time in milliseconds: 1475
1 < 200
1 < X-Powered-By: Express
1 < Access-Control-Allow-Origin: *
1 < Content-Type: application/json; charset=utf-8
1 < Content-Length: 605
1 < ETag: W/"25d-iavn8j5LcT1ZoiFSH52qiQBeU5U"
1 < Date: Sun, 22 Jun 2025 15:57:30 GMT
1 < Connection: keep-alive
1 < Keep-Alive: timeout=5
{"access_token":"eyJhbGciOiJIUzI1NiIsInR5cCI6IkpXVCJ9.eyJzdWIiOiI2NTBjZTFlZC1hYWNhLTQzOGYtOTk4OC0xZjA1OGFiNWFhMWEiLCJ1c2VybmFtZSI6ImpvaG5kb2UyNSIsInJvbGUiOjAsImlhdCI6MTc1MDYwNzg0OSwiZXhwIjoxNzUwNjExNDQ5fQ.rqWNWcfu7vBOGUfphiKF73MpqKjOODH8XV_OJ_WzJA8","refresh_token":"67bb44e37e966b708f17bd917dcd43e3ba5a0da5d6e970383f5db43b890b57d8","user":{"id":"650ce1ed-aaca-438f-9988-1f058ab5aa1a","email":"testit3@gmail.com","username":"johndoe25","name":"John Doe","phoneNumber":"0123456713","profilePic":null,"bio":null,"private":false,"verified":false,"role":0,"followersCount":0,"followingCount":0,"postCount":0}}

22:57:30.696 [pool-2-thread-76] DEBUG org.apache.http.wire -- http-outgoing-93 << "HTTP/1.1 200 OK[\r][\n]"
22:57:30.696 [pool-2-thread-76] DEBUG org.apache.http.wire -- http-outgoing-93 << "X-Powered-By: Express[\r][\n]"
22:57:30.696 [pool-2-thread-76] DEBUG org.apache.http.wire -- http-outgoing-93 << "Access-Control-Allow-Origin: *[\r][\n]"
22:57:30.696 [pool-2-thread-76] DEBUG org.apache.http.wire -- http-outgoing-93 << "Content-Type: application/json; charset=utf-8[\r][\n]"
22:57:30.696 [pool-2-thread-76] DEBUG org.apache.http.wire -- http-outgoing-93 << "Content-Length: 607[\r][\n]"
22:57:30.696 [pool-2-thread-76] DEBUG org.apache.http.wire -- http-outgoing-93 << "ETag: W/"25f-fM1QibkRUN7QX0I3fsTjnPf5EKs"[\r][\n]"
22:57:30.696 [pool-2-thread-76] DEBUG org.apache.http.wire -- http-outgoing-93 << "Date: Sun, 22 Jun 2025 15:57:30 GMT[\r][\n]"
22:57:30.696 [pool-2-thread-76] DEBUG org.apache.http.wire -- http-outgoing-93 << "Connection: keep-alive[\r][\n]"
22:57:30.696 [pool-2-thread-76] DEBUG org.apache.http.wire -- http-outgoing-93 << "Keep-Alive: timeout=5[\r][\n]"
22:57:30.696 [pool-2-thread-76] DEBUG org.apache.http.wire -- http-outgoing-93 << "[\r][\n]"
22:57:30.696 [pool-2-thread-76] DEBUG org.apache.http.wire -- http-outgoing-93 << "{"access_token":"eyJhbGciOiJIUzI1NiIsInR5cCI6IkpXVCJ9.eyJzdWIiOiI5YTI2OTc2Yy0xNTMyLTRkZjMtYTE2ZS03NjMxNTI1Yzg1MDIiLCJ1c2VybmFtZSI6ImpvaG5kb2UyZDUiLCJyb2xlIjowLCJpYXQiOjE3NTA2MDc4NDksImV4cCI6MTc1MDYxMTQ0OX0.AtxZF6EP_oh0eReIIwDGxxlnm8DqRr3MikGWWpp-CO4","refresh_token":"ad9c5f0f4a0d40b1175c3eaffee8b0e6f8c3e626ef222867f4c374fbcbcf70d0","user":{"id":"9a26976c-1532-4df3-a16e-7631525c8502","email":"testit4@gmail.com","username":"johndoe2d5","name":"John Doe","phoneNumber":"0123456212","profilePic":null,"bio":null,"private":false,"verified":false,"role":0,"followersCount":0,"followingCount":0,"postCount":0}}"
22:57:30.696 [pool-2-thread-76] DEBUG org.apache.http.headers -- http-outgoing-93 << HTTP/1.1 200 OK
22:57:30.697 [pool-2-thread-76] DEBUG org.apache.http.headers -- http-outgoing-93 << X-Powered-By: Express
22:57:30.697 [pool-2-thread-76] DEBUG org.apache.http.headers -- http-outgoing-93 << Access-Control-Allow-Origin: *
22:57:30.697 [pool-2-thread-76] DEBUG org.apache.http.headers -- http-outgoing-93 << Content-Type: application/json; charset=utf-8
22:57:30.697 [pool-2-thread-76] DEBUG org.apache.http.headers -- http-outgoing-93 << Content-Length: 607
22:57:30.697 [pool-2-thread-76] DEBUG org.apache.http.headers -- http-outgoing-93 << ETag: W/"25f-fM1QibkRUN7QX0I3fsTjnPf5EKs"
22:57:30.697 [pool-2-thread-76] DEBUG org.apache.http.headers -- http-outgoing-93 << Date: Sun, 22 Jun 2025 15:57:30 GMT
22:57:30.697 [pool-2-thread-76] DEBUG org.apache.http.headers -- http-outgoing-93 << Connection: keep-alive
22:57:30.697 [pool-2-thread-76] DEBUG org.apache.http.headers -- http-outgoing-93 << Keep-Alive: timeout=5
22:57:30.697 [pool-2-thread-76] DEBUG org.apache.http.impl.execchain.MainClientExec -- Connection can be kept alive for 5000 MILLISECONDS
22:57:30.697 [pool-2-thread-76] DEBUG org.apache.http.impl.conn.PoolingHttpClientConnectionManager -- Connection [id: 45][route: {}->http://localhost:3000] can be kept alive for 5.0 seconds
22:57:30.697 [pool-2-thread-76] DEBUG org.apache.http.impl.conn.DefaultManagedHttpClientConnection -- http-outgoing-93: set socket timeout to 0
22:57:30.697 [pool-2-thread-76] DEBUG org.apache.http.impl.conn.PoolingHttpClientConnectionManager -- Connection released: [id: 45][route: {}->http://localhost:3000][total available: 1; route allocated: 1 of 5; total allocated: 1 of 10]
22:57:30.697 [pool-2-thread-76] DEBUG org.apache.http.impl.conn.PoolingHttpClientConnectionManager -- Connection manager is shutting down
22:57:30.697 [pool-2-thread-87] INFO com.intuit.karate -- [print] Concurrent call completed, status: 200 
22:57:30.697 [pool-2-thread-76] DEBUG org.apache.http.impl.conn.DefaultManagedHttpClientConnection -- http-outgoing-93: Close connection
22:57:30.697 [pool-2-thread-76] DEBUG org.apache.http.impl.conn.PoolingHttpClientConnectionManager -- Connection manager shut down
22:57:30.697 [pool-2-thread-76] DEBUG com.intuit.karate -- response time in milliseconds: 1477
1 < 200
1 < X-Powered-By: Express
1 < Access-Control-Allow-Origin: *
1 < Content-Type: application/json; charset=utf-8
1 < Content-Length: 607
1 < ETag: W/"25f-fM1QibkRUN7QX0I3fsTjnPf5EKs"
1 < Date: Sun, 22 Jun 2025 15:57:30 GMT
1 < Connection: keep-alive
1 < Keep-Alive: timeout=5
{"access_token":"eyJhbGciOiJIUzI1NiIsInR5cCI6IkpXVCJ9.eyJzdWIiOiI5YTI2OTc2Yy0xNTMyLTRkZjMtYTE2ZS03NjMxNTI1Yzg1MDIiLCJ1c2VybmFtZSI6ImpvaG5kb2UyZDUiLCJyb2xlIjowLCJpYXQiOjE3NTA2MDc4NDksImV4cCI6MTc1MDYxMTQ0OX0.AtxZF6EP_oh0eReIIwDGxxlnm8DqRr3MikGWWpp-CO4","refresh_token":"ad9c5f0f4a0d40b1175c3eaffee8b0e6f8c3e626ef222867f4c374fbcbcf70d0","user":{"id":"9a26976c-1532-4df3-a16e-7631525c8502","email":"testit4@gmail.com","username":"johndoe2d5","name":"John Doe","phoneNumber":"0123456212","profilePic":null,"bio":null,"private":false,"verified":false,"role":0,"followersCount":0,"followingCount":0,"postCount":0}}

22:57:30.699 [pool-2-thread-76] INFO com.intuit.karate -- [print] Concurrent call completed, status: 200 
22:57:31.887 [pool-2-thread-58] DEBUG org.apache.http.wire -- http-outgoing-48 << "HTTP/1.1 200 OK[\r][\n]"
22:57:31.887 [pool-2-thread-58] DEBUG org.apache.http.wire -- http-outgoing-48 << "X-Powered-By: Express[\r][\n]"
22:57:31.887 [pool-2-thread-58] DEBUG org.apache.http.wire -- http-outgoing-48 << "Access-Control-Allow-Origin: *[\r][\n]"
22:57:31.887 [pool-2-thread-58] DEBUG org.apache.http.wire -- http-outgoing-48 << "Content-Type: application/json; charset=utf-8[\r][\n]"
22:57:31.887 [pool-2-thread-58] DEBUG org.apache.http.wire -- http-outgoing-48 << "Content-Length: 609[\r][\n]"
22:57:31.887 [pool-2-thread-58] DEBUG org.apache.http.wire -- http-outgoing-48 << "ETag: W/"261-soI2/uM+u5lE+TUs6Yz9jHVYNwI"[\r][\n]"
22:57:31.887 [pool-2-thread-58] DEBUG org.apache.http.wire -- http-outgoing-48 << "Date: Sun, 22 Jun 2025 15:57:31 GMT[\r][\n]"
22:57:31.887 [pool-2-thread-58] DEBUG org.apache.http.wire -- http-outgoing-48 << "Connection: keep-alive[\r][\n]"
22:57:31.887 [pool-2-thread-58] DEBUG org.apache.http.wire -- http-outgoing-48 << "Keep-Alive: timeout=5[\r][\n]"
22:57:31.887 [pool-2-thread-58] DEBUG org.apache.http.wire -- http-outgoing-48 << "[\r][\n]"
22:57:31.887 [pool-2-thread-58] DEBUG org.apache.http.wire -- http-outgoing-48 << "{"access_token":"eyJhbGciOiJIUzI1NiIsInR5cCI6IkpXVCJ9.eyJzdWIiOiIyNzJmNmI1NS01MTc5LTRhZTMtODU2My1iNGVjMTBmNzY3MTUiLCJ1c2VybmFtZSI6ImpvaG5kb2UyZDVkIiwicm9sZSI6MCwiaWF0IjoxNzUwNjA3ODUwLCJleHAiOjE3NTA2MTE0NTB9.Nb5i3YYqq70DJ9fDkziGSzqfg4bkcH9vx2YOYYLV8yQ","refresh_token":"1de823294c562583200751b17397bdd58d5f06e1877eeb6a213ca2b37924d471","user":{"id":"272f6b55-5179-4ae3-8563-b4ec10f76715","email":"testit5@gmail.com","username":"johndoe2d5d","name":"John Doe","phoneNumber":"0123456132","profilePic":null,"bio":null,"private":false,"verified":false,"role":0,"followersCount":0,"followingCount":0,"postCount":0}}"
22:57:31.888 [pool-2-thread-58] DEBUG org.apache.http.headers -- http-outgoing-48 << HTTP/1.1 200 OK
22:57:31.888 [pool-2-thread-58] DEBUG org.apache.http.headers -- http-outgoing-48 << X-Powered-By: Express
22:57:31.888 [pool-2-thread-58] DEBUG org.apache.http.headers -- http-outgoing-48 << Access-Control-Allow-Origin: *
22:57:31.888 [pool-2-thread-58] DEBUG org.apache.http.headers -- http-outgoing-48 << Content-Type: application/json; charset=utf-8
22:57:31.888 [pool-2-thread-58] DEBUG org.apache.http.headers -- http-outgoing-48 << Content-Length: 609
22:57:31.888 [pool-2-thread-58] DEBUG org.apache.http.headers -- http-outgoing-48 << ETag: W/"261-soI2/uM+u5lE+TUs6Yz9jHVYNwI"
22:57:31.888 [pool-2-thread-58] DEBUG org.apache.http.headers -- http-outgoing-48 << Date: Sun, 22 Jun 2025 15:57:31 GMT
22:57:31.888 [pool-2-thread-58] DEBUG org.apache.http.headers -- http-outgoing-48 << Connection: keep-alive
22:57:31.888 [pool-2-thread-58] DEBUG org.apache.http.headers -- http-outgoing-48 << Keep-Alive: timeout=5
22:57:31.888 [pool-2-thread-58] DEBUG org.apache.http.impl.execchain.MainClientExec -- Connection can be kept alive for 5000 MILLISECONDS
22:57:31.888 [pool-2-thread-58] DEBUG org.apache.http.impl.conn.PoolingHttpClientConnectionManager -- Connection [id: 13][route: {}->http://localhost:3000] can be kept alive for 5.0 seconds
22:57:31.888 [pool-2-thread-58] DEBUG org.apache.http.impl.conn.DefaultManagedHttpClientConnection -- http-outgoing-48: set socket timeout to 0
22:57:31.888 [pool-2-thread-58] DEBUG org.apache.http.impl.conn.PoolingHttpClientConnectionManager -- Connection released: [id: 13][route: {}->http://localhost:3000][total available: 1; route allocated: 1 of 5; total allocated: 1 of 10]
22:57:31.888 [pool-2-thread-58] DEBUG org.apache.http.impl.conn.PoolingHttpClientConnectionManager -- Connection manager is shutting down
22:57:31.888 [pool-2-thread-58] DEBUG org.apache.http.impl.conn.DefaultManagedHttpClientConnection -- http-outgoing-48: Close connection
22:57:31.888 [pool-2-thread-58] DEBUG org.apache.http.impl.conn.PoolingHttpClientConnectionManager -- Connection manager shut down
22:57:31.888 [pool-2-thread-58] DEBUG com.intuit.karate -- response time in milliseconds: 2683
1 < 200
1 < X-Powered-By: Express
1 < Access-Control-Allow-Origin: *
1 < Content-Type: application/json; charset=utf-8
1 < Content-Length: 609
1 < ETag: W/"261-soI2/uM+u5lE+TUs6Yz9jHVYNwI"
1 < Date: Sun, 22 Jun 2025 15:57:31 GMT
1 < Connection: keep-alive
1 < Keep-Alive: timeout=5
{"access_token":"eyJhbGciOiJIUzI1NiIsInR5cCI6IkpXVCJ9.eyJzdWIiOiIyNzJmNmI1NS01MTc5LTRhZTMtODU2My1iNGVjMTBmNzY3MTUiLCJ1c2VybmFtZSI6ImpvaG5kb2UyZDVkIiwicm9sZSI6MCwiaWF0IjoxNzUwNjA3ODUwLCJleHAiOjE3NTA2MTE0NTB9.Nb5i3YYqq70DJ9fDkziGSzqfg4bkcH9vx2YOYYLV8yQ","refresh_token":"1de823294c562583200751b17397bdd58d5f06e1877eeb6a213ca2b37924d471","user":{"id":"272f6b55-5179-4ae3-8563-b4ec10f76715","email":"testit5@gmail.com","username":"johndoe2d5d","name":"John Doe","phoneNumber":"0123456132","profilePic":null,"bio":null,"private":false,"verified":false,"role":0,"followersCount":0,"followingCount":0,"postCount":0}}

22:57:31.891 [pool-2-thread-58] INFO com.intuit.karate -- [print] Concurrent call completed, status: 200 
22:57:32.773 [pool-2-thread-93] DEBUG org.apache.http.wire -- http-outgoing-11 << "HTTP/1.1 200 OK[\r][\n]"
22:57:32.773 [pool-2-thread-93] DEBUG org.apache.http.wire -- http-outgoing-11 << "X-Powered-By: Express[\r][\n]"
22:57:32.773 [pool-2-thread-93] DEBUG org.apache.http.wire -- http-outgoing-11 << "Access-Control-Allow-Origin: *[\r][\n]"
22:57:32.773 [pool-2-thread-93] DEBUG org.apache.http.wire -- http-outgoing-11 << "Content-Type: application/json; charset=utf-8[\r][\n]"
22:57:32.773 [pool-2-thread-93] DEBUG org.apache.http.wire -- http-outgoing-11 << "Content-Length: 599[\r][\n]"
22:57:32.773 [pool-2-thread-93] DEBUG org.apache.http.wire -- http-outgoing-11 << "ETag: W/"257-2fKOvebePx7IHipDg7yHZoGCZp8"[\r][\n]"
22:57:32.773 [pool-2-thread-93] DEBUG org.apache.http.wire -- http-outgoing-11 << "Date: Sun, 22 Jun 2025 15:57:32 GMT[\r][\n]"
22:57:32.773 [pool-2-thread-93] DEBUG org.apache.http.wire -- http-outgoing-11 << "Connection: keep-alive[\r][\n]"
22:57:32.773 [pool-2-thread-93] DEBUG org.apache.http.wire -- http-outgoing-11 << "Keep-Alive: timeout=5[\r][\n]"
22:57:32.773 [pool-2-thread-93] DEBUG org.apache.http.wire -- http-outgoing-11 << "[\r][\n]"
22:57:32.773 [pool-2-thread-93] DEBUG org.apache.http.wire -- http-outgoing-11 << "{"access_token":"eyJhbGciOiJIUzI1NiIsInR5cCI6IkpXVCJ9.eyJzdWIiOiIyZGRhMDQzOS01MTgwLTQ1YWEtOTE3Zi1lNjMyZTQ1YThlNDEiLCJ1c2VybmFtZSI6ImpvaG5kb2UiLCJyb2xlIjowLCJpYXQiOjE3NTA2MDc4NTAsImV4cCI6MTc1MDYxMTQ1MH0.-9MVpsP6YgUxchxAfqaiyU-8tAMWMeBVFpIr72kBSiw","refresh_token":"6b69be5c59dcaea7c6c165898e68a028a0169ee6d2f47b10949149759567201a","user":{"id":"2dda0439-5180-45aa-917f-e632e45a8e41","email":"test@example.com","username":"johndoe","name":"John Doe","phoneNumber":"0987654321","profilePic":null,"bio":null,"private":false,"verified":false,"role":0,"followersCount":0,"followingCount":0,"postCount":0}}"
22:57:32.773 [pool-2-thread-93] DEBUG org.apache.http.headers -- http-outgoing-11 << HTTP/1.1 200 OK
22:57:32.773 [pool-2-thread-93] DEBUG org.apache.http.headers -- http-outgoing-11 << X-Powered-By: Express
22:57:32.773 [pool-2-thread-93] DEBUG org.apache.http.headers -- http-outgoing-11 << Access-Control-Allow-Origin: *
22:57:32.773 [pool-2-thread-93] DEBUG org.apache.http.headers -- http-outgoing-11 << Content-Type: application/json; charset=utf-8
22:57:32.773 [pool-2-thread-93] DEBUG org.apache.http.headers -- http-outgoing-11 << Content-Length: 599
22:57:32.773 [pool-2-thread-93] DEBUG org.apache.http.headers -- http-outgoing-11 << ETag: W/"257-2fKOvebePx7IHipDg7yHZoGCZp8"
22:57:32.773 [pool-2-thread-93] DEBUG org.apache.http.headers -- http-outgoing-11 << Date: Sun, 22 Jun 2025 15:57:32 GMT
22:57:32.773 [pool-2-thread-93] DEBUG org.apache.http.headers -- http-outgoing-11 << Connection: keep-alive
22:57:32.773 [pool-2-thread-93] DEBUG org.apache.http.headers -- http-outgoing-11 << Keep-Alive: timeout=5
22:57:32.773 [pool-2-thread-93] DEBUG org.apache.http.impl.execchain.MainClientExec -- Connection can be kept alive for 5000 MILLISECONDS
22:57:32.773 [pool-2-thread-93] DEBUG org.apache.http.impl.conn.PoolingHttpClientConnectionManager -- Connection [id: 26][route: {}->http://localhost:3000] can be kept alive for 5.0 seconds
22:57:32.773 [pool-2-thread-93] DEBUG org.apache.http.impl.conn.DefaultManagedHttpClientConnection -- http-outgoing-11: set socket timeout to 0
22:57:32.773 [pool-2-thread-93] DEBUG org.apache.http.impl.conn.PoolingHttpClientConnectionManager -- Connection released: [id: 26][route: {}->http://localhost:3000][total available: 1; route allocated: 1 of 5; total allocated: 1 of 10]
22:57:32.773 [pool-2-thread-93] DEBUG org.apache.http.impl.conn.PoolingHttpClientConnectionManager -- Connection manager is shutting down
22:57:32.773 [pool-2-thread-93] DEBUG org.apache.http.impl.conn.DefaultManagedHttpClientConnection -- http-outgoing-11: Close connection
22:57:32.774 [pool-2-thread-93] DEBUG org.apache.http.impl.conn.PoolingHttpClientConnectionManager -- Connection manager shut down
22:57:32.774 [pool-2-thread-93] DEBUG com.intuit.karate -- response time in milliseconds: 3556
1 < 200
1 < X-Powered-By: Express
1 < Access-Control-Allow-Origin: *
1 < Content-Type: application/json; charset=utf-8
1 < Content-Length: 599
1 < ETag: W/"257-2fKOvebePx7IHipDg7yHZoGCZp8"
1 < Date: Sun, 22 Jun 2025 15:57:32 GMT
1 < Connection: keep-alive
1 < Keep-Alive: timeout=5
{"access_token":"eyJhbGciOiJIUzI1NiIsInR5cCI6IkpXVCJ9.eyJzdWIiOiIyZGRhMDQzOS01MTgwLTQ1YWEtOTE3Zi1lNjMyZTQ1YThlNDEiLCJ1c2VybmFtZSI6ImpvaG5kb2UiLCJyb2xlIjowLCJpYXQiOjE3NTA2MDc4NTAsImV4cCI6MTc1MDYxMTQ1MH0.-9MVpsP6YgUxchxAfqaiyU-8tAMWMeBVFpIr72kBSiw","refresh_token":"6b69be5c59dcaea7c6c165898e68a028a0169ee6d2f47b10949149759567201a","user":{"id":"2dda0439-5180-45aa-917f-e632e45a8e41","email":"test@example.com","username":"johndoe","name":"John Doe","phoneNumber":"0987654321","profilePic":null,"bio":null,"private":false,"verified":false,"role":0,"followersCount":0,"followingCount":0,"postCount":0}}

22:57:32.775 [pool-2-thread-93] INFO com.intuit.karate -- [print] Concurrent call completed, status: 200 
22:57:32.776 [pool-2-thread-30] DEBUG org.apache.http.wire -- http-outgoing-19 << "HTTP/1.1 200 OK[\r][\n]"
22:57:32.778 [pool-2-thread-30] DEBUG org.apache.http.wire -- http-outgoing-19 << "X-Powered-By: Express[\r][\n]"
22:57:32.778 [pool-2-thread-30] DEBUG org.apache.http.wire -- http-outgoing-19 << "Access-Control-Allow-Origin: *[\r][\n]"
22:57:32.778 [pool-2-thread-30] DEBUG org.apache.http.wire -- http-outgoing-19 << "Content-Type: application/json; charset=utf-8[\r][\n]"
22:57:32.778 [pool-2-thread-30] DEBUG org.apache.http.wire -- http-outgoing-19 << "Content-Length: 605[\r][\n]"
22:57:32.778 [pool-2-thread-30] DEBUG org.apache.http.wire -- http-outgoing-19 << "ETag: W/"25d-OLSsoyEO1k5znllCEp1ndE0ShK4"[\r][\n]"
22:57:32.778 [pool-2-thread-30] DEBUG org.apache.http.wire -- http-outgoing-19 << "Date: Sun, 22 Jun 2025 15:57:32 GMT[\r][\n]"
22:57:32.778 [pool-2-thread-30] DEBUG org.apache.http.wire -- http-outgoing-19 << "Connection: keep-alive[\r][\n]"
22:57:32.778 [pool-2-thread-30] DEBUG org.apache.http.wire -- http-outgoing-19 << "Keep-Alive: timeout=5[\r][\n]"
22:57:32.778 [pool-2-thread-30] DEBUG org.apache.http.wire -- http-outgoing-19 << "[\r][\n]"
22:57:32.778 [pool-2-thread-30] DEBUG org.apache.http.wire -- http-outgoing-19 << "{"access_token":"eyJhbGciOiJIUzI1NiIsInR5cCI6IkpXVCJ9.eyJzdWIiOiIwYTM3ZWY0My1mZWU4LTQxZDMtYTY4Ni04YWIwODY5NDg2OTUiLCJ1c2VybmFtZSI6ImpvaG5kb2UyMSIsInJvbGUiOjAsImlhdCI6MTc1MDYwNzg1MCwiZXhwIjoxNzUwNjExNDUwfQ.WdhfoEOQgI8m4R9nMdJDxF6rTV5mWgWqcek1EA8FXEI","refresh_token":"c983c6259f520c3b026b19f041f017ac42f90679bdb948d97d5c169582471411","user":{"id":"0a37ef43-fee8-41d3-a686-8ab086948695","email":"testit2@gmail.com","username":"johndoe21","name":"John Doe","phoneNumber":"0123456712","profilePic":null,"bio":null,"private":false,"verified":false,"role":0,"followersCount":0,"followingCount":0,"postCount":0}}"
22:57:32.778 [pool-2-thread-30] DEBUG org.apache.http.headers -- http-outgoing-19 << HTTP/1.1 200 OK
22:57:32.778 [pool-2-thread-30] DEBUG org.apache.http.headers -- http-outgoing-19 << X-Powered-By: Express
22:57:32.778 [pool-2-thread-30] DEBUG org.apache.http.headers -- http-outgoing-19 << Access-Control-Allow-Origin: *
22:57:32.778 [pool-2-thread-30] DEBUG org.apache.http.headers -- http-outgoing-19 << Content-Type: application/json; charset=utf-8
22:57:32.778 [pool-2-thread-30] DEBUG org.apache.http.headers -- http-outgoing-19 << Content-Length: 605
22:57:32.778 [pool-2-thread-30] DEBUG org.apache.http.headers -- http-outgoing-19 << ETag: W/"25d-OLSsoyEO1k5znllCEp1ndE0ShK4"
22:57:32.778 [pool-2-thread-30] DEBUG org.apache.http.headers -- http-outgoing-19 << Date: Sun, 22 Jun 2025 15:57:32 GMT
22:57:32.778 [pool-2-thread-30] DEBUG org.apache.http.headers -- http-outgoing-19 << Connection: keep-alive
22:57:32.778 [pool-2-thread-30] DEBUG org.apache.http.headers -- http-outgoing-19 << Keep-Alive: timeout=5
22:57:32.778 [pool-2-thread-30] DEBUG org.apache.http.impl.execchain.MainClientExec -- Connection can be kept alive for 5000 MILLISECONDS
22:57:32.778 [pool-2-thread-30] DEBUG org.apache.http.impl.conn.PoolingHttpClientConnectionManager -- Connection [id: 82][route: {}->http://localhost:3000] can be kept alive for 5.0 seconds
22:57:32.778 [pool-2-thread-30] DEBUG org.apache.http.impl.conn.DefaultManagedHttpClientConnection -- http-outgoing-19: set socket timeout to 0
22:57:32.778 [pool-2-thread-30] DEBUG org.apache.http.impl.conn.PoolingHttpClientConnectionManager -- Connection released: [id: 82][route: {}->http://localhost:3000][total available: 1; route allocated: 1 of 5; total allocated: 1 of 10]
22:57:32.778 [pool-2-thread-30] DEBUG org.apache.http.impl.conn.PoolingHttpClientConnectionManager -- Connection manager is shutting down
22:57:32.778 [pool-2-thread-30] DEBUG org.apache.http.impl.conn.DefaultManagedHttpClientConnection -- http-outgoing-19: Close connection
22:57:32.778 [pool-2-thread-30] DEBUG org.apache.http.impl.conn.PoolingHttpClientConnectionManager -- Connection manager shut down
22:57:32.778 [pool-2-thread-30] DEBUG com.intuit.karate -- response time in milliseconds: 3571
1 < 200
1 < X-Powered-By: Express
1 < Access-Control-Allow-Origin: *
1 < Content-Type: application/json; charset=utf-8
1 < Content-Length: 605
1 < ETag: W/"25d-OLSsoyEO1k5znllCEp1ndE0ShK4"
1 < Date: Sun, 22 Jun 2025 15:57:32 GMT
1 < Connection: keep-alive
1 < Keep-Alive: timeout=5
{"access_token":"eyJhbGciOiJIUzI1NiIsInR5cCI6IkpXVCJ9.eyJzdWIiOiIwYTM3ZWY0My1mZWU4LTQxZDMtYTY4Ni04YWIwODY5NDg2OTUiLCJ1c2VybmFtZSI6ImpvaG5kb2UyMSIsInJvbGUiOjAsImlhdCI6MTc1MDYwNzg1MCwiZXhwIjoxNzUwNjExNDUwfQ.WdhfoEOQgI8m4R9nMdJDxF6rTV5mWgWqcek1EA8FXEI","refresh_token":"c983c6259f520c3b026b19f041f017ac42f90679bdb948d97d5c169582471411","user":{"id":"0a37ef43-fee8-41d3-a686-8ab086948695","email":"testit2@gmail.com","username":"johndoe21","name":"John Doe","phoneNumber":"0123456712","profilePic":null,"bio":null,"private":false,"verified":false,"role":0,"followersCount":0,"followingCount":0,"postCount":0}}

22:57:32.779 [pool-2-thread-30] INFO com.intuit.karate -- [print] Concurrent call completed, status: 200 
22:57:32.804 [pool-2-thread-41] DEBUG org.apache.http.wire -- http-outgoing-8 << "HTTP/1.1 200 OK[\r][\n]"
22:57:32.804 [pool-2-thread-41] DEBUG org.apache.http.wire -- http-outgoing-8 << "X-Powered-By: Express[\r][\n]"
22:57:32.804 [pool-2-thread-41] DEBUG org.apache.http.wire -- http-outgoing-8 << "Access-Control-Allow-Origin: *[\r][\n]"
22:57:32.804 [pool-2-thread-41] DEBUG org.apache.http.wire -- http-outgoing-8 << "Content-Type: application/json; charset=utf-8[\r][\n]"
22:57:32.804 [pool-2-thread-41] DEBUG org.apache.http.wire -- http-outgoing-8 << "Content-Length: 708[\r][\n]"
22:57:32.804 [pool-2-thread-41] DEBUG org.apache.http.wire -- http-outgoing-8 << "ETag: W/"2c4-0/NMwM/M6f/FjDNT2TTx6Hx7rIg"[\r][\n]"
22:57:32.804 [pool-2-thread-41] DEBUG org.apache.http.wire -- http-outgoing-8 << "Date: Sun, 22 Jun 2025 15:57:32 GMT[\r][\n]"
22:57:32.804 [pool-2-thread-41] DEBUG org.apache.http.wire -- http-outgoing-8 << "Connection: keep-alive[\r][\n]"
22:57:32.804 [pool-2-thread-41] DEBUG org.apache.http.wire -- http-outgoing-8 << "Keep-Alive: timeout=5[\r][\n]"
22:57:32.804 [pool-2-thread-41] DEBUG org.apache.http.wire -- http-outgoing-8 << "[\r][\n]"
22:57:32.804 [pool-2-thread-41] DEBUG org.apache.http.wire -- http-outgoing-8 << "{"access_token":"eyJhbGciOiJIUzI1NiIsInR5cCI6IkpXVCJ9.eyJzdWIiOiIwODUxNWIwNS0yZDNlLTQ3ODktYWQ2MC1kYjM1NTI1YTQ5NzAiLCJ1c2VybmFtZSI6Im5hbSIsInJvbGUiOjAsImlhdCI6MTc1MDYwNzg1MCwiZXhwIjoxNzUwNjExNDUwfQ.8bB7DXQcNp95lXxMGnNl0tYM-gwS8y0w5VGwCQTAAT0","refresh_token":"be0f506866da7ad6a42a0df5cba1290a1e2c226cbde5e144f6ea084939243c75","user":{"id":"08515b05-2d3e-4789-ad60-db35525a4970","email":"nam@gmail.com","username":"nam","name":"nam","phoneNumber":"0123456789","profilePic":"https://res.cloudinary.com/dizcvrefo/image/upload/v1749266646/nestjs_uploads/zk9zrpeidnovxibfqdxr.png","bio":"Chu tich hoi dong Quan tri 1","private":false,"verified":false,"role":0,"followersCount":2,"followingCount":2,"postCount":13}}"
22:57:32.804 [pool-2-thread-46] DEBUG org.apache.http.wire -- http-outgoing-29 << "HTTP/1.1 200 OK[\r][\n]"
22:57:32.804 [pool-2-thread-46] DEBUG org.apache.http.wire -- http-outgoing-29 << "X-Powered-By: Express[\r][\n]"
22:57:32.804 [pool-2-thread-41] DEBUG org.apache.http.headers -- http-outgoing-8 << HTTP/1.1 200 OK
22:57:32.804 [pool-2-thread-46] DEBUG org.apache.http.wire -- http-outgoing-29 << "Access-Control-Allow-Origin: *[\r][\n]"
22:57:32.804 [pool-2-thread-41] DEBUG org.apache.http.headers -- http-outgoing-8 << X-Powered-By: Express
22:57:32.804 [pool-2-thread-46] DEBUG org.apache.http.wire -- http-outgoing-29 << "Content-Type: application/json; charset=utf-8[\r][\n]"
22:57:32.804 [pool-2-thread-41] DEBUG org.apache.http.headers -- http-outgoing-8 << Access-Control-Allow-Origin: *
22:57:32.804 [pool-2-thread-46] DEBUG org.apache.http.wire -- http-outgoing-29 << "Content-Length: 607[\r][\n]"
22:57:32.804 [pool-2-thread-41] DEBUG org.apache.http.headers -- http-outgoing-8 << Content-Type: application/json; charset=utf-8
22:57:32.804 [pool-2-thread-46] DEBUG org.apache.http.wire -- http-outgoing-29 << "ETag: W/"25f-KzusywXlfv5rwI8TYihQ4X97Gjk"[\r][\n]"
22:57:32.804 [pool-2-thread-41] DEBUG org.apache.http.headers -- http-outgoing-8 << Content-Length: 708
22:57:32.804 [pool-2-thread-46] DEBUG org.apache.http.wire -- http-outgoing-29 << "Date: Sun, 22 Jun 2025 15:57:32 GMT[\r][\n]"
22:57:32.804 [pool-2-thread-41] DEBUG org.apache.http.headers -- http-outgoing-8 << ETag: W/"2c4-0/NMwM/M6f/FjDNT2TTx6Hx7rIg"
22:57:32.804 [pool-2-thread-46] DEBUG org.apache.http.wire -- http-outgoing-29 << "Connection: keep-alive[\r][\n]"
22:57:32.804 [pool-2-thread-41] DEBUG org.apache.http.headers -- http-outgoing-8 << Date: Sun, 22 Jun 2025 15:57:32 GMT
22:57:32.804 [pool-2-thread-46] DEBUG org.apache.http.wire -- http-outgoing-29 << "Keep-Alive: timeout=5[\r][\n]"
22:57:32.804 [pool-2-thread-41] DEBUG org.apache.http.headers -- http-outgoing-8 << Connection: keep-alive
22:57:32.804 [pool-2-thread-46] DEBUG org.apache.http.wire -- http-outgoing-29 << "[\r][\n]"
22:57:32.804 [pool-2-thread-41] DEBUG org.apache.http.headers -- http-outgoing-8 << Keep-Alive: timeout=5
22:57:32.804 [pool-2-thread-46] DEBUG org.apache.http.wire -- http-outgoing-29 << "{"access_token":"eyJhbGciOiJIUzI1NiIsInR5cCI6IkpXVCJ9.eyJzdWIiOiI5YTI2OTc2Yy0xNTMyLTRkZjMtYTE2ZS03NjMxNTI1Yzg1MDIiLCJ1c2VybmFtZSI6ImpvaG5kb2UyZDUiLCJyb2xlIjowLCJpYXQiOjE3NTA2MDc4NTAsImV4cCI6MTc1MDYxMTQ1MH0.KVnup9XqsU9Hz4j_B-enOL2ymv_q73LyEArr5N4BOa4","refresh_token":"64b49208d2d882cf994705fbb8424a310fbebccdef0086e5f1a33f930c1b72ab","user":{"id":"9a26976c-1532-4df3-a16e-7631525c8502","email":"testit4@gmail.com","username":"johndoe2d5","name":"John Doe","phoneNumber":"0123456212","profilePic":null,"bio":null,"private":false,"verified":false,"role":0,"followersCount":0,"followingCount":0,"postCount":0}}"
22:57:32.804 [pool-2-thread-46] DEBUG org.apache.http.headers -- http-outgoing-29 << HTTP/1.1 200 OK
22:57:32.804 [pool-2-thread-46] DEBUG org.apache.http.headers -- http-outgoing-29 << X-Powered-By: Express
22:57:32.804 [pool-2-thread-46] DEBUG org.apache.http.headers -- http-outgoing-29 << Access-Control-Allow-Origin: *
22:57:32.804 [pool-2-thread-46] DEBUG org.apache.http.headers -- http-outgoing-29 << Content-Type: application/json; charset=utf-8
22:57:32.804 [pool-2-thread-46] DEBUG org.apache.http.headers -- http-outgoing-29 << Content-Length: 607
22:57:32.804 [pool-2-thread-46] DEBUG org.apache.http.headers -- http-outgoing-29 << ETag: W/"25f-KzusywXlfv5rwI8TYihQ4X97Gjk"
22:57:32.804 [pool-2-thread-46] DEBUG org.apache.http.headers -- http-outgoing-29 << Date: Sun, 22 Jun 2025 15:57:32 GMT
22:57:32.804 [pool-2-thread-46] DEBUG org.apache.http.headers -- http-outgoing-29 << Connection: keep-alive
22:57:32.804 [pool-2-thread-46] DEBUG org.apache.http.headers -- http-outgoing-29 << Keep-Alive: timeout=5
22:57:32.804 [pool-2-thread-41] DEBUG org.apache.http.impl.execchain.MainClientExec -- Connection can be kept alive for 5000 MILLISECONDS
22:57:32.804 [pool-2-thread-46] DEBUG org.apache.http.impl.execchain.MainClientExec -- Connection can be kept alive for 5000 MILLISECONDS
22:57:32.804 [pool-2-thread-41] DEBUG org.apache.http.impl.conn.PoolingHttpClientConnectionManager -- Connection [id: 29][route: {}->http://localhost:3000] can be kept alive for 5.0 seconds
22:57:32.804 [pool-2-thread-41] DEBUG org.apache.http.impl.conn.DefaultManagedHttpClientConnection -- http-outgoing-8: set socket timeout to 0
22:57:32.804 [pool-2-thread-46] DEBUG org.apache.http.impl.conn.PoolingHttpClientConnectionManager -- Connection [id: 33][route: {}->http://localhost:3000] can be kept alive for 5.0 seconds
22:57:32.804 [pool-2-thread-46] DEBUG org.apache.http.impl.conn.DefaultManagedHttpClientConnection -- http-outgoing-29: set socket timeout to 0
22:57:32.804 [pool-2-thread-41] DEBUG org.apache.http.impl.conn.PoolingHttpClientConnectionManager -- Connection released: [id: 29][route: {}->http://localhost:3000][total available: 1; route allocated: 1 of 5; total allocated: 1 of 10]
22:57:32.804 [pool-2-thread-46] DEBUG org.apache.http.impl.conn.PoolingHttpClientConnectionManager -- Connection released: [id: 33][route: {}->http://localhost:3000][total available: 1; route allocated: 1 of 5; total allocated: 1 of 10]
22:57:32.804 [pool-2-thread-41] DEBUG org.apache.http.impl.conn.PoolingHttpClientConnectionManager -- Connection manager is shutting down
22:57:32.804 [pool-2-thread-46] DEBUG org.apache.http.impl.conn.PoolingHttpClientConnectionManager -- Connection manager is shutting down
22:57:32.804 [pool-2-thread-41] DEBUG org.apache.http.impl.conn.DefaultManagedHttpClientConnection -- http-outgoing-8: Close connection
22:57:32.804 [pool-2-thread-46] DEBUG org.apache.http.impl.conn.DefaultManagedHttpClientConnection -- http-outgoing-29: Close connection
22:57:32.805 [pool-2-thread-46] DEBUG org.apache.http.impl.conn.PoolingHttpClientConnectionManager -- Connection manager shut down
22:57:32.805 [pool-2-thread-41] DEBUG org.apache.http.impl.conn.PoolingHttpClientConnectionManager -- Connection manager shut down
22:57:32.805 [pool-2-thread-46] DEBUG com.intuit.karate -- response time in milliseconds: 3582
1 < 200
1 < X-Powered-By: Express
1 < Access-Control-Allow-Origin: *
1 < Content-Type: application/json; charset=utf-8
1 < Content-Length: 607
1 < ETag: W/"25f-KzusywXlfv5rwI8TYihQ4X97Gjk"
1 < Date: Sun, 22 Jun 2025 15:57:32 GMT
1 < Connection: keep-alive
1 < Keep-Alive: timeout=5
{"access_token":"eyJhbGciOiJIUzI1NiIsInR5cCI6IkpXVCJ9.eyJzdWIiOiI5YTI2OTc2Yy0xNTMyLTRkZjMtYTE2ZS03NjMxNTI1Yzg1MDIiLCJ1c2VybmFtZSI6ImpvaG5kb2UyZDUiLCJyb2xlIjowLCJpYXQiOjE3NTA2MDc4NTAsImV4cCI6MTc1MDYxMTQ1MH0.KVnup9XqsU9Hz4j_B-enOL2ymv_q73LyEArr5N4BOa4","refresh_token":"64b49208d2d882cf994705fbb8424a310fbebccdef0086e5f1a33f930c1b72ab","user":{"id":"9a26976c-1532-4df3-a16e-7631525c8502","email":"testit4@gmail.com","username":"johndoe2d5","name":"John Doe","phoneNumber":"0123456212","profilePic":null,"bio":null,"private":false,"verified":false,"role":0,"followersCount":0,"followingCount":0,"postCount":0}}

22:57:32.805 [pool-2-thread-41] DEBUG com.intuit.karate -- response time in milliseconds: 3599
1 < 200
1 < X-Powered-By: Express
1 < Access-Control-Allow-Origin: *
1 < Content-Type: application/json; charset=utf-8
1 < Content-Length: 708
1 < ETag: W/"2c4-0/NMwM/M6f/FjDNT2TTx6Hx7rIg"
1 < Date: Sun, 22 Jun 2025 15:57:32 GMT
1 < Connection: keep-alive
1 < Keep-Alive: timeout=5
{"access_token":"eyJhbGciOiJIUzI1NiIsInR5cCI6IkpXVCJ9.eyJzdWIiOiIwODUxNWIwNS0yZDNlLTQ3ODktYWQ2MC1kYjM1NTI1YTQ5NzAiLCJ1c2VybmFtZSI6Im5hbSIsInJvbGUiOjAsImlhdCI6MTc1MDYwNzg1MCwiZXhwIjoxNzUwNjExNDUwfQ.8bB7DXQcNp95lXxMGnNl0tYM-gwS8y0w5VGwCQTAAT0","refresh_token":"be0f506866da7ad6a42a0df5cba1290a1e2c226cbde5e144f6ea084939243c75","user":{"id":"08515b05-2d3e-4789-ad60-db35525a4970","email":"nam@gmail.com","username":"nam","name":"nam","phoneNumber":"0123456789","profilePic":"https://res.cloudinary.com/dizcvrefo/image/upload/v1749266646/nestjs_uploads/zk9zrpeidnovxibfqdxr.png","bio":"Chu tich hoi dong Quan tri 1","private":false,"verified":false,"role":0,"followersCount":2,"followingCount":2,"postCount":13}}

22:57:32.806 [pool-2-thread-41] INFO com.intuit.karate -- [print] Concurrent call completed, status: 200 
22:57:32.806 [pool-2-thread-46] INFO com.intuit.karate -- [print] Concurrent call completed, status: 200 
22:57:32.855 [pool-2-thread-67] DEBUG org.apache.http.wire -- http-outgoing-71 << "HTTP/1.1 200 OK[\r][\n]"
22:57:32.855 [pool-2-thread-67] DEBUG org.apache.http.wire -- http-outgoing-71 << "X-Powered-By: Express[\r][\n]"
22:57:32.855 [pool-2-thread-67] DEBUG org.apache.http.wire -- http-outgoing-71 << "Access-Control-Allow-Origin: *[\r][\n]"
22:57:32.855 [pool-2-thread-67] DEBUG org.apache.http.wire -- http-outgoing-71 << "Content-Type: application/json; charset=utf-8[\r][\n]"
22:57:32.855 [pool-2-thread-67] DEBUG org.apache.http.wire -- http-outgoing-71 << "Content-Length: 605[\r][\n]"
22:57:32.855 [pool-2-thread-67] DEBUG org.apache.http.wire -- http-outgoing-71 << "ETag: W/"25d-nlAoW5lM7kQKoHGePKG1bIdtcxw"[\r][\n]"
22:57:32.855 [pool-2-thread-67] DEBUG org.apache.http.wire -- http-outgoing-71 << "Date: Sun, 22 Jun 2025 15:57:32 GMT[\r][\n]"
22:57:32.855 [pool-2-thread-67] DEBUG org.apache.http.wire -- http-outgoing-71 << "Connection: keep-alive[\r][\n]"
22:57:32.855 [pool-2-thread-67] DEBUG org.apache.http.wire -- http-outgoing-71 << "Keep-Alive: timeout=5[\r][\n]"
22:57:32.855 [pool-2-thread-67] DEBUG org.apache.http.wire -- http-outgoing-71 << "[\r][\n]"
22:57:32.855 [pool-2-thread-67] DEBUG org.apache.http.wire -- http-outgoing-71 << "{"access_token":"eyJhbGciOiJIUzI1NiIsInR5cCI6IkpXVCJ9.eyJzdWIiOiI2NTBjZTFlZC1hYWNhLTQzOGYtOTk4OC0xZjA1OGFiNWFhMWEiLCJ1c2VybmFtZSI6ImpvaG5kb2UyNSIsInJvbGUiOjAsImlhdCI6MTc1MDYwNzg1MCwiZXhwIjoxNzUwNjExNDUwfQ.p_JmawuXPt_6COoFjbNzPqPIWLwhQQ_oqdxUA-bWPzc","refresh_token":"19cf0880deaac7527e962fb1f9c6a018a17dda55448b2c60d70c1f62e6db62a1","user":{"id":"650ce1ed-aaca-438f-9988-1f058ab5aa1a","email":"testit3@gmail.com","username":"johndoe25","name":"John Doe","phoneNumber":"0123456713","profilePic":null,"bio":null,"private":false,"verified":false,"role":0,"followersCount":0,"followingCount":0,"postCount":0}}"
22:57:32.855 [pool-2-thread-67] DEBUG org.apache.http.headers -- http-outgoing-71 << HTTP/1.1 200 OK
22:57:32.855 [pool-2-thread-67] DEBUG org.apache.http.headers -- http-outgoing-71 << X-Powered-By: Express
22:57:32.855 [pool-2-thread-67] DEBUG org.apache.http.headers -- http-outgoing-71 << Access-Control-Allow-Origin: *
22:57:32.855 [pool-2-thread-67] DEBUG org.apache.http.headers -- http-outgoing-71 << Content-Type: application/json; charset=utf-8
22:57:32.855 [pool-2-thread-67] DEBUG org.apache.http.headers -- http-outgoing-71 << Content-Length: 605
22:57:32.855 [pool-2-thread-67] DEBUG org.apache.http.headers -- http-outgoing-71 << ETag: W/"25d-nlAoW5lM7kQKoHGePKG1bIdtcxw"
22:57:32.855 [pool-2-thread-67] DEBUG org.apache.http.headers -- http-outgoing-71 << Date: Sun, 22 Jun 2025 15:57:32 GMT
22:57:32.855 [pool-2-thread-67] DEBUG org.apache.http.headers -- http-outgoing-71 << Connection: keep-alive
22:57:32.855 [pool-2-thread-67] DEBUG org.apache.http.headers -- http-outgoing-71 << Keep-Alive: timeout=5
22:57:32.855 [pool-2-thread-67] DEBUG org.apache.http.impl.execchain.MainClientExec -- Connection can be kept alive for 5000 MILLISECONDS
22:57:32.855 [pool-2-thread-67] DEBUG org.apache.http.impl.conn.PoolingHttpClientConnectionManager -- Connection [id: 38][route: {}->http://localhost:3000] can be kept alive for 5.0 seconds
22:57:32.855 [pool-2-thread-67] DEBUG org.apache.http.impl.conn.DefaultManagedHttpClientConnection -- http-outgoing-71: set socket timeout to 0
22:57:32.855 [pool-2-thread-67] DEBUG org.apache.http.impl.conn.PoolingHttpClientConnectionManager -- Connection released: [id: 38][route: {}->http://localhost:3000][total available: 1; route allocated: 1 of 5; total allocated: 1 of 10]
22:57:32.855 [pool-2-thread-67] DEBUG org.apache.http.impl.conn.PoolingHttpClientConnectionManager -- Connection manager is shutting down
22:57:32.856 [pool-2-thread-67] DEBUG org.apache.http.impl.conn.DefaultManagedHttpClientConnection -- http-outgoing-71: Close connection
22:57:32.856 [pool-2-thread-67] DEBUG org.apache.http.impl.conn.PoolingHttpClientConnectionManager -- Connection manager shut down
22:57:32.856 [pool-2-thread-67] DEBUG com.intuit.karate -- response time in milliseconds: 3638
1 < 200
1 < X-Powered-By: Express
1 < Access-Control-Allow-Origin: *
1 < Content-Type: application/json; charset=utf-8
1 < Content-Length: 605
1 < ETag: W/"25d-nlAoW5lM7kQKoHGePKG1bIdtcxw"
1 < Date: Sun, 22 Jun 2025 15:57:32 GMT
1 < Connection: keep-alive
1 < Keep-Alive: timeout=5
{"access_token":"eyJhbGciOiJIUzI1NiIsInR5cCI6IkpXVCJ9.eyJzdWIiOiI2NTBjZTFlZC1hYWNhLTQzOGYtOTk4OC0xZjA1OGFiNWFhMWEiLCJ1c2VybmFtZSI6ImpvaG5kb2UyNSIsInJvbGUiOjAsImlhdCI6MTc1MDYwNzg1MCwiZXhwIjoxNzUwNjExNDUwfQ.p_JmawuXPt_6COoFjbNzPqPIWLwhQQ_oqdxUA-bWPzc","refresh_token":"19cf0880deaac7527e962fb1f9c6a018a17dda55448b2c60d70c1f62e6db62a1","user":{"id":"650ce1ed-aaca-438f-9988-1f058ab5aa1a","email":"testit3@gmail.com","username":"johndoe25","name":"John Doe","phoneNumber":"0123456713","profilePic":null,"bio":null,"private":false,"verified":false,"role":0,"followersCount":0,"followingCount":0,"postCount":0}}

22:57:32.858 [pool-2-thread-67] INFO com.intuit.karate -- [print] Concurrent call completed, status: 200 
22:57:33.769 [pool-2-thread-35] DEBUG org.apache.http.wire -- http-outgoing-95 << "HTTP/1.1 200 OK[\r][\n]"
22:57:33.769 [pool-2-thread-35] DEBUG org.apache.http.wire -- http-outgoing-95 << "X-Powered-By: Express[\r][\n]"
22:57:33.769 [pool-2-thread-35] DEBUG org.apache.http.wire -- http-outgoing-95 << "Access-Control-Allow-Origin: *[\r][\n]"
22:57:33.769 [pool-2-thread-35] DEBUG org.apache.http.wire -- http-outgoing-95 << "Content-Type: application/json; charset=utf-8[\r][\n]"
22:57:33.769 [pool-2-thread-35] DEBUG org.apache.http.wire -- http-outgoing-95 << "Content-Length: 607[\r][\n]"
22:57:33.769 [pool-2-thread-35] DEBUG org.apache.http.wire -- http-outgoing-95 << "ETag: W/"25f-CjkeLLyCOx10BOSwtdY9cdnYibw"[\r][\n]"
22:57:33.769 [pool-2-thread-35] DEBUG org.apache.http.wire -- http-outgoing-95 << "Date: Sun, 22 Jun 2025 15:57:33 GMT[\r][\n]"
22:57:33.769 [pool-2-thread-35] DEBUG org.apache.http.wire -- http-outgoing-95 << "Connection: keep-alive[\r][\n]"
22:57:33.769 [pool-2-thread-35] DEBUG org.apache.http.wire -- http-outgoing-95 << "Keep-Alive: timeout=5[\r][\n]"
22:57:33.769 [pool-2-thread-35] DEBUG org.apache.http.wire -- http-outgoing-95 << "[\r][\n]"
22:57:33.769 [pool-2-thread-35] DEBUG org.apache.http.wire -- http-outgoing-95 << "{"access_token":"eyJhbGciOiJIUzI1NiIsInR5cCI6IkpXVCJ9.eyJzdWIiOiJjMjE0MjJkZi1jY2VjLTQ0MGUtOWE0Mi1jMWI4MmFiZjczM2QiLCJ1c2VybmFtZSI6ImpvaG5kb2UyOCIsInJvbGUiOjAsImlhdCI6MTc1MDYwNzg1MSwiZXhwIjoxNzUwNjExNDUxfQ.YRuTjRLxIdkhyuphttePYuHzgHVMrikgKyFdZjoiTM8","refresh_token":"22b38a5287f569a63c1ff49bafef9d141d55b72e05c29e9b694fd1d9fa7ba45f","user":{"id":"c21422df-ccec-440e-9a42-c1b82abf733d","email":"test28@example.com","username":"johndoe28","name":"John Doe","phoneNumber":"84987654321","profilePic":null,"bio":null,"private":false,"verified":false,"role":0,"followersCount":0,"followingCount":0,"postCount":0}}"
22:57:33.769 [pool-2-thread-35] DEBUG org.apache.http.headers -- http-outgoing-95 << HTTP/1.1 200 OK
22:57:33.769 [pool-2-thread-35] DEBUG org.apache.http.headers -- http-outgoing-95 << X-Powered-By: Express
22:57:33.769 [pool-2-thread-35] DEBUG org.apache.http.headers -- http-outgoing-95 << Access-Control-Allow-Origin: *
22:57:33.769 [pool-2-thread-35] DEBUG org.apache.http.headers -- http-outgoing-95 << Content-Type: application/json; charset=utf-8
22:57:33.769 [pool-2-thread-35] DEBUG org.apache.http.headers -- http-outgoing-95 << Content-Length: 607
22:57:33.769 [pool-2-thread-35] DEBUG org.apache.http.headers -- http-outgoing-95 << ETag: W/"25f-CjkeLLyCOx10BOSwtdY9cdnYibw"
22:57:33.769 [pool-2-thread-35] DEBUG org.apache.http.headers -- http-outgoing-95 << Date: Sun, 22 Jun 2025 15:57:33 GMT
22:57:33.769 [pool-2-thread-35] DEBUG org.apache.http.headers -- http-outgoing-95 << Connection: keep-alive
22:57:33.769 [pool-2-thread-35] DEBUG org.apache.http.headers -- http-outgoing-95 << Keep-Alive: timeout=5
22:57:33.769 [pool-2-thread-35] DEBUG org.apache.http.impl.execchain.MainClientExec -- Connection can be kept alive for 5000 MILLISECONDS
22:57:33.769 [pool-2-thread-35] DEBUG org.apache.http.impl.conn.PoolingHttpClientConnectionManager -- Connection [id: 57][route: {}->http://localhost:3000] can be kept alive for 5.0 seconds
22:57:33.769 [pool-2-thread-35] DEBUG org.apache.http.impl.conn.DefaultManagedHttpClientConnection -- http-outgoing-95: set socket timeout to 0
22:57:33.769 [pool-2-thread-35] DEBUG org.apache.http.impl.conn.PoolingHttpClientConnectionManager -- Connection released: [id: 57][route: {}->http://localhost:3000][total available: 1; route allocated: 1 of 5; total allocated: 1 of 10]
22:57:33.769 [pool-2-thread-35] DEBUG org.apache.http.impl.conn.PoolingHttpClientConnectionManager -- Connection manager is shutting down
22:57:33.769 [pool-2-thread-35] DEBUG org.apache.http.impl.conn.DefaultManagedHttpClientConnection -- http-outgoing-95: Close connection
22:57:33.770 [pool-2-thread-35] DEBUG org.apache.http.impl.conn.PoolingHttpClientConnectionManager -- Connection manager shut down
22:57:33.770 [pool-2-thread-35] DEBUG com.intuit.karate -- response time in milliseconds: 4549
1 < 200
1 < X-Powered-By: Express
1 < Access-Control-Allow-Origin: *
1 < Content-Type: application/json; charset=utf-8
1 < Content-Length: 607
1 < ETag: W/"25f-CjkeLLyCOx10BOSwtdY9cdnYibw"
1 < Date: Sun, 22 Jun 2025 15:57:33 GMT
1 < Connection: keep-alive
1 < Keep-Alive: timeout=5
{"access_token":"eyJhbGciOiJIUzI1NiIsInR5cCI6IkpXVCJ9.eyJzdWIiOiJjMjE0MjJkZi1jY2VjLTQ0MGUtOWE0Mi1jMWI4MmFiZjczM2QiLCJ1c2VybmFtZSI6ImpvaG5kb2UyOCIsInJvbGUiOjAsImlhdCI6MTc1MDYwNzg1MSwiZXhwIjoxNzUwNjExNDUxfQ.YRuTjRLxIdkhyuphttePYuHzgHVMrikgKyFdZjoiTM8","refresh_token":"22b38a5287f569a63c1ff49bafef9d141d55b72e05c29e9b694fd1d9fa7ba45f","user":{"id":"c21422df-ccec-440e-9a42-c1b82abf733d","email":"test28@example.com","username":"johndoe28","name":"John Doe","phoneNumber":"84987654321","profilePic":null,"bio":null,"private":false,"verified":false,"role":0,"followersCount":0,"followingCount":0,"postCount":0}}

22:57:33.771 [pool-2-thread-35] INFO com.intuit.karate -- [print] Concurrent call completed, status: 200 
22:57:34.739 [pool-2-thread-74] DEBUG org.apache.http.wire -- http-outgoing-83 << "HTTP/1.1 200 OK[\r][\n]"
22:57:34.739 [pool-2-thread-74] DEBUG org.apache.http.wire -- http-outgoing-83 << "X-Powered-By: Express[\r][\n]"
22:57:34.739 [pool-2-thread-74] DEBUG org.apache.http.wire -- http-outgoing-83 << "Access-Control-Allow-Origin: *[\r][\n]"
22:57:34.739 [pool-2-thread-74] DEBUG org.apache.http.wire -- http-outgoing-83 << "Content-Type: application/json; charset=utf-8[\r][\n]"
22:57:34.739 [pool-2-thread-74] DEBUG org.apache.http.wire -- http-outgoing-83 << "Content-Length: 608[\r][\n]"
22:57:34.739 [pool-2-thread-74] DEBUG org.apache.http.wire -- http-outgoing-83 << "ETag: W/"260-Ohg+VK5zFbdd6Txupgr1KCH83zQ"[\r][\n]"
22:57:34.739 [pool-2-thread-74] DEBUG org.apache.http.wire -- http-outgoing-83 << "Date: Sun, 22 Jun 2025 15:57:34 GMT[\r][\n]"
22:57:34.739 [pool-2-thread-74] DEBUG org.apache.http.wire -- http-outgoing-83 << "Connection: keep-alive[\r][\n]"
22:57:34.739 [pool-2-thread-74] DEBUG org.apache.http.wire -- http-outgoing-83 << "Keep-Alive: timeout=5[\r][\n]"
22:57:34.739 [pool-2-thread-74] DEBUG org.apache.http.wire -- http-outgoing-83 << "[\r][\n]"
22:57:34.739 [pool-2-thread-74] DEBUG org.apache.http.wire -- http-outgoing-83 << "{"access_token":"eyJhbGciOiJIUzI1NiIsInR5cCI6IkpXVCJ9.eyJzdWIiOiI4YTI0NzQ2MS01YzA0LTQyMWQtOThmNS1mYTljNzM0ZmFlYTUiLCJ1c2VybmFtZSI6ImphbmVzbWl0aCIsInJvbGUiOjAsImlhdCI6MTc1MDYwNzg1MiwiZXhwIjoxNzUwNjExNDUyfQ.9HhZx5S2ArM_pFr0TfxfIYW2RxjGjOB-Ibd-_iX8ExU","refresh_token":"dd81bc10f22bdb643929951bf7934779a551cb09266d74a01fc5bbddd76e95a2","user":{"id":"8a247461-5c04-421d-98f5-fa9c734faea5","email":"test2@example.com","username":"janesmith","name":"Jane Smith","phoneNumber":"01234567890","profilePic":null,"bio":null,"private":false,"verified":false,"role":0,"followersCount":0,"followingCount":0,"postCount":0}}"
22:57:34.739 [pool-2-thread-74] DEBUG org.apache.http.headers -- http-outgoing-83 << HTTP/1.1 200 OK
22:57:34.739 [pool-2-thread-74] DEBUG org.apache.http.headers -- http-outgoing-83 << X-Powered-By: Express
22:57:34.739 [pool-2-thread-74] DEBUG org.apache.http.headers -- http-outgoing-83 << Access-Control-Allow-Origin: *
22:57:34.739 [pool-2-thread-74] DEBUG org.apache.http.headers -- http-outgoing-83 << Content-Type: application/json; charset=utf-8
22:57:34.739 [pool-2-thread-74] DEBUG org.apache.http.headers -- http-outgoing-83 << Content-Length: 608
22:57:34.739 [pool-2-thread-74] DEBUG org.apache.http.headers -- http-outgoing-83 << ETag: W/"260-Ohg+VK5zFbdd6Txupgr1KCH83zQ"
22:57:34.739 [pool-2-thread-74] DEBUG org.apache.http.headers -- http-outgoing-83 << Date: Sun, 22 Jun 2025 15:57:34 GMT
22:57:34.739 [pool-2-thread-74] DEBUG org.apache.http.headers -- http-outgoing-83 << Connection: keep-alive
22:57:34.739 [pool-2-thread-74] DEBUG org.apache.http.headers -- http-outgoing-83 << Keep-Alive: timeout=5
22:57:34.739 [pool-2-thread-74] DEBUG org.apache.http.impl.execchain.MainClientExec -- Connection can be kept alive for 5000 MILLISECONDS
22:57:34.739 [pool-2-thread-74] DEBUG org.apache.http.impl.conn.PoolingHttpClientConnectionManager -- Connection [id: 85][route: {}->http://localhost:3000] can be kept alive for 5.0 seconds
22:57:34.739 [pool-2-thread-74] DEBUG org.apache.http.impl.conn.DefaultManagedHttpClientConnection -- http-outgoing-83: set socket timeout to 0
22:57:34.739 [pool-2-thread-74] DEBUG org.apache.http.impl.conn.PoolingHttpClientConnectionManager -- Connection released: [id: 85][route: {}->http://localhost:3000][total available: 1; route allocated: 1 of 5; total allocated: 1 of 10]
22:57:34.739 [pool-2-thread-74] DEBUG org.apache.http.impl.conn.PoolingHttpClientConnectionManager -- Connection manager is shutting down
22:57:34.740 [pool-2-thread-74] DEBUG org.apache.http.impl.conn.DefaultManagedHttpClientConnection -- http-outgoing-83: Close connection
22:57:34.740 [pool-2-thread-74] DEBUG org.apache.http.impl.conn.PoolingHttpClientConnectionManager -- Connection manager shut down
22:57:34.740 [pool-2-thread-74] DEBUG com.intuit.karate -- response time in milliseconds: 5520
1 < 200
1 < X-Powered-By: Express
1 < Access-Control-Allow-Origin: *
1 < Content-Type: application/json; charset=utf-8
1 < Content-Length: 608
1 < ETag: W/"260-Ohg+VK5zFbdd6Txupgr1KCH83zQ"
1 < Date: Sun, 22 Jun 2025 15:57:34 GMT
1 < Connection: keep-alive
1 < Keep-Alive: timeout=5
{"access_token":"eyJhbGciOiJIUzI1NiIsInR5cCI6IkpXVCJ9.eyJzdWIiOiI4YTI0NzQ2MS01YzA0LTQyMWQtOThmNS1mYTljNzM0ZmFlYTUiLCJ1c2VybmFtZSI6ImphbmVzbWl0aCIsInJvbGUiOjAsImlhdCI6MTc1MDYwNzg1MiwiZXhwIjoxNzUwNjExNDUyfQ.9HhZx5S2ArM_pFr0TfxfIYW2RxjGjOB-Ibd-_iX8ExU","refresh_token":"dd81bc10f22bdb643929951bf7934779a551cb09266d74a01fc5bbddd76e95a2","user":{"id":"8a247461-5c04-421d-98f5-fa9c734faea5","email":"test2@example.com","username":"janesmith","name":"Jane Smith","phoneNumber":"01234567890","profilePic":null,"bio":null,"private":false,"verified":false,"role":0,"followersCount":0,"followingCount":0,"postCount":0}}

22:57:34.741 [pool-2-thread-74] INFO com.intuit.karate -- [print] Concurrent call completed, status: 200 
22:57:34.762 [pool-2-thread-32] DEBUG org.apache.http.wire -- http-outgoing-13 << "HTTP/1.1 200 OK[\r][\n]"
22:57:34.762 [pool-2-thread-32] DEBUG org.apache.http.wire -- http-outgoing-13 << "X-Powered-By: Express[\r][\n]"
22:57:34.762 [pool-2-thread-32] DEBUG org.apache.http.wire -- http-outgoing-13 << "Access-Control-Allow-Origin: *[\r][\n]"
22:57:34.762 [pool-2-thread-32] DEBUG org.apache.http.wire -- http-outgoing-13 << "Content-Type: application/json; charset=utf-8[\r][\n]"
22:57:34.762 [pool-2-thread-32] DEBUG org.apache.http.wire -- http-outgoing-13 << "Content-Length: 715[\r][\n]"
22:57:34.762 [pool-2-thread-32] DEBUG org.apache.http.wire -- http-outgoing-13 << "ETag: W/"2cb-hW+YwwTBaXD7JMaeQ6xFfAO40IQ"[\r][\n]"
22:57:34.762 [pool-2-thread-32] DEBUG org.apache.http.wire -- http-outgoing-13 << "Date: Sun, 22 Jun 2025 15:57:34 GMT[\r][\n]"
22:57:34.762 [pool-2-thread-32] DEBUG org.apache.http.wire -- http-outgoing-13 << "Connection: keep-alive[\r][\n]"
22:57:34.762 [pool-2-thread-32] DEBUG org.apache.http.wire -- http-outgoing-13 << "Keep-Alive: timeout=5[\r][\n]"
22:57:34.762 [pool-2-thread-32] DEBUG org.apache.http.wire -- http-outgoing-13 << "[\r][\n]"
22:57:34.762 [pool-2-thread-32] DEBUG org.apache.http.wire -- http-outgoing-13 << "{"access_token":"eyJhbGciOiJIUzI1NiIsInR5cCI6IkpXVCJ9.eyJzdWIiOiIyYjg0YWEyNC02NjhhLTQwZTItYWYxYy1hZDRmYzRmYTVhNmYiLCJ1c2VybmFtZSI6InF1YW5nMSIsInJvbGUiOjAsImlhdCI6MTc1MDYwNzg1MiwiZXhwIjoxNzUwNjExNDUyfQ.ZKJRfyqR8hk7OCEeq0hEnSjpGKGLb3S9EQgl0tbmTMc","refresh_token":"a05707cced6888cc2ba33d23057b16829e6c36d8432872a454e85704e9b23b7a","user":{"id":"2b84aa24-668a-40e2-af1c-ad4fc4fa5a6f","email":"quang1@gmail.com","username":"quang1","name":"quang1","phoneNumber":"09874563210","profilePic":"https://res.cloudinary.com/dizcvrefo/image/upload/v1749027586/nestjs_uploads/xehairydt9rzlbmbmv4c.jpg","bio":"Thang Nam Lao Vua Thoi","private":false,"verified":false,"role":0,"followersCount":2,"followingCount":3,"postCount":2}}"
22:57:34.762 [pool-2-thread-32] DEBUG org.apache.http.headers -- http-outgoing-13 << HTTP/1.1 200 OK
22:57:34.762 [pool-2-thread-32] DEBUG org.apache.http.headers -- http-outgoing-13 << X-Powered-By: Express
22:57:34.762 [pool-2-thread-32] DEBUG org.apache.http.headers -- http-outgoing-13 << Access-Control-Allow-Origin: *
22:57:34.762 [pool-2-thread-32] DEBUG org.apache.http.headers -- http-outgoing-13 << Content-Type: application/json; charset=utf-8
22:57:34.762 [pool-2-thread-32] DEBUG org.apache.http.headers -- http-outgoing-13 << Content-Length: 715
22:57:34.762 [pool-2-thread-32] DEBUG org.apache.http.headers -- http-outgoing-13 << ETag: W/"2cb-hW+YwwTBaXD7JMaeQ6xFfAO40IQ"
22:57:34.762 [pool-2-thread-32] DEBUG org.apache.http.headers -- http-outgoing-13 << Date: Sun, 22 Jun 2025 15:57:34 GMT
22:57:34.762 [pool-2-thread-32] DEBUG org.apache.http.headers -- http-outgoing-13 << Connection: keep-alive
22:57:34.762 [pool-2-thread-32] DEBUG org.apache.http.headers -- http-outgoing-13 << Keep-Alive: timeout=5
22:57:34.762 [pool-2-thread-32] DEBUG org.apache.http.impl.execchain.MainClientExec -- Connection can be kept alive for 5000 MILLISECONDS
22:57:34.762 [pool-2-thread-32] DEBUG org.apache.http.impl.conn.PoolingHttpClientConnectionManager -- Connection [id: 47][route: {}->http://localhost:3000] can be kept alive for 5.0 seconds
22:57:34.762 [pool-2-thread-32] DEBUG org.apache.http.impl.conn.DefaultManagedHttpClientConnection -- http-outgoing-13: set socket timeout to 0
22:57:34.762 [pool-2-thread-32] DEBUG org.apache.http.impl.conn.PoolingHttpClientConnectionManager -- Connection released: [id: 47][route: {}->http://localhost:3000][total available: 1; route allocated: 1 of 5; total allocated: 1 of 10]
22:57:34.762 [pool-2-thread-32] DEBUG org.apache.http.impl.conn.PoolingHttpClientConnectionManager -- Connection manager is shutting down
22:57:34.762 [pool-2-thread-32] DEBUG org.apache.http.impl.conn.DefaultManagedHttpClientConnection -- http-outgoing-13: Close connection
22:57:34.763 [pool-2-thread-32] DEBUG org.apache.http.impl.conn.PoolingHttpClientConnectionManager -- Connection manager shut down
22:57:34.763 [pool-2-thread-32] DEBUG com.intuit.karate -- response time in milliseconds: 5557
1 < 200
1 < X-Powered-By: Express
1 < Access-Control-Allow-Origin: *
1 < Content-Type: application/json; charset=utf-8
1 < Content-Length: 715
1 < ETag: W/"2cb-hW+YwwTBaXD7JMaeQ6xFfAO40IQ"
1 < Date: Sun, 22 Jun 2025 15:57:34 GMT
1 < Connection: keep-alive
1 < Keep-Alive: timeout=5
{"access_token":"eyJhbGciOiJIUzI1NiIsInR5cCI6IkpXVCJ9.eyJzdWIiOiIyYjg0YWEyNC02NjhhLTQwZTItYWYxYy1hZDRmYzRmYTVhNmYiLCJ1c2VybmFtZSI6InF1YW5nMSIsInJvbGUiOjAsImlhdCI6MTc1MDYwNzg1MiwiZXhwIjoxNzUwNjExNDUyfQ.ZKJRfyqR8hk7OCEeq0hEnSjpGKGLb3S9EQgl0tbmTMc","refresh_token":"a05707cced6888cc2ba33d23057b16829e6c36d8432872a454e85704e9b23b7a","user":{"id":"2b84aa24-668a-40e2-af1c-ad4fc4fa5a6f","email":"quang1@gmail.com","username":"quang1","name":"quang1","phoneNumber":"09874563210","profilePic":"https://res.cloudinary.com/dizcvrefo/image/upload/v1749027586/nestjs_uploads/xehairydt9rzlbmbmv4c.jpg","bio":"Thang Nam Lao Vua Thoi","private":false,"verified":false,"role":0,"followersCount":2,"followingCount":3,"postCount":2}}

22:57:34.764 [pool-2-thread-32] INFO com.intuit.karate -- [print] Concurrent call completed, status: 200 
22:57:34.775 [pool-2-thread-19] DEBUG org.apache.http.wire -- http-outgoing-27 << "HTTP/1.1 200 OK[\r][\n]"
22:57:34.775 [pool-2-thread-19] DEBUG org.apache.http.wire -- http-outgoing-27 << "X-Powered-By: Express[\r][\n]"
22:57:34.775 [pool-2-thread-19] DEBUG org.apache.http.wire -- http-outgoing-27 << "Access-Control-Allow-Origin: *[\r][\n]"
22:57:34.775 [pool-2-thread-19] DEBUG org.apache.http.wire -- http-outgoing-27 << "Content-Type: application/json; charset=utf-8[\r][\n]"
22:57:34.775 [pool-2-thread-19] DEBUG org.apache.http.wire -- http-outgoing-27 << "Content-Length: 604[\r][\n]"
22:57:34.775 [pool-2-thread-19] DEBUG org.apache.http.wire -- http-outgoing-27 << "ETag: W/"25c-rJOnNbF3LbOAbEvYd2bVw5X9xlg"[\r][\n]"
22:57:34.775 [pool-2-thread-19] DEBUG org.apache.http.wire -- http-outgoing-27 << "Date: Sun, 22 Jun 2025 15:57:34 GMT[\r][\n]"
22:57:34.775 [pool-2-thread-19] DEBUG org.apache.http.wire -- http-outgoing-27 << "Connection: keep-alive[\r][\n]"
22:57:34.775 [pool-2-thread-19] DEBUG org.apache.http.wire -- http-outgoing-27 << "Keep-Alive: timeout=5[\r][\n]"
22:57:34.775 [pool-2-thread-19] DEBUG org.apache.http.wire -- http-outgoing-27 << "[\r][\n]"
22:57:34.775 [pool-2-thread-19] DEBUG org.apache.http.wire -- http-outgoing-27 << "{"access_token":"eyJhbGciOiJIUzI1NiIsInR5cCI6IkpXVCJ9.eyJzdWIiOiJkZjZmMDkxOS1hMjNkLTQ0YzktYTkyNS00ZWE4YmU1MjVkMTAiLCJ1c2VybmFtZSI6ImpvaG5kb2UyMyIsInJvbGUiOjAsImlhdCI6MTc1MDYwNzg1MiwiZXhwIjoxNzUwNjExNDUyfQ.PzyRQv2HB6hQ7WXpHkDjO6YTcc5GSKz5Fx2VlDjJJho","refresh_token":"4bab20630ad601cdb1470c86e5038cf7e35e41e2ce070fd0300590d48ea60aa2","user":{"id":"df6f0919-a23d-44c9-a925-4ea8be525d10","email":"testit@gmail.com","username":"johndoe23","name":"John Doe","phoneNumber":"0123456788","profilePic":null,"bio":null,"private":false,"verified":false,"role":0,"followersCount":0,"followingCount":0,"postCount":0}}"
22:57:34.775 [pool-2-thread-19] DEBUG org.apache.http.headers -- http-outgoing-27 << HTTP/1.1 200 OK
22:57:34.775 [pool-2-thread-19] DEBUG org.apache.http.headers -- http-outgoing-27 << X-Powered-By: Express
22:57:34.775 [pool-2-thread-19] DEBUG org.apache.http.headers -- http-outgoing-27 << Access-Control-Allow-Origin: *
22:57:34.775 [pool-2-thread-19] DEBUG org.apache.http.headers -- http-outgoing-27 << Content-Type: application/json; charset=utf-8
22:57:34.775 [pool-2-thread-19] DEBUG org.apache.http.headers -- http-outgoing-27 << Content-Length: 604
22:57:34.775 [pool-2-thread-19] DEBUG org.apache.http.headers -- http-outgoing-27 << ETag: W/"25c-rJOnNbF3LbOAbEvYd2bVw5X9xlg"
22:57:34.775 [pool-2-thread-19] DEBUG org.apache.http.headers -- http-outgoing-27 << Date: Sun, 22 Jun 2025 15:57:34 GMT
22:57:34.775 [pool-2-thread-19] DEBUG org.apache.http.headers -- http-outgoing-27 << Connection: keep-alive
22:57:34.775 [pool-2-thread-19] DEBUG org.apache.http.headers -- http-outgoing-27 << Keep-Alive: timeout=5
22:57:34.775 [pool-2-thread-19] DEBUG org.apache.http.impl.execchain.MainClientExec -- Connection can be kept alive for 5000 MILLISECONDS
22:57:34.775 [pool-2-thread-19] DEBUG org.apache.http.impl.conn.PoolingHttpClientConnectionManager -- Connection [id: 73][route: {}->http://localhost:3000] can be kept alive for 5.0 seconds
22:57:34.775 [pool-2-thread-19] DEBUG org.apache.http.impl.conn.DefaultManagedHttpClientConnection -- http-outgoing-27: set socket timeout to 0
22:57:34.775 [pool-2-thread-19] DEBUG org.apache.http.impl.conn.PoolingHttpClientConnectionManager -- Connection released: [id: 73][route: {}->http://localhost:3000][total available: 1; route allocated: 1 of 5; total allocated: 1 of 10]
22:57:34.775 [pool-2-thread-19] DEBUG org.apache.http.impl.conn.PoolingHttpClientConnectionManager -- Connection manager is shutting down
22:57:34.775 [pool-2-thread-19] DEBUG org.apache.http.impl.conn.DefaultManagedHttpClientConnection -- http-outgoing-27: Close connection
22:57:34.776 [pool-2-thread-19] DEBUG org.apache.http.impl.conn.PoolingHttpClientConnectionManager -- Connection manager shut down
22:57:34.776 [pool-2-thread-19] DEBUG com.intuit.karate -- response time in milliseconds: 5554
1 < 200
1 < X-Powered-By: Express
1 < Access-Control-Allow-Origin: *
1 < Content-Type: application/json; charset=utf-8
1 < Content-Length: 604
1 < ETag: W/"25c-rJOnNbF3LbOAbEvYd2bVw5X9xlg"
1 < Date: Sun, 22 Jun 2025 15:57:34 GMT
1 < Connection: keep-alive
1 < Keep-Alive: timeout=5
{"access_token":"eyJhbGciOiJIUzI1NiIsInR5cCI6IkpXVCJ9.eyJzdWIiOiJkZjZmMDkxOS1hMjNkLTQ0YzktYTkyNS00ZWE4YmU1MjVkMTAiLCJ1c2VybmFtZSI6ImpvaG5kb2UyMyIsInJvbGUiOjAsImlhdCI6MTc1MDYwNzg1MiwiZXhwIjoxNzUwNjExNDUyfQ.PzyRQv2HB6hQ7WXpHkDjO6YTcc5GSKz5Fx2VlDjJJho","refresh_token":"4bab20630ad601cdb1470c86e5038cf7e35e41e2ce070fd0300590d48ea60aa2","user":{"id":"df6f0919-a23d-44c9-a925-4ea8be525d10","email":"testit@gmail.com","username":"johndoe23","name":"John Doe","phoneNumber":"0123456788","profilePic":null,"bio":null,"private":false,"verified":false,"role":0,"followersCount":0,"followingCount":0,"postCount":0}}

22:57:34.778 [pool-2-thread-19] INFO com.intuit.karate -- [print] Concurrent call completed, status: 200 
22:57:34.829 [pool-2-thread-18] DEBUG org.apache.http.wire -- http-outgoing-53 << "HTTP/1.1 200 OK[\r][\n]"
22:57:34.829 [pool-2-thread-18] DEBUG org.apache.http.wire -- http-outgoing-53 << "X-Powered-By: Express[\r][\n]"
22:57:34.829 [pool-2-thread-18] DEBUG org.apache.http.wire -- http-outgoing-53 << "Access-Control-Allow-Origin: *[\r][\n]"
22:57:34.829 [pool-2-thread-18] DEBUG org.apache.http.wire -- http-outgoing-53 << "Content-Type: application/json; charset=utf-8[\r][\n]"
22:57:34.829 [pool-2-thread-18] DEBUG org.apache.http.wire -- http-outgoing-53 << "Content-Length: 609[\r][\n]"
22:57:34.829 [pool-2-thread-18] DEBUG org.apache.http.wire -- http-outgoing-53 << "ETag: W/"261-74gl7/tlYlm5IwgWFpbK/osLPOg"[\r][\n]"
22:57:34.829 [pool-2-thread-18] DEBUG org.apache.http.wire -- http-outgoing-53 << "Date: Sun, 22 Jun 2025 15:57:34 GMT[\r][\n]"
22:57:34.829 [pool-2-thread-18] DEBUG org.apache.http.wire -- http-outgoing-53 << "Connection: keep-alive[\r][\n]"
22:57:34.829 [pool-2-thread-18] DEBUG org.apache.http.wire -- http-outgoing-53 << "Keep-Alive: timeout=5[\r][\n]"
22:57:34.829 [pool-2-thread-18] DEBUG org.apache.http.wire -- http-outgoing-53 << "[\r][\n]"
22:57:34.829 [pool-2-thread-18] DEBUG org.apache.http.wire -- http-outgoing-53 << "{"access_token":"eyJhbGciOiJIUzI1NiIsInR5cCI6IkpXVCJ9.eyJzdWIiOiIyNzJmNmI1NS01MTc5LTRhZTMtODU2My1iNGVjMTBmNzY3MTUiLCJ1c2VybmFtZSI6ImpvaG5kb2UyZDVkIiwicm9sZSI6MCwiaWF0IjoxNzUwNjA3ODUyLCJleHAiOjE3NTA2MTE0NTJ9.0WqHmvgBlpdljxFbwHpsgmLBRx5M0gkTctGY4iUTn6A","refresh_token":"d4e46552dfdd1dabedce01fdb3ea3d3d396604377ad17368ac52d7b6859f01ac","user":{"id":"272f6b55-5179-4ae3-8563-b4ec10f76715","email":"testit5@gmail.com","username":"johndoe2d5d","name":"John Doe","phoneNumber":"0123456132","profilePic":null,"bio":null,"private":false,"verified":false,"role":0,"followersCount":0,"followingCount":0,"postCount":0}}"
22:57:34.830 [pool-2-thread-18] DEBUG org.apache.http.headers -- http-outgoing-53 << HTTP/1.1 200 OK
22:57:34.830 [pool-2-thread-18] DEBUG org.apache.http.headers -- http-outgoing-53 << X-Powered-By: Express
22:57:34.830 [pool-2-thread-18] DEBUG org.apache.http.headers -- http-outgoing-53 << Access-Control-Allow-Origin: *
22:57:34.830 [pool-2-thread-18] DEBUG org.apache.http.headers -- http-outgoing-53 << Content-Type: application/json; charset=utf-8
22:57:34.830 [pool-2-thread-18] DEBUG org.apache.http.headers -- http-outgoing-53 << Content-Length: 609
22:57:34.830 [pool-2-thread-18] DEBUG org.apache.http.headers -- http-outgoing-53 << ETag: W/"261-74gl7/tlYlm5IwgWFpbK/osLPOg"
22:57:34.830 [pool-2-thread-18] DEBUG org.apache.http.headers -- http-outgoing-53 << Date: Sun, 22 Jun 2025 15:57:34 GMT
22:57:34.830 [pool-2-thread-18] DEBUG org.apache.http.headers -- http-outgoing-53 << Connection: keep-alive
22:57:34.830 [pool-2-thread-18] DEBUG org.apache.http.headers -- http-outgoing-53 << Keep-Alive: timeout=5
22:57:34.830 [pool-2-thread-18] DEBUG org.apache.http.impl.execchain.MainClientExec -- Connection can be kept alive for 5000 MILLISECONDS
22:57:34.830 [pool-2-thread-18] DEBUG org.apache.http.impl.conn.PoolingHttpClientConnectionManager -- Connection [id: 69][route: {}->http://localhost:3000] can be kept alive for 5.0 seconds
22:57:34.830 [pool-2-thread-18] DEBUG org.apache.http.impl.conn.DefaultManagedHttpClientConnection -- http-outgoing-53: set socket timeout to 0
22:57:34.830 [pool-2-thread-18] DEBUG org.apache.http.impl.conn.PoolingHttpClientConnectionManager -- Connection released: [id: 69][route: {}->http://localhost:3000][total available: 1; route allocated: 1 of 5; total allocated: 1 of 10]
22:57:34.830 [pool-2-thread-18] DEBUG org.apache.http.impl.conn.PoolingHttpClientConnectionManager -- Connection manager is shutting down
22:57:34.830 [pool-2-thread-18] DEBUG org.apache.http.impl.conn.DefaultManagedHttpClientConnection -- http-outgoing-53: Close connection
22:57:34.830 [pool-2-thread-18] DEBUG org.apache.http.impl.conn.PoolingHttpClientConnectionManager -- Connection manager shut down
22:57:34.830 [pool-2-thread-18] DEBUG com.intuit.karate -- response time in milliseconds: 5625
1 < 200
1 < X-Powered-By: Express
1 < Access-Control-Allow-Origin: *
1 < Content-Type: application/json; charset=utf-8
1 < Content-Length: 609
1 < ETag: W/"261-74gl7/tlYlm5IwgWFpbK/osLPOg"
1 < Date: Sun, 22 Jun 2025 15:57:34 GMT
1 < Connection: keep-alive
1 < Keep-Alive: timeout=5
{"access_token":"eyJhbGciOiJIUzI1NiIsInR5cCI6IkpXVCJ9.eyJzdWIiOiIyNzJmNmI1NS01MTc5LTRhZTMtODU2My1iNGVjMTBmNzY3MTUiLCJ1c2VybmFtZSI6ImpvaG5kb2UyZDVkIiwicm9sZSI6MCwiaWF0IjoxNzUwNjA3ODUyLCJleHAiOjE3NTA2MTE0NTJ9.0WqHmvgBlpdljxFbwHpsgmLBRx5M0gkTctGY4iUTn6A","refresh_token":"d4e46552dfdd1dabedce01fdb3ea3d3d396604377ad17368ac52d7b6859f01ac","user":{"id":"272f6b55-5179-4ae3-8563-b4ec10f76715","email":"testit5@gmail.com","username":"johndoe2d5d","name":"John Doe","phoneNumber":"0123456132","profilePic":null,"bio":null,"private":false,"verified":false,"role":0,"followersCount":0,"followingCount":0,"postCount":0}}

22:57:34.832 [pool-2-thread-18] INFO com.intuit.karate -- [print] Concurrent call completed, status: 200 
22:57:34.940 [pool-2-thread-83] DEBUG org.apache.http.wire -- http-outgoing-40 << "HTTP/1.1 200 OK[\r][\n]"
22:57:34.940 [pool-2-thread-83] DEBUG org.apache.http.wire -- http-outgoing-40 << "X-Powered-By: Express[\r][\n]"
22:57:34.940 [pool-2-thread-83] DEBUG org.apache.http.wire -- http-outgoing-40 << "Access-Control-Allow-Origin: *[\r][\n]"
22:57:34.940 [pool-2-thread-83] DEBUG org.apache.http.wire -- http-outgoing-40 << "Content-Type: application/json; charset=utf-8[\r][\n]"
22:57:34.940 [pool-2-thread-83] DEBUG org.apache.http.wire -- http-outgoing-40 << "Content-Length: 599[\r][\n]"
22:57:34.940 [pool-2-thread-83] DEBUG org.apache.http.wire -- http-outgoing-40 << "ETag: W/"257-padrzyd5oDX/+2BIUvIl/wjfbKA"[\r][\n]"
22:57:34.940 [pool-2-thread-83] DEBUG org.apache.http.wire -- http-outgoing-40 << "Date: Sun, 22 Jun 2025 15:57:34 GMT[\r][\n]"
22:57:34.940 [pool-2-thread-83] DEBUG org.apache.http.wire -- http-outgoing-40 << "Connection: keep-alive[\r][\n]"
22:57:34.940 [pool-2-thread-83] DEBUG org.apache.http.wire -- http-outgoing-40 << "Keep-Alive: timeout=5[\r][\n]"
22:57:34.940 [pool-2-thread-83] DEBUG org.apache.http.wire -- http-outgoing-40 << "[\r][\n]"
22:57:34.940 [pool-2-thread-83] DEBUG org.apache.http.wire -- http-outgoing-40 << "{"access_token":"eyJhbGciOiJIUzI1NiIsInR5cCI6IkpXVCJ9.eyJzdWIiOiIyZGRhMDQzOS01MTgwLTQ1YWEtOTE3Zi1lNjMyZTQ1YThlNDEiLCJ1c2VybmFtZSI6ImpvaG5kb2UiLCJyb2xlIjowLCJpYXQiOjE3NTA2MDc4NTMsImV4cCI6MTc1MDYxMTQ1M30.yNnAH9ORCuVdwRt0G9NEJVYL4L1qAJrpR5xuKhuFrUs","refresh_token":"43d4a7cf79a5de3ace4e5b9c2e0bab2d7f7a5a01db400246d9fa415e1373f8df","user":{"id":"2dda0439-5180-45aa-917f-e632e45a8e41","email":"test@example.com","username":"johndoe","name":"John Doe","phoneNumber":"0987654321","profilePic":null,"bio":null,"private":false,"verified":false,"role":0,"followersCount":0,"followingCount":0,"postCount":0}}"
22:57:34.940 [pool-2-thread-83] DEBUG org.apache.http.headers -- http-outgoing-40 << HTTP/1.1 200 OK
22:57:34.940 [pool-2-thread-83] DEBUG org.apache.http.headers -- http-outgoing-40 << X-Powered-By: Express
22:57:34.940 [pool-2-thread-83] DEBUG org.apache.http.headers -- http-outgoing-40 << Access-Control-Allow-Origin: *
22:57:34.940 [pool-2-thread-83] DEBUG org.apache.http.headers -- http-outgoing-40 << Content-Type: application/json; charset=utf-8
22:57:34.940 [pool-2-thread-83] DEBUG org.apache.http.headers -- http-outgoing-40 << Content-Length: 599
22:57:34.940 [pool-2-thread-83] DEBUG org.apache.http.headers -- http-outgoing-40 << ETag: W/"257-padrzyd5oDX/+2BIUvIl/wjfbKA"
22:57:34.940 [pool-2-thread-83] DEBUG org.apache.http.headers -- http-outgoing-40 << Date: Sun, 22 Jun 2025 15:57:34 GMT
22:57:34.940 [pool-2-thread-83] DEBUG org.apache.http.headers -- http-outgoing-40 << Connection: keep-alive
22:57:34.940 [pool-2-thread-83] DEBUG org.apache.http.headers -- http-outgoing-40 << Keep-Alive: timeout=5
22:57:34.940 [pool-2-thread-83] DEBUG org.apache.http.impl.execchain.MainClientExec -- Connection can be kept alive for 5000 MILLISECONDS
22:57:34.940 [pool-2-thread-83] DEBUG org.apache.http.impl.conn.PoolingHttpClientConnectionManager -- Connection [id: 17][route: {}->http://localhost:3000] can be kept alive for 5.0 seconds
22:57:34.940 [pool-2-thread-83] DEBUG org.apache.http.impl.conn.DefaultManagedHttpClientConnection -- http-outgoing-40: set socket timeout to 0
22:57:34.940 [pool-2-thread-83] DEBUG org.apache.http.impl.conn.PoolingHttpClientConnectionManager -- Connection released: [id: 17][route: {}->http://localhost:3000][total available: 1; route allocated: 1 of 5; total allocated: 1 of 10]
22:57:34.940 [pool-2-thread-83] DEBUG org.apache.http.impl.conn.PoolingHttpClientConnectionManager -- Connection manager is shutting down
22:57:34.940 [pool-2-thread-83] DEBUG org.apache.http.impl.conn.DefaultManagedHttpClientConnection -- http-outgoing-40: Close connection
22:57:34.940 [pool-2-thread-83] DEBUG org.apache.http.impl.conn.PoolingHttpClientConnectionManager -- Connection manager shut down
22:57:34.941 [pool-2-thread-83] DEBUG com.intuit.karate -- response time in milliseconds: 5734
1 < 200
1 < X-Powered-By: Express
1 < Access-Control-Allow-Origin: *
1 < Content-Type: application/json; charset=utf-8
1 < Content-Length: 599
1 < ETag: W/"257-padrzyd5oDX/+2BIUvIl/wjfbKA"
1 < Date: Sun, 22 Jun 2025 15:57:34 GMT
1 < Connection: keep-alive
1 < Keep-Alive: timeout=5
{"access_token":"eyJhbGciOiJIUzI1NiIsInR5cCI6IkpXVCJ9.eyJzdWIiOiIyZGRhMDQzOS01MTgwLTQ1YWEtOTE3Zi1lNjMyZTQ1YThlNDEiLCJ1c2VybmFtZSI6ImpvaG5kb2UiLCJyb2xlIjowLCJpYXQiOjE3NTA2MDc4NTMsImV4cCI6MTc1MDYxMTQ1M30.yNnAH9ORCuVdwRt0G9NEJVYL4L1qAJrpR5xuKhuFrUs","refresh_token":"43d4a7cf79a5de3ace4e5b9c2e0bab2d7f7a5a01db400246d9fa415e1373f8df","user":{"id":"2dda0439-5180-45aa-917f-e632e45a8e41","email":"test@example.com","username":"johndoe","name":"John Doe","phoneNumber":"0987654321","profilePic":null,"bio":null,"private":false,"verified":false,"role":0,"followersCount":0,"followingCount":0,"postCount":0}}

22:57:34.942 [pool-2-thread-83] INFO com.intuit.karate -- [print] Concurrent call completed, status: 200 
22:57:35.663 [pool-2-thread-36] DEBUG org.apache.http.wire -- http-outgoing-28 << "HTTP/1.1 200 OK[\r][\n]"
22:57:35.663 [pool-2-thread-36] DEBUG org.apache.http.wire -- http-outgoing-28 << "X-Powered-By: Express[\r][\n]"
22:57:35.663 [pool-2-thread-36] DEBUG org.apache.http.wire -- http-outgoing-28 << "Access-Control-Allow-Origin: *[\r][\n]"
22:57:35.663 [pool-2-thread-36] DEBUG org.apache.http.wire -- http-outgoing-28 << "Content-Type: application/json; charset=utf-8[\r][\n]"
22:57:35.663 [pool-2-thread-36] DEBUG org.apache.http.wire -- http-outgoing-28 << "Content-Length: 607[\r][\n]"
22:57:35.663 [pool-2-thread-36] DEBUG org.apache.http.wire -- http-outgoing-28 << "ETag: W/"25f-DLzcCt1I5V2afANpfhiv+SCnG3M"[\r][\n]"
22:57:35.663 [pool-2-thread-36] DEBUG org.apache.http.wire -- http-outgoing-28 << "Date: Sun, 22 Jun 2025 15:57:35 GMT[\r][\n]"
22:57:35.663 [pool-2-thread-36] DEBUG org.apache.http.wire -- http-outgoing-28 << "Connection: keep-alive[\r][\n]"
22:57:35.663 [pool-2-thread-36] DEBUG org.apache.http.wire -- http-outgoing-28 << "Keep-Alive: timeout=5[\r][\n]"
22:57:35.663 [pool-2-thread-36] DEBUG org.apache.http.wire -- http-outgoing-28 << "[\r][\n]"
22:57:35.663 [pool-2-thread-36] DEBUG org.apache.http.wire -- http-outgoing-28 << "{"access_token":"eyJhbGciOiJIUzI1NiIsInR5cCI6IkpXVCJ9.eyJzdWIiOiI5YTI2OTc2Yy0xNTMyLTRkZjMtYTE2ZS03NjMxNTI1Yzg1MDIiLCJ1c2VybmFtZSI6ImpvaG5kb2UyZDUiLCJyb2xlIjowLCJpYXQiOjE3NTA2MDc4NTMsImV4cCI6MTc1MDYxMTQ1M30.qwsmCP5RXDeMOUqEhjlyCqa0RFwrgMufSxX6KzTuPwQ","refresh_token":"ae5d6a3b367ce4e76f3ce031813d55a4dd752e7894a7efc96e3e15785209923b","user":{"id":"9a26976c-1532-4df3-a16e-7631525c8502","email":"testit4@gmail.com","username":"johndoe2d5","name":"John Doe","phoneNumber":"0123456212","profilePic":null,"bio":null,"private":false,"verified":false,"role":0,"followersCount":0,"followingCount":0,"postCount":0}}"
22:57:35.663 [pool-2-thread-36] DEBUG org.apache.http.headers -- http-outgoing-28 << HTTP/1.1 200 OK
22:57:35.663 [pool-2-thread-36] DEBUG org.apache.http.headers -- http-outgoing-28 << X-Powered-By: Express
22:57:35.663 [pool-2-thread-36] DEBUG org.apache.http.headers -- http-outgoing-28 << Access-Control-Allow-Origin: *
22:57:35.663 [pool-2-thread-36] DEBUG org.apache.http.headers -- http-outgoing-28 << Content-Type: application/json; charset=utf-8
22:57:35.663 [pool-2-thread-36] DEBUG org.apache.http.headers -- http-outgoing-28 << Content-Length: 607
22:57:35.663 [pool-2-thread-36] DEBUG org.apache.http.headers -- http-outgoing-28 << ETag: W/"25f-DLzcCt1I5V2afANpfhiv+SCnG3M"
22:57:35.663 [pool-2-thread-36] DEBUG org.apache.http.headers -- http-outgoing-28 << Date: Sun, 22 Jun 2025 15:57:35 GMT
22:57:35.663 [pool-2-thread-36] DEBUG org.apache.http.headers -- http-outgoing-28 << Connection: keep-alive
22:57:35.663 [pool-2-thread-36] DEBUG org.apache.http.headers -- http-outgoing-28 << Keep-Alive: timeout=5
22:57:35.663 [pool-2-thread-36] DEBUG org.apache.http.impl.execchain.MainClientExec -- Connection can be kept alive for 5000 MILLISECONDS
22:57:35.664 [pool-2-thread-36] DEBUG org.apache.http.impl.conn.PoolingHttpClientConnectionManager -- Connection [id: 68][route: {}->http://localhost:3000] can be kept alive for 5.0 seconds
22:57:35.664 [pool-2-thread-36] DEBUG org.apache.http.impl.conn.DefaultManagedHttpClientConnection -- http-outgoing-28: set socket timeout to 0
22:57:35.664 [pool-2-thread-36] DEBUG org.apache.http.impl.conn.PoolingHttpClientConnectionManager -- Connection released: [id: 68][route: {}->http://localhost:3000][total available: 1; route allocated: 1 of 5; total allocated: 1 of 10]
22:57:35.664 [pool-2-thread-36] DEBUG org.apache.http.impl.conn.PoolingHttpClientConnectionManager -- Connection manager is shutting down
22:57:35.664 [pool-2-thread-36] DEBUG org.apache.http.impl.conn.DefaultManagedHttpClientConnection -- http-outgoing-28: Close connection
22:57:35.664 [pool-2-thread-36] DEBUG org.apache.http.impl.conn.PoolingHttpClientConnectionManager -- Connection manager shut down
22:57:35.664 [pool-2-thread-36] DEBUG com.intuit.karate -- response time in milliseconds: 6443
1 < 200
1 < X-Powered-By: Express
1 < Access-Control-Allow-Origin: *
1 < Content-Type: application/json; charset=utf-8
1 < Content-Length: 607
1 < ETag: W/"25f-DLzcCt1I5V2afANpfhiv+SCnG3M"
1 < Date: Sun, 22 Jun 2025 15:57:35 GMT
1 < Connection: keep-alive
1 < Keep-Alive: timeout=5
{"access_token":"eyJhbGciOiJIUzI1NiIsInR5cCI6IkpXVCJ9.eyJzdWIiOiI5YTI2OTc2Yy0xNTMyLTRkZjMtYTE2ZS03NjMxNTI1Yzg1MDIiLCJ1c2VybmFtZSI6ImpvaG5kb2UyZDUiLCJyb2xlIjowLCJpYXQiOjE3NTA2MDc4NTMsImV4cCI6MTc1MDYxMTQ1M30.qwsmCP5RXDeMOUqEhjlyCqa0RFwrgMufSxX6KzTuPwQ","refresh_token":"ae5d6a3b367ce4e76f3ce031813d55a4dd752e7894a7efc96e3e15785209923b","user":{"id":"9a26976c-1532-4df3-a16e-7631525c8502","email":"testit4@gmail.com","username":"johndoe2d5","name":"John Doe","phoneNumber":"0123456212","profilePic":null,"bio":null,"private":false,"verified":false,"role":0,"followersCount":0,"followingCount":0,"postCount":0}}

22:57:35.666 [pool-2-thread-36] INFO com.intuit.karate -- [print] Concurrent call completed, status: 200 
22:57:35.696 [pool-2-thread-90] DEBUG org.apache.http.wire -- http-outgoing-96 << "HTTP/1.1 200 OK[\r][\n]"
22:57:35.696 [pool-2-thread-90] DEBUG org.apache.http.wire -- http-outgoing-96 << "X-Powered-By: Express[\r][\n]"
22:57:35.696 [pool-2-thread-90] DEBUG org.apache.http.wire -- http-outgoing-96 << "Access-Control-Allow-Origin: *[\r][\n]"
22:57:35.696 [pool-2-thread-90] DEBUG org.apache.http.wire -- http-outgoing-96 << "Content-Type: application/json; charset=utf-8[\r][\n]"
22:57:35.696 [pool-2-thread-90] DEBUG org.apache.http.wire -- http-outgoing-96 << "Content-Length: 605[\r][\n]"
22:57:35.696 [pool-2-thread-90] DEBUG org.apache.http.wire -- http-outgoing-96 << "ETag: W/"25d-ytfQYZfp6/RCXYNi6jkgK4XyrrA"[\r][\n]"
22:57:35.696 [pool-2-thread-90] DEBUG org.apache.http.wire -- http-outgoing-96 << "Date: Sun, 22 Jun 2025 15:57:35 GMT[\r][\n]"
22:57:35.696 [pool-2-thread-90] DEBUG org.apache.http.wire -- http-outgoing-96 << "Connection: keep-alive[\r][\n]"
22:57:35.696 [pool-2-thread-90] DEBUG org.apache.http.wire -- http-outgoing-96 << "Keep-Alive: timeout=5[\r][\n]"
22:57:35.696 [pool-2-thread-90] DEBUG org.apache.http.wire -- http-outgoing-96 << "[\r][\n]"
22:57:35.696 [pool-2-thread-90] DEBUG org.apache.http.wire -- http-outgoing-96 << "{"access_token":"eyJhbGciOiJIUzI1NiIsInR5cCI6IkpXVCJ9.eyJzdWIiOiIwYTM3ZWY0My1mZWU4LTQxZDMtYTY4Ni04YWIwODY5NDg2OTUiLCJ1c2VybmFtZSI6ImpvaG5kb2UyMSIsInJvbGUiOjAsImlhdCI6MTc1MDYwNzg1MywiZXhwIjoxNzUwNjExNDUzfQ.R0TMHGpRSgxYSDaZt-xICIztHHNTid6o-imyzMH1eyI","refresh_token":"ec618c9f42593506900ec24b240a11c126e5803dce6ea261c451fad7415d8e15","user":{"id":"0a37ef43-fee8-41d3-a686-8ab086948695","email":"testit2@gmail.com","username":"johndoe21","name":"John Doe","phoneNumber":"0123456712","profilePic":null,"bio":null,"private":false,"verified":false,"role":0,"followersCount":0,"followingCount":0,"postCount":0}}"
22:57:35.696 [pool-2-thread-90] DEBUG org.apache.http.headers -- http-outgoing-96 << HTTP/1.1 200 OK
22:57:35.696 [pool-2-thread-90] DEBUG org.apache.http.headers -- http-outgoing-96 << X-Powered-By: Express
22:57:35.696 [pool-2-thread-90] DEBUG org.apache.http.headers -- http-outgoing-96 << Access-Control-Allow-Origin: *
22:57:35.696 [pool-2-thread-90] DEBUG org.apache.http.headers -- http-outgoing-96 << Content-Type: application/json; charset=utf-8
22:57:35.696 [pool-2-thread-90] DEBUG org.apache.http.headers -- http-outgoing-96 << Content-Length: 605
22:57:35.696 [pool-2-thread-90] DEBUG org.apache.http.headers -- http-outgoing-96 << ETag: W/"25d-ytfQYZfp6/RCXYNi6jkgK4XyrrA"
22:57:35.696 [pool-2-thread-90] DEBUG org.apache.http.headers -- http-outgoing-96 << Date: Sun, 22 Jun 2025 15:57:35 GMT
22:57:35.696 [pool-2-thread-90] DEBUG org.apache.http.headers -- http-outgoing-96 << Connection: keep-alive
22:57:35.696 [pool-2-thread-90] DEBUG org.apache.http.headers -- http-outgoing-96 << Keep-Alive: timeout=5
22:57:35.698 [pool-2-thread-90] DEBUG org.apache.http.impl.execchain.MainClientExec -- Connection can be kept alive for 5000 MILLISECONDS
22:57:35.698 [pool-2-thread-90] DEBUG org.apache.http.impl.conn.PoolingHttpClientConnectionManager -- Connection [id: 11][route: {}->http://localhost:3000] can be kept alive for 5.0 seconds
22:57:35.698 [pool-2-thread-90] DEBUG org.apache.http.impl.conn.DefaultManagedHttpClientConnection -- http-outgoing-96: set socket timeout to 0
22:57:35.698 [pool-2-thread-90] DEBUG org.apache.http.impl.conn.PoolingHttpClientConnectionManager -- Connection released: [id: 11][route: {}->http://localhost:3000][total available: 1; route allocated: 1 of 5; total allocated: 1 of 10]
22:57:35.698 [pool-2-thread-90] DEBUG org.apache.http.impl.conn.PoolingHttpClientConnectionManager -- Connection manager is shutting down
22:57:35.698 [pool-2-thread-90] DEBUG org.apache.http.impl.conn.DefaultManagedHttpClientConnection -- http-outgoing-96: Close connection
22:57:35.698 [pool-2-thread-90] DEBUG org.apache.http.impl.conn.PoolingHttpClientConnectionManager -- Connection manager shut down
22:57:35.698 [pool-2-thread-90] DEBUG com.intuit.karate -- response time in milliseconds: 6478
1 < 200
1 < X-Powered-By: Express
1 < Access-Control-Allow-Origin: *
1 < Content-Type: application/json; charset=utf-8
1 < Content-Length: 605
1 < ETag: W/"25d-ytfQYZfp6/RCXYNi6jkgK4XyrrA"
1 < Date: Sun, 22 Jun 2025 15:57:35 GMT
1 < Connection: keep-alive
1 < Keep-Alive: timeout=5
{"access_token":"eyJhbGciOiJIUzI1NiIsInR5cCI6IkpXVCJ9.eyJzdWIiOiIwYTM3ZWY0My1mZWU4LTQxZDMtYTY4Ni04YWIwODY5NDg2OTUiLCJ1c2VybmFtZSI6ImpvaG5kb2UyMSIsInJvbGUiOjAsImlhdCI6MTc1MDYwNzg1MywiZXhwIjoxNzUwNjExNDUzfQ.R0TMHGpRSgxYSDaZt-xICIztHHNTid6o-imyzMH1eyI","refresh_token":"ec618c9f42593506900ec24b240a11c126e5803dce6ea261c451fad7415d8e15","user":{"id":"0a37ef43-fee8-41d3-a686-8ab086948695","email":"testit2@gmail.com","username":"johndoe21","name":"John Doe","phoneNumber":"0123456712","profilePic":null,"bio":null,"private":false,"verified":false,"role":0,"followersCount":0,"followingCount":0,"postCount":0}}

22:57:35.700 [pool-2-thread-90] INFO com.intuit.karate -- [print] Concurrent call completed, status: 200 
22:57:35.889 [pool-2-thread-61] DEBUG org.apache.http.wire -- http-outgoing-47 << "HTTP/1.1 200 OK[\r][\n]"
22:57:35.889 [pool-2-thread-61] DEBUG org.apache.http.wire -- http-outgoing-47 << "X-Powered-By: Express[\r][\n]"
22:57:35.889 [pool-2-thread-61] DEBUG org.apache.http.wire -- http-outgoing-47 << "Access-Control-Allow-Origin: *[\r][\n]"
22:57:35.889 [pool-2-thread-61] DEBUG org.apache.http.wire -- http-outgoing-47 << "Content-Type: application/json; charset=utf-8[\r][\n]"
22:57:35.889 [pool-2-thread-61] DEBUG org.apache.http.wire -- http-outgoing-47 << "Content-Length: 708[\r][\n]"
22:57:35.889 [pool-2-thread-61] DEBUG org.apache.http.wire -- http-outgoing-47 << "ETag: W/"2c4-ldi7dbHKOeWz64iHOb839Lfwjo0"[\r][\n]"
22:57:35.889 [pool-2-thread-61] DEBUG org.apache.http.wire -- http-outgoing-47 << "Date: Sun, 22 Jun 2025 15:57:35 GMT[\r][\n]"
22:57:35.889 [pool-2-thread-61] DEBUG org.apache.http.wire -- http-outgoing-47 << "Connection: keep-alive[\r][\n]"
22:57:35.889 [pool-2-thread-61] DEBUG org.apache.http.wire -- http-outgoing-47 << "Keep-Alive: timeout=5[\r][\n]"
22:57:35.889 [pool-2-thread-61] DEBUG org.apache.http.wire -- http-outgoing-47 << "[\r][\n]"
22:57:35.889 [pool-2-thread-61] DEBUG org.apache.http.wire -- http-outgoing-47 << "{"access_token":"eyJhbGciOiJIUzI1NiIsInR5cCI6IkpXVCJ9.eyJzdWIiOiIwODUxNWIwNS0yZDNlLTQ3ODktYWQ2MC1kYjM1NTI1YTQ5NzAiLCJ1c2VybmFtZSI6Im5hbSIsInJvbGUiOjAsImlhdCI6MTc1MDYwNzg1NCwiZXhwIjoxNzUwNjExNDU0fQ.19Cey2xhtBD_EQfvqf41y8q6yrHZcaIRPHaLqLGYbFQ","refresh_token":"2d4b98a7d2e5e2d0ae87d47ef8969b06fa6ef067cd4324fc6ea31d3b26554873","user":{"id":"08515b05-2d3e-4789-ad60-db35525a4970","email":"nam@gmail.com","username":"nam","name":"nam","phoneNumber":"0123456789","profilePic":"https://res.cloudinary.com/dizcvrefo/image/upload/v1749266646/nestjs_uploads/zk9zrpeidnovxibfqdxr.png","bio":"Chu tich hoi dong Quan tri 1","private":false,"verified":false,"role":0,"followersCount":2,"followingCount":2,"postCount":13}}"
22:57:35.890 [pool-2-thread-61] DEBUG org.apache.http.headers -- http-outgoing-47 << HTTP/1.1 200 OK
22:57:35.890 [pool-2-thread-61] DEBUG org.apache.http.headers -- http-outgoing-47 << X-Powered-By: Express
22:57:35.890 [pool-2-thread-61] DEBUG org.apache.http.headers -- http-outgoing-47 << Access-Control-Allow-Origin: *
22:57:35.890 [pool-2-thread-61] DEBUG org.apache.http.headers -- http-outgoing-47 << Content-Type: application/json; charset=utf-8
22:57:35.890 [pool-2-thread-61] DEBUG org.apache.http.headers -- http-outgoing-47 << Content-Length: 708
22:57:35.890 [pool-2-thread-61] DEBUG org.apache.http.headers -- http-outgoing-47 << ETag: W/"2c4-ldi7dbHKOeWz64iHOb839Lfwjo0"
22:57:35.890 [pool-2-thread-61] DEBUG org.apache.http.headers -- http-outgoing-47 << Date: Sun, 22 Jun 2025 15:57:35 GMT
22:57:35.890 [pool-2-thread-61] DEBUG org.apache.http.headers -- http-outgoing-47 << Connection: keep-alive
22:57:35.890 [pool-2-thread-61] DEBUG org.apache.http.headers -- http-outgoing-47 << Keep-Alive: timeout=5
22:57:35.890 [pool-2-thread-61] DEBUG org.apache.http.impl.execchain.MainClientExec -- Connection can be kept alive for 5000 MILLISECONDS
22:57:35.890 [pool-2-thread-61] DEBUG org.apache.http.impl.conn.PoolingHttpClientConnectionManager -- Connection [id: 65][route: {}->http://localhost:3000] can be kept alive for 5.0 seconds
22:57:35.890 [pool-2-thread-61] DEBUG org.apache.http.impl.conn.DefaultManagedHttpClientConnection -- http-outgoing-47: set socket timeout to 0
22:57:35.890 [pool-2-thread-61] DEBUG org.apache.http.impl.conn.PoolingHttpClientConnectionManager -- Connection released: [id: 65][route: {}->http://localhost:3000][total available: 1; route allocated: 1 of 5; total allocated: 1 of 10]
22:57:35.890 [pool-2-thread-61] DEBUG org.apache.http.impl.conn.PoolingHttpClientConnectionManager -- Connection manager is shutting down
22:57:35.890 [pool-2-thread-61] DEBUG org.apache.http.impl.conn.DefaultManagedHttpClientConnection -- http-outgoing-47: Close connection
22:57:35.890 [pool-2-thread-61] DEBUG org.apache.http.impl.conn.PoolingHttpClientConnectionManager -- Connection manager shut down
22:57:35.890 [pool-2-thread-61] DEBUG com.intuit.karate -- response time in milliseconds: 6685
1 < 200
1 < X-Powered-By: Express
1 < Access-Control-Allow-Origin: *
1 < Content-Type: application/json; charset=utf-8
1 < Content-Length: 708
1 < ETag: W/"2c4-ldi7dbHKOeWz64iHOb839Lfwjo0"
1 < Date: Sun, 22 Jun 2025 15:57:35 GMT
1 < Connection: keep-alive
1 < Keep-Alive: timeout=5
{"access_token":"eyJhbGciOiJIUzI1NiIsInR5cCI6IkpXVCJ9.eyJzdWIiOiIwODUxNWIwNS0yZDNlLTQ3ODktYWQ2MC1kYjM1NTI1YTQ5NzAiLCJ1c2VybmFtZSI6Im5hbSIsInJvbGUiOjAsImlhdCI6MTc1MDYwNzg1NCwiZXhwIjoxNzUwNjExNDU0fQ.19Cey2xhtBD_EQfvqf41y8q6yrHZcaIRPHaLqLGYbFQ","refresh_token":"2d4b98a7d2e5e2d0ae87d47ef8969b06fa6ef067cd4324fc6ea31d3b26554873","user":{"id":"08515b05-2d3e-4789-ad60-db35525a4970","email":"nam@gmail.com","username":"nam","name":"nam","phoneNumber":"0123456789","profilePic":"https://res.cloudinary.com/dizcvrefo/image/upload/v1749266646/nestjs_uploads/zk9zrpeidnovxibfqdxr.png","bio":"Chu tich hoi dong Quan tri 1","private":false,"verified":false,"role":0,"followersCount":2,"followingCount":2,"postCount":13}}

22:57:35.892 [pool-2-thread-61] INFO com.intuit.karate -- [print] Concurrent call completed, status: 200 
22:57:35.903 [pool-2-thread-7] DEBUG org.apache.http.wire -- http-outgoing-59 << "HTTP/1.1 200 OK[\r][\n]"
22:57:35.903 [pool-2-thread-7] DEBUG org.apache.http.wire -- http-outgoing-59 << "X-Powered-By: Express[\r][\n]"
22:57:35.903 [pool-2-thread-7] DEBUG org.apache.http.wire -- http-outgoing-59 << "Access-Control-Allow-Origin: *[\r][\n]"
22:57:35.903 [pool-2-thread-7] DEBUG org.apache.http.wire -- http-outgoing-59 << "Content-Type: application/json; charset=utf-8[\r][\n]"
22:57:35.903 [pool-2-thread-7] DEBUG org.apache.http.wire -- http-outgoing-59 << "Content-Length: 605[\r][\n]"
22:57:35.903 [pool-2-thread-7] DEBUG org.apache.http.wire -- http-outgoing-59 << "ETag: W/"25d-247pSEFGl8xMMr2xU298hPbPozA"[\r][\n]"
22:57:35.903 [pool-2-thread-7] DEBUG org.apache.http.wire -- http-outgoing-59 << "Date: Sun, 22 Jun 2025 15:57:35 GMT[\r][\n]"
22:57:35.903 [pool-2-thread-7] DEBUG org.apache.http.wire -- http-outgoing-59 << "Connection: keep-alive[\r][\n]"
22:57:35.903 [pool-2-thread-7] DEBUG org.apache.http.wire -- http-outgoing-59 << "Keep-Alive: timeout=5[\r][\n]"
22:57:35.903 [pool-2-thread-7] DEBUG org.apache.http.wire -- http-outgoing-59 << "[\r][\n]"
22:57:35.903 [pool-2-thread-7] DEBUG org.apache.http.wire -- http-outgoing-59 << "{"access_token":"eyJhbGciOiJIUzI1NiIsInR5cCI6IkpXVCJ9.eyJzdWIiOiI2NTBjZTFlZC1hYWNhLTQzOGYtOTk4OC0xZjA1OGFiNWFhMWEiLCJ1c2VybmFtZSI6ImpvaG5kb2UyNSIsInJvbGUiOjAsImlhdCI6MTc1MDYwNzg1NCwiZXhwIjoxNzUwNjExNDU0fQ.GstqcmkNWZjisb5Zb0UaYFL8-IedRvcTKtjT3h5wdYo","refresh_token":"a974aad3d7415674b9f425efb6f54a5d7ba4b263d7903ac19fe1d38ab9aab4bc","user":{"id":"650ce1ed-aaca-438f-9988-1f058ab5aa1a","email":"testit3@gmail.com","username":"johndoe25","name":"John Doe","phoneNumber":"0123456713","profilePic":null,"bio":null,"private":false,"verified":false,"role":0,"followersCount":0,"followingCount":0,"postCount":0}}"
22:57:35.903 [pool-2-thread-7] DEBUG org.apache.http.headers -- http-outgoing-59 << HTTP/1.1 200 OK
22:57:35.903 [pool-2-thread-7] DEBUG org.apache.http.headers -- http-outgoing-59 << X-Powered-By: Express
22:57:35.903 [pool-2-thread-7] DEBUG org.apache.http.headers -- http-outgoing-59 << Access-Control-Allow-Origin: *
22:57:35.903 [pool-2-thread-7] DEBUG org.apache.http.headers -- http-outgoing-59 << Content-Type: application/json; charset=utf-8
22:57:35.903 [pool-2-thread-7] DEBUG org.apache.http.headers -- http-outgoing-59 << Content-Length: 605
22:57:35.903 [pool-2-thread-7] DEBUG org.apache.http.headers -- http-outgoing-59 << ETag: W/"25d-247pSEFGl8xMMr2xU298hPbPozA"
22:57:35.903 [pool-2-thread-7] DEBUG org.apache.http.headers -- http-outgoing-59 << Date: Sun, 22 Jun 2025 15:57:35 GMT
22:57:35.903 [pool-2-thread-7] DEBUG org.apache.http.headers -- http-outgoing-59 << Connection: keep-alive
22:57:35.903 [pool-2-thread-7] DEBUG org.apache.http.headers -- http-outgoing-59 << Keep-Alive: timeout=5
22:57:35.905 [pool-2-thread-7] DEBUG org.apache.http.impl.execchain.MainClientExec -- Connection can be kept alive for 5000 MILLISECONDS
22:57:35.905 [pool-2-thread-7] DEBUG org.apache.http.impl.conn.PoolingHttpClientConnectionManager -- Connection [id: 66][route: {}->http://localhost:3000] can be kept alive for 5.0 seconds
22:57:35.905 [pool-2-thread-7] DEBUG org.apache.http.impl.conn.DefaultManagedHttpClientConnection -- http-outgoing-59: set socket timeout to 0
22:57:35.905 [pool-2-thread-7] DEBUG org.apache.http.impl.conn.PoolingHttpClientConnectionManager -- Connection released: [id: 66][route: {}->http://localhost:3000][total available: 1; route allocated: 1 of 5; total allocated: 1 of 10]
22:57:35.905 [pool-2-thread-7] DEBUG org.apache.http.impl.conn.PoolingHttpClientConnectionManager -- Connection manager is shutting down
22:57:35.905 [pool-2-thread-7] DEBUG org.apache.http.impl.conn.DefaultManagedHttpClientConnection -- http-outgoing-59: Close connection
22:57:35.905 [pool-2-thread-7] DEBUG org.apache.http.impl.conn.PoolingHttpClientConnectionManager -- Connection manager shut down
22:57:35.905 [pool-2-thread-7] DEBUG com.intuit.karate -- response time in milliseconds: 6699
1 < 200
1 < X-Powered-By: Express
1 < Access-Control-Allow-Origin: *
1 < Content-Type: application/json; charset=utf-8
1 < Content-Length: 605
1 < ETag: W/"25d-247pSEFGl8xMMr2xU298hPbPozA"
1 < Date: Sun, 22 Jun 2025 15:57:35 GMT
1 < Connection: keep-alive
1 < Keep-Alive: timeout=5
{"access_token":"eyJhbGciOiJIUzI1NiIsInR5cCI6IkpXVCJ9.eyJzdWIiOiI2NTBjZTFlZC1hYWNhLTQzOGYtOTk4OC0xZjA1OGFiNWFhMWEiLCJ1c2VybmFtZSI6ImpvaG5kb2UyNSIsInJvbGUiOjAsImlhdCI6MTc1MDYwNzg1NCwiZXhwIjoxNzUwNjExNDU0fQ.GstqcmkNWZjisb5Zb0UaYFL8-IedRvcTKtjT3h5wdYo","refresh_token":"a974aad3d7415674b9f425efb6f54a5d7ba4b263d7903ac19fe1d38ab9aab4bc","user":{"id":"650ce1ed-aaca-438f-9988-1f058ab5aa1a","email":"testit3@gmail.com","username":"johndoe25","name":"John Doe","phoneNumber":"0123456713","profilePic":null,"bio":null,"private":false,"verified":false,"role":0,"followersCount":0,"followingCount":0,"postCount":0}}

22:57:35.906 [pool-2-thread-7] INFO com.intuit.karate -- [print] Concurrent call completed, status: 200 
22:57:35.909 [pool-2-thread-15] DEBUG org.apache.http.wire -- http-outgoing-98 << "HTTP/1.1 200 OK[\r][\n]"
22:57:35.909 [pool-2-thread-15] DEBUG org.apache.http.wire -- http-outgoing-98 << "X-Powered-By: Express[\r][\n]"
22:57:35.909 [pool-2-thread-15] DEBUG org.apache.http.wire -- http-outgoing-98 << "Access-Control-Allow-Origin: *[\r][\n]"
22:57:35.909 [pool-2-thread-15] DEBUG org.apache.http.wire -- http-outgoing-98 << "Content-Type: application/json; charset=utf-8[\r][\n]"
22:57:35.909 [pool-2-thread-15] DEBUG org.apache.http.wire -- http-outgoing-98 << "Content-Length: 607[\r][\n]"
22:57:35.909 [pool-2-thread-15] DEBUG org.apache.http.wire -- http-outgoing-98 << "ETag: W/"25f-ieoiv1+Syx6GLjBUf1N3Uv/qmuw"[\r][\n]"
22:57:35.909 [pool-2-thread-15] DEBUG org.apache.http.wire -- http-outgoing-98 << "Date: Sun, 22 Jun 2025 15:57:35 GMT[\r][\n]"
22:57:35.909 [pool-2-thread-15] DEBUG org.apache.http.wire -- http-outgoing-98 << "Connection: keep-alive[\r][\n]"
22:57:35.909 [pool-2-thread-15] DEBUG org.apache.http.wire -- http-outgoing-98 << "Keep-Alive: timeout=5[\r][\n]"
22:57:35.909 [pool-2-thread-15] DEBUG org.apache.http.wire -- http-outgoing-98 << "[\r][\n]"
22:57:35.909 [pool-2-thread-15] DEBUG org.apache.http.wire -- http-outgoing-98 << "{"access_token":"eyJhbGciOiJIUzI1NiIsInR5cCI6IkpXVCJ9.eyJzdWIiOiJjMjE0MjJkZi1jY2VjLTQ0MGUtOWE0Mi1jMWI4MmFiZjczM2QiLCJ1c2VybmFtZSI6ImpvaG5kb2UyOCIsInJvbGUiOjAsImlhdCI6MTc1MDYwNzg1NCwiZXhwIjoxNzUwNjExNDU0fQ.HS4Tp8LRjoYzsAaWsPyU1IJWei9PPmk0RlQB2d6q6vg","refresh_token":"645953d816fa8f5a24dfd041722c38e0a1b342de13a5ed4f80aeac4096441b36","user":{"id":"c21422df-ccec-440e-9a42-c1b82abf733d","email":"test28@example.com","username":"johndoe28","name":"John Doe","phoneNumber":"84987654321","profilePic":null,"bio":null,"private":false,"verified":false,"role":0,"followersCount":0,"followingCount":0,"postCount":0}}"
22:57:35.909 [pool-2-thread-15] DEBUG org.apache.http.headers -- http-outgoing-98 << HTTP/1.1 200 OK
22:57:35.909 [pool-2-thread-15] DEBUG org.apache.http.headers -- http-outgoing-98 << X-Powered-By: Express
22:57:35.909 [pool-2-thread-15] DEBUG org.apache.http.headers -- http-outgoing-98 << Access-Control-Allow-Origin: *
22:57:35.909 [pool-2-thread-15] DEBUG org.apache.http.headers -- http-outgoing-98 << Content-Type: application/json; charset=utf-8
22:57:35.909 [pool-2-thread-15] DEBUG org.apache.http.headers -- http-outgoing-98 << Content-Length: 607
22:57:35.909 [pool-2-thread-15] DEBUG org.apache.http.headers -- http-outgoing-98 << ETag: W/"25f-ieoiv1+Syx6GLjBUf1N3Uv/qmuw"
22:57:35.909 [pool-2-thread-15] DEBUG org.apache.http.headers -- http-outgoing-98 << Date: Sun, 22 Jun 2025 15:57:35 GMT
22:57:35.909 [pool-2-thread-15] DEBUG org.apache.http.headers -- http-outgoing-98 << Connection: keep-alive
22:57:35.909 [pool-2-thread-15] DEBUG org.apache.http.headers -- http-outgoing-98 << Keep-Alive: timeout=5
22:57:35.909 [pool-2-thread-15] DEBUG org.apache.http.impl.execchain.MainClientExec -- Connection can be kept alive for 5000 MILLISECONDS
22:57:35.910 [pool-2-thread-15] DEBUG org.apache.http.impl.conn.PoolingHttpClientConnectionManager -- Connection [id: 92][route: {}->http://localhost:3000] can be kept alive for 5.0 seconds
22:57:35.910 [pool-2-thread-15] DEBUG org.apache.http.impl.conn.DefaultManagedHttpClientConnection -- http-outgoing-98: set socket timeout to 0
22:57:35.910 [pool-2-thread-15] DEBUG org.apache.http.impl.conn.PoolingHttpClientConnectionManager -- Connection released: [id: 92][route: {}->http://localhost:3000][total available: 1; route allocated: 1 of 5; total allocated: 1 of 10]
22:57:35.910 [pool-2-thread-15] DEBUG org.apache.http.impl.conn.PoolingHttpClientConnectionManager -- Connection manager is shutting down
22:57:35.910 [pool-2-thread-15] DEBUG org.apache.http.impl.conn.DefaultManagedHttpClientConnection -- http-outgoing-98: Close connection
22:57:35.910 [pool-2-thread-15] DEBUG org.apache.http.impl.conn.PoolingHttpClientConnectionManager -- Connection manager shut down
22:57:35.910 [pool-2-thread-15] DEBUG com.intuit.karate -- response time in milliseconds: 6689
1 < 200
1 < X-Powered-By: Express
1 < Access-Control-Allow-Origin: *
1 < Content-Type: application/json; charset=utf-8
1 < Content-Length: 607
1 < ETag: W/"25f-ieoiv1+Syx6GLjBUf1N3Uv/qmuw"
1 < Date: Sun, 22 Jun 2025 15:57:35 GMT
1 < Connection: keep-alive
1 < Keep-Alive: timeout=5
{"access_token":"eyJhbGciOiJIUzI1NiIsInR5cCI6IkpXVCJ9.eyJzdWIiOiJjMjE0MjJkZi1jY2VjLTQ0MGUtOWE0Mi1jMWI4MmFiZjczM2QiLCJ1c2VybmFtZSI6ImpvaG5kb2UyOCIsInJvbGUiOjAsImlhdCI6MTc1MDYwNzg1NCwiZXhwIjoxNzUwNjExNDU0fQ.HS4Tp8LRjoYzsAaWsPyU1IJWei9PPmk0RlQB2d6q6vg","refresh_token":"645953d816fa8f5a24dfd041722c38e0a1b342de13a5ed4f80aeac4096441b36","user":{"id":"c21422df-ccec-440e-9a42-c1b82abf733d","email":"test28@example.com","username":"johndoe28","name":"John Doe","phoneNumber":"84987654321","profilePic":null,"bio":null,"private":false,"verified":false,"role":0,"followersCount":0,"followingCount":0,"postCount":0}}

22:57:35.911 [pool-2-thread-15] INFO com.intuit.karate -- [print] Concurrent call completed, status: 200 
22:57:36.888 [pool-2-thread-42] DEBUG org.apache.http.wire -- http-outgoing-55 << "HTTP/1.1 200 OK[\r][\n]"
22:57:36.888 [pool-2-thread-42] DEBUG org.apache.http.wire -- http-outgoing-55 << "X-Powered-By: Express[\r][\n]"
22:57:36.888 [pool-2-thread-42] DEBUG org.apache.http.wire -- http-outgoing-55 << "Access-Control-Allow-Origin: *[\r][\n]"
22:57:36.888 [pool-2-thread-42] DEBUG org.apache.http.wire -- http-outgoing-55 << "Content-Type: application/json; charset=utf-8[\r][\n]"
22:57:36.888 [pool-2-thread-42] DEBUG org.apache.http.wire -- http-outgoing-55 << "Content-Length: 715[\r][\n]"
22:57:36.888 [pool-2-thread-42] DEBUG org.apache.http.wire -- http-outgoing-55 << "ETag: W/"2cb-OY9ZTBum5he6+b45YcbcUhoCFtk"[\r][\n]"
22:57:36.888 [pool-2-thread-42] DEBUG org.apache.http.wire -- http-outgoing-55 << "Date: Sun, 22 Jun 2025 15:57:36 GMT[\r][\n]"
22:57:36.888 [pool-2-thread-42] DEBUG org.apache.http.wire -- http-outgoing-55 << "Connection: keep-alive[\r][\n]"
22:57:36.888 [pool-2-thread-42] DEBUG org.apache.http.wire -- http-outgoing-55 << "Keep-Alive: timeout=5[\r][\n]"
22:57:36.888 [pool-2-thread-42] DEBUG org.apache.http.wire -- http-outgoing-55 << "[\r][\n]"
22:57:36.888 [pool-2-thread-42] DEBUG org.apache.http.wire -- http-outgoing-55 << "{"access_token":"eyJhbGciOiJIUzI1NiIsInR5cCI6IkpXVCJ9.eyJzdWIiOiIyYjg0YWEyNC02NjhhLTQwZTItYWYxYy1hZDRmYzRmYTVhNmYiLCJ1c2VybmFtZSI6InF1YW5nMSIsInJvbGUiOjAsImlhdCI6MTc1MDYwNzg1NSwiZXhwIjoxNzUwNjExNDU1fQ.I7y5R9oHctND53u0ZWB6jccD6DaqbVCUfTMXF3NiE30","refresh_token":"7b3cd77e65bb2c5c020a89780a1875c58c8ce140385208b0fd796083da93854e","user":{"id":"2b84aa24-668a-40e2-af1c-ad4fc4fa5a6f","email":"quang1@gmail.com","username":"quang1","name":"quang1","phoneNumber":"09874563210","profilePic":"https://res.cloudinary.com/dizcvrefo/image/upload/v1749027586/nestjs_uploads/xehairydt9rzlbmbmv4c.jpg","bio":"Thang Nam Lao Vua Thoi","private":false,"verified":false,"role":0,"followersCount":2,"followingCount":3,"postCount":2}}"
22:57:36.889 [pool-2-thread-42] DEBUG org.apache.http.headers -- http-outgoing-55 << HTTP/1.1 200 OK
22:57:36.889 [pool-2-thread-42] DEBUG org.apache.http.headers -- http-outgoing-55 << X-Powered-By: Express
22:57:36.889 [pool-2-thread-42] DEBUG org.apache.http.headers -- http-outgoing-55 << Access-Control-Allow-Origin: *
22:57:36.889 [pool-2-thread-42] DEBUG org.apache.http.headers -- http-outgoing-55 << Content-Type: application/json; charset=utf-8
22:57:36.889 [pool-2-thread-42] DEBUG org.apache.http.headers -- http-outgoing-55 << Content-Length: 715
22:57:36.889 [pool-2-thread-42] DEBUG org.apache.http.headers -- http-outgoing-55 << ETag: W/"2cb-OY9ZTBum5he6+b45YcbcUhoCFtk"
22:57:36.889 [pool-2-thread-42] DEBUG org.apache.http.headers -- http-outgoing-55 << Date: Sun, 22 Jun 2025 15:57:36 GMT
22:57:36.889 [pool-2-thread-42] DEBUG org.apache.http.headers -- http-outgoing-55 << Connection: keep-alive
22:57:36.889 [pool-2-thread-42] DEBUG org.apache.http.headers -- http-outgoing-55 << Keep-Alive: timeout=5
22:57:36.889 [pool-2-thread-42] DEBUG org.apache.http.impl.execchain.MainClientExec -- Connection can be kept alive for 5000 MILLISECONDS
22:57:36.889 [pool-2-thread-42] DEBUG org.apache.http.impl.conn.PoolingHttpClientConnectionManager -- Connection [id: 74][route: {}->http://localhost:3000] can be kept alive for 5.0 seconds
22:57:36.889 [pool-2-thread-42] DEBUG org.apache.http.impl.conn.DefaultManagedHttpClientConnection -- http-outgoing-55: set socket timeout to 0
22:57:36.889 [pool-2-thread-42] DEBUG org.apache.http.impl.conn.PoolingHttpClientConnectionManager -- Connection released: [id: 74][route: {}->http://localhost:3000][total available: 1; route allocated: 1 of 5; total allocated: 1 of 10]
22:57:36.889 [pool-2-thread-42] DEBUG org.apache.http.impl.conn.PoolingHttpClientConnectionManager -- Connection manager is shutting down
22:57:36.889 [pool-2-thread-42] DEBUG org.apache.http.impl.conn.DefaultManagedHttpClientConnection -- http-outgoing-55: Close connection
22:57:36.889 [pool-2-thread-42] DEBUG org.apache.http.impl.conn.PoolingHttpClientConnectionManager -- Connection manager shut down
22:57:36.889 [pool-2-thread-42] DEBUG com.intuit.karate -- response time in milliseconds: 7684
1 < 200
1 < X-Powered-By: Express
1 < Access-Control-Allow-Origin: *
1 < Content-Type: application/json; charset=utf-8
1 < Content-Length: 715
1 < ETag: W/"2cb-OY9ZTBum5he6+b45YcbcUhoCFtk"
1 < Date: Sun, 22 Jun 2025 15:57:36 GMT
1 < Connection: keep-alive
1 < Keep-Alive: timeout=5
{"access_token":"eyJhbGciOiJIUzI1NiIsInR5cCI6IkpXVCJ9.eyJzdWIiOiIyYjg0YWEyNC02NjhhLTQwZTItYWYxYy1hZDRmYzRmYTVhNmYiLCJ1c2VybmFtZSI6InF1YW5nMSIsInJvbGUiOjAsImlhdCI6MTc1MDYwNzg1NSwiZXhwIjoxNzUwNjExNDU1fQ.I7y5R9oHctND53u0ZWB6jccD6DaqbVCUfTMXF3NiE30","refresh_token":"7b3cd77e65bb2c5c020a89780a1875c58c8ce140385208b0fd796083da93854e","user":{"id":"2b84aa24-668a-40e2-af1c-ad4fc4fa5a6f","email":"quang1@gmail.com","username":"quang1","name":"quang1","phoneNumber":"09874563210","profilePic":"https://res.cloudinary.com/dizcvrefo/image/upload/v1749027586/nestjs_uploads/xehairydt9rzlbmbmv4c.jpg","bio":"Thang Nam Lao Vua Thoi","private":false,"verified":false,"role":0,"followersCount":2,"followingCount":3,"postCount":2}}

22:57:36.890 [pool-2-thread-42] INFO com.intuit.karate -- [print] Concurrent call completed, status: 200 
22:57:36.926 [pool-2-thread-9] DEBUG org.apache.http.wire -- http-outgoing-34 << "HTTP/1.1 200 OK[\r][\n]"
22:57:36.926 [pool-2-thread-9] DEBUG org.apache.http.wire -- http-outgoing-34 << "X-Powered-By: Express[\r][\n]"
22:57:36.926 [pool-2-thread-9] DEBUG org.apache.http.wire -- http-outgoing-34 << "Access-Control-Allow-Origin: *[\r][\n]"
22:57:36.926 [pool-2-thread-9] DEBUG org.apache.http.wire -- http-outgoing-34 << "Content-Type: application/json; charset=utf-8[\r][\n]"
22:57:36.926 [pool-2-thread-9] DEBUG org.apache.http.wire -- http-outgoing-34 << "Content-Length: 604[\r][\n]"
22:57:36.926 [pool-2-thread-9] DEBUG org.apache.http.wire -- http-outgoing-34 << "ETag: W/"25c-TNW4sFej5NgMrlDHaiv6tdZCv9M"[\r][\n]"
22:57:36.926 [pool-2-thread-9] DEBUG org.apache.http.wire -- http-outgoing-34 << "Date: Sun, 22 Jun 2025 15:57:36 GMT[\r][\n]"
22:57:36.926 [pool-2-thread-9] DEBUG org.apache.http.wire -- http-outgoing-34 << "Connection: keep-alive[\r][\n]"
22:57:36.926 [pool-2-thread-9] DEBUG org.apache.http.wire -- http-outgoing-34 << "Keep-Alive: timeout=5[\r][\n]"
22:57:36.926 [pool-2-thread-9] DEBUG org.apache.http.wire -- http-outgoing-34 << "[\r][\n]"
22:57:36.926 [pool-2-thread-9] DEBUG org.apache.http.wire -- http-outgoing-34 << "{"access_token":"eyJhbGciOiJIUzI1NiIsInR5cCI6IkpXVCJ9.eyJzdWIiOiJkZjZmMDkxOS1hMjNkLTQ0YzktYTkyNS00ZWE4YmU1MjVkMTAiLCJ1c2VybmFtZSI6ImpvaG5kb2UyMyIsInJvbGUiOjAsImlhdCI6MTc1MDYwNzg1NSwiZXhwIjoxNzUwNjExNDU1fQ.sT3XackJsmsWopw_hnG_UAqby3u9n-MvisydM-uOlFw","refresh_token":"6d6bb15e28dfaeaee6cf694b16182df5a6abc34636264097db257e8ff63f69a2","user":{"id":"df6f0919-a23d-44c9-a925-4ea8be525d10","email":"testit@gmail.com","username":"johndoe23","name":"John Doe","phoneNumber":"0123456788","profilePic":null,"bio":null,"private":false,"verified":false,"role":0,"followersCount":0,"followingCount":0,"postCount":0}}"
22:57:36.926 [pool-2-thread-9] DEBUG org.apache.http.headers -- http-outgoing-34 << HTTP/1.1 200 OK
22:57:36.926 [pool-2-thread-9] DEBUG org.apache.http.headers -- http-outgoing-34 << X-Powered-By: Express
22:57:36.926 [pool-2-thread-9] DEBUG org.apache.http.headers -- http-outgoing-34 << Access-Control-Allow-Origin: *
22:57:36.926 [pool-2-thread-9] DEBUG org.apache.http.headers -- http-outgoing-34 << Content-Type: application/json; charset=utf-8
22:57:36.926 [pool-2-thread-9] DEBUG org.apache.http.headers -- http-outgoing-34 << Content-Length: 604
22:57:36.926 [pool-2-thread-9] DEBUG org.apache.http.headers -- http-outgoing-34 << ETag: W/"25c-TNW4sFej5NgMrlDHaiv6tdZCv9M"
22:57:36.926 [pool-2-thread-9] DEBUG org.apache.http.headers -- http-outgoing-34 << Date: Sun, 22 Jun 2025 15:57:36 GMT
22:57:36.926 [pool-2-thread-9] DEBUG org.apache.http.headers -- http-outgoing-34 << Connection: keep-alive
22:57:36.926 [pool-2-thread-9] DEBUG org.apache.http.headers -- http-outgoing-34 << Keep-Alive: timeout=5
22:57:36.926 [pool-2-thread-9] DEBUG org.apache.http.impl.execchain.MainClientExec -- Connection can be kept alive for 5000 MILLISECONDS
22:57:36.926 [pool-2-thread-9] DEBUG org.apache.http.impl.conn.PoolingHttpClientConnectionManager -- Connection [id: 99][route: {}->http://localhost:3000] can be kept alive for 5.0 seconds
22:57:36.926 [pool-2-thread-9] DEBUG org.apache.http.impl.conn.DefaultManagedHttpClientConnection -- http-outgoing-34: set socket timeout to 0
22:57:36.928 [pool-2-thread-9] DEBUG org.apache.http.impl.conn.PoolingHttpClientConnectionManager -- Connection released: [id: 99][route: {}->http://localhost:3000][total available: 1; route allocated: 1 of 5; total allocated: 1 of 10]
22:57:36.928 [pool-2-thread-9] DEBUG org.apache.http.impl.conn.PoolingHttpClientConnectionManager -- Connection manager is shutting down
22:57:36.928 [pool-2-thread-9] DEBUG org.apache.http.impl.conn.DefaultManagedHttpClientConnection -- http-outgoing-34: Close connection
22:57:36.928 [pool-2-thread-9] DEBUG org.apache.http.impl.conn.PoolingHttpClientConnectionManager -- Connection manager shut down
22:57:36.928 [pool-2-thread-9] DEBUG com.intuit.karate -- response time in milliseconds: 7724
1 < 200
1 < X-Powered-By: Express
1 < Access-Control-Allow-Origin: *
1 < Content-Type: application/json; charset=utf-8
1 < Content-Length: 604
1 < ETag: W/"25c-TNW4sFej5NgMrlDHaiv6tdZCv9M"
1 < Date: Sun, 22 Jun 2025 15:57:36 GMT
1 < Connection: keep-alive
1 < Keep-Alive: timeout=5
{"access_token":"eyJhbGciOiJIUzI1NiIsInR5cCI6IkpXVCJ9.eyJzdWIiOiJkZjZmMDkxOS1hMjNkLTQ0YzktYTkyNS00ZWE4YmU1MjVkMTAiLCJ1c2VybmFtZSI6ImpvaG5kb2UyMyIsInJvbGUiOjAsImlhdCI6MTc1MDYwNzg1NSwiZXhwIjoxNzUwNjExNDU1fQ.sT3XackJsmsWopw_hnG_UAqby3u9n-MvisydM-uOlFw","refresh_token":"6d6bb15e28dfaeaee6cf694b16182df5a6abc34636264097db257e8ff63f69a2","user":{"id":"df6f0919-a23d-44c9-a925-4ea8be525d10","email":"testit@gmail.com","username":"johndoe23","name":"John Doe","phoneNumber":"0123456788","profilePic":null,"bio":null,"private":false,"verified":false,"role":0,"followersCount":0,"followingCount":0,"postCount":0}}

22:57:36.929 [pool-2-thread-9] INFO com.intuit.karate -- [print] Concurrent call completed, status: 200 
22:57:37.658 [pool-2-thread-94] DEBUG org.apache.http.wire -- http-outgoing-26 << "HTTP/1.1 200 OK[\r][\n]"
22:57:37.658 [pool-2-thread-94] DEBUG org.apache.http.wire -- http-outgoing-26 << "X-Powered-By: Express[\r][\n]"
22:57:37.658 [pool-2-thread-94] DEBUG org.apache.http.wire -- http-outgoing-26 << "Access-Control-Allow-Origin: *[\r][\n]"
22:57:37.658 [pool-2-thread-94] DEBUG org.apache.http.wire -- http-outgoing-26 << "Content-Type: application/json; charset=utf-8[\r][\n]"
22:57:37.658 [pool-2-thread-94] DEBUG org.apache.http.wire -- http-outgoing-26 << "Content-Length: 608[\r][\n]"
22:57:37.658 [pool-2-thread-94] DEBUG org.apache.http.wire -- http-outgoing-26 << "ETag: W/"260-/YbS1sCxCcsqJSIgEfllL5JF6rg"[\r][\n]"
22:57:37.658 [pool-2-thread-94] DEBUG org.apache.http.wire -- http-outgoing-26 << "Date: Sun, 22 Jun 2025 15:57:37 GMT[\r][\n]"
22:57:37.658 [pool-2-thread-94] DEBUG org.apache.http.wire -- http-outgoing-26 << "Connection: keep-alive[\r][\n]"
22:57:37.658 [pool-2-thread-94] DEBUG org.apache.http.wire -- http-outgoing-26 << "Keep-Alive: timeout=5[\r][\n]"
22:57:37.658 [pool-2-thread-94] DEBUG org.apache.http.wire -- http-outgoing-26 << "[\r][\n]"
22:57:37.658 [pool-2-thread-94] DEBUG org.apache.http.wire -- http-outgoing-26 << "{"access_token":"eyJhbGciOiJIUzI1NiIsInR5cCI6IkpXVCJ9.eyJzdWIiOiI4YTI0NzQ2MS01YzA0LTQyMWQtOThmNS1mYTljNzM0ZmFlYTUiLCJ1c2VybmFtZSI6ImphbmVzbWl0aCIsInJvbGUiOjAsImlhdCI6MTc1MDYwNzg1NSwiZXhwIjoxNzUwNjExNDU1fQ.-LAguGTMNPusLvK2ynQs0QuEEZ0jU3hMaa8r9r9iq3o","refresh_token":"697eb2d51ab0b24700c133efefeaaef0d1989a8394bd231b2cc2d541eb6d9ba2","user":{"id":"8a247461-5c04-421d-98f5-fa9c734faea5","email":"test2@example.com","username":"janesmith","name":"Jane Smith","phoneNumber":"01234567890","profilePic":null,"bio":null,"private":false,"verified":false,"role":0,"followersCount":0,"followingCount":0,"postCount":0}}"
22:57:37.658 [pool-2-thread-94] DEBUG org.apache.http.headers -- http-outgoing-26 << HTTP/1.1 200 OK
22:57:37.658 [pool-2-thread-94] DEBUG org.apache.http.headers -- http-outgoing-26 << X-Powered-By: Express
22:57:37.658 [pool-2-thread-94] DEBUG org.apache.http.headers -- http-outgoing-26 << Access-Control-Allow-Origin: *
22:57:37.658 [pool-2-thread-94] DEBUG org.apache.http.headers -- http-outgoing-26 << Content-Type: application/json; charset=utf-8
22:57:37.658 [pool-2-thread-94] DEBUG org.apache.http.headers -- http-outgoing-26 << Content-Length: 608
22:57:37.658 [pool-2-thread-94] DEBUG org.apache.http.headers -- http-outgoing-26 << ETag: W/"260-/YbS1sCxCcsqJSIgEfllL5JF6rg"
22:57:37.658 [pool-2-thread-94] DEBUG org.apache.http.headers -- http-outgoing-26 << Date: Sun, 22 Jun 2025 15:57:37 GMT
22:57:37.658 [pool-2-thread-94] DEBUG org.apache.http.headers -- http-outgoing-26 << Connection: keep-alive
22:57:37.658 [pool-2-thread-94] DEBUG org.apache.http.headers -- http-outgoing-26 << Keep-Alive: timeout=5
22:57:37.658 [pool-2-thread-94] DEBUG org.apache.http.impl.execchain.MainClientExec -- Connection can be kept alive for 5000 MILLISECONDS
22:57:37.658 [pool-2-thread-94] DEBUG org.apache.http.impl.conn.PoolingHttpClientConnectionManager -- Connection [id: 61][route: {}->http://localhost:3000] can be kept alive for 5.0 seconds
22:57:37.658 [pool-2-thread-94] DEBUG org.apache.http.impl.conn.DefaultManagedHttpClientConnection -- http-outgoing-26: set socket timeout to 0
22:57:37.658 [pool-2-thread-94] DEBUG org.apache.http.impl.conn.PoolingHttpClientConnectionManager -- Connection released: [id: 61][route: {}->http://localhost:3000][total available: 1; route allocated: 1 of 5; total allocated: 1 of 10]
22:57:37.658 [pool-2-thread-94] DEBUG org.apache.http.impl.conn.PoolingHttpClientConnectionManager -- Connection manager is shutting down
22:57:37.658 [pool-2-thread-94] DEBUG org.apache.http.impl.conn.DefaultManagedHttpClientConnection -- http-outgoing-26: Close connection
22:57:37.659 [pool-2-thread-94] DEBUG org.apache.http.impl.conn.PoolingHttpClientConnectionManager -- Connection manager shut down
22:57:37.659 [pool-2-thread-94] DEBUG com.intuit.karate -- response time in milliseconds: 8437
1 < 200
1 < X-Powered-By: Express
1 < Access-Control-Allow-Origin: *
1 < Content-Type: application/json; charset=utf-8
1 < Content-Length: 608
1 < ETag: W/"260-/YbS1sCxCcsqJSIgEfllL5JF6rg"
1 < Date: Sun, 22 Jun 2025 15:57:37 GMT
1 < Connection: keep-alive
1 < Keep-Alive: timeout=5
{"access_token":"eyJhbGciOiJIUzI1NiIsInR5cCI6IkpXVCJ9.eyJzdWIiOiI4YTI0NzQ2MS01YzA0LTQyMWQtOThmNS1mYTljNzM0ZmFlYTUiLCJ1c2VybmFtZSI6ImphbmVzbWl0aCIsInJvbGUiOjAsImlhdCI6MTc1MDYwNzg1NSwiZXhwIjoxNzUwNjExNDU1fQ.-LAguGTMNPusLvK2ynQs0QuEEZ0jU3hMaa8r9r9iq3o","refresh_token":"697eb2d51ab0b24700c133efefeaaef0d1989a8394bd231b2cc2d541eb6d9ba2","user":{"id":"8a247461-5c04-421d-98f5-fa9c734faea5","email":"test2@example.com","username":"janesmith","name":"Jane Smith","phoneNumber":"01234567890","profilePic":null,"bio":null,"private":false,"verified":false,"role":0,"followersCount":0,"followingCount":0,"postCount":0}}

22:57:37.660 [pool-2-thread-68] DEBUG org.apache.http.wire -- http-outgoing-52 << "HTTP/1.1 200 OK[\r][\n]"
22:57:37.660 [pool-2-thread-94] INFO com.intuit.karate -- [print] Concurrent call completed, status: 200 
22:57:37.660 [pool-2-thread-68] DEBUG org.apache.http.wire -- http-outgoing-52 << "X-Powered-By: Express[\r][\n]"
22:57:37.660 [pool-2-thread-68] DEBUG org.apache.http.wire -- http-outgoing-52 << "Access-Control-Allow-Origin: *[\r][\n]"
22:57:37.660 [pool-2-thread-68] DEBUG org.apache.http.wire -- http-outgoing-52 << "Content-Type: application/json; charset=utf-8[\r][\n]"
22:57:37.660 [pool-2-thread-68] DEBUG org.apache.http.wire -- http-outgoing-52 << "Content-Length: 609[\r][\n]"
22:57:37.660 [pool-2-thread-68] DEBUG org.apache.http.wire -- http-outgoing-52 << "ETag: W/"261-PEwazWnhHGABeTOv4wb/MK7hNgU"[\r][\n]"
22:57:37.660 [pool-2-thread-68] DEBUG org.apache.http.wire -- http-outgoing-52 << "Date: Sun, 22 Jun 2025 15:57:37 GMT[\r][\n]"
22:57:37.660 [pool-2-thread-68] DEBUG org.apache.http.wire -- http-outgoing-52 << "Connection: keep-alive[\r][\n]"
22:57:37.660 [pool-2-thread-68] DEBUG org.apache.http.wire -- http-outgoing-52 << "Keep-Alive: timeout=5[\r][\n]"
22:57:37.660 [pool-2-thread-68] DEBUG org.apache.http.wire -- http-outgoing-52 << "[\r][\n]"
22:57:37.660 [pool-2-thread-68] DEBUG org.apache.http.wire -- http-outgoing-52 << "{"access_token":"eyJhbGciOiJIUzI1NiIsInR5cCI6IkpXVCJ9.eyJzdWIiOiIyNzJmNmI1NS01MTc5LTRhZTMtODU2My1iNGVjMTBmNzY3MTUiLCJ1c2VybmFtZSI6ImpvaG5kb2UyZDVkIiwicm9sZSI6MCwiaWF0IjoxNzUwNjA3ODU1LCJleHAiOjE3NTA2MTE0NTV9.nAXDw0TrAG-li3R2NDclC2mO74YLufyohZWIIhrUHEE","refresh_token":"d1699606cb992ec3c34dbdc93b4dc3e70205f674238e11eb30b8f5e09d779364","user":{"id":"272f6b55-5179-4ae3-8563-b4ec10f76715","email":"testit5@gmail.com","username":"johndoe2d5d","name":"John Doe","phoneNumber":"0123456132","profilePic":null,"bio":null,"private":false,"verified":false,"role":0,"followersCount":0,"followingCount":0,"postCount":0}}"
22:57:37.660 [pool-2-thread-68] DEBUG org.apache.http.headers -- http-outgoing-52 << HTTP/1.1 200 OK
22:57:37.660 [pool-2-thread-68] DEBUG org.apache.http.headers -- http-outgoing-52 << X-Powered-By: Express
22:57:37.660 [pool-2-thread-68] DEBUG org.apache.http.headers -- http-outgoing-52 << Access-Control-Allow-Origin: *
22:57:37.660 [pool-2-thread-68] DEBUG org.apache.http.headers -- http-outgoing-52 << Content-Type: application/json; charset=utf-8
22:57:37.660 [pool-2-thread-68] DEBUG org.apache.http.headers -- http-outgoing-52 << Content-Length: 609
22:57:37.660 [pool-2-thread-68] DEBUG org.apache.http.headers -- http-outgoing-52 << ETag: W/"261-PEwazWnhHGABeTOv4wb/MK7hNgU"
22:57:37.660 [pool-2-thread-68] DEBUG org.apache.http.headers -- http-outgoing-52 << Date: Sun, 22 Jun 2025 15:57:37 GMT
22:57:37.660 [pool-2-thread-68] DEBUG org.apache.http.headers -- http-outgoing-52 << Connection: keep-alive
22:57:37.660 [pool-2-thread-68] DEBUG org.apache.http.headers -- http-outgoing-52 << Keep-Alive: timeout=5
22:57:37.660 [pool-2-thread-68] DEBUG org.apache.http.impl.execchain.MainClientExec -- Connection can be kept alive for 5000 MILLISECONDS
22:57:37.660 [pool-2-thread-68] DEBUG org.apache.http.impl.conn.PoolingHttpClientConnectionManager -- Connection [id: 55][route: {}->http://localhost:3000] can be kept alive for 5.0 seconds
22:57:37.660 [pool-2-thread-68] DEBUG org.apache.http.impl.conn.DefaultManagedHttpClientConnection -- http-outgoing-52: set socket timeout to 0
22:57:37.660 [pool-2-thread-68] DEBUG org.apache.http.impl.conn.PoolingHttpClientConnectionManager -- Connection released: [id: 55][route: {}->http://localhost:3000][total available: 1; route allocated: 1 of 5; total allocated: 1 of 10]
22:57:37.660 [pool-2-thread-68] DEBUG org.apache.http.impl.conn.PoolingHttpClientConnectionManager -- Connection manager is shutting down
22:57:37.660 [pool-2-thread-68] DEBUG org.apache.http.impl.conn.DefaultManagedHttpClientConnection -- http-outgoing-52: Close connection
22:57:37.661 [pool-2-thread-68] DEBUG org.apache.http.impl.conn.PoolingHttpClientConnectionManager -- Connection manager shut down
22:57:37.661 [pool-2-thread-68] DEBUG com.intuit.karate -- response time in milliseconds: 8456
1 < 200
1 < X-Powered-By: Express
1 < Access-Control-Allow-Origin: *
1 < Content-Type: application/json; charset=utf-8
1 < Content-Length: 609
1 < ETag: W/"261-PEwazWnhHGABeTOv4wb/MK7hNgU"
1 < Date: Sun, 22 Jun 2025 15:57:37 GMT
1 < Connection: keep-alive
1 < Keep-Alive: timeout=5
{"access_token":"eyJhbGciOiJIUzI1NiIsInR5cCI6IkpXVCJ9.eyJzdWIiOiIyNzJmNmI1NS01MTc5LTRhZTMtODU2My1iNGVjMTBmNzY3MTUiLCJ1c2VybmFtZSI6ImpvaG5kb2UyZDVkIiwicm9sZSI6MCwiaWF0IjoxNzUwNjA3ODU1LCJleHAiOjE3NTA2MTE0NTV9.nAXDw0TrAG-li3R2NDclC2mO74YLufyohZWIIhrUHEE","refresh_token":"d1699606cb992ec3c34dbdc93b4dc3e70205f674238e11eb30b8f5e09d779364","user":{"id":"272f6b55-5179-4ae3-8563-b4ec10f76715","email":"testit5@gmail.com","username":"johndoe2d5d","name":"John Doe","phoneNumber":"0123456132","profilePic":null,"bio":null,"private":false,"verified":false,"role":0,"followersCount":0,"followingCount":0,"postCount":0}}

22:57:37.662 [pool-2-thread-68] INFO com.intuit.karate -- [print] Concurrent call completed, status: 200 
22:57:37.874 [pool-2-thread-80] DEBUG org.apache.http.wire -- http-outgoing-73 << "HTTP/1.1 200 OK[\r][\n]"
22:57:37.874 [pool-2-thread-80] DEBUG org.apache.http.wire -- http-outgoing-73 << "X-Powered-By: Express[\r][\n]"
22:57:37.874 [pool-2-thread-80] DEBUG org.apache.http.wire -- http-outgoing-73 << "Access-Control-Allow-Origin: *[\r][\n]"
22:57:37.874 [pool-2-thread-80] DEBUG org.apache.http.wire -- http-outgoing-73 << "Content-Type: application/json; charset=utf-8[\r][\n]"
22:57:37.874 [pool-2-thread-80] DEBUG org.apache.http.wire -- http-outgoing-73 << "Content-Length: 605[\r][\n]"
22:57:37.874 [pool-2-thread-80] DEBUG org.apache.http.wire -- http-outgoing-73 << "ETag: W/"25d-f7SXA1T6TDeXEX0MjhA9LipLNhc"[\r][\n]"
22:57:37.874 [pool-2-thread-80] DEBUG org.apache.http.wire -- http-outgoing-73 << "Date: Sun, 22 Jun 2025 15:57:37 GMT[\r][\n]"
22:57:37.874 [pool-2-thread-80] DEBUG org.apache.http.wire -- http-outgoing-73 << "Connection: keep-alive[\r][\n]"
22:57:37.874 [pool-2-thread-80] DEBUG org.apache.http.wire -- http-outgoing-73 << "Keep-Alive: timeout=5[\r][\n]"
22:57:37.874 [pool-2-thread-80] DEBUG org.apache.http.wire -- http-outgoing-73 << "[\r][\n]"
22:57:37.874 [pool-2-thread-80] DEBUG org.apache.http.wire -- http-outgoing-73 << "{"access_token":"eyJhbGciOiJIUzI1NiIsInR5cCI6IkpXVCJ9.eyJzdWIiOiIwYTM3ZWY0My1mZWU4LTQxZDMtYTY4Ni04YWIwODY5NDg2OTUiLCJ1c2VybmFtZSI6ImpvaG5kb2UyMSIsInJvbGUiOjAsImlhdCI6MTc1MDYwNzg1NiwiZXhwIjoxNzUwNjExNDU2fQ.hzXOcx_lwWquOdGbnT-2XRMY1-25LnKiTYo3vs1Pmow","refresh_token":"6960a2012afd804a74bff2323020d53cc4882bd83ec1a81ab39a48d86c84ebdd","user":{"id":"0a37ef43-fee8-41d3-a686-8ab086948695","email":"testit2@gmail.com","username":"johndoe21","name":"John Doe","phoneNumber":"0123456712","profilePic":null,"bio":null,"private":false,"verified":false,"role":0,"followersCount":0,"followingCount":0,"postCount":0}}"
22:57:37.874 [pool-2-thread-80] DEBUG org.apache.http.headers -- http-outgoing-73 << HTTP/1.1 200 OK
22:57:37.874 [pool-2-thread-80] DEBUG org.apache.http.headers -- http-outgoing-73 << X-Powered-By: Express
22:57:37.874 [pool-2-thread-80] DEBUG org.apache.http.headers -- http-outgoing-73 << Access-Control-Allow-Origin: *
22:57:37.874 [pool-2-thread-80] DEBUG org.apache.http.headers -- http-outgoing-73 << Content-Type: application/json; charset=utf-8
22:57:37.874 [pool-2-thread-80] DEBUG org.apache.http.headers -- http-outgoing-73 << Content-Length: 605
22:57:37.874 [pool-2-thread-80] DEBUG org.apache.http.headers -- http-outgoing-73 << ETag: W/"25d-f7SXA1T6TDeXEX0MjhA9LipLNhc"
22:57:37.874 [pool-2-thread-80] DEBUG org.apache.http.headers -- http-outgoing-73 << Date: Sun, 22 Jun 2025 15:57:37 GMT
22:57:37.874 [pool-2-thread-80] DEBUG org.apache.http.headers -- http-outgoing-73 << Connection: keep-alive
22:57:37.874 [pool-2-thread-80] DEBUG org.apache.http.headers -- http-outgoing-73 << Keep-Alive: timeout=5
22:57:37.874 [pool-2-thread-80] DEBUG org.apache.http.impl.execchain.MainClientExec -- Connection can be kept alive for 5000 MILLISECONDS
22:57:37.874 [pool-2-thread-80] DEBUG org.apache.http.impl.conn.PoolingHttpClientConnectionManager -- Connection [id: 16][route: {}->http://localhost:3000] can be kept alive for 5.0 seconds
22:57:37.874 [pool-2-thread-80] DEBUG org.apache.http.impl.conn.DefaultManagedHttpClientConnection -- http-outgoing-73: set socket timeout to 0
22:57:37.874 [pool-2-thread-80] DEBUG org.apache.http.impl.conn.PoolingHttpClientConnectionManager -- Connection released: [id: 16][route: {}->http://localhost:3000][total available: 1; route allocated: 1 of 5; total allocated: 1 of 10]
22:57:37.874 [pool-2-thread-80] DEBUG org.apache.http.impl.conn.PoolingHttpClientConnectionManager -- Connection manager is shutting down
22:57:37.874 [pool-2-thread-80] DEBUG org.apache.http.impl.conn.DefaultManagedHttpClientConnection -- http-outgoing-73: Close connection
22:57:37.874 [pool-2-thread-80] DEBUG org.apache.http.impl.conn.PoolingHttpClientConnectionManager -- Connection manager shut down
22:57:37.875 [pool-2-thread-80] DEBUG com.intuit.karate -- response time in milliseconds: 8657
1 < 200
1 < X-Powered-By: Express
1 < Access-Control-Allow-Origin: *
1 < Content-Type: application/json; charset=utf-8
1 < Content-Length: 605
1 < ETag: W/"25d-f7SXA1T6TDeXEX0MjhA9LipLNhc"
1 < Date: Sun, 22 Jun 2025 15:57:37 GMT
1 < Connection: keep-alive
1 < Keep-Alive: timeout=5
{"access_token":"eyJhbGciOiJIUzI1NiIsInR5cCI6IkpXVCJ9.eyJzdWIiOiIwYTM3ZWY0My1mZWU4LTQxZDMtYTY4Ni04YWIwODY5NDg2OTUiLCJ1c2VybmFtZSI6ImpvaG5kb2UyMSIsInJvbGUiOjAsImlhdCI6MTc1MDYwNzg1NiwiZXhwIjoxNzUwNjExNDU2fQ.hzXOcx_lwWquOdGbnT-2XRMY1-25LnKiTYo3vs1Pmow","refresh_token":"6960a2012afd804a74bff2323020d53cc4882bd83ec1a81ab39a48d86c84ebdd","user":{"id":"0a37ef43-fee8-41d3-a686-8ab086948695","email":"testit2@gmail.com","username":"johndoe21","name":"John Doe","phoneNumber":"0123456712","profilePic":null,"bio":null,"private":false,"verified":false,"role":0,"followersCount":0,"followingCount":0,"postCount":0}}

22:57:37.876 [pool-2-thread-80] INFO com.intuit.karate -- [print] Concurrent call completed, status: 200 
22:57:37.941 [pool-2-thread-3] DEBUG org.apache.http.wire -- http-outgoing-89 << "HTTP/1.1 200 OK[\r][\n]"
22:57:37.941 [pool-2-thread-3] DEBUG org.apache.http.wire -- http-outgoing-89 << "X-Powered-By: Express[\r][\n]"
22:57:37.941 [pool-2-thread-3] DEBUG org.apache.http.wire -- http-outgoing-89 << "Access-Control-Allow-Origin: *[\r][\n]"
22:57:37.941 [pool-2-thread-3] DEBUG org.apache.http.wire -- http-outgoing-89 << "Content-Type: application/json; charset=utf-8[\r][\n]"
22:57:37.941 [pool-2-thread-3] DEBUG org.apache.http.wire -- http-outgoing-89 << "Content-Length: 599[\r][\n]"
22:57:37.941 [pool-2-thread-3] DEBUG org.apache.http.wire -- http-outgoing-89 << "ETag: W/"257-uFwmUDDGWD1d+qgHmmh6WK1J7qo"[\r][\n]"
22:57:37.941 [pool-2-thread-3] DEBUG org.apache.http.wire -- http-outgoing-89 << "Date: Sun, 22 Jun 2025 15:57:37 GMT[\r][\n]"
22:57:37.941 [pool-2-thread-3] DEBUG org.apache.http.wire -- http-outgoing-89 << "Connection: keep-alive[\r][\n]"
22:57:37.941 [pool-2-thread-3] DEBUG org.apache.http.wire -- http-outgoing-89 << "Keep-Alive: timeout=5[\r][\n]"
22:57:37.941 [pool-2-thread-3] DEBUG org.apache.http.wire -- http-outgoing-89 << "[\r][\n]"
22:57:37.941 [pool-2-thread-3] DEBUG org.apache.http.wire -- http-outgoing-89 << "{"access_token":"eyJhbGciOiJIUzI1NiIsInR5cCI6IkpXVCJ9.eyJzdWIiOiIyZGRhMDQzOS01MTgwLTQ1YWEtOTE3Zi1lNjMyZTQ1YThlNDEiLCJ1c2VybmFtZSI6ImpvaG5kb2UiLCJyb2xlIjowLCJpYXQiOjE3NTA2MDc4NTYsImV4cCI6MTc1MDYxMTQ1Nn0.uxrajKfsAFlT_PwXHGw7xF89EfL4HXAPi0iWEE1f75Y","refresh_token":"dbdee72c9436cd9efcdf8c4f4c453dd6b8d6d83b77ed432db6968802624dae5f","user":{"id":"2dda0439-5180-45aa-917f-e632e45a8e41","email":"test@example.com","username":"johndoe","name":"John Doe","phoneNumber":"0987654321","profilePic":null,"bio":null,"private":false,"verified":false,"role":0,"followersCount":0,"followingCount":0,"postCount":0}}"
22:57:37.941 [pool-2-thread-3] DEBUG org.apache.http.headers -- http-outgoing-89 << HTTP/1.1 200 OK
22:57:37.941 [pool-2-thread-3] DEBUG org.apache.http.headers -- http-outgoing-89 << X-Powered-By: Express
22:57:37.942 [pool-2-thread-3] DEBUG org.apache.http.headers -- http-outgoing-89 << Access-Control-Allow-Origin: *
22:57:37.942 [pool-2-thread-3] DEBUG org.apache.http.headers -- http-outgoing-89 << Content-Type: application/json; charset=utf-8
22:57:37.942 [pool-2-thread-3] DEBUG org.apache.http.headers -- http-outgoing-89 << Content-Length: 599
22:57:37.942 [pool-2-thread-3] DEBUG org.apache.http.headers -- http-outgoing-89 << ETag: W/"257-uFwmUDDGWD1d+qgHmmh6WK1J7qo"
22:57:37.942 [pool-2-thread-3] DEBUG org.apache.http.headers -- http-outgoing-89 << Date: Sun, 22 Jun 2025 15:57:37 GMT
22:57:37.942 [pool-2-thread-3] DEBUG org.apache.http.headers -- http-outgoing-89 << Connection: keep-alive
22:57:37.942 [pool-2-thread-3] DEBUG org.apache.http.headers -- http-outgoing-89 << Keep-Alive: timeout=5
22:57:37.942 [pool-2-thread-3] DEBUG org.apache.http.impl.execchain.MainClientExec -- Connection can be kept alive for 5000 MILLISECONDS
22:57:37.942 [pool-2-thread-3] DEBUG org.apache.http.impl.conn.PoolingHttpClientConnectionManager -- Connection [id: 59][route: {}->http://localhost:3000] can be kept alive for 5.0 seconds
22:57:37.942 [pool-2-thread-3] DEBUG org.apache.http.impl.conn.DefaultManagedHttpClientConnection -- http-outgoing-89: set socket timeout to 0
22:57:37.942 [pool-2-thread-3] DEBUG org.apache.http.impl.conn.PoolingHttpClientConnectionManager -- Connection released: [id: 59][route: {}->http://localhost:3000][total available: 1; route allocated: 1 of 5; total allocated: 1 of 10]
22:57:37.942 [pool-2-thread-3] DEBUG org.apache.http.impl.conn.PoolingHttpClientConnectionManager -- Connection manager is shutting down
22:57:37.942 [pool-2-thread-3] DEBUG org.apache.http.impl.conn.DefaultManagedHttpClientConnection -- http-outgoing-89: Close connection
22:57:37.942 [pool-2-thread-3] DEBUG org.apache.http.impl.conn.PoolingHttpClientConnectionManager -- Connection manager shut down
22:57:37.942 [pool-2-thread-3] DEBUG com.intuit.karate -- response time in milliseconds: 8723
1 < 200
1 < X-Powered-By: Express
1 < Access-Control-Allow-Origin: *
1 < Content-Type: application/json; charset=utf-8
1 < Content-Length: 599
1 < ETag: W/"257-uFwmUDDGWD1d+qgHmmh6WK1J7qo"
1 < Date: Sun, 22 Jun 2025 15:57:37 GMT
1 < Connection: keep-alive
1 < Keep-Alive: timeout=5
{"access_token":"eyJhbGciOiJIUzI1NiIsInR5cCI6IkpXVCJ9.eyJzdWIiOiIyZGRhMDQzOS01MTgwLTQ1YWEtOTE3Zi1lNjMyZTQ1YThlNDEiLCJ1c2VybmFtZSI6ImpvaG5kb2UiLCJyb2xlIjowLCJpYXQiOjE3NTA2MDc4NTYsImV4cCI6MTc1MDYxMTQ1Nn0.uxrajKfsAFlT_PwXHGw7xF89EfL4HXAPi0iWEE1f75Y","refresh_token":"dbdee72c9436cd9efcdf8c4f4c453dd6b8d6d83b77ed432db6968802624dae5f","user":{"id":"2dda0439-5180-45aa-917f-e632e45a8e41","email":"test@example.com","username":"johndoe","name":"John Doe","phoneNumber":"0987654321","profilePic":null,"bio":null,"private":false,"verified":false,"role":0,"followersCount":0,"followingCount":0,"postCount":0}}

22:57:37.944 [pool-2-thread-3] INFO com.intuit.karate -- [print] Concurrent call completed, status: 200 
22:57:38.664 [pool-2-thread-16] DEBUG org.apache.http.wire -- http-outgoing-23 << "HTTP/1.1 200 OK[\r][\n]"
22:57:38.664 [pool-2-thread-16] DEBUG org.apache.http.wire -- http-outgoing-23 << "X-Powered-By: Express[\r][\n]"
22:57:38.664 [pool-2-thread-16] DEBUG org.apache.http.wire -- http-outgoing-23 << "Access-Control-Allow-Origin: *[\r][\n]"
22:57:38.664 [pool-2-thread-16] DEBUG org.apache.http.wire -- http-outgoing-23 << "Content-Type: application/json; charset=utf-8[\r][\n]"
22:57:38.664 [pool-2-thread-16] DEBUG org.apache.http.wire -- http-outgoing-23 << "Content-Length: 607[\r][\n]"
22:57:38.664 [pool-2-thread-16] DEBUG org.apache.http.wire -- http-outgoing-23 << "ETag: W/"25f-5n0E1qIZv0jQ3PZkFuWHP5v5uDk"[\r][\n]"
22:57:38.664 [pool-2-thread-16] DEBUG org.apache.http.wire -- http-outgoing-23 << "Date: Sun, 22 Jun 2025 15:57:38 GMT[\r][\n]"
22:57:38.664 [pool-2-thread-16] DEBUG org.apache.http.wire -- http-outgoing-23 << "Connection: keep-alive[\r][\n]"
22:57:38.664 [pool-2-thread-16] DEBUG org.apache.http.wire -- http-outgoing-23 << "Keep-Alive: timeout=5[\r][\n]"
22:57:38.664 [pool-2-thread-16] DEBUG org.apache.http.wire -- http-outgoing-23 << "[\r][\n]"
22:57:38.664 [pool-2-thread-16] DEBUG org.apache.http.wire -- http-outgoing-23 << "{"access_token":"eyJhbGciOiJIUzI1NiIsInR5cCI6IkpXVCJ9.eyJzdWIiOiI5YTI2OTc2Yy0xNTMyLTRkZjMtYTE2ZS03NjMxNTI1Yzg1MDIiLCJ1c2VybmFtZSI6ImpvaG5kb2UyZDUiLCJyb2xlIjowLCJpYXQiOjE3NTA2MDc4NTYsImV4cCI6MTc1MDYxMTQ1Nn0.3qlUF8yugtmzwHzEPliys7DYF0ZqRuW0S_j4BCsMhS0","refresh_token":"f5cf27dfd261dd0ae2570e9ad69ce43431e5271a824f796fb18eed19b7b53296","user":{"id":"9a26976c-1532-4df3-a16e-7631525c8502","email":"testit4@gmail.com","username":"johndoe2d5","name":"John Doe","phoneNumber":"0123456212","profilePic":null,"bio":null,"private":false,"verified":false,"role":0,"followersCount":0,"followingCount":0,"postCount":0}}"
22:57:38.664 [pool-2-thread-16] DEBUG org.apache.http.headers -- http-outgoing-23 << HTTP/1.1 200 OK
22:57:38.664 [pool-2-thread-16] DEBUG org.apache.http.headers -- http-outgoing-23 << X-Powered-By: Express
22:57:38.664 [pool-2-thread-16] DEBUG org.apache.http.headers -- http-outgoing-23 << Access-Control-Allow-Origin: *
22:57:38.664 [pool-2-thread-16] DEBUG org.apache.http.headers -- http-outgoing-23 << Content-Type: application/json; charset=utf-8
22:57:38.664 [pool-2-thread-16] DEBUG org.apache.http.headers -- http-outgoing-23 << Content-Length: 607
22:57:38.664 [pool-2-thread-16] DEBUG org.apache.http.headers -- http-outgoing-23 << ETag: W/"25f-5n0E1qIZv0jQ3PZkFuWHP5v5uDk"
22:57:38.664 [pool-2-thread-16] DEBUG org.apache.http.headers -- http-outgoing-23 << Date: Sun, 22 Jun 2025 15:57:38 GMT
22:57:38.664 [pool-2-thread-16] DEBUG org.apache.http.headers -- http-outgoing-23 << Connection: keep-alive
22:57:38.664 [pool-2-thread-16] DEBUG org.apache.http.headers -- http-outgoing-23 << Keep-Alive: timeout=5
22:57:38.664 [pool-2-thread-16] DEBUG org.apache.http.impl.execchain.MainClientExec -- Connection can be kept alive for 5000 MILLISECONDS
22:57:38.664 [pool-2-thread-16] DEBUG org.apache.http.impl.conn.PoolingHttpClientConnectionManager -- Connection [id: 2][route: {}->http://localhost:3000] can be kept alive for 5.0 seconds
22:57:38.664 [pool-2-thread-16] DEBUG org.apache.http.impl.conn.DefaultManagedHttpClientConnection -- http-outgoing-23: set socket timeout to 0
22:57:38.664 [pool-2-thread-16] DEBUG org.apache.http.impl.conn.PoolingHttpClientConnectionManager -- Connection released: [id: 2][route: {}->http://localhost:3000][total available: 1; route allocated: 1 of 5; total allocated: 1 of 10]
22:57:38.664 [pool-2-thread-16] DEBUG org.apache.http.impl.conn.PoolingHttpClientConnectionManager -- Connection manager is shutting down
22:57:38.664 [pool-2-thread-16] DEBUG org.apache.http.impl.conn.DefaultManagedHttpClientConnection -- http-outgoing-23: Close connection
22:57:38.665 [pool-2-thread-16] DEBUG org.apache.http.impl.conn.PoolingHttpClientConnectionManager -- Connection manager shut down
22:57:38.665 [pool-2-thread-16] DEBUG com.intuit.karate -- response time in milliseconds: 9444
1 < 200
1 < X-Powered-By: Express
1 < Access-Control-Allow-Origin: *
1 < Content-Type: application/json; charset=utf-8
1 < Content-Length: 607
1 < ETag: W/"25f-5n0E1qIZv0jQ3PZkFuWHP5v5uDk"
1 < Date: Sun, 22 Jun 2025 15:57:38 GMT
1 < Connection: keep-alive
1 < Keep-Alive: timeout=5
{"access_token":"eyJhbGciOiJIUzI1NiIsInR5cCI6IkpXVCJ9.eyJzdWIiOiI5YTI2OTc2Yy0xNTMyLTRkZjMtYTE2ZS03NjMxNTI1Yzg1MDIiLCJ1c2VybmFtZSI6ImpvaG5kb2UyZDUiLCJyb2xlIjowLCJpYXQiOjE3NTA2MDc4NTYsImV4cCI6MTc1MDYxMTQ1Nn0.3qlUF8yugtmzwHzEPliys7DYF0ZqRuW0S_j4BCsMhS0","refresh_token":"f5cf27dfd261dd0ae2570e9ad69ce43431e5271a824f796fb18eed19b7b53296","user":{"id":"9a26976c-1532-4df3-a16e-7631525c8502","email":"testit4@gmail.com","username":"johndoe2d5","name":"John Doe","phoneNumber":"0123456212","profilePic":null,"bio":null,"private":false,"verified":false,"role":0,"followersCount":0,"followingCount":0,"postCount":0}}

22:57:38.666 [pool-2-thread-16] INFO com.intuit.karate -- [print] Concurrent call completed, status: 200 
22:57:38.695 [pool-2-thread-17] DEBUG org.apache.http.wire -- http-outgoing-9 << "HTTP/1.1 200 OK[\r][\n]"
22:57:38.695 [pool-2-thread-17] DEBUG org.apache.http.wire -- http-outgoing-9 << "X-Powered-By: Express[\r][\n]"
22:57:38.695 [pool-2-thread-17] DEBUG org.apache.http.wire -- http-outgoing-9 << "Access-Control-Allow-Origin: *[\r][\n]"
22:57:38.695 [pool-2-thread-17] DEBUG org.apache.http.wire -- http-outgoing-9 << "Content-Type: application/json; charset=utf-8[\r][\n]"
22:57:38.695 [pool-2-thread-17] DEBUG org.apache.http.wire -- http-outgoing-9 << "Content-Length: 605[\r][\n]"
22:57:38.695 [pool-2-thread-17] DEBUG org.apache.http.wire -- http-outgoing-9 << "ETag: W/"25d-QSAExwjknA5b+EBpkN6mHnT4Mtc"[\r][\n]"
22:57:38.695 [pool-2-thread-17] DEBUG org.apache.http.wire -- http-outgoing-9 << "Date: Sun, 22 Jun 2025 15:57:38 GMT[\r][\n]"
22:57:38.695 [pool-2-thread-17] DEBUG org.apache.http.wire -- http-outgoing-9 << "Connection: keep-alive[\r][\n]"
22:57:38.695 [pool-2-thread-17] DEBUG org.apache.http.wire -- http-outgoing-9 << "Keep-Alive: timeout=5[\r][\n]"
22:57:38.695 [pool-2-thread-17] DEBUG org.apache.http.wire -- http-outgoing-9 << "[\r][\n]"
22:57:38.695 [pool-2-thread-17] DEBUG org.apache.http.wire -- http-outgoing-9 << "{"access_token":"eyJhbGciOiJIUzI1NiIsInR5cCI6IkpXVCJ9.eyJzdWIiOiI2NTBjZTFlZC1hYWNhLTQzOGYtOTk4OC0xZjA1OGFiNWFhMWEiLCJ1c2VybmFtZSI6ImpvaG5kb2UyNSIsInJvbGUiOjAsImlhdCI6MTc1MDYwNzg1NiwiZXhwIjoxNzUwNjExNDU2fQ.yp5rDlp51-eCvzdvJ1Vthv1f_BS9sZudBlzJxONclS4","refresh_token":"6666a6185749db3ee61fd8cd6cb19b1f39fea3833a6269470d4b6fe93778e419","user":{"id":"650ce1ed-aaca-438f-9988-1f058ab5aa1a","email":"testit3@gmail.com","username":"johndoe25","name":"John Doe","phoneNumber":"0123456713","profilePic":null,"bio":null,"private":false,"verified":false,"role":0,"followersCount":0,"followingCount":0,"postCount":0}}"
22:57:38.695 [pool-2-thread-17] DEBUG org.apache.http.headers -- http-outgoing-9 << HTTP/1.1 200 OK
22:57:38.695 [pool-2-thread-17] DEBUG org.apache.http.headers -- http-outgoing-9 << X-Powered-By: Express
22:57:38.695 [pool-2-thread-17] DEBUG org.apache.http.headers -- http-outgoing-9 << Access-Control-Allow-Origin: *
22:57:38.695 [pool-2-thread-17] DEBUG org.apache.http.headers -- http-outgoing-9 << Content-Type: application/json; charset=utf-8
22:57:38.695 [pool-2-thread-17] DEBUG org.apache.http.headers -- http-outgoing-9 << Content-Length: 605
22:57:38.695 [pool-2-thread-17] DEBUG org.apache.http.headers -- http-outgoing-9 << ETag: W/"25d-QSAExwjknA5b+EBpkN6mHnT4Mtc"
22:57:38.695 [pool-2-thread-17] DEBUG org.apache.http.headers -- http-outgoing-9 << Date: Sun, 22 Jun 2025 15:57:38 GMT
22:57:38.695 [pool-2-thread-17] DEBUG org.apache.http.headers -- http-outgoing-9 << Connection: keep-alive
22:57:38.695 [pool-2-thread-17] DEBUG org.apache.http.headers -- http-outgoing-9 << Keep-Alive: timeout=5
22:57:38.695 [pool-2-thread-17] DEBUG org.apache.http.impl.execchain.MainClientExec -- Connection can be kept alive for 5000 MILLISECONDS
22:57:38.695 [pool-2-thread-17] DEBUG org.apache.http.impl.conn.PoolingHttpClientConnectionManager -- Connection [id: 77][route: {}->http://localhost:3000] can be kept alive for 5.0 seconds
22:57:38.695 [pool-2-thread-17] DEBUG org.apache.http.impl.conn.DefaultManagedHttpClientConnection -- http-outgoing-9: set socket timeout to 0
22:57:38.695 [pool-2-thread-17] DEBUG org.apache.http.impl.conn.PoolingHttpClientConnectionManager -- Connection released: [id: 77][route: {}->http://localhost:3000][total available: 1; route allocated: 1 of 5; total allocated: 1 of 10]
22:57:38.695 [pool-2-thread-17] DEBUG org.apache.http.impl.conn.PoolingHttpClientConnectionManager -- Connection manager is shutting down
22:57:38.695 [pool-2-thread-17] DEBUG org.apache.http.impl.conn.DefaultManagedHttpClientConnection -- http-outgoing-9: Close connection
22:57:38.695 [pool-2-thread-17] DEBUG org.apache.http.impl.conn.PoolingHttpClientConnectionManager -- Connection manager shut down
22:57:38.695 [pool-2-thread-17] DEBUG com.intuit.karate -- response time in milliseconds: 9478
1 < 200
1 < X-Powered-By: Express
1 < Access-Control-Allow-Origin: *
1 < Content-Type: application/json; charset=utf-8
1 < Content-Length: 605
1 < ETag: W/"25d-QSAExwjknA5b+EBpkN6mHnT4Mtc"
1 < Date: Sun, 22 Jun 2025 15:57:38 GMT
1 < Connection: keep-alive
1 < Keep-Alive: timeout=5
{"access_token":"eyJhbGciOiJIUzI1NiIsInR5cCI6IkpXVCJ9.eyJzdWIiOiI2NTBjZTFlZC1hYWNhLTQzOGYtOTk4OC0xZjA1OGFiNWFhMWEiLCJ1c2VybmFtZSI6ImpvaG5kb2UyNSIsInJvbGUiOjAsImlhdCI6MTc1MDYwNzg1NiwiZXhwIjoxNzUwNjExNDU2fQ.yp5rDlp51-eCvzdvJ1Vthv1f_BS9sZudBlzJxONclS4","refresh_token":"6666a6185749db3ee61fd8cd6cb19b1f39fea3833a6269470d4b6fe93778e419","user":{"id":"650ce1ed-aaca-438f-9988-1f058ab5aa1a","email":"testit3@gmail.com","username":"johndoe25","name":"John Doe","phoneNumber":"0123456713","profilePic":null,"bio":null,"private":false,"verified":false,"role":0,"followersCount":0,"followingCount":0,"postCount":0}}

22:57:38.697 [pool-2-thread-17] INFO com.intuit.karate -- [print] Concurrent call completed, status: 200 
22:57:38.740 [pool-2-thread-75] DEBUG org.apache.http.wire -- http-outgoing-99 << "HTTP/1.1 200 OK[\r][\n]"
22:57:38.741 [pool-2-thread-75] DEBUG org.apache.http.wire -- http-outgoing-99 << "X-Powered-By: Express[\r][\n]"
22:57:38.741 [pool-2-thread-75] DEBUG org.apache.http.wire -- http-outgoing-99 << "Access-Control-Allow-Origin: *[\r][\n]"
22:57:38.741 [pool-2-thread-75] DEBUG org.apache.http.wire -- http-outgoing-99 << "Content-Type: application/json; charset=utf-8[\r][\n]"
22:57:38.741 [pool-2-thread-75] DEBUG org.apache.http.wire -- http-outgoing-99 << "Content-Length: 607[\r][\n]"
22:57:38.741 [pool-2-thread-75] DEBUG org.apache.http.wire -- http-outgoing-99 << "ETag: W/"25f-xRqDDKQztNkdhBq1BTk1GnLD8Co"[\r][\n]"
22:57:38.741 [pool-2-thread-75] DEBUG org.apache.http.wire -- http-outgoing-99 << "Date: Sun, 22 Jun 2025 15:57:38 GMT[\r][\n]"
22:57:38.741 [pool-2-thread-75] DEBUG org.apache.http.wire -- http-outgoing-99 << "Connection: keep-alive[\r][\n]"
22:57:38.741 [pool-2-thread-75] DEBUG org.apache.http.wire -- http-outgoing-99 << "Keep-Alive: timeout=5[\r][\n]"
22:57:38.741 [pool-2-thread-75] DEBUG org.apache.http.wire -- http-outgoing-99 << "[\r][\n]"
22:57:38.741 [pool-2-thread-75] DEBUG org.apache.http.wire -- http-outgoing-99 << "{"access_token":"eyJhbGciOiJIUzI1NiIsInR5cCI6IkpXVCJ9.eyJzdWIiOiJjMjE0MjJkZi1jY2VjLTQ0MGUtOWE0Mi1jMWI4MmFiZjczM2QiLCJ1c2VybmFtZSI6ImpvaG5kb2UyOCIsInJvbGUiOjAsImlhdCI6MTc1MDYwNzg1NiwiZXhwIjoxNzUwNjExNDU2fQ.RJs9gkuV-ZGw5r38gKCQOIaAWDUfq8k55fx1MMBl2b4","refresh_token":"f3c4d060c5490f80122f511e30ed9543b1f6a29ebcf9f7187fe75a3513b6b7eb","user":{"id":"c21422df-ccec-440e-9a42-c1b82abf733d","email":"test28@example.com","username":"johndoe28","name":"John Doe","phoneNumber":"84987654321","profilePic":null,"bio":null,"private":false,"verified":false,"role":0,"followersCount":0,"followingCount":0,"postCount":0}}"
22:57:38.741 [pool-2-thread-75] DEBUG org.apache.http.headers -- http-outgoing-99 << HTTP/1.1 200 OK
22:57:38.741 [pool-2-thread-75] DEBUG org.apache.http.headers -- http-outgoing-99 << X-Powered-By: Express
22:57:38.741 [pool-2-thread-75] DEBUG org.apache.http.headers -- http-outgoing-99 << Access-Control-Allow-Origin: *
22:57:38.741 [pool-2-thread-75] DEBUG org.apache.http.headers -- http-outgoing-99 << Content-Type: application/json; charset=utf-8
22:57:38.741 [pool-2-thread-75] DEBUG org.apache.http.headers -- http-outgoing-99 << Content-Length: 607
22:57:38.741 [pool-2-thread-75] DEBUG org.apache.http.headers -- http-outgoing-99 << ETag: W/"25f-xRqDDKQztNkdhBq1BTk1GnLD8Co"
22:57:38.741 [pool-2-thread-75] DEBUG org.apache.http.headers -- http-outgoing-99 << Date: Sun, 22 Jun 2025 15:57:38 GMT
22:57:38.741 [pool-2-thread-75] DEBUG org.apache.http.headers -- http-outgoing-99 << Connection: keep-alive
22:57:38.741 [pool-2-thread-75] DEBUG org.apache.http.headers -- http-outgoing-99 << Keep-Alive: timeout=5
22:57:38.741 [pool-2-thread-75] DEBUG org.apache.http.impl.execchain.MainClientExec -- Connection can be kept alive for 5000 MILLISECONDS
22:57:38.741 [pool-2-thread-75] DEBUG org.apache.http.impl.conn.PoolingHttpClientConnectionManager -- Connection [id: 52][route: {}->http://localhost:3000] can be kept alive for 5.0 seconds
22:57:38.741 [pool-2-thread-75] DEBUG org.apache.http.impl.conn.DefaultManagedHttpClientConnection -- http-outgoing-99: set socket timeout to 0
22:57:38.741 [pool-2-thread-75] DEBUG org.apache.http.impl.conn.PoolingHttpClientConnectionManager -- Connection released: [id: 52][route: {}->http://localhost:3000][total available: 1; route allocated: 1 of 5; total allocated: 1 of 10]
22:57:38.741 [pool-2-thread-75] DEBUG org.apache.http.impl.conn.PoolingHttpClientConnectionManager -- Connection manager is shutting down
22:57:38.741 [pool-2-thread-75] DEBUG org.apache.http.impl.conn.DefaultManagedHttpClientConnection -- http-outgoing-99: Close connection
22:57:38.741 [pool-2-thread-75] DEBUG org.apache.http.impl.conn.PoolingHttpClientConnectionManager -- Connection manager shut down
22:57:38.741 [pool-2-thread-75] DEBUG com.intuit.karate -- response time in milliseconds: 9520
1 < 200
1 < X-Powered-By: Express
1 < Access-Control-Allow-Origin: *
1 < Content-Type: application/json; charset=utf-8
1 < Content-Length: 607
1 < ETag: W/"25f-xRqDDKQztNkdhBq1BTk1GnLD8Co"
1 < Date: Sun, 22 Jun 2025 15:57:38 GMT
1 < Connection: keep-alive
1 < Keep-Alive: timeout=5
{"access_token":"eyJhbGciOiJIUzI1NiIsInR5cCI6IkpXVCJ9.eyJzdWIiOiJjMjE0MjJkZi1jY2VjLTQ0MGUtOWE0Mi1jMWI4MmFiZjczM2QiLCJ1c2VybmFtZSI6ImpvaG5kb2UyOCIsInJvbGUiOjAsImlhdCI6MTc1MDYwNzg1NiwiZXhwIjoxNzUwNjExNDU2fQ.RJs9gkuV-ZGw5r38gKCQOIaAWDUfq8k55fx1MMBl2b4","refresh_token":"f3c4d060c5490f80122f511e30ed9543b1f6a29ebcf9f7187fe75a3513b6b7eb","user":{"id":"c21422df-ccec-440e-9a42-c1b82abf733d","email":"test28@example.com","username":"johndoe28","name":"John Doe","phoneNumber":"84987654321","profilePic":null,"bio":null,"private":false,"verified":false,"role":0,"followersCount":0,"followingCount":0,"postCount":0}}

22:57:38.743 [pool-2-thread-75] INFO com.intuit.karate -- [print] Concurrent call completed, status: 200 
22:57:38.925 [pool-2-thread-51] DEBUG org.apache.http.wire -- http-outgoing-76 << "HTTP/1.1 200 OK[\r][\n]"
22:57:38.925 [pool-2-thread-51] DEBUG org.apache.http.wire -- http-outgoing-76 << "X-Powered-By: Express[\r][\n]"
22:57:38.925 [pool-2-thread-51] DEBUG org.apache.http.wire -- http-outgoing-76 << "Access-Control-Allow-Origin: *[\r][\n]"
22:57:38.925 [pool-2-thread-51] DEBUG org.apache.http.wire -- http-outgoing-76 << "Content-Type: application/json; charset=utf-8[\r][\n]"
22:57:38.925 [pool-2-thread-51] DEBUG org.apache.http.wire -- http-outgoing-76 << "Content-Length: 708[\r][\n]"
22:57:38.925 [pool-2-thread-51] DEBUG org.apache.http.wire -- http-outgoing-76 << "ETag: W/"2c4-eg1SPVyckQZUZZ42YrRLaERRAN4"[\r][\n]"
22:57:38.925 [pool-2-thread-51] DEBUG org.apache.http.wire -- http-outgoing-76 << "Date: Sun, 22 Jun 2025 15:57:38 GMT[\r][\n]"
22:57:38.925 [pool-2-thread-51] DEBUG org.apache.http.wire -- http-outgoing-76 << "Connection: keep-alive[\r][\n]"
22:57:38.925 [pool-2-thread-51] DEBUG org.apache.http.wire -- http-outgoing-76 << "Keep-Alive: timeout=5[\r][\n]"
22:57:38.925 [pool-2-thread-51] DEBUG org.apache.http.wire -- http-outgoing-76 << "[\r][\n]"
22:57:38.925 [pool-2-thread-51] DEBUG org.apache.http.wire -- http-outgoing-76 << "{"access_token":"eyJhbGciOiJIUzI1NiIsInR5cCI6IkpXVCJ9.eyJzdWIiOiIwODUxNWIwNS0yZDNlLTQ3ODktYWQ2MC1kYjM1NTI1YTQ5NzAiLCJ1c2VybmFtZSI6Im5hbSIsInJvbGUiOjAsImlhdCI6MTc1MDYwNzg1NywiZXhwIjoxNzUwNjExNDU3fQ.7s37NKqn1LbOxJQLUKWn17aJg7_2ZBbuzijOMFxIO6c","refresh_token":"c4eb9ddd1a166ef50d9b49f8cd54db5f2d1556197c022a9be7277d5e8b7cf4a8","user":{"id":"08515b05-2d3e-4789-ad60-db35525a4970","email":"nam@gmail.com","username":"nam","name":"nam","phoneNumber":"0123456789","profilePic":"https://res.cloudinary.com/dizcvrefo/image/upload/v1749266646/nestjs_uploads/zk9zrpeidnovxibfqdxr.png","bio":"Chu tich hoi dong Quan tri 1","private":false,"verified":false,"role":0,"followersCount":2,"followingCount":2,"postCount":13}}"
22:57:38.925 [pool-2-thread-51] DEBUG org.apache.http.headers -- http-outgoing-76 << HTTP/1.1 200 OK
22:57:38.925 [pool-2-thread-51] DEBUG org.apache.http.headers -- http-outgoing-76 << X-Powered-By: Express
22:57:38.925 [pool-2-thread-51] DEBUG org.apache.http.headers -- http-outgoing-76 << Access-Control-Allow-Origin: *
22:57:38.925 [pool-2-thread-51] DEBUG org.apache.http.headers -- http-outgoing-76 << Content-Type: application/json; charset=utf-8
22:57:38.925 [pool-2-thread-51] DEBUG org.apache.http.headers -- http-outgoing-76 << Content-Length: 708
22:57:38.925 [pool-2-thread-51] DEBUG org.apache.http.headers -- http-outgoing-76 << ETag: W/"2c4-eg1SPVyckQZUZZ42YrRLaERRAN4"
22:57:38.925 [pool-2-thread-51] DEBUG org.apache.http.headers -- http-outgoing-76 << Date: Sun, 22 Jun 2025 15:57:38 GMT
22:57:38.925 [pool-2-thread-51] DEBUG org.apache.http.headers -- http-outgoing-76 << Connection: keep-alive
22:57:38.925 [pool-2-thread-51] DEBUG org.apache.http.headers -- http-outgoing-76 << Keep-Alive: timeout=5
22:57:38.925 [pool-2-thread-51] DEBUG org.apache.http.impl.execchain.MainClientExec -- Connection can be kept alive for 5000 MILLISECONDS
22:57:38.925 [pool-2-thread-51] DEBUG org.apache.http.impl.conn.PoolingHttpClientConnectionManager -- Connection [id: 37][route: {}->http://localhost:3000] can be kept alive for 5.0 seconds
22:57:38.925 [pool-2-thread-51] DEBUG org.apache.http.impl.conn.DefaultManagedHttpClientConnection -- http-outgoing-76: set socket timeout to 0
22:57:38.925 [pool-2-thread-51] DEBUG org.apache.http.impl.conn.PoolingHttpClientConnectionManager -- Connection released: [id: 37][route: {}->http://localhost:3000][total available: 1; route allocated: 1 of 5; total allocated: 1 of 10]
22:57:38.925 [pool-2-thread-51] DEBUG org.apache.http.impl.conn.PoolingHttpClientConnectionManager -- Connection manager is shutting down
22:57:38.925 [pool-2-thread-51] DEBUG org.apache.http.impl.conn.DefaultManagedHttpClientConnection -- http-outgoing-76: Close connection
22:57:38.925 [pool-2-thread-51] DEBUG org.apache.http.impl.conn.PoolingHttpClientConnectionManager -- Connection manager shut down
22:57:38.926 [pool-2-thread-51] DEBUG com.intuit.karate -- response time in milliseconds: 9707
1 < 200
1 < X-Powered-By: Express
1 < Access-Control-Allow-Origin: *
1 < Content-Type: application/json; charset=utf-8
1 < Content-Length: 708
1 < ETag: W/"2c4-eg1SPVyckQZUZZ42YrRLaERRAN4"
1 < Date: Sun, 22 Jun 2025 15:57:38 GMT
1 < Connection: keep-alive
1 < Keep-Alive: timeout=5
{"access_token":"eyJhbGciOiJIUzI1NiIsInR5cCI6IkpXVCJ9.eyJzdWIiOiIwODUxNWIwNS0yZDNlLTQ3ODktYWQ2MC1kYjM1NTI1YTQ5NzAiLCJ1c2VybmFtZSI6Im5hbSIsInJvbGUiOjAsImlhdCI6MTc1MDYwNzg1NywiZXhwIjoxNzUwNjExNDU3fQ.7s37NKqn1LbOxJQLUKWn17aJg7_2ZBbuzijOMFxIO6c","refresh_token":"c4eb9ddd1a166ef50d9b49f8cd54db5f2d1556197c022a9be7277d5e8b7cf4a8","user":{"id":"08515b05-2d3e-4789-ad60-db35525a4970","email":"nam@gmail.com","username":"nam","name":"nam","phoneNumber":"0123456789","profilePic":"https://res.cloudinary.com/dizcvrefo/image/upload/v1749266646/nestjs_uploads/zk9zrpeidnovxibfqdxr.png","bio":"Chu tich hoi dong Quan tri 1","private":false,"verified":false,"role":0,"followersCount":2,"followingCount":2,"postCount":13}}

22:57:38.927 [pool-2-thread-51] INFO com.intuit.karate -- [print] Concurrent call completed, status: 200 
22:57:39.663 [pool-2-thread-72] DEBUG org.apache.http.wire -- http-outgoing-16 << "HTTP/1.1 200 OK[\r][\n]"
22:57:39.663 [pool-2-thread-72] DEBUG org.apache.http.wire -- http-outgoing-16 << "X-Powered-By: Express[\r][\n]"
22:57:39.663 [pool-2-thread-72] DEBUG org.apache.http.wire -- http-outgoing-16 << "Access-Control-Allow-Origin: *[\r][\n]"
22:57:39.663 [pool-2-thread-72] DEBUG org.apache.http.wire -- http-outgoing-16 << "Content-Type: application/json; charset=utf-8[\r][\n]"
22:57:39.663 [pool-2-thread-72] DEBUG org.apache.http.wire -- http-outgoing-16 << "Content-Length: 715[\r][\n]"
22:57:39.663 [pool-2-thread-72] DEBUG org.apache.http.wire -- http-outgoing-16 << "ETag: W/"2cb-/hyIvEzewGRFR50ds5s+yqS9rTs"[\r][\n]"
22:57:39.663 [pool-2-thread-72] DEBUG org.apache.http.wire -- http-outgoing-16 << "Date: Sun, 22 Jun 2025 15:57:39 GMT[\r][\n]"
22:57:39.663 [pool-2-thread-72] DEBUG org.apache.http.wire -- http-outgoing-16 << "Connection: keep-alive[\r][\n]"
22:57:39.663 [pool-2-thread-72] DEBUG org.apache.http.wire -- http-outgoing-16 << "Keep-Alive: timeout=5[\r][\n]"
22:57:39.663 [pool-2-thread-72] DEBUG org.apache.http.wire -- http-outgoing-16 << "[\r][\n]"
22:57:39.663 [pool-2-thread-72] DEBUG org.apache.http.wire -- http-outgoing-16 << "{"access_token":"eyJhbGciOiJIUzI1NiIsInR5cCI6IkpXVCJ9.eyJzdWIiOiIyYjg0YWEyNC02NjhhLTQwZTItYWYxYy1hZDRmYzRmYTVhNmYiLCJ1c2VybmFtZSI6InF1YW5nMSIsInJvbGUiOjAsImlhdCI6MTc1MDYwNzg1NywiZXhwIjoxNzUwNjExNDU3fQ.u5tlji0kv5GuP2cbTp1u1sGT1vadF_3zlW7VWDLIxyA","refresh_token":"1ee073b75c10532df35bd6830d9abba9faceb6891da4d7a691646a7468410814","user":{"id":"2b84aa24-668a-40e2-af1c-ad4fc4fa5a6f","email":"quang1@gmail.com","username":"quang1","name":"quang1","phoneNumber":"09874563210","profilePic":"https://res.cloudinary.com/dizcvrefo/image/upload/v1749027586/nestjs_uploads/xehairydt9rzlbmbmv4c.jpg","bio":"Thang Nam Lao Vua Thoi","private":false,"verified":false,"role":0,"followersCount":2,"followingCount":3,"postCount":2}}"
22:57:39.663 [pool-2-thread-72] DEBUG org.apache.http.headers -- http-outgoing-16 << HTTP/1.1 200 OK
22:57:39.663 [pool-2-thread-72] DEBUG org.apache.http.headers -- http-outgoing-16 << X-Powered-By: Express
22:57:39.663 [pool-2-thread-72] DEBUG org.apache.http.headers -- http-outgoing-16 << Access-Control-Allow-Origin: *
22:57:39.663 [pool-2-thread-72] DEBUG org.apache.http.headers -- http-outgoing-16 << Content-Type: application/json; charset=utf-8
22:57:39.663 [pool-2-thread-72] DEBUG org.apache.http.headers -- http-outgoing-16 << Content-Length: 715
22:57:39.663 [pool-2-thread-72] DEBUG org.apache.http.headers -- http-outgoing-16 << ETag: W/"2cb-/hyIvEzewGRFR50ds5s+yqS9rTs"
22:57:39.663 [pool-2-thread-72] DEBUG org.apache.http.headers -- http-outgoing-16 << Date: Sun, 22 Jun 2025 15:57:39 GMT
22:57:39.663 [pool-2-thread-72] DEBUG org.apache.http.headers -- http-outgoing-16 << Connection: keep-alive
22:57:39.663 [pool-2-thread-72] DEBUG org.apache.http.headers -- http-outgoing-16 << Keep-Alive: timeout=5
22:57:39.664 [pool-2-thread-72] DEBUG org.apache.http.impl.execchain.MainClientExec -- Connection can be kept alive for 5000 MILLISECONDS
22:57:39.664 [pool-2-thread-72] DEBUG org.apache.http.impl.conn.PoolingHttpClientConnectionManager -- Connection [id: 43][route: {}->http://localhost:3000] can be kept alive for 5.0 seconds
22:57:39.664 [pool-2-thread-72] DEBUG org.apache.http.impl.conn.DefaultManagedHttpClientConnection -- http-outgoing-16: set socket timeout to 0
22:57:39.664 [pool-2-thread-72] DEBUG org.apache.http.impl.conn.PoolingHttpClientConnectionManager -- Connection released: [id: 43][route: {}->http://localhost:3000][total available: 1; route allocated: 1 of 5; total allocated: 1 of 10]
22:57:39.664 [pool-2-thread-72] DEBUG org.apache.http.impl.conn.PoolingHttpClientConnectionManager -- Connection manager is shutting down
22:57:39.664 [pool-2-thread-72] DEBUG org.apache.http.impl.conn.DefaultManagedHttpClientConnection -- http-outgoing-16: Close connection
22:57:39.664 [pool-2-thread-72] DEBUG org.apache.http.impl.conn.PoolingHttpClientConnectionManager -- Connection manager shut down
22:57:39.664 [pool-2-thread-72] DEBUG com.intuit.karate -- response time in milliseconds: 10458
1 < 200
1 < X-Powered-By: Express
1 < Access-Control-Allow-Origin: *
1 < Content-Type: application/json; charset=utf-8
1 < Content-Length: 715
1 < ETag: W/"2cb-/hyIvEzewGRFR50ds5s+yqS9rTs"
1 < Date: Sun, 22 Jun 2025 15:57:39 GMT
1 < Connection: keep-alive
1 < Keep-Alive: timeout=5
{"access_token":"eyJhbGciOiJIUzI1NiIsInR5cCI6IkpXVCJ9.eyJzdWIiOiIyYjg0YWEyNC02NjhhLTQwZTItYWYxYy1hZDRmYzRmYTVhNmYiLCJ1c2VybmFtZSI6InF1YW5nMSIsInJvbGUiOjAsImlhdCI6MTc1MDYwNzg1NywiZXhwIjoxNzUwNjExNDU3fQ.u5tlji0kv5GuP2cbTp1u1sGT1vadF_3zlW7VWDLIxyA","refresh_token":"1ee073b75c10532df35bd6830d9abba9faceb6891da4d7a691646a7468410814","user":{"id":"2b84aa24-668a-40e2-af1c-ad4fc4fa5a6f","email":"quang1@gmail.com","username":"quang1","name":"quang1","phoneNumber":"09874563210","profilePic":"https://res.cloudinary.com/dizcvrefo/image/upload/v1749027586/nestjs_uploads/xehairydt9rzlbmbmv4c.jpg","bio":"Thang Nam Lao Vua Thoi","private":false,"verified":false,"role":0,"followersCount":2,"followingCount":3,"postCount":2}}

22:57:39.666 [pool-2-thread-72] INFO com.intuit.karate -- [print] Concurrent call completed, status: 200 
22:57:39.667 [pool-2-thread-49] DEBUG org.apache.http.wire -- http-outgoing-60 << "HTTP/1.1 200 OK[\r][\n]"
22:57:39.667 [pool-2-thread-49] DEBUG org.apache.http.wire -- http-outgoing-60 << "X-Powered-By: Express[\r][\n]"
22:57:39.667 [pool-2-thread-49] DEBUG org.apache.http.wire -- http-outgoing-60 << "Access-Control-Allow-Origin: *[\r][\n]"
22:57:39.667 [pool-2-thread-49] DEBUG org.apache.http.wire -- http-outgoing-60 << "Content-Type: application/json; charset=utf-8[\r][\n]"
22:57:39.667 [pool-2-thread-49] DEBUG org.apache.http.wire -- http-outgoing-60 << "Content-Length: 604[\r][\n]"
22:57:39.667 [pool-2-thread-49] DEBUG org.apache.http.wire -- http-outgoing-60 << "ETag: W/"25c-UfAuIzsWX/WRNJ10+0f9sbCG+FQ"[\r][\n]"
22:57:39.667 [pool-2-thread-49] DEBUG org.apache.http.wire -- http-outgoing-60 << "Date: Sun, 22 Jun 2025 15:57:39 GMT[\r][\n]"
22:57:39.667 [pool-2-thread-49] DEBUG org.apache.http.wire -- http-outgoing-60 << "Connection: keep-alive[\r][\n]"
22:57:39.667 [pool-2-thread-49] DEBUG org.apache.http.wire -- http-outgoing-60 << "Keep-Alive: timeout=5[\r][\n]"
22:57:39.667 [pool-2-thread-49] DEBUG org.apache.http.wire -- http-outgoing-60 << "[\r][\n]"
22:57:39.667 [pool-2-thread-49] DEBUG org.apache.http.wire -- http-outgoing-60 << "{"access_token":"eyJhbGciOiJIUzI1NiIsInR5cCI6IkpXVCJ9.eyJzdWIiOiJkZjZmMDkxOS1hMjNkLTQ0YzktYTkyNS00ZWE4YmU1MjVkMTAiLCJ1c2VybmFtZSI6ImpvaG5kb2UyMyIsInJvbGUiOjAsImlhdCI6MTc1MDYwNzg1NywiZXhwIjoxNzUwNjExNDU3fQ.sSIz4SwamzZCmBMSwF7TuBmLrdhv5n3x7y6_npuRG98","refresh_token":"04f101e7103d6fc4602186ff8a5433764adaf21bb48e1fdcea8e25efacd5e699","user":{"id":"df6f0919-a23d-44c9-a925-4ea8be525d10","email":"testit@gmail.com","username":"johndoe23","name":"John Doe","phoneNumber":"0123456788","profilePic":null,"bio":null,"private":false,"verified":false,"role":0,"followersCount":0,"followingCount":0,"postCount":0}}"
22:57:39.667 [pool-2-thread-49] DEBUG org.apache.http.headers -- http-outgoing-60 << HTTP/1.1 200 OK
22:57:39.667 [pool-2-thread-49] DEBUG org.apache.http.headers -- http-outgoing-60 << X-Powered-By: Express
22:57:39.667 [pool-2-thread-49] DEBUG org.apache.http.headers -- http-outgoing-60 << Access-Control-Allow-Origin: *
22:57:39.667 [pool-2-thread-49] DEBUG org.apache.http.headers -- http-outgoing-60 << Content-Type: application/json; charset=utf-8
22:57:39.667 [pool-2-thread-49] DEBUG org.apache.http.headers -- http-outgoing-60 << Content-Length: 604
22:57:39.667 [pool-2-thread-49] DEBUG org.apache.http.headers -- http-outgoing-60 << ETag: W/"25c-UfAuIzsWX/WRNJ10+0f9sbCG+FQ"
22:57:39.667 [pool-2-thread-49] DEBUG org.apache.http.headers -- http-outgoing-60 << Date: Sun, 22 Jun 2025 15:57:39 GMT
22:57:39.667 [pool-2-thread-49] DEBUG org.apache.http.headers -- http-outgoing-60 << Connection: keep-alive
22:57:39.667 [pool-2-thread-49] DEBUG org.apache.http.headers -- http-outgoing-60 << Keep-Alive: timeout=5
22:57:39.667 [pool-2-thread-49] DEBUG org.apache.http.impl.execchain.MainClientExec -- Connection can be kept alive for 5000 MILLISECONDS
22:57:39.667 [pool-2-thread-49] DEBUG org.apache.http.impl.conn.PoolingHttpClientConnectionManager -- Connection [id: 7][route: {}->http://localhost:3000] can be kept alive for 5.0 seconds
22:57:39.667 [pool-2-thread-49] DEBUG org.apache.http.impl.conn.DefaultManagedHttpClientConnection -- http-outgoing-60: set socket timeout to 0
22:57:39.667 [pool-2-thread-49] DEBUG org.apache.http.impl.conn.PoolingHttpClientConnectionManager -- Connection released: [id: 7][route: {}->http://localhost:3000][total available: 1; route allocated: 1 of 5; total allocated: 1 of 10]
22:57:39.667 [pool-2-thread-49] DEBUG org.apache.http.impl.conn.PoolingHttpClientConnectionManager -- Connection manager is shutting down
22:57:39.667 [pool-2-thread-49] DEBUG org.apache.http.impl.conn.DefaultManagedHttpClientConnection -- http-outgoing-60: Close connection
22:57:39.667 [pool-2-thread-49] DEBUG org.apache.http.impl.conn.PoolingHttpClientConnectionManager -- Connection manager shut down
22:57:39.667 [pool-2-thread-49] DEBUG com.intuit.karate -- response time in milliseconds: 10461
1 < 200
1 < X-Powered-By: Express
1 < Access-Control-Allow-Origin: *
1 < Content-Type: application/json; charset=utf-8
1 < Content-Length: 604
1 < ETag: W/"25c-UfAuIzsWX/WRNJ10+0f9sbCG+FQ"
1 < Date: Sun, 22 Jun 2025 15:57:39 GMT
1 < Connection: keep-alive
1 < Keep-Alive: timeout=5
{"access_token":"eyJhbGciOiJIUzI1NiIsInR5cCI6IkpXVCJ9.eyJzdWIiOiJkZjZmMDkxOS1hMjNkLTQ0YzktYTkyNS00ZWE4YmU1MjVkMTAiLCJ1c2VybmFtZSI6ImpvaG5kb2UyMyIsInJvbGUiOjAsImlhdCI6MTc1MDYwNzg1NywiZXhwIjoxNzUwNjExNDU3fQ.sSIz4SwamzZCmBMSwF7TuBmLrdhv5n3x7y6_npuRG98","refresh_token":"04f101e7103d6fc4602186ff8a5433764adaf21bb48e1fdcea8e25efacd5e699","user":{"id":"df6f0919-a23d-44c9-a925-4ea8be525d10","email":"testit@gmail.com","username":"johndoe23","name":"John Doe","phoneNumber":"0123456788","profilePic":null,"bio":null,"private":false,"verified":false,"role":0,"followersCount":0,"followingCount":0,"postCount":0}}

22:57:39.668 [pool-2-thread-49] INFO com.intuit.karate -- [print] Concurrent call completed, status: 200 
22:57:39.717 [pool-2-thread-78] DEBUG org.apache.http.wire -- http-outgoing-6 << "HTTP/1.1 200 OK[\r][\n]"
22:57:39.717 [pool-2-thread-78] DEBUG org.apache.http.wire -- http-outgoing-6 << "X-Powered-By: Express[\r][\n]"
22:57:39.717 [pool-2-thread-78] DEBUG org.apache.http.wire -- http-outgoing-6 << "Access-Control-Allow-Origin: *[\r][\n]"
22:57:39.717 [pool-2-thread-78] DEBUG org.apache.http.wire -- http-outgoing-6 << "Content-Type: application/json; charset=utf-8[\r][\n]"
22:57:39.717 [pool-2-thread-78] DEBUG org.apache.http.wire -- http-outgoing-6 << "Content-Length: 609[\r][\n]"
22:57:39.717 [pool-2-thread-78] DEBUG org.apache.http.wire -- http-outgoing-6 << "ETag: W/"261-9vZ+YKU5mbf3phHkrGaGjeXHGkY"[\r][\n]"
22:57:39.717 [pool-2-thread-78] DEBUG org.apache.http.wire -- http-outgoing-6 << "Date: Sun, 22 Jun 2025 15:57:39 GMT[\r][\n]"
22:57:39.717 [pool-2-thread-78] DEBUG org.apache.http.wire -- http-outgoing-6 << "Connection: keep-alive[\r][\n]"
22:57:39.717 [pool-2-thread-78] DEBUG org.apache.http.wire -- http-outgoing-6 << "Keep-Alive: timeout=5[\r][\n]"
22:57:39.717 [pool-2-thread-78] DEBUG org.apache.http.wire -- http-outgoing-6 << "[\r][\n]"
22:57:39.717 [pool-2-thread-78] DEBUG org.apache.http.wire -- http-outgoing-6 << "{"access_token":"eyJhbGciOiJIUzI1NiIsInR5cCI6IkpXVCJ9.eyJzdWIiOiIyNzJmNmI1NS01MTc5LTRhZTMtODU2My1iNGVjMTBmNzY3MTUiLCJ1c2VybmFtZSI6ImpvaG5kb2UyZDVkIiwicm9sZSI6MCwiaWF0IjoxNzUwNjA3ODU3LCJleHAiOjE3NTA2MTE0NTd9.TQu4rryeRoOmsSfgAf8i297NfLJ7vh0IcvJhuNIFmrk","refresh_token":"4ec2e463dab4c83f77f2348832c5e3624636064edac684eaec8701bb7082fa46","user":{"id":"272f6b55-5179-4ae3-8563-b4ec10f76715","email":"testit5@gmail.com","username":"johndoe2d5d","name":"John Doe","phoneNumber":"0123456132","profilePic":null,"bio":null,"private":false,"verified":false,"role":0,"followersCount":0,"followingCount":0,"postCount":0}}"
22:57:39.717 [pool-2-thread-78] DEBUG org.apache.http.headers -- http-outgoing-6 << HTTP/1.1 200 OK
22:57:39.717 [pool-2-thread-78] DEBUG org.apache.http.headers -- http-outgoing-6 << X-Powered-By: Express
22:57:39.717 [pool-2-thread-78] DEBUG org.apache.http.headers -- http-outgoing-6 << Access-Control-Allow-Origin: *
22:57:39.717 [pool-2-thread-78] DEBUG org.apache.http.headers -- http-outgoing-6 << Content-Type: application/json; charset=utf-8
22:57:39.717 [pool-2-thread-78] DEBUG org.apache.http.headers -- http-outgoing-6 << Content-Length: 609
22:57:39.717 [pool-2-thread-78] DEBUG org.apache.http.headers -- http-outgoing-6 << ETag: W/"261-9vZ+YKU5mbf3phHkrGaGjeXHGkY"
22:57:39.717 [pool-2-thread-78] DEBUG org.apache.http.headers -- http-outgoing-6 << Date: Sun, 22 Jun 2025 15:57:39 GMT
22:57:39.717 [pool-2-thread-78] DEBUG org.apache.http.headers -- http-outgoing-6 << Connection: keep-alive
22:57:39.717 [pool-2-thread-78] DEBUG org.apache.http.headers -- http-outgoing-6 << Keep-Alive: timeout=5
22:57:39.717 [pool-2-thread-78] DEBUG org.apache.http.impl.execchain.MainClientExec -- Connection can be kept alive for 5000 MILLISECONDS
22:57:39.717 [pool-2-thread-78] DEBUG org.apache.http.impl.conn.PoolingHttpClientConnectionManager -- Connection [id: 88][route: {}->http://localhost:3000] can be kept alive for 5.0 seconds
22:57:39.717 [pool-2-thread-78] DEBUG org.apache.http.impl.conn.DefaultManagedHttpClientConnection -- http-outgoing-6: set socket timeout to 0
22:57:39.717 [pool-2-thread-78] DEBUG org.apache.http.impl.conn.PoolingHttpClientConnectionManager -- Connection released: [id: 88][route: {}->http://localhost:3000][total available: 1; route allocated: 1 of 5; total allocated: 1 of 10]
22:57:39.717 [pool-2-thread-78] DEBUG org.apache.http.impl.conn.PoolingHttpClientConnectionManager -- Connection manager is shutting down
22:57:39.717 [pool-2-thread-78] DEBUG org.apache.http.impl.conn.DefaultManagedHttpClientConnection -- http-outgoing-6: Close connection
22:57:39.717 [pool-2-thread-78] DEBUG org.apache.http.impl.conn.PoolingHttpClientConnectionManager -- Connection manager shut down
22:57:39.717 [pool-2-thread-78] DEBUG com.intuit.karate -- response time in milliseconds: 10499
1 < 200
1 < X-Powered-By: Express
1 < Access-Control-Allow-Origin: *
1 < Content-Type: application/json; charset=utf-8
1 < Content-Length: 609
1 < ETag: W/"261-9vZ+YKU5mbf3phHkrGaGjeXHGkY"
1 < Date: Sun, 22 Jun 2025 15:57:39 GMT
1 < Connection: keep-alive
1 < Keep-Alive: timeout=5
{"access_token":"eyJhbGciOiJIUzI1NiIsInR5cCI6IkpXVCJ9.eyJzdWIiOiIyNzJmNmI1NS01MTc5LTRhZTMtODU2My1iNGVjMTBmNzY3MTUiLCJ1c2VybmFtZSI6ImpvaG5kb2UyZDVkIiwicm9sZSI6MCwiaWF0IjoxNzUwNjA3ODU3LCJleHAiOjE3NTA2MTE0NTd9.TQu4rryeRoOmsSfgAf8i297NfLJ7vh0IcvJhuNIFmrk","refresh_token":"4ec2e463dab4c83f77f2348832c5e3624636064edac684eaec8701bb7082fa46","user":{"id":"272f6b55-5179-4ae3-8563-b4ec10f76715","email":"testit5@gmail.com","username":"johndoe2d5d","name":"John Doe","phoneNumber":"0123456132","profilePic":null,"bio":null,"private":false,"verified":false,"role":0,"followersCount":0,"followingCount":0,"postCount":0}}

22:57:39.718 [pool-2-thread-84] DEBUG org.apache.http.wire -- http-outgoing-86 << "HTTP/1.1 200 OK[\r][\n]"
22:57:39.718 [pool-2-thread-84] DEBUG org.apache.http.wire -- http-outgoing-86 << "X-Powered-By: Express[\r][\n]"
22:57:39.718 [pool-2-thread-84] DEBUG org.apache.http.wire -- http-outgoing-86 << "Access-Control-Allow-Origin: *[\r][\n]"
22:57:39.718 [pool-2-thread-84] DEBUG org.apache.http.wire -- http-outgoing-86 << "Content-Type: application/json; charset=utf-8[\r][\n]"
22:57:39.718 [pool-2-thread-84] DEBUG org.apache.http.wire -- http-outgoing-86 << "Content-Length: 608[\r][\n]"
22:57:39.718 [pool-2-thread-84] DEBUG org.apache.http.wire -- http-outgoing-86 << "ETag: W/"260-eLTEicxnmtTTLHs53/FDZEU+KF4"[\r][\n]"
22:57:39.718 [pool-2-thread-84] DEBUG org.apache.http.wire -- http-outgoing-86 << "Date: Sun, 22 Jun 2025 15:57:39 GMT[\r][\n]"
22:57:39.718 [pool-2-thread-84] DEBUG org.apache.http.wire -- http-outgoing-86 << "Connection: keep-alive[\r][\n]"
22:57:39.718 [pool-2-thread-84] DEBUG org.apache.http.wire -- http-outgoing-86 << "Keep-Alive: timeout=5[\r][\n]"
22:57:39.718 [pool-2-thread-84] DEBUG org.apache.http.wire -- http-outgoing-86 << "[\r][\n]"
22:57:39.718 [pool-2-thread-84] DEBUG org.apache.http.wire -- http-outgoing-86 << "{"access_token":"eyJhbGciOiJIUzI1NiIsInR5cCI6IkpXVCJ9.eyJzdWIiOiI4YTI0NzQ2MS01YzA0LTQyMWQtOThmNS1mYTljNzM0ZmFlYTUiLCJ1c2VybmFtZSI6ImphbmVzbWl0aCIsInJvbGUiOjAsImlhdCI6MTc1MDYwNzg1NywiZXhwIjoxNzUwNjExNDU3fQ.NHkSQkyHWkm1mVAkyqi0YOCu0NE9WY-b7qIpheIcvkk","refresh_token":"a7c2b95542f70411e5916244b11e61a59bb3c81d658495a3ce2a5f7a7f85ed2b","user":{"id":"8a247461-5c04-421d-98f5-fa9c734faea5","email":"test2@example.com","username":"janesmith","name":"Jane Smith","phoneNumber":"01234567890","profilePic":null,"bio":null,"private":false,"verified":false,"role":0,"followersCount":0,"followingCount":0,"postCount":0}}"
22:57:39.718 [pool-2-thread-84] DEBUG org.apache.http.headers -- http-outgoing-86 << HTTP/1.1 200 OK
22:57:39.718 [pool-2-thread-84] DEBUG org.apache.http.headers -- http-outgoing-86 << X-Powered-By: Express
22:57:39.718 [pool-2-thread-84] DEBUG org.apache.http.headers -- http-outgoing-86 << Access-Control-Allow-Origin: *
22:57:39.718 [pool-2-thread-84] DEBUG org.apache.http.headers -- http-outgoing-86 << Content-Type: application/json; charset=utf-8
22:57:39.718 [pool-2-thread-84] DEBUG org.apache.http.headers -- http-outgoing-86 << Content-Length: 608
22:57:39.718 [pool-2-thread-84] DEBUG org.apache.http.headers -- http-outgoing-86 << ETag: W/"260-eLTEicxnmtTTLHs53/FDZEU+KF4"
22:57:39.718 [pool-2-thread-84] DEBUG org.apache.http.headers -- http-outgoing-86 << Date: Sun, 22 Jun 2025 15:57:39 GMT
22:57:39.718 [pool-2-thread-84] DEBUG org.apache.http.headers -- http-outgoing-86 << Connection: keep-alive
22:57:39.718 [pool-2-thread-84] DEBUG org.apache.http.headers -- http-outgoing-86 << Keep-Alive: timeout=5
22:57:39.718 [pool-2-thread-84] DEBUG org.apache.http.impl.execchain.MainClientExec -- Connection can be kept alive for 5000 MILLISECONDS
22:57:39.718 [pool-2-thread-84] DEBUG org.apache.http.impl.conn.PoolingHttpClientConnectionManager -- Connection [id: 96][route: {}->http://localhost:3000] can be kept alive for 5.0 seconds
22:57:39.718 [pool-2-thread-84] DEBUG org.apache.http.impl.conn.DefaultManagedHttpClientConnection -- http-outgoing-86: set socket timeout to 0
22:57:39.718 [pool-2-thread-84] DEBUG org.apache.http.impl.conn.PoolingHttpClientConnectionManager -- Connection released: [id: 96][route: {}->http://localhost:3000][total available: 1; route allocated: 1 of 5; total allocated: 1 of 10]
22:57:39.718 [pool-2-thread-84] DEBUG org.apache.http.impl.conn.PoolingHttpClientConnectionManager -- Connection manager is shutting down
22:57:39.718 [pool-2-thread-84] DEBUG org.apache.http.impl.conn.DefaultManagedHttpClientConnection -- http-outgoing-86: Close connection
22:57:39.718 [pool-2-thread-84] DEBUG org.apache.http.impl.conn.PoolingHttpClientConnectionManager -- Connection manager shut down
22:57:39.718 [pool-2-thread-78] INFO com.intuit.karate -- [print] Concurrent call completed, status: 200 
22:57:39.718 [pool-2-thread-84] DEBUG com.intuit.karate -- response time in milliseconds: 10499
1 < 200
1 < X-Powered-By: Express
1 < Access-Control-Allow-Origin: *
1 < Content-Type: application/json; charset=utf-8
1 < Content-Length: 608
1 < ETag: W/"260-eLTEicxnmtTTLHs53/FDZEU+KF4"
1 < Date: Sun, 22 Jun 2025 15:57:39 GMT
1 < Connection: keep-alive
1 < Keep-Alive: timeout=5
{"access_token":"eyJhbGciOiJIUzI1NiIsInR5cCI6IkpXVCJ9.eyJzdWIiOiI4YTI0NzQ2MS01YzA0LTQyMWQtOThmNS1mYTljNzM0ZmFlYTUiLCJ1c2VybmFtZSI6ImphbmVzbWl0aCIsInJvbGUiOjAsImlhdCI6MTc1MDYwNzg1NywiZXhwIjoxNzUwNjExNDU3fQ.NHkSQkyHWkm1mVAkyqi0YOCu0NE9WY-b7qIpheIcvkk","refresh_token":"a7c2b95542f70411e5916244b11e61a59bb3c81d658495a3ce2a5f7a7f85ed2b","user":{"id":"8a247461-5c04-421d-98f5-fa9c734faea5","email":"test2@example.com","username":"janesmith","name":"Jane Smith","phoneNumber":"01234567890","profilePic":null,"bio":null,"private":false,"verified":false,"role":0,"followersCount":0,"followingCount":0,"postCount":0}}

22:57:39.719 [pool-2-thread-84] INFO com.intuit.karate -- [print] Concurrent call completed, status: 200 
22:57:39.895 [pool-2-thread-50] DEBUG org.apache.http.wire -- http-outgoing-3 << "HTTP/1.1 200 OK[\r][\n]"
22:57:39.895 [pool-2-thread-50] DEBUG org.apache.http.wire -- http-outgoing-3 << "X-Powered-By: Express[\r][\n]"
22:57:39.895 [pool-2-thread-50] DEBUG org.apache.http.wire -- http-outgoing-3 << "Access-Control-Allow-Origin: *[\r][\n]"
22:57:39.895 [pool-2-thread-50] DEBUG org.apache.http.wire -- http-outgoing-3 << "Content-Type: application/json; charset=utf-8[\r][\n]"
22:57:39.895 [pool-2-thread-50] DEBUG org.apache.http.wire -- http-outgoing-3 << "Content-Length: 605[\r][\n]"
22:57:39.895 [pool-2-thread-50] DEBUG org.apache.http.wire -- http-outgoing-3 << "ETag: W/"25d-uWDS1Ltb6QlzUHt0Mm8cgpFBxzI"[\r][\n]"
22:57:39.895 [pool-2-thread-50] DEBUG org.apache.http.wire -- http-outgoing-3 << "Date: Sun, 22 Jun 2025 15:57:39 GMT[\r][\n]"
22:57:39.895 [pool-2-thread-50] DEBUG org.apache.http.wire -- http-outgoing-3 << "Connection: keep-alive[\r][\n]"
22:57:39.895 [pool-2-thread-50] DEBUG org.apache.http.wire -- http-outgoing-3 << "Keep-Alive: timeout=5[\r][\n]"
22:57:39.895 [pool-2-thread-50] DEBUG org.apache.http.wire -- http-outgoing-3 << "[\r][\n]"
22:57:39.895 [pool-2-thread-50] DEBUG org.apache.http.wire -- http-outgoing-3 << "{"access_token":"eyJhbGciOiJIUzI1NiIsInR5cCI6IkpXVCJ9.eyJzdWIiOiIwYTM3ZWY0My1mZWU4LTQxZDMtYTY4Ni04YWIwODY5NDg2OTUiLCJ1c2VybmFtZSI6ImpvaG5kb2UyMSIsInJvbGUiOjAsImlhdCI6MTc1MDYwNzg1OCwiZXhwIjoxNzUwNjExNDU4fQ.iPpWIuyQ3OekFdQe6rs_tE25pEoPGX7BwH2eM845PGg","refresh_token":"496d3fd5cdf8aa0569115fba74b09ef593c26fd8311d95a7ddb953f89e47c207","user":{"id":"0a37ef43-fee8-41d3-a686-8ab086948695","email":"testit2@gmail.com","username":"johndoe21","name":"John Doe","phoneNumber":"0123456712","profilePic":null,"bio":null,"private":false,"verified":false,"role":0,"followersCount":0,"followingCount":0,"postCount":0}}"
22:57:39.895 [pool-2-thread-50] DEBUG org.apache.http.headers -- http-outgoing-3 << HTTP/1.1 200 OK
22:57:39.895 [pool-2-thread-50] DEBUG org.apache.http.headers -- http-outgoing-3 << X-Powered-By: Express
22:57:39.895 [pool-2-thread-50] DEBUG org.apache.http.headers -- http-outgoing-3 << Access-Control-Allow-Origin: *
22:57:39.895 [pool-2-thread-50] DEBUG org.apache.http.headers -- http-outgoing-3 << Content-Type: application/json; charset=utf-8
22:57:39.895 [pool-2-thread-50] DEBUG org.apache.http.headers -- http-outgoing-3 << Content-Length: 605
22:57:39.895 [pool-2-thread-50] DEBUG org.apache.http.headers -- http-outgoing-3 << ETag: W/"25d-uWDS1Ltb6QlzUHt0Mm8cgpFBxzI"
22:57:39.895 [pool-2-thread-50] DEBUG org.apache.http.headers -- http-outgoing-3 << Date: Sun, 22 Jun 2025 15:57:39 GMT
22:57:39.895 [pool-2-thread-50] DEBUG org.apache.http.headers -- http-outgoing-3 << Connection: keep-alive
22:57:39.895 [pool-2-thread-50] DEBUG org.apache.http.headers -- http-outgoing-3 << Keep-Alive: timeout=5
22:57:39.895 [pool-2-thread-50] DEBUG org.apache.http.impl.execchain.MainClientExec -- Connection can be kept alive for 5000 MILLISECONDS
22:57:39.896 [pool-2-thread-50] DEBUG org.apache.http.impl.conn.PoolingHttpClientConnectionManager -- Connection [id: 75][route: {}->http://localhost:3000] can be kept alive for 5.0 seconds
22:57:39.896 [pool-2-thread-50] DEBUG org.apache.http.impl.conn.DefaultManagedHttpClientConnection -- http-outgoing-3: set socket timeout to 0
22:57:39.896 [pool-2-thread-50] DEBUG org.apache.http.impl.conn.PoolingHttpClientConnectionManager -- Connection released: [id: 75][route: {}->http://localhost:3000][total available: 1; route allocated: 1 of 5; total allocated: 1 of 10]
22:57:39.896 [pool-2-thread-50] DEBUG org.apache.http.impl.conn.PoolingHttpClientConnectionManager -- Connection manager is shutting down
22:57:39.896 [pool-2-thread-50] DEBUG org.apache.http.impl.conn.DefaultManagedHttpClientConnection -- http-outgoing-3: Close connection
22:57:39.896 [pool-2-thread-50] DEBUG org.apache.http.impl.conn.PoolingHttpClientConnectionManager -- Connection manager shut down
22:57:39.896 [pool-2-thread-50] DEBUG com.intuit.karate -- response time in milliseconds: 10678
1 < 200
1 < X-Powered-By: Express
1 < Access-Control-Allow-Origin: *
1 < Content-Type: application/json; charset=utf-8
1 < Content-Length: 605
1 < ETag: W/"25d-uWDS1Ltb6QlzUHt0Mm8cgpFBxzI"
1 < Date: Sun, 22 Jun 2025 15:57:39 GMT
1 < Connection: keep-alive
1 < Keep-Alive: timeout=5
{"access_token":"eyJhbGciOiJIUzI1NiIsInR5cCI6IkpXVCJ9.eyJzdWIiOiIwYTM3ZWY0My1mZWU4LTQxZDMtYTY4Ni04YWIwODY5NDg2OTUiLCJ1c2VybmFtZSI6ImpvaG5kb2UyMSIsInJvbGUiOjAsImlhdCI6MTc1MDYwNzg1OCwiZXhwIjoxNzUwNjExNDU4fQ.iPpWIuyQ3OekFdQe6rs_tE25pEoPGX7BwH2eM845PGg","refresh_token":"496d3fd5cdf8aa0569115fba74b09ef593c26fd8311d95a7ddb953f89e47c207","user":{"id":"0a37ef43-fee8-41d3-a686-8ab086948695","email":"testit2@gmail.com","username":"johndoe21","name":"John Doe","phoneNumber":"0123456712","profilePic":null,"bio":null,"private":false,"verified":false,"role":0,"followersCount":0,"followingCount":0,"postCount":0}}

22:57:39.897 [pool-2-thread-50] INFO com.intuit.karate -- [print] Concurrent call completed, status: 200 
22:57:40.666 [pool-2-thread-43] DEBUG org.apache.http.wire -- http-outgoing-56 << "HTTP/1.1 200 OK[\r][\n]"
22:57:40.666 [pool-2-thread-43] DEBUG org.apache.http.wire -- http-outgoing-56 << "X-Powered-By: Express[\r][\n]"
22:57:40.666 [pool-2-thread-43] DEBUG org.apache.http.wire -- http-outgoing-56 << "Access-Control-Allow-Origin: *[\r][\n]"
22:57:40.666 [pool-2-thread-43] DEBUG org.apache.http.wire -- http-outgoing-56 << "Content-Type: application/json; charset=utf-8[\r][\n]"
22:57:40.666 [pool-2-thread-43] DEBUG org.apache.http.wire -- http-outgoing-56 << "Content-Length: 599[\r][\n]"
22:57:40.666 [pool-2-thread-43] DEBUG org.apache.http.wire -- http-outgoing-56 << "ETag: W/"257-/tTCSBwWOT6W+5alxP3Crp9P5hU"[\r][\n]"
22:57:40.666 [pool-2-thread-43] DEBUG org.apache.http.wire -- http-outgoing-56 << "Date: Sun, 22 Jun 2025 15:57:40 GMT[\r][\n]"
22:57:40.666 [pool-2-thread-43] DEBUG org.apache.http.wire -- http-outgoing-56 << "Connection: keep-alive[\r][\n]"
22:57:40.666 [pool-2-thread-43] DEBUG org.apache.http.wire -- http-outgoing-56 << "Keep-Alive: timeout=5[\r][\n]"
22:57:40.666 [pool-2-thread-43] DEBUG org.apache.http.wire -- http-outgoing-56 << "[\r][\n]"
22:57:40.666 [pool-2-thread-43] DEBUG org.apache.http.wire -- http-outgoing-56 << "{"access_token":"eyJhbGciOiJIUzI1NiIsInR5cCI6IkpXVCJ9.eyJzdWIiOiIyZGRhMDQzOS01MTgwLTQ1YWEtOTE3Zi1lNjMyZTQ1YThlNDEiLCJ1c2VybmFtZSI6ImpvaG5kb2UiLCJyb2xlIjowLCJpYXQiOjE3NTA2MDc4NTgsImV4cCI6MTc1MDYxMTQ1OH0.7fzNVegGuG2XngEIYWZznnGwQ5_t19oPARNWsAVG1ew","refresh_token":"97d13f6777982e49a8814dd171398175026bf3a578a1658490019fe587044acf","user":{"id":"2dda0439-5180-45aa-917f-e632e45a8e41","email":"test@example.com","username":"johndoe","name":"John Doe","phoneNumber":"0987654321","profilePic":null,"bio":null,"private":false,"verified":false,"role":0,"followersCount":0,"followingCount":0,"postCount":0}}"
22:57:40.666 [pool-2-thread-43] DEBUG org.apache.http.headers -- http-outgoing-56 << HTTP/1.1 200 OK
22:57:40.666 [pool-2-thread-43] DEBUG org.apache.http.headers -- http-outgoing-56 << X-Powered-By: Express
22:57:40.666 [pool-2-thread-43] DEBUG org.apache.http.headers -- http-outgoing-56 << Access-Control-Allow-Origin: *
22:57:40.666 [pool-2-thread-43] DEBUG org.apache.http.headers -- http-outgoing-56 << Content-Type: application/json; charset=utf-8
22:57:40.666 [pool-2-thread-43] DEBUG org.apache.http.headers -- http-outgoing-56 << Content-Length: 599
22:57:40.666 [pool-2-thread-43] DEBUG org.apache.http.headers -- http-outgoing-56 << ETag: W/"257-/tTCSBwWOT6W+5alxP3Crp9P5hU"
22:57:40.666 [pool-2-thread-43] DEBUG org.apache.http.headers -- http-outgoing-56 << Date: Sun, 22 Jun 2025 15:57:40 GMT
22:57:40.666 [pool-2-thread-43] DEBUG org.apache.http.headers -- http-outgoing-56 << Connection: keep-alive
22:57:40.666 [pool-2-thread-43] DEBUG org.apache.http.headers -- http-outgoing-56 << Keep-Alive: timeout=5
22:57:40.666 [pool-2-thread-43] DEBUG org.apache.http.impl.execchain.MainClientExec -- Connection can be kept alive for 5000 MILLISECONDS
22:57:40.666 [pool-2-thread-43] DEBUG org.apache.http.impl.conn.PoolingHttpClientConnectionManager -- Connection [id: 44][route: {}->http://localhost:3000] can be kept alive for 5.0 seconds
22:57:40.666 [pool-2-thread-43] DEBUG org.apache.http.impl.conn.DefaultManagedHttpClientConnection -- http-outgoing-56: set socket timeout to 0
22:57:40.666 [pool-2-thread-43] DEBUG org.apache.http.impl.conn.PoolingHttpClientConnectionManager -- Connection released: [id: 44][route: {}->http://localhost:3000][total available: 1; route allocated: 1 of 5; total allocated: 1 of 10]
22:57:40.666 [pool-2-thread-26] DEBUG org.apache.http.wire -- http-outgoing-92 << "HTTP/1.1 200 OK[\r][\n]"
22:57:40.666 [pool-2-thread-26] DEBUG org.apache.http.wire -- http-outgoing-92 << "X-Powered-By: Express[\r][\n]"
22:57:40.666 [pool-2-thread-26] DEBUG org.apache.http.wire -- http-outgoing-92 << "Access-Control-Allow-Origin: *[\r][\n]"
22:57:40.666 [pool-2-thread-43] DEBUG org.apache.http.impl.conn.PoolingHttpClientConnectionManager -- Connection manager is shutting down
22:57:40.666 [pool-2-thread-26] DEBUG org.apache.http.wire -- http-outgoing-92 << "Content-Type: application/json; charset=utf-8[\r][\n]"
22:57:40.666 [pool-2-thread-26] DEBUG org.apache.http.wire -- http-outgoing-92 << "Content-Length: 607[\r][\n]"
22:57:40.666 [pool-2-thread-26] DEBUG org.apache.http.wire -- http-outgoing-92 << "ETag: W/"25f-K5NIqHniopA8artPuqKRGPpkePo"[\r][\n]"
22:57:40.666 [pool-2-thread-26] DEBUG org.apache.http.wire -- http-outgoing-92 << "Date: Sun, 22 Jun 2025 15:57:40 GMT[\r][\n]"
22:57:40.666 [pool-2-thread-26] DEBUG org.apache.http.wire -- http-outgoing-92 << "Connection: keep-alive[\r][\n]"
22:57:40.666 [pool-2-thread-43] DEBUG org.apache.http.impl.conn.DefaultManagedHttpClientConnection -- http-outgoing-56: Close connection
22:57:40.666 [pool-2-thread-26] DEBUG org.apache.http.wire -- http-outgoing-92 << "Keep-Alive: timeout=5[\r][\n]"
22:57:40.666 [pool-2-thread-26] DEBUG org.apache.http.wire -- http-outgoing-92 << "[\r][\n]"
22:57:40.666 [pool-2-thread-26] DEBUG org.apache.http.wire -- http-outgoing-92 << "{"access_token":"eyJhbGciOiJIUzI1NiIsInR5cCI6IkpXVCJ9.eyJzdWIiOiI5YTI2OTc2Yy0xNTMyLTRkZjMtYTE2ZS03NjMxNTI1Yzg1MDIiLCJ1c2VybmFtZSI6ImpvaG5kb2UyZDUiLCJyb2xlIjowLCJpYXQiOjE3NTA2MDc4NTgsImV4cCI6MTc1MDYxMTQ1OH0._62HmLxJ1YGgt6S42D-YKNeQ2LoQtFst3ZSP_Txp-Jk","refresh_token":"5b1e14aa8c959a1628ebe5b9a6e333c8691b4c68fdb4e37015255919dab54f1e","user":{"id":"9a26976c-1532-4df3-a16e-7631525c8502","email":"testit4@gmail.com","username":"johndoe2d5","name":"John Doe","phoneNumber":"0123456212","profilePic":null,"bio":null,"private":false,"verified":false,"role":0,"followersCount":0,"followingCount":0,"postCount":0}}"
22:57:40.666 [pool-2-thread-26] DEBUG org.apache.http.headers -- http-outgoing-92 << HTTP/1.1 200 OK
22:57:40.666 [pool-2-thread-26] DEBUG org.apache.http.headers -- http-outgoing-92 << X-Powered-By: Express
22:57:40.666 [pool-2-thread-26] DEBUG org.apache.http.headers -- http-outgoing-92 << Access-Control-Allow-Origin: *
22:57:40.666 [pool-2-thread-26] DEBUG org.apache.http.headers -- http-outgoing-92 << Content-Type: application/json; charset=utf-8
22:57:40.666 [pool-2-thread-26] DEBUG org.apache.http.headers -- http-outgoing-92 << Content-Length: 607
22:57:40.666 [pool-2-thread-26] DEBUG org.apache.http.headers -- http-outgoing-92 << ETag: W/"25f-K5NIqHniopA8artPuqKRGPpkePo"
22:57:40.666 [pool-2-thread-26] DEBUG org.apache.http.headers -- http-outgoing-92 << Date: Sun, 22 Jun 2025 15:57:40 GMT
22:57:40.666 [pool-2-thread-26] DEBUG org.apache.http.headers -- http-outgoing-92 << Connection: keep-alive
22:57:40.666 [pool-2-thread-26] DEBUG org.apache.http.headers -- http-outgoing-92 << Keep-Alive: timeout=5
22:57:40.666 [pool-2-thread-43] DEBUG org.apache.http.impl.conn.PoolingHttpClientConnectionManager -- Connection manager shut down
22:57:40.666 [pool-2-thread-26] DEBUG org.apache.http.impl.execchain.MainClientExec -- Connection can be kept alive for 5000 MILLISECONDS
22:57:40.666 [pool-2-thread-26] DEBUG org.apache.http.impl.conn.PoolingHttpClientConnectionManager -- Connection [id: 14][route: {}->http://localhost:3000] can be kept alive for 5.0 seconds
22:57:40.666 [pool-2-thread-26] DEBUG org.apache.http.impl.conn.DefaultManagedHttpClientConnection -- http-outgoing-92: set socket timeout to 0
22:57:40.666 [pool-2-thread-26] DEBUG org.apache.http.impl.conn.PoolingHttpClientConnectionManager -- Connection released: [id: 14][route: {}->http://localhost:3000][total available: 1; route allocated: 1 of 5; total allocated: 1 of 10]
22:57:40.666 [pool-2-thread-43] DEBUG com.intuit.karate -- response time in milliseconds: 11461
1 < 200
1 < X-Powered-By: Express
1 < Access-Control-Allow-Origin: *
1 < Content-Type: application/json; charset=utf-8
1 < Content-Length: 599
1 < ETag: W/"257-/tTCSBwWOT6W+5alxP3Crp9P5hU"
1 < Date: Sun, 22 Jun 2025 15:57:40 GMT
1 < Connection: keep-alive
1 < Keep-Alive: timeout=5
{"access_token":"eyJhbGciOiJIUzI1NiIsInR5cCI6IkpXVCJ9.eyJzdWIiOiIyZGRhMDQzOS01MTgwLTQ1YWEtOTE3Zi1lNjMyZTQ1YThlNDEiLCJ1c2VybmFtZSI6ImpvaG5kb2UiLCJyb2xlIjowLCJpYXQiOjE3NTA2MDc4NTgsImV4cCI6MTc1MDYxMTQ1OH0.7fzNVegGuG2XngEIYWZznnGwQ5_t19oPARNWsAVG1ew","refresh_token":"97d13f6777982e49a8814dd171398175026bf3a578a1658490019fe587044acf","user":{"id":"2dda0439-5180-45aa-917f-e632e45a8e41","email":"test@example.com","username":"johndoe","name":"John Doe","phoneNumber":"0987654321","profilePic":null,"bio":null,"private":false,"verified":false,"role":0,"followersCount":0,"followingCount":0,"postCount":0}}

22:57:40.666 [pool-2-thread-26] DEBUG org.apache.http.impl.conn.PoolingHttpClientConnectionManager -- Connection manager is shutting down
22:57:40.666 [pool-2-thread-26] DEBUG org.apache.http.impl.conn.DefaultManagedHttpClientConnection -- http-outgoing-92: Close connection
22:57:40.666 [pool-2-thread-26] DEBUG org.apache.http.impl.conn.PoolingHttpClientConnectionManager -- Connection manager shut down
22:57:40.666 [pool-2-thread-26] DEBUG com.intuit.karate -- response time in milliseconds: 11446
1 < 200
1 < X-Powered-By: Express
1 < Access-Control-Allow-Origin: *
1 < Content-Type: application/json; charset=utf-8
1 < Content-Length: 607
1 < ETag: W/"25f-K5NIqHniopA8artPuqKRGPpkePo"
1 < Date: Sun, 22 Jun 2025 15:57:40 GMT
1 < Connection: keep-alive
1 < Keep-Alive: timeout=5
{"access_token":"eyJhbGciOiJIUzI1NiIsInR5cCI6IkpXVCJ9.eyJzdWIiOiI5YTI2OTc2Yy0xNTMyLTRkZjMtYTE2ZS03NjMxNTI1Yzg1MDIiLCJ1c2VybmFtZSI6ImpvaG5kb2UyZDUiLCJyb2xlIjowLCJpYXQiOjE3NTA2MDc4NTgsImV4cCI6MTc1MDYxMTQ1OH0._62HmLxJ1YGgt6S42D-YKNeQ2LoQtFst3ZSP_Txp-Jk","refresh_token":"5b1e14aa8c959a1628ebe5b9a6e333c8691b4c68fdb4e37015255919dab54f1e","user":{"id":"9a26976c-1532-4df3-a16e-7631525c8502","email":"testit4@gmail.com","username":"johndoe2d5","name":"John Doe","phoneNumber":"0123456212","profilePic":null,"bio":null,"private":false,"verified":false,"role":0,"followersCount":0,"followingCount":0,"postCount":0}}

22:57:40.668 [pool-2-thread-26] INFO com.intuit.karate -- [print] Concurrent call completed, status: 200 
22:57:40.668 [pool-2-thread-43] INFO com.intuit.karate -- [print] Concurrent call completed, status: 200 
22:57:40.691 [pool-2-thread-37] DEBUG org.apache.http.wire -- http-outgoing-43 << "HTTP/1.1 200 OK[\r][\n]"
22:57:40.691 [pool-2-thread-37] DEBUG org.apache.http.wire -- http-outgoing-43 << "X-Powered-By: Express[\r][\n]"
22:57:40.691 [pool-2-thread-37] DEBUG org.apache.http.wire -- http-outgoing-43 << "Access-Control-Allow-Origin: *[\r][\n]"
22:57:40.691 [pool-2-thread-37] DEBUG org.apache.http.wire -- http-outgoing-43 << "Content-Type: application/json; charset=utf-8[\r][\n]"
22:57:40.691 [pool-2-thread-37] DEBUG org.apache.http.wire -- http-outgoing-43 << "Content-Length: 605[\r][\n]"
22:57:40.691 [pool-2-thread-37] DEBUG org.apache.http.wire -- http-outgoing-43 << "ETag: W/"25d-QTRi3uWQ1ZdAbMLnSEFzRICCCYQ"[\r][\n]"
22:57:40.691 [pool-2-thread-37] DEBUG org.apache.http.wire -- http-outgoing-43 << "Date: Sun, 22 Jun 2025 15:57:40 GMT[\r][\n]"
22:57:40.691 [pool-2-thread-37] DEBUG org.apache.http.wire -- http-outgoing-43 << "Connection: keep-alive[\r][\n]"
22:57:40.691 [pool-2-thread-37] DEBUG org.apache.http.wire -- http-outgoing-43 << "Keep-Alive: timeout=5[\r][\n]"
22:57:40.691 [pool-2-thread-37] DEBUG org.apache.http.wire -- http-outgoing-43 << "[\r][\n]"
22:57:40.691 [pool-2-thread-37] DEBUG org.apache.http.wire -- http-outgoing-43 << "{"access_token":"eyJhbGciOiJIUzI1NiIsInR5cCI6IkpXVCJ9.eyJzdWIiOiI2NTBjZTFlZC1hYWNhLTQzOGYtOTk4OC0xZjA1OGFiNWFhMWEiLCJ1c2VybmFtZSI6ImpvaG5kb2UyNSIsInJvbGUiOjAsImlhdCI6MTc1MDYwNzg1OCwiZXhwIjoxNzUwNjExNDU4fQ.02Z9sEd2msGtr-sXOQbeugpDKPj_uHgU6UQPVxgywWg","refresh_token":"309e5b7e5dec544d4ba569f0da8ca2397e0255a4162c4d75f7793907e2c3a961","user":{"id":"650ce1ed-aaca-438f-9988-1f058ab5aa1a","email":"testit3@gmail.com","username":"johndoe25","name":"John Doe","phoneNumber":"0123456713","profilePic":null,"bio":null,"private":false,"verified":false,"role":0,"followersCount":0,"followingCount":0,"postCount":0}}"
22:57:40.691 [pool-2-thread-37] DEBUG org.apache.http.headers -- http-outgoing-43 << HTTP/1.1 200 OK
22:57:40.691 [pool-2-thread-37] DEBUG org.apache.http.headers -- http-outgoing-43 << X-Powered-By: Express
22:57:40.691 [pool-2-thread-37] DEBUG org.apache.http.headers -- http-outgoing-43 << Access-Control-Allow-Origin: *
22:57:40.691 [pool-2-thread-37] DEBUG org.apache.http.headers -- http-outgoing-43 << Content-Type: application/json; charset=utf-8
22:57:40.691 [pool-2-thread-37] DEBUG org.apache.http.headers -- http-outgoing-43 << Content-Length: 605
22:57:40.691 [pool-2-thread-37] DEBUG org.apache.http.headers -- http-outgoing-43 << ETag: W/"25d-QTRi3uWQ1ZdAbMLnSEFzRICCCYQ"
22:57:40.691 [pool-2-thread-37] DEBUG org.apache.http.headers -- http-outgoing-43 << Date: Sun, 22 Jun 2025 15:57:40 GMT
22:57:40.691 [pool-2-thread-37] DEBUG org.apache.http.headers -- http-outgoing-43 << Connection: keep-alive
22:57:40.691 [pool-2-thread-37] DEBUG org.apache.http.headers -- http-outgoing-43 << Keep-Alive: timeout=5
22:57:40.691 [pool-2-thread-37] DEBUG org.apache.http.impl.execchain.MainClientExec -- Connection can be kept alive for 5000 MILLISECONDS
22:57:40.691 [pool-2-thread-37] DEBUG org.apache.http.impl.conn.PoolingHttpClientConnectionManager -- Connection [id: 31][route: {}->http://localhost:3000] can be kept alive for 5.0 seconds
22:57:40.691 [pool-2-thread-37] DEBUG org.apache.http.impl.conn.DefaultManagedHttpClientConnection -- http-outgoing-43: set socket timeout to 0
22:57:40.691 [pool-2-thread-37] DEBUG org.apache.http.impl.conn.PoolingHttpClientConnectionManager -- Connection released: [id: 31][route: {}->http://localhost:3000][total available: 1; route allocated: 1 of 5; total allocated: 1 of 10]
22:57:40.691 [pool-2-thread-37] DEBUG org.apache.http.impl.conn.PoolingHttpClientConnectionManager -- Connection manager is shutting down
22:57:40.691 [pool-2-thread-37] DEBUG org.apache.http.impl.conn.DefaultManagedHttpClientConnection -- http-outgoing-43: Close connection
22:57:40.691 [pool-2-thread-37] DEBUG org.apache.http.impl.conn.PoolingHttpClientConnectionManager -- Connection manager shut down
22:57:40.693 [pool-2-thread-37] DEBUG com.intuit.karate -- response time in milliseconds: 11486
1 < 200
1 < X-Powered-By: Express
1 < Access-Control-Allow-Origin: *
1 < Content-Type: application/json; charset=utf-8
1 < Content-Length: 605
1 < ETag: W/"25d-QTRi3uWQ1ZdAbMLnSEFzRICCCYQ"
1 < Date: Sun, 22 Jun 2025 15:57:40 GMT
1 < Connection: keep-alive
1 < Keep-Alive: timeout=5
{"access_token":"eyJhbGciOiJIUzI1NiIsInR5cCI6IkpXVCJ9.eyJzdWIiOiI2NTBjZTFlZC1hYWNhLTQzOGYtOTk4OC0xZjA1OGFiNWFhMWEiLCJ1c2VybmFtZSI6ImpvaG5kb2UyNSIsInJvbGUiOjAsImlhdCI6MTc1MDYwNzg1OCwiZXhwIjoxNzUwNjExNDU4fQ.02Z9sEd2msGtr-sXOQbeugpDKPj_uHgU6UQPVxgywWg","refresh_token":"309e5b7e5dec544d4ba569f0da8ca2397e0255a4162c4d75f7793907e2c3a961","user":{"id":"650ce1ed-aaca-438f-9988-1f058ab5aa1a","email":"testit3@gmail.com","username":"johndoe25","name":"John Doe","phoneNumber":"0123456713","profilePic":null,"bio":null,"private":false,"verified":false,"role":0,"followersCount":0,"followingCount":0,"postCount":0}}

22:57:40.694 [pool-2-thread-37] INFO com.intuit.karate -- [print] Concurrent call completed, status: 200 
22:57:40.760 [pool-2-thread-45] DEBUG org.apache.http.wire -- http-outgoing-72 << "HTTP/1.1 200 OK[\r][\n]"
22:57:40.760 [pool-2-thread-45] DEBUG org.apache.http.wire -- http-outgoing-72 << "X-Powered-By: Express[\r][\n]"
22:57:40.760 [pool-2-thread-45] DEBUG org.apache.http.wire -- http-outgoing-72 << "Access-Control-Allow-Origin: *[\r][\n]"
22:57:40.760 [pool-2-thread-45] DEBUG org.apache.http.wire -- http-outgoing-72 << "Content-Type: application/json; charset=utf-8[\r][\n]"
22:57:40.760 [pool-2-thread-45] DEBUG org.apache.http.wire -- http-outgoing-72 << "Content-Length: 607[\r][\n]"
22:57:40.760 [pool-2-thread-45] DEBUG org.apache.http.wire -- http-outgoing-72 << "ETag: W/"25f-1Lg7p695nycmcD6OGBvDFz20/ik"[\r][\n]"
22:57:40.760 [pool-2-thread-45] DEBUG org.apache.http.wire -- http-outgoing-72 << "Date: Sun, 22 Jun 2025 15:57:40 GMT[\r][\n]"
22:57:40.760 [pool-2-thread-45] DEBUG org.apache.http.wire -- http-outgoing-72 << "Connection: keep-alive[\r][\n]"
22:57:40.760 [pool-2-thread-45] DEBUG org.apache.http.wire -- http-outgoing-72 << "Keep-Alive: timeout=5[\r][\n]"
22:57:40.760 [pool-2-thread-45] DEBUG org.apache.http.wire -- http-outgoing-72 << "[\r][\n]"
22:57:40.760 [pool-2-thread-45] DEBUG org.apache.http.wire -- http-outgoing-72 << "{"access_token":"eyJhbGciOiJIUzI1NiIsInR5cCI6IkpXVCJ9.eyJzdWIiOiJjMjE0MjJkZi1jY2VjLTQ0MGUtOWE0Mi1jMWI4MmFiZjczM2QiLCJ1c2VybmFtZSI6ImpvaG5kb2UyOCIsInJvbGUiOjAsImlhdCI6MTc1MDYwNzg1OSwiZXhwIjoxNzUwNjExNDU5fQ.sSjtbQFvJnqBm1bF0to7tEaYLT3VtLsimfXB7iZ0N_o","refresh_token":"9963a341945ba3cb6bfc48606ef7baa07818670e24a79446bea00d32dc06311f","user":{"id":"c21422df-ccec-440e-9a42-c1b82abf733d","email":"test28@example.com","username":"johndoe28","name":"John Doe","phoneNumber":"84987654321","profilePic":null,"bio":null,"private":false,"verified":false,"role":0,"followersCount":0,"followingCount":0,"postCount":0}}"
22:57:40.760 [pool-2-thread-45] DEBUG org.apache.http.headers -- http-outgoing-72 << HTTP/1.1 200 OK
22:57:40.760 [pool-2-thread-45] DEBUG org.apache.http.headers -- http-outgoing-72 << X-Powered-By: Express
22:57:40.760 [pool-2-thread-45] DEBUG org.apache.http.headers -- http-outgoing-72 << Access-Control-Allow-Origin: *
22:57:40.760 [pool-2-thread-45] DEBUG org.apache.http.headers -- http-outgoing-72 << Content-Type: application/json; charset=utf-8
22:57:40.760 [pool-2-thread-45] DEBUG org.apache.http.headers -- http-outgoing-72 << Content-Length: 607
22:57:40.760 [pool-2-thread-45] DEBUG org.apache.http.headers -- http-outgoing-72 << ETag: W/"25f-1Lg7p695nycmcD6OGBvDFz20/ik"
22:57:40.760 [pool-2-thread-45] DEBUG org.apache.http.headers -- http-outgoing-72 << Date: Sun, 22 Jun 2025 15:57:40 GMT
22:57:40.760 [pool-2-thread-45] DEBUG org.apache.http.headers -- http-outgoing-72 << Connection: keep-alive
22:57:40.760 [pool-2-thread-45] DEBUG org.apache.http.headers -- http-outgoing-72 << Keep-Alive: timeout=5
22:57:40.761 [pool-2-thread-45] DEBUG org.apache.http.impl.execchain.MainClientExec -- Connection can be kept alive for 5000 MILLISECONDS
22:57:40.761 [pool-2-thread-45] DEBUG org.apache.http.impl.conn.PoolingHttpClientConnectionManager -- Connection [id: 12][route: {}->http://localhost:3000] can be kept alive for 5.0 seconds
22:57:40.761 [pool-2-thread-45] DEBUG org.apache.http.impl.conn.DefaultManagedHttpClientConnection -- http-outgoing-72: set socket timeout to 0
22:57:40.761 [pool-2-thread-45] DEBUG org.apache.http.impl.conn.PoolingHttpClientConnectionManager -- Connection released: [id: 12][route: {}->http://localhost:3000][total available: 1; route allocated: 1 of 5; total allocated: 1 of 10]
22:57:40.761 [pool-2-thread-45] DEBUG org.apache.http.impl.conn.PoolingHttpClientConnectionManager -- Connection manager is shutting down
22:57:40.761 [pool-2-thread-45] DEBUG org.apache.http.impl.conn.DefaultManagedHttpClientConnection -- http-outgoing-72: Close connection
22:57:40.761 [pool-2-thread-45] DEBUG org.apache.http.impl.conn.PoolingHttpClientConnectionManager -- Connection manager shut down
22:57:40.761 [pool-2-thread-45] DEBUG com.intuit.karate -- response time in milliseconds: 11544
1 < 200
1 < X-Powered-By: Express
1 < Access-Control-Allow-Origin: *
1 < Content-Type: application/json; charset=utf-8
1 < Content-Length: 607
1 < ETag: W/"25f-1Lg7p695nycmcD6OGBvDFz20/ik"
1 < Date: Sun, 22 Jun 2025 15:57:40 GMT
1 < Connection: keep-alive
1 < Keep-Alive: timeout=5
{"access_token":"eyJhbGciOiJIUzI1NiIsInR5cCI6IkpXVCJ9.eyJzdWIiOiJjMjE0MjJkZi1jY2VjLTQ0MGUtOWE0Mi1jMWI4MmFiZjczM2QiLCJ1c2VybmFtZSI6ImpvaG5kb2UyOCIsInJvbGUiOjAsImlhdCI6MTc1MDYwNzg1OSwiZXhwIjoxNzUwNjExNDU5fQ.sSjtbQFvJnqBm1bF0to7tEaYLT3VtLsimfXB7iZ0N_o","refresh_token":"9963a341945ba3cb6bfc48606ef7baa07818670e24a79446bea00d32dc06311f","user":{"id":"c21422df-ccec-440e-9a42-c1b82abf733d","email":"test28@example.com","username":"johndoe28","name":"John Doe","phoneNumber":"84987654321","profilePic":null,"bio":null,"private":false,"verified":false,"role":0,"followersCount":0,"followingCount":0,"postCount":0}}

22:57:40.762 [pool-2-thread-45] INFO com.intuit.karate -- [print] Concurrent call completed, status: 200 
22:57:40.942 [pool-2-thread-11] DEBUG org.apache.http.wire -- http-outgoing-18 << "HTTP/1.1 200 OK[\r][\n]"
22:57:40.943 [pool-2-thread-11] DEBUG org.apache.http.wire -- http-outgoing-18 << "X-Powered-By: Express[\r][\n]"
22:57:40.943 [pool-2-thread-11] DEBUG org.apache.http.wire -- http-outgoing-18 << "Access-Control-Allow-Origin: *[\r][\n]"
22:57:40.943 [pool-2-thread-11] DEBUG org.apache.http.wire -- http-outgoing-18 << "Content-Type: application/json; charset=utf-8[\r][\n]"
22:57:40.943 [pool-2-thread-11] DEBUG org.apache.http.wire -- http-outgoing-18 << "Content-Length: 708[\r][\n]"
22:57:40.943 [pool-2-thread-11] DEBUG org.apache.http.wire -- http-outgoing-18 << "ETag: W/"2c4-mFDrXMDomRAbb777DX6zx+2wZsU"[\r][\n]"
22:57:40.943 [pool-2-thread-11] DEBUG org.apache.http.wire -- http-outgoing-18 << "Date: Sun, 22 Jun 2025 15:57:40 GMT[\r][\n]"
22:57:40.943 [pool-2-thread-11] DEBUG org.apache.http.wire -- http-outgoing-18 << "Connection: keep-alive[\r][\n]"
22:57:40.943 [pool-2-thread-11] DEBUG org.apache.http.wire -- http-outgoing-18 << "Keep-Alive: timeout=5[\r][\n]"
22:57:40.943 [pool-2-thread-11] DEBUG org.apache.http.wire -- http-outgoing-18 << "[\r][\n]"
22:57:40.943 [pool-2-thread-11] DEBUG org.apache.http.wire -- http-outgoing-18 << "{"access_token":"eyJhbGciOiJIUzI1NiIsInR5cCI6IkpXVCJ9.eyJzdWIiOiIwODUxNWIwNS0yZDNlLTQ3ODktYWQ2MC1kYjM1NTI1YTQ5NzAiLCJ1c2VybmFtZSI6Im5hbSIsInJvbGUiOjAsImlhdCI6MTc1MDYwNzg1OSwiZXhwIjoxNzUwNjExNDU5fQ.Q9QNtPm_Fq8Kog6syLlMkde39i_Dead6mbUD44-vWjQ","refresh_token":"875fa635061c9da97c60704a1afc136016d33034cad254333273176b46805957","user":{"id":"08515b05-2d3e-4789-ad60-db35525a4970","email":"nam@gmail.com","username":"nam","name":"nam","phoneNumber":"0123456789","profilePic":"https://res.cloudinary.com/dizcvrefo/image/upload/v1749266646/nestjs_uploads/zk9zrpeidnovxibfqdxr.png","bio":"Chu tich hoi dong Quan tri 1","private":false,"verified":false,"role":0,"followersCount":2,"followingCount":2,"postCount":13}}"
22:57:40.943 [pool-2-thread-11] DEBUG org.apache.http.headers -- http-outgoing-18 << HTTP/1.1 200 OK
22:57:40.943 [pool-2-thread-11] DEBUG org.apache.http.headers -- http-outgoing-18 << X-Powered-By: Express
22:57:40.943 [pool-2-thread-11] DEBUG org.apache.http.headers -- http-outgoing-18 << Access-Control-Allow-Origin: *
22:57:40.943 [pool-2-thread-11] DEBUG org.apache.http.headers -- http-outgoing-18 << Content-Type: application/json; charset=utf-8
22:57:40.943 [pool-2-thread-11] DEBUG org.apache.http.headers -- http-outgoing-18 << Content-Length: 708
22:57:40.943 [pool-2-thread-11] DEBUG org.apache.http.headers -- http-outgoing-18 << ETag: W/"2c4-mFDrXMDomRAbb777DX6zx+2wZsU"
22:57:40.943 [pool-2-thread-11] DEBUG org.apache.http.headers -- http-outgoing-18 << Date: Sun, 22 Jun 2025 15:57:40 GMT
22:57:40.943 [pool-2-thread-11] DEBUG org.apache.http.headers -- http-outgoing-18 << Connection: keep-alive
22:57:40.943 [pool-2-thread-11] DEBUG org.apache.http.headers -- http-outgoing-18 << Keep-Alive: timeout=5
22:57:40.943 [pool-2-thread-11] DEBUG org.apache.http.impl.execchain.MainClientExec -- Connection can be kept alive for 5000 MILLISECONDS
22:57:40.943 [pool-2-thread-11] DEBUG org.apache.http.impl.conn.PoolingHttpClientConnectionManager -- Connection [id: 48][route: {}->http://localhost:3000] can be kept alive for 5.0 seconds
22:57:40.943 [pool-2-thread-11] DEBUG org.apache.http.impl.conn.DefaultManagedHttpClientConnection -- http-outgoing-18: set socket timeout to 0
22:57:40.943 [pool-2-thread-11] DEBUG org.apache.http.impl.conn.PoolingHttpClientConnectionManager -- Connection released: [id: 48][route: {}->http://localhost:3000][total available: 1; route allocated: 1 of 5; total allocated: 1 of 10]
22:57:40.943 [pool-2-thread-11] DEBUG org.apache.http.impl.conn.PoolingHttpClientConnectionManager -- Connection manager is shutting down
22:57:40.943 [pool-2-thread-11] DEBUG org.apache.http.impl.conn.DefaultManagedHttpClientConnection -- http-outgoing-18: Close connection
22:57:40.943 [pool-2-thread-11] DEBUG org.apache.http.impl.conn.PoolingHttpClientConnectionManager -- Connection manager shut down
22:57:40.943 [pool-2-thread-11] DEBUG com.intuit.karate -- response time in milliseconds: 11738
1 < 200
1 < X-Powered-By: Express
1 < Access-Control-Allow-Origin: *
1 < Content-Type: application/json; charset=utf-8
1 < Content-Length: 708
1 < ETag: W/"2c4-mFDrXMDomRAbb777DX6zx+2wZsU"
1 < Date: Sun, 22 Jun 2025 15:57:40 GMT
1 < Connection: keep-alive
1 < Keep-Alive: timeout=5
{"access_token":"eyJhbGciOiJIUzI1NiIsInR5cCI6IkpXVCJ9.eyJzdWIiOiIwODUxNWIwNS0yZDNlLTQ3ODktYWQ2MC1kYjM1NTI1YTQ5NzAiLCJ1c2VybmFtZSI6Im5hbSIsInJvbGUiOjAsImlhdCI6MTc1MDYwNzg1OSwiZXhwIjoxNzUwNjExNDU5fQ.Q9QNtPm_Fq8Kog6syLlMkde39i_Dead6mbUD44-vWjQ","refresh_token":"875fa635061c9da97c60704a1afc136016d33034cad254333273176b46805957","user":{"id":"08515b05-2d3e-4789-ad60-db35525a4970","email":"nam@gmail.com","username":"nam","name":"nam","phoneNumber":"0123456789","profilePic":"https://res.cloudinary.com/dizcvrefo/image/upload/v1749266646/nestjs_uploads/zk9zrpeidnovxibfqdxr.png","bio":"Chu tich hoi dong Quan tri 1","private":false,"verified":false,"role":0,"followersCount":2,"followingCount":2,"postCount":13}}

22:57:40.945 [pool-2-thread-11] INFO com.intuit.karate -- [print] Concurrent call completed, status: 200 
22:57:40.959 [pool-2-thread-29] DEBUG org.apache.http.wire -- http-outgoing-80 << "HTTP/1.1 200 OK[\r][\n]"
22:57:40.959 [pool-2-thread-29] DEBUG org.apache.http.wire -- http-outgoing-80 << "X-Powered-By: Express[\r][\n]"
22:57:40.959 [pool-2-thread-29] DEBUG org.apache.http.wire -- http-outgoing-80 << "Access-Control-Allow-Origin: *[\r][\n]"
22:57:40.959 [pool-2-thread-29] DEBUG org.apache.http.wire -- http-outgoing-80 << "Content-Type: application/json; charset=utf-8[\r][\n]"
22:57:40.959 [pool-2-thread-29] DEBUG org.apache.http.wire -- http-outgoing-80 << "Content-Length: 604[\r][\n]"
22:57:40.959 [pool-2-thread-29] DEBUG org.apache.http.wire -- http-outgoing-80 << "ETag: W/"25c-afx4TIBNB68eodaizkoqXSiUck8"[\r][\n]"
22:57:40.959 [pool-2-thread-29] DEBUG org.apache.http.wire -- http-outgoing-80 << "Date: Sun, 22 Jun 2025 15:57:40 GMT[\r][\n]"
22:57:40.959 [pool-2-thread-29] DEBUG org.apache.http.wire -- http-outgoing-80 << "Connection: keep-alive[\r][\n]"
22:57:40.959 [pool-2-thread-29] DEBUG org.apache.http.wire -- http-outgoing-80 << "Keep-Alive: timeout=5[\r][\n]"
22:57:40.959 [pool-2-thread-29] DEBUG org.apache.http.wire -- http-outgoing-80 << "[\r][\n]"
22:57:40.959 [pool-2-thread-29] DEBUG org.apache.http.wire -- http-outgoing-80 << "{"access_token":"eyJhbGciOiJIUzI1NiIsInR5cCI6IkpXVCJ9.eyJzdWIiOiJkZjZmMDkxOS1hMjNkLTQ0YzktYTkyNS00ZWE4YmU1MjVkMTAiLCJ1c2VybmFtZSI6ImpvaG5kb2UyMyIsInJvbGUiOjAsImlhdCI6MTc1MDYwNzg1OSwiZXhwIjoxNzUwNjExNDU5fQ.EHNdUGvb0FZDBatg6-6U9Dl7kgpdgAF5jPqupXuJ16o","refresh_token":"b70b1eed468afed7553a45556f025906b6193f6d1559b2ba315bdbb8a44b9299","user":{"id":"df6f0919-a23d-44c9-a925-4ea8be525d10","email":"testit@gmail.com","username":"johndoe23","name":"John Doe","phoneNumber":"0123456788","profilePic":null,"bio":null,"private":false,"verified":false,"role":0,"followersCount":0,"followingCount":0,"postCount":0}}"
22:57:40.959 [pool-2-thread-29] DEBUG org.apache.http.headers -- http-outgoing-80 << HTTP/1.1 200 OK
22:57:40.959 [pool-2-thread-29] DEBUG org.apache.http.headers -- http-outgoing-80 << X-Powered-By: Express
22:57:40.959 [pool-2-thread-29] DEBUG org.apache.http.headers -- http-outgoing-80 << Access-Control-Allow-Origin: *
22:57:40.959 [pool-2-thread-29] DEBUG org.apache.http.headers -- http-outgoing-80 << Content-Type: application/json; charset=utf-8
22:57:40.959 [pool-2-thread-29] DEBUG org.apache.http.headers -- http-outgoing-80 << Content-Length: 604
22:57:40.959 [pool-2-thread-29] DEBUG org.apache.http.headers -- http-outgoing-80 << ETag: W/"25c-afx4TIBNB68eodaizkoqXSiUck8"
22:57:40.959 [pool-2-thread-29] DEBUG org.apache.http.headers -- http-outgoing-80 << Date: Sun, 22 Jun 2025 15:57:40 GMT
22:57:40.959 [pool-2-thread-29] DEBUG org.apache.http.headers -- http-outgoing-80 << Connection: keep-alive
22:57:40.959 [pool-2-thread-29] DEBUG org.apache.http.headers -- http-outgoing-80 << Keep-Alive: timeout=5
22:57:40.959 [pool-2-thread-29] DEBUG org.apache.http.impl.execchain.MainClientExec -- Connection can be kept alive for 5000 MILLISECONDS
22:57:40.959 [pool-2-thread-29] DEBUG org.apache.http.impl.conn.PoolingHttpClientConnectionManager -- Connection [id: 18][route: {}->http://localhost:3000] can be kept alive for 5.0 seconds
22:57:40.959 [pool-2-thread-29] DEBUG org.apache.http.impl.conn.DefaultManagedHttpClientConnection -- http-outgoing-80: set socket timeout to 0
22:57:40.959 [pool-2-thread-29] DEBUG org.apache.http.impl.conn.PoolingHttpClientConnectionManager -- Connection released: [id: 18][route: {}->http://localhost:3000][total available: 1; route allocated: 1 of 5; total allocated: 1 of 10]
22:57:40.959 [pool-2-thread-29] DEBUG org.apache.http.impl.conn.PoolingHttpClientConnectionManager -- Connection manager is shutting down
22:57:40.959 [pool-2-thread-29] DEBUG org.apache.http.impl.conn.DefaultManagedHttpClientConnection -- http-outgoing-80: Close connection
22:57:40.960 [pool-2-thread-29] DEBUG org.apache.http.impl.conn.PoolingHttpClientConnectionManager -- Connection manager shut down
22:57:40.960 [pool-2-thread-29] DEBUG com.intuit.karate -- response time in milliseconds: 11740
1 < 200
1 < X-Powered-By: Express
1 < Access-Control-Allow-Origin: *
1 < Content-Type: application/json; charset=utf-8
1 < Content-Length: 604
1 < ETag: W/"25c-afx4TIBNB68eodaizkoqXSiUck8"
1 < Date: Sun, 22 Jun 2025 15:57:40 GMT
1 < Connection: keep-alive
1 < Keep-Alive: timeout=5
{"access_token":"eyJhbGciOiJIUzI1NiIsInR5cCI6IkpXVCJ9.eyJzdWIiOiJkZjZmMDkxOS1hMjNkLTQ0YzktYTkyNS00ZWE4YmU1MjVkMTAiLCJ1c2VybmFtZSI6ImpvaG5kb2UyMyIsInJvbGUiOjAsImlhdCI6MTc1MDYwNzg1OSwiZXhwIjoxNzUwNjExNDU5fQ.EHNdUGvb0FZDBatg6-6U9Dl7kgpdgAF5jPqupXuJ16o","refresh_token":"b70b1eed468afed7553a45556f025906b6193f6d1559b2ba315bdbb8a44b9299","user":{"id":"df6f0919-a23d-44c9-a925-4ea8be525d10","email":"testit@gmail.com","username":"johndoe23","name":"John Doe","phoneNumber":"0123456788","profilePic":null,"bio":null,"private":false,"verified":false,"role":0,"followersCount":0,"followingCount":0,"postCount":0}}

22:57:40.961 [pool-2-thread-29] INFO com.intuit.karate -- [print] Concurrent call completed, status: 200 
22:57:40.970 [pool-2-thread-12] DEBUG org.apache.http.wire -- http-outgoing-79 << "HTTP/1.1 200 OK[\r][\n]"
22:57:40.970 [pool-2-thread-12] DEBUG org.apache.http.wire -- http-outgoing-79 << "X-Powered-By: Express[\r][\n]"
22:57:40.970 [pool-2-thread-12] DEBUG org.apache.http.wire -- http-outgoing-79 << "Access-Control-Allow-Origin: *[\r][\n]"
22:57:40.970 [pool-2-thread-12] DEBUG org.apache.http.wire -- http-outgoing-79 << "Content-Type: application/json; charset=utf-8[\r][\n]"
22:57:40.970 [pool-2-thread-12] DEBUG org.apache.http.wire -- http-outgoing-79 << "Content-Length: 715[\r][\n]"
22:57:40.970 [pool-2-thread-12] DEBUG org.apache.http.wire -- http-outgoing-79 << "ETag: W/"2cb-/tHbdrgKHIm0dN0Od81tZZMhbdM"[\r][\n]"
22:57:40.970 [pool-2-thread-12] DEBUG org.apache.http.wire -- http-outgoing-79 << "Date: Sun, 22 Jun 2025 15:57:40 GMT[\r][\n]"
22:57:40.970 [pool-2-thread-12] DEBUG org.apache.http.wire -- http-outgoing-79 << "Connection: keep-alive[\r][\n]"
22:57:40.970 [pool-2-thread-12] DEBUG org.apache.http.wire -- http-outgoing-79 << "Keep-Alive: timeout=5[\r][\n]"
22:57:40.970 [pool-2-thread-12] DEBUG org.apache.http.wire -- http-outgoing-79 << "[\r][\n]"
22:57:40.970 [pool-2-thread-12] DEBUG org.apache.http.wire -- http-outgoing-79 << "{"access_token":"eyJhbGciOiJIUzI1NiIsInR5cCI6IkpXVCJ9.eyJzdWIiOiIyYjg0YWEyNC02NjhhLTQwZTItYWYxYy1hZDRmYzRmYTVhNmYiLCJ1c2VybmFtZSI6InF1YW5nMSIsInJvbGUiOjAsImlhdCI6MTc1MDYwNzg1OSwiZXhwIjoxNzUwNjExNDU5fQ.FMjQ5hIIYCrDtFL7fnQHrXVoJ44A-0Lmw8I4pZdV60U","refresh_token":"1a52caebb209b0453bdf1093b99dd14c30d64e128b6f15afc3a26b515c4e32e2","user":{"id":"2b84aa24-668a-40e2-af1c-ad4fc4fa5a6f","email":"quang1@gmail.com","username":"quang1","name":"quang1","phoneNumber":"09874563210","profilePic":"https://res.cloudinary.com/dizcvrefo/image/upload/v1749027586/nestjs_uploads/xehairydt9rzlbmbmv4c.jpg","bio":"Thang Nam Lao Vua Thoi","private":false,"verified":false,"role":0,"followersCount":2,"followingCount":3,"postCount":2}}"
22:57:40.970 [pool-2-thread-12] DEBUG org.apache.http.headers -- http-outgoing-79 << HTTP/1.1 200 OK
22:57:40.970 [pool-2-thread-12] DEBUG org.apache.http.headers -- http-outgoing-79 << X-Powered-By: Express
22:57:40.970 [pool-2-thread-12] DEBUG org.apache.http.headers -- http-outgoing-79 << Access-Control-Allow-Origin: *
22:57:40.970 [pool-2-thread-12] DEBUG org.apache.http.headers -- http-outgoing-79 << Content-Type: application/json; charset=utf-8
22:57:40.970 [pool-2-thread-12] DEBUG org.apache.http.headers -- http-outgoing-79 << Content-Length: 715
22:57:40.970 [pool-2-thread-12] DEBUG org.apache.http.headers -- http-outgoing-79 << ETag: W/"2cb-/tHbdrgKHIm0dN0Od81tZZMhbdM"
22:57:40.970 [pool-2-thread-12] DEBUG org.apache.http.headers -- http-outgoing-79 << Date: Sun, 22 Jun 2025 15:57:40 GMT
22:57:40.970 [pool-2-thread-12] DEBUG org.apache.http.headers -- http-outgoing-79 << Connection: keep-alive
22:57:40.970 [pool-2-thread-12] DEBUG org.apache.http.headers -- http-outgoing-79 << Keep-Alive: timeout=5
22:57:40.970 [pool-2-thread-12] DEBUG org.apache.http.impl.execchain.MainClientExec -- Connection can be kept alive for 5000 MILLISECONDS
22:57:40.970 [pool-2-thread-12] DEBUG org.apache.http.impl.conn.PoolingHttpClientConnectionManager -- Connection [id: 80][route: {}->http://localhost:3000] can be kept alive for 5.0 seconds
22:57:40.970 [pool-2-thread-12] DEBUG org.apache.http.impl.conn.DefaultManagedHttpClientConnection -- http-outgoing-79: set socket timeout to 0
22:57:40.970 [pool-2-thread-12] DEBUG org.apache.http.impl.conn.PoolingHttpClientConnectionManager -- Connection released: [id: 80][route: {}->http://localhost:3000][total available: 1; route allocated: 1 of 5; total allocated: 1 of 10]
22:57:40.970 [pool-2-thread-12] DEBUG org.apache.http.impl.conn.PoolingHttpClientConnectionManager -- Connection manager is shutting down
22:57:40.970 [pool-2-thread-12] DEBUG org.apache.http.impl.conn.DefaultManagedHttpClientConnection -- http-outgoing-79: Close connection
22:57:40.970 [pool-2-thread-12] DEBUG org.apache.http.impl.conn.PoolingHttpClientConnectionManager -- Connection manager shut down
22:57:40.971 [pool-2-thread-12] DEBUG com.intuit.karate -- response time in milliseconds: 11751
1 < 200
1 < X-Powered-By: Express
1 < Access-Control-Allow-Origin: *
1 < Content-Type: application/json; charset=utf-8
1 < Content-Length: 715
1 < ETag: W/"2cb-/tHbdrgKHIm0dN0Od81tZZMhbdM"
1 < Date: Sun, 22 Jun 2025 15:57:40 GMT
1 < Connection: keep-alive
1 < Keep-Alive: timeout=5
{"access_token":"eyJhbGciOiJIUzI1NiIsInR5cCI6IkpXVCJ9.eyJzdWIiOiIyYjg0YWEyNC02NjhhLTQwZTItYWYxYy1hZDRmYzRmYTVhNmYiLCJ1c2VybmFtZSI6InF1YW5nMSIsInJvbGUiOjAsImlhdCI6MTc1MDYwNzg1OSwiZXhwIjoxNzUwNjExNDU5fQ.FMjQ5hIIYCrDtFL7fnQHrXVoJ44A-0Lmw8I4pZdV60U","refresh_token":"1a52caebb209b0453bdf1093b99dd14c30d64e128b6f15afc3a26b515c4e32e2","user":{"id":"2b84aa24-668a-40e2-af1c-ad4fc4fa5a6f","email":"quang1@gmail.com","username":"quang1","name":"quang1","phoneNumber":"09874563210","profilePic":"https://res.cloudinary.com/dizcvrefo/image/upload/v1749027586/nestjs_uploads/xehairydt9rzlbmbmv4c.jpg","bio":"Thang Nam Lao Vua Thoi","private":false,"verified":false,"role":0,"followersCount":2,"followingCount":3,"postCount":2}}

22:57:40.971 [pool-2-thread-12] INFO com.intuit.karate -- [print] Concurrent call completed, status: 200 
22:57:41.685 [pool-2-thread-54] DEBUG org.apache.http.wire -- http-outgoing-15 << "HTTP/1.1 200 OK[\r][\n]"
22:57:41.685 [pool-2-thread-54] DEBUG org.apache.http.wire -- http-outgoing-15 << "X-Powered-By: Express[\r][\n]"
22:57:41.685 [pool-2-thread-54] DEBUG org.apache.http.wire -- http-outgoing-15 << "Access-Control-Allow-Origin: *[\r][\n]"
22:57:41.685 [pool-2-thread-54] DEBUG org.apache.http.wire -- http-outgoing-15 << "Content-Type: application/json; charset=utf-8[\r][\n]"
22:57:41.685 [pool-2-thread-54] DEBUG org.apache.http.wire -- http-outgoing-15 << "Content-Length: 608[\r][\n]"
22:57:41.685 [pool-2-thread-54] DEBUG org.apache.http.wire -- http-outgoing-15 << "ETag: W/"260-l7DffOqudITrx/9OI8LevoJMXJA"[\r][\n]"
22:57:41.685 [pool-2-thread-54] DEBUG org.apache.http.wire -- http-outgoing-15 << "Date: Sun, 22 Jun 2025 15:57:41 GMT[\r][\n]"
22:57:41.685 [pool-2-thread-54] DEBUG org.apache.http.wire -- http-outgoing-15 << "Connection: keep-alive[\r][\n]"
22:57:41.685 [pool-2-thread-54] DEBUG org.apache.http.wire -- http-outgoing-15 << "Keep-Alive: timeout=5[\r][\n]"
22:57:41.685 [pool-2-thread-54] DEBUG org.apache.http.wire -- http-outgoing-15 << "[\r][\n]"
22:57:41.685 [pool-2-thread-54] DEBUG org.apache.http.wire -- http-outgoing-15 << "{"access_token":"eyJhbGciOiJIUzI1NiIsInR5cCI6IkpXVCJ9.eyJzdWIiOiI4YTI0NzQ2MS01YzA0LTQyMWQtOThmNS1mYTljNzM0ZmFlYTUiLCJ1c2VybmFtZSI6ImphbmVzbWl0aCIsInJvbGUiOjAsImlhdCI6MTc1MDYwNzg1OSwiZXhwIjoxNzUwNjExNDU5fQ.c188pRuVXy_8rhC-ZKguuMZ3ho1aODxdr868nouBE5g","refresh_token":"7f27b7fd80410db6c679e02db098837c6480eb28fbfeee3144db3c177f76b4c1","user":{"id":"8a247461-5c04-421d-98f5-fa9c734faea5","email":"test2@example.com","username":"janesmith","name":"Jane Smith","phoneNumber":"01234567890","profilePic":null,"bio":null,"private":false,"verified":false,"role":0,"followersCount":0,"followingCount":0,"postCount":0}}"
22:57:41.685 [pool-2-thread-54] DEBUG org.apache.http.headers -- http-outgoing-15 << HTTP/1.1 200 OK
22:57:41.685 [pool-2-thread-54] DEBUG org.apache.http.headers -- http-outgoing-15 << X-Powered-By: Express
22:57:41.685 [pool-2-thread-88] DEBUG org.apache.http.wire -- http-outgoing-66 << "HTTP/1.1 200 OK[\r][\n]"
22:57:41.685 [pool-2-thread-88] DEBUG org.apache.http.wire -- http-outgoing-66 << "X-Powered-By: Express[\r][\n]"
22:57:41.685 [pool-2-thread-88] DEBUG org.apache.http.wire -- http-outgoing-66 << "Access-Control-Allow-Origin: *[\r][\n]"
22:57:41.685 [pool-2-thread-88] DEBUG org.apache.http.wire -- http-outgoing-66 << "Content-Type: application/json; charset=utf-8[\r][\n]"
22:57:41.685 [pool-2-thread-88] DEBUG org.apache.http.wire -- http-outgoing-66 << "Content-Length: 609[\r][\n]"
22:57:41.685 [pool-2-thread-88] DEBUG org.apache.http.wire -- http-outgoing-66 << "ETag: W/"261-yRiHFezxx5hbyq3yb9rowFOuDtE"[\r][\n]"
22:57:41.685 [pool-2-thread-54] DEBUG org.apache.http.headers -- http-outgoing-15 << Access-Control-Allow-Origin: *
22:57:41.685 [pool-2-thread-88] DEBUG org.apache.http.wire -- http-outgoing-66 << "Date: Sun, 22 Jun 2025 15:57:41 GMT[\r][\n]"
22:57:41.685 [pool-2-thread-54] DEBUG org.apache.http.headers -- http-outgoing-15 << Content-Type: application/json; charset=utf-8
22:57:41.685 [pool-2-thread-88] DEBUG org.apache.http.wire -- http-outgoing-66 << "Connection: keep-alive[\r][\n]"
22:57:41.685 [pool-2-thread-54] DEBUG org.apache.http.headers -- http-outgoing-15 << Content-Length: 608
22:57:41.685 [pool-2-thread-88] DEBUG org.apache.http.wire -- http-outgoing-66 << "Keep-Alive: timeout=5[\r][\n]"
22:57:41.685 [pool-2-thread-54] DEBUG org.apache.http.headers -- http-outgoing-15 << ETag: W/"260-l7DffOqudITrx/9OI8LevoJMXJA"
22:57:41.685 [pool-2-thread-88] DEBUG org.apache.http.wire -- http-outgoing-66 << "[\r][\n]"
22:57:41.685 [pool-2-thread-54] DEBUG org.apache.http.headers -- http-outgoing-15 << Date: Sun, 22 Jun 2025 15:57:41 GMT
22:57:41.685 [pool-2-thread-54] DEBUG org.apache.http.headers -- http-outgoing-15 << Connection: keep-alive
22:57:41.685 [pool-2-thread-54] DEBUG org.apache.http.headers -- http-outgoing-15 << Keep-Alive: timeout=5
22:57:41.685 [pool-2-thread-88] DEBUG org.apache.http.wire -- http-outgoing-66 << "{"access_token":"eyJhbGciOiJIUzI1NiIsInR5cCI6IkpXVCJ9.eyJzdWIiOiIyNzJmNmI1NS01MTc5LTRhZTMtODU2My1iNGVjMTBmNzY3MTUiLCJ1c2VybmFtZSI6ImpvaG5kb2UyZDVkIiwicm9sZSI6MCwiaWF0IjoxNzUwNjA3ODU5LCJleHAiOjE3NTA2MTE0NTl9.8939p5lWrpb8QbseuTthagA8W921zEBvfdxnKOIgSJg","refresh_token":"4b63a8f9ba8e9ece26b2980d777aed3fbfadd0c861be181ffafe8f9823b3f823","user":{"id":"272f6b55-5179-4ae3-8563-b4ec10f76715","email":"testit5@gmail.com","username":"johndoe2d5d","name":"John Doe","phoneNumber":"0123456132","profilePic":null,"bio":null,"private":false,"verified":false,"role":0,"followersCount":0,"followingCount":0,"postCount":0}}"
22:57:41.685 [pool-2-thread-88] DEBUG org.apache.http.headers -- http-outgoing-66 << HTTP/1.1 200 OK
22:57:41.685 [pool-2-thread-88] DEBUG org.apache.http.headers -- http-outgoing-66 << X-Powered-By: Express
22:57:41.685 [pool-2-thread-88] DEBUG org.apache.http.headers -- http-outgoing-66 << Access-Control-Allow-Origin: *
22:57:41.685 [pool-2-thread-88] DEBUG org.apache.http.headers -- http-outgoing-66 << Content-Type: application/json; charset=utf-8
22:57:41.685 [pool-2-thread-88] DEBUG org.apache.http.headers -- http-outgoing-66 << Content-Length: 609
22:57:41.685 [pool-2-thread-88] DEBUG org.apache.http.headers -- http-outgoing-66 << ETag: W/"261-yRiHFezxx5hbyq3yb9rowFOuDtE"
22:57:41.685 [pool-2-thread-88] DEBUG org.apache.http.headers -- http-outgoing-66 << Date: Sun, 22 Jun 2025 15:57:41 GMT
22:57:41.685 [pool-2-thread-88] DEBUG org.apache.http.headers -- http-outgoing-66 << Connection: keep-alive
22:57:41.685 [pool-2-thread-88] DEBUG org.apache.http.headers -- http-outgoing-66 << Keep-Alive: timeout=5
22:57:41.685 [pool-2-thread-54] DEBUG org.apache.http.impl.execchain.MainClientExec -- Connection can be kept alive for 5000 MILLISECONDS
22:57:41.685 [pool-2-thread-88] DEBUG org.apache.http.impl.execchain.MainClientExec -- Connection can be kept alive for 5000 MILLISECONDS
22:57:41.687 [pool-2-thread-88] DEBUG org.apache.http.impl.conn.PoolingHttpClientConnectionManager -- Connection [id: 64][route: {}->http://localhost:3000] can be kept alive for 5.0 seconds
22:57:41.687 [pool-2-thread-88] DEBUG org.apache.http.impl.conn.DefaultManagedHttpClientConnection -- http-outgoing-66: set socket timeout to 0
22:57:41.687 [pool-2-thread-54] DEBUG org.apache.http.impl.conn.PoolingHttpClientConnectionManager -- Connection [id: 1][route: {}->http://localhost:3000] can be kept alive for 5.0 seconds
22:57:41.687 [pool-2-thread-54] DEBUG org.apache.http.impl.conn.DefaultManagedHttpClientConnection -- http-outgoing-15: set socket timeout to 0
22:57:41.687 [pool-2-thread-88] DEBUG org.apache.http.impl.conn.PoolingHttpClientConnectionManager -- Connection released: [id: 64][route: {}->http://localhost:3000][total available: 1; route allocated: 1 of 5; total allocated: 1 of 10]
22:57:41.687 [pool-2-thread-54] DEBUG org.apache.http.impl.conn.PoolingHttpClientConnectionManager -- Connection released: [id: 1][route: {}->http://localhost:3000][total available: 1; route allocated: 1 of 5; total allocated: 1 of 10]
22:57:41.687 [pool-2-thread-88] DEBUG org.apache.http.impl.conn.PoolingHttpClientConnectionManager -- Connection manager is shutting down
22:57:41.687 [pool-2-thread-54] DEBUG org.apache.http.impl.conn.PoolingHttpClientConnectionManager -- Connection manager is shutting down
22:57:41.687 [pool-2-thread-88] DEBUG org.apache.http.impl.conn.DefaultManagedHttpClientConnection -- http-outgoing-66: Close connection
22:57:41.687 [pool-2-thread-54] DEBUG org.apache.http.impl.conn.DefaultManagedHttpClientConnection -- http-outgoing-15: Close connection
22:57:41.687 [pool-2-thread-54] DEBUG org.apache.http.impl.conn.PoolingHttpClientConnectionManager -- Connection manager shut down
22:57:41.687 [pool-2-thread-88] DEBUG org.apache.http.impl.conn.PoolingHttpClientConnectionManager -- Connection manager shut down
22:57:41.687 [pool-2-thread-88] DEBUG com.intuit.karate -- response time in milliseconds: 12480
1 < 200
1 < X-Powered-By: Express
1 < Access-Control-Allow-Origin: *
1 < Content-Type: application/json; charset=utf-8
1 < Content-Length: 609
1 < ETag: W/"261-yRiHFezxx5hbyq3yb9rowFOuDtE"
1 < Date: Sun, 22 Jun 2025 15:57:41 GMT
1 < Connection: keep-alive
1 < Keep-Alive: timeout=5
{"access_token":"eyJhbGciOiJIUzI1NiIsInR5cCI6IkpXVCJ9.eyJzdWIiOiIyNzJmNmI1NS01MTc5LTRhZTMtODU2My1iNGVjMTBmNzY3MTUiLCJ1c2VybmFtZSI6ImpvaG5kb2UyZDVkIiwicm9sZSI6MCwiaWF0IjoxNzUwNjA3ODU5LCJleHAiOjE3NTA2MTE0NTl9.8939p5lWrpb8QbseuTthagA8W921zEBvfdxnKOIgSJg","refresh_token":"4b63a8f9ba8e9ece26b2980d777aed3fbfadd0c861be181ffafe8f9823b3f823","user":{"id":"272f6b55-5179-4ae3-8563-b4ec10f76715","email":"testit5@gmail.com","username":"johndoe2d5d","name":"John Doe","phoneNumber":"0123456132","profilePic":null,"bio":null,"private":false,"verified":false,"role":0,"followersCount":0,"followingCount":0,"postCount":0}}

22:57:41.687 [pool-2-thread-54] DEBUG com.intuit.karate -- response time in milliseconds: 12480
1 < 200
1 < X-Powered-By: Express
1 < Access-Control-Allow-Origin: *
1 < Content-Type: application/json; charset=utf-8
1 < Content-Length: 608
1 < ETag: W/"260-l7DffOqudITrx/9OI8LevoJMXJA"
1 < Date: Sun, 22 Jun 2025 15:57:41 GMT
1 < Connection: keep-alive
1 < Keep-Alive: timeout=5
{"access_token":"eyJhbGciOiJIUzI1NiIsInR5cCI6IkpXVCJ9.eyJzdWIiOiI4YTI0NzQ2MS01YzA0LTQyMWQtOThmNS1mYTljNzM0ZmFlYTUiLCJ1c2VybmFtZSI6ImphbmVzbWl0aCIsInJvbGUiOjAsImlhdCI6MTc1MDYwNzg1OSwiZXhwIjoxNzUwNjExNDU5fQ.c188pRuVXy_8rhC-ZKguuMZ3ho1aODxdr868nouBE5g","refresh_token":"7f27b7fd80410db6c679e02db098837c6480eb28fbfeee3144db3c177f76b4c1","user":{"id":"8a247461-5c04-421d-98f5-fa9c734faea5","email":"test2@example.com","username":"janesmith","name":"Jane Smith","phoneNumber":"01234567890","profilePic":null,"bio":null,"private":false,"verified":false,"role":0,"followersCount":0,"followingCount":0,"postCount":0}}

22:57:41.688 [pool-2-thread-88] INFO com.intuit.karate -- [print] Concurrent call completed, status: 200 
22:57:41.688 [pool-2-thread-54] INFO com.intuit.karate -- [print] Concurrent call completed, status: 200 
22:57:41.869 [pool-2-thread-10] DEBUG org.apache.http.wire -- http-outgoing-81 << "HTTP/1.1 200 OK[\r][\n]"
22:57:41.870 [pool-2-thread-10] DEBUG org.apache.http.wire -- http-outgoing-81 << "X-Powered-By: Express[\r][\n]"
22:57:41.870 [pool-2-thread-10] DEBUG org.apache.http.wire -- http-outgoing-81 << "Access-Control-Allow-Origin: *[\r][\n]"
22:57:41.870 [pool-2-thread-10] DEBUG org.apache.http.wire -- http-outgoing-81 << "Content-Type: application/json; charset=utf-8[\r][\n]"
22:57:41.870 [pool-2-thread-10] DEBUG org.apache.http.wire -- http-outgoing-81 << "Content-Length: 605[\r][\n]"
22:57:41.870 [pool-2-thread-10] DEBUG org.apache.http.wire -- http-outgoing-81 << "ETag: W/"25d-GEsnxP0OvD1pj+AmtBC6a1Kf+Jw"[\r][\n]"
22:57:41.870 [pool-2-thread-10] DEBUG org.apache.http.wire -- http-outgoing-81 << "Date: Sun, 22 Jun 2025 15:57:41 GMT[\r][\n]"
22:57:41.870 [pool-2-thread-10] DEBUG org.apache.http.wire -- http-outgoing-81 << "Connection: keep-alive[\r][\n]"
22:57:41.870 [pool-2-thread-10] DEBUG org.apache.http.wire -- http-outgoing-81 << "Keep-Alive: timeout=5[\r][\n]"
22:57:41.870 [pool-2-thread-10] DEBUG org.apache.http.wire -- http-outgoing-81 << "[\r][\n]"
22:57:41.870 [pool-2-thread-10] DEBUG org.apache.http.wire -- http-outgoing-81 << "{"access_token":"eyJhbGciOiJIUzI1NiIsInR5cCI6IkpXVCJ9.eyJzdWIiOiIwYTM3ZWY0My1mZWU4LTQxZDMtYTY4Ni04YWIwODY5NDg2OTUiLCJ1c2VybmFtZSI6ImpvaG5kb2UyMSIsInJvbGUiOjAsImlhdCI6MTc1MDYwNzg2MCwiZXhwIjoxNzUwNjExNDYwfQ.d52B8F8El-7p9CUmpltyEoUAZpYXO6y4jyUR3FTuUpc","refresh_token":"83e48354aa3ccf18c157d30fab9ae92524314968210819bbd61737475ad8def6","user":{"id":"0a37ef43-fee8-41d3-a686-8ab086948695","email":"testit2@gmail.com","username":"johndoe21","name":"John Doe","phoneNumber":"0123456712","profilePic":null,"bio":null,"private":false,"verified":false,"role":0,"followersCount":0,"followingCount":0,"postCount":0}}"
22:57:41.870 [pool-2-thread-10] DEBUG org.apache.http.headers -- http-outgoing-81 << HTTP/1.1 200 OK
22:57:41.870 [pool-2-thread-10] DEBUG org.apache.http.headers -- http-outgoing-81 << X-Powered-By: Express
22:57:41.870 [pool-2-thread-10] DEBUG org.apache.http.headers -- http-outgoing-81 << Access-Control-Allow-Origin: *
22:57:41.870 [pool-2-thread-10] DEBUG org.apache.http.headers -- http-outgoing-81 << Content-Type: application/json; charset=utf-8
22:57:41.870 [pool-2-thread-10] DEBUG org.apache.http.headers -- http-outgoing-81 << Content-Length: 605
22:57:41.870 [pool-2-thread-10] DEBUG org.apache.http.headers -- http-outgoing-81 << ETag: W/"25d-GEsnxP0OvD1pj+AmtBC6a1Kf+Jw"
22:57:41.870 [pool-2-thread-10] DEBUG org.apache.http.headers -- http-outgoing-81 << Date: Sun, 22 Jun 2025 15:57:41 GMT
22:57:41.870 [pool-2-thread-10] DEBUG org.apache.http.headers -- http-outgoing-81 << Connection: keep-alive
22:57:41.870 [pool-2-thread-10] DEBUG org.apache.http.headers -- http-outgoing-81 << Keep-Alive: timeout=5
22:57:41.870 [pool-2-thread-10] DEBUG org.apache.http.impl.execchain.MainClientExec -- Connection can be kept alive for 5000 MILLISECONDS
22:57:41.870 [pool-2-thread-10] DEBUG org.apache.http.impl.conn.PoolingHttpClientConnectionManager -- Connection [id: 63][route: {}->http://localhost:3000] can be kept alive for 5.0 seconds
22:57:41.870 [pool-2-thread-10] DEBUG org.apache.http.impl.conn.DefaultManagedHttpClientConnection -- http-outgoing-81: set socket timeout to 0
22:57:41.870 [pool-2-thread-10] DEBUG org.apache.http.impl.conn.PoolingHttpClientConnectionManager -- Connection released: [id: 63][route: {}->http://localhost:3000][total available: 1; route allocated: 1 of 5; total allocated: 1 of 10]
22:57:41.870 [pool-2-thread-10] DEBUG org.apache.http.impl.conn.PoolingHttpClientConnectionManager -- Connection manager is shutting down
22:57:41.870 [pool-2-thread-10] DEBUG org.apache.http.impl.conn.DefaultManagedHttpClientConnection -- http-outgoing-81: Close connection
22:57:41.870 [pool-2-thread-10] DEBUG org.apache.http.impl.conn.PoolingHttpClientConnectionManager -- Connection manager shut down
22:57:41.870 [pool-2-thread-10] DEBUG com.intuit.karate -- response time in milliseconds: 12651
1 < 200
1 < X-Powered-By: Express
1 < Access-Control-Allow-Origin: *
1 < Content-Type: application/json; charset=utf-8
1 < Content-Length: 605
1 < ETag: W/"25d-GEsnxP0OvD1pj+AmtBC6a1Kf+Jw"
1 < Date: Sun, 22 Jun 2025 15:57:41 GMT
1 < Connection: keep-alive
1 < Keep-Alive: timeout=5
{"access_token":"eyJhbGciOiJIUzI1NiIsInR5cCI6IkpXVCJ9.eyJzdWIiOiIwYTM3ZWY0My1mZWU4LTQxZDMtYTY4Ni04YWIwODY5NDg2OTUiLCJ1c2VybmFtZSI6ImpvaG5kb2UyMSIsInJvbGUiOjAsImlhdCI6MTc1MDYwNzg2MCwiZXhwIjoxNzUwNjExNDYwfQ.d52B8F8El-7p9CUmpltyEoUAZpYXO6y4jyUR3FTuUpc","refresh_token":"83e48354aa3ccf18c157d30fab9ae92524314968210819bbd61737475ad8def6","user":{"id":"0a37ef43-fee8-41d3-a686-8ab086948695","email":"testit2@gmail.com","username":"johndoe21","name":"John Doe","phoneNumber":"0123456712","profilePic":null,"bio":null,"private":false,"verified":false,"role":0,"followersCount":0,"followingCount":0,"postCount":0}}

22:57:41.871 [pool-2-thread-10] INFO com.intuit.karate -- [print] Concurrent call completed, status: 200 
22:57:41.924 [pool-2-thread-6] DEBUG org.apache.http.wire -- http-outgoing-45 << "HTTP/1.1 200 OK[\r][\n]"
22:57:41.924 [pool-2-thread-6] DEBUG org.apache.http.wire -- http-outgoing-45 << "X-Powered-By: Express[\r][\n]"
22:57:41.924 [pool-2-thread-6] DEBUG org.apache.http.wire -- http-outgoing-45 << "Access-Control-Allow-Origin: *[\r][\n]"
22:57:41.924 [pool-2-thread-6] DEBUG org.apache.http.wire -- http-outgoing-45 << "Content-Type: application/json; charset=utf-8[\r][\n]"
22:57:41.924 [pool-2-thread-6] DEBUG org.apache.http.wire -- http-outgoing-45 << "Content-Length: 607[\r][\n]"
22:57:41.924 [pool-2-thread-6] DEBUG org.apache.http.wire -- http-outgoing-45 << "ETag: W/"25f-Dt6h4e9zouiFo69rcAgki/O6TYM"[\r][\n]"
22:57:41.924 [pool-2-thread-6] DEBUG org.apache.http.wire -- http-outgoing-45 << "Date: Sun, 22 Jun 2025 15:57:41 GMT[\r][\n]"
22:57:41.924 [pool-2-thread-6] DEBUG org.apache.http.wire -- http-outgoing-45 << "Connection: keep-alive[\r][\n]"
22:57:41.924 [pool-2-thread-6] DEBUG org.apache.http.wire -- http-outgoing-45 << "Keep-Alive: timeout=5[\r][\n]"
22:57:41.924 [pool-2-thread-6] DEBUG org.apache.http.wire -- http-outgoing-45 << "[\r][\n]"
22:57:41.924 [pool-2-thread-6] DEBUG org.apache.http.wire -- http-outgoing-45 << "{"access_token":"eyJhbGciOiJIUzI1NiIsInR5cCI6IkpXVCJ9.eyJzdWIiOiI5YTI2OTc2Yy0xNTMyLTRkZjMtYTE2ZS03NjMxNTI1Yzg1MDIiLCJ1c2VybmFtZSI6ImpvaG5kb2UyZDUiLCJyb2xlIjowLCJpYXQiOjE3NTA2MDc4NjAsImV4cCI6MTc1MDYxMTQ2MH0.NGVv7NwT3be5ApJJzSpAmWiQRt8RRsdjT1S8wRG0pb0","refresh_token":"4f56277a0a5b6c7e0b37d43ee3e8dd6193375dc405955b37986d9513af582307","user":{"id":"9a26976c-1532-4df3-a16e-7631525c8502","email":"testit4@gmail.com","username":"johndoe2d5","name":"John Doe","phoneNumber":"0123456212","profilePic":null,"bio":null,"private":false,"verified":false,"role":0,"followersCount":0,"followingCount":0,"postCount":0}}"
22:57:41.924 [pool-2-thread-6] DEBUG org.apache.http.headers -- http-outgoing-45 << HTTP/1.1 200 OK
22:57:41.924 [pool-2-thread-6] DEBUG org.apache.http.headers -- http-outgoing-45 << X-Powered-By: Express
22:57:41.924 [pool-2-thread-6] DEBUG org.apache.http.headers -- http-outgoing-45 << Access-Control-Allow-Origin: *
22:57:41.924 [pool-2-thread-6] DEBUG org.apache.http.headers -- http-outgoing-45 << Content-Type: application/json; charset=utf-8
22:57:41.924 [pool-2-thread-6] DEBUG org.apache.http.headers -- http-outgoing-45 << Content-Length: 607
22:57:41.924 [pool-2-thread-6] DEBUG org.apache.http.headers -- http-outgoing-45 << ETag: W/"25f-Dt6h4e9zouiFo69rcAgki/O6TYM"
22:57:41.924 [pool-2-thread-6] DEBUG org.apache.http.headers -- http-outgoing-45 << Date: Sun, 22 Jun 2025 15:57:41 GMT
22:57:41.924 [pool-2-thread-6] DEBUG org.apache.http.headers -- http-outgoing-45 << Connection: keep-alive
22:57:41.924 [pool-2-thread-6] DEBUG org.apache.http.headers -- http-outgoing-45 << Keep-Alive: timeout=5
22:57:41.924 [pool-2-thread-6] DEBUG org.apache.http.impl.execchain.MainClientExec -- Connection can be kept alive for 5000 MILLISECONDS
22:57:41.924 [pool-2-thread-6] DEBUG org.apache.http.impl.conn.PoolingHttpClientConnectionManager -- Connection [id: 39][route: {}->http://localhost:3000] can be kept alive for 5.0 seconds
22:57:41.924 [pool-2-thread-6] DEBUG org.apache.http.impl.conn.DefaultManagedHttpClientConnection -- http-outgoing-45: set socket timeout to 0
22:57:41.924 [pool-2-thread-6] DEBUG org.apache.http.impl.conn.PoolingHttpClientConnectionManager -- Connection released: [id: 39][route: {}->http://localhost:3000][total available: 1; route allocated: 1 of 5; total allocated: 1 of 10]
22:57:41.924 [pool-2-thread-6] DEBUG org.apache.http.impl.conn.PoolingHttpClientConnectionManager -- Connection manager is shutting down
22:57:41.924 [pool-2-thread-6] DEBUG org.apache.http.impl.conn.DefaultManagedHttpClientConnection -- http-outgoing-45: Close connection
22:57:41.924 [pool-2-thread-6] DEBUG org.apache.http.impl.conn.PoolingHttpClientConnectionManager -- Connection manager shut down
22:57:41.925 [pool-2-thread-6] DEBUG com.intuit.karate -- response time in milliseconds: 12720
1 < 200
1 < X-Powered-By: Express
1 < Access-Control-Allow-Origin: *
1 < Content-Type: application/json; charset=utf-8
1 < Content-Length: 607
1 < ETag: W/"25f-Dt6h4e9zouiFo69rcAgki/O6TYM"
1 < Date: Sun, 22 Jun 2025 15:57:41 GMT
1 < Connection: keep-alive
1 < Keep-Alive: timeout=5
{"access_token":"eyJhbGciOiJIUzI1NiIsInR5cCI6IkpXVCJ9.eyJzdWIiOiI5YTI2OTc2Yy0xNTMyLTRkZjMtYTE2ZS03NjMxNTI1Yzg1MDIiLCJ1c2VybmFtZSI6ImpvaG5kb2UyZDUiLCJyb2xlIjowLCJpYXQiOjE3NTA2MDc4NjAsImV4cCI6MTc1MDYxMTQ2MH0.NGVv7NwT3be5ApJJzSpAmWiQRt8RRsdjT1S8wRG0pb0","refresh_token":"4f56277a0a5b6c7e0b37d43ee3e8dd6193375dc405955b37986d9513af582307","user":{"id":"9a26976c-1532-4df3-a16e-7631525c8502","email":"testit4@gmail.com","username":"johndoe2d5","name":"John Doe","phoneNumber":"0123456212","profilePic":null,"bio":null,"private":false,"verified":false,"role":0,"followersCount":0,"followingCount":0,"postCount":0}}

22:57:41.926 [pool-2-thread-6] INFO com.intuit.karate -- [print] Concurrent call completed, status: 200 
22:57:42.663 [pool-2-thread-33] DEBUG org.apache.http.wire -- http-outgoing-65 << "HTTP/1.1 200 OK[\r][\n]"
22:57:42.663 [pool-2-thread-33] DEBUG org.apache.http.wire -- http-outgoing-65 << "X-Powered-By: Express[\r][\n]"
22:57:42.663 [pool-2-thread-33] DEBUG org.apache.http.wire -- http-outgoing-65 << "Access-Control-Allow-Origin: *[\r][\n]"
22:57:42.663 [pool-2-thread-33] DEBUG org.apache.http.wire -- http-outgoing-65 << "Content-Type: application/json; charset=utf-8[\r][\n]"
22:57:42.663 [pool-2-thread-33] DEBUG org.apache.http.wire -- http-outgoing-65 << "Content-Length: 599[\r][\n]"
22:57:42.663 [pool-2-thread-33] DEBUG org.apache.http.wire -- http-outgoing-65 << "ETag: W/"257-+T7sRTAxZZGAxrmCb4ULI6y6x9M"[\r][\n]"
22:57:42.663 [pool-2-thread-33] DEBUG org.apache.http.wire -- http-outgoing-65 << "Date: Sun, 22 Jun 2025 15:57:42 GMT[\r][\n]"
22:57:42.663 [pool-2-thread-33] DEBUG org.apache.http.wire -- http-outgoing-65 << "Connection: keep-alive[\r][\n]"
22:57:42.663 [pool-2-thread-33] DEBUG org.apache.http.wire -- http-outgoing-65 << "Keep-Alive: timeout=5[\r][\n]"
22:57:42.663 [pool-2-thread-33] DEBUG org.apache.http.wire -- http-outgoing-65 << "[\r][\n]"
22:57:42.663 [pool-2-thread-33] DEBUG org.apache.http.wire -- http-outgoing-65 << "{"access_token":"eyJhbGciOiJIUzI1NiIsInR5cCI6IkpXVCJ9.eyJzdWIiOiIyZGRhMDQzOS01MTgwLTQ1YWEtOTE3Zi1lNjMyZTQ1YThlNDEiLCJ1c2VybmFtZSI6ImpvaG5kb2UiLCJyb2xlIjowLCJpYXQiOjE3NTA2MDc4NjAsImV4cCI6MTc1MDYxMTQ2MH0.OcLh-Hr3HX6vHECAyece_T3QXaLmpQrKspYmk1TGu3k","refresh_token":"976d649a40e0a2ecba91c78cb1bd1e5a5d91818c4553b821a3ee0beed869f225","user":{"id":"2dda0439-5180-45aa-917f-e632e45a8e41","email":"test@example.com","username":"johndoe","name":"John Doe","phoneNumber":"0987654321","profilePic":null,"bio":null,"private":false,"verified":false,"role":0,"followersCount":0,"followingCount":0,"postCount":0}}"
22:57:42.663 [pool-2-thread-33] DEBUG org.apache.http.headers -- http-outgoing-65 << HTTP/1.1 200 OK
22:57:42.663 [pool-2-thread-33] DEBUG org.apache.http.headers -- http-outgoing-65 << X-Powered-By: Express
22:57:42.663 [pool-2-thread-33] DEBUG org.apache.http.headers -- http-outgoing-65 << Access-Control-Allow-Origin: *
22:57:42.663 [pool-2-thread-33] DEBUG org.apache.http.headers -- http-outgoing-65 << Content-Type: application/json; charset=utf-8
22:57:42.663 [pool-2-thread-33] DEBUG org.apache.http.headers -- http-outgoing-65 << Content-Length: 599
22:57:42.663 [pool-2-thread-33] DEBUG org.apache.http.headers -- http-outgoing-65 << ETag: W/"257-+T7sRTAxZZGAxrmCb4ULI6y6x9M"
22:57:42.663 [pool-2-thread-33] DEBUG org.apache.http.headers -- http-outgoing-65 << Date: Sun, 22 Jun 2025 15:57:42 GMT
22:57:42.663 [pool-2-thread-33] DEBUG org.apache.http.headers -- http-outgoing-65 << Connection: keep-alive
22:57:42.663 [pool-2-thread-33] DEBUG org.apache.http.headers -- http-outgoing-65 << Keep-Alive: timeout=5
22:57:42.665 [pool-2-thread-33] DEBUG org.apache.http.impl.execchain.MainClientExec -- Connection can be kept alive for 5000 MILLISECONDS
22:57:42.665 [pool-2-thread-33] DEBUG org.apache.http.impl.conn.PoolingHttpClientConnectionManager -- Connection [id: 15][route: {}->http://localhost:3000] can be kept alive for 5.0 seconds
22:57:42.665 [pool-2-thread-33] DEBUG org.apache.http.impl.conn.DefaultManagedHttpClientConnection -- http-outgoing-65: set socket timeout to 0
22:57:42.665 [pool-2-thread-33] DEBUG org.apache.http.impl.conn.PoolingHttpClientConnectionManager -- Connection released: [id: 15][route: {}->http://localhost:3000][total available: 1; route allocated: 1 of 5; total allocated: 1 of 10]
22:57:42.665 [pool-2-thread-33] DEBUG org.apache.http.impl.conn.PoolingHttpClientConnectionManager -- Connection manager is shutting down
22:57:42.665 [pool-2-thread-33] DEBUG org.apache.http.impl.conn.DefaultManagedHttpClientConnection -- http-outgoing-65: Close connection
22:57:42.665 [pool-2-thread-33] DEBUG org.apache.http.impl.conn.PoolingHttpClientConnectionManager -- Connection manager shut down
22:57:42.665 [pool-2-thread-33] DEBUG com.intuit.karate -- response time in milliseconds: 13458
1 < 200
1 < X-Powered-By: Express
1 < Access-Control-Allow-Origin: *
1 < Content-Type: application/json; charset=utf-8
1 < Content-Length: 599
1 < ETag: W/"257-+T7sRTAxZZGAxrmCb4ULI6y6x9M"
1 < Date: Sun, 22 Jun 2025 15:57:42 GMT
1 < Connection: keep-alive
1 < Keep-Alive: timeout=5
{"access_token":"eyJhbGciOiJIUzI1NiIsInR5cCI6IkpXVCJ9.eyJzdWIiOiIyZGRhMDQzOS01MTgwLTQ1YWEtOTE3Zi1lNjMyZTQ1YThlNDEiLCJ1c2VybmFtZSI6ImpvaG5kb2UiLCJyb2xlIjowLCJpYXQiOjE3NTA2MDc4NjAsImV4cCI6MTc1MDYxMTQ2MH0.OcLh-Hr3HX6vHECAyece_T3QXaLmpQrKspYmk1TGu3k","refresh_token":"976d649a40e0a2ecba91c78cb1bd1e5a5d91818c4553b821a3ee0beed869f225","user":{"id":"2dda0439-5180-45aa-917f-e632e45a8e41","email":"test@example.com","username":"johndoe","name":"John Doe","phoneNumber":"0987654321","profilePic":null,"bio":null,"private":false,"verified":false,"role":0,"followersCount":0,"followingCount":0,"postCount":0}}

22:57:42.666 [pool-2-thread-33] INFO com.intuit.karate -- [print] Concurrent call completed, status: 200 
22:57:42.666 [pool-2-thread-57] DEBUG org.apache.http.wire -- http-outgoing-64 << "HTTP/1.1 200 OK[\r][\n]"
22:57:42.666 [pool-2-thread-57] DEBUG org.apache.http.wire -- http-outgoing-64 << "X-Powered-By: Express[\r][\n]"
22:57:42.666 [pool-2-thread-57] DEBUG org.apache.http.wire -- http-outgoing-64 << "Access-Control-Allow-Origin: *[\r][\n]"
22:57:42.666 [pool-2-thread-57] DEBUG org.apache.http.wire -- http-outgoing-64 << "Content-Type: application/json; charset=utf-8[\r][\n]"
22:57:42.666 [pool-2-thread-57] DEBUG org.apache.http.wire -- http-outgoing-64 << "Content-Length: 605[\r][\n]"
22:57:42.666 [pool-2-thread-57] DEBUG org.apache.http.wire -- http-outgoing-64 << "ETag: W/"25d-i+thcsvo2afjuVleyBRjlgQOiqg"[\r][\n]"
22:57:42.666 [pool-2-thread-57] DEBUG org.apache.http.wire -- http-outgoing-64 << "Date: Sun, 22 Jun 2025 15:57:42 GMT[\r][\n]"
22:57:42.666 [pool-2-thread-57] DEBUG org.apache.http.wire -- http-outgoing-64 << "Connection: keep-alive[\r][\n]"
22:57:42.666 [pool-2-thread-57] DEBUG org.apache.http.wire -- http-outgoing-64 << "Keep-Alive: timeout=5[\r][\n]"
22:57:42.666 [pool-2-thread-57] DEBUG org.apache.http.wire -- http-outgoing-64 << "[\r][\n]"
22:57:42.666 [pool-2-thread-57] DEBUG org.apache.http.wire -- http-outgoing-64 << "{"access_token":"eyJhbGciOiJIUzI1NiIsInR5cCI6IkpXVCJ9.eyJzdWIiOiI2NTBjZTFlZC1hYWNhLTQzOGYtOTk4OC0xZjA1OGFiNWFhMWEiLCJ1c2VybmFtZSI6ImpvaG5kb2UyNSIsInJvbGUiOjAsImlhdCI6MTc1MDYwNzg2MCwiZXhwIjoxNzUwNjExNDYwfQ.y_h8qmZC9ihIW5Pl_3agalyEA85QTr--0rGUbjThi3A","refresh_token":"8893b7c12ae18c836796503594d1c85f018c71d2357b93b87d188285183940d7","user":{"id":"650ce1ed-aaca-438f-9988-1f058ab5aa1a","email":"testit3@gmail.com","username":"johndoe25","name":"John Doe","phoneNumber":"0123456713","profilePic":null,"bio":null,"private":false,"verified":false,"role":0,"followersCount":0,"followingCount":0,"postCount":0}}"
22:57:42.667 [pool-2-thread-57] DEBUG org.apache.http.headers -- http-outgoing-64 << HTTP/1.1 200 OK
22:57:42.667 [pool-2-thread-57] DEBUG org.apache.http.headers -- http-outgoing-64 << X-Powered-By: Express
22:57:42.667 [pool-2-thread-57] DEBUG org.apache.http.headers -- http-outgoing-64 << Access-Control-Allow-Origin: *
22:57:42.667 [pool-2-thread-57] DEBUG org.apache.http.headers -- http-outgoing-64 << Content-Type: application/json; charset=utf-8
22:57:42.667 [pool-2-thread-57] DEBUG org.apache.http.headers -- http-outgoing-64 << Content-Length: 605
22:57:42.667 [pool-2-thread-57] DEBUG org.apache.http.headers -- http-outgoing-64 << ETag: W/"25d-i+thcsvo2afjuVleyBRjlgQOiqg"
22:57:42.667 [pool-2-thread-57] DEBUG org.apache.http.headers -- http-outgoing-64 << Date: Sun, 22 Jun 2025 15:57:42 GMT
22:57:42.667 [pool-2-thread-57] DEBUG org.apache.http.headers -- http-outgoing-64 << Connection: keep-alive
22:57:42.667 [pool-2-thread-57] DEBUG org.apache.http.headers -- http-outgoing-64 << Keep-Alive: timeout=5
22:57:42.667 [pool-2-thread-57] DEBUG org.apache.http.impl.execchain.MainClientExec -- Connection can be kept alive for 5000 MILLISECONDS
22:57:42.667 [pool-2-thread-57] DEBUG org.apache.http.impl.conn.PoolingHttpClientConnectionManager -- Connection [id: 72][route: {}->http://localhost:3000] can be kept alive for 5.0 seconds
22:57:42.667 [pool-2-thread-57] DEBUG org.apache.http.impl.conn.DefaultManagedHttpClientConnection -- http-outgoing-64: set socket timeout to 0
22:57:42.667 [pool-2-thread-57] DEBUG org.apache.http.impl.conn.PoolingHttpClientConnectionManager -- Connection released: [id: 72][route: {}->http://localhost:3000][total available: 1; route allocated: 1 of 5; total allocated: 1 of 10]
22:57:42.667 [pool-2-thread-57] DEBUG org.apache.http.impl.conn.PoolingHttpClientConnectionManager -- Connection manager is shutting down
22:57:42.667 [pool-2-thread-57] DEBUG org.apache.http.impl.conn.DefaultManagedHttpClientConnection -- http-outgoing-64: Close connection
22:57:42.667 [pool-2-thread-57] DEBUG org.apache.http.impl.conn.PoolingHttpClientConnectionManager -- Connection manager shut down
22:57:42.667 [pool-2-thread-57] DEBUG com.intuit.karate -- response time in milliseconds: 13460
1 < 200
1 < X-Powered-By: Express
1 < Access-Control-Allow-Origin: *
1 < Content-Type: application/json; charset=utf-8
1 < Content-Length: 605
1 < ETag: W/"25d-i+thcsvo2afjuVleyBRjlgQOiqg"
1 < Date: Sun, 22 Jun 2025 15:57:42 GMT
1 < Connection: keep-alive
1 < Keep-Alive: timeout=5
{"access_token":"eyJhbGciOiJIUzI1NiIsInR5cCI6IkpXVCJ9.eyJzdWIiOiI2NTBjZTFlZC1hYWNhLTQzOGYtOTk4OC0xZjA1OGFiNWFhMWEiLCJ1c2VybmFtZSI6ImpvaG5kb2UyNSIsInJvbGUiOjAsImlhdCI6MTc1MDYwNzg2MCwiZXhwIjoxNzUwNjExNDYwfQ.y_h8qmZC9ihIW5Pl_3agalyEA85QTr--0rGUbjThi3A","refresh_token":"8893b7c12ae18c836796503594d1c85f018c71d2357b93b87d188285183940d7","user":{"id":"650ce1ed-aaca-438f-9988-1f058ab5aa1a","email":"testit3@gmail.com","username":"johndoe25","name":"John Doe","phoneNumber":"0123456713","profilePic":null,"bio":null,"private":false,"verified":false,"role":0,"followersCount":0,"followingCount":0,"postCount":0}}

22:57:42.668 [pool-2-thread-57] INFO com.intuit.karate -- [print] Concurrent call completed, status: 200 
22:57:42.786 [pool-2-thread-28] DEBUG org.apache.http.wire -- http-outgoing-7 << "HTTP/1.1 500 Internal Server Error[\r][\n]"
22:57:42.786 [pool-2-thread-28] DEBUG org.apache.http.wire -- http-outgoing-7 << "X-Powered-By: Express[\r][\n]"
22:57:42.786 [pool-2-thread-28] DEBUG org.apache.http.wire -- http-outgoing-7 << "Access-Control-Allow-Origin: *[\r][\n]"
22:57:42.786 [pool-2-thread-28] DEBUG org.apache.http.wire -- http-outgoing-7 << "Content-Type: application/json; charset=utf-8[\r][\n]"
22:57:42.788 [pool-2-thread-28] DEBUG org.apache.http.wire -- http-outgoing-7 << "Content-Length: 510[\r][\n]"
22:57:42.788 [pool-2-thread-28] DEBUG org.apache.http.wire -- http-outgoing-7 << "ETag: W/"1fe-nz6PsUcLNFhfJ6QW4CSeMMhXc2E"[\r][\n]"
22:57:42.788 [pool-2-thread-28] DEBUG org.apache.http.wire -- http-outgoing-7 << "Date: Sun, 22 Jun 2025 15:57:42 GMT[\r][\n]"
22:57:42.788 [pool-2-thread-28] DEBUG org.apache.http.wire -- http-outgoing-7 << "Connection: keep-alive[\r][\n]"
22:57:42.788 [pool-2-thread-28] DEBUG org.apache.http.wire -- http-outgoing-7 << "Keep-Alive: timeout=5[\r][\n]"
22:57:42.788 [pool-2-thread-28] DEBUG org.apache.http.wire -- http-outgoing-7 << "[\r][\n]"
22:57:42.788 [pool-2-thread-28] DEBUG org.apache.http.wire -- http-outgoing-7 << "{"success":false,"statusCode":500,"message":"\nInvalid `this.prisma.user.update()` invocation in\nD:\\Documents\\Workspace\\react_native\\roamly_backend\\src\\modules\\auth\\auth.service.ts:119:28\n\n  116 const refreshToken = crypto.randomBytes(32).toString('hex');\n  117 \n  118 // Update user with new refresh token\n[0xe2][0x86][0x92] 119 await this.prisma.user.update(\nTransaction failed due to a write conflict or a deadlock. Please retry your transaction","path":"/auth/login","timestamp":"2025-06-22T15:57:42.787Z"}"
22:57:42.788 [pool-2-thread-28] DEBUG org.apache.http.headers -- http-outgoing-7 << HTTP/1.1 500 Internal Server Error
22:57:42.788 [pool-2-thread-28] DEBUG org.apache.http.headers -- http-outgoing-7 << X-Powered-By: Express
22:57:42.788 [pool-2-thread-28] DEBUG org.apache.http.headers -- http-outgoing-7 << Access-Control-Allow-Origin: *
22:57:42.788 [pool-2-thread-28] DEBUG org.apache.http.headers -- http-outgoing-7 << Content-Type: application/json; charset=utf-8
22:57:42.788 [pool-2-thread-28] DEBUG org.apache.http.headers -- http-outgoing-7 << Content-Length: 510
22:57:42.788 [pool-2-thread-28] DEBUG org.apache.http.headers -- http-outgoing-7 << ETag: W/"1fe-nz6PsUcLNFhfJ6QW4CSeMMhXc2E"
22:57:42.788 [pool-2-thread-28] DEBUG org.apache.http.headers -- http-outgoing-7 << Date: Sun, 22 Jun 2025 15:57:42 GMT
22:57:42.788 [pool-2-thread-28] DEBUG org.apache.http.headers -- http-outgoing-7 << Connection: keep-alive
22:57:42.788 [pool-2-thread-28] DEBUG org.apache.http.headers -- http-outgoing-7 << Keep-Alive: timeout=5
22:57:42.788 [pool-2-thread-28] DEBUG org.apache.http.impl.execchain.MainClientExec -- Connection can be kept alive for 5000 MILLISECONDS
22:57:42.788 [pool-2-thread-28] DEBUG org.apache.http.impl.conn.PoolingHttpClientConnectionManager -- Connection [id: 0][route: {}->http://localhost:3000] can be kept alive for 5.0 seconds
22:57:42.788 [pool-2-thread-28] DEBUG org.apache.http.impl.conn.DefaultManagedHttpClientConnection -- http-outgoing-7: set socket timeout to 0
22:57:42.788 [pool-2-thread-28] DEBUG org.apache.http.impl.conn.PoolingHttpClientConnectionManager -- Connection released: [id: 0][route: {}->http://localhost:3000][total available: 1; route allocated: 1 of 5; total allocated: 1 of 10]
22:57:42.788 [pool-2-thread-28] DEBUG org.apache.http.impl.conn.PoolingHttpClientConnectionManager -- Connection manager is shutting down
22:57:42.788 [pool-2-thread-28] DEBUG org.apache.http.impl.conn.DefaultManagedHttpClientConnection -- http-outgoing-7: Close connection
22:57:42.788 [pool-2-thread-28] DEBUG org.apache.http.impl.conn.PoolingHttpClientConnectionManager -- Connection manager shut down
22:57:42.789 [pool-2-thread-28] DEBUG com.intuit.karate -- response time in milliseconds: 13584
1 < 500
1 < X-Powered-By: Express
1 < Access-Control-Allow-Origin: *
1 < Content-Type: application/json; charset=utf-8
1 < Content-Length: 510
1 < ETag: W/"1fe-nz6PsUcLNFhfJ6QW4CSeMMhXc2E"
1 < Date: Sun, 22 Jun 2025 15:57:42 GMT
1 < Connection: keep-alive
1 < Keep-Alive: timeout=5
{"success":false,"statusCode":500,"message":"\nInvalid `this.prisma.user.update()` invocation in\nD:\\Documents\\Workspace\\react_native\\roamly_backend\\src\\modules\\auth\\auth.service.ts:119:28\n\n  116 const refreshToken = crypto.randomBytes(32).toString('hex');\n  117 \n  118 // Update user with new refresh token\n? 119 await this.prisma.user.update(\nTransaction failed due to a write conflict or a deadlock. Please retry your transaction","path":"/auth/login","timestamp":"2025-06-22T15:57:42.787Z"}

22:57:42.797 [pool-2-thread-28] ERROR com.intuit.karate -- classpath:features/performance/login-performance-concurrent.feature:13
Then status 200
status code was: 500, expected: 200, response time in milliseconds: 13584, url: http://localhost:3000/auth/login, response: 
{"success":false,"statusCode":500,"message":"\nInvalid `this.prisma.user.update()` invocation in\nD:\\Documents\\Workspace\\react_native\\roamly_backend\\src\\modules\\auth\\auth.service.ts:119:28\n\n  116 const refreshToken = crypto.randomBytes(32).toString('hex');\n  117 \n  118 // Update user with new refresh token\n? 119 await this.prisma.user.update(\nTransaction failed due to a write conflict or a deadlock. Please retry your transaction","path":"/auth/login","timestamp":"2025-06-22T15:57:42.787Z"}
classpath:features/performance/login-performance-concurrent.feature:13
22:57:42.816 [pool-2-thread-63] DEBUG org.apache.http.wire -- http-outgoing-91 << "HTTP/1.1 500 Internal Server Error[\r][\n]"
22:57:42.816 [pool-2-thread-63] DEBUG org.apache.http.wire -- http-outgoing-91 << "X-Powered-By: Express[\r][\n]"
22:57:42.816 [pool-2-thread-63] DEBUG org.apache.http.wire -- http-outgoing-91 << "Access-Control-Allow-Origin: *[\r][\n]"
22:57:42.816 [pool-2-thread-63] DEBUG org.apache.http.wire -- http-outgoing-91 << "Content-Type: application/json; charset=utf-8[\r][\n]"
22:57:42.816 [pool-2-thread-63] DEBUG org.apache.http.wire -- http-outgoing-91 << "Content-Length: 510[\r][\n]"
22:57:42.816 [pool-2-thread-63] DEBUG org.apache.http.wire -- http-outgoing-91 << "ETag: W/"1fe-hqykzd3AyWKGK5TZHaUp3syiB4g"[\r][\n]"
22:57:42.816 [pool-2-thread-63] DEBUG org.apache.http.wire -- http-outgoing-91 << "Date: Sun, 22 Jun 2025 15:57:42 GMT[\r][\n]"
22:57:42.816 [pool-2-thread-63] DEBUG org.apache.http.wire -- http-outgoing-91 << "Connection: keep-alive[\r][\n]"
22:57:42.816 [pool-2-thread-63] DEBUG org.apache.http.wire -- http-outgoing-91 << "Keep-Alive: timeout=5[\r][\n]"
22:57:42.816 [pool-2-thread-63] DEBUG org.apache.http.wire -- http-outgoing-91 << "[\r][\n]"
22:57:42.817 [pool-2-thread-63] DEBUG org.apache.http.wire -- http-outgoing-91 << "{"success":false,"statusCode":500,"message":"\nInvalid `this.prisma.user.update()` invocation in\nD:\\Documents\\Workspace\\react_native\\roamly_backend\\src\\modules\\auth\\auth.service.ts:119:28\n\n  116 const refreshToken = crypto.randomBytes(32).toString('hex');\n  117 \n  118 // Update user with new refresh token\n[0xe2][0x86][0x92] 119 await this.prisma.user.update(\nTransaction failed due to a write conflict or a deadlock. Please retry your transaction","path":"/auth/login","timestamp":"2025-06-22T15:57:42.816Z"}"
22:57:42.817 [pool-2-thread-63] DEBUG org.apache.http.headers -- http-outgoing-91 << HTTP/1.1 500 Internal Server Error
22:57:42.817 [pool-2-thread-63] DEBUG org.apache.http.headers -- http-outgoing-91 << X-Powered-By: Express
22:57:42.817 [pool-2-thread-63] DEBUG org.apache.http.headers -- http-outgoing-91 << Access-Control-Allow-Origin: *
22:57:42.817 [pool-2-thread-63] DEBUG org.apache.http.headers -- http-outgoing-91 << Content-Type: application/json; charset=utf-8
22:57:42.817 [pool-2-thread-63] DEBUG org.apache.http.headers -- http-outgoing-91 << Content-Length: 510
22:57:42.817 [pool-2-thread-63] DEBUG org.apache.http.headers -- http-outgoing-91 << ETag: W/"1fe-hqykzd3AyWKGK5TZHaUp3syiB4g"
22:57:42.817 [pool-2-thread-63] DEBUG org.apache.http.headers -- http-outgoing-91 << Date: Sun, 22 Jun 2025 15:57:42 GMT
22:57:42.817 [pool-2-thread-63] DEBUG org.apache.http.headers -- http-outgoing-91 << Connection: keep-alive
22:57:42.817 [pool-2-thread-63] DEBUG org.apache.http.headers -- http-outgoing-91 << Keep-Alive: timeout=5
22:57:42.817 [pool-2-thread-63] DEBUG org.apache.http.impl.execchain.MainClientExec -- Connection can be kept alive for 5000 MILLISECONDS
22:57:42.817 [pool-2-thread-63] DEBUG org.apache.http.impl.conn.PoolingHttpClientConnectionManager -- Connection [id: 97][route: {}->http://localhost:3000] can be kept alive for 5.0 seconds
22:57:42.817 [pool-2-thread-63] DEBUG org.apache.http.impl.conn.DefaultManagedHttpClientConnection -- http-outgoing-91: set socket timeout to 0
22:57:42.817 [pool-2-thread-63] DEBUG org.apache.http.impl.conn.PoolingHttpClientConnectionManager -- Connection released: [id: 97][route: {}->http://localhost:3000][total available: 1; route allocated: 1 of 5; total allocated: 1 of 10]
22:57:42.817 [pool-2-thread-63] DEBUG org.apache.http.impl.conn.PoolingHttpClientConnectionManager -- Connection manager is shutting down
22:57:42.817 [pool-2-thread-63] DEBUG org.apache.http.impl.conn.DefaultManagedHttpClientConnection -- http-outgoing-91: Close connection
22:57:42.817 [pool-2-thread-63] DEBUG org.apache.http.impl.conn.PoolingHttpClientConnectionManager -- Connection manager shut down
22:57:42.817 [pool-2-thread-63] DEBUG com.intuit.karate -- response time in milliseconds: 13598
1 < 500
1 < X-Powered-By: Express
1 < Access-Control-Allow-Origin: *
1 < Content-Type: application/json; charset=utf-8
1 < Content-Length: 510
1 < ETag: W/"1fe-hqykzd3AyWKGK5TZHaUp3syiB4g"
1 < Date: Sun, 22 Jun 2025 15:57:42 GMT
1 < Connection: keep-alive
1 < Keep-Alive: timeout=5
{"success":false,"statusCode":500,"message":"\nInvalid `this.prisma.user.update()` invocation in\nD:\\Documents\\Workspace\\react_native\\roamly_backend\\src\\modules\\auth\\auth.service.ts:119:28\n\n  116 const refreshToken = crypto.randomBytes(32).toString('hex');\n  117 \n  118 // Update user with new refresh token\n? 119 await this.prisma.user.update(\nTransaction failed due to a write conflict or a deadlock. Please retry your transaction","path":"/auth/login","timestamp":"2025-06-22T15:57:42.816Z"}

22:57:42.818 [pool-2-thread-13] DEBUG org.apache.http.wire -- http-outgoing-54 << "HTTP/1.1 500 Internal Server Error[\r][\n]"
22:57:42.818 [pool-2-thread-13] DEBUG org.apache.http.wire -- http-outgoing-54 << "X-Powered-By: Express[\r][\n]"
22:57:42.818 [pool-2-thread-13] DEBUG org.apache.http.wire -- http-outgoing-54 << "Access-Control-Allow-Origin: *[\r][\n]"
22:57:42.818 [pool-2-thread-13] DEBUG org.apache.http.wire -- http-outgoing-54 << "Content-Type: application/json; charset=utf-8[\r][\n]"
22:57:42.818 [pool-2-thread-13] DEBUG org.apache.http.wire -- http-outgoing-54 << "Content-Length: 510[\r][\n]"
22:57:42.818 [pool-2-thread-13] DEBUG org.apache.http.wire -- http-outgoing-54 << "ETag: W/"1fe-J6Ha6+qenHo0r2TXkpAh+LO4T+Q"[\r][\n]"
22:57:42.818 [pool-2-thread-13] DEBUG org.apache.http.wire -- http-outgoing-54 << "Date: Sun, 22 Jun 2025 15:57:42 GMT[\r][\n]"
22:57:42.818 [pool-2-thread-13] DEBUG org.apache.http.wire -- http-outgoing-54 << "Connection: keep-alive[\r][\n]"
22:57:42.818 [pool-2-thread-13] DEBUG org.apache.http.wire -- http-outgoing-54 << "Keep-Alive: timeout=5[\r][\n]"
22:57:42.818 [pool-2-thread-13] DEBUG org.apache.http.wire -- http-outgoing-54 << "[\r][\n]"
22:57:42.818 [pool-2-thread-13] DEBUG org.apache.http.wire -- http-outgoing-54 << "{"success":false,"statusCode":500,"message":"\nInvalid `this.prisma.user.update()` invocation in\nD:\\Documents\\Workspace\\react_native\\roamly_backend\\src\\modules\\auth\\auth.service.ts:119:28\n\n  116 const refreshToken = crypto.randomBytes(32).toString('hex');\n  117 \n  118 // Update user with new refresh token\n[0xe2][0x86][0x92] 119 await this.prisma.user.update(\nTransaction failed due to a write conflict or a deadlock. Please retry your transaction","path":"/auth/login","timestamp":"2025-06-22T15:57:42.817Z"}"
22:57:42.818 [pool-2-thread-13] DEBUG org.apache.http.headers -- http-outgoing-54 << HTTP/1.1 500 Internal Server Error
22:57:42.818 [pool-2-thread-13] DEBUG org.apache.http.headers -- http-outgoing-54 << X-Powered-By: Express
22:57:42.818 [pool-2-thread-13] DEBUG org.apache.http.headers -- http-outgoing-54 << Access-Control-Allow-Origin: *
22:57:42.818 [pool-2-thread-13] DEBUG org.apache.http.headers -- http-outgoing-54 << Content-Type: application/json; charset=utf-8
22:57:42.818 [pool-2-thread-13] DEBUG org.apache.http.headers -- http-outgoing-54 << Content-Length: 510
22:57:42.818 [pool-2-thread-13] DEBUG org.apache.http.headers -- http-outgoing-54 << ETag: W/"1fe-J6Ha6+qenHo0r2TXkpAh+LO4T+Q"
22:57:42.818 [pool-2-thread-13] DEBUG org.apache.http.headers -- http-outgoing-54 << Date: Sun, 22 Jun 2025 15:57:42 GMT
22:57:42.818 [pool-2-thread-13] DEBUG org.apache.http.headers -- http-outgoing-54 << Connection: keep-alive
22:57:42.818 [pool-2-thread-13] DEBUG org.apache.http.headers -- http-outgoing-54 << Keep-Alive: timeout=5
22:57:42.818 [pool-2-thread-13] DEBUG org.apache.http.impl.execchain.MainClientExec -- Connection can be kept alive for 5000 MILLISECONDS
22:57:42.818 [pool-2-thread-13] DEBUG org.apache.http.impl.conn.PoolingHttpClientConnectionManager -- Connection [id: 53][route: {}->http://localhost:3000] can be kept alive for 5.0 seconds
22:57:42.818 [pool-2-thread-13] DEBUG org.apache.http.impl.conn.DefaultManagedHttpClientConnection -- http-outgoing-54: set socket timeout to 0
22:57:42.818 [pool-2-thread-13] DEBUG org.apache.http.impl.conn.PoolingHttpClientConnectionManager -- Connection released: [id: 53][route: {}->http://localhost:3000][total available: 1; route allocated: 1 of 5; total allocated: 1 of 10]
22:57:42.818 [pool-2-thread-13] DEBUG org.apache.http.impl.conn.PoolingHttpClientConnectionManager -- Connection manager is shutting down
22:57:42.818 [pool-2-thread-13] DEBUG org.apache.http.impl.conn.DefaultManagedHttpClientConnection -- http-outgoing-54: Close connection
22:57:42.818 [pool-2-thread-13] DEBUG org.apache.http.impl.conn.PoolingHttpClientConnectionManager -- Connection manager shut down
22:57:42.818 [pool-2-thread-63] ERROR com.intuit.karate -- classpath:features/performance/login-performance-concurrent.feature:13
Then status 200
status code was: 500, expected: 200, response time in milliseconds: 13598, url: http://localhost:3000/auth/login, response: 
{"success":false,"statusCode":500,"message":"\nInvalid `this.prisma.user.update()` invocation in\nD:\\Documents\\Workspace\\react_native\\roamly_backend\\src\\modules\\auth\\auth.service.ts:119:28\n\n  116 const refreshToken = crypto.randomBytes(32).toString('hex');\n  117 \n  118 // Update user with new refresh token\n? 119 await this.prisma.user.update(\nTransaction failed due to a write conflict or a deadlock. Please retry your transaction","path":"/auth/login","timestamp":"2025-06-22T15:57:42.816Z"}
classpath:features/performance/login-performance-concurrent.feature:13
22:57:42.819 [pool-2-thread-13] DEBUG com.intuit.karate -- response time in milliseconds: 13613
1 < 500
1 < X-Powered-By: Express
1 < Access-Control-Allow-Origin: *
1 < Content-Type: application/json; charset=utf-8
1 < Content-Length: 510
1 < ETag: W/"1fe-J6Ha6+qenHo0r2TXkpAh+LO4T+Q"
1 < Date: Sun, 22 Jun 2025 15:57:42 GMT
1 < Connection: keep-alive
1 < Keep-Alive: timeout=5
{"success":false,"statusCode":500,"message":"\nInvalid `this.prisma.user.update()` invocation in\nD:\\Documents\\Workspace\\react_native\\roamly_backend\\src\\modules\\auth\\auth.service.ts:119:28\n\n  116 const refreshToken = crypto.randomBytes(32).toString('hex');\n  117 \n  118 // Update user with new refresh token\n? 119 await this.prisma.user.update(\nTransaction failed due to a write conflict or a deadlock. Please retry your transaction","path":"/auth/login","timestamp":"2025-06-22T15:57:42.817Z"}

22:57:42.819 [pool-2-thread-97] DEBUG org.apache.http.wire -- http-outgoing-36 << "HTTP/1.1 500 Internal Server Error[\r][\n]"
22:57:42.819 [pool-2-thread-97] DEBUG org.apache.http.wire -- http-outgoing-36 << "X-Powered-By: Express[\r][\n]"
22:57:42.819 [pool-2-thread-97] DEBUG org.apache.http.wire -- http-outgoing-36 << "Access-Control-Allow-Origin: *[\r][\n]"
22:57:42.819 [pool-2-thread-97] DEBUG org.apache.http.wire -- http-outgoing-36 << "Content-Type: application/json; charset=utf-8[\r][\n]"
22:57:42.820 [pool-2-thread-97] DEBUG org.apache.http.wire -- http-outgoing-36 << "Content-Length: 510[\r][\n]"
22:57:42.820 [pool-2-thread-97] DEBUG org.apache.http.wire -- http-outgoing-36 << "ETag: W/"1fe-lsXTBf4rRcA/P8HVKrpf1Qwud/c"[\r][\n]"
22:57:42.820 [pool-2-thread-97] DEBUG org.apache.http.wire -- http-outgoing-36 << "Date: Sun, 22 Jun 2025 15:57:42 GMT[\r][\n]"
22:57:42.820 [pool-2-thread-97] DEBUG org.apache.http.wire -- http-outgoing-36 << "Connection: keep-alive[\r][\n]"
22:57:42.820 [pool-2-thread-97] DEBUG org.apache.http.wire -- http-outgoing-36 << "Keep-Alive: timeout=5[\r][\n]"
22:57:42.820 [pool-2-thread-97] DEBUG org.apache.http.wire -- http-outgoing-36 << "[\r][\n]"
22:57:42.820 [pool-2-thread-97] DEBUG org.apache.http.wire -- http-outgoing-36 << "{"success":false,"statusCode":500,"message":"\nInvalid `this.prisma.user.update()` invocation in\nD:\\Documents\\Workspace\\react_native\\roamly_backend\\src\\modules\\auth\\auth.service.ts:119:28\n\n  116 const refreshToken = crypto.randomBytes(32).toString('hex');\n  117 \n  118 // Update user with new refresh token\n[0xe2][0x86][0x92] 119 await this.prisma.user.update(\nTransaction failed due to a write conflict or a deadlock. Please retry your transaction","path":"/auth/login","timestamp":"2025-06-22T15:57:42.819Z"}"
22:57:42.820 [pool-2-thread-97] DEBUG org.apache.http.headers -- http-outgoing-36 << HTTP/1.1 500 Internal Server Error
22:57:42.820 [pool-2-thread-97] DEBUG org.apache.http.headers -- http-outgoing-36 << X-Powered-By: Express
22:57:42.820 [pool-2-thread-97] DEBUG org.apache.http.headers -- http-outgoing-36 << Access-Control-Allow-Origin: *
22:57:42.820 [pool-2-thread-97] DEBUG org.apache.http.headers -- http-outgoing-36 << Content-Type: application/json; charset=utf-8
22:57:42.820 [pool-2-thread-97] DEBUG org.apache.http.headers -- http-outgoing-36 << Content-Length: 510
22:57:42.820 [pool-2-thread-97] DEBUG org.apache.http.headers -- http-outgoing-36 << ETag: W/"1fe-lsXTBf4rRcA/P8HVKrpf1Qwud/c"
22:57:42.820 [pool-2-thread-97] DEBUG org.apache.http.headers -- http-outgoing-36 << Date: Sun, 22 Jun 2025 15:57:42 GMT
22:57:42.820 [pool-2-thread-97] DEBUG org.apache.http.headers -- http-outgoing-36 << Connection: keep-alive
22:57:42.820 [pool-2-thread-97] DEBUG org.apache.http.headers -- http-outgoing-36 << Keep-Alive: timeout=5
22:57:42.820 [pool-2-thread-13] ERROR com.intuit.karate -- classpath:features/performance/login-performance-concurrent.feature:13
Then status 200
status code was: 500, expected: 200, response time in milliseconds: 13613, url: http://localhost:3000/auth/login, response: 
{"success":false,"statusCode":500,"message":"\nInvalid `this.prisma.user.update()` invocation in\nD:\\Documents\\Workspace\\react_native\\roamly_backend\\src\\modules\\auth\\auth.service.ts:119:28\n\n  116 const refreshToken = crypto.randomBytes(32).toString('hex');\n  117 \n  118 // Update user with new refresh token\n? 119 await this.prisma.user.update(\nTransaction failed due to a write conflict or a deadlock. Please retry your transaction","path":"/auth/login","timestamp":"2025-06-22T15:57:42.817Z"}
classpath:features/performance/login-performance-concurrent.feature:13
22:57:42.820 [pool-2-thread-97] DEBUG org.apache.http.impl.execchain.MainClientExec -- Connection can be kept alive for 5000 MILLISECONDS
22:57:42.820 [pool-2-thread-97] DEBUG org.apache.http.impl.conn.PoolingHttpClientConnectionManager -- Connection [id: 36][route: {}->http://localhost:3000] can be kept alive for 5.0 seconds
22:57:42.820 [pool-2-thread-97] DEBUG org.apache.http.impl.conn.DefaultManagedHttpClientConnection -- http-outgoing-36: set socket timeout to 0
22:57:42.820 [pool-2-thread-97] DEBUG org.apache.http.impl.conn.PoolingHttpClientConnectionManager -- Connection released: [id: 36][route: {}->http://localhost:3000][total available: 1; route allocated: 1 of 5; total allocated: 1 of 10]
22:57:42.820 [pool-2-thread-97] DEBUG org.apache.http.impl.conn.PoolingHttpClientConnectionManager -- Connection manager is shutting down
22:57:42.820 [pool-2-thread-97] DEBUG org.apache.http.impl.conn.DefaultManagedHttpClientConnection -- http-outgoing-36: Close connection
22:57:42.820 [pool-2-thread-97] DEBUG org.apache.http.impl.conn.PoolingHttpClientConnectionManager -- Connection manager shut down
22:57:42.820 [pool-2-thread-97] DEBUG com.intuit.karate -- response time in milliseconds: 13615
1 < 500
1 < X-Powered-By: Express
1 < Access-Control-Allow-Origin: *
1 < Content-Type: application/json; charset=utf-8
1 < Content-Length: 510
1 < ETag: W/"1fe-lsXTBf4rRcA/P8HVKrpf1Qwud/c"
1 < Date: Sun, 22 Jun 2025 15:57:42 GMT
1 < Connection: keep-alive
1 < Keep-Alive: timeout=5
{"success":false,"statusCode":500,"message":"\nInvalid `this.prisma.user.update()` invocation in\nD:\\Documents\\Workspace\\react_native\\roamly_backend\\src\\modules\\auth\\auth.service.ts:119:28\n\n  116 const refreshToken = crypto.randomBytes(32).toString('hex');\n  117 \n  118 // Update user with new refresh token\n? 119 await this.prisma.user.update(\nTransaction failed due to a write conflict or a deadlock. Please retry your transaction","path":"/auth/login","timestamp":"2025-06-22T15:57:42.819Z"}

22:57:42.821 [pool-2-thread-97] ERROR com.intuit.karate -- classpath:features/performance/login-performance-concurrent.feature:13
Then status 200
status code was: 500, expected: 200, response time in milliseconds: 13615, url: http://localhost:3000/auth/login, response: 
{"success":false,"statusCode":500,"message":"\nInvalid `this.prisma.user.update()` invocation in\nD:\\Documents\\Workspace\\react_native\\roamly_backend\\src\\modules\\auth\\auth.service.ts:119:28\n\n  116 const refreshToken = crypto.randomBytes(32).toString('hex');\n  117 \n  118 // Update user with new refresh token\n? 119 await this.prisma.user.update(\nTransaction failed due to a write conflict or a deadlock. Please retry your transaction","path":"/auth/login","timestamp":"2025-06-22T15:57:42.819Z"}
classpath:features/performance/login-performance-concurrent.feature:13
22:57:42.830 [pool-2-thread-23] DEBUG org.apache.http.wire -- http-outgoing-63 << "HTTP/1.1 500 Internal Server Error[\r][\n]"
22:57:42.830 [pool-2-thread-23] DEBUG org.apache.http.wire -- http-outgoing-63 << "X-Powered-By: Express[\r][\n]"
22:57:42.830 [pool-2-thread-23] DEBUG org.apache.http.wire -- http-outgoing-63 << "Access-Control-Allow-Origin: *[\r][\n]"
22:57:42.830 [pool-2-thread-23] DEBUG org.apache.http.wire -- http-outgoing-63 << "Content-Type: application/json; charset=utf-8[\r][\n]"
22:57:42.830 [pool-2-thread-23] DEBUG org.apache.http.wire -- http-outgoing-63 << "Content-Length: 510[\r][\n]"
22:57:42.830 [pool-2-thread-23] DEBUG org.apache.http.wire -- http-outgoing-63 << "ETag: W/"1fe-bOMPw9+MicC7pOjPo8pkGFEAv60"[\r][\n]"
22:57:42.830 [pool-2-thread-23] DEBUG org.apache.http.wire -- http-outgoing-63 << "Date: Sun, 22 Jun 2025 15:57:42 GMT[\r][\n]"
22:57:42.830 [pool-2-thread-23] DEBUG org.apache.http.wire -- http-outgoing-63 << "Connection: keep-alive[\r][\n]"
22:57:42.830 [pool-2-thread-23] DEBUG org.apache.http.wire -- http-outgoing-63 << "Keep-Alive: timeout=5[\r][\n]"
22:57:42.830 [pool-2-thread-23] DEBUG org.apache.http.wire -- http-outgoing-63 << "[\r][\n]"
22:57:42.830 [pool-2-thread-23] DEBUG org.apache.http.wire -- http-outgoing-63 << "{"success":false,"statusCode":500,"message":"\nInvalid `this.prisma.user.update()` invocation in\nD:\\Documents\\Workspace\\react_native\\roamly_backend\\src\\modules\\auth\\auth.service.ts:119:28\n\n  116 const refreshToken = crypto.randomBytes(32).toString('hex');\n  117 \n  118 // Update user with new refresh token\n[0xe2][0x86][0x92] 119 await this.prisma.user.update(\nTransaction failed due to a write conflict or a deadlock. Please retry your transaction","path":"/auth/login","timestamp":"2025-06-22T15:57:42.830Z"}"
22:57:42.830 [pool-2-thread-23] DEBUG org.apache.http.headers -- http-outgoing-63 << HTTP/1.1 500 Internal Server Error
22:57:42.830 [pool-2-thread-23] DEBUG org.apache.http.headers -- http-outgoing-63 << X-Powered-By: Express
22:57:42.830 [pool-2-thread-23] DEBUG org.apache.http.headers -- http-outgoing-63 << Access-Control-Allow-Origin: *
22:57:42.830 [pool-2-thread-23] DEBUG org.apache.http.headers -- http-outgoing-63 << Content-Type: application/json; charset=utf-8
22:57:42.830 [pool-2-thread-23] DEBUG org.apache.http.headers -- http-outgoing-63 << Content-Length: 510
22:57:42.830 [pool-2-thread-23] DEBUG org.apache.http.headers -- http-outgoing-63 << ETag: W/"1fe-bOMPw9+MicC7pOjPo8pkGFEAv60"
22:57:42.830 [pool-2-thread-23] DEBUG org.apache.http.headers -- http-outgoing-63 << Date: Sun, 22 Jun 2025 15:57:42 GMT
22:57:42.830 [pool-2-thread-23] DEBUG org.apache.http.headers -- http-outgoing-63 << Connection: keep-alive
22:57:42.830 [pool-2-thread-23] DEBUG org.apache.http.headers -- http-outgoing-63 << Keep-Alive: timeout=5
22:57:42.831 [pool-2-thread-23] DEBUG org.apache.http.impl.execchain.MainClientExec -- Connection can be kept alive for 5000 MILLISECONDS
22:57:42.831 [pool-2-thread-23] DEBUG org.apache.http.impl.conn.PoolingHttpClientConnectionManager -- Connection [id: 84][route: {}->http://localhost:3000] can be kept alive for 5.0 seconds
22:57:42.831 [pool-2-thread-23] DEBUG org.apache.http.impl.conn.DefaultManagedHttpClientConnection -- http-outgoing-63: set socket timeout to 0
22:57:42.831 [pool-2-thread-23] DEBUG org.apache.http.impl.conn.PoolingHttpClientConnectionManager -- Connection released: [id: 84][route: {}->http://localhost:3000][total available: 1; route allocated: 1 of 5; total allocated: 1 of 10]
22:57:42.831 [pool-2-thread-23] DEBUG org.apache.http.impl.conn.PoolingHttpClientConnectionManager -- Connection manager is shutting down
22:57:42.831 [pool-2-thread-23] DEBUG org.apache.http.impl.conn.DefaultManagedHttpClientConnection -- http-outgoing-63: Close connection
22:57:42.831 [pool-2-thread-23] DEBUG org.apache.http.impl.conn.PoolingHttpClientConnectionManager -- Connection manager shut down
22:57:42.831 [pool-2-thread-23] DEBUG com.intuit.karate -- response time in milliseconds: 13624
1 < 500
1 < X-Powered-By: Express
1 < Access-Control-Allow-Origin: *
1 < Content-Type: application/json; charset=utf-8
1 < Content-Length: 510
1 < ETag: W/"1fe-bOMPw9+MicC7pOjPo8pkGFEAv60"
1 < Date: Sun, 22 Jun 2025 15:57:42 GMT
1 < Connection: keep-alive
1 < Keep-Alive: timeout=5
{"success":false,"statusCode":500,"message":"\nInvalid `this.prisma.user.update()` invocation in\nD:\\Documents\\Workspace\\react_native\\roamly_backend\\src\\modules\\auth\\auth.service.ts:119:28\n\n  116 const refreshToken = crypto.randomBytes(32).toString('hex');\n  117 \n  118 // Update user with new refresh token\n? 119 await this.prisma.user.update(\nTransaction failed due to a write conflict or a deadlock. Please retry your transaction","path":"/auth/login","timestamp":"2025-06-22T15:57:42.830Z"}

22:57:42.832 [pool-2-thread-23] ERROR com.intuit.karate -- classpath:features/performance/login-performance-concurrent.feature:13
Then status 200
status code was: 500, expected: 200, response time in milliseconds: 13624, url: http://localhost:3000/auth/login, response: 
{"success":false,"statusCode":500,"message":"\nInvalid `this.prisma.user.update()` invocation in\nD:\\Documents\\Workspace\\react_native\\roamly_backend\\src\\modules\\auth\\auth.service.ts:119:28\n\n  116 const refreshToken = crypto.randomBytes(32).toString('hex');\n  117 \n  118 // Update user with new refresh token\n? 119 await this.prisma.user.update(\nTransaction failed due to a write conflict or a deadlock. Please retry your transaction","path":"/auth/login","timestamp":"2025-06-22T15:57:42.830Z"}
classpath:features/performance/login-performance-concurrent.feature:13
22:57:42.833 [pool-2-thread-25] DEBUG org.apache.http.wire -- http-outgoing-69 << "HTTP/1.1 200 OK[\r][\n]"
22:57:42.833 [pool-2-thread-25] DEBUG org.apache.http.wire -- http-outgoing-69 << "X-Powered-By: Express[\r][\n]"
22:57:42.833 [pool-2-thread-25] DEBUG org.apache.http.wire -- http-outgoing-69 << "Access-Control-Allow-Origin: *[\r][\n]"
22:57:42.833 [pool-2-thread-25] DEBUG org.apache.http.wire -- http-outgoing-69 << "Content-Type: application/json; charset=utf-8[\r][\n]"
22:57:42.833 [pool-2-thread-25] DEBUG org.apache.http.wire -- http-outgoing-69 << "Content-Length: 607[\r][\n]"
22:57:42.833 [pool-2-thread-25] DEBUG org.apache.http.wire -- http-outgoing-69 << "ETag: W/"25f-LLsfgNXD8+3AkpuATWjcPcn33lE"[\r][\n]"
22:57:42.833 [pool-2-thread-25] DEBUG org.apache.http.wire -- http-outgoing-69 << "Date: Sun, 22 Jun 2025 15:57:42 GMT[\r][\n]"
22:57:42.833 [pool-2-thread-25] DEBUG org.apache.http.wire -- http-outgoing-69 << "Connection: keep-alive[\r][\n]"
22:57:42.833 [pool-2-thread-25] DEBUG org.apache.http.wire -- http-outgoing-69 << "Keep-Alive: timeout=5[\r][\n]"
22:57:42.833 [pool-2-thread-25] DEBUG org.apache.http.wire -- http-outgoing-69 << "[\r][\n]"
22:57:42.833 [pool-2-thread-25] DEBUG org.apache.http.wire -- http-outgoing-69 << "{"access_token":"eyJhbGciOiJIUzI1NiIsInR5cCI6IkpXVCJ9.eyJzdWIiOiJjMjE0MjJkZi1jY2VjLTQ0MGUtOWE0Mi1jMWI4MmFiZjczM2QiLCJ1c2VybmFtZSI6ImpvaG5kb2UyOCIsInJvbGUiOjAsImlhdCI6MTc1MDYwNzg2MSwiZXhwIjoxNzUwNjExNDYxfQ.CKIajv91fKD2cqJqB6-vSu-UiHAaDtnYrqD_Yvzp5bY","refresh_token":"bf06065a9ccf36347b11e8eb2ca6eeab55d09581d72f9f7ec1317a6f561807ab","user":{"id":"c21422df-ccec-440e-9a42-c1b82abf733d","email":"test28@example.com","username":"johndoe28","name":"John Doe","phoneNumber":"84987654321","profilePic":null,"bio":null,"private":false,"verified":false,"role":0,"followersCount":0,"followingCount":0,"postCount":0}}"
22:57:42.833 [pool-2-thread-25] DEBUG org.apache.http.headers -- http-outgoing-69 << HTTP/1.1 200 OK
22:57:42.833 [pool-2-thread-25] DEBUG org.apache.http.headers -- http-outgoing-69 << X-Powered-By: Express
22:57:42.833 [pool-2-thread-25] DEBUG org.apache.http.headers -- http-outgoing-69 << Access-Control-Allow-Origin: *
22:57:42.833 [pool-2-thread-25] DEBUG org.apache.http.headers -- http-outgoing-69 << Content-Type: application/json; charset=utf-8
22:57:42.833 [pool-2-thread-25] DEBUG org.apache.http.headers -- http-outgoing-69 << Content-Length: 607
22:57:42.833 [pool-2-thread-25] DEBUG org.apache.http.headers -- http-outgoing-69 << ETag: W/"25f-LLsfgNXD8+3AkpuATWjcPcn33lE"
22:57:42.833 [pool-2-thread-25] DEBUG org.apache.http.headers -- http-outgoing-69 << Date: Sun, 22 Jun 2025 15:57:42 GMT
22:57:42.833 [pool-2-thread-25] DEBUG org.apache.http.headers -- http-outgoing-69 << Connection: keep-alive
22:57:42.833 [pool-2-thread-25] DEBUG org.apache.http.headers -- http-outgoing-69 << Keep-Alive: timeout=5
22:57:42.833 [pool-2-thread-25] DEBUG org.apache.http.impl.execchain.MainClientExec -- Connection can be kept alive for 5000 MILLISECONDS
22:57:42.833 [pool-2-thread-25] DEBUG org.apache.http.impl.conn.PoolingHttpClientConnectionManager -- Connection [id: 35][route: {}->http://localhost:3000] can be kept alive for 5.0 seconds
22:57:42.833 [pool-2-thread-25] DEBUG org.apache.http.impl.conn.DefaultManagedHttpClientConnection -- http-outgoing-69: set socket timeout to 0
22:57:42.834 [pool-2-thread-25] DEBUG org.apache.http.impl.conn.PoolingHttpClientConnectionManager -- Connection released: [id: 35][route: {}->http://localhost:3000][total available: 1; route allocated: 1 of 5; total allocated: 1 of 10]
22:57:42.834 [pool-2-thread-25] DEBUG org.apache.http.impl.conn.PoolingHttpClientConnectionManager -- Connection manager is shutting down
22:57:42.834 [pool-2-thread-25] DEBUG org.apache.http.impl.conn.DefaultManagedHttpClientConnection -- http-outgoing-69: Close connection
22:57:42.834 [pool-2-thread-25] DEBUG org.apache.http.impl.conn.PoolingHttpClientConnectionManager -- Connection manager shut down
22:57:42.834 [pool-2-thread-25] DEBUG com.intuit.karate -- response time in milliseconds: 13617
1 < 200
1 < X-Powered-By: Express
1 < Access-Control-Allow-Origin: *
1 < Content-Type: application/json; charset=utf-8
1 < Content-Length: 607
1 < ETag: W/"25f-LLsfgNXD8+3AkpuATWjcPcn33lE"
1 < Date: Sun, 22 Jun 2025 15:57:42 GMT
1 < Connection: keep-alive
1 < Keep-Alive: timeout=5
{"access_token":"eyJhbGciOiJIUzI1NiIsInR5cCI6IkpXVCJ9.eyJzdWIiOiJjMjE0MjJkZi1jY2VjLTQ0MGUtOWE0Mi1jMWI4MmFiZjczM2QiLCJ1c2VybmFtZSI6ImpvaG5kb2UyOCIsInJvbGUiOjAsImlhdCI6MTc1MDYwNzg2MSwiZXhwIjoxNzUwNjExNDYxfQ.CKIajv91fKD2cqJqB6-vSu-UiHAaDtnYrqD_Yvzp5bY","refresh_token":"bf06065a9ccf36347b11e8eb2ca6eeab55d09581d72f9f7ec1317a6f561807ab","user":{"id":"c21422df-ccec-440e-9a42-c1b82abf733d","email":"test28@example.com","username":"johndoe28","name":"John Doe","phoneNumber":"84987654321","profilePic":null,"bio":null,"private":false,"verified":false,"role":0,"followersCount":0,"followingCount":0,"postCount":0}}

22:57:42.835 [pool-2-thread-25] INFO com.intuit.karate -- [print] Concurrent call completed, status: 200 
22:57:42.843 [pool-2-thread-24] DEBUG org.apache.http.wire -- http-outgoing-39 << "HTTP/1.1 200 OK[\r][\n]"
22:57:42.843 [pool-2-thread-24] DEBUG org.apache.http.wire -- http-outgoing-39 << "X-Powered-By: Express[\r][\n]"
22:57:42.843 [pool-2-thread-24] DEBUG org.apache.http.wire -- http-outgoing-39 << "Access-Control-Allow-Origin: *[\r][\n]"
22:57:42.843 [pool-2-thread-24] DEBUG org.apache.http.wire -- http-outgoing-39 << "Content-Type: application/json; charset=utf-8[\r][\n]"
22:57:42.843 [pool-2-thread-24] DEBUG org.apache.http.wire -- http-outgoing-39 << "Content-Length: 608[\r][\n]"
22:57:42.843 [pool-2-thread-24] DEBUG org.apache.http.wire -- http-outgoing-39 << "ETag: W/"260-q+TNEwume5/tFR++NixeFLRnS6s"[\r][\n]"
22:57:42.843 [pool-2-thread-24] DEBUG org.apache.http.wire -- http-outgoing-39 << "Date: Sun, 22 Jun 2025 15:57:42 GMT[\r][\n]"
22:57:42.843 [pool-2-thread-24] DEBUG org.apache.http.wire -- http-outgoing-39 << "Connection: keep-alive[\r][\n]"
22:57:42.843 [pool-2-thread-24] DEBUG org.apache.http.wire -- http-outgoing-39 << "Keep-Alive: timeout=5[\r][\n]"
22:57:42.843 [pool-2-thread-24] DEBUG org.apache.http.wire -- http-outgoing-39 << "[\r][\n]"
22:57:42.843 [pool-2-thread-24] DEBUG org.apache.http.wire -- http-outgoing-39 << "{"access_token":"eyJhbGciOiJIUzI1NiIsInR5cCI6IkpXVCJ9.eyJzdWIiOiI4YTI0NzQ2MS01YzA0LTQyMWQtOThmNS1mYTljNzM0ZmFlYTUiLCJ1c2VybmFtZSI6ImphbmVzbWl0aCIsInJvbGUiOjAsImlhdCI6MTc1MDYwNzg2MSwiZXhwIjoxNzUwNjExNDYxfQ.csVP45D74qJCnbGkR3oV0HxkjgEZImUyAnaqhGO_crw","refresh_token":"2f6e61a679f44c7f436dd06e19ecca1eddb2d7c22f42a32469e3d989b6c97b5e","user":{"id":"8a247461-5c04-421d-98f5-fa9c734faea5","email":"test2@example.com","username":"janesmith","name":"Jane Smith","phoneNumber":"01234567890","profilePic":null,"bio":null,"private":false,"verified":false,"role":0,"followersCount":0,"followingCount":0,"postCount":0}}"
22:57:42.843 [pool-2-thread-24] DEBUG org.apache.http.headers -- http-outgoing-39 << HTTP/1.1 200 OK
22:57:42.843 [pool-2-thread-24] DEBUG org.apache.http.headers -- http-outgoing-39 << X-Powered-By: Express
22:57:42.843 [pool-2-thread-24] DEBUG org.apache.http.headers -- http-outgoing-39 << Access-Control-Allow-Origin: *
22:57:42.843 [pool-2-thread-24] DEBUG org.apache.http.headers -- http-outgoing-39 << Content-Type: application/json; charset=utf-8
22:57:42.843 [pool-2-thread-24] DEBUG org.apache.http.headers -- http-outgoing-39 << Content-Length: 608
22:57:42.843 [pool-2-thread-24] DEBUG org.apache.http.headers -- http-outgoing-39 << ETag: W/"260-q+TNEwume5/tFR++NixeFLRnS6s"
22:57:42.843 [pool-2-thread-24] DEBUG org.apache.http.headers -- http-outgoing-39 << Date: Sun, 22 Jun 2025 15:57:42 GMT
22:57:42.843 [pool-2-thread-24] DEBUG org.apache.http.headers -- http-outgoing-39 << Connection: keep-alive
22:57:42.843 [pool-2-thread-24] DEBUG org.apache.http.headers -- http-outgoing-39 << Keep-Alive: timeout=5
22:57:42.844 [pool-2-thread-24] DEBUG org.apache.http.impl.execchain.MainClientExec -- Connection can be kept alive for 5000 MILLISECONDS
22:57:42.844 [pool-2-thread-24] DEBUG org.apache.http.impl.conn.PoolingHttpClientConnectionManager -- Connection [id: 9][route: {}->http://localhost:3000] can be kept alive for 5.0 seconds
22:57:42.844 [pool-2-thread-24] DEBUG org.apache.http.impl.conn.DefaultManagedHttpClientConnection -- http-outgoing-39: set socket timeout to 0
22:57:42.844 [pool-2-thread-24] DEBUG org.apache.http.impl.conn.PoolingHttpClientConnectionManager -- Connection released: [id: 9][route: {}->http://localhost:3000][total available: 1; route allocated: 1 of 5; total allocated: 1 of 10]
22:57:42.844 [pool-2-thread-24] DEBUG org.apache.http.impl.conn.PoolingHttpClientConnectionManager -- Connection manager is shutting down
22:57:42.844 [pool-2-thread-24] DEBUG org.apache.http.impl.conn.DefaultManagedHttpClientConnection -- http-outgoing-39: Close connection
22:57:42.844 [pool-2-thread-24] DEBUG org.apache.http.impl.conn.PoolingHttpClientConnectionManager -- Connection manager shut down
22:57:42.844 [pool-2-thread-24] DEBUG com.intuit.karate -- response time in milliseconds: 13639
1 < 200
1 < X-Powered-By: Express
1 < Access-Control-Allow-Origin: *
1 < Content-Type: application/json; charset=utf-8
1 < Content-Length: 608
1 < ETag: W/"260-q+TNEwume5/tFR++NixeFLRnS6s"
1 < Date: Sun, 22 Jun 2025 15:57:42 GMT
1 < Connection: keep-alive
1 < Keep-Alive: timeout=5
{"access_token":"eyJhbGciOiJIUzI1NiIsInR5cCI6IkpXVCJ9.eyJzdWIiOiI4YTI0NzQ2MS01YzA0LTQyMWQtOThmNS1mYTljNzM0ZmFlYTUiLCJ1c2VybmFtZSI6ImphbmVzbWl0aCIsInJvbGUiOjAsImlhdCI6MTc1MDYwNzg2MSwiZXhwIjoxNzUwNjExNDYxfQ.csVP45D74qJCnbGkR3oV0HxkjgEZImUyAnaqhGO_crw","refresh_token":"2f6e61a679f44c7f436dd06e19ecca1eddb2d7c22f42a32469e3d989b6c97b5e","user":{"id":"8a247461-5c04-421d-98f5-fa9c734faea5","email":"test2@example.com","username":"janesmith","name":"Jane Smith","phoneNumber":"01234567890","profilePic":null,"bio":null,"private":false,"verified":false,"role":0,"followersCount":0,"followingCount":0,"postCount":0}}

22:57:42.845 [pool-2-thread-20] DEBUG org.apache.http.wire -- http-outgoing-78 << "HTTP/1.1 500 Internal Server Error[\r][\n]"
22:57:42.845 [pool-2-thread-20] DEBUG org.apache.http.wire -- http-outgoing-78 << "X-Powered-By: Express[\r][\n]"
22:57:42.845 [pool-2-thread-20] DEBUG org.apache.http.wire -- http-outgoing-78 << "Access-Control-Allow-Origin: *[\r][\n]"
22:57:42.845 [pool-2-thread-20] DEBUG org.apache.http.wire -- http-outgoing-78 << "Content-Type: application/json; charset=utf-8[\r][\n]"
22:57:42.845 [pool-2-thread-20] DEBUG org.apache.http.wire -- http-outgoing-78 << "Content-Length: 510[\r][\n]"
22:57:42.845 [pool-2-thread-20] DEBUG org.apache.http.wire -- http-outgoing-78 << "ETag: W/"1fe-iiwnMgREIraLIInYYpiE5iJxoN8"[\r][\n]"
22:57:42.845 [pool-2-thread-20] DEBUG org.apache.http.wire -- http-outgoing-78 << "Date: Sun, 22 Jun 2025 15:57:42 GMT[\r][\n]"
22:57:42.845 [pool-2-thread-20] DEBUG org.apache.http.wire -- http-outgoing-78 << "Connection: keep-alive[\r][\n]"
22:57:42.845 [pool-2-thread-20] DEBUG org.apache.http.wire -- http-outgoing-78 << "Keep-Alive: timeout=5[\r][\n]"
22:57:42.845 [pool-2-thread-20] DEBUG org.apache.http.wire -- http-outgoing-78 << "[\r][\n]"
22:57:42.845 [pool-2-thread-24] INFO com.intuit.karate -- [print] Concurrent call completed, status: 200 
22:57:42.845 [pool-2-thread-20] DEBUG org.apache.http.wire -- http-outgoing-78 << "{"success":false,"statusCode":500,"message":"\nInvalid `this.prisma.user.update()` invocation in\nD:\\Documents\\Workspace\\react_native\\roamly_backend\\src\\modules\\auth\\auth.service.ts:119:28\n\n  116 const refreshToken = crypto.randomBytes(32).toString('hex');\n  117 \n  118 // Update user with new refresh token\n[0xe2][0x86][0x92] 119 await this.prisma.user.update(\nTransaction failed due to a write conflict or a deadlock. Please retry your transaction","path":"/auth/login","timestamp":"2025-06-22T15:57:42.845Z"}"
22:57:42.845 [pool-2-thread-20] DEBUG org.apache.http.headers -- http-outgoing-78 << HTTP/1.1 500 Internal Server Error
22:57:42.845 [pool-2-thread-20] DEBUG org.apache.http.headers -- http-outgoing-78 << X-Powered-By: Express
22:57:42.845 [pool-2-thread-20] DEBUG org.apache.http.headers -- http-outgoing-78 << Access-Control-Allow-Origin: *
22:57:42.845 [pool-2-thread-20] DEBUG org.apache.http.headers -- http-outgoing-78 << Content-Type: application/json; charset=utf-8
22:57:42.845 [pool-2-thread-20] DEBUG org.apache.http.headers -- http-outgoing-78 << Content-Length: 510
22:57:42.845 [pool-2-thread-20] DEBUG org.apache.http.headers -- http-outgoing-78 << ETag: W/"1fe-iiwnMgREIraLIInYYpiE5iJxoN8"
22:57:42.845 [pool-2-thread-20] DEBUG org.apache.http.headers -- http-outgoing-78 << Date: Sun, 22 Jun 2025 15:57:42 GMT
22:57:42.845 [pool-2-thread-20] DEBUG org.apache.http.headers -- http-outgoing-78 << Connection: keep-alive
22:57:42.845 [pool-2-thread-20] DEBUG org.apache.http.headers -- http-outgoing-78 << Keep-Alive: timeout=5
22:57:42.845 [pool-2-thread-20] DEBUG org.apache.http.impl.execchain.MainClientExec -- Connection can be kept alive for 5000 MILLISECONDS
22:57:42.845 [pool-2-thread-20] DEBUG org.apache.http.impl.conn.PoolingHttpClientConnectionManager -- Connection [id: 21][route: {}->http://localhost:3000] can be kept alive for 5.0 seconds
22:57:42.845 [pool-2-thread-20] DEBUG org.apache.http.impl.conn.DefaultManagedHttpClientConnection -- http-outgoing-78: set socket timeout to 0
22:57:42.846 [pool-2-thread-20] DEBUG org.apache.http.impl.conn.PoolingHttpClientConnectionManager -- Connection released: [id: 21][route: {}->http://localhost:3000][total available: 1; route allocated: 1 of 5; total allocated: 1 of 10]
22:57:42.846 [pool-2-thread-20] DEBUG org.apache.http.impl.conn.PoolingHttpClientConnectionManager -- Connection manager is shutting down
22:57:42.846 [pool-2-thread-20] DEBUG org.apache.http.impl.conn.DefaultManagedHttpClientConnection -- http-outgoing-78: Close connection
22:57:42.846 [pool-2-thread-20] DEBUG org.apache.http.impl.conn.PoolingHttpClientConnectionManager -- Connection manager shut down
22:57:42.846 [pool-2-thread-91] DEBUG org.apache.http.wire -- http-outgoing-58 << "HTTP/1.1 200 OK[\r][\n]"
22:57:42.846 [pool-2-thread-91] DEBUG org.apache.http.wire -- http-outgoing-58 << "X-Powered-By: Express[\r][\n]"
22:57:42.846 [pool-2-thread-91] DEBUG org.apache.http.wire -- http-outgoing-58 << "Access-Control-Allow-Origin: *[\r][\n]"
22:57:42.846 [pool-2-thread-91] DEBUG org.apache.http.wire -- http-outgoing-58 << "Content-Type: application/json; charset=utf-8[\r][\n]"
22:57:42.846 [pool-2-thread-91] DEBUG org.apache.http.wire -- http-outgoing-58 << "Content-Length: 708[\r][\n]"
22:57:42.846 [pool-2-thread-91] DEBUG org.apache.http.wire -- http-outgoing-58 << "ETag: W/"2c4-Quji0uRrAhfKdT8e6cPafC0uFQA"[\r][\n]"
22:57:42.846 [pool-2-thread-91] DEBUG org.apache.http.wire -- http-outgoing-58 << "Date: Sun, 22 Jun 2025 15:57:42 GMT[\r][\n]"
22:57:42.846 [pool-2-thread-91] DEBUG org.apache.http.wire -- http-outgoing-58 << "Connection: keep-alive[\r][\n]"
22:57:42.846 [pool-2-thread-91] DEBUG org.apache.http.wire -- http-outgoing-58 << "Keep-Alive: timeout=5[\r][\n]"
22:57:42.846 [pool-2-thread-91] DEBUG org.apache.http.wire -- http-outgoing-58 << "[\r][\n]"
22:57:42.846 [pool-2-thread-91] DEBUG org.apache.http.wire -- http-outgoing-58 << "{"access_token":"eyJhbGciOiJIUzI1NiIsInR5cCI6IkpXVCJ9.eyJzdWIiOiIwODUxNWIwNS0yZDNlLTQ3ODktYWQ2MC1kYjM1NTI1YTQ5NzAiLCJ1c2VybmFtZSI6Im5hbSIsInJvbGUiOjAsImlhdCI6MTc1MDYwNzg2MSwiZXhwIjoxNzUwNjExNDYxfQ.fkOzLmIGnODq3Aa2Q1sugFie-KGdiBaVbP6njCRfa4U","refresh_token":"92c2e046e417ae234b7ebe32c81f8afa9d11e104171387424854422a760224bf","user":{"id":"08515b05-2d3e-4789-ad60-db35525a4970","email":"nam@gmail.com","username":"nam","name":"nam","phoneNumber":"0123456789","profilePic":"https://res.cloudinary.com/dizcvrefo/image/upload/v1749266646/nestjs_uploads/zk9zrpeidnovxibfqdxr.png","bio":"Chu tich hoi dong Quan tri 1","private":false,"verified":false,"role":0,"followersCount":2,"followingCount":2,"postCount":13}}"
22:57:42.846 [pool-2-thread-91] DEBUG org.apache.http.headers -- http-outgoing-58 << HTTP/1.1 200 OK
22:57:42.846 [pool-2-thread-91] DEBUG org.apache.http.headers -- http-outgoing-58 << X-Powered-By: Express
22:57:42.846 [pool-2-thread-91] DEBUG org.apache.http.headers -- http-outgoing-58 << Access-Control-Allow-Origin: *
22:57:42.846 [pool-2-thread-91] DEBUG org.apache.http.headers -- http-outgoing-58 << Content-Type: application/json; charset=utf-8
22:57:42.846 [pool-2-thread-20] DEBUG com.intuit.karate -- response time in milliseconds: 13628
1 < 500
1 < X-Powered-By: Express
1 < Access-Control-Allow-Origin: *
1 < Content-Type: application/json; charset=utf-8
1 < Content-Length: 510
1 < ETag: W/"1fe-iiwnMgREIraLIInYYpiE5iJxoN8"
1 < Date: Sun, 22 Jun 2025 15:57:42 GMT
1 < Connection: keep-alive
1 < Keep-Alive: timeout=5
{"success":false,"statusCode":500,"message":"\nInvalid `this.prisma.user.update()` invocation in\nD:\\Documents\\Workspace\\react_native\\roamly_backend\\src\\modules\\auth\\auth.service.ts:119:28\n\n  116 const refreshToken = crypto.randomBytes(32).toString('hex');\n  117 \n  118 // Update user with new refresh token\n? 119 await this.prisma.user.update(\nTransaction failed due to a write conflict or a deadlock. Please retry your transaction","path":"/auth/login","timestamp":"2025-06-22T15:57:42.845Z"}

22:57:42.846 [pool-2-thread-91] DEBUG org.apache.http.headers -- http-outgoing-58 << Content-Length: 708
22:57:42.846 [pool-2-thread-91] DEBUG org.apache.http.headers -- http-outgoing-58 << ETag: W/"2c4-Quji0uRrAhfKdT8e6cPafC0uFQA"
22:57:42.846 [pool-2-thread-91] DEBUG org.apache.http.headers -- http-outgoing-58 << Date: Sun, 22 Jun 2025 15:57:42 GMT
22:57:42.846 [pool-2-thread-91] DEBUG org.apache.http.headers -- http-outgoing-58 << Connection: keep-alive
22:57:42.846 [pool-2-thread-91] DEBUG org.apache.http.headers -- http-outgoing-58 << Keep-Alive: timeout=5
22:57:42.846 [pool-2-thread-91] DEBUG org.apache.http.impl.execchain.MainClientExec -- Connection can be kept alive for 5000 MILLISECONDS
22:57:42.846 [pool-2-thread-91] DEBUG org.apache.http.impl.conn.PoolingHttpClientConnectionManager -- Connection [id: 76][route: {}->http://localhost:3000] can be kept alive for 5.0 seconds
22:57:42.846 [pool-2-thread-91] DEBUG org.apache.http.impl.conn.DefaultManagedHttpClientConnection -- http-outgoing-58: set socket timeout to 0
22:57:42.846 [pool-2-thread-91] DEBUG org.apache.http.impl.conn.PoolingHttpClientConnectionManager -- Connection released: [id: 76][route: {}->http://localhost:3000][total available: 1; route allocated: 1 of 5; total allocated: 1 of 10]
22:57:42.846 [pool-2-thread-91] DEBUG org.apache.http.impl.conn.PoolingHttpClientConnectionManager -- Connection manager is shutting down
22:57:42.846 [pool-2-thread-91] DEBUG org.apache.http.impl.conn.DefaultManagedHttpClientConnection -- http-outgoing-58: Close connection
22:57:42.846 [pool-2-thread-91] DEBUG org.apache.http.impl.conn.PoolingHttpClientConnectionManager -- Connection manager shut down
22:57:42.846 [pool-2-thread-91] DEBUG com.intuit.karate -- response time in milliseconds: 13641
1 < 200
1 < X-Powered-By: Express
1 < Access-Control-Allow-Origin: *
1 < Content-Type: application/json; charset=utf-8
1 < Content-Length: 708
1 < ETag: W/"2c4-Quji0uRrAhfKdT8e6cPafC0uFQA"
1 < Date: Sun, 22 Jun 2025 15:57:42 GMT
1 < Connection: keep-alive
1 < Keep-Alive: timeout=5
{"access_token":"eyJhbGciOiJIUzI1NiIsInR5cCI6IkpXVCJ9.eyJzdWIiOiIwODUxNWIwNS0yZDNlLTQ3ODktYWQ2MC1kYjM1NTI1YTQ5NzAiLCJ1c2VybmFtZSI6Im5hbSIsInJvbGUiOjAsImlhdCI6MTc1MDYwNzg2MSwiZXhwIjoxNzUwNjExNDYxfQ.fkOzLmIGnODq3Aa2Q1sugFie-KGdiBaVbP6njCRfa4U","refresh_token":"92c2e046e417ae234b7ebe32c81f8afa9d11e104171387424854422a760224bf","user":{"id":"08515b05-2d3e-4789-ad60-db35525a4970","email":"nam@gmail.com","username":"nam","name":"nam","phoneNumber":"0123456789","profilePic":"https://res.cloudinary.com/dizcvrefo/image/upload/v1749266646/nestjs_uploads/zk9zrpeidnovxibfqdxr.png","bio":"Chu tich hoi dong Quan tri 1","private":false,"verified":false,"role":0,"followersCount":2,"followingCount":2,"postCount":13}}

22:57:42.846 [pool-2-thread-20] ERROR com.intuit.karate -- classpath:features/performance/login-performance-concurrent.feature:13
Then status 200
status code was: 500, expected: 200, response time in milliseconds: 13628, url: http://localhost:3000/auth/login, response: 
{"success":false,"statusCode":500,"message":"\nInvalid `this.prisma.user.update()` invocation in\nD:\\Documents\\Workspace\\react_native\\roamly_backend\\src\\modules\\auth\\auth.service.ts:119:28\n\n  116 const refreshToken = crypto.randomBytes(32).toString('hex');\n  117 \n  118 // Update user with new refresh token\n? 119 await this.prisma.user.update(\nTransaction failed due to a write conflict or a deadlock. Please retry your transaction","path":"/auth/login","timestamp":"2025-06-22T15:57:42.845Z"}
classpath:features/performance/login-performance-concurrent.feature:13
22:57:42.848 [pool-2-thread-91] INFO com.intuit.karate -- [print] Concurrent call completed, status: 200 
22:57:42.852 [pool-2-thread-70] DEBUG org.apache.http.wire -- http-outgoing-77 << "HTTP/1.1 500 Internal Server Error[\r][\n]"
22:57:42.852 [pool-2-thread-70] DEBUG org.apache.http.wire -- http-outgoing-77 << "X-Powered-By: Express[\r][\n]"
22:57:42.852 [pool-2-thread-70] DEBUG org.apache.http.wire -- http-outgoing-77 << "Access-Control-Allow-Origin: *[\r][\n]"
22:57:42.852 [pool-2-thread-70] DEBUG org.apache.http.wire -- http-outgoing-77 << "Content-Type: application/json; charset=utf-8[\r][\n]"
22:57:42.852 [pool-2-thread-70] DEBUG org.apache.http.wire -- http-outgoing-77 << "Content-Length: 510[\r][\n]"
22:57:42.852 [pool-2-thread-70] DEBUG org.apache.http.wire -- http-outgoing-77 << "ETag: W/"1fe-dW9IbTwiJP5p1vkSsy76/iq0G3k"[\r][\n]"
22:57:42.852 [pool-2-thread-70] DEBUG org.apache.http.wire -- http-outgoing-77 << "Date: Sun, 22 Jun 2025 15:57:42 GMT[\r][\n]"
22:57:42.852 [pool-2-thread-70] DEBUG org.apache.http.wire -- http-outgoing-77 << "Connection: keep-alive[\r][\n]"
22:57:42.852 [pool-2-thread-70] DEBUG org.apache.http.wire -- http-outgoing-77 << "Keep-Alive: timeout=5[\r][\n]"
22:57:42.852 [pool-2-thread-70] DEBUG org.apache.http.wire -- http-outgoing-77 << "[\r][\n]"
22:57:42.852 [pool-2-thread-70] DEBUG org.apache.http.wire -- http-outgoing-77 << "{"success":false,"statusCode":500,"message":"\nInvalid `this.prisma.user.update()` invocation in\nD:\\Documents\\Workspace\\react_native\\roamly_backend\\src\\modules\\auth\\auth.service.ts:119:28\n\n  116 const refreshToken = crypto.randomBytes(32).toString('hex');\n  117 \n  118 // Update user with new refresh token\n[0xe2][0x86][0x92] 119 await this.prisma.user.update(\nTransaction failed due to a write conflict or a deadlock. Please retry your transaction","path":"/auth/login","timestamp":"2025-06-22T15:57:42.851Z"}"
22:57:42.852 [pool-2-thread-70] DEBUG org.apache.http.headers -- http-outgoing-77 << HTTP/1.1 500 Internal Server Error
22:57:42.852 [pool-2-thread-70] DEBUG org.apache.http.headers -- http-outgoing-77 << X-Powered-By: Express
22:57:42.852 [pool-2-thread-70] DEBUG org.apache.http.headers -- http-outgoing-77 << Access-Control-Allow-Origin: *
22:57:42.852 [pool-2-thread-70] DEBUG org.apache.http.headers -- http-outgoing-77 << Content-Type: application/json; charset=utf-8
22:57:42.852 [pool-2-thread-70] DEBUG org.apache.http.headers -- http-outgoing-77 << Content-Length: 510
22:57:42.852 [pool-2-thread-70] DEBUG org.apache.http.headers -- http-outgoing-77 << ETag: W/"1fe-dW9IbTwiJP5p1vkSsy76/iq0G3k"
22:57:42.852 [pool-2-thread-70] DEBUG org.apache.http.headers -- http-outgoing-77 << Date: Sun, 22 Jun 2025 15:57:42 GMT
22:57:42.852 [pool-2-thread-70] DEBUG org.apache.http.headers -- http-outgoing-77 << Connection: keep-alive
22:57:42.852 [pool-2-thread-70] DEBUG org.apache.http.headers -- http-outgoing-77 << Keep-Alive: timeout=5
22:57:42.852 [pool-2-thread-70] DEBUG org.apache.http.impl.execchain.MainClientExec -- Connection can be kept alive for 5000 MILLISECONDS
22:57:42.852 [pool-2-thread-70] DEBUG org.apache.http.impl.conn.PoolingHttpClientConnectionManager -- Connection [id: 5][route: {}->http://localhost:3000] can be kept alive for 5.0 seconds
22:57:42.852 [pool-2-thread-70] DEBUG org.apache.http.impl.conn.DefaultManagedHttpClientConnection -- http-outgoing-77: set socket timeout to 0
22:57:42.852 [pool-2-thread-70] DEBUG org.apache.http.impl.conn.PoolingHttpClientConnectionManager -- Connection released: [id: 5][route: {}->http://localhost:3000][total available: 1; route allocated: 1 of 5; total allocated: 1 of 10]
22:57:42.852 [pool-2-thread-70] DEBUG org.apache.http.impl.conn.PoolingHttpClientConnectionManager -- Connection manager is shutting down
22:57:42.852 [pool-2-thread-70] DEBUG org.apache.http.impl.conn.DefaultManagedHttpClientConnection -- http-outgoing-77: Close connection
22:57:42.852 [pool-2-thread-70] DEBUG org.apache.http.impl.conn.PoolingHttpClientConnectionManager -- Connection manager shut down
22:57:42.853 [pool-2-thread-70] DEBUG com.intuit.karate -- response time in milliseconds: 13634
1 < 500
1 < X-Powered-By: Express
1 < Access-Control-Allow-Origin: *
1 < Content-Type: application/json; charset=utf-8
1 < Content-Length: 510
1 < ETag: W/"1fe-dW9IbTwiJP5p1vkSsy76/iq0G3k"
1 < Date: Sun, 22 Jun 2025 15:57:42 GMT
1 < Connection: keep-alive
1 < Keep-Alive: timeout=5
{"success":false,"statusCode":500,"message":"\nInvalid `this.prisma.user.update()` invocation in\nD:\\Documents\\Workspace\\react_native\\roamly_backend\\src\\modules\\auth\\auth.service.ts:119:28\n\n  116 const refreshToken = crypto.randomBytes(32).toString('hex');\n  117 \n  118 // Update user with new refresh token\n? 119 await this.prisma.user.update(\nTransaction failed due to a write conflict or a deadlock. Please retry your transaction","path":"/auth/login","timestamp":"2025-06-22T15:57:42.851Z"}

22:57:42.853 [pool-2-thread-70] ERROR com.intuit.karate -- classpath:features/performance/login-performance-concurrent.feature:13
Then status 200
status code was: 500, expected: 200, response time in milliseconds: 13634, url: http://localhost:3000/auth/login, response: 
{"success":false,"statusCode":500,"message":"\nInvalid `this.prisma.user.update()` invocation in\nD:\\Documents\\Workspace\\react_native\\roamly_backend\\src\\modules\\auth\\auth.service.ts:119:28\n\n  116 const refreshToken = crypto.randomBytes(32).toString('hex');\n  117 \n  118 // Update user with new refresh token\n? 119 await this.prisma.user.update(\nTransaction failed due to a write conflict or a deadlock. Please retry your transaction","path":"/auth/login","timestamp":"2025-06-22T15:57:42.851Z"}
classpath:features/performance/login-performance-concurrent.feature:13
22:57:42.860 [pool-2-thread-52] DEBUG org.apache.http.wire -- http-outgoing-20 << "HTTP/1.1 200 OK[\r][\n]"
22:57:42.860 [pool-2-thread-52] DEBUG org.apache.http.wire -- http-outgoing-20 << "X-Powered-By: Express[\r][\n]"
22:57:42.860 [pool-2-thread-52] DEBUG org.apache.http.wire -- http-outgoing-20 << "Access-Control-Allow-Origin: *[\r][\n]"
22:57:42.860 [pool-2-thread-52] DEBUG org.apache.http.wire -- http-outgoing-20 << "Content-Type: application/json; charset=utf-8[\r][\n]"
22:57:42.860 [pool-2-thread-52] DEBUG org.apache.http.wire -- http-outgoing-20 << "Content-Length: 715[\r][\n]"
22:57:42.860 [pool-2-thread-52] DEBUG org.apache.http.wire -- http-outgoing-20 << "ETag: W/"2cb-TbWbj4uE3oqkeZV8nwRBQOqYCKs"[\r][\n]"
22:57:42.860 [pool-2-thread-52] DEBUG org.apache.http.wire -- http-outgoing-20 << "Date: Sun, 22 Jun 2025 15:57:42 GMT[\r][\n]"
22:57:42.860 [pool-2-thread-52] DEBUG org.apache.http.wire -- http-outgoing-20 << "Connection: keep-alive[\r][\n]"
22:57:42.860 [pool-2-thread-52] DEBUG org.apache.http.wire -- http-outgoing-20 << "Keep-Alive: timeout=5[\r][\n]"
22:57:42.860 [pool-2-thread-52] DEBUG org.apache.http.wire -- http-outgoing-20 << "[\r][\n]"
22:57:42.860 [pool-2-thread-52] DEBUG org.apache.http.wire -- http-outgoing-20 << "{"access_token":"eyJhbGciOiJIUzI1NiIsInR5cCI6IkpXVCJ9.eyJzdWIiOiIyYjg0YWEyNC02NjhhLTQwZTItYWYxYy1hZDRmYzRmYTVhNmYiLCJ1c2VybmFtZSI6InF1YW5nMSIsInJvbGUiOjAsImlhdCI6MTc1MDYwNzg2MSwiZXhwIjoxNzUwNjExNDYxfQ.jY9sUloJpmCthuA6YJUw50xxMwOOtOOP3alBM7t3S_w","refresh_token":"be31cb701affee41938bc1ecacc55417a24eb98a187031e78a0036c406ecff99","user":{"id":"2b84aa24-668a-40e2-af1c-ad4fc4fa5a6f","email":"quang1@gmail.com","username":"quang1","name":"quang1","phoneNumber":"09874563210","profilePic":"https://res.cloudinary.com/dizcvrefo/image/upload/v1749027586/nestjs_uploads/xehairydt9rzlbmbmv4c.jpg","bio":"Thang Nam Lao Vua Thoi","private":false,"verified":false,"role":0,"followersCount":2,"followingCount":3,"postCount":2}}"
22:57:42.860 [pool-2-thread-52] DEBUG org.apache.http.headers -- http-outgoing-20 << HTTP/1.1 200 OK
22:57:42.860 [pool-2-thread-52] DEBUG org.apache.http.headers -- http-outgoing-20 << X-Powered-By: Express
22:57:42.860 [pool-2-thread-52] DEBUG org.apache.http.headers -- http-outgoing-20 << Access-Control-Allow-Origin: *
22:57:42.860 [pool-2-thread-52] DEBUG org.apache.http.headers -- http-outgoing-20 << Content-Type: application/json; charset=utf-8
22:57:42.860 [pool-2-thread-52] DEBUG org.apache.http.headers -- http-outgoing-20 << Content-Length: 715
22:57:42.860 [pool-2-thread-52] DEBUG org.apache.http.headers -- http-outgoing-20 << ETag: W/"2cb-TbWbj4uE3oqkeZV8nwRBQOqYCKs"
22:57:42.860 [pool-2-thread-52] DEBUG org.apache.http.headers -- http-outgoing-20 << Date: Sun, 22 Jun 2025 15:57:42 GMT
22:57:42.860 [pool-2-thread-52] DEBUG org.apache.http.headers -- http-outgoing-20 << Connection: keep-alive
22:57:42.860 [pool-2-thread-52] DEBUG org.apache.http.headers -- http-outgoing-20 << Keep-Alive: timeout=5
22:57:42.860 [pool-2-thread-52] DEBUG org.apache.http.impl.execchain.MainClientExec -- Connection can be kept alive for 5000 MILLISECONDS
22:57:42.860 [pool-2-thread-52] DEBUG org.apache.http.impl.conn.PoolingHttpClientConnectionManager -- Connection [id: 42][route: {}->http://localhost:3000] can be kept alive for 5.0 seconds
22:57:42.860 [pool-2-thread-52] DEBUG org.apache.http.impl.conn.DefaultManagedHttpClientConnection -- http-outgoing-20: set socket timeout to 0
22:57:42.860 [pool-2-thread-52] DEBUG org.apache.http.impl.conn.PoolingHttpClientConnectionManager -- Connection released: [id: 42][route: {}->http://localhost:3000][total available: 1; route allocated: 1 of 5; total allocated: 1 of 10]
22:57:42.860 [pool-2-thread-52] DEBUG org.apache.http.impl.conn.PoolingHttpClientConnectionManager -- Connection manager is shutting down
22:57:42.860 [pool-2-thread-52] DEBUG org.apache.http.impl.conn.DefaultManagedHttpClientConnection -- http-outgoing-20: Close connection
22:57:42.860 [pool-2-thread-52] DEBUG org.apache.http.impl.conn.PoolingHttpClientConnectionManager -- Connection manager shut down
22:57:42.860 [pool-2-thread-52] DEBUG com.intuit.karate -- response time in milliseconds: 13641
1 < 200
1 < X-Powered-By: Express
1 < Access-Control-Allow-Origin: *
1 < Content-Type: application/json; charset=utf-8
1 < Content-Length: 715
1 < ETag: W/"2cb-TbWbj4uE3oqkeZV8nwRBQOqYCKs"
1 < Date: Sun, 22 Jun 2025 15:57:42 GMT
1 < Connection: keep-alive
1 < Keep-Alive: timeout=5
{"access_token":"eyJhbGciOiJIUzI1NiIsInR5cCI6IkpXVCJ9.eyJzdWIiOiIyYjg0YWEyNC02NjhhLTQwZTItYWYxYy1hZDRmYzRmYTVhNmYiLCJ1c2VybmFtZSI6InF1YW5nMSIsInJvbGUiOjAsImlhdCI6MTc1MDYwNzg2MSwiZXhwIjoxNzUwNjExNDYxfQ.jY9sUloJpmCthuA6YJUw50xxMwOOtOOP3alBM7t3S_w","refresh_token":"be31cb701affee41938bc1ecacc55417a24eb98a187031e78a0036c406ecff99","user":{"id":"2b84aa24-668a-40e2-af1c-ad4fc4fa5a6f","email":"quang1@gmail.com","username":"quang1","name":"quang1","phoneNumber":"09874563210","profilePic":"https://res.cloudinary.com/dizcvrefo/image/upload/v1749027586/nestjs_uploads/xehairydt9rzlbmbmv4c.jpg","bio":"Thang Nam Lao Vua Thoi","private":false,"verified":false,"role":0,"followersCount":2,"followingCount":3,"postCount":2}}

22:57:42.862 [pool-2-thread-52] INFO com.intuit.karate -- [print] Concurrent call completed, status: 200 
22:57:42.867 [pool-2-thread-96] DEBUG org.apache.http.wire -- http-outgoing-32 << "HTTP/1.1 500 Internal Server Error[\r][\n]"
22:57:42.867 [pool-2-thread-96] DEBUG org.apache.http.wire -- http-outgoing-32 << "X-Powered-By: Express[\r][\n]"
22:57:42.867 [pool-2-thread-96] DEBUG org.apache.http.wire -- http-outgoing-32 << "Access-Control-Allow-Origin: *[\r][\n]"
22:57:42.867 [pool-2-thread-96] DEBUG org.apache.http.wire -- http-outgoing-32 << "Content-Type: application/json; charset=utf-8[\r][\n]"
22:57:42.867 [pool-2-thread-96] DEBUG org.apache.http.wire -- http-outgoing-32 << "Content-Length: 510[\r][\n]"
22:57:42.867 [pool-2-thread-96] DEBUG org.apache.http.wire -- http-outgoing-32 << "ETag: W/"1fe-BGORyAkgvcWSvQzfrTWqI3gf6L4"[\r][\n]"
22:57:42.867 [pool-2-thread-96] DEBUG org.apache.http.wire -- http-outgoing-32 << "Date: Sun, 22 Jun 2025 15:57:42 GMT[\r][\n]"
22:57:42.867 [pool-2-thread-96] DEBUG org.apache.http.wire -- http-outgoing-32 << "Connection: keep-alive[\r][\n]"
22:57:42.867 [pool-2-thread-96] DEBUG org.apache.http.wire -- http-outgoing-32 << "Keep-Alive: timeout=5[\r][\n]"
22:57:42.867 [pool-2-thread-96] DEBUG org.apache.http.wire -- http-outgoing-32 << "[\r][\n]"
22:57:42.867 [pool-2-thread-96] DEBUG org.apache.http.wire -- http-outgoing-32 << "{"success":false,"statusCode":500,"message":"\nInvalid `this.prisma.user.update()` invocation in\nD:\\Documents\\Workspace\\react_native\\roamly_backend\\src\\modules\\auth\\auth.service.ts:119:28\n\n  116 const refreshToken = crypto.randomBytes(32).toString('hex');\n  117 \n  118 // Update user with new refresh token\n[0xe2][0x86][0x92] 119 await this.prisma.user.update(\nTransaction failed due to a write conflict or a deadlock. Please retry your transaction","path":"/auth/login","timestamp":"2025-06-22T15:57:42.867Z"}"
22:57:42.867 [pool-2-thread-96] DEBUG org.apache.http.headers -- http-outgoing-32 << HTTP/1.1 500 Internal Server Error
22:57:42.867 [pool-2-thread-96] DEBUG org.apache.http.headers -- http-outgoing-32 << X-Powered-By: Express
22:57:42.867 [pool-2-thread-96] DEBUG org.apache.http.headers -- http-outgoing-32 << Access-Control-Allow-Origin: *
22:57:42.867 [pool-2-thread-96] DEBUG org.apache.http.headers -- http-outgoing-32 << Content-Type: application/json; charset=utf-8
22:57:42.867 [pool-2-thread-96] DEBUG org.apache.http.headers -- http-outgoing-32 << Content-Length: 510
22:57:42.867 [pool-2-thread-96] DEBUG org.apache.http.headers -- http-outgoing-32 << ETag: W/"1fe-BGORyAkgvcWSvQzfrTWqI3gf6L4"
22:57:42.867 [pool-2-thread-96] DEBUG org.apache.http.headers -- http-outgoing-32 << Date: Sun, 22 Jun 2025 15:57:42 GMT
22:57:42.867 [pool-2-thread-96] DEBUG org.apache.http.headers -- http-outgoing-32 << Connection: keep-alive
22:57:42.867 [pool-2-thread-96] DEBUG org.apache.http.headers -- http-outgoing-32 << Keep-Alive: timeout=5
22:57:42.867 [pool-2-thread-96] DEBUG org.apache.http.impl.execchain.MainClientExec -- Connection can be kept alive for 5000 MILLISECONDS
22:57:42.868 [pool-2-thread-96] DEBUG org.apache.http.impl.conn.PoolingHttpClientConnectionManager -- Connection [id: 19][route: {}->http://localhost:3000] can be kept alive for 5.0 seconds
22:57:42.868 [pool-2-thread-96] DEBUG org.apache.http.impl.conn.DefaultManagedHttpClientConnection -- http-outgoing-32: set socket timeout to 0
22:57:42.868 [pool-2-thread-96] DEBUG org.apache.http.impl.conn.PoolingHttpClientConnectionManager -- Connection released: [id: 19][route: {}->http://localhost:3000][total available: 1; route allocated: 1 of 5; total allocated: 1 of 10]
22:57:42.868 [pool-2-thread-96] DEBUG org.apache.http.impl.conn.PoolingHttpClientConnectionManager -- Connection manager is shutting down
22:57:42.868 [pool-2-thread-96] DEBUG org.apache.http.impl.conn.DefaultManagedHttpClientConnection -- http-outgoing-32: Close connection
22:57:42.868 [pool-2-thread-96] DEBUG org.apache.http.impl.conn.PoolingHttpClientConnectionManager -- Connection manager shut down
22:57:42.868 [pool-2-thread-96] DEBUG com.intuit.karate -- response time in milliseconds: 13663
1 < 500
1 < X-Powered-By: Express
1 < Access-Control-Allow-Origin: *
1 < Content-Type: application/json; charset=utf-8
1 < Content-Length: 510
1 < ETag: W/"1fe-BGORyAkgvcWSvQzfrTWqI3gf6L4"
1 < Date: Sun, 22 Jun 2025 15:57:42 GMT
1 < Connection: keep-alive
1 < Keep-Alive: timeout=5
{"success":false,"statusCode":500,"message":"\nInvalid `this.prisma.user.update()` invocation in\nD:\\Documents\\Workspace\\react_native\\roamly_backend\\src\\modules\\auth\\auth.service.ts:119:28\n\n  116 const refreshToken = crypto.randomBytes(32).toString('hex');\n  117 \n  118 // Update user with new refresh token\n? 119 await this.prisma.user.update(\nTransaction failed due to a write conflict or a deadlock. Please retry your transaction","path":"/auth/login","timestamp":"2025-06-22T15:57:42.867Z"}

22:57:42.870 [pool-2-thread-96] ERROR com.intuit.karate -- classpath:features/performance/login-performance-concurrent.feature:13
Then status 200
status code was: 500, expected: 200, response time in milliseconds: 13663, url: http://localhost:3000/auth/login, response: 
{"success":false,"statusCode":500,"message":"\nInvalid `this.prisma.user.update()` invocation in\nD:\\Documents\\Workspace\\react_native\\roamly_backend\\src\\modules\\auth\\auth.service.ts:119:28\n\n  116 const refreshToken = crypto.randomBytes(32).toString('hex');\n  117 \n  118 // Update user with new refresh token\n? 119 await this.prisma.user.update(\nTransaction failed due to a write conflict or a deadlock. Please retry your transaction","path":"/auth/login","timestamp":"2025-06-22T15:57:42.867Z"}
classpath:features/performance/login-performance-concurrent.feature:13
22:57:42.872 [pool-2-thread-5] DEBUG org.apache.http.wire -- http-outgoing-61 << "HTTP/1.1 500 Internal Server Error[\r][\n]"
22:57:42.872 [pool-2-thread-5] DEBUG org.apache.http.wire -- http-outgoing-61 << "X-Powered-By: Express[\r][\n]"
22:57:42.872 [pool-2-thread-5] DEBUG org.apache.http.wire -- http-outgoing-61 << "Access-Control-Allow-Origin: *[\r][\n]"
22:57:42.872 [pool-2-thread-5] DEBUG org.apache.http.wire -- http-outgoing-61 << "Content-Type: application/json; charset=utf-8[\r][\n]"
22:57:42.872 [pool-2-thread-5] DEBUG org.apache.http.wire -- http-outgoing-61 << "Content-Length: 510[\r][\n]"
22:57:42.872 [pool-2-thread-5] DEBUG org.apache.http.wire -- http-outgoing-61 << "ETag: W/"1fe-y5f9JMakD8dWpX4mQ2VzjHstCeM"[\r][\n]"
22:57:42.872 [pool-2-thread-5] DEBUG org.apache.http.wire -- http-outgoing-61 << "Date: Sun, 22 Jun 2025 15:57:42 GMT[\r][\n]"
22:57:42.872 [pool-2-thread-5] DEBUG org.apache.http.wire -- http-outgoing-61 << "Connection: keep-alive[\r][\n]"
22:57:42.872 [pool-2-thread-5] DEBUG org.apache.http.wire -- http-outgoing-61 << "Keep-Alive: timeout=5[\r][\n]"
22:57:42.872 [pool-2-thread-5] DEBUG org.apache.http.wire -- http-outgoing-61 << "[\r][\n]"
22:57:42.872 [pool-2-thread-5] DEBUG org.apache.http.wire -- http-outgoing-61 << "{"success":false,"statusCode":500,"message":"\nInvalid `this.prisma.user.update()` invocation in\nD:\\Documents\\Workspace\\react_native\\roamly_backend\\src\\modules\\auth\\auth.service.ts:119:28\n\n  116 const refreshToken = crypto.randomBytes(32).toString('hex');\n  117 \n  118 // Update user with new refresh token\n[0xe2][0x86][0x92] 119 await this.prisma.user.update(\nTransaction failed due to a write conflict or a deadlock. Please retry your transaction","path":"/auth/login","timestamp":"2025-06-22T15:57:42.872Z"}"
22:57:42.872 [pool-2-thread-5] DEBUG org.apache.http.headers -- http-outgoing-61 << HTTP/1.1 500 Internal Server Error
22:57:42.872 [pool-2-thread-5] DEBUG org.apache.http.headers -- http-outgoing-61 << X-Powered-By: Express
22:57:42.872 [pool-2-thread-5] DEBUG org.apache.http.headers -- http-outgoing-61 << Access-Control-Allow-Origin: *
22:57:42.872 [pool-2-thread-5] DEBUG org.apache.http.headers -- http-outgoing-61 << Content-Type: application/json; charset=utf-8
22:57:42.872 [pool-2-thread-5] DEBUG org.apache.http.headers -- http-outgoing-61 << Content-Length: 510
22:57:42.872 [pool-2-thread-5] DEBUG org.apache.http.headers -- http-outgoing-61 << ETag: W/"1fe-y5f9JMakD8dWpX4mQ2VzjHstCeM"
22:57:42.872 [pool-2-thread-5] DEBUG org.apache.http.headers -- http-outgoing-61 << Date: Sun, 22 Jun 2025 15:57:42 GMT
22:57:42.872 [pool-2-thread-5] DEBUG org.apache.http.headers -- http-outgoing-61 << Connection: keep-alive
22:57:42.872 [pool-2-thread-5] DEBUG org.apache.http.headers -- http-outgoing-61 << Keep-Alive: timeout=5
22:57:42.872 [pool-2-thread-5] DEBUG org.apache.http.impl.execchain.MainClientExec -- Connection can be kept alive for 5000 MILLISECONDS
22:57:42.872 [pool-2-thread-5] DEBUG org.apache.http.impl.conn.PoolingHttpClientConnectionManager -- Connection [id: 23][route: {}->http://localhost:3000] can be kept alive for 5.0 seconds
22:57:42.872 [pool-2-thread-5] DEBUG org.apache.http.impl.conn.DefaultManagedHttpClientConnection -- http-outgoing-61: set socket timeout to 0
22:57:42.872 [pool-2-thread-5] DEBUG org.apache.http.impl.conn.PoolingHttpClientConnectionManager -- Connection released: [id: 23][route: {}->http://localhost:3000][total available: 1; route allocated: 1 of 5; total allocated: 1 of 10]
22:57:42.872 [pool-2-thread-5] DEBUG org.apache.http.impl.conn.PoolingHttpClientConnectionManager -- Connection manager is shutting down
22:57:42.872 [pool-2-thread-5] DEBUG org.apache.http.impl.conn.DefaultManagedHttpClientConnection -- http-outgoing-61: Close connection
22:57:42.872 [pool-2-thread-5] DEBUG org.apache.http.impl.conn.PoolingHttpClientConnectionManager -- Connection manager shut down
22:57:42.872 [pool-2-thread-5] DEBUG com.intuit.karate -- response time in milliseconds: 13666
1 < 500
1 < X-Powered-By: Express
1 < Access-Control-Allow-Origin: *
1 < Content-Type: application/json; charset=utf-8
1 < Content-Length: 510
1 < ETag: W/"1fe-y5f9JMakD8dWpX4mQ2VzjHstCeM"
1 < Date: Sun, 22 Jun 2025 15:57:42 GMT
1 < Connection: keep-alive
1 < Keep-Alive: timeout=5
{"success":false,"statusCode":500,"message":"\nInvalid `this.prisma.user.update()` invocation in\nD:\\Documents\\Workspace\\react_native\\roamly_backend\\src\\modules\\auth\\auth.service.ts:119:28\n\n  116 const refreshToken = crypto.randomBytes(32).toString('hex');\n  117 \n  118 // Update user with new refresh token\n? 119 await this.prisma.user.update(\nTransaction failed due to a write conflict or a deadlock. Please retry your transaction","path":"/auth/login","timestamp":"2025-06-22T15:57:42.872Z"}

22:57:42.873 [pool-2-thread-60] DEBUG org.apache.http.wire -- http-outgoing-21 << "HTTP/1.1 500 Internal Server Error[\r][\n]"
22:57:42.873 [pool-2-thread-60] DEBUG org.apache.http.wire -- http-outgoing-21 << "X-Powered-By: Express[\r][\n]"
22:57:42.873 [pool-2-thread-60] DEBUG org.apache.http.wire -- http-outgoing-21 << "Access-Control-Allow-Origin: *[\r][\n]"
22:57:42.873 [pool-2-thread-60] DEBUG org.apache.http.wire -- http-outgoing-21 << "Content-Type: application/json; charset=utf-8[\r][\n]"
22:57:42.873 [pool-2-thread-60] DEBUG org.apache.http.wire -- http-outgoing-21 << "Content-Length: 510[\r][\n]"
22:57:42.873 [pool-2-thread-60] DEBUG org.apache.http.wire -- http-outgoing-21 << "ETag: W/"1fe-bfRG5iNNq4G1wHtquQne0uM+8D8"[\r][\n]"
22:57:42.873 [pool-2-thread-60] DEBUG org.apache.http.wire -- http-outgoing-21 << "Date: Sun, 22 Jun 2025 15:57:42 GMT[\r][\n]"
22:57:42.873 [pool-2-thread-60] DEBUG org.apache.http.wire -- http-outgoing-21 << "Connection: keep-alive[\r][\n]"
22:57:42.873 [pool-2-thread-60] DEBUG org.apache.http.wire -- http-outgoing-21 << "Keep-Alive: timeout=5[\r][\n]"
22:57:42.873 [pool-2-thread-60] DEBUG org.apache.http.wire -- http-outgoing-21 << "[\r][\n]"
22:57:42.873 [pool-2-thread-60] DEBUG org.apache.http.wire -- http-outgoing-21 << "{"success":false,"statusCode":500,"message":"\nInvalid `this.prisma.user.update()` invocation in\nD:\\Documents\\Workspace\\react_native\\roamly_backend\\src\\modules\\auth\\auth.service.ts:119:28\n\n  116 const refreshToken = crypto.randomBytes(32).toString('hex');\n  117 \n  118 // Update user with new refresh token\n[0xe2][0x86][0x92] 119 await this.prisma.user.update(\nTransaction failed due to a write conflict or a deadlock. Please retry your transaction","path":"/auth/login","timestamp":"2025-06-22T15:57:42.873Z"}"
22:57:42.873 [pool-2-thread-60] DEBUG org.apache.http.headers -- http-outgoing-21 << HTTP/1.1 500 Internal Server Error
22:57:42.873 [pool-2-thread-60] DEBUG org.apache.http.headers -- http-outgoing-21 << X-Powered-By: Express
22:57:42.873 [pool-2-thread-60] DEBUG org.apache.http.headers -- http-outgoing-21 << Access-Control-Allow-Origin: *
22:57:42.873 [pool-2-thread-60] DEBUG org.apache.http.headers -- http-outgoing-21 << Content-Type: application/json; charset=utf-8
22:57:42.873 [pool-2-thread-60] DEBUG org.apache.http.headers -- http-outgoing-21 << Content-Length: 510
22:57:42.873 [pool-2-thread-60] DEBUG org.apache.http.headers -- http-outgoing-21 << ETag: W/"1fe-bfRG5iNNq4G1wHtquQne0uM+8D8"
22:57:42.873 [pool-2-thread-60] DEBUG org.apache.http.headers -- http-outgoing-21 << Date: Sun, 22 Jun 2025 15:57:42 GMT
22:57:42.873 [pool-2-thread-60] DEBUG org.apache.http.headers -- http-outgoing-21 << Connection: keep-alive
22:57:42.873 [pool-2-thread-60] DEBUG org.apache.http.headers -- http-outgoing-21 << Keep-Alive: timeout=5
22:57:42.873 [pool-2-thread-60] DEBUG org.apache.http.impl.execchain.MainClientExec -- Connection can be kept alive for 5000 MILLISECONDS
22:57:42.873 [pool-2-thread-60] DEBUG org.apache.http.impl.conn.PoolingHttpClientConnectionManager -- Connection [id: 89][route: {}->http://localhost:3000] can be kept alive for 5.0 seconds
22:57:42.873 [pool-2-thread-60] DEBUG org.apache.http.impl.conn.DefaultManagedHttpClientConnection -- http-outgoing-21: set socket timeout to 0
22:57:42.873 [pool-2-thread-60] DEBUG org.apache.http.impl.conn.PoolingHttpClientConnectionManager -- Connection released: [id: 89][route: {}->http://localhost:3000][total available: 1; route allocated: 1 of 5; total allocated: 1 of 10]
22:57:42.873 [pool-2-thread-60] DEBUG org.apache.http.impl.conn.PoolingHttpClientConnectionManager -- Connection manager is shutting down
22:57:42.873 [pool-2-thread-60] DEBUG org.apache.http.impl.conn.DefaultManagedHttpClientConnection -- http-outgoing-21: Close connection
22:57:42.873 [pool-2-thread-60] DEBUG org.apache.http.impl.conn.PoolingHttpClientConnectionManager -- Connection manager shut down
22:57:42.873 [pool-2-thread-5] ERROR com.intuit.karate -- classpath:features/performance/login-performance-concurrent.feature:13
Then status 200
status code was: 500, expected: 200, response time in milliseconds: 13666, url: http://localhost:3000/auth/login, response: 
{"success":false,"statusCode":500,"message":"\nInvalid `this.prisma.user.update()` invocation in\nD:\\Documents\\Workspace\\react_native\\roamly_backend\\src\\modules\\auth\\auth.service.ts:119:28\n\n  116 const refreshToken = crypto.randomBytes(32).toString('hex');\n  117 \n  118 // Update user with new refresh token\n? 119 await this.prisma.user.update(\nTransaction failed due to a write conflict or a deadlock. Please retry your transaction","path":"/auth/login","timestamp":"2025-06-22T15:57:42.872Z"}
classpath:features/performance/login-performance-concurrent.feature:13
22:57:42.873 [pool-2-thread-60] DEBUG com.intuit.karate -- response time in milliseconds: 13654
1 < 500
1 < X-Powered-By: Express
1 < Access-Control-Allow-Origin: *
1 < Content-Type: application/json; charset=utf-8
1 < Content-Length: 510
1 < ETag: W/"1fe-bfRG5iNNq4G1wHtquQne0uM+8D8"
1 < Date: Sun, 22 Jun 2025 15:57:42 GMT
1 < Connection: keep-alive
1 < Keep-Alive: timeout=5
{"success":false,"statusCode":500,"message":"\nInvalid `this.prisma.user.update()` invocation in\nD:\\Documents\\Workspace\\react_native\\roamly_backend\\src\\modules\\auth\\auth.service.ts:119:28\n\n  116 const refreshToken = crypto.randomBytes(32).toString('hex');\n  117 \n  118 // Update user with new refresh token\n? 119 await this.prisma.user.update(\nTransaction failed due to a write conflict or a deadlock. Please retry your transaction","path":"/auth/login","timestamp":"2025-06-22T15:57:42.873Z"}

22:57:42.874 [pool-2-thread-60] ERROR com.intuit.karate -- classpath:features/performance/login-performance-concurrent.feature:13
Then status 200
status code was: 500, expected: 200, response time in milliseconds: 13654, url: http://localhost:3000/auth/login, response: 
{"success":false,"statusCode":500,"message":"\nInvalid `this.prisma.user.update()` invocation in\nD:\\Documents\\Workspace\\react_native\\roamly_backend\\src\\modules\\auth\\auth.service.ts:119:28\n\n  116 const refreshToken = crypto.randomBytes(32).toString('hex');\n  117 \n  118 // Update user with new refresh token\n? 119 await this.prisma.user.update(\nTransaction failed due to a write conflict or a deadlock. Please retry your transaction","path":"/auth/login","timestamp":"2025-06-22T15:57:42.873Z"}
classpath:features/performance/login-performance-concurrent.feature:13
22:57:42.878 [pool-2-thread-39] DEBUG org.apache.http.wire -- http-outgoing-62 << "HTTP/1.1 500 Internal Server Error[\r][\n]"
22:57:42.878 [pool-2-thread-39] DEBUG org.apache.http.wire -- http-outgoing-62 << "X-Powered-By: Express[\r][\n]"
22:57:42.878 [pool-2-thread-39] DEBUG org.apache.http.wire -- http-outgoing-62 << "Access-Control-Allow-Origin: *[\r][\n]"
22:57:42.878 [pool-2-thread-39] DEBUG org.apache.http.wire -- http-outgoing-62 << "Content-Type: application/json; charset=utf-8[\r][\n]"
22:57:42.878 [pool-2-thread-39] DEBUG org.apache.http.wire -- http-outgoing-62 << "Content-Length: 510[\r][\n]"
22:57:42.878 [pool-2-thread-39] DEBUG org.apache.http.wire -- http-outgoing-62 << "ETag: W/"1fe-q7MSqS/Q0uK4gX2Is2jQgu82CRk"[\r][\n]"
22:57:42.879 [pool-2-thread-39] DEBUG org.apache.http.wire -- http-outgoing-62 << "Date: Sun, 22 Jun 2025 15:57:42 GMT[\r][\n]"
22:57:42.879 [pool-2-thread-39] DEBUG org.apache.http.wire -- http-outgoing-62 << "Connection: keep-alive[\r][\n]"
22:57:42.879 [pool-2-thread-39] DEBUG org.apache.http.wire -- http-outgoing-62 << "Keep-Alive: timeout=5[\r][\n]"
22:57:42.879 [pool-2-thread-39] DEBUG org.apache.http.wire -- http-outgoing-62 << "[\r][\n]"
22:57:42.879 [pool-2-thread-39] DEBUG org.apache.http.wire -- http-outgoing-62 << "{"success":false,"statusCode":500,"message":"\nInvalid `this.prisma.user.update()` invocation in\nD:\\Documents\\Workspace\\react_native\\roamly_backend\\src\\modules\\auth\\auth.service.ts:119:28\n\n  116 const refreshToken = crypto.randomBytes(32).toString('hex');\n  117 \n  118 // Update user with new refresh token\n[0xe2][0x86][0x92] 119 await this.prisma.user.update(\nTransaction failed due to a write conflict or a deadlock. Please retry your transaction","path":"/auth/login","timestamp":"2025-06-22T15:57:42.879Z"}"
22:57:42.879 [pool-2-thread-39] DEBUG org.apache.http.headers -- http-outgoing-62 << HTTP/1.1 500 Internal Server Error
22:57:42.879 [pool-2-thread-39] DEBUG org.apache.http.headers -- http-outgoing-62 << X-Powered-By: Express
22:57:42.879 [pool-2-thread-39] DEBUG org.apache.http.headers -- http-outgoing-62 << Access-Control-Allow-Origin: *
22:57:42.879 [pool-2-thread-39] DEBUG org.apache.http.headers -- http-outgoing-62 << Content-Type: application/json; charset=utf-8
22:57:42.879 [pool-2-thread-39] DEBUG org.apache.http.headers -- http-outgoing-62 << Content-Length: 510
22:57:42.879 [pool-2-thread-39] DEBUG org.apache.http.headers -- http-outgoing-62 << ETag: W/"1fe-q7MSqS/Q0uK4gX2Is2jQgu82CRk"
22:57:42.879 [pool-2-thread-39] DEBUG org.apache.http.headers -- http-outgoing-62 << Date: Sun, 22 Jun 2025 15:57:42 GMT
22:57:42.879 [pool-2-thread-39] DEBUG org.apache.http.headers -- http-outgoing-62 << Connection: keep-alive
22:57:42.879 [pool-2-thread-39] DEBUG org.apache.http.headers -- http-outgoing-62 << Keep-Alive: timeout=5
22:57:42.879 [pool-2-thread-39] DEBUG org.apache.http.impl.execchain.MainClientExec -- Connection can be kept alive for 5000 MILLISECONDS
22:57:42.879 [pool-2-thread-39] DEBUG org.apache.http.impl.conn.PoolingHttpClientConnectionManager -- Connection [id: 71][route: {}->http://localhost:3000] can be kept alive for 5.0 seconds
22:57:42.879 [pool-2-thread-39] DEBUG org.apache.http.impl.conn.DefaultManagedHttpClientConnection -- http-outgoing-62: set socket timeout to 0
22:57:42.879 [pool-2-thread-39] DEBUG org.apache.http.impl.conn.PoolingHttpClientConnectionManager -- Connection released: [id: 71][route: {}->http://localhost:3000][total available: 1; route allocated: 1 of 5; total allocated: 1 of 10]
22:57:42.879 [pool-2-thread-39] DEBUG org.apache.http.impl.conn.PoolingHttpClientConnectionManager -- Connection manager is shutting down
22:57:42.879 [pool-2-thread-39] DEBUG org.apache.http.impl.conn.DefaultManagedHttpClientConnection -- http-outgoing-62: Close connection
22:57:42.879 [pool-2-thread-39] DEBUG org.apache.http.impl.conn.PoolingHttpClientConnectionManager -- Connection manager shut down
22:57:42.879 [pool-2-thread-39] DEBUG com.intuit.karate -- response time in milliseconds: 13672
1 < 500
1 < X-Powered-By: Express
1 < Access-Control-Allow-Origin: *
1 < Content-Type: application/json; charset=utf-8
1 < Content-Length: 510
1 < ETag: W/"1fe-q7MSqS/Q0uK4gX2Is2jQgu82CRk"
1 < Date: Sun, 22 Jun 2025 15:57:42 GMT
1 < Connection: keep-alive
1 < Keep-Alive: timeout=5
{"success":false,"statusCode":500,"message":"\nInvalid `this.prisma.user.update()` invocation in\nD:\\Documents\\Workspace\\react_native\\roamly_backend\\src\\modules\\auth\\auth.service.ts:119:28\n\n  116 const refreshToken = crypto.randomBytes(32).toString('hex');\n  117 \n  118 // Update user with new refresh token\n? 119 await this.prisma.user.update(\nTransaction failed due to a write conflict or a deadlock. Please retry your transaction","path":"/auth/login","timestamp":"2025-06-22T15:57:42.879Z"}

22:57:42.880 [pool-2-thread-39] ERROR com.intuit.karate -- classpath:features/performance/login-performance-concurrent.feature:13
Then status 200
status code was: 500, expected: 200, response time in milliseconds: 13672, url: http://localhost:3000/auth/login, response: 
{"success":false,"statusCode":500,"message":"\nInvalid `this.prisma.user.update()` invocation in\nD:\\Documents\\Workspace\\react_native\\roamly_backend\\src\\modules\\auth\\auth.service.ts:119:28\n\n  116 const refreshToken = crypto.randomBytes(32).toString('hex');\n  117 \n  118 // Update user with new refresh token\n? 119 await this.prisma.user.update(\nTransaction failed due to a write conflict or a deadlock. Please retry your transaction","path":"/auth/login","timestamp":"2025-06-22T15:57:42.879Z"}
classpath:features/performance/login-performance-concurrent.feature:13
22:57:42.883 [pool-2-thread-81] DEBUG org.apache.http.wire -- http-outgoing-35 << "HTTP/1.1 500 Internal Server Error[\r][\n]"
22:57:42.883 [pool-2-thread-81] DEBUG org.apache.http.wire -- http-outgoing-35 << "X-Powered-By: Express[\r][\n]"
22:57:42.883 [pool-2-thread-81] DEBUG org.apache.http.wire -- http-outgoing-35 << "Access-Control-Allow-Origin: *[\r][\n]"
22:57:42.883 [pool-2-thread-81] DEBUG org.apache.http.wire -- http-outgoing-35 << "Content-Type: application/json; charset=utf-8[\r][\n]"
22:57:42.883 [pool-2-thread-81] DEBUG org.apache.http.wire -- http-outgoing-35 << "Content-Length: 510[\r][\n]"
22:57:42.883 [pool-2-thread-81] DEBUG org.apache.http.wire -- http-outgoing-35 << "ETag: W/"1fe-jqPfdacJQqXQZe+Lr18nQUjMdhU"[\r][\n]"
22:57:42.883 [pool-2-thread-81] DEBUG org.apache.http.wire -- http-outgoing-35 << "Date: Sun, 22 Jun 2025 15:57:42 GMT[\r][\n]"
22:57:42.883 [pool-2-thread-81] DEBUG org.apache.http.wire -- http-outgoing-35 << "Connection: keep-alive[\r][\n]"
22:57:42.883 [pool-2-thread-81] DEBUG org.apache.http.wire -- http-outgoing-35 << "Keep-Alive: timeout=5[\r][\n]"
22:57:42.883 [pool-2-thread-81] DEBUG org.apache.http.wire -- http-outgoing-35 << "[\r][\n]"
22:57:42.883 [pool-2-thread-81] DEBUG org.apache.http.wire -- http-outgoing-35 << "{"success":false,"statusCode":500,"message":"\nInvalid `this.prisma.user.update()` invocation in\nD:\\Documents\\Workspace\\react_native\\roamly_backend\\src\\modules\\auth\\auth.service.ts:119:28\n\n  116 const refreshToken = crypto.randomBytes(32).toString('hex');\n  117 \n  118 // Update user with new refresh token\n[0xe2][0x86][0x92] 119 await this.prisma.user.update(\nTransaction failed due to a write conflict or a deadlock. Please retry your transaction","path":"/auth/login","timestamp":"2025-06-22T15:57:42.882Z"}"
22:57:42.883 [pool-2-thread-81] DEBUG org.apache.http.headers -- http-outgoing-35 << HTTP/1.1 500 Internal Server Error
22:57:42.883 [pool-2-thread-81] DEBUG org.apache.http.headers -- http-outgoing-35 << X-Powered-By: Express
22:57:42.883 [pool-2-thread-81] DEBUG org.apache.http.headers -- http-outgoing-35 << Access-Control-Allow-Origin: *
22:57:42.883 [pool-2-thread-81] DEBUG org.apache.http.headers -- http-outgoing-35 << Content-Type: application/json; charset=utf-8
22:57:42.883 [pool-2-thread-81] DEBUG org.apache.http.headers -- http-outgoing-35 << Content-Length: 510
22:57:42.883 [pool-2-thread-81] DEBUG org.apache.http.headers -- http-outgoing-35 << ETag: W/"1fe-jqPfdacJQqXQZe+Lr18nQUjMdhU"
22:57:42.883 [pool-2-thread-81] DEBUG org.apache.http.headers -- http-outgoing-35 << Date: Sun, 22 Jun 2025 15:57:42 GMT
22:57:42.883 [pool-2-thread-81] DEBUG org.apache.http.headers -- http-outgoing-35 << Connection: keep-alive
22:57:42.883 [pool-2-thread-81] DEBUG org.apache.http.headers -- http-outgoing-35 << Keep-Alive: timeout=5
22:57:42.883 [pool-2-thread-81] DEBUG org.apache.http.impl.execchain.MainClientExec -- Connection can be kept alive for 5000 MILLISECONDS
22:57:42.883 [pool-2-thread-59] DEBUG org.apache.http.wire -- http-outgoing-50 << "HTTP/1.1 200 OK[\r][\n]"
22:57:42.883 [pool-2-thread-59] DEBUG org.apache.http.wire -- http-outgoing-50 << "X-Powered-By: Express[\r][\n]"
22:57:42.883 [pool-2-thread-59] DEBUG org.apache.http.wire -- http-outgoing-50 << "Access-Control-Allow-Origin: *[\r][\n]"
22:57:42.883 [pool-2-thread-59] DEBUG org.apache.http.wire -- http-outgoing-50 << "Content-Type: application/json; charset=utf-8[\r][\n]"
22:57:42.883 [pool-2-thread-59] DEBUG org.apache.http.wire -- http-outgoing-50 << "Content-Length: 604[\r][\n]"
22:57:42.883 [pool-2-thread-59] DEBUG org.apache.http.wire -- http-outgoing-50 << "ETag: W/"25c-kHb4PVbzF49fCsGyUoejW2G89qo"[\r][\n]"
22:57:42.883 [pool-2-thread-59] DEBUG org.apache.http.wire -- http-outgoing-50 << "Date: Sun, 22 Jun 2025 15:57:42 GMT[\r][\n]"
22:57:42.883 [pool-2-thread-59] DEBUG org.apache.http.wire -- http-outgoing-50 << "Connection: keep-alive[\r][\n]"
22:57:42.883 [pool-2-thread-59] DEBUG org.apache.http.wire -- http-outgoing-50 << "Keep-Alive: timeout=5[\r][\n]"
22:57:42.883 [pool-2-thread-59] DEBUG org.apache.http.wire -- http-outgoing-50 << "[\r][\n]"
22:57:42.883 [pool-2-thread-59] DEBUG org.apache.http.wire -- http-outgoing-50 << "{"access_token":"eyJhbGciOiJIUzI1NiIsInR5cCI6IkpXVCJ9.eyJzdWIiOiJkZjZmMDkxOS1hMjNkLTQ0YzktYTkyNS00ZWE4YmU1MjVkMTAiLCJ1c2VybmFtZSI6ImpvaG5kb2UyMyIsInJvbGUiOjAsImlhdCI6MTc1MDYwNzg2MSwiZXhwIjoxNzUwNjExNDYxfQ.IkiVdUgOi4GxvdSwnng1lzIFvFjQqznOkm0b9IY9hTk","refresh_token":"4d85a0ab091dece035d8070e75cf827c9de8fadbf4890bdbdfe90d85fe55d472","user":{"id":"df6f0919-a23d-44c9-a925-4ea8be525d10","email":"testit@gmail.com","username":"johndoe23","name":"John Doe","phoneNumber":"0123456788","profilePic":null,"bio":null,"private":false,"verified":false,"role":0,"followersCount":0,"followingCount":0,"postCount":0}}"
22:57:42.883 [pool-2-thread-81] DEBUG org.apache.http.impl.conn.PoolingHttpClientConnectionManager -- Connection [id: 90][route: {}->http://localhost:3000] can be kept alive for 5.0 seconds
22:57:42.883 [pool-2-thread-81] DEBUG org.apache.http.impl.conn.DefaultManagedHttpClientConnection -- http-outgoing-35: set socket timeout to 0
22:57:42.883 [pool-2-thread-59] DEBUG org.apache.http.headers -- http-outgoing-50 << HTTP/1.1 200 OK
22:57:42.883 [pool-2-thread-59] DEBUG org.apache.http.headers -- http-outgoing-50 << X-Powered-By: Express
22:57:42.883 [pool-2-thread-59] DEBUG org.apache.http.headers -- http-outgoing-50 << Access-Control-Allow-Origin: *
22:57:42.883 [pool-2-thread-59] DEBUG org.apache.http.headers -- http-outgoing-50 << Content-Type: application/json; charset=utf-8
22:57:42.883 [pool-2-thread-81] DEBUG org.apache.http.impl.conn.PoolingHttpClientConnectionManager -- Connection released: [id: 90][route: {}->http://localhost:3000][total available: 1; route allocated: 1 of 5; total allocated: 1 of 10]
22:57:42.883 [pool-2-thread-59] DEBUG org.apache.http.headers -- http-outgoing-50 << Content-Length: 604
22:57:42.883 [pool-2-thread-59] DEBUG org.apache.http.headers -- http-outgoing-50 << ETag: W/"25c-kHb4PVbzF49fCsGyUoejW2G89qo"
22:57:42.883 [pool-2-thread-81] DEBUG org.apache.http.impl.conn.PoolingHttpClientConnectionManager -- Connection manager is shutting down
22:57:42.883 [pool-2-thread-59] DEBUG org.apache.http.headers -- http-outgoing-50 << Date: Sun, 22 Jun 2025 15:57:42 GMT
22:57:42.883 [pool-2-thread-59] DEBUG org.apache.http.headers -- http-outgoing-50 << Connection: keep-alive
22:57:42.883 [pool-2-thread-59] DEBUG org.apache.http.headers -- http-outgoing-50 << Keep-Alive: timeout=5
22:57:42.883 [pool-2-thread-81] DEBUG org.apache.http.impl.conn.DefaultManagedHttpClientConnection -- http-outgoing-35: Close connection
22:57:42.883 [pool-2-thread-59] DEBUG org.apache.http.impl.execchain.MainClientExec -- Connection can be kept alive for 5000 MILLISECONDS
22:57:42.883 [pool-2-thread-81] DEBUG org.apache.http.impl.conn.PoolingHttpClientConnectionManager -- Connection manager shut down
22:57:42.883 [pool-2-thread-59] DEBUG org.apache.http.impl.conn.PoolingHttpClientConnectionManager -- Connection [id: 56][route: {}->http://localhost:3000] can be kept alive for 5.0 seconds
22:57:42.883 [pool-2-thread-59] DEBUG org.apache.http.impl.conn.DefaultManagedHttpClientConnection -- http-outgoing-50: set socket timeout to 0
22:57:42.883 [pool-2-thread-59] DEBUG org.apache.http.impl.conn.PoolingHttpClientConnectionManager -- Connection released: [id: 56][route: {}->http://localhost:3000][total available: 1; route allocated: 1 of 5; total allocated: 1 of 10]
22:57:42.883 [pool-2-thread-59] DEBUG org.apache.http.impl.conn.PoolingHttpClientConnectionManager -- Connection manager is shutting down
22:57:42.883 [pool-2-thread-59] DEBUG org.apache.http.impl.conn.DefaultManagedHttpClientConnection -- http-outgoing-50: Close connection
22:57:42.883 [pool-2-thread-59] DEBUG org.apache.http.impl.conn.PoolingHttpClientConnectionManager -- Connection manager shut down
22:57:42.883 [pool-2-thread-59] DEBUG com.intuit.karate -- response time in milliseconds: 13678
1 < 200
1 < X-Powered-By: Express
1 < Access-Control-Allow-Origin: *
1 < Content-Type: application/json; charset=utf-8
1 < Content-Length: 604
1 < ETag: W/"25c-kHb4PVbzF49fCsGyUoejW2G89qo"
1 < Date: Sun, 22 Jun 2025 15:57:42 GMT
1 < Connection: keep-alive
1 < Keep-Alive: timeout=5
{"access_token":"eyJhbGciOiJIUzI1NiIsInR5cCI6IkpXVCJ9.eyJzdWIiOiJkZjZmMDkxOS1hMjNkLTQ0YzktYTkyNS00ZWE4YmU1MjVkMTAiLCJ1c2VybmFtZSI6ImpvaG5kb2UyMyIsInJvbGUiOjAsImlhdCI6MTc1MDYwNzg2MSwiZXhwIjoxNzUwNjExNDYxfQ.IkiVdUgOi4GxvdSwnng1lzIFvFjQqznOkm0b9IY9hTk","refresh_token":"4d85a0ab091dece035d8070e75cf827c9de8fadbf4890bdbdfe90d85fe55d472","user":{"id":"df6f0919-a23d-44c9-a925-4ea8be525d10","email":"testit@gmail.com","username":"johndoe23","name":"John Doe","phoneNumber":"0123456788","profilePic":null,"bio":null,"private":false,"verified":false,"role":0,"followersCount":0,"followingCount":0,"postCount":0}}

22:57:42.883 [pool-2-thread-81] DEBUG com.intuit.karate -- response time in milliseconds: 13678
1 < 500
1 < X-Powered-By: Express
1 < Access-Control-Allow-Origin: *
1 < Content-Type: application/json; charset=utf-8
1 < Content-Length: 510
1 < ETag: W/"1fe-jqPfdacJQqXQZe+Lr18nQUjMdhU"
1 < Date: Sun, 22 Jun 2025 15:57:42 GMT
1 < Connection: keep-alive
1 < Keep-Alive: timeout=5
{"success":false,"statusCode":500,"message":"\nInvalid `this.prisma.user.update()` invocation in\nD:\\Documents\\Workspace\\react_native\\roamly_backend\\src\\modules\\auth\\auth.service.ts:119:28\n\n  116 const refreshToken = crypto.randomBytes(32).toString('hex');\n  117 \n  118 // Update user with new refresh token\n? 119 await this.prisma.user.update(\nTransaction failed due to a write conflict or a deadlock. Please retry your transaction","path":"/auth/login","timestamp":"2025-06-22T15:57:42.882Z"}

22:57:42.884 [pool-2-thread-81] ERROR com.intuit.karate -- classpath:features/performance/login-performance-concurrent.feature:13
Then status 200
status code was: 500, expected: 200, response time in milliseconds: 13678, url: http://localhost:3000/auth/login, response: 
{"success":false,"statusCode":500,"message":"\nInvalid `this.prisma.user.update()` invocation in\nD:\\Documents\\Workspace\\react_native\\roamly_backend\\src\\modules\\auth\\auth.service.ts:119:28\n\n  116 const refreshToken = crypto.randomBytes(32).toString('hex');\n  117 \n  118 // Update user with new refresh token\n? 119 await this.prisma.user.update(\nTransaction failed due to a write conflict or a deadlock. Please retry your transaction","path":"/auth/login","timestamp":"2025-06-22T15:57:42.882Z"}
classpath:features/performance/login-performance-concurrent.feature:13
22:57:42.885 [pool-2-thread-59] INFO com.intuit.karate -- [print] Concurrent call completed, status: 200 
22:57:42.890 [pool-2-thread-21] DEBUG org.apache.http.wire -- http-outgoing-68 << "HTTP/1.1 500 Internal Server Error[\r][\n]"
22:57:42.890 [pool-2-thread-21] DEBUG org.apache.http.wire -- http-outgoing-68 << "X-Powered-By: Express[\r][\n]"
22:57:42.890 [pool-2-thread-21] DEBUG org.apache.http.wire -- http-outgoing-68 << "Access-Control-Allow-Origin: *[\r][\n]"
22:57:42.890 [pool-2-thread-21] DEBUG org.apache.http.wire -- http-outgoing-68 << "Content-Type: application/json; charset=utf-8[\r][\n]"
22:57:42.890 [pool-2-thread-21] DEBUG org.apache.http.wire -- http-outgoing-68 << "Content-Length: 510[\r][\n]"
22:57:42.890 [pool-2-thread-21] DEBUG org.apache.http.wire -- http-outgoing-68 << "ETag: W/"1fe-6fNyOUO4e/xVArS4I6CMLH2mfU0"[\r][\n]"
22:57:42.890 [pool-2-thread-21] DEBUG org.apache.http.wire -- http-outgoing-68 << "Date: Sun, 22 Jun 2025 15:57:42 GMT[\r][\n]"
22:57:42.890 [pool-2-thread-21] DEBUG org.apache.http.wire -- http-outgoing-68 << "Connection: keep-alive[\r][\n]"
22:57:42.890 [pool-2-thread-21] DEBUG org.apache.http.wire -- http-outgoing-68 << "Keep-Alive: timeout=5[\r][\n]"
22:57:42.890 [pool-2-thread-21] DEBUG org.apache.http.wire -- http-outgoing-68 << "[\r][\n]"
22:57:42.890 [pool-2-thread-21] DEBUG org.apache.http.wire -- http-outgoing-68 << "{"success":false,"statusCode":500,"message":"\nInvalid `this.prisma.user.update()` invocation in\nD:\\Documents\\Workspace\\react_native\\roamly_backend\\src\\modules\\auth\\auth.service.ts:119:28\n\n  116 const refreshToken = crypto.randomBytes(32).toString('hex');\n  117 \n  118 // Update user with new refresh token\n[0xe2][0x86][0x92] 119 await this.prisma.user.update(\nTransaction failed due to a write conflict or a deadlock. Please retry your transaction","path":"/auth/login","timestamp":"2025-06-22T15:57:42.890Z"}"
22:57:42.891 [pool-2-thread-21] DEBUG org.apache.http.headers -- http-outgoing-68 << HTTP/1.1 500 Internal Server Error
22:57:42.891 [pool-2-thread-21] DEBUG org.apache.http.headers -- http-outgoing-68 << X-Powered-By: Express
22:57:42.891 [pool-2-thread-21] DEBUG org.apache.http.headers -- http-outgoing-68 << Access-Control-Allow-Origin: *
22:57:42.891 [pool-2-thread-21] DEBUG org.apache.http.headers -- http-outgoing-68 << Content-Type: application/json; charset=utf-8
22:57:42.891 [pool-2-thread-21] DEBUG org.apache.http.headers -- http-outgoing-68 << Content-Length: 510
22:57:42.891 [pool-2-thread-21] DEBUG org.apache.http.headers -- http-outgoing-68 << ETag: W/"1fe-6fNyOUO4e/xVArS4I6CMLH2mfU0"
22:57:42.891 [pool-2-thread-21] DEBUG org.apache.http.headers -- http-outgoing-68 << Date: Sun, 22 Jun 2025 15:57:42 GMT
22:57:42.891 [pool-2-thread-21] DEBUG org.apache.http.headers -- http-outgoing-68 << Connection: keep-alive
22:57:42.891 [pool-2-thread-21] DEBUG org.apache.http.headers -- http-outgoing-68 << Keep-Alive: timeout=5
22:57:42.891 [pool-2-thread-21] DEBUG org.apache.http.impl.execchain.MainClientExec -- Connection can be kept alive for 5000 MILLISECONDS
22:57:42.891 [pool-2-thread-21] DEBUG org.apache.http.impl.conn.PoolingHttpClientConnectionManager -- Connection [id: 27][route: {}->http://localhost:3000] can be kept alive for 5.0 seconds
22:57:42.891 [pool-2-thread-21] DEBUG org.apache.http.impl.conn.DefaultManagedHttpClientConnection -- http-outgoing-68: set socket timeout to 0
22:57:42.891 [pool-2-thread-21] DEBUG org.apache.http.impl.conn.PoolingHttpClientConnectionManager -- Connection released: [id: 27][route: {}->http://localhost:3000][total available: 1; route allocated: 1 of 5; total allocated: 1 of 10]
22:57:42.891 [pool-2-thread-21] DEBUG org.apache.http.impl.conn.PoolingHttpClientConnectionManager -- Connection manager is shutting down
22:57:42.891 [pool-2-thread-21] DEBUG org.apache.http.impl.conn.DefaultManagedHttpClientConnection -- http-outgoing-68: Close connection
22:57:42.891 [pool-2-thread-21] DEBUG org.apache.http.impl.conn.PoolingHttpClientConnectionManager -- Connection manager shut down
22:57:42.891 [pool-2-thread-21] DEBUG com.intuit.karate -- response time in milliseconds: 13684
1 < 500
1 < X-Powered-By: Express
1 < Access-Control-Allow-Origin: *
1 < Content-Type: application/json; charset=utf-8
1 < Content-Length: 510
1 < ETag: W/"1fe-6fNyOUO4e/xVArS4I6CMLH2mfU0"
1 < Date: Sun, 22 Jun 2025 15:57:42 GMT
1 < Connection: keep-alive
1 < Keep-Alive: timeout=5
{"success":false,"statusCode":500,"message":"\nInvalid `this.prisma.user.update()` invocation in\nD:\\Documents\\Workspace\\react_native\\roamly_backend\\src\\modules\\auth\\auth.service.ts:119:28\n\n  116 const refreshToken = crypto.randomBytes(32).toString('hex');\n  117 \n  118 // Update user with new refresh token\n? 119 await this.prisma.user.update(\nTransaction failed due to a write conflict or a deadlock. Please retry your transaction","path":"/auth/login","timestamp":"2025-06-22T15:57:42.890Z"}

22:57:42.892 [pool-2-thread-21] ERROR com.intuit.karate -- classpath:features/performance/login-performance-concurrent.feature:13
Then status 200
status code was: 500, expected: 200, response time in milliseconds: 13684, url: http://localhost:3000/auth/login, response: 
{"success":false,"statusCode":500,"message":"\nInvalid `this.prisma.user.update()` invocation in\nD:\\Documents\\Workspace\\react_native\\roamly_backend\\src\\modules\\auth\\auth.service.ts:119:28\n\n  116 const refreshToken = crypto.randomBytes(32).toString('hex');\n  117 \n  118 // Update user with new refresh token\n? 119 await this.prisma.user.update(\nTransaction failed due to a write conflict or a deadlock. Please retry your transaction","path":"/auth/login","timestamp":"2025-06-22T15:57:42.890Z"}
classpath:features/performance/login-performance-concurrent.feature:13
22:57:42.901 [pool-2-thread-66] DEBUG org.apache.http.wire -- http-outgoing-97 << "HTTP/1.1 500 Internal Server Error[\r][\n]"
22:57:42.901 [pool-2-thread-66] DEBUG org.apache.http.wire -- http-outgoing-97 << "X-Powered-By: Express[\r][\n]"
22:57:42.901 [pool-2-thread-66] DEBUG org.apache.http.wire -- http-outgoing-97 << "Access-Control-Allow-Origin: *[\r][\n]"
22:57:42.901 [pool-2-thread-66] DEBUG org.apache.http.wire -- http-outgoing-97 << "Content-Type: application/json; charset=utf-8[\r][\n]"
22:57:42.902 [pool-2-thread-66] DEBUG org.apache.http.wire -- http-outgoing-97 << "Content-Length: 510[\r][\n]"
22:57:42.902 [pool-2-thread-66] DEBUG org.apache.http.wire -- http-outgoing-97 << "ETag: W/"1fe-uDxj48U6j8/OvpEfcZoTD9ThbQA"[\r][\n]"
22:57:42.902 [pool-2-thread-66] DEBUG org.apache.http.wire -- http-outgoing-97 << "Date: Sun, 22 Jun 2025 15:57:42 GMT[\r][\n]"
22:57:42.902 [pool-2-thread-66] DEBUG org.apache.http.wire -- http-outgoing-97 << "Connection: keep-alive[\r][\n]"
22:57:42.902 [pool-2-thread-66] DEBUG org.apache.http.wire -- http-outgoing-97 << "Keep-Alive: timeout=5[\r][\n]"
22:57:42.902 [pool-2-thread-66] DEBUG org.apache.http.wire -- http-outgoing-97 << "[\r][\n]"
22:57:42.902 [pool-2-thread-66] DEBUG org.apache.http.wire -- http-outgoing-97 << "{"success":false,"statusCode":500,"message":"\nInvalid `this.prisma.user.update()` invocation in\nD:\\Documents\\Workspace\\react_native\\roamly_backend\\src\\modules\\auth\\auth.service.ts:119:28\n\n  116 const refreshToken = crypto.randomBytes(32).toString('hex');\n  117 \n  118 // Update user with new refresh token\n[0xe2][0x86][0x92] 119 await this.prisma.user.update(\nTransaction failed due to a write conflict or a deadlock. Please retry your transaction","path":"/auth/login","timestamp":"2025-06-22T15:57:42.901Z"}"
22:57:42.902 [pool-2-thread-66] DEBUG org.apache.http.headers -- http-outgoing-97 << HTTP/1.1 500 Internal Server Error
22:57:42.902 [pool-2-thread-66] DEBUG org.apache.http.headers -- http-outgoing-97 << X-Powered-By: Express
22:57:42.902 [pool-2-thread-66] DEBUG org.apache.http.headers -- http-outgoing-97 << Access-Control-Allow-Origin: *
22:57:42.902 [pool-2-thread-66] DEBUG org.apache.http.headers -- http-outgoing-97 << Content-Type: application/json; charset=utf-8
22:57:42.902 [pool-2-thread-66] DEBUG org.apache.http.headers -- http-outgoing-97 << Content-Length: 510
22:57:42.902 [pool-2-thread-66] DEBUG org.apache.http.headers -- http-outgoing-97 << ETag: W/"1fe-uDxj48U6j8/OvpEfcZoTD9ThbQA"
22:57:42.902 [pool-2-thread-66] DEBUG org.apache.http.headers -- http-outgoing-97 << Date: Sun, 22 Jun 2025 15:57:42 GMT
22:57:42.902 [pool-2-thread-66] DEBUG org.apache.http.headers -- http-outgoing-97 << Connection: keep-alive
22:57:42.902 [pool-2-thread-66] DEBUG org.apache.http.headers -- http-outgoing-97 << Keep-Alive: timeout=5
22:57:42.902 [pool-2-thread-66] DEBUG org.apache.http.impl.execchain.MainClientExec -- Connection can be kept alive for 5000 MILLISECONDS
22:57:42.902 [pool-2-thread-66] DEBUG org.apache.http.impl.conn.PoolingHttpClientConnectionManager -- Connection [id: 3][route: {}->http://localhost:3000] can be kept alive for 5.0 seconds
22:57:42.902 [pool-2-thread-66] DEBUG org.apache.http.impl.conn.DefaultManagedHttpClientConnection -- http-outgoing-97: set socket timeout to 0
22:57:42.902 [pool-2-thread-66] DEBUG org.apache.http.impl.conn.PoolingHttpClientConnectionManager -- Connection released: [id: 3][route: {}->http://localhost:3000][total available: 1; route allocated: 1 of 5; total allocated: 1 of 10]
22:57:42.902 [pool-2-thread-66] DEBUG org.apache.http.impl.conn.PoolingHttpClientConnectionManager -- Connection manager is shutting down
22:57:42.902 [pool-2-thread-66] DEBUG org.apache.http.impl.conn.DefaultManagedHttpClientConnection -- http-outgoing-97: Close connection
22:57:42.902 [pool-2-thread-66] DEBUG org.apache.http.impl.conn.PoolingHttpClientConnectionManager -- Connection manager shut down
22:57:42.902 [pool-2-thread-66] DEBUG com.intuit.karate -- response time in milliseconds: 13681
1 < 500
1 < X-Powered-By: Express
1 < Access-Control-Allow-Origin: *
1 < Content-Type: application/json; charset=utf-8
1 < Content-Length: 510
1 < ETag: W/"1fe-uDxj48U6j8/OvpEfcZoTD9ThbQA"
1 < Date: Sun, 22 Jun 2025 15:57:42 GMT
1 < Connection: keep-alive
1 < Keep-Alive: timeout=5
{"success":false,"statusCode":500,"message":"\nInvalid `this.prisma.user.update()` invocation in\nD:\\Documents\\Workspace\\react_native\\roamly_backend\\src\\modules\\auth\\auth.service.ts:119:28\n\n  116 const refreshToken = crypto.randomBytes(32).toString('hex');\n  117 \n  118 // Update user with new refresh token\n? 119 await this.prisma.user.update(\nTransaction failed due to a write conflict or a deadlock. Please retry your transaction","path":"/auth/login","timestamp":"2025-06-22T15:57:42.901Z"}

22:57:42.903 [pool-2-thread-66] ERROR com.intuit.karate -- classpath:features/performance/login-performance-concurrent.feature:13
Then status 200
status code was: 500, expected: 200, response time in milliseconds: 13681, url: http://localhost:3000/auth/login, response: 
{"success":false,"statusCode":500,"message":"\nInvalid `this.prisma.user.update()` invocation in\nD:\\Documents\\Workspace\\react_native\\roamly_backend\\src\\modules\\auth\\auth.service.ts:119:28\n\n  116 const refreshToken = crypto.randomBytes(32).toString('hex');\n  117 \n  118 // Update user with new refresh token\n? 119 await this.prisma.user.update(\nTransaction failed due to a write conflict or a deadlock. Please retry your transaction","path":"/auth/login","timestamp":"2025-06-22T15:57:42.901Z"}
classpath:features/performance/login-performance-concurrent.feature:13
22:57:42.906 [pool-2-thread-27] DEBUG org.apache.http.wire -- http-outgoing-5 << "HTTP/1.1 500 Internal Server Error[\r][\n]"
22:57:42.906 [pool-2-thread-27] DEBUG org.apache.http.wire -- http-outgoing-5 << "X-Powered-By: Express[\r][\n]"
22:57:42.906 [pool-2-thread-27] DEBUG org.apache.http.wire -- http-outgoing-5 << "Access-Control-Allow-Origin: *[\r][\n]"
22:57:42.906 [pool-2-thread-27] DEBUG org.apache.http.wire -- http-outgoing-5 << "Content-Type: application/json; charset=utf-8[\r][\n]"
22:57:42.906 [pool-2-thread-27] DEBUG org.apache.http.wire -- http-outgoing-5 << "Content-Length: 510[\r][\n]"
22:57:42.906 [pool-2-thread-27] DEBUG org.apache.http.wire -- http-outgoing-5 << "ETag: W/"1fe-g5j4jfGCO98YuMMccTSCBnb8R2U"[\r][\n]"
22:57:42.906 [pool-2-thread-27] DEBUG org.apache.http.wire -- http-outgoing-5 << "Date: Sun, 22 Jun 2025 15:57:42 GMT[\r][\n]"
22:57:42.906 [pool-2-thread-27] DEBUG org.apache.http.wire -- http-outgoing-5 << "Connection: keep-alive[\r][\n]"
22:57:42.906 [pool-2-thread-27] DEBUG org.apache.http.wire -- http-outgoing-5 << "Keep-Alive: timeout=5[\r][\n]"
22:57:42.906 [pool-2-thread-27] DEBUG org.apache.http.wire -- http-outgoing-5 << "[\r][\n]"
22:57:42.906 [pool-2-thread-27] DEBUG org.apache.http.wire -- http-outgoing-5 << "{"success":false,"statusCode":500,"message":"\nInvalid `this.prisma.user.update()` invocation in\nD:\\Documents\\Workspace\\react_native\\roamly_backend\\src\\modules\\auth\\auth.service.ts:119:28\n\n  116 const refreshToken = crypto.randomBytes(32).toString('hex');\n  117 \n  118 // Update user with new refresh token\n[0xe2][0x86][0x92] 119 await this.prisma.user.update(\nTransaction failed due to a write conflict or a deadlock. Please retry your transaction","path":"/auth/login","timestamp":"2025-06-22T15:57:42.907Z"}"
22:57:42.906 [pool-2-thread-27] DEBUG org.apache.http.headers -- http-outgoing-5 << HTTP/1.1 500 Internal Server Error
22:57:42.906 [pool-2-thread-27] DEBUG org.apache.http.headers -- http-outgoing-5 << X-Powered-By: Express
22:57:42.906 [pool-2-thread-27] DEBUG org.apache.http.headers -- http-outgoing-5 << Access-Control-Allow-Origin: *
22:57:42.906 [pool-2-thread-27] DEBUG org.apache.http.headers -- http-outgoing-5 << Content-Type: application/json; charset=utf-8
22:57:42.906 [pool-2-thread-27] DEBUG org.apache.http.headers -- http-outgoing-5 << Content-Length: 510
22:57:42.906 [pool-2-thread-27] DEBUG org.apache.http.headers -- http-outgoing-5 << ETag: W/"1fe-g5j4jfGCO98YuMMccTSCBnb8R2U"
22:57:42.906 [pool-2-thread-27] DEBUG org.apache.http.headers -- http-outgoing-5 << Date: Sun, 22 Jun 2025 15:57:42 GMT
22:57:42.906 [pool-2-thread-27] DEBUG org.apache.http.headers -- http-outgoing-5 << Connection: keep-alive
22:57:42.906 [pool-2-thread-27] DEBUG org.apache.http.headers -- http-outgoing-5 << Keep-Alive: timeout=5
22:57:42.907 [pool-2-thread-27] DEBUG org.apache.http.impl.execchain.MainClientExec -- Connection can be kept alive for 5000 MILLISECONDS
22:57:42.907 [pool-2-thread-27] DEBUG org.apache.http.impl.conn.PoolingHttpClientConnectionManager -- Connection [id: 34][route: {}->http://localhost:3000] can be kept alive for 5.0 seconds
22:57:42.907 [pool-2-thread-27] DEBUG org.apache.http.impl.conn.DefaultManagedHttpClientConnection -- http-outgoing-5: set socket timeout to 0
22:57:42.907 [pool-2-thread-27] DEBUG org.apache.http.impl.conn.PoolingHttpClientConnectionManager -- Connection released: [id: 34][route: {}->http://localhost:3000][total available: 1; route allocated: 1 of 5; total allocated: 1 of 10]
22:57:42.907 [pool-2-thread-27] DEBUG org.apache.http.impl.conn.PoolingHttpClientConnectionManager -- Connection manager is shutting down
22:57:42.907 [pool-2-thread-27] DEBUG org.apache.http.impl.conn.DefaultManagedHttpClientConnection -- http-outgoing-5: Close connection
22:57:42.907 [pool-2-thread-27] DEBUG org.apache.http.impl.conn.PoolingHttpClientConnectionManager -- Connection manager shut down
22:57:42.907 [pool-2-thread-27] DEBUG com.intuit.karate -- response time in milliseconds: 13690
1 < 500
1 < X-Powered-By: Express
1 < Access-Control-Allow-Origin: *
1 < Content-Type: application/json; charset=utf-8
1 < Content-Length: 510
1 < ETag: W/"1fe-g5j4jfGCO98YuMMccTSCBnb8R2U"
1 < Date: Sun, 22 Jun 2025 15:57:42 GMT
1 < Connection: keep-alive
1 < Keep-Alive: timeout=5
{"success":false,"statusCode":500,"message":"\nInvalid `this.prisma.user.update()` invocation in\nD:\\Documents\\Workspace\\react_native\\roamly_backend\\src\\modules\\auth\\auth.service.ts:119:28\n\n  116 const refreshToken = crypto.randomBytes(32).toString('hex');\n  117 \n  118 // Update user with new refresh token\n? 119 await this.prisma.user.update(\nTransaction failed due to a write conflict or a deadlock. Please retry your transaction","path":"/auth/login","timestamp":"2025-06-22T15:57:42.907Z"}

22:57:42.907 [pool-2-thread-77] DEBUG org.apache.http.wire -- http-outgoing-1 << "HTTP/1.1 500 Internal Server Error[\r][\n]"
22:57:42.907 [pool-2-thread-77] DEBUG org.apache.http.wire -- http-outgoing-1 << "X-Powered-By: Express[\r][\n]"
22:57:42.907 [pool-2-thread-77] DEBUG org.apache.http.wire -- http-outgoing-1 << "Access-Control-Allow-Origin: *[\r][\n]"
22:57:42.907 [pool-2-thread-77] DEBUG org.apache.http.wire -- http-outgoing-1 << "Content-Type: application/json; charset=utf-8[\r][\n]"
22:57:42.907 [pool-2-thread-77] DEBUG org.apache.http.wire -- http-outgoing-1 << "Content-Length: 510[\r][\n]"
22:57:42.907 [pool-2-thread-77] DEBUG org.apache.http.wire -- http-outgoing-1 << "ETag: W/"1fe-3VcxfKozNxZcsFE2wvgqeGjp79s"[\r][\n]"
22:57:42.907 [pool-2-thread-77] DEBUG org.apache.http.wire -- http-outgoing-1 << "Date: Sun, 22 Jun 2025 15:57:42 GMT[\r][\n]"
22:57:42.907 [pool-2-thread-77] DEBUG org.apache.http.wire -- http-outgoing-1 << "Connection: keep-alive[\r][\n]"
22:57:42.907 [pool-2-thread-77] DEBUG org.apache.http.wire -- http-outgoing-1 << "Keep-Alive: timeout=5[\r][\n]"
22:57:42.907 [pool-2-thread-77] DEBUG org.apache.http.wire -- http-outgoing-1 << "[\r][\n]"
22:57:42.907 [pool-2-thread-77] DEBUG org.apache.http.wire -- http-outgoing-1 << "{"success":false,"statusCode":500,"message":"\nInvalid `this.prisma.user.update()` invocation in\nD:\\Documents\\Workspace\\react_native\\roamly_backend\\src\\modules\\auth\\auth.service.ts:119:28\n\n  116 const refreshToken = crypto.randomBytes(32).toString('hex');\n  117 \n  118 // Update user with new refresh token\n[0xe2][0x86][0x92] 119 await this.prisma.user.update(\nTransaction failed due to a write conflict or a deadlock. Please retry your transaction","path":"/auth/login","timestamp":"2025-06-22T15:57:42.908Z"}"
22:57:42.907 [pool-2-thread-77] DEBUG org.apache.http.headers -- http-outgoing-1 << HTTP/1.1 500 Internal Server Error
22:57:42.907 [pool-2-thread-77] DEBUG org.apache.http.headers -- http-outgoing-1 << X-Powered-By: Express
22:57:42.907 [pool-2-thread-77] DEBUG org.apache.http.headers -- http-outgoing-1 << Access-Control-Allow-Origin: *
22:57:42.907 [pool-2-thread-77] DEBUG org.apache.http.headers -- http-outgoing-1 << Content-Type: application/json; charset=utf-8
22:57:42.907 [pool-2-thread-77] DEBUG org.apache.http.headers -- http-outgoing-1 << Content-Length: 510
22:57:42.907 [pool-2-thread-77] DEBUG org.apache.http.headers -- http-outgoing-1 << ETag: W/"1fe-3VcxfKozNxZcsFE2wvgqeGjp79s"
22:57:42.907 [pool-2-thread-77] DEBUG org.apache.http.headers -- http-outgoing-1 << Date: Sun, 22 Jun 2025 15:57:42 GMT
22:57:42.907 [pool-2-thread-77] DEBUG org.apache.http.headers -- http-outgoing-1 << Connection: keep-alive
22:57:42.907 [pool-2-thread-77] DEBUG org.apache.http.headers -- http-outgoing-1 << Keep-Alive: timeout=5
22:57:42.907 [pool-2-thread-77] DEBUG org.apache.http.impl.execchain.MainClientExec -- Connection can be kept alive for 5000 MILLISECONDS
22:57:42.907 [pool-2-thread-77] DEBUG org.apache.http.impl.conn.PoolingHttpClientConnectionManager -- Connection [id: 51][route: {}->http://localhost:3000] can be kept alive for 5.0 seconds
22:57:42.907 [pool-2-thread-77] DEBUG org.apache.http.impl.conn.DefaultManagedHttpClientConnection -- http-outgoing-1: set socket timeout to 0
22:57:42.907 [pool-2-thread-27] ERROR com.intuit.karate -- classpath:features/performance/login-performance-concurrent.feature:13
Then status 200
status code was: 500, expected: 200, response time in milliseconds: 13690, url: http://localhost:3000/auth/login, response: 
{"success":false,"statusCode":500,"message":"\nInvalid `this.prisma.user.update()` invocation in\nD:\\Documents\\Workspace\\react_native\\roamly_backend\\src\\modules\\auth\\auth.service.ts:119:28\n\n  116 const refreshToken = crypto.randomBytes(32).toString('hex');\n  117 \n  118 // Update user with new refresh token\n? 119 await this.prisma.user.update(\nTransaction failed due to a write conflict or a deadlock. Please retry your transaction","path":"/auth/login","timestamp":"2025-06-22T15:57:42.907Z"}
classpath:features/performance/login-performance-concurrent.feature:13
22:57:42.907 [pool-2-thread-77] DEBUG org.apache.http.impl.conn.PoolingHttpClientConnectionManager -- Connection released: [id: 51][route: {}->http://localhost:3000][total available: 1; route allocated: 1 of 5; total allocated: 1 of 10]
22:57:42.907 [pool-2-thread-77] DEBUG org.apache.http.impl.conn.PoolingHttpClientConnectionManager -- Connection manager is shutting down
22:57:42.907 [pool-2-thread-77] DEBUG org.apache.http.impl.conn.DefaultManagedHttpClientConnection -- http-outgoing-1: Close connection
22:57:42.909 [pool-2-thread-77] DEBUG org.apache.http.impl.conn.PoolingHttpClientConnectionManager -- Connection manager shut down
22:57:42.909 [pool-2-thread-77] DEBUG com.intuit.karate -- response time in milliseconds: 13689
1 < 500
1 < X-Powered-By: Express
1 < Access-Control-Allow-Origin: *
1 < Content-Type: application/json; charset=utf-8
1 < Content-Length: 510
1 < ETag: W/"1fe-3VcxfKozNxZcsFE2wvgqeGjp79s"
1 < Date: Sun, 22 Jun 2025 15:57:42 GMT
1 < Connection: keep-alive
1 < Keep-Alive: timeout=5
{"success":false,"statusCode":500,"message":"\nInvalid `this.prisma.user.update()` invocation in\nD:\\Documents\\Workspace\\react_native\\roamly_backend\\src\\modules\\auth\\auth.service.ts:119:28\n\n  116 const refreshToken = crypto.randomBytes(32).toString('hex');\n  117 \n  118 // Update user with new refresh token\n? 119 await this.prisma.user.update(\nTransaction failed due to a write conflict or a deadlock. Please retry your transaction","path":"/auth/login","timestamp":"2025-06-22T15:57:42.908Z"}

22:57:42.909 [pool-2-thread-77] ERROR com.intuit.karate -- classpath:features/performance/login-performance-concurrent.feature:13
Then status 200
status code was: 500, expected: 200, response time in milliseconds: 13689, url: http://localhost:3000/auth/login, response: 
{"success":false,"statusCode":500,"message":"\nInvalid `this.prisma.user.update()` invocation in\nD:\\Documents\\Workspace\\react_native\\roamly_backend\\src\\modules\\auth\\auth.service.ts:119:28\n\n  116 const refreshToken = crypto.randomBytes(32).toString('hex');\n  117 \n  118 // Update user with new refresh token\n? 119 await this.prisma.user.update(\nTransaction failed due to a write conflict or a deadlock. Please retry your transaction","path":"/auth/login","timestamp":"2025-06-22T15:57:42.908Z"}
classpath:features/performance/login-performance-concurrent.feature:13
22:57:42.918 [pool-2-thread-22] DEBUG org.apache.http.wire -- http-outgoing-33 << "HTTP/1.1 500 Internal Server Error[\r][\n]"
22:57:42.918 [pool-2-thread-22] DEBUG org.apache.http.wire -- http-outgoing-33 << "X-Powered-By: Express[\r][\n]"
22:57:42.918 [pool-2-thread-22] DEBUG org.apache.http.wire -- http-outgoing-33 << "Access-Control-Allow-Origin: *[\r][\n]"
22:57:42.918 [pool-2-thread-22] DEBUG org.apache.http.wire -- http-outgoing-33 << "Content-Type: application/json; charset=utf-8[\r][\n]"
22:57:42.918 [pool-2-thread-22] DEBUG org.apache.http.wire -- http-outgoing-33 << "Content-Length: 510[\r][\n]"
22:57:42.918 [pool-2-thread-22] DEBUG org.apache.http.wire -- http-outgoing-33 << "ETag: W/"1fe-G2QZasM+TJQ2vbL577KUSMwbyBs"[\r][\n]"
22:57:42.918 [pool-2-thread-22] DEBUG org.apache.http.wire -- http-outgoing-33 << "Date: Sun, 22 Jun 2025 15:57:42 GMT[\r][\n]"
22:57:42.918 [pool-2-thread-22] DEBUG org.apache.http.wire -- http-outgoing-33 << "Connection: keep-alive[\r][\n]"
22:57:42.918 [pool-2-thread-22] DEBUG org.apache.http.wire -- http-outgoing-33 << "Keep-Alive: timeout=5[\r][\n]"
22:57:42.918 [pool-2-thread-22] DEBUG org.apache.http.wire -- http-outgoing-33 << "[\r][\n]"
22:57:42.918 [pool-2-thread-22] DEBUG org.apache.http.wire -- http-outgoing-33 << "{"success":false,"statusCode":500,"message":"\nInvalid `this.prisma.user.update()` invocation in\nD:\\Documents\\Workspace\\react_native\\roamly_backend\\src\\modules\\auth\\auth.service.ts:119:28\n\n  116 const refreshToken = crypto.randomBytes(32).toString('hex');\n  117 \n  118 // Update user with new refresh token\n[0xe2][0x86][0x92] 119 await this.prisma.user.update(\nTransaction failed due to a write conflict or a deadlock. Please retry your transaction","path":"/auth/login","timestamp":"2025-06-22T15:57:42.918Z"}"
22:57:42.918 [pool-2-thread-22] DEBUG org.apache.http.headers -- http-outgoing-33 << HTTP/1.1 500 Internal Server Error
22:57:42.918 [pool-2-thread-22] DEBUG org.apache.http.headers -- http-outgoing-33 << X-Powered-By: Express
22:57:42.918 [pool-2-thread-22] DEBUG org.apache.http.headers -- http-outgoing-33 << Access-Control-Allow-Origin: *
22:57:42.918 [pool-2-thread-22] DEBUG org.apache.http.headers -- http-outgoing-33 << Content-Type: application/json; charset=utf-8
22:57:42.918 [pool-2-thread-22] DEBUG org.apache.http.headers -- http-outgoing-33 << Content-Length: 510
22:57:42.918 [pool-2-thread-22] DEBUG org.apache.http.headers -- http-outgoing-33 << ETag: W/"1fe-G2QZasM+TJQ2vbL577KUSMwbyBs"
22:57:42.918 [pool-2-thread-22] DEBUG org.apache.http.headers -- http-outgoing-33 << Date: Sun, 22 Jun 2025 15:57:42 GMT
22:57:42.918 [pool-2-thread-22] DEBUG org.apache.http.headers -- http-outgoing-33 << Connection: keep-alive
22:57:42.918 [pool-2-thread-22] DEBUG org.apache.http.headers -- http-outgoing-33 << Keep-Alive: timeout=5
22:57:42.919 [pool-2-thread-22] DEBUG org.apache.http.impl.execchain.MainClientExec -- Connection can be kept alive for 5000 MILLISECONDS
22:57:42.919 [pool-2-thread-22] DEBUG org.apache.http.impl.conn.PoolingHttpClientConnectionManager -- Connection [id: 67][route: {}->http://localhost:3000] can be kept alive for 5.0 seconds
22:57:42.919 [pool-2-thread-22] DEBUG org.apache.http.impl.conn.DefaultManagedHttpClientConnection -- http-outgoing-33: set socket timeout to 0
22:57:42.919 [pool-2-thread-22] DEBUG org.apache.http.impl.conn.PoolingHttpClientConnectionManager -- Connection released: [id: 67][route: {}->http://localhost:3000][total available: 1; route allocated: 1 of 5; total allocated: 1 of 10]
22:57:42.919 [pool-2-thread-22] DEBUG org.apache.http.impl.conn.PoolingHttpClientConnectionManager -- Connection manager is shutting down
22:57:42.919 [pool-2-thread-22] DEBUG org.apache.http.impl.conn.DefaultManagedHttpClientConnection -- http-outgoing-33: Close connection
22:57:42.919 [pool-2-thread-22] DEBUG org.apache.http.impl.conn.PoolingHttpClientConnectionManager -- Connection manager shut down
22:57:42.919 [pool-2-thread-22] DEBUG com.intuit.karate -- response time in milliseconds: 13714
1 < 500
1 < X-Powered-By: Express
1 < Access-Control-Allow-Origin: *
1 < Content-Type: application/json; charset=utf-8
1 < Content-Length: 510
1 < ETag: W/"1fe-G2QZasM+TJQ2vbL577KUSMwbyBs"
1 < Date: Sun, 22 Jun 2025 15:57:42 GMT
1 < Connection: keep-alive
1 < Keep-Alive: timeout=5
{"success":false,"statusCode":500,"message":"\nInvalid `this.prisma.user.update()` invocation in\nD:\\Documents\\Workspace\\react_native\\roamly_backend\\src\\modules\\auth\\auth.service.ts:119:28\n\n  116 const refreshToken = crypto.randomBytes(32).toString('hex');\n  117 \n  118 // Update user with new refresh token\n? 119 await this.prisma.user.update(\nTransaction failed due to a write conflict or a deadlock. Please retry your transaction","path":"/auth/login","timestamp":"2025-06-22T15:57:42.918Z"}

22:57:42.920 [pool-2-thread-40] DEBUG org.apache.http.wire -- http-outgoing-31 << "HTTP/1.1 500 Internal Server Error[\r][\n]"
22:57:42.920 [pool-2-thread-40] DEBUG org.apache.http.wire -- http-outgoing-31 << "X-Powered-By: Express[\r][\n]"
22:57:42.920 [pool-2-thread-40] DEBUG org.apache.http.wire -- http-outgoing-31 << "Access-Control-Allow-Origin: *[\r][\n]"
22:57:42.920 [pool-2-thread-40] DEBUG org.apache.http.wire -- http-outgoing-31 << "Content-Type: application/json; charset=utf-8[\r][\n]"
22:57:42.920 [pool-2-thread-40] DEBUG org.apache.http.wire -- http-outgoing-31 << "Content-Length: 510[\r][\n]"
22:57:42.920 [pool-2-thread-40] DEBUG org.apache.http.wire -- http-outgoing-31 << "ETag: W/"1fe-FkgZpHH2S1uxVkWhPKg7E3zC7SU"[\r][\n]"
22:57:42.920 [pool-2-thread-40] DEBUG org.apache.http.wire -- http-outgoing-31 << "Date: Sun, 22 Jun 2025 15:57:42 GMT[\r][\n]"
22:57:42.920 [pool-2-thread-40] DEBUG org.apache.http.wire -- http-outgoing-31 << "Connection: keep-alive[\r][\n]"
22:57:42.920 [pool-2-thread-40] DEBUG org.apache.http.wire -- http-outgoing-31 << "Keep-Alive: timeout=5[\r][\n]"
22:57:42.920 [pool-2-thread-40] DEBUG org.apache.http.wire -- http-outgoing-31 << "[\r][\n]"
22:57:42.920 [pool-2-thread-40] DEBUG org.apache.http.wire -- http-outgoing-31 << "{"success":false,"statusCode":500,"message":"\nInvalid `this.prisma.user.update()` invocation in\nD:\\Documents\\Workspace\\react_native\\roamly_backend\\src\\modules\\auth\\auth.service.ts:119:28\n\n  116 const refreshToken = crypto.randomBytes(32).toString('hex');\n  117 \n  118 // Update user with new refresh token\n[0xe2][0x86][0x92] 119 await this.prisma.user.update(\nTransaction failed due to a write conflict or a deadlock. Please retry your transaction","path":"/auth/login","timestamp":"2025-06-22T15:57:42.920Z"}"
22:57:42.920 [pool-2-thread-40] DEBUG org.apache.http.headers -- http-outgoing-31 << HTTP/1.1 500 Internal Server Error
22:57:42.920 [pool-2-thread-40] DEBUG org.apache.http.headers -- http-outgoing-31 << X-Powered-By: Express
22:57:42.920 [pool-2-thread-40] DEBUG org.apache.http.headers -- http-outgoing-31 << Access-Control-Allow-Origin: *
22:57:42.920 [pool-2-thread-40] DEBUG org.apache.http.headers -- http-outgoing-31 << Content-Type: application/json; charset=utf-8
22:57:42.920 [pool-2-thread-40] DEBUG org.apache.http.headers -- http-outgoing-31 << Content-Length: 510
22:57:42.920 [pool-2-thread-40] DEBUG org.apache.http.headers -- http-outgoing-31 << ETag: W/"1fe-FkgZpHH2S1uxVkWhPKg7E3zC7SU"
22:57:42.920 [pool-2-thread-40] DEBUG org.apache.http.headers -- http-outgoing-31 << Date: Sun, 22 Jun 2025 15:57:42 GMT
22:57:42.920 [pool-2-thread-40] DEBUG org.apache.http.headers -- http-outgoing-31 << Connection: keep-alive
22:57:42.920 [pool-2-thread-40] DEBUG org.apache.http.headers -- http-outgoing-31 << Keep-Alive: timeout=5
22:57:42.920 [pool-2-thread-40] DEBUG org.apache.http.impl.execchain.MainClientExec -- Connection can be kept alive for 5000 MILLISECONDS
22:57:42.920 [pool-2-thread-40] DEBUG org.apache.http.impl.conn.PoolingHttpClientConnectionManager -- Connection [id: 49][route: {}->http://localhost:3000] can be kept alive for 5.0 seconds
22:57:42.920 [pool-2-thread-40] DEBUG org.apache.http.impl.conn.DefaultManagedHttpClientConnection -- http-outgoing-31: set socket timeout to 0
22:57:42.920 [pool-2-thread-40] DEBUG org.apache.http.impl.conn.PoolingHttpClientConnectionManager -- Connection released: [id: 49][route: {}->http://localhost:3000][total available: 1; route allocated: 1 of 5; total allocated: 1 of 10]
22:57:42.920 [pool-2-thread-40] DEBUG org.apache.http.impl.conn.PoolingHttpClientConnectionManager -- Connection manager is shutting down
22:57:42.920 [pool-2-thread-40] DEBUG org.apache.http.impl.conn.DefaultManagedHttpClientConnection -- http-outgoing-31: Close connection
22:57:42.920 [pool-2-thread-22] ERROR com.intuit.karate -- classpath:features/performance/login-performance-concurrent.feature:13
Then status 200
status code was: 500, expected: 200, response time in milliseconds: 13714, url: http://localhost:3000/auth/login, response: 
{"success":false,"statusCode":500,"message":"\nInvalid `this.prisma.user.update()` invocation in\nD:\\Documents\\Workspace\\react_native\\roamly_backend\\src\\modules\\auth\\auth.service.ts:119:28\n\n  116 const refreshToken = crypto.randomBytes(32).toString('hex');\n  117 \n  118 // Update user with new refresh token\n? 119 await this.prisma.user.update(\nTransaction failed due to a write conflict or a deadlock. Please retry your transaction","path":"/auth/login","timestamp":"2025-06-22T15:57:42.918Z"}
classpath:features/performance/login-performance-concurrent.feature:13
22:57:42.920 [pool-2-thread-40] DEBUG org.apache.http.impl.conn.PoolingHttpClientConnectionManager -- Connection manager shut down
22:57:42.921 [pool-2-thread-40] DEBUG com.intuit.karate -- response time in milliseconds: 13698
1 < 500
1 < X-Powered-By: Express
1 < Access-Control-Allow-Origin: *
1 < Content-Type: application/json; charset=utf-8
1 < Content-Length: 510
1 < ETag: W/"1fe-FkgZpHH2S1uxVkWhPKg7E3zC7SU"
1 < Date: Sun, 22 Jun 2025 15:57:42 GMT
1 < Connection: keep-alive
1 < Keep-Alive: timeout=5
{"success":false,"statusCode":500,"message":"\nInvalid `this.prisma.user.update()` invocation in\nD:\\Documents\\Workspace\\react_native\\roamly_backend\\src\\modules\\auth\\auth.service.ts:119:28\n\n  116 const refreshToken = crypto.randomBytes(32).toString('hex');\n  117 \n  118 // Update user with new refresh token\n? 119 await this.prisma.user.update(\nTransaction failed due to a write conflict or a deadlock. Please retry your transaction","path":"/auth/login","timestamp":"2025-06-22T15:57:42.920Z"}

22:57:42.921 [pool-2-thread-40] ERROR com.intuit.karate -- classpath:features/performance/login-performance-concurrent.feature:13
Then status 200
status code was: 500, expected: 200, response time in milliseconds: 13698, url: http://localhost:3000/auth/login, response: 
{"success":false,"statusCode":500,"message":"\nInvalid `this.prisma.user.update()` invocation in\nD:\\Documents\\Workspace\\react_native\\roamly_backend\\src\\modules\\auth\\auth.service.ts:119:28\n\n  116 const refreshToken = crypto.randomBytes(32).toString('hex');\n  117 \n  118 // Update user with new refresh token\n? 119 await this.prisma.user.update(\nTransaction failed due to a write conflict or a deadlock. Please retry your transaction","path":"/auth/login","timestamp":"2025-06-22T15:57:42.920Z"}
classpath:features/performance/login-performance-concurrent.feature:13
22:57:42.923 [pool-2-thread-95] DEBUG org.apache.http.wire -- http-outgoing-70 << "HTTP/1.1 500 Internal Server Error[\r][\n]"
22:57:42.923 [pool-2-thread-95] DEBUG org.apache.http.wire -- http-outgoing-70 << "X-Powered-By: Express[\r][\n]"
22:57:42.923 [pool-2-thread-95] DEBUG org.apache.http.wire -- http-outgoing-70 << "Access-Control-Allow-Origin: *[\r][\n]"
22:57:42.923 [pool-2-thread-95] DEBUG org.apache.http.wire -- http-outgoing-70 << "Content-Type: application/json; charset=utf-8[\r][\n]"
22:57:42.923 [pool-2-thread-95] DEBUG org.apache.http.wire -- http-outgoing-70 << "Content-Length: 510[\r][\n]"
22:57:42.923 [pool-2-thread-95] DEBUG org.apache.http.wire -- http-outgoing-70 << "ETag: W/"1fe-Ync7DpCxmzNQBFnm0B7Vt1t2bsg"[\r][\n]"
22:57:42.923 [pool-2-thread-95] DEBUG org.apache.http.wire -- http-outgoing-70 << "Date: Sun, 22 Jun 2025 15:57:42 GMT[\r][\n]"
22:57:42.923 [pool-2-thread-95] DEBUG org.apache.http.wire -- http-outgoing-70 << "Connection: keep-alive[\r][\n]"
22:57:42.923 [pool-2-thread-95] DEBUG org.apache.http.wire -- http-outgoing-70 << "Keep-Alive: timeout=5[\r][\n]"
22:57:42.923 [pool-2-thread-95] DEBUG org.apache.http.wire -- http-outgoing-70 << "[\r][\n]"
22:57:42.923 [pool-2-thread-95] DEBUG org.apache.http.wire -- http-outgoing-70 << "{"success":false,"statusCode":500,"message":"\nInvalid `this.prisma.user.update()` invocation in\nD:\\Documents\\Workspace\\react_native\\roamly_backend\\src\\modules\\auth\\auth.service.ts:119:28\n\n  116 const refreshToken = crypto.randomBytes(32).toString('hex');\n  117 \n  118 // Update user with new refresh token\n[0xe2][0x86][0x92] 119 await this.prisma.user.update(\nTransaction failed due to a write conflict or a deadlock. Please retry your transaction","path":"/auth/login","timestamp":"2025-06-22T15:57:42.923Z"}"
22:57:42.923 [pool-2-thread-95] DEBUG org.apache.http.headers -- http-outgoing-70 << HTTP/1.1 500 Internal Server Error
22:57:42.923 [pool-2-thread-95] DEBUG org.apache.http.headers -- http-outgoing-70 << X-Powered-By: Express
22:57:42.923 [pool-2-thread-95] DEBUG org.apache.http.headers -- http-outgoing-70 << Access-Control-Allow-Origin: *
22:57:42.923 [pool-2-thread-95] DEBUG org.apache.http.headers -- http-outgoing-70 << Content-Type: application/json; charset=utf-8
22:57:42.923 [pool-2-thread-95] DEBUG org.apache.http.headers -- http-outgoing-70 << Content-Length: 510
22:57:42.923 [pool-2-thread-95] DEBUG org.apache.http.headers -- http-outgoing-70 << ETag: W/"1fe-Ync7DpCxmzNQBFnm0B7Vt1t2bsg"
22:57:42.923 [pool-2-thread-95] DEBUG org.apache.http.headers -- http-outgoing-70 << Date: Sun, 22 Jun 2025 15:57:42 GMT
22:57:42.923 [pool-2-thread-95] DEBUG org.apache.http.headers -- http-outgoing-70 << Connection: keep-alive
22:57:42.923 [pool-2-thread-95] DEBUG org.apache.http.headers -- http-outgoing-70 << Keep-Alive: timeout=5
22:57:42.923 [pool-2-thread-95] DEBUG org.apache.http.impl.execchain.MainClientExec -- Connection can be kept alive for 5000 MILLISECONDS
22:57:42.923 [pool-2-thread-95] DEBUG org.apache.http.impl.conn.PoolingHttpClientConnectionManager -- Connection [id: 58][route: {}->http://localhost:3000] can be kept alive for 5.0 seconds
22:57:42.923 [pool-2-thread-95] DEBUG org.apache.http.impl.conn.DefaultManagedHttpClientConnection -- http-outgoing-70: set socket timeout to 0
22:57:42.923 [pool-2-thread-95] DEBUG org.apache.http.impl.conn.PoolingHttpClientConnectionManager -- Connection released: [id: 58][route: {}->http://localhost:3000][total available: 1; route allocated: 1 of 5; total allocated: 1 of 10]
22:57:42.923 [pool-2-thread-95] DEBUG org.apache.http.impl.conn.PoolingHttpClientConnectionManager -- Connection manager is shutting down
22:57:42.923 [pool-2-thread-95] DEBUG org.apache.http.impl.conn.DefaultManagedHttpClientConnection -- http-outgoing-70: Close connection
22:57:42.925 [pool-2-thread-95] DEBUG org.apache.http.impl.conn.PoolingHttpClientConnectionManager -- Connection manager shut down
22:57:42.925 [pool-2-thread-95] DEBUG com.intuit.karate -- response time in milliseconds: 13706
1 < 500
1 < X-Powered-By: Express
1 < Access-Control-Allow-Origin: *
1 < Content-Type: application/json; charset=utf-8
1 < Content-Length: 510
1 < ETag: W/"1fe-Ync7DpCxmzNQBFnm0B7Vt1t2bsg"
1 < Date: Sun, 22 Jun 2025 15:57:42 GMT
1 < Connection: keep-alive
1 < Keep-Alive: timeout=5
{"success":false,"statusCode":500,"message":"\nInvalid `this.prisma.user.update()` invocation in\nD:\\Documents\\Workspace\\react_native\\roamly_backend\\src\\modules\\auth\\auth.service.ts:119:28\n\n  116 const refreshToken = crypto.randomBytes(32).toString('hex');\n  117 \n  118 // Update user with new refresh token\n? 119 await this.prisma.user.update(\nTransaction failed due to a write conflict or a deadlock. Please retry your transaction","path":"/auth/login","timestamp":"2025-06-22T15:57:42.923Z"}

22:57:42.925 [pool-2-thread-95] ERROR com.intuit.karate -- classpath:features/performance/login-performance-concurrent.feature:13
Then status 200
status code was: 500, expected: 200, response time in milliseconds: 13706, url: http://localhost:3000/auth/login, response: 
{"success":false,"statusCode":500,"message":"\nInvalid `this.prisma.user.update()` invocation in\nD:\\Documents\\Workspace\\react_native\\roamly_backend\\src\\modules\\auth\\auth.service.ts:119:28\n\n  116 const refreshToken = crypto.randomBytes(32).toString('hex');\n  117 \n  118 // Update user with new refresh token\n? 119 await this.prisma.user.update(\nTransaction failed due to a write conflict or a deadlock. Please retry your transaction","path":"/auth/login","timestamp":"2025-06-22T15:57:42.923Z"}
classpath:features/performance/login-performance-concurrent.feature:13
22:57:42.928 [pool-2-thread-85] DEBUG org.apache.http.wire -- http-outgoing-67 << "HTTP/1.1 500 Internal Server Error[\r][\n]"
22:57:42.928 [pool-2-thread-85] DEBUG org.apache.http.wire -- http-outgoing-67 << "X-Powered-By: Express[\r][\n]"
22:57:42.928 [pool-2-thread-85] DEBUG org.apache.http.wire -- http-outgoing-67 << "Access-Control-Allow-Origin: *[\r][\n]"
22:57:42.928 [pool-2-thread-85] DEBUG org.apache.http.wire -- http-outgoing-67 << "Content-Type: application/json; charset=utf-8[\r][\n]"
22:57:42.928 [pool-2-thread-85] DEBUG org.apache.http.wire -- http-outgoing-67 << "Content-Length: 510[\r][\n]"
22:57:42.928 [pool-2-thread-85] DEBUG org.apache.http.wire -- http-outgoing-67 << "ETag: W/"1fe-M4ekukSOgik4kODRwBT8naAb0XM"[\r][\n]"
22:57:42.928 [pool-2-thread-85] DEBUG org.apache.http.wire -- http-outgoing-67 << "Date: Sun, 22 Jun 2025 15:57:42 GMT[\r][\n]"
22:57:42.928 [pool-2-thread-85] DEBUG org.apache.http.wire -- http-outgoing-67 << "Connection: keep-alive[\r][\n]"
22:57:42.928 [pool-2-thread-85] DEBUG org.apache.http.wire -- http-outgoing-67 << "Keep-Alive: timeout=5[\r][\n]"
22:57:42.928 [pool-2-thread-85] DEBUG org.apache.http.wire -- http-outgoing-67 << "[\r][\n]"
22:57:42.928 [pool-2-thread-85] DEBUG org.apache.http.wire -- http-outgoing-67 << "{"success":false,"statusCode":500,"message":"\nInvalid `this.prisma.user.update()` invocation in\nD:\\Documents\\Workspace\\react_native\\roamly_backend\\src\\modules\\auth\\auth.service.ts:119:28\n\n  116 const refreshToken = crypto.randomBytes(32).toString('hex');\n  117 \n  118 // Update user with new refresh token\n[0xe2][0x86][0x92] 119 await this.prisma.user.update(\nTransaction failed due to a write conflict or a deadlock. Please retry your transaction","path":"/auth/login","timestamp":"2025-06-22T15:57:42.928Z"}"
22:57:42.928 [pool-2-thread-85] DEBUG org.apache.http.headers -- http-outgoing-67 << HTTP/1.1 500 Internal Server Error
22:57:42.928 [pool-2-thread-85] DEBUG org.apache.http.headers -- http-outgoing-67 << X-Powered-By: Express
22:57:42.928 [pool-2-thread-85] DEBUG org.apache.http.headers -- http-outgoing-67 << Access-Control-Allow-Origin: *
22:57:42.928 [pool-2-thread-85] DEBUG org.apache.http.headers -- http-outgoing-67 << Content-Type: application/json; charset=utf-8
22:57:42.928 [pool-2-thread-85] DEBUG org.apache.http.headers -- http-outgoing-67 << Content-Length: 510
22:57:42.928 [pool-2-thread-85] DEBUG org.apache.http.headers -- http-outgoing-67 << ETag: W/"1fe-M4ekukSOgik4kODRwBT8naAb0XM"
22:57:42.928 [pool-2-thread-85] DEBUG org.apache.http.headers -- http-outgoing-67 << Date: Sun, 22 Jun 2025 15:57:42 GMT
22:57:42.928 [pool-2-thread-85] DEBUG org.apache.http.headers -- http-outgoing-67 << Connection: keep-alive
22:57:42.928 [pool-2-thread-85] DEBUG org.apache.http.headers -- http-outgoing-67 << Keep-Alive: timeout=5
22:57:42.929 [pool-2-thread-85] DEBUG org.apache.http.impl.execchain.MainClientExec -- Connection can be kept alive for 5000 MILLISECONDS
22:57:42.929 [pool-2-thread-85] DEBUG org.apache.http.impl.conn.PoolingHttpClientConnectionManager -- Connection [id: 62][route: {}->http://localhost:3000] can be kept alive for 5.0 seconds
22:57:42.929 [pool-2-thread-85] DEBUG org.apache.http.impl.conn.DefaultManagedHttpClientConnection -- http-outgoing-67: set socket timeout to 0
22:57:42.929 [pool-2-thread-85] DEBUG org.apache.http.impl.conn.PoolingHttpClientConnectionManager -- Connection released: [id: 62][route: {}->http://localhost:3000][total available: 1; route allocated: 1 of 5; total allocated: 1 of 10]
22:57:42.929 [pool-2-thread-85] DEBUG org.apache.http.impl.conn.PoolingHttpClientConnectionManager -- Connection manager is shutting down
22:57:42.929 [pool-2-thread-85] DEBUG org.apache.http.impl.conn.DefaultManagedHttpClientConnection -- http-outgoing-67: Close connection
22:57:42.929 [pool-2-thread-85] DEBUG org.apache.http.impl.conn.PoolingHttpClientConnectionManager -- Connection manager shut down
22:57:42.929 [pool-2-thread-85] DEBUG com.intuit.karate -- response time in milliseconds: 13722
1 < 500
1 < X-Powered-By: Express
1 < Access-Control-Allow-Origin: *
1 < Content-Type: application/json; charset=utf-8
1 < Content-Length: 510
1 < ETag: W/"1fe-M4ekukSOgik4kODRwBT8naAb0XM"
1 < Date: Sun, 22 Jun 2025 15:57:42 GMT
1 < Connection: keep-alive
1 < Keep-Alive: timeout=5
{"success":false,"statusCode":500,"message":"\nInvalid `this.prisma.user.update()` invocation in\nD:\\Documents\\Workspace\\react_native\\roamly_backend\\src\\modules\\auth\\auth.service.ts:119:28\n\n  116 const refreshToken = crypto.randomBytes(32).toString('hex');\n  117 \n  118 // Update user with new refresh token\n? 119 await this.prisma.user.update(\nTransaction failed due to a write conflict or a deadlock. Please retry your transaction","path":"/auth/login","timestamp":"2025-06-22T15:57:42.928Z"}

22:57:42.931 [pool-2-thread-85] ERROR com.intuit.karate -- classpath:features/performance/login-performance-concurrent.feature:13
Then status 200
status code was: 500, expected: 200, response time in milliseconds: 13722, url: http://localhost:3000/auth/login, response: 
{"success":false,"statusCode":500,"message":"\nInvalid `this.prisma.user.update()` invocation in\nD:\\Documents\\Workspace\\react_native\\roamly_backend\\src\\modules\\auth\\auth.service.ts:119:28\n\n  116 const refreshToken = crypto.randomBytes(32).toString('hex');\n  117 \n  118 // Update user with new refresh token\n? 119 await this.prisma.user.update(\nTransaction failed due to a write conflict or a deadlock. Please retry your transaction","path":"/auth/login","timestamp":"2025-06-22T15:57:42.928Z"}
classpath:features/performance/login-performance-concurrent.feature:13
22:57:42.933 [pool-2-thread-1] DEBUG org.apache.http.wire -- http-outgoing-84 << "HTTP/1.1 500 Internal Server Error[\r][\n]"
22:57:42.933 [pool-2-thread-1] DEBUG org.apache.http.wire -- http-outgoing-84 << "X-Powered-By: Express[\r][\n]"
22:57:42.933 [pool-2-thread-1] DEBUG org.apache.http.wire -- http-outgoing-84 << "Access-Control-Allow-Origin: *[\r][\n]"
22:57:42.933 [pool-2-thread-1] DEBUG org.apache.http.wire -- http-outgoing-84 << "Content-Type: application/json; charset=utf-8[\r][\n]"
22:57:42.933 [pool-2-thread-1] DEBUG org.apache.http.wire -- http-outgoing-84 << "Content-Length: 510[\r][\n]"
22:57:42.933 [pool-2-thread-1] DEBUG org.apache.http.wire -- http-outgoing-84 << "ETag: W/"1fe-x5YWQ8qPPuXd8qVjU/T4W1M5j7k"[\r][\n]"
22:57:42.933 [pool-2-thread-1] DEBUG org.apache.http.wire -- http-outgoing-84 << "Date: Sun, 22 Jun 2025 15:57:42 GMT[\r][\n]"
22:57:42.933 [pool-2-thread-1] DEBUG org.apache.http.wire -- http-outgoing-84 << "Connection: keep-alive[\r][\n]"
22:57:42.933 [pool-2-thread-1] DEBUG org.apache.http.wire -- http-outgoing-84 << "Keep-Alive: timeout=5[\r][\n]"
22:57:42.933 [pool-2-thread-1] DEBUG org.apache.http.wire -- http-outgoing-84 << "[\r][\n]"
22:57:42.933 [pool-2-thread-1] DEBUG org.apache.http.wire -- http-outgoing-84 << "{"success":false,"statusCode":500,"message":"\nInvalid `this.prisma.user.update()` invocation in\nD:\\Documents\\Workspace\\react_native\\roamly_backend\\src\\modules\\auth\\auth.service.ts:119:28\n\n  116 const refreshToken = crypto.randomBytes(32).toString('hex');\n  117 \n  118 // Update user with new refresh token\n[0xe2][0x86][0x92] 119 await this.prisma.user.update(\nTransaction failed due to a write conflict or a deadlock. Please retry your transaction","path":"/auth/login","timestamp":"2025-06-22T15:57:42.933Z"}"
22:57:42.933 [pool-2-thread-1] DEBUG org.apache.http.headers -- http-outgoing-84 << HTTP/1.1 500 Internal Server Error
22:57:42.933 [pool-2-thread-1] DEBUG org.apache.http.headers -- http-outgoing-84 << X-Powered-By: Express
22:57:42.933 [pool-2-thread-1] DEBUG org.apache.http.headers -- http-outgoing-84 << Access-Control-Allow-Origin: *
22:57:42.933 [pool-2-thread-1] DEBUG org.apache.http.headers -- http-outgoing-84 << Content-Type: application/json; charset=utf-8
22:57:42.933 [pool-2-thread-1] DEBUG org.apache.http.headers -- http-outgoing-84 << Content-Length: 510
22:57:42.933 [pool-2-thread-1] DEBUG org.apache.http.headers -- http-outgoing-84 << ETag: W/"1fe-x5YWQ8qPPuXd8qVjU/T4W1M5j7k"
22:57:42.933 [pool-2-thread-1] DEBUG org.apache.http.headers -- http-outgoing-84 << Date: Sun, 22 Jun 2025 15:57:42 GMT
22:57:42.933 [pool-2-thread-1] DEBUG org.apache.http.headers -- http-outgoing-84 << Connection: keep-alive
22:57:42.933 [pool-2-thread-1] DEBUG org.apache.http.headers -- http-outgoing-84 << Keep-Alive: timeout=5
22:57:42.934 [pool-2-thread-1] DEBUG org.apache.http.impl.execchain.MainClientExec -- Connection can be kept alive for 5000 MILLISECONDS
22:57:42.934 [pool-2-thread-1] DEBUG org.apache.http.impl.conn.PoolingHttpClientConnectionManager -- Connection [id: 22][route: {}->http://localhost:3000] can be kept alive for 5.0 seconds
22:57:42.934 [pool-2-thread-1] DEBUG org.apache.http.impl.conn.DefaultManagedHttpClientConnection -- http-outgoing-84: set socket timeout to 0
22:57:42.934 [pool-2-thread-1] DEBUG org.apache.http.impl.conn.PoolingHttpClientConnectionManager -- Connection released: [id: 22][route: {}->http://localhost:3000][total available: 1; route allocated: 1 of 5; total allocated: 1 of 10]
22:57:42.934 [pool-2-thread-1] DEBUG org.apache.http.impl.conn.PoolingHttpClientConnectionManager -- Connection manager is shutting down
22:57:42.934 [pool-2-thread-1] DEBUG org.apache.http.impl.conn.DefaultManagedHttpClientConnection -- http-outgoing-84: Close connection
22:57:42.934 [pool-2-thread-1] DEBUG org.apache.http.impl.conn.PoolingHttpClientConnectionManager -- Connection manager shut down
22:57:42.934 [pool-2-thread-1] DEBUG com.intuit.karate -- response time in milliseconds: 13715
1 < 500
1 < X-Powered-By: Express
1 < Access-Control-Allow-Origin: *
1 < Content-Type: application/json; charset=utf-8
1 < Content-Length: 510
1 < ETag: W/"1fe-x5YWQ8qPPuXd8qVjU/T4W1M5j7k"
1 < Date: Sun, 22 Jun 2025 15:57:42 GMT
1 < Connection: keep-alive
1 < Keep-Alive: timeout=5
{"success":false,"statusCode":500,"message":"\nInvalid `this.prisma.user.update()` invocation in\nD:\\Documents\\Workspace\\react_native\\roamly_backend\\src\\modules\\auth\\auth.service.ts:119:28\n\n  116 const refreshToken = crypto.randomBytes(32).toString('hex');\n  117 \n  118 // Update user with new refresh token\n? 119 await this.prisma.user.update(\nTransaction failed due to a write conflict or a deadlock. Please retry your transaction","path":"/auth/login","timestamp":"2025-06-22T15:57:42.933Z"}

22:57:42.935 [pool-2-thread-1] ERROR com.intuit.karate -- classpath:features/performance/login-performance-concurrent.feature:13
Then status 200
status code was: 500, expected: 200, response time in milliseconds: 13715, url: http://localhost:3000/auth/login, response: 
{"success":false,"statusCode":500,"message":"\nInvalid `this.prisma.user.update()` invocation in\nD:\\Documents\\Workspace\\react_native\\roamly_backend\\src\\modules\\auth\\auth.service.ts:119:28\n\n  116 const refreshToken = crypto.randomBytes(32).toString('hex');\n  117 \n  118 // Update user with new refresh token\n? 119 await this.prisma.user.update(\nTransaction failed due to a write conflict or a deadlock. Please retry your transaction","path":"/auth/login","timestamp":"2025-06-22T15:57:42.933Z"}
classpath:features/performance/login-performance-concurrent.feature:13
22:57:42.947 [pool-2-thread-64] DEBUG org.apache.http.wire -- http-outgoing-82 << "HTTP/1.1 500 Internal Server Error[\r][\n]"
22:57:42.947 [pool-2-thread-64] DEBUG org.apache.http.wire -- http-outgoing-82 << "X-Powered-By: Express[\r][\n]"
22:57:42.947 [pool-2-thread-64] DEBUG org.apache.http.wire -- http-outgoing-82 << "Access-Control-Allow-Origin: *[\r][\n]"
22:57:42.947 [pool-2-thread-64] DEBUG org.apache.http.wire -- http-outgoing-82 << "Content-Type: application/json; charset=utf-8[\r][\n]"
22:57:42.947 [pool-2-thread-64] DEBUG org.apache.http.wire -- http-outgoing-82 << "Content-Length: 510[\r][\n]"
22:57:42.947 [pool-2-thread-64] DEBUG org.apache.http.wire -- http-outgoing-82 << "ETag: W/"1fe-xkcDnneqRpSBh425Mxc+dHeuRkk"[\r][\n]"
22:57:42.947 [pool-2-thread-64] DEBUG org.apache.http.wire -- http-outgoing-82 << "Date: Sun, 22 Jun 2025 15:57:42 GMT[\r][\n]"
22:57:42.947 [pool-2-thread-64] DEBUG org.apache.http.wire -- http-outgoing-82 << "Connection: keep-alive[\r][\n]"
22:57:42.947 [pool-2-thread-64] DEBUG org.apache.http.wire -- http-outgoing-82 << "Keep-Alive: timeout=5[\r][\n]"
22:57:42.947 [pool-2-thread-64] DEBUG org.apache.http.wire -- http-outgoing-82 << "[\r][\n]"
22:57:42.947 [pool-2-thread-64] DEBUG org.apache.http.wire -- http-outgoing-82 << "{"success":false,"statusCode":500,"message":"\nInvalid `this.prisma.user.update()` invocation in\nD:\\Documents\\Workspace\\react_native\\roamly_backend\\src\\modules\\auth\\auth.service.ts:119:28\n\n  116 const refreshToken = crypto.randomBytes(32).toString('hex');\n  117 \n  118 // Update user with new refresh token\n[0xe2][0x86][0x92] 119 await this.prisma.user.update(\nTransaction failed due to a write conflict or a deadlock. Please retry your transaction","path":"/auth/login","timestamp":"2025-06-22T15:57:42.947Z"}"
22:57:42.947 [pool-2-thread-64] DEBUG org.apache.http.headers -- http-outgoing-82 << HTTP/1.1 500 Internal Server Error
22:57:42.947 [pool-2-thread-64] DEBUG org.apache.http.headers -- http-outgoing-82 << X-Powered-By: Express
22:57:42.947 [pool-2-thread-64] DEBUG org.apache.http.headers -- http-outgoing-82 << Access-Control-Allow-Origin: *
22:57:42.947 [pool-2-thread-64] DEBUG org.apache.http.headers -- http-outgoing-82 << Content-Type: application/json; charset=utf-8
22:57:42.947 [pool-2-thread-64] DEBUG org.apache.http.headers -- http-outgoing-82 << Content-Length: 510
22:57:42.947 [pool-2-thread-64] DEBUG org.apache.http.headers -- http-outgoing-82 << ETag: W/"1fe-xkcDnneqRpSBh425Mxc+dHeuRkk"
22:57:42.947 [pool-2-thread-64] DEBUG org.apache.http.headers -- http-outgoing-82 << Date: Sun, 22 Jun 2025 15:57:42 GMT
22:57:42.947 [pool-2-thread-64] DEBUG org.apache.http.headers -- http-outgoing-82 << Connection: keep-alive
22:57:42.947 [pool-2-thread-64] DEBUG org.apache.http.headers -- http-outgoing-82 << Keep-Alive: timeout=5
22:57:42.948 [pool-2-thread-64] DEBUG org.apache.http.impl.execchain.MainClientExec -- Connection can be kept alive for 5000 MILLISECONDS
22:57:42.948 [pool-2-thread-64] DEBUG org.apache.http.impl.conn.PoolingHttpClientConnectionManager -- Connection [id: 50][route: {}->http://localhost:3000] can be kept alive for 5.0 seconds
22:57:42.948 [pool-2-thread-64] DEBUG org.apache.http.impl.conn.DefaultManagedHttpClientConnection -- http-outgoing-82: set socket timeout to 0
22:57:42.948 [pool-2-thread-64] DEBUG org.apache.http.impl.conn.PoolingHttpClientConnectionManager -- Connection released: [id: 50][route: {}->http://localhost:3000][total available: 1; route allocated: 1 of 5; total allocated: 1 of 10]
22:57:42.948 [pool-2-thread-64] DEBUG org.apache.http.impl.conn.PoolingHttpClientConnectionManager -- Connection manager is shutting down
22:57:42.948 [pool-2-thread-64] DEBUG org.apache.http.impl.conn.DefaultManagedHttpClientConnection -- http-outgoing-82: Close connection
22:57:42.948 [pool-2-thread-64] DEBUG org.apache.http.impl.conn.PoolingHttpClientConnectionManager -- Connection manager shut down
22:57:42.948 [pool-2-thread-64] DEBUG com.intuit.karate -- response time in milliseconds: 13729
1 < 500
1 < X-Powered-By: Express
1 < Access-Control-Allow-Origin: *
1 < Content-Type: application/json; charset=utf-8
1 < Content-Length: 510
1 < ETag: W/"1fe-xkcDnneqRpSBh425Mxc+dHeuRkk"
1 < Date: Sun, 22 Jun 2025 15:57:42 GMT
1 < Connection: keep-alive
1 < Keep-Alive: timeout=5
{"success":false,"statusCode":500,"message":"\nInvalid `this.prisma.user.update()` invocation in\nD:\\Documents\\Workspace\\react_native\\roamly_backend\\src\\modules\\auth\\auth.service.ts:119:28\n\n  116 const refreshToken = crypto.randomBytes(32).toString('hex');\n  117 \n  118 // Update user with new refresh token\n? 119 await this.prisma.user.update(\nTransaction failed due to a write conflict or a deadlock. Please retry your transaction","path":"/auth/login","timestamp":"2025-06-22T15:57:42.947Z"}

22:57:42.949 [pool-2-thread-64] ERROR com.intuit.karate -- classpath:features/performance/login-performance-concurrent.feature:13
Then status 200
status code was: 500, expected: 200, response time in milliseconds: 13729, url: http://localhost:3000/auth/login, response: 
{"success":false,"statusCode":500,"message":"\nInvalid `this.prisma.user.update()` invocation in\nD:\\Documents\\Workspace\\react_native\\roamly_backend\\src\\modules\\auth\\auth.service.ts:119:28\n\n  116 const refreshToken = crypto.randomBytes(32).toString('hex');\n  117 \n  118 // Update user with new refresh token\n? 119 await this.prisma.user.update(\nTransaction failed due to a write conflict or a deadlock. Please retry your transaction","path":"/auth/login","timestamp":"2025-06-22T15:57:42.947Z"}
classpath:features/performance/login-performance-concurrent.feature:13
22:57:43.668 [pool-2-thread-62] DEBUG org.apache.http.wire -- http-outgoing-4 << "HTTP/1.1 500 Internal Server Error[\r][\n]"
22:57:43.668 [pool-2-thread-62] DEBUG org.apache.http.wire -- http-outgoing-4 << "X-Powered-By: Express[\r][\n]"
22:57:43.668 [pool-2-thread-62] DEBUG org.apache.http.wire -- http-outgoing-4 << "Access-Control-Allow-Origin: *[\r][\n]"
22:57:43.668 [pool-2-thread-62] DEBUG org.apache.http.wire -- http-outgoing-4 << "Content-Type: application/json; charset=utf-8[\r][\n]"
22:57:43.668 [pool-2-thread-62] DEBUG org.apache.http.wire -- http-outgoing-4 << "Content-Length: 510[\r][\n]"
22:57:43.668 [pool-2-thread-62] DEBUG org.apache.http.wire -- http-outgoing-4 << "ETag: W/"1fe-xxoa3B7gw1KZ7/KJwao95jZ1iXg"[\r][\n]"
22:57:43.668 [pool-2-thread-62] DEBUG org.apache.http.wire -- http-outgoing-4 << "Date: Sun, 22 Jun 2025 15:57:43 GMT[\r][\n]"
22:57:43.668 [pool-2-thread-62] DEBUG org.apache.http.wire -- http-outgoing-4 << "Connection: keep-alive[\r][\n]"
22:57:43.668 [pool-2-thread-62] DEBUG org.apache.http.wire -- http-outgoing-4 << "Keep-Alive: timeout=5[\r][\n]"
22:57:43.668 [pool-2-thread-62] DEBUG org.apache.http.wire -- http-outgoing-4 << "[\r][\n]"
22:57:43.668 [pool-2-thread-62] DEBUG org.apache.http.wire -- http-outgoing-4 << "{"success":false,"statusCode":500,"message":"\nInvalid `this.prisma.user.update()` invocation in\nD:\\Documents\\Workspace\\react_native\\roamly_backend\\src\\modules\\auth\\auth.service.ts:119:28\n\n  116 const refreshToken = crypto.randomBytes(32).toString('hex');\n  117 \n  118 // Update user with new refresh token\n[0xe2][0x86][0x92] 119 await this.prisma.user.update(\nTransaction failed due to a write conflict or a deadlock. Please retry your transaction","path":"/auth/login","timestamp":"2025-06-22T15:57:43.669Z"}"
22:57:43.668 [pool-2-thread-62] DEBUG org.apache.http.headers -- http-outgoing-4 << HTTP/1.1 500 Internal Server Error
22:57:43.668 [pool-2-thread-62] DEBUG org.apache.http.headers -- http-outgoing-4 << X-Powered-By: Express
22:57:43.668 [pool-2-thread-8] DEBUG org.apache.http.wire -- http-outgoing-38 << "HTTP/1.1 200 OK[\r][\n]"
22:57:43.668 [pool-2-thread-8] DEBUG org.apache.http.wire -- http-outgoing-38 << "X-Powered-By: Express[\r][\n]"
22:57:43.668 [pool-2-thread-8] DEBUG org.apache.http.wire -- http-outgoing-38 << "Access-Control-Allow-Origin: *[\r][\n]"
22:57:43.668 [pool-2-thread-8] DEBUG org.apache.http.wire -- http-outgoing-38 << "Content-Type: application/json; charset=utf-8[\r][\n]"
22:57:43.668 [pool-2-thread-8] DEBUG org.apache.http.wire -- http-outgoing-38 << "Content-Length: 609[\r][\n]"
22:57:43.668 [pool-2-thread-8] DEBUG org.apache.http.wire -- http-outgoing-38 << "ETag: W/"261-UlDUVFTajH68+KZtl40Ot1zFRnQ"[\r][\n]"
22:57:43.668 [pool-2-thread-62] DEBUG org.apache.http.headers -- http-outgoing-4 << Access-Control-Allow-Origin: *
22:57:43.668 [pool-2-thread-62] DEBUG org.apache.http.headers -- http-outgoing-4 << Content-Type: application/json; charset=utf-8
22:57:43.668 [pool-2-thread-62] DEBUG org.apache.http.headers -- http-outgoing-4 << Content-Length: 510
22:57:43.668 [pool-2-thread-8] DEBUG org.apache.http.wire -- http-outgoing-38 << "Date: Sun, 22 Jun 2025 15:57:43 GMT[\r][\n]"
22:57:43.668 [pool-2-thread-62] DEBUG org.apache.http.headers -- http-outgoing-4 << ETag: W/"1fe-xxoa3B7gw1KZ7/KJwao95jZ1iXg"
22:57:43.670 [pool-2-thread-8] DEBUG org.apache.http.wire -- http-outgoing-38 << "Connection: keep-alive[\r][\n]"
22:57:43.670 [pool-2-thread-62] DEBUG org.apache.http.headers -- http-outgoing-4 << Date: Sun, 22 Jun 2025 15:57:43 GMT
22:57:43.670 [pool-2-thread-8] DEBUG org.apache.http.wire -- http-outgoing-38 << "Keep-Alive: timeout=5[\r][\n]"
22:57:43.670 [pool-2-thread-8] DEBUG org.apache.http.wire -- http-outgoing-38 << "[\r][\n]"
22:57:43.670 [pool-2-thread-62] DEBUG org.apache.http.headers -- http-outgoing-4 << Connection: keep-alive
22:57:43.670 [pool-2-thread-8] DEBUG org.apache.http.wire -- http-outgoing-38 << "{"access_token":"eyJhbGciOiJIUzI1NiIsInR5cCI6IkpXVCJ9.eyJzdWIiOiIyNzJmNmI1NS01MTc5LTRhZTMtODU2My1iNGVjMTBmNzY3MTUiLCJ1c2VybmFtZSI6ImpvaG5kb2UyZDVkIiwicm9sZSI6MCwiaWF0IjoxNzUwNjA3ODYyLCJleHAiOjE3NTA2MTE0NjJ9.Ce7G8SQ22Ln2UDYZqtugCNQSLEhN9OqQILMCpIAW5WI","refresh_token":"ffaf56ff7a77811d151aa3151ae58b807d97940424168f9f54bbebda861a1bce","user":{"id":"272f6b55-5179-4ae3-8563-b4ec10f76715","email":"testit5@gmail.com","username":"johndoe2d5d","name":"John Doe","phoneNumber":"0123456132","profilePic":null,"bio":null,"private":false,"verified":false,"role":0,"followersCount":0,"followingCount":0,"postCount":0}}"
22:57:43.670 [pool-2-thread-62] DEBUG org.apache.http.headers -- http-outgoing-4 << Keep-Alive: timeout=5
22:57:43.670 [pool-2-thread-8] DEBUG org.apache.http.headers -- http-outgoing-38 << HTTP/1.1 200 OK
22:57:43.670 [pool-2-thread-8] DEBUG org.apache.http.headers -- http-outgoing-38 << X-Powered-By: Express
22:57:43.670 [pool-2-thread-8] DEBUG org.apache.http.headers -- http-outgoing-38 << Access-Control-Allow-Origin: *
22:57:43.670 [pool-2-thread-8] DEBUG org.apache.http.headers -- http-outgoing-38 << Content-Type: application/json; charset=utf-8
22:57:43.670 [pool-2-thread-8] DEBUG org.apache.http.headers -- http-outgoing-38 << Content-Length: 609
22:57:43.670 [pool-2-thread-8] DEBUG org.apache.http.headers -- http-outgoing-38 << ETag: W/"261-UlDUVFTajH68+KZtl40Ot1zFRnQ"
22:57:43.670 [pool-2-thread-8] DEBUG org.apache.http.headers -- http-outgoing-38 << Date: Sun, 22 Jun 2025 15:57:43 GMT
22:57:43.670 [pool-2-thread-8] DEBUG org.apache.http.headers -- http-outgoing-38 << Connection: keep-alive
22:57:43.670 [pool-2-thread-8] DEBUG org.apache.http.headers -- http-outgoing-38 << Keep-Alive: timeout=5
22:57:43.670 [pool-2-thread-62] DEBUG org.apache.http.impl.execchain.MainClientExec -- Connection can be kept alive for 5000 MILLISECONDS
22:57:43.670 [pool-2-thread-8] DEBUG org.apache.http.impl.execchain.MainClientExec -- Connection can be kept alive for 5000 MILLISECONDS
22:57:43.670 [pool-2-thread-8] DEBUG org.apache.http.impl.conn.PoolingHttpClientConnectionManager -- Connection [id: 94][route: {}->http://localhost:3000] can be kept alive for 5.0 seconds
22:57:43.670 [pool-2-thread-62] DEBUG org.apache.http.impl.conn.PoolingHttpClientConnectionManager -- Connection [id: 54][route: {}->http://localhost:3000] can be kept alive for 5.0 seconds
22:57:43.670 [pool-2-thread-62] DEBUG org.apache.http.impl.conn.DefaultManagedHttpClientConnection -- http-outgoing-4: set socket timeout to 0
22:57:43.670 [pool-2-thread-8] DEBUG org.apache.http.impl.conn.DefaultManagedHttpClientConnection -- http-outgoing-38: set socket timeout to 0
22:57:43.670 [pool-2-thread-8] DEBUG org.apache.http.impl.conn.PoolingHttpClientConnectionManager -- Connection released: [id: 94][route: {}->http://localhost:3000][total available: 1; route allocated: 1 of 5; total allocated: 1 of 10]
22:57:43.670 [pool-2-thread-62] DEBUG org.apache.http.impl.conn.PoolingHttpClientConnectionManager -- Connection released: [id: 54][route: {}->http://localhost:3000][total available: 1; route allocated: 1 of 5; total allocated: 1 of 10]
22:57:43.670 [pool-2-thread-8] DEBUG org.apache.http.impl.conn.PoolingHttpClientConnectionManager -- Connection manager is shutting down
22:57:43.670 [pool-2-thread-62] DEBUG org.apache.http.impl.conn.PoolingHttpClientConnectionManager -- Connection manager is shutting down
22:57:43.670 [pool-2-thread-8] DEBUG org.apache.http.impl.conn.DefaultManagedHttpClientConnection -- http-outgoing-38: Close connection
22:57:43.670 [pool-2-thread-62] DEBUG org.apache.http.impl.conn.DefaultManagedHttpClientConnection -- http-outgoing-4: Close connection
22:57:43.670 [pool-2-thread-8] DEBUG org.apache.http.impl.conn.PoolingHttpClientConnectionManager -- Connection manager shut down
22:57:43.670 [pool-2-thread-62] DEBUG org.apache.http.impl.conn.PoolingHttpClientConnectionManager -- Connection manager shut down
22:57:43.670 [pool-2-thread-8] DEBUG com.intuit.karate -- response time in milliseconds: 14466
1 < 200
1 < X-Powered-By: Express
1 < Access-Control-Allow-Origin: *
1 < Content-Type: application/json; charset=utf-8
1 < Content-Length: 609
1 < ETag: W/"261-UlDUVFTajH68+KZtl40Ot1zFRnQ"
1 < Date: Sun, 22 Jun 2025 15:57:43 GMT
1 < Connection: keep-alive
1 < Keep-Alive: timeout=5
{"access_token":"eyJhbGciOiJIUzI1NiIsInR5cCI6IkpXVCJ9.eyJzdWIiOiIyNzJmNmI1NS01MTc5LTRhZTMtODU2My1iNGVjMTBmNzY3MTUiLCJ1c2VybmFtZSI6ImpvaG5kb2UyZDVkIiwicm9sZSI6MCwiaWF0IjoxNzUwNjA3ODYyLCJleHAiOjE3NTA2MTE0NjJ9.Ce7G8SQ22Ln2UDYZqtugCNQSLEhN9OqQILMCpIAW5WI","refresh_token":"ffaf56ff7a77811d151aa3151ae58b807d97940424168f9f54bbebda861a1bce","user":{"id":"272f6b55-5179-4ae3-8563-b4ec10f76715","email":"testit5@gmail.com","username":"johndoe2d5d","name":"John Doe","phoneNumber":"0123456132","profilePic":null,"bio":null,"private":false,"verified":false,"role":0,"followersCount":0,"followingCount":0,"postCount":0}}

22:57:43.670 [pool-2-thread-62] DEBUG com.intuit.karate -- response time in milliseconds: 14452
1 < 500
1 < X-Powered-By: Express
1 < Access-Control-Allow-Origin: *
1 < Content-Type: application/json; charset=utf-8
1 < Content-Length: 510
1 < ETag: W/"1fe-xxoa3B7gw1KZ7/KJwao95jZ1iXg"
1 < Date: Sun, 22 Jun 2025 15:57:43 GMT
1 < Connection: keep-alive
1 < Keep-Alive: timeout=5
{"success":false,"statusCode":500,"message":"\nInvalid `this.prisma.user.update()` invocation in\nD:\\Documents\\Workspace\\react_native\\roamly_backend\\src\\modules\\auth\\auth.service.ts:119:28\n\n  116 const refreshToken = crypto.randomBytes(32).toString('hex');\n  117 \n  118 // Update user with new refresh token\n? 119 await this.prisma.user.update(\nTransaction failed due to a write conflict or a deadlock. Please retry your transaction","path":"/auth/login","timestamp":"2025-06-22T15:57:43.669Z"}

22:57:43.670 [pool-2-thread-62] ERROR com.intuit.karate -- classpath:features/performance/login-performance-concurrent.feature:13
Then status 200
status code was: 500, expected: 200, response time in milliseconds: 14452, url: http://localhost:3000/auth/login, response: 
{"success":false,"statusCode":500,"message":"\nInvalid `this.prisma.user.update()` invocation in\nD:\\Documents\\Workspace\\react_native\\roamly_backend\\src\\modules\\auth\\auth.service.ts:119:28\n\n  116 const refreshToken = crypto.randomBytes(32).toString('hex');\n  117 \n  118 // Update user with new refresh token\n? 119 await this.prisma.user.update(\nTransaction failed due to a write conflict or a deadlock. Please retry your transaction","path":"/auth/login","timestamp":"2025-06-22T15:57:43.669Z"}
classpath:features/performance/login-performance-concurrent.feature:13
22:57:43.671 [pool-2-thread-8] INFO com.intuit.karate -- [print] Concurrent call completed, status: 200 
22:57:43.707 [pool-2-thread-99] DEBUG org.apache.http.wire -- http-outgoing-94 << "HTTP/1.1 500 Internal Server Error[\r][\n]"
22:57:43.707 [pool-2-thread-99] DEBUG org.apache.http.wire -- http-outgoing-94 << "X-Powered-By: Express[\r][\n]"
22:57:43.707 [pool-2-thread-99] DEBUG org.apache.http.wire -- http-outgoing-94 << "Access-Control-Allow-Origin: *[\r][\n]"
22:57:43.707 [pool-2-thread-99] DEBUG org.apache.http.wire -- http-outgoing-94 << "Content-Type: application/json; charset=utf-8[\r][\n]"
22:57:43.707 [pool-2-thread-99] DEBUG org.apache.http.wire -- http-outgoing-94 << "Content-Length: 510[\r][\n]"
22:57:43.707 [pool-2-thread-99] DEBUG org.apache.http.wire -- http-outgoing-94 << "ETag: W/"1fe-phOqeSXGeKmybu+MoFJbjZZIAXU"[\r][\n]"
22:57:43.707 [pool-2-thread-99] DEBUG org.apache.http.wire -- http-outgoing-94 << "Date: Sun, 22 Jun 2025 15:57:43 GMT[\r][\n]"
22:57:43.707 [pool-2-thread-99] DEBUG org.apache.http.wire -- http-outgoing-94 << "Connection: keep-alive[\r][\n]"
22:57:43.707 [pool-2-thread-99] DEBUG org.apache.http.wire -- http-outgoing-94 << "Keep-Alive: timeout=5[\r][\n]"
22:57:43.707 [pool-2-thread-99] DEBUG org.apache.http.wire -- http-outgoing-94 << "[\r][\n]"
22:57:43.707 [pool-2-thread-99] DEBUG org.apache.http.wire -- http-outgoing-94 << "{"success":false,"statusCode":500,"message":"\nInvalid `this.prisma.user.update()` invocation in\nD:\\Documents\\Workspace\\react_native\\roamly_backend\\src\\modules\\auth\\auth.service.ts:119:28\n\n  116 const refreshToken = crypto.randomBytes(32).toString('hex');\n  117 \n  118 // Update user with new refresh token\n[0xe2][0x86][0x92] 119 await this.prisma.user.update(\nTransaction failed due to a write conflict or a deadlock. Please retry your transaction","path":"/auth/login","timestamp":"2025-06-22T15:57:43.707Z"}"
22:57:43.707 [pool-2-thread-99] DEBUG org.apache.http.headers -- http-outgoing-94 << HTTP/1.1 500 Internal Server Error
22:57:43.707 [pool-2-thread-99] DEBUG org.apache.http.headers -- http-outgoing-94 << X-Powered-By: Express
22:57:43.707 [pool-2-thread-99] DEBUG org.apache.http.headers -- http-outgoing-94 << Access-Control-Allow-Origin: *
22:57:43.707 [pool-2-thread-99] DEBUG org.apache.http.headers -- http-outgoing-94 << Content-Type: application/json; charset=utf-8
22:57:43.707 [pool-2-thread-99] DEBUG org.apache.http.headers -- http-outgoing-94 << Content-Length: 510
22:57:43.707 [pool-2-thread-99] DEBUG org.apache.http.headers -- http-outgoing-94 << ETag: W/"1fe-phOqeSXGeKmybu+MoFJbjZZIAXU"
22:57:43.707 [pool-2-thread-99] DEBUG org.apache.http.headers -- http-outgoing-94 << Date: Sun, 22 Jun 2025 15:57:43 GMT
22:57:43.707 [pool-2-thread-99] DEBUG org.apache.http.headers -- http-outgoing-94 << Connection: keep-alive
22:57:43.707 [pool-2-thread-99] DEBUG org.apache.http.headers -- http-outgoing-94 << Keep-Alive: timeout=5
22:57:43.707 [pool-2-thread-99] DEBUG org.apache.http.impl.execchain.MainClientExec -- Connection can be kept alive for 5000 MILLISECONDS
22:57:43.707 [pool-2-thread-99] DEBUG org.apache.http.impl.conn.PoolingHttpClientConnectionManager -- Connection [id: 8][route: {}->http://localhost:3000] can be kept alive for 5.0 seconds
22:57:43.707 [pool-2-thread-99] DEBUG org.apache.http.impl.conn.DefaultManagedHttpClientConnection -- http-outgoing-94: set socket timeout to 0
22:57:43.707 [pool-2-thread-99] DEBUG org.apache.http.impl.conn.PoolingHttpClientConnectionManager -- Connection released: [id: 8][route: {}->http://localhost:3000][total available: 1; route allocated: 1 of 5; total allocated: 1 of 10]
22:57:43.707 [pool-2-thread-99] DEBUG org.apache.http.impl.conn.PoolingHttpClientConnectionManager -- Connection manager is shutting down
22:57:43.707 [pool-2-thread-99] DEBUG org.apache.http.impl.conn.DefaultManagedHttpClientConnection -- http-outgoing-94: Close connection
22:57:43.707 [pool-2-thread-99] DEBUG org.apache.http.impl.conn.PoolingHttpClientConnectionManager -- Connection manager shut down
22:57:43.707 [pool-2-thread-99] DEBUG com.intuit.karate -- response time in milliseconds: 14487
1 < 500
1 < X-Powered-By: Express
1 < Access-Control-Allow-Origin: *
1 < Content-Type: application/json; charset=utf-8
1 < Content-Length: 510
1 < ETag: W/"1fe-phOqeSXGeKmybu+MoFJbjZZIAXU"
1 < Date: Sun, 22 Jun 2025 15:57:43 GMT
1 < Connection: keep-alive
1 < Keep-Alive: timeout=5
{"success":false,"statusCode":500,"message":"\nInvalid `this.prisma.user.update()` invocation in\nD:\\Documents\\Workspace\\react_native\\roamly_backend\\src\\modules\\auth\\auth.service.ts:119:28\n\n  116 const refreshToken = crypto.randomBytes(32).toString('hex');\n  117 \n  118 // Update user with new refresh token\n? 119 await this.prisma.user.update(\nTransaction failed due to a write conflict or a deadlock. Please retry your transaction","path":"/auth/login","timestamp":"2025-06-22T15:57:43.707Z"}

22:57:43.708 [pool-2-thread-99] ERROR com.intuit.karate -- classpath:features/performance/login-performance-concurrent.feature:13
Then status 200
status code was: 500, expected: 200, response time in milliseconds: 14487, url: http://localhost:3000/auth/login, response: 
{"success":false,"statusCode":500,"message":"\nInvalid `this.prisma.user.update()` invocation in\nD:\\Documents\\Workspace\\react_native\\roamly_backend\\src\\modules\\auth\\auth.service.ts:119:28\n\n  116 const refreshToken = crypto.randomBytes(32).toString('hex');\n  117 \n  118 // Update user with new refresh token\n? 119 await this.prisma.user.update(\nTransaction failed due to a write conflict or a deadlock. Please retry your transaction","path":"/auth/login","timestamp":"2025-06-22T15:57:43.707Z"}
classpath:features/performance/login-performance-concurrent.feature:13
22:57:43.713 [pool-2-thread-44] DEBUG org.apache.http.wire -- http-outgoing-17 << "HTTP/1.1 500 Internal Server Error[\r][\n]"
22:57:43.713 [pool-2-thread-44] DEBUG org.apache.http.wire -- http-outgoing-17 << "X-Powered-By: Express[\r][\n]"
22:57:43.713 [pool-2-thread-44] DEBUG org.apache.http.wire -- http-outgoing-17 << "Access-Control-Allow-Origin: *[\r][\n]"
22:57:43.713 [pool-2-thread-44] DEBUG org.apache.http.wire -- http-outgoing-17 << "Content-Type: application/json; charset=utf-8[\r][\n]"
22:57:43.713 [pool-2-thread-44] DEBUG org.apache.http.wire -- http-outgoing-17 << "Content-Length: 510[\r][\n]"
22:57:43.713 [pool-2-thread-44] DEBUG org.apache.http.wire -- http-outgoing-17 << "ETag: W/"1fe-fjNUYXWxZm4qBSw0uyMvxG+mNnA"[\r][\n]"
22:57:43.713 [pool-2-thread-44] DEBUG org.apache.http.wire -- http-outgoing-17 << "Date: Sun, 22 Jun 2025 15:57:43 GMT[\r][\n]"
22:57:43.713 [pool-2-thread-44] DEBUG org.apache.http.wire -- http-outgoing-17 << "Connection: keep-alive[\r][\n]"
22:57:43.713 [pool-2-thread-44] DEBUG org.apache.http.wire -- http-outgoing-17 << "Keep-Alive: timeout=5[\r][\n]"
22:57:43.713 [pool-2-thread-44] DEBUG org.apache.http.wire -- http-outgoing-17 << "[\r][\n]"
22:57:43.713 [pool-2-thread-44] DEBUG org.apache.http.wire -- http-outgoing-17 << "{"success":false,"statusCode":500,"message":"\nInvalid `this.prisma.user.update()` invocation in\nD:\\Documents\\Workspace\\react_native\\roamly_backend\\src\\modules\\auth\\auth.service.ts:119:28\n\n  116 const refreshToken = crypto.randomBytes(32).toString('hex');\n  117 \n  118 // Update user with new refresh token\n[0xe2][0x86][0x92] 119 await this.prisma.user.update(\nTransaction failed due to a write conflict or a deadlock. Please retry your transaction","path":"/auth/login","timestamp":"2025-06-22T15:57:43.713Z"}"
22:57:43.713 [pool-2-thread-44] DEBUG org.apache.http.headers -- http-outgoing-17 << HTTP/1.1 500 Internal Server Error
22:57:43.713 [pool-2-thread-44] DEBUG org.apache.http.headers -- http-outgoing-17 << X-Powered-By: Express
22:57:43.713 [pool-2-thread-44] DEBUG org.apache.http.headers -- http-outgoing-17 << Access-Control-Allow-Origin: *
22:57:43.713 [pool-2-thread-44] DEBUG org.apache.http.headers -- http-outgoing-17 << Content-Type: application/json; charset=utf-8
22:57:43.713 [pool-2-thread-44] DEBUG org.apache.http.headers -- http-outgoing-17 << Content-Length: 510
22:57:43.713 [pool-2-thread-44] DEBUG org.apache.http.headers -- http-outgoing-17 << ETag: W/"1fe-fjNUYXWxZm4qBSw0uyMvxG+mNnA"
22:57:43.713 [pool-2-thread-44] DEBUG org.apache.http.headers -- http-outgoing-17 << Date: Sun, 22 Jun 2025 15:57:43 GMT
22:57:43.713 [pool-2-thread-44] DEBUG org.apache.http.headers -- http-outgoing-17 << Connection: keep-alive
22:57:43.713 [pool-2-thread-44] DEBUG org.apache.http.headers -- http-outgoing-17 << Keep-Alive: timeout=5
22:57:43.713 [pool-2-thread-44] DEBUG org.apache.http.impl.execchain.MainClientExec -- Connection can be kept alive for 5000 MILLISECONDS
22:57:43.713 [pool-2-thread-44] DEBUG org.apache.http.impl.conn.PoolingHttpClientConnectionManager -- Connection [id: 86][route: {}->http://localhost:3000] can be kept alive for 5.0 seconds
22:57:43.713 [pool-2-thread-44] DEBUG org.apache.http.impl.conn.DefaultManagedHttpClientConnection -- http-outgoing-17: set socket timeout to 0
22:57:43.713 [pool-2-thread-44] DEBUG org.apache.http.impl.conn.PoolingHttpClientConnectionManager -- Connection released: [id: 86][route: {}->http://localhost:3000][total available: 1; route allocated: 1 of 5; total allocated: 1 of 10]
22:57:43.713 [pool-2-thread-44] DEBUG org.apache.http.impl.conn.PoolingHttpClientConnectionManager -- Connection manager is shutting down
22:57:43.713 [pool-2-thread-44] DEBUG org.apache.http.impl.conn.DefaultManagedHttpClientConnection -- http-outgoing-17: Close connection
22:57:43.713 [pool-2-thread-44] DEBUG org.apache.http.impl.conn.PoolingHttpClientConnectionManager -- Connection manager shut down
22:57:43.713 [pool-2-thread-44] DEBUG com.intuit.karate -- response time in milliseconds: 14509
1 < 500
1 < X-Powered-By: Express
1 < Access-Control-Allow-Origin: *
1 < Content-Type: application/json; charset=utf-8
1 < Content-Length: 510
1 < ETag: W/"1fe-fjNUYXWxZm4qBSw0uyMvxG+mNnA"
1 < Date: Sun, 22 Jun 2025 15:57:43 GMT
1 < Connection: keep-alive
1 < Keep-Alive: timeout=5
{"success":false,"statusCode":500,"message":"\nInvalid `this.prisma.user.update()` invocation in\nD:\\Documents\\Workspace\\react_native\\roamly_backend\\src\\modules\\auth\\auth.service.ts:119:28\n\n  116 const refreshToken = crypto.randomBytes(32).toString('hex');\n  117 \n  118 // Update user with new refresh token\n? 119 await this.prisma.user.update(\nTransaction failed due to a write conflict or a deadlock. Please retry your transaction","path":"/auth/login","timestamp":"2025-06-22T15:57:43.713Z"}

22:57:43.714 [pool-2-thread-44] ERROR com.intuit.karate -- classpath:features/performance/login-performance-concurrent.feature:13
Then status 200
status code was: 500, expected: 200, response time in milliseconds: 14509, url: http://localhost:3000/auth/login, response: 
{"success":false,"statusCode":500,"message":"\nInvalid `this.prisma.user.update()` invocation in\nD:\\Documents\\Workspace\\react_native\\roamly_backend\\src\\modules\\auth\\auth.service.ts:119:28\n\n  116 const refreshToken = crypto.randomBytes(32).toString('hex');\n  117 \n  118 // Update user with new refresh token\n? 119 await this.prisma.user.update(\nTransaction failed due to a write conflict or a deadlock. Please retry your transaction","path":"/auth/login","timestamp":"2025-06-22T15:57:43.713Z"}
classpath:features/performance/login-performance-concurrent.feature:13
22:57:43.725 [pool-2-thread-69] DEBUG org.apache.http.wire -- http-outgoing-46 << "HTTP/1.1 500 Internal Server Error[\r][\n]"
22:57:43.725 [pool-2-thread-69] DEBUG org.apache.http.wire -- http-outgoing-46 << "X-Powered-By: Express[\r][\n]"
22:57:43.725 [pool-2-thread-69] DEBUG org.apache.http.wire -- http-outgoing-46 << "Access-Control-Allow-Origin: *[\r][\n]"
22:57:43.725 [pool-2-thread-69] DEBUG org.apache.http.wire -- http-outgoing-46 << "Content-Type: application/json; charset=utf-8[\r][\n]"
22:57:43.725 [pool-2-thread-69] DEBUG org.apache.http.wire -- http-outgoing-46 << "Content-Length: 510[\r][\n]"
22:57:43.725 [pool-2-thread-69] DEBUG org.apache.http.wire -- http-outgoing-46 << "ETag: W/"1fe-WutHZq/thRoZqcgNU4I88HZmEJg"[\r][\n]"
22:57:43.725 [pool-2-thread-69] DEBUG org.apache.http.wire -- http-outgoing-46 << "Date: Sun, 22 Jun 2025 15:57:43 GMT[\r][\n]"
22:57:43.725 [pool-2-thread-69] DEBUG org.apache.http.wire -- http-outgoing-46 << "Connection: keep-alive[\r][\n]"
22:57:43.725 [pool-2-thread-69] DEBUG org.apache.http.wire -- http-outgoing-46 << "Keep-Alive: timeout=5[\r][\n]"
22:57:43.725 [pool-2-thread-69] DEBUG org.apache.http.wire -- http-outgoing-46 << "[\r][\n]"
22:57:43.725 [pool-2-thread-69] DEBUG org.apache.http.wire -- http-outgoing-46 << "{"success":false,"statusCode":500,"message":"\nInvalid `this.prisma.user.update()` invocation in\nD:\\Documents\\Workspace\\react_native\\roamly_backend\\src\\modules\\auth\\auth.service.ts:119:28\n\n  116 const refreshToken = crypto.randomBytes(32).toString('hex');\n  117 \n  118 // Update user with new refresh token\n[0xe2][0x86][0x92] 119 await this.prisma.user.update(\nTransaction failed due to a write conflict or a deadlock. Please retry your transaction","path":"/auth/login","timestamp":"2025-06-22T15:57:43.725Z"}"
22:57:43.725 [pool-2-thread-69] DEBUG org.apache.http.headers -- http-outgoing-46 << HTTP/1.1 500 Internal Server Error
22:57:43.725 [pool-2-thread-69] DEBUG org.apache.http.headers -- http-outgoing-46 << X-Powered-By: Express
22:57:43.725 [pool-2-thread-69] DEBUG org.apache.http.headers -- http-outgoing-46 << Access-Control-Allow-Origin: *
22:57:43.725 [pool-2-thread-69] DEBUG org.apache.http.headers -- http-outgoing-46 << Content-Type: application/json; charset=utf-8
22:57:43.725 [pool-2-thread-69] DEBUG org.apache.http.headers -- http-outgoing-46 << Content-Length: 510
22:57:43.725 [pool-2-thread-69] DEBUG org.apache.http.headers -- http-outgoing-46 << ETag: W/"1fe-WutHZq/thRoZqcgNU4I88HZmEJg"
22:57:43.725 [pool-2-thread-69] DEBUG org.apache.http.headers -- http-outgoing-46 << Date: Sun, 22 Jun 2025 15:57:43 GMT
22:57:43.725 [pool-2-thread-69] DEBUG org.apache.http.headers -- http-outgoing-46 << Connection: keep-alive
22:57:43.725 [pool-2-thread-69] DEBUG org.apache.http.headers -- http-outgoing-46 << Keep-Alive: timeout=5
22:57:43.725 [pool-2-thread-69] DEBUG org.apache.http.impl.execchain.MainClientExec -- Connection can be kept alive for 5000 MILLISECONDS
22:57:43.725 [pool-2-thread-69] DEBUG org.apache.http.impl.conn.PoolingHttpClientConnectionManager -- Connection [id: 25][route: {}->http://localhost:3000] can be kept alive for 5.0 seconds
22:57:43.725 [pool-2-thread-69] DEBUG org.apache.http.impl.conn.DefaultManagedHttpClientConnection -- http-outgoing-46: set socket timeout to 0
22:57:43.725 [pool-2-thread-69] DEBUG org.apache.http.impl.conn.PoolingHttpClientConnectionManager -- Connection released: [id: 25][route: {}->http://localhost:3000][total available: 1; route allocated: 1 of 5; total allocated: 1 of 10]
22:57:43.725 [pool-2-thread-69] DEBUG org.apache.http.impl.conn.PoolingHttpClientConnectionManager -- Connection manager is shutting down
22:57:43.725 [pool-2-thread-69] DEBUG org.apache.http.impl.conn.DefaultManagedHttpClientConnection -- http-outgoing-46: Close connection
22:57:43.725 [pool-2-thread-69] DEBUG org.apache.http.impl.conn.PoolingHttpClientConnectionManager -- Connection manager shut down
22:57:43.725 [pool-2-thread-69] DEBUG com.intuit.karate -- response time in milliseconds: 14520
1 < 500
1 < X-Powered-By: Express
1 < Access-Control-Allow-Origin: *
1 < Content-Type: application/json; charset=utf-8
1 < Content-Length: 510
1 < ETag: W/"1fe-WutHZq/thRoZqcgNU4I88HZmEJg"
1 < Date: Sun, 22 Jun 2025 15:57:43 GMT
1 < Connection: keep-alive
1 < Keep-Alive: timeout=5
{"success":false,"statusCode":500,"message":"\nInvalid `this.prisma.user.update()` invocation in\nD:\\Documents\\Workspace\\react_native\\roamly_backend\\src\\modules\\auth\\auth.service.ts:119:28\n\n  116 const refreshToken = crypto.randomBytes(32).toString('hex');\n  117 \n  118 // Update user with new refresh token\n? 119 await this.prisma.user.update(\nTransaction failed due to a write conflict or a deadlock. Please retry your transaction","path":"/auth/login","timestamp":"2025-06-22T15:57:43.725Z"}

22:57:43.727 [pool-2-thread-92] DEBUG org.apache.http.wire -- http-outgoing-24 << "HTTP/1.1 500 Internal Server Error[\r][\n]"
22:57:43.727 [pool-2-thread-92] DEBUG org.apache.http.wire -- http-outgoing-24 << "X-Powered-By: Express[\r][\n]"
22:57:43.727 [pool-2-thread-92] DEBUG org.apache.http.wire -- http-outgoing-24 << "Access-Control-Allow-Origin: *[\r][\n]"
22:57:43.727 [pool-2-thread-92] DEBUG org.apache.http.wire -- http-outgoing-24 << "Content-Type: application/json; charset=utf-8[\r][\n]"
22:57:43.727 [pool-2-thread-92] DEBUG org.apache.http.wire -- http-outgoing-24 << "Content-Length: 510[\r][\n]"
22:57:43.727 [pool-2-thread-92] DEBUG org.apache.http.wire -- http-outgoing-24 << "ETag: W/"1fe-1FAFrOEGxZxs0YSIx54paTUyJmU"[\r][\n]"
22:57:43.727 [pool-2-thread-92] DEBUG org.apache.http.wire -- http-outgoing-24 << "Date: Sun, 22 Jun 2025 15:57:43 GMT[\r][\n]"
22:57:43.727 [pool-2-thread-92] DEBUG org.apache.http.wire -- http-outgoing-24 << "Connection: keep-alive[\r][\n]"
22:57:43.727 [pool-2-thread-92] DEBUG org.apache.http.wire -- http-outgoing-24 << "Keep-Alive: timeout=5[\r][\n]"
22:57:43.727 [pool-2-thread-92] DEBUG org.apache.http.wire -- http-outgoing-24 << "[\r][\n]"
22:57:43.727 [pool-2-thread-92] DEBUG org.apache.http.wire -- http-outgoing-24 << "{"success":false,"statusCode":500,"message":"\nInvalid `this.prisma.user.update()` invocation in\nD:\\Documents\\Workspace\\react_native\\roamly_backend\\src\\modules\\auth\\auth.service.ts:119:28\n\n  116 const refreshToken = crypto.randomBytes(32).toString('hex');\n  117 \n  118 // Update user with new refresh token\n[0xe2][0x86][0x92] 119 await this.prisma.user.update(\nTransaction failed due to a write conflict or a deadlock. Please retry your transaction","path":"/auth/login","timestamp":"2025-06-22T15:57:43.727Z"}"
22:57:43.727 [pool-2-thread-92] DEBUG org.apache.http.headers -- http-outgoing-24 << HTTP/1.1 500 Internal Server Error
22:57:43.727 [pool-2-thread-92] DEBUG org.apache.http.headers -- http-outgoing-24 << X-Powered-By: Express
22:57:43.727 [pool-2-thread-92] DEBUG org.apache.http.headers -- http-outgoing-24 << Access-Control-Allow-Origin: *
22:57:43.727 [pool-2-thread-92] DEBUG org.apache.http.headers -- http-outgoing-24 << Content-Type: application/json; charset=utf-8
22:57:43.727 [pool-2-thread-92] DEBUG org.apache.http.headers -- http-outgoing-24 << Content-Length: 510
22:57:43.727 [pool-2-thread-92] DEBUG org.apache.http.headers -- http-outgoing-24 << ETag: W/"1fe-1FAFrOEGxZxs0YSIx54paTUyJmU"
22:57:43.727 [pool-2-thread-92] DEBUG org.apache.http.headers -- http-outgoing-24 << Date: Sun, 22 Jun 2025 15:57:43 GMT
22:57:43.727 [pool-2-thread-92] DEBUG org.apache.http.headers -- http-outgoing-24 << Connection: keep-alive
22:57:43.727 [pool-2-thread-92] DEBUG org.apache.http.headers -- http-outgoing-24 << Keep-Alive: timeout=5
22:57:43.727 [pool-2-thread-69] ERROR com.intuit.karate -- classpath:features/performance/login-performance-concurrent.feature:13
Then status 200
status code was: 500, expected: 200, response time in milliseconds: 14520, url: http://localhost:3000/auth/login, response: 
{"success":false,"statusCode":500,"message":"\nInvalid `this.prisma.user.update()` invocation in\nD:\\Documents\\Workspace\\react_native\\roamly_backend\\src\\modules\\auth\\auth.service.ts:119:28\n\n  116 const refreshToken = crypto.randomBytes(32).toString('hex');\n  117 \n  118 // Update user with new refresh token\n? 119 await this.prisma.user.update(\nTransaction failed due to a write conflict or a deadlock. Please retry your transaction","path":"/auth/login","timestamp":"2025-06-22T15:57:43.725Z"}
classpath:features/performance/login-performance-concurrent.feature:13
22:57:43.727 [pool-2-thread-92] DEBUG org.apache.http.impl.execchain.MainClientExec -- Connection can be kept alive for 5000 MILLISECONDS
22:57:43.727 [pool-2-thread-92] DEBUG org.apache.http.impl.conn.PoolingHttpClientConnectionManager -- Connection [id: 60][route: {}->http://localhost:3000] can be kept alive for 5.0 seconds
22:57:43.727 [pool-2-thread-92] DEBUG org.apache.http.impl.conn.DefaultManagedHttpClientConnection -- http-outgoing-24: set socket timeout to 0
22:57:43.727 [pool-2-thread-92] DEBUG org.apache.http.impl.conn.PoolingHttpClientConnectionManager -- Connection released: [id: 60][route: {}->http://localhost:3000][total available: 1; route allocated: 1 of 5; total allocated: 1 of 10]
22:57:43.727 [pool-2-thread-92] DEBUG org.apache.http.impl.conn.PoolingHttpClientConnectionManager -- Connection manager is shutting down
22:57:43.727 [pool-2-thread-92] DEBUG org.apache.http.impl.conn.DefaultManagedHttpClientConnection -- http-outgoing-24: Close connection
22:57:43.727 [pool-2-thread-92] DEBUG org.apache.http.impl.conn.PoolingHttpClientConnectionManager -- Connection manager shut down
22:57:43.727 [pool-2-thread-92] DEBUG com.intuit.karate -- response time in milliseconds: 14507
1 < 500
1 < X-Powered-By: Express
1 < Access-Control-Allow-Origin: *
1 < Content-Type: application/json; charset=utf-8
1 < Content-Length: 510
1 < ETag: W/"1fe-1FAFrOEGxZxs0YSIx54paTUyJmU"
1 < Date: Sun, 22 Jun 2025 15:57:43 GMT
1 < Connection: keep-alive
1 < Keep-Alive: timeout=5
{"success":false,"statusCode":500,"message":"\nInvalid `this.prisma.user.update()` invocation in\nD:\\Documents\\Workspace\\react_native\\roamly_backend\\src\\modules\\auth\\auth.service.ts:119:28\n\n  116 const refreshToken = crypto.randomBytes(32).toString('hex');\n  117 \n  118 // Update user with new refresh token\n? 119 await this.prisma.user.update(\nTransaction failed due to a write conflict or a deadlock. Please retry your transaction","path":"/auth/login","timestamp":"2025-06-22T15:57:43.727Z"}

22:57:43.727 [pool-2-thread-86] DEBUG org.apache.http.wire -- http-outgoing-10 << "HTTP/1.1 200 OK[\r][\n]"
22:57:43.727 [pool-2-thread-86] DEBUG org.apache.http.wire -- http-outgoing-10 << "X-Powered-By: Express[\r][\n]"
22:57:43.727 [pool-2-thread-86] DEBUG org.apache.http.wire -- http-outgoing-10 << "Access-Control-Allow-Origin: *[\r][\n]"
22:57:43.727 [pool-2-thread-86] DEBUG org.apache.http.wire -- http-outgoing-10 << "Content-Type: application/json; charset=utf-8[\r][\n]"
22:57:43.727 [pool-2-thread-86] DEBUG org.apache.http.wire -- http-outgoing-10 << "Content-Length: 607[\r][\n]"
22:57:43.727 [pool-2-thread-86] DEBUG org.apache.http.wire -- http-outgoing-10 << "ETag: W/"25f-t4HqkW19bWgJa8TzCvS5pCOaYOo"[\r][\n]"
22:57:43.727 [pool-2-thread-86] DEBUG org.apache.http.wire -- http-outgoing-10 << "Date: Sun, 22 Jun 2025 15:57:43 GMT[\r][\n]"
22:57:43.727 [pool-2-thread-86] DEBUG org.apache.http.wire -- http-outgoing-10 << "Connection: keep-alive[\r][\n]"
22:57:43.727 [pool-2-thread-86] DEBUG org.apache.http.wire -- http-outgoing-10 << "Keep-Alive: timeout=5[\r][\n]"
22:57:43.727 [pool-2-thread-86] DEBUG org.apache.http.wire -- http-outgoing-10 << "[\r][\n]"
22:57:43.727 [pool-2-thread-86] DEBUG org.apache.http.wire -- http-outgoing-10 << "{"access_token":"eyJhbGciOiJIUzI1NiIsInR5cCI6IkpXVCJ9.eyJzdWIiOiI5YTI2OTc2Yy0xNTMyLTRkZjMtYTE2ZS03NjMxNTI1Yzg1MDIiLCJ1c2VybmFtZSI6ImpvaG5kb2UyZDUiLCJyb2xlIjowLCJpYXQiOjE3NTA2MDc4NjIsImV4cCI6MTc1MDYxMTQ2Mn0.w3CB35JgbSMkZPRx9OpbbPIl9T_cvgFL_TI62ZsCvrg","refresh_token":"3498b00faf1e4d0a9fee55196d911ce94ecb8c02d8086fe6582538c6d1f9d3e6","user":{"id":"9a26976c-1532-4df3-a16e-7631525c8502","email":"testit4@gmail.com","username":"johndoe2d5","name":"John Doe","phoneNumber":"0123456212","profilePic":null,"bio":null,"private":false,"verified":false,"role":0,"followersCount":0,"followingCount":0,"postCount":0}}"
22:57:43.728 [pool-2-thread-86] DEBUG org.apache.http.headers -- http-outgoing-10 << HTTP/1.1 200 OK
22:57:43.728 [pool-2-thread-86] DEBUG org.apache.http.headers -- http-outgoing-10 << X-Powered-By: Express
22:57:43.728 [pool-2-thread-86] DEBUG org.apache.http.headers -- http-outgoing-10 << Access-Control-Allow-Origin: *
22:57:43.728 [pool-2-thread-86] DEBUG org.apache.http.headers -- http-outgoing-10 << Content-Type: application/json; charset=utf-8
22:57:43.728 [pool-2-thread-86] DEBUG org.apache.http.headers -- http-outgoing-10 << Content-Length: 607
22:57:43.728 [pool-2-thread-86] DEBUG org.apache.http.headers -- http-outgoing-10 << ETag: W/"25f-t4HqkW19bWgJa8TzCvS5pCOaYOo"
22:57:43.728 [pool-2-thread-86] DEBUG org.apache.http.headers -- http-outgoing-10 << Date: Sun, 22 Jun 2025 15:57:43 GMT
22:57:43.728 [pool-2-thread-86] DEBUG org.apache.http.headers -- http-outgoing-10 << Connection: keep-alive
22:57:43.728 [pool-2-thread-86] DEBUG org.apache.http.headers -- http-outgoing-10 << Keep-Alive: timeout=5
22:57:43.728 [pool-2-thread-86] DEBUG org.apache.http.impl.execchain.MainClientExec -- Connection can be kept alive for 5000 MILLISECONDS
22:57:43.728 [pool-2-thread-86] DEBUG org.apache.http.impl.conn.PoolingHttpClientConnectionManager -- Connection [id: 4][route: {}->http://localhost:3000] can be kept alive for 5.0 seconds
22:57:43.728 [pool-2-thread-86] DEBUG org.apache.http.impl.conn.DefaultManagedHttpClientConnection -- http-outgoing-10: set socket timeout to 0
22:57:43.728 [pool-2-thread-86] DEBUG org.apache.http.impl.conn.PoolingHttpClientConnectionManager -- Connection released: [id: 4][route: {}->http://localhost:3000][total available: 1; route allocated: 1 of 5; total allocated: 1 of 10]
22:57:43.728 [pool-2-thread-86] DEBUG org.apache.http.impl.conn.PoolingHttpClientConnectionManager -- Connection manager is shutting down
22:57:43.728 [pool-2-thread-86] DEBUG org.apache.http.impl.conn.DefaultManagedHttpClientConnection -- http-outgoing-10: Close connection
22:57:43.728 [pool-2-thread-92] ERROR com.intuit.karate -- classpath:features/performance/login-performance-concurrent.feature:13
Then status 200
status code was: 500, expected: 200, response time in milliseconds: 14507, url: http://localhost:3000/auth/login, response: 
{"success":false,"statusCode":500,"message":"\nInvalid `this.prisma.user.update()` invocation in\nD:\\Documents\\Workspace\\react_native\\roamly_backend\\src\\modules\\auth\\auth.service.ts:119:28\n\n  116 const refreshToken = crypto.randomBytes(32).toString('hex');\n  117 \n  118 // Update user with new refresh token\n? 119 await this.prisma.user.update(\nTransaction failed due to a write conflict or a deadlock. Please retry your transaction","path":"/auth/login","timestamp":"2025-06-22T15:57:43.727Z"}
classpath:features/performance/login-performance-concurrent.feature:13
22:57:43.728 [pool-2-thread-86] DEBUG org.apache.http.impl.conn.PoolingHttpClientConnectionManager -- Connection manager shut down
22:57:43.728 [pool-2-thread-86] DEBUG com.intuit.karate -- response time in milliseconds: 14521
1 < 200
1 < X-Powered-By: Express
1 < Access-Control-Allow-Origin: *
1 < Content-Type: application/json; charset=utf-8
1 < Content-Length: 607
1 < ETag: W/"25f-t4HqkW19bWgJa8TzCvS5pCOaYOo"
1 < Date: Sun, 22 Jun 2025 15:57:43 GMT
1 < Connection: keep-alive
1 < Keep-Alive: timeout=5
{"access_token":"eyJhbGciOiJIUzI1NiIsInR5cCI6IkpXVCJ9.eyJzdWIiOiI5YTI2OTc2Yy0xNTMyLTRkZjMtYTE2ZS03NjMxNTI1Yzg1MDIiLCJ1c2VybmFtZSI6ImpvaG5kb2UyZDUiLCJyb2xlIjowLCJpYXQiOjE3NTA2MDc4NjIsImV4cCI6MTc1MDYxMTQ2Mn0.w3CB35JgbSMkZPRx9OpbbPIl9T_cvgFL_TI62ZsCvrg","refresh_token":"3498b00faf1e4d0a9fee55196d911ce94ecb8c02d8086fe6582538c6d1f9d3e6","user":{"id":"9a26976c-1532-4df3-a16e-7631525c8502","email":"testit4@gmail.com","username":"johndoe2d5","name":"John Doe","phoneNumber":"0123456212","profilePic":null,"bio":null,"private":false,"verified":false,"role":0,"followersCount":0,"followingCount":0,"postCount":0}}

22:57:43.729 [pool-2-thread-86] INFO com.intuit.karate -- [print] Concurrent call completed, status: 200 
22:57:43.745 [pool-2-thread-2] DEBUG org.apache.http.wire -- http-outgoing-25 << "HTTP/1.1 500 Internal Server Error[\r][\n]"
22:57:43.745 [pool-2-thread-2] DEBUG org.apache.http.wire -- http-outgoing-25 << "X-Powered-By: Express[\r][\n]"
22:57:43.745 [pool-2-thread-2] DEBUG org.apache.http.wire -- http-outgoing-25 << "Access-Control-Allow-Origin: *[\r][\n]"
22:57:43.745 [pool-2-thread-2] DEBUG org.apache.http.wire -- http-outgoing-25 << "Content-Type: application/json; charset=utf-8[\r][\n]"
22:57:43.745 [pool-2-thread-2] DEBUG org.apache.http.wire -- http-outgoing-25 << "Content-Length: 510[\r][\n]"
22:57:43.745 [pool-2-thread-2] DEBUG org.apache.http.wire -- http-outgoing-25 << "ETag: W/"1fe-0R53pbIky7RpzFkmamTjKRGlZYs"[\r][\n]"
22:57:43.745 [pool-2-thread-2] DEBUG org.apache.http.wire -- http-outgoing-25 << "Date: Sun, 22 Jun 2025 15:57:43 GMT[\r][\n]"
22:57:43.745 [pool-2-thread-2] DEBUG org.apache.http.wire -- http-outgoing-25 << "Connection: keep-alive[\r][\n]"
22:57:43.745 [pool-2-thread-2] DEBUG org.apache.http.wire -- http-outgoing-25 << "Keep-Alive: timeout=5[\r][\n]"
22:57:43.745 [pool-2-thread-2] DEBUG org.apache.http.wire -- http-outgoing-25 << "[\r][\n]"
22:57:43.745 [pool-2-thread-2] DEBUG org.apache.http.wire -- http-outgoing-25 << "{"success":false,"statusCode":500,"message":"\nInvalid `this.prisma.user.update()` invocation in\nD:\\Documents\\Workspace\\react_native\\roamly_backend\\src\\modules\\auth\\auth.service.ts:119:28\n\n  116 const refreshToken = crypto.randomBytes(32).toString('hex');\n  117 \n  118 // Update user with new refresh token\n[0xe2][0x86][0x92] 119 await this.prisma.user.update(\nTransaction failed due to a write conflict or a deadlock. Please retry your transaction","path":"/auth/login","timestamp":"2025-06-22T15:57:43.745Z"}"
22:57:43.745 [pool-2-thread-2] DEBUG org.apache.http.headers -- http-outgoing-25 << HTTP/1.1 500 Internal Server Error
22:57:43.745 [pool-2-thread-2] DEBUG org.apache.http.headers -- http-outgoing-25 << X-Powered-By: Express
22:57:43.745 [pool-2-thread-2] DEBUG org.apache.http.headers -- http-outgoing-25 << Access-Control-Allow-Origin: *
22:57:43.745 [pool-2-thread-2] DEBUG org.apache.http.headers -- http-outgoing-25 << Content-Type: application/json; charset=utf-8
22:57:43.745 [pool-2-thread-2] DEBUG org.apache.http.headers -- http-outgoing-25 << Content-Length: 510
22:57:43.745 [pool-2-thread-2] DEBUG org.apache.http.headers -- http-outgoing-25 << ETag: W/"1fe-0R53pbIky7RpzFkmamTjKRGlZYs"
22:57:43.745 [pool-2-thread-2] DEBUG org.apache.http.headers -- http-outgoing-25 << Date: Sun, 22 Jun 2025 15:57:43 GMT
22:57:43.745 [pool-2-thread-2] DEBUG org.apache.http.headers -- http-outgoing-25 << Connection: keep-alive
22:57:43.745 [pool-2-thread-2] DEBUG org.apache.http.headers -- http-outgoing-25 << Keep-Alive: timeout=5
22:57:43.745 [pool-2-thread-2] DEBUG org.apache.http.impl.execchain.MainClientExec -- Connection can be kept alive for 5000 MILLISECONDS
22:57:43.745 [pool-2-thread-2] DEBUG org.apache.http.impl.conn.PoolingHttpClientConnectionManager -- Connection [id: 41][route: {}->http://localhost:3000] can be kept alive for 5.0 seconds
22:57:43.745 [pool-2-thread-2] DEBUG org.apache.http.impl.conn.DefaultManagedHttpClientConnection -- http-outgoing-25: set socket timeout to 0
22:57:43.745 [pool-2-thread-2] DEBUG org.apache.http.impl.conn.PoolingHttpClientConnectionManager -- Connection released: [id: 41][route: {}->http://localhost:3000][total available: 1; route allocated: 1 of 5; total allocated: 1 of 10]
22:57:43.745 [pool-2-thread-2] DEBUG org.apache.http.impl.conn.PoolingHttpClientConnectionManager -- Connection manager is shutting down
22:57:43.745 [pool-2-thread-2] DEBUG org.apache.http.impl.conn.DefaultManagedHttpClientConnection -- http-outgoing-25: Close connection
22:57:43.745 [pool-2-thread-2] DEBUG org.apache.http.impl.conn.PoolingHttpClientConnectionManager -- Connection manager shut down
22:57:43.745 [pool-2-thread-2] DEBUG com.intuit.karate -- response time in milliseconds: 14525
1 < 500
1 < X-Powered-By: Express
1 < Access-Control-Allow-Origin: *
1 < Content-Type: application/json; charset=utf-8
1 < Content-Length: 510
1 < ETag: W/"1fe-0R53pbIky7RpzFkmamTjKRGlZYs"
1 < Date: Sun, 22 Jun 2025 15:57:43 GMT
1 < Connection: keep-alive
1 < Keep-Alive: timeout=5
{"success":false,"statusCode":500,"message":"\nInvalid `this.prisma.user.update()` invocation in\nD:\\Documents\\Workspace\\react_native\\roamly_backend\\src\\modules\\auth\\auth.service.ts:119:28\n\n  116 const refreshToken = crypto.randomBytes(32).toString('hex');\n  117 \n  118 // Update user with new refresh token\n? 119 await this.prisma.user.update(\nTransaction failed due to a write conflict or a deadlock. Please retry your transaction","path":"/auth/login","timestamp":"2025-06-22T15:57:43.745Z"}

22:57:43.746 [pool-2-thread-38] DEBUG org.apache.http.wire -- http-outgoing-2 << "HTTP/1.1 500 Internal Server Error[\r][\n]"
22:57:43.746 [pool-2-thread-38] DEBUG org.apache.http.wire -- http-outgoing-2 << "X-Powered-By: Express[\r][\n]"
22:57:43.746 [pool-2-thread-38] DEBUG org.apache.http.wire -- http-outgoing-2 << "Access-Control-Allow-Origin: *[\r][\n]"
22:57:43.746 [pool-2-thread-38] DEBUG org.apache.http.wire -- http-outgoing-2 << "Content-Type: application/json; charset=utf-8[\r][\n]"
22:57:43.746 [pool-2-thread-38] DEBUG org.apache.http.wire -- http-outgoing-2 << "Content-Length: 510[\r][\n]"
22:57:43.746 [pool-2-thread-38] DEBUG org.apache.http.wire -- http-outgoing-2 << "ETag: W/"1fe-MgFWqPy4SJ4vLdYmfzJ173MtBYg"[\r][\n]"
22:57:43.746 [pool-2-thread-38] DEBUG org.apache.http.wire -- http-outgoing-2 << "Date: Sun, 22 Jun 2025 15:57:43 GMT[\r][\n]"
22:57:43.746 [pool-2-thread-38] DEBUG org.apache.http.wire -- http-outgoing-2 << "Connection: keep-alive[\r][\n]"
22:57:43.746 [pool-2-thread-38] DEBUG org.apache.http.wire -- http-outgoing-2 << "Keep-Alive: timeout=5[\r][\n]"
22:57:43.746 [pool-2-thread-38] DEBUG org.apache.http.wire -- http-outgoing-2 << "[\r][\n]"
22:57:43.746 [pool-2-thread-38] DEBUG org.apache.http.wire -- http-outgoing-2 << "{"success":false,"statusCode":500,"message":"\nInvalid `this.prisma.user.update()` invocation in\nD:\\Documents\\Workspace\\react_native\\roamly_backend\\src\\modules\\auth\\auth.service.ts:119:28\n\n  116 const refreshToken = crypto.randomBytes(32).toString('hex');\n  117 \n  118 // Update user with new refresh token\n[0xe2][0x86][0x92] 119 await this.prisma.user.update(\nTransaction failed due to a write conflict or a deadlock. Please retry your transaction","path":"/auth/login","timestamp":"2025-06-22T15:57:43.746Z"}"
22:57:43.746 [pool-2-thread-38] DEBUG org.apache.http.headers -- http-outgoing-2 << HTTP/1.1 500 Internal Server Error
22:57:43.746 [pool-2-thread-38] DEBUG org.apache.http.headers -- http-outgoing-2 << X-Powered-By: Express
22:57:43.746 [pool-2-thread-38] DEBUG org.apache.http.headers -- http-outgoing-2 << Access-Control-Allow-Origin: *
22:57:43.746 [pool-2-thread-38] DEBUG org.apache.http.headers -- http-outgoing-2 << Content-Type: application/json; charset=utf-8
22:57:43.746 [pool-2-thread-38] DEBUG org.apache.http.headers -- http-outgoing-2 << Content-Length: 510
22:57:43.746 [pool-2-thread-38] DEBUG org.apache.http.headers -- http-outgoing-2 << ETag: W/"1fe-MgFWqPy4SJ4vLdYmfzJ173MtBYg"
22:57:43.746 [pool-2-thread-38] DEBUG org.apache.http.headers -- http-outgoing-2 << Date: Sun, 22 Jun 2025 15:57:43 GMT
22:57:43.746 [pool-2-thread-38] DEBUG org.apache.http.headers -- http-outgoing-2 << Connection: keep-alive
22:57:43.746 [pool-2-thread-38] DEBUG org.apache.http.headers -- http-outgoing-2 << Keep-Alive: timeout=5
22:57:43.746 [pool-2-thread-38] DEBUG org.apache.http.impl.execchain.MainClientExec -- Connection can be kept alive for 5000 MILLISECONDS
22:57:43.746 [pool-2-thread-38] DEBUG org.apache.http.impl.conn.PoolingHttpClientConnectionManager -- Connection [id: 91][route: {}->http://localhost:3000] can be kept alive for 5.0 seconds
22:57:43.746 [pool-2-thread-38] DEBUG org.apache.http.impl.conn.DefaultManagedHttpClientConnection -- http-outgoing-2: set socket timeout to 0
22:57:43.746 [pool-2-thread-38] DEBUG org.apache.http.impl.conn.PoolingHttpClientConnectionManager -- Connection released: [id: 91][route: {}->http://localhost:3000][total available: 1; route allocated: 1 of 5; total allocated: 1 of 10]
22:57:43.746 [pool-2-thread-38] DEBUG org.apache.http.impl.conn.PoolingHttpClientConnectionManager -- Connection manager is shutting down
22:57:43.746 [pool-2-thread-38] DEBUG org.apache.http.impl.conn.DefaultManagedHttpClientConnection -- http-outgoing-2: Close connection
22:57:43.746 [pool-2-thread-38] DEBUG org.apache.http.impl.conn.PoolingHttpClientConnectionManager -- Connection manager shut down
22:57:43.746 [pool-2-thread-2] ERROR com.intuit.karate -- classpath:features/performance/login-performance-concurrent.feature:13
Then status 200
status code was: 500, expected: 200, response time in milliseconds: 14525, url: http://localhost:3000/auth/login, response: 
{"success":false,"statusCode":500,"message":"\nInvalid `this.prisma.user.update()` invocation in\nD:\\Documents\\Workspace\\react_native\\roamly_backend\\src\\modules\\auth\\auth.service.ts:119:28\n\n  116 const refreshToken = crypto.randomBytes(32).toString('hex');\n  117 \n  118 // Update user with new refresh token\n? 119 await this.prisma.user.update(\nTransaction failed due to a write conflict or a deadlock. Please retry your transaction","path":"/auth/login","timestamp":"2025-06-22T15:57:43.745Z"}
classpath:features/performance/login-performance-concurrent.feature:13
22:57:43.746 [pool-2-thread-38] DEBUG com.intuit.karate -- response time in milliseconds: 14539
1 < 500
1 < X-Powered-By: Express
1 < Access-Control-Allow-Origin: *
1 < Content-Type: application/json; charset=utf-8
1 < Content-Length: 510
1 < ETag: W/"1fe-MgFWqPy4SJ4vLdYmfzJ173MtBYg"
1 < Date: Sun, 22 Jun 2025 15:57:43 GMT
1 < Connection: keep-alive
1 < Keep-Alive: timeout=5
{"success":false,"statusCode":500,"message":"\nInvalid `this.prisma.user.update()` invocation in\nD:\\Documents\\Workspace\\react_native\\roamly_backend\\src\\modules\\auth\\auth.service.ts:119:28\n\n  116 const refreshToken = crypto.randomBytes(32).toString('hex');\n  117 \n  118 // Update user with new refresh token\n? 119 await this.prisma.user.update(\nTransaction failed due to a write conflict or a deadlock. Please retry your transaction","path":"/auth/login","timestamp":"2025-06-22T15:57:43.746Z"}

22:57:43.747 [pool-2-thread-38] ERROR com.intuit.karate -- classpath:features/performance/login-performance-concurrent.feature:13
Then status 200
status code was: 500, expected: 200, response time in milliseconds: 14539, url: http://localhost:3000/auth/login, response: 
{"success":false,"statusCode":500,"message":"\nInvalid `this.prisma.user.update()` invocation in\nD:\\Documents\\Workspace\\react_native\\roamly_backend\\src\\modules\\auth\\auth.service.ts:119:28\n\n  116 const refreshToken = crypto.randomBytes(32).toString('hex');\n  117 \n  118 // Update user with new refresh token\n? 119 await this.prisma.user.update(\nTransaction failed due to a write conflict or a deadlock. Please retry your transaction","path":"/auth/login","timestamp":"2025-06-22T15:57:43.746Z"}
classpath:features/performance/login-performance-concurrent.feature:13
22:57:43.751 [pool-2-thread-14] DEBUG org.apache.http.wire -- http-outgoing-88 << "HTTP/1.1 500 Internal Server Error[\r][\n]"
22:57:43.751 [pool-2-thread-14] DEBUG org.apache.http.wire -- http-outgoing-88 << "X-Powered-By: Express[\r][\n]"
22:57:43.751 [pool-2-thread-14] DEBUG org.apache.http.wire -- http-outgoing-88 << "Access-Control-Allow-Origin: *[\r][\n]"
22:57:43.751 [pool-2-thread-14] DEBUG org.apache.http.wire -- http-outgoing-88 << "Content-Type: application/json; charset=utf-8[\r][\n]"
22:57:43.751 [pool-2-thread-14] DEBUG org.apache.http.wire -- http-outgoing-88 << "Content-Length: 510[\r][\n]"
22:57:43.751 [pool-2-thread-14] DEBUG org.apache.http.wire -- http-outgoing-88 << "ETag: W/"1fe-BPNS1uywMdRcKCftyuuEIRBpFoo"[\r][\n]"
22:57:43.751 [pool-2-thread-14] DEBUG org.apache.http.wire -- http-outgoing-88 << "Date: Sun, 22 Jun 2025 15:57:43 GMT[\r][\n]"
22:57:43.751 [pool-2-thread-14] DEBUG org.apache.http.wire -- http-outgoing-88 << "Connection: keep-alive[\r][\n]"
22:57:43.751 [pool-2-thread-14] DEBUG org.apache.http.wire -- http-outgoing-88 << "Keep-Alive: timeout=5[\r][\n]"
22:57:43.751 [pool-2-thread-14] DEBUG org.apache.http.wire -- http-outgoing-88 << "[\r][\n]"
22:57:43.751 [pool-2-thread-14] DEBUG org.apache.http.wire -- http-outgoing-88 << "{"success":false,"statusCode":500,"message":"\nInvalid `this.prisma.user.update()` invocation in\nD:\\Documents\\Workspace\\react_native\\roamly_backend\\src\\modules\\auth\\auth.service.ts:119:28\n\n  116 const refreshToken = crypto.randomBytes(32).toString('hex');\n  117 \n  118 // Update user with new refresh token\n[0xe2][0x86][0x92] 119 await this.prisma.user.update(\nTransaction failed due to a write conflict or a deadlock. Please retry your transaction","path":"/auth/login","timestamp":"2025-06-22T15:57:43.752Z"}"
22:57:43.751 [pool-2-thread-14] DEBUG org.apache.http.headers -- http-outgoing-88 << HTTP/1.1 500 Internal Server Error
22:57:43.751 [pool-2-thread-14] DEBUG org.apache.http.headers -- http-outgoing-88 << X-Powered-By: Express
22:57:43.751 [pool-2-thread-14] DEBUG org.apache.http.headers -- http-outgoing-88 << Access-Control-Allow-Origin: *
22:57:43.751 [pool-2-thread-14] DEBUG org.apache.http.headers -- http-outgoing-88 << Content-Type: application/json; charset=utf-8
22:57:43.751 [pool-2-thread-14] DEBUG org.apache.http.headers -- http-outgoing-88 << Content-Length: 510
22:57:43.751 [pool-2-thread-14] DEBUG org.apache.http.headers -- http-outgoing-88 << ETag: W/"1fe-BPNS1uywMdRcKCftyuuEIRBpFoo"
22:57:43.751 [pool-2-thread-14] DEBUG org.apache.http.headers -- http-outgoing-88 << Date: Sun, 22 Jun 2025 15:57:43 GMT
22:57:43.751 [pool-2-thread-14] DEBUG org.apache.http.headers -- http-outgoing-88 << Connection: keep-alive
22:57:43.751 [pool-2-thread-14] DEBUG org.apache.http.headers -- http-outgoing-88 << Keep-Alive: timeout=5
22:57:43.751 [pool-2-thread-14] DEBUG org.apache.http.impl.execchain.MainClientExec -- Connection can be kept alive for 5000 MILLISECONDS
22:57:43.752 [pool-2-thread-14] DEBUG org.apache.http.impl.conn.PoolingHttpClientConnectionManager -- Connection [id: 87][route: {}->http://localhost:3000] can be kept alive for 5.0 seconds
22:57:43.752 [pool-2-thread-14] DEBUG org.apache.http.impl.conn.DefaultManagedHttpClientConnection -- http-outgoing-88: set socket timeout to 0
22:57:43.752 [pool-2-thread-14] DEBUG org.apache.http.impl.conn.PoolingHttpClientConnectionManager -- Connection released: [id: 87][route: {}->http://localhost:3000][total available: 1; route allocated: 1 of 5; total allocated: 1 of 10]
22:57:43.752 [pool-2-thread-14] DEBUG org.apache.http.impl.conn.PoolingHttpClientConnectionManager -- Connection manager is shutting down
22:57:43.752 [pool-2-thread-14] DEBUG org.apache.http.impl.conn.DefaultManagedHttpClientConnection -- http-outgoing-88: Close connection
22:57:43.752 [pool-2-thread-14] DEBUG org.apache.http.impl.conn.PoolingHttpClientConnectionManager -- Connection manager shut down
22:57:43.752 [pool-2-thread-14] DEBUG com.intuit.karate -- response time in milliseconds: 14533
1 < 500
1 < X-Powered-By: Express
1 < Access-Control-Allow-Origin: *
1 < Content-Type: application/json; charset=utf-8
1 < Content-Length: 510
1 < ETag: W/"1fe-BPNS1uywMdRcKCftyuuEIRBpFoo"
1 < Date: Sun, 22 Jun 2025 15:57:43 GMT
1 < Connection: keep-alive
1 < Keep-Alive: timeout=5
{"success":false,"statusCode":500,"message":"\nInvalid `this.prisma.user.update()` invocation in\nD:\\Documents\\Workspace\\react_native\\roamly_backend\\src\\modules\\auth\\auth.service.ts:119:28\n\n  116 const refreshToken = crypto.randomBytes(32).toString('hex');\n  117 \n  118 // Update user with new refresh token\n? 119 await this.prisma.user.update(\nTransaction failed due to a write conflict or a deadlock. Please retry your transaction","path":"/auth/login","timestamp":"2025-06-22T15:57:43.752Z"}

22:57:43.753 [pool-2-thread-14] ERROR com.intuit.karate -- classpath:features/performance/login-performance-concurrent.feature:13
Then status 200
status code was: 500, expected: 200, response time in milliseconds: 14533, url: http://localhost:3000/auth/login, response: 
{"success":false,"statusCode":500,"message":"\nInvalid `this.prisma.user.update()` invocation in\nD:\\Documents\\Workspace\\react_native\\roamly_backend\\src\\modules\\auth\\auth.service.ts:119:28\n\n  116 const refreshToken = crypto.randomBytes(32).toString('hex');\n  117 \n  118 // Update user with new refresh token\n? 119 await this.prisma.user.update(\nTransaction failed due to a write conflict or a deadlock. Please retry your transaction","path":"/auth/login","timestamp":"2025-06-22T15:57:43.752Z"}
classpath:features/performance/login-performance-concurrent.feature:13
22:57:43.753 [pool-2-thread-79] DEBUG org.apache.http.wire -- http-outgoing-14 << "HTTP/1.1 500 Internal Server Error[\r][\n]"
22:57:43.754 [pool-2-thread-79] DEBUG org.apache.http.wire -- http-outgoing-14 << "X-Powered-By: Express[\r][\n]"
22:57:43.754 [pool-2-thread-79] DEBUG org.apache.http.wire -- http-outgoing-14 << "Access-Control-Allow-Origin: *[\r][\n]"
22:57:43.754 [pool-2-thread-79] DEBUG org.apache.http.wire -- http-outgoing-14 << "Content-Type: application/json; charset=utf-8[\r][\n]"
22:57:43.754 [pool-2-thread-79] DEBUG org.apache.http.wire -- http-outgoing-14 << "Content-Length: 510[\r][\n]"
22:57:43.754 [pool-2-thread-79] DEBUG org.apache.http.wire -- http-outgoing-14 << "ETag: W/"1fe-ECCKlb4/pV3etvg9J71tJa4Z1ug"[\r][\n]"
22:57:43.754 [pool-2-thread-79] DEBUG org.apache.http.wire -- http-outgoing-14 << "Date: Sun, 22 Jun 2025 15:57:43 GMT[\r][\n]"
22:57:43.754 [pool-2-thread-79] DEBUG org.apache.http.wire -- http-outgoing-14 << "Connection: keep-alive[\r][\n]"
22:57:43.754 [pool-2-thread-79] DEBUG org.apache.http.wire -- http-outgoing-14 << "Keep-Alive: timeout=5[\r][\n]"
22:57:43.754 [pool-2-thread-79] DEBUG org.apache.http.wire -- http-outgoing-14 << "[\r][\n]"
22:57:43.754 [pool-2-thread-79] DEBUG org.apache.http.wire -- http-outgoing-14 << "{"success":false,"statusCode":500,"message":"\nInvalid `this.prisma.user.update()` invocation in\nD:\\Documents\\Workspace\\react_native\\roamly_backend\\src\\modules\\auth\\auth.service.ts:119:28\n\n  116 const refreshToken = crypto.randomBytes(32).toString('hex');\n  117 \n  118 // Update user with new refresh token\n[0xe2][0x86][0x92] 119 await this.prisma.user.update(\nTransaction failed due to a write conflict or a deadlock. Please retry your transaction","path":"/auth/login","timestamp":"2025-06-22T15:57:43.754Z"}"
22:57:43.754 [pool-2-thread-79] DEBUG org.apache.http.headers -- http-outgoing-14 << HTTP/1.1 500 Internal Server Error
22:57:43.754 [pool-2-thread-79] DEBUG org.apache.http.headers -- http-outgoing-14 << X-Powered-By: Express
22:57:43.754 [pool-2-thread-79] DEBUG org.apache.http.headers -- http-outgoing-14 << Access-Control-Allow-Origin: *
22:57:43.754 [pool-2-thread-79] DEBUG org.apache.http.headers -- http-outgoing-14 << Content-Type: application/json; charset=utf-8
22:57:43.754 [pool-2-thread-79] DEBUG org.apache.http.headers -- http-outgoing-14 << Content-Length: 510
22:57:43.754 [pool-2-thread-79] DEBUG org.apache.http.headers -- http-outgoing-14 << ETag: W/"1fe-ECCKlb4/pV3etvg9J71tJa4Z1ug"
22:57:43.754 [pool-2-thread-79] DEBUG org.apache.http.headers -- http-outgoing-14 << Date: Sun, 22 Jun 2025 15:57:43 GMT
22:57:43.754 [pool-2-thread-79] DEBUG org.apache.http.headers -- http-outgoing-14 << Connection: keep-alive
22:57:43.754 [pool-2-thread-79] DEBUG org.apache.http.headers -- http-outgoing-14 << Keep-Alive: timeout=5
22:57:43.754 [pool-2-thread-79] DEBUG org.apache.http.impl.execchain.MainClientExec -- Connection can be kept alive for 5000 MILLISECONDS
22:57:43.754 [pool-2-thread-79] DEBUG org.apache.http.impl.conn.PoolingHttpClientConnectionManager -- Connection [id: 6][route: {}->http://localhost:3000] can be kept alive for 5.0 seconds
22:57:43.754 [pool-2-thread-79] DEBUG org.apache.http.impl.conn.DefaultManagedHttpClientConnection -- http-outgoing-14: set socket timeout to 0
22:57:43.754 [pool-2-thread-79] DEBUG org.apache.http.impl.conn.PoolingHttpClientConnectionManager -- Connection released: [id: 6][route: {}->http://localhost:3000][total available: 1; route allocated: 1 of 5; total allocated: 1 of 10]
22:57:43.754 [pool-2-thread-79] DEBUG org.apache.http.impl.conn.PoolingHttpClientConnectionManager -- Connection manager is shutting down
22:57:43.754 [pool-2-thread-79] DEBUG org.apache.http.impl.conn.DefaultManagedHttpClientConnection -- http-outgoing-14: Close connection
22:57:43.754 [pool-2-thread-79] DEBUG org.apache.http.impl.conn.PoolingHttpClientConnectionManager -- Connection manager shut down
22:57:43.754 [pool-2-thread-79] DEBUG com.intuit.karate -- response time in milliseconds: 14550
1 < 500
1 < X-Powered-By: Express
1 < Access-Control-Allow-Origin: *
1 < Content-Type: application/json; charset=utf-8
1 < Content-Length: 510
1 < ETag: W/"1fe-ECCKlb4/pV3etvg9J71tJa4Z1ug"
1 < Date: Sun, 22 Jun 2025 15:57:43 GMT
1 < Connection: keep-alive
1 < Keep-Alive: timeout=5
{"success":false,"statusCode":500,"message":"\nInvalid `this.prisma.user.update()` invocation in\nD:\\Documents\\Workspace\\react_native\\roamly_backend\\src\\modules\\auth\\auth.service.ts:119:28\n\n  116 const refreshToken = crypto.randomBytes(32).toString('hex');\n  117 \n  118 // Update user with new refresh token\n? 119 await this.prisma.user.update(\nTransaction failed due to a write conflict or a deadlock. Please retry your transaction","path":"/auth/login","timestamp":"2025-06-22T15:57:43.754Z"}

22:57:43.755 [pool-2-thread-79] ERROR com.intuit.karate -- classpath:features/performance/login-performance-concurrent.feature:13
Then status 200
status code was: 500, expected: 200, response time in milliseconds: 14550, url: http://localhost:3000/auth/login, response: 
{"success":false,"statusCode":500,"message":"\nInvalid `this.prisma.user.update()` invocation in\nD:\\Documents\\Workspace\\react_native\\roamly_backend\\src\\modules\\auth\\auth.service.ts:119:28\n\n  116 const refreshToken = crypto.randomBytes(32).toString('hex');\n  117 \n  118 // Update user with new refresh token\n? 119 await this.prisma.user.update(\nTransaction failed due to a write conflict or a deadlock. Please retry your transaction","path":"/auth/login","timestamp":"2025-06-22T15:57:43.754Z"}
classpath:features/performance/login-performance-concurrent.feature:13
22:57:43.755 [pool-2-thread-100] DEBUG org.apache.http.wire -- http-outgoing-90 << "HTTP/1.1 200 OK[\r][\n]"
22:57:43.755 [pool-2-thread-100] DEBUG org.apache.http.wire -- http-outgoing-90 << "X-Powered-By: Express[\r][\n]"
22:57:43.755 [pool-2-thread-100] DEBUG org.apache.http.wire -- http-outgoing-90 << "Access-Control-Allow-Origin: *[\r][\n]"
22:57:43.755 [pool-2-thread-100] DEBUG org.apache.http.wire -- http-outgoing-90 << "Content-Type: application/json; charset=utf-8[\r][\n]"
22:57:43.755 [pool-2-thread-100] DEBUG org.apache.http.wire -- http-outgoing-90 << "Content-Length: 605[\r][\n]"
22:57:43.755 [pool-2-thread-100] DEBUG org.apache.http.wire -- http-outgoing-90 << "ETag: W/"25d-x1tJiZpxdKb165kq7zyuIg390zA"[\r][\n]"
22:57:43.755 [pool-2-thread-100] DEBUG org.apache.http.wire -- http-outgoing-90 << "Date: Sun, 22 Jun 2025 15:57:43 GMT[\r][\n]"
22:57:43.755 [pool-2-thread-100] DEBUG org.apache.http.wire -- http-outgoing-90 << "Connection: keep-alive[\r][\n]"
22:57:43.755 [pool-2-thread-100] DEBUG org.apache.http.wire -- http-outgoing-90 << "Keep-Alive: timeout=5[\r][\n]"
22:57:43.755 [pool-2-thread-100] DEBUG org.apache.http.wire -- http-outgoing-90 << "[\r][\n]"
22:57:43.755 [pool-2-thread-100] DEBUG org.apache.http.wire -- http-outgoing-90 << "{"access_token":"eyJhbGciOiJIUzI1NiIsInR5cCI6IkpXVCJ9.eyJzdWIiOiIwYTM3ZWY0My1mZWU4LTQxZDMtYTY4Ni04YWIwODY5NDg2OTUiLCJ1c2VybmFtZSI6ImpvaG5kb2UyMSIsInJvbGUiOjAsImlhdCI6MTc1MDYwNzg2MiwiZXhwIjoxNzUwNjExNDYyfQ.Hm8PtmbNvb9bkIXP7UtL5tmQfXLLbW1Xj2DLq_bjiFQ","refresh_token":"98f0079f501474f515a8dc7238946ce76025ad0f0ff07d51ebec538fe0609de1","user":{"id":"0a37ef43-fee8-41d3-a686-8ab086948695","email":"testit2@gmail.com","username":"johndoe21","name":"John Doe","phoneNumber":"0123456712","profilePic":null,"bio":null,"private":false,"verified":false,"role":0,"followersCount":0,"followingCount":0,"postCount":0}}"
22:57:43.755 [pool-2-thread-100] DEBUG org.apache.http.headers -- http-outgoing-90 << HTTP/1.1 200 OK
22:57:43.755 [pool-2-thread-100] DEBUG org.apache.http.headers -- http-outgoing-90 << X-Powered-By: Express
22:57:43.755 [pool-2-thread-100] DEBUG org.apache.http.headers -- http-outgoing-90 << Access-Control-Allow-Origin: *
22:57:43.755 [pool-2-thread-100] DEBUG org.apache.http.headers -- http-outgoing-90 << Content-Type: application/json; charset=utf-8
22:57:43.755 [pool-2-thread-100] DEBUG org.apache.http.headers -- http-outgoing-90 << Content-Length: 605
22:57:43.755 [pool-2-thread-100] DEBUG org.apache.http.headers -- http-outgoing-90 << ETag: W/"25d-x1tJiZpxdKb165kq7zyuIg390zA"
22:57:43.755 [pool-2-thread-100] DEBUG org.apache.http.headers -- http-outgoing-90 << Date: Sun, 22 Jun 2025 15:57:43 GMT
22:57:43.755 [pool-2-thread-100] DEBUG org.apache.http.headers -- http-outgoing-90 << Connection: keep-alive
22:57:43.755 [pool-2-thread-100] DEBUG org.apache.http.headers -- http-outgoing-90 << Keep-Alive: timeout=5
22:57:43.755 [pool-2-thread-100] DEBUG org.apache.http.impl.execchain.MainClientExec -- Connection can be kept alive for 5000 MILLISECONDS
22:57:43.755 [pool-2-thread-100] DEBUG org.apache.http.impl.conn.PoolingHttpClientConnectionManager -- Connection [id: 28][route: {}->http://localhost:3000] can be kept alive for 5.0 seconds
22:57:43.755 [pool-2-thread-100] DEBUG org.apache.http.impl.conn.DefaultManagedHttpClientConnection -- http-outgoing-90: set socket timeout to 0
22:57:43.755 [pool-2-thread-100] DEBUG org.apache.http.impl.conn.PoolingHttpClientConnectionManager -- Connection released: [id: 28][route: {}->http://localhost:3000][total available: 1; route allocated: 1 of 5; total allocated: 1 of 10]
22:57:43.755 [pool-2-thread-100] DEBUG org.apache.http.impl.conn.PoolingHttpClientConnectionManager -- Connection manager is shutting down
22:57:43.756 [pool-2-thread-100] DEBUG org.apache.http.impl.conn.DefaultManagedHttpClientConnection -- http-outgoing-90: Close connection
22:57:43.756 [pool-2-thread-100] DEBUG org.apache.http.impl.conn.PoolingHttpClientConnectionManager -- Connection manager shut down
22:57:43.756 [pool-2-thread-100] DEBUG com.intuit.karate -- response time in milliseconds: 14536
1 < 200
1 < X-Powered-By: Express
1 < Access-Control-Allow-Origin: *
1 < Content-Type: application/json; charset=utf-8
1 < Content-Length: 605
1 < ETag: W/"25d-x1tJiZpxdKb165kq7zyuIg390zA"
1 < Date: Sun, 22 Jun 2025 15:57:43 GMT
1 < Connection: keep-alive
1 < Keep-Alive: timeout=5
{"access_token":"eyJhbGciOiJIUzI1NiIsInR5cCI6IkpXVCJ9.eyJzdWIiOiIwYTM3ZWY0My1mZWU4LTQxZDMtYTY4Ni04YWIwODY5NDg2OTUiLCJ1c2VybmFtZSI6ImpvaG5kb2UyMSIsInJvbGUiOjAsImlhdCI6MTc1MDYwNzg2MiwiZXhwIjoxNzUwNjExNDYyfQ.Hm8PtmbNvb9bkIXP7UtL5tmQfXLLbW1Xj2DLq_bjiFQ","refresh_token":"98f0079f501474f515a8dc7238946ce76025ad0f0ff07d51ebec538fe0609de1","user":{"id":"0a37ef43-fee8-41d3-a686-8ab086948695","email":"testit2@gmail.com","username":"johndoe21","name":"John Doe","phoneNumber":"0123456712","profilePic":null,"bio":null,"private":false,"verified":false,"role":0,"followersCount":0,"followingCount":0,"postCount":0}}

22:57:43.757 [pool-2-thread-100] INFO com.intuit.karate -- [print] Concurrent call completed, status: 200 
22:57:43.782 [pool-2-thread-73] DEBUG org.apache.http.wire -- http-outgoing-44 << "HTTP/1.1 200 OK[\r][\n]"
22:57:43.782 [pool-2-thread-73] DEBUG org.apache.http.wire -- http-outgoing-44 << "X-Powered-By: Express[\r][\n]"
22:57:43.782 [pool-2-thread-73] DEBUG org.apache.http.wire -- http-outgoing-44 << "Access-Control-Allow-Origin: *[\r][\n]"
22:57:43.782 [pool-2-thread-73] DEBUG org.apache.http.wire -- http-outgoing-44 << "Content-Type: application/json; charset=utf-8[\r][\n]"
22:57:43.782 [pool-2-thread-73] DEBUG org.apache.http.wire -- http-outgoing-44 << "Content-Length: 599[\r][\n]"
22:57:43.782 [pool-2-thread-73] DEBUG org.apache.http.wire -- http-outgoing-44 << "ETag: W/"257-jAWbvNPhsLqBMR57yrY5+v0faFw"[\r][\n]"
22:57:43.782 [pool-2-thread-73] DEBUG org.apache.http.wire -- http-outgoing-44 << "Date: Sun, 22 Jun 2025 15:57:43 GMT[\r][\n]"
22:57:43.782 [pool-2-thread-73] DEBUG org.apache.http.wire -- http-outgoing-44 << "Connection: keep-alive[\r][\n]"
22:57:43.782 [pool-2-thread-73] DEBUG org.apache.http.wire -- http-outgoing-44 << "Keep-Alive: timeout=5[\r][\n]"
22:57:43.782 [pool-2-thread-73] DEBUG org.apache.http.wire -- http-outgoing-44 << "[\r][\n]"
22:57:43.782 [pool-2-thread-73] DEBUG org.apache.http.wire -- http-outgoing-44 << "{"access_token":"eyJhbGciOiJIUzI1NiIsInR5cCI6IkpXVCJ9.eyJzdWIiOiIyZGRhMDQzOS01MTgwLTQ1YWEtOTE3Zi1lNjMyZTQ1YThlNDEiLCJ1c2VybmFtZSI6ImpvaG5kb2UiLCJyb2xlIjowLCJpYXQiOjE3NTA2MDc4NjIsImV4cCI6MTc1MDYxMTQ2Mn0.f8_nv0H1f-x-eaYUfOSVNTst-z4ADpIHTf1AxLryOPQ","refresh_token":"9c875b98b0e868f49f45f753f9674940ec0f7b51ae9717de14a6887f96dd07a1","user":{"id":"2dda0439-5180-45aa-917f-e632e45a8e41","email":"test@example.com","username":"johndoe","name":"John Doe","phoneNumber":"0987654321","profilePic":null,"bio":null,"private":false,"verified":false,"role":0,"followersCount":0,"followingCount":0,"postCount":0}}"
22:57:43.783 [pool-2-thread-73] DEBUG org.apache.http.headers -- http-outgoing-44 << HTTP/1.1 200 OK
22:57:43.783 [pool-2-thread-73] DEBUG org.apache.http.headers -- http-outgoing-44 << X-Powered-By: Express
22:57:43.783 [pool-2-thread-73] DEBUG org.apache.http.headers -- http-outgoing-44 << Access-Control-Allow-Origin: *
22:57:43.783 [pool-2-thread-73] DEBUG org.apache.http.headers -- http-outgoing-44 << Content-Type: application/json; charset=utf-8
22:57:43.783 [pool-2-thread-73] DEBUG org.apache.http.headers -- http-outgoing-44 << Content-Length: 599
22:57:43.783 [pool-2-thread-73] DEBUG org.apache.http.headers -- http-outgoing-44 << ETag: W/"257-jAWbvNPhsLqBMR57yrY5+v0faFw"
22:57:43.783 [pool-2-thread-73] DEBUG org.apache.http.headers -- http-outgoing-44 << Date: Sun, 22 Jun 2025 15:57:43 GMT
22:57:43.783 [pool-2-thread-73] DEBUG org.apache.http.headers -- http-outgoing-44 << Connection: keep-alive
22:57:43.783 [pool-2-thread-73] DEBUG org.apache.http.headers -- http-outgoing-44 << Keep-Alive: timeout=5
22:57:43.783 [pool-2-thread-73] DEBUG org.apache.http.impl.execchain.MainClientExec -- Connection can be kept alive for 5000 MILLISECONDS
22:57:43.783 [pool-2-thread-73] DEBUG org.apache.http.impl.conn.PoolingHttpClientConnectionManager -- Connection [id: 30][route: {}->http://localhost:3000] can be kept alive for 5.0 seconds
22:57:43.783 [pool-2-thread-73] DEBUG org.apache.http.impl.conn.DefaultManagedHttpClientConnection -- http-outgoing-44: set socket timeout to 0
22:57:43.783 [pool-2-thread-73] DEBUG org.apache.http.impl.conn.PoolingHttpClientConnectionManager -- Connection released: [id: 30][route: {}->http://localhost:3000][total available: 1; route allocated: 1 of 5; total allocated: 1 of 10]
22:57:43.783 [pool-2-thread-73] DEBUG org.apache.http.impl.conn.PoolingHttpClientConnectionManager -- Connection manager is shutting down
22:57:43.783 [pool-2-thread-73] DEBUG org.apache.http.impl.conn.DefaultManagedHttpClientConnection -- http-outgoing-44: Close connection
22:57:43.783 [pool-2-thread-73] DEBUG org.apache.http.impl.conn.PoolingHttpClientConnectionManager -- Connection manager shut down
22:57:43.783 [pool-2-thread-73] DEBUG com.intuit.karate -- response time in milliseconds: 14578
1 < 200
1 < X-Powered-By: Express
1 < Access-Control-Allow-Origin: *
1 < Content-Type: application/json; charset=utf-8
1 < Content-Length: 599
1 < ETag: W/"257-jAWbvNPhsLqBMR57yrY5+v0faFw"
1 < Date: Sun, 22 Jun 2025 15:57:43 GMT
1 < Connection: keep-alive
1 < Keep-Alive: timeout=5
{"access_token":"eyJhbGciOiJIUzI1NiIsInR5cCI6IkpXVCJ9.eyJzdWIiOiIyZGRhMDQzOS01MTgwLTQ1YWEtOTE3Zi1lNjMyZTQ1YThlNDEiLCJ1c2VybmFtZSI6ImpvaG5kb2UiLCJyb2xlIjowLCJpYXQiOjE3NTA2MDc4NjIsImV4cCI6MTc1MDYxMTQ2Mn0.f8_nv0H1f-x-eaYUfOSVNTst-z4ADpIHTf1AxLryOPQ","refresh_token":"9c875b98b0e868f49f45f753f9674940ec0f7b51ae9717de14a6887f96dd07a1","user":{"id":"2dda0439-5180-45aa-917f-e632e45a8e41","email":"test@example.com","username":"johndoe","name":"John Doe","phoneNumber":"0987654321","profilePic":null,"bio":null,"private":false,"verified":false,"role":0,"followersCount":0,"followingCount":0,"postCount":0}}

22:57:43.785 [pool-2-thread-73] INFO com.intuit.karate -- [print] Concurrent call completed, status: 200 
22:57:43.785 [pool-2-thread-55] DEBUG org.apache.http.wire -- http-outgoing-0 << "HTTP/1.1 200 OK[\r][\n]"
22:57:43.785 [pool-2-thread-55] DEBUG org.apache.http.wire -- http-outgoing-0 << "X-Powered-By: Express[\r][\n]"
22:57:43.785 [pool-2-thread-55] DEBUG org.apache.http.wire -- http-outgoing-0 << "Access-Control-Allow-Origin: *[\r][\n]"
22:57:43.785 [pool-2-thread-55] DEBUG org.apache.http.wire -- http-outgoing-0 << "Content-Type: application/json; charset=utf-8[\r][\n]"
22:57:43.785 [pool-2-thread-55] DEBUG org.apache.http.wire -- http-outgoing-0 << "Content-Length: 607[\r][\n]"
22:57:43.785 [pool-2-thread-55] DEBUG org.apache.http.wire -- http-outgoing-0 << "ETag: W/"25f-UVuj10Wc7r+UNJosXebNtRnRYeE"[\r][\n]"
22:57:43.785 [pool-2-thread-55] DEBUG org.apache.http.wire -- http-outgoing-0 << "Date: Sun, 22 Jun 2025 15:57:43 GMT[\r][\n]"
22:57:43.785 [pool-2-thread-55] DEBUG org.apache.http.wire -- http-outgoing-0 << "Connection: keep-alive[\r][\n]"
22:57:43.785 [pool-2-thread-55] DEBUG org.apache.http.wire -- http-outgoing-0 << "Keep-Alive: timeout=5[\r][\n]"
22:57:43.785 [pool-2-thread-55] DEBUG org.apache.http.wire -- http-outgoing-0 << "[\r][\n]"
22:57:43.785 [pool-2-thread-55] DEBUG org.apache.http.wire -- http-outgoing-0 << "{"access_token":"eyJhbGciOiJIUzI1NiIsInR5cCI6IkpXVCJ9.eyJzdWIiOiJjMjE0MjJkZi1jY2VjLTQ0MGUtOWE0Mi1jMWI4MmFiZjczM2QiLCJ1c2VybmFtZSI6ImpvaG5kb2UyOCIsInJvbGUiOjAsImlhdCI6MTc1MDYwNzg2MywiZXhwIjoxNzUwNjExNDYzfQ.Kc14srQxepUYY5AjV5mAtYOZcIDW7PvumyNg4DJ0B2s","refresh_token":"c34e0d1b04c19366a1e2587455b3b9935251b27caf7d7b4036dbd9c4acfd53d3","user":{"id":"c21422df-ccec-440e-9a42-c1b82abf733d","email":"test28@example.com","username":"johndoe28","name":"John Doe","phoneNumber":"84987654321","profilePic":null,"bio":null,"private":false,"verified":false,"role":0,"followersCount":0,"followingCount":0,"postCount":0}}"
22:57:43.785 [pool-2-thread-55] DEBUG org.apache.http.headers -- http-outgoing-0 << HTTP/1.1 200 OK
22:57:43.786 [pool-2-thread-55] DEBUG org.apache.http.headers -- http-outgoing-0 << X-Powered-By: Express
22:57:43.786 [pool-2-thread-55] DEBUG org.apache.http.headers -- http-outgoing-0 << Access-Control-Allow-Origin: *
22:57:43.786 [pool-2-thread-55] DEBUG org.apache.http.headers -- http-outgoing-0 << Content-Type: application/json; charset=utf-8
22:57:43.786 [pool-2-thread-55] DEBUG org.apache.http.headers -- http-outgoing-0 << Content-Length: 607
22:57:43.786 [pool-2-thread-55] DEBUG org.apache.http.headers -- http-outgoing-0 << ETag: W/"25f-UVuj10Wc7r+UNJosXebNtRnRYeE"
22:57:43.786 [pool-2-thread-55] DEBUG org.apache.http.headers -- http-outgoing-0 << Date: Sun, 22 Jun 2025 15:57:43 GMT
22:57:43.786 [pool-2-thread-55] DEBUG org.apache.http.headers -- http-outgoing-0 << Connection: keep-alive
22:57:43.786 [pool-2-thread-55] DEBUG org.apache.http.headers -- http-outgoing-0 << Keep-Alive: timeout=5
22:57:43.786 [pool-2-thread-55] DEBUG org.apache.http.impl.execchain.MainClientExec -- Connection can be kept alive for 5000 MILLISECONDS
22:57:43.786 [pool-2-thread-55] DEBUG org.apache.http.impl.conn.PoolingHttpClientConnectionManager -- Connection [id: 40][route: {}->http://localhost:3000] can be kept alive for 5.0 seconds
22:57:43.786 [pool-2-thread-55] DEBUG org.apache.http.impl.conn.DefaultManagedHttpClientConnection -- http-outgoing-0: set socket timeout to 0
22:57:43.786 [pool-2-thread-55] DEBUG org.apache.http.impl.conn.PoolingHttpClientConnectionManager -- Connection released: [id: 40][route: {}->http://localhost:3000][total available: 1; route allocated: 1 of 5; total allocated: 1 of 10]
22:57:43.786 [pool-2-thread-55] DEBUG org.apache.http.impl.conn.PoolingHttpClientConnectionManager -- Connection manager is shutting down
22:57:43.786 [pool-2-thread-55] DEBUG org.apache.http.impl.conn.DefaultManagedHttpClientConnection -- http-outgoing-0: Close connection
22:57:43.786 [pool-2-thread-55] DEBUG org.apache.http.impl.conn.PoolingHttpClientConnectionManager -- Connection manager shut down
22:57:43.786 [pool-2-thread-55] DEBUG com.intuit.karate -- response time in milliseconds: 14579
1 < 200
1 < X-Powered-By: Express
1 < Access-Control-Allow-Origin: *
1 < Content-Type: application/json; charset=utf-8
1 < Content-Length: 607
1 < ETag: W/"25f-UVuj10Wc7r+UNJosXebNtRnRYeE"
1 < Date: Sun, 22 Jun 2025 15:57:43 GMT
1 < Connection: keep-alive
1 < Keep-Alive: timeout=5
{"access_token":"eyJhbGciOiJIUzI1NiIsInR5cCI6IkpXVCJ9.eyJzdWIiOiJjMjE0MjJkZi1jY2VjLTQ0MGUtOWE0Mi1jMWI4MmFiZjczM2QiLCJ1c2VybmFtZSI6ImpvaG5kb2UyOCIsInJvbGUiOjAsImlhdCI6MTc1MDYwNzg2MywiZXhwIjoxNzUwNjExNDYzfQ.Kc14srQxepUYY5AjV5mAtYOZcIDW7PvumyNg4DJ0B2s","refresh_token":"c34e0d1b04c19366a1e2587455b3b9935251b27caf7d7b4036dbd9c4acfd53d3","user":{"id":"c21422df-ccec-440e-9a42-c1b82abf733d","email":"test28@example.com","username":"johndoe28","name":"John Doe","phoneNumber":"84987654321","profilePic":null,"bio":null,"private":false,"verified":false,"role":0,"followersCount":0,"followingCount":0,"postCount":0}}

22:57:43.786 [pool-2-thread-47] DEBUG org.apache.http.wire -- http-outgoing-49 << "HTTP/1.1 200 OK[\r][\n]"
22:57:43.786 [pool-2-thread-47] DEBUG org.apache.http.wire -- http-outgoing-49 << "X-Powered-By: Express[\r][\n]"
22:57:43.786 [pool-2-thread-47] DEBUG org.apache.http.wire -- http-outgoing-49 << "Access-Control-Allow-Origin: *[\r][\n]"
22:57:43.786 [pool-2-thread-47] DEBUG org.apache.http.wire -- http-outgoing-49 << "Content-Type: application/json; charset=utf-8[\r][\n]"
22:57:43.786 [pool-2-thread-47] DEBUG org.apache.http.wire -- http-outgoing-49 << "Content-Length: 605[\r][\n]"
22:57:43.786 [pool-2-thread-47] DEBUG org.apache.http.wire -- http-outgoing-49 << "ETag: W/"25d-YiREconyVqHR72H6tba+/Gt25dg"[\r][\n]"
22:57:43.786 [pool-2-thread-47] DEBUG org.apache.http.wire -- http-outgoing-49 << "Date: Sun, 22 Jun 2025 15:57:43 GMT[\r][\n]"
22:57:43.786 [pool-2-thread-47] DEBUG org.apache.http.wire -- http-outgoing-49 << "Connection: keep-alive[\r][\n]"
22:57:43.786 [pool-2-thread-47] DEBUG org.apache.http.wire -- http-outgoing-49 << "Keep-Alive: timeout=5[\r][\n]"
22:57:43.786 [pool-2-thread-47] DEBUG org.apache.http.wire -- http-outgoing-49 << "[\r][\n]"
22:57:43.786 [pool-2-thread-47] DEBUG org.apache.http.wire -- http-outgoing-49 << "{"access_token":"eyJhbGciOiJIUzI1NiIsInR5cCI6IkpXVCJ9.eyJzdWIiOiI2NTBjZTFlZC1hYWNhLTQzOGYtOTk4OC0xZjA1OGFiNWFhMWEiLCJ1c2VybmFtZSI6ImpvaG5kb2UyNSIsInJvbGUiOjAsImlhdCI6MTc1MDYwNzg2MiwiZXhwIjoxNzUwNjExNDYyfQ.G8IeHq0YuAkdhe4HllAlTKPb3QG75QZ1NJ5EK5wy25A","refresh_token":"4e2d5a3d63963c5239c31b942c8abaa19ff6de5f7d6cf720581ff9632436cf75","user":{"id":"650ce1ed-aaca-438f-9988-1f058ab5aa1a","email":"testit3@gmail.com","username":"johndoe25","name":"John Doe","phoneNumber":"0123456713","profilePic":null,"bio":null,"private":false,"verified":false,"role":0,"followersCount":0,"followingCount":0,"postCount":0}}"
22:57:43.786 [pool-2-thread-47] DEBUG org.apache.http.headers -- http-outgoing-49 << HTTP/1.1 200 OK
22:57:43.786 [pool-2-thread-47] DEBUG org.apache.http.headers -- http-outgoing-49 << X-Powered-By: Express
22:57:43.786 [pool-2-thread-47] DEBUG org.apache.http.headers -- http-outgoing-49 << Access-Control-Allow-Origin: *
22:57:43.786 [pool-2-thread-47] DEBUG org.apache.http.headers -- http-outgoing-49 << Content-Type: application/json; charset=utf-8
22:57:43.786 [pool-2-thread-47] DEBUG org.apache.http.headers -- http-outgoing-49 << Content-Length: 605
22:57:43.786 [pool-2-thread-47] DEBUG org.apache.http.headers -- http-outgoing-49 << ETag: W/"25d-YiREconyVqHR72H6tba+/Gt25dg"
22:57:43.786 [pool-2-thread-47] DEBUG org.apache.http.headers -- http-outgoing-49 << Date: Sun, 22 Jun 2025 15:57:43 GMT
22:57:43.786 [pool-2-thread-47] DEBUG org.apache.http.headers -- http-outgoing-49 << Connection: keep-alive
22:57:43.786 [pool-2-thread-47] DEBUG org.apache.http.headers -- http-outgoing-49 << Keep-Alive: timeout=5
22:57:43.787 [pool-2-thread-47] DEBUG org.apache.http.impl.execchain.MainClientExec -- Connection can be kept alive for 5000 MILLISECONDS
22:57:43.787 [pool-2-thread-47] DEBUG org.apache.http.impl.conn.PoolingHttpClientConnectionManager -- Connection [id: 81][route: {}->http://localhost:3000] can be kept alive for 5.0 seconds
22:57:43.787 [pool-2-thread-47] DEBUG org.apache.http.impl.conn.DefaultManagedHttpClientConnection -- http-outgoing-49: set socket timeout to 0
22:57:43.787 [pool-2-thread-47] DEBUG org.apache.http.impl.conn.PoolingHttpClientConnectionManager -- Connection released: [id: 81][route: {}->http://localhost:3000][total available: 1; route allocated: 1 of 5; total allocated: 1 of 10]
22:57:43.787 [pool-2-thread-47] DEBUG org.apache.http.impl.conn.PoolingHttpClientConnectionManager -- Connection manager is shutting down
22:57:43.787 [pool-2-thread-47] DEBUG org.apache.http.impl.conn.DefaultManagedHttpClientConnection -- http-outgoing-49: Close connection
22:57:43.787 [pool-2-thread-47] DEBUG org.apache.http.impl.conn.PoolingHttpClientConnectionManager -- Connection manager shut down
22:57:43.787 [pool-2-thread-47] DEBUG com.intuit.karate -- response time in milliseconds: 14582
1 < 200
1 < X-Powered-By: Express
1 < Access-Control-Allow-Origin: *
1 < Content-Type: application/json; charset=utf-8
1 < Content-Length: 605
1 < ETag: W/"25d-YiREconyVqHR72H6tba+/Gt25dg"
1 < Date: Sun, 22 Jun 2025 15:57:43 GMT
1 < Connection: keep-alive
1 < Keep-Alive: timeout=5
{"access_token":"eyJhbGciOiJIUzI1NiIsInR5cCI6IkpXVCJ9.eyJzdWIiOiI2NTBjZTFlZC1hYWNhLTQzOGYtOTk4OC0xZjA1OGFiNWFhMWEiLCJ1c2VybmFtZSI6ImpvaG5kb2UyNSIsInJvbGUiOjAsImlhdCI6MTc1MDYwNzg2MiwiZXhwIjoxNzUwNjExNDYyfQ.G8IeHq0YuAkdhe4HllAlTKPb3QG75QZ1NJ5EK5wy25A","refresh_token":"4e2d5a3d63963c5239c31b942c8abaa19ff6de5f7d6cf720581ff9632436cf75","user":{"id":"650ce1ed-aaca-438f-9988-1f058ab5aa1a","email":"testit3@gmail.com","username":"johndoe25","name":"John Doe","phoneNumber":"0123456713","profilePic":null,"bio":null,"private":false,"verified":false,"role":0,"followersCount":0,"followingCount":0,"postCount":0}}

22:57:43.788 [pool-2-thread-55] INFO com.intuit.karate -- [print] Concurrent call completed, status: 200 
22:57:43.788 [pool-2-thread-47] INFO com.intuit.karate -- [print] Concurrent call completed, status: 200 
22:57:43.790 [pool-2-thread-34] DEBUG org.apache.http.wire -- http-outgoing-30 << "HTTP/1.1 200 OK[\r][\n]"
22:57:43.790 [pool-2-thread-34] DEBUG org.apache.http.wire -- http-outgoing-30 << "X-Powered-By: Express[\r][\n]"
22:57:43.790 [pool-2-thread-34] DEBUG org.apache.http.wire -- http-outgoing-30 << "Access-Control-Allow-Origin: *[\r][\n]"
22:57:43.790 [pool-2-thread-34] DEBUG org.apache.http.wire -- http-outgoing-30 << "Content-Type: application/json; charset=utf-8[\r][\n]"
22:57:43.790 [pool-2-thread-34] DEBUG org.apache.http.wire -- http-outgoing-30 << "Content-Length: 608[\r][\n]"
22:57:43.790 [pool-2-thread-34] DEBUG org.apache.http.wire -- http-outgoing-30 << "ETag: W/"260-as0cxH2ABKjZBaXC7AcvcxBzAdY"[\r][\n]"
22:57:43.790 [pool-2-thread-34] DEBUG org.apache.http.wire -- http-outgoing-30 << "Date: Sun, 22 Jun 2025 15:57:43 GMT[\r][\n]"
22:57:43.790 [pool-2-thread-34] DEBUG org.apache.http.wire -- http-outgoing-30 << "Connection: keep-alive[\r][\n]"
22:57:43.790 [pool-2-thread-34] DEBUG org.apache.http.wire -- http-outgoing-30 << "Keep-Alive: timeout=5[\r][\n]"
22:57:43.790 [pool-2-thread-34] DEBUG org.apache.http.wire -- http-outgoing-30 << "[\r][\n]"
22:57:43.790 [pool-2-thread-34] DEBUG org.apache.http.wire -- http-outgoing-30 << "{"access_token":"eyJhbGciOiJIUzI1NiIsInR5cCI6IkpXVCJ9.eyJzdWIiOiI4YTI0NzQ2MS01YzA0LTQyMWQtOThmNS1mYTljNzM0ZmFlYTUiLCJ1c2VybmFtZSI6ImphbmVzbWl0aCIsInJvbGUiOjAsImlhdCI6MTc1MDYwNzg2MywiZXhwIjoxNzUwNjExNDYzfQ.7Xt-Tqn5Sc2-pvDzsjahmdhQ5zxRIG4EtGdg7ihRY2M","refresh_token":"274f23af4f94189adae46f8cb0a4d1cf1b79e51f0214d694199391d0fca66f03","user":{"id":"8a247461-5c04-421d-98f5-fa9c734faea5","email":"test2@example.com","username":"janesmith","name":"Jane Smith","phoneNumber":"01234567890","profilePic":null,"bio":null,"private":false,"verified":false,"role":0,"followersCount":0,"followingCount":0,"postCount":0}}"
22:57:43.790 [pool-2-thread-34] DEBUG org.apache.http.headers -- http-outgoing-30 << HTTP/1.1 200 OK
22:57:43.790 [pool-2-thread-34] DEBUG org.apache.http.headers -- http-outgoing-30 << X-Powered-By: Express
22:57:43.790 [pool-2-thread-34] DEBUG org.apache.http.headers -- http-outgoing-30 << Access-Control-Allow-Origin: *
22:57:43.790 [pool-2-thread-34] DEBUG org.apache.http.headers -- http-outgoing-30 << Content-Type: application/json; charset=utf-8
22:57:43.790 [pool-2-thread-34] DEBUG org.apache.http.headers -- http-outgoing-30 << Content-Length: 608
22:57:43.790 [pool-2-thread-34] DEBUG org.apache.http.headers -- http-outgoing-30 << ETag: W/"260-as0cxH2ABKjZBaXC7AcvcxBzAdY"
22:57:43.790 [pool-2-thread-34] DEBUG org.apache.http.headers -- http-outgoing-30 << Date: Sun, 22 Jun 2025 15:57:43 GMT
22:57:43.790 [pool-2-thread-34] DEBUG org.apache.http.headers -- http-outgoing-30 << Connection: keep-alive
22:57:43.790 [pool-2-thread-34] DEBUG org.apache.http.headers -- http-outgoing-30 << Keep-Alive: timeout=5
22:57:43.790 [pool-2-thread-34] DEBUG org.apache.http.impl.execchain.MainClientExec -- Connection can be kept alive for 5000 MILLISECONDS
22:57:43.790 [pool-2-thread-82] DEBUG org.apache.http.wire -- http-outgoing-51 << "HTTP/1.1 200 OK[\r][\n]"
22:57:43.790 [pool-2-thread-82] DEBUG org.apache.http.wire -- http-outgoing-51 << "X-Powered-By: Express[\r][\n]"
22:57:43.790 [pool-2-thread-82] DEBUG org.apache.http.wire -- http-outgoing-51 << "Access-Control-Allow-Origin: *[\r][\n]"
22:57:43.790 [pool-2-thread-82] DEBUG org.apache.http.wire -- http-outgoing-51 << "Content-Type: application/json; charset=utf-8[\r][\n]"
22:57:43.790 [pool-2-thread-82] DEBUG org.apache.http.wire -- http-outgoing-51 << "Content-Length: 715[\r][\n]"
22:57:43.790 [pool-2-thread-82] DEBUG org.apache.http.wire -- http-outgoing-51 << "ETag: W/"2cb-SNI3n2iIl2B2p7+rZrxWRD1DraQ"[\r][\n]"
22:57:43.790 [pool-2-thread-82] DEBUG org.apache.http.wire -- http-outgoing-51 << "Date: Sun, 22 Jun 2025 15:57:43 GMT[\r][\n]"
22:57:43.790 [pool-2-thread-82] DEBUG org.apache.http.wire -- http-outgoing-51 << "Connection: keep-alive[\r][\n]"
22:57:43.790 [pool-2-thread-82] DEBUG org.apache.http.wire -- http-outgoing-51 << "Keep-Alive: timeout=5[\r][\n]"
22:57:43.790 [pool-2-thread-82] DEBUG org.apache.http.wire -- http-outgoing-51 << "[\r][\n]"
22:57:43.790 [pool-2-thread-82] DEBUG org.apache.http.wire -- http-outgoing-51 << "{"access_token":"eyJhbGciOiJIUzI1NiIsInR5cCI6IkpXVCJ9.eyJzdWIiOiIyYjg0YWEyNC02NjhhLTQwZTItYWYxYy1hZDRmYzRmYTVhNmYiLCJ1c2VybmFtZSI6InF1YW5nMSIsInJvbGUiOjAsImlhdCI6MTc1MDYwNzg2MywiZXhwIjoxNzUwNjExNDYzfQ.27mo7NSGecQ2h0sKV_Oz3sdmggKr2jeEJlIlnXPmVMU","refresh_token":"422a813aa02b6be3953f8f18da1b02101b898aaccd20694e975a2139a42ed749","user":{"id":"2b84aa24-668a-40e2-af1c-ad4fc4fa5a6f","email":"quang1@gmail.com","username":"quang1","name":"quang1","phoneNumber":"09874563210","profilePic":"https://res.cloudinary.com/dizcvrefo/image/upload/v1749027586/nestjs_uploads/xehairydt9rzlbmbmv4c.jpg","bio":"Thang Nam Lao Vua Thoi","private":false,"verified":false,"role":0,"followersCount":2,"followingCount":3,"postCount":2}}"
22:57:43.790 [pool-2-thread-82] DEBUG org.apache.http.headers -- http-outgoing-51 << HTTP/1.1 200 OK
22:57:43.790 [pool-2-thread-82] DEBUG org.apache.http.headers -- http-outgoing-51 << X-Powered-By: Express
22:57:43.790 [pool-2-thread-82] DEBUG org.apache.http.headers -- http-outgoing-51 << Access-Control-Allow-Origin: *
22:57:43.790 [pool-2-thread-82] DEBUG org.apache.http.headers -- http-outgoing-51 << Content-Type: application/json; charset=utf-8
22:57:43.790 [pool-2-thread-82] DEBUG org.apache.http.headers -- http-outgoing-51 << Content-Length: 715
22:57:43.790 [pool-2-thread-34] DEBUG org.apache.http.impl.conn.PoolingHttpClientConnectionManager -- Connection [id: 79][route: {}->http://localhost:3000] can be kept alive for 5.0 seconds
22:57:43.790 [pool-2-thread-34] DEBUG org.apache.http.impl.conn.DefaultManagedHttpClientConnection -- http-outgoing-30: set socket timeout to 0
22:57:43.790 [pool-2-thread-82] DEBUG org.apache.http.headers -- http-outgoing-51 << ETag: W/"2cb-SNI3n2iIl2B2p7+rZrxWRD1DraQ"
22:57:43.790 [pool-2-thread-82] DEBUG org.apache.http.headers -- http-outgoing-51 << Date: Sun, 22 Jun 2025 15:57:43 GMT
22:57:43.790 [pool-2-thread-82] DEBUG org.apache.http.headers -- http-outgoing-51 << Connection: keep-alive
22:57:43.790 [pool-2-thread-82] DEBUG org.apache.http.headers -- http-outgoing-51 << Keep-Alive: timeout=5
22:57:43.790 [pool-2-thread-34] DEBUG org.apache.http.impl.conn.PoolingHttpClientConnectionManager -- Connection released: [id: 79][route: {}->http://localhost:3000][total available: 1; route allocated: 1 of 5; total allocated: 1 of 10]
22:57:43.790 [pool-2-thread-34] DEBUG org.apache.http.impl.conn.PoolingHttpClientConnectionManager -- Connection manager is shutting down
22:57:43.790 [pool-2-thread-34] DEBUG org.apache.http.impl.conn.DefaultManagedHttpClientConnection -- http-outgoing-30: Close connection
22:57:43.790 [pool-2-thread-82] DEBUG org.apache.http.impl.execchain.MainClientExec -- Connection can be kept alive for 5000 MILLISECONDS
22:57:43.790 [pool-2-thread-82] DEBUG org.apache.http.impl.conn.PoolingHttpClientConnectionManager -- Connection [id: 10][route: {}->http://localhost:3000] can be kept alive for 5.0 seconds
22:57:43.790 [pool-2-thread-82] DEBUG org.apache.http.impl.conn.DefaultManagedHttpClientConnection -- http-outgoing-51: set socket timeout to 0
22:57:43.790 [pool-2-thread-82] DEBUG org.apache.http.impl.conn.PoolingHttpClientConnectionManager -- Connection released: [id: 10][route: {}->http://localhost:3000][total available: 1; route allocated: 1 of 5; total allocated: 1 of 10]
22:57:43.790 [pool-2-thread-82] DEBUG org.apache.http.impl.conn.PoolingHttpClientConnectionManager -- Connection manager is shutting down
22:57:43.790 [pool-2-thread-82] DEBUG org.apache.http.impl.conn.DefaultManagedHttpClientConnection -- http-outgoing-51: Close connection
22:57:43.790 [pool-2-thread-34] DEBUG org.apache.http.impl.conn.PoolingHttpClientConnectionManager -- Connection manager shut down
22:57:43.790 [pool-2-thread-82] DEBUG org.apache.http.impl.conn.PoolingHttpClientConnectionManager -- Connection manager shut down
22:57:43.791 [pool-2-thread-34] DEBUG com.intuit.karate -- response time in milliseconds: 14568
1 < 200
1 < X-Powered-By: Express
1 < Access-Control-Allow-Origin: *
1 < Content-Type: application/json; charset=utf-8
1 < Content-Length: 608
1 < ETag: W/"260-as0cxH2ABKjZBaXC7AcvcxBzAdY"
1 < Date: Sun, 22 Jun 2025 15:57:43 GMT
1 < Connection: keep-alive
1 < Keep-Alive: timeout=5
{"access_token":"eyJhbGciOiJIUzI1NiIsInR5cCI6IkpXVCJ9.eyJzdWIiOiI4YTI0NzQ2MS01YzA0LTQyMWQtOThmNS1mYTljNzM0ZmFlYTUiLCJ1c2VybmFtZSI6ImphbmVzbWl0aCIsInJvbGUiOjAsImlhdCI6MTc1MDYwNzg2MywiZXhwIjoxNzUwNjExNDYzfQ.7Xt-Tqn5Sc2-pvDzsjahmdhQ5zxRIG4EtGdg7ihRY2M","refresh_token":"274f23af4f94189adae46f8cb0a4d1cf1b79e51f0214d694199391d0fca66f03","user":{"id":"8a247461-5c04-421d-98f5-fa9c734faea5","email":"test2@example.com","username":"janesmith","name":"Jane Smith","phoneNumber":"01234567890","profilePic":null,"bio":null,"private":false,"verified":false,"role":0,"followersCount":0,"followingCount":0,"postCount":0}}

22:57:43.791 [pool-2-thread-82] DEBUG com.intuit.karate -- response time in milliseconds: 14585
1 < 200
1 < X-Powered-By: Express
1 < Access-Control-Allow-Origin: *
1 < Content-Type: application/json; charset=utf-8
1 < Content-Length: 715
1 < ETag: W/"2cb-SNI3n2iIl2B2p7+rZrxWRD1DraQ"
1 < Date: Sun, 22 Jun 2025 15:57:43 GMT
1 < Connection: keep-alive
1 < Keep-Alive: timeout=5
{"access_token":"eyJhbGciOiJIUzI1NiIsInR5cCI6IkpXVCJ9.eyJzdWIiOiIyYjg0YWEyNC02NjhhLTQwZTItYWYxYy1hZDRmYzRmYTVhNmYiLCJ1c2VybmFtZSI6InF1YW5nMSIsInJvbGUiOjAsImlhdCI6MTc1MDYwNzg2MywiZXhwIjoxNzUwNjExNDYzfQ.27mo7NSGecQ2h0sKV_Oz3sdmggKr2jeEJlIlnXPmVMU","refresh_token":"422a813aa02b6be3953f8f18da1b02101b898aaccd20694e975a2139a42ed749","user":{"id":"2b84aa24-668a-40e2-af1c-ad4fc4fa5a6f","email":"quang1@gmail.com","username":"quang1","name":"quang1","phoneNumber":"09874563210","profilePic":"https://res.cloudinary.com/dizcvrefo/image/upload/v1749027586/nestjs_uploads/xehairydt9rzlbmbmv4c.jpg","bio":"Thang Nam Lao Vua Thoi","private":false,"verified":false,"role":0,"followersCount":2,"followingCount":3,"postCount":2}}

22:57:43.791 [pool-2-thread-31] DEBUG org.apache.http.wire -- http-outgoing-41 << "HTTP/1.1 200 OK[\r][\n]"
22:57:43.791 [pool-2-thread-31] DEBUG org.apache.http.wire -- http-outgoing-41 << "X-Powered-By: Express[\r][\n]"
22:57:43.791 [pool-2-thread-31] DEBUG org.apache.http.wire -- http-outgoing-41 << "Access-Control-Allow-Origin: *[\r][\n]"
22:57:43.791 [pool-2-thread-31] DEBUG org.apache.http.wire -- http-outgoing-41 << "Content-Type: application/json; charset=utf-8[\r][\n]"
22:57:43.791 [pool-2-thread-31] DEBUG org.apache.http.wire -- http-outgoing-41 << "Content-Length: 708[\r][\n]"
22:57:43.791 [pool-2-thread-31] DEBUG org.apache.http.wire -- http-outgoing-41 << "ETag: W/"2c4-1v/99COLqCB4GnUGI8yBINJAEm8"[\r][\n]"
22:57:43.791 [pool-2-thread-31] DEBUG org.apache.http.wire -- http-outgoing-41 << "Date: Sun, 22 Jun 2025 15:57:43 GMT[\r][\n]"
22:57:43.791 [pool-2-thread-31] DEBUG org.apache.http.wire -- http-outgoing-41 << "Connection: keep-alive[\r][\n]"
22:57:43.791 [pool-2-thread-31] DEBUG org.apache.http.wire -- http-outgoing-41 << "Keep-Alive: timeout=5[\r][\n]"
22:57:43.791 [pool-2-thread-31] DEBUG org.apache.http.wire -- http-outgoing-41 << "[\r][\n]"
22:57:43.791 [pool-2-thread-31] DEBUG org.apache.http.wire -- http-outgoing-41 << "{"access_token":"eyJhbGciOiJIUzI1NiIsInR5cCI6IkpXVCJ9.eyJzdWIiOiIwODUxNWIwNS0yZDNlLTQ3ODktYWQ2MC1kYjM1NTI1YTQ5NzAiLCJ1c2VybmFtZSI6Im5hbSIsInJvbGUiOjAsImlhdCI6MTc1MDYwNzg2MywiZXhwIjoxNzUwNjExNDYzfQ.NpRbgW7KH4cLCZ6CJtW5i8NYfj5J0hyg3WH5RRgGN-k","refresh_token":"4701754e4ab6e9dc4ebb3185a8cc37e82635ad33c7f816db098effc2afe1c820","user":{"id":"08515b05-2d3e-4789-ad60-db35525a4970","email":"nam@gmail.com","username":"nam","name":"nam","phoneNumber":"0123456789","profilePic":"https://res.cloudinary.com/dizcvrefo/image/upload/v1749266646/nestjs_uploads/zk9zrpeidnovxibfqdxr.png","bio":"Chu tich hoi dong Quan tri 1","private":false,"verified":false,"role":0,"followersCount":2,"followingCount":2,"postCount":13}}"
22:57:43.791 [pool-2-thread-31] DEBUG org.apache.http.headers -- http-outgoing-41 << HTTP/1.1 200 OK
22:57:43.791 [pool-2-thread-31] DEBUG org.apache.http.headers -- http-outgoing-41 << X-Powered-By: Express
22:57:43.791 [pool-2-thread-31] DEBUG org.apache.http.headers -- http-outgoing-41 << Access-Control-Allow-Origin: *
22:57:43.791 [pool-2-thread-31] DEBUG org.apache.http.headers -- http-outgoing-41 << Content-Type: application/json; charset=utf-8
22:57:43.791 [pool-2-thread-31] DEBUG org.apache.http.headers -- http-outgoing-41 << Content-Length: 708
22:57:43.791 [pool-2-thread-31] DEBUG org.apache.http.headers -- http-outgoing-41 << ETag: W/"2c4-1v/99COLqCB4GnUGI8yBINJAEm8"
22:57:43.791 [pool-2-thread-31] DEBUG org.apache.http.headers -- http-outgoing-41 << Date: Sun, 22 Jun 2025 15:57:43 GMT
22:57:43.791 [pool-2-thread-31] DEBUG org.apache.http.headers -- http-outgoing-41 << Connection: keep-alive
22:57:43.791 [pool-2-thread-31] DEBUG org.apache.http.headers -- http-outgoing-41 << Keep-Alive: timeout=5
22:57:43.791 [pool-2-thread-31] DEBUG org.apache.http.impl.execchain.MainClientExec -- Connection can be kept alive for 5000 MILLISECONDS
22:57:43.791 [pool-2-thread-31] DEBUG org.apache.http.impl.conn.PoolingHttpClientConnectionManager -- Connection [id: 83][route: {}->http://localhost:3000] can be kept alive for 5.0 seconds
22:57:43.791 [pool-2-thread-31] DEBUG org.apache.http.impl.conn.DefaultManagedHttpClientConnection -- http-outgoing-41: set socket timeout to 0
22:57:43.791 [pool-2-thread-31] DEBUG org.apache.http.impl.conn.PoolingHttpClientConnectionManager -- Connection released: [id: 83][route: {}->http://localhost:3000][total available: 1; route allocated: 1 of 5; total allocated: 1 of 10]
22:57:43.791 [pool-2-thread-31] DEBUG org.apache.http.impl.conn.PoolingHttpClientConnectionManager -- Connection manager is shutting down
22:57:43.792 [pool-2-thread-31] DEBUG org.apache.http.impl.conn.DefaultManagedHttpClientConnection -- http-outgoing-41: Close connection
22:57:43.792 [pool-2-thread-31] DEBUG org.apache.http.impl.conn.PoolingHttpClientConnectionManager -- Connection manager shut down
22:57:43.792 [pool-2-thread-31] DEBUG com.intuit.karate -- response time in milliseconds: 14586
1 < 200
1 < X-Powered-By: Express
1 < Access-Control-Allow-Origin: *
1 < Content-Type: application/json; charset=utf-8
1 < Content-Length: 708
1 < ETag: W/"2c4-1v/99COLqCB4GnUGI8yBINJAEm8"
1 < Date: Sun, 22 Jun 2025 15:57:43 GMT
1 < Connection: keep-alive
1 < Keep-Alive: timeout=5
{"access_token":"eyJhbGciOiJIUzI1NiIsInR5cCI6IkpXVCJ9.eyJzdWIiOiIwODUxNWIwNS0yZDNlLTQ3ODktYWQ2MC1kYjM1NTI1YTQ5NzAiLCJ1c2VybmFtZSI6Im5hbSIsInJvbGUiOjAsImlhdCI6MTc1MDYwNzg2MywiZXhwIjoxNzUwNjExNDYzfQ.NpRbgW7KH4cLCZ6CJtW5i8NYfj5J0hyg3WH5RRgGN-k","refresh_token":"4701754e4ab6e9dc4ebb3185a8cc37e82635ad33c7f816db098effc2afe1c820","user":{"id":"08515b05-2d3e-4789-ad60-db35525a4970","email":"nam@gmail.com","username":"nam","name":"nam","phoneNumber":"0123456789","profilePic":"https://res.cloudinary.com/dizcvrefo/image/upload/v1749266646/nestjs_uploads/zk9zrpeidnovxibfqdxr.png","bio":"Chu tich hoi dong Quan tri 1","private":false,"verified":false,"role":0,"followersCount":2,"followingCount":2,"postCount":13}}

22:57:43.792 [pool-2-thread-34] INFO com.intuit.karate -- [print] Concurrent call completed, status: 200 
22:57:43.792 [pool-2-thread-82] INFO com.intuit.karate -- [print] Concurrent call completed, status: 200 
22:57:43.794 [pool-2-thread-31] INFO com.intuit.karate -- [print] Concurrent call completed, status: 200 
22:57:43.798 [pool-2-thread-89] DEBUG org.apache.http.wire -- http-outgoing-75 << "HTTP/1.1 200 OK[\r][\n]"
22:57:43.798 [pool-2-thread-89] DEBUG org.apache.http.wire -- http-outgoing-75 << "X-Powered-By: Express[\r][\n]"
22:57:43.798 [pool-2-thread-89] DEBUG org.apache.http.wire -- http-outgoing-75 << "Access-Control-Allow-Origin: *[\r][\n]"
22:57:43.798 [pool-2-thread-89] DEBUG org.apache.http.wire -- http-outgoing-75 << "Content-Type: application/json; charset=utf-8[\r][\n]"
22:57:43.798 [pool-2-thread-89] DEBUG org.apache.http.wire -- http-outgoing-75 << "Content-Length: 604[\r][\n]"
22:57:43.798 [pool-2-thread-89] DEBUG org.apache.http.wire -- http-outgoing-75 << "ETag: W/"25c-SGF8HLS/KY+H2m7TjZMKM8Q+w6I"[\r][\n]"
22:57:43.798 [pool-2-thread-89] DEBUG org.apache.http.wire -- http-outgoing-75 << "Date: Sun, 22 Jun 2025 15:57:43 GMT[\r][\n]"
22:57:43.798 [pool-2-thread-89] DEBUG org.apache.http.wire -- http-outgoing-75 << "Connection: keep-alive[\r][\n]"
22:57:43.798 [pool-2-thread-89] DEBUG org.apache.http.wire -- http-outgoing-75 << "Keep-Alive: timeout=5[\r][\n]"
22:57:43.798 [pool-2-thread-89] DEBUG org.apache.http.wire -- http-outgoing-75 << "[\r][\n]"
22:57:43.798 [pool-2-thread-89] DEBUG org.apache.http.wire -- http-outgoing-75 << "{"access_token":"eyJhbGciOiJIUzI1NiIsInR5cCI6IkpXVCJ9.eyJzdWIiOiJkZjZmMDkxOS1hMjNkLTQ0YzktYTkyNS00ZWE4YmU1MjVkMTAiLCJ1c2VybmFtZSI6ImpvaG5kb2UyMyIsInJvbGUiOjAsImlhdCI6MTc1MDYwNzg2MywiZXhwIjoxNzUwNjExNDYzfQ.56_GrVLOY_VsQcSBkU642DZM-1cdcEFtxpPxOuamF1w","refresh_token":"6665cd88769a550dba57b47732e560f0e328c095c88a6c396414c3ebfea5d3c3","user":{"id":"df6f0919-a23d-44c9-a925-4ea8be525d10","email":"testit@gmail.com","username":"johndoe23","name":"John Doe","phoneNumber":"0123456788","profilePic":null,"bio":null,"private":false,"verified":false,"role":0,"followersCount":0,"followingCount":0,"postCount":0}}"
22:57:43.798 [pool-2-thread-89] DEBUG org.apache.http.headers -- http-outgoing-75 << HTTP/1.1 200 OK
22:57:43.798 [pool-2-thread-89] DEBUG org.apache.http.headers -- http-outgoing-75 << X-Powered-By: Express
22:57:43.798 [pool-2-thread-89] DEBUG org.apache.http.headers -- http-outgoing-75 << Access-Control-Allow-Origin: *
22:57:43.798 [pool-2-thread-89] DEBUG org.apache.http.headers -- http-outgoing-75 << Content-Type: application/json; charset=utf-8
22:57:43.798 [pool-2-thread-89] DEBUG org.apache.http.headers -- http-outgoing-75 << Content-Length: 604
22:57:43.798 [pool-2-thread-89] DEBUG org.apache.http.headers -- http-outgoing-75 << ETag: W/"25c-SGF8HLS/KY+H2m7TjZMKM8Q+w6I"
22:57:43.798 [pool-2-thread-89] DEBUG org.apache.http.headers -- http-outgoing-75 << Date: Sun, 22 Jun 2025 15:57:43 GMT
22:57:43.798 [pool-2-thread-89] DEBUG org.apache.http.headers -- http-outgoing-75 << Connection: keep-alive
22:57:43.798 [pool-2-thread-89] DEBUG org.apache.http.headers -- http-outgoing-75 << Keep-Alive: timeout=5
22:57:43.798 [pool-2-thread-89] DEBUG org.apache.http.impl.execchain.MainClientExec -- Connection can be kept alive for 5000 MILLISECONDS
22:57:43.798 [pool-2-thread-89] DEBUG org.apache.http.impl.conn.PoolingHttpClientConnectionManager -- Connection [id: 24][route: {}->http://localhost:3000] can be kept alive for 5.0 seconds
22:57:43.798 [pool-2-thread-89] DEBUG org.apache.http.impl.conn.DefaultManagedHttpClientConnection -- http-outgoing-75: set socket timeout to 0
22:57:43.798 [pool-2-thread-89] DEBUG org.apache.http.impl.conn.PoolingHttpClientConnectionManager -- Connection released: [id: 24][route: {}->http://localhost:3000][total available: 1; route allocated: 1 of 5; total allocated: 1 of 10]
22:57:43.798 [pool-2-thread-89] DEBUG org.apache.http.impl.conn.PoolingHttpClientConnectionManager -- Connection manager is shutting down
22:57:43.798 [pool-2-thread-89] DEBUG org.apache.http.impl.conn.DefaultManagedHttpClientConnection -- http-outgoing-75: Close connection
22:57:43.798 [pool-2-thread-89] DEBUG org.apache.http.impl.conn.PoolingHttpClientConnectionManager -- Connection manager shut down
22:57:43.798 [pool-2-thread-89] DEBUG com.intuit.karate -- response time in milliseconds: 14580
1 < 200
1 < X-Powered-By: Express
1 < Access-Control-Allow-Origin: *
1 < Content-Type: application/json; charset=utf-8
1 < Content-Length: 604
1 < ETag: W/"25c-SGF8HLS/KY+H2m7TjZMKM8Q+w6I"
1 < Date: Sun, 22 Jun 2025 15:57:43 GMT
1 < Connection: keep-alive
1 < Keep-Alive: timeout=5
{"access_token":"eyJhbGciOiJIUzI1NiIsInR5cCI6IkpXVCJ9.eyJzdWIiOiJkZjZmMDkxOS1hMjNkLTQ0YzktYTkyNS00ZWE4YmU1MjVkMTAiLCJ1c2VybmFtZSI6ImpvaG5kb2UyMyIsInJvbGUiOjAsImlhdCI6MTc1MDYwNzg2MywiZXhwIjoxNzUwNjExNDYzfQ.56_GrVLOY_VsQcSBkU642DZM-1cdcEFtxpPxOuamF1w","refresh_token":"6665cd88769a550dba57b47732e560f0e328c095c88a6c396414c3ebfea5d3c3","user":{"id":"df6f0919-a23d-44c9-a925-4ea8be525d10","email":"testit@gmail.com","username":"johndoe23","name":"John Doe","phoneNumber":"0123456788","profilePic":null,"bio":null,"private":false,"verified":false,"role":0,"followersCount":0,"followingCount":0,"postCount":0}}

22:57:43.800 [pool-2-thread-89] INFO com.intuit.karate -- [print] Concurrent call completed, status: 200 
22:57:43.829 [pool-2-thread-98] DEBUG org.apache.http.wire -- http-outgoing-37 << "HTTP/1.1 200 OK[\r][\n]"
22:57:43.829 [pool-2-thread-98] DEBUG org.apache.http.wire -- http-outgoing-37 << "X-Powered-By: Express[\r][\n]"
22:57:43.829 [pool-2-thread-98] DEBUG org.apache.http.wire -- http-outgoing-37 << "Access-Control-Allow-Origin: *[\r][\n]"
22:57:43.829 [pool-2-thread-98] DEBUG org.apache.http.wire -- http-outgoing-37 << "Content-Type: application/json; charset=utf-8[\r][\n]"
22:57:43.829 [pool-2-thread-98] DEBUG org.apache.http.wire -- http-outgoing-37 << "Content-Length: 609[\r][\n]"
22:57:43.829 [pool-2-thread-98] DEBUG org.apache.http.wire -- http-outgoing-37 << "ETag: W/"261-BX6v4DwGXjoMj68e2Wg88E0xvbo"[\r][\n]"
22:57:43.829 [pool-2-thread-98] DEBUG org.apache.http.wire -- http-outgoing-37 << "Date: Sun, 22 Jun 2025 15:57:43 GMT[\r][\n]"
22:57:43.829 [pool-2-thread-98] DEBUG org.apache.http.wire -- http-outgoing-37 << "Connection: keep-alive[\r][\n]"
22:57:43.829 [pool-2-thread-98] DEBUG org.apache.http.wire -- http-outgoing-37 << "Keep-Alive: timeout=5[\r][\n]"
22:57:43.829 [pool-2-thread-98] DEBUG org.apache.http.wire -- http-outgoing-37 << "[\r][\n]"
22:57:43.829 [pool-2-thread-98] DEBUG org.apache.http.wire -- http-outgoing-37 << "{"access_token":"eyJhbGciOiJIUzI1NiIsInR5cCI6IkpXVCJ9.eyJzdWIiOiIyNzJmNmI1NS01MTc5LTRhZTMtODU2My1iNGVjMTBmNzY3MTUiLCJ1c2VybmFtZSI6ImpvaG5kb2UyZDVkIiwicm9sZSI6MCwiaWF0IjoxNzUwNjA3ODYzLCJleHAiOjE3NTA2MTE0NjN9.4p7oHxzaLk1xmeCO1HCraIZqLZsbjHXpCSfxd04JR0s","refresh_token":"99fb4a83cae61087bbad2326e95f45eed550e10cd561625dbd57f5b83a12eae6","user":{"id":"272f6b55-5179-4ae3-8563-b4ec10f76715","email":"testit5@gmail.com","username":"johndoe2d5d","name":"John Doe","phoneNumber":"0123456132","profilePic":null,"bio":null,"private":false,"verified":false,"role":0,"followersCount":0,"followingCount":0,"postCount":0}}"
22:57:43.829 [pool-2-thread-98] DEBUG org.apache.http.headers -- http-outgoing-37 << HTTP/1.1 200 OK
22:57:43.829 [pool-2-thread-98] DEBUG org.apache.http.headers -- http-outgoing-37 << X-Powered-By: Express
22:57:43.829 [pool-2-thread-98] DEBUG org.apache.http.headers -- http-outgoing-37 << Access-Control-Allow-Origin: *
22:57:43.829 [pool-2-thread-98] DEBUG org.apache.http.headers -- http-outgoing-37 << Content-Type: application/json; charset=utf-8
22:57:43.829 [pool-2-thread-98] DEBUG org.apache.http.headers -- http-outgoing-37 << Content-Length: 609
22:57:43.829 [pool-2-thread-98] DEBUG org.apache.http.headers -- http-outgoing-37 << ETag: W/"261-BX6v4DwGXjoMj68e2Wg88E0xvbo"
22:57:43.829 [pool-2-thread-98] DEBUG org.apache.http.headers -- http-outgoing-37 << Date: Sun, 22 Jun 2025 15:57:43 GMT
22:57:43.829 [pool-2-thread-98] DEBUG org.apache.http.headers -- http-outgoing-37 << Connection: keep-alive
22:57:43.829 [pool-2-thread-98] DEBUG org.apache.http.headers -- http-outgoing-37 << Keep-Alive: timeout=5
22:57:43.829 [pool-2-thread-98] DEBUG org.apache.http.impl.execchain.MainClientExec -- Connection can be kept alive for 5000 MILLISECONDS
22:57:43.829 [pool-2-thread-98] DEBUG org.apache.http.impl.conn.PoolingHttpClientConnectionManager -- Connection [id: 95][route: {}->http://localhost:3000] can be kept alive for 5.0 seconds
22:57:43.829 [pool-2-thread-98] DEBUG org.apache.http.impl.conn.DefaultManagedHttpClientConnection -- http-outgoing-37: set socket timeout to 0
22:57:43.829 [pool-2-thread-98] DEBUG org.apache.http.impl.conn.PoolingHttpClientConnectionManager -- Connection released: [id: 95][route: {}->http://localhost:3000][total available: 1; route allocated: 1 of 5; total allocated: 1 of 10]
22:57:43.829 [pool-2-thread-98] DEBUG org.apache.http.impl.conn.PoolingHttpClientConnectionManager -- Connection manager is shutting down
22:57:43.829 [pool-2-thread-98] DEBUG org.apache.http.impl.conn.DefaultManagedHttpClientConnection -- http-outgoing-37: Close connection
22:57:43.829 [pool-2-thread-98] DEBUG org.apache.http.impl.conn.PoolingHttpClientConnectionManager -- Connection manager shut down
22:57:43.829 [pool-2-thread-98] DEBUG com.intuit.karate -- response time in milliseconds: 14623
1 < 200
1 < X-Powered-By: Express
1 < Access-Control-Allow-Origin: *
1 < Content-Type: application/json; charset=utf-8
1 < Content-Length: 609
1 < ETag: W/"261-BX6v4DwGXjoMj68e2Wg88E0xvbo"
1 < Date: Sun, 22 Jun 2025 15:57:43 GMT
1 < Connection: keep-alive
1 < Keep-Alive: timeout=5
{"access_token":"eyJhbGciOiJIUzI1NiIsInR5cCI6IkpXVCJ9.eyJzdWIiOiIyNzJmNmI1NS01MTc5LTRhZTMtODU2My1iNGVjMTBmNzY3MTUiLCJ1c2VybmFtZSI6ImpvaG5kb2UyZDVkIiwicm9sZSI6MCwiaWF0IjoxNzUwNjA3ODYzLCJleHAiOjE3NTA2MTE0NjN9.4p7oHxzaLk1xmeCO1HCraIZqLZsbjHXpCSfxd04JR0s","refresh_token":"99fb4a83cae61087bbad2326e95f45eed550e10cd561625dbd57f5b83a12eae6","user":{"id":"272f6b55-5179-4ae3-8563-b4ec10f76715","email":"testit5@gmail.com","username":"johndoe2d5d","name":"John Doe","phoneNumber":"0123456132","profilePic":null,"bio":null,"private":false,"verified":false,"role":0,"followersCount":0,"followingCount":0,"postCount":0}}

22:57:43.832 [pool-2-thread-98] INFO com.intuit.karate -- [print] Concurrent call completed, status: 200 
22:57:43.846 [pool-2-thread-56] DEBUG org.apache.http.wire -- http-outgoing-22 << "HTTP/1.1 200 OK[\r][\n]"
22:57:43.846 [pool-2-thread-56] DEBUG org.apache.http.wire -- http-outgoing-22 << "X-Powered-By: Express[\r][\n]"
22:57:43.846 [pool-2-thread-56] DEBUG org.apache.http.wire -- http-outgoing-22 << "Access-Control-Allow-Origin: *[\r][\n]"
22:57:43.846 [pool-2-thread-56] DEBUG org.apache.http.wire -- http-outgoing-22 << "Content-Type: application/json; charset=utf-8[\r][\n]"
22:57:43.846 [pool-2-thread-56] DEBUG org.apache.http.wire -- http-outgoing-22 << "Content-Length: 607[\r][\n]"
22:57:43.846 [pool-2-thread-56] DEBUG org.apache.http.wire -- http-outgoing-22 << "ETag: W/"25f-HgY9pEp6X1CK+anzh+LrsQ4aEqo"[\r][\n]"
22:57:43.846 [pool-2-thread-56] DEBUG org.apache.http.wire -- http-outgoing-22 << "Date: Sun, 22 Jun 2025 15:57:43 GMT[\r][\n]"
22:57:43.846 [pool-2-thread-56] DEBUG org.apache.http.wire -- http-outgoing-22 << "Connection: keep-alive[\r][\n]"
22:57:43.846 [pool-2-thread-56] DEBUG org.apache.http.wire -- http-outgoing-22 << "Keep-Alive: timeout=5[\r][\n]"
22:57:43.846 [pool-2-thread-56] DEBUG org.apache.http.wire -- http-outgoing-22 << "[\r][\n]"
22:57:43.846 [pool-2-thread-56] DEBUG org.apache.http.wire -- http-outgoing-22 << "{"access_token":"eyJhbGciOiJIUzI1NiIsInR5cCI6IkpXVCJ9.eyJzdWIiOiI5YTI2OTc2Yy0xNTMyLTRkZjMtYTE2ZS03NjMxNTI1Yzg1MDIiLCJ1c2VybmFtZSI6ImpvaG5kb2UyZDUiLCJyb2xlIjowLCJpYXQiOjE3NTA2MDc4NjMsImV4cCI6MTc1MDYxMTQ2M30.dWYS9nRb4lwK15CQL0le5PCo1IYllqn8SiO5alF3wvE","refresh_token":"74ad5478347c043a88a9a1ad6bfba98bc0cad5257e76c70c8584d96bb66df651","user":{"id":"9a26976c-1532-4df3-a16e-7631525c8502","email":"testit4@gmail.com","username":"johndoe2d5","name":"John Doe","phoneNumber":"0123456212","profilePic":null,"bio":null,"private":false,"verified":false,"role":0,"followersCount":0,"followingCount":0,"postCount":0}}"
22:57:43.846 [pool-2-thread-56] DEBUG org.apache.http.headers -- http-outgoing-22 << HTTP/1.1 200 OK
22:57:43.846 [pool-2-thread-56] DEBUG org.apache.http.headers -- http-outgoing-22 << X-Powered-By: Express
22:57:43.846 [pool-2-thread-56] DEBUG org.apache.http.headers -- http-outgoing-22 << Access-Control-Allow-Origin: *
22:57:43.846 [pool-2-thread-56] DEBUG org.apache.http.headers -- http-outgoing-22 << Content-Type: application/json; charset=utf-8
22:57:43.846 [pool-2-thread-56] DEBUG org.apache.http.headers -- http-outgoing-22 << Content-Length: 607
22:57:43.846 [pool-2-thread-56] DEBUG org.apache.http.headers -- http-outgoing-22 << ETag: W/"25f-HgY9pEp6X1CK+anzh+LrsQ4aEqo"
22:57:43.846 [pool-2-thread-56] DEBUG org.apache.http.headers -- http-outgoing-22 << Date: Sun, 22 Jun 2025 15:57:43 GMT
22:57:43.846 [pool-2-thread-56] DEBUG org.apache.http.headers -- http-outgoing-22 << Connection: keep-alive
22:57:43.846 [pool-2-thread-56] DEBUG org.apache.http.headers -- http-outgoing-22 << Keep-Alive: timeout=5
22:57:43.846 [pool-2-thread-56] DEBUG org.apache.http.impl.execchain.MainClientExec -- Connection can be kept alive for 5000 MILLISECONDS
22:57:43.847 [pool-2-thread-56] DEBUG org.apache.http.impl.conn.PoolingHttpClientConnectionManager -- Connection [id: 20][route: {}->http://localhost:3000] can be kept alive for 5.0 seconds
22:57:43.847 [pool-2-thread-56] DEBUG org.apache.http.impl.conn.DefaultManagedHttpClientConnection -- http-outgoing-22: set socket timeout to 0
22:57:43.847 [pool-2-thread-56] DEBUG org.apache.http.impl.conn.PoolingHttpClientConnectionManager -- Connection released: [id: 20][route: {}->http://localhost:3000][total available: 1; route allocated: 1 of 5; total allocated: 1 of 10]
22:57:43.847 [pool-2-thread-56] DEBUG org.apache.http.impl.conn.PoolingHttpClientConnectionManager -- Connection manager is shutting down
22:57:43.847 [pool-2-thread-56] DEBUG org.apache.http.impl.conn.DefaultManagedHttpClientConnection -- http-outgoing-22: Close connection
22:57:43.847 [pool-2-thread-56] DEBUG org.apache.http.impl.conn.PoolingHttpClientConnectionManager -- Connection manager shut down
22:57:43.847 [pool-2-thread-56] DEBUG com.intuit.karate -- response time in milliseconds: 14627
1 < 200
1 < X-Powered-By: Express
1 < Access-Control-Allow-Origin: *
1 < Content-Type: application/json; charset=utf-8
1 < Content-Length: 607
1 < ETag: W/"25f-HgY9pEp6X1CK+anzh+LrsQ4aEqo"
1 < Date: Sun, 22 Jun 2025 15:57:43 GMT
1 < Connection: keep-alive
1 < Keep-Alive: timeout=5
{"access_token":"eyJhbGciOiJIUzI1NiIsInR5cCI6IkpXVCJ9.eyJzdWIiOiI5YTI2OTc2Yy0xNTMyLTRkZjMtYTE2ZS03NjMxNTI1Yzg1MDIiLCJ1c2VybmFtZSI6ImpvaG5kb2UyZDUiLCJyb2xlIjowLCJpYXQiOjE3NTA2MDc4NjMsImV4cCI6MTc1MDYxMTQ2M30.dWYS9nRb4lwK15CQL0le5PCo1IYllqn8SiO5alF3wvE","refresh_token":"74ad5478347c043a88a9a1ad6bfba98bc0cad5257e76c70c8584d96bb66df651","user":{"id":"9a26976c-1532-4df3-a16e-7631525c8502","email":"testit4@gmail.com","username":"johndoe2d5","name":"John Doe","phoneNumber":"0123456212","profilePic":null,"bio":null,"private":false,"verified":false,"role":0,"followersCount":0,"followingCount":0,"postCount":0}}

22:57:43.848 [pool-2-thread-56] INFO com.intuit.karate -- [print] Concurrent call completed, status: 200 
22:57:43.932 [pool-3-thread-1] DEBUG org.thymeleaf.TemplateEngine -- [THYMELEAF] INITIALIZING TEMPLATE ENGINE
22:57:44.077 [pool-3-thread-1] DEBUG org.thymeleaf.TemplateEngine.CONFIG -- Initializing Thymeleaf Template engine configuration...
[THYMELEAF] TEMPLATE ENGINE CONFIGURATION:
[THYMELEAF] * Thymeleaf version: 3.1.2.RELEASE (built 2023-07-30T19:25:50+0000)
[THYMELEAF] * Cache Manager implementation: org.thymeleaf.cache.StandardCacheManager
[THYMELEAF] * Template resolvers:
[THYMELEAF]     * [1] com.intuit.karate.template.ResourceHtmlTemplateResolver
[THYMELEAF] * Message resolvers:
[THYMELEAF]     * org.thymeleaf.messageresolver.StandardMessageResolver
[THYMELEAF] * Link builders:
[THYMELEAF]     * org.thymeleaf.linkbuilder.StandardLinkBuilder
[THYMELEAF] * Dialect [1 of 2]: Standard (com.intuit.karate.template.KarateStandardDialect)
[THYMELEAF]     * Prefix: "th"
[THYMELEAF]     * Processors for Template Mode: HTML
[THYMELEAF]         * Element Tag Processors by [matching element and attribute name] [precedence]:
[THYMELEAF]             * [* {th:include,data-th-include}] [100]: org.thymeleaf.standard.processor.StandardIncludeTagProcessor
[THYMELEAF]             * [* {th:insert,data-th-insert}] [100]: org.thymeleaf.standard.processor.StandardInsertTagProcessor
[THYMELEAF]             * [* {th:replace,data-th-replace}] [100]: org.thymeleaf.standard.processor.StandardReplaceTagProcessor
[THYMELEAF]             * [* {th:each,data-th-each}] [200]: com.intuit.karate.template.KarateEachTagProcessor
[THYMELEAF]             * [* {th:switch,data-th-switch}] [250]: org.thymeleaf.standard.processor.StandardSwitchTagProcessor
[THYMELEAF]             * [* {th:case,data-th-case}] [275]: org.thymeleaf.standard.processor.StandardCaseTagProcessor
[THYMELEAF]             * [* {th:if,data-th-if}] [300]: org.thymeleaf.standard.processor.StandardIfTagProcessor
[THYMELEAF]             * [* {th:unless,data-th-unless}] [400]: org.thymeleaf.standard.processor.StandardUnlessTagProcessor
[THYMELEAF]             * [* {th:object,data-th-object}] [500]: org.thymeleaf.standard.processor.StandardObjectTagProcessor
[THYMELEAF]             * [* {th:with,data-th-with}] [600]: com.intuit.karate.template.KarateWithTagProcessor
[THYMELEAF]             * [* {th:attr,data-th-attr}] [700]: com.intuit.karate.template.KarateAttributeTagProcessor.KarateAttrTagProcessor
[THYMELEAF]             * [* {th:attrappend,data-th-attrappend}] [900]: com.intuit.karate.template.KarateAttributeTagProcessor.KarateAttrappendTagProcessor
[THYMELEAF]             * [* {th:attrprepend,data-th-attrprepend}] [900]: com.intuit.karate.template.KarateAttributeTagProcessor.KarateAttrprependTagProcessor
[THYMELEAF]             * [* {th:alt-title,data-th-alt-title}] [990]: org.thymeleaf.standard.processor.StandardAltTitleTagProcessor
[THYMELEAF]             * [* {th:lang-xmllang,data-th-lang-xmllang}] [990]: org.thymeleaf.standard.processor.StandardLangXmlLangTagProcessor
[THYMELEAF]             * [* {th:action,data-th-action}] [1000]: org.thymeleaf.standard.processor.StandardActionTagProcessor
[THYMELEAF]             * [* {th:open,data-th-open}] [1000]: org.thymeleaf.standard.processor.StandardConditionalFixedValueTagProcessor
[THYMELEAF]             * [* {th:hidden,data-th-hidden}] [1000]: org.thymeleaf.standard.processor.StandardConditionalFixedValueTagProcessor
[THYMELEAF]             * [* {th:default,data-th-default}] [1000]: org.thymeleaf.standard.processor.StandardConditionalFixedValueTagProcessor
[THYMELEAF]             * [* {th:seamless,data-th-seamless}] [1000]: org.thymeleaf.standard.processor.StandardConditionalFixedValueTagProcessor
[THYMELEAF]             * [* {th:defer,data-th-defer}] [1000]: org.thymeleaf.standard.processor.StandardConditionalFixedValueTagProcessor
[THYMELEAF]             * [* {th:async,data-th-async}] [1000]: org.thymeleaf.standard.processor.StandardConditionalFixedValueTagProcessor
[THYMELEAF]             * [* {th:ismap,data-th-ismap}] [1000]: org.thymeleaf.standard.processor.StandardConditionalFixedValueTagProcessor
[THYMELEAF]             * [* {th:selected,data-th-selected}] [1000]: org.thymeleaf.standard.processor.StandardConditionalFixedValueTagProcessor
[THYMELEAF]             * [* {th:readonly,data-th-readonly}] [1000]: org.thymeleaf.standard.processor.StandardConditionalFixedValueTagProcessor
[THYMELEAF]             * [* {th:checked,data-th-checked}] [1000]: org.thymeleaf.standard.processor.StandardConditionalFixedValueTagProcessor
[THYMELEAF]             * [* {th:declare,data-th-declare}] [1000]: org.thymeleaf.standard.processor.StandardConditionalFixedValueTagProcessor
[THYMELEAF]             * [* {th:nowrap,data-th-nowrap}] [1000]: org.thymeleaf.standard.processor.StandardConditionalFixedValueTagProcessor
[THYMELEAF]             * [* {th:required,data-th-required}] [1000]: org.thymeleaf.standard.processor.StandardConditionalFixedValueTagProcessor
[THYMELEAF]             * [* {th:autofocus,data-th-autofocus}] [1000]: org.thymeleaf.standard.processor.StandardConditionalFixedValueTagProcessor
[THYMELEAF]             * [* {th:novalidate,data-th-novalidate}] [1000]: org.thymeleaf.standard.processor.StandardConditionalFixedValueTagProcessor
[THYMELEAF]             * [* {th:controls,data-th-controls}] [1000]: org.thymeleaf.standard.processor.StandardConditionalFixedValueTagProcessor
[THYMELEAF]             * [* {th:formnovalidate,data-th-formnovalidate}] [1000]: org.thymeleaf.standard.processor.StandardConditionalFixedValueTagProcessor
[THYMELEAF]             * [* {th:multiple,data-th-multiple}] [1000]: org.thymeleaf.standard.processor.StandardConditionalFixedValueTagProcessor
[THYMELEAF]             * [* {th:scoped,data-th-scoped}] [1000]: org.thymeleaf.standard.processor.StandardConditionalFixedValueTagProcessor
[THYMELEAF]             * [* {th:pubdate,data-th-pubdate}] [1000]: org.thymeleaf.standard.processor.StandardConditionalFixedValueTagProcessor
[THYMELEAF]             * [* {th:loop,data-th-loop}] [1000]: org.thymeleaf.standard.processor.StandardConditionalFixedValueTagProcessor
[THYMELEAF]             * [* {th:autoplay,data-th-autoplay}] [1000]: org.thymeleaf.standard.processor.StandardConditionalFixedValueTagProcessor
[THYMELEAF]             * [* {th:reversed,data-th-reversed}] [1000]: org.thymeleaf.standard.processor.StandardConditionalFixedValueTagProcessor
[THYMELEAF]             * [* {th:disabled,data-th-disabled}] [1000]: org.thymeleaf.standard.processor.StandardConditionalFixedValueTagProcessor
[THYMELEAF]             * [* {th:onmouseover,data-th-onmouseover}] [1000]: org.thymeleaf.standard.processor.StandardDOMEventAttributeTagProcessor
[THYMELEAF]             * [* {th:onscroll,data-th-onscroll}] [1000]: org.thymeleaf.standard.processor.StandardDOMEventAttributeTagProcessor
[THYMELEAF]             * [* {th:onprogress,data-th-onprogress}] [1000]: org.thymeleaf.standard.processor.StandardDOMEventAttributeTagProcessor
[THYMELEAF]             * [* {th:ondragenter,data-th-ondragenter}] [1000]: org.thymeleaf.standard.processor.StandardDOMEventAttributeTagProcessor
[THYMELEAF]             * [* {th:onunload,data-th-onunload}] [1000]: org.thymeleaf.standard.processor.StandardDOMEventAttributeTagProcessor
[THYMELEAF]             * [* {th:onmousedown,data-th-onmousedown}] [1000]: org.thymeleaf.standard.processor.StandardDOMEventAttributeTagProcessor
[THYMELEAF]             * [* {th:onseeking,data-th-onseeking}] [1000]: org.thymeleaf.standard.processor.StandardDOMEventAttributeTagProcessor
[THYMELEAF]             * [* {th:ondurationchange,data-th-ondurationchange}] [1000]: org.thymeleaf.standard.processor.StandardDOMEventAttributeTagProcessor
[THYMELEAF]             * [* {th:onforminput,data-th-onforminput}] [1000]: org.thymeleaf.standard.processor.StandardDOMEventAttributeTagProcessor
[THYMELEAF]             * [* {th:onbeforeunload,data-th-onbeforeunload}] [1000]: org.thymeleaf.standard.processor.StandardDOMEventAttributeTagProcessor
[THYMELEAF]             * [* {th:oninvalid,data-th-oninvalid}] [1000]: org.thymeleaf.standard.processor.StandardDOMEventAttributeTagProcessor
[THYMELEAF]             * [* {th:onselect,data-th-onselect}] [1000]: org.thymeleaf.standard.processor.StandardDOMEventAttributeTagProcessor
[THYMELEAF]             * [* {th:ondragstart,data-th-ondragstart}] [1000]: org.thymeleaf.standard.processor.StandardDOMEventAttributeTagProcessor
[THYMELEAF]             * [* {th:onreset,data-th-onreset}] [1000]: org.thymeleaf.standard.processor.StandardDOMEventAttributeTagProcessor
[THYMELEAF]             * [* {th:ondragover,data-th-ondragover}] [1000]: org.thymeleaf.standard.processor.StandardDOMEventAttributeTagProcessor
[THYMELEAF]             * [* {th:onended,data-th-onended}] [1000]: org.thymeleaf.standard.processor.StandardDOMEventAttributeTagProcessor
[THYMELEAF]             * [* {th:onplaying,data-th-onplaying}] [1000]: org.thymeleaf.standard.processor.StandardDOMEventAttributeTagProcessor
[THYMELEAF]             * [* {th:oncanplaythrough,data-th-oncanplaythrough}] [1000]: org.thymeleaf.standard.processor.StandardDOMEventAttributeTagProcessor
[THYMELEAF]             * [* {th:ontimeupdate,data-th-ontimeupdate}] [1000]: org.thymeleaf.standard.processor.StandardDOMEventAttributeTagProcessor
[THYMELEAF]             * [* {th:onclick,data-th-onclick}] [1000]: org.thymeleaf.standard.processor.StandardDOMEventAttributeTagProcessor
[THYMELEAF]             * [* {th:oncontextmenu,data-th-oncontextmenu}] [1000]: org.thymeleaf.standard.processor.StandardDOMEventAttributeTagProcessor
[THYMELEAF]             * [* {th:onerror,data-th-onerror}] [1000]: org.thymeleaf.standard.processor.StandardDOMEventAttributeTagProcessor
[THYMELEAF]             * [* {th:onloadeddata,data-th-onloadeddata}] [1000]: org.thymeleaf.standard.processor.StandardDOMEventAttributeTagProcessor
[THYMELEAF]             * [* {th:oncanplay,data-th-oncanplay}] [1000]: org.thymeleaf.standard.processor.StandardDOMEventAttributeTagProcessor
[THYMELEAF]             * [* {th:onfocus,data-th-onfocus}] [1000]: org.thymeleaf.standard.processor.StandardDOMEventAttributeTagProcessor
[THYMELEAF]             * [* {th:onemptied,data-th-onemptied}] [1000]: org.thymeleaf.standard.processor.StandardDOMEventAttributeTagProcessor
[THYMELEAF]             * [* {th:onresize,data-th-onresize}] [1000]: org.thymeleaf.standard.processor.StandardDOMEventAttributeTagProcessor
[THYMELEAF]             * [* {th:onmouseup,data-th-onmouseup}] [1000]: org.thymeleaf.standard.processor.StandardDOMEventAttributeTagProcessor
[THYMELEAF]             * [* {th:onshow,data-th-onshow}] [1000]: org.thymeleaf.standard.processor.StandardDOMEventAttributeTagProcessor
[THYMELEAF]             * [* {th:onpopstate,data-th-onpopstate}] [1000]: org.thymeleaf.standard.processor.StandardDOMEventAttributeTagProcessor
[THYMELEAF]             * [* {th:onblur,data-th-onblur}] [1000]: org.thymeleaf.standard.processor.StandardDOMEventAttributeTagProcessor
[THYMELEAF]             * [* {th:onchange,data-th-onchange}] [1000]: org.thymeleaf.standard.processor.StandardDOMEventAttributeTagProcessor
[THYMELEAF]             * [* {th:onkeyup,data-th-onkeyup}] [1000]: org.thymeleaf.standard.processor.StandardDOMEventAttributeTagProcessor
[THYMELEAF]             * [* {th:onvolumechange,data-th-onvolumechange}] [1000]: org.thymeleaf.standard.processor.StandardDOMEventAttributeTagProcessor
[THYMELEAF]             * [* {th:onloadedmetadata,data-th-onloadedmetadata}] [1000]: org.thymeleaf.standard.processor.StandardDOMEventAttributeTagProcessor
[THYMELEAF]             * [* {th:onloadstart,data-th-onloadstart}] [1000]: org.thymeleaf.standard.processor.StandardDOMEventAttributeTagProcessor
[THYMELEAF]             * [* {th:onseeked,data-th-onseeked}] [1000]: org.thymeleaf.standard.processor.StandardDOMEventAttributeTagProcessor
[THYMELEAF]             * [* {th:onratechange,data-th-onratechange}] [1000]: org.thymeleaf.standard.processor.StandardDOMEventAttributeTagProcessor
[THYMELEAF]             * [* {th:ondragend,data-th-ondragend}] [1000]: org.thymeleaf.standard.processor.StandardDOMEventAttributeTagProcessor
[THYMELEAF]             * [* {th:onmouseout,data-th-onmouseout}] [1000]: org.thymeleaf.standard.processor.StandardDOMEventAttributeTagProcessor
[THYMELEAF]             * [* {th:onredo,data-th-onredo}] [1000]: org.thymeleaf.standard.processor.StandardDOMEventAttributeTagProcessor
[THYMELEAF]             * [* {th:ondrag,data-th-ondrag}] [1000]: org.thymeleaf.standard.processor.StandardDOMEventAttributeTagProcessor
[THYMELEAF]             * [* {th:onstalled,data-th-onstalled}] [1000]: org.thymeleaf.standard.processor.StandardDOMEventAttributeTagProcessor
[THYMELEAF]             * [* {th:onafterprint,data-th-onafterprint}] [1000]: org.thymeleaf.standard.processor.StandardDOMEventAttributeTagProcessor
[THYMELEAF]             * [* {th:onbeforeprint,data-th-onbeforeprint}] [1000]: org.thymeleaf.standard.processor.StandardDOMEventAttributeTagProcessor
[THYMELEAF]             * [* {th:onhashchange,data-th-onhashchange}] [1000]: org.thymeleaf.standard.processor.StandardDOMEventAttributeTagProcessor
[THYMELEAF]             * [* {th:onkeydown,data-th-onkeydown}] [1000]: org.thymeleaf.standard.processor.StandardDOMEventAttributeTagProcessor
[THYMELEAF]             * [* {th:onplay,data-th-onplay}] [1000]: org.thymeleaf.standard.processor.StandardDOMEventAttributeTagProcessor
[THYMELEAF]             * [* {th:onkeypress,data-th-onkeypress}] [1000]: org.thymeleaf.standard.processor.StandardDOMEventAttributeTagProcessor
[THYMELEAF]             * [* {th:onmousewheel,data-th-onmousewheel}] [1000]: org.thymeleaf.standard.processor.StandardDOMEventAttributeTagProcessor
[THYMELEAF]             * [* {th:onoffline,data-th-onoffline}] [1000]: org.thymeleaf.standard.processor.StandardDOMEventAttributeTagProcessor
[THYMELEAF]             * [* {th:onundo,data-th-onundo}] [1000]: org.thymeleaf.standard.processor.StandardDOMEventAttributeTagProcessor
[THYMELEAF]             * [* {th:oninput,data-th-oninput}] [1000]: org.thymeleaf.standard.processor.StandardDOMEventAttributeTagProcessor
[THYMELEAF]             * [* {th:onpause,data-th-onpause}] [1000]: org.thymeleaf.standard.processor.StandardDOMEventAttributeTagProcessor
[THYMELEAF]             * [* {th:onmessage,data-th-onmessage}] [1000]: org.thymeleaf.standard.processor.StandardDOMEventAttributeTagProcessor
[THYMELEAF]             * [* {th:ondblclick,data-th-ondblclick}] [1000]: org.thymeleaf.standard.processor.StandardDOMEventAttributeTagProcessor
[THYMELEAF]             * [* {th:ondrop,data-th-ondrop}] [1000]: org.thymeleaf.standard.processor.StandardDOMEventAttributeTagProcessor
[THYMELEAF]             * [* {th:onload,data-th-onload}] [1000]: org.thymeleaf.standard.processor.StandardDOMEventAttributeTagProcessor
[THYMELEAF]             * [* {th:onabort,data-th-onabort}] [1000]: org.thymeleaf.standard.processor.StandardDOMEventAttributeTagProcessor
[THYMELEAF]             * [* {th:onstorage,data-th-onstorage}] [1000]: org.thymeleaf.standard.processor.StandardDOMEventAttributeTagProcessor
[THYMELEAF]             * [* {th:ondragleave,data-th-ondragleave}] [1000]: org.thymeleaf.standard.processor.StandardDOMEventAttributeTagProcessor
[THYMELEAF]             * [* {th:onwaiting,data-th-onwaiting}] [1000]: org.thymeleaf.standard.processor.StandardDOMEventAttributeTagProcessor
[THYMELEAF]             * [* {th:onsuspend,data-th-onsuspend}] [1000]: org.thymeleaf.standard.processor.StandardDOMEventAttributeTagProcessor
[THYMELEAF]             * [* {th:onreadystatechange,data-th-onreadystatechange}] [1000]: org.thymeleaf.standard.processor.StandardDOMEventAttributeTagProcessor
[THYMELEAF]             * [* {th:onsubmit,data-th-onsubmit}] [1000]: org.thymeleaf.standard.processor.StandardDOMEventAttributeTagProcessor
[THYMELEAF]             * [* {th:onmousemove,data-th-onmousemove}] [1000]: org.thymeleaf.standard.processor.StandardDOMEventAttributeTagProcessor
[THYMELEAF]             * [* {th:onformchange,data-th-onformchange}] [1000]: org.thymeleaf.standard.processor.StandardDOMEventAttributeTagProcessor
[THYMELEAF]             * [* {th:ononline,data-th-ononline}] [1000]: org.thymeleaf.standard.processor.StandardDOMEventAttributeTagProcessor
[THYMELEAF]             * [* {th:href,data-th-href}] [1000]: org.thymeleaf.standard.processor.StandardHrefTagProcessor
[THYMELEAF]             * [* {th:inline,data-th-inline}] [1000]: org.thymeleaf.standard.processor.StandardInlineHTMLTagProcessor
[THYMELEAF]             * [* {th:method,data-th-method}] [1000]: org.thymeleaf.standard.processor.StandardMethodTagProcessor
[THYMELEAF]             * [* {th:name,data-th-name}] [1000]: org.thymeleaf.standard.processor.StandardNonRemovableAttributeTagProcessor
[THYMELEAF]             * [* {th:type,data-th-type}] [1000]: org.thymeleaf.standard.processor.StandardNonRemovableAttributeTagProcessor
[THYMELEAF]             * [* {th:longdesc,data-th-longdesc}] [1000]: org.thymeleaf.standard.processor.StandardRemovableAttributeTagProcessor
[THYMELEAF]             * [* {th:enctype,data-th-enctype}] [1000]: org.thymeleaf.standard.processor.StandardRemovableAttributeTagProcessor
[THYMELEAF]             * [* {th:list,data-th-list}] [1000]: org.thymeleaf.standard.processor.StandardRemovableAttributeTagProcessor
[THYMELEAF]             * [* {th:icon,data-th-icon}] [1000]: org.thymeleaf.standard.processor.StandardRemovableAttributeTagProcessor
[THYMELEAF]             * [* {th:dir,data-th-dir}] [1000]: org.thymeleaf.standard.processor.StandardRemovableAttributeTagProcessor
[THYMELEAF]             * [* {th:colspan,data-th-colspan}] [1000]: org.thymeleaf.standard.processor.StandardRemovableAttributeTagProcessor
[THYMELEAF]             * [* {th:formmethod,data-th-formmethod}] [1000]: org.thymeleaf.standard.processor.StandardRemovableAttributeTagProcessor
[THYMELEAF]             * [* {th:pattern,data-th-pattern}] [1000]: org.thymeleaf.standard.processor.StandardRemovableAttributeTagProcessor
[THYMELEAF]             * [* {th:challenge,data-th-challenge}] [1000]: org.thymeleaf.standard.processor.StandardRemovableAttributeTagProcessor
[THYMELEAF]             * [* {th:codebase,data-th-codebase}] [1000]: org.thymeleaf.standard.processor.StandardRemovableAttributeTagProcessor
[THYMELEAF]             * [* {th:label,data-th-label}] [1000]: org.thymeleaf.standard.processor.StandardRemovableAttributeTagProcessor
[THYMELEAF]             * [* {th:sizes,data-th-sizes}] [1000]: org.thymeleaf.standard.processor.StandardRemovableAttributeTagProcessor
[THYMELEAF]             * [* {th:formaction,data-th-formaction}] [1000]: org.thymeleaf.standard.processor.StandardRemovableAttributeTagProcessor
[THYMELEAF]             * [* {th:valuetype,data-th-valuetype}] [1000]: org.thymeleaf.standard.processor.StandardRemovableAttributeTagProcessor
[THYMELEAF]             * [* {th:accesskey,data-th-accesskey}] [1000]: org.thymeleaf.standard.processor.StandardRemovableAttributeTagProcessor
[THYMELEAF]             * [* {th:charset,data-th-charset}] [1000]: org.thymeleaf.standard.processor.StandardRemovableAttributeTagProcessor
[THYMELEAF]             * [* {th:size,data-th-size}] [1000]: org.thymeleaf.standard.processor.StandardRemovableAttributeTagProcessor
[THYMELEAF]             * [* {th:usemap,data-th-usemap}] [1000]: org.thymeleaf.standard.processor.StandardRemovableAttributeTagProcessor
[THYMELEAF]             * [* {th:contextmenu,data-th-contextmenu}] [1000]: org.thymeleaf.standard.processor.StandardRemovableAttributeTagProcessor
[THYMELEAF]             * [* {th:max,data-th-max}] [1000]: org.thymeleaf.standard.processor.StandardRemovableAttributeTagProcessor
[THYMELEAF]             * [* {th:accept,data-th-accept}] [1000]: org.thymeleaf.standard.processor.StandardRemovableAttributeTagProcessor
[THYMELEAF]             * [* {th:tabindex,data-th-tabindex}] [1000]: org.thymeleaf.standard.processor.StandardRemovableAttributeTagProcessor
[THYMELEAF]             * [* {th:codetype,data-th-codetype}] [1000]: org.thymeleaf.standard.processor.StandardRemovableAttributeTagProcessor
[THYMELEAF]             * [* {th:min,data-th-min}] [1000]: org.thymeleaf.standard.processor.StandardRemovableAttributeTagProcessor
[THYMELEAF]             * [* {th:cols,data-th-cols}] [1000]: org.thymeleaf.standard.processor.StandardRemovableAttributeTagProcessor
[THYMELEAF]             * [* {th:scope,data-th-scope}] [1000]: org.thymeleaf.standard.processor.StandardRemovableAttributeTagProcessor
[THYMELEAF]             * [* {th:draggable,data-th-draggable}] [1000]: org.thymeleaf.standard.processor.StandardRemovableAttributeTagProcessor
[THYMELEAF]             * [* {th:poster,data-th-poster}] [1000]: org.thymeleaf.standard.processor.StandardRemovableAttributeTagProcessor
[THYMELEAF]             * [* {th:media,data-th-media}] [1000]: org.thymeleaf.standard.processor.StandardRemovableAttributeTagProcessor
[THYMELEAF]             * [* {th:manifest,data-th-manifest}] [1000]: org.thymeleaf.standard.processor.StandardRemovableAttributeTagProcessor
[THYMELEAF]             * [* {th:radiogroup,data-th-radiogroup}] [1000]: org.thymeleaf.standard.processor.StandardRemovableAttributeTagProcessor
[THYMELEAF]             * [* {th:preload,data-th-preload}] [1000]: org.thymeleaf.standard.processor.StandardRemovableAttributeTagProcessor
[THYMELEAF]             * [* {th:wrap,data-th-wrap}] [1000]: org.thymeleaf.standard.processor.StandardRemovableAttributeTagProcessor
[THYMELEAF]             * [* {th:cite,data-th-cite}] [1000]: org.thymeleaf.standard.processor.StandardRemovableAttributeTagProcessor
[THYMELEAF]             * [* {th:width,data-th-width}] [1000]: org.thymeleaf.standard.processor.StandardRemovableAttributeTagProcessor
[THYMELEAF]             * [* {th:maxlength,data-th-maxlength}] [1000]: org.thymeleaf.standard.processor.StandardRemovableAttributeTagProcessor
[THYMELEAF]             * [* {th:cellspacing,data-th-cellspacing}] [1000]: org.thymeleaf.standard.processor.StandardRemovableAttributeTagProcessor
[THYMELEAF]             * [* {th:rows,data-th-rows}] [1000]: org.thymeleaf.standard.processor.StandardRemovableAttributeTagProcessor
[THYMELEAF]             * [* {th:low,data-th-low}] [1000]: org.thymeleaf.standard.processor.StandardRemovableAttributeTagProcessor
[THYMELEAF]             * [* {th:lang,data-th-lang}] [1000]: org.thymeleaf.standard.processor.StandardRemovableAttributeTagProcessor
[THYMELEAF]             * [* {th:rowspan,data-th-rowspan}] [1000]: org.thymeleaf.standard.processor.StandardRemovableAttributeTagProcessor
[THYMELEAF]             * [* {th:sandbox,data-th-sandbox}] [1000]: org.thymeleaf.standard.processor.StandardRemovableAttributeTagProcessor
[THYMELEAF]             * [* {th:formtarget,data-th-formtarget}] [1000]: org.thymeleaf.standard.processor.StandardRemovableAttributeTagProcessor
[THYMELEAF]             * [* {th:class,data-th-class}] [1000]: org.thymeleaf.standard.processor.StandardRemovableAttributeTagProcessor
[THYMELEAF]             * [* {th:span,data-th-span}] [1000]: org.thymeleaf.standard.processor.StandardRemovableAttributeTagProcessor
[THYMELEAF]             * [* {th:archive,data-th-archive}] [1000]: org.thymeleaf.standard.processor.StandardRemovableAttributeTagProcessor
[THYMELEAF]             * [* {th:marginwidth,data-th-marginwidth}] [1000]: org.thymeleaf.standard.processor.StandardRemovableAttributeTagProcessor
[THYMELEAF]             * [* {th:style,data-th-style}] [1000]: org.thymeleaf.standard.processor.StandardRemovableAttributeTagProcessor
[THYMELEAF]             * [* {th:contenteditable,data-th-contenteditable}] [1000]: org.thymeleaf.standard.processor.StandardRemovableAttributeTagProcessor
[THYMELEAF]             * [* {th:compact,data-th-compact}] [1000]: org.thymeleaf.standard.processor.StandardRemovableAttributeTagProcessor
[THYMELEAF]             * [* {th:background,data-th-background}] [1000]: org.thymeleaf.standard.processor.StandardRemovableAttributeTagProcessor
[THYMELEAF]             * [* {th:optimum,data-th-optimum}] [1000]: org.thymeleaf.standard.processor.StandardRemovableAttributeTagProcessor
[THYMELEAF]             * [* {th:vspace,data-th-vspace}] [1000]: org.thymeleaf.standard.processor.StandardRemovableAttributeTagProcessor
[THYMELEAF]             * [* {th:abbr,data-th-abbr}] [1000]: org.thymeleaf.standard.processor.StandardRemovableAttributeTagProcessor
[THYMELEAF]             * [* {th:data,data-th-data}] [1000]: org.thymeleaf.standard.processor.StandardRemovableAttributeTagProcessor
[THYMELEAF]             * [* {th:dropzone,data-th-dropzone}] [1000]: org.thymeleaf.standard.processor.StandardRemovableAttributeTagProcessor
[THYMELEAF]             * [* {th:autocomplete,data-th-autocomplete}] [1000]: org.thymeleaf.standard.processor.StandardRemovableAttributeTagProcessor
[THYMELEAF]             * [* {th:for,data-th-for}] [1000]: org.thymeleaf.standard.processor.StandardRemovableAttributeTagProcessor
[THYMELEAF]             * [* {th:align,data-th-align}] [1000]: org.thymeleaf.standard.processor.StandardRemovableAttributeTagProcessor
[THYMELEAF]             * [* {th:keytype,data-th-keytype}] [1000]: org.thymeleaf.standard.processor.StandardRemovableAttributeTagProcessor
[THYMELEAF]             * [* {th:datetime,data-th-datetime}] [1000]: org.thymeleaf.standard.processor.StandardRemovableAttributeTagProcessor
[THYMELEAF]             * [* {th:spellcheck,data-th-spellcheck}] [1000]: org.thymeleaf.standard.processor.StandardRemovableAttributeTagProcessor
[THYMELEAF]             * [* {th:scheme,data-th-scheme}] [1000]: org.thymeleaf.standard.processor.StandardRemovableAttributeTagProcessor
[THYMELEAF]             * [* {th:step,data-th-step}] [1000]: org.thymeleaf.standard.processor.StandardRemovableAttributeTagProcessor
[THYMELEAF]             * [* {th:srclang,data-th-srclang}] [1000]: org.thymeleaf.standard.processor.StandardRemovableAttributeTagProcessor
[THYMELEAF]             * [* {th:standby,data-th-standby}] [1000]: org.thymeleaf.standard.processor.StandardRemovableAttributeTagProcessor
[THYMELEAF]             * [* {th:accept-charset,data-th-accept-charset}] [1000]: org.thymeleaf.standard.processor.StandardRemovableAttributeTagProcessor
[THYMELEAF]             * [* {th:form,data-th-form}] [1000]: org.thymeleaf.standard.processor.StandardRemovableAttributeTagProcessor
[THYMELEAF]             * [* {th:alt,data-th-alt}] [1000]: org.thymeleaf.standard.processor.StandardRemovableAttributeTagProcessor
[THYMELEAF]             * [* {th:start,data-th-start}] [1000]: org.thymeleaf.standard.processor.StandardRemovableAttributeTagProcessor
[THYMELEAF]             * [* {th:title,data-th-title}] [1000]: org.thymeleaf.standard.processor.StandardRemovableAttributeTagProcessor
[THYMELEAF]             * [* {th:axis,data-th-axis}] [1000]: org.thymeleaf.standard.processor.StandardRemovableAttributeTagProcessor
[THYMELEAF]             * [* {th:marginheight,data-th-marginheight}] [1000]: org.thymeleaf.standard.processor.StandardRemovableAttributeTagProcessor
[THYMELEAF]             * [* {th:id,data-th-id}] [1000]: org.thymeleaf.standard.processor.StandardRemovableAttributeTagProcessor
[THYMELEAF]             * [* {th:target,data-th-target}] [1000]: org.thymeleaf.standard.processor.StandardRemovableAttributeTagProcessor
[THYMELEAF]             * [* {th:rel,data-th-rel}] [1000]: org.thymeleaf.standard.processor.StandardRemovableAttributeTagProcessor
[THYMELEAF]             * [* {th:headers,data-th-headers}] [1000]: org.thymeleaf.standard.processor.StandardRemovableAttributeTagProcessor
[THYMELEAF]             * [* {th:bgcolor,data-th-bgcolor}] [1000]: org.thymeleaf.standard.processor.StandardRemovableAttributeTagProcessor
[THYMELEAF]             * [* {th:formenctype,data-th-formenctype}] [1000]: org.thymeleaf.standard.processor.StandardRemovableAttributeTagProcessor
[THYMELEAF]             * [* {th:hreflang,data-th-hreflang}] [1000]: org.thymeleaf.standard.processor.StandardRemovableAttributeTagProcessor
[THYMELEAF]             * [* {th:content,data-th-content}] [1000]: org.thymeleaf.standard.processor.StandardRemovableAttributeTagProcessor
[THYMELEAF]             * [* {th:high,data-th-high}] [1000]: org.thymeleaf.standard.processor.StandardRemovableAttributeTagProcessor
[THYMELEAF]             * [* {th:summary,data-th-summary}] [1000]: org.thymeleaf.standard.processor.StandardRemovableAttributeTagProcessor
[THYMELEAF]             * [* {th:rev,data-th-rev}] [1000]: org.thymeleaf.standard.processor.StandardRemovableAttributeTagProcessor
[THYMELEAF]             * [* {th:frame,data-th-frame}] [1000]: org.thymeleaf.standard.processor.StandardRemovableAttributeTagProcessor
[THYMELEAF]             * [* {th:frameborder,data-th-frameborder}] [1000]: org.thymeleaf.standard.processor.StandardRemovableAttributeTagProcessor
[THYMELEAF]             * [* {th:http-equiv,data-th-http-equiv}] [1000]: org.thymeleaf.standard.processor.StandardRemovableAttributeTagProcessor
[THYMELEAF]             * [* {th:scrolling,data-th-scrolling}] [1000]: org.thymeleaf.standard.processor.StandardRemovableAttributeTagProcessor
[THYMELEAF]             * [* {th:rules,data-th-rules}] [1000]: org.thymeleaf.standard.processor.StandardRemovableAttributeTagProcessor
[THYMELEAF]             * [* {th:classid,data-th-classid}] [1000]: org.thymeleaf.standard.processor.StandardRemovableAttributeTagProcessor
[THYMELEAF]             * [* {th:placeholder,data-th-placeholder}] [1000]: org.thymeleaf.standard.processor.StandardRemovableAttributeTagProcessor
[THYMELEAF]             * [* {th:cellpadding,data-th-cellpadding}] [1000]: org.thymeleaf.standard.processor.StandardRemovableAttributeTagProcessor
[THYMELEAF]             * [* {th:kind,data-th-kind}] [1000]: org.thymeleaf.standard.processor.StandardRemovableAttributeTagProcessor
[THYMELEAF]             * [* {th:hspace,data-th-hspace}] [1000]: org.thymeleaf.standard.processor.StandardRemovableAttributeTagProcessor
[THYMELEAF]             * [* {th:height,data-th-height}] [1000]: org.thymeleaf.standard.processor.StandardRemovableAttributeTagProcessor
[THYMELEAF]             * [* {th:audio,data-th-audio}] [1000]: org.thymeleaf.standard.processor.StandardRemovableAttributeTagProcessor
[THYMELEAF]             * [* {th:border,data-th-border}] [1000]: org.thymeleaf.standard.processor.StandardRemovableAttributeTagProcessor
[THYMELEAF]             * [* {th:src,data-th-src}] [1000]: org.thymeleaf.standard.processor.StandardSrcTagProcessor
[THYMELEAF]             * [* {th:value,data-th-value}] [1000]: org.thymeleaf.standard.processor.StandardValueTagProcessor
[THYMELEAF]             * [* {th:xmlbase,data-th-xmlbase}] [1000]: org.thymeleaf.standard.processor.StandardXmlBaseTagProcessor
[THYMELEAF]             * [* {th:xmllang,data-th-xmllang}] [1000]: org.thymeleaf.standard.processor.StandardXmlLangTagProcessor
[THYMELEAF]             * [* {xmlns:th}] [1000]: org.thymeleaf.standard.processor.StandardXmlNsTagProcessor
[THYMELEAF]             * [* {th:xmlspace,data-th-xmlspace}] [1000]: org.thymeleaf.standard.processor.StandardXmlSpaceTagProcessor
[THYMELEAF]             * [* {th:classappend,data-th-classappend}] [1100]: org.thymeleaf.standard.processor.StandardClassappendTagProcessor
[THYMELEAF]             * [* {th:styleappend,data-th-styleappend}] [1100]: org.thymeleaf.standard.processor.StandardStyleappendTagProcessor
[THYMELEAF]             * [* {th:text,data-th-text}] [1300]: org.thymeleaf.standard.processor.StandardTextTagProcessor
[THYMELEAF]             * [* {th:utext,data-th-utext}] [1400]: org.thymeleaf.standard.processor.StandardUtextTagProcessor
[THYMELEAF]             * [* {th:fragment,data-th-fragment}] [1500]: org.thymeleaf.standard.processor.StandardFragmentTagProcessor
[THYMELEAF]             * [* {th:assert,data-th-assert}] [1550]: org.thymeleaf.standard.processor.StandardAssertTagProcessor
[THYMELEAF]             * [* {th:remove,data-th-remove}] [1600]: org.thymeleaf.standard.processor.StandardRemoveTagProcessor
[THYMELEAF]             * [* {th:ref,data-th-ref}] [10000]: org.thymeleaf.standard.processor.StandardRefAttributeTagProcessor
[THYMELEAF]             * [{th:block,th-block} *] [100000]: org.thymeleaf.standard.processor.StandardBlockTagProcessor
[THYMELEAF]             * [* th:*] [2147483647]: org.thymeleaf.standard.processor.StandardDefaultAttributesTagProcessor
[THYMELEAF]         * Text Processors by [precedence]:
[THYMELEAF]             * [1000]: org.thymeleaf.standard.processor.StandardInliningTextProcessor
[THYMELEAF]         * DOCTYPE Processors by [precedence]:
[THYMELEAF]             * [1000]: org.thymeleaf.standard.processor.StandardTranslationDocTypeProcessor
[THYMELEAF]         * CDATA Section Processors by [precedence]:
[THYMELEAF]             * [1000]: org.thymeleaf.standard.processor.StandardInliningCDATASectionProcessor
[THYMELEAF]         * Comment Processors by [precedence]:
[THYMELEAF]             * [1000]: org.thymeleaf.standard.processor.StandardInliningCommentProcessor
[THYMELEAF]             * [1100]: org.thymeleaf.standard.processor.StandardConditionalCommentProcessor
[THYMELEAF]     * Processors for Template Mode: XML
[THYMELEAF]         * Element Tag Processors by [matching element and attribute name] [precedence]:
[THYMELEAF]             * [* {th:include}] [100]: org.thymeleaf.standard.processor.StandardIncludeTagProcessor
[THYMELEAF]             * [* {th:insert}] [100]: org.thymeleaf.standard.processor.StandardInsertTagProcessor
[THYMELEAF]             * [* {th:replace}] [100]: org.thymeleaf.standard.processor.StandardReplaceTagProcessor
[THYMELEAF]             * [* {th:each}] [200]: com.intuit.karate.template.KarateEachTagProcessor
[THYMELEAF]             * [* {th:switch}] [250]: org.thymeleaf.standard.processor.StandardSwitchTagProcessor
[THYMELEAF]             * [* {th:case}] [275]: org.thymeleaf.standard.processor.StandardCaseTagProcessor
[THYMELEAF]             * [* {th:if}] [300]: org.thymeleaf.standard.processor.StandardIfTagProcessor
[THYMELEAF]             * [* {th:unless}] [400]: org.thymeleaf.standard.processor.StandardUnlessTagProcessor
[THYMELEAF]             * [* {th:object}] [500]: org.thymeleaf.standard.processor.StandardObjectTagProcessor
[THYMELEAF]             * [* {th:with}] [600]: com.intuit.karate.template.KarateWithTagProcessor
[THYMELEAF]             * [* {th:attr}] [700]: com.intuit.karate.template.KarateAttributeTagProcessor.KarateAttrTagProcessor
[THYMELEAF]             * [* {th:attrappend}] [900]: com.intuit.karate.template.KarateAttributeTagProcessor.KarateAttrappendTagProcessor
[THYMELEAF]             * [* {th:attrprepend}] [900]: com.intuit.karate.template.KarateAttributeTagProcessor.KarateAttrprependTagProcessor
[THYMELEAF]             * [* {th:inline}] [1000]: org.thymeleaf.standard.processor.StandardInlineXMLTagProcessor
[THYMELEAF]             * [* {xmlns:th}] [1000]: org.thymeleaf.standard.processor.StandardXmlNsTagProcessor
[THYMELEAF]             * [* {th:text}] [1300]: org.thymeleaf.standard.processor.StandardTextTagProcessor
[THYMELEAF]             * [* {th:utext}] [1400]: org.thymeleaf.standard.processor.StandardUtextTagProcessor
[THYMELEAF]             * [* {th:fragment}] [1500]: org.thymeleaf.standard.processor.StandardFragmentTagProcessor
[THYMELEAF]             * [* {th:assert}] [1550]: org.thymeleaf.standard.processor.StandardAssertTagProcessor
[THYMELEAF]             * [* {th:remove}] [1600]: org.thymeleaf.standard.processor.StandardRemoveTagProcessor
[THYMELEAF]             * [* {th:ref}] [10000]: org.thymeleaf.standard.processor.StandardRefAttributeTagProcessor
[THYMELEAF]             * [{th:block} *] [100000]: org.thymeleaf.standard.processor.StandardBlockTagProcessor
[THYMELEAF]             * [* th:*] [2147483647]: org.thymeleaf.standard.processor.StandardDefaultAttributesTagProcessor
[THYMELEAF]         * Text Processors by [precedence]:
[THYMELEAF]             * [1000]: org.thymeleaf.standard.processor.StandardInliningTextProcessor
[THYMELEAF]         * CDATA Section Processors by [precedence]:
[THYMELEAF]             * [1000]: org.thymeleaf.standard.processor.StandardInliningCDATASectionProcessor
[THYMELEAF]         * Comment Processors by [precedence]:
[THYMELEAF]             * [1000]: org.thymeleaf.standard.processor.StandardInliningCommentProcessor
[THYMELEAF]     * Processors for Template Mode: TEXT
[THYMELEAF]         * Element Tag Processors by [matching element and attribute name] [precedence]:
[THYMELEAF]             * [* {th:insert}] [100]: org.thymeleaf.standard.processor.StandardInsertTagProcessor
[THYMELEAF]             * [* {th:replace}] [100]: org.thymeleaf.standard.processor.StandardReplaceTagProcessor
[THYMELEAF]             * [* {th:each}] [200]: com.intuit.karate.template.KarateEachTagProcessor
[THYMELEAF]             * [* {th:switch}] [250]: org.thymeleaf.standard.processor.StandardSwitchTagProcessor
[THYMELEAF]             * [* {th:case}] [275]: org.thymeleaf.standard.processor.StandardCaseTagProcessor
[THYMELEAF]             * [* {th:if}] [300]: org.thymeleaf.standard.processor.StandardIfTagProcessor
[THYMELEAF]             * [* {th:unless}] [400]: org.thymeleaf.standard.processor.StandardUnlessTagProcessor
[THYMELEAF]             * [* {th:object}] [500]: org.thymeleaf.standard.processor.StandardObjectTagProcessor
[THYMELEAF]             * [* {th:with}] [600]: com.intuit.karate.template.KarateWithTagProcessor
[THYMELEAF]             * [* {th:inline}] [1000]: org.thymeleaf.standard.processor.StandardInlineTextualTagProcessor
[THYMELEAF]             * [* {th:text}] [1300]: org.thymeleaf.standard.processor.StandardTextTagProcessor
[THYMELEAF]             * [* {th:utext}] [1400]: org.thymeleaf.standard.processor.StandardUtextTagProcessor
[THYMELEAF]             * [* {th:assert}] [1550]: org.thymeleaf.standard.processor.StandardAssertTagProcessor
[THYMELEAF]             * [* {th:remove}] [1600]: org.thymeleaf.standard.processor.StandardRemoveTagProcessor
[THYMELEAF]             * [{th:block} *] [100000]: org.thymeleaf.standard.processor.StandardBlockTagProcessor
[THYMELEAF]             * [* 100000] [org.thymeleaf.standard.processor.StandardBlockTagProcessor]: {}
[THYMELEAF]         * Text Processors by [precedence]:
[THYMELEAF]             * [1000]: org.thymeleaf.standard.processor.StandardInliningTextProcessor
[THYMELEAF]     * Processors for Template Mode: JAVASCRIPT
[THYMELEAF]         * Element Tag Processors by [matching element and attribute name] [precedence]:
[THYMELEAF]             * [* {th:insert}] [100]: org.thymeleaf.standard.processor.StandardInsertTagProcessor
[THYMELEAF]             * [* {th:replace}] [100]: org.thymeleaf.standard.processor.StandardReplaceTagProcessor
[THYMELEAF]             * [* {th:each}] [200]: com.intuit.karate.template.KarateEachTagProcessor
[THYMELEAF]             * [* {th:switch}] [250]: org.thymeleaf.standard.processor.StandardSwitchTagProcessor
[THYMELEAF]             * [* {th:case}] [275]: org.thymeleaf.standard.processor.StandardCaseTagProcessor
[THYMELEAF]             * [* {th:if}] [300]: org.thymeleaf.standard.processor.StandardIfTagProcessor
[THYMELEAF]             * [* {th:unless}] [400]: org.thymeleaf.standard.processor.StandardUnlessTagProcessor
[THYMELEAF]             * [* {th:object}] [500]: org.thymeleaf.standard.processor.StandardObjectTagProcessor
[THYMELEAF]             * [* {th:with}] [600]: com.intuit.karate.template.KarateWithTagProcessor
[THYMELEAF]             * [* {th:inline}] [1000]: org.thymeleaf.standard.processor.StandardInlineTextualTagProcessor
[THYMELEAF]             * [* {th:text}] [1300]: org.thymeleaf.standard.processor.StandardTextTagProcessor
[THYMELEAF]             * [* {th:utext}] [1400]: org.thymeleaf.standard.processor.StandardUtextTagProcessor
[THYMELEAF]             * [* {th:assert}] [1550]: org.thymeleaf.standard.processor.StandardAssertTagProcessor
[THYMELEAF]             * [* {th:remove}] [1600]: org.thymeleaf.standard.processor.StandardRemoveTagProcessor
[THYMELEAF]             * [* 100000] [org.thymeleaf.standard.processor.StandardBlockTagProcessor]: {}
[THYMELEAF]             * [{th:block} *] [100000]: org.thymeleaf.standard.processor.StandardBlockTagProcessor
[THYMELEAF]         * Text Processors by [precedence]:
[THYMELEAF]             * [1000]: org.thymeleaf.standard.processor.StandardInliningTextProcessor
[THYMELEAF]     * Processors for Template Mode: CSS
[THYMELEAF]         * Element Tag Processors by [matching element and attribute name] [precedence]:
[THYMELEAF]             * [* {th:insert}] [100]: org.thymeleaf.standard.processor.StandardInsertTagProcessor
[THYMELEAF]             * [* {th:replace}] [100]: org.thymeleaf.standard.processor.StandardReplaceTagProcessor
[THYMELEAF]             * [* {th:each}] [200]: com.intuit.karate.template.KarateEachTagProcessor
[THYMELEAF]             * [* {th:switch}] [250]: org.thymeleaf.standard.processor.StandardSwitchTagProcessor
[THYMELEAF]             * [* {th:case}] [275]: org.thymeleaf.standard.processor.StandardCaseTagProcessor
[THYMELEAF]             * [* {th:if}] [300]: org.thymeleaf.standard.processor.StandardIfTagProcessor
[THYMELEAF]             * [* {th:unless}] [400]: org.thymeleaf.standard.processor.StandardUnlessTagProcessor
[THYMELEAF]             * [* {th:object}] [500]: org.thymeleaf.standard.processor.StandardObjectTagProcessor
[THYMELEAF]             * [* {th:with}] [600]: com.intuit.karate.template.KarateWithTagProcessor
[THYMELEAF]             * [* {th:inline}] [1000]: org.thymeleaf.standard.processor.StandardInlineTextualTagProcessor
[THYMELEAF]             * [* {th:text}] [1300]: org.thymeleaf.standard.processor.StandardTextTagProcessor
[THYMELEAF]             * [* {th:utext}] [1400]: org.thymeleaf.standard.processor.StandardUtextTagProcessor
[THYMELEAF]             * [* {th:assert}] [1550]: org.thymeleaf.standard.processor.StandardAssertTagProcessor
[THYMELEAF]             * [* {th:remove}] [1600]: org.thymeleaf.standard.processor.StandardRemoveTagProcessor
[THYMELEAF]             * [* 100000] [org.thymeleaf.standard.processor.StandardBlockTagProcessor]: {}
[THYMELEAF]             * [{th:block} *] [100000]: org.thymeleaf.standard.processor.StandardBlockTagProcessor
[THYMELEAF]         * Text Processors by [precedence]:
[THYMELEAF]             * [1000]: org.thymeleaf.standard.processor.StandardInliningTextProcessor
[THYMELEAF]     * Expression Objects:
[THYMELEAF]         * #ctx
[THYMELEAF]         * #root
[THYMELEAF]         * #vars
[THYMELEAF]         * #object
[THYMELEAF]         * #locale
[THYMELEAF]         * #conversions
[THYMELEAF]         * #uris
[THYMELEAF]         * #temporals
[THYMELEAF]         * #calendars
[THYMELEAF]         * #dates
[THYMELEAF]         * #bools
[THYMELEAF]         * #numbers
[THYMELEAF]         * #objects
[THYMELEAF]         * #strings
[THYMELEAF]         * #arrays
[THYMELEAF]         * #lists
[THYMELEAF]         * #sets
[THYMELEAF]         * #maps
[THYMELEAF]         * #aggregates
[THYMELEAF]         * #messages
[THYMELEAF]         * #ids
[THYMELEAF]         * #execInfo
[THYMELEAF]         * #request
[THYMELEAF]         * #response
[THYMELEAF]         * #session
[THYMELEAF]         * #servletContext
[THYMELEAF]     * Execution Attributes:
[THYMELEAF]         * "StandardExpressionParser": com.intuit.karate.template.KarateStandardDialect@ff2451f
[THYMELEAF]         * "StandardJavaScriptSerializer": org.thymeleaf.standard.serializer.StandardJavaScriptSerializer@3f26a5e4
[THYMELEAF]         * "StandardCSSSerializer": org.thymeleaf.standard.serializer.StandardCSSSerializer@3bfac81
[THYMELEAF]         * "StandardVariableExpressionEvaluator": com.intuit.karate.template.KarateStandardDialect@ff2451f
[THYMELEAF]         * "StandardConversionService": org.thymeleaf.standard.expression.StandardConversionService@6b0c93a7
[THYMELEAF] * Dialect [2 of 2]: karate (com.intuit.karate.template.KarateScriptDialect)
[THYMELEAF]     * Prefix: "ka"
[THYMELEAF]     * Processors for Template Mode: HTML
[THYMELEAF]         * Element Tag Processors by [matching element and attribute name] [precedence]:
[THYMELEAF]             * [* {src}] [1000]: com.intuit.karate.template.KaScriptAttrProcessor
[THYMELEAF]         * Element Model Processors by [matching element and attribute name] [precedence]:
[THYMELEAF]             * [{script} {ka:scope,data-ka-scope}] [1000]: com.intuit.karate.template.KaScriptElemProcessor
[THYMELEAF]             * [* {ka:set,data-ka-set}] [1000]: com.intuit.karate.template.KaSetElemProcessor
[THYMELEAF] TEMPLATE ENGINE CONFIGURED OK
22:57:44.078 [pool-3-thread-1] DEBUG org.thymeleaf.TemplateEngine -- [THYMELEAF] TEMPLATE ENGINE INITIALIZED
---------------------------------------------------------
feature: classpath:features/performance/login-performance-concurrent.feature
scenarios: 100 | passed: 69 | failed: 31 | time: 1150.7896
---------------------------------------------------------

22:57:45.513 [pool-3-thread-1] INFO com.intuit.karate.Suite -- <<fail>> feature 1 of 1 (0 remaining) classpath:features/performance/login-performance-concurrent.feature
Karate version: 1.4.1
======================================================
elapsed:  19.79 | threads:  100 | thread time: 1150.79 
features:     1 | skipped:    0 | efficiency: 0.58
scenarios:  100 | passed:    69 | failed: 31
======================================================
>>> failed features:
status code was: 500, expected: 200, response time in milliseconds: 13715, url: http://localhost:3000/auth/login, response: 
{"success":false,"statusCode":500,"message":"\nInvalid `this.prisma.user.update()` invocation in\nD:\\Documents\\Workspace\\react_native\\roamly_backend\\src\\modules\\auth\\auth.service.ts:119:28\n\n  116 const refreshToken = crypto.randomBytes(32).toString('hex');\n  117 \n  118 // Update user with new refresh token\n→ 119 await this.prisma.user.update(\nTransaction failed due to a write conflict or a deadlock. Please retry your transaction","path":"/auth/login","timestamp":"2025-06-22T15:57:42.933Z"}
classpath:features/performance/login-performance-concurrent.feature:13
status code was: 500, expected: 200, response time in milliseconds: 14525, url: http://localhost:3000/auth/login, response: 
{"success":false,"statusCode":500,"message":"\nInvalid `this.prisma.user.update()` invocation in\nD:\\Documents\\Workspace\\react_native\\roamly_backend\\src\\modules\\auth\\auth.service.ts:119:28\n\n  116 const refreshToken = crypto.randomBytes(32).toString('hex');\n  117 \n  118 // Update user with new refresh token\n→ 119 await this.prisma.user.update(\nTransaction failed due to a write conflict or a deadlock. Please retry your transaction","path":"/auth/login","timestamp":"2025-06-22T15:57:43.745Z"}
classpath:features/performance/login-performance-concurrent.feature:13
status code was: 500, expected: 200, response time in milliseconds: 13666, url: http://localhost:3000/auth/login, response: 
{"success":false,"statusCode":500,"message":"\nInvalid `this.prisma.user.update()` invocation in\nD:\\Documents\\Workspace\\react_native\\roamly_backend\\src\\modules\\auth\\auth.service.ts:119:28\n\n  116 const refreshToken = crypto.randomBytes(32).toString('hex');\n  117 \n  118 // Update user with new refresh token\n→ 119 await this.prisma.user.update(\nTransaction failed due to a write conflict or a deadlock. Please retry your transaction","path":"/auth/login","timestamp":"2025-06-22T15:57:42.872Z"}
classpath:features/performance/login-performance-concurrent.feature:13
status code was: 500, expected: 200, response time in milliseconds: 13613, url: http://localhost:3000/auth/login, response: 
{"success":false,"statusCode":500,"message":"\nInvalid `this.prisma.user.update()` invocation in\nD:\\Documents\\Workspace\\react_native\\roamly_backend\\src\\modules\\auth\\auth.service.ts:119:28\n\n  116 const refreshToken = crypto.randomBytes(32).toString('hex');\n  117 \n  118 // Update user with new refresh token\n→ 119 await this.prisma.user.update(\nTransaction failed due to a write conflict or a deadlock. Please retry your transaction","path":"/auth/login","timestamp":"2025-06-22T15:57:42.817Z"}
classpath:features/performance/login-performance-concurrent.feature:13
status code was: 500, expected: 200, response time in milliseconds: 14533, url: http://localhost:3000/auth/login, response: 
{"success":false,"statusCode":500,"message":"\nInvalid `this.prisma.user.update()` invocation in\nD:\\Documents\\Workspace\\react_native\\roamly_backend\\src\\modules\\auth\\auth.service.ts:119:28\n\n  116 const refreshToken = crypto.randomBytes(32).toString('hex');\n  117 \n  118 // Update user with new refresh token\n→ 119 await this.prisma.user.update(\nTransaction failed due to a write conflict or a deadlock. Please retry your transaction","path":"/auth/login","timestamp":"2025-06-22T15:57:43.752Z"}
classpath:features/performance/login-performance-concurrent.feature:13
status code was: 500, expected: 200, response time in milliseconds: 13628, url: http://localhost:3000/auth/login, response: 
{"success":false,"statusCode":500,"message":"\nInvalid `this.prisma.user.update()` invocation in\nD:\\Documents\\Workspace\\react_native\\roamly_backend\\src\\modules\\auth\\auth.service.ts:119:28\n\n  116 const refreshToken = crypto.randomBytes(32).toString('hex');\n  117 \n  118 // Update user with new refresh token\n→ 119 await this.prisma.user.update(\nTransaction failed due to a write conflict or a deadlock. Please retry your transaction","path":"/auth/login","timestamp":"2025-06-22T15:57:42.845Z"}
classpath:features/performance/login-performance-concurrent.feature:13
status code was: 500, expected: 200, response time in milliseconds: 13684, url: http://localhost:3000/auth/login, response: 
{"success":false,"statusCode":500,"message":"\nInvalid `this.prisma.user.update()` invocation in\nD:\\Documents\\Workspace\\react_native\\roamly_backend\\src\\modules\\auth\\auth.service.ts:119:28\n\n  116 const refreshToken = crypto.randomBytes(32).toString('hex');\n  117 \n  118 // Update user with new refresh token\n→ 119 await this.prisma.user.update(\nTransaction failed due to a write conflict or a deadlock. Please retry your transaction","path":"/auth/login","timestamp":"2025-06-22T15:57:42.890Z"}
classpath:features/performance/login-performance-concurrent.feature:13
status code was: 500, expected: 200, response time in milliseconds: 13714, url: http://localhost:3000/auth/login, response: 
{"success":false,"statusCode":500,"message":"\nInvalid `this.prisma.user.update()` invocation in\nD:\\Documents\\Workspace\\react_native\\roamly_backend\\src\\modules\\auth\\auth.service.ts:119:28\n\n  116 const refreshToken = crypto.randomBytes(32).toString('hex');\n  117 \n  118 // Update user with new refresh token\n→ 119 await this.prisma.user.update(\nTransaction failed due to a write conflict or a deadlock. Please retry your transaction","path":"/auth/login","timestamp":"2025-06-22T15:57:42.918Z"}
classpath:features/performance/login-performance-concurrent.feature:13
status code was: 500, expected: 200, response time in milliseconds: 13624, url: http://localhost:3000/auth/login, response: 
{"success":false,"statusCode":500,"message":"\nInvalid `this.prisma.user.update()` invocation in\nD:\\Documents\\Workspace\\react_native\\roamly_backend\\src\\modules\\auth\\auth.service.ts:119:28\n\n  116 const refreshToken = crypto.randomBytes(32).toString('hex');\n  117 \n  118 // Update user with new refresh token\n→ 119 await this.prisma.user.update(\nTransaction failed due to a write conflict or a deadlock. Please retry your transaction","path":"/auth/login","timestamp":"2025-06-22T15:57:42.830Z"}
classpath:features/performance/login-performance-concurrent.feature:13
status code was: 500, expected: 200, response time in milliseconds: 13690, url: http://localhost:3000/auth/login, response: 
{"success":false,"statusCode":500,"message":"\nInvalid `this.prisma.user.update()` invocation in\nD:\\Documents\\Workspace\\react_native\\roamly_backend\\src\\modules\\auth\\auth.service.ts:119:28\n\n  116 const refreshToken = crypto.randomBytes(32).toString('hex');\n  117 \n  118 // Update user with new refresh token\n→ 119 await this.prisma.user.update(\nTransaction failed due to a write conflict or a deadlock. Please retry your transaction","path":"/auth/login","timestamp":"2025-06-22T15:57:42.907Z"}
classpath:features/performance/login-performance-concurrent.feature:13
status code was: 500, expected: 200, response time in milliseconds: 13584, url: http://localhost:3000/auth/login, response: 
{"success":false,"statusCode":500,"message":"\nInvalid `this.prisma.user.update()` invocation in\nD:\\Documents\\Workspace\\react_native\\roamly_backend\\src\\modules\\auth\\auth.service.ts:119:28\n\n  116 const refreshToken = crypto.randomBytes(32).toString('hex');\n  117 \n  118 // Update user with new refresh token\n→ 119 await this.prisma.user.update(\nTransaction failed due to a write conflict or a deadlock. Please retry your transaction","path":"/auth/login","timestamp":"2025-06-22T15:57:42.787Z"}
classpath:features/performance/login-performance-concurrent.feature:13
status code was: 500, expected: 200, response time in milliseconds: 14539, url: http://localhost:3000/auth/login, response: 
{"success":false,"statusCode":500,"message":"\nInvalid `this.prisma.user.update()` invocation in\nD:\\Documents\\Workspace\\react_native\\roamly_backend\\src\\modules\\auth\\auth.service.ts:119:28\n\n  116 const refreshToken = crypto.randomBytes(32).toString('hex');\n  117 \n  118 // Update user with new refresh token\n→ 119 await this.prisma.user.update(\nTransaction failed due to a write conflict or a deadlock. Please retry your transaction","path":"/auth/login","timestamp":"2025-06-22T15:57:43.746Z"}
classpath:features/performance/login-performance-concurrent.feature:13
status code was: 500, expected: 200, response time in milliseconds: 13672, url: http://localhost:3000/auth/login, response: 
{"success":false,"statusCode":500,"message":"\nInvalid `this.prisma.user.update()` invocation in\nD:\\Documents\\Workspace\\react_native\\roamly_backend\\src\\modules\\auth\\auth.service.ts:119:28\n\n  116 const refreshToken = crypto.randomBytes(32).toString('hex');\n  117 \n  118 // Update user with new refresh token\n→ 119 await this.prisma.user.update(\nTransaction failed due to a write conflict or a deadlock. Please retry your transaction","path":"/auth/login","timestamp":"2025-06-22T15:57:42.879Z"}
classpath:features/performance/login-performance-concurrent.feature:13
status code was: 500, expected: 200, response time in milliseconds: 13698, url: http://localhost:3000/auth/login, response: 
{"success":false,"statusCode":500,"message":"\nInvalid `this.prisma.user.update()` invocation in\nD:\\Documents\\Workspace\\react_native\\roamly_backend\\src\\modules\\auth\\auth.service.ts:119:28\n\n  116 const refreshToken = crypto.randomBytes(32).toString('hex');\n  117 \n  118 // Update user with new refresh token\n→ 119 await this.prisma.user.update(\nTransaction failed due to a write conflict or a deadlock. Please retry your transaction","path":"/auth/login","timestamp":"2025-06-22T15:57:42.920Z"}
classpath:features/performance/login-performance-concurrent.feature:13
status code was: 500, expected: 200, response time in milliseconds: 14509, url: http://localhost:3000/auth/login, response: 
{"success":false,"statusCode":500,"message":"\nInvalid `this.prisma.user.update()` invocation in\nD:\\Documents\\Workspace\\react_native\\roamly_backend\\src\\modules\\auth\\auth.service.ts:119:28\n\n  116 const refreshToken = crypto.randomBytes(32).toString('hex');\n  117 \n  118 // Update user with new refresh token\n→ 119 await this.prisma.user.update(\nTransaction failed due to a write conflict or a deadlock. Please retry your transaction","path":"/auth/login","timestamp":"2025-06-22T15:57:43.713Z"}
classpath:features/performance/login-performance-concurrent.feature:13
status code was: 500, expected: 200, response time in milliseconds: 13654, url: http://localhost:3000/auth/login, response: 
{"success":false,"statusCode":500,"message":"\nInvalid `this.prisma.user.update()` invocation in\nD:\\Documents\\Workspace\\react_native\\roamly_backend\\src\\modules\\auth\\auth.service.ts:119:28\n\n  116 const refreshToken = crypto.randomBytes(32).toString('hex');\n  117 \n  118 // Update user with new refresh token\n→ 119 await this.prisma.user.update(\nTransaction failed due to a write conflict or a deadlock. Please retry your transaction","path":"/auth/login","timestamp":"2025-06-22T15:57:42.873Z"}
classpath:features/performance/login-performance-concurrent.feature:13
status code was: 500, expected: 200, response time in milliseconds: 14452, url: http://localhost:3000/auth/login, response: 
{"success":false,"statusCode":500,"message":"\nInvalid `this.prisma.user.update()` invocation in\nD:\\Documents\\Workspace\\react_native\\roamly_backend\\src\\modules\\auth\\auth.service.ts:119:28\n\n  116 const refreshToken = crypto.randomBytes(32).toString('hex');\n  117 \n  118 // Update user with new refresh token\n→ 119 await this.prisma.user.update(\nTransaction failed due to a write conflict or a deadlock. Please retry your transaction","path":"/auth/login","timestamp":"2025-06-22T15:57:43.669Z"}
classpath:features/performance/login-performance-concurrent.feature:13
status code was: 500, expected: 200, response time in milliseconds: 13598, url: http://localhost:3000/auth/login, response: 
{"success":false,"statusCode":500,"message":"\nInvalid `this.prisma.user.update()` invocation in\nD:\\Documents\\Workspace\\react_native\\roamly_backend\\src\\modules\\auth\\auth.service.ts:119:28\n\n  116 const refreshToken = crypto.randomBytes(32).toString('hex');\n  117 \n  118 // Update user with new refresh token\n→ 119 await this.prisma.user.update(\nTransaction failed due to a write conflict or a deadlock. Please retry your transaction","path":"/auth/login","timestamp":"2025-06-22T15:57:42.816Z"}
classpath:features/performance/login-performance-concurrent.feature:13
status code was: 500, expected: 200, response time in milliseconds: 13729, url: http://localhost:3000/auth/login, response: 
{"success":false,"statusCode":500,"message":"\nInvalid `this.prisma.user.update()` invocation in\nD:\\Documents\\Workspace\\react_native\\roamly_backend\\src\\modules\\auth\\auth.service.ts:119:28\n\n  116 const refreshToken = crypto.randomBytes(32).toString('hex');\n  117 \n  118 // Update user with new refresh token\n→ 119 await this.prisma.user.update(\nTransaction failed due to a write conflict or a deadlock. Please retry your transaction","path":"/auth/login","timestamp":"2025-06-22T15:57:42.947Z"}
classpath:features/performance/login-performance-concurrent.feature:13
status code was: 500, expected: 200, response time in milliseconds: 13681, url: http://localhost:3000/auth/login, response: 
{"success":false,"statusCode":500,"message":"\nInvalid `this.prisma.user.update()` invocation in\nD:\\Documents\\Workspace\\react_native\\roamly_backend\\src\\modules\\auth\\auth.service.ts:119:28\n\n  116 const refreshToken = crypto.randomBytes(32).toString('hex');\n  117 \n  118 // Update user with new refresh token\n→ 119 await this.prisma.user.update(\nTransaction failed due to a write conflict or a deadlock. Please retry your transaction","path":"/auth/login","timestamp":"2025-06-22T15:57:42.901Z"}
classpath:features/performance/login-performance-concurrent.feature:13
status code was: 500, expected: 200, response time in milliseconds: 14520, url: http://localhost:3000/auth/login, response: 
{"success":false,"statusCode":500,"message":"\nInvalid `this.prisma.user.update()` invocation in\nD:\\Documents\\Workspace\\react_native\\roamly_backend\\src\\modules\\auth\\auth.service.ts:119:28\n\n  116 const refreshToken = crypto.randomBytes(32).toString('hex');\n  117 \n  118 // Update user with new refresh token\n→ 119 await this.prisma.user.update(\nTransaction failed due to a write conflict or a deadlock. Please retry your transaction","path":"/auth/login","timestamp":"2025-06-22T15:57:43.725Z"}
classpath:features/performance/login-performance-concurrent.feature:13
status code was: 500, expected: 200, response time in milliseconds: 13634, url: http://localhost:3000/auth/login, response: 
{"success":false,"statusCode":500,"message":"\nInvalid `this.prisma.user.update()` invocation in\nD:\\Documents\\Workspace\\react_native\\roamly_backend\\src\\modules\\auth\\auth.service.ts:119:28\n\n  116 const refreshToken = crypto.randomBytes(32).toString('hex');\n  117 \n  118 // Update user with new refresh token\n→ 119 await this.prisma.user.update(\nTransaction failed due to a write conflict or a deadlock. Please retry your transaction","path":"/auth/login","timestamp":"2025-06-22T15:57:42.851Z"}
classpath:features/performance/login-performance-concurrent.feature:13
status code was: 500, expected: 200, response time in milliseconds: 13689, url: http://localhost:3000/auth/login, response: 
{"success":false,"statusCode":500,"message":"\nInvalid `this.prisma.user.update()` invocation in\nD:\\Documents\\Workspace\\react_native\\roamly_backend\\src\\modules\\auth\\auth.service.ts:119:28\n\n  116 const refreshToken = crypto.randomBytes(32).toString('hex');\n  117 \n  118 // Update user with new refresh token\n→ 119 await this.prisma.user.update(\nTransaction failed due to a write conflict or a deadlock. Please retry your transaction","path":"/auth/login","timestamp":"2025-06-22T15:57:42.908Z"}
classpath:features/performance/login-performance-concurrent.feature:13
status code was: 500, expected: 200, response time in milliseconds: 14550, url: http://localhost:3000/auth/login, response: 
{"success":false,"statusCode":500,"message":"\nInvalid `this.prisma.user.update()` invocation in\nD:\\Documents\\Workspace\\react_native\\roamly_backend\\src\\modules\\auth\\auth.service.ts:119:28\n\n  116 const refreshToken = crypto.randomBytes(32).toString('hex');\n  117 \n  118 // Update user with new refresh token\n→ 119 await this.prisma.user.update(\nTransaction failed due to a write conflict or a deadlock. Please retry your transaction","path":"/auth/login","timestamp":"2025-06-22T15:57:43.754Z"}
classpath:features/performance/login-performance-concurrent.feature:13
status code was: 500, expected: 200, response time in milliseconds: 13678, url: http://localhost:3000/auth/login, response: 
{"success":false,"statusCode":500,"message":"\nInvalid `this.prisma.user.update()` invocation in\nD:\\Documents\\Workspace\\react_native\\roamly_backend\\src\\modules\\auth\\auth.service.ts:119:28\n\n  116 const refreshToken = crypto.randomBytes(32).toString('hex');\n  117 \n  118 // Update user with new refresh token\n→ 119 await this.prisma.user.update(\nTransaction failed due to a write conflict or a deadlock. Please retry your transaction","path":"/auth/login","timestamp":"2025-06-22T15:57:42.882Z"}
classpath:features/performance/login-performance-concurrent.feature:13
status code was: 500, expected: 200, response time in milliseconds: 13722, url: http://localhost:3000/auth/login, response: 
{"success":false,"statusCode":500,"message":"\nInvalid `this.prisma.user.update()` invocation in\nD:\\Documents\\Workspace\\react_native\\roamly_backend\\src\\modules\\auth\\auth.service.ts:119:28\n\n  116 const refreshToken = crypto.randomBytes(32).toString('hex');\n  117 \n  118 // Update user with new refresh token\n→ 119 await this.prisma.user.update(\nTransaction failed due to a write conflict or a deadlock. Please retry your transaction","path":"/auth/login","timestamp":"2025-06-22T15:57:42.928Z"}
classpath:features/performance/login-performance-concurrent.feature:13
status code was: 500, expected: 200, response time in milliseconds: 14507, url: http://localhost:3000/auth/login, response: 
{"success":false,"statusCode":500,"message":"\nInvalid `this.prisma.user.update()` invocation in\nD:\\Documents\\Workspace\\react_native\\roamly_backend\\src\\modules\\auth\\auth.service.ts:119:28\n\n  116 const refreshToken = crypto.randomBytes(32).toString('hex');\n  117 \n  118 // Update user with new refresh token\n→ 119 await this.prisma.user.update(\nTransaction failed due to a write conflict or a deadlock. Please retry your transaction","path":"/auth/login","timestamp":"2025-06-22T15:57:43.727Z"}
classpath:features/performance/login-performance-concurrent.feature:13
status code was: 500, expected: 200, response time in milliseconds: 13706, url: http://localhost:3000/auth/login, response: 
{"success":false,"statusCode":500,"message":"\nInvalid `this.prisma.user.update()` invocation in\nD:\\Documents\\Workspace\\react_native\\roamly_backend\\src\\modules\\auth\\auth.service.ts:119:28\n\n  116 const refreshToken = crypto.randomBytes(32).toString('hex');\n  117 \n  118 // Update user with new refresh token\n→ 119 await this.prisma.user.update(\nTransaction failed due to a write conflict or a deadlock. Please retry your transaction","path":"/auth/login","timestamp":"2025-06-22T15:57:42.923Z"}
classpath:features/performance/login-performance-concurrent.feature:13
status code was: 500, expected: 200, response time in milliseconds: 13663, url: http://localhost:3000/auth/login, response: 
{"success":false,"statusCode":500,"message":"\nInvalid `this.prisma.user.update()` invocation in\nD:\\Documents\\Workspace\\react_native\\roamly_backend\\src\\modules\\auth\\auth.service.ts:119:28\n\n  116 const refreshToken = crypto.randomBytes(32).toString('hex');\n  117 \n  118 // Update user with new refresh token\n→ 119 await this.prisma.user.update(\nTransaction failed due to a write conflict or a deadlock. Please retry your transaction","path":"/auth/login","timestamp":"2025-06-22T15:57:42.867Z"}
classpath:features/performance/login-performance-concurrent.feature:13
status code was: 500, expected: 200, response time in milliseconds: 13615, url: http://localhost:3000/auth/login, response: 
{"success":false,"statusCode":500,"message":"\nInvalid `this.prisma.user.update()` invocation in\nD:\\Documents\\Workspace\\react_native\\roamly_backend\\src\\modules\\auth\\auth.service.ts:119:28\n\n  116 const refreshToken = crypto.randomBytes(32).toString('hex');\n  117 \n  118 // Update user with new refresh token\n→ 119 await this.prisma.user.update(\nTransaction failed due to a write conflict or a deadlock. Please retry your transaction","path":"/auth/login","timestamp":"2025-06-22T15:57:42.819Z"}
classpath:features/performance/login-performance-concurrent.feature:13
status code was: 500, expected: 200, response time in milliseconds: 14487, url: http://localhost:3000/auth/login, response: 
{"success":false,"statusCode":500,"message":"\nInvalid `this.prisma.user.update()` invocation in\nD:\\Documents\\Workspace\\react_native\\roamly_backend\\src\\modules\\auth\\auth.service.ts:119:28\n\n  116 const refreshToken = crypto.randomBytes(32).toString('hex');\n  117 \n  118 // Update user with new refresh token\n→ 119 await this.prisma.user.update(\nTransaction failed due to a write conflict or a deadlock. Please retry your transaction","path":"/auth/login","timestamp":"2025-06-22T15:57:43.707Z"}
classpath:features/performance/login-performance-concurrent.feature:13
<<<
22:57:45.623 [main] DEBUG org.thymeleaf.TemplateEngine -- [THYMELEAF] INITIALIZING TEMPLATE ENGINE
22:57:45.645 [main] DEBUG org.thymeleaf.TemplateEngine.CONFIG -- Initializing Thymeleaf Template engine configuration...
[THYMELEAF] TEMPLATE ENGINE CONFIGURATION:
[THYMELEAF] * Thymeleaf version: 3.1.2.RELEASE (built 2023-07-30T19:25:50+0000)
[THYMELEAF] * Cache Manager implementation: org.thymeleaf.cache.StandardCacheManager
[THYMELEAF] * Template resolvers:
[THYMELEAF]     * [1] com.intuit.karate.template.ResourceHtmlTemplateResolver
[THYMELEAF] * Message resolvers:
[THYMELEAF]     * org.thymeleaf.messageresolver.StandardMessageResolver
[THYMELEAF] * Link builders:
[THYMELEAF]     * org.thymeleaf.linkbuilder.StandardLinkBuilder
[THYMELEAF] * Dialect [1 of 2]: Standard (com.intuit.karate.template.KarateStandardDialect)
[THYMELEAF]     * Prefix: "th"
[THYMELEAF]     * Processors for Template Mode: HTML
[THYMELEAF]         * Element Tag Processors by [matching element and attribute name] [precedence]:
[THYMELEAF]             * [* {th:include,data-th-include}] [100]: org.thymeleaf.standard.processor.StandardIncludeTagProcessor
[THYMELEAF]             * [* {th:insert,data-th-insert}] [100]: org.thymeleaf.standard.processor.StandardInsertTagProcessor
[THYMELEAF]             * [* {th:replace,data-th-replace}] [100]: org.thymeleaf.standard.processor.StandardReplaceTagProcessor
[THYMELEAF]             * [* {th:each,data-th-each}] [200]: com.intuit.karate.template.KarateEachTagProcessor
[THYMELEAF]             * [* {th:switch,data-th-switch}] [250]: org.thymeleaf.standard.processor.StandardSwitchTagProcessor
[THYMELEAF]             * [* {th:case,data-th-case}] [275]: org.thymeleaf.standard.processor.StandardCaseTagProcessor
[THYMELEAF]             * [* {th:if,data-th-if}] [300]: org.thymeleaf.standard.processor.StandardIfTagProcessor
[THYMELEAF]             * [* {th:unless,data-th-unless}] [400]: org.thymeleaf.standard.processor.StandardUnlessTagProcessor
[THYMELEAF]             * [* {th:object,data-th-object}] [500]: org.thymeleaf.standard.processor.StandardObjectTagProcessor
[THYMELEAF]             * [* {th:with,data-th-with}] [600]: com.intuit.karate.template.KarateWithTagProcessor
[THYMELEAF]             * [* {th:attr,data-th-attr}] [700]: com.intuit.karate.template.KarateAttributeTagProcessor.KarateAttrTagProcessor
[THYMELEAF]             * [* {th:attrappend,data-th-attrappend}] [900]: com.intuit.karate.template.KarateAttributeTagProcessor.KarateAttrappendTagProcessor
[THYMELEAF]             * [* {th:attrprepend,data-th-attrprepend}] [900]: com.intuit.karate.template.KarateAttributeTagProcessor.KarateAttrprependTagProcessor
[THYMELEAF]             * [* {th:alt-title,data-th-alt-title}] [990]: org.thymeleaf.standard.processor.StandardAltTitleTagProcessor
[THYMELEAF]             * [* {th:lang-xmllang,data-th-lang-xmllang}] [990]: org.thymeleaf.standard.processor.StandardLangXmlLangTagProcessor
[THYMELEAF]             * [* {th:action,data-th-action}] [1000]: org.thymeleaf.standard.processor.StandardActionTagProcessor
[THYMELEAF]             * [* {th:autofocus,data-th-autofocus}] [1000]: org.thymeleaf.standard.processor.StandardConditionalFixedValueTagProcessor
[THYMELEAF]             * [* {th:open,data-th-open}] [1000]: org.thymeleaf.standard.processor.StandardConditionalFixedValueTagProcessor
[THYMELEAF]             * [* {th:readonly,data-th-readonly}] [1000]: org.thymeleaf.standard.processor.StandardConditionalFixedValueTagProcessor
[THYMELEAF]             * [* {th:defer,data-th-defer}] [1000]: org.thymeleaf.standard.processor.StandardConditionalFixedValueTagProcessor
[THYMELEAF]             * [* {th:ismap,data-th-ismap}] [1000]: org.thymeleaf.standard.processor.StandardConditionalFixedValueTagProcessor
[THYMELEAF]             * [* {th:pubdate,data-th-pubdate}] [1000]: org.thymeleaf.standard.processor.StandardConditionalFixedValueTagProcessor
[THYMELEAF]             * [* {th:async,data-th-async}] [1000]: org.thymeleaf.standard.processor.StandardConditionalFixedValueTagProcessor
[THYMELEAF]             * [* {th:required,data-th-required}] [1000]: org.thymeleaf.standard.processor.StandardConditionalFixedValueTagProcessor
[THYMELEAF]             * [* {th:multiple,data-th-multiple}] [1000]: org.thymeleaf.standard.processor.StandardConditionalFixedValueTagProcessor
[THYMELEAF]             * [* {th:novalidate,data-th-novalidate}] [1000]: org.thymeleaf.standard.processor.StandardConditionalFixedValueTagProcessor
[THYMELEAF]             * [* {th:selected,data-th-selected}] [1000]: org.thymeleaf.standard.processor.StandardConditionalFixedValueTagProcessor
[THYMELEAF]             * [* {th:seamless,data-th-seamless}] [1000]: org.thymeleaf.standard.processor.StandardConditionalFixedValueTagProcessor
[THYMELEAF]             * [* {th:autoplay,data-th-autoplay}] [1000]: org.thymeleaf.standard.processor.StandardConditionalFixedValueTagProcessor
[THYMELEAF]             * [* {th:reversed,data-th-reversed}] [1000]: org.thymeleaf.standard.processor.StandardConditionalFixedValueTagProcessor
[THYMELEAF]             * [* {th:checked,data-th-checked}] [1000]: org.thymeleaf.standard.processor.StandardConditionalFixedValueTagProcessor
[THYMELEAF]             * [* {th:formnovalidate,data-th-formnovalidate}] [1000]: org.thymeleaf.standard.processor.StandardConditionalFixedValueTagProcessor
[THYMELEAF]             * [* {th:loop,data-th-loop}] [1000]: org.thymeleaf.standard.processor.StandardConditionalFixedValueTagProcessor
[THYMELEAF]             * [* {th:controls,data-th-controls}] [1000]: org.thymeleaf.standard.processor.StandardConditionalFixedValueTagProcessor
[THYMELEAF]             * [* {th:scoped,data-th-scoped}] [1000]: org.thymeleaf.standard.processor.StandardConditionalFixedValueTagProcessor
[THYMELEAF]             * [* {th:declare,data-th-declare}] [1000]: org.thymeleaf.standard.processor.StandardConditionalFixedValueTagProcessor
[THYMELEAF]             * [* {th:disabled,data-th-disabled}] [1000]: org.thymeleaf.standard.processor.StandardConditionalFixedValueTagProcessor
[THYMELEAF]             * [* {th:hidden,data-th-hidden}] [1000]: org.thymeleaf.standard.processor.StandardConditionalFixedValueTagProcessor
[THYMELEAF]             * [* {th:default,data-th-default}] [1000]: org.thymeleaf.standard.processor.StandardConditionalFixedValueTagProcessor
[THYMELEAF]             * [* {th:nowrap,data-th-nowrap}] [1000]: org.thymeleaf.standard.processor.StandardConditionalFixedValueTagProcessor
[THYMELEAF]             * [* {th:onbeforeunload,data-th-onbeforeunload}] [1000]: org.thymeleaf.standard.processor.StandardDOMEventAttributeTagProcessor
[THYMELEAF]             * [* {th:oninput,data-th-oninput}] [1000]: org.thymeleaf.standard.processor.StandardDOMEventAttributeTagProcessor
[THYMELEAF]             * [* {th:onended,data-th-onended}] [1000]: org.thymeleaf.standard.processor.StandardDOMEventAttributeTagProcessor
[THYMELEAF]             * [* {th:ontimeupdate,data-th-ontimeupdate}] [1000]: org.thymeleaf.standard.processor.StandardDOMEventAttributeTagProcessor
[THYMELEAF]             * [* {th:onwaiting,data-th-onwaiting}] [1000]: org.thymeleaf.standard.processor.StandardDOMEventAttributeTagProcessor
[THYMELEAF]             * [* {th:onsubmit,data-th-onsubmit}] [1000]: org.thymeleaf.standard.processor.StandardDOMEventAttributeTagProcessor
[THYMELEAF]             * [* {th:onmessage,data-th-onmessage}] [1000]: org.thymeleaf.standard.processor.StandardDOMEventAttributeTagProcessor
[THYMELEAF]             * [* {th:onemptied,data-th-onemptied}] [1000]: org.thymeleaf.standard.processor.StandardDOMEventAttributeTagProcessor
[THYMELEAF]             * [* {th:onseeking,data-th-onseeking}] [1000]: org.thymeleaf.standard.processor.StandardDOMEventAttributeTagProcessor
[THYMELEAF]             * [* {th:onbeforeprint,data-th-onbeforeprint}] [1000]: org.thymeleaf.standard.processor.StandardDOMEventAttributeTagProcessor
[THYMELEAF]             * [* {th:oninvalid,data-th-oninvalid}] [1000]: org.thymeleaf.standard.processor.StandardDOMEventAttributeTagProcessor
[THYMELEAF]             * [* {th:onloadedmetadata,data-th-onloadedmetadata}] [1000]: org.thymeleaf.standard.processor.StandardDOMEventAttributeTagProcessor
[THYMELEAF]             * [* {th:onkeydown,data-th-onkeydown}] [1000]: org.thymeleaf.standard.processor.StandardDOMEventAttributeTagProcessor
[THYMELEAF]             * [* {th:ondblclick,data-th-ondblclick}] [1000]: org.thymeleaf.standard.processor.StandardDOMEventAttributeTagProcessor
[THYMELEAF]             * [* {th:onkeypress,data-th-onkeypress}] [1000]: org.thymeleaf.standard.processor.StandardDOMEventAttributeTagProcessor
[THYMELEAF]             * [* {th:ondragstart,data-th-ondragstart}] [1000]: org.thymeleaf.standard.processor.StandardDOMEventAttributeTagProcessor
[THYMELEAF]             * [* {th:onafterprint,data-th-onafterprint}] [1000]: org.thymeleaf.standard.processor.StandardDOMEventAttributeTagProcessor
[THYMELEAF]             * [* {th:oncanplaythrough,data-th-oncanplaythrough}] [1000]: org.thymeleaf.standard.processor.StandardDOMEventAttributeTagProcessor
[THYMELEAF]             * [* {th:onselect,data-th-onselect}] [1000]: org.thymeleaf.standard.processor.StandardDOMEventAttributeTagProcessor
[THYMELEAF]             * [* {th:onchange,data-th-onchange}] [1000]: org.thymeleaf.standard.processor.StandardDOMEventAttributeTagProcessor
[THYMELEAF]             * [* {th:onreset,data-th-onreset}] [1000]: org.thymeleaf.standard.processor.StandardDOMEventAttributeTagProcessor
[THYMELEAF]             * [* {th:ondragend,data-th-ondragend}] [1000]: org.thymeleaf.standard.processor.StandardDOMEventAttributeTagProcessor
[THYMELEAF]             * [* {th:onmousemove,data-th-onmousemove}] [1000]: org.thymeleaf.standard.processor.StandardDOMEventAttributeTagProcessor
[THYMELEAF]             * [* {th:onvolumechange,data-th-onvolumechange}] [1000]: org.thymeleaf.standard.processor.StandardDOMEventAttributeTagProcessor
[THYMELEAF]             * [* {th:onmouseover,data-th-onmouseover}] [1000]: org.thymeleaf.standard.processor.StandardDOMEventAttributeTagProcessor
[THYMELEAF]             * [* {th:onloadstart,data-th-onloadstart}] [1000]: org.thymeleaf.standard.processor.StandardDOMEventAttributeTagProcessor
[THYMELEAF]             * [* {th:onstorage,data-th-onstorage}] [1000]: org.thymeleaf.standard.processor.StandardDOMEventAttributeTagProcessor
[THYMELEAF]             * [* {th:onforminput,data-th-onforminput}] [1000]: org.thymeleaf.standard.processor.StandardDOMEventAttributeTagProcessor
[THYMELEAF]             * [* {th:onkeyup,data-th-onkeyup}] [1000]: org.thymeleaf.standard.processor.StandardDOMEventAttributeTagProcessor
[THYMELEAF]             * [* {th:onpause,data-th-onpause}] [1000]: org.thymeleaf.standard.processor.StandardDOMEventAttributeTagProcessor
[THYMELEAF]             * [* {th:onratechange,data-th-onratechange}] [1000]: org.thymeleaf.standard.processor.StandardDOMEventAttributeTagProcessor
[THYMELEAF]             * [* {th:oncanplay,data-th-oncanplay}] [1000]: org.thymeleaf.standard.processor.StandardDOMEventAttributeTagProcessor
[THYMELEAF]             * [* {th:onshow,data-th-onshow}] [1000]: org.thymeleaf.standard.processor.StandardDOMEventAttributeTagProcessor
[THYMELEAF]             * [* {th:onhashchange,data-th-onhashchange}] [1000]: org.thymeleaf.standard.processor.StandardDOMEventAttributeTagProcessor
[THYMELEAF]             * [* {th:onresize,data-th-onresize}] [1000]: org.thymeleaf.standard.processor.StandardDOMEventAttributeTagProcessor
[THYMELEAF]             * [* {th:onmousewheel,data-th-onmousewheel}] [1000]: org.thymeleaf.standard.processor.StandardDOMEventAttributeTagProcessor
[THYMELEAF]             * [* {th:onblur,data-th-onblur}] [1000]: org.thymeleaf.standard.processor.StandardDOMEventAttributeTagProcessor
[THYMELEAF]             * [* {th:onsuspend,data-th-onsuspend}] [1000]: org.thymeleaf.standard.processor.StandardDOMEventAttributeTagProcessor
[THYMELEAF]             * [* {th:onloadeddata,data-th-onloadeddata}] [1000]: org.thymeleaf.standard.processor.StandardDOMEventAttributeTagProcessor
[THYMELEAF]             * [* {th:onpopstate,data-th-onpopstate}] [1000]: org.thymeleaf.standard.processor.StandardDOMEventAttributeTagProcessor
[THYMELEAF]             * [* {th:onload,data-th-onload}] [1000]: org.thymeleaf.standard.processor.StandardDOMEventAttributeTagProcessor
[THYMELEAF]             * [* {th:ondragenter,data-th-ondragenter}] [1000]: org.thymeleaf.standard.processor.StandardDOMEventAttributeTagProcessor
[THYMELEAF]             * [* {th:ondrop,data-th-ondrop}] [1000]: org.thymeleaf.standard.processor.StandardDOMEventAttributeTagProcessor
[THYMELEAF]             * [* {th:onerror,data-th-onerror}] [1000]: org.thymeleaf.standard.processor.StandardDOMEventAttributeTagProcessor
[THYMELEAF]             * [* {th:onstalled,data-th-onstalled}] [1000]: org.thymeleaf.standard.processor.StandardDOMEventAttributeTagProcessor
[THYMELEAF]             * [* {th:onundo,data-th-onundo}] [1000]: org.thymeleaf.standard.processor.StandardDOMEventAttributeTagProcessor
[THYMELEAF]             * [* {th:onredo,data-th-onredo}] [1000]: org.thymeleaf.standard.processor.StandardDOMEventAttributeTagProcessor
[THYMELEAF]             * [* {th:onclick,data-th-onclick}] [1000]: org.thymeleaf.standard.processor.StandardDOMEventAttributeTagProcessor
[THYMELEAF]             * [* {th:onmousedown,data-th-onmousedown}] [1000]: org.thymeleaf.standard.processor.StandardDOMEventAttributeTagProcessor
[THYMELEAF]             * [* {th:onunload,data-th-onunload}] [1000]: org.thymeleaf.standard.processor.StandardDOMEventAttributeTagProcessor
[THYMELEAF]             * [* {th:onmouseup,data-th-onmouseup}] [1000]: org.thymeleaf.standard.processor.StandardDOMEventAttributeTagProcessor
[THYMELEAF]             * [* {th:onformchange,data-th-onformchange}] [1000]: org.thymeleaf.standard.processor.StandardDOMEventAttributeTagProcessor
[THYMELEAF]             * [* {th:onplay,data-th-onplay}] [1000]: org.thymeleaf.standard.processor.StandardDOMEventAttributeTagProcessor
[THYMELEAF]             * [* {th:onscroll,data-th-onscroll}] [1000]: org.thymeleaf.standard.processor.StandardDOMEventAttributeTagProcessor
[THYMELEAF]             * [* {th:ondragover,data-th-ondragover}] [1000]: org.thymeleaf.standard.processor.StandardDOMEventAttributeTagProcessor
[THYMELEAF]             * [* {th:onoffline,data-th-onoffline}] [1000]: org.thymeleaf.standard.processor.StandardDOMEventAttributeTagProcessor
[THYMELEAF]             * [* {th:onplaying,data-th-onplaying}] [1000]: org.thymeleaf.standard.processor.StandardDOMEventAttributeTagProcessor
[THYMELEAF]             * [* {th:onfocus,data-th-onfocus}] [1000]: org.thymeleaf.standard.processor.StandardDOMEventAttributeTagProcessor
[THYMELEAF]             * [* {th:onreadystatechange,data-th-onreadystatechange}] [1000]: org.thymeleaf.standard.processor.StandardDOMEventAttributeTagProcessor
[THYMELEAF]             * [* {th:ondragleave,data-th-ondragleave}] [1000]: org.thymeleaf.standard.processor.StandardDOMEventAttributeTagProcessor
[THYMELEAF]             * [* {th:oncontextmenu,data-th-oncontextmenu}] [1000]: org.thymeleaf.standard.processor.StandardDOMEventAttributeTagProcessor
[THYMELEAF]             * [* {th:ononline,data-th-ononline}] [1000]: org.thymeleaf.standard.processor.StandardDOMEventAttributeTagProcessor
[THYMELEAF]             * [* {th:onprogress,data-th-onprogress}] [1000]: org.thymeleaf.standard.processor.StandardDOMEventAttributeTagProcessor
[THYMELEAF]             * [* {th:onseeked,data-th-onseeked}] [1000]: org.thymeleaf.standard.processor.StandardDOMEventAttributeTagProcessor
[THYMELEAF]             * [* {th:ondurationchange,data-th-ondurationchange}] [1000]: org.thymeleaf.standard.processor.StandardDOMEventAttributeTagProcessor
[THYMELEAF]             * [* {th:onmouseout,data-th-onmouseout}] [1000]: org.thymeleaf.standard.processor.StandardDOMEventAttributeTagProcessor
[THYMELEAF]             * [* {th:ondrag,data-th-ondrag}] [1000]: org.thymeleaf.standard.processor.StandardDOMEventAttributeTagProcessor
[THYMELEAF]             * [* {th:onabort,data-th-onabort}] [1000]: org.thymeleaf.standard.processor.StandardDOMEventAttributeTagProcessor
[THYMELEAF]             * [* {th:href,data-th-href}] [1000]: org.thymeleaf.standard.processor.StandardHrefTagProcessor
[THYMELEAF]             * [* {th:inline,data-th-inline}] [1000]: org.thymeleaf.standard.processor.StandardInlineHTMLTagProcessor
[THYMELEAF]             * [* {th:method,data-th-method}] [1000]: org.thymeleaf.standard.processor.StandardMethodTagProcessor
[THYMELEAF]             * [* {th:name,data-th-name}] [1000]: org.thymeleaf.standard.processor.StandardNonRemovableAttributeTagProcessor
[THYMELEAF]             * [* {th:type,data-th-type}] [1000]: org.thymeleaf.standard.processor.StandardNonRemovableAttributeTagProcessor
[THYMELEAF]             * [* {th:step,data-th-step}] [1000]: org.thymeleaf.standard.processor.StandardRemovableAttributeTagProcessor
[THYMELEAF]             * [* {th:sandbox,data-th-sandbox}] [1000]: org.thymeleaf.standard.processor.StandardRemovableAttributeTagProcessor
[THYMELEAF]             * [* {th:scope,data-th-scope}] [1000]: org.thymeleaf.standard.processor.StandardRemovableAttributeTagProcessor
[THYMELEAF]             * [* {th:longdesc,data-th-longdesc}] [1000]: org.thymeleaf.standard.processor.StandardRemovableAttributeTagProcessor
[THYMELEAF]             * [* {th:headers,data-th-headers}] [1000]: org.thymeleaf.standard.processor.StandardRemovableAttributeTagProcessor
[THYMELEAF]             * [* {th:manifest,data-th-manifest}] [1000]: org.thymeleaf.standard.processor.StandardRemovableAttributeTagProcessor
[THYMELEAF]             * [* {th:form,data-th-form}] [1000]: org.thymeleaf.standard.processor.StandardRemovableAttributeTagProcessor
[THYMELEAF]             * [* {th:cellspacing,data-th-cellspacing}] [1000]: org.thymeleaf.standard.processor.StandardRemovableAttributeTagProcessor
[THYMELEAF]             * [* {th:codetype,data-th-codetype}] [1000]: org.thymeleaf.standard.processor.StandardRemovableAttributeTagProcessor
[THYMELEAF]             * [* {th:optimum,data-th-optimum}] [1000]: org.thymeleaf.standard.processor.StandardRemovableAttributeTagProcessor
[THYMELEAF]             * [* {th:frame,data-th-frame}] [1000]: org.thymeleaf.standard.processor.StandardRemovableAttributeTagProcessor
[THYMELEAF]             * [* {th:archive,data-th-archive}] [1000]: org.thymeleaf.standard.processor.StandardRemovableAttributeTagProcessor
[THYMELEAF]             * [* {th:high,data-th-high}] [1000]: org.thymeleaf.standard.processor.StandardRemovableAttributeTagProcessor
[THYMELEAF]             * [* {th:usemap,data-th-usemap}] [1000]: org.thymeleaf.standard.processor.StandardRemovableAttributeTagProcessor
[THYMELEAF]             * [* {th:rules,data-th-rules}] [1000]: org.thymeleaf.standard.processor.StandardRemovableAttributeTagProcessor
[THYMELEAF]             * [* {th:pattern,data-th-pattern}] [1000]: org.thymeleaf.standard.processor.StandardRemovableAttributeTagProcessor
[THYMELEAF]             * [* {th:start,data-th-start}] [1000]: org.thymeleaf.standard.processor.StandardRemovableAttributeTagProcessor
[THYMELEAF]             * [* {th:frameborder,data-th-frameborder}] [1000]: org.thymeleaf.standard.processor.StandardRemovableAttributeTagProcessor
[THYMELEAF]             * [* {th:title,data-th-title}] [1000]: org.thymeleaf.standard.processor.StandardRemovableAttributeTagProcessor
[THYMELEAF]             * [* {th:accept,data-th-accept}] [1000]: org.thymeleaf.standard.processor.StandardRemovableAttributeTagProcessor
[THYMELEAF]             * [* {th:dir,data-th-dir}] [1000]: org.thymeleaf.standard.processor.StandardRemovableAttributeTagProcessor
[THYMELEAF]             * [* {th:rows,data-th-rows}] [1000]: org.thymeleaf.standard.processor.StandardRemovableAttributeTagProcessor
[THYMELEAF]             * [* {th:border,data-th-border}] [1000]: org.thymeleaf.standard.processor.StandardRemovableAttributeTagProcessor
[THYMELEAF]             * [* {th:alt,data-th-alt}] [1000]: org.thymeleaf.standard.processor.StandardRemovableAttributeTagProcessor
[THYMELEAF]             * [* {th:autocomplete,data-th-autocomplete}] [1000]: org.thymeleaf.standard.processor.StandardRemovableAttributeTagProcessor
[THYMELEAF]             * [* {th:poster,data-th-poster}] [1000]: org.thymeleaf.standard.processor.StandardRemovableAttributeTagProcessor
[THYMELEAF]             * [* {th:challenge,data-th-challenge}] [1000]: org.thymeleaf.standard.processor.StandardRemovableAttributeTagProcessor
[THYMELEAF]             * [* {th:srclang,data-th-srclang}] [1000]: org.thymeleaf.standard.processor.StandardRemovableAttributeTagProcessor
[THYMELEAF]             * [* {th:width,data-th-width}] [1000]: org.thymeleaf.standard.processor.StandardRemovableAttributeTagProcessor
[THYMELEAF]             * [* {th:label,data-th-label}] [1000]: org.thymeleaf.standard.processor.StandardRemovableAttributeTagProcessor
[THYMELEAF]             * [* {th:target,data-th-target}] [1000]: org.thymeleaf.standard.processor.StandardRemovableAttributeTagProcessor
[THYMELEAF]             * [* {th:hspace,data-th-hspace}] [1000]: org.thymeleaf.standard.processor.StandardRemovableAttributeTagProcessor
[THYMELEAF]             * [* {th:lang,data-th-lang}] [1000]: org.thymeleaf.standard.processor.StandardRemovableAttributeTagProcessor
[THYMELEAF]             * [* {th:span,data-th-span}] [1000]: org.thymeleaf.standard.processor.StandardRemovableAttributeTagProcessor
[THYMELEAF]             * [* {th:colspan,data-th-colspan}] [1000]: org.thymeleaf.standard.processor.StandardRemovableAttributeTagProcessor
[THYMELEAF]             * [* {th:class,data-th-class}] [1000]: org.thymeleaf.standard.processor.StandardRemovableAttributeTagProcessor
[THYMELEAF]             * [* {th:formtarget,data-th-formtarget}] [1000]: org.thymeleaf.standard.processor.StandardRemovableAttributeTagProcessor
[THYMELEAF]             * [* {th:media,data-th-media}] [1000]: org.thymeleaf.standard.processor.StandardRemovableAttributeTagProcessor
[THYMELEAF]             * [* {th:scrolling,data-th-scrolling}] [1000]: org.thymeleaf.standard.processor.StandardRemovableAttributeTagProcessor
[THYMELEAF]             * [* {th:icon,data-th-icon}] [1000]: org.thymeleaf.standard.processor.StandardRemovableAttributeTagProcessor
[THYMELEAF]             * [* {th:maxlength,data-th-maxlength}] [1000]: org.thymeleaf.standard.processor.StandardRemovableAttributeTagProcessor
[THYMELEAF]             * [* {th:spellcheck,data-th-spellcheck}] [1000]: org.thymeleaf.standard.processor.StandardRemovableAttributeTagProcessor
[THYMELEAF]             * [* {th:rel,data-th-rel}] [1000]: org.thymeleaf.standard.processor.StandardRemovableAttributeTagProcessor
[THYMELEAF]             * [* {th:accept-charset,data-th-accept-charset}] [1000]: org.thymeleaf.standard.processor.StandardRemovableAttributeTagProcessor
[THYMELEAF]             * [* {th:align,data-th-align}] [1000]: org.thymeleaf.standard.processor.StandardRemovableAttributeTagProcessor
[THYMELEAF]             * [* {th:background,data-th-background}] [1000]: org.thymeleaf.standard.processor.StandardRemovableAttributeTagProcessor
[THYMELEAF]             * [* {th:rev,data-th-rev}] [1000]: org.thymeleaf.standard.processor.StandardRemovableAttributeTagProcessor
[THYMELEAF]             * [* {th:content,data-th-content}] [1000]: org.thymeleaf.standard.processor.StandardRemovableAttributeTagProcessor
[THYMELEAF]             * [* {th:sizes,data-th-sizes}] [1000]: org.thymeleaf.standard.processor.StandardRemovableAttributeTagProcessor
[THYMELEAF]             * [* {th:preload,data-th-preload}] [1000]: org.thymeleaf.standard.processor.StandardRemovableAttributeTagProcessor
[THYMELEAF]             * [* {th:classid,data-th-classid}] [1000]: org.thymeleaf.standard.processor.StandardRemovableAttributeTagProcessor
[THYMELEAF]             * [* {th:audio,data-th-audio}] [1000]: org.thymeleaf.standard.processor.StandardRemovableAttributeTagProcessor
[THYMELEAF]             * [* {th:cols,data-th-cols}] [1000]: org.thymeleaf.standard.processor.StandardRemovableAttributeTagProcessor
[THYMELEAF]             * [* {th:radiogroup,data-th-radiogroup}] [1000]: org.thymeleaf.standard.processor.StandardRemovableAttributeTagProcessor
[THYMELEAF]             * [* {th:compact,data-th-compact}] [1000]: org.thymeleaf.standard.processor.StandardRemovableAttributeTagProcessor
[THYMELEAF]             * [* {th:formenctype,data-th-formenctype}] [1000]: org.thymeleaf.standard.processor.StandardRemovableAttributeTagProcessor
[THYMELEAF]             * [* {th:contextmenu,data-th-contextmenu}] [1000]: org.thymeleaf.standard.processor.StandardRemovableAttributeTagProcessor
[THYMELEAF]             * [* {th:min,data-th-min}] [1000]: org.thymeleaf.standard.processor.StandardRemovableAttributeTagProcessor
[THYMELEAF]             * [* {th:codebase,data-th-codebase}] [1000]: org.thymeleaf.standard.processor.StandardRemovableAttributeTagProcessor
[THYMELEAF]             * [* {th:summary,data-th-summary}] [1000]: org.thymeleaf.standard.processor.StandardRemovableAttributeTagProcessor
[THYMELEAF]             * [* {th:max,data-th-max}] [1000]: org.thymeleaf.standard.processor.StandardRemovableAttributeTagProcessor
[THYMELEAF]             * [* {th:formmethod,data-th-formmethod}] [1000]: org.thymeleaf.standard.processor.StandardRemovableAttributeTagProcessor
[THYMELEAF]             * [* {th:abbr,data-th-abbr}] [1000]: org.thymeleaf.standard.processor.StandardRemovableAttributeTagProcessor
[THYMELEAF]             * [* {th:standby,data-th-standby}] [1000]: org.thymeleaf.standard.processor.StandardRemovableAttributeTagProcessor
[THYMELEAF]             * [* {th:valuetype,data-th-valuetype}] [1000]: org.thymeleaf.standard.processor.StandardRemovableAttributeTagProcessor
[THYMELEAF]             * [* {th:dropzone,data-th-dropzone}] [1000]: org.thymeleaf.standard.processor.StandardRemovableAttributeTagProcessor
[THYMELEAF]             * [* {th:marginwidth,data-th-marginwidth}] [1000]: org.thymeleaf.standard.processor.StandardRemovableAttributeTagProcessor
[THYMELEAF]             * [* {th:formaction,data-th-formaction}] [1000]: org.thymeleaf.standard.processor.StandardRemovableAttributeTagProcessor
[THYMELEAF]             * [* {th:wrap,data-th-wrap}] [1000]: org.thymeleaf.standard.processor.StandardRemovableAttributeTagProcessor
[THYMELEAF]             * [* {th:low,data-th-low}] [1000]: org.thymeleaf.standard.processor.StandardRemovableAttributeTagProcessor
[THYMELEAF]             * [* {th:hreflang,data-th-hreflang}] [1000]: org.thymeleaf.standard.processor.StandardRemovableAttributeTagProcessor
[THYMELEAF]             * [* {th:axis,data-th-axis}] [1000]: org.thymeleaf.standard.processor.StandardRemovableAttributeTagProcessor
[THYMELEAF]             * [* {th:enctype,data-th-enctype}] [1000]: org.thymeleaf.standard.processor.StandardRemovableAttributeTagProcessor
[THYMELEAF]             * [* {th:marginheight,data-th-marginheight}] [1000]: org.thymeleaf.standard.processor.StandardRemovableAttributeTagProcessor
[THYMELEAF]             * [* {th:contenteditable,data-th-contenteditable}] [1000]: org.thymeleaf.standard.processor.StandardRemovableAttributeTagProcessor
[THYMELEAF]             * [* {th:tabindex,data-th-tabindex}] [1000]: org.thymeleaf.standard.processor.StandardRemovableAttributeTagProcessor
[THYMELEAF]             * [* {th:kind,data-th-kind}] [1000]: org.thymeleaf.standard.processor.StandardRemovableAttributeTagProcessor
[THYMELEAF]             * [* {th:cite,data-th-cite}] [1000]: org.thymeleaf.standard.processor.StandardRemovableAttributeTagProcessor
[THYMELEAF]             * [* {th:style,data-th-style}] [1000]: org.thymeleaf.standard.processor.StandardRemovableAttributeTagProcessor
[THYMELEAF]             * [* {th:accesskey,data-th-accesskey}] [1000]: org.thymeleaf.standard.processor.StandardRemovableAttributeTagProcessor
[THYMELEAF]             * [* {th:scheme,data-th-scheme}] [1000]: org.thymeleaf.standard.processor.StandardRemovableAttributeTagProcessor
[THYMELEAF]             * [* {th:size,data-th-size}] [1000]: org.thymeleaf.standard.processor.StandardRemovableAttributeTagProcessor
[THYMELEAF]             * [* {th:data,data-th-data}] [1000]: org.thymeleaf.standard.processor.StandardRemovableAttributeTagProcessor
[THYMELEAF]             * [* {th:vspace,data-th-vspace}] [1000]: org.thymeleaf.standard.processor.StandardRemovableAttributeTagProcessor
[THYMELEAF]             * [* {th:for,data-th-for}] [1000]: org.thymeleaf.standard.processor.StandardRemovableAttributeTagProcessor
[THYMELEAF]             * [* {th:cellpadding,data-th-cellpadding}] [1000]: org.thymeleaf.standard.processor.StandardRemovableAttributeTagProcessor
[THYMELEAF]             * [* {th:id,data-th-id}] [1000]: org.thymeleaf.standard.processor.StandardRemovableAttributeTagProcessor
[THYMELEAF]             * [* {th:http-equiv,data-th-http-equiv}] [1000]: org.thymeleaf.standard.processor.StandardRemovableAttributeTagProcessor
[THYMELEAF]             * [* {th:charset,data-th-charset}] [1000]: org.thymeleaf.standard.processor.StandardRemovableAttributeTagProcessor
[THYMELEAF]             * [* {th:rowspan,data-th-rowspan}] [1000]: org.thymeleaf.standard.processor.StandardRemovableAttributeTagProcessor
[THYMELEAF]             * [* {th:keytype,data-th-keytype}] [1000]: org.thymeleaf.standard.processor.StandardRemovableAttributeTagProcessor
[THYMELEAF]             * [* {th:datetime,data-th-datetime}] [1000]: org.thymeleaf.standard.processor.StandardRemovableAttributeTagProcessor
[THYMELEAF]             * [* {th:placeholder,data-th-placeholder}] [1000]: org.thymeleaf.standard.processor.StandardRemovableAttributeTagProcessor
[THYMELEAF]             * [* {th:list,data-th-list}] [1000]: org.thymeleaf.standard.processor.StandardRemovableAttributeTagProcessor
[THYMELEAF]             * [* {th:draggable,data-th-draggable}] [1000]: org.thymeleaf.standard.processor.StandardRemovableAttributeTagProcessor
[THYMELEAF]             * [* {th:bgcolor,data-th-bgcolor}] [1000]: org.thymeleaf.standard.processor.StandardRemovableAttributeTagProcessor
[THYMELEAF]             * [* {th:height,data-th-height}] [1000]: org.thymeleaf.standard.processor.StandardRemovableAttributeTagProcessor
[THYMELEAF]             * [* {th:src,data-th-src}] [1000]: org.thymeleaf.standard.processor.StandardSrcTagProcessor
[THYMELEAF]             * [* {th:value,data-th-value}] [1000]: org.thymeleaf.standard.processor.StandardValueTagProcessor
[THYMELEAF]             * [* {th:xmlbase,data-th-xmlbase}] [1000]: org.thymeleaf.standard.processor.StandardXmlBaseTagProcessor
[THYMELEAF]             * [* {th:xmllang,data-th-xmllang}] [1000]: org.thymeleaf.standard.processor.StandardXmlLangTagProcessor
[THYMELEAF]             * [* {xmlns:th}] [1000]: org.thymeleaf.standard.processor.StandardXmlNsTagProcessor
[THYMELEAF]             * [* {th:xmlspace,data-th-xmlspace}] [1000]: org.thymeleaf.standard.processor.StandardXmlSpaceTagProcessor
[THYMELEAF]             * [* {th:classappend,data-th-classappend}] [1100]: org.thymeleaf.standard.processor.StandardClassappendTagProcessor
[THYMELEAF]             * [* {th:styleappend,data-th-styleappend}] [1100]: org.thymeleaf.standard.processor.StandardStyleappendTagProcessor
[THYMELEAF]             * [* {th:text,data-th-text}] [1300]: org.thymeleaf.standard.processor.StandardTextTagProcessor
[THYMELEAF]             * [* {th:utext,data-th-utext}] [1400]: org.thymeleaf.standard.processor.StandardUtextTagProcessor
[THYMELEAF]             * [* {th:fragment,data-th-fragment}] [1500]: org.thymeleaf.standard.processor.StandardFragmentTagProcessor
[THYMELEAF]             * [* {th:assert,data-th-assert}] [1550]: org.thymeleaf.standard.processor.StandardAssertTagProcessor
[THYMELEAF]             * [* {th:remove,data-th-remove}] [1600]: org.thymeleaf.standard.processor.StandardRemoveTagProcessor
[THYMELEAF]             * [* {th:ref,data-th-ref}] [10000]: org.thymeleaf.standard.processor.StandardRefAttributeTagProcessor
[THYMELEAF]             * [{th:block,th-block} *] [100000]: org.thymeleaf.standard.processor.StandardBlockTagProcessor
[THYMELEAF]             * [* th:*] [2147483647]: org.thymeleaf.standard.processor.StandardDefaultAttributesTagProcessor
[THYMELEAF]         * Text Processors by [precedence]:
[THYMELEAF]             * [1000]: org.thymeleaf.standard.processor.StandardInliningTextProcessor
[THYMELEAF]         * DOCTYPE Processors by [precedence]:
[THYMELEAF]             * [1000]: org.thymeleaf.standard.processor.StandardTranslationDocTypeProcessor
[THYMELEAF]         * CDATA Section Processors by [precedence]:
[THYMELEAF]             * [1000]: org.thymeleaf.standard.processor.StandardInliningCDATASectionProcessor
[THYMELEAF]         * Comment Processors by [precedence]:
[THYMELEAF]             * [1000]: org.thymeleaf.standard.processor.StandardInliningCommentProcessor
[THYMELEAF]             * [1100]: org.thymeleaf.standard.processor.StandardConditionalCommentProcessor
[THYMELEAF]     * Processors for Template Mode: XML
[THYMELEAF]         * Element Tag Processors by [matching element and attribute name] [precedence]:
[THYMELEAF]             * [* {th:include}] [100]: org.thymeleaf.standard.processor.StandardIncludeTagProcessor
[THYMELEAF]             * [* {th:insert}] [100]: org.thymeleaf.standard.processor.StandardInsertTagProcessor
[THYMELEAF]             * [* {th:replace}] [100]: org.thymeleaf.standard.processor.StandardReplaceTagProcessor
[THYMELEAF]             * [* {th:each}] [200]: com.intuit.karate.template.KarateEachTagProcessor
[THYMELEAF]             * [* {th:switch}] [250]: org.thymeleaf.standard.processor.StandardSwitchTagProcessor
[THYMELEAF]             * [* {th:case}] [275]: org.thymeleaf.standard.processor.StandardCaseTagProcessor
[THYMELEAF]             * [* {th:if}] [300]: org.thymeleaf.standard.processor.StandardIfTagProcessor
[THYMELEAF]             * [* {th:unless}] [400]: org.thymeleaf.standard.processor.StandardUnlessTagProcessor
[THYMELEAF]             * [* {th:object}] [500]: org.thymeleaf.standard.processor.StandardObjectTagProcessor
[THYMELEAF]             * [* {th:with}] [600]: com.intuit.karate.template.KarateWithTagProcessor
[THYMELEAF]             * [* {th:attr}] [700]: com.intuit.karate.template.KarateAttributeTagProcessor.KarateAttrTagProcessor
[THYMELEAF]             * [* {th:attrappend}] [900]: com.intuit.karate.template.KarateAttributeTagProcessor.KarateAttrappendTagProcessor
[THYMELEAF]             * [* {th:attrprepend}] [900]: com.intuit.karate.template.KarateAttributeTagProcessor.KarateAttrprependTagProcessor
[THYMELEAF]             * [* {th:inline}] [1000]: org.thymeleaf.standard.processor.StandardInlineXMLTagProcessor
[THYMELEAF]             * [* {xmlns:th}] [1000]: org.thymeleaf.standard.processor.StandardXmlNsTagProcessor
[THYMELEAF]             * [* {th:text}] [1300]: org.thymeleaf.standard.processor.StandardTextTagProcessor
[THYMELEAF]             * [* {th:utext}] [1400]: org.thymeleaf.standard.processor.StandardUtextTagProcessor
[THYMELEAF]             * [* {th:fragment}] [1500]: org.thymeleaf.standard.processor.StandardFragmentTagProcessor
[THYMELEAF]             * [* {th:assert}] [1550]: org.thymeleaf.standard.processor.StandardAssertTagProcessor
[THYMELEAF]             * [* {th:remove}] [1600]: org.thymeleaf.standard.processor.StandardRemoveTagProcessor
[THYMELEAF]             * [* {th:ref}] [10000]: org.thymeleaf.standard.processor.StandardRefAttributeTagProcessor
[THYMELEAF]             * [{th:block} *] [100000]: org.thymeleaf.standard.processor.StandardBlockTagProcessor
[THYMELEAF]             * [* th:*] [2147483647]: org.thymeleaf.standard.processor.StandardDefaultAttributesTagProcessor
[THYMELEAF]         * Text Processors by [precedence]:
[THYMELEAF]             * [1000]: org.thymeleaf.standard.processor.StandardInliningTextProcessor
[THYMELEAF]         * CDATA Section Processors by [precedence]:
[THYMELEAF]             * [1000]: org.thymeleaf.standard.processor.StandardInliningCDATASectionProcessor
[THYMELEAF]         * Comment Processors by [precedence]:
[THYMELEAF]             * [1000]: org.thymeleaf.standard.processor.StandardInliningCommentProcessor
[THYMELEAF]     * Processors for Template Mode: TEXT
[THYMELEAF]         * Element Tag Processors by [matching element and attribute name] [precedence]:
[THYMELEAF]             * [* {th:insert}] [100]: org.thymeleaf.standard.processor.StandardInsertTagProcessor
[THYMELEAF]             * [* {th:replace}] [100]: org.thymeleaf.standard.processor.StandardReplaceTagProcessor
[THYMELEAF]             * [* {th:each}] [200]: com.intuit.karate.template.KarateEachTagProcessor
[THYMELEAF]             * [* {th:switch}] [250]: org.thymeleaf.standard.processor.StandardSwitchTagProcessor
[THYMELEAF]             * [* {th:case}] [275]: org.thymeleaf.standard.processor.StandardCaseTagProcessor
[THYMELEAF]             * [* {th:if}] [300]: org.thymeleaf.standard.processor.StandardIfTagProcessor
[THYMELEAF]             * [* {th:unless}] [400]: org.thymeleaf.standard.processor.StandardUnlessTagProcessor
[THYMELEAF]             * [* {th:object}] [500]: org.thymeleaf.standard.processor.StandardObjectTagProcessor
[THYMELEAF]             * [* {th:with}] [600]: com.intuit.karate.template.KarateWithTagProcessor
[THYMELEAF]             * [* {th:inline}] [1000]: org.thymeleaf.standard.processor.StandardInlineTextualTagProcessor
[THYMELEAF]             * [* {th:text}] [1300]: org.thymeleaf.standard.processor.StandardTextTagProcessor
[THYMELEAF]             * [* {th:utext}] [1400]: org.thymeleaf.standard.processor.StandardUtextTagProcessor
[THYMELEAF]             * [* {th:assert}] [1550]: org.thymeleaf.standard.processor.StandardAssertTagProcessor
[THYMELEAF]             * [* {th:remove}] [1600]: org.thymeleaf.standard.processor.StandardRemoveTagProcessor
[THYMELEAF]             * [{th:block} *] [100000]: org.thymeleaf.standard.processor.StandardBlockTagProcessor
[THYMELEAF]             * [* 100000] [org.thymeleaf.standard.processor.StandardBlockTagProcessor]: {}
[THYMELEAF]         * Text Processors by [precedence]:
[THYMELEAF]             * [1000]: org.thymeleaf.standard.processor.StandardInliningTextProcessor
[THYMELEAF]     * Processors for Template Mode: JAVASCRIPT
[THYMELEAF]         * Element Tag Processors by [matching element and attribute name] [precedence]:
[THYMELEAF]             * [* {th:insert}] [100]: org.thymeleaf.standard.processor.StandardInsertTagProcessor
[THYMELEAF]             * [* {th:replace}] [100]: org.thymeleaf.standard.processor.StandardReplaceTagProcessor
[THYMELEAF]             * [* {th:each}] [200]: com.intuit.karate.template.KarateEachTagProcessor
[THYMELEAF]             * [* {th:switch}] [250]: org.thymeleaf.standard.processor.StandardSwitchTagProcessor
[THYMELEAF]             * [* {th:case}] [275]: org.thymeleaf.standard.processor.StandardCaseTagProcessor
[THYMELEAF]             * [* {th:if}] [300]: org.thymeleaf.standard.processor.StandardIfTagProcessor
[THYMELEAF]             * [* {th:unless}] [400]: org.thymeleaf.standard.processor.StandardUnlessTagProcessor
[THYMELEAF]             * [* {th:object}] [500]: org.thymeleaf.standard.processor.StandardObjectTagProcessor
[THYMELEAF]             * [* {th:with}] [600]: com.intuit.karate.template.KarateWithTagProcessor
[THYMELEAF]             * [* {th:inline}] [1000]: org.thymeleaf.standard.processor.StandardInlineTextualTagProcessor
[THYMELEAF]             * [* {th:text}] [1300]: org.thymeleaf.standard.processor.StandardTextTagProcessor
[THYMELEAF]             * [* {th:utext}] [1400]: org.thymeleaf.standard.processor.StandardUtextTagProcessor
[THYMELEAF]             * [* {th:assert}] [1550]: org.thymeleaf.standard.processor.StandardAssertTagProcessor
[THYMELEAF]             * [* {th:remove}] [1600]: org.thymeleaf.standard.processor.StandardRemoveTagProcessor
[THYMELEAF]             * [* 100000] [org.thymeleaf.standard.processor.StandardBlockTagProcessor]: {}
[THYMELEAF]             * [{th:block} *] [100000]: org.thymeleaf.standard.processor.StandardBlockTagProcessor
[THYMELEAF]         * Text Processors by [precedence]:
[THYMELEAF]             * [1000]: org.thymeleaf.standard.processor.StandardInliningTextProcessor
[THYMELEAF]     * Processors for Template Mode: CSS
[THYMELEAF]         * Element Tag Processors by [matching element and attribute name] [precedence]:
[THYMELEAF]             * [* {th:insert}] [100]: org.thymeleaf.standard.processor.StandardInsertTagProcessor
[THYMELEAF]             * [* {th:replace}] [100]: org.thymeleaf.standard.processor.StandardReplaceTagProcessor
[THYMELEAF]             * [* {th:each}] [200]: com.intuit.karate.template.KarateEachTagProcessor
[THYMELEAF]             * [* {th:switch}] [250]: org.thymeleaf.standard.processor.StandardSwitchTagProcessor
[THYMELEAF]             * [* {th:case}] [275]: org.thymeleaf.standard.processor.StandardCaseTagProcessor
[THYMELEAF]             * [* {th:if}] [300]: org.thymeleaf.standard.processor.StandardIfTagProcessor
[THYMELEAF]             * [* {th:unless}] [400]: org.thymeleaf.standard.processor.StandardUnlessTagProcessor
[THYMELEAF]             * [* {th:object}] [500]: org.thymeleaf.standard.processor.StandardObjectTagProcessor
[THYMELEAF]             * [* {th:with}] [600]: com.intuit.karate.template.KarateWithTagProcessor
[THYMELEAF]             * [* {th:inline}] [1000]: org.thymeleaf.standard.processor.StandardInlineTextualTagProcessor
[THYMELEAF]             * [* {th:text}] [1300]: org.thymeleaf.standard.processor.StandardTextTagProcessor
[THYMELEAF]             * [* {th:utext}] [1400]: org.thymeleaf.standard.processor.StandardUtextTagProcessor
[THYMELEAF]             * [* {th:assert}] [1550]: org.thymeleaf.standard.processor.StandardAssertTagProcessor
[THYMELEAF]             * [* {th:remove}] [1600]: org.thymeleaf.standard.processor.StandardRemoveTagProcessor
[THYMELEAF]             * [{th:block} *] [100000]: org.thymeleaf.standard.processor.StandardBlockTagProcessor
[THYMELEAF]             * [* 100000] [org.thymeleaf.standard.processor.StandardBlockTagProcessor]: {}
[THYMELEAF]         * Text Processors by [precedence]:
[THYMELEAF]             * [1000]: org.thymeleaf.standard.processor.StandardInliningTextProcessor
[THYMELEAF]     * Expression Objects:
[THYMELEAF]         * #ctx
[THYMELEAF]         * #root
[THYMELEAF]         * #vars
[THYMELEAF]         * #object
[THYMELEAF]         * #locale
[THYMELEAF]         * #conversions
[THYMELEAF]         * #uris
[THYMELEAF]         * #temporals
[THYMELEAF]         * #calendars
[THYMELEAF]         * #dates
[THYMELEAF]         * #bools
[THYMELEAF]         * #numbers
[THYMELEAF]         * #objects
[THYMELEAF]         * #strings
[THYMELEAF]         * #arrays
[THYMELEAF]         * #lists
[THYMELEAF]         * #sets
[THYMELEAF]         * #maps
[THYMELEAF]         * #aggregates
[THYMELEAF]         * #messages
[THYMELEAF]         * #ids
[THYMELEAF]         * #execInfo
[THYMELEAF]         * #request
[THYMELEAF]         * #response
[THYMELEAF]         * #session
[THYMELEAF]         * #servletContext
[THYMELEAF]     * Execution Attributes:
[THYMELEAF]         * "StandardExpressionParser": com.intuit.karate.template.KarateStandardDialect@60d1a32f
[THYMELEAF]         * "StandardJavaScriptSerializer": org.thymeleaf.standard.serializer.StandardJavaScriptSerializer@7876d598
[THYMELEAF]         * "StandardCSSSerializer": org.thymeleaf.standard.serializer.StandardCSSSerializer@4a3e3e8b
[THYMELEAF]         * "StandardVariableExpressionEvaluator": com.intuit.karate.template.KarateStandardDialect@60d1a32f
[THYMELEAF]         * "StandardConversionService": org.thymeleaf.standard.expression.StandardConversionService@5af28b27
[THYMELEAF] * Dialect [2 of 2]: karate (com.intuit.karate.template.KarateScriptDialect)
[THYMELEAF]     * Prefix: "ka"
[THYMELEAF]     * Processors for Template Mode: HTML
[THYMELEAF]         * Element Tag Processors by [matching element and attribute name] [precedence]:
[THYMELEAF]             * [* {src}] [1000]: com.intuit.karate.template.KaScriptAttrProcessor
[THYMELEAF]         * Element Model Processors by [matching element and attribute name] [precedence]:
[THYMELEAF]             * [{script} {ka:scope,data-ka-scope}] [1000]: com.intuit.karate.template.KaScriptElemProcessor
[THYMELEAF]             * [* {ka:set,data-ka-set}] [1000]: com.intuit.karate.template.KaSetElemProcessor
[THYMELEAF] TEMPLATE ENGINE CONFIGURED OK
22:57:45.647 [main] DEBUG org.thymeleaf.TemplateEngine -- [THYMELEAF] TEMPLATE ENGINE INITIALIZED
22:57:45.657 [main] DEBUG org.thymeleaf.TemplateEngine -- [THYMELEAF] INITIALIZING TEMPLATE ENGINE
22:57:45.674 [main] DEBUG org.thymeleaf.TemplateEngine.CONFIG -- Initializing Thymeleaf Template engine configuration...
[THYMELEAF] TEMPLATE ENGINE CONFIGURATION:
[THYMELEAF] * Thymeleaf version: 3.1.2.RELEASE (built 2023-07-30T19:25:50+0000)
[THYMELEAF] * Cache Manager implementation: org.thymeleaf.cache.StandardCacheManager
[THYMELEAF] * Template resolvers:
[THYMELEAF]     * [1] com.intuit.karate.template.ResourceHtmlTemplateResolver
[THYMELEAF] * Message resolvers:
[THYMELEAF]     * org.thymeleaf.messageresolver.StandardMessageResolver
[THYMELEAF] * Link builders:
[THYMELEAF]     * org.thymeleaf.linkbuilder.StandardLinkBuilder
[THYMELEAF] * Dialect [1 of 2]: Standard (com.intuit.karate.template.KarateStandardDialect)
[THYMELEAF]     * Prefix: "th"
[THYMELEAF]     * Processors for Template Mode: HTML
[THYMELEAF]         * Element Tag Processors by [matching element and attribute name] [precedence]:
[THYMELEAF]             * [* {th:include,data-th-include}] [100]: org.thymeleaf.standard.processor.StandardIncludeTagProcessor
[THYMELEAF]             * [* {th:insert,data-th-insert}] [100]: org.thymeleaf.standard.processor.StandardInsertTagProcessor
[THYMELEAF]             * [* {th:replace,data-th-replace}] [100]: org.thymeleaf.standard.processor.StandardReplaceTagProcessor
[THYMELEAF]             * [* {th:each,data-th-each}] [200]: com.intuit.karate.template.KarateEachTagProcessor
[THYMELEAF]             * [* {th:switch,data-th-switch}] [250]: org.thymeleaf.standard.processor.StandardSwitchTagProcessor
[THYMELEAF]             * [* {th:case,data-th-case}] [275]: org.thymeleaf.standard.processor.StandardCaseTagProcessor
[THYMELEAF]             * [* {th:if,data-th-if}] [300]: org.thymeleaf.standard.processor.StandardIfTagProcessor
[THYMELEAF]             * [* {th:unless,data-th-unless}] [400]: org.thymeleaf.standard.processor.StandardUnlessTagProcessor
[THYMELEAF]             * [* {th:object,data-th-object}] [500]: org.thymeleaf.standard.processor.StandardObjectTagProcessor
[THYMELEAF]             * [* {th:with,data-th-with}] [600]: com.intuit.karate.template.KarateWithTagProcessor
[THYMELEAF]             * [* {th:attr,data-th-attr}] [700]: com.intuit.karate.template.KarateAttributeTagProcessor.KarateAttrTagProcessor
[THYMELEAF]             * [* {th:attrappend,data-th-attrappend}] [900]: com.intuit.karate.template.KarateAttributeTagProcessor.KarateAttrappendTagProcessor
[THYMELEAF]             * [* {th:attrprepend,data-th-attrprepend}] [900]: com.intuit.karate.template.KarateAttributeTagProcessor.KarateAttrprependTagProcessor
[THYMELEAF]             * [* {th:alt-title,data-th-alt-title}] [990]: org.thymeleaf.standard.processor.StandardAltTitleTagProcessor
[THYMELEAF]             * [* {th:lang-xmllang,data-th-lang-xmllang}] [990]: org.thymeleaf.standard.processor.StandardLangXmlLangTagProcessor
[THYMELEAF]             * [* {th:action,data-th-action}] [1000]: org.thymeleaf.standard.processor.StandardActionTagProcessor
[THYMELEAF]             * [* {th:disabled,data-th-disabled}] [1000]: org.thymeleaf.standard.processor.StandardConditionalFixedValueTagProcessor
[THYMELEAF]             * [* {th:defer,data-th-defer}] [1000]: org.thymeleaf.standard.processor.StandardConditionalFixedValueTagProcessor
[THYMELEAF]             * [* {th:declare,data-th-declare}] [1000]: org.thymeleaf.standard.processor.StandardConditionalFixedValueTagProcessor
[THYMELEAF]             * [* {th:controls,data-th-controls}] [1000]: org.thymeleaf.standard.processor.StandardConditionalFixedValueTagProcessor
[THYMELEAF]             * [* {th:readonly,data-th-readonly}] [1000]: org.thymeleaf.standard.processor.StandardConditionalFixedValueTagProcessor
[THYMELEAF]             * [* {th:formnovalidate,data-th-formnovalidate}] [1000]: org.thymeleaf.standard.processor.StandardConditionalFixedValueTagProcessor
[THYMELEAF]             * [* {th:pubdate,data-th-pubdate}] [1000]: org.thymeleaf.standard.processor.StandardConditionalFixedValueTagProcessor
[THYMELEAF]             * [* {th:ismap,data-th-ismap}] [1000]: org.thymeleaf.standard.processor.StandardConditionalFixedValueTagProcessor
[THYMELEAF]             * [* {th:autoplay,data-th-autoplay}] [1000]: org.thymeleaf.standard.processor.StandardConditionalFixedValueTagProcessor
[THYMELEAF]             * [* {th:reversed,data-th-reversed}] [1000]: org.thymeleaf.standard.processor.StandardConditionalFixedValueTagProcessor
[THYMELEAF]             * [* {th:async,data-th-async}] [1000]: org.thymeleaf.standard.processor.StandardConditionalFixedValueTagProcessor
[THYMELEAF]             * [* {th:default,data-th-default}] [1000]: org.thymeleaf.standard.processor.StandardConditionalFixedValueTagProcessor
[THYMELEAF]             * [* {th:loop,data-th-loop}] [1000]: org.thymeleaf.standard.processor.StandardConditionalFixedValueTagProcessor
[THYMELEAF]             * [* {th:hidden,data-th-hidden}] [1000]: org.thymeleaf.standard.processor.StandardConditionalFixedValueTagProcessor
[THYMELEAF]             * [* {th:checked,data-th-checked}] [1000]: org.thymeleaf.standard.processor.StandardConditionalFixedValueTagProcessor
[THYMELEAF]             * [* {th:open,data-th-open}] [1000]: org.thymeleaf.standard.processor.StandardConditionalFixedValueTagProcessor
[THYMELEAF]             * [* {th:required,data-th-required}] [1000]: org.thymeleaf.standard.processor.StandardConditionalFixedValueTagProcessor
[THYMELEAF]             * [* {th:multiple,data-th-multiple}] [1000]: org.thymeleaf.standard.processor.StandardConditionalFixedValueTagProcessor
[THYMELEAF]             * [* {th:seamless,data-th-seamless}] [1000]: org.thymeleaf.standard.processor.StandardConditionalFixedValueTagProcessor
[THYMELEAF]             * [* {th:autofocus,data-th-autofocus}] [1000]: org.thymeleaf.standard.processor.StandardConditionalFixedValueTagProcessor
[THYMELEAF]             * [* {th:novalidate,data-th-novalidate}] [1000]: org.thymeleaf.standard.processor.StandardConditionalFixedValueTagProcessor
[THYMELEAF]             * [* {th:nowrap,data-th-nowrap}] [1000]: org.thymeleaf.standard.processor.StandardConditionalFixedValueTagProcessor
[THYMELEAF]             * [* {th:scoped,data-th-scoped}] [1000]: org.thymeleaf.standard.processor.StandardConditionalFixedValueTagProcessor
[THYMELEAF]             * [* {th:selected,data-th-selected}] [1000]: org.thymeleaf.standard.processor.StandardConditionalFixedValueTagProcessor
[THYMELEAF]             * [* {th:onratechange,data-th-onratechange}] [1000]: org.thymeleaf.standard.processor.StandardDOMEventAttributeTagProcessor
[THYMELEAF]             * [* {th:onmousewheel,data-th-onmousewheel}] [1000]: org.thymeleaf.standard.processor.StandardDOMEventAttributeTagProcessor
[THYMELEAF]             * [* {th:onfocus,data-th-onfocus}] [1000]: org.thymeleaf.standard.processor.StandardDOMEventAttributeTagProcessor
[THYMELEAF]             * [* {th:oninput,data-th-oninput}] [1000]: org.thymeleaf.standard.processor.StandardDOMEventAttributeTagProcessor
[THYMELEAF]             * [* {th:onsuspend,data-th-onsuspend}] [1000]: org.thymeleaf.standard.processor.StandardDOMEventAttributeTagProcessor
[THYMELEAF]             * [* {th:ononline,data-th-ononline}] [1000]: org.thymeleaf.standard.processor.StandardDOMEventAttributeTagProcessor
[THYMELEAF]             * [* {th:onplaying,data-th-onplaying}] [1000]: org.thymeleaf.standard.processor.StandardDOMEventAttributeTagProcessor
[THYMELEAF]             * [* {th:ontimeupdate,data-th-ontimeupdate}] [1000]: org.thymeleaf.standard.processor.StandardDOMEventAttributeTagProcessor
[THYMELEAF]             * [* {th:onload,data-th-onload}] [1000]: org.thymeleaf.standard.processor.StandardDOMEventAttributeTagProcessor
[THYMELEAF]             * [* {th:oncanplay,data-th-oncanplay}] [1000]: org.thymeleaf.standard.processor.StandardDOMEventAttributeTagProcessor
[THYMELEAF]             * [* {th:onshow,data-th-onshow}] [1000]: org.thymeleaf.standard.processor.StandardDOMEventAttributeTagProcessor
[THYMELEAF]             * [* {th:onstorage,data-th-onstorage}] [1000]: org.thymeleaf.standard.processor.StandardDOMEventAttributeTagProcessor
[THYMELEAF]             * [* {th:onchange,data-th-onchange}] [1000]: org.thymeleaf.standard.processor.StandardDOMEventAttributeTagProcessor
[THYMELEAF]             * [* {th:ondragstart,data-th-ondragstart}] [1000]: org.thymeleaf.standard.processor.StandardDOMEventAttributeTagProcessor
[THYMELEAF]             * [* {th:ondragenter,data-th-ondragenter}] [1000]: org.thymeleaf.standard.processor.StandardDOMEventAttributeTagProcessor
[THYMELEAF]             * [* {th:ondrag,data-th-ondrag}] [1000]: org.thymeleaf.standard.processor.StandardDOMEventAttributeTagProcessor
[THYMELEAF]             * [* {th:onended,data-th-onended}] [1000]: org.thymeleaf.standard.processor.StandardDOMEventAttributeTagProcessor
[THYMELEAF]             * [* {th:onkeyup,data-th-onkeyup}] [1000]: org.thymeleaf.standard.processor.StandardDOMEventAttributeTagProcessor
[THYMELEAF]             * [* {th:onplay,data-th-onplay}] [1000]: org.thymeleaf.standard.processor.StandardDOMEventAttributeTagProcessor
[THYMELEAF]             * [* {th:onresize,data-th-onresize}] [1000]: org.thymeleaf.standard.processor.StandardDOMEventAttributeTagProcessor
[THYMELEAF]             * [* {th:onmouseover,data-th-onmouseover}] [1000]: org.thymeleaf.standard.processor.StandardDOMEventAttributeTagProcessor
[THYMELEAF]             * [* {th:onafterprint,data-th-onafterprint}] [1000]: org.thymeleaf.standard.processor.StandardDOMEventAttributeTagProcessor
[THYMELEAF]             * [* {th:ondragleave,data-th-ondragleave}] [1000]: org.thymeleaf.standard.processor.StandardDOMEventAttributeTagProcessor
[THYMELEAF]             * [* {th:onprogress,data-th-onprogress}] [1000]: org.thymeleaf.standard.processor.StandardDOMEventAttributeTagProcessor
[THYMELEAF]             * [* {th:onhashchange,data-th-onhashchange}] [1000]: org.thymeleaf.standard.processor.StandardDOMEventAttributeTagProcessor
[THYMELEAF]             * [* {th:onoffline,data-th-onoffline}] [1000]: org.thymeleaf.standard.processor.StandardDOMEventAttributeTagProcessor
[THYMELEAF]             * [* {th:onkeypress,data-th-onkeypress}] [1000]: org.thymeleaf.standard.processor.StandardDOMEventAttributeTagProcessor
[THYMELEAF]             * [* {th:onmouseout,data-th-onmouseout}] [1000]: org.thymeleaf.standard.processor.StandardDOMEventAttributeTagProcessor
[THYMELEAF]             * [* {th:onmousedown,data-th-onmousedown}] [1000]: org.thymeleaf.standard.processor.StandardDOMEventAttributeTagProcessor
[THYMELEAF]             * [* {th:onmessage,data-th-onmessage}] [1000]: org.thymeleaf.standard.processor.StandardDOMEventAttributeTagProcessor
[THYMELEAF]             * [* {th:onbeforeunload,data-th-onbeforeunload}] [1000]: org.thymeleaf.standard.processor.StandardDOMEventAttributeTagProcessor
[THYMELEAF]             * [* {th:onclick,data-th-onclick}] [1000]: org.thymeleaf.standard.processor.StandardDOMEventAttributeTagProcessor
[THYMELEAF]             * [* {th:ondragend,data-th-ondragend}] [1000]: org.thymeleaf.standard.processor.StandardDOMEventAttributeTagProcessor
[THYMELEAF]             * [* {th:onscroll,data-th-onscroll}] [1000]: org.thymeleaf.standard.processor.StandardDOMEventAttributeTagProcessor
[THYMELEAF]             * [* {th:onredo,data-th-onredo}] [1000]: org.thymeleaf.standard.processor.StandardDOMEventAttributeTagProcessor
[THYMELEAF]             * [* {th:onundo,data-th-onundo}] [1000]: org.thymeleaf.standard.processor.StandardDOMEventAttributeTagProcessor
[THYMELEAF]             * [* {th:onwaiting,data-th-onwaiting}] [1000]: org.thymeleaf.standard.processor.StandardDOMEventAttributeTagProcessor
[THYMELEAF]             * [* {th:ondblclick,data-th-ondblclick}] [1000]: org.thymeleaf.standard.processor.StandardDOMEventAttributeTagProcessor
[THYMELEAF]             * [* {th:onmousemove,data-th-onmousemove}] [1000]: org.thymeleaf.standard.processor.StandardDOMEventAttributeTagProcessor
[THYMELEAF]             * [* {th:oninvalid,data-th-oninvalid}] [1000]: org.thymeleaf.standard.processor.StandardDOMEventAttributeTagProcessor
[THYMELEAF]             * [* {th:onseeked,data-th-onseeked}] [1000]: org.thymeleaf.standard.processor.StandardDOMEventAttributeTagProcessor
[THYMELEAF]             * [* {th:onsubmit,data-th-onsubmit}] [1000]: org.thymeleaf.standard.processor.StandardDOMEventAttributeTagProcessor
[THYMELEAF]             * [* {th:onemptied,data-th-onemptied}] [1000]: org.thymeleaf.standard.processor.StandardDOMEventAttributeTagProcessor
[THYMELEAF]             * [* {th:onreset,data-th-onreset}] [1000]: org.thymeleaf.standard.processor.StandardDOMEventAttributeTagProcessor
[THYMELEAF]             * [* {th:onselect,data-th-onselect}] [1000]: org.thymeleaf.standard.processor.StandardDOMEventAttributeTagProcessor
[THYMELEAF]             * [* {th:onloadedmetadata,data-th-onloadedmetadata}] [1000]: org.thymeleaf.standard.processor.StandardDOMEventAttributeTagProcessor
[THYMELEAF]             * [* {th:oncanplaythrough,data-th-oncanplaythrough}] [1000]: org.thymeleaf.standard.processor.StandardDOMEventAttributeTagProcessor
[THYMELEAF]             * [* {th:onloadstart,data-th-onloadstart}] [1000]: org.thymeleaf.standard.processor.StandardDOMEventAttributeTagProcessor
[THYMELEAF]             * [* {th:onblur,data-th-onblur}] [1000]: org.thymeleaf.standard.processor.StandardDOMEventAttributeTagProcessor
[THYMELEAF]             * [* {th:oncontextmenu,data-th-oncontextmenu}] [1000]: org.thymeleaf.standard.processor.StandardDOMEventAttributeTagProcessor
[THYMELEAF]             * [* {th:onforminput,data-th-onforminput}] [1000]: org.thymeleaf.standard.processor.StandardDOMEventAttributeTagProcessor
[THYMELEAF]             * [* {th:onvolumechange,data-th-onvolumechange}] [1000]: org.thymeleaf.standard.processor.StandardDOMEventAttributeTagProcessor
[THYMELEAF]             * [* {th:onformchange,data-th-onformchange}] [1000]: org.thymeleaf.standard.processor.StandardDOMEventAttributeTagProcessor
[THYMELEAF]             * [* {th:onabort,data-th-onabort}] [1000]: org.thymeleaf.standard.processor.StandardDOMEventAttributeTagProcessor
[THYMELEAF]             * [* {th:onstalled,data-th-onstalled}] [1000]: org.thymeleaf.standard.processor.StandardDOMEventAttributeTagProcessor
[THYMELEAF]             * [* {th:onunload,data-th-onunload}] [1000]: org.thymeleaf.standard.processor.StandardDOMEventAttributeTagProcessor
[THYMELEAF]             * [* {th:onbeforeprint,data-th-onbeforeprint}] [1000]: org.thymeleaf.standard.processor.StandardDOMEventAttributeTagProcessor
[THYMELEAF]             * [* {th:ondurationchange,data-th-ondurationchange}] [1000]: org.thymeleaf.standard.processor.StandardDOMEventAttributeTagProcessor
[THYMELEAF]             * [* {th:onloadeddata,data-th-onloadeddata}] [1000]: org.thymeleaf.standard.processor.StandardDOMEventAttributeTagProcessor
[THYMELEAF]             * [* {th:ondragover,data-th-ondragover}] [1000]: org.thymeleaf.standard.processor.StandardDOMEventAttributeTagProcessor
[THYMELEAF]             * [* {th:onpause,data-th-onpause}] [1000]: org.thymeleaf.standard.processor.StandardDOMEventAttributeTagProcessor
[THYMELEAF]             * [* {th:onkeydown,data-th-onkeydown}] [1000]: org.thymeleaf.standard.processor.StandardDOMEventAttributeTagProcessor
[THYMELEAF]             * [* {th:onerror,data-th-onerror}] [1000]: org.thymeleaf.standard.processor.StandardDOMEventAttributeTagProcessor
[THYMELEAF]             * [* {th:onmouseup,data-th-onmouseup}] [1000]: org.thymeleaf.standard.processor.StandardDOMEventAttributeTagProcessor
[THYMELEAF]             * [* {th:onseeking,data-th-onseeking}] [1000]: org.thymeleaf.standard.processor.StandardDOMEventAttributeTagProcessor
[THYMELEAF]             * [* {th:ondrop,data-th-ondrop}] [1000]: org.thymeleaf.standard.processor.StandardDOMEventAttributeTagProcessor
[THYMELEAF]             * [* {th:onreadystatechange,data-th-onreadystatechange}] [1000]: org.thymeleaf.standard.processor.StandardDOMEventAttributeTagProcessor
[THYMELEAF]             * [* {th:onpopstate,data-th-onpopstate}] [1000]: org.thymeleaf.standard.processor.StandardDOMEventAttributeTagProcessor
[THYMELEAF]             * [* {th:href,data-th-href}] [1000]: org.thymeleaf.standard.processor.StandardHrefTagProcessor
[THYMELEAF]             * [* {th:inline,data-th-inline}] [1000]: org.thymeleaf.standard.processor.StandardInlineHTMLTagProcessor
[THYMELEAF]             * [* {th:method,data-th-method}] [1000]: org.thymeleaf.standard.processor.StandardMethodTagProcessor
[THYMELEAF]             * [* {th:type,data-th-type}] [1000]: org.thymeleaf.standard.processor.StandardNonRemovableAttributeTagProcessor
[THYMELEAF]             * [* {th:name,data-th-name}] [1000]: org.thymeleaf.standard.processor.StandardNonRemovableAttributeTagProcessor
[THYMELEAF]             * [* {th:step,data-th-step}] [1000]: org.thymeleaf.standard.processor.StandardRemovableAttributeTagProcessor
[THYMELEAF]             * [* {th:placeholder,data-th-placeholder}] [1000]: org.thymeleaf.standard.processor.StandardRemovableAttributeTagProcessor
[THYMELEAF]             * [* {th:pattern,data-th-pattern}] [1000]: org.thymeleaf.standard.processor.StandardRemovableAttributeTagProcessor
[THYMELEAF]             * [* {th:icon,data-th-icon}] [1000]: org.thymeleaf.standard.processor.StandardRemovableAttributeTagProcessor
[THYMELEAF]             * [* {th:scope,data-th-scope}] [1000]: org.thymeleaf.standard.processor.StandardRemovableAttributeTagProcessor
[THYMELEAF]             * [* {th:enctype,data-th-enctype}] [1000]: org.thymeleaf.standard.processor.StandardRemovableAttributeTagProcessor
[THYMELEAF]             * [* {th:draggable,data-th-draggable}] [1000]: org.thymeleaf.standard.processor.StandardRemovableAttributeTagProcessor
[THYMELEAF]             * [* {th:size,data-th-size}] [1000]: org.thymeleaf.standard.processor.StandardRemovableAttributeTagProcessor
[THYMELEAF]             * [* {th:media,data-th-media}] [1000]: org.thymeleaf.standard.processor.StandardRemovableAttributeTagProcessor
[THYMELEAF]             * [* {th:colspan,data-th-colspan}] [1000]: org.thymeleaf.standard.processor.StandardRemovableAttributeTagProcessor
[THYMELEAF]             * [* {th:high,data-th-high}] [1000]: org.thymeleaf.standard.processor.StandardRemovableAttributeTagProcessor
[THYMELEAF]             * [* {th:formtarget,data-th-formtarget}] [1000]: org.thymeleaf.standard.processor.StandardRemovableAttributeTagProcessor
[THYMELEAF]             * [* {th:background,data-th-background}] [1000]: org.thymeleaf.standard.processor.StandardRemovableAttributeTagProcessor
[THYMELEAF]             * [* {th:abbr,data-th-abbr}] [1000]: org.thymeleaf.standard.processor.StandardRemovableAttributeTagProcessor
[THYMELEAF]             * [* {th:formmethod,data-th-formmethod}] [1000]: org.thymeleaf.standard.processor.StandardRemovableAttributeTagProcessor
[THYMELEAF]             * [* {th:max,data-th-max}] [1000]: org.thymeleaf.standard.processor.StandardRemovableAttributeTagProcessor
[THYMELEAF]             * [* {th:target,data-th-target}] [1000]: org.thymeleaf.standard.processor.StandardRemovableAttributeTagProcessor
[THYMELEAF]             * [* {th:hspace,data-th-hspace}] [1000]: org.thymeleaf.standard.processor.StandardRemovableAttributeTagProcessor
[THYMELEAF]             * [* {th:radiogroup,data-th-radiogroup}] [1000]: org.thymeleaf.standard.processor.StandardRemovableAttributeTagProcessor
[THYMELEAF]             * [* {th:optimum,data-th-optimum}] [1000]: org.thymeleaf.standard.processor.StandardRemovableAttributeTagProcessor
[THYMELEAF]             * [* {th:codetype,data-th-codetype}] [1000]: org.thymeleaf.standard.processor.StandardRemovableAttributeTagProcessor
[THYMELEAF]             * [* {th:for,data-th-for}] [1000]: org.thymeleaf.standard.processor.StandardRemovableAttributeTagProcessor
[THYMELEAF]             * [* {th:frame,data-th-frame}] [1000]: org.thymeleaf.standard.processor.StandardRemovableAttributeTagProcessor
[THYMELEAF]             * [* {th:cite,data-th-cite}] [1000]: org.thymeleaf.standard.processor.StandardRemovableAttributeTagProcessor
[THYMELEAF]             * [* {th:vspace,data-th-vspace}] [1000]: org.thymeleaf.standard.processor.StandardRemovableAttributeTagProcessor
[THYMELEAF]             * [* {th:style,data-th-style}] [1000]: org.thymeleaf.standard.processor.StandardRemovableAttributeTagProcessor
[THYMELEAF]             * [* {th:formenctype,data-th-formenctype}] [1000]: org.thymeleaf.standard.processor.StandardRemovableAttributeTagProcessor
[THYMELEAF]             * [* {th:preload,data-th-preload}] [1000]: org.thymeleaf.standard.processor.StandardRemovableAttributeTagProcessor
[THYMELEAF]             * [* {th:charset,data-th-charset}] [1000]: org.thymeleaf.standard.processor.StandardRemovableAttributeTagProcessor
[THYMELEAF]             * [* {th:archive,data-th-archive}] [1000]: org.thymeleaf.standard.processor.StandardRemovableAttributeTagProcessor
[THYMELEAF]             * [* {th:span,data-th-span}] [1000]: org.thymeleaf.standard.processor.StandardRemovableAttributeTagProcessor
[THYMELEAF]             * [* {th:scrolling,data-th-scrolling}] [1000]: org.thymeleaf.standard.processor.StandardRemovableAttributeTagProcessor
[THYMELEAF]             * [* {th:class,data-th-class}] [1000]: org.thymeleaf.standard.processor.StandardRemovableAttributeTagProcessor
[THYMELEAF]             * [* {th:maxlength,data-th-maxlength}] [1000]: org.thymeleaf.standard.processor.StandardRemovableAttributeTagProcessor
[THYMELEAF]             * [* {th:compact,data-th-compact}] [1000]: org.thymeleaf.standard.processor.StandardRemovableAttributeTagProcessor
[THYMELEAF]             * [* {th:border,data-th-border}] [1000]: org.thymeleaf.standard.processor.StandardRemovableAttributeTagProcessor
[THYMELEAF]             * [* {th:http-equiv,data-th-http-equiv}] [1000]: org.thymeleaf.standard.processor.StandardRemovableAttributeTagProcessor
[THYMELEAF]             * [* {th:wrap,data-th-wrap}] [1000]: org.thymeleaf.standard.processor.StandardRemovableAttributeTagProcessor
[THYMELEAF]             * [* {th:rowspan,data-th-rowspan}] [1000]: org.thymeleaf.standard.processor.StandardRemovableAttributeTagProcessor
[THYMELEAF]             * [* {th:min,data-th-min}] [1000]: org.thymeleaf.standard.processor.StandardRemovableAttributeTagProcessor
[THYMELEAF]             * [* {th:dir,data-th-dir}] [1000]: org.thymeleaf.standard.processor.StandardRemovableAttributeTagProcessor
[THYMELEAF]             * [* {th:spellcheck,data-th-spellcheck}] [1000]: org.thymeleaf.standard.processor.StandardRemovableAttributeTagProcessor
[THYMELEAF]             * [* {th:data,data-th-data}] [1000]: org.thymeleaf.standard.processor.StandardRemovableAttributeTagProcessor
[THYMELEAF]             * [* {th:longdesc,data-th-longdesc}] [1000]: org.thymeleaf.standard.processor.StandardRemovableAttributeTagProcessor
[THYMELEAF]             * [* {th:sandbox,data-th-sandbox}] [1000]: org.thymeleaf.standard.processor.StandardRemovableAttributeTagProcessor
[THYMELEAF]             * [* {th:cellpadding,data-th-cellpadding}] [1000]: org.thymeleaf.standard.processor.StandardRemovableAttributeTagProcessor
[THYMELEAF]             * [* {th:classid,data-th-classid}] [1000]: org.thymeleaf.standard.processor.StandardRemovableAttributeTagProcessor
[THYMELEAF]             * [* {th:cols,data-th-cols}] [1000]: org.thymeleaf.standard.processor.StandardRemovableAttributeTagProcessor
[THYMELEAF]             * [* {th:accept,data-th-accept}] [1000]: org.thymeleaf.standard.processor.StandardRemovableAttributeTagProcessor
[THYMELEAF]             * [* {th:tabindex,data-th-tabindex}] [1000]: org.thymeleaf.standard.processor.StandardRemovableAttributeTagProcessor
[THYMELEAF]             * [* {th:codebase,data-th-codebase}] [1000]: org.thymeleaf.standard.processor.StandardRemovableAttributeTagProcessor
[THYMELEAF]             * [* {th:sizes,data-th-sizes}] [1000]: org.thymeleaf.standard.processor.StandardRemovableAttributeTagProcessor
[THYMELEAF]             * [* {th:marginwidth,data-th-marginwidth}] [1000]: org.thymeleaf.standard.processor.StandardRemovableAttributeTagProcessor
[THYMELEAF]             * [* {th:id,data-th-id}] [1000]: org.thymeleaf.standard.processor.StandardRemovableAttributeTagProcessor
[THYMELEAF]             * [* {th:srclang,data-th-srclang}] [1000]: org.thymeleaf.standard.processor.StandardRemovableAttributeTagProcessor
[THYMELEAF]             * [* {th:alt,data-th-alt}] [1000]: org.thymeleaf.standard.processor.StandardRemovableAttributeTagProcessor
[THYMELEAF]             * [* {th:bgcolor,data-th-bgcolor}] [1000]: org.thymeleaf.standard.processor.StandardRemovableAttributeTagProcessor
[THYMELEAF]             * [* {th:axis,data-th-axis}] [1000]: org.thymeleaf.standard.processor.StandardRemovableAttributeTagProcessor
[THYMELEAF]             * [* {th:manifest,data-th-manifest}] [1000]: org.thymeleaf.standard.processor.StandardRemovableAttributeTagProcessor
[THYMELEAF]             * [* {th:width,data-th-width}] [1000]: org.thymeleaf.standard.processor.StandardRemovableAttributeTagProcessor
[THYMELEAF]             * [* {th:valuetype,data-th-valuetype}] [1000]: org.thymeleaf.standard.processor.StandardRemovableAttributeTagProcessor
[THYMELEAF]             * [* {th:hreflang,data-th-hreflang}] [1000]: org.thymeleaf.standard.processor.StandardRemovableAttributeTagProcessor
[THYMELEAF]             * [* {th:poster,data-th-poster}] [1000]: org.thymeleaf.standard.processor.StandardRemovableAttributeTagProcessor
[THYMELEAF]             * [* {th:contextmenu,data-th-contextmenu}] [1000]: org.thymeleaf.standard.processor.StandardRemovableAttributeTagProcessor
[THYMELEAF]             * [* {th:rel,data-th-rel}] [1000]: org.thymeleaf.standard.processor.StandardRemovableAttributeTagProcessor
[THYMELEAF]             * [* {th:label,data-th-label}] [1000]: org.thymeleaf.standard.processor.StandardRemovableAttributeTagProcessor
[THYMELEAF]             * [* {th:rows,data-th-rows}] [1000]: org.thymeleaf.standard.processor.StandardRemovableAttributeTagProcessor
[THYMELEAF]             * [* {th:headers,data-th-headers}] [1000]: org.thymeleaf.standard.processor.StandardRemovableAttributeTagProcessor
[THYMELEAF]             * [* {th:usemap,data-th-usemap}] [1000]: org.thymeleaf.standard.processor.StandardRemovableAttributeTagProcessor
[THYMELEAF]             * [* {th:cellspacing,data-th-cellspacing}] [1000]: org.thymeleaf.standard.processor.StandardRemovableAttributeTagProcessor
[THYMELEAF]             * [* {th:scheme,data-th-scheme}] [1000]: org.thymeleaf.standard.processor.StandardRemovableAttributeTagProcessor
[THYMELEAF]             * [* {th:formaction,data-th-formaction}] [1000]: org.thymeleaf.standard.processor.StandardRemovableAttributeTagProcessor
[THYMELEAF]             * [* {th:marginheight,data-th-marginheight}] [1000]: org.thymeleaf.standard.processor.StandardRemovableAttributeTagProcessor
[THYMELEAF]             * [* {th:autocomplete,data-th-autocomplete}] [1000]: org.thymeleaf.standard.processor.StandardRemovableAttributeTagProcessor
[THYMELEAF]             * [* {th:accesskey,data-th-accesskey}] [1000]: org.thymeleaf.standard.processor.StandardRemovableAttributeTagProcessor
[THYMELEAF]             * [* {th:datetime,data-th-datetime}] [1000]: org.thymeleaf.standard.processor.StandardRemovableAttributeTagProcessor
[THYMELEAF]             * [* {th:height,data-th-height}] [1000]: org.thymeleaf.standard.processor.StandardRemovableAttributeTagProcessor
[THYMELEAF]             * [* {th:form,data-th-form}] [1000]: org.thymeleaf.standard.processor.StandardRemovableAttributeTagProcessor
[THYMELEAF]             * [* {th:content,data-th-content}] [1000]: org.thymeleaf.standard.processor.StandardRemovableAttributeTagProcessor
[THYMELEAF]             * [* {th:rev,data-th-rev}] [1000]: org.thymeleaf.standard.processor.StandardRemovableAttributeTagProcessor
[THYMELEAF]             * [* {th:keytype,data-th-keytype}] [1000]: org.thymeleaf.standard.processor.StandardRemovableAttributeTagProcessor
[THYMELEAF]             * [* {th:audio,data-th-audio}] [1000]: org.thymeleaf.standard.processor.StandardRemovableAttributeTagProcessor
[THYMELEAF]             * [* {th:title,data-th-title}] [1000]: org.thymeleaf.standard.processor.StandardRemovableAttributeTagProcessor
[THYMELEAF]             * [* {th:standby,data-th-standby}] [1000]: org.thymeleaf.standard.processor.StandardRemovableAttributeTagProcessor
[THYMELEAF]             * [* {th:list,data-th-list}] [1000]: org.thymeleaf.standard.processor.StandardRemovableAttributeTagProcessor
[THYMELEAF]             * [* {th:rules,data-th-rules}] [1000]: org.thymeleaf.standard.processor.StandardRemovableAttributeTagProcessor
[THYMELEAF]             * [* {th:low,data-th-low}] [1000]: org.thymeleaf.standard.processor.StandardRemovableAttributeTagProcessor
[THYMELEAF]             * [* {th:dropzone,data-th-dropzone}] [1000]: org.thymeleaf.standard.processor.StandardRemovableAttributeTagProcessor
[THYMELEAF]             * [* {th:summary,data-th-summary}] [1000]: org.thymeleaf.standard.processor.StandardRemovableAttributeTagProcessor
[THYMELEAF]             * [* {th:kind,data-th-kind}] [1000]: org.thymeleaf.standard.processor.StandardRemovableAttributeTagProcessor
[THYMELEAF]             * [* {th:accept-charset,data-th-accept-charset}] [1000]: org.thymeleaf.standard.processor.StandardRemovableAttributeTagProcessor
[THYMELEAF]             * [* {th:lang,data-th-lang}] [1000]: org.thymeleaf.standard.processor.StandardRemovableAttributeTagProcessor
[THYMELEAF]             * [* {th:frameborder,data-th-frameborder}] [1000]: org.thymeleaf.standard.processor.StandardRemovableAttributeTagProcessor
[THYMELEAF]             * [* {th:contenteditable,data-th-contenteditable}] [1000]: org.thymeleaf.standard.processor.StandardRemovableAttributeTagProcessor
[THYMELEAF]             * [* {th:challenge,data-th-challenge}] [1000]: org.thymeleaf.standard.processor.StandardRemovableAttributeTagProcessor
[THYMELEAF]             * [* {th:align,data-th-align}] [1000]: org.thymeleaf.standard.processor.StandardRemovableAttributeTagProcessor
[THYMELEAF]             * [* {th:start,data-th-start}] [1000]: org.thymeleaf.standard.processor.StandardRemovableAttributeTagProcessor
[THYMELEAF]             * [* {th:src,data-th-src}] [1000]: org.thymeleaf.standard.processor.StandardSrcTagProcessor
[THYMELEAF]             * [* {th:value,data-th-value}] [1000]: org.thymeleaf.standard.processor.StandardValueTagProcessor
[THYMELEAF]             * [* {th:xmlbase,data-th-xmlbase}] [1000]: org.thymeleaf.standard.processor.StandardXmlBaseTagProcessor
[THYMELEAF]             * [* {th:xmllang,data-th-xmllang}] [1000]: org.thymeleaf.standard.processor.StandardXmlLangTagProcessor
[THYMELEAF]             * [* {xmlns:th}] [1000]: org.thymeleaf.standard.processor.StandardXmlNsTagProcessor
[THYMELEAF]             * [* {th:xmlspace,data-th-xmlspace}] [1000]: org.thymeleaf.standard.processor.StandardXmlSpaceTagProcessor
[THYMELEAF]             * [* {th:classappend,data-th-classappend}] [1100]: org.thymeleaf.standard.processor.StandardClassappendTagProcessor
[THYMELEAF]             * [* {th:styleappend,data-th-styleappend}] [1100]: org.thymeleaf.standard.processor.StandardStyleappendTagProcessor
[THYMELEAF]             * [* {th:text,data-th-text}] [1300]: org.thymeleaf.standard.processor.StandardTextTagProcessor
[THYMELEAF]             * [* {th:utext,data-th-utext}] [1400]: org.thymeleaf.standard.processor.StandardUtextTagProcessor
[THYMELEAF]             * [* {th:fragment,data-th-fragment}] [1500]: org.thymeleaf.standard.processor.StandardFragmentTagProcessor
[THYMELEAF]             * [* {th:assert,data-th-assert}] [1550]: org.thymeleaf.standard.processor.StandardAssertTagProcessor
[THYMELEAF]             * [* {th:remove,data-th-remove}] [1600]: org.thymeleaf.standard.processor.StandardRemoveTagProcessor
[THYMELEAF]             * [* {th:ref,data-th-ref}] [10000]: org.thymeleaf.standard.processor.StandardRefAttributeTagProcessor
[THYMELEAF]             * [{th:block,th-block} *] [100000]: org.thymeleaf.standard.processor.StandardBlockTagProcessor
[THYMELEAF]             * [* th:*] [2147483647]: org.thymeleaf.standard.processor.StandardDefaultAttributesTagProcessor
[THYMELEAF]         * Text Processors by [precedence]:
[THYMELEAF]             * [1000]: org.thymeleaf.standard.processor.StandardInliningTextProcessor
[THYMELEAF]         * DOCTYPE Processors by [precedence]:
[THYMELEAF]             * [1000]: org.thymeleaf.standard.processor.StandardTranslationDocTypeProcessor
[THYMELEAF]         * CDATA Section Processors by [precedence]:
[THYMELEAF]             * [1000]: org.thymeleaf.standard.processor.StandardInliningCDATASectionProcessor
[THYMELEAF]         * Comment Processors by [precedence]:
[THYMELEAF]             * [1000]: org.thymeleaf.standard.processor.StandardInliningCommentProcessor
[THYMELEAF]             * [1100]: org.thymeleaf.standard.processor.StandardConditionalCommentProcessor
[THYMELEAF]     * Processors for Template Mode: XML
[THYMELEAF]         * Element Tag Processors by [matching element and attribute name] [precedence]:
[THYMELEAF]             * [* {th:include}] [100]: org.thymeleaf.standard.processor.StandardIncludeTagProcessor
[THYMELEAF]             * [* {th:insert}] [100]: org.thymeleaf.standard.processor.StandardInsertTagProcessor
[THYMELEAF]             * [* {th:replace}] [100]: org.thymeleaf.standard.processor.StandardReplaceTagProcessor
[THYMELEAF]             * [* {th:each}] [200]: com.intuit.karate.template.KarateEachTagProcessor
[THYMELEAF]             * [* {th:switch}] [250]: org.thymeleaf.standard.processor.StandardSwitchTagProcessor
[THYMELEAF]             * [* {th:case}] [275]: org.thymeleaf.standard.processor.StandardCaseTagProcessor
[THYMELEAF]             * [* {th:if}] [300]: org.thymeleaf.standard.processor.StandardIfTagProcessor
[THYMELEAF]             * [* {th:unless}] [400]: org.thymeleaf.standard.processor.StandardUnlessTagProcessor
[THYMELEAF]             * [* {th:object}] [500]: org.thymeleaf.standard.processor.StandardObjectTagProcessor
[THYMELEAF]             * [* {th:with}] [600]: com.intuit.karate.template.KarateWithTagProcessor
[THYMELEAF]             * [* {th:attr}] [700]: com.intuit.karate.template.KarateAttributeTagProcessor.KarateAttrTagProcessor
[THYMELEAF]             * [* {th:attrappend}] [900]: com.intuit.karate.template.KarateAttributeTagProcessor.KarateAttrappendTagProcessor
[THYMELEAF]             * [* {th:attrprepend}] [900]: com.intuit.karate.template.KarateAttributeTagProcessor.KarateAttrprependTagProcessor
[THYMELEAF]             * [* {th:inline}] [1000]: org.thymeleaf.standard.processor.StandardInlineXMLTagProcessor
[THYMELEAF]             * [* {xmlns:th}] [1000]: org.thymeleaf.standard.processor.StandardXmlNsTagProcessor
[THYMELEAF]             * [* {th:text}] [1300]: org.thymeleaf.standard.processor.StandardTextTagProcessor
[THYMELEAF]             * [* {th:utext}] [1400]: org.thymeleaf.standard.processor.StandardUtextTagProcessor
[THYMELEAF]             * [* {th:fragment}] [1500]: org.thymeleaf.standard.processor.StandardFragmentTagProcessor
[THYMELEAF]             * [* {th:assert}] [1550]: org.thymeleaf.standard.processor.StandardAssertTagProcessor
[THYMELEAF]             * [* {th:remove}] [1600]: org.thymeleaf.standard.processor.StandardRemoveTagProcessor
[THYMELEAF]             * [* {th:ref}] [10000]: org.thymeleaf.standard.processor.StandardRefAttributeTagProcessor
[THYMELEAF]             * [{th:block} *] [100000]: org.thymeleaf.standard.processor.StandardBlockTagProcessor
[THYMELEAF]             * [* th:*] [2147483647]: org.thymeleaf.standard.processor.StandardDefaultAttributesTagProcessor
[THYMELEAF]         * Text Processors by [precedence]:
[THYMELEAF]             * [1000]: org.thymeleaf.standard.processor.StandardInliningTextProcessor
[THYMELEAF]         * CDATA Section Processors by [precedence]:
[THYMELEAF]             * [1000]: org.thymeleaf.standard.processor.StandardInliningCDATASectionProcessor
[THYMELEAF]         * Comment Processors by [precedence]:
[THYMELEAF]             * [1000]: org.thymeleaf.standard.processor.StandardInliningCommentProcessor
[THYMELEAF]     * Processors for Template Mode: TEXT
[THYMELEAF]         * Element Tag Processors by [matching element and attribute name] [precedence]:
[THYMELEAF]             * [* {th:insert}] [100]: org.thymeleaf.standard.processor.StandardInsertTagProcessor
[THYMELEAF]             * [* {th:replace}] [100]: org.thymeleaf.standard.processor.StandardReplaceTagProcessor
[THYMELEAF]             * [* {th:each}] [200]: com.intuit.karate.template.KarateEachTagProcessor
[THYMELEAF]             * [* {th:switch}] [250]: org.thymeleaf.standard.processor.StandardSwitchTagProcessor
[THYMELEAF]             * [* {th:case}] [275]: org.thymeleaf.standard.processor.StandardCaseTagProcessor
[THYMELEAF]             * [* {th:if}] [300]: org.thymeleaf.standard.processor.StandardIfTagProcessor
[THYMELEAF]             * [* {th:unless}] [400]: org.thymeleaf.standard.processor.StandardUnlessTagProcessor
[THYMELEAF]             * [* {th:object}] [500]: org.thymeleaf.standard.processor.StandardObjectTagProcessor
[THYMELEAF]             * [* {th:with}] [600]: com.intuit.karate.template.KarateWithTagProcessor
[THYMELEAF]             * [* {th:inline}] [1000]: org.thymeleaf.standard.processor.StandardInlineTextualTagProcessor
[THYMELEAF]             * [* {th:text}] [1300]: org.thymeleaf.standard.processor.StandardTextTagProcessor
[THYMELEAF]             * [* {th:utext}] [1400]: org.thymeleaf.standard.processor.StandardUtextTagProcessor
[THYMELEAF]             * [* {th:assert}] [1550]: org.thymeleaf.standard.processor.StandardAssertTagProcessor
[THYMELEAF]             * [* {th:remove}] [1600]: org.thymeleaf.standard.processor.StandardRemoveTagProcessor
[THYMELEAF]             * [{th:block} *] [100000]: org.thymeleaf.standard.processor.StandardBlockTagProcessor
[THYMELEAF]             * [* 100000] [org.thymeleaf.standard.processor.StandardBlockTagProcessor]: {}
[THYMELEAF]         * Text Processors by [precedence]:
[THYMELEAF]             * [1000]: org.thymeleaf.standard.processor.StandardInliningTextProcessor
[THYMELEAF]     * Processors for Template Mode: JAVASCRIPT
[THYMELEAF]         * Element Tag Processors by [matching element and attribute name] [precedence]:
[THYMELEAF]             * [* {th:insert}] [100]: org.thymeleaf.standard.processor.StandardInsertTagProcessor
[THYMELEAF]             * [* {th:replace}] [100]: org.thymeleaf.standard.processor.StandardReplaceTagProcessor
[THYMELEAF]             * [* {th:each}] [200]: com.intuit.karate.template.KarateEachTagProcessor
[THYMELEAF]             * [* {th:switch}] [250]: org.thymeleaf.standard.processor.StandardSwitchTagProcessor
[THYMELEAF]             * [* {th:case}] [275]: org.thymeleaf.standard.processor.StandardCaseTagProcessor
[THYMELEAF]             * [* {th:if}] [300]: org.thymeleaf.standard.processor.StandardIfTagProcessor
[THYMELEAF]             * [* {th:unless}] [400]: org.thymeleaf.standard.processor.StandardUnlessTagProcessor
[THYMELEAF]             * [* {th:object}] [500]: org.thymeleaf.standard.processor.StandardObjectTagProcessor
[THYMELEAF]             * [* {th:with}] [600]: com.intuit.karate.template.KarateWithTagProcessor
[THYMELEAF]             * [* {th:inline}] [1000]: org.thymeleaf.standard.processor.StandardInlineTextualTagProcessor
[THYMELEAF]             * [* {th:text}] [1300]: org.thymeleaf.standard.processor.StandardTextTagProcessor
[THYMELEAF]             * [* {th:utext}] [1400]: org.thymeleaf.standard.processor.StandardUtextTagProcessor
[THYMELEAF]             * [* {th:assert}] [1550]: org.thymeleaf.standard.processor.StandardAssertTagProcessor
[THYMELEAF]             * [* {th:remove}] [1600]: org.thymeleaf.standard.processor.StandardRemoveTagProcessor
[THYMELEAF]             * [{th:block} *] [100000]: org.thymeleaf.standard.processor.StandardBlockTagProcessor
[THYMELEAF]             * [* 100000] [org.thymeleaf.standard.processor.StandardBlockTagProcessor]: {}
[THYMELEAF]         * Text Processors by [precedence]:
[THYMELEAF]             * [1000]: org.thymeleaf.standard.processor.StandardInliningTextProcessor
[THYMELEAF]     * Processors for Template Mode: CSS
[THYMELEAF]         * Element Tag Processors by [matching element and attribute name] [precedence]:
[THYMELEAF]             * [* {th:insert}] [100]: org.thymeleaf.standard.processor.StandardInsertTagProcessor
[THYMELEAF]             * [* {th:replace}] [100]: org.thymeleaf.standard.processor.StandardReplaceTagProcessor
[THYMELEAF]             * [* {th:each}] [200]: com.intuit.karate.template.KarateEachTagProcessor
[THYMELEAF]             * [* {th:switch}] [250]: org.thymeleaf.standard.processor.StandardSwitchTagProcessor
[THYMELEAF]             * [* {th:case}] [275]: org.thymeleaf.standard.processor.StandardCaseTagProcessor
[THYMELEAF]             * [* {th:if}] [300]: org.thymeleaf.standard.processor.StandardIfTagProcessor
[THYMELEAF]             * [* {th:unless}] [400]: org.thymeleaf.standard.processor.StandardUnlessTagProcessor
[THYMELEAF]             * [* {th:object}] [500]: org.thymeleaf.standard.processor.StandardObjectTagProcessor
[THYMELEAF]             * [* {th:with}] [600]: com.intuit.karate.template.KarateWithTagProcessor
[THYMELEAF]             * [* {th:inline}] [1000]: org.thymeleaf.standard.processor.StandardInlineTextualTagProcessor
[THYMELEAF]             * [* {th:text}] [1300]: org.thymeleaf.standard.processor.StandardTextTagProcessor
[THYMELEAF]             * [* {th:utext}] [1400]: org.thymeleaf.standard.processor.StandardUtextTagProcessor
[THYMELEAF]             * [* {th:assert}] [1550]: org.thymeleaf.standard.processor.StandardAssertTagProcessor
[THYMELEAF]             * [* {th:remove}] [1600]: org.thymeleaf.standard.processor.StandardRemoveTagProcessor
[THYMELEAF]             * [{th:block} *] [100000]: org.thymeleaf.standard.processor.StandardBlockTagProcessor
[THYMELEAF]             * [* 100000] [org.thymeleaf.standard.processor.StandardBlockTagProcessor]: {}
[THYMELEAF]         * Text Processors by [precedence]:
[THYMELEAF]             * [1000]: org.thymeleaf.standard.processor.StandardInliningTextProcessor
[THYMELEAF]     * Expression Objects:
[THYMELEAF]         * #ctx
[THYMELEAF]         * #root
[THYMELEAF]         * #vars
[THYMELEAF]         * #object
[THYMELEAF]         * #locale
[THYMELEAF]         * #conversions
[THYMELEAF]         * #uris
[THYMELEAF]         * #temporals
[THYMELEAF]         * #calendars
[THYMELEAF]         * #dates
[THYMELEAF]         * #bools
[THYMELEAF]         * #numbers
[THYMELEAF]         * #objects
[THYMELEAF]         * #strings
[THYMELEAF]         * #arrays
[THYMELEAF]         * #lists
[THYMELEAF]         * #sets
[THYMELEAF]         * #maps
[THYMELEAF]         * #aggregates
[THYMELEAF]         * #messages
[THYMELEAF]         * #ids
[THYMELEAF]         * #execInfo
[THYMELEAF]         * #request
[THYMELEAF]         * #response
[THYMELEAF]         * #session
[THYMELEAF]         * #servletContext
[THYMELEAF]     * Execution Attributes:
[THYMELEAF]         * "StandardExpressionParser": com.intuit.karate.template.KarateStandardDialect@4628b1d3
[THYMELEAF]         * "StandardJavaScriptSerializer": org.thymeleaf.standard.serializer.StandardJavaScriptSerializer@553f3b6e
[THYMELEAF]         * "StandardCSSSerializer": org.thymeleaf.standard.serializer.StandardCSSSerializer@4c7a078
[THYMELEAF]         * "StandardVariableExpressionEvaluator": com.intuit.karate.template.KarateStandardDialect@4628b1d3
[THYMELEAF]         * "StandardConversionService": org.thymeleaf.standard.expression.StandardConversionService@4e406694
[THYMELEAF] * Dialect [2 of 2]: karate (com.intuit.karate.template.KarateScriptDialect)
[THYMELEAF]     * Prefix: "ka"
[THYMELEAF]     * Processors for Template Mode: HTML
[THYMELEAF]         * Element Tag Processors by [matching element and attribute name] [precedence]:
[THYMELEAF]             * [* {src}] [1000]: com.intuit.karate.template.KaScriptAttrProcessor
[THYMELEAF]         * Element Model Processors by [matching element and attribute name] [precedence]:
[THYMELEAF]             * [{script} {ka:scope,data-ka-scope}] [1000]: com.intuit.karate.template.KaScriptElemProcessor
[THYMELEAF]             * [* {ka:set,data-ka-set}] [1000]: com.intuit.karate.template.KaSetElemProcessor
[THYMELEAF] TEMPLATE ENGINE CONFIGURED OK
22:57:45.675 [main] DEBUG org.thymeleaf.TemplateEngine -- [THYMELEAF] TEMPLATE ENGINE INITIALIZED
22:57:45.702 [main] DEBUG org.thymeleaf.TemplateEngine -- [THYMELEAF] INITIALIZING TEMPLATE ENGINE
22:57:45.722 [main] DEBUG org.thymeleaf.TemplateEngine.CONFIG -- Initializing Thymeleaf Template engine configuration...
[THYMELEAF] TEMPLATE ENGINE CONFIGURATION:
[THYMELEAF] * Thymeleaf version: 3.1.2.RELEASE (built 2023-07-30T19:25:50+0000)
[THYMELEAF] * Cache Manager implementation: org.thymeleaf.cache.StandardCacheManager
[THYMELEAF] * Template resolvers:
[THYMELEAF]     * [1] com.intuit.karate.template.ResourceHtmlTemplateResolver
[THYMELEAF] * Message resolvers:
[THYMELEAF]     * org.thymeleaf.messageresolver.StandardMessageResolver
[THYMELEAF] * Link builders:
[THYMELEAF]     * org.thymeleaf.linkbuilder.StandardLinkBuilder
[THYMELEAF] * Dialect [1 of 2]: Standard (com.intuit.karate.template.KarateStandardDialect)
[THYMELEAF]     * Prefix: "th"
[THYMELEAF]     * Processors for Template Mode: HTML
[THYMELEAF]         * Element Tag Processors by [matching element and attribute name] [precedence]:
[THYMELEAF]             * [* {th:include,data-th-include}] [100]: org.thymeleaf.standard.processor.StandardIncludeTagProcessor
[THYMELEAF]             * [* {th:insert,data-th-insert}] [100]: org.thymeleaf.standard.processor.StandardInsertTagProcessor
[THYMELEAF]             * [* {th:replace,data-th-replace}] [100]: org.thymeleaf.standard.processor.StandardReplaceTagProcessor
[THYMELEAF]             * [* {th:each,data-th-each}] [200]: com.intuit.karate.template.KarateEachTagProcessor
[THYMELEAF]             * [* {th:switch,data-th-switch}] [250]: org.thymeleaf.standard.processor.StandardSwitchTagProcessor
[THYMELEAF]             * [* {th:case,data-th-case}] [275]: org.thymeleaf.standard.processor.StandardCaseTagProcessor
[THYMELEAF]             * [* {th:if,data-th-if}] [300]: org.thymeleaf.standard.processor.StandardIfTagProcessor
[THYMELEAF]             * [* {th:unless,data-th-unless}] [400]: org.thymeleaf.standard.processor.StandardUnlessTagProcessor
[THYMELEAF]             * [* {th:object,data-th-object}] [500]: org.thymeleaf.standard.processor.StandardObjectTagProcessor
[THYMELEAF]             * [* {th:with,data-th-with}] [600]: com.intuit.karate.template.KarateWithTagProcessor
[THYMELEAF]             * [* {th:attr,data-th-attr}] [700]: com.intuit.karate.template.KarateAttributeTagProcessor.KarateAttrTagProcessor
[THYMELEAF]             * [* {th:attrappend,data-th-attrappend}] [900]: com.intuit.karate.template.KarateAttributeTagProcessor.KarateAttrappendTagProcessor
[THYMELEAF]             * [* {th:attrprepend,data-th-attrprepend}] [900]: com.intuit.karate.template.KarateAttributeTagProcessor.KarateAttrprependTagProcessor
[THYMELEAF]             * [* {th:alt-title,data-th-alt-title}] [990]: org.thymeleaf.standard.processor.StandardAltTitleTagProcessor
[THYMELEAF]             * [* {th:lang-xmllang,data-th-lang-xmllang}] [990]: org.thymeleaf.standard.processor.StandardLangXmlLangTagProcessor
[THYMELEAF]             * [* {th:action,data-th-action}] [1000]: org.thymeleaf.standard.processor.StandardActionTagProcessor
[THYMELEAF]             * [* {th:defer,data-th-defer}] [1000]: org.thymeleaf.standard.processor.StandardConditionalFixedValueTagProcessor
[THYMELEAF]             * [* {th:nowrap,data-th-nowrap}] [1000]: org.thymeleaf.standard.processor.StandardConditionalFixedValueTagProcessor
[THYMELEAF]             * [* {th:formnovalidate,data-th-formnovalidate}] [1000]: org.thymeleaf.standard.processor.StandardConditionalFixedValueTagProcessor
[THYMELEAF]             * [* {th:scoped,data-th-scoped}] [1000]: org.thymeleaf.standard.processor.StandardConditionalFixedValueTagProcessor
[THYMELEAF]             * [* {th:controls,data-th-controls}] [1000]: org.thymeleaf.standard.processor.StandardConditionalFixedValueTagProcessor
[THYMELEAF]             * [* {th:required,data-th-required}] [1000]: org.thymeleaf.standard.processor.StandardConditionalFixedValueTagProcessor
[THYMELEAF]             * [* {th:pubdate,data-th-pubdate}] [1000]: org.thymeleaf.standard.processor.StandardConditionalFixedValueTagProcessor
[THYMELEAF]             * [* {th:seamless,data-th-seamless}] [1000]: org.thymeleaf.standard.processor.StandardConditionalFixedValueTagProcessor
[THYMELEAF]             * [* {th:default,data-th-default}] [1000]: org.thymeleaf.standard.processor.StandardConditionalFixedValueTagProcessor
[THYMELEAF]             * [* {th:novalidate,data-th-novalidate}] [1000]: org.thymeleaf.standard.processor.StandardConditionalFixedValueTagProcessor
[THYMELEAF]             * [* {th:selected,data-th-selected}] [1000]: org.thymeleaf.standard.processor.StandardConditionalFixedValueTagProcessor
[THYMELEAF]             * [* {th:loop,data-th-loop}] [1000]: org.thymeleaf.standard.processor.StandardConditionalFixedValueTagProcessor
[THYMELEAF]             * [* {th:readonly,data-th-readonly}] [1000]: org.thymeleaf.standard.processor.StandardConditionalFixedValueTagProcessor
[THYMELEAF]             * [* {th:open,data-th-open}] [1000]: org.thymeleaf.standard.processor.StandardConditionalFixedValueTagProcessor
[THYMELEAF]             * [* {th:disabled,data-th-disabled}] [1000]: org.thymeleaf.standard.processor.StandardConditionalFixedValueTagProcessor
[THYMELEAF]             * [* {th:autoplay,data-th-autoplay}] [1000]: org.thymeleaf.standard.processor.StandardConditionalFixedValueTagProcessor
[THYMELEAF]             * [* {th:checked,data-th-checked}] [1000]: org.thymeleaf.standard.processor.StandardConditionalFixedValueTagProcessor
[THYMELEAF]             * [* {th:multiple,data-th-multiple}] [1000]: org.thymeleaf.standard.processor.StandardConditionalFixedValueTagProcessor
[THYMELEAF]             * [* {th:declare,data-th-declare}] [1000]: org.thymeleaf.standard.processor.StandardConditionalFixedValueTagProcessor
[THYMELEAF]             * [* {th:reversed,data-th-reversed}] [1000]: org.thymeleaf.standard.processor.StandardConditionalFixedValueTagProcessor
[THYMELEAF]             * [* {th:ismap,data-th-ismap}] [1000]: org.thymeleaf.standard.processor.StandardConditionalFixedValueTagProcessor
[THYMELEAF]             * [* {th:hidden,data-th-hidden}] [1000]: org.thymeleaf.standard.processor.StandardConditionalFixedValueTagProcessor
[THYMELEAF]             * [* {th:autofocus,data-th-autofocus}] [1000]: org.thymeleaf.standard.processor.StandardConditionalFixedValueTagProcessor
[THYMELEAF]             * [* {th:async,data-th-async}] [1000]: org.thymeleaf.standard.processor.StandardConditionalFixedValueTagProcessor
[THYMELEAF]             * [* {th:onloadedmetadata,data-th-onloadedmetadata}] [1000]: org.thymeleaf.standard.processor.StandardDOMEventAttributeTagProcessor
[THYMELEAF]             * [* {th:onplay,data-th-onplay}] [1000]: org.thymeleaf.standard.processor.StandardDOMEventAttributeTagProcessor
[THYMELEAF]             * [* {th:onbeforeunload,data-th-onbeforeunload}] [1000]: org.thymeleaf.standard.processor.StandardDOMEventAttributeTagProcessor
[THYMELEAF]             * [* {th:onclick,data-th-onclick}] [1000]: org.thymeleaf.standard.processor.StandardDOMEventAttributeTagProcessor
[THYMELEAF]             * [* {th:onseeking,data-th-onseeking}] [1000]: org.thymeleaf.standard.processor.StandardDOMEventAttributeTagProcessor
[THYMELEAF]             * [* {th:onmouseover,data-th-onmouseover}] [1000]: org.thymeleaf.standard.processor.StandardDOMEventAttributeTagProcessor
[THYMELEAF]             * [* {th:onwaiting,data-th-onwaiting}] [1000]: org.thymeleaf.standard.processor.StandardDOMEventAttributeTagProcessor
[THYMELEAF]             * [* {th:onbeforeprint,data-th-onbeforeprint}] [1000]: org.thymeleaf.standard.processor.StandardDOMEventAttributeTagProcessor
[THYMELEAF]             * [* {th:onunload,data-th-onunload}] [1000]: org.thymeleaf.standard.processor.StandardDOMEventAttributeTagProcessor
[THYMELEAF]             * [* {th:onhashchange,data-th-onhashchange}] [1000]: org.thymeleaf.standard.processor.StandardDOMEventAttributeTagProcessor
[THYMELEAF]             * [* {th:onload,data-th-onload}] [1000]: org.thymeleaf.standard.processor.StandardDOMEventAttributeTagProcessor
[THYMELEAF]             * [* {th:onseeked,data-th-onseeked}] [1000]: org.thymeleaf.standard.processor.StandardDOMEventAttributeTagProcessor
[THYMELEAF]             * [* {th:onstalled,data-th-onstalled}] [1000]: org.thymeleaf.standard.processor.StandardDOMEventAttributeTagProcessor
[THYMELEAF]             * [* {th:onkeyup,data-th-onkeyup}] [1000]: org.thymeleaf.standard.processor.StandardDOMEventAttributeTagProcessor
[THYMELEAF]             * [* {th:onselect,data-th-onselect}] [1000]: org.thymeleaf.standard.processor.StandardDOMEventAttributeTagProcessor
[THYMELEAF]             * [* {th:onmouseup,data-th-onmouseup}] [1000]: org.thymeleaf.standard.processor.StandardDOMEventAttributeTagProcessor
[THYMELEAF]             * [* {th:ontimeupdate,data-th-ontimeupdate}] [1000]: org.thymeleaf.standard.processor.StandardDOMEventAttributeTagProcessor
[THYMELEAF]             * [* {th:onreadystatechange,data-th-onreadystatechange}] [1000]: org.thymeleaf.standard.processor.StandardDOMEventAttributeTagProcessor
[THYMELEAF]             * [* {th:onmousemove,data-th-onmousemove}] [1000]: org.thymeleaf.standard.processor.StandardDOMEventAttributeTagProcessor
[THYMELEAF]             * [* {th:onoffline,data-th-onoffline}] [1000]: org.thymeleaf.standard.processor.StandardDOMEventAttributeTagProcessor
[THYMELEAF]             * [* {th:oncontextmenu,data-th-oncontextmenu}] [1000]: org.thymeleaf.standard.processor.StandardDOMEventAttributeTagProcessor
[THYMELEAF]             * [* {th:onforminput,data-th-onforminput}] [1000]: org.thymeleaf.standard.processor.StandardDOMEventAttributeTagProcessor
[THYMELEAF]             * [* {th:onchange,data-th-onchange}] [1000]: org.thymeleaf.standard.processor.StandardDOMEventAttributeTagProcessor
[THYMELEAF]             * [* {th:onemptied,data-th-onemptied}] [1000]: org.thymeleaf.standard.processor.StandardDOMEventAttributeTagProcessor
[THYMELEAF]             * [* {th:onshow,data-th-onshow}] [1000]: org.thymeleaf.standard.processor.StandardDOMEventAttributeTagProcessor
[THYMELEAF]             * [* {th:ondblclick,data-th-ondblclick}] [1000]: org.thymeleaf.standard.processor.StandardDOMEventAttributeTagProcessor
[THYMELEAF]             * [* {th:onabort,data-th-onabort}] [1000]: org.thymeleaf.standard.processor.StandardDOMEventAttributeTagProcessor
[THYMELEAF]             * [* {th:ondragover,data-th-ondragover}] [1000]: org.thymeleaf.standard.processor.StandardDOMEventAttributeTagProcessor
[THYMELEAF]             * [* {th:onformchange,data-th-onformchange}] [1000]: org.thymeleaf.standard.processor.StandardDOMEventAttributeTagProcessor
[THYMELEAF]             * [* {th:ondragenter,data-th-ondragenter}] [1000]: org.thymeleaf.standard.processor.StandardDOMEventAttributeTagProcessor
[THYMELEAF]             * [* {th:onkeydown,data-th-onkeydown}] [1000]: org.thymeleaf.standard.processor.StandardDOMEventAttributeTagProcessor
[THYMELEAF]             * [* {th:ondrop,data-th-ondrop}] [1000]: org.thymeleaf.standard.processor.StandardDOMEventAttributeTagProcessor
[THYMELEAF]             * [* {th:onstorage,data-th-onstorage}] [1000]: org.thymeleaf.standard.processor.StandardDOMEventAttributeTagProcessor
[THYMELEAF]             * [* {th:onmessage,data-th-onmessage}] [1000]: org.thymeleaf.standard.processor.StandardDOMEventAttributeTagProcessor
[THYMELEAF]             * [* {th:onsubmit,data-th-onsubmit}] [1000]: org.thymeleaf.standard.processor.StandardDOMEventAttributeTagProcessor
[THYMELEAF]             * [* {th:oncanplay,data-th-oncanplay}] [1000]: org.thymeleaf.standard.processor.StandardDOMEventAttributeTagProcessor
[THYMELEAF]             * [* {th:onscroll,data-th-onscroll}] [1000]: org.thymeleaf.standard.processor.StandardDOMEventAttributeTagProcessor
[THYMELEAF]             * [* {th:onkeypress,data-th-onkeypress}] [1000]: org.thymeleaf.standard.processor.StandardDOMEventAttributeTagProcessor
[THYMELEAF]             * [* {th:onfocus,data-th-onfocus}] [1000]: org.thymeleaf.standard.processor.StandardDOMEventAttributeTagProcessor
[THYMELEAF]             * [* {th:oninvalid,data-th-oninvalid}] [1000]: org.thymeleaf.standard.processor.StandardDOMEventAttributeTagProcessor
[THYMELEAF]             * [* {th:onvolumechange,data-th-onvolumechange}] [1000]: org.thymeleaf.standard.processor.StandardDOMEventAttributeTagProcessor
[THYMELEAF]             * [* {th:onended,data-th-onended}] [1000]: org.thymeleaf.standard.processor.StandardDOMEventAttributeTagProcessor
[THYMELEAF]             * [* {th:onprogress,data-th-onprogress}] [1000]: org.thymeleaf.standard.processor.StandardDOMEventAttributeTagProcessor
[THYMELEAF]             * [* {th:onpopstate,data-th-onpopstate}] [1000]: org.thymeleaf.standard.processor.StandardDOMEventAttributeTagProcessor
[THYMELEAF]             * [* {th:onreset,data-th-onreset}] [1000]: org.thymeleaf.standard.processor.StandardDOMEventAttributeTagProcessor
[THYMELEAF]             * [* {th:onmouseout,data-th-onmouseout}] [1000]: org.thymeleaf.standard.processor.StandardDOMEventAttributeTagProcessor
[THYMELEAF]             * [* {th:ononline,data-th-ononline}] [1000]: org.thymeleaf.standard.processor.StandardDOMEventAttributeTagProcessor
[THYMELEAF]             * [* {th:onafterprint,data-th-onafterprint}] [1000]: org.thymeleaf.standard.processor.StandardDOMEventAttributeTagProcessor
[THYMELEAF]             * [* {th:onresize,data-th-onresize}] [1000]: org.thymeleaf.standard.processor.StandardDOMEventAttributeTagProcessor
[THYMELEAF]             * [* {th:onpause,data-th-onpause}] [1000]: org.thymeleaf.standard.processor.StandardDOMEventAttributeTagProcessor
[THYMELEAF]             * [* {th:onundo,data-th-onundo}] [1000]: org.thymeleaf.standard.processor.StandardDOMEventAttributeTagProcessor
[THYMELEAF]             * [* {th:onblur,data-th-onblur}] [1000]: org.thymeleaf.standard.processor.StandardDOMEventAttributeTagProcessor
[THYMELEAF]             * [* {th:onloadeddata,data-th-onloadeddata}] [1000]: org.thymeleaf.standard.processor.StandardDOMEventAttributeTagProcessor
[THYMELEAF]             * [* {th:onloadstart,data-th-onloadstart}] [1000]: org.thymeleaf.standard.processor.StandardDOMEventAttributeTagProcessor
[THYMELEAF]             * [* {th:onratechange,data-th-onratechange}] [1000]: org.thymeleaf.standard.processor.StandardDOMEventAttributeTagProcessor
[THYMELEAF]             * [* {th:onredo,data-th-onredo}] [1000]: org.thymeleaf.standard.processor.StandardDOMEventAttributeTagProcessor
[THYMELEAF]             * [* {th:onmousedown,data-th-onmousedown}] [1000]: org.thymeleaf.standard.processor.StandardDOMEventAttributeTagProcessor
[THYMELEAF]             * [* {th:ondragstart,data-th-ondragstart}] [1000]: org.thymeleaf.standard.processor.StandardDOMEventAttributeTagProcessor
[THYMELEAF]             * [* {th:ondragleave,data-th-ondragleave}] [1000]: org.thymeleaf.standard.processor.StandardDOMEventAttributeTagProcessor
[THYMELEAF]             * [* {th:onplaying,data-th-onplaying}] [1000]: org.thymeleaf.standard.processor.StandardDOMEventAttributeTagProcessor
[THYMELEAF]             * [* {th:onerror,data-th-onerror}] [1000]: org.thymeleaf.standard.processor.StandardDOMEventAttributeTagProcessor
[THYMELEAF]             * [* {th:ondrag,data-th-ondrag}] [1000]: org.thymeleaf.standard.processor.StandardDOMEventAttributeTagProcessor
[THYMELEAF]             * [* {th:onmousewheel,data-th-onmousewheel}] [1000]: org.thymeleaf.standard.processor.StandardDOMEventAttributeTagProcessor
[THYMELEAF]             * [* {th:oncanplaythrough,data-th-oncanplaythrough}] [1000]: org.thymeleaf.standard.processor.StandardDOMEventAttributeTagProcessor
[THYMELEAF]             * [* {th:ondragend,data-th-ondragend}] [1000]: org.thymeleaf.standard.processor.StandardDOMEventAttributeTagProcessor
[THYMELEAF]             * [* {th:ondurationchange,data-th-ondurationchange}] [1000]: org.thymeleaf.standard.processor.StandardDOMEventAttributeTagProcessor
[THYMELEAF]             * [* {th:oninput,data-th-oninput}] [1000]: org.thymeleaf.standard.processor.StandardDOMEventAttributeTagProcessor
[THYMELEAF]             * [* {th:onsuspend,data-th-onsuspend}] [1000]: org.thymeleaf.standard.processor.StandardDOMEventAttributeTagProcessor
[THYMELEAF]             * [* {th:href,data-th-href}] [1000]: org.thymeleaf.standard.processor.StandardHrefTagProcessor
[THYMELEAF]             * [* {th:inline,data-th-inline}] [1000]: org.thymeleaf.standard.processor.StandardInlineHTMLTagProcessor
[THYMELEAF]             * [* {th:method,data-th-method}] [1000]: org.thymeleaf.standard.processor.StandardMethodTagProcessor
[THYMELEAF]             * [* {th:name,data-th-name}] [1000]: org.thymeleaf.standard.processor.StandardNonRemovableAttributeTagProcessor
[THYMELEAF]             * [* {th:type,data-th-type}] [1000]: org.thymeleaf.standard.processor.StandardNonRemovableAttributeTagProcessor
[THYMELEAF]             * [* {th:audio,data-th-audio}] [1000]: org.thymeleaf.standard.processor.StandardRemovableAttributeTagProcessor
[THYMELEAF]             * [* {th:archive,data-th-archive}] [1000]: org.thymeleaf.standard.processor.StandardRemovableAttributeTagProcessor
[THYMELEAF]             * [* {th:formaction,data-th-formaction}] [1000]: org.thymeleaf.standard.processor.StandardRemovableAttributeTagProcessor
[THYMELEAF]             * [* {th:title,data-th-title}] [1000]: org.thymeleaf.standard.processor.StandardRemovableAttributeTagProcessor
[THYMELEAF]             * [* {th:accesskey,data-th-accesskey}] [1000]: org.thymeleaf.standard.processor.StandardRemovableAttributeTagProcessor
[THYMELEAF]             * [* {th:dir,data-th-dir}] [1000]: org.thymeleaf.standard.processor.StandardRemovableAttributeTagProcessor
[THYMELEAF]             * [* {th:hspace,data-th-hspace}] [1000]: org.thymeleaf.standard.processor.StandardRemovableAttributeTagProcessor
[THYMELEAF]             * [* {th:autocomplete,data-th-autocomplete}] [1000]: org.thymeleaf.standard.processor.StandardRemovableAttributeTagProcessor
[THYMELEAF]             * [* {th:rows,data-th-rows}] [1000]: org.thymeleaf.standard.processor.StandardRemovableAttributeTagProcessor
[THYMELEAF]             * [* {th:accept,data-th-accept}] [1000]: org.thymeleaf.standard.processor.StandardRemovableAttributeTagProcessor
[THYMELEAF]             * [* {th:challenge,data-th-challenge}] [1000]: org.thymeleaf.standard.processor.StandardRemovableAttributeTagProcessor
[THYMELEAF]             * [* {th:radiogroup,data-th-radiogroup}] [1000]: org.thymeleaf.standard.processor.StandardRemovableAttributeTagProcessor
[THYMELEAF]             * [* {th:formenctype,data-th-formenctype}] [1000]: org.thymeleaf.standard.processor.StandardRemovableAttributeTagProcessor
[THYMELEAF]             * [* {th:min,data-th-min}] [1000]: org.thymeleaf.standard.processor.StandardRemovableAttributeTagProcessor
[THYMELEAF]             * [* {th:pattern,data-th-pattern}] [1000]: org.thymeleaf.standard.processor.StandardRemovableAttributeTagProcessor
[THYMELEAF]             * [* {th:step,data-th-step}] [1000]: org.thymeleaf.standard.processor.StandardRemovableAttributeTagProcessor
[THYMELEAF]             * [* {th:dropzone,data-th-dropzone}] [1000]: org.thymeleaf.standard.processor.StandardRemovableAttributeTagProcessor
[THYMELEAF]             * [* {th:content,data-th-content}] [1000]: org.thymeleaf.standard.processor.StandardRemovableAttributeTagProcessor
[THYMELEAF]             * [* {th:manifest,data-th-manifest}] [1000]: org.thymeleaf.standard.processor.StandardRemovableAttributeTagProcessor
[THYMELEAF]             * [* {th:kind,data-th-kind}] [1000]: org.thymeleaf.standard.processor.StandardRemovableAttributeTagProcessor
[THYMELEAF]             * [* {th:span,data-th-span}] [1000]: org.thymeleaf.standard.processor.StandardRemovableAttributeTagProcessor
[THYMELEAF]             * [* {th:height,data-th-height}] [1000]: org.thymeleaf.standard.processor.StandardRemovableAttributeTagProcessor
[THYMELEAF]             * [* {th:usemap,data-th-usemap}] [1000]: org.thymeleaf.standard.processor.StandardRemovableAttributeTagProcessor
[THYMELEAF]             * [* {th:sandbox,data-th-sandbox}] [1000]: org.thymeleaf.standard.processor.StandardRemovableAttributeTagProcessor
[THYMELEAF]             * [* {th:rules,data-th-rules}] [1000]: org.thymeleaf.standard.processor.StandardRemovableAttributeTagProcessor
[THYMELEAF]             * [* {th:target,data-th-target}] [1000]: org.thymeleaf.standard.processor.StandardRemovableAttributeTagProcessor
[THYMELEAF]             * [* {th:style,data-th-style}] [1000]: org.thymeleaf.standard.processor.StandardRemovableAttributeTagProcessor
[THYMELEAF]             * [* {th:high,data-th-high}] [1000]: org.thymeleaf.standard.processor.StandardRemovableAttributeTagProcessor
[THYMELEAF]             * [* {th:preload,data-th-preload}] [1000]: org.thymeleaf.standard.processor.StandardRemovableAttributeTagProcessor
[THYMELEAF]             * [* {th:background,data-th-background}] [1000]: org.thymeleaf.standard.processor.StandardRemovableAttributeTagProcessor
[THYMELEAF]             * [* {th:datetime,data-th-datetime}] [1000]: org.thymeleaf.standard.processor.StandardRemovableAttributeTagProcessor
[THYMELEAF]             * [* {th:charset,data-th-charset}] [1000]: org.thymeleaf.standard.processor.StandardRemovableAttributeTagProcessor
[THYMELEAF]             * [* {th:standby,data-th-standby}] [1000]: org.thymeleaf.standard.processor.StandardRemovableAttributeTagProcessor
[THYMELEAF]             * [* {th:abbr,data-th-abbr}] [1000]: org.thymeleaf.standard.processor.StandardRemovableAttributeTagProcessor
[THYMELEAF]             * [* {th:data,data-th-data}] [1000]: org.thymeleaf.standard.processor.StandardRemovableAttributeTagProcessor
[THYMELEAF]             * [* {th:low,data-th-low}] [1000]: org.thymeleaf.standard.processor.StandardRemovableAttributeTagProcessor
[THYMELEAF]             * [* {th:align,data-th-align}] [1000]: org.thymeleaf.standard.processor.StandardRemovableAttributeTagProcessor
[THYMELEAF]             * [* {th:keytype,data-th-keytype}] [1000]: org.thymeleaf.standard.processor.StandardRemovableAttributeTagProcessor
[THYMELEAF]             * [* {th:start,data-th-start}] [1000]: org.thymeleaf.standard.processor.StandardRemovableAttributeTagProcessor
[THYMELEAF]             * [* {th:frameborder,data-th-frameborder}] [1000]: org.thymeleaf.standard.processor.StandardRemovableAttributeTagProcessor
[THYMELEAF]             * [* {th:valuetype,data-th-valuetype}] [1000]: org.thymeleaf.standard.processor.StandardRemovableAttributeTagProcessor
[THYMELEAF]             * [* {th:compact,data-th-compact}] [1000]: org.thymeleaf.standard.processor.StandardRemovableAttributeTagProcessor
[THYMELEAF]             * [* {th:cellpadding,data-th-cellpadding}] [1000]: org.thymeleaf.standard.processor.StandardRemovableAttributeTagProcessor
[THYMELEAF]             * [* {th:border,data-th-border}] [1000]: org.thymeleaf.standard.processor.StandardRemovableAttributeTagProcessor
[THYMELEAF]             * [* {th:poster,data-th-poster}] [1000]: org.thymeleaf.standard.processor.StandardRemovableAttributeTagProcessor
[THYMELEAF]             * [* {th:scrolling,data-th-scrolling}] [1000]: org.thymeleaf.standard.processor.StandardRemovableAttributeTagProcessor
[THYMELEAF]             * [* {th:classid,data-th-classid}] [1000]: org.thymeleaf.standard.processor.StandardRemovableAttributeTagProcessor
[THYMELEAF]             * [* {th:cols,data-th-cols}] [1000]: org.thymeleaf.standard.processor.StandardRemovableAttributeTagProcessor
[THYMELEAF]             * [* {th:bgcolor,data-th-bgcolor}] [1000]: org.thymeleaf.standard.processor.StandardRemovableAttributeTagProcessor
[THYMELEAF]             * [* {th:list,data-th-list}] [1000]: org.thymeleaf.standard.processor.StandardRemovableAttributeTagProcessor
[THYMELEAF]             * [* {th:marginwidth,data-th-marginwidth}] [1000]: org.thymeleaf.standard.processor.StandardRemovableAttributeTagProcessor
[THYMELEAF]             * [* {th:label,data-th-label}] [1000]: org.thymeleaf.standard.processor.StandardRemovableAttributeTagProcessor
[THYMELEAF]             * [* {th:maxlength,data-th-maxlength}] [1000]: org.thymeleaf.standard.processor.StandardRemovableAttributeTagProcessor
[THYMELEAF]             * [* {th:optimum,data-th-optimum}] [1000]: org.thymeleaf.standard.processor.StandardRemovableAttributeTagProcessor
[THYMELEAF]             * [* {th:formmethod,data-th-formmethod}] [1000]: org.thymeleaf.standard.processor.StandardRemovableAttributeTagProcessor
[THYMELEAF]             * [* {th:colspan,data-th-colspan}] [1000]: org.thymeleaf.standard.processor.StandardRemovableAttributeTagProcessor
[THYMELEAF]             * [* {th:tabindex,data-th-tabindex}] [1000]: org.thymeleaf.standard.processor.StandardRemovableAttributeTagProcessor
[THYMELEAF]             * [* {th:class,data-th-class}] [1000]: org.thymeleaf.standard.processor.StandardRemovableAttributeTagProcessor
[THYMELEAF]             * [* {th:contenteditable,data-th-contenteditable}] [1000]: org.thymeleaf.standard.processor.StandardRemovableAttributeTagProcessor
[THYMELEAF]             * [* {th:http-equiv,data-th-http-equiv}] [1000]: org.thymeleaf.standard.processor.StandardRemovableAttributeTagProcessor
[THYMELEAF]             * [* {th:formtarget,data-th-formtarget}] [1000]: org.thymeleaf.standard.processor.StandardRemovableAttributeTagProcessor
[THYMELEAF]             * [* {th:size,data-th-size}] [1000]: org.thymeleaf.standard.processor.StandardRemovableAttributeTagProcessor
[THYMELEAF]             * [* {th:wrap,data-th-wrap}] [1000]: org.thymeleaf.standard.processor.StandardRemovableAttributeTagProcessor
[THYMELEAF]             * [* {th:scope,data-th-scope}] [1000]: org.thymeleaf.standard.processor.StandardRemovableAttributeTagProcessor
[THYMELEAF]             * [* {th:width,data-th-width}] [1000]: org.thymeleaf.standard.processor.StandardRemovableAttributeTagProcessor
[THYMELEAF]             * [* {th:sizes,data-th-sizes}] [1000]: org.thymeleaf.standard.processor.StandardRemovableAttributeTagProcessor
[THYMELEAF]             * [* {th:form,data-th-form}] [1000]: org.thymeleaf.standard.processor.StandardRemovableAttributeTagProcessor
[THYMELEAF]             * [* {th:lang,data-th-lang}] [1000]: org.thymeleaf.standard.processor.StandardRemovableAttributeTagProcessor
[THYMELEAF]             * [* {th:max,data-th-max}] [1000]: org.thymeleaf.standard.processor.StandardRemovableAttributeTagProcessor
[THYMELEAF]             * [* {th:media,data-th-media}] [1000]: org.thymeleaf.standard.processor.StandardRemovableAttributeTagProcessor
[THYMELEAF]             * [* {th:cellspacing,data-th-cellspacing}] [1000]: org.thymeleaf.standard.processor.StandardRemovableAttributeTagProcessor
[THYMELEAF]             * [* {th:icon,data-th-icon}] [1000]: org.thymeleaf.standard.processor.StandardRemovableAttributeTagProcessor
[THYMELEAF]             * [* {th:enctype,data-th-enctype}] [1000]: org.thymeleaf.standard.processor.StandardRemovableAttributeTagProcessor
[THYMELEAF]             * [* {th:scheme,data-th-scheme}] [1000]: org.thymeleaf.standard.processor.StandardRemovableAttributeTagProcessor
[THYMELEAF]             * [* {th:rowspan,data-th-rowspan}] [1000]: org.thymeleaf.standard.processor.StandardRemovableAttributeTagProcessor
[THYMELEAF]             * [* {th:codetype,data-th-codetype}] [1000]: org.thymeleaf.standard.processor.StandardRemovableAttributeTagProcessor
[THYMELEAF]             * [* {th:placeholder,data-th-placeholder}] [1000]: org.thymeleaf.standard.processor.StandardRemovableAttributeTagProcessor
[THYMELEAF]             * [* {th:contextmenu,data-th-contextmenu}] [1000]: org.thymeleaf.standard.processor.StandardRemovableAttributeTagProcessor
[THYMELEAF]             * [* {th:codebase,data-th-codebase}] [1000]: org.thymeleaf.standard.processor.StandardRemovableAttributeTagProcessor
[THYMELEAF]             * [* {th:summary,data-th-summary}] [1000]: org.thymeleaf.standard.processor.StandardRemovableAttributeTagProcessor
[THYMELEAF]             * [* {th:headers,data-th-headers}] [1000]: org.thymeleaf.standard.processor.StandardRemovableAttributeTagProcessor
[THYMELEAF]             * [* {th:axis,data-th-axis}] [1000]: org.thymeleaf.standard.processor.StandardRemovableAttributeTagProcessor
[THYMELEAF]             * [* {th:rel,data-th-rel}] [1000]: org.thymeleaf.standard.processor.StandardRemovableAttributeTagProcessor
[THYMELEAF]             * [* {th:cite,data-th-cite}] [1000]: org.thymeleaf.standard.processor.StandardRemovableAttributeTagProcessor
[THYMELEAF]             * [* {th:draggable,data-th-draggable}] [1000]: org.thymeleaf.standard.processor.StandardRemovableAttributeTagProcessor
[THYMELEAF]             * [* {th:for,data-th-for}] [1000]: org.thymeleaf.standard.processor.StandardRemovableAttributeTagProcessor
[THYMELEAF]             * [* {th:longdesc,data-th-longdesc}] [1000]: org.thymeleaf.standard.processor.StandardRemovableAttributeTagProcessor
[THYMELEAF]             * [* {th:rev,data-th-rev}] [1000]: org.thymeleaf.standard.processor.StandardRemovableAttributeTagProcessor
[THYMELEAF]             * [* {th:spellcheck,data-th-spellcheck}] [1000]: org.thymeleaf.standard.processor.StandardRemovableAttributeTagProcessor
[THYMELEAF]             * [* {th:vspace,data-th-vspace}] [1000]: org.thymeleaf.standard.processor.StandardRemovableAttributeTagProcessor
[THYMELEAF]             * [* {th:hreflang,data-th-hreflang}] [1000]: org.thymeleaf.standard.processor.StandardRemovableAttributeTagProcessor
[THYMELEAF]             * [* {th:alt,data-th-alt}] [1000]: org.thymeleaf.standard.processor.StandardRemovableAttributeTagProcessor
[THYMELEAF]             * [* {th:frame,data-th-frame}] [1000]: org.thymeleaf.standard.processor.StandardRemovableAttributeTagProcessor
[THYMELEAF]             * [* {th:marginheight,data-th-marginheight}] [1000]: org.thymeleaf.standard.processor.StandardRemovableAttributeTagProcessor
[THYMELEAF]             * [* {th:accept-charset,data-th-accept-charset}] [1000]: org.thymeleaf.standard.processor.StandardRemovableAttributeTagProcessor
[THYMELEAF]             * [* {th:srclang,data-th-srclang}] [1000]: org.thymeleaf.standard.processor.StandardRemovableAttributeTagProcessor
[THYMELEAF]             * [* {th:id,data-th-id}] [1000]: org.thymeleaf.standard.processor.StandardRemovableAttributeTagProcessor
[THYMELEAF]             * [* {th:src,data-th-src}] [1000]: org.thymeleaf.standard.processor.StandardSrcTagProcessor
[THYMELEAF]             * [* {th:value,data-th-value}] [1000]: org.thymeleaf.standard.processor.StandardValueTagProcessor
[THYMELEAF]             * [* {th:xmlbase,data-th-xmlbase}] [1000]: org.thymeleaf.standard.processor.StandardXmlBaseTagProcessor
[THYMELEAF]             * [* {th:xmllang,data-th-xmllang}] [1000]: org.thymeleaf.standard.processor.StandardXmlLangTagProcessor
[THYMELEAF]             * [* {xmlns:th}] [1000]: org.thymeleaf.standard.processor.StandardXmlNsTagProcessor
[THYMELEAF]             * [* {th:xmlspace,data-th-xmlspace}] [1000]: org.thymeleaf.standard.processor.StandardXmlSpaceTagProcessor
[THYMELEAF]             * [* {th:classappend,data-th-classappend}] [1100]: org.thymeleaf.standard.processor.StandardClassappendTagProcessor
[THYMELEAF]             * [* {th:styleappend,data-th-styleappend}] [1100]: org.thymeleaf.standard.processor.StandardStyleappendTagProcessor
[THYMELEAF]             * [* {th:text,data-th-text}] [1300]: org.thymeleaf.standard.processor.StandardTextTagProcessor
[THYMELEAF]             * [* {th:utext,data-th-utext}] [1400]: org.thymeleaf.standard.processor.StandardUtextTagProcessor
[THYMELEAF]             * [* {th:fragment,data-th-fragment}] [1500]: org.thymeleaf.standard.processor.StandardFragmentTagProcessor
[THYMELEAF]             * [* {th:assert,data-th-assert}] [1550]: org.thymeleaf.standard.processor.StandardAssertTagProcessor
[THYMELEAF]             * [* {th:remove,data-th-remove}] [1600]: org.thymeleaf.standard.processor.StandardRemoveTagProcessor
[THYMELEAF]             * [* {th:ref,data-th-ref}] [10000]: org.thymeleaf.standard.processor.StandardRefAttributeTagProcessor
[THYMELEAF]             * [{th:block,th-block} *] [100000]: org.thymeleaf.standard.processor.StandardBlockTagProcessor
[THYMELEAF]             * [* th:*] [2147483647]: org.thymeleaf.standard.processor.StandardDefaultAttributesTagProcessor
[THYMELEAF]         * Text Processors by [precedence]:
[THYMELEAF]             * [1000]: org.thymeleaf.standard.processor.StandardInliningTextProcessor
[THYMELEAF]         * DOCTYPE Processors by [precedence]:
[THYMELEAF]             * [1000]: org.thymeleaf.standard.processor.StandardTranslationDocTypeProcessor
[THYMELEAF]         * CDATA Section Processors by [precedence]:
[THYMELEAF]             * [1000]: org.thymeleaf.standard.processor.StandardInliningCDATASectionProcessor
[THYMELEAF]         * Comment Processors by [precedence]:
[THYMELEAF]             * [1000]: org.thymeleaf.standard.processor.StandardInliningCommentProcessor
[THYMELEAF]             * [1100]: org.thymeleaf.standard.processor.StandardConditionalCommentProcessor
[THYMELEAF]     * Processors for Template Mode: XML
[THYMELEAF]         * Element Tag Processors by [matching element and attribute name] [precedence]:
[THYMELEAF]             * [* {th:include}] [100]: org.thymeleaf.standard.processor.StandardIncludeTagProcessor
[THYMELEAF]             * [* {th:insert}] [100]: org.thymeleaf.standard.processor.StandardInsertTagProcessor
[THYMELEAF]             * [* {th:replace}] [100]: org.thymeleaf.standard.processor.StandardReplaceTagProcessor
[THYMELEAF]             * [* {th:each}] [200]: com.intuit.karate.template.KarateEachTagProcessor
[THYMELEAF]             * [* {th:switch}] [250]: org.thymeleaf.standard.processor.StandardSwitchTagProcessor
[THYMELEAF]             * [* {th:case}] [275]: org.thymeleaf.standard.processor.StandardCaseTagProcessor
[THYMELEAF]             * [* {th:if}] [300]: org.thymeleaf.standard.processor.StandardIfTagProcessor
[THYMELEAF]             * [* {th:unless}] [400]: org.thymeleaf.standard.processor.StandardUnlessTagProcessor
[THYMELEAF]             * [* {th:object}] [500]: org.thymeleaf.standard.processor.StandardObjectTagProcessor
[THYMELEAF]             * [* {th:with}] [600]: com.intuit.karate.template.KarateWithTagProcessor
[THYMELEAF]             * [* {th:attr}] [700]: com.intuit.karate.template.KarateAttributeTagProcessor.KarateAttrTagProcessor
[THYMELEAF]             * [* {th:attrappend}] [900]: com.intuit.karate.template.KarateAttributeTagProcessor.KarateAttrappendTagProcessor
[THYMELEAF]             * [* {th:attrprepend}] [900]: com.intuit.karate.template.KarateAttributeTagProcessor.KarateAttrprependTagProcessor
[THYMELEAF]             * [* {th:inline}] [1000]: org.thymeleaf.standard.processor.StandardInlineXMLTagProcessor
[THYMELEAF]             * [* {xmlns:th}] [1000]: org.thymeleaf.standard.processor.StandardXmlNsTagProcessor
[THYMELEAF]             * [* {th:text}] [1300]: org.thymeleaf.standard.processor.StandardTextTagProcessor
[THYMELEAF]             * [* {th:utext}] [1400]: org.thymeleaf.standard.processor.StandardUtextTagProcessor
[THYMELEAF]             * [* {th:fragment}] [1500]: org.thymeleaf.standard.processor.StandardFragmentTagProcessor
[THYMELEAF]             * [* {th:assert}] [1550]: org.thymeleaf.standard.processor.StandardAssertTagProcessor
[THYMELEAF]             * [* {th:remove}] [1600]: org.thymeleaf.standard.processor.StandardRemoveTagProcessor
[THYMELEAF]             * [* {th:ref}] [10000]: org.thymeleaf.standard.processor.StandardRefAttributeTagProcessor
[THYMELEAF]             * [{th:block} *] [100000]: org.thymeleaf.standard.processor.StandardBlockTagProcessor
[THYMELEAF]             * [* th:*] [2147483647]: org.thymeleaf.standard.processor.StandardDefaultAttributesTagProcessor
[THYMELEAF]         * Text Processors by [precedence]:
[THYMELEAF]             * [1000]: org.thymeleaf.standard.processor.StandardInliningTextProcessor
[THYMELEAF]         * CDATA Section Processors by [precedence]:
[THYMELEAF]             * [1000]: org.thymeleaf.standard.processor.StandardInliningCDATASectionProcessor
[THYMELEAF]         * Comment Processors by [precedence]:
[THYMELEAF]             * [1000]: org.thymeleaf.standard.processor.StandardInliningCommentProcessor
[THYMELEAF]     * Processors for Template Mode: TEXT
[THYMELEAF]         * Element Tag Processors by [matching element and attribute name] [precedence]:
[THYMELEAF]             * [* {th:insert}] [100]: org.thymeleaf.standard.processor.StandardInsertTagProcessor
[THYMELEAF]             * [* {th:replace}] [100]: org.thymeleaf.standard.processor.StandardReplaceTagProcessor
[THYMELEAF]             * [* {th:each}] [200]: com.intuit.karate.template.KarateEachTagProcessor
[THYMELEAF]             * [* {th:switch}] [250]: org.thymeleaf.standard.processor.StandardSwitchTagProcessor
[THYMELEAF]             * [* {th:case}] [275]: org.thymeleaf.standard.processor.StandardCaseTagProcessor
[THYMELEAF]             * [* {th:if}] [300]: org.thymeleaf.standard.processor.StandardIfTagProcessor
[THYMELEAF]             * [* {th:unless}] [400]: org.thymeleaf.standard.processor.StandardUnlessTagProcessor
[THYMELEAF]             * [* {th:object}] [500]: org.thymeleaf.standard.processor.StandardObjectTagProcessor
[THYMELEAF]             * [* {th:with}] [600]: com.intuit.karate.template.KarateWithTagProcessor
[THYMELEAF]             * [* {th:inline}] [1000]: org.thymeleaf.standard.processor.StandardInlineTextualTagProcessor
[THYMELEAF]             * [* {th:text}] [1300]: org.thymeleaf.standard.processor.StandardTextTagProcessor
[THYMELEAF]             * [* {th:utext}] [1400]: org.thymeleaf.standard.processor.StandardUtextTagProcessor
[THYMELEAF]             * [* {th:assert}] [1550]: org.thymeleaf.standard.processor.StandardAssertTagProcessor
[THYMELEAF]             * [* {th:remove}] [1600]: org.thymeleaf.standard.processor.StandardRemoveTagProcessor
[THYMELEAF]             * [{th:block} *] [100000]: org.thymeleaf.standard.processor.StandardBlockTagProcessor
[THYMELEAF]             * [* 100000] [org.thymeleaf.standard.processor.StandardBlockTagProcessor]: {}
[THYMELEAF]         * Text Processors by [precedence]:
[THYMELEAF]             * [1000]: org.thymeleaf.standard.processor.StandardInliningTextProcessor
[THYMELEAF]     * Processors for Template Mode: JAVASCRIPT
[THYMELEAF]         * Element Tag Processors by [matching element and attribute name] [precedence]:
[THYMELEAF]             * [* {th:insert}] [100]: org.thymeleaf.standard.processor.StandardInsertTagProcessor
[THYMELEAF]             * [* {th:replace}] [100]: org.thymeleaf.standard.processor.StandardReplaceTagProcessor
[THYMELEAF]             * [* {th:each}] [200]: com.intuit.karate.template.KarateEachTagProcessor
[THYMELEAF]             * [* {th:switch}] [250]: org.thymeleaf.standard.processor.StandardSwitchTagProcessor
[THYMELEAF]             * [* {th:case}] [275]: org.thymeleaf.standard.processor.StandardCaseTagProcessor
[THYMELEAF]             * [* {th:if}] [300]: org.thymeleaf.standard.processor.StandardIfTagProcessor
[THYMELEAF]             * [* {th:unless}] [400]: org.thymeleaf.standard.processor.StandardUnlessTagProcessor
[THYMELEAF]             * [* {th:object}] [500]: org.thymeleaf.standard.processor.StandardObjectTagProcessor
[THYMELEAF]             * [* {th:with}] [600]: com.intuit.karate.template.KarateWithTagProcessor
[THYMELEAF]             * [* {th:inline}] [1000]: org.thymeleaf.standard.processor.StandardInlineTextualTagProcessor
[THYMELEAF]             * [* {th:text}] [1300]: org.thymeleaf.standard.processor.StandardTextTagProcessor
[THYMELEAF]             * [* {th:utext}] [1400]: org.thymeleaf.standard.processor.StandardUtextTagProcessor
[THYMELEAF]             * [* {th:assert}] [1550]: org.thymeleaf.standard.processor.StandardAssertTagProcessor
[THYMELEAF]             * [* {th:remove}] [1600]: org.thymeleaf.standard.processor.StandardRemoveTagProcessor
[THYMELEAF]             * [* 100000] [org.thymeleaf.standard.processor.StandardBlockTagProcessor]: {}
[THYMELEAF]             * [{th:block} *] [100000]: org.thymeleaf.standard.processor.StandardBlockTagProcessor
[THYMELEAF]         * Text Processors by [precedence]:
[THYMELEAF]             * [1000]: org.thymeleaf.standard.processor.StandardInliningTextProcessor
[THYMELEAF]     * Processors for Template Mode: CSS
[THYMELEAF]         * Element Tag Processors by [matching element and attribute name] [precedence]:
[THYMELEAF]             * [* {th:insert}] [100]: org.thymeleaf.standard.processor.StandardInsertTagProcessor
[THYMELEAF]             * [* {th:replace}] [100]: org.thymeleaf.standard.processor.StandardReplaceTagProcessor
[THYMELEAF]             * [* {th:each}] [200]: com.intuit.karate.template.KarateEachTagProcessor
[THYMELEAF]             * [* {th:switch}] [250]: org.thymeleaf.standard.processor.StandardSwitchTagProcessor
[THYMELEAF]             * [* {th:case}] [275]: org.thymeleaf.standard.processor.StandardCaseTagProcessor
[THYMELEAF]             * [* {th:if}] [300]: org.thymeleaf.standard.processor.StandardIfTagProcessor
[THYMELEAF]             * [* {th:unless}] [400]: org.thymeleaf.standard.processor.StandardUnlessTagProcessor
[THYMELEAF]             * [* {th:object}] [500]: org.thymeleaf.standard.processor.StandardObjectTagProcessor
[THYMELEAF]             * [* {th:with}] [600]: com.intuit.karate.template.KarateWithTagProcessor
[THYMELEAF]             * [* {th:inline}] [1000]: org.thymeleaf.standard.processor.StandardInlineTextualTagProcessor
[THYMELEAF]             * [* {th:text}] [1300]: org.thymeleaf.standard.processor.StandardTextTagProcessor
[THYMELEAF]             * [* {th:utext}] [1400]: org.thymeleaf.standard.processor.StandardUtextTagProcessor
[THYMELEAF]             * [* {th:assert}] [1550]: org.thymeleaf.standard.processor.StandardAssertTagProcessor
[THYMELEAF]             * [* {th:remove}] [1600]: org.thymeleaf.standard.processor.StandardRemoveTagProcessor
[THYMELEAF]             * [* 100000] [org.thymeleaf.standard.processor.StandardBlockTagProcessor]: {}
[THYMELEAF]             * [{th:block} *] [100000]: org.thymeleaf.standard.processor.StandardBlockTagProcessor
[THYMELEAF]         * Text Processors by [precedence]:
[THYMELEAF]             * [1000]: org.thymeleaf.standard.processor.StandardInliningTextProcessor
[THYMELEAF]     * Expression Objects:
[THYMELEAF]         * #ctx
[THYMELEAF]         * #root
[THYMELEAF]         * #vars
[THYMELEAF]         * #object
[THYMELEAF]         * #locale
[THYMELEAF]         * #conversions
[THYMELEAF]         * #uris
[THYMELEAF]         * #temporals
[THYMELEAF]         * #calendars
[THYMELEAF]         * #dates
[THYMELEAF]         * #bools
[THYMELEAF]         * #numbers
[THYMELEAF]         * #objects
[THYMELEAF]         * #strings
[THYMELEAF]         * #arrays
[THYMELEAF]         * #lists
[THYMELEAF]         * #sets
[THYMELEAF]         * #maps
[THYMELEAF]         * #aggregates
[THYMELEAF]         * #messages
[THYMELEAF]         * #ids
[THYMELEAF]         * #execInfo
[THYMELEAF]         * #request
[THYMELEAF]         * #response
[THYMELEAF]         * #session
[THYMELEAF]         * #servletContext
[THYMELEAF]     * Execution Attributes:
[THYMELEAF]         * "StandardExpressionParser": com.intuit.karate.template.KarateStandardDialect@4beddc56
[THYMELEAF]         * "StandardJavaScriptSerializer": org.thymeleaf.standard.serializer.StandardJavaScriptSerializer@6050462a
[THYMELEAF]         * "StandardCSSSerializer": org.thymeleaf.standard.serializer.StandardCSSSerializer@4c0884e8
[THYMELEAF]         * "StandardVariableExpressionEvaluator": com.intuit.karate.template.KarateStandardDialect@4beddc56
[THYMELEAF]         * "StandardConversionService": org.thymeleaf.standard.expression.StandardConversionService@231baf51
[THYMELEAF] * Dialect [2 of 2]: karate (com.intuit.karate.template.KarateScriptDialect)
[THYMELEAF]     * Prefix: "ka"
[THYMELEAF]     * Processors for Template Mode: HTML
[THYMELEAF]         * Element Tag Processors by [matching element and attribute name] [precedence]:
[THYMELEAF]             * [* {src}] [1000]: com.intuit.karate.template.KaScriptAttrProcessor
[THYMELEAF]         * Element Model Processors by [matching element and attribute name] [precedence]:
[THYMELEAF]             * [{script} {ka:scope,data-ka-scope}] [1000]: com.intuit.karate.template.KaScriptElemProcessor
[THYMELEAF]             * [* {ka:set,data-ka-set}] [1000]: com.intuit.karate.template.KaSetElemProcessor
[THYMELEAF] TEMPLATE ENGINE CONFIGURED OK
22:57:45.723 [main] DEBUG org.thymeleaf.TemplateEngine -- [THYMELEAF] TEMPLATE ENGINE INITIALIZED

HTML report: (paste into browser to view) | Karate version: 1.4.1
file:///C:/Users/monst/karate-tests/target/karate-reports/karate-summary.html
===================================================================


=====================================================
CONCURRENT Performance Test Results:
- Total Time: 20208 ms
- Average Time Per Request: 202.08 ms
- Requests Per Second: 4.95
- Concurrent Report saved to: C:\Users\monst\karate-tests\target\performance-reports\concurrent-report-2025-06-22_22-57-45.md
=====================================================

]]></system-out>
  </testcase>
</testsuite>