<?xml version="1.0" encoding="UTF-8"?>
<testsuite xmlns:xsi="http://www.w3.org/2001/XMLSchema-instance" xsi:noNamespaceSchemaLocation="https://maven.apache.org/surefire/maven-surefire-plugin/xsd/surefire-test-report-3.0.xsd" version="3.0" name="runners.performance.ConcurrentLoginRunner" time="23.036" tests="1" errors="0" skipped="0" failures="0">
  <properties>
    <property name="java.specification.version" value="17"/>
    <property name="sun.cpu.isalist" value="amd64"/>
    <property name="sun.jnu.encoding" value="Cp1252"/>
    <property name="java.class.path" value="C:\Users\monst\karate-tests\target\test-classes;C:\Users\monst\karate-tests\target\classes;C:\Users\monst\.m2\repository\com\intuit\karate\karate-junit5\1.4.1\karate-junit5-1.4.1.jar;C:\Users\monst\.m2\repository\com\intuit\karate\karate-core\1.4.1\karate-core-1.4.1.jar;C:\Users\monst\.m2\repository\org\graalvm\js\js-scriptengine\22.3.3\js-scriptengine-22.3.3.jar;C:\Users\monst\.m2\repository\org\graalvm\sdk\graal-sdk\22.3.3\graal-sdk-22.3.3.jar;C:\Users\monst\.m2\repository\org\graalvm\js\js\22.3.3\js-22.3.3.jar;C:\Users\monst\.m2\repository\org\graalvm\regex\regex\22.3.3\regex-22.3.3.jar;C:\Users\monst\.m2\repository\org\graalvm\truffle\truffle-api\22.3.3\truffle-api-22.3.3.jar;C:\Users\monst\.m2\repository\com\ibm\icu\icu4j\71.1\icu4j-71.1.jar;C:\Users\monst\.m2\repository\org\thymeleaf\thymeleaf\3.1.2.RELEASE\thymeleaf-3.1.2.RELEASE.jar;C:\Users\monst\.m2\repository\ognl\ognl\3.3.4\ognl-3.3.4.jar;C:\Users\monst\.m2\repository\org\javassist\javassist\3.29.0-GA\javassist-3.29.0-GA.jar;C:\Users\monst\.m2\repository\org\attoparser\attoparser\2.0.7.RELEASE\attoparser-2.0.7.RELEASE.jar;C:\Users\monst\.m2\repository\org\unbescape\unbescape\1.1.6.RELEASE\unbescape-1.1.6.RELEASE.jar;C:\Users\monst\.m2\repository\org\slf4j\slf4j-api\2.0.7\slf4j-api-2.0.7.jar;C:\Users\monst\.m2\repository\com\linecorp\armeria\armeria\1.25.2\armeria-1.25.2.jar;C:\Users\monst\.m2\repository\com\fasterxml\jackson\core\jackson-core\2.15.2\jackson-core-2.15.2.jar;C:\Users\monst\.m2\repository\com\fasterxml\jackson\core\jackson-annotations\2.15.2\jackson-annotations-2.15.2.jar;C:\Users\monst\.m2\repository\com\fasterxml\jackson\core\jackson-databind\2.15.2\jackson-databind-2.15.2.jar;C:\Users\monst\.m2\repository\com\fasterxml\jackson\datatype\jackson-datatype-jdk8\2.15.2\jackson-datatype-jdk8-2.15.2.jar;C:\Users\monst\.m2\repository\com\fasterxml\jackson\datatype\jackson-datatype-jsr310\2.15.2\jackson-datatype-jsr310-2.15.2.jar;C:\Users\monst\.m2\repository\io\micrometer\micrometer-core\1.11.3\micrometer-core-1.11.3.jar;C:\Users\monst\.m2\repository\io\micrometer\micrometer-commons\1.11.3\micrometer-commons-1.11.3.jar;C:\Users\monst\.m2\repository\io\micrometer\micrometer-observation\1.11.3\micrometer-observation-1.11.3.jar;C:\Users\monst\.m2\repository\org\hdrhistogram\HdrHistogram\2.1.12\HdrHistogram-2.1.12.jar;C:\Users\monst\.m2\repository\org\latencyutils\LatencyUtils\2.0.3\LatencyUtils-2.0.3.jar;C:\Users\monst\.m2\repository\io\netty\netty-transport\4.1.96.Final\netty-transport-4.1.96.Final.jar;C:\Users\monst\.m2\repository\io\netty\netty-common\4.1.96.Final\netty-common-4.1.96.Final.jar;C:\Users\monst\.m2\repository\io\netty\netty-buffer\4.1.96.Final\netty-buffer-4.1.96.Final.jar;C:\Users\monst\.m2\repository\io\netty\netty-resolver\4.1.96.Final\netty-resolver-4.1.96.Final.jar;C:\Users\monst\.m2\repository\io\netty\netty-codec-haproxy\4.1.96.Final\netty-codec-haproxy-4.1.96.Final.jar;C:\Users\monst\.m2\repository\io\netty\netty-codec\4.1.96.Final\netty-codec-4.1.96.Final.jar;C:\Users\monst\.m2\repository\io\netty\netty-codec-http2\4.1.96.Final\netty-codec-http2-4.1.96.Final.jar;C:\Users\monst\.m2\repository\io\netty\netty-handler\4.1.96.Final\netty-handler-4.1.96.Final.jar;C:\Users\monst\.m2\repository\io\netty\netty-codec-http\4.1.96.Final\netty-codec-http-4.1.96.Final.jar;C:\Users\monst\.m2\repository\io\netty\netty-resolver-dns\4.1.96.Final\netty-resolver-dns-4.1.96.Final.jar;C:\Users\monst\.m2\repository\io\netty\netty-codec-dns\4.1.96.Final\netty-codec-dns-4.1.96.Final.jar;C:\Users\monst\.m2\repository\org\reactivestreams\reactive-streams\1.0.4\reactive-streams-1.0.4.jar;C:\Users\monst\.m2\repository\com\google\code\findbugs\jsr305\3.0.2\jsr305-3.0.2.jar;C:\Users\monst\.m2\repository\io\netty\netty-handler-proxy\4.1.96.Final\netty-handler-proxy-4.1.96.Final.jar;C:\Users\monst\.m2\repository\io\netty\netty-codec-socks\4.1.96.Final\netty-codec-socks-4.1.96.Final.jar;C:\Users\monst\.m2\repository\io\netty\netty-transport-native-unix-common\4.1.96.Final\netty-transport-native-unix-common-4.1.96.Final-linux-x86_64.jar;C:\Users\monst\.m2\repository\io\netty\netty-transport-native-epoll\4.1.96.Final\netty-transport-native-epoll-4.1.96.Final-linux-x86_64.jar;C:\Users\monst\.m2\repository\io\netty\netty-transport-native-unix-common\4.1.96.Final\netty-transport-native-unix-common-4.1.96.Final.jar;C:\Users\monst\.m2\repository\io\netty\netty-transport-classes-epoll\4.1.96.Final\netty-transport-classes-epoll-4.1.96.Final.jar;C:\Users\monst\.m2\repository\io\netty\netty-transport-native-unix-common\4.1.96.Final\netty-transport-native-unix-common-4.1.96.Final-linux-aarch_64.jar;C:\Users\monst\.m2\repository\io\netty\netty-transport-native-epoll\4.1.96.Final\netty-transport-native-epoll-4.1.96.Final-linux-aarch_64.jar;C:\Users\monst\.m2\repository\io\netty\netty-transport-native-unix-common\4.1.96.Final\netty-transport-native-unix-common-4.1.96.Final-osx-x86_64.jar;C:\Users\monst\.m2\repository\io\netty\netty-transport-native-kqueue\4.1.96.Final\netty-transport-native-kqueue-4.1.96.Final-osx-x86_64.jar;C:\Users\monst\.m2\repository\io\netty\netty-transport-classes-kqueue\4.1.96.Final\netty-transport-classes-kqueue-4.1.96.Final.jar;C:\Users\monst\.m2\repository\io\netty\netty-resolver-dns-native-macos\4.1.96.Final\netty-resolver-dns-native-macos-4.1.96.Final-osx-x86_64.jar;C:\Users\monst\.m2\repository\io\netty\netty-resolver-dns-classes-macos\4.1.96.Final\netty-resolver-dns-classes-macos-4.1.96.Final.jar;C:\Users\monst\.m2\repository\io\netty\netty-transport-native-unix-common\4.1.96.Final\netty-transport-native-unix-common-4.1.96.Final-osx-aarch_64.jar;C:\Users\monst\.m2\repository\io\netty\netty-transport-native-kqueue\4.1.96.Final\netty-transport-native-kqueue-4.1.96.Final-osx-aarch_64.jar;C:\Users\monst\.m2\repository\io\netty\netty-resolver-dns-native-macos\4.1.96.Final\netty-resolver-dns-native-macos-4.1.96.Final-osx-aarch_64.jar;C:\Users\monst\.m2\repository\io\netty\netty-tcnative-boringssl-static\2.0.61.Final\netty-tcnative-boringssl-static-2.0.61.Final-linux-x86_64.jar;C:\Users\monst\.m2\repository\io\netty\netty-tcnative-classes\2.0.61.Final\netty-tcnative-classes-2.0.61.Final.jar;C:\Users\monst\.m2\repository\io\netty\netty-tcnative-boringssl-static\2.0.61.Final\netty-tcnative-boringssl-static-2.0.61.Final-linux-aarch_64.jar;C:\Users\monst\.m2\repository\io\netty\netty-tcnative-boringssl-static\2.0.61.Final\netty-tcnative-boringssl-static-2.0.61.Final-osx-x86_64.jar;C:\Users\monst\.m2\repository\io\netty\netty-tcnative-boringssl-static\2.0.61.Final\netty-tcnative-boringssl-static-2.0.61.Final-osx-aarch_64.jar;C:\Users\monst\.m2\repository\io\netty\netty-tcnative-boringssl-static\2.0.61.Final\netty-tcnative-boringssl-static-2.0.61.Final-windows-x86_64.jar;C:\Users\monst\.m2\repository\com\aayushatharva\brotli4j\brotli4j\1.12.0\brotli4j-1.12.0.jar;C:\Users\monst\.m2\repository\com\aayushatharva\brotli4j\service\1.12.0\service-1.12.0.jar;C:\Users\monst\.m2\repository\com\aayushatharva\brotli4j\native-windows-x86_64\1.12.0\native-windows-x86_64-1.12.0.jar;C:\Users\monst\.m2\repository\org\apache\httpcomponents\httpclient\4.5.14\httpclient-4.5.14.jar;C:\Users\monst\.m2\repository\org\apache\httpcomponents\httpcore\4.4.16\httpcore-4.4.16.jar;C:\Users\monst\.m2\repository\ch\qos\logback\logback-classic\1.4.11\logback-classic-1.4.11.jar;C:\Users\monst\.m2\repository\ch\qos\logback\logback-core\1.4.11\logback-core-1.4.11.jar;C:\Users\monst\.m2\repository\org\slf4j\jcl-over-slf4j\2.0.9\jcl-over-slf4j-2.0.9.jar;C:\Users\monst\.m2\repository\org\antlr\antlr4-runtime\4.11.1\antlr4-runtime-4.11.1.jar;C:\Users\monst\.m2\repository\com\jayway\jsonpath\json-path\2.8.0\json-path-2.8.0.jar;C:\Users\monst\.m2\repository\net\minidev\json-smart\2.4.10\json-smart-2.4.10.jar;C:\Users\monst\.m2\repository\net\minidev\accessors-smart\2.4.9\accessors-smart-2.4.9.jar;C:\Users\monst\.m2\repository\org\ow2\asm\asm\9.3\asm-9.3.jar;C:\Users\monst\.m2\repository\org\yaml\snakeyaml\2.0\snakeyaml-2.0.jar;C:\Users\monst\.m2\repository\de\siegmar\fastcsv\2.2.1\fastcsv-2.2.1.jar;C:\Users\monst\.m2\repository\info\picocli\picocli\4.7.1\picocli-4.7.1.jar;C:\Users\monst\.m2\repository\io\github\classgraph\classgraph\4.8.160\classgraph-4.8.160.jar;C:\Users\monst\.m2\repository\io\github\t12y\resemble\1.0.2\resemble-1.0.2.jar;C:\Users\monst\.m2\repository\io\github\t12y\ssim\1.0.0\ssim-1.0.0.jar;C:\Users\monst\.m2\repository\org\junit\jupiter\junit-jupiter-api\5.9.3\junit-jupiter-api-5.9.3.jar;C:\Users\monst\.m2\repository\org\opentest4j\opentest4j\1.2.0\opentest4j-1.2.0.jar;C:\Users\monst\.m2\repository\org\junit\platform\junit-platform-commons\1.9.3\junit-platform-commons-1.9.3.jar;C:\Users\monst\.m2\repository\org\apiguardian\apiguardian-api\1.1.2\apiguardian-api-1.1.2.jar;C:\Users\monst\.m2\repository\org\junit\jupiter\junit-jupiter-engine\5.9.3\junit-jupiter-engine-5.9.3.jar;C:\Users\monst\.m2\repository\org\junit\platform\junit-platform-engine\1.9.3\junit-platform-engine-1.9.3.jar;C:\Users\monst\.m2\repository\org\apache\poi\poi\5.2.4\poi-5.2.4.jar;C:\Users\monst\.m2\repository\commons-codec\commons-codec\1.16.0\commons-codec-1.16.0.jar;C:\Users\monst\.m2\repository\org\apache\commons\commons-collections4\4.4\commons-collections4-4.4.jar;C:\Users\monst\.m2\repository\org\apache\commons\commons-math3\3.6.1\commons-math3-3.6.1.jar;C:\Users\monst\.m2\repository\commons-io\commons-io\2.13.0\commons-io-2.13.0.jar;C:\Users\monst\.m2\repository\com\zaxxer\SparseBitSet\1.3\SparseBitSet-1.3.jar;C:\Users\monst\.m2\repository\org\apache\logging\log4j\log4j-api\2.20.0\log4j-api-2.20.0.jar;C:\Users\monst\.m2\repository\org\apache\poi\poi-ooxml\5.2.4\poi-ooxml-5.2.4.jar;C:\Users\monst\.m2\repository\org\apache\poi\poi-ooxml-lite\5.2.4\poi-ooxml-lite-5.2.4.jar;C:\Users\monst\.m2\repository\org\apache\xmlbeans\xmlbeans\5.1.1\xmlbeans-5.1.1.jar;C:\Users\monst\.m2\repository\org\apache\commons\commons-compress\1.24.0\commons-compress-1.24.0.jar;C:\Users\monst\.m2\repository\com\github\virtuald\curvesapi\1.08\curvesapi-1.08.jar;"/>
    <property name="java.vm.vendor" value="Oracle Corporation"/>
    <property name="sun.arch.data.model" value="64"/>
    <property name="user.variant" value=""/>
    <property name="java.vendor.url" value="https://java.oracle.com/"/>
    <property name="user.timezone" value="Asia/Saigon"/>
    <property name="os.name" value="Windows 11"/>
    <property name="java.vm.specification.version" value="17"/>
    <property name="sun.java.launcher" value="SUN_STANDARD"/>
    <property name="user.country" value="US"/>
    <property name="sun.boot.library.path" value="C:\Program Files\Java\jdk-17\bin"/>
    <property name="sun.java.command" value="C:\Users\monst\AppData\Local\Temp\surefire15087933052739383823\surefirebooter-20250624161914524_3.jar C:\Users\monst\AppData\Local\Temp\surefire15087933052739383823 2025-06-24T16-19-13_944-jvmRun1 surefire-20250624161914524_1tmp surefire_0-20250624161914524_2tmp"/>
    <property name="jdk.debug" value="release"/>
    <property name="test" value="ConcurrentLoginRunner"/>
    <property name="surefire.test.class.path" value="C:\Users\monst\karate-tests\target\test-classes;C:\Users\monst\karate-tests\target\classes;C:\Users\monst\.m2\repository\com\intuit\karate\karate-junit5\1.4.1\karate-junit5-1.4.1.jar;C:\Users\monst\.m2\repository\com\intuit\karate\karate-core\1.4.1\karate-core-1.4.1.jar;C:\Users\monst\.m2\repository\org\graalvm\js\js-scriptengine\22.3.3\js-scriptengine-22.3.3.jar;C:\Users\monst\.m2\repository\org\graalvm\sdk\graal-sdk\22.3.3\graal-sdk-22.3.3.jar;C:\Users\monst\.m2\repository\org\graalvm\js\js\22.3.3\js-22.3.3.jar;C:\Users\monst\.m2\repository\org\graalvm\regex\regex\22.3.3\regex-22.3.3.jar;C:\Users\monst\.m2\repository\org\graalvm\truffle\truffle-api\22.3.3\truffle-api-22.3.3.jar;C:\Users\monst\.m2\repository\com\ibm\icu\icu4j\71.1\icu4j-71.1.jar;C:\Users\monst\.m2\repository\org\thymeleaf\thymeleaf\3.1.2.RELEASE\thymeleaf-3.1.2.RELEASE.jar;C:\Users\monst\.m2\repository\ognl\ognl\3.3.4\ognl-3.3.4.jar;C:\Users\monst\.m2\repository\org\javassist\javassist\3.29.0-GA\javassist-3.29.0-GA.jar;C:\Users\monst\.m2\repository\org\attoparser\attoparser\2.0.7.RELEASE\attoparser-2.0.7.RELEASE.jar;C:\Users\monst\.m2\repository\org\unbescape\unbescape\1.1.6.RELEASE\unbescape-1.1.6.RELEASE.jar;C:\Users\monst\.m2\repository\org\slf4j\slf4j-api\2.0.7\slf4j-api-2.0.7.jar;C:\Users\monst\.m2\repository\com\linecorp\armeria\armeria\1.25.2\armeria-1.25.2.jar;C:\Users\monst\.m2\repository\com\fasterxml\jackson\core\jackson-core\2.15.2\jackson-core-2.15.2.jar;C:\Users\monst\.m2\repository\com\fasterxml\jackson\core\jackson-annotations\2.15.2\jackson-annotations-2.15.2.jar;C:\Users\monst\.m2\repository\com\fasterxml\jackson\core\jackson-databind\2.15.2\jackson-databind-2.15.2.jar;C:\Users\monst\.m2\repository\com\fasterxml\jackson\datatype\jackson-datatype-jdk8\2.15.2\jackson-datatype-jdk8-2.15.2.jar;C:\Users\monst\.m2\repository\com\fasterxml\jackson\datatype\jackson-datatype-jsr310\2.15.2\jackson-datatype-jsr310-2.15.2.jar;C:\Users\monst\.m2\repository\io\micrometer\micrometer-core\1.11.3\micrometer-core-1.11.3.jar;C:\Users\monst\.m2\repository\io\micrometer\micrometer-commons\1.11.3\micrometer-commons-1.11.3.jar;C:\Users\monst\.m2\repository\io\micrometer\micrometer-observation\1.11.3\micrometer-observation-1.11.3.jar;C:\Users\monst\.m2\repository\org\hdrhistogram\HdrHistogram\2.1.12\HdrHistogram-2.1.12.jar;C:\Users\monst\.m2\repository\org\latencyutils\LatencyUtils\2.0.3\LatencyUtils-2.0.3.jar;C:\Users\monst\.m2\repository\io\netty\netty-transport\4.1.96.Final\netty-transport-4.1.96.Final.jar;C:\Users\monst\.m2\repository\io\netty\netty-common\4.1.96.Final\netty-common-4.1.96.Final.jar;C:\Users\monst\.m2\repository\io\netty\netty-buffer\4.1.96.Final\netty-buffer-4.1.96.Final.jar;C:\Users\monst\.m2\repository\io\netty\netty-resolver\4.1.96.Final\netty-resolver-4.1.96.Final.jar;C:\Users\monst\.m2\repository\io\netty\netty-codec-haproxy\4.1.96.Final\netty-codec-haproxy-4.1.96.Final.jar;C:\Users\monst\.m2\repository\io\netty\netty-codec\4.1.96.Final\netty-codec-4.1.96.Final.jar;C:\Users\monst\.m2\repository\io\netty\netty-codec-http2\4.1.96.Final\netty-codec-http2-4.1.96.Final.jar;C:\Users\monst\.m2\repository\io\netty\netty-handler\4.1.96.Final\netty-handler-4.1.96.Final.jar;C:\Users\monst\.m2\repository\io\netty\netty-codec-http\4.1.96.Final\netty-codec-http-4.1.96.Final.jar;C:\Users\monst\.m2\repository\io\netty\netty-resolver-dns\4.1.96.Final\netty-resolver-dns-4.1.96.Final.jar;C:\Users\monst\.m2\repository\io\netty\netty-codec-dns\4.1.96.Final\netty-codec-dns-4.1.96.Final.jar;C:\Users\monst\.m2\repository\org\reactivestreams\reactive-streams\1.0.4\reactive-streams-1.0.4.jar;C:\Users\monst\.m2\repository\com\google\code\findbugs\jsr305\3.0.2\jsr305-3.0.2.jar;C:\Users\monst\.m2\repository\io\netty\netty-handler-proxy\4.1.96.Final\netty-handler-proxy-4.1.96.Final.jar;C:\Users\monst\.m2\repository\io\netty\netty-codec-socks\4.1.96.Final\netty-codec-socks-4.1.96.Final.jar;C:\Users\monst\.m2\repository\io\netty\netty-transport-native-unix-common\4.1.96.Final\netty-transport-native-unix-common-4.1.96.Final-linux-x86_64.jar;C:\Users\monst\.m2\repository\io\netty\netty-transport-native-epoll\4.1.96.Final\netty-transport-native-epoll-4.1.96.Final-linux-x86_64.jar;C:\Users\monst\.m2\repository\io\netty\netty-transport-native-unix-common\4.1.96.Final\netty-transport-native-unix-common-4.1.96.Final.jar;C:\Users\monst\.m2\repository\io\netty\netty-transport-classes-epoll\4.1.96.Final\netty-transport-classes-epoll-4.1.96.Final.jar;C:\Users\monst\.m2\repository\io\netty\netty-transport-native-unix-common\4.1.96.Final\netty-transport-native-unix-common-4.1.96.Final-linux-aarch_64.jar;C:\Users\monst\.m2\repository\io\netty\netty-transport-native-epoll\4.1.96.Final\netty-transport-native-epoll-4.1.96.Final-linux-aarch_64.jar;C:\Users\monst\.m2\repository\io\netty\netty-transport-native-unix-common\4.1.96.Final\netty-transport-native-unix-common-4.1.96.Final-osx-x86_64.jar;C:\Users\monst\.m2\repository\io\netty\netty-transport-native-kqueue\4.1.96.Final\netty-transport-native-kqueue-4.1.96.Final-osx-x86_64.jar;C:\Users\monst\.m2\repository\io\netty\netty-transport-classes-kqueue\4.1.96.Final\netty-transport-classes-kqueue-4.1.96.Final.jar;C:\Users\monst\.m2\repository\io\netty\netty-resolver-dns-native-macos\4.1.96.Final\netty-resolver-dns-native-macos-4.1.96.Final-osx-x86_64.jar;C:\Users\monst\.m2\repository\io\netty\netty-resolver-dns-classes-macos\4.1.96.Final\netty-resolver-dns-classes-macos-4.1.96.Final.jar;C:\Users\monst\.m2\repository\io\netty\netty-transport-native-unix-common\4.1.96.Final\netty-transport-native-unix-common-4.1.96.Final-osx-aarch_64.jar;C:\Users\monst\.m2\repository\io\netty\netty-transport-native-kqueue\4.1.96.Final\netty-transport-native-kqueue-4.1.96.Final-osx-aarch_64.jar;C:\Users\monst\.m2\repository\io\netty\netty-resolver-dns-native-macos\4.1.96.Final\netty-resolver-dns-native-macos-4.1.96.Final-osx-aarch_64.jar;C:\Users\monst\.m2\repository\io\netty\netty-tcnative-boringssl-static\2.0.61.Final\netty-tcnative-boringssl-static-2.0.61.Final-linux-x86_64.jar;C:\Users\monst\.m2\repository\io\netty\netty-tcnative-classes\2.0.61.Final\netty-tcnative-classes-2.0.61.Final.jar;C:\Users\monst\.m2\repository\io\netty\netty-tcnative-boringssl-static\2.0.61.Final\netty-tcnative-boringssl-static-2.0.61.Final-linux-aarch_64.jar;C:\Users\monst\.m2\repository\io\netty\netty-tcnative-boringssl-static\2.0.61.Final\netty-tcnative-boringssl-static-2.0.61.Final-osx-x86_64.jar;C:\Users\monst\.m2\repository\io\netty\netty-tcnative-boringssl-static\2.0.61.Final\netty-tcnative-boringssl-static-2.0.61.Final-osx-aarch_64.jar;C:\Users\monst\.m2\repository\io\netty\netty-tcnative-boringssl-static\2.0.61.Final\netty-tcnative-boringssl-static-2.0.61.Final-windows-x86_64.jar;C:\Users\monst\.m2\repository\com\aayushatharva\brotli4j\brotli4j\1.12.0\brotli4j-1.12.0.jar;C:\Users\monst\.m2\repository\com\aayushatharva\brotli4j\service\1.12.0\service-1.12.0.jar;C:\Users\monst\.m2\repository\com\aayushatharva\brotli4j\native-windows-x86_64\1.12.0\native-windows-x86_64-1.12.0.jar;C:\Users\monst\.m2\repository\org\apache\httpcomponents\httpclient\4.5.14\httpclient-4.5.14.jar;C:\Users\monst\.m2\repository\org\apache\httpcomponents\httpcore\4.4.16\httpcore-4.4.16.jar;C:\Users\monst\.m2\repository\ch\qos\logback\logback-classic\1.4.11\logback-classic-1.4.11.jar;C:\Users\monst\.m2\repository\ch\qos\logback\logback-core\1.4.11\logback-core-1.4.11.jar;C:\Users\monst\.m2\repository\org\slf4j\jcl-over-slf4j\2.0.9\jcl-over-slf4j-2.0.9.jar;C:\Users\monst\.m2\repository\org\antlr\antlr4-runtime\4.11.1\antlr4-runtime-4.11.1.jar;C:\Users\monst\.m2\repository\com\jayway\jsonpath\json-path\2.8.0\json-path-2.8.0.jar;C:\Users\monst\.m2\repository\net\minidev\json-smart\2.4.10\json-smart-2.4.10.jar;C:\Users\monst\.m2\repository\net\minidev\accessors-smart\2.4.9\accessors-smart-2.4.9.jar;C:\Users\monst\.m2\repository\org\ow2\asm\asm\9.3\asm-9.3.jar;C:\Users\monst\.m2\repository\org\yaml\snakeyaml\2.0\snakeyaml-2.0.jar;C:\Users\monst\.m2\repository\de\siegmar\fastcsv\2.2.1\fastcsv-2.2.1.jar;C:\Users\monst\.m2\repository\info\picocli\picocli\4.7.1\picocli-4.7.1.jar;C:\Users\monst\.m2\repository\io\github\classgraph\classgraph\4.8.160\classgraph-4.8.160.jar;C:\Users\monst\.m2\repository\io\github\t12y\resemble\1.0.2\resemble-1.0.2.jar;C:\Users\monst\.m2\repository\io\github\t12y\ssim\1.0.0\ssim-1.0.0.jar;C:\Users\monst\.m2\repository\org\junit\jupiter\junit-jupiter-api\5.9.3\junit-jupiter-api-5.9.3.jar;C:\Users\monst\.m2\repository\org\opentest4j\opentest4j\1.2.0\opentest4j-1.2.0.jar;C:\Users\monst\.m2\repository\org\junit\platform\junit-platform-commons\1.9.3\junit-platform-commons-1.9.3.jar;C:\Users\monst\.m2\repository\org\apiguardian\apiguardian-api\1.1.2\apiguardian-api-1.1.2.jar;C:\Users\monst\.m2\repository\org\junit\jupiter\junit-jupiter-engine\5.9.3\junit-jupiter-engine-5.9.3.jar;C:\Users\monst\.m2\repository\org\junit\platform\junit-platform-engine\1.9.3\junit-platform-engine-1.9.3.jar;C:\Users\monst\.m2\repository\org\apache\poi\poi\5.2.4\poi-5.2.4.jar;C:\Users\monst\.m2\repository\commons-codec\commons-codec\1.16.0\commons-codec-1.16.0.jar;C:\Users\monst\.m2\repository\org\apache\commons\commons-collections4\4.4\commons-collections4-4.4.jar;C:\Users\monst\.m2\repository\org\apache\commons\commons-math3\3.6.1\commons-math3-3.6.1.jar;C:\Users\monst\.m2\repository\commons-io\commons-io\2.13.0\commons-io-2.13.0.jar;C:\Users\monst\.m2\repository\com\zaxxer\SparseBitSet\1.3\SparseBitSet-1.3.jar;C:\Users\monst\.m2\repository\org\apache\logging\log4j\log4j-api\2.20.0\log4j-api-2.20.0.jar;C:\Users\monst\.m2\repository\org\apache\poi\poi-ooxml\5.2.4\poi-ooxml-5.2.4.jar;C:\Users\monst\.m2\repository\org\apache\poi\poi-ooxml-lite\5.2.4\poi-ooxml-lite-5.2.4.jar;C:\Users\monst\.m2\repository\org\apache\xmlbeans\xmlbeans\5.1.1\xmlbeans-5.1.1.jar;C:\Users\monst\.m2\repository\org\apache\commons\commons-compress\1.24.0\commons-compress-1.24.0.jar;C:\Users\monst\.m2\repository\com\github\virtuald\curvesapi\1.08\curvesapi-1.08.jar;"/>
    <property name="sun.cpu.endian" value="little"/>
    <property name="user.home" value="C:\Users\monst"/>
    <property name="user.language" value="en"/>
    <property name="java.specification.vendor" value="Oracle Corporation"/>
    <property name="java.version.date" value="2023-10-17"/>
    <property name="java.home" value="C:\Program Files\Java\jdk-17"/>
    <property name="file.separator" value="\"/>
    <property name="basedir" value="C:\Users\monst\karate-tests"/>
    <property name="java.vm.compressedOopsMode" value="Zero based"/>
    <property name="line.separator" value="&#10;"/>
    <property name="java.vm.specification.vendor" value="Oracle Corporation"/>
    <property name="java.specification.name" value="Java Platform API Specification"/>
    <property name="surefire.real.class.path" value="C:\Users\monst\AppData\Local\Temp\surefire15087933052739383823\surefirebooter-20250624161914524_3.jar"/>
    <property name="user.script" value=""/>
    <property name="sun.management.compiler" value="HotSpot 64-Bit Tiered Compilers"/>
    <property name="java.runtime.version" value="17.0.9+11-LTS-201"/>
    <property name="user.name" value="monst"/>
    <property name="path.separator" value=";"/>
    <property name="os.version" value="10.0"/>
    <property name="java.runtime.name" value="Java(TM) SE Runtime Environment"/>
    <property name="file.encoding" value="Cp1252"/>
    <property name="java.vm.name" value="Java HotSpot(TM) 64-Bit Server VM"/>
    <property name="localRepository" value="C:\Users\monst\.m2\repository"/>
    <property name="java.vendor.url.bug" value="https://bugreport.java.com/bugreport/"/>
    <property name="java.io.tmpdir" value="C:\Users\monst\AppData\Local\Temp\"/>
    <property name="java.version" value="17.0.9"/>
    <property name="user.dir" value="C:\Users\monst\karate-tests"/>
    <property name="os.arch" value="amd64"/>
    <property name="java.vm.specification.name" value="Java Virtual Machine Specification"/>
    <property name="sun.os.patch.level" value=""/>
    <property name="native.encoding" value="Cp1252"/>
    <property name="java.library.path" value="C:\Program Files\Java\jdk-17\bin;C:\WINDOWS\Sun\Java\bin;C:\WINDOWS\system32;C:\WINDOWS;C:\Program Files\Eclipse Adoptium\jdk-17.0.12.7-hotspot\bin;C:\Program Files\Common Files\Oracle\Java\javapath;C:\Program Files (x86)\VMware\VMware Workstation\bin\;C:\Windows\system32;C:\Windows;C:\Windows\System32\Wbem;C:\Windows\System32\WindowsPowerShell\v1.0\;C:\Windows\System32\OpenSSH\;C:\Program Files (x86)\NVIDIA Corporation\PhysX\Common;C:\Program Files\NVIDIA Corporation\NVIDIA NvDLISR;C:\WINDOWS\system32;C:\WINDOWS;C:\WINDOWS\System32\Wbem;C:\WINDOWS\System32\WindowsPowerShell\v1.0\;C:\WINDOWS\System32\OpenSSH\;C:\Program Files\Azure Data Studio\bin;C:\Program Files (x86)\Microsoft SQL Server\160\Tools\Binn\;C:\Program Files\Microsoft SQL Server\160\Tools\Binn\;C:\Program Files\Microsoft SQL Server\Client SDK\ODBC\170\Tools\Binn\;C:\Program Files\Microsoft SQL Server\160\DTS\Binn\;C:\Program Files (x86)\Microsoft SQL Server\160\DTS\Binn\;C:\ProgramData\chocolatey\bin;C:\Program Files\Docker\Docker\resources\bin;C:\Program Files\nodejs\;C:\Program Files\MySQL\MySQL Server 8.0\bin;C:\Program Files\Git\cmd;C:\Program Files (x86)\Windows Kits\10\Windows Performance Toolkit\;C:\Program Files\dotnet\;C:\Program Files\Microsoft SQL Server\150\Tools\Binn\;C:\Program Files\Apache\apache-maven-3.9.9\bin;C:\Users\monst\AppData\Local\Android\Sdk\platform-tools;C:\Program Files\Cloudflare\Cloudflare WARP\;C:\Users\monst\AppData\Local\Programs\Python\Python313\Scripts\;C:\dev\flutter\bin;C:\Users\monst\.dotnet\tools;C:\Users\monst\AppData\Local\Programs\Microsoft VS Code\bin;C:\Users\monst\AppData\Local\Programs\Python\Python313\;C:\Users\monst\AppData\Local\Programs\cursor\resources\app\bin;C:\Users\monst\AppData\Roaming\npm;;."/>
    <property name="java.vm.info" value="mixed mode, sharing"/>
    <property name="java.vendor" value="Oracle Corporation"/>
    <property name="java.vm.version" value="17.0.9+11-LTS-201"/>
    <property name="sun.io.unicode.encoding" value="UnicodeLittle"/>
    <property name="java.class.version" value="61.0"/>
  </properties>
  <testcase name="testConcurrentLoginPerformance" classname="runners.performance.ConcurrentLoginRunner" time="23.012">
    <system-out><![CDATA[🚀 Starting Concurrent Performance Test - 100 requests with 100 threads...
16:19:16.348 [main] INFO com.intuit.karate.Suite -- backed up existing 'target\karate-reports' dir to: target\karate-reports_1750756756342
16:19:19.008 [pool-2-thread-38] DEBUG com.jayway.jsonpath.internal.path.CompiledPath -- Evaluating path: $
16:19:19.008 [pool-2-thread-2] DEBUG com.jayway.jsonpath.internal.path.CompiledPath -- Evaluating path: $
16:19:19.008 [pool-2-thread-86] DEBUG com.jayway.jsonpath.internal.path.CompiledPath -- Evaluating path: $
16:19:19.008 [pool-2-thread-10] DEBUG com.jayway.jsonpath.internal.path.CompiledPath -- Evaluating path: $
16:19:19.008 [pool-2-thread-7] DEBUG com.jayway.jsonpath.internal.path.CompiledPath -- Evaluating path: $
16:19:19.008 [pool-2-thread-65] DEBUG com.jayway.jsonpath.internal.path.CompiledPath -- Evaluating path: $
16:19:19.008 [pool-2-thread-21] DEBUG com.jayway.jsonpath.internal.path.CompiledPath -- Evaluating path: $
16:19:19.008 [pool-2-thread-1] DEBUG com.jayway.jsonpath.internal.path.CompiledPath -- Evaluating path: $
16:19:19.008 [pool-2-thread-45] DEBUG com.jayway.jsonpath.internal.path.CompiledPath -- Evaluating path: $
16:19:19.008 [pool-2-thread-46] DEBUG com.jayway.jsonpath.internal.path.CompiledPath -- Evaluating path: $
16:19:19.008 [pool-2-thread-97] DEBUG com.jayway.jsonpath.internal.path.CompiledPath -- Evaluating path: $
16:19:19.009 [pool-2-thread-20] DEBUG com.jayway.jsonpath.internal.path.CompiledPath -- Evaluating path: $
16:19:19.008 [pool-2-thread-24] DEBUG com.jayway.jsonpath.internal.path.CompiledPath -- Evaluating path: $
16:19:19.009 [pool-2-thread-30] DEBUG com.jayway.jsonpath.internal.path.CompiledPath -- Evaluating path: $
16:19:19.009 [pool-2-thread-35] DEBUG com.jayway.jsonpath.internal.path.CompiledPath -- Evaluating path: $
16:19:19.009 [pool-2-thread-83] DEBUG com.jayway.jsonpath.internal.path.CompiledPath -- Evaluating path: $
16:19:19.009 [pool-2-thread-63] DEBUG com.jayway.jsonpath.internal.path.CompiledPath -- Evaluating path: $
16:19:19.008 [pool-2-thread-77] DEBUG com.jayway.jsonpath.internal.path.CompiledPath -- Evaluating path: $
16:19:19.008 [pool-2-thread-28] DEBUG com.jayway.jsonpath.internal.path.CompiledPath -- Evaluating path: $
16:19:19.008 [pool-2-thread-87] DEBUG com.jayway.jsonpath.internal.path.CompiledPath -- Evaluating path: $
16:19:19.009 [pool-2-thread-18] DEBUG com.jayway.jsonpath.internal.path.CompiledPath -- Evaluating path: $
16:19:19.009 [pool-2-thread-49] DEBUG com.jayway.jsonpath.internal.path.CompiledPath -- Evaluating path: $
16:19:19.008 [pool-2-thread-32] DEBUG com.jayway.jsonpath.internal.path.CompiledPath -- Evaluating path: $
16:19:19.010 [pool-2-thread-69] DEBUG com.jayway.jsonpath.internal.path.CompiledPath -- Evaluating path: $
16:19:19.008 [pool-2-thread-15] DEBUG com.jayway.jsonpath.internal.path.CompiledPath -- Evaluating path: $
16:19:19.008 [pool-2-thread-58] DEBUG com.jayway.jsonpath.internal.path.CompiledPath -- Evaluating path: $
16:19:19.010 [pool-2-thread-54] DEBUG com.jayway.jsonpath.internal.path.CompiledPath -- Evaluating path: $
16:19:19.010 [pool-2-thread-40] DEBUG com.jayway.jsonpath.internal.path.CompiledPath -- Evaluating path: $
16:19:19.010 [pool-2-thread-75] DEBUG com.jayway.jsonpath.internal.path.CompiledPath -- Evaluating path: $
16:19:19.008 [pool-2-thread-23] DEBUG com.jayway.jsonpath.internal.path.CompiledPath -- Evaluating path: $
16:19:19.008 [pool-2-thread-14] DEBUG com.jayway.jsonpath.internal.path.CompiledPath -- Evaluating path: $
16:19:19.008 [pool-2-thread-39] DEBUG com.jayway.jsonpath.internal.path.CompiledPath -- Evaluating path: $
16:19:19.008 [pool-2-thread-76] DEBUG com.jayway.jsonpath.internal.path.CompiledPath -- Evaluating path: $
16:19:19.008 [pool-2-thread-53] DEBUG com.jayway.jsonpath.internal.path.CompiledPath -- Evaluating path: $
16:19:19.008 [pool-2-thread-17] DEBUG com.jayway.jsonpath.internal.path.CompiledPath -- Evaluating path: $
16:19:19.008 [pool-2-thread-26] DEBUG com.jayway.jsonpath.internal.path.CompiledPath -- Evaluating path: $
16:19:19.008 [pool-2-thread-56] DEBUG com.jayway.jsonpath.internal.path.CompiledPath -- Evaluating path: $
16:19:19.008 [pool-2-thread-93] DEBUG com.jayway.jsonpath.internal.path.CompiledPath -- Evaluating path: $
16:19:19.008 [pool-2-thread-91] DEBUG com.jayway.jsonpath.internal.path.CompiledPath -- Evaluating path: $
16:19:19.008 [pool-2-thread-57] DEBUG com.jayway.jsonpath.internal.path.CompiledPath -- Evaluating path: $
16:19:19.008 [pool-2-thread-98] DEBUG com.jayway.jsonpath.internal.path.CompiledPath -- Evaluating path: $
16:19:19.008 [pool-2-thread-96] DEBUG com.jayway.jsonpath.internal.path.CompiledPath -- Evaluating path: $
16:19:19.008 [pool-2-thread-8] DEBUG com.jayway.jsonpath.internal.path.CompiledPath -- Evaluating path: $
16:19:19.008 [pool-2-thread-60] DEBUG com.jayway.jsonpath.internal.path.CompiledPath -- Evaluating path: $
16:19:19.008 [pool-2-thread-6] DEBUG com.jayway.jsonpath.internal.path.CompiledPath -- Evaluating path: $
16:19:19.008 [pool-2-thread-16] DEBUG com.jayway.jsonpath.internal.path.CompiledPath -- Evaluating path: $
16:19:19.008 [pool-2-thread-41] DEBUG com.jayway.jsonpath.internal.path.CompiledPath -- Evaluating path: $
16:19:19.008 [pool-2-thread-85] DEBUG com.jayway.jsonpath.internal.path.CompiledPath -- Evaluating path: $
16:19:19.008 [pool-2-thread-55] DEBUG com.jayway.jsonpath.internal.path.CompiledPath -- Evaluating path: $
16:19:19.008 [pool-2-thread-71] DEBUG com.jayway.jsonpath.internal.path.CompiledPath -- Evaluating path: $
16:19:19.008 [pool-2-thread-67] DEBUG com.jayway.jsonpath.internal.path.CompiledPath -- Evaluating path: $
16:19:19.008 [pool-2-thread-79] DEBUG com.jayway.jsonpath.internal.path.CompiledPath -- Evaluating path: $
16:19:19.008 [pool-2-thread-4] DEBUG com.jayway.jsonpath.internal.path.CompiledPath -- Evaluating path: $
16:19:19.008 [pool-2-thread-92] DEBUG com.jayway.jsonpath.internal.path.CompiledPath -- Evaluating path: $
16:19:19.008 [pool-2-thread-11] DEBUG com.jayway.jsonpath.internal.path.CompiledPath -- Evaluating path: $
16:19:19.008 [pool-2-thread-29] DEBUG com.jayway.jsonpath.internal.path.CompiledPath -- Evaluating path: $
16:19:19.008 [pool-2-thread-62] DEBUG com.jayway.jsonpath.internal.path.CompiledPath -- Evaluating path: $
16:19:19.008 [pool-2-thread-34] DEBUG com.jayway.jsonpath.internal.path.CompiledPath -- Evaluating path: $
16:19:19.008 [pool-2-thread-80] DEBUG com.jayway.jsonpath.internal.path.CompiledPath -- Evaluating path: $
16:19:19.008 [pool-2-thread-47] DEBUG com.jayway.jsonpath.internal.path.CompiledPath -- Evaluating path: $
16:19:19.008 [pool-2-thread-84] DEBUG com.jayway.jsonpath.internal.path.CompiledPath -- Evaluating path: $
16:19:19.008 [pool-2-thread-9] DEBUG com.jayway.jsonpath.internal.path.CompiledPath -- Evaluating path: $
16:19:19.008 [pool-2-thread-42] DEBUG com.jayway.jsonpath.internal.path.CompiledPath -- Evaluating path: $
16:19:19.009 [pool-2-thread-27] DEBUG com.jayway.jsonpath.internal.path.CompiledPath -- Evaluating path: $
16:19:19.009 [pool-2-thread-81] DEBUG com.jayway.jsonpath.internal.path.CompiledPath -- Evaluating path: $
16:19:19.009 [pool-2-thread-36] DEBUG com.jayway.jsonpath.internal.path.CompiledPath -- Evaluating path: $
16:19:19.009 [pool-2-thread-66] DEBUG com.jayway.jsonpath.internal.path.CompiledPath -- Evaluating path: $
16:19:19.009 [pool-2-thread-74] DEBUG com.jayway.jsonpath.internal.path.CompiledPath -- Evaluating path: $
16:19:19.009 [pool-2-thread-90] DEBUG com.jayway.jsonpath.internal.path.CompiledPath -- Evaluating path: $
16:19:19.009 [pool-2-thread-19] DEBUG com.jayway.jsonpath.internal.path.CompiledPath -- Evaluating path: $
16:19:19.009 [pool-2-thread-33] DEBUG com.jayway.jsonpath.internal.path.CompiledPath -- Evaluating path: $
16:19:19.009 [pool-2-thread-13] DEBUG com.jayway.jsonpath.internal.path.CompiledPath -- Evaluating path: $
16:19:19.009 [pool-2-thread-48] DEBUG com.jayway.jsonpath.internal.path.CompiledPath -- Evaluating path: $
16:19:19.009 [pool-2-thread-51] DEBUG com.jayway.jsonpath.internal.path.CompiledPath -- Evaluating path: $
16:19:19.009 [pool-2-thread-100] DEBUG com.jayway.jsonpath.internal.path.CompiledPath -- Evaluating path: $
16:19:19.009 [pool-2-thread-43] DEBUG com.jayway.jsonpath.internal.path.CompiledPath -- Evaluating path: $
16:19:19.009 [pool-2-thread-64] DEBUG com.jayway.jsonpath.internal.path.CompiledPath -- Evaluating path: $
16:19:19.009 [pool-2-thread-44] DEBUG com.jayway.jsonpath.internal.path.CompiledPath -- Evaluating path: $
16:19:19.009 [pool-2-thread-31] DEBUG com.jayway.jsonpath.internal.path.CompiledPath -- Evaluating path: $
16:19:19.009 [pool-2-thread-88] DEBUG com.jayway.jsonpath.internal.path.CompiledPath -- Evaluating path: $
16:19:19.009 [pool-2-thread-73] DEBUG com.jayway.jsonpath.internal.path.CompiledPath -- Evaluating path: $
16:19:19.009 [pool-2-thread-95] DEBUG com.jayway.jsonpath.internal.path.CompiledPath -- Evaluating path: $
16:19:19.009 [pool-2-thread-61] DEBUG com.jayway.jsonpath.internal.path.CompiledPath -- Evaluating path: $
16:19:19.009 [pool-2-thread-12] DEBUG com.jayway.jsonpath.internal.path.CompiledPath -- Evaluating path: $
16:19:19.009 [pool-2-thread-25] DEBUG com.jayway.jsonpath.internal.path.CompiledPath -- Evaluating path: $
16:19:19.009 [pool-2-thread-5] DEBUG com.jayway.jsonpath.internal.path.CompiledPath -- Evaluating path: $
16:19:19.010 [pool-2-thread-89] DEBUG com.jayway.jsonpath.internal.path.CompiledPath -- Evaluating path: $
16:19:19.010 [pool-2-thread-37] DEBUG com.jayway.jsonpath.internal.path.CompiledPath -- Evaluating path: $
16:19:19.010 [pool-2-thread-94] DEBUG com.jayway.jsonpath.internal.path.CompiledPath -- Evaluating path: $
16:19:19.010 [pool-2-thread-68] DEBUG com.jayway.jsonpath.internal.path.CompiledPath -- Evaluating path: $
16:19:19.010 [pool-2-thread-22] DEBUG com.jayway.jsonpath.internal.path.CompiledPath -- Evaluating path: $
16:19:19.010 [pool-2-thread-59] DEBUG com.jayway.jsonpath.internal.path.CompiledPath -- Evaluating path: $
16:19:19.010 [pool-2-thread-52] DEBUG com.jayway.jsonpath.internal.path.CompiledPath -- Evaluating path: $
16:19:19.010 [pool-2-thread-70] DEBUG com.jayway.jsonpath.internal.path.CompiledPath -- Evaluating path: $
16:19:19.010 [pool-2-thread-50] DEBUG com.jayway.jsonpath.internal.path.CompiledPath -- Evaluating path: $
16:19:19.010 [pool-2-thread-3] DEBUG com.jayway.jsonpath.internal.path.CompiledPath -- Evaluating path: $
16:19:19.010 [pool-2-thread-72] DEBUG com.jayway.jsonpath.internal.path.CompiledPath -- Evaluating path: $
16:19:19.010 [pool-2-thread-78] DEBUG com.jayway.jsonpath.internal.path.CompiledPath -- Evaluating path: $
16:19:19.010 [pool-2-thread-82] DEBUG com.jayway.jsonpath.internal.path.CompiledPath -- Evaluating path: $
16:19:19.010 [pool-2-thread-99] DEBUG com.jayway.jsonpath.internal.path.CompiledPath -- Evaluating path: $
16:19:19.244 [pool-2-thread-32] INFO com.intuit.karate -- [print] *** CONCURRENT API CALL for user: quang1@gmail.com *** 
16:19:19.245 [pool-2-thread-69] INFO com.intuit.karate -- [print] *** CONCURRENT API CALL for user: testit@gmail.com *** 
16:19:19.245 [pool-2-thread-22] INFO com.intuit.karate -- [print] *** CONCURRENT API CALL for user: quang1@gmail.com *** 
16:19:19.245 [pool-2-thread-39] INFO com.intuit.karate -- [print] *** CONCURRENT API CALL for user: testit@gmail.com *** 
16:19:19.245 [pool-2-thread-80] INFO com.intuit.karate -- [print] *** CONCURRENT API CALL for user: testit2@gmail.com *** 
16:19:19.245 [pool-2-thread-65] INFO com.intuit.karate -- [print] *** CONCURRENT API CALL for user: test28@example.com *** 
16:19:19.245 [pool-2-thread-43] INFO com.intuit.karate -- [print] *** CONCURRENT API CALL for user: test@example.com *** 
16:19:19.247 [pool-2-thread-47] INFO com.intuit.karate -- [print] *** CONCURRENT API CALL for user: testit3@gmail.com *** 
16:19:19.245 [pool-2-thread-99] INFO com.intuit.karate -- [print] *** CONCURRENT API CALL for user: testit@gmail.com *** 
16:19:19.257 [pool-2-thread-88] INFO com.intuit.karate -- [print] *** CONCURRENT API CALL for user: testit5@gmail.com *** 
16:19:19.257 [pool-2-thread-17] INFO com.intuit.karate -- [print] *** CONCURRENT API CALL for user: testit3@gmail.com *** 
16:19:19.245 [pool-2-thread-27] INFO com.intuit.karate -- [print] *** CONCURRENT API CALL for user: testit3@gmail.com *** 
16:19:19.259 [pool-2-thread-35] INFO com.intuit.karate -- [print] *** CONCURRENT API CALL for user: test28@example.com *** 
16:19:19.245 [pool-2-thread-16] INFO com.intuit.karate -- [print] *** CONCURRENT API CALL for user: testit4@gmail.com *** 
16:19:19.259 [pool-2-thread-36] INFO com.intuit.karate -- [print] *** CONCURRENT API CALL for user: testit4@gmail.com *** 
16:19:19.259 [pool-2-thread-77] INFO com.intuit.karate -- [print] *** CONCURRENT API CALL for user: testit3@gmail.com *** 
16:19:19.251 [pool-2-thread-48] INFO com.intuit.karate -- [print] *** CONCURRENT API CALL for user: testit5@gmail.com *** 
16:19:19.259 [pool-2-thread-57] INFO com.intuit.karate -- [print] *** CONCURRENT API CALL for user: testit3@gmail.com *** 
16:19:19.259 [pool-2-thread-21] INFO com.intuit.karate -- [print] *** CONCURRENT API CALL for user: nam@gmail.com *** 
16:19:19.259 [pool-2-thread-46] INFO com.intuit.karate -- [print] *** CONCURRENT API CALL for user: testit4@gmail.com *** 
16:19:19.251 [pool-2-thread-96] INFO com.intuit.karate -- [print] *** CONCURRENT API CALL for user: testit4@gmail.com *** 
16:19:19.260 [pool-2-thread-89] INFO com.intuit.karate -- [print] *** CONCURRENT API CALL for user: testit@gmail.com *** 
16:19:19.260 [pool-2-thread-58] INFO com.intuit.karate -- [print] *** CONCURRENT API CALL for user: testit5@gmail.com *** 
16:19:19.257 [pool-2-thread-19] INFO com.intuit.karate -- [print] *** CONCURRENT API CALL for user: testit@gmail.com *** 
16:19:19.260 [pool-2-thread-55] INFO com.intuit.karate -- [print] *** CONCURRENT API CALL for user: test28@example.com *** 
16:19:19.257 [pool-2-thread-45] INFO com.intuit.karate -- [print] *** CONCURRENT API CALL for user: test28@example.com *** 
16:19:19.257 [pool-2-thread-61] INFO com.intuit.karate -- [print] *** CONCURRENT API CALL for user: nam@gmail.com *** 
16:19:19.261 [pool-2-thread-71] INFO com.intuit.karate -- [print] *** CONCURRENT API CALL for user: nam@gmail.com *** 
16:19:19.257 [pool-2-thread-84] INFO com.intuit.karate -- [print] *** CONCURRENT API CALL for user: test2@example.com *** 
16:19:19.261 [pool-2-thread-62] INFO com.intuit.karate -- [print] *** CONCURRENT API CALL for user: quang1@gmail.com *** 
16:19:19.261 [pool-2-thread-98] INFO com.intuit.karate -- [print] *** CONCURRENT API CALL for user: testit5@gmail.com *** 
16:19:19.257 [pool-2-thread-20] INFO com.intuit.karate -- [print] *** CONCURRENT API CALL for user: testit2@gmail.com *** 
16:19:19.261 [pool-2-thread-38] INFO com.intuit.karate -- [print] *** CONCURRENT API CALL for user: testit5@gmail.com *** 
16:19:19.262 [pool-2-thread-83] INFO com.intuit.karate -- [print] *** CONCURRENT API CALL for user: test@example.com *** 
16:19:19.262 [pool-2-thread-30] INFO com.intuit.karate -- [print] *** CONCURRENT API CALL for user: testit2@gmail.com *** 
16:19:19.262 [pool-2-thread-53] INFO com.intuit.karate -- [print] *** CONCURRENT API CALL for user: test@example.com *** 
16:19:19.258 [pool-2-thread-2] INFO com.intuit.karate -- [print] *** CONCURRENT API CALL for user: quang1@gmail.com *** 
16:19:19.262 [pool-2-thread-26] INFO com.intuit.karate -- [print] *** CONCURRENT API CALL for user: testit4@gmail.com *** 
16:19:19.263 [pool-2-thread-67] INFO com.intuit.karate -- [print] *** CONCURRENT API CALL for user: testit3@gmail.com *** 
16:19:19.259 [pool-2-thread-25] INFO com.intuit.karate -- [print] *** CONCURRENT API CALL for user: test28@example.com *** 
16:19:19.259 [pool-2-thread-28] INFO com.intuit.karate -- [print] *** CONCURRENT API CALL for user: testit5@gmail.com *** 
16:19:19.263 [pool-2-thread-90] INFO com.intuit.karate -- [print] *** CONCURRENT API CALL for user: testit2@gmail.com *** 
16:19:19.263 [pool-2-thread-33] INFO com.intuit.karate -- [print] *** CONCURRENT API CALL for user: test@example.com *** 
16:19:19.259 [pool-2-thread-100] INFO com.intuit.karate -- [print] *** CONCURRENT API CALL for user: testit2@gmail.com *** 
16:19:19.264 [pool-2-thread-4] INFO com.intuit.karate -- [print] *** CONCURRENT API CALL for user: test2@example.com *** 
16:19:19.264 [pool-2-thread-13] INFO com.intuit.karate -- [print] *** CONCURRENT API CALL for user: test@example.com *** 
16:19:19.260 [pool-2-thread-76] INFO com.intuit.karate -- [print] *** CONCURRENT API CALL for user: testit4@gmail.com *** 
16:19:19.264 [pool-2-thread-18] INFO com.intuit.karate -- [print] *** CONCURRENT API CALL for user: testit5@gmail.com *** 
16:19:19.260 [pool-2-thread-86] INFO com.intuit.karate -- [print] *** CONCURRENT API CALL for user: testit4@gmail.com *** 
16:19:19.264 [pool-2-thread-91] INFO com.intuit.karate -- [print] *** CONCURRENT API CALL for user: nam@gmail.com *** 
16:19:19.260 [pool-2-thread-72] INFO com.intuit.karate -- [print] *** CONCURRENT API CALL for user: quang1@gmail.com *** 
16:19:19.261 [pool-2-thread-74] INFO com.intuit.karate -- [print] *** CONCURRENT API CALL for user: test2@example.com *** 
16:19:19.265 [pool-2-thread-42] INFO com.intuit.karate -- [print] *** CONCURRENT API CALL for user: quang1@gmail.com *** 
16:19:19.263 [pool-2-thread-8] INFO com.intuit.karate -- [print] *** CONCURRENT API CALL for user: testit5@gmail.com *** 
16:19:19.264 [pool-2-thread-78] INFO com.intuit.karate -- [print] *** CONCURRENT API CALL for user: testit5@gmail.com *** 
16:19:19.267 [pool-2-thread-87] INFO com.intuit.karate -- [print] *** CONCURRENT API CALL for user: testit3@gmail.com *** 
16:19:19.266 [pool-2-thread-59] INFO com.intuit.karate -- [print] *** CONCURRENT API CALL for user: testit@gmail.com *** 
16:19:19.267 [pool-2-thread-1] INFO com.intuit.karate -- [print] *** CONCURRENT API CALL for user: nam@gmail.com *** 
16:19:19.267 [pool-2-thread-41] INFO com.intuit.karate -- [print] *** CONCURRENT API CALL for user: nam@gmail.com *** 
16:19:19.268 [pool-2-thread-14] INFO com.intuit.karate -- [print] *** CONCURRENT API CALL for user: test2@example.com *** 
16:19:19.268 [pool-2-thread-97] INFO com.intuit.karate -- [print] *** CONCURRENT API CALL for user: testit3@gmail.com *** 
16:19:19.268 [pool-2-thread-29] INFO com.intuit.karate -- [print] *** CONCURRENT API CALL for user: testit@gmail.com *** 
16:19:19.269 [pool-2-thread-54] INFO com.intuit.karate -- [print] *** CONCURRENT API CALL for user: test2@example.com *** 
16:19:19.269 [pool-2-thread-56] INFO com.intuit.karate -- [print] *** CONCURRENT API CALL for user: testit4@gmail.com *** 
16:19:19.269 [pool-2-thread-85] INFO com.intuit.karate -- [print] *** CONCURRENT API CALL for user: test28@example.com *** 
16:19:19.269 [pool-2-thread-75] INFO com.intuit.karate -- [print] *** CONCURRENT API CALL for user: test28@example.com *** 
16:19:19.269 [pool-2-thread-79] INFO com.intuit.karate -- [print] *** CONCURRENT API CALL for user: testit@gmail.com *** 
16:19:19.270 [pool-2-thread-94] INFO com.intuit.karate -- [print] *** CONCURRENT API CALL for user: test2@example.com *** 
16:19:19.270 [pool-2-thread-63] INFO com.intuit.karate -- [print] *** CONCURRENT API CALL for user: test@example.com *** 
16:19:19.270 [pool-2-thread-82] INFO com.intuit.karate -- [print] *** CONCURRENT API CALL for user: quang1@gmail.com *** 
16:19:19.271 [pool-2-thread-3] INFO com.intuit.karate -- [print] *** CONCURRENT API CALL for user: test@example.com *** 
16:19:19.271 [pool-2-thread-60] INFO com.intuit.karate -- [print] *** CONCURRENT API CALL for user: testit2@gmail.com *** 
16:19:19.271 [pool-2-thread-37] INFO com.intuit.karate -- [print] *** CONCURRENT API CALL for user: testit3@gmail.com *** 
16:19:19.271 [pool-2-thread-44] INFO com.intuit.karate -- [print] *** CONCURRENT API CALL for user: test2@example.com *** 
16:19:19.272 [pool-2-thread-9] INFO com.intuit.karate -- [print] *** CONCURRENT API CALL for user: testit@gmail.com *** 
16:19:19.272 [pool-2-thread-95] INFO com.intuit.karate -- [print] *** CONCURRENT API CALL for user: test28@example.com *** 
16:19:19.272 [pool-2-thread-5] INFO com.intuit.karate -- [print] *** CONCURRENT API CALL for user: test28@example.com *** 
16:19:19.273 [pool-2-thread-7] INFO com.intuit.karate -- [print] *** CONCURRENT API CALL for user: testit3@gmail.com *** 
16:19:19.273 [pool-2-thread-31] INFO com.intuit.karate -- [print] *** CONCURRENT API CALL for user: nam@gmail.com *** 
16:19:19.273 [pool-2-thread-81] INFO com.intuit.karate -- [print] *** CONCURRENT API CALL for user: nam@gmail.com *** 
16:19:19.273 [pool-2-thread-15] INFO com.intuit.karate -- [print] *** CONCURRENT API CALL for user: test28@example.com *** 
16:19:19.274 [pool-2-thread-70] INFO com.intuit.karate -- [print] *** CONCURRENT API CALL for user: testit2@gmail.com *** 
16:19:19.274 [pool-2-thread-10] INFO com.intuit.karate -- [print] *** CONCURRENT API CALL for user: testit2@gmail.com *** 
16:19:19.274 [pool-2-thread-12] INFO com.intuit.karate -- [print] *** CONCURRENT API CALL for user: quang1@gmail.com *** 
16:19:19.274 [pool-2-thread-51] INFO com.intuit.karate -- [print] *** CONCURRENT API CALL for user: nam@gmail.com *** 
16:19:19.274 [pool-2-thread-92] INFO com.intuit.karate -- [print] *** CONCURRENT API CALL for user: quang1@gmail.com *** 
16:19:19.274 [pool-2-thread-6] INFO com.intuit.karate -- [print] *** CONCURRENT API CALL for user: testit4@gmail.com *** 
16:19:19.275 [pool-2-thread-68] INFO com.intuit.karate -- [print] *** CONCURRENT API CALL for user: testit5@gmail.com *** 
16:19:19.275 [pool-2-thread-23] INFO com.intuit.karate -- [print] *** CONCURRENT API CALL for user: test@example.com *** 
16:19:19.276 [pool-2-thread-50] INFO com.intuit.karate -- [print] *** CONCURRENT API CALL for user: testit2@gmail.com *** 
16:19:19.276 [pool-2-thread-73] INFO com.intuit.karate -- [print] *** CONCURRENT API CALL for user: test@example.com *** 
16:19:19.276 [pool-2-thread-52] INFO com.intuit.karate -- [print] *** CONCURRENT API CALL for user: quang1@gmail.com *** 
16:19:19.277 [pool-2-thread-64] INFO com.intuit.karate -- [print] *** CONCURRENT API CALL for user: test2@example.com *** 
16:19:19.277 [pool-2-thread-24] INFO com.intuit.karate -- [print] *** CONCURRENT API CALL for user: test2@example.com *** 
16:19:19.277 [pool-2-thread-49] INFO com.intuit.karate -- [print] *** CONCURRENT API CALL for user: testit@gmail.com *** 
16:19:19.278 [pool-2-thread-66] INFO com.intuit.karate -- [print] *** CONCURRENT API CALL for user: testit4@gmail.com *** 
16:19:19.278 [pool-2-thread-11] INFO com.intuit.karate -- [print] *** CONCURRENT API CALL for user: nam@gmail.com *** 
16:19:19.278 [pool-2-thread-40] INFO com.intuit.karate -- [print] *** CONCURRENT API CALL for user: testit2@gmail.com *** 
16:19:19.278 [pool-2-thread-34] INFO com.intuit.karate -- [print] *** CONCURRENT API CALL for user: test2@example.com *** 
16:19:19.278 [pool-2-thread-93] INFO com.intuit.karate -- [print] *** CONCURRENT API CALL for user: test@example.com *** 
16:19:19.360 [pool-2-thread-98] DEBUG io.netty.util.internal.logging.InternalLoggerFactory -- Using SLF4J as the default logging framework
16:19:19.363 [pool-2-thread-98] DEBUG io.netty.util.internal.PlatformDependent0 -- -Dio.netty.noUnsafe: false
16:19:19.364 [pool-2-thread-98] DEBUG io.netty.util.internal.PlatformDependent0 -- Java version: 17
16:19:19.364 [pool-2-thread-98] DEBUG io.netty.util.internal.PlatformDependent0 -- sun.misc.Unsafe.theUnsafe: available
16:19:19.365 [pool-2-thread-98] DEBUG io.netty.util.internal.PlatformDependent0 -- sun.misc.Unsafe.copyMemory: available
16:19:19.366 [pool-2-thread-98] DEBUG io.netty.util.internal.PlatformDependent0 -- sun.misc.Unsafe.storeFence: available
16:19:19.367 [pool-2-thread-98] DEBUG io.netty.util.internal.PlatformDependent0 -- java.nio.Buffer.address: available
16:19:19.369 [pool-2-thread-98] DEBUG io.netty.util.internal.PlatformDependent0 -- direct buffer constructor: unavailable: Reflective setAccessible(true) disabled
16:19:19.369 [pool-2-thread-98] DEBUG io.netty.util.internal.PlatformDependent0 -- java.nio.Bits.unaligned: available, true
16:19:19.371 [pool-2-thread-98] DEBUG io.netty.util.internal.PlatformDependent0 -- jdk.internal.misc.Unsafe.allocateUninitializedArray(int): unavailable: class io.netty.util.internal.PlatformDependent0$7 cannot access class jdk.internal.misc.Unsafe (in module java.base) because module java.base does not export jdk.internal.misc to unnamed module @376b4233
16:19:19.372 [pool-2-thread-98] DEBUG io.netty.util.internal.PlatformDependent0 -- java.nio.DirectByteBuffer.<init>(long, {int,long}): unavailable
16:19:19.372 [pool-2-thread-98] DEBUG io.netty.util.internal.PlatformDependent -- sun.misc.Unsafe: available
16:19:19.374 [pool-2-thread-98] DEBUG io.netty.util.internal.PlatformDependent -- maxDirectMemory: 4123000832 bytes (maybe)
16:19:19.375 [pool-2-thread-98] DEBUG io.netty.util.internal.PlatformDependent -- -Dio.netty.tmpdir: C:\Users\monst\AppData\Local\Temp (java.io.tmpdir)
16:19:19.375 [pool-2-thread-98] DEBUG io.netty.util.internal.PlatformDependent -- -Dio.netty.bitMode: 64 (sun.arch.data.model)
16:19:19.376 [pool-2-thread-98] DEBUG io.netty.util.internal.PlatformDependent -- Platform: Windows
16:19:19.378 [pool-2-thread-98] DEBUG io.netty.util.internal.PlatformDependent -- -Dio.netty.maxDirectMemory: -1 bytes
16:19:19.378 [pool-2-thread-98] DEBUG io.netty.util.internal.PlatformDependent -- -Dio.netty.uninitializedArrayAllocationThreshold: -1
16:19:19.379 [pool-2-thread-98] DEBUG io.netty.util.internal.CleanerJava9 -- java.nio.ByteBuffer.cleaner(): available
16:19:19.380 [pool-2-thread-98] DEBUG io.netty.util.internal.PlatformDependent -- -Dio.netty.noPreferDirect: false
16:19:19.771 [pool-2-thread-24] DEBUG org.apache.http.client.protocol.RequestAddCookies -- CookieSpec selected: karate
16:19:19.772 [pool-2-thread-53] DEBUG org.apache.http.client.protocol.RequestAddCookies -- CookieSpec selected: karate
16:19:19.772 [pool-2-thread-26] DEBUG org.apache.http.client.protocol.RequestAddCookies -- CookieSpec selected: karate
16:19:19.772 [pool-2-thread-60] DEBUG org.apache.http.client.protocol.RequestAddCookies -- CookieSpec selected: karate
16:19:19.772 [pool-2-thread-61] DEBUG org.apache.http.client.protocol.RequestAddCookies -- CookieSpec selected: karate
16:19:19.772 [pool-2-thread-66] DEBUG org.apache.http.client.protocol.RequestAddCookies -- CookieSpec selected: karate
16:19:19.771 [pool-2-thread-23] DEBUG org.apache.http.client.protocol.RequestAddCookies -- CookieSpec selected: karate
16:19:19.773 [pool-2-thread-31] DEBUG org.apache.http.client.protocol.RequestAddCookies -- CookieSpec selected: karate
16:19:19.773 [pool-2-thread-4] DEBUG org.apache.http.client.protocol.RequestAddCookies -- CookieSpec selected: karate
16:19:19.773 [pool-2-thread-92] DEBUG org.apache.http.client.protocol.RequestAddCookies -- CookieSpec selected: karate
16:19:19.773 [pool-2-thread-76] DEBUG org.apache.http.client.protocol.RequestAddCookies -- CookieSpec selected: karate
16:19:19.773 [pool-2-thread-42] DEBUG org.apache.http.client.protocol.RequestAddCookies -- CookieSpec selected: karate
16:19:19.773 [pool-2-thread-18] DEBUG org.apache.http.client.protocol.RequestAddCookies -- CookieSpec selected: karate
16:19:19.773 [pool-2-thread-25] DEBUG org.apache.http.client.protocol.RequestAddCookies -- CookieSpec selected: karate
16:19:19.774 [pool-2-thread-51] DEBUG org.apache.http.client.protocol.RequestAddCookies -- CookieSpec selected: karate
16:19:19.774 [pool-2-thread-84] DEBUG org.apache.http.client.protocol.RequestAddCookies -- CookieSpec selected: karate
16:19:19.774 [pool-2-thread-55] DEBUG org.apache.http.client.protocol.RequestAddCookies -- CookieSpec selected: karate
16:19:19.771 [pool-2-thread-46] DEBUG org.apache.http.client.protocol.RequestAddCookies -- CookieSpec selected: karate
16:19:19.774 [pool-2-thread-54] DEBUG org.apache.http.client.protocol.RequestAddCookies -- CookieSpec selected: karate
16:19:19.774 [pool-2-thread-87] DEBUG org.apache.http.client.protocol.RequestAddCookies -- CookieSpec selected: karate
16:19:19.774 [pool-2-thread-35] DEBUG org.apache.http.client.protocol.RequestAddCookies -- CookieSpec selected: karate
16:19:19.774 [pool-2-thread-22] DEBUG org.apache.http.client.protocol.RequestAddCookies -- CookieSpec selected: karate
16:19:19.774 [pool-2-thread-59] DEBUG org.apache.http.client.protocol.RequestAddCookies -- CookieSpec selected: karate
16:19:19.774 [pool-2-thread-89] DEBUG org.apache.http.client.protocol.RequestAddCookies -- CookieSpec selected: karate
16:19:19.774 [pool-2-thread-52] DEBUG org.apache.http.client.protocol.RequestAddCookies -- CookieSpec selected: karate
16:19:19.774 [pool-2-thread-62] DEBUG org.apache.http.client.protocol.RequestAddCookies -- CookieSpec selected: karate
16:19:19.774 [pool-2-thread-47] DEBUG org.apache.http.client.protocol.RequestAddCookies -- CookieSpec selected: karate
16:19:19.774 [pool-2-thread-67] DEBUG org.apache.http.client.protocol.RequestAddCookies -- CookieSpec selected: karate
16:19:19.771 [pool-2-thread-57] DEBUG org.apache.http.client.protocol.RequestAddCookies -- CookieSpec selected: karate
16:19:19.774 [pool-2-thread-98] DEBUG org.apache.http.client.protocol.RequestAddCookies -- CookieSpec selected: karate
16:19:19.775 [pool-2-thread-58] DEBUG org.apache.http.client.protocol.RequestAddCookies -- CookieSpec selected: karate
16:19:19.775 [pool-2-thread-88] DEBUG org.apache.http.client.protocol.RequestAddCookies -- CookieSpec selected: karate
16:19:19.775 [pool-2-thread-39] DEBUG org.apache.http.client.protocol.RequestAddCookies -- CookieSpec selected: karate
16:19:19.775 [pool-2-thread-44] DEBUG org.apache.http.client.protocol.RequestAddCookies -- CookieSpec selected: karate
16:19:19.775 [pool-2-thread-1] DEBUG org.apache.http.client.protocol.RequestAddCookies -- CookieSpec selected: karate
16:19:19.775 [pool-2-thread-71] DEBUG org.apache.http.client.protocol.RequestAddCookies -- CookieSpec selected: karate
16:19:19.775 [pool-2-thread-79] DEBUG org.apache.http.client.protocol.RequestAddCookies -- CookieSpec selected: karate
16:19:19.776 [pool-2-thread-20] DEBUG org.apache.http.client.protocol.RequestAddCookies -- CookieSpec selected: karate
16:19:19.776 [pool-2-thread-17] DEBUG org.apache.http.client.protocol.RequestAddCookies -- CookieSpec selected: karate
16:19:19.776 [pool-2-thread-56] DEBUG org.apache.http.client.protocol.RequestAddCookies -- CookieSpec selected: karate
16:19:19.776 [pool-2-thread-5] DEBUG org.apache.http.client.protocol.RequestAddCookies -- CookieSpec selected: karate
16:19:19.776 [pool-2-thread-97] DEBUG org.apache.http.client.protocol.RequestAddCookies -- CookieSpec selected: karate
16:19:19.776 [pool-2-thread-100] DEBUG org.apache.http.client.protocol.RequestAddCookies -- CookieSpec selected: karate
16:19:19.771 [pool-2-thread-45] DEBUG org.apache.http.client.protocol.RequestAddCookies -- CookieSpec selected: karate
16:19:19.777 [pool-2-thread-33] DEBUG org.apache.http.client.protocol.RequestAddCookies -- CookieSpec selected: karate
16:19:19.777 [pool-2-thread-81] DEBUG org.apache.http.client.protocol.RequestAddCookies -- CookieSpec selected: karate
16:19:19.777 [pool-2-thread-63] DEBUG org.apache.http.client.protocol.RequestAddCookies -- CookieSpec selected: karate
16:19:19.777 [pool-2-thread-32] DEBUG org.apache.http.client.protocol.RequestAddCookies -- CookieSpec selected: karate
16:19:19.777 [pool-2-thread-99] DEBUG org.apache.http.client.protocol.RequestAddCookies -- CookieSpec selected: karate
16:19:19.777 [pool-2-thread-3] DEBUG org.apache.http.client.protocol.RequestAddCookies -- CookieSpec selected: karate
16:19:19.777 [pool-2-thread-12] DEBUG org.apache.http.client.protocol.RequestAddCookies -- CookieSpec selected: karate
16:19:19.777 [pool-2-thread-30] DEBUG org.apache.http.client.protocol.RequestAddCookies -- CookieSpec selected: karate
16:19:19.777 [pool-2-thread-78] DEBUG org.apache.http.client.protocol.RequestAddCookies -- CookieSpec selected: karate
16:19:19.772 [pool-2-thread-15] DEBUG org.apache.http.client.protocol.RequestAddCookies -- CookieSpec selected: karate
16:19:19.777 [pool-2-thread-14] DEBUG org.apache.http.client.protocol.RequestAddCookies -- CookieSpec selected: karate
16:19:19.772 [pool-2-thread-82] DEBUG org.apache.http.client.protocol.RequestAddCookies -- CookieSpec selected: karate
16:19:19.777 [pool-2-thread-28] DEBUG org.apache.http.client.protocol.RequestAddCookies -- CookieSpec selected: karate
16:19:19.777 [pool-2-thread-74] DEBUG org.apache.http.client.protocol.RequestAddCookies -- CookieSpec selected: karate
16:19:19.773 [pool-2-thread-85] DEBUG org.apache.http.client.protocol.RequestAddCookies -- CookieSpec selected: karate
16:19:19.773 [pool-2-thread-91] DEBUG org.apache.http.client.protocol.RequestAddCookies -- CookieSpec selected: karate
16:19:19.778 [pool-2-thread-77] DEBUG org.apache.http.client.protocol.RequestAddCookies -- CookieSpec selected: karate
16:19:19.778 [pool-2-thread-90] DEBUG org.apache.http.client.protocol.RequestAddCookies -- CookieSpec selected: karate
16:19:19.778 [pool-2-thread-41] DEBUG org.apache.http.client.protocol.RequestAddCookies -- CookieSpec selected: karate
16:19:19.773 [pool-2-thread-49] DEBUG org.apache.http.client.protocol.RequestAddCookies -- CookieSpec selected: karate
16:19:19.773 [pool-2-thread-19] DEBUG org.apache.http.client.protocol.RequestAddCookies -- CookieSpec selected: karate
16:19:19.774 [pool-2-thread-10] DEBUG org.apache.http.client.protocol.RequestAddCookies -- CookieSpec selected: karate
16:19:19.778 [pool-2-thread-34] DEBUG org.apache.http.client.protocol.RequestAddCookies -- CookieSpec selected: karate
16:19:19.774 [pool-2-thread-80] DEBUG org.apache.http.client.protocol.RequestAddCookies -- CookieSpec selected: karate
16:19:19.774 [pool-2-thread-43] DEBUG org.apache.http.client.protocol.RequestAddCookies -- CookieSpec selected: karate
16:19:19.778 [pool-2-thread-68] DEBUG org.apache.http.client.protocol.RequestAddCookies -- CookieSpec selected: karate
16:19:19.774 [pool-2-thread-70] DEBUG org.apache.http.client.protocol.RequestAddCookies -- CookieSpec selected: karate
16:19:19.778 [pool-2-thread-50] DEBUG org.apache.http.client.protocol.RequestAddCookies -- CookieSpec selected: karate
16:19:19.778 [pool-2-thread-13] DEBUG org.apache.http.client.protocol.RequestAddCookies -- CookieSpec selected: karate
16:19:19.774 [pool-2-thread-69] DEBUG org.apache.http.client.protocol.RequestAddCookies -- CookieSpec selected: karate
16:19:19.774 [pool-2-thread-36] DEBUG org.apache.http.client.protocol.RequestAddCookies -- CookieSpec selected: karate
16:19:19.774 [pool-2-thread-65] DEBUG org.apache.http.client.protocol.RequestAddCookies -- CookieSpec selected: karate
16:19:19.775 [pool-2-thread-75] DEBUG org.apache.http.client.protocol.RequestAddCookies -- CookieSpec selected: karate
16:19:19.775 [pool-2-thread-38] DEBUG org.apache.http.client.protocol.RequestAddCookies -- CookieSpec selected: karate
16:19:19.775 [pool-2-thread-21] DEBUG org.apache.http.client.protocol.RequestAddCookies -- CookieSpec selected: karate
16:19:19.775 [pool-2-thread-96] DEBUG org.apache.http.client.protocol.RequestAddCookies -- CookieSpec selected: karate
16:19:19.775 [pool-2-thread-37] DEBUG org.apache.http.client.protocol.RequestAddCookies -- CookieSpec selected: karate
16:19:19.775 [pool-2-thread-7] DEBUG org.apache.http.client.protocol.RequestAddCookies -- CookieSpec selected: karate
16:19:19.776 [pool-2-thread-73] DEBUG org.apache.http.client.protocol.RequestAddCookies -- CookieSpec selected: karate
16:19:19.776 [pool-2-thread-6] DEBUG org.apache.http.client.protocol.RequestAddCookies -- CookieSpec selected: karate
16:19:19.776 [pool-2-thread-86] DEBUG org.apache.http.client.protocol.RequestAddCookies -- CookieSpec selected: karate
16:19:19.776 [pool-2-thread-2] DEBUG org.apache.http.client.protocol.RequestAddCookies -- CookieSpec selected: karate
16:19:19.776 [pool-2-thread-29] DEBUG org.apache.http.client.protocol.RequestAddCookies -- CookieSpec selected: karate
16:19:19.777 [pool-2-thread-9] DEBUG org.apache.http.client.protocol.RequestAddCookies -- CookieSpec selected: karate
16:19:19.777 [pool-2-thread-8] DEBUG org.apache.http.client.protocol.RequestAddCookies -- CookieSpec selected: karate
16:19:19.777 [pool-2-thread-16] DEBUG org.apache.http.client.protocol.RequestAddCookies -- CookieSpec selected: karate
16:19:19.777 [pool-2-thread-27] DEBUG org.apache.http.client.protocol.RequestAddCookies -- CookieSpec selected: karate
16:19:19.777 [pool-2-thread-95] DEBUG org.apache.http.client.protocol.RequestAddCookies -- CookieSpec selected: karate
16:19:19.777 [pool-2-thread-83] DEBUG org.apache.http.client.protocol.RequestAddCookies -- CookieSpec selected: karate
16:19:19.777 [pool-2-thread-94] DEBUG org.apache.http.client.protocol.RequestAddCookies -- CookieSpec selected: karate
16:19:19.777 [pool-2-thread-48] DEBUG org.apache.http.client.protocol.RequestAddCookies -- CookieSpec selected: karate
16:19:19.777 [pool-2-thread-64] DEBUG org.apache.http.client.protocol.RequestAddCookies -- CookieSpec selected: karate
16:19:19.777 [pool-2-thread-72] DEBUG org.apache.http.client.protocol.RequestAddCookies -- CookieSpec selected: karate
16:19:19.778 [pool-2-thread-93] DEBUG org.apache.http.client.protocol.RequestAddCookies -- CookieSpec selected: karate
16:19:19.778 [pool-2-thread-11] DEBUG org.apache.http.client.protocol.RequestAddCookies -- CookieSpec selected: karate
16:19:19.778 [pool-2-thread-40] DEBUG org.apache.http.client.protocol.RequestAddCookies -- CookieSpec selected: karate
16:19:19.787 [pool-2-thread-29] DEBUG org.apache.http.client.protocol.RequestAuthCache -- Auth cache not set in the context
16:19:19.787 [pool-2-thread-55] DEBUG org.apache.http.client.protocol.RequestAuthCache -- Auth cache not set in the context
16:19:19.787 [pool-2-thread-96] DEBUG org.apache.http.client.protocol.RequestAuthCache -- Auth cache not set in the context
16:19:19.787 [pool-2-thread-15] DEBUG org.apache.http.client.protocol.RequestAuthCache -- Auth cache not set in the context
16:19:19.787 [pool-2-thread-38] DEBUG org.apache.http.client.protocol.RequestAuthCache -- Auth cache not set in the context
16:19:19.787 [pool-2-thread-6] DEBUG org.apache.http.client.protocol.RequestAuthCache -- Auth cache not set in the context
16:19:19.787 [pool-2-thread-40] DEBUG org.apache.http.client.protocol.RequestAuthCache -- Auth cache not set in the context
16:19:19.788 [pool-2-thread-88] DEBUG org.apache.http.client.protocol.RequestAuthCache -- Auth cache not set in the context
16:19:19.788 [pool-2-thread-42] DEBUG org.apache.http.client.protocol.RequestAuthCache -- Auth cache not set in the context
16:19:19.788 [pool-2-thread-3] DEBUG org.apache.http.client.protocol.RequestAuthCache -- Auth cache not set in the context
16:19:19.788 [pool-2-thread-66] DEBUG org.apache.http.client.protocol.RequestAuthCache -- Auth cache not set in the context
16:19:19.788 [pool-2-thread-77] DEBUG org.apache.http.client.protocol.RequestAuthCache -- Auth cache not set in the context
16:19:19.788 [pool-2-thread-84] DEBUG org.apache.http.client.protocol.RequestAuthCache -- Auth cache not set in the context
16:19:19.788 [pool-2-thread-10] DEBUG org.apache.http.client.protocol.RequestAuthCache -- Auth cache not set in the context
16:19:19.788 [pool-2-thread-39] DEBUG org.apache.http.client.protocol.RequestAuthCache -- Auth cache not set in the context
16:19:19.789 [pool-2-thread-86] DEBUG org.apache.http.client.protocol.RequestAuthCache -- Auth cache not set in the context
16:19:19.789 [pool-2-thread-20] DEBUG org.apache.http.client.protocol.RequestAuthCache -- Auth cache not set in the context
16:19:19.787 [pool-2-thread-34] DEBUG org.apache.http.client.protocol.RequestAuthCache -- Auth cache not set in the context
16:19:19.789 [pool-2-thread-12] DEBUG org.apache.http.client.protocol.RequestAuthCache -- Auth cache not set in the context
16:19:19.789 [pool-2-thread-58] DEBUG org.apache.http.client.protocol.RequestAuthCache -- Auth cache not set in the context
16:19:19.787 [pool-2-thread-79] DEBUG org.apache.http.client.protocol.RequestAuthCache -- Auth cache not set in the context
16:19:19.789 [pool-2-thread-99] DEBUG org.apache.http.client.protocol.RequestAuthCache -- Auth cache not set in the context
16:19:19.787 [pool-2-thread-14] DEBUG org.apache.http.client.protocol.RequestAuthCache -- Auth cache not set in the context
16:19:19.789 [pool-2-thread-26] DEBUG org.apache.http.client.protocol.RequestAuthCache -- Auth cache not set in the context
16:19:19.789 [pool-2-thread-80] DEBUG org.apache.http.client.protocol.RequestAuthCache -- Auth cache not set in the context
16:19:19.787 [pool-2-thread-37] DEBUG org.apache.http.client.protocol.RequestAuthCache -- Auth cache not set in the context
16:19:19.787 [pool-2-thread-44] DEBUG org.apache.http.client.protocol.RequestAuthCache -- Auth cache not set in the context
16:19:19.789 [pool-2-thread-63] DEBUG org.apache.http.client.protocol.RequestAuthCache -- Auth cache not set in the context
16:19:19.790 [pool-2-thread-48] DEBUG org.apache.http.client.protocol.RequestAuthCache -- Auth cache not set in the context
16:19:19.790 [pool-2-thread-87] DEBUG org.apache.http.client.protocol.RequestAuthCache -- Auth cache not set in the context
16:19:19.787 [pool-2-thread-72] DEBUG org.apache.http.client.protocol.RequestAuthCache -- Auth cache not set in the context
16:19:19.790 [pool-2-thread-57] DEBUG org.apache.http.client.protocol.RequestAuthCache -- Auth cache not set in the context
16:19:19.790 [pool-2-thread-32] DEBUG org.apache.http.client.protocol.RequestAuthCache -- Auth cache not set in the context
16:19:19.787 [pool-2-thread-33] DEBUG org.apache.http.client.protocol.RequestAuthCache -- Auth cache not set in the context
16:19:19.790 [pool-2-thread-1] DEBUG org.apache.http.client.protocol.RequestAuthCache -- Auth cache not set in the context
16:19:19.790 [pool-2-thread-9] DEBUG org.apache.http.client.protocol.RequestAuthCache -- Auth cache not set in the context
16:19:19.790 [pool-2-thread-64] DEBUG org.apache.http.client.protocol.RequestAuthCache -- Auth cache not set in the context
16:19:19.788 [pool-2-thread-60] DEBUG org.apache.http.client.protocol.RequestAuthCache -- Auth cache not set in the context
16:19:19.790 [pool-2-thread-90] DEBUG org.apache.http.client.protocol.RequestAuthCache -- Auth cache not set in the context
16:19:19.788 [pool-2-thread-81] DEBUG org.apache.http.client.protocol.RequestAuthCache -- Auth cache not set in the context
16:19:19.788 [pool-2-thread-75] DEBUG org.apache.http.client.protocol.RequestAuthCache -- Auth cache not set in the context
16:19:19.790 [pool-2-thread-53] DEBUG org.apache.http.client.protocol.RequestAuthCache -- Auth cache not set in the context
16:19:19.790 [pool-2-thread-92] DEBUG org.apache.http.client.protocol.RequestAuthCache -- Auth cache not set in the context
16:19:19.788 [pool-2-thread-51] DEBUG org.apache.http.client.protocol.RequestAuthCache -- Auth cache not set in the context
16:19:19.791 [pool-2-thread-35] DEBUG org.apache.http.client.protocol.RequestAuthCache -- Auth cache not set in the context
16:19:19.791 [pool-2-thread-5] DEBUG org.apache.http.client.protocol.RequestAuthCache -- Auth cache not set in the context
16:19:19.791 [pool-2-thread-50] DEBUG org.apache.http.client.protocol.RequestAuthCache -- Auth cache not set in the context
16:19:19.788 [pool-2-thread-21] DEBUG org.apache.http.client.protocol.RequestAuthCache -- Auth cache not set in the context
16:19:19.788 [pool-2-thread-78] DEBUG org.apache.http.client.protocol.RequestAuthCache -- Auth cache not set in the context
16:19:19.791 [pool-2-thread-70] DEBUG org.apache.http.client.protocol.RequestAuthCache -- Auth cache not set in the context
16:19:19.788 [pool-2-thread-24] DEBUG org.apache.http.client.protocol.RequestAuthCache -- Auth cache not set in the context
16:19:19.789 [pool-2-thread-19] DEBUG org.apache.http.client.protocol.RequestAuthCache -- Auth cache not set in the context
16:19:19.789 [pool-2-thread-41] DEBUG org.apache.http.client.protocol.RequestAuthCache -- Auth cache not set in the context
16:19:19.789 [pool-2-thread-8] DEBUG org.apache.http.client.protocol.RequestAuthCache -- Auth cache not set in the context
16:19:19.789 [pool-2-thread-83] DEBUG org.apache.http.client.protocol.RequestAuthCache -- Auth cache not set in the context
16:19:19.789 [pool-2-thread-67] DEBUG org.apache.http.client.protocol.RequestAuthCache -- Auth cache not set in the context
16:19:19.789 [pool-2-thread-13] DEBUG org.apache.http.client.protocol.RequestAuthCache -- Auth cache not set in the context
16:19:19.789 [pool-2-thread-73] DEBUG org.apache.http.client.protocol.RequestAuthCache -- Auth cache not set in the context
16:19:19.789 [pool-2-thread-49] DEBUG org.apache.http.client.protocol.RequestAuthCache -- Auth cache not set in the context
16:19:19.789 [pool-2-thread-2] DEBUG org.apache.http.client.protocol.RequestAuthCache -- Auth cache not set in the context
16:19:19.789 [pool-2-thread-43] DEBUG org.apache.http.client.protocol.RequestAuthCache -- Auth cache not set in the context
16:19:19.789 [pool-2-thread-47] DEBUG org.apache.http.client.protocol.RequestAuthCache -- Auth cache not set in the context
16:19:19.789 [pool-2-thread-22] DEBUG org.apache.http.client.protocol.RequestAuthCache -- Auth cache not set in the context
16:19:19.789 [pool-2-thread-71] DEBUG org.apache.http.client.protocol.RequestAuthCache -- Auth cache not set in the context
16:19:19.789 [pool-2-thread-31] DEBUG org.apache.http.client.protocol.RequestAuthCache -- Auth cache not set in the context
16:19:19.789 [pool-2-thread-7] DEBUG org.apache.http.client.protocol.RequestAuthCache -- Auth cache not set in the context
16:19:19.789 [pool-2-thread-89] DEBUG org.apache.http.client.protocol.RequestAuthCache -- Auth cache not set in the context
16:19:19.789 [pool-2-thread-94] DEBUG org.apache.http.client.protocol.RequestAuthCache -- Auth cache not set in the context
16:19:19.789 [pool-2-thread-91] DEBUG org.apache.http.client.protocol.RequestAuthCache -- Auth cache not set in the context
16:19:19.789 [pool-2-thread-65] DEBUG org.apache.http.client.protocol.RequestAuthCache -- Auth cache not set in the context
16:19:19.789 [pool-2-thread-25] DEBUG org.apache.http.client.protocol.RequestAuthCache -- Auth cache not set in the context
16:19:19.789 [pool-2-thread-62] DEBUG org.apache.http.client.protocol.RequestAuthCache -- Auth cache not set in the context
16:19:19.789 [pool-2-thread-54] DEBUG org.apache.http.client.protocol.RequestAuthCache -- Auth cache not set in the context
16:19:19.789 [pool-2-thread-18] DEBUG org.apache.http.client.protocol.RequestAuthCache -- Auth cache not set in the context
16:19:19.789 [pool-2-thread-30] DEBUG org.apache.http.client.protocol.RequestAuthCache -- Auth cache not set in the context
16:19:19.789 [pool-2-thread-4] DEBUG org.apache.http.client.protocol.RequestAuthCache -- Auth cache not set in the context
16:19:19.789 [pool-2-thread-59] DEBUG org.apache.http.client.protocol.RequestAuthCache -- Auth cache not set in the context
16:19:19.789 [pool-2-thread-93] DEBUG org.apache.http.client.protocol.RequestAuthCache -- Auth cache not set in the context
16:19:19.790 [pool-2-thread-28] DEBUG org.apache.http.client.protocol.RequestAuthCache -- Auth cache not set in the context
16:19:19.790 [pool-2-thread-27] DEBUG org.apache.http.client.protocol.RequestAuthCache -- Auth cache not set in the context
16:19:19.790 [pool-2-thread-68] DEBUG org.apache.http.client.protocol.RequestAuthCache -- Auth cache not set in the context
16:19:19.790 [pool-2-thread-56] DEBUG org.apache.http.client.protocol.RequestAuthCache -- Auth cache not set in the context
16:19:19.790 [pool-2-thread-61] DEBUG org.apache.http.client.protocol.RequestAuthCache -- Auth cache not set in the context
16:19:19.790 [pool-2-thread-82] DEBUG org.apache.http.client.protocol.RequestAuthCache -- Auth cache not set in the context
16:19:19.790 [pool-2-thread-100] DEBUG org.apache.http.client.protocol.RequestAuthCache -- Auth cache not set in the context
16:19:19.790 [pool-2-thread-97] DEBUG org.apache.http.client.protocol.RequestAuthCache -- Auth cache not set in the context
16:19:19.790 [pool-2-thread-69] DEBUG org.apache.http.client.protocol.RequestAuthCache -- Auth cache not set in the context
16:19:19.790 [pool-2-thread-16] DEBUG org.apache.http.client.protocol.RequestAuthCache -- Auth cache not set in the context
16:19:19.790 [pool-2-thread-17] DEBUG org.apache.http.client.protocol.RequestAuthCache -- Auth cache not set in the context
16:19:19.790 [pool-2-thread-45] DEBUG org.apache.http.client.protocol.RequestAuthCache -- Auth cache not set in the context
16:19:19.790 [pool-2-thread-76] DEBUG org.apache.http.client.protocol.RequestAuthCache -- Auth cache not set in the context
16:19:19.790 [pool-2-thread-36] DEBUG org.apache.http.client.protocol.RequestAuthCache -- Auth cache not set in the context
16:19:19.790 [pool-2-thread-11] DEBUG org.apache.http.client.protocol.RequestAuthCache -- Auth cache not set in the context
16:19:19.790 [pool-2-thread-85] DEBUG org.apache.http.client.protocol.RequestAuthCache -- Auth cache not set in the context
16:19:19.790 [pool-2-thread-52] DEBUG org.apache.http.client.protocol.RequestAuthCache -- Auth cache not set in the context
16:19:19.790 [pool-2-thread-98] DEBUG org.apache.http.client.protocol.RequestAuthCache -- Auth cache not set in the context
16:19:19.790 [pool-2-thread-46] DEBUG org.apache.http.client.protocol.RequestAuthCache -- Auth cache not set in the context
16:19:19.791 [pool-2-thread-74] DEBUG org.apache.http.client.protocol.RequestAuthCache -- Auth cache not set in the context
16:19:19.791 [pool-2-thread-23] DEBUG org.apache.http.client.protocol.RequestAuthCache -- Auth cache not set in the context
16:19:19.791 [pool-2-thread-95] DEBUG org.apache.http.client.protocol.RequestAuthCache -- Auth cache not set in the context
16:19:19.807 [pool-2-thread-13] DEBUG com.intuit.karate -- request:
1 > POST http://localhost:3000/auth/login
1 > Content-Type: application/json; charset=UTF-8
1 > Content-Length: 53
1 > Host: localhost:3000
1 > Connection: Keep-Alive
1 > User-Agent: Apache-HttpClient/4.5.14 (Java/17.0.9)
1 > Accept-Encoding: gzip,deflate
{"email":"test@example.com","password":"Password123"}

16:19:19.807 [pool-2-thread-55] DEBUG com.intuit.karate -- request:
1 > POST http://localhost:3000/auth/login
1 > Content-Type: application/json; charset=UTF-8
1 > Content-Length: 55
1 > Host: localhost:3000
1 > Connection: Keep-Alive
1 > User-Agent: Apache-HttpClient/4.5.14 (Java/17.0.9)
1 > Accept-Encoding: gzip,deflate
{"email":"test28@example.com","password":"Password123"}

16:19:19.807 [pool-2-thread-78] DEBUG com.intuit.karate -- request:
1 > POST http://localhost:3000/auth/login
1 > Content-Type: application/json; charset=UTF-8
1 > Content-Length: 54
1 > Host: localhost:3000
1 > Connection: Keep-Alive
1 > User-Agent: Apache-HttpClient/4.5.14 (Java/17.0.9)
1 > Accept-Encoding: gzip,deflate
{"email":"testit5@gmail.com","password":"Password123"}

16:19:19.807 [pool-2-thread-91] DEBUG com.intuit.karate -- request:
1 > POST http://localhost:3000/auth/login
1 > Content-Type: application/json; charset=UTF-8
1 > Content-Length: 45
1 > Host: localhost:3000
1 > Connection: Keep-Alive
1 > User-Agent: Apache-HttpClient/4.5.14 (Java/17.0.9)
1 > Accept-Encoding: gzip,deflate
{"email":"nam@gmail.com","password":"123456"}

16:19:19.807 [pool-2-thread-54] DEBUG com.intuit.karate -- request:
1 > POST http://localhost:3000/auth/login
1 > Content-Type: application/json; charset=UTF-8
1 > Content-Length: 54
1 > Host: localhost:3000
1 > Connection: Keep-Alive
1 > User-Agent: Apache-HttpClient/4.5.14 (Java/17.0.9)
1 > Accept-Encoding: gzip,deflate
{"email":"test2@example.com","password":"Password123"}

16:19:19.807 [pool-2-thread-50] DEBUG com.intuit.karate -- request:
1 > POST http://localhost:3000/auth/login
1 > Content-Type: application/json; charset=UTF-8
1 > Content-Length: 54
1 > Host: localhost:3000
1 > Connection: Keep-Alive
1 > User-Agent: Apache-HttpClient/4.5.14 (Java/17.0.9)
1 > Accept-Encoding: gzip,deflate
{"email":"testit2@gmail.com","password":"Password123"}

16:19:19.807 [pool-2-thread-5] DEBUG com.intuit.karate -- request:
1 > POST http://localhost:3000/auth/login
1 > Content-Type: application/json; charset=UTF-8
1 > Content-Length: 55
1 > Host: localhost:3000
1 > Connection: Keep-Alive
1 > User-Agent: Apache-HttpClient/4.5.14 (Java/17.0.9)
1 > Accept-Encoding: gzip,deflate
{"email":"test28@example.com","password":"Password123"}

16:19:19.807 [pool-2-thread-35] DEBUG com.intuit.karate -- request:
1 > POST http://localhost:3000/auth/login
1 > Content-Type: application/json; charset=UTF-8
1 > Content-Length: 55
1 > Host: localhost:3000
1 > Connection: Keep-Alive
1 > User-Agent: Apache-HttpClient/4.5.14 (Java/17.0.9)
1 > Accept-Encoding: gzip,deflate
{"email":"test28@example.com","password":"Password123"}

16:19:19.807 [pool-2-thread-31] DEBUG com.intuit.karate -- request:
1 > POST http://localhost:3000/auth/login
1 > Content-Type: application/json; charset=UTF-8
1 > Content-Length: 45
1 > Host: localhost:3000
1 > Connection: Keep-Alive
1 > User-Agent: Apache-HttpClient/4.5.14 (Java/17.0.9)
1 > Accept-Encoding: gzip,deflate
{"email":"nam@gmail.com","password":"123456"}

16:19:19.807 [pool-2-thread-22] DEBUG com.intuit.karate -- request:
1 > POST http://localhost:3000/auth/login
1 > Content-Type: application/json; charset=UTF-8
1 > Content-Length: 48
1 > Host: localhost:3000
1 > Connection: Keep-Alive
1 > User-Agent: Apache-HttpClient/4.5.14 (Java/17.0.9)
1 > Accept-Encoding: gzip,deflate
{"email":"quang1@gmail.com","password":"quang1"}

16:19:19.807 [pool-2-thread-49] DEBUG com.intuit.karate -- request:
1 > POST http://localhost:3000/auth/login
1 > Content-Type: application/json; charset=UTF-8
1 > Content-Length: 53
1 > Host: localhost:3000
1 > Connection: Keep-Alive
1 > User-Agent: Apache-HttpClient/4.5.14 (Java/17.0.9)
1 > Accept-Encoding: gzip,deflate
{"email":"testit@gmail.com","password":"Password123"}

16:19:19.809 [pool-2-thread-75] DEBUG com.intuit.karate -- request:
1 > POST http://localhost:3000/auth/login
1 > Content-Type: application/json; charset=UTF-8
1 > Content-Length: 55
1 > Host: localhost:3000
1 > Connection: Keep-Alive
1 > User-Agent: Apache-HttpClient/4.5.14 (Java/17.0.9)
1 > Accept-Encoding: gzip,deflate
{"email":"test28@example.com","password":"Password123"}

16:19:19.807 [pool-2-thread-62] DEBUG com.intuit.karate -- request:
1 > POST http://localhost:3000/auth/login
1 > Content-Type: application/json; charset=UTF-8
1 > Content-Length: 48
1 > Host: localhost:3000
1 > Connection: Keep-Alive
1 > User-Agent: Apache-HttpClient/4.5.14 (Java/17.0.9)
1 > Accept-Encoding: gzip,deflate
{"email":"quang1@gmail.com","password":"quang1"}

16:19:19.807 [pool-2-thread-10] DEBUG com.intuit.karate -- request:
1 > POST http://localhost:3000/auth/login
1 > Content-Type: application/json; charset=UTF-8
1 > Content-Length: 54
1 > Host: localhost:3000
1 > Connection: Keep-Alive
1 > User-Agent: Apache-HttpClient/4.5.14 (Java/17.0.9)
1 > Accept-Encoding: gzip,deflate
{"email":"testit2@gmail.com","password":"Password123"}

16:19:19.809 [pool-2-thread-33] DEBUG com.intuit.karate -- request:
1 > POST http://localhost:3000/auth/login
1 > Content-Type: application/json; charset=UTF-8
1 > Content-Length: 53
1 > Host: localhost:3000
1 > Connection: Keep-Alive
1 > User-Agent: Apache-HttpClient/4.5.14 (Java/17.0.9)
1 > Accept-Encoding: gzip,deflate
{"email":"test@example.com","password":"Password123"}

16:19:19.809 [pool-2-thread-72] DEBUG com.intuit.karate -- request:
1 > POST http://localhost:3000/auth/login
1 > Content-Type: application/json; charset=UTF-8
1 > Content-Length: 48
1 > Host: localhost:3000
1 > Connection: Keep-Alive
1 > User-Agent: Apache-HttpClient/4.5.14 (Java/17.0.9)
1 > Accept-Encoding: gzip,deflate
{"email":"quang1@gmail.com","password":"quang1"}

16:19:19.807 [pool-2-thread-84] DEBUG com.intuit.karate -- request:
1 > POST http://localhost:3000/auth/login
1 > Content-Type: application/json; charset=UTF-8
1 > Content-Length: 54
1 > Host: localhost:3000
1 > Connection: Keep-Alive
1 > User-Agent: Apache-HttpClient/4.5.14 (Java/17.0.9)
1 > Accept-Encoding: gzip,deflate
{"email":"test2@example.com","password":"Password123"}

16:19:19.807 [pool-2-thread-18] DEBUG com.intuit.karate -- request:
1 > POST http://localhost:3000/auth/login
1 > Content-Type: application/json; charset=UTF-8
1 > Content-Length: 54
1 > Host: localhost:3000
1 > Connection: Keep-Alive
1 > User-Agent: Apache-HttpClient/4.5.14 (Java/17.0.9)
1 > Accept-Encoding: gzip,deflate
{"email":"testit5@gmail.com","password":"Password123"}

16:19:19.809 [pool-2-thread-63] DEBUG com.intuit.karate -- request:
1 > POST http://localhost:3000/auth/login
1 > Content-Type: application/json; charset=UTF-8
1 > Content-Length: 53
1 > Host: localhost:3000
1 > Connection: Keep-Alive
1 > User-Agent: Apache-HttpClient/4.5.14 (Java/17.0.9)
1 > Accept-Encoding: gzip,deflate
{"email":"test@example.com","password":"Password123"}

16:19:19.809 [pool-2-thread-85] DEBUG com.intuit.karate -- request:
1 > POST http://localhost:3000/auth/login
1 > Content-Type: application/json; charset=UTF-8
1 > Content-Length: 55
1 > Host: localhost:3000
1 > Connection: Keep-Alive
1 > User-Agent: Apache-HttpClient/4.5.14 (Java/17.0.9)
1 > Accept-Encoding: gzip,deflate
{"email":"test28@example.com","password":"Password123"}

16:19:19.807 [pool-2-thread-73] DEBUG com.intuit.karate -- request:
1 > POST http://localhost:3000/auth/login
1 > Content-Type: application/json; charset=UTF-8
1 > Content-Length: 53
1 > Host: localhost:3000
1 > Connection: Keep-Alive
1 > User-Agent: Apache-HttpClient/4.5.14 (Java/17.0.9)
1 > Accept-Encoding: gzip,deflate
{"email":"test@example.com","password":"Password123"}

16:19:19.809 [pool-2-thread-80] DEBUG com.intuit.karate -- request:
1 > POST http://localhost:3000/auth/login
1 > Content-Type: application/json; charset=UTF-8
1 > Content-Length: 54
1 > Host: localhost:3000
1 > Connection: Keep-Alive
1 > User-Agent: Apache-HttpClient/4.5.14 (Java/17.0.9)
1 > Accept-Encoding: gzip,deflate
{"email":"testit2@gmail.com","password":"Password123"}

16:19:19.809 [pool-2-thread-11] DEBUG com.intuit.karate -- request:
1 > POST http://localhost:3000/auth/login
1 > Content-Type: application/json; charset=UTF-8
1 > Content-Length: 45
1 > Host: localhost:3000
1 > Connection: Keep-Alive
1 > User-Agent: Apache-HttpClient/4.5.14 (Java/17.0.9)
1 > Accept-Encoding: gzip,deflate
{"email":"nam@gmail.com","password":"123456"}

16:19:19.807 [pool-2-thread-86] DEBUG com.intuit.karate -- request:
1 > POST http://localhost:3000/auth/login
1 > Content-Type: application/json; charset=UTF-8
1 > Content-Length: 54
1 > Host: localhost:3000
1 > Connection: Keep-Alive
1 > User-Agent: Apache-HttpClient/4.5.14 (Java/17.0.9)
1 > Accept-Encoding: gzip,deflate
{"email":"testit4@gmail.com","password":"Password123"}

16:19:19.807 [pool-2-thread-83] DEBUG com.intuit.karate -- request:
1 > POST http://localhost:3000/auth/login
1 > Content-Type: application/json; charset=UTF-8
1 > Content-Length: 53
1 > Host: localhost:3000
1 > Connection: Keep-Alive
1 > User-Agent: Apache-HttpClient/4.5.14 (Java/17.0.9)
1 > Accept-Encoding: gzip,deflate
{"email":"test@example.com","password":"Password123"}

16:19:19.807 [pool-2-thread-67] DEBUG com.intuit.karate -- request:
1 > POST http://localhost:3000/auth/login
1 > Content-Type: application/json; charset=UTF-8
1 > Content-Length: 54
1 > Host: localhost:3000
1 > Connection: Keep-Alive
1 > User-Agent: Apache-HttpClient/4.5.14 (Java/17.0.9)
1 > Accept-Encoding: gzip,deflate
{"email":"testit3@gmail.com","password":"Password123"}

16:19:19.809 [pool-2-thread-79] DEBUG com.intuit.karate -- request:
1 > POST http://localhost:3000/auth/login
1 > Content-Type: application/json; charset=UTF-8
1 > Content-Length: 53
1 > Host: localhost:3000
1 > Connection: Keep-Alive
1 > User-Agent: Apache-HttpClient/4.5.14 (Java/17.0.9)
1 > Accept-Encoding: gzip,deflate
{"email":"testit@gmail.com","password":"Password123"}

16:19:19.810 [pool-2-thread-45] DEBUG com.intuit.karate -- request:
1 > POST http://localhost:3000/auth/login
1 > Content-Type: application/json; charset=UTF-8
1 > Content-Length: 55
1 > Host: localhost:3000
1 > Connection: Keep-Alive
1 > User-Agent: Apache-HttpClient/4.5.14 (Java/17.0.9)
1 > Accept-Encoding: gzip,deflate
{"email":"test28@example.com","password":"Password123"}

16:19:19.810 [pool-2-thread-69] DEBUG com.intuit.karate -- request:
1 > POST http://localhost:3000/auth/login
1 > Content-Type: application/json; charset=UTF-8
1 > Content-Length: 53
1 > Host: localhost:3000
1 > Connection: Keep-Alive
1 > User-Agent: Apache-HttpClient/4.5.14 (Java/17.0.9)
1 > Accept-Encoding: gzip,deflate
{"email":"testit@gmail.com","password":"Password123"}

16:19:19.810 [pool-2-thread-16] DEBUG com.intuit.karate -- request:
1 > POST http://localhost:3000/auth/login
1 > Content-Type: application/json; charset=UTF-8
1 > Content-Length: 54
1 > Host: localhost:3000
1 > Connection: Keep-Alive
1 > User-Agent: Apache-HttpClient/4.5.14 (Java/17.0.9)
1 > Accept-Encoding: gzip,deflate
{"email":"testit4@gmail.com","password":"Password123"}

16:19:19.807 [pool-2-thread-77] DEBUG com.intuit.karate -- request:
1 > POST http://localhost:3000/auth/login
1 > Content-Type: application/json; charset=UTF-8
1 > Content-Length: 54
1 > Host: localhost:3000
1 > Connection: Keep-Alive
1 > User-Agent: Apache-HttpClient/4.5.14 (Java/17.0.9)
1 > Accept-Encoding: gzip,deflate
{"email":"testit3@gmail.com","password":"Password123"}

16:19:19.810 [pool-2-thread-58] DEBUG com.intuit.karate -- request:
1 > POST http://localhost:3000/auth/login
1 > Content-Type: application/json; charset=UTF-8
1 > Content-Length: 54
1 > Host: localhost:3000
1 > Connection: Keep-Alive
1 > User-Agent: Apache-HttpClient/4.5.14 (Java/17.0.9)
1 > Accept-Encoding: gzip,deflate
{"email":"testit5@gmail.com","password":"Password123"}

16:19:19.807 [pool-2-thread-96] DEBUG com.intuit.karate -- request:
1 > POST http://localhost:3000/auth/login
1 > Content-Type: application/json; charset=UTF-8
1 > Content-Length: 54
1 > Host: localhost:3000
1 > Connection: Keep-Alive
1 > User-Agent: Apache-HttpClient/4.5.14 (Java/17.0.9)
1 > Accept-Encoding: gzip,deflate
{"email":"testit4@gmail.com","password":"Password123"}

16:19:19.807 [pool-2-thread-8] DEBUG com.intuit.karate -- request:
1 > POST http://localhost:3000/auth/login
1 > Content-Type: application/json; charset=UTF-8
1 > Content-Length: 54
1 > Host: localhost:3000
1 > Connection: Keep-Alive
1 > User-Agent: Apache-HttpClient/4.5.14 (Java/17.0.9)
1 > Accept-Encoding: gzip,deflate
{"email":"testit5@gmail.com","password":"Password123"}

16:19:19.807 [pool-2-thread-2] DEBUG com.intuit.karate -- request:
1 > POST http://localhost:3000/auth/login
1 > Content-Type: application/json; charset=UTF-8
1 > Content-Length: 48
1 > Host: localhost:3000
1 > Connection: Keep-Alive
1 > User-Agent: Apache-HttpClient/4.5.14 (Java/17.0.9)
1 > Accept-Encoding: gzip,deflate
{"email":"quang1@gmail.com","password":"quang1"}

16:19:19.807 [pool-2-thread-41] DEBUG com.intuit.karate -- request:
1 > POST http://localhost:3000/auth/login
1 > Content-Type: application/json; charset=UTF-8
1 > Content-Length: 45
1 > Host: localhost:3000
1 > Connection: Keep-Alive
1 > User-Agent: Apache-HttpClient/4.5.14 (Java/17.0.9)
1 > Accept-Encoding: gzip,deflate
{"email":"nam@gmail.com","password":"123456"}

16:19:19.807 [pool-2-thread-19] DEBUG com.intuit.karate -- request:
1 > POST http://localhost:3000/auth/login
1 > Content-Type: application/json; charset=UTF-8
1 > Content-Length: 53
1 > Host: localhost:3000
1 > Connection: Keep-Alive
1 > User-Agent: Apache-HttpClient/4.5.14 (Java/17.0.9)
1 > Accept-Encoding: gzip,deflate
{"email":"testit@gmail.com","password":"Password123"}

16:19:19.810 [pool-2-thread-93] DEBUG com.intuit.karate -- request:
1 > POST http://localhost:3000/auth/login
1 > Content-Type: application/json; charset=UTF-8
1 > Content-Length: 53
1 > Host: localhost:3000
1 > Connection: Keep-Alive
1 > User-Agent: Apache-HttpClient/4.5.14 (Java/17.0.9)
1 > Accept-Encoding: gzip,deflate
{"email":"test@example.com","password":"Password123"}

16:19:19.810 [pool-2-thread-6] DEBUG com.intuit.karate -- request:
1 > POST http://localhost:3000/auth/login
1 > Content-Type: application/json; charset=UTF-8
1 > Content-Length: 54
1 > Host: localhost:3000
1 > Connection: Keep-Alive
1 > User-Agent: Apache-HttpClient/4.5.14 (Java/17.0.9)
1 > Accept-Encoding: gzip,deflate
{"email":"testit4@gmail.com","password":"Password123"}

16:19:19.810 [pool-2-thread-2] DEBUG org.apache.http.impl.conn.PoolingHttpClientConnectionManager -- Connection request: [route: {}->http://localhost:3000][total available: 0; route allocated: 0 of 5; total allocated: 0 of 10]
16:19:19.810 [pool-2-thread-8] DEBUG org.apache.http.impl.conn.PoolingHttpClientConnectionManager -- Connection request: [route: {}->http://localhost:3000][total available: 0; route allocated: 0 of 5; total allocated: 0 of 10]
16:19:19.807 [pool-2-thread-47] DEBUG com.intuit.karate -- request:
1 > POST http://localhost:3000/auth/login
1 > Content-Type: application/json; charset=UTF-8
1 > Content-Length: 54
1 > Host: localhost:3000
1 > Connection: Keep-Alive
1 > User-Agent: Apache-HttpClient/4.5.14 (Java/17.0.9)
1 > Accept-Encoding: gzip,deflate
{"email":"testit3@gmail.com","password":"Password123"}

16:19:19.811 [pool-2-thread-22] DEBUG org.apache.http.impl.conn.PoolingHttpClientConnectionManager -- Connection request: [route: {}->http://localhost:3000][total available: 0; route allocated: 0 of 5; total allocated: 0 of 10]
16:19:19.811 [pool-2-thread-30] DEBUG com.intuit.karate -- request:
1 > POST http://localhost:3000/auth/login
1 > Content-Type: application/json; charset=UTF-8
1 > Content-Length: 54
1 > Host: localhost:3000
1 > Connection: Keep-Alive
1 > User-Agent: Apache-HttpClient/4.5.14 (Java/17.0.9)
1 > Accept-Encoding: gzip,deflate
{"email":"testit2@gmail.com","password":"Password123"}

16:19:19.811 [pool-2-thread-47] DEBUG org.apache.http.impl.conn.PoolingHttpClientConnectionManager -- Connection request: [route: {}->http://localhost:3000][total available: 0; route allocated: 0 of 5; total allocated: 0 of 10]
16:19:19.807 [pool-2-thread-25] DEBUG com.intuit.karate -- request:
1 > POST http://localhost:3000/auth/login
1 > Content-Type: application/json; charset=UTF-8
1 > Content-Length: 55
1 > Host: localhost:3000
1 > Connection: Keep-Alive
1 > User-Agent: Apache-HttpClient/4.5.14 (Java/17.0.9)
1 > Accept-Encoding: gzip,deflate
{"email":"test28@example.com","password":"Password123"}

16:19:19.811 [pool-2-thread-59] DEBUG com.intuit.karate -- request:
1 > POST http://localhost:3000/auth/login
1 > Content-Type: application/json; charset=UTF-8
1 > Content-Length: 53
1 > Host: localhost:3000
1 > Connection: Keep-Alive
1 > User-Agent: Apache-HttpClient/4.5.14 (Java/17.0.9)
1 > Accept-Encoding: gzip,deflate
{"email":"testit@gmail.com","password":"Password123"}

16:19:19.807 [pool-2-thread-24] DEBUG com.intuit.karate -- request:
1 > POST http://localhost:3000/auth/login
1 > Content-Type: application/json; charset=UTF-8
1 > Content-Length: 54
1 > Host: localhost:3000
1 > Connection: Keep-Alive
1 > User-Agent: Apache-HttpClient/4.5.14 (Java/17.0.9)
1 > Accept-Encoding: gzip,deflate
{"email":"test2@example.com","password":"Password123"}

16:19:19.811 [pool-2-thread-62] DEBUG org.apache.http.impl.conn.PoolingHttpClientConnectionManager -- Connection request: [route: {}->http://localhost:3000][total available: 0; route allocated: 0 of 5; total allocated: 0 of 10]
16:19:19.811 [pool-2-thread-58] DEBUG org.apache.http.impl.conn.PoolingHttpClientConnectionManager -- Connection request: [route: {}->http://localhost:3000][total available: 0; route allocated: 0 of 5; total allocated: 0 of 10]
16:19:19.807 [pool-2-thread-65] DEBUG com.intuit.karate -- request:
1 > POST http://localhost:3000/auth/login
1 > Content-Type: application/json; charset=UTF-8
1 > Content-Length: 55
1 > Host: localhost:3000
1 > Connection: Keep-Alive
1 > User-Agent: Apache-HttpClient/4.5.14 (Java/17.0.9)
1 > Accept-Encoding: gzip,deflate
{"email":"test28@example.com","password":"Password123"}

16:19:19.807 [pool-2-thread-70] DEBUG com.intuit.karate -- request:
1 > POST http://localhost:3000/auth/login
1 > Content-Type: application/json; charset=UTF-8
1 > Content-Length: 54
1 > Host: localhost:3000
1 > Connection: Keep-Alive
1 > User-Agent: Apache-HttpClient/4.5.14 (Java/17.0.9)
1 > Accept-Encoding: gzip,deflate
{"email":"testit2@gmail.com","password":"Password123"}

16:19:19.811 [pool-2-thread-65] DEBUG org.apache.http.impl.conn.PoolingHttpClientConnectionManager -- Connection request: [route: {}->http://localhost:3000][total available: 0; route allocated: 0 of 5; total allocated: 0 of 10]
16:19:19.807 [pool-2-thread-71] DEBUG com.intuit.karate -- request:
1 > POST http://localhost:3000/auth/login
1 > Content-Type: application/json; charset=UTF-8
1 > Content-Length: 45
1 > Host: localhost:3000
1 > Connection: Keep-Alive
1 > User-Agent: Apache-HttpClient/4.5.14 (Java/17.0.9)
1 > Accept-Encoding: gzip,deflate
{"email":"nam@gmail.com","password":"123456"}

16:19:19.811 [pool-2-thread-70] DEBUG org.apache.http.impl.conn.PoolingHttpClientConnectionManager -- Connection request: [route: {}->http://localhost:3000][total available: 0; route allocated: 0 of 5; total allocated: 0 of 10]
16:19:19.807 [pool-2-thread-21] DEBUG com.intuit.karate -- request:
1 > POST http://localhost:3000/auth/login
1 > Content-Type: application/json; charset=UTF-8
1 > Content-Length: 45
1 > Host: localhost:3000
1 > Connection: Keep-Alive
1 > User-Agent: Apache-HttpClient/4.5.14 (Java/17.0.9)
1 > Accept-Encoding: gzip,deflate
{"email":"nam@gmail.com","password":"123456"}

16:19:19.811 [pool-2-thread-71] DEBUG org.apache.http.impl.conn.PoolingHttpClientConnectionManager -- Connection request: [route: {}->http://localhost:3000][total available: 0; route allocated: 0 of 5; total allocated: 0 of 10]
16:19:19.807 [pool-2-thread-43] DEBUG com.intuit.karate -- request:
1 > POST http://localhost:3000/auth/login
1 > Content-Type: application/json; charset=UTF-8
1 > Content-Length: 53
1 > Host: localhost:3000
1 > Connection: Keep-Alive
1 > User-Agent: Apache-HttpClient/4.5.14 (Java/17.0.9)
1 > Accept-Encoding: gzip,deflate
{"email":"test@example.com","password":"Password123"}

16:19:19.807 [pool-2-thread-7] DEBUG com.intuit.karate -- request:
1 > POST http://localhost:3000/auth/login
1 > Content-Type: application/json; charset=UTF-8
1 > Content-Length: 54
1 > Host: localhost:3000
1 > Connection: Keep-Alive
1 > User-Agent: Apache-HttpClient/4.5.14 (Java/17.0.9)
1 > Accept-Encoding: gzip,deflate
{"email":"testit3@gmail.com","password":"Password123"}

16:19:19.807 [pool-2-thread-94] DEBUG com.intuit.karate -- request:
1 > POST http://localhost:3000/auth/login
1 > Content-Type: application/json; charset=UTF-8
1 > Content-Length: 54
1 > Host: localhost:3000
1 > Connection: Keep-Alive
1 > User-Agent: Apache-HttpClient/4.5.14 (Java/17.0.9)
1 > Accept-Encoding: gzip,deflate
{"email":"test2@example.com","password":"Password123"}

16:19:19.811 [pool-2-thread-7] DEBUG org.apache.http.impl.conn.PoolingHttpClientConnectionManager -- Connection request: [route: {}->http://localhost:3000][total available: 0; route allocated: 0 of 5; total allocated: 0 of 10]
16:19:19.811 [pool-2-thread-94] DEBUG org.apache.http.impl.conn.PoolingHttpClientConnectionManager -- Connection request: [route: {}->http://localhost:3000][total available: 0; route allocated: 0 of 5; total allocated: 0 of 10]
16:19:19.807 [pool-2-thread-51] DEBUG com.intuit.karate -- request:
1 > POST http://localhost:3000/auth/login
1 > Content-Type: application/json; charset=UTF-8
1 > Content-Length: 45
1 > Host: localhost:3000
1 > Connection: Keep-Alive
1 > User-Agent: Apache-HttpClient/4.5.14 (Java/17.0.9)
1 > Accept-Encoding: gzip,deflate
{"email":"nam@gmail.com","password":"123456"}

16:19:19.807 [pool-2-thread-92] DEBUG com.intuit.karate -- request:
1 > POST http://localhost:3000/auth/login
1 > Content-Type: application/json; charset=UTF-8
1 > Content-Length: 48
1 > Host: localhost:3000
1 > Connection: Keep-Alive
1 > User-Agent: Apache-HttpClient/4.5.14 (Java/17.0.9)
1 > Accept-Encoding: gzip,deflate
{"email":"quang1@gmail.com","password":"quang1"}

16:19:19.807 [pool-2-thread-89] DEBUG com.intuit.karate -- request:
1 > POST http://localhost:3000/auth/login
1 > Content-Type: application/json; charset=UTF-8
1 > Content-Length: 53
1 > Host: localhost:3000
1 > Connection: Keep-Alive
1 > User-Agent: Apache-HttpClient/4.5.14 (Java/17.0.9)
1 > Accept-Encoding: gzip,deflate
{"email":"testit@gmail.com","password":"Password123"}

16:19:19.809 [pool-2-thread-90] DEBUG com.intuit.karate -- request:
1 > POST http://localhost:3000/auth/login
1 > Content-Type: application/json; charset=UTF-8
1 > Content-Length: 54
1 > Host: localhost:3000
1 > Connection: Keep-Alive
1 > User-Agent: Apache-HttpClient/4.5.14 (Java/17.0.9)
1 > Accept-Encoding: gzip,deflate
{"email":"testit2@gmail.com","password":"Password123"}

16:19:19.809 [pool-2-thread-53] DEBUG com.intuit.karate -- request:
1 > POST http://localhost:3000/auth/login
1 > Content-Type: application/json; charset=UTF-8
1 > Content-Length: 53
1 > Host: localhost:3000
1 > Connection: Keep-Alive
1 > User-Agent: Apache-HttpClient/4.5.14 (Java/17.0.9)
1 > Accept-Encoding: gzip,deflate
{"email":"test@example.com","password":"Password123"}

16:19:19.812 [pool-2-thread-90] DEBUG org.apache.http.impl.conn.PoolingHttpClientConnectionManager -- Connection request: [route: {}->http://localhost:3000][total available: 0; route allocated: 0 of 5; total allocated: 0 of 10]
16:19:19.809 [pool-2-thread-81] DEBUG com.intuit.karate -- request:
1 > POST http://localhost:3000/auth/login
1 > Content-Type: application/json; charset=UTF-8
1 > Content-Length: 45
1 > Host: localhost:3000
1 > Connection: Keep-Alive
1 > User-Agent: Apache-HttpClient/4.5.14 (Java/17.0.9)
1 > Accept-Encoding: gzip,deflate
{"email":"nam@gmail.com","password":"123456"}

16:19:19.809 [pool-2-thread-60] DEBUG com.intuit.karate -- request:
1 > POST http://localhost:3000/auth/login
1 > Content-Type: application/json; charset=UTF-8
1 > Content-Length: 54
1 > Host: localhost:3000
1 > Connection: Keep-Alive
1 > User-Agent: Apache-HttpClient/4.5.14 (Java/17.0.9)
1 > Accept-Encoding: gzip,deflate
{"email":"testit2@gmail.com","password":"Password123"}

16:19:19.809 [pool-2-thread-64] DEBUG com.intuit.karate -- request:
1 > POST http://localhost:3000/auth/login
1 > Content-Type: application/json; charset=UTF-8
1 > Content-Length: 54
1 > Host: localhost:3000
1 > Connection: Keep-Alive
1 > User-Agent: Apache-HttpClient/4.5.14 (Java/17.0.9)
1 > Accept-Encoding: gzip,deflate
{"email":"test2@example.com","password":"Password123"}

16:19:19.815 [pool-2-thread-60] DEBUG org.apache.http.impl.conn.PoolingHttpClientConnectionManager -- Connection request: [route: {}->http://localhost:3000][total available: 0; route allocated: 0 of 5; total allocated: 0 of 10]
16:19:19.809 [pool-2-thread-9] DEBUG com.intuit.karate -- request:
1 > POST http://localhost:3000/auth/login
1 > Content-Type: application/json; charset=UTF-8
1 > Content-Length: 53
1 > Host: localhost:3000
1 > Connection: Keep-Alive
1 > User-Agent: Apache-HttpClient/4.5.14 (Java/17.0.9)
1 > Accept-Encoding: gzip,deflate
{"email":"testit@gmail.com","password":"Password123"}

16:19:19.815 [pool-2-thread-64] DEBUG org.apache.http.impl.conn.PoolingHttpClientConnectionManager -- Connection request: [route: {}->http://localhost:3000][total available: 0; route allocated: 0 of 5; total allocated: 0 of 10]
16:19:19.809 [pool-2-thread-1] DEBUG com.intuit.karate -- request:
1 > POST http://localhost:3000/auth/login
1 > Content-Type: application/json; charset=UTF-8
1 > Content-Length: 45
1 > Host: localhost:3000
1 > Connection: Keep-Alive
1 > User-Agent: Apache-HttpClient/4.5.14 (Java/17.0.9)
1 > Accept-Encoding: gzip,deflate
{"email":"nam@gmail.com","password":"123456"}

16:19:19.809 [pool-2-thread-57] DEBUG com.intuit.karate -- request:
1 > POST http://localhost:3000/auth/login
1 > Content-Type: application/json; charset=UTF-8
1 > Content-Length: 54
1 > Host: localhost:3000
1 > Connection: Keep-Alive
1 > User-Agent: Apache-HttpClient/4.5.14 (Java/17.0.9)
1 > Accept-Encoding: gzip,deflate
{"email":"testit3@gmail.com","password":"Password123"}

16:19:19.809 [pool-2-thread-32] DEBUG com.intuit.karate -- request:
1 > POST http://localhost:3000/auth/login
1 > Content-Type: application/json; charset=UTF-8
1 > Content-Length: 48
1 > Host: localhost:3000
1 > Connection: Keep-Alive
1 > User-Agent: Apache-HttpClient/4.5.14 (Java/17.0.9)
1 > Accept-Encoding: gzip,deflate
{"email":"quang1@gmail.com","password":"quang1"}

16:19:19.809 [pool-2-thread-87] DEBUG com.intuit.karate -- request:
1 > POST http://localhost:3000/auth/login
1 > Content-Type: application/json; charset=UTF-8
1 > Content-Length: 54
1 > Host: localhost:3000
1 > Connection: Keep-Alive
1 > User-Agent: Apache-HttpClient/4.5.14 (Java/17.0.9)
1 > Accept-Encoding: gzip,deflate
{"email":"testit3@gmail.com","password":"Password123"}

16:19:19.816 [pool-2-thread-32] DEBUG org.apache.http.impl.conn.PoolingHttpClientConnectionManager -- Connection request: [route: {}->http://localhost:3000][total available: 0; route allocated: 0 of 5; total allocated: 0 of 10]
16:19:19.816 [pool-2-thread-87] DEBUG org.apache.http.impl.conn.PoolingHttpClientConnectionManager -- Connection request: [route: {}->http://localhost:3000][total available: 0; route allocated: 0 of 5; total allocated: 0 of 10]
16:19:19.809 [pool-2-thread-95] DEBUG com.intuit.karate -- request:
1 > POST http://localhost:3000/auth/login
1 > Content-Type: application/json; charset=UTF-8
1 > Content-Length: 55
1 > Host: localhost:3000
1 > Connection: Keep-Alive
1 > User-Agent: Apache-HttpClient/4.5.14 (Java/17.0.9)
1 > Accept-Encoding: gzip,deflate
{"email":"test28@example.com","password":"Password123"}

16:19:19.809 [pool-2-thread-23] DEBUG com.intuit.karate -- request:
1 > POST http://localhost:3000/auth/login
1 > Content-Type: application/json; charset=UTF-8
1 > Content-Length: 53
1 > Host: localhost:3000
1 > Connection: Keep-Alive
1 > User-Agent: Apache-HttpClient/4.5.14 (Java/17.0.9)
1 > Accept-Encoding: gzip,deflate
{"email":"test@example.com","password":"Password123"}

16:19:19.809 [pool-2-thread-74] DEBUG com.intuit.karate -- request:
1 > POST http://localhost:3000/auth/login
1 > Content-Type: application/json; charset=UTF-8
1 > Content-Length: 54
1 > Host: localhost:3000
1 > Connection: Keep-Alive
1 > User-Agent: Apache-HttpClient/4.5.14 (Java/17.0.9)
1 > Accept-Encoding: gzip,deflate
{"email":"test2@example.com","password":"Password123"}

16:19:19.816 [pool-2-thread-23] DEBUG org.apache.http.impl.conn.PoolingHttpClientConnectionManager -- Connection request: [route: {}->http://localhost:3000][total available: 0; route allocated: 0 of 5; total allocated: 0 of 10]
16:19:19.809 [pool-2-thread-48] DEBUG com.intuit.karate -- request:
1 > POST http://localhost:3000/auth/login
1 > Content-Type: application/json; charset=UTF-8
1 > Content-Length: 54
1 > Host: localhost:3000
1 > Connection: Keep-Alive
1 > User-Agent: Apache-HttpClient/4.5.14 (Java/17.0.9)
1 > Accept-Encoding: gzip,deflate
{"email":"testit5@gmail.com","password":"Password123"}

16:19:19.809 [pool-2-thread-46] DEBUG com.intuit.karate -- request:
1 > POST http://localhost:3000/auth/login
1 > Content-Type: application/json; charset=UTF-8
1 > Content-Length: 54
1 > Host: localhost:3000
1 > Connection: Keep-Alive
1 > User-Agent: Apache-HttpClient/4.5.14 (Java/17.0.9)
1 > Accept-Encoding: gzip,deflate
{"email":"testit4@gmail.com","password":"Password123"}

16:19:19.816 [pool-2-thread-48] DEBUG org.apache.http.impl.conn.PoolingHttpClientConnectionManager -- Connection request: [route: {}->http://localhost:3000][total available: 0; route allocated: 0 of 5; total allocated: 0 of 10]
16:19:19.809 [pool-2-thread-52] DEBUG com.intuit.karate -- request:
1 > POST http://localhost:3000/auth/login
1 > Content-Type: application/json; charset=UTF-8
1 > Content-Length: 48
1 > Host: localhost:3000
1 > Connection: Keep-Alive
1 > User-Agent: Apache-HttpClient/4.5.14 (Java/17.0.9)
1 > Accept-Encoding: gzip,deflate
{"email":"quang1@gmail.com","password":"quang1"}

16:19:19.809 [pool-2-thread-98] DEBUG com.intuit.karate -- request:
1 > POST http://localhost:3000/auth/login
1 > Content-Type: application/json; charset=UTF-8
1 > Content-Length: 54
1 > Host: localhost:3000
1 > Connection: Keep-Alive
1 > User-Agent: Apache-HttpClient/4.5.14 (Java/17.0.9)
1 > Accept-Encoding: gzip,deflate
{"email":"testit5@gmail.com","password":"Password123"}

16:19:19.817 [pool-2-thread-52] DEBUG org.apache.http.impl.conn.PoolingHttpClientConnectionManager -- Connection request: [route: {}->http://localhost:3000][total available: 0; route allocated: 0 of 5; total allocated: 0 of 10]
16:19:19.817 [pool-2-thread-98] DEBUG org.apache.http.impl.conn.PoolingHttpClientConnectionManager -- Connection request: [route: {}->http://localhost:3000][total available: 0; route allocated: 0 of 5; total allocated: 0 of 10]
16:19:19.809 [pool-2-thread-37] DEBUG com.intuit.karate -- request:
1 > POST http://localhost:3000/auth/login
1 > Content-Type: application/json; charset=UTF-8
1 > Content-Length: 54
1 > Host: localhost:3000
1 > Connection: Keep-Alive
1 > User-Agent: Apache-HttpClient/4.5.14 (Java/17.0.9)
1 > Accept-Encoding: gzip,deflate
{"email":"testit3@gmail.com","password":"Password123"}

16:19:19.809 [pool-2-thread-44] DEBUG com.intuit.karate -- request:
1 > POST http://localhost:3000/auth/login
1 > Content-Type: application/json; charset=UTF-8
1 > Content-Length: 54
1 > Host: localhost:3000
1 > Connection: Keep-Alive
1 > User-Agent: Apache-HttpClient/4.5.14 (Java/17.0.9)
1 > Accept-Encoding: gzip,deflate
{"email":"test2@example.com","password":"Password123"}

16:19:19.817 [pool-2-thread-37] DEBUG org.apache.http.impl.conn.PoolingHttpClientConnectionManager -- Connection request: [route: {}->http://localhost:3000][total available: 0; route allocated: 0 of 5; total allocated: 0 of 10]
16:19:19.809 [pool-2-thread-26] DEBUG com.intuit.karate -- request:
1 > POST http://localhost:3000/auth/login
1 > Content-Type: application/json; charset=UTF-8
1 > Content-Length: 54
1 > Host: localhost:3000
1 > Connection: Keep-Alive
1 > User-Agent: Apache-HttpClient/4.5.14 (Java/17.0.9)
1 > Accept-Encoding: gzip,deflate
{"email":"testit4@gmail.com","password":"Password123"}

16:19:19.817 [pool-2-thread-26] DEBUG org.apache.http.impl.conn.PoolingHttpClientConnectionManager -- Connection request: [route: {}->http://localhost:3000][total available: 0; route allocated: 0 of 5; total allocated: 0 of 10]
16:19:19.809 [pool-2-thread-14] DEBUG com.intuit.karate -- request:
1 > POST http://localhost:3000/auth/login
1 > Content-Type: application/json; charset=UTF-8
1 > Content-Length: 54
1 > Host: localhost:3000
1 > Connection: Keep-Alive
1 > User-Agent: Apache-HttpClient/4.5.14 (Java/17.0.9)
1 > Accept-Encoding: gzip,deflate
{"email":"test2@example.com","password":"Password123"}

16:19:19.809 [pool-2-thread-29] DEBUG com.intuit.karate -- request:
1 > POST http://localhost:3000/auth/login
1 > Content-Type: application/json; charset=UTF-8
1 > Content-Length: 53
1 > Host: localhost:3000
1 > Connection: Keep-Alive
1 > User-Agent: Apache-HttpClient/4.5.14 (Java/17.0.9)
1 > Accept-Encoding: gzip,deflate
{"email":"testit@gmail.com","password":"Password123"}

16:19:19.809 [pool-2-thread-36] DEBUG com.intuit.karate -- request:
1 > POST http://localhost:3000/auth/login
1 > Content-Type: application/json; charset=UTF-8
1 > Content-Length: 54
1 > Host: localhost:3000
1 > Connection: Keep-Alive
1 > User-Agent: Apache-HttpClient/4.5.14 (Java/17.0.9)
1 > Accept-Encoding: gzip,deflate
{"email":"testit4@gmail.com","password":"Password123"}

16:19:19.817 [pool-2-thread-29] DEBUG org.apache.http.impl.conn.PoolingHttpClientConnectionManager -- Connection request: [route: {}->http://localhost:3000][total available: 0; route allocated: 0 of 5; total allocated: 0 of 10]
16:19:19.809 [pool-2-thread-76] DEBUG com.intuit.karate -- request:
1 > POST http://localhost:3000/auth/login
1 > Content-Type: application/json; charset=UTF-8
1 > Content-Length: 54
1 > Host: localhost:3000
1 > Connection: Keep-Alive
1 > User-Agent: Apache-HttpClient/4.5.14 (Java/17.0.9)
1 > Accept-Encoding: gzip,deflate
{"email":"testit4@gmail.com","password":"Password123"}

16:19:19.809 [pool-2-thread-99] DEBUG com.intuit.karate -- request:
1 > POST http://localhost:3000/auth/login
1 > Content-Type: application/json; charset=UTF-8
1 > Content-Length: 53
1 > Host: localhost:3000
1 > Connection: Keep-Alive
1 > User-Agent: Apache-HttpClient/4.5.14 (Java/17.0.9)
1 > Accept-Encoding: gzip,deflate
{"email":"testit@gmail.com","password":"Password123"}

16:19:19.817 [pool-2-thread-76] DEBUG org.apache.http.impl.conn.PoolingHttpClientConnectionManager -- Connection request: [route: {}->http://localhost:3000][total available: 0; route allocated: 0 of 5; total allocated: 0 of 10]
16:19:19.810 [pool-2-thread-17] DEBUG com.intuit.karate -- request:
1 > POST http://localhost:3000/auth/login
1 > Content-Type: application/json; charset=UTF-8
1 > Content-Length: 54
1 > Host: localhost:3000
1 > Connection: Keep-Alive
1 > User-Agent: Apache-HttpClient/4.5.14 (Java/17.0.9)
1 > Accept-Encoding: gzip,deflate
{"email":"testit3@gmail.com","password":"Password123"}

16:19:19.810 [pool-2-thread-100] DEBUG com.intuit.karate -- request:
1 > POST http://localhost:3000/auth/login
1 > Content-Type: application/json; charset=UTF-8
1 > Content-Length: 54
1 > Host: localhost:3000
1 > Connection: Keep-Alive
1 > User-Agent: Apache-HttpClient/4.5.14 (Java/17.0.9)
1 > Accept-Encoding: gzip,deflate
{"email":"testit2@gmail.com","password":"Password123"}

16:19:19.817 [pool-2-thread-17] DEBUG org.apache.http.impl.conn.PoolingHttpClientConnectionManager -- Connection request: [route: {}->http://localhost:3000][total available: 0; route allocated: 0 of 5; total allocated: 0 of 10]
16:19:19.810 [pool-2-thread-12] DEBUG com.intuit.karate -- request:
1 > POST http://localhost:3000/auth/login
1 > Content-Type: application/json; charset=UTF-8
1 > Content-Length: 48
1 > Host: localhost:3000
1 > Connection: Keep-Alive
1 > User-Agent: Apache-HttpClient/4.5.14 (Java/17.0.9)
1 > Accept-Encoding: gzip,deflate
{"email":"quang1@gmail.com","password":"quang1"}

16:19:19.819 [pool-2-thread-100] DEBUG org.apache.http.impl.conn.PoolingHttpClientConnectionManager -- Connection request: [route: {}->http://localhost:3000][total available: 0; route allocated: 0 of 5; total allocated: 0 of 10]
16:19:19.819 [pool-2-thread-12] DEBUG org.apache.http.impl.conn.PoolingHttpClientConnectionManager -- Connection request: [route: {}->http://localhost:3000][total available: 0; route allocated: 0 of 5; total allocated: 0 of 10]
16:19:19.810 [pool-2-thread-97] DEBUG com.intuit.karate -- request:
1 > POST http://localhost:3000/auth/login
1 > Content-Type: application/json; charset=UTF-8
1 > Content-Length: 54
1 > Host: localhost:3000
1 > Connection: Keep-Alive
1 > User-Agent: Apache-HttpClient/4.5.14 (Java/17.0.9)
1 > Accept-Encoding: gzip,deflate
{"email":"testit3@gmail.com","password":"Password123"}

16:19:19.810 [pool-2-thread-34] DEBUG com.intuit.karate -- request:
1 > POST http://localhost:3000/auth/login
1 > Content-Type: application/json; charset=UTF-8
1 > Content-Length: 54
1 > Host: localhost:3000
1 > Connection: Keep-Alive
1 > User-Agent: Apache-HttpClient/4.5.14 (Java/17.0.9)
1 > Accept-Encoding: gzip,deflate
{"email":"test2@example.com","password":"Password123"}

16:19:19.810 [pool-2-thread-82] DEBUG com.intuit.karate -- request:
1 > POST http://localhost:3000/auth/login
1 > Content-Type: application/json; charset=UTF-8
1 > Content-Length: 48
1 > Host: localhost:3000
1 > Connection: Keep-Alive
1 > User-Agent: Apache-HttpClient/4.5.14 (Java/17.0.9)
1 > Accept-Encoding: gzip,deflate
{"email":"quang1@gmail.com","password":"quang1"}

16:19:19.819 [pool-2-thread-34] DEBUG org.apache.http.impl.conn.PoolingHttpClientConnectionManager -- Connection request: [route: {}->http://localhost:3000][total available: 0; route allocated: 0 of 5; total allocated: 0 of 10]
16:19:19.819 [pool-2-thread-82] DEBUG org.apache.http.impl.conn.PoolingHttpClientConnectionManager -- Connection request: [route: {}->http://localhost:3000][total available: 0; route allocated: 0 of 5; total allocated: 0 of 10]
16:19:19.810 [pool-2-thread-61] DEBUG com.intuit.karate -- request:
1 > POST http://localhost:3000/auth/login
1 > Content-Type: application/json; charset=UTF-8
1 > Content-Length: 45
1 > Host: localhost:3000
1 > Connection: Keep-Alive
1 > User-Agent: Apache-HttpClient/4.5.14 (Java/17.0.9)
1 > Accept-Encoding: gzip,deflate
{"email":"nam@gmail.com","password":"123456"}

16:19:19.819 [pool-2-thread-61] DEBUG org.apache.http.impl.conn.PoolingHttpClientConnectionManager -- Connection request: [route: {}->http://localhost:3000][total available: 0; route allocated: 0 of 5; total allocated: 0 of 10]
16:19:19.810 [pool-2-thread-56] DEBUG com.intuit.karate -- request:
1 > POST http://localhost:3000/auth/login
1 > Content-Type: application/json; charset=UTF-8
1 > Content-Length: 54
1 > Host: localhost:3000
1 > Connection: Keep-Alive
1 > User-Agent: Apache-HttpClient/4.5.14 (Java/17.0.9)
1 > Accept-Encoding: gzip,deflate
{"email":"testit4@gmail.com","password":"Password123"}

16:19:19.819 [pool-2-thread-56] DEBUG org.apache.http.impl.conn.PoolingHttpClientConnectionManager -- Connection request: [route: {}->http://localhost:3000][total available: 0; route allocated: 0 of 5; total allocated: 0 of 10]
16:19:19.810 [pool-2-thread-68] DEBUG com.intuit.karate -- request:
1 > POST http://localhost:3000/auth/login
1 > Content-Type: application/json; charset=UTF-8
1 > Content-Length: 54
1 > Host: localhost:3000
1 > Connection: Keep-Alive
1 > User-Agent: Apache-HttpClient/4.5.14 (Java/17.0.9)
1 > Accept-Encoding: gzip,deflate
{"email":"testit5@gmail.com","password":"Password123"}

16:19:19.810 [pool-2-thread-28] DEBUG com.intuit.karate -- request:
1 > POST http://localhost:3000/auth/login
1 > Content-Type: application/json; charset=UTF-8
1 > Content-Length: 54
1 > Host: localhost:3000
1 > Connection: Keep-Alive
1 > User-Agent: Apache-HttpClient/4.5.14 (Java/17.0.9)
1 > Accept-Encoding: gzip,deflate
{"email":"testit5@gmail.com","password":"Password123"}

16:19:19.810 [pool-2-thread-27] DEBUG com.intuit.karate -- request:
1 > POST http://localhost:3000/auth/login
1 > Content-Type: application/json; charset=UTF-8
1 > Content-Length: 54
1 > Host: localhost:3000
1 > Connection: Keep-Alive
1 > User-Agent: Apache-HttpClient/4.5.14 (Java/17.0.9)
1 > Accept-Encoding: gzip,deflate
{"email":"testit3@gmail.com","password":"Password123"}

16:19:19.820 [pool-2-thread-28] DEBUG org.apache.http.impl.conn.PoolingHttpClientConnectionManager -- Connection request: [route: {}->http://localhost:3000][total available: 0; route allocated: 0 of 5; total allocated: 0 of 10]
16:19:19.810 [pool-2-thread-15] DEBUG com.intuit.karate -- request:
1 > POST http://localhost:3000/auth/login
1 > Content-Type: application/json; charset=UTF-8
1 > Content-Length: 55
1 > Host: localhost:3000
1 > Connection: Keep-Alive
1 > User-Agent: Apache-HttpClient/4.5.14 (Java/17.0.9)
1 > Accept-Encoding: gzip,deflate
{"email":"test28@example.com","password":"Password123"}

16:19:19.810 [pool-2-thread-38] DEBUG com.intuit.karate -- request:
1 > POST http://localhost:3000/auth/login
1 > Content-Type: application/json; charset=UTF-8
1 > Content-Length: 54
1 > Host: localhost:3000
1 > Connection: Keep-Alive
1 > User-Agent: Apache-HttpClient/4.5.14 (Java/17.0.9)
1 > Accept-Encoding: gzip,deflate
{"email":"testit5@gmail.com","password":"Password123"}

16:19:19.810 [pool-2-thread-69] DEBUG org.apache.http.impl.conn.PoolingHttpClientConnectionManager -- Connection request: [route: {}->http://localhost:3000][total available: 0; route allocated: 0 of 5; total allocated: 0 of 10]
16:19:19.810 [pool-2-thread-41] DEBUG org.apache.http.impl.conn.PoolingHttpClientConnectionManager -- Connection request: [route: {}->http://localhost:3000][total available: 0; route allocated: 0 of 5; total allocated: 0 of 10]
16:19:19.810 [pool-2-thread-18] DEBUG org.apache.http.impl.conn.PoolingHttpClientConnectionManager -- Connection request: [route: {}->http://localhost:3000][total available: 0; route allocated: 0 of 5; total allocated: 0 of 10]
16:19:19.810 [pool-2-thread-13] DEBUG org.apache.http.impl.conn.PoolingHttpClientConnectionManager -- Connection request: [route: {}->http://localhost:3000][total available: 0; route allocated: 0 of 5; total allocated: 0 of 10]
16:19:19.810 [pool-2-thread-19] DEBUG org.apache.http.impl.conn.PoolingHttpClientConnectionManager -- Connection request: [route: {}->http://localhost:3000][total available: 0; route allocated: 0 of 5; total allocated: 0 of 10]
16:19:19.810 [pool-2-thread-63] DEBUG org.apache.http.impl.conn.PoolingHttpClientConnectionManager -- Connection request: [route: {}->http://localhost:3000][total available: 0; route allocated: 0 of 5; total allocated: 0 of 10]
16:19:19.810 [pool-2-thread-5] DEBUG org.apache.http.impl.conn.PoolingHttpClientConnectionManager -- Connection request: [route: {}->http://localhost:3000][total available: 0; route allocated: 0 of 5; total allocated: 0 of 10]
16:19:19.810 [pool-2-thread-85] DEBUG org.apache.http.impl.conn.PoolingHttpClientConnectionManager -- Connection request: [route: {}->http://localhost:3000][total available: 0; route allocated: 0 of 5; total allocated: 0 of 10]
16:19:19.810 [pool-2-thread-31] DEBUG org.apache.http.impl.conn.PoolingHttpClientConnectionManager -- Connection request: [route: {}->http://localhost:3000][total available: 0; route allocated: 0 of 5; total allocated: 0 of 10]
16:19:19.810 [pool-2-thread-40] DEBUG com.intuit.karate -- request:
1 > POST http://localhost:3000/auth/login
1 > Content-Type: application/json; charset=UTF-8
1 > Content-Length: 54
1 > Host: localhost:3000
1 > Connection: Keep-Alive
1 > User-Agent: Apache-HttpClient/4.5.14 (Java/17.0.9)
1 > Accept-Encoding: gzip,deflate
{"email":"testit2@gmail.com","password":"Password123"}

16:19:19.810 [pool-2-thread-86] DEBUG org.apache.http.impl.conn.PoolingHttpClientConnectionManager -- Connection request: [route: {}->http://localhost:3000][total available: 0; route allocated: 0 of 5; total allocated: 0 of 10]
16:19:19.810 [pool-2-thread-67] DEBUG org.apache.http.impl.conn.PoolingHttpClientConnectionManager -- Connection request: [route: {}->http://localhost:3000][total available: 0; route allocated: 0 of 5; total allocated: 0 of 10]
16:19:19.821 [pool-2-thread-40] DEBUG org.apache.http.impl.conn.PoolingHttpClientConnectionManager -- Connection request: [route: {}->http://localhost:3000][total available: 0; route allocated: 0 of 5; total allocated: 0 of 10]
16:19:19.810 [pool-2-thread-93] DEBUG org.apache.http.impl.conn.PoolingHttpClientConnectionManager -- Connection request: [route: {}->http://localhost:3000][total available: 0; route allocated: 0 of 5; total allocated: 0 of 10]
16:19:19.810 [pool-2-thread-50] DEBUG org.apache.http.impl.conn.PoolingHttpClientConnectionManager -- Connection request: [route: {}->http://localhost:3000][total available: 0; route allocated: 0 of 5; total allocated: 0 of 10]
16:19:19.810 [pool-2-thread-3] DEBUG com.intuit.karate -- request:
1 > POST http://localhost:3000/auth/login
1 > Content-Type: application/json; charset=UTF-8
1 > Content-Length: 53
1 > Host: localhost:3000
1 > Connection: Keep-Alive
1 > User-Agent: Apache-HttpClient/4.5.14 (Java/17.0.9)
1 > Accept-Encoding: gzip,deflate
{"email":"test@example.com","password":"Password123"}

16:19:19.810 [pool-2-thread-11] DEBUG org.apache.http.impl.conn.PoolingHttpClientConnectionManager -- Connection request: [route: {}->http://localhost:3000][total available: 0; route allocated: 0 of 5; total allocated: 0 of 10]
16:19:19.810 [pool-2-thread-35] DEBUG org.apache.http.impl.conn.PoolingHttpClientConnectionManager -- Connection request: [route: {}->http://localhost:3000][total available: 0; route allocated: 0 of 5; total allocated: 0 of 10]
16:19:19.822 [pool-2-thread-3] DEBUG org.apache.http.impl.conn.PoolingHttpClientConnectionManager -- Connection request: [route: {}->http://localhost:3000][total available: 0; route allocated: 0 of 5; total allocated: 0 of 10]
16:19:19.810 [pool-2-thread-6] DEBUG org.apache.http.impl.conn.PoolingHttpClientConnectionManager -- Connection request: [route: {}->http://localhost:3000][total available: 0; route allocated: 0 of 5; total allocated: 0 of 10]
16:19:19.811 [pool-2-thread-72] DEBUG org.apache.http.impl.conn.PoolingHttpClientConnectionManager -- Connection request: [route: {}->http://localhost:3000][total available: 0; route allocated: 0 of 5; total allocated: 0 of 10]
16:19:19.811 [pool-2-thread-88] DEBUG com.intuit.karate -- request:
1 > POST http://localhost:3000/auth/login
1 > Content-Type: application/json; charset=UTF-8
1 > Content-Length: 54
1 > Host: localhost:3000
1 > Connection: Keep-Alive
1 > User-Agent: Apache-HttpClient/4.5.14 (Java/17.0.9)
1 > Accept-Encoding: gzip,deflate
{"email":"testit5@gmail.com","password":"Password123"}

16:19:19.811 [pool-2-thread-79] DEBUG org.apache.http.impl.conn.PoolingHttpClientConnectionManager -- Connection request: [route: {}->http://localhost:3000][total available: 0; route allocated: 0 of 5; total allocated: 0 of 10]
16:19:19.822 [pool-2-thread-88] DEBUG org.apache.http.impl.conn.PoolingHttpClientConnectionManager -- Connection request: [route: {}->http://localhost:3000][total available: 0; route allocated: 0 of 5; total allocated: 0 of 10]
16:19:19.811 [pool-2-thread-39] DEBUG com.intuit.karate -- request:
1 > POST http://localhost:3000/auth/login
1 > Content-Type: application/json; charset=UTF-8
1 > Content-Length: 53
1 > Host: localhost:3000
1 > Connection: Keep-Alive
1 > User-Agent: Apache-HttpClient/4.5.14 (Java/17.0.9)
1 > Accept-Encoding: gzip,deflate
{"email":"testit@gmail.com","password":"Password123"}

16:19:19.811 [pool-2-thread-66] DEBUG com.intuit.karate -- request:
1 > POST http://localhost:3000/auth/login
1 > Content-Type: application/json; charset=UTF-8
1 > Content-Length: 54
1 > Host: localhost:3000
1 > Connection: Keep-Alive
1 > User-Agent: Apache-HttpClient/4.5.14 (Java/17.0.9)
1 > Accept-Encoding: gzip,deflate
{"email":"testit4@gmail.com","password":"Password123"}

16:19:19.823 [pool-2-thread-39] DEBUG org.apache.http.impl.conn.PoolingHttpClientConnectionManager -- Connection request: [route: {}->http://localhost:3000][total available: 0; route allocated: 0 of 5; total allocated: 0 of 10]
16:19:19.811 [pool-2-thread-75] DEBUG org.apache.http.impl.conn.PoolingHttpClientConnectionManager -- Connection request: [route: {}->http://localhost:3000][total available: 0; route allocated: 0 of 5; total allocated: 0 of 10]
16:19:19.811 [pool-2-thread-42] DEBUG com.intuit.karate -- request:
1 > POST http://localhost:3000/auth/login
1 > Content-Type: application/json; charset=UTF-8
1 > Content-Length: 48
1 > Host: localhost:3000
1 > Connection: Keep-Alive
1 > User-Agent: Apache-HttpClient/4.5.14 (Java/17.0.9)
1 > Accept-Encoding: gzip,deflate
{"email":"quang1@gmail.com","password":"quang1"}

16:19:19.811 [pool-2-thread-49] DEBUG org.apache.http.impl.conn.PoolingHttpClientConnectionManager -- Connection request: [route: {}->http://localhost:3000][total available: 0; route allocated: 0 of 5; total allocated: 0 of 10]
16:19:19.826 [pool-2-thread-42] DEBUG org.apache.http.impl.conn.PoolingHttpClientConnectionManager -- Connection request: [route: {}->http://localhost:3000][total available: 0; route allocated: 0 of 5; total allocated: 0 of 10]
16:19:19.811 [pool-2-thread-16] DEBUG org.apache.http.impl.conn.PoolingHttpClientConnectionManager -- Connection request: [route: {}->http://localhost:3000][total available: 0; route allocated: 0 of 5; total allocated: 0 of 10]
16:19:19.811 [pool-2-thread-33] DEBUG org.apache.http.impl.conn.PoolingHttpClientConnectionManager -- Connection request: [route: {}->http://localhost:3000][total available: 0; route allocated: 0 of 5; total allocated: 0 of 10]
16:19:19.811 [pool-2-thread-96] DEBUG org.apache.http.impl.conn.PoolingHttpClientConnectionManager -- Connection request: [route: {}->http://localhost:3000][total available: 0; route allocated: 0 of 5; total allocated: 0 of 10]
16:19:19.811 [pool-2-thread-20] DEBUG com.intuit.karate -- request:
1 > POST http://localhost:3000/auth/login
1 > Content-Type: application/json; charset=UTF-8
1 > Content-Length: 54
1 > Host: localhost:3000
1 > Connection: Keep-Alive
1 > User-Agent: Apache-HttpClient/4.5.14 (Java/17.0.9)
1 > Accept-Encoding: gzip,deflate
{"email":"testit2@gmail.com","password":"Password123"}

16:19:19.811 [pool-2-thread-30] DEBUG org.apache.http.impl.conn.PoolingHttpClientConnectionManager -- Connection request: [route: {}->http://localhost:3000][total available: 0; route allocated: 0 of 5; total allocated: 0 of 10]
16:19:19.811 [pool-2-thread-55] DEBUG org.apache.http.impl.conn.PoolingHttpClientConnectionManager -- Connection request: [route: {}->http://localhost:3000][total available: 0; route allocated: 0 of 5; total allocated: 0 of 10]
16:19:19.827 [pool-2-thread-20] DEBUG org.apache.http.impl.conn.PoolingHttpClientConnectionManager -- Connection request: [route: {}->http://localhost:3000][total available: 0; route allocated: 0 of 5; total allocated: 0 of 10]
16:19:19.811 [pool-2-thread-10] DEBUG org.apache.http.impl.conn.PoolingHttpClientConnectionManager -- Connection request: [route: {}->http://localhost:3000][total available: 0; route allocated: 0 of 5; total allocated: 0 of 10]
16:19:19.811 [pool-2-thread-54] DEBUG org.apache.http.impl.conn.PoolingHttpClientConnectionManager -- Connection request: [route: {}->http://localhost:3000][total available: 0; route allocated: 0 of 5; total allocated: 0 of 10]
16:19:19.811 [pool-2-thread-4] DEBUG com.intuit.karate -- request:
1 > POST http://localhost:3000/auth/login
1 > Content-Type: application/json; charset=UTF-8
1 > Content-Length: 54
1 > Host: localhost:3000
1 > Connection: Keep-Alive
1 > User-Agent: Apache-HttpClient/4.5.14 (Java/17.0.9)
1 > Accept-Encoding: gzip,deflate
{"email":"test2@example.com","password":"Password123"}

16:19:19.811 [pool-2-thread-80] DEBUG org.apache.http.impl.conn.PoolingHttpClientConnectionManager -- Connection request: [route: {}->http://localhost:3000][total available: 0; route allocated: 0 of 5; total allocated: 0 of 10]
16:19:19.811 [pool-2-thread-25] DEBUG org.apache.http.impl.conn.PoolingHttpClientConnectionManager -- Connection request: [route: {}->http://localhost:3000][total available: 0; route allocated: 0 of 5; total allocated: 0 of 10]
16:19:19.829 [pool-2-thread-4] DEBUG org.apache.http.impl.conn.PoolingHttpClientConnectionManager -- Connection request: [route: {}->http://localhost:3000][total available: 0; route allocated: 0 of 5; total allocated: 0 of 10]
16:19:19.811 [pool-2-thread-91] DEBUG org.apache.http.impl.conn.PoolingHttpClientConnectionManager -- Connection request: [route: {}->http://localhost:3000][total available: 0; route allocated: 0 of 5; total allocated: 0 of 10]
16:19:19.811 [pool-2-thread-78] DEBUG org.apache.http.impl.conn.PoolingHttpClientConnectionManager -- Connection request: [route: {}->http://localhost:3000][total available: 0; route allocated: 0 of 5; total allocated: 0 of 10]
16:19:19.811 [pool-2-thread-59] DEBUG org.apache.http.impl.conn.PoolingHttpClientConnectionManager -- Connection request: [route: {}->http://localhost:3000][total available: 0; route allocated: 0 of 5; total allocated: 0 of 10]
16:19:19.811 [pool-2-thread-77] DEBUG org.apache.http.impl.conn.PoolingHttpClientConnectionManager -- Connection request: [route: {}->http://localhost:3000][total available: 0; route allocated: 0 of 5; total allocated: 0 of 10]
16:19:19.811 [pool-2-thread-84] DEBUG org.apache.http.impl.conn.PoolingHttpClientConnectionManager -- Connection request: [route: {}->http://localhost:3000][total available: 0; route allocated: 0 of 5; total allocated: 0 of 10]
16:19:19.811 [pool-2-thread-24] DEBUG org.apache.http.impl.conn.PoolingHttpClientConnectionManager -- Connection request: [route: {}->http://localhost:3000][total available: 0; route allocated: 0 of 5; total allocated: 0 of 10]
16:19:19.811 [pool-2-thread-73] DEBUG org.apache.http.impl.conn.PoolingHttpClientConnectionManager -- Connection request: [route: {}->http://localhost:3000][total available: 0; route allocated: 0 of 5; total allocated: 0 of 10]
16:19:19.829 [pool-2-thread-42] DEBUG org.apache.http.impl.conn.PoolingHttpClientConnectionManager -- Connection leased: [id: 12][route: {}->http://localhost:3000][total available: 0; route allocated: 1 of 5; total allocated: 1 of 10]
16:19:19.830 [pool-2-thread-75] DEBUG org.apache.http.impl.conn.PoolingHttpClientConnectionManager -- Connection leased: [id: 4][route: {}->http://localhost:3000][total available: 0; route allocated: 1 of 5; total allocated: 1 of 10]
16:19:19.830 [pool-2-thread-78] DEBUG org.apache.http.impl.conn.PoolingHttpClientConnectionManager -- Connection leased: [id: 13][route: {}->http://localhost:3000][total available: 0; route allocated: 1 of 5; total allocated: 1 of 10]
16:19:19.830 [pool-2-thread-73] DEBUG org.apache.http.impl.conn.PoolingHttpClientConnectionManager -- Connection leased: [id: 8][route: {}->http://localhost:3000][total available: 0; route allocated: 1 of 5; total allocated: 1 of 10]
16:19:19.830 [pool-2-thread-4] DEBUG org.apache.http.impl.conn.PoolingHttpClientConnectionManager -- Connection leased: [id: 15][route: {}->http://localhost:3000][total available: 0; route allocated: 1 of 5; total allocated: 1 of 10]
16:19:19.830 [pool-2-thread-84] DEBUG org.apache.http.impl.conn.PoolingHttpClientConnectionManager -- Connection leased: [id: 16][route: {}->http://localhost:3000][total available: 0; route allocated: 1 of 5; total allocated: 1 of 10]
16:19:19.830 [pool-2-thread-76] DEBUG org.apache.http.impl.conn.PoolingHttpClientConnectionManager -- Connection leased: [id: 1][route: {}->http://localhost:3000][total available: 0; route allocated: 1 of 5; total allocated: 1 of 10]
16:19:19.830 [pool-2-thread-25] DEBUG org.apache.http.impl.conn.PoolingHttpClientConnectionManager -- Connection leased: [id: 5][route: {}->http://localhost:3000][total available: 0; route allocated: 1 of 5; total allocated: 1 of 10]
16:19:19.830 [pool-2-thread-8] DEBUG org.apache.http.impl.conn.PoolingHttpClientConnectionManager -- Connection leased: [id: 17][route: {}->http://localhost:3000][total available: 0; route allocated: 1 of 5; total allocated: 1 of 10]
16:19:19.830 [pool-2-thread-69] DEBUG org.apache.http.impl.conn.PoolingHttpClientConnectionManager -- Connection leased: [id: 3][route: {}->http://localhost:3000][total available: 0; route allocated: 1 of 5; total allocated: 1 of 10]
16:19:19.811 [pool-2-thread-45] DEBUG org.apache.http.impl.conn.PoolingHttpClientConnectionManager -- Connection request: [route: {}->http://localhost:3000][total available: 0; route allocated: 0 of 5; total allocated: 0 of 10]
16:19:19.830 [pool-2-thread-79] DEBUG org.apache.http.impl.conn.PoolingHttpClientConnectionManager -- Connection leased: [id: 20][route: {}->http://localhost:3000][total available: 0; route allocated: 1 of 5; total allocated: 1 of 10]
16:19:19.830 [pool-2-thread-3] DEBUG org.apache.http.impl.conn.PoolingHttpClientConnectionManager -- Connection leased: [id: 21][route: {}->http://localhost:3000][total available: 0; route allocated: 1 of 5; total allocated: 1 of 10]
16:19:19.811 [pool-2-thread-83] DEBUG org.apache.http.impl.conn.PoolingHttpClientConnectionManager -- Connection request: [route: {}->http://localhost:3000][total available: 0; route allocated: 0 of 5; total allocated: 0 of 10]
16:19:19.830 [pool-2-thread-2] DEBUG org.apache.http.impl.conn.PoolingHttpClientConnectionManager -- Connection leased: [id: 23][route: {}->http://localhost:3000][total available: 0; route allocated: 1 of 5; total allocated: 1 of 10]
16:19:19.831 [pool-2-thread-87] DEBUG org.apache.http.impl.conn.PoolingHttpClientConnectionManager -- Connection leased: [id: 29][route: {}->http://localhost:3000][total available: 0; route allocated: 1 of 5; total allocated: 1 of 10]
16:19:19.831 [pool-2-thread-24] DEBUG org.apache.http.impl.conn.PoolingHttpClientConnectionManager -- Connection leased: [id: 0][route: {}->http://localhost:3000][total available: 0; route allocated: 1 of 5; total allocated: 1 of 10]
16:19:19.831 [pool-2-thread-62] DEBUG org.apache.http.impl.conn.PoolingHttpClientConnectionManager -- Connection leased: [id: 30][route: {}->http://localhost:3000][total available: 0; route allocated: 1 of 5; total allocated: 1 of 10]
16:19:19.831 [pool-2-thread-26] DEBUG org.apache.http.impl.conn.PoolingHttpClientConnectionManager -- Connection leased: [id: 36][route: {}->http://localhost:3000][total available: 0; route allocated: 1 of 5; total allocated: 1 of 10]
16:19:19.831 [pool-2-thread-91] DEBUG org.apache.http.impl.conn.PoolingHttpClientConnectionManager -- Connection leased: [id: 37][route: {}->http://localhost:3000][total available: 0; route allocated: 1 of 5; total allocated: 1 of 10]
16:19:19.831 [pool-2-thread-13] DEBUG org.apache.http.impl.conn.PoolingHttpClientConnectionManager -- Connection leased: [id: 38][route: {}->http://localhost:3000][total available: 0; route allocated: 1 of 5; total allocated: 1 of 10]
16:19:19.831 [pool-2-thread-86] DEBUG org.apache.http.impl.conn.PoolingHttpClientConnectionManager -- Connection leased: [id: 39][route: {}->http://localhost:3000][total available: 0; route allocated: 1 of 5; total allocated: 1 of 10]
16:19:19.831 [pool-2-thread-56] DEBUG org.apache.http.impl.conn.PoolingHttpClientConnectionManager -- Connection leased: [id: 40][route: {}->http://localhost:3000][total available: 0; route allocated: 1 of 5; total allocated: 1 of 10]
16:19:19.811 [pool-2-thread-21] DEBUG org.apache.http.impl.conn.PoolingHttpClientConnectionManager -- Connection request: [route: {}->http://localhost:3000][total available: 0; route allocated: 0 of 5; total allocated: 0 of 10]
16:19:19.831 [pool-2-thread-70] DEBUG org.apache.http.impl.conn.PoolingHttpClientConnectionManager -- Connection leased: [id: 41][route: {}->http://localhost:3000][total available: 0; route allocated: 1 of 5; total allocated: 1 of 10]
16:19:19.831 [pool-2-thread-40] DEBUG org.apache.http.impl.conn.PoolingHttpClientConnectionManager -- Connection leased: [id: 42][route: {}->http://localhost:3000][total available: 0; route allocated: 1 of 5; total allocated: 1 of 10]
16:19:19.831 [pool-2-thread-35] DEBUG org.apache.http.impl.conn.PoolingHttpClientConnectionManager -- Connection leased: [id: 43][route: {}->http://localhost:3000][total available: 0; route allocated: 1 of 5; total allocated: 1 of 10]
16:19:19.831 [pool-2-thread-21] DEBUG org.apache.http.impl.conn.PoolingHttpClientConnectionManager -- Connection leased: [id: 44][route: {}->http://localhost:3000][total available: 0; route allocated: 1 of 5; total allocated: 1 of 10]
16:19:19.811 [pool-2-thread-43] DEBUG org.apache.http.impl.conn.PoolingHttpClientConnectionManager -- Connection request: [route: {}->http://localhost:3000][total available: 0; route allocated: 0 of 5; total allocated: 0 of 10]
16:19:19.832 [pool-2-thread-43] DEBUG org.apache.http.impl.conn.PoolingHttpClientConnectionManager -- Connection leased: [id: 45][route: {}->http://localhost:3000][total available: 0; route allocated: 1 of 5; total allocated: 1 of 10]
16:19:19.833 [pool-2-thread-17] DEBUG org.apache.http.impl.conn.PoolingHttpClientConnectionManager -- Connection leased: [id: 46][route: {}->http://localhost:3000][total available: 0; route allocated: 1 of 5; total allocated: 1 of 10]
16:19:19.834 [pool-2-thread-41] DEBUG org.apache.http.impl.conn.PoolingHttpClientConnectionManager -- Connection leased: [id: 47][route: {}->http://localhost:3000][total available: 0; route allocated: 1 of 5; total allocated: 1 of 10]
16:19:19.834 [pool-2-thread-96] DEBUG org.apache.http.impl.conn.PoolingHttpClientConnectionManager -- Connection leased: [id: 48][route: {}->http://localhost:3000][total available: 0; route allocated: 1 of 5; total allocated: 1 of 10]
16:19:19.834 [pool-2-thread-41] DEBUG org.apache.http.impl.execchain.MainClientExec -- Opening connection {}->http://localhost:3000
16:19:19.834 [pool-2-thread-42] DEBUG org.apache.http.impl.execchain.MainClientExec -- Opening connection {}->http://localhost:3000
16:19:19.834 [pool-2-thread-35] DEBUG org.apache.http.impl.execchain.MainClientExec -- Opening connection {}->http://localhost:3000
16:19:19.834 [pool-2-thread-17] DEBUG org.apache.http.impl.execchain.MainClientExec -- Opening connection {}->http://localhost:3000
16:19:19.834 [pool-2-thread-96] DEBUG org.apache.http.impl.execchain.MainClientExec -- Opening connection {}->http://localhost:3000
16:19:19.835 [pool-2-thread-54] DEBUG org.apache.http.impl.conn.PoolingHttpClientConnectionManager -- Connection leased: [id: 50][route: {}->http://localhost:3000][total available: 0; route allocated: 1 of 5; total allocated: 1 of 10]
16:19:19.835 [pool-2-thread-54] DEBUG org.apache.http.impl.execchain.MainClientExec -- Opening connection {}->http://localhost:3000
16:19:19.835 [pool-2-thread-67] DEBUG org.apache.http.impl.conn.PoolingHttpClientConnectionManager -- Connection leased: [id: 49][route: {}->http://localhost:3000][total available: 0; route allocated: 1 of 5; total allocated: 1 of 10]
16:19:19.837 [pool-2-thread-67] DEBUG org.apache.http.impl.execchain.MainClientExec -- Opening connection {}->http://localhost:3000
16:19:19.812 [pool-2-thread-51] DEBUG org.apache.http.impl.conn.PoolingHttpClientConnectionManager -- Connection request: [route: {}->http://localhost:3000][total available: 0; route allocated: 0 of 5; total allocated: 0 of 10]
16:19:19.837 [pool-2-thread-19] DEBUG org.apache.http.impl.conn.PoolingHttpClientConnectionManager -- Connection leased: [id: 51][route: {}->http://localhost:3000][total available: 0; route allocated: 1 of 5; total allocated: 1 of 10]
16:19:19.837 [pool-2-thread-19] DEBUG org.apache.http.impl.execchain.MainClientExec -- Opening connection {}->http://localhost:3000
16:19:19.837 [pool-2-thread-51] DEBUG org.apache.http.impl.conn.PoolingHttpClientConnectionManager -- Connection leased: [id: 52][route: {}->http://localhost:3000][total available: 0; route allocated: 1 of 5; total allocated: 1 of 10]
16:19:19.812 [pool-2-thread-92] DEBUG org.apache.http.impl.conn.PoolingHttpClientConnectionManager -- Connection request: [route: {}->http://localhost:3000][total available: 0; route allocated: 0 of 5; total allocated: 0 of 10]
16:19:19.812 [pool-2-thread-89] DEBUG org.apache.http.impl.conn.PoolingHttpClientConnectionManager -- Connection request: [route: {}->http://localhost:3000][total available: 0; route allocated: 0 of 5; total allocated: 0 of 10]
16:19:19.812 [pool-2-thread-53] DEBUG org.apache.http.impl.conn.PoolingHttpClientConnectionManager -- Connection request: [route: {}->http://localhost:3000][total available: 0; route allocated: 0 of 5; total allocated: 0 of 10]
16:19:19.839 [pool-2-thread-53] DEBUG org.apache.http.impl.conn.PoolingHttpClientConnectionManager -- Connection leased: [id: 55][route: {}->http://localhost:3000][total available: 0; route allocated: 1 of 5; total allocated: 1 of 10]
16:19:19.839 [pool-2-thread-53] DEBUG org.apache.http.impl.execchain.MainClientExec -- Opening connection {}->http://localhost:3000
16:19:19.840 [pool-2-thread-40] DEBUG org.apache.http.impl.execchain.MainClientExec -- Opening connection {}->http://localhost:3000
16:19:19.844 [pool-2-thread-10] DEBUG org.apache.http.impl.conn.PoolingHttpClientConnectionManager -- Connection leased: [id: 60][route: {}->http://localhost:3000][total available: 0; route allocated: 1 of 5; total allocated: 1 of 10]
16:19:19.845 [pool-2-thread-2] DEBUG org.apache.http.impl.execchain.MainClientExec -- Opening connection {}->http://localhost:3000
16:19:19.845 [pool-2-thread-87] DEBUG org.apache.http.impl.execchain.MainClientExec -- Opening connection {}->http://localhost:3000
16:19:19.845 [pool-2-thread-34] DEBUG org.apache.http.impl.conn.PoolingHttpClientConnectionManager -- Connection leased: [id: 63][route: {}->http://localhost:3000][total available: 0; route allocated: 1 of 5; total allocated: 1 of 10]
16:19:19.845 [pool-2-thread-34] DEBUG org.apache.http.impl.execchain.MainClientExec -- Opening connection {}->http://localhost:3000
16:19:19.845 [pool-2-thread-12] DEBUG org.apache.http.impl.conn.PoolingHttpClientConnectionManager -- Connection leased: [id: 64][route: {}->http://localhost:3000][total available: 0; route allocated: 1 of 5; total allocated: 1 of 10]
16:19:19.845 [pool-2-thread-79] DEBUG org.apache.http.impl.execchain.MainClientExec -- Opening connection {}->http://localhost:3000
16:19:19.845 [pool-2-thread-12] DEBUG org.apache.http.impl.execchain.MainClientExec -- Opening connection {}->http://localhost:3000
16:19:19.845 [pool-2-thread-3] DEBUG org.apache.http.impl.execchain.MainClientExec -- Opening connection {}->http://localhost:3000
16:19:19.845 [pool-2-thread-52] DEBUG org.apache.http.impl.conn.PoolingHttpClientConnectionManager -- Connection leased: [id: 65][route: {}->http://localhost:3000][total available: 0; route allocated: 1 of 5; total allocated: 1 of 10]
16:19:19.845 [pool-2-thread-52] DEBUG org.apache.http.impl.execchain.MainClientExec -- Opening connection {}->http://localhost:3000
16:19:19.845 [pool-2-thread-69] DEBUG org.apache.http.impl.execchain.MainClientExec -- Opening connection {}->http://localhost:3000
16:19:19.845 [pool-2-thread-8] DEBUG org.apache.http.impl.execchain.MainClientExec -- Opening connection {}->http://localhost:3000
16:19:19.815 [pool-2-thread-81] DEBUG org.apache.http.impl.conn.PoolingHttpClientConnectionManager -- Connection request: [route: {}->http://localhost:3000][total available: 0; route allocated: 0 of 5; total allocated: 0 of 10]
16:19:19.845 [pool-2-thread-84] DEBUG org.apache.http.impl.execchain.MainClientExec -- Opening connection {}->http://localhost:3000
16:19:19.845 [pool-2-thread-25] DEBUG org.apache.http.impl.execchain.MainClientExec -- Opening connection {}->http://localhost:3000
16:19:19.846 [pool-2-thread-32] DEBUG org.apache.http.impl.conn.PoolingHttpClientConnectionManager -- Connection leased: [id: 71][route: {}->http://localhost:3000][total available: 0; route allocated: 1 of 5; total allocated: 1 of 10]
16:19:19.846 [pool-2-thread-32] DEBUG org.apache.http.impl.execchain.MainClientExec -- Opening connection {}->http://localhost:3000
16:19:19.846 [pool-2-thread-50] DEBUG org.apache.http.impl.conn.PoolingHttpClientConnectionManager -- Connection leased: [id: 74][route: {}->http://localhost:3000][total available: 0; route allocated: 1 of 5; total allocated: 1 of 10]
16:19:19.846 [pool-2-thread-50] DEBUG org.apache.http.impl.execchain.MainClientExec -- Opening connection {}->http://localhost:3000
16:19:19.815 [pool-2-thread-9] DEBUG org.apache.http.impl.conn.PoolingHttpClientConnectionManager -- Connection request: [route: {}->http://localhost:3000][total available: 0; route allocated: 0 of 5; total allocated: 0 of 10]
16:19:19.846 [pool-2-thread-78] DEBUG org.apache.http.impl.execchain.MainClientExec -- Opening connection {}->http://localhost:3000
16:19:19.846 [pool-2-thread-73] DEBUG org.apache.http.impl.execchain.MainClientExec -- Opening connection {}->http://localhost:3000
16:19:19.815 [pool-2-thread-1] DEBUG org.apache.http.impl.conn.PoolingHttpClientConnectionManager -- Connection request: [route: {}->http://localhost:3000][total available: 0; route allocated: 0 of 5; total allocated: 0 of 10]
16:19:19.846 [pool-2-thread-9] DEBUG org.apache.http.impl.conn.PoolingHttpClientConnectionManager -- Connection leased: [id: 75][route: {}->http://localhost:3000][total available: 0; route allocated: 1 of 5; total allocated: 1 of 10]
16:19:19.847 [pool-2-thread-9] DEBUG org.apache.http.impl.execchain.MainClientExec -- Opening connection {}->http://localhost:3000
16:19:19.847 [pool-2-thread-1] DEBUG org.apache.http.impl.conn.PoolingHttpClientConnectionManager -- Connection leased: [id: 76][route: {}->http://localhost:3000][total available: 0; route allocated: 1 of 5; total allocated: 1 of 10]
16:19:19.847 [pool-2-thread-1] DEBUG org.apache.http.impl.execchain.MainClientExec -- Opening connection {}->http://localhost:3000
16:19:19.815 [pool-2-thread-57] DEBUG org.apache.http.impl.conn.PoolingHttpClientConnectionManager -- Connection request: [route: {}->http://localhost:3000][total available: 0; route allocated: 0 of 5; total allocated: 0 of 10]
16:19:19.848 [pool-2-thread-93] DEBUG org.apache.http.impl.conn.PoolingHttpClientConnectionManager -- Connection leased: [id: 77][route: {}->http://localhost:3000][total available: 0; route allocated: 1 of 5; total allocated: 1 of 10]
16:19:19.848 [pool-2-thread-93] DEBUG org.apache.http.impl.execchain.MainClientExec -- Opening connection {}->http://localhost:3000
16:19:19.816 [pool-2-thread-95] DEBUG org.apache.http.impl.conn.PoolingHttpClientConnectionManager -- Connection request: [route: {}->http://localhost:3000][total available: 0; route allocated: 0 of 5; total allocated: 0 of 10]
16:19:19.848 [pool-2-thread-95] DEBUG org.apache.http.impl.conn.PoolingHttpClientConnectionManager -- Connection leased: [id: 80][route: {}->http://localhost:3000][total available: 0; route allocated: 1 of 5; total allocated: 1 of 10]
16:19:19.848 [pool-2-thread-95] DEBUG org.apache.http.impl.execchain.MainClientExec -- Opening connection {}->http://localhost:3000
16:19:19.848 [pool-2-thread-98] DEBUG org.apache.http.impl.conn.PoolingHttpClientConnectionManager -- Connection leased: [id: 79][route: {}->http://localhost:3000][total available: 0; route allocated: 1 of 5; total allocated: 1 of 10]
16:19:19.848 [pool-2-thread-98] DEBUG org.apache.http.impl.execchain.MainClientExec -- Opening connection {}->http://localhost:3000
16:19:19.816 [pool-2-thread-74] DEBUG org.apache.http.impl.conn.PoolingHttpClientConnectionManager -- Connection request: [route: {}->http://localhost:3000][total available: 0; route allocated: 0 of 5; total allocated: 0 of 10]
16:19:19.848 [pool-2-thread-6] DEBUG org.apache.http.impl.conn.PoolingHttpClientConnectionManager -- Connection leased: [id: 83][route: {}->http://localhost:3000][total available: 0; route allocated: 1 of 5; total allocated: 1 of 10]
16:19:19.849 [pool-2-thread-74] DEBUG org.apache.http.impl.conn.PoolingHttpClientConnectionManager -- Connection leased: [id: 84][route: {}->http://localhost:3000][total available: 0; route allocated: 1 of 5; total allocated: 1 of 10]
16:19:19.849 [pool-2-thread-6] DEBUG org.apache.http.impl.execchain.MainClientExec -- Opening connection {}->http://localhost:3000
16:19:19.849 [pool-2-thread-29] DEBUG org.apache.http.impl.conn.PoolingHttpClientConnectionManager -- Connection leased: [id: 86][route: {}->http://localhost:3000][total available: 0; route allocated: 1 of 5; total allocated: 1 of 10]
16:19:19.849 [pool-2-thread-29] DEBUG org.apache.http.impl.execchain.MainClientExec -- Opening connection {}->http://localhost:3000
16:19:19.849 [pool-2-thread-30] DEBUG org.apache.http.impl.conn.PoolingHttpClientConnectionManager -- Connection leased: [id: 88][route: {}->http://localhost:3000][total available: 0; route allocated: 1 of 5; total allocated: 1 of 10]
16:19:19.849 [pool-2-thread-30] DEBUG org.apache.http.impl.execchain.MainClientExec -- Opening connection {}->http://localhost:3000
16:19:19.816 [pool-2-thread-46] DEBUG org.apache.http.impl.conn.PoolingHttpClientConnectionManager -- Connection request: [route: {}->http://localhost:3000][total available: 0; route allocated: 0 of 5; total allocated: 0 of 10]
16:19:19.817 [pool-2-thread-44] DEBUG org.apache.http.impl.conn.PoolingHttpClientConnectionManager -- Connection request: [route: {}->http://localhost:3000][total available: 0; route allocated: 0 of 5; total allocated: 0 of 10]
16:19:19.817 [pool-2-thread-14] DEBUG org.apache.http.impl.conn.PoolingHttpClientConnectionManager -- Connection request: [route: {}->http://localhost:3000][total available: 0; route allocated: 0 of 5; total allocated: 0 of 10]
16:19:19.817 [pool-2-thread-36] DEBUG org.apache.http.impl.conn.PoolingHttpClientConnectionManager -- Connection request: [route: {}->http://localhost:3000][total available: 0; route allocated: 0 of 5; total allocated: 0 of 10]
16:19:19.817 [pool-2-thread-99] DEBUG org.apache.http.impl.conn.PoolingHttpClientConnectionManager -- Connection request: [route: {}->http://localhost:3000][total available: 0; route allocated: 0 of 5; total allocated: 0 of 10]
16:19:19.849 [pool-2-thread-36] DEBUG org.apache.http.impl.conn.PoolingHttpClientConnectionManager -- Connection leased: [id: 92][route: {}->http://localhost:3000][total available: 0; route allocated: 1 of 5; total allocated: 1 of 10]
16:19:19.849 [pool-2-thread-36] DEBUG org.apache.http.impl.execchain.MainClientExec -- Opening connection {}->http://localhost:3000
16:19:19.849 [pool-2-thread-99] DEBUG org.apache.http.impl.conn.PoolingHttpClientConnectionManager -- Connection leased: [id: 93][route: {}->http://localhost:3000][total available: 0; route allocated: 1 of 5; total allocated: 1 of 10]
16:19:19.850 [pool-2-thread-99] DEBUG org.apache.http.impl.execchain.MainClientExec -- Opening connection {}->http://localhost:3000
16:19:19.819 [pool-2-thread-97] DEBUG org.apache.http.impl.conn.PoolingHttpClientConnectionManager -- Connection request: [route: {}->http://localhost:3000][total available: 0; route allocated: 0 of 5; total allocated: 0 of 10]
16:19:19.850 [pool-2-thread-97] DEBUG org.apache.http.impl.conn.PoolingHttpClientConnectionManager -- Connection leased: [id: 94][route: {}->http://localhost:3000][total available: 0; route allocated: 1 of 5; total allocated: 1 of 10]
16:19:19.850 [pool-2-thread-97] DEBUG org.apache.http.impl.execchain.MainClientExec -- Opening connection {}->http://localhost:3000
16:19:19.819 [pool-2-thread-68] DEBUG org.apache.http.impl.conn.PoolingHttpClientConnectionManager -- Connection request: [route: {}->http://localhost:3000][total available: 0; route allocated: 0 of 5; total allocated: 0 of 10]
16:19:19.850 [pool-2-thread-68] DEBUG org.apache.http.impl.conn.PoolingHttpClientConnectionManager -- Connection leased: [id: 95][route: {}->http://localhost:3000][total available: 0; route allocated: 1 of 5; total allocated: 1 of 10]
16:19:19.850 [pool-2-thread-68] DEBUG org.apache.http.impl.execchain.MainClientExec -- Opening connection {}->http://localhost:3000
16:19:19.820 [pool-2-thread-27] DEBUG org.apache.http.impl.conn.PoolingHttpClientConnectionManager -- Connection request: [route: {}->http://localhost:3000][total available: 0; route allocated: 0 of 5; total allocated: 0 of 10]
16:19:19.851 [pool-2-thread-27] DEBUG org.apache.http.impl.conn.PoolingHttpClientConnectionManager -- Connection leased: [id: 96][route: {}->http://localhost:3000][total available: 0; route allocated: 1 of 5; total allocated: 1 of 10]
16:19:19.851 [pool-2-thread-27] DEBUG org.apache.http.impl.execchain.MainClientExec -- Opening connection {}->http://localhost:3000
16:19:19.820 [pool-2-thread-15] DEBUG org.apache.http.impl.conn.PoolingHttpClientConnectionManager -- Connection request: [route: {}->http://localhost:3000][total available: 0; route allocated: 0 of 5; total allocated: 0 of 10]
16:19:19.851 [pool-2-thread-15] DEBUG org.apache.http.impl.conn.PoolingHttpClientConnectionManager -- Connection leased: [id: 97][route: {}->http://localhost:3000][total available: 0; route allocated: 1 of 5; total allocated: 1 of 10]
16:19:19.851 [pool-2-thread-15] DEBUG org.apache.http.impl.execchain.MainClientExec -- Opening connection {}->http://localhost:3000
16:19:19.820 [pool-2-thread-38] DEBUG org.apache.http.impl.conn.PoolingHttpClientConnectionManager -- Connection request: [route: {}->http://localhost:3000][total available: 0; route allocated: 0 of 5; total allocated: 0 of 10]
16:19:19.824 [pool-2-thread-66] DEBUG org.apache.http.impl.conn.PoolingHttpClientConnectionManager -- Connection request: [route: {}->http://localhost:3000][total available: 0; route allocated: 0 of 5; total allocated: 0 of 10]
16:19:19.854 [pool-2-thread-38] DEBUG org.apache.http.impl.conn.PoolingHttpClientConnectionManager -- Connection leased: [id: 98][route: {}->http://localhost:3000][total available: 0; route allocated: 1 of 5; total allocated: 1 of 10]
16:19:19.854 [pool-2-thread-66] DEBUG org.apache.http.impl.conn.PoolingHttpClientConnectionManager -- Connection leased: [id: 99][route: {}->http://localhost:3000][total available: 0; route allocated: 1 of 5; total allocated: 1 of 10]
16:19:19.854 [pool-2-thread-38] DEBUG org.apache.http.impl.execchain.MainClientExec -- Opening connection {}->http://localhost:3000
16:19:19.854 [pool-2-thread-66] DEBUG org.apache.http.impl.execchain.MainClientExec -- Opening connection {}->http://localhost:3000
16:19:19.829 [pool-2-thread-22] DEBUG org.apache.http.impl.conn.PoolingHttpClientConnectionManager -- Connection leased: [id: 10][route: {}->http://localhost:3000][total available: 0; route allocated: 1 of 5; total allocated: 1 of 10]
16:19:19.829 [pool-2-thread-80] DEBUG org.apache.http.impl.conn.PoolingHttpClientConnectionManager -- Connection leased: [id: 9][route: {}->http://localhost:3000][total available: 0; route allocated: 1 of 5; total allocated: 1 of 10]
16:19:19.859 [pool-2-thread-80] DEBUG org.apache.http.impl.execchain.MainClientExec -- Opening connection {}->http://localhost:3000
16:19:19.830 [pool-2-thread-33] DEBUG org.apache.http.impl.conn.PoolingHttpClientConnectionManager -- Connection leased: [id: 11][route: {}->http://localhost:3000][total available: 0; route allocated: 1 of 5; total allocated: 1 of 10]
16:19:19.859 [pool-2-thread-33] DEBUG org.apache.http.impl.execchain.MainClientExec -- Opening connection {}->http://localhost:3000
16:19:19.830 [pool-2-thread-37] DEBUG org.apache.http.impl.conn.PoolingHttpClientConnectionManager -- Connection leased: [id: 14][route: {}->http://localhost:3000][total available: 0; route allocated: 1 of 5; total allocated: 1 of 10]
16:19:19.861 [pool-2-thread-37] DEBUG org.apache.http.impl.execchain.MainClientExec -- Opening connection {}->http://localhost:3000
16:19:19.830 [pool-2-thread-39] DEBUG org.apache.http.impl.conn.PoolingHttpClientConnectionManager -- Connection leased: [id: 18][route: {}->http://localhost:3000][total available: 0; route allocated: 1 of 5; total allocated: 1 of 10]
16:19:19.862 [pool-2-thread-78] DEBUG org.apache.http.impl.conn.DefaultHttpClientConnectionOperator -- Connecting to localhost/127.0.0.1:3000
16:19:19.863 [pool-2-thread-42] DEBUG org.apache.http.impl.conn.DefaultHttpClientConnectionOperator -- Connecting to localhost/127.0.0.1:3000
16:19:19.864 [pool-2-thread-53] DEBUG org.apache.http.impl.conn.DefaultHttpClientConnectionOperator -- Connecting to localhost/127.0.0.1:3000
16:19:19.830 [pool-2-thread-85] DEBUG org.apache.http.impl.conn.PoolingHttpClientConnectionManager -- Connection leased: [id: 7][route: {}->http://localhost:3000][total available: 0; route allocated: 1 of 5; total allocated: 1 of 10]
16:19:19.864 [pool-2-thread-12] DEBUG org.apache.http.impl.conn.DefaultHttpClientConnectionOperator -- Connecting to localhost/127.0.0.1:3000
16:19:19.865 [pool-2-thread-85] DEBUG org.apache.http.impl.execchain.MainClientExec -- Opening connection {}->http://localhost:3000
16:19:19.865 [pool-2-thread-17] DEBUG org.apache.http.impl.conn.DefaultHttpClientConnectionOperator -- Connecting to localhost/127.0.0.1:3000
16:19:19.830 [pool-2-thread-31] DEBUG org.apache.http.impl.conn.PoolingHttpClientConnectionManager -- Connection leased: [id: 19][route: {}->http://localhost:3000][total available: 0; route allocated: 1 of 5; total allocated: 1 of 10]
16:19:19.865 [pool-2-thread-31] DEBUG org.apache.http.impl.execchain.MainClientExec -- Opening connection {}->http://localhost:3000
16:19:19.866 [pool-2-thread-36] DEBUG org.apache.http.impl.conn.DefaultHttpClientConnectionOperator -- Connecting to localhost/127.0.0.1:3000
16:19:19.866 [pool-2-thread-96] DEBUG org.apache.http.impl.conn.DefaultHttpClientConnectionOperator -- Connecting to localhost/127.0.0.1:3000
16:19:19.870 [pool-2-thread-39] DEBUG org.apache.http.impl.execchain.MainClientExec -- Opening connection {}->http://localhost:3000
16:19:19.871 [pool-2-thread-40] DEBUG org.apache.http.impl.conn.DefaultHttpClientConnectionOperator -- Connecting to localhost/127.0.0.1:3000
16:19:19.876 [pool-2-thread-53] DEBUG org.apache.http.impl.conn.DefaultHttpClientConnectionOperator -- Connection established 127.0.0.1:51378<->127.0.0.1:3000
16:19:19.876 [pool-2-thread-96] DEBUG org.apache.http.impl.conn.DefaultHttpClientConnectionOperator -- Connection established 127.0.0.1:51382<->127.0.0.1:3000
16:19:19.876 [pool-2-thread-53] DEBUG org.apache.http.impl.conn.DefaultManagedHttpClientConnection -- http-outgoing-82: set socket timeout to 30000
16:19:19.876 [pool-2-thread-78] DEBUG org.apache.http.impl.conn.DefaultHttpClientConnectionOperator -- Connection established 127.0.0.1:51376<->127.0.0.1:3000
16:19:19.876 [pool-2-thread-78] DEBUG org.apache.http.impl.conn.DefaultManagedHttpClientConnection -- http-outgoing-68: set socket timeout to 30000
16:19:19.877 [pool-2-thread-78] DEBUG org.apache.http.impl.execchain.MainClientExec -- Executing request POST /auth/login HTTP/1.1
16:19:19.877 [pool-2-thread-78] DEBUG org.apache.http.impl.execchain.MainClientExec -- Target auth state: UNCHALLENGED
16:19:19.877 [pool-2-thread-78] DEBUG org.apache.http.impl.execchain.MainClientExec -- Proxy auth state: UNCHALLENGED
16:19:19.878 [pool-2-thread-31] DEBUG org.apache.http.impl.conn.DefaultHttpClientConnectionOperator -- Connecting to localhost/127.0.0.1:3000
16:19:19.879 [pool-2-thread-31] DEBUG org.apache.http.impl.conn.DefaultHttpClientConnectionOperator -- Connection established 127.0.0.1:51384<->127.0.0.1:3000
16:19:19.880 [pool-2-thread-31] DEBUG org.apache.http.impl.conn.DefaultManagedHttpClientConnection -- http-outgoing-40: set socket timeout to 30000
16:19:19.880 [pool-2-thread-31] DEBUG org.apache.http.impl.execchain.MainClientExec -- Executing request POST /auth/login HTTP/1.1
16:19:19.880 [pool-2-thread-31] DEBUG org.apache.http.impl.execchain.MainClientExec -- Target auth state: UNCHALLENGED
16:19:19.880 [pool-2-thread-31] DEBUG org.apache.http.impl.execchain.MainClientExec -- Proxy auth state: UNCHALLENGED
16:19:19.880 [pool-2-thread-31] DEBUG org.apache.http.headers -- http-outgoing-40 >> POST /auth/login HTTP/1.1
16:19:19.880 [pool-2-thread-31] DEBUG org.apache.http.headers -- http-outgoing-40 >> Content-Type: application/json; charset=UTF-8
16:19:19.880 [pool-2-thread-31] DEBUG org.apache.http.headers -- http-outgoing-40 >> Content-Length: 45
16:19:19.880 [pool-2-thread-31] DEBUG org.apache.http.headers -- http-outgoing-40 >> Host: localhost:3000
16:19:19.880 [pool-2-thread-31] DEBUG org.apache.http.headers -- http-outgoing-40 >> Connection: Keep-Alive
16:19:19.880 [pool-2-thread-31] DEBUG org.apache.http.headers -- http-outgoing-40 >> User-Agent: Apache-HttpClient/4.5.14 (Java/17.0.9)
16:19:19.880 [pool-2-thread-31] DEBUG org.apache.http.headers -- http-outgoing-40 >> Accept-Encoding: gzip,deflate
16:19:19.882 [pool-2-thread-31] DEBUG org.apache.http.wire -- http-outgoing-40 >> "POST /auth/login HTTP/1.1[\r][\n]"
16:19:19.883 [pool-2-thread-31] DEBUG org.apache.http.wire -- http-outgoing-40 >> "Content-Type: application/json; charset=UTF-8[\r][\n]"
16:19:19.883 [pool-2-thread-31] DEBUG org.apache.http.wire -- http-outgoing-40 >> "Content-Length: 45[\r][\n]"
16:19:19.883 [pool-2-thread-31] DEBUG org.apache.http.wire -- http-outgoing-40 >> "Host: localhost:3000[\r][\n]"
16:19:19.883 [pool-2-thread-31] DEBUG org.apache.http.wire -- http-outgoing-40 >> "Connection: Keep-Alive[\r][\n]"
16:19:19.883 [pool-2-thread-31] DEBUG org.apache.http.wire -- http-outgoing-40 >> "User-Agent: Apache-HttpClient/4.5.14 (Java/17.0.9)[\r][\n]"
16:19:19.883 [pool-2-thread-31] DEBUG org.apache.http.wire -- http-outgoing-40 >> "Accept-Encoding: gzip,deflate[\r][\n]"
16:19:19.883 [pool-2-thread-31] DEBUG org.apache.http.wire -- http-outgoing-40 >> "[\r][\n]"
16:19:19.883 [pool-2-thread-31] DEBUG org.apache.http.wire -- http-outgoing-40 >> "{"email":"nam@gmail.com","password":"123456"}"
16:19:19.889 [pool-2-thread-9] DEBUG org.apache.http.impl.conn.DefaultHttpClientConnectionOperator -- Connecting to localhost/127.0.0.1:3000
16:19:19.892 [pool-2-thread-27] DEBUG org.apache.http.impl.conn.DefaultHttpClientConnectionOperator -- Connecting to localhost/127.0.0.1:3000
16:19:19.893 [pool-2-thread-9] DEBUG org.apache.http.impl.conn.DefaultHttpClientConnectionOperator -- Connection established 127.0.0.1:51385<->127.0.0.1:3000
16:19:19.893 [pool-2-thread-9] DEBUG org.apache.http.impl.conn.DefaultManagedHttpClientConnection -- http-outgoing-84: set socket timeout to 30000
16:19:19.893 [pool-2-thread-9] DEBUG org.apache.http.impl.execchain.MainClientExec -- Executing request POST /auth/login HTTP/1.1
16:19:19.893 [pool-2-thread-9] DEBUG org.apache.http.impl.execchain.MainClientExec -- Target auth state: UNCHALLENGED
16:19:19.893 [pool-2-thread-9] DEBUG org.apache.http.impl.execchain.MainClientExec -- Proxy auth state: UNCHALLENGED
16:19:19.894 [pool-2-thread-9] DEBUG org.apache.http.headers -- http-outgoing-84 >> POST /auth/login HTTP/1.1
16:19:19.894 [pool-2-thread-9] DEBUG org.apache.http.headers -- http-outgoing-84 >> Content-Type: application/json; charset=UTF-8
16:19:19.894 [pool-2-thread-9] DEBUG org.apache.http.headers -- http-outgoing-84 >> Content-Length: 53
16:19:19.894 [pool-2-thread-9] DEBUG org.apache.http.headers -- http-outgoing-84 >> Host: localhost:3000
16:19:19.894 [pool-2-thread-9] DEBUG org.apache.http.headers -- http-outgoing-84 >> Connection: Keep-Alive
16:19:19.894 [pool-2-thread-9] DEBUG org.apache.http.headers -- http-outgoing-84 >> User-Agent: Apache-HttpClient/4.5.14 (Java/17.0.9)
16:19:19.894 [pool-2-thread-9] DEBUG org.apache.http.headers -- http-outgoing-84 >> Accept-Encoding: gzip,deflate
16:19:19.894 [pool-2-thread-9] DEBUG org.apache.http.wire -- http-outgoing-84 >> "POST /auth/login HTTP/1.1[\r][\n]"
16:19:19.894 [pool-2-thread-9] DEBUG org.apache.http.wire -- http-outgoing-84 >> "Content-Type: application/json; charset=UTF-8[\r][\n]"
16:19:19.894 [pool-2-thread-9] DEBUG org.apache.http.wire -- http-outgoing-84 >> "Content-Length: 53[\r][\n]"
16:19:19.894 [pool-2-thread-9] DEBUG org.apache.http.wire -- http-outgoing-84 >> "Host: localhost:3000[\r][\n]"
16:19:19.894 [pool-2-thread-9] DEBUG org.apache.http.wire -- http-outgoing-84 >> "Connection: Keep-Alive[\r][\n]"
16:19:19.894 [pool-2-thread-9] DEBUG org.apache.http.wire -- http-outgoing-84 >> "User-Agent: Apache-HttpClient/4.5.14 (Java/17.0.9)[\r][\n]"
16:19:19.894 [pool-2-thread-9] DEBUG org.apache.http.wire -- http-outgoing-84 >> "Accept-Encoding: gzip,deflate[\r][\n]"
16:19:19.894 [pool-2-thread-9] DEBUG org.apache.http.wire -- http-outgoing-84 >> "[\r][\n]"
16:19:19.894 [pool-2-thread-9] DEBUG org.apache.http.wire -- http-outgoing-84 >> "{"email":"testit@gmail.com","password":"Password123"}"
16:19:19.896 [pool-2-thread-39] DEBUG org.apache.http.impl.conn.DefaultHttpClientConnectionOperator -- Connecting to localhost/127.0.0.1:3000
16:19:19.896 [pool-2-thread-27] DEBUG org.apache.http.impl.conn.DefaultHttpClientConnectionOperator -- Connection established 127.0.0.1:51386<->127.0.0.1:3000
16:19:19.897 [pool-2-thread-27] DEBUG org.apache.http.impl.conn.DefaultManagedHttpClientConnection -- http-outgoing-96: set socket timeout to 30000
16:19:19.897 [pool-2-thread-27] DEBUG org.apache.http.impl.execchain.MainClientExec -- Executing request POST /auth/login HTTP/1.1
16:19:19.897 [pool-2-thread-40] DEBUG org.apache.http.impl.conn.DefaultHttpClientConnectionOperator -- Connection established 127.0.0.1:51383<->127.0.0.1:3000
16:19:19.897 [pool-2-thread-40] DEBUG org.apache.http.impl.conn.DefaultManagedHttpClientConnection -- http-outgoing-43: set socket timeout to 30000
16:19:19.897 [pool-2-thread-40] DEBUG org.apache.http.impl.execchain.MainClientExec -- Executing request POST /auth/login HTTP/1.1
16:19:19.897 [pool-2-thread-39] DEBUG org.apache.http.impl.conn.DefaultHttpClientConnectionOperator -- Connection established 127.0.0.1:51387<->127.0.0.1:3000
16:19:19.897 [pool-2-thread-39] DEBUG org.apache.http.impl.conn.DefaultManagedHttpClientConnection -- http-outgoing-53: set socket timeout to 30000
16:19:19.897 [pool-2-thread-39] DEBUG org.apache.http.impl.execchain.MainClientExec -- Executing request POST /auth/login HTTP/1.1
16:19:19.897 [pool-2-thread-39] DEBUG org.apache.http.impl.execchain.MainClientExec -- Target auth state: UNCHALLENGED
16:19:19.897 [pool-2-thread-39] DEBUG org.apache.http.impl.execchain.MainClientExec -- Proxy auth state: UNCHALLENGED
16:19:19.897 [pool-2-thread-3] DEBUG org.apache.http.impl.conn.DefaultHttpClientConnectionOperator -- Connecting to localhost/127.0.0.1:3000
16:19:19.830 [pool-2-thread-16] DEBUG org.apache.http.impl.conn.PoolingHttpClientConnectionManager -- Connection leased: [id: 2][route: {}->http://localhost:3000][total available: 0; route allocated: 1 of 5; total allocated: 1 of 10]
16:19:19.898 [pool-2-thread-39] DEBUG org.apache.http.headers -- http-outgoing-53 >> POST /auth/login HTTP/1.1
16:19:19.898 [pool-2-thread-16] DEBUG org.apache.http.impl.execchain.MainClientExec -- Opening connection {}->http://localhost:3000
16:19:19.898 [pool-2-thread-16] DEBUG org.apache.http.impl.conn.DefaultHttpClientConnectionOperator -- Connecting to localhost/127.0.0.1:3000
16:19:19.899 [pool-2-thread-16] DEBUG org.apache.http.impl.conn.DefaultHttpClientConnectionOperator -- Connection established 127.0.0.1:51389<->127.0.0.1:3000
16:19:19.899 [pool-2-thread-16] DEBUG org.apache.http.impl.conn.DefaultManagedHttpClientConnection -- http-outgoing-57: set socket timeout to 30000
16:19:19.899 [pool-2-thread-16] DEBUG org.apache.http.impl.execchain.MainClientExec -- Executing request POST /auth/login HTTP/1.1
16:19:19.899 [pool-2-thread-16] DEBUG org.apache.http.impl.execchain.MainClientExec -- Target auth state: UNCHALLENGED
16:19:19.899 [pool-2-thread-16] DEBUG org.apache.http.impl.execchain.MainClientExec -- Proxy auth state: UNCHALLENGED
16:19:19.900 [pool-2-thread-66] DEBUG org.apache.http.impl.conn.DefaultHttpClientConnectionOperator -- Connecting to localhost/127.0.0.1:3000
16:19:19.830 [pool-2-thread-45] DEBUG org.apache.http.impl.conn.PoolingHttpClientConnectionManager -- Connection leased: [id: 22][route: {}->http://localhost:3000][total available: 0; route allocated: 1 of 5; total allocated: 1 of 10]
16:19:19.830 [pool-2-thread-7] DEBUG org.apache.http.impl.conn.PoolingHttpClientConnectionManager -- Connection leased: [id: 6][route: {}->http://localhost:3000][total available: 0; route allocated: 1 of 5; total allocated: 1 of 10]
16:19:19.900 [pool-2-thread-45] DEBUG org.apache.http.impl.execchain.MainClientExec -- Opening connection {}->http://localhost:3000
16:19:19.900 [pool-2-thread-7] DEBUG org.apache.http.impl.execchain.MainClientExec -- Opening connection {}->http://localhost:3000
16:19:19.900 [pool-2-thread-66] DEBUG org.apache.http.impl.conn.DefaultHttpClientConnectionOperator -- Connection established 127.0.0.1:51390<->127.0.0.1:3000
16:19:19.900 [pool-2-thread-66] DEBUG org.apache.http.impl.conn.DefaultManagedHttpClientConnection -- http-outgoing-99: set socket timeout to 30000
16:19:19.900 [pool-2-thread-45] DEBUG org.apache.http.impl.conn.DefaultHttpClientConnectionOperator -- Connecting to localhost/127.0.0.1:3000
16:19:19.900 [pool-2-thread-52] DEBUG org.apache.http.impl.conn.DefaultHttpClientConnectionOperator -- Connecting to localhost/127.0.0.1:3000
16:19:19.901 [pool-2-thread-45] DEBUG org.apache.http.impl.conn.DefaultHttpClientConnectionOperator -- Connection established 127.0.0.1:51391<->127.0.0.1:3000
16:19:19.901 [pool-2-thread-52] DEBUG org.apache.http.impl.conn.DefaultHttpClientConnectionOperator -- Connection established 127.0.0.1:51392<->127.0.0.1:3000
16:19:19.901 [pool-2-thread-1] DEBUG org.apache.http.impl.conn.DefaultHttpClientConnectionOperator -- Connecting to localhost/127.0.0.1:3000
16:19:19.901 [pool-2-thread-69] DEBUG org.apache.http.impl.conn.DefaultHttpClientConnectionOperator -- Connecting to localhost/127.0.0.1:3000
16:19:19.901 [pool-2-thread-6] DEBUG org.apache.http.impl.conn.DefaultHttpClientConnectionOperator -- Connecting to localhost/127.0.0.1:3000
16:19:19.901 [pool-2-thread-69] DEBUG org.apache.http.impl.conn.DefaultHttpClientConnectionOperator -- Connection established 127.0.0.1:51394<->127.0.0.1:3000
16:19:19.901 [pool-2-thread-69] DEBUG org.apache.http.impl.conn.DefaultManagedHttpClientConnection -- http-outgoing-32: set socket timeout to 30000
16:19:19.901 [pool-2-thread-69] DEBUG org.apache.http.impl.execchain.MainClientExec -- Executing request POST /auth/login HTTP/1.1
16:19:19.901 [pool-2-thread-69] DEBUG org.apache.http.impl.execchain.MainClientExec -- Target auth state: UNCHALLENGED
16:19:19.901 [pool-2-thread-69] DEBUG org.apache.http.impl.execchain.MainClientExec -- Proxy auth state: UNCHALLENGED
16:19:19.902 [pool-2-thread-69] DEBUG org.apache.http.headers -- http-outgoing-32 >> POST /auth/login HTTP/1.1
16:19:19.902 [pool-2-thread-69] DEBUG org.apache.http.headers -- http-outgoing-32 >> Content-Type: application/json; charset=UTF-8
16:19:19.902 [pool-2-thread-1] DEBUG org.apache.http.impl.conn.DefaultHttpClientConnectionOperator -- Connection established 127.0.0.1:51393<->127.0.0.1:3000
16:19:19.902 [pool-2-thread-1] DEBUG org.apache.http.impl.conn.DefaultManagedHttpClientConnection -- http-outgoing-85: set socket timeout to 30000
16:19:19.902 [pool-2-thread-1] DEBUG org.apache.http.impl.execchain.MainClientExec -- Executing request POST /auth/login HTTP/1.1
16:19:19.902 [pool-2-thread-1] DEBUG org.apache.http.impl.execchain.MainClientExec -- Target auth state: UNCHALLENGED
16:19:19.902 [pool-2-thread-1] DEBUG org.apache.http.impl.execchain.MainClientExec -- Proxy auth state: UNCHALLENGED
16:19:19.903 [pool-2-thread-1] DEBUG org.apache.http.headers -- http-outgoing-85 >> POST /auth/login HTTP/1.1
16:19:19.903 [pool-2-thread-1] DEBUG org.apache.http.headers -- http-outgoing-85 >> Content-Type: application/json; charset=UTF-8
16:19:19.903 [pool-2-thread-1] DEBUG org.apache.http.headers -- http-outgoing-85 >> Content-Length: 45
16:19:19.903 [pool-2-thread-1] DEBUG org.apache.http.headers -- http-outgoing-85 >> Host: localhost:3000
16:19:19.903 [pool-2-thread-1] DEBUG org.apache.http.headers -- http-outgoing-85 >> Connection: Keep-Alive
16:19:19.903 [pool-2-thread-38] DEBUG org.apache.http.impl.conn.DefaultHttpClientConnectionOperator -- Connecting to localhost/127.0.0.1:3000
16:19:19.903 [pool-2-thread-50] DEBUG org.apache.http.impl.conn.DefaultHttpClientConnectionOperator -- Connecting to localhost/127.0.0.1:3000
16:19:19.903 [pool-2-thread-80] DEBUG org.apache.http.impl.conn.DefaultHttpClientConnectionOperator -- Connecting to localhost/127.0.0.1:3000
16:19:19.903 [pool-2-thread-19] DEBUG org.apache.http.impl.conn.DefaultHttpClientConnectionOperator -- Connecting to localhost/127.0.0.1:3000
16:19:19.903 [pool-2-thread-73] DEBUG org.apache.http.impl.conn.DefaultHttpClientConnectionOperator -- Connecting to localhost/127.0.0.1:3000
16:19:19.903 [pool-2-thread-68] DEBUG org.apache.http.impl.conn.DefaultHttpClientConnectionOperator -- Connecting to localhost/127.0.0.1:3000
16:19:19.903 [pool-2-thread-19] DEBUG org.apache.http.impl.conn.DefaultHttpClientConnectionOperator -- Connection established 127.0.0.1:51397<->127.0.0.1:3000
16:19:19.903 [pool-2-thread-19] DEBUG org.apache.http.impl.conn.DefaultManagedHttpClientConnection -- http-outgoing-36: set socket timeout to 30000
16:19:19.903 [pool-2-thread-19] DEBUG org.apache.http.impl.execchain.MainClientExec -- Executing request POST /auth/login HTTP/1.1
16:19:19.903 [pool-2-thread-50] DEBUG org.apache.http.impl.conn.DefaultHttpClientConnectionOperator -- Connection established 127.0.0.1:51398<->127.0.0.1:3000
16:19:19.903 [pool-2-thread-50] DEBUG org.apache.http.impl.conn.DefaultManagedHttpClientConnection -- http-outgoing-45: set socket timeout to 30000
16:19:19.903 [pool-2-thread-50] DEBUG org.apache.http.impl.execchain.MainClientExec -- Executing request POST /auth/login HTTP/1.1
16:19:19.903 [pool-2-thread-50] DEBUG org.apache.http.impl.execchain.MainClientExec -- Target auth state: UNCHALLENGED
16:19:19.903 [pool-2-thread-8] DEBUG org.apache.http.impl.conn.DefaultHttpClientConnectionOperator -- Connecting to localhost/127.0.0.1:3000
16:19:19.904 [pool-2-thread-50] DEBUG org.apache.http.impl.execchain.MainClientExec -- Proxy auth state: UNCHALLENGED
16:19:19.904 [pool-2-thread-97] DEBUG org.apache.http.impl.conn.DefaultHttpClientConnectionOperator -- Connecting to localhost/127.0.0.1:3000
16:19:19.904 [pool-2-thread-50] DEBUG org.apache.http.headers -- http-outgoing-45 >> POST /auth/login HTTP/1.1
16:19:19.904 [pool-2-thread-50] DEBUG org.apache.http.headers -- http-outgoing-45 >> Content-Type: application/json; charset=UTF-8
16:19:19.904 [pool-2-thread-50] DEBUG org.apache.http.headers -- http-outgoing-45 >> Content-Length: 54
16:19:19.904 [pool-2-thread-50] DEBUG org.apache.http.headers -- http-outgoing-45 >> Host: localhost:3000
16:19:19.904 [pool-2-thread-50] DEBUG org.apache.http.headers -- http-outgoing-45 >> Connection: Keep-Alive
16:19:19.904 [pool-2-thread-50] DEBUG org.apache.http.headers -- http-outgoing-45 >> User-Agent: Apache-HttpClient/4.5.14 (Java/17.0.9)
16:19:19.904 [pool-2-thread-50] DEBUG org.apache.http.headers -- http-outgoing-45 >> Accept-Encoding: gzip,deflate
16:19:19.904 [pool-2-thread-50] DEBUG org.apache.http.wire -- http-outgoing-45 >> "POST /auth/login HTTP/1.1[\r][\n]"
16:19:19.904 [pool-2-thread-50] DEBUG org.apache.http.wire -- http-outgoing-45 >> "Content-Type: application/json; charset=UTF-8[\r][\n]"
16:19:19.904 [pool-2-thread-50] DEBUG org.apache.http.wire -- http-outgoing-45 >> "Content-Length: 54[\r][\n]"
16:19:19.904 [pool-2-thread-50] DEBUG org.apache.http.wire -- http-outgoing-45 >> "Host: localhost:3000[\r][\n]"
16:19:19.904 [pool-2-thread-50] DEBUG org.apache.http.wire -- http-outgoing-45 >> "Connection: Keep-Alive[\r][\n]"
16:19:19.904 [pool-2-thread-50] DEBUG org.apache.http.wire -- http-outgoing-45 >> "User-Agent: Apache-HttpClient/4.5.14 (Java/17.0.9)[\r][\n]"
16:19:19.904 [pool-2-thread-50] DEBUG org.apache.http.wire -- http-outgoing-45 >> "Accept-Encoding: gzip,deflate[\r][\n]"
16:19:19.904 [pool-2-thread-50] DEBUG org.apache.http.wire -- http-outgoing-45 >> "[\r][\n]"
16:19:19.904 [pool-2-thread-50] DEBUG org.apache.http.wire -- http-outgoing-45 >> "{"email":"testit2@gmail.com","password":"Password123"}"
16:19:19.902 [pool-2-thread-69] DEBUG org.apache.http.headers -- http-outgoing-32 >> Content-Length: 53
16:19:19.904 [pool-2-thread-69] DEBUG org.apache.http.headers -- http-outgoing-32 >> Host: localhost:3000
16:19:19.904 [pool-2-thread-69] DEBUG org.apache.http.headers -- http-outgoing-32 >> Connection: Keep-Alive
16:19:19.905 [pool-2-thread-69] DEBUG org.apache.http.headers -- http-outgoing-32 >> User-Agent: Apache-HttpClient/4.5.14 (Java/17.0.9)
16:19:19.905 [pool-2-thread-69] DEBUG org.apache.http.headers -- http-outgoing-32 >> Accept-Encoding: gzip,deflate
16:19:19.905 [pool-2-thread-97] DEBUG org.apache.http.impl.conn.DefaultHttpClientConnectionOperator -- Connection established 127.0.0.1:51403<->127.0.0.1:3000
16:19:19.905 [pool-2-thread-69] DEBUG org.apache.http.wire -- http-outgoing-32 >> "POST /auth/login HTTP/1.1[\r][\n]"
16:19:19.905 [pool-2-thread-69] DEBUG org.apache.http.wire -- http-outgoing-32 >> "Content-Type: application/json; charset=UTF-8[\r][\n]"
16:19:19.905 [pool-2-thread-97] DEBUG org.apache.http.impl.conn.DefaultManagedHttpClientConnection -- http-outgoing-94: set socket timeout to 30000
16:19:19.830 [pool-2-thread-100] DEBUG org.apache.http.impl.conn.PoolingHttpClientConnectionManager -- Connection leased: [id: 24][route: {}->http://localhost:3000][total available: 0; route allocated: 1 of 5; total allocated: 1 of 10]
16:19:19.905 [pool-2-thread-100] DEBUG org.apache.http.impl.execchain.MainClientExec -- Opening connection {}->http://localhost:3000
16:19:19.905 [pool-2-thread-100] DEBUG org.apache.http.impl.conn.DefaultHttpClientConnectionOperator -- Connecting to localhost/127.0.0.1:3000
16:19:19.907 [pool-2-thread-100] DEBUG org.apache.http.impl.conn.DefaultHttpClientConnectionOperator -- Connection established 127.0.0.1:51404<->127.0.0.1:3000
16:19:19.907 [pool-2-thread-100] DEBUG org.apache.http.impl.conn.DefaultManagedHttpClientConnection -- http-outgoing-25: set socket timeout to 30000
16:19:19.907 [pool-2-thread-100] DEBUG org.apache.http.impl.execchain.MainClientExec -- Executing request POST /auth/login HTTP/1.1
16:19:19.907 [pool-2-thread-100] DEBUG org.apache.http.impl.execchain.MainClientExec -- Target auth state: UNCHALLENGED
16:19:19.907 [pool-2-thread-100] DEBUG org.apache.http.impl.execchain.MainClientExec -- Proxy auth state: UNCHALLENGED
16:19:19.907 [pool-2-thread-100] DEBUG org.apache.http.headers -- http-outgoing-25 >> POST /auth/login HTTP/1.1
16:19:19.907 [pool-2-thread-100] DEBUG org.apache.http.headers -- http-outgoing-25 >> Content-Type: application/json; charset=UTF-8
16:19:19.907 [pool-2-thread-100] DEBUG org.apache.http.headers -- http-outgoing-25 >> Content-Length: 54
16:19:19.907 [pool-2-thread-100] DEBUG org.apache.http.headers -- http-outgoing-25 >> Host: localhost:3000
16:19:19.907 [pool-2-thread-100] DEBUG org.apache.http.headers -- http-outgoing-25 >> Connection: Keep-Alive
16:19:19.907 [pool-2-thread-100] DEBUG org.apache.http.headers -- http-outgoing-25 >> User-Agent: Apache-HttpClient/4.5.14 (Java/17.0.9)
16:19:19.907 [pool-2-thread-100] DEBUG org.apache.http.headers -- http-outgoing-25 >> Accept-Encoding: gzip,deflate
16:19:19.907 [pool-2-thread-100] DEBUG org.apache.http.wire -- http-outgoing-25 >> "POST /auth/login HTTP/1.1[\r][\n]"
16:19:19.907 [pool-2-thread-100] DEBUG org.apache.http.wire -- http-outgoing-25 >> "Content-Type: application/json; charset=UTF-8[\r][\n]"
16:19:19.907 [pool-2-thread-100] DEBUG org.apache.http.wire -- http-outgoing-25 >> "Content-Length: 54[\r][\n]"
16:19:19.907 [pool-2-thread-100] DEBUG org.apache.http.wire -- http-outgoing-25 >> "Host: localhost:3000[\r][\n]"
16:19:19.907 [pool-2-thread-100] DEBUG org.apache.http.wire -- http-outgoing-25 >> "Connection: Keep-Alive[\r][\n]"
16:19:19.907 [pool-2-thread-100] DEBUG org.apache.http.wire -- http-outgoing-25 >> "User-Agent: Apache-HttpClient/4.5.14 (Java/17.0.9)[\r][\n]"
16:19:19.907 [pool-2-thread-100] DEBUG org.apache.http.wire -- http-outgoing-25 >> "Accept-Encoding: gzip,deflate[\r][\n]"
16:19:19.907 [pool-2-thread-100] DEBUG org.apache.http.wire -- http-outgoing-25 >> "[\r][\n]"
16:19:19.907 [pool-2-thread-100] DEBUG org.apache.http.wire -- http-outgoing-25 >> "{"email":"testit2@gmail.com","password":"Password123"}"
16:19:19.910 [pool-2-thread-93] DEBUG org.apache.http.impl.conn.DefaultHttpClientConnectionOperator -- Connecting to localhost/127.0.0.1:3000
16:19:19.911 [pool-2-thread-93] DEBUG org.apache.http.impl.conn.DefaultHttpClientConnectionOperator -- Connection established 127.0.0.1:51405<->127.0.0.1:3000
16:19:19.911 [pool-2-thread-93] DEBUG org.apache.http.impl.conn.DefaultManagedHttpClientConnection -- http-outgoing-44: set socket timeout to 30000
16:19:19.911 [pool-2-thread-93] DEBUG org.apache.http.impl.execchain.MainClientExec -- Executing request POST /auth/login HTTP/1.1
16:19:19.911 [pool-2-thread-93] DEBUG org.apache.http.impl.execchain.MainClientExec -- Target auth state: UNCHALLENGED
16:19:19.911 [pool-2-thread-93] DEBUG org.apache.http.impl.execchain.MainClientExec -- Proxy auth state: UNCHALLENGED
16:19:19.911 [pool-2-thread-84] DEBUG org.apache.http.impl.conn.DefaultHttpClientConnectionOperator -- Connecting to localhost/127.0.0.1:3000
16:19:19.912 [pool-2-thread-98] DEBUG org.apache.http.impl.conn.DefaultHttpClientConnectionOperator -- Connecting to localhost/127.0.0.1:3000
16:19:19.912 [pool-2-thread-32] DEBUG org.apache.http.impl.conn.DefaultHttpClientConnectionOperator -- Connecting to localhost/127.0.0.1:3000
16:19:19.912 [pool-2-thread-29] DEBUG org.apache.http.impl.conn.DefaultHttpClientConnectionOperator -- Connecting to localhost/127.0.0.1:3000
16:19:19.912 [pool-2-thread-29] DEBUG org.apache.http.impl.conn.DefaultHttpClientConnectionOperator -- Connection established 127.0.0.1:51408<->127.0.0.1:3000
16:19:19.912 [pool-2-thread-29] DEBUG org.apache.http.impl.conn.DefaultManagedHttpClientConnection -- http-outgoing-22: set socket timeout to 30000
16:19:19.912 [pool-2-thread-29] DEBUG org.apache.http.impl.execchain.MainClientExec -- Executing request POST /auth/login HTTP/1.1
16:19:19.912 [pool-2-thread-29] DEBUG org.apache.http.impl.execchain.MainClientExec -- Target auth state: UNCHALLENGED
16:19:19.912 [pool-2-thread-29] DEBUG org.apache.http.impl.execchain.MainClientExec -- Proxy auth state: UNCHALLENGED
16:19:19.912 [pool-2-thread-98] DEBUG org.apache.http.impl.conn.DefaultHttpClientConnectionOperator -- Connection established 127.0.0.1:51409<->127.0.0.1:3000
16:19:19.912 [pool-2-thread-98] DEBUG org.apache.http.impl.conn.DefaultManagedHttpClientConnection -- http-outgoing-19: set socket timeout to 30000
16:19:19.912 [pool-2-thread-29] DEBUG org.apache.http.headers -- http-outgoing-22 >> POST /auth/login HTTP/1.1
16:19:19.912 [pool-2-thread-29] DEBUG org.apache.http.headers -- http-outgoing-22 >> Content-Type: application/json; charset=UTF-8
16:19:19.912 [pool-2-thread-29] DEBUG org.apache.http.headers -- http-outgoing-22 >> Content-Length: 53
16:19:19.912 [pool-2-thread-29] DEBUG org.apache.http.headers -- http-outgoing-22 >> Host: localhost:3000
16:19:19.912 [pool-2-thread-29] DEBUG org.apache.http.headers -- http-outgoing-22 >> Connection: Keep-Alive
16:19:19.912 [pool-2-thread-29] DEBUG org.apache.http.headers -- http-outgoing-22 >> User-Agent: Apache-HttpClient/4.5.14 (Java/17.0.9)
16:19:19.912 [pool-2-thread-98] DEBUG org.apache.http.impl.execchain.MainClientExec -- Executing request POST /auth/login HTTP/1.1
16:19:19.913 [pool-2-thread-29] DEBUG org.apache.http.headers -- http-outgoing-22 >> Accept-Encoding: gzip,deflate
16:19:19.913 [pool-2-thread-98] DEBUG org.apache.http.impl.execchain.MainClientExec -- Target auth state: UNCHALLENGED
16:19:19.913 [pool-2-thread-98] DEBUG org.apache.http.impl.execchain.MainClientExec -- Proxy auth state: UNCHALLENGED
16:19:19.913 [pool-2-thread-29] DEBUG org.apache.http.wire -- http-outgoing-22 >> "POST /auth/login HTTP/1.1[\r][\n]"
16:19:19.913 [pool-2-thread-29] DEBUG org.apache.http.wire -- http-outgoing-22 >> "Content-Type: application/json; charset=UTF-8[\r][\n]"
16:19:19.913 [pool-2-thread-29] DEBUG org.apache.http.wire -- http-outgoing-22 >> "Content-Length: 53[\r][\n]"
16:19:19.913 [pool-2-thread-29] DEBUG org.apache.http.wire -- http-outgoing-22 >> "Host: localhost:3000[\r][\n]"
16:19:19.913 [pool-2-thread-29] DEBUG org.apache.http.wire -- http-outgoing-22 >> "Connection: Keep-Alive[\r][\n]"
16:19:19.913 [pool-2-thread-29] DEBUG org.apache.http.wire -- http-outgoing-22 >> "User-Agent: Apache-HttpClient/4.5.14 (Java/17.0.9)[\r][\n]"
16:19:19.913 [pool-2-thread-29] DEBUG org.apache.http.wire -- http-outgoing-22 >> "Accept-Encoding: gzip,deflate[\r][\n]"
16:19:19.913 [pool-2-thread-29] DEBUG org.apache.http.wire -- http-outgoing-22 >> "[\r][\n]"
16:19:19.913 [pool-2-thread-29] DEBUG org.apache.http.wire -- http-outgoing-22 >> "{"email":"testit@gmail.com","password":"Password123"}"
16:19:19.913 [pool-2-thread-32] DEBUG org.apache.http.impl.conn.DefaultHttpClientConnectionOperator -- Connection established 127.0.0.1:51407<->127.0.0.1:3000
16:19:19.913 [pool-2-thread-32] DEBUG org.apache.http.impl.conn.DefaultManagedHttpClientConnection -- http-outgoing-14: set socket timeout to 30000
16:19:19.913 [pool-2-thread-32] DEBUG org.apache.http.impl.execchain.MainClientExec -- Executing request POST /auth/login HTTP/1.1
16:19:19.913 [pool-2-thread-32] DEBUG org.apache.http.impl.execchain.MainClientExec -- Target auth state: UNCHALLENGED
16:19:19.913 [pool-2-thread-32] DEBUG org.apache.http.impl.execchain.MainClientExec -- Proxy auth state: UNCHALLENGED
16:19:19.913 [pool-2-thread-32] DEBUG org.apache.http.headers -- http-outgoing-14 >> POST /auth/login HTTP/1.1
16:19:19.913 [pool-2-thread-32] DEBUG org.apache.http.headers -- http-outgoing-14 >> Content-Type: application/json; charset=UTF-8
16:19:19.913 [pool-2-thread-32] DEBUG org.apache.http.headers -- http-outgoing-14 >> Content-Length: 48
16:19:19.913 [pool-2-thread-32] DEBUG org.apache.http.headers -- http-outgoing-14 >> Host: localhost:3000
16:19:19.913 [pool-2-thread-32] DEBUG org.apache.http.headers -- http-outgoing-14 >> Connection: Keep-Alive
16:19:19.913 [pool-2-thread-32] DEBUG org.apache.http.headers -- http-outgoing-14 >> User-Agent: Apache-HttpClient/4.5.14 (Java/17.0.9)
16:19:19.913 [pool-2-thread-32] DEBUG org.apache.http.headers -- http-outgoing-14 >> Accept-Encoding: gzip,deflate
16:19:19.914 [pool-2-thread-32] DEBUG org.apache.http.wire -- http-outgoing-14 >> "POST /auth/login HTTP/1.1[\r][\n]"
16:19:19.914 [pool-2-thread-32] DEBUG org.apache.http.wire -- http-outgoing-14 >> "Content-Type: application/json; charset=UTF-8[\r][\n]"
16:19:19.914 [pool-2-thread-32] DEBUG org.apache.http.wire -- http-outgoing-14 >> "Content-Length: 48[\r][\n]"
16:19:19.914 [pool-2-thread-32] DEBUG org.apache.http.wire -- http-outgoing-14 >> "Host: localhost:3000[\r][\n]"
16:19:19.914 [pool-2-thread-32] DEBUG org.apache.http.wire -- http-outgoing-14 >> "Connection: Keep-Alive[\r][\n]"
16:19:19.914 [pool-2-thread-32] DEBUG org.apache.http.wire -- http-outgoing-14 >> "User-Agent: Apache-HttpClient/4.5.14 (Java/17.0.9)[\r][\n]"
16:19:19.914 [pool-2-thread-32] DEBUG org.apache.http.wire -- http-outgoing-14 >> "Accept-Encoding: gzip,deflate[\r][\n]"
16:19:19.914 [pool-2-thread-32] DEBUG org.apache.http.wire -- http-outgoing-14 >> "[\r][\n]"
16:19:19.914 [pool-2-thread-32] DEBUG org.apache.http.wire -- http-outgoing-14 >> "{"email":"quang1@gmail.com","password":"quang1"}"
16:19:19.830 [pool-2-thread-28] DEBUG org.apache.http.impl.conn.PoolingHttpClientConnectionManager -- Connection leased: [id: 25][route: {}->http://localhost:3000][total available: 0; route allocated: 1 of 5; total allocated: 1 of 10]
16:19:19.914 [pool-2-thread-93] DEBUG org.apache.http.headers -- http-outgoing-44 >> POST /auth/login HTTP/1.1
16:19:19.831 [pool-2-thread-83] DEBUG org.apache.http.impl.conn.PoolingHttpClientConnectionManager -- Connection leased: [id: 26][route: {}->http://localhost:3000][total available: 0; route allocated: 1 of 5; total allocated: 1 of 10]
16:19:19.915 [pool-2-thread-93] DEBUG org.apache.http.headers -- http-outgoing-44 >> Content-Type: application/json; charset=UTF-8
16:19:19.915 [pool-2-thread-93] DEBUG org.apache.http.headers -- http-outgoing-44 >> Content-Length: 53
16:19:19.915 [pool-2-thread-93] DEBUG org.apache.http.headers -- http-outgoing-44 >> Host: localhost:3000
16:19:19.915 [pool-2-thread-93] DEBUG org.apache.http.headers -- http-outgoing-44 >> Connection: Keep-Alive
16:19:19.915 [pool-2-thread-93] DEBUG org.apache.http.headers -- http-outgoing-44 >> User-Agent: Apache-HttpClient/4.5.14 (Java/17.0.9)
16:19:19.915 [pool-2-thread-93] DEBUG org.apache.http.headers -- http-outgoing-44 >> Accept-Encoding: gzip,deflate
16:19:19.915 [pool-2-thread-93] DEBUG org.apache.http.wire -- http-outgoing-44 >> "POST /auth/login HTTP/1.1[\r][\n]"
16:19:19.915 [pool-2-thread-93] DEBUG org.apache.http.wire -- http-outgoing-44 >> "Content-Type: application/json; charset=UTF-8[\r][\n]"
16:19:19.915 [pool-2-thread-93] DEBUG org.apache.http.wire -- http-outgoing-44 >> "Content-Length: 53[\r][\n]"
16:19:19.915 [pool-2-thread-93] DEBUG org.apache.http.wire -- http-outgoing-44 >> "Host: localhost:3000[\r][\n]"
16:19:19.915 [pool-2-thread-93] DEBUG org.apache.http.wire -- http-outgoing-44 >> "Connection: Keep-Alive[\r][\n]"
16:19:19.915 [pool-2-thread-93] DEBUG org.apache.http.wire -- http-outgoing-44 >> "User-Agent: Apache-HttpClient/4.5.14 (Java/17.0.9)[\r][\n]"
16:19:19.915 [pool-2-thread-93] DEBUG org.apache.http.wire -- http-outgoing-44 >> "Accept-Encoding: gzip,deflate[\r][\n]"
16:19:19.915 [pool-2-thread-93] DEBUG org.apache.http.wire -- http-outgoing-44 >> "[\r][\n]"
16:19:19.915 [pool-2-thread-93] DEBUG org.apache.http.wire -- http-outgoing-44 >> "{"email":"test@example.com","password":"Password123"}"
16:19:19.831 [pool-2-thread-49] DEBUG org.apache.http.impl.conn.PoolingHttpClientConnectionManager -- Connection leased: [id: 27][route: {}->http://localhost:3000][total available: 0; route allocated: 1 of 5; total allocated: 1 of 10]
16:19:19.915 [pool-2-thread-49] DEBUG org.apache.http.impl.execchain.MainClientExec -- Opening connection {}->http://localhost:3000
16:19:19.916 [pool-2-thread-49] DEBUG org.apache.http.impl.conn.DefaultHttpClientConnectionOperator -- Connecting to localhost/127.0.0.1:3000
16:19:19.917 [pool-2-thread-49] DEBUG org.apache.http.impl.conn.DefaultHttpClientConnectionOperator -- Connection established 127.0.0.1:51410<->127.0.0.1:3000
16:19:19.918 [pool-2-thread-49] DEBUG org.apache.http.impl.conn.DefaultManagedHttpClientConnection -- http-outgoing-55: set socket timeout to 30000
16:19:19.918 [pool-2-thread-49] DEBUG org.apache.http.impl.execchain.MainClientExec -- Executing request POST /auth/login HTTP/1.1
16:19:19.918 [pool-2-thread-49] DEBUG org.apache.http.impl.execchain.MainClientExec -- Target auth state: UNCHALLENGED
16:19:19.918 [pool-2-thread-49] DEBUG org.apache.http.impl.execchain.MainClientExec -- Proxy auth state: UNCHALLENGED
16:19:19.918 [pool-2-thread-49] DEBUG org.apache.http.headers -- http-outgoing-55 >> POST /auth/login HTTP/1.1
16:19:19.918 [pool-2-thread-49] DEBUG org.apache.http.headers -- http-outgoing-55 >> Content-Type: application/json; charset=UTF-8
16:19:19.918 [pool-2-thread-49] DEBUG org.apache.http.headers -- http-outgoing-55 >> Content-Length: 53
16:19:19.918 [pool-2-thread-49] DEBUG org.apache.http.headers -- http-outgoing-55 >> Host: localhost:3000
16:19:19.918 [pool-2-thread-49] DEBUG org.apache.http.headers -- http-outgoing-55 >> Connection: Keep-Alive
16:19:19.918 [pool-2-thread-49] DEBUG org.apache.http.headers -- http-outgoing-55 >> User-Agent: Apache-HttpClient/4.5.14 (Java/17.0.9)
16:19:19.918 [pool-2-thread-49] DEBUG org.apache.http.headers -- http-outgoing-55 >> Accept-Encoding: gzip,deflate
16:19:19.918 [pool-2-thread-49] DEBUG org.apache.http.wire -- http-outgoing-55 >> "POST /auth/login HTTP/1.1[\r][\n]"
16:19:19.918 [pool-2-thread-49] DEBUG org.apache.http.wire -- http-outgoing-55 >> "Content-Type: application/json; charset=UTF-8[\r][\n]"
16:19:19.918 [pool-2-thread-49] DEBUG org.apache.http.wire -- http-outgoing-55 >> "Content-Length: 53[\r][\n]"
16:19:19.918 [pool-2-thread-49] DEBUG org.apache.http.wire -- http-outgoing-55 >> "Host: localhost:3000[\r][\n]"
16:19:19.918 [pool-2-thread-49] DEBUG org.apache.http.wire -- http-outgoing-55 >> "Connection: Keep-Alive[\r][\n]"
16:19:19.918 [pool-2-thread-49] DEBUG org.apache.http.wire -- http-outgoing-55 >> "User-Agent: Apache-HttpClient/4.5.14 (Java/17.0.9)[\r][\n]"
16:19:19.918 [pool-2-thread-49] DEBUG org.apache.http.wire -- http-outgoing-55 >> "Accept-Encoding: gzip,deflate[\r][\n]"
16:19:19.918 [pool-2-thread-49] DEBUG org.apache.http.wire -- http-outgoing-55 >> "[\r][\n]"
16:19:19.918 [pool-2-thread-49] DEBUG org.apache.http.wire -- http-outgoing-55 >> "{"email":"testit@gmail.com","password":"Password123"}"
16:19:19.831 [pool-2-thread-88] DEBUG org.apache.http.impl.conn.PoolingHttpClientConnectionManager -- Connection leased: [id: 28][route: {}->http://localhost:3000][total available: 0; route allocated: 1 of 5; total allocated: 1 of 10]
16:19:19.831 [pool-2-thread-77] DEBUG org.apache.http.impl.conn.PoolingHttpClientConnectionManager -- Connection leased: [id: 32][route: {}->http://localhost:3000][total available: 0; route allocated: 1 of 5; total allocated: 1 of 10]
16:19:19.921 [pool-2-thread-77] DEBUG org.apache.http.impl.execchain.MainClientExec -- Opening connection {}->http://localhost:3000
16:19:19.921 [pool-2-thread-88] DEBUG org.apache.http.impl.execchain.MainClientExec -- Opening connection {}->http://localhost:3000
16:19:19.921 [pool-2-thread-88] DEBUG org.apache.http.impl.conn.DefaultHttpClientConnectionOperator -- Connecting to localhost/127.0.0.1:3000
16:19:19.922 [pool-2-thread-88] DEBUG org.apache.http.impl.conn.DefaultHttpClientConnectionOperator -- Connection established 127.0.0.1:51411<->127.0.0.1:3000
16:19:19.923 [pool-2-thread-88] DEBUG org.apache.http.impl.conn.DefaultManagedHttpClientConnection -- http-outgoing-52: set socket timeout to 30000
16:19:19.923 [pool-2-thread-88] DEBUG org.apache.http.impl.execchain.MainClientExec -- Executing request POST /auth/login HTTP/1.1
16:19:19.923 [pool-2-thread-88] DEBUG org.apache.http.impl.execchain.MainClientExec -- Target auth state: UNCHALLENGED
16:19:19.923 [pool-2-thread-88] DEBUG org.apache.http.impl.execchain.MainClientExec -- Proxy auth state: UNCHALLENGED
16:19:19.923 [pool-2-thread-88] DEBUG org.apache.http.headers -- http-outgoing-52 >> POST /auth/login HTTP/1.1
16:19:19.923 [pool-2-thread-88] DEBUG org.apache.http.headers -- http-outgoing-52 >> Content-Type: application/json; charset=UTF-8
16:19:19.923 [pool-2-thread-88] DEBUG org.apache.http.headers -- http-outgoing-52 >> Content-Length: 54
16:19:19.923 [pool-2-thread-88] DEBUG org.apache.http.headers -- http-outgoing-52 >> Host: localhost:3000
16:19:19.923 [pool-2-thread-88] DEBUG org.apache.http.headers -- http-outgoing-52 >> Connection: Keep-Alive
16:19:19.923 [pool-2-thread-88] DEBUG org.apache.http.headers -- http-outgoing-52 >> User-Agent: Apache-HttpClient/4.5.14 (Java/17.0.9)
16:19:19.923 [pool-2-thread-88] DEBUG org.apache.http.headers -- http-outgoing-52 >> Accept-Encoding: gzip,deflate
16:19:19.923 [pool-2-thread-88] DEBUG org.apache.http.wire -- http-outgoing-52 >> "POST /auth/login HTTP/1.1[\r][\n]"
16:19:19.923 [pool-2-thread-88] DEBUG org.apache.http.wire -- http-outgoing-52 >> "Content-Type: application/json; charset=UTF-8[\r][\n]"
16:19:19.923 [pool-2-thread-88] DEBUG org.apache.http.wire -- http-outgoing-52 >> "Content-Length: 54[\r][\n]"
16:19:19.923 [pool-2-thread-88] DEBUG org.apache.http.wire -- http-outgoing-52 >> "Host: localhost:3000[\r][\n]"
16:19:19.923 [pool-2-thread-88] DEBUG org.apache.http.wire -- http-outgoing-52 >> "Connection: Keep-Alive[\r][\n]"
16:19:19.923 [pool-2-thread-88] DEBUG org.apache.http.wire -- http-outgoing-52 >> "User-Agent: Apache-HttpClient/4.5.14 (Java/17.0.9)[\r][\n]"
16:19:19.923 [pool-2-thread-88] DEBUG org.apache.http.wire -- http-outgoing-52 >> "Accept-Encoding: gzip,deflate[\r][\n]"
16:19:19.923 [pool-2-thread-88] DEBUG org.apache.http.wire -- http-outgoing-52 >> "[\r][\n]"
16:19:19.923 [pool-2-thread-88] DEBUG org.apache.http.wire -- http-outgoing-52 >> "{"email":"testit5@gmail.com","password":"Password123"}"
16:19:19.831 [pool-2-thread-82] DEBUG org.apache.http.impl.conn.PoolingHttpClientConnectionManager -- Connection leased: [id: 31][route: {}->http://localhost:3000][total available: 0; route allocated: 1 of 5; total allocated: 1 of 10]
16:19:19.925 [pool-2-thread-82] DEBUG org.apache.http.impl.execchain.MainClientExec -- Opening connection {}->http://localhost:3000
16:19:19.831 [pool-2-thread-47] DEBUG org.apache.http.impl.conn.PoolingHttpClientConnectionManager -- Connection leased: [id: 33][route: {}->http://localhost:3000][total available: 0; route allocated: 1 of 5; total allocated: 1 of 10]
16:19:19.927 [pool-2-thread-47] DEBUG org.apache.http.impl.execchain.MainClientExec -- Opening connection {}->http://localhost:3000
16:19:19.928 [pool-2-thread-47] DEBUG org.apache.http.impl.conn.DefaultHttpClientConnectionOperator -- Connecting to localhost/127.0.0.1:3000
16:19:19.928 [pool-2-thread-82] DEBUG org.apache.http.impl.conn.DefaultHttpClientConnectionOperator -- Connecting to localhost/127.0.0.1:3000
16:19:19.929 [pool-2-thread-47] DEBUG org.apache.http.impl.conn.DefaultHttpClientConnectionOperator -- Connection established 127.0.0.1:51412<->127.0.0.1:3000
16:19:19.929 [pool-2-thread-47] DEBUG org.apache.http.impl.conn.DefaultManagedHttpClientConnection -- http-outgoing-3: set socket timeout to 30000
16:19:19.929 [pool-2-thread-47] DEBUG org.apache.http.impl.execchain.MainClientExec -- Executing request POST /auth/login HTTP/1.1
16:19:19.929 [pool-2-thread-47] DEBUG org.apache.http.impl.execchain.MainClientExec -- Target auth state: UNCHALLENGED
16:19:19.929 [pool-2-thread-47] DEBUG org.apache.http.impl.execchain.MainClientExec -- Proxy auth state: UNCHALLENGED
16:19:19.929 [pool-2-thread-47] DEBUG org.apache.http.headers -- http-outgoing-3 >> POST /auth/login HTTP/1.1
16:19:19.929 [pool-2-thread-47] DEBUG org.apache.http.headers -- http-outgoing-3 >> Content-Type: application/json; charset=UTF-8
16:19:19.929 [pool-2-thread-47] DEBUG org.apache.http.headers -- http-outgoing-3 >> Content-Length: 54
16:19:19.929 [pool-2-thread-47] DEBUG org.apache.http.headers -- http-outgoing-3 >> Host: localhost:3000
16:19:19.929 [pool-2-thread-47] DEBUG org.apache.http.headers -- http-outgoing-3 >> Connection: Keep-Alive
16:19:19.929 [pool-2-thread-47] DEBUG org.apache.http.headers -- http-outgoing-3 >> User-Agent: Apache-HttpClient/4.5.14 (Java/17.0.9)
16:19:19.929 [pool-2-thread-47] DEBUG org.apache.http.headers -- http-outgoing-3 >> Accept-Encoding: gzip,deflate
16:19:19.929 [pool-2-thread-47] DEBUG org.apache.http.wire -- http-outgoing-3 >> "POST /auth/login HTTP/1.1[\r][\n]"
16:19:19.929 [pool-2-thread-47] DEBUG org.apache.http.wire -- http-outgoing-3 >> "Content-Type: application/json; charset=UTF-8[\r][\n]"
16:19:19.929 [pool-2-thread-47] DEBUG org.apache.http.wire -- http-outgoing-3 >> "Content-Length: 54[\r][\n]"
16:19:19.929 [pool-2-thread-47] DEBUG org.apache.http.wire -- http-outgoing-3 >> "Host: localhost:3000[\r][\n]"
16:19:19.831 [pool-2-thread-59] DEBUG org.apache.http.impl.conn.PoolingHttpClientConnectionManager -- Connection leased: [id: 34][route: {}->http://localhost:3000][total available: 0; route allocated: 1 of 5; total allocated: 1 of 10]
16:19:19.930 [pool-2-thread-59] DEBUG org.apache.http.impl.execchain.MainClientExec -- Opening connection {}->http://localhost:3000
16:19:19.930 [pool-2-thread-59] DEBUG org.apache.http.impl.conn.DefaultHttpClientConnectionOperator -- Connecting to localhost/127.0.0.1:3000
16:19:19.930 [pool-2-thread-82] DEBUG org.apache.http.impl.conn.DefaultHttpClientConnectionOperator -- Connection established 127.0.0.1:51413<->127.0.0.1:3000
16:19:19.930 [pool-2-thread-82] DEBUG org.apache.http.impl.conn.DefaultManagedHttpClientConnection -- http-outgoing-28: set socket timeout to 30000
16:19:19.931 [pool-2-thread-82] DEBUG org.apache.http.impl.execchain.MainClientExec -- Executing request POST /auth/login HTTP/1.1
16:19:19.931 [pool-2-thread-82] DEBUG org.apache.http.impl.execchain.MainClientExec -- Target auth state: UNCHALLENGED
16:19:19.931 [pool-2-thread-82] DEBUG org.apache.http.impl.execchain.MainClientExec -- Proxy auth state: UNCHALLENGED
16:19:19.931 [pool-2-thread-82] DEBUG org.apache.http.headers -- http-outgoing-28 >> POST /auth/login HTTP/1.1
16:19:19.932 [pool-2-thread-82] DEBUG org.apache.http.headers -- http-outgoing-28 >> Content-Type: application/json; charset=UTF-8
16:19:19.933 [pool-2-thread-82] DEBUG org.apache.http.headers -- http-outgoing-28 >> Content-Length: 48
16:19:19.933 [pool-2-thread-82] DEBUG org.apache.http.headers -- http-outgoing-28 >> Host: localhost:3000
16:19:19.933 [pool-2-thread-82] DEBUG org.apache.http.headers -- http-outgoing-28 >> Connection: Keep-Alive
16:19:19.933 [pool-2-thread-82] DEBUG org.apache.http.headers -- http-outgoing-28 >> User-Agent: Apache-HttpClient/4.5.14 (Java/17.0.9)
16:19:19.933 [pool-2-thread-82] DEBUG org.apache.http.headers -- http-outgoing-28 >> Accept-Encoding: gzip,deflate
16:19:19.933 [pool-2-thread-82] DEBUG org.apache.http.wire -- http-outgoing-28 >> "POST /auth/login HTTP/1.1[\r][\n]"
16:19:19.933 [pool-2-thread-82] DEBUG org.apache.http.wire -- http-outgoing-28 >> "Content-Type: application/json; charset=UTF-8[\r][\n]"
16:19:19.933 [pool-2-thread-82] DEBUG org.apache.http.wire -- http-outgoing-28 >> "Content-Length: 48[\r][\n]"
16:19:19.933 [pool-2-thread-82] DEBUG org.apache.http.wire -- http-outgoing-28 >> "Host: localhost:3000[\r][\n]"
16:19:19.933 [pool-2-thread-82] DEBUG org.apache.http.wire -- http-outgoing-28 >> "Connection: Keep-Alive[\r][\n]"
16:19:19.933 [pool-2-thread-82] DEBUG org.apache.http.wire -- http-outgoing-28 >> "User-Agent: Apache-HttpClient/4.5.14 (Java/17.0.9)[\r][\n]"
16:19:19.933 [pool-2-thread-82] DEBUG org.apache.http.wire -- http-outgoing-28 >> "Accept-Encoding: gzip,deflate[\r][\n]"
16:19:19.933 [pool-2-thread-82] DEBUG org.apache.http.wire -- http-outgoing-28 >> "[\r][\n]"
16:19:19.933 [pool-2-thread-82] DEBUG org.apache.http.wire -- http-outgoing-28 >> "{"email":"quang1@gmail.com","password":"quang1"}"
16:19:19.831 [pool-2-thread-63] DEBUG org.apache.http.impl.conn.PoolingHttpClientConnectionManager -- Connection leased: [id: 35][route: {}->http://localhost:3000][total available: 0; route allocated: 1 of 5; total allocated: 1 of 10]
16:19:19.935 [pool-2-thread-63] DEBUG org.apache.http.impl.execchain.MainClientExec -- Opening connection {}->http://localhost:3000
16:19:19.936 [pool-2-thread-63] DEBUG org.apache.http.impl.conn.DefaultHttpClientConnectionOperator -- Connecting to localhost/127.0.0.1:3000
16:19:19.937 [pool-2-thread-63] DEBUG org.apache.http.impl.conn.DefaultHttpClientConnectionOperator -- Connection established 127.0.0.1:51415<->127.0.0.1:3000
16:19:19.937 [pool-2-thread-63] DEBUG org.apache.http.impl.conn.DefaultManagedHttpClientConnection -- http-outgoing-37: set socket timeout to 30000
16:19:19.937 [pool-2-thread-63] DEBUG org.apache.http.impl.execchain.MainClientExec -- Executing request POST /auth/login HTTP/1.1
16:19:19.937 [pool-2-thread-63] DEBUG org.apache.http.impl.execchain.MainClientExec -- Target auth state: UNCHALLENGED
16:19:19.937 [pool-2-thread-63] DEBUG org.apache.http.impl.execchain.MainClientExec -- Proxy auth state: UNCHALLENGED
16:19:19.837 [pool-2-thread-75] DEBUG org.apache.http.impl.execchain.MainClientExec -- Opening connection {}->http://localhost:3000
16:19:19.940 [pool-2-thread-75] DEBUG org.apache.http.impl.conn.DefaultHttpClientConnectionOperator -- Connecting to localhost/127.0.0.1:3000
16:19:19.942 [pool-2-thread-75] DEBUG org.apache.http.impl.conn.DefaultHttpClientConnectionOperator -- Connection established 127.0.0.1:51416<->127.0.0.1:3000
16:19:19.942 [pool-2-thread-75] DEBUG org.apache.http.impl.conn.DefaultManagedHttpClientConnection -- http-outgoing-54: set socket timeout to 30000
16:19:19.942 [pool-2-thread-75] DEBUG org.apache.http.impl.execchain.MainClientExec -- Executing request POST /auth/login HTTP/1.1
16:19:19.942 [pool-2-thread-75] DEBUG org.apache.http.impl.execchain.MainClientExec -- Target auth state: UNCHALLENGED
16:19:19.942 [pool-2-thread-75] DEBUG org.apache.http.impl.execchain.MainClientExec -- Proxy auth state: UNCHALLENGED
16:19:19.942 [pool-2-thread-75] DEBUG org.apache.http.headers -- http-outgoing-54 >> POST /auth/login HTTP/1.1
16:19:19.942 [pool-2-thread-75] DEBUG org.apache.http.headers -- http-outgoing-54 >> Content-Type: application/json; charset=UTF-8
16:19:19.942 [pool-2-thread-75] DEBUG org.apache.http.headers -- http-outgoing-54 >> Content-Length: 55
16:19:19.942 [pool-2-thread-75] DEBUG org.apache.http.headers -- http-outgoing-54 >> Host: localhost:3000
16:19:19.942 [pool-2-thread-75] DEBUG org.apache.http.headers -- http-outgoing-54 >> Connection: Keep-Alive
16:19:19.942 [pool-2-thread-75] DEBUG org.apache.http.headers -- http-outgoing-54 >> User-Agent: Apache-HttpClient/4.5.14 (Java/17.0.9)
16:19:19.942 [pool-2-thread-75] DEBUG org.apache.http.headers -- http-outgoing-54 >> Accept-Encoding: gzip,deflate
16:19:19.942 [pool-2-thread-75] DEBUG org.apache.http.wire -- http-outgoing-54 >> "POST /auth/login HTTP/1.1[\r][\n]"
16:19:19.942 [pool-2-thread-75] DEBUG org.apache.http.wire -- http-outgoing-54 >> "Content-Type: application/json; charset=UTF-8[\r][\n]"
16:19:19.942 [pool-2-thread-75] DEBUG org.apache.http.wire -- http-outgoing-54 >> "Content-Length: 55[\r][\n]"
16:19:19.942 [pool-2-thread-75] DEBUG org.apache.http.wire -- http-outgoing-54 >> "Host: localhost:3000[\r][\n]"
16:19:19.942 [pool-2-thread-75] DEBUG org.apache.http.wire -- http-outgoing-54 >> "Connection: Keep-Alive[\r][\n]"
16:19:19.942 [pool-2-thread-75] DEBUG org.apache.http.wire -- http-outgoing-54 >> "User-Agent: Apache-HttpClient/4.5.14 (Java/17.0.9)[\r][\n]"
16:19:19.942 [pool-2-thread-75] DEBUG org.apache.http.wire -- http-outgoing-54 >> "Accept-Encoding: gzip,deflate[\r][\n]"
16:19:19.942 [pool-2-thread-75] DEBUG org.apache.http.wire -- http-outgoing-54 >> "[\r][\n]"
16:19:19.942 [pool-2-thread-75] DEBUG org.apache.http.wire -- http-outgoing-54 >> "{"email":"test28@example.com","password":"Password123"}"
16:19:19.947 [pool-2-thread-63] DEBUG org.apache.http.headers -- http-outgoing-37 >> POST /auth/login HTTP/1.1
16:19:19.954 [pool-2-thread-63] DEBUG org.apache.http.headers -- http-outgoing-37 >> Content-Type: application/json; charset=UTF-8
16:19:19.954 [pool-2-thread-63] DEBUG org.apache.http.headers -- http-outgoing-37 >> Content-Length: 53
16:19:19.954 [pool-2-thread-63] DEBUG org.apache.http.headers -- http-outgoing-37 >> Host: localhost:3000
16:19:19.954 [pool-2-thread-63] DEBUG org.apache.http.headers -- http-outgoing-37 >> Connection: Keep-Alive
16:19:19.954 [pool-2-thread-63] DEBUG org.apache.http.headers -- http-outgoing-37 >> User-Agent: Apache-HttpClient/4.5.14 (Java/17.0.9)
16:19:19.954 [pool-2-thread-63] DEBUG org.apache.http.headers -- http-outgoing-37 >> Accept-Encoding: gzip,deflate
16:19:19.954 [pool-2-thread-63] DEBUG org.apache.http.wire -- http-outgoing-37 >> "POST /auth/login HTTP/1.1[\r][\n]"
16:19:19.954 [pool-2-thread-63] DEBUG org.apache.http.wire -- http-outgoing-37 >> "Content-Type: application/json; charset=UTF-8[\r][\n]"
16:19:19.954 [pool-2-thread-63] DEBUG org.apache.http.wire -- http-outgoing-37 >> "Content-Length: 53[\r][\n]"
16:19:19.954 [pool-2-thread-63] DEBUG org.apache.http.wire -- http-outgoing-37 >> "Host: localhost:3000[\r][\n]"
16:19:19.954 [pool-2-thread-63] DEBUG org.apache.http.wire -- http-outgoing-37 >> "Connection: Keep-Alive[\r][\n]"
16:19:19.954 [pool-2-thread-63] DEBUG org.apache.http.wire -- http-outgoing-37 >> "User-Agent: Apache-HttpClient/4.5.14 (Java/17.0.9)[\r][\n]"
16:19:19.955 [pool-2-thread-63] DEBUG org.apache.http.wire -- http-outgoing-37 >> "Accept-Encoding: gzip,deflate[\r][\n]"
16:19:19.955 [pool-2-thread-63] DEBUG org.apache.http.wire -- http-outgoing-37 >> "[\r][\n]"
16:19:19.955 [pool-2-thread-63] DEBUG org.apache.http.wire -- http-outgoing-37 >> "{"email":"test@example.com","password":"Password123"}"
16:19:19.837 [pool-2-thread-51] DEBUG org.apache.http.impl.execchain.MainClientExec -- Opening connection {}->http://localhost:3000
16:19:19.839 [pool-2-thread-92] DEBUG org.apache.http.impl.conn.PoolingHttpClientConnectionManager -- Connection leased: [id: 53][route: {}->http://localhost:3000][total available: 0; route allocated: 1 of 5; total allocated: 1 of 10]
16:19:19.955 [pool-2-thread-92] DEBUG org.apache.http.impl.execchain.MainClientExec -- Opening connection {}->http://localhost:3000
16:19:19.955 [pool-2-thread-92] DEBUG org.apache.http.impl.conn.DefaultHttpClientConnectionOperator -- Connecting to localhost/127.0.0.1:3000
16:19:19.955 [pool-2-thread-51] DEBUG org.apache.http.impl.conn.DefaultHttpClientConnectionOperator -- Connecting to localhost/127.0.0.1:3000
16:19:19.958 [pool-2-thread-92] DEBUG org.apache.http.impl.conn.DefaultHttpClientConnectionOperator -- Connection established 127.0.0.1:51418<->127.0.0.1:3000
16:19:19.958 [pool-2-thread-92] DEBUG org.apache.http.impl.conn.DefaultManagedHttpClientConnection -- http-outgoing-80: set socket timeout to 30000
16:19:19.958 [pool-2-thread-92] DEBUG org.apache.http.impl.execchain.MainClientExec -- Executing request POST /auth/login HTTP/1.1
16:19:19.958 [pool-2-thread-92] DEBUG org.apache.http.impl.execchain.MainClientExec -- Target auth state: UNCHALLENGED
16:19:19.958 [pool-2-thread-92] DEBUG org.apache.http.impl.execchain.MainClientExec -- Proxy auth state: UNCHALLENGED
16:19:19.958 [pool-2-thread-92] DEBUG org.apache.http.headers -- http-outgoing-80 >> POST /auth/login HTTP/1.1
16:19:19.959 [pool-2-thread-92] DEBUG org.apache.http.headers -- http-outgoing-80 >> Content-Type: application/json; charset=UTF-8
16:19:19.959 [pool-2-thread-92] DEBUG org.apache.http.headers -- http-outgoing-80 >> Content-Length: 48
16:19:19.959 [pool-2-thread-92] DEBUG org.apache.http.headers -- http-outgoing-80 >> Host: localhost:3000
16:19:19.959 [pool-2-thread-92] DEBUG org.apache.http.headers -- http-outgoing-80 >> Connection: Keep-Alive
16:19:19.959 [pool-2-thread-92] DEBUG org.apache.http.headers -- http-outgoing-80 >> User-Agent: Apache-HttpClient/4.5.14 (Java/17.0.9)
16:19:19.959 [pool-2-thread-92] DEBUG org.apache.http.headers -- http-outgoing-80 >> Accept-Encoding: gzip,deflate
16:19:19.959 [pool-2-thread-92] DEBUG org.apache.http.wire -- http-outgoing-80 >> "POST /auth/login HTTP/1.1[\r][\n]"
16:19:19.959 [pool-2-thread-92] DEBUG org.apache.http.wire -- http-outgoing-80 >> "Content-Type: application/json; charset=UTF-8[\r][\n]"
16:19:19.959 [pool-2-thread-92] DEBUG org.apache.http.wire -- http-outgoing-80 >> "Content-Length: 48[\r][\n]"
16:19:19.959 [pool-2-thread-92] DEBUG org.apache.http.wire -- http-outgoing-80 >> "Host: localhost:3000[\r][\n]"
16:19:19.959 [pool-2-thread-92] DEBUG org.apache.http.wire -- http-outgoing-80 >> "Connection: Keep-Alive[\r][\n]"
16:19:19.959 [pool-2-thread-92] DEBUG org.apache.http.wire -- http-outgoing-80 >> "User-Agent: Apache-HttpClient/4.5.14 (Java/17.0.9)[\r][\n]"
16:19:19.959 [pool-2-thread-92] DEBUG org.apache.http.wire -- http-outgoing-80 >> "Accept-Encoding: gzip,deflate[\r][\n]"
16:19:19.959 [pool-2-thread-92] DEBUG org.apache.http.wire -- http-outgoing-80 >> "[\r][\n]"
16:19:19.959 [pool-2-thread-92] DEBUG org.apache.http.wire -- http-outgoing-80 >> "{"email":"quang1@gmail.com","password":"quang1"}"
16:19:19.839 [pool-2-thread-89] DEBUG org.apache.http.impl.conn.PoolingHttpClientConnectionManager -- Connection leased: [id: 54][route: {}->http://localhost:3000][total available: 0; route allocated: 1 of 5; total allocated: 1 of 10]
16:19:19.840 [pool-2-thread-21] DEBUG org.apache.http.impl.execchain.MainClientExec -- Opening connection {}->http://localhost:3000
16:19:19.971 [pool-2-thread-89] DEBUG org.apache.http.impl.execchain.MainClientExec -- Opening connection {}->http://localhost:3000
16:19:19.971 [pool-2-thread-89] DEBUG org.apache.http.impl.conn.DefaultHttpClientConnectionOperator -- Connecting to localhost/127.0.0.1:3000
16:19:19.972 [pool-2-thread-89] DEBUG org.apache.http.impl.conn.DefaultHttpClientConnectionOperator -- Connection established 127.0.0.1:51419<->127.0.0.1:3000
16:19:19.972 [pool-2-thread-89] DEBUG org.apache.http.impl.conn.DefaultManagedHttpClientConnection -- http-outgoing-81: set socket timeout to 30000
16:19:19.972 [pool-2-thread-89] DEBUG org.apache.http.impl.execchain.MainClientExec -- Executing request POST /auth/login HTTP/1.1
16:19:19.972 [pool-2-thread-89] DEBUG org.apache.http.impl.execchain.MainClientExec -- Target auth state: UNCHALLENGED
16:19:19.972 [pool-2-thread-89] DEBUG org.apache.http.impl.execchain.MainClientExec -- Proxy auth state: UNCHALLENGED
16:19:19.972 [pool-2-thread-89] DEBUG org.apache.http.headers -- http-outgoing-81 >> POST /auth/login HTTP/1.1
16:19:19.973 [pool-2-thread-89] DEBUG org.apache.http.headers -- http-outgoing-81 >> Content-Type: application/json; charset=UTF-8
16:19:19.973 [pool-2-thread-89] DEBUG org.apache.http.headers -- http-outgoing-81 >> Content-Length: 53
16:19:19.973 [pool-2-thread-89] DEBUG org.apache.http.headers -- http-outgoing-81 >> Host: localhost:3000
16:19:19.973 [pool-2-thread-89] DEBUG org.apache.http.headers -- http-outgoing-81 >> Connection: Keep-Alive
16:19:19.973 [pool-2-thread-89] DEBUG org.apache.http.headers -- http-outgoing-81 >> User-Agent: Apache-HttpClient/4.5.14 (Java/17.0.9)
16:19:19.973 [pool-2-thread-89] DEBUG org.apache.http.headers -- http-outgoing-81 >> Accept-Encoding: gzip,deflate
16:19:19.973 [pool-2-thread-89] DEBUG org.apache.http.wire -- http-outgoing-81 >> "POST /auth/login HTTP/1.1[\r][\n]"
16:19:19.973 [pool-2-thread-89] DEBUG org.apache.http.wire -- http-outgoing-81 >> "Content-Type: application/json; charset=UTF-8[\r][\n]"
16:19:19.841 [pool-2-thread-43] DEBUG org.apache.http.impl.execchain.MainClientExec -- Opening connection {}->http://localhost:3000
16:19:19.973 [pool-2-thread-89] DEBUG org.apache.http.wire -- http-outgoing-81 >> "Content-Length: 53[\r][\n]"
16:19:19.973 [pool-2-thread-89] DEBUG org.apache.http.wire -- http-outgoing-81 >> "Host: localhost:3000[\r][\n]"
16:19:19.973 [pool-2-thread-89] DEBUG org.apache.http.wire -- http-outgoing-81 >> "Connection: Keep-Alive[\r][\n]"
16:19:19.973 [pool-2-thread-89] DEBUG org.apache.http.wire -- http-outgoing-81 >> "User-Agent: Apache-HttpClient/4.5.14 (Java/17.0.9)[\r][\n]"
16:19:19.973 [pool-2-thread-89] DEBUG org.apache.http.wire -- http-outgoing-81 >> "Accept-Encoding: gzip,deflate[\r][\n]"
16:19:19.973 [pool-2-thread-89] DEBUG org.apache.http.wire -- http-outgoing-81 >> "[\r][\n]"
16:19:19.973 [pool-2-thread-89] DEBUG org.apache.http.wire -- http-outgoing-81 >> "{"email":"testit@gmail.com","password":"Password123"}"
16:19:19.973 [pool-2-thread-43] DEBUG org.apache.http.impl.conn.DefaultHttpClientConnectionOperator -- Connecting to localhost/127.0.0.1:3000
16:19:19.974 [pool-2-thread-43] DEBUG org.apache.http.impl.conn.DefaultHttpClientConnectionOperator -- Connection established 127.0.0.1:51420<->127.0.0.1:3000
16:19:19.974 [pool-2-thread-43] DEBUG org.apache.http.impl.conn.DefaultManagedHttpClientConnection -- http-outgoing-78: set socket timeout to 30000
16:19:19.974 [pool-2-thread-43] DEBUG org.apache.http.impl.execchain.MainClientExec -- Executing request POST /auth/login HTTP/1.1
16:19:19.974 [pool-2-thread-43] DEBUG org.apache.http.impl.execchain.MainClientExec -- Target auth state: UNCHALLENGED
16:19:19.974 [pool-2-thread-43] DEBUG org.apache.http.impl.execchain.MainClientExec -- Proxy auth state: UNCHALLENGED
16:19:19.974 [pool-2-thread-43] DEBUG org.apache.http.headers -- http-outgoing-78 >> POST /auth/login HTTP/1.1
16:19:19.974 [pool-2-thread-43] DEBUG org.apache.http.headers -- http-outgoing-78 >> Content-Type: application/json; charset=UTF-8
16:19:19.974 [pool-2-thread-43] DEBUG org.apache.http.headers -- http-outgoing-78 >> Content-Length: 53
16:19:19.974 [pool-2-thread-43] DEBUG org.apache.http.headers -- http-outgoing-78 >> Host: localhost:3000
16:19:19.974 [pool-2-thread-43] DEBUG org.apache.http.headers -- http-outgoing-78 >> Connection: Keep-Alive
16:19:19.974 [pool-2-thread-43] DEBUG org.apache.http.headers -- http-outgoing-78 >> User-Agent: Apache-HttpClient/4.5.14 (Java/17.0.9)
16:19:19.974 [pool-2-thread-43] DEBUG org.apache.http.headers -- http-outgoing-78 >> Accept-Encoding: gzip,deflate
16:19:19.974 [pool-2-thread-43] DEBUG org.apache.http.wire -- http-outgoing-78 >> "POST /auth/login HTTP/1.1[\r][\n]"
16:19:19.974 [pool-2-thread-43] DEBUG org.apache.http.wire -- http-outgoing-78 >> "Content-Type: application/json; charset=UTF-8[\r][\n]"
16:19:19.974 [pool-2-thread-43] DEBUG org.apache.http.wire -- http-outgoing-78 >> "Content-Length: 53[\r][\n]"
16:19:19.974 [pool-2-thread-43] DEBUG org.apache.http.wire -- http-outgoing-78 >> "Host: localhost:3000[\r][\n]"
16:19:19.974 [pool-2-thread-43] DEBUG org.apache.http.wire -- http-outgoing-78 >> "Connection: Keep-Alive[\r][\n]"
16:19:19.974 [pool-2-thread-43] DEBUG org.apache.http.wire -- http-outgoing-78 >> "User-Agent: Apache-HttpClient/4.5.14 (Java/17.0.9)[\r][\n]"
16:19:19.974 [pool-2-thread-43] DEBUG org.apache.http.wire -- http-outgoing-78 >> "Accept-Encoding: gzip,deflate[\r][\n]"
16:19:19.974 [pool-2-thread-43] DEBUG org.apache.http.wire -- http-outgoing-78 >> "[\r][\n]"
16:19:19.974 [pool-2-thread-43] DEBUG org.apache.http.wire -- http-outgoing-78 >> "{"email":"test@example.com","password":"Password123"}"
16:19:19.841 [pool-2-thread-70] DEBUG org.apache.http.impl.execchain.MainClientExec -- Opening connection {}->http://localhost:3000
16:19:19.979 [pool-2-thread-70] DEBUG org.apache.http.impl.conn.DefaultHttpClientConnectionOperator -- Connecting to localhost/127.0.0.1:3000
16:19:19.980 [pool-2-thread-70] DEBUG org.apache.http.impl.conn.DefaultHttpClientConnectionOperator -- Connection established 127.0.0.1:51421<->127.0.0.1:3000
16:19:19.980 [pool-2-thread-70] DEBUG org.apache.http.impl.conn.DefaultManagedHttpClientConnection -- http-outgoing-6: set socket timeout to 30000
16:19:19.980 [pool-2-thread-70] DEBUG org.apache.http.impl.execchain.MainClientExec -- Executing request POST /auth/login HTTP/1.1
16:19:19.980 [pool-2-thread-70] DEBUG org.apache.http.impl.execchain.MainClientExec -- Target auth state: UNCHALLENGED
16:19:19.980 [pool-2-thread-70] DEBUG org.apache.http.impl.execchain.MainClientExec -- Proxy auth state: UNCHALLENGED
16:19:19.980 [pool-2-thread-70] DEBUG org.apache.http.headers -- http-outgoing-6 >> POST /auth/login HTTP/1.1
16:19:19.980 [pool-2-thread-70] DEBUG org.apache.http.headers -- http-outgoing-6 >> Content-Type: application/json; charset=UTF-8
16:19:19.980 [pool-2-thread-70] DEBUG org.apache.http.headers -- http-outgoing-6 >> Content-Length: 54
16:19:19.980 [pool-2-thread-70] DEBUG org.apache.http.headers -- http-outgoing-6 >> Host: localhost:3000
16:19:19.980 [pool-2-thread-70] DEBUG org.apache.http.headers -- http-outgoing-6 >> Connection: Keep-Alive
16:19:19.980 [pool-2-thread-70] DEBUG org.apache.http.headers -- http-outgoing-6 >> User-Agent: Apache-HttpClient/4.5.14 (Java/17.0.9)
16:19:19.980 [pool-2-thread-70] DEBUG org.apache.http.headers -- http-outgoing-6 >> Accept-Encoding: gzip,deflate
16:19:19.980 [pool-2-thread-70] DEBUG org.apache.http.wire -- http-outgoing-6 >> "POST /auth/login HTTP/1.1[\r][\n]"
16:19:19.980 [pool-2-thread-70] DEBUG org.apache.http.wire -- http-outgoing-6 >> "Content-Type: application/json; charset=UTF-8[\r][\n]"
16:19:19.980 [pool-2-thread-70] DEBUG org.apache.http.wire -- http-outgoing-6 >> "Content-Length: 54[\r][\n]"
16:19:19.980 [pool-2-thread-70] DEBUG org.apache.http.wire -- http-outgoing-6 >> "Host: localhost:3000[\r][\n]"
16:19:19.980 [pool-2-thread-70] DEBUG org.apache.http.wire -- http-outgoing-6 >> "Connection: Keep-Alive[\r][\n]"
16:19:19.980 [pool-2-thread-70] DEBUG org.apache.http.wire -- http-outgoing-6 >> "User-Agent: Apache-HttpClient/4.5.14 (Java/17.0.9)[\r][\n]"
16:19:19.980 [pool-2-thread-70] DEBUG org.apache.http.wire -- http-outgoing-6 >> "Accept-Encoding: gzip,deflate[\r][\n]"
16:19:19.980 [pool-2-thread-70] DEBUG org.apache.http.wire -- http-outgoing-6 >> "[\r][\n]"
16:19:19.980 [pool-2-thread-70] DEBUG org.apache.http.wire -- http-outgoing-6 >> "{"email":"testit2@gmail.com","password":"Password123"}"
16:19:19.841 [pool-2-thread-58] DEBUG org.apache.http.impl.conn.PoolingHttpClientConnectionManager -- Connection leased: [id: 56][route: {}->http://localhost:3000][total available: 0; route allocated: 1 of 5; total allocated: 1 of 10]
16:19:19.841 [pool-2-thread-71] DEBUG org.apache.http.impl.conn.PoolingHttpClientConnectionManager -- Connection leased: [id: 58][route: {}->http://localhost:3000][total available: 0; route allocated: 1 of 5; total allocated: 1 of 10]
16:19:19.981 [pool-2-thread-58] DEBUG org.apache.http.impl.execchain.MainClientExec -- Opening connection {}->http://localhost:3000
16:19:19.841 [pool-2-thread-72] DEBUG org.apache.http.impl.conn.PoolingHttpClientConnectionManager -- Connection leased: [id: 59][route: {}->http://localhost:3000][total available: 0; route allocated: 1 of 5; total allocated: 1 of 10]
16:19:19.981 [pool-2-thread-72] DEBUG org.apache.http.impl.execchain.MainClientExec -- Opening connection {}->http://localhost:3000
16:19:19.981 [pool-2-thread-58] DEBUG org.apache.http.impl.conn.DefaultHttpClientConnectionOperator -- Connecting to localhost/127.0.0.1:3000
16:19:19.981 [pool-2-thread-72] DEBUG org.apache.http.impl.conn.DefaultHttpClientConnectionOperator -- Connecting to localhost/127.0.0.1:3000
16:19:19.982 [pool-2-thread-72] DEBUG org.apache.http.impl.conn.DefaultHttpClientConnectionOperator -- Connection established 127.0.0.1:51423<->127.0.0.1:3000
16:19:19.982 [pool-2-thread-72] DEBUG org.apache.http.impl.conn.DefaultManagedHttpClientConnection -- http-outgoing-50: set socket timeout to 30000
16:19:19.982 [pool-2-thread-72] DEBUG org.apache.http.impl.execchain.MainClientExec -- Executing request POST /auth/login HTTP/1.1
16:19:19.982 [pool-2-thread-72] DEBUG org.apache.http.impl.execchain.MainClientExec -- Target auth state: UNCHALLENGED
16:19:19.982 [pool-2-thread-72] DEBUG org.apache.http.impl.execchain.MainClientExec -- Proxy auth state: UNCHALLENGED
16:19:19.982 [pool-2-thread-58] DEBUG org.apache.http.impl.conn.DefaultHttpClientConnectionOperator -- Connection established 127.0.0.1:51422<->127.0.0.1:3000
16:19:19.982 [pool-2-thread-58] DEBUG org.apache.http.impl.conn.DefaultManagedHttpClientConnection -- http-outgoing-8: set socket timeout to 30000
16:19:19.982 [pool-2-thread-58] DEBUG org.apache.http.impl.execchain.MainClientExec -- Executing request POST /auth/login HTTP/1.1
16:19:19.982 [pool-2-thread-58] DEBUG org.apache.http.impl.execchain.MainClientExec -- Target auth state: UNCHALLENGED
16:19:19.982 [pool-2-thread-58] DEBUG org.apache.http.impl.execchain.MainClientExec -- Proxy auth state: UNCHALLENGED
16:19:19.841 [pool-2-thread-60] DEBUG org.apache.http.impl.conn.PoolingHttpClientConnectionManager -- Connection leased: [id: 57][route: {}->http://localhost:3000][total available: 0; route allocated: 1 of 5; total allocated: 1 of 10]
16:19:19.982 [pool-2-thread-58] DEBUG org.apache.http.headers -- http-outgoing-8 >> POST /auth/login HTTP/1.1
16:19:19.982 [pool-2-thread-58] DEBUG org.apache.http.headers -- http-outgoing-8 >> Content-Type: application/json; charset=UTF-8
16:19:19.982 [pool-2-thread-58] DEBUG org.apache.http.headers -- http-outgoing-8 >> Content-Length: 54
16:19:19.982 [pool-2-thread-58] DEBUG org.apache.http.headers -- http-outgoing-8 >> Host: localhost:3000
16:19:19.982 [pool-2-thread-58] DEBUG org.apache.http.headers -- http-outgoing-8 >> Connection: Keep-Alive
16:19:19.982 [pool-2-thread-58] DEBUG org.apache.http.headers -- http-outgoing-8 >> User-Agent: Apache-HttpClient/4.5.14 (Java/17.0.9)
16:19:19.982 [pool-2-thread-58] DEBUG org.apache.http.headers -- http-outgoing-8 >> Accept-Encoding: gzip,deflate
16:19:19.982 [pool-2-thread-58] DEBUG org.apache.http.wire -- http-outgoing-8 >> "POST /auth/login HTTP/1.1[\r][\n]"
16:19:19.982 [pool-2-thread-58] DEBUG org.apache.http.wire -- http-outgoing-8 >> "Content-Type: application/json; charset=UTF-8[\r][\n]"
16:19:19.982 [pool-2-thread-58] DEBUG org.apache.http.wire -- http-outgoing-8 >> "Content-Length: 54[\r][\n]"
16:19:19.982 [pool-2-thread-58] DEBUG org.apache.http.wire -- http-outgoing-8 >> "Host: localhost:3000[\r][\n]"
16:19:19.982 [pool-2-thread-58] DEBUG org.apache.http.wire -- http-outgoing-8 >> "Connection: Keep-Alive[\r][\n]"
16:19:19.982 [pool-2-thread-58] DEBUG org.apache.http.wire -- http-outgoing-8 >> "User-Agent: Apache-HttpClient/4.5.14 (Java/17.0.9)[\r][\n]"
16:19:19.982 [pool-2-thread-58] DEBUG org.apache.http.wire -- http-outgoing-8 >> "Accept-Encoding: gzip,deflate[\r][\n]"
16:19:19.982 [pool-2-thread-58] DEBUG org.apache.http.wire -- http-outgoing-8 >> "[\r][\n]"
16:19:19.982 [pool-2-thread-58] DEBUG org.apache.http.wire -- http-outgoing-8 >> "{"email":"testit5@gmail.com","password":"Password123"}"
16:19:19.841 [pool-2-thread-56] DEBUG org.apache.http.impl.execchain.MainClientExec -- Opening connection {}->http://localhost:3000
16:19:19.983 [pool-2-thread-56] DEBUG org.apache.http.impl.conn.DefaultHttpClientConnectionOperator -- Connecting to localhost/127.0.0.1:3000
16:19:19.984 [pool-2-thread-56] DEBUG org.apache.http.impl.conn.DefaultHttpClientConnectionOperator -- Connection established 127.0.0.1:51424<->127.0.0.1:3000
16:19:19.984 [pool-2-thread-56] DEBUG org.apache.http.impl.conn.DefaultManagedHttpClientConnection -- http-outgoing-30: set socket timeout to 30000
16:19:19.984 [pool-2-thread-56] DEBUG org.apache.http.impl.execchain.MainClientExec -- Executing request POST /auth/login HTTP/1.1
16:19:19.984 [pool-2-thread-56] DEBUG org.apache.http.impl.execchain.MainClientExec -- Target auth state: UNCHALLENGED
16:19:19.984 [pool-2-thread-56] DEBUG org.apache.http.impl.execchain.MainClientExec -- Proxy auth state: UNCHALLENGED
16:19:19.841 [pool-2-thread-86] DEBUG org.apache.http.impl.execchain.MainClientExec -- Opening connection {}->http://localhost:3000
16:19:19.841 [pool-2-thread-13] DEBUG org.apache.http.impl.execchain.MainClientExec -- Opening connection {}->http://localhost:3000
16:19:19.984 [pool-2-thread-13] DEBUG org.apache.http.impl.conn.DefaultHttpClientConnectionOperator -- Connecting to localhost/127.0.0.1:3000
16:19:19.841 [pool-2-thread-91] DEBUG org.apache.http.impl.execchain.MainClientExec -- Opening connection {}->http://localhost:3000
16:19:19.842 [pool-2-thread-24] DEBUG org.apache.http.impl.execchain.MainClientExec -- Opening connection {}->http://localhost:3000
16:19:19.985 [pool-2-thread-91] DEBUG org.apache.http.impl.conn.DefaultHttpClientConnectionOperator -- Connecting to localhost/127.0.0.1:3000
16:19:19.985 [pool-2-thread-24] DEBUG org.apache.http.impl.conn.DefaultHttpClientConnectionOperator -- Connecting to localhost/127.0.0.1:3000
16:19:19.985 [pool-2-thread-13] DEBUG org.apache.http.impl.conn.DefaultHttpClientConnectionOperator -- Connection established 127.0.0.1:51425<->127.0.0.1:3000
16:19:19.985 [pool-2-thread-13] DEBUG org.apache.http.impl.conn.DefaultManagedHttpClientConnection -- http-outgoing-35: set socket timeout to 30000
16:19:19.985 [pool-2-thread-13] DEBUG org.apache.http.impl.execchain.MainClientExec -- Executing request POST /auth/login HTTP/1.1
16:19:19.985 [pool-2-thread-13] DEBUG org.apache.http.impl.execchain.MainClientExec -- Target auth state: UNCHALLENGED
16:19:19.985 [pool-2-thread-13] DEBUG org.apache.http.impl.execchain.MainClientExec -- Proxy auth state: UNCHALLENGED
16:19:19.985 [pool-2-thread-13] DEBUG org.apache.http.headers -- http-outgoing-35 >> POST /auth/login HTTP/1.1
16:19:19.985 [pool-2-thread-24] DEBUG org.apache.http.impl.conn.DefaultHttpClientConnectionOperator -- Connection established 127.0.0.1:51427<->127.0.0.1:3000
16:19:19.842 [pool-2-thread-26] DEBUG org.apache.http.impl.execchain.MainClientExec -- Opening connection {}->http://localhost:3000
16:19:19.985 [pool-2-thread-91] DEBUG org.apache.http.impl.conn.DefaultHttpClientConnectionOperator -- Connection established 127.0.0.1:51426<->127.0.0.1:3000
16:19:19.985 [pool-2-thread-91] DEBUG org.apache.http.impl.conn.DefaultManagedHttpClientConnection -- http-outgoing-69: set socket timeout to 30000
16:19:19.985 [pool-2-thread-91] DEBUG org.apache.http.impl.execchain.MainClientExec -- Executing request POST /auth/login HTTP/1.1
16:19:19.985 [pool-2-thread-91] DEBUG org.apache.http.impl.execchain.MainClientExec -- Target auth state: UNCHALLENGED
16:19:19.985 [pool-2-thread-91] DEBUG org.apache.http.impl.execchain.MainClientExec -- Proxy auth state: UNCHALLENGED
16:19:19.985 [pool-2-thread-26] DEBUG org.apache.http.impl.conn.DefaultHttpClientConnectionOperator -- Connecting to localhost/127.0.0.1:3000
16:19:19.985 [pool-2-thread-91] DEBUG org.apache.http.headers -- http-outgoing-69 >> POST /auth/login HTTP/1.1
16:19:19.985 [pool-2-thread-91] DEBUG org.apache.http.headers -- http-outgoing-69 >> Content-Type: application/json; charset=UTF-8
16:19:19.985 [pool-2-thread-91] DEBUG org.apache.http.headers -- http-outgoing-69 >> Content-Length: 45
16:19:19.985 [pool-2-thread-91] DEBUG org.apache.http.headers -- http-outgoing-69 >> Host: localhost:3000
16:19:19.985 [pool-2-thread-91] DEBUG org.apache.http.headers -- http-outgoing-69 >> Connection: Keep-Alive
16:19:19.985 [pool-2-thread-91] DEBUG org.apache.http.headers -- http-outgoing-69 >> User-Agent: Apache-HttpClient/4.5.14 (Java/17.0.9)
16:19:19.985 [pool-2-thread-91] DEBUG org.apache.http.headers -- http-outgoing-69 >> Accept-Encoding: gzip,deflate
16:19:19.985 [pool-2-thread-91] DEBUG org.apache.http.wire -- http-outgoing-69 >> "POST /auth/login HTTP/1.1[\r][\n]"
16:19:19.985 [pool-2-thread-91] DEBUG org.apache.http.wire -- http-outgoing-69 >> "Content-Type: application/json; charset=UTF-8[\r][\n]"
16:19:19.985 [pool-2-thread-91] DEBUG org.apache.http.wire -- http-outgoing-69 >> "Content-Length: 45[\r][\n]"
16:19:19.985 [pool-2-thread-91] DEBUG org.apache.http.wire -- http-outgoing-69 >> "Host: localhost:3000[\r][\n]"
16:19:19.985 [pool-2-thread-91] DEBUG org.apache.http.wire -- http-outgoing-69 >> "Connection: Keep-Alive[\r][\n]"
16:19:19.985 [pool-2-thread-91] DEBUG org.apache.http.wire -- http-outgoing-69 >> "User-Agent: Apache-HttpClient/4.5.14 (Java/17.0.9)[\r][\n]"
16:19:19.985 [pool-2-thread-91] DEBUG org.apache.http.wire -- http-outgoing-69 >> "Accept-Encoding: gzip,deflate[\r][\n]"
16:19:19.985 [pool-2-thread-91] DEBUG org.apache.http.wire -- http-outgoing-69 >> "[\r][\n]"
16:19:19.985 [pool-2-thread-91] DEBUG org.apache.http.wire -- http-outgoing-69 >> "{"email":"nam@gmail.com","password":"123456"}"
16:19:19.985 [pool-2-thread-26] DEBUG org.apache.http.impl.conn.DefaultHttpClientConnectionOperator -- Connection established 127.0.0.1:51428<->127.0.0.1:3000
16:19:19.985 [pool-2-thread-26] DEBUG org.apache.http.impl.conn.DefaultManagedHttpClientConnection -- http-outgoing-21: set socket timeout to 30000
16:19:19.985 [pool-2-thread-26] DEBUG org.apache.http.impl.execchain.MainClientExec -- Executing request POST /auth/login HTTP/1.1
16:19:19.985 [pool-2-thread-26] DEBUG org.apache.http.impl.execchain.MainClientExec -- Target auth state: UNCHALLENGED
16:19:19.985 [pool-2-thread-26] DEBUG org.apache.http.impl.execchain.MainClientExec -- Proxy auth state: UNCHALLENGED
16:19:19.985 [pool-2-thread-26] DEBUG org.apache.http.headers -- http-outgoing-21 >> POST /auth/login HTTP/1.1
16:19:19.842 [pool-2-thread-62] DEBUG org.apache.http.impl.execchain.MainClientExec -- Opening connection {}->http://localhost:3000
16:19:19.844 [pool-2-thread-18] DEBUG org.apache.http.impl.conn.PoolingHttpClientConnectionManager -- Connection leased: [id: 61][route: {}->http://localhost:3000][total available: 0; route allocated: 1 of 5; total allocated: 1 of 10]
16:19:19.986 [pool-2-thread-18] DEBUG org.apache.http.impl.execchain.MainClientExec -- Opening connection {}->http://localhost:3000
16:19:19.986 [pool-2-thread-62] DEBUG org.apache.http.impl.conn.DefaultHttpClientConnectionOperator -- Connecting to localhost/127.0.0.1:3000
16:19:19.986 [pool-2-thread-18] DEBUG org.apache.http.impl.conn.DefaultHttpClientConnectionOperator -- Connecting to localhost/127.0.0.1:3000
16:19:19.987 [pool-2-thread-18] DEBUG org.apache.http.impl.conn.DefaultHttpClientConnectionOperator -- Connection established 127.0.0.1:51430<->127.0.0.1:3000
16:19:19.987 [pool-2-thread-18] DEBUG org.apache.http.impl.conn.DefaultManagedHttpClientConnection -- http-outgoing-34: set socket timeout to 30000
16:19:19.987 [pool-2-thread-62] DEBUG org.apache.http.impl.conn.DefaultHttpClientConnectionOperator -- Connection established 127.0.0.1:51429<->127.0.0.1:3000
16:19:19.987 [pool-2-thread-18] DEBUG org.apache.http.impl.execchain.MainClientExec -- Executing request POST /auth/login HTTP/1.1
16:19:19.987 [pool-2-thread-18] DEBUG org.apache.http.impl.execchain.MainClientExec -- Target auth state: UNCHALLENGED
16:19:19.987 [pool-2-thread-18] DEBUG org.apache.http.impl.execchain.MainClientExec -- Proxy auth state: UNCHALLENGED
16:19:19.987 [pool-2-thread-18] DEBUG org.apache.http.headers -- http-outgoing-34 >> POST /auth/login HTTP/1.1
16:19:19.987 [pool-2-thread-18] DEBUG org.apache.http.headers -- http-outgoing-34 >> Content-Type: application/json; charset=UTF-8
16:19:19.987 [pool-2-thread-18] DEBUG org.apache.http.headers -- http-outgoing-34 >> Content-Length: 54
16:19:19.987 [pool-2-thread-18] DEBUG org.apache.http.headers -- http-outgoing-34 >> Host: localhost:3000
16:19:19.987 [pool-2-thread-18] DEBUG org.apache.http.headers -- http-outgoing-34 >> Connection: Keep-Alive
16:19:19.987 [pool-2-thread-18] DEBUG org.apache.http.headers -- http-outgoing-34 >> User-Agent: Apache-HttpClient/4.5.14 (Java/17.0.9)
16:19:19.987 [pool-2-thread-18] DEBUG org.apache.http.headers -- http-outgoing-34 >> Accept-Encoding: gzip,deflate
16:19:19.987 [pool-2-thread-18] DEBUG org.apache.http.wire -- http-outgoing-34 >> "POST /auth/login HTTP/1.1[\r][\n]"
16:19:19.987 [pool-2-thread-18] DEBUG org.apache.http.wire -- http-outgoing-34 >> "Content-Type: application/json; charset=UTF-8[\r][\n]"
16:19:19.987 [pool-2-thread-18] DEBUG org.apache.http.wire -- http-outgoing-34 >> "Content-Length: 54[\r][\n]"
16:19:19.987 [pool-2-thread-18] DEBUG org.apache.http.wire -- http-outgoing-34 >> "Host: localhost:3000[\r][\n]"
16:19:19.987 [pool-2-thread-18] DEBUG org.apache.http.wire -- http-outgoing-34 >> "Connection: Keep-Alive[\r][\n]"
16:19:19.987 [pool-2-thread-18] DEBUG org.apache.http.wire -- http-outgoing-34 >> "User-Agent: Apache-HttpClient/4.5.14 (Java/17.0.9)[\r][\n]"
16:19:19.987 [pool-2-thread-18] DEBUG org.apache.http.wire -- http-outgoing-34 >> "Accept-Encoding: gzip,deflate[\r][\n]"
16:19:19.987 [pool-2-thread-18] DEBUG org.apache.http.wire -- http-outgoing-34 >> "[\r][\n]"
16:19:19.987 [pool-2-thread-18] DEBUG org.apache.http.wire -- http-outgoing-34 >> "{"email":"testit5@gmail.com","password":"Password123"}"
16:19:19.845 [pool-2-thread-65] DEBUG org.apache.http.impl.conn.PoolingHttpClientConnectionManager -- Connection leased: [id: 62][route: {}->http://localhost:3000][total available: 0; route allocated: 1 of 5; total allocated: 1 of 10]
16:19:19.987 [pool-2-thread-65] DEBUG org.apache.http.impl.execchain.MainClientExec -- Opening connection {}->http://localhost:3000
16:19:19.987 [pool-2-thread-65] DEBUG org.apache.http.impl.conn.DefaultHttpClientConnectionOperator -- Connecting to localhost/127.0.0.1:3000
16:19:19.987 [pool-2-thread-65] DEBUG org.apache.http.impl.conn.DefaultHttpClientConnectionOperator -- Connection established 127.0.0.1:51431<->127.0.0.1:3000
16:19:19.987 [pool-2-thread-65] DEBUG org.apache.http.impl.conn.DefaultManagedHttpClientConnection -- http-outgoing-12: set socket timeout to 30000
16:19:19.987 [pool-2-thread-65] DEBUG org.apache.http.impl.execchain.MainClientExec -- Executing request POST /auth/login HTTP/1.1
16:19:19.987 [pool-2-thread-65] DEBUG org.apache.http.impl.execchain.MainClientExec -- Target auth state: UNCHALLENGED
16:19:19.987 [pool-2-thread-65] DEBUG org.apache.http.impl.execchain.MainClientExec -- Proxy auth state: UNCHALLENGED
16:19:19.987 [pool-2-thread-65] DEBUG org.apache.http.headers -- http-outgoing-12 >> POST /auth/login HTTP/1.1
16:19:19.987 [pool-2-thread-65] DEBUG org.apache.http.headers -- http-outgoing-12 >> Content-Type: application/json; charset=UTF-8
16:19:19.987 [pool-2-thread-65] DEBUG org.apache.http.headers -- http-outgoing-12 >> Content-Length: 55
16:19:19.987 [pool-2-thread-65] DEBUG org.apache.http.headers -- http-outgoing-12 >> Host: localhost:3000
16:19:19.987 [pool-2-thread-65] DEBUG org.apache.http.headers -- http-outgoing-12 >> Connection: Keep-Alive
16:19:19.987 [pool-2-thread-65] DEBUG org.apache.http.headers -- http-outgoing-12 >> User-Agent: Apache-HttpClient/4.5.14 (Java/17.0.9)
16:19:19.987 [pool-2-thread-65] DEBUG org.apache.http.headers -- http-outgoing-12 >> Accept-Encoding: gzip,deflate
16:19:19.987 [pool-2-thread-65] DEBUG org.apache.http.wire -- http-outgoing-12 >> "POST /auth/login HTTP/1.1[\r][\n]"
16:19:19.988 [pool-2-thread-65] DEBUG org.apache.http.wire -- http-outgoing-12 >> "Content-Type: application/json; charset=UTF-8[\r][\n]"
16:19:19.988 [pool-2-thread-65] DEBUG org.apache.http.wire -- http-outgoing-12 >> "Content-Length: 55[\r][\n]"
16:19:19.988 [pool-2-thread-65] DEBUG org.apache.http.wire -- http-outgoing-12 >> "Host: localhost:3000[\r][\n]"
16:19:19.988 [pool-2-thread-65] DEBUG org.apache.http.wire -- http-outgoing-12 >> "Connection: Keep-Alive[\r][\n]"
16:19:19.988 [pool-2-thread-65] DEBUG org.apache.http.wire -- http-outgoing-12 >> "User-Agent: Apache-HttpClient/4.5.14 (Java/17.0.9)[\r][\n]"
16:19:19.988 [pool-2-thread-65] DEBUG org.apache.http.wire -- http-outgoing-12 >> "Accept-Encoding: gzip,deflate[\r][\n]"
16:19:19.988 [pool-2-thread-65] DEBUG org.apache.http.wire -- http-outgoing-12 >> "[\r][\n]"
16:19:19.988 [pool-2-thread-65] DEBUG org.apache.http.wire -- http-outgoing-12 >> "{"email":"test28@example.com","password":"Password123"}"
16:19:19.845 [pool-2-thread-10] DEBUG org.apache.http.impl.execchain.MainClientExec -- Opening connection {}->http://localhost:3000
16:19:19.999 [pool-2-thread-10] DEBUG org.apache.http.impl.conn.DefaultHttpClientConnectionOperator -- Connecting to localhost/127.0.0.1:3000
16:19:20.000 [pool-2-thread-10] DEBUG org.apache.http.impl.conn.DefaultHttpClientConnectionOperator -- Connection established 127.0.0.1:51432<->127.0.0.1:3000
16:19:20.000 [pool-2-thread-10] DEBUG org.apache.http.impl.conn.DefaultManagedHttpClientConnection -- http-outgoing-63: set socket timeout to 30000
16:19:20.000 [pool-2-thread-10] DEBUG org.apache.http.impl.execchain.MainClientExec -- Executing request POST /auth/login HTTP/1.1
16:19:20.000 [pool-2-thread-10] DEBUG org.apache.http.impl.execchain.MainClientExec -- Target auth state: UNCHALLENGED
16:19:20.000 [pool-2-thread-10] DEBUG org.apache.http.impl.execchain.MainClientExec -- Proxy auth state: UNCHALLENGED
16:19:20.000 [pool-2-thread-10] DEBUG org.apache.http.headers -- http-outgoing-63 >> POST /auth/login HTTP/1.1
16:19:20.000 [pool-2-thread-10] DEBUG org.apache.http.headers -- http-outgoing-63 >> Content-Type: application/json; charset=UTF-8
16:19:20.000 [pool-2-thread-10] DEBUG org.apache.http.headers -- http-outgoing-63 >> Content-Length: 54
16:19:20.000 [pool-2-thread-10] DEBUG org.apache.http.headers -- http-outgoing-63 >> Host: localhost:3000
16:19:20.000 [pool-2-thread-10] DEBUG org.apache.http.headers -- http-outgoing-63 >> Connection: Keep-Alive
16:19:20.000 [pool-2-thread-10] DEBUG org.apache.http.headers -- http-outgoing-63 >> User-Agent: Apache-HttpClient/4.5.14 (Java/17.0.9)
16:19:20.000 [pool-2-thread-10] DEBUG org.apache.http.headers -- http-outgoing-63 >> Accept-Encoding: gzip,deflate
16:19:20.000 [pool-2-thread-10] DEBUG org.apache.http.wire -- http-outgoing-63 >> "POST /auth/login HTTP/1.1[\r][\n]"
16:19:20.000 [pool-2-thread-10] DEBUG org.apache.http.wire -- http-outgoing-63 >> "Content-Type: application/json; charset=UTF-8[\r][\n]"
16:19:20.000 [pool-2-thread-10] DEBUG org.apache.http.wire -- http-outgoing-63 >> "Content-Length: 54[\r][\n]"
16:19:20.000 [pool-2-thread-10] DEBUG org.apache.http.wire -- http-outgoing-63 >> "Host: localhost:3000[\r][\n]"
16:19:20.000 [pool-2-thread-10] DEBUG org.apache.http.wire -- http-outgoing-63 >> "Connection: Keep-Alive[\r][\n]"
16:19:20.000 [pool-2-thread-10] DEBUG org.apache.http.wire -- http-outgoing-63 >> "User-Agent: Apache-HttpClient/4.5.14 (Java/17.0.9)[\r][\n]"
16:19:20.000 [pool-2-thread-10] DEBUG org.apache.http.wire -- http-outgoing-63 >> "Accept-Encoding: gzip,deflate[\r][\n]"
16:19:20.000 [pool-2-thread-10] DEBUG org.apache.http.wire -- http-outgoing-63 >> "[\r][\n]"
16:19:20.000 [pool-2-thread-10] DEBUG org.apache.http.wire -- http-outgoing-63 >> "{"email":"testit2@gmail.com","password":"Password123"}"
16:19:19.845 [pool-2-thread-94] DEBUG org.apache.http.impl.conn.PoolingHttpClientConnectionManager -- Connection leased: [id: 66][route: {}->http://localhost:3000][total available: 0; route allocated: 1 of 5; total allocated: 1 of 10]
16:19:19.845 [pool-2-thread-23] DEBUG org.apache.http.impl.conn.PoolingHttpClientConnectionManager -- Connection leased: [id: 67][route: {}->http://localhost:3000][total available: 0; route allocated: 1 of 5; total allocated: 1 of 10]
16:19:19.845 [pool-2-thread-5] DEBUG org.apache.http.impl.conn.PoolingHttpClientConnectionManager -- Connection leased: [id: 68][route: {}->http://localhost:3000][total available: 0; route allocated: 1 of 5; total allocated: 1 of 10]
16:19:20.029 [pool-2-thread-5] DEBUG org.apache.http.impl.execchain.MainClientExec -- Opening connection {}->http://localhost:3000
16:19:20.029 [pool-2-thread-94] DEBUG org.apache.http.impl.execchain.MainClientExec -- Opening connection {}->http://localhost:3000
16:19:20.029 [pool-2-thread-94] DEBUG org.apache.http.impl.conn.DefaultHttpClientConnectionOperator -- Connecting to localhost/127.0.0.1:3000
16:19:20.029 [pool-2-thread-5] DEBUG org.apache.http.impl.conn.DefaultHttpClientConnectionOperator -- Connecting to localhost/127.0.0.1:3000
16:19:20.030 [pool-2-thread-94] DEBUG org.apache.http.impl.conn.DefaultHttpClientConnectionOperator -- Connection established 127.0.0.1:51433<->127.0.0.1:3000
16:19:20.030 [pool-2-thread-5] DEBUG org.apache.http.impl.conn.DefaultHttpClientConnectionOperator -- Connection established 127.0.0.1:51434<->127.0.0.1:3000
16:19:20.030 [pool-2-thread-94] DEBUG org.apache.http.impl.conn.DefaultManagedHttpClientConnection -- http-outgoing-4: set socket timeout to 30000
16:19:20.030 [pool-2-thread-5] DEBUG org.apache.http.impl.conn.DefaultManagedHttpClientConnection -- http-outgoing-38: set socket timeout to 30000
16:19:20.030 [pool-2-thread-94] DEBUG org.apache.http.impl.execchain.MainClientExec -- Executing request POST /auth/login HTTP/1.1
16:19:20.030 [pool-2-thread-5] DEBUG org.apache.http.impl.execchain.MainClientExec -- Executing request POST /auth/login HTTP/1.1
16:19:20.030 [pool-2-thread-94] DEBUG org.apache.http.impl.execchain.MainClientExec -- Target auth state: UNCHALLENGED
16:19:20.030 [pool-2-thread-94] DEBUG org.apache.http.impl.execchain.MainClientExec -- Proxy auth state: UNCHALLENGED
16:19:20.030 [pool-2-thread-94] DEBUG org.apache.http.headers -- http-outgoing-4 >> POST /auth/login HTTP/1.1
16:19:20.030 [pool-2-thread-94] DEBUG org.apache.http.headers -- http-outgoing-4 >> Content-Type: application/json; charset=UTF-8
16:19:20.030 [pool-2-thread-94] DEBUG org.apache.http.headers -- http-outgoing-4 >> Content-Length: 54
16:19:20.030 [pool-2-thread-94] DEBUG org.apache.http.headers -- http-outgoing-4 >> Host: localhost:3000
16:19:20.030 [pool-2-thread-94] DEBUG org.apache.http.headers -- http-outgoing-4 >> Connection: Keep-Alive
16:19:20.030 [pool-2-thread-94] DEBUG org.apache.http.headers -- http-outgoing-4 >> User-Agent: Apache-HttpClient/4.5.14 (Java/17.0.9)
16:19:20.030 [pool-2-thread-94] DEBUG org.apache.http.headers -- http-outgoing-4 >> Accept-Encoding: gzip,deflate
16:19:20.030 [pool-2-thread-94] DEBUG org.apache.http.wire -- http-outgoing-4 >> "POST /auth/login HTTP/1.1[\r][\n]"
16:19:20.030 [pool-2-thread-94] DEBUG org.apache.http.wire -- http-outgoing-4 >> "Content-Type: application/json; charset=UTF-8[\r][\n]"
16:19:20.030 [pool-2-thread-94] DEBUG org.apache.http.wire -- http-outgoing-4 >> "Content-Length: 54[\r][\n]"
16:19:20.030 [pool-2-thread-94] DEBUG org.apache.http.wire -- http-outgoing-4 >> "Host: localhost:3000[\r][\n]"
16:19:20.030 [pool-2-thread-94] DEBUG org.apache.http.wire -- http-outgoing-4 >> "Connection: Keep-Alive[\r][\n]"
16:19:20.030 [pool-2-thread-94] DEBUG org.apache.http.wire -- http-outgoing-4 >> "User-Agent: Apache-HttpClient/4.5.14 (Java/17.0.9)[\r][\n]"
16:19:20.030 [pool-2-thread-94] DEBUG org.apache.http.wire -- http-outgoing-4 >> "Accept-Encoding: gzip,deflate[\r][\n]"
16:19:20.030 [pool-2-thread-94] DEBUG org.apache.http.wire -- http-outgoing-4 >> "[\r][\n]"
16:19:20.030 [pool-2-thread-94] DEBUG org.apache.http.wire -- http-outgoing-4 >> "{"email":"test2@example.com","password":"Password123"}"
16:19:19.845 [pool-2-thread-64] DEBUG org.apache.http.impl.conn.PoolingHttpClientConnectionManager -- Connection leased: [id: 69][route: {}->http://localhost:3000][total available: 0; route allocated: 1 of 5; total allocated: 1 of 10]
16:19:20.040 [pool-2-thread-64] DEBUG org.apache.http.impl.execchain.MainClientExec -- Opening connection {}->http://localhost:3000
16:19:20.041 [pool-2-thread-64] DEBUG org.apache.http.impl.conn.DefaultHttpClientConnectionOperator -- Connecting to localhost/127.0.0.1:3000
16:19:20.042 [pool-2-thread-64] DEBUG org.apache.http.impl.conn.DefaultHttpClientConnectionOperator -- Connection established 127.0.0.1:51435<->127.0.0.1:3000
16:19:20.043 [pool-2-thread-64] DEBUG org.apache.http.impl.conn.DefaultManagedHttpClientConnection -- http-outgoing-13: set socket timeout to 30000
16:19:20.043 [pool-2-thread-64] DEBUG org.apache.http.impl.execchain.MainClientExec -- Executing request POST /auth/login HTTP/1.1
16:19:20.043 [pool-2-thread-64] DEBUG org.apache.http.impl.execchain.MainClientExec -- Target auth state: UNCHALLENGED
16:19:20.043 [pool-2-thread-64] DEBUG org.apache.http.impl.execchain.MainClientExec -- Proxy auth state: UNCHALLENGED
16:19:20.044 [pool-2-thread-64] DEBUG org.apache.http.headers -- http-outgoing-13 >> POST /auth/login HTTP/1.1
16:19:20.044 [pool-2-thread-64] DEBUG org.apache.http.headers -- http-outgoing-13 >> Content-Type: application/json; charset=UTF-8
16:19:20.044 [pool-2-thread-64] DEBUG org.apache.http.headers -- http-outgoing-13 >> Content-Length: 54
16:19:20.044 [pool-2-thread-64] DEBUG org.apache.http.headers -- http-outgoing-13 >> Host: localhost:3000
16:19:20.044 [pool-2-thread-64] DEBUG org.apache.http.headers -- http-outgoing-13 >> Connection: Keep-Alive
16:19:20.044 [pool-2-thread-64] DEBUG org.apache.http.headers -- http-outgoing-13 >> User-Agent: Apache-HttpClient/4.5.14 (Java/17.0.9)
16:19:20.044 [pool-2-thread-64] DEBUG org.apache.http.headers -- http-outgoing-13 >> Accept-Encoding: gzip,deflate
16:19:20.044 [pool-2-thread-64] DEBUG org.apache.http.wire -- http-outgoing-13 >> "POST /auth/login HTTP/1.1[\r][\n]"
16:19:20.044 [pool-2-thread-64] DEBUG org.apache.http.wire -- http-outgoing-13 >> "Content-Type: application/json; charset=UTF-8[\r][\n]"
16:19:20.044 [pool-2-thread-64] DEBUG org.apache.http.wire -- http-outgoing-13 >> "Content-Length: 54[\r][\n]"
16:19:20.044 [pool-2-thread-64] DEBUG org.apache.http.wire -- http-outgoing-13 >> "Host: localhost:3000[\r][\n]"
16:19:20.044 [pool-2-thread-64] DEBUG org.apache.http.wire -- http-outgoing-13 >> "Connection: Keep-Alive[\r][\n]"
16:19:20.045 [pool-2-thread-64] DEBUG org.apache.http.wire -- http-outgoing-13 >> "User-Agent: Apache-HttpClient/4.5.14 (Java/17.0.9)[\r][\n]"
16:19:20.045 [pool-2-thread-64] DEBUG org.apache.http.wire -- http-outgoing-13 >> "Accept-Encoding: gzip,deflate[\r][\n]"
16:19:20.045 [pool-2-thread-64] DEBUG org.apache.http.wire -- http-outgoing-13 >> "[\r][\n]"
16:19:20.045 [pool-2-thread-64] DEBUG org.apache.http.wire -- http-outgoing-13 >> "{"email":"test2@example.com","password":"Password123"}"
16:19:19.845 [pool-2-thread-76] DEBUG org.apache.http.impl.execchain.MainClientExec -- Opening connection {}->http://localhost:3000
16:19:20.048 [pool-2-thread-76] DEBUG org.apache.http.impl.conn.DefaultHttpClientConnectionOperator -- Connecting to localhost/127.0.0.1:3000
16:19:20.050 [pool-2-thread-76] DEBUG org.apache.http.impl.conn.DefaultHttpClientConnectionOperator -- Connection established 127.0.0.1:51436<->127.0.0.1:3000
16:19:20.050 [pool-2-thread-76] DEBUG org.apache.http.impl.conn.DefaultManagedHttpClientConnection -- http-outgoing-23: set socket timeout to 30000
16:19:20.050 [pool-2-thread-76] DEBUG org.apache.http.impl.execchain.MainClientExec -- Executing request POST /auth/login HTTP/1.1
16:19:20.050 [pool-2-thread-76] DEBUG org.apache.http.impl.execchain.MainClientExec -- Target auth state: UNCHALLENGED
16:19:20.050 [pool-2-thread-76] DEBUG org.apache.http.impl.execchain.MainClientExec -- Proxy auth state: UNCHALLENGED
16:19:20.050 [pool-2-thread-76] DEBUG org.apache.http.headers -- http-outgoing-23 >> POST /auth/login HTTP/1.1
16:19:20.050 [pool-2-thread-76] DEBUG org.apache.http.headers -- http-outgoing-23 >> Content-Type: application/json; charset=UTF-8
16:19:20.050 [pool-2-thread-76] DEBUG org.apache.http.headers -- http-outgoing-23 >> Content-Length: 54
16:19:20.050 [pool-2-thread-76] DEBUG org.apache.http.headers -- http-outgoing-23 >> Host: localhost:3000
16:19:20.050 [pool-2-thread-76] DEBUG org.apache.http.headers -- http-outgoing-23 >> Connection: Keep-Alive
16:19:20.050 [pool-2-thread-76] DEBUG org.apache.http.headers -- http-outgoing-23 >> User-Agent: Apache-HttpClient/4.5.14 (Java/17.0.9)
16:19:20.050 [pool-2-thread-76] DEBUG org.apache.http.headers -- http-outgoing-23 >> Accept-Encoding: gzip,deflate
16:19:20.050 [pool-2-thread-76] DEBUG org.apache.http.wire -- http-outgoing-23 >> "POST /auth/login HTTP/1.1[\r][\n]"
16:19:20.050 [pool-2-thread-76] DEBUG org.apache.http.wire -- http-outgoing-23 >> "Content-Type: application/json; charset=UTF-8[\r][\n]"
16:19:20.050 [pool-2-thread-76] DEBUG org.apache.http.wire -- http-outgoing-23 >> "Content-Length: 54[\r][\n]"
16:19:20.050 [pool-2-thread-76] DEBUG org.apache.http.wire -- http-outgoing-23 >> "Host: localhost:3000[\r][\n]"
16:19:20.050 [pool-2-thread-76] DEBUG org.apache.http.wire -- http-outgoing-23 >> "Connection: Keep-Alive[\r][\n]"
16:19:20.050 [pool-2-thread-76] DEBUG org.apache.http.wire -- http-outgoing-23 >> "User-Agent: Apache-HttpClient/4.5.14 (Java/17.0.9)[\r][\n]"
16:19:20.050 [pool-2-thread-76] DEBUG org.apache.http.wire -- http-outgoing-23 >> "Accept-Encoding: gzip,deflate[\r][\n]"
16:19:20.050 [pool-2-thread-76] DEBUG org.apache.http.wire -- http-outgoing-23 >> "[\r][\n]"
16:19:20.050 [pool-2-thread-76] DEBUG org.apache.http.wire -- http-outgoing-23 >> "{"email":"testit4@gmail.com","password":"Password123"}"
16:19:19.846 [pool-2-thread-81] DEBUG org.apache.http.impl.conn.PoolingHttpClientConnectionManager -- Connection leased: [id: 70][route: {}->http://localhost:3000][total available: 0; route allocated: 1 of 5; total allocated: 1 of 10]
16:19:19.846 [pool-2-thread-90] DEBUG org.apache.http.impl.conn.PoolingHttpClientConnectionManager -- Connection leased: [id: 73][route: {}->http://localhost:3000][total available: 0; route allocated: 1 of 5; total allocated: 1 of 10]
16:19:19.846 [pool-2-thread-48] DEBUG org.apache.http.impl.conn.PoolingHttpClientConnectionManager -- Connection leased: [id: 72][route: {}->http://localhost:3000][total available: 0; route allocated: 1 of 5; total allocated: 1 of 10]
16:19:20.051 [pool-2-thread-90] DEBUG org.apache.http.impl.execchain.MainClientExec -- Opening connection {}->http://localhost:3000
16:19:20.051 [pool-2-thread-81] DEBUG org.apache.http.impl.execchain.MainClientExec -- Opening connection {}->http://localhost:3000
16:19:20.051 [pool-2-thread-90] DEBUG org.apache.http.impl.conn.DefaultHttpClientConnectionOperator -- Connecting to localhost/127.0.0.1:3000
16:19:20.052 [pool-2-thread-81] DEBUG org.apache.http.impl.conn.DefaultHttpClientConnectionOperator -- Connecting to localhost/127.0.0.1:3000
16:19:20.052 [pool-2-thread-90] DEBUG org.apache.http.impl.conn.DefaultHttpClientConnectionOperator -- Connection established 127.0.0.1:51437<->127.0.0.1:3000
16:19:20.052 [pool-2-thread-81] DEBUG org.apache.http.impl.conn.DefaultHttpClientConnectionOperator -- Connection established 127.0.0.1:51438<->127.0.0.1:3000
16:19:20.052 [pool-2-thread-90] DEBUG org.apache.http.impl.conn.DefaultManagedHttpClientConnection -- http-outgoing-5: set socket timeout to 30000
16:19:20.052 [pool-2-thread-81] DEBUG org.apache.http.impl.conn.DefaultManagedHttpClientConnection -- http-outgoing-83: set socket timeout to 30000
16:19:20.052 [pool-2-thread-90] DEBUG org.apache.http.impl.execchain.MainClientExec -- Executing request POST /auth/login HTTP/1.1
16:19:20.052 [pool-2-thread-90] DEBUG org.apache.http.impl.execchain.MainClientExec -- Target auth state: UNCHALLENGED
16:19:20.052 [pool-2-thread-90] DEBUG org.apache.http.impl.execchain.MainClientExec -- Proxy auth state: UNCHALLENGED
16:19:20.052 [pool-2-thread-90] DEBUG org.apache.http.headers -- http-outgoing-5 >> POST /auth/login HTTP/1.1
16:19:20.052 [pool-2-thread-90] DEBUG org.apache.http.headers -- http-outgoing-5 >> Content-Type: application/json; charset=UTF-8
16:19:20.052 [pool-2-thread-90] DEBUG org.apache.http.headers -- http-outgoing-5 >> Content-Length: 54
16:19:20.052 [pool-2-thread-90] DEBUG org.apache.http.headers -- http-outgoing-5 >> Host: localhost:3000
16:19:20.052 [pool-2-thread-90] DEBUG org.apache.http.headers -- http-outgoing-5 >> Connection: Keep-Alive
16:19:20.052 [pool-2-thread-90] DEBUG org.apache.http.headers -- http-outgoing-5 >> User-Agent: Apache-HttpClient/4.5.14 (Java/17.0.9)
16:19:20.052 [pool-2-thread-90] DEBUG org.apache.http.headers -- http-outgoing-5 >> Accept-Encoding: gzip,deflate
16:19:20.052 [pool-2-thread-90] DEBUG org.apache.http.wire -- http-outgoing-5 >> "POST /auth/login HTTP/1.1[\r][\n]"
16:19:20.052 [pool-2-thread-90] DEBUG org.apache.http.wire -- http-outgoing-5 >> "Content-Type: application/json; charset=UTF-8[\r][\n]"
16:19:20.052 [pool-2-thread-90] DEBUG org.apache.http.wire -- http-outgoing-5 >> "Content-Length: 54[\r][\n]"
16:19:20.052 [pool-2-thread-90] DEBUG org.apache.http.wire -- http-outgoing-5 >> "Host: localhost:3000[\r][\n]"
16:19:20.052 [pool-2-thread-90] DEBUG org.apache.http.wire -- http-outgoing-5 >> "Connection: Keep-Alive[\r][\n]"
16:19:20.052 [pool-2-thread-90] DEBUG org.apache.http.wire -- http-outgoing-5 >> "User-Agent: Apache-HttpClient/4.5.14 (Java/17.0.9)[\r][\n]"
16:19:20.052 [pool-2-thread-90] DEBUG org.apache.http.wire -- http-outgoing-5 >> "Accept-Encoding: gzip,deflate[\r][\n]"
16:19:20.052 [pool-2-thread-90] DEBUG org.apache.http.wire -- http-outgoing-5 >> "[\r][\n]"
16:19:20.052 [pool-2-thread-90] DEBUG org.apache.http.wire -- http-outgoing-5 >> "{"email":"testit2@gmail.com","password":"Password123"}"
16:19:19.846 [pool-2-thread-4] DEBUG org.apache.http.impl.execchain.MainClientExec -- Opening connection {}->http://localhost:3000
16:19:20.060 [pool-2-thread-4] DEBUG org.apache.http.impl.conn.DefaultHttpClientConnectionOperator -- Connecting to localhost/127.0.0.1:3000
16:19:20.062 [pool-2-thread-4] DEBUG org.apache.http.impl.conn.DefaultHttpClientConnectionOperator -- Connection established 127.0.0.1:51439<->127.0.0.1:3000
16:19:20.063 [pool-2-thread-4] DEBUG org.apache.http.impl.conn.DefaultManagedHttpClientConnection -- http-outgoing-67: set socket timeout to 30000
16:19:20.063 [pool-2-thread-4] DEBUG org.apache.http.impl.execchain.MainClientExec -- Executing request POST /auth/login HTTP/1.1
16:19:20.063 [pool-2-thread-4] DEBUG org.apache.http.impl.execchain.MainClientExec -- Target auth state: UNCHALLENGED
16:19:20.063 [pool-2-thread-4] DEBUG org.apache.http.impl.execchain.MainClientExec -- Proxy auth state: UNCHALLENGED
16:19:20.064 [pool-2-thread-4] DEBUG org.apache.http.headers -- http-outgoing-67 >> POST /auth/login HTTP/1.1
16:19:20.064 [pool-2-thread-4] DEBUG org.apache.http.headers -- http-outgoing-67 >> Content-Type: application/json; charset=UTF-8
16:19:20.064 [pool-2-thread-4] DEBUG org.apache.http.headers -- http-outgoing-67 >> Content-Length: 54
16:19:20.064 [pool-2-thread-4] DEBUG org.apache.http.headers -- http-outgoing-67 >> Host: localhost:3000
16:19:20.064 [pool-2-thread-4] DEBUG org.apache.http.headers -- http-outgoing-67 >> Connection: Keep-Alive
16:19:20.064 [pool-2-thread-4] DEBUG org.apache.http.headers -- http-outgoing-67 >> User-Agent: Apache-HttpClient/4.5.14 (Java/17.0.9)
16:19:20.064 [pool-2-thread-4] DEBUG org.apache.http.headers -- http-outgoing-67 >> Accept-Encoding: gzip,deflate
16:19:20.064 [pool-2-thread-4] DEBUG org.apache.http.wire -- http-outgoing-67 >> "POST /auth/login HTTP/1.1[\r][\n]"
16:19:20.064 [pool-2-thread-4] DEBUG org.apache.http.wire -- http-outgoing-67 >> "Content-Type: application/json; charset=UTF-8[\r][\n]"
16:19:20.064 [pool-2-thread-4] DEBUG org.apache.http.wire -- http-outgoing-67 >> "Content-Length: 54[\r][\n]"
16:19:20.064 [pool-2-thread-4] DEBUG org.apache.http.wire -- http-outgoing-67 >> "Host: localhost:3000[\r][\n]"
16:19:20.064 [pool-2-thread-4] DEBUG org.apache.http.wire -- http-outgoing-67 >> "Connection: Keep-Alive[\r][\n]"
16:19:20.064 [pool-2-thread-4] DEBUG org.apache.http.wire -- http-outgoing-67 >> "User-Agent: Apache-HttpClient/4.5.14 (Java/17.0.9)[\r][\n]"
16:19:20.064 [pool-2-thread-4] DEBUG org.apache.http.wire -- http-outgoing-67 >> "Accept-Encoding: gzip,deflate[\r][\n]"
16:19:20.064 [pool-2-thread-4] DEBUG org.apache.http.wire -- http-outgoing-67 >> "[\r][\n]"
16:19:20.064 [pool-2-thread-4] DEBUG org.apache.http.wire -- http-outgoing-67 >> "{"email":"test2@example.com","password":"Password123"}"
16:19:19.848 [pool-2-thread-57] DEBUG org.apache.http.impl.conn.PoolingHttpClientConnectionManager -- Connection leased: [id: 78][route: {}->http://localhost:3000][total available: 0; route allocated: 1 of 5; total allocated: 1 of 10]
16:19:19.848 [pool-2-thread-61] DEBUG org.apache.http.impl.conn.PoolingHttpClientConnectionManager -- Connection leased: [id: 81][route: {}->http://localhost:3000][total available: 0; route allocated: 1 of 5; total allocated: 1 of 10]
16:19:19.849 [pool-2-thread-11] DEBUG org.apache.http.impl.conn.PoolingHttpClientConnectionManager -- Connection leased: [id: 85][route: {}->http://localhost:3000][total available: 0; route allocated: 1 of 5; total allocated: 1 of 10]
16:19:20.070 [pool-2-thread-61] DEBUG org.apache.http.impl.execchain.MainClientExec -- Opening connection {}->http://localhost:3000
16:19:20.069 [pool-2-thread-57] DEBUG org.apache.http.impl.execchain.MainClientExec -- Opening connection {}->http://localhost:3000
16:19:19.849 [pool-2-thread-74] DEBUG org.apache.http.impl.execchain.MainClientExec -- Opening connection {}->http://localhost:3000
16:19:19.848 [pool-2-thread-55] DEBUG org.apache.http.impl.conn.PoolingHttpClientConnectionManager -- Connection leased: [id: 82][route: {}->http://localhost:3000][total available: 0; route allocated: 1 of 5; total allocated: 1 of 10]
16:19:20.071 [pool-2-thread-57] DEBUG org.apache.http.impl.conn.DefaultHttpClientConnectionOperator -- Connecting to localhost/127.0.0.1:3000
16:19:19.849 [pool-2-thread-20] DEBUG org.apache.http.impl.conn.PoolingHttpClientConnectionManager -- Connection leased: [id: 87][route: {}->http://localhost:3000][total available: 0; route allocated: 1 of 5; total allocated: 1 of 10]
16:19:20.071 [pool-2-thread-20] DEBUG org.apache.http.impl.execchain.MainClientExec -- Opening connection {}->http://localhost:3000
16:19:20.071 [pool-2-thread-20] DEBUG org.apache.http.impl.conn.DefaultHttpClientConnectionOperator -- Connecting to localhost/127.0.0.1:3000
16:19:20.073 [pool-2-thread-20] DEBUG org.apache.http.impl.conn.DefaultHttpClientConnectionOperator -- Connection established 127.0.0.1:51440<->127.0.0.1:3000
16:19:20.079 [pool-2-thread-20] DEBUG org.apache.http.impl.conn.DefaultManagedHttpClientConnection -- http-outgoing-62: set socket timeout to 30000
16:19:20.080 [pool-2-thread-20] DEBUG org.apache.http.impl.execchain.MainClientExec -- Executing request POST /auth/login HTTP/1.1
16:19:20.080 [pool-2-thread-20] DEBUG org.apache.http.impl.execchain.MainClientExec -- Target auth state: UNCHALLENGED
16:19:20.080 [pool-2-thread-20] DEBUG org.apache.http.impl.execchain.MainClientExec -- Proxy auth state: UNCHALLENGED
16:19:20.080 [pool-2-thread-20] DEBUG org.apache.http.headers -- http-outgoing-62 >> POST /auth/login HTTP/1.1
16:19:20.080 [pool-2-thread-20] DEBUG org.apache.http.headers -- http-outgoing-62 >> Content-Type: application/json; charset=UTF-8
16:19:20.081 [pool-2-thread-20] DEBUG org.apache.http.headers -- http-outgoing-62 >> Content-Length: 54
16:19:20.081 [pool-2-thread-20] DEBUG org.apache.http.headers -- http-outgoing-62 >> Host: localhost:3000
16:19:20.081 [pool-2-thread-20] DEBUG org.apache.http.headers -- http-outgoing-62 >> Connection: Keep-Alive
16:19:20.081 [pool-2-thread-20] DEBUG org.apache.http.headers -- http-outgoing-62 >> User-Agent: Apache-HttpClient/4.5.14 (Java/17.0.9)
16:19:20.081 [pool-2-thread-20] DEBUG org.apache.http.headers -- http-outgoing-62 >> Accept-Encoding: gzip,deflate
16:19:20.082 [pool-2-thread-20] DEBUG org.apache.http.wire -- http-outgoing-62 >> "POST /auth/login HTTP/1.1[\r][\n]"
16:19:20.082 [pool-2-thread-20] DEBUG org.apache.http.wire -- http-outgoing-62 >> "Content-Type: application/json; charset=UTF-8[\r][\n]"
16:19:20.082 [pool-2-thread-20] DEBUG org.apache.http.wire -- http-outgoing-62 >> "Content-Length: 54[\r][\n]"
16:19:20.082 [pool-2-thread-20] DEBUG org.apache.http.wire -- http-outgoing-62 >> "Host: localhost:3000[\r][\n]"
16:19:20.082 [pool-2-thread-20] DEBUG org.apache.http.wire -- http-outgoing-62 >> "Connection: Keep-Alive[\r][\n]"
16:19:20.082 [pool-2-thread-20] DEBUG org.apache.http.wire -- http-outgoing-62 >> "User-Agent: Apache-HttpClient/4.5.14 (Java/17.0.9)[\r][\n]"
16:19:20.083 [pool-2-thread-20] DEBUG org.apache.http.wire -- http-outgoing-62 >> "Accept-Encoding: gzip,deflate[\r][\n]"
16:19:20.084 [pool-2-thread-20] DEBUG org.apache.http.wire -- http-outgoing-62 >> "[\r][\n]"
16:19:20.084 [pool-2-thread-20] DEBUG org.apache.http.wire -- http-outgoing-62 >> "{"email":"testit2@gmail.com","password":"Password123"}"
16:19:20.092 [pool-2-thread-57] DEBUG org.apache.http.impl.conn.DefaultHttpClientConnectionOperator -- Connection established 127.0.0.1:51441<->127.0.0.1:3000
16:19:20.093 [pool-2-thread-57] DEBUG org.apache.http.impl.conn.DefaultManagedHttpClientConnection -- http-outgoing-86: set socket timeout to 30000
16:19:20.093 [pool-2-thread-57] DEBUG org.apache.http.impl.execchain.MainClientExec -- Executing request POST /auth/login HTTP/1.1
16:19:20.093 [pool-2-thread-57] DEBUG org.apache.http.impl.execchain.MainClientExec -- Target auth state: UNCHALLENGED
16:19:20.093 [pool-2-thread-57] DEBUG org.apache.http.impl.execchain.MainClientExec -- Proxy auth state: UNCHALLENGED
16:19:20.093 [pool-2-thread-57] DEBUG org.apache.http.headers -- http-outgoing-86 >> POST /auth/login HTTP/1.1
16:19:20.093 [pool-2-thread-57] DEBUG org.apache.http.headers -- http-outgoing-86 >> Content-Type: application/json; charset=UTF-8
16:19:20.093 [pool-2-thread-57] DEBUG org.apache.http.headers -- http-outgoing-86 >> Content-Length: 54
16:19:20.093 [pool-2-thread-57] DEBUG org.apache.http.headers -- http-outgoing-86 >> Host: localhost:3000
16:19:20.093 [pool-2-thread-57] DEBUG org.apache.http.headers -- http-outgoing-86 >> Connection: Keep-Alive
16:19:20.093 [pool-2-thread-57] DEBUG org.apache.http.headers -- http-outgoing-86 >> User-Agent: Apache-HttpClient/4.5.14 (Java/17.0.9)
16:19:20.093 [pool-2-thread-57] DEBUG org.apache.http.headers -- http-outgoing-86 >> Accept-Encoding: gzip,deflate
16:19:20.093 [pool-2-thread-57] DEBUG org.apache.http.wire -- http-outgoing-86 >> "POST /auth/login HTTP/1.1[\r][\n]"
16:19:20.093 [pool-2-thread-57] DEBUG org.apache.http.wire -- http-outgoing-86 >> "Content-Type: application/json; charset=UTF-8[\r][\n]"
16:19:20.093 [pool-2-thread-57] DEBUG org.apache.http.wire -- http-outgoing-86 >> "Content-Length: 54[\r][\n]"
16:19:20.093 [pool-2-thread-57] DEBUG org.apache.http.wire -- http-outgoing-86 >> "Host: localhost:3000[\r][\n]"
16:19:20.093 [pool-2-thread-57] DEBUG org.apache.http.wire -- http-outgoing-86 >> "Connection: Keep-Alive[\r][\n]"
16:19:20.093 [pool-2-thread-57] DEBUG org.apache.http.wire -- http-outgoing-86 >> "User-Agent: Apache-HttpClient/4.5.14 (Java/17.0.9)[\r][\n]"
16:19:20.093 [pool-2-thread-57] DEBUG org.apache.http.wire -- http-outgoing-86 >> "Accept-Encoding: gzip,deflate[\r][\n]"
16:19:20.093 [pool-2-thread-57] DEBUG org.apache.http.wire -- http-outgoing-86 >> "[\r][\n]"
16:19:20.093 [pool-2-thread-57] DEBUG org.apache.http.wire -- http-outgoing-86 >> "{"email":"testit3@gmail.com","password":"Password123"}"
16:19:19.849 [pool-2-thread-46] DEBUG org.apache.http.impl.conn.PoolingHttpClientConnectionManager -- Connection leased: [id: 89][route: {}->http://localhost:3000][total available: 0; route allocated: 1 of 5; total allocated: 1 of 10]
16:19:20.105 [pool-2-thread-46] DEBUG org.apache.http.impl.execchain.MainClientExec -- Opening connection {}->http://localhost:3000
16:19:19.849 [pool-2-thread-44] DEBUG org.apache.http.impl.conn.PoolingHttpClientConnectionManager -- Connection leased: [id: 90][route: {}->http://localhost:3000][total available: 0; route allocated: 1 of 5; total allocated: 1 of 10]
16:19:20.106 [pool-2-thread-44] DEBUG org.apache.http.impl.execchain.MainClientExec -- Opening connection {}->http://localhost:3000
16:19:19.849 [pool-2-thread-14] DEBUG org.apache.http.impl.conn.PoolingHttpClientConnectionManager -- Connection leased: [id: 91][route: {}->http://localhost:3000][total available: 0; route allocated: 1 of 5; total allocated: 1 of 10]
16:19:20.106 [pool-2-thread-46] DEBUG org.apache.http.impl.conn.DefaultHttpClientConnectionOperator -- Connecting to localhost/127.0.0.1:3000
16:19:20.106 [pool-2-thread-14] DEBUG org.apache.http.impl.execchain.MainClientExec -- Opening connection {}->http://localhost:3000
16:19:20.106 [pool-2-thread-44] DEBUG org.apache.http.impl.conn.DefaultHttpClientConnectionOperator -- Connecting to localhost/127.0.0.1:3000
16:19:20.107 [pool-2-thread-14] DEBUG org.apache.http.impl.conn.DefaultHttpClientConnectionOperator -- Connecting to localhost/127.0.0.1:3000
16:19:20.107 [pool-2-thread-44] DEBUG org.apache.http.impl.conn.DefaultHttpClientConnectionOperator -- Connection established 127.0.0.1:51443<->127.0.0.1:3000
16:19:20.107 [pool-2-thread-14] DEBUG org.apache.http.impl.conn.DefaultHttpClientConnectionOperator -- Connection established 127.0.0.1:51444<->127.0.0.1:3000
16:19:20.107 [pool-2-thread-14] DEBUG org.apache.http.impl.conn.DefaultManagedHttpClientConnection -- http-outgoing-91: set socket timeout to 30000
16:19:20.107 [pool-2-thread-44] DEBUG org.apache.http.impl.conn.DefaultManagedHttpClientConnection -- http-outgoing-90: set socket timeout to 30000
16:19:20.107 [pool-2-thread-44] DEBUG org.apache.http.impl.execchain.MainClientExec -- Executing request POST /auth/login HTTP/1.1
16:19:20.107 [pool-2-thread-14] DEBUG org.apache.http.impl.execchain.MainClientExec -- Executing request POST /auth/login HTTP/1.1
16:19:20.107 [pool-2-thread-14] DEBUG org.apache.http.impl.execchain.MainClientExec -- Target auth state: UNCHALLENGED
16:19:20.107 [pool-2-thread-14] DEBUG org.apache.http.impl.execchain.MainClientExec -- Proxy auth state: UNCHALLENGED
16:19:20.108 [pool-2-thread-46] DEBUG org.apache.http.impl.conn.DefaultHttpClientConnectionOperator -- Connection established 127.0.0.1:51442<->127.0.0.1:3000
16:19:20.108 [pool-2-thread-46] DEBUG org.apache.http.impl.conn.DefaultManagedHttpClientConnection -- http-outgoing-89: set socket timeout to 30000
16:19:20.108 [pool-2-thread-14] DEBUG org.apache.http.headers -- http-outgoing-91 >> POST /auth/login HTTP/1.1
16:19:20.108 [pool-2-thread-14] DEBUG org.apache.http.headers -- http-outgoing-91 >> Content-Type: application/json; charset=UTF-8
16:19:20.108 [pool-2-thread-14] DEBUG org.apache.http.headers -- http-outgoing-91 >> Content-Length: 54
16:19:20.108 [pool-2-thread-14] DEBUG org.apache.http.headers -- http-outgoing-91 >> Host: localhost:3000
16:19:20.108 [pool-2-thread-14] DEBUG org.apache.http.headers -- http-outgoing-91 >> Connection: Keep-Alive
16:19:20.108 [pool-2-thread-14] DEBUG org.apache.http.headers -- http-outgoing-91 >> User-Agent: Apache-HttpClient/4.5.14 (Java/17.0.9)
16:19:20.108 [pool-2-thread-14] DEBUG org.apache.http.headers -- http-outgoing-91 >> Accept-Encoding: gzip,deflate
16:19:20.108 [pool-2-thread-14] DEBUG org.apache.http.wire -- http-outgoing-91 >> "POST /auth/login HTTP/1.1[\r][\n]"
16:19:20.108 [pool-2-thread-14] DEBUG org.apache.http.wire -- http-outgoing-91 >> "Content-Type: application/json; charset=UTF-8[\r][\n]"
16:19:20.108 [pool-2-thread-14] DEBUG org.apache.http.wire -- http-outgoing-91 >> "Content-Length: 54[\r][\n]"
16:19:20.108 [pool-2-thread-14] DEBUG org.apache.http.wire -- http-outgoing-91 >> "Host: localhost:3000[\r][\n]"
16:19:20.108 [pool-2-thread-14] DEBUG org.apache.http.wire -- http-outgoing-91 >> "Connection: Keep-Alive[\r][\n]"
16:19:20.108 [pool-2-thread-14] DEBUG org.apache.http.wire -- http-outgoing-91 >> "User-Agent: Apache-HttpClient/4.5.14 (Java/17.0.9)[\r][\n]"
16:19:20.108 [pool-2-thread-14] DEBUG org.apache.http.wire -- http-outgoing-91 >> "Accept-Encoding: gzip,deflate[\r][\n]"
16:19:19.859 [pool-2-thread-22] DEBUG org.apache.http.impl.execchain.MainClientExec -- Opening connection {}->http://localhost:3000
16:19:19.864 [pool-2-thread-2] DEBUG org.apache.http.impl.conn.DefaultHttpClientConnectionOperator -- Connecting to localhost/127.0.0.1:3000
16:19:20.109 [pool-2-thread-46] DEBUG org.apache.http.impl.execchain.MainClientExec -- Executing request POST /auth/login HTTP/1.1
16:19:20.109 [pool-2-thread-46] DEBUG org.apache.http.impl.execchain.MainClientExec -- Target auth state: UNCHALLENGED
16:19:20.109 [pool-2-thread-46] DEBUG org.apache.http.impl.execchain.MainClientExec -- Proxy auth state: UNCHALLENGED
16:19:20.109 [pool-2-thread-46] DEBUG org.apache.http.headers -- http-outgoing-89 >> POST /auth/login HTTP/1.1
16:19:20.109 [pool-2-thread-46] DEBUG org.apache.http.headers -- http-outgoing-89 >> Content-Type: application/json; charset=UTF-8
16:19:20.109 [pool-2-thread-46] DEBUG org.apache.http.headers -- http-outgoing-89 >> Content-Length: 54
16:19:20.109 [pool-2-thread-46] DEBUG org.apache.http.headers -- http-outgoing-89 >> Host: localhost:3000
16:19:20.110 [pool-2-thread-46] DEBUG org.apache.http.headers -- http-outgoing-89 >> Connection: Keep-Alive
16:19:20.110 [pool-2-thread-46] DEBUG org.apache.http.headers -- http-outgoing-89 >> User-Agent: Apache-HttpClient/4.5.14 (Java/17.0.9)
16:19:20.110 [pool-2-thread-46] DEBUG org.apache.http.headers -- http-outgoing-89 >> Accept-Encoding: gzip,deflate
16:19:20.110 [pool-2-thread-2] DEBUG org.apache.http.impl.conn.DefaultHttpClientConnectionOperator -- Connection established 127.0.0.1:51445<->127.0.0.1:3000
16:19:20.110 [pool-2-thread-2] DEBUG org.apache.http.impl.conn.DefaultManagedHttpClientConnection -- http-outgoing-1: set socket timeout to 30000
16:19:20.110 [pool-2-thread-2] DEBUG org.apache.http.impl.execchain.MainClientExec -- Executing request POST /auth/login HTTP/1.1
16:19:20.110 [pool-2-thread-2] DEBUG org.apache.http.impl.execchain.MainClientExec -- Target auth state: UNCHALLENGED
16:19:20.110 [pool-2-thread-2] DEBUG org.apache.http.impl.execchain.MainClientExec -- Proxy auth state: UNCHALLENGED
16:19:20.110 [pool-2-thread-2] DEBUG org.apache.http.headers -- http-outgoing-1 >> POST /auth/login HTTP/1.1
16:19:20.110 [pool-2-thread-2] DEBUG org.apache.http.headers -- http-outgoing-1 >> Content-Type: application/json; charset=UTF-8
16:19:20.110 [pool-2-thread-2] DEBUG org.apache.http.headers -- http-outgoing-1 >> Content-Length: 48
16:19:20.110 [pool-2-thread-2] DEBUG org.apache.http.headers -- http-outgoing-1 >> Host: localhost:3000
16:19:20.110 [pool-2-thread-2] DEBUG org.apache.http.headers -- http-outgoing-1 >> Connection: Keep-Alive
16:19:20.110 [pool-2-thread-2] DEBUG org.apache.http.headers -- http-outgoing-1 >> User-Agent: Apache-HttpClient/4.5.14 (Java/17.0.9)
16:19:20.110 [pool-2-thread-2] DEBUG org.apache.http.headers -- http-outgoing-1 >> Accept-Encoding: gzip,deflate
16:19:20.110 [pool-2-thread-2] DEBUG org.apache.http.wire -- http-outgoing-1 >> "POST /auth/login HTTP/1.1[\r][\n]"
16:19:20.110 [pool-2-thread-2] DEBUG org.apache.http.wire -- http-outgoing-1 >> "Content-Type: application/json; charset=UTF-8[\r][\n]"
16:19:20.110 [pool-2-thread-2] DEBUG org.apache.http.wire -- http-outgoing-1 >> "Content-Length: 48[\r][\n]"
16:19:20.110 [pool-2-thread-2] DEBUG org.apache.http.wire -- http-outgoing-1 >> "Host: localhost:3000[\r][\n]"
16:19:20.110 [pool-2-thread-2] DEBUG org.apache.http.wire -- http-outgoing-1 >> "Connection: Keep-Alive[\r][\n]"
16:19:20.110 [pool-2-thread-2] DEBUG org.apache.http.wire -- http-outgoing-1 >> "User-Agent: Apache-HttpClient/4.5.14 (Java/17.0.9)[\r][\n]"
16:19:20.110 [pool-2-thread-2] DEBUG org.apache.http.wire -- http-outgoing-1 >> "Accept-Encoding: gzip,deflate[\r][\n]"
16:19:20.110 [pool-2-thread-2] DEBUG org.apache.http.wire -- http-outgoing-1 >> "[\r][\n]"
16:19:19.870 [pool-2-thread-99] DEBUG org.apache.http.impl.conn.DefaultHttpClientConnectionOperator -- Connecting to localhost/127.0.0.1:3000
16:19:19.876 [pool-2-thread-17] DEBUG org.apache.http.impl.conn.DefaultHttpClientConnectionOperator -- Connection established 127.0.0.1:51380<->127.0.0.1:3000
16:19:19.876 [pool-2-thread-42] DEBUG org.apache.http.impl.conn.DefaultHttpClientConnectionOperator -- Connection established 127.0.0.1:51377<->127.0.0.1:3000
16:19:19.876 [pool-2-thread-12] DEBUG org.apache.http.impl.conn.DefaultHttpClientConnectionOperator -- Connection established 127.0.0.1:51379<->127.0.0.1:3000
16:19:19.876 [pool-2-thread-36] DEBUG org.apache.http.impl.conn.DefaultHttpClientConnectionOperator -- Connection established 127.0.0.1:51381<->127.0.0.1:3000
16:19:20.111 [pool-2-thread-12] DEBUG org.apache.http.impl.conn.DefaultManagedHttpClientConnection -- http-outgoing-26: set socket timeout to 30000
16:19:19.876 [pool-2-thread-96] DEBUG org.apache.http.impl.conn.DefaultManagedHttpClientConnection -- http-outgoing-59: set socket timeout to 30000
16:19:20.111 [pool-2-thread-36] DEBUG org.apache.http.impl.conn.DefaultManagedHttpClientConnection -- http-outgoing-92: set socket timeout to 30000
16:19:19.876 [pool-2-thread-53] DEBUG org.apache.http.impl.execchain.MainClientExec -- Executing request POST /auth/login HTTP/1.1
16:19:19.878 [pool-2-thread-85] DEBUG org.apache.http.impl.conn.DefaultHttpClientConnectionOperator -- Connecting to localhost/127.0.0.1:3000
16:19:19.879 [pool-2-thread-78] DEBUG org.apache.http.headers -- http-outgoing-68 >> POST /auth/login HTTP/1.1
16:19:20.111 [pool-2-thread-78] DEBUG org.apache.http.headers -- http-outgoing-68 >> Content-Type: application/json; charset=UTF-8
16:19:20.111 [pool-2-thread-78] DEBUG org.apache.http.headers -- http-outgoing-68 >> Content-Length: 54
16:19:20.111 [pool-2-thread-78] DEBUG org.apache.http.headers -- http-outgoing-68 >> Host: localhost:3000
16:19:20.111 [pool-2-thread-78] DEBUG org.apache.http.headers -- http-outgoing-68 >> Connection: Keep-Alive
16:19:20.111 [pool-2-thread-78] DEBUG org.apache.http.headers -- http-outgoing-68 >> User-Agent: Apache-HttpClient/4.5.14 (Java/17.0.9)
16:19:20.111 [pool-2-thread-78] DEBUG org.apache.http.headers -- http-outgoing-68 >> Accept-Encoding: gzip,deflate
16:19:20.111 [pool-2-thread-78] DEBUG org.apache.http.wire -- http-outgoing-68 >> "POST /auth/login HTTP/1.1[\r][\n]"
16:19:20.111 [pool-2-thread-78] DEBUG org.apache.http.wire -- http-outgoing-68 >> "Content-Type: application/json; charset=UTF-8[\r][\n]"
16:19:20.111 [pool-2-thread-78] DEBUG org.apache.http.wire -- http-outgoing-68 >> "Content-Length: 54[\r][\n]"
16:19:20.111 [pool-2-thread-78] DEBUG org.apache.http.wire -- http-outgoing-68 >> "Host: localhost:3000[\r][\n]"
16:19:20.111 [pool-2-thread-78] DEBUG org.apache.http.wire -- http-outgoing-68 >> "Connection: Keep-Alive[\r][\n]"
16:19:20.111 [pool-2-thread-78] DEBUG org.apache.http.wire -- http-outgoing-68 >> "User-Agent: Apache-HttpClient/4.5.14 (Java/17.0.9)[\r][\n]"
16:19:20.111 [pool-2-thread-78] DEBUG org.apache.http.wire -- http-outgoing-68 >> "Accept-Encoding: gzip,deflate[\r][\n]"
16:19:20.111 [pool-2-thread-78] DEBUG org.apache.http.wire -- http-outgoing-68 >> "[\r][\n]"
16:19:20.111 [pool-2-thread-78] DEBUG org.apache.http.wire -- http-outgoing-68 >> "{"email":"testit5@gmail.com","password":"Password123"}"
16:19:20.111 [pool-2-thread-99] DEBUG org.apache.http.impl.conn.DefaultHttpClientConnectionOperator -- Connection established 127.0.0.1:51446<->127.0.0.1:3000
16:19:20.111 [pool-2-thread-99] DEBUG org.apache.http.impl.conn.DefaultManagedHttpClientConnection -- http-outgoing-93: set socket timeout to 30000
16:19:20.111 [pool-2-thread-99] DEBUG org.apache.http.impl.execchain.MainClientExec -- Executing request POST /auth/login HTTP/1.1
16:19:19.891 [pool-2-thread-34] DEBUG org.apache.http.impl.conn.DefaultHttpClientConnectionOperator -- Connecting to localhost/127.0.0.1:3000
16:19:19.892 [pool-2-thread-35] DEBUG org.apache.http.impl.conn.DefaultHttpClientConnectionOperator -- Connecting to localhost/127.0.0.1:3000
16:19:20.115 [pool-2-thread-35] DEBUG org.apache.http.impl.conn.DefaultHttpClientConnectionOperator -- Connection established 127.0.0.1:51448<->127.0.0.1:3000
16:19:20.115 [pool-2-thread-35] DEBUG org.apache.http.impl.conn.DefaultManagedHttpClientConnection -- http-outgoing-47: set socket timeout to 30000
16:19:20.115 [pool-2-thread-35] DEBUG org.apache.http.impl.execchain.MainClientExec -- Executing request POST /auth/login HTTP/1.1
16:19:20.115 [pool-2-thread-35] DEBUG org.apache.http.impl.execchain.MainClientExec -- Target auth state: UNCHALLENGED
16:19:20.115 [pool-2-thread-35] DEBUG org.apache.http.impl.execchain.MainClientExec -- Proxy auth state: UNCHALLENGED
16:19:20.115 [pool-2-thread-35] DEBUG org.apache.http.headers -- http-outgoing-47 >> POST /auth/login HTTP/1.1
16:19:20.115 [pool-2-thread-35] DEBUG org.apache.http.headers -- http-outgoing-47 >> Content-Type: application/json; charset=UTF-8
16:19:20.115 [pool-2-thread-35] DEBUG org.apache.http.headers -- http-outgoing-47 >> Content-Length: 55
16:19:20.116 [pool-2-thread-35] DEBUG org.apache.http.headers -- http-outgoing-47 >> Host: localhost:3000
16:19:20.116 [pool-2-thread-35] DEBUG org.apache.http.headers -- http-outgoing-47 >> Connection: Keep-Alive
16:19:20.116 [pool-2-thread-35] DEBUG org.apache.http.headers -- http-outgoing-47 >> User-Agent: Apache-HttpClient/4.5.14 (Java/17.0.9)
16:19:20.116 [pool-2-thread-35] DEBUG org.apache.http.headers -- http-outgoing-47 >> Accept-Encoding: gzip,deflate
16:19:20.116 [pool-2-thread-35] DEBUG org.apache.http.wire -- http-outgoing-47 >> "POST /auth/login HTTP/1.1[\r][\n]"
16:19:20.116 [pool-2-thread-35] DEBUG org.apache.http.wire -- http-outgoing-47 >> "Content-Type: application/json; charset=UTF-8[\r][\n]"
16:19:20.116 [pool-2-thread-35] DEBUG org.apache.http.wire -- http-outgoing-47 >> "Content-Length: 55[\r][\n]"
16:19:20.116 [pool-2-thread-35] DEBUG org.apache.http.wire -- http-outgoing-47 >> "Host: localhost:3000[\r][\n]"
16:19:20.116 [pool-2-thread-35] DEBUG org.apache.http.wire -- http-outgoing-47 >> "Connection: Keep-Alive[\r][\n]"
16:19:20.116 [pool-2-thread-35] DEBUG org.apache.http.wire -- http-outgoing-47 >> "User-Agent: Apache-HttpClient/4.5.14 (Java/17.0.9)[\r][\n]"
16:19:20.116 [pool-2-thread-35] DEBUG org.apache.http.wire -- http-outgoing-47 >> "Accept-Encoding: gzip,deflate[\r][\n]"
16:19:20.116 [pool-2-thread-35] DEBUG org.apache.http.wire -- http-outgoing-47 >> "[\r][\n]"
16:19:20.116 [pool-2-thread-35] DEBUG org.apache.http.wire -- http-outgoing-47 >> "{"email":"test28@example.com","password":"Password123"}"
16:19:20.114 [pool-2-thread-99] DEBUG org.apache.http.impl.execchain.MainClientExec -- Target auth state: UNCHALLENGED
16:19:20.117 [pool-2-thread-99] DEBUG org.apache.http.impl.execchain.MainClientExec -- Proxy auth state: UNCHALLENGED
16:19:20.117 [pool-2-thread-99] DEBUG org.apache.http.headers -- http-outgoing-93 >> POST /auth/login HTTP/1.1
16:19:20.117 [pool-2-thread-99] DEBUG org.apache.http.headers -- http-outgoing-93 >> Content-Type: application/json; charset=UTF-8
16:19:20.117 [pool-2-thread-99] DEBUG org.apache.http.headers -- http-outgoing-93 >> Content-Length: 53
16:19:20.117 [pool-2-thread-99] DEBUG org.apache.http.headers -- http-outgoing-93 >> Host: localhost:3000
16:19:20.117 [pool-2-thread-99] DEBUG org.apache.http.headers -- http-outgoing-93 >> Connection: Keep-Alive
16:19:20.117 [pool-2-thread-99] DEBUG org.apache.http.headers -- http-outgoing-93 >> User-Agent: Apache-HttpClient/4.5.14 (Java/17.0.9)
16:19:20.117 [pool-2-thread-99] DEBUG org.apache.http.headers -- http-outgoing-93 >> Accept-Encoding: gzip,deflate
16:19:20.117 [pool-2-thread-99] DEBUG org.apache.http.wire -- http-outgoing-93 >> "POST /auth/login HTTP/1.1[\r][\n]"
16:19:20.117 [pool-2-thread-99] DEBUG org.apache.http.wire -- http-outgoing-93 >> "Content-Type: application/json; charset=UTF-8[\r][\n]"
16:19:20.117 [pool-2-thread-99] DEBUG org.apache.http.wire -- http-outgoing-93 >> "Content-Length: 53[\r][\n]"
16:19:20.117 [pool-2-thread-99] DEBUG org.apache.http.wire -- http-outgoing-93 >> "Host: localhost:3000[\r][\n]"
16:19:20.117 [pool-2-thread-99] DEBUG org.apache.http.wire -- http-outgoing-93 >> "Connection: Keep-Alive[\r][\n]"
16:19:20.117 [pool-2-thread-99] DEBUG org.apache.http.wire -- http-outgoing-93 >> "User-Agent: Apache-HttpClient/4.5.14 (Java/17.0.9)[\r][\n]"
16:19:20.117 [pool-2-thread-99] DEBUG org.apache.http.wire -- http-outgoing-93 >> "Accept-Encoding: gzip,deflate[\r][\n]"
16:19:20.117 [pool-2-thread-99] DEBUG org.apache.http.wire -- http-outgoing-93 >> "[\r][\n]"
16:19:20.117 [pool-2-thread-99] DEBUG org.apache.http.wire -- http-outgoing-93 >> "{"email":"testit@gmail.com","password":"Password123"}"
16:19:19.892 [pool-2-thread-87] DEBUG org.apache.http.impl.conn.DefaultHttpClientConnectionOperator -- Connecting to localhost/127.0.0.1:3000
16:19:20.118 [pool-2-thread-34] DEBUG org.apache.http.impl.conn.DefaultHttpClientConnectionOperator -- Connection established 127.0.0.1:51449<->127.0.0.1:3000
16:19:20.118 [pool-2-thread-34] DEBUG org.apache.http.impl.conn.DefaultManagedHttpClientConnection -- http-outgoing-27: set socket timeout to 30000
16:19:20.118 [pool-2-thread-34] DEBUG org.apache.http.impl.execchain.MainClientExec -- Executing request POST /auth/login HTTP/1.1
16:19:20.118 [pool-2-thread-34] DEBUG org.apache.http.impl.execchain.MainClientExec -- Target auth state: UNCHALLENGED
16:19:20.118 [pool-2-thread-34] DEBUG org.apache.http.impl.execchain.MainClientExec -- Proxy auth state: UNCHALLENGED
16:19:20.118 [pool-2-thread-34] DEBUG org.apache.http.headers -- http-outgoing-27 >> POST /auth/login HTTP/1.1
16:19:20.118 [pool-2-thread-34] DEBUG org.apache.http.headers -- http-outgoing-27 >> Content-Type: application/json; charset=UTF-8
16:19:20.118 [pool-2-thread-34] DEBUG org.apache.http.headers -- http-outgoing-27 >> Content-Length: 54
16:19:20.118 [pool-2-thread-34] DEBUG org.apache.http.headers -- http-outgoing-27 >> Host: localhost:3000
16:19:20.119 [pool-2-thread-34] DEBUG org.apache.http.headers -- http-outgoing-27 >> Connection: Keep-Alive
16:19:20.119 [pool-2-thread-34] DEBUG org.apache.http.headers -- http-outgoing-27 >> User-Agent: Apache-HttpClient/4.5.14 (Java/17.0.9)
16:19:20.119 [pool-2-thread-34] DEBUG org.apache.http.headers -- http-outgoing-27 >> Accept-Encoding: gzip,deflate
16:19:20.119 [pool-2-thread-34] DEBUG org.apache.http.wire -- http-outgoing-27 >> "POST /auth/login HTTP/1.1[\r][\n]"
16:19:20.119 [pool-2-thread-34] DEBUG org.apache.http.wire -- http-outgoing-27 >> "Content-Type: application/json; charset=UTF-8[\r][\n]"
16:19:20.119 [pool-2-thread-34] DEBUG org.apache.http.wire -- http-outgoing-27 >> "Content-Length: 54[\r][\n]"
16:19:20.119 [pool-2-thread-34] DEBUG org.apache.http.wire -- http-outgoing-27 >> "Host: localhost:3000[\r][\n]"
16:19:20.119 [pool-2-thread-34] DEBUG org.apache.http.wire -- http-outgoing-27 >> "Connection: Keep-Alive[\r][\n]"
16:19:20.119 [pool-2-thread-34] DEBUG org.apache.http.wire -- http-outgoing-27 >> "User-Agent: Apache-HttpClient/4.5.14 (Java/17.0.9)[\r][\n]"
16:19:20.119 [pool-2-thread-34] DEBUG org.apache.http.wire -- http-outgoing-27 >> "Accept-Encoding: gzip,deflate[\r][\n]"
16:19:20.119 [pool-2-thread-34] DEBUG org.apache.http.wire -- http-outgoing-27 >> "[\r][\n]"
16:19:20.119 [pool-2-thread-34] DEBUG org.apache.http.wire -- http-outgoing-27 >> "{"email":"test2@example.com","password":"Password123"}"
16:19:19.897 [pool-2-thread-27] DEBUG org.apache.http.impl.execchain.MainClientExec -- Target auth state: UNCHALLENGED
16:19:20.119 [pool-2-thread-27] DEBUG org.apache.http.impl.execchain.MainClientExec -- Proxy auth state: UNCHALLENGED
16:19:20.119 [pool-2-thread-27] DEBUG org.apache.http.headers -- http-outgoing-96 >> POST /auth/login HTTP/1.1
16:19:20.119 [pool-2-thread-27] DEBUG org.apache.http.headers -- http-outgoing-96 >> Content-Type: application/json; charset=UTF-8
16:19:20.124 [pool-2-thread-27] DEBUG org.apache.http.headers -- http-outgoing-96 >> Content-Length: 54
16:19:20.126 [pool-2-thread-27] DEBUG org.apache.http.headers -- http-outgoing-96 >> Host: localhost:3000
16:19:20.126 [pool-2-thread-27] DEBUG org.apache.http.headers -- http-outgoing-96 >> Connection: Keep-Alive
16:19:20.126 [pool-2-thread-27] DEBUG org.apache.http.headers -- http-outgoing-96 >> User-Agent: Apache-HttpClient/4.5.14 (Java/17.0.9)
16:19:20.126 [pool-2-thread-27] DEBUG org.apache.http.headers -- http-outgoing-96 >> Accept-Encoding: gzip,deflate
16:19:20.126 [pool-2-thread-27] DEBUG org.apache.http.wire -- http-outgoing-96 >> "POST /auth/login HTTP/1.1[\r][\n]"
16:19:20.126 [pool-2-thread-27] DEBUG org.apache.http.wire -- http-outgoing-96 >> "Content-Type: application/json; charset=UTF-8[\r][\n]"
16:19:20.126 [pool-2-thread-27] DEBUG org.apache.http.wire -- http-outgoing-96 >> "Content-Length: 54[\r][\n]"
16:19:20.126 [pool-2-thread-27] DEBUG org.apache.http.wire -- http-outgoing-96 >> "Host: localhost:3000[\r][\n]"
16:19:20.126 [pool-2-thread-27] DEBUG org.apache.http.wire -- http-outgoing-96 >> "Connection: Keep-Alive[\r][\n]"
16:19:20.126 [pool-2-thread-27] DEBUG org.apache.http.wire -- http-outgoing-96 >> "User-Agent: Apache-HttpClient/4.5.14 (Java/17.0.9)[\r][\n]"
16:19:20.126 [pool-2-thread-27] DEBUG org.apache.http.wire -- http-outgoing-96 >> "Accept-Encoding: gzip,deflate[\r][\n]"
16:19:20.126 [pool-2-thread-27] DEBUG org.apache.http.wire -- http-outgoing-96 >> "[\r][\n]"
16:19:20.126 [pool-2-thread-27] DEBUG org.apache.http.wire -- http-outgoing-96 >> "{"email":"testit3@gmail.com","password":"Password123"}"
16:19:19.897 [pool-2-thread-40] DEBUG org.apache.http.impl.execchain.MainClientExec -- Target auth state: UNCHALLENGED
16:19:20.131 [pool-2-thread-40] DEBUG org.apache.http.impl.execchain.MainClientExec -- Proxy auth state: UNCHALLENGED
16:19:20.132 [pool-2-thread-40] DEBUG org.apache.http.headers -- http-outgoing-43 >> POST /auth/login HTTP/1.1
16:19:20.132 [pool-2-thread-40] DEBUG org.apache.http.headers -- http-outgoing-43 >> Content-Type: application/json; charset=UTF-8
16:19:20.132 [pool-2-thread-40] DEBUG org.apache.http.headers -- http-outgoing-43 >> Content-Length: 54
16:19:20.140 [pool-2-thread-40] DEBUG org.apache.http.headers -- http-outgoing-43 >> Host: localhost:3000
16:19:20.140 [pool-2-thread-40] DEBUG org.apache.http.headers -- http-outgoing-43 >> Connection: Keep-Alive
16:19:20.140 [pool-2-thread-40] DEBUG org.apache.http.headers -- http-outgoing-43 >> User-Agent: Apache-HttpClient/4.5.14 (Java/17.0.9)
16:19:20.140 [pool-2-thread-40] DEBUG org.apache.http.headers -- http-outgoing-43 >> Accept-Encoding: gzip,deflate
16:19:20.148 [pool-2-thread-40] DEBUG org.apache.http.wire -- http-outgoing-43 >> "POST /auth/login HTTP/1.1[\r][\n]"
16:19:20.149 [pool-2-thread-40] DEBUG org.apache.http.wire -- http-outgoing-43 >> "Content-Type: application/json; charset=UTF-8[\r][\n]"
16:19:19.897 [pool-2-thread-33] DEBUG org.apache.http.impl.conn.DefaultHttpClientConnectionOperator -- Connecting to localhost/127.0.0.1:3000
16:19:20.149 [pool-2-thread-40] DEBUG org.apache.http.wire -- http-outgoing-43 >> "Content-Length: 54[\r][\n]"
16:19:20.149 [pool-2-thread-40] DEBUG org.apache.http.wire -- http-outgoing-43 >> "Host: localhost:3000[\r][\n]"
16:19:20.149 [pool-2-thread-40] DEBUG org.apache.http.wire -- http-outgoing-43 >> "Connection: Keep-Alive[\r][\n]"
16:19:20.149 [pool-2-thread-40] DEBUG org.apache.http.wire -- http-outgoing-43 >> "User-Agent: Apache-HttpClient/4.5.14 (Java/17.0.9)[\r][\n]"
16:19:20.149 [pool-2-thread-40] DEBUG org.apache.http.wire -- http-outgoing-43 >> "Accept-Encoding: gzip,deflate[\r][\n]"
16:19:20.149 [pool-2-thread-40] DEBUG org.apache.http.wire -- http-outgoing-43 >> "[\r][\n]"
16:19:20.149 [pool-2-thread-40] DEBUG org.apache.http.wire -- http-outgoing-43 >> "{"email":"testit2@gmail.com","password":"Password123"}"
16:19:20.150 [pool-2-thread-33] DEBUG org.apache.http.impl.conn.DefaultHttpClientConnectionOperator -- Connection established 127.0.0.1:51451<->127.0.0.1:3000
16:19:20.150 [pool-2-thread-33] DEBUG org.apache.http.impl.conn.DefaultManagedHttpClientConnection -- http-outgoing-58: set socket timeout to 30000
16:19:20.150 [pool-2-thread-33] DEBUG org.apache.http.impl.execchain.MainClientExec -- Executing request POST /auth/login HTTP/1.1
16:19:20.150 [pool-2-thread-33] DEBUG org.apache.http.impl.execchain.MainClientExec -- Target auth state: UNCHALLENGED
16:19:20.150 [pool-2-thread-33] DEBUG org.apache.http.impl.execchain.MainClientExec -- Proxy auth state: UNCHALLENGED
16:19:20.151 [pool-2-thread-33] DEBUG org.apache.http.headers -- http-outgoing-58 >> POST /auth/login HTTP/1.1
16:19:20.151 [pool-2-thread-33] DEBUG org.apache.http.headers -- http-outgoing-58 >> Content-Type: application/json; charset=UTF-8
16:19:20.151 [pool-2-thread-33] DEBUG org.apache.http.headers -- http-outgoing-58 >> Content-Length: 53
16:19:20.151 [pool-2-thread-33] DEBUG org.apache.http.headers -- http-outgoing-58 >> Host: localhost:3000
16:19:20.151 [pool-2-thread-33] DEBUG org.apache.http.headers -- http-outgoing-58 >> Connection: Keep-Alive
16:19:20.151 [pool-2-thread-33] DEBUG org.apache.http.headers -- http-outgoing-58 >> User-Agent: Apache-HttpClient/4.5.14 (Java/17.0.9)
16:19:20.151 [pool-2-thread-33] DEBUG org.apache.http.headers -- http-outgoing-58 >> Accept-Encoding: gzip,deflate
16:19:20.151 [pool-2-thread-33] DEBUG org.apache.http.wire -- http-outgoing-58 >> "POST /auth/login HTTP/1.1[\r][\n]"
16:19:20.151 [pool-2-thread-33] DEBUG org.apache.http.wire -- http-outgoing-58 >> "Content-Type: application/json; charset=UTF-8[\r][\n]"
16:19:20.151 [pool-2-thread-33] DEBUG org.apache.http.wire -- http-outgoing-58 >> "Content-Length: 53[\r][\n]"
16:19:20.151 [pool-2-thread-33] DEBUG org.apache.http.wire -- http-outgoing-58 >> "Host: localhost:3000[\r][\n]"
16:19:20.151 [pool-2-thread-33] DEBUG org.apache.http.wire -- http-outgoing-58 >> "Connection: Keep-Alive[\r][\n]"
16:19:20.151 [pool-2-thread-33] DEBUG org.apache.http.wire -- http-outgoing-58 >> "User-Agent: Apache-HttpClient/4.5.14 (Java/17.0.9)[\r][\n]"
16:19:20.151 [pool-2-thread-33] DEBUG org.apache.http.wire -- http-outgoing-58 >> "Accept-Encoding: gzip,deflate[\r][\n]"
16:19:20.151 [pool-2-thread-33] DEBUG org.apache.http.wire -- http-outgoing-58 >> "[\r][\n]"
16:19:20.151 [pool-2-thread-33] DEBUG org.apache.http.wire -- http-outgoing-58 >> "{"email":"test@example.com","password":"Password123"}"
16:19:19.897 [pool-2-thread-15] DEBUG org.apache.http.impl.conn.DefaultHttpClientConnectionOperator -- Connecting to localhost/127.0.0.1:3000
16:19:20.161 [pool-2-thread-15] DEBUG org.apache.http.impl.conn.DefaultHttpClientConnectionOperator -- Connection established 127.0.0.1:51452<->127.0.0.1:3000
16:19:20.161 [pool-2-thread-15] DEBUG org.apache.http.impl.conn.DefaultManagedHttpClientConnection -- http-outgoing-97: set socket timeout to 30000
16:19:20.162 [pool-2-thread-15] DEBUG org.apache.http.impl.execchain.MainClientExec -- Executing request POST /auth/login HTTP/1.1
16:19:20.163 [pool-2-thread-15] DEBUG org.apache.http.impl.execchain.MainClientExec -- Target auth state: UNCHALLENGED
16:19:20.164 [pool-2-thread-15] DEBUG org.apache.http.impl.execchain.MainClientExec -- Proxy auth state: UNCHALLENGED
16:19:20.164 [pool-2-thread-15] DEBUG org.apache.http.headers -- http-outgoing-97 >> POST /auth/login HTTP/1.1
16:19:20.164 [pool-2-thread-15] DEBUG org.apache.http.headers -- http-outgoing-97 >> Content-Type: application/json; charset=UTF-8
16:19:20.164 [pool-2-thread-15] DEBUG org.apache.http.headers -- http-outgoing-97 >> Content-Length: 55
16:19:20.164 [pool-2-thread-15] DEBUG org.apache.http.headers -- http-outgoing-97 >> Host: localhost:3000
16:19:20.164 [pool-2-thread-15] DEBUG org.apache.http.headers -- http-outgoing-97 >> Connection: Keep-Alive
16:19:20.164 [pool-2-thread-15] DEBUG org.apache.http.headers -- http-outgoing-97 >> User-Agent: Apache-HttpClient/4.5.14 (Java/17.0.9)
16:19:20.164 [pool-2-thread-15] DEBUG org.apache.http.headers -- http-outgoing-97 >> Accept-Encoding: gzip,deflate
16:19:20.164 [pool-2-thread-15] DEBUG org.apache.http.wire -- http-outgoing-97 >> "POST /auth/login HTTP/1.1[\r][\n]"
16:19:20.164 [pool-2-thread-15] DEBUG org.apache.http.wire -- http-outgoing-97 >> "Content-Type: application/json; charset=UTF-8[\r][\n]"
16:19:20.164 [pool-2-thread-15] DEBUG org.apache.http.wire -- http-outgoing-97 >> "Content-Length: 55[\r][\n]"
16:19:20.164 [pool-2-thread-15] DEBUG org.apache.http.wire -- http-outgoing-97 >> "Host: localhost:3000[\r][\n]"
16:19:20.164 [pool-2-thread-15] DEBUG org.apache.http.wire -- http-outgoing-97 >> "Connection: Keep-Alive[\r][\n]"
16:19:20.164 [pool-2-thread-15] DEBUG org.apache.http.wire -- http-outgoing-97 >> "User-Agent: Apache-HttpClient/4.5.14 (Java/17.0.9)[\r][\n]"
16:19:20.164 [pool-2-thread-15] DEBUG org.apache.http.wire -- http-outgoing-97 >> "Accept-Encoding: gzip,deflate[\r][\n]"
16:19:20.164 [pool-2-thread-15] DEBUG org.apache.http.wire -- http-outgoing-97 >> "[\r][\n]"
16:19:20.164 [pool-2-thread-15] DEBUG org.apache.http.wire -- http-outgoing-97 >> "{"email":"test28@example.com","password":"Password123"}"
16:19:19.898 [pool-2-thread-39] DEBUG org.apache.http.headers -- http-outgoing-53 >> Content-Type: application/json; charset=UTF-8
16:19:20.171 [pool-2-thread-39] DEBUG org.apache.http.headers -- http-outgoing-53 >> Content-Length: 53
16:19:20.171 [pool-2-thread-39] DEBUG org.apache.http.headers -- http-outgoing-53 >> Host: localhost:3000
16:19:20.173 [pool-2-thread-39] DEBUG org.apache.http.headers -- http-outgoing-53 >> Connection: Keep-Alive
16:19:20.174 [pool-2-thread-39] DEBUG org.apache.http.headers -- http-outgoing-53 >> User-Agent: Apache-HttpClient/4.5.14 (Java/17.0.9)
16:19:20.175 [pool-2-thread-39] DEBUG org.apache.http.headers -- http-outgoing-53 >> Accept-Encoding: gzip,deflate
16:19:20.176 [pool-2-thread-39] DEBUG org.apache.http.wire -- http-outgoing-53 >> "POST /auth/login HTTP/1.1[\r][\n]"
16:19:20.176 [pool-2-thread-39] DEBUG org.apache.http.wire -- http-outgoing-53 >> "Content-Type: application/json; charset=UTF-8[\r][\n]"
16:19:20.176 [pool-2-thread-39] DEBUG org.apache.http.wire -- http-outgoing-53 >> "Content-Length: 53[\r][\n]"
16:19:20.176 [pool-2-thread-39] DEBUG org.apache.http.wire -- http-outgoing-53 >> "Host: localhost:3000[\r][\n]"
16:19:20.176 [pool-2-thread-39] DEBUG org.apache.http.wire -- http-outgoing-53 >> "Connection: Keep-Alive[\r][\n]"
16:19:20.176 [pool-2-thread-39] DEBUG org.apache.http.wire -- http-outgoing-53 >> "User-Agent: Apache-HttpClient/4.5.14 (Java/17.0.9)[\r][\n]"
16:19:19.898 [pool-2-thread-3] DEBUG org.apache.http.impl.conn.DefaultHttpClientConnectionOperator -- Connection established 127.0.0.1:51388<->127.0.0.1:3000
16:19:19.898 [pool-2-thread-54] DEBUG org.apache.http.impl.conn.DefaultHttpClientConnectionOperator -- Connecting to localhost/127.0.0.1:3000
16:19:19.899 [pool-2-thread-95] DEBUG org.apache.http.impl.conn.DefaultHttpClientConnectionOperator -- Connecting to localhost/127.0.0.1:3000
16:19:20.177 [pool-2-thread-39] DEBUG org.apache.http.wire -- http-outgoing-53 >> "Accept-Encoding: gzip,deflate[\r][\n]"
16:19:20.179 [pool-2-thread-54] DEBUG org.apache.http.impl.conn.DefaultHttpClientConnectionOperator -- Connection established 127.0.0.1:51453<->127.0.0.1:3000
16:19:20.179 [pool-2-thread-95] DEBUG org.apache.http.impl.conn.DefaultHttpClientConnectionOperator -- Connection established 127.0.0.1:51454<->127.0.0.1:3000
16:19:20.179 [pool-2-thread-39] DEBUG org.apache.http.wire -- http-outgoing-53 >> "[\r][\n]"
16:19:20.179 [pool-2-thread-39] DEBUG org.apache.http.wire -- http-outgoing-53 >> "{"email":"testit@gmail.com","password":"Password123"}"
16:19:20.180 [pool-2-thread-3] DEBUG org.apache.http.impl.conn.DefaultManagedHttpClientConnection -- http-outgoing-48: set socket timeout to 30000
16:19:20.180 [pool-2-thread-3] DEBUG org.apache.http.impl.execchain.MainClientExec -- Executing request POST /auth/login HTTP/1.1
16:19:20.180 [pool-2-thread-3] DEBUG org.apache.http.impl.execchain.MainClientExec -- Target auth state: UNCHALLENGED
16:19:20.180 [pool-2-thread-3] DEBUG org.apache.http.impl.execchain.MainClientExec -- Proxy auth state: UNCHALLENGED
16:19:20.180 [pool-2-thread-3] DEBUG org.apache.http.headers -- http-outgoing-48 >> POST /auth/login HTTP/1.1
16:19:20.180 [pool-2-thread-3] DEBUG org.apache.http.headers -- http-outgoing-48 >> Content-Type: application/json; charset=UTF-8
16:19:20.180 [pool-2-thread-3] DEBUG org.apache.http.headers -- http-outgoing-48 >> Content-Length: 53
16:19:20.180 [pool-2-thread-3] DEBUG org.apache.http.headers -- http-outgoing-48 >> Host: localhost:3000
16:19:20.180 [pool-2-thread-3] DEBUG org.apache.http.headers -- http-outgoing-48 >> Connection: Keep-Alive
16:19:20.180 [pool-2-thread-3] DEBUG org.apache.http.headers -- http-outgoing-48 >> User-Agent: Apache-HttpClient/4.5.14 (Java/17.0.9)
16:19:20.180 [pool-2-thread-3] DEBUG org.apache.http.headers -- http-outgoing-48 >> Accept-Encoding: gzip,deflate
16:19:20.180 [pool-2-thread-3] DEBUG org.apache.http.wire -- http-outgoing-48 >> "POST /auth/login HTTP/1.1[\r][\n]"
16:19:20.180 [pool-2-thread-3] DEBUG org.apache.http.wire -- http-outgoing-48 >> "Content-Type: application/json; charset=UTF-8[\r][\n]"
16:19:20.180 [pool-2-thread-3] DEBUG org.apache.http.wire -- http-outgoing-48 >> "Content-Length: 53[\r][\n]"
16:19:20.180 [pool-2-thread-3] DEBUG org.apache.http.wire -- http-outgoing-48 >> "Host: localhost:3000[\r][\n]"
16:19:20.180 [pool-2-thread-3] DEBUG org.apache.http.wire -- http-outgoing-48 >> "Connection: Keep-Alive[\r][\n]"
16:19:20.180 [pool-2-thread-3] DEBUG org.apache.http.wire -- http-outgoing-48 >> "User-Agent: Apache-HttpClient/4.5.14 (Java/17.0.9)[\r][\n]"
16:19:20.180 [pool-2-thread-3] DEBUG org.apache.http.wire -- http-outgoing-48 >> "Accept-Encoding: gzip,deflate[\r][\n]"
16:19:20.180 [pool-2-thread-3] DEBUG org.apache.http.wire -- http-outgoing-48 >> "[\r][\n]"
16:19:20.180 [pool-2-thread-3] DEBUG org.apache.http.wire -- http-outgoing-48 >> "{"email":"test@example.com","password":"Password123"}"
16:19:19.900 [pool-2-thread-16] DEBUG org.apache.http.headers -- http-outgoing-57 >> POST /auth/login HTTP/1.1
16:19:19.900 [pool-2-thread-66] DEBUG org.apache.http.impl.execchain.MainClientExec -- Executing request POST /auth/login HTTP/1.1
16:19:20.214 [pool-2-thread-66] DEBUG org.apache.http.impl.execchain.MainClientExec -- Target auth state: UNCHALLENGED
16:19:20.214 [pool-2-thread-16] DEBUG org.apache.http.headers -- http-outgoing-57 >> Content-Type: application/json; charset=UTF-8
16:19:20.214 [pool-2-thread-66] DEBUG org.apache.http.impl.execchain.MainClientExec -- Proxy auth state: UNCHALLENGED
16:19:20.214 [pool-2-thread-16] DEBUG org.apache.http.headers -- http-outgoing-57 >> Content-Length: 54
16:19:20.214 [pool-2-thread-16] DEBUG org.apache.http.headers -- http-outgoing-57 >> Host: localhost:3000
16:19:20.214 [pool-2-thread-16] DEBUG org.apache.http.headers -- http-outgoing-57 >> Connection: Keep-Alive
16:19:20.214 [pool-2-thread-16] DEBUG org.apache.http.headers -- http-outgoing-57 >> User-Agent: Apache-HttpClient/4.5.14 (Java/17.0.9)
16:19:20.214 [pool-2-thread-16] DEBUG org.apache.http.headers -- http-outgoing-57 >> Accept-Encoding: gzip,deflate
16:19:20.214 [pool-2-thread-66] DEBUG org.apache.http.headers -- http-outgoing-99 >> POST /auth/login HTTP/1.1
16:19:20.214 [pool-2-thread-66] DEBUG org.apache.http.headers -- http-outgoing-99 >> Content-Type: application/json; charset=UTF-8
16:19:20.214 [pool-2-thread-66] DEBUG org.apache.http.headers -- http-outgoing-99 >> Content-Length: 54
16:19:20.214 [pool-2-thread-66] DEBUG org.apache.http.headers -- http-outgoing-99 >> Host: localhost:3000
16:19:20.214 [pool-2-thread-66] DEBUG org.apache.http.headers -- http-outgoing-99 >> Connection: Keep-Alive
16:19:20.214 [pool-2-thread-66] DEBUG org.apache.http.headers -- http-outgoing-99 >> User-Agent: Apache-HttpClient/4.5.14 (Java/17.0.9)
16:19:20.214 [pool-2-thread-66] DEBUG org.apache.http.headers -- http-outgoing-99 >> Accept-Encoding: gzip,deflate
16:19:20.214 [pool-2-thread-66] DEBUG org.apache.http.wire -- http-outgoing-99 >> "POST /auth/login HTTP/1.1[\r][\n]"
16:19:20.214 [pool-2-thread-66] DEBUG org.apache.http.wire -- http-outgoing-99 >> "Content-Type: application/json; charset=UTF-8[\r][\n]"
16:19:20.214 [pool-2-thread-66] DEBUG org.apache.http.wire -- http-outgoing-99 >> "Content-Length: 54[\r][\n]"
16:19:20.214 [pool-2-thread-16] DEBUG org.apache.http.wire -- http-outgoing-57 >> "POST /auth/login HTTP/1.1[\r][\n]"
16:19:20.214 [pool-2-thread-16] DEBUG org.apache.http.wire -- http-outgoing-57 >> "Content-Type: application/json; charset=UTF-8[\r][\n]"
16:19:20.214 [pool-2-thread-16] DEBUG org.apache.http.wire -- http-outgoing-57 >> "Content-Length: 54[\r][\n]"
16:19:20.215 [pool-2-thread-16] DEBUG org.apache.http.wire -- http-outgoing-57 >> "Host: localhost:3000[\r][\n]"
16:19:20.215 [pool-2-thread-16] DEBUG org.apache.http.wire -- http-outgoing-57 >> "Connection: Keep-Alive[\r][\n]"
16:19:20.215 [pool-2-thread-16] DEBUG org.apache.http.wire -- http-outgoing-57 >> "User-Agent: Apache-HttpClient/4.5.14 (Java/17.0.9)[\r][\n]"
16:19:20.215 [pool-2-thread-16] DEBUG org.apache.http.wire -- http-outgoing-57 >> "Accept-Encoding: gzip,deflate[\r][\n]"
16:19:20.215 [pool-2-thread-16] DEBUG org.apache.http.wire -- http-outgoing-57 >> "[\r][\n]"
16:19:20.215 [pool-2-thread-16] DEBUG org.apache.http.wire -- http-outgoing-57 >> "{"email":"testit4@gmail.com","password":"Password123"}"
16:19:19.900 [pool-2-thread-7] DEBUG org.apache.http.impl.conn.DefaultHttpClientConnectionOperator -- Connecting to localhost/127.0.0.1:3000
16:19:19.901 [pool-2-thread-30] DEBUG org.apache.http.impl.conn.DefaultHttpClientConnectionOperator -- Connecting to localhost/127.0.0.1:3000
16:19:20.217 [pool-2-thread-30] DEBUG org.apache.http.impl.conn.DefaultHttpClientConnectionOperator -- Connection established 127.0.0.1:51456<->127.0.0.1:3000
16:19:20.218 [pool-2-thread-30] DEBUG org.apache.http.impl.conn.DefaultManagedHttpClientConnection -- http-outgoing-60: set socket timeout to 30000
16:19:20.218 [pool-2-thread-30] DEBUG org.apache.http.impl.execchain.MainClientExec -- Executing request POST /auth/login HTTP/1.1
16:19:20.218 [pool-2-thread-30] DEBUG org.apache.http.impl.execchain.MainClientExec -- Target auth state: UNCHALLENGED
16:19:20.218 [pool-2-thread-30] DEBUG org.apache.http.impl.execchain.MainClientExec -- Proxy auth state: UNCHALLENGED
16:19:20.218 [pool-2-thread-30] DEBUG org.apache.http.headers -- http-outgoing-60 >> POST /auth/login HTTP/1.1
16:19:20.218 [pool-2-thread-30] DEBUG org.apache.http.headers -- http-outgoing-60 >> Content-Type: application/json; charset=UTF-8
16:19:20.218 [pool-2-thread-30] DEBUG org.apache.http.headers -- http-outgoing-60 >> Content-Length: 54
16:19:20.218 [pool-2-thread-30] DEBUG org.apache.http.headers -- http-outgoing-60 >> Host: localhost:3000
16:19:20.218 [pool-2-thread-30] DEBUG org.apache.http.headers -- http-outgoing-60 >> Connection: Keep-Alive
16:19:20.218 [pool-2-thread-30] DEBUG org.apache.http.headers -- http-outgoing-60 >> User-Agent: Apache-HttpClient/4.5.14 (Java/17.0.9)
16:19:20.218 [pool-2-thread-30] DEBUG org.apache.http.headers -- http-outgoing-60 >> Accept-Encoding: gzip,deflate
16:19:20.218 [pool-2-thread-30] DEBUG org.apache.http.wire -- http-outgoing-60 >> "POST /auth/login HTTP/1.1[\r][\n]"
16:19:20.218 [pool-2-thread-30] DEBUG org.apache.http.wire -- http-outgoing-60 >> "Content-Type: application/json; charset=UTF-8[\r][\n]"
16:19:20.218 [pool-2-thread-30] DEBUG org.apache.http.wire -- http-outgoing-60 >> "Content-Length: 54[\r][\n]"
16:19:20.218 [pool-2-thread-30] DEBUG org.apache.http.wire -- http-outgoing-60 >> "Host: localhost:3000[\r][\n]"
16:19:20.218 [pool-2-thread-30] DEBUG org.apache.http.wire -- http-outgoing-60 >> "Connection: Keep-Alive[\r][\n]"
16:19:20.218 [pool-2-thread-30] DEBUG org.apache.http.wire -- http-outgoing-60 >> "User-Agent: Apache-HttpClient/4.5.14 (Java/17.0.9)[\r][\n]"
16:19:20.218 [pool-2-thread-30] DEBUG org.apache.http.wire -- http-outgoing-60 >> "Accept-Encoding: gzip,deflate[\r][\n]"
16:19:20.218 [pool-2-thread-30] DEBUG org.apache.http.wire -- http-outgoing-60 >> "[\r][\n]"
16:19:20.218 [pool-2-thread-30] DEBUG org.apache.http.wire -- http-outgoing-60 >> "{"email":"testit2@gmail.com","password":"Password123"}"
16:19:19.901 [pool-2-thread-45] DEBUG org.apache.http.impl.conn.DefaultManagedHttpClientConnection -- http-outgoing-75: set socket timeout to 30000
16:19:20.225 [pool-2-thread-45] DEBUG org.apache.http.impl.execchain.MainClientExec -- Executing request POST /auth/login HTTP/1.1
16:19:20.227 [pool-2-thread-45] DEBUG org.apache.http.impl.execchain.MainClientExec -- Target auth state: UNCHALLENGED
16:19:20.227 [pool-2-thread-45] DEBUG org.apache.http.impl.execchain.MainClientExec -- Proxy auth state: UNCHALLENGED
16:19:20.227 [pool-2-thread-45] DEBUG org.apache.http.headers -- http-outgoing-75 >> POST /auth/login HTTP/1.1
16:19:20.227 [pool-2-thread-45] DEBUG org.apache.http.headers -- http-outgoing-75 >> Content-Type: application/json; charset=UTF-8
16:19:20.227 [pool-2-thread-45] DEBUG org.apache.http.headers -- http-outgoing-75 >> Content-Length: 55
16:19:20.227 [pool-2-thread-45] DEBUG org.apache.http.headers -- http-outgoing-75 >> Host: localhost:3000
16:19:20.227 [pool-2-thread-45] DEBUG org.apache.http.headers -- http-outgoing-75 >> Connection: Keep-Alive
16:19:20.227 [pool-2-thread-45] DEBUG org.apache.http.headers -- http-outgoing-75 >> User-Agent: Apache-HttpClient/4.5.14 (Java/17.0.9)
16:19:20.227 [pool-2-thread-45] DEBUG org.apache.http.headers -- http-outgoing-75 >> Accept-Encoding: gzip,deflate
16:19:20.227 [pool-2-thread-45] DEBUG org.apache.http.wire -- http-outgoing-75 >> "POST /auth/login HTTP/1.1[\r][\n]"
16:19:20.227 [pool-2-thread-45] DEBUG org.apache.http.wire -- http-outgoing-75 >> "Content-Type: application/json; charset=UTF-8[\r][\n]"
16:19:20.227 [pool-2-thread-45] DEBUG org.apache.http.wire -- http-outgoing-75 >> "Content-Length: 55[\r][\n]"
16:19:20.227 [pool-2-thread-45] DEBUG org.apache.http.wire -- http-outgoing-75 >> "Host: localhost:3000[\r][\n]"
16:19:20.227 [pool-2-thread-45] DEBUG org.apache.http.wire -- http-outgoing-75 >> "Connection: Keep-Alive[\r][\n]"
16:19:20.227 [pool-2-thread-45] DEBUG org.apache.http.wire -- http-outgoing-75 >> "User-Agent: Apache-HttpClient/4.5.14 (Java/17.0.9)[\r][\n]"
16:19:20.227 [pool-2-thread-45] DEBUG org.apache.http.wire -- http-outgoing-75 >> "Accept-Encoding: gzip,deflate[\r][\n]"
16:19:20.227 [pool-2-thread-45] DEBUG org.apache.http.wire -- http-outgoing-75 >> "[\r][\n]"
16:19:20.228 [pool-2-thread-45] DEBUG org.apache.http.wire -- http-outgoing-75 >> "{"email":"test28@example.com","password":"Password123"}"
16:19:19.901 [pool-2-thread-52] DEBUG org.apache.http.impl.conn.DefaultManagedHttpClientConnection -- http-outgoing-18: set socket timeout to 30000
16:19:19.901 [pool-2-thread-6] DEBUG org.apache.http.impl.conn.DefaultHttpClientConnectionOperator -- Connection established 127.0.0.1:51395<->127.0.0.1:3000
16:19:20.229 [pool-2-thread-52] DEBUG org.apache.http.impl.execchain.MainClientExec -- Executing request POST /auth/login HTTP/1.1
16:19:20.229 [pool-2-thread-52] DEBUG org.apache.http.impl.execchain.MainClientExec -- Target auth state: UNCHALLENGED
16:19:20.229 [pool-2-thread-52] DEBUG org.apache.http.impl.execchain.MainClientExec -- Proxy auth state: UNCHALLENGED
16:19:20.230 [pool-2-thread-52] DEBUG org.apache.http.headers -- http-outgoing-18 >> POST /auth/login HTTP/1.1
16:19:20.230 [pool-2-thread-52] DEBUG org.apache.http.headers -- http-outgoing-18 >> Content-Type: application/json; charset=UTF-8
16:19:20.230 [pool-2-thread-52] DEBUG org.apache.http.headers -- http-outgoing-18 >> Content-Length: 48
16:19:20.230 [pool-2-thread-52] DEBUG org.apache.http.headers -- http-outgoing-18 >> Host: localhost:3000
16:19:20.230 [pool-2-thread-52] DEBUG org.apache.http.headers -- http-outgoing-18 >> Connection: Keep-Alive
16:19:20.230 [pool-2-thread-52] DEBUG org.apache.http.headers -- http-outgoing-18 >> User-Agent: Apache-HttpClient/4.5.14 (Java/17.0.9)
16:19:20.230 [pool-2-thread-52] DEBUG org.apache.http.headers -- http-outgoing-18 >> Accept-Encoding: gzip,deflate
16:19:20.230 [pool-2-thread-52] DEBUG org.apache.http.wire -- http-outgoing-18 >> "POST /auth/login HTTP/1.1[\r][\n]"
16:19:20.230 [pool-2-thread-52] DEBUG org.apache.http.wire -- http-outgoing-18 >> "Content-Type: application/json; charset=UTF-8[\r][\n]"
16:19:20.230 [pool-2-thread-52] DEBUG org.apache.http.wire -- http-outgoing-18 >> "Content-Length: 48[\r][\n]"
16:19:20.230 [pool-2-thread-52] DEBUG org.apache.http.wire -- http-outgoing-18 >> "Host: localhost:3000[\r][\n]"
16:19:20.230 [pool-2-thread-52] DEBUG org.apache.http.wire -- http-outgoing-18 >> "Connection: Keep-Alive[\r][\n]"
16:19:20.230 [pool-2-thread-52] DEBUG org.apache.http.wire -- http-outgoing-18 >> "User-Agent: Apache-HttpClient/4.5.14 (Java/17.0.9)[\r][\n]"
16:19:20.230 [pool-2-thread-52] DEBUG org.apache.http.wire -- http-outgoing-18 >> "Accept-Encoding: gzip,deflate[\r][\n]"
16:19:20.230 [pool-2-thread-52] DEBUG org.apache.http.wire -- http-outgoing-18 >> "[\r][\n]"
16:19:20.230 [pool-2-thread-52] DEBUG org.apache.http.wire -- http-outgoing-18 >> "{"email":"quang1@gmail.com","password":"quang1"}"
16:19:19.903 [pool-2-thread-37] DEBUG org.apache.http.impl.conn.DefaultHttpClientConnectionOperator -- Connecting to localhost/127.0.0.1:3000
16:19:20.231 [pool-2-thread-37] DEBUG org.apache.http.impl.conn.DefaultHttpClientConnectionOperator -- Connection established 127.0.0.1:51457<->127.0.0.1:3000
16:19:20.231 [pool-2-thread-37] DEBUG org.apache.http.impl.conn.DefaultManagedHttpClientConnection -- http-outgoing-20: set socket timeout to 30000
16:19:20.231 [pool-2-thread-37] DEBUG org.apache.http.impl.execchain.MainClientExec -- Executing request POST /auth/login HTTP/1.1
16:19:20.231 [pool-2-thread-37] DEBUG org.apache.http.impl.execchain.MainClientExec -- Target auth state: UNCHALLENGED
16:19:20.231 [pool-2-thread-37] DEBUG org.apache.http.impl.execchain.MainClientExec -- Proxy auth state: UNCHALLENGED
16:19:20.231 [pool-2-thread-37] DEBUG org.apache.http.headers -- http-outgoing-20 >> POST /auth/login HTTP/1.1
16:19:20.231 [pool-2-thread-37] DEBUG org.apache.http.headers -- http-outgoing-20 >> Content-Type: application/json; charset=UTF-8
16:19:20.231 [pool-2-thread-37] DEBUG org.apache.http.headers -- http-outgoing-20 >> Content-Length: 54
16:19:20.231 [pool-2-thread-37] DEBUG org.apache.http.headers -- http-outgoing-20 >> Host: localhost:3000
16:19:20.231 [pool-2-thread-37] DEBUG org.apache.http.headers -- http-outgoing-20 >> Connection: Keep-Alive
16:19:20.231 [pool-2-thread-37] DEBUG org.apache.http.headers -- http-outgoing-20 >> User-Agent: Apache-HttpClient/4.5.14 (Java/17.0.9)
16:19:20.231 [pool-2-thread-37] DEBUG org.apache.http.headers -- http-outgoing-20 >> Accept-Encoding: gzip,deflate
16:19:20.231 [pool-2-thread-37] DEBUG org.apache.http.wire -- http-outgoing-20 >> "POST /auth/login HTTP/1.1[\r][\n]"
16:19:20.231 [pool-2-thread-37] DEBUG org.apache.http.wire -- http-outgoing-20 >> "Content-Type: application/json; charset=UTF-8[\r][\n]"
16:19:20.231 [pool-2-thread-37] DEBUG org.apache.http.wire -- http-outgoing-20 >> "Content-Length: 54[\r][\n]"
16:19:20.232 [pool-2-thread-37] DEBUG org.apache.http.wire -- http-outgoing-20 >> "Host: localhost:3000[\r][\n]"
16:19:20.232 [pool-2-thread-37] DEBUG org.apache.http.wire -- http-outgoing-20 >> "Connection: Keep-Alive[\r][\n]"
16:19:20.232 [pool-2-thread-37] DEBUG org.apache.http.wire -- http-outgoing-20 >> "User-Agent: Apache-HttpClient/4.5.14 (Java/17.0.9)[\r][\n]"
16:19:20.232 [pool-2-thread-37] DEBUG org.apache.http.wire -- http-outgoing-20 >> "Accept-Encoding: gzip,deflate[\r][\n]"
16:19:20.232 [pool-2-thread-37] DEBUG org.apache.http.wire -- http-outgoing-20 >> "[\r][\n]"
16:19:20.232 [pool-2-thread-37] DEBUG org.apache.http.wire -- http-outgoing-20 >> "{"email":"testit3@gmail.com","password":"Password123"}"
16:19:19.903 [pool-2-thread-79] DEBUG org.apache.http.impl.conn.DefaultHttpClientConnectionOperator -- Connecting to localhost/127.0.0.1:3000
16:19:19.903 [pool-2-thread-67] DEBUG org.apache.http.impl.conn.DefaultHttpClientConnectionOperator -- Connecting to localhost/127.0.0.1:3000
16:19:20.233 [pool-2-thread-79] DEBUG org.apache.http.impl.conn.DefaultHttpClientConnectionOperator -- Connection established 127.0.0.1:51459<->127.0.0.1:3000
16:19:20.233 [pool-2-thread-67] DEBUG org.apache.http.impl.conn.DefaultHttpClientConnectionOperator -- Connection established 127.0.0.1:51458<->127.0.0.1:3000
16:19:20.233 [pool-2-thread-67] DEBUG org.apache.http.impl.conn.DefaultManagedHttpClientConnection -- http-outgoing-42: set socket timeout to 30000
16:19:20.234 [pool-2-thread-67] DEBUG org.apache.http.impl.execchain.MainClientExec -- Executing request POST /auth/login HTTP/1.1
16:19:20.234 [pool-2-thread-67] DEBUG org.apache.http.impl.execchain.MainClientExec -- Target auth state: UNCHALLENGED
16:19:20.234 [pool-2-thread-67] DEBUG org.apache.http.impl.execchain.MainClientExec -- Proxy auth state: UNCHALLENGED
16:19:20.234 [pool-2-thread-67] DEBUG org.apache.http.headers -- http-outgoing-42 >> POST /auth/login HTTP/1.1
16:19:20.234 [pool-2-thread-67] DEBUG org.apache.http.headers -- http-outgoing-42 >> Content-Type: application/json; charset=UTF-8
16:19:20.234 [pool-2-thread-67] DEBUG org.apache.http.headers -- http-outgoing-42 >> Content-Length: 54
16:19:20.234 [pool-2-thread-67] DEBUG org.apache.http.headers -- http-outgoing-42 >> Host: localhost:3000
16:19:20.234 [pool-2-thread-67] DEBUG org.apache.http.headers -- http-outgoing-42 >> Connection: Keep-Alive
16:19:20.234 [pool-2-thread-67] DEBUG org.apache.http.headers -- http-outgoing-42 >> User-Agent: Apache-HttpClient/4.5.14 (Java/17.0.9)
16:19:20.234 [pool-2-thread-67] DEBUG org.apache.http.headers -- http-outgoing-42 >> Accept-Encoding: gzip,deflate
16:19:20.234 [pool-2-thread-67] DEBUG org.apache.http.wire -- http-outgoing-42 >> "POST /auth/login HTTP/1.1[\r][\n]"
16:19:20.234 [pool-2-thread-67] DEBUG org.apache.http.wire -- http-outgoing-42 >> "Content-Type: application/json; charset=UTF-8[\r][\n]"
16:19:20.234 [pool-2-thread-67] DEBUG org.apache.http.wire -- http-outgoing-42 >> "Content-Length: 54[\r][\n]"
16:19:20.234 [pool-2-thread-67] DEBUG org.apache.http.wire -- http-outgoing-42 >> "Host: localhost:3000[\r][\n]"
16:19:20.234 [pool-2-thread-67] DEBUG org.apache.http.wire -- http-outgoing-42 >> "Connection: Keep-Alive[\r][\n]"
16:19:20.234 [pool-2-thread-67] DEBUG org.apache.http.wire -- http-outgoing-42 >> "User-Agent: Apache-HttpClient/4.5.14 (Java/17.0.9)[\r][\n]"
16:19:20.234 [pool-2-thread-67] DEBUG org.apache.http.wire -- http-outgoing-42 >> "Accept-Encoding: gzip,deflate[\r][\n]"
16:19:20.234 [pool-2-thread-67] DEBUG org.apache.http.wire -- http-outgoing-42 >> "[\r][\n]"
16:19:20.234 [pool-2-thread-67] DEBUG org.apache.http.wire -- http-outgoing-42 >> "{"email":"testit3@gmail.com","password":"Password123"}"
16:19:19.903 [pool-2-thread-1] DEBUG org.apache.http.headers -- http-outgoing-85 >> User-Agent: Apache-HttpClient/4.5.14 (Java/17.0.9)
16:19:20.234 [pool-2-thread-1] DEBUG org.apache.http.headers -- http-outgoing-85 >> Accept-Encoding: gzip,deflate
16:19:20.234 [pool-2-thread-1] DEBUG org.apache.http.wire -- http-outgoing-85 >> "POST /auth/login HTTP/1.1[\r][\n]"
16:19:20.234 [pool-2-thread-1] DEBUG org.apache.http.wire -- http-outgoing-85 >> "Content-Type: application/json; charset=UTF-8[\r][\n]"
16:19:19.903 [pool-2-thread-38] DEBUG org.apache.http.impl.conn.DefaultHttpClientConnectionOperator -- Connection established 127.0.0.1:51396<->127.0.0.1:3000
16:19:20.234 [pool-2-thread-38] DEBUG org.apache.http.impl.conn.DefaultManagedHttpClientConnection -- http-outgoing-98: set socket timeout to 30000
16:19:19.903 [pool-2-thread-73] DEBUG org.apache.http.impl.conn.DefaultHttpClientConnectionOperator -- Connection established 127.0.0.1:51400<->127.0.0.1:3000
16:19:20.234 [pool-2-thread-73] DEBUG org.apache.http.impl.conn.DefaultManagedHttpClientConnection -- http-outgoing-74: set socket timeout to 30000
16:19:20.234 [pool-2-thread-38] DEBUG org.apache.http.impl.execchain.MainClientExec -- Executing request POST /auth/login HTTP/1.1
16:19:20.234 [pool-2-thread-73] DEBUG org.apache.http.impl.execchain.MainClientExec -- Executing request POST /auth/login HTTP/1.1
16:19:20.234 [pool-2-thread-73] DEBUG org.apache.http.impl.execchain.MainClientExec -- Target auth state: UNCHALLENGED
16:19:19.903 [pool-2-thread-80] DEBUG org.apache.http.impl.conn.DefaultHttpClientConnectionOperator -- Connection established 127.0.0.1:51399<->127.0.0.1:3000
16:19:19.903 [pool-2-thread-19] DEBUG org.apache.http.impl.execchain.MainClientExec -- Target auth state: UNCHALLENGED
16:19:20.234 [pool-2-thread-19] DEBUG org.apache.http.impl.execchain.MainClientExec -- Proxy auth state: UNCHALLENGED
16:19:20.234 [pool-2-thread-80] DEBUG org.apache.http.impl.conn.DefaultManagedHttpClientConnection -- http-outgoing-65: set socket timeout to 30000
16:19:20.235 [pool-2-thread-80] DEBUG org.apache.http.impl.execchain.MainClientExec -- Executing request POST /auth/login HTTP/1.1
16:19:20.235 [pool-2-thread-19] DEBUG org.apache.http.headers -- http-outgoing-36 >> POST /auth/login HTTP/1.1
16:19:19.904 [pool-2-thread-68] DEBUG org.apache.http.impl.conn.DefaultHttpClientConnectionOperator -- Connection established 127.0.0.1:51401<->127.0.0.1:3000
16:19:19.904 [pool-2-thread-25] DEBUG org.apache.http.impl.conn.DefaultHttpClientConnectionOperator -- Connecting to localhost/127.0.0.1:3000
16:19:20.235 [pool-2-thread-68] DEBUG org.apache.http.impl.conn.DefaultManagedHttpClientConnection -- http-outgoing-95: set socket timeout to 30000
16:19:20.235 [pool-2-thread-68] DEBUG org.apache.http.impl.execchain.MainClientExec -- Executing request POST /auth/login HTTP/1.1
16:19:20.235 [pool-2-thread-68] DEBUG org.apache.http.impl.execchain.MainClientExec -- Target auth state: UNCHALLENGED
16:19:20.235 [pool-2-thread-68] DEBUG org.apache.http.impl.execchain.MainClientExec -- Proxy auth state: UNCHALLENGED
16:19:20.235 [pool-2-thread-68] DEBUG org.apache.http.headers -- http-outgoing-95 >> POST /auth/login HTTP/1.1
16:19:20.235 [pool-2-thread-68] DEBUG org.apache.http.headers -- http-outgoing-95 >> Content-Type: application/json; charset=UTF-8
16:19:20.235 [pool-2-thread-68] DEBUG org.apache.http.headers -- http-outgoing-95 >> Content-Length: 54
16:19:20.235 [pool-2-thread-68] DEBUG org.apache.http.headers -- http-outgoing-95 >> Host: localhost:3000
16:19:20.235 [pool-2-thread-68] DEBUG org.apache.http.headers -- http-outgoing-95 >> Connection: Keep-Alive
16:19:20.235 [pool-2-thread-68] DEBUG org.apache.http.headers -- http-outgoing-95 >> User-Agent: Apache-HttpClient/4.5.14 (Java/17.0.9)
16:19:20.235 [pool-2-thread-68] DEBUG org.apache.http.headers -- http-outgoing-95 >> Accept-Encoding: gzip,deflate
16:19:20.235 [pool-2-thread-68] DEBUG org.apache.http.wire -- http-outgoing-95 >> "POST /auth/login HTTP/1.1[\r][\n]"
16:19:19.904 [pool-2-thread-8] DEBUG org.apache.http.impl.conn.DefaultHttpClientConnectionOperator -- Connection established 127.0.0.1:51402<->127.0.0.1:3000
16:19:20.235 [pool-2-thread-8] DEBUG org.apache.http.impl.conn.DefaultManagedHttpClientConnection -- http-outgoing-2: set socket timeout to 30000
16:19:20.235 [pool-2-thread-8] DEBUG org.apache.http.impl.execchain.MainClientExec -- Executing request POST /auth/login HTTP/1.1
16:19:20.235 [pool-2-thread-8] DEBUG org.apache.http.impl.execchain.MainClientExec -- Target auth state: UNCHALLENGED
16:19:20.235 [pool-2-thread-8] DEBUG org.apache.http.impl.execchain.MainClientExec -- Proxy auth state: UNCHALLENGED
16:19:20.235 [pool-2-thread-8] DEBUG org.apache.http.headers -- http-outgoing-2 >> POST /auth/login HTTP/1.1
16:19:20.235 [pool-2-thread-8] DEBUG org.apache.http.headers -- http-outgoing-2 >> Content-Type: application/json; charset=UTF-8
16:19:20.235 [pool-2-thread-8] DEBUG org.apache.http.headers -- http-outgoing-2 >> Content-Length: 54
16:19:20.235 [pool-2-thread-8] DEBUG org.apache.http.headers -- http-outgoing-2 >> Host: localhost:3000
16:19:20.235 [pool-2-thread-8] DEBUG org.apache.http.headers -- http-outgoing-2 >> Connection: Keep-Alive
16:19:20.235 [pool-2-thread-8] DEBUG org.apache.http.headers -- http-outgoing-2 >> User-Agent: Apache-HttpClient/4.5.14 (Java/17.0.9)
16:19:20.235 [pool-2-thread-8] DEBUG org.apache.http.headers -- http-outgoing-2 >> Accept-Encoding: gzip,deflate
16:19:20.235 [pool-2-thread-8] DEBUG org.apache.http.wire -- http-outgoing-2 >> "POST /auth/login HTTP/1.1[\r][\n]"
16:19:20.235 [pool-2-thread-8] DEBUG org.apache.http.wire -- http-outgoing-2 >> "Content-Type: application/json; charset=UTF-8[\r][\n]"
16:19:20.235 [pool-2-thread-8] DEBUG org.apache.http.wire -- http-outgoing-2 >> "Content-Length: 54[\r][\n]"
16:19:20.235 [pool-2-thread-8] DEBUG org.apache.http.wire -- http-outgoing-2 >> "Host: localhost:3000[\r][\n]"
16:19:20.235 [pool-2-thread-25] DEBUG org.apache.http.impl.conn.DefaultHttpClientConnectionOperator -- Connection established 127.0.0.1:51460<->127.0.0.1:3000
16:19:20.235 [pool-2-thread-25] DEBUG org.apache.http.impl.conn.DefaultManagedHttpClientConnection -- http-outgoing-66: set socket timeout to 30000
16:19:20.235 [pool-2-thread-25] DEBUG org.apache.http.impl.execchain.MainClientExec -- Executing request POST /auth/login HTTP/1.1
16:19:20.235 [pool-2-thread-25] DEBUG org.apache.http.impl.execchain.MainClientExec -- Target auth state: UNCHALLENGED
16:19:20.235 [pool-2-thread-25] DEBUG org.apache.http.impl.execchain.MainClientExec -- Proxy auth state: UNCHALLENGED
16:19:20.235 [pool-2-thread-25] DEBUG org.apache.http.headers -- http-outgoing-66 >> POST /auth/login HTTP/1.1
16:19:20.235 [pool-2-thread-25] DEBUG org.apache.http.headers -- http-outgoing-66 >> Content-Type: application/json; charset=UTF-8
16:19:20.235 [pool-2-thread-25] DEBUG org.apache.http.headers -- http-outgoing-66 >> Content-Length: 55
16:19:20.235 [pool-2-thread-25] DEBUG org.apache.http.headers -- http-outgoing-66 >> Host: localhost:3000
16:19:20.235 [pool-2-thread-25] DEBUG org.apache.http.headers -- http-outgoing-66 >> Connection: Keep-Alive
16:19:20.235 [pool-2-thread-25] DEBUG org.apache.http.headers -- http-outgoing-66 >> User-Agent: Apache-HttpClient/4.5.14 (Java/17.0.9)
16:19:20.235 [pool-2-thread-25] DEBUG org.apache.http.headers -- http-outgoing-66 >> Accept-Encoding: gzip,deflate
16:19:20.235 [pool-2-thread-25] DEBUG org.apache.http.wire -- http-outgoing-66 >> "POST /auth/login HTTP/1.1[\r][\n]"
16:19:20.235 [pool-2-thread-25] DEBUG org.apache.http.wire -- http-outgoing-66 >> "Content-Type: application/json; charset=UTF-8[\r][\n]"
16:19:20.235 [pool-2-thread-25] DEBUG org.apache.http.wire -- http-outgoing-66 >> "Content-Length: 55[\r][\n]"
16:19:20.235 [pool-2-thread-25] DEBUG org.apache.http.wire -- http-outgoing-66 >> "Host: localhost:3000[\r][\n]"
16:19:20.235 [pool-2-thread-25] DEBUG org.apache.http.wire -- http-outgoing-66 >> "Connection: Keep-Alive[\r][\n]"
16:19:20.238 [pool-2-thread-25] DEBUG org.apache.http.wire -- http-outgoing-66 >> "User-Agent: Apache-HttpClient/4.5.14 (Java/17.0.9)[\r][\n]"
16:19:20.239 [pool-2-thread-25] DEBUG org.apache.http.wire -- http-outgoing-66 >> "Accept-Encoding: gzip,deflate[\r][\n]"
16:19:20.239 [pool-2-thread-25] DEBUG org.apache.http.wire -- http-outgoing-66 >> "[\r][\n]"
16:19:20.239 [pool-2-thread-25] DEBUG org.apache.http.wire -- http-outgoing-66 >> "{"email":"test28@example.com","password":"Password123"}"
16:19:19.905 [pool-2-thread-69] DEBUG org.apache.http.wire -- http-outgoing-32 >> "Content-Length: 53[\r][\n]"
16:19:20.241 [pool-2-thread-69] DEBUG org.apache.http.wire -- http-outgoing-32 >> "Host: localhost:3000[\r][\n]"
16:19:20.241 [pool-2-thread-69] DEBUG org.apache.http.wire -- http-outgoing-32 >> "Connection: Keep-Alive[\r][\n]"
16:19:20.241 [pool-2-thread-69] DEBUG org.apache.http.wire -- http-outgoing-32 >> "User-Agent: Apache-HttpClient/4.5.14 (Java/17.0.9)[\r][\n]"
16:19:20.241 [pool-2-thread-69] DEBUG org.apache.http.wire -- http-outgoing-32 >> "Accept-Encoding: gzip,deflate[\r][\n]"
16:19:20.241 [pool-2-thread-69] DEBUG org.apache.http.wire -- http-outgoing-32 >> "[\r][\n]"
16:19:20.241 [pool-2-thread-69] DEBUG org.apache.http.wire -- http-outgoing-32 >> "{"email":"testit@gmail.com","password":"Password123"}"
16:19:19.905 [pool-2-thread-97] DEBUG org.apache.http.impl.execchain.MainClientExec -- Executing request POST /auth/login HTTP/1.1
16:19:19.912 [pool-2-thread-41] DEBUG org.apache.http.impl.conn.DefaultHttpClientConnectionOperator -- Connecting to localhost/127.0.0.1:3000
16:19:19.912 [pool-2-thread-84] DEBUG org.apache.http.impl.conn.DefaultHttpClientConnectionOperator -- Connection established 127.0.0.1:51406<->127.0.0.1:3000
16:19:19.913 [pool-2-thread-98] DEBUG org.apache.http.headers -- http-outgoing-19 >> POST /auth/login HTTP/1.1
16:19:20.260 [pool-2-thread-41] DEBUG org.apache.http.impl.conn.DefaultHttpClientConnectionOperator -- Connection established 127.0.0.1:51461<->127.0.0.1:3000
16:19:20.259 [pool-2-thread-98] DEBUG org.apache.http.headers -- http-outgoing-19 >> Content-Type: application/json; charset=UTF-8
16:19:20.261 [pool-2-thread-98] DEBUG org.apache.http.headers -- http-outgoing-19 >> Content-Length: 54
16:19:20.261 [pool-2-thread-98] DEBUG org.apache.http.headers -- http-outgoing-19 >> Host: localhost:3000
16:19:20.261 [pool-2-thread-98] DEBUG org.apache.http.headers -- http-outgoing-19 >> Connection: Keep-Alive
16:19:20.261 [pool-2-thread-98] DEBUG org.apache.http.headers -- http-outgoing-19 >> User-Agent: Apache-HttpClient/4.5.14 (Java/17.0.9)
16:19:20.261 [pool-2-thread-98] DEBUG org.apache.http.headers -- http-outgoing-19 >> Accept-Encoding: gzip,deflate
16:19:20.261 [pool-2-thread-98] DEBUG org.apache.http.wire -- http-outgoing-19 >> "POST /auth/login HTTP/1.1[\r][\n]"
16:19:20.261 [pool-2-thread-98] DEBUG org.apache.http.wire -- http-outgoing-19 >> "Content-Type: application/json; charset=UTF-8[\r][\n]"
16:19:20.261 [pool-2-thread-98] DEBUG org.apache.http.wire -- http-outgoing-19 >> "Content-Length: 54[\r][\n]"
16:19:20.261 [pool-2-thread-98] DEBUG org.apache.http.wire -- http-outgoing-19 >> "Host: localhost:3000[\r][\n]"
16:19:20.261 [pool-2-thread-98] DEBUG org.apache.http.wire -- http-outgoing-19 >> "Connection: Keep-Alive[\r][\n]"
16:19:20.261 [pool-2-thread-98] DEBUG org.apache.http.wire -- http-outgoing-19 >> "User-Agent: Apache-HttpClient/4.5.14 (Java/17.0.9)[\r][\n]"
16:19:20.261 [pool-2-thread-98] DEBUG org.apache.http.wire -- http-outgoing-19 >> "Accept-Encoding: gzip,deflate[\r][\n]"
16:19:20.261 [pool-2-thread-98] DEBUG org.apache.http.wire -- http-outgoing-19 >> "[\r][\n]"
16:19:20.261 [pool-2-thread-98] DEBUG org.apache.http.wire -- http-outgoing-19 >> "{"email":"testit5@gmail.com","password":"Password123"}"
16:19:20.259 [pool-2-thread-97] DEBUG org.apache.http.impl.execchain.MainClientExec -- Target auth state: UNCHALLENGED
16:19:20.261 [pool-2-thread-97] DEBUG org.apache.http.impl.execchain.MainClientExec -- Proxy auth state: UNCHALLENGED
16:19:20.261 [pool-2-thread-97] DEBUG org.apache.http.headers -- http-outgoing-94 >> POST /auth/login HTTP/1.1
16:19:20.261 [pool-2-thread-97] DEBUG org.apache.http.headers -- http-outgoing-94 >> Content-Type: application/json; charset=UTF-8
16:19:20.261 [pool-2-thread-97] DEBUG org.apache.http.headers -- http-outgoing-94 >> Content-Length: 54
16:19:20.261 [pool-2-thread-97] DEBUG org.apache.http.headers -- http-outgoing-94 >> Host: localhost:3000
16:19:20.261 [pool-2-thread-97] DEBUG org.apache.http.headers -- http-outgoing-94 >> Connection: Keep-Alive
16:19:20.261 [pool-2-thread-97] DEBUG org.apache.http.headers -- http-outgoing-94 >> User-Agent: Apache-HttpClient/4.5.14 (Java/17.0.9)
16:19:20.261 [pool-2-thread-97] DEBUG org.apache.http.headers -- http-outgoing-94 >> Accept-Encoding: gzip,deflate
16:19:20.261 [pool-2-thread-97] DEBUG org.apache.http.wire -- http-outgoing-94 >> "POST /auth/login HTTP/1.1[\r][\n]"
16:19:20.261 [pool-2-thread-97] DEBUG org.apache.http.wire -- http-outgoing-94 >> "Content-Type: application/json; charset=UTF-8[\r][\n]"
16:19:20.263 [pool-2-thread-97] DEBUG org.apache.http.wire -- http-outgoing-94 >> "Content-Length: 54[\r][\n]"
16:19:20.264 [pool-2-thread-97] DEBUG org.apache.http.wire -- http-outgoing-94 >> "Host: localhost:3000[\r][\n]"
16:19:20.264 [pool-2-thread-97] DEBUG org.apache.http.wire -- http-outgoing-94 >> "Connection: Keep-Alive[\r][\n]"
16:19:20.264 [pool-2-thread-97] DEBUG org.apache.http.wire -- http-outgoing-94 >> "User-Agent: Apache-HttpClient/4.5.14 (Java/17.0.9)[\r][\n]"
16:19:20.264 [pool-2-thread-97] DEBUG org.apache.http.wire -- http-outgoing-94 >> "Accept-Encoding: gzip,deflate[\r][\n]"
16:19:20.264 [pool-2-thread-97] DEBUG org.apache.http.wire -- http-outgoing-94 >> "[\r][\n]"
16:19:20.264 [pool-2-thread-97] DEBUG org.apache.http.wire -- http-outgoing-94 >> "{"email":"testit3@gmail.com","password":"Password123"}"
16:19:19.914 [pool-2-thread-28] DEBUG org.apache.http.impl.execchain.MainClientExec -- Opening connection {}->http://localhost:3000
16:19:19.915 [pool-2-thread-83] DEBUG org.apache.http.impl.execchain.MainClientExec -- Opening connection {}->http://localhost:3000
16:19:19.921 [pool-2-thread-77] DEBUG org.apache.http.impl.conn.DefaultHttpClientConnectionOperator -- Connecting to localhost/127.0.0.1:3000
16:19:19.929 [pool-2-thread-47] DEBUG org.apache.http.wire -- http-outgoing-3 >> "Connection: Keep-Alive[\r][\n]"
16:19:20.282 [pool-2-thread-47] DEBUG org.apache.http.wire -- http-outgoing-3 >> "User-Agent: Apache-HttpClient/4.5.14 (Java/17.0.9)[\r][\n]"
16:19:20.282 [pool-2-thread-47] DEBUG org.apache.http.wire -- http-outgoing-3 >> "Accept-Encoding: gzip,deflate[\r][\n]"
16:19:20.282 [pool-2-thread-47] DEBUG org.apache.http.wire -- http-outgoing-3 >> "[\r][\n]"
16:19:20.282 [pool-2-thread-47] DEBUG org.apache.http.wire -- http-outgoing-3 >> "{"email":"testit3@gmail.com","password":"Password123"}"
16:19:20.282 [pool-2-thread-28] DEBUG org.apache.http.impl.conn.DefaultHttpClientConnectionOperator -- Connecting to localhost/127.0.0.1:3000
16:19:19.931 [pool-2-thread-59] DEBUG org.apache.http.impl.conn.DefaultHttpClientConnectionOperator -- Connection established 127.0.0.1:51414<->127.0.0.1:3000
16:19:20.282 [pool-2-thread-59] DEBUG org.apache.http.impl.conn.DefaultManagedHttpClientConnection -- http-outgoing-70: set socket timeout to 30000
16:19:20.282 [pool-2-thread-59] DEBUG org.apache.http.impl.execchain.MainClientExec -- Executing request POST /auth/login HTTP/1.1
16:19:20.282 [pool-2-thread-59] DEBUG org.apache.http.impl.execchain.MainClientExec -- Target auth state: UNCHALLENGED
16:19:20.282 [pool-2-thread-59] DEBUG org.apache.http.impl.execchain.MainClientExec -- Proxy auth state: UNCHALLENGED
16:19:20.282 [pool-2-thread-59] DEBUG org.apache.http.headers -- http-outgoing-70 >> POST /auth/login HTTP/1.1
16:19:20.282 [pool-2-thread-59] DEBUG org.apache.http.headers -- http-outgoing-70 >> Content-Type: application/json; charset=UTF-8
16:19:20.282 [pool-2-thread-59] DEBUG org.apache.http.headers -- http-outgoing-70 >> Content-Length: 53
16:19:20.282 [pool-2-thread-59] DEBUG org.apache.http.headers -- http-outgoing-70 >> Host: localhost:3000
16:19:20.282 [pool-2-thread-59] DEBUG org.apache.http.headers -- http-outgoing-70 >> Connection: Keep-Alive
16:19:20.282 [pool-2-thread-59] DEBUG org.apache.http.headers -- http-outgoing-70 >> User-Agent: Apache-HttpClient/4.5.14 (Java/17.0.9)
16:19:20.282 [pool-2-thread-59] DEBUG org.apache.http.headers -- http-outgoing-70 >> Accept-Encoding: gzip,deflate
16:19:20.282 [pool-2-thread-59] DEBUG org.apache.http.wire -- http-outgoing-70 >> "POST /auth/login HTTP/1.1[\r][\n]"
16:19:20.282 [pool-2-thread-59] DEBUG org.apache.http.wire -- http-outgoing-70 >> "Content-Type: application/json; charset=UTF-8[\r][\n]"
16:19:20.282 [pool-2-thread-59] DEBUG org.apache.http.wire -- http-outgoing-70 >> "Content-Length: 53[\r][\n]"
16:19:20.282 [pool-2-thread-59] DEBUG org.apache.http.wire -- http-outgoing-70 >> "Host: localhost:3000[\r][\n]"
16:19:20.282 [pool-2-thread-59] DEBUG org.apache.http.wire -- http-outgoing-70 >> "Connection: Keep-Alive[\r][\n]"
16:19:20.282 [pool-2-thread-59] DEBUG org.apache.http.wire -- http-outgoing-70 >> "User-Agent: Apache-HttpClient/4.5.14 (Java/17.0.9)[\r][\n]"
16:19:20.282 [pool-2-thread-59] DEBUG org.apache.http.wire -- http-outgoing-70 >> "Accept-Encoding: gzip,deflate[\r][\n]"
16:19:20.282 [pool-2-thread-59] DEBUG org.apache.http.wire -- http-outgoing-70 >> "[\r][\n]"
16:19:20.282 [pool-2-thread-59] DEBUG org.apache.http.wire -- http-outgoing-70 >> "{"email":"testit@gmail.com","password":"Password123"}"
16:19:20.284 [pool-2-thread-28] DEBUG org.apache.http.impl.conn.DefaultHttpClientConnectionOperator -- Connection established 127.0.0.1:51463<->127.0.0.1:3000
16:19:20.285 [pool-2-thread-28] DEBUG org.apache.http.impl.conn.DefaultManagedHttpClientConnection -- http-outgoing-31: set socket timeout to 30000
16:19:20.285 [pool-2-thread-28] DEBUG org.apache.http.impl.execchain.MainClientExec -- Executing request POST /auth/login HTTP/1.1
16:19:20.285 [pool-2-thread-28] DEBUG org.apache.http.impl.execchain.MainClientExec -- Target auth state: UNCHALLENGED
16:19:20.285 [pool-2-thread-28] DEBUG org.apache.http.impl.execchain.MainClientExec -- Proxy auth state: UNCHALLENGED
16:19:20.285 [pool-2-thread-28] DEBUG org.apache.http.headers -- http-outgoing-31 >> POST /auth/login HTTP/1.1
16:19:20.285 [pool-2-thread-28] DEBUG org.apache.http.headers -- http-outgoing-31 >> Content-Type: application/json; charset=UTF-8
16:19:20.285 [pool-2-thread-28] DEBUG org.apache.http.headers -- http-outgoing-31 >> Content-Length: 54
16:19:20.285 [pool-2-thread-28] DEBUG org.apache.http.headers -- http-outgoing-31 >> Host: localhost:3000
16:19:20.285 [pool-2-thread-28] DEBUG org.apache.http.headers -- http-outgoing-31 >> Connection: Keep-Alive
16:19:20.285 [pool-2-thread-28] DEBUG org.apache.http.headers -- http-outgoing-31 >> User-Agent: Apache-HttpClient/4.5.14 (Java/17.0.9)
16:19:20.285 [pool-2-thread-28] DEBUG org.apache.http.headers -- http-outgoing-31 >> Accept-Encoding: gzip,deflate
16:19:20.285 [pool-2-thread-28] DEBUG org.apache.http.wire -- http-outgoing-31 >> "POST /auth/login HTTP/1.1[\r][\n]"
16:19:20.285 [pool-2-thread-28] DEBUG org.apache.http.wire -- http-outgoing-31 >> "Content-Type: application/json; charset=UTF-8[\r][\n]"
16:19:20.285 [pool-2-thread-28] DEBUG org.apache.http.wire -- http-outgoing-31 >> "Content-Length: 54[\r][\n]"
16:19:20.285 [pool-2-thread-28] DEBUG org.apache.http.wire -- http-outgoing-31 >> "Host: localhost:3000[\r][\n]"
16:19:20.285 [pool-2-thread-28] DEBUG org.apache.http.wire -- http-outgoing-31 >> "Connection: Keep-Alive[\r][\n]"
16:19:20.285 [pool-2-thread-28] DEBUG org.apache.http.wire -- http-outgoing-31 >> "User-Agent: Apache-HttpClient/4.5.14 (Java/17.0.9)[\r][\n]"
16:19:20.285 [pool-2-thread-28] DEBUG org.apache.http.wire -- http-outgoing-31 >> "Accept-Encoding: gzip,deflate[\r][\n]"
16:19:20.285 [pool-2-thread-28] DEBUG org.apache.http.wire -- http-outgoing-31 >> "[\r][\n]"
16:19:20.285 [pool-2-thread-28] DEBUG org.apache.http.wire -- http-outgoing-31 >> "{"email":"testit5@gmail.com","password":"Password123"}"
16:19:19.958 [pool-2-thread-51] DEBUG org.apache.http.impl.conn.DefaultHttpClientConnectionOperator -- Connection established 127.0.0.1:51417<->127.0.0.1:3000
16:19:20.288 [pool-2-thread-51] DEBUG org.apache.http.impl.conn.DefaultManagedHttpClientConnection -- http-outgoing-79: set socket timeout to 30000
16:19:20.289 [pool-2-thread-51] DEBUG org.apache.http.impl.execchain.MainClientExec -- Executing request POST /auth/login HTTP/1.1
16:19:20.289 [pool-2-thread-51] DEBUG org.apache.http.impl.execchain.MainClientExec -- Target auth state: UNCHALLENGED
16:19:20.289 [pool-2-thread-51] DEBUG org.apache.http.impl.execchain.MainClientExec -- Proxy auth state: UNCHALLENGED
16:19:20.289 [pool-2-thread-51] DEBUG org.apache.http.headers -- http-outgoing-79 >> POST /auth/login HTTP/1.1
16:19:20.289 [pool-2-thread-51] DEBUG org.apache.http.headers -- http-outgoing-79 >> Content-Type: application/json; charset=UTF-8
16:19:20.289 [pool-2-thread-51] DEBUG org.apache.http.headers -- http-outgoing-79 >> Content-Length: 45
16:19:20.289 [pool-2-thread-51] DEBUG org.apache.http.headers -- http-outgoing-79 >> Host: localhost:3000
16:19:20.289 [pool-2-thread-51] DEBUG org.apache.http.headers -- http-outgoing-79 >> Connection: Keep-Alive
16:19:20.289 [pool-2-thread-51] DEBUG org.apache.http.headers -- http-outgoing-79 >> User-Agent: Apache-HttpClient/4.5.14 (Java/17.0.9)
16:19:20.289 [pool-2-thread-51] DEBUG org.apache.http.headers -- http-outgoing-79 >> Accept-Encoding: gzip,deflate
16:19:20.289 [pool-2-thread-51] DEBUG org.apache.http.wire -- http-outgoing-79 >> "POST /auth/login HTTP/1.1[\r][\n]"
16:19:20.289 [pool-2-thread-51] DEBUG org.apache.http.wire -- http-outgoing-79 >> "Content-Type: application/json; charset=UTF-8[\r][\n]"
16:19:20.289 [pool-2-thread-51] DEBUG org.apache.http.wire -- http-outgoing-79 >> "Content-Length: 45[\r][\n]"
16:19:20.289 [pool-2-thread-51] DEBUG org.apache.http.wire -- http-outgoing-79 >> "Host: localhost:3000[\r][\n]"
16:19:20.289 [pool-2-thread-51] DEBUG org.apache.http.wire -- http-outgoing-79 >> "Connection: Keep-Alive[\r][\n]"
16:19:20.289 [pool-2-thread-51] DEBUG org.apache.http.wire -- http-outgoing-79 >> "User-Agent: Apache-HttpClient/4.5.14 (Java/17.0.9)[\r][\n]"
16:19:20.289 [pool-2-thread-51] DEBUG org.apache.http.wire -- http-outgoing-79 >> "Accept-Encoding: gzip,deflate[\r][\n]"
16:19:20.289 [pool-2-thread-51] DEBUG org.apache.http.wire -- http-outgoing-79 >> "[\r][\n]"
16:19:20.289 [pool-2-thread-51] DEBUG org.apache.http.wire -- http-outgoing-79 >> "{"email":"nam@gmail.com","password":"123456"}"
16:19:19.971 [pool-2-thread-21] DEBUG org.apache.http.impl.conn.DefaultHttpClientConnectionOperator -- Connecting to localhost/127.0.0.1:3000
16:19:19.981 [pool-2-thread-71] DEBUG org.apache.http.impl.execchain.MainClientExec -- Opening connection {}->http://localhost:3000
16:19:19.982 [pool-2-thread-72] DEBUG org.apache.http.headers -- http-outgoing-50 >> POST /auth/login HTTP/1.1
16:19:19.982 [pool-2-thread-60] DEBUG org.apache.http.impl.execchain.MainClientExec -- Opening connection {}->http://localhost:3000
16:19:19.984 [pool-2-thread-56] DEBUG org.apache.http.headers -- http-outgoing-30 >> POST /auth/login HTTP/1.1
16:19:20.292 [pool-2-thread-56] DEBUG org.apache.http.headers -- http-outgoing-30 >> Content-Type: application/json; charset=UTF-8
16:19:19.984 [pool-2-thread-86] DEBUG org.apache.http.impl.conn.DefaultHttpClientConnectionOperator -- Connecting to localhost/127.0.0.1:3000
16:19:19.985 [pool-2-thread-13] DEBUG org.apache.http.headers -- http-outgoing-35 >> Content-Type: application/json; charset=UTF-8
16:19:20.292 [pool-2-thread-60] DEBUG org.apache.http.impl.conn.DefaultHttpClientConnectionOperator -- Connecting to localhost/127.0.0.1:3000
16:19:19.985 [pool-2-thread-24] DEBUG org.apache.http.impl.conn.DefaultManagedHttpClientConnection -- http-outgoing-73: set socket timeout to 30000
16:19:20.292 [pool-2-thread-24] DEBUG org.apache.http.impl.execchain.MainClientExec -- Executing request POST /auth/login HTTP/1.1
16:19:20.292 [pool-2-thread-24] DEBUG org.apache.http.impl.execchain.MainClientExec -- Target auth state: UNCHALLENGED
16:19:20.292 [pool-2-thread-24] DEBUG org.apache.http.impl.execchain.MainClientExec -- Proxy auth state: UNCHALLENGED
16:19:19.985 [pool-2-thread-26] DEBUG org.apache.http.headers -- http-outgoing-21 >> Content-Type: application/json; charset=UTF-8
16:19:20.292 [pool-2-thread-26] DEBUG org.apache.http.headers -- http-outgoing-21 >> Content-Length: 54
16:19:20.292 [pool-2-thread-26] DEBUG org.apache.http.headers -- http-outgoing-21 >> Host: localhost:3000
16:19:20.292 [pool-2-thread-26] DEBUG org.apache.http.headers -- http-outgoing-21 >> Connection: Keep-Alive
16:19:20.292 [pool-2-thread-26] DEBUG org.apache.http.headers -- http-outgoing-21 >> User-Agent: Apache-HttpClient/4.5.14 (Java/17.0.9)
16:19:20.292 [pool-2-thread-24] DEBUG org.apache.http.headers -- http-outgoing-73 >> POST /auth/login HTTP/1.1
16:19:20.292 [pool-2-thread-24] DEBUG org.apache.http.headers -- http-outgoing-73 >> Content-Type: application/json; charset=UTF-8
16:19:19.987 [pool-2-thread-62] DEBUG org.apache.http.impl.conn.DefaultManagedHttpClientConnection -- http-outgoing-10: set socket timeout to 30000
16:19:20.029 [pool-2-thread-23] DEBUG org.apache.http.impl.execchain.MainClientExec -- Opening connection {}->http://localhost:3000
16:19:20.030 [pool-2-thread-5] DEBUG org.apache.http.impl.execchain.MainClientExec -- Target auth state: UNCHALLENGED
16:19:20.292 [pool-2-thread-5] DEBUG org.apache.http.impl.execchain.MainClientExec -- Proxy auth state: UNCHALLENGED
16:19:20.292 [pool-2-thread-5] DEBUG org.apache.http.headers -- http-outgoing-38 >> POST /auth/login HTTP/1.1
16:19:20.292 [pool-2-thread-5] DEBUG org.apache.http.headers -- http-outgoing-38 >> Content-Type: application/json; charset=UTF-8
16:19:20.292 [pool-2-thread-5] DEBUG org.apache.http.headers -- http-outgoing-38 >> Content-Length: 55
16:19:20.051 [pool-2-thread-48] DEBUG org.apache.http.impl.execchain.MainClientExec -- Opening connection {}->http://localhost:3000
16:19:20.292 [pool-2-thread-60] DEBUG org.apache.http.impl.conn.DefaultHttpClientConnectionOperator -- Connection established 127.0.0.1:51465<->127.0.0.1:3000
16:19:20.292 [pool-2-thread-60] DEBUG org.apache.http.impl.conn.DefaultManagedHttpClientConnection -- http-outgoing-11: set socket timeout to 30000
16:19:20.292 [pool-2-thread-60] DEBUG org.apache.http.impl.execchain.MainClientExec -- Executing request POST /auth/login HTTP/1.1
16:19:20.292 [pool-2-thread-60] DEBUG org.apache.http.impl.execchain.MainClientExec -- Target auth state: UNCHALLENGED
16:19:20.292 [pool-2-thread-60] DEBUG org.apache.http.impl.execchain.MainClientExec -- Proxy auth state: UNCHALLENGED
16:19:20.292 [pool-2-thread-48] DEBUG org.apache.http.impl.conn.DefaultHttpClientConnectionOperator -- Connecting to localhost/127.0.0.1:3000
16:19:20.292 [pool-2-thread-60] DEBUG org.apache.http.headers -- http-outgoing-11 >> POST /auth/login HTTP/1.1
16:19:20.292 [pool-2-thread-60] DEBUG org.apache.http.headers -- http-outgoing-11 >> Content-Type: application/json; charset=UTF-8
16:19:20.292 [pool-2-thread-60] DEBUG org.apache.http.headers -- http-outgoing-11 >> Content-Length: 54
16:19:20.292 [pool-2-thread-60] DEBUG org.apache.http.headers -- http-outgoing-11 >> Host: localhost:3000
16:19:20.292 [pool-2-thread-60] DEBUG org.apache.http.headers -- http-outgoing-11 >> Connection: Keep-Alive
16:19:20.292 [pool-2-thread-60] DEBUG org.apache.http.headers -- http-outgoing-11 >> User-Agent: Apache-HttpClient/4.5.14 (Java/17.0.9)
16:19:20.292 [pool-2-thread-60] DEBUG org.apache.http.headers -- http-outgoing-11 >> Accept-Encoding: gzip,deflate
16:19:20.292 [pool-2-thread-60] DEBUG org.apache.http.wire -- http-outgoing-11 >> "POST /auth/login HTTP/1.1[\r][\n]"
16:19:20.293 [pool-2-thread-60] DEBUG org.apache.http.wire -- http-outgoing-11 >> "Content-Type: application/json; charset=UTF-8[\r][\n]"
16:19:20.293 [pool-2-thread-60] DEBUG org.apache.http.wire -- http-outgoing-11 >> "Content-Length: 54[\r][\n]"
16:19:20.293 [pool-2-thread-60] DEBUG org.apache.http.wire -- http-outgoing-11 >> "Host: localhost:3000[\r][\n]"
16:19:20.293 [pool-2-thread-60] DEBUG org.apache.http.wire -- http-outgoing-11 >> "Connection: Keep-Alive[\r][\n]"
16:19:20.293 [pool-2-thread-60] DEBUG org.apache.http.wire -- http-outgoing-11 >> "User-Agent: Apache-HttpClient/4.5.14 (Java/17.0.9)[\r][\n]"
16:19:20.293 [pool-2-thread-60] DEBUG org.apache.http.wire -- http-outgoing-11 >> "Accept-Encoding: gzip,deflate[\r][\n]"
16:19:20.293 [pool-2-thread-60] DEBUG org.apache.http.wire -- http-outgoing-11 >> "[\r][\n]"
16:19:20.293 [pool-2-thread-60] DEBUG org.apache.http.wire -- http-outgoing-11 >> "{"email":"testit2@gmail.com","password":"Password123"}"
16:19:20.293 [pool-2-thread-86] DEBUG org.apache.http.impl.conn.DefaultHttpClientConnectionOperator -- Connection established 127.0.0.1:51466<->127.0.0.1:3000
16:19:20.293 [pool-2-thread-86] DEBUG org.apache.http.impl.conn.DefaultManagedHttpClientConnection -- http-outgoing-41: set socket timeout to 30000
16:19:20.293 [pool-2-thread-86] DEBUG org.apache.http.impl.execchain.MainClientExec -- Executing request POST /auth/login HTTP/1.1
16:19:20.293 [pool-2-thread-86] DEBUG org.apache.http.impl.execchain.MainClientExec -- Target auth state: UNCHALLENGED
16:19:20.293 [pool-2-thread-86] DEBUG org.apache.http.impl.execchain.MainClientExec -- Proxy auth state: UNCHALLENGED
16:19:20.293 [pool-2-thread-86] DEBUG org.apache.http.headers -- http-outgoing-41 >> POST /auth/login HTTP/1.1
16:19:20.293 [pool-2-thread-86] DEBUG org.apache.http.headers -- http-outgoing-41 >> Content-Type: application/json; charset=UTF-8
16:19:20.293 [pool-2-thread-86] DEBUG org.apache.http.headers -- http-outgoing-41 >> Content-Length: 54
16:19:20.293 [pool-2-thread-86] DEBUG org.apache.http.headers -- http-outgoing-41 >> Host: localhost:3000
16:19:20.293 [pool-2-thread-86] DEBUG org.apache.http.headers -- http-outgoing-41 >> Connection: Keep-Alive
16:19:20.293 [pool-2-thread-86] DEBUG org.apache.http.headers -- http-outgoing-41 >> User-Agent: Apache-HttpClient/4.5.14 (Java/17.0.9)
16:19:20.293 [pool-2-thread-86] DEBUG org.apache.http.headers -- http-outgoing-41 >> Accept-Encoding: gzip,deflate
16:19:20.293 [pool-2-thread-86] DEBUG org.apache.http.wire -- http-outgoing-41 >> "POST /auth/login HTTP/1.1[\r][\n]"
16:19:20.293 [pool-2-thread-86] DEBUG org.apache.http.wire -- http-outgoing-41 >> "Content-Type: application/json; charset=UTF-8[\r][\n]"
16:19:20.293 [pool-2-thread-86] DEBUG org.apache.http.wire -- http-outgoing-41 >> "Content-Length: 54[\r][\n]"
16:19:20.293 [pool-2-thread-86] DEBUG org.apache.http.wire -- http-outgoing-41 >> "Host: localhost:3000[\r][\n]"
16:19:20.293 [pool-2-thread-86] DEBUG org.apache.http.wire -- http-outgoing-41 >> "Connection: Keep-Alive[\r][\n]"
16:19:20.293 [pool-2-thread-86] DEBUG org.apache.http.wire -- http-outgoing-41 >> "User-Agent: Apache-HttpClient/4.5.14 (Java/17.0.9)[\r][\n]"
16:19:20.293 [pool-2-thread-86] DEBUG org.apache.http.wire -- http-outgoing-41 >> "Accept-Encoding: gzip,deflate[\r][\n]"
16:19:20.293 [pool-2-thread-86] DEBUG org.apache.http.wire -- http-outgoing-41 >> "[\r][\n]"
16:19:20.293 [pool-2-thread-86] DEBUG org.apache.http.wire -- http-outgoing-41 >> "{"email":"testit4@gmail.com","password":"Password123"}"
16:19:20.052 [pool-2-thread-81] DEBUG org.apache.http.impl.execchain.MainClientExec -- Executing request POST /auth/login HTTP/1.1
16:19:20.070 [pool-2-thread-11] DEBUG org.apache.http.impl.execchain.MainClientExec -- Opening connection {}->http://localhost:3000
16:19:20.295 [pool-2-thread-81] DEBUG org.apache.http.impl.execchain.MainClientExec -- Target auth state: UNCHALLENGED
16:19:20.295 [pool-2-thread-81] DEBUG org.apache.http.impl.execchain.MainClientExec -- Proxy auth state: UNCHALLENGED
16:19:20.295 [pool-2-thread-81] DEBUG org.apache.http.headers -- http-outgoing-83 >> POST /auth/login HTTP/1.1
16:19:20.295 [pool-2-thread-81] DEBUG org.apache.http.headers -- http-outgoing-83 >> Content-Type: application/json; charset=UTF-8
16:19:20.295 [pool-2-thread-11] DEBUG org.apache.http.impl.conn.DefaultHttpClientConnectionOperator -- Connecting to localhost/127.0.0.1:3000
16:19:20.297 [pool-2-thread-81] DEBUG org.apache.http.headers -- http-outgoing-83 >> Content-Length: 45
16:19:20.297 [pool-2-thread-81] DEBUG org.apache.http.headers -- http-outgoing-83 >> Host: localhost:3000
16:19:20.297 [pool-2-thread-81] DEBUG org.apache.http.headers -- http-outgoing-83 >> Connection: Keep-Alive
16:19:20.297 [pool-2-thread-81] DEBUG org.apache.http.headers -- http-outgoing-83 >> User-Agent: Apache-HttpClient/4.5.14 (Java/17.0.9)
16:19:20.297 [pool-2-thread-81] DEBUG org.apache.http.headers -- http-outgoing-83 >> Accept-Encoding: gzip,deflate
16:19:20.297 [pool-2-thread-81] DEBUG org.apache.http.wire -- http-outgoing-83 >> "POST /auth/login HTTP/1.1[\r][\n]"
16:19:20.297 [pool-2-thread-81] DEBUG org.apache.http.wire -- http-outgoing-83 >> "Content-Type: application/json; charset=UTF-8[\r][\n]"
16:19:20.297 [pool-2-thread-81] DEBUG org.apache.http.wire -- http-outgoing-83 >> "Content-Length: 45[\r][\n]"
16:19:20.297 [pool-2-thread-81] DEBUG org.apache.http.wire -- http-outgoing-83 >> "Host: localhost:3000[\r][\n]"
16:19:20.297 [pool-2-thread-81] DEBUG org.apache.http.wire -- http-outgoing-83 >> "Connection: Keep-Alive[\r][\n]"
16:19:20.297 [pool-2-thread-81] DEBUG org.apache.http.wire -- http-outgoing-83 >> "User-Agent: Apache-HttpClient/4.5.14 (Java/17.0.9)[\r][\n]"
16:19:20.297 [pool-2-thread-81] DEBUG org.apache.http.wire -- http-outgoing-83 >> "Accept-Encoding: gzip,deflate[\r][\n]"
16:19:20.297 [pool-2-thread-81] DEBUG org.apache.http.wire -- http-outgoing-83 >> "[\r][\n]"
16:19:20.297 [pool-2-thread-81] DEBUG org.apache.http.wire -- http-outgoing-83 >> "{"email":"nam@gmail.com","password":"123456"}"
16:19:20.071 [pool-2-thread-55] DEBUG org.apache.http.impl.execchain.MainClientExec -- Opening connection {}->http://localhost:3000
16:19:20.298 [pool-2-thread-55] DEBUG org.apache.http.impl.conn.DefaultHttpClientConnectionOperator -- Connecting to localhost/127.0.0.1:3000
16:19:20.071 [pool-2-thread-74] DEBUG org.apache.http.impl.conn.DefaultHttpClientConnectionOperator -- Connecting to localhost/127.0.0.1:3000
16:19:20.299 [pool-2-thread-55] DEBUG org.apache.http.impl.conn.DefaultHttpClientConnectionOperator -- Connection established 127.0.0.1:51469<->127.0.0.1:3000
16:19:20.299 [pool-2-thread-55] DEBUG org.apache.http.impl.conn.DefaultManagedHttpClientConnection -- http-outgoing-61: set socket timeout to 30000
16:19:20.300 [pool-2-thread-55] DEBUG org.apache.http.impl.execchain.MainClientExec -- Executing request POST /auth/login HTTP/1.1
16:19:20.300 [pool-2-thread-55] DEBUG org.apache.http.impl.execchain.MainClientExec -- Target auth state: UNCHALLENGED
16:19:20.300 [pool-2-thread-55] DEBUG org.apache.http.impl.execchain.MainClientExec -- Proxy auth state: UNCHALLENGED
16:19:20.300 [pool-2-thread-55] DEBUG org.apache.http.headers -- http-outgoing-61 >> POST /auth/login HTTP/1.1
16:19:20.300 [pool-2-thread-55] DEBUG org.apache.http.headers -- http-outgoing-61 >> Content-Type: application/json; charset=UTF-8
16:19:20.300 [pool-2-thread-55] DEBUG org.apache.http.headers -- http-outgoing-61 >> Content-Length: 55
16:19:20.300 [pool-2-thread-55] DEBUG org.apache.http.headers -- http-outgoing-61 >> Host: localhost:3000
16:19:20.300 [pool-2-thread-55] DEBUG org.apache.http.headers -- http-outgoing-61 >> Connection: Keep-Alive
16:19:20.300 [pool-2-thread-55] DEBUG org.apache.http.headers -- http-outgoing-61 >> User-Agent: Apache-HttpClient/4.5.14 (Java/17.0.9)
16:19:20.300 [pool-2-thread-55] DEBUG org.apache.http.headers -- http-outgoing-61 >> Accept-Encoding: gzip,deflate
16:19:20.300 [pool-2-thread-55] DEBUG org.apache.http.wire -- http-outgoing-61 >> "POST /auth/login HTTP/1.1[\r][\n]"
16:19:20.300 [pool-2-thread-55] DEBUG org.apache.http.wire -- http-outgoing-61 >> "Content-Type: application/json; charset=UTF-8[\r][\n]"
16:19:20.300 [pool-2-thread-55] DEBUG org.apache.http.wire -- http-outgoing-61 >> "Content-Length: 55[\r][\n]"
16:19:20.300 [pool-2-thread-55] DEBUG org.apache.http.wire -- http-outgoing-61 >> "Host: localhost:3000[\r][\n]"
16:19:20.300 [pool-2-thread-55] DEBUG org.apache.http.wire -- http-outgoing-61 >> "Connection: Keep-Alive[\r][\n]"
16:19:20.300 [pool-2-thread-55] DEBUG org.apache.http.wire -- http-outgoing-61 >> "User-Agent: Apache-HttpClient/4.5.14 (Java/17.0.9)[\r][\n]"
16:19:20.300 [pool-2-thread-55] DEBUG org.apache.http.wire -- http-outgoing-61 >> "Accept-Encoding: gzip,deflate[\r][\n]"
16:19:20.300 [pool-2-thread-55] DEBUG org.apache.http.wire -- http-outgoing-61 >> "[\r][\n]"
16:19:20.300 [pool-2-thread-55] DEBUG org.apache.http.wire -- http-outgoing-61 >> "{"email":"test28@example.com","password":"Password123"}"
16:19:20.071 [pool-2-thread-61] DEBUG org.apache.http.impl.conn.DefaultHttpClientConnectionOperator -- Connecting to localhost/127.0.0.1:3000
16:19:20.305 [pool-2-thread-61] DEBUG org.apache.http.impl.conn.DefaultHttpClientConnectionOperator -- Connection established 127.0.0.1:51471<->127.0.0.1:3000
16:19:20.305 [pool-2-thread-61] DEBUG org.apache.http.impl.conn.DefaultManagedHttpClientConnection -- http-outgoing-29: set socket timeout to 30000
16:19:20.305 [pool-2-thread-61] DEBUG org.apache.http.impl.execchain.MainClientExec -- Executing request POST /auth/login HTTP/1.1
16:19:20.305 [pool-2-thread-61] DEBUG org.apache.http.impl.execchain.MainClientExec -- Target auth state: UNCHALLENGED
16:19:20.305 [pool-2-thread-61] DEBUG org.apache.http.impl.execchain.MainClientExec -- Proxy auth state: UNCHALLENGED
16:19:20.305 [pool-2-thread-61] DEBUG org.apache.http.headers -- http-outgoing-29 >> POST /auth/login HTTP/1.1
16:19:20.305 [pool-2-thread-61] DEBUG org.apache.http.headers -- http-outgoing-29 >> Content-Type: application/json; charset=UTF-8
16:19:20.305 [pool-2-thread-61] DEBUG org.apache.http.headers -- http-outgoing-29 >> Content-Length: 45
16:19:20.305 [pool-2-thread-61] DEBUG org.apache.http.headers -- http-outgoing-29 >> Host: localhost:3000
16:19:20.305 [pool-2-thread-61] DEBUG org.apache.http.headers -- http-outgoing-29 >> Connection: Keep-Alive
16:19:20.305 [pool-2-thread-61] DEBUG org.apache.http.headers -- http-outgoing-29 >> User-Agent: Apache-HttpClient/4.5.14 (Java/17.0.9)
16:19:20.305 [pool-2-thread-61] DEBUG org.apache.http.headers -- http-outgoing-29 >> Accept-Encoding: gzip,deflate
16:19:20.305 [pool-2-thread-61] DEBUG org.apache.http.wire -- http-outgoing-29 >> "POST /auth/login HTTP/1.1[\r][\n]"
16:19:20.305 [pool-2-thread-61] DEBUG org.apache.http.wire -- http-outgoing-29 >> "Content-Type: application/json; charset=UTF-8[\r][\n]"
16:19:20.305 [pool-2-thread-61] DEBUG org.apache.http.wire -- http-outgoing-29 >> "Content-Length: 45[\r][\n]"
16:19:20.308 [pool-2-thread-61] DEBUG org.apache.http.wire -- http-outgoing-29 >> "Host: localhost:3000[\r][\n]"
16:19:20.309 [pool-2-thread-61] DEBUG org.apache.http.wire -- http-outgoing-29 >> "Connection: Keep-Alive[\r][\n]"
16:19:20.309 [pool-2-thread-61] DEBUG org.apache.http.wire -- http-outgoing-29 >> "User-Agent: Apache-HttpClient/4.5.14 (Java/17.0.9)[\r][\n]"
16:19:20.309 [pool-2-thread-61] DEBUG org.apache.http.wire -- http-outgoing-29 >> "Accept-Encoding: gzip,deflate[\r][\n]"
16:19:20.309 [pool-2-thread-61] DEBUG org.apache.http.wire -- http-outgoing-29 >> "[\r][\n]"
16:19:20.309 [pool-2-thread-61] DEBUG org.apache.http.wire -- http-outgoing-29 >> "{"email":"nam@gmail.com","password":"123456"}"
16:19:20.107 [pool-2-thread-44] DEBUG org.apache.http.impl.execchain.MainClientExec -- Target auth state: UNCHALLENGED
16:19:20.309 [pool-2-thread-44] DEBUG org.apache.http.impl.execchain.MainClientExec -- Proxy auth state: UNCHALLENGED
16:19:20.109 [pool-2-thread-14] DEBUG org.apache.http.wire -- http-outgoing-91 >> "[\r][\n]"
16:19:20.309 [pool-2-thread-14] DEBUG org.apache.http.wire -- http-outgoing-91 >> "{"email":"test2@example.com","password":"Password123"}"
16:19:20.309 [pool-2-thread-44] DEBUG org.apache.http.headers -- http-outgoing-90 >> POST /auth/login HTTP/1.1
16:19:20.309 [pool-2-thread-44] DEBUG org.apache.http.headers -- http-outgoing-90 >> Content-Type: application/json; charset=UTF-8
16:19:20.309 [pool-2-thread-44] DEBUG org.apache.http.headers -- http-outgoing-90 >> Content-Length: 54
16:19:20.309 [pool-2-thread-44] DEBUG org.apache.http.headers -- http-outgoing-90 >> Host: localhost:3000
16:19:20.309 [pool-2-thread-44] DEBUG org.apache.http.headers -- http-outgoing-90 >> Connection: Keep-Alive
16:19:20.309 [pool-2-thread-44] DEBUG org.apache.http.headers -- http-outgoing-90 >> User-Agent: Apache-HttpClient/4.5.14 (Java/17.0.9)
16:19:20.309 [pool-2-thread-44] DEBUG org.apache.http.headers -- http-outgoing-90 >> Accept-Encoding: gzip,deflate
16:19:20.309 [pool-2-thread-44] DEBUG org.apache.http.wire -- http-outgoing-90 >> "POST /auth/login HTTP/1.1[\r][\n]"
16:19:20.309 [pool-2-thread-44] DEBUG org.apache.http.wire -- http-outgoing-90 >> "Content-Type: application/json; charset=UTF-8[\r][\n]"
16:19:20.309 [pool-2-thread-44] DEBUG org.apache.http.wire -- http-outgoing-90 >> "Content-Length: 54[\r][\n]"
16:19:20.309 [pool-2-thread-44] DEBUG org.apache.http.wire -- http-outgoing-90 >> "Host: localhost:3000[\r][\n]"
16:19:20.309 [pool-2-thread-44] DEBUG org.apache.http.wire -- http-outgoing-90 >> "Connection: Keep-Alive[\r][\n]"
16:19:20.309 [pool-2-thread-44] DEBUG org.apache.http.wire -- http-outgoing-90 >> "User-Agent: Apache-HttpClient/4.5.14 (Java/17.0.9)[\r][\n]"
16:19:20.309 [pool-2-thread-44] DEBUG org.apache.http.wire -- http-outgoing-90 >> "Accept-Encoding: gzip,deflate[\r][\n]"
16:19:20.310 [pool-2-thread-44] DEBUG org.apache.http.wire -- http-outgoing-90 >> "[\r][\n]"
16:19:20.310 [pool-2-thread-44] DEBUG org.apache.http.wire -- http-outgoing-90 >> "{"email":"test2@example.com","password":"Password123"}"
16:19:20.109 [pool-2-thread-22] DEBUG org.apache.http.impl.conn.DefaultHttpClientConnectionOperator -- Connecting to localhost/127.0.0.1:3000
16:19:20.346 [pool-2-thread-22] DEBUG org.apache.http.impl.conn.DefaultHttpClientConnectionOperator -- Connection established 127.0.0.1:51472<->127.0.0.1:3000
16:19:20.348 [pool-2-thread-22] DEBUG org.apache.http.impl.conn.DefaultManagedHttpClientConnection -- http-outgoing-7: set socket timeout to 30000
16:19:20.348 [pool-2-thread-22] DEBUG org.apache.http.impl.execchain.MainClientExec -- Executing request POST /auth/login HTTP/1.1
16:19:20.348 [pool-2-thread-22] DEBUG org.apache.http.impl.execchain.MainClientExec -- Target auth state: UNCHALLENGED
16:19:20.348 [pool-2-thread-22] DEBUG org.apache.http.impl.execchain.MainClientExec -- Proxy auth state: UNCHALLENGED
16:19:20.348 [pool-2-thread-22] DEBUG org.apache.http.headers -- http-outgoing-7 >> POST /auth/login HTTP/1.1
16:19:20.348 [pool-2-thread-22] DEBUG org.apache.http.headers -- http-outgoing-7 >> Content-Type: application/json; charset=UTF-8
16:19:20.348 [pool-2-thread-22] DEBUG org.apache.http.headers -- http-outgoing-7 >> Content-Length: 48
16:19:20.348 [pool-2-thread-22] DEBUG org.apache.http.headers -- http-outgoing-7 >> Host: localhost:3000
16:19:20.348 [pool-2-thread-22] DEBUG org.apache.http.headers -- http-outgoing-7 >> Connection: Keep-Alive
16:19:20.348 [pool-2-thread-22] DEBUG org.apache.http.headers -- http-outgoing-7 >> User-Agent: Apache-HttpClient/4.5.14 (Java/17.0.9)
16:19:20.348 [pool-2-thread-22] DEBUG org.apache.http.headers -- http-outgoing-7 >> Accept-Encoding: gzip,deflate
16:19:20.348 [pool-2-thread-22] DEBUG org.apache.http.wire -- http-outgoing-7 >> "POST /auth/login HTTP/1.1[\r][\n]"
16:19:20.348 [pool-2-thread-22] DEBUG org.apache.http.wire -- http-outgoing-7 >> "Content-Type: application/json; charset=UTF-8[\r][\n]"
16:19:20.348 [pool-2-thread-22] DEBUG org.apache.http.wire -- http-outgoing-7 >> "Content-Length: 48[\r][\n]"
16:19:20.348 [pool-2-thread-22] DEBUG org.apache.http.wire -- http-outgoing-7 >> "Host: localhost:3000[\r][\n]"
16:19:20.348 [pool-2-thread-22] DEBUG org.apache.http.wire -- http-outgoing-7 >> "Connection: Keep-Alive[\r][\n]"
16:19:20.349 [pool-2-thread-22] DEBUG org.apache.http.wire -- http-outgoing-7 >> "User-Agent: Apache-HttpClient/4.5.14 (Java/17.0.9)[\r][\n]"
16:19:20.349 [pool-2-thread-22] DEBUG org.apache.http.wire -- http-outgoing-7 >> "Accept-Encoding: gzip,deflate[\r][\n]"
16:19:20.349 [pool-2-thread-22] DEBUG org.apache.http.wire -- http-outgoing-7 >> "[\r][\n]"
16:19:20.349 [pool-2-thread-22] DEBUG org.apache.http.wire -- http-outgoing-7 >> "{"email":"quang1@gmail.com","password":"quang1"}"
16:19:20.349 [pool-2-thread-31] DEBUG org.apache.http.wire -- http-outgoing-40 << "HTTP/1.1 200 OK[\r][\n]"
16:19:20.349 [pool-2-thread-31] DEBUG org.apache.http.wire -- http-outgoing-40 << "X-Powered-By: Express[\r][\n]"
16:19:20.349 [pool-2-thread-31] DEBUG org.apache.http.wire -- http-outgoing-40 << "Access-Control-Allow-Origin: *[\r][\n]"
16:19:20.349 [pool-2-thread-31] DEBUG org.apache.http.wire -- http-outgoing-40 << "Content-Type: application/json; charset=utf-8[\r][\n]"
16:19:20.349 [pool-2-thread-31] DEBUG org.apache.http.wire -- http-outgoing-40 << "Content-Length: 708[\r][\n]"
16:19:20.349 [pool-2-thread-31] DEBUG org.apache.http.wire -- http-outgoing-40 << "ETag: W/"2c4-2XQ6leEHsErm+1tjV1Zuv/6pHdI"[\r][\n]"
16:19:20.349 [pool-2-thread-31] DEBUG org.apache.http.wire -- http-outgoing-40 << "Date: Tue, 24 Jun 2025 09:19:20 GMT[\r][\n]"
16:19:20.349 [pool-2-thread-31] DEBUG org.apache.http.wire -- http-outgoing-40 << "Connection: keep-alive[\r][\n]"
16:19:20.349 [pool-2-thread-31] DEBUG org.apache.http.wire -- http-outgoing-40 << "Keep-Alive: timeout=5[\r][\n]"
16:19:20.349 [pool-2-thread-31] DEBUG org.apache.http.wire -- http-outgoing-40 << "[\r][\n]"
16:19:20.349 [pool-2-thread-31] DEBUG org.apache.http.wire -- http-outgoing-40 << "{"access_token":"eyJhbGciOiJIUzI1NiIsInR5cCI6IkpXVCJ9.eyJzdWIiOiIwODUxNWIwNS0yZDNlLTQ3ODktYWQ2MC1kYjM1NTI1YTQ5NzAiLCJ1c2VybmFtZSI6Im5hbSIsInJvbGUiOjAsImlhdCI6MTc1MDc1Njc2MCwiZXhwIjoxNzUwNzYwMzYwfQ.sKhivnsKIyLisEzzmZ-pHxYKQnp0rZ0KzaSCkYBLiYs","refresh_token":"bdc7f33377a0f3af01508c6841779b02e435fc942e00dfc08bdbc8f6b4dac454","user":{"id":"08515b05-2d3e-4789-ad60-db35525a4970","email":"nam@gmail.com","username":"nam","name":"nam","phoneNumber":"0123456789","profilePic":"https://res.cloudinary.com/dizcvrefo/image/upload/v1749266646/nestjs_uploads/zk9zrpeidnovxibfqdxr.png","bio":"Chu tich hoi dong Quan tri 1","private":false,"verified":false,"role":0,"followersCount":2,"followingCount":5,"postCount":13}}"
16:19:20.354 [pool-2-thread-31] DEBUG org.apache.http.headers -- http-outgoing-40 << HTTP/1.1 200 OK
16:19:20.354 [pool-2-thread-31] DEBUG org.apache.http.headers -- http-outgoing-40 << X-Powered-By: Express
16:19:20.354 [pool-2-thread-31] DEBUG org.apache.http.headers -- http-outgoing-40 << Access-Control-Allow-Origin: *
16:19:20.354 [pool-2-thread-31] DEBUG org.apache.http.headers -- http-outgoing-40 << Content-Type: application/json; charset=utf-8
16:19:20.354 [pool-2-thread-31] DEBUG org.apache.http.headers -- http-outgoing-40 << Content-Length: 708
16:19:20.354 [pool-2-thread-31] DEBUG org.apache.http.headers -- http-outgoing-40 << ETag: W/"2c4-2XQ6leEHsErm+1tjV1Zuv/6pHdI"
16:19:20.354 [pool-2-thread-31] DEBUG org.apache.http.headers -- http-outgoing-40 << Date: Tue, 24 Jun 2025 09:19:20 GMT
16:19:20.354 [pool-2-thread-31] DEBUG org.apache.http.headers -- http-outgoing-40 << Connection: keep-alive
16:19:20.354 [pool-2-thread-31] DEBUG org.apache.http.headers -- http-outgoing-40 << Keep-Alive: timeout=5
16:19:20.360 [pool-2-thread-31] DEBUG org.apache.http.impl.execchain.MainClientExec -- Connection can be kept alive for 5000 MILLISECONDS
16:19:20.364 [pool-2-thread-31] DEBUG org.apache.http.impl.conn.PoolingHttpClientConnectionManager -- Connection [id: 19][route: {}->http://localhost:3000] can be kept alive for 5.0 seconds
16:19:20.364 [pool-2-thread-31] DEBUG org.apache.http.impl.conn.DefaultManagedHttpClientConnection -- http-outgoing-40: set socket timeout to 0
16:19:20.364 [pool-2-thread-31] DEBUG org.apache.http.impl.conn.PoolingHttpClientConnectionManager -- Connection released: [id: 19][route: {}->http://localhost:3000][total available: 1; route allocated: 1 of 5; total allocated: 1 of 10]
16:19:20.364 [pool-2-thread-31] DEBUG org.apache.http.impl.conn.PoolingHttpClientConnectionManager -- Connection manager is shutting down
16:19:20.365 [pool-2-thread-31] DEBUG org.apache.http.impl.conn.DefaultManagedHttpClientConnection -- http-outgoing-40: Close connection
16:19:20.365 [pool-2-thread-31] DEBUG org.apache.http.impl.conn.PoolingHttpClientConnectionManager -- Connection manager shut down
16:19:20.110 [pool-2-thread-46] DEBUG org.apache.http.wire -- http-outgoing-89 >> "POST /auth/login HTTP/1.1[\r][\n]"
16:19:20.369 [pool-2-thread-46] DEBUG org.apache.http.wire -- http-outgoing-89 >> "Content-Type: application/json; charset=UTF-8[\r][\n]"
16:19:20.369 [pool-2-thread-46] DEBUG org.apache.http.wire -- http-outgoing-89 >> "Content-Length: 54[\r][\n]"
16:19:20.369 [pool-2-thread-46] DEBUG org.apache.http.wire -- http-outgoing-89 >> "Host: localhost:3000[\r][\n]"
16:19:20.369 [pool-2-thread-46] DEBUG org.apache.http.wire -- http-outgoing-89 >> "Connection: Keep-Alive[\r][\n]"
16:19:20.369 [pool-2-thread-46] DEBUG org.apache.http.wire -- http-outgoing-89 >> "User-Agent: Apache-HttpClient/4.5.14 (Java/17.0.9)[\r][\n]"
16:19:20.369 [pool-2-thread-46] DEBUG org.apache.http.wire -- http-outgoing-89 >> "Accept-Encoding: gzip,deflate[\r][\n]"
16:19:20.369 [pool-2-thread-46] DEBUG org.apache.http.wire -- http-outgoing-89 >> "[\r][\n]"
16:19:20.370 [pool-2-thread-46] DEBUG org.apache.http.wire -- http-outgoing-89 >> "{"email":"testit4@gmail.com","password":"Password123"}"
16:19:20.370 [pool-2-thread-31] DEBUG com.intuit.karate -- response time in milliseconds: 555
1 < 200
1 < X-Powered-By: Express
1 < Access-Control-Allow-Origin: *
1 < Content-Type: application/json; charset=utf-8
1 < Content-Length: 708
1 < ETag: W/"2c4-2XQ6leEHsErm+1tjV1Zuv/6pHdI"
1 < Date: Tue, 24 Jun 2025 09:19:20 GMT
1 < Connection: keep-alive
1 < Keep-Alive: timeout=5
{"access_token":"eyJhbGciOiJIUzI1NiIsInR5cCI6IkpXVCJ9.eyJzdWIiOiIwODUxNWIwNS0yZDNlLTQ3ODktYWQ2MC1kYjM1NTI1YTQ5NzAiLCJ1c2VybmFtZSI6Im5hbSIsInJvbGUiOjAsImlhdCI6MTc1MDc1Njc2MCwiZXhwIjoxNzUwNzYwMzYwfQ.sKhivnsKIyLisEzzmZ-pHxYKQnp0rZ0KzaSCkYBLiYs","refresh_token":"bdc7f33377a0f3af01508c6841779b02e435fc942e00dfc08bdbc8f6b4dac454","user":{"id":"08515b05-2d3e-4789-ad60-db35525a4970","email":"nam@gmail.com","username":"nam","name":"nam","phoneNumber":"0123456789","profilePic":"https://res.cloudinary.com/dizcvrefo/image/upload/v1749266646/nestjs_uploads/zk9zrpeidnovxibfqdxr.png","bio":"Chu tich hoi dong Quan tri 1","private":false,"verified":false,"role":0,"followersCount":2,"followingCount":5,"postCount":13}}

16:19:20.110 [pool-2-thread-2] DEBUG org.apache.http.wire -- http-outgoing-1 >> "{"email":"quang1@gmail.com","password":"quang1"}"
16:19:20.111 [pool-2-thread-17] DEBUG org.apache.http.impl.conn.DefaultManagedHttpClientConnection -- http-outgoing-24: set socket timeout to 30000
16:19:20.111 [pool-2-thread-42] DEBUG org.apache.http.impl.conn.DefaultManagedHttpClientConnection -- http-outgoing-56: set socket timeout to 30000
16:19:20.370 [pool-2-thread-17] DEBUG org.apache.http.impl.execchain.MainClientExec -- Executing request POST /auth/login HTTP/1.1
16:19:20.111 [pool-2-thread-12] DEBUG org.apache.http.impl.execchain.MainClientExec -- Executing request POST /auth/login HTTP/1.1
16:19:20.370 [pool-2-thread-17] DEBUG org.apache.http.impl.execchain.MainClientExec -- Target auth state: UNCHALLENGED
16:19:20.111 [pool-2-thread-36] DEBUG org.apache.http.impl.execchain.MainClientExec -- Executing request POST /auth/login HTTP/1.1
16:19:20.111 [pool-2-thread-96] DEBUG org.apache.http.impl.execchain.MainClientExec -- Executing request POST /auth/login HTTP/1.1
16:19:20.111 [pool-2-thread-53] DEBUG org.apache.http.impl.execchain.MainClientExec -- Target auth state: UNCHALLENGED
16:19:20.370 [pool-2-thread-53] DEBUG org.apache.http.impl.execchain.MainClientExec -- Proxy auth state: UNCHALLENGED
16:19:20.370 [pool-2-thread-53] DEBUG org.apache.http.headers -- http-outgoing-82 >> POST /auth/login HTTP/1.1
16:19:20.370 [pool-2-thread-53] DEBUG org.apache.http.headers -- http-outgoing-82 >> Content-Type: application/json; charset=UTF-8
16:19:20.370 [pool-2-thread-53] DEBUG org.apache.http.headers -- http-outgoing-82 >> Content-Length: 53
16:19:20.370 [pool-2-thread-53] DEBUG org.apache.http.headers -- http-outgoing-82 >> Host: localhost:3000
16:19:20.370 [pool-2-thread-53] DEBUG org.apache.http.headers -- http-outgoing-82 >> Connection: Keep-Alive
16:19:20.370 [pool-2-thread-53] DEBUG org.apache.http.headers -- http-outgoing-82 >> User-Agent: Apache-HttpClient/4.5.14 (Java/17.0.9)
16:19:20.370 [pool-2-thread-53] DEBUG org.apache.http.headers -- http-outgoing-82 >> Accept-Encoding: gzip,deflate
16:19:20.370 [pool-2-thread-53] DEBUG org.apache.http.wire -- http-outgoing-82 >> "POST /auth/login HTTP/1.1[\r][\n]"
16:19:20.370 [pool-2-thread-53] DEBUG org.apache.http.wire -- http-outgoing-82 >> "Content-Type: application/json; charset=UTF-8[\r][\n]"
16:19:20.371 [pool-2-thread-53] DEBUG org.apache.http.wire -- http-outgoing-82 >> "Content-Length: 53[\r][\n]"
16:19:20.371 [pool-2-thread-53] DEBUG org.apache.http.wire -- http-outgoing-82 >> "Host: localhost:3000[\r][\n]"
16:19:20.371 [pool-2-thread-53] DEBUG org.apache.http.wire -- http-outgoing-82 >> "Connection: Keep-Alive[\r][\n]"
16:19:20.371 [pool-2-thread-53] DEBUG org.apache.http.wire -- http-outgoing-82 >> "User-Agent: Apache-HttpClient/4.5.14 (Java/17.0.9)[\r][\n]"
16:19:20.371 [pool-2-thread-53] DEBUG org.apache.http.wire -- http-outgoing-82 >> "Accept-Encoding: gzip,deflate[\r][\n]"
16:19:20.371 [pool-2-thread-53] DEBUG org.apache.http.wire -- http-outgoing-82 >> "[\r][\n]"
16:19:20.371 [pool-2-thread-53] DEBUG org.apache.http.wire -- http-outgoing-82 >> "{"email":"test@example.com","password":"Password123"}"
16:19:20.111 [pool-2-thread-85] DEBUG org.apache.http.impl.conn.DefaultHttpClientConnectionOperator -- Connection established 127.0.0.1:51447<->127.0.0.1:3000
16:19:20.373 [pool-2-thread-85] DEBUG org.apache.http.impl.conn.DefaultManagedHttpClientConnection -- http-outgoing-39: set socket timeout to 30000
16:19:20.373 [pool-2-thread-85] DEBUG org.apache.http.impl.execchain.MainClientExec -- Executing request POST /auth/login HTTP/1.1
16:19:20.373 [pool-2-thread-85] DEBUG org.apache.http.impl.execchain.MainClientExec -- Target auth state: UNCHALLENGED
16:19:20.373 [pool-2-thread-85] DEBUG org.apache.http.impl.execchain.MainClientExec -- Proxy auth state: UNCHALLENGED
16:19:20.373 [pool-2-thread-85] DEBUG org.apache.http.headers -- http-outgoing-39 >> POST /auth/login HTTP/1.1
16:19:20.373 [pool-2-thread-85] DEBUG org.apache.http.headers -- http-outgoing-39 >> Content-Type: application/json; charset=UTF-8
16:19:20.373 [pool-2-thread-85] DEBUG org.apache.http.headers -- http-outgoing-39 >> Content-Length: 55
16:19:20.373 [pool-2-thread-85] DEBUG org.apache.http.headers -- http-outgoing-39 >> Host: localhost:3000
16:19:20.373 [pool-2-thread-85] DEBUG org.apache.http.headers -- http-outgoing-39 >> Connection: Keep-Alive
16:19:20.373 [pool-2-thread-85] DEBUG org.apache.http.headers -- http-outgoing-39 >> User-Agent: Apache-HttpClient/4.5.14 (Java/17.0.9)
16:19:20.373 [pool-2-thread-85] DEBUG org.apache.http.headers -- http-outgoing-39 >> Accept-Encoding: gzip,deflate
16:19:20.373 [pool-2-thread-85] DEBUG org.apache.http.wire -- http-outgoing-39 >> "POST /auth/login HTTP/1.1[\r][\n]"
16:19:20.373 [pool-2-thread-85] DEBUG org.apache.http.wire -- http-outgoing-39 >> "Content-Type: application/json; charset=UTF-8[\r][\n]"
16:19:20.374 [pool-2-thread-85] DEBUG org.apache.http.wire -- http-outgoing-39 >> "Content-Length: 55[\r][\n]"
16:19:20.374 [pool-2-thread-85] DEBUG org.apache.http.wire -- http-outgoing-39 >> "Host: localhost:3000[\r][\n]"
16:19:20.374 [pool-2-thread-85] DEBUG org.apache.http.wire -- http-outgoing-39 >> "Connection: Keep-Alive[\r][\n]"
16:19:20.374 [pool-2-thread-85] DEBUG org.apache.http.wire -- http-outgoing-39 >> "User-Agent: Apache-HttpClient/4.5.14 (Java/17.0.9)[\r][\n]"
16:19:20.375 [pool-2-thread-85] DEBUG org.apache.http.wire -- http-outgoing-39 >> "Accept-Encoding: gzip,deflate[\r][\n]"
16:19:20.375 [pool-2-thread-85] DEBUG org.apache.http.wire -- http-outgoing-39 >> "[\r][\n]"
16:19:20.375 [pool-2-thread-85] DEBUG org.apache.http.wire -- http-outgoing-39 >> "{"email":"test28@example.com","password":"Password123"}"
16:19:20.377 [pool-2-thread-31] INFO com.intuit.karate -- [print] Concurrent call completed, status: 200 
16:19:20.118 [pool-2-thread-87] DEBUG org.apache.http.impl.conn.DefaultHttpClientConnectionOperator -- Connection established 127.0.0.1:51450<->127.0.0.1:3000
16:19:20.179 [pool-2-thread-95] DEBUG org.apache.http.impl.conn.DefaultManagedHttpClientConnection -- http-outgoing-87: set socket timeout to 30000
16:19:20.179 [pool-2-thread-54] DEBUG org.apache.http.impl.conn.DefaultManagedHttpClientConnection -- http-outgoing-64: set socket timeout to 30000
16:19:20.214 [pool-2-thread-66] DEBUG org.apache.http.wire -- http-outgoing-99 >> "Host: localhost:3000[\r][\n]"
16:19:20.387 [pool-2-thread-66] DEBUG org.apache.http.wire -- http-outgoing-99 >> "Connection: Keep-Alive[\r][\n]"
16:19:20.387 [pool-2-thread-66] DEBUG org.apache.http.wire -- http-outgoing-99 >> "User-Agent: Apache-HttpClient/4.5.14 (Java/17.0.9)[\r][\n]"
16:19:20.387 [pool-2-thread-66] DEBUG org.apache.http.wire -- http-outgoing-99 >> "Accept-Encoding: gzip,deflate[\r][\n]"
16:19:20.387 [pool-2-thread-66] DEBUG org.apache.http.wire -- http-outgoing-99 >> "[\r][\n]"
16:19:20.387 [pool-2-thread-66] DEBUG org.apache.http.wire -- http-outgoing-99 >> "{"email":"testit4@gmail.com","password":"Password123"}"
16:19:20.217 [pool-2-thread-7] DEBUG org.apache.http.impl.conn.DefaultHttpClientConnectionOperator -- Connection established 127.0.0.1:51455<->127.0.0.1:3000
16:19:20.229 [pool-2-thread-6] DEBUG org.apache.http.impl.conn.DefaultManagedHttpClientConnection -- http-outgoing-49: set socket timeout to 30000
16:19:20.390 [pool-2-thread-6] DEBUG org.apache.http.impl.execchain.MainClientExec -- Executing request POST /auth/login HTTP/1.1
16:19:20.390 [pool-2-thread-6] DEBUG org.apache.http.impl.execchain.MainClientExec -- Target auth state: UNCHALLENGED
16:19:20.390 [pool-2-thread-6] DEBUG org.apache.http.impl.execchain.MainClientExec -- Proxy auth state: UNCHALLENGED
16:19:20.233 [pool-2-thread-79] DEBUG org.apache.http.impl.conn.DefaultManagedHttpClientConnection -- http-outgoing-51: set socket timeout to 30000
16:19:20.390 [pool-2-thread-79] DEBUG org.apache.http.impl.execchain.MainClientExec -- Executing request POST /auth/login HTTP/1.1
16:19:20.390 [pool-2-thread-79] DEBUG org.apache.http.impl.execchain.MainClientExec -- Target auth state: UNCHALLENGED
16:19:20.390 [pool-2-thread-79] DEBUG org.apache.http.impl.execchain.MainClientExec -- Proxy auth state: UNCHALLENGED
16:19:20.390 [pool-2-thread-79] DEBUG org.apache.http.headers -- http-outgoing-51 >> POST /auth/login HTTP/1.1
16:19:20.390 [pool-2-thread-79] DEBUG org.apache.http.headers -- http-outgoing-51 >> Content-Type: application/json; charset=UTF-8
16:19:20.390 [pool-2-thread-79] DEBUG org.apache.http.headers -- http-outgoing-51 >> Content-Length: 53
16:19:20.390 [pool-2-thread-79] DEBUG org.apache.http.headers -- http-outgoing-51 >> Host: localhost:3000
16:19:20.390 [pool-2-thread-79] DEBUG org.apache.http.headers -- http-outgoing-51 >> Connection: Keep-Alive
16:19:20.390 [pool-2-thread-79] DEBUG org.apache.http.headers -- http-outgoing-51 >> User-Agent: Apache-HttpClient/4.5.14 (Java/17.0.9)
16:19:20.390 [pool-2-thread-79] DEBUG org.apache.http.headers -- http-outgoing-51 >> Accept-Encoding: gzip,deflate
16:19:20.390 [pool-2-thread-79] DEBUG org.apache.http.wire -- http-outgoing-51 >> "POST /auth/login HTTP/1.1[\r][\n]"
16:19:20.390 [pool-2-thread-79] DEBUG org.apache.http.wire -- http-outgoing-51 >> "Content-Type: application/json; charset=UTF-8[\r][\n]"
16:19:20.390 [pool-2-thread-79] DEBUG org.apache.http.wire -- http-outgoing-51 >> "Content-Length: 53[\r][\n]"
16:19:20.390 [pool-2-thread-79] DEBUG org.apache.http.wire -- http-outgoing-51 >> "Host: localhost:3000[\r][\n]"
16:19:20.390 [pool-2-thread-79] DEBUG org.apache.http.wire -- http-outgoing-51 >> "Connection: Keep-Alive[\r][\n]"
16:19:20.390 [pool-2-thread-79] DEBUG org.apache.http.wire -- http-outgoing-51 >> "User-Agent: Apache-HttpClient/4.5.14 (Java/17.0.9)[\r][\n]"
16:19:20.390 [pool-2-thread-79] DEBUG org.apache.http.wire -- http-outgoing-51 >> "Accept-Encoding: gzip,deflate[\r][\n]"
16:19:20.391 [pool-2-thread-79] DEBUG org.apache.http.wire -- http-outgoing-51 >> "[\r][\n]"
16:19:20.391 [pool-2-thread-79] DEBUG org.apache.http.wire -- http-outgoing-51 >> "{"email":"testit@gmail.com","password":"Password123"}"
16:19:20.234 [pool-2-thread-1] DEBUG org.apache.http.wire -- http-outgoing-85 >> "Content-Length: 45[\r][\n]"
16:19:20.391 [pool-2-thread-1] DEBUG org.apache.http.wire -- http-outgoing-85 >> "Host: localhost:3000[\r][\n]"
16:19:20.391 [pool-2-thread-1] DEBUG org.apache.http.wire -- http-outgoing-85 >> "Connection: Keep-Alive[\r][\n]"
16:19:20.391 [pool-2-thread-1] DEBUG org.apache.http.wire -- http-outgoing-85 >> "User-Agent: Apache-HttpClient/4.5.14 (Java/17.0.9)[\r][\n]"
16:19:20.391 [pool-2-thread-1] DEBUG org.apache.http.wire -- http-outgoing-85 >> "Accept-Encoding: gzip,deflate[\r][\n]"
16:19:20.391 [pool-2-thread-1] DEBUG org.apache.http.wire -- http-outgoing-85 >> "[\r][\n]"
16:19:20.391 [pool-2-thread-1] DEBUG org.apache.http.wire -- http-outgoing-85 >> "{"email":"nam@gmail.com","password":"123456"}"
16:19:20.234 [pool-2-thread-38] DEBUG org.apache.http.impl.execchain.MainClientExec -- Target auth state: UNCHALLENGED
16:19:20.391 [pool-2-thread-38] DEBUG org.apache.http.impl.execchain.MainClientExec -- Proxy auth state: UNCHALLENGED
16:19:20.391 [pool-2-thread-38] DEBUG org.apache.http.headers -- http-outgoing-98 >> POST /auth/login HTTP/1.1
16:19:20.391 [pool-2-thread-38] DEBUG org.apache.http.headers -- http-outgoing-98 >> Content-Type: application/json; charset=UTF-8
16:19:20.391 [pool-2-thread-38] DEBUG org.apache.http.headers -- http-outgoing-98 >> Content-Length: 54
16:19:20.391 [pool-2-thread-38] DEBUG org.apache.http.headers -- http-outgoing-98 >> Host: localhost:3000
16:19:20.391 [pool-2-thread-38] DEBUG org.apache.http.headers -- http-outgoing-98 >> Connection: Keep-Alive
16:19:20.391 [pool-2-thread-38] DEBUG org.apache.http.headers -- http-outgoing-98 >> User-Agent: Apache-HttpClient/4.5.14 (Java/17.0.9)
16:19:20.391 [pool-2-thread-38] DEBUG org.apache.http.headers -- http-outgoing-98 >> Accept-Encoding: gzip,deflate
16:19:20.391 [pool-2-thread-38] DEBUG org.apache.http.wire -- http-outgoing-98 >> "POST /auth/login HTTP/1.1[\r][\n]"
16:19:20.391 [pool-2-thread-38] DEBUG org.apache.http.wire -- http-outgoing-98 >> "Content-Type: application/json; charset=UTF-8[\r][\n]"
16:19:20.392 [pool-2-thread-38] DEBUG org.apache.http.wire -- http-outgoing-98 >> "Content-Length: 54[\r][\n]"
16:19:20.392 [pool-2-thread-38] DEBUG org.apache.http.wire -- http-outgoing-98 >> "Host: localhost:3000[\r][\n]"
16:19:20.392 [pool-2-thread-38] DEBUG org.apache.http.wire -- http-outgoing-98 >> "Connection: Keep-Alive[\r][\n]"
16:19:20.392 [pool-2-thread-38] DEBUG org.apache.http.wire -- http-outgoing-98 >> "User-Agent: Apache-HttpClient/4.5.14 (Java/17.0.9)[\r][\n]"
16:19:20.392 [pool-2-thread-38] DEBUG org.apache.http.wire -- http-outgoing-98 >> "Accept-Encoding: gzip,deflate[\r][\n]"
16:19:20.392 [pool-2-thread-38] DEBUG org.apache.http.wire -- http-outgoing-98 >> "[\r][\n]"
16:19:20.392 [pool-2-thread-38] DEBUG org.apache.http.wire -- http-outgoing-98 >> "{"email":"testit5@gmail.com","password":"Password123"}"
16:19:20.234 [pool-2-thread-73] DEBUG org.apache.http.impl.execchain.MainClientExec -- Proxy auth state: UNCHALLENGED
16:19:20.392 [pool-2-thread-73] DEBUG org.apache.http.headers -- http-outgoing-74 >> POST /auth/login HTTP/1.1
16:19:20.392 [pool-2-thread-73] DEBUG org.apache.http.headers -- http-outgoing-74 >> Content-Type: application/json; charset=UTF-8
16:19:20.392 [pool-2-thread-73] DEBUG org.apache.http.headers -- http-outgoing-74 >> Content-Length: 53
16:19:20.392 [pool-2-thread-73] DEBUG org.apache.http.headers -- http-outgoing-74 >> Host: localhost:3000
16:19:20.392 [pool-2-thread-73] DEBUG org.apache.http.headers -- http-outgoing-74 >> Connection: Keep-Alive
16:19:20.392 [pool-2-thread-73] DEBUG org.apache.http.headers -- http-outgoing-74 >> User-Agent: Apache-HttpClient/4.5.14 (Java/17.0.9)
16:19:20.393 [pool-2-thread-73] DEBUG org.apache.http.headers -- http-outgoing-74 >> Accept-Encoding: gzip,deflate
16:19:20.393 [pool-2-thread-73] DEBUG org.apache.http.wire -- http-outgoing-74 >> "POST /auth/login HTTP/1.1[\r][\n]"
16:19:20.393 [pool-2-thread-73] DEBUG org.apache.http.wire -- http-outgoing-74 >> "Content-Type: application/json; charset=UTF-8[\r][\n]"
16:19:20.393 [pool-2-thread-73] DEBUG org.apache.http.wire -- http-outgoing-74 >> "Content-Length: 53[\r][\n]"
16:19:20.393 [pool-2-thread-73] DEBUG org.apache.http.wire -- http-outgoing-74 >> "Host: localhost:3000[\r][\n]"
16:19:20.393 [pool-2-thread-73] DEBUG org.apache.http.wire -- http-outgoing-74 >> "Connection: Keep-Alive[\r][\n]"
16:19:20.393 [pool-2-thread-73] DEBUG org.apache.http.wire -- http-outgoing-74 >> "User-Agent: Apache-HttpClient/4.5.14 (Java/17.0.9)[\r][\n]"
16:19:20.393 [pool-2-thread-73] DEBUG org.apache.http.wire -- http-outgoing-74 >> "Accept-Encoding: gzip,deflate[\r][\n]"
16:19:20.393 [pool-2-thread-73] DEBUG org.apache.http.wire -- http-outgoing-74 >> "[\r][\n]"
16:19:20.393 [pool-2-thread-73] DEBUG org.apache.http.wire -- http-outgoing-74 >> "{"email":"test@example.com","password":"Password123"}"
16:19:20.235 [pool-2-thread-80] DEBUG org.apache.http.impl.execchain.MainClientExec -- Target auth state: UNCHALLENGED
16:19:20.393 [pool-2-thread-80] DEBUG org.apache.http.impl.execchain.MainClientExec -- Proxy auth state: UNCHALLENGED
16:19:20.393 [pool-2-thread-80] DEBUG org.apache.http.headers -- http-outgoing-65 >> POST /auth/login HTTP/1.1
16:19:20.393 [pool-2-thread-80] DEBUG org.apache.http.headers -- http-outgoing-65 >> Content-Type: application/json; charset=UTF-8
16:19:20.393 [pool-2-thread-80] DEBUG org.apache.http.headers -- http-outgoing-65 >> Content-Length: 54
16:19:20.393 [pool-2-thread-80] DEBUG org.apache.http.headers -- http-outgoing-65 >> Host: localhost:3000
16:19:20.393 [pool-2-thread-80] DEBUG org.apache.http.headers -- http-outgoing-65 >> Connection: Keep-Alive
16:19:20.393 [pool-2-thread-80] DEBUG org.apache.http.headers -- http-outgoing-65 >> User-Agent: Apache-HttpClient/4.5.14 (Java/17.0.9)
16:19:20.393 [pool-2-thread-80] DEBUG org.apache.http.headers -- http-outgoing-65 >> Accept-Encoding: gzip,deflate
16:19:20.393 [pool-2-thread-80] DEBUG org.apache.http.wire -- http-outgoing-65 >> "POST /auth/login HTTP/1.1[\r][\n]"
16:19:20.393 [pool-2-thread-80] DEBUG org.apache.http.wire -- http-outgoing-65 >> "Content-Type: application/json; charset=UTF-8[\r][\n]"
16:19:20.393 [pool-2-thread-80] DEBUG org.apache.http.wire -- http-outgoing-65 >> "Content-Length: 54[\r][\n]"
16:19:20.393 [pool-2-thread-80] DEBUG org.apache.http.wire -- http-outgoing-65 >> "Host: localhost:3000[\r][\n]"
16:19:20.393 [pool-2-thread-80] DEBUG org.apache.http.wire -- http-outgoing-65 >> "Connection: Keep-Alive[\r][\n]"
16:19:20.393 [pool-2-thread-80] DEBUG org.apache.http.wire -- http-outgoing-65 >> "User-Agent: Apache-HttpClient/4.5.14 (Java/17.0.9)[\r][\n]"
16:19:20.393 [pool-2-thread-80] DEBUG org.apache.http.wire -- http-outgoing-65 >> "Accept-Encoding: gzip,deflate[\r][\n]"
16:19:20.393 [pool-2-thread-80] DEBUG org.apache.http.wire -- http-outgoing-65 >> "[\r][\n]"
16:19:20.393 [pool-2-thread-80] DEBUG org.apache.http.wire -- http-outgoing-65 >> "{"email":"testit2@gmail.com","password":"Password123"}"
16:19:20.235 [pool-2-thread-19] DEBUG org.apache.http.headers -- http-outgoing-36 >> Content-Type: application/json; charset=UTF-8
16:19:20.394 [pool-2-thread-19] DEBUG org.apache.http.headers -- http-outgoing-36 >> Content-Length: 53
16:19:20.394 [pool-2-thread-19] DEBUG org.apache.http.headers -- http-outgoing-36 >> Host: localhost:3000
16:19:20.394 [pool-2-thread-19] DEBUG org.apache.http.headers -- http-outgoing-36 >> Connection: Keep-Alive
16:19:20.394 [pool-2-thread-19] DEBUG org.apache.http.headers -- http-outgoing-36 >> User-Agent: Apache-HttpClient/4.5.14 (Java/17.0.9)
16:19:20.394 [pool-2-thread-19] DEBUG org.apache.http.headers -- http-outgoing-36 >> Accept-Encoding: gzip,deflate
16:19:20.395 [pool-2-thread-19] DEBUG org.apache.http.wire -- http-outgoing-36 >> "POST /auth/login HTTP/1.1[\r][\n]"
16:19:20.395 [pool-2-thread-19] DEBUG org.apache.http.wire -- http-outgoing-36 >> "Content-Type: application/json; charset=UTF-8[\r][\n]"
16:19:20.395 [pool-2-thread-19] DEBUG org.apache.http.wire -- http-outgoing-36 >> "Content-Length: 53[\r][\n]"
16:19:20.395 [pool-2-thread-19] DEBUG org.apache.http.wire -- http-outgoing-36 >> "Host: localhost:3000[\r][\n]"
16:19:20.395 [pool-2-thread-19] DEBUG org.apache.http.wire -- http-outgoing-36 >> "Connection: Keep-Alive[\r][\n]"
16:19:20.395 [pool-2-thread-19] DEBUG org.apache.http.wire -- http-outgoing-36 >> "User-Agent: Apache-HttpClient/4.5.14 (Java/17.0.9)[\r][\n]"
16:19:20.395 [pool-2-thread-19] DEBUG org.apache.http.wire -- http-outgoing-36 >> "Accept-Encoding: gzip,deflate[\r][\n]"
16:19:20.395 [pool-2-thread-19] DEBUG org.apache.http.wire -- http-outgoing-36 >> "[\r][\n]"
16:19:20.395 [pool-2-thread-19] DEBUG org.apache.http.wire -- http-outgoing-36 >> "{"email":"testit@gmail.com","password":"Password123"}"
16:19:20.235 [pool-2-thread-68] DEBUG org.apache.http.wire -- http-outgoing-95 >> "Content-Type: application/json; charset=UTF-8[\r][\n]"
16:19:20.395 [pool-2-thread-68] DEBUG org.apache.http.wire -- http-outgoing-95 >> "Content-Length: 54[\r][\n]"
16:19:20.395 [pool-2-thread-68] DEBUG org.apache.http.wire -- http-outgoing-95 >> "Host: localhost:3000[\r][\n]"
16:19:20.395 [pool-2-thread-68] DEBUG org.apache.http.wire -- http-outgoing-95 >> "Connection: Keep-Alive[\r][\n]"
16:19:20.395 [pool-2-thread-68] DEBUG org.apache.http.wire -- http-outgoing-95 >> "User-Agent: Apache-HttpClient/4.5.14 (Java/17.0.9)[\r][\n]"
16:19:20.395 [pool-2-thread-68] DEBUG org.apache.http.wire -- http-outgoing-95 >> "Accept-Encoding: gzip,deflate[\r][\n]"
16:19:20.395 [pool-2-thread-68] DEBUG org.apache.http.wire -- http-outgoing-95 >> "[\r][\n]"
16:19:20.395 [pool-2-thread-68] DEBUG org.apache.http.wire -- http-outgoing-95 >> "{"email":"testit5@gmail.com","password":"Password123"}"
16:19:20.235 [pool-2-thread-8] DEBUG org.apache.http.wire -- http-outgoing-2 >> "Connection: Keep-Alive[\r][\n]"
16:19:20.259 [pool-2-thread-84] DEBUG org.apache.http.impl.conn.DefaultManagedHttpClientConnection -- http-outgoing-72: set socket timeout to 30000
16:19:20.260 [pool-2-thread-41] DEBUG org.apache.http.impl.conn.DefaultManagedHttpClientConnection -- http-outgoing-33: set socket timeout to 30000
16:19:20.395 [pool-2-thread-84] DEBUG org.apache.http.impl.execchain.MainClientExec -- Executing request POST /auth/login HTTP/1.1
16:19:20.282 [pool-2-thread-83] DEBUG org.apache.http.impl.conn.DefaultHttpClientConnectionOperator -- Connecting to localhost/127.0.0.1:3000
16:19:20.395 [pool-2-thread-84] DEBUG org.apache.http.impl.execchain.MainClientExec -- Target auth state: UNCHALLENGED
16:19:20.282 [pool-2-thread-77] DEBUG org.apache.http.impl.conn.DefaultHttpClientConnectionOperator -- Connection established 127.0.0.1:51462<->127.0.0.1:3000
16:19:20.292 [pool-2-thread-72] DEBUG org.apache.http.headers -- http-outgoing-50 >> Content-Type: application/json; charset=UTF-8
16:19:20.395 [pool-2-thread-72] DEBUG org.apache.http.headers -- http-outgoing-50 >> Content-Length: 48
16:19:20.395 [pool-2-thread-72] DEBUG org.apache.http.headers -- http-outgoing-50 >> Host: localhost:3000
16:19:20.395 [pool-2-thread-77] DEBUG org.apache.http.impl.conn.DefaultManagedHttpClientConnection -- http-outgoing-71: set socket timeout to 30000
16:19:20.395 [pool-2-thread-77] DEBUG org.apache.http.impl.execchain.MainClientExec -- Executing request POST /auth/login HTTP/1.1
16:19:20.395 [pool-2-thread-77] DEBUG org.apache.http.impl.execchain.MainClientExec -- Target auth state: UNCHALLENGED
16:19:20.395 [pool-2-thread-77] DEBUG org.apache.http.impl.execchain.MainClientExec -- Proxy auth state: UNCHALLENGED
16:19:20.395 [pool-2-thread-77] DEBUG org.apache.http.headers -- http-outgoing-71 >> POST /auth/login HTTP/1.1
16:19:20.395 [pool-2-thread-77] DEBUG org.apache.http.headers -- http-outgoing-71 >> Content-Type: application/json; charset=UTF-8
16:19:20.292 [pool-2-thread-56] DEBUG org.apache.http.headers -- http-outgoing-30 >> Content-Length: 54
16:19:20.395 [pool-2-thread-56] DEBUG org.apache.http.headers -- http-outgoing-30 >> Host: localhost:3000
16:19:20.395 [pool-2-thread-56] DEBUG org.apache.http.headers -- http-outgoing-30 >> Connection: Keep-Alive
16:19:20.395 [pool-2-thread-56] DEBUG org.apache.http.headers -- http-outgoing-30 >> User-Agent: Apache-HttpClient/4.5.14 (Java/17.0.9)
16:19:20.395 [pool-2-thread-56] DEBUG org.apache.http.headers -- http-outgoing-30 >> Accept-Encoding: gzip,deflate
16:19:20.395 [pool-2-thread-56] DEBUG org.apache.http.wire -- http-outgoing-30 >> "POST /auth/login HTTP/1.1[\r][\n]"
16:19:20.292 [pool-2-thread-13] DEBUG org.apache.http.headers -- http-outgoing-35 >> Content-Length: 53
16:19:20.292 [pool-2-thread-71] DEBUG org.apache.http.impl.conn.DefaultHttpClientConnectionOperator -- Connecting to localhost/127.0.0.1:3000
16:19:20.397 [pool-2-thread-13] DEBUG org.apache.http.headers -- http-outgoing-35 >> Host: localhost:3000
16:19:20.397 [pool-2-thread-13] DEBUG org.apache.http.headers -- http-outgoing-35 >> Connection: Keep-Alive
16:19:20.397 [pool-2-thread-13] DEBUG org.apache.http.headers -- http-outgoing-35 >> User-Agent: Apache-HttpClient/4.5.14 (Java/17.0.9)
16:19:20.397 [pool-2-thread-13] DEBUG org.apache.http.headers -- http-outgoing-35 >> Accept-Encoding: gzip,deflate
16:19:20.397 [pool-2-thread-83] DEBUG org.apache.http.impl.conn.DefaultHttpClientConnectionOperator -- Connection established 127.0.0.1:51473<->127.0.0.1:3000
16:19:20.397 [pool-2-thread-13] DEBUG org.apache.http.wire -- http-outgoing-35 >> "POST /auth/login HTTP/1.1[\r][\n]"
16:19:20.397 [pool-2-thread-83] DEBUG org.apache.http.impl.conn.DefaultManagedHttpClientConnection -- http-outgoing-76: set socket timeout to 30000
16:19:20.397 [pool-2-thread-83] DEBUG org.apache.http.impl.execchain.MainClientExec -- Executing request POST /auth/login HTTP/1.1
16:19:20.292 [pool-2-thread-26] DEBUG org.apache.http.headers -- http-outgoing-21 >> Accept-Encoding: gzip,deflate
16:19:20.292 [pool-2-thread-24] DEBUG org.apache.http.headers -- http-outgoing-73 >> Content-Length: 54
16:19:20.397 [pool-2-thread-26] DEBUG org.apache.http.wire -- http-outgoing-21 >> "POST /auth/login HTTP/1.1[\r][\n]"
16:19:20.397 [pool-2-thread-26] DEBUG org.apache.http.wire -- http-outgoing-21 >> "Content-Type: application/json; charset=UTF-8[\r][\n]"
16:19:20.397 [pool-2-thread-26] DEBUG org.apache.http.wire -- http-outgoing-21 >> "Content-Length: 54[\r][\n]"
16:19:20.397 [pool-2-thread-26] DEBUG org.apache.http.wire -- http-outgoing-21 >> "Host: localhost:3000[\r][\n]"
16:19:20.397 [pool-2-thread-26] DEBUG org.apache.http.wire -- http-outgoing-21 >> "Connection: Keep-Alive[\r][\n]"
16:19:20.292 [pool-2-thread-62] DEBUG org.apache.http.impl.execchain.MainClientExec -- Executing request POST /auth/login HTTP/1.1
16:19:20.292 [pool-2-thread-23] DEBUG org.apache.http.impl.conn.DefaultHttpClientConnectionOperator -- Connecting to localhost/127.0.0.1:3000
16:19:20.292 [pool-2-thread-5] DEBUG org.apache.http.headers -- http-outgoing-38 >> Host: localhost:3000
16:19:20.293 [pool-2-thread-48] DEBUG org.apache.http.impl.conn.DefaultHttpClientConnectionOperator -- Connection established 127.0.0.1:51467<->127.0.0.1:3000
16:19:20.397 [pool-2-thread-48] DEBUG org.apache.http.impl.conn.DefaultManagedHttpClientConnection -- http-outgoing-17: set socket timeout to 30000
16:19:20.397 [pool-2-thread-48] DEBUG org.apache.http.impl.execchain.MainClientExec -- Executing request POST /auth/login HTTP/1.1
16:19:20.397 [pool-2-thread-48] DEBUG org.apache.http.impl.execchain.MainClientExec -- Target auth state: UNCHALLENGED
16:19:20.397 [pool-2-thread-48] DEBUG org.apache.http.impl.execchain.MainClientExec -- Proxy auth state: UNCHALLENGED
16:19:20.397 [pool-2-thread-48] DEBUG org.apache.http.headers -- http-outgoing-17 >> POST /auth/login HTTP/1.1
16:19:20.397 [pool-2-thread-48] DEBUG org.apache.http.headers -- http-outgoing-17 >> Content-Type: application/json; charset=UTF-8
16:19:20.397 [pool-2-thread-48] DEBUG org.apache.http.headers -- http-outgoing-17 >> Content-Length: 54
16:19:20.397 [pool-2-thread-48] DEBUG org.apache.http.headers -- http-outgoing-17 >> Host: localhost:3000
16:19:20.397 [pool-2-thread-48] DEBUG org.apache.http.headers -- http-outgoing-17 >> Connection: Keep-Alive
16:19:20.397 [pool-2-thread-48] DEBUG org.apache.http.headers -- http-outgoing-17 >> User-Agent: Apache-HttpClient/4.5.14 (Java/17.0.9)
16:19:20.397 [pool-2-thread-48] DEBUG org.apache.http.headers -- http-outgoing-17 >> Accept-Encoding: gzip,deflate
16:19:20.398 [pool-2-thread-23] DEBUG org.apache.http.impl.conn.DefaultHttpClientConnectionOperator -- Connection established 127.0.0.1:51475<->127.0.0.1:3000
16:19:20.398 [pool-2-thread-23] DEBUG org.apache.http.impl.conn.DefaultManagedHttpClientConnection -- http-outgoing-16: set socket timeout to 30000
16:19:20.398 [pool-2-thread-23] DEBUG org.apache.http.impl.execchain.MainClientExec -- Executing request POST /auth/login HTTP/1.1
16:19:20.398 [pool-2-thread-23] DEBUG org.apache.http.impl.execchain.MainClientExec -- Target auth state: UNCHALLENGED
16:19:20.398 [pool-2-thread-23] DEBUG org.apache.http.impl.execchain.MainClientExec -- Proxy auth state: UNCHALLENGED
16:19:20.398 [pool-2-thread-23] DEBUG org.apache.http.headers -- http-outgoing-16 >> POST /auth/login HTTP/1.1
16:19:20.398 [pool-2-thread-23] DEBUG org.apache.http.headers -- http-outgoing-16 >> Content-Type: application/json; charset=UTF-8
16:19:20.398 [pool-2-thread-23] DEBUG org.apache.http.headers -- http-outgoing-16 >> Content-Length: 53
16:19:20.398 [pool-2-thread-23] DEBUG org.apache.http.headers -- http-outgoing-16 >> Host: localhost:3000
16:19:20.398 [pool-2-thread-23] DEBUG org.apache.http.headers -- http-outgoing-16 >> Connection: Keep-Alive
16:19:20.398 [pool-2-thread-23] DEBUG org.apache.http.headers -- http-outgoing-16 >> User-Agent: Apache-HttpClient/4.5.14 (Java/17.0.9)
16:19:20.398 [pool-2-thread-23] DEBUG org.apache.http.headers -- http-outgoing-16 >> Accept-Encoding: gzip,deflate
16:19:20.398 [pool-2-thread-23] DEBUG org.apache.http.wire -- http-outgoing-16 >> "POST /auth/login HTTP/1.1[\r][\n]"
16:19:20.398 [pool-2-thread-23] DEBUG org.apache.http.wire -- http-outgoing-16 >> "Content-Type: application/json; charset=UTF-8[\r][\n]"
16:19:20.398 [pool-2-thread-23] DEBUG org.apache.http.wire -- http-outgoing-16 >> "Content-Length: 53[\r][\n]"
16:19:20.398 [pool-2-thread-23] DEBUG org.apache.http.wire -- http-outgoing-16 >> "Host: localhost:3000[\r][\n]"
16:19:20.398 [pool-2-thread-23] DEBUG org.apache.http.wire -- http-outgoing-16 >> "Connection: Keep-Alive[\r][\n]"
16:19:20.398 [pool-2-thread-23] DEBUG org.apache.http.wire -- http-outgoing-16 >> "User-Agent: Apache-HttpClient/4.5.14 (Java/17.0.9)[\r][\n]"
16:19:20.398 [pool-2-thread-23] DEBUG org.apache.http.wire -- http-outgoing-16 >> "Accept-Encoding: gzip,deflate[\r][\n]"
16:19:20.398 [pool-2-thread-23] DEBUG org.apache.http.wire -- http-outgoing-16 >> "[\r][\n]"
16:19:20.398 [pool-2-thread-23] DEBUG org.apache.http.wire -- http-outgoing-16 >> "{"email":"test@example.com","password":"Password123"}"
16:19:20.295 [pool-2-thread-21] DEBUG org.apache.http.impl.conn.DefaultHttpClientConnectionOperator -- Connection established 127.0.0.1:51464<->127.0.0.1:3000
16:19:20.297 [pool-2-thread-11] DEBUG org.apache.http.impl.conn.DefaultHttpClientConnectionOperator -- Connection established 127.0.0.1:51468<->127.0.0.1:3000
16:19:20.401 [pool-2-thread-11] DEBUG org.apache.http.impl.conn.DefaultManagedHttpClientConnection -- http-outgoing-46: set socket timeout to 30000
16:19:20.401 [pool-2-thread-11] DEBUG org.apache.http.impl.execchain.MainClientExec -- Executing request POST /auth/login HTTP/1.1
16:19:20.401 [pool-2-thread-11] DEBUG org.apache.http.impl.execchain.MainClientExec -- Target auth state: UNCHALLENGED
16:19:20.401 [pool-2-thread-11] DEBUG org.apache.http.impl.execchain.MainClientExec -- Proxy auth state: UNCHALLENGED
16:19:20.401 [pool-2-thread-11] DEBUG org.apache.http.headers -- http-outgoing-46 >> POST /auth/login HTTP/1.1
16:19:20.401 [pool-2-thread-11] DEBUG org.apache.http.headers -- http-outgoing-46 >> Content-Type: application/json; charset=UTF-8
16:19:20.401 [pool-2-thread-11] DEBUG org.apache.http.headers -- http-outgoing-46 >> Content-Length: 45
16:19:20.401 [pool-2-thread-11] DEBUG org.apache.http.headers -- http-outgoing-46 >> Host: localhost:3000
16:19:20.401 [pool-2-thread-11] DEBUG org.apache.http.headers -- http-outgoing-46 >> Connection: Keep-Alive
16:19:20.401 [pool-2-thread-11] DEBUG org.apache.http.headers -- http-outgoing-46 >> User-Agent: Apache-HttpClient/4.5.14 (Java/17.0.9)
16:19:20.401 [pool-2-thread-11] DEBUG org.apache.http.headers -- http-outgoing-46 >> Accept-Encoding: gzip,deflate
16:19:20.401 [pool-2-thread-11] DEBUG org.apache.http.wire -- http-outgoing-46 >> "POST /auth/login HTTP/1.1[\r][\n]"
16:19:20.401 [pool-2-thread-11] DEBUG org.apache.http.wire -- http-outgoing-46 >> "Content-Type: application/json; charset=UTF-8[\r][\n]"
16:19:20.401 [pool-2-thread-11] DEBUG org.apache.http.wire -- http-outgoing-46 >> "Content-Length: 45[\r][\n]"
16:19:20.401 [pool-2-thread-11] DEBUG org.apache.http.wire -- http-outgoing-46 >> "Host: localhost:3000[\r][\n]"
16:19:20.401 [pool-2-thread-11] DEBUG org.apache.http.wire -- http-outgoing-46 >> "Connection: Keep-Alive[\r][\n]"
16:19:20.401 [pool-2-thread-11] DEBUG org.apache.http.wire -- http-outgoing-46 >> "User-Agent: Apache-HttpClient/4.5.14 (Java/17.0.9)[\r][\n]"
16:19:20.401 [pool-2-thread-11] DEBUG org.apache.http.wire -- http-outgoing-46 >> "Accept-Encoding: gzip,deflate[\r][\n]"
16:19:20.401 [pool-2-thread-11] DEBUG org.apache.http.wire -- http-outgoing-46 >> "[\r][\n]"
16:19:20.401 [pool-2-thread-11] DEBUG org.apache.http.wire -- http-outgoing-46 >> "{"email":"nam@gmail.com","password":"123456"}"
16:19:20.403 [pool-2-thread-21] DEBUG org.apache.http.impl.conn.DefaultManagedHttpClientConnection -- http-outgoing-77: set socket timeout to 30000
16:19:20.403 [pool-2-thread-21] DEBUG org.apache.http.impl.execchain.MainClientExec -- Executing request POST /auth/login HTTP/1.1
16:19:20.403 [pool-2-thread-21] DEBUG org.apache.http.impl.execchain.MainClientExec -- Target auth state: UNCHALLENGED
16:19:20.403 [pool-2-thread-21] DEBUG org.apache.http.impl.execchain.MainClientExec -- Proxy auth state: UNCHALLENGED
16:19:20.403 [pool-2-thread-21] DEBUG org.apache.http.headers -- http-outgoing-77 >> POST /auth/login HTTP/1.1
16:19:20.403 [pool-2-thread-21] DEBUG org.apache.http.headers -- http-outgoing-77 >> Content-Type: application/json; charset=UTF-8
16:19:20.403 [pool-2-thread-21] DEBUG org.apache.http.headers -- http-outgoing-77 >> Content-Length: 45
16:19:20.403 [pool-2-thread-21] DEBUG org.apache.http.headers -- http-outgoing-77 >> Host: localhost:3000
16:19:20.403 [pool-2-thread-21] DEBUG org.apache.http.headers -- http-outgoing-77 >> Connection: Keep-Alive
16:19:20.403 [pool-2-thread-21] DEBUG org.apache.http.headers -- http-outgoing-77 >> User-Agent: Apache-HttpClient/4.5.14 (Java/17.0.9)
16:19:20.403 [pool-2-thread-21] DEBUG org.apache.http.headers -- http-outgoing-77 >> Accept-Encoding: gzip,deflate
16:19:20.403 [pool-2-thread-21] DEBUG org.apache.http.wire -- http-outgoing-77 >> "POST /auth/login HTTP/1.1[\r][\n]"
16:19:20.403 [pool-2-thread-21] DEBUG org.apache.http.wire -- http-outgoing-77 >> "Content-Type: application/json; charset=UTF-8[\r][\n]"
16:19:20.403 [pool-2-thread-21] DEBUG org.apache.http.wire -- http-outgoing-77 >> "Content-Length: 45[\r][\n]"
16:19:20.403 [pool-2-thread-21] DEBUG org.apache.http.wire -- http-outgoing-77 >> "Host: localhost:3000[\r][\n]"
16:19:20.403 [pool-2-thread-21] DEBUG org.apache.http.wire -- http-outgoing-77 >> "Connection: Keep-Alive[\r][\n]"
16:19:20.403 [pool-2-thread-21] DEBUG org.apache.http.wire -- http-outgoing-77 >> "User-Agent: Apache-HttpClient/4.5.14 (Java/17.0.9)[\r][\n]"
16:19:20.403 [pool-2-thread-21] DEBUG org.apache.http.wire -- http-outgoing-77 >> "Accept-Encoding: gzip,deflate[\r][\n]"
16:19:20.403 [pool-2-thread-21] DEBUG org.apache.http.wire -- http-outgoing-77 >> "[\r][\n]"
16:19:20.403 [pool-2-thread-21] DEBUG org.apache.http.wire -- http-outgoing-77 >> "{"email":"nam@gmail.com","password":"123456"}"
16:19:20.300 [pool-2-thread-74] DEBUG org.apache.http.impl.conn.DefaultHttpClientConnectionOperator -- Connection established 127.0.0.1:51470<->127.0.0.1:3000
16:19:20.370 [pool-2-thread-42] DEBUG org.apache.http.impl.execchain.MainClientExec -- Executing request POST /auth/login HTTP/1.1
16:19:20.370 [pool-2-thread-17] DEBUG org.apache.http.impl.execchain.MainClientExec -- Proxy auth state: UNCHALLENGED
16:19:20.404 [pool-2-thread-42] DEBUG org.apache.http.impl.execchain.MainClientExec -- Target auth state: UNCHALLENGED
16:19:20.370 [pool-2-thread-12] DEBUG org.apache.http.impl.execchain.MainClientExec -- Target auth state: UNCHALLENGED
16:19:20.404 [pool-2-thread-17] DEBUG org.apache.http.headers -- http-outgoing-24 >> POST /auth/login HTTP/1.1
16:19:20.404 [pool-2-thread-12] DEBUG org.apache.http.impl.execchain.MainClientExec -- Proxy auth state: UNCHALLENGED
16:19:20.370 [pool-2-thread-36] DEBUG org.apache.http.impl.execchain.MainClientExec -- Target auth state: UNCHALLENGED
16:19:20.370 [pool-2-thread-96] DEBUG org.apache.http.impl.execchain.MainClientExec -- Target auth state: UNCHALLENGED
16:19:20.404 [pool-2-thread-12] DEBUG org.apache.http.headers -- http-outgoing-26 >> POST /auth/login HTTP/1.1
16:19:20.404 [pool-2-thread-12] DEBUG org.apache.http.headers -- http-outgoing-26 >> Content-Type: application/json; charset=UTF-8
16:19:20.404 [pool-2-thread-12] DEBUG org.apache.http.headers -- http-outgoing-26 >> Content-Length: 48
16:19:20.404 [pool-2-thread-12] DEBUG org.apache.http.headers -- http-outgoing-26 >> Host: localhost:3000
16:19:20.404 [pool-2-thread-12] DEBUG org.apache.http.headers -- http-outgoing-26 >> Connection: Keep-Alive
16:19:20.404 [pool-2-thread-12] DEBUG org.apache.http.headers -- http-outgoing-26 >> User-Agent: Apache-HttpClient/4.5.14 (Java/17.0.9)
16:19:20.404 [pool-2-thread-12] DEBUG org.apache.http.headers -- http-outgoing-26 >> Accept-Encoding: gzip,deflate
16:19:20.404 [pool-2-thread-12] DEBUG org.apache.http.wire -- http-outgoing-26 >> "POST /auth/login HTTP/1.1[\r][\n]"
16:19:20.404 [pool-2-thread-12] DEBUG org.apache.http.wire -- http-outgoing-26 >> "Content-Type: application/json; charset=UTF-8[\r][\n]"
16:19:20.404 [pool-2-thread-12] DEBUG org.apache.http.wire -- http-outgoing-26 >> "Content-Length: 48[\r][\n]"
16:19:20.404 [pool-2-thread-12] DEBUG org.apache.http.wire -- http-outgoing-26 >> "Host: localhost:3000[\r][\n]"
16:19:20.404 [pool-2-thread-12] DEBUG org.apache.http.wire -- http-outgoing-26 >> "Connection: Keep-Alive[\r][\n]"
16:19:20.404 [pool-2-thread-12] DEBUG org.apache.http.wire -- http-outgoing-26 >> "User-Agent: Apache-HttpClient/4.5.14 (Java/17.0.9)[\r][\n]"
16:19:20.404 [pool-2-thread-12] DEBUG org.apache.http.wire -- http-outgoing-26 >> "Accept-Encoding: gzip,deflate[\r][\n]"
16:19:20.404 [pool-2-thread-12] DEBUG org.apache.http.wire -- http-outgoing-26 >> "[\r][\n]"
16:19:20.404 [pool-2-thread-12] DEBUG org.apache.http.wire -- http-outgoing-26 >> "{"email":"quang1@gmail.com","password":"quang1"}"
16:19:20.387 [pool-2-thread-87] DEBUG org.apache.http.impl.conn.DefaultManagedHttpClientConnection -- http-outgoing-15: set socket timeout to 30000
16:19:20.387 [pool-2-thread-95] DEBUG org.apache.http.impl.execchain.MainClientExec -- Executing request POST /auth/login HTTP/1.1
16:19:20.387 [pool-2-thread-54] DEBUG org.apache.http.impl.execchain.MainClientExec -- Executing request POST /auth/login HTTP/1.1
16:19:20.390 [pool-2-thread-7] DEBUG org.apache.http.impl.conn.DefaultManagedHttpClientConnection -- http-outgoing-0: set socket timeout to 30000
16:19:20.390 [pool-2-thread-6] DEBUG org.apache.http.headers -- http-outgoing-49 >> POST /auth/login HTTP/1.1
16:19:20.409 [pool-2-thread-95] DEBUG org.apache.http.impl.execchain.MainClientExec -- Target auth state: UNCHALLENGED
16:19:20.409 [pool-2-thread-7] DEBUG org.apache.http.impl.execchain.MainClientExec -- Executing request POST /auth/login HTTP/1.1
16:19:20.409 [pool-2-thread-95] DEBUG org.apache.http.impl.execchain.MainClientExec -- Proxy auth state: UNCHALLENGED
16:19:20.409 [pool-2-thread-7] DEBUG org.apache.http.impl.execchain.MainClientExec -- Target auth state: UNCHALLENGED
16:19:20.409 [pool-2-thread-7] DEBUG org.apache.http.impl.execchain.MainClientExec -- Proxy auth state: UNCHALLENGED
16:19:20.409 [pool-2-thread-95] DEBUG org.apache.http.headers -- http-outgoing-87 >> POST /auth/login HTTP/1.1
16:19:20.395 [pool-2-thread-8] DEBUG org.apache.http.wire -- http-outgoing-2 >> "User-Agent: Apache-HttpClient/4.5.14 (Java/17.0.9)[\r][\n]"
16:19:20.395 [pool-2-thread-41] DEBUG org.apache.http.impl.execchain.MainClientExec -- Executing request POST /auth/login HTTP/1.1
16:19:20.409 [pool-2-thread-8] DEBUG org.apache.http.wire -- http-outgoing-2 >> "Accept-Encoding: gzip,deflate[\r][\n]"
16:19:20.395 [pool-2-thread-84] DEBUG org.apache.http.impl.execchain.MainClientExec -- Proxy auth state: UNCHALLENGED
16:19:20.395 [pool-2-thread-72] DEBUG org.apache.http.headers -- http-outgoing-50 >> Connection: Keep-Alive
16:19:20.395 [pool-2-thread-77] DEBUG org.apache.http.headers -- http-outgoing-71 >> Content-Length: 54
16:19:20.395 [pool-2-thread-56] DEBUG org.apache.http.wire -- http-outgoing-30 >> "Content-Type: application/json; charset=UTF-8[\r][\n]"
16:19:20.397 [pool-2-thread-13] DEBUG org.apache.http.wire -- http-outgoing-35 >> "Content-Type: application/json; charset=UTF-8[\r][\n]"
16:19:20.397 [pool-2-thread-83] DEBUG org.apache.http.impl.execchain.MainClientExec -- Target auth state: UNCHALLENGED
16:19:20.409 [pool-2-thread-13] DEBUG org.apache.http.wire -- http-outgoing-35 >> "Content-Length: 53[\r][\n]"
16:19:20.409 [pool-2-thread-83] DEBUG org.apache.http.impl.execchain.MainClientExec -- Proxy auth state: UNCHALLENGED
16:19:20.397 [pool-2-thread-24] DEBUG org.apache.http.headers -- http-outgoing-73 >> Host: localhost:3000
16:19:20.397 [pool-2-thread-71] DEBUG org.apache.http.impl.conn.DefaultHttpClientConnectionOperator -- Connection established 127.0.0.1:51474<->127.0.0.1:3000
16:19:20.397 [pool-2-thread-26] DEBUG org.apache.http.wire -- http-outgoing-21 >> "User-Agent: Apache-HttpClient/4.5.14 (Java/17.0.9)[\r][\n]"
16:19:20.409 [pool-2-thread-26] DEBUG org.apache.http.wire -- http-outgoing-21 >> "Accept-Encoding: gzip,deflate[\r][\n]"
16:19:20.409 [pool-2-thread-26] DEBUG org.apache.http.wire -- http-outgoing-21 >> "[\r][\n]"
16:19:20.409 [pool-2-thread-26] DEBUG org.apache.http.wire -- http-outgoing-21 >> "{"email":"testit4@gmail.com","password":"Password123"}"
16:19:20.397 [pool-2-thread-62] DEBUG org.apache.http.impl.execchain.MainClientExec -- Target auth state: UNCHALLENGED
16:19:20.397 [pool-2-thread-5] DEBUG org.apache.http.headers -- http-outgoing-38 >> Connection: Keep-Alive
16:19:20.398 [pool-2-thread-48] DEBUG org.apache.http.wire -- http-outgoing-17 >> "POST /auth/login HTTP/1.1[\r][\n]"
16:19:20.410 [pool-2-thread-5] DEBUG org.apache.http.headers -- http-outgoing-38 >> User-Agent: Apache-HttpClient/4.5.14 (Java/17.0.9)
16:19:20.404 [pool-2-thread-74] DEBUG org.apache.http.impl.conn.DefaultManagedHttpClientConnection -- http-outgoing-88: set socket timeout to 30000
16:19:20.404 [pool-2-thread-42] DEBUG org.apache.http.impl.execchain.MainClientExec -- Proxy auth state: UNCHALLENGED
16:19:20.404 [pool-2-thread-17] DEBUG org.apache.http.headers -- http-outgoing-24 >> Content-Type: application/json; charset=UTF-8
16:19:20.410 [pool-2-thread-42] DEBUG org.apache.http.headers -- http-outgoing-56 >> POST /auth/login HTTP/1.1
16:19:20.404 [pool-2-thread-36] DEBUG org.apache.http.impl.execchain.MainClientExec -- Proxy auth state: UNCHALLENGED
16:19:20.404 [pool-2-thread-96] DEBUG org.apache.http.impl.execchain.MainClientExec -- Proxy auth state: UNCHALLENGED
16:19:20.409 [pool-2-thread-54] DEBUG org.apache.http.impl.execchain.MainClientExec -- Target auth state: UNCHALLENGED
16:19:20.409 [pool-2-thread-6] DEBUG org.apache.http.headers -- http-outgoing-49 >> Content-Type: application/json; charset=UTF-8
16:19:20.409 [pool-2-thread-95] DEBUG org.apache.http.headers -- http-outgoing-87 >> Content-Type: application/json; charset=UTF-8
16:19:20.410 [pool-2-thread-95] DEBUG org.apache.http.headers -- http-outgoing-87 >> Content-Length: 55
16:19:20.410 [pool-2-thread-95] DEBUG org.apache.http.headers -- http-outgoing-87 >> Host: localhost:3000
16:19:20.410 [pool-2-thread-95] DEBUG org.apache.http.headers -- http-outgoing-87 >> Connection: Keep-Alive
16:19:20.410 [pool-2-thread-95] DEBUG org.apache.http.headers -- http-outgoing-87 >> User-Agent: Apache-HttpClient/4.5.14 (Java/17.0.9)
16:19:20.410 [pool-2-thread-95] DEBUG org.apache.http.headers -- http-outgoing-87 >> Accept-Encoding: gzip,deflate
16:19:20.410 [pool-2-thread-95] DEBUG org.apache.http.wire -- http-outgoing-87 >> "POST /auth/login HTTP/1.1[\r][\n]"
16:19:20.409 [pool-2-thread-7] DEBUG org.apache.http.headers -- http-outgoing-0 >> POST /auth/login HTTP/1.1
16:19:20.409 [pool-2-thread-8] DEBUG org.apache.http.wire -- http-outgoing-2 >> "[\r][\n]"
16:19:20.409 [pool-2-thread-41] DEBUG org.apache.http.impl.execchain.MainClientExec -- Target auth state: UNCHALLENGED
16:19:20.409 [pool-2-thread-87] DEBUG org.apache.http.impl.execchain.MainClientExec -- Executing request POST /auth/login HTTP/1.1
16:19:20.409 [pool-2-thread-72] DEBUG org.apache.http.headers -- http-outgoing-50 >> User-Agent: Apache-HttpClient/4.5.14 (Java/17.0.9)
16:19:20.409 [pool-2-thread-84] DEBUG org.apache.http.headers -- http-outgoing-72 >> POST /auth/login HTTP/1.1
16:19:20.410 [pool-2-thread-87] DEBUG org.apache.http.impl.execchain.MainClientExec -- Target auth state: UNCHALLENGED
16:19:20.409 [pool-2-thread-77] DEBUG org.apache.http.headers -- http-outgoing-71 >> Host: localhost:3000
16:19:20.410 [pool-2-thread-77] DEBUG org.apache.http.headers -- http-outgoing-71 >> Connection: Keep-Alive
16:19:20.410 [pool-2-thread-77] DEBUG org.apache.http.headers -- http-outgoing-71 >> User-Agent: Apache-HttpClient/4.5.14 (Java/17.0.9)
16:19:20.410 [pool-2-thread-77] DEBUG org.apache.http.headers -- http-outgoing-71 >> Accept-Encoding: gzip,deflate
16:19:20.410 [pool-2-thread-77] DEBUG org.apache.http.wire -- http-outgoing-71 >> "POST /auth/login HTTP/1.1[\r][\n]"
16:19:20.410 [pool-2-thread-77] DEBUG org.apache.http.wire -- http-outgoing-71 >> "Content-Type: application/json; charset=UTF-8[\r][\n]"
16:19:20.410 [pool-2-thread-77] DEBUG org.apache.http.wire -- http-outgoing-71 >> "Content-Length: 54[\r][\n]"
16:19:20.409 [pool-2-thread-56] DEBUG org.apache.http.wire -- http-outgoing-30 >> "Content-Length: 54[\r][\n]"
16:19:20.410 [pool-2-thread-56] DEBUG org.apache.http.wire -- http-outgoing-30 >> "Host: localhost:3000[\r][\n]"
16:19:20.410 [pool-2-thread-56] DEBUG org.apache.http.wire -- http-outgoing-30 >> "Connection: Keep-Alive[\r][\n]"
16:19:20.409 [pool-2-thread-13] DEBUG org.apache.http.wire -- http-outgoing-35 >> "Host: localhost:3000[\r][\n]"
16:19:20.409 [pool-2-thread-24] DEBUG org.apache.http.headers -- http-outgoing-73 >> Connection: Keep-Alive
16:19:20.409 [pool-2-thread-83] DEBUG org.apache.http.headers -- http-outgoing-76 >> POST /auth/login HTTP/1.1
16:19:20.409 [pool-2-thread-71] DEBUG org.apache.http.impl.conn.DefaultManagedHttpClientConnection -- http-outgoing-9: set socket timeout to 30000
16:19:20.410 [pool-2-thread-71] DEBUG org.apache.http.impl.execchain.MainClientExec -- Executing request POST /auth/login HTTP/1.1
16:19:20.410 [pool-2-thread-71] DEBUG org.apache.http.impl.execchain.MainClientExec -- Target auth state: UNCHALLENGED
16:19:20.410 [pool-2-thread-71] DEBUG org.apache.http.impl.execchain.MainClientExec -- Proxy auth state: UNCHALLENGED
16:19:20.410 [pool-2-thread-71] DEBUG org.apache.http.headers -- http-outgoing-9 >> POST /auth/login HTTP/1.1
16:19:20.410 [pool-2-thread-71] DEBUG org.apache.http.headers -- http-outgoing-9 >> Content-Type: application/json; charset=UTF-8
16:19:20.410 [pool-2-thread-71] DEBUG org.apache.http.headers -- http-outgoing-9 >> Content-Length: 45
16:19:20.410 [pool-2-thread-71] DEBUG org.apache.http.headers -- http-outgoing-9 >> Host: localhost:3000
16:19:20.410 [pool-2-thread-71] DEBUG org.apache.http.headers -- http-outgoing-9 >> Connection: Keep-Alive
16:19:20.410 [pool-2-thread-71] DEBUG org.apache.http.headers -- http-outgoing-9 >> User-Agent: Apache-HttpClient/4.5.14 (Java/17.0.9)
16:19:20.410 [pool-2-thread-71] DEBUG org.apache.http.headers -- http-outgoing-9 >> Accept-Encoding: gzip,deflate
16:19:20.410 [pool-2-thread-71] DEBUG org.apache.http.wire -- http-outgoing-9 >> "POST /auth/login HTTP/1.1[\r][\n]"
16:19:20.410 [pool-2-thread-71] DEBUG org.apache.http.wire -- http-outgoing-9 >> "Content-Type: application/json; charset=UTF-8[\r][\n]"
16:19:20.410 [pool-2-thread-71] DEBUG org.apache.http.wire -- http-outgoing-9 >> "Content-Length: 45[\r][\n]"
16:19:20.410 [pool-2-thread-71] DEBUG org.apache.http.wire -- http-outgoing-9 >> "Host: localhost:3000[\r][\n]"
16:19:20.410 [pool-2-thread-71] DEBUG org.apache.http.wire -- http-outgoing-9 >> "Connection: Keep-Alive[\r][\n]"
16:19:20.410 [pool-2-thread-71] DEBUG org.apache.http.wire -- http-outgoing-9 >> "User-Agent: Apache-HttpClient/4.5.14 (Java/17.0.9)[\r][\n]"
16:19:20.410 [pool-2-thread-71] DEBUG org.apache.http.wire -- http-outgoing-9 >> "Accept-Encoding: gzip,deflate[\r][\n]"
16:19:20.410 [pool-2-thread-71] DEBUG org.apache.http.wire -- http-outgoing-9 >> "[\r][\n]"
16:19:20.410 [pool-2-thread-71] DEBUG org.apache.http.wire -- http-outgoing-9 >> "{"email":"nam@gmail.com","password":"123456"}"
16:19:20.410 [pool-2-thread-62] DEBUG org.apache.http.impl.execchain.MainClientExec -- Proxy auth state: UNCHALLENGED
16:19:20.410 [pool-2-thread-5] DEBUG org.apache.http.headers -- http-outgoing-38 >> Accept-Encoding: gzip,deflate
16:19:20.410 [pool-2-thread-48] DEBUG org.apache.http.wire -- http-outgoing-17 >> "Content-Type: application/json; charset=UTF-8[\r][\n]"
16:19:20.410 [pool-2-thread-74] DEBUG org.apache.http.impl.execchain.MainClientExec -- Executing request POST /auth/login HTTP/1.1
16:19:20.410 [pool-2-thread-17] DEBUG org.apache.http.headers -- http-outgoing-24 >> Content-Length: 54
16:19:20.410 [pool-2-thread-42] DEBUG org.apache.http.headers -- http-outgoing-56 >> Content-Type: application/json; charset=UTF-8
16:19:20.410 [pool-2-thread-36] DEBUG org.apache.http.headers -- http-outgoing-92 >> POST /auth/login HTTP/1.1
16:19:20.411 [pool-2-thread-62] DEBUG org.apache.http.headers -- http-outgoing-10 >> POST /auth/login HTTP/1.1
16:19:20.411 [pool-2-thread-5] DEBUG org.apache.http.wire -- http-outgoing-38 >> "POST /auth/login HTTP/1.1[\r][\n]"
16:19:20.410 [pool-2-thread-96] DEBUG org.apache.http.headers -- http-outgoing-59 >> POST /auth/login HTTP/1.1
16:19:20.410 [pool-2-thread-54] DEBUG org.apache.http.impl.execchain.MainClientExec -- Proxy auth state: UNCHALLENGED
16:19:20.411 [pool-2-thread-96] DEBUG org.apache.http.headers -- http-outgoing-59 >> Content-Type: application/json; charset=UTF-8
16:19:20.411 [pool-2-thread-96] DEBUG org.apache.http.headers -- http-outgoing-59 >> Content-Length: 54
16:19:20.410 [pool-2-thread-6] DEBUG org.apache.http.headers -- http-outgoing-49 >> Content-Length: 54
16:19:20.411 [pool-2-thread-54] DEBUG org.apache.http.headers -- http-outgoing-64 >> POST /auth/login HTTP/1.1
16:19:20.410 [pool-2-thread-95] DEBUG org.apache.http.wire -- http-outgoing-87 >> "Content-Type: application/json; charset=UTF-8[\r][\n]"
16:19:20.410 [pool-2-thread-7] DEBUG org.apache.http.headers -- http-outgoing-0 >> Content-Type: application/json; charset=UTF-8
16:19:20.411 [pool-2-thread-7] DEBUG org.apache.http.headers -- http-outgoing-0 >> Content-Length: 54
16:19:20.411 [pool-2-thread-7] DEBUG org.apache.http.headers -- http-outgoing-0 >> Host: localhost:3000
16:19:20.411 [pool-2-thread-7] DEBUG org.apache.http.headers -- http-outgoing-0 >> Connection: Keep-Alive
16:19:20.411 [pool-2-thread-7] DEBUG org.apache.http.headers -- http-outgoing-0 >> User-Agent: Apache-HttpClient/4.5.14 (Java/17.0.9)
16:19:20.411 [pool-2-thread-7] DEBUG org.apache.http.headers -- http-outgoing-0 >> Accept-Encoding: gzip,deflate
16:19:20.410 [pool-2-thread-8] DEBUG org.apache.http.wire -- http-outgoing-2 >> "{"email":"testit5@gmail.com","password":"Password123"}"
16:19:20.410 [pool-2-thread-41] DEBUG org.apache.http.impl.execchain.MainClientExec -- Proxy auth state: UNCHALLENGED
16:19:20.410 [pool-2-thread-72] DEBUG org.apache.http.headers -- http-outgoing-50 >> Accept-Encoding: gzip,deflate
16:19:20.410 [pool-2-thread-84] DEBUG org.apache.http.headers -- http-outgoing-72 >> Content-Type: application/json; charset=UTF-8
16:19:20.412 [pool-2-thread-41] DEBUG org.apache.http.headers -- http-outgoing-33 >> POST /auth/login HTTP/1.1
16:19:20.412 [pool-2-thread-84] DEBUG org.apache.http.headers -- http-outgoing-72 >> Content-Length: 54
16:19:20.412 [pool-2-thread-84] DEBUG org.apache.http.headers -- http-outgoing-72 >> Host: localhost:3000
16:19:20.412 [pool-2-thread-84] DEBUG org.apache.http.headers -- http-outgoing-72 >> Connection: Keep-Alive
16:19:20.412 [pool-2-thread-84] DEBUG org.apache.http.headers -- http-outgoing-72 >> User-Agent: Apache-HttpClient/4.5.14 (Java/17.0.9)
16:19:20.412 [pool-2-thread-84] DEBUG org.apache.http.headers -- http-outgoing-72 >> Accept-Encoding: gzip,deflate
16:19:20.412 [pool-2-thread-84] DEBUG org.apache.http.wire -- http-outgoing-72 >> "POST /auth/login HTTP/1.1[\r][\n]"
16:19:20.412 [pool-2-thread-84] DEBUG org.apache.http.wire -- http-outgoing-72 >> "Content-Type: application/json; charset=UTF-8[\r][\n]"
16:19:20.412 [pool-2-thread-84] DEBUG org.apache.http.wire -- http-outgoing-72 >> "Content-Length: 54[\r][\n]"
16:19:20.412 [pool-2-thread-84] DEBUG org.apache.http.wire -- http-outgoing-72 >> "Host: localhost:3000[\r][\n]"
16:19:20.410 [pool-2-thread-87] DEBUG org.apache.http.impl.execchain.MainClientExec -- Proxy auth state: UNCHALLENGED
16:19:20.410 [pool-2-thread-77] DEBUG org.apache.http.wire -- http-outgoing-71 >> "Host: localhost:3000[\r][\n]"
16:19:20.412 [pool-2-thread-77] DEBUG org.apache.http.wire -- http-outgoing-71 >> "Connection: Keep-Alive[\r][\n]"
16:19:20.410 [pool-2-thread-56] DEBUG org.apache.http.wire -- http-outgoing-30 >> "User-Agent: Apache-HttpClient/4.5.14 (Java/17.0.9)[\r][\n]"
16:19:20.412 [pool-2-thread-56] DEBUG org.apache.http.wire -- http-outgoing-30 >> "Accept-Encoding: gzip,deflate[\r][\n]"
16:19:20.412 [pool-2-thread-56] DEBUG org.apache.http.wire -- http-outgoing-30 >> "[\r][\n]"
16:19:20.412 [pool-2-thread-56] DEBUG org.apache.http.wire -- http-outgoing-30 >> "{"email":"testit4@gmail.com","password":"Password123"}"
16:19:20.410 [pool-2-thread-13] DEBUG org.apache.http.wire -- http-outgoing-35 >> "Connection: Keep-Alive[\r][\n]"
16:19:20.410 [pool-2-thread-24] DEBUG org.apache.http.headers -- http-outgoing-73 >> User-Agent: Apache-HttpClient/4.5.14 (Java/17.0.9)
16:19:20.410 [pool-2-thread-83] DEBUG org.apache.http.headers -- http-outgoing-76 >> Content-Type: application/json; charset=UTF-8
16:19:20.411 [pool-2-thread-74] DEBUG org.apache.http.impl.execchain.MainClientExec -- Target auth state: UNCHALLENGED
16:19:20.411 [pool-2-thread-42] DEBUG org.apache.http.headers -- http-outgoing-56 >> Content-Length: 48
16:19:20.412 [pool-2-thread-74] DEBUG org.apache.http.impl.execchain.MainClientExec -- Proxy auth state: UNCHALLENGED
16:19:20.411 [pool-2-thread-17] DEBUG org.apache.http.headers -- http-outgoing-24 >> Host: localhost:3000
16:19:20.411 [pool-2-thread-48] DEBUG org.apache.http.wire -- http-outgoing-17 >> "Content-Length: 54[\r][\n]"
16:19:20.411 [pool-2-thread-36] DEBUG org.apache.http.headers -- http-outgoing-92 >> Content-Type: application/json; charset=UTF-8
16:19:20.411 [pool-2-thread-62] DEBUG org.apache.http.headers -- http-outgoing-10 >> Content-Type: application/json; charset=UTF-8
16:19:20.411 [pool-2-thread-5] DEBUG org.apache.http.wire -- http-outgoing-38 >> "Content-Type: application/json; charset=UTF-8[\r][\n]"
16:19:20.411 [pool-2-thread-96] DEBUG org.apache.http.headers -- http-outgoing-59 >> Host: localhost:3000
16:19:20.411 [pool-2-thread-54] DEBUG org.apache.http.headers -- http-outgoing-64 >> Content-Type: application/json; charset=UTF-8
16:19:20.413 [pool-2-thread-96] DEBUG org.apache.http.headers -- http-outgoing-59 >> Connection: Keep-Alive
16:19:20.411 [pool-2-thread-6] DEBUG org.apache.http.headers -- http-outgoing-49 >> Host: localhost:3000
16:19:20.411 [pool-2-thread-95] DEBUG org.apache.http.wire -- http-outgoing-87 >> "Content-Length: 55[\r][\n]"
16:19:20.413 [pool-2-thread-95] DEBUG org.apache.http.wire -- http-outgoing-87 >> "Host: localhost:3000[\r][\n]"
16:19:20.413 [pool-2-thread-95] DEBUG org.apache.http.wire -- http-outgoing-87 >> "Connection: Keep-Alive[\r][\n]"
16:19:20.413 [pool-2-thread-95] DEBUG org.apache.http.wire -- http-outgoing-87 >> "User-Agent: Apache-HttpClient/4.5.14 (Java/17.0.9)[\r][\n]"
16:19:20.413 [pool-2-thread-95] DEBUG org.apache.http.wire -- http-outgoing-87 >> "Accept-Encoding: gzip,deflate[\r][\n]"
16:19:20.413 [pool-2-thread-95] DEBUG org.apache.http.wire -- http-outgoing-87 >> "[\r][\n]"
16:19:20.413 [pool-2-thread-95] DEBUG org.apache.http.wire -- http-outgoing-87 >> "{"email":"test28@example.com","password":"Password123"}"
16:19:20.411 [pool-2-thread-7] DEBUG org.apache.http.wire -- http-outgoing-0 >> "POST /auth/login HTTP/1.1[\r][\n]"
16:19:20.412 [pool-2-thread-72] DEBUG org.apache.http.wire -- http-outgoing-50 >> "POST /auth/login HTTP/1.1[\r][\n]"
16:19:20.412 [pool-2-thread-41] DEBUG org.apache.http.headers -- http-outgoing-33 >> Content-Type: application/json; charset=UTF-8
16:19:20.412 [pool-2-thread-84] DEBUG org.apache.http.wire -- http-outgoing-72 >> "Connection: Keep-Alive[\r][\n]"
16:19:20.413 [pool-2-thread-84] DEBUG org.apache.http.wire -- http-outgoing-72 >> "User-Agent: Apache-HttpClient/4.5.14 (Java/17.0.9)[\r][\n]"
16:19:20.413 [pool-2-thread-84] DEBUG org.apache.http.wire -- http-outgoing-72 >> "Accept-Encoding: gzip,deflate[\r][\n]"
16:19:20.413 [pool-2-thread-84] DEBUG org.apache.http.wire -- http-outgoing-72 >> "[\r][\n]"
16:19:20.413 [pool-2-thread-84] DEBUG org.apache.http.wire -- http-outgoing-72 >> "{"email":"test2@example.com","password":"Password123"}"
16:19:20.412 [pool-2-thread-87] DEBUG org.apache.http.headers -- http-outgoing-15 >> POST /auth/login HTTP/1.1
16:19:20.412 [pool-2-thread-77] DEBUG org.apache.http.wire -- http-outgoing-71 >> "User-Agent: Apache-HttpClient/4.5.14 (Java/17.0.9)[\r][\n]"
16:19:20.419 [pool-2-thread-77] DEBUG org.apache.http.wire -- http-outgoing-71 >> "Accept-Encoding: gzip,deflate[\r][\n]"
16:19:20.419 [pool-2-thread-77] DEBUG org.apache.http.wire -- http-outgoing-71 >> "[\r][\n]"
16:19:20.419 [pool-2-thread-87] DEBUG org.apache.http.headers -- http-outgoing-15 >> Content-Type: application/json; charset=UTF-8
16:19:20.419 [pool-2-thread-87] DEBUG org.apache.http.headers -- http-outgoing-15 >> Content-Length: 54
16:19:20.419 [pool-2-thread-87] DEBUG org.apache.http.headers -- http-outgoing-15 >> Host: localhost:3000
16:19:20.419 [pool-2-thread-87] DEBUG org.apache.http.headers -- http-outgoing-15 >> Connection: Keep-Alive
16:19:20.419 [pool-2-thread-87] DEBUG org.apache.http.headers -- http-outgoing-15 >> User-Agent: Apache-HttpClient/4.5.14 (Java/17.0.9)
16:19:20.419 [pool-2-thread-87] DEBUG org.apache.http.headers -- http-outgoing-15 >> Accept-Encoding: gzip,deflate
16:19:20.419 [pool-2-thread-87] DEBUG org.apache.http.wire -- http-outgoing-15 >> "POST /auth/login HTTP/1.1[\r][\n]"
16:19:20.419 [pool-2-thread-87] DEBUG org.apache.http.wire -- http-outgoing-15 >> "Content-Type: application/json; charset=UTF-8[\r][\n]"
16:19:20.419 [pool-2-thread-87] DEBUG org.apache.http.wire -- http-outgoing-15 >> "Content-Length: 54[\r][\n]"
16:19:20.419 [pool-2-thread-87] DEBUG org.apache.http.wire -- http-outgoing-15 >> "Host: localhost:3000[\r][\n]"
16:19:20.419 [pool-2-thread-87] DEBUG org.apache.http.wire -- http-outgoing-15 >> "Connection: Keep-Alive[\r][\n]"
16:19:20.419 [pool-2-thread-87] DEBUG org.apache.http.wire -- http-outgoing-15 >> "User-Agent: Apache-HttpClient/4.5.14 (Java/17.0.9)[\r][\n]"
16:19:20.419 [pool-2-thread-87] DEBUG org.apache.http.wire -- http-outgoing-15 >> "Accept-Encoding: gzip,deflate[\r][\n]"
16:19:20.419 [pool-2-thread-87] DEBUG org.apache.http.wire -- http-outgoing-15 >> "[\r][\n]"
16:19:20.419 [pool-2-thread-87] DEBUG org.apache.http.wire -- http-outgoing-15 >> "{"email":"testit3@gmail.com","password":"Password123"}"
16:19:20.412 [pool-2-thread-13] DEBUG org.apache.http.wire -- http-outgoing-35 >> "User-Agent: Apache-HttpClient/4.5.14 (Java/17.0.9)[\r][\n]"
16:19:20.412 [pool-2-thread-24] DEBUG org.apache.http.headers -- http-outgoing-73 >> Accept-Encoding: gzip,deflate
16:19:20.412 [pool-2-thread-83] DEBUG org.apache.http.headers -- http-outgoing-76 >> Content-Length: 53
16:19:20.419 [pool-2-thread-24] DEBUG org.apache.http.wire -- http-outgoing-73 >> "POST /auth/login HTTP/1.1[\r][\n]"
16:19:20.419 [pool-2-thread-83] DEBUG org.apache.http.headers -- http-outgoing-76 >> Host: localhost:3000
16:19:20.419 [pool-2-thread-24] DEBUG org.apache.http.wire -- http-outgoing-73 >> "Content-Type: application/json; charset=UTF-8[\r][\n]"
16:19:20.419 [pool-2-thread-83] DEBUG org.apache.http.headers -- http-outgoing-76 >> Connection: Keep-Alive
16:19:20.419 [pool-2-thread-24] DEBUG org.apache.http.wire -- http-outgoing-73 >> "Content-Length: 54[\r][\n]"
16:19:20.412 [pool-2-thread-42] DEBUG org.apache.http.headers -- http-outgoing-56 >> Host: localhost:3000
16:19:20.419 [pool-2-thread-42] DEBUG org.apache.http.headers -- http-outgoing-56 >> Connection: Keep-Alive
16:19:20.412 [pool-2-thread-17] DEBUG org.apache.http.headers -- http-outgoing-24 >> Connection: Keep-Alive
16:19:20.419 [pool-2-thread-17] DEBUG org.apache.http.headers -- http-outgoing-24 >> User-Agent: Apache-HttpClient/4.5.14 (Java/17.0.9)
16:19:20.419 [pool-2-thread-17] DEBUG org.apache.http.headers -- http-outgoing-24 >> Accept-Encoding: gzip,deflate
16:19:20.412 [pool-2-thread-74] DEBUG org.apache.http.headers -- http-outgoing-88 >> POST /auth/login HTTP/1.1
16:19:20.413 [pool-2-thread-48] DEBUG org.apache.http.wire -- http-outgoing-17 >> "Host: localhost:3000[\r][\n]"
16:19:20.413 [pool-2-thread-36] DEBUG org.apache.http.headers -- http-outgoing-92 >> Content-Length: 54
16:19:20.419 [pool-2-thread-36] DEBUG org.apache.http.headers -- http-outgoing-92 >> Host: localhost:3000
16:19:20.413 [pool-2-thread-62] DEBUG org.apache.http.headers -- http-outgoing-10 >> Content-Length: 48
16:19:20.413 [pool-2-thread-5] DEBUG org.apache.http.wire -- http-outgoing-38 >> "Content-Length: 55[\r][\n]"
16:19:20.413 [pool-2-thread-54] DEBUG org.apache.http.headers -- http-outgoing-64 >> Content-Length: 54
16:19:20.413 [pool-2-thread-96] DEBUG org.apache.http.headers -- http-outgoing-59 >> User-Agent: Apache-HttpClient/4.5.14 (Java/17.0.9)
16:19:20.413 [pool-2-thread-6] DEBUG org.apache.http.headers -- http-outgoing-49 >> Connection: Keep-Alive
16:19:20.419 [pool-2-thread-6] DEBUG org.apache.http.headers -- http-outgoing-49 >> User-Agent: Apache-HttpClient/4.5.14 (Java/17.0.9)
16:19:20.413 [pool-2-thread-7] DEBUG org.apache.http.wire -- http-outgoing-0 >> "Content-Type: application/json; charset=UTF-8[\r][\n]"
16:19:20.413 [pool-2-thread-72] DEBUG org.apache.http.wire -- http-outgoing-50 >> "Content-Type: application/json; charset=UTF-8[\r][\n]"
16:19:20.413 [pool-2-thread-41] DEBUG org.apache.http.headers -- http-outgoing-33 >> Content-Length: 45
16:19:20.419 [pool-2-thread-77] DEBUG org.apache.http.wire -- http-outgoing-71 >> "{"email":"testit3@gmail.com","password":"Password123"}"
16:19:20.419 [pool-2-thread-13] DEBUG org.apache.http.wire -- http-outgoing-35 >> "Accept-Encoding: gzip,deflate[\r][\n]"
16:19:20.419 [pool-2-thread-83] DEBUG org.apache.http.headers -- http-outgoing-76 >> User-Agent: Apache-HttpClient/4.5.14 (Java/17.0.9)
16:19:20.419 [pool-2-thread-13] DEBUG org.apache.http.wire -- http-outgoing-35 >> "[\r][\n]"
16:19:20.419 [pool-2-thread-83] DEBUG org.apache.http.headers -- http-outgoing-76 >> Accept-Encoding: gzip,deflate
16:19:20.419 [pool-2-thread-13] DEBUG org.apache.http.wire -- http-outgoing-35 >> "{"email":"test@example.com","password":"Password123"}"
16:19:20.419 [pool-2-thread-24] DEBUG org.apache.http.wire -- http-outgoing-73 >> "Host: localhost:3000[\r][\n]"
16:19:20.419 [pool-2-thread-83] DEBUG org.apache.http.wire -- http-outgoing-76 >> "POST /auth/login HTTP/1.1[\r][\n]"
16:19:20.419 [pool-2-thread-42] DEBUG org.apache.http.headers -- http-outgoing-56 >> User-Agent: Apache-HttpClient/4.5.14 (Java/17.0.9)
16:19:20.419 [pool-2-thread-42] DEBUG org.apache.http.headers -- http-outgoing-56 >> Accept-Encoding: gzip,deflate
16:19:20.419 [pool-2-thread-17] DEBUG org.apache.http.wire -- http-outgoing-24 >> "POST /auth/login HTTP/1.1[\r][\n]"
16:19:20.419 [pool-2-thread-42] DEBUG org.apache.http.wire -- http-outgoing-56 >> "POST /auth/login HTTP/1.1[\r][\n]"
16:19:20.419 [pool-2-thread-42] DEBUG org.apache.http.wire -- http-outgoing-56 >> "Content-Type: application/json; charset=UTF-8[\r][\n]"
16:19:20.419 [pool-2-thread-42] DEBUG org.apache.http.wire -- http-outgoing-56 >> "Content-Length: 48[\r][\n]"
16:19:20.419 [pool-2-thread-42] DEBUG org.apache.http.wire -- http-outgoing-56 >> "Host: localhost:3000[\r][\n]"
16:19:20.419 [pool-2-thread-42] DEBUG org.apache.http.wire -- http-outgoing-56 >> "Connection: Keep-Alive[\r][\n]"
16:19:20.419 [pool-2-thread-42] DEBUG org.apache.http.wire -- http-outgoing-56 >> "User-Agent: Apache-HttpClient/4.5.14 (Java/17.0.9)[\r][\n]"
16:19:20.419 [pool-2-thread-42] DEBUG org.apache.http.wire -- http-outgoing-56 >> "Accept-Encoding: gzip,deflate[\r][\n]"
16:19:20.419 [pool-2-thread-42] DEBUG org.apache.http.wire -- http-outgoing-56 >> "[\r][\n]"
16:19:20.419 [pool-2-thread-74] DEBUG org.apache.http.headers -- http-outgoing-88 >> Content-Type: application/json; charset=UTF-8
16:19:20.419 [pool-2-thread-48] DEBUG org.apache.http.wire -- http-outgoing-17 >> "Connection: Keep-Alive[\r][\n]"
16:19:20.419 [pool-2-thread-36] DEBUG org.apache.http.headers -- http-outgoing-92 >> Connection: Keep-Alive
16:19:20.419 [pool-2-thread-48] DEBUG org.apache.http.wire -- http-outgoing-17 >> "User-Agent: Apache-HttpClient/4.5.14 (Java/17.0.9)[\r][\n]"
16:19:20.419 [pool-2-thread-62] DEBUG org.apache.http.headers -- http-outgoing-10 >> Host: localhost:3000
16:19:20.419 [pool-2-thread-5] DEBUG org.apache.http.wire -- http-outgoing-38 >> "Host: localhost:3000[\r][\n]"
16:19:20.419 [pool-2-thread-54] DEBUG org.apache.http.headers -- http-outgoing-64 >> Host: localhost:3000
16:19:20.419 [pool-2-thread-96] DEBUG org.apache.http.headers -- http-outgoing-59 >> Accept-Encoding: gzip,deflate
16:19:20.421 [pool-2-thread-54] DEBUG org.apache.http.headers -- http-outgoing-64 >> Connection: Keep-Alive
16:19:20.421 [pool-2-thread-54] DEBUG org.apache.http.headers -- http-outgoing-64 >> User-Agent: Apache-HttpClient/4.5.14 (Java/17.0.9)
16:19:20.421 [pool-2-thread-54] DEBUG org.apache.http.headers -- http-outgoing-64 >> Accept-Encoding: gzip,deflate
16:19:20.421 [pool-2-thread-96] DEBUG org.apache.http.wire -- http-outgoing-59 >> "POST /auth/login HTTP/1.1[\r][\n]"
16:19:20.421 [pool-2-thread-96] DEBUG org.apache.http.wire -- http-outgoing-59 >> "Content-Type: application/json; charset=UTF-8[\r][\n]"
16:19:20.421 [pool-2-thread-96] DEBUG org.apache.http.wire -- http-outgoing-59 >> "Content-Length: 54[\r][\n]"
16:19:20.419 [pool-2-thread-6] DEBUG org.apache.http.headers -- http-outgoing-49 >> Accept-Encoding: gzip,deflate
16:19:20.421 [pool-2-thread-6] DEBUG org.apache.http.wire -- http-outgoing-49 >> "POST /auth/login HTTP/1.1[\r][\n]"
16:19:20.421 [pool-2-thread-6] DEBUG org.apache.http.wire -- http-outgoing-49 >> "Content-Type: application/json; charset=UTF-8[\r][\n]"
16:19:20.421 [pool-2-thread-6] DEBUG org.apache.http.wire -- http-outgoing-49 >> "Content-Length: 54[\r][\n]"
16:19:20.421 [pool-2-thread-6] DEBUG org.apache.http.wire -- http-outgoing-49 >> "Host: localhost:3000[\r][\n]"
16:19:20.421 [pool-2-thread-6] DEBUG org.apache.http.wire -- http-outgoing-49 >> "Connection: Keep-Alive[\r][\n]"
16:19:20.421 [pool-2-thread-6] DEBUG org.apache.http.wire -- http-outgoing-49 >> "User-Agent: Apache-HttpClient/4.5.14 (Java/17.0.9)[\r][\n]"
16:19:20.421 [pool-2-thread-6] DEBUG org.apache.http.wire -- http-outgoing-49 >> "Accept-Encoding: gzip,deflate[\r][\n]"
16:19:20.421 [pool-2-thread-6] DEBUG org.apache.http.wire -- http-outgoing-49 >> "[\r][\n]"
16:19:20.419 [pool-2-thread-7] DEBUG org.apache.http.wire -- http-outgoing-0 >> "Content-Length: 54[\r][\n]"
16:19:20.419 [pool-2-thread-72] DEBUG org.apache.http.wire -- http-outgoing-50 >> "Content-Length: 48[\r][\n]"
16:19:20.419 [pool-2-thread-41] DEBUG org.apache.http.headers -- http-outgoing-33 >> Host: localhost:3000
16:19:20.419 [pool-2-thread-24] DEBUG org.apache.http.wire -- http-outgoing-73 >> "Connection: Keep-Alive[\r][\n]"
16:19:20.419 [pool-2-thread-83] DEBUG org.apache.http.wire -- http-outgoing-76 >> "Content-Type: application/json; charset=UTF-8[\r][\n]"
16:19:20.419 [pool-2-thread-17] DEBUG org.apache.http.wire -- http-outgoing-24 >> "Content-Type: application/json; charset=UTF-8[\r][\n]"
16:19:20.419 [pool-2-thread-42] DEBUG org.apache.http.wire -- http-outgoing-56 >> "{"email":"quang1@gmail.com","password":"quang1"}"
16:19:20.419 [pool-2-thread-74] DEBUG org.apache.http.headers -- http-outgoing-88 >> Content-Length: 54
16:19:20.420 [pool-2-thread-36] DEBUG org.apache.http.headers -- http-outgoing-92 >> User-Agent: Apache-HttpClient/4.5.14 (Java/17.0.9)
16:19:20.421 [pool-2-thread-36] DEBUG org.apache.http.headers -- http-outgoing-92 >> Accept-Encoding: gzip,deflate
16:19:20.420 [pool-2-thread-48] DEBUG org.apache.http.wire -- http-outgoing-17 >> "Accept-Encoding: gzip,deflate[\r][\n]"
16:19:20.421 [pool-2-thread-36] DEBUG org.apache.http.wire -- http-outgoing-92 >> "POST /auth/login HTTP/1.1[\r][\n]"
16:19:20.421 [pool-2-thread-36] DEBUG org.apache.http.wire -- http-outgoing-92 >> "Content-Type: application/json; charset=UTF-8[\r][\n]"
16:19:20.420 [pool-2-thread-62] DEBUG org.apache.http.headers -- http-outgoing-10 >> Connection: Keep-Alive
16:19:20.420 [pool-2-thread-5] DEBUG org.apache.http.wire -- http-outgoing-38 >> "Connection: Keep-Alive[\r][\n]"
16:19:20.421 [pool-2-thread-54] DEBUG org.apache.http.wire -- http-outgoing-64 >> "POST /auth/login HTTP/1.1[\r][\n]"
16:19:20.421 [pool-2-thread-96] DEBUG org.apache.http.wire -- http-outgoing-59 >> "Host: localhost:3000[\r][\n]"
16:19:20.421 [pool-2-thread-6] DEBUG org.apache.http.wire -- http-outgoing-49 >> "{"email":"testit4@gmail.com","password":"Password123"}"
16:19:20.421 [pool-2-thread-7] DEBUG org.apache.http.wire -- http-outgoing-0 >> "Host: localhost:3000[\r][\n]"
16:19:20.421 [pool-2-thread-72] DEBUG org.apache.http.wire -- http-outgoing-50 >> "Host: localhost:3000[\r][\n]"
16:19:20.422 [pool-2-thread-7] DEBUG org.apache.http.wire -- http-outgoing-0 >> "Connection: Keep-Alive[\r][\n]"
16:19:20.422 [pool-2-thread-72] DEBUG org.apache.http.wire -- http-outgoing-50 >> "Connection: Keep-Alive[\r][\n]"
16:19:20.421 [pool-2-thread-41] DEBUG org.apache.http.headers -- http-outgoing-33 >> Connection: Keep-Alive
16:19:20.421 [pool-2-thread-24] DEBUG org.apache.http.wire -- http-outgoing-73 >> "User-Agent: Apache-HttpClient/4.5.14 (Java/17.0.9)[\r][\n]"
16:19:20.421 [pool-2-thread-83] DEBUG org.apache.http.wire -- http-outgoing-76 >> "Content-Length: 53[\r][\n]"
16:19:20.421 [pool-2-thread-17] DEBUG org.apache.http.wire -- http-outgoing-24 >> "Content-Length: 54[\r][\n]"
16:19:20.421 [pool-2-thread-74] DEBUG org.apache.http.headers -- http-outgoing-88 >> Host: localhost:3000
16:19:20.421 [pool-2-thread-48] DEBUG org.apache.http.wire -- http-outgoing-17 >> "[\r][\n]"
16:19:20.421 [pool-2-thread-36] DEBUG org.apache.http.wire -- http-outgoing-92 >> "Content-Length: 54[\r][\n]"
16:19:20.422 [pool-2-thread-48] DEBUG org.apache.http.wire -- http-outgoing-17 >> "{"email":"testit5@gmail.com","password":"Password123"}"
16:19:20.421 [pool-2-thread-62] DEBUG org.apache.http.headers -- http-outgoing-10 >> User-Agent: Apache-HttpClient/4.5.14 (Java/17.0.9)
16:19:20.421 [pool-2-thread-5] DEBUG org.apache.http.wire -- http-outgoing-38 >> "User-Agent: Apache-HttpClient/4.5.14 (Java/17.0.9)[\r][\n]"
16:19:20.421 [pool-2-thread-54] DEBUG org.apache.http.wire -- http-outgoing-64 >> "Content-Type: application/json; charset=UTF-8[\r][\n]"
16:19:20.421 [pool-2-thread-96] DEBUG org.apache.http.wire -- http-outgoing-59 >> "Connection: Keep-Alive[\r][\n]"
16:19:20.422 [pool-2-thread-96] DEBUG org.apache.http.wire -- http-outgoing-59 >> "User-Agent: Apache-HttpClient/4.5.14 (Java/17.0.9)[\r][\n]"
16:19:20.422 [pool-2-thread-7] DEBUG org.apache.http.wire -- http-outgoing-0 >> "User-Agent: Apache-HttpClient/4.5.14 (Java/17.0.9)[\r][\n]"
16:19:20.422 [pool-2-thread-72] DEBUG org.apache.http.wire -- http-outgoing-50 >> "User-Agent: Apache-HttpClient/4.5.14 (Java/17.0.9)[\r][\n]"
16:19:20.422 [pool-2-thread-41] DEBUG org.apache.http.headers -- http-outgoing-33 >> User-Agent: Apache-HttpClient/4.5.14 (Java/17.0.9)
16:19:20.422 [pool-2-thread-24] DEBUG org.apache.http.wire -- http-outgoing-73 >> "Accept-Encoding: gzip,deflate[\r][\n]"
16:19:20.422 [pool-2-thread-83] DEBUG org.apache.http.wire -- http-outgoing-76 >> "Host: localhost:3000[\r][\n]"
16:19:20.422 [pool-2-thread-17] DEBUG org.apache.http.wire -- http-outgoing-24 >> "Host: localhost:3000[\r][\n]"
16:19:20.422 [pool-2-thread-17] DEBUG org.apache.http.wire -- http-outgoing-24 >> "Connection: Keep-Alive[\r][\n]"
16:19:20.422 [pool-2-thread-74] DEBUG org.apache.http.headers -- http-outgoing-88 >> Connection: Keep-Alive
16:19:20.422 [pool-2-thread-36] DEBUG org.apache.http.wire -- http-outgoing-92 >> "Host: localhost:3000[\r][\n]"
16:19:20.422 [pool-2-thread-62] DEBUG org.apache.http.headers -- http-outgoing-10 >> Accept-Encoding: gzip,deflate
16:19:20.422 [pool-2-thread-5] DEBUG org.apache.http.wire -- http-outgoing-38 >> "Accept-Encoding: gzip,deflate[\r][\n]"
16:19:20.422 [pool-2-thread-54] DEBUG org.apache.http.wire -- http-outgoing-64 >> "Content-Length: 54[\r][\n]"
16:19:20.422 [pool-2-thread-5] DEBUG org.apache.http.wire -- http-outgoing-38 >> "[\r][\n]"
16:19:20.422 [pool-2-thread-96] DEBUG org.apache.http.wire -- http-outgoing-59 >> "Accept-Encoding: gzip,deflate[\r][\n]"
16:19:20.422 [pool-2-thread-7] DEBUG org.apache.http.wire -- http-outgoing-0 >> "Accept-Encoding: gzip,deflate[\r][\n]"
16:19:20.422 [pool-2-thread-72] DEBUG org.apache.http.wire -- http-outgoing-50 >> "Accept-Encoding: gzip,deflate[\r][\n]"
16:19:20.422 [pool-2-thread-41] DEBUG org.apache.http.headers -- http-outgoing-33 >> Accept-Encoding: gzip,deflate
16:19:20.422 [pool-2-thread-24] DEBUG org.apache.http.wire -- http-outgoing-73 >> "[\r][\n]"
16:19:20.422 [pool-2-thread-83] DEBUG org.apache.http.wire -- http-outgoing-76 >> "Connection: Keep-Alive[\r][\n]"
16:19:20.422 [pool-2-thread-24] DEBUG org.apache.http.wire -- http-outgoing-73 >> "{"email":"test2@example.com","password":"Password123"}"
16:19:20.422 [pool-2-thread-83] DEBUG org.apache.http.wire -- http-outgoing-76 >> "User-Agent: Apache-HttpClient/4.5.14 (Java/17.0.9)[\r][\n]"
16:19:20.422 [pool-2-thread-83] DEBUG org.apache.http.wire -- http-outgoing-76 >> "Accept-Encoding: gzip,deflate[\r][\n]"
16:19:20.422 [pool-2-thread-83] DEBUG org.apache.http.wire -- http-outgoing-76 >> "[\r][\n]"
16:19:20.422 [pool-2-thread-17] DEBUG org.apache.http.wire -- http-outgoing-24 >> "User-Agent: Apache-HttpClient/4.5.14 (Java/17.0.9)[\r][\n]"
16:19:20.422 [pool-2-thread-74] DEBUG org.apache.http.headers -- http-outgoing-88 >> User-Agent: Apache-HttpClient/4.5.14 (Java/17.0.9)
16:19:20.422 [pool-2-thread-36] DEBUG org.apache.http.wire -- http-outgoing-92 >> "Connection: Keep-Alive[\r][\n]"
16:19:20.422 [pool-2-thread-62] DEBUG org.apache.http.wire -- http-outgoing-10 >> "POST /auth/login HTTP/1.1[\r][\n]"
16:19:20.422 [pool-2-thread-54] DEBUG org.apache.http.wire -- http-outgoing-64 >> "Host: localhost:3000[\r][\n]"
16:19:20.422 [pool-2-thread-62] DEBUG org.apache.http.wire -- http-outgoing-10 >> "Content-Type: application/json; charset=UTF-8[\r][\n]"
16:19:20.422 [pool-2-thread-5] DEBUG org.apache.http.wire -- http-outgoing-38 >> "{"email":"test28@example.com","password":"Password123"}"
16:19:20.422 [pool-2-thread-96] DEBUG org.apache.http.wire -- http-outgoing-59 >> "[\r][\n]"
16:19:20.422 [pool-2-thread-7] DEBUG org.apache.http.wire -- http-outgoing-0 >> "[\r][\n]"
16:19:20.422 [pool-2-thread-72] DEBUG org.apache.http.wire -- http-outgoing-50 >> "[\r][\n]"
16:19:20.422 [pool-2-thread-41] DEBUG org.apache.http.wire -- http-outgoing-33 >> "POST /auth/login HTTP/1.1[\r][\n]"
16:19:20.422 [pool-2-thread-72] DEBUG org.apache.http.wire -- http-outgoing-50 >> "{"email":"quang1@gmail.com","password":"quang1"}"
16:19:20.422 [pool-2-thread-41] DEBUG org.apache.http.wire -- http-outgoing-33 >> "Content-Type: application/json; charset=UTF-8[\r][\n]"
16:19:20.422 [pool-2-thread-41] DEBUG org.apache.http.wire -- http-outgoing-33 >> "Content-Length: 45[\r][\n]"
16:19:20.422 [pool-2-thread-41] DEBUG org.apache.http.wire -- http-outgoing-33 >> "Host: localhost:3000[\r][\n]"
16:19:20.422 [pool-2-thread-41] DEBUG org.apache.http.wire -- http-outgoing-33 >> "Connection: Keep-Alive[\r][\n]"
16:19:20.422 [pool-2-thread-83] DEBUG org.apache.http.wire -- http-outgoing-76 >> "{"email":"test@example.com","password":"Password123"}"
16:19:20.422 [pool-2-thread-17] DEBUG org.apache.http.wire -- http-outgoing-24 >> "Accept-Encoding: gzip,deflate[\r][\n]"
16:19:20.422 [pool-2-thread-17] DEBUG org.apache.http.wire -- http-outgoing-24 >> "[\r][\n]"
16:19:20.422 [pool-2-thread-74] DEBUG org.apache.http.headers -- http-outgoing-88 >> Accept-Encoding: gzip,deflate
16:19:20.422 [pool-2-thread-36] DEBUG org.apache.http.wire -- http-outgoing-92 >> "User-Agent: Apache-HttpClient/4.5.14 (Java/17.0.9)[\r][\n]"
16:19:20.422 [pool-2-thread-54] DEBUG org.apache.http.wire -- http-outgoing-64 >> "Connection: Keep-Alive[\r][\n]"
16:19:20.423 [pool-2-thread-36] DEBUG org.apache.http.wire -- http-outgoing-92 >> "Accept-Encoding: gzip,deflate[\r][\n]"
16:19:20.423 [pool-2-thread-54] DEBUG org.apache.http.wire -- http-outgoing-64 >> "User-Agent: Apache-HttpClient/4.5.14 (Java/17.0.9)[\r][\n]"
16:19:20.422 [pool-2-thread-62] DEBUG org.apache.http.wire -- http-outgoing-10 >> "Content-Length: 48[\r][\n]"
16:19:20.422 [pool-2-thread-96] DEBUG org.apache.http.wire -- http-outgoing-59 >> "{"email":"testit4@gmail.com","password":"Password123"}"
16:19:20.422 [pool-2-thread-7] DEBUG org.apache.http.wire -- http-outgoing-0 >> "{"email":"testit3@gmail.com","password":"Password123"}"
16:19:20.422 [pool-2-thread-41] DEBUG org.apache.http.wire -- http-outgoing-33 >> "User-Agent: Apache-HttpClient/4.5.14 (Java/17.0.9)[\r][\n]"
16:19:20.422 [pool-2-thread-17] DEBUG org.apache.http.wire -- http-outgoing-24 >> "{"email":"testit3@gmail.com","password":"Password123"}"
16:19:20.423 [pool-2-thread-74] DEBUG org.apache.http.wire -- http-outgoing-88 >> "POST /auth/login HTTP/1.1[\r][\n]"
16:19:20.423 [pool-2-thread-36] DEBUG org.apache.http.wire -- http-outgoing-92 >> "[\r][\n]"
16:19:20.423 [pool-2-thread-74] DEBUG org.apache.http.wire -- http-outgoing-88 >> "Content-Type: application/json; charset=UTF-8[\r][\n]"
16:19:20.423 [pool-2-thread-54] DEBUG org.apache.http.wire -- http-outgoing-64 >> "Accept-Encoding: gzip,deflate[\r][\n]"
16:19:20.423 [pool-2-thread-36] DEBUG org.apache.http.wire -- http-outgoing-92 >> "{"email":"testit4@gmail.com","password":"Password123"}"
16:19:20.423 [pool-2-thread-62] DEBUG org.apache.http.wire -- http-outgoing-10 >> "Host: localhost:3000[\r][\n]"
16:19:20.423 [pool-2-thread-41] DEBUG org.apache.http.wire -- http-outgoing-33 >> "Accept-Encoding: gzip,deflate[\r][\n]"
16:19:20.423 [pool-2-thread-41] DEBUG org.apache.http.wire -- http-outgoing-33 >> "[\r][\n]"
16:19:20.423 [pool-2-thread-74] DEBUG org.apache.http.wire -- http-outgoing-88 >> "Content-Length: 54[\r][\n]"
16:19:20.423 [pool-2-thread-54] DEBUG org.apache.http.wire -- http-outgoing-64 >> "[\r][\n]"
16:19:20.423 [pool-2-thread-62] DEBUG org.apache.http.wire -- http-outgoing-10 >> "Connection: Keep-Alive[\r][\n]"
16:19:20.423 [pool-2-thread-41] DEBUG org.apache.http.wire -- http-outgoing-33 >> "{"email":"nam@gmail.com","password":"123456"}"
16:19:20.423 [pool-2-thread-74] DEBUG org.apache.http.wire -- http-outgoing-88 >> "Host: localhost:3000[\r][\n]"
16:19:20.423 [pool-2-thread-54] DEBUG org.apache.http.wire -- http-outgoing-64 >> "{"email":"test2@example.com","password":"Password123"}"
16:19:20.423 [pool-2-thread-62] DEBUG org.apache.http.wire -- http-outgoing-10 >> "User-Agent: Apache-HttpClient/4.5.14 (Java/17.0.9)[\r][\n]"
16:19:20.423 [pool-2-thread-62] DEBUG org.apache.http.wire -- http-outgoing-10 >> "Accept-Encoding: gzip,deflate[\r][\n]"
16:19:20.423 [pool-2-thread-62] DEBUG org.apache.http.wire -- http-outgoing-10 >> "[\r][\n]"
16:19:20.423 [pool-2-thread-62] DEBUG org.apache.http.wire -- http-outgoing-10 >> "{"email":"quang1@gmail.com","password":"quang1"}"
16:19:20.423 [pool-2-thread-74] DEBUG org.apache.http.wire -- http-outgoing-88 >> "Connection: Keep-Alive[\r][\n]"
16:19:20.423 [pool-2-thread-74] DEBUG org.apache.http.wire -- http-outgoing-88 >> "User-Agent: Apache-HttpClient/4.5.14 (Java/17.0.9)[\r][\n]"
16:19:20.423 [pool-2-thread-74] DEBUG org.apache.http.wire -- http-outgoing-88 >> "Accept-Encoding: gzip,deflate[\r][\n]"
16:19:20.423 [pool-2-thread-74] DEBUG org.apache.http.wire -- http-outgoing-88 >> "[\r][\n]"
16:19:20.423 [pool-2-thread-74] DEBUG org.apache.http.wire -- http-outgoing-88 >> "{"email":"test2@example.com","password":"Password123"}"
16:19:21.087 [pool-2-thread-32] DEBUG org.apache.http.wire -- http-outgoing-14 << "HTTP/1.1 200 OK[\r][\n]"
16:19:21.087 [pool-2-thread-32] DEBUG org.apache.http.wire -- http-outgoing-14 << "X-Powered-By: Express[\r][\n]"
16:19:21.087 [pool-2-thread-32] DEBUG org.apache.http.wire -- http-outgoing-14 << "Access-Control-Allow-Origin: *[\r][\n]"
16:19:21.087 [pool-2-thread-32] DEBUG org.apache.http.wire -- http-outgoing-14 << "Content-Type: application/json; charset=utf-8[\r][\n]"
16:19:21.087 [pool-2-thread-32] DEBUG org.apache.http.wire -- http-outgoing-14 << "Content-Length: 715[\r][\n]"
16:19:21.087 [pool-2-thread-32] DEBUG org.apache.http.wire -- http-outgoing-14 << "ETag: W/"2cb-twqLA1c7ep+/qowYNriu4tlAOUI"[\r][\n]"
16:19:21.087 [pool-2-thread-32] DEBUG org.apache.http.wire -- http-outgoing-14 << "Date: Tue, 24 Jun 2025 09:19:21 GMT[\r][\n]"
16:19:21.087 [pool-2-thread-32] DEBUG org.apache.http.wire -- http-outgoing-14 << "Connection: keep-alive[\r][\n]"
16:19:21.087 [pool-2-thread-32] DEBUG org.apache.http.wire -- http-outgoing-14 << "Keep-Alive: timeout=5[\r][\n]"
16:19:21.087 [pool-2-thread-32] DEBUG org.apache.http.wire -- http-outgoing-14 << "[\r][\n]"
16:19:21.087 [pool-2-thread-32] DEBUG org.apache.http.wire -- http-outgoing-14 << "{"access_token":"eyJhbGciOiJIUzI1NiIsInR5cCI6IkpXVCJ9.eyJzdWIiOiIyYjg0YWEyNC02NjhhLTQwZTItYWYxYy1hZDRmYzRmYTVhNmYiLCJ1c2VybmFtZSI6InF1YW5nMSIsInJvbGUiOjAsImlhdCI6MTc1MDc1Njc2MCwiZXhwIjoxNzUwNzYwMzYwfQ.FmQpIabd5rn6NT73IezqUD2SfvCdgEjyUjOE-LKjFCs","refresh_token":"19598e2e0a956d1a73ed1719e8e9861eacb7dd4e8e98bfeca6af80b9b224d919","user":{"id":"2b84aa24-668a-40e2-af1c-ad4fc4fa5a6f","email":"quang1@gmail.com","username":"quang1","name":"quang1","phoneNumber":"09874563210","profilePic":"https://res.cloudinary.com/dizcvrefo/image/upload/v1749027586/nestjs_uploads/xehairydt9rzlbmbmv4c.jpg","bio":"Thang Nam Lao Vua Thoi","private":false,"verified":false,"role":0,"followersCount":2,"followingCount":3,"postCount":2}}"
16:19:21.087 [pool-2-thread-32] DEBUG org.apache.http.headers -- http-outgoing-14 << HTTP/1.1 200 OK
16:19:21.087 [pool-2-thread-32] DEBUG org.apache.http.headers -- http-outgoing-14 << X-Powered-By: Express
16:19:21.087 [pool-2-thread-32] DEBUG org.apache.http.headers -- http-outgoing-14 << Access-Control-Allow-Origin: *
16:19:21.087 [pool-2-thread-32] DEBUG org.apache.http.headers -- http-outgoing-14 << Content-Type: application/json; charset=utf-8
16:19:21.087 [pool-2-thread-32] DEBUG org.apache.http.headers -- http-outgoing-14 << Content-Length: 715
16:19:21.087 [pool-2-thread-32] DEBUG org.apache.http.headers -- http-outgoing-14 << ETag: W/"2cb-twqLA1c7ep+/qowYNriu4tlAOUI"
16:19:21.087 [pool-2-thread-32] DEBUG org.apache.http.headers -- http-outgoing-14 << Date: Tue, 24 Jun 2025 09:19:21 GMT
16:19:21.087 [pool-2-thread-32] DEBUG org.apache.http.headers -- http-outgoing-14 << Connection: keep-alive
16:19:21.087 [pool-2-thread-32] DEBUG org.apache.http.headers -- http-outgoing-14 << Keep-Alive: timeout=5
16:19:21.087 [pool-2-thread-9] DEBUG org.apache.http.wire -- http-outgoing-84 << "HTTP/1.1 200 OK[\r][\n]"
16:19:21.087 [pool-2-thread-9] DEBUG org.apache.http.wire -- http-outgoing-84 << "X-Powered-By: Express[\r][\n]"
16:19:21.087 [pool-2-thread-9] DEBUG org.apache.http.wire -- http-outgoing-84 << "Access-Control-Allow-Origin: *[\r][\n]"
16:19:21.087 [pool-2-thread-9] DEBUG org.apache.http.wire -- http-outgoing-84 << "Content-Type: application/json; charset=utf-8[\r][\n]"
16:19:21.087 [pool-2-thread-9] DEBUG org.apache.http.wire -- http-outgoing-84 << "Content-Length: 604[\r][\n]"
16:19:21.087 [pool-2-thread-9] DEBUG org.apache.http.wire -- http-outgoing-84 << "ETag: W/"25c-M3XtC3Awz//tqYR0yv3wTNtt8DA"[\r][\n]"
16:19:21.087 [pool-2-thread-9] DEBUG org.apache.http.wire -- http-outgoing-84 << "Date: Tue, 24 Jun 2025 09:19:21 GMT[\r][\n]"
16:19:21.087 [pool-2-thread-9] DEBUG org.apache.http.wire -- http-outgoing-84 << "Connection: keep-alive[\r][\n]"
16:19:21.087 [pool-2-thread-9] DEBUG org.apache.http.wire -- http-outgoing-84 << "Keep-Alive: timeout=5[\r][\n]"
16:19:21.087 [pool-2-thread-9] DEBUG org.apache.http.wire -- http-outgoing-84 << "[\r][\n]"
16:19:21.087 [pool-2-thread-9] DEBUG org.apache.http.wire -- http-outgoing-84 << "{"access_token":"eyJhbGciOiJIUzI1NiIsInR5cCI6IkpXVCJ9.eyJzdWIiOiJkZjZmMDkxOS1hMjNkLTQ0YzktYTkyNS00ZWE4YmU1MjVkMTAiLCJ1c2VybmFtZSI6ImpvaG5kb2UyMyIsInJvbGUiOjAsImlhdCI6MTc1MDc1Njc2MCwiZXhwIjoxNzUwNzYwMzYwfQ.h-Q8SBoUGsj7QK0Tp-lB1um2AGWHkuSztjP3q6o2JX0","refresh_token":"4325e93072054f4a3d933f8510bf4bef6cb870db06f4d34a0ec61146126a657a","user":{"id":"df6f0919-a23d-44c9-a925-4ea8be525d10","email":"testit@gmail.com","username":"johndoe23","name":"John Doe","phoneNumber":"0123456788","profilePic":null,"bio":null,"private":false,"verified":false,"role":0,"followersCount":0,"followingCount":0,"postCount":0}}"
16:19:21.087 [pool-2-thread-32] DEBUG org.apache.http.impl.execchain.MainClientExec -- Connection can be kept alive for 5000 MILLISECONDS
16:19:21.087 [pool-2-thread-50] DEBUG org.apache.http.wire -- http-outgoing-45 << "HTTP/1.1 200 OK[\r][\n]"
16:19:21.087 [pool-2-thread-9] DEBUG org.apache.http.headers -- http-outgoing-84 << HTTP/1.1 200 OK
16:19:21.087 [pool-2-thread-50] DEBUG org.apache.http.wire -- http-outgoing-45 << "X-Powered-By: Express[\r][\n]"
16:19:21.087 [pool-2-thread-50] DEBUG org.apache.http.wire -- http-outgoing-45 << "Access-Control-Allow-Origin: *[\r][\n]"
16:19:21.087 [pool-2-thread-50] DEBUG org.apache.http.wire -- http-outgoing-45 << "Content-Type: application/json; charset=utf-8[\r][\n]"
16:19:21.087 [pool-2-thread-50] DEBUG org.apache.http.wire -- http-outgoing-45 << "Content-Length: 605[\r][\n]"
16:19:21.087 [pool-2-thread-32] DEBUG org.apache.http.impl.conn.PoolingHttpClientConnectionManager -- Connection [id: 71][route: {}->http://localhost:3000] can be kept alive for 5.0 seconds
16:19:21.087 [pool-2-thread-9] DEBUG org.apache.http.headers -- http-outgoing-84 << X-Powered-By: Express
16:19:21.087 [pool-2-thread-50] DEBUG org.apache.http.wire -- http-outgoing-45 << "ETag: W/"25d-HWNXS2dRT5grQVINQ3EUXh5i8gA"[\r][\n]"
16:19:21.087 [pool-2-thread-32] DEBUG org.apache.http.impl.conn.DefaultManagedHttpClientConnection -- http-outgoing-14: set socket timeout to 0
16:19:21.088 [pool-2-thread-50] DEBUG org.apache.http.wire -- http-outgoing-45 << "Date: Tue, 24 Jun 2025 09:19:21 GMT[\r][\n]"
16:19:21.088 [pool-2-thread-50] DEBUG org.apache.http.wire -- http-outgoing-45 << "Connection: keep-alive[\r][\n]"
16:19:21.088 [pool-2-thread-50] DEBUG org.apache.http.wire -- http-outgoing-45 << "Keep-Alive: timeout=5[\r][\n]"
16:19:21.088 [pool-2-thread-32] DEBUG org.apache.http.impl.conn.PoolingHttpClientConnectionManager -- Connection released: [id: 71][route: {}->http://localhost:3000][total available: 1; route allocated: 1 of 5; total allocated: 1 of 10]
16:19:21.088 [pool-2-thread-9] DEBUG org.apache.http.headers -- http-outgoing-84 << Access-Control-Allow-Origin: *
16:19:21.088 [pool-2-thread-50] DEBUG org.apache.http.wire -- http-outgoing-45 << "[\r][\n]"
16:19:21.088 [pool-2-thread-9] DEBUG org.apache.http.headers -- http-outgoing-84 << Content-Type: application/json; charset=utf-8
16:19:21.088 [pool-2-thread-32] DEBUG org.apache.http.impl.conn.PoolingHttpClientConnectionManager -- Connection manager is shutting down
16:19:21.088 [pool-2-thread-9] DEBUG org.apache.http.headers -- http-outgoing-84 << Content-Length: 604
16:19:21.088 [pool-2-thread-9] DEBUG org.apache.http.headers -- http-outgoing-84 << ETag: W/"25c-M3XtC3Awz//tqYR0yv3wTNtt8DA"
16:19:21.088 [pool-2-thread-9] DEBUG org.apache.http.headers -- http-outgoing-84 << Date: Tue, 24 Jun 2025 09:19:21 GMT
16:19:21.088 [pool-2-thread-9] DEBUG org.apache.http.headers -- http-outgoing-84 << Connection: keep-alive
16:19:21.088 [pool-2-thread-9] DEBUG org.apache.http.headers -- http-outgoing-84 << Keep-Alive: timeout=5
16:19:21.088 [pool-2-thread-50] DEBUG org.apache.http.wire -- http-outgoing-45 << "{"access_token":"eyJhbGciOiJIUzI1NiIsInR5cCI6IkpXVCJ9.eyJzdWIiOiIwYTM3ZWY0My1mZWU4LTQxZDMtYTY4Ni04YWIwODY5NDg2OTUiLCJ1c2VybmFtZSI6ImpvaG5kb2UyMSIsInJvbGUiOjAsImlhdCI6MTc1MDc1Njc2MCwiZXhwIjoxNzUwNzYwMzYwfQ.XWGfKdgjwGT3JrLkWxLTLayYmv_7YDjNUmysU70tK3Y","refresh_token":"98b68a0e7f25c2bb959b2d727ae43d96e12adb758358c47543ecdedcb70bf075","user":{"id":"0a37ef43-fee8-41d3-a686-8ab086948695","email":"testit2@gmail.com","username":"johndoe21","name":"John Doe","phoneNumber":"0123456712","profilePic":null,"bio":null,"private":false,"verified":false,"role":0,"followersCount":0,"followingCount":0,"postCount":0}}"
16:19:21.088 [pool-2-thread-32] DEBUG org.apache.http.impl.conn.DefaultManagedHttpClientConnection -- http-outgoing-14: Close connection
16:19:21.088 [pool-2-thread-9] DEBUG org.apache.http.impl.execchain.MainClientExec -- Connection can be kept alive for 5000 MILLISECONDS
16:19:21.088 [pool-2-thread-50] DEBUG org.apache.http.headers -- http-outgoing-45 << HTTP/1.1 200 OK
16:19:21.088 [pool-2-thread-50] DEBUG org.apache.http.headers -- http-outgoing-45 << X-Powered-By: Express
16:19:21.088 [pool-2-thread-50] DEBUG org.apache.http.headers -- http-outgoing-45 << Access-Control-Allow-Origin: *
16:19:21.088 [pool-2-thread-50] DEBUG org.apache.http.headers -- http-outgoing-45 << Content-Type: application/json; charset=utf-8
16:19:21.088 [pool-2-thread-50] DEBUG org.apache.http.headers -- http-outgoing-45 << Content-Length: 605
16:19:21.088 [pool-2-thread-50] DEBUG org.apache.http.headers -- http-outgoing-45 << ETag: W/"25d-HWNXS2dRT5grQVINQ3EUXh5i8gA"
16:19:21.088 [pool-2-thread-50] DEBUG org.apache.http.headers -- http-outgoing-45 << Date: Tue, 24 Jun 2025 09:19:21 GMT
16:19:21.088 [pool-2-thread-50] DEBUG org.apache.http.headers -- http-outgoing-45 << Connection: keep-alive
16:19:21.088 [pool-2-thread-50] DEBUG org.apache.http.headers -- http-outgoing-45 << Keep-Alive: timeout=5
16:19:21.088 [pool-2-thread-9] DEBUG org.apache.http.impl.conn.PoolingHttpClientConnectionManager -- Connection [id: 75][route: {}->http://localhost:3000] can be kept alive for 5.0 seconds
16:19:21.088 [pool-2-thread-9] DEBUG org.apache.http.impl.conn.DefaultManagedHttpClientConnection -- http-outgoing-84: set socket timeout to 0
16:19:21.088 [pool-2-thread-32] DEBUG org.apache.http.impl.conn.PoolingHttpClientConnectionManager -- Connection manager shut down
16:19:21.088 [pool-2-thread-50] DEBUG org.apache.http.impl.execchain.MainClientExec -- Connection can be kept alive for 5000 MILLISECONDS
16:19:21.088 [pool-2-thread-9] DEBUG org.apache.http.impl.conn.PoolingHttpClientConnectionManager -- Connection released: [id: 75][route: {}->http://localhost:3000][total available: 1; route allocated: 1 of 5; total allocated: 1 of 10]
16:19:21.088 [pool-2-thread-9] DEBUG org.apache.http.impl.conn.PoolingHttpClientConnectionManager -- Connection manager is shutting down
16:19:21.088 [pool-2-thread-50] DEBUG org.apache.http.impl.conn.PoolingHttpClientConnectionManager -- Connection [id: 74][route: {}->http://localhost:3000] can be kept alive for 5.0 seconds
16:19:21.088 [pool-2-thread-9] DEBUG org.apache.http.impl.conn.DefaultManagedHttpClientConnection -- http-outgoing-84: Close connection
16:19:21.088 [pool-2-thread-50] DEBUG org.apache.http.impl.conn.DefaultManagedHttpClientConnection -- http-outgoing-45: set socket timeout to 0
16:19:21.088 [pool-2-thread-50] DEBUG org.apache.http.impl.conn.PoolingHttpClientConnectionManager -- Connection released: [id: 74][route: {}->http://localhost:3000][total available: 1; route allocated: 1 of 5; total allocated: 1 of 10]
16:19:21.088 [pool-2-thread-50] DEBUG org.apache.http.impl.conn.PoolingHttpClientConnectionManager -- Connection manager is shutting down
16:19:21.088 [pool-2-thread-50] DEBUG org.apache.http.impl.conn.DefaultManagedHttpClientConnection -- http-outgoing-45: Close connection
16:19:21.088 [pool-2-thread-9] DEBUG org.apache.http.impl.conn.PoolingHttpClientConnectionManager -- Connection manager shut down
16:19:21.088 [pool-2-thread-32] DEBUG com.intuit.karate -- response time in milliseconds: 1272
1 < 200
1 < X-Powered-By: Express
1 < Access-Control-Allow-Origin: *
1 < Content-Type: application/json; charset=utf-8
1 < Content-Length: 715
1 < ETag: W/"2cb-twqLA1c7ep+/qowYNriu4tlAOUI"
1 < Date: Tue, 24 Jun 2025 09:19:21 GMT
1 < Connection: keep-alive
1 < Keep-Alive: timeout=5
{"access_token":"eyJhbGciOiJIUzI1NiIsInR5cCI6IkpXVCJ9.eyJzdWIiOiIyYjg0YWEyNC02NjhhLTQwZTItYWYxYy1hZDRmYzRmYTVhNmYiLCJ1c2VybmFtZSI6InF1YW5nMSIsInJvbGUiOjAsImlhdCI6MTc1MDc1Njc2MCwiZXhwIjoxNzUwNzYwMzYwfQ.FmQpIabd5rn6NT73IezqUD2SfvCdgEjyUjOE-LKjFCs","refresh_token":"19598e2e0a956d1a73ed1719e8e9861eacb7dd4e8e98bfeca6af80b9b224d919","user":{"id":"2b84aa24-668a-40e2-af1c-ad4fc4fa5a6f","email":"quang1@gmail.com","username":"quang1","name":"quang1","phoneNumber":"09874563210","profilePic":"https://res.cloudinary.com/dizcvrefo/image/upload/v1749027586/nestjs_uploads/xehairydt9rzlbmbmv4c.jpg","bio":"Thang Nam Lao Vua Thoi","private":false,"verified":false,"role":0,"followersCount":2,"followingCount":3,"postCount":2}}

16:19:21.089 [pool-2-thread-50] DEBUG org.apache.http.impl.conn.PoolingHttpClientConnectionManager -- Connection manager shut down
16:19:21.089 [pool-2-thread-9] DEBUG com.intuit.karate -- response time in milliseconds: 1273
1 < 200
1 < X-Powered-By: Express
1 < Access-Control-Allow-Origin: *
1 < Content-Type: application/json; charset=utf-8
1 < Content-Length: 604
1 < ETag: W/"25c-M3XtC3Awz//tqYR0yv3wTNtt8DA"
1 < Date: Tue, 24 Jun 2025 09:19:21 GMT
1 < Connection: keep-alive
1 < Keep-Alive: timeout=5
{"access_token":"eyJhbGciOiJIUzI1NiIsInR5cCI6IkpXVCJ9.eyJzdWIiOiJkZjZmMDkxOS1hMjNkLTQ0YzktYTkyNS00ZWE4YmU1MjVkMTAiLCJ1c2VybmFtZSI6ImpvaG5kb2UyMyIsInJvbGUiOjAsImlhdCI6MTc1MDc1Njc2MCwiZXhwIjoxNzUwNzYwMzYwfQ.h-Q8SBoUGsj7QK0Tp-lB1um2AGWHkuSztjP3q6o2JX0","refresh_token":"4325e93072054f4a3d933f8510bf4bef6cb870db06f4d34a0ec61146126a657a","user":{"id":"df6f0919-a23d-44c9-a925-4ea8be525d10","email":"testit@gmail.com","username":"johndoe23","name":"John Doe","phoneNumber":"0123456788","profilePic":null,"bio":null,"private":false,"verified":false,"role":0,"followersCount":0,"followingCount":0,"postCount":0}}

16:19:21.089 [pool-2-thread-50] DEBUG com.intuit.karate -- response time in milliseconds: 1281
1 < 200
1 < X-Powered-By: Express
1 < Access-Control-Allow-Origin: *
1 < Content-Type: application/json; charset=utf-8
1 < Content-Length: 605
1 < ETag: W/"25d-HWNXS2dRT5grQVINQ3EUXh5i8gA"
1 < Date: Tue, 24 Jun 2025 09:19:21 GMT
1 < Connection: keep-alive
1 < Keep-Alive: timeout=5
{"access_token":"eyJhbGciOiJIUzI1NiIsInR5cCI6IkpXVCJ9.eyJzdWIiOiIwYTM3ZWY0My1mZWU4LTQxZDMtYTY4Ni04YWIwODY5NDg2OTUiLCJ1c2VybmFtZSI6ImpvaG5kb2UyMSIsInJvbGUiOjAsImlhdCI6MTc1MDc1Njc2MCwiZXhwIjoxNzUwNzYwMzYwfQ.XWGfKdgjwGT3JrLkWxLTLayYmv_7YDjNUmysU70tK3Y","refresh_token":"98b68a0e7f25c2bb959b2d727ae43d96e12adb758358c47543ecdedcb70bf075","user":{"id":"0a37ef43-fee8-41d3-a686-8ab086948695","email":"testit2@gmail.com","username":"johndoe21","name":"John Doe","phoneNumber":"0123456712","profilePic":null,"bio":null,"private":false,"verified":false,"role":0,"followersCount":0,"followingCount":0,"postCount":0}}

16:19:21.089 [pool-2-thread-93] DEBUG org.apache.http.wire -- http-outgoing-44 << "HTTP/1.1 200 OK[\r][\n]"
16:19:21.089 [pool-2-thread-93] DEBUG org.apache.http.wire -- http-outgoing-44 << "X-Powered-By: Express[\r][\n]"
16:19:21.089 [pool-2-thread-93] DEBUG org.apache.http.wire -- http-outgoing-44 << "Access-Control-Allow-Origin: *[\r][\n]"
16:19:21.089 [pool-2-thread-93] DEBUG org.apache.http.wire -- http-outgoing-44 << "Content-Type: application/json; charset=utf-8[\r][\n]"
16:19:21.089 [pool-2-thread-93] DEBUG org.apache.http.wire -- http-outgoing-44 << "Content-Length: 599[\r][\n]"
16:19:21.089 [pool-2-thread-93] DEBUG org.apache.http.wire -- http-outgoing-44 << "ETag: W/"257-L+/8ku1fOQbXCmnyAkhS6qLr178"[\r][\n]"
16:19:21.089 [pool-2-thread-93] DEBUG org.apache.http.wire -- http-outgoing-44 << "Date: Tue, 24 Jun 2025 09:19:21 GMT[\r][\n]"
16:19:21.089 [pool-2-thread-93] DEBUG org.apache.http.wire -- http-outgoing-44 << "Connection: keep-alive[\r][\n]"
16:19:21.089 [pool-2-thread-93] DEBUG org.apache.http.wire -- http-outgoing-44 << "Keep-Alive: timeout=5[\r][\n]"
16:19:21.089 [pool-2-thread-93] DEBUG org.apache.http.wire -- http-outgoing-44 << "[\r][\n]"
16:19:21.089 [pool-2-thread-93] DEBUG org.apache.http.wire -- http-outgoing-44 << "{"access_token":"eyJhbGciOiJIUzI1NiIsInR5cCI6IkpXVCJ9.eyJzdWIiOiIyZGRhMDQzOS01MTgwLTQ1YWEtOTE3Zi1lNjMyZTQ1YThlNDEiLCJ1c2VybmFtZSI6ImpvaG5kb2UiLCJyb2xlIjowLCJpYXQiOjE3NTA3NTY3NjAsImV4cCI6MTc1MDc2MDM2MH0.uQZrMn_hLdHvIouioGQwd0ao_RWgXNnkzTZHzTRp04w","refresh_token":"57ca6cdeff46273450864e4ffee8a4b6b354e58514e5764398a0682bf5b16e28","user":{"id":"2dda0439-5180-45aa-917f-e632e45a8e41","email":"test@example.com","username":"johndoe","name":"John Doe","phoneNumber":"0987654321","profilePic":null,"bio":null,"private":false,"verified":false,"role":0,"followersCount":0,"followingCount":0,"postCount":0}}"
16:19:21.089 [pool-2-thread-93] DEBUG org.apache.http.headers -- http-outgoing-44 << HTTP/1.1 200 OK
16:19:21.089 [pool-2-thread-93] DEBUG org.apache.http.headers -- http-outgoing-44 << X-Powered-By: Express
16:19:21.089 [pool-2-thread-93] DEBUG org.apache.http.headers -- http-outgoing-44 << Access-Control-Allow-Origin: *
16:19:21.089 [pool-2-thread-93] DEBUG org.apache.http.headers -- http-outgoing-44 << Content-Type: application/json; charset=utf-8
16:19:21.089 [pool-2-thread-93] DEBUG org.apache.http.headers -- http-outgoing-44 << Content-Length: 599
16:19:21.089 [pool-2-thread-93] DEBUG org.apache.http.headers -- http-outgoing-44 << ETag: W/"257-L+/8ku1fOQbXCmnyAkhS6qLr178"
16:19:21.089 [pool-2-thread-93] DEBUG org.apache.http.headers -- http-outgoing-44 << Date: Tue, 24 Jun 2025 09:19:21 GMT
16:19:21.089 [pool-2-thread-93] DEBUG org.apache.http.headers -- http-outgoing-44 << Connection: keep-alive
16:19:21.089 [pool-2-thread-93] DEBUG org.apache.http.headers -- http-outgoing-44 << Keep-Alive: timeout=5
16:19:21.089 [pool-2-thread-93] DEBUG org.apache.http.impl.execchain.MainClientExec -- Connection can be kept alive for 5000 MILLISECONDS
16:19:21.089 [pool-2-thread-93] DEBUG org.apache.http.impl.conn.PoolingHttpClientConnectionManager -- Connection [id: 77][route: {}->http://localhost:3000] can be kept alive for 5.0 seconds
16:19:21.089 [pool-2-thread-93] DEBUG org.apache.http.impl.conn.DefaultManagedHttpClientConnection -- http-outgoing-44: set socket timeout to 0
16:19:21.090 [pool-2-thread-93] DEBUG org.apache.http.impl.conn.PoolingHttpClientConnectionManager -- Connection released: [id: 77][route: {}->http://localhost:3000][total available: 1; route allocated: 1 of 5; total allocated: 1 of 10]
16:19:21.090 [pool-2-thread-93] DEBUG org.apache.http.impl.conn.PoolingHttpClientConnectionManager -- Connection manager is shutting down
16:19:21.090 [pool-2-thread-93] DEBUG org.apache.http.impl.conn.DefaultManagedHttpClientConnection -- http-outgoing-44: Close connection
16:19:21.090 [pool-2-thread-93] DEBUG org.apache.http.impl.conn.PoolingHttpClientConnectionManager -- Connection manager shut down
16:19:21.090 [pool-2-thread-93] DEBUG com.intuit.karate -- response time in milliseconds: 1280
1 < 200
1 < X-Powered-By: Express
1 < Access-Control-Allow-Origin: *
1 < Content-Type: application/json; charset=utf-8
1 < Content-Length: 599
1 < ETag: W/"257-L+/8ku1fOQbXCmnyAkhS6qLr178"
1 < Date: Tue, 24 Jun 2025 09:19:21 GMT
1 < Connection: keep-alive
1 < Keep-Alive: timeout=5
{"access_token":"eyJhbGciOiJIUzI1NiIsInR5cCI6IkpXVCJ9.eyJzdWIiOiIyZGRhMDQzOS01MTgwLTQ1YWEtOTE3Zi1lNjMyZTQ1YThlNDEiLCJ1c2VybmFtZSI6ImpvaG5kb2UiLCJyb2xlIjowLCJpYXQiOjE3NTA3NTY3NjAsImV4cCI6MTc1MDc2MDM2MH0.uQZrMn_hLdHvIouioGQwd0ao_RWgXNnkzTZHzTRp04w","refresh_token":"57ca6cdeff46273450864e4ffee8a4b6b354e58514e5764398a0682bf5b16e28","user":{"id":"2dda0439-5180-45aa-917f-e632e45a8e41","email":"test@example.com","username":"johndoe","name":"John Doe","phoneNumber":"0987654321","profilePic":null,"bio":null,"private":false,"verified":false,"role":0,"followersCount":0,"followingCount":0,"postCount":0}}

16:19:21.094 [pool-2-thread-32] INFO com.intuit.karate -- [print] Concurrent call completed, status: 200 
16:19:21.095 [pool-2-thread-9] INFO com.intuit.karate -- [print] Concurrent call completed, status: 200 
16:19:21.095 [pool-2-thread-50] INFO com.intuit.karate -- [print] Concurrent call completed, status: 200 
16:19:21.099 [pool-2-thread-93] INFO com.intuit.karate -- [print] Concurrent call completed, status: 200 
16:19:21.957 [pool-2-thread-49] DEBUG org.apache.http.wire -- http-outgoing-55 << "HTTP/1.1 200 OK[\r][\n]"
16:19:21.957 [pool-2-thread-49] DEBUG org.apache.http.wire -- http-outgoing-55 << "X-Powered-By: Express[\r][\n]"
16:19:21.957 [pool-2-thread-49] DEBUG org.apache.http.wire -- http-outgoing-55 << "Access-Control-Allow-Origin: *[\r][\n]"
16:19:21.957 [pool-2-thread-49] DEBUG org.apache.http.wire -- http-outgoing-55 << "Content-Type: application/json; charset=utf-8[\r][\n]"
16:19:21.957 [pool-2-thread-49] DEBUG org.apache.http.wire -- http-outgoing-55 << "Content-Length: 604[\r][\n]"
16:19:21.957 [pool-2-thread-49] DEBUG org.apache.http.wire -- http-outgoing-55 << "ETag: W/"25c-g7Bg1AzlkcooVhlQiAD3YOXIf0I"[\r][\n]"
16:19:21.957 [pool-2-thread-49] DEBUG org.apache.http.wire -- http-outgoing-55 << "Date: Tue, 24 Jun 2025 09:19:21 GMT[\r][\n]"
16:19:21.957 [pool-2-thread-49] DEBUG org.apache.http.wire -- http-outgoing-55 << "Connection: keep-alive[\r][\n]"
16:19:21.957 [pool-2-thread-49] DEBUG org.apache.http.wire -- http-outgoing-55 << "Keep-Alive: timeout=5[\r][\n]"
16:19:21.957 [pool-2-thread-49] DEBUG org.apache.http.wire -- http-outgoing-55 << "[\r][\n]"
16:19:21.957 [pool-2-thread-49] DEBUG org.apache.http.wire -- http-outgoing-55 << "{"access_token":"eyJhbGciOiJIUzI1NiIsInR5cCI6IkpXVCJ9.eyJzdWIiOiJkZjZmMDkxOS1hMjNkLTQ0YzktYTkyNS00ZWE4YmU1MjVkMTAiLCJ1c2VybmFtZSI6ImpvaG5kb2UyMyIsInJvbGUiOjAsImlhdCI6MTc1MDc1Njc2MCwiZXhwIjoxNzUwNzYwMzYwfQ.h-Q8SBoUGsj7QK0Tp-lB1um2AGWHkuSztjP3q6o2JX0","refresh_token":"f6a00c3b14339fb1e280da1fd9aa5895568633cdd01e84c1118f9906f0ae2d36","user":{"id":"df6f0919-a23d-44c9-a925-4ea8be525d10","email":"testit@gmail.com","username":"johndoe23","name":"John Doe","phoneNumber":"0123456788","profilePic":null,"bio":null,"private":false,"verified":false,"role":0,"followersCount":0,"followingCount":0,"postCount":0}}"
16:19:21.958 [pool-2-thread-49] DEBUG org.apache.http.headers -- http-outgoing-55 << HTTP/1.1 200 OK
16:19:21.958 [pool-2-thread-49] DEBUG org.apache.http.headers -- http-outgoing-55 << X-Powered-By: Express
16:19:21.958 [pool-2-thread-49] DEBUG org.apache.http.headers -- http-outgoing-55 << Access-Control-Allow-Origin: *
16:19:21.958 [pool-2-thread-49] DEBUG org.apache.http.headers -- http-outgoing-55 << Content-Type: application/json; charset=utf-8
16:19:21.958 [pool-2-thread-49] DEBUG org.apache.http.headers -- http-outgoing-55 << Content-Length: 604
16:19:21.958 [pool-2-thread-49] DEBUG org.apache.http.headers -- http-outgoing-55 << ETag: W/"25c-g7Bg1AzlkcooVhlQiAD3YOXIf0I"
16:19:21.958 [pool-2-thread-49] DEBUG org.apache.http.headers -- http-outgoing-55 << Date: Tue, 24 Jun 2025 09:19:21 GMT
16:19:21.958 [pool-2-thread-49] DEBUG org.apache.http.headers -- http-outgoing-55 << Connection: keep-alive
16:19:21.958 [pool-2-thread-49] DEBUG org.apache.http.headers -- http-outgoing-55 << Keep-Alive: timeout=5
16:19:21.958 [pool-2-thread-88] DEBUG org.apache.http.wire -- http-outgoing-52 << "HTTP/1.1 200 OK[\r][\n]"
16:19:21.958 [pool-2-thread-88] DEBUG org.apache.http.wire -- http-outgoing-52 << "X-Powered-By: Express[\r][\n]"
16:19:21.958 [pool-2-thread-88] DEBUG org.apache.http.wire -- http-outgoing-52 << "Access-Control-Allow-Origin: *[\r][\n]"
16:19:21.958 [pool-2-thread-88] DEBUG org.apache.http.wire -- http-outgoing-52 << "Content-Type: application/json; charset=utf-8[\r][\n]"
16:19:21.958 [pool-2-thread-88] DEBUG org.apache.http.wire -- http-outgoing-52 << "Content-Length: 609[\r][\n]"
16:19:21.958 [pool-2-thread-88] DEBUG org.apache.http.wire -- http-outgoing-52 << "ETag: W/"261-bNk/iMc3nIB+cfKorpMG0uY7zxg"[\r][\n]"
16:19:21.958 [pool-2-thread-88] DEBUG org.apache.http.wire -- http-outgoing-52 << "Date: Tue, 24 Jun 2025 09:19:21 GMT[\r][\n]"
16:19:21.958 [pool-2-thread-88] DEBUG org.apache.http.wire -- http-outgoing-52 << "Connection: keep-alive[\r][\n]"
16:19:21.958 [pool-2-thread-88] DEBUG org.apache.http.wire -- http-outgoing-52 << "Keep-Alive: timeout=5[\r][\n]"
16:19:21.958 [pool-2-thread-88] DEBUG org.apache.http.wire -- http-outgoing-52 << "[\r][\n]"
16:19:21.958 [pool-2-thread-88] DEBUG org.apache.http.wire -- http-outgoing-52 << "{"access_token":"eyJhbGciOiJIUzI1NiIsInR5cCI6IkpXVCJ9.eyJzdWIiOiIyNzJmNmI1NS01MTc5LTRhZTMtODU2My1iNGVjMTBmNzY3MTUiLCJ1c2VybmFtZSI6ImpvaG5kb2UyZDVkIiwicm9sZSI6MCwiaWF0IjoxNzUwNzU2NzYwLCJleHAiOjE3NTA3NjAzNjB9.8zOJOvb578EHGevmGx5s2VezoNskgUHOUmsMweQtgiY","refresh_token":"ec258737f4772fe43e5b03d189e6368ad0b779181277a5eebb1072bb11862a43","user":{"id":"272f6b55-5179-4ae3-8563-b4ec10f76715","email":"testit5@gmail.com","username":"johndoe2d5d","name":"John Doe","phoneNumber":"0123456132","profilePic":null,"bio":null,"private":false,"verified":false,"role":0,"followersCount":0,"followingCount":0,"postCount":0}}"
16:19:21.958 [pool-2-thread-49] DEBUG org.apache.http.impl.execchain.MainClientExec -- Connection can be kept alive for 5000 MILLISECONDS
16:19:21.958 [pool-2-thread-88] DEBUG org.apache.http.headers -- http-outgoing-52 << HTTP/1.1 200 OK
16:19:21.958 [pool-2-thread-88] DEBUG org.apache.http.headers -- http-outgoing-52 << X-Powered-By: Express
16:19:21.958 [pool-2-thread-88] DEBUG org.apache.http.headers -- http-outgoing-52 << Access-Control-Allow-Origin: *
16:19:21.958 [pool-2-thread-88] DEBUG org.apache.http.headers -- http-outgoing-52 << Content-Type: application/json; charset=utf-8
16:19:21.958 [pool-2-thread-88] DEBUG org.apache.http.headers -- http-outgoing-52 << Content-Length: 609
16:19:21.958 [pool-2-thread-88] DEBUG org.apache.http.headers -- http-outgoing-52 << ETag: W/"261-bNk/iMc3nIB+cfKorpMG0uY7zxg"
16:19:21.958 [pool-2-thread-88] DEBUG org.apache.http.headers -- http-outgoing-52 << Date: Tue, 24 Jun 2025 09:19:21 GMT
16:19:21.958 [pool-2-thread-88] DEBUG org.apache.http.headers -- http-outgoing-52 << Connection: keep-alive
16:19:21.958 [pool-2-thread-88] DEBUG org.apache.http.headers -- http-outgoing-52 << Keep-Alive: timeout=5
16:19:21.958 [pool-2-thread-49] DEBUG org.apache.http.impl.conn.PoolingHttpClientConnectionManager -- Connection [id: 27][route: {}->http://localhost:3000] can be kept alive for 5.0 seconds
16:19:21.958 [pool-2-thread-49] DEBUG org.apache.http.impl.conn.DefaultManagedHttpClientConnection -- http-outgoing-55: set socket timeout to 0
16:19:21.958 [pool-2-thread-88] DEBUG org.apache.http.impl.execchain.MainClientExec -- Connection can be kept alive for 5000 MILLISECONDS
16:19:21.958 [pool-2-thread-49] DEBUG org.apache.http.impl.conn.PoolingHttpClientConnectionManager -- Connection released: [id: 27][route: {}->http://localhost:3000][total available: 1; route allocated: 1 of 5; total allocated: 1 of 10]
16:19:21.958 [pool-2-thread-49] DEBUG org.apache.http.impl.conn.PoolingHttpClientConnectionManager -- Connection manager is shutting down
16:19:21.958 [pool-2-thread-49] DEBUG org.apache.http.impl.conn.DefaultManagedHttpClientConnection -- http-outgoing-55: Close connection
16:19:21.958 [pool-2-thread-88] DEBUG org.apache.http.impl.conn.PoolingHttpClientConnectionManager -- Connection [id: 28][route: {}->http://localhost:3000] can be kept alive for 5.0 seconds
16:19:21.958 [pool-2-thread-88] DEBUG org.apache.http.impl.conn.DefaultManagedHttpClientConnection -- http-outgoing-52: set socket timeout to 0
16:19:21.958 [pool-2-thread-88] DEBUG org.apache.http.impl.conn.PoolingHttpClientConnectionManager -- Connection released: [id: 28][route: {}->http://localhost:3000][total available: 1; route allocated: 1 of 5; total allocated: 1 of 10]
16:19:21.958 [pool-2-thread-88] DEBUG org.apache.http.impl.conn.PoolingHttpClientConnectionManager -- Connection manager is shutting down
16:19:21.959 [pool-2-thread-88] DEBUG org.apache.http.impl.conn.DefaultManagedHttpClientConnection -- http-outgoing-52: Close connection
16:19:21.959 [pool-2-thread-49] DEBUG org.apache.http.impl.conn.PoolingHttpClientConnectionManager -- Connection manager shut down
16:19:21.959 [pool-2-thread-88] DEBUG org.apache.http.impl.conn.PoolingHttpClientConnectionManager -- Connection manager shut down
16:19:21.959 [pool-2-thread-88] DEBUG com.intuit.karate -- response time in milliseconds: 2136
1 < 200
1 < X-Powered-By: Express
1 < Access-Control-Allow-Origin: *
1 < Content-Type: application/json; charset=utf-8
1 < Content-Length: 609
1 < ETag: W/"261-bNk/iMc3nIB+cfKorpMG0uY7zxg"
1 < Date: Tue, 24 Jun 2025 09:19:21 GMT
1 < Connection: keep-alive
1 < Keep-Alive: timeout=5
{"access_token":"eyJhbGciOiJIUzI1NiIsInR5cCI6IkpXVCJ9.eyJzdWIiOiIyNzJmNmI1NS01MTc5LTRhZTMtODU2My1iNGVjMTBmNzY3MTUiLCJ1c2VybmFtZSI6ImpvaG5kb2UyZDVkIiwicm9sZSI6MCwiaWF0IjoxNzUwNzU2NzYwLCJleHAiOjE3NTA3NjAzNjB9.8zOJOvb578EHGevmGx5s2VezoNskgUHOUmsMweQtgiY","refresh_token":"ec258737f4772fe43e5b03d189e6368ad0b779181277a5eebb1072bb11862a43","user":{"id":"272f6b55-5179-4ae3-8563-b4ec10f76715","email":"testit5@gmail.com","username":"johndoe2d5d","name":"John Doe","phoneNumber":"0123456132","profilePic":null,"bio":null,"private":false,"verified":false,"role":0,"followersCount":0,"followingCount":0,"postCount":0}}

16:19:21.959 [pool-2-thread-49] DEBUG com.intuit.karate -- response time in milliseconds: 2149
1 < 200
1 < X-Powered-By: Express
1 < Access-Control-Allow-Origin: *
1 < Content-Type: application/json; charset=utf-8
1 < Content-Length: 604
1 < ETag: W/"25c-g7Bg1AzlkcooVhlQiAD3YOXIf0I"
1 < Date: Tue, 24 Jun 2025 09:19:21 GMT
1 < Connection: keep-alive
1 < Keep-Alive: timeout=5
{"access_token":"eyJhbGciOiJIUzI1NiIsInR5cCI6IkpXVCJ9.eyJzdWIiOiJkZjZmMDkxOS1hMjNkLTQ0YzktYTkyNS00ZWE4YmU1MjVkMTAiLCJ1c2VybmFtZSI6ImpvaG5kb2UyMyIsInJvbGUiOjAsImlhdCI6MTc1MDc1Njc2MCwiZXhwIjoxNzUwNzYwMzYwfQ.h-Q8SBoUGsj7QK0Tp-lB1um2AGWHkuSztjP3q6o2JX0","refresh_token":"f6a00c3b14339fb1e280da1fd9aa5895568633cdd01e84c1118f9906f0ae2d36","user":{"id":"df6f0919-a23d-44c9-a925-4ea8be525d10","email":"testit@gmail.com","username":"johndoe23","name":"John Doe","phoneNumber":"0123456788","profilePic":null,"bio":null,"private":false,"verified":false,"role":0,"followersCount":0,"followingCount":0,"postCount":0}}

16:19:21.963 [pool-2-thread-49] INFO com.intuit.karate -- [print] Concurrent call completed, status: 200 
16:19:21.965 [pool-2-thread-88] INFO com.intuit.karate -- [print] Concurrent call completed, status: 200 
16:19:22.250 [pool-2-thread-63] DEBUG org.apache.http.wire -- http-outgoing-37 << "HTTP/1.1 200 OK[\r][\n]"
16:19:22.250 [pool-2-thread-63] DEBUG org.apache.http.wire -- http-outgoing-37 << "X-Powered-By: Express[\r][\n]"
16:19:22.250 [pool-2-thread-63] DEBUG org.apache.http.wire -- http-outgoing-37 << "Access-Control-Allow-Origin: *[\r][\n]"
16:19:22.250 [pool-2-thread-63] DEBUG org.apache.http.wire -- http-outgoing-37 << "Content-Type: application/json; charset=utf-8[\r][\n]"
16:19:22.250 [pool-2-thread-63] DEBUG org.apache.http.wire -- http-outgoing-37 << "Content-Length: 599[\r][\n]"
16:19:22.250 [pool-2-thread-63] DEBUG org.apache.http.wire -- http-outgoing-37 << "ETag: W/"257-TUgPcboIMmI4PDIAFpeXctHqCIo"[\r][\n]"
16:19:22.250 [pool-2-thread-63] DEBUG org.apache.http.wire -- http-outgoing-37 << "Date: Tue, 24 Jun 2025 09:19:22 GMT[\r][\n]"
16:19:22.250 [pool-2-thread-63] DEBUG org.apache.http.wire -- http-outgoing-37 << "Connection: keep-alive[\r][\n]"
16:19:22.250 [pool-2-thread-63] DEBUG org.apache.http.wire -- http-outgoing-37 << "Keep-Alive: timeout=5[\r][\n]"
16:19:22.250 [pool-2-thread-63] DEBUG org.apache.http.wire -- http-outgoing-37 << "[\r][\n]"
16:19:22.250 [pool-2-thread-63] DEBUG org.apache.http.wire -- http-outgoing-37 << "{"access_token":"eyJhbGciOiJIUzI1NiIsInR5cCI6IkpXVCJ9.eyJzdWIiOiIyZGRhMDQzOS01MTgwLTQ1YWEtOTE3Zi1lNjMyZTQ1YThlNDEiLCJ1c2VybmFtZSI6ImpvaG5kb2UiLCJyb2xlIjowLCJpYXQiOjE3NTA3NTY3NjEsImV4cCI6MTc1MDc2MDM2MX0.snJ4KMCAlEysbJ88Wnwiet1qJdWUR07HDB8i1Se4K5Q","refresh_token":"9f4d5603a3ee70c08cab81f08c5d534f1bb8f03d9098820ac2c614fe64426c07","user":{"id":"2dda0439-5180-45aa-917f-e632e45a8e41","email":"test@example.com","username":"johndoe","name":"John Doe","phoneNumber":"0987654321","profilePic":null,"bio":null,"private":false,"verified":false,"role":0,"followersCount":0,"followingCount":0,"postCount":0}}"
16:19:22.250 [pool-2-thread-63] DEBUG org.apache.http.headers -- http-outgoing-37 << HTTP/1.1 200 OK
16:19:22.250 [pool-2-thread-63] DEBUG org.apache.http.headers -- http-outgoing-37 << X-Powered-By: Express
16:19:22.250 [pool-2-thread-63] DEBUG org.apache.http.headers -- http-outgoing-37 << Access-Control-Allow-Origin: *
16:19:22.250 [pool-2-thread-63] DEBUG org.apache.http.headers -- http-outgoing-37 << Content-Type: application/json; charset=utf-8
16:19:22.250 [pool-2-thread-63] DEBUG org.apache.http.headers -- http-outgoing-37 << Content-Length: 599
16:19:22.250 [pool-2-thread-63] DEBUG org.apache.http.headers -- http-outgoing-37 << ETag: W/"257-TUgPcboIMmI4PDIAFpeXctHqCIo"
16:19:22.251 [pool-2-thread-63] DEBUG org.apache.http.headers -- http-outgoing-37 << Date: Tue, 24 Jun 2025 09:19:22 GMT
16:19:22.251 [pool-2-thread-63] DEBUG org.apache.http.headers -- http-outgoing-37 << Connection: keep-alive
16:19:22.251 [pool-2-thread-63] DEBUG org.apache.http.headers -- http-outgoing-37 << Keep-Alive: timeout=5
16:19:22.251 [pool-2-thread-63] DEBUG org.apache.http.impl.execchain.MainClientExec -- Connection can be kept alive for 5000 MILLISECONDS
16:19:22.251 [pool-2-thread-63] DEBUG org.apache.http.impl.conn.PoolingHttpClientConnectionManager -- Connection [id: 35][route: {}->http://localhost:3000] can be kept alive for 5.0 seconds
16:19:22.251 [pool-2-thread-63] DEBUG org.apache.http.impl.conn.DefaultManagedHttpClientConnection -- http-outgoing-37: set socket timeout to 0
16:19:22.251 [pool-2-thread-63] DEBUG org.apache.http.impl.conn.PoolingHttpClientConnectionManager -- Connection released: [id: 35][route: {}->http://localhost:3000][total available: 1; route allocated: 1 of 5; total allocated: 1 of 10]
16:19:22.251 [pool-2-thread-63] DEBUG org.apache.http.impl.conn.PoolingHttpClientConnectionManager -- Connection manager is shutting down
16:19:22.251 [pool-2-thread-63] DEBUG org.apache.http.impl.conn.DefaultManagedHttpClientConnection -- http-outgoing-37: Close connection
16:19:22.251 [pool-2-thread-63] DEBUG org.apache.http.impl.conn.PoolingHttpClientConnectionManager -- Connection manager shut down
16:19:22.251 [pool-2-thread-63] DEBUG com.intuit.karate -- response time in milliseconds: 2442
1 < 200
1 < X-Powered-By: Express
1 < Access-Control-Allow-Origin: *
1 < Content-Type: application/json; charset=utf-8
1 < Content-Length: 599
1 < ETag: W/"257-TUgPcboIMmI4PDIAFpeXctHqCIo"
1 < Date: Tue, 24 Jun 2025 09:19:22 GMT
1 < Connection: keep-alive
1 < Keep-Alive: timeout=5
{"access_token":"eyJhbGciOiJIUzI1NiIsInR5cCI6IkpXVCJ9.eyJzdWIiOiIyZGRhMDQzOS01MTgwLTQ1YWEtOTE3Zi1lNjMyZTQ1YThlNDEiLCJ1c2VybmFtZSI6ImpvaG5kb2UiLCJyb2xlIjowLCJpYXQiOjE3NTA3NTY3NjEsImV4cCI6MTc1MDc2MDM2MX0.snJ4KMCAlEysbJ88Wnwiet1qJdWUR07HDB8i1Se4K5Q","refresh_token":"9f4d5603a3ee70c08cab81f08c5d534f1bb8f03d9098820ac2c614fe64426c07","user":{"id":"2dda0439-5180-45aa-917f-e632e45a8e41","email":"test@example.com","username":"johndoe","name":"John Doe","phoneNumber":"0987654321","profilePic":null,"bio":null,"private":false,"verified":false,"role":0,"followersCount":0,"followingCount":0,"postCount":0}}

16:19:22.258 [pool-2-thread-63] INFO com.intuit.karate -- [print] Concurrent call completed, status: 200 
16:19:22.275 [pool-2-thread-100] DEBUG org.apache.http.wire -- http-outgoing-25 << "HTTP/1.1 200 OK[\r][\n]"
16:19:22.277 [pool-2-thread-100] DEBUG org.apache.http.wire -- http-outgoing-25 << "X-Powered-By: Express[\r][\n]"
16:19:22.277 [pool-2-thread-100] DEBUG org.apache.http.wire -- http-outgoing-25 << "Access-Control-Allow-Origin: *[\r][\n]"
16:19:22.277 [pool-2-thread-100] DEBUG org.apache.http.wire -- http-outgoing-25 << "Content-Type: application/json; charset=utf-8[\r][\n]"
16:19:22.277 [pool-2-thread-100] DEBUG org.apache.http.wire -- http-outgoing-25 << "Content-Length: 605[\r][\n]"
16:19:22.277 [pool-2-thread-100] DEBUG org.apache.http.wire -- http-outgoing-25 << "ETag: W/"25d-EQ6VMFvXPxbOwxS5IAd6KGTGy88"[\r][\n]"
16:19:22.277 [pool-2-thread-100] DEBUG org.apache.http.wire -- http-outgoing-25 << "Date: Tue, 24 Jun 2025 09:19:22 GMT[\r][\n]"
16:19:22.277 [pool-2-thread-100] DEBUG org.apache.http.wire -- http-outgoing-25 << "Connection: keep-alive[\r][\n]"
16:19:22.277 [pool-2-thread-100] DEBUG org.apache.http.wire -- http-outgoing-25 << "Keep-Alive: timeout=5[\r][\n]"
16:19:22.277 [pool-2-thread-100] DEBUG org.apache.http.wire -- http-outgoing-25 << "[\r][\n]"
16:19:22.277 [pool-2-thread-100] DEBUG org.apache.http.wire -- http-outgoing-25 << "{"access_token":"eyJhbGciOiJIUzI1NiIsInR5cCI6IkpXVCJ9.eyJzdWIiOiIwYTM3ZWY0My1mZWU4LTQxZDMtYTY4Ni04YWIwODY5NDg2OTUiLCJ1c2VybmFtZSI6ImpvaG5kb2UyMSIsInJvbGUiOjAsImlhdCI6MTc1MDc1Njc2MSwiZXhwIjoxNzUwNzYwMzYxfQ.VoCdpnvFD9cdorJQqMcUfNob3Ya67VBRDUDW7SIXlhA","refresh_token":"31e5346f6a95216bb51208d1c5241133da30163d8fadec43aa335b3cdad224f6","user":{"id":"0a37ef43-fee8-41d3-a686-8ab086948695","email":"testit2@gmail.com","username":"johndoe21","name":"John Doe","phoneNumber":"0123456712","profilePic":null,"bio":null,"private":false,"verified":false,"role":0,"followersCount":0,"followingCount":0,"postCount":0}}"
16:19:22.277 [pool-2-thread-100] DEBUG org.apache.http.headers -- http-outgoing-25 << HTTP/1.1 200 OK
16:19:22.277 [pool-2-thread-100] DEBUG org.apache.http.headers -- http-outgoing-25 << X-Powered-By: Express
16:19:22.277 [pool-2-thread-100] DEBUG org.apache.http.headers -- http-outgoing-25 << Access-Control-Allow-Origin: *
16:19:22.277 [pool-2-thread-100] DEBUG org.apache.http.headers -- http-outgoing-25 << Content-Type: application/json; charset=utf-8
16:19:22.277 [pool-2-thread-100] DEBUG org.apache.http.headers -- http-outgoing-25 << Content-Length: 605
16:19:22.277 [pool-2-thread-100] DEBUG org.apache.http.headers -- http-outgoing-25 << ETag: W/"25d-EQ6VMFvXPxbOwxS5IAd6KGTGy88"
16:19:22.277 [pool-2-thread-100] DEBUG org.apache.http.headers -- http-outgoing-25 << Date: Tue, 24 Jun 2025 09:19:22 GMT
16:19:22.277 [pool-2-thread-100] DEBUG org.apache.http.headers -- http-outgoing-25 << Connection: keep-alive
16:19:22.277 [pool-2-thread-100] DEBUG org.apache.http.headers -- http-outgoing-25 << Keep-Alive: timeout=5
16:19:22.277 [pool-2-thread-100] DEBUG org.apache.http.impl.execchain.MainClientExec -- Connection can be kept alive for 5000 MILLISECONDS
16:19:22.277 [pool-2-thread-100] DEBUG org.apache.http.impl.conn.PoolingHttpClientConnectionManager -- Connection [id: 24][route: {}->http://localhost:3000] can be kept alive for 5.0 seconds
16:19:22.277 [pool-2-thread-100] DEBUG org.apache.http.impl.conn.DefaultManagedHttpClientConnection -- http-outgoing-25: set socket timeout to 0
16:19:22.277 [pool-2-thread-100] DEBUG org.apache.http.impl.conn.PoolingHttpClientConnectionManager -- Connection released: [id: 24][route: {}->http://localhost:3000][total available: 1; route allocated: 1 of 5; total allocated: 1 of 10]
16:19:22.277 [pool-2-thread-100] DEBUG org.apache.http.impl.conn.PoolingHttpClientConnectionManager -- Connection manager is shutting down
16:19:22.277 [pool-2-thread-100] DEBUG org.apache.http.impl.conn.DefaultManagedHttpClientConnection -- http-outgoing-25: Close connection
16:19:22.278 [pool-2-thread-100] DEBUG org.apache.http.impl.conn.PoolingHttpClientConnectionManager -- Connection manager shut down
16:19:22.278 [pool-2-thread-100] DEBUG com.intuit.karate -- response time in milliseconds: 2460
1 < 200
1 < X-Powered-By: Express
1 < Access-Control-Allow-Origin: *
1 < Content-Type: application/json; charset=utf-8
1 < Content-Length: 605
1 < ETag: W/"25d-EQ6VMFvXPxbOwxS5IAd6KGTGy88"
1 < Date: Tue, 24 Jun 2025 09:19:22 GMT
1 < Connection: keep-alive
1 < Keep-Alive: timeout=5
{"access_token":"eyJhbGciOiJIUzI1NiIsInR5cCI6IkpXVCJ9.eyJzdWIiOiIwYTM3ZWY0My1mZWU4LTQxZDMtYTY4Ni04YWIwODY5NDg2OTUiLCJ1c2VybmFtZSI6ImpvaG5kb2UyMSIsInJvbGUiOjAsImlhdCI6MTc1MDc1Njc2MSwiZXhwIjoxNzUwNzYwMzYxfQ.VoCdpnvFD9cdorJQqMcUfNob3Ya67VBRDUDW7SIXlhA","refresh_token":"31e5346f6a95216bb51208d1c5241133da30163d8fadec43aa335b3cdad224f6","user":{"id":"0a37ef43-fee8-41d3-a686-8ab086948695","email":"testit2@gmail.com","username":"johndoe21","name":"John Doe","phoneNumber":"0123456712","profilePic":null,"bio":null,"private":false,"verified":false,"role":0,"followersCount":0,"followingCount":0,"postCount":0}}

16:19:22.281 [pool-2-thread-100] INFO com.intuit.karate -- [print] Concurrent call completed, status: 200 
16:19:23.145 [pool-2-thread-92] DEBUG org.apache.http.wire -- http-outgoing-80 << "HTTP/1.1 200 OK[\r][\n]"
16:19:23.145 [pool-2-thread-92] DEBUG org.apache.http.wire -- http-outgoing-80 << "X-Powered-By: Express[\r][\n]"
16:19:23.145 [pool-2-thread-92] DEBUG org.apache.http.wire -- http-outgoing-80 << "Access-Control-Allow-Origin: *[\r][\n]"
16:19:23.145 [pool-2-thread-92] DEBUG org.apache.http.wire -- http-outgoing-80 << "Content-Type: application/json; charset=utf-8[\r][\n]"
16:19:23.145 [pool-2-thread-92] DEBUG org.apache.http.wire -- http-outgoing-80 << "Content-Length: 715[\r][\n]"
16:19:23.145 [pool-2-thread-92] DEBUG org.apache.http.wire -- http-outgoing-80 << "ETag: W/"2cb-2ll+8xcNuTZ1EA1MnoHvvG62/NE"[\r][\n]"
16:19:23.145 [pool-2-thread-92] DEBUG org.apache.http.wire -- http-outgoing-80 << "Date: Tue, 24 Jun 2025 09:19:23 GMT[\r][\n]"
16:19:23.145 [pool-2-thread-92] DEBUG org.apache.http.wire -- http-outgoing-80 << "Connection: keep-alive[\r][\n]"
16:19:23.145 [pool-2-thread-92] DEBUG org.apache.http.wire -- http-outgoing-80 << "Keep-Alive: timeout=5[\r][\n]"
16:19:23.145 [pool-2-thread-92] DEBUG org.apache.http.wire -- http-outgoing-80 << "[\r][\n]"
16:19:23.145 [pool-2-thread-92] DEBUG org.apache.http.wire -- http-outgoing-80 << "{"access_token":"eyJhbGciOiJIUzI1NiIsInR5cCI6IkpXVCJ9.eyJzdWIiOiIyYjg0YWEyNC02NjhhLTQwZTItYWYxYy1hZDRmYzRmYTVhNmYiLCJ1c2VybmFtZSI6InF1YW5nMSIsInJvbGUiOjAsImlhdCI6MTc1MDc1Njc2MSwiZXhwIjoxNzUwNzYwMzYxfQ.GJ1OA_zk_o5H6nZ0hZT2cvdrrdYVN04qqZF0ZRnUEIU","refresh_token":"cd1acc2b2b4c65131b47021dfd57928b7e44060145460ea6d8107d338787bb95","user":{"id":"2b84aa24-668a-40e2-af1c-ad4fc4fa5a6f","email":"quang1@gmail.com","username":"quang1","name":"quang1","phoneNumber":"09874563210","profilePic":"https://res.cloudinary.com/dizcvrefo/image/upload/v1749027586/nestjs_uploads/xehairydt9rzlbmbmv4c.jpg","bio":"Thang Nam Lao Vua Thoi","private":false,"verified":false,"role":0,"followersCount":2,"followingCount":3,"postCount":2}}"
16:19:23.145 [pool-2-thread-92] DEBUG org.apache.http.headers -- http-outgoing-80 << HTTP/1.1 200 OK
16:19:23.145 [pool-2-thread-92] DEBUG org.apache.http.headers -- http-outgoing-80 << X-Powered-By: Express
16:19:23.145 [pool-2-thread-92] DEBUG org.apache.http.headers -- http-outgoing-80 << Access-Control-Allow-Origin: *
16:19:23.145 [pool-2-thread-92] DEBUG org.apache.http.headers -- http-outgoing-80 << Content-Type: application/json; charset=utf-8
16:19:23.145 [pool-2-thread-92] DEBUG org.apache.http.headers -- http-outgoing-80 << Content-Length: 715
16:19:23.145 [pool-2-thread-92] DEBUG org.apache.http.headers -- http-outgoing-80 << ETag: W/"2cb-2ll+8xcNuTZ1EA1MnoHvvG62/NE"
16:19:23.145 [pool-2-thread-92] DEBUG org.apache.http.headers -- http-outgoing-80 << Date: Tue, 24 Jun 2025 09:19:23 GMT
16:19:23.145 [pool-2-thread-92] DEBUG org.apache.http.headers -- http-outgoing-80 << Connection: keep-alive
16:19:23.145 [pool-2-thread-92] DEBUG org.apache.http.headers -- http-outgoing-80 << Keep-Alive: timeout=5
16:19:23.146 [pool-2-thread-92] DEBUG org.apache.http.impl.execchain.MainClientExec -- Connection can be kept alive for 5000 MILLISECONDS
16:19:23.146 [pool-2-thread-92] DEBUG org.apache.http.impl.conn.PoolingHttpClientConnectionManager -- Connection [id: 53][route: {}->http://localhost:3000] can be kept alive for 5.0 seconds
16:19:23.146 [pool-2-thread-92] DEBUG org.apache.http.impl.conn.DefaultManagedHttpClientConnection -- http-outgoing-80: set socket timeout to 0
16:19:23.146 [pool-2-thread-92] DEBUG org.apache.http.impl.conn.PoolingHttpClientConnectionManager -- Connection released: [id: 53][route: {}->http://localhost:3000][total available: 1; route allocated: 1 of 5; total allocated: 1 of 10]
16:19:23.146 [pool-2-thread-92] DEBUG org.apache.http.impl.conn.PoolingHttpClientConnectionManager -- Connection manager is shutting down
16:19:23.146 [pool-2-thread-92] DEBUG org.apache.http.impl.conn.DefaultManagedHttpClientConnection -- http-outgoing-80: Close connection
16:19:23.146 [pool-2-thread-92] DEBUG org.apache.http.impl.conn.PoolingHttpClientConnectionManager -- Connection manager shut down
16:19:23.146 [pool-2-thread-92] DEBUG com.intuit.karate -- response time in milliseconds: 3334
1 < 200
1 < X-Powered-By: Express
1 < Access-Control-Allow-Origin: *
1 < Content-Type: application/json; charset=utf-8
1 < Content-Length: 715
1 < ETag: W/"2cb-2ll+8xcNuTZ1EA1MnoHvvG62/NE"
1 < Date: Tue, 24 Jun 2025 09:19:23 GMT
1 < Connection: keep-alive
1 < Keep-Alive: timeout=5
{"access_token":"eyJhbGciOiJIUzI1NiIsInR5cCI6IkpXVCJ9.eyJzdWIiOiIyYjg0YWEyNC02NjhhLTQwZTItYWYxYy1hZDRmYzRmYTVhNmYiLCJ1c2VybmFtZSI6InF1YW5nMSIsInJvbGUiOjAsImlhdCI6MTc1MDc1Njc2MSwiZXhwIjoxNzUwNzYwMzYxfQ.GJ1OA_zk_o5H6nZ0hZT2cvdrrdYVN04qqZF0ZRnUEIU","refresh_token":"cd1acc2b2b4c65131b47021dfd57928b7e44060145460ea6d8107d338787bb95","user":{"id":"2b84aa24-668a-40e2-af1c-ad4fc4fa5a6f","email":"quang1@gmail.com","username":"quang1","name":"quang1","phoneNumber":"09874563210","profilePic":"https://res.cloudinary.com/dizcvrefo/image/upload/v1749027586/nestjs_uploads/xehairydt9rzlbmbmv4c.jpg","bio":"Thang Nam Lao Vua Thoi","private":false,"verified":false,"role":0,"followersCount":2,"followingCount":3,"postCount":2}}

16:19:23.149 [pool-2-thread-92] INFO com.intuit.karate -- [print] Concurrent call completed, status: 200 
16:19:23.189 [pool-2-thread-75] DEBUG org.apache.http.wire -- http-outgoing-54 << "HTTP/1.1 200 OK[\r][\n]"
16:19:23.189 [pool-2-thread-75] DEBUG org.apache.http.wire -- http-outgoing-54 << "X-Powered-By: Express[\r][\n]"
16:19:23.189 [pool-2-thread-75] DEBUG org.apache.http.wire -- http-outgoing-54 << "Access-Control-Allow-Origin: *[\r][\n]"
16:19:23.189 [pool-2-thread-75] DEBUG org.apache.http.wire -- http-outgoing-54 << "Content-Type: application/json; charset=utf-8[\r][\n]"
16:19:23.189 [pool-2-thread-75] DEBUG org.apache.http.wire -- http-outgoing-54 << "Content-Length: 607[\r][\n]"
16:19:23.189 [pool-2-thread-75] DEBUG org.apache.http.wire -- http-outgoing-54 << "ETag: W/"25f-OzLk9dIOXKFyg6LaayY4DNvy2cM"[\r][\n]"
16:19:23.189 [pool-2-thread-75] DEBUG org.apache.http.wire -- http-outgoing-54 << "Date: Tue, 24 Jun 2025 09:19:23 GMT[\r][\n]"
16:19:23.189 [pool-2-thread-75] DEBUG org.apache.http.wire -- http-outgoing-54 << "Connection: keep-alive[\r][\n]"
16:19:23.189 [pool-2-thread-75] DEBUG org.apache.http.wire -- http-outgoing-54 << "Keep-Alive: timeout=5[\r][\n]"
16:19:23.189 [pool-2-thread-75] DEBUG org.apache.http.wire -- http-outgoing-54 << "[\r][\n]"
16:19:23.189 [pool-2-thread-75] DEBUG org.apache.http.wire -- http-outgoing-54 << "{"access_token":"eyJhbGciOiJIUzI1NiIsInR5cCI6IkpXVCJ9.eyJzdWIiOiJjMjE0MjJkZi1jY2VjLTQ0MGUtOWE0Mi1jMWI4MmFiZjczM2QiLCJ1c2VybmFtZSI6ImpvaG5kb2UyOCIsInJvbGUiOjAsImlhdCI6MTc1MDc1Njc2MSwiZXhwIjoxNzUwNzYwMzYxfQ.ZQMeKtB--CKvnJTLg1TawFA2eWlp6Ip5D-1Ib3ZHB4M","refresh_token":"36796a056919799c9a44af3098622121d260fff7b72604eba1f811347aed2560","user":{"id":"c21422df-ccec-440e-9a42-c1b82abf733d","email":"test28@example.com","username":"johndoe28","name":"John Doe","phoneNumber":"84987654321","profilePic":null,"bio":null,"private":false,"verified":false,"role":0,"followersCount":0,"followingCount":0,"postCount":0}}"
16:19:23.189 [pool-2-thread-75] DEBUG org.apache.http.headers -- http-outgoing-54 << HTTP/1.1 200 OK
16:19:23.189 [pool-2-thread-75] DEBUG org.apache.http.headers -- http-outgoing-54 << X-Powered-By: Express
16:19:23.189 [pool-2-thread-75] DEBUG org.apache.http.headers -- http-outgoing-54 << Access-Control-Allow-Origin: *
16:19:23.189 [pool-2-thread-75] DEBUG org.apache.http.headers -- http-outgoing-54 << Content-Type: application/json; charset=utf-8
16:19:23.189 [pool-2-thread-75] DEBUG org.apache.http.headers -- http-outgoing-54 << Content-Length: 607
16:19:23.189 [pool-2-thread-75] DEBUG org.apache.http.headers -- http-outgoing-54 << ETag: W/"25f-OzLk9dIOXKFyg6LaayY4DNvy2cM"
16:19:23.189 [pool-2-thread-75] DEBUG org.apache.http.headers -- http-outgoing-54 << Date: Tue, 24 Jun 2025 09:19:23 GMT
16:19:23.189 [pool-2-thread-75] DEBUG org.apache.http.headers -- http-outgoing-54 << Connection: keep-alive
16:19:23.189 [pool-2-thread-75] DEBUG org.apache.http.headers -- http-outgoing-54 << Keep-Alive: timeout=5
16:19:23.189 [pool-2-thread-75] DEBUG org.apache.http.impl.execchain.MainClientExec -- Connection can be kept alive for 5000 MILLISECONDS
16:19:23.189 [pool-2-thread-75] DEBUG org.apache.http.impl.conn.PoolingHttpClientConnectionManager -- Connection [id: 4][route: {}->http://localhost:3000] can be kept alive for 5.0 seconds
16:19:23.189 [pool-2-thread-75] DEBUG org.apache.http.impl.conn.DefaultManagedHttpClientConnection -- http-outgoing-54: set socket timeout to 0
16:19:23.189 [pool-2-thread-75] DEBUG org.apache.http.impl.conn.PoolingHttpClientConnectionManager -- Connection released: [id: 4][route: {}->http://localhost:3000][total available: 1; route allocated: 1 of 5; total allocated: 1 of 10]
16:19:23.189 [pool-2-thread-75] DEBUG org.apache.http.impl.conn.PoolingHttpClientConnectionManager -- Connection manager is shutting down
16:19:23.189 [pool-2-thread-75] DEBUG org.apache.http.impl.conn.DefaultManagedHttpClientConnection -- http-outgoing-54: Close connection
16:19:23.189 [pool-2-thread-75] DEBUG org.apache.http.impl.conn.PoolingHttpClientConnectionManager -- Connection manager shut down
16:19:23.189 [pool-2-thread-75] DEBUG com.intuit.karate -- response time in milliseconds: 3380
1 < 200
1 < X-Powered-By: Express
1 < Access-Control-Allow-Origin: *
1 < Content-Type: application/json; charset=utf-8
1 < Content-Length: 607
1 < ETag: W/"25f-OzLk9dIOXKFyg6LaayY4DNvy2cM"
1 < Date: Tue, 24 Jun 2025 09:19:23 GMT
1 < Connection: keep-alive
1 < Keep-Alive: timeout=5
{"access_token":"eyJhbGciOiJIUzI1NiIsInR5cCI6IkpXVCJ9.eyJzdWIiOiJjMjE0MjJkZi1jY2VjLTQ0MGUtOWE0Mi1jMWI4MmFiZjczM2QiLCJ1c2VybmFtZSI6ImpvaG5kb2UyOCIsInJvbGUiOjAsImlhdCI6MTc1MDc1Njc2MSwiZXhwIjoxNzUwNzYwMzYxfQ.ZQMeKtB--CKvnJTLg1TawFA2eWlp6Ip5D-1Ib3ZHB4M","refresh_token":"36796a056919799c9a44af3098622121d260fff7b72604eba1f811347aed2560","user":{"id":"c21422df-ccec-440e-9a42-c1b82abf733d","email":"test28@example.com","username":"johndoe28","name":"John Doe","phoneNumber":"84987654321","profilePic":null,"bio":null,"private":false,"verified":false,"role":0,"followersCount":0,"followingCount":0,"postCount":0}}

16:19:23.192 [pool-2-thread-75] INFO com.intuit.karate -- [print] Concurrent call completed, status: 200 
16:19:24.128 [pool-2-thread-58] DEBUG org.apache.http.wire -- http-outgoing-8 << "HTTP/1.1 200 OK[\r][\n]"
16:19:24.128 [pool-2-thread-58] DEBUG org.apache.http.wire -- http-outgoing-8 << "X-Powered-By: Express[\r][\n]"
16:19:24.128 [pool-2-thread-58] DEBUG org.apache.http.wire -- http-outgoing-8 << "Access-Control-Allow-Origin: *[\r][\n]"
16:19:24.128 [pool-2-thread-58] DEBUG org.apache.http.wire -- http-outgoing-8 << "Content-Type: application/json; charset=utf-8[\r][\n]"
16:19:24.128 [pool-2-thread-58] DEBUG org.apache.http.wire -- http-outgoing-8 << "Content-Length: 609[\r][\n]"
16:19:24.128 [pool-2-thread-58] DEBUG org.apache.http.wire -- http-outgoing-8 << "ETag: W/"261-zmkOosp8GlIeNxQGdXgwYGm/tkE"[\r][\n]"
16:19:24.128 [pool-2-thread-58] DEBUG org.apache.http.wire -- http-outgoing-8 << "Date: Tue, 24 Jun 2025 09:19:24 GMT[\r][\n]"
16:19:24.128 [pool-2-thread-58] DEBUG org.apache.http.wire -- http-outgoing-8 << "Connection: keep-alive[\r][\n]"
16:19:24.128 [pool-2-thread-58] DEBUG org.apache.http.wire -- http-outgoing-8 << "Keep-Alive: timeout=5[\r][\n]"
16:19:24.128 [pool-2-thread-58] DEBUG org.apache.http.wire -- http-outgoing-8 << "[\r][\n]"
16:19:24.128 [pool-2-thread-58] DEBUG org.apache.http.wire -- http-outgoing-8 << "{"access_token":"eyJhbGciOiJIUzI1NiIsInR5cCI6IkpXVCJ9.eyJzdWIiOiIyNzJmNmI1NS01MTc5LTRhZTMtODU2My1iNGVjMTBmNzY3MTUiLCJ1c2VybmFtZSI6ImpvaG5kb2UyZDVkIiwicm9sZSI6MCwiaWF0IjoxNzUwNzU2NzYyLCJleHAiOjE3NTA3NjAzNjJ9.YLMLvDdvvlrqlrOi2XnXgyHn3siLA5GGqcYpWuceVh8","refresh_token":"2c4b82cf6a89bcc5bbf10283b191589d289120b4cd506f0b898ffb0008c19325","user":{"id":"272f6b55-5179-4ae3-8563-b4ec10f76715","email":"testit5@gmail.com","username":"johndoe2d5d","name":"John Doe","phoneNumber":"0123456132","profilePic":null,"bio":null,"private":false,"verified":false,"role":0,"followersCount":0,"followingCount":0,"postCount":0}}"
16:19:24.128 [pool-2-thread-58] DEBUG org.apache.http.headers -- http-outgoing-8 << HTTP/1.1 200 OK
16:19:24.128 [pool-2-thread-58] DEBUG org.apache.http.headers -- http-outgoing-8 << X-Powered-By: Express
16:19:24.128 [pool-2-thread-58] DEBUG org.apache.http.headers -- http-outgoing-8 << Access-Control-Allow-Origin: *
16:19:24.128 [pool-2-thread-58] DEBUG org.apache.http.headers -- http-outgoing-8 << Content-Type: application/json; charset=utf-8
16:19:24.128 [pool-2-thread-58] DEBUG org.apache.http.headers -- http-outgoing-8 << Content-Length: 609
16:19:24.128 [pool-2-thread-58] DEBUG org.apache.http.headers -- http-outgoing-8 << ETag: W/"261-zmkOosp8GlIeNxQGdXgwYGm/tkE"
16:19:24.128 [pool-2-thread-58] DEBUG org.apache.http.headers -- http-outgoing-8 << Date: Tue, 24 Jun 2025 09:19:24 GMT
16:19:24.128 [pool-2-thread-58] DEBUG org.apache.http.headers -- http-outgoing-8 << Connection: keep-alive
16:19:24.128 [pool-2-thread-58] DEBUG org.apache.http.headers -- http-outgoing-8 << Keep-Alive: timeout=5
16:19:24.128 [pool-2-thread-58] DEBUG org.apache.http.impl.execchain.MainClientExec -- Connection can be kept alive for 5000 MILLISECONDS
16:19:24.128 [pool-2-thread-58] DEBUG org.apache.http.impl.conn.PoolingHttpClientConnectionManager -- Connection [id: 56][route: {}->http://localhost:3000] can be kept alive for 5.0 seconds
16:19:24.128 [pool-2-thread-58] DEBUG org.apache.http.impl.conn.DefaultManagedHttpClientConnection -- http-outgoing-8: set socket timeout to 0
16:19:24.128 [pool-2-thread-58] DEBUG org.apache.http.impl.conn.PoolingHttpClientConnectionManager -- Connection released: [id: 56][route: {}->http://localhost:3000][total available: 1; route allocated: 1 of 5; total allocated: 1 of 10]
16:19:24.128 [pool-2-thread-58] DEBUG org.apache.http.impl.conn.PoolingHttpClientConnectionManager -- Connection manager is shutting down
16:19:24.128 [pool-2-thread-58] DEBUG org.apache.http.impl.conn.DefaultManagedHttpClientConnection -- http-outgoing-8: Close connection
16:19:24.129 [pool-2-thread-58] DEBUG org.apache.http.impl.conn.PoolingHttpClientConnectionManager -- Connection manager shut down
16:19:24.129 [pool-2-thread-58] DEBUG com.intuit.karate -- response time in milliseconds: 4318
1 < 200
1 < X-Powered-By: Express
1 < Access-Control-Allow-Origin: *
1 < Content-Type: application/json; charset=utf-8
1 < Content-Length: 609
1 < ETag: W/"261-zmkOosp8GlIeNxQGdXgwYGm/tkE"
1 < Date: Tue, 24 Jun 2025 09:19:24 GMT
1 < Connection: keep-alive
1 < Keep-Alive: timeout=5
{"access_token":"eyJhbGciOiJIUzI1NiIsInR5cCI6IkpXVCJ9.eyJzdWIiOiIyNzJmNmI1NS01MTc5LTRhZTMtODU2My1iNGVjMTBmNzY3MTUiLCJ1c2VybmFtZSI6ImpvaG5kb2UyZDVkIiwicm9sZSI6MCwiaWF0IjoxNzUwNzU2NzYyLCJleHAiOjE3NTA3NjAzNjJ9.YLMLvDdvvlrqlrOi2XnXgyHn3siLA5GGqcYpWuceVh8","refresh_token":"2c4b82cf6a89bcc5bbf10283b191589d289120b4cd506f0b898ffb0008c19325","user":{"id":"272f6b55-5179-4ae3-8563-b4ec10f76715","email":"testit5@gmail.com","username":"johndoe2d5d","name":"John Doe","phoneNumber":"0123456132","profilePic":null,"bio":null,"private":false,"verified":false,"role":0,"followersCount":0,"followingCount":0,"postCount":0}}

16:19:24.129 [pool-2-thread-43] DEBUG org.apache.http.wire -- http-outgoing-78 << "HTTP/1.1 200 OK[\r][\n]"
16:19:24.129 [pool-2-thread-43] DEBUG org.apache.http.wire -- http-outgoing-78 << "X-Powered-By: Express[\r][\n]"
16:19:24.129 [pool-2-thread-43] DEBUG org.apache.http.wire -- http-outgoing-78 << "Access-Control-Allow-Origin: *[\r][\n]"
16:19:24.129 [pool-2-thread-43] DEBUG org.apache.http.wire -- http-outgoing-78 << "Content-Type: application/json; charset=utf-8[\r][\n]"
16:19:24.129 [pool-2-thread-43] DEBUG org.apache.http.wire -- http-outgoing-78 << "Content-Length: 599[\r][\n]"
16:19:24.129 [pool-2-thread-43] DEBUG org.apache.http.wire -- http-outgoing-78 << "ETag: W/"257-3zqAqVS6GDHNVa8/S1+v4ErvOCI"[\r][\n]"
16:19:24.129 [pool-2-thread-43] DEBUG org.apache.http.wire -- http-outgoing-78 << "Date: Tue, 24 Jun 2025 09:19:24 GMT[\r][\n]"
16:19:24.129 [pool-2-thread-43] DEBUG org.apache.http.wire -- http-outgoing-78 << "Connection: keep-alive[\r][\n]"
16:19:24.129 [pool-2-thread-43] DEBUG org.apache.http.wire -- http-outgoing-78 << "Keep-Alive: timeout=5[\r][\n]"
16:19:24.129 [pool-2-thread-43] DEBUG org.apache.http.wire -- http-outgoing-78 << "[\r][\n]"
16:19:24.129 [pool-2-thread-43] DEBUG org.apache.http.wire -- http-outgoing-78 << "{"access_token":"eyJhbGciOiJIUzI1NiIsInR5cCI6IkpXVCJ9.eyJzdWIiOiIyZGRhMDQzOS01MTgwLTQ1YWEtOTE3Zi1lNjMyZTQ1YThlNDEiLCJ1c2VybmFtZSI6ImpvaG5kb2UiLCJyb2xlIjowLCJpYXQiOjE3NTA3NTY3NjIsImV4cCI6MTc1MDc2MDM2Mn0.lY-RiHktg4J4fmj3Gb1Ho7yNTYDOuyJjck6q2VFhhFI","refresh_token":"a7c7f52e7ae0fe4186c3f7b6d00f7645e6c133e13c5a5079333585abe1fe015c","user":{"id":"2dda0439-5180-45aa-917f-e632e45a8e41","email":"test@example.com","username":"johndoe","name":"John Doe","phoneNumber":"0987654321","profilePic":null,"bio":null,"private":false,"verified":false,"role":0,"followersCount":0,"followingCount":0,"postCount":0}}"
16:19:24.129 [pool-2-thread-43] DEBUG org.apache.http.headers -- http-outgoing-78 << HTTP/1.1 200 OK
16:19:24.129 [pool-2-thread-43] DEBUG org.apache.http.headers -- http-outgoing-78 << X-Powered-By: Express
16:19:24.129 [pool-2-thread-43] DEBUG org.apache.http.headers -- http-outgoing-78 << Access-Control-Allow-Origin: *
16:19:24.129 [pool-2-thread-43] DEBUG org.apache.http.headers -- http-outgoing-78 << Content-Type: application/json; charset=utf-8
16:19:24.129 [pool-2-thread-43] DEBUG org.apache.http.headers -- http-outgoing-78 << Content-Length: 599
16:19:24.129 [pool-2-thread-43] DEBUG org.apache.http.headers -- http-outgoing-78 << ETag: W/"257-3zqAqVS6GDHNVa8/S1+v4ErvOCI"
16:19:24.129 [pool-2-thread-43] DEBUG org.apache.http.headers -- http-outgoing-78 << Date: Tue, 24 Jun 2025 09:19:24 GMT
16:19:24.129 [pool-2-thread-89] DEBUG org.apache.http.wire -- http-outgoing-81 << "HTTP/1.1 200 OK[\r][\n]"
16:19:24.129 [pool-2-thread-89] DEBUG org.apache.http.wire -- http-outgoing-81 << "X-Powered-By: Express[\r][\n]"
16:19:24.129 [pool-2-thread-43] DEBUG org.apache.http.headers -- http-outgoing-78 << Connection: keep-alive
16:19:24.129 [pool-2-thread-89] DEBUG org.apache.http.wire -- http-outgoing-81 << "Access-Control-Allow-Origin: *[\r][\n]"
16:19:24.129 [pool-2-thread-43] DEBUG org.apache.http.headers -- http-outgoing-78 << Keep-Alive: timeout=5
16:19:24.129 [pool-2-thread-89] DEBUG org.apache.http.wire -- http-outgoing-81 << "Content-Type: application/json; charset=utf-8[\r][\n]"
16:19:24.129 [pool-2-thread-89] DEBUG org.apache.http.wire -- http-outgoing-81 << "Content-Length: 604[\r][\n]"
16:19:24.129 [pool-2-thread-89] DEBUG org.apache.http.wire -- http-outgoing-81 << "ETag: W/"25c-rpEdI5TIUeFB6qbAtkpBxQFpj1M"[\r][\n]"
16:19:24.129 [pool-2-thread-89] DEBUG org.apache.http.wire -- http-outgoing-81 << "Date: Tue, 24 Jun 2025 09:19:24 GMT[\r][\n]"
16:19:24.129 [pool-2-thread-89] DEBUG org.apache.http.wire -- http-outgoing-81 << "Connection: keep-alive[\r][\n]"
16:19:24.129 [pool-2-thread-89] DEBUG org.apache.http.wire -- http-outgoing-81 << "Keep-Alive: timeout=5[\r][\n]"
16:19:24.129 [pool-2-thread-89] DEBUG org.apache.http.wire -- http-outgoing-81 << "[\r][\n]"
16:19:24.129 [pool-2-thread-89] DEBUG org.apache.http.wire -- http-outgoing-81 << "{"access_token":"eyJhbGciOiJIUzI1NiIsInR5cCI6IkpXVCJ9.eyJzdWIiOiJkZjZmMDkxOS1hMjNkLTQ0YzktYTkyNS00ZWE4YmU1MjVkMTAiLCJ1c2VybmFtZSI6ImpvaG5kb2UyMyIsInJvbGUiOjAsImlhdCI6MTc1MDc1Njc2MiwiZXhwIjoxNzUwNzYwMzYyfQ.KViZtQyszxm4z7SireWj3uapaWbRvlukIi10XkUz-8w","refresh_token":"d87fe33760eae5c822480ad0ad9eeeff76440ce76812083b7c88ba4da4583812","user":{"id":"df6f0919-a23d-44c9-a925-4ea8be525d10","email":"testit@gmail.com","username":"johndoe23","name":"John Doe","phoneNumber":"0123456788","profilePic":null,"bio":null,"private":false,"verified":false,"role":0,"followersCount":0,"followingCount":0,"postCount":0}}"
16:19:24.129 [pool-2-thread-43] DEBUG org.apache.http.impl.execchain.MainClientExec -- Connection can be kept alive for 5000 MILLISECONDS
16:19:24.129 [pool-2-thread-89] DEBUG org.apache.http.headers -- http-outgoing-81 << HTTP/1.1 200 OK
16:19:24.129 [pool-2-thread-89] DEBUG org.apache.http.headers -- http-outgoing-81 << X-Powered-By: Express
16:19:24.129 [pool-2-thread-89] DEBUG org.apache.http.headers -- http-outgoing-81 << Access-Control-Allow-Origin: *
16:19:24.129 [pool-2-thread-89] DEBUG org.apache.http.headers -- http-outgoing-81 << Content-Type: application/json; charset=utf-8
16:19:24.129 [pool-2-thread-89] DEBUG org.apache.http.headers -- http-outgoing-81 << Content-Length: 604
16:19:24.129 [pool-2-thread-89] DEBUG org.apache.http.headers -- http-outgoing-81 << ETag: W/"25c-rpEdI5TIUeFB6qbAtkpBxQFpj1M"
16:19:24.129 [pool-2-thread-89] DEBUG org.apache.http.headers -- http-outgoing-81 << Date: Tue, 24 Jun 2025 09:19:24 GMT
16:19:24.129 [pool-2-thread-89] DEBUG org.apache.http.headers -- http-outgoing-81 << Connection: keep-alive
16:19:24.129 [pool-2-thread-89] DEBUG org.apache.http.headers -- http-outgoing-81 << Keep-Alive: timeout=5
16:19:24.129 [pool-2-thread-89] DEBUG org.apache.http.impl.execchain.MainClientExec -- Connection can be kept alive for 5000 MILLISECONDS
16:19:24.129 [pool-2-thread-43] DEBUG org.apache.http.impl.conn.PoolingHttpClientConnectionManager -- Connection [id: 45][route: {}->http://localhost:3000] can be kept alive for 5.0 seconds
16:19:24.129 [pool-2-thread-43] DEBUG org.apache.http.impl.conn.DefaultManagedHttpClientConnection -- http-outgoing-78: set socket timeout to 0
16:19:24.129 [pool-2-thread-43] DEBUG org.apache.http.impl.conn.PoolingHttpClientConnectionManager -- Connection released: [id: 45][route: {}->http://localhost:3000][total available: 1; route allocated: 1 of 5; total allocated: 1 of 10]
16:19:24.129 [pool-2-thread-89] DEBUG org.apache.http.impl.conn.PoolingHttpClientConnectionManager -- Connection [id: 54][route: {}->http://localhost:3000] can be kept alive for 5.0 seconds
16:19:24.129 [pool-2-thread-43] DEBUG org.apache.http.impl.conn.PoolingHttpClientConnectionManager -- Connection manager is shutting down
16:19:24.129 [pool-2-thread-43] DEBUG org.apache.http.impl.conn.DefaultManagedHttpClientConnection -- http-outgoing-78: Close connection
16:19:24.129 [pool-2-thread-89] DEBUG org.apache.http.impl.conn.DefaultManagedHttpClientConnection -- http-outgoing-81: set socket timeout to 0
16:19:24.129 [pool-2-thread-89] DEBUG org.apache.http.impl.conn.PoolingHttpClientConnectionManager -- Connection released: [id: 54][route: {}->http://localhost:3000][total available: 1; route allocated: 1 of 5; total allocated: 1 of 10]
16:19:24.129 [pool-2-thread-89] DEBUG org.apache.http.impl.conn.PoolingHttpClientConnectionManager -- Connection manager is shutting down
16:19:24.129 [pool-2-thread-89] DEBUG org.apache.http.impl.conn.DefaultManagedHttpClientConnection -- http-outgoing-81: Close connection
16:19:24.129 [pool-2-thread-43] DEBUG org.apache.http.impl.conn.PoolingHttpClientConnectionManager -- Connection manager shut down
16:19:24.129 [pool-2-thread-89] DEBUG org.apache.http.impl.conn.PoolingHttpClientConnectionManager -- Connection manager shut down
16:19:24.129 [pool-2-thread-89] DEBUG com.intuit.karate -- response time in milliseconds: 4317
1 < 200
1 < X-Powered-By: Express
1 < Access-Control-Allow-Origin: *
1 < Content-Type: application/json; charset=utf-8
1 < Content-Length: 604
1 < ETag: W/"25c-rpEdI5TIUeFB6qbAtkpBxQFpj1M"
1 < Date: Tue, 24 Jun 2025 09:19:24 GMT
1 < Connection: keep-alive
1 < Keep-Alive: timeout=5
{"access_token":"eyJhbGciOiJIUzI1NiIsInR5cCI6IkpXVCJ9.eyJzdWIiOiJkZjZmMDkxOS1hMjNkLTQ0YzktYTkyNS00ZWE4YmU1MjVkMTAiLCJ1c2VybmFtZSI6ImpvaG5kb2UyMyIsInJvbGUiOjAsImlhdCI6MTc1MDc1Njc2MiwiZXhwIjoxNzUwNzYwMzYyfQ.KViZtQyszxm4z7SireWj3uapaWbRvlukIi10XkUz-8w","refresh_token":"d87fe33760eae5c822480ad0ad9eeeff76440ce76812083b7c88ba4da4583812","user":{"id":"df6f0919-a23d-44c9-a925-4ea8be525d10","email":"testit@gmail.com","username":"johndoe23","name":"John Doe","phoneNumber":"0123456788","profilePic":null,"bio":null,"private":false,"verified":false,"role":0,"followersCount":0,"followingCount":0,"postCount":0}}

16:19:24.129 [pool-2-thread-43] DEBUG com.intuit.karate -- response time in milliseconds: 4318
1 < 200
1 < X-Powered-By: Express
1 < Access-Control-Allow-Origin: *
1 < Content-Type: application/json; charset=utf-8
1 < Content-Length: 599
1 < ETag: W/"257-3zqAqVS6GDHNVa8/S1+v4ErvOCI"
1 < Date: Tue, 24 Jun 2025 09:19:24 GMT
1 < Connection: keep-alive
1 < Keep-Alive: timeout=5
{"access_token":"eyJhbGciOiJIUzI1NiIsInR5cCI6IkpXVCJ9.eyJzdWIiOiIyZGRhMDQzOS01MTgwLTQ1YWEtOTE3Zi1lNjMyZTQ1YThlNDEiLCJ1c2VybmFtZSI6ImpvaG5kb2UiLCJyb2xlIjowLCJpYXQiOjE3NTA3NTY3NjIsImV4cCI6MTc1MDc2MDM2Mn0.lY-RiHktg4J4fmj3Gb1Ho7yNTYDOuyJjck6q2VFhhFI","refresh_token":"a7c7f52e7ae0fe4186c3f7b6d00f7645e6c133e13c5a5079333585abe1fe015c","user":{"id":"2dda0439-5180-45aa-917f-e632e45a8e41","email":"test@example.com","username":"johndoe","name":"John Doe","phoneNumber":"0987654321","profilePic":null,"bio":null,"private":false,"verified":false,"role":0,"followersCount":0,"followingCount":0,"postCount":0}}

16:19:24.131 [pool-2-thread-58] INFO com.intuit.karate -- [print] Concurrent call completed, status: 200 
16:19:24.132 [pool-2-thread-43] INFO com.intuit.karate -- [print] Concurrent call completed, status: 200 
16:19:24.132 [pool-2-thread-89] INFO com.intuit.karate -- [print] Concurrent call completed, status: 200 
16:19:24.146 [pool-2-thread-91] DEBUG org.apache.http.wire -- http-outgoing-69 << "HTTP/1.1 200 OK[\r][\n]"
16:19:24.146 [pool-2-thread-91] DEBUG org.apache.http.wire -- http-outgoing-69 << "X-Powered-By: Express[\r][\n]"
16:19:24.146 [pool-2-thread-91] DEBUG org.apache.http.wire -- http-outgoing-69 << "Access-Control-Allow-Origin: *[\r][\n]"
16:19:24.146 [pool-2-thread-91] DEBUG org.apache.http.wire -- http-outgoing-69 << "Content-Type: application/json; charset=utf-8[\r][\n]"
16:19:24.146 [pool-2-thread-91] DEBUG org.apache.http.wire -- http-outgoing-69 << "Content-Length: 708[\r][\n]"
16:19:24.146 [pool-2-thread-91] DEBUG org.apache.http.wire -- http-outgoing-69 << "ETag: W/"2c4-1RvHYfR4Ko64Bbit/kZM3ftd/FA"[\r][\n]"
16:19:24.146 [pool-2-thread-91] DEBUG org.apache.http.wire -- http-outgoing-69 << "Date: Tue, 24 Jun 2025 09:19:24 GMT[\r][\n]"
16:19:24.146 [pool-2-thread-91] DEBUG org.apache.http.wire -- http-outgoing-69 << "Connection: keep-alive[\r][\n]"
16:19:24.146 [pool-2-thread-91] DEBUG org.apache.http.wire -- http-outgoing-69 << "Keep-Alive: timeout=5[\r][\n]"
16:19:24.146 [pool-2-thread-91] DEBUG org.apache.http.wire -- http-outgoing-69 << "[\r][\n]"
16:19:24.146 [pool-2-thread-91] DEBUG org.apache.http.wire -- http-outgoing-69 << "{"access_token":"eyJhbGciOiJIUzI1NiIsInR5cCI6IkpXVCJ9.eyJzdWIiOiIwODUxNWIwNS0yZDNlLTQ3ODktYWQ2MC1kYjM1NTI1YTQ5NzAiLCJ1c2VybmFtZSI6Im5hbSIsInJvbGUiOjAsImlhdCI6MTc1MDc1Njc2MiwiZXhwIjoxNzUwNzYwMzYyfQ.WD_HWQs5LKB-3tq9kzXnvNAJzOdpM9AbEJqWnDbF09s","refresh_token":"15db1ccd5e2b1f4a2ba4c7cc41c66543c0653cf063bb323a770da00e4e689ce1","user":{"id":"08515b05-2d3e-4789-ad60-db35525a4970","email":"nam@gmail.com","username":"nam","name":"nam","phoneNumber":"0123456789","profilePic":"https://res.cloudinary.com/dizcvrefo/image/upload/v1749266646/nestjs_uploads/zk9zrpeidnovxibfqdxr.png","bio":"Chu tich hoi dong Quan tri 1","private":false,"verified":false,"role":0,"followersCount":2,"followingCount":5,"postCount":13}}"
16:19:24.146 [pool-2-thread-91] DEBUG org.apache.http.headers -- http-outgoing-69 << HTTP/1.1 200 OK
16:19:24.146 [pool-2-thread-91] DEBUG org.apache.http.headers -- http-outgoing-69 << X-Powered-By: Express
16:19:24.146 [pool-2-thread-91] DEBUG org.apache.http.headers -- http-outgoing-69 << Access-Control-Allow-Origin: *
16:19:24.146 [pool-2-thread-91] DEBUG org.apache.http.headers -- http-outgoing-69 << Content-Type: application/json; charset=utf-8
16:19:24.146 [pool-2-thread-91] DEBUG org.apache.http.headers -- http-outgoing-69 << Content-Length: 708
16:19:24.146 [pool-2-thread-91] DEBUG org.apache.http.headers -- http-outgoing-69 << ETag: W/"2c4-1RvHYfR4Ko64Bbit/kZM3ftd/FA"
16:19:24.146 [pool-2-thread-91] DEBUG org.apache.http.headers -- http-outgoing-69 << Date: Tue, 24 Jun 2025 09:19:24 GMT
16:19:24.146 [pool-2-thread-91] DEBUG org.apache.http.headers -- http-outgoing-69 << Connection: keep-alive
16:19:24.146 [pool-2-thread-91] DEBUG org.apache.http.headers -- http-outgoing-69 << Keep-Alive: timeout=5
16:19:24.146 [pool-2-thread-91] DEBUG org.apache.http.impl.execchain.MainClientExec -- Connection can be kept alive for 5000 MILLISECONDS
16:19:24.147 [pool-2-thread-91] DEBUG org.apache.http.impl.conn.PoolingHttpClientConnectionManager -- Connection [id: 37][route: {}->http://localhost:3000] can be kept alive for 5.0 seconds
16:19:24.147 [pool-2-thread-91] DEBUG org.apache.http.impl.conn.DefaultManagedHttpClientConnection -- http-outgoing-69: set socket timeout to 0
16:19:24.147 [pool-2-thread-91] DEBUG org.apache.http.impl.conn.PoolingHttpClientConnectionManager -- Connection released: [id: 37][route: {}->http://localhost:3000][total available: 1; route allocated: 1 of 5; total allocated: 1 of 10]
16:19:24.147 [pool-2-thread-91] DEBUG org.apache.http.impl.conn.PoolingHttpClientConnectionManager -- Connection manager is shutting down
16:19:24.147 [pool-2-thread-91] DEBUG org.apache.http.impl.conn.DefaultManagedHttpClientConnection -- http-outgoing-69: Close connection
16:19:24.148 [pool-2-thread-91] DEBUG org.apache.http.impl.conn.PoolingHttpClientConnectionManager -- Connection manager shut down
16:19:24.148 [pool-2-thread-91] DEBUG com.intuit.karate -- response time in milliseconds: 4340
1 < 200
1 < X-Powered-By: Express
1 < Access-Control-Allow-Origin: *
1 < Content-Type: application/json; charset=utf-8
1 < Content-Length: 708
1 < ETag: W/"2c4-1RvHYfR4Ko64Bbit/kZM3ftd/FA"
1 < Date: Tue, 24 Jun 2025 09:19:24 GMT
1 < Connection: keep-alive
1 < Keep-Alive: timeout=5
{"access_token":"eyJhbGciOiJIUzI1NiIsInR5cCI6IkpXVCJ9.eyJzdWIiOiIwODUxNWIwNS0yZDNlLTQ3ODktYWQ2MC1kYjM1NTI1YTQ5NzAiLCJ1c2VybmFtZSI6Im5hbSIsInJvbGUiOjAsImlhdCI6MTc1MDc1Njc2MiwiZXhwIjoxNzUwNzYwMzYyfQ.WD_HWQs5LKB-3tq9kzXnvNAJzOdpM9AbEJqWnDbF09s","refresh_token":"15db1ccd5e2b1f4a2ba4c7cc41c66543c0653cf063bb323a770da00e4e689ce1","user":{"id":"08515b05-2d3e-4789-ad60-db35525a4970","email":"nam@gmail.com","username":"nam","name":"nam","phoneNumber":"0123456789","profilePic":"https://res.cloudinary.com/dizcvrefo/image/upload/v1749266646/nestjs_uploads/zk9zrpeidnovxibfqdxr.png","bio":"Chu tich hoi dong Quan tri 1","private":false,"verified":false,"role":0,"followersCount":2,"followingCount":5,"postCount":13}}

16:19:24.150 [pool-2-thread-91] INFO com.intuit.karate -- [print] Concurrent call completed, status: 200 
16:19:25.124 [pool-2-thread-90] DEBUG org.apache.http.wire -- http-outgoing-5 << "HTTP/1.1 200 OK[\r][\n]"
16:19:25.124 [pool-2-thread-90] DEBUG org.apache.http.wire -- http-outgoing-5 << "X-Powered-By: Express[\r][\n]"
16:19:25.124 [pool-2-thread-90] DEBUG org.apache.http.wire -- http-outgoing-5 << "Access-Control-Allow-Origin: *[\r][\n]"
16:19:25.124 [pool-2-thread-90] DEBUG org.apache.http.wire -- http-outgoing-5 << "Content-Type: application/json; charset=utf-8[\r][\n]"
16:19:25.124 [pool-2-thread-90] DEBUG org.apache.http.wire -- http-outgoing-5 << "Content-Length: 605[\r][\n]"
16:19:25.124 [pool-2-thread-90] DEBUG org.apache.http.wire -- http-outgoing-5 << "ETag: W/"25d-NOm5XJ3/HAE0hDCzRvgDYrspMEY"[\r][\n]"
16:19:25.124 [pool-2-thread-90] DEBUG org.apache.http.wire -- http-outgoing-5 << "Date: Tue, 24 Jun 2025 09:19:25 GMT[\r][\n]"
16:19:25.124 [pool-2-thread-90] DEBUG org.apache.http.wire -- http-outgoing-5 << "Connection: keep-alive[\r][\n]"
16:19:25.124 [pool-2-thread-90] DEBUG org.apache.http.wire -- http-outgoing-5 << "Keep-Alive: timeout=5[\r][\n]"
16:19:25.124 [pool-2-thread-90] DEBUG org.apache.http.wire -- http-outgoing-5 << "[\r][\n]"
16:19:25.124 [pool-2-thread-90] DEBUG org.apache.http.wire -- http-outgoing-5 << "{"access_token":"eyJhbGciOiJIUzI1NiIsInR5cCI6IkpXVCJ9.eyJzdWIiOiIwYTM3ZWY0My1mZWU4LTQxZDMtYTY4Ni04YWIwODY5NDg2OTUiLCJ1c2VybmFtZSI6ImpvaG5kb2UyMSIsInJvbGUiOjAsImlhdCI6MTc1MDc1Njc2MywiZXhwIjoxNzUwNzYwMzYzfQ.RUOJv_ai-scGRrkmM5US7uFleKP3ch7Fe1cA2XKqJoU","refresh_token":"104c63459205a4dc61c4e2a1643f9acc5b040eb170854fe949a84f2e37ddb06a","user":{"id":"0a37ef43-fee8-41d3-a686-8ab086948695","email":"testit2@gmail.com","username":"johndoe21","name":"John Doe","phoneNumber":"0123456712","profilePic":null,"bio":null,"private":false,"verified":false,"role":0,"followersCount":0,"followingCount":0,"postCount":0}}"
16:19:25.124 [pool-2-thread-90] DEBUG org.apache.http.headers -- http-outgoing-5 << HTTP/1.1 200 OK
16:19:25.124 [pool-2-thread-90] DEBUG org.apache.http.headers -- http-outgoing-5 << X-Powered-By: Express
16:19:25.124 [pool-2-thread-90] DEBUG org.apache.http.headers -- http-outgoing-5 << Access-Control-Allow-Origin: *
16:19:25.124 [pool-2-thread-90] DEBUG org.apache.http.headers -- http-outgoing-5 << Content-Type: application/json; charset=utf-8
16:19:25.124 [pool-2-thread-90] DEBUG org.apache.http.headers -- http-outgoing-5 << Content-Length: 605
16:19:25.124 [pool-2-thread-90] DEBUG org.apache.http.headers -- http-outgoing-5 << ETag: W/"25d-NOm5XJ3/HAE0hDCzRvgDYrspMEY"
16:19:25.124 [pool-2-thread-90] DEBUG org.apache.http.headers -- http-outgoing-5 << Date: Tue, 24 Jun 2025 09:19:25 GMT
16:19:25.124 [pool-2-thread-90] DEBUG org.apache.http.headers -- http-outgoing-5 << Connection: keep-alive
16:19:25.124 [pool-2-thread-90] DEBUG org.apache.http.headers -- http-outgoing-5 << Keep-Alive: timeout=5
16:19:25.124 [pool-2-thread-76] DEBUG org.apache.http.wire -- http-outgoing-23 << "HTTP/1.1 200 OK[\r][\n]"
16:19:25.124 [pool-2-thread-76] DEBUG org.apache.http.wire -- http-outgoing-23 << "X-Powered-By: Express[\r][\n]"
16:19:25.124 [pool-2-thread-76] DEBUG org.apache.http.wire -- http-outgoing-23 << "Access-Control-Allow-Origin: *[\r][\n]"
16:19:25.124 [pool-2-thread-76] DEBUG org.apache.http.wire -- http-outgoing-23 << "Content-Type: application/json; charset=utf-8[\r][\n]"
16:19:25.124 [pool-2-thread-76] DEBUG org.apache.http.wire -- http-outgoing-23 << "Content-Length: 607[\r][\n]"
16:19:25.124 [pool-2-thread-76] DEBUG org.apache.http.wire -- http-outgoing-23 << "ETag: W/"25f-uexbZrzJvWg27+Gz2MrTGELzzAw"[\r][\n]"
16:19:25.124 [pool-2-thread-76] DEBUG org.apache.http.wire -- http-outgoing-23 << "Date: Tue, 24 Jun 2025 09:19:25 GMT[\r][\n]"
16:19:25.124 [pool-2-thread-76] DEBUG org.apache.http.wire -- http-outgoing-23 << "Connection: keep-alive[\r][\n]"
16:19:25.124 [pool-2-thread-76] DEBUG org.apache.http.wire -- http-outgoing-23 << "Keep-Alive: timeout=5[\r][\n]"
16:19:25.124 [pool-2-thread-76] DEBUG org.apache.http.wire -- http-outgoing-23 << "[\r][\n]"
16:19:25.124 [pool-2-thread-76] DEBUG org.apache.http.wire -- http-outgoing-23 << "{"access_token":"eyJhbGciOiJIUzI1NiIsInR5cCI6IkpXVCJ9.eyJzdWIiOiI5YTI2OTc2Yy0xNTMyLTRkZjMtYTE2ZS03NjMxNTI1Yzg1MDIiLCJ1c2VybmFtZSI6ImpvaG5kb2UyZDUiLCJyb2xlIjowLCJpYXQiOjE3NTA3NTY3NjMsImV4cCI6MTc1MDc2MDM2M30.lP3SigYHrBvNPiQAN3cToDyKAeiBdtGBOhwMZXZJq5g","refresh_token":"b419c01855b00e6898ceab614a505b640083f0ce7f8a17a88f23bba319c5f03d","user":{"id":"9a26976c-1532-4df3-a16e-7631525c8502","email":"testit4@gmail.com","username":"johndoe2d5","name":"John Doe","phoneNumber":"0123456212","profilePic":null,"bio":null,"private":false,"verified":false,"role":0,"followersCount":0,"followingCount":0,"postCount":0}}"
16:19:25.124 [pool-2-thread-76] DEBUG org.apache.http.headers -- http-outgoing-23 << HTTP/1.1 200 OK
16:19:25.124 [pool-2-thread-90] DEBUG org.apache.http.impl.execchain.MainClientExec -- Connection can be kept alive for 5000 MILLISECONDS
16:19:25.124 [pool-2-thread-76] DEBUG org.apache.http.headers -- http-outgoing-23 << X-Powered-By: Express
16:19:25.124 [pool-2-thread-76] DEBUG org.apache.http.headers -- http-outgoing-23 << Access-Control-Allow-Origin: *
16:19:25.124 [pool-2-thread-76] DEBUG org.apache.http.headers -- http-outgoing-23 << Content-Type: application/json; charset=utf-8
16:19:25.124 [pool-2-thread-76] DEBUG org.apache.http.headers -- http-outgoing-23 << Content-Length: 607
16:19:25.124 [pool-2-thread-76] DEBUG org.apache.http.headers -- http-outgoing-23 << ETag: W/"25f-uexbZrzJvWg27+Gz2MrTGELzzAw"
16:19:25.124 [pool-2-thread-57] DEBUG org.apache.http.wire -- http-outgoing-86 << "HTTP/1.1 200 OK[\r][\n]"
16:19:25.124 [pool-2-thread-76] DEBUG org.apache.http.headers -- http-outgoing-23 << Date: Tue, 24 Jun 2025 09:19:25 GMT
16:19:25.124 [pool-2-thread-57] DEBUG org.apache.http.wire -- http-outgoing-86 << "X-Powered-By: Express[\r][\n]"
16:19:25.124 [pool-2-thread-76] DEBUG org.apache.http.headers -- http-outgoing-23 << Connection: keep-alive
16:19:25.124 [pool-2-thread-57] DEBUG org.apache.http.wire -- http-outgoing-86 << "Access-Control-Allow-Origin: *[\r][\n]"
16:19:25.124 [pool-2-thread-57] DEBUG org.apache.http.wire -- http-outgoing-86 << "Content-Type: application/json; charset=utf-8[\r][\n]"
16:19:25.124 [pool-2-thread-76] DEBUG org.apache.http.headers -- http-outgoing-23 << Keep-Alive: timeout=5
16:19:25.124 [pool-2-thread-57] DEBUG org.apache.http.wire -- http-outgoing-86 << "Content-Length: 605[\r][\n]"
16:19:25.124 [pool-2-thread-57] DEBUG org.apache.http.wire -- http-outgoing-86 << "ETag: W/"25d-PHmt8DPcD8HJMPKK0pUmB6N0ZSU"[\r][\n]"
16:19:25.124 [pool-2-thread-57] DEBUG org.apache.http.wire -- http-outgoing-86 << "Date: Tue, 24 Jun 2025 09:19:25 GMT[\r][\n]"
16:19:25.124 [pool-2-thread-57] DEBUG org.apache.http.wire -- http-outgoing-86 << "Connection: keep-alive[\r][\n]"
16:19:25.124 [pool-2-thread-57] DEBUG org.apache.http.wire -- http-outgoing-86 << "Keep-Alive: timeout=5[\r][\n]"
16:19:25.124 [pool-2-thread-57] DEBUG org.apache.http.wire -- http-outgoing-86 << "[\r][\n]"
16:19:25.124 [pool-2-thread-57] DEBUG org.apache.http.wire -- http-outgoing-86 << "{"access_token":"eyJhbGciOiJIUzI1NiIsInR5cCI6IkpXVCJ9.eyJzdWIiOiI2NTBjZTFlZC1hYWNhLTQzOGYtOTk4OC0xZjA1OGFiNWFhMWEiLCJ1c2VybmFtZSI6ImpvaG5kb2UyNSIsInJvbGUiOjAsImlhdCI6MTc1MDc1Njc2MywiZXhwIjoxNzUwNzYwMzYzfQ.Uqr4sxtcIorI6jnTbsLcWUnt9kllMj69PX8OBoR62no","refresh_token":"c44eebb912a3a25b1b563a62ef717c6a186213acc074c46148bca12fe5842cf1","user":{"id":"650ce1ed-aaca-438f-9988-1f058ab5aa1a","email":"testit3@gmail.com","username":"johndoe25","name":"John Doe","phoneNumber":"0123456713","profilePic":null,"bio":null,"private":false,"verified":false,"role":0,"followersCount":0,"followingCount":0,"postCount":0}}"
16:19:25.124 [pool-2-thread-76] DEBUG org.apache.http.impl.execchain.MainClientExec -- Connection can be kept alive for 5000 MILLISECONDS
16:19:25.124 [pool-2-thread-90] DEBUG org.apache.http.impl.conn.PoolingHttpClientConnectionManager -- Connection [id: 73][route: {}->http://localhost:3000] can be kept alive for 5.0 seconds
16:19:25.124 [pool-2-thread-90] DEBUG org.apache.http.impl.conn.DefaultManagedHttpClientConnection -- http-outgoing-5: set socket timeout to 0
16:19:25.124 [pool-2-thread-57] DEBUG org.apache.http.headers -- http-outgoing-86 << HTTP/1.1 200 OK
16:19:25.124 [pool-2-thread-57] DEBUG org.apache.http.headers -- http-outgoing-86 << X-Powered-By: Express
16:19:25.124 [pool-2-thread-57] DEBUG org.apache.http.headers -- http-outgoing-86 << Access-Control-Allow-Origin: *
16:19:25.124 [pool-2-thread-57] DEBUG org.apache.http.headers -- http-outgoing-86 << Content-Type: application/json; charset=utf-8
16:19:25.124 [pool-2-thread-57] DEBUG org.apache.http.headers -- http-outgoing-86 << Content-Length: 605
16:19:25.124 [pool-2-thread-76] DEBUG org.apache.http.impl.conn.PoolingHttpClientConnectionManager -- Connection [id: 1][route: {}->http://localhost:3000] can be kept alive for 5.0 seconds
16:19:25.124 [pool-2-thread-90] DEBUG org.apache.http.impl.conn.PoolingHttpClientConnectionManager -- Connection released: [id: 73][route: {}->http://localhost:3000][total available: 1; route allocated: 1 of 5; total allocated: 1 of 10]
16:19:25.124 [pool-2-thread-76] DEBUG org.apache.http.impl.conn.DefaultManagedHttpClientConnection -- http-outgoing-23: set socket timeout to 0
16:19:25.124 [pool-2-thread-57] DEBUG org.apache.http.headers -- http-outgoing-86 << ETag: W/"25d-PHmt8DPcD8HJMPKK0pUmB6N0ZSU"
16:19:25.124 [pool-2-thread-57] DEBUG org.apache.http.headers -- http-outgoing-86 << Date: Tue, 24 Jun 2025 09:19:25 GMT
16:19:25.124 [pool-2-thread-57] DEBUG org.apache.http.headers -- http-outgoing-86 << Connection: keep-alive
16:19:25.124 [pool-2-thread-57] DEBUG org.apache.http.headers -- http-outgoing-86 << Keep-Alive: timeout=5
16:19:25.124 [pool-2-thread-76] DEBUG org.apache.http.impl.conn.PoolingHttpClientConnectionManager -- Connection released: [id: 1][route: {}->http://localhost:3000][total available: 1; route allocated: 1 of 5; total allocated: 1 of 10]
16:19:25.124 [pool-2-thread-90] DEBUG org.apache.http.impl.conn.PoolingHttpClientConnectionManager -- Connection manager is shutting down
16:19:25.124 [pool-2-thread-76] DEBUG org.apache.http.impl.conn.PoolingHttpClientConnectionManager -- Connection manager is shutting down
16:19:25.124 [pool-2-thread-76] DEBUG org.apache.http.impl.conn.DefaultManagedHttpClientConnection -- http-outgoing-23: Close connection
16:19:25.124 [pool-2-thread-90] DEBUG org.apache.http.impl.conn.DefaultManagedHttpClientConnection -- http-outgoing-5: Close connection
16:19:25.124 [pool-2-thread-57] DEBUG org.apache.http.impl.execchain.MainClientExec -- Connection can be kept alive for 5000 MILLISECONDS
16:19:25.124 [pool-2-thread-76] DEBUG org.apache.http.impl.conn.PoolingHttpClientConnectionManager -- Connection manager shut down
16:19:25.124 [pool-2-thread-90] DEBUG org.apache.http.impl.conn.PoolingHttpClientConnectionManager -- Connection manager shut down
16:19:25.124 [pool-2-thread-57] DEBUG org.apache.http.impl.conn.PoolingHttpClientConnectionManager -- Connection [id: 78][route: {}->http://localhost:3000] can be kept alive for 5.0 seconds
16:19:25.124 [pool-2-thread-57] DEBUG org.apache.http.impl.conn.DefaultManagedHttpClientConnection -- http-outgoing-86: set socket timeout to 0
16:19:25.124 [pool-2-thread-57] DEBUG org.apache.http.impl.conn.PoolingHttpClientConnectionManager -- Connection released: [id: 78][route: {}->http://localhost:3000][total available: 1; route allocated: 1 of 5; total allocated: 1 of 10]
16:19:25.124 [pool-2-thread-57] DEBUG org.apache.http.impl.conn.PoolingHttpClientConnectionManager -- Connection manager is shutting down
16:19:25.124 [pool-2-thread-57] DEBUG org.apache.http.impl.conn.DefaultManagedHttpClientConnection -- http-outgoing-86: Close connection
16:19:25.124 [pool-2-thread-57] DEBUG org.apache.http.impl.conn.PoolingHttpClientConnectionManager -- Connection manager shut down
16:19:25.124 [pool-2-thread-90] DEBUG com.intuit.karate -- response time in milliseconds: 5312
1 < 200
1 < X-Powered-By: Express
1 < Access-Control-Allow-Origin: *
1 < Content-Type: application/json; charset=utf-8
1 < Content-Length: 605
1 < ETag: W/"25d-NOm5XJ3/HAE0hDCzRvgDYrspMEY"
1 < Date: Tue, 24 Jun 2025 09:19:25 GMT
1 < Connection: keep-alive
1 < Keep-Alive: timeout=5
{"access_token":"eyJhbGciOiJIUzI1NiIsInR5cCI6IkpXVCJ9.eyJzdWIiOiIwYTM3ZWY0My1mZWU4LTQxZDMtYTY4Ni04YWIwODY5NDg2OTUiLCJ1c2VybmFtZSI6ImpvaG5kb2UyMSIsInJvbGUiOjAsImlhdCI6MTc1MDc1Njc2MywiZXhwIjoxNzUwNzYwMzYzfQ.RUOJv_ai-scGRrkmM5US7uFleKP3ch7Fe1cA2XKqJoU","refresh_token":"104c63459205a4dc61c4e2a1643f9acc5b040eb170854fe949a84f2e37ddb06a","user":{"id":"0a37ef43-fee8-41d3-a686-8ab086948695","email":"testit2@gmail.com","username":"johndoe21","name":"John Doe","phoneNumber":"0123456712","profilePic":null,"bio":null,"private":false,"verified":false,"role":0,"followersCount":0,"followingCount":0,"postCount":0}}

16:19:25.124 [pool-2-thread-76] DEBUG com.intuit.karate -- response time in milliseconds: 5307
1 < 200
1 < X-Powered-By: Express
1 < Access-Control-Allow-Origin: *
1 < Content-Type: application/json; charset=utf-8
1 < Content-Length: 607
1 < ETag: W/"25f-uexbZrzJvWg27+Gz2MrTGELzzAw"
1 < Date: Tue, 24 Jun 2025 09:19:25 GMT
1 < Connection: keep-alive
1 < Keep-Alive: timeout=5
{"access_token":"eyJhbGciOiJIUzI1NiIsInR5cCI6IkpXVCJ9.eyJzdWIiOiI5YTI2OTc2Yy0xNTMyLTRkZjMtYTE2ZS03NjMxNTI1Yzg1MDIiLCJ1c2VybmFtZSI6ImpvaG5kb2UyZDUiLCJyb2xlIjowLCJpYXQiOjE3NTA3NTY3NjMsImV4cCI6MTc1MDc2MDM2M30.lP3SigYHrBvNPiQAN3cToDyKAeiBdtGBOhwMZXZJq5g","refresh_token":"b419c01855b00e6898ceab614a505b640083f0ce7f8a17a88f23bba319c5f03d","user":{"id":"9a26976c-1532-4df3-a16e-7631525c8502","email":"testit4@gmail.com","username":"johndoe2d5","name":"John Doe","phoneNumber":"0123456212","profilePic":null,"bio":null,"private":false,"verified":false,"role":0,"followersCount":0,"followingCount":0,"postCount":0}}

16:19:25.126 [pool-2-thread-57] DEBUG com.intuit.karate -- response time in milliseconds: 5309
1 < 200
1 < X-Powered-By: Express
1 < Access-Control-Allow-Origin: *
1 < Content-Type: application/json; charset=utf-8
1 < Content-Length: 605
1 < ETag: W/"25d-PHmt8DPcD8HJMPKK0pUmB6N0ZSU"
1 < Date: Tue, 24 Jun 2025 09:19:25 GMT
1 < Connection: keep-alive
1 < Keep-Alive: timeout=5
{"access_token":"eyJhbGciOiJIUzI1NiIsInR5cCI6IkpXVCJ9.eyJzdWIiOiI2NTBjZTFlZC1hYWNhLTQzOGYtOTk4OC0xZjA1OGFiNWFhMWEiLCJ1c2VybmFtZSI6ImpvaG5kb2UyNSIsInJvbGUiOjAsImlhdCI6MTc1MDc1Njc2MywiZXhwIjoxNzUwNzYwMzYzfQ.Uqr4sxtcIorI6jnTbsLcWUnt9kllMj69PX8OBoR62no","refresh_token":"c44eebb912a3a25b1b563a62ef717c6a186213acc074c46148bca12fe5842cf1","user":{"id":"650ce1ed-aaca-438f-9988-1f058ab5aa1a","email":"testit3@gmail.com","username":"johndoe25","name":"John Doe","phoneNumber":"0123456713","profilePic":null,"bio":null,"private":false,"verified":false,"role":0,"followersCount":0,"followingCount":0,"postCount":0}}

16:19:25.128 [pool-2-thread-90] INFO com.intuit.karate -- [print] Concurrent call completed, status: 200 
16:19:25.128 [pool-2-thread-57] INFO com.intuit.karate -- [print] Concurrent call completed, status: 200 
16:19:25.128 [pool-2-thread-76] INFO com.intuit.karate -- [print] Concurrent call completed, status: 200 
16:19:25.143 [pool-2-thread-4] DEBUG org.apache.http.wire -- http-outgoing-67 << "HTTP/1.1 200 OK[\r][\n]"
16:19:25.143 [pool-2-thread-4] DEBUG org.apache.http.wire -- http-outgoing-67 << "X-Powered-By: Express[\r][\n]"
16:19:25.143 [pool-2-thread-4] DEBUG org.apache.http.wire -- http-outgoing-67 << "Access-Control-Allow-Origin: *[\r][\n]"
16:19:25.143 [pool-2-thread-4] DEBUG org.apache.http.wire -- http-outgoing-67 << "Content-Type: application/json; charset=utf-8[\r][\n]"
16:19:25.143 [pool-2-thread-4] DEBUG org.apache.http.wire -- http-outgoing-67 << "Content-Length: 608[\r][\n]"
16:19:25.143 [pool-2-thread-4] DEBUG org.apache.http.wire -- http-outgoing-67 << "ETag: W/"260-Roy1lbK3H5nkp8mzQ3pnMp2IQKM"[\r][\n]"
16:19:25.143 [pool-2-thread-4] DEBUG org.apache.http.wire -- http-outgoing-67 << "Date: Tue, 24 Jun 2025 09:19:25 GMT[\r][\n]"
16:19:25.143 [pool-2-thread-4] DEBUG org.apache.http.wire -- http-outgoing-67 << "Connection: keep-alive[\r][\n]"
16:19:25.143 [pool-2-thread-4] DEBUG org.apache.http.wire -- http-outgoing-67 << "Keep-Alive: timeout=5[\r][\n]"
16:19:25.143 [pool-2-thread-4] DEBUG org.apache.http.wire -- http-outgoing-67 << "[\r][\n]"
16:19:25.143 [pool-2-thread-4] DEBUG org.apache.http.wire -- http-outgoing-67 << "{"access_token":"eyJhbGciOiJIUzI1NiIsInR5cCI6IkpXVCJ9.eyJzdWIiOiI4YTI0NzQ2MS01YzA0LTQyMWQtOThmNS1mYTljNzM0ZmFlYTUiLCJ1c2VybmFtZSI6ImphbmVzbWl0aCIsInJvbGUiOjAsImlhdCI6MTc1MDc1Njc2MywiZXhwIjoxNzUwNzYwMzYzfQ.GBkpJUi0aimP8dCgQxgGwbly8FKpcvutBysqfabAOkY","refresh_token":"54e30b0dd2b04f5432289ff5e2331a9128f70ccbd65b3c14e3749a4e801807e8","user":{"id":"8a247461-5c04-421d-98f5-fa9c734faea5","email":"test2@example.com","username":"janesmith","name":"Jane Smith","phoneNumber":"01234567890","profilePic":null,"bio":null,"private":false,"verified":false,"role":0,"followersCount":0,"followingCount":0,"postCount":0}}"
16:19:25.143 [pool-2-thread-4] DEBUG org.apache.http.headers -- http-outgoing-67 << HTTP/1.1 200 OK
16:19:25.143 [pool-2-thread-4] DEBUG org.apache.http.headers -- http-outgoing-67 << X-Powered-By: Express
16:19:25.143 [pool-2-thread-4] DEBUG org.apache.http.headers -- http-outgoing-67 << Access-Control-Allow-Origin: *
16:19:25.143 [pool-2-thread-4] DEBUG org.apache.http.headers -- http-outgoing-67 << Content-Type: application/json; charset=utf-8
16:19:25.143 [pool-2-thread-4] DEBUG org.apache.http.headers -- http-outgoing-67 << Content-Length: 608
16:19:25.143 [pool-2-thread-4] DEBUG org.apache.http.headers -- http-outgoing-67 << ETag: W/"260-Roy1lbK3H5nkp8mzQ3pnMp2IQKM"
16:19:25.143 [pool-2-thread-4] DEBUG org.apache.http.headers -- http-outgoing-67 << Date: Tue, 24 Jun 2025 09:19:25 GMT
16:19:25.143 [pool-2-thread-4] DEBUG org.apache.http.headers -- http-outgoing-67 << Connection: keep-alive
16:19:25.143 [pool-2-thread-4] DEBUG org.apache.http.headers -- http-outgoing-67 << Keep-Alive: timeout=5
16:19:25.143 [pool-2-thread-4] DEBUG org.apache.http.impl.execchain.MainClientExec -- Connection can be kept alive for 5000 MILLISECONDS
16:19:25.143 [pool-2-thread-4] DEBUG org.apache.http.impl.conn.PoolingHttpClientConnectionManager -- Connection [id: 15][route: {}->http://localhost:3000] can be kept alive for 5.0 seconds
16:19:25.143 [pool-2-thread-4] DEBUG org.apache.http.impl.conn.DefaultManagedHttpClientConnection -- http-outgoing-67: set socket timeout to 0
16:19:25.143 [pool-2-thread-4] DEBUG org.apache.http.impl.conn.PoolingHttpClientConnectionManager -- Connection released: [id: 15][route: {}->http://localhost:3000][total available: 1; route allocated: 1 of 5; total allocated: 1 of 10]
16:19:25.143 [pool-2-thread-4] DEBUG org.apache.http.impl.conn.PoolingHttpClientConnectionManager -- Connection manager is shutting down
16:19:25.144 [pool-2-thread-4] DEBUG org.apache.http.impl.conn.DefaultManagedHttpClientConnection -- http-outgoing-67: Close connection
16:19:25.144 [pool-2-thread-4] DEBUG org.apache.http.impl.conn.PoolingHttpClientConnectionManager -- Connection manager shut down
16:19:25.144 [pool-2-thread-4] DEBUG com.intuit.karate -- response time in milliseconds: 5314
1 < 200
1 < X-Powered-By: Express
1 < Access-Control-Allow-Origin: *
1 < Content-Type: application/json; charset=utf-8
1 < Content-Length: 608
1 < ETag: W/"260-Roy1lbK3H5nkp8mzQ3pnMp2IQKM"
1 < Date: Tue, 24 Jun 2025 09:19:25 GMT
1 < Connection: keep-alive
1 < Keep-Alive: timeout=5
{"access_token":"eyJhbGciOiJIUzI1NiIsInR5cCI6IkpXVCJ9.eyJzdWIiOiI4YTI0NzQ2MS01YzA0LTQyMWQtOThmNS1mYTljNzM0ZmFlYTUiLCJ1c2VybmFtZSI6ImphbmVzbWl0aCIsInJvbGUiOjAsImlhdCI6MTc1MDc1Njc2MywiZXhwIjoxNzUwNzYwMzYzfQ.GBkpJUi0aimP8dCgQxgGwbly8FKpcvutBysqfabAOkY","refresh_token":"54e30b0dd2b04f5432289ff5e2331a9128f70ccbd65b3c14e3749a4e801807e8","user":{"id":"8a247461-5c04-421d-98f5-fa9c734faea5","email":"test2@example.com","username":"janesmith","name":"Jane Smith","phoneNumber":"01234567890","profilePic":null,"bio":null,"private":false,"verified":false,"role":0,"followersCount":0,"followingCount":0,"postCount":0}}

16:19:25.147 [pool-2-thread-4] INFO com.intuit.karate -- [print] Concurrent call completed, status: 200 
16:19:26.001 [pool-2-thread-52] DEBUG org.apache.http.wire -- http-outgoing-18 << "HTTP/1.1 200 OK[\r][\n]"
16:19:26.001 [pool-2-thread-52] DEBUG org.apache.http.wire -- http-outgoing-18 << "X-Powered-By: Express[\r][\n]"
16:19:26.001 [pool-2-thread-52] DEBUG org.apache.http.wire -- http-outgoing-18 << "Access-Control-Allow-Origin: *[\r][\n]"
16:19:26.001 [pool-2-thread-52] DEBUG org.apache.http.wire -- http-outgoing-18 << "Content-Type: application/json; charset=utf-8[\r][\n]"
16:19:26.001 [pool-2-thread-52] DEBUG org.apache.http.wire -- http-outgoing-18 << "Content-Length: 715[\r][\n]"
16:19:26.001 [pool-2-thread-52] DEBUG org.apache.http.wire -- http-outgoing-18 << "ETag: W/"2cb-HYbGdysvBkpwH7MGhhVrQHI9m64"[\r][\n]"
16:19:26.001 [pool-2-thread-52] DEBUG org.apache.http.wire -- http-outgoing-18 << "Date: Tue, 24 Jun 2025 09:19:25 GMT[\r][\n]"
16:19:26.001 [pool-2-thread-52] DEBUG org.apache.http.wire -- http-outgoing-18 << "Connection: keep-alive[\r][\n]"
16:19:26.001 [pool-2-thread-52] DEBUG org.apache.http.wire -- http-outgoing-18 << "Keep-Alive: timeout=5[\r][\n]"
16:19:26.001 [pool-2-thread-52] DEBUG org.apache.http.wire -- http-outgoing-18 << "[\r][\n]"
16:19:26.001 [pool-2-thread-52] DEBUG org.apache.http.wire -- http-outgoing-18 << "{"access_token":"eyJhbGciOiJIUzI1NiIsInR5cCI6IkpXVCJ9.eyJzdWIiOiIyYjg0YWEyNC02NjhhLTQwZTItYWYxYy1hZDRmYzRmYTVhNmYiLCJ1c2VybmFtZSI6InF1YW5nMSIsInJvbGUiOjAsImlhdCI6MTc1MDc1Njc2NCwiZXhwIjoxNzUwNzYwMzY0fQ.ksTg9dCPt31yTXdVT5RJKDslLUKqOlkbps6OzcSgaeg","refresh_token":"cc44a51cf1aa30cd7ced29c5af533160ee29b7e481bfcb0a27be734f6e8132e4","user":{"id":"2b84aa24-668a-40e2-af1c-ad4fc4fa5a6f","email":"quang1@gmail.com","username":"quang1","name":"quang1","phoneNumber":"09874563210","profilePic":"https://res.cloudinary.com/dizcvrefo/image/upload/v1749027586/nestjs_uploads/xehairydt9rzlbmbmv4c.jpg","bio":"Thang Nam Lao Vua Thoi","private":false,"verified":false,"role":0,"followersCount":2,"followingCount":3,"postCount":2}}"
16:19:26.001 [pool-2-thread-52] DEBUG org.apache.http.headers -- http-outgoing-18 << HTTP/1.1 200 OK
16:19:26.001 [pool-2-thread-52] DEBUG org.apache.http.headers -- http-outgoing-18 << X-Powered-By: Express
16:19:26.001 [pool-2-thread-52] DEBUG org.apache.http.headers -- http-outgoing-18 << Access-Control-Allow-Origin: *
16:19:26.001 [pool-2-thread-52] DEBUG org.apache.http.headers -- http-outgoing-18 << Content-Type: application/json; charset=utf-8
16:19:26.001 [pool-2-thread-52] DEBUG org.apache.http.headers -- http-outgoing-18 << Content-Length: 715
16:19:26.001 [pool-2-thread-52] DEBUG org.apache.http.headers -- http-outgoing-18 << ETag: W/"2cb-HYbGdysvBkpwH7MGhhVrQHI9m64"
16:19:26.001 [pool-2-thread-52] DEBUG org.apache.http.headers -- http-outgoing-18 << Date: Tue, 24 Jun 2025 09:19:25 GMT
16:19:26.001 [pool-2-thread-52] DEBUG org.apache.http.headers -- http-outgoing-18 << Connection: keep-alive
16:19:26.001 [pool-2-thread-52] DEBUG org.apache.http.headers -- http-outgoing-18 << Keep-Alive: timeout=5
16:19:26.001 [pool-2-thread-52] DEBUG org.apache.http.impl.execchain.MainClientExec -- Connection can be kept alive for 5000 MILLISECONDS
16:19:26.001 [pool-2-thread-52] DEBUG org.apache.http.impl.conn.PoolingHttpClientConnectionManager -- Connection [id: 65][route: {}->http://localhost:3000] can be kept alive for 5.0 seconds
16:19:26.001 [pool-2-thread-52] DEBUG org.apache.http.impl.conn.DefaultManagedHttpClientConnection -- http-outgoing-18: set socket timeout to 0
16:19:26.001 [pool-2-thread-52] DEBUG org.apache.http.impl.conn.PoolingHttpClientConnectionManager -- Connection released: [id: 65][route: {}->http://localhost:3000][total available: 1; route allocated: 1 of 5; total allocated: 1 of 10]
16:19:26.001 [pool-2-thread-52] DEBUG org.apache.http.impl.conn.PoolingHttpClientConnectionManager -- Connection manager is shutting down
16:19:26.001 [pool-2-thread-52] DEBUG org.apache.http.impl.conn.DefaultManagedHttpClientConnection -- http-outgoing-18: Close connection
16:19:26.001 [pool-2-thread-52] DEBUG org.apache.http.impl.conn.PoolingHttpClientConnectionManager -- Connection manager shut down
16:19:26.001 [pool-2-thread-52] DEBUG com.intuit.karate -- response time in milliseconds: 6185
1 < 200
1 < X-Powered-By: Express
1 < Access-Control-Allow-Origin: *
1 < Content-Type: application/json; charset=utf-8
1 < Content-Length: 715
1 < ETag: W/"2cb-HYbGdysvBkpwH7MGhhVrQHI9m64"
1 < Date: Tue, 24 Jun 2025 09:19:25 GMT
1 < Connection: keep-alive
1 < Keep-Alive: timeout=5
{"access_token":"eyJhbGciOiJIUzI1NiIsInR5cCI6IkpXVCJ9.eyJzdWIiOiIyYjg0YWEyNC02NjhhLTQwZTItYWYxYy1hZDRmYzRmYTVhNmYiLCJ1c2VybmFtZSI6InF1YW5nMSIsInJvbGUiOjAsImlhdCI6MTc1MDc1Njc2NCwiZXhwIjoxNzUwNzYwMzY0fQ.ksTg9dCPt31yTXdVT5RJKDslLUKqOlkbps6OzcSgaeg","refresh_token":"cc44a51cf1aa30cd7ced29c5af533160ee29b7e481bfcb0a27be734f6e8132e4","user":{"id":"2b84aa24-668a-40e2-af1c-ad4fc4fa5a6f","email":"quang1@gmail.com","username":"quang1","name":"quang1","phoneNumber":"09874563210","profilePic":"https://res.cloudinary.com/dizcvrefo/image/upload/v1749027586/nestjs_uploads/xehairydt9rzlbmbmv4c.jpg","bio":"Thang Nam Lao Vua Thoi","private":false,"verified":false,"role":0,"followersCount":2,"followingCount":3,"postCount":2}}

16:19:26.004 [pool-2-thread-52] INFO com.intuit.karate -- [print] Concurrent call completed, status: 200 
16:19:26.197 [pool-2-thread-55] DEBUG org.apache.http.wire -- http-outgoing-61 << "HTTP/1.1 200 OK[\r][\n]"
16:19:26.197 [pool-2-thread-55] DEBUG org.apache.http.wire -- http-outgoing-61 << "X-Powered-By: Express[\r][\n]"
16:19:26.197 [pool-2-thread-55] DEBUG org.apache.http.wire -- http-outgoing-61 << "Access-Control-Allow-Origin: *[\r][\n]"
16:19:26.197 [pool-2-thread-55] DEBUG org.apache.http.wire -- http-outgoing-61 << "Content-Type: application/json; charset=utf-8[\r][\n]"
16:19:26.197 [pool-2-thread-55] DEBUG org.apache.http.wire -- http-outgoing-61 << "Content-Length: 607[\r][\n]"
16:19:26.197 [pool-2-thread-55] DEBUG org.apache.http.wire -- http-outgoing-61 << "ETag: W/"25f-JBamgrxZ6V00/3GMHEHciY012y4"[\r][\n]"
16:19:26.197 [pool-2-thread-55] DEBUG org.apache.http.wire -- http-outgoing-61 << "Date: Tue, 24 Jun 2025 09:19:26 GMT[\r][\n]"
16:19:26.197 [pool-2-thread-55] DEBUG org.apache.http.wire -- http-outgoing-61 << "Connection: keep-alive[\r][\n]"
16:19:26.197 [pool-2-thread-55] DEBUG org.apache.http.wire -- http-outgoing-61 << "Keep-Alive: timeout=5[\r][\n]"
16:19:26.197 [pool-2-thread-55] DEBUG org.apache.http.wire -- http-outgoing-61 << "[\r][\n]"
16:19:26.197 [pool-2-thread-55] DEBUG org.apache.http.wire -- http-outgoing-61 << "{"access_token":"eyJhbGciOiJIUzI1NiIsInR5cCI6IkpXVCJ9.eyJzdWIiOiJjMjE0MjJkZi1jY2VjLTQ0MGUtOWE0Mi1jMWI4MmFiZjczM2QiLCJ1c2VybmFtZSI6ImpvaG5kb2UyOCIsInJvbGUiOjAsImlhdCI6MTc1MDc1Njc2NCwiZXhwIjoxNzUwNzYwMzY0fQ.3LdJY3MqN8eRw_CLmfMP04zpzqGgbjtx7I066kfL6Lk","refresh_token":"ab45c1e7fe603ea1c4ee2aefb3be633e6151a2d18f8412b90e51e346b9549e6a","user":{"id":"c21422df-ccec-440e-9a42-c1b82abf733d","email":"test28@example.com","username":"johndoe28","name":"John Doe","phoneNumber":"84987654321","profilePic":null,"bio":null,"private":false,"verified":false,"role":0,"followersCount":0,"followingCount":0,"postCount":0}}"
16:19:26.197 [pool-2-thread-55] DEBUG org.apache.http.headers -- http-outgoing-61 << HTTP/1.1 200 OK
16:19:26.197 [pool-2-thread-55] DEBUG org.apache.http.headers -- http-outgoing-61 << X-Powered-By: Express
16:19:26.197 [pool-2-thread-55] DEBUG org.apache.http.headers -- http-outgoing-61 << Access-Control-Allow-Origin: *
16:19:26.197 [pool-2-thread-55] DEBUG org.apache.http.headers -- http-outgoing-61 << Content-Type: application/json; charset=utf-8
16:19:26.197 [pool-2-thread-55] DEBUG org.apache.http.headers -- http-outgoing-61 << Content-Length: 607
16:19:26.197 [pool-2-thread-55] DEBUG org.apache.http.headers -- http-outgoing-61 << ETag: W/"25f-JBamgrxZ6V00/3GMHEHciY012y4"
16:19:26.197 [pool-2-thread-55] DEBUG org.apache.http.headers -- http-outgoing-61 << Date: Tue, 24 Jun 2025 09:19:26 GMT
16:19:26.197 [pool-2-thread-55] DEBUG org.apache.http.headers -- http-outgoing-61 << Connection: keep-alive
16:19:26.197 [pool-2-thread-55] DEBUG org.apache.http.headers -- http-outgoing-61 << Keep-Alive: timeout=5
16:19:26.197 [pool-2-thread-55] DEBUG org.apache.http.impl.execchain.MainClientExec -- Connection can be kept alive for 5000 MILLISECONDS
16:19:26.197 [pool-2-thread-55] DEBUG org.apache.http.impl.conn.PoolingHttpClientConnectionManager -- Connection [id: 82][route: {}->http://localhost:3000] can be kept alive for 5.0 seconds
16:19:26.197 [pool-2-thread-55] DEBUG org.apache.http.impl.conn.DefaultManagedHttpClientConnection -- http-outgoing-61: set socket timeout to 0
16:19:26.197 [pool-2-thread-55] DEBUG org.apache.http.impl.conn.PoolingHttpClientConnectionManager -- Connection released: [id: 82][route: {}->http://localhost:3000][total available: 1; route allocated: 1 of 5; total allocated: 1 of 10]
16:19:26.197 [pool-2-thread-55] DEBUG org.apache.http.impl.conn.PoolingHttpClientConnectionManager -- Connection manager is shutting down
16:19:26.197 [pool-2-thread-55] DEBUG org.apache.http.impl.conn.DefaultManagedHttpClientConnection -- http-outgoing-61: Close connection
16:19:26.197 [pool-2-thread-55] DEBUG org.apache.http.impl.conn.PoolingHttpClientConnectionManager -- Connection manager shut down
16:19:26.197 [pool-2-thread-55] DEBUG com.intuit.karate -- response time in milliseconds: 6390
1 < 200
1 < X-Powered-By: Express
1 < Access-Control-Allow-Origin: *
1 < Content-Type: application/json; charset=utf-8
1 < Content-Length: 607
1 < ETag: W/"25f-JBamgrxZ6V00/3GMHEHciY012y4"
1 < Date: Tue, 24 Jun 2025 09:19:26 GMT
1 < Connection: keep-alive
1 < Keep-Alive: timeout=5
{"access_token":"eyJhbGciOiJIUzI1NiIsInR5cCI6IkpXVCJ9.eyJzdWIiOiJjMjE0MjJkZi1jY2VjLTQ0MGUtOWE0Mi1jMWI4MmFiZjczM2QiLCJ1c2VybmFtZSI6ImpvaG5kb2UyOCIsInJvbGUiOjAsImlhdCI6MTc1MDc1Njc2NCwiZXhwIjoxNzUwNzYwMzY0fQ.3LdJY3MqN8eRw_CLmfMP04zpzqGgbjtx7I066kfL6Lk","refresh_token":"ab45c1e7fe603ea1c4ee2aefb3be633e6151a2d18f8412b90e51e346b9549e6a","user":{"id":"c21422df-ccec-440e-9a42-c1b82abf733d","email":"test28@example.com","username":"johndoe28","name":"John Doe","phoneNumber":"84987654321","profilePic":null,"bio":null,"private":false,"verified":false,"role":0,"followersCount":0,"followingCount":0,"postCount":0}}

16:19:26.199 [pool-2-thread-55] INFO com.intuit.karate -- [print] Concurrent call completed, status: 200 
16:19:27.090 [pool-2-thread-41] DEBUG org.apache.http.wire -- http-outgoing-33 << "HTTP/1.1 200 OK[\r][\n]"
16:19:27.090 [pool-2-thread-41] DEBUG org.apache.http.wire -- http-outgoing-33 << "X-Powered-By: Express[\r][\n]"
16:19:27.090 [pool-2-thread-41] DEBUG org.apache.http.wire -- http-outgoing-33 << "Access-Control-Allow-Origin: *[\r][\n]"
16:19:27.091 [pool-2-thread-41] DEBUG org.apache.http.wire -- http-outgoing-33 << "Content-Type: application/json; charset=utf-8[\r][\n]"
16:19:27.091 [pool-2-thread-41] DEBUG org.apache.http.wire -- http-outgoing-33 << "Content-Length: 708[\r][\n]"
16:19:27.091 [pool-2-thread-41] DEBUG org.apache.http.wire -- http-outgoing-33 << "ETag: W/"2c4-pAn3AV7I4IVwJhMSUkAjwM0ThNM"[\r][\n]"
16:19:27.091 [pool-2-thread-41] DEBUG org.apache.http.wire -- http-outgoing-33 << "Date: Tue, 24 Jun 2025 09:19:27 GMT[\r][\n]"
16:19:27.091 [pool-2-thread-41] DEBUG org.apache.http.wire -- http-outgoing-33 << "Connection: keep-alive[\r][\n]"
16:19:27.091 [pool-2-thread-41] DEBUG org.apache.http.wire -- http-outgoing-33 << "Keep-Alive: timeout=5[\r][\n]"
16:19:27.091 [pool-2-thread-41] DEBUG org.apache.http.wire -- http-outgoing-33 << "[\r][\n]"
16:19:27.091 [pool-2-thread-41] DEBUG org.apache.http.wire -- http-outgoing-33 << "{"access_token":"eyJhbGciOiJIUzI1NiIsInR5cCI6IkpXVCJ9.eyJzdWIiOiIwODUxNWIwNS0yZDNlLTQ3ODktYWQ2MC1kYjM1NTI1YTQ5NzAiLCJ1c2VybmFtZSI6Im5hbSIsInJvbGUiOjAsImlhdCI6MTc1MDc1Njc2NSwiZXhwIjoxNzUwNzYwMzY1fQ.HnUvl1xTxDLDYA0iYgPo9Oz93g0FwAkBekIVIZ701L8","refresh_token":"4e6f76c5abcb3d62ad6d8dc01380bce2bc577af3ed9fea1074487d4fa1c85229","user":{"id":"08515b05-2d3e-4789-ad60-db35525a4970","email":"nam@gmail.com","username":"nam","name":"nam","phoneNumber":"0123456789","profilePic":"https://res.cloudinary.com/dizcvrefo/image/upload/v1749266646/nestjs_uploads/zk9zrpeidnovxibfqdxr.png","bio":"Chu tich hoi dong Quan tri 1","private":false,"verified":false,"role":0,"followersCount":2,"followingCount":5,"postCount":13}}"
16:19:27.091 [pool-2-thread-41] DEBUG org.apache.http.headers -- http-outgoing-33 << HTTP/1.1 200 OK
16:19:27.091 [pool-2-thread-41] DEBUG org.apache.http.headers -- http-outgoing-33 << X-Powered-By: Express
16:19:27.091 [pool-2-thread-41] DEBUG org.apache.http.headers -- http-outgoing-33 << Access-Control-Allow-Origin: *
16:19:27.091 [pool-2-thread-41] DEBUG org.apache.http.headers -- http-outgoing-33 << Content-Type: application/json; charset=utf-8
16:19:27.091 [pool-2-thread-41] DEBUG org.apache.http.headers -- http-outgoing-33 << Content-Length: 708
16:19:27.091 [pool-2-thread-41] DEBUG org.apache.http.headers -- http-outgoing-33 << ETag: W/"2c4-pAn3AV7I4IVwJhMSUkAjwM0ThNM"
16:19:27.091 [pool-2-thread-41] DEBUG org.apache.http.headers -- http-outgoing-33 << Date: Tue, 24 Jun 2025 09:19:27 GMT
16:19:27.091 [pool-2-thread-41] DEBUG org.apache.http.headers -- http-outgoing-33 << Connection: keep-alive
16:19:27.091 [pool-2-thread-41] DEBUG org.apache.http.headers -- http-outgoing-33 << Keep-Alive: timeout=5
16:19:27.091 [pool-2-thread-41] DEBUG org.apache.http.impl.execchain.MainClientExec -- Connection can be kept alive for 5000 MILLISECONDS
16:19:27.091 [pool-2-thread-41] DEBUG org.apache.http.impl.conn.PoolingHttpClientConnectionManager -- Connection [id: 47][route: {}->http://localhost:3000] can be kept alive for 5.0 seconds
16:19:27.091 [pool-2-thread-41] DEBUG org.apache.http.impl.conn.DefaultManagedHttpClientConnection -- http-outgoing-33: set socket timeout to 0
16:19:27.091 [pool-2-thread-41] DEBUG org.apache.http.impl.conn.PoolingHttpClientConnectionManager -- Connection released: [id: 47][route: {}->http://localhost:3000][total available: 1; route allocated: 1 of 5; total allocated: 1 of 10]
16:19:27.091 [pool-2-thread-41] DEBUG org.apache.http.impl.conn.PoolingHttpClientConnectionManager -- Connection manager is shutting down
16:19:27.091 [pool-2-thread-41] DEBUG org.apache.http.impl.conn.DefaultManagedHttpClientConnection -- http-outgoing-33: Close connection
16:19:27.091 [pool-2-thread-41] DEBUG org.apache.http.impl.conn.PoolingHttpClientConnectionManager -- Connection manager shut down
16:19:27.091 [pool-2-thread-41] DEBUG com.intuit.karate -- response time in milliseconds: 7281
1 < 200
1 < X-Powered-By: Express
1 < Access-Control-Allow-Origin: *
1 < Content-Type: application/json; charset=utf-8
1 < Content-Length: 708
1 < ETag: W/"2c4-pAn3AV7I4IVwJhMSUkAjwM0ThNM"
1 < Date: Tue, 24 Jun 2025 09:19:27 GMT
1 < Connection: keep-alive
1 < Keep-Alive: timeout=5
{"access_token":"eyJhbGciOiJIUzI1NiIsInR5cCI6IkpXVCJ9.eyJzdWIiOiIwODUxNWIwNS0yZDNlLTQ3ODktYWQ2MC1kYjM1NTI1YTQ5NzAiLCJ1c2VybmFtZSI6Im5hbSIsInJvbGUiOjAsImlhdCI6MTc1MDc1Njc2NSwiZXhwIjoxNzUwNzYwMzY1fQ.HnUvl1xTxDLDYA0iYgPo9Oz93g0FwAkBekIVIZ701L8","refresh_token":"4e6f76c5abcb3d62ad6d8dc01380bce2bc577af3ed9fea1074487d4fa1c85229","user":{"id":"08515b05-2d3e-4789-ad60-db35525a4970","email":"nam@gmail.com","username":"nam","name":"nam","phoneNumber":"0123456789","profilePic":"https://res.cloudinary.com/dizcvrefo/image/upload/v1749266646/nestjs_uploads/zk9zrpeidnovxibfqdxr.png","bio":"Chu tich hoi dong Quan tri 1","private":false,"verified":false,"role":0,"followersCount":2,"followingCount":5,"postCount":13}}

16:19:27.093 [pool-2-thread-41] INFO com.intuit.karate -- [print] Concurrent call completed, status: 200 
16:19:27.923 [pool-2-thread-10] DEBUG org.apache.http.wire -- http-outgoing-63 << "HTTP/1.1 200 OK[\r][\n]"
16:19:27.923 [pool-2-thread-10] DEBUG org.apache.http.wire -- http-outgoing-63 << "X-Powered-By: Express[\r][\n]"
16:19:27.923 [pool-2-thread-10] DEBUG org.apache.http.wire -- http-outgoing-63 << "Access-Control-Allow-Origin: *[\r][\n]"
16:19:27.923 [pool-2-thread-10] DEBUG org.apache.http.wire -- http-outgoing-63 << "Content-Type: application/json; charset=utf-8[\r][\n]"
16:19:27.923 [pool-2-thread-10] DEBUG org.apache.http.wire -- http-outgoing-63 << "Content-Length: 605[\r][\n]"
16:19:27.923 [pool-2-thread-10] DEBUG org.apache.http.wire -- http-outgoing-63 << "ETag: W/"25d-Vt09k0b4QRy5/pUgOAskw1A28aw"[\r][\n]"
16:19:27.923 [pool-2-thread-10] DEBUG org.apache.http.wire -- http-outgoing-63 << "Date: Tue, 24 Jun 2025 09:19:27 GMT[\r][\n]"
16:19:27.923 [pool-2-thread-10] DEBUG org.apache.http.wire -- http-outgoing-63 << "Connection: keep-alive[\r][\n]"
16:19:27.923 [pool-2-thread-10] DEBUG org.apache.http.wire -- http-outgoing-63 << "Keep-Alive: timeout=5[\r][\n]"
16:19:27.923 [pool-2-thread-10] DEBUG org.apache.http.wire -- http-outgoing-63 << "[\r][\n]"
16:19:27.923 [pool-2-thread-10] DEBUG org.apache.http.wire -- http-outgoing-63 << "{"access_token":"eyJhbGciOiJIUzI1NiIsInR5cCI6IkpXVCJ9.eyJzdWIiOiIwYTM3ZWY0My1mZWU4LTQxZDMtYTY4Ni04YWIwODY5NDg2OTUiLCJ1c2VybmFtZSI6ImpvaG5kb2UyMSIsInJvbGUiOjAsImlhdCI6MTc1MDc1Njc2NiwiZXhwIjoxNzUwNzYwMzY2fQ.1UoB6D4actIc8RYDNKDgX5tx6C2CC_cOvJclEcyce4U","refresh_token":"5f6ea3ec9493ca1d4594041f278d73fbe90bce469366a27537b3257fed757ebc","user":{"id":"0a37ef43-fee8-41d3-a686-8ab086948695","email":"testit2@gmail.com","username":"johndoe21","name":"John Doe","phoneNumber":"0123456712","profilePic":null,"bio":null,"private":false,"verified":false,"role":0,"followersCount":0,"followingCount":0,"postCount":0}}"
16:19:27.924 [pool-2-thread-10] DEBUG org.apache.http.headers -- http-outgoing-63 << HTTP/1.1 200 OK
16:19:27.924 [pool-2-thread-10] DEBUG org.apache.http.headers -- http-outgoing-63 << X-Powered-By: Express
16:19:27.924 [pool-2-thread-10] DEBUG org.apache.http.headers -- http-outgoing-63 << Access-Control-Allow-Origin: *
16:19:27.924 [pool-2-thread-10] DEBUG org.apache.http.headers -- http-outgoing-63 << Content-Type: application/json; charset=utf-8
16:19:27.924 [pool-2-thread-10] DEBUG org.apache.http.headers -- http-outgoing-63 << Content-Length: 605
16:19:27.924 [pool-2-thread-10] DEBUG org.apache.http.headers -- http-outgoing-63 << ETag: W/"25d-Vt09k0b4QRy5/pUgOAskw1A28aw"
16:19:27.924 [pool-2-thread-10] DEBUG org.apache.http.headers -- http-outgoing-63 << Date: Tue, 24 Jun 2025 09:19:27 GMT
16:19:27.924 [pool-2-thread-10] DEBUG org.apache.http.headers -- http-outgoing-63 << Connection: keep-alive
16:19:27.924 [pool-2-thread-10] DEBUG org.apache.http.headers -- http-outgoing-63 << Keep-Alive: timeout=5
16:19:27.924 [pool-2-thread-10] DEBUG org.apache.http.impl.execchain.MainClientExec -- Connection can be kept alive for 5000 MILLISECONDS
16:19:27.924 [pool-2-thread-83] DEBUG org.apache.http.wire -- http-outgoing-76 << "HTTP/1.1 200 OK[\r][\n]"
16:19:27.924 [pool-2-thread-83] DEBUG org.apache.http.wire -- http-outgoing-76 << "X-Powered-By: Express[\r][\n]"
16:19:27.924 [pool-2-thread-83] DEBUG org.apache.http.wire -- http-outgoing-76 << "Access-Control-Allow-Origin: *[\r][\n]"
16:19:27.924 [pool-2-thread-83] DEBUG org.apache.http.wire -- http-outgoing-76 << "Content-Type: application/json; charset=utf-8[\r][\n]"
16:19:27.924 [pool-2-thread-83] DEBUG org.apache.http.wire -- http-outgoing-76 << "Content-Length: 599[\r][\n]"
16:19:27.924 [pool-2-thread-10] DEBUG org.apache.http.impl.conn.PoolingHttpClientConnectionManager -- Connection [id: 60][route: {}->http://localhost:3000] can be kept alive for 5.0 seconds
16:19:27.924 [pool-2-thread-10] DEBUG org.apache.http.impl.conn.DefaultManagedHttpClientConnection -- http-outgoing-63: set socket timeout to 0
16:19:27.924 [pool-2-thread-83] DEBUG org.apache.http.wire -- http-outgoing-76 << "ETag: W/"257-G9mhMikcCjg5j/Z7P3zkwCvIABo"[\r][\n]"
16:19:27.924 [pool-2-thread-83] DEBUG org.apache.http.wire -- http-outgoing-76 << "Date: Tue, 24 Jun 2025 09:19:27 GMT[\r][\n]"
16:19:27.924 [pool-2-thread-83] DEBUG org.apache.http.wire -- http-outgoing-76 << "Connection: keep-alive[\r][\n]"
16:19:27.924 [pool-2-thread-83] DEBUG org.apache.http.wire -- http-outgoing-76 << "Keep-Alive: timeout=5[\r][\n]"
16:19:27.924 [pool-2-thread-83] DEBUG org.apache.http.wire -- http-outgoing-76 << "[\r][\n]"
16:19:27.924 [pool-2-thread-10] DEBUG org.apache.http.impl.conn.PoolingHttpClientConnectionManager -- Connection released: [id: 60][route: {}->http://localhost:3000][total available: 1; route allocated: 1 of 5; total allocated: 1 of 10]
16:19:27.924 [pool-2-thread-10] DEBUG org.apache.http.impl.conn.PoolingHttpClientConnectionManager -- Connection manager is shutting down
16:19:27.924 [pool-2-thread-10] DEBUG org.apache.http.impl.conn.DefaultManagedHttpClientConnection -- http-outgoing-63: Close connection
16:19:27.924 [pool-2-thread-83] DEBUG org.apache.http.wire -- http-outgoing-76 << "{"access_token":"eyJhbGciOiJIUzI1NiIsInR5cCI6IkpXVCJ9.eyJzdWIiOiIyZGRhMDQzOS01MTgwLTQ1YWEtOTE3Zi1lNjMyZTQ1YThlNDEiLCJ1c2VybmFtZSI6ImpvaG5kb2UiLCJyb2xlIjowLCJpYXQiOjE3NTA3NTY3NjYsImV4cCI6MTc1MDc2MDM2Nn0.iqQNSMHcmaosEC6yHYybqakRE7wImOnuR76fdY5UaSE","refresh_token":"cdf34686e9ec02d7ccd06b7e3f6bdb9d67606ec5c6f5ba21a55d3052a757d986","user":{"id":"2dda0439-5180-45aa-917f-e632e45a8e41","email":"test@example.com","username":"johndoe","name":"John Doe","phoneNumber":"0987654321","profilePic":null,"bio":null,"private":false,"verified":false,"role":0,"followersCount":0,"followingCount":0,"postCount":0}}"
16:19:27.924 [pool-2-thread-83] DEBUG org.apache.http.headers -- http-outgoing-76 << HTTP/1.1 200 OK
16:19:27.924 [pool-2-thread-83] DEBUG org.apache.http.headers -- http-outgoing-76 << X-Powered-By: Express
16:19:27.924 [pool-2-thread-83] DEBUG org.apache.http.headers -- http-outgoing-76 << Access-Control-Allow-Origin: *
16:19:27.924 [pool-2-thread-83] DEBUG org.apache.http.headers -- http-outgoing-76 << Content-Type: application/json; charset=utf-8
16:19:27.924 [pool-2-thread-83] DEBUG org.apache.http.headers -- http-outgoing-76 << Content-Length: 599
16:19:27.924 [pool-2-thread-83] DEBUG org.apache.http.headers -- http-outgoing-76 << ETag: W/"257-G9mhMikcCjg5j/Z7P3zkwCvIABo"
16:19:27.924 [pool-2-thread-83] DEBUG org.apache.http.headers -- http-outgoing-76 << Date: Tue, 24 Jun 2025 09:19:27 GMT
16:19:27.924 [pool-2-thread-83] DEBUG org.apache.http.headers -- http-outgoing-76 << Connection: keep-alive
16:19:27.924 [pool-2-thread-83] DEBUG org.apache.http.headers -- http-outgoing-76 << Keep-Alive: timeout=5
16:19:27.924 [pool-2-thread-10] DEBUG org.apache.http.impl.conn.PoolingHttpClientConnectionManager -- Connection manager shut down
16:19:27.924 [pool-2-thread-94] DEBUG org.apache.http.wire -- http-outgoing-4 << "HTTP/1.1 200 OK[\r][\n]"
16:19:27.924 [pool-2-thread-94] DEBUG org.apache.http.wire -- http-outgoing-4 << "X-Powered-By: Express[\r][\n]"
16:19:27.924 [pool-2-thread-94] DEBUG org.apache.http.wire -- http-outgoing-4 << "Access-Control-Allow-Origin: *[\r][\n]"
16:19:27.924 [pool-2-thread-94] DEBUG org.apache.http.wire -- http-outgoing-4 << "Content-Type: application/json; charset=utf-8[\r][\n]"
16:19:27.924 [pool-2-thread-94] DEBUG org.apache.http.wire -- http-outgoing-4 << "Content-Length: 608[\r][\n]"
16:19:27.924 [pool-2-thread-94] DEBUG org.apache.http.wire -- http-outgoing-4 << "ETag: W/"260-g5Dsy5EJ+u5x3EoJE877o6Kvcis"[\r][\n]"
16:19:27.924 [pool-2-thread-94] DEBUG org.apache.http.wire -- http-outgoing-4 << "Date: Tue, 24 Jun 2025 09:19:27 GMT[\r][\n]"
16:19:27.924 [pool-2-thread-94] DEBUG org.apache.http.wire -- http-outgoing-4 << "Connection: keep-alive[\r][\n]"
16:19:27.924 [pool-2-thread-94] DEBUG org.apache.http.wire -- http-outgoing-4 << "Keep-Alive: timeout=5[\r][\n]"
16:19:27.924 [pool-2-thread-83] DEBUG org.apache.http.impl.execchain.MainClientExec -- Connection can be kept alive for 5000 MILLISECONDS
16:19:27.924 [pool-2-thread-94] DEBUG org.apache.http.wire -- http-outgoing-4 << "[\r][\n]"
16:19:27.924 [pool-2-thread-94] DEBUG org.apache.http.wire -- http-outgoing-4 << "{"access_token":"eyJhbGciOiJIUzI1NiIsInR5cCI6IkpXVCJ9.eyJzdWIiOiI4YTI0NzQ2MS01YzA0LTQyMWQtOThmNS1mYTljNzM0ZmFlYTUiLCJ1c2VybmFtZSI6ImphbmVzbWl0aCIsInJvbGUiOjAsImlhdCI6MTc1MDc1Njc2NiwiZXhwIjoxNzUwNzYwMzY2fQ.-HZQ_5NgxArV5FyZD2l_JFxVsn04gSADBeFZEaflihY","refresh_token":"01fd625444bfd27ab118254a877ca4fc49a22da30390f9060295bf266b90445d","user":{"id":"8a247461-5c04-421d-98f5-fa9c734faea5","email":"test2@example.com","username":"janesmith","name":"Jane Smith","phoneNumber":"01234567890","profilePic":null,"bio":null,"private":false,"verified":false,"role":0,"followersCount":0,"followingCount":0,"postCount":0}}"
16:19:27.924 [pool-2-thread-94] DEBUG org.apache.http.headers -- http-outgoing-4 << HTTP/1.1 200 OK
16:19:27.924 [pool-2-thread-94] DEBUG org.apache.http.headers -- http-outgoing-4 << X-Powered-By: Express
16:19:27.924 [pool-2-thread-94] DEBUG org.apache.http.headers -- http-outgoing-4 << Access-Control-Allow-Origin: *
16:19:27.924 [pool-2-thread-94] DEBUG org.apache.http.headers -- http-outgoing-4 << Content-Type: application/json; charset=utf-8
16:19:27.924 [pool-2-thread-94] DEBUG org.apache.http.headers -- http-outgoing-4 << Content-Length: 608
16:19:27.924 [pool-2-thread-94] DEBUG org.apache.http.headers -- http-outgoing-4 << ETag: W/"260-g5Dsy5EJ+u5x3EoJE877o6Kvcis"
16:19:27.924 [pool-2-thread-94] DEBUG org.apache.http.headers -- http-outgoing-4 << Date: Tue, 24 Jun 2025 09:19:27 GMT
16:19:27.924 [pool-2-thread-94] DEBUG org.apache.http.headers -- http-outgoing-4 << Connection: keep-alive
16:19:27.924 [pool-2-thread-94] DEBUG org.apache.http.headers -- http-outgoing-4 << Keep-Alive: timeout=5
16:19:27.924 [pool-2-thread-10] DEBUG com.intuit.karate -- response time in milliseconds: 8115
1 < 200
1 < X-Powered-By: Express
1 < Access-Control-Allow-Origin: *
1 < Content-Type: application/json; charset=utf-8
1 < Content-Length: 605
1 < ETag: W/"25d-Vt09k0b4QRy5/pUgOAskw1A28aw"
1 < Date: Tue, 24 Jun 2025 09:19:27 GMT
1 < Connection: keep-alive
1 < Keep-Alive: timeout=5
{"access_token":"eyJhbGciOiJIUzI1NiIsInR5cCI6IkpXVCJ9.eyJzdWIiOiIwYTM3ZWY0My1mZWU4LTQxZDMtYTY4Ni04YWIwODY5NDg2OTUiLCJ1c2VybmFtZSI6ImpvaG5kb2UyMSIsInJvbGUiOjAsImlhdCI6MTc1MDc1Njc2NiwiZXhwIjoxNzUwNzYwMzY2fQ.1UoB6D4actIc8RYDNKDgX5tx6C2CC_cOvJclEcyce4U","refresh_token":"5f6ea3ec9493ca1d4594041f278d73fbe90bce469366a27537b3257fed757ebc","user":{"id":"0a37ef43-fee8-41d3-a686-8ab086948695","email":"testit2@gmail.com","username":"johndoe21","name":"John Doe","phoneNumber":"0123456712","profilePic":null,"bio":null,"private":false,"verified":false,"role":0,"followersCount":0,"followingCount":0,"postCount":0}}

16:19:27.924 [pool-2-thread-83] DEBUG org.apache.http.impl.conn.PoolingHttpClientConnectionManager -- Connection [id: 26][route: {}->http://localhost:3000] can be kept alive for 5.0 seconds
16:19:27.924 [pool-2-thread-83] DEBUG org.apache.http.impl.conn.DefaultManagedHttpClientConnection -- http-outgoing-76: set socket timeout to 0
16:19:27.924 [pool-2-thread-94] DEBUG org.apache.http.impl.execchain.MainClientExec -- Connection can be kept alive for 5000 MILLISECONDS
16:19:27.924 [pool-2-thread-83] DEBUG org.apache.http.impl.conn.PoolingHttpClientConnectionManager -- Connection released: [id: 26][route: {}->http://localhost:3000][total available: 1; route allocated: 1 of 5; total allocated: 1 of 10]
16:19:27.924 [pool-2-thread-83] DEBUG org.apache.http.impl.conn.PoolingHttpClientConnectionManager -- Connection manager is shutting down
16:19:27.924 [pool-2-thread-83] DEBUG org.apache.http.impl.conn.DefaultManagedHttpClientConnection -- http-outgoing-76: Close connection
16:19:27.925 [pool-2-thread-94] DEBUG org.apache.http.impl.conn.PoolingHttpClientConnectionManager -- Connection [id: 66][route: {}->http://localhost:3000] can be kept alive for 5.0 seconds
16:19:27.925 [pool-2-thread-94] DEBUG org.apache.http.impl.conn.DefaultManagedHttpClientConnection -- http-outgoing-4: set socket timeout to 0
16:19:27.925 [pool-2-thread-83] DEBUG org.apache.http.impl.conn.PoolingHttpClientConnectionManager -- Connection manager shut down
16:19:27.925 [pool-2-thread-94] DEBUG org.apache.http.impl.conn.PoolingHttpClientConnectionManager -- Connection released: [id: 66][route: {}->http://localhost:3000][total available: 1; route allocated: 1 of 5; total allocated: 1 of 10]
16:19:27.925 [pool-2-thread-94] DEBUG org.apache.http.impl.conn.PoolingHttpClientConnectionManager -- Connection manager is shutting down
16:19:27.925 [pool-2-thread-94] DEBUG org.apache.http.impl.conn.DefaultManagedHttpClientConnection -- http-outgoing-4: Close connection
16:19:27.925 [pool-2-thread-29] DEBUG org.apache.http.wire -- http-outgoing-22 << "HTTP/1.1 200 OK[\r][\n]"
16:19:27.925 [pool-2-thread-29] DEBUG org.apache.http.wire -- http-outgoing-22 << "X-Powered-By: Express[\r][\n]"
16:19:27.925 [pool-2-thread-29] DEBUG org.apache.http.wire -- http-outgoing-22 << "Access-Control-Allow-Origin: *[\r][\n]"
16:19:27.925 [pool-2-thread-83] DEBUG com.intuit.karate -- response time in milliseconds: 8114
1 < 200
1 < X-Powered-By: Express
1 < Access-Control-Allow-Origin: *
1 < Content-Type: application/json; charset=utf-8
1 < Content-Length: 599
1 < ETag: W/"257-G9mhMikcCjg5j/Z7P3zkwCvIABo"
1 < Date: Tue, 24 Jun 2025 09:19:27 GMT
1 < Connection: keep-alive
1 < Keep-Alive: timeout=5
{"access_token":"eyJhbGciOiJIUzI1NiIsInR5cCI6IkpXVCJ9.eyJzdWIiOiIyZGRhMDQzOS01MTgwLTQ1YWEtOTE3Zi1lNjMyZTQ1YThlNDEiLCJ1c2VybmFtZSI6ImpvaG5kb2UiLCJyb2xlIjowLCJpYXQiOjE3NTA3NTY3NjYsImV4cCI6MTc1MDc2MDM2Nn0.iqQNSMHcmaosEC6yHYybqakRE7wImOnuR76fdY5UaSE","refresh_token":"cdf34686e9ec02d7ccd06b7e3f6bdb9d67606ec5c6f5ba21a55d3052a757d986","user":{"id":"2dda0439-5180-45aa-917f-e632e45a8e41","email":"test@example.com","username":"johndoe","name":"John Doe","phoneNumber":"0987654321","profilePic":null,"bio":null,"private":false,"verified":false,"role":0,"followersCount":0,"followingCount":0,"postCount":0}}

16:19:27.925 [pool-2-thread-29] DEBUG org.apache.http.wire -- http-outgoing-22 << "Content-Type: application/json; charset=utf-8[\r][\n]"
16:19:27.925 [pool-2-thread-94] DEBUG org.apache.http.impl.conn.PoolingHttpClientConnectionManager -- Connection manager shut down
16:19:27.925 [pool-2-thread-29] DEBUG org.apache.http.wire -- http-outgoing-22 << "Content-Length: 604[\r][\n]"
16:19:27.925 [pool-2-thread-29] DEBUG org.apache.http.wire -- http-outgoing-22 << "ETag: W/"25c-b1EczMRpJWgButPe2gTL22BhT1w"[\r][\n]"
16:19:27.925 [pool-2-thread-29] DEBUG org.apache.http.wire -- http-outgoing-22 << "Date: Tue, 24 Jun 2025 09:19:27 GMT[\r][\n]"
16:19:27.925 [pool-2-thread-29] DEBUG org.apache.http.wire -- http-outgoing-22 << "Connection: keep-alive[\r][\n]"
16:19:27.925 [pool-2-thread-29] DEBUG org.apache.http.wire -- http-outgoing-22 << "Keep-Alive: timeout=5[\r][\n]"
16:19:27.925 [pool-2-thread-29] DEBUG org.apache.http.wire -- http-outgoing-22 << "[\r][\n]"
16:19:27.925 [pool-2-thread-29] DEBUG org.apache.http.wire -- http-outgoing-22 << "{"access_token":"eyJhbGciOiJIUzI1NiIsInR5cCI6IkpXVCJ9.eyJzdWIiOiJkZjZmMDkxOS1hMjNkLTQ0YzktYTkyNS00ZWE4YmU1MjVkMTAiLCJ1c2VybmFtZSI6ImpvaG5kb2UyMyIsInJvbGUiOjAsImlhdCI6MTc1MDc1Njc2NiwiZXhwIjoxNzUwNzYwMzY2fQ.6nQPErbqiMJ_zvI9hJZ6ApI3TzbxbFdukJVs4IXT6ik","refresh_token":"5281eb440c1d52c0fab8712405ceec1414f4feb7882a73d47eb405f26847168e","user":{"id":"df6f0919-a23d-44c9-a925-4ea8be525d10","email":"testit@gmail.com","username":"johndoe23","name":"John Doe","phoneNumber":"0123456788","profilePic":null,"bio":null,"private":false,"verified":false,"role":0,"followersCount":0,"followingCount":0,"postCount":0}}"
16:19:27.925 [pool-2-thread-94] DEBUG com.intuit.karate -- response time in milliseconds: 8114
1 < 200
1 < X-Powered-By: Express
1 < Access-Control-Allow-Origin: *
1 < Content-Type: application/json; charset=utf-8
1 < Content-Length: 608
1 < ETag: W/"260-g5Dsy5EJ+u5x3EoJE877o6Kvcis"
1 < Date: Tue, 24 Jun 2025 09:19:27 GMT
1 < Connection: keep-alive
1 < Keep-Alive: timeout=5
{"access_token":"eyJhbGciOiJIUzI1NiIsInR5cCI6IkpXVCJ9.eyJzdWIiOiI4YTI0NzQ2MS01YzA0LTQyMWQtOThmNS1mYTljNzM0ZmFlYTUiLCJ1c2VybmFtZSI6ImphbmVzbWl0aCIsInJvbGUiOjAsImlhdCI6MTc1MDc1Njc2NiwiZXhwIjoxNzUwNzYwMzY2fQ.-HZQ_5NgxArV5FyZD2l_JFxVsn04gSADBeFZEaflihY","refresh_token":"01fd625444bfd27ab118254a877ca4fc49a22da30390f9060295bf266b90445d","user":{"id":"8a247461-5c04-421d-98f5-fa9c734faea5","email":"test2@example.com","username":"janesmith","name":"Jane Smith","phoneNumber":"01234567890","profilePic":null,"bio":null,"private":false,"verified":false,"role":0,"followersCount":0,"followingCount":0,"postCount":0}}

16:19:27.925 [pool-2-thread-29] DEBUG org.apache.http.headers -- http-outgoing-22 << HTTP/1.1 200 OK
16:19:27.925 [pool-2-thread-29] DEBUG org.apache.http.headers -- http-outgoing-22 << X-Powered-By: Express
16:19:27.925 [pool-2-thread-29] DEBUG org.apache.http.headers -- http-outgoing-22 << Access-Control-Allow-Origin: *
16:19:27.925 [pool-2-thread-29] DEBUG org.apache.http.headers -- http-outgoing-22 << Content-Type: application/json; charset=utf-8
16:19:27.925 [pool-2-thread-29] DEBUG org.apache.http.headers -- http-outgoing-22 << Content-Length: 604
16:19:27.925 [pool-2-thread-29] DEBUG org.apache.http.headers -- http-outgoing-22 << ETag: W/"25c-b1EczMRpJWgButPe2gTL22BhT1w"
16:19:27.925 [pool-2-thread-29] DEBUG org.apache.http.headers -- http-outgoing-22 << Date: Tue, 24 Jun 2025 09:19:27 GMT
16:19:27.925 [pool-2-thread-29] DEBUG org.apache.http.headers -- http-outgoing-22 << Connection: keep-alive
16:19:27.925 [pool-2-thread-29] DEBUG org.apache.http.headers -- http-outgoing-22 << Keep-Alive: timeout=5
16:19:27.925 [pool-2-thread-29] DEBUG org.apache.http.impl.execchain.MainClientExec -- Connection can be kept alive for 5000 MILLISECONDS
16:19:27.925 [pool-2-thread-29] DEBUG org.apache.http.impl.conn.PoolingHttpClientConnectionManager -- Connection [id: 86][route: {}->http://localhost:3000] can be kept alive for 5.0 seconds
16:19:27.925 [pool-2-thread-29] DEBUG org.apache.http.impl.conn.DefaultManagedHttpClientConnection -- http-outgoing-22: set socket timeout to 0
16:19:27.925 [pool-2-thread-29] DEBUG org.apache.http.impl.conn.PoolingHttpClientConnectionManager -- Connection released: [id: 86][route: {}->http://localhost:3000][total available: 1; route allocated: 1 of 5; total allocated: 1 of 10]
16:19:27.925 [pool-2-thread-29] DEBUG org.apache.http.impl.conn.PoolingHttpClientConnectionManager -- Connection manager is shutting down
16:19:27.925 [pool-2-thread-29] DEBUG org.apache.http.impl.conn.DefaultManagedHttpClientConnection -- http-outgoing-22: Close connection
16:19:27.925 [pool-2-thread-29] DEBUG org.apache.http.impl.conn.PoolingHttpClientConnectionManager -- Connection manager shut down
16:19:27.925 [pool-2-thread-29] DEBUG com.intuit.karate -- response time in milliseconds: 8108
1 < 200
1 < X-Powered-By: Express
1 < Access-Control-Allow-Origin: *
1 < Content-Type: application/json; charset=utf-8
1 < Content-Length: 604
1 < ETag: W/"25c-b1EczMRpJWgButPe2gTL22BhT1w"
1 < Date: Tue, 24 Jun 2025 09:19:27 GMT
1 < Connection: keep-alive
1 < Keep-Alive: timeout=5
{"access_token":"eyJhbGciOiJIUzI1NiIsInR5cCI6IkpXVCJ9.eyJzdWIiOiJkZjZmMDkxOS1hMjNkLTQ0YzktYTkyNS00ZWE4YmU1MjVkMTAiLCJ1c2VybmFtZSI6ImpvaG5kb2UyMyIsInJvbGUiOjAsImlhdCI6MTc1MDc1Njc2NiwiZXhwIjoxNzUwNzYwMzY2fQ.6nQPErbqiMJ_zvI9hJZ6ApI3TzbxbFdukJVs4IXT6ik","refresh_token":"5281eb440c1d52c0fab8712405ceec1414f4feb7882a73d47eb405f26847168e","user":{"id":"df6f0919-a23d-44c9-a925-4ea8be525d10","email":"testit@gmail.com","username":"johndoe23","name":"John Doe","phoneNumber":"0123456788","profilePic":null,"bio":null,"private":false,"verified":false,"role":0,"followersCount":0,"followingCount":0,"postCount":0}}

16:19:27.927 [pool-2-thread-29] INFO com.intuit.karate -- [print] Concurrent call completed, status: 200 
16:19:27.927 [pool-2-thread-10] INFO com.intuit.karate -- [print] Concurrent call completed, status: 200 
16:19:27.927 [pool-2-thread-94] INFO com.intuit.karate -- [print] Concurrent call completed, status: 200 
16:19:27.927 [pool-2-thread-83] INFO com.intuit.karate -- [print] Concurrent call completed, status: 200 
16:19:27.944 [pool-2-thread-18] DEBUG org.apache.http.wire -- http-outgoing-34 << "HTTP/1.1 200 OK[\r][\n]"
16:19:27.944 [pool-2-thread-18] DEBUG org.apache.http.wire -- http-outgoing-34 << "X-Powered-By: Express[\r][\n]"
16:19:27.944 [pool-2-thread-18] DEBUG org.apache.http.wire -- http-outgoing-34 << "Access-Control-Allow-Origin: *[\r][\n]"
16:19:27.944 [pool-2-thread-18] DEBUG org.apache.http.wire -- http-outgoing-34 << "Content-Type: application/json; charset=utf-8[\r][\n]"
16:19:27.944 [pool-2-thread-18] DEBUG org.apache.http.wire -- http-outgoing-34 << "Content-Length: 609[\r][\n]"
16:19:27.944 [pool-2-thread-18] DEBUG org.apache.http.wire -- http-outgoing-34 << "ETag: W/"261-IACmMyqVxTBg5u6DbqiauKsTNMI"[\r][\n]"
16:19:27.944 [pool-2-thread-18] DEBUG org.apache.http.wire -- http-outgoing-34 << "Date: Tue, 24 Jun 2025 09:19:27 GMT[\r][\n]"
16:19:27.944 [pool-2-thread-18] DEBUG org.apache.http.wire -- http-outgoing-34 << "Connection: keep-alive[\r][\n]"
16:19:27.944 [pool-2-thread-18] DEBUG org.apache.http.wire -- http-outgoing-34 << "Keep-Alive: timeout=5[\r][\n]"
16:19:27.944 [pool-2-thread-18] DEBUG org.apache.http.wire -- http-outgoing-34 << "[\r][\n]"
16:19:27.944 [pool-2-thread-18] DEBUG org.apache.http.wire -- http-outgoing-34 << "{"access_token":"eyJhbGciOiJIUzI1NiIsInR5cCI6IkpXVCJ9.eyJzdWIiOiIyNzJmNmI1NS01MTc5LTRhZTMtODU2My1iNGVjMTBmNzY3MTUiLCJ1c2VybmFtZSI6ImpvaG5kb2UyZDVkIiwicm9sZSI6MCwiaWF0IjoxNzUwNzU2NzY2LCJleHAiOjE3NTA3NjAzNjZ9.Kdx_EIv719Esd6POioT5ii1jU7L6hZ5gnhJD5iipd_g","refresh_token":"d59c90535c5de29c752f36c651fe00d24a27560824c4e7b4df9f21142492fb15","user":{"id":"272f6b55-5179-4ae3-8563-b4ec10f76715","email":"testit5@gmail.com","username":"johndoe2d5d","name":"John Doe","phoneNumber":"0123456132","profilePic":null,"bio":null,"private":false,"verified":false,"role":0,"followersCount":0,"followingCount":0,"postCount":0}}"
16:19:27.945 [pool-2-thread-18] DEBUG org.apache.http.headers -- http-outgoing-34 << HTTP/1.1 200 OK
16:19:27.945 [pool-2-thread-18] DEBUG org.apache.http.headers -- http-outgoing-34 << X-Powered-By: Express
16:19:27.945 [pool-2-thread-18] DEBUG org.apache.http.headers -- http-outgoing-34 << Access-Control-Allow-Origin: *
16:19:27.945 [pool-2-thread-18] DEBUG org.apache.http.headers -- http-outgoing-34 << Content-Type: application/json; charset=utf-8
16:19:27.945 [pool-2-thread-18] DEBUG org.apache.http.headers -- http-outgoing-34 << Content-Length: 609
16:19:27.945 [pool-2-thread-18] DEBUG org.apache.http.headers -- http-outgoing-34 << ETag: W/"261-IACmMyqVxTBg5u6DbqiauKsTNMI"
16:19:27.945 [pool-2-thread-18] DEBUG org.apache.http.headers -- http-outgoing-34 << Date: Tue, 24 Jun 2025 09:19:27 GMT
16:19:27.945 [pool-2-thread-18] DEBUG org.apache.http.headers -- http-outgoing-34 << Connection: keep-alive
16:19:27.945 [pool-2-thread-18] DEBUG org.apache.http.headers -- http-outgoing-34 << Keep-Alive: timeout=5
16:19:27.945 [pool-2-thread-18] DEBUG org.apache.http.impl.execchain.MainClientExec -- Connection can be kept alive for 5000 MILLISECONDS
16:19:27.945 [pool-2-thread-18] DEBUG org.apache.http.impl.conn.PoolingHttpClientConnectionManager -- Connection [id: 61][route: {}->http://localhost:3000] can be kept alive for 5.0 seconds
16:19:27.945 [pool-2-thread-18] DEBUG org.apache.http.impl.conn.DefaultManagedHttpClientConnection -- http-outgoing-34: set socket timeout to 0
16:19:27.945 [pool-2-thread-18] DEBUG org.apache.http.impl.conn.PoolingHttpClientConnectionManager -- Connection released: [id: 61][route: {}->http://localhost:3000][total available: 1; route allocated: 1 of 5; total allocated: 1 of 10]
16:19:27.945 [pool-2-thread-18] DEBUG org.apache.http.impl.conn.PoolingHttpClientConnectionManager -- Connection manager is shutting down
16:19:27.945 [pool-2-thread-18] DEBUG org.apache.http.impl.conn.DefaultManagedHttpClientConnection -- http-outgoing-34: Close connection
16:19:27.945 [pool-2-thread-18] DEBUG org.apache.http.impl.conn.PoolingHttpClientConnectionManager -- Connection manager shut down
16:19:27.945 [pool-2-thread-18] DEBUG com.intuit.karate -- response time in milliseconds: 8136
1 < 200
1 < X-Powered-By: Express
1 < Access-Control-Allow-Origin: *
1 < Content-Type: application/json; charset=utf-8
1 < Content-Length: 609
1 < ETag: W/"261-IACmMyqVxTBg5u6DbqiauKsTNMI"
1 < Date: Tue, 24 Jun 2025 09:19:27 GMT
1 < Connection: keep-alive
1 < Keep-Alive: timeout=5
{"access_token":"eyJhbGciOiJIUzI1NiIsInR5cCI6IkpXVCJ9.eyJzdWIiOiIyNzJmNmI1NS01MTc5LTRhZTMtODU2My1iNGVjMTBmNzY3MTUiLCJ1c2VybmFtZSI6ImpvaG5kb2UyZDVkIiwicm9sZSI6MCwiaWF0IjoxNzUwNzU2NzY2LCJleHAiOjE3NTA3NjAzNjZ9.Kdx_EIv719Esd6POioT5ii1jU7L6hZ5gnhJD5iipd_g","refresh_token":"d59c90535c5de29c752f36c651fe00d24a27560824c4e7b4df9f21142492fb15","user":{"id":"272f6b55-5179-4ae3-8563-b4ec10f76715","email":"testit5@gmail.com","username":"johndoe2d5d","name":"John Doe","phoneNumber":"0123456132","profilePic":null,"bio":null,"private":false,"verified":false,"role":0,"followersCount":0,"followingCount":0,"postCount":0}}

16:19:27.948 [pool-2-thread-27] DEBUG org.apache.http.wire -- http-outgoing-96 << "HTTP/1.1 200 OK[\r][\n]"
16:19:27.948 [pool-2-thread-27] DEBUG org.apache.http.wire -- http-outgoing-96 << "X-Powered-By: Express[\r][\n]"
16:19:27.948 [pool-2-thread-27] DEBUG org.apache.http.wire -- http-outgoing-96 << "Access-Control-Allow-Origin: *[\r][\n]"
16:19:27.948 [pool-2-thread-27] DEBUG org.apache.http.wire -- http-outgoing-96 << "Content-Type: application/json; charset=utf-8[\r][\n]"
16:19:27.948 [pool-2-thread-27] DEBUG org.apache.http.wire -- http-outgoing-96 << "Content-Length: 605[\r][\n]"
16:19:27.948 [pool-2-thread-27] DEBUG org.apache.http.wire -- http-outgoing-96 << "ETag: W/"25d-pAIDXl9gaAujBEHO/9g3ZA9IV6A"[\r][\n]"
16:19:27.948 [pool-2-thread-27] DEBUG org.apache.http.wire -- http-outgoing-96 << "Date: Tue, 24 Jun 2025 09:19:27 GMT[\r][\n]"
16:19:27.948 [pool-2-thread-27] DEBUG org.apache.http.wire -- http-outgoing-96 << "Connection: keep-alive[\r][\n]"
16:19:27.948 [pool-2-thread-27] DEBUG org.apache.http.wire -- http-outgoing-96 << "Keep-Alive: timeout=5[\r][\n]"
16:19:27.948 [pool-2-thread-27] DEBUG org.apache.http.wire -- http-outgoing-96 << "[\r][\n]"
16:19:27.948 [pool-2-thread-27] DEBUG org.apache.http.wire -- http-outgoing-96 << "{"access_token":"eyJhbGciOiJIUzI1NiIsInR5cCI6IkpXVCJ9.eyJzdWIiOiI2NTBjZTFlZC1hYWNhLTQzOGYtOTk4OC0xZjA1OGFiNWFhMWEiLCJ1c2VybmFtZSI6ImpvaG5kb2UyNSIsInJvbGUiOjAsImlhdCI6MTc1MDc1Njc2NiwiZXhwIjoxNzUwNzYwMzY2fQ.D3dvHqV1PGTId7c82qpWIhTf0okTnBmWug9YRpAozqI","refresh_token":"e12f53afae90d50bff00059df325bb7afae9ca0fee43eb352bc318ebc2101ea6","user":{"id":"650ce1ed-aaca-438f-9988-1f058ab5aa1a","email":"testit3@gmail.com","username":"johndoe25","name":"John Doe","phoneNumber":"0123456713","profilePic":null,"bio":null,"private":false,"verified":false,"role":0,"followersCount":0,"followingCount":0,"postCount":0}}"
16:19:27.949 [pool-2-thread-27] DEBUG org.apache.http.headers -- http-outgoing-96 << HTTP/1.1 200 OK
16:19:27.949 [pool-2-thread-27] DEBUG org.apache.http.headers -- http-outgoing-96 << X-Powered-By: Express
16:19:27.949 [pool-2-thread-27] DEBUG org.apache.http.headers -- http-outgoing-96 << Access-Control-Allow-Origin: *
16:19:27.949 [pool-2-thread-27] DEBUG org.apache.http.headers -- http-outgoing-96 << Content-Type: application/json; charset=utf-8
16:19:27.949 [pool-2-thread-27] DEBUG org.apache.http.headers -- http-outgoing-96 << Content-Length: 605
16:19:27.949 [pool-2-thread-27] DEBUG org.apache.http.headers -- http-outgoing-96 << ETag: W/"25d-pAIDXl9gaAujBEHO/9g3ZA9IV6A"
16:19:27.949 [pool-2-thread-27] DEBUG org.apache.http.headers -- http-outgoing-96 << Date: Tue, 24 Jun 2025 09:19:27 GMT
16:19:27.949 [pool-2-thread-27] DEBUG org.apache.http.headers -- http-outgoing-96 << Connection: keep-alive
16:19:27.949 [pool-2-thread-27] DEBUG org.apache.http.headers -- http-outgoing-96 << Keep-Alive: timeout=5
16:19:27.949 [pool-2-thread-27] DEBUG org.apache.http.impl.execchain.MainClientExec -- Connection can be kept alive for 5000 MILLISECONDS
16:19:27.949 [pool-2-thread-27] DEBUG org.apache.http.impl.conn.PoolingHttpClientConnectionManager -- Connection [id: 96][route: {}->http://localhost:3000] can be kept alive for 5.0 seconds
16:19:27.949 [pool-2-thread-27] DEBUG org.apache.http.impl.conn.DefaultManagedHttpClientConnection -- http-outgoing-96: set socket timeout to 0
16:19:27.949 [pool-2-thread-27] DEBUG org.apache.http.impl.conn.PoolingHttpClientConnectionManager -- Connection released: [id: 96][route: {}->http://localhost:3000][total available: 1; route allocated: 1 of 5; total allocated: 1 of 10]
16:19:27.949 [pool-2-thread-27] DEBUG org.apache.http.impl.conn.PoolingHttpClientConnectionManager -- Connection manager is shutting down
16:19:27.949 [pool-2-thread-27] DEBUG org.apache.http.impl.conn.DefaultManagedHttpClientConnection -- http-outgoing-96: Close connection
16:19:27.949 [pool-2-thread-27] DEBUG org.apache.http.impl.conn.PoolingHttpClientConnectionManager -- Connection manager shut down
16:19:27.949 [pool-2-thread-18] INFO com.intuit.karate -- [print] Concurrent call completed, status: 200 
16:19:27.949 [pool-2-thread-27] DEBUG com.intuit.karate -- response time in milliseconds: 8129
1 < 200
1 < X-Powered-By: Express
1 < Access-Control-Allow-Origin: *
1 < Content-Type: application/json; charset=utf-8
1 < Content-Length: 605
1 < ETag: W/"25d-pAIDXl9gaAujBEHO/9g3ZA9IV6A"
1 < Date: Tue, 24 Jun 2025 09:19:27 GMT
1 < Connection: keep-alive
1 < Keep-Alive: timeout=5
{"access_token":"eyJhbGciOiJIUzI1NiIsInR5cCI6IkpXVCJ9.eyJzdWIiOiI2NTBjZTFlZC1hYWNhLTQzOGYtOTk4OC0xZjA1OGFiNWFhMWEiLCJ1c2VybmFtZSI6ImpvaG5kb2UyNSIsInJvbGUiOjAsImlhdCI6MTc1MDc1Njc2NiwiZXhwIjoxNzUwNzYwMzY2fQ.D3dvHqV1PGTId7c82qpWIhTf0okTnBmWug9YRpAozqI","refresh_token":"e12f53afae90d50bff00059df325bb7afae9ca0fee43eb352bc318ebc2101ea6","user":{"id":"650ce1ed-aaca-438f-9988-1f058ab5aa1a","email":"testit3@gmail.com","username":"johndoe25","name":"John Doe","phoneNumber":"0123456713","profilePic":null,"bio":null,"private":false,"verified":false,"role":0,"followersCount":0,"followingCount":0,"postCount":0}}

16:19:27.951 [pool-2-thread-27] INFO com.intuit.karate -- [print] Concurrent call completed, status: 200 
16:19:27.974 [pool-2-thread-16] DEBUG org.apache.http.wire -- http-outgoing-57 << "HTTP/1.1 200 OK[\r][\n]"
16:19:27.974 [pool-2-thread-16] DEBUG org.apache.http.wire -- http-outgoing-57 << "X-Powered-By: Express[\r][\n]"
16:19:27.974 [pool-2-thread-16] DEBUG org.apache.http.wire -- http-outgoing-57 << "Access-Control-Allow-Origin: *[\r][\n]"
16:19:27.974 [pool-2-thread-16] DEBUG org.apache.http.wire -- http-outgoing-57 << "Content-Type: application/json; charset=utf-8[\r][\n]"
16:19:27.974 [pool-2-thread-16] DEBUG org.apache.http.wire -- http-outgoing-57 << "Content-Length: 607[\r][\n]"
16:19:27.974 [pool-2-thread-16] DEBUG org.apache.http.wire -- http-outgoing-57 << "ETag: W/"25f-qBkqO9wPjOW9MKh1zxJRboETh3A"[\r][\n]"
16:19:27.974 [pool-2-thread-16] DEBUG org.apache.http.wire -- http-outgoing-57 << "Date: Tue, 24 Jun 2025 09:19:27 GMT[\r][\n]"
16:19:27.974 [pool-2-thread-16] DEBUG org.apache.http.wire -- http-outgoing-57 << "Connection: keep-alive[\r][\n]"
16:19:27.974 [pool-2-thread-16] DEBUG org.apache.http.wire -- http-outgoing-57 << "Keep-Alive: timeout=5[\r][\n]"
16:19:27.974 [pool-2-thread-16] DEBUG org.apache.http.wire -- http-outgoing-57 << "[\r][\n]"
16:19:27.974 [pool-2-thread-16] DEBUG org.apache.http.wire -- http-outgoing-57 << "{"access_token":"eyJhbGciOiJIUzI1NiIsInR5cCI6IkpXVCJ9.eyJzdWIiOiI5YTI2OTc2Yy0xNTMyLTRkZjMtYTE2ZS03NjMxNTI1Yzg1MDIiLCJ1c2VybmFtZSI6ImpvaG5kb2UyZDUiLCJyb2xlIjowLCJpYXQiOjE3NTA3NTY3NjYsImV4cCI6MTc1MDc2MDM2Nn0.V4KjhDWP96e3RlF7A4fGPOgfiZekPXZ2UPE679TW9hc","refresh_token":"b188fbb6a79f959caa85b88f4487149ab6c71c3cdc40da61f6807d466a717289","user":{"id":"9a26976c-1532-4df3-a16e-7631525c8502","email":"testit4@gmail.com","username":"johndoe2d5","name":"John Doe","phoneNumber":"0123456212","profilePic":null,"bio":null,"private":false,"verified":false,"role":0,"followersCount":0,"followingCount":0,"postCount":0}}"
16:19:27.974 [pool-2-thread-16] DEBUG org.apache.http.headers -- http-outgoing-57 << HTTP/1.1 200 OK
16:19:27.974 [pool-2-thread-16] DEBUG org.apache.http.headers -- http-outgoing-57 << X-Powered-By: Express
16:19:27.974 [pool-2-thread-16] DEBUG org.apache.http.headers -- http-outgoing-57 << Access-Control-Allow-Origin: *
16:19:27.974 [pool-2-thread-16] DEBUG org.apache.http.headers -- http-outgoing-57 << Content-Type: application/json; charset=utf-8
16:19:27.974 [pool-2-thread-16] DEBUG org.apache.http.headers -- http-outgoing-57 << Content-Length: 607
16:19:27.974 [pool-2-thread-16] DEBUG org.apache.http.headers -- http-outgoing-57 << ETag: W/"25f-qBkqO9wPjOW9MKh1zxJRboETh3A"
16:19:27.974 [pool-2-thread-16] DEBUG org.apache.http.headers -- http-outgoing-57 << Date: Tue, 24 Jun 2025 09:19:27 GMT
16:19:27.974 [pool-2-thread-16] DEBUG org.apache.http.headers -- http-outgoing-57 << Connection: keep-alive
16:19:27.974 [pool-2-thread-16] DEBUG org.apache.http.headers -- http-outgoing-57 << Keep-Alive: timeout=5
16:19:27.974 [pool-2-thread-16] DEBUG org.apache.http.impl.execchain.MainClientExec -- Connection can be kept alive for 5000 MILLISECONDS
16:19:27.975 [pool-2-thread-16] DEBUG org.apache.http.impl.conn.PoolingHttpClientConnectionManager -- Connection [id: 2][route: {}->http://localhost:3000] can be kept alive for 5.0 seconds
16:19:27.975 [pool-2-thread-16] DEBUG org.apache.http.impl.conn.DefaultManagedHttpClientConnection -- http-outgoing-57: set socket timeout to 0
16:19:27.975 [pool-2-thread-16] DEBUG org.apache.http.impl.conn.PoolingHttpClientConnectionManager -- Connection released: [id: 2][route: {}->http://localhost:3000][total available: 1; route allocated: 1 of 5; total allocated: 1 of 10]
16:19:27.975 [pool-2-thread-16] DEBUG org.apache.http.impl.conn.PoolingHttpClientConnectionManager -- Connection manager is shutting down
16:19:27.975 [pool-2-thread-16] DEBUG org.apache.http.impl.conn.DefaultManagedHttpClientConnection -- http-outgoing-57: Close connection
16:19:27.975 [pool-2-thread-16] DEBUG org.apache.http.impl.conn.PoolingHttpClientConnectionManager -- Connection manager shut down
16:19:27.975 [pool-2-thread-16] DEBUG com.intuit.karate -- response time in milliseconds: 8165
1 < 200
1 < X-Powered-By: Express
1 < Access-Control-Allow-Origin: *
1 < Content-Type: application/json; charset=utf-8
1 < Content-Length: 607
1 < ETag: W/"25f-qBkqO9wPjOW9MKh1zxJRboETh3A"
1 < Date: Tue, 24 Jun 2025 09:19:27 GMT
1 < Connection: keep-alive
1 < Keep-Alive: timeout=5
{"access_token":"eyJhbGciOiJIUzI1NiIsInR5cCI6IkpXVCJ9.eyJzdWIiOiI5YTI2OTc2Yy0xNTMyLTRkZjMtYTE2ZS03NjMxNTI1Yzg1MDIiLCJ1c2VybmFtZSI6ImpvaG5kb2UyZDUiLCJyb2xlIjowLCJpYXQiOjE3NTA3NTY3NjYsImV4cCI6MTc1MDc2MDM2Nn0.V4KjhDWP96e3RlF7A4fGPOgfiZekPXZ2UPE679TW9hc","refresh_token":"b188fbb6a79f959caa85b88f4487149ab6c71c3cdc40da61f6807d466a717289","user":{"id":"9a26976c-1532-4df3-a16e-7631525c8502","email":"testit4@gmail.com","username":"johndoe2d5","name":"John Doe","phoneNumber":"0123456212","profilePic":null,"bio":null,"private":false,"verified":false,"role":0,"followersCount":0,"followingCount":0,"postCount":0}}

16:19:27.977 [pool-2-thread-16] INFO com.intuit.karate -- [print] Concurrent call completed, status: 200 
16:19:28.927 [pool-2-thread-85] DEBUG org.apache.http.wire -- http-outgoing-39 << "HTTP/1.1 200 OK[\r][\n]"
16:19:28.927 [pool-2-thread-85] DEBUG org.apache.http.wire -- http-outgoing-39 << "X-Powered-By: Express[\r][\n]"
16:19:28.927 [pool-2-thread-85] DEBUG org.apache.http.wire -- http-outgoing-39 << "Access-Control-Allow-Origin: *[\r][\n]"
16:19:28.927 [pool-2-thread-85] DEBUG org.apache.http.wire -- http-outgoing-39 << "Content-Type: application/json; charset=utf-8[\r][\n]"
16:19:28.927 [pool-2-thread-85] DEBUG org.apache.http.wire -- http-outgoing-39 << "Content-Length: 607[\r][\n]"
16:19:28.927 [pool-2-thread-85] DEBUG org.apache.http.wire -- http-outgoing-39 << "ETag: W/"25f-HrEGppsh4rCLLWpJJUwYi8qtN70"[\r][\n]"
16:19:28.927 [pool-2-thread-85] DEBUG org.apache.http.wire -- http-outgoing-39 << "Date: Tue, 24 Jun 2025 09:19:28 GMT[\r][\n]"
16:19:28.927 [pool-2-thread-85] DEBUG org.apache.http.wire -- http-outgoing-39 << "Connection: keep-alive[\r][\n]"
16:19:28.927 [pool-2-thread-85] DEBUG org.apache.http.wire -- http-outgoing-39 << "Keep-Alive: timeout=5[\r][\n]"
16:19:28.927 [pool-2-thread-85] DEBUG org.apache.http.wire -- http-outgoing-39 << "[\r][\n]"
16:19:28.927 [pool-2-thread-85] DEBUG org.apache.http.wire -- http-outgoing-39 << "{"access_token":"eyJhbGciOiJIUzI1NiIsInR5cCI6IkpXVCJ9.eyJzdWIiOiJjMjE0MjJkZi1jY2VjLTQ0MGUtOWE0Mi1jMWI4MmFiZjczM2QiLCJ1c2VybmFtZSI6ImpvaG5kb2UyOCIsInJvbGUiOjAsImlhdCI6MTc1MDc1Njc2NywiZXhwIjoxNzUwNzYwMzY3fQ.DFIaIkZZg8wLpuYCRgYBxUwUPxRdqHDsiPmlg1XWBKc","refresh_token":"a5a94e1e5a2fe1868928982c024dc4cda92890f6e26b6d1ca87da0dee5c95022","user":{"id":"c21422df-ccec-440e-9a42-c1b82abf733d","email":"test28@example.com","username":"johndoe28","name":"John Doe","phoneNumber":"84987654321","profilePic":null,"bio":null,"private":false,"verified":false,"role":0,"followersCount":0,"followingCount":0,"postCount":0}}"
16:19:28.927 [pool-2-thread-85] DEBUG org.apache.http.headers -- http-outgoing-39 << HTTP/1.1 200 OK
16:19:28.927 [pool-2-thread-85] DEBUG org.apache.http.headers -- http-outgoing-39 << X-Powered-By: Express
16:19:28.927 [pool-2-thread-85] DEBUG org.apache.http.headers -- http-outgoing-39 << Access-Control-Allow-Origin: *
16:19:28.927 [pool-2-thread-85] DEBUG org.apache.http.headers -- http-outgoing-39 << Content-Type: application/json; charset=utf-8
16:19:28.927 [pool-2-thread-85] DEBUG org.apache.http.headers -- http-outgoing-39 << Content-Length: 607
16:19:28.927 [pool-2-thread-85] DEBUG org.apache.http.headers -- http-outgoing-39 << ETag: W/"25f-HrEGppsh4rCLLWpJJUwYi8qtN70"
16:19:28.927 [pool-2-thread-85] DEBUG org.apache.http.headers -- http-outgoing-39 << Date: Tue, 24 Jun 2025 09:19:28 GMT
16:19:28.927 [pool-2-thread-85] DEBUG org.apache.http.headers -- http-outgoing-39 << Connection: keep-alive
16:19:28.927 [pool-2-thread-85] DEBUG org.apache.http.headers -- http-outgoing-39 << Keep-Alive: timeout=5
16:19:28.927 [pool-2-thread-85] DEBUG org.apache.http.impl.execchain.MainClientExec -- Connection can be kept alive for 5000 MILLISECONDS
16:19:28.927 [pool-2-thread-85] DEBUG org.apache.http.impl.conn.PoolingHttpClientConnectionManager -- Connection [id: 7][route: {}->http://localhost:3000] can be kept alive for 5.0 seconds
16:19:28.927 [pool-2-thread-85] DEBUG org.apache.http.impl.conn.DefaultManagedHttpClientConnection -- http-outgoing-39: set socket timeout to 0
16:19:28.928 [pool-2-thread-85] DEBUG org.apache.http.impl.conn.PoolingHttpClientConnectionManager -- Connection released: [id: 7][route: {}->http://localhost:3000][total available: 1; route allocated: 1 of 5; total allocated: 1 of 10]
16:19:28.928 [pool-2-thread-85] DEBUG org.apache.http.impl.conn.PoolingHttpClientConnectionManager -- Connection manager is shutting down
16:19:28.928 [pool-2-thread-85] DEBUG org.apache.http.impl.conn.DefaultManagedHttpClientConnection -- http-outgoing-39: Close connection
16:19:28.928 [pool-2-thread-85] DEBUG org.apache.http.impl.conn.PoolingHttpClientConnectionManager -- Connection manager shut down
16:19:28.928 [pool-2-thread-85] DEBUG com.intuit.karate -- response time in milliseconds: 9119
1 < 200
1 < X-Powered-By: Express
1 < Access-Control-Allow-Origin: *
1 < Content-Type: application/json; charset=utf-8
1 < Content-Length: 607
1 < ETag: W/"25f-HrEGppsh4rCLLWpJJUwYi8qtN70"
1 < Date: Tue, 24 Jun 2025 09:19:28 GMT
1 < Connection: keep-alive
1 < Keep-Alive: timeout=5
{"access_token":"eyJhbGciOiJIUzI1NiIsInR5cCI6IkpXVCJ9.eyJzdWIiOiJjMjE0MjJkZi1jY2VjLTQ0MGUtOWE0Mi1jMWI4MmFiZjczM2QiLCJ1c2VybmFtZSI6ImpvaG5kb2UyOCIsInJvbGUiOjAsImlhdCI6MTc1MDc1Njc2NywiZXhwIjoxNzUwNzYwMzY3fQ.DFIaIkZZg8wLpuYCRgYBxUwUPxRdqHDsiPmlg1XWBKc","refresh_token":"a5a94e1e5a2fe1868928982c024dc4cda92890f6e26b6d1ca87da0dee5c95022","user":{"id":"c21422df-ccec-440e-9a42-c1b82abf733d","email":"test28@example.com","username":"johndoe28","name":"John Doe","phoneNumber":"84987654321","profilePic":null,"bio":null,"private":false,"verified":false,"role":0,"followersCount":0,"followingCount":0,"postCount":0}}

16:19:28.930 [pool-2-thread-85] INFO com.intuit.karate -- [print] Concurrent call completed, status: 200 
16:19:28.965 [pool-2-thread-2] DEBUG org.apache.http.wire -- http-outgoing-1 << "HTTP/1.1 200 OK[\r][\n]"
16:19:28.965 [pool-2-thread-2] DEBUG org.apache.http.wire -- http-outgoing-1 << "X-Powered-By: Express[\r][\n]"
16:19:28.965 [pool-2-thread-2] DEBUG org.apache.http.wire -- http-outgoing-1 << "Access-Control-Allow-Origin: *[\r][\n]"
16:19:28.965 [pool-2-thread-2] DEBUG org.apache.http.wire -- http-outgoing-1 << "Content-Type: application/json; charset=utf-8[\r][\n]"
16:19:28.965 [pool-2-thread-2] DEBUG org.apache.http.wire -- http-outgoing-1 << "Content-Length: 715[\r][\n]"
16:19:28.965 [pool-2-thread-2] DEBUG org.apache.http.wire -- http-outgoing-1 << "ETag: W/"2cb-a3ogw8lK1QjHNWmB/5/EHWDGDCM"[\r][\n]"
16:19:28.965 [pool-2-thread-2] DEBUG org.apache.http.wire -- http-outgoing-1 << "Date: Tue, 24 Jun 2025 09:19:28 GMT[\r][\n]"
16:19:28.965 [pool-2-thread-2] DEBUG org.apache.http.wire -- http-outgoing-1 << "Connection: keep-alive[\r][\n]"
16:19:28.965 [pool-2-thread-2] DEBUG org.apache.http.wire -- http-outgoing-1 << "Keep-Alive: timeout=5[\r][\n]"
16:19:28.965 [pool-2-thread-2] DEBUG org.apache.http.wire -- http-outgoing-1 << "[\r][\n]"
16:19:28.965 [pool-2-thread-2] DEBUG org.apache.http.wire -- http-outgoing-1 << "{"access_token":"eyJhbGciOiJIUzI1NiIsInR5cCI6IkpXVCJ9.eyJzdWIiOiIyYjg0YWEyNC02NjhhLTQwZTItYWYxYy1hZDRmYzRmYTVhNmYiLCJ1c2VybmFtZSI6InF1YW5nMSIsInJvbGUiOjAsImlhdCI6MTc1MDc1Njc2NywiZXhwIjoxNzUwNzYwMzY3fQ.eHwaIZxrOjuL98ix-nQFNExN5iAXVeJDur2vceGP7hE","refresh_token":"6f10e05ec7e39f00e450ebf5b3e75889de9a8d497658c835e7839ce76ad910d4","user":{"id":"2b84aa24-668a-40e2-af1c-ad4fc4fa5a6f","email":"quang1@gmail.com","username":"quang1","name":"quang1","phoneNumber":"09874563210","profilePic":"https://res.cloudinary.com/dizcvrefo/image/upload/v1749027586/nestjs_uploads/xehairydt9rzlbmbmv4c.jpg","bio":"Thang Nam Lao Vua Thoi","private":false,"verified":false,"role":0,"followersCount":2,"followingCount":3,"postCount":2}}"
16:19:28.965 [pool-2-thread-2] DEBUG org.apache.http.headers -- http-outgoing-1 << HTTP/1.1 200 OK
16:19:28.965 [pool-2-thread-2] DEBUG org.apache.http.headers -- http-outgoing-1 << X-Powered-By: Express
16:19:28.965 [pool-2-thread-2] DEBUG org.apache.http.headers -- http-outgoing-1 << Access-Control-Allow-Origin: *
16:19:28.965 [pool-2-thread-2] DEBUG org.apache.http.headers -- http-outgoing-1 << Content-Type: application/json; charset=utf-8
16:19:28.965 [pool-2-thread-2] DEBUG org.apache.http.headers -- http-outgoing-1 << Content-Length: 715
16:19:28.965 [pool-2-thread-2] DEBUG org.apache.http.headers -- http-outgoing-1 << ETag: W/"2cb-a3ogw8lK1QjHNWmB/5/EHWDGDCM"
16:19:28.965 [pool-2-thread-2] DEBUG org.apache.http.headers -- http-outgoing-1 << Date: Tue, 24 Jun 2025 09:19:28 GMT
16:19:28.965 [pool-2-thread-2] DEBUG org.apache.http.headers -- http-outgoing-1 << Connection: keep-alive
16:19:28.965 [pool-2-thread-2] DEBUG org.apache.http.headers -- http-outgoing-1 << Keep-Alive: timeout=5
16:19:28.966 [pool-2-thread-2] DEBUG org.apache.http.impl.execchain.MainClientExec -- Connection can be kept alive for 5000 MILLISECONDS
16:19:28.966 [pool-2-thread-2] DEBUG org.apache.http.impl.conn.PoolingHttpClientConnectionManager -- Connection [id: 23][route: {}->http://localhost:3000] can be kept alive for 5.0 seconds
16:19:28.966 [pool-2-thread-2] DEBUG org.apache.http.impl.conn.DefaultManagedHttpClientConnection -- http-outgoing-1: set socket timeout to 0
16:19:28.966 [pool-2-thread-2] DEBUG org.apache.http.impl.conn.PoolingHttpClientConnectionManager -- Connection released: [id: 23][route: {}->http://localhost:3000][total available: 1; route allocated: 1 of 5; total allocated: 1 of 10]
16:19:28.966 [pool-2-thread-2] DEBUG org.apache.http.impl.conn.PoolingHttpClientConnectionManager -- Connection manager is shutting down
16:19:28.966 [pool-2-thread-2] DEBUG org.apache.http.impl.conn.DefaultManagedHttpClientConnection -- http-outgoing-1: Close connection
16:19:28.966 [pool-2-thread-2] DEBUG org.apache.http.impl.conn.PoolingHttpClientConnectionManager -- Connection manager shut down
16:19:28.966 [pool-2-thread-2] DEBUG com.intuit.karate -- response time in milliseconds: 9156
1 < 200
1 < X-Powered-By: Express
1 < Access-Control-Allow-Origin: *
1 < Content-Type: application/json; charset=utf-8
1 < Content-Length: 715
1 < ETag: W/"2cb-a3ogw8lK1QjHNWmB/5/EHWDGDCM"
1 < Date: Tue, 24 Jun 2025 09:19:28 GMT
1 < Connection: keep-alive
1 < Keep-Alive: timeout=5
{"access_token":"eyJhbGciOiJIUzI1NiIsInR5cCI6IkpXVCJ9.eyJzdWIiOiIyYjg0YWEyNC02NjhhLTQwZTItYWYxYy1hZDRmYzRmYTVhNmYiLCJ1c2VybmFtZSI6InF1YW5nMSIsInJvbGUiOjAsImlhdCI6MTc1MDc1Njc2NywiZXhwIjoxNzUwNzYwMzY3fQ.eHwaIZxrOjuL98ix-nQFNExN5iAXVeJDur2vceGP7hE","refresh_token":"6f10e05ec7e39f00e450ebf5b3e75889de9a8d497658c835e7839ce76ad910d4","user":{"id":"2b84aa24-668a-40e2-af1c-ad4fc4fa5a6f","email":"quang1@gmail.com","username":"quang1","name":"quang1","phoneNumber":"09874563210","profilePic":"https://res.cloudinary.com/dizcvrefo/image/upload/v1749027586/nestjs_uploads/xehairydt9rzlbmbmv4c.jpg","bio":"Thang Nam Lao Vua Thoi","private":false,"verified":false,"role":0,"followersCount":2,"followingCount":3,"postCount":2}}

16:19:28.967 [pool-2-thread-2] INFO com.intuit.karate -- [print] Concurrent call completed, status: 200 
16:19:29.927 [pool-2-thread-71] DEBUG org.apache.http.wire -- http-outgoing-9 << "HTTP/1.1 200 OK[\r][\n]"
16:19:29.927 [pool-2-thread-71] DEBUG org.apache.http.wire -- http-outgoing-9 << "X-Powered-By: Express[\r][\n]"
16:19:29.927 [pool-2-thread-71] DEBUG org.apache.http.wire -- http-outgoing-9 << "Access-Control-Allow-Origin: *[\r][\n]"
16:19:29.927 [pool-2-thread-71] DEBUG org.apache.http.wire -- http-outgoing-9 << "Content-Type: application/json; charset=utf-8[\r][\n]"
16:19:29.927 [pool-2-thread-71] DEBUG org.apache.http.wire -- http-outgoing-9 << "Content-Length: 708[\r][\n]"
16:19:29.927 [pool-2-thread-71] DEBUG org.apache.http.wire -- http-outgoing-9 << "ETag: W/"2c4-VIii0O++OYiAz3r5ExubSPvyo6I"[\r][\n]"
16:19:29.927 [pool-2-thread-71] DEBUG org.apache.http.wire -- http-outgoing-9 << "Date: Tue, 24 Jun 2025 09:19:29 GMT[\r][\n]"
16:19:29.927 [pool-2-thread-71] DEBUG org.apache.http.wire -- http-outgoing-9 << "Connection: keep-alive[\r][\n]"
16:19:29.927 [pool-2-thread-71] DEBUG org.apache.http.wire -- http-outgoing-9 << "Keep-Alive: timeout=5[\r][\n]"
16:19:29.927 [pool-2-thread-71] DEBUG org.apache.http.wire -- http-outgoing-9 << "[\r][\n]"
16:19:29.927 [pool-2-thread-71] DEBUG org.apache.http.wire -- http-outgoing-9 << "{"access_token":"eyJhbGciOiJIUzI1NiIsInR5cCI6IkpXVCJ9.eyJzdWIiOiIwODUxNWIwNS0yZDNlLTQ3ODktYWQ2MC1kYjM1NTI1YTQ5NzAiLCJ1c2VybmFtZSI6Im5hbSIsInJvbGUiOjAsImlhdCI6MTc1MDc1Njc2OCwiZXhwIjoxNzUwNzYwMzY4fQ.8ePJQlsbeqpmr21PgRG_6R8nzJAcEYDqxyiVoSrAmXI","refresh_token":"fb899e551c6bae4cc4acf6220d2da36cc71440b706dc5be5b3a9621c4f23ef36","user":{"id":"08515b05-2d3e-4789-ad60-db35525a4970","email":"nam@gmail.com","username":"nam","name":"nam","phoneNumber":"0123456789","profilePic":"https://res.cloudinary.com/dizcvrefo/image/upload/v1749266646/nestjs_uploads/zk9zrpeidnovxibfqdxr.png","bio":"Chu tich hoi dong Quan tri 1","private":false,"verified":false,"role":0,"followersCount":2,"followingCount":5,"postCount":13}}"
16:19:29.928 [pool-2-thread-71] DEBUG org.apache.http.headers -- http-outgoing-9 << HTTP/1.1 200 OK
16:19:29.928 [pool-2-thread-71] DEBUG org.apache.http.headers -- http-outgoing-9 << X-Powered-By: Express
16:19:29.928 [pool-2-thread-71] DEBUG org.apache.http.headers -- http-outgoing-9 << Access-Control-Allow-Origin: *
16:19:29.928 [pool-2-thread-71] DEBUG org.apache.http.headers -- http-outgoing-9 << Content-Type: application/json; charset=utf-8
16:19:29.928 [pool-2-thread-71] DEBUG org.apache.http.headers -- http-outgoing-9 << Content-Length: 708
16:19:29.928 [pool-2-thread-71] DEBUG org.apache.http.headers -- http-outgoing-9 << ETag: W/"2c4-VIii0O++OYiAz3r5ExubSPvyo6I"
16:19:29.928 [pool-2-thread-71] DEBUG org.apache.http.headers -- http-outgoing-9 << Date: Tue, 24 Jun 2025 09:19:29 GMT
16:19:29.928 [pool-2-thread-71] DEBUG org.apache.http.headers -- http-outgoing-9 << Connection: keep-alive
16:19:29.928 [pool-2-thread-71] DEBUG org.apache.http.headers -- http-outgoing-9 << Keep-Alive: timeout=5
16:19:29.928 [pool-2-thread-71] DEBUG org.apache.http.impl.execchain.MainClientExec -- Connection can be kept alive for 5000 MILLISECONDS
16:19:29.929 [pool-2-thread-71] DEBUG org.apache.http.impl.conn.PoolingHttpClientConnectionManager -- Connection [id: 58][route: {}->http://localhost:3000] can be kept alive for 5.0 seconds
16:19:29.929 [pool-2-thread-71] DEBUG org.apache.http.impl.conn.DefaultManagedHttpClientConnection -- http-outgoing-9: set socket timeout to 0
16:19:29.929 [pool-2-thread-71] DEBUG org.apache.http.impl.conn.PoolingHttpClientConnectionManager -- Connection released: [id: 58][route: {}->http://localhost:3000][total available: 1; route allocated: 1 of 5; total allocated: 1 of 10]
16:19:29.929 [pool-2-thread-71] DEBUG org.apache.http.impl.conn.PoolingHttpClientConnectionManager -- Connection manager is shutting down
16:19:29.929 [pool-2-thread-71] DEBUG org.apache.http.impl.conn.DefaultManagedHttpClientConnection -- http-outgoing-9: Close connection
16:19:29.929 [pool-2-thread-71] DEBUG org.apache.http.impl.conn.PoolingHttpClientConnectionManager -- Connection manager shut down
16:19:29.929 [pool-2-thread-71] DEBUG com.intuit.karate -- response time in milliseconds: 10118
1 < 200
1 < X-Powered-By: Express
1 < Access-Control-Allow-Origin: *
1 < Content-Type: application/json; charset=utf-8
1 < Content-Length: 708
1 < ETag: W/"2c4-VIii0O++OYiAz3r5ExubSPvyo6I"
1 < Date: Tue, 24 Jun 2025 09:19:29 GMT
1 < Connection: keep-alive
1 < Keep-Alive: timeout=5
{"access_token":"eyJhbGciOiJIUzI1NiIsInR5cCI6IkpXVCJ9.eyJzdWIiOiIwODUxNWIwNS0yZDNlLTQ3ODktYWQ2MC1kYjM1NTI1YTQ5NzAiLCJ1c2VybmFtZSI6Im5hbSIsInJvbGUiOjAsImlhdCI6MTc1MDc1Njc2OCwiZXhwIjoxNzUwNzYwMzY4fQ.8ePJQlsbeqpmr21PgRG_6R8nzJAcEYDqxyiVoSrAmXI","refresh_token":"fb899e551c6bae4cc4acf6220d2da36cc71440b706dc5be5b3a9621c4f23ef36","user":{"id":"08515b05-2d3e-4789-ad60-db35525a4970","email":"nam@gmail.com","username":"nam","name":"nam","phoneNumber":"0123456789","profilePic":"https://res.cloudinary.com/dizcvrefo/image/upload/v1749266646/nestjs_uploads/zk9zrpeidnovxibfqdxr.png","bio":"Chu tich hoi dong Quan tri 1","private":false,"verified":false,"role":0,"followersCount":2,"followingCount":5,"postCount":13}}

16:19:29.931 [pool-2-thread-71] INFO com.intuit.karate -- [print] Concurrent call completed, status: 200 
16:19:29.962 [pool-2-thread-64] DEBUG org.apache.http.wire -- http-outgoing-13 << "HTTP/1.1 200 OK[\r][\n]"
16:19:29.962 [pool-2-thread-64] DEBUG org.apache.http.wire -- http-outgoing-13 << "X-Powered-By: Express[\r][\n]"
16:19:29.962 [pool-2-thread-64] DEBUG org.apache.http.wire -- http-outgoing-13 << "Access-Control-Allow-Origin: *[\r][\n]"
16:19:29.962 [pool-2-thread-64] DEBUG org.apache.http.wire -- http-outgoing-13 << "Content-Type: application/json; charset=utf-8[\r][\n]"
16:19:29.962 [pool-2-thread-64] DEBUG org.apache.http.wire -- http-outgoing-13 << "Content-Length: 608[\r][\n]"
16:19:29.962 [pool-2-thread-64] DEBUG org.apache.http.wire -- http-outgoing-13 << "ETag: W/"260-XqTCZVp6Y7f2OlGoXGtjjxhRUiY"[\r][\n]"
16:19:29.962 [pool-2-thread-64] DEBUG org.apache.http.wire -- http-outgoing-13 << "Date: Tue, 24 Jun 2025 09:19:29 GMT[\r][\n]"
16:19:29.962 [pool-2-thread-64] DEBUG org.apache.http.wire -- http-outgoing-13 << "Connection: keep-alive[\r][\n]"
16:19:29.962 [pool-2-thread-64] DEBUG org.apache.http.wire -- http-outgoing-13 << "Keep-Alive: timeout=5[\r][\n]"
16:19:29.962 [pool-2-thread-64] DEBUG org.apache.http.wire -- http-outgoing-13 << "[\r][\n]"
16:19:29.962 [pool-2-thread-64] DEBUG org.apache.http.wire -- http-outgoing-13 << "{"access_token":"eyJhbGciOiJIUzI1NiIsInR5cCI6IkpXVCJ9.eyJzdWIiOiI4YTI0NzQ2MS01YzA0LTQyMWQtOThmNS1mYTljNzM0ZmFlYTUiLCJ1c2VybmFtZSI6ImphbmVzbWl0aCIsInJvbGUiOjAsImlhdCI6MTc1MDc1Njc2OCwiZXhwIjoxNzUwNzYwMzY4fQ.P2qUeZvedoMwUQyKzWcz6gxMsrlpR6GkePBrjSpkLQM","refresh_token":"0bcb2beb431fa0505b40a7caeade0c3537557121bc460c7912613c58fa020c99","user":{"id":"8a247461-5c04-421d-98f5-fa9c734faea5","email":"test2@example.com","username":"janesmith","name":"Jane Smith","phoneNumber":"01234567890","profilePic":null,"bio":null,"private":false,"verified":false,"role":0,"followersCount":0,"followingCount":0,"postCount":0}}"
16:19:29.962 [pool-2-thread-64] DEBUG org.apache.http.headers -- http-outgoing-13 << HTTP/1.1 200 OK
16:19:29.962 [pool-2-thread-64] DEBUG org.apache.http.headers -- http-outgoing-13 << X-Powered-By: Express
16:19:29.962 [pool-2-thread-64] DEBUG org.apache.http.headers -- http-outgoing-13 << Access-Control-Allow-Origin: *
16:19:29.962 [pool-2-thread-64] DEBUG org.apache.http.headers -- http-outgoing-13 << Content-Type: application/json; charset=utf-8
16:19:29.962 [pool-2-thread-64] DEBUG org.apache.http.headers -- http-outgoing-13 << Content-Length: 608
16:19:29.962 [pool-2-thread-64] DEBUG org.apache.http.headers -- http-outgoing-13 << ETag: W/"260-XqTCZVp6Y7f2OlGoXGtjjxhRUiY"
16:19:29.962 [pool-2-thread-64] DEBUG org.apache.http.headers -- http-outgoing-13 << Date: Tue, 24 Jun 2025 09:19:29 GMT
16:19:29.962 [pool-2-thread-64] DEBUG org.apache.http.headers -- http-outgoing-13 << Connection: keep-alive
16:19:29.962 [pool-2-thread-64] DEBUG org.apache.http.headers -- http-outgoing-13 << Keep-Alive: timeout=5
16:19:29.962 [pool-2-thread-64] DEBUG org.apache.http.impl.execchain.MainClientExec -- Connection can be kept alive for 5000 MILLISECONDS
16:19:29.962 [pool-2-thread-64] DEBUG org.apache.http.impl.conn.PoolingHttpClientConnectionManager -- Connection [id: 69][route: {}->http://localhost:3000] can be kept alive for 5.0 seconds
16:19:29.962 [pool-2-thread-64] DEBUG org.apache.http.impl.conn.DefaultManagedHttpClientConnection -- http-outgoing-13: set socket timeout to 0
16:19:29.962 [pool-2-thread-64] DEBUG org.apache.http.impl.conn.PoolingHttpClientConnectionManager -- Connection released: [id: 69][route: {}->http://localhost:3000][total available: 1; route allocated: 1 of 5; total allocated: 1 of 10]
16:19:29.962 [pool-2-thread-64] DEBUG org.apache.http.impl.conn.PoolingHttpClientConnectionManager -- Connection manager is shutting down
16:19:29.963 [pool-2-thread-64] DEBUG org.apache.http.impl.conn.DefaultManagedHttpClientConnection -- http-outgoing-13: Close connection
16:19:29.963 [pool-2-thread-64] DEBUG org.apache.http.impl.conn.PoolingHttpClientConnectionManager -- Connection manager shut down
16:19:29.963 [pool-2-thread-64] DEBUG com.intuit.karate -- response time in milliseconds: 10147
1 < 200
1 < X-Powered-By: Express
1 < Access-Control-Allow-Origin: *
1 < Content-Type: application/json; charset=utf-8
1 < Content-Length: 608
1 < ETag: W/"260-XqTCZVp6Y7f2OlGoXGtjjxhRUiY"
1 < Date: Tue, 24 Jun 2025 09:19:29 GMT
1 < Connection: keep-alive
1 < Keep-Alive: timeout=5
{"access_token":"eyJhbGciOiJIUzI1NiIsInR5cCI6IkpXVCJ9.eyJzdWIiOiI4YTI0NzQ2MS01YzA0LTQyMWQtOThmNS1mYTljNzM0ZmFlYTUiLCJ1c2VybmFtZSI6ImphbmVzbWl0aCIsInJvbGUiOjAsImlhdCI6MTc1MDc1Njc2OCwiZXhwIjoxNzUwNzYwMzY4fQ.P2qUeZvedoMwUQyKzWcz6gxMsrlpR6GkePBrjSpkLQM","refresh_token":"0bcb2beb431fa0505b40a7caeade0c3537557121bc460c7912613c58fa020c99","user":{"id":"8a247461-5c04-421d-98f5-fa9c734faea5","email":"test2@example.com","username":"janesmith","name":"Jane Smith","phoneNumber":"01234567890","profilePic":null,"bio":null,"private":false,"verified":false,"role":0,"followersCount":0,"followingCount":0,"postCount":0}}

16:19:29.964 [pool-2-thread-64] INFO com.intuit.karate -- [print] Concurrent call completed, status: 200 
16:19:29.978 [pool-2-thread-78] DEBUG org.apache.http.wire -- http-outgoing-68 << "HTTP/1.1 200 OK[\r][\n]"
16:19:29.978 [pool-2-thread-78] DEBUG org.apache.http.wire -- http-outgoing-68 << "X-Powered-By: Express[\r][\n]"
16:19:29.978 [pool-2-thread-78] DEBUG org.apache.http.wire -- http-outgoing-68 << "Access-Control-Allow-Origin: *[\r][\n]"
16:19:29.978 [pool-2-thread-78] DEBUG org.apache.http.wire -- http-outgoing-68 << "Content-Type: application/json; charset=utf-8[\r][\n]"
16:19:29.978 [pool-2-thread-78] DEBUG org.apache.http.wire -- http-outgoing-68 << "Content-Length: 609[\r][\n]"
16:19:29.978 [pool-2-thread-78] DEBUG org.apache.http.wire -- http-outgoing-68 << "ETag: W/"261-BkoSxHqZBBRyH8GlG/6ZyBpUkyI"[\r][\n]"
16:19:29.978 [pool-2-thread-78] DEBUG org.apache.http.wire -- http-outgoing-68 << "Date: Tue, 24 Jun 2025 09:19:29 GMT[\r][\n]"
16:19:29.978 [pool-2-thread-78] DEBUG org.apache.http.wire -- http-outgoing-68 << "Connection: keep-alive[\r][\n]"
16:19:29.978 [pool-2-thread-78] DEBUG org.apache.http.wire -- http-outgoing-68 << "Keep-Alive: timeout=5[\r][\n]"
16:19:29.978 [pool-2-thread-78] DEBUG org.apache.http.wire -- http-outgoing-68 << "[\r][\n]"
16:19:29.978 [pool-2-thread-78] DEBUG org.apache.http.wire -- http-outgoing-68 << "{"access_token":"eyJhbGciOiJIUzI1NiIsInR5cCI6IkpXVCJ9.eyJzdWIiOiIyNzJmNmI1NS01MTc5LTRhZTMtODU2My1iNGVjMTBmNzY3MTUiLCJ1c2VybmFtZSI6ImpvaG5kb2UyZDVkIiwicm9sZSI6MCwiaWF0IjoxNzUwNzU2NzY4LCJleHAiOjE3NTA3NjAzNjh9.O3ecErXDDGwPnNur6Wub_lh3Ygk71qn-c6YbP58BDxo","refresh_token":"6108c8da1778113ca548c8a325b2653f7ca5242bd9ef3026012e599bdbf1fe57","user":{"id":"272f6b55-5179-4ae3-8563-b4ec10f76715","email":"testit5@gmail.com","username":"johndoe2d5d","name":"John Doe","phoneNumber":"0123456132","profilePic":null,"bio":null,"private":false,"verified":false,"role":0,"followersCount":0,"followingCount":0,"postCount":0}}"
16:19:29.978 [pool-2-thread-78] DEBUG org.apache.http.headers -- http-outgoing-68 << HTTP/1.1 200 OK
16:19:29.978 [pool-2-thread-78] DEBUG org.apache.http.headers -- http-outgoing-68 << X-Powered-By: Express
16:19:29.978 [pool-2-thread-78] DEBUG org.apache.http.headers -- http-outgoing-68 << Access-Control-Allow-Origin: *
16:19:29.978 [pool-2-thread-78] DEBUG org.apache.http.headers -- http-outgoing-68 << Content-Type: application/json; charset=utf-8
16:19:29.978 [pool-2-thread-78] DEBUG org.apache.http.headers -- http-outgoing-68 << Content-Length: 609
16:19:29.978 [pool-2-thread-78] DEBUG org.apache.http.headers -- http-outgoing-68 << ETag: W/"261-BkoSxHqZBBRyH8GlG/6ZyBpUkyI"
16:19:29.978 [pool-2-thread-78] DEBUG org.apache.http.headers -- http-outgoing-68 << Date: Tue, 24 Jun 2025 09:19:29 GMT
16:19:29.978 [pool-2-thread-78] DEBUG org.apache.http.headers -- http-outgoing-68 << Connection: keep-alive
16:19:29.978 [pool-2-thread-78] DEBUG org.apache.http.headers -- http-outgoing-68 << Keep-Alive: timeout=5
16:19:29.978 [pool-2-thread-78] DEBUG org.apache.http.impl.execchain.MainClientExec -- Connection can be kept alive for 5000 MILLISECONDS
16:19:29.978 [pool-2-thread-78] DEBUG org.apache.http.impl.conn.PoolingHttpClientConnectionManager -- Connection [id: 13][route: {}->http://localhost:3000] can be kept alive for 5.0 seconds
16:19:29.978 [pool-2-thread-78] DEBUG org.apache.http.impl.conn.DefaultManagedHttpClientConnection -- http-outgoing-68: set socket timeout to 0
16:19:29.978 [pool-2-thread-78] DEBUG org.apache.http.impl.conn.PoolingHttpClientConnectionManager -- Connection released: [id: 13][route: {}->http://localhost:3000][total available: 1; route allocated: 1 of 5; total allocated: 1 of 10]
16:19:29.978 [pool-2-thread-78] DEBUG org.apache.http.impl.conn.PoolingHttpClientConnectionManager -- Connection manager is shutting down
16:19:29.979 [pool-2-thread-78] DEBUG org.apache.http.impl.conn.DefaultManagedHttpClientConnection -- http-outgoing-68: Close connection
16:19:29.979 [pool-2-thread-78] DEBUG org.apache.http.impl.conn.PoolingHttpClientConnectionManager -- Connection manager shut down
16:19:29.979 [pool-2-thread-78] DEBUG com.intuit.karate -- response time in milliseconds: 10171
1 < 200
1 < X-Powered-By: Express
1 < Access-Control-Allow-Origin: *
1 < Content-Type: application/json; charset=utf-8
1 < Content-Length: 609
1 < ETag: W/"261-BkoSxHqZBBRyH8GlG/6ZyBpUkyI"
1 < Date: Tue, 24 Jun 2025 09:19:29 GMT
1 < Connection: keep-alive
1 < Keep-Alive: timeout=5
{"access_token":"eyJhbGciOiJIUzI1NiIsInR5cCI6IkpXVCJ9.eyJzdWIiOiIyNzJmNmI1NS01MTc5LTRhZTMtODU2My1iNGVjMTBmNzY3MTUiLCJ1c2VybmFtZSI6ImpvaG5kb2UyZDVkIiwicm9sZSI6MCwiaWF0IjoxNzUwNzU2NzY4LCJleHAiOjE3NTA3NjAzNjh9.O3ecErXDDGwPnNur6Wub_lh3Ygk71qn-c6YbP58BDxo","refresh_token":"6108c8da1778113ca548c8a325b2653f7ca5242bd9ef3026012e599bdbf1fe57","user":{"id":"272f6b55-5179-4ae3-8563-b4ec10f76715","email":"testit5@gmail.com","username":"johndoe2d5d","name":"John Doe","phoneNumber":"0123456132","profilePic":null,"bio":null,"private":false,"verified":false,"role":0,"followersCount":0,"followingCount":0,"postCount":0}}

16:19:29.980 [pool-2-thread-78] INFO com.intuit.karate -- [print] Concurrent call completed, status: 200 
16:19:29.982 [pool-2-thread-39] DEBUG org.apache.http.wire -- http-outgoing-53 << "HTTP/1.1 200 OK[\r][\n]"
16:19:29.982 [pool-2-thread-39] DEBUG org.apache.http.wire -- http-outgoing-53 << "X-Powered-By: Express[\r][\n]"
16:19:29.982 [pool-2-thread-39] DEBUG org.apache.http.wire -- http-outgoing-53 << "Access-Control-Allow-Origin: *[\r][\n]"
16:19:29.982 [pool-2-thread-39] DEBUG org.apache.http.wire -- http-outgoing-53 << "Content-Type: application/json; charset=utf-8[\r][\n]"
16:19:29.982 [pool-2-thread-39] DEBUG org.apache.http.wire -- http-outgoing-53 << "Content-Length: 604[\r][\n]"
16:19:29.982 [pool-2-thread-39] DEBUG org.apache.http.wire -- http-outgoing-53 << "ETag: W/"25c-fqFUodX1EehVOaIvfcLKZqe39gk"[\r][\n]"
16:19:29.982 [pool-2-thread-39] DEBUG org.apache.http.wire -- http-outgoing-53 << "Date: Tue, 24 Jun 2025 09:19:29 GMT[\r][\n]"
16:19:29.982 [pool-2-thread-39] DEBUG org.apache.http.wire -- http-outgoing-53 << "Connection: keep-alive[\r][\n]"
16:19:29.982 [pool-2-thread-39] DEBUG org.apache.http.wire -- http-outgoing-53 << "Keep-Alive: timeout=5[\r][\n]"
16:19:29.982 [pool-2-thread-39] DEBUG org.apache.http.wire -- http-outgoing-53 << "[\r][\n]"
16:19:29.982 [pool-2-thread-39] DEBUG org.apache.http.wire -- http-outgoing-53 << "{"access_token":"eyJhbGciOiJIUzI1NiIsInR5cCI6IkpXVCJ9.eyJzdWIiOiJkZjZmMDkxOS1hMjNkLTQ0YzktYTkyNS00ZWE4YmU1MjVkMTAiLCJ1c2VybmFtZSI6ImpvaG5kb2UyMyIsInJvbGUiOjAsImlhdCI6MTc1MDc1Njc2OCwiZXhwIjoxNzUwNzYwMzY4fQ.GxpPbbTl10_Gxaova-sMBpeS260X6ZSzGNGRh4FFO6I","refresh_token":"7f1640b13f7be13ef383e93635ab77065b1f3a217ddb54a4980f74f7c227ebf2","user":{"id":"df6f0919-a23d-44c9-a925-4ea8be525d10","email":"testit@gmail.com","username":"johndoe23","name":"John Doe","phoneNumber":"0123456788","profilePic":null,"bio":null,"private":false,"verified":false,"role":0,"followersCount":0,"followingCount":0,"postCount":0}}"
16:19:29.982 [pool-2-thread-39] DEBUG org.apache.http.headers -- http-outgoing-53 << HTTP/1.1 200 OK
16:19:29.982 [pool-2-thread-39] DEBUG org.apache.http.headers -- http-outgoing-53 << X-Powered-By: Express
16:19:29.982 [pool-2-thread-39] DEBUG org.apache.http.headers -- http-outgoing-53 << Access-Control-Allow-Origin: *
16:19:29.982 [pool-2-thread-39] DEBUG org.apache.http.headers -- http-outgoing-53 << Content-Type: application/json; charset=utf-8
16:19:29.982 [pool-2-thread-39] DEBUG org.apache.http.headers -- http-outgoing-53 << Content-Length: 604
16:19:29.982 [pool-2-thread-39] DEBUG org.apache.http.headers -- http-outgoing-53 << ETag: W/"25c-fqFUodX1EehVOaIvfcLKZqe39gk"
16:19:29.982 [pool-2-thread-39] DEBUG org.apache.http.headers -- http-outgoing-53 << Date: Tue, 24 Jun 2025 09:19:29 GMT
16:19:29.982 [pool-2-thread-39] DEBUG org.apache.http.headers -- http-outgoing-53 << Connection: keep-alive
16:19:29.982 [pool-2-thread-39] DEBUG org.apache.http.headers -- http-outgoing-53 << Keep-Alive: timeout=5
16:19:29.982 [pool-2-thread-39] DEBUG org.apache.http.impl.execchain.MainClientExec -- Connection can be kept alive for 5000 MILLISECONDS
16:19:29.982 [pool-2-thread-39] DEBUG org.apache.http.impl.conn.PoolingHttpClientConnectionManager -- Connection [id: 18][route: {}->http://localhost:3000] can be kept alive for 5.0 seconds
16:19:29.982 [pool-2-thread-39] DEBUG org.apache.http.impl.conn.DefaultManagedHttpClientConnection -- http-outgoing-53: set socket timeout to 0
16:19:29.983 [pool-2-thread-39] DEBUG org.apache.http.impl.conn.PoolingHttpClientConnectionManager -- Connection released: [id: 18][route: {}->http://localhost:3000][total available: 1; route allocated: 1 of 5; total allocated: 1 of 10]
16:19:29.983 [pool-2-thread-39] DEBUG org.apache.http.impl.conn.PoolingHttpClientConnectionManager -- Connection manager is shutting down
16:19:29.983 [pool-2-thread-39] DEBUG org.apache.http.impl.conn.DefaultManagedHttpClientConnection -- http-outgoing-53: Close connection
16:19:29.983 [pool-2-thread-39] DEBUG org.apache.http.impl.conn.PoolingHttpClientConnectionManager -- Connection manager shut down
16:19:29.983 [pool-2-thread-39] DEBUG com.intuit.karate -- response time in milliseconds: 10160
1 < 200
1 < X-Powered-By: Express
1 < Access-Control-Allow-Origin: *
1 < Content-Type: application/json; charset=utf-8
1 < Content-Length: 604
1 < ETag: W/"25c-fqFUodX1EehVOaIvfcLKZqe39gk"
1 < Date: Tue, 24 Jun 2025 09:19:29 GMT
1 < Connection: keep-alive
1 < Keep-Alive: timeout=5
{"access_token":"eyJhbGciOiJIUzI1NiIsInR5cCI6IkpXVCJ9.eyJzdWIiOiJkZjZmMDkxOS1hMjNkLTQ0YzktYTkyNS00ZWE4YmU1MjVkMTAiLCJ1c2VybmFtZSI6ImpvaG5kb2UyMyIsInJvbGUiOjAsImlhdCI6MTc1MDc1Njc2OCwiZXhwIjoxNzUwNzYwMzY4fQ.GxpPbbTl10_Gxaova-sMBpeS260X6ZSzGNGRh4FFO6I","refresh_token":"7f1640b13f7be13ef383e93635ab77065b1f3a217ddb54a4980f74f7c227ebf2","user":{"id":"df6f0919-a23d-44c9-a925-4ea8be525d10","email":"testit@gmail.com","username":"johndoe23","name":"John Doe","phoneNumber":"0123456788","profilePic":null,"bio":null,"private":false,"verified":false,"role":0,"followersCount":0,"followingCount":0,"postCount":0}}

16:19:29.984 [pool-2-thread-39] INFO com.intuit.karate -- [print] Concurrent call completed, status: 200 
16:19:29.987 [pool-2-thread-40] DEBUG org.apache.http.wire -- http-outgoing-43 << "HTTP/1.1 200 OK[\r][\n]"
16:19:29.987 [pool-2-thread-40] DEBUG org.apache.http.wire -- http-outgoing-43 << "X-Powered-By: Express[\r][\n]"
16:19:29.987 [pool-2-thread-40] DEBUG org.apache.http.wire -- http-outgoing-43 << "Access-Control-Allow-Origin: *[\r][\n]"
16:19:29.987 [pool-2-thread-40] DEBUG org.apache.http.wire -- http-outgoing-43 << "Content-Type: application/json; charset=utf-8[\r][\n]"
16:19:29.987 [pool-2-thread-40] DEBUG org.apache.http.wire -- http-outgoing-43 << "Content-Length: 605[\r][\n]"
16:19:29.987 [pool-2-thread-40] DEBUG org.apache.http.wire -- http-outgoing-43 << "ETag: W/"25d-gFNX/RCHvXq0BW0gm96puWQQyUE"[\r][\n]"
16:19:29.987 [pool-2-thread-40] DEBUG org.apache.http.wire -- http-outgoing-43 << "Date: Tue, 24 Jun 2025 09:19:29 GMT[\r][\n]"
16:19:29.987 [pool-2-thread-40] DEBUG org.apache.http.wire -- http-outgoing-43 << "Connection: keep-alive[\r][\n]"
16:19:29.987 [pool-2-thread-40] DEBUG org.apache.http.wire -- http-outgoing-43 << "Keep-Alive: timeout=5[\r][\n]"
16:19:29.987 [pool-2-thread-40] DEBUG org.apache.http.wire -- http-outgoing-43 << "[\r][\n]"
16:19:29.987 [pool-2-thread-40] DEBUG org.apache.http.wire -- http-outgoing-43 << "{"access_token":"eyJhbGciOiJIUzI1NiIsInR5cCI6IkpXVCJ9.eyJzdWIiOiIwYTM3ZWY0My1mZWU4LTQxZDMtYTY4Ni04YWIwODY5NDg2OTUiLCJ1c2VybmFtZSI6ImpvaG5kb2UyMSIsInJvbGUiOjAsImlhdCI6MTc1MDc1Njc2OCwiZXhwIjoxNzUwNzYwMzY4fQ.ancFRZ3evo6L_BQR0hxAV2X1gu9K01BF0jTwBHw19TI","refresh_token":"eb5a8e6696031e3589d278c76ebecc4f8d6a63ed7487a4b422a905cf4ec19e2c","user":{"id":"0a37ef43-fee8-41d3-a686-8ab086948695","email":"testit2@gmail.com","username":"johndoe21","name":"John Doe","phoneNumber":"0123456712","profilePic":null,"bio":null,"private":false,"verified":false,"role":0,"followersCount":0,"followingCount":0,"postCount":0}}"
16:19:29.987 [pool-2-thread-40] DEBUG org.apache.http.headers -- http-outgoing-43 << HTTP/1.1 200 OK
16:19:29.987 [pool-2-thread-40] DEBUG org.apache.http.headers -- http-outgoing-43 << X-Powered-By: Express
16:19:29.987 [pool-2-thread-40] DEBUG org.apache.http.headers -- http-outgoing-43 << Access-Control-Allow-Origin: *
16:19:29.987 [pool-2-thread-40] DEBUG org.apache.http.headers -- http-outgoing-43 << Content-Type: application/json; charset=utf-8
16:19:29.987 [pool-2-thread-40] DEBUG org.apache.http.headers -- http-outgoing-43 << Content-Length: 605
16:19:29.987 [pool-2-thread-40] DEBUG org.apache.http.headers -- http-outgoing-43 << ETag: W/"25d-gFNX/RCHvXq0BW0gm96puWQQyUE"
16:19:29.987 [pool-2-thread-40] DEBUG org.apache.http.headers -- http-outgoing-43 << Date: Tue, 24 Jun 2025 09:19:29 GMT
16:19:29.987 [pool-2-thread-40] DEBUG org.apache.http.headers -- http-outgoing-43 << Connection: keep-alive
16:19:29.987 [pool-2-thread-40] DEBUG org.apache.http.headers -- http-outgoing-43 << Keep-Alive: timeout=5
16:19:29.988 [pool-2-thread-40] DEBUG org.apache.http.impl.execchain.MainClientExec -- Connection can be kept alive for 5000 MILLISECONDS
16:19:29.988 [pool-2-thread-40] DEBUG org.apache.http.impl.conn.PoolingHttpClientConnectionManager -- Connection [id: 42][route: {}->http://localhost:3000] can be kept alive for 5.0 seconds
16:19:29.988 [pool-2-thread-40] DEBUG org.apache.http.impl.conn.DefaultManagedHttpClientConnection -- http-outgoing-43: set socket timeout to 0
16:19:29.989 [pool-2-thread-40] DEBUG org.apache.http.impl.conn.PoolingHttpClientConnectionManager -- Connection released: [id: 42][route: {}->http://localhost:3000][total available: 1; route allocated: 1 of 5; total allocated: 1 of 10]
16:19:29.989 [pool-2-thread-40] DEBUG org.apache.http.impl.conn.PoolingHttpClientConnectionManager -- Connection manager is shutting down
16:19:29.989 [pool-2-thread-40] DEBUG org.apache.http.impl.conn.DefaultManagedHttpClientConnection -- http-outgoing-43: Close connection
16:19:29.989 [pool-2-thread-40] DEBUG org.apache.http.impl.conn.PoolingHttpClientConnectionManager -- Connection manager shut down
16:19:29.989 [pool-2-thread-40] DEBUG com.intuit.karate -- response time in milliseconds: 10168
1 < 200
1 < X-Powered-By: Express
1 < Access-Control-Allow-Origin: *
1 < Content-Type: application/json; charset=utf-8
1 < Content-Length: 605
1 < ETag: W/"25d-gFNX/RCHvXq0BW0gm96puWQQyUE"
1 < Date: Tue, 24 Jun 2025 09:19:29 GMT
1 < Connection: keep-alive
1 < Keep-Alive: timeout=5
{"access_token":"eyJhbGciOiJIUzI1NiIsInR5cCI6IkpXVCJ9.eyJzdWIiOiIwYTM3ZWY0My1mZWU4LTQxZDMtYTY4Ni04YWIwODY5NDg2OTUiLCJ1c2VybmFtZSI6ImpvaG5kb2UyMSIsInJvbGUiOjAsImlhdCI6MTc1MDc1Njc2OCwiZXhwIjoxNzUwNzYwMzY4fQ.ancFRZ3evo6L_BQR0hxAV2X1gu9K01BF0jTwBHw19TI","refresh_token":"eb5a8e6696031e3589d278c76ebecc4f8d6a63ed7487a4b422a905cf4ec19e2c","user":{"id":"0a37ef43-fee8-41d3-a686-8ab086948695","email":"testit2@gmail.com","username":"johndoe21","name":"John Doe","phoneNumber":"0123456712","profilePic":null,"bio":null,"private":false,"verified":false,"role":0,"followersCount":0,"followingCount":0,"postCount":0}}

16:19:29.991 [pool-2-thread-40] INFO com.intuit.karate -- [print] Concurrent call completed, status: 200 
16:19:30.015 [pool-2-thread-3] DEBUG org.apache.http.wire -- http-outgoing-48 << "HTTP/1.1 200 OK[\r][\n]"
16:19:30.015 [pool-2-thread-3] DEBUG org.apache.http.wire -- http-outgoing-48 << "X-Powered-By: Express[\r][\n]"
16:19:30.015 [pool-2-thread-3] DEBUG org.apache.http.wire -- http-outgoing-48 << "Access-Control-Allow-Origin: *[\r][\n]"
16:19:30.015 [pool-2-thread-3] DEBUG org.apache.http.wire -- http-outgoing-48 << "Content-Type: application/json; charset=utf-8[\r][\n]"
16:19:30.015 [pool-2-thread-3] DEBUG org.apache.http.wire -- http-outgoing-48 << "Content-Length: 599[\r][\n]"
16:19:30.015 [pool-2-thread-3] DEBUG org.apache.http.wire -- http-outgoing-48 << "ETag: W/"257-wdK0POFCaeEvyXfPCEncW/KOMfk"[\r][\n]"
16:19:30.015 [pool-2-thread-3] DEBUG org.apache.http.wire -- http-outgoing-48 << "Date: Tue, 24 Jun 2025 09:19:30 GMT[\r][\n]"
16:19:30.015 [pool-2-thread-3] DEBUG org.apache.http.wire -- http-outgoing-48 << "Connection: keep-alive[\r][\n]"
16:19:30.015 [pool-2-thread-3] DEBUG org.apache.http.wire -- http-outgoing-48 << "Keep-Alive: timeout=5[\r][\n]"
16:19:30.015 [pool-2-thread-3] DEBUG org.apache.http.wire -- http-outgoing-48 << "[\r][\n]"
16:19:30.015 [pool-2-thread-3] DEBUG org.apache.http.wire -- http-outgoing-48 << "{"access_token":"eyJhbGciOiJIUzI1NiIsInR5cCI6IkpXVCJ9.eyJzdWIiOiIyZGRhMDQzOS01MTgwLTQ1YWEtOTE3Zi1lNjMyZTQ1YThlNDEiLCJ1c2VybmFtZSI6ImpvaG5kb2UiLCJyb2xlIjowLCJpYXQiOjE3NTA3NTY3NjgsImV4cCI6MTc1MDc2MDM2OH0.AEBq6PYP-jxQmYJwN1EyqYisdL_B27cV_nhNoaTrVGQ","refresh_token":"2abd3550718135583e98929e284ae98b2770f6813e9ec820f456012ddd57c461","user":{"id":"2dda0439-5180-45aa-917f-e632e45a8e41","email":"test@example.com","username":"johndoe","name":"John Doe","phoneNumber":"0987654321","profilePic":null,"bio":null,"private":false,"verified":false,"role":0,"followersCount":0,"followingCount":0,"postCount":0}}"
16:19:30.016 [pool-2-thread-3] DEBUG org.apache.http.headers -- http-outgoing-48 << HTTP/1.1 200 OK
16:19:30.016 [pool-2-thread-3] DEBUG org.apache.http.headers -- http-outgoing-48 << X-Powered-By: Express
16:19:30.016 [pool-2-thread-3] DEBUG org.apache.http.headers -- http-outgoing-48 << Access-Control-Allow-Origin: *
16:19:30.016 [pool-2-thread-3] DEBUG org.apache.http.headers -- http-outgoing-48 << Content-Type: application/json; charset=utf-8
16:19:30.016 [pool-2-thread-3] DEBUG org.apache.http.headers -- http-outgoing-48 << Content-Length: 599
16:19:30.016 [pool-2-thread-3] DEBUG org.apache.http.headers -- http-outgoing-48 << ETag: W/"257-wdK0POFCaeEvyXfPCEncW/KOMfk"
16:19:30.016 [pool-2-thread-3] DEBUG org.apache.http.headers -- http-outgoing-48 << Date: Tue, 24 Jun 2025 09:19:30 GMT
16:19:30.016 [pool-2-thread-3] DEBUG org.apache.http.headers -- http-outgoing-48 << Connection: keep-alive
16:19:30.016 [pool-2-thread-3] DEBUG org.apache.http.headers -- http-outgoing-48 << Keep-Alive: timeout=5
16:19:30.016 [pool-2-thread-3] DEBUG org.apache.http.impl.execchain.MainClientExec -- Connection can be kept alive for 5000 MILLISECONDS
16:19:30.017 [pool-2-thread-3] DEBUG org.apache.http.impl.conn.PoolingHttpClientConnectionManager -- Connection [id: 21][route: {}->http://localhost:3000] can be kept alive for 5.0 seconds
16:19:30.017 [pool-2-thread-3] DEBUG org.apache.http.impl.conn.DefaultManagedHttpClientConnection -- http-outgoing-48: set socket timeout to 0
16:19:30.017 [pool-2-thread-3] DEBUG org.apache.http.impl.conn.PoolingHttpClientConnectionManager -- Connection released: [id: 21][route: {}->http://localhost:3000][total available: 1; route allocated: 1 of 5; total allocated: 1 of 10]
16:19:30.017 [pool-2-thread-3] DEBUG org.apache.http.impl.conn.PoolingHttpClientConnectionManager -- Connection manager is shutting down
16:19:30.017 [pool-2-thread-3] DEBUG org.apache.http.impl.conn.DefaultManagedHttpClientConnection -- http-outgoing-48: Close connection
16:19:30.017 [pool-2-thread-3] DEBUG org.apache.http.impl.conn.PoolingHttpClientConnectionManager -- Connection manager shut down
16:19:30.019 [pool-2-thread-3] DEBUG com.intuit.karate -- response time in milliseconds: 10195
1 < 200
1 < X-Powered-By: Express
1 < Access-Control-Allow-Origin: *
1 < Content-Type: application/json; charset=utf-8
1 < Content-Length: 599
1 < ETag: W/"257-wdK0POFCaeEvyXfPCEncW/KOMfk"
1 < Date: Tue, 24 Jun 2025 09:19:30 GMT
1 < Connection: keep-alive
1 < Keep-Alive: timeout=5
{"access_token":"eyJhbGciOiJIUzI1NiIsInR5cCI6IkpXVCJ9.eyJzdWIiOiIyZGRhMDQzOS01MTgwLTQ1YWEtOTE3Zi1lNjMyZTQ1YThlNDEiLCJ1c2VybmFtZSI6ImpvaG5kb2UiLCJyb2xlIjowLCJpYXQiOjE3NTA3NTY3NjgsImV4cCI6MTc1MDc2MDM2OH0.AEBq6PYP-jxQmYJwN1EyqYisdL_B27cV_nhNoaTrVGQ","refresh_token":"2abd3550718135583e98929e284ae98b2770f6813e9ec820f456012ddd57c461","user":{"id":"2dda0439-5180-45aa-917f-e632e45a8e41","email":"test@example.com","username":"johndoe","name":"John Doe","phoneNumber":"0987654321","profilePic":null,"bio":null,"private":false,"verified":false,"role":0,"followersCount":0,"followingCount":0,"postCount":0}}

16:19:30.022 [pool-2-thread-3] INFO com.intuit.karate -- [print] Concurrent call completed, status: 200 
16:19:30.160 [pool-2-thread-67] DEBUG org.apache.http.wire -- http-outgoing-42 << "HTTP/1.1 200 OK[\r][\n]"
16:19:30.160 [pool-2-thread-67] DEBUG org.apache.http.wire -- http-outgoing-42 << "X-Powered-By: Express[\r][\n]"
16:19:30.160 [pool-2-thread-67] DEBUG org.apache.http.wire -- http-outgoing-42 << "Access-Control-Allow-Origin: *[\r][\n]"
16:19:30.160 [pool-2-thread-67] DEBUG org.apache.http.wire -- http-outgoing-42 << "Content-Type: application/json; charset=utf-8[\r][\n]"
16:19:30.160 [pool-2-thread-67] DEBUG org.apache.http.wire -- http-outgoing-42 << "Content-Length: 605[\r][\n]"
16:19:30.160 [pool-2-thread-67] DEBUG org.apache.http.wire -- http-outgoing-42 << "ETag: W/"25d-PkCRf/CPSayfQMl+/b5ihHWcUVU"[\r][\n]"
16:19:30.160 [pool-2-thread-67] DEBUG org.apache.http.wire -- http-outgoing-42 << "Date: Tue, 24 Jun 2025 09:19:30 GMT[\r][\n]"
16:19:30.160 [pool-2-thread-67] DEBUG org.apache.http.wire -- http-outgoing-42 << "Connection: keep-alive[\r][\n]"
16:19:30.160 [pool-2-thread-67] DEBUG org.apache.http.wire -- http-outgoing-42 << "Keep-Alive: timeout=5[\r][\n]"
16:19:30.160 [pool-2-thread-67] DEBUG org.apache.http.wire -- http-outgoing-42 << "[\r][\n]"
16:19:30.160 [pool-2-thread-67] DEBUG org.apache.http.wire -- http-outgoing-42 << "{"access_token":"eyJhbGciOiJIUzI1NiIsInR5cCI6IkpXVCJ9.eyJzdWIiOiI2NTBjZTFlZC1hYWNhLTQzOGYtOTk4OC0xZjA1OGFiNWFhMWEiLCJ1c2VybmFtZSI6ImpvaG5kb2UyNSIsInJvbGUiOjAsImlhdCI6MTc1MDc1Njc2OSwiZXhwIjoxNzUwNzYwMzY5fQ.Beo1GldONWXliVOTFeOUUaZwujIayWf5BsQcV4rP4k0","refresh_token":"aa7ba844bcabd896447f10c0f7729308303e6943287c56a8f5546a0753d47c22","user":{"id":"650ce1ed-aaca-438f-9988-1f058ab5aa1a","email":"testit3@gmail.com","username":"johndoe25","name":"John Doe","phoneNumber":"0123456713","profilePic":null,"bio":null,"private":false,"verified":false,"role":0,"followersCount":0,"followingCount":0,"postCount":0}}"
16:19:30.160 [pool-2-thread-67] DEBUG org.apache.http.headers -- http-outgoing-42 << HTTP/1.1 200 OK
16:19:30.160 [pool-2-thread-67] DEBUG org.apache.http.headers -- http-outgoing-42 << X-Powered-By: Express
16:19:30.160 [pool-2-thread-67] DEBUG org.apache.http.headers -- http-outgoing-42 << Access-Control-Allow-Origin: *
16:19:30.160 [pool-2-thread-67] DEBUG org.apache.http.headers -- http-outgoing-42 << Content-Type: application/json; charset=utf-8
16:19:30.160 [pool-2-thread-67] DEBUG org.apache.http.headers -- http-outgoing-42 << Content-Length: 605
16:19:30.160 [pool-2-thread-67] DEBUG org.apache.http.headers -- http-outgoing-42 << ETag: W/"25d-PkCRf/CPSayfQMl+/b5ihHWcUVU"
16:19:30.160 [pool-2-thread-67] DEBUG org.apache.http.headers -- http-outgoing-42 << Date: Tue, 24 Jun 2025 09:19:30 GMT
16:19:30.160 [pool-2-thread-67] DEBUG org.apache.http.headers -- http-outgoing-42 << Connection: keep-alive
16:19:30.160 [pool-2-thread-67] DEBUG org.apache.http.headers -- http-outgoing-42 << Keep-Alive: timeout=5
16:19:30.160 [pool-2-thread-67] DEBUG org.apache.http.impl.execchain.MainClientExec -- Connection can be kept alive for 5000 MILLISECONDS
16:19:30.160 [pool-2-thread-67] DEBUG org.apache.http.impl.conn.PoolingHttpClientConnectionManager -- Connection [id: 49][route: {}->http://localhost:3000] can be kept alive for 5.0 seconds
16:19:30.160 [pool-2-thread-67] DEBUG org.apache.http.impl.conn.DefaultManagedHttpClientConnection -- http-outgoing-42: set socket timeout to 0
16:19:30.160 [pool-2-thread-67] DEBUG org.apache.http.impl.conn.PoolingHttpClientConnectionManager -- Connection released: [id: 49][route: {}->http://localhost:3000][total available: 1; route allocated: 1 of 5; total allocated: 1 of 10]
16:19:30.160 [pool-2-thread-67] DEBUG org.apache.http.impl.conn.PoolingHttpClientConnectionManager -- Connection manager is shutting down
16:19:30.160 [pool-2-thread-67] DEBUG org.apache.http.impl.conn.DefaultManagedHttpClientConnection -- http-outgoing-42: Close connection
16:19:30.160 [pool-2-thread-67] DEBUG org.apache.http.impl.conn.PoolingHttpClientConnectionManager -- Connection manager shut down
16:19:30.160 [pool-2-thread-67] DEBUG com.intuit.karate -- response time in milliseconds: 10350
1 < 200
1 < X-Powered-By: Express
1 < Access-Control-Allow-Origin: *
1 < Content-Type: application/json; charset=utf-8
1 < Content-Length: 605
1 < ETag: W/"25d-PkCRf/CPSayfQMl+/b5ihHWcUVU"
1 < Date: Tue, 24 Jun 2025 09:19:30 GMT
1 < Connection: keep-alive
1 < Keep-Alive: timeout=5
{"access_token":"eyJhbGciOiJIUzI1NiIsInR5cCI6IkpXVCJ9.eyJzdWIiOiI2NTBjZTFlZC1hYWNhLTQzOGYtOTk4OC0xZjA1OGFiNWFhMWEiLCJ1c2VybmFtZSI6ImpvaG5kb2UyNSIsInJvbGUiOjAsImlhdCI6MTc1MDc1Njc2OSwiZXhwIjoxNzUwNzYwMzY5fQ.Beo1GldONWXliVOTFeOUUaZwujIayWf5BsQcV4rP4k0","refresh_token":"aa7ba844bcabd896447f10c0f7729308303e6943287c56a8f5546a0753d47c22","user":{"id":"650ce1ed-aaca-438f-9988-1f058ab5aa1a","email":"testit3@gmail.com","username":"johndoe25","name":"John Doe","phoneNumber":"0123456713","profilePic":null,"bio":null,"private":false,"verified":false,"role":0,"followersCount":0,"followingCount":0,"postCount":0}}

16:19:30.162 [pool-2-thread-67] INFO com.intuit.karate -- [print] Concurrent call completed, status: 200 
16:19:30.923 [pool-2-thread-86] DEBUG org.apache.http.wire -- http-outgoing-41 << "HTTP/1.1 200 OK[\r][\n]"
16:19:30.923 [pool-2-thread-86] DEBUG org.apache.http.wire -- http-outgoing-41 << "X-Powered-By: Express[\r][\n]"
16:19:30.923 [pool-2-thread-86] DEBUG org.apache.http.wire -- http-outgoing-41 << "Access-Control-Allow-Origin: *[\r][\n]"
16:19:30.923 [pool-2-thread-86] DEBUG org.apache.http.wire -- http-outgoing-41 << "Content-Type: application/json; charset=utf-8[\r][\n]"
16:19:30.923 [pool-2-thread-86] DEBUG org.apache.http.wire -- http-outgoing-41 << "Content-Length: 607[\r][\n]"
16:19:30.923 [pool-2-thread-86] DEBUG org.apache.http.wire -- http-outgoing-41 << "ETag: W/"25f-TgMjrmey3Y+zBlgrPh6JU7V24fg"[\r][\n]"
16:19:30.924 [pool-2-thread-86] DEBUG org.apache.http.wire -- http-outgoing-41 << "Date: Tue, 24 Jun 2025 09:19:30 GMT[\r][\n]"
16:19:30.924 [pool-2-thread-86] DEBUG org.apache.http.wire -- http-outgoing-41 << "Connection: keep-alive[\r][\n]"
16:19:30.924 [pool-2-thread-86] DEBUG org.apache.http.wire -- http-outgoing-41 << "Keep-Alive: timeout=5[\r][\n]"
16:19:30.924 [pool-2-thread-86] DEBUG org.apache.http.wire -- http-outgoing-41 << "[\r][\n]"
16:19:30.924 [pool-2-thread-86] DEBUG org.apache.http.wire -- http-outgoing-41 << "{"access_token":"eyJhbGciOiJIUzI1NiIsInR5cCI6IkpXVCJ9.eyJzdWIiOiI5YTI2OTc2Yy0xNTMyLTRkZjMtYTE2ZS03NjMxNTI1Yzg1MDIiLCJ1c2VybmFtZSI6ImpvaG5kb2UyZDUiLCJyb2xlIjowLCJpYXQiOjE3NTA3NTY3NjksImV4cCI6MTc1MDc2MDM2OX0.4umFZCzoD1qlf8UT4g0C5oXb98QHmKjBz-mCNLNu6Zs","refresh_token":"e3c2a0e7fca05700bcde683a4ad65a652665baa73e6b3603545b14289b3183c8","user":{"id":"9a26976c-1532-4df3-a16e-7631525c8502","email":"testit4@gmail.com","username":"johndoe2d5","name":"John Doe","phoneNumber":"0123456212","profilePic":null,"bio":null,"private":false,"verified":false,"role":0,"followersCount":0,"followingCount":0,"postCount":0}}"
16:19:30.924 [pool-2-thread-86] DEBUG org.apache.http.headers -- http-outgoing-41 << HTTP/1.1 200 OK
16:19:30.924 [pool-2-thread-86] DEBUG org.apache.http.headers -- http-outgoing-41 << X-Powered-By: Express
16:19:30.924 [pool-2-thread-86] DEBUG org.apache.http.headers -- http-outgoing-41 << Access-Control-Allow-Origin: *
16:19:30.924 [pool-2-thread-86] DEBUG org.apache.http.headers -- http-outgoing-41 << Content-Type: application/json; charset=utf-8
16:19:30.924 [pool-2-thread-86] DEBUG org.apache.http.headers -- http-outgoing-41 << Content-Length: 607
16:19:30.924 [pool-2-thread-86] DEBUG org.apache.http.headers -- http-outgoing-41 << ETag: W/"25f-TgMjrmey3Y+zBlgrPh6JU7V24fg"
16:19:30.924 [pool-2-thread-86] DEBUG org.apache.http.headers -- http-outgoing-41 << Date: Tue, 24 Jun 2025 09:19:30 GMT
16:19:30.924 [pool-2-thread-86] DEBUG org.apache.http.headers -- http-outgoing-41 << Connection: keep-alive
16:19:30.924 [pool-2-thread-86] DEBUG org.apache.http.headers -- http-outgoing-41 << Keep-Alive: timeout=5
16:19:30.924 [pool-2-thread-86] DEBUG org.apache.http.impl.execchain.MainClientExec -- Connection can be kept alive for 5000 MILLISECONDS
16:19:30.924 [pool-2-thread-86] DEBUG org.apache.http.impl.conn.PoolingHttpClientConnectionManager -- Connection [id: 39][route: {}->http://localhost:3000] can be kept alive for 5.0 seconds
16:19:30.924 [pool-2-thread-86] DEBUG org.apache.http.impl.conn.DefaultManagedHttpClientConnection -- http-outgoing-41: set socket timeout to 0
16:19:30.924 [pool-2-thread-86] DEBUG org.apache.http.impl.conn.PoolingHttpClientConnectionManager -- Connection released: [id: 39][route: {}->http://localhost:3000][total available: 1; route allocated: 1 of 5; total allocated: 1 of 10]
16:19:30.924 [pool-2-thread-86] DEBUG org.apache.http.impl.conn.PoolingHttpClientConnectionManager -- Connection manager is shutting down
16:19:30.924 [pool-2-thread-86] DEBUG org.apache.http.impl.conn.DefaultManagedHttpClientConnection -- http-outgoing-41: Close connection
16:19:30.924 [pool-2-thread-86] DEBUG org.apache.http.impl.conn.PoolingHttpClientConnectionManager -- Connection manager shut down
16:19:30.924 [pool-2-thread-86] DEBUG com.intuit.karate -- response time in milliseconds: 11115
1 < 200
1 < X-Powered-By: Express
1 < Access-Control-Allow-Origin: *
1 < Content-Type: application/json; charset=utf-8
1 < Content-Length: 607
1 < ETag: W/"25f-TgMjrmey3Y+zBlgrPh6JU7V24fg"
1 < Date: Tue, 24 Jun 2025 09:19:30 GMT
1 < Connection: keep-alive
1 < Keep-Alive: timeout=5
{"access_token":"eyJhbGciOiJIUzI1NiIsInR5cCI6IkpXVCJ9.eyJzdWIiOiI5YTI2OTc2Yy0xNTMyLTRkZjMtYTE2ZS03NjMxNTI1Yzg1MDIiLCJ1c2VybmFtZSI6ImpvaG5kb2UyZDUiLCJyb2xlIjowLCJpYXQiOjE3NTA3NTY3NjksImV4cCI6MTc1MDc2MDM2OX0.4umFZCzoD1qlf8UT4g0C5oXb98QHmKjBz-mCNLNu6Zs","refresh_token":"e3c2a0e7fca05700bcde683a4ad65a652665baa73e6b3603545b14289b3183c8","user":{"id":"9a26976c-1532-4df3-a16e-7631525c8502","email":"testit4@gmail.com","username":"johndoe2d5","name":"John Doe","phoneNumber":"0123456212","profilePic":null,"bio":null,"private":false,"verified":false,"role":0,"followersCount":0,"followingCount":0,"postCount":0}}

16:19:30.926 [pool-2-thread-86] INFO com.intuit.karate -- [print] Concurrent call completed, status: 200 
16:19:30.948 [pool-2-thread-95] DEBUG org.apache.http.wire -- http-outgoing-87 << "HTTP/1.1 200 OK[\r][\n]"
16:19:30.948 [pool-2-thread-95] DEBUG org.apache.http.wire -- http-outgoing-87 << "X-Powered-By: Express[\r][\n]"
16:19:30.948 [pool-2-thread-95] DEBUG org.apache.http.wire -- http-outgoing-87 << "Access-Control-Allow-Origin: *[\r][\n]"
16:19:30.948 [pool-2-thread-95] DEBUG org.apache.http.wire -- http-outgoing-87 << "Content-Type: application/json; charset=utf-8[\r][\n]"
16:19:30.948 [pool-2-thread-95] DEBUG org.apache.http.wire -- http-outgoing-87 << "Content-Length: 607[\r][\n]"
16:19:30.948 [pool-2-thread-95] DEBUG org.apache.http.wire -- http-outgoing-87 << "ETag: W/"25f-EkTdMzzZvofDYq6Qv21ea8IInmA"[\r][\n]"
16:19:30.948 [pool-2-thread-95] DEBUG org.apache.http.wire -- http-outgoing-87 << "Date: Tue, 24 Jun 2025 09:19:30 GMT[\r][\n]"
16:19:30.948 [pool-2-thread-95] DEBUG org.apache.http.wire -- http-outgoing-87 << "Connection: keep-alive[\r][\n]"
16:19:30.948 [pool-2-thread-95] DEBUG org.apache.http.wire -- http-outgoing-87 << "Keep-Alive: timeout=5[\r][\n]"
16:19:30.948 [pool-2-thread-95] DEBUG org.apache.http.wire -- http-outgoing-87 << "[\r][\n]"
16:19:30.948 [pool-2-thread-95] DEBUG org.apache.http.wire -- http-outgoing-87 << "{"access_token":"eyJhbGciOiJIUzI1NiIsInR5cCI6IkpXVCJ9.eyJzdWIiOiJjMjE0MjJkZi1jY2VjLTQ0MGUtOWE0Mi1jMWI4MmFiZjczM2QiLCJ1c2VybmFtZSI6ImpvaG5kb2UyOCIsInJvbGUiOjAsImlhdCI6MTc1MDc1Njc2OSwiZXhwIjoxNzUwNzYwMzY5fQ.jt3feMNsjBkaphWjz7oJYWtHgQKXWqhhbyAIaP2zvbk","refresh_token":"ca8bb1da9a4b9d87b3c1fbac45cdc2678ba1d83f7b7b08e0da522eace04db378","user":{"id":"c21422df-ccec-440e-9a42-c1b82abf733d","email":"test28@example.com","username":"johndoe28","name":"John Doe","phoneNumber":"84987654321","profilePic":null,"bio":null,"private":false,"verified":false,"role":0,"followersCount":0,"followingCount":0,"postCount":0}}"
16:19:30.948 [pool-2-thread-95] DEBUG org.apache.http.headers -- http-outgoing-87 << HTTP/1.1 200 OK
16:19:30.948 [pool-2-thread-95] DEBUG org.apache.http.headers -- http-outgoing-87 << X-Powered-By: Express
16:19:30.948 [pool-2-thread-95] DEBUG org.apache.http.headers -- http-outgoing-87 << Access-Control-Allow-Origin: *
16:19:30.948 [pool-2-thread-95] DEBUG org.apache.http.headers -- http-outgoing-87 << Content-Type: application/json; charset=utf-8
16:19:30.948 [pool-2-thread-95] DEBUG org.apache.http.headers -- http-outgoing-87 << Content-Length: 607
16:19:30.948 [pool-2-thread-95] DEBUG org.apache.http.headers -- http-outgoing-87 << ETag: W/"25f-EkTdMzzZvofDYq6Qv21ea8IInmA"
16:19:30.948 [pool-2-thread-95] DEBUG org.apache.http.headers -- http-outgoing-87 << Date: Tue, 24 Jun 2025 09:19:30 GMT
16:19:30.948 [pool-2-thread-95] DEBUG org.apache.http.headers -- http-outgoing-87 << Connection: keep-alive
16:19:30.948 [pool-2-thread-95] DEBUG org.apache.http.headers -- http-outgoing-87 << Keep-Alive: timeout=5
16:19:30.948 [pool-2-thread-95] DEBUG org.apache.http.impl.execchain.MainClientExec -- Connection can be kept alive for 5000 MILLISECONDS
16:19:30.948 [pool-2-thread-95] DEBUG org.apache.http.impl.conn.PoolingHttpClientConnectionManager -- Connection [id: 80][route: {}->http://localhost:3000] can be kept alive for 5.0 seconds
16:19:30.948 [pool-2-thread-95] DEBUG org.apache.http.impl.conn.DefaultManagedHttpClientConnection -- http-outgoing-87: set socket timeout to 0
16:19:30.948 [pool-2-thread-95] DEBUG org.apache.http.impl.conn.PoolingHttpClientConnectionManager -- Connection released: [id: 80][route: {}->http://localhost:3000][total available: 1; route allocated: 1 of 5; total allocated: 1 of 10]
16:19:30.948 [pool-2-thread-95] DEBUG org.apache.http.impl.conn.PoolingHttpClientConnectionManager -- Connection manager is shutting down
16:19:30.948 [pool-2-thread-95] DEBUG org.apache.http.impl.conn.DefaultManagedHttpClientConnection -- http-outgoing-87: Close connection
16:19:30.948 [pool-2-thread-95] DEBUG org.apache.http.impl.conn.PoolingHttpClientConnectionManager -- Connection manager shut down
16:19:30.948 [pool-2-thread-95] DEBUG com.intuit.karate -- response time in milliseconds: 11132
1 < 200
1 < X-Powered-By: Express
1 < Access-Control-Allow-Origin: *
1 < Content-Type: application/json; charset=utf-8
1 < Content-Length: 607
1 < ETag: W/"25f-EkTdMzzZvofDYq6Qv21ea8IInmA"
1 < Date: Tue, 24 Jun 2025 09:19:30 GMT
1 < Connection: keep-alive
1 < Keep-Alive: timeout=5
{"access_token":"eyJhbGciOiJIUzI1NiIsInR5cCI6IkpXVCJ9.eyJzdWIiOiJjMjE0MjJkZi1jY2VjLTQ0MGUtOWE0Mi1jMWI4MmFiZjczM2QiLCJ1c2VybmFtZSI6ImpvaG5kb2UyOCIsInJvbGUiOjAsImlhdCI6MTc1MDc1Njc2OSwiZXhwIjoxNzUwNzYwMzY5fQ.jt3feMNsjBkaphWjz7oJYWtHgQKXWqhhbyAIaP2zvbk","refresh_token":"ca8bb1da9a4b9d87b3c1fbac45cdc2678ba1d83f7b7b08e0da522eace04db378","user":{"id":"c21422df-ccec-440e-9a42-c1b82abf733d","email":"test28@example.com","username":"johndoe28","name":"John Doe","phoneNumber":"84987654321","profilePic":null,"bio":null,"private":false,"verified":false,"role":0,"followersCount":0,"followingCount":0,"postCount":0}}

16:19:30.950 [pool-2-thread-95] INFO com.intuit.karate -- [print] Concurrent call completed, status: 200 
16:19:30.974 [pool-2-thread-12] DEBUG org.apache.http.wire -- http-outgoing-26 << "HTTP/1.1 200 OK[\r][\n]"
16:19:30.974 [pool-2-thread-12] DEBUG org.apache.http.wire -- http-outgoing-26 << "X-Powered-By: Express[\r][\n]"
16:19:30.974 [pool-2-thread-12] DEBUG org.apache.http.wire -- http-outgoing-26 << "Access-Control-Allow-Origin: *[\r][\n]"
16:19:30.974 [pool-2-thread-12] DEBUG org.apache.http.wire -- http-outgoing-26 << "Content-Type: application/json; charset=utf-8[\r][\n]"
16:19:30.974 [pool-2-thread-12] DEBUG org.apache.http.wire -- http-outgoing-26 << "Content-Length: 715[\r][\n]"
16:19:30.974 [pool-2-thread-12] DEBUG org.apache.http.wire -- http-outgoing-26 << "ETag: W/"2cb-bBeEnLr2FhKDvBRMX9jKcIzFjN4"[\r][\n]"
16:19:30.974 [pool-2-thread-12] DEBUG org.apache.http.wire -- http-outgoing-26 << "Date: Tue, 24 Jun 2025 09:19:30 GMT[\r][\n]"
16:19:30.974 [pool-2-thread-12] DEBUG org.apache.http.wire -- http-outgoing-26 << "Connection: keep-alive[\r][\n]"
16:19:30.974 [pool-2-thread-12] DEBUG org.apache.http.wire -- http-outgoing-26 << "Keep-Alive: timeout=5[\r][\n]"
16:19:30.974 [pool-2-thread-12] DEBUG org.apache.http.wire -- http-outgoing-26 << "[\r][\n]"
16:19:30.974 [pool-2-thread-12] DEBUG org.apache.http.wire -- http-outgoing-26 << "{"access_token":"eyJhbGciOiJIUzI1NiIsInR5cCI6IkpXVCJ9.eyJzdWIiOiIyYjg0YWEyNC02NjhhLTQwZTItYWYxYy1hZDRmYzRmYTVhNmYiLCJ1c2VybmFtZSI6InF1YW5nMSIsInJvbGUiOjAsImlhdCI6MTc1MDc1Njc2OSwiZXhwIjoxNzUwNzYwMzY5fQ.-9_eZe63fsX_4BklUzv44SEIbDQ4UQc_g4jMBvd3p6g","refresh_token":"8e26cf01ac88b1953e41e84faf26d9a2913f32b0f1cdea33a9ec033d0d75f00a","user":{"id":"2b84aa24-668a-40e2-af1c-ad4fc4fa5a6f","email":"quang1@gmail.com","username":"quang1","name":"quang1","phoneNumber":"09874563210","profilePic":"https://res.cloudinary.com/dizcvrefo/image/upload/v1749027586/nestjs_uploads/xehairydt9rzlbmbmv4c.jpg","bio":"Thang Nam Lao Vua Thoi","private":false,"verified":false,"role":0,"followersCount":2,"followingCount":3,"postCount":2}}"
16:19:30.974 [pool-2-thread-12] DEBUG org.apache.http.headers -- http-outgoing-26 << HTTP/1.1 200 OK
16:19:30.974 [pool-2-thread-12] DEBUG org.apache.http.headers -- http-outgoing-26 << X-Powered-By: Express
16:19:30.974 [pool-2-thread-12] DEBUG org.apache.http.headers -- http-outgoing-26 << Access-Control-Allow-Origin: *
16:19:30.974 [pool-2-thread-12] DEBUG org.apache.http.headers -- http-outgoing-26 << Content-Type: application/json; charset=utf-8
16:19:30.974 [pool-2-thread-12] DEBUG org.apache.http.headers -- http-outgoing-26 << Content-Length: 715
16:19:30.974 [pool-2-thread-12] DEBUG org.apache.http.headers -- http-outgoing-26 << ETag: W/"2cb-bBeEnLr2FhKDvBRMX9jKcIzFjN4"
16:19:30.974 [pool-2-thread-12] DEBUG org.apache.http.headers -- http-outgoing-26 << Date: Tue, 24 Jun 2025 09:19:30 GMT
16:19:30.974 [pool-2-thread-12] DEBUG org.apache.http.headers -- http-outgoing-26 << Connection: keep-alive
16:19:30.974 [pool-2-thread-12] DEBUG org.apache.http.headers -- http-outgoing-26 << Keep-Alive: timeout=5
16:19:30.974 [pool-2-thread-12] DEBUG org.apache.http.impl.execchain.MainClientExec -- Connection can be kept alive for 5000 MILLISECONDS
16:19:30.975 [pool-2-thread-12] DEBUG org.apache.http.impl.conn.PoolingHttpClientConnectionManager -- Connection [id: 64][route: {}->http://localhost:3000] can be kept alive for 5.0 seconds
16:19:30.975 [pool-2-thread-12] DEBUG org.apache.http.impl.conn.DefaultManagedHttpClientConnection -- http-outgoing-26: set socket timeout to 0
16:19:30.975 [pool-2-thread-12] DEBUG org.apache.http.impl.conn.PoolingHttpClientConnectionManager -- Connection released: [id: 64][route: {}->http://localhost:3000][total available: 1; route allocated: 1 of 5; total allocated: 1 of 10]
16:19:30.975 [pool-2-thread-12] DEBUG org.apache.http.impl.conn.PoolingHttpClientConnectionManager -- Connection manager is shutting down
16:19:30.975 [pool-2-thread-12] DEBUG org.apache.http.impl.conn.DefaultManagedHttpClientConnection -- http-outgoing-26: Close connection
16:19:30.975 [pool-2-thread-12] DEBUG org.apache.http.impl.conn.PoolingHttpClientConnectionManager -- Connection manager shut down
16:19:30.975 [pool-2-thread-12] DEBUG com.intuit.karate -- response time in milliseconds: 11156
1 < 200
1 < X-Powered-By: Express
1 < Access-Control-Allow-Origin: *
1 < Content-Type: application/json; charset=utf-8
1 < Content-Length: 715
1 < ETag: W/"2cb-bBeEnLr2FhKDvBRMX9jKcIzFjN4"
1 < Date: Tue, 24 Jun 2025 09:19:30 GMT
1 < Connection: keep-alive
1 < Keep-Alive: timeout=5
{"access_token":"eyJhbGciOiJIUzI1NiIsInR5cCI6IkpXVCJ9.eyJzdWIiOiIyYjg0YWEyNC02NjhhLTQwZTItYWYxYy1hZDRmYzRmYTVhNmYiLCJ1c2VybmFtZSI6InF1YW5nMSIsInJvbGUiOjAsImlhdCI6MTc1MDc1Njc2OSwiZXhwIjoxNzUwNzYwMzY5fQ.-9_eZe63fsX_4BklUzv44SEIbDQ4UQc_g4jMBvd3p6g","refresh_token":"8e26cf01ac88b1953e41e84faf26d9a2913f32b0f1cdea33a9ec033d0d75f00a","user":{"id":"2b84aa24-668a-40e2-af1c-ad4fc4fa5a6f","email":"quang1@gmail.com","username":"quang1","name":"quang1","phoneNumber":"09874563210","profilePic":"https://res.cloudinary.com/dizcvrefo/image/upload/v1749027586/nestjs_uploads/xehairydt9rzlbmbmv4c.jpg","bio":"Thang Nam Lao Vua Thoi","private":false,"verified":false,"role":0,"followersCount":2,"followingCount":3,"postCount":2}}

16:19:30.976 [pool-2-thread-12] INFO com.intuit.karate -- [print] Concurrent call completed, status: 200 
16:19:31.934 [pool-2-thread-20] DEBUG org.apache.http.wire -- http-outgoing-62 << "HTTP/1.1 200 OK[\r][\n]"
16:19:31.935 [pool-2-thread-20] DEBUG org.apache.http.wire -- http-outgoing-62 << "X-Powered-By: Express[\r][\n]"
16:19:31.935 [pool-2-thread-20] DEBUG org.apache.http.wire -- http-outgoing-62 << "Access-Control-Allow-Origin: *[\r][\n]"
16:19:31.935 [pool-2-thread-20] DEBUG org.apache.http.wire -- http-outgoing-62 << "Content-Type: application/json; charset=utf-8[\r][\n]"
16:19:31.935 [pool-2-thread-20] DEBUG org.apache.http.wire -- http-outgoing-62 << "Content-Length: 605[\r][\n]"
16:19:31.935 [pool-2-thread-20] DEBUG org.apache.http.wire -- http-outgoing-62 << "ETag: W/"25d-wk1PfaQDgn7gkX8FEmeqb6VXNEA"[\r][\n]"
16:19:31.935 [pool-2-thread-20] DEBUG org.apache.http.wire -- http-outgoing-62 << "Date: Tue, 24 Jun 2025 09:19:31 GMT[\r][\n]"
16:19:31.935 [pool-2-thread-20] DEBUG org.apache.http.wire -- http-outgoing-62 << "Connection: keep-alive[\r][\n]"
16:19:31.935 [pool-2-thread-20] DEBUG org.apache.http.wire -- http-outgoing-62 << "Keep-Alive: timeout=5[\r][\n]"
16:19:31.935 [pool-2-thread-20] DEBUG org.apache.http.wire -- http-outgoing-62 << "[\r][\n]"
16:19:31.935 [pool-2-thread-20] DEBUG org.apache.http.wire -- http-outgoing-62 << "{"access_token":"eyJhbGciOiJIUzI1NiIsInR5cCI6IkpXVCJ9.eyJzdWIiOiIwYTM3ZWY0My1mZWU4LTQxZDMtYTY4Ni04YWIwODY5NDg2OTUiLCJ1c2VybmFtZSI6ImpvaG5kb2UyMSIsInJvbGUiOjAsImlhdCI6MTc1MDc1Njc3MCwiZXhwIjoxNzUwNzYwMzcwfQ.hBO1jlgpZtrJkUtMMd5OI6YZp2c0GGt9RSjXcSe7VeQ","refresh_token":"6406701183ec01129320b67272047268d63c0cf8725d40df80197f5151850ede","user":{"id":"0a37ef43-fee8-41d3-a686-8ab086948695","email":"testit2@gmail.com","username":"johndoe21","name":"John Doe","phoneNumber":"0123456712","profilePic":null,"bio":null,"private":false,"verified":false,"role":0,"followersCount":0,"followingCount":0,"postCount":0}}"
16:19:31.935 [pool-2-thread-20] DEBUG org.apache.http.headers -- http-outgoing-62 << HTTP/1.1 200 OK
16:19:31.935 [pool-2-thread-20] DEBUG org.apache.http.headers -- http-outgoing-62 << X-Powered-By: Express
16:19:31.935 [pool-2-thread-20] DEBUG org.apache.http.headers -- http-outgoing-62 << Access-Control-Allow-Origin: *
16:19:31.935 [pool-2-thread-20] DEBUG org.apache.http.headers -- http-outgoing-62 << Content-Type: application/json; charset=utf-8
16:19:31.935 [pool-2-thread-20] DEBUG org.apache.http.headers -- http-outgoing-62 << Content-Length: 605
16:19:31.935 [pool-2-thread-20] DEBUG org.apache.http.headers -- http-outgoing-62 << ETag: W/"25d-wk1PfaQDgn7gkX8FEmeqb6VXNEA"
16:19:31.935 [pool-2-thread-20] DEBUG org.apache.http.headers -- http-outgoing-62 << Date: Tue, 24 Jun 2025 09:19:31 GMT
16:19:31.935 [pool-2-thread-20] DEBUG org.apache.http.headers -- http-outgoing-62 << Connection: keep-alive
16:19:31.935 [pool-2-thread-20] DEBUG org.apache.http.headers -- http-outgoing-62 << Keep-Alive: timeout=5
16:19:31.935 [pool-2-thread-20] DEBUG org.apache.http.impl.execchain.MainClientExec -- Connection can be kept alive for 5000 MILLISECONDS
16:19:31.935 [pool-2-thread-20] DEBUG org.apache.http.impl.conn.PoolingHttpClientConnectionManager -- Connection [id: 87][route: {}->http://localhost:3000] can be kept alive for 5.0 seconds
16:19:31.935 [pool-2-thread-20] DEBUG org.apache.http.impl.conn.DefaultManagedHttpClientConnection -- http-outgoing-62: set socket timeout to 0
16:19:31.935 [pool-2-thread-20] DEBUG org.apache.http.impl.conn.PoolingHttpClientConnectionManager -- Connection released: [id: 87][route: {}->http://localhost:3000][total available: 1; route allocated: 1 of 5; total allocated: 1 of 10]
16:19:31.935 [pool-2-thread-20] DEBUG org.apache.http.impl.conn.PoolingHttpClientConnectionManager -- Connection manager is shutting down
16:19:31.935 [pool-2-thread-20] DEBUG org.apache.http.impl.conn.DefaultManagedHttpClientConnection -- http-outgoing-62: Close connection
16:19:31.935 [pool-2-thread-20] DEBUG org.apache.http.impl.conn.PoolingHttpClientConnectionManager -- Connection manager shut down
16:19:31.936 [pool-2-thread-20] DEBUG com.intuit.karate -- response time in milliseconds: 12108
1 < 200
1 < X-Powered-By: Express
1 < Access-Control-Allow-Origin: *
1 < Content-Type: application/json; charset=utf-8
1 < Content-Length: 605
1 < ETag: W/"25d-wk1PfaQDgn7gkX8FEmeqb6VXNEA"
1 < Date: Tue, 24 Jun 2025 09:19:31 GMT
1 < Connection: keep-alive
1 < Keep-Alive: timeout=5
{"access_token":"eyJhbGciOiJIUzI1NiIsInR5cCI6IkpXVCJ9.eyJzdWIiOiIwYTM3ZWY0My1mZWU4LTQxZDMtYTY4Ni04YWIwODY5NDg2OTUiLCJ1c2VybmFtZSI6ImpvaG5kb2UyMSIsInJvbGUiOjAsImlhdCI6MTc1MDc1Njc3MCwiZXhwIjoxNzUwNzYwMzcwfQ.hBO1jlgpZtrJkUtMMd5OI6YZp2c0GGt9RSjXcSe7VeQ","refresh_token":"6406701183ec01129320b67272047268d63c0cf8725d40df80197f5151850ede","user":{"id":"0a37ef43-fee8-41d3-a686-8ab086948695","email":"testit2@gmail.com","username":"johndoe21","name":"John Doe","phoneNumber":"0123456712","profilePic":null,"bio":null,"private":false,"verified":false,"role":0,"followersCount":0,"followingCount":0,"postCount":0}}

16:19:31.937 [pool-2-thread-20] INFO com.intuit.karate -- [print] Concurrent call completed, status: 200 
16:19:31.960 [pool-2-thread-99] DEBUG org.apache.http.wire -- http-outgoing-93 << "HTTP/1.1 200 OK[\r][\n]"
16:19:31.960 [pool-2-thread-99] DEBUG org.apache.http.wire -- http-outgoing-93 << "X-Powered-By: Express[\r][\n]"
16:19:31.960 [pool-2-thread-99] DEBUG org.apache.http.wire -- http-outgoing-93 << "Access-Control-Allow-Origin: *[\r][\n]"
16:19:31.960 [pool-2-thread-99] DEBUG org.apache.http.wire -- http-outgoing-93 << "Content-Type: application/json; charset=utf-8[\r][\n]"
16:19:31.960 [pool-2-thread-99] DEBUG org.apache.http.wire -- http-outgoing-93 << "Content-Length: 604[\r][\n]"
16:19:31.960 [pool-2-thread-99] DEBUG org.apache.http.wire -- http-outgoing-93 << "ETag: W/"25c-KaQxLEPFDzkP7d/RlZOicLCov+c"[\r][\n]"
16:19:31.960 [pool-2-thread-99] DEBUG org.apache.http.wire -- http-outgoing-93 << "Date: Tue, 24 Jun 2025 09:19:31 GMT[\r][\n]"
16:19:31.960 [pool-2-thread-99] DEBUG org.apache.http.wire -- http-outgoing-93 << "Connection: keep-alive[\r][\n]"
16:19:31.960 [pool-2-thread-99] DEBUG org.apache.http.wire -- http-outgoing-93 << "Keep-Alive: timeout=5[\r][\n]"
16:19:31.960 [pool-2-thread-99] DEBUG org.apache.http.wire -- http-outgoing-93 << "[\r][\n]"
16:19:31.960 [pool-2-thread-99] DEBUG org.apache.http.wire -- http-outgoing-93 << "{"access_token":"eyJhbGciOiJIUzI1NiIsInR5cCI6IkpXVCJ9.eyJzdWIiOiJkZjZmMDkxOS1hMjNkLTQ0YzktYTkyNS00ZWE4YmU1MjVkMTAiLCJ1c2VybmFtZSI6ImpvaG5kb2UyMyIsInJvbGUiOjAsImlhdCI6MTc1MDc1Njc3MCwiZXhwIjoxNzUwNzYwMzcwfQ.mRkUiCKppqMGABxx9xfcTOoYrut9jwM7e53N-WwN2jE","refresh_token":"d4ec8617f43be7da6b7273220d9bd5625f245793b456fb3e1f04253edafead68","user":{"id":"df6f0919-a23d-44c9-a925-4ea8be525d10","email":"testit@gmail.com","username":"johndoe23","name":"John Doe","phoneNumber":"0123456788","profilePic":null,"bio":null,"private":false,"verified":false,"role":0,"followersCount":0,"followingCount":0,"postCount":0}}"
16:19:31.960 [pool-2-thread-99] DEBUG org.apache.http.headers -- http-outgoing-93 << HTTP/1.1 200 OK
16:19:31.960 [pool-2-thread-99] DEBUG org.apache.http.headers -- http-outgoing-93 << X-Powered-By: Express
16:19:31.960 [pool-2-thread-99] DEBUG org.apache.http.headers -- http-outgoing-93 << Access-Control-Allow-Origin: *
16:19:31.960 [pool-2-thread-99] DEBUG org.apache.http.headers -- http-outgoing-93 << Content-Type: application/json; charset=utf-8
16:19:31.960 [pool-2-thread-99] DEBUG org.apache.http.headers -- http-outgoing-93 << Content-Length: 604
16:19:31.960 [pool-2-thread-99] DEBUG org.apache.http.headers -- http-outgoing-93 << ETag: W/"25c-KaQxLEPFDzkP7d/RlZOicLCov+c"
16:19:31.960 [pool-2-thread-99] DEBUG org.apache.http.headers -- http-outgoing-93 << Date: Tue, 24 Jun 2025 09:19:31 GMT
16:19:31.960 [pool-2-thread-99] DEBUG org.apache.http.headers -- http-outgoing-93 << Connection: keep-alive
16:19:31.960 [pool-2-thread-99] DEBUG org.apache.http.headers -- http-outgoing-93 << Keep-Alive: timeout=5
16:19:31.961 [pool-2-thread-34] DEBUG org.apache.http.wire -- http-outgoing-27 << "HTTP/1.1 200 OK[\r][\n]"
16:19:31.961 [pool-2-thread-34] DEBUG org.apache.http.wire -- http-outgoing-27 << "X-Powered-By: Express[\r][\n]"
16:19:31.961 [pool-2-thread-99] DEBUG org.apache.http.impl.execchain.MainClientExec -- Connection can be kept alive for 5000 MILLISECONDS
16:19:31.961 [pool-2-thread-34] DEBUG org.apache.http.wire -- http-outgoing-27 << "Access-Control-Allow-Origin: *[\r][\n]"
16:19:31.961 [pool-2-thread-34] DEBUG org.apache.http.wire -- http-outgoing-27 << "Content-Type: application/json; charset=utf-8[\r][\n]"
16:19:31.961 [pool-2-thread-34] DEBUG org.apache.http.wire -- http-outgoing-27 << "Content-Length: 608[\r][\n]"
16:19:31.961 [pool-2-thread-34] DEBUG org.apache.http.wire -- http-outgoing-27 << "ETag: W/"260-9TVfdQidn41WqYJlAEdNFFecESU"[\r][\n]"
16:19:31.961 [pool-2-thread-34] DEBUG org.apache.http.wire -- http-outgoing-27 << "Date: Tue, 24 Jun 2025 09:19:31 GMT[\r][\n]"
16:19:31.961 [pool-2-thread-34] DEBUG org.apache.http.wire -- http-outgoing-27 << "Connection: keep-alive[\r][\n]"
16:19:31.961 [pool-2-thread-34] DEBUG org.apache.http.wire -- http-outgoing-27 << "Keep-Alive: timeout=5[\r][\n]"
16:19:31.961 [pool-2-thread-34] DEBUG org.apache.http.wire -- http-outgoing-27 << "[\r][\n]"
16:19:31.961 [pool-2-thread-34] DEBUG org.apache.http.wire -- http-outgoing-27 << "{"access_token":"eyJhbGciOiJIUzI1NiIsInR5cCI6IkpXVCJ9.eyJzdWIiOiI4YTI0NzQ2MS01YzA0LTQyMWQtOThmNS1mYTljNzM0ZmFlYTUiLCJ1c2VybmFtZSI6ImphbmVzbWl0aCIsInJvbGUiOjAsImlhdCI6MTc1MDc1Njc3MCwiZXhwIjoxNzUwNzYwMzcwfQ.H8mNP0Ryr15Zsx2Bz_0KmcxaZc7T2kilX0pVPP_7cjg","refresh_token":"d817c38a72953e6ac8a5512526dce8b4406bc4e0cef335b713cc431cac3cd963","user":{"id":"8a247461-5c04-421d-98f5-fa9c734faea5","email":"test2@example.com","username":"janesmith","name":"Jane Smith","phoneNumber":"01234567890","profilePic":null,"bio":null,"private":false,"verified":false,"role":0,"followersCount":0,"followingCount":0,"postCount":0}}"
16:19:31.961 [pool-2-thread-34] DEBUG org.apache.http.headers -- http-outgoing-27 << HTTP/1.1 200 OK
16:19:31.961 [pool-2-thread-34] DEBUG org.apache.http.headers -- http-outgoing-27 << X-Powered-By: Express
16:19:31.961 [pool-2-thread-34] DEBUG org.apache.http.headers -- http-outgoing-27 << Access-Control-Allow-Origin: *
16:19:31.961 [pool-2-thread-99] DEBUG org.apache.http.impl.conn.PoolingHttpClientConnectionManager -- Connection [id: 93][route: {}->http://localhost:3000] can be kept alive for 5.0 seconds
16:19:31.961 [pool-2-thread-34] DEBUG org.apache.http.headers -- http-outgoing-27 << Content-Type: application/json; charset=utf-8
16:19:31.961 [pool-2-thread-99] DEBUG org.apache.http.impl.conn.DefaultManagedHttpClientConnection -- http-outgoing-93: set socket timeout to 0
16:19:31.961 [pool-2-thread-34] DEBUG org.apache.http.headers -- http-outgoing-27 << Content-Length: 608
16:19:31.961 [pool-2-thread-34] DEBUG org.apache.http.headers -- http-outgoing-27 << ETag: W/"260-9TVfdQidn41WqYJlAEdNFFecESU"
16:19:31.961 [pool-2-thread-34] DEBUG org.apache.http.headers -- http-outgoing-27 << Date: Tue, 24 Jun 2025 09:19:31 GMT
16:19:31.961 [pool-2-thread-34] DEBUG org.apache.http.headers -- http-outgoing-27 << Connection: keep-alive
16:19:31.961 [pool-2-thread-34] DEBUG org.apache.http.headers -- http-outgoing-27 << Keep-Alive: timeout=5
16:19:31.961 [pool-2-thread-99] DEBUG org.apache.http.impl.conn.PoolingHttpClientConnectionManager -- Connection released: [id: 93][route: {}->http://localhost:3000][total available: 1; route allocated: 1 of 5; total allocated: 1 of 10]
16:19:31.961 [pool-2-thread-99] DEBUG org.apache.http.impl.conn.PoolingHttpClientConnectionManager -- Connection manager is shutting down
16:19:31.961 [pool-2-thread-99] DEBUG org.apache.http.impl.conn.DefaultManagedHttpClientConnection -- http-outgoing-93: Close connection
16:19:31.961 [pool-2-thread-34] DEBUG org.apache.http.impl.execchain.MainClientExec -- Connection can be kept alive for 5000 MILLISECONDS
16:19:31.961 [pool-2-thread-34] DEBUG org.apache.http.impl.conn.PoolingHttpClientConnectionManager -- Connection [id: 63][route: {}->http://localhost:3000] can be kept alive for 5.0 seconds
16:19:31.961 [pool-2-thread-34] DEBUG org.apache.http.impl.conn.DefaultManagedHttpClientConnection -- http-outgoing-27: set socket timeout to 0
16:19:31.961 [pool-2-thread-99] DEBUG org.apache.http.impl.conn.PoolingHttpClientConnectionManager -- Connection manager shut down
16:19:31.961 [pool-2-thread-34] DEBUG org.apache.http.impl.conn.PoolingHttpClientConnectionManager -- Connection released: [id: 63][route: {}->http://localhost:3000][total available: 1; route allocated: 1 of 5; total allocated: 1 of 10]
16:19:31.961 [pool-2-thread-34] DEBUG org.apache.http.impl.conn.PoolingHttpClientConnectionManager -- Connection manager is shutting down
16:19:31.961 [pool-2-thread-34] DEBUG org.apache.http.impl.conn.DefaultManagedHttpClientConnection -- http-outgoing-27: Close connection
16:19:31.961 [pool-2-thread-99] DEBUG com.intuit.karate -- response time in milliseconds: 12144
1 < 200
1 < X-Powered-By: Express
1 < Access-Control-Allow-Origin: *
1 < Content-Type: application/json; charset=utf-8
1 < Content-Length: 604
1 < ETag: W/"25c-KaQxLEPFDzkP7d/RlZOicLCov+c"
1 < Date: Tue, 24 Jun 2025 09:19:31 GMT
1 < Connection: keep-alive
1 < Keep-Alive: timeout=5
{"access_token":"eyJhbGciOiJIUzI1NiIsInR5cCI6IkpXVCJ9.eyJzdWIiOiJkZjZmMDkxOS1hMjNkLTQ0YzktYTkyNS00ZWE4YmU1MjVkMTAiLCJ1c2VybmFtZSI6ImpvaG5kb2UyMyIsInJvbGUiOjAsImlhdCI6MTc1MDc1Njc3MCwiZXhwIjoxNzUwNzYwMzcwfQ.mRkUiCKppqMGABxx9xfcTOoYrut9jwM7e53N-WwN2jE","refresh_token":"d4ec8617f43be7da6b7273220d9bd5625f245793b456fb3e1f04253edafead68","user":{"id":"df6f0919-a23d-44c9-a925-4ea8be525d10","email":"testit@gmail.com","username":"johndoe23","name":"John Doe","phoneNumber":"0123456788","profilePic":null,"bio":null,"private":false,"verified":false,"role":0,"followersCount":0,"followingCount":0,"postCount":0}}

16:19:31.961 [pool-2-thread-34] DEBUG org.apache.http.impl.conn.PoolingHttpClientConnectionManager -- Connection manager shut down
16:19:31.961 [pool-2-thread-34] DEBUG com.intuit.karate -- response time in milliseconds: 12142
1 < 200
1 < X-Powered-By: Express
1 < Access-Control-Allow-Origin: *
1 < Content-Type: application/json; charset=utf-8
1 < Content-Length: 608
1 < ETag: W/"260-9TVfdQidn41WqYJlAEdNFFecESU"
1 < Date: Tue, 24 Jun 2025 09:19:31 GMT
1 < Connection: keep-alive
1 < Keep-Alive: timeout=5
{"access_token":"eyJhbGciOiJIUzI1NiIsInR5cCI6IkpXVCJ9.eyJzdWIiOiI4YTI0NzQ2MS01YzA0LTQyMWQtOThmNS1mYTljNzM0ZmFlYTUiLCJ1c2VybmFtZSI6ImphbmVzbWl0aCIsInJvbGUiOjAsImlhdCI6MTc1MDc1Njc3MCwiZXhwIjoxNzUwNzYwMzcwfQ.H8mNP0Ryr15Zsx2Bz_0KmcxaZc7T2kilX0pVPP_7cjg","refresh_token":"d817c38a72953e6ac8a5512526dce8b4406bc4e0cef335b713cc431cac3cd963","user":{"id":"8a247461-5c04-421d-98f5-fa9c734faea5","email":"test2@example.com","username":"janesmith","name":"Jane Smith","phoneNumber":"01234567890","profilePic":null,"bio":null,"private":false,"verified":false,"role":0,"followersCount":0,"followingCount":0,"postCount":0}}

16:19:31.962 [pool-2-thread-34] INFO com.intuit.karate -- [print] Concurrent call completed, status: 200 
16:19:31.962 [pool-2-thread-99] INFO com.intuit.karate -- [print] Concurrent call completed, status: 200 
16:19:31.988 [pool-2-thread-33] DEBUG org.apache.http.wire -- http-outgoing-58 << "HTTP/1.1 200 OK[\r][\n]"
16:19:31.988 [pool-2-thread-33] DEBUG org.apache.http.wire -- http-outgoing-58 << "X-Powered-By: Express[\r][\n]"
16:19:31.988 [pool-2-thread-33] DEBUG org.apache.http.wire -- http-outgoing-58 << "Access-Control-Allow-Origin: *[\r][\n]"
16:19:31.988 [pool-2-thread-33] DEBUG org.apache.http.wire -- http-outgoing-58 << "Content-Type: application/json; charset=utf-8[\r][\n]"
16:19:31.988 [pool-2-thread-33] DEBUG org.apache.http.wire -- http-outgoing-58 << "Content-Length: 599[\r][\n]"
16:19:31.988 [pool-2-thread-33] DEBUG org.apache.http.wire -- http-outgoing-58 << "ETag: W/"257-JfEMHchhzmmikoHokGpDtRgGYjg"[\r][\n]"
16:19:31.988 [pool-2-thread-33] DEBUG org.apache.http.wire -- http-outgoing-58 << "Date: Tue, 24 Jun 2025 09:19:31 GMT[\r][\n]"
16:19:31.988 [pool-2-thread-33] DEBUG org.apache.http.wire -- http-outgoing-58 << "Connection: keep-alive[\r][\n]"
16:19:31.988 [pool-2-thread-33] DEBUG org.apache.http.wire -- http-outgoing-58 << "Keep-Alive: timeout=5[\r][\n]"
16:19:31.988 [pool-2-thread-33] DEBUG org.apache.http.wire -- http-outgoing-58 << "[\r][\n]"
16:19:31.988 [pool-2-thread-33] DEBUG org.apache.http.wire -- http-outgoing-58 << "{"access_token":"eyJhbGciOiJIUzI1NiIsInR5cCI6IkpXVCJ9.eyJzdWIiOiIyZGRhMDQzOS01MTgwLTQ1YWEtOTE3Zi1lNjMyZTQ1YThlNDEiLCJ1c2VybmFtZSI6ImpvaG5kb2UiLCJyb2xlIjowLCJpYXQiOjE3NTA3NTY3NzAsImV4cCI6MTc1MDc2MDM3MH0.osufy6GGxy8eNMUpOn-LhNpQell1vA34UOpOelszfsI","refresh_token":"954e160447574c8c6daf70b362ccc4dde2f5eb6a969d8cf5f45e2a6f397dce2a","user":{"id":"2dda0439-5180-45aa-917f-e632e45a8e41","email":"test@example.com","username":"johndoe","name":"John Doe","phoneNumber":"0987654321","profilePic":null,"bio":null,"private":false,"verified":false,"role":0,"followersCount":0,"followingCount":0,"postCount":0}}"
16:19:31.988 [pool-2-thread-33] DEBUG org.apache.http.headers -- http-outgoing-58 << HTTP/1.1 200 OK
16:19:31.989 [pool-2-thread-33] DEBUG org.apache.http.headers -- http-outgoing-58 << X-Powered-By: Express
16:19:31.989 [pool-2-thread-33] DEBUG org.apache.http.headers -- http-outgoing-58 << Access-Control-Allow-Origin: *
16:19:31.989 [pool-2-thread-33] DEBUG org.apache.http.headers -- http-outgoing-58 << Content-Type: application/json; charset=utf-8
16:19:31.989 [pool-2-thread-33] DEBUG org.apache.http.headers -- http-outgoing-58 << Content-Length: 599
16:19:31.989 [pool-2-thread-33] DEBUG org.apache.http.headers -- http-outgoing-58 << ETag: W/"257-JfEMHchhzmmikoHokGpDtRgGYjg"
16:19:31.989 [pool-2-thread-33] DEBUG org.apache.http.headers -- http-outgoing-58 << Date: Tue, 24 Jun 2025 09:19:31 GMT
16:19:31.989 [pool-2-thread-33] DEBUG org.apache.http.headers -- http-outgoing-58 << Connection: keep-alive
16:19:31.989 [pool-2-thread-33] DEBUG org.apache.http.headers -- http-outgoing-58 << Keep-Alive: timeout=5
16:19:31.989 [pool-2-thread-33] DEBUG org.apache.http.impl.execchain.MainClientExec -- Connection can be kept alive for 5000 MILLISECONDS
16:19:31.989 [pool-2-thread-33] DEBUG org.apache.http.impl.conn.PoolingHttpClientConnectionManager -- Connection [id: 11][route: {}->http://localhost:3000] can be kept alive for 5.0 seconds
16:19:31.989 [pool-2-thread-33] DEBUG org.apache.http.impl.conn.DefaultManagedHttpClientConnection -- http-outgoing-58: set socket timeout to 0
16:19:31.989 [pool-2-thread-33] DEBUG org.apache.http.impl.conn.PoolingHttpClientConnectionManager -- Connection released: [id: 11][route: {}->http://localhost:3000][total available: 1; route allocated: 1 of 5; total allocated: 1 of 10]
16:19:31.989 [pool-2-thread-33] DEBUG org.apache.http.impl.conn.PoolingHttpClientConnectionManager -- Connection manager is shutting down
16:19:31.989 [pool-2-thread-33] DEBUG org.apache.http.impl.conn.DefaultManagedHttpClientConnection -- http-outgoing-58: Close connection
16:19:31.990 [pool-2-thread-33] DEBUG org.apache.http.impl.conn.PoolingHttpClientConnectionManager -- Connection manager shut down
16:19:31.990 [pool-2-thread-33] DEBUG com.intuit.karate -- response time in milliseconds: 12180
1 < 200
1 < X-Powered-By: Express
1 < Access-Control-Allow-Origin: *
1 < Content-Type: application/json; charset=utf-8
1 < Content-Length: 599
1 < ETag: W/"257-JfEMHchhzmmikoHokGpDtRgGYjg"
1 < Date: Tue, 24 Jun 2025 09:19:31 GMT
1 < Connection: keep-alive
1 < Keep-Alive: timeout=5
{"access_token":"eyJhbGciOiJIUzI1NiIsInR5cCI6IkpXVCJ9.eyJzdWIiOiIyZGRhMDQzOS01MTgwLTQ1YWEtOTE3Zi1lNjMyZTQ1YThlNDEiLCJ1c2VybmFtZSI6ImpvaG5kb2UiLCJyb2xlIjowLCJpYXQiOjE3NTA3NTY3NzAsImV4cCI6MTc1MDc2MDM3MH0.osufy6GGxy8eNMUpOn-LhNpQell1vA34UOpOelszfsI","refresh_token":"954e160447574c8c6daf70b362ccc4dde2f5eb6a969d8cf5f45e2a6f397dce2a","user":{"id":"2dda0439-5180-45aa-917f-e632e45a8e41","email":"test@example.com","username":"johndoe","name":"John Doe","phoneNumber":"0987654321","profilePic":null,"bio":null,"private":false,"verified":false,"role":0,"followersCount":0,"followingCount":0,"postCount":0}}

16:19:31.992 [pool-2-thread-33] INFO com.intuit.karate -- [print] Concurrent call completed, status: 200 
16:19:32.081 [pool-2-thread-98] DEBUG org.apache.http.wire -- http-outgoing-19 << "HTTP/1.1 200 OK[\r][\n]"
16:19:32.081 [pool-2-thread-98] DEBUG org.apache.http.wire -- http-outgoing-19 << "X-Powered-By: Express[\r][\n]"
16:19:32.081 [pool-2-thread-98] DEBUG org.apache.http.wire -- http-outgoing-19 << "Access-Control-Allow-Origin: *[\r][\n]"
16:19:32.081 [pool-2-thread-98] DEBUG org.apache.http.wire -- http-outgoing-19 << "Content-Type: application/json; charset=utf-8[\r][\n]"
16:19:32.081 [pool-2-thread-98] DEBUG org.apache.http.wire -- http-outgoing-19 << "Content-Length: 609[\r][\n]"
16:19:32.081 [pool-2-thread-98] DEBUG org.apache.http.wire -- http-outgoing-19 << "ETag: W/"261-bEMSDwzIA3P/PjbSziQZuzjTk8M"[\r][\n]"
16:19:32.081 [pool-2-thread-98] DEBUG org.apache.http.wire -- http-outgoing-19 << "Date: Tue, 24 Jun 2025 09:19:32 GMT[\r][\n]"
16:19:32.081 [pool-2-thread-98] DEBUG org.apache.http.wire -- http-outgoing-19 << "Connection: keep-alive[\r][\n]"
16:19:32.081 [pool-2-thread-98] DEBUG org.apache.http.wire -- http-outgoing-19 << "Keep-Alive: timeout=5[\r][\n]"
16:19:32.081 [pool-2-thread-98] DEBUG org.apache.http.wire -- http-outgoing-19 << "[\r][\n]"
16:19:32.081 [pool-2-thread-98] DEBUG org.apache.http.wire -- http-outgoing-19 << "{"access_token":"eyJhbGciOiJIUzI1NiIsInR5cCI6IkpXVCJ9.eyJzdWIiOiIyNzJmNmI1NS01MTc5LTRhZTMtODU2My1iNGVjMTBmNzY3MTUiLCJ1c2VybmFtZSI6ImpvaG5kb2UyZDVkIiwicm9sZSI6MCwiaWF0IjoxNzUwNzU2NzcxLCJleHAiOjE3NTA3NjAzNzF9.vVAV0vxbZTpRoB1f3pUsIp3NAgztbjC_MxngiHeIRq4","refresh_token":"95c55090fcda56dce607d1d0e6af3c2c3f0c668118566f01600d380c1fe3cc67","user":{"id":"272f6b55-5179-4ae3-8563-b4ec10f76715","email":"testit5@gmail.com","username":"johndoe2d5d","name":"John Doe","phoneNumber":"0123456132","profilePic":null,"bio":null,"private":false,"verified":false,"role":0,"followersCount":0,"followingCount":0,"postCount":0}}"
16:19:32.081 [pool-2-thread-98] DEBUG org.apache.http.headers -- http-outgoing-19 << HTTP/1.1 200 OK
16:19:32.081 [pool-2-thread-98] DEBUG org.apache.http.headers -- http-outgoing-19 << X-Powered-By: Express
16:19:32.081 [pool-2-thread-98] DEBUG org.apache.http.headers -- http-outgoing-19 << Access-Control-Allow-Origin: *
16:19:32.081 [pool-2-thread-98] DEBUG org.apache.http.headers -- http-outgoing-19 << Content-Type: application/json; charset=utf-8
16:19:32.081 [pool-2-thread-98] DEBUG org.apache.http.headers -- http-outgoing-19 << Content-Length: 609
16:19:32.081 [pool-2-thread-98] DEBUG org.apache.http.headers -- http-outgoing-19 << ETag: W/"261-bEMSDwzIA3P/PjbSziQZuzjTk8M"
16:19:32.081 [pool-2-thread-98] DEBUG org.apache.http.headers -- http-outgoing-19 << Date: Tue, 24 Jun 2025 09:19:32 GMT
16:19:32.081 [pool-2-thread-98] DEBUG org.apache.http.headers -- http-outgoing-19 << Connection: keep-alive
16:19:32.081 [pool-2-thread-98] DEBUG org.apache.http.headers -- http-outgoing-19 << Keep-Alive: timeout=5
16:19:32.082 [pool-2-thread-98] DEBUG org.apache.http.impl.execchain.MainClientExec -- Connection can be kept alive for 5000 MILLISECONDS
16:19:32.082 [pool-2-thread-98] DEBUG org.apache.http.impl.conn.PoolingHttpClientConnectionManager -- Connection [id: 79][route: {}->http://localhost:3000] can be kept alive for 5.0 seconds
16:19:32.082 [pool-2-thread-98] DEBUG org.apache.http.impl.conn.DefaultManagedHttpClientConnection -- http-outgoing-19: set socket timeout to 0
16:19:32.082 [pool-2-thread-98] DEBUG org.apache.http.impl.conn.PoolingHttpClientConnectionManager -- Connection released: [id: 79][route: {}->http://localhost:3000][total available: 1; route allocated: 1 of 5; total allocated: 1 of 10]
16:19:32.082 [pool-2-thread-98] DEBUG org.apache.http.impl.conn.PoolingHttpClientConnectionManager -- Connection manager is shutting down
16:19:32.082 [pool-2-thread-98] DEBUG org.apache.http.impl.conn.DefaultManagedHttpClientConnection -- http-outgoing-19: Close connection
16:19:32.082 [pool-2-thread-98] DEBUG org.apache.http.impl.conn.PoolingHttpClientConnectionManager -- Connection manager shut down
16:19:32.082 [pool-2-thread-98] DEBUG com.intuit.karate -- response time in milliseconds: 12265
1 < 200
1 < X-Powered-By: Express
1 < Access-Control-Allow-Origin: *
1 < Content-Type: application/json; charset=utf-8
1 < Content-Length: 609
1 < ETag: W/"261-bEMSDwzIA3P/PjbSziQZuzjTk8M"
1 < Date: Tue, 24 Jun 2025 09:19:32 GMT
1 < Connection: keep-alive
1 < Keep-Alive: timeout=5
{"access_token":"eyJhbGciOiJIUzI1NiIsInR5cCI6IkpXVCJ9.eyJzdWIiOiIyNzJmNmI1NS01MTc5LTRhZTMtODU2My1iNGVjMTBmNzY3MTUiLCJ1c2VybmFtZSI6ImpvaG5kb2UyZDVkIiwicm9sZSI6MCwiaWF0IjoxNzUwNzU2NzcxLCJleHAiOjE3NTA3NjAzNzF9.vVAV0vxbZTpRoB1f3pUsIp3NAgztbjC_MxngiHeIRq4","refresh_token":"95c55090fcda56dce607d1d0e6af3c2c3f0c668118566f01600d380c1fe3cc67","user":{"id":"272f6b55-5179-4ae3-8563-b4ec10f76715","email":"testit5@gmail.com","username":"johndoe2d5d","name":"John Doe","phoneNumber":"0123456132","profilePic":null,"bio":null,"private":false,"verified":false,"role":0,"followersCount":0,"followingCount":0,"postCount":0}}

16:19:32.085 [pool-2-thread-98] INFO com.intuit.karate -- [print] Concurrent call completed, status: 200 
16:19:32.109 [pool-2-thread-37] DEBUG org.apache.http.wire -- http-outgoing-20 << "HTTP/1.1 200 OK[\r][\n]"
16:19:32.109 [pool-2-thread-37] DEBUG org.apache.http.wire -- http-outgoing-20 << "X-Powered-By: Express[\r][\n]"
16:19:32.109 [pool-2-thread-37] DEBUG org.apache.http.wire -- http-outgoing-20 << "Access-Control-Allow-Origin: *[\r][\n]"
16:19:32.109 [pool-2-thread-37] DEBUG org.apache.http.wire -- http-outgoing-20 << "Content-Type: application/json; charset=utf-8[\r][\n]"
16:19:32.109 [pool-2-thread-37] DEBUG org.apache.http.wire -- http-outgoing-20 << "Content-Length: 605[\r][\n]"
16:19:32.109 [pool-2-thread-37] DEBUG org.apache.http.wire -- http-outgoing-20 << "ETag: W/"25d-S0LICrxti73oq1kVjQX4pxoyhgw"[\r][\n]"
16:19:32.109 [pool-2-thread-37] DEBUG org.apache.http.wire -- http-outgoing-20 << "Date: Tue, 24 Jun 2025 09:19:32 GMT[\r][\n]"
16:19:32.109 [pool-2-thread-37] DEBUG org.apache.http.wire -- http-outgoing-20 << "Connection: keep-alive[\r][\n]"
16:19:32.109 [pool-2-thread-37] DEBUG org.apache.http.wire -- http-outgoing-20 << "Keep-Alive: timeout=5[\r][\n]"
16:19:32.109 [pool-2-thread-37] DEBUG org.apache.http.wire -- http-outgoing-20 << "[\r][\n]"
16:19:32.109 [pool-2-thread-37] DEBUG org.apache.http.wire -- http-outgoing-20 << "{"access_token":"eyJhbGciOiJIUzI1NiIsInR5cCI6IkpXVCJ9.eyJzdWIiOiI2NTBjZTFlZC1hYWNhLTQzOGYtOTk4OC0xZjA1OGFiNWFhMWEiLCJ1c2VybmFtZSI6ImpvaG5kb2UyNSIsInJvbGUiOjAsImlhdCI6MTc1MDc1Njc3MSwiZXhwIjoxNzUwNzYwMzcxfQ.uPw0MjTHadHNeZSBcb4e2elkqSsqNnHLBOycXPGFtRA","refresh_token":"8bd47695b03c55ba21589aa9658c934740a174ce18387dc24e73d9d388d1ef01","user":{"id":"650ce1ed-aaca-438f-9988-1f058ab5aa1a","email":"testit3@gmail.com","username":"johndoe25","name":"John Doe","phoneNumber":"0123456713","profilePic":null,"bio":null,"private":false,"verified":false,"role":0,"followersCount":0,"followingCount":0,"postCount":0}}"
16:19:32.109 [pool-2-thread-37] DEBUG org.apache.http.headers -- http-outgoing-20 << HTTP/1.1 200 OK
16:19:32.109 [pool-2-thread-37] DEBUG org.apache.http.headers -- http-outgoing-20 << X-Powered-By: Express
16:19:32.109 [pool-2-thread-37] DEBUG org.apache.http.headers -- http-outgoing-20 << Access-Control-Allow-Origin: *
16:19:32.109 [pool-2-thread-37] DEBUG org.apache.http.headers -- http-outgoing-20 << Content-Type: application/json; charset=utf-8
16:19:32.109 [pool-2-thread-37] DEBUG org.apache.http.headers -- http-outgoing-20 << Content-Length: 605
16:19:32.109 [pool-2-thread-37] DEBUG org.apache.http.headers -- http-outgoing-20 << ETag: W/"25d-S0LICrxti73oq1kVjQX4pxoyhgw"
16:19:32.109 [pool-2-thread-37] DEBUG org.apache.http.headers -- http-outgoing-20 << Date: Tue, 24 Jun 2025 09:19:32 GMT
16:19:32.109 [pool-2-thread-37] DEBUG org.apache.http.headers -- http-outgoing-20 << Connection: keep-alive
16:19:32.109 [pool-2-thread-37] DEBUG org.apache.http.headers -- http-outgoing-20 << Keep-Alive: timeout=5
16:19:32.109 [pool-2-thread-37] DEBUG org.apache.http.impl.execchain.MainClientExec -- Connection can be kept alive for 5000 MILLISECONDS
16:19:32.109 [pool-2-thread-37] DEBUG org.apache.http.impl.conn.PoolingHttpClientConnectionManager -- Connection [id: 14][route: {}->http://localhost:3000] can be kept alive for 5.0 seconds
16:19:32.109 [pool-2-thread-37] DEBUG org.apache.http.impl.conn.DefaultManagedHttpClientConnection -- http-outgoing-20: set socket timeout to 0
16:19:32.109 [pool-2-thread-37] DEBUG org.apache.http.impl.conn.PoolingHttpClientConnectionManager -- Connection released: [id: 14][route: {}->http://localhost:3000][total available: 1; route allocated: 1 of 5; total allocated: 1 of 10]
16:19:32.109 [pool-2-thread-37] DEBUG org.apache.http.impl.conn.PoolingHttpClientConnectionManager -- Connection manager is shutting down
16:19:32.109 [pool-2-thread-37] DEBUG org.apache.http.impl.conn.DefaultManagedHttpClientConnection -- http-outgoing-20: Close connection
16:19:32.109 [pool-2-thread-37] DEBUG org.apache.http.impl.conn.PoolingHttpClientConnectionManager -- Connection manager shut down
16:19:32.109 [pool-2-thread-37] DEBUG com.intuit.karate -- response time in milliseconds: 12292
1 < 200
1 < X-Powered-By: Express
1 < Access-Control-Allow-Origin: *
1 < Content-Type: application/json; charset=utf-8
1 < Content-Length: 605
1 < ETag: W/"25d-S0LICrxti73oq1kVjQX4pxoyhgw"
1 < Date: Tue, 24 Jun 2025 09:19:32 GMT
1 < Connection: keep-alive
1 < Keep-Alive: timeout=5
{"access_token":"eyJhbGciOiJIUzI1NiIsInR5cCI6IkpXVCJ9.eyJzdWIiOiI2NTBjZTFlZC1hYWNhLTQzOGYtOTk4OC0xZjA1OGFiNWFhMWEiLCJ1c2VybmFtZSI6ImpvaG5kb2UyNSIsInJvbGUiOjAsImlhdCI6MTc1MDc1Njc3MSwiZXhwIjoxNzUwNzYwMzcxfQ.uPw0MjTHadHNeZSBcb4e2elkqSsqNnHLBOycXPGFtRA","refresh_token":"8bd47695b03c55ba21589aa9658c934740a174ce18387dc24e73d9d388d1ef01","user":{"id":"650ce1ed-aaca-438f-9988-1f058ab5aa1a","email":"testit3@gmail.com","username":"johndoe25","name":"John Doe","phoneNumber":"0123456713","profilePic":null,"bio":null,"private":false,"verified":false,"role":0,"followersCount":0,"followingCount":0,"postCount":0}}

16:19:32.111 [pool-2-thread-37] INFO com.intuit.karate -- [print] Concurrent call completed, status: 200 
16:19:32.148 [pool-2-thread-81] DEBUG org.apache.http.wire -- http-outgoing-83 << "HTTP/1.1 200 OK[\r][\n]"
16:19:32.148 [pool-2-thread-81] DEBUG org.apache.http.wire -- http-outgoing-83 << "X-Powered-By: Express[\r][\n]"
16:19:32.148 [pool-2-thread-81] DEBUG org.apache.http.wire -- http-outgoing-83 << "Access-Control-Allow-Origin: *[\r][\n]"
16:19:32.148 [pool-2-thread-81] DEBUG org.apache.http.wire -- http-outgoing-83 << "Content-Type: application/json; charset=utf-8[\r][\n]"
16:19:32.148 [pool-2-thread-81] DEBUG org.apache.http.wire -- http-outgoing-83 << "Content-Length: 708[\r][\n]"
16:19:32.148 [pool-2-thread-81] DEBUG org.apache.http.wire -- http-outgoing-83 << "ETag: W/"2c4-hf3bAXqwq8jKxUNgbj4zzfi9xps"[\r][\n]"
16:19:32.148 [pool-2-thread-81] DEBUG org.apache.http.wire -- http-outgoing-83 << "Date: Tue, 24 Jun 2025 09:19:32 GMT[\r][\n]"
16:19:32.148 [pool-2-thread-81] DEBUG org.apache.http.wire -- http-outgoing-83 << "Connection: keep-alive[\r][\n]"
16:19:32.148 [pool-2-thread-81] DEBUG org.apache.http.wire -- http-outgoing-83 << "Keep-Alive: timeout=5[\r][\n]"
16:19:32.148 [pool-2-thread-81] DEBUG org.apache.http.wire -- http-outgoing-83 << "[\r][\n]"
16:19:32.148 [pool-2-thread-81] DEBUG org.apache.http.wire -- http-outgoing-83 << "{"access_token":"eyJhbGciOiJIUzI1NiIsInR5cCI6IkpXVCJ9.eyJzdWIiOiIwODUxNWIwNS0yZDNlLTQ3ODktYWQ2MC1kYjM1NTI1YTQ5NzAiLCJ1c2VybmFtZSI6Im5hbSIsInJvbGUiOjAsImlhdCI6MTc1MDc1Njc3MSwiZXhwIjoxNzUwNzYwMzcxfQ.sw9fGvijwEEOWdyhVzA1WGXZGbGDZVuka-divD_xdXA","refresh_token":"8bb8eb5d48f2b1c03d9c35519e95ec4e9a72002c3103230792f0ae609c2c84d9","user":{"id":"08515b05-2d3e-4789-ad60-db35525a4970","email":"nam@gmail.com","username":"nam","name":"nam","phoneNumber":"0123456789","profilePic":"https://res.cloudinary.com/dizcvrefo/image/upload/v1749266646/nestjs_uploads/zk9zrpeidnovxibfqdxr.png","bio":"Chu tich hoi dong Quan tri 1","private":false,"verified":false,"role":0,"followersCount":2,"followingCount":5,"postCount":13}}"
16:19:32.148 [pool-2-thread-81] DEBUG org.apache.http.headers -- http-outgoing-83 << HTTP/1.1 200 OK
16:19:32.148 [pool-2-thread-81] DEBUG org.apache.http.headers -- http-outgoing-83 << X-Powered-By: Express
16:19:32.148 [pool-2-thread-81] DEBUG org.apache.http.headers -- http-outgoing-83 << Access-Control-Allow-Origin: *
16:19:32.148 [pool-2-thread-81] DEBUG org.apache.http.headers -- http-outgoing-83 << Content-Type: application/json; charset=utf-8
16:19:32.148 [pool-2-thread-81] DEBUG org.apache.http.headers -- http-outgoing-83 << Content-Length: 708
16:19:32.148 [pool-2-thread-81] DEBUG org.apache.http.headers -- http-outgoing-83 << ETag: W/"2c4-hf3bAXqwq8jKxUNgbj4zzfi9xps"
16:19:32.148 [pool-2-thread-81] DEBUG org.apache.http.headers -- http-outgoing-83 << Date: Tue, 24 Jun 2025 09:19:32 GMT
16:19:32.148 [pool-2-thread-81] DEBUG org.apache.http.headers -- http-outgoing-83 << Connection: keep-alive
16:19:32.148 [pool-2-thread-81] DEBUG org.apache.http.headers -- http-outgoing-83 << Keep-Alive: timeout=5
16:19:32.150 [pool-2-thread-81] DEBUG org.apache.http.impl.execchain.MainClientExec -- Connection can be kept alive for 5000 MILLISECONDS
16:19:32.150 [pool-2-thread-81] DEBUG org.apache.http.impl.conn.PoolingHttpClientConnectionManager -- Connection [id: 70][route: {}->http://localhost:3000] can be kept alive for 5.0 seconds
16:19:32.150 [pool-2-thread-81] DEBUG org.apache.http.impl.conn.DefaultManagedHttpClientConnection -- http-outgoing-83: set socket timeout to 0
16:19:32.150 [pool-2-thread-81] DEBUG org.apache.http.impl.conn.PoolingHttpClientConnectionManager -- Connection released: [id: 70][route: {}->http://localhost:3000][total available: 1; route allocated: 1 of 5; total allocated: 1 of 10]
16:19:32.150 [pool-2-thread-81] DEBUG org.apache.http.impl.conn.PoolingHttpClientConnectionManager -- Connection manager is shutting down
16:19:32.150 [pool-2-thread-81] DEBUG org.apache.http.impl.conn.DefaultManagedHttpClientConnection -- http-outgoing-83: Close connection
16:19:32.150 [pool-2-thread-81] DEBUG org.apache.http.impl.conn.PoolingHttpClientConnectionManager -- Connection manager shut down
16:19:32.150 [pool-2-thread-81] DEBUG com.intuit.karate -- response time in milliseconds: 12335
1 < 200
1 < X-Powered-By: Express
1 < Access-Control-Allow-Origin: *
1 < Content-Type: application/json; charset=utf-8
1 < Content-Length: 708
1 < ETag: W/"2c4-hf3bAXqwq8jKxUNgbj4zzfi9xps"
1 < Date: Tue, 24 Jun 2025 09:19:32 GMT
1 < Connection: keep-alive
1 < Keep-Alive: timeout=5
{"access_token":"eyJhbGciOiJIUzI1NiIsInR5cCI6IkpXVCJ9.eyJzdWIiOiIwODUxNWIwNS0yZDNlLTQ3ODktYWQ2MC1kYjM1NTI1YTQ5NzAiLCJ1c2VybmFtZSI6Im5hbSIsInJvbGUiOjAsImlhdCI6MTc1MDc1Njc3MSwiZXhwIjoxNzUwNzYwMzcxfQ.sw9fGvijwEEOWdyhVzA1WGXZGbGDZVuka-divD_xdXA","refresh_token":"8bb8eb5d48f2b1c03d9c35519e95ec4e9a72002c3103230792f0ae609c2c84d9","user":{"id":"08515b05-2d3e-4789-ad60-db35525a4970","email":"nam@gmail.com","username":"nam","name":"nam","phoneNumber":"0123456789","profilePic":"https://res.cloudinary.com/dizcvrefo/image/upload/v1749266646/nestjs_uploads/zk9zrpeidnovxibfqdxr.png","bio":"Chu tich hoi dong Quan tri 1","private":false,"verified":false,"role":0,"followersCount":2,"followingCount":5,"postCount":13}}

16:19:32.151 [pool-2-thread-81] INFO com.intuit.karate -- [print] Concurrent call completed, status: 200 
16:19:32.153 [pool-2-thread-46] DEBUG org.apache.http.wire -- http-outgoing-89 << "HTTP/1.1 200 OK[\r][\n]"
16:19:32.153 [pool-2-thread-46] DEBUG org.apache.http.wire -- http-outgoing-89 << "X-Powered-By: Express[\r][\n]"
16:19:32.153 [pool-2-thread-46] DEBUG org.apache.http.wire -- http-outgoing-89 << "Access-Control-Allow-Origin: *[\r][\n]"
16:19:32.153 [pool-2-thread-46] DEBUG org.apache.http.wire -- http-outgoing-89 << "Content-Type: application/json; charset=utf-8[\r][\n]"
16:19:32.153 [pool-2-thread-46] DEBUG org.apache.http.wire -- http-outgoing-89 << "Content-Length: 607[\r][\n]"
16:19:32.153 [pool-2-thread-46] DEBUG org.apache.http.wire -- http-outgoing-89 << "ETag: W/"25f-nlSJIqfiBVIco512hUFCbmDnJLg"[\r][\n]"
16:19:32.153 [pool-2-thread-46] DEBUG org.apache.http.wire -- http-outgoing-89 << "Date: Tue, 24 Jun 2025 09:19:32 GMT[\r][\n]"
16:19:32.153 [pool-2-thread-46] DEBUG org.apache.http.wire -- http-outgoing-89 << "Connection: keep-alive[\r][\n]"
16:19:32.153 [pool-2-thread-46] DEBUG org.apache.http.wire -- http-outgoing-89 << "Keep-Alive: timeout=5[\r][\n]"
16:19:32.153 [pool-2-thread-46] DEBUG org.apache.http.wire -- http-outgoing-89 << "[\r][\n]"
16:19:32.155 [pool-2-thread-46] DEBUG org.apache.http.wire -- http-outgoing-89 << "{"access_token":"eyJhbGciOiJIUzI1NiIsInR5cCI6IkpXVCJ9.eyJzdWIiOiI5YTI2OTc2Yy0xNTMyLTRkZjMtYTE2ZS03NjMxNTI1Yzg1MDIiLCJ1c2VybmFtZSI6ImpvaG5kb2UyZDUiLCJyb2xlIjowLCJpYXQiOjE3NTA3NTY3NzEsImV4cCI6MTc1MDc2MDM3MX0.wjQfnBSAySmtg-B2HbkZGGYmAXWxMivv7Hm3b1VKTw4","refresh_token":"e167a727b709b9549fe01ad59784d257eab081bdfe61e63edcff417c6f9c5cd1","user":{"id":"9a26976c-1532-4df3-a16e-7631525c8502","email":"testit4@gmail.com","username":"johndoe2d5","name":"John Doe","phoneNumber":"0123456212","profilePic":null,"bio":null,"private":false,"verified":false,"role":0,"followersCount":0,"followingCount":0,"postCount":0}}"
16:19:32.155 [pool-2-thread-46] DEBUG org.apache.http.headers -- http-outgoing-89 << HTTP/1.1 200 OK
16:19:32.155 [pool-2-thread-46] DEBUG org.apache.http.headers -- http-outgoing-89 << X-Powered-By: Express
16:19:32.155 [pool-2-thread-46] DEBUG org.apache.http.headers -- http-outgoing-89 << Access-Control-Allow-Origin: *
16:19:32.155 [pool-2-thread-46] DEBUG org.apache.http.headers -- http-outgoing-89 << Content-Type: application/json; charset=utf-8
16:19:32.155 [pool-2-thread-46] DEBUG org.apache.http.headers -- http-outgoing-89 << Content-Length: 607
16:19:32.155 [pool-2-thread-46] DEBUG org.apache.http.headers -- http-outgoing-89 << ETag: W/"25f-nlSJIqfiBVIco512hUFCbmDnJLg"
16:19:32.155 [pool-2-thread-46] DEBUG org.apache.http.headers -- http-outgoing-89 << Date: Tue, 24 Jun 2025 09:19:32 GMT
16:19:32.155 [pool-2-thread-46] DEBUG org.apache.http.headers -- http-outgoing-89 << Connection: keep-alive
16:19:32.155 [pool-2-thread-46] DEBUG org.apache.http.headers -- http-outgoing-89 << Keep-Alive: timeout=5
16:19:32.155 [pool-2-thread-46] DEBUG org.apache.http.impl.execchain.MainClientExec -- Connection can be kept alive for 5000 MILLISECONDS
16:19:32.155 [pool-2-thread-46] DEBUG org.apache.http.impl.conn.PoolingHttpClientConnectionManager -- Connection [id: 89][route: {}->http://localhost:3000] can be kept alive for 5.0 seconds
16:19:32.155 [pool-2-thread-46] DEBUG org.apache.http.impl.conn.DefaultManagedHttpClientConnection -- http-outgoing-89: set socket timeout to 0
16:19:32.155 [pool-2-thread-46] DEBUG org.apache.http.impl.conn.PoolingHttpClientConnectionManager -- Connection released: [id: 89][route: {}->http://localhost:3000][total available: 1; route allocated: 1 of 5; total allocated: 1 of 10]
16:19:32.155 [pool-2-thread-46] DEBUG org.apache.http.impl.conn.PoolingHttpClientConnectionManager -- Connection manager is shutting down
16:19:32.155 [pool-2-thread-46] DEBUG org.apache.http.impl.conn.DefaultManagedHttpClientConnection -- http-outgoing-89: Close connection
16:19:32.155 [pool-2-thread-46] DEBUG org.apache.http.impl.conn.PoolingHttpClientConnectionManager -- Connection manager shut down
16:19:32.155 [pool-2-thread-46] DEBUG com.intuit.karate -- response time in milliseconds: 12339
1 < 200
1 < X-Powered-By: Express
1 < Access-Control-Allow-Origin: *
1 < Content-Type: application/json; charset=utf-8
1 < Content-Length: 607
1 < ETag: W/"25f-nlSJIqfiBVIco512hUFCbmDnJLg"
1 < Date: Tue, 24 Jun 2025 09:19:32 GMT
1 < Connection: keep-alive
1 < Keep-Alive: timeout=5
{"access_token":"eyJhbGciOiJIUzI1NiIsInR5cCI6IkpXVCJ9.eyJzdWIiOiI5YTI2OTc2Yy0xNTMyLTRkZjMtYTE2ZS03NjMxNTI1Yzg1MDIiLCJ1c2VybmFtZSI6ImpvaG5kb2UyZDUiLCJyb2xlIjowLCJpYXQiOjE3NTA3NTY3NzEsImV4cCI6MTc1MDc2MDM3MX0.wjQfnBSAySmtg-B2HbkZGGYmAXWxMivv7Hm3b1VKTw4","refresh_token":"e167a727b709b9549fe01ad59784d257eab081bdfe61e63edcff417c6f9c5cd1","user":{"id":"9a26976c-1532-4df3-a16e-7631525c8502","email":"testit4@gmail.com","username":"johndoe2d5","name":"John Doe","phoneNumber":"0123456212","profilePic":null,"bio":null,"private":false,"verified":false,"role":0,"followersCount":0,"followingCount":0,"postCount":0}}

16:19:32.157 [pool-2-thread-46] INFO com.intuit.karate -- [print] Concurrent call completed, status: 200 
16:19:32.930 [pool-2-thread-42] DEBUG org.apache.http.wire -- http-outgoing-56 << "HTTP/1.1 200 OK[\r][\n]"
16:19:32.930 [pool-2-thread-42] DEBUG org.apache.http.wire -- http-outgoing-56 << "X-Powered-By: Express[\r][\n]"
16:19:32.930 [pool-2-thread-42] DEBUG org.apache.http.wire -- http-outgoing-56 << "Access-Control-Allow-Origin: *[\r][\n]"
16:19:32.930 [pool-2-thread-42] DEBUG org.apache.http.wire -- http-outgoing-56 << "Content-Type: application/json; charset=utf-8[\r][\n]"
16:19:32.930 [pool-2-thread-42] DEBUG org.apache.http.wire -- http-outgoing-56 << "Content-Length: 715[\r][\n]"
16:19:32.930 [pool-2-thread-42] DEBUG org.apache.http.wire -- http-outgoing-56 << "ETag: W/"2cb-pQqoyuELzMk+BhsvRAM0oHhtn9k"[\r][\n]"
16:19:32.930 [pool-2-thread-42] DEBUG org.apache.http.wire -- http-outgoing-56 << "Date: Tue, 24 Jun 2025 09:19:32 GMT[\r][\n]"
16:19:32.930 [pool-2-thread-42] DEBUG org.apache.http.wire -- http-outgoing-56 << "Connection: keep-alive[\r][\n]"
16:19:32.930 [pool-2-thread-42] DEBUG org.apache.http.wire -- http-outgoing-56 << "Keep-Alive: timeout=5[\r][\n]"
16:19:32.930 [pool-2-thread-42] DEBUG org.apache.http.wire -- http-outgoing-56 << "[\r][\n]"
16:19:32.930 [pool-2-thread-42] DEBUG org.apache.http.wire -- http-outgoing-56 << "{"access_token":"eyJhbGciOiJIUzI1NiIsInR5cCI6IkpXVCJ9.eyJzdWIiOiIyYjg0YWEyNC02NjhhLTQwZTItYWYxYy1hZDRmYzRmYTVhNmYiLCJ1c2VybmFtZSI6InF1YW5nMSIsInJvbGUiOjAsImlhdCI6MTc1MDc1Njc3MSwiZXhwIjoxNzUwNzYwMzcxfQ.kg2bJ4ONi9lyQUayijhOd0WZYm0qNglOH2LwCfVwV0M","refresh_token":"db161673cc6916d8c6e20b28763d6a417555cfc8612d6ddc63b69126ea87ffbb","user":{"id":"2b84aa24-668a-40e2-af1c-ad4fc4fa5a6f","email":"quang1@gmail.com","username":"quang1","name":"quang1","phoneNumber":"09874563210","profilePic":"https://res.cloudinary.com/dizcvrefo/image/upload/v1749027586/nestjs_uploads/xehairydt9rzlbmbmv4c.jpg","bio":"Thang Nam Lao Vua Thoi","private":false,"verified":false,"role":0,"followersCount":2,"followingCount":3,"postCount":2}}"
16:19:32.930 [pool-2-thread-42] DEBUG org.apache.http.headers -- http-outgoing-56 << HTTP/1.1 200 OK
16:19:32.931 [pool-2-thread-42] DEBUG org.apache.http.headers -- http-outgoing-56 << X-Powered-By: Express
16:19:32.931 [pool-2-thread-42] DEBUG org.apache.http.headers -- http-outgoing-56 << Access-Control-Allow-Origin: *
16:19:32.931 [pool-2-thread-42] DEBUG org.apache.http.headers -- http-outgoing-56 << Content-Type: application/json; charset=utf-8
16:19:32.931 [pool-2-thread-42] DEBUG org.apache.http.headers -- http-outgoing-56 << Content-Length: 715
16:19:32.931 [pool-2-thread-42] DEBUG org.apache.http.headers -- http-outgoing-56 << ETag: W/"2cb-pQqoyuELzMk+BhsvRAM0oHhtn9k"
16:19:32.931 [pool-2-thread-42] DEBUG org.apache.http.headers -- http-outgoing-56 << Date: Tue, 24 Jun 2025 09:19:32 GMT
16:19:32.931 [pool-2-thread-42] DEBUG org.apache.http.headers -- http-outgoing-56 << Connection: keep-alive
16:19:32.931 [pool-2-thread-42] DEBUG org.apache.http.headers -- http-outgoing-56 << Keep-Alive: timeout=5
16:19:32.931 [pool-2-thread-42] DEBUG org.apache.http.impl.execchain.MainClientExec -- Connection can be kept alive for 5000 MILLISECONDS
16:19:32.931 [pool-2-thread-42] DEBUG org.apache.http.impl.conn.PoolingHttpClientConnectionManager -- Connection [id: 12][route: {}->http://localhost:3000] can be kept alive for 5.0 seconds
16:19:32.931 [pool-2-thread-42] DEBUG org.apache.http.impl.conn.DefaultManagedHttpClientConnection -- http-outgoing-56: set socket timeout to 0
16:19:32.931 [pool-2-thread-42] DEBUG org.apache.http.impl.conn.PoolingHttpClientConnectionManager -- Connection released: [id: 12][route: {}->http://localhost:3000][total available: 1; route allocated: 1 of 5; total allocated: 1 of 10]
16:19:32.931 [pool-2-thread-42] DEBUG org.apache.http.impl.conn.PoolingHttpClientConnectionManager -- Connection manager is shutting down
16:19:32.931 [pool-2-thread-42] DEBUG org.apache.http.impl.conn.DefaultManagedHttpClientConnection -- http-outgoing-56: Close connection
16:19:32.931 [pool-2-thread-42] DEBUG org.apache.http.impl.conn.PoolingHttpClientConnectionManager -- Connection manager shut down
16:19:32.931 [pool-2-thread-42] DEBUG com.intuit.karate -- response time in milliseconds: 13105
1 < 200
1 < X-Powered-By: Express
1 < Access-Control-Allow-Origin: *
1 < Content-Type: application/json; charset=utf-8
1 < Content-Length: 715
1 < ETag: W/"2cb-pQqoyuELzMk+BhsvRAM0oHhtn9k"
1 < Date: Tue, 24 Jun 2025 09:19:32 GMT
1 < Connection: keep-alive
1 < Keep-Alive: timeout=5
{"access_token":"eyJhbGciOiJIUzI1NiIsInR5cCI6IkpXVCJ9.eyJzdWIiOiIyYjg0YWEyNC02NjhhLTQwZTItYWYxYy1hZDRmYzRmYTVhNmYiLCJ1c2VybmFtZSI6InF1YW5nMSIsInJvbGUiOjAsImlhdCI6MTc1MDc1Njc3MSwiZXhwIjoxNzUwNzYwMzcxfQ.kg2bJ4ONi9lyQUayijhOd0WZYm0qNglOH2LwCfVwV0M","refresh_token":"db161673cc6916d8c6e20b28763d6a417555cfc8612d6ddc63b69126ea87ffbb","user":{"id":"2b84aa24-668a-40e2-af1c-ad4fc4fa5a6f","email":"quang1@gmail.com","username":"quang1","name":"quang1","phoneNumber":"09874563210","profilePic":"https://res.cloudinary.com/dizcvrefo/image/upload/v1749027586/nestjs_uploads/xehairydt9rzlbmbmv4c.jpg","bio":"Thang Nam Lao Vua Thoi","private":false,"verified":false,"role":0,"followersCount":2,"followingCount":3,"postCount":2}}

16:19:32.933 [pool-2-thread-42] INFO com.intuit.karate -- [print] Concurrent call completed, status: 200 
16:19:32.955 [pool-2-thread-5] DEBUG org.apache.http.wire -- http-outgoing-38 << "HTTP/1.1 200 OK[\r][\n]"
16:19:32.955 [pool-2-thread-5] DEBUG org.apache.http.wire -- http-outgoing-38 << "X-Powered-By: Express[\r][\n]"
16:19:32.955 [pool-2-thread-5] DEBUG org.apache.http.wire -- http-outgoing-38 << "Access-Control-Allow-Origin: *[\r][\n]"
16:19:32.955 [pool-2-thread-5] DEBUG org.apache.http.wire -- http-outgoing-38 << "Content-Type: application/json; charset=utf-8[\r][\n]"
16:19:32.955 [pool-2-thread-5] DEBUG org.apache.http.wire -- http-outgoing-38 << "Content-Length: 607[\r][\n]"
16:19:32.955 [pool-2-thread-5] DEBUG org.apache.http.wire -- http-outgoing-38 << "ETag: W/"25f-kGv5ZbEys9T44H4Ki1s/zFSb5EE"[\r][\n]"
16:19:32.955 [pool-2-thread-5] DEBUG org.apache.http.wire -- http-outgoing-38 << "Date: Tue, 24 Jun 2025 09:19:32 GMT[\r][\n]"
16:19:32.955 [pool-2-thread-5] DEBUG org.apache.http.wire -- http-outgoing-38 << "Connection: keep-alive[\r][\n]"
16:19:32.955 [pool-2-thread-5] DEBUG org.apache.http.wire -- http-outgoing-38 << "Keep-Alive: timeout=5[\r][\n]"
16:19:32.955 [pool-2-thread-5] DEBUG org.apache.http.wire -- http-outgoing-38 << "[\r][\n]"
16:19:32.955 [pool-2-thread-5] DEBUG org.apache.http.wire -- http-outgoing-38 << "{"access_token":"eyJhbGciOiJIUzI1NiIsInR5cCI6IkpXVCJ9.eyJzdWIiOiJjMjE0MjJkZi1jY2VjLTQ0MGUtOWE0Mi1jMWI4MmFiZjczM2QiLCJ1c2VybmFtZSI6ImpvaG5kb2UyOCIsInJvbGUiOjAsImlhdCI6MTc1MDc1Njc3MSwiZXhwIjoxNzUwNzYwMzcxfQ.RO8Jh1DfCTRteFzx5OrNCACkPBLigNsKeD_V74FStAc","refresh_token":"1c78337d5e50a54052ef464e73810ab92e9ce81da8c934decf441efdd7f21072","user":{"id":"c21422df-ccec-440e-9a42-c1b82abf733d","email":"test28@example.com","username":"johndoe28","name":"John Doe","phoneNumber":"84987654321","profilePic":null,"bio":null,"private":false,"verified":false,"role":0,"followersCount":0,"followingCount":0,"postCount":0}}"
16:19:32.955 [pool-2-thread-5] DEBUG org.apache.http.headers -- http-outgoing-38 << HTTP/1.1 200 OK
16:19:32.955 [pool-2-thread-5] DEBUG org.apache.http.headers -- http-outgoing-38 << X-Powered-By: Express
16:19:32.955 [pool-2-thread-5] DEBUG org.apache.http.headers -- http-outgoing-38 << Access-Control-Allow-Origin: *
16:19:32.955 [pool-2-thread-5] DEBUG org.apache.http.headers -- http-outgoing-38 << Content-Type: application/json; charset=utf-8
16:19:32.955 [pool-2-thread-5] DEBUG org.apache.http.headers -- http-outgoing-38 << Content-Length: 607
16:19:32.955 [pool-2-thread-5] DEBUG org.apache.http.headers -- http-outgoing-38 << ETag: W/"25f-kGv5ZbEys9T44H4Ki1s/zFSb5EE"
16:19:32.955 [pool-2-thread-5] DEBUG org.apache.http.headers -- http-outgoing-38 << Date: Tue, 24 Jun 2025 09:19:32 GMT
16:19:32.955 [pool-2-thread-5] DEBUG org.apache.http.headers -- http-outgoing-38 << Connection: keep-alive
16:19:32.955 [pool-2-thread-5] DEBUG org.apache.http.headers -- http-outgoing-38 << Keep-Alive: timeout=5
16:19:32.955 [pool-2-thread-5] DEBUG org.apache.http.impl.execchain.MainClientExec -- Connection can be kept alive for 5000 MILLISECONDS
16:19:32.957 [pool-2-thread-5] DEBUG org.apache.http.impl.conn.PoolingHttpClientConnectionManager -- Connection [id: 68][route: {}->http://localhost:3000] can be kept alive for 5.0 seconds
16:19:32.957 [pool-2-thread-5] DEBUG org.apache.http.impl.conn.DefaultManagedHttpClientConnection -- http-outgoing-38: set socket timeout to 0
16:19:32.957 [pool-2-thread-5] DEBUG org.apache.http.impl.conn.PoolingHttpClientConnectionManager -- Connection released: [id: 68][route: {}->http://localhost:3000][total available: 1; route allocated: 1 of 5; total allocated: 1 of 10]
16:19:32.957 [pool-2-thread-5] DEBUG org.apache.http.impl.conn.PoolingHttpClientConnectionManager -- Connection manager is shutting down
16:19:32.957 [pool-2-thread-5] DEBUG org.apache.http.impl.conn.DefaultManagedHttpClientConnection -- http-outgoing-38: Close connection
16:19:32.957 [pool-2-thread-5] DEBUG org.apache.http.impl.conn.PoolingHttpClientConnectionManager -- Connection manager shut down
16:19:32.957 [pool-2-thread-5] DEBUG com.intuit.karate -- response time in milliseconds: 13150
1 < 200
1 < X-Powered-By: Express
1 < Access-Control-Allow-Origin: *
1 < Content-Type: application/json; charset=utf-8
1 < Content-Length: 607
1 < ETag: W/"25f-kGv5ZbEys9T44H4Ki1s/zFSb5EE"
1 < Date: Tue, 24 Jun 2025 09:19:32 GMT
1 < Connection: keep-alive
1 < Keep-Alive: timeout=5
{"access_token":"eyJhbGciOiJIUzI1NiIsInR5cCI6IkpXVCJ9.eyJzdWIiOiJjMjE0MjJkZi1jY2VjLTQ0MGUtOWE0Mi1jMWI4MmFiZjczM2QiLCJ1c2VybmFtZSI6ImpvaG5kb2UyOCIsInJvbGUiOjAsImlhdCI6MTc1MDc1Njc3MSwiZXhwIjoxNzUwNzYwMzcxfQ.RO8Jh1DfCTRteFzx5OrNCACkPBLigNsKeD_V74FStAc","refresh_token":"1c78337d5e50a54052ef464e73810ab92e9ce81da8c934decf441efdd7f21072","user":{"id":"c21422df-ccec-440e-9a42-c1b82abf733d","email":"test28@example.com","username":"johndoe28","name":"John Doe","phoneNumber":"84987654321","profilePic":null,"bio":null,"private":false,"verified":false,"role":0,"followersCount":0,"followingCount":0,"postCount":0}}

16:19:32.958 [pool-2-thread-5] INFO com.intuit.karate -- [print] Concurrent call completed, status: 200 
16:19:32.981 [pool-2-thread-70] DEBUG org.apache.http.wire -- http-outgoing-6 << "HTTP/1.1 500 Internal Server Error[\r][\n]"
16:19:32.981 [pool-2-thread-70] DEBUG org.apache.http.wire -- http-outgoing-6 << "X-Powered-By: Express[\r][\n]"
16:19:32.981 [pool-2-thread-70] DEBUG org.apache.http.wire -- http-outgoing-6 << "Access-Control-Allow-Origin: *[\r][\n]"
16:19:32.981 [pool-2-thread-70] DEBUG org.apache.http.wire -- http-outgoing-6 << "Content-Type: application/json; charset=utf-8[\r][\n]"
16:19:32.981 [pool-2-thread-70] DEBUG org.apache.http.wire -- http-outgoing-6 << "Content-Length: 510[\r][\n]"
16:19:32.981 [pool-2-thread-70] DEBUG org.apache.http.wire -- http-outgoing-6 << "ETag: W/"1fe-4vEtdShLKp9Jh33VJ1ThYUtUoFs"[\r][\n]"
16:19:32.981 [pool-2-thread-70] DEBUG org.apache.http.wire -- http-outgoing-6 << "Date: Tue, 24 Jun 2025 09:19:32 GMT[\r][\n]"
16:19:32.981 [pool-2-thread-70] DEBUG org.apache.http.wire -- http-outgoing-6 << "Connection: keep-alive[\r][\n]"
16:19:32.981 [pool-2-thread-70] DEBUG org.apache.http.wire -- http-outgoing-6 << "Keep-Alive: timeout=5[\r][\n]"
16:19:32.981 [pool-2-thread-70] DEBUG org.apache.http.wire -- http-outgoing-6 << "[\r][\n]"
16:19:32.981 [pool-2-thread-70] DEBUG org.apache.http.wire -- http-outgoing-6 << "{"success":false,"statusCode":500,"message":"\nInvalid `this.prisma.user.update()` invocation in\nD:\\Documents\\Workspace\\react_native\\roamly_backend\\src\\modules\\auth\\auth.service.ts:119:28\n\n  116 const refreshToken = crypto.randomBytes(32).toString('hex');\n  117 \n  118 // Update user with new refresh token\n[0xe2][0x86][0x92] 119 await this.prisma.user.update(\nTransaction failed due to a write conflict or a deadlock. Please retry your transaction","path":"/auth/login","timestamp":"2025-06-24T09:19:32.981Z"}"
16:19:32.981 [pool-2-thread-70] DEBUG org.apache.http.headers -- http-outgoing-6 << HTTP/1.1 500 Internal Server Error
16:19:32.981 [pool-2-thread-70] DEBUG org.apache.http.headers -- http-outgoing-6 << X-Powered-By: Express
16:19:32.981 [pool-2-thread-70] DEBUG org.apache.http.headers -- http-outgoing-6 << Access-Control-Allow-Origin: *
16:19:32.981 [pool-2-thread-70] DEBUG org.apache.http.headers -- http-outgoing-6 << Content-Type: application/json; charset=utf-8
16:19:32.981 [pool-2-thread-70] DEBUG org.apache.http.headers -- http-outgoing-6 << Content-Length: 510
16:19:32.981 [pool-2-thread-70] DEBUG org.apache.http.headers -- http-outgoing-6 << ETag: W/"1fe-4vEtdShLKp9Jh33VJ1ThYUtUoFs"
16:19:32.981 [pool-2-thread-70] DEBUG org.apache.http.headers -- http-outgoing-6 << Date: Tue, 24 Jun 2025 09:19:32 GMT
16:19:32.981 [pool-2-thread-70] DEBUG org.apache.http.headers -- http-outgoing-6 << Connection: keep-alive
16:19:32.981 [pool-2-thread-70] DEBUG org.apache.http.headers -- http-outgoing-6 << Keep-Alive: timeout=5
16:19:32.981 [pool-2-thread-70] DEBUG org.apache.http.impl.execchain.MainClientExec -- Connection can be kept alive for 5000 MILLISECONDS
16:19:32.981 [pool-2-thread-70] DEBUG org.apache.http.impl.conn.PoolingHttpClientConnectionManager -- Connection [id: 41][route: {}->http://localhost:3000] can be kept alive for 5.0 seconds
16:19:32.981 [pool-2-thread-70] DEBUG org.apache.http.impl.conn.DefaultManagedHttpClientConnection -- http-outgoing-6: set socket timeout to 0
16:19:32.981 [pool-2-thread-70] DEBUG org.apache.http.impl.conn.PoolingHttpClientConnectionManager -- Connection released: [id: 41][route: {}->http://localhost:3000][total available: 1; route allocated: 1 of 5; total allocated: 1 of 10]
16:19:32.982 [pool-2-thread-70] DEBUG org.apache.http.impl.conn.PoolingHttpClientConnectionManager -- Connection manager is shutting down
16:19:32.982 [pool-2-thread-70] DEBUG org.apache.http.impl.conn.DefaultManagedHttpClientConnection -- http-outgoing-6: Close connection
16:19:32.982 [pool-2-thread-70] DEBUG org.apache.http.impl.conn.PoolingHttpClientConnectionManager -- Connection manager shut down
16:19:32.982 [pool-2-thread-70] DEBUG com.intuit.karate -- response time in milliseconds: 13170
1 < 500
1 < X-Powered-By: Express
1 < Access-Control-Allow-Origin: *
1 < Content-Type: application/json; charset=utf-8
1 < Content-Length: 510
1 < ETag: W/"1fe-4vEtdShLKp9Jh33VJ1ThYUtUoFs"
1 < Date: Tue, 24 Jun 2025 09:19:32 GMT
1 < Connection: keep-alive
1 < Keep-Alive: timeout=5
{"success":false,"statusCode":500,"message":"\nInvalid `this.prisma.user.update()` invocation in\nD:\\Documents\\Workspace\\react_native\\roamly_backend\\src\\modules\\auth\\auth.service.ts:119:28\n\n  116 const refreshToken = crypto.randomBytes(32).toString('hex');\n  117 \n  118 // Update user with new refresh token\n? 119 await this.prisma.user.update(\nTransaction failed due to a write conflict or a deadlock. Please retry your transaction","path":"/auth/login","timestamp":"2025-06-24T09:19:32.981Z"}

16:19:32.990 [pool-2-thread-70] ERROR com.intuit.karate -- classpath:features/performance/login-performance-concurrent.feature:13
Then status 200
status code was: 500, expected: 200, response time in milliseconds: 13170, url: http://localhost:3000/auth/login, response: 
{"success":false,"statusCode":500,"message":"\nInvalid `this.prisma.user.update()` invocation in\nD:\\Documents\\Workspace\\react_native\\roamly_backend\\src\\modules\\auth\\auth.service.ts:119:28\n\n  116 const refreshToken = crypto.randomBytes(32).toString('hex');\n  117 \n  118 // Update user with new refresh token\n? 119 await this.prisma.user.update(\nTransaction failed due to a write conflict or a deadlock. Please retry your transaction","path":"/auth/login","timestamp":"2025-06-24T09:19:32.981Z"}
classpath:features/performance/login-performance-concurrent.feature:13
16:19:33.120 [pool-2-thread-82] DEBUG org.apache.http.wire -- http-outgoing-28 << "HTTP/1.1 500 Internal Server Error[\r][\n]"
16:19:33.121 [pool-2-thread-82] DEBUG org.apache.http.wire -- http-outgoing-28 << "X-Powered-By: Express[\r][\n]"
16:19:33.121 [pool-2-thread-82] DEBUG org.apache.http.wire -- http-outgoing-28 << "Access-Control-Allow-Origin: *[\r][\n]"
16:19:33.121 [pool-2-thread-82] DEBUG org.apache.http.wire -- http-outgoing-28 << "Content-Type: application/json; charset=utf-8[\r][\n]"
16:19:33.121 [pool-2-thread-82] DEBUG org.apache.http.wire -- http-outgoing-28 << "Content-Length: 510[\r][\n]"
16:19:33.121 [pool-2-thread-82] DEBUG org.apache.http.wire -- http-outgoing-28 << "ETag: W/"1fe-HkPEi0bRDgOJRHS/GDXZAZAs1c8"[\r][\n]"
16:19:33.121 [pool-2-thread-82] DEBUG org.apache.http.wire -- http-outgoing-28 << "Date: Tue, 24 Jun 2025 09:19:33 GMT[\r][\n]"
16:19:33.121 [pool-2-thread-82] DEBUG org.apache.http.wire -- http-outgoing-28 << "Connection: keep-alive[\r][\n]"
16:19:33.121 [pool-2-thread-82] DEBUG org.apache.http.wire -- http-outgoing-28 << "Keep-Alive: timeout=5[\r][\n]"
16:19:33.121 [pool-2-thread-82] DEBUG org.apache.http.wire -- http-outgoing-28 << "[\r][\n]"
16:19:33.121 [pool-2-thread-82] DEBUG org.apache.http.wire -- http-outgoing-28 << "{"success":false,"statusCode":500,"message":"\nInvalid `this.prisma.user.update()` invocation in\nD:\\Documents\\Workspace\\react_native\\roamly_backend\\src\\modules\\auth\\auth.service.ts:119:28\n\n  116 const refreshToken = crypto.randomBytes(32).toString('hex');\n  117 \n  118 // Update user with new refresh token\n[0xe2][0x86][0x92] 119 await this.prisma.user.update(\nTransaction failed due to a write conflict or a deadlock. Please retry your transaction","path":"/auth/login","timestamp":"2025-06-24T09:19:33.119Z"}"
16:19:33.121 [pool-2-thread-82] DEBUG org.apache.http.headers -- http-outgoing-28 << HTTP/1.1 500 Internal Server Error
16:19:33.121 [pool-2-thread-82] DEBUG org.apache.http.headers -- http-outgoing-28 << X-Powered-By: Express
16:19:33.121 [pool-2-thread-82] DEBUG org.apache.http.headers -- http-outgoing-28 << Access-Control-Allow-Origin: *
16:19:33.121 [pool-2-thread-82] DEBUG org.apache.http.headers -- http-outgoing-28 << Content-Type: application/json; charset=utf-8
16:19:33.121 [pool-2-thread-82] DEBUG org.apache.http.headers -- http-outgoing-28 << Content-Length: 510
16:19:33.121 [pool-2-thread-82] DEBUG org.apache.http.headers -- http-outgoing-28 << ETag: W/"1fe-HkPEi0bRDgOJRHS/GDXZAZAs1c8"
16:19:33.121 [pool-2-thread-82] DEBUG org.apache.http.headers -- http-outgoing-28 << Date: Tue, 24 Jun 2025 09:19:33 GMT
16:19:33.121 [pool-2-thread-82] DEBUG org.apache.http.headers -- http-outgoing-28 << Connection: keep-alive
16:19:33.121 [pool-2-thread-82] DEBUG org.apache.http.headers -- http-outgoing-28 << Keep-Alive: timeout=5
16:19:33.121 [pool-2-thread-82] DEBUG org.apache.http.impl.execchain.MainClientExec -- Connection can be kept alive for 5000 MILLISECONDS
16:19:33.121 [pool-2-thread-82] DEBUG org.apache.http.impl.conn.PoolingHttpClientConnectionManager -- Connection [id: 31][route: {}->http://localhost:3000] can be kept alive for 5.0 seconds
16:19:33.122 [pool-2-thread-82] DEBUG org.apache.http.impl.conn.DefaultManagedHttpClientConnection -- http-outgoing-28: set socket timeout to 0
16:19:33.122 [pool-2-thread-82] DEBUG org.apache.http.impl.conn.PoolingHttpClientConnectionManager -- Connection released: [id: 31][route: {}->http://localhost:3000][total available: 1; route allocated: 1 of 5; total allocated: 1 of 10]
16:19:33.122 [pool-2-thread-82] DEBUG org.apache.http.impl.conn.PoolingHttpClientConnectionManager -- Connection manager is shutting down
16:19:33.122 [pool-2-thread-82] DEBUG org.apache.http.impl.conn.DefaultManagedHttpClientConnection -- http-outgoing-28: Close connection
16:19:33.122 [pool-2-thread-82] DEBUG org.apache.http.impl.conn.PoolingHttpClientConnectionManager -- Connection manager shut down
16:19:33.122 [pool-2-thread-82] DEBUG com.intuit.karate -- response time in milliseconds: 13303
1 < 500
1 < X-Powered-By: Express
1 < Access-Control-Allow-Origin: *
1 < Content-Type: application/json; charset=utf-8
1 < Content-Length: 510
1 < ETag: W/"1fe-HkPEi0bRDgOJRHS/GDXZAZAs1c8"
1 < Date: Tue, 24 Jun 2025 09:19:33 GMT
1 < Connection: keep-alive
1 < Keep-Alive: timeout=5
{"success":false,"statusCode":500,"message":"\nInvalid `this.prisma.user.update()` invocation in\nD:\\Documents\\Workspace\\react_native\\roamly_backend\\src\\modules\\auth\\auth.service.ts:119:28\n\n  116 const refreshToken = crypto.randomBytes(32).toString('hex');\n  117 \n  118 // Update user with new refresh token\n? 119 await this.prisma.user.update(\nTransaction failed due to a write conflict or a deadlock. Please retry your transaction","path":"/auth/login","timestamp":"2025-06-24T09:19:33.119Z"}

16:19:33.124 [pool-2-thread-82] ERROR com.intuit.karate -- classpath:features/performance/login-performance-concurrent.feature:13
Then status 200
status code was: 500, expected: 200, response time in milliseconds: 13303, url: http://localhost:3000/auth/login, response: 
{"success":false,"statusCode":500,"message":"\nInvalid `this.prisma.user.update()` invocation in\nD:\\Documents\\Workspace\\react_native\\roamly_backend\\src\\modules\\auth\\auth.service.ts:119:28\n\n  116 const refreshToken = crypto.randomBytes(32).toString('hex');\n  117 \n  118 // Update user with new refresh token\n? 119 await this.prisma.user.update(\nTransaction failed due to a write conflict or a deadlock. Please retry your transaction","path":"/auth/login","timestamp":"2025-06-24T09:19:33.119Z"}
classpath:features/performance/login-performance-concurrent.feature:13
16:19:33.128 [pool-2-thread-30] DEBUG org.apache.http.wire -- http-outgoing-60 << "HTTP/1.1 200 OK[\r][\n]"
16:19:33.128 [pool-2-thread-30] DEBUG org.apache.http.wire -- http-outgoing-60 << "X-Powered-By: Express[\r][\n]"
16:19:33.128 [pool-2-thread-30] DEBUG org.apache.http.wire -- http-outgoing-60 << "Access-Control-Allow-Origin: *[\r][\n]"
16:19:33.128 [pool-2-thread-30] DEBUG org.apache.http.wire -- http-outgoing-60 << "Content-Type: application/json; charset=utf-8[\r][\n]"
16:19:33.128 [pool-2-thread-30] DEBUG org.apache.http.wire -- http-outgoing-60 << "Content-Length: 605[\r][\n]"
16:19:33.128 [pool-2-thread-30] DEBUG org.apache.http.wire -- http-outgoing-60 << "ETag: W/"25d-qLfVyLzECm2eh2Z66nGXhmJCq4c"[\r][\n]"
16:19:33.128 [pool-2-thread-30] DEBUG org.apache.http.wire -- http-outgoing-60 << "Date: Tue, 24 Jun 2025 09:19:33 GMT[\r][\n]"
16:19:33.128 [pool-2-thread-30] DEBUG org.apache.http.wire -- http-outgoing-60 << "Connection: keep-alive[\r][\n]"
16:19:33.128 [pool-2-thread-30] DEBUG org.apache.http.wire -- http-outgoing-60 << "Keep-Alive: timeout=5[\r][\n]"
16:19:33.128 [pool-2-thread-30] DEBUG org.apache.http.wire -- http-outgoing-60 << "[\r][\n]"
16:19:33.128 [pool-2-thread-30] DEBUG org.apache.http.wire -- http-outgoing-60 << "{"access_token":"eyJhbGciOiJIUzI1NiIsInR5cCI6IkpXVCJ9.eyJzdWIiOiIwYTM3ZWY0My1mZWU4LTQxZDMtYTY4Ni04YWIwODY5NDg2OTUiLCJ1c2VybmFtZSI6ImpvaG5kb2UyMSIsInJvbGUiOjAsImlhdCI6MTc1MDc1Njc3MiwiZXhwIjoxNzUwNzYwMzcyfQ.rZoIIB70PM3FWZ65XTkdvf3ATyJNn8L0ZF0bcaQItHw","refresh_token":"1deb744f553cf7c2602447a54ded83fdae3e8e19f47c50213554bb3693b76b59","user":{"id":"0a37ef43-fee8-41d3-a686-8ab086948695","email":"testit2@gmail.com","username":"johndoe21","name":"John Doe","phoneNumber":"0123456712","profilePic":null,"bio":null,"private":false,"verified":false,"role":0,"followersCount":0,"followingCount":0,"postCount":0}}"
16:19:33.128 [pool-2-thread-30] DEBUG org.apache.http.headers -- http-outgoing-60 << HTTP/1.1 200 OK
16:19:33.128 [pool-2-thread-30] DEBUG org.apache.http.headers -- http-outgoing-60 << X-Powered-By: Express
16:19:33.128 [pool-2-thread-30] DEBUG org.apache.http.headers -- http-outgoing-60 << Access-Control-Allow-Origin: *
16:19:33.128 [pool-2-thread-30] DEBUG org.apache.http.headers -- http-outgoing-60 << Content-Type: application/json; charset=utf-8
16:19:33.128 [pool-2-thread-30] DEBUG org.apache.http.headers -- http-outgoing-60 << Content-Length: 605
16:19:33.128 [pool-2-thread-30] DEBUG org.apache.http.headers -- http-outgoing-60 << ETag: W/"25d-qLfVyLzECm2eh2Z66nGXhmJCq4c"
16:19:33.128 [pool-2-thread-30] DEBUG org.apache.http.headers -- http-outgoing-60 << Date: Tue, 24 Jun 2025 09:19:33 GMT
16:19:33.128 [pool-2-thread-30] DEBUG org.apache.http.headers -- http-outgoing-60 << Connection: keep-alive
16:19:33.128 [pool-2-thread-30] DEBUG org.apache.http.headers -- http-outgoing-60 << Keep-Alive: timeout=5
16:19:33.128 [pool-2-thread-30] DEBUG org.apache.http.impl.execchain.MainClientExec -- Connection can be kept alive for 5000 MILLISECONDS
16:19:33.129 [pool-2-thread-30] DEBUG org.apache.http.impl.conn.PoolingHttpClientConnectionManager -- Connection [id: 88][route: {}->http://localhost:3000] can be kept alive for 5.0 seconds
16:19:33.129 [pool-2-thread-30] DEBUG org.apache.http.impl.conn.DefaultManagedHttpClientConnection -- http-outgoing-60: set socket timeout to 0
16:19:33.129 [pool-2-thread-30] DEBUG org.apache.http.impl.conn.PoolingHttpClientConnectionManager -- Connection released: [id: 88][route: {}->http://localhost:3000][total available: 1; route allocated: 1 of 5; total allocated: 1 of 10]
16:19:33.129 [pool-2-thread-30] DEBUG org.apache.http.impl.conn.PoolingHttpClientConnectionManager -- Connection manager is shutting down
16:19:33.129 [pool-2-thread-30] DEBUG org.apache.http.impl.conn.DefaultManagedHttpClientConnection -- http-outgoing-60: Close connection
16:19:33.129 [pool-2-thread-30] DEBUG org.apache.http.impl.conn.PoolingHttpClientConnectionManager -- Connection manager shut down
16:19:33.129 [pool-2-thread-30] DEBUG com.intuit.karate -- response time in milliseconds: 13318
1 < 200
1 < X-Powered-By: Express
1 < Access-Control-Allow-Origin: *
1 < Content-Type: application/json; charset=utf-8
1 < Content-Length: 605
1 < ETag: W/"25d-qLfVyLzECm2eh2Z66nGXhmJCq4c"
1 < Date: Tue, 24 Jun 2025 09:19:33 GMT
1 < Connection: keep-alive
1 < Keep-Alive: timeout=5
{"access_token":"eyJhbGciOiJIUzI1NiIsInR5cCI6IkpXVCJ9.eyJzdWIiOiIwYTM3ZWY0My1mZWU4LTQxZDMtYTY4Ni04YWIwODY5NDg2OTUiLCJ1c2VybmFtZSI6ImpvaG5kb2UyMSIsInJvbGUiOjAsImlhdCI6MTc1MDc1Njc3MiwiZXhwIjoxNzUwNzYwMzcyfQ.rZoIIB70PM3FWZ65XTkdvf3ATyJNn8L0ZF0bcaQItHw","refresh_token":"1deb744f553cf7c2602447a54ded83fdae3e8e19f47c50213554bb3693b76b59","user":{"id":"0a37ef43-fee8-41d3-a686-8ab086948695","email":"testit2@gmail.com","username":"johndoe21","name":"John Doe","phoneNumber":"0123456712","profilePic":null,"bio":null,"private":false,"verified":false,"role":0,"followersCount":0,"followingCount":0,"postCount":0}}

16:19:33.131 [pool-2-thread-30] INFO com.intuit.karate -- [print] Concurrent call completed, status: 200 
16:19:33.149 [pool-2-thread-45] DEBUG org.apache.http.wire -- http-outgoing-75 << "HTTP/1.1 500 Internal Server Error[\r][\n]"
16:19:33.149 [pool-2-thread-45] DEBUG org.apache.http.wire -- http-outgoing-75 << "X-Powered-By: Express[\r][\n]"
16:19:33.149 [pool-2-thread-45] DEBUG org.apache.http.wire -- http-outgoing-75 << "Access-Control-Allow-Origin: *[\r][\n]"
16:19:33.149 [pool-2-thread-45] DEBUG org.apache.http.wire -- http-outgoing-75 << "Content-Type: application/json; charset=utf-8[\r][\n]"
16:19:33.149 [pool-2-thread-45] DEBUG org.apache.http.wire -- http-outgoing-75 << "Content-Length: 510[\r][\n]"
16:19:33.149 [pool-2-thread-45] DEBUG org.apache.http.wire -- http-outgoing-75 << "ETag: W/"1fe-3N4ouEipBHuX8KmDQjorOHX/Xws"[\r][\n]"
16:19:33.149 [pool-2-thread-45] DEBUG org.apache.http.wire -- http-outgoing-75 << "Date: Tue, 24 Jun 2025 09:19:33 GMT[\r][\n]"
16:19:33.149 [pool-2-thread-45] DEBUG org.apache.http.wire -- http-outgoing-75 << "Connection: keep-alive[\r][\n]"
16:19:33.149 [pool-2-thread-45] DEBUG org.apache.http.wire -- http-outgoing-75 << "Keep-Alive: timeout=5[\r][\n]"
16:19:33.149 [pool-2-thread-45] DEBUG org.apache.http.wire -- http-outgoing-75 << "[\r][\n]"
16:19:33.149 [pool-2-thread-45] DEBUG org.apache.http.wire -- http-outgoing-75 << "{"success":false,"statusCode":500,"message":"\nInvalid `this.prisma.user.update()` invocation in\nD:\\Documents\\Workspace\\react_native\\roamly_backend\\src\\modules\\auth\\auth.service.ts:119:28\n\n  116 const refreshToken = crypto.randomBytes(32).toString('hex');\n  117 \n  118 // Update user with new refresh token\n[0xe2][0x86][0x92] 119 await this.prisma.user.update(\nTransaction failed due to a write conflict or a deadlock. Please retry your transaction","path":"/auth/login","timestamp":"2025-06-24T09:19:33.149Z"}"
16:19:33.149 [pool-2-thread-45] DEBUG org.apache.http.headers -- http-outgoing-75 << HTTP/1.1 500 Internal Server Error
16:19:33.149 [pool-2-thread-45] DEBUG org.apache.http.headers -- http-outgoing-75 << X-Powered-By: Express
16:19:33.149 [pool-2-thread-45] DEBUG org.apache.http.headers -- http-outgoing-75 << Access-Control-Allow-Origin: *
16:19:33.149 [pool-2-thread-45] DEBUG org.apache.http.headers -- http-outgoing-75 << Content-Type: application/json; charset=utf-8
16:19:33.149 [pool-2-thread-45] DEBUG org.apache.http.headers -- http-outgoing-75 << Content-Length: 510
16:19:33.149 [pool-2-thread-45] DEBUG org.apache.http.headers -- http-outgoing-75 << ETag: W/"1fe-3N4ouEipBHuX8KmDQjorOHX/Xws"
16:19:33.149 [pool-2-thread-45] DEBUG org.apache.http.headers -- http-outgoing-75 << Date: Tue, 24 Jun 2025 09:19:33 GMT
16:19:33.149 [pool-2-thread-45] DEBUG org.apache.http.headers -- http-outgoing-75 << Connection: keep-alive
16:19:33.149 [pool-2-thread-45] DEBUG org.apache.http.headers -- http-outgoing-75 << Keep-Alive: timeout=5
16:19:33.150 [pool-2-thread-45] DEBUG org.apache.http.impl.execchain.MainClientExec -- Connection can be kept alive for 5000 MILLISECONDS
16:19:33.150 [pool-2-thread-45] DEBUG org.apache.http.impl.conn.PoolingHttpClientConnectionManager -- Connection [id: 22][route: {}->http://localhost:3000] can be kept alive for 5.0 seconds
16:19:33.150 [pool-2-thread-45] DEBUG org.apache.http.impl.conn.DefaultManagedHttpClientConnection -- http-outgoing-75: set socket timeout to 0
16:19:33.150 [pool-2-thread-45] DEBUG org.apache.http.impl.conn.PoolingHttpClientConnectionManager -- Connection released: [id: 22][route: {}->http://localhost:3000][total available: 1; route allocated: 1 of 5; total allocated: 1 of 10]
16:19:33.150 [pool-2-thread-45] DEBUG org.apache.http.impl.conn.PoolingHttpClientConnectionManager -- Connection manager is shutting down
16:19:33.150 [pool-2-thread-45] DEBUG org.apache.http.impl.conn.DefaultManagedHttpClientConnection -- http-outgoing-75: Close connection
16:19:33.150 [pool-2-thread-45] DEBUG org.apache.http.impl.conn.PoolingHttpClientConnectionManager -- Connection manager shut down
16:19:33.150 [pool-2-thread-35] DEBUG org.apache.http.wire -- http-outgoing-47 << "HTTP/1.1 500 Internal Server Error[\r][\n]"
16:19:33.150 [pool-2-thread-35] DEBUG org.apache.http.wire -- http-outgoing-47 << "X-Powered-By: Express[\r][\n]"
16:19:33.150 [pool-2-thread-35] DEBUG org.apache.http.wire -- http-outgoing-47 << "Access-Control-Allow-Origin: *[\r][\n]"
16:19:33.150 [pool-2-thread-35] DEBUG org.apache.http.wire -- http-outgoing-47 << "Content-Type: application/json; charset=utf-8[\r][\n]"
16:19:33.150 [pool-2-thread-35] DEBUG org.apache.http.wire -- http-outgoing-47 << "Content-Length: 510[\r][\n]"
16:19:33.150 [pool-2-thread-35] DEBUG org.apache.http.wire -- http-outgoing-47 << "ETag: W/"1fe-jpS/CBIl3V+WRsc/pzRoMXoEsew"[\r][\n]"
16:19:33.150 [pool-2-thread-35] DEBUG org.apache.http.wire -- http-outgoing-47 << "Date: Tue, 24 Jun 2025 09:19:33 GMT[\r][\n]"
16:19:33.150 [pool-2-thread-35] DEBUG org.apache.http.wire -- http-outgoing-47 << "Connection: keep-alive[\r][\n]"
16:19:33.150 [pool-2-thread-35] DEBUG org.apache.http.wire -- http-outgoing-47 << "Keep-Alive: timeout=5[\r][\n]"
16:19:33.150 [pool-2-thread-35] DEBUG org.apache.http.wire -- http-outgoing-47 << "[\r][\n]"
16:19:33.150 [pool-2-thread-35] DEBUG org.apache.http.wire -- http-outgoing-47 << "{"success":false,"statusCode":500,"message":"\nInvalid `this.prisma.user.update()` invocation in\nD:\\Documents\\Workspace\\react_native\\roamly_backend\\src\\modules\\auth\\auth.service.ts:119:28\n\n  116 const refreshToken = crypto.randomBytes(32).toString('hex');\n  117 \n  118 // Update user with new refresh token\n[0xe2][0x86][0x92] 119 await this.prisma.user.update(\nTransaction failed due to a write conflict or a deadlock. Please retry your transaction","path":"/auth/login","timestamp":"2025-06-24T09:19:33.150Z"}"
16:19:33.150 [pool-2-thread-35] DEBUG org.apache.http.headers -- http-outgoing-47 << HTTP/1.1 500 Internal Server Error
16:19:33.150 [pool-2-thread-35] DEBUG org.apache.http.headers -- http-outgoing-47 << X-Powered-By: Express
16:19:33.150 [pool-2-thread-35] DEBUG org.apache.http.headers -- http-outgoing-47 << Access-Control-Allow-Origin: *
16:19:33.150 [pool-2-thread-35] DEBUG org.apache.http.headers -- http-outgoing-47 << Content-Type: application/json; charset=utf-8
16:19:33.150 [pool-2-thread-35] DEBUG org.apache.http.headers -- http-outgoing-47 << Content-Length: 510
16:19:33.150 [pool-2-thread-35] DEBUG org.apache.http.headers -- http-outgoing-47 << ETag: W/"1fe-jpS/CBIl3V+WRsc/pzRoMXoEsew"
16:19:33.150 [pool-2-thread-35] DEBUG org.apache.http.headers -- http-outgoing-47 << Date: Tue, 24 Jun 2025 09:19:33 GMT
16:19:33.150 [pool-2-thread-35] DEBUG org.apache.http.headers -- http-outgoing-47 << Connection: keep-alive
16:19:33.150 [pool-2-thread-35] DEBUG org.apache.http.headers -- http-outgoing-47 << Keep-Alive: timeout=5
16:19:33.150 [pool-2-thread-35] DEBUG org.apache.http.impl.execchain.MainClientExec -- Connection can be kept alive for 5000 MILLISECONDS
16:19:33.150 [pool-2-thread-45] DEBUG com.intuit.karate -- response time in milliseconds: 13340
1 < 500
1 < X-Powered-By: Express
1 < Access-Control-Allow-Origin: *
1 < Content-Type: application/json; charset=utf-8
1 < Content-Length: 510
1 < ETag: W/"1fe-3N4ouEipBHuX8KmDQjorOHX/Xws"
1 < Date: Tue, 24 Jun 2025 09:19:33 GMT
1 < Connection: keep-alive
1 < Keep-Alive: timeout=5
{"success":false,"statusCode":500,"message":"\nInvalid `this.prisma.user.update()` invocation in\nD:\\Documents\\Workspace\\react_native\\roamly_backend\\src\\modules\\auth\\auth.service.ts:119:28\n\n  116 const refreshToken = crypto.randomBytes(32).toString('hex');\n  117 \n  118 // Update user with new refresh token\n? 119 await this.prisma.user.update(\nTransaction failed due to a write conflict or a deadlock. Please retry your transaction","path":"/auth/login","timestamp":"2025-06-24T09:19:33.149Z"}

16:19:33.150 [pool-2-thread-35] DEBUG org.apache.http.impl.conn.PoolingHttpClientConnectionManager -- Connection [id: 43][route: {}->http://localhost:3000] can be kept alive for 5.0 seconds
16:19:33.150 [pool-2-thread-35] DEBUG org.apache.http.impl.conn.DefaultManagedHttpClientConnection -- http-outgoing-47: set socket timeout to 0
16:19:33.151 [pool-2-thread-35] DEBUG org.apache.http.impl.conn.PoolingHttpClientConnectionManager -- Connection released: [id: 43][route: {}->http://localhost:3000][total available: 1; route allocated: 1 of 5; total allocated: 1 of 10]
16:19:33.151 [pool-2-thread-35] DEBUG org.apache.http.impl.conn.PoolingHttpClientConnectionManager -- Connection manager is shutting down
16:19:33.151 [pool-2-thread-35] DEBUG org.apache.http.impl.conn.DefaultManagedHttpClientConnection -- http-outgoing-47: Close connection
16:19:33.151 [pool-2-thread-35] DEBUG org.apache.http.impl.conn.PoolingHttpClientConnectionManager -- Connection manager shut down
16:19:33.151 [pool-2-thread-35] DEBUG com.intuit.karate -- response time in milliseconds: 13344
1 < 500
1 < X-Powered-By: Express
1 < Access-Control-Allow-Origin: *
1 < Content-Type: application/json; charset=utf-8
1 < Content-Length: 510
1 < ETag: W/"1fe-jpS/CBIl3V+WRsc/pzRoMXoEsew"
1 < Date: Tue, 24 Jun 2025 09:19:33 GMT
1 < Connection: keep-alive
1 < Keep-Alive: timeout=5
{"success":false,"statusCode":500,"message":"\nInvalid `this.prisma.user.update()` invocation in\nD:\\Documents\\Workspace\\react_native\\roamly_backend\\src\\modules\\auth\\auth.service.ts:119:28\n\n  116 const refreshToken = crypto.randomBytes(32).toString('hex');\n  117 \n  118 // Update user with new refresh token\n? 119 await this.prisma.user.update(\nTransaction failed due to a write conflict or a deadlock. Please retry your transaction","path":"/auth/login","timestamp":"2025-06-24T09:19:33.150Z"}

16:19:33.151 [pool-2-thread-45] ERROR com.intuit.karate -- classpath:features/performance/login-performance-concurrent.feature:13
Then status 200
status code was: 500, expected: 200, response time in milliseconds: 13340, url: http://localhost:3000/auth/login, response: 
{"success":false,"statusCode":500,"message":"\nInvalid `this.prisma.user.update()` invocation in\nD:\\Documents\\Workspace\\react_native\\roamly_backend\\src\\modules\\auth\\auth.service.ts:119:28\n\n  116 const refreshToken = crypto.randomBytes(32).toString('hex');\n  117 \n  118 // Update user with new refresh token\n? 119 await this.prisma.user.update(\nTransaction failed due to a write conflict or a deadlock. Please retry your transaction","path":"/auth/login","timestamp":"2025-06-24T09:19:33.149Z"}
classpath:features/performance/login-performance-concurrent.feature:13
16:19:33.153 [pool-2-thread-35] ERROR com.intuit.karate -- classpath:features/performance/login-performance-concurrent.feature:13
Then status 200
status code was: 500, expected: 200, response time in milliseconds: 13344, url: http://localhost:3000/auth/login, response: 
{"success":false,"statusCode":500,"message":"\nInvalid `this.prisma.user.update()` invocation in\nD:\\Documents\\Workspace\\react_native\\roamly_backend\\src\\modules\\auth\\auth.service.ts:119:28\n\n  116 const refreshToken = crypto.randomBytes(32).toString('hex');\n  117 \n  118 // Update user with new refresh token\n? 119 await this.prisma.user.update(\nTransaction failed due to a write conflict or a deadlock. Please retry your transaction","path":"/auth/login","timestamp":"2025-06-24T09:19:33.150Z"}
classpath:features/performance/login-performance-concurrent.feature:13
16:19:33.159 [pool-2-thread-15] DEBUG org.apache.http.wire -- http-outgoing-97 << "HTTP/1.1 500 Internal Server Error[\r][\n]"
16:19:33.159 [pool-2-thread-15] DEBUG org.apache.http.wire -- http-outgoing-97 << "X-Powered-By: Express[\r][\n]"
16:19:33.159 [pool-2-thread-15] DEBUG org.apache.http.wire -- http-outgoing-97 << "Access-Control-Allow-Origin: *[\r][\n]"
16:19:33.159 [pool-2-thread-15] DEBUG org.apache.http.wire -- http-outgoing-97 << "Content-Type: application/json; charset=utf-8[\r][\n]"
16:19:33.159 [pool-2-thread-15] DEBUG org.apache.http.wire -- http-outgoing-97 << "Content-Length: 510[\r][\n]"
16:19:33.159 [pool-2-thread-15] DEBUG org.apache.http.wire -- http-outgoing-97 << "ETag: W/"1fe-WBMgJeKOHYY59VOSGMk47BhHLNs"[\r][\n]"
16:19:33.159 [pool-2-thread-15] DEBUG org.apache.http.wire -- http-outgoing-97 << "Date: Tue, 24 Jun 2025 09:19:33 GMT[\r][\n]"
16:19:33.159 [pool-2-thread-15] DEBUG org.apache.http.wire -- http-outgoing-97 << "Connection: keep-alive[\r][\n]"
16:19:33.159 [pool-2-thread-15] DEBUG org.apache.http.wire -- http-outgoing-97 << "Keep-Alive: timeout=5[\r][\n]"
16:19:33.159 [pool-2-thread-15] DEBUG org.apache.http.wire -- http-outgoing-97 << "[\r][\n]"
16:19:33.159 [pool-2-thread-15] DEBUG org.apache.http.wire -- http-outgoing-97 << "{"success":false,"statusCode":500,"message":"\nInvalid `this.prisma.user.update()` invocation in\nD:\\Documents\\Workspace\\react_native\\roamly_backend\\src\\modules\\auth\\auth.service.ts:119:28\n\n  116 const refreshToken = crypto.randomBytes(32).toString('hex');\n  117 \n  118 // Update user with new refresh token\n[0xe2][0x86][0x92] 119 await this.prisma.user.update(\nTransaction failed due to a write conflict or a deadlock. Please retry your transaction","path":"/auth/login","timestamp":"2025-06-24T09:19:33.158Z"}"
16:19:33.159 [pool-2-thread-15] DEBUG org.apache.http.headers -- http-outgoing-97 << HTTP/1.1 500 Internal Server Error
16:19:33.159 [pool-2-thread-15] DEBUG org.apache.http.headers -- http-outgoing-97 << X-Powered-By: Express
16:19:33.159 [pool-2-thread-15] DEBUG org.apache.http.headers -- http-outgoing-97 << Access-Control-Allow-Origin: *
16:19:33.159 [pool-2-thread-15] DEBUG org.apache.http.headers -- http-outgoing-97 << Content-Type: application/json; charset=utf-8
16:19:33.159 [pool-2-thread-15] DEBUG org.apache.http.headers -- http-outgoing-97 << Content-Length: 510
16:19:33.159 [pool-2-thread-15] DEBUG org.apache.http.headers -- http-outgoing-97 << ETag: W/"1fe-WBMgJeKOHYY59VOSGMk47BhHLNs"
16:19:33.159 [pool-2-thread-15] DEBUG org.apache.http.headers -- http-outgoing-97 << Date: Tue, 24 Jun 2025 09:19:33 GMT
16:19:33.159 [pool-2-thread-15] DEBUG org.apache.http.headers -- http-outgoing-97 << Connection: keep-alive
16:19:33.159 [pool-2-thread-15] DEBUG org.apache.http.headers -- http-outgoing-97 << Keep-Alive: timeout=5
16:19:33.159 [pool-2-thread-15] DEBUG org.apache.http.impl.execchain.MainClientExec -- Connection can be kept alive for 5000 MILLISECONDS
16:19:33.159 [pool-2-thread-15] DEBUG org.apache.http.impl.conn.PoolingHttpClientConnectionManager -- Connection [id: 97][route: {}->http://localhost:3000] can be kept alive for 5.0 seconds
16:19:33.159 [pool-2-thread-15] DEBUG org.apache.http.impl.conn.DefaultManagedHttpClientConnection -- http-outgoing-97: set socket timeout to 0
16:19:33.159 [pool-2-thread-15] DEBUG org.apache.http.impl.conn.PoolingHttpClientConnectionManager -- Connection released: [id: 97][route: {}->http://localhost:3000][total available: 1; route allocated: 1 of 5; total allocated: 1 of 10]
16:19:33.159 [pool-2-thread-15] DEBUG org.apache.http.impl.conn.PoolingHttpClientConnectionManager -- Connection manager is shutting down
16:19:33.159 [pool-2-thread-15] DEBUG org.apache.http.impl.conn.DefaultManagedHttpClientConnection -- http-outgoing-97: Close connection
16:19:33.159 [pool-2-thread-15] DEBUG org.apache.http.impl.conn.PoolingHttpClientConnectionManager -- Connection manager shut down
16:19:33.159 [pool-2-thread-15] DEBUG com.intuit.karate -- response time in milliseconds: 13339
1 < 500
1 < X-Powered-By: Express
1 < Access-Control-Allow-Origin: *
1 < Content-Type: application/json; charset=utf-8
1 < Content-Length: 510
1 < ETag: W/"1fe-WBMgJeKOHYY59VOSGMk47BhHLNs"
1 < Date: Tue, 24 Jun 2025 09:19:33 GMT
1 < Connection: keep-alive
1 < Keep-Alive: timeout=5
{"success":false,"statusCode":500,"message":"\nInvalid `this.prisma.user.update()` invocation in\nD:\\Documents\\Workspace\\react_native\\roamly_backend\\src\\modules\\auth\\auth.service.ts:119:28\n\n  116 const refreshToken = crypto.randomBytes(32).toString('hex');\n  117 \n  118 // Update user with new refresh token\n? 119 await this.prisma.user.update(\nTransaction failed due to a write conflict or a deadlock. Please retry your transaction","path":"/auth/login","timestamp":"2025-06-24T09:19:33.158Z"}

16:19:33.162 [pool-2-thread-15] ERROR com.intuit.karate -- classpath:features/performance/login-performance-concurrent.feature:13
Then status 200
status code was: 500, expected: 200, response time in milliseconds: 13339, url: http://localhost:3000/auth/login, response: 
{"success":false,"statusCode":500,"message":"\nInvalid `this.prisma.user.update()` invocation in\nD:\\Documents\\Workspace\\react_native\\roamly_backend\\src\\modules\\auth\\auth.service.ts:119:28\n\n  116 const refreshToken = crypto.randomBytes(32).toString('hex');\n  117 \n  118 // Update user with new refresh token\n? 119 await this.prisma.user.update(\nTransaction failed due to a write conflict or a deadlock. Please retry your transaction","path":"/auth/login","timestamp":"2025-06-24T09:19:33.158Z"}
classpath:features/performance/login-performance-concurrent.feature:13
16:19:33.923 [pool-2-thread-69] DEBUG org.apache.http.wire -- http-outgoing-32 << "HTTP/1.1 200 OK[\r][\n]"
16:19:33.923 [pool-2-thread-69] DEBUG org.apache.http.wire -- http-outgoing-32 << "X-Powered-By: Express[\r][\n]"
16:19:33.923 [pool-2-thread-69] DEBUG org.apache.http.wire -- http-outgoing-32 << "Access-Control-Allow-Origin: *[\r][\n]"
16:19:33.923 [pool-2-thread-69] DEBUG org.apache.http.wire -- http-outgoing-32 << "Content-Type: application/json; charset=utf-8[\r][\n]"
16:19:33.923 [pool-2-thread-69] DEBUG org.apache.http.wire -- http-outgoing-32 << "Content-Length: 604[\r][\n]"
16:19:33.923 [pool-2-thread-69] DEBUG org.apache.http.wire -- http-outgoing-32 << "ETag: W/"25c-U5wI8kloghO4CM1GDapW4IVh1iY"[\r][\n]"
16:19:33.923 [pool-2-thread-69] DEBUG org.apache.http.wire -- http-outgoing-32 << "Date: Tue, 24 Jun 2025 09:19:33 GMT[\r][\n]"
16:19:33.923 [pool-2-thread-69] DEBUG org.apache.http.wire -- http-outgoing-32 << "Connection: keep-alive[\r][\n]"
16:19:33.923 [pool-2-thread-69] DEBUG org.apache.http.wire -- http-outgoing-32 << "Keep-Alive: timeout=5[\r][\n]"
16:19:33.923 [pool-2-thread-69] DEBUG org.apache.http.wire -- http-outgoing-32 << "[\r][\n]"
16:19:33.923 [pool-2-thread-69] DEBUG org.apache.http.wire -- http-outgoing-32 << "{"access_token":"eyJhbGciOiJIUzI1NiIsInR5cCI6IkpXVCJ9.eyJzdWIiOiJkZjZmMDkxOS1hMjNkLTQ0YzktYTkyNS00ZWE4YmU1MjVkMTAiLCJ1c2VybmFtZSI6ImpvaG5kb2UyMyIsInJvbGUiOjAsImlhdCI6MTc1MDc1Njc3MiwiZXhwIjoxNzUwNzYwMzcyfQ.OUW9bp18lUypRzM-GG0bcfwdMcAXGF7UT15IbstMgtg","refresh_token":"be6b7785d1a9a754cac9e301726a0bd27bd211529fc7ef990787e922239de80b","user":{"id":"df6f0919-a23d-44c9-a925-4ea8be525d10","email":"testit@gmail.com","username":"johndoe23","name":"John Doe","phoneNumber":"0123456788","profilePic":null,"bio":null,"private":false,"verified":false,"role":0,"followersCount":0,"followingCount":0,"postCount":0}}"
16:19:33.924 [pool-2-thread-69] DEBUG org.apache.http.headers -- http-outgoing-32 << HTTP/1.1 200 OK
16:19:33.924 [pool-2-thread-69] DEBUG org.apache.http.headers -- http-outgoing-32 << X-Powered-By: Express
16:19:33.924 [pool-2-thread-69] DEBUG org.apache.http.headers -- http-outgoing-32 << Access-Control-Allow-Origin: *
16:19:33.924 [pool-2-thread-69] DEBUG org.apache.http.headers -- http-outgoing-32 << Content-Type: application/json; charset=utf-8
16:19:33.924 [pool-2-thread-69] DEBUG org.apache.http.headers -- http-outgoing-32 << Content-Length: 604
16:19:33.924 [pool-2-thread-69] DEBUG org.apache.http.headers -- http-outgoing-32 << ETag: W/"25c-U5wI8kloghO4CM1GDapW4IVh1iY"
16:19:33.924 [pool-2-thread-69] DEBUG org.apache.http.headers -- http-outgoing-32 << Date: Tue, 24 Jun 2025 09:19:33 GMT
16:19:33.924 [pool-2-thread-69] DEBUG org.apache.http.headers -- http-outgoing-32 << Connection: keep-alive
16:19:33.924 [pool-2-thread-69] DEBUG org.apache.http.headers -- http-outgoing-32 << Keep-Alive: timeout=5
16:19:33.924 [pool-2-thread-69] DEBUG org.apache.http.impl.execchain.MainClientExec -- Connection can be kept alive for 5000 MILLISECONDS
16:19:33.924 [pool-2-thread-69] DEBUG org.apache.http.impl.conn.PoolingHttpClientConnectionManager -- Connection [id: 3][route: {}->http://localhost:3000] can be kept alive for 5.0 seconds
16:19:33.924 [pool-2-thread-69] DEBUG org.apache.http.impl.conn.DefaultManagedHttpClientConnection -- http-outgoing-32: set socket timeout to 0
16:19:33.924 [pool-2-thread-69] DEBUG org.apache.http.impl.conn.PoolingHttpClientConnectionManager -- Connection released: [id: 3][route: {}->http://localhost:3000][total available: 1; route allocated: 1 of 5; total allocated: 1 of 10]
16:19:33.924 [pool-2-thread-69] DEBUG org.apache.http.impl.conn.PoolingHttpClientConnectionManager -- Connection manager is shutting down
16:19:33.924 [pool-2-thread-69] DEBUG org.apache.http.impl.conn.DefaultManagedHttpClientConnection -- http-outgoing-32: Close connection
16:19:33.924 [pool-2-thread-69] DEBUG org.apache.http.impl.conn.PoolingHttpClientConnectionManager -- Connection manager shut down
16:19:33.925 [pool-2-thread-69] DEBUG com.intuit.karate -- response time in milliseconds: 14114
1 < 200
1 < X-Powered-By: Express
1 < Access-Control-Allow-Origin: *
1 < Content-Type: application/json; charset=utf-8
1 < Content-Length: 604
1 < ETag: W/"25c-U5wI8kloghO4CM1GDapW4IVh1iY"
1 < Date: Tue, 24 Jun 2025 09:19:33 GMT
1 < Connection: keep-alive
1 < Keep-Alive: timeout=5
{"access_token":"eyJhbGciOiJIUzI1NiIsInR5cCI6IkpXVCJ9.eyJzdWIiOiJkZjZmMDkxOS1hMjNkLTQ0YzktYTkyNS00ZWE4YmU1MjVkMTAiLCJ1c2VybmFtZSI6ImpvaG5kb2UyMyIsInJvbGUiOjAsImlhdCI6MTc1MDc1Njc3MiwiZXhwIjoxNzUwNzYwMzcyfQ.OUW9bp18lUypRzM-GG0bcfwdMcAXGF7UT15IbstMgtg","refresh_token":"be6b7785d1a9a754cac9e301726a0bd27bd211529fc7ef990787e922239de80b","user":{"id":"df6f0919-a23d-44c9-a925-4ea8be525d10","email":"testit@gmail.com","username":"johndoe23","name":"John Doe","phoneNumber":"0123456788","profilePic":null,"bio":null,"private":false,"verified":false,"role":0,"followersCount":0,"followingCount":0,"postCount":0}}

16:19:33.927 [pool-2-thread-69] INFO com.intuit.karate -- [print] Concurrent call completed, status: 200 
16:19:33.951 [pool-2-thread-25] DEBUG org.apache.http.wire -- http-outgoing-66 << "HTTP/1.1 500 Internal Server Error[\r][\n]"
16:19:33.952 [pool-2-thread-25] DEBUG org.apache.http.wire -- http-outgoing-66 << "X-Powered-By: Express[\r][\n]"
16:19:33.952 [pool-2-thread-25] DEBUG org.apache.http.wire -- http-outgoing-66 << "Access-Control-Allow-Origin: *[\r][\n]"
16:19:33.952 [pool-2-thread-25] DEBUG org.apache.http.wire -- http-outgoing-66 << "Content-Type: application/json; charset=utf-8[\r][\n]"
16:19:33.952 [pool-2-thread-25] DEBUG org.apache.http.wire -- http-outgoing-66 << "Content-Length: 510[\r][\n]"
16:19:33.952 [pool-2-thread-25] DEBUG org.apache.http.wire -- http-outgoing-66 << "ETag: W/"1fe-Ns8KoLi6yLM1V7occPTqIBOaZX4"[\r][\n]"
16:19:33.952 [pool-2-thread-25] DEBUG org.apache.http.wire -- http-outgoing-66 << "Date: Tue, 24 Jun 2025 09:19:33 GMT[\r][\n]"
16:19:33.952 [pool-2-thread-25] DEBUG org.apache.http.wire -- http-outgoing-66 << "Connection: keep-alive[\r][\n]"
16:19:33.952 [pool-2-thread-25] DEBUG org.apache.http.wire -- http-outgoing-66 << "Keep-Alive: timeout=5[\r][\n]"
16:19:33.952 [pool-2-thread-25] DEBUG org.apache.http.wire -- http-outgoing-66 << "[\r][\n]"
16:19:33.952 [pool-2-thread-25] DEBUG org.apache.http.wire -- http-outgoing-66 << "{"success":false,"statusCode":500,"message":"\nInvalid `this.prisma.user.update()` invocation in\nD:\\Documents\\Workspace\\react_native\\roamly_backend\\src\\modules\\auth\\auth.service.ts:119:28\n\n  116 const refreshToken = crypto.randomBytes(32).toString('hex');\n  117 \n  118 // Update user with new refresh token\n[0xe2][0x86][0x92] 119 await this.prisma.user.update(\nTransaction failed due to a write conflict or a deadlock. Please retry your transaction","path":"/auth/login","timestamp":"2025-06-24T09:19:33.951Z"}"
16:19:33.952 [pool-2-thread-25] DEBUG org.apache.http.headers -- http-outgoing-66 << HTTP/1.1 500 Internal Server Error
16:19:33.952 [pool-2-thread-25] DEBUG org.apache.http.headers -- http-outgoing-66 << X-Powered-By: Express
16:19:33.952 [pool-2-thread-25] DEBUG org.apache.http.headers -- http-outgoing-66 << Access-Control-Allow-Origin: *
16:19:33.952 [pool-2-thread-25] DEBUG org.apache.http.headers -- http-outgoing-66 << Content-Type: application/json; charset=utf-8
16:19:33.952 [pool-2-thread-25] DEBUG org.apache.http.headers -- http-outgoing-66 << Content-Length: 510
16:19:33.952 [pool-2-thread-25] DEBUG org.apache.http.headers -- http-outgoing-66 << ETag: W/"1fe-Ns8KoLi6yLM1V7occPTqIBOaZX4"
16:19:33.952 [pool-2-thread-25] DEBUG org.apache.http.headers -- http-outgoing-66 << Date: Tue, 24 Jun 2025 09:19:33 GMT
16:19:33.952 [pool-2-thread-25] DEBUG org.apache.http.headers -- http-outgoing-66 << Connection: keep-alive
16:19:33.952 [pool-2-thread-25] DEBUG org.apache.http.headers -- http-outgoing-66 << Keep-Alive: timeout=5
16:19:33.952 [pool-2-thread-25] DEBUG org.apache.http.impl.execchain.MainClientExec -- Connection can be kept alive for 5000 MILLISECONDS
16:19:33.952 [pool-2-thread-25] DEBUG org.apache.http.impl.conn.PoolingHttpClientConnectionManager -- Connection [id: 5][route: {}->http://localhost:3000] can be kept alive for 5.0 seconds
16:19:33.952 [pool-2-thread-25] DEBUG org.apache.http.impl.conn.DefaultManagedHttpClientConnection -- http-outgoing-66: set socket timeout to 0
16:19:33.952 [pool-2-thread-25] DEBUG org.apache.http.impl.conn.PoolingHttpClientConnectionManager -- Connection released: [id: 5][route: {}->http://localhost:3000][total available: 1; route allocated: 1 of 5; total allocated: 1 of 10]
16:19:33.952 [pool-2-thread-25] DEBUG org.apache.http.impl.conn.PoolingHttpClientConnectionManager -- Connection manager is shutting down
16:19:33.952 [pool-2-thread-25] DEBUG org.apache.http.impl.conn.DefaultManagedHttpClientConnection -- http-outgoing-66: Close connection
16:19:33.953 [pool-2-thread-25] DEBUG org.apache.http.impl.conn.PoolingHttpClientConnectionManager -- Connection manager shut down
16:19:33.953 [pool-2-thread-25] DEBUG com.intuit.karate -- response time in milliseconds: 14141
1 < 500
1 < X-Powered-By: Express
1 < Access-Control-Allow-Origin: *
1 < Content-Type: application/json; charset=utf-8
1 < Content-Length: 510
1 < ETag: W/"1fe-Ns8KoLi6yLM1V7occPTqIBOaZX4"
1 < Date: Tue, 24 Jun 2025 09:19:33 GMT
1 < Connection: keep-alive
1 < Keep-Alive: timeout=5
{"success":false,"statusCode":500,"message":"\nInvalid `this.prisma.user.update()` invocation in\nD:\\Documents\\Workspace\\react_native\\roamly_backend\\src\\modules\\auth\\auth.service.ts:119:28\n\n  116 const refreshToken = crypto.randomBytes(32).toString('hex');\n  117 \n  118 // Update user with new refresh token\n? 119 await this.prisma.user.update(\nTransaction failed due to a write conflict or a deadlock. Please retry your transaction","path":"/auth/login","timestamp":"2025-06-24T09:19:33.951Z"}

16:19:33.954 [pool-2-thread-25] ERROR com.intuit.karate -- classpath:features/performance/login-performance-concurrent.feature:13
Then status 200
status code was: 500, expected: 200, response time in milliseconds: 14141, url: http://localhost:3000/auth/login, response: 
{"success":false,"statusCode":500,"message":"\nInvalid `this.prisma.user.update()` invocation in\nD:\\Documents\\Workspace\\react_native\\roamly_backend\\src\\modules\\auth\\auth.service.ts:119:28\n\n  116 const refreshToken = crypto.randomBytes(32).toString('hex');\n  117 \n  118 // Update user with new refresh token\n? 119 await this.prisma.user.update(\nTransaction failed due to a write conflict or a deadlock. Please retry your transaction","path":"/auth/login","timestamp":"2025-06-24T09:19:33.951Z"}
classpath:features/performance/login-performance-concurrent.feature:13
16:19:33.965 [pool-2-thread-97] DEBUG org.apache.http.wire -- http-outgoing-94 << "HTTP/1.1 200 OK[\r][\n]"
16:19:33.965 [pool-2-thread-97] DEBUG org.apache.http.wire -- http-outgoing-94 << "X-Powered-By: Express[\r][\n]"
16:19:33.965 [pool-2-thread-97] DEBUG org.apache.http.wire -- http-outgoing-94 << "Access-Control-Allow-Origin: *[\r][\n]"
16:19:33.965 [pool-2-thread-97] DEBUG org.apache.http.wire -- http-outgoing-94 << "Content-Type: application/json; charset=utf-8[\r][\n]"
16:19:33.965 [pool-2-thread-97] DEBUG org.apache.http.wire -- http-outgoing-94 << "Content-Length: 605[\r][\n]"
16:19:33.965 [pool-2-thread-97] DEBUG org.apache.http.wire -- http-outgoing-94 << "ETag: W/"25d-PYGvMEbFzSE+L5cDPsoJ05aaP6g"[\r][\n]"
16:19:33.965 [pool-2-thread-97] DEBUG org.apache.http.wire -- http-outgoing-94 << "Date: Tue, 24 Jun 2025 09:19:33 GMT[\r][\n]"
16:19:33.965 [pool-2-thread-97] DEBUG org.apache.http.wire -- http-outgoing-94 << "Connection: keep-alive[\r][\n]"
16:19:33.965 [pool-2-thread-97] DEBUG org.apache.http.wire -- http-outgoing-94 << "Keep-Alive: timeout=5[\r][\n]"
16:19:33.965 [pool-2-thread-97] DEBUG org.apache.http.wire -- http-outgoing-94 << "[\r][\n]"
16:19:33.966 [pool-2-thread-97] DEBUG org.apache.http.wire -- http-outgoing-94 << "{"access_token":"eyJhbGciOiJIUzI1NiIsInR5cCI6IkpXVCJ9.eyJzdWIiOiI2NTBjZTFlZC1hYWNhLTQzOGYtOTk4OC0xZjA1OGFiNWFhMWEiLCJ1c2VybmFtZSI6ImpvaG5kb2UyNSIsInJvbGUiOjAsImlhdCI6MTc1MDc1Njc3MiwiZXhwIjoxNzUwNzYwMzcyfQ.owefW2SQMcOSVlTCMO5EebXZRs-kSzHXJEuF_LrenKU","refresh_token":"f949a679070738dd45dac450837faa2d56528ed8f2281a0d448264d79a72bc76","user":{"id":"650ce1ed-aaca-438f-9988-1f058ab5aa1a","email":"testit3@gmail.com","username":"johndoe25","name":"John Doe","phoneNumber":"0123456713","profilePic":null,"bio":null,"private":false,"verified":false,"role":0,"followersCount":0,"followingCount":0,"postCount":0}}"
16:19:33.966 [pool-2-thread-97] DEBUG org.apache.http.headers -- http-outgoing-94 << HTTP/1.1 200 OK
16:19:33.966 [pool-2-thread-97] DEBUG org.apache.http.headers -- http-outgoing-94 << X-Powered-By: Express
16:19:33.966 [pool-2-thread-97] DEBUG org.apache.http.headers -- http-outgoing-94 << Access-Control-Allow-Origin: *
16:19:33.966 [pool-2-thread-97] DEBUG org.apache.http.headers -- http-outgoing-94 << Content-Type: application/json; charset=utf-8
16:19:33.966 [pool-2-thread-97] DEBUG org.apache.http.headers -- http-outgoing-94 << Content-Length: 605
16:19:33.966 [pool-2-thread-97] DEBUG org.apache.http.headers -- http-outgoing-94 << ETag: W/"25d-PYGvMEbFzSE+L5cDPsoJ05aaP6g"
16:19:33.966 [pool-2-thread-97] DEBUG org.apache.http.headers -- http-outgoing-94 << Date: Tue, 24 Jun 2025 09:19:33 GMT
16:19:33.966 [pool-2-thread-97] DEBUG org.apache.http.headers -- http-outgoing-94 << Connection: keep-alive
16:19:33.966 [pool-2-thread-97] DEBUG org.apache.http.headers -- http-outgoing-94 << Keep-Alive: timeout=5
16:19:33.966 [pool-2-thread-97] DEBUG org.apache.http.impl.execchain.MainClientExec -- Connection can be kept alive for 5000 MILLISECONDS
16:19:33.966 [pool-2-thread-97] DEBUG org.apache.http.impl.conn.PoolingHttpClientConnectionManager -- Connection [id: 94][route: {}->http://localhost:3000] can be kept alive for 5.0 seconds
16:19:33.966 [pool-2-thread-97] DEBUG org.apache.http.impl.conn.DefaultManagedHttpClientConnection -- http-outgoing-94: set socket timeout to 0
16:19:33.966 [pool-2-thread-97] DEBUG org.apache.http.impl.conn.PoolingHttpClientConnectionManager -- Connection released: [id: 94][route: {}->http://localhost:3000][total available: 1; route allocated: 1 of 5; total allocated: 1 of 10]
16:19:33.966 [pool-2-thread-97] DEBUG org.apache.http.impl.conn.PoolingHttpClientConnectionManager -- Connection manager is shutting down
16:19:33.966 [pool-2-thread-97] DEBUG org.apache.http.impl.conn.DefaultManagedHttpClientConnection -- http-outgoing-94: Close connection
16:19:33.966 [pool-2-thread-97] DEBUG org.apache.http.impl.conn.PoolingHttpClientConnectionManager -- Connection manager shut down
16:19:33.966 [pool-2-thread-97] DEBUG com.intuit.karate -- response time in milliseconds: 14147
1 < 200
1 < X-Powered-By: Express
1 < Access-Control-Allow-Origin: *
1 < Content-Type: application/json; charset=utf-8
1 < Content-Length: 605
1 < ETag: W/"25d-PYGvMEbFzSE+L5cDPsoJ05aaP6g"
1 < Date: Tue, 24 Jun 2025 09:19:33 GMT
1 < Connection: keep-alive
1 < Keep-Alive: timeout=5
{"access_token":"eyJhbGciOiJIUzI1NiIsInR5cCI6IkpXVCJ9.eyJzdWIiOiI2NTBjZTFlZC1hYWNhLTQzOGYtOTk4OC0xZjA1OGFiNWFhMWEiLCJ1c2VybmFtZSI6ImpvaG5kb2UyNSIsInJvbGUiOjAsImlhdCI6MTc1MDc1Njc3MiwiZXhwIjoxNzUwNzYwMzcyfQ.owefW2SQMcOSVlTCMO5EebXZRs-kSzHXJEuF_LrenKU","refresh_token":"f949a679070738dd45dac450837faa2d56528ed8f2281a0d448264d79a72bc76","user":{"id":"650ce1ed-aaca-438f-9988-1f058ab5aa1a","email":"testit3@gmail.com","username":"johndoe25","name":"John Doe","phoneNumber":"0123456713","profilePic":null,"bio":null,"private":false,"verified":false,"role":0,"followersCount":0,"followingCount":0,"postCount":0}}

16:19:33.969 [pool-2-thread-97] INFO com.intuit.karate -- [print] Concurrent call completed, status: 200 
16:19:33.972 [pool-2-thread-14] DEBUG org.apache.http.wire -- http-outgoing-91 << "HTTP/1.1 200 OK[\r][\n]"
16:19:33.972 [pool-2-thread-14] DEBUG org.apache.http.wire -- http-outgoing-91 << "X-Powered-By: Express[\r][\n]"
16:19:33.972 [pool-2-thread-14] DEBUG org.apache.http.wire -- http-outgoing-91 << "Access-Control-Allow-Origin: *[\r][\n]"
16:19:33.972 [pool-2-thread-14] DEBUG org.apache.http.wire -- http-outgoing-91 << "Content-Type: application/json; charset=utf-8[\r][\n]"
16:19:33.972 [pool-2-thread-14] DEBUG org.apache.http.wire -- http-outgoing-91 << "Content-Length: 608[\r][\n]"
16:19:33.972 [pool-2-thread-14] DEBUG org.apache.http.wire -- http-outgoing-91 << "ETag: W/"260-zxrDbX17Aq2+ieAKIOtOi2cPJwQ"[\r][\n]"
16:19:33.972 [pool-2-thread-14] DEBUG org.apache.http.wire -- http-outgoing-91 << "Date: Tue, 24 Jun 2025 09:19:33 GMT[\r][\n]"
16:19:33.972 [pool-2-thread-14] DEBUG org.apache.http.wire -- http-outgoing-91 << "Connection: keep-alive[\r][\n]"
16:19:33.972 [pool-2-thread-14] DEBUG org.apache.http.wire -- http-outgoing-91 << "Keep-Alive: timeout=5[\r][\n]"
16:19:33.972 [pool-2-thread-14] DEBUG org.apache.http.wire -- http-outgoing-91 << "[\r][\n]"
16:19:33.972 [pool-2-thread-14] DEBUG org.apache.http.wire -- http-outgoing-91 << "{"access_token":"eyJhbGciOiJIUzI1NiIsInR5cCI6IkpXVCJ9.eyJzdWIiOiI4YTI0NzQ2MS01YzA0LTQyMWQtOThmNS1mYTljNzM0ZmFlYTUiLCJ1c2VybmFtZSI6ImphbmVzbWl0aCIsInJvbGUiOjAsImlhdCI6MTc1MDc1Njc3MiwiZXhwIjoxNzUwNzYwMzcyfQ.p-kVaGg05E3FpSb9vlLT8zHvNfKjEa0tgG1MDTnBRHw","refresh_token":"8f60f33fe7bcac6ea9cc5601dbcf9a4a81b0ba2a28a03177e780648f30ff9625","user":{"id":"8a247461-5c04-421d-98f5-fa9c734faea5","email":"test2@example.com","username":"janesmith","name":"Jane Smith","phoneNumber":"01234567890","profilePic":null,"bio":null,"private":false,"verified":false,"role":0,"followersCount":0,"followingCount":0,"postCount":0}}"
16:19:33.972 [pool-2-thread-14] DEBUG org.apache.http.headers -- http-outgoing-91 << HTTP/1.1 200 OK
16:19:33.972 [pool-2-thread-14] DEBUG org.apache.http.headers -- http-outgoing-91 << X-Powered-By: Express
16:19:33.972 [pool-2-thread-14] DEBUG org.apache.http.headers -- http-outgoing-91 << Access-Control-Allow-Origin: *
16:19:33.972 [pool-2-thread-14] DEBUG org.apache.http.headers -- http-outgoing-91 << Content-Type: application/json; charset=utf-8
16:19:33.972 [pool-2-thread-14] DEBUG org.apache.http.headers -- http-outgoing-91 << Content-Length: 608
16:19:33.972 [pool-2-thread-14] DEBUG org.apache.http.headers -- http-outgoing-91 << ETag: W/"260-zxrDbX17Aq2+ieAKIOtOi2cPJwQ"
16:19:33.972 [pool-2-thread-14] DEBUG org.apache.http.headers -- http-outgoing-91 << Date: Tue, 24 Jun 2025 09:19:33 GMT
16:19:33.972 [pool-2-thread-14] DEBUG org.apache.http.headers -- http-outgoing-91 << Connection: keep-alive
16:19:33.972 [pool-2-thread-14] DEBUG org.apache.http.headers -- http-outgoing-91 << Keep-Alive: timeout=5
16:19:33.973 [pool-2-thread-14] DEBUG org.apache.http.impl.execchain.MainClientExec -- Connection can be kept alive for 5000 MILLISECONDS
16:19:33.973 [pool-2-thread-14] DEBUG org.apache.http.impl.conn.PoolingHttpClientConnectionManager -- Connection [id: 91][route: {}->http://localhost:3000] can be kept alive for 5.0 seconds
16:19:33.973 [pool-2-thread-14] DEBUG org.apache.http.impl.conn.DefaultManagedHttpClientConnection -- http-outgoing-91: set socket timeout to 0
16:19:33.973 [pool-2-thread-14] DEBUG org.apache.http.impl.conn.PoolingHttpClientConnectionManager -- Connection released: [id: 91][route: {}->http://localhost:3000][total available: 1; route allocated: 1 of 5; total allocated: 1 of 10]
16:19:33.973 [pool-2-thread-14] DEBUG org.apache.http.impl.conn.PoolingHttpClientConnectionManager -- Connection manager is shutting down
16:19:33.973 [pool-2-thread-14] DEBUG org.apache.http.impl.conn.DefaultManagedHttpClientConnection -- http-outgoing-91: Close connection
16:19:33.973 [pool-2-thread-14] DEBUG org.apache.http.impl.conn.PoolingHttpClientConnectionManager -- Connection manager shut down
16:19:33.973 [pool-2-thread-14] DEBUG com.intuit.karate -- response time in milliseconds: 14156
1 < 200
1 < X-Powered-By: Express
1 < Access-Control-Allow-Origin: *
1 < Content-Type: application/json; charset=utf-8
1 < Content-Length: 608
1 < ETag: W/"260-zxrDbX17Aq2+ieAKIOtOi2cPJwQ"
1 < Date: Tue, 24 Jun 2025 09:19:33 GMT
1 < Connection: keep-alive
1 < Keep-Alive: timeout=5
{"access_token":"eyJhbGciOiJIUzI1NiIsInR5cCI6IkpXVCJ9.eyJzdWIiOiI4YTI0NzQ2MS01YzA0LTQyMWQtOThmNS1mYTljNzM0ZmFlYTUiLCJ1c2VybmFtZSI6ImphbmVzbWl0aCIsInJvbGUiOjAsImlhdCI6MTc1MDc1Njc3MiwiZXhwIjoxNzUwNzYwMzcyfQ.p-kVaGg05E3FpSb9vlLT8zHvNfKjEa0tgG1MDTnBRHw","refresh_token":"8f60f33fe7bcac6ea9cc5601dbcf9a4a81b0ba2a28a03177e780648f30ff9625","user":{"id":"8a247461-5c04-421d-98f5-fa9c734faea5","email":"test2@example.com","username":"janesmith","name":"Jane Smith","phoneNumber":"01234567890","profilePic":null,"bio":null,"private":false,"verified":false,"role":0,"followersCount":0,"followingCount":0,"postCount":0}}

16:19:33.975 [pool-2-thread-14] INFO com.intuit.karate -- [print] Concurrent call completed, status: 200 
16:19:33.980 [pool-2-thread-53] DEBUG org.apache.http.wire -- http-outgoing-82 << "HTTP/1.1 200 OK[\r][\n]"
16:19:33.980 [pool-2-thread-53] DEBUG org.apache.http.wire -- http-outgoing-82 << "X-Powered-By: Express[\r][\n]"
16:19:33.980 [pool-2-thread-53] DEBUG org.apache.http.wire -- http-outgoing-82 << "Access-Control-Allow-Origin: *[\r][\n]"
16:19:33.980 [pool-2-thread-53] DEBUG org.apache.http.wire -- http-outgoing-82 << "Content-Type: application/json; charset=utf-8[\r][\n]"
16:19:33.980 [pool-2-thread-53] DEBUG org.apache.http.wire -- http-outgoing-82 << "Content-Length: 599[\r][\n]"
16:19:33.980 [pool-2-thread-53] DEBUG org.apache.http.wire -- http-outgoing-82 << "ETag: W/"257-A12orGE9SL9L1ll/oRvYyij9lpI"[\r][\n]"
16:19:33.980 [pool-2-thread-53] DEBUG org.apache.http.wire -- http-outgoing-82 << "Date: Tue, 24 Jun 2025 09:19:33 GMT[\r][\n]"
16:19:33.980 [pool-2-thread-53] DEBUG org.apache.http.wire -- http-outgoing-82 << "Connection: keep-alive[\r][\n]"
16:19:33.980 [pool-2-thread-53] DEBUG org.apache.http.wire -- http-outgoing-82 << "Keep-Alive: timeout=5[\r][\n]"
16:19:33.980 [pool-2-thread-53] DEBUG org.apache.http.wire -- http-outgoing-82 << "[\r][\n]"
16:19:33.980 [pool-2-thread-53] DEBUG org.apache.http.wire -- http-outgoing-82 << "{"access_token":"eyJhbGciOiJIUzI1NiIsInR5cCI6IkpXVCJ9.eyJzdWIiOiIyZGRhMDQzOS01MTgwLTQ1YWEtOTE3Zi1lNjMyZTQ1YThlNDEiLCJ1c2VybmFtZSI6ImpvaG5kb2UiLCJyb2xlIjowLCJpYXQiOjE3NTA3NTY3NzMsImV4cCI6MTc1MDc2MDM3M30.ihJsSjxvhCBTmN_aTRA1vDMURRW7SvGqPzMYoojbV9k","refresh_token":"1a85779909816845025b5a40f79d542ce808991af73f822650b52924c4384322","user":{"id":"2dda0439-5180-45aa-917f-e632e45a8e41","email":"test@example.com","username":"johndoe","name":"John Doe","phoneNumber":"0987654321","profilePic":null,"bio":null,"private":false,"verified":false,"role":0,"followersCount":0,"followingCount":0,"postCount":0}}"
16:19:33.980 [pool-2-thread-53] DEBUG org.apache.http.headers -- http-outgoing-82 << HTTP/1.1 200 OK
16:19:33.980 [pool-2-thread-53] DEBUG org.apache.http.headers -- http-outgoing-82 << X-Powered-By: Express
16:19:33.980 [pool-2-thread-53] DEBUG org.apache.http.headers -- http-outgoing-82 << Access-Control-Allow-Origin: *
16:19:33.980 [pool-2-thread-53] DEBUG org.apache.http.headers -- http-outgoing-82 << Content-Type: application/json; charset=utf-8
16:19:33.980 [pool-2-thread-53] DEBUG org.apache.http.headers -- http-outgoing-82 << Content-Length: 599
16:19:33.980 [pool-2-thread-53] DEBUG org.apache.http.headers -- http-outgoing-82 << ETag: W/"257-A12orGE9SL9L1ll/oRvYyij9lpI"
16:19:33.980 [pool-2-thread-53] DEBUG org.apache.http.headers -- http-outgoing-82 << Date: Tue, 24 Jun 2025 09:19:33 GMT
16:19:33.980 [pool-2-thread-53] DEBUG org.apache.http.headers -- http-outgoing-82 << Connection: keep-alive
16:19:33.980 [pool-2-thread-53] DEBUG org.apache.http.headers -- http-outgoing-82 << Keep-Alive: timeout=5
16:19:33.981 [pool-2-thread-53] DEBUG org.apache.http.impl.execchain.MainClientExec -- Connection can be kept alive for 5000 MILLISECONDS
16:19:33.981 [pool-2-thread-53] DEBUG org.apache.http.impl.conn.PoolingHttpClientConnectionManager -- Connection [id: 55][route: {}->http://localhost:3000] can be kept alive for 5.0 seconds
16:19:33.981 [pool-2-thread-53] DEBUG org.apache.http.impl.conn.DefaultManagedHttpClientConnection -- http-outgoing-82: set socket timeout to 0
16:19:33.981 [pool-2-thread-53] DEBUG org.apache.http.impl.conn.PoolingHttpClientConnectionManager -- Connection released: [id: 55][route: {}->http://localhost:3000][total available: 1; route allocated: 1 of 5; total allocated: 1 of 10]
16:19:33.981 [pool-2-thread-53] DEBUG org.apache.http.impl.conn.PoolingHttpClientConnectionManager -- Connection manager is shutting down
16:19:33.981 [pool-2-thread-53] DEBUG org.apache.http.impl.conn.DefaultManagedHttpClientConnection -- http-outgoing-82: Close connection
16:19:33.981 [pool-2-thread-53] DEBUG org.apache.http.impl.conn.PoolingHttpClientConnectionManager -- Connection manager shut down
16:19:33.981 [pool-2-thread-53] DEBUG com.intuit.karate -- response time in milliseconds: 14169
1 < 200
1 < X-Powered-By: Express
1 < Access-Control-Allow-Origin: *
1 < Content-Type: application/json; charset=utf-8
1 < Content-Length: 599
1 < ETag: W/"257-A12orGE9SL9L1ll/oRvYyij9lpI"
1 < Date: Tue, 24 Jun 2025 09:19:33 GMT
1 < Connection: keep-alive
1 < Keep-Alive: timeout=5
{"access_token":"eyJhbGciOiJIUzI1NiIsInR5cCI6IkpXVCJ9.eyJzdWIiOiIyZGRhMDQzOS01MTgwLTQ1YWEtOTE3Zi1lNjMyZTQ1YThlNDEiLCJ1c2VybmFtZSI6ImpvaG5kb2UiLCJyb2xlIjowLCJpYXQiOjE3NTA3NTY3NzMsImV4cCI6MTc1MDc2MDM3M30.ihJsSjxvhCBTmN_aTRA1vDMURRW7SvGqPzMYoojbV9k","refresh_token":"1a85779909816845025b5a40f79d542ce808991af73f822650b52924c4384322","user":{"id":"2dda0439-5180-45aa-917f-e632e45a8e41","email":"test@example.com","username":"johndoe","name":"John Doe","phoneNumber":"0987654321","profilePic":null,"bio":null,"private":false,"verified":false,"role":0,"followersCount":0,"followingCount":0,"postCount":0}}

16:19:33.982 [pool-2-thread-53] INFO com.intuit.karate -- [print] Concurrent call completed, status: 200 
16:19:33.994 [pool-2-thread-28] DEBUG org.apache.http.wire -- http-outgoing-31 << "HTTP/1.1 200 OK[\r][\n]"
16:19:33.994 [pool-2-thread-28] DEBUG org.apache.http.wire -- http-outgoing-31 << "X-Powered-By: Express[\r][\n]"
16:19:33.994 [pool-2-thread-28] DEBUG org.apache.http.wire -- http-outgoing-31 << "Access-Control-Allow-Origin: *[\r][\n]"
16:19:33.994 [pool-2-thread-28] DEBUG org.apache.http.wire -- http-outgoing-31 << "Content-Type: application/json; charset=utf-8[\r][\n]"
16:19:33.994 [pool-2-thread-28] DEBUG org.apache.http.wire -- http-outgoing-31 << "Content-Length: 609[\r][\n]"
16:19:33.994 [pool-2-thread-28] DEBUG org.apache.http.wire -- http-outgoing-31 << "ETag: W/"261-72TpxA60/+4SOrI+YW4YUq0g4Xc"[\r][\n]"
16:19:33.994 [pool-2-thread-28] DEBUG org.apache.http.wire -- http-outgoing-31 << "Date: Tue, 24 Jun 2025 09:19:33 GMT[\r][\n]"
16:19:33.994 [pool-2-thread-28] DEBUG org.apache.http.wire -- http-outgoing-31 << "Connection: keep-alive[\r][\n]"
16:19:33.994 [pool-2-thread-28] DEBUG org.apache.http.wire -- http-outgoing-31 << "Keep-Alive: timeout=5[\r][\n]"
16:19:33.994 [pool-2-thread-28] DEBUG org.apache.http.wire -- http-outgoing-31 << "[\r][\n]"
16:19:33.994 [pool-2-thread-28] DEBUG org.apache.http.wire -- http-outgoing-31 << "{"access_token":"eyJhbGciOiJIUzI1NiIsInR5cCI6IkpXVCJ9.eyJzdWIiOiIyNzJmNmI1NS01MTc5LTRhZTMtODU2My1iNGVjMTBmNzY3MTUiLCJ1c2VybmFtZSI6ImpvaG5kb2UyZDVkIiwicm9sZSI6MCwiaWF0IjoxNzUwNzU2NzczLCJleHAiOjE3NTA3NjAzNzN9.ummwv1sFozEJYSv_gdWWX6WWXlBkiS6yj7WbcfxClAg","refresh_token":"6df52203cc7459e0e4b4ecc91a55bf7915a90cba2590cf223feec13f930ba925","user":{"id":"272f6b55-5179-4ae3-8563-b4ec10f76715","email":"testit5@gmail.com","username":"johndoe2d5d","name":"John Doe","phoneNumber":"0123456132","profilePic":null,"bio":null,"private":false,"verified":false,"role":0,"followersCount":0,"followingCount":0,"postCount":0}}"
16:19:33.994 [pool-2-thread-28] DEBUG org.apache.http.headers -- http-outgoing-31 << HTTP/1.1 200 OK
16:19:33.994 [pool-2-thread-28] DEBUG org.apache.http.headers -- http-outgoing-31 << X-Powered-By: Express
16:19:33.994 [pool-2-thread-28] DEBUG org.apache.http.headers -- http-outgoing-31 << Access-Control-Allow-Origin: *
16:19:33.994 [pool-2-thread-28] DEBUG org.apache.http.headers -- http-outgoing-31 << Content-Type: application/json; charset=utf-8
16:19:33.994 [pool-2-thread-28] DEBUG org.apache.http.headers -- http-outgoing-31 << Content-Length: 609
16:19:33.994 [pool-2-thread-28] DEBUG org.apache.http.headers -- http-outgoing-31 << ETag: W/"261-72TpxA60/+4SOrI+YW4YUq0g4Xc"
16:19:33.994 [pool-2-thread-28] DEBUG org.apache.http.headers -- http-outgoing-31 << Date: Tue, 24 Jun 2025 09:19:33 GMT
16:19:33.994 [pool-2-thread-28] DEBUG org.apache.http.headers -- http-outgoing-31 << Connection: keep-alive
16:19:33.994 [pool-2-thread-28] DEBUG org.apache.http.headers -- http-outgoing-31 << Keep-Alive: timeout=5
16:19:33.994 [pool-2-thread-28] DEBUG org.apache.http.impl.execchain.MainClientExec -- Connection can be kept alive for 5000 MILLISECONDS
16:19:33.995 [pool-2-thread-28] DEBUG org.apache.http.impl.conn.PoolingHttpClientConnectionManager -- Connection [id: 25][route: {}->http://localhost:3000] can be kept alive for 5.0 seconds
16:19:33.995 [pool-2-thread-51] DEBUG org.apache.http.wire -- http-outgoing-79 << "HTTP/1.1 200 OK[\r][\n]"
16:19:33.995 [pool-2-thread-28] DEBUG org.apache.http.impl.conn.DefaultManagedHttpClientConnection -- http-outgoing-31: set socket timeout to 0
16:19:33.995 [pool-2-thread-51] DEBUG org.apache.http.wire -- http-outgoing-79 << "X-Powered-By: Express[\r][\n]"
16:19:33.995 [pool-2-thread-51] DEBUG org.apache.http.wire -- http-outgoing-79 << "Access-Control-Allow-Origin: *[\r][\n]"
16:19:33.995 [pool-2-thread-51] DEBUG org.apache.http.wire -- http-outgoing-79 << "Content-Type: application/json; charset=utf-8[\r][\n]"
16:19:33.995 [pool-2-thread-51] DEBUG org.apache.http.wire -- http-outgoing-79 << "Content-Length: 708[\r][\n]"
16:19:33.995 [pool-2-thread-51] DEBUG org.apache.http.wire -- http-outgoing-79 << "ETag: W/"2c4-NwQ5E3mmN1p2VV+qVteIZhfXUbA"[\r][\n]"
16:19:33.995 [pool-2-thread-51] DEBUG org.apache.http.wire -- http-outgoing-79 << "Date: Tue, 24 Jun 2025 09:19:33 GMT[\r][\n]"
16:19:33.995 [pool-2-thread-51] DEBUG org.apache.http.wire -- http-outgoing-79 << "Connection: keep-alive[\r][\n]"
16:19:33.995 [pool-2-thread-51] DEBUG org.apache.http.wire -- http-outgoing-79 << "Keep-Alive: timeout=5[\r][\n]"
16:19:33.995 [pool-2-thread-51] DEBUG org.apache.http.wire -- http-outgoing-79 << "[\r][\n]"
16:19:33.995 [pool-2-thread-28] DEBUG org.apache.http.impl.conn.PoolingHttpClientConnectionManager -- Connection released: [id: 25][route: {}->http://localhost:3000][total available: 1; route allocated: 1 of 5; total allocated: 1 of 10]
16:19:33.995 [pool-2-thread-28] DEBUG org.apache.http.impl.conn.PoolingHttpClientConnectionManager -- Connection manager is shutting down
16:19:33.995 [pool-2-thread-51] DEBUG org.apache.http.wire -- http-outgoing-79 << "{"access_token":"eyJhbGciOiJIUzI1NiIsInR5cCI6IkpXVCJ9.eyJzdWIiOiIwODUxNWIwNS0yZDNlLTQ3ODktYWQ2MC1kYjM1NTI1YTQ5NzAiLCJ1c2VybmFtZSI6Im5hbSIsInJvbGUiOjAsImlhdCI6MTc1MDc1Njc3MywiZXhwIjoxNzUwNzYwMzczfQ.eyEyzxVpWqNYy-MWvhH5Ve-ZSG4U4Lzf6chU7bJrCxY","refresh_token":"73dff9b99030cb5ff0acb26735807e6f48aabbc107fc693b86bc2f58b9f30149","user":{"id":"08515b05-2d3e-4789-ad60-db35525a4970","email":"nam@gmail.com","username":"nam","name":"nam","phoneNumber":"0123456789","profilePic":"https://res.cloudinary.com/dizcvrefo/image/upload/v1749266646/nestjs_uploads/zk9zrpeidnovxibfqdxr.png","bio":"Chu tich hoi dong Quan tri 1","private":false,"verified":false,"role":0,"followersCount":2,"followingCount":5,"postCount":13}}"
16:19:33.995 [pool-2-thread-28] DEBUG org.apache.http.impl.conn.DefaultManagedHttpClientConnection -- http-outgoing-31: Close connection
16:19:33.995 [pool-2-thread-51] DEBUG org.apache.http.headers -- http-outgoing-79 << HTTP/1.1 200 OK
16:19:33.995 [pool-2-thread-51] DEBUG org.apache.http.headers -- http-outgoing-79 << X-Powered-By: Express
16:19:33.995 [pool-2-thread-51] DEBUG org.apache.http.headers -- http-outgoing-79 << Access-Control-Allow-Origin: *
16:19:33.995 [pool-2-thread-51] DEBUG org.apache.http.headers -- http-outgoing-79 << Content-Type: application/json; charset=utf-8
16:19:33.995 [pool-2-thread-51] DEBUG org.apache.http.headers -- http-outgoing-79 << Content-Length: 708
16:19:33.995 [pool-2-thread-51] DEBUG org.apache.http.headers -- http-outgoing-79 << ETag: W/"2c4-NwQ5E3mmN1p2VV+qVteIZhfXUbA"
16:19:33.995 [pool-2-thread-51] DEBUG org.apache.http.headers -- http-outgoing-79 << Date: Tue, 24 Jun 2025 09:19:33 GMT
16:19:33.995 [pool-2-thread-51] DEBUG org.apache.http.headers -- http-outgoing-79 << Connection: keep-alive
16:19:33.995 [pool-2-thread-51] DEBUG org.apache.http.headers -- http-outgoing-79 << Keep-Alive: timeout=5
16:19:33.995 [pool-2-thread-28] DEBUG org.apache.http.impl.conn.PoolingHttpClientConnectionManager -- Connection manager shut down
16:19:33.995 [pool-2-thread-51] DEBUG org.apache.http.impl.execchain.MainClientExec -- Connection can be kept alive for 5000 MILLISECONDS
16:19:33.995 [pool-2-thread-28] DEBUG com.intuit.karate -- response time in milliseconds: 14176
1 < 200
1 < X-Powered-By: Express
1 < Access-Control-Allow-Origin: *
1 < Content-Type: application/json; charset=utf-8
1 < Content-Length: 609
1 < ETag: W/"261-72TpxA60/+4SOrI+YW4YUq0g4Xc"
1 < Date: Tue, 24 Jun 2025 09:19:33 GMT
1 < Connection: keep-alive
1 < Keep-Alive: timeout=5
{"access_token":"eyJhbGciOiJIUzI1NiIsInR5cCI6IkpXVCJ9.eyJzdWIiOiIyNzJmNmI1NS01MTc5LTRhZTMtODU2My1iNGVjMTBmNzY3MTUiLCJ1c2VybmFtZSI6ImpvaG5kb2UyZDVkIiwicm9sZSI6MCwiaWF0IjoxNzUwNzU2NzczLCJleHAiOjE3NTA3NjAzNzN9.ummwv1sFozEJYSv_gdWWX6WWXlBkiS6yj7WbcfxClAg","refresh_token":"6df52203cc7459e0e4b4ecc91a55bf7915a90cba2590cf223feec13f930ba925","user":{"id":"272f6b55-5179-4ae3-8563-b4ec10f76715","email":"testit5@gmail.com","username":"johndoe2d5d","name":"John Doe","phoneNumber":"0123456132","profilePic":null,"bio":null,"private":false,"verified":false,"role":0,"followersCount":0,"followingCount":0,"postCount":0}}

16:19:33.995 [pool-2-thread-51] DEBUG org.apache.http.impl.conn.PoolingHttpClientConnectionManager -- Connection [id: 52][route: {}->http://localhost:3000] can be kept alive for 5.0 seconds
16:19:33.995 [pool-2-thread-51] DEBUG org.apache.http.impl.conn.DefaultManagedHttpClientConnection -- http-outgoing-79: set socket timeout to 0
16:19:33.995 [pool-2-thread-51] DEBUG org.apache.http.impl.conn.PoolingHttpClientConnectionManager -- Connection released: [id: 52][route: {}->http://localhost:3000][total available: 1; route allocated: 1 of 5; total allocated: 1 of 10]
16:19:33.995 [pool-2-thread-51] DEBUG org.apache.http.impl.conn.PoolingHttpClientConnectionManager -- Connection manager is shutting down
16:19:33.995 [pool-2-thread-51] DEBUG org.apache.http.impl.conn.DefaultManagedHttpClientConnection -- http-outgoing-79: Close connection
16:19:33.995 [pool-2-thread-51] DEBUG org.apache.http.impl.conn.PoolingHttpClientConnectionManager -- Connection manager shut down
16:19:33.995 [pool-2-thread-51] DEBUG com.intuit.karate -- response time in milliseconds: 14183
1 < 200
1 < X-Powered-By: Express
1 < Access-Control-Allow-Origin: *
1 < Content-Type: application/json; charset=utf-8
1 < Content-Length: 708
1 < ETag: W/"2c4-NwQ5E3mmN1p2VV+qVteIZhfXUbA"
1 < Date: Tue, 24 Jun 2025 09:19:33 GMT
1 < Connection: keep-alive
1 < Keep-Alive: timeout=5
{"access_token":"eyJhbGciOiJIUzI1NiIsInR5cCI6IkpXVCJ9.eyJzdWIiOiIwODUxNWIwNS0yZDNlLTQ3ODktYWQ2MC1kYjM1NTI1YTQ5NzAiLCJ1c2VybmFtZSI6Im5hbSIsInJvbGUiOjAsImlhdCI6MTc1MDc1Njc3MywiZXhwIjoxNzUwNzYwMzczfQ.eyEyzxVpWqNYy-MWvhH5Ve-ZSG4U4Lzf6chU7bJrCxY","refresh_token":"73dff9b99030cb5ff0acb26735807e6f48aabbc107fc693b86bc2f58b9f30149","user":{"id":"08515b05-2d3e-4789-ad60-db35525a4970","email":"nam@gmail.com","username":"nam","name":"nam","phoneNumber":"0123456789","profilePic":"https://res.cloudinary.com/dizcvrefo/image/upload/v1749266646/nestjs_uploads/zk9zrpeidnovxibfqdxr.png","bio":"Chu tich hoi dong Quan tri 1","private":false,"verified":false,"role":0,"followersCount":2,"followingCount":5,"postCount":13}}

16:19:34.004 [pool-2-thread-28] INFO com.intuit.karate -- [print] Concurrent call completed, status: 200 
16:19:34.004 [pool-2-thread-51] INFO com.intuit.karate -- [print] Concurrent call completed, status: 200 
16:19:34.008 [pool-2-thread-19] DEBUG org.apache.http.wire -- http-outgoing-36 << "HTTP/1.1 500 Internal Server Error[\r][\n]"
16:19:34.008 [pool-2-thread-19] DEBUG org.apache.http.wire -- http-outgoing-36 << "X-Powered-By: Express[\r][\n]"
16:19:34.008 [pool-2-thread-19] DEBUG org.apache.http.wire -- http-outgoing-36 << "Access-Control-Allow-Origin: *[\r][\n]"
16:19:34.008 [pool-2-thread-19] DEBUG org.apache.http.wire -- http-outgoing-36 << "Content-Type: application/json; charset=utf-8[\r][\n]"
16:19:34.008 [pool-2-thread-19] DEBUG org.apache.http.wire -- http-outgoing-36 << "Content-Length: 510[\r][\n]"
16:19:34.008 [pool-2-thread-19] DEBUG org.apache.http.wire -- http-outgoing-36 << "ETag: W/"1fe-+v2YYIeZUs197zEICsTPomOpL14"[\r][\n]"
16:19:34.008 [pool-2-thread-19] DEBUG org.apache.http.wire -- http-outgoing-36 << "Date: Tue, 24 Jun 2025 09:19:34 GMT[\r][\n]"
16:19:34.008 [pool-2-thread-19] DEBUG org.apache.http.wire -- http-outgoing-36 << "Connection: keep-alive[\r][\n]"
16:19:34.008 [pool-2-thread-19] DEBUG org.apache.http.wire -- http-outgoing-36 << "Keep-Alive: timeout=5[\r][\n]"
16:19:34.008 [pool-2-thread-19] DEBUG org.apache.http.wire -- http-outgoing-36 << "[\r][\n]"
16:19:34.008 [pool-2-thread-19] DEBUG org.apache.http.wire -- http-outgoing-36 << "{"success":false,"statusCode":500,"message":"\nInvalid `this.prisma.user.update()` invocation in\nD:\\Documents\\Workspace\\react_native\\roamly_backend\\src\\modules\\auth\\auth.service.ts:119:28\n\n  116 const refreshToken = crypto.randomBytes(32).toString('hex');\n  117 \n  118 // Update user with new refresh token\n[0xe2][0x86][0x92] 119 await this.prisma.user.update(\nTransaction failed due to a write conflict or a deadlock. Please retry your transaction","path":"/auth/login","timestamp":"2025-06-24T09:19:34.006Z"}"
16:19:34.008 [pool-2-thread-19] DEBUG org.apache.http.headers -- http-outgoing-36 << HTTP/1.1 500 Internal Server Error
16:19:34.008 [pool-2-thread-19] DEBUG org.apache.http.headers -- http-outgoing-36 << X-Powered-By: Express
16:19:34.009 [pool-2-thread-19] DEBUG org.apache.http.headers -- http-outgoing-36 << Access-Control-Allow-Origin: *
16:19:34.009 [pool-2-thread-19] DEBUG org.apache.http.headers -- http-outgoing-36 << Content-Type: application/json; charset=utf-8
16:19:34.009 [pool-2-thread-19] DEBUG org.apache.http.headers -- http-outgoing-36 << Content-Length: 510
16:19:34.009 [pool-2-thread-19] DEBUG org.apache.http.headers -- http-outgoing-36 << ETag: W/"1fe-+v2YYIeZUs197zEICsTPomOpL14"
16:19:34.009 [pool-2-thread-19] DEBUG org.apache.http.headers -- http-outgoing-36 << Date: Tue, 24 Jun 2025 09:19:34 GMT
16:19:34.009 [pool-2-thread-19] DEBUG org.apache.http.headers -- http-outgoing-36 << Connection: keep-alive
16:19:34.009 [pool-2-thread-19] DEBUG org.apache.http.headers -- http-outgoing-36 << Keep-Alive: timeout=5
16:19:34.009 [pool-2-thread-19] DEBUG org.apache.http.impl.execchain.MainClientExec -- Connection can be kept alive for 5000 MILLISECONDS
16:19:34.009 [pool-2-thread-19] DEBUG org.apache.http.impl.conn.PoolingHttpClientConnectionManager -- Connection [id: 51][route: {}->http://localhost:3000] can be kept alive for 5.0 seconds
16:19:34.009 [pool-2-thread-19] DEBUG org.apache.http.impl.conn.DefaultManagedHttpClientConnection -- http-outgoing-36: set socket timeout to 0
16:19:34.009 [pool-2-thread-19] DEBUG org.apache.http.impl.conn.PoolingHttpClientConnectionManager -- Connection released: [id: 51][route: {}->http://localhost:3000][total available: 1; route allocated: 1 of 5; total allocated: 1 of 10]
16:19:34.009 [pool-2-thread-19] DEBUG org.apache.http.impl.conn.PoolingHttpClientConnectionManager -- Connection manager is shutting down
16:19:34.009 [pool-2-thread-19] DEBUG org.apache.http.impl.conn.DefaultManagedHttpClientConnection -- http-outgoing-36: Close connection
16:19:34.009 [pool-2-thread-19] DEBUG org.apache.http.impl.conn.PoolingHttpClientConnectionManager -- Connection manager shut down
16:19:34.009 [pool-2-thread-19] DEBUG com.intuit.karate -- response time in milliseconds: 14199
1 < 500
1 < X-Powered-By: Express
1 < Access-Control-Allow-Origin: *
1 < Content-Type: application/json; charset=utf-8
1 < Content-Length: 510
1 < ETag: W/"1fe-+v2YYIeZUs197zEICsTPomOpL14"
1 < Date: Tue, 24 Jun 2025 09:19:34 GMT
1 < Connection: keep-alive
1 < Keep-Alive: timeout=5
{"success":false,"statusCode":500,"message":"\nInvalid `this.prisma.user.update()` invocation in\nD:\\Documents\\Workspace\\react_native\\roamly_backend\\src\\modules\\auth\\auth.service.ts:119:28\n\n  116 const refreshToken = crypto.randomBytes(32).toString('hex');\n  117 \n  118 // Update user with new refresh token\n? 119 await this.prisma.user.update(\nTransaction failed due to a write conflict or a deadlock. Please retry your transaction","path":"/auth/login","timestamp":"2025-06-24T09:19:34.006Z"}

16:19:34.010 [pool-2-thread-19] ERROR com.intuit.karate -- classpath:features/performance/login-performance-concurrent.feature:13
Then status 200
status code was: 500, expected: 200, response time in milliseconds: 14199, url: http://localhost:3000/auth/login, response: 
{"success":false,"statusCode":500,"message":"\nInvalid `this.prisma.user.update()` invocation in\nD:\\Documents\\Workspace\\react_native\\roamly_backend\\src\\modules\\auth\\auth.service.ts:119:28\n\n  116 const refreshToken = crypto.randomBytes(32).toString('hex');\n  117 \n  118 // Update user with new refresh token\n? 119 await this.prisma.user.update(\nTransaction failed due to a write conflict or a deadlock. Please retry your transaction","path":"/auth/login","timestamp":"2025-06-24T09:19:34.006Z"}
classpath:features/performance/login-performance-concurrent.feature:13
16:19:34.029 [pool-2-thread-79] DEBUG org.apache.http.wire -- http-outgoing-51 << "HTTP/1.1 500 Internal Server Error[\r][\n]"
16:19:34.030 [pool-2-thread-79] DEBUG org.apache.http.wire -- http-outgoing-51 << "X-Powered-By: Express[\r][\n]"
16:19:34.030 [pool-2-thread-79] DEBUG org.apache.http.wire -- http-outgoing-51 << "Access-Control-Allow-Origin: *[\r][\n]"
16:19:34.030 [pool-2-thread-79] DEBUG org.apache.http.wire -- http-outgoing-51 << "Content-Type: application/json; charset=utf-8[\r][\n]"
16:19:34.030 [pool-2-thread-79] DEBUG org.apache.http.wire -- http-outgoing-51 << "Content-Length: 510[\r][\n]"
16:19:34.030 [pool-2-thread-79] DEBUG org.apache.http.wire -- http-outgoing-51 << "ETag: W/"1fe-475FoVRcq1aZU5IYhxC+EtijiPY"[\r][\n]"
16:19:34.030 [pool-2-thread-79] DEBUG org.apache.http.wire -- http-outgoing-51 << "Date: Tue, 24 Jun 2025 09:19:34 GMT[\r][\n]"
16:19:34.030 [pool-2-thread-79] DEBUG org.apache.http.wire -- http-outgoing-51 << "Connection: keep-alive[\r][\n]"
16:19:34.030 [pool-2-thread-79] DEBUG org.apache.http.wire -- http-outgoing-51 << "Keep-Alive: timeout=5[\r][\n]"
16:19:34.030 [pool-2-thread-79] DEBUG org.apache.http.wire -- http-outgoing-51 << "[\r][\n]"
16:19:34.030 [pool-2-thread-79] DEBUG org.apache.http.wire -- http-outgoing-51 << "{"success":false,"statusCode":500,"message":"\nInvalid `this.prisma.user.update()` invocation in\nD:\\Documents\\Workspace\\react_native\\roamly_backend\\src\\modules\\auth\\auth.service.ts:119:28\n\n  116 const refreshToken = crypto.randomBytes(32).toString('hex');\n  117 \n  118 // Update user with new refresh token\n[0xe2][0x86][0x92] 119 await this.prisma.user.update(\nTransaction failed due to a write conflict or a deadlock. Please retry your transaction","path":"/auth/login","timestamp":"2025-06-24T09:19:34.029Z"}"
16:19:34.030 [pool-2-thread-79] DEBUG org.apache.http.headers -- http-outgoing-51 << HTTP/1.1 500 Internal Server Error
16:19:34.030 [pool-2-thread-79] DEBUG org.apache.http.headers -- http-outgoing-51 << X-Powered-By: Express
16:19:34.030 [pool-2-thread-79] DEBUG org.apache.http.headers -- http-outgoing-51 << Access-Control-Allow-Origin: *
16:19:34.030 [pool-2-thread-79] DEBUG org.apache.http.headers -- http-outgoing-51 << Content-Type: application/json; charset=utf-8
16:19:34.030 [pool-2-thread-79] DEBUG org.apache.http.headers -- http-outgoing-51 << Content-Length: 510
16:19:34.030 [pool-2-thread-79] DEBUG org.apache.http.headers -- http-outgoing-51 << ETag: W/"1fe-475FoVRcq1aZU5IYhxC+EtijiPY"
16:19:34.030 [pool-2-thread-79] DEBUG org.apache.http.headers -- http-outgoing-51 << Date: Tue, 24 Jun 2025 09:19:34 GMT
16:19:34.030 [pool-2-thread-79] DEBUG org.apache.http.headers -- http-outgoing-51 << Connection: keep-alive
16:19:34.030 [pool-2-thread-79] DEBUG org.apache.http.headers -- http-outgoing-51 << Keep-Alive: timeout=5
16:19:34.030 [pool-2-thread-79] DEBUG org.apache.http.impl.execchain.MainClientExec -- Connection can be kept alive for 5000 MILLISECONDS
16:19:34.030 [pool-2-thread-79] DEBUG org.apache.http.impl.conn.PoolingHttpClientConnectionManager -- Connection [id: 20][route: {}->http://localhost:3000] can be kept alive for 5.0 seconds
16:19:34.030 [pool-2-thread-79] DEBUG org.apache.http.impl.conn.DefaultManagedHttpClientConnection -- http-outgoing-51: set socket timeout to 0
16:19:34.030 [pool-2-thread-79] DEBUG org.apache.http.impl.conn.PoolingHttpClientConnectionManager -- Connection released: [id: 20][route: {}->http://localhost:3000][total available: 1; route allocated: 1 of 5; total allocated: 1 of 10]
16:19:34.030 [pool-2-thread-79] DEBUG org.apache.http.impl.conn.PoolingHttpClientConnectionManager -- Connection manager is shutting down
16:19:34.030 [pool-2-thread-79] DEBUG org.apache.http.impl.conn.DefaultManagedHttpClientConnection -- http-outgoing-51: Close connection
16:19:34.031 [pool-2-thread-79] DEBUG org.apache.http.impl.conn.PoolingHttpClientConnectionManager -- Connection manager shut down
16:19:34.031 [pool-2-thread-11] DEBUG org.apache.http.wire -- http-outgoing-46 << "HTTP/1.1 500 Internal Server Error[\r][\n]"
16:19:34.031 [pool-2-thread-11] DEBUG org.apache.http.wire -- http-outgoing-46 << "X-Powered-By: Express[\r][\n]"
16:19:34.031 [pool-2-thread-11] DEBUG org.apache.http.wire -- http-outgoing-46 << "Access-Control-Allow-Origin: *[\r][\n]"
16:19:34.031 [pool-2-thread-11] DEBUG org.apache.http.wire -- http-outgoing-46 << "Content-Type: application/json; charset=utf-8[\r][\n]"
16:19:34.031 [pool-2-thread-11] DEBUG org.apache.http.wire -- http-outgoing-46 << "Content-Length: 510[\r][\n]"
16:19:34.031 [pool-2-thread-11] DEBUG org.apache.http.wire -- http-outgoing-46 << "ETag: W/"1fe-FAMtM+S3O6SFzHi+XLa00uCeWy8"[\r][\n]"
16:19:34.031 [pool-2-thread-11] DEBUG org.apache.http.wire -- http-outgoing-46 << "Date: Tue, 24 Jun 2025 09:19:34 GMT[\r][\n]"
16:19:34.031 [pool-2-thread-11] DEBUG org.apache.http.wire -- http-outgoing-46 << "Connection: keep-alive[\r][\n]"
16:19:34.031 [pool-2-thread-11] DEBUG org.apache.http.wire -- http-outgoing-46 << "Keep-Alive: timeout=5[\r][\n]"
16:19:34.031 [pool-2-thread-11] DEBUG org.apache.http.wire -- http-outgoing-46 << "[\r][\n]"
16:19:34.031 [pool-2-thread-79] DEBUG com.intuit.karate -- response time in milliseconds: 14220
1 < 500
1 < X-Powered-By: Express
1 < Access-Control-Allow-Origin: *
1 < Content-Type: application/json; charset=utf-8
1 < Content-Length: 510
1 < ETag: W/"1fe-475FoVRcq1aZU5IYhxC+EtijiPY"
1 < Date: Tue, 24 Jun 2025 09:19:34 GMT
1 < Connection: keep-alive
1 < Keep-Alive: timeout=5
{"success":false,"statusCode":500,"message":"\nInvalid `this.prisma.user.update()` invocation in\nD:\\Documents\\Workspace\\react_native\\roamly_backend\\src\\modules\\auth\\auth.service.ts:119:28\n\n  116 const refreshToken = crypto.randomBytes(32).toString('hex');\n  117 \n  118 // Update user with new refresh token\n? 119 await this.prisma.user.update(\nTransaction failed due to a write conflict or a deadlock. Please retry your transaction","path":"/auth/login","timestamp":"2025-06-24T09:19:34.029Z"}

16:19:34.031 [pool-2-thread-11] DEBUG org.apache.http.wire -- http-outgoing-46 << "{"success":false,"statusCode":500,"message":"\nInvalid `this.prisma.user.update()` invocation in\nD:\\Documents\\Workspace\\react_native\\roamly_backend\\src\\modules\\auth\\auth.service.ts:119:28\n\n  116 const refreshToken = crypto.randomBytes(32).toString('hex');\n  117 \n  118 // Update user with new refresh token\n[0xe2][0x86][0x92] 119 await this.prisma.user.update(\nTransaction failed due to a write conflict or a deadlock. Please retry your transaction","path":"/auth/login","timestamp":"2025-06-24T09:19:34.030Z"}"
16:19:34.031 [pool-2-thread-11] DEBUG org.apache.http.headers -- http-outgoing-46 << HTTP/1.1 500 Internal Server Error
16:19:34.031 [pool-2-thread-11] DEBUG org.apache.http.headers -- http-outgoing-46 << X-Powered-By: Express
16:19:34.031 [pool-2-thread-11] DEBUG org.apache.http.headers -- http-outgoing-46 << Access-Control-Allow-Origin: *
16:19:34.031 [pool-2-thread-11] DEBUG org.apache.http.headers -- http-outgoing-46 << Content-Type: application/json; charset=utf-8
16:19:34.031 [pool-2-thread-11] DEBUG org.apache.http.headers -- http-outgoing-46 << Content-Length: 510
16:19:34.031 [pool-2-thread-11] DEBUG org.apache.http.headers -- http-outgoing-46 << ETag: W/"1fe-FAMtM+S3O6SFzHi+XLa00uCeWy8"
16:19:34.031 [pool-2-thread-11] DEBUG org.apache.http.headers -- http-outgoing-46 << Date: Tue, 24 Jun 2025 09:19:34 GMT
16:19:34.031 [pool-2-thread-11] DEBUG org.apache.http.headers -- http-outgoing-46 << Connection: keep-alive
16:19:34.031 [pool-2-thread-11] DEBUG org.apache.http.headers -- http-outgoing-46 << Keep-Alive: timeout=5
16:19:34.031 [pool-2-thread-11] DEBUG org.apache.http.impl.execchain.MainClientExec -- Connection can be kept alive for 5000 MILLISECONDS
16:19:34.031 [pool-2-thread-11] DEBUG org.apache.http.impl.conn.PoolingHttpClientConnectionManager -- Connection [id: 85][route: {}->http://localhost:3000] can be kept alive for 5.0 seconds
16:19:34.031 [pool-2-thread-11] DEBUG org.apache.http.impl.conn.DefaultManagedHttpClientConnection -- http-outgoing-46: set socket timeout to 0
16:19:34.031 [pool-2-thread-11] DEBUG org.apache.http.impl.conn.PoolingHttpClientConnectionManager -- Connection released: [id: 85][route: {}->http://localhost:3000][total available: 1; route allocated: 1 of 5; total allocated: 1 of 10]
16:19:34.031 [pool-2-thread-11] DEBUG org.apache.http.impl.conn.PoolingHttpClientConnectionManager -- Connection manager is shutting down
16:19:34.032 [pool-2-thread-11] DEBUG org.apache.http.impl.conn.DefaultManagedHttpClientConnection -- http-outgoing-46: Close connection
16:19:34.032 [pool-2-thread-11] DEBUG org.apache.http.impl.conn.PoolingHttpClientConnectionManager -- Connection manager shut down
16:19:34.032 [pool-2-thread-11] DEBUG com.intuit.karate -- response time in milliseconds: 14222
1 < 500
1 < X-Powered-By: Express
1 < Access-Control-Allow-Origin: *
1 < Content-Type: application/json; charset=utf-8
1 < Content-Length: 510
1 < ETag: W/"1fe-FAMtM+S3O6SFzHi+XLa00uCeWy8"
1 < Date: Tue, 24 Jun 2025 09:19:34 GMT
1 < Connection: keep-alive
1 < Keep-Alive: timeout=5
{"success":false,"statusCode":500,"message":"\nInvalid `this.prisma.user.update()` invocation in\nD:\\Documents\\Workspace\\react_native\\roamly_backend\\src\\modules\\auth\\auth.service.ts:119:28\n\n  116 const refreshToken = crypto.randomBytes(32).toString('hex');\n  117 \n  118 // Update user with new refresh token\n? 119 await this.prisma.user.update(\nTransaction failed due to a write conflict or a deadlock. Please retry your transaction","path":"/auth/login","timestamp":"2025-06-24T09:19:34.030Z"}

16:19:34.032 [pool-2-thread-79] ERROR com.intuit.karate -- classpath:features/performance/login-performance-concurrent.feature:13
Then status 200
status code was: 500, expected: 200, response time in milliseconds: 14220, url: http://localhost:3000/auth/login, response: 
{"success":false,"statusCode":500,"message":"\nInvalid `this.prisma.user.update()` invocation in\nD:\\Documents\\Workspace\\react_native\\roamly_backend\\src\\modules\\auth\\auth.service.ts:119:28\n\n  116 const refreshToken = crypto.randomBytes(32).toString('hex');\n  117 \n  118 // Update user with new refresh token\n? 119 await this.prisma.user.update(\nTransaction failed due to a write conflict or a deadlock. Please retry your transaction","path":"/auth/login","timestamp":"2025-06-24T09:19:34.029Z"}
classpath:features/performance/login-performance-concurrent.feature:13
16:19:34.033 [pool-2-thread-11] ERROR com.intuit.karate -- classpath:features/performance/login-performance-concurrent.feature:13
Then status 200
status code was: 500, expected: 200, response time in milliseconds: 14222, url: http://localhost:3000/auth/login, response: 
{"success":false,"statusCode":500,"message":"\nInvalid `this.prisma.user.update()` invocation in\nD:\\Documents\\Workspace\\react_native\\roamly_backend\\src\\modules\\auth\\auth.service.ts:119:28\n\n  116 const refreshToken = crypto.randomBytes(32).toString('hex');\n  117 \n  118 // Update user with new refresh token\n? 119 await this.prisma.user.update(\nTransaction failed due to a write conflict or a deadlock. Please retry your transaction","path":"/auth/login","timestamp":"2025-06-24T09:19:34.030Z"}
classpath:features/performance/login-performance-concurrent.feature:13
16:19:34.034 [pool-2-thread-1] DEBUG org.apache.http.wire -- http-outgoing-85 << "HTTP/1.1 500 Internal Server Error[\r][\n]"
16:19:34.034 [pool-2-thread-1] DEBUG org.apache.http.wire -- http-outgoing-85 << "X-Powered-By: Express[\r][\n]"
16:19:34.034 [pool-2-thread-1] DEBUG org.apache.http.wire -- http-outgoing-85 << "Access-Control-Allow-Origin: *[\r][\n]"
16:19:34.034 [pool-2-thread-1] DEBUG org.apache.http.wire -- http-outgoing-85 << "Content-Type: application/json; charset=utf-8[\r][\n]"
16:19:34.034 [pool-2-thread-1] DEBUG org.apache.http.wire -- http-outgoing-85 << "Content-Length: 510[\r][\n]"
16:19:34.034 [pool-2-thread-1] DEBUG org.apache.http.wire -- http-outgoing-85 << "ETag: W/"1fe-9TI9NoA/sDIUk+ztUXQscaLMMUg"[\r][\n]"
16:19:34.034 [pool-2-thread-1] DEBUG org.apache.http.wire -- http-outgoing-85 << "Date: Tue, 24 Jun 2025 09:19:34 GMT[\r][\n]"
16:19:34.034 [pool-2-thread-1] DEBUG org.apache.http.wire -- http-outgoing-85 << "Connection: keep-alive[\r][\n]"
16:19:34.034 [pool-2-thread-1] DEBUG org.apache.http.wire -- http-outgoing-85 << "Keep-Alive: timeout=5[\r][\n]"
16:19:34.034 [pool-2-thread-1] DEBUG org.apache.http.wire -- http-outgoing-85 << "[\r][\n]"
16:19:34.034 [pool-2-thread-1] DEBUG org.apache.http.wire -- http-outgoing-85 << "{"success":false,"statusCode":500,"message":"\nInvalid `this.prisma.user.update()` invocation in\nD:\\Documents\\Workspace\\react_native\\roamly_backend\\src\\modules\\auth\\auth.service.ts:119:28\n\n  116 const refreshToken = crypto.randomBytes(32).toString('hex');\n  117 \n  118 // Update user with new refresh token\n[0xe2][0x86][0x92] 119 await this.prisma.user.update(\nTransaction failed due to a write conflict or a deadlock. Please retry your transaction","path":"/auth/login","timestamp":"2025-06-24T09:19:34.032Z"}"
16:19:34.034 [pool-2-thread-1] DEBUG org.apache.http.headers -- http-outgoing-85 << HTTP/1.1 500 Internal Server Error
16:19:34.034 [pool-2-thread-1] DEBUG org.apache.http.headers -- http-outgoing-85 << X-Powered-By: Express
16:19:34.034 [pool-2-thread-1] DEBUG org.apache.http.headers -- http-outgoing-85 << Access-Control-Allow-Origin: *
16:19:34.034 [pool-2-thread-1] DEBUG org.apache.http.headers -- http-outgoing-85 << Content-Type: application/json; charset=utf-8
16:19:34.034 [pool-2-thread-1] DEBUG org.apache.http.headers -- http-outgoing-85 << Content-Length: 510
16:19:34.034 [pool-2-thread-1] DEBUG org.apache.http.headers -- http-outgoing-85 << ETag: W/"1fe-9TI9NoA/sDIUk+ztUXQscaLMMUg"
16:19:34.034 [pool-2-thread-1] DEBUG org.apache.http.headers -- http-outgoing-85 << Date: Tue, 24 Jun 2025 09:19:34 GMT
16:19:34.034 [pool-2-thread-1] DEBUG org.apache.http.headers -- http-outgoing-85 << Connection: keep-alive
16:19:34.034 [pool-2-thread-1] DEBUG org.apache.http.headers -- http-outgoing-85 << Keep-Alive: timeout=5
16:19:34.034 [pool-2-thread-1] DEBUG org.apache.http.impl.execchain.MainClientExec -- Connection can be kept alive for 5000 MILLISECONDS
16:19:34.034 [pool-2-thread-1] DEBUG org.apache.http.impl.conn.PoolingHttpClientConnectionManager -- Connection [id: 76][route: {}->http://localhost:3000] can be kept alive for 5.0 seconds
16:19:34.034 [pool-2-thread-1] DEBUG org.apache.http.impl.conn.DefaultManagedHttpClientConnection -- http-outgoing-85: set socket timeout to 0
16:19:34.034 [pool-2-thread-1] DEBUG org.apache.http.impl.conn.PoolingHttpClientConnectionManager -- Connection released: [id: 76][route: {}->http://localhost:3000][total available: 1; route allocated: 1 of 5; total allocated: 1 of 10]
16:19:34.034 [pool-2-thread-1] DEBUG org.apache.http.impl.conn.PoolingHttpClientConnectionManager -- Connection manager is shutting down
16:19:34.034 [pool-2-thread-1] DEBUG org.apache.http.impl.conn.DefaultManagedHttpClientConnection -- http-outgoing-85: Close connection
16:19:34.034 [pool-2-thread-1] DEBUG org.apache.http.impl.conn.PoolingHttpClientConnectionManager -- Connection manager shut down
16:19:34.035 [pool-2-thread-80] DEBUG org.apache.http.wire -- http-outgoing-65 << "HTTP/1.1 500 Internal Server Error[\r][\n]"
16:19:34.035 [pool-2-thread-80] DEBUG org.apache.http.wire -- http-outgoing-65 << "X-Powered-By: Express[\r][\n]"
16:19:34.035 [pool-2-thread-80] DEBUG org.apache.http.wire -- http-outgoing-65 << "Access-Control-Allow-Origin: *[\r][\n]"
16:19:34.035 [pool-2-thread-80] DEBUG org.apache.http.wire -- http-outgoing-65 << "Content-Type: application/json; charset=utf-8[\r][\n]"
16:19:34.035 [pool-2-thread-80] DEBUG org.apache.http.wire -- http-outgoing-65 << "Content-Length: 510[\r][\n]"
16:19:34.035 [pool-2-thread-80] DEBUG org.apache.http.wire -- http-outgoing-65 << "ETag: W/"1fe-+hPdxidyCnZN5uaW/xqhpOUKoCI"[\r][\n]"
16:19:34.035 [pool-2-thread-80] DEBUG org.apache.http.wire -- http-outgoing-65 << "Date: Tue, 24 Jun 2025 09:19:34 GMT[\r][\n]"
16:19:34.035 [pool-2-thread-80] DEBUG org.apache.http.wire -- http-outgoing-65 << "Connection: keep-alive[\r][\n]"
16:19:34.035 [pool-2-thread-80] DEBUG org.apache.http.wire -- http-outgoing-65 << "Keep-Alive: timeout=5[\r][\n]"
16:19:34.035 [pool-2-thread-80] DEBUG org.apache.http.wire -- http-outgoing-65 << "[\r][\n]"
16:19:34.035 [pool-2-thread-80] DEBUG org.apache.http.wire -- http-outgoing-65 << "{"success":false,"statusCode":500,"message":"\nInvalid `this.prisma.user.update()` invocation in\nD:\\Documents\\Workspace\\react_native\\roamly_backend\\src\\modules\\auth\\auth.service.ts:119:28\n\n  116 const refreshToken = crypto.randomBytes(32).toString('hex');\n  117 \n  118 // Update user with new refresh token\n[0xe2][0x86][0x92] 119 await this.prisma.user.update(\nTransaction failed due to a write conflict or a deadlock. Please retry your transaction","path":"/auth/login","timestamp":"2025-06-24T09:19:34.034Z"}"
16:19:34.035 [pool-2-thread-80] DEBUG org.apache.http.headers -- http-outgoing-65 << HTTP/1.1 500 Internal Server Error
16:19:34.035 [pool-2-thread-80] DEBUG org.apache.http.headers -- http-outgoing-65 << X-Powered-By: Express
16:19:34.035 [pool-2-thread-80] DEBUG org.apache.http.headers -- http-outgoing-65 << Access-Control-Allow-Origin: *
16:19:34.035 [pool-2-thread-80] DEBUG org.apache.http.headers -- http-outgoing-65 << Content-Type: application/json; charset=utf-8
16:19:34.035 [pool-2-thread-80] DEBUG org.apache.http.headers -- http-outgoing-65 << Content-Length: 510
16:19:34.035 [pool-2-thread-80] DEBUG org.apache.http.headers -- http-outgoing-65 << ETag: W/"1fe-+hPdxidyCnZN5uaW/xqhpOUKoCI"
16:19:34.035 [pool-2-thread-80] DEBUG org.apache.http.headers -- http-outgoing-65 << Date: Tue, 24 Jun 2025 09:19:34 GMT
16:19:34.035 [pool-2-thread-80] DEBUG org.apache.http.headers -- http-outgoing-65 << Connection: keep-alive
16:19:34.035 [pool-2-thread-80] DEBUG org.apache.http.headers -- http-outgoing-65 << Keep-Alive: timeout=5
16:19:34.035 [pool-2-thread-1] DEBUG com.intuit.karate -- response time in milliseconds: 14219
1 < 500
1 < X-Powered-By: Express
1 < Access-Control-Allow-Origin: *
1 < Content-Type: application/json; charset=utf-8
1 < Content-Length: 510
1 < ETag: W/"1fe-9TI9NoA/sDIUk+ztUXQscaLMMUg"
1 < Date: Tue, 24 Jun 2025 09:19:34 GMT
1 < Connection: keep-alive
1 < Keep-Alive: timeout=5
{"success":false,"statusCode":500,"message":"\nInvalid `this.prisma.user.update()` invocation in\nD:\\Documents\\Workspace\\react_native\\roamly_backend\\src\\modules\\auth\\auth.service.ts:119:28\n\n  116 const refreshToken = crypto.randomBytes(32).toString('hex');\n  117 \n  118 // Update user with new refresh token\n? 119 await this.prisma.user.update(\nTransaction failed due to a write conflict or a deadlock. Please retry your transaction","path":"/auth/login","timestamp":"2025-06-24T09:19:34.032Z"}

16:19:34.035 [pool-2-thread-80] DEBUG org.apache.http.impl.execchain.MainClientExec -- Connection can be kept alive for 5000 MILLISECONDS
16:19:34.035 [pool-2-thread-80] DEBUG org.apache.http.impl.conn.PoolingHttpClientConnectionManager -- Connection [id: 9][route: {}->http://localhost:3000] can be kept alive for 5.0 seconds
16:19:34.035 [pool-2-thread-80] DEBUG org.apache.http.impl.conn.DefaultManagedHttpClientConnection -- http-outgoing-65: set socket timeout to 0
16:19:34.035 [pool-2-thread-80] DEBUG org.apache.http.impl.conn.PoolingHttpClientConnectionManager -- Connection released: [id: 9][route: {}->http://localhost:3000][total available: 1; route allocated: 1 of 5; total allocated: 1 of 10]
16:19:34.035 [pool-2-thread-80] DEBUG org.apache.http.impl.conn.PoolingHttpClientConnectionManager -- Connection manager is shutting down
16:19:34.035 [pool-2-thread-80] DEBUG org.apache.http.impl.conn.DefaultManagedHttpClientConnection -- http-outgoing-65: Close connection
16:19:34.036 [pool-2-thread-80] DEBUG org.apache.http.impl.conn.PoolingHttpClientConnectionManager -- Connection manager shut down
16:19:34.036 [pool-2-thread-80] DEBUG com.intuit.karate -- response time in milliseconds: 14226
1 < 500
1 < X-Powered-By: Express
1 < Access-Control-Allow-Origin: *
1 < Content-Type: application/json; charset=utf-8
1 < Content-Length: 510
1 < ETag: W/"1fe-+hPdxidyCnZN5uaW/xqhpOUKoCI"
1 < Date: Tue, 24 Jun 2025 09:19:34 GMT
1 < Connection: keep-alive
1 < Keep-Alive: timeout=5
{"success":false,"statusCode":500,"message":"\nInvalid `this.prisma.user.update()` invocation in\nD:\\Documents\\Workspace\\react_native\\roamly_backend\\src\\modules\\auth\\auth.service.ts:119:28\n\n  116 const refreshToken = crypto.randomBytes(32).toString('hex');\n  117 \n  118 // Update user with new refresh token\n? 119 await this.prisma.user.update(\nTransaction failed due to a write conflict or a deadlock. Please retry your transaction","path":"/auth/login","timestamp":"2025-06-24T09:19:34.034Z"}

16:19:34.037 [pool-2-thread-1] ERROR com.intuit.karate -- classpath:features/performance/login-performance-concurrent.feature:13
Then status 200
status code was: 500, expected: 200, response time in milliseconds: 14219, url: http://localhost:3000/auth/login, response: 
{"success":false,"statusCode":500,"message":"\nInvalid `this.prisma.user.update()` invocation in\nD:\\Documents\\Workspace\\react_native\\roamly_backend\\src\\modules\\auth\\auth.service.ts:119:28\n\n  116 const refreshToken = crypto.randomBytes(32).toString('hex');\n  117 \n  118 // Update user with new refresh token\n? 119 await this.prisma.user.update(\nTransaction failed due to a write conflict or a deadlock. Please retry your transaction","path":"/auth/login","timestamp":"2025-06-24T09:19:34.032Z"}
classpath:features/performance/login-performance-concurrent.feature:13
16:19:34.037 [pool-2-thread-80] ERROR com.intuit.karate -- classpath:features/performance/login-performance-concurrent.feature:13
Then status 200
status code was: 500, expected: 200, response time in milliseconds: 14226, url: http://localhost:3000/auth/login, response: 
{"success":false,"statusCode":500,"message":"\nInvalid `this.prisma.user.update()` invocation in\nD:\\Documents\\Workspace\\react_native\\roamly_backend\\src\\modules\\auth\\auth.service.ts:119:28\n\n  116 const refreshToken = crypto.randomBytes(32).toString('hex');\n  117 \n  118 // Update user with new refresh token\n? 119 await this.prisma.user.update(\nTransaction failed due to a write conflict or a deadlock. Please retry your transaction","path":"/auth/login","timestamp":"2025-06-24T09:19:34.034Z"}
classpath:features/performance/login-performance-concurrent.feature:13
16:19:34.039 [pool-2-thread-61] DEBUG org.apache.http.wire -- http-outgoing-29 << "HTTP/1.1 500 Internal Server Error[\r][\n]"
16:19:34.039 [pool-2-thread-61] DEBUG org.apache.http.wire -- http-outgoing-29 << "X-Powered-By: Express[\r][\n]"
16:19:34.039 [pool-2-thread-61] DEBUG org.apache.http.wire -- http-outgoing-29 << "Access-Control-Allow-Origin: *[\r][\n]"
16:19:34.039 [pool-2-thread-61] DEBUG org.apache.http.wire -- http-outgoing-29 << "Content-Type: application/json; charset=utf-8[\r][\n]"
16:19:34.039 [pool-2-thread-61] DEBUG org.apache.http.wire -- http-outgoing-29 << "Content-Length: 510[\r][\n]"
16:19:34.039 [pool-2-thread-61] DEBUG org.apache.http.wire -- http-outgoing-29 << "ETag: W/"1fe-5mMibyTflgS1Qdu0JkP4WagYZVk"[\r][\n]"
16:19:34.039 [pool-2-thread-61] DEBUG org.apache.http.wire -- http-outgoing-29 << "Date: Tue, 24 Jun 2025 09:19:34 GMT[\r][\n]"
16:19:34.039 [pool-2-thread-61] DEBUG org.apache.http.wire -- http-outgoing-29 << "Connection: keep-alive[\r][\n]"
16:19:34.039 [pool-2-thread-61] DEBUG org.apache.http.wire -- http-outgoing-29 << "Keep-Alive: timeout=5[\r][\n]"
16:19:34.039 [pool-2-thread-61] DEBUG org.apache.http.wire -- http-outgoing-29 << "[\r][\n]"
16:19:34.039 [pool-2-thread-61] DEBUG org.apache.http.wire -- http-outgoing-29 << "{"success":false,"statusCode":500,"message":"\nInvalid `this.prisma.user.update()` invocation in\nD:\\Documents\\Workspace\\react_native\\roamly_backend\\src\\modules\\auth\\auth.service.ts:119:28\n\n  116 const refreshToken = crypto.randomBytes(32).toString('hex');\n  117 \n  118 // Update user with new refresh token\n[0xe2][0x86][0x92] 119 await this.prisma.user.update(\nTransaction failed due to a write conflict or a deadlock. Please retry your transaction","path":"/auth/login","timestamp":"2025-06-24T09:19:34.038Z"}"
16:19:34.039 [pool-2-thread-61] DEBUG org.apache.http.headers -- http-outgoing-29 << HTTP/1.1 500 Internal Server Error
16:19:34.039 [pool-2-thread-61] DEBUG org.apache.http.headers -- http-outgoing-29 << X-Powered-By: Express
16:19:34.039 [pool-2-thread-61] DEBUG org.apache.http.headers -- http-outgoing-29 << Access-Control-Allow-Origin: *
16:19:34.039 [pool-2-thread-61] DEBUG org.apache.http.headers -- http-outgoing-29 << Content-Type: application/json; charset=utf-8
16:19:34.039 [pool-2-thread-61] DEBUG org.apache.http.headers -- http-outgoing-29 << Content-Length: 510
16:19:34.039 [pool-2-thread-61] DEBUG org.apache.http.headers -- http-outgoing-29 << ETag: W/"1fe-5mMibyTflgS1Qdu0JkP4WagYZVk"
16:19:34.039 [pool-2-thread-61] DEBUG org.apache.http.headers -- http-outgoing-29 << Date: Tue, 24 Jun 2025 09:19:34 GMT
16:19:34.039 [pool-2-thread-61] DEBUG org.apache.http.headers -- http-outgoing-29 << Connection: keep-alive
16:19:34.039 [pool-2-thread-61] DEBUG org.apache.http.headers -- http-outgoing-29 << Keep-Alive: timeout=5
16:19:34.039 [pool-2-thread-61] DEBUG org.apache.http.impl.execchain.MainClientExec -- Connection can be kept alive for 5000 MILLISECONDS
16:19:34.039 [pool-2-thread-26] DEBUG org.apache.http.wire -- http-outgoing-21 << "HTTP/1.1 200 OK[\r][\n]"
16:19:34.039 [pool-2-thread-26] DEBUG org.apache.http.wire -- http-outgoing-21 << "X-Powered-By: Express[\r][\n]"
16:19:34.039 [pool-2-thread-26] DEBUG org.apache.http.wire -- http-outgoing-21 << "Access-Control-Allow-Origin: *[\r][\n]"
16:19:34.039 [pool-2-thread-26] DEBUG org.apache.http.wire -- http-outgoing-21 << "Content-Type: application/json; charset=utf-8[\r][\n]"
16:19:34.039 [pool-2-thread-26] DEBUG org.apache.http.wire -- http-outgoing-21 << "Content-Length: 607[\r][\n]"
16:19:34.039 [pool-2-thread-26] DEBUG org.apache.http.wire -- http-outgoing-21 << "ETag: W/"25f-M1ETLVl36qRpnMDNbqCHizqt1x4"[\r][\n]"
16:19:34.039 [pool-2-thread-26] DEBUG org.apache.http.wire -- http-outgoing-21 << "Date: Tue, 24 Jun 2025 09:19:34 GMT[\r][\n]"
16:19:34.039 [pool-2-thread-26] DEBUG org.apache.http.wire -- http-outgoing-21 << "Connection: keep-alive[\r][\n]"
16:19:34.039 [pool-2-thread-26] DEBUG org.apache.http.wire -- http-outgoing-21 << "Keep-Alive: timeout=5[\r][\n]"
16:19:34.039 [pool-2-thread-26] DEBUG org.apache.http.wire -- http-outgoing-21 << "[\r][\n]"
16:19:34.039 [pool-2-thread-26] DEBUG org.apache.http.wire -- http-outgoing-21 << "{"access_token":"eyJhbGciOiJIUzI1NiIsInR5cCI6IkpXVCJ9.eyJzdWIiOiI5YTI2OTc2Yy0xNTMyLTRkZjMtYTE2ZS03NjMxNTI1Yzg1MDIiLCJ1c2VybmFtZSI6ImpvaG5kb2UyZDUiLCJyb2xlIjowLCJpYXQiOjE3NTA3NTY3NzMsImV4cCI6MTc1MDc2MDM3M30.vHRl-lCslq44CD-D87tIe-LUC_Uar4BYSD8SF08DYHQ","refresh_token":"5df9cd7ae69c545483b237cb1996682cf99d46872779b6f43f95ca435369c572","user":{"id":"9a26976c-1532-4df3-a16e-7631525c8502","email":"testit4@gmail.com","username":"johndoe2d5","name":"John Doe","phoneNumber":"0123456212","profilePic":null,"bio":null,"private":false,"verified":false,"role":0,"followersCount":0,"followingCount":0,"postCount":0}}"
16:19:34.039 [pool-2-thread-61] DEBUG org.apache.http.impl.conn.PoolingHttpClientConnectionManager -- Connection [id: 81][route: {}->http://localhost:3000] can be kept alive for 5.0 seconds
16:19:34.039 [pool-2-thread-61] DEBUG org.apache.http.impl.conn.DefaultManagedHttpClientConnection -- http-outgoing-29: set socket timeout to 0
16:19:34.039 [pool-2-thread-26] DEBUG org.apache.http.headers -- http-outgoing-21 << HTTP/1.1 200 OK
16:19:34.039 [pool-2-thread-26] DEBUG org.apache.http.headers -- http-outgoing-21 << X-Powered-By: Express
16:19:34.039 [pool-2-thread-26] DEBUG org.apache.http.headers -- http-outgoing-21 << Access-Control-Allow-Origin: *
16:19:34.039 [pool-2-thread-26] DEBUG org.apache.http.headers -- http-outgoing-21 << Content-Type: application/json; charset=utf-8
16:19:34.039 [pool-2-thread-26] DEBUG org.apache.http.headers -- http-outgoing-21 << Content-Length: 607
16:19:34.039 [pool-2-thread-26] DEBUG org.apache.http.headers -- http-outgoing-21 << ETag: W/"25f-M1ETLVl36qRpnMDNbqCHizqt1x4"
16:19:34.039 [pool-2-thread-61] DEBUG org.apache.http.impl.conn.PoolingHttpClientConnectionManager -- Connection released: [id: 81][route: {}->http://localhost:3000][total available: 1; route allocated: 1 of 5; total allocated: 1 of 10]
16:19:34.039 [pool-2-thread-61] DEBUG org.apache.http.impl.conn.PoolingHttpClientConnectionManager -- Connection manager is shutting down
16:19:34.039 [pool-2-thread-26] DEBUG org.apache.http.headers -- http-outgoing-21 << Date: Tue, 24 Jun 2025 09:19:34 GMT
16:19:34.039 [pool-2-thread-26] DEBUG org.apache.http.headers -- http-outgoing-21 << Connection: keep-alive
16:19:34.039 [pool-2-thread-61] DEBUG org.apache.http.impl.conn.DefaultManagedHttpClientConnection -- http-outgoing-29: Close connection
16:19:34.039 [pool-2-thread-26] DEBUG org.apache.http.headers -- http-outgoing-21 << Keep-Alive: timeout=5
16:19:34.039 [pool-2-thread-61] DEBUG org.apache.http.impl.conn.PoolingHttpClientConnectionManager -- Connection manager shut down
16:19:34.039 [pool-2-thread-26] DEBUG org.apache.http.impl.execchain.MainClientExec -- Connection can be kept alive for 5000 MILLISECONDS
16:19:34.039 [pool-2-thread-26] DEBUG org.apache.http.impl.conn.PoolingHttpClientConnectionManager -- Connection [id: 36][route: {}->http://localhost:3000] can be kept alive for 5.0 seconds
16:19:34.039 [pool-2-thread-26] DEBUG org.apache.http.impl.conn.DefaultManagedHttpClientConnection -- http-outgoing-21: set socket timeout to 0
16:19:34.039 [pool-2-thread-26] DEBUG org.apache.http.impl.conn.PoolingHttpClientConnectionManager -- Connection released: [id: 36][route: {}->http://localhost:3000][total available: 1; route allocated: 1 of 5; total allocated: 1 of 10]
16:19:34.039 [pool-2-thread-26] DEBUG org.apache.http.impl.conn.PoolingHttpClientConnectionManager -- Connection manager is shutting down
16:19:34.039 [pool-2-thread-61] DEBUG com.intuit.karate -- response time in milliseconds: 14220
1 < 500
1 < X-Powered-By: Express
1 < Access-Control-Allow-Origin: *
1 < Content-Type: application/json; charset=utf-8
1 < Content-Length: 510
1 < ETag: W/"1fe-5mMibyTflgS1Qdu0JkP4WagYZVk"
1 < Date: Tue, 24 Jun 2025 09:19:34 GMT
1 < Connection: keep-alive
1 < Keep-Alive: timeout=5
{"success":false,"statusCode":500,"message":"\nInvalid `this.prisma.user.update()` invocation in\nD:\\Documents\\Workspace\\react_native\\roamly_backend\\src\\modules\\auth\\auth.service.ts:119:28\n\n  116 const refreshToken = crypto.randomBytes(32).toString('hex');\n  117 \n  118 // Update user with new refresh token\n? 119 await this.prisma.user.update(\nTransaction failed due to a write conflict or a deadlock. Please retry your transaction","path":"/auth/login","timestamp":"2025-06-24T09:19:34.038Z"}

16:19:34.040 [pool-2-thread-26] DEBUG org.apache.http.impl.conn.DefaultManagedHttpClientConnection -- http-outgoing-21: Close connection
16:19:34.040 [pool-2-thread-26] DEBUG org.apache.http.impl.conn.PoolingHttpClientConnectionManager -- Connection manager shut down
16:19:34.040 [pool-2-thread-26] DEBUG com.intuit.karate -- response time in milliseconds: 14222
1 < 200
1 < X-Powered-By: Express
1 < Access-Control-Allow-Origin: *
1 < Content-Type: application/json; charset=utf-8
1 < Content-Length: 607
1 < ETag: W/"25f-M1ETLVl36qRpnMDNbqCHizqt1x4"
1 < Date: Tue, 24 Jun 2025 09:19:34 GMT
1 < Connection: keep-alive
1 < Keep-Alive: timeout=5
{"access_token":"eyJhbGciOiJIUzI1NiIsInR5cCI6IkpXVCJ9.eyJzdWIiOiI5YTI2OTc2Yy0xNTMyLTRkZjMtYTE2ZS03NjMxNTI1Yzg1MDIiLCJ1c2VybmFtZSI6ImpvaG5kb2UyZDUiLCJyb2xlIjowLCJpYXQiOjE3NTA3NTY3NzMsImV4cCI6MTc1MDc2MDM3M30.vHRl-lCslq44CD-D87tIe-LUC_Uar4BYSD8SF08DYHQ","refresh_token":"5df9cd7ae69c545483b237cb1996682cf99d46872779b6f43f95ca435369c572","user":{"id":"9a26976c-1532-4df3-a16e-7631525c8502","email":"testit4@gmail.com","username":"johndoe2d5","name":"John Doe","phoneNumber":"0123456212","profilePic":null,"bio":null,"private":false,"verified":false,"role":0,"followersCount":0,"followingCount":0,"postCount":0}}

16:19:34.040 [pool-2-thread-61] ERROR com.intuit.karate -- classpath:features/performance/login-performance-concurrent.feature:13
Then status 200
status code was: 500, expected: 200, response time in milliseconds: 14220, url: http://localhost:3000/auth/login, response: 
{"success":false,"statusCode":500,"message":"\nInvalid `this.prisma.user.update()` invocation in\nD:\\Documents\\Workspace\\react_native\\roamly_backend\\src\\modules\\auth\\auth.service.ts:119:28\n\n  116 const refreshToken = crypto.randomBytes(32).toString('hex');\n  117 \n  118 // Update user with new refresh token\n? 119 await this.prisma.user.update(\nTransaction failed due to a write conflict or a deadlock. Please retry your transaction","path":"/auth/login","timestamp":"2025-06-24T09:19:34.038Z"}
classpath:features/performance/login-performance-concurrent.feature:13
16:19:34.040 [pool-2-thread-38] DEBUG org.apache.http.wire -- http-outgoing-98 << "HTTP/1.1 500 Internal Server Error[\r][\n]"
16:19:34.040 [pool-2-thread-38] DEBUG org.apache.http.wire -- http-outgoing-98 << "X-Powered-By: Express[\r][\n]"
16:19:34.040 [pool-2-thread-38] DEBUG org.apache.http.wire -- http-outgoing-98 << "Access-Control-Allow-Origin: *[\r][\n]"
16:19:34.040 [pool-2-thread-38] DEBUG org.apache.http.wire -- http-outgoing-98 << "Content-Type: application/json; charset=utf-8[\r][\n]"
16:19:34.040 [pool-2-thread-38] DEBUG org.apache.http.wire -- http-outgoing-98 << "Content-Length: 510[\r][\n]"
16:19:34.040 [pool-2-thread-38] DEBUG org.apache.http.wire -- http-outgoing-98 << "ETag: W/"1fe-WefqjO6HYDsxZ7bpHOgDElDLh5A"[\r][\n]"
16:19:34.042 [pool-2-thread-38] DEBUG org.apache.http.wire -- http-outgoing-98 << "Date: Tue, 24 Jun 2025 09:19:34 GMT[\r][\n]"
16:19:34.042 [pool-2-thread-38] DEBUG org.apache.http.wire -- http-outgoing-98 << "Connection: keep-alive[\r][\n]"
16:19:34.042 [pool-2-thread-38] DEBUG org.apache.http.wire -- http-outgoing-98 << "Keep-Alive: timeout=5[\r][\n]"
16:19:34.042 [pool-2-thread-38] DEBUG org.apache.http.wire -- http-outgoing-98 << "[\r][\n]"
16:19:34.042 [pool-2-thread-38] DEBUG org.apache.http.wire -- http-outgoing-98 << "{"success":false,"statusCode":500,"message":"\nInvalid `this.prisma.user.update()` invocation in\nD:\\Documents\\Workspace\\react_native\\roamly_backend\\src\\modules\\auth\\auth.service.ts:119:28\n\n  116 const refreshToken = crypto.randomBytes(32).toString('hex');\n  117 \n  118 // Update user with new refresh token\n[0xe2][0x86][0x92] 119 await this.prisma.user.update(\nTransaction failed due to a write conflict or a deadlock. Please retry your transaction","path":"/auth/login","timestamp":"2025-06-24T09:19:34.040Z"}"
16:19:34.042 [pool-2-thread-38] DEBUG org.apache.http.headers -- http-outgoing-98 << HTTP/1.1 500 Internal Server Error
16:19:34.042 [pool-2-thread-38] DEBUG org.apache.http.headers -- http-outgoing-98 << X-Powered-By: Express
16:19:34.042 [pool-2-thread-38] DEBUG org.apache.http.headers -- http-outgoing-98 << Access-Control-Allow-Origin: *
16:19:34.042 [pool-2-thread-38] DEBUG org.apache.http.headers -- http-outgoing-98 << Content-Type: application/json; charset=utf-8
16:19:34.042 [pool-2-thread-38] DEBUG org.apache.http.headers -- http-outgoing-98 << Content-Length: 510
16:19:34.042 [pool-2-thread-38] DEBUG org.apache.http.headers -- http-outgoing-98 << ETag: W/"1fe-WefqjO6HYDsxZ7bpHOgDElDLh5A"
16:19:34.042 [pool-2-thread-38] DEBUG org.apache.http.headers -- http-outgoing-98 << Date: Tue, 24 Jun 2025 09:19:34 GMT
16:19:34.042 [pool-2-thread-38] DEBUG org.apache.http.headers -- http-outgoing-98 << Connection: keep-alive
16:19:34.042 [pool-2-thread-38] DEBUG org.apache.http.headers -- http-outgoing-98 << Keep-Alive: timeout=5
16:19:34.042 [pool-2-thread-38] DEBUG org.apache.http.impl.execchain.MainClientExec -- Connection can be kept alive for 5000 MILLISECONDS
16:19:34.042 [pool-2-thread-38] DEBUG org.apache.http.impl.conn.PoolingHttpClientConnectionManager -- Connection [id: 98][route: {}->http://localhost:3000] can be kept alive for 5.0 seconds
16:19:34.042 [pool-2-thread-38] DEBUG org.apache.http.impl.conn.DefaultManagedHttpClientConnection -- http-outgoing-98: set socket timeout to 0
16:19:34.042 [pool-2-thread-38] DEBUG org.apache.http.impl.conn.PoolingHttpClientConnectionManager -- Connection released: [id: 98][route: {}->http://localhost:3000][total available: 1; route allocated: 1 of 5; total allocated: 1 of 10]
16:19:34.042 [pool-2-thread-38] DEBUG org.apache.http.impl.conn.PoolingHttpClientConnectionManager -- Connection manager is shutting down
16:19:34.042 [pool-2-thread-38] DEBUG org.apache.http.impl.conn.DefaultManagedHttpClientConnection -- http-outgoing-98: Close connection
16:19:34.042 [pool-2-thread-38] DEBUG org.apache.http.impl.conn.PoolingHttpClientConnectionManager -- Connection manager shut down
16:19:34.042 [pool-2-thread-38] DEBUG com.intuit.karate -- response time in milliseconds: 14222
1 < 500
1 < X-Powered-By: Express
1 < Access-Control-Allow-Origin: *
1 < Content-Type: application/json; charset=utf-8
1 < Content-Length: 510
1 < ETag: W/"1fe-WefqjO6HYDsxZ7bpHOgDElDLh5A"
1 < Date: Tue, 24 Jun 2025 09:19:34 GMT
1 < Connection: keep-alive
1 < Keep-Alive: timeout=5
{"success":false,"statusCode":500,"message":"\nInvalid `this.prisma.user.update()` invocation in\nD:\\Documents\\Workspace\\react_native\\roamly_backend\\src\\modules\\auth\\auth.service.ts:119:28\n\n  116 const refreshToken = crypto.randomBytes(32).toString('hex');\n  117 \n  118 // Update user with new refresh token\n? 119 await this.prisma.user.update(\nTransaction failed due to a write conflict or a deadlock. Please retry your transaction","path":"/auth/login","timestamp":"2025-06-24T09:19:34.040Z"}

16:19:34.042 [pool-2-thread-26] INFO com.intuit.karate -- [print] Concurrent call completed, status: 200 
16:19:34.042 [pool-2-thread-38] ERROR com.intuit.karate -- classpath:features/performance/login-performance-concurrent.feature:13
Then status 200
status code was: 500, expected: 200, response time in milliseconds: 14222, url: http://localhost:3000/auth/login, response: 
{"success":false,"statusCode":500,"message":"\nInvalid `this.prisma.user.update()` invocation in\nD:\\Documents\\Workspace\\react_native\\roamly_backend\\src\\modules\\auth\\auth.service.ts:119:28\n\n  116 const refreshToken = crypto.randomBytes(32).toString('hex');\n  117 \n  118 // Update user with new refresh token\n? 119 await this.prisma.user.update(\nTransaction failed due to a write conflict or a deadlock. Please retry your transaction","path":"/auth/login","timestamp":"2025-06-24T09:19:34.040Z"}
classpath:features/performance/login-performance-concurrent.feature:13
16:19:34.043 [pool-2-thread-87] DEBUG org.apache.http.wire -- http-outgoing-15 << "HTTP/1.1 500 Internal Server Error[\r][\n]"
16:19:34.043 [pool-2-thread-87] DEBUG org.apache.http.wire -- http-outgoing-15 << "X-Powered-By: Express[\r][\n]"
16:19:34.043 [pool-2-thread-87] DEBUG org.apache.http.wire -- http-outgoing-15 << "Access-Control-Allow-Origin: *[\r][\n]"
16:19:34.043 [pool-2-thread-87] DEBUG org.apache.http.wire -- http-outgoing-15 << "Content-Type: application/json; charset=utf-8[\r][\n]"
16:19:34.043 [pool-2-thread-87] DEBUG org.apache.http.wire -- http-outgoing-15 << "Content-Length: 510[\r][\n]"
16:19:34.043 [pool-2-thread-87] DEBUG org.apache.http.wire -- http-outgoing-15 << "ETag: W/"1fe-vgHxORbSa+FVqEnTFSWtYCqBKN8"[\r][\n]"
16:19:34.043 [pool-2-thread-87] DEBUG org.apache.http.wire -- http-outgoing-15 << "Date: Tue, 24 Jun 2025 09:19:34 GMT[\r][\n]"
16:19:34.043 [pool-2-thread-87] DEBUG org.apache.http.wire -- http-outgoing-15 << "Connection: keep-alive[\r][\n]"
16:19:34.043 [pool-2-thread-87] DEBUG org.apache.http.wire -- http-outgoing-15 << "Keep-Alive: timeout=5[\r][\n]"
16:19:34.043 [pool-2-thread-87] DEBUG org.apache.http.wire -- http-outgoing-15 << "[\r][\n]"
16:19:34.043 [pool-2-thread-87] DEBUG org.apache.http.wire -- http-outgoing-15 << "{"success":false,"statusCode":500,"message":"\nInvalid `this.prisma.user.update()` invocation in\nD:\\Documents\\Workspace\\react_native\\roamly_backend\\src\\modules\\auth\\auth.service.ts:119:28\n\n  116 const refreshToken = crypto.randomBytes(32).toString('hex');\n  117 \n  118 // Update user with new refresh token\n[0xe2][0x86][0x92] 119 await this.prisma.user.update(\nTransaction failed due to a write conflict or a deadlock. Please retry your transaction","path":"/auth/login","timestamp":"2025-06-24T09:19:34.042Z"}"
16:19:34.043 [pool-2-thread-87] DEBUG org.apache.http.headers -- http-outgoing-15 << HTTP/1.1 500 Internal Server Error
16:19:34.043 [pool-2-thread-87] DEBUG org.apache.http.headers -- http-outgoing-15 << X-Powered-By: Express
16:19:34.043 [pool-2-thread-87] DEBUG org.apache.http.headers -- http-outgoing-15 << Access-Control-Allow-Origin: *
16:19:34.043 [pool-2-thread-87] DEBUG org.apache.http.headers -- http-outgoing-15 << Content-Type: application/json; charset=utf-8
16:19:34.043 [pool-2-thread-87] DEBUG org.apache.http.headers -- http-outgoing-15 << Content-Length: 510
16:19:34.043 [pool-2-thread-87] DEBUG org.apache.http.headers -- http-outgoing-15 << ETag: W/"1fe-vgHxORbSa+FVqEnTFSWtYCqBKN8"
16:19:34.043 [pool-2-thread-87] DEBUG org.apache.http.headers -- http-outgoing-15 << Date: Tue, 24 Jun 2025 09:19:34 GMT
16:19:34.043 [pool-2-thread-87] DEBUG org.apache.http.headers -- http-outgoing-15 << Connection: keep-alive
16:19:34.043 [pool-2-thread-87] DEBUG org.apache.http.headers -- http-outgoing-15 << Keep-Alive: timeout=5
16:19:34.043 [pool-2-thread-87] DEBUG org.apache.http.impl.execchain.MainClientExec -- Connection can be kept alive for 5000 MILLISECONDS
16:19:34.043 [pool-2-thread-87] DEBUG org.apache.http.impl.conn.PoolingHttpClientConnectionManager -- Connection [id: 29][route: {}->http://localhost:3000] can be kept alive for 5.0 seconds
16:19:34.044 [pool-2-thread-87] DEBUG org.apache.http.impl.conn.DefaultManagedHttpClientConnection -- http-outgoing-15: set socket timeout to 0
16:19:34.044 [pool-2-thread-87] DEBUG org.apache.http.impl.conn.PoolingHttpClientConnectionManager -- Connection released: [id: 29][route: {}->http://localhost:3000][total available: 1; route allocated: 1 of 5; total allocated: 1 of 10]
16:19:34.044 [pool-2-thread-87] DEBUG org.apache.http.impl.conn.PoolingHttpClientConnectionManager -- Connection manager is shutting down
16:19:34.044 [pool-2-thread-87] DEBUG org.apache.http.impl.conn.DefaultManagedHttpClientConnection -- http-outgoing-15: Close connection
16:19:34.044 [pool-2-thread-87] DEBUG org.apache.http.impl.conn.PoolingHttpClientConnectionManager -- Connection manager shut down
16:19:34.044 [pool-2-thread-87] DEBUG com.intuit.karate -- response time in milliseconds: 14228
1 < 500
1 < X-Powered-By: Express
1 < Access-Control-Allow-Origin: *
1 < Content-Type: application/json; charset=utf-8
1 < Content-Length: 510
1 < ETag: W/"1fe-vgHxORbSa+FVqEnTFSWtYCqBKN8"
1 < Date: Tue, 24 Jun 2025 09:19:34 GMT
1 < Connection: keep-alive
1 < Keep-Alive: timeout=5
{"success":false,"statusCode":500,"message":"\nInvalid `this.prisma.user.update()` invocation in\nD:\\Documents\\Workspace\\react_native\\roamly_backend\\src\\modules\\auth\\auth.service.ts:119:28\n\n  116 const refreshToken = crypto.randomBytes(32).toString('hex');\n  117 \n  118 // Update user with new refresh token\n? 119 await this.prisma.user.update(\nTransaction failed due to a write conflict or a deadlock. Please retry your transaction","path":"/auth/login","timestamp":"2025-06-24T09:19:34.042Z"}

16:19:34.045 [pool-2-thread-87] ERROR com.intuit.karate -- classpath:features/performance/login-performance-concurrent.feature:13
Then status 200
status code was: 500, expected: 200, response time in milliseconds: 14228, url: http://localhost:3000/auth/login, response: 
{"success":false,"statusCode":500,"message":"\nInvalid `this.prisma.user.update()` invocation in\nD:\\Documents\\Workspace\\react_native\\roamly_backend\\src\\modules\\auth\\auth.service.ts:119:28\n\n  116 const refreshToken = crypto.randomBytes(32).toString('hex');\n  117 \n  118 // Update user with new refresh token\n? 119 await this.prisma.user.update(\nTransaction failed due to a write conflict or a deadlock. Please retry your transaction","path":"/auth/login","timestamp":"2025-06-24T09:19:34.042Z"}
classpath:features/performance/login-performance-concurrent.feature:13
16:19:34.063 [pool-2-thread-6] DEBUG org.apache.http.wire -- http-outgoing-49 << "HTTP/1.1 500 Internal Server Error[\r][\n]"
16:19:34.063 [pool-2-thread-6] DEBUG org.apache.http.wire -- http-outgoing-49 << "X-Powered-By: Express[\r][\n]"
16:19:34.063 [pool-2-thread-6] DEBUG org.apache.http.wire -- http-outgoing-49 << "Access-Control-Allow-Origin: *[\r][\n]"
16:19:34.063 [pool-2-thread-6] DEBUG org.apache.http.wire -- http-outgoing-49 << "Content-Type: application/json; charset=utf-8[\r][\n]"
16:19:34.063 [pool-2-thread-6] DEBUG org.apache.http.wire -- http-outgoing-49 << "Content-Length: 510[\r][\n]"
16:19:34.063 [pool-2-thread-6] DEBUG org.apache.http.wire -- http-outgoing-49 << "ETag: W/"1fe-VDLmhJQ0HVKEye5u/cMWjU7QtUo"[\r][\n]"
16:19:34.063 [pool-2-thread-6] DEBUG org.apache.http.wire -- http-outgoing-49 << "Date: Tue, 24 Jun 2025 09:19:34 GMT[\r][\n]"
16:19:34.063 [pool-2-thread-6] DEBUG org.apache.http.wire -- http-outgoing-49 << "Connection: keep-alive[\r][\n]"
16:19:34.063 [pool-2-thread-6] DEBUG org.apache.http.wire -- http-outgoing-49 << "Keep-Alive: timeout=5[\r][\n]"
16:19:34.063 [pool-2-thread-6] DEBUG org.apache.http.wire -- http-outgoing-49 << "[\r][\n]"
16:19:34.063 [pool-2-thread-6] DEBUG org.apache.http.wire -- http-outgoing-49 << "{"success":false,"statusCode":500,"message":"\nInvalid `this.prisma.user.update()` invocation in\nD:\\Documents\\Workspace\\react_native\\roamly_backend\\src\\modules\\auth\\auth.service.ts:119:28\n\n  116 const refreshToken = crypto.randomBytes(32).toString('hex');\n  117 \n  118 // Update user with new refresh token\n[0xe2][0x86][0x92] 119 await this.prisma.user.update(\nTransaction failed due to a write conflict or a deadlock. Please retry your transaction","path":"/auth/login","timestamp":"2025-06-24T09:19:34.062Z"}"
16:19:34.063 [pool-2-thread-6] DEBUG org.apache.http.headers -- http-outgoing-49 << HTTP/1.1 500 Internal Server Error
16:19:34.063 [pool-2-thread-6] DEBUG org.apache.http.headers -- http-outgoing-49 << X-Powered-By: Express
16:19:34.063 [pool-2-thread-6] DEBUG org.apache.http.headers -- http-outgoing-49 << Access-Control-Allow-Origin: *
16:19:34.063 [pool-2-thread-6] DEBUG org.apache.http.headers -- http-outgoing-49 << Content-Type: application/json; charset=utf-8
16:19:34.063 [pool-2-thread-6] DEBUG org.apache.http.headers -- http-outgoing-49 << Content-Length: 510
16:19:34.063 [pool-2-thread-6] DEBUG org.apache.http.headers -- http-outgoing-49 << ETag: W/"1fe-VDLmhJQ0HVKEye5u/cMWjU7QtUo"
16:19:34.063 [pool-2-thread-6] DEBUG org.apache.http.headers -- http-outgoing-49 << Date: Tue, 24 Jun 2025 09:19:34 GMT
16:19:34.063 [pool-2-thread-6] DEBUG org.apache.http.headers -- http-outgoing-49 << Connection: keep-alive
16:19:34.063 [pool-2-thread-6] DEBUG org.apache.http.headers -- http-outgoing-49 << Keep-Alive: timeout=5
16:19:34.063 [pool-2-thread-6] DEBUG org.apache.http.impl.execchain.MainClientExec -- Connection can be kept alive for 5000 MILLISECONDS
16:19:34.063 [pool-2-thread-6] DEBUG org.apache.http.impl.conn.PoolingHttpClientConnectionManager -- Connection [id: 83][route: {}->http://localhost:3000] can be kept alive for 5.0 seconds
16:19:34.063 [pool-2-thread-6] DEBUG org.apache.http.impl.conn.DefaultManagedHttpClientConnection -- http-outgoing-49: set socket timeout to 0
16:19:34.063 [pool-2-thread-6] DEBUG org.apache.http.impl.conn.PoolingHttpClientConnectionManager -- Connection released: [id: 83][route: {}->http://localhost:3000][total available: 1; route allocated: 1 of 5; total allocated: 1 of 10]
16:19:34.063 [pool-2-thread-6] DEBUG org.apache.http.impl.conn.PoolingHttpClientConnectionManager -- Connection manager is shutting down
16:19:34.063 [pool-2-thread-6] DEBUG org.apache.http.impl.conn.DefaultManagedHttpClientConnection -- http-outgoing-49: Close connection
16:19:34.063 [pool-2-thread-6] DEBUG org.apache.http.impl.conn.PoolingHttpClientConnectionManager -- Connection manager shut down
16:19:34.064 [pool-2-thread-6] DEBUG com.intuit.karate -- response time in milliseconds: 14253
1 < 500
1 < X-Powered-By: Express
1 < Access-Control-Allow-Origin: *
1 < Content-Type: application/json; charset=utf-8
1 < Content-Length: 510
1 < ETag: W/"1fe-VDLmhJQ0HVKEye5u/cMWjU7QtUo"
1 < Date: Tue, 24 Jun 2025 09:19:34 GMT
1 < Connection: keep-alive
1 < Keep-Alive: timeout=5
{"success":false,"statusCode":500,"message":"\nInvalid `this.prisma.user.update()` invocation in\nD:\\Documents\\Workspace\\react_native\\roamly_backend\\src\\modules\\auth\\auth.service.ts:119:28\n\n  116 const refreshToken = crypto.randomBytes(32).toString('hex');\n  117 \n  118 // Update user with new refresh token\n? 119 await this.prisma.user.update(\nTransaction failed due to a write conflict or a deadlock. Please retry your transaction","path":"/auth/login","timestamp":"2025-06-24T09:19:34.062Z"}

16:19:34.064 [pool-2-thread-66] DEBUG org.apache.http.wire -- http-outgoing-99 << "HTTP/1.1 500 Internal Server Error[\r][\n]"
16:19:34.064 [pool-2-thread-66] DEBUG org.apache.http.wire -- http-outgoing-99 << "X-Powered-By: Express[\r][\n]"
16:19:34.064 [pool-2-thread-66] DEBUG org.apache.http.wire -- http-outgoing-99 << "Access-Control-Allow-Origin: *[\r][\n]"
16:19:34.064 [pool-2-thread-66] DEBUG org.apache.http.wire -- http-outgoing-99 << "Content-Type: application/json; charset=utf-8[\r][\n]"
16:19:34.064 [pool-2-thread-66] DEBUG org.apache.http.wire -- http-outgoing-99 << "Content-Length: 510[\r][\n]"
16:19:34.064 [pool-2-thread-66] DEBUG org.apache.http.wire -- http-outgoing-99 << "ETag: W/"1fe-Ts3z5RSdWryFQYmE/5EXkkPogp0"[\r][\n]"
16:19:34.064 [pool-2-thread-66] DEBUG org.apache.http.wire -- http-outgoing-99 << "Date: Tue, 24 Jun 2025 09:19:34 GMT[\r][\n]"
16:19:34.064 [pool-2-thread-66] DEBUG org.apache.http.wire -- http-outgoing-99 << "Connection: keep-alive[\r][\n]"
16:19:34.064 [pool-2-thread-66] DEBUG org.apache.http.wire -- http-outgoing-99 << "Keep-Alive: timeout=5[\r][\n]"
16:19:34.064 [pool-2-thread-66] DEBUG org.apache.http.wire -- http-outgoing-99 << "[\r][\n]"
16:19:34.064 [pool-2-thread-66] DEBUG org.apache.http.wire -- http-outgoing-99 << "{"success":false,"statusCode":500,"message":"\nInvalid `this.prisma.user.update()` invocation in\nD:\\Documents\\Workspace\\react_native\\roamly_backend\\src\\modules\\auth\\auth.service.ts:119:28\n\n  116 const refreshToken = crypto.randomBytes(32).toString('hex');\n  117 \n  118 // Update user with new refresh token\n[0xe2][0x86][0x92] 119 await this.prisma.user.update(\nTransaction failed due to a write conflict or a deadlock. Please retry your transaction","path":"/auth/login","timestamp":"2025-06-24T09:19:34.064Z"}"
16:19:34.064 [pool-2-thread-66] DEBUG org.apache.http.headers -- http-outgoing-99 << HTTP/1.1 500 Internal Server Error
16:19:34.064 [pool-2-thread-66] DEBUG org.apache.http.headers -- http-outgoing-99 << X-Powered-By: Express
16:19:34.064 [pool-2-thread-66] DEBUG org.apache.http.headers -- http-outgoing-99 << Access-Control-Allow-Origin: *
16:19:34.064 [pool-2-thread-66] DEBUG org.apache.http.headers -- http-outgoing-99 << Content-Type: application/json; charset=utf-8
16:19:34.064 [pool-2-thread-66] DEBUG org.apache.http.headers -- http-outgoing-99 << Content-Length: 510
16:19:34.064 [pool-2-thread-66] DEBUG org.apache.http.headers -- http-outgoing-99 << ETag: W/"1fe-Ts3z5RSdWryFQYmE/5EXkkPogp0"
16:19:34.064 [pool-2-thread-66] DEBUG org.apache.http.headers -- http-outgoing-99 << Date: Tue, 24 Jun 2025 09:19:34 GMT
16:19:34.064 [pool-2-thread-66] DEBUG org.apache.http.headers -- http-outgoing-99 << Connection: keep-alive
16:19:34.064 [pool-2-thread-66] DEBUG org.apache.http.headers -- http-outgoing-99 << Keep-Alive: timeout=5
16:19:34.065 [pool-2-thread-66] DEBUG org.apache.http.impl.execchain.MainClientExec -- Connection can be kept alive for 5000 MILLISECONDS
16:19:34.065 [pool-2-thread-6] ERROR com.intuit.karate -- classpath:features/performance/login-performance-concurrent.feature:13
Then status 200
status code was: 500, expected: 200, response time in milliseconds: 14253, url: http://localhost:3000/auth/login, response: 
{"success":false,"statusCode":500,"message":"\nInvalid `this.prisma.user.update()` invocation in\nD:\\Documents\\Workspace\\react_native\\roamly_backend\\src\\modules\\auth\\auth.service.ts:119:28\n\n  116 const refreshToken = crypto.randomBytes(32).toString('hex');\n  117 \n  118 // Update user with new refresh token\n? 119 await this.prisma.user.update(\nTransaction failed due to a write conflict or a deadlock. Please retry your transaction","path":"/auth/login","timestamp":"2025-06-24T09:19:34.062Z"}
classpath:features/performance/login-performance-concurrent.feature:13
16:19:34.065 [pool-2-thread-66] DEBUG org.apache.http.impl.conn.PoolingHttpClientConnectionManager -- Connection [id: 99][route: {}->http://localhost:3000] can be kept alive for 5.0 seconds
16:19:34.065 [pool-2-thread-66] DEBUG org.apache.http.impl.conn.DefaultManagedHttpClientConnection -- http-outgoing-99: set socket timeout to 0
16:19:34.065 [pool-2-thread-66] DEBUG org.apache.http.impl.conn.PoolingHttpClientConnectionManager -- Connection released: [id: 99][route: {}->http://localhost:3000][total available: 1; route allocated: 1 of 5; total allocated: 1 of 10]
16:19:34.065 [pool-2-thread-66] DEBUG org.apache.http.impl.conn.PoolingHttpClientConnectionManager -- Connection manager is shutting down
16:19:34.065 [pool-2-thread-66] DEBUG org.apache.http.impl.conn.DefaultManagedHttpClientConnection -- http-outgoing-99: Close connection
16:19:34.065 [pool-2-thread-66] DEBUG org.apache.http.impl.conn.PoolingHttpClientConnectionManager -- Connection manager shut down
16:19:34.065 [pool-2-thread-66] DEBUG com.intuit.karate -- response time in milliseconds: 14242
1 < 500
1 < X-Powered-By: Express
1 < Access-Control-Allow-Origin: *
1 < Content-Type: application/json; charset=utf-8
1 < Content-Length: 510
1 < ETag: W/"1fe-Ts3z5RSdWryFQYmE/5EXkkPogp0"
1 < Date: Tue, 24 Jun 2025 09:19:34 GMT
1 < Connection: keep-alive
1 < Keep-Alive: timeout=5
{"success":false,"statusCode":500,"message":"\nInvalid `this.prisma.user.update()` invocation in\nD:\\Documents\\Workspace\\react_native\\roamly_backend\\src\\modules\\auth\\auth.service.ts:119:28\n\n  116 const refreshToken = crypto.randomBytes(32).toString('hex');\n  117 \n  118 // Update user with new refresh token\n? 119 await this.prisma.user.update(\nTransaction failed due to a write conflict or a deadlock. Please retry your transaction","path":"/auth/login","timestamp":"2025-06-24T09:19:34.064Z"}

16:19:34.065 [pool-2-thread-84] DEBUG org.apache.http.wire -- http-outgoing-72 << "HTTP/1.1 500 Internal Server Error[\r][\n]"
16:19:34.065 [pool-2-thread-84] DEBUG org.apache.http.wire -- http-outgoing-72 << "X-Powered-By: Express[\r][\n]"
16:19:34.065 [pool-2-thread-84] DEBUG org.apache.http.wire -- http-outgoing-72 << "Access-Control-Allow-Origin: *[\r][\n]"
16:19:34.065 [pool-2-thread-84] DEBUG org.apache.http.wire -- http-outgoing-72 << "Content-Type: application/json; charset=utf-8[\r][\n]"
16:19:34.065 [pool-2-thread-84] DEBUG org.apache.http.wire -- http-outgoing-72 << "Content-Length: 510[\r][\n]"
16:19:34.065 [pool-2-thread-84] DEBUG org.apache.http.wire -- http-outgoing-72 << "ETag: W/"1fe-4wrI/jCEBTju3RVuNpU7SxQevfw"[\r][\n]"
16:19:34.065 [pool-2-thread-84] DEBUG org.apache.http.wire -- http-outgoing-72 << "Date: Tue, 24 Jun 2025 09:19:34 GMT[\r][\n]"
16:19:34.065 [pool-2-thread-84] DEBUG org.apache.http.wire -- http-outgoing-72 << "Connection: keep-alive[\r][\n]"
16:19:34.065 [pool-2-thread-84] DEBUG org.apache.http.wire -- http-outgoing-72 << "Keep-Alive: timeout=5[\r][\n]"
16:19:34.065 [pool-2-thread-84] DEBUG org.apache.http.wire -- http-outgoing-72 << "[\r][\n]"
16:19:34.067 [pool-2-thread-84] DEBUG org.apache.http.wire -- http-outgoing-72 << "{"success":false,"statusCode":500,"message":"\nInvalid `this.prisma.user.update()` invocation in\nD:\\Documents\\Workspace\\react_native\\roamly_backend\\src\\modules\\auth\\auth.service.ts:119:28\n\n  116 const refreshToken = crypto.randomBytes(32).toString('hex');\n  117 \n  118 // Update user with new refresh token\n[0xe2][0x86][0x92] 119 await this.prisma.user.update(\nTransaction failed due to a write conflict or a deadlock. Please retry your transaction","path":"/auth/login","timestamp":"2025-06-24T09:19:34.065Z"}"
16:19:34.067 [pool-2-thread-84] DEBUG org.apache.http.headers -- http-outgoing-72 << HTTP/1.1 500 Internal Server Error
16:19:34.067 [pool-2-thread-84] DEBUG org.apache.http.headers -- http-outgoing-72 << X-Powered-By: Express
16:19:34.067 [pool-2-thread-84] DEBUG org.apache.http.headers -- http-outgoing-72 << Access-Control-Allow-Origin: *
16:19:34.067 [pool-2-thread-84] DEBUG org.apache.http.headers -- http-outgoing-72 << Content-Type: application/json; charset=utf-8
16:19:34.067 [pool-2-thread-84] DEBUG org.apache.http.headers -- http-outgoing-72 << Content-Length: 510
16:19:34.067 [pool-2-thread-84] DEBUG org.apache.http.headers -- http-outgoing-72 << ETag: W/"1fe-4wrI/jCEBTju3RVuNpU7SxQevfw"
16:19:34.067 [pool-2-thread-84] DEBUG org.apache.http.headers -- http-outgoing-72 << Date: Tue, 24 Jun 2025 09:19:34 GMT
16:19:34.067 [pool-2-thread-84] DEBUG org.apache.http.headers -- http-outgoing-72 << Connection: keep-alive
16:19:34.067 [pool-2-thread-84] DEBUG org.apache.http.headers -- http-outgoing-72 << Keep-Alive: timeout=5
16:19:34.067 [pool-2-thread-84] DEBUG org.apache.http.impl.execchain.MainClientExec -- Connection can be kept alive for 5000 MILLISECONDS
16:19:34.067 [pool-2-thread-84] DEBUG org.apache.http.impl.conn.PoolingHttpClientConnectionManager -- Connection [id: 16][route: {}->http://localhost:3000] can be kept alive for 5.0 seconds
16:19:34.067 [pool-2-thread-84] DEBUG org.apache.http.impl.conn.DefaultManagedHttpClientConnection -- http-outgoing-72: set socket timeout to 0
16:19:34.067 [pool-2-thread-84] DEBUG org.apache.http.impl.conn.PoolingHttpClientConnectionManager -- Connection released: [id: 16][route: {}->http://localhost:3000][total available: 1; route allocated: 1 of 5; total allocated: 1 of 10]
16:19:34.067 [pool-2-thread-84] DEBUG org.apache.http.impl.conn.PoolingHttpClientConnectionManager -- Connection manager is shutting down
16:19:34.067 [pool-2-thread-84] DEBUG org.apache.http.impl.conn.DefaultManagedHttpClientConnection -- http-outgoing-72: Close connection
16:19:34.067 [pool-2-thread-66] ERROR com.intuit.karate -- classpath:features/performance/login-performance-concurrent.feature:13
Then status 200
status code was: 500, expected: 200, response time in milliseconds: 14242, url: http://localhost:3000/auth/login, response: 
{"success":false,"statusCode":500,"message":"\nInvalid `this.prisma.user.update()` invocation in\nD:\\Documents\\Workspace\\react_native\\roamly_backend\\src\\modules\\auth\\auth.service.ts:119:28\n\n  116 const refreshToken = crypto.randomBytes(32).toString('hex');\n  117 \n  118 // Update user with new refresh token\n? 119 await this.prisma.user.update(\nTransaction failed due to a write conflict or a deadlock. Please retry your transaction","path":"/auth/login","timestamp":"2025-06-24T09:19:34.064Z"}
classpath:features/performance/login-performance-concurrent.feature:13
16:19:34.067 [pool-2-thread-84] DEBUG org.apache.http.impl.conn.PoolingHttpClientConnectionManager -- Connection manager shut down
16:19:34.067 [pool-2-thread-84] DEBUG com.intuit.karate -- response time in milliseconds: 14258
1 < 500
1 < X-Powered-By: Express
1 < Access-Control-Allow-Origin: *
1 < Content-Type: application/json; charset=utf-8
1 < Content-Length: 510
1 < ETag: W/"1fe-4wrI/jCEBTju3RVuNpU7SxQevfw"
1 < Date: Tue, 24 Jun 2025 09:19:34 GMT
1 < Connection: keep-alive
1 < Keep-Alive: timeout=5
{"success":false,"statusCode":500,"message":"\nInvalid `this.prisma.user.update()` invocation in\nD:\\Documents\\Workspace\\react_native\\roamly_backend\\src\\modules\\auth\\auth.service.ts:119:28\n\n  116 const refreshToken = crypto.randomBytes(32).toString('hex');\n  117 \n  118 // Update user with new refresh token\n? 119 await this.prisma.user.update(\nTransaction failed due to a write conflict or a deadlock. Please retry your transaction","path":"/auth/login","timestamp":"2025-06-24T09:19:34.065Z"}

16:19:34.068 [pool-2-thread-84] ERROR com.intuit.karate -- classpath:features/performance/login-performance-concurrent.feature:13
Then status 200
status code was: 500, expected: 200, response time in milliseconds: 14258, url: http://localhost:3000/auth/login, response: 
{"success":false,"statusCode":500,"message":"\nInvalid `this.prisma.user.update()` invocation in\nD:\\Documents\\Workspace\\react_native\\roamly_backend\\src\\modules\\auth\\auth.service.ts:119:28\n\n  116 const refreshToken = crypto.randomBytes(32).toString('hex');\n  117 \n  118 // Update user with new refresh token\n? 119 await this.prisma.user.update(\nTransaction failed due to a write conflict or a deadlock. Please retry your transaction","path":"/auth/login","timestamp":"2025-06-24T09:19:34.065Z"}
classpath:features/performance/login-performance-concurrent.feature:13
16:19:34.069 [pool-2-thread-77] DEBUG org.apache.http.wire -- http-outgoing-71 << "HTTP/1.1 500 Internal Server Error[\r][\n]"
16:19:34.069 [pool-2-thread-77] DEBUG org.apache.http.wire -- http-outgoing-71 << "X-Powered-By: Express[\r][\n]"
16:19:34.069 [pool-2-thread-77] DEBUG org.apache.http.wire -- http-outgoing-71 << "Access-Control-Allow-Origin: *[\r][\n]"
16:19:34.069 [pool-2-thread-77] DEBUG org.apache.http.wire -- http-outgoing-71 << "Content-Type: application/json; charset=utf-8[\r][\n]"
16:19:34.069 [pool-2-thread-77] DEBUG org.apache.http.wire -- http-outgoing-71 << "Content-Length: 510[\r][\n]"
16:19:34.069 [pool-2-thread-77] DEBUG org.apache.http.wire -- http-outgoing-71 << "ETag: W/"1fe-DTTfQBh/CmPbbj+Xmr9mtLZHtfw"[\r][\n]"
16:19:34.069 [pool-2-thread-77] DEBUG org.apache.http.wire -- http-outgoing-71 << "Date: Tue, 24 Jun 2025 09:19:34 GMT[\r][\n]"
16:19:34.069 [pool-2-thread-77] DEBUG org.apache.http.wire -- http-outgoing-71 << "Connection: keep-alive[\r][\n]"
16:19:34.069 [pool-2-thread-77] DEBUG org.apache.http.wire -- http-outgoing-71 << "Keep-Alive: timeout=5[\r][\n]"
16:19:34.069 [pool-2-thread-77] DEBUG org.apache.http.wire -- http-outgoing-71 << "[\r][\n]"
16:19:34.069 [pool-2-thread-77] DEBUG org.apache.http.wire -- http-outgoing-71 << "{"success":false,"statusCode":500,"message":"\nInvalid `this.prisma.user.update()` invocation in\nD:\\Documents\\Workspace\\react_native\\roamly_backend\\src\\modules\\auth\\auth.service.ts:119:28\n\n  116 const refreshToken = crypto.randomBytes(32).toString('hex');\n  117 \n  118 // Update user with new refresh token\n[0xe2][0x86][0x92] 119 await this.prisma.user.update(\nTransaction failed due to a write conflict or a deadlock. Please retry your transaction","path":"/auth/login","timestamp":"2025-06-24T09:19:34.069Z"}"
16:19:34.069 [pool-2-thread-77] DEBUG org.apache.http.headers -- http-outgoing-71 << HTTP/1.1 500 Internal Server Error
16:19:34.069 [pool-2-thread-77] DEBUG org.apache.http.headers -- http-outgoing-71 << X-Powered-By: Express
16:19:34.069 [pool-2-thread-77] DEBUG org.apache.http.headers -- http-outgoing-71 << Access-Control-Allow-Origin: *
16:19:34.069 [pool-2-thread-77] DEBUG org.apache.http.headers -- http-outgoing-71 << Content-Type: application/json; charset=utf-8
16:19:34.069 [pool-2-thread-77] DEBUG org.apache.http.headers -- http-outgoing-71 << Content-Length: 510
16:19:34.069 [pool-2-thread-77] DEBUG org.apache.http.headers -- http-outgoing-71 << ETag: W/"1fe-DTTfQBh/CmPbbj+Xmr9mtLZHtfw"
16:19:34.069 [pool-2-thread-77] DEBUG org.apache.http.headers -- http-outgoing-71 << Date: Tue, 24 Jun 2025 09:19:34 GMT
16:19:34.069 [pool-2-thread-77] DEBUG org.apache.http.headers -- http-outgoing-71 << Connection: keep-alive
16:19:34.069 [pool-2-thread-77] DEBUG org.apache.http.headers -- http-outgoing-71 << Keep-Alive: timeout=5
16:19:34.069 [pool-2-thread-77] DEBUG org.apache.http.impl.execchain.MainClientExec -- Connection can be kept alive for 5000 MILLISECONDS
16:19:34.069 [pool-2-thread-77] DEBUG org.apache.http.impl.conn.PoolingHttpClientConnectionManager -- Connection [id: 32][route: {}->http://localhost:3000] can be kept alive for 5.0 seconds
16:19:34.069 [pool-2-thread-77] DEBUG org.apache.http.impl.conn.DefaultManagedHttpClientConnection -- http-outgoing-71: set socket timeout to 0
16:19:34.069 [pool-2-thread-77] DEBUG org.apache.http.impl.conn.PoolingHttpClientConnectionManager -- Connection released: [id: 32][route: {}->http://localhost:3000][total available: 1; route allocated: 1 of 5; total allocated: 1 of 10]
16:19:34.069 [pool-2-thread-77] DEBUG org.apache.http.impl.conn.PoolingHttpClientConnectionManager -- Connection manager is shutting down
16:19:34.069 [pool-2-thread-77] DEBUG org.apache.http.impl.conn.DefaultManagedHttpClientConnection -- http-outgoing-71: Close connection
16:19:34.070 [pool-2-thread-77] DEBUG org.apache.http.impl.conn.PoolingHttpClientConnectionManager -- Connection manager shut down
16:19:34.070 [pool-2-thread-77] DEBUG com.intuit.karate -- response time in milliseconds: 14259
1 < 500
1 < X-Powered-By: Express
1 < Access-Control-Allow-Origin: *
1 < Content-Type: application/json; charset=utf-8
1 < Content-Length: 510
1 < ETag: W/"1fe-DTTfQBh/CmPbbj+Xmr9mtLZHtfw"
1 < Date: Tue, 24 Jun 2025 09:19:34 GMT
1 < Connection: keep-alive
1 < Keep-Alive: timeout=5
{"success":false,"statusCode":500,"message":"\nInvalid `this.prisma.user.update()` invocation in\nD:\\Documents\\Workspace\\react_native\\roamly_backend\\src\\modules\\auth\\auth.service.ts:119:28\n\n  116 const refreshToken = crypto.randomBytes(32).toString('hex');\n  117 \n  118 // Update user with new refresh token\n? 119 await this.prisma.user.update(\nTransaction failed due to a write conflict or a deadlock. Please retry your transaction","path":"/auth/login","timestamp":"2025-06-24T09:19:34.069Z"}

16:19:34.070 [pool-2-thread-77] ERROR com.intuit.karate -- classpath:features/performance/login-performance-concurrent.feature:13
Then status 200
status code was: 500, expected: 200, response time in milliseconds: 14259, url: http://localhost:3000/auth/login, response: 
{"success":false,"statusCode":500,"message":"\nInvalid `this.prisma.user.update()` invocation in\nD:\\Documents\\Workspace\\react_native\\roamly_backend\\src\\modules\\auth\\auth.service.ts:119:28\n\n  116 const refreshToken = crypto.randomBytes(32).toString('hex');\n  117 \n  118 // Update user with new refresh token\n? 119 await this.prisma.user.update(\nTransaction failed due to a write conflict or a deadlock. Please retry your transaction","path":"/auth/login","timestamp":"2025-06-24T09:19:34.069Z"}
classpath:features/performance/login-performance-concurrent.feature:13
16:19:34.071 [pool-2-thread-8] DEBUG org.apache.http.wire -- http-outgoing-2 << "HTTP/1.1 500 Internal Server Error[\r][\n]"
16:19:34.071 [pool-2-thread-8] DEBUG org.apache.http.wire -- http-outgoing-2 << "X-Powered-By: Express[\r][\n]"
16:19:34.071 [pool-2-thread-8] DEBUG org.apache.http.wire -- http-outgoing-2 << "Access-Control-Allow-Origin: *[\r][\n]"
16:19:34.071 [pool-2-thread-8] DEBUG org.apache.http.wire -- http-outgoing-2 << "Content-Type: application/json; charset=utf-8[\r][\n]"
16:19:34.071 [pool-2-thread-8] DEBUG org.apache.http.wire -- http-outgoing-2 << "Content-Length: 510[\r][\n]"
16:19:34.071 [pool-2-thread-8] DEBUG org.apache.http.wire -- http-outgoing-2 << "ETag: W/"1fe-OWxwokcB9P/onHE8rpMXe7hjEtg"[\r][\n]"
16:19:34.071 [pool-2-thread-8] DEBUG org.apache.http.wire -- http-outgoing-2 << "Date: Tue, 24 Jun 2025 09:19:34 GMT[\r][\n]"
16:19:34.071 [pool-2-thread-8] DEBUG org.apache.http.wire -- http-outgoing-2 << "Connection: keep-alive[\r][\n]"
16:19:34.071 [pool-2-thread-8] DEBUG org.apache.http.wire -- http-outgoing-2 << "Keep-Alive: timeout=5[\r][\n]"
16:19:34.071 [pool-2-thread-8] DEBUG org.apache.http.wire -- http-outgoing-2 << "[\r][\n]"
16:19:34.071 [pool-2-thread-8] DEBUG org.apache.http.wire -- http-outgoing-2 << "{"success":false,"statusCode":500,"message":"\nInvalid `this.prisma.user.update()` invocation in\nD:\\Documents\\Workspace\\react_native\\roamly_backend\\src\\modules\\auth\\auth.service.ts:119:28\n\n  116 const refreshToken = crypto.randomBytes(32).toString('hex');\n  117 \n  118 // Update user with new refresh token\n[0xe2][0x86][0x92] 119 await this.prisma.user.update(\nTransaction failed due to a write conflict or a deadlock. Please retry your transaction","path":"/auth/login","timestamp":"2025-06-24T09:19:34.070Z"}"
16:19:34.071 [pool-2-thread-8] DEBUG org.apache.http.headers -- http-outgoing-2 << HTTP/1.1 500 Internal Server Error
16:19:34.071 [pool-2-thread-8] DEBUG org.apache.http.headers -- http-outgoing-2 << X-Powered-By: Express
16:19:34.071 [pool-2-thread-8] DEBUG org.apache.http.headers -- http-outgoing-2 << Access-Control-Allow-Origin: *
16:19:34.071 [pool-2-thread-8] DEBUG org.apache.http.headers -- http-outgoing-2 << Content-Type: application/json; charset=utf-8
16:19:34.071 [pool-2-thread-8] DEBUG org.apache.http.headers -- http-outgoing-2 << Content-Length: 510
16:19:34.071 [pool-2-thread-8] DEBUG org.apache.http.headers -- http-outgoing-2 << ETag: W/"1fe-OWxwokcB9P/onHE8rpMXe7hjEtg"
16:19:34.071 [pool-2-thread-8] DEBUG org.apache.http.headers -- http-outgoing-2 << Date: Tue, 24 Jun 2025 09:19:34 GMT
16:19:34.071 [pool-2-thread-8] DEBUG org.apache.http.headers -- http-outgoing-2 << Connection: keep-alive
16:19:34.071 [pool-2-thread-8] DEBUG org.apache.http.headers -- http-outgoing-2 << Keep-Alive: timeout=5
16:19:34.071 [pool-2-thread-8] DEBUG org.apache.http.impl.execchain.MainClientExec -- Connection can be kept alive for 5000 MILLISECONDS
16:19:34.071 [pool-2-thread-8] DEBUG org.apache.http.impl.conn.PoolingHttpClientConnectionManager -- Connection [id: 17][route: {}->http://localhost:3000] can be kept alive for 5.0 seconds
16:19:34.071 [pool-2-thread-8] DEBUG org.apache.http.impl.conn.DefaultManagedHttpClientConnection -- http-outgoing-2: set socket timeout to 0
16:19:34.071 [pool-2-thread-8] DEBUG org.apache.http.impl.conn.PoolingHttpClientConnectionManager -- Connection released: [id: 17][route: {}->http://localhost:3000][total available: 1; route allocated: 1 of 5; total allocated: 1 of 10]
16:19:34.071 [pool-2-thread-8] DEBUG org.apache.http.impl.conn.PoolingHttpClientConnectionManager -- Connection manager is shutting down
16:19:34.071 [pool-2-thread-8] DEBUG org.apache.http.impl.conn.DefaultManagedHttpClientConnection -- http-outgoing-2: Close connection
16:19:34.072 [pool-2-thread-8] DEBUG org.apache.http.impl.conn.PoolingHttpClientConnectionManager -- Connection manager shut down
16:19:34.072 [pool-2-thread-8] DEBUG com.intuit.karate -- response time in milliseconds: 14261
1 < 500
1 < X-Powered-By: Express
1 < Access-Control-Allow-Origin: *
1 < Content-Type: application/json; charset=utf-8
1 < Content-Length: 510
1 < ETag: W/"1fe-OWxwokcB9P/onHE8rpMXe7hjEtg"
1 < Date: Tue, 24 Jun 2025 09:19:34 GMT
1 < Connection: keep-alive
1 < Keep-Alive: timeout=5
{"success":false,"statusCode":500,"message":"\nInvalid `this.prisma.user.update()` invocation in\nD:\\Documents\\Workspace\\react_native\\roamly_backend\\src\\modules\\auth\\auth.service.ts:119:28\n\n  116 const refreshToken = crypto.randomBytes(32).toString('hex');\n  117 \n  118 // Update user with new refresh token\n? 119 await this.prisma.user.update(\nTransaction failed due to a write conflict or a deadlock. Please retry your transaction","path":"/auth/login","timestamp":"2025-06-24T09:19:34.070Z"}

16:19:34.073 [pool-2-thread-48] DEBUG org.apache.http.wire -- http-outgoing-17 << "HTTP/1.1 500 Internal Server Error[\r][\n]"
16:19:34.073 [pool-2-thread-48] DEBUG org.apache.http.wire -- http-outgoing-17 << "X-Powered-By: Express[\r][\n]"
16:19:34.073 [pool-2-thread-48] DEBUG org.apache.http.wire -- http-outgoing-17 << "Access-Control-Allow-Origin: *[\r][\n]"
16:19:34.073 [pool-2-thread-48] DEBUG org.apache.http.wire -- http-outgoing-17 << "Content-Type: application/json; charset=utf-8[\r][\n]"
16:19:34.073 [pool-2-thread-48] DEBUG org.apache.http.wire -- http-outgoing-17 << "Content-Length: 510[\r][\n]"
16:19:34.073 [pool-2-thread-48] DEBUG org.apache.http.wire -- http-outgoing-17 << "ETag: W/"1fe-Gd9CBZuBAl32JmnLdvn7XruoFDo"[\r][\n]"
16:19:34.073 [pool-2-thread-48] DEBUG org.apache.http.wire -- http-outgoing-17 << "Date: Tue, 24 Jun 2025 09:19:34 GMT[\r][\n]"
16:19:34.073 [pool-2-thread-48] DEBUG org.apache.http.wire -- http-outgoing-17 << "Connection: keep-alive[\r][\n]"
16:19:34.073 [pool-2-thread-48] DEBUG org.apache.http.wire -- http-outgoing-17 << "Keep-Alive: timeout=5[\r][\n]"
16:19:34.073 [pool-2-thread-48] DEBUG org.apache.http.wire -- http-outgoing-17 << "[\r][\n]"
16:19:34.073 [pool-2-thread-48] DEBUG org.apache.http.wire -- http-outgoing-17 << "{"success":false,"statusCode":500,"message":"\nInvalid `this.prisma.user.update()` invocation in\nD:\\Documents\\Workspace\\react_native\\roamly_backend\\src\\modules\\auth\\auth.service.ts:119:28\n\n  116 const refreshToken = crypto.randomBytes(32).toString('hex');\n  117 \n  118 // Update user with new refresh token\n[0xe2][0x86][0x92] 119 await this.prisma.user.update(\nTransaction failed due to a write conflict or a deadlock. Please retry your transaction","path":"/auth/login","timestamp":"2025-06-24T09:19:34.072Z"}"
16:19:34.073 [pool-2-thread-48] DEBUG org.apache.http.headers -- http-outgoing-17 << HTTP/1.1 500 Internal Server Error
16:19:34.073 [pool-2-thread-48] DEBUG org.apache.http.headers -- http-outgoing-17 << X-Powered-By: Express
16:19:34.073 [pool-2-thread-48] DEBUG org.apache.http.headers -- http-outgoing-17 << Access-Control-Allow-Origin: *
16:19:34.073 [pool-2-thread-48] DEBUG org.apache.http.headers -- http-outgoing-17 << Content-Type: application/json; charset=utf-8
16:19:34.073 [pool-2-thread-48] DEBUG org.apache.http.headers -- http-outgoing-17 << Content-Length: 510
16:19:34.073 [pool-2-thread-48] DEBUG org.apache.http.headers -- http-outgoing-17 << ETag: W/"1fe-Gd9CBZuBAl32JmnLdvn7XruoFDo"
16:19:34.073 [pool-2-thread-8] ERROR com.intuit.karate -- classpath:features/performance/login-performance-concurrent.feature:13
Then status 200
status code was: 500, expected: 200, response time in milliseconds: 14261, url: http://localhost:3000/auth/login, response: 
{"success":false,"statusCode":500,"message":"\nInvalid `this.prisma.user.update()` invocation in\nD:\\Documents\\Workspace\\react_native\\roamly_backend\\src\\modules\\auth\\auth.service.ts:119:28\n\n  116 const refreshToken = crypto.randomBytes(32).toString('hex');\n  117 \n  118 // Update user with new refresh token\n? 119 await this.prisma.user.update(\nTransaction failed due to a write conflict or a deadlock. Please retry your transaction","path":"/auth/login","timestamp":"2025-06-24T09:19:34.070Z"}
classpath:features/performance/login-performance-concurrent.feature:13
16:19:34.073 [pool-2-thread-48] DEBUG org.apache.http.headers -- http-outgoing-17 << Date: Tue, 24 Jun 2025 09:19:34 GMT
16:19:34.073 [pool-2-thread-48] DEBUG org.apache.http.headers -- http-outgoing-17 << Connection: keep-alive
16:19:34.073 [pool-2-thread-48] DEBUG org.apache.http.headers -- http-outgoing-17 << Keep-Alive: timeout=5
16:19:34.073 [pool-2-thread-48] DEBUG org.apache.http.impl.execchain.MainClientExec -- Connection can be kept alive for 5000 MILLISECONDS
16:19:34.073 [pool-2-thread-48] DEBUG org.apache.http.impl.conn.PoolingHttpClientConnectionManager -- Connection [id: 72][route: {}->http://localhost:3000] can be kept alive for 5.0 seconds
16:19:34.073 [pool-2-thread-48] DEBUG org.apache.http.impl.conn.DefaultManagedHttpClientConnection -- http-outgoing-17: set socket timeout to 0
16:19:34.073 [pool-2-thread-48] DEBUG org.apache.http.impl.conn.PoolingHttpClientConnectionManager -- Connection released: [id: 72][route: {}->http://localhost:3000][total available: 1; route allocated: 1 of 5; total allocated: 1 of 10]
16:19:34.073 [pool-2-thread-48] DEBUG org.apache.http.impl.conn.PoolingHttpClientConnectionManager -- Connection manager is shutting down
16:19:34.073 [pool-2-thread-48] DEBUG org.apache.http.impl.conn.DefaultManagedHttpClientConnection -- http-outgoing-17: Close connection
16:19:34.073 [pool-2-thread-48] DEBUG org.apache.http.impl.conn.PoolingHttpClientConnectionManager -- Connection manager shut down
16:19:34.073 [pool-2-thread-48] DEBUG com.intuit.karate -- response time in milliseconds: 14257
1 < 500
1 < X-Powered-By: Express
1 < Access-Control-Allow-Origin: *
1 < Content-Type: application/json; charset=utf-8
1 < Content-Length: 510
1 < ETag: W/"1fe-Gd9CBZuBAl32JmnLdvn7XruoFDo"
1 < Date: Tue, 24 Jun 2025 09:19:34 GMT
1 < Connection: keep-alive
1 < Keep-Alive: timeout=5
{"success":false,"statusCode":500,"message":"\nInvalid `this.prisma.user.update()` invocation in\nD:\\Documents\\Workspace\\react_native\\roamly_backend\\src\\modules\\auth\\auth.service.ts:119:28\n\n  116 const refreshToken = crypto.randomBytes(32).toString('hex');\n  117 \n  118 // Update user with new refresh token\n? 119 await this.prisma.user.update(\nTransaction failed due to a write conflict or a deadlock. Please retry your transaction","path":"/auth/login","timestamp":"2025-06-24T09:19:34.072Z"}

16:19:34.074 [pool-2-thread-48] ERROR com.intuit.karate -- classpath:features/performance/login-performance-concurrent.feature:13
Then status 200
status code was: 500, expected: 200, response time in milliseconds: 14257, url: http://localhost:3000/auth/login, response: 
{"success":false,"statusCode":500,"message":"\nInvalid `this.prisma.user.update()` invocation in\nD:\\Documents\\Workspace\\react_native\\roamly_backend\\src\\modules\\auth\\auth.service.ts:119:28\n\n  116 const refreshToken = crypto.randomBytes(32).toString('hex');\n  117 \n  118 // Update user with new refresh token\n? 119 await this.prisma.user.update(\nTransaction failed due to a write conflict or a deadlock. Please retry your transaction","path":"/auth/login","timestamp":"2025-06-24T09:19:34.072Z"}
classpath:features/performance/login-performance-concurrent.feature:13
16:19:34.078 [pool-2-thread-13] DEBUG org.apache.http.wire -- http-outgoing-35 << "HTTP/1.1 500 Internal Server Error[\r][\n]"
16:19:34.078 [pool-2-thread-13] DEBUG org.apache.http.wire -- http-outgoing-35 << "X-Powered-By: Express[\r][\n]"
16:19:34.078 [pool-2-thread-13] DEBUG org.apache.http.wire -- http-outgoing-35 << "Access-Control-Allow-Origin: *[\r][\n]"
16:19:34.078 [pool-2-thread-13] DEBUG org.apache.http.wire -- http-outgoing-35 << "Content-Type: application/json; charset=utf-8[\r][\n]"
16:19:34.078 [pool-2-thread-13] DEBUG org.apache.http.wire -- http-outgoing-35 << "Content-Length: 510[\r][\n]"
16:19:34.078 [pool-2-thread-13] DEBUG org.apache.http.wire -- http-outgoing-35 << "ETag: W/"1fe-PhPFrdPbH8KIeBlkwNiiWvP53No"[\r][\n]"
16:19:34.078 [pool-2-thread-13] DEBUG org.apache.http.wire -- http-outgoing-35 << "Date: Tue, 24 Jun 2025 09:19:34 GMT[\r][\n]"
16:19:34.078 [pool-2-thread-13] DEBUG org.apache.http.wire -- http-outgoing-35 << "Connection: keep-alive[\r][\n]"
16:19:34.078 [pool-2-thread-13] DEBUG org.apache.http.wire -- http-outgoing-35 << "Keep-Alive: timeout=5[\r][\n]"
16:19:34.078 [pool-2-thread-13] DEBUG org.apache.http.wire -- http-outgoing-35 << "[\r][\n]"
16:19:34.078 [pool-2-thread-13] DEBUG org.apache.http.wire -- http-outgoing-35 << "{"success":false,"statusCode":500,"message":"\nInvalid `this.prisma.user.update()` invocation in\nD:\\Documents\\Workspace\\react_native\\roamly_backend\\src\\modules\\auth\\auth.service.ts:119:28\n\n  116 const refreshToken = crypto.randomBytes(32).toString('hex');\n  117 \n  118 // Update user with new refresh token\n[0xe2][0x86][0x92] 119 await this.prisma.user.update(\nTransaction failed due to a write conflict or a deadlock. Please retry your transaction","path":"/auth/login","timestamp":"2025-06-24T09:19:34.077Z"}"
16:19:34.078 [pool-2-thread-13] DEBUG org.apache.http.headers -- http-outgoing-35 << HTTP/1.1 500 Internal Server Error
16:19:34.078 [pool-2-thread-13] DEBUG org.apache.http.headers -- http-outgoing-35 << X-Powered-By: Express
16:19:34.078 [pool-2-thread-13] DEBUG org.apache.http.headers -- http-outgoing-35 << Access-Control-Allow-Origin: *
16:19:34.078 [pool-2-thread-13] DEBUG org.apache.http.headers -- http-outgoing-35 << Content-Type: application/json; charset=utf-8
16:19:34.078 [pool-2-thread-13] DEBUG org.apache.http.headers -- http-outgoing-35 << Content-Length: 510
16:19:34.078 [pool-2-thread-13] DEBUG org.apache.http.headers -- http-outgoing-35 << ETag: W/"1fe-PhPFrdPbH8KIeBlkwNiiWvP53No"
16:19:34.078 [pool-2-thread-13] DEBUG org.apache.http.headers -- http-outgoing-35 << Date: Tue, 24 Jun 2025 09:19:34 GMT
16:19:34.078 [pool-2-thread-13] DEBUG org.apache.http.headers -- http-outgoing-35 << Connection: keep-alive
16:19:34.078 [pool-2-thread-13] DEBUG org.apache.http.headers -- http-outgoing-35 << Keep-Alive: timeout=5
16:19:34.079 [pool-2-thread-13] DEBUG org.apache.http.impl.execchain.MainClientExec -- Connection can be kept alive for 5000 MILLISECONDS
16:19:34.079 [pool-2-thread-13] DEBUG org.apache.http.impl.conn.PoolingHttpClientConnectionManager -- Connection [id: 38][route: {}->http://localhost:3000] can be kept alive for 5.0 seconds
16:19:34.079 [pool-2-thread-13] DEBUG org.apache.http.impl.conn.DefaultManagedHttpClientConnection -- http-outgoing-35: set socket timeout to 0
16:19:34.079 [pool-2-thread-13] DEBUG org.apache.http.impl.conn.PoolingHttpClientConnectionManager -- Connection released: [id: 38][route: {}->http://localhost:3000][total available: 1; route allocated: 1 of 5; total allocated: 1 of 10]
16:19:34.079 [pool-2-thread-13] DEBUG org.apache.http.impl.conn.PoolingHttpClientConnectionManager -- Connection manager is shutting down
16:19:34.079 [pool-2-thread-13] DEBUG org.apache.http.impl.conn.DefaultManagedHttpClientConnection -- http-outgoing-35: Close connection
16:19:34.079 [pool-2-thread-13] DEBUG org.apache.http.impl.conn.PoolingHttpClientConnectionManager -- Connection manager shut down
16:19:34.079 [pool-2-thread-13] DEBUG com.intuit.karate -- response time in milliseconds: 14272
1 < 500
1 < X-Powered-By: Express
1 < Access-Control-Allow-Origin: *
1 < Content-Type: application/json; charset=utf-8
1 < Content-Length: 510
1 < ETag: W/"1fe-PhPFrdPbH8KIeBlkwNiiWvP53No"
1 < Date: Tue, 24 Jun 2025 09:19:34 GMT
1 < Connection: keep-alive
1 < Keep-Alive: timeout=5
{"success":false,"statusCode":500,"message":"\nInvalid `this.prisma.user.update()` invocation in\nD:\\Documents\\Workspace\\react_native\\roamly_backend\\src\\modules\\auth\\auth.service.ts:119:28\n\n  116 const refreshToken = crypto.randomBytes(32).toString('hex');\n  117 \n  118 // Update user with new refresh token\n? 119 await this.prisma.user.update(\nTransaction failed due to a write conflict or a deadlock. Please retry your transaction","path":"/auth/login","timestamp":"2025-06-24T09:19:34.077Z"}

16:19:34.080 [pool-2-thread-13] ERROR com.intuit.karate -- classpath:features/performance/login-performance-concurrent.feature:13
Then status 200
status code was: 500, expected: 200, response time in milliseconds: 14272, url: http://localhost:3000/auth/login, response: 
{"success":false,"statusCode":500,"message":"\nInvalid `this.prisma.user.update()` invocation in\nD:\\Documents\\Workspace\\react_native\\roamly_backend\\src\\modules\\auth\\auth.service.ts:119:28\n\n  116 const refreshToken = crypto.randomBytes(32).toString('hex');\n  117 \n  118 // Update user with new refresh token\n? 119 await this.prisma.user.update(\nTransaction failed due to a write conflict or a deadlock. Please retry your transaction","path":"/auth/login","timestamp":"2025-06-24T09:19:34.077Z"}
classpath:features/performance/login-performance-concurrent.feature:13
16:19:34.091 [pool-2-thread-72] DEBUG org.apache.http.wire -- http-outgoing-50 << "HTTP/1.1 200 OK[\r][\n]"
16:19:34.091 [pool-2-thread-72] DEBUG org.apache.http.wire -- http-outgoing-50 << "X-Powered-By: Express[\r][\n]"
16:19:34.091 [pool-2-thread-72] DEBUG org.apache.http.wire -- http-outgoing-50 << "Access-Control-Allow-Origin: *[\r][\n]"
16:19:34.091 [pool-2-thread-72] DEBUG org.apache.http.wire -- http-outgoing-50 << "Content-Type: application/json; charset=utf-8[\r][\n]"
16:19:34.091 [pool-2-thread-72] DEBUG org.apache.http.wire -- http-outgoing-50 << "Content-Length: 715[\r][\n]"
16:19:34.091 [pool-2-thread-72] DEBUG org.apache.http.wire -- http-outgoing-50 << "ETag: W/"2cb-ADQ45dPaOJoVj+qbky3jyGIFAIY"[\r][\n]"
16:19:34.091 [pool-2-thread-72] DEBUG org.apache.http.wire -- http-outgoing-50 << "Date: Tue, 24 Jun 2025 09:19:34 GMT[\r][\n]"
16:19:34.091 [pool-2-thread-72] DEBUG org.apache.http.wire -- http-outgoing-50 << "Connection: keep-alive[\r][\n]"
16:19:34.091 [pool-2-thread-72] DEBUG org.apache.http.wire -- http-outgoing-50 << "Keep-Alive: timeout=5[\r][\n]"
16:19:34.091 [pool-2-thread-72] DEBUG org.apache.http.wire -- http-outgoing-50 << "[\r][\n]"
16:19:34.091 [pool-2-thread-72] DEBUG org.apache.http.wire -- http-outgoing-50 << "{"access_token":"eyJhbGciOiJIUzI1NiIsInR5cCI6IkpXVCJ9.eyJzdWIiOiIyYjg0YWEyNC02NjhhLTQwZTItYWYxYy1hZDRmYzRmYTVhNmYiLCJ1c2VybmFtZSI6InF1YW5nMSIsInJvbGUiOjAsImlhdCI6MTc1MDc1Njc3MywiZXhwIjoxNzUwNzYwMzczfQ.CbJ8er94QneC5viZLZAuXd5Mmr8Voi2oS-FBye-gkgM","refresh_token":"a1dbe35627e839f440305519325fc728c6e9e62ef9633611c4688e79606e91d6","user":{"id":"2b84aa24-668a-40e2-af1c-ad4fc4fa5a6f","email":"quang1@gmail.com","username":"quang1","name":"quang1","phoneNumber":"09874563210","profilePic":"https://res.cloudinary.com/dizcvrefo/image/upload/v1749027586/nestjs_uploads/xehairydt9rzlbmbmv4c.jpg","bio":"Thang Nam Lao Vua Thoi","private":false,"verified":false,"role":0,"followersCount":2,"followingCount":3,"postCount":2}}"
16:19:34.091 [pool-2-thread-72] DEBUG org.apache.http.headers -- http-outgoing-50 << HTTP/1.1 200 OK
16:19:34.091 [pool-2-thread-72] DEBUG org.apache.http.headers -- http-outgoing-50 << X-Powered-By: Express
16:19:34.091 [pool-2-thread-72] DEBUG org.apache.http.headers -- http-outgoing-50 << Access-Control-Allow-Origin: *
16:19:34.091 [pool-2-thread-72] DEBUG org.apache.http.headers -- http-outgoing-50 << Content-Type: application/json; charset=utf-8
16:19:34.091 [pool-2-thread-72] DEBUG org.apache.http.headers -- http-outgoing-50 << Content-Length: 715
16:19:34.091 [pool-2-thread-72] DEBUG org.apache.http.headers -- http-outgoing-50 << ETag: W/"2cb-ADQ45dPaOJoVj+qbky3jyGIFAIY"
16:19:34.091 [pool-2-thread-72] DEBUG org.apache.http.headers -- http-outgoing-50 << Date: Tue, 24 Jun 2025 09:19:34 GMT
16:19:34.091 [pool-2-thread-72] DEBUG org.apache.http.headers -- http-outgoing-50 << Connection: keep-alive
16:19:34.091 [pool-2-thread-72] DEBUG org.apache.http.headers -- http-outgoing-50 << Keep-Alive: timeout=5
16:19:34.091 [pool-2-thread-72] DEBUG org.apache.http.impl.execchain.MainClientExec -- Connection can be kept alive for 5000 MILLISECONDS
16:19:34.092 [pool-2-thread-72] DEBUG org.apache.http.impl.conn.PoolingHttpClientConnectionManager -- Connection [id: 59][route: {}->http://localhost:3000] can be kept alive for 5.0 seconds
16:19:34.092 [pool-2-thread-72] DEBUG org.apache.http.impl.conn.DefaultManagedHttpClientConnection -- http-outgoing-50: set socket timeout to 0
16:19:34.092 [pool-2-thread-72] DEBUG org.apache.http.impl.conn.PoolingHttpClientConnectionManager -- Connection released: [id: 59][route: {}->http://localhost:3000][total available: 1; route allocated: 1 of 5; total allocated: 1 of 10]
16:19:34.092 [pool-2-thread-72] DEBUG org.apache.http.impl.conn.PoolingHttpClientConnectionManager -- Connection manager is shutting down
16:19:34.092 [pool-2-thread-72] DEBUG org.apache.http.impl.conn.DefaultManagedHttpClientConnection -- http-outgoing-50: Close connection
16:19:34.092 [pool-2-thread-72] DEBUG org.apache.http.impl.conn.PoolingHttpClientConnectionManager -- Connection manager shut down
16:19:34.092 [pool-2-thread-72] DEBUG com.intuit.karate -- response time in milliseconds: 14283
1 < 200
1 < X-Powered-By: Express
1 < Access-Control-Allow-Origin: *
1 < Content-Type: application/json; charset=utf-8
1 < Content-Length: 715
1 < ETag: W/"2cb-ADQ45dPaOJoVj+qbky3jyGIFAIY"
1 < Date: Tue, 24 Jun 2025 09:19:34 GMT
1 < Connection: keep-alive
1 < Keep-Alive: timeout=5
{"access_token":"eyJhbGciOiJIUzI1NiIsInR5cCI6IkpXVCJ9.eyJzdWIiOiIyYjg0YWEyNC02NjhhLTQwZTItYWYxYy1hZDRmYzRmYTVhNmYiLCJ1c2VybmFtZSI6InF1YW5nMSIsInJvbGUiOjAsImlhdCI6MTc1MDc1Njc3MywiZXhwIjoxNzUwNzYwMzczfQ.CbJ8er94QneC5viZLZAuXd5Mmr8Voi2oS-FBye-gkgM","refresh_token":"a1dbe35627e839f440305519325fc728c6e9e62ef9633611c4688e79606e91d6","user":{"id":"2b84aa24-668a-40e2-af1c-ad4fc4fa5a6f","email":"quang1@gmail.com","username":"quang1","name":"quang1","phoneNumber":"09874563210","profilePic":"https://res.cloudinary.com/dizcvrefo/image/upload/v1749027586/nestjs_uploads/xehairydt9rzlbmbmv4c.jpg","bio":"Thang Nam Lao Vua Thoi","private":false,"verified":false,"role":0,"followersCount":2,"followingCount":3,"postCount":2}}

16:19:34.098 [pool-2-thread-72] INFO com.intuit.karate -- [print] Concurrent call completed, status: 200 
16:19:34.103 [pool-2-thread-96] DEBUG org.apache.http.wire -- http-outgoing-59 << "HTTP/1.1 500 Internal Server Error[\r][\n]"
16:19:34.103 [pool-2-thread-96] DEBUG org.apache.http.wire -- http-outgoing-59 << "X-Powered-By: Express[\r][\n]"
16:19:34.103 [pool-2-thread-96] DEBUG org.apache.http.wire -- http-outgoing-59 << "Access-Control-Allow-Origin: *[\r][\n]"
16:19:34.103 [pool-2-thread-96] DEBUG org.apache.http.wire -- http-outgoing-59 << "Content-Type: application/json; charset=utf-8[\r][\n]"
16:19:34.103 [pool-2-thread-96] DEBUG org.apache.http.wire -- http-outgoing-59 << "Content-Length: 510[\r][\n]"
16:19:34.103 [pool-2-thread-96] DEBUG org.apache.http.wire -- http-outgoing-59 << "ETag: W/"1fe-WVq/qNzjleK9ZOV0zxePmVz+KLI"[\r][\n]"
16:19:34.103 [pool-2-thread-96] DEBUG org.apache.http.wire -- http-outgoing-59 << "Date: Tue, 24 Jun 2025 09:19:34 GMT[\r][\n]"
16:19:34.103 [pool-2-thread-96] DEBUG org.apache.http.wire -- http-outgoing-59 << "Connection: keep-alive[\r][\n]"
16:19:34.103 [pool-2-thread-96] DEBUG org.apache.http.wire -- http-outgoing-59 << "Keep-Alive: timeout=5[\r][\n]"
16:19:34.103 [pool-2-thread-96] DEBUG org.apache.http.wire -- http-outgoing-59 << "[\r][\n]"
16:19:34.103 [pool-2-thread-96] DEBUG org.apache.http.wire -- http-outgoing-59 << "{"success":false,"statusCode":500,"message":"\nInvalid `this.prisma.user.update()` invocation in\nD:\\Documents\\Workspace\\react_native\\roamly_backend\\src\\modules\\auth\\auth.service.ts:119:28\n\n  116 const refreshToken = crypto.randomBytes(32).toString('hex');\n  117 \n  118 // Update user with new refresh token\n[0xe2][0x86][0x92] 119 await this.prisma.user.update(\nTransaction failed due to a write conflict or a deadlock. Please retry your transaction","path":"/auth/login","timestamp":"2025-06-24T09:19:34.101Z"}"
16:19:34.103 [pool-2-thread-96] DEBUG org.apache.http.headers -- http-outgoing-59 << HTTP/1.1 500 Internal Server Error
16:19:34.103 [pool-2-thread-96] DEBUG org.apache.http.headers -- http-outgoing-59 << X-Powered-By: Express
16:19:34.103 [pool-2-thread-96] DEBUG org.apache.http.headers -- http-outgoing-59 << Access-Control-Allow-Origin: *
16:19:34.103 [pool-2-thread-96] DEBUG org.apache.http.headers -- http-outgoing-59 << Content-Type: application/json; charset=utf-8
16:19:34.103 [pool-2-thread-96] DEBUG org.apache.http.headers -- http-outgoing-59 << Content-Length: 510
16:19:34.103 [pool-2-thread-96] DEBUG org.apache.http.headers -- http-outgoing-59 << ETag: W/"1fe-WVq/qNzjleK9ZOV0zxePmVz+KLI"
16:19:34.103 [pool-2-thread-96] DEBUG org.apache.http.headers -- http-outgoing-59 << Date: Tue, 24 Jun 2025 09:19:34 GMT
16:19:34.103 [pool-2-thread-96] DEBUG org.apache.http.headers -- http-outgoing-59 << Connection: keep-alive
16:19:34.103 [pool-2-thread-96] DEBUG org.apache.http.headers -- http-outgoing-59 << Keep-Alive: timeout=5
16:19:34.104 [pool-2-thread-96] DEBUG org.apache.http.impl.execchain.MainClientExec -- Connection can be kept alive for 5000 MILLISECONDS
16:19:34.104 [pool-2-thread-96] DEBUG org.apache.http.impl.conn.PoolingHttpClientConnectionManager -- Connection [id: 48][route: {}->http://localhost:3000] can be kept alive for 5.0 seconds
16:19:34.104 [pool-2-thread-96] DEBUG org.apache.http.impl.conn.DefaultManagedHttpClientConnection -- http-outgoing-59: set socket timeout to 0
16:19:34.104 [pool-2-thread-96] DEBUG org.apache.http.impl.conn.PoolingHttpClientConnectionManager -- Connection released: [id: 48][route: {}->http://localhost:3000][total available: 1; route allocated: 1 of 5; total allocated: 1 of 10]
16:19:34.104 [pool-2-thread-96] DEBUG org.apache.http.impl.conn.PoolingHttpClientConnectionManager -- Connection manager is shutting down
16:19:34.104 [pool-2-thread-96] DEBUG org.apache.http.impl.conn.DefaultManagedHttpClientConnection -- http-outgoing-59: Close connection
16:19:34.104 [pool-2-thread-96] DEBUG org.apache.http.impl.conn.PoolingHttpClientConnectionManager -- Connection manager shut down
16:19:34.104 [pool-2-thread-96] DEBUG com.intuit.karate -- response time in milliseconds: 14294
1 < 500
1 < X-Powered-By: Express
1 < Access-Control-Allow-Origin: *
1 < Content-Type: application/json; charset=utf-8
1 < Content-Length: 510
1 < ETag: W/"1fe-WVq/qNzjleK9ZOV0zxePmVz+KLI"
1 < Date: Tue, 24 Jun 2025 09:19:34 GMT
1 < Connection: keep-alive
1 < Keep-Alive: timeout=5
{"success":false,"statusCode":500,"message":"\nInvalid `this.prisma.user.update()` invocation in\nD:\\Documents\\Workspace\\react_native\\roamly_backend\\src\\modules\\auth\\auth.service.ts:119:28\n\n  116 const refreshToken = crypto.randomBytes(32).toString('hex');\n  117 \n  118 // Update user with new refresh token\n? 119 await this.prisma.user.update(\nTransaction failed due to a write conflict or a deadlock. Please retry your transaction","path":"/auth/login","timestamp":"2025-06-24T09:19:34.101Z"}

16:19:34.105 [pool-2-thread-96] ERROR com.intuit.karate -- classpath:features/performance/login-performance-concurrent.feature:13
Then status 200
status code was: 500, expected: 200, response time in milliseconds: 14294, url: http://localhost:3000/auth/login, response: 
{"success":false,"statusCode":500,"message":"\nInvalid `this.prisma.user.update()` invocation in\nD:\\Documents\\Workspace\\react_native\\roamly_backend\\src\\modules\\auth\\auth.service.ts:119:28\n\n  116 const refreshToken = crypto.randomBytes(32).toString('hex');\n  117 \n  118 // Update user with new refresh token\n? 119 await this.prisma.user.update(\nTransaction failed due to a write conflict or a deadlock. Please retry your transaction","path":"/auth/login","timestamp":"2025-06-24T09:19:34.101Z"}
classpath:features/performance/login-performance-concurrent.feature:13
16:19:34.110 [pool-2-thread-24] DEBUG org.apache.http.wire -- http-outgoing-73 << "HTTP/1.1 500 Internal Server Error[\r][\n]"
16:19:34.111 [pool-2-thread-24] DEBUG org.apache.http.wire -- http-outgoing-73 << "X-Powered-By: Express[\r][\n]"
16:19:34.111 [pool-2-thread-24] DEBUG org.apache.http.wire -- http-outgoing-73 << "Access-Control-Allow-Origin: *[\r][\n]"
16:19:34.111 [pool-2-thread-24] DEBUG org.apache.http.wire -- http-outgoing-73 << "Content-Type: application/json; charset=utf-8[\r][\n]"
16:19:34.111 [pool-2-thread-24] DEBUG org.apache.http.wire -- http-outgoing-73 << "Content-Length: 510[\r][\n]"
16:19:34.111 [pool-2-thread-24] DEBUG org.apache.http.wire -- http-outgoing-73 << "ETag: W/"1fe-whEkAUNVID/WOCV0UhJyWDiCmB4"[\r][\n]"
16:19:34.111 [pool-2-thread-24] DEBUG org.apache.http.wire -- http-outgoing-73 << "Date: Tue, 24 Jun 2025 09:19:34 GMT[\r][\n]"
16:19:34.111 [pool-2-thread-24] DEBUG org.apache.http.wire -- http-outgoing-73 << "Connection: keep-alive[\r][\n]"
16:19:34.111 [pool-2-thread-24] DEBUG org.apache.http.wire -- http-outgoing-73 << "Keep-Alive: timeout=5[\r][\n]"
16:19:34.111 [pool-2-thread-24] DEBUG org.apache.http.wire -- http-outgoing-73 << "[\r][\n]"
16:19:34.111 [pool-2-thread-24] DEBUG org.apache.http.wire -- http-outgoing-73 << "{"success":false,"statusCode":500,"message":"\nInvalid `this.prisma.user.update()` invocation in\nD:\\Documents\\Workspace\\react_native\\roamly_backend\\src\\modules\\auth\\auth.service.ts:119:28\n\n  116 const refreshToken = crypto.randomBytes(32).toString('hex');\n  117 \n  118 // Update user with new refresh token\n[0xe2][0x86][0x92] 119 await this.prisma.user.update(\nTransaction failed due to a write conflict or a deadlock. Please retry your transaction","path":"/auth/login","timestamp":"2025-06-24T09:19:34.106Z"}"
16:19:34.111 [pool-2-thread-24] DEBUG org.apache.http.headers -- http-outgoing-73 << HTTP/1.1 500 Internal Server Error
16:19:34.111 [pool-2-thread-24] DEBUG org.apache.http.headers -- http-outgoing-73 << X-Powered-By: Express
16:19:34.111 [pool-2-thread-24] DEBUG org.apache.http.headers -- http-outgoing-73 << Access-Control-Allow-Origin: *
16:19:34.111 [pool-2-thread-24] DEBUG org.apache.http.headers -- http-outgoing-73 << Content-Type: application/json; charset=utf-8
16:19:34.111 [pool-2-thread-24] DEBUG org.apache.http.headers -- http-outgoing-73 << Content-Length: 510
16:19:34.111 [pool-2-thread-24] DEBUG org.apache.http.headers -- http-outgoing-73 << ETag: W/"1fe-whEkAUNVID/WOCV0UhJyWDiCmB4"
16:19:34.111 [pool-2-thread-24] DEBUG org.apache.http.headers -- http-outgoing-73 << Date: Tue, 24 Jun 2025 09:19:34 GMT
16:19:34.111 [pool-2-thread-24] DEBUG org.apache.http.headers -- http-outgoing-73 << Connection: keep-alive
16:19:34.111 [pool-2-thread-24] DEBUG org.apache.http.headers -- http-outgoing-73 << Keep-Alive: timeout=5
16:19:34.112 [pool-2-thread-24] DEBUG org.apache.http.impl.execchain.MainClientExec -- Connection can be kept alive for 5000 MILLISECONDS
16:19:34.112 [pool-2-thread-24] DEBUG org.apache.http.impl.conn.PoolingHttpClientConnectionManager -- Connection [id: 0][route: {}->http://localhost:3000] can be kept alive for 5.0 seconds
16:19:34.112 [pool-2-thread-24] DEBUG org.apache.http.impl.conn.DefaultManagedHttpClientConnection -- http-outgoing-73: set socket timeout to 0
16:19:34.112 [pool-2-thread-24] DEBUG org.apache.http.impl.conn.PoolingHttpClientConnectionManager -- Connection released: [id: 0][route: {}->http://localhost:3000][total available: 1; route allocated: 1 of 5; total allocated: 1 of 10]
16:19:34.112 [pool-2-thread-24] DEBUG org.apache.http.impl.conn.PoolingHttpClientConnectionManager -- Connection manager is shutting down
16:19:34.112 [pool-2-thread-24] DEBUG org.apache.http.impl.conn.DefaultManagedHttpClientConnection -- http-outgoing-73: Close connection
16:19:34.112 [pool-2-thread-24] DEBUG org.apache.http.impl.conn.PoolingHttpClientConnectionManager -- Connection manager shut down
16:19:34.113 [pool-2-thread-24] DEBUG com.intuit.karate -- response time in milliseconds: 14301
1 < 500
1 < X-Powered-By: Express
1 < Access-Control-Allow-Origin: *
1 < Content-Type: application/json; charset=utf-8
1 < Content-Length: 510
1 < ETag: W/"1fe-whEkAUNVID/WOCV0UhJyWDiCmB4"
1 < Date: Tue, 24 Jun 2025 09:19:34 GMT
1 < Connection: keep-alive
1 < Keep-Alive: timeout=5
{"success":false,"statusCode":500,"message":"\nInvalid `this.prisma.user.update()` invocation in\nD:\\Documents\\Workspace\\react_native\\roamly_backend\\src\\modules\\auth\\auth.service.ts:119:28\n\n  116 const refreshToken = crypto.randomBytes(32).toString('hex');\n  117 \n  118 // Update user with new refresh token\n? 119 await this.prisma.user.update(\nTransaction failed due to a write conflict or a deadlock. Please retry your transaction","path":"/auth/login","timestamp":"2025-06-24T09:19:34.106Z"}

16:19:34.114 [pool-2-thread-24] ERROR com.intuit.karate -- classpath:features/performance/login-performance-concurrent.feature:13
Then status 200
status code was: 500, expected: 200, response time in milliseconds: 14301, url: http://localhost:3000/auth/login, response: 
{"success":false,"statusCode":500,"message":"\nInvalid `this.prisma.user.update()` invocation in\nD:\\Documents\\Workspace\\react_native\\roamly_backend\\src\\modules\\auth\\auth.service.ts:119:28\n\n  116 const refreshToken = crypto.randomBytes(32).toString('hex');\n  117 \n  118 // Update user with new refresh token\n? 119 await this.prisma.user.update(\nTransaction failed due to a write conflict or a deadlock. Please retry your transaction","path":"/auth/login","timestamp":"2025-06-24T09:19:34.106Z"}
classpath:features/performance/login-performance-concurrent.feature:13
16:19:34.129 [pool-2-thread-17] DEBUG org.apache.http.wire -- http-outgoing-24 << "HTTP/1.1 500 Internal Server Error[\r][\n]"
16:19:34.130 [pool-2-thread-17] DEBUG org.apache.http.wire -- http-outgoing-24 << "X-Powered-By: Express[\r][\n]"
16:19:34.130 [pool-2-thread-17] DEBUG org.apache.http.wire -- http-outgoing-24 << "Access-Control-Allow-Origin: *[\r][\n]"
16:19:34.130 [pool-2-thread-17] DEBUG org.apache.http.wire -- http-outgoing-24 << "Content-Type: application/json; charset=utf-8[\r][\n]"
16:19:34.130 [pool-2-thread-17] DEBUG org.apache.http.wire -- http-outgoing-24 << "Content-Length: 510[\r][\n]"
16:19:34.130 [pool-2-thread-17] DEBUG org.apache.http.wire -- http-outgoing-24 << "ETag: W/"1fe-dpXwb6DUesBh7M8+2Ur+16KcTVg"[\r][\n]"
16:19:34.130 [pool-2-thread-17] DEBUG org.apache.http.wire -- http-outgoing-24 << "Date: Tue, 24 Jun 2025 09:19:34 GMT[\r][\n]"
16:19:34.130 [pool-2-thread-17] DEBUG org.apache.http.wire -- http-outgoing-24 << "Connection: keep-alive[\r][\n]"
16:19:34.130 [pool-2-thread-17] DEBUG org.apache.http.wire -- http-outgoing-24 << "Keep-Alive: timeout=5[\r][\n]"
16:19:34.130 [pool-2-thread-17] DEBUG org.apache.http.wire -- http-outgoing-24 << "[\r][\n]"
16:19:34.130 [pool-2-thread-17] DEBUG org.apache.http.wire -- http-outgoing-24 << "{"success":false,"statusCode":500,"message":"\nInvalid `this.prisma.user.update()` invocation in\nD:\\Documents\\Workspace\\react_native\\roamly_backend\\src\\modules\\auth\\auth.service.ts:119:28\n\n  116 const refreshToken = crypto.randomBytes(32).toString('hex');\n  117 \n  118 // Update user with new refresh token\n[0xe2][0x86][0x92] 119 await this.prisma.user.update(\nTransaction failed due to a write conflict or a deadlock. Please retry your transaction","path":"/auth/login","timestamp":"2025-06-24T09:19:34.129Z"}"
16:19:34.130 [pool-2-thread-17] DEBUG org.apache.http.headers -- http-outgoing-24 << HTTP/1.1 500 Internal Server Error
16:19:34.130 [pool-2-thread-17] DEBUG org.apache.http.headers -- http-outgoing-24 << X-Powered-By: Express
16:19:34.130 [pool-2-thread-17] DEBUG org.apache.http.headers -- http-outgoing-24 << Access-Control-Allow-Origin: *
16:19:34.130 [pool-2-thread-17] DEBUG org.apache.http.headers -- http-outgoing-24 << Content-Type: application/json; charset=utf-8
16:19:34.130 [pool-2-thread-17] DEBUG org.apache.http.headers -- http-outgoing-24 << Content-Length: 510
16:19:34.130 [pool-2-thread-17] DEBUG org.apache.http.headers -- http-outgoing-24 << ETag: W/"1fe-dpXwb6DUesBh7M8+2Ur+16KcTVg"
16:19:34.130 [pool-2-thread-17] DEBUG org.apache.http.headers -- http-outgoing-24 << Date: Tue, 24 Jun 2025 09:19:34 GMT
16:19:34.130 [pool-2-thread-17] DEBUG org.apache.http.headers -- http-outgoing-24 << Connection: keep-alive
16:19:34.130 [pool-2-thread-17] DEBUG org.apache.http.headers -- http-outgoing-24 << Keep-Alive: timeout=5
16:19:34.130 [pool-2-thread-17] DEBUG org.apache.http.impl.execchain.MainClientExec -- Connection can be kept alive for 5000 MILLISECONDS
16:19:34.131 [pool-2-thread-17] DEBUG org.apache.http.impl.conn.PoolingHttpClientConnectionManager -- Connection [id: 46][route: {}->http://localhost:3000] can be kept alive for 5.0 seconds
16:19:34.131 [pool-2-thread-17] DEBUG org.apache.http.impl.conn.DefaultManagedHttpClientConnection -- http-outgoing-24: set socket timeout to 0
16:19:34.131 [pool-2-thread-17] DEBUG org.apache.http.impl.conn.PoolingHttpClientConnectionManager -- Connection released: [id: 46][route: {}->http://localhost:3000][total available: 1; route allocated: 1 of 5; total allocated: 1 of 10]
16:19:34.131 [pool-2-thread-17] DEBUG org.apache.http.impl.conn.PoolingHttpClientConnectionManager -- Connection manager is shutting down
16:19:34.131 [pool-2-thread-17] DEBUG org.apache.http.impl.conn.DefaultManagedHttpClientConnection -- http-outgoing-24: Close connection
16:19:34.132 [pool-2-thread-17] DEBUG org.apache.http.impl.conn.PoolingHttpClientConnectionManager -- Connection manager shut down
16:19:34.132 [pool-2-thread-17] DEBUG com.intuit.karate -- response time in milliseconds: 14314
1 < 500
1 < X-Powered-By: Express
1 < Access-Control-Allow-Origin: *
1 < Content-Type: application/json; charset=utf-8
1 < Content-Length: 510
1 < ETag: W/"1fe-dpXwb6DUesBh7M8+2Ur+16KcTVg"
1 < Date: Tue, 24 Jun 2025 09:19:34 GMT
1 < Connection: keep-alive
1 < Keep-Alive: timeout=5
{"success":false,"statusCode":500,"message":"\nInvalid `this.prisma.user.update()` invocation in\nD:\\Documents\\Workspace\\react_native\\roamly_backend\\src\\modules\\auth\\auth.service.ts:119:28\n\n  116 const refreshToken = crypto.randomBytes(32).toString('hex');\n  117 \n  118 // Update user with new refresh token\n? 119 await this.prisma.user.update(\nTransaction failed due to a write conflict or a deadlock. Please retry your transaction","path":"/auth/login","timestamp":"2025-06-24T09:19:34.129Z"}

16:19:34.133 [pool-2-thread-17] ERROR com.intuit.karate -- classpath:features/performance/login-performance-concurrent.feature:13
Then status 200
status code was: 500, expected: 200, response time in milliseconds: 14314, url: http://localhost:3000/auth/login, response: 
{"success":false,"statusCode":500,"message":"\nInvalid `this.prisma.user.update()` invocation in\nD:\\Documents\\Workspace\\react_native\\roamly_backend\\src\\modules\\auth\\auth.service.ts:119:28\n\n  116 const refreshToken = crypto.randomBytes(32).toString('hex');\n  117 \n  118 // Update user with new refresh token\n? 119 await this.prisma.user.update(\nTransaction failed due to a write conflict or a deadlock. Please retry your transaction","path":"/auth/login","timestamp":"2025-06-24T09:19:34.129Z"}
classpath:features/performance/login-performance-concurrent.feature:13
16:19:34.153 [pool-2-thread-36] DEBUG org.apache.http.wire -- http-outgoing-92 << "HTTP/1.1 500 Internal Server Error[\r][\n]"
16:19:34.153 [pool-2-thread-36] DEBUG org.apache.http.wire -- http-outgoing-92 << "X-Powered-By: Express[\r][\n]"
16:19:34.153 [pool-2-thread-36] DEBUG org.apache.http.wire -- http-outgoing-92 << "Access-Control-Allow-Origin: *[\r][\n]"
16:19:34.153 [pool-2-thread-36] DEBUG org.apache.http.wire -- http-outgoing-92 << "Content-Type: application/json; charset=utf-8[\r][\n]"
16:19:34.153 [pool-2-thread-36] DEBUG org.apache.http.wire -- http-outgoing-92 << "Content-Length: 510[\r][\n]"
16:19:34.153 [pool-2-thread-36] DEBUG org.apache.http.wire -- http-outgoing-92 << "ETag: W/"1fe-MlovLylDS7YcNm+lfO2Az0yPewY"[\r][\n]"
16:19:34.153 [pool-2-thread-36] DEBUG org.apache.http.wire -- http-outgoing-92 << "Date: Tue, 24 Jun 2025 09:19:34 GMT[\r][\n]"
16:19:34.153 [pool-2-thread-36] DEBUG org.apache.http.wire -- http-outgoing-92 << "Connection: keep-alive[\r][\n]"
16:19:34.153 [pool-2-thread-36] DEBUG org.apache.http.wire -- http-outgoing-92 << "Keep-Alive: timeout=5[\r][\n]"
16:19:34.153 [pool-2-thread-36] DEBUG org.apache.http.wire -- http-outgoing-92 << "[\r][\n]"
16:19:34.153 [pool-2-thread-36] DEBUG org.apache.http.wire -- http-outgoing-92 << "{"success":false,"statusCode":500,"message":"\nInvalid `this.prisma.user.update()` invocation in\nD:\\Documents\\Workspace\\react_native\\roamly_backend\\src\\modules\\auth\\auth.service.ts:119:28\n\n  116 const refreshToken = crypto.randomBytes(32).toString('hex');\n  117 \n  118 // Update user with new refresh token\n[0xe2][0x86][0x92] 119 await this.prisma.user.update(\nTransaction failed due to a write conflict or a deadlock. Please retry your transaction","path":"/auth/login","timestamp":"2025-06-24T09:19:34.152Z"}"
16:19:34.154 [pool-2-thread-36] DEBUG org.apache.http.headers -- http-outgoing-92 << HTTP/1.1 500 Internal Server Error
16:19:34.154 [pool-2-thread-36] DEBUG org.apache.http.headers -- http-outgoing-92 << X-Powered-By: Express
16:19:34.154 [pool-2-thread-36] DEBUG org.apache.http.headers -- http-outgoing-92 << Access-Control-Allow-Origin: *
16:19:34.154 [pool-2-thread-36] DEBUG org.apache.http.headers -- http-outgoing-92 << Content-Type: application/json; charset=utf-8
16:19:34.154 [pool-2-thread-36] DEBUG org.apache.http.headers -- http-outgoing-92 << Content-Length: 510
16:19:34.154 [pool-2-thread-36] DEBUG org.apache.http.headers -- http-outgoing-92 << ETag: W/"1fe-MlovLylDS7YcNm+lfO2Az0yPewY"
16:19:34.154 [pool-2-thread-36] DEBUG org.apache.http.headers -- http-outgoing-92 << Date: Tue, 24 Jun 2025 09:19:34 GMT
16:19:34.154 [pool-2-thread-36] DEBUG org.apache.http.headers -- http-outgoing-92 << Connection: keep-alive
16:19:34.154 [pool-2-thread-36] DEBUG org.apache.http.headers -- http-outgoing-92 << Keep-Alive: timeout=5
16:19:34.154 [pool-2-thread-36] DEBUG org.apache.http.impl.execchain.MainClientExec -- Connection can be kept alive for 5000 MILLISECONDS
16:19:34.154 [pool-2-thread-36] DEBUG org.apache.http.impl.conn.PoolingHttpClientConnectionManager -- Connection [id: 92][route: {}->http://localhost:3000] can be kept alive for 5.0 seconds
16:19:34.154 [pool-2-thread-36] DEBUG org.apache.http.impl.conn.DefaultManagedHttpClientConnection -- http-outgoing-92: set socket timeout to 0
16:19:34.154 [pool-2-thread-36] DEBUG org.apache.http.impl.conn.PoolingHttpClientConnectionManager -- Connection released: [id: 92][route: {}->http://localhost:3000][total available: 1; route allocated: 1 of 5; total allocated: 1 of 10]
16:19:34.154 [pool-2-thread-36] DEBUG org.apache.http.impl.conn.PoolingHttpClientConnectionManager -- Connection manager is shutting down
16:19:34.154 [pool-2-thread-36] DEBUG org.apache.http.impl.conn.DefaultManagedHttpClientConnection -- http-outgoing-92: Close connection
16:19:34.155 [pool-2-thread-36] DEBUG org.apache.http.impl.conn.PoolingHttpClientConnectionManager -- Connection manager shut down
16:19:34.155 [pool-2-thread-36] DEBUG com.intuit.karate -- response time in milliseconds: 14337
1 < 500
1 < X-Powered-By: Express
1 < Access-Control-Allow-Origin: *
1 < Content-Type: application/json; charset=utf-8
1 < Content-Length: 510
1 < ETag: W/"1fe-MlovLylDS7YcNm+lfO2Az0yPewY"
1 < Date: Tue, 24 Jun 2025 09:19:34 GMT
1 < Connection: keep-alive
1 < Keep-Alive: timeout=5
{"success":false,"statusCode":500,"message":"\nInvalid `this.prisma.user.update()` invocation in\nD:\\Documents\\Workspace\\react_native\\roamly_backend\\src\\modules\\auth\\auth.service.ts:119:28\n\n  116 const refreshToken = crypto.randomBytes(32).toString('hex');\n  117 \n  118 // Update user with new refresh token\n? 119 await this.prisma.user.update(\nTransaction failed due to a write conflict or a deadlock. Please retry your transaction","path":"/auth/login","timestamp":"2025-06-24T09:19:34.152Z"}

16:19:34.156 [pool-2-thread-36] ERROR com.intuit.karate -- classpath:features/performance/login-performance-concurrent.feature:13
Then status 200
status code was: 500, expected: 200, response time in milliseconds: 14337, url: http://localhost:3000/auth/login, response: 
{"success":false,"statusCode":500,"message":"\nInvalid `this.prisma.user.update()` invocation in\nD:\\Documents\\Workspace\\react_native\\roamly_backend\\src\\modules\\auth\\auth.service.ts:119:28\n\n  116 const refreshToken = crypto.randomBytes(32).toString('hex');\n  117 \n  118 // Update user with new refresh token\n? 119 await this.prisma.user.update(\nTransaction failed due to a write conflict or a deadlock. Please retry your transaction","path":"/auth/login","timestamp":"2025-06-24T09:19:34.152Z"}
classpath:features/performance/login-performance-concurrent.feature:13
16:19:34.161 [pool-2-thread-65] DEBUG org.apache.http.wire -- http-outgoing-12 << "HTTP/1.1 200 OK[\r][\n]"
16:19:34.161 [pool-2-thread-65] DEBUG org.apache.http.wire -- http-outgoing-12 << "X-Powered-By: Express[\r][\n]"
16:19:34.161 [pool-2-thread-65] DEBUG org.apache.http.wire -- http-outgoing-12 << "Access-Control-Allow-Origin: *[\r][\n]"
16:19:34.161 [pool-2-thread-65] DEBUG org.apache.http.wire -- http-outgoing-12 << "Content-Type: application/json; charset=utf-8[\r][\n]"
16:19:34.161 [pool-2-thread-65] DEBUG org.apache.http.wire -- http-outgoing-12 << "Content-Length: 607[\r][\n]"
16:19:34.161 [pool-2-thread-65] DEBUG org.apache.http.wire -- http-outgoing-12 << "ETag: W/"25f-n7e5D8ueJ4WRqeyopm4CgKrOELE"[\r][\n]"
16:19:34.161 [pool-2-thread-65] DEBUG org.apache.http.wire -- http-outgoing-12 << "Date: Tue, 24 Jun 2025 09:19:34 GMT[\r][\n]"
16:19:34.161 [pool-2-thread-65] DEBUG org.apache.http.wire -- http-outgoing-12 << "Connection: keep-alive[\r][\n]"
16:19:34.161 [pool-2-thread-65] DEBUG org.apache.http.wire -- http-outgoing-12 << "Keep-Alive: timeout=5[\r][\n]"
16:19:34.161 [pool-2-thread-65] DEBUG org.apache.http.wire -- http-outgoing-12 << "[\r][\n]"
16:19:34.161 [pool-2-thread-65] DEBUG org.apache.http.wire -- http-outgoing-12 << "{"access_token":"eyJhbGciOiJIUzI1NiIsInR5cCI6IkpXVCJ9.eyJzdWIiOiJjMjE0MjJkZi1jY2VjLTQ0MGUtOWE0Mi1jMWI4MmFiZjczM2QiLCJ1c2VybmFtZSI6ImpvaG5kb2UyOCIsInJvbGUiOjAsImlhdCI6MTc1MDc1Njc3MywiZXhwIjoxNzUwNzYwMzczfQ.g1ouUkla5EVnXLiZzww-ogmGRtjCipNOTKOce8WqHTE","refresh_token":"89cad97a5d1e347ff0260c59a34dd02a45cace2e4b36bf796d9e3f26705bf96d","user":{"id":"c21422df-ccec-440e-9a42-c1b82abf733d","email":"test28@example.com","username":"johndoe28","name":"John Doe","phoneNumber":"84987654321","profilePic":null,"bio":null,"private":false,"verified":false,"role":0,"followersCount":0,"followingCount":0,"postCount":0}}"
16:19:34.161 [pool-2-thread-65] DEBUG org.apache.http.headers -- http-outgoing-12 << HTTP/1.1 200 OK
16:19:34.161 [pool-2-thread-65] DEBUG org.apache.http.headers -- http-outgoing-12 << X-Powered-By: Express
16:19:34.161 [pool-2-thread-65] DEBUG org.apache.http.headers -- http-outgoing-12 << Access-Control-Allow-Origin: *
16:19:34.161 [pool-2-thread-65] DEBUG org.apache.http.headers -- http-outgoing-12 << Content-Type: application/json; charset=utf-8
16:19:34.161 [pool-2-thread-65] DEBUG org.apache.http.headers -- http-outgoing-12 << Content-Length: 607
16:19:34.161 [pool-2-thread-65] DEBUG org.apache.http.headers -- http-outgoing-12 << ETag: W/"25f-n7e5D8ueJ4WRqeyopm4CgKrOELE"
16:19:34.161 [pool-2-thread-65] DEBUG org.apache.http.headers -- http-outgoing-12 << Date: Tue, 24 Jun 2025 09:19:34 GMT
16:19:34.161 [pool-2-thread-65] DEBUG org.apache.http.headers -- http-outgoing-12 << Connection: keep-alive
16:19:34.161 [pool-2-thread-65] DEBUG org.apache.http.headers -- http-outgoing-12 << Keep-Alive: timeout=5
16:19:34.162 [pool-2-thread-65] DEBUG org.apache.http.impl.execchain.MainClientExec -- Connection can be kept alive for 5000 MILLISECONDS
16:19:34.162 [pool-2-thread-65] DEBUG org.apache.http.impl.conn.PoolingHttpClientConnectionManager -- Connection [id: 62][route: {}->http://localhost:3000] can be kept alive for 5.0 seconds
16:19:34.162 [pool-2-thread-65] DEBUG org.apache.http.impl.conn.DefaultManagedHttpClientConnection -- http-outgoing-12: set socket timeout to 0
16:19:34.162 [pool-2-thread-65] DEBUG org.apache.http.impl.conn.PoolingHttpClientConnectionManager -- Connection released: [id: 62][route: {}->http://localhost:3000][total available: 1; route allocated: 1 of 5; total allocated: 1 of 10]
16:19:34.162 [pool-2-thread-65] DEBUG org.apache.http.impl.conn.PoolingHttpClientConnectionManager -- Connection manager is shutting down
16:19:34.162 [pool-2-thread-65] DEBUG org.apache.http.impl.conn.DefaultManagedHttpClientConnection -- http-outgoing-12: Close connection
16:19:34.162 [pool-2-thread-65] DEBUG org.apache.http.impl.conn.PoolingHttpClientConnectionManager -- Connection manager shut down
16:19:34.162 [pool-2-thread-65] DEBUG com.intuit.karate -- response time in milliseconds: 14351
1 < 200
1 < X-Powered-By: Express
1 < Access-Control-Allow-Origin: *
1 < Content-Type: application/json; charset=utf-8
1 < Content-Length: 607
1 < ETag: W/"25f-n7e5D8ueJ4WRqeyopm4CgKrOELE"
1 < Date: Tue, 24 Jun 2025 09:19:34 GMT
1 < Connection: keep-alive
1 < Keep-Alive: timeout=5
{"access_token":"eyJhbGciOiJIUzI1NiIsInR5cCI6IkpXVCJ9.eyJzdWIiOiJjMjE0MjJkZi1jY2VjLTQ0MGUtOWE0Mi1jMWI4MmFiZjczM2QiLCJ1c2VybmFtZSI6ImpvaG5kb2UyOCIsInJvbGUiOjAsImlhdCI6MTc1MDc1Njc3MywiZXhwIjoxNzUwNzYwMzczfQ.g1ouUkla5EVnXLiZzww-ogmGRtjCipNOTKOce8WqHTE","refresh_token":"89cad97a5d1e347ff0260c59a34dd02a45cace2e4b36bf796d9e3f26705bf96d","user":{"id":"c21422df-ccec-440e-9a42-c1b82abf733d","email":"test28@example.com","username":"johndoe28","name":"John Doe","phoneNumber":"84987654321","profilePic":null,"bio":null,"private":false,"verified":false,"role":0,"followersCount":0,"followingCount":0,"postCount":0}}

16:19:34.165 [pool-2-thread-65] INFO com.intuit.karate -- [print] Concurrent call completed, status: 200 
16:19:34.934 [pool-2-thread-73] DEBUG org.apache.http.wire -- http-outgoing-74 << "HTTP/1.1 200 OK[\r][\n]"
16:19:34.934 [pool-2-thread-73] DEBUG org.apache.http.wire -- http-outgoing-74 << "X-Powered-By: Express[\r][\n]"
16:19:34.934 [pool-2-thread-73] DEBUG org.apache.http.wire -- http-outgoing-74 << "Access-Control-Allow-Origin: *[\r][\n]"
16:19:34.934 [pool-2-thread-73] DEBUG org.apache.http.wire -- http-outgoing-74 << "Content-Type: application/json; charset=utf-8[\r][\n]"
16:19:34.934 [pool-2-thread-73] DEBUG org.apache.http.wire -- http-outgoing-74 << "Content-Length: 599[\r][\n]"
16:19:34.934 [pool-2-thread-73] DEBUG org.apache.http.wire -- http-outgoing-74 << "ETag: W/"257-MzxPgw1ixDA2rKCy3DDYysqp6bo"[\r][\n]"
16:19:34.934 [pool-2-thread-73] DEBUG org.apache.http.wire -- http-outgoing-74 << "Date: Tue, 24 Jun 2025 09:19:34 GMT[\r][\n]"
16:19:34.934 [pool-2-thread-73] DEBUG org.apache.http.wire -- http-outgoing-74 << "Connection: keep-alive[\r][\n]"
16:19:34.934 [pool-2-thread-73] DEBUG org.apache.http.wire -- http-outgoing-74 << "Keep-Alive: timeout=5[\r][\n]"
16:19:34.934 [pool-2-thread-73] DEBUG org.apache.http.wire -- http-outgoing-74 << "[\r][\n]"
16:19:34.934 [pool-2-thread-73] DEBUG org.apache.http.wire -- http-outgoing-74 << "{"access_token":"eyJhbGciOiJIUzI1NiIsInR5cCI6IkpXVCJ9.eyJzdWIiOiIyZGRhMDQzOS01MTgwLTQ1YWEtOTE3Zi1lNjMyZTQ1YThlNDEiLCJ1c2VybmFtZSI6ImpvaG5kb2UiLCJyb2xlIjowLCJpYXQiOjE3NTA3NTY3NzQsImV4cCI6MTc1MDc2MDM3NH0.KmPTn_jpcLbKdnf61HMyj8MNK6fueSjMceJ2ktXDics","refresh_token":"f6ba23763926b0356e8fa238aa783c8c292aba104bbcd06132691cdd99e2a15b","user":{"id":"2dda0439-5180-45aa-917f-e632e45a8e41","email":"test@example.com","username":"johndoe","name":"John Doe","phoneNumber":"0987654321","profilePic":null,"bio":null,"private":false,"verified":false,"role":0,"followersCount":0,"followingCount":0,"postCount":0}}"
16:19:34.934 [pool-2-thread-73] DEBUG org.apache.http.headers -- http-outgoing-74 << HTTP/1.1 200 OK
16:19:34.934 [pool-2-thread-73] DEBUG org.apache.http.headers -- http-outgoing-74 << X-Powered-By: Express
16:19:34.934 [pool-2-thread-73] DEBUG org.apache.http.headers -- http-outgoing-74 << Access-Control-Allow-Origin: *
16:19:34.934 [pool-2-thread-73] DEBUG org.apache.http.headers -- http-outgoing-74 << Content-Type: application/json; charset=utf-8
16:19:34.934 [pool-2-thread-73] DEBUG org.apache.http.headers -- http-outgoing-74 << Content-Length: 599
16:19:34.934 [pool-2-thread-73] DEBUG org.apache.http.headers -- http-outgoing-74 << ETag: W/"257-MzxPgw1ixDA2rKCy3DDYysqp6bo"
16:19:34.934 [pool-2-thread-73] DEBUG org.apache.http.headers -- http-outgoing-74 << Date: Tue, 24 Jun 2025 09:19:34 GMT
16:19:34.934 [pool-2-thread-73] DEBUG org.apache.http.headers -- http-outgoing-74 << Connection: keep-alive
16:19:34.934 [pool-2-thread-73] DEBUG org.apache.http.headers -- http-outgoing-74 << Keep-Alive: timeout=5
16:19:34.934 [pool-2-thread-60] DEBUG org.apache.http.wire -- http-outgoing-11 << "HTTP/1.1 200 OK[\r][\n]"
16:19:34.935 [pool-2-thread-60] DEBUG org.apache.http.wire -- http-outgoing-11 << "X-Powered-By: Express[\r][\n]"
16:19:34.935 [pool-2-thread-60] DEBUG org.apache.http.wire -- http-outgoing-11 << "Access-Control-Allow-Origin: *[\r][\n]"
16:19:34.935 [pool-2-thread-73] DEBUG org.apache.http.impl.execchain.MainClientExec -- Connection can be kept alive for 5000 MILLISECONDS
16:19:34.935 [pool-2-thread-60] DEBUG org.apache.http.wire -- http-outgoing-11 << "Content-Type: application/json; charset=utf-8[\r][\n]"
16:19:34.935 [pool-2-thread-60] DEBUG org.apache.http.wire -- http-outgoing-11 << "Content-Length: 605[\r][\n]"
16:19:34.935 [pool-2-thread-60] DEBUG org.apache.http.wire -- http-outgoing-11 << "ETag: W/"25d-uMrSgvbhkRDYRjhNvwyy6912TZs"[\r][\n]"
16:19:34.935 [pool-2-thread-60] DEBUG org.apache.http.wire -- http-outgoing-11 << "Date: Tue, 24 Jun 2025 09:19:34 GMT[\r][\n]"
16:19:34.935 [pool-2-thread-60] DEBUG org.apache.http.wire -- http-outgoing-11 << "Connection: keep-alive[\r][\n]"
16:19:34.935 [pool-2-thread-60] DEBUG org.apache.http.wire -- http-outgoing-11 << "Keep-Alive: timeout=5[\r][\n]"
16:19:34.935 [pool-2-thread-60] DEBUG org.apache.http.wire -- http-outgoing-11 << "[\r][\n]"
16:19:34.935 [pool-2-thread-60] DEBUG org.apache.http.wire -- http-outgoing-11 << "{"access_token":"eyJhbGciOiJIUzI1NiIsInR5cCI6IkpXVCJ9.eyJzdWIiOiIwYTM3ZWY0My1mZWU4LTQxZDMtYTY4Ni04YWIwODY5NDg2OTUiLCJ1c2VybmFtZSI6ImpvaG5kb2UyMSIsInJvbGUiOjAsImlhdCI6MTc1MDc1Njc3NCwiZXhwIjoxNzUwNzYwMzc0fQ.TqcnFZzKwpQX1Ja4JS1QQ-9HpUj0xL2D-EQc9_vHnCo","refresh_token":"66c4cd5ebba32c78bd521a5ae4155396335b482930c819705028c89c8a7068de","user":{"id":"0a37ef43-fee8-41d3-a686-8ab086948695","email":"testit2@gmail.com","username":"johndoe21","name":"John Doe","phoneNumber":"0123456712","profilePic":null,"bio":null,"private":false,"verified":false,"role":0,"followersCount":0,"followingCount":0,"postCount":0}}"
16:19:34.935 [pool-2-thread-60] DEBUG org.apache.http.headers -- http-outgoing-11 << HTTP/1.1 200 OK
16:19:34.935 [pool-2-thread-60] DEBUG org.apache.http.headers -- http-outgoing-11 << X-Powered-By: Express
16:19:34.935 [pool-2-thread-60] DEBUG org.apache.http.headers -- http-outgoing-11 << Access-Control-Allow-Origin: *
16:19:34.935 [pool-2-thread-60] DEBUG org.apache.http.headers -- http-outgoing-11 << Content-Type: application/json; charset=utf-8
16:19:34.935 [pool-2-thread-73] DEBUG org.apache.http.impl.conn.PoolingHttpClientConnectionManager -- Connection [id: 8][route: {}->http://localhost:3000] can be kept alive for 5.0 seconds
16:19:34.935 [pool-2-thread-73] DEBUG org.apache.http.impl.conn.DefaultManagedHttpClientConnection -- http-outgoing-74: set socket timeout to 0
16:19:34.935 [pool-2-thread-60] DEBUG org.apache.http.headers -- http-outgoing-11 << Content-Length: 605
16:19:34.935 [pool-2-thread-60] DEBUG org.apache.http.headers -- http-outgoing-11 << ETag: W/"25d-uMrSgvbhkRDYRjhNvwyy6912TZs"
16:19:34.935 [pool-2-thread-60] DEBUG org.apache.http.headers -- http-outgoing-11 << Date: Tue, 24 Jun 2025 09:19:34 GMT
16:19:34.935 [pool-2-thread-60] DEBUG org.apache.http.headers -- http-outgoing-11 << Connection: keep-alive
16:19:34.935 [pool-2-thread-60] DEBUG org.apache.http.headers -- http-outgoing-11 << Keep-Alive: timeout=5
16:19:34.935 [pool-2-thread-73] DEBUG org.apache.http.impl.conn.PoolingHttpClientConnectionManager -- Connection released: [id: 8][route: {}->http://localhost:3000][total available: 1; route allocated: 1 of 5; total allocated: 1 of 10]
16:19:34.935 [pool-2-thread-73] DEBUG org.apache.http.impl.conn.PoolingHttpClientConnectionManager -- Connection manager is shutting down
16:19:34.935 [pool-2-thread-60] DEBUG org.apache.http.impl.execchain.MainClientExec -- Connection can be kept alive for 5000 MILLISECONDS
16:19:34.935 [pool-2-thread-59] DEBUG org.apache.http.wire -- http-outgoing-70 << "HTTP/1.1 200 OK[\r][\n]"
16:19:34.935 [pool-2-thread-59] DEBUG org.apache.http.wire -- http-outgoing-70 << "X-Powered-By: Express[\r][\n]"
16:19:34.935 [pool-2-thread-73] DEBUG org.apache.http.impl.conn.DefaultManagedHttpClientConnection -- http-outgoing-74: Close connection
16:19:34.935 [pool-2-thread-59] DEBUG org.apache.http.wire -- http-outgoing-70 << "Access-Control-Allow-Origin: *[\r][\n]"
16:19:34.935 [pool-2-thread-59] DEBUG org.apache.http.wire -- http-outgoing-70 << "Content-Type: application/json; charset=utf-8[\r][\n]"
16:19:34.935 [pool-2-thread-60] DEBUG org.apache.http.impl.conn.PoolingHttpClientConnectionManager -- Connection [id: 57][route: {}->http://localhost:3000] can be kept alive for 5.0 seconds
16:19:34.935 [pool-2-thread-60] DEBUG org.apache.http.impl.conn.DefaultManagedHttpClientConnection -- http-outgoing-11: set socket timeout to 0
16:19:34.935 [pool-2-thread-59] DEBUG org.apache.http.wire -- http-outgoing-70 << "Content-Length: 604[\r][\n]"
16:19:34.935 [pool-2-thread-59] DEBUG org.apache.http.wire -- http-outgoing-70 << "ETag: W/"25c-Ri+AmItLtA/d8Iu5oq3xTqXRaEc"[\r][\n]"
16:19:34.935 [pool-2-thread-59] DEBUG org.apache.http.wire -- http-outgoing-70 << "Date: Tue, 24 Jun 2025 09:19:34 GMT[\r][\n]"
16:19:34.935 [pool-2-thread-59] DEBUG org.apache.http.wire -- http-outgoing-70 << "Connection: keep-alive[\r][\n]"
16:19:34.935 [pool-2-thread-59] DEBUG org.apache.http.wire -- http-outgoing-70 << "Keep-Alive: timeout=5[\r][\n]"
16:19:34.935 [pool-2-thread-59] DEBUG org.apache.http.wire -- http-outgoing-70 << "[\r][\n]"
16:19:34.935 [pool-2-thread-60] DEBUG org.apache.http.impl.conn.PoolingHttpClientConnectionManager -- Connection released: [id: 57][route: {}->http://localhost:3000][total available: 1; route allocated: 1 of 5; total allocated: 1 of 10]
16:19:34.935 [pool-2-thread-60] DEBUG org.apache.http.impl.conn.PoolingHttpClientConnectionManager -- Connection manager is shutting down
16:19:34.935 [pool-2-thread-59] DEBUG org.apache.http.wire -- http-outgoing-70 << "{"access_token":"eyJhbGciOiJIUzI1NiIsInR5cCI6IkpXVCJ9.eyJzdWIiOiJkZjZmMDkxOS1hMjNkLTQ0YzktYTkyNS00ZWE4YmU1MjVkMTAiLCJ1c2VybmFtZSI6ImpvaG5kb2UyMyIsInJvbGUiOjAsImlhdCI6MTc1MDc1Njc3NCwiZXhwIjoxNzUwNzYwMzc0fQ.4_dLsPieTP9CLQIc3F7e8mOR6FSrFF7jA-t2iRFgHQY","refresh_token":"fb14bb9add4a0995709c51b51bcc2c032a12f01ec09eead2dfc1d5d88a196cd7","user":{"id":"df6f0919-a23d-44c9-a925-4ea8be525d10","email":"testit@gmail.com","username":"johndoe23","name":"John Doe","phoneNumber":"0123456788","profilePic":null,"bio":null,"private":false,"verified":false,"role":0,"followersCount":0,"followingCount":0,"postCount":0}}"
16:19:34.935 [pool-2-thread-60] DEBUG org.apache.http.impl.conn.DefaultManagedHttpClientConnection -- http-outgoing-11: Close connection
16:19:34.935 [pool-2-thread-59] DEBUG org.apache.http.headers -- http-outgoing-70 << HTTP/1.1 200 OK
16:19:34.935 [pool-2-thread-59] DEBUG org.apache.http.headers -- http-outgoing-70 << X-Powered-By: Express
16:19:34.935 [pool-2-thread-59] DEBUG org.apache.http.headers -- http-outgoing-70 << Access-Control-Allow-Origin: *
16:19:34.935 [pool-2-thread-73] DEBUG org.apache.http.impl.conn.PoolingHttpClientConnectionManager -- Connection manager shut down
16:19:34.935 [pool-2-thread-59] DEBUG org.apache.http.headers -- http-outgoing-70 << Content-Type: application/json; charset=utf-8
16:19:34.935 [pool-2-thread-59] DEBUG org.apache.http.headers -- http-outgoing-70 << Content-Length: 604
16:19:34.935 [pool-2-thread-59] DEBUG org.apache.http.headers -- http-outgoing-70 << ETag: W/"25c-Ri+AmItLtA/d8Iu5oq3xTqXRaEc"
16:19:34.935 [pool-2-thread-59] DEBUG org.apache.http.headers -- http-outgoing-70 << Date: Tue, 24 Jun 2025 09:19:34 GMT
16:19:34.935 [pool-2-thread-60] DEBUG org.apache.http.impl.conn.PoolingHttpClientConnectionManager -- Connection manager shut down
16:19:34.935 [pool-2-thread-59] DEBUG org.apache.http.headers -- http-outgoing-70 << Connection: keep-alive
16:19:34.935 [pool-2-thread-59] DEBUG org.apache.http.headers -- http-outgoing-70 << Keep-Alive: timeout=5
16:19:34.935 [pool-2-thread-47] DEBUG org.apache.http.wire -- http-outgoing-3 << "HTTP/1.1 200 OK[\r][\n]"
16:19:34.935 [pool-2-thread-47] DEBUG org.apache.http.wire -- http-outgoing-3 << "X-Powered-By: Express[\r][\n]"
16:19:34.935 [pool-2-thread-47] DEBUG org.apache.http.wire -- http-outgoing-3 << "Access-Control-Allow-Origin: *[\r][\n]"
16:19:34.935 [pool-2-thread-47] DEBUG org.apache.http.wire -- http-outgoing-3 << "Content-Type: application/json; charset=utf-8[\r][\n]"
16:19:34.935 [pool-2-thread-47] DEBUG org.apache.http.wire -- http-outgoing-3 << "Content-Length: 605[\r][\n]"
16:19:34.935 [pool-2-thread-47] DEBUG org.apache.http.wire -- http-outgoing-3 << "ETag: W/"25d-OtXuJvtEL7+DqiLv0Z/kkQf0HAE"[\r][\n]"
16:19:34.935 [pool-2-thread-47] DEBUG org.apache.http.wire -- http-outgoing-3 << "Date: Tue, 24 Jun 2025 09:19:34 GMT[\r][\n]"
16:19:34.935 [pool-2-thread-47] DEBUG org.apache.http.wire -- http-outgoing-3 << "Connection: keep-alive[\r][\n]"
16:19:34.935 [pool-2-thread-59] DEBUG org.apache.http.impl.execchain.MainClientExec -- Connection can be kept alive for 5000 MILLISECONDS
16:19:34.935 [pool-2-thread-47] DEBUG org.apache.http.wire -- http-outgoing-3 << "Keep-Alive: timeout=5[\r][\n]"
16:19:34.935 [pool-2-thread-47] DEBUG org.apache.http.wire -- http-outgoing-3 << "[\r][\n]"
16:19:34.935 [pool-2-thread-47] DEBUG org.apache.http.wire -- http-outgoing-3 << "{"access_token":"eyJhbGciOiJIUzI1NiIsInR5cCI6IkpXVCJ9.eyJzdWIiOiI2NTBjZTFlZC1hYWNhLTQzOGYtOTk4OC0xZjA1OGFiNWFhMWEiLCJ1c2VybmFtZSI6ImpvaG5kb2UyNSIsInJvbGUiOjAsImlhdCI6MTc1MDc1Njc3NCwiZXhwIjoxNzUwNzYwMzc0fQ.e6C3UbKYI50sYHE1ldiH2nzSAfzSP4nWmh6RvO2AcJU","refresh_token":"08ff98e81fb5a9cbd8d6aeff8aa5298ed4bc9da726ee549dee1fd6b0daf21833","user":{"id":"650ce1ed-aaca-438f-9988-1f058ab5aa1a","email":"testit3@gmail.com","username":"johndoe25","name":"John Doe","phoneNumber":"0123456713","profilePic":null,"bio":null,"private":false,"verified":false,"role":0,"followersCount":0,"followingCount":0,"postCount":0}}"
16:19:34.935 [pool-2-thread-73] DEBUG com.intuit.karate -- response time in milliseconds: 15126
1 < 200
1 < X-Powered-By: Express
1 < Access-Control-Allow-Origin: *
1 < Content-Type: application/json; charset=utf-8
1 < Content-Length: 599
1 < ETag: W/"257-MzxPgw1ixDA2rKCy3DDYysqp6bo"
1 < Date: Tue, 24 Jun 2025 09:19:34 GMT
1 < Connection: keep-alive
1 < Keep-Alive: timeout=5
{"access_token":"eyJhbGciOiJIUzI1NiIsInR5cCI6IkpXVCJ9.eyJzdWIiOiIyZGRhMDQzOS01MTgwLTQ1YWEtOTE3Zi1lNjMyZTQ1YThlNDEiLCJ1c2VybmFtZSI6ImpvaG5kb2UiLCJyb2xlIjowLCJpYXQiOjE3NTA3NTY3NzQsImV4cCI6MTc1MDc2MDM3NH0.KmPTn_jpcLbKdnf61HMyj8MNK6fueSjMceJ2ktXDics","refresh_token":"f6ba23763926b0356e8fa238aa783c8c292aba104bbcd06132691cdd99e2a15b","user":{"id":"2dda0439-5180-45aa-917f-e632e45a8e41","email":"test@example.com","username":"johndoe","name":"John Doe","phoneNumber":"0987654321","profilePic":null,"bio":null,"private":false,"verified":false,"role":0,"followersCount":0,"followingCount":0,"postCount":0}}

16:19:34.935 [pool-2-thread-60] DEBUG com.intuit.karate -- response time in milliseconds: 15120
1 < 200
1 < X-Powered-By: Express
1 < Access-Control-Allow-Origin: *
1 < Content-Type: application/json; charset=utf-8
1 < Content-Length: 605
1 < ETag: W/"25d-uMrSgvbhkRDYRjhNvwyy6912TZs"
1 < Date: Tue, 24 Jun 2025 09:19:34 GMT
1 < Connection: keep-alive
1 < Keep-Alive: timeout=5
{"access_token":"eyJhbGciOiJIUzI1NiIsInR5cCI6IkpXVCJ9.eyJzdWIiOiIwYTM3ZWY0My1mZWU4LTQxZDMtYTY4Ni04YWIwODY5NDg2OTUiLCJ1c2VybmFtZSI6ImpvaG5kb2UyMSIsInJvbGUiOjAsImlhdCI6MTc1MDc1Njc3NCwiZXhwIjoxNzUwNzYwMzc0fQ.TqcnFZzKwpQX1Ja4JS1QQ-9HpUj0xL2D-EQc9_vHnCo","refresh_token":"66c4cd5ebba32c78bd521a5ae4155396335b482930c819705028c89c8a7068de","user":{"id":"0a37ef43-fee8-41d3-a686-8ab086948695","email":"testit2@gmail.com","username":"johndoe21","name":"John Doe","phoneNumber":"0123456712","profilePic":null,"bio":null,"private":false,"verified":false,"role":0,"followersCount":0,"followingCount":0,"postCount":0}}

16:19:34.935 [pool-2-thread-47] DEBUG org.apache.http.headers -- http-outgoing-3 << HTTP/1.1 200 OK
16:19:34.935 [pool-2-thread-59] DEBUG org.apache.http.impl.conn.PoolingHttpClientConnectionManager -- Connection [id: 34][route: {}->http://localhost:3000] can be kept alive for 5.0 seconds
16:19:34.935 [pool-2-thread-47] DEBUG org.apache.http.headers -- http-outgoing-3 << X-Powered-By: Express
16:19:34.935 [pool-2-thread-59] DEBUG org.apache.http.impl.conn.DefaultManagedHttpClientConnection -- http-outgoing-70: set socket timeout to 0
16:19:34.935 [pool-2-thread-47] DEBUG org.apache.http.headers -- http-outgoing-3 << Access-Control-Allow-Origin: *
16:19:34.935 [pool-2-thread-47] DEBUG org.apache.http.headers -- http-outgoing-3 << Content-Type: application/json; charset=utf-8
16:19:34.935 [pool-2-thread-47] DEBUG org.apache.http.headers -- http-outgoing-3 << Content-Length: 605
16:19:34.935 [pool-2-thread-59] DEBUG org.apache.http.impl.conn.PoolingHttpClientConnectionManager -- Connection released: [id: 34][route: {}->http://localhost:3000][total available: 1; route allocated: 1 of 5; total allocated: 1 of 10]
16:19:34.935 [pool-2-thread-47] DEBUG org.apache.http.headers -- http-outgoing-3 << ETag: W/"25d-OtXuJvtEL7+DqiLv0Z/kkQf0HAE"
16:19:34.935 [pool-2-thread-47] DEBUG org.apache.http.headers -- http-outgoing-3 << Date: Tue, 24 Jun 2025 09:19:34 GMT
16:19:34.935 [pool-2-thread-47] DEBUG org.apache.http.headers -- http-outgoing-3 << Connection: keep-alive
16:19:34.936 [pool-2-thread-47] DEBUG org.apache.http.headers -- http-outgoing-3 << Keep-Alive: timeout=5
16:19:34.936 [pool-2-thread-44] DEBUG org.apache.http.wire -- http-outgoing-90 << "HTTP/1.1 200 OK[\r][\n]"
16:19:34.936 [pool-2-thread-44] DEBUG org.apache.http.wire -- http-outgoing-90 << "X-Powered-By: Express[\r][\n]"
16:19:34.936 [pool-2-thread-44] DEBUG org.apache.http.wire -- http-outgoing-90 << "Access-Control-Allow-Origin: *[\r][\n]"
16:19:34.935 [pool-2-thread-59] DEBUG org.apache.http.impl.conn.PoolingHttpClientConnectionManager -- Connection manager is shutting down
16:19:34.936 [pool-2-thread-44] DEBUG org.apache.http.wire -- http-outgoing-90 << "Content-Type: application/json; charset=utf-8[\r][\n]"
16:19:34.936 [pool-2-thread-44] DEBUG org.apache.http.wire -- http-outgoing-90 << "Content-Length: 608[\r][\n]"
16:19:34.936 [pool-2-thread-59] DEBUG org.apache.http.impl.conn.DefaultManagedHttpClientConnection -- http-outgoing-70: Close connection
16:19:34.936 [pool-2-thread-44] DEBUG org.apache.http.wire -- http-outgoing-90 << "ETag: W/"260-1Xi+Sn3dhvprh4It9GgOW4zL4hA"[\r][\n]"
16:19:34.936 [pool-2-thread-47] DEBUG org.apache.http.impl.execchain.MainClientExec -- Connection can be kept alive for 5000 MILLISECONDS
16:19:34.936 [pool-2-thread-44] DEBUG org.apache.http.wire -- http-outgoing-90 << "Date: Tue, 24 Jun 2025 09:19:34 GMT[\r][\n]"
16:19:34.936 [pool-2-thread-44] DEBUG org.apache.http.wire -- http-outgoing-90 << "Connection: keep-alive[\r][\n]"
16:19:34.936 [pool-2-thread-44] DEBUG org.apache.http.wire -- http-outgoing-90 << "Keep-Alive: timeout=5[\r][\n]"
16:19:34.936 [pool-2-thread-44] DEBUG org.apache.http.wire -- http-outgoing-90 << "[\r][\n]"
16:19:34.936 [pool-2-thread-59] DEBUG org.apache.http.impl.conn.PoolingHttpClientConnectionManager -- Connection manager shut down
16:19:34.936 [pool-2-thread-47] DEBUG org.apache.http.impl.conn.PoolingHttpClientConnectionManager -- Connection [id: 33][route: {}->http://localhost:3000] can be kept alive for 5.0 seconds
16:19:34.936 [pool-2-thread-47] DEBUG org.apache.http.impl.conn.DefaultManagedHttpClientConnection -- http-outgoing-3: set socket timeout to 0
16:19:34.936 [pool-2-thread-44] DEBUG org.apache.http.wire -- http-outgoing-90 << "{"access_token":"eyJhbGciOiJIUzI1NiIsInR5cCI6IkpXVCJ9.eyJzdWIiOiI4YTI0NzQ2MS01YzA0LTQyMWQtOThmNS1mYTljNzM0ZmFlYTUiLCJ1c2VybmFtZSI6ImphbmVzbWl0aCIsInJvbGUiOjAsImlhdCI6MTc1MDc1Njc3NCwiZXhwIjoxNzUwNzYwMzc0fQ.0wpixx-xC6Wgu8tvRLpEcocB1-VwEPiIkxbUZbTa35g","refresh_token":"bdb10ad62065be50fa01574adca81e496d840fbc2f4346832c055fb3a10add40","user":{"id":"8a247461-5c04-421d-98f5-fa9c734faea5","email":"test2@example.com","username":"janesmith","name":"Jane Smith","phoneNumber":"01234567890","profilePic":null,"bio":null,"private":false,"verified":false,"role":0,"followersCount":0,"followingCount":0,"postCount":0}}"
16:19:34.936 [pool-2-thread-47] DEBUG org.apache.http.impl.conn.PoolingHttpClientConnectionManager -- Connection released: [id: 33][route: {}->http://localhost:3000][total available: 1; route allocated: 1 of 5; total allocated: 1 of 10]
16:19:34.936 [pool-2-thread-47] DEBUG org.apache.http.impl.conn.PoolingHttpClientConnectionManager -- Connection manager is shutting down
16:19:34.936 [pool-2-thread-59] DEBUG com.intuit.karate -- response time in milliseconds: 15124
1 < 200
1 < X-Powered-By: Express
1 < Access-Control-Allow-Origin: *
1 < Content-Type: application/json; charset=utf-8
1 < Content-Length: 604
1 < ETag: W/"25c-Ri+AmItLtA/d8Iu5oq3xTqXRaEc"
1 < Date: Tue, 24 Jun 2025 09:19:34 GMT
1 < Connection: keep-alive
1 < Keep-Alive: timeout=5
{"access_token":"eyJhbGciOiJIUzI1NiIsInR5cCI6IkpXVCJ9.eyJzdWIiOiJkZjZmMDkxOS1hMjNkLTQ0YzktYTkyNS00ZWE4YmU1MjVkMTAiLCJ1c2VybmFtZSI6ImpvaG5kb2UyMyIsInJvbGUiOjAsImlhdCI6MTc1MDc1Njc3NCwiZXhwIjoxNzUwNzYwMzc0fQ.4_dLsPieTP9CLQIc3F7e8mOR6FSrFF7jA-t2iRFgHQY","refresh_token":"fb14bb9add4a0995709c51b51bcc2c032a12f01ec09eead2dfc1d5d88a196cd7","user":{"id":"df6f0919-a23d-44c9-a925-4ea8be525d10","email":"testit@gmail.com","username":"johndoe23","name":"John Doe","phoneNumber":"0123456788","profilePic":null,"bio":null,"private":false,"verified":false,"role":0,"followersCount":0,"followingCount":0,"postCount":0}}

16:19:34.936 [pool-2-thread-44] DEBUG org.apache.http.headers -- http-outgoing-90 << HTTP/1.1 200 OK
16:19:34.936 [pool-2-thread-44] DEBUG org.apache.http.headers -- http-outgoing-90 << X-Powered-By: Express
16:19:34.936 [pool-2-thread-44] DEBUG org.apache.http.headers -- http-outgoing-90 << Access-Control-Allow-Origin: *
16:19:34.936 [pool-2-thread-47] DEBUG org.apache.http.impl.conn.DefaultManagedHttpClientConnection -- http-outgoing-3: Close connection
16:19:34.936 [pool-2-thread-44] DEBUG org.apache.http.headers -- http-outgoing-90 << Content-Type: application/json; charset=utf-8
16:19:34.936 [pool-2-thread-44] DEBUG org.apache.http.headers -- http-outgoing-90 << Content-Length: 608
16:19:34.936 [pool-2-thread-44] DEBUG org.apache.http.headers -- http-outgoing-90 << ETag: W/"260-1Xi+Sn3dhvprh4It9GgOW4zL4hA"
16:19:34.936 [pool-2-thread-44] DEBUG org.apache.http.headers -- http-outgoing-90 << Date: Tue, 24 Jun 2025 09:19:34 GMT
16:19:34.936 [pool-2-thread-44] DEBUG org.apache.http.headers -- http-outgoing-90 << Connection: keep-alive
16:19:34.936 [pool-2-thread-47] DEBUG org.apache.http.impl.conn.PoolingHttpClientConnectionManager -- Connection manager shut down
16:19:34.936 [pool-2-thread-44] DEBUG org.apache.http.headers -- http-outgoing-90 << Keep-Alive: timeout=5
16:19:34.936 [pool-2-thread-44] DEBUG org.apache.http.impl.execchain.MainClientExec -- Connection can be kept alive for 5000 MILLISECONDS
16:19:34.936 [pool-2-thread-47] DEBUG com.intuit.karate -- response time in milliseconds: 15125
1 < 200
1 < X-Powered-By: Express
1 < Access-Control-Allow-Origin: *
1 < Content-Type: application/json; charset=utf-8
1 < Content-Length: 605
1 < ETag: W/"25d-OtXuJvtEL7+DqiLv0Z/kkQf0HAE"
1 < Date: Tue, 24 Jun 2025 09:19:34 GMT
1 < Connection: keep-alive
1 < Keep-Alive: timeout=5
{"access_token":"eyJhbGciOiJIUzI1NiIsInR5cCI6IkpXVCJ9.eyJzdWIiOiI2NTBjZTFlZC1hYWNhLTQzOGYtOTk4OC0xZjA1OGFiNWFhMWEiLCJ1c2VybmFtZSI6ImpvaG5kb2UyNSIsInJvbGUiOjAsImlhdCI6MTc1MDc1Njc3NCwiZXhwIjoxNzUwNzYwMzc0fQ.e6C3UbKYI50sYHE1ldiH2nzSAfzSP4nWmh6RvO2AcJU","refresh_token":"08ff98e81fb5a9cbd8d6aeff8aa5298ed4bc9da726ee549dee1fd6b0daf21833","user":{"id":"650ce1ed-aaca-438f-9988-1f058ab5aa1a","email":"testit3@gmail.com","username":"johndoe25","name":"John Doe","phoneNumber":"0123456713","profilePic":null,"bio":null,"private":false,"verified":false,"role":0,"followersCount":0,"followingCount":0,"postCount":0}}

16:19:34.937 [pool-2-thread-44] DEBUG org.apache.http.impl.conn.PoolingHttpClientConnectionManager -- Connection [id: 90][route: {}->http://localhost:3000] can be kept alive for 5.0 seconds
16:19:34.937 [pool-2-thread-44] DEBUG org.apache.http.impl.conn.DefaultManagedHttpClientConnection -- http-outgoing-90: set socket timeout to 0
16:19:34.937 [pool-2-thread-44] DEBUG org.apache.http.impl.conn.PoolingHttpClientConnectionManager -- Connection released: [id: 90][route: {}->http://localhost:3000][total available: 1; route allocated: 1 of 5; total allocated: 1 of 10]
16:19:34.937 [pool-2-thread-44] DEBUG org.apache.http.impl.conn.PoolingHttpClientConnectionManager -- Connection manager is shutting down
16:19:34.937 [pool-2-thread-44] DEBUG org.apache.http.impl.conn.DefaultManagedHttpClientConnection -- http-outgoing-90: Close connection
16:19:34.937 [pool-2-thread-44] DEBUG org.apache.http.impl.conn.PoolingHttpClientConnectionManager -- Connection manager shut down
16:19:34.937 [pool-2-thread-44] DEBUG com.intuit.karate -- response time in milliseconds: 15120
1 < 200
1 < X-Powered-By: Express
1 < Access-Control-Allow-Origin: *
1 < Content-Type: application/json; charset=utf-8
1 < Content-Length: 608
1 < ETag: W/"260-1Xi+Sn3dhvprh4It9GgOW4zL4hA"
1 < Date: Tue, 24 Jun 2025 09:19:34 GMT
1 < Connection: keep-alive
1 < Keep-Alive: timeout=5
{"access_token":"eyJhbGciOiJIUzI1NiIsInR5cCI6IkpXVCJ9.eyJzdWIiOiI4YTI0NzQ2MS01YzA0LTQyMWQtOThmNS1mYTljNzM0ZmFlYTUiLCJ1c2VybmFtZSI6ImphbmVzbWl0aCIsInJvbGUiOjAsImlhdCI6MTc1MDc1Njc3NCwiZXhwIjoxNzUwNzYwMzc0fQ.0wpixx-xC6Wgu8tvRLpEcocB1-VwEPiIkxbUZbTa35g","refresh_token":"bdb10ad62065be50fa01574adca81e496d840fbc2f4346832c055fb3a10add40","user":{"id":"8a247461-5c04-421d-98f5-fa9c734faea5","email":"test2@example.com","username":"janesmith","name":"Jane Smith","phoneNumber":"01234567890","profilePic":null,"bio":null,"private":false,"verified":false,"role":0,"followersCount":0,"followingCount":0,"postCount":0}}

16:19:34.939 [pool-2-thread-73] INFO com.intuit.karate -- [print] Concurrent call completed, status: 200 
16:19:34.939 [pool-2-thread-60] INFO com.intuit.karate -- [print] Concurrent call completed, status: 200 
16:19:34.939 [pool-2-thread-44] INFO com.intuit.karate -- [print] Concurrent call completed, status: 200 
16:19:34.939 [pool-2-thread-47] INFO com.intuit.karate -- [print] Concurrent call completed, status: 200 
16:19:34.939 [pool-2-thread-59] INFO com.intuit.karate -- [print] Concurrent call completed, status: 200 
16:19:34.959 [pool-2-thread-68] DEBUG org.apache.http.wire -- http-outgoing-95 << "HTTP/1.1 200 OK[\r][\n]"
16:19:34.959 [pool-2-thread-68] DEBUG org.apache.http.wire -- http-outgoing-95 << "X-Powered-By: Express[\r][\n]"
16:19:34.959 [pool-2-thread-68] DEBUG org.apache.http.wire -- http-outgoing-95 << "Access-Control-Allow-Origin: *[\r][\n]"
16:19:34.959 [pool-2-thread-68] DEBUG org.apache.http.wire -- http-outgoing-95 << "Content-Type: application/json; charset=utf-8[\r][\n]"
16:19:34.959 [pool-2-thread-68] DEBUG org.apache.http.wire -- http-outgoing-95 << "Content-Length: 609[\r][\n]"
16:19:34.959 [pool-2-thread-68] DEBUG org.apache.http.wire -- http-outgoing-95 << "ETag: W/"261-XOhXqblBkLehDRpvhtpjIAD07Rw"[\r][\n]"
16:19:34.959 [pool-2-thread-68] DEBUG org.apache.http.wire -- http-outgoing-95 << "Date: Tue, 24 Jun 2025 09:19:34 GMT[\r][\n]"
16:19:34.959 [pool-2-thread-68] DEBUG org.apache.http.wire -- http-outgoing-95 << "Connection: keep-alive[\r][\n]"
16:19:34.959 [pool-2-thread-68] DEBUG org.apache.http.wire -- http-outgoing-95 << "Keep-Alive: timeout=5[\r][\n]"
16:19:34.959 [pool-2-thread-68] DEBUG org.apache.http.wire -- http-outgoing-95 << "[\r][\n]"
16:19:34.959 [pool-2-thread-68] DEBUG org.apache.http.wire -- http-outgoing-95 << "{"access_token":"eyJhbGciOiJIUzI1NiIsInR5cCI6IkpXVCJ9.eyJzdWIiOiIyNzJmNmI1NS01MTc5LTRhZTMtODU2My1iNGVjMTBmNzY3MTUiLCJ1c2VybmFtZSI6ImpvaG5kb2UyZDVkIiwicm9sZSI6MCwiaWF0IjoxNzUwNzU2Nzc0LCJleHAiOjE3NTA3NjAzNzR9.qwfe7P_RVP2TH7lDiK2SxmWzDfaMHbJjnGTWW5aAyzQ","refresh_token":"d70e81060e920857d3b30af3f6874e85a2ddbd44e49455cbc4f1f16959d93b15","user":{"id":"272f6b55-5179-4ae3-8563-b4ec10f76715","email":"testit5@gmail.com","username":"johndoe2d5d","name":"John Doe","phoneNumber":"0123456132","profilePic":null,"bio":null,"private":false,"verified":false,"role":0,"followersCount":0,"followingCount":0,"postCount":0}}"
16:19:34.960 [pool-2-thread-68] DEBUG org.apache.http.headers -- http-outgoing-95 << HTTP/1.1 200 OK
16:19:34.960 [pool-2-thread-68] DEBUG org.apache.http.headers -- http-outgoing-95 << X-Powered-By: Express
16:19:34.960 [pool-2-thread-68] DEBUG org.apache.http.headers -- http-outgoing-95 << Access-Control-Allow-Origin: *
16:19:34.960 [pool-2-thread-68] DEBUG org.apache.http.headers -- http-outgoing-95 << Content-Type: application/json; charset=utf-8
16:19:34.960 [pool-2-thread-68] DEBUG org.apache.http.headers -- http-outgoing-95 << Content-Length: 609
16:19:34.960 [pool-2-thread-68] DEBUG org.apache.http.headers -- http-outgoing-95 << ETag: W/"261-XOhXqblBkLehDRpvhtpjIAD07Rw"
16:19:34.960 [pool-2-thread-68] DEBUG org.apache.http.headers -- http-outgoing-95 << Date: Tue, 24 Jun 2025 09:19:34 GMT
16:19:34.960 [pool-2-thread-68] DEBUG org.apache.http.headers -- http-outgoing-95 << Connection: keep-alive
16:19:34.960 [pool-2-thread-68] DEBUG org.apache.http.headers -- http-outgoing-95 << Keep-Alive: timeout=5
16:19:34.960 [pool-2-thread-68] DEBUG org.apache.http.impl.execchain.MainClientExec -- Connection can be kept alive for 5000 MILLISECONDS
16:19:34.960 [pool-2-thread-68] DEBUG org.apache.http.impl.conn.PoolingHttpClientConnectionManager -- Connection [id: 95][route: {}->http://localhost:3000] can be kept alive for 5.0 seconds
16:19:34.960 [pool-2-thread-68] DEBUG org.apache.http.impl.conn.DefaultManagedHttpClientConnection -- http-outgoing-95: set socket timeout to 0
16:19:34.960 [pool-2-thread-68] DEBUG org.apache.http.impl.conn.PoolingHttpClientConnectionManager -- Connection released: [id: 95][route: {}->http://localhost:3000][total available: 1; route allocated: 1 of 5; total allocated: 1 of 10]
16:19:34.960 [pool-2-thread-68] DEBUG org.apache.http.impl.conn.PoolingHttpClientConnectionManager -- Connection manager is shutting down
16:19:34.960 [pool-2-thread-68] DEBUG org.apache.http.impl.conn.DefaultManagedHttpClientConnection -- http-outgoing-95: Close connection
16:19:34.960 [pool-2-thread-68] DEBUG org.apache.http.impl.conn.PoolingHttpClientConnectionManager -- Connection manager shut down
16:19:34.960 [pool-2-thread-68] DEBUG com.intuit.karate -- response time in milliseconds: 15141
1 < 200
1 < X-Powered-By: Express
1 < Access-Control-Allow-Origin: *
1 < Content-Type: application/json; charset=utf-8
1 < Content-Length: 609
1 < ETag: W/"261-XOhXqblBkLehDRpvhtpjIAD07Rw"
1 < Date: Tue, 24 Jun 2025 09:19:34 GMT
1 < Connection: keep-alive
1 < Keep-Alive: timeout=5
{"access_token":"eyJhbGciOiJIUzI1NiIsInR5cCI6IkpXVCJ9.eyJzdWIiOiIyNzJmNmI1NS01MTc5LTRhZTMtODU2My1iNGVjMTBmNzY3MTUiLCJ1c2VybmFtZSI6ImpvaG5kb2UyZDVkIiwicm9sZSI6MCwiaWF0IjoxNzUwNzU2Nzc0LCJleHAiOjE3NTA3NjAzNzR9.qwfe7P_RVP2TH7lDiK2SxmWzDfaMHbJjnGTWW5aAyzQ","refresh_token":"d70e81060e920857d3b30af3f6874e85a2ddbd44e49455cbc4f1f16959d93b15","user":{"id":"272f6b55-5179-4ae3-8563-b4ec10f76715","email":"testit5@gmail.com","username":"johndoe2d5d","name":"John Doe","phoneNumber":"0123456132","profilePic":null,"bio":null,"private":false,"verified":false,"role":0,"followersCount":0,"followingCount":0,"postCount":0}}

16:19:34.961 [pool-2-thread-22] DEBUG org.apache.http.wire -- http-outgoing-7 << "HTTP/1.1 200 OK[\r][\n]"
16:19:34.961 [pool-2-thread-22] DEBUG org.apache.http.wire -- http-outgoing-7 << "X-Powered-By: Express[\r][\n]"
16:19:34.961 [pool-2-thread-22] DEBUG org.apache.http.wire -- http-outgoing-7 << "Access-Control-Allow-Origin: *[\r][\n]"
16:19:34.961 [pool-2-thread-22] DEBUG org.apache.http.wire -- http-outgoing-7 << "Content-Type: application/json; charset=utf-8[\r][\n]"
16:19:34.961 [pool-2-thread-22] DEBUG org.apache.http.wire -- http-outgoing-7 << "Content-Length: 715[\r][\n]"
16:19:34.961 [pool-2-thread-22] DEBUG org.apache.http.wire -- http-outgoing-7 << "ETag: W/"2cb-khFBvHV3/e5rBLas8t3BsQEdxPg"[\r][\n]"
16:19:34.961 [pool-2-thread-22] DEBUG org.apache.http.wire -- http-outgoing-7 << "Date: Tue, 24 Jun 2025 09:19:34 GMT[\r][\n]"
16:19:34.961 [pool-2-thread-22] DEBUG org.apache.http.wire -- http-outgoing-7 << "Connection: keep-alive[\r][\n]"
16:19:34.961 [pool-2-thread-22] DEBUG org.apache.http.wire -- http-outgoing-7 << "Keep-Alive: timeout=5[\r][\n]"
16:19:34.961 [pool-2-thread-22] DEBUG org.apache.http.wire -- http-outgoing-7 << "[\r][\n]"
16:19:34.961 [pool-2-thread-22] DEBUG org.apache.http.wire -- http-outgoing-7 << "{"access_token":"eyJhbGciOiJIUzI1NiIsInR5cCI6IkpXVCJ9.eyJzdWIiOiIyYjg0YWEyNC02NjhhLTQwZTItYWYxYy1hZDRmYzRmYTVhNmYiLCJ1c2VybmFtZSI6InF1YW5nMSIsInJvbGUiOjAsImlhdCI6MTc1MDc1Njc3NCwiZXhwIjoxNzUwNzYwMzc0fQ.J6EsPqJgJvTRsdRcKoIhW4LMtq_TZGcXGgleaK4OCuA","refresh_token":"dc789282a6cf949a7fc377f2259d97c8bf4063b8031bbb3135116cda9c08c994","user":{"id":"2b84aa24-668a-40e2-af1c-ad4fc4fa5a6f","email":"quang1@gmail.com","username":"quang1","name":"quang1","phoneNumber":"09874563210","profilePic":"https://res.cloudinary.com/dizcvrefo/image/upload/v1749027586/nestjs_uploads/xehairydt9rzlbmbmv4c.jpg","bio":"Thang Nam Lao Vua Thoi","private":false,"verified":false,"role":0,"followersCount":2,"followingCount":3,"postCount":2}}"
16:19:34.961 [pool-2-thread-22] DEBUG org.apache.http.headers -- http-outgoing-7 << HTTP/1.1 200 OK
16:19:34.961 [pool-2-thread-22] DEBUG org.apache.http.headers -- http-outgoing-7 << X-Powered-By: Express
16:19:34.961 [pool-2-thread-22] DEBUG org.apache.http.headers -- http-outgoing-7 << Access-Control-Allow-Origin: *
16:19:34.961 [pool-2-thread-22] DEBUG org.apache.http.headers -- http-outgoing-7 << Content-Type: application/json; charset=utf-8
16:19:34.961 [pool-2-thread-22] DEBUG org.apache.http.headers -- http-outgoing-7 << Content-Length: 715
16:19:34.961 [pool-2-thread-22] DEBUG org.apache.http.headers -- http-outgoing-7 << ETag: W/"2cb-khFBvHV3/e5rBLas8t3BsQEdxPg"
16:19:34.961 [pool-2-thread-22] DEBUG org.apache.http.headers -- http-outgoing-7 << Date: Tue, 24 Jun 2025 09:19:34 GMT
16:19:34.961 [pool-2-thread-22] DEBUG org.apache.http.headers -- http-outgoing-7 << Connection: keep-alive
16:19:34.961 [pool-2-thread-22] DEBUG org.apache.http.headers -- http-outgoing-7 << Keep-Alive: timeout=5
16:19:34.961 [pool-2-thread-22] DEBUG org.apache.http.impl.execchain.MainClientExec -- Connection can be kept alive for 5000 MILLISECONDS
16:19:34.961 [pool-2-thread-68] INFO com.intuit.karate -- [print] Concurrent call completed, status: 200 
16:19:34.961 [pool-2-thread-21] DEBUG org.apache.http.wire -- http-outgoing-77 << "HTTP/1.1 200 OK[\r][\n]"
16:19:34.961 [pool-2-thread-21] DEBUG org.apache.http.wire -- http-outgoing-77 << "X-Powered-By: Express[\r][\n]"
16:19:34.961 [pool-2-thread-22] DEBUG org.apache.http.impl.conn.PoolingHttpClientConnectionManager -- Connection [id: 10][route: {}->http://localhost:3000] can be kept alive for 5.0 seconds
16:19:34.961 [pool-2-thread-21] DEBUG org.apache.http.wire -- http-outgoing-77 << "Access-Control-Allow-Origin: *[\r][\n]"
16:19:34.961 [pool-2-thread-22] DEBUG org.apache.http.impl.conn.DefaultManagedHttpClientConnection -- http-outgoing-7: set socket timeout to 0
16:19:34.961 [pool-2-thread-21] DEBUG org.apache.http.wire -- http-outgoing-77 << "Content-Type: application/json; charset=utf-8[\r][\n]"
16:19:34.961 [pool-2-thread-21] DEBUG org.apache.http.wire -- http-outgoing-77 << "Content-Length: 708[\r][\n]"
16:19:34.961 [pool-2-thread-21] DEBUG org.apache.http.wire -- http-outgoing-77 << "ETag: W/"2c4-KdgTM8TFj0BbLHhDKdwURem+ukA"[\r][\n]"
16:19:34.961 [pool-2-thread-21] DEBUG org.apache.http.wire -- http-outgoing-77 << "Date: Tue, 24 Jun 2025 09:19:34 GMT[\r][\n]"
16:19:34.961 [pool-2-thread-21] DEBUG org.apache.http.wire -- http-outgoing-77 << "Connection: keep-alive[\r][\n]"
16:19:34.961 [pool-2-thread-21] DEBUG org.apache.http.wire -- http-outgoing-77 << "Keep-Alive: timeout=5[\r][\n]"
16:19:34.961 [pool-2-thread-21] DEBUG org.apache.http.wire -- http-outgoing-77 << "[\r][\n]"
16:19:34.961 [pool-2-thread-22] DEBUG org.apache.http.impl.conn.PoolingHttpClientConnectionManager -- Connection released: [id: 10][route: {}->http://localhost:3000][total available: 1; route allocated: 1 of 5; total allocated: 1 of 10]
16:19:34.961 [pool-2-thread-22] DEBUG org.apache.http.impl.conn.PoolingHttpClientConnectionManager -- Connection manager is shutting down
16:19:34.963 [pool-2-thread-22] DEBUG org.apache.http.impl.conn.DefaultManagedHttpClientConnection -- http-outgoing-7: Close connection
16:19:34.963 [pool-2-thread-21] DEBUG org.apache.http.wire -- http-outgoing-77 << "{"access_token":"eyJhbGciOiJIUzI1NiIsInR5cCI6IkpXVCJ9.eyJzdWIiOiIwODUxNWIwNS0yZDNlLTQ3ODktYWQ2MC1kYjM1NTI1YTQ5NzAiLCJ1c2VybmFtZSI6Im5hbSIsInJvbGUiOjAsImlhdCI6MTc1MDc1Njc3NCwiZXhwIjoxNzUwNzYwMzc0fQ.9iWrfUKMMfF6_O4A5_6-LQEUkdPt3L3WBLt1Oet-jRU","refresh_token":"6bb26082cc27cb431ac275ea2f3675264ed112bef9babe82492e20b1d1352ee1","user":{"id":"08515b05-2d3e-4789-ad60-db35525a4970","email":"nam@gmail.com","username":"nam","name":"nam","phoneNumber":"0123456789","profilePic":"https://res.cloudinary.com/dizcvrefo/image/upload/v1749266646/nestjs_uploads/zk9zrpeidnovxibfqdxr.png","bio":"Chu tich hoi dong Quan tri 1","private":false,"verified":false,"role":0,"followersCount":2,"followingCount":5,"postCount":13}}"
16:19:34.963 [pool-2-thread-21] DEBUG org.apache.http.headers -- http-outgoing-77 << HTTP/1.1 200 OK
16:19:34.963 [pool-2-thread-21] DEBUG org.apache.http.headers -- http-outgoing-77 << X-Powered-By: Express
16:19:34.963 [pool-2-thread-21] DEBUG org.apache.http.headers -- http-outgoing-77 << Access-Control-Allow-Origin: *
16:19:34.963 [pool-2-thread-21] DEBUG org.apache.http.headers -- http-outgoing-77 << Content-Type: application/json; charset=utf-8
16:19:34.963 [pool-2-thread-21] DEBUG org.apache.http.headers -- http-outgoing-77 << Content-Length: 708
16:19:34.963 [pool-2-thread-22] DEBUG org.apache.http.impl.conn.PoolingHttpClientConnectionManager -- Connection manager shut down
16:19:34.963 [pool-2-thread-21] DEBUG org.apache.http.headers -- http-outgoing-77 << ETag: W/"2c4-KdgTM8TFj0BbLHhDKdwURem+ukA"
16:19:34.963 [pool-2-thread-21] DEBUG org.apache.http.headers -- http-outgoing-77 << Date: Tue, 24 Jun 2025 09:19:34 GMT
16:19:34.963 [pool-2-thread-21] DEBUG org.apache.http.headers -- http-outgoing-77 << Connection: keep-alive
16:19:34.963 [pool-2-thread-21] DEBUG org.apache.http.headers -- http-outgoing-77 << Keep-Alive: timeout=5
16:19:34.963 [pool-2-thread-21] DEBUG org.apache.http.impl.execchain.MainClientExec -- Connection can be kept alive for 5000 MILLISECONDS
16:19:34.963 [pool-2-thread-22] DEBUG com.intuit.karate -- response time in milliseconds: 15152
1 < 200
1 < X-Powered-By: Express
1 < Access-Control-Allow-Origin: *
1 < Content-Type: application/json; charset=utf-8
1 < Content-Length: 715
1 < ETag: W/"2cb-khFBvHV3/e5rBLas8t3BsQEdxPg"
1 < Date: Tue, 24 Jun 2025 09:19:34 GMT
1 < Connection: keep-alive
1 < Keep-Alive: timeout=5
{"access_token":"eyJhbGciOiJIUzI1NiIsInR5cCI6IkpXVCJ9.eyJzdWIiOiIyYjg0YWEyNC02NjhhLTQwZTItYWYxYy1hZDRmYzRmYTVhNmYiLCJ1c2VybmFtZSI6InF1YW5nMSIsInJvbGUiOjAsImlhdCI6MTc1MDc1Njc3NCwiZXhwIjoxNzUwNzYwMzc0fQ.J6EsPqJgJvTRsdRcKoIhW4LMtq_TZGcXGgleaK4OCuA","refresh_token":"dc789282a6cf949a7fc377f2259d97c8bf4063b8031bbb3135116cda9c08c994","user":{"id":"2b84aa24-668a-40e2-af1c-ad4fc4fa5a6f","email":"quang1@gmail.com","username":"quang1","name":"quang1","phoneNumber":"09874563210","profilePic":"https://res.cloudinary.com/dizcvrefo/image/upload/v1749027586/nestjs_uploads/xehairydt9rzlbmbmv4c.jpg","bio":"Thang Nam Lao Vua Thoi","private":false,"verified":false,"role":0,"followersCount":2,"followingCount":3,"postCount":2}}

16:19:34.963 [pool-2-thread-21] DEBUG org.apache.http.impl.conn.PoolingHttpClientConnectionManager -- Connection [id: 44][route: {}->http://localhost:3000] can be kept alive for 5.0 seconds
16:19:34.963 [pool-2-thread-21] DEBUG org.apache.http.impl.conn.DefaultManagedHttpClientConnection -- http-outgoing-77: set socket timeout to 0
16:19:34.963 [pool-2-thread-21] DEBUG org.apache.http.impl.conn.PoolingHttpClientConnectionManager -- Connection released: [id: 44][route: {}->http://localhost:3000][total available: 1; route allocated: 1 of 5; total allocated: 1 of 10]
16:19:34.963 [pool-2-thread-21] DEBUG org.apache.http.impl.conn.PoolingHttpClientConnectionManager -- Connection manager is shutting down
16:19:34.963 [pool-2-thread-21] DEBUG org.apache.http.impl.conn.DefaultManagedHttpClientConnection -- http-outgoing-77: Close connection
16:19:34.963 [pool-2-thread-21] DEBUG org.apache.http.impl.conn.PoolingHttpClientConnectionManager -- Connection manager shut down
16:19:34.963 [pool-2-thread-21] DEBUG com.intuit.karate -- response time in milliseconds: 15152
1 < 200
1 < X-Powered-By: Express
1 < Access-Control-Allow-Origin: *
1 < Content-Type: application/json; charset=utf-8
1 < Content-Length: 708
1 < ETag: W/"2c4-KdgTM8TFj0BbLHhDKdwURem+ukA"
1 < Date: Tue, 24 Jun 2025 09:19:34 GMT
1 < Connection: keep-alive
1 < Keep-Alive: timeout=5
{"access_token":"eyJhbGciOiJIUzI1NiIsInR5cCI6IkpXVCJ9.eyJzdWIiOiIwODUxNWIwNS0yZDNlLTQ3ODktYWQ2MC1kYjM1NTI1YTQ5NzAiLCJ1c2VybmFtZSI6Im5hbSIsInJvbGUiOjAsImlhdCI6MTc1MDc1Njc3NCwiZXhwIjoxNzUwNzYwMzc0fQ.9iWrfUKMMfF6_O4A5_6-LQEUkdPt3L3WBLt1Oet-jRU","refresh_token":"6bb26082cc27cb431ac275ea2f3675264ed112bef9babe82492e20b1d1352ee1","user":{"id":"08515b05-2d3e-4789-ad60-db35525a4970","email":"nam@gmail.com","username":"nam","name":"nam","phoneNumber":"0123456789","profilePic":"https://res.cloudinary.com/dizcvrefo/image/upload/v1749266646/nestjs_uploads/zk9zrpeidnovxibfqdxr.png","bio":"Chu tich hoi dong Quan tri 1","private":false,"verified":false,"role":0,"followersCount":2,"followingCount":5,"postCount":13}}

16:19:34.964 [pool-2-thread-56] DEBUG org.apache.http.wire -- http-outgoing-30 << "HTTP/1.1 200 OK[\r][\n]"
16:19:34.964 [pool-2-thread-56] DEBUG org.apache.http.wire -- http-outgoing-30 << "X-Powered-By: Express[\r][\n]"
16:19:34.964 [pool-2-thread-56] DEBUG org.apache.http.wire -- http-outgoing-30 << "Access-Control-Allow-Origin: *[\r][\n]"
16:19:34.964 [pool-2-thread-56] DEBUG org.apache.http.wire -- http-outgoing-30 << "Content-Type: application/json; charset=utf-8[\r][\n]"
16:19:34.964 [pool-2-thread-56] DEBUG org.apache.http.wire -- http-outgoing-30 << "Content-Length: 607[\r][\n]"
16:19:34.964 [pool-2-thread-56] DEBUG org.apache.http.wire -- http-outgoing-30 << "ETag: W/"25f-KljyzJuXWI5yeb1iN7oVVFWunKY"[\r][\n]"
16:19:34.964 [pool-2-thread-56] DEBUG org.apache.http.wire -- http-outgoing-30 << "Date: Tue, 24 Jun 2025 09:19:34 GMT[\r][\n]"
16:19:34.964 [pool-2-thread-56] DEBUG org.apache.http.wire -- http-outgoing-30 << "Connection: keep-alive[\r][\n]"
16:19:34.964 [pool-2-thread-56] DEBUG org.apache.http.wire -- http-outgoing-30 << "Keep-Alive: timeout=5[\r][\n]"
16:19:34.964 [pool-2-thread-56] DEBUG org.apache.http.wire -- http-outgoing-30 << "[\r][\n]"
16:19:34.964 [pool-2-thread-56] DEBUG org.apache.http.wire -- http-outgoing-30 << "{"access_token":"eyJhbGciOiJIUzI1NiIsInR5cCI6IkpXVCJ9.eyJzdWIiOiI5YTI2OTc2Yy0xNTMyLTRkZjMtYTE2ZS03NjMxNTI1Yzg1MDIiLCJ1c2VybmFtZSI6ImpvaG5kb2UyZDUiLCJyb2xlIjowLCJpYXQiOjE3NTA3NTY3NzQsImV4cCI6MTc1MDc2MDM3NH0.l5dKAMylFeq7ZBGCu4trlgGPLC-ofWz6H8iZkZLLMlk","refresh_token":"3a0a952fca7290ac04135f94762aff37f14a285828e8576ef2c6f5316b2c8796","user":{"id":"9a26976c-1532-4df3-a16e-7631525c8502","email":"testit4@gmail.com","username":"johndoe2d5","name":"John Doe","phoneNumber":"0123456212","profilePic":null,"bio":null,"private":false,"verified":false,"role":0,"followersCount":0,"followingCount":0,"postCount":0}}"
16:19:34.964 [pool-2-thread-21] INFO com.intuit.karate -- [print] Concurrent call completed, status: 200 
16:19:34.964 [pool-2-thread-22] INFO com.intuit.karate -- [print] Concurrent call completed, status: 200 
16:19:34.965 [pool-2-thread-56] DEBUG org.apache.http.headers -- http-outgoing-30 << HTTP/1.1 200 OK
16:19:34.965 [pool-2-thread-56] DEBUG org.apache.http.headers -- http-outgoing-30 << X-Powered-By: Express
16:19:34.965 [pool-2-thread-56] DEBUG org.apache.http.headers -- http-outgoing-30 << Access-Control-Allow-Origin: *
16:19:34.965 [pool-2-thread-56] DEBUG org.apache.http.headers -- http-outgoing-30 << Content-Type: application/json; charset=utf-8
16:19:34.965 [pool-2-thread-56] DEBUG org.apache.http.headers -- http-outgoing-30 << Content-Length: 607
16:19:34.965 [pool-2-thread-56] DEBUG org.apache.http.headers -- http-outgoing-30 << ETag: W/"25f-KljyzJuXWI5yeb1iN7oVVFWunKY"
16:19:34.965 [pool-2-thread-56] DEBUG org.apache.http.headers -- http-outgoing-30 << Date: Tue, 24 Jun 2025 09:19:34 GMT
16:19:34.965 [pool-2-thread-56] DEBUG org.apache.http.headers -- http-outgoing-30 << Connection: keep-alive
16:19:34.965 [pool-2-thread-56] DEBUG org.apache.http.headers -- http-outgoing-30 << Keep-Alive: timeout=5
16:19:34.965 [pool-2-thread-56] DEBUG org.apache.http.impl.execchain.MainClientExec -- Connection can be kept alive for 5000 MILLISECONDS
16:19:34.965 [pool-2-thread-56] DEBUG org.apache.http.impl.conn.PoolingHttpClientConnectionManager -- Connection [id: 40][route: {}->http://localhost:3000] can be kept alive for 5.0 seconds
16:19:34.965 [pool-2-thread-56] DEBUG org.apache.http.impl.conn.DefaultManagedHttpClientConnection -- http-outgoing-30: set socket timeout to 0
16:19:34.965 [pool-2-thread-56] DEBUG org.apache.http.impl.conn.PoolingHttpClientConnectionManager -- Connection released: [id: 40][route: {}->http://localhost:3000][total available: 1; route allocated: 1 of 5; total allocated: 1 of 10]
16:19:34.965 [pool-2-thread-56] DEBUG org.apache.http.impl.conn.PoolingHttpClientConnectionManager -- Connection manager is shutting down
16:19:34.965 [pool-2-thread-56] DEBUG org.apache.http.impl.conn.DefaultManagedHttpClientConnection -- http-outgoing-30: Close connection
16:19:34.965 [pool-2-thread-56] DEBUG org.apache.http.impl.conn.PoolingHttpClientConnectionManager -- Connection manager shut down
16:19:34.965 [pool-2-thread-56] DEBUG com.intuit.karate -- response time in milliseconds: 15146
1 < 200
1 < X-Powered-By: Express
1 < Access-Control-Allow-Origin: *
1 < Content-Type: application/json; charset=utf-8
1 < Content-Length: 607
1 < ETag: W/"25f-KljyzJuXWI5yeb1iN7oVVFWunKY"
1 < Date: Tue, 24 Jun 2025 09:19:34 GMT
1 < Connection: keep-alive
1 < Keep-Alive: timeout=5
{"access_token":"eyJhbGciOiJIUzI1NiIsInR5cCI6IkpXVCJ9.eyJzdWIiOiI5YTI2OTc2Yy0xNTMyLTRkZjMtYTE2ZS03NjMxNTI1Yzg1MDIiLCJ1c2VybmFtZSI6ImpvaG5kb2UyZDUiLCJyb2xlIjowLCJpYXQiOjE3NTA3NTY3NzQsImV4cCI6MTc1MDc2MDM3NH0.l5dKAMylFeq7ZBGCu4trlgGPLC-ofWz6H8iZkZLLMlk","refresh_token":"3a0a952fca7290ac04135f94762aff37f14a285828e8576ef2c6f5316b2c8796","user":{"id":"9a26976c-1532-4df3-a16e-7631525c8502","email":"testit4@gmail.com","username":"johndoe2d5","name":"John Doe","phoneNumber":"0123456212","profilePic":null,"bio":null,"private":false,"verified":false,"role":0,"followersCount":0,"followingCount":0,"postCount":0}}

16:19:34.967 [pool-2-thread-56] INFO com.intuit.karate -- [print] Concurrent call completed, status: 200 
16:19:35.009 [pool-2-thread-54] DEBUG org.apache.http.wire -- http-outgoing-64 << "HTTP/1.1 500 Internal Server Error[\r][\n]"
16:19:35.009 [pool-2-thread-54] DEBUG org.apache.http.wire -- http-outgoing-64 << "X-Powered-By: Express[\r][\n]"
16:19:35.009 [pool-2-thread-54] DEBUG org.apache.http.wire -- http-outgoing-64 << "Access-Control-Allow-Origin: *[\r][\n]"
16:19:35.009 [pool-2-thread-54] DEBUG org.apache.http.wire -- http-outgoing-64 << "Content-Type: application/json; charset=utf-8[\r][\n]"
16:19:35.009 [pool-2-thread-54] DEBUG org.apache.http.wire -- http-outgoing-64 << "Content-Length: 510[\r][\n]"
16:19:35.009 [pool-2-thread-54] DEBUG org.apache.http.wire -- http-outgoing-64 << "ETag: W/"1fe-2NULaMLyOcqEJGtRCy7eUhJJcQI"[\r][\n]"
16:19:35.009 [pool-2-thread-54] DEBUG org.apache.http.wire -- http-outgoing-64 << "Date: Tue, 24 Jun 2025 09:19:34 GMT[\r][\n]"
16:19:35.009 [pool-2-thread-54] DEBUG org.apache.http.wire -- http-outgoing-64 << "Connection: keep-alive[\r][\n]"
16:19:35.009 [pool-2-thread-54] DEBUG org.apache.http.wire -- http-outgoing-64 << "Keep-Alive: timeout=5[\r][\n]"
16:19:35.009 [pool-2-thread-54] DEBUG org.apache.http.wire -- http-outgoing-64 << "[\r][\n]"
16:19:35.009 [pool-2-thread-54] DEBUG org.apache.http.wire -- http-outgoing-64 << "{"success":false,"statusCode":500,"message":"\nInvalid `this.prisma.user.update()` invocation in\nD:\\Documents\\Workspace\\react_native\\roamly_backend\\src\\modules\\auth\\auth.service.ts:119:28\n\n  116 const refreshToken = crypto.randomBytes(32).toString('hex');\n  117 \n  118 // Update user with new refresh token\n[0xe2][0x86][0x92] 119 await this.prisma.user.update(\nTransaction failed due to a write conflict or a deadlock. Please retry your transaction","path":"/auth/login","timestamp":"2025-06-24T09:19:35.008Z"}"
16:19:35.009 [pool-2-thread-54] DEBUG org.apache.http.headers -- http-outgoing-64 << HTTP/1.1 500 Internal Server Error
16:19:35.009 [pool-2-thread-54] DEBUG org.apache.http.headers -- http-outgoing-64 << X-Powered-By: Express
16:19:35.009 [pool-2-thread-54] DEBUG org.apache.http.headers -- http-outgoing-64 << Access-Control-Allow-Origin: *
16:19:35.009 [pool-2-thread-54] DEBUG org.apache.http.headers -- http-outgoing-64 << Content-Type: application/json; charset=utf-8
16:19:35.009 [pool-2-thread-54] DEBUG org.apache.http.headers -- http-outgoing-64 << Content-Length: 510
16:19:35.009 [pool-2-thread-54] DEBUG org.apache.http.headers -- http-outgoing-64 << ETag: W/"1fe-2NULaMLyOcqEJGtRCy7eUhJJcQI"
16:19:35.009 [pool-2-thread-54] DEBUG org.apache.http.headers -- http-outgoing-64 << Date: Tue, 24 Jun 2025 09:19:34 GMT
16:19:35.009 [pool-2-thread-54] DEBUG org.apache.http.headers -- http-outgoing-64 << Connection: keep-alive
16:19:35.009 [pool-2-thread-54] DEBUG org.apache.http.headers -- http-outgoing-64 << Keep-Alive: timeout=5
16:19:35.009 [pool-2-thread-54] DEBUG org.apache.http.impl.execchain.MainClientExec -- Connection can be kept alive for 5000 MILLISECONDS
16:19:35.009 [pool-2-thread-54] DEBUG org.apache.http.impl.conn.PoolingHttpClientConnectionManager -- Connection [id: 50][route: {}->http://localhost:3000] can be kept alive for 5.0 seconds
16:19:35.009 [pool-2-thread-54] DEBUG org.apache.http.impl.conn.DefaultManagedHttpClientConnection -- http-outgoing-64: set socket timeout to 0
16:19:35.009 [pool-2-thread-54] DEBUG org.apache.http.impl.conn.PoolingHttpClientConnectionManager -- Connection released: [id: 50][route: {}->http://localhost:3000][total available: 1; route allocated: 1 of 5; total allocated: 1 of 10]
16:19:35.009 [pool-2-thread-54] DEBUG org.apache.http.impl.conn.PoolingHttpClientConnectionManager -- Connection manager is shutting down
16:19:35.009 [pool-2-thread-54] DEBUG org.apache.http.impl.conn.DefaultManagedHttpClientConnection -- http-outgoing-64: Close connection
16:19:35.010 [pool-2-thread-54] DEBUG org.apache.http.impl.conn.PoolingHttpClientConnectionManager -- Connection manager shut down
16:19:35.010 [pool-2-thread-54] DEBUG com.intuit.karate -- response time in milliseconds: 15202
1 < 500
1 < X-Powered-By: Express
1 < Access-Control-Allow-Origin: *
1 < Content-Type: application/json; charset=utf-8
1 < Content-Length: 510
1 < ETag: W/"1fe-2NULaMLyOcqEJGtRCy7eUhJJcQI"
1 < Date: Tue, 24 Jun 2025 09:19:34 GMT
1 < Connection: keep-alive
1 < Keep-Alive: timeout=5
{"success":false,"statusCode":500,"message":"\nInvalid `this.prisma.user.update()` invocation in\nD:\\Documents\\Workspace\\react_native\\roamly_backend\\src\\modules\\auth\\auth.service.ts:119:28\n\n  116 const refreshToken = crypto.randomBytes(32).toString('hex');\n  117 \n  118 // Update user with new refresh token\n? 119 await this.prisma.user.update(\nTransaction failed due to a write conflict or a deadlock. Please retry your transaction","path":"/auth/login","timestamp":"2025-06-24T09:19:35.008Z"}

16:19:35.011 [pool-2-thread-54] ERROR com.intuit.karate -- classpath:features/performance/login-performance-concurrent.feature:13
Then status 200
status code was: 500, expected: 200, response time in milliseconds: 15202, url: http://localhost:3000/auth/login, response: 
{"success":false,"statusCode":500,"message":"\nInvalid `this.prisma.user.update()` invocation in\nD:\\Documents\\Workspace\\react_native\\roamly_backend\\src\\modules\\auth\\auth.service.ts:119:28\n\n  116 const refreshToken = crypto.randomBytes(32).toString('hex');\n  117 \n  118 // Update user with new refresh token\n? 119 await this.prisma.user.update(\nTransaction failed due to a write conflict or a deadlock. Please retry your transaction","path":"/auth/login","timestamp":"2025-06-24T09:19:35.008Z"}
classpath:features/performance/login-performance-concurrent.feature:13
16:19:35.073 [pool-2-thread-62] DEBUG org.apache.http.wire -- http-outgoing-10 << "HTTP/1.1 200 OK[\r][\n]"
16:19:35.073 [pool-2-thread-62] DEBUG org.apache.http.wire -- http-outgoing-10 << "X-Powered-By: Express[\r][\n]"
16:19:35.073 [pool-2-thread-62] DEBUG org.apache.http.wire -- http-outgoing-10 << "Access-Control-Allow-Origin: *[\r][\n]"
16:19:35.073 [pool-2-thread-62] DEBUG org.apache.http.wire -- http-outgoing-10 << "Content-Type: application/json; charset=utf-8[\r][\n]"
16:19:35.073 [pool-2-thread-62] DEBUG org.apache.http.wire -- http-outgoing-10 << "Content-Length: 715[\r][\n]"
16:19:35.073 [pool-2-thread-62] DEBUG org.apache.http.wire -- http-outgoing-10 << "ETag: W/"2cb-tiwYHlQdKi4v2wLzd5Qu0vxOwg8"[\r][\n]"
16:19:35.073 [pool-2-thread-62] DEBUG org.apache.http.wire -- http-outgoing-10 << "Date: Tue, 24 Jun 2025 09:19:35 GMT[\r][\n]"
16:19:35.073 [pool-2-thread-62] DEBUG org.apache.http.wire -- http-outgoing-10 << "Connection: keep-alive[\r][\n]"
16:19:35.073 [pool-2-thread-62] DEBUG org.apache.http.wire -- http-outgoing-10 << "Keep-Alive: timeout=5[\r][\n]"
16:19:35.073 [pool-2-thread-62] DEBUG org.apache.http.wire -- http-outgoing-10 << "[\r][\n]"
16:19:35.073 [pool-2-thread-62] DEBUG org.apache.http.wire -- http-outgoing-10 << "{"access_token":"eyJhbGciOiJIUzI1NiIsInR5cCI6IkpXVCJ9.eyJzdWIiOiIyYjg0YWEyNC02NjhhLTQwZTItYWYxYy1hZDRmYzRmYTVhNmYiLCJ1c2VybmFtZSI6InF1YW5nMSIsInJvbGUiOjAsImlhdCI6MTc1MDc1Njc3NSwiZXhwIjoxNzUwNzYwMzc1fQ.Z1Kqz8G8VK-MDNWwum0-dfVmMyKEREGcggyL8K3zNFE","refresh_token":"b1d66a6690bfa5da06406dc14c518b2a1df3525ee684468ef2872beb1d908e64","user":{"id":"2b84aa24-668a-40e2-af1c-ad4fc4fa5a6f","email":"quang1@gmail.com","username":"quang1","name":"quang1","phoneNumber":"09874563210","profilePic":"https://res.cloudinary.com/dizcvrefo/image/upload/v1749027586/nestjs_uploads/xehairydt9rzlbmbmv4c.jpg","bio":"Thang Nam Lao Vua Thoi","private":false,"verified":false,"role":0,"followersCount":2,"followingCount":3,"postCount":2}}"
16:19:35.074 [pool-2-thread-62] DEBUG org.apache.http.headers -- http-outgoing-10 << HTTP/1.1 200 OK
16:19:35.074 [pool-2-thread-62] DEBUG org.apache.http.headers -- http-outgoing-10 << X-Powered-By: Express
16:19:35.074 [pool-2-thread-62] DEBUG org.apache.http.headers -- http-outgoing-10 << Access-Control-Allow-Origin: *
16:19:35.074 [pool-2-thread-62] DEBUG org.apache.http.headers -- http-outgoing-10 << Content-Type: application/json; charset=utf-8
16:19:35.074 [pool-2-thread-62] DEBUG org.apache.http.headers -- http-outgoing-10 << Content-Length: 715
16:19:35.074 [pool-2-thread-62] DEBUG org.apache.http.headers -- http-outgoing-10 << ETag: W/"2cb-tiwYHlQdKi4v2wLzd5Qu0vxOwg8"
16:19:35.074 [pool-2-thread-62] DEBUG org.apache.http.headers -- http-outgoing-10 << Date: Tue, 24 Jun 2025 09:19:35 GMT
16:19:35.074 [pool-2-thread-62] DEBUG org.apache.http.headers -- http-outgoing-10 << Connection: keep-alive
16:19:35.074 [pool-2-thread-62] DEBUG org.apache.http.headers -- http-outgoing-10 << Keep-Alive: timeout=5
16:19:35.074 [pool-2-thread-62] DEBUG org.apache.http.impl.execchain.MainClientExec -- Connection can be kept alive for 5000 MILLISECONDS
16:19:35.074 [pool-2-thread-62] DEBUG org.apache.http.impl.conn.PoolingHttpClientConnectionManager -- Connection [id: 30][route: {}->http://localhost:3000] can be kept alive for 5.0 seconds
16:19:35.074 [pool-2-thread-62] DEBUG org.apache.http.impl.conn.DefaultManagedHttpClientConnection -- http-outgoing-10: set socket timeout to 0
16:19:35.074 [pool-2-thread-62] DEBUG org.apache.http.impl.conn.PoolingHttpClientConnectionManager -- Connection released: [id: 30][route: {}->http://localhost:3000][total available: 1; route allocated: 1 of 5; total allocated: 1 of 10]
16:19:35.074 [pool-2-thread-62] DEBUG org.apache.http.impl.conn.PoolingHttpClientConnectionManager -- Connection manager is shutting down
16:19:35.074 [pool-2-thread-62] DEBUG org.apache.http.impl.conn.DefaultManagedHttpClientConnection -- http-outgoing-10: Close connection
16:19:35.074 [pool-2-thread-62] DEBUG org.apache.http.impl.conn.PoolingHttpClientConnectionManager -- Connection manager shut down
16:19:35.074 [pool-2-thread-62] DEBUG com.intuit.karate -- response time in milliseconds: 15265
1 < 200
1 < X-Powered-By: Express
1 < Access-Control-Allow-Origin: *
1 < Content-Type: application/json; charset=utf-8
1 < Content-Length: 715
1 < ETag: W/"2cb-tiwYHlQdKi4v2wLzd5Qu0vxOwg8"
1 < Date: Tue, 24 Jun 2025 09:19:35 GMT
1 < Connection: keep-alive
1 < Keep-Alive: timeout=5
{"access_token":"eyJhbGciOiJIUzI1NiIsInR5cCI6IkpXVCJ9.eyJzdWIiOiIyYjg0YWEyNC02NjhhLTQwZTItYWYxYy1hZDRmYzRmYTVhNmYiLCJ1c2VybmFtZSI6InF1YW5nMSIsInJvbGUiOjAsImlhdCI6MTc1MDc1Njc3NSwiZXhwIjoxNzUwNzYwMzc1fQ.Z1Kqz8G8VK-MDNWwum0-dfVmMyKEREGcggyL8K3zNFE","refresh_token":"b1d66a6690bfa5da06406dc14c518b2a1df3525ee684468ef2872beb1d908e64","user":{"id":"2b84aa24-668a-40e2-af1c-ad4fc4fa5a6f","email":"quang1@gmail.com","username":"quang1","name":"quang1","phoneNumber":"09874563210","profilePic":"https://res.cloudinary.com/dizcvrefo/image/upload/v1749027586/nestjs_uploads/xehairydt9rzlbmbmv4c.jpg","bio":"Thang Nam Lao Vua Thoi","private":false,"verified":false,"role":0,"followersCount":2,"followingCount":3,"postCount":2}}

16:19:35.077 [pool-2-thread-62] INFO com.intuit.karate -- [print] Concurrent call completed, status: 200 
16:19:35.099 [pool-2-thread-74] DEBUG org.apache.http.wire -- http-outgoing-88 << "HTTP/1.1 200 OK[\r][\n]"
16:19:35.099 [pool-2-thread-74] DEBUG org.apache.http.wire -- http-outgoing-88 << "X-Powered-By: Express[\r][\n]"
16:19:35.099 [pool-2-thread-74] DEBUG org.apache.http.wire -- http-outgoing-88 << "Access-Control-Allow-Origin: *[\r][\n]"
16:19:35.099 [pool-2-thread-74] DEBUG org.apache.http.wire -- http-outgoing-88 << "Content-Type: application/json; charset=utf-8[\r][\n]"
16:19:35.099 [pool-2-thread-74] DEBUG org.apache.http.wire -- http-outgoing-88 << "Content-Length: 608[\r][\n]"
16:19:35.099 [pool-2-thread-74] DEBUG org.apache.http.wire -- http-outgoing-88 << "ETag: W/"260-UkKUp4EZUQSGSPvHJ8q2vuxE4eg"[\r][\n]"
16:19:35.099 [pool-2-thread-74] DEBUG org.apache.http.wire -- http-outgoing-88 << "Date: Tue, 24 Jun 2025 09:19:35 GMT[\r][\n]"
16:19:35.099 [pool-2-thread-74] DEBUG org.apache.http.wire -- http-outgoing-88 << "Connection: keep-alive[\r][\n]"
16:19:35.099 [pool-2-thread-74] DEBUG org.apache.http.wire -- http-outgoing-88 << "Keep-Alive: timeout=5[\r][\n]"
16:19:35.099 [pool-2-thread-74] DEBUG org.apache.http.wire -- http-outgoing-88 << "[\r][\n]"
16:19:35.099 [pool-2-thread-74] DEBUG org.apache.http.wire -- http-outgoing-88 << "{"access_token":"eyJhbGciOiJIUzI1NiIsInR5cCI6IkpXVCJ9.eyJzdWIiOiI4YTI0NzQ2MS01YzA0LTQyMWQtOThmNS1mYTljNzM0ZmFlYTUiLCJ1c2VybmFtZSI6ImphbmVzbWl0aCIsInJvbGUiOjAsImlhdCI6MTc1MDc1Njc3NSwiZXhwIjoxNzUwNzYwMzc1fQ.FmBg1x-CKTGxLOoogkyuyTzzxgrEnHA9NMrFR7bJpss","refresh_token":"8cc8d7914cf175e4ef1031c550ecfa751d7352a8fa2489ca99c3988ef95f354f","user":{"id":"8a247461-5c04-421d-98f5-fa9c734faea5","email":"test2@example.com","username":"janesmith","name":"Jane Smith","phoneNumber":"01234567890","profilePic":null,"bio":null,"private":false,"verified":false,"role":0,"followersCount":0,"followingCount":0,"postCount":0}}"
16:19:35.099 [pool-2-thread-74] DEBUG org.apache.http.headers -- http-outgoing-88 << HTTP/1.1 200 OK
16:19:35.099 [pool-2-thread-74] DEBUG org.apache.http.headers -- http-outgoing-88 << X-Powered-By: Express
16:19:35.099 [pool-2-thread-74] DEBUG org.apache.http.headers -- http-outgoing-88 << Access-Control-Allow-Origin: *
16:19:35.099 [pool-2-thread-74] DEBUG org.apache.http.headers -- http-outgoing-88 << Content-Type: application/json; charset=utf-8
16:19:35.099 [pool-2-thread-74] DEBUG org.apache.http.headers -- http-outgoing-88 << Content-Length: 608
16:19:35.099 [pool-2-thread-74] DEBUG org.apache.http.headers -- http-outgoing-88 << ETag: W/"260-UkKUp4EZUQSGSPvHJ8q2vuxE4eg"
16:19:35.099 [pool-2-thread-74] DEBUG org.apache.http.headers -- http-outgoing-88 << Date: Tue, 24 Jun 2025 09:19:35 GMT
16:19:35.099 [pool-2-thread-74] DEBUG org.apache.http.headers -- http-outgoing-88 << Connection: keep-alive
16:19:35.099 [pool-2-thread-74] DEBUG org.apache.http.headers -- http-outgoing-88 << Keep-Alive: timeout=5
16:19:35.099 [pool-2-thread-74] DEBUG org.apache.http.impl.execchain.MainClientExec -- Connection can be kept alive for 5000 MILLISECONDS
16:19:35.099 [pool-2-thread-74] DEBUG org.apache.http.impl.conn.PoolingHttpClientConnectionManager -- Connection [id: 84][route: {}->http://localhost:3000] can be kept alive for 5.0 seconds
16:19:35.099 [pool-2-thread-74] DEBUG org.apache.http.impl.conn.DefaultManagedHttpClientConnection -- http-outgoing-88: set socket timeout to 0
16:19:35.099 [pool-2-thread-74] DEBUG org.apache.http.impl.conn.PoolingHttpClientConnectionManager -- Connection released: [id: 84][route: {}->http://localhost:3000][total available: 1; route allocated: 1 of 5; total allocated: 1 of 10]
16:19:35.099 [pool-2-thread-74] DEBUG org.apache.http.impl.conn.PoolingHttpClientConnectionManager -- Connection manager is shutting down
16:19:35.099 [pool-2-thread-74] DEBUG org.apache.http.impl.conn.DefaultManagedHttpClientConnection -- http-outgoing-88: Close connection
16:19:35.099 [pool-2-thread-74] DEBUG org.apache.http.impl.conn.PoolingHttpClientConnectionManager -- Connection manager shut down
16:19:35.099 [pool-2-thread-7] DEBUG org.apache.http.wire -- http-outgoing-0 << "HTTP/1.1 200 OK[\r][\n]"
16:19:35.099 [pool-2-thread-7] DEBUG org.apache.http.wire -- http-outgoing-0 << "X-Powered-By: Express[\r][\n]"
16:19:35.099 [pool-2-thread-7] DEBUG org.apache.http.wire -- http-outgoing-0 << "Access-Control-Allow-Origin: *[\r][\n]"
16:19:35.099 [pool-2-thread-7] DEBUG org.apache.http.wire -- http-outgoing-0 << "Content-Type: application/json; charset=utf-8[\r][\n]"
16:19:35.099 [pool-2-thread-7] DEBUG org.apache.http.wire -- http-outgoing-0 << "Content-Length: 605[\r][\n]"
16:19:35.099 [pool-2-thread-7] DEBUG org.apache.http.wire -- http-outgoing-0 << "ETag: W/"25d-ALUp5CobkbGRf/0Q8zcExOFsg7I"[\r][\n]"
16:19:35.099 [pool-2-thread-74] DEBUG com.intuit.karate -- response time in milliseconds: 15283
1 < 200
1 < X-Powered-By: Express
1 < Access-Control-Allow-Origin: *
1 < Content-Type: application/json; charset=utf-8
1 < Content-Length: 608
1 < ETag: W/"260-UkKUp4EZUQSGSPvHJ8q2vuxE4eg"
1 < Date: Tue, 24 Jun 2025 09:19:35 GMT
1 < Connection: keep-alive
1 < Keep-Alive: timeout=5
{"access_token":"eyJhbGciOiJIUzI1NiIsInR5cCI6IkpXVCJ9.eyJzdWIiOiI4YTI0NzQ2MS01YzA0LTQyMWQtOThmNS1mYTljNzM0ZmFlYTUiLCJ1c2VybmFtZSI6ImphbmVzbWl0aCIsInJvbGUiOjAsImlhdCI6MTc1MDc1Njc3NSwiZXhwIjoxNzUwNzYwMzc1fQ.FmBg1x-CKTGxLOoogkyuyTzzxgrEnHA9NMrFR7bJpss","refresh_token":"8cc8d7914cf175e4ef1031c550ecfa751d7352a8fa2489ca99c3988ef95f354f","user":{"id":"8a247461-5c04-421d-98f5-fa9c734faea5","email":"test2@example.com","username":"janesmith","name":"Jane Smith","phoneNumber":"01234567890","profilePic":null,"bio":null,"private":false,"verified":false,"role":0,"followersCount":0,"followingCount":0,"postCount":0}}

16:19:35.099 [pool-2-thread-7] DEBUG org.apache.http.wire -- http-outgoing-0 << "Date: Tue, 24 Jun 2025 09:19:35 GMT[\r][\n]"
16:19:35.099 [pool-2-thread-7] DEBUG org.apache.http.wire -- http-outgoing-0 << "Connection: keep-alive[\r][\n]"
16:19:35.100 [pool-2-thread-7] DEBUG org.apache.http.wire -- http-outgoing-0 << "Keep-Alive: timeout=5[\r][\n]"
16:19:35.100 [pool-2-thread-7] DEBUG org.apache.http.wire -- http-outgoing-0 << "[\r][\n]"
16:19:35.100 [pool-2-thread-7] DEBUG org.apache.http.wire -- http-outgoing-0 << "{"access_token":"eyJhbGciOiJIUzI1NiIsInR5cCI6IkpXVCJ9.eyJzdWIiOiI2NTBjZTFlZC1hYWNhLTQzOGYtOTk4OC0xZjA1OGFiNWFhMWEiLCJ1c2VybmFtZSI6ImpvaG5kb2UyNSIsInJvbGUiOjAsImlhdCI6MTc1MDc1Njc3NSwiZXhwIjoxNzUwNzYwMzc1fQ.dsJnzH9Z2eS3TWQ3Dv-RypNJBjAjWG5DZ6s13_UhegU","refresh_token":"9b07be8af965a46953125f478dc690427e0a0ac72864582364f861b4b10578c1","user":{"id":"650ce1ed-aaca-438f-9988-1f058ab5aa1a","email":"testit3@gmail.com","username":"johndoe25","name":"John Doe","phoneNumber":"0123456713","profilePic":null,"bio":null,"private":false,"verified":false,"role":0,"followersCount":0,"followingCount":0,"postCount":0}}"
16:19:35.100 [pool-2-thread-7] DEBUG org.apache.http.headers -- http-outgoing-0 << HTTP/1.1 200 OK
16:19:35.100 [pool-2-thread-7] DEBUG org.apache.http.headers -- http-outgoing-0 << X-Powered-By: Express
16:19:35.100 [pool-2-thread-7] DEBUG org.apache.http.headers -- http-outgoing-0 << Access-Control-Allow-Origin: *
16:19:35.100 [pool-2-thread-7] DEBUG org.apache.http.headers -- http-outgoing-0 << Content-Type: application/json; charset=utf-8
16:19:35.100 [pool-2-thread-7] DEBUG org.apache.http.headers -- http-outgoing-0 << Content-Length: 605
16:19:35.100 [pool-2-thread-7] DEBUG org.apache.http.headers -- http-outgoing-0 << ETag: W/"25d-ALUp5CobkbGRf/0Q8zcExOFsg7I"
16:19:35.100 [pool-2-thread-7] DEBUG org.apache.http.headers -- http-outgoing-0 << Date: Tue, 24 Jun 2025 09:19:35 GMT
16:19:35.100 [pool-2-thread-7] DEBUG org.apache.http.headers -- http-outgoing-0 << Connection: keep-alive
16:19:35.100 [pool-2-thread-7] DEBUG org.apache.http.headers -- http-outgoing-0 << Keep-Alive: timeout=5
16:19:35.100 [pool-2-thread-7] DEBUG org.apache.http.impl.execchain.MainClientExec -- Connection can be kept alive for 5000 MILLISECONDS
16:19:35.100 [pool-2-thread-7] DEBUG org.apache.http.impl.conn.PoolingHttpClientConnectionManager -- Connection [id: 6][route: {}->http://localhost:3000] can be kept alive for 5.0 seconds
16:19:35.100 [pool-2-thread-7] DEBUG org.apache.http.impl.conn.DefaultManagedHttpClientConnection -- http-outgoing-0: set socket timeout to 0
16:19:35.100 [pool-2-thread-7] DEBUG org.apache.http.impl.conn.PoolingHttpClientConnectionManager -- Connection released: [id: 6][route: {}->http://localhost:3000][total available: 1; route allocated: 1 of 5; total allocated: 1 of 10]
16:19:35.100 [pool-2-thread-7] DEBUG org.apache.http.impl.conn.PoolingHttpClientConnectionManager -- Connection manager is shutting down
16:19:35.100 [pool-2-thread-7] DEBUG org.apache.http.impl.conn.DefaultManagedHttpClientConnection -- http-outgoing-0: Close connection
16:19:35.100 [pool-2-thread-7] DEBUG org.apache.http.impl.conn.PoolingHttpClientConnectionManager -- Connection manager shut down
16:19:35.100 [pool-2-thread-7] DEBUG com.intuit.karate -- response time in milliseconds: 15289
1 < 200
1 < X-Powered-By: Express
1 < Access-Control-Allow-Origin: *
1 < Content-Type: application/json; charset=utf-8
1 < Content-Length: 605
1 < ETag: W/"25d-ALUp5CobkbGRf/0Q8zcExOFsg7I"
1 < Date: Tue, 24 Jun 2025 09:19:35 GMT
1 < Connection: keep-alive
1 < Keep-Alive: timeout=5
{"access_token":"eyJhbGciOiJIUzI1NiIsInR5cCI6IkpXVCJ9.eyJzdWIiOiI2NTBjZTFlZC1hYWNhLTQzOGYtOTk4OC0xZjA1OGFiNWFhMWEiLCJ1c2VybmFtZSI6ImpvaG5kb2UyNSIsInJvbGUiOjAsImlhdCI6MTc1MDc1Njc3NSwiZXhwIjoxNzUwNzYwMzc1fQ.dsJnzH9Z2eS3TWQ3Dv-RypNJBjAjWG5DZ6s13_UhegU","refresh_token":"9b07be8af965a46953125f478dc690427e0a0ac72864582364f861b4b10578c1","user":{"id":"650ce1ed-aaca-438f-9988-1f058ab5aa1a","email":"testit3@gmail.com","username":"johndoe25","name":"John Doe","phoneNumber":"0123456713","profilePic":null,"bio":null,"private":false,"verified":false,"role":0,"followersCount":0,"followingCount":0,"postCount":0}}

16:19:35.100 [pool-2-thread-23] DEBUG org.apache.http.wire -- http-outgoing-16 << "HTTP/1.1 200 OK[\r][\n]"
16:19:35.100 [pool-2-thread-23] DEBUG org.apache.http.wire -- http-outgoing-16 << "X-Powered-By: Express[\r][\n]"
16:19:35.100 [pool-2-thread-23] DEBUG org.apache.http.wire -- http-outgoing-16 << "Access-Control-Allow-Origin: *[\r][\n]"
16:19:35.100 [pool-2-thread-23] DEBUG org.apache.http.wire -- http-outgoing-16 << "Content-Type: application/json; charset=utf-8[\r][\n]"
16:19:35.100 [pool-2-thread-23] DEBUG org.apache.http.wire -- http-outgoing-16 << "Content-Length: 599[\r][\n]"
16:19:35.100 [pool-2-thread-23] DEBUG org.apache.http.wire -- http-outgoing-16 << "ETag: W/"257-MMk0LDVBgIT0KhGpqbOGN4LiUKg"[\r][\n]"
16:19:35.100 [pool-2-thread-23] DEBUG org.apache.http.wire -- http-outgoing-16 << "Date: Tue, 24 Jun 2025 09:19:35 GMT[\r][\n]"
16:19:35.100 [pool-2-thread-23] DEBUG org.apache.http.wire -- http-outgoing-16 << "Connection: keep-alive[\r][\n]"
16:19:35.100 [pool-2-thread-23] DEBUG org.apache.http.wire -- http-outgoing-16 << "Keep-Alive: timeout=5[\r][\n]"
16:19:35.100 [pool-2-thread-23] DEBUG org.apache.http.wire -- http-outgoing-16 << "[\r][\n]"
16:19:35.100 [pool-2-thread-23] DEBUG org.apache.http.wire -- http-outgoing-16 << "{"access_token":"eyJhbGciOiJIUzI1NiIsInR5cCI6IkpXVCJ9.eyJzdWIiOiIyZGRhMDQzOS01MTgwLTQ1YWEtOTE3Zi1lNjMyZTQ1YThlNDEiLCJ1c2VybmFtZSI6ImpvaG5kb2UiLCJyb2xlIjowLCJpYXQiOjE3NTA3NTY3NzUsImV4cCI6MTc1MDc2MDM3NX0.g_Mp9nf1WG1skB8RxypO77C6iER18-aXpfFnPDtae1w","refresh_token":"95546f60529bea7577313a000b09b2326e353eb4a3b26c45e7869ad1ba93cce2","user":{"id":"2dda0439-5180-45aa-917f-e632e45a8e41","email":"test@example.com","username":"johndoe","name":"John Doe","phoneNumber":"0987654321","profilePic":null,"bio":null,"private":false,"verified":false,"role":0,"followersCount":0,"followingCount":0,"postCount":0}}"
16:19:35.100 [pool-2-thread-23] DEBUG org.apache.http.headers -- http-outgoing-16 << HTTP/1.1 200 OK
16:19:35.100 [pool-2-thread-23] DEBUG org.apache.http.headers -- http-outgoing-16 << X-Powered-By: Express
16:19:35.100 [pool-2-thread-23] DEBUG org.apache.http.headers -- http-outgoing-16 << Access-Control-Allow-Origin: *
16:19:35.100 [pool-2-thread-23] DEBUG org.apache.http.headers -- http-outgoing-16 << Content-Type: application/json; charset=utf-8
16:19:35.100 [pool-2-thread-23] DEBUG org.apache.http.headers -- http-outgoing-16 << Content-Length: 599
16:19:35.100 [pool-2-thread-23] DEBUG org.apache.http.headers -- http-outgoing-16 << ETag: W/"257-MMk0LDVBgIT0KhGpqbOGN4LiUKg"
16:19:35.100 [pool-2-thread-23] DEBUG org.apache.http.headers -- http-outgoing-16 << Date: Tue, 24 Jun 2025 09:19:35 GMT
16:19:35.100 [pool-2-thread-23] DEBUG org.apache.http.headers -- http-outgoing-16 << Connection: keep-alive
16:19:35.100 [pool-2-thread-23] DEBUG org.apache.http.headers -- http-outgoing-16 << Keep-Alive: timeout=5
16:19:35.100 [pool-2-thread-23] DEBUG org.apache.http.impl.execchain.MainClientExec -- Connection can be kept alive for 5000 MILLISECONDS
16:19:35.100 [pool-2-thread-23] DEBUG org.apache.http.impl.conn.PoolingHttpClientConnectionManager -- Connection [id: 67][route: {}->http://localhost:3000] can be kept alive for 5.0 seconds
16:19:35.100 [pool-2-thread-23] DEBUG org.apache.http.impl.conn.DefaultManagedHttpClientConnection -- http-outgoing-16: set socket timeout to 0
16:19:35.100 [pool-2-thread-23] DEBUG org.apache.http.impl.conn.PoolingHttpClientConnectionManager -- Connection released: [id: 67][route: {}->http://localhost:3000][total available: 1; route allocated: 1 of 5; total allocated: 1 of 10]
16:19:35.100 [pool-2-thread-23] DEBUG org.apache.http.impl.conn.PoolingHttpClientConnectionManager -- Connection manager is shutting down
16:19:35.100 [pool-2-thread-23] DEBUG org.apache.http.impl.conn.DefaultManagedHttpClientConnection -- http-outgoing-16: Close connection
16:19:35.101 [pool-2-thread-23] DEBUG org.apache.http.impl.conn.PoolingHttpClientConnectionManager -- Connection manager shut down
16:19:35.101 [pool-2-thread-23] DEBUG com.intuit.karate -- response time in milliseconds: 15284
1 < 200
1 < X-Powered-By: Express
1 < Access-Control-Allow-Origin: *
1 < Content-Type: application/json; charset=utf-8
1 < Content-Length: 599
1 < ETag: W/"257-MMk0LDVBgIT0KhGpqbOGN4LiUKg"
1 < Date: Tue, 24 Jun 2025 09:19:35 GMT
1 < Connection: keep-alive
1 < Keep-Alive: timeout=5
{"access_token":"eyJhbGciOiJIUzI1NiIsInR5cCI6IkpXVCJ9.eyJzdWIiOiIyZGRhMDQzOS01MTgwLTQ1YWEtOTE3Zi1lNjMyZTQ1YThlNDEiLCJ1c2VybmFtZSI6ImpvaG5kb2UiLCJyb2xlIjowLCJpYXQiOjE3NTA3NTY3NzUsImV4cCI6MTc1MDc2MDM3NX0.g_Mp9nf1WG1skB8RxypO77C6iER18-aXpfFnPDtae1w","refresh_token":"95546f60529bea7577313a000b09b2326e353eb4a3b26c45e7869ad1ba93cce2","user":{"id":"2dda0439-5180-45aa-917f-e632e45a8e41","email":"test@example.com","username":"johndoe","name":"John Doe","phoneNumber":"0987654321","profilePic":null,"bio":null,"private":false,"verified":false,"role":0,"followersCount":0,"followingCount":0,"postCount":0}}

16:19:35.101 [pool-2-thread-7] INFO com.intuit.karate -- [print] Concurrent call completed, status: 200 
16:19:35.101 [pool-2-thread-74] INFO com.intuit.karate -- [print] Concurrent call completed, status: 200 
16:19:35.101 [pool-2-thread-23] INFO com.intuit.karate -- [print] Concurrent call completed, status: 200 
16:19:35.251 [pool-3-thread-1] DEBUG org.thymeleaf.TemplateEngine -- [THYMELEAF] INITIALIZING TEMPLATE ENGINE
16:19:35.418 [pool-3-thread-1] DEBUG org.thymeleaf.TemplateEngine.CONFIG -- Initializing Thymeleaf Template engine configuration...
[THYMELEAF] TEMPLATE ENGINE CONFIGURATION:
[THYMELEAF] * Thymeleaf version: 3.1.2.RELEASE (built 2023-07-30T19:25:50+0000)
[THYMELEAF] * Cache Manager implementation: org.thymeleaf.cache.StandardCacheManager
[THYMELEAF] * Template resolvers:
[THYMELEAF]     * [1] com.intuit.karate.template.ResourceHtmlTemplateResolver
[THYMELEAF] * Message resolvers:
[THYMELEAF]     * org.thymeleaf.messageresolver.StandardMessageResolver
[THYMELEAF] * Link builders:
[THYMELEAF]     * org.thymeleaf.linkbuilder.StandardLinkBuilder
[THYMELEAF] * Dialect [1 of 2]: Standard (com.intuit.karate.template.KarateStandardDialect)
[THYMELEAF]     * Prefix: "th"
[THYMELEAF]     * Processors for Template Mode: HTML
[THYMELEAF]         * Element Tag Processors by [matching element and attribute name] [precedence]:
[THYMELEAF]             * [* {th:include,data-th-include}] [100]: org.thymeleaf.standard.processor.StandardIncludeTagProcessor
[THYMELEAF]             * [* {th:insert,data-th-insert}] [100]: org.thymeleaf.standard.processor.StandardInsertTagProcessor
[THYMELEAF]             * [* {th:replace,data-th-replace}] [100]: org.thymeleaf.standard.processor.StandardReplaceTagProcessor
[THYMELEAF]             * [* {th:each,data-th-each}] [200]: com.intuit.karate.template.KarateEachTagProcessor
[THYMELEAF]             * [* {th:switch,data-th-switch}] [250]: org.thymeleaf.standard.processor.StandardSwitchTagProcessor
[THYMELEAF]             * [* {th:case,data-th-case}] [275]: org.thymeleaf.standard.processor.StandardCaseTagProcessor
[THYMELEAF]             * [* {th:if,data-th-if}] [300]: org.thymeleaf.standard.processor.StandardIfTagProcessor
[THYMELEAF]             * [* {th:unless,data-th-unless}] [400]: org.thymeleaf.standard.processor.StandardUnlessTagProcessor
[THYMELEAF]             * [* {th:object,data-th-object}] [500]: org.thymeleaf.standard.processor.StandardObjectTagProcessor
[THYMELEAF]             * [* {th:with,data-th-with}] [600]: com.intuit.karate.template.KarateWithTagProcessor
[THYMELEAF]             * [* {th:attr,data-th-attr}] [700]: com.intuit.karate.template.KarateAttributeTagProcessor.KarateAttrTagProcessor
[THYMELEAF]             * [* {th:attrappend,data-th-attrappend}] [900]: com.intuit.karate.template.KarateAttributeTagProcessor.KarateAttrappendTagProcessor
[THYMELEAF]             * [* {th:attrprepend,data-th-attrprepend}] [900]: com.intuit.karate.template.KarateAttributeTagProcessor.KarateAttrprependTagProcessor
[THYMELEAF]             * [* {th:alt-title,data-th-alt-title}] [990]: org.thymeleaf.standard.processor.StandardAltTitleTagProcessor
[THYMELEAF]             * [* {th:lang-xmllang,data-th-lang-xmllang}] [990]: org.thymeleaf.standard.processor.StandardLangXmlLangTagProcessor
[THYMELEAF]             * [* {th:action,data-th-action}] [1000]: org.thymeleaf.standard.processor.StandardActionTagProcessor
[THYMELEAF]             * [* {th:ismap,data-th-ismap}] [1000]: org.thymeleaf.standard.processor.StandardConditionalFixedValueTagProcessor
[THYMELEAF]             * [* {th:seamless,data-th-seamless}] [1000]: org.thymeleaf.standard.processor.StandardConditionalFixedValueTagProcessor
[THYMELEAF]             * [* {th:multiple,data-th-multiple}] [1000]: org.thymeleaf.standard.processor.StandardConditionalFixedValueTagProcessor
[THYMELEAF]             * [* {th:readonly,data-th-readonly}] [1000]: org.thymeleaf.standard.processor.StandardConditionalFixedValueTagProcessor
[THYMELEAF]             * [* {th:required,data-th-required}] [1000]: org.thymeleaf.standard.processor.StandardConditionalFixedValueTagProcessor
[THYMELEAF]             * [* {th:async,data-th-async}] [1000]: org.thymeleaf.standard.processor.StandardConditionalFixedValueTagProcessor
[THYMELEAF]             * [* {th:selected,data-th-selected}] [1000]: org.thymeleaf.standard.processor.StandardConditionalFixedValueTagProcessor
[THYMELEAF]             * [* {th:controls,data-th-controls}] [1000]: org.thymeleaf.standard.processor.StandardConditionalFixedValueTagProcessor
[THYMELEAF]             * [* {th:hidden,data-th-hidden}] [1000]: org.thymeleaf.standard.processor.StandardConditionalFixedValueTagProcessor
[THYMELEAF]             * [* {th:autoplay,data-th-autoplay}] [1000]: org.thymeleaf.standard.processor.StandardConditionalFixedValueTagProcessor
[THYMELEAF]             * [* {th:loop,data-th-loop}] [1000]: org.thymeleaf.standard.processor.StandardConditionalFixedValueTagProcessor
[THYMELEAF]             * [* {th:defer,data-th-defer}] [1000]: org.thymeleaf.standard.processor.StandardConditionalFixedValueTagProcessor
[THYMELEAF]             * [* {th:novalidate,data-th-novalidate}] [1000]: org.thymeleaf.standard.processor.StandardConditionalFixedValueTagProcessor
[THYMELEAF]             * [* {th:default,data-th-default}] [1000]: org.thymeleaf.standard.processor.StandardConditionalFixedValueTagProcessor
[THYMELEAF]             * [* {th:nowrap,data-th-nowrap}] [1000]: org.thymeleaf.standard.processor.StandardConditionalFixedValueTagProcessor
[THYMELEAF]             * [* {th:formnovalidate,data-th-formnovalidate}] [1000]: org.thymeleaf.standard.processor.StandardConditionalFixedValueTagProcessor
[THYMELEAF]             * [* {th:autofocus,data-th-autofocus}] [1000]: org.thymeleaf.standard.processor.StandardConditionalFixedValueTagProcessor
[THYMELEAF]             * [* {th:scoped,data-th-scoped}] [1000]: org.thymeleaf.standard.processor.StandardConditionalFixedValueTagProcessor
[THYMELEAF]             * [* {th:checked,data-th-checked}] [1000]: org.thymeleaf.standard.processor.StandardConditionalFixedValueTagProcessor
[THYMELEAF]             * [* {th:disabled,data-th-disabled}] [1000]: org.thymeleaf.standard.processor.StandardConditionalFixedValueTagProcessor
[THYMELEAF]             * [* {th:reversed,data-th-reversed}] [1000]: org.thymeleaf.standard.processor.StandardConditionalFixedValueTagProcessor
[THYMELEAF]             * [* {th:declare,data-th-declare}] [1000]: org.thymeleaf.standard.processor.StandardConditionalFixedValueTagProcessor
[THYMELEAF]             * [* {th:pubdate,data-th-pubdate}] [1000]: org.thymeleaf.standard.processor.StandardConditionalFixedValueTagProcessor
[THYMELEAF]             * [* {th:open,data-th-open}] [1000]: org.thymeleaf.standard.processor.StandardConditionalFixedValueTagProcessor
[THYMELEAF]             * [* {th:onbeforeunload,data-th-onbeforeunload}] [1000]: org.thymeleaf.standard.processor.StandardDOMEventAttributeTagProcessor
[THYMELEAF]             * [* {th:onabort,data-th-onabort}] [1000]: org.thymeleaf.standard.processor.StandardDOMEventAttributeTagProcessor
[THYMELEAF]             * [* {th:onpause,data-th-onpause}] [1000]: org.thymeleaf.standard.processor.StandardDOMEventAttributeTagProcessor
[THYMELEAF]             * [* {th:onmessage,data-th-onmessage}] [1000]: org.thymeleaf.standard.processor.StandardDOMEventAttributeTagProcessor
[THYMELEAF]             * [* {th:onstorage,data-th-onstorage}] [1000]: org.thymeleaf.standard.processor.StandardDOMEventAttributeTagProcessor
[THYMELEAF]             * [* {th:onload,data-th-onload}] [1000]: org.thymeleaf.standard.processor.StandardDOMEventAttributeTagProcessor
[THYMELEAF]             * [* {th:onblur,data-th-onblur}] [1000]: org.thymeleaf.standard.processor.StandardDOMEventAttributeTagProcessor
[THYMELEAF]             * [* {th:onmouseout,data-th-onmouseout}] [1000]: org.thymeleaf.standard.processor.StandardDOMEventAttributeTagProcessor
[THYMELEAF]             * [* {th:onreset,data-th-onreset}] [1000]: org.thymeleaf.standard.processor.StandardDOMEventAttributeTagProcessor
[THYMELEAF]             * [* {th:onplay,data-th-onplay}] [1000]: org.thymeleaf.standard.processor.StandardDOMEventAttributeTagProcessor
[THYMELEAF]             * [* {th:onoffline,data-th-onoffline}] [1000]: org.thymeleaf.standard.processor.StandardDOMEventAttributeTagProcessor
[THYMELEAF]             * [* {th:ondragleave,data-th-ondragleave}] [1000]: org.thymeleaf.standard.processor.StandardDOMEventAttributeTagProcessor
[THYMELEAF]             * [* {th:onloadstart,data-th-onloadstart}] [1000]: org.thymeleaf.standard.processor.StandardDOMEventAttributeTagProcessor
[THYMELEAF]             * [* {th:onmousemove,data-th-onmousemove}] [1000]: org.thymeleaf.standard.processor.StandardDOMEventAttributeTagProcessor
[THYMELEAF]             * [* {th:ondrag,data-th-ondrag}] [1000]: org.thymeleaf.standard.processor.StandardDOMEventAttributeTagProcessor
[THYMELEAF]             * [* {th:onplaying,data-th-onplaying}] [1000]: org.thymeleaf.standard.processor.StandardDOMEventAttributeTagProcessor
[THYMELEAF]             * [* {th:onseeked,data-th-onseeked}] [1000]: org.thymeleaf.standard.processor.StandardDOMEventAttributeTagProcessor
[THYMELEAF]             * [* {th:onstalled,data-th-onstalled}] [1000]: org.thymeleaf.standard.processor.StandardDOMEventAttributeTagProcessor
[THYMELEAF]             * [* {th:onformchange,data-th-onformchange}] [1000]: org.thymeleaf.standard.processor.StandardDOMEventAttributeTagProcessor
[THYMELEAF]             * [* {th:ondrop,data-th-ondrop}] [1000]: org.thymeleaf.standard.processor.StandardDOMEventAttributeTagProcessor
[THYMELEAF]             * [* {th:oncontextmenu,data-th-oncontextmenu}] [1000]: org.thymeleaf.standard.processor.StandardDOMEventAttributeTagProcessor
[THYMELEAF]             * [* {th:ondragenter,data-th-ondragenter}] [1000]: org.thymeleaf.standard.processor.StandardDOMEventAttributeTagProcessor
[THYMELEAF]             * [* {th:onerror,data-th-onerror}] [1000]: org.thymeleaf.standard.processor.StandardDOMEventAttributeTagProcessor
[THYMELEAF]             * [* {th:onshow,data-th-onshow}] [1000]: org.thymeleaf.standard.processor.StandardDOMEventAttributeTagProcessor
[THYMELEAF]             * [* {th:onwaiting,data-th-onwaiting}] [1000]: org.thymeleaf.standard.processor.StandardDOMEventAttributeTagProcessor
[THYMELEAF]             * [* {th:oncanplay,data-th-oncanplay}] [1000]: org.thymeleaf.standard.processor.StandardDOMEventAttributeTagProcessor
[THYMELEAF]             * [* {th:onmousewheel,data-th-onmousewheel}] [1000]: org.thymeleaf.standard.processor.StandardDOMEventAttributeTagProcessor
[THYMELEAF]             * [* {th:onloadedmetadata,data-th-onloadedmetadata}] [1000]: org.thymeleaf.standard.processor.StandardDOMEventAttributeTagProcessor
[THYMELEAF]             * [* {th:ondragstart,data-th-ondragstart}] [1000]: org.thymeleaf.standard.processor.StandardDOMEventAttributeTagProcessor
[THYMELEAF]             * [* {th:onkeydown,data-th-onkeydown}] [1000]: org.thymeleaf.standard.processor.StandardDOMEventAttributeTagProcessor
[THYMELEAF]             * [* {th:onemptied,data-th-onemptied}] [1000]: org.thymeleaf.standard.processor.StandardDOMEventAttributeTagProcessor
[THYMELEAF]             * [* {th:onmouseup,data-th-onmouseup}] [1000]: org.thymeleaf.standard.processor.StandardDOMEventAttributeTagProcessor
[THYMELEAF]             * [* {th:onselect,data-th-onselect}] [1000]: org.thymeleaf.standard.processor.StandardDOMEventAttributeTagProcessor
[THYMELEAF]             * [* {th:onended,data-th-onended}] [1000]: org.thymeleaf.standard.processor.StandardDOMEventAttributeTagProcessor
[THYMELEAF]             * [* {th:onkeyup,data-th-onkeyup}] [1000]: org.thymeleaf.standard.processor.StandardDOMEventAttributeTagProcessor
[THYMELEAF]             * [* {th:onsuspend,data-th-onsuspend}] [1000]: org.thymeleaf.standard.processor.StandardDOMEventAttributeTagProcessor
[THYMELEAF]             * [* {th:oncanplaythrough,data-th-oncanplaythrough}] [1000]: org.thymeleaf.standard.processor.StandardDOMEventAttributeTagProcessor
[THYMELEAF]             * [* {th:ondragover,data-th-ondragover}] [1000]: org.thymeleaf.standard.processor.StandardDOMEventAttributeTagProcessor
[THYMELEAF]             * [* {th:ondurationchange,data-th-ondurationchange}] [1000]: org.thymeleaf.standard.processor.StandardDOMEventAttributeTagProcessor
[THYMELEAF]             * [* {th:ondblclick,data-th-ondblclick}] [1000]: org.thymeleaf.standard.processor.StandardDOMEventAttributeTagProcessor
[THYMELEAF]             * [* {th:onloadeddata,data-th-onloadeddata}] [1000]: org.thymeleaf.standard.processor.StandardDOMEventAttributeTagProcessor
[THYMELEAF]             * [* {th:onfocus,data-th-onfocus}] [1000]: org.thymeleaf.standard.processor.StandardDOMEventAttributeTagProcessor
[THYMELEAF]             * [* {th:onafterprint,data-th-onafterprint}] [1000]: org.thymeleaf.standard.processor.StandardDOMEventAttributeTagProcessor
[THYMELEAF]             * [* {th:onhashchange,data-th-onhashchange}] [1000]: org.thymeleaf.standard.processor.StandardDOMEventAttributeTagProcessor
[THYMELEAF]             * [* {th:onmouseover,data-th-onmouseover}] [1000]: org.thymeleaf.standard.processor.StandardDOMEventAttributeTagProcessor
[THYMELEAF]             * [* {th:onmousedown,data-th-onmousedown}] [1000]: org.thymeleaf.standard.processor.StandardDOMEventAttributeTagProcessor
[THYMELEAF]             * [* {th:onpopstate,data-th-onpopstate}] [1000]: org.thymeleaf.standard.processor.StandardDOMEventAttributeTagProcessor
[THYMELEAF]             * [* {th:ononline,data-th-ononline}] [1000]: org.thymeleaf.standard.processor.StandardDOMEventAttributeTagProcessor
[THYMELEAF]             * [* {th:onreadystatechange,data-th-onreadystatechange}] [1000]: org.thymeleaf.standard.processor.StandardDOMEventAttributeTagProcessor
[THYMELEAF]             * [* {th:onprogress,data-th-onprogress}] [1000]: org.thymeleaf.standard.processor.StandardDOMEventAttributeTagProcessor
[THYMELEAF]             * [* {th:onvolumechange,data-th-onvolumechange}] [1000]: org.thymeleaf.standard.processor.StandardDOMEventAttributeTagProcessor
[THYMELEAF]             * [* {th:oninvalid,data-th-oninvalid}] [1000]: org.thymeleaf.standard.processor.StandardDOMEventAttributeTagProcessor
[THYMELEAF]             * [* {th:onunload,data-th-onunload}] [1000]: org.thymeleaf.standard.processor.StandardDOMEventAttributeTagProcessor
[THYMELEAF]             * [* {th:oninput,data-th-oninput}] [1000]: org.thymeleaf.standard.processor.StandardDOMEventAttributeTagProcessor
[THYMELEAF]             * [* {th:onkeypress,data-th-onkeypress}] [1000]: org.thymeleaf.standard.processor.StandardDOMEventAttributeTagProcessor
[THYMELEAF]             * [* {th:onseeking,data-th-onseeking}] [1000]: org.thymeleaf.standard.processor.StandardDOMEventAttributeTagProcessor
[THYMELEAF]             * [* {th:onredo,data-th-onredo}] [1000]: org.thymeleaf.standard.processor.StandardDOMEventAttributeTagProcessor
[THYMELEAF]             * [* {th:onforminput,data-th-onforminput}] [1000]: org.thymeleaf.standard.processor.StandardDOMEventAttributeTagProcessor
[THYMELEAF]             * [* {th:ontimeupdate,data-th-ontimeupdate}] [1000]: org.thymeleaf.standard.processor.StandardDOMEventAttributeTagProcessor
[THYMELEAF]             * [* {th:onundo,data-th-onundo}] [1000]: org.thymeleaf.standard.processor.StandardDOMEventAttributeTagProcessor
[THYMELEAF]             * [* {th:onchange,data-th-onchange}] [1000]: org.thymeleaf.standard.processor.StandardDOMEventAttributeTagProcessor
[THYMELEAF]             * [* {th:onclick,data-th-onclick}] [1000]: org.thymeleaf.standard.processor.StandardDOMEventAttributeTagProcessor
[THYMELEAF]             * [* {th:onratechange,data-th-onratechange}] [1000]: org.thymeleaf.standard.processor.StandardDOMEventAttributeTagProcessor
[THYMELEAF]             * [* {th:onbeforeprint,data-th-onbeforeprint}] [1000]: org.thymeleaf.standard.processor.StandardDOMEventAttributeTagProcessor
[THYMELEAF]             * [* {th:onsubmit,data-th-onsubmit}] [1000]: org.thymeleaf.standard.processor.StandardDOMEventAttributeTagProcessor
[THYMELEAF]             * [* {th:ondragend,data-th-ondragend}] [1000]: org.thymeleaf.standard.processor.StandardDOMEventAttributeTagProcessor
[THYMELEAF]             * [* {th:onresize,data-th-onresize}] [1000]: org.thymeleaf.standard.processor.StandardDOMEventAttributeTagProcessor
[THYMELEAF]             * [* {th:onscroll,data-th-onscroll}] [1000]: org.thymeleaf.standard.processor.StandardDOMEventAttributeTagProcessor
[THYMELEAF]             * [* {th:href,data-th-href}] [1000]: org.thymeleaf.standard.processor.StandardHrefTagProcessor
[THYMELEAF]             * [* {th:inline,data-th-inline}] [1000]: org.thymeleaf.standard.processor.StandardInlineHTMLTagProcessor
[THYMELEAF]             * [* {th:method,data-th-method}] [1000]: org.thymeleaf.standard.processor.StandardMethodTagProcessor
[THYMELEAF]             * [* {th:name,data-th-name}] [1000]: org.thymeleaf.standard.processor.StandardNonRemovableAttributeTagProcessor
[THYMELEAF]             * [* {th:type,data-th-type}] [1000]: org.thymeleaf.standard.processor.StandardNonRemovableAttributeTagProcessor
[THYMELEAF]             * [* {th:frame,data-th-frame}] [1000]: org.thymeleaf.standard.processor.StandardRemovableAttributeTagProcessor
[THYMELEAF]             * [* {th:rows,data-th-rows}] [1000]: org.thymeleaf.standard.processor.StandardRemovableAttributeTagProcessor
[THYMELEAF]             * [* {th:width,data-th-width}] [1000]: org.thymeleaf.standard.processor.StandardRemovableAttributeTagProcessor
[THYMELEAF]             * [* {th:border,data-th-border}] [1000]: org.thymeleaf.standard.processor.StandardRemovableAttributeTagProcessor
[THYMELEAF]             * [* {th:cellspacing,data-th-cellspacing}] [1000]: org.thymeleaf.standard.processor.StandardRemovableAttributeTagProcessor
[THYMELEAF]             * [* {th:align,data-th-align}] [1000]: org.thymeleaf.standard.processor.StandardRemovableAttributeTagProcessor
[THYMELEAF]             * [* {th:headers,data-th-headers}] [1000]: org.thymeleaf.standard.processor.StandardRemovableAttributeTagProcessor
[THYMELEAF]             * [* {th:cite,data-th-cite}] [1000]: org.thymeleaf.standard.processor.StandardRemovableAttributeTagProcessor
[THYMELEAF]             * [* {th:low,data-th-low}] [1000]: org.thymeleaf.standard.processor.StandardRemovableAttributeTagProcessor
[THYMELEAF]             * [* {th:maxlength,data-th-maxlength}] [1000]: org.thymeleaf.standard.processor.StandardRemovableAttributeTagProcessor
[THYMELEAF]             * [* {th:spellcheck,data-th-spellcheck}] [1000]: org.thymeleaf.standard.processor.StandardRemovableAttributeTagProcessor
[THYMELEAF]             * [* {th:min,data-th-min}] [1000]: org.thymeleaf.standard.processor.StandardRemovableAttributeTagProcessor
[THYMELEAF]             * [* {th:start,data-th-start}] [1000]: org.thymeleaf.standard.processor.StandardRemovableAttributeTagProcessor
[THYMELEAF]             * [* {th:cellpadding,data-th-cellpadding}] [1000]: org.thymeleaf.standard.processor.StandardRemovableAttributeTagProcessor
[THYMELEAF]             * [* {th:icon,data-th-icon}] [1000]: org.thymeleaf.standard.processor.StandardRemovableAttributeTagProcessor
[THYMELEAF]             * [* {th:radiogroup,data-th-radiogroup}] [1000]: org.thymeleaf.standard.processor.StandardRemovableAttributeTagProcessor
[THYMELEAF]             * [* {th:scope,data-th-scope}] [1000]: org.thymeleaf.standard.processor.StandardRemovableAttributeTagProcessor
[THYMELEAF]             * [* {th:poster,data-th-poster}] [1000]: org.thymeleaf.standard.processor.StandardRemovableAttributeTagProcessor
[THYMELEAF]             * [* {th:media,data-th-media}] [1000]: org.thymeleaf.standard.processor.StandardRemovableAttributeTagProcessor
[THYMELEAF]             * [* {th:charset,data-th-charset}] [1000]: org.thymeleaf.standard.processor.StandardRemovableAttributeTagProcessor
[THYMELEAF]             * [* {th:bgcolor,data-th-bgcolor}] [1000]: org.thymeleaf.standard.processor.StandardRemovableAttributeTagProcessor
[THYMELEAF]             * [* {th:sizes,data-th-sizes}] [1000]: org.thymeleaf.standard.processor.StandardRemovableAttributeTagProcessor
[THYMELEAF]             * [* {th:marginheight,data-th-marginheight}] [1000]: org.thymeleaf.standard.processor.StandardRemovableAttributeTagProcessor
[THYMELEAF]             * [* {th:manifest,data-th-manifest}] [1000]: org.thymeleaf.standard.processor.StandardRemovableAttributeTagProcessor
[THYMELEAF]             * [* {th:dir,data-th-dir}] [1000]: org.thymeleaf.standard.processor.StandardRemovableAttributeTagProcessor
[THYMELEAF]             * [* {th:accesskey,data-th-accesskey}] [1000]: org.thymeleaf.standard.processor.StandardRemovableAttributeTagProcessor
[THYMELEAF]             * [* {th:rel,data-th-rel}] [1000]: org.thymeleaf.standard.processor.StandardRemovableAttributeTagProcessor
[THYMELEAF]             * [* {th:data,data-th-data}] [1000]: org.thymeleaf.standard.processor.StandardRemovableAttributeTagProcessor
[THYMELEAF]             * [* {th:contenteditable,data-th-contenteditable}] [1000]: org.thymeleaf.standard.processor.StandardRemovableAttributeTagProcessor
[THYMELEAF]             * [* {th:valuetype,data-th-valuetype}] [1000]: org.thymeleaf.standard.processor.StandardRemovableAttributeTagProcessor
[THYMELEAF]             * [* {th:lang,data-th-lang}] [1000]: org.thymeleaf.standard.processor.StandardRemovableAttributeTagProcessor
[THYMELEAF]             * [* {th:classid,data-th-classid}] [1000]: org.thymeleaf.standard.processor.StandardRemovableAttributeTagProcessor
[THYMELEAF]             * [* {th:form,data-th-form}] [1000]: org.thymeleaf.standard.processor.StandardRemovableAttributeTagProcessor
[THYMELEAF]             * [* {th:rowspan,data-th-rowspan}] [1000]: org.thymeleaf.standard.processor.StandardRemovableAttributeTagProcessor
[THYMELEAF]             * [* {th:scheme,data-th-scheme}] [1000]: org.thymeleaf.standard.processor.StandardRemovableAttributeTagProcessor
[THYMELEAF]             * [* {th:codebase,data-th-codebase}] [1000]: org.thymeleaf.standard.processor.StandardRemovableAttributeTagProcessor
[THYMELEAF]             * [* {th:rules,data-th-rules}] [1000]: org.thymeleaf.standard.processor.StandardRemovableAttributeTagProcessor
[THYMELEAF]             * [* {th:label,data-th-label}] [1000]: org.thymeleaf.standard.processor.StandardRemovableAttributeTagProcessor
[THYMELEAF]             * [* {th:background,data-th-background}] [1000]: org.thymeleaf.standard.processor.StandardRemovableAttributeTagProcessor
[THYMELEAF]             * [* {th:accept,data-th-accept}] [1000]: org.thymeleaf.standard.processor.StandardRemovableAttributeTagProcessor
[THYMELEAF]             * [* {th:max,data-th-max}] [1000]: org.thymeleaf.standard.processor.StandardRemovableAttributeTagProcessor
[THYMELEAF]             * [* {th:hspace,data-th-hspace}] [1000]: org.thymeleaf.standard.processor.StandardRemovableAttributeTagProcessor
[THYMELEAF]             * [* {th:formenctype,data-th-formenctype}] [1000]: org.thymeleaf.standard.processor.StandardRemovableAttributeTagProcessor
[THYMELEAF]             * [* {th:optimum,data-th-optimum}] [1000]: org.thymeleaf.standard.processor.StandardRemovableAttributeTagProcessor
[THYMELEAF]             * [* {th:draggable,data-th-draggable}] [1000]: org.thymeleaf.standard.processor.StandardRemovableAttributeTagProcessor
[THYMELEAF]             * [* {th:axis,data-th-axis}] [1000]: org.thymeleaf.standard.processor.StandardRemovableAttributeTagProcessor
[THYMELEAF]             * [* {th:codetype,data-th-codetype}] [1000]: org.thymeleaf.standard.processor.StandardRemovableAttributeTagProcessor
[THYMELEAF]             * [* {th:class,data-th-class}] [1000]: org.thymeleaf.standard.processor.StandardRemovableAttributeTagProcessor
[THYMELEAF]             * [* {th:content,data-th-content}] [1000]: org.thymeleaf.standard.processor.StandardRemovableAttributeTagProcessor
[THYMELEAF]             * [* {th:formaction,data-th-formaction}] [1000]: org.thymeleaf.standard.processor.StandardRemovableAttributeTagProcessor
[THYMELEAF]             * [* {th:size,data-th-size}] [1000]: org.thymeleaf.standard.processor.StandardRemovableAttributeTagProcessor
[THYMELEAF]             * [* {th:alt,data-th-alt}] [1000]: org.thymeleaf.standard.processor.StandardRemovableAttributeTagProcessor
[THYMELEAF]             * [* {th:kind,data-th-kind}] [1000]: org.thymeleaf.standard.processor.StandardRemovableAttributeTagProcessor
[THYMELEAF]             * [* {th:contextmenu,data-th-contextmenu}] [1000]: org.thymeleaf.standard.processor.StandardRemovableAttributeTagProcessor
[THYMELEAF]             * [* {th:http-equiv,data-th-http-equiv}] [1000]: org.thymeleaf.standard.processor.StandardRemovableAttributeTagProcessor
[THYMELEAF]             * [* {th:summary,data-th-summary}] [1000]: org.thymeleaf.standard.processor.StandardRemovableAttributeTagProcessor
[THYMELEAF]             * [* {th:standby,data-th-standby}] [1000]: org.thymeleaf.standard.processor.StandardRemovableAttributeTagProcessor
[THYMELEAF]             * [* {th:rev,data-th-rev}] [1000]: org.thymeleaf.standard.processor.StandardRemovableAttributeTagProcessor
[THYMELEAF]             * [* {th:cols,data-th-cols}] [1000]: org.thymeleaf.standard.processor.StandardRemovableAttributeTagProcessor
[THYMELEAF]             * [* {th:preload,data-th-preload}] [1000]: org.thymeleaf.standard.processor.StandardRemovableAttributeTagProcessor
[THYMELEAF]             * [* {th:scrolling,data-th-scrolling}] [1000]: org.thymeleaf.standard.processor.StandardRemovableAttributeTagProcessor
[THYMELEAF]             * [* {th:srclang,data-th-srclang}] [1000]: org.thymeleaf.standard.processor.StandardRemovableAttributeTagProcessor
[THYMELEAF]             * [* {th:datetime,data-th-datetime}] [1000]: org.thymeleaf.standard.processor.StandardRemovableAttributeTagProcessor
[THYMELEAF]             * [* {th:dropzone,data-th-dropzone}] [1000]: org.thymeleaf.standard.processor.StandardRemovableAttributeTagProcessor
[THYMELEAF]             * [* {th:placeholder,data-th-placeholder}] [1000]: org.thymeleaf.standard.processor.StandardRemovableAttributeTagProcessor
[THYMELEAF]             * [* {th:challenge,data-th-challenge}] [1000]: org.thymeleaf.standard.processor.StandardRemovableAttributeTagProcessor
[THYMELEAF]             * [* {th:audio,data-th-audio}] [1000]: org.thymeleaf.standard.processor.StandardRemovableAttributeTagProcessor
[THYMELEAF]             * [* {th:sandbox,data-th-sandbox}] [1000]: org.thymeleaf.standard.processor.StandardRemovableAttributeTagProcessor
[THYMELEAF]             * [* {th:vspace,data-th-vspace}] [1000]: org.thymeleaf.standard.processor.StandardRemovableAttributeTagProcessor
[THYMELEAF]             * [* {th:pattern,data-th-pattern}] [1000]: org.thymeleaf.standard.processor.StandardRemovableAttributeTagProcessor
[THYMELEAF]             * [* {th:hreflang,data-th-hreflang}] [1000]: org.thymeleaf.standard.processor.StandardRemovableAttributeTagProcessor
[THYMELEAF]             * [* {th:wrap,data-th-wrap}] [1000]: org.thymeleaf.standard.processor.StandardRemovableAttributeTagProcessor
[THYMELEAF]             * [* {th:accept-charset,data-th-accept-charset}] [1000]: org.thymeleaf.standard.processor.StandardRemovableAttributeTagProcessor
[THYMELEAF]             * [* {th:keytype,data-th-keytype}] [1000]: org.thymeleaf.standard.processor.StandardRemovableAttributeTagProcessor
[THYMELEAF]             * [* {th:step,data-th-step}] [1000]: org.thymeleaf.standard.processor.StandardRemovableAttributeTagProcessor
[THYMELEAF]             * [* {th:abbr,data-th-abbr}] [1000]: org.thymeleaf.standard.processor.StandardRemovableAttributeTagProcessor
[THYMELEAF]             * [* {th:span,data-th-span}] [1000]: org.thymeleaf.standard.processor.StandardRemovableAttributeTagProcessor
[THYMELEAF]             * [* {th:frameborder,data-th-frameborder}] [1000]: org.thymeleaf.standard.processor.StandardRemovableAttributeTagProcessor
[THYMELEAF]             * [* {th:enctype,data-th-enctype}] [1000]: org.thymeleaf.standard.processor.StandardRemovableAttributeTagProcessor
[THYMELEAF]             * [* {th:target,data-th-target}] [1000]: org.thymeleaf.standard.processor.StandardRemovableAttributeTagProcessor
[THYMELEAF]             * [* {th:compact,data-th-compact}] [1000]: org.thymeleaf.standard.processor.StandardRemovableAttributeTagProcessor
[THYMELEAF]             * [* {th:style,data-th-style}] [1000]: org.thymeleaf.standard.processor.StandardRemovableAttributeTagProcessor
[THYMELEAF]             * [* {th:usemap,data-th-usemap}] [1000]: org.thymeleaf.standard.processor.StandardRemovableAttributeTagProcessor
[THYMELEAF]             * [* {th:tabindex,data-th-tabindex}] [1000]: org.thymeleaf.standard.processor.StandardRemovableAttributeTagProcessor
[THYMELEAF]             * [* {th:marginwidth,data-th-marginwidth}] [1000]: org.thymeleaf.standard.processor.StandardRemovableAttributeTagProcessor
[THYMELEAF]             * [* {th:colspan,data-th-colspan}] [1000]: org.thymeleaf.standard.processor.StandardRemovableAttributeTagProcessor
[THYMELEAF]             * [* {th:height,data-th-height}] [1000]: org.thymeleaf.standard.processor.StandardRemovableAttributeTagProcessor
[THYMELEAF]             * [* {th:longdesc,data-th-longdesc}] [1000]: org.thymeleaf.standard.processor.StandardRemovableAttributeTagProcessor
[THYMELEAF]             * [* {th:archive,data-th-archive}] [1000]: org.thymeleaf.standard.processor.StandardRemovableAttributeTagProcessor
[THYMELEAF]             * [* {th:formtarget,data-th-formtarget}] [1000]: org.thymeleaf.standard.processor.StandardRemovableAttributeTagProcessor
[THYMELEAF]             * [* {th:id,data-th-id}] [1000]: org.thymeleaf.standard.processor.StandardRemovableAttributeTagProcessor
[THYMELEAF]             * [* {th:high,data-th-high}] [1000]: org.thymeleaf.standard.processor.StandardRemovableAttributeTagProcessor
[THYMELEAF]             * [* {th:title,data-th-title}] [1000]: org.thymeleaf.standard.processor.StandardRemovableAttributeTagProcessor
[THYMELEAF]             * [* {th:list,data-th-list}] [1000]: org.thymeleaf.standard.processor.StandardRemovableAttributeTagProcessor
[THYMELEAF]             * [* {th:for,data-th-for}] [1000]: org.thymeleaf.standard.processor.StandardRemovableAttributeTagProcessor
[THYMELEAF]             * [* {th:autocomplete,data-th-autocomplete}] [1000]: org.thymeleaf.standard.processor.StandardRemovableAttributeTagProcessor
[THYMELEAF]             * [* {th:formmethod,data-th-formmethod}] [1000]: org.thymeleaf.standard.processor.StandardRemovableAttributeTagProcessor
[THYMELEAF]             * [* {th:src,data-th-src}] [1000]: org.thymeleaf.standard.processor.StandardSrcTagProcessor
[THYMELEAF]             * [* {th:value,data-th-value}] [1000]: org.thymeleaf.standard.processor.StandardValueTagProcessor
[THYMELEAF]             * [* {th:xmlbase,data-th-xmlbase}] [1000]: org.thymeleaf.standard.processor.StandardXmlBaseTagProcessor
[THYMELEAF]             * [* {th:xmllang,data-th-xmllang}] [1000]: org.thymeleaf.standard.processor.StandardXmlLangTagProcessor
[THYMELEAF]             * [* {xmlns:th}] [1000]: org.thymeleaf.standard.processor.StandardXmlNsTagProcessor
[THYMELEAF]             * [* {th:xmlspace,data-th-xmlspace}] [1000]: org.thymeleaf.standard.processor.StandardXmlSpaceTagProcessor
[THYMELEAF]             * [* {th:classappend,data-th-classappend}] [1100]: org.thymeleaf.standard.processor.StandardClassappendTagProcessor
[THYMELEAF]             * [* {th:styleappend,data-th-styleappend}] [1100]: org.thymeleaf.standard.processor.StandardStyleappendTagProcessor
[THYMELEAF]             * [* {th:text,data-th-text}] [1300]: org.thymeleaf.standard.processor.StandardTextTagProcessor
[THYMELEAF]             * [* {th:utext,data-th-utext}] [1400]: org.thymeleaf.standard.processor.StandardUtextTagProcessor
[THYMELEAF]             * [* {th:fragment,data-th-fragment}] [1500]: org.thymeleaf.standard.processor.StandardFragmentTagProcessor
[THYMELEAF]             * [* {th:assert,data-th-assert}] [1550]: org.thymeleaf.standard.processor.StandardAssertTagProcessor
[THYMELEAF]             * [* {th:remove,data-th-remove}] [1600]: org.thymeleaf.standard.processor.StandardRemoveTagProcessor
[THYMELEAF]             * [* {th:ref,data-th-ref}] [10000]: org.thymeleaf.standard.processor.StandardRefAttributeTagProcessor
[THYMELEAF]             * [{th:block,th-block} *] [100000]: org.thymeleaf.standard.processor.StandardBlockTagProcessor
[THYMELEAF]             * [* th:*] [2147483647]: org.thymeleaf.standard.processor.StandardDefaultAttributesTagProcessor
[THYMELEAF]         * Text Processors by [precedence]:
[THYMELEAF]             * [1000]: org.thymeleaf.standard.processor.StandardInliningTextProcessor
[THYMELEAF]         * DOCTYPE Processors by [precedence]:
[THYMELEAF]             * [1000]: org.thymeleaf.standard.processor.StandardTranslationDocTypeProcessor
[THYMELEAF]         * CDATA Section Processors by [precedence]:
[THYMELEAF]             * [1000]: org.thymeleaf.standard.processor.StandardInliningCDATASectionProcessor
[THYMELEAF]         * Comment Processors by [precedence]:
[THYMELEAF]             * [1000]: org.thymeleaf.standard.processor.StandardInliningCommentProcessor
[THYMELEAF]             * [1100]: org.thymeleaf.standard.processor.StandardConditionalCommentProcessor
[THYMELEAF]     * Processors for Template Mode: XML
[THYMELEAF]         * Element Tag Processors by [matching element and attribute name] [precedence]:
[THYMELEAF]             * [* {th:include}] [100]: org.thymeleaf.standard.processor.StandardIncludeTagProcessor
[THYMELEAF]             * [* {th:insert}] [100]: org.thymeleaf.standard.processor.StandardInsertTagProcessor
[THYMELEAF]             * [* {th:replace}] [100]: org.thymeleaf.standard.processor.StandardReplaceTagProcessor
[THYMELEAF]             * [* {th:each}] [200]: com.intuit.karate.template.KarateEachTagProcessor
[THYMELEAF]             * [* {th:switch}] [250]: org.thymeleaf.standard.processor.StandardSwitchTagProcessor
[THYMELEAF]             * [* {th:case}] [275]: org.thymeleaf.standard.processor.StandardCaseTagProcessor
[THYMELEAF]             * [* {th:if}] [300]: org.thymeleaf.standard.processor.StandardIfTagProcessor
[THYMELEAF]             * [* {th:unless}] [400]: org.thymeleaf.standard.processor.StandardUnlessTagProcessor
[THYMELEAF]             * [* {th:object}] [500]: org.thymeleaf.standard.processor.StandardObjectTagProcessor
[THYMELEAF]             * [* {th:with}] [600]: com.intuit.karate.template.KarateWithTagProcessor
[THYMELEAF]             * [* {th:attr}] [700]: com.intuit.karate.template.KarateAttributeTagProcessor.KarateAttrTagProcessor
[THYMELEAF]             * [* {th:attrappend}] [900]: com.intuit.karate.template.KarateAttributeTagProcessor.KarateAttrappendTagProcessor
[THYMELEAF]             * [* {th:attrprepend}] [900]: com.intuit.karate.template.KarateAttributeTagProcessor.KarateAttrprependTagProcessor
[THYMELEAF]             * [* {th:inline}] [1000]: org.thymeleaf.standard.processor.StandardInlineXMLTagProcessor
[THYMELEAF]             * [* {xmlns:th}] [1000]: org.thymeleaf.standard.processor.StandardXmlNsTagProcessor
[THYMELEAF]             * [* {th:text}] [1300]: org.thymeleaf.standard.processor.StandardTextTagProcessor
[THYMELEAF]             * [* {th:utext}] [1400]: org.thymeleaf.standard.processor.StandardUtextTagProcessor
[THYMELEAF]             * [* {th:fragment}] [1500]: org.thymeleaf.standard.processor.StandardFragmentTagProcessor
[THYMELEAF]             * [* {th:assert}] [1550]: org.thymeleaf.standard.processor.StandardAssertTagProcessor
[THYMELEAF]             * [* {th:remove}] [1600]: org.thymeleaf.standard.processor.StandardRemoveTagProcessor
[THYMELEAF]             * [* {th:ref}] [10000]: org.thymeleaf.standard.processor.StandardRefAttributeTagProcessor
[THYMELEAF]             * [{th:block} *] [100000]: org.thymeleaf.standard.processor.StandardBlockTagProcessor
[THYMELEAF]             * [* th:*] [2147483647]: org.thymeleaf.standard.processor.StandardDefaultAttributesTagProcessor
[THYMELEAF]         * Text Processors by [precedence]:
[THYMELEAF]             * [1000]: org.thymeleaf.standard.processor.StandardInliningTextProcessor
[THYMELEAF]         * CDATA Section Processors by [precedence]:
[THYMELEAF]             * [1000]: org.thymeleaf.standard.processor.StandardInliningCDATASectionProcessor
[THYMELEAF]         * Comment Processors by [precedence]:
[THYMELEAF]             * [1000]: org.thymeleaf.standard.processor.StandardInliningCommentProcessor
[THYMELEAF]     * Processors for Template Mode: TEXT
[THYMELEAF]         * Element Tag Processors by [matching element and attribute name] [precedence]:
[THYMELEAF]             * [* {th:insert}] [100]: org.thymeleaf.standard.processor.StandardInsertTagProcessor
[THYMELEAF]             * [* {th:replace}] [100]: org.thymeleaf.standard.processor.StandardReplaceTagProcessor
[THYMELEAF]             * [* {th:each}] [200]: com.intuit.karate.template.KarateEachTagProcessor
[THYMELEAF]             * [* {th:switch}] [250]: org.thymeleaf.standard.processor.StandardSwitchTagProcessor
[THYMELEAF]             * [* {th:case}] [275]: org.thymeleaf.standard.processor.StandardCaseTagProcessor
[THYMELEAF]             * [* {th:if}] [300]: org.thymeleaf.standard.processor.StandardIfTagProcessor
[THYMELEAF]             * [* {th:unless}] [400]: org.thymeleaf.standard.processor.StandardUnlessTagProcessor
[THYMELEAF]             * [* {th:object}] [500]: org.thymeleaf.standard.processor.StandardObjectTagProcessor
[THYMELEAF]             * [* {th:with}] [600]: com.intuit.karate.template.KarateWithTagProcessor
[THYMELEAF]             * [* {th:inline}] [1000]: org.thymeleaf.standard.processor.StandardInlineTextualTagProcessor
[THYMELEAF]             * [* {th:text}] [1300]: org.thymeleaf.standard.processor.StandardTextTagProcessor
[THYMELEAF]             * [* {th:utext}] [1400]: org.thymeleaf.standard.processor.StandardUtextTagProcessor
[THYMELEAF]             * [* {th:assert}] [1550]: org.thymeleaf.standard.processor.StandardAssertTagProcessor
[THYMELEAF]             * [* {th:remove}] [1600]: org.thymeleaf.standard.processor.StandardRemoveTagProcessor
[THYMELEAF]             * [{th:block} *] [100000]: org.thymeleaf.standard.processor.StandardBlockTagProcessor
[THYMELEAF]             * [* 100000] [org.thymeleaf.standard.processor.StandardBlockTagProcessor]: {}
[THYMELEAF]         * Text Processors by [precedence]:
[THYMELEAF]             * [1000]: org.thymeleaf.standard.processor.StandardInliningTextProcessor
[THYMELEAF]     * Processors for Template Mode: JAVASCRIPT
[THYMELEAF]         * Element Tag Processors by [matching element and attribute name] [precedence]:
[THYMELEAF]             * [* {th:insert}] [100]: org.thymeleaf.standard.processor.StandardInsertTagProcessor
[THYMELEAF]             * [* {th:replace}] [100]: org.thymeleaf.standard.processor.StandardReplaceTagProcessor
[THYMELEAF]             * [* {th:each}] [200]: com.intuit.karate.template.KarateEachTagProcessor
[THYMELEAF]             * [* {th:switch}] [250]: org.thymeleaf.standard.processor.StandardSwitchTagProcessor
[THYMELEAF]             * [* {th:case}] [275]: org.thymeleaf.standard.processor.StandardCaseTagProcessor
[THYMELEAF]             * [* {th:if}] [300]: org.thymeleaf.standard.processor.StandardIfTagProcessor
[THYMELEAF]             * [* {th:unless}] [400]: org.thymeleaf.standard.processor.StandardUnlessTagProcessor
[THYMELEAF]             * [* {th:object}] [500]: org.thymeleaf.standard.processor.StandardObjectTagProcessor
[THYMELEAF]             * [* {th:with}] [600]: com.intuit.karate.template.KarateWithTagProcessor
[THYMELEAF]             * [* {th:inline}] [1000]: org.thymeleaf.standard.processor.StandardInlineTextualTagProcessor
[THYMELEAF]             * [* {th:text}] [1300]: org.thymeleaf.standard.processor.StandardTextTagProcessor
[THYMELEAF]             * [* {th:utext}] [1400]: org.thymeleaf.standard.processor.StandardUtextTagProcessor
[THYMELEAF]             * [* {th:assert}] [1550]: org.thymeleaf.standard.processor.StandardAssertTagProcessor
[THYMELEAF]             * [* {th:remove}] [1600]: org.thymeleaf.standard.processor.StandardRemoveTagProcessor
[THYMELEAF]             * [* 100000] [org.thymeleaf.standard.processor.StandardBlockTagProcessor]: {}
[THYMELEAF]             * [{th:block} *] [100000]: org.thymeleaf.standard.processor.StandardBlockTagProcessor
[THYMELEAF]         * Text Processors by [precedence]:
[THYMELEAF]             * [1000]: org.thymeleaf.standard.processor.StandardInliningTextProcessor
[THYMELEAF]     * Processors for Template Mode: CSS
[THYMELEAF]         * Element Tag Processors by [matching element and attribute name] [precedence]:
[THYMELEAF]             * [* {th:insert}] [100]: org.thymeleaf.standard.processor.StandardInsertTagProcessor
[THYMELEAF]             * [* {th:replace}] [100]: org.thymeleaf.standard.processor.StandardReplaceTagProcessor
[THYMELEAF]             * [* {th:each}] [200]: com.intuit.karate.template.KarateEachTagProcessor
[THYMELEAF]             * [* {th:switch}] [250]: org.thymeleaf.standard.processor.StandardSwitchTagProcessor
[THYMELEAF]             * [* {th:case}] [275]: org.thymeleaf.standard.processor.StandardCaseTagProcessor
[THYMELEAF]             * [* {th:if}] [300]: org.thymeleaf.standard.processor.StandardIfTagProcessor
[THYMELEAF]             * [* {th:unless}] [400]: org.thymeleaf.standard.processor.StandardUnlessTagProcessor
[THYMELEAF]             * [* {th:object}] [500]: org.thymeleaf.standard.processor.StandardObjectTagProcessor
[THYMELEAF]             * [* {th:with}] [600]: com.intuit.karate.template.KarateWithTagProcessor
[THYMELEAF]             * [* {th:inline}] [1000]: org.thymeleaf.standard.processor.StandardInlineTextualTagProcessor
[THYMELEAF]             * [* {th:text}] [1300]: org.thymeleaf.standard.processor.StandardTextTagProcessor
[THYMELEAF]             * [* {th:utext}] [1400]: org.thymeleaf.standard.processor.StandardUtextTagProcessor
[THYMELEAF]             * [* {th:assert}] [1550]: org.thymeleaf.standard.processor.StandardAssertTagProcessor
[THYMELEAF]             * [* {th:remove}] [1600]: org.thymeleaf.standard.processor.StandardRemoveTagProcessor
[THYMELEAF]             * [{th:block} *] [100000]: org.thymeleaf.standard.processor.StandardBlockTagProcessor
[THYMELEAF]             * [* 100000] [org.thymeleaf.standard.processor.StandardBlockTagProcessor]: {}
[THYMELEAF]         * Text Processors by [precedence]:
[THYMELEAF]             * [1000]: org.thymeleaf.standard.processor.StandardInliningTextProcessor
[THYMELEAF]     * Expression Objects:
[THYMELEAF]         * #ctx
[THYMELEAF]         * #root
[THYMELEAF]         * #vars
[THYMELEAF]         * #object
[THYMELEAF]         * #locale
[THYMELEAF]         * #conversions
[THYMELEAF]         * #uris
[THYMELEAF]         * #temporals
[THYMELEAF]         * #calendars
[THYMELEAF]         * #dates
[THYMELEAF]         * #bools
[THYMELEAF]         * #numbers
[THYMELEAF]         * #objects
[THYMELEAF]         * #strings
[THYMELEAF]         * #arrays
[THYMELEAF]         * #lists
[THYMELEAF]         * #sets
[THYMELEAF]         * #maps
[THYMELEAF]         * #aggregates
[THYMELEAF]         * #messages
[THYMELEAF]         * #ids
[THYMELEAF]         * #execInfo
[THYMELEAF]         * #request
[THYMELEAF]         * #response
[THYMELEAF]         * #session
[THYMELEAF]         * #servletContext
[THYMELEAF]     * Execution Attributes:
[THYMELEAF]         * "StandardExpressionParser": com.intuit.karate.template.KarateStandardDialect@51c74fa9
[THYMELEAF]         * "StandardJavaScriptSerializer": org.thymeleaf.standard.serializer.StandardJavaScriptSerializer@7110625c
[THYMELEAF]         * "StandardCSSSerializer": org.thymeleaf.standard.serializer.StandardCSSSerializer@5db115d2
[THYMELEAF]         * "StandardVariableExpressionEvaluator": com.intuit.karate.template.KarateStandardDialect@51c74fa9
[THYMELEAF]         * "StandardConversionService": org.thymeleaf.standard.expression.StandardConversionService@4fdef1e6
[THYMELEAF] * Dialect [2 of 2]: karate (com.intuit.karate.template.KarateScriptDialect)
[THYMELEAF]     * Prefix: "ka"
[THYMELEAF]     * Processors for Template Mode: HTML
[THYMELEAF]         * Element Tag Processors by [matching element and attribute name] [precedence]:
[THYMELEAF]             * [* {src}] [1000]: com.intuit.karate.template.KaScriptAttrProcessor
[THYMELEAF]         * Element Model Processors by [matching element and attribute name] [precedence]:
[THYMELEAF]             * [{script} {ka:scope,data-ka-scope}] [1000]: com.intuit.karate.template.KaScriptElemProcessor
[THYMELEAF]             * [* {ka:set,data-ka-set}] [1000]: com.intuit.karate.template.KaSetElemProcessor
[THYMELEAF] TEMPLATE ENGINE CONFIGURED OK
16:19:35.418 [pool-3-thread-1] DEBUG org.thymeleaf.TemplateEngine -- [THYMELEAF] TEMPLATE ENGINE INITIALIZED
---------------------------------------------------------
feature: classpath:features/performance/login-performance-concurrent.feature
scenarios: 100 | passed: 74 | failed: 26 | time: 1188.7411
---------------------------------------------------------

16:19:38.210 [pool-3-thread-1] INFO com.intuit.karate.Suite -- <<fail>> feature 1 of 1 (0 remaining) classpath:features/performance/login-performance-concurrent.feature
Karate version: 1.4.1
======================================================
elapsed:  22.43 | threads:  100 | thread time: 1188.74 
features:     1 | skipped:    0 | efficiency: 0.53
scenarios:  100 | passed:    74 | failed: 26
======================================================
>>> failed features:
status code was: 500, expected: 200, response time in milliseconds: 14219, url: http://localhost:3000/auth/login, response: 
{"success":false,"statusCode":500,"message":"\nInvalid `this.prisma.user.update()` invocation in\nD:\\Documents\\Workspace\\react_native\\roamly_backend\\src\\modules\\auth\\auth.service.ts:119:28\n\n  116 const refreshToken = crypto.randomBytes(32).toString('hex');\n  117 \n  118 // Update user with new refresh token\n→ 119 await this.prisma.user.update(\nTransaction failed due to a write conflict or a deadlock. Please retry your transaction","path":"/auth/login","timestamp":"2025-06-24T09:19:34.032Z"}
classpath:features/performance/login-performance-concurrent.feature:13
status code was: 500, expected: 200, response time in milliseconds: 14253, url: http://localhost:3000/auth/login, response: 
{"success":false,"statusCode":500,"message":"\nInvalid `this.prisma.user.update()` invocation in\nD:\\Documents\\Workspace\\react_native\\roamly_backend\\src\\modules\\auth\\auth.service.ts:119:28\n\n  116 const refreshToken = crypto.randomBytes(32).toString('hex');\n  117 \n  118 // Update user with new refresh token\n→ 119 await this.prisma.user.update(\nTransaction failed due to a write conflict or a deadlock. Please retry your transaction","path":"/auth/login","timestamp":"2025-06-24T09:19:34.062Z"}
classpath:features/performance/login-performance-concurrent.feature:13
status code was: 500, expected: 200, response time in milliseconds: 14261, url: http://localhost:3000/auth/login, response: 
{"success":false,"statusCode":500,"message":"\nInvalid `this.prisma.user.update()` invocation in\nD:\\Documents\\Workspace\\react_native\\roamly_backend\\src\\modules\\auth\\auth.service.ts:119:28\n\n  116 const refreshToken = crypto.randomBytes(32).toString('hex');\n  117 \n  118 // Update user with new refresh token\n→ 119 await this.prisma.user.update(\nTransaction failed due to a write conflict or a deadlock. Please retry your transaction","path":"/auth/login","timestamp":"2025-06-24T09:19:34.070Z"}
classpath:features/performance/login-performance-concurrent.feature:13
status code was: 500, expected: 200, response time in milliseconds: 14222, url: http://localhost:3000/auth/login, response: 
{"success":false,"statusCode":500,"message":"\nInvalid `this.prisma.user.update()` invocation in\nD:\\Documents\\Workspace\\react_native\\roamly_backend\\src\\modules\\auth\\auth.service.ts:119:28\n\n  116 const refreshToken = crypto.randomBytes(32).toString('hex');\n  117 \n  118 // Update user with new refresh token\n→ 119 await this.prisma.user.update(\nTransaction failed due to a write conflict or a deadlock. Please retry your transaction","path":"/auth/login","timestamp":"2025-06-24T09:19:34.030Z"}
classpath:features/performance/login-performance-concurrent.feature:13
status code was: 500, expected: 200, response time in milliseconds: 14272, url: http://localhost:3000/auth/login, response: 
{"success":false,"statusCode":500,"message":"\nInvalid `this.prisma.user.update()` invocation in\nD:\\Documents\\Workspace\\react_native\\roamly_backend\\src\\modules\\auth\\auth.service.ts:119:28\n\n  116 const refreshToken = crypto.randomBytes(32).toString('hex');\n  117 \n  118 // Update user with new refresh token\n→ 119 await this.prisma.user.update(\nTransaction failed due to a write conflict or a deadlock. Please retry your transaction","path":"/auth/login","timestamp":"2025-06-24T09:19:34.077Z"}
classpath:features/performance/login-performance-concurrent.feature:13
status code was: 500, expected: 200, response time in milliseconds: 13339, url: http://localhost:3000/auth/login, response: 
{"success":false,"statusCode":500,"message":"\nInvalid `this.prisma.user.update()` invocation in\nD:\\Documents\\Workspace\\react_native\\roamly_backend\\src\\modules\\auth\\auth.service.ts:119:28\n\n  116 const refreshToken = crypto.randomBytes(32).toString('hex');\n  117 \n  118 // Update user with new refresh token\n→ 119 await this.prisma.user.update(\nTransaction failed due to a write conflict or a deadlock. Please retry your transaction","path":"/auth/login","timestamp":"2025-06-24T09:19:33.158Z"}
classpath:features/performance/login-performance-concurrent.feature:13
status code was: 500, expected: 200, response time in milliseconds: 14314, url: http://localhost:3000/auth/login, response: 
{"success":false,"statusCode":500,"message":"\nInvalid `this.prisma.user.update()` invocation in\nD:\\Documents\\Workspace\\react_native\\roamly_backend\\src\\modules\\auth\\auth.service.ts:119:28\n\n  116 const refreshToken = crypto.randomBytes(32).toString('hex');\n  117 \n  118 // Update user with new refresh token\n→ 119 await this.prisma.user.update(\nTransaction failed due to a write conflict or a deadlock. Please retry your transaction","path":"/auth/login","timestamp":"2025-06-24T09:19:34.129Z"}
classpath:features/performance/login-performance-concurrent.feature:13
status code was: 500, expected: 200, response time in milliseconds: 14199, url: http://localhost:3000/auth/login, response: 
{"success":false,"statusCode":500,"message":"\nInvalid `this.prisma.user.update()` invocation in\nD:\\Documents\\Workspace\\react_native\\roamly_backend\\src\\modules\\auth\\auth.service.ts:119:28\n\n  116 const refreshToken = crypto.randomBytes(32).toString('hex');\n  117 \n  118 // Update user with new refresh token\n→ 119 await this.prisma.user.update(\nTransaction failed due to a write conflict or a deadlock. Please retry your transaction","path":"/auth/login","timestamp":"2025-06-24T09:19:34.006Z"}
classpath:features/performance/login-performance-concurrent.feature:13
status code was: 500, expected: 200, response time in milliseconds: 14301, url: http://localhost:3000/auth/login, response: 
{"success":false,"statusCode":500,"message":"\nInvalid `this.prisma.user.update()` invocation in\nD:\\Documents\\Workspace\\react_native\\roamly_backend\\src\\modules\\auth\\auth.service.ts:119:28\n\n  116 const refreshToken = crypto.randomBytes(32).toString('hex');\n  117 \n  118 // Update user with new refresh token\n→ 119 await this.prisma.user.update(\nTransaction failed due to a write conflict or a deadlock. Please retry your transaction","path":"/auth/login","timestamp":"2025-06-24T09:19:34.106Z"}
classpath:features/performance/login-performance-concurrent.feature:13
status code was: 500, expected: 200, response time in milliseconds: 14141, url: http://localhost:3000/auth/login, response: 
{"success":false,"statusCode":500,"message":"\nInvalid `this.prisma.user.update()` invocation in\nD:\\Documents\\Workspace\\react_native\\roamly_backend\\src\\modules\\auth\\auth.service.ts:119:28\n\n  116 const refreshToken = crypto.randomBytes(32).toString('hex');\n  117 \n  118 // Update user with new refresh token\n→ 119 await this.prisma.user.update(\nTransaction failed due to a write conflict or a deadlock. Please retry your transaction","path":"/auth/login","timestamp":"2025-06-24T09:19:33.951Z"}
classpath:features/performance/login-performance-concurrent.feature:13
status code was: 500, expected: 200, response time in milliseconds: 13344, url: http://localhost:3000/auth/login, response: 
{"success":false,"statusCode":500,"message":"\nInvalid `this.prisma.user.update()` invocation in\nD:\\Documents\\Workspace\\react_native\\roamly_backend\\src\\modules\\auth\\auth.service.ts:119:28\n\n  116 const refreshToken = crypto.randomBytes(32).toString('hex');\n  117 \n  118 // Update user with new refresh token\n→ 119 await this.prisma.user.update(\nTransaction failed due to a write conflict or a deadlock. Please retry your transaction","path":"/auth/login","timestamp":"2025-06-24T09:19:33.150Z"}
classpath:features/performance/login-performance-concurrent.feature:13
status code was: 500, expected: 200, response time in milliseconds: 14337, url: http://localhost:3000/auth/login, response: 
{"success":false,"statusCode":500,"message":"\nInvalid `this.prisma.user.update()` invocation in\nD:\\Documents\\Workspace\\react_native\\roamly_backend\\src\\modules\\auth\\auth.service.ts:119:28\n\n  116 const refreshToken = crypto.randomBytes(32).toString('hex');\n  117 \n  118 // Update user with new refresh token\n→ 119 await this.prisma.user.update(\nTransaction failed due to a write conflict or a deadlock. Please retry your transaction","path":"/auth/login","timestamp":"2025-06-24T09:19:34.152Z"}
classpath:features/performance/login-performance-concurrent.feature:13
status code was: 500, expected: 200, response time in milliseconds: 14222, url: http://localhost:3000/auth/login, response: 
{"success":false,"statusCode":500,"message":"\nInvalid `this.prisma.user.update()` invocation in\nD:\\Documents\\Workspace\\react_native\\roamly_backend\\src\\modules\\auth\\auth.service.ts:119:28\n\n  116 const refreshToken = crypto.randomBytes(32).toString('hex');\n  117 \n  118 // Update user with new refresh token\n→ 119 await this.prisma.user.update(\nTransaction failed due to a write conflict or a deadlock. Please retry your transaction","path":"/auth/login","timestamp":"2025-06-24T09:19:34.040Z"}
classpath:features/performance/login-performance-concurrent.feature:13
status code was: 500, expected: 200, response time in milliseconds: 13340, url: http://localhost:3000/auth/login, response: 
{"success":false,"statusCode":500,"message":"\nInvalid `this.prisma.user.update()` invocation in\nD:\\Documents\\Workspace\\react_native\\roamly_backend\\src\\modules\\auth\\auth.service.ts:119:28\n\n  116 const refreshToken = crypto.randomBytes(32).toString('hex');\n  117 \n  118 // Update user with new refresh token\n→ 119 await this.prisma.user.update(\nTransaction failed due to a write conflict or a deadlock. Please retry your transaction","path":"/auth/login","timestamp":"2025-06-24T09:19:33.149Z"}
classpath:features/performance/login-performance-concurrent.feature:13
status code was: 500, expected: 200, response time in milliseconds: 14257, url: http://localhost:3000/auth/login, response: 
{"success":false,"statusCode":500,"message":"\nInvalid `this.prisma.user.update()` invocation in\nD:\\Documents\\Workspace\\react_native\\roamly_backend\\src\\modules\\auth\\auth.service.ts:119:28\n\n  116 const refreshToken = crypto.randomBytes(32).toString('hex');\n  117 \n  118 // Update user with new refresh token\n→ 119 await this.prisma.user.update(\nTransaction failed due to a write conflict or a deadlock. Please retry your transaction","path":"/auth/login","timestamp":"2025-06-24T09:19:34.072Z"}
classpath:features/performance/login-performance-concurrent.feature:13
status code was: 500, expected: 200, response time in milliseconds: 15202, url: http://localhost:3000/auth/login, response: 
{"success":false,"statusCode":500,"message":"\nInvalid `this.prisma.user.update()` invocation in\nD:\\Documents\\Workspace\\react_native\\roamly_backend\\src\\modules\\auth\\auth.service.ts:119:28\n\n  116 const refreshToken = crypto.randomBytes(32).toString('hex');\n  117 \n  118 // Update user with new refresh token\n→ 119 await this.prisma.user.update(\nTransaction failed due to a write conflict or a deadlock. Please retry your transaction","path":"/auth/login","timestamp":"2025-06-24T09:19:35.008Z"}
classpath:features/performance/login-performance-concurrent.feature:13
status code was: 500, expected: 200, response time in milliseconds: 14220, url: http://localhost:3000/auth/login, response: 
{"success":false,"statusCode":500,"message":"\nInvalid `this.prisma.user.update()` invocation in\nD:\\Documents\\Workspace\\react_native\\roamly_backend\\src\\modules\\auth\\auth.service.ts:119:28\n\n  116 const refreshToken = crypto.randomBytes(32).toString('hex');\n  117 \n  118 // Update user with new refresh token\n→ 119 await this.prisma.user.update(\nTransaction failed due to a write conflict or a deadlock. Please retry your transaction","path":"/auth/login","timestamp":"2025-06-24T09:19:34.038Z"}
classpath:features/performance/login-performance-concurrent.feature:13
status code was: 500, expected: 200, response time in milliseconds: 14242, url: http://localhost:3000/auth/login, response: 
{"success":false,"statusCode":500,"message":"\nInvalid `this.prisma.user.update()` invocation in\nD:\\Documents\\Workspace\\react_native\\roamly_backend\\src\\modules\\auth\\auth.service.ts:119:28\n\n  116 const refreshToken = crypto.randomBytes(32).toString('hex');\n  117 \n  118 // Update user with new refresh token\n→ 119 await this.prisma.user.update(\nTransaction failed due to a write conflict or a deadlock. Please retry your transaction","path":"/auth/login","timestamp":"2025-06-24T09:19:34.064Z"}
classpath:features/performance/login-performance-concurrent.feature:13
status code was: 500, expected: 200, response time in milliseconds: 13170, url: http://localhost:3000/auth/login, response: 
{"success":false,"statusCode":500,"message":"\nInvalid `this.prisma.user.update()` invocation in\nD:\\Documents\\Workspace\\react_native\\roamly_backend\\src\\modules\\auth\\auth.service.ts:119:28\n\n  116 const refreshToken = crypto.randomBytes(32).toString('hex');\n  117 \n  118 // Update user with new refresh token\n→ 119 await this.prisma.user.update(\nTransaction failed due to a write conflict or a deadlock. Please retry your transaction","path":"/auth/login","timestamp":"2025-06-24T09:19:32.981Z"}
classpath:features/performance/login-performance-concurrent.feature:13
status code was: 500, expected: 200, response time in milliseconds: 14259, url: http://localhost:3000/auth/login, response: 
{"success":false,"statusCode":500,"message":"\nInvalid `this.prisma.user.update()` invocation in\nD:\\Documents\\Workspace\\react_native\\roamly_backend\\src\\modules\\auth\\auth.service.ts:119:28\n\n  116 const refreshToken = crypto.randomBytes(32).toString('hex');\n  117 \n  118 // Update user with new refresh token\n→ 119 await this.prisma.user.update(\nTransaction failed due to a write conflict or a deadlock. Please retry your transaction","path":"/auth/login","timestamp":"2025-06-24T09:19:34.069Z"}
classpath:features/performance/login-performance-concurrent.feature:13
status code was: 500, expected: 200, response time in milliseconds: 14220, url: http://localhost:3000/auth/login, response: 
{"success":false,"statusCode":500,"message":"\nInvalid `this.prisma.user.update()` invocation in\nD:\\Documents\\Workspace\\react_native\\roamly_backend\\src\\modules\\auth\\auth.service.ts:119:28\n\n  116 const refreshToken = crypto.randomBytes(32).toString('hex');\n  117 \n  118 // Update user with new refresh token\n→ 119 await this.prisma.user.update(\nTransaction failed due to a write conflict or a deadlock. Please retry your transaction","path":"/auth/login","timestamp":"2025-06-24T09:19:34.029Z"}
classpath:features/performance/login-performance-concurrent.feature:13
status code was: 500, expected: 200, response time in milliseconds: 14226, url: http://localhost:3000/auth/login, response: 
{"success":false,"statusCode":500,"message":"\nInvalid `this.prisma.user.update()` invocation in\nD:\\Documents\\Workspace\\react_native\\roamly_backend\\src\\modules\\auth\\auth.service.ts:119:28\n\n  116 const refreshToken = crypto.randomBytes(32).toString('hex');\n  117 \n  118 // Update user with new refresh token\n→ 119 await this.prisma.user.update(\nTransaction failed due to a write conflict or a deadlock. Please retry your transaction","path":"/auth/login","timestamp":"2025-06-24T09:19:34.034Z"}
classpath:features/performance/login-performance-concurrent.feature:13
status code was: 500, expected: 200, response time in milliseconds: 13303, url: http://localhost:3000/auth/login, response: 
{"success":false,"statusCode":500,"message":"\nInvalid `this.prisma.user.update()` invocation in\nD:\\Documents\\Workspace\\react_native\\roamly_backend\\src\\modules\\auth\\auth.service.ts:119:28\n\n  116 const refreshToken = crypto.randomBytes(32).toString('hex');\n  117 \n  118 // Update user with new refresh token\n→ 119 await this.prisma.user.update(\nTransaction failed due to a write conflict or a deadlock. Please retry your transaction","path":"/auth/login","timestamp":"2025-06-24T09:19:33.119Z"}
classpath:features/performance/login-performance-concurrent.feature:13
status code was: 500, expected: 200, response time in milliseconds: 14258, url: http://localhost:3000/auth/login, response: 
{"success":false,"statusCode":500,"message":"\nInvalid `this.prisma.user.update()` invocation in\nD:\\Documents\\Workspace\\react_native\\roamly_backend\\src\\modules\\auth\\auth.service.ts:119:28\n\n  116 const refreshToken = crypto.randomBytes(32).toString('hex');\n  117 \n  118 // Update user with new refresh token\n→ 119 await this.prisma.user.update(\nTransaction failed due to a write conflict or a deadlock. Please retry your transaction","path":"/auth/login","timestamp":"2025-06-24T09:19:34.065Z"}
classpath:features/performance/login-performance-concurrent.feature:13
status code was: 500, expected: 200, response time in milliseconds: 14228, url: http://localhost:3000/auth/login, response: 
{"success":false,"statusCode":500,"message":"\nInvalid `this.prisma.user.update()` invocation in\nD:\\Documents\\Workspace\\react_native\\roamly_backend\\src\\modules\\auth\\auth.service.ts:119:28\n\n  116 const refreshToken = crypto.randomBytes(32).toString('hex');\n  117 \n  118 // Update user with new refresh token\n→ 119 await this.prisma.user.update(\nTransaction failed due to a write conflict or a deadlock. Please retry your transaction","path":"/auth/login","timestamp":"2025-06-24T09:19:34.042Z"}
classpath:features/performance/login-performance-concurrent.feature:13
status code was: 500, expected: 200, response time in milliseconds: 14294, url: http://localhost:3000/auth/login, response: 
{"success":false,"statusCode":500,"message":"\nInvalid `this.prisma.user.update()` invocation in\nD:\\Documents\\Workspace\\react_native\\roamly_backend\\src\\modules\\auth\\auth.service.ts:119:28\n\n  116 const refreshToken = crypto.randomBytes(32).toString('hex');\n  117 \n  118 // Update user with new refresh token\n→ 119 await this.prisma.user.update(\nTransaction failed due to a write conflict or a deadlock. Please retry your transaction","path":"/auth/login","timestamp":"2025-06-24T09:19:34.101Z"}
classpath:features/performance/login-performance-concurrent.feature:13
<<<
16:19:38.353 [main] DEBUG org.thymeleaf.TemplateEngine -- [THYMELEAF] INITIALIZING TEMPLATE ENGINE
16:19:38.379 [main] DEBUG org.thymeleaf.TemplateEngine.CONFIG -- Initializing Thymeleaf Template engine configuration...
[THYMELEAF] TEMPLATE ENGINE CONFIGURATION:
[THYMELEAF] * Thymeleaf version: 3.1.2.RELEASE (built 2023-07-30T19:25:50+0000)
[THYMELEAF] * Cache Manager implementation: org.thymeleaf.cache.StandardCacheManager
[THYMELEAF] * Template resolvers:
[THYMELEAF]     * [1] com.intuit.karate.template.ResourceHtmlTemplateResolver
[THYMELEAF] * Message resolvers:
[THYMELEAF]     * org.thymeleaf.messageresolver.StandardMessageResolver
[THYMELEAF] * Link builders:
[THYMELEAF]     * org.thymeleaf.linkbuilder.StandardLinkBuilder
[THYMELEAF] * Dialect [1 of 2]: Standard (com.intuit.karate.template.KarateStandardDialect)
[THYMELEAF]     * Prefix: "th"
[THYMELEAF]     * Processors for Template Mode: HTML
[THYMELEAF]         * Element Tag Processors by [matching element and attribute name] [precedence]:
[THYMELEAF]             * [* {th:include,data-th-include}] [100]: org.thymeleaf.standard.processor.StandardIncludeTagProcessor
[THYMELEAF]             * [* {th:insert,data-th-insert}] [100]: org.thymeleaf.standard.processor.StandardInsertTagProcessor
[THYMELEAF]             * [* {th:replace,data-th-replace}] [100]: org.thymeleaf.standard.processor.StandardReplaceTagProcessor
[THYMELEAF]             * [* {th:each,data-th-each}] [200]: com.intuit.karate.template.KarateEachTagProcessor
[THYMELEAF]             * [* {th:switch,data-th-switch}] [250]: org.thymeleaf.standard.processor.StandardSwitchTagProcessor
[THYMELEAF]             * [* {th:case,data-th-case}] [275]: org.thymeleaf.standard.processor.StandardCaseTagProcessor
[THYMELEAF]             * [* {th:if,data-th-if}] [300]: org.thymeleaf.standard.processor.StandardIfTagProcessor
[THYMELEAF]             * [* {th:unless,data-th-unless}] [400]: org.thymeleaf.standard.processor.StandardUnlessTagProcessor
[THYMELEAF]             * [* {th:object,data-th-object}] [500]: org.thymeleaf.standard.processor.StandardObjectTagProcessor
[THYMELEAF]             * [* {th:with,data-th-with}] [600]: com.intuit.karate.template.KarateWithTagProcessor
[THYMELEAF]             * [* {th:attr,data-th-attr}] [700]: com.intuit.karate.template.KarateAttributeTagProcessor.KarateAttrTagProcessor
[THYMELEAF]             * [* {th:attrappend,data-th-attrappend}] [900]: com.intuit.karate.template.KarateAttributeTagProcessor.KarateAttrappendTagProcessor
[THYMELEAF]             * [* {th:attrprepend,data-th-attrprepend}] [900]: com.intuit.karate.template.KarateAttributeTagProcessor.KarateAttrprependTagProcessor
[THYMELEAF]             * [* {th:alt-title,data-th-alt-title}] [990]: org.thymeleaf.standard.processor.StandardAltTitleTagProcessor
[THYMELEAF]             * [* {th:lang-xmllang,data-th-lang-xmllang}] [990]: org.thymeleaf.standard.processor.StandardLangXmlLangTagProcessor
[THYMELEAF]             * [* {th:action,data-th-action}] [1000]: org.thymeleaf.standard.processor.StandardActionTagProcessor
[THYMELEAF]             * [* {th:ismap,data-th-ismap}] [1000]: org.thymeleaf.standard.processor.StandardConditionalFixedValueTagProcessor
[THYMELEAF]             * [* {th:open,data-th-open}] [1000]: org.thymeleaf.standard.processor.StandardConditionalFixedValueTagProcessor
[THYMELEAF]             * [* {th:selected,data-th-selected}] [1000]: org.thymeleaf.standard.processor.StandardConditionalFixedValueTagProcessor
[THYMELEAF]             * [* {th:nowrap,data-th-nowrap}] [1000]: org.thymeleaf.standard.processor.StandardConditionalFixedValueTagProcessor
[THYMELEAF]             * [* {th:readonly,data-th-readonly}] [1000]: org.thymeleaf.standard.processor.StandardConditionalFixedValueTagProcessor
[THYMELEAF]             * [* {th:default,data-th-default}] [1000]: org.thymeleaf.standard.processor.StandardConditionalFixedValueTagProcessor
[THYMELEAF]             * [* {th:checked,data-th-checked}] [1000]: org.thymeleaf.standard.processor.StandardConditionalFixedValueTagProcessor
[THYMELEAF]             * [* {th:pubdate,data-th-pubdate}] [1000]: org.thymeleaf.standard.processor.StandardConditionalFixedValueTagProcessor
[THYMELEAF]             * [* {th:hidden,data-th-hidden}] [1000]: org.thymeleaf.standard.processor.StandardConditionalFixedValueTagProcessor
[THYMELEAF]             * [* {th:autofocus,data-th-autofocus}] [1000]: org.thymeleaf.standard.processor.StandardConditionalFixedValueTagProcessor
[THYMELEAF]             * [* {th:formnovalidate,data-th-formnovalidate}] [1000]: org.thymeleaf.standard.processor.StandardConditionalFixedValueTagProcessor
[THYMELEAF]             * [* {th:disabled,data-th-disabled}] [1000]: org.thymeleaf.standard.processor.StandardConditionalFixedValueTagProcessor
[THYMELEAF]             * [* {th:scoped,data-th-scoped}] [1000]: org.thymeleaf.standard.processor.StandardConditionalFixedValueTagProcessor
[THYMELEAF]             * [* {th:controls,data-th-controls}] [1000]: org.thymeleaf.standard.processor.StandardConditionalFixedValueTagProcessor
[THYMELEAF]             * [* {th:loop,data-th-loop}] [1000]: org.thymeleaf.standard.processor.StandardConditionalFixedValueTagProcessor
[THYMELEAF]             * [* {th:required,data-th-required}] [1000]: org.thymeleaf.standard.processor.StandardConditionalFixedValueTagProcessor
[THYMELEAF]             * [* {th:declare,data-th-declare}] [1000]: org.thymeleaf.standard.processor.StandardConditionalFixedValueTagProcessor
[THYMELEAF]             * [* {th:async,data-th-async}] [1000]: org.thymeleaf.standard.processor.StandardConditionalFixedValueTagProcessor
[THYMELEAF]             * [* {th:reversed,data-th-reversed}] [1000]: org.thymeleaf.standard.processor.StandardConditionalFixedValueTagProcessor
[THYMELEAF]             * [* {th:novalidate,data-th-novalidate}] [1000]: org.thymeleaf.standard.processor.StandardConditionalFixedValueTagProcessor
[THYMELEAF]             * [* {th:seamless,data-th-seamless}] [1000]: org.thymeleaf.standard.processor.StandardConditionalFixedValueTagProcessor
[THYMELEAF]             * [* {th:multiple,data-th-multiple}] [1000]: org.thymeleaf.standard.processor.StandardConditionalFixedValueTagProcessor
[THYMELEAF]             * [* {th:autoplay,data-th-autoplay}] [1000]: org.thymeleaf.standard.processor.StandardConditionalFixedValueTagProcessor
[THYMELEAF]             * [* {th:defer,data-th-defer}] [1000]: org.thymeleaf.standard.processor.StandardConditionalFixedValueTagProcessor
[THYMELEAF]             * [* {th:onunload,data-th-onunload}] [1000]: org.thymeleaf.standard.processor.StandardDOMEventAttributeTagProcessor
[THYMELEAF]             * [* {th:onloadstart,data-th-onloadstart}] [1000]: org.thymeleaf.standard.processor.StandardDOMEventAttributeTagProcessor
[THYMELEAF]             * [* {th:onformchange,data-th-onformchange}] [1000]: org.thymeleaf.standard.processor.StandardDOMEventAttributeTagProcessor
[THYMELEAF]             * [* {th:onplaying,data-th-onplaying}] [1000]: org.thymeleaf.standard.processor.StandardDOMEventAttributeTagProcessor
[THYMELEAF]             * [* {th:onmessage,data-th-onmessage}] [1000]: org.thymeleaf.standard.processor.StandardDOMEventAttributeTagProcessor
[THYMELEAF]             * [* {th:onloadeddata,data-th-onloadeddata}] [1000]: org.thymeleaf.standard.processor.StandardDOMEventAttributeTagProcessor
[THYMELEAF]             * [* {th:oncontextmenu,data-th-oncontextmenu}] [1000]: org.thymeleaf.standard.processor.StandardDOMEventAttributeTagProcessor
[THYMELEAF]             * [* {th:onclick,data-th-onclick}] [1000]: org.thymeleaf.standard.processor.StandardDOMEventAttributeTagProcessor
[THYMELEAF]             * [* {th:onchange,data-th-onchange}] [1000]: org.thymeleaf.standard.processor.StandardDOMEventAttributeTagProcessor
[THYMELEAF]             * [* {th:onpopstate,data-th-onpopstate}] [1000]: org.thymeleaf.standard.processor.StandardDOMEventAttributeTagProcessor
[THYMELEAF]             * [* {th:onresize,data-th-onresize}] [1000]: org.thymeleaf.standard.processor.StandardDOMEventAttributeTagProcessor
[THYMELEAF]             * [* {th:onselect,data-th-onselect}] [1000]: org.thymeleaf.standard.processor.StandardDOMEventAttributeTagProcessor
[THYMELEAF]             * [* {th:oncanplay,data-th-oncanplay}] [1000]: org.thymeleaf.standard.processor.StandardDOMEventAttributeTagProcessor
[THYMELEAF]             * [* {th:ontimeupdate,data-th-ontimeupdate}] [1000]: org.thymeleaf.standard.processor.StandardDOMEventAttributeTagProcessor
[THYMELEAF]             * [* {th:ondrop,data-th-ondrop}] [1000]: org.thymeleaf.standard.processor.StandardDOMEventAttributeTagProcessor
[THYMELEAF]             * [* {th:onredo,data-th-onredo}] [1000]: org.thymeleaf.standard.processor.StandardDOMEventAttributeTagProcessor
[THYMELEAF]             * [* {th:onerror,data-th-onerror}] [1000]: org.thymeleaf.standard.processor.StandardDOMEventAttributeTagProcessor
[THYMELEAF]             * [* {th:ononline,data-th-ononline}] [1000]: org.thymeleaf.standard.processor.StandardDOMEventAttributeTagProcessor
[THYMELEAF]             * [* {th:onratechange,data-th-onratechange}] [1000]: org.thymeleaf.standard.processor.StandardDOMEventAttributeTagProcessor
[THYMELEAF]             * [* {th:onscroll,data-th-onscroll}] [1000]: org.thymeleaf.standard.processor.StandardDOMEventAttributeTagProcessor
[THYMELEAF]             * [* {th:onended,data-th-onended}] [1000]: org.thymeleaf.standard.processor.StandardDOMEventAttributeTagProcessor
[THYMELEAF]             * [* {th:onseeked,data-th-onseeked}] [1000]: org.thymeleaf.standard.processor.StandardDOMEventAttributeTagProcessor
[THYMELEAF]             * [* {th:ondragstart,data-th-ondragstart}] [1000]: org.thymeleaf.standard.processor.StandardDOMEventAttributeTagProcessor
[THYMELEAF]             * [* {th:oninput,data-th-oninput}] [1000]: org.thymeleaf.standard.processor.StandardDOMEventAttributeTagProcessor
[THYMELEAF]             * [* {th:onpause,data-th-onpause}] [1000]: org.thymeleaf.standard.processor.StandardDOMEventAttributeTagProcessor
[THYMELEAF]             * [* {th:ondragenter,data-th-ondragenter}] [1000]: org.thymeleaf.standard.processor.StandardDOMEventAttributeTagProcessor
[THYMELEAF]             * [* {th:onundo,data-th-onundo}] [1000]: org.thymeleaf.standard.processor.StandardDOMEventAttributeTagProcessor
[THYMELEAF]             * [* {th:onstalled,data-th-onstalled}] [1000]: org.thymeleaf.standard.processor.StandardDOMEventAttributeTagProcessor
[THYMELEAF]             * [* {th:onseeking,data-th-onseeking}] [1000]: org.thymeleaf.standard.processor.StandardDOMEventAttributeTagProcessor
[THYMELEAF]             * [* {th:onloadedmetadata,data-th-onloadedmetadata}] [1000]: org.thymeleaf.standard.processor.StandardDOMEventAttributeTagProcessor
[THYMELEAF]             * [* {th:onmousedown,data-th-onmousedown}] [1000]: org.thymeleaf.standard.processor.StandardDOMEventAttributeTagProcessor
[THYMELEAF]             * [* {th:oncanplaythrough,data-th-oncanplaythrough}] [1000]: org.thymeleaf.standard.processor.StandardDOMEventAttributeTagProcessor
[THYMELEAF]             * [* {th:onreset,data-th-onreset}] [1000]: org.thymeleaf.standard.processor.StandardDOMEventAttributeTagProcessor
[THYMELEAF]             * [* {th:onbeforeprint,data-th-onbeforeprint}] [1000]: org.thymeleaf.standard.processor.StandardDOMEventAttributeTagProcessor
[THYMELEAF]             * [* {th:onforminput,data-th-onforminput}] [1000]: org.thymeleaf.standard.processor.StandardDOMEventAttributeTagProcessor
[THYMELEAF]             * [* {th:ondragover,data-th-ondragover}] [1000]: org.thymeleaf.standard.processor.StandardDOMEventAttributeTagProcessor
[THYMELEAF]             * [* {th:onkeydown,data-th-onkeydown}] [1000]: org.thymeleaf.standard.processor.StandardDOMEventAttributeTagProcessor
[THYMELEAF]             * [* {th:onsubmit,data-th-onsubmit}] [1000]: org.thymeleaf.standard.processor.StandardDOMEventAttributeTagProcessor
[THYMELEAF]             * [* {th:ondrag,data-th-ondrag}] [1000]: org.thymeleaf.standard.processor.StandardDOMEventAttributeTagProcessor
[THYMELEAF]             * [* {th:onprogress,data-th-onprogress}] [1000]: org.thymeleaf.standard.processor.StandardDOMEventAttributeTagProcessor
[THYMELEAF]             * [* {th:oninvalid,data-th-oninvalid}] [1000]: org.thymeleaf.standard.processor.StandardDOMEventAttributeTagProcessor
[THYMELEAF]             * [* {th:ondblclick,data-th-ondblclick}] [1000]: org.thymeleaf.standard.processor.StandardDOMEventAttributeTagProcessor
[THYMELEAF]             * [* {th:ondragend,data-th-ondragend}] [1000]: org.thymeleaf.standard.processor.StandardDOMEventAttributeTagProcessor
[THYMELEAF]             * [* {th:onabort,data-th-onabort}] [1000]: org.thymeleaf.standard.processor.StandardDOMEventAttributeTagProcessor
[THYMELEAF]             * [* {th:onsuspend,data-th-onsuspend}] [1000]: org.thymeleaf.standard.processor.StandardDOMEventAttributeTagProcessor
[THYMELEAF]             * [* {th:onmousemove,data-th-onmousemove}] [1000]: org.thymeleaf.standard.processor.StandardDOMEventAttributeTagProcessor
[THYMELEAF]             * [* {th:ondragleave,data-th-ondragleave}] [1000]: org.thymeleaf.standard.processor.StandardDOMEventAttributeTagProcessor
[THYMELEAF]             * [* {th:onafterprint,data-th-onafterprint}] [1000]: org.thymeleaf.standard.processor.StandardDOMEventAttributeTagProcessor
[THYMELEAF]             * [* {th:onshow,data-th-onshow}] [1000]: org.thymeleaf.standard.processor.StandardDOMEventAttributeTagProcessor
[THYMELEAF]             * [* {th:onwaiting,data-th-onwaiting}] [1000]: org.thymeleaf.standard.processor.StandardDOMEventAttributeTagProcessor
[THYMELEAF]             * [* {th:onblur,data-th-onblur}] [1000]: org.thymeleaf.standard.processor.StandardDOMEventAttributeTagProcessor
[THYMELEAF]             * [* {th:onstorage,data-th-onstorage}] [1000]: org.thymeleaf.standard.processor.StandardDOMEventAttributeTagProcessor
[THYMELEAF]             * [* {th:onkeyup,data-th-onkeyup}] [1000]: org.thymeleaf.standard.processor.StandardDOMEventAttributeTagProcessor
[THYMELEAF]             * [* {th:onmouseup,data-th-onmouseup}] [1000]: org.thymeleaf.standard.processor.StandardDOMEventAttributeTagProcessor
[THYMELEAF]             * [* {th:onplay,data-th-onplay}] [1000]: org.thymeleaf.standard.processor.StandardDOMEventAttributeTagProcessor
[THYMELEAF]             * [* {th:onmouseover,data-th-onmouseover}] [1000]: org.thymeleaf.standard.processor.StandardDOMEventAttributeTagProcessor
[THYMELEAF]             * [* {th:onreadystatechange,data-th-onreadystatechange}] [1000]: org.thymeleaf.standard.processor.StandardDOMEventAttributeTagProcessor
[THYMELEAF]             * [* {th:onvolumechange,data-th-onvolumechange}] [1000]: org.thymeleaf.standard.processor.StandardDOMEventAttributeTagProcessor
[THYMELEAF]             * [* {th:onkeypress,data-th-onkeypress}] [1000]: org.thymeleaf.standard.processor.StandardDOMEventAttributeTagProcessor
[THYMELEAF]             * [* {th:onoffline,data-th-onoffline}] [1000]: org.thymeleaf.standard.processor.StandardDOMEventAttributeTagProcessor
[THYMELEAF]             * [* {th:onbeforeunload,data-th-onbeforeunload}] [1000]: org.thymeleaf.standard.processor.StandardDOMEventAttributeTagProcessor
[THYMELEAF]             * [* {th:onhashchange,data-th-onhashchange}] [1000]: org.thymeleaf.standard.processor.StandardDOMEventAttributeTagProcessor
[THYMELEAF]             * [* {th:onmouseout,data-th-onmouseout}] [1000]: org.thymeleaf.standard.processor.StandardDOMEventAttributeTagProcessor
[THYMELEAF]             * [* {th:onload,data-th-onload}] [1000]: org.thymeleaf.standard.processor.StandardDOMEventAttributeTagProcessor
[THYMELEAF]             * [* {th:onfocus,data-th-onfocus}] [1000]: org.thymeleaf.standard.processor.StandardDOMEventAttributeTagProcessor
[THYMELEAF]             * [* {th:onmousewheel,data-th-onmousewheel}] [1000]: org.thymeleaf.standard.processor.StandardDOMEventAttributeTagProcessor
[THYMELEAF]             * [* {th:onemptied,data-th-onemptied}] [1000]: org.thymeleaf.standard.processor.StandardDOMEventAttributeTagProcessor
[THYMELEAF]             * [* {th:ondurationchange,data-th-ondurationchange}] [1000]: org.thymeleaf.standard.processor.StandardDOMEventAttributeTagProcessor
[THYMELEAF]             * [* {th:href,data-th-href}] [1000]: org.thymeleaf.standard.processor.StandardHrefTagProcessor
[THYMELEAF]             * [* {th:inline,data-th-inline}] [1000]: org.thymeleaf.standard.processor.StandardInlineHTMLTagProcessor
[THYMELEAF]             * [* {th:method,data-th-method}] [1000]: org.thymeleaf.standard.processor.StandardMethodTagProcessor
[THYMELEAF]             * [* {th:type,data-th-type}] [1000]: org.thymeleaf.standard.processor.StandardNonRemovableAttributeTagProcessor
[THYMELEAF]             * [* {th:name,data-th-name}] [1000]: org.thymeleaf.standard.processor.StandardNonRemovableAttributeTagProcessor
[THYMELEAF]             * [* {th:dir,data-th-dir}] [1000]: org.thymeleaf.standard.processor.StandardRemovableAttributeTagProcessor
[THYMELEAF]             * [* {th:low,data-th-low}] [1000]: org.thymeleaf.standard.processor.StandardRemovableAttributeTagProcessor
[THYMELEAF]             * [* {th:size,data-th-size}] [1000]: org.thymeleaf.standard.processor.StandardRemovableAttributeTagProcessor
[THYMELEAF]             * [* {th:rowspan,data-th-rowspan}] [1000]: org.thymeleaf.standard.processor.StandardRemovableAttributeTagProcessor
[THYMELEAF]             * [* {th:hreflang,data-th-hreflang}] [1000]: org.thymeleaf.standard.processor.StandardRemovableAttributeTagProcessor
[THYMELEAF]             * [* {th:contextmenu,data-th-contextmenu}] [1000]: org.thymeleaf.standard.processor.StandardRemovableAttributeTagProcessor
[THYMELEAF]             * [* {th:http-equiv,data-th-http-equiv}] [1000]: org.thymeleaf.standard.processor.StandardRemovableAttributeTagProcessor
[THYMELEAF]             * [* {th:formaction,data-th-formaction}] [1000]: org.thymeleaf.standard.processor.StandardRemovableAttributeTagProcessor
[THYMELEAF]             * [* {th:summary,data-th-summary}] [1000]: org.thymeleaf.standard.processor.StandardRemovableAttributeTagProcessor
[THYMELEAF]             * [* {th:rows,data-th-rows}] [1000]: org.thymeleaf.standard.processor.StandardRemovableAttributeTagProcessor
[THYMELEAF]             * [* {th:frame,data-th-frame}] [1000]: org.thymeleaf.standard.processor.StandardRemovableAttributeTagProcessor
[THYMELEAF]             * [* {th:longdesc,data-th-longdesc}] [1000]: org.thymeleaf.standard.processor.StandardRemovableAttributeTagProcessor
[THYMELEAF]             * [* {th:hspace,data-th-hspace}] [1000]: org.thymeleaf.standard.processor.StandardRemovableAttributeTagProcessor
[THYMELEAF]             * [* {th:sizes,data-th-sizes}] [1000]: org.thymeleaf.standard.processor.StandardRemovableAttributeTagProcessor
[THYMELEAF]             * [* {th:datetime,data-th-datetime}] [1000]: org.thymeleaf.standard.processor.StandardRemovableAttributeTagProcessor
[THYMELEAF]             * [* {th:start,data-th-start}] [1000]: org.thymeleaf.standard.processor.StandardRemovableAttributeTagProcessor
[THYMELEAF]             * [* {th:icon,data-th-icon}] [1000]: org.thymeleaf.standard.processor.StandardRemovableAttributeTagProcessor
[THYMELEAF]             * [* {th:span,data-th-span}] [1000]: org.thymeleaf.standard.processor.StandardRemovableAttributeTagProcessor
[THYMELEAF]             * [* {th:accept-charset,data-th-accept-charset}] [1000]: org.thymeleaf.standard.processor.StandardRemovableAttributeTagProcessor
[THYMELEAF]             * [* {th:min,data-th-min}] [1000]: org.thymeleaf.standard.processor.StandardRemovableAttributeTagProcessor
[THYMELEAF]             * [* {th:headers,data-th-headers}] [1000]: org.thymeleaf.standard.processor.StandardRemovableAttributeTagProcessor
[THYMELEAF]             * [* {th:spellcheck,data-th-spellcheck}] [1000]: org.thymeleaf.standard.processor.StandardRemovableAttributeTagProcessor
[THYMELEAF]             * [* {th:radiogroup,data-th-radiogroup}] [1000]: org.thymeleaf.standard.processor.StandardRemovableAttributeTagProcessor
[THYMELEAF]             * [* {th:height,data-th-height}] [1000]: org.thymeleaf.standard.processor.StandardRemovableAttributeTagProcessor
[THYMELEAF]             * [* {th:list,data-th-list}] [1000]: org.thymeleaf.standard.processor.StandardRemovableAttributeTagProcessor
[THYMELEAF]             * [* {th:marginwidth,data-th-marginwidth}] [1000]: org.thymeleaf.standard.processor.StandardRemovableAttributeTagProcessor
[THYMELEAF]             * [* {th:keytype,data-th-keytype}] [1000]: org.thymeleaf.standard.processor.StandardRemovableAttributeTagProcessor
[THYMELEAF]             * [* {th:label,data-th-label}] [1000]: org.thymeleaf.standard.processor.StandardRemovableAttributeTagProcessor
[THYMELEAF]             * [* {th:draggable,data-th-draggable}] [1000]: org.thymeleaf.standard.processor.StandardRemovableAttributeTagProcessor
[THYMELEAF]             * [* {th:charset,data-th-charset}] [1000]: org.thymeleaf.standard.processor.StandardRemovableAttributeTagProcessor
[THYMELEAF]             * [* {th:class,data-th-class}] [1000]: org.thymeleaf.standard.processor.StandardRemovableAttributeTagProcessor
[THYMELEAF]             * [* {th:max,data-th-max}] [1000]: org.thymeleaf.standard.processor.StandardRemovableAttributeTagProcessor
[THYMELEAF]             * [* {th:id,data-th-id}] [1000]: org.thymeleaf.standard.processor.StandardRemovableAttributeTagProcessor
[THYMELEAF]             * [* {th:codebase,data-th-codebase}] [1000]: org.thymeleaf.standard.processor.StandardRemovableAttributeTagProcessor
[THYMELEAF]             * [* {th:pattern,data-th-pattern}] [1000]: org.thymeleaf.standard.processor.StandardRemovableAttributeTagProcessor
[THYMELEAF]             * [* {th:target,data-th-target}] [1000]: org.thymeleaf.standard.processor.StandardRemovableAttributeTagProcessor
[THYMELEAF]             * [* {th:usemap,data-th-usemap}] [1000]: org.thymeleaf.standard.processor.StandardRemovableAttributeTagProcessor
[THYMELEAF]             * [* {th:step,data-th-step}] [1000]: org.thymeleaf.standard.processor.StandardRemovableAttributeTagProcessor
[THYMELEAF]             * [* {th:scope,data-th-scope}] [1000]: org.thymeleaf.standard.processor.StandardRemovableAttributeTagProcessor
[THYMELEAF]             * [* {th:background,data-th-background}] [1000]: org.thymeleaf.standard.processor.StandardRemovableAttributeTagProcessor
[THYMELEAF]             * [* {th:colspan,data-th-colspan}] [1000]: org.thymeleaf.standard.processor.StandardRemovableAttributeTagProcessor
[THYMELEAF]             * [* {th:abbr,data-th-abbr}] [1000]: org.thymeleaf.standard.processor.StandardRemovableAttributeTagProcessor
[THYMELEAF]             * [* {th:bgcolor,data-th-bgcolor}] [1000]: org.thymeleaf.standard.processor.StandardRemovableAttributeTagProcessor
[THYMELEAF]             * [* {th:standby,data-th-standby}] [1000]: org.thymeleaf.standard.processor.StandardRemovableAttributeTagProcessor
[THYMELEAF]             * [* {th:marginheight,data-th-marginheight}] [1000]: org.thymeleaf.standard.processor.StandardRemovableAttributeTagProcessor
[THYMELEAF]             * [* {th:data,data-th-data}] [1000]: org.thymeleaf.standard.processor.StandardRemovableAttributeTagProcessor
[THYMELEAF]             * [* {th:cols,data-th-cols}] [1000]: org.thymeleaf.standard.processor.StandardRemovableAttributeTagProcessor
[THYMELEAF]             * [* {th:dropzone,data-th-dropzone}] [1000]: org.thymeleaf.standard.processor.StandardRemovableAttributeTagProcessor
[THYMELEAF]             * [* {th:align,data-th-align}] [1000]: org.thymeleaf.standard.processor.StandardRemovableAttributeTagProcessor
[THYMELEAF]             * [* {th:scrolling,data-th-scrolling}] [1000]: org.thymeleaf.standard.processor.StandardRemovableAttributeTagProcessor
[THYMELEAF]             * [* {th:formmethod,data-th-formmethod}] [1000]: org.thymeleaf.standard.processor.StandardRemovableAttributeTagProcessor
[THYMELEAF]             * [* {th:vspace,data-th-vspace}] [1000]: org.thymeleaf.standard.processor.StandardRemovableAttributeTagProcessor
[THYMELEAF]             * [* {th:manifest,data-th-manifest}] [1000]: org.thymeleaf.standard.processor.StandardRemovableAttributeTagProcessor
[THYMELEAF]             * [* {th:srclang,data-th-srclang}] [1000]: org.thymeleaf.standard.processor.StandardRemovableAttributeTagProcessor
[THYMELEAF]             * [* {th:contenteditable,data-th-contenteditable}] [1000]: org.thymeleaf.standard.processor.StandardRemovableAttributeTagProcessor
[THYMELEAF]             * [* {th:classid,data-th-classid}] [1000]: org.thymeleaf.standard.processor.StandardRemovableAttributeTagProcessor
[THYMELEAF]             * [* {th:cite,data-th-cite}] [1000]: org.thymeleaf.standard.processor.StandardRemovableAttributeTagProcessor
[THYMELEAF]             * [* {th:cellpadding,data-th-cellpadding}] [1000]: org.thymeleaf.standard.processor.StandardRemovableAttributeTagProcessor
[THYMELEAF]             * [* {th:frameborder,data-th-frameborder}] [1000]: org.thymeleaf.standard.processor.StandardRemovableAttributeTagProcessor
[THYMELEAF]             * [* {th:style,data-th-style}] [1000]: org.thymeleaf.standard.processor.StandardRemovableAttributeTagProcessor
[THYMELEAF]             * [* {th:placeholder,data-th-placeholder}] [1000]: org.thymeleaf.standard.processor.StandardRemovableAttributeTagProcessor
[THYMELEAF]             * [* {th:rel,data-th-rel}] [1000]: org.thymeleaf.standard.processor.StandardRemovableAttributeTagProcessor
[THYMELEAF]             * [* {th:autocomplete,data-th-autocomplete}] [1000]: org.thymeleaf.standard.processor.StandardRemovableAttributeTagProcessor
[THYMELEAF]             * [* {th:enctype,data-th-enctype}] [1000]: org.thymeleaf.standard.processor.StandardRemovableAttributeTagProcessor
[THYMELEAF]             * [* {th:border,data-th-border}] [1000]: org.thymeleaf.standard.processor.StandardRemovableAttributeTagProcessor
[THYMELEAF]             * [* {th:rules,data-th-rules}] [1000]: org.thymeleaf.standard.processor.StandardRemovableAttributeTagProcessor
[THYMELEAF]             * [* {th:kind,data-th-kind}] [1000]: org.thymeleaf.standard.processor.StandardRemovableAttributeTagProcessor
[THYMELEAF]             * [* {th:challenge,data-th-challenge}] [1000]: org.thymeleaf.standard.processor.StandardRemovableAttributeTagProcessor
[THYMELEAF]             * [* {th:for,data-th-for}] [1000]: org.thymeleaf.standard.processor.StandardRemovableAttributeTagProcessor
[THYMELEAF]             * [* {th:alt,data-th-alt}] [1000]: org.thymeleaf.standard.processor.StandardRemovableAttributeTagProcessor
[THYMELEAF]             * [* {th:formenctype,data-th-formenctype}] [1000]: org.thymeleaf.standard.processor.StandardRemovableAttributeTagProcessor
[THYMELEAF]             * [* {th:maxlength,data-th-maxlength}] [1000]: org.thymeleaf.standard.processor.StandardRemovableAttributeTagProcessor
[THYMELEAF]             * [* {th:tabindex,data-th-tabindex}] [1000]: org.thymeleaf.standard.processor.StandardRemovableAttributeTagProcessor
[THYMELEAF]             * [* {th:valuetype,data-th-valuetype}] [1000]: org.thymeleaf.standard.processor.StandardRemovableAttributeTagProcessor
[THYMELEAF]             * [* {th:scheme,data-th-scheme}] [1000]: org.thymeleaf.standard.processor.StandardRemovableAttributeTagProcessor
[THYMELEAF]             * [* {th:compact,data-th-compact}] [1000]: org.thymeleaf.standard.processor.StandardRemovableAttributeTagProcessor
[THYMELEAF]             * [* {th:preload,data-th-preload}] [1000]: org.thymeleaf.standard.processor.StandardRemovableAttributeTagProcessor
[THYMELEAF]             * [* {th:accept,data-th-accept}] [1000]: org.thymeleaf.standard.processor.StandardRemovableAttributeTagProcessor
[THYMELEAF]             * [* {th:content,data-th-content}] [1000]: org.thymeleaf.standard.processor.StandardRemovableAttributeTagProcessor
[THYMELEAF]             * [* {th:width,data-th-width}] [1000]: org.thymeleaf.standard.processor.StandardRemovableAttributeTagProcessor
[THYMELEAF]             * [* {th:cellspacing,data-th-cellspacing}] [1000]: org.thymeleaf.standard.processor.StandardRemovableAttributeTagProcessor
[THYMELEAF]             * [* {th:sandbox,data-th-sandbox}] [1000]: org.thymeleaf.standard.processor.StandardRemovableAttributeTagProcessor
[THYMELEAF]             * [* {th:formtarget,data-th-formtarget}] [1000]: org.thymeleaf.standard.processor.StandardRemovableAttributeTagProcessor
[THYMELEAF]             * [* {th:axis,data-th-axis}] [1000]: org.thymeleaf.standard.processor.StandardRemovableAttributeTagProcessor
[THYMELEAF]             * [* {th:audio,data-th-audio}] [1000]: org.thymeleaf.standard.processor.StandardRemovableAttributeTagProcessor
[THYMELEAF]             * [* {th:poster,data-th-poster}] [1000]: org.thymeleaf.standard.processor.StandardRemovableAttributeTagProcessor
[THYMELEAF]             * [* {th:media,data-th-media}] [1000]: org.thymeleaf.standard.processor.StandardRemovableAttributeTagProcessor
[THYMELEAF]             * [* {th:archive,data-th-archive}] [1000]: org.thymeleaf.standard.processor.StandardRemovableAttributeTagProcessor
[THYMELEAF]             * [* {th:wrap,data-th-wrap}] [1000]: org.thymeleaf.standard.processor.StandardRemovableAttributeTagProcessor
[THYMELEAF]             * [* {th:form,data-th-form}] [1000]: org.thymeleaf.standard.processor.StandardRemovableAttributeTagProcessor
[THYMELEAF]             * [* {th:high,data-th-high}] [1000]: org.thymeleaf.standard.processor.StandardRemovableAttributeTagProcessor
[THYMELEAF]             * [* {th:rev,data-th-rev}] [1000]: org.thymeleaf.standard.processor.StandardRemovableAttributeTagProcessor
[THYMELEAF]             * [* {th:title,data-th-title}] [1000]: org.thymeleaf.standard.processor.StandardRemovableAttributeTagProcessor
[THYMELEAF]             * [* {th:accesskey,data-th-accesskey}] [1000]: org.thymeleaf.standard.processor.StandardRemovableAttributeTagProcessor
[THYMELEAF]             * [* {th:optimum,data-th-optimum}] [1000]: org.thymeleaf.standard.processor.StandardRemovableAttributeTagProcessor
[THYMELEAF]             * [* {th:lang,data-th-lang}] [1000]: org.thymeleaf.standard.processor.StandardRemovableAttributeTagProcessor
[THYMELEAF]             * [* {th:codetype,data-th-codetype}] [1000]: org.thymeleaf.standard.processor.StandardRemovableAttributeTagProcessor
[THYMELEAF]             * [* {th:src,data-th-src}] [1000]: org.thymeleaf.standard.processor.StandardSrcTagProcessor
[THYMELEAF]             * [* {th:value,data-th-value}] [1000]: org.thymeleaf.standard.processor.StandardValueTagProcessor
[THYMELEAF]             * [* {th:xmlbase,data-th-xmlbase}] [1000]: org.thymeleaf.standard.processor.StandardXmlBaseTagProcessor
[THYMELEAF]             * [* {th:xmllang,data-th-xmllang}] [1000]: org.thymeleaf.standard.processor.StandardXmlLangTagProcessor
[THYMELEAF]             * [* {xmlns:th}] [1000]: org.thymeleaf.standard.processor.StandardXmlNsTagProcessor
[THYMELEAF]             * [* {th:xmlspace,data-th-xmlspace}] [1000]: org.thymeleaf.standard.processor.StandardXmlSpaceTagProcessor
[THYMELEAF]             * [* {th:classappend,data-th-classappend}] [1100]: org.thymeleaf.standard.processor.StandardClassappendTagProcessor
[THYMELEAF]             * [* {th:styleappend,data-th-styleappend}] [1100]: org.thymeleaf.standard.processor.StandardStyleappendTagProcessor
[THYMELEAF]             * [* {th:text,data-th-text}] [1300]: org.thymeleaf.standard.processor.StandardTextTagProcessor
[THYMELEAF]             * [* {th:utext,data-th-utext}] [1400]: org.thymeleaf.standard.processor.StandardUtextTagProcessor
[THYMELEAF]             * [* {th:fragment,data-th-fragment}] [1500]: org.thymeleaf.standard.processor.StandardFragmentTagProcessor
[THYMELEAF]             * [* {th:assert,data-th-assert}] [1550]: org.thymeleaf.standard.processor.StandardAssertTagProcessor
[THYMELEAF]             * [* {th:remove,data-th-remove}] [1600]: org.thymeleaf.standard.processor.StandardRemoveTagProcessor
[THYMELEAF]             * [* {th:ref,data-th-ref}] [10000]: org.thymeleaf.standard.processor.StandardRefAttributeTagProcessor
[THYMELEAF]             * [{th:block,th-block} *] [100000]: org.thymeleaf.standard.processor.StandardBlockTagProcessor
[THYMELEAF]             * [* th:*] [2147483647]: org.thymeleaf.standard.processor.StandardDefaultAttributesTagProcessor
[THYMELEAF]         * Text Processors by [precedence]:
[THYMELEAF]             * [1000]: org.thymeleaf.standard.processor.StandardInliningTextProcessor
[THYMELEAF]         * DOCTYPE Processors by [precedence]:
[THYMELEAF]             * [1000]: org.thymeleaf.standard.processor.StandardTranslationDocTypeProcessor
[THYMELEAF]         * CDATA Section Processors by [precedence]:
[THYMELEAF]             * [1000]: org.thymeleaf.standard.processor.StandardInliningCDATASectionProcessor
[THYMELEAF]         * Comment Processors by [precedence]:
[THYMELEAF]             * [1000]: org.thymeleaf.standard.processor.StandardInliningCommentProcessor
[THYMELEAF]             * [1100]: org.thymeleaf.standard.processor.StandardConditionalCommentProcessor
[THYMELEAF]     * Processors for Template Mode: XML
[THYMELEAF]         * Element Tag Processors by [matching element and attribute name] [precedence]:
[THYMELEAF]             * [* {th:include}] [100]: org.thymeleaf.standard.processor.StandardIncludeTagProcessor
[THYMELEAF]             * [* {th:insert}] [100]: org.thymeleaf.standard.processor.StandardInsertTagProcessor
[THYMELEAF]             * [* {th:replace}] [100]: org.thymeleaf.standard.processor.StandardReplaceTagProcessor
[THYMELEAF]             * [* {th:each}] [200]: com.intuit.karate.template.KarateEachTagProcessor
[THYMELEAF]             * [* {th:switch}] [250]: org.thymeleaf.standard.processor.StandardSwitchTagProcessor
[THYMELEAF]             * [* {th:case}] [275]: org.thymeleaf.standard.processor.StandardCaseTagProcessor
[THYMELEAF]             * [* {th:if}] [300]: org.thymeleaf.standard.processor.StandardIfTagProcessor
[THYMELEAF]             * [* {th:unless}] [400]: org.thymeleaf.standard.processor.StandardUnlessTagProcessor
[THYMELEAF]             * [* {th:object}] [500]: org.thymeleaf.standard.processor.StandardObjectTagProcessor
[THYMELEAF]             * [* {th:with}] [600]: com.intuit.karate.template.KarateWithTagProcessor
[THYMELEAF]             * [* {th:attr}] [700]: com.intuit.karate.template.KarateAttributeTagProcessor.KarateAttrTagProcessor
[THYMELEAF]             * [* {th:attrappend}] [900]: com.intuit.karate.template.KarateAttributeTagProcessor.KarateAttrappendTagProcessor
[THYMELEAF]             * [* {th:attrprepend}] [900]: com.intuit.karate.template.KarateAttributeTagProcessor.KarateAttrprependTagProcessor
[THYMELEAF]             * [* {th:inline}] [1000]: org.thymeleaf.standard.processor.StandardInlineXMLTagProcessor
[THYMELEAF]             * [* {xmlns:th}] [1000]: org.thymeleaf.standard.processor.StandardXmlNsTagProcessor
[THYMELEAF]             * [* {th:text}] [1300]: org.thymeleaf.standard.processor.StandardTextTagProcessor
[THYMELEAF]             * [* {th:utext}] [1400]: org.thymeleaf.standard.processor.StandardUtextTagProcessor
[THYMELEAF]             * [* {th:fragment}] [1500]: org.thymeleaf.standard.processor.StandardFragmentTagProcessor
[THYMELEAF]             * [* {th:assert}] [1550]: org.thymeleaf.standard.processor.StandardAssertTagProcessor
[THYMELEAF]             * [* {th:remove}] [1600]: org.thymeleaf.standard.processor.StandardRemoveTagProcessor
[THYMELEAF]             * [* {th:ref}] [10000]: org.thymeleaf.standard.processor.StandardRefAttributeTagProcessor
[THYMELEAF]             * [{th:block} *] [100000]: org.thymeleaf.standard.processor.StandardBlockTagProcessor
[THYMELEAF]             * [* th:*] [2147483647]: org.thymeleaf.standard.processor.StandardDefaultAttributesTagProcessor
[THYMELEAF]         * Text Processors by [precedence]:
[THYMELEAF]             * [1000]: org.thymeleaf.standard.processor.StandardInliningTextProcessor
[THYMELEAF]         * CDATA Section Processors by [precedence]:
[THYMELEAF]             * [1000]: org.thymeleaf.standard.processor.StandardInliningCDATASectionProcessor
[THYMELEAF]         * Comment Processors by [precedence]:
[THYMELEAF]             * [1000]: org.thymeleaf.standard.processor.StandardInliningCommentProcessor
[THYMELEAF]     * Processors for Template Mode: TEXT
[THYMELEAF]         * Element Tag Processors by [matching element and attribute name] [precedence]:
[THYMELEAF]             * [* {th:insert}] [100]: org.thymeleaf.standard.processor.StandardInsertTagProcessor
[THYMELEAF]             * [* {th:replace}] [100]: org.thymeleaf.standard.processor.StandardReplaceTagProcessor
[THYMELEAF]             * [* {th:each}] [200]: com.intuit.karate.template.KarateEachTagProcessor
[THYMELEAF]             * [* {th:switch}] [250]: org.thymeleaf.standard.processor.StandardSwitchTagProcessor
[THYMELEAF]             * [* {th:case}] [275]: org.thymeleaf.standard.processor.StandardCaseTagProcessor
[THYMELEAF]             * [* {th:if}] [300]: org.thymeleaf.standard.processor.StandardIfTagProcessor
[THYMELEAF]             * [* {th:unless}] [400]: org.thymeleaf.standard.processor.StandardUnlessTagProcessor
[THYMELEAF]             * [* {th:object}] [500]: org.thymeleaf.standard.processor.StandardObjectTagProcessor
[THYMELEAF]             * [* {th:with}] [600]: com.intuit.karate.template.KarateWithTagProcessor
[THYMELEAF]             * [* {th:inline}] [1000]: org.thymeleaf.standard.processor.StandardInlineTextualTagProcessor
[THYMELEAF]             * [* {th:text}] [1300]: org.thymeleaf.standard.processor.StandardTextTagProcessor
[THYMELEAF]             * [* {th:utext}] [1400]: org.thymeleaf.standard.processor.StandardUtextTagProcessor
[THYMELEAF]             * [* {th:assert}] [1550]: org.thymeleaf.standard.processor.StandardAssertTagProcessor
[THYMELEAF]             * [* {th:remove}] [1600]: org.thymeleaf.standard.processor.StandardRemoveTagProcessor
[THYMELEAF]             * [{th:block} *] [100000]: org.thymeleaf.standard.processor.StandardBlockTagProcessor
[THYMELEAF]             * [* 100000] [org.thymeleaf.standard.processor.StandardBlockTagProcessor]: {}
[THYMELEAF]         * Text Processors by [precedence]:
[THYMELEAF]             * [1000]: org.thymeleaf.standard.processor.StandardInliningTextProcessor
[THYMELEAF]     * Processors for Template Mode: JAVASCRIPT
[THYMELEAF]         * Element Tag Processors by [matching element and attribute name] [precedence]:
[THYMELEAF]             * [* {th:insert}] [100]: org.thymeleaf.standard.processor.StandardInsertTagProcessor
[THYMELEAF]             * [* {th:replace}] [100]: org.thymeleaf.standard.processor.StandardReplaceTagProcessor
[THYMELEAF]             * [* {th:each}] [200]: com.intuit.karate.template.KarateEachTagProcessor
[THYMELEAF]             * [* {th:switch}] [250]: org.thymeleaf.standard.processor.StandardSwitchTagProcessor
[THYMELEAF]             * [* {th:case}] [275]: org.thymeleaf.standard.processor.StandardCaseTagProcessor
[THYMELEAF]             * [* {th:if}] [300]: org.thymeleaf.standard.processor.StandardIfTagProcessor
[THYMELEAF]             * [* {th:unless}] [400]: org.thymeleaf.standard.processor.StandardUnlessTagProcessor
[THYMELEAF]             * [* {th:object}] [500]: org.thymeleaf.standard.processor.StandardObjectTagProcessor
[THYMELEAF]             * [* {th:with}] [600]: com.intuit.karate.template.KarateWithTagProcessor
[THYMELEAF]             * [* {th:inline}] [1000]: org.thymeleaf.standard.processor.StandardInlineTextualTagProcessor
[THYMELEAF]             * [* {th:text}] [1300]: org.thymeleaf.standard.processor.StandardTextTagProcessor
[THYMELEAF]             * [* {th:utext}] [1400]: org.thymeleaf.standard.processor.StandardUtextTagProcessor
[THYMELEAF]             * [* {th:assert}] [1550]: org.thymeleaf.standard.processor.StandardAssertTagProcessor
[THYMELEAF]             * [* {th:remove}] [1600]: org.thymeleaf.standard.processor.StandardRemoveTagProcessor
[THYMELEAF]             * [{th:block} *] [100000]: org.thymeleaf.standard.processor.StandardBlockTagProcessor
[THYMELEAF]             * [* 100000] [org.thymeleaf.standard.processor.StandardBlockTagProcessor]: {}
[THYMELEAF]         * Text Processors by [precedence]:
[THYMELEAF]             * [1000]: org.thymeleaf.standard.processor.StandardInliningTextProcessor
[THYMELEAF]     * Processors for Template Mode: CSS
[THYMELEAF]         * Element Tag Processors by [matching element and attribute name] [precedence]:
[THYMELEAF]             * [* {th:insert}] [100]: org.thymeleaf.standard.processor.StandardInsertTagProcessor
[THYMELEAF]             * [* {th:replace}] [100]: org.thymeleaf.standard.processor.StandardReplaceTagProcessor
[THYMELEAF]             * [* {th:each}] [200]: com.intuit.karate.template.KarateEachTagProcessor
[THYMELEAF]             * [* {th:switch}] [250]: org.thymeleaf.standard.processor.StandardSwitchTagProcessor
[THYMELEAF]             * [* {th:case}] [275]: org.thymeleaf.standard.processor.StandardCaseTagProcessor
[THYMELEAF]             * [* {th:if}] [300]: org.thymeleaf.standard.processor.StandardIfTagProcessor
[THYMELEAF]             * [* {th:unless}] [400]: org.thymeleaf.standard.processor.StandardUnlessTagProcessor
[THYMELEAF]             * [* {th:object}] [500]: org.thymeleaf.standard.processor.StandardObjectTagProcessor
[THYMELEAF]             * [* {th:with}] [600]: com.intuit.karate.template.KarateWithTagProcessor
[THYMELEAF]             * [* {th:inline}] [1000]: org.thymeleaf.standard.processor.StandardInlineTextualTagProcessor
[THYMELEAF]             * [* {th:text}] [1300]: org.thymeleaf.standard.processor.StandardTextTagProcessor
[THYMELEAF]             * [* {th:utext}] [1400]: org.thymeleaf.standard.processor.StandardUtextTagProcessor
[THYMELEAF]             * [* {th:assert}] [1550]: org.thymeleaf.standard.processor.StandardAssertTagProcessor
[THYMELEAF]             * [* {th:remove}] [1600]: org.thymeleaf.standard.processor.StandardRemoveTagProcessor
[THYMELEAF]             * [{th:block} *] [100000]: org.thymeleaf.standard.processor.StandardBlockTagProcessor
[THYMELEAF]             * [* 100000] [org.thymeleaf.standard.processor.StandardBlockTagProcessor]: {}
[THYMELEAF]         * Text Processors by [precedence]:
[THYMELEAF]             * [1000]: org.thymeleaf.standard.processor.StandardInliningTextProcessor
[THYMELEAF]     * Expression Objects:
[THYMELEAF]         * #ctx
[THYMELEAF]         * #root
[THYMELEAF]         * #vars
[THYMELEAF]         * #object
[THYMELEAF]         * #locale
[THYMELEAF]         * #conversions
[THYMELEAF]         * #uris
[THYMELEAF]         * #temporals
[THYMELEAF]         * #calendars
[THYMELEAF]         * #dates
[THYMELEAF]         * #bools
[THYMELEAF]         * #numbers
[THYMELEAF]         * #objects
[THYMELEAF]         * #strings
[THYMELEAF]         * #arrays
[THYMELEAF]         * #lists
[THYMELEAF]         * #sets
[THYMELEAF]         * #maps
[THYMELEAF]         * #aggregates
[THYMELEAF]         * #messages
[THYMELEAF]         * #ids
[THYMELEAF]         * #execInfo
[THYMELEAF]         * #request
[THYMELEAF]         * #response
[THYMELEAF]         * #session
[THYMELEAF]         * #servletContext
[THYMELEAF]     * Execution Attributes:
[THYMELEAF]         * "StandardExpressionParser": com.intuit.karate.template.KarateStandardDialect@488eb7f2
[THYMELEAF]         * "StandardJavaScriptSerializer": org.thymeleaf.standard.serializer.StandardJavaScriptSerializer@6c67e137
[THYMELEAF]         * "StandardCSSSerializer": org.thymeleaf.standard.serializer.StandardCSSSerializer@2c9399a4
[THYMELEAF]         * "StandardVariableExpressionEvaluator": com.intuit.karate.template.KarateStandardDialect@488eb7f2
[THYMELEAF]         * "StandardConversionService": org.thymeleaf.standard.expression.StandardConversionService@191ae03f
[THYMELEAF] * Dialect [2 of 2]: karate (com.intuit.karate.template.KarateScriptDialect)
[THYMELEAF]     * Prefix: "ka"
[THYMELEAF]     * Processors for Template Mode: HTML
[THYMELEAF]         * Element Tag Processors by [matching element and attribute name] [precedence]:
[THYMELEAF]             * [* {src}] [1000]: com.intuit.karate.template.KaScriptAttrProcessor
[THYMELEAF]         * Element Model Processors by [matching element and attribute name] [precedence]:
[THYMELEAF]             * [{script} {ka:scope,data-ka-scope}] [1000]: com.intuit.karate.template.KaScriptElemProcessor
[THYMELEAF]             * [* {ka:set,data-ka-set}] [1000]: com.intuit.karate.template.KaSetElemProcessor
[THYMELEAF] TEMPLATE ENGINE CONFIGURED OK
16:19:38.381 [main] DEBUG org.thymeleaf.TemplateEngine -- [THYMELEAF] TEMPLATE ENGINE INITIALIZED
16:19:38.396 [main] DEBUG org.thymeleaf.TemplateEngine -- [THYMELEAF] INITIALIZING TEMPLATE ENGINE
16:19:38.414 [main] DEBUG org.thymeleaf.TemplateEngine.CONFIG -- Initializing Thymeleaf Template engine configuration...
[THYMELEAF] TEMPLATE ENGINE CONFIGURATION:
[THYMELEAF] * Thymeleaf version: 3.1.2.RELEASE (built 2023-07-30T19:25:50+0000)
[THYMELEAF] * Cache Manager implementation: org.thymeleaf.cache.StandardCacheManager
[THYMELEAF] * Template resolvers:
[THYMELEAF]     * [1] com.intuit.karate.template.ResourceHtmlTemplateResolver
[THYMELEAF] * Message resolvers:
[THYMELEAF]     * org.thymeleaf.messageresolver.StandardMessageResolver
[THYMELEAF] * Link builders:
[THYMELEAF]     * org.thymeleaf.linkbuilder.StandardLinkBuilder
[THYMELEAF] * Dialect [1 of 2]: Standard (com.intuit.karate.template.KarateStandardDialect)
[THYMELEAF]     * Prefix: "th"
[THYMELEAF]     * Processors for Template Mode: HTML
[THYMELEAF]         * Element Tag Processors by [matching element and attribute name] [precedence]:
[THYMELEAF]             * [* {th:include,data-th-include}] [100]: org.thymeleaf.standard.processor.StandardIncludeTagProcessor
[THYMELEAF]             * [* {th:insert,data-th-insert}] [100]: org.thymeleaf.standard.processor.StandardInsertTagProcessor
[THYMELEAF]             * [* {th:replace,data-th-replace}] [100]: org.thymeleaf.standard.processor.StandardReplaceTagProcessor
[THYMELEAF]             * [* {th:each,data-th-each}] [200]: com.intuit.karate.template.KarateEachTagProcessor
[THYMELEAF]             * [* {th:switch,data-th-switch}] [250]: org.thymeleaf.standard.processor.StandardSwitchTagProcessor
[THYMELEAF]             * [* {th:case,data-th-case}] [275]: org.thymeleaf.standard.processor.StandardCaseTagProcessor
[THYMELEAF]             * [* {th:if,data-th-if}] [300]: org.thymeleaf.standard.processor.StandardIfTagProcessor
[THYMELEAF]             * [* {th:unless,data-th-unless}] [400]: org.thymeleaf.standard.processor.StandardUnlessTagProcessor
[THYMELEAF]             * [* {th:object,data-th-object}] [500]: org.thymeleaf.standard.processor.StandardObjectTagProcessor
[THYMELEAF]             * [* {th:with,data-th-with}] [600]: com.intuit.karate.template.KarateWithTagProcessor
[THYMELEAF]             * [* {th:attr,data-th-attr}] [700]: com.intuit.karate.template.KarateAttributeTagProcessor.KarateAttrTagProcessor
[THYMELEAF]             * [* {th:attrappend,data-th-attrappend}] [900]: com.intuit.karate.template.KarateAttributeTagProcessor.KarateAttrappendTagProcessor
[THYMELEAF]             * [* {th:attrprepend,data-th-attrprepend}] [900]: com.intuit.karate.template.KarateAttributeTagProcessor.KarateAttrprependTagProcessor
[THYMELEAF]             * [* {th:alt-title,data-th-alt-title}] [990]: org.thymeleaf.standard.processor.StandardAltTitleTagProcessor
[THYMELEAF]             * [* {th:lang-xmllang,data-th-lang-xmllang}] [990]: org.thymeleaf.standard.processor.StandardLangXmlLangTagProcessor
[THYMELEAF]             * [* {th:action,data-th-action}] [1000]: org.thymeleaf.standard.processor.StandardActionTagProcessor
[THYMELEAF]             * [* {th:ismap,data-th-ismap}] [1000]: org.thymeleaf.standard.processor.StandardConditionalFixedValueTagProcessor
[THYMELEAF]             * [* {th:pubdate,data-th-pubdate}] [1000]: org.thymeleaf.standard.processor.StandardConditionalFixedValueTagProcessor
[THYMELEAF]             * [* {th:declare,data-th-declare}] [1000]: org.thymeleaf.standard.processor.StandardConditionalFixedValueTagProcessor
[THYMELEAF]             * [* {th:seamless,data-th-seamless}] [1000]: org.thymeleaf.standard.processor.StandardConditionalFixedValueTagProcessor
[THYMELEAF]             * [* {th:controls,data-th-controls}] [1000]: org.thymeleaf.standard.processor.StandardConditionalFixedValueTagProcessor
[THYMELEAF]             * [* {th:nowrap,data-th-nowrap}] [1000]: org.thymeleaf.standard.processor.StandardConditionalFixedValueTagProcessor
[THYMELEAF]             * [* {th:loop,data-th-loop}] [1000]: org.thymeleaf.standard.processor.StandardConditionalFixedValueTagProcessor
[THYMELEAF]             * [* {th:scoped,data-th-scoped}] [1000]: org.thymeleaf.standard.processor.StandardConditionalFixedValueTagProcessor
[THYMELEAF]             * [* {th:novalidate,data-th-novalidate}] [1000]: org.thymeleaf.standard.processor.StandardConditionalFixedValueTagProcessor
[THYMELEAF]             * [* {th:disabled,data-th-disabled}] [1000]: org.thymeleaf.standard.processor.StandardConditionalFixedValueTagProcessor
[THYMELEAF]             * [* {th:formnovalidate,data-th-formnovalidate}] [1000]: org.thymeleaf.standard.processor.StandardConditionalFixedValueTagProcessor
[THYMELEAF]             * [* {th:checked,data-th-checked}] [1000]: org.thymeleaf.standard.processor.StandardConditionalFixedValueTagProcessor
[THYMELEAF]             * [* {th:hidden,data-th-hidden}] [1000]: org.thymeleaf.standard.processor.StandardConditionalFixedValueTagProcessor
[THYMELEAF]             * [* {th:multiple,data-th-multiple}] [1000]: org.thymeleaf.standard.processor.StandardConditionalFixedValueTagProcessor
[THYMELEAF]             * [* {th:autofocus,data-th-autofocus}] [1000]: org.thymeleaf.standard.processor.StandardConditionalFixedValueTagProcessor
[THYMELEAF]             * [* {th:reversed,data-th-reversed}] [1000]: org.thymeleaf.standard.processor.StandardConditionalFixedValueTagProcessor
[THYMELEAF]             * [* {th:required,data-th-required}] [1000]: org.thymeleaf.standard.processor.StandardConditionalFixedValueTagProcessor
[THYMELEAF]             * [* {th:selected,data-th-selected}] [1000]: org.thymeleaf.standard.processor.StandardConditionalFixedValueTagProcessor
[THYMELEAF]             * [* {th:async,data-th-async}] [1000]: org.thymeleaf.standard.processor.StandardConditionalFixedValueTagProcessor
[THYMELEAF]             * [* {th:defer,data-th-defer}] [1000]: org.thymeleaf.standard.processor.StandardConditionalFixedValueTagProcessor
[THYMELEAF]             * [* {th:autoplay,data-th-autoplay}] [1000]: org.thymeleaf.standard.processor.StandardConditionalFixedValueTagProcessor
[THYMELEAF]             * [* {th:default,data-th-default}] [1000]: org.thymeleaf.standard.processor.StandardConditionalFixedValueTagProcessor
[THYMELEAF]             * [* {th:open,data-th-open}] [1000]: org.thymeleaf.standard.processor.StandardConditionalFixedValueTagProcessor
[THYMELEAF]             * [* {th:readonly,data-th-readonly}] [1000]: org.thymeleaf.standard.processor.StandardConditionalFixedValueTagProcessor
[THYMELEAF]             * [* {th:onmouseup,data-th-onmouseup}] [1000]: org.thymeleaf.standard.processor.StandardDOMEventAttributeTagProcessor
[THYMELEAF]             * [* {th:onpopstate,data-th-onpopstate}] [1000]: org.thymeleaf.standard.processor.StandardDOMEventAttributeTagProcessor
[THYMELEAF]             * [* {th:onundo,data-th-onundo}] [1000]: org.thymeleaf.standard.processor.StandardDOMEventAttributeTagProcessor
[THYMELEAF]             * [* {th:onstalled,data-th-onstalled}] [1000]: org.thymeleaf.standard.processor.StandardDOMEventAttributeTagProcessor
[THYMELEAF]             * [* {th:onbeforeprint,data-th-onbeforeprint}] [1000]: org.thymeleaf.standard.processor.StandardDOMEventAttributeTagProcessor
[THYMELEAF]             * [* {th:onafterprint,data-th-onafterprint}] [1000]: org.thymeleaf.standard.processor.StandardDOMEventAttributeTagProcessor
[THYMELEAF]             * [* {th:onloadedmetadata,data-th-onloadedmetadata}] [1000]: org.thymeleaf.standard.processor.StandardDOMEventAttributeTagProcessor
[THYMELEAF]             * [* {th:oncanplaythrough,data-th-oncanplaythrough}] [1000]: org.thymeleaf.standard.processor.StandardDOMEventAttributeTagProcessor
[THYMELEAF]             * [* {th:onreadystatechange,data-th-onreadystatechange}] [1000]: org.thymeleaf.standard.processor.StandardDOMEventAttributeTagProcessor
[THYMELEAF]             * [* {th:onseeked,data-th-onseeked}] [1000]: org.thymeleaf.standard.processor.StandardDOMEventAttributeTagProcessor
[THYMELEAF]             * [* {th:onresize,data-th-onresize}] [1000]: org.thymeleaf.standard.processor.StandardDOMEventAttributeTagProcessor
[THYMELEAF]             * [* {th:onoffline,data-th-onoffline}] [1000]: org.thymeleaf.standard.processor.StandardDOMEventAttributeTagProcessor
[THYMELEAF]             * [* {th:onabort,data-th-onabort}] [1000]: org.thymeleaf.standard.processor.StandardDOMEventAttributeTagProcessor
[THYMELEAF]             * [* {th:onkeyup,data-th-onkeyup}] [1000]: org.thymeleaf.standard.processor.StandardDOMEventAttributeTagProcessor
[THYMELEAF]             * [* {th:onerror,data-th-onerror}] [1000]: org.thymeleaf.standard.processor.StandardDOMEventAttributeTagProcessor
[THYMELEAF]             * [* {th:onsuspend,data-th-onsuspend}] [1000]: org.thymeleaf.standard.processor.StandardDOMEventAttributeTagProcessor
[THYMELEAF]             * [* {th:onselect,data-th-onselect}] [1000]: org.thymeleaf.standard.processor.StandardDOMEventAttributeTagProcessor
[THYMELEAF]             * [* {th:onformchange,data-th-onformchange}] [1000]: org.thymeleaf.standard.processor.StandardDOMEventAttributeTagProcessor
[THYMELEAF]             * [* {th:onscroll,data-th-onscroll}] [1000]: org.thymeleaf.standard.processor.StandardDOMEventAttributeTagProcessor
[THYMELEAF]             * [* {th:ondrop,data-th-ondrop}] [1000]: org.thymeleaf.standard.processor.StandardDOMEventAttributeTagProcessor
[THYMELEAF]             * [* {th:onload,data-th-onload}] [1000]: org.thymeleaf.standard.processor.StandardDOMEventAttributeTagProcessor
[THYMELEAF]             * [* {th:onmessage,data-th-onmessage}] [1000]: org.thymeleaf.standard.processor.StandardDOMEventAttributeTagProcessor
[THYMELEAF]             * [* {th:onblur,data-th-onblur}] [1000]: org.thymeleaf.standard.processor.StandardDOMEventAttributeTagProcessor
[THYMELEAF]             * [* {th:ononline,data-th-ononline}] [1000]: org.thymeleaf.standard.processor.StandardDOMEventAttributeTagProcessor
[THYMELEAF]             * [* {th:onmousewheel,data-th-onmousewheel}] [1000]: org.thymeleaf.standard.processor.StandardDOMEventAttributeTagProcessor
[THYMELEAF]             * [* {th:onloadstart,data-th-onloadstart}] [1000]: org.thymeleaf.standard.processor.StandardDOMEventAttributeTagProcessor
[THYMELEAF]             * [* {th:onsubmit,data-th-onsubmit}] [1000]: org.thymeleaf.standard.processor.StandardDOMEventAttributeTagProcessor
[THYMELEAF]             * [* {th:onmouseout,data-th-onmouseout}] [1000]: org.thymeleaf.standard.processor.StandardDOMEventAttributeTagProcessor
[THYMELEAF]             * [* {th:oninput,data-th-oninput}] [1000]: org.thymeleaf.standard.processor.StandardDOMEventAttributeTagProcessor
[THYMELEAF]             * [* {th:onloadeddata,data-th-onloadeddata}] [1000]: org.thymeleaf.standard.processor.StandardDOMEventAttributeTagProcessor
[THYMELEAF]             * [* {th:oncanplay,data-th-oncanplay}] [1000]: org.thymeleaf.standard.processor.StandardDOMEventAttributeTagProcessor
[THYMELEAF]             * [* {th:ondragend,data-th-ondragend}] [1000]: org.thymeleaf.standard.processor.StandardDOMEventAttributeTagProcessor
[THYMELEAF]             * [* {th:ondragleave,data-th-ondragleave}] [1000]: org.thymeleaf.standard.processor.StandardDOMEventAttributeTagProcessor
[THYMELEAF]             * [* {th:onmousemove,data-th-onmousemove}] [1000]: org.thymeleaf.standard.processor.StandardDOMEventAttributeTagProcessor
[THYMELEAF]             * [* {th:onhashchange,data-th-onhashchange}] [1000]: org.thymeleaf.standard.processor.StandardDOMEventAttributeTagProcessor
[THYMELEAF]             * [* {th:onredo,data-th-onredo}] [1000]: org.thymeleaf.standard.processor.StandardDOMEventAttributeTagProcessor
[THYMELEAF]             * [* {th:onprogress,data-th-onprogress}] [1000]: org.thymeleaf.standard.processor.StandardDOMEventAttributeTagProcessor
[THYMELEAF]             * [* {th:ondblclick,data-th-ondblclick}] [1000]: org.thymeleaf.standard.processor.StandardDOMEventAttributeTagProcessor
[THYMELEAF]             * [* {th:onseeking,data-th-onseeking}] [1000]: org.thymeleaf.standard.processor.StandardDOMEventAttributeTagProcessor
[THYMELEAF]             * [* {th:onended,data-th-onended}] [1000]: org.thymeleaf.standard.processor.StandardDOMEventAttributeTagProcessor
[THYMELEAF]             * [* {th:onkeypress,data-th-onkeypress}] [1000]: org.thymeleaf.standard.processor.StandardDOMEventAttributeTagProcessor
[THYMELEAF]             * [* {th:onmousedown,data-th-onmousedown}] [1000]: org.thymeleaf.standard.processor.StandardDOMEventAttributeTagProcessor
[THYMELEAF]             * [* {th:onpause,data-th-onpause}] [1000]: org.thymeleaf.standard.processor.StandardDOMEventAttributeTagProcessor
[THYMELEAF]             * [* {th:ondrag,data-th-ondrag}] [1000]: org.thymeleaf.standard.processor.StandardDOMEventAttributeTagProcessor
[THYMELEAF]             * [* {th:onstorage,data-th-onstorage}] [1000]: org.thymeleaf.standard.processor.StandardDOMEventAttributeTagProcessor
[THYMELEAF]             * [* {th:ondragover,data-th-ondragover}] [1000]: org.thymeleaf.standard.processor.StandardDOMEventAttributeTagProcessor
[THYMELEAF]             * [* {th:oninvalid,data-th-oninvalid}] [1000]: org.thymeleaf.standard.processor.StandardDOMEventAttributeTagProcessor
[THYMELEAF]             * [* {th:oncontextmenu,data-th-oncontextmenu}] [1000]: org.thymeleaf.standard.processor.StandardDOMEventAttributeTagProcessor
[THYMELEAF]             * [* {th:ondragstart,data-th-ondragstart}] [1000]: org.thymeleaf.standard.processor.StandardDOMEventAttributeTagProcessor
[THYMELEAF]             * [* {th:onemptied,data-th-onemptied}] [1000]: org.thymeleaf.standard.processor.StandardDOMEventAttributeTagProcessor
[THYMELEAF]             * [* {th:onclick,data-th-onclick}] [1000]: org.thymeleaf.standard.processor.StandardDOMEventAttributeTagProcessor
[THYMELEAF]             * [* {th:onreset,data-th-onreset}] [1000]: org.thymeleaf.standard.processor.StandardDOMEventAttributeTagProcessor
[THYMELEAF]             * [* {th:onmouseover,data-th-onmouseover}] [1000]: org.thymeleaf.standard.processor.StandardDOMEventAttributeTagProcessor
[THYMELEAF]             * [* {th:onplay,data-th-onplay}] [1000]: org.thymeleaf.standard.processor.StandardDOMEventAttributeTagProcessor
[THYMELEAF]             * [* {th:onshow,data-th-onshow}] [1000]: org.thymeleaf.standard.processor.StandardDOMEventAttributeTagProcessor
[THYMELEAF]             * [* {th:onunload,data-th-onunload}] [1000]: org.thymeleaf.standard.processor.StandardDOMEventAttributeTagProcessor
[THYMELEAF]             * [* {th:onvolumechange,data-th-onvolumechange}] [1000]: org.thymeleaf.standard.processor.StandardDOMEventAttributeTagProcessor
[THYMELEAF]             * [* {th:onforminput,data-th-onforminput}] [1000]: org.thymeleaf.standard.processor.StandardDOMEventAttributeTagProcessor
[THYMELEAF]             * [* {th:onchange,data-th-onchange}] [1000]: org.thymeleaf.standard.processor.StandardDOMEventAttributeTagProcessor
[THYMELEAF]             * [* {th:ondragenter,data-th-ondragenter}] [1000]: org.thymeleaf.standard.processor.StandardDOMEventAttributeTagProcessor
[THYMELEAF]             * [* {th:onratechange,data-th-onratechange}] [1000]: org.thymeleaf.standard.processor.StandardDOMEventAttributeTagProcessor
[THYMELEAF]             * [* {th:onbeforeunload,data-th-onbeforeunload}] [1000]: org.thymeleaf.standard.processor.StandardDOMEventAttributeTagProcessor
[THYMELEAF]             * [* {th:onwaiting,data-th-onwaiting}] [1000]: org.thymeleaf.standard.processor.StandardDOMEventAttributeTagProcessor
[THYMELEAF]             * [* {th:ontimeupdate,data-th-ontimeupdate}] [1000]: org.thymeleaf.standard.processor.StandardDOMEventAttributeTagProcessor
[THYMELEAF]             * [* {th:onkeydown,data-th-onkeydown}] [1000]: org.thymeleaf.standard.processor.StandardDOMEventAttributeTagProcessor
[THYMELEAF]             * [* {th:ondurationchange,data-th-ondurationchange}] [1000]: org.thymeleaf.standard.processor.StandardDOMEventAttributeTagProcessor
[THYMELEAF]             * [* {th:onfocus,data-th-onfocus}] [1000]: org.thymeleaf.standard.processor.StandardDOMEventAttributeTagProcessor
[THYMELEAF]             * [* {th:onplaying,data-th-onplaying}] [1000]: org.thymeleaf.standard.processor.StandardDOMEventAttributeTagProcessor
[THYMELEAF]             * [* {th:href,data-th-href}] [1000]: org.thymeleaf.standard.processor.StandardHrefTagProcessor
[THYMELEAF]             * [* {th:inline,data-th-inline}] [1000]: org.thymeleaf.standard.processor.StandardInlineHTMLTagProcessor
[THYMELEAF]             * [* {th:method,data-th-method}] [1000]: org.thymeleaf.standard.processor.StandardMethodTagProcessor
[THYMELEAF]             * [* {th:name,data-th-name}] [1000]: org.thymeleaf.standard.processor.StandardNonRemovableAttributeTagProcessor
[THYMELEAF]             * [* {th:type,data-th-type}] [1000]: org.thymeleaf.standard.processor.StandardNonRemovableAttributeTagProcessor
[THYMELEAF]             * [* {th:formenctype,data-th-formenctype}] [1000]: org.thymeleaf.standard.processor.StandardRemovableAttributeTagProcessor
[THYMELEAF]             * [* {th:contenteditable,data-th-contenteditable}] [1000]: org.thymeleaf.standard.processor.StandardRemovableAttributeTagProcessor
[THYMELEAF]             * [* {th:vspace,data-th-vspace}] [1000]: org.thymeleaf.standard.processor.StandardRemovableAttributeTagProcessor
[THYMELEAF]             * [* {th:sandbox,data-th-sandbox}] [1000]: org.thymeleaf.standard.processor.StandardRemovableAttributeTagProcessor
[THYMELEAF]             * [* {th:content,data-th-content}] [1000]: org.thymeleaf.standard.processor.StandardRemovableAttributeTagProcessor
[THYMELEAF]             * [* {th:challenge,data-th-challenge}] [1000]: org.thymeleaf.standard.processor.StandardRemovableAttributeTagProcessor
[THYMELEAF]             * [* {th:classid,data-th-classid}] [1000]: org.thymeleaf.standard.processor.StandardRemovableAttributeTagProcessor
[THYMELEAF]             * [* {th:size,data-th-size}] [1000]: org.thymeleaf.standard.processor.StandardRemovableAttributeTagProcessor
[THYMELEAF]             * [* {th:formaction,data-th-formaction}] [1000]: org.thymeleaf.standard.processor.StandardRemovableAttributeTagProcessor
[THYMELEAF]             * [* {th:for,data-th-for}] [1000]: org.thymeleaf.standard.processor.StandardRemovableAttributeTagProcessor
[THYMELEAF]             * [* {th:wrap,data-th-wrap}] [1000]: org.thymeleaf.standard.processor.StandardRemovableAttributeTagProcessor
[THYMELEAF]             * [* {th:enctype,data-th-enctype}] [1000]: org.thymeleaf.standard.processor.StandardRemovableAttributeTagProcessor
[THYMELEAF]             * [* {th:http-equiv,data-th-http-equiv}] [1000]: org.thymeleaf.standard.processor.StandardRemovableAttributeTagProcessor
[THYMELEAF]             * [* {th:style,data-th-style}] [1000]: org.thymeleaf.standard.processor.StandardRemovableAttributeTagProcessor
[THYMELEAF]             * [* {th:colspan,data-th-colspan}] [1000]: org.thymeleaf.standard.processor.StandardRemovableAttributeTagProcessor
[THYMELEAF]             * [* {th:compact,data-th-compact}] [1000]: org.thymeleaf.standard.processor.StandardRemovableAttributeTagProcessor
[THYMELEAF]             * [* {th:marginheight,data-th-marginheight}] [1000]: org.thymeleaf.standard.processor.StandardRemovableAttributeTagProcessor
[THYMELEAF]             * [* {th:max,data-th-max}] [1000]: org.thymeleaf.standard.processor.StandardRemovableAttributeTagProcessor
[THYMELEAF]             * [* {th:class,data-th-class}] [1000]: org.thymeleaf.standard.processor.StandardRemovableAttributeTagProcessor
[THYMELEAF]             * [* {th:radiogroup,data-th-radiogroup}] [1000]: org.thymeleaf.standard.processor.StandardRemovableAttributeTagProcessor
[THYMELEAF]             * [* {th:placeholder,data-th-placeholder}] [1000]: org.thymeleaf.standard.processor.StandardRemovableAttributeTagProcessor
[THYMELEAF]             * [* {th:optimum,data-th-optimum}] [1000]: org.thymeleaf.standard.processor.StandardRemovableAttributeTagProcessor
[THYMELEAF]             * [* {th:formmethod,data-th-formmethod}] [1000]: org.thymeleaf.standard.processor.StandardRemovableAttributeTagProcessor
[THYMELEAF]             * [* {th:hspace,data-th-hspace}] [1000]: org.thymeleaf.standard.processor.StandardRemovableAttributeTagProcessor
[THYMELEAF]             * [* {th:rowspan,data-th-rowspan}] [1000]: org.thymeleaf.standard.processor.StandardRemovableAttributeTagProcessor
[THYMELEAF]             * [* {th:frame,data-th-frame}] [1000]: org.thymeleaf.standard.processor.StandardRemovableAttributeTagProcessor
[THYMELEAF]             * [* {th:standby,data-th-standby}] [1000]: org.thymeleaf.standard.processor.StandardRemovableAttributeTagProcessor
[THYMELEAF]             * [* {th:autocomplete,data-th-autocomplete}] [1000]: org.thymeleaf.standard.processor.StandardRemovableAttributeTagProcessor
[THYMELEAF]             * [* {th:usemap,data-th-usemap}] [1000]: org.thymeleaf.standard.processor.StandardRemovableAttributeTagProcessor
[THYMELEAF]             * [* {th:list,data-th-list}] [1000]: org.thymeleaf.standard.processor.StandardRemovableAttributeTagProcessor
[THYMELEAF]             * [* {th:draggable,data-th-draggable}] [1000]: org.thymeleaf.standard.processor.StandardRemovableAttributeTagProcessor
[THYMELEAF]             * [* {th:bgcolor,data-th-bgcolor}] [1000]: org.thymeleaf.standard.processor.StandardRemovableAttributeTagProcessor
[THYMELEAF]             * [* {th:poster,data-th-poster}] [1000]: org.thymeleaf.standard.processor.StandardRemovableAttributeTagProcessor
[THYMELEAF]             * [* {th:id,data-th-id}] [1000]: org.thymeleaf.standard.processor.StandardRemovableAttributeTagProcessor
[THYMELEAF]             * [* {th:datetime,data-th-datetime}] [1000]: org.thymeleaf.standard.processor.StandardRemovableAttributeTagProcessor
[THYMELEAF]             * [* {th:alt,data-th-alt}] [1000]: org.thymeleaf.standard.processor.StandardRemovableAttributeTagProcessor
[THYMELEAF]             * [* {th:scrolling,data-th-scrolling}] [1000]: org.thymeleaf.standard.processor.StandardRemovableAttributeTagProcessor
[THYMELEAF]             * [* {th:width,data-th-width}] [1000]: org.thymeleaf.standard.processor.StandardRemovableAttributeTagProcessor
[THYMELEAF]             * [* {th:spellcheck,data-th-spellcheck}] [1000]: org.thymeleaf.standard.processor.StandardRemovableAttributeTagProcessor
[THYMELEAF]             * [* {th:form,data-th-form}] [1000]: org.thymeleaf.standard.processor.StandardRemovableAttributeTagProcessor
[THYMELEAF]             * [* {th:title,data-th-title}] [1000]: org.thymeleaf.standard.processor.StandardRemovableAttributeTagProcessor
[THYMELEAF]             * [* {th:tabindex,data-th-tabindex}] [1000]: org.thymeleaf.standard.processor.StandardRemovableAttributeTagProcessor
[THYMELEAF]             * [* {th:data,data-th-data}] [1000]: org.thymeleaf.standard.processor.StandardRemovableAttributeTagProcessor
[THYMELEAF]             * [* {th:summary,data-th-summary}] [1000]: org.thymeleaf.standard.processor.StandardRemovableAttributeTagProcessor
[THYMELEAF]             * [* {th:cellspacing,data-th-cellspacing}] [1000]: org.thymeleaf.standard.processor.StandardRemovableAttributeTagProcessor
[THYMELEAF]             * [* {th:low,data-th-low}] [1000]: org.thymeleaf.standard.processor.StandardRemovableAttributeTagProcessor
[THYMELEAF]             * [* {th:frameborder,data-th-frameborder}] [1000]: org.thymeleaf.standard.processor.StandardRemovableAttributeTagProcessor
[THYMELEAF]             * [* {th:maxlength,data-th-maxlength}] [1000]: org.thymeleaf.standard.processor.StandardRemovableAttributeTagProcessor
[THYMELEAF]             * [* {th:pattern,data-th-pattern}] [1000]: org.thymeleaf.standard.processor.StandardRemovableAttributeTagProcessor
[THYMELEAF]             * [* {th:formtarget,data-th-formtarget}] [1000]: org.thymeleaf.standard.processor.StandardRemovableAttributeTagProcessor
[THYMELEAF]             * [* {th:background,data-th-background}] [1000]: org.thymeleaf.standard.processor.StandardRemovableAttributeTagProcessor
[THYMELEAF]             * [* {th:dropzone,data-th-dropzone}] [1000]: org.thymeleaf.standard.processor.StandardRemovableAttributeTagProcessor
[THYMELEAF]             * [* {th:hreflang,data-th-hreflang}] [1000]: org.thymeleaf.standard.processor.StandardRemovableAttributeTagProcessor
[THYMELEAF]             * [* {th:border,data-th-border}] [1000]: org.thymeleaf.standard.processor.StandardRemovableAttributeTagProcessor
[THYMELEAF]             * [* {th:min,data-th-min}] [1000]: org.thymeleaf.standard.processor.StandardRemovableAttributeTagProcessor
[THYMELEAF]             * [* {th:accept,data-th-accept}] [1000]: org.thymeleaf.standard.processor.StandardRemovableAttributeTagProcessor
[THYMELEAF]             * [* {th:codetype,data-th-codetype}] [1000]: org.thymeleaf.standard.processor.StandardRemovableAttributeTagProcessor
[THYMELEAF]             * [* {th:target,data-th-target}] [1000]: org.thymeleaf.standard.processor.StandardRemovableAttributeTagProcessor
[THYMELEAF]             * [* {th:codebase,data-th-codebase}] [1000]: org.thymeleaf.standard.processor.StandardRemovableAttributeTagProcessor
[THYMELEAF]             * [* {th:sizes,data-th-sizes}] [1000]: org.thymeleaf.standard.processor.StandardRemovableAttributeTagProcessor
[THYMELEAF]             * [* {th:icon,data-th-icon}] [1000]: org.thymeleaf.standard.processor.StandardRemovableAttributeTagProcessor
[THYMELEAF]             * [* {th:accept-charset,data-th-accept-charset}] [1000]: org.thymeleaf.standard.processor.StandardRemovableAttributeTagProcessor
[THYMELEAF]             * [* {th:headers,data-th-headers}] [1000]: org.thymeleaf.standard.processor.StandardRemovableAttributeTagProcessor
[THYMELEAF]             * [* {th:audio,data-th-audio}] [1000]: org.thymeleaf.standard.processor.StandardRemovableAttributeTagProcessor
[THYMELEAF]             * [* {th:rows,data-th-rows}] [1000]: org.thymeleaf.standard.processor.StandardRemovableAttributeTagProcessor
[THYMELEAF]             * [* {th:label,data-th-label}] [1000]: org.thymeleaf.standard.processor.StandardRemovableAttributeTagProcessor
[THYMELEAF]             * [* {th:axis,data-th-axis}] [1000]: org.thymeleaf.standard.processor.StandardRemovableAttributeTagProcessor
[THYMELEAF]             * [* {th:archive,data-th-archive}] [1000]: org.thymeleaf.standard.processor.StandardRemovableAttributeTagProcessor
[THYMELEAF]             * [* {th:start,data-th-start}] [1000]: org.thymeleaf.standard.processor.StandardRemovableAttributeTagProcessor
[THYMELEAF]             * [* {th:cellpadding,data-th-cellpadding}] [1000]: org.thymeleaf.standard.processor.StandardRemovableAttributeTagProcessor
[THYMELEAF]             * [* {th:marginwidth,data-th-marginwidth}] [1000]: org.thymeleaf.standard.processor.StandardRemovableAttributeTagProcessor
[THYMELEAF]             * [* {th:step,data-th-step}] [1000]: org.thymeleaf.standard.processor.StandardRemovableAttributeTagProcessor
[THYMELEAF]             * [* {th:manifest,data-th-manifest}] [1000]: org.thymeleaf.standard.processor.StandardRemovableAttributeTagProcessor
[THYMELEAF]             * [* {th:media,data-th-media}] [1000]: org.thymeleaf.standard.processor.StandardRemovableAttributeTagProcessor
[THYMELEAF]             * [* {th:dir,data-th-dir}] [1000]: org.thymeleaf.standard.processor.StandardRemovableAttributeTagProcessor
[THYMELEAF]             * [* {th:height,data-th-height}] [1000]: org.thymeleaf.standard.processor.StandardRemovableAttributeTagProcessor
[THYMELEAF]             * [* {th:scope,data-th-scope}] [1000]: org.thymeleaf.standard.processor.StandardRemovableAttributeTagProcessor
[THYMELEAF]             * [* {th:charset,data-th-charset}] [1000]: org.thymeleaf.standard.processor.StandardRemovableAttributeTagProcessor
[THYMELEAF]             * [* {th:scheme,data-th-scheme}] [1000]: org.thymeleaf.standard.processor.StandardRemovableAttributeTagProcessor
[THYMELEAF]             * [* {th:lang,data-th-lang}] [1000]: org.thymeleaf.standard.processor.StandardRemovableAttributeTagProcessor
[THYMELEAF]             * [* {th:accesskey,data-th-accesskey}] [1000]: org.thymeleaf.standard.processor.StandardRemovableAttributeTagProcessor
[THYMELEAF]             * [* {th:longdesc,data-th-longdesc}] [1000]: org.thymeleaf.standard.processor.StandardRemovableAttributeTagProcessor
[THYMELEAF]             * [* {th:rev,data-th-rev}] [1000]: org.thymeleaf.standard.processor.StandardRemovableAttributeTagProcessor
[THYMELEAF]             * [* {th:align,data-th-align}] [1000]: org.thymeleaf.standard.processor.StandardRemovableAttributeTagProcessor
[THYMELEAF]             * [* {th:srclang,data-th-srclang}] [1000]: org.thymeleaf.standard.processor.StandardRemovableAttributeTagProcessor
[THYMELEAF]             * [* {th:abbr,data-th-abbr}] [1000]: org.thymeleaf.standard.processor.StandardRemovableAttributeTagProcessor
[THYMELEAF]             * [* {th:high,data-th-high}] [1000]: org.thymeleaf.standard.processor.StandardRemovableAttributeTagProcessor
[THYMELEAF]             * [* {th:preload,data-th-preload}] [1000]: org.thymeleaf.standard.processor.StandardRemovableAttributeTagProcessor
[THYMELEAF]             * [* {th:kind,data-th-kind}] [1000]: org.thymeleaf.standard.processor.StandardRemovableAttributeTagProcessor
[THYMELEAF]             * [* {th:cols,data-th-cols}] [1000]: org.thymeleaf.standard.processor.StandardRemovableAttributeTagProcessor
[THYMELEAF]             * [* {th:span,data-th-span}] [1000]: org.thymeleaf.standard.processor.StandardRemovableAttributeTagProcessor
[THYMELEAF]             * [* {th:contextmenu,data-th-contextmenu}] [1000]: org.thymeleaf.standard.processor.StandardRemovableAttributeTagProcessor
[THYMELEAF]             * [* {th:rules,data-th-rules}] [1000]: org.thymeleaf.standard.processor.StandardRemovableAttributeTagProcessor
[THYMELEAF]             * [* {th:valuetype,data-th-valuetype}] [1000]: org.thymeleaf.standard.processor.StandardRemovableAttributeTagProcessor
[THYMELEAF]             * [* {th:rel,data-th-rel}] [1000]: org.thymeleaf.standard.processor.StandardRemovableAttributeTagProcessor
[THYMELEAF]             * [* {th:keytype,data-th-keytype}] [1000]: org.thymeleaf.standard.processor.StandardRemovableAttributeTagProcessor
[THYMELEAF]             * [* {th:cite,data-th-cite}] [1000]: org.thymeleaf.standard.processor.StandardRemovableAttributeTagProcessor
[THYMELEAF]             * [* {th:src,data-th-src}] [1000]: org.thymeleaf.standard.processor.StandardSrcTagProcessor
[THYMELEAF]             * [* {th:value,data-th-value}] [1000]: org.thymeleaf.standard.processor.StandardValueTagProcessor
[THYMELEAF]             * [* {th:xmlbase,data-th-xmlbase}] [1000]: org.thymeleaf.standard.processor.StandardXmlBaseTagProcessor
[THYMELEAF]             * [* {th:xmllang,data-th-xmllang}] [1000]: org.thymeleaf.standard.processor.StandardXmlLangTagProcessor
[THYMELEAF]             * [* {xmlns:th}] [1000]: org.thymeleaf.standard.processor.StandardXmlNsTagProcessor
[THYMELEAF]             * [* {th:xmlspace,data-th-xmlspace}] [1000]: org.thymeleaf.standard.processor.StandardXmlSpaceTagProcessor
[THYMELEAF]             * [* {th:classappend,data-th-classappend}] [1100]: org.thymeleaf.standard.processor.StandardClassappendTagProcessor
[THYMELEAF]             * [* {th:styleappend,data-th-styleappend}] [1100]: org.thymeleaf.standard.processor.StandardStyleappendTagProcessor
[THYMELEAF]             * [* {th:text,data-th-text}] [1300]: org.thymeleaf.standard.processor.StandardTextTagProcessor
[THYMELEAF]             * [* {th:utext,data-th-utext}] [1400]: org.thymeleaf.standard.processor.StandardUtextTagProcessor
[THYMELEAF]             * [* {th:fragment,data-th-fragment}] [1500]: org.thymeleaf.standard.processor.StandardFragmentTagProcessor
[THYMELEAF]             * [* {th:assert,data-th-assert}] [1550]: org.thymeleaf.standard.processor.StandardAssertTagProcessor
[THYMELEAF]             * [* {th:remove,data-th-remove}] [1600]: org.thymeleaf.standard.processor.StandardRemoveTagProcessor
[THYMELEAF]             * [* {th:ref,data-th-ref}] [10000]: org.thymeleaf.standard.processor.StandardRefAttributeTagProcessor
[THYMELEAF]             * [{th:block,th-block} *] [100000]: org.thymeleaf.standard.processor.StandardBlockTagProcessor
[THYMELEAF]             * [* th:*] [2147483647]: org.thymeleaf.standard.processor.StandardDefaultAttributesTagProcessor
[THYMELEAF]         * Text Processors by [precedence]:
[THYMELEAF]             * [1000]: org.thymeleaf.standard.processor.StandardInliningTextProcessor
[THYMELEAF]         * DOCTYPE Processors by [precedence]:
[THYMELEAF]             * [1000]: org.thymeleaf.standard.processor.StandardTranslationDocTypeProcessor
[THYMELEAF]         * CDATA Section Processors by [precedence]:
[THYMELEAF]             * [1000]: org.thymeleaf.standard.processor.StandardInliningCDATASectionProcessor
[THYMELEAF]         * Comment Processors by [precedence]:
[THYMELEAF]             * [1000]: org.thymeleaf.standard.processor.StandardInliningCommentProcessor
[THYMELEAF]             * [1100]: org.thymeleaf.standard.processor.StandardConditionalCommentProcessor
[THYMELEAF]     * Processors for Template Mode: XML
[THYMELEAF]         * Element Tag Processors by [matching element and attribute name] [precedence]:
[THYMELEAF]             * [* {th:include}] [100]: org.thymeleaf.standard.processor.StandardIncludeTagProcessor
[THYMELEAF]             * [* {th:insert}] [100]: org.thymeleaf.standard.processor.StandardInsertTagProcessor
[THYMELEAF]             * [* {th:replace}] [100]: org.thymeleaf.standard.processor.StandardReplaceTagProcessor
[THYMELEAF]             * [* {th:each}] [200]: com.intuit.karate.template.KarateEachTagProcessor
[THYMELEAF]             * [* {th:switch}] [250]: org.thymeleaf.standard.processor.StandardSwitchTagProcessor
[THYMELEAF]             * [* {th:case}] [275]: org.thymeleaf.standard.processor.StandardCaseTagProcessor
[THYMELEAF]             * [* {th:if}] [300]: org.thymeleaf.standard.processor.StandardIfTagProcessor
[THYMELEAF]             * [* {th:unless}] [400]: org.thymeleaf.standard.processor.StandardUnlessTagProcessor
[THYMELEAF]             * [* {th:object}] [500]: org.thymeleaf.standard.processor.StandardObjectTagProcessor
[THYMELEAF]             * [* {th:with}] [600]: com.intuit.karate.template.KarateWithTagProcessor
[THYMELEAF]             * [* {th:attr}] [700]: com.intuit.karate.template.KarateAttributeTagProcessor.KarateAttrTagProcessor
[THYMELEAF]             * [* {th:attrappend}] [900]: com.intuit.karate.template.KarateAttributeTagProcessor.KarateAttrappendTagProcessor
[THYMELEAF]             * [* {th:attrprepend}] [900]: com.intuit.karate.template.KarateAttributeTagProcessor.KarateAttrprependTagProcessor
[THYMELEAF]             * [* {th:inline}] [1000]: org.thymeleaf.standard.processor.StandardInlineXMLTagProcessor
[THYMELEAF]             * [* {xmlns:th}] [1000]: org.thymeleaf.standard.processor.StandardXmlNsTagProcessor
[THYMELEAF]             * [* {th:text}] [1300]: org.thymeleaf.standard.processor.StandardTextTagProcessor
[THYMELEAF]             * [* {th:utext}] [1400]: org.thymeleaf.standard.processor.StandardUtextTagProcessor
[THYMELEAF]             * [* {th:fragment}] [1500]: org.thymeleaf.standard.processor.StandardFragmentTagProcessor
[THYMELEAF]             * [* {th:assert}] [1550]: org.thymeleaf.standard.processor.StandardAssertTagProcessor
[THYMELEAF]             * [* {th:remove}] [1600]: org.thymeleaf.standard.processor.StandardRemoveTagProcessor
[THYMELEAF]             * [* {th:ref}] [10000]: org.thymeleaf.standard.processor.StandardRefAttributeTagProcessor
[THYMELEAF]             * [{th:block} *] [100000]: org.thymeleaf.standard.processor.StandardBlockTagProcessor
[THYMELEAF]             * [* th:*] [2147483647]: org.thymeleaf.standard.processor.StandardDefaultAttributesTagProcessor
[THYMELEAF]         * Text Processors by [precedence]:
[THYMELEAF]             * [1000]: org.thymeleaf.standard.processor.StandardInliningTextProcessor
[THYMELEAF]         * CDATA Section Processors by [precedence]:
[THYMELEAF]             * [1000]: org.thymeleaf.standard.processor.StandardInliningCDATASectionProcessor
[THYMELEAF]         * Comment Processors by [precedence]:
[THYMELEAF]             * [1000]: org.thymeleaf.standard.processor.StandardInliningCommentProcessor
[THYMELEAF]     * Processors for Template Mode: TEXT
[THYMELEAF]         * Element Tag Processors by [matching element and attribute name] [precedence]:
[THYMELEAF]             * [* {th:insert}] [100]: org.thymeleaf.standard.processor.StandardInsertTagProcessor
[THYMELEAF]             * [* {th:replace}] [100]: org.thymeleaf.standard.processor.StandardReplaceTagProcessor
[THYMELEAF]             * [* {th:each}] [200]: com.intuit.karate.template.KarateEachTagProcessor
[THYMELEAF]             * [* {th:switch}] [250]: org.thymeleaf.standard.processor.StandardSwitchTagProcessor
[THYMELEAF]             * [* {th:case}] [275]: org.thymeleaf.standard.processor.StandardCaseTagProcessor
[THYMELEAF]             * [* {th:if}] [300]: org.thymeleaf.standard.processor.StandardIfTagProcessor
[THYMELEAF]             * [* {th:unless}] [400]: org.thymeleaf.standard.processor.StandardUnlessTagProcessor
[THYMELEAF]             * [* {th:object}] [500]: org.thymeleaf.standard.processor.StandardObjectTagProcessor
[THYMELEAF]             * [* {th:with}] [600]: com.intuit.karate.template.KarateWithTagProcessor
[THYMELEAF]             * [* {th:inline}] [1000]: org.thymeleaf.standard.processor.StandardInlineTextualTagProcessor
[THYMELEAF]             * [* {th:text}] [1300]: org.thymeleaf.standard.processor.StandardTextTagProcessor
[THYMELEAF]             * [* {th:utext}] [1400]: org.thymeleaf.standard.processor.StandardUtextTagProcessor
[THYMELEAF]             * [* {th:assert}] [1550]: org.thymeleaf.standard.processor.StandardAssertTagProcessor
[THYMELEAF]             * [* {th:remove}] [1600]: org.thymeleaf.standard.processor.StandardRemoveTagProcessor
[THYMELEAF]             * [{th:block} *] [100000]: org.thymeleaf.standard.processor.StandardBlockTagProcessor
[THYMELEAF]             * [* 100000] [org.thymeleaf.standard.processor.StandardBlockTagProcessor]: {}
[THYMELEAF]         * Text Processors by [precedence]:
[THYMELEAF]             * [1000]: org.thymeleaf.standard.processor.StandardInliningTextProcessor
[THYMELEAF]     * Processors for Template Mode: JAVASCRIPT
[THYMELEAF]         * Element Tag Processors by [matching element and attribute name] [precedence]:
[THYMELEAF]             * [* {th:insert}] [100]: org.thymeleaf.standard.processor.StandardInsertTagProcessor
[THYMELEAF]             * [* {th:replace}] [100]: org.thymeleaf.standard.processor.StandardReplaceTagProcessor
[THYMELEAF]             * [* {th:each}] [200]: com.intuit.karate.template.KarateEachTagProcessor
[THYMELEAF]             * [* {th:switch}] [250]: org.thymeleaf.standard.processor.StandardSwitchTagProcessor
[THYMELEAF]             * [* {th:case}] [275]: org.thymeleaf.standard.processor.StandardCaseTagProcessor
[THYMELEAF]             * [* {th:if}] [300]: org.thymeleaf.standard.processor.StandardIfTagProcessor
[THYMELEAF]             * [* {th:unless}] [400]: org.thymeleaf.standard.processor.StandardUnlessTagProcessor
[THYMELEAF]             * [* {th:object}] [500]: org.thymeleaf.standard.processor.StandardObjectTagProcessor
[THYMELEAF]             * [* {th:with}] [600]: com.intuit.karate.template.KarateWithTagProcessor
[THYMELEAF]             * [* {th:inline}] [1000]: org.thymeleaf.standard.processor.StandardInlineTextualTagProcessor
[THYMELEAF]             * [* {th:text}] [1300]: org.thymeleaf.standard.processor.StandardTextTagProcessor
[THYMELEAF]             * [* {th:utext}] [1400]: org.thymeleaf.standard.processor.StandardUtextTagProcessor
[THYMELEAF]             * [* {th:assert}] [1550]: org.thymeleaf.standard.processor.StandardAssertTagProcessor
[THYMELEAF]             * [* {th:remove}] [1600]: org.thymeleaf.standard.processor.StandardRemoveTagProcessor
[THYMELEAF]             * [{th:block} *] [100000]: org.thymeleaf.standard.processor.StandardBlockTagProcessor
[THYMELEAF]             * [* 100000] [org.thymeleaf.standard.processor.StandardBlockTagProcessor]: {}
[THYMELEAF]         * Text Processors by [precedence]:
[THYMELEAF]             * [1000]: org.thymeleaf.standard.processor.StandardInliningTextProcessor
[THYMELEAF]     * Processors for Template Mode: CSS
[THYMELEAF]         * Element Tag Processors by [matching element and attribute name] [precedence]:
[THYMELEAF]             * [* {th:insert}] [100]: org.thymeleaf.standard.processor.StandardInsertTagProcessor
[THYMELEAF]             * [* {th:replace}] [100]: org.thymeleaf.standard.processor.StandardReplaceTagProcessor
[THYMELEAF]             * [* {th:each}] [200]: com.intuit.karate.template.KarateEachTagProcessor
[THYMELEAF]             * [* {th:switch}] [250]: org.thymeleaf.standard.processor.StandardSwitchTagProcessor
[THYMELEAF]             * [* {th:case}] [275]: org.thymeleaf.standard.processor.StandardCaseTagProcessor
[THYMELEAF]             * [* {th:if}] [300]: org.thymeleaf.standard.processor.StandardIfTagProcessor
[THYMELEAF]             * [* {th:unless}] [400]: org.thymeleaf.standard.processor.StandardUnlessTagProcessor
[THYMELEAF]             * [* {th:object}] [500]: org.thymeleaf.standard.processor.StandardObjectTagProcessor
[THYMELEAF]             * [* {th:with}] [600]: com.intuit.karate.template.KarateWithTagProcessor
[THYMELEAF]             * [* {th:inline}] [1000]: org.thymeleaf.standard.processor.StandardInlineTextualTagProcessor
[THYMELEAF]             * [* {th:text}] [1300]: org.thymeleaf.standard.processor.StandardTextTagProcessor
[THYMELEAF]             * [* {th:utext}] [1400]: org.thymeleaf.standard.processor.StandardUtextTagProcessor
[THYMELEAF]             * [* {th:assert}] [1550]: org.thymeleaf.standard.processor.StandardAssertTagProcessor
[THYMELEAF]             * [* {th:remove}] [1600]: org.thymeleaf.standard.processor.StandardRemoveTagProcessor
[THYMELEAF]             * [* 100000] [org.thymeleaf.standard.processor.StandardBlockTagProcessor]: {}
[THYMELEAF]             * [{th:block} *] [100000]: org.thymeleaf.standard.processor.StandardBlockTagProcessor
[THYMELEAF]         * Text Processors by [precedence]:
[THYMELEAF]             * [1000]: org.thymeleaf.standard.processor.StandardInliningTextProcessor
[THYMELEAF]     * Expression Objects:
[THYMELEAF]         * #ctx
[THYMELEAF]         * #root
[THYMELEAF]         * #vars
[THYMELEAF]         * #object
[THYMELEAF]         * #locale
[THYMELEAF]         * #conversions
[THYMELEAF]         * #uris
[THYMELEAF]         * #temporals
[THYMELEAF]         * #calendars
[THYMELEAF]         * #dates
[THYMELEAF]         * #bools
[THYMELEAF]         * #numbers
[THYMELEAF]         * #objects
[THYMELEAF]         * #strings
[THYMELEAF]         * #arrays
[THYMELEAF]         * #lists
[THYMELEAF]         * #sets
[THYMELEAF]         * #maps
[THYMELEAF]         * #aggregates
[THYMELEAF]         * #messages
[THYMELEAF]         * #ids
[THYMELEAF]         * #execInfo
[THYMELEAF]         * #request
[THYMELEAF]         * #response
[THYMELEAF]         * #session
[THYMELEAF]         * #servletContext
[THYMELEAF]     * Execution Attributes:
[THYMELEAF]         * "StandardExpressionParser": com.intuit.karate.template.KarateStandardDialect@67ef029
[THYMELEAF]         * "StandardJavaScriptSerializer": org.thymeleaf.standard.serializer.StandardJavaScriptSerializer@1f2d2181
[THYMELEAF]         * "StandardCSSSerializer": org.thymeleaf.standard.serializer.StandardCSSSerializer@49bf29c6
[THYMELEAF]         * "StandardVariableExpressionEvaluator": com.intuit.karate.template.KarateStandardDialect@67ef029
[THYMELEAF]         * "StandardConversionService": org.thymeleaf.standard.expression.StandardConversionService@7ee55e70
[THYMELEAF] * Dialect [2 of 2]: karate (com.intuit.karate.template.KarateScriptDialect)
[THYMELEAF]     * Prefix: "ka"
[THYMELEAF]     * Processors for Template Mode: HTML
[THYMELEAF]         * Element Tag Processors by [matching element and attribute name] [precedence]:
[THYMELEAF]             * [* {src}] [1000]: com.intuit.karate.template.KaScriptAttrProcessor
[THYMELEAF]         * Element Model Processors by [matching element and attribute name] [precedence]:
[THYMELEAF]             * [{script} {ka:scope,data-ka-scope}] [1000]: com.intuit.karate.template.KaScriptElemProcessor
[THYMELEAF]             * [* {ka:set,data-ka-set}] [1000]: com.intuit.karate.template.KaSetElemProcessor
[THYMELEAF] TEMPLATE ENGINE CONFIGURED OK
16:19:38.417 [main] DEBUG org.thymeleaf.TemplateEngine -- [THYMELEAF] TEMPLATE ENGINE INITIALIZED
16:19:38.470 [main] DEBUG org.thymeleaf.TemplateEngine -- [THYMELEAF] INITIALIZING TEMPLATE ENGINE
16:19:38.510 [main] DEBUG org.thymeleaf.TemplateEngine.CONFIG -- Initializing Thymeleaf Template engine configuration...
[THYMELEAF] TEMPLATE ENGINE CONFIGURATION:
[THYMELEAF] * Thymeleaf version: 3.1.2.RELEASE (built 2023-07-30T19:25:50+0000)
[THYMELEAF] * Cache Manager implementation: org.thymeleaf.cache.StandardCacheManager
[THYMELEAF] * Template resolvers:
[THYMELEAF]     * [1] com.intuit.karate.template.ResourceHtmlTemplateResolver
[THYMELEAF] * Message resolvers:
[THYMELEAF]     * org.thymeleaf.messageresolver.StandardMessageResolver
[THYMELEAF] * Link builders:
[THYMELEAF]     * org.thymeleaf.linkbuilder.StandardLinkBuilder
[THYMELEAF] * Dialect [1 of 2]: Standard (com.intuit.karate.template.KarateStandardDialect)
[THYMELEAF]     * Prefix: "th"
[THYMELEAF]     * Processors for Template Mode: HTML
[THYMELEAF]         * Element Tag Processors by [matching element and attribute name] [precedence]:
[THYMELEAF]             * [* {th:include,data-th-include}] [100]: org.thymeleaf.standard.processor.StandardIncludeTagProcessor
[THYMELEAF]             * [* {th:insert,data-th-insert}] [100]: org.thymeleaf.standard.processor.StandardInsertTagProcessor
[THYMELEAF]             * [* {th:replace,data-th-replace}] [100]: org.thymeleaf.standard.processor.StandardReplaceTagProcessor
[THYMELEAF]             * [* {th:each,data-th-each}] [200]: com.intuit.karate.template.KarateEachTagProcessor
[THYMELEAF]             * [* {th:switch,data-th-switch}] [250]: org.thymeleaf.standard.processor.StandardSwitchTagProcessor
[THYMELEAF]             * [* {th:case,data-th-case}] [275]: org.thymeleaf.standard.processor.StandardCaseTagProcessor
[THYMELEAF]             * [* {th:if,data-th-if}] [300]: org.thymeleaf.standard.processor.StandardIfTagProcessor
[THYMELEAF]             * [* {th:unless,data-th-unless}] [400]: org.thymeleaf.standard.processor.StandardUnlessTagProcessor
[THYMELEAF]             * [* {th:object,data-th-object}] [500]: org.thymeleaf.standard.processor.StandardObjectTagProcessor
[THYMELEAF]             * [* {th:with,data-th-with}] [600]: com.intuit.karate.template.KarateWithTagProcessor
[THYMELEAF]             * [* {th:attr,data-th-attr}] [700]: com.intuit.karate.template.KarateAttributeTagProcessor.KarateAttrTagProcessor
[THYMELEAF]             * [* {th:attrappend,data-th-attrappend}] [900]: com.intuit.karate.template.KarateAttributeTagProcessor.KarateAttrappendTagProcessor
[THYMELEAF]             * [* {th:attrprepend,data-th-attrprepend}] [900]: com.intuit.karate.template.KarateAttributeTagProcessor.KarateAttrprependTagProcessor
[THYMELEAF]             * [* {th:alt-title,data-th-alt-title}] [990]: org.thymeleaf.standard.processor.StandardAltTitleTagProcessor
[THYMELEAF]             * [* {th:lang-xmllang,data-th-lang-xmllang}] [990]: org.thymeleaf.standard.processor.StandardLangXmlLangTagProcessor
[THYMELEAF]             * [* {th:action,data-th-action}] [1000]: org.thymeleaf.standard.processor.StandardActionTagProcessor
[THYMELEAF]             * [* {th:autoplay,data-th-autoplay}] [1000]: org.thymeleaf.standard.processor.StandardConditionalFixedValueTagProcessor
[THYMELEAF]             * [* {th:readonly,data-th-readonly}] [1000]: org.thymeleaf.standard.processor.StandardConditionalFixedValueTagProcessor
[THYMELEAF]             * [* {th:ismap,data-th-ismap}] [1000]: org.thymeleaf.standard.processor.StandardConditionalFixedValueTagProcessor
[THYMELEAF]             * [* {th:declare,data-th-declare}] [1000]: org.thymeleaf.standard.processor.StandardConditionalFixedValueTagProcessor
[THYMELEAF]             * [* {th:pubdate,data-th-pubdate}] [1000]: org.thymeleaf.standard.processor.StandardConditionalFixedValueTagProcessor
[THYMELEAF]             * [* {th:formnovalidate,data-th-formnovalidate}] [1000]: org.thymeleaf.standard.processor.StandardConditionalFixedValueTagProcessor
[THYMELEAF]             * [* {th:reversed,data-th-reversed}] [1000]: org.thymeleaf.standard.processor.StandardConditionalFixedValueTagProcessor
[THYMELEAF]             * [* {th:seamless,data-th-seamless}] [1000]: org.thymeleaf.standard.processor.StandardConditionalFixedValueTagProcessor
[THYMELEAF]             * [* {th:loop,data-th-loop}] [1000]: org.thymeleaf.standard.processor.StandardConditionalFixedValueTagProcessor
[THYMELEAF]             * [* {th:required,data-th-required}] [1000]: org.thymeleaf.standard.processor.StandardConditionalFixedValueTagProcessor
[THYMELEAF]             * [* {th:default,data-th-default}] [1000]: org.thymeleaf.standard.processor.StandardConditionalFixedValueTagProcessor
[THYMELEAF]             * [* {th:multiple,data-th-multiple}] [1000]: org.thymeleaf.standard.processor.StandardConditionalFixedValueTagProcessor
[THYMELEAF]             * [* {th:disabled,data-th-disabled}] [1000]: org.thymeleaf.standard.processor.StandardConditionalFixedValueTagProcessor
[THYMELEAF]             * [* {th:selected,data-th-selected}] [1000]: org.thymeleaf.standard.processor.StandardConditionalFixedValueTagProcessor
[THYMELEAF]             * [* {th:controls,data-th-controls}] [1000]: org.thymeleaf.standard.processor.StandardConditionalFixedValueTagProcessor
[THYMELEAF]             * [* {th:autofocus,data-th-autofocus}] [1000]: org.thymeleaf.standard.processor.StandardConditionalFixedValueTagProcessor
[THYMELEAF]             * [* {th:hidden,data-th-hidden}] [1000]: org.thymeleaf.standard.processor.StandardConditionalFixedValueTagProcessor
[THYMELEAF]             * [* {th:scoped,data-th-scoped}] [1000]: org.thymeleaf.standard.processor.StandardConditionalFixedValueTagProcessor
[THYMELEAF]             * [* {th:open,data-th-open}] [1000]: org.thymeleaf.standard.processor.StandardConditionalFixedValueTagProcessor
[THYMELEAF]             * [* {th:defer,data-th-defer}] [1000]: org.thymeleaf.standard.processor.StandardConditionalFixedValueTagProcessor
[THYMELEAF]             * [* {th:novalidate,data-th-novalidate}] [1000]: org.thymeleaf.standard.processor.StandardConditionalFixedValueTagProcessor
[THYMELEAF]             * [* {th:nowrap,data-th-nowrap}] [1000]: org.thymeleaf.standard.processor.StandardConditionalFixedValueTagProcessor
[THYMELEAF]             * [* {th:checked,data-th-checked}] [1000]: org.thymeleaf.standard.processor.StandardConditionalFixedValueTagProcessor
[THYMELEAF]             * [* {th:async,data-th-async}] [1000]: org.thymeleaf.standard.processor.StandardConditionalFixedValueTagProcessor
[THYMELEAF]             * [* {th:onerror,data-th-onerror}] [1000]: org.thymeleaf.standard.processor.StandardDOMEventAttributeTagProcessor
[THYMELEAF]             * [* {th:onplay,data-th-onplay}] [1000]: org.thymeleaf.standard.processor.StandardDOMEventAttributeTagProcessor
[THYMELEAF]             * [* {th:onshow,data-th-onshow}] [1000]: org.thymeleaf.standard.processor.StandardDOMEventAttributeTagProcessor
[THYMELEAF]             * [* {th:onmousemove,data-th-onmousemove}] [1000]: org.thymeleaf.standard.processor.StandardDOMEventAttributeTagProcessor
[THYMELEAF]             * [* {th:onhashchange,data-th-onhashchange}] [1000]: org.thymeleaf.standard.processor.StandardDOMEventAttributeTagProcessor
[THYMELEAF]             * [* {th:onchange,data-th-onchange}] [1000]: org.thymeleaf.standard.processor.StandardDOMEventAttributeTagProcessor
[THYMELEAF]             * [* {th:onforminput,data-th-onforminput}] [1000]: org.thymeleaf.standard.processor.StandardDOMEventAttributeTagProcessor
[THYMELEAF]             * [* {th:onmousewheel,data-th-onmousewheel}] [1000]: org.thymeleaf.standard.processor.StandardDOMEventAttributeTagProcessor
[THYMELEAF]             * [* {th:onseeked,data-th-onseeked}] [1000]: org.thymeleaf.standard.processor.StandardDOMEventAttributeTagProcessor
[THYMELEAF]             * [* {th:ondblclick,data-th-ondblclick}] [1000]: org.thymeleaf.standard.processor.StandardDOMEventAttributeTagProcessor
[THYMELEAF]             * [* {th:onstorage,data-th-onstorage}] [1000]: org.thymeleaf.standard.processor.StandardDOMEventAttributeTagProcessor
[THYMELEAF]             * [* {th:oncanplaythrough,data-th-oncanplaythrough}] [1000]: org.thymeleaf.standard.processor.StandardDOMEventAttributeTagProcessor
[THYMELEAF]             * [* {th:ondragend,data-th-ondragend}] [1000]: org.thymeleaf.standard.processor.StandardDOMEventAttributeTagProcessor
[THYMELEAF]             * [* {th:ondragleave,data-th-ondragleave}] [1000]: org.thymeleaf.standard.processor.StandardDOMEventAttributeTagProcessor
[THYMELEAF]             * [* {th:onprogress,data-th-onprogress}] [1000]: org.thymeleaf.standard.processor.StandardDOMEventAttributeTagProcessor
[THYMELEAF]             * [* {th:onabort,data-th-onabort}] [1000]: org.thymeleaf.standard.processor.StandardDOMEventAttributeTagProcessor
[THYMELEAF]             * [* {th:onunload,data-th-onunload}] [1000]: org.thymeleaf.standard.processor.StandardDOMEventAttributeTagProcessor
[THYMELEAF]             * [* {th:onkeydown,data-th-onkeydown}] [1000]: org.thymeleaf.standard.processor.StandardDOMEventAttributeTagProcessor
[THYMELEAF]             * [* {th:onscroll,data-th-onscroll}] [1000]: org.thymeleaf.standard.processor.StandardDOMEventAttributeTagProcessor
[THYMELEAF]             * [* {th:onplaying,data-th-onplaying}] [1000]: org.thymeleaf.standard.processor.StandardDOMEventAttributeTagProcessor
[THYMELEAF]             * [* {th:onafterprint,data-th-onafterprint}] [1000]: org.thymeleaf.standard.processor.StandardDOMEventAttributeTagProcessor
[THYMELEAF]             * [* {th:oninvalid,data-th-oninvalid}] [1000]: org.thymeleaf.standard.processor.StandardDOMEventAttributeTagProcessor
[THYMELEAF]             * [* {th:onsubmit,data-th-onsubmit}] [1000]: org.thymeleaf.standard.processor.StandardDOMEventAttributeTagProcessor
[THYMELEAF]             * [* {th:ondragover,data-th-ondragover}] [1000]: org.thymeleaf.standard.processor.StandardDOMEventAttributeTagProcessor
[THYMELEAF]             * [* {th:onkeyup,data-th-onkeyup}] [1000]: org.thymeleaf.standard.processor.StandardDOMEventAttributeTagProcessor
[THYMELEAF]             * [* {th:onpause,data-th-onpause}] [1000]: org.thymeleaf.standard.processor.StandardDOMEventAttributeTagProcessor
[THYMELEAF]             * [* {th:onloadedmetadata,data-th-onloadedmetadata}] [1000]: org.thymeleaf.standard.processor.StandardDOMEventAttributeTagProcessor
[THYMELEAF]             * [* {th:ondrop,data-th-ondrop}] [1000]: org.thymeleaf.standard.processor.StandardDOMEventAttributeTagProcessor
[THYMELEAF]             * [* {th:onstalled,data-th-onstalled}] [1000]: org.thymeleaf.standard.processor.StandardDOMEventAttributeTagProcessor
[THYMELEAF]             * [* {th:onformchange,data-th-onformchange}] [1000]: org.thymeleaf.standard.processor.StandardDOMEventAttributeTagProcessor
[THYMELEAF]             * [* {th:ondragenter,data-th-ondragenter}] [1000]: org.thymeleaf.standard.processor.StandardDOMEventAttributeTagProcessor
[THYMELEAF]             * [* {th:onbeforeunload,data-th-onbeforeunload}] [1000]: org.thymeleaf.standard.processor.StandardDOMEventAttributeTagProcessor
[THYMELEAF]             * [* {th:onratechange,data-th-onratechange}] [1000]: org.thymeleaf.standard.processor.StandardDOMEventAttributeTagProcessor
[THYMELEAF]             * [* {th:onmousedown,data-th-onmousedown}] [1000]: org.thymeleaf.standard.processor.StandardDOMEventAttributeTagProcessor
[THYMELEAF]             * [* {th:onloadstart,data-th-onloadstart}] [1000]: org.thymeleaf.standard.processor.StandardDOMEventAttributeTagProcessor
[THYMELEAF]             * [* {th:onpopstate,data-th-onpopstate}] [1000]: org.thymeleaf.standard.processor.StandardDOMEventAttributeTagProcessor
[THYMELEAF]             * [* {th:oncontextmenu,data-th-oncontextmenu}] [1000]: org.thymeleaf.standard.processor.StandardDOMEventAttributeTagProcessor
[THYMELEAF]             * [* {th:onseeking,data-th-onseeking}] [1000]: org.thymeleaf.standard.processor.StandardDOMEventAttributeTagProcessor
[THYMELEAF]             * [* {th:ontimeupdate,data-th-ontimeupdate}] [1000]: org.thymeleaf.standard.processor.StandardDOMEventAttributeTagProcessor
[THYMELEAF]             * [* {th:ondragstart,data-th-ondragstart}] [1000]: org.thymeleaf.standard.processor.StandardDOMEventAttributeTagProcessor
[THYMELEAF]             * [* {th:oncanplay,data-th-oncanplay}] [1000]: org.thymeleaf.standard.processor.StandardDOMEventAttributeTagProcessor
[THYMELEAF]             * [* {th:onwaiting,data-th-onwaiting}] [1000]: org.thymeleaf.standard.processor.StandardDOMEventAttributeTagProcessor
[THYMELEAF]             * [* {th:onredo,data-th-onredo}] [1000]: org.thymeleaf.standard.processor.StandardDOMEventAttributeTagProcessor
[THYMELEAF]             * [* {th:onsuspend,data-th-onsuspend}] [1000]: org.thymeleaf.standard.processor.StandardDOMEventAttributeTagProcessor
[THYMELEAF]             * [* {th:onmouseover,data-th-onmouseover}] [1000]: org.thymeleaf.standard.processor.StandardDOMEventAttributeTagProcessor
[THYMELEAF]             * [* {th:onended,data-th-onended}] [1000]: org.thymeleaf.standard.processor.StandardDOMEventAttributeTagProcessor
[THYMELEAF]             * [* {th:onfocus,data-th-onfocus}] [1000]: org.thymeleaf.standard.processor.StandardDOMEventAttributeTagProcessor
[THYMELEAF]             * [* {th:onmessage,data-th-onmessage}] [1000]: org.thymeleaf.standard.processor.StandardDOMEventAttributeTagProcessor
[THYMELEAF]             * [* {th:onbeforeprint,data-th-onbeforeprint}] [1000]: org.thymeleaf.standard.processor.StandardDOMEventAttributeTagProcessor
[THYMELEAF]             * [* {th:onreset,data-th-onreset}] [1000]: org.thymeleaf.standard.processor.StandardDOMEventAttributeTagProcessor
[THYMELEAF]             * [* {th:onmouseout,data-th-onmouseout}] [1000]: org.thymeleaf.standard.processor.StandardDOMEventAttributeTagProcessor
[THYMELEAF]             * [* {th:ononline,data-th-ononline}] [1000]: org.thymeleaf.standard.processor.StandardDOMEventAttributeTagProcessor
[THYMELEAF]             * [* {th:onkeypress,data-th-onkeypress}] [1000]: org.thymeleaf.standard.processor.StandardDOMEventAttributeTagProcessor
[THYMELEAF]             * [* {th:onmouseup,data-th-onmouseup}] [1000]: org.thymeleaf.standard.processor.StandardDOMEventAttributeTagProcessor
[THYMELEAF]             * [* {th:oninput,data-th-oninput}] [1000]: org.thymeleaf.standard.processor.StandardDOMEventAttributeTagProcessor
[THYMELEAF]             * [* {th:onvolumechange,data-th-onvolumechange}] [1000]: org.thymeleaf.standard.processor.StandardDOMEventAttributeTagProcessor
[THYMELEAF]             * [* {th:onblur,data-th-onblur}] [1000]: org.thymeleaf.standard.processor.StandardDOMEventAttributeTagProcessor
[THYMELEAF]             * [* {th:onloadeddata,data-th-onloadeddata}] [1000]: org.thymeleaf.standard.processor.StandardDOMEventAttributeTagProcessor
[THYMELEAF]             * [* {th:onclick,data-th-onclick}] [1000]: org.thymeleaf.standard.processor.StandardDOMEventAttributeTagProcessor
[THYMELEAF]             * [* {th:ondrag,data-th-ondrag}] [1000]: org.thymeleaf.standard.processor.StandardDOMEventAttributeTagProcessor
[THYMELEAF]             * [* {th:onreadystatechange,data-th-onreadystatechange}] [1000]: org.thymeleaf.standard.processor.StandardDOMEventAttributeTagProcessor
[THYMELEAF]             * [* {th:onselect,data-th-onselect}] [1000]: org.thymeleaf.standard.processor.StandardDOMEventAttributeTagProcessor
[THYMELEAF]             * [* {th:onundo,data-th-onundo}] [1000]: org.thymeleaf.standard.processor.StandardDOMEventAttributeTagProcessor
[THYMELEAF]             * [* {th:ondurationchange,data-th-ondurationchange}] [1000]: org.thymeleaf.standard.processor.StandardDOMEventAttributeTagProcessor
[THYMELEAF]             * [* {th:onemptied,data-th-onemptied}] [1000]: org.thymeleaf.standard.processor.StandardDOMEventAttributeTagProcessor
[THYMELEAF]             * [* {th:onload,data-th-onload}] [1000]: org.thymeleaf.standard.processor.StandardDOMEventAttributeTagProcessor
[THYMELEAF]             * [* {th:onresize,data-th-onresize}] [1000]: org.thymeleaf.standard.processor.StandardDOMEventAttributeTagProcessor
[THYMELEAF]             * [* {th:onoffline,data-th-onoffline}] [1000]: org.thymeleaf.standard.processor.StandardDOMEventAttributeTagProcessor
[THYMELEAF]             * [* {th:href,data-th-href}] [1000]: org.thymeleaf.standard.processor.StandardHrefTagProcessor
[THYMELEAF]             * [* {th:inline,data-th-inline}] [1000]: org.thymeleaf.standard.processor.StandardInlineHTMLTagProcessor
[THYMELEAF]             * [* {th:method,data-th-method}] [1000]: org.thymeleaf.standard.processor.StandardMethodTagProcessor
[THYMELEAF]             * [* {th:name,data-th-name}] [1000]: org.thymeleaf.standard.processor.StandardNonRemovableAttributeTagProcessor
[THYMELEAF]             * [* {th:type,data-th-type}] [1000]: org.thymeleaf.standard.processor.StandardNonRemovableAttributeTagProcessor
[THYMELEAF]             * [* {th:formaction,data-th-formaction}] [1000]: org.thymeleaf.standard.processor.StandardRemovableAttributeTagProcessor
[THYMELEAF]             * [* {th:start,data-th-start}] [1000]: org.thymeleaf.standard.processor.StandardRemovableAttributeTagProcessor
[THYMELEAF]             * [* {th:low,data-th-low}] [1000]: org.thymeleaf.standard.processor.StandardRemovableAttributeTagProcessor
[THYMELEAF]             * [* {th:high,data-th-high}] [1000]: org.thymeleaf.standard.processor.StandardRemovableAttributeTagProcessor
[THYMELEAF]             * [* {th:formmethod,data-th-formmethod}] [1000]: org.thymeleaf.standard.processor.StandardRemovableAttributeTagProcessor
[THYMELEAF]             * [* {th:maxlength,data-th-maxlength}] [1000]: org.thymeleaf.standard.processor.StandardRemovableAttributeTagProcessor
[THYMELEAF]             * [* {th:usemap,data-th-usemap}] [1000]: org.thymeleaf.standard.processor.StandardRemovableAttributeTagProcessor
[THYMELEAF]             * [* {th:longdesc,data-th-longdesc}] [1000]: org.thymeleaf.standard.processor.StandardRemovableAttributeTagProcessor
[THYMELEAF]             * [* {th:kind,data-th-kind}] [1000]: org.thymeleaf.standard.processor.StandardRemovableAttributeTagProcessor
[THYMELEAF]             * [* {th:border,data-th-border}] [1000]: org.thymeleaf.standard.processor.StandardRemovableAttributeTagProcessor
[THYMELEAF]             * [* {th:scrolling,data-th-scrolling}] [1000]: org.thymeleaf.standard.processor.StandardRemovableAttributeTagProcessor
[THYMELEAF]             * [* {th:enctype,data-th-enctype}] [1000]: org.thymeleaf.standard.processor.StandardRemovableAttributeTagProcessor
[THYMELEAF]             * [* {th:style,data-th-style}] [1000]: org.thymeleaf.standard.processor.StandardRemovableAttributeTagProcessor
[THYMELEAF]             * [* {th:icon,data-th-icon}] [1000]: org.thymeleaf.standard.processor.StandardRemovableAttributeTagProcessor
[THYMELEAF]             * [* {th:hspace,data-th-hspace}] [1000]: org.thymeleaf.standard.processor.StandardRemovableAttributeTagProcessor
[THYMELEAF]             * [* {th:label,data-th-label}] [1000]: org.thymeleaf.standard.processor.StandardRemovableAttributeTagProcessor
[THYMELEAF]             * [* {th:standby,data-th-standby}] [1000]: org.thymeleaf.standard.processor.StandardRemovableAttributeTagProcessor
[THYMELEAF]             * [* {th:accept-charset,data-th-accept-charset}] [1000]: org.thymeleaf.standard.processor.StandardRemovableAttributeTagProcessor
[THYMELEAF]             * [* {th:colspan,data-th-colspan}] [1000]: org.thymeleaf.standard.processor.StandardRemovableAttributeTagProcessor
[THYMELEAF]             * [* {th:form,data-th-form}] [1000]: org.thymeleaf.standard.processor.StandardRemovableAttributeTagProcessor
[THYMELEAF]             * [* {th:cellspacing,data-th-cellspacing}] [1000]: org.thymeleaf.standard.processor.StandardRemovableAttributeTagProcessor
[THYMELEAF]             * [* {th:valuetype,data-th-valuetype}] [1000]: org.thymeleaf.standard.processor.StandardRemovableAttributeTagProcessor
[THYMELEAF]             * [* {th:data,data-th-data}] [1000]: org.thymeleaf.standard.processor.StandardRemovableAttributeTagProcessor
[THYMELEAF]             * [* {th:axis,data-th-axis}] [1000]: org.thymeleaf.standard.processor.StandardRemovableAttributeTagProcessor
[THYMELEAF]             * [* {th:audio,data-th-audio}] [1000]: org.thymeleaf.standard.processor.StandardRemovableAttributeTagProcessor
[THYMELEAF]             * [* {th:target,data-th-target}] [1000]: org.thymeleaf.standard.processor.StandardRemovableAttributeTagProcessor
[THYMELEAF]             * [* {th:accesskey,data-th-accesskey}] [1000]: org.thymeleaf.standard.processor.StandardRemovableAttributeTagProcessor
[THYMELEAF]             * [* {th:width,data-th-width}] [1000]: org.thymeleaf.standard.processor.StandardRemovableAttributeTagProcessor
[THYMELEAF]             * [* {th:media,data-th-media}] [1000]: org.thymeleaf.standard.processor.StandardRemovableAttributeTagProcessor
[THYMELEAF]             * [* {th:scope,data-th-scope}] [1000]: org.thymeleaf.standard.processor.StandardRemovableAttributeTagProcessor
[THYMELEAF]             * [* {th:max,data-th-max}] [1000]: org.thymeleaf.standard.processor.StandardRemovableAttributeTagProcessor
[THYMELEAF]             * [* {th:rows,data-th-rows}] [1000]: org.thymeleaf.standard.processor.StandardRemovableAttributeTagProcessor
[THYMELEAF]             * [* {th:min,data-th-min}] [1000]: org.thymeleaf.standard.processor.StandardRemovableAttributeTagProcessor
[THYMELEAF]             * [* {th:lang,data-th-lang}] [1000]: org.thymeleaf.standard.processor.StandardRemovableAttributeTagProcessor
[THYMELEAF]             * [* {th:preload,data-th-preload}] [1000]: org.thymeleaf.standard.processor.StandardRemovableAttributeTagProcessor
[THYMELEAF]             * [* {th:scheme,data-th-scheme}] [1000]: org.thymeleaf.standard.processor.StandardRemovableAttributeTagProcessor
[THYMELEAF]             * [* {th:codetype,data-th-codetype}] [1000]: org.thymeleaf.standard.processor.StandardRemovableAttributeTagProcessor
[THYMELEAF]             * [* {th:placeholder,data-th-placeholder}] [1000]: org.thymeleaf.standard.processor.StandardRemovableAttributeTagProcessor
[THYMELEAF]             * [* {th:accept,data-th-accept}] [1000]: org.thymeleaf.standard.processor.StandardRemovableAttributeTagProcessor
[THYMELEAF]             * [* {th:autocomplete,data-th-autocomplete}] [1000]: org.thymeleaf.standard.processor.StandardRemovableAttributeTagProcessor
[THYMELEAF]             * [* {th:span,data-th-span}] [1000]: org.thymeleaf.standard.processor.StandardRemovableAttributeTagProcessor
[THYMELEAF]             * [* {th:align,data-th-align}] [1000]: org.thymeleaf.standard.processor.StandardRemovableAttributeTagProcessor
[THYMELEAF]             * [* {th:classid,data-th-classid}] [1000]: org.thymeleaf.standard.processor.StandardRemovableAttributeTagProcessor
[THYMELEAF]             * [* {th:rel,data-th-rel}] [1000]: org.thymeleaf.standard.processor.StandardRemovableAttributeTagProcessor
[THYMELEAF]             * [* {th:contextmenu,data-th-contextmenu}] [1000]: org.thymeleaf.standard.processor.StandardRemovableAttributeTagProcessor
[THYMELEAF]             * [* {th:summary,data-th-summary}] [1000]: org.thymeleaf.standard.processor.StandardRemovableAttributeTagProcessor
[THYMELEAF]             * [* {th:height,data-th-height}] [1000]: org.thymeleaf.standard.processor.StandardRemovableAttributeTagProcessor
[THYMELEAF]             * [* {th:keytype,data-th-keytype}] [1000]: org.thymeleaf.standard.processor.StandardRemovableAttributeTagProcessor
[THYMELEAF]             * [* {th:frameborder,data-th-frameborder}] [1000]: org.thymeleaf.standard.processor.StandardRemovableAttributeTagProcessor
[THYMELEAF]             * [* {th:marginheight,data-th-marginheight}] [1000]: org.thymeleaf.standard.processor.StandardRemovableAttributeTagProcessor
[THYMELEAF]             * [* {th:spellcheck,data-th-spellcheck}] [1000]: org.thymeleaf.standard.processor.StandardRemovableAttributeTagProcessor
[THYMELEAF]             * [* {th:sandbox,data-th-sandbox}] [1000]: org.thymeleaf.standard.processor.StandardRemovableAttributeTagProcessor
[THYMELEAF]             * [* {th:sizes,data-th-sizes}] [1000]: org.thymeleaf.standard.processor.StandardRemovableAttributeTagProcessor
[THYMELEAF]             * [* {th:cite,data-th-cite}] [1000]: org.thymeleaf.standard.processor.StandardRemovableAttributeTagProcessor
[THYMELEAF]             * [* {th:rowspan,data-th-rowspan}] [1000]: org.thymeleaf.standard.processor.StandardRemovableAttributeTagProcessor
[THYMELEAF]             * [* {th:http-equiv,data-th-http-equiv}] [1000]: org.thymeleaf.standard.processor.StandardRemovableAttributeTagProcessor
[THYMELEAF]             * [* {th:archive,data-th-archive}] [1000]: org.thymeleaf.standard.processor.StandardRemovableAttributeTagProcessor
[THYMELEAF]             * [* {th:contenteditable,data-th-contenteditable}] [1000]: org.thymeleaf.standard.processor.StandardRemovableAttributeTagProcessor
[THYMELEAF]             * [* {th:hreflang,data-th-hreflang}] [1000]: org.thymeleaf.standard.processor.StandardRemovableAttributeTagProcessor
[THYMELEAF]             * [* {th:title,data-th-title}] [1000]: org.thymeleaf.standard.processor.StandardRemovableAttributeTagProcessor
[THYMELEAF]             * [* {th:alt,data-th-alt}] [1000]: org.thymeleaf.standard.processor.StandardRemovableAttributeTagProcessor
[THYMELEAF]             * [* {th:wrap,data-th-wrap}] [1000]: org.thymeleaf.standard.processor.StandardRemovableAttributeTagProcessor
[THYMELEAF]             * [* {th:codebase,data-th-codebase}] [1000]: org.thymeleaf.standard.processor.StandardRemovableAttributeTagProcessor
[THYMELEAF]             * [* {th:cols,data-th-cols}] [1000]: org.thymeleaf.standard.processor.StandardRemovableAttributeTagProcessor
[THYMELEAF]             * [* {th:list,data-th-list}] [1000]: org.thymeleaf.standard.processor.StandardRemovableAttributeTagProcessor
[THYMELEAF]             * [* {th:class,data-th-class}] [1000]: org.thymeleaf.standard.processor.StandardRemovableAttributeTagProcessor
[THYMELEAF]             * [* {th:formenctype,data-th-formenctype}] [1000]: org.thymeleaf.standard.processor.StandardRemovableAttributeTagProcessor
[THYMELEAF]             * [* {th:bgcolor,data-th-bgcolor}] [1000]: org.thymeleaf.standard.processor.StandardRemovableAttributeTagProcessor
[THYMELEAF]             * [* {th:draggable,data-th-draggable}] [1000]: org.thymeleaf.standard.processor.StandardRemovableAttributeTagProcessor
[THYMELEAF]             * [* {th:cellpadding,data-th-cellpadding}] [1000]: org.thymeleaf.standard.processor.StandardRemovableAttributeTagProcessor
[THYMELEAF]             * [* {th:abbr,data-th-abbr}] [1000]: org.thymeleaf.standard.processor.StandardRemovableAttributeTagProcessor
[THYMELEAF]             * [* {th:manifest,data-th-manifest}] [1000]: org.thymeleaf.standard.processor.StandardRemovableAttributeTagProcessor
[THYMELEAF]             * [* {th:srclang,data-th-srclang}] [1000]: org.thymeleaf.standard.processor.StandardRemovableAttributeTagProcessor
[THYMELEAF]             * [* {th:step,data-th-step}] [1000]: org.thymeleaf.standard.processor.StandardRemovableAttributeTagProcessor
[THYMELEAF]             * [* {th:tabindex,data-th-tabindex}] [1000]: org.thymeleaf.standard.processor.StandardRemovableAttributeTagProcessor
[THYMELEAF]             * [* {th:background,data-th-background}] [1000]: org.thymeleaf.standard.processor.StandardRemovableAttributeTagProcessor
[THYMELEAF]             * [* {th:dropzone,data-th-dropzone}] [1000]: org.thymeleaf.standard.processor.StandardRemovableAttributeTagProcessor
[THYMELEAF]             * [* {th:radiogroup,data-th-radiogroup}] [1000]: org.thymeleaf.standard.processor.StandardRemovableAttributeTagProcessor
[THYMELEAF]             * [* {th:poster,data-th-poster}] [1000]: org.thymeleaf.standard.processor.StandardRemovableAttributeTagProcessor
[THYMELEAF]             * [* {th:rules,data-th-rules}] [1000]: org.thymeleaf.standard.processor.StandardRemovableAttributeTagProcessor
[THYMELEAF]             * [* {th:content,data-th-content}] [1000]: org.thymeleaf.standard.processor.StandardRemovableAttributeTagProcessor
[THYMELEAF]             * [* {th:headers,data-th-headers}] [1000]: org.thymeleaf.standard.processor.StandardRemovableAttributeTagProcessor
[THYMELEAF]             * [* {th:optimum,data-th-optimum}] [1000]: org.thymeleaf.standard.processor.StandardRemovableAttributeTagProcessor
[THYMELEAF]             * [* {th:vspace,data-th-vspace}] [1000]: org.thymeleaf.standard.processor.StandardRemovableAttributeTagProcessor
[THYMELEAF]             * [* {th:for,data-th-for}] [1000]: org.thymeleaf.standard.processor.StandardRemovableAttributeTagProcessor
[THYMELEAF]             * [* {th:id,data-th-id}] [1000]: org.thymeleaf.standard.processor.StandardRemovableAttributeTagProcessor
[THYMELEAF]             * [* {th:challenge,data-th-challenge}] [1000]: org.thymeleaf.standard.processor.StandardRemovableAttributeTagProcessor
[THYMELEAF]             * [* {th:marginwidth,data-th-marginwidth}] [1000]: org.thymeleaf.standard.processor.StandardRemovableAttributeTagProcessor
[THYMELEAF]             * [* {th:frame,data-th-frame}] [1000]: org.thymeleaf.standard.processor.StandardRemovableAttributeTagProcessor
[THYMELEAF]             * [* {th:pattern,data-th-pattern}] [1000]: org.thymeleaf.standard.processor.StandardRemovableAttributeTagProcessor
[THYMELEAF]             * [* {th:compact,data-th-compact}] [1000]: org.thymeleaf.standard.processor.StandardRemovableAttributeTagProcessor
[THYMELEAF]             * [* {th:rev,data-th-rev}] [1000]: org.thymeleaf.standard.processor.StandardRemovableAttributeTagProcessor
[THYMELEAF]             * [* {th:formtarget,data-th-formtarget}] [1000]: org.thymeleaf.standard.processor.StandardRemovableAttributeTagProcessor
[THYMELEAF]             * [* {th:dir,data-th-dir}] [1000]: org.thymeleaf.standard.processor.StandardRemovableAttributeTagProcessor
[THYMELEAF]             * [* {th:size,data-th-size}] [1000]: org.thymeleaf.standard.processor.StandardRemovableAttributeTagProcessor
[THYMELEAF]             * [* {th:charset,data-th-charset}] [1000]: org.thymeleaf.standard.processor.StandardRemovableAttributeTagProcessor
[THYMELEAF]             * [* {th:datetime,data-th-datetime}] [1000]: org.thymeleaf.standard.processor.StandardRemovableAttributeTagProcessor
[THYMELEAF]             * [* {th:src,data-th-src}] [1000]: org.thymeleaf.standard.processor.StandardSrcTagProcessor
[THYMELEAF]             * [* {th:value,data-th-value}] [1000]: org.thymeleaf.standard.processor.StandardValueTagProcessor
[THYMELEAF]             * [* {th:xmlbase,data-th-xmlbase}] [1000]: org.thymeleaf.standard.processor.StandardXmlBaseTagProcessor
[THYMELEAF]             * [* {th:xmllang,data-th-xmllang}] [1000]: org.thymeleaf.standard.processor.StandardXmlLangTagProcessor
[THYMELEAF]             * [* {xmlns:th}] [1000]: org.thymeleaf.standard.processor.StandardXmlNsTagProcessor
[THYMELEAF]             * [* {th:xmlspace,data-th-xmlspace}] [1000]: org.thymeleaf.standard.processor.StandardXmlSpaceTagProcessor
[THYMELEAF]             * [* {th:classappend,data-th-classappend}] [1100]: org.thymeleaf.standard.processor.StandardClassappendTagProcessor
[THYMELEAF]             * [* {th:styleappend,data-th-styleappend}] [1100]: org.thymeleaf.standard.processor.StandardStyleappendTagProcessor
[THYMELEAF]             * [* {th:text,data-th-text}] [1300]: org.thymeleaf.standard.processor.StandardTextTagProcessor
[THYMELEAF]             * [* {th:utext,data-th-utext}] [1400]: org.thymeleaf.standard.processor.StandardUtextTagProcessor
[THYMELEAF]             * [* {th:fragment,data-th-fragment}] [1500]: org.thymeleaf.standard.processor.StandardFragmentTagProcessor
[THYMELEAF]             * [* {th:assert,data-th-assert}] [1550]: org.thymeleaf.standard.processor.StandardAssertTagProcessor
[THYMELEAF]             * [* {th:remove,data-th-remove}] [1600]: org.thymeleaf.standard.processor.StandardRemoveTagProcessor
[THYMELEAF]             * [* {th:ref,data-th-ref}] [10000]: org.thymeleaf.standard.processor.StandardRefAttributeTagProcessor
[THYMELEAF]             * [{th:block,th-block} *] [100000]: org.thymeleaf.standard.processor.StandardBlockTagProcessor
[THYMELEAF]             * [* th:*] [2147483647]: org.thymeleaf.standard.processor.StandardDefaultAttributesTagProcessor
[THYMELEAF]         * Text Processors by [precedence]:
[THYMELEAF]             * [1000]: org.thymeleaf.standard.processor.StandardInliningTextProcessor
[THYMELEAF]         * DOCTYPE Processors by [precedence]:
[THYMELEAF]             * [1000]: org.thymeleaf.standard.processor.StandardTranslationDocTypeProcessor
[THYMELEAF]         * CDATA Section Processors by [precedence]:
[THYMELEAF]             * [1000]: org.thymeleaf.standard.processor.StandardInliningCDATASectionProcessor
[THYMELEAF]         * Comment Processors by [precedence]:
[THYMELEAF]             * [1000]: org.thymeleaf.standard.processor.StandardInliningCommentProcessor
[THYMELEAF]             * [1100]: org.thymeleaf.standard.processor.StandardConditionalCommentProcessor
[THYMELEAF]     * Processors for Template Mode: XML
[THYMELEAF]         * Element Tag Processors by [matching element and attribute name] [precedence]:
[THYMELEAF]             * [* {th:include}] [100]: org.thymeleaf.standard.processor.StandardIncludeTagProcessor
[THYMELEAF]             * [* {th:insert}] [100]: org.thymeleaf.standard.processor.StandardInsertTagProcessor
[THYMELEAF]             * [* {th:replace}] [100]: org.thymeleaf.standard.processor.StandardReplaceTagProcessor
[THYMELEAF]             * [* {th:each}] [200]: com.intuit.karate.template.KarateEachTagProcessor
[THYMELEAF]             * [* {th:switch}] [250]: org.thymeleaf.standard.processor.StandardSwitchTagProcessor
[THYMELEAF]             * [* {th:case}] [275]: org.thymeleaf.standard.processor.StandardCaseTagProcessor
[THYMELEAF]             * [* {th:if}] [300]: org.thymeleaf.standard.processor.StandardIfTagProcessor
[THYMELEAF]             * [* {th:unless}] [400]: org.thymeleaf.standard.processor.StandardUnlessTagProcessor
[THYMELEAF]             * [* {th:object}] [500]: org.thymeleaf.standard.processor.StandardObjectTagProcessor
[THYMELEAF]             * [* {th:with}] [600]: com.intuit.karate.template.KarateWithTagProcessor
[THYMELEAF]             * [* {th:attr}] [700]: com.intuit.karate.template.KarateAttributeTagProcessor.KarateAttrTagProcessor
[THYMELEAF]             * [* {th:attrappend}] [900]: com.intuit.karate.template.KarateAttributeTagProcessor.KarateAttrappendTagProcessor
[THYMELEAF]             * [* {th:attrprepend}] [900]: com.intuit.karate.template.KarateAttributeTagProcessor.KarateAttrprependTagProcessor
[THYMELEAF]             * [* {th:inline}] [1000]: org.thymeleaf.standard.processor.StandardInlineXMLTagProcessor
[THYMELEAF]             * [* {xmlns:th}] [1000]: org.thymeleaf.standard.processor.StandardXmlNsTagProcessor
[THYMELEAF]             * [* {th:text}] [1300]: org.thymeleaf.standard.processor.StandardTextTagProcessor
[THYMELEAF]             * [* {th:utext}] [1400]: org.thymeleaf.standard.processor.StandardUtextTagProcessor
[THYMELEAF]             * [* {th:fragment}] [1500]: org.thymeleaf.standard.processor.StandardFragmentTagProcessor
[THYMELEAF]             * [* {th:assert}] [1550]: org.thymeleaf.standard.processor.StandardAssertTagProcessor
[THYMELEAF]             * [* {th:remove}] [1600]: org.thymeleaf.standard.processor.StandardRemoveTagProcessor
[THYMELEAF]             * [* {th:ref}] [10000]: org.thymeleaf.standard.processor.StandardRefAttributeTagProcessor
[THYMELEAF]             * [{th:block} *] [100000]: org.thymeleaf.standard.processor.StandardBlockTagProcessor
[THYMELEAF]             * [* th:*] [2147483647]: org.thymeleaf.standard.processor.StandardDefaultAttributesTagProcessor
[THYMELEAF]         * Text Processors by [precedence]:
[THYMELEAF]             * [1000]: org.thymeleaf.standard.processor.StandardInliningTextProcessor
[THYMELEAF]         * CDATA Section Processors by [precedence]:
[THYMELEAF]             * [1000]: org.thymeleaf.standard.processor.StandardInliningCDATASectionProcessor
[THYMELEAF]         * Comment Processors by [precedence]:
[THYMELEAF]             * [1000]: org.thymeleaf.standard.processor.StandardInliningCommentProcessor
[THYMELEAF]     * Processors for Template Mode: TEXT
[THYMELEAF]         * Element Tag Processors by [matching element and attribute name] [precedence]:
[THYMELEAF]             * [* {th:insert}] [100]: org.thymeleaf.standard.processor.StandardInsertTagProcessor
[THYMELEAF]             * [* {th:replace}] [100]: org.thymeleaf.standard.processor.StandardReplaceTagProcessor
[THYMELEAF]             * [* {th:each}] [200]: com.intuit.karate.template.KarateEachTagProcessor
[THYMELEAF]             * [* {th:switch}] [250]: org.thymeleaf.standard.processor.StandardSwitchTagProcessor
[THYMELEAF]             * [* {th:case}] [275]: org.thymeleaf.standard.processor.StandardCaseTagProcessor
[THYMELEAF]             * [* {th:if}] [300]: org.thymeleaf.standard.processor.StandardIfTagProcessor
[THYMELEAF]             * [* {th:unless}] [400]: org.thymeleaf.standard.processor.StandardUnlessTagProcessor
[THYMELEAF]             * [* {th:object}] [500]: org.thymeleaf.standard.processor.StandardObjectTagProcessor
[THYMELEAF]             * [* {th:with}] [600]: com.intuit.karate.template.KarateWithTagProcessor
[THYMELEAF]             * [* {th:inline}] [1000]: org.thymeleaf.standard.processor.StandardInlineTextualTagProcessor
[THYMELEAF]             * [* {th:text}] [1300]: org.thymeleaf.standard.processor.StandardTextTagProcessor
[THYMELEAF]             * [* {th:utext}] [1400]: org.thymeleaf.standard.processor.StandardUtextTagProcessor
[THYMELEAF]             * [* {th:assert}] [1550]: org.thymeleaf.standard.processor.StandardAssertTagProcessor
[THYMELEAF]             * [* {th:remove}] [1600]: org.thymeleaf.standard.processor.StandardRemoveTagProcessor
[THYMELEAF]             * [* 100000] [org.thymeleaf.standard.processor.StandardBlockTagProcessor]: {}
[THYMELEAF]             * [{th:block} *] [100000]: org.thymeleaf.standard.processor.StandardBlockTagProcessor
[THYMELEAF]         * Text Processors by [precedence]:
[THYMELEAF]             * [1000]: org.thymeleaf.standard.processor.StandardInliningTextProcessor
[THYMELEAF]     * Processors for Template Mode: JAVASCRIPT
[THYMELEAF]         * Element Tag Processors by [matching element and attribute name] [precedence]:
[THYMELEAF]             * [* {th:insert}] [100]: org.thymeleaf.standard.processor.StandardInsertTagProcessor
[THYMELEAF]             * [* {th:replace}] [100]: org.thymeleaf.standard.processor.StandardReplaceTagProcessor
[THYMELEAF]             * [* {th:each}] [200]: com.intuit.karate.template.KarateEachTagProcessor
[THYMELEAF]             * [* {th:switch}] [250]: org.thymeleaf.standard.processor.StandardSwitchTagProcessor
[THYMELEAF]             * [* {th:case}] [275]: org.thymeleaf.standard.processor.StandardCaseTagProcessor
[THYMELEAF]             * [* {th:if}] [300]: org.thymeleaf.standard.processor.StandardIfTagProcessor
[THYMELEAF]             * [* {th:unless}] [400]: org.thymeleaf.standard.processor.StandardUnlessTagProcessor
[THYMELEAF]             * [* {th:object}] [500]: org.thymeleaf.standard.processor.StandardObjectTagProcessor
[THYMELEAF]             * [* {th:with}] [600]: com.intuit.karate.template.KarateWithTagProcessor
[THYMELEAF]             * [* {th:inline}] [1000]: org.thymeleaf.standard.processor.StandardInlineTextualTagProcessor
[THYMELEAF]             * [* {th:text}] [1300]: org.thymeleaf.standard.processor.StandardTextTagProcessor
[THYMELEAF]             * [* {th:utext}] [1400]: org.thymeleaf.standard.processor.StandardUtextTagProcessor
[THYMELEAF]             * [* {th:assert}] [1550]: org.thymeleaf.standard.processor.StandardAssertTagProcessor
[THYMELEAF]             * [* {th:remove}] [1600]: org.thymeleaf.standard.processor.StandardRemoveTagProcessor
[THYMELEAF]             * [{th:block} *] [100000]: org.thymeleaf.standard.processor.StandardBlockTagProcessor
[THYMELEAF]             * [* 100000] [org.thymeleaf.standard.processor.StandardBlockTagProcessor]: {}
[THYMELEAF]         * Text Processors by [precedence]:
[THYMELEAF]             * [1000]: org.thymeleaf.standard.processor.StandardInliningTextProcessor
[THYMELEAF]     * Processors for Template Mode: CSS
[THYMELEAF]         * Element Tag Processors by [matching element and attribute name] [precedence]:
[THYMELEAF]             * [* {th:insert}] [100]: org.thymeleaf.standard.processor.StandardInsertTagProcessor
[THYMELEAF]             * [* {th:replace}] [100]: org.thymeleaf.standard.processor.StandardReplaceTagProcessor
[THYMELEAF]             * [* {th:each}] [200]: com.intuit.karate.template.KarateEachTagProcessor
[THYMELEAF]             * [* {th:switch}] [250]: org.thymeleaf.standard.processor.StandardSwitchTagProcessor
[THYMELEAF]             * [* {th:case}] [275]: org.thymeleaf.standard.processor.StandardCaseTagProcessor
[THYMELEAF]             * [* {th:if}] [300]: org.thymeleaf.standard.processor.StandardIfTagProcessor
[THYMELEAF]             * [* {th:unless}] [400]: org.thymeleaf.standard.processor.StandardUnlessTagProcessor
[THYMELEAF]             * [* {th:object}] [500]: org.thymeleaf.standard.processor.StandardObjectTagProcessor
[THYMELEAF]             * [* {th:with}] [600]: com.intuit.karate.template.KarateWithTagProcessor
[THYMELEAF]             * [* {th:inline}] [1000]: org.thymeleaf.standard.processor.StandardInlineTextualTagProcessor
[THYMELEAF]             * [* {th:text}] [1300]: org.thymeleaf.standard.processor.StandardTextTagProcessor
[THYMELEAF]             * [* {th:utext}] [1400]: org.thymeleaf.standard.processor.StandardUtextTagProcessor
[THYMELEAF]             * [* {th:assert}] [1550]: org.thymeleaf.standard.processor.StandardAssertTagProcessor
[THYMELEAF]             * [* {th:remove}] [1600]: org.thymeleaf.standard.processor.StandardRemoveTagProcessor
[THYMELEAF]             * [* 100000] [org.thymeleaf.standard.processor.StandardBlockTagProcessor]: {}
[THYMELEAF]             * [{th:block} *] [100000]: org.thymeleaf.standard.processor.StandardBlockTagProcessor
[THYMELEAF]         * Text Processors by [precedence]:
[THYMELEAF]             * [1000]: org.thymeleaf.standard.processor.StandardInliningTextProcessor
[THYMELEAF]     * Expression Objects:
[THYMELEAF]         * #ctx
[THYMELEAF]         * #root
[THYMELEAF]         * #vars
[THYMELEAF]         * #object
[THYMELEAF]         * #locale
[THYMELEAF]         * #conversions
[THYMELEAF]         * #uris
[THYMELEAF]         * #temporals
[THYMELEAF]         * #calendars
[THYMELEAF]         * #dates
[THYMELEAF]         * #bools
[THYMELEAF]         * #numbers
[THYMELEAF]         * #objects
[THYMELEAF]         * #strings
[THYMELEAF]         * #arrays
[THYMELEAF]         * #lists
[THYMELEAF]         * #sets
[THYMELEAF]         * #maps
[THYMELEAF]         * #aggregates
[THYMELEAF]         * #messages
[THYMELEAF]         * #ids
[THYMELEAF]         * #execInfo
[THYMELEAF]         * #request
[THYMELEAF]         * #response
[THYMELEAF]         * #session
[THYMELEAF]         * #servletContext
[THYMELEAF]     * Execution Attributes:
[THYMELEAF]         * "StandardExpressionParser": com.intuit.karate.template.KarateStandardDialect@4604b900
[THYMELEAF]         * "StandardJavaScriptSerializer": org.thymeleaf.standard.serializer.StandardJavaScriptSerializer@22fba58c
[THYMELEAF]         * "StandardCSSSerializer": org.thymeleaf.standard.serializer.StandardCSSSerializer@7e8a46b7
[THYMELEAF]         * "StandardVariableExpressionEvaluator": com.intuit.karate.template.KarateStandardDialect@4604b900
[THYMELEAF]         * "StandardConversionService": org.thymeleaf.standard.expression.StandardConversionService@2fe88a09
[THYMELEAF] * Dialect [2 of 2]: karate (com.intuit.karate.template.KarateScriptDialect)
[THYMELEAF]     * Prefix: "ka"
[THYMELEAF]     * Processors for Template Mode: HTML
[THYMELEAF]         * Element Tag Processors by [matching element and attribute name] [precedence]:
[THYMELEAF]             * [* {src}] [1000]: com.intuit.karate.template.KaScriptAttrProcessor
[THYMELEAF]         * Element Model Processors by [matching element and attribute name] [precedence]:
[THYMELEAF]             * [{script} {ka:scope,data-ka-scope}] [1000]: com.intuit.karate.template.KaScriptElemProcessor
[THYMELEAF]             * [* {ka:set,data-ka-set}] [1000]: com.intuit.karate.template.KaSetElemProcessor
[THYMELEAF] TEMPLATE ENGINE CONFIGURED OK
16:19:38.512 [main] DEBUG org.thymeleaf.TemplateEngine -- [THYMELEAF] TEMPLATE ENGINE INITIALIZED

HTML report: (paste into browser to view) | Karate version: 1.4.1
file:///C:/Users/monst/karate-tests/target/karate-reports/karate-summary.html
===================================================================


=====================================================
🚀 CONCURRENT Performance Test Results:
- Total Time: 22972 ms
- Average Time Per Request: 229.72 ms
- Requests Per Second: 4.35
- Concurrent Report saved to: C:\Users\monst\karate-tests\target\performance-reports\concurrent-report-2025-06-24_16-19-38.md
=====================================================

]]></system-out>
  </testcase>
</testsuite>