<?xml version="1.0" encoding="UTF-8"?>
<testsuite xmlns:xsi="http://www.w3.org/2001/XMLSchema-instance" xsi:noNamespaceSchemaLocation="https://maven.apache.org/surefire/maven-surefire-plugin/xsd/surefire-test-report-3.0.xsd" version="3.0" name="runners.auth.RegisterExcelTestRunner" time="6.309" tests="1" errors="0" skipped="0" failures="0">
  <properties>
    <property name="java.specification.version" value="17"/>
    <property name="sun.cpu.isalist" value="amd64"/>
    <property name="sun.jnu.encoding" value="Cp1252"/>
    <property name="java.class.path" value="C:\Users\monst\karate-tests\target\test-classes;C:\Users\monst\karate-tests\target\classes;C:\Users\monst\.m2\repository\com\intuit\karate\karate-junit5\1.4.1\karate-junit5-1.4.1.jar;C:\Users\monst\.m2\repository\com\intuit\karate\karate-core\1.4.1\karate-core-1.4.1.jar;C:\Users\monst\.m2\repository\org\graalvm\js\js-scriptengine\22.3.3\js-scriptengine-22.3.3.jar;C:\Users\monst\.m2\repository\org\graalvm\sdk\graal-sdk\22.3.3\graal-sdk-22.3.3.jar;C:\Users\monst\.m2\repository\org\graalvm\js\js\22.3.3\js-22.3.3.jar;C:\Users\monst\.m2\repository\org\graalvm\regex\regex\22.3.3\regex-22.3.3.jar;C:\Users\monst\.m2\repository\org\graalvm\truffle\truffle-api\22.3.3\truffle-api-22.3.3.jar;C:\Users\monst\.m2\repository\com\ibm\icu\icu4j\71.1\icu4j-71.1.jar;C:\Users\monst\.m2\repository\org\thymeleaf\thymeleaf\3.1.2.RELEASE\thymeleaf-3.1.2.RELEASE.jar;C:\Users\monst\.m2\repository\ognl\ognl\3.3.4\ognl-3.3.4.jar;C:\Users\monst\.m2\repository\org\javassist\javassist\3.29.0-GA\javassist-3.29.0-GA.jar;C:\Users\monst\.m2\repository\org\attoparser\attoparser\2.0.7.RELEASE\attoparser-2.0.7.RELEASE.jar;C:\Users\monst\.m2\repository\org\unbescape\unbescape\1.1.6.RELEASE\unbescape-1.1.6.RELEASE.jar;C:\Users\monst\.m2\repository\org\slf4j\slf4j-api\2.0.7\slf4j-api-2.0.7.jar;C:\Users\monst\.m2\repository\com\linecorp\armeria\armeria\1.25.2\armeria-1.25.2.jar;C:\Users\monst\.m2\repository\com\fasterxml\jackson\core\jackson-core\2.15.2\jackson-core-2.15.2.jar;C:\Users\monst\.m2\repository\com\fasterxml\jackson\core\jackson-annotations\2.15.2\jackson-annotations-2.15.2.jar;C:\Users\monst\.m2\repository\com\fasterxml\jackson\core\jackson-databind\2.15.2\jackson-databind-2.15.2.jar;C:\Users\monst\.m2\repository\com\fasterxml\jackson\datatype\jackson-datatype-jdk8\2.15.2\jackson-datatype-jdk8-2.15.2.jar;C:\Users\monst\.m2\repository\com\fasterxml\jackson\datatype\jackson-datatype-jsr310\2.15.2\jackson-datatype-jsr310-2.15.2.jar;C:\Users\monst\.m2\repository\io\micrometer\micrometer-core\1.11.3\micrometer-core-1.11.3.jar;C:\Users\monst\.m2\repository\io\micrometer\micrometer-commons\1.11.3\micrometer-commons-1.11.3.jar;C:\Users\monst\.m2\repository\io\micrometer\micrometer-observation\1.11.3\micrometer-observation-1.11.3.jar;C:\Users\monst\.m2\repository\org\hdrhistogram\HdrHistogram\2.1.12\HdrHistogram-2.1.12.jar;C:\Users\monst\.m2\repository\org\latencyutils\LatencyUtils\2.0.3\LatencyUtils-2.0.3.jar;C:\Users\monst\.m2\repository\io\netty\netty-transport\4.1.96.Final\netty-transport-4.1.96.Final.jar;C:\Users\monst\.m2\repository\io\netty\netty-common\4.1.96.Final\netty-common-4.1.96.Final.jar;C:\Users\monst\.m2\repository\io\netty\netty-buffer\4.1.96.Final\netty-buffer-4.1.96.Final.jar;C:\Users\monst\.m2\repository\io\netty\netty-resolver\4.1.96.Final\netty-resolver-4.1.96.Final.jar;C:\Users\monst\.m2\repository\io\netty\netty-codec-haproxy\4.1.96.Final\netty-codec-haproxy-4.1.96.Final.jar;C:\Users\monst\.m2\repository\io\netty\netty-codec\4.1.96.Final\netty-codec-4.1.96.Final.jar;C:\Users\monst\.m2\repository\io\netty\netty-codec-http2\4.1.96.Final\netty-codec-http2-4.1.96.Final.jar;C:\Users\monst\.m2\repository\io\netty\netty-handler\4.1.96.Final\netty-handler-4.1.96.Final.jar;C:\Users\monst\.m2\repository\io\netty\netty-codec-http\4.1.96.Final\netty-codec-http-4.1.96.Final.jar;C:\Users\monst\.m2\repository\io\netty\netty-resolver-dns\4.1.96.Final\netty-resolver-dns-4.1.96.Final.jar;C:\Users\monst\.m2\repository\io\netty\netty-codec-dns\4.1.96.Final\netty-codec-dns-4.1.96.Final.jar;C:\Users\monst\.m2\repository\org\reactivestreams\reactive-streams\1.0.4\reactive-streams-1.0.4.jar;C:\Users\monst\.m2\repository\com\google\code\findbugs\jsr305\3.0.2\jsr305-3.0.2.jar;C:\Users\monst\.m2\repository\io\netty\netty-handler-proxy\4.1.96.Final\netty-handler-proxy-4.1.96.Final.jar;C:\Users\monst\.m2\repository\io\netty\netty-codec-socks\4.1.96.Final\netty-codec-socks-4.1.96.Final.jar;C:\Users\monst\.m2\repository\io\netty\netty-transport-native-unix-common\4.1.96.Final\netty-transport-native-unix-common-4.1.96.Final-linux-x86_64.jar;C:\Users\monst\.m2\repository\io\netty\netty-transport-native-epoll\4.1.96.Final\netty-transport-native-epoll-4.1.96.Final-linux-x86_64.jar;C:\Users\monst\.m2\repository\io\netty\netty-transport-native-unix-common\4.1.96.Final\netty-transport-native-unix-common-4.1.96.Final.jar;C:\Users\monst\.m2\repository\io\netty\netty-transport-classes-epoll\4.1.96.Final\netty-transport-classes-epoll-4.1.96.Final.jar;C:\Users\monst\.m2\repository\io\netty\netty-transport-native-unix-common\4.1.96.Final\netty-transport-native-unix-common-4.1.96.Final-linux-aarch_64.jar;C:\Users\monst\.m2\repository\io\netty\netty-transport-native-epoll\4.1.96.Final\netty-transport-native-epoll-4.1.96.Final-linux-aarch_64.jar;C:\Users\monst\.m2\repository\io\netty\netty-transport-native-unix-common\4.1.96.Final\netty-transport-native-unix-common-4.1.96.Final-osx-x86_64.jar;C:\Users\monst\.m2\repository\io\netty\netty-transport-native-kqueue\4.1.96.Final\netty-transport-native-kqueue-4.1.96.Final-osx-x86_64.jar;C:\Users\monst\.m2\repository\io\netty\netty-transport-classes-kqueue\4.1.96.Final\netty-transport-classes-kqueue-4.1.96.Final.jar;C:\Users\monst\.m2\repository\io\netty\netty-resolver-dns-native-macos\4.1.96.Final\netty-resolver-dns-native-macos-4.1.96.Final-osx-x86_64.jar;C:\Users\monst\.m2\repository\io\netty\netty-resolver-dns-classes-macos\4.1.96.Final\netty-resolver-dns-classes-macos-4.1.96.Final.jar;C:\Users\monst\.m2\repository\io\netty\netty-transport-native-unix-common\4.1.96.Final\netty-transport-native-unix-common-4.1.96.Final-osx-aarch_64.jar;C:\Users\monst\.m2\repository\io\netty\netty-transport-native-kqueue\4.1.96.Final\netty-transport-native-kqueue-4.1.96.Final-osx-aarch_64.jar;C:\Users\monst\.m2\repository\io\netty\netty-resolver-dns-native-macos\4.1.96.Final\netty-resolver-dns-native-macos-4.1.96.Final-osx-aarch_64.jar;C:\Users\monst\.m2\repository\io\netty\netty-tcnative-boringssl-static\2.0.61.Final\netty-tcnative-boringssl-static-2.0.61.Final-linux-x86_64.jar;C:\Users\monst\.m2\repository\io\netty\netty-tcnative-classes\2.0.61.Final\netty-tcnative-classes-2.0.61.Final.jar;C:\Users\monst\.m2\repository\io\netty\netty-tcnative-boringssl-static\2.0.61.Final\netty-tcnative-boringssl-static-2.0.61.Final-linux-aarch_64.jar;C:\Users\monst\.m2\repository\io\netty\netty-tcnative-boringssl-static\2.0.61.Final\netty-tcnative-boringssl-static-2.0.61.Final-osx-x86_64.jar;C:\Users\monst\.m2\repository\io\netty\netty-tcnative-boringssl-static\2.0.61.Final\netty-tcnative-boringssl-static-2.0.61.Final-osx-aarch_64.jar;C:\Users\monst\.m2\repository\io\netty\netty-tcnative-boringssl-static\2.0.61.Final\netty-tcnative-boringssl-static-2.0.61.Final-windows-x86_64.jar;C:\Users\monst\.m2\repository\com\aayushatharva\brotli4j\brotli4j\1.12.0\brotli4j-1.12.0.jar;C:\Users\monst\.m2\repository\com\aayushatharva\brotli4j\service\1.12.0\service-1.12.0.jar;C:\Users\monst\.m2\repository\com\aayushatharva\brotli4j\native-windows-x86_64\1.12.0\native-windows-x86_64-1.12.0.jar;C:\Users\monst\.m2\repository\org\apache\httpcomponents\httpclient\4.5.14\httpclient-4.5.14.jar;C:\Users\monst\.m2\repository\org\apache\httpcomponents\httpcore\4.4.16\httpcore-4.4.16.jar;C:\Users\monst\.m2\repository\ch\qos\logback\logback-classic\1.4.11\logback-classic-1.4.11.jar;C:\Users\monst\.m2\repository\ch\qos\logback\logback-core\1.4.11\logback-core-1.4.11.jar;C:\Users\monst\.m2\repository\org\slf4j\jcl-over-slf4j\2.0.9\jcl-over-slf4j-2.0.9.jar;C:\Users\monst\.m2\repository\org\antlr\antlr4-runtime\4.11.1\antlr4-runtime-4.11.1.jar;C:\Users\monst\.m2\repository\com\jayway\jsonpath\json-path\2.8.0\json-path-2.8.0.jar;C:\Users\monst\.m2\repository\net\minidev\json-smart\2.4.10\json-smart-2.4.10.jar;C:\Users\monst\.m2\repository\net\minidev\accessors-smart\2.4.9\accessors-smart-2.4.9.jar;C:\Users\monst\.m2\repository\org\ow2\asm\asm\9.3\asm-9.3.jar;C:\Users\monst\.m2\repository\org\yaml\snakeyaml\2.0\snakeyaml-2.0.jar;C:\Users\monst\.m2\repository\de\siegmar\fastcsv\2.2.1\fastcsv-2.2.1.jar;C:\Users\monst\.m2\repository\info\picocli\picocli\4.7.1\picocli-4.7.1.jar;C:\Users\monst\.m2\repository\io\github\classgraph\classgraph\4.8.160\classgraph-4.8.160.jar;C:\Users\monst\.m2\repository\io\github\t12y\resemble\1.0.2\resemble-1.0.2.jar;C:\Users\monst\.m2\repository\io\github\t12y\ssim\1.0.0\ssim-1.0.0.jar;C:\Users\monst\.m2\repository\org\junit\jupiter\junit-jupiter-api\5.9.3\junit-jupiter-api-5.9.3.jar;C:\Users\monst\.m2\repository\org\opentest4j\opentest4j\1.2.0\opentest4j-1.2.0.jar;C:\Users\monst\.m2\repository\org\junit\platform\junit-platform-commons\1.9.3\junit-platform-commons-1.9.3.jar;C:\Users\monst\.m2\repository\org\apiguardian\apiguardian-api\1.1.2\apiguardian-api-1.1.2.jar;C:\Users\monst\.m2\repository\org\junit\jupiter\junit-jupiter-engine\5.9.3\junit-jupiter-engine-5.9.3.jar;C:\Users\monst\.m2\repository\org\junit\platform\junit-platform-engine\1.9.3\junit-platform-engine-1.9.3.jar;C:\Users\monst\.m2\repository\org\apache\poi\poi\5.2.4\poi-5.2.4.jar;C:\Users\monst\.m2\repository\commons-codec\commons-codec\1.16.0\commons-codec-1.16.0.jar;C:\Users\monst\.m2\repository\org\apache\commons\commons-collections4\4.4\commons-collections4-4.4.jar;C:\Users\monst\.m2\repository\org\apache\commons\commons-math3\3.6.1\commons-math3-3.6.1.jar;C:\Users\monst\.m2\repository\commons-io\commons-io\2.13.0\commons-io-2.13.0.jar;C:\Users\monst\.m2\repository\com\zaxxer\SparseBitSet\1.3\SparseBitSet-1.3.jar;C:\Users\monst\.m2\repository\org\apache\logging\log4j\log4j-api\2.20.0\log4j-api-2.20.0.jar;C:\Users\monst\.m2\repository\org\apache\poi\poi-ooxml\5.2.4\poi-ooxml-5.2.4.jar;C:\Users\monst\.m2\repository\org\apache\poi\poi-ooxml-lite\5.2.4\poi-ooxml-lite-5.2.4.jar;C:\Users\monst\.m2\repository\org\apache\xmlbeans\xmlbeans\5.1.1\xmlbeans-5.1.1.jar;C:\Users\monst\.m2\repository\org\apache\commons\commons-compress\1.24.0\commons-compress-1.24.0.jar;C:\Users\monst\.m2\repository\com\github\virtuald\curvesapi\1.08\curvesapi-1.08.jar;"/>
    <property name="java.vm.vendor" value="Oracle Corporation"/>
    <property name="sun.arch.data.model" value="64"/>
    <property name="user.variant" value=""/>
    <property name="java.vendor.url" value="https://java.oracle.com/"/>
    <property name="user.timezone" value="Asia/Saigon"/>
    <property name="os.name" value="Windows 11"/>
    <property name="java.vm.specification.version" value="17"/>
    <property name="sun.java.launcher" value="SUN_STANDARD"/>
    <property name="user.country" value="US"/>
    <property name="sun.boot.library.path" value="C:\Program Files\Java\jdk-17\bin"/>
    <property name="sun.java.command" value="C:\Users\monst\AppData\Local\Temp\surefire4949991380613835147\surefirebooter-20250622111731463_3.jar C:\Users\monst\AppData\Local\Temp\surefire4949991380613835147 2025-06-22T11-17-31_043-jvmRun1 surefire-20250622111731463_1tmp surefire_0-20250622111731463_2tmp"/>
    <property name="jdk.debug" value="release"/>
    <property name="test" value="RegisterExcelTestRunner"/>
    <property name="surefire.test.class.path" value="C:\Users\monst\karate-tests\target\test-classes;C:\Users\monst\karate-tests\target\classes;C:\Users\monst\.m2\repository\com\intuit\karate\karate-junit5\1.4.1\karate-junit5-1.4.1.jar;C:\Users\monst\.m2\repository\com\intuit\karate\karate-core\1.4.1\karate-core-1.4.1.jar;C:\Users\monst\.m2\repository\org\graalvm\js\js-scriptengine\22.3.3\js-scriptengine-22.3.3.jar;C:\Users\monst\.m2\repository\org\graalvm\sdk\graal-sdk\22.3.3\graal-sdk-22.3.3.jar;C:\Users\monst\.m2\repository\org\graalvm\js\js\22.3.3\js-22.3.3.jar;C:\Users\monst\.m2\repository\org\graalvm\regex\regex\22.3.3\regex-22.3.3.jar;C:\Users\monst\.m2\repository\org\graalvm\truffle\truffle-api\22.3.3\truffle-api-22.3.3.jar;C:\Users\monst\.m2\repository\com\ibm\icu\icu4j\71.1\icu4j-71.1.jar;C:\Users\monst\.m2\repository\org\thymeleaf\thymeleaf\3.1.2.RELEASE\thymeleaf-3.1.2.RELEASE.jar;C:\Users\monst\.m2\repository\ognl\ognl\3.3.4\ognl-3.3.4.jar;C:\Users\monst\.m2\repository\org\javassist\javassist\3.29.0-GA\javassist-3.29.0-GA.jar;C:\Users\monst\.m2\repository\org\attoparser\attoparser\2.0.7.RELEASE\attoparser-2.0.7.RELEASE.jar;C:\Users\monst\.m2\repository\org\unbescape\unbescape\1.1.6.RELEASE\unbescape-1.1.6.RELEASE.jar;C:\Users\monst\.m2\repository\org\slf4j\slf4j-api\2.0.7\slf4j-api-2.0.7.jar;C:\Users\monst\.m2\repository\com\linecorp\armeria\armeria\1.25.2\armeria-1.25.2.jar;C:\Users\monst\.m2\repository\com\fasterxml\jackson\core\jackson-core\2.15.2\jackson-core-2.15.2.jar;C:\Users\monst\.m2\repository\com\fasterxml\jackson\core\jackson-annotations\2.15.2\jackson-annotations-2.15.2.jar;C:\Users\monst\.m2\repository\com\fasterxml\jackson\core\jackson-databind\2.15.2\jackson-databind-2.15.2.jar;C:\Users\monst\.m2\repository\com\fasterxml\jackson\datatype\jackson-datatype-jdk8\2.15.2\jackson-datatype-jdk8-2.15.2.jar;C:\Users\monst\.m2\repository\com\fasterxml\jackson\datatype\jackson-datatype-jsr310\2.15.2\jackson-datatype-jsr310-2.15.2.jar;C:\Users\monst\.m2\repository\io\micrometer\micrometer-core\1.11.3\micrometer-core-1.11.3.jar;C:\Users\monst\.m2\repository\io\micrometer\micrometer-commons\1.11.3\micrometer-commons-1.11.3.jar;C:\Users\monst\.m2\repository\io\micrometer\micrometer-observation\1.11.3\micrometer-observation-1.11.3.jar;C:\Users\monst\.m2\repository\org\hdrhistogram\HdrHistogram\2.1.12\HdrHistogram-2.1.12.jar;C:\Users\monst\.m2\repository\org\latencyutils\LatencyUtils\2.0.3\LatencyUtils-2.0.3.jar;C:\Users\monst\.m2\repository\io\netty\netty-transport\4.1.96.Final\netty-transport-4.1.96.Final.jar;C:\Users\monst\.m2\repository\io\netty\netty-common\4.1.96.Final\netty-common-4.1.96.Final.jar;C:\Users\monst\.m2\repository\io\netty\netty-buffer\4.1.96.Final\netty-buffer-4.1.96.Final.jar;C:\Users\monst\.m2\repository\io\netty\netty-resolver\4.1.96.Final\netty-resolver-4.1.96.Final.jar;C:\Users\monst\.m2\repository\io\netty\netty-codec-haproxy\4.1.96.Final\netty-codec-haproxy-4.1.96.Final.jar;C:\Users\monst\.m2\repository\io\netty\netty-codec\4.1.96.Final\netty-codec-4.1.96.Final.jar;C:\Users\monst\.m2\repository\io\netty\netty-codec-http2\4.1.96.Final\netty-codec-http2-4.1.96.Final.jar;C:\Users\monst\.m2\repository\io\netty\netty-handler\4.1.96.Final\netty-handler-4.1.96.Final.jar;C:\Users\monst\.m2\repository\io\netty\netty-codec-http\4.1.96.Final\netty-codec-http-4.1.96.Final.jar;C:\Users\monst\.m2\repository\io\netty\netty-resolver-dns\4.1.96.Final\netty-resolver-dns-4.1.96.Final.jar;C:\Users\monst\.m2\repository\io\netty\netty-codec-dns\4.1.96.Final\netty-codec-dns-4.1.96.Final.jar;C:\Users\monst\.m2\repository\org\reactivestreams\reactive-streams\1.0.4\reactive-streams-1.0.4.jar;C:\Users\monst\.m2\repository\com\google\code\findbugs\jsr305\3.0.2\jsr305-3.0.2.jar;C:\Users\monst\.m2\repository\io\netty\netty-handler-proxy\4.1.96.Final\netty-handler-proxy-4.1.96.Final.jar;C:\Users\monst\.m2\repository\io\netty\netty-codec-socks\4.1.96.Final\netty-codec-socks-4.1.96.Final.jar;C:\Users\monst\.m2\repository\io\netty\netty-transport-native-unix-common\4.1.96.Final\netty-transport-native-unix-common-4.1.96.Final-linux-x86_64.jar;C:\Users\monst\.m2\repository\io\netty\netty-transport-native-epoll\4.1.96.Final\netty-transport-native-epoll-4.1.96.Final-linux-x86_64.jar;C:\Users\monst\.m2\repository\io\netty\netty-transport-native-unix-common\4.1.96.Final\netty-transport-native-unix-common-4.1.96.Final.jar;C:\Users\monst\.m2\repository\io\netty\netty-transport-classes-epoll\4.1.96.Final\netty-transport-classes-epoll-4.1.96.Final.jar;C:\Users\monst\.m2\repository\io\netty\netty-transport-native-unix-common\4.1.96.Final\netty-transport-native-unix-common-4.1.96.Final-linux-aarch_64.jar;C:\Users\monst\.m2\repository\io\netty\netty-transport-native-epoll\4.1.96.Final\netty-transport-native-epoll-4.1.96.Final-linux-aarch_64.jar;C:\Users\monst\.m2\repository\io\netty\netty-transport-native-unix-common\4.1.96.Final\netty-transport-native-unix-common-4.1.96.Final-osx-x86_64.jar;C:\Users\monst\.m2\repository\io\netty\netty-transport-native-kqueue\4.1.96.Final\netty-transport-native-kqueue-4.1.96.Final-osx-x86_64.jar;C:\Users\monst\.m2\repository\io\netty\netty-transport-classes-kqueue\4.1.96.Final\netty-transport-classes-kqueue-4.1.96.Final.jar;C:\Users\monst\.m2\repository\io\netty\netty-resolver-dns-native-macos\4.1.96.Final\netty-resolver-dns-native-macos-4.1.96.Final-osx-x86_64.jar;C:\Users\monst\.m2\repository\io\netty\netty-resolver-dns-classes-macos\4.1.96.Final\netty-resolver-dns-classes-macos-4.1.96.Final.jar;C:\Users\monst\.m2\repository\io\netty\netty-transport-native-unix-common\4.1.96.Final\netty-transport-native-unix-common-4.1.96.Final-osx-aarch_64.jar;C:\Users\monst\.m2\repository\io\netty\netty-transport-native-kqueue\4.1.96.Final\netty-transport-native-kqueue-4.1.96.Final-osx-aarch_64.jar;C:\Users\monst\.m2\repository\io\netty\netty-resolver-dns-native-macos\4.1.96.Final\netty-resolver-dns-native-macos-4.1.96.Final-osx-aarch_64.jar;C:\Users\monst\.m2\repository\io\netty\netty-tcnative-boringssl-static\2.0.61.Final\netty-tcnative-boringssl-static-2.0.61.Final-linux-x86_64.jar;C:\Users\monst\.m2\repository\io\netty\netty-tcnative-classes\2.0.61.Final\netty-tcnative-classes-2.0.61.Final.jar;C:\Users\monst\.m2\repository\io\netty\netty-tcnative-boringssl-static\2.0.61.Final\netty-tcnative-boringssl-static-2.0.61.Final-linux-aarch_64.jar;C:\Users\monst\.m2\repository\io\netty\netty-tcnative-boringssl-static\2.0.61.Final\netty-tcnative-boringssl-static-2.0.61.Final-osx-x86_64.jar;C:\Users\monst\.m2\repository\io\netty\netty-tcnative-boringssl-static\2.0.61.Final\netty-tcnative-boringssl-static-2.0.61.Final-osx-aarch_64.jar;C:\Users\monst\.m2\repository\io\netty\netty-tcnative-boringssl-static\2.0.61.Final\netty-tcnative-boringssl-static-2.0.61.Final-windows-x86_64.jar;C:\Users\monst\.m2\repository\com\aayushatharva\brotli4j\brotli4j\1.12.0\brotli4j-1.12.0.jar;C:\Users\monst\.m2\repository\com\aayushatharva\brotli4j\service\1.12.0\service-1.12.0.jar;C:\Users\monst\.m2\repository\com\aayushatharva\brotli4j\native-windows-x86_64\1.12.0\native-windows-x86_64-1.12.0.jar;C:\Users\monst\.m2\repository\org\apache\httpcomponents\httpclient\4.5.14\httpclient-4.5.14.jar;C:\Users\monst\.m2\repository\org\apache\httpcomponents\httpcore\4.4.16\httpcore-4.4.16.jar;C:\Users\monst\.m2\repository\ch\qos\logback\logback-classic\1.4.11\logback-classic-1.4.11.jar;C:\Users\monst\.m2\repository\ch\qos\logback\logback-core\1.4.11\logback-core-1.4.11.jar;C:\Users\monst\.m2\repository\org\slf4j\jcl-over-slf4j\2.0.9\jcl-over-slf4j-2.0.9.jar;C:\Users\monst\.m2\repository\org\antlr\antlr4-runtime\4.11.1\antlr4-runtime-4.11.1.jar;C:\Users\monst\.m2\repository\com\jayway\jsonpath\json-path\2.8.0\json-path-2.8.0.jar;C:\Users\monst\.m2\repository\net\minidev\json-smart\2.4.10\json-smart-2.4.10.jar;C:\Users\monst\.m2\repository\net\minidev\accessors-smart\2.4.9\accessors-smart-2.4.9.jar;C:\Users\monst\.m2\repository\org\ow2\asm\asm\9.3\asm-9.3.jar;C:\Users\monst\.m2\repository\org\yaml\snakeyaml\2.0\snakeyaml-2.0.jar;C:\Users\monst\.m2\repository\de\siegmar\fastcsv\2.2.1\fastcsv-2.2.1.jar;C:\Users\monst\.m2\repository\info\picocli\picocli\4.7.1\picocli-4.7.1.jar;C:\Users\monst\.m2\repository\io\github\classgraph\classgraph\4.8.160\classgraph-4.8.160.jar;C:\Users\monst\.m2\repository\io\github\t12y\resemble\1.0.2\resemble-1.0.2.jar;C:\Users\monst\.m2\repository\io\github\t12y\ssim\1.0.0\ssim-1.0.0.jar;C:\Users\monst\.m2\repository\org\junit\jupiter\junit-jupiter-api\5.9.3\junit-jupiter-api-5.9.3.jar;C:\Users\monst\.m2\repository\org\opentest4j\opentest4j\1.2.0\opentest4j-1.2.0.jar;C:\Users\monst\.m2\repository\org\junit\platform\junit-platform-commons\1.9.3\junit-platform-commons-1.9.3.jar;C:\Users\monst\.m2\repository\org\apiguardian\apiguardian-api\1.1.2\apiguardian-api-1.1.2.jar;C:\Users\monst\.m2\repository\org\junit\jupiter\junit-jupiter-engine\5.9.3\junit-jupiter-engine-5.9.3.jar;C:\Users\monst\.m2\repository\org\junit\platform\junit-platform-engine\1.9.3\junit-platform-engine-1.9.3.jar;C:\Users\monst\.m2\repository\org\apache\poi\poi\5.2.4\poi-5.2.4.jar;C:\Users\monst\.m2\repository\commons-codec\commons-codec\1.16.0\commons-codec-1.16.0.jar;C:\Users\monst\.m2\repository\org\apache\commons\commons-collections4\4.4\commons-collections4-4.4.jar;C:\Users\monst\.m2\repository\org\apache\commons\commons-math3\3.6.1\commons-math3-3.6.1.jar;C:\Users\monst\.m2\repository\commons-io\commons-io\2.13.0\commons-io-2.13.0.jar;C:\Users\monst\.m2\repository\com\zaxxer\SparseBitSet\1.3\SparseBitSet-1.3.jar;C:\Users\monst\.m2\repository\org\apache\logging\log4j\log4j-api\2.20.0\log4j-api-2.20.0.jar;C:\Users\monst\.m2\repository\org\apache\poi\poi-ooxml\5.2.4\poi-ooxml-5.2.4.jar;C:\Users\monst\.m2\repository\org\apache\poi\poi-ooxml-lite\5.2.4\poi-ooxml-lite-5.2.4.jar;C:\Users\monst\.m2\repository\org\apache\xmlbeans\xmlbeans\5.1.1\xmlbeans-5.1.1.jar;C:\Users\monst\.m2\repository\org\apache\commons\commons-compress\1.24.0\commons-compress-1.24.0.jar;C:\Users\monst\.m2\repository\com\github\virtuald\curvesapi\1.08\curvesapi-1.08.jar;"/>
    <property name="sun.cpu.endian" value="little"/>
    <property name="user.home" value="C:\Users\monst"/>
    <property name="user.language" value="en"/>
    <property name="java.specification.vendor" value="Oracle Corporation"/>
    <property name="java.version.date" value="2023-10-17"/>
    <property name="java.home" value="C:\Program Files\Java\jdk-17"/>
    <property name="file.separator" value="\"/>
    <property name="basedir" value="C:\Users\monst\karate-tests"/>
    <property name="java.vm.compressedOopsMode" value="Zero based"/>
    <property name="line.separator" value="&#10;"/>
    <property name="java.vm.specification.vendor" value="Oracle Corporation"/>
    <property name="java.specification.name" value="Java Platform API Specification"/>
    <property name="surefire.real.class.path" value="C:\Users\monst\AppData\Local\Temp\surefire4949991380613835147\surefirebooter-20250622111731463_3.jar"/>
    <property name="user.script" value=""/>
    <property name="sun.management.compiler" value="HotSpot 64-Bit Tiered Compilers"/>
    <property name="java.runtime.version" value="17.0.9+11-LTS-201"/>
    <property name="user.name" value="monst"/>
    <property name="path.separator" value=";"/>
    <property name="os.version" value="10.0"/>
    <property name="java.runtime.name" value="Java(TM) SE Runtime Environment"/>
    <property name="file.encoding" value="Cp1252"/>
    <property name="java.vm.name" value="Java HotSpot(TM) 64-Bit Server VM"/>
    <property name="localRepository" value="C:\Users\monst\.m2\repository"/>
    <property name="java.vendor.url.bug" value="https://bugreport.java.com/bugreport/"/>
    <property name="java.io.tmpdir" value="C:\Users\monst\AppData\Local\Temp\"/>
    <property name="java.version" value="17.0.9"/>
    <property name="user.dir" value="C:\Users\monst\karate-tests"/>
    <property name="os.arch" value="amd64"/>
    <property name="java.vm.specification.name" value="Java Virtual Machine Specification"/>
    <property name="sun.os.patch.level" value=""/>
    <property name="native.encoding" value="Cp1252"/>
    <property name="java.library.path" value="C:\Program Files\Java\jdk-17\bin;C:\WINDOWS\Sun\Java\bin;C:\WINDOWS\system32;C:\WINDOWS;C:\Users\monst\bin;C:\Program Files\Git\mingw64\bin;C:\Program Files\Git\usr\local\bin;C:\Program Files\Git\usr\bin;C:\Program Files\Git\usr\bin;C:\Program Files\Git\mingw64\bin;C:\Program Files\Git\usr\bin;C:\Users\monst\bin;C:\Program Files\Eclipse Adoptium\jdk-17.0.12.7-hotspot\bin;C:\Program Files\Common Files\Oracle\Java\javapath;C:\Program Files (x86)\VMware\VMware Workstation\bin;C:\Windows\system32;C:\Windows;C:\Windows\System32\Wbem;C:\Windows\System32\WindowsPowerShell\v1.0;C:\Windows\System32\OpenSSH;C:\Program Files (x86)\NVIDIA Corporation\PhysX\Common;C:\Program Files\NVIDIA Corporation\NVIDIA NvDLISR;C:\WINDOWS\system32;C:\WINDOWS;C:\WINDOWS\System32\Wbem;C:\WINDOWS\System32\WindowsPowerShell\v1.0;C:\WINDOWS\System32\OpenSSH;C:\Program Files\Azure Data Studio\bin;C:\Program Files (x86)\Microsoft SQL Server\160\Tools\Binn;C:\Program Files\Microsoft SQL Server\160\Tools\Binn;C:\Program Files\Microsoft SQL Server\Client SDK\ODBC\170\Tools\Binn;C:\Program Files\Microsoft SQL Server\160\DTS\Binn;C:\Program Files (x86)\Microsoft SQL Server\160\DTS\Binn;C:\ProgramData\chocolatey\bin;C:\Program Files\Docker\Docker\resources\bin;C:\Program Files\nodejs;C:\Program Files\MySQL\MySQL Server 8.0\bin;C:\Program Files\Git\cmd;C:\Program Files (x86)\Windows Kits\10\Windows Performance Toolkit;C:\Program Files\dotnet;C:\Program Files\Microsoft SQL Server\150\Tools\Binn;C:\Program Files\Apache\apache-maven-3.9.9\bin;C:\Users\monst\AppData\Local\Android\Sdk\platform-tools;C:\Program Files\Cloudflare\Cloudflare WARP;C:\Users\monst\AppData\Local\Programs\Python\Python313\Scripts;C:\dev\flutter\bin;C:\Users\monst\.dotnet\tools;C:\Users\monst\AppData\Local\Programs\Microsoft VS Code\bin;C:\Users\monst\AppData\Local\Programs\Python\Python313;C:\Users\monst\AppData\Local\Programs\cursor\resources\app\bin;C:\Users\monst\AppData\Roaming\npm;C:\Program Files\Git\usr\bin\vendor_perl;C:\Program Files\Git\usr\bin\core_perl;."/>
    <property name="java.vm.info" value="mixed mode, sharing"/>
    <property name="java.vendor" value="Oracle Corporation"/>
    <property name="java.vm.version" value="17.0.9+11-LTS-201"/>
    <property name="sun.io.unicode.encoding" value="UnicodeLittle"/>
    <property name="java.class.version" value="61.0"/>
  </properties>
  <testcase name="[1:13] Chạy tất cả test cases từ Excel Register sheet" classname="features/auth/register-excel" time="5.659">
    <system-out><![CDATA[11:17:32.639 [main] DEBUG com.intuit.karate.Suite -- [config] classpath:karate-config.js
11:17:33.468 [main] INFO com.intuit.karate -- karate.env system property was: null 
11:17:34.255 [main] INFO com.intuit.karate -- Headers found: [
  "email",
  "password",
  "name",
  "username",
  "phoneNumber",
  "expectedStatus",
  "expectedResult",
  "testDescription",
  "responseStatus",
  "result",
  "testStatus",
  "failureReason"
]
 
11:17:34.389 [main] INFO com.intuit.karate -- Read data from Excel: [
  {
    "email": "testernoo3@example.com",
    "password": "Password123",
    "name": "John Doetesternoo3",
    "username": "johndoetestnoo3",
    "phoneNumber": "0987654209",
    "expectedStatus": 201.0,
    "expectedResult": "{\"message\": \"User registered successfully\"}",
    "testDescription": "TC1: ??ng ký h?p l? - S? ?i?n tho?i 10 ch? s?",
    "responseStatus": "201",
    "result": "{\"access_token\":\"eyJhbGciOiJIUzI1NiIsInR5cCI6IkpXVCJ9.eyJzdWIiOiI2MjI5MTVkNS02YTEwLTQxNzktOGE4NS1lMzMzYmY1NTcxOGUiLCJ1c2VybmFtZSI6ImpvaG5kb2V0ZXN0bm9vMSIsInJvbGUiOjAsImlhdCI6MTc1MDU2NTM2NywiZXhwIjoxNzUwNTY4OTY3fQ.P0IO3dALFqdpeykqfxHMw3EKU98fiugLk2w-MowQSzg\",\"refresh_token\":\"3f928b8d43a6966ef3169126b37ed242b534aa39eccec925d659b6bfe29d089f\",\"user\":{\"id\":\"622915d5-6a10-4179-8a85-e333bf55718e\",\"email\":\"testernoo1@example.com\",\"username\":\"johndoetestnoo1\",\"name\":\"John Doetesternoo1\",\"phoneNumber\":\"0987654208\",\"profilePic\":null,\"bio\":null,\"address\":null,\"private\":false,\"verified\":false,\"role\":0,\"createdAt\":\"2025-06-22T04:09:27.764Z\"}}",
    "testStatus": "PASS",
    "failureReason": "Expected success response but got: {\"access_token\":\"eyJhbGciOiJIUzI1NiIsInR5cCI6IkpXVCJ9.eyJzdWIiOiIwNDdiMTdhNC0xZThhLTQxNjAtYmI4YS1kYjA1YTk0YTMwY2IiLCJ1c2VybmFtZSI6ImpvaG5kb2V0ZXN0bm8xIiwicm9sZSI6MCwiaWF0IjoxNzUwNTY0ODQwLCJleHAiOjE3NTA1Njg0NDB9.HJlT8okjbZN5UEu7-WlMkUEaOnYclw8lLBwEP7DbV_0\",\"refresh_token\":\"b9444574040bfa3174e4d162b7a08f6ccd3e85df239b71049337021d374b2dbf\",\"user\":{\"id\":\"047b17a4-1e8a-4160-bb8a-db05a94a30cb\",\"email\":\"testerno1@example.com\",\"username\":\"johndoetestno1\",\"name\":\"John Doetesterno1\",\"phoneNumber\":\"0987654207\",\"profilePic\":null,\"bio\":null,\"address\":null,\"private\":false,\"verified\":false,\"role\":0,\"createdAt\":\"2025-06-22T04:00:40.803Z\"}}"
  },
  {
    "email": "testernoo2@example.com",
    "password": "Password123",
    "name": "Jane Smithtestno1",
    "username": "janesmithtesstnoo1",
    "phoneNumber": "01234567205",
    "expectedStatus": 201.0,
    "expectedResult": "{\"message\": \"User registered successfully\"}",
    "testDescription": "TC2: ??ng ký h?p l? - S? ?i?n tho?i 11 ch? s?",
    "responseStatus": "409",
    "result": "{\"success\":false,\"statusCode\":409,\"message\":\"Email ho?c tên ??ng nh?p ?ã t?n t?i\",\"path\":\"/auth/register\",\"timestamp\":\"2025-06-22T04:09:27.928Z\"}",
    "testStatus": "FAIL",
    "failureReason": "Status mismatch - Expected: 201, Actual: 409"
  },
  {
    "email": "",
    "password": "Password123",
    "name": "John Doe",
    "username": "johndoe3",
    "phoneNumber": "0987654321",
    "expectedStatus": 400.0,
    "expectedResult": "{\"error\": \"Email is required\"}",
    "testDescription": "TC3: Thi?u tr??ng email - Ki?m tra khi thi?u email",
    "responseStatus": "400",
    "result": "{\"success\":false,\"statusCode\":400,\"message\":\"D? li?u không h?p l?\",\"path\":\"/auth/register\",\"timestamp\":\"2025-06-22T04:09:27.951Z\"}",
    "testStatus": "PASS",
    "failureReason": "Expected error response but got: {\"success\":false,\"statusCode\":400,\"message\":\"D? li?u không h?p l?\",\"path\":\"/auth/register\",\"timestamp\":\"2025-06-22T04:00:41.220Z\"}"
  },
  {
    "email": "test4@example.com",
    "password": "",
    "name": "John Doe",
    "username": "johndoe4",
    "phoneNumber": "0987654321",
    "expectedStatus": 400.0,
    "expectedResult": "{\"error\": \"Password is required\"}",
    "testDescription": "TC4: Thi?u tr??ng password - Ki?m tra khi thi?u password",
    "responseStatus": "400",
    "result": "{\"success\":false,\"statusCode\":400,\"message\":\"D? li?u không h?p l?\",\"path\":\"/auth/register\",\"timestamp\":\"2025-06-22T04:09:27.975Z\"}",
    "testStatus": "PASS",
    "failureReason": "Expected error response but got: {\"success\":false,\"statusCode\":400,\"message\":\"D? li?u không h?p l?\",\"path\":\"/auth/register\",\"timestamp\":\"2025-06-22T04:00:41.241Z\"}"
  },
  {
    "email": "test5@example.com",
    "password": "Password123",
    "name": "",
    "username": "johndoe5",
    "phoneNumber": "0987654321",
    "expectedStatus": 400.0,
    "expectedResult": "{\"error\": \"Name is required\"}",
    "testDescription": "TC5: Thi?u tr??ng name - Ki?m tra khi thi?u name",
    "responseStatus": "400",
    "result": "{\"success\":false,\"statusCode\":400,\"message\":\"D? li?u không h?p l?\",\"path\":\"/auth/register\",\"timestamp\":\"2025-06-22T04:09:27.995Z\"}",
    "testStatus": "PASS",
    "failureReason": "Expected error response but got: {\"success\":false,\"statusCode\":400,\"message\":\"D? li?u không h?p l?\",\"path\":\"/auth/register\",\"timestamp\":\"2025-06-22T04:00:41.261Z\"}"
  },
  {
    "email": "test6@example.com",
    "password": "Password123",
    "name": "John Doe",
    "username": "",
    "phoneNumber": "0987654321",
    "expectedStatus": 400.0,
    "expectedResult": "{\"error\": \"Username is required\"}",
    "testDescription": "TC6: Thi?u tr??ng username - Ki?m tra khi thi?u username",
    "responseStatus": "400",
    "result": "{\"success\":false,\"statusCode\":400,\"message\":\"D? li?u không h?p l?\",\"path\":\"/auth/register\",\"timestamp\":\"2025-06-22T04:09:28.032Z\"}",
    "testStatus": "PASS",
    "failureReason": "Expected error response but got: {\"success\":false,\"statusCode\":400,\"message\":\"D? li?u không h?p l?\",\"path\":\"/auth/register\",\"timestamp\":\"2025-06-22T04:00:41.280Z\"}"
  },
  {
    "email": "test7@example.com",
    "password": "Password123",
    "name": "John Doe",
    "username": "johndoe7",
    "phoneNumber": "",
    "expectedStatus": 400.0,
    "expectedResult": "{\"error\": \"S? ?i?n tho?i không ???c ?? tr?ng\"}",
    "testDescription": "TC7: Thi?u tr??ng phoneNumber - Ki?m tra khi thi?u s? ?i?n tho?i",
    "responseStatus": "400",
    "result": "{\"success\":false,\"statusCode\":400,\"message\":\"D? li?u không h?p l?\",\"path\":\"/auth/register\",\"timestamp\":\"2025-06-22T04:09:28.080Z\"}",
    "testStatus": "PASS",
    "failureReason": "Expected error response but got: {\"success\":false,\"statusCode\":400,\"message\":\"D? li?u không h?p l?\",\"path\":\"/auth/register\",\"timestamp\":\"2025-06-22T04:00:41.315Z\"}"
  },
  {
    "email": "invalid_email",
    "password": "Password123",
    "name": "John Doe",
    "username": "johndoe8",
    "phoneNumber": "0987654321",
    "expectedStatus": 400.0,
    "expectedResult": "{\"error\": \"Invalid email format\"}",
    "testDescription": "TC8: Email không h?p l? - Ki?m tra v?i email không ?úng ??nh d?ng",
    "responseStatus": "400",
    "result": "{\"success\":false,\"statusCode\":400,\"message\":\"D? li?u không h?p l?\",\"path\":\"/auth/register\",\"timestamp\":\"2025-06-22T04:09:28.111Z\"}",
    "testStatus": "PASS",
    "failureReason": "Expected error response but got: {\"success\":false,\"statusCode\":400,\"message\":\"D? li?u không h?p l?\",\"path\":\"/auth/register\",\"timestamp\":\"2025-06-22T04:00:41.347Z\"}"
  },
  {
    "email": "testernoo9@example.com",
    "password": "12345",
    "name": "John Doe",
    "username": "johndoenoo9",
    "phoneNumber": "0987654478",
    "expectedStatus": 400.0,
    "expectedResult": "{\"error\": \"Password must be at least 6 characters\"}",
    "testDescription": "TC9: Password quá ng?n - Ki?m tra khi password d??i 6 ký t?",
    "responseStatus": "409",
    "result": "{\"success\":false,\"statusCode\":409,\"message\":\"Email ho?c tên ??ng nh?p ?ã t?n t?i\",\"path\":\"/auth/register\",\"timestamp\":\"2025-06-22T04:09:28.161Z\"}",
    "testStatus": "FAIL",
    "failureReason": "Status mismatch - Expected: 400, Actual: 409"
  },
  {
    "email": "testernoo10@example.com",
    "password": "Password123",
    "name": "John Doe",
    "username": "johndoetestno1",
    "phoneNumber": "0123456784",
    "expectedStatus": 409.0,
    "expectedResult": "{\"error\": \"Username already exists\"}",
    "testDescription": "TC10: Username ?ã t?n t?i - Ki?m tra khi username ?ã ???c s? d?ng",
    "responseStatus": "409",
    "result": "{\"success\":false,\"statusCode\":409,\"message\":\"Email ho?c tên ??ng nh?p ?ã t?n t?i\",\"path\":\"/auth/register\",\"timestamp\":\"2025-06-22T04:09:28.208Z\"}",
    "testStatus": "PASS",
    "failureReason": "Expected error response but got: {\"success\":false,\"statusCode\":409,\"message\":\"Email ho?c tên ??ng nh?p ?ã t?n t?i\",\"path\":\"/auth/register\",\"timestamp\":\"2025-06-22T04:00:41.701Z\"}"
  },
  {
    "email": "testerno1@example.com",
    "password": "Password123",
    "name": "John Doe",
    "username": "newuserno11",
    "phoneNumber": "0123456712",
    "expectedStatus": 409.0,
    "expectedResult": "{\"error\": \"Email already exists\"}",
    "testDescription": "TC11: Email ?ã t?n t?i - Ki?m tra khi email ?ã ???c s? d?ng",
    "responseStatus": "409",
    "result": "{\"success\":false,\"statusCode\":409,\"message\":\"Email ho?c tên ??ng nh?p ?ã t?n t?i\",\"path\":\"/auth/register\",\"timestamp\":\"2025-06-22T04:09:28.282Z\"}",
    "testStatus": "PASS",
    "failureReason": "Expected error response but got: {\"success\":false,\"statusCode\":409,\"message\":\"Email ho?c tên ??ng nh?p ?ã t?n t?i\",\"path\":\"/auth/register\",\"timestamp\":\"2025-06-22T04:00:41.775Z\"}"
  },
  {
    "email": "test12@example.com",
    "password": "Password123",
    "name": "John Doe",
    "username": "newuser12",
    "phoneNumber": "0987654207",
    "expectedStatus": 409.0,
    "expectedResult": "{\"error\": \"Phone number already exists\"}",
    "testDescription": "TC12: S? ?i?n tho?i ?ã t?n t?i - Ki?m tra khi s? ?i?n tho?i ?ã ???c s? d?ng",
    "responseStatus": "409",
    "result": "{\"success\":false,\"statusCode\":409,\"message\":\"Email ho?c tên ??ng nh?p ?ã t?n t?i\",\"path\":\"/auth/register\",\"timestamp\":\"2025-06-22T04:09:28.345Z\"}",
    "testStatus": "PASS",
    "failureReason": "Expected error response but got: {\"success\":false,\"statusCode\":409,\"message\":\"Email ho?c tên ??ng nh?p ?ã t?n t?i\",\"path\":\"/auth/register\",\"timestamp\":\"2025-06-22T04:00:41.839Z\"}"
  },
  {
    "email": "test13@example.com",
    "password": "Password123",
    "name": "John Doe",
    "username": "johndoe13",
    "phoneNumber": "098765432",
    "expectedStatus": 400.0,
    "expectedResult": "{\"error\": \"S? ?i?n tho?i ph?i có 10 ho?c 11 ch? s?\"}",
    "testDescription": "TC13: S? ?i?n tho?i quá ng?n - Ki?m tra khi s? ?i?n tho?i có 9 ch? s?",
    "responseStatus": "400",
    "result": "{\"success\":false,\"statusCode\":400,\"message\":\"D? li?u không h?p l?\",\"path\":\"/auth/register\",\"timestamp\":\"2025-06-22T04:09:28.364Z\"}",
    "testStatus": "PASS",
    "failureReason": "Expected error response but got: {\"success\":false,\"statusCode\":400,\"message\":\"D? li?u không h?p l?\",\"path\":\"/auth/register\",\"timestamp\":\"2025-06-22T04:00:41.863Z\"}"
  },
  {
    "email": "test14@example.com",
    "password": "Password123",
    "name": "John Doe",
    "username": "johndoe14",
    "phoneNumber": "098765432123",
    "expectedStatus": 400.0,
    "expectedResult": "{\"error\": \"S? ?i?n tho?i ph?i có 10 ho?c 11 ch? s?\"}",
    "testDescription": "TC14: S? ?i?n tho?i quá dài - Ki?m tra khi s? ?i?n tho?i có 12 ch? s?",
    "responseStatus": "400",
    "result": "{\"success\":false,\"statusCode\":400,\"message\":\"D? li?u không h?p l?\",\"path\":\"/auth/register\",\"timestamp\":\"2025-06-22T04:09:28.381Z\"}",
    "testStatus": "PASS",
    "failureReason": "Expected error response but got: {\"success\":false,\"statusCode\":400,\"message\":\"D? li?u không h?p l?\",\"path\":\"/auth/register\",\"timestamp\":\"2025-06-22T04:00:41.882Z\"}"
  },
  {
    "email": "test15@example.com",
    "password": "Password123",
    "name": "John Doe",
    "username": "johndoe15",
    "phoneNumber": "098765432a",
    "expectedStatus": 400.0,
    "expectedResult": "{\"error\": \"S? ?i?n tho?i ph?i có 10 ho?c 11 ch? s?\"}",
    "testDescription": "TC15: S? ?i?n tho?i ch?a ký t? - Ki?m tra khi s? ?i?n tho?i ch?a ch? cái",
    "responseStatus": "400",
    "result": "{\"success\":false,\"statusCode\":400,\"message\":\"D? li?u không h?p l?\",\"path\":\"/auth/register\",\"timestamp\":\"2025-06-22T04:09:28.404Z\"}",
    "testStatus": "PASS",
    "failureReason": "Expected error response but got: {\"success\":false,\"statusCode\":400,\"message\":\"D? li?u không h?p l?\",\"path\":\"/auth/register\",\"timestamp\":\"2025-06-22T04:00:41.900Z\"}"
  },
  {
    "email": "test16@example.com",
    "password": "Password123",
    "name": "John Doe",
    "username": "johndoe16",
    "phoneNumber": "0987-654-321",
    "expectedStatus": 400.0,
    "expectedResult": "{\"error\": \"S? ?i?n tho?i ph?i có 10 ho?c 11 ch? s?\"}",
    "testDescription": "TC16: S? ?i?n tho?i ch?a ký t? ??c bi?t - Ki?m tra khi có d?u g?ch ngang",
    "responseStatus": "400",
    "result": "{\"success\":false,\"statusCode\":400,\"message\":\"D? li?u không h?p l?\",\"path\":\"/auth/register\",\"timestamp\":\"2025-06-22T04:09:28.440Z\"}",
    "testStatus": "PASS",
    "failureReason": "Expected error response but got: {\"success\":false,\"statusCode\":400,\"message\":\"D? li?u không h?p l?\",\"path\":\"/auth/register\",\"timestamp\":\"2025-06-22T04:00:41.922Z\"}"
  },
  {
    "email": "test17@example.com",
    "password": "Password123",
    "name": "John Doe",
    "username": "johndoe17",
    "phoneNumber": "0987 654 321",
    "expectedStatus": 400.0,
    "expectedResult": "{\"error\": \"S? ?i?n tho?i ph?i có 10 ho?c 11 ch? s?\"}",
    "testDescription": "TC17: S? ?i?n tho?i ch?a kho?ng tr?ng - Ki?m tra khi có space",
    "responseStatus": "400",
    "result": "{\"success\":false,\"statusCode\":400,\"message\":\"D? li?u không h?p l?\",\"path\":\"/auth/register\",\"timestamp\":\"2025-06-22T04:09:28.466Z\"}",
    "testStatus": "PASS",
    "failureReason": "Expected error response but got: {\"success\":false,\"statusCode\":400,\"message\":\"D? li?u không h?p l?\",\"path\":\"/auth/register\",\"timestamp\":\"2025-06-22T04:00:41.944Z\"}"
  },
  {
    "email": "test18@example.com",
    "password": "Password123",
    "name": "John Doe",
    "username": "johndoe18",
    "phoneNumber": "+84987654321",
    "expectedStatus": 400.0,
    "expectedResult": "{\"error\": \"S? ?i?n tho?i ph?i có 10 ho?c 11 ch? s?\"}",
    "testDescription": "TC18: S? ?i?n tho?i có mã qu?c gia - Ki?m tra khi có d?u + và mã qu?c gia",
    "responseStatus": "400",
    "result": "{\"success\":false,\"statusCode\":400,\"message\":\"D? li?u không h?p l?\",\"path\":\"/auth/register\",\"timestamp\":\"2025-06-22T04:09:28.480Z\"}",
    "testStatus": "PASS",
    "failureReason": "Expected error response but got: {\"success\":false,\"statusCode\":400,\"message\":\"D? li?u không h?p l?\",\"path\":\"/auth/register\",\"timestamp\":\"2025-06-22T04:00:41.967Z\"}"
  },
  {
    "email": "",
    "password": "",
    "name": "",
    "username": "",
    "phoneNumber": "",
    "expectedStatus": 400.0,
    "expectedResult": "{\"error\": \"All fields are required\"}",
    "testDescription": "TC19: T?t c? các tr??ng r?ng - Ki?m tra khi t?t c? các tr??ng ?? tr?ng",
    "responseStatus": "400",
    "result": "{\"success\":false,\"statusCode\":400,\"message\":\"D? li?u không h?p l?\",\"path\":\"/auth/register\",\"timestamp\":\"2025-06-22T04:09:28.496Z\"}",
    "testStatus": "PASS",
    "failureReason": "Expected error response but got: {\"success\":false,\"statusCode\":400,\"message\":\"D? li?u không h?p l?\",\"path\":\"/auth/register\",\"timestamp\":\"2025-06-22T04:00:41.989Z\"}"
  },
  {
    "email": "testernoo20@example.com",
    "password": "Password123",
    "name": "John Doe221",
    "username": "john@doe2221",
    "phoneNumber": "0987654458",
    "expectedStatus": 400.0,
    "expectedResult": "{\"error\": \"Username contains invalid characters\"}",
    "testDescription": "TC20: Username ch?a ký t? ??c bi?t - Ki?m tra khi username ch?a ký t? không cho phép",
    "responseStatus": "409",
    "result": "{\"success\":false,\"statusCode\":409,\"message\":\"Email ho?c tên ??ng nh?p ?ã t?n t?i\",\"path\":\"/auth/register\",\"timestamp\":\"2025-06-22T04:09:28.543Z\"}",
    "testStatus": "FAIL",
    "failureReason": "Status mismatch - Expected: 400, Actual: 409"
  },
  {
    "email": "testernoo21@example.com",
    "password": "password",
    "name": "John Doe123",
    "username": "johndoe123as",
    "phoneNumber": "0987123986",
    "expectedStatus": 400.0,
    "expectedResult": "{\"error\": \"Password must contain at least one number\"}",
    "testDescription": "TC21: Password không ch?a s? - Ki?m tra khi password không ?áp ?ng yêu c?u ph?c t?p",
    "responseStatus": "409",
    "result": "{\"success\":false,\"statusCode\":409,\"message\":\"Email ho?c tên ??ng nh?p ?ã t?n t?i\",\"path\":\"/auth/register\",\"timestamp\":\"2025-06-22T04:09:28.590Z\"}",
    "testStatus": "FAIL",
    "failureReason": "Status mismatch - Expected: 400, Actual: 409"
  },
  {
    "email": "testernoo22@example.com",
    "password": "Password123",
    "name": "This is a very l13ong12 name that exceeds the maximum length of fifty characters allowed in the system",
    "username": "johndoe2233",
    "phoneNumber": "0987654888",
    "expectedStatus": 400.0,
    "expectedResult": "{\"error\": \"Name exceeds maximum length\"}",
    "testDescription": "TC22: Name quá dài - Ki?m tra khi name v??t quá gi?i h?n ký t? (50 ký t?)",
    "responseStatus": "409",
    "result": "{\"success\":false,\"statusCode\":409,\"message\":\"Email ho?c tên ??ng nh?p ?ã t?n t?i\",\"path\":\"/auth/register\",\"timestamp\":\"2025-06-22T04:09:28.631Z\"}",
    "testStatus": "FAIL",
    "failureReason": "Status mismatch - Expected: 400, Actual: 409"
  },
  {
    "email": "testernoo23@example.com",
    "password": "Password123",
    "name": "John Doeno23",
    "username": "johndoed12' OR '1'='1",
    "phoneNumber": "0987654155",
    "expectedStatus": 400.0,
    "expectedResult": "{\"error\": \"Invalid input\"}",
    "testDescription": "TC23: Ki?m tra SQL Injection - Ki?m tra khi nh?p d? li?u nguy hi?m",
    "responseStatus": "409",
    "result": "{\"success\":false,\"statusCode\":409,\"message\":\"Email ho?c tên ??ng nh?p ?ã t?n t?i\",\"path\":\"/auth/register\",\"timestamp\":\"2025-06-22T04:09:28.677Z\"}",
    "testStatus": "FAIL",
    "failureReason": "Status mismatch - Expected: 400, Actual: 409"
  },
  {
    "email": "testernoo24@example.com",
    "password": "Password123",
    "name": "<script>alert(\"xss-test2\")</script>",
    "username": "johndoeno241",
    "phoneNumber": "0987311111",
    "expectedStatus": 400.0,
    "expectedResult": "{\"error\": \"Invalid input\"}",
    "testDescription": "TC24: Ki?m tra XSS - Ki?m tra khi nh?p d? li?u nguy hi?m ch?a mã HTML/JavaScript",
    "responseStatus": "409",
    "result": "{\"success\":false,\"statusCode\":409,\"message\":\"Email ho?c tên ??ng nh?p ?ã t?n t?i\",\"path\":\"/auth/register\",\"timestamp\":\"2025-06-22T04:09:28.720Z\"}",
    "testStatus": "FAIL",
    "failureReason": "Status mismatch - Expected: 400, Actual: 409"
  },
  {
    "email": "   ",
    "password": "   ",
    "name": "   ",
    "username": "   ",
    "phoneNumber": "   ",
    "expectedStatus": 400.0,
    "expectedResult": "{\"error\": \"Fields cannot contain only whitespace\"}",
    "testDescription": "TC25: Ki?m tra kho?ng tr?ng - Ki?m tra khi các tr??ng ch?a toàn kho?ng tr?ng",
    "responseStatus": "400",
    "result": "{\"success\":false,\"statusCode\":400,\"message\":\"D? li?u không h?p l?\",\"path\":\"/auth/register\",\"timestamp\":\"2025-06-22T04:09:28.734Z\"}",
    "testStatus": "PASS",
    "failureReason": "Expected error response but got: {\"success\":false,\"statusCode\":400,\"message\":\"D? li?u không h?p l?\",\"path\":\"/auth/register\",\"timestamp\":\"2025-06-22T04:00:43.179Z\"}"
  },
  {
    "email": "null",
    "password": "null",
    "name": "null",
    "username": "null",
    "phoneNumber": "null",
    "expectedStatus": 400.0,
    "expectedResult": "{\"error\": \"Fields cannot be null\"}",
    "testDescription": "TC26: Ki?m tra tr??ng null - Ki?m tra khi g?i giá tr? null cho các tr??ng",
    "responseStatus": "400",
    "result": "{\"success\":false,\"statusCode\":400,\"message\":\"D? li?u không h?p l?\",\"path\":\"/auth/register\",\"timestamp\":\"2025-06-22T04:09:28.750Z\"}",
    "testStatus": "PASS",
    "failureReason": "Expected error response but got: {\"success\":false,\"statusCode\":400,\"message\":\"D? li?u không h?p l?\",\"path\":\"/auth/register\",\"timestamp\":\"2025-06-22T04:00:43.192Z\"}"
  },
  {
    "email": "",
    "password": "",
    "name": "",
    "username": "",
    "phoneNumber": "",
    "expectedStatus": "",
    "expectedResult": "",
    "testDescription": "",
    "responseStatus": "",
    "result": "",
    "testStatus": "",
    "failureReason": ""
  },
  {
    "email": "",
    "password": "",
    "name": "",
    "username": "",
    "phoneNumber": "",
    "expectedStatus": "",
    "expectedResult": "",
    "testDescription": "",
    "responseStatus": "",
    "result": "",
    "testStatus": "",
    "failureReason": ""
  }
]
 
11:17:34.449 [main] INFO com.intuit.karate -- [print] ??c ???c 28 test cases t? Excel sheet: register 
11:17:34.468 [main] DEBUG com.jayway.jsonpath.internal.path.CompiledPath -- Evaluating path: $
11:17:34.484 [main] INFO com.intuit.karate -- ========================================== 
11:17:34.485 [main] INFO com.intuit.karate -- ?ANG CH?Y TEST CASE #1/28 
11:17:34.487 [main] INFO com.intuit.karate -- Description: TC1: ??ng ký h?p l? - S? ?i?n tho?i 10 ch? s? 
11:17:34.487 [main] INFO com.intuit.karate -- Email: "testernoo3@example.com" 
11:17:34.487 [main] INFO com.intuit.karate -- Password: "Password123" 
11:17:34.488 [main] INFO com.intuit.karate -- Name: "John Doetesternoo3" 
11:17:34.488 [main] INFO com.intuit.karate -- Username: "johndoetestnoo3" 
11:17:34.488 [main] INFO com.intuit.karate -- PhoneNumber: "0987654209" 
11:17:34.490 [main] INFO com.intuit.karate -- Expected Status: 201 
11:17:34.491 [main] INFO com.intuit.karate -- Expected Result: {"message": "User registered successfully"} 
11:17:34.491 [main] INFO com.intuit.karate -- ========================================== 
11:17:34.516 [main] INFO com.intuit.karate -- karate.env system property was: null 
11:17:34.522 [main] DEBUG com.jayway.jsonpath.internal.path.CompiledPath -- Evaluating path: $
11:17:34.558 [main] DEBUG io.netty.util.internal.logging.InternalLoggerFactory -- Using SLF4J as the default logging framework
11:17:34.560 [main] DEBUG io.netty.util.internal.PlatformDependent0 -- -Dio.netty.noUnsafe: false
11:17:34.560 [main] DEBUG io.netty.util.internal.PlatformDependent0 -- Java version: 17
11:17:34.561 [main] DEBUG io.netty.util.internal.PlatformDependent0 -- sun.misc.Unsafe.theUnsafe: available
11:17:34.561 [main] DEBUG io.netty.util.internal.PlatformDependent0 -- sun.misc.Unsafe.copyMemory: available
11:17:34.562 [main] DEBUG io.netty.util.internal.PlatformDependent0 -- sun.misc.Unsafe.storeFence: available
11:17:34.563 [main] DEBUG io.netty.util.internal.PlatformDependent0 -- java.nio.Buffer.address: available
11:17:34.563 [main] DEBUG io.netty.util.internal.PlatformDependent0 -- direct buffer constructor: unavailable: Reflective setAccessible(true) disabled
11:17:34.564 [main] DEBUG io.netty.util.internal.PlatformDependent0 -- java.nio.Bits.unaligned: available, true
11:17:34.565 [main] DEBUG io.netty.util.internal.PlatformDependent0 -- jdk.internal.misc.Unsafe.allocateUninitializedArray(int): unavailable: class io.netty.util.internal.PlatformDependent0$7 cannot access class jdk.internal.misc.Unsafe (in module java.base) because module java.base does not export jdk.internal.misc to unnamed module @b3d7190
11:17:34.567 [main] DEBUG io.netty.util.internal.PlatformDependent0 -- java.nio.DirectByteBuffer.<init>(long, {int,long}): unavailable
11:17:34.567 [main] DEBUG io.netty.util.internal.PlatformDependent -- sun.misc.Unsafe: available
11:17:34.569 [main] DEBUG io.netty.util.internal.PlatformDependent -- maxDirectMemory: 4123000832 bytes (maybe)
11:17:34.575 [main] DEBUG io.netty.util.internal.PlatformDependent -- -Dio.netty.tmpdir: C:\Users\monst\AppData\Local\Temp (java.io.tmpdir)
11:17:34.575 [main] DEBUG io.netty.util.internal.PlatformDependent -- -Dio.netty.bitMode: 64 (sun.arch.data.model)
11:17:34.575 [main] DEBUG io.netty.util.internal.PlatformDependent -- Platform: Windows
11:17:34.576 [main] DEBUG io.netty.util.internal.PlatformDependent -- -Dio.netty.maxDirectMemory: -1 bytes
11:17:34.576 [main] DEBUG io.netty.util.internal.PlatformDependent -- -Dio.netty.uninitializedArrayAllocationThreshold: -1
11:17:34.577 [main] DEBUG io.netty.util.internal.CleanerJava9 -- java.nio.ByteBuffer.cleaner(): available
11:17:34.577 [main] DEBUG io.netty.util.internal.PlatformDependent -- -Dio.netty.noPreferDirect: false
11:17:34.817 [main] DEBUG org.apache.http.client.protocol.RequestAddCookies -- CookieSpec selected: karate
11:17:34.824 [main] DEBUG org.apache.http.client.protocol.RequestAuthCache -- Auth cache not set in the context
11:17:34.825 [main] DEBUG com.intuit.karate -- request:
1 > POST http://localhost:3000/auth/register
1 > Content-Type: application/json; charset=UTF-8
1 > Content-Length: 143
1 > Host: localhost:3000
1 > Connection: Keep-Alive
1 > User-Agent: Apache-HttpClient/4.5.14 (Java/17.0.9)
1 > Accept-Encoding: gzip,deflate
{
  "email": "testernoo3@example.com",
  "password": "Password123",
  "name": "John Doetesternoo3",
  "username": "johndoetestnoo3",
  "phoneNumber": "0987654209"
}


11:17:34.827 [main] DEBUG org.apache.http.impl.conn.PoolingHttpClientConnectionManager -- Connection request: [route: {}->http://localhost:3000][total available: 0; route allocated: 0 of 5; total allocated: 0 of 10]
11:17:34.838 [main] DEBUG org.apache.http.impl.conn.PoolingHttpClientConnectionManager -- Connection leased: [id: 0][route: {}->http://localhost:3000][total available: 0; route allocated: 1 of 5; total allocated: 1 of 10]
11:17:34.840 [main] DEBUG org.apache.http.impl.execchain.MainClientExec -- Opening connection {}->http://localhost:3000
11:17:34.851 [main] DEBUG org.apache.http.impl.conn.DefaultHttpClientConnectionOperator -- Connecting to localhost/127.0.0.1:3000
11:17:34.852 [main] DEBUG org.apache.http.impl.conn.DefaultHttpClientConnectionOperator -- Connection established 127.0.0.1:54883<->127.0.0.1:3000
11:17:34.852 [main] DEBUG org.apache.http.impl.conn.DefaultManagedHttpClientConnection -- http-outgoing-0: set socket timeout to 5000
11:17:34.852 [main] DEBUG org.apache.http.impl.execchain.MainClientExec -- Executing request POST /auth/register HTTP/1.1
11:17:34.852 [main] DEBUG org.apache.http.impl.execchain.MainClientExec -- Target auth state: UNCHALLENGED
11:17:34.853 [main] DEBUG org.apache.http.impl.execchain.MainClientExec -- Proxy auth state: UNCHALLENGED
11:17:34.854 [main] DEBUG org.apache.http.headers -- http-outgoing-0 >> POST /auth/register HTTP/1.1
11:17:34.854 [main] DEBUG org.apache.http.headers -- http-outgoing-0 >> Content-Type: application/json; charset=UTF-8
11:17:34.854 [main] DEBUG org.apache.http.headers -- http-outgoing-0 >> Content-Length: 143
11:17:34.854 [main] DEBUG org.apache.http.headers -- http-outgoing-0 >> Host: localhost:3000
11:17:34.854 [main] DEBUG org.apache.http.headers -- http-outgoing-0 >> Connection: Keep-Alive
11:17:34.854 [main] DEBUG org.apache.http.headers -- http-outgoing-0 >> User-Agent: Apache-HttpClient/4.5.14 (Java/17.0.9)
11:17:34.854 [main] DEBUG org.apache.http.headers -- http-outgoing-0 >> Accept-Encoding: gzip,deflate
11:17:34.855 [main] DEBUG org.apache.http.wire -- http-outgoing-0 >> "POST /auth/register HTTP/1.1[\r][\n]"
11:17:34.855 [main] DEBUG org.apache.http.wire -- http-outgoing-0 >> "Content-Type: application/json; charset=UTF-8[\r][\n]"
11:17:34.855 [main] DEBUG org.apache.http.wire -- http-outgoing-0 >> "Content-Length: 143[\r][\n]"
11:17:34.855 [main] DEBUG org.apache.http.wire -- http-outgoing-0 >> "Host: localhost:3000[\r][\n]"
11:17:34.855 [main] DEBUG org.apache.http.wire -- http-outgoing-0 >> "Connection: Keep-Alive[\r][\n]"
11:17:34.855 [main] DEBUG org.apache.http.wire -- http-outgoing-0 >> "User-Agent: Apache-HttpClient/4.5.14 (Java/17.0.9)[\r][\n]"
11:17:34.855 [main] DEBUG org.apache.http.wire -- http-outgoing-0 >> "Accept-Encoding: gzip,deflate[\r][\n]"
11:17:34.855 [main] DEBUG org.apache.http.wire -- http-outgoing-0 >> "[\r][\n]"
11:17:34.855 [main] DEBUG org.apache.http.wire -- http-outgoing-0 >> "{"email":"testernoo3@example.com","password":"Password123","name":"John Doetesternoo3","username":"johndoetestnoo3","phoneNumber":"0987654209"}"
11:17:35.032 [main] DEBUG org.apache.http.wire -- http-outgoing-0 << "HTTP/1.1 201 Created[\r][\n]"
11:17:35.032 [main] DEBUG org.apache.http.wire -- http-outgoing-0 << "X-Powered-By: Express[\r][\n]"
11:17:35.032 [main] DEBUG org.apache.http.wire -- http-outgoing-0 << "Access-Control-Allow-Origin: *[\r][\n]"
11:17:35.032 [main] DEBUG org.apache.http.wire -- http-outgoing-0 << "Content-Type: application/json; charset=utf-8[\r][\n]"
11:17:35.032 [main] DEBUG org.apache.http.wire -- http-outgoing-0 << "Content-Length: 636[\r][\n]"
11:17:35.032 [main] DEBUG org.apache.http.wire -- http-outgoing-0 << "ETag: W/"27c-k5wBIL6s2B2kZiGK5XHp1SkHlHE"[\r][\n]"
11:17:35.033 [main] DEBUG org.apache.http.wire -- http-outgoing-0 << "Date: Sun, 22 Jun 2025 04:17:35 GMT[\r][\n]"
11:17:35.033 [main] DEBUG org.apache.http.wire -- http-outgoing-0 << "Connection: keep-alive[\r][\n]"
11:17:35.033 [main] DEBUG org.apache.http.wire -- http-outgoing-0 << "Keep-Alive: timeout=5[\r][\n]"
11:17:35.033 [main] DEBUG org.apache.http.wire -- http-outgoing-0 << "[\r][\n]"
11:17:35.033 [main] DEBUG org.apache.http.wire -- http-outgoing-0 << "{"access_token":"eyJhbGciOiJIUzI1NiIsInR5cCI6IkpXVCJ9.eyJzdWIiOiI4OWE0ZTFiMC00NDEwLTQ0M2UtOGE3OC00ODIwYWU4M2I3MGUiLCJ1c2VybmFtZSI6ImpvaG5kb2V0ZXN0bm9vMyIsInJvbGUiOjAsImlhdCI6MTc1MDU2NTg1NSwiZXhwIjoxNzUwNTY5NDU1fQ.oS5k3he83UOrTaiqpn0je_PcTolnzVGnJoU0qG23alM","refresh_token":"4b03addd1bbba96a38c9eba48edea2acd7af279e68dea4ee834b919f80e406e6","user":{"id":"89a4e1b0-4410-443e-8a78-4820ae83b70e","email":"testernoo3@example.com","username":"johndoetestnoo3","name":"John Doetesternoo3","phoneNumber":"0987654209","profilePic":null,"bio":null,"address":null,"private":false,"verified":false,"role":0,"createdAt":"2025-06-22T04:17:34.945Z"}}"
11:17:35.035 [main] DEBUG org.apache.http.headers -- http-outgoing-0 << HTTP/1.1 201 Created
11:17:35.035 [main] DEBUG org.apache.http.headers -- http-outgoing-0 << X-Powered-By: Express
11:17:35.035 [main] DEBUG org.apache.http.headers -- http-outgoing-0 << Access-Control-Allow-Origin: *
11:17:35.035 [main] DEBUG org.apache.http.headers -- http-outgoing-0 << Content-Type: application/json; charset=utf-8
11:17:35.035 [main] DEBUG org.apache.http.headers -- http-outgoing-0 << Content-Length: 636
11:17:35.035 [main] DEBUG org.apache.http.headers -- http-outgoing-0 << ETag: W/"27c-k5wBIL6s2B2kZiGK5XHp1SkHlHE"
11:17:35.035 [main] DEBUG org.apache.http.headers -- http-outgoing-0 << Date: Sun, 22 Jun 2025 04:17:35 GMT
11:17:35.035 [main] DEBUG org.apache.http.headers -- http-outgoing-0 << Connection: keep-alive
11:17:35.035 [main] DEBUG org.apache.http.headers -- http-outgoing-0 << Keep-Alive: timeout=5
11:17:35.037 [main] DEBUG org.apache.http.impl.execchain.MainClientExec -- Connection can be kept alive for 5000 MILLISECONDS
11:17:35.039 [main] DEBUG org.apache.http.impl.conn.PoolingHttpClientConnectionManager -- Connection [id: 0][route: {}->http://localhost:3000] can be kept alive for 5.0 seconds
11:17:35.039 [main] DEBUG org.apache.http.impl.conn.DefaultManagedHttpClientConnection -- http-outgoing-0: set socket timeout to 0
11:17:35.039 [main] DEBUG org.apache.http.impl.conn.PoolingHttpClientConnectionManager -- Connection released: [id: 0][route: {}->http://localhost:3000][total available: 1; route allocated: 1 of 5; total allocated: 1 of 10]
11:17:35.039 [main] DEBUG org.apache.http.impl.conn.PoolingHttpClientConnectionManager -- Connection manager is shutting down
11:17:35.040 [main] DEBUG org.apache.http.impl.conn.DefaultManagedHttpClientConnection -- http-outgoing-0: Close connection
11:17:35.040 [main] DEBUG org.apache.http.impl.conn.PoolingHttpClientConnectionManager -- Connection manager shut down
11:17:35.042 [main] DEBUG com.intuit.karate -- response time in milliseconds: 214
1 < 201
1 < X-Powered-By: Express
1 < Access-Control-Allow-Origin: *
1 < Content-Type: application/json; charset=utf-8
1 < Content-Length: 636
1 < ETag: W/"27c-k5wBIL6s2B2kZiGK5XHp1SkHlHE"
1 < Date: Sun, 22 Jun 2025 04:17:35 GMT
1 < Connection: keep-alive
1 < Keep-Alive: timeout=5
{
  "access_token": "eyJhbGciOiJIUzI1NiIsInR5cCI6IkpXVCJ9.eyJzdWIiOiI4OWE0ZTFiMC00NDEwLTQ0M2UtOGE3OC00ODIwYWU4M2I3MGUiLCJ1c2VybmFtZSI6ImpvaG5kb2V0ZXN0bm9vMyIsInJvbGUiOjAsImlhdCI6MTc1MDU2NTg1NSwiZXhwIjoxNzUwNTY5NDU1fQ.oS5k3he83UOrTaiqpn0je_PcTolnzVGnJoU0qG23alM",
  "refresh_token": "4b03addd1bbba96a38c9eba48edea2acd7af279e68dea4ee834b919f80e406e6",
  "user": {
    "id": "89a4e1b0-4410-443e-8a78-4820ae83b70e",
    "email": "testernoo3@example.com",
    "username": "johndoetestnoo3",
    "name": "John Doetesternoo3",
    "phoneNumber": "0987654209",
    "profilePic": null,
    "bio": null,
    "address": null,
    "private": false,
    "verified": false,
    "role": 0,
    "createdAt": "2025-06-22T04:17:34.945Z"
  }
}


11:17:35.043 [main] DEBUG com.intuit.karate.core.ScenarioEngine -- over-writing existing variable 'responseStatus' with new value: karate.get('responseStatus')
11:17:35.046 [main] DEBUG com.intuit.karate.core.ScenarioEngine -- over-writing existing variable 'response' with new value: karate.get('response')
11:17:35.048 [main] INFO com.intuit.karate -- [print] Register API called with: 
11:17:35.048 [main] INFO com.intuit.karate -- [print] Request: {
  "email": "testernoo3@example.com",
  "password": "Password123",
  "name": "John Doetesternoo3",
  "username": "johndoetestnoo3",
  "phoneNumber": "0987654209"
}
 
11:17:35.050 [main] INFO com.intuit.karate -- [print] Response Status: 201 
11:17:35.051 [main] INFO com.intuit.karate -- [print] Response Body: {
  "access_token": "eyJhbGciOiJIUzI1NiIsInR5cCI6IkpXVCJ9.eyJzdWIiOiI4OWE0ZTFiMC00NDEwLTQ0M2UtOGE3OC00ODIwYWU4M2I3MGUiLCJ1c2VybmFtZSI6ImpvaG5kb2V0ZXN0bm9vMyIsInJvbGUiOjAsImlhdCI6MTc1MDU2NTg1NSwiZXhwIjoxNzUwNTY5NDU1fQ.oS5k3he83UOrTaiqpn0je_PcTolnzVGnJoU0qG23alM",
  "refresh_token": "4b03addd1bbba96a38c9eba48edea2acd7af279e68dea4ee834b919f80e406e6",
  "user": {
    "id": "89a4e1b0-4410-443e-8a78-4820ae83b70e",
    "email": "testernoo3@example.com",
    "username": "johndoetestnoo3",
    "name": "John Doetesternoo3",
    "phoneNumber": "0987654209",
    "profilePic": null,
    "bio": null,
    "address": null,
    "private": false,
    "verified": false,
    "role": 0,
    "createdAt": "2025-06-22T04:17:34.945Z"
  }
}
 
11:17:35.052 [main] INFO com.intuit.karate -- Actual Status: 201 
11:17:35.066 [main] INFO com.intuit.karate -- Actual Response: {"access_token":"eyJhbGciOiJIUzI1NiIsInR5cCI6IkpXVCJ9.eyJzdWIiOiI4OWE0ZTFiMC00NDEwLTQ0M2UtOGE3OC00ODIwYWU4M2I3MGUiLCJ1c2VybmFtZSI6ImpvaG5kb2V0ZXN0bm9vMyIsInJvbGUiOjAsImlhdCI6MTc1MDU2NTg1NSwiZXhwIjoxNzUwNTY5NDU1fQ.oS5k3he83UOrTaiqpn0je_PcTolnzVGnJoU0qG23alM","refresh_token":"4b03addd1bbba96a38c9eba48edea2acd7af279e68dea4ee834b919f80e406e6","user":{"id":"89a4e1b0-4410-443e-8a78-4820ae83b70e","email":"testernoo3@example.com","username":"johndoetestnoo3","name":"John Doetesternoo3","phoneNumber":"0987654209","profilePic":null,"bio":null,"address":null,"private":false,"verified":false,"role":0,"createdAt":"2025-06-22T04:17:34.945Z"}} 
11:17:35.069 [main] INFO com.intuit.karate -- Test Status: PASS 
11:17:35.069 [main] INFO com.intuit.karate -- ? TEST CASE #1 PASSED 
11:17:35.069 [main] INFO com.intuit.karate -- ========================================== 
11:17:35.071 [main] INFO com.intuit.karate -- ========================================== 
11:17:35.071 [main] INFO com.intuit.karate -- ?ANG CH?Y TEST CASE #2/28 
11:17:35.071 [main] INFO com.intuit.karate -- Description: TC2: ??ng ký h?p l? - S? ?i?n tho?i 11 ch? s? 
11:17:35.071 [main] INFO com.intuit.karate -- Email: "testernoo2@example.com" 
11:17:35.071 [main] INFO com.intuit.karate -- Password: "Password123" 
11:17:35.072 [main] INFO com.intuit.karate -- Name: "Jane Smithtestno1" 
11:17:35.072 [main] INFO com.intuit.karate -- Username: "janesmithtesstnoo1" 
11:17:35.072 [main] INFO com.intuit.karate -- PhoneNumber: "01234567205" 
11:17:35.072 [main] INFO com.intuit.karate -- Expected Status: 201 
11:17:35.072 [main] INFO com.intuit.karate -- Expected Result: {"message": "User registered successfully"} 
11:17:35.072 [main] INFO com.intuit.karate -- ========================================== 
11:17:35.081 [main] INFO com.intuit.karate -- karate.env system property was: null 
11:17:35.082 [main] DEBUG com.jayway.jsonpath.internal.path.CompiledPath -- Evaluating path: $
11:17:35.084 [main] DEBUG org.apache.http.client.protocol.RequestAddCookies -- CookieSpec selected: karate
11:17:35.084 [main] DEBUG org.apache.http.client.protocol.RequestAuthCache -- Auth cache not set in the context
11:17:35.084 [main] DEBUG com.intuit.karate -- request:
1 > POST http://localhost:3000/auth/register
1 > Content-Type: application/json; charset=UTF-8
1 > Content-Length: 146
1 > Host: localhost:3000
1 > Connection: Keep-Alive
1 > User-Agent: Apache-HttpClient/4.5.14 (Java/17.0.9)
1 > Accept-Encoding: gzip,deflate
{
  "email": "testernoo2@example.com",
  "password": "Password123",
  "name": "Jane Smithtestno1",
  "username": "janesmithtesstnoo1",
  "phoneNumber": "01234567205"
}


11:17:35.084 [main] DEBUG org.apache.http.impl.conn.PoolingHttpClientConnectionManager -- Connection request: [route: {}->http://localhost:3000][total available: 0; route allocated: 0 of 5; total allocated: 0 of 10]
11:17:35.084 [main] DEBUG org.apache.http.impl.conn.PoolingHttpClientConnectionManager -- Connection leased: [id: 1][route: {}->http://localhost:3000][total available: 0; route allocated: 1 of 5; total allocated: 1 of 10]
11:17:35.084 [main] DEBUG org.apache.http.impl.execchain.MainClientExec -- Opening connection {}->http://localhost:3000
11:17:35.084 [main] DEBUG org.apache.http.impl.conn.DefaultHttpClientConnectionOperator -- Connecting to localhost/127.0.0.1:3000
11:17:35.085 [main] DEBUG org.apache.http.impl.conn.DefaultHttpClientConnectionOperator -- Connection established 127.0.0.1:54884<->127.0.0.1:3000
11:17:35.085 [main] DEBUG org.apache.http.impl.conn.DefaultManagedHttpClientConnection -- http-outgoing-1: set socket timeout to 5000
11:17:35.085 [main] DEBUG org.apache.http.impl.execchain.MainClientExec -- Executing request POST /auth/register HTTP/1.1
11:17:35.085 [main] DEBUG org.apache.http.impl.execchain.MainClientExec -- Target auth state: UNCHALLENGED
11:17:35.085 [main] DEBUG org.apache.http.impl.execchain.MainClientExec -- Proxy auth state: UNCHALLENGED
11:17:35.085 [main] DEBUG org.apache.http.headers -- http-outgoing-1 >> POST /auth/register HTTP/1.1
11:17:35.085 [main] DEBUG org.apache.http.headers -- http-outgoing-1 >> Content-Type: application/json; charset=UTF-8
11:17:35.085 [main] DEBUG org.apache.http.headers -- http-outgoing-1 >> Content-Length: 146
11:17:35.085 [main] DEBUG org.apache.http.headers -- http-outgoing-1 >> Host: localhost:3000
11:17:35.085 [main] DEBUG org.apache.http.headers -- http-outgoing-1 >> Connection: Keep-Alive
11:17:35.085 [main] DEBUG org.apache.http.headers -- http-outgoing-1 >> User-Agent: Apache-HttpClient/4.5.14 (Java/17.0.9)
11:17:35.085 [main] DEBUG org.apache.http.headers -- http-outgoing-1 >> Accept-Encoding: gzip,deflate
11:17:35.085 [main] DEBUG org.apache.http.wire -- http-outgoing-1 >> "POST /auth/register HTTP/1.1[\r][\n]"
11:17:35.085 [main] DEBUG org.apache.http.wire -- http-outgoing-1 >> "Content-Type: application/json; charset=UTF-8[\r][\n]"
11:17:35.085 [main] DEBUG org.apache.http.wire -- http-outgoing-1 >> "Content-Length: 146[\r][\n]"
11:17:35.085 [main] DEBUG org.apache.http.wire -- http-outgoing-1 >> "Host: localhost:3000[\r][\n]"
11:17:35.085 [main] DEBUG org.apache.http.wire -- http-outgoing-1 >> "Connection: Keep-Alive[\r][\n]"
11:17:35.085 [main] DEBUG org.apache.http.wire -- http-outgoing-1 >> "User-Agent: Apache-HttpClient/4.5.14 (Java/17.0.9)[\r][\n]"
11:17:35.085 [main] DEBUG org.apache.http.wire -- http-outgoing-1 >> "Accept-Encoding: gzip,deflate[\r][\n]"
11:17:35.085 [main] DEBUG org.apache.http.wire -- http-outgoing-1 >> "[\r][\n]"
11:17:35.085 [main] DEBUG org.apache.http.wire -- http-outgoing-1 >> "{"email":"testernoo2@example.com","password":"Password123","name":"Jane Smithtestno1","username":"janesmithtesstnoo1","phoneNumber":"01234567205"}"
11:17:35.257 [main] DEBUG org.apache.http.wire -- http-outgoing-1 << "HTTP/1.1 201 Created[\r][\n]"
11:17:35.257 [main] DEBUG org.apache.http.wire -- http-outgoing-1 << "X-Powered-By: Express[\r][\n]"
11:17:35.257 [main] DEBUG org.apache.http.wire -- http-outgoing-1 << "Access-Control-Allow-Origin: *[\r][\n]"
11:17:35.257 [main] DEBUG org.apache.http.wire -- http-outgoing-1 << "Content-Type: application/json; charset=utf-8[\r][\n]"
11:17:35.257 [main] DEBUG org.apache.http.wire -- http-outgoing-1 << "Content-Length: 643[\r][\n]"
11:17:35.257 [main] DEBUG org.apache.http.wire -- http-outgoing-1 << "ETag: W/"283-iiLHhF4+gfqEnADlN2y18jVWuhI"[\r][\n]"
11:17:35.257 [main] DEBUG org.apache.http.wire -- http-outgoing-1 << "Date: Sun, 22 Jun 2025 04:17:35 GMT[\r][\n]"
11:17:35.257 [main] DEBUG org.apache.http.wire -- http-outgoing-1 << "Connection: keep-alive[\r][\n]"
11:17:35.257 [main] DEBUG org.apache.http.wire -- http-outgoing-1 << "Keep-Alive: timeout=5[\r][\n]"
11:17:35.258 [main] DEBUG org.apache.http.wire -- http-outgoing-1 << "[\r][\n]"
11:17:35.258 [main] DEBUG org.apache.http.wire -- http-outgoing-1 << "{"access_token":"eyJhbGciOiJIUzI1NiIsInR5cCI6IkpXVCJ9.eyJzdWIiOiJlOWQxMTM2NC00ODM4LTQ2MTMtOGE2OS0yNjE5NmExN2E4MmMiLCJ1c2VybmFtZSI6ImphbmVzbWl0aHRlc3N0bm9vMSIsInJvbGUiOjAsImlhdCI6MTc1MDU2NTg1NSwiZXhwIjoxNzUwNTY5NDU1fQ.9Hgzi_4ANCOYryVZdB06iI4W0Aiy00bz7p-mxQU0Dhw","refresh_token":"8fd53c5d34b63d6427abe843655e35610116aaf58012cbf30619bf63d9231894","user":{"id":"e9d11364-4838-4613-8a69-26196a17a82c","email":"testernoo2@example.com","username":"janesmithtesstnoo1","name":"Jane Smithtestno1","phoneNumber":"01234567205","profilePic":null,"bio":null,"address":null,"private":false,"verified":false,"role":0,"createdAt":"2025-06-22T04:17:35.172Z"}}"
11:17:35.258 [main] DEBUG org.apache.http.headers -- http-outgoing-1 << HTTP/1.1 201 Created
11:17:35.258 [main] DEBUG org.apache.http.headers -- http-outgoing-1 << X-Powered-By: Express
11:17:35.258 [main] DEBUG org.apache.http.headers -- http-outgoing-1 << Access-Control-Allow-Origin: *
11:17:35.258 [main] DEBUG org.apache.http.headers -- http-outgoing-1 << Content-Type: application/json; charset=utf-8
11:17:35.258 [main] DEBUG org.apache.http.headers -- http-outgoing-1 << Content-Length: 643
11:17:35.258 [main] DEBUG org.apache.http.headers -- http-outgoing-1 << ETag: W/"283-iiLHhF4+gfqEnADlN2y18jVWuhI"
11:17:35.258 [main] DEBUG org.apache.http.headers -- http-outgoing-1 << Date: Sun, 22 Jun 2025 04:17:35 GMT
11:17:35.258 [main] DEBUG org.apache.http.headers -- http-outgoing-1 << Connection: keep-alive
11:17:35.258 [main] DEBUG org.apache.http.headers -- http-outgoing-1 << Keep-Alive: timeout=5
11:17:35.259 [main] DEBUG org.apache.http.impl.execchain.MainClientExec -- Connection can be kept alive for 5000 MILLISECONDS
11:17:35.259 [main] DEBUG org.apache.http.impl.conn.PoolingHttpClientConnectionManager -- Connection [id: 1][route: {}->http://localhost:3000] can be kept alive for 5.0 seconds
11:17:35.259 [main] DEBUG org.apache.http.impl.conn.DefaultManagedHttpClientConnection -- http-outgoing-1: set socket timeout to 0
11:17:35.259 [main] DEBUG org.apache.http.impl.conn.PoolingHttpClientConnectionManager -- Connection released: [id: 1][route: {}->http://localhost:3000][total available: 1; route allocated: 1 of 5; total allocated: 1 of 10]
11:17:35.259 [main] DEBUG org.apache.http.impl.conn.PoolingHttpClientConnectionManager -- Connection manager is shutting down
11:17:35.259 [main] DEBUG org.apache.http.impl.conn.DefaultManagedHttpClientConnection -- http-outgoing-1: Close connection
11:17:35.259 [main] DEBUG org.apache.http.impl.conn.PoolingHttpClientConnectionManager -- Connection manager shut down
11:17:35.259 [main] DEBUG com.intuit.karate -- response time in milliseconds: 175
1 < 201
1 < X-Powered-By: Express
1 < Access-Control-Allow-Origin: *
1 < Content-Type: application/json; charset=utf-8
1 < Content-Length: 643
1 < ETag: W/"283-iiLHhF4+gfqEnADlN2y18jVWuhI"
1 < Date: Sun, 22 Jun 2025 04:17:35 GMT
1 < Connection: keep-alive
1 < Keep-Alive: timeout=5
{
  "access_token": "eyJhbGciOiJIUzI1NiIsInR5cCI6IkpXVCJ9.eyJzdWIiOiJlOWQxMTM2NC00ODM4LTQ2MTMtOGE2OS0yNjE5NmExN2E4MmMiLCJ1c2VybmFtZSI6ImphbmVzbWl0aHRlc3N0bm9vMSIsInJvbGUiOjAsImlhdCI6MTc1MDU2NTg1NSwiZXhwIjoxNzUwNTY5NDU1fQ.9Hgzi_4ANCOYryVZdB06iI4W0Aiy00bz7p-mxQU0Dhw",
  "refresh_token": "8fd53c5d34b63d6427abe843655e35610116aaf58012cbf30619bf63d9231894",
  "user": {
    "id": "e9d11364-4838-4613-8a69-26196a17a82c",
    "email": "testernoo2@example.com",
    "username": "janesmithtesstnoo1",
    "name": "Jane Smithtestno1",
    "phoneNumber": "01234567205",
    "profilePic": null,
    "bio": null,
    "address": null,
    "private": false,
    "verified": false,
    "role": 0,
    "createdAt": "2025-06-22T04:17:35.172Z"
  }
}


11:17:35.260 [main] DEBUG com.intuit.karate.core.ScenarioEngine -- over-writing existing variable 'responseStatus' with new value: karate.get('responseStatus')
11:17:35.261 [main] DEBUG com.intuit.karate.core.ScenarioEngine -- over-writing existing variable 'response' with new value: karate.get('response')
11:17:35.262 [main] INFO com.intuit.karate -- [print] Register API called with: 
11:17:35.262 [main] INFO com.intuit.karate -- [print] Request: {
  "email": "testernoo2@example.com",
  "password": "Password123",
  "name": "Jane Smithtestno1",
  "username": "janesmithtesstnoo1",
  "phoneNumber": "01234567205"
}
 
11:17:35.263 [main] INFO com.intuit.karate -- [print] Response Status: 201 
11:17:35.263 [main] INFO com.intuit.karate -- [print] Response Body: {
  "access_token": "eyJhbGciOiJIUzI1NiIsInR5cCI6IkpXVCJ9.eyJzdWIiOiJlOWQxMTM2NC00ODM4LTQ2MTMtOGE2OS0yNjE5NmExN2E4MmMiLCJ1c2VybmFtZSI6ImphbmVzbWl0aHRlc3N0bm9vMSIsInJvbGUiOjAsImlhdCI6MTc1MDU2NTg1NSwiZXhwIjoxNzUwNTY5NDU1fQ.9Hgzi_4ANCOYryVZdB06iI4W0Aiy00bz7p-mxQU0Dhw",
  "refresh_token": "8fd53c5d34b63d6427abe843655e35610116aaf58012cbf30619bf63d9231894",
  "user": {
    "id": "e9d11364-4838-4613-8a69-26196a17a82c",
    "email": "testernoo2@example.com",
    "username": "janesmithtesstnoo1",
    "name": "Jane Smithtestno1",
    "phoneNumber": "01234567205",
    "profilePic": null,
    "bio": null,
    "address": null,
    "private": false,
    "verified": false,
    "role": 0,
    "createdAt": "2025-06-22T04:17:35.172Z"
  }
}
 
11:17:35.263 [main] INFO com.intuit.karate -- Actual Status: 201 
11:17:35.264 [main] INFO com.intuit.karate -- Actual Response: {"access_token":"eyJhbGciOiJIUzI1NiIsInR5cCI6IkpXVCJ9.eyJzdWIiOiJlOWQxMTM2NC00ODM4LTQ2MTMtOGE2OS0yNjE5NmExN2E4MmMiLCJ1c2VybmFtZSI6ImphbmVzbWl0aHRlc3N0bm9vMSIsInJvbGUiOjAsImlhdCI6MTc1MDU2NTg1NSwiZXhwIjoxNzUwNTY5NDU1fQ.9Hgzi_4ANCOYryVZdB06iI4W0Aiy00bz7p-mxQU0Dhw","refresh_token":"8fd53c5d34b63d6427abe843655e35610116aaf58012cbf30619bf63d9231894","user":{"id":"e9d11364-4838-4613-8a69-26196a17a82c","email":"testernoo2@example.com","username":"janesmithtesstnoo1","name":"Jane Smithtestno1","phoneNumber":"01234567205","profilePic":null,"bio":null,"address":null,"private":false,"verified":false,"role":0,"createdAt":"2025-06-22T04:17:35.172Z"}} 
11:17:35.264 [main] INFO com.intuit.karate -- Test Status: PASS 
11:17:35.264 [main] INFO com.intuit.karate -- ? TEST CASE #2 PASSED 
11:17:35.265 [main] INFO com.intuit.karate -- ========================================== 
11:17:35.265 [main] INFO com.intuit.karate -- ========================================== 
11:17:35.265 [main] INFO com.intuit.karate -- ?ANG CH?Y TEST CASE #3/28 
11:17:35.265 [main] INFO com.intuit.karate -- Description: TC3: Thi?u tr??ng email - Ki?m tra khi thi?u email 
11:17:35.265 [main] INFO com.intuit.karate -- Email: "" 
11:17:35.266 [main] INFO com.intuit.karate -- Password: "Password123" 
11:17:35.266 [main] INFO com.intuit.karate -- Name: "John Doe" 
11:17:35.266 [main] INFO com.intuit.karate -- Username: "johndoe3" 
11:17:35.266 [main] INFO com.intuit.karate -- PhoneNumber: "0987654321" 
11:17:35.266 [main] INFO com.intuit.karate -- Expected Status: 400 
11:17:35.267 [main] INFO com.intuit.karate -- Expected Result: {"error": "Email is required"} 
11:17:35.267 [main] INFO com.intuit.karate -- ========================================== 
11:17:35.275 [main] INFO com.intuit.karate -- karate.env system property was: null 
11:17:35.277 [main] DEBUG com.jayway.jsonpath.internal.path.CompiledPath -- Evaluating path: $
11:17:35.280 [main] DEBUG org.apache.http.client.protocol.RequestAddCookies -- CookieSpec selected: karate
11:17:35.280 [main] DEBUG org.apache.http.client.protocol.RequestAuthCache -- Auth cache not set in the context
11:17:35.280 [main] DEBUG com.intuit.karate -- request:
1 > POST http://localhost:3000/auth/register
1 > Content-Type: application/json; charset=UTF-8
1 > Content-Length: 104
1 > Host: localhost:3000
1 > Connection: Keep-Alive
1 > User-Agent: Apache-HttpClient/4.5.14 (Java/17.0.9)
1 > Accept-Encoding: gzip,deflate
{
  "email": "",
  "password": "Password123",
  "name": "John Doe",
  "username": "johndoe3",
  "phoneNumber": "0987654321"
}


11:17:35.281 [main] DEBUG org.apache.http.impl.conn.PoolingHttpClientConnectionManager -- Connection request: [route: {}->http://localhost:3000][total available: 0; route allocated: 0 of 5; total allocated: 0 of 10]
11:17:35.281 [main] DEBUG org.apache.http.impl.conn.PoolingHttpClientConnectionManager -- Connection leased: [id: 2][route: {}->http://localhost:3000][total available: 0; route allocated: 1 of 5; total allocated: 1 of 10]
11:17:35.281 [main] DEBUG org.apache.http.impl.execchain.MainClientExec -- Opening connection {}->http://localhost:3000
11:17:35.281 [main] DEBUG org.apache.http.impl.conn.DefaultHttpClientConnectionOperator -- Connecting to localhost/127.0.0.1:3000
11:17:35.282 [main] DEBUG org.apache.http.impl.conn.DefaultHttpClientConnectionOperator -- Connection established 127.0.0.1:54885<->127.0.0.1:3000
11:17:35.282 [main] DEBUG org.apache.http.impl.conn.DefaultManagedHttpClientConnection -- http-outgoing-2: set socket timeout to 5000
11:17:35.282 [main] DEBUG org.apache.http.impl.execchain.MainClientExec -- Executing request POST /auth/register HTTP/1.1
11:17:35.282 [main] DEBUG org.apache.http.impl.execchain.MainClientExec -- Target auth state: UNCHALLENGED
11:17:35.282 [main] DEBUG org.apache.http.impl.execchain.MainClientExec -- Proxy auth state: UNCHALLENGED
11:17:35.282 [main] DEBUG org.apache.http.headers -- http-outgoing-2 >> POST /auth/register HTTP/1.1
11:17:35.282 [main] DEBUG org.apache.http.headers -- http-outgoing-2 >> Content-Type: application/json; charset=UTF-8
11:17:35.282 [main] DEBUG org.apache.http.headers -- http-outgoing-2 >> Content-Length: 104
11:17:35.282 [main] DEBUG org.apache.http.headers -- http-outgoing-2 >> Host: localhost:3000
11:17:35.283 [main] DEBUG org.apache.http.headers -- http-outgoing-2 >> Connection: Keep-Alive
11:17:35.283 [main] DEBUG org.apache.http.headers -- http-outgoing-2 >> User-Agent: Apache-HttpClient/4.5.14 (Java/17.0.9)
11:17:35.283 [main] DEBUG org.apache.http.headers -- http-outgoing-2 >> Accept-Encoding: gzip,deflate
11:17:35.283 [main] DEBUG org.apache.http.wire -- http-outgoing-2 >> "POST /auth/register HTTP/1.1[\r][\n]"
11:17:35.283 [main] DEBUG org.apache.http.wire -- http-outgoing-2 >> "Content-Type: application/json; charset=UTF-8[\r][\n]"
11:17:35.283 [main] DEBUG org.apache.http.wire -- http-outgoing-2 >> "Content-Length: 104[\r][\n]"
11:17:35.283 [main] DEBUG org.apache.http.wire -- http-outgoing-2 >> "Host: localhost:3000[\r][\n]"
11:17:35.283 [main] DEBUG org.apache.http.wire -- http-outgoing-2 >> "Connection: Keep-Alive[\r][\n]"
11:17:35.283 [main] DEBUG org.apache.http.wire -- http-outgoing-2 >> "User-Agent: Apache-HttpClient/4.5.14 (Java/17.0.9)[\r][\n]"
11:17:35.283 [main] DEBUG org.apache.http.wire -- http-outgoing-2 >> "Accept-Encoding: gzip,deflate[\r][\n]"
11:17:35.283 [main] DEBUG org.apache.http.wire -- http-outgoing-2 >> "[\r][\n]"
11:17:35.283 [main] DEBUG org.apache.http.wire -- http-outgoing-2 >> "{"email":"","password":"Password123","name":"John Doe","username":"johndoe3","phoneNumber":"0987654321"}"
11:17:35.284 [main] DEBUG org.apache.http.wire -- http-outgoing-2 << "HTTP/1.1 400 Bad Request[\r][\n]"
11:17:35.284 [main] DEBUG org.apache.http.wire -- http-outgoing-2 << "X-Powered-By: Express[\r][\n]"
11:17:35.284 [main] DEBUG org.apache.http.wire -- http-outgoing-2 << "Access-Control-Allow-Origin: *[\r][\n]"
11:17:35.285 [main] DEBUG org.apache.http.wire -- http-outgoing-2 << "Content-Type: application/json; charset=utf-8[\r][\n]"
11:17:35.285 [main] DEBUG org.apache.http.wire -- http-outgoing-2 << "Content-Length: 139[\r][\n]"
11:17:35.285 [main] DEBUG org.apache.http.wire -- http-outgoing-2 << "ETag: W/"8b-rCTU3PeTtOSO/T/8s7562XxxCSY"[\r][\n]"
11:17:35.285 [main] DEBUG org.apache.http.wire -- http-outgoing-2 << "Date: Sun, 22 Jun 2025 04:17:35 GMT[\r][\n]"
11:17:35.285 [main] DEBUG org.apache.http.wire -- http-outgoing-2 << "Connection: keep-alive[\r][\n]"
11:17:35.285 [main] DEBUG org.apache.http.wire -- http-outgoing-2 << "Keep-Alive: timeout=5[\r][\n]"
11:17:35.285 [main] DEBUG org.apache.http.wire -- http-outgoing-2 << "[\r][\n]"
11:17:35.285 [main] DEBUG org.apache.http.wire -- http-outgoing-2 << "{"success":false,"statusCode":400,"message":"D[0xe1][0xbb][0xaf] li[0xe1][0xbb][0x87]u kh[0xc3][0xb4]ng h[0xe1][0xbb][0xa3]p l[0xe1][0xbb][0x87]","path":"/auth/register","timestamp":"2025-06-22T04:17:35.284Z"}"
11:17:35.285 [main] DEBUG org.apache.http.headers -- http-outgoing-2 << HTTP/1.1 400 Bad Request
11:17:35.285 [main] DEBUG org.apache.http.headers -- http-outgoing-2 << X-Powered-By: Express
11:17:35.285 [main] DEBUG org.apache.http.headers -- http-outgoing-2 << Access-Control-Allow-Origin: *
11:17:35.285 [main] DEBUG org.apache.http.headers -- http-outgoing-2 << Content-Type: application/json; charset=utf-8
11:17:35.285 [main] DEBUG org.apache.http.headers -- http-outgoing-2 << Content-Length: 139
11:17:35.285 [main] DEBUG org.apache.http.headers -- http-outgoing-2 << ETag: W/"8b-rCTU3PeTtOSO/T/8s7562XxxCSY"
11:17:35.285 [main] DEBUG org.apache.http.headers -- http-outgoing-2 << Date: Sun, 22 Jun 2025 04:17:35 GMT
11:17:35.285 [main] DEBUG org.apache.http.headers -- http-outgoing-2 << Connection: keep-alive
11:17:35.285 [main] DEBUG org.apache.http.headers -- http-outgoing-2 << Keep-Alive: timeout=5
11:17:35.285 [main] DEBUG org.apache.http.impl.execchain.MainClientExec -- Connection can be kept alive for 5000 MILLISECONDS
11:17:35.286 [main] DEBUG org.apache.http.impl.conn.PoolingHttpClientConnectionManager -- Connection [id: 2][route: {}->http://localhost:3000] can be kept alive for 5.0 seconds
11:17:35.286 [main] DEBUG org.apache.http.impl.conn.DefaultManagedHttpClientConnection -- http-outgoing-2: set socket timeout to 0
11:17:35.286 [main] DEBUG org.apache.http.impl.conn.PoolingHttpClientConnectionManager -- Connection released: [id: 2][route: {}->http://localhost:3000][total available: 1; route allocated: 1 of 5; total allocated: 1 of 10]
11:17:35.286 [main] DEBUG org.apache.http.impl.conn.PoolingHttpClientConnectionManager -- Connection manager is shutting down
11:17:35.286 [main] DEBUG org.apache.http.impl.conn.DefaultManagedHttpClientConnection -- http-outgoing-2: Close connection
11:17:35.286 [main] DEBUG org.apache.http.impl.conn.PoolingHttpClientConnectionManager -- Connection manager shut down
11:17:35.287 [main] DEBUG com.intuit.karate -- response time in milliseconds: 6
1 < 400
1 < X-Powered-By: Express
1 < Access-Control-Allow-Origin: *
1 < Content-Type: application/json; charset=utf-8
1 < Content-Length: 139
1 < ETag: W/"8b-rCTU3PeTtOSO/T/8s7562XxxCSY"
1 < Date: Sun, 22 Jun 2025 04:17:35 GMT
1 < Connection: keep-alive
1 < Keep-Alive: timeout=5
{
  "success": false,
  "statusCode": 400,
  "message": "D? li?u không h?p l?",
  "path": "/auth/register",
  "timestamp": "2025-06-22T04:17:35.284Z"
}


11:17:35.288 [main] DEBUG com.intuit.karate.core.ScenarioEngine -- over-writing existing variable 'responseStatus' with new value: karate.get('responseStatus')
11:17:35.290 [main] DEBUG com.intuit.karate.core.ScenarioEngine -- over-writing existing variable 'response' with new value: karate.get('response')
11:17:35.290 [main] INFO com.intuit.karate -- [print] Register API called with: 
11:17:35.291 [main] INFO com.intuit.karate -- [print] Request: {
  "email": "",
  "password": "Password123",
  "name": "John Doe",
  "username": "johndoe3",
  "phoneNumber": "0987654321"
}
 
11:17:35.291 [main] INFO com.intuit.karate -- [print] Response Status: 400 
11:17:35.291 [main] INFO com.intuit.karate -- [print] Response Body: {
  "success": false,
  "statusCode": 400,
  "message": "D? li?u không h?p l?",
  "path": "/auth/register",
  "timestamp": "2025-06-22T04:17:35.284Z"
}
 
11:17:35.292 [main] INFO com.intuit.karate -- Actual Status: 400 
11:17:35.293 [main] INFO com.intuit.karate -- Actual Response: {"success":false,"statusCode":400,"message":"D? li?u không h?p l?","path":"/auth/register","timestamp":"2025-06-22T04:17:35.284Z"} 
11:17:35.294 [main] INFO com.intuit.karate -- Test Status: PASS 
11:17:35.294 [main] INFO com.intuit.karate -- ? TEST CASE #3 PASSED 
11:17:35.294 [main] INFO com.intuit.karate -- ========================================== 
11:17:35.295 [main] INFO com.intuit.karate -- ========================================== 
11:17:35.295 [main] INFO com.intuit.karate -- ?ANG CH?Y TEST CASE #4/28 
11:17:35.295 [main] INFO com.intuit.karate -- Description: TC4: Thi?u tr??ng password - Ki?m tra khi thi?u password 
11:17:35.295 [main] INFO com.intuit.karate -- Email: "test4@example.com" 
11:17:35.295 [main] INFO com.intuit.karate -- Password: "" 
11:17:35.295 [main] INFO com.intuit.karate -- Name: "John Doe" 
11:17:35.295 [main] INFO com.intuit.karate -- Username: "johndoe4" 
11:17:35.295 [main] INFO com.intuit.karate -- PhoneNumber: "0987654321" 
11:17:35.295 [main] INFO com.intuit.karate -- Expected Status: 400 
11:17:35.295 [main] INFO com.intuit.karate -- Expected Result: {"error": "Password is required"} 
11:17:35.295 [main] INFO com.intuit.karate -- ========================================== 
11:17:35.307 [main] INFO com.intuit.karate -- karate.env system property was: null 
11:17:35.309 [main] DEBUG com.jayway.jsonpath.internal.path.CompiledPath -- Evaluating path: $
11:17:35.312 [main] DEBUG org.apache.http.client.protocol.RequestAddCookies -- CookieSpec selected: karate
11:17:35.312 [main] DEBUG org.apache.http.client.protocol.RequestAuthCache -- Auth cache not set in the context
11:17:35.312 [main] DEBUG com.intuit.karate -- request:
1 > POST http://localhost:3000/auth/register
1 > Content-Type: application/json; charset=UTF-8
1 > Content-Length: 110
1 > Host: localhost:3000
1 > Connection: Keep-Alive
1 > User-Agent: Apache-HttpClient/4.5.14 (Java/17.0.9)
1 > Accept-Encoding: gzip,deflate
{
  "email": "test4@example.com",
  "password": "",
  "name": "John Doe",
  "username": "johndoe4",
  "phoneNumber": "0987654321"
}


11:17:35.313 [main] DEBUG org.apache.http.impl.conn.PoolingHttpClientConnectionManager -- Connection request: [route: {}->http://localhost:3000][total available: 0; route allocated: 0 of 5; total allocated: 0 of 10]
11:17:35.313 [main] DEBUG org.apache.http.impl.conn.PoolingHttpClientConnectionManager -- Connection leased: [id: 3][route: {}->http://localhost:3000][total available: 0; route allocated: 1 of 5; total allocated: 1 of 10]
11:17:35.313 [main] DEBUG org.apache.http.impl.execchain.MainClientExec -- Opening connection {}->http://localhost:3000
11:17:35.313 [main] DEBUG org.apache.http.impl.conn.DefaultHttpClientConnectionOperator -- Connecting to localhost/127.0.0.1:3000
11:17:35.313 [main] DEBUG org.apache.http.impl.conn.DefaultHttpClientConnectionOperator -- Connection established 127.0.0.1:54886<->127.0.0.1:3000
11:17:35.313 [main] DEBUG org.apache.http.impl.conn.DefaultManagedHttpClientConnection -- http-outgoing-3: set socket timeout to 5000
11:17:35.313 [main] DEBUG org.apache.http.impl.execchain.MainClientExec -- Executing request POST /auth/register HTTP/1.1
11:17:35.313 [main] DEBUG org.apache.http.impl.execchain.MainClientExec -- Target auth state: UNCHALLENGED
11:17:35.313 [main] DEBUG org.apache.http.impl.execchain.MainClientExec -- Proxy auth state: UNCHALLENGED
11:17:35.313 [main] DEBUG org.apache.http.headers -- http-outgoing-3 >> POST /auth/register HTTP/1.1
11:17:35.313 [main] DEBUG org.apache.http.headers -- http-outgoing-3 >> Content-Type: application/json; charset=UTF-8
11:17:35.313 [main] DEBUG org.apache.http.headers -- http-outgoing-3 >> Content-Length: 110
11:17:35.313 [main] DEBUG org.apache.http.headers -- http-outgoing-3 >> Host: localhost:3000
11:17:35.313 [main] DEBUG org.apache.http.headers -- http-outgoing-3 >> Connection: Keep-Alive
11:17:35.314 [main] DEBUG org.apache.http.headers -- http-outgoing-3 >> User-Agent: Apache-HttpClient/4.5.14 (Java/17.0.9)
11:17:35.314 [main] DEBUG org.apache.http.headers -- http-outgoing-3 >> Accept-Encoding: gzip,deflate
11:17:35.314 [main] DEBUG org.apache.http.wire -- http-outgoing-3 >> "POST /auth/register HTTP/1.1[\r][\n]"
11:17:35.314 [main] DEBUG org.apache.http.wire -- http-outgoing-3 >> "Content-Type: application/json; charset=UTF-8[\r][\n]"
11:17:35.314 [main] DEBUG org.apache.http.wire -- http-outgoing-3 >> "Content-Length: 110[\r][\n]"
11:17:35.314 [main] DEBUG org.apache.http.wire -- http-outgoing-3 >> "Host: localhost:3000[\r][\n]"
11:17:35.314 [main] DEBUG org.apache.http.wire -- http-outgoing-3 >> "Connection: Keep-Alive[\r][\n]"
11:17:35.314 [main] DEBUG org.apache.http.wire -- http-outgoing-3 >> "User-Agent: Apache-HttpClient/4.5.14 (Java/17.0.9)[\r][\n]"
11:17:35.314 [main] DEBUG org.apache.http.wire -- http-outgoing-3 >> "Accept-Encoding: gzip,deflate[\r][\n]"
11:17:35.314 [main] DEBUG org.apache.http.wire -- http-outgoing-3 >> "[\r][\n]"
11:17:35.314 [main] DEBUG org.apache.http.wire -- http-outgoing-3 >> "{"email":"test4@example.com","password":"","name":"John Doe","username":"johndoe4","phoneNumber":"0987654321"}"
11:17:35.315 [main] DEBUG org.apache.http.wire -- http-outgoing-3 << "HTTP/1.1 400 Bad Request[\r][\n]"
11:17:35.315 [main] DEBUG org.apache.http.wire -- http-outgoing-3 << "X-Powered-By: Express[\r][\n]"
11:17:35.315 [main] DEBUG org.apache.http.wire -- http-outgoing-3 << "Access-Control-Allow-Origin: *[\r][\n]"
11:17:35.315 [main] DEBUG org.apache.http.wire -- http-outgoing-3 << "Content-Type: application/json; charset=utf-8[\r][\n]"
11:17:35.315 [main] DEBUG org.apache.http.wire -- http-outgoing-3 << "Content-Length: 139[\r][\n]"
11:17:35.315 [main] DEBUG org.apache.http.wire -- http-outgoing-3 << "ETag: W/"8b-jvASOgXqyFQUayPe+3zESMaupBM"[\r][\n]"
11:17:35.315 [main] DEBUG org.apache.http.wire -- http-outgoing-3 << "Date: Sun, 22 Jun 2025 04:17:35 GMT[\r][\n]"
11:17:35.315 [main] DEBUG org.apache.http.wire -- http-outgoing-3 << "Connection: keep-alive[\r][\n]"
11:17:35.315 [main] DEBUG org.apache.http.wire -- http-outgoing-3 << "Keep-Alive: timeout=5[\r][\n]"
11:17:35.315 [main] DEBUG org.apache.http.wire -- http-outgoing-3 << "[\r][\n]"
11:17:35.315 [main] DEBUG org.apache.http.wire -- http-outgoing-3 << "{"success":false,"statusCode":400,"message":"D[0xe1][0xbb][0xaf] li[0xe1][0xbb][0x87]u kh[0xc3][0xb4]ng h[0xe1][0xbb][0xa3]p l[0xe1][0xbb][0x87]","path":"/auth/register","timestamp":"2025-06-22T04:17:35.314Z"}"
11:17:35.315 [main] DEBUG org.apache.http.headers -- http-outgoing-3 << HTTP/1.1 400 Bad Request
11:17:35.315 [main] DEBUG org.apache.http.headers -- http-outgoing-3 << X-Powered-By: Express
11:17:35.315 [main] DEBUG org.apache.http.headers -- http-outgoing-3 << Access-Control-Allow-Origin: *
11:17:35.315 [main] DEBUG org.apache.http.headers -- http-outgoing-3 << Content-Type: application/json; charset=utf-8
11:17:35.315 [main] DEBUG org.apache.http.headers -- http-outgoing-3 << Content-Length: 139
11:17:35.315 [main] DEBUG org.apache.http.headers -- http-outgoing-3 << ETag: W/"8b-jvASOgXqyFQUayPe+3zESMaupBM"
11:17:35.315 [main] DEBUG org.apache.http.headers -- http-outgoing-3 << Date: Sun, 22 Jun 2025 04:17:35 GMT
11:17:35.315 [main] DEBUG org.apache.http.headers -- http-outgoing-3 << Connection: keep-alive
11:17:35.315 [main] DEBUG org.apache.http.headers -- http-outgoing-3 << Keep-Alive: timeout=5
11:17:35.316 [main] DEBUG org.apache.http.impl.execchain.MainClientExec -- Connection can be kept alive for 5000 MILLISECONDS
11:17:35.316 [main] DEBUG org.apache.http.impl.conn.PoolingHttpClientConnectionManager -- Connection [id: 3][route: {}->http://localhost:3000] can be kept alive for 5.0 seconds
11:17:35.316 [main] DEBUG org.apache.http.impl.conn.DefaultManagedHttpClientConnection -- http-outgoing-3: set socket timeout to 0
11:17:35.316 [main] DEBUG org.apache.http.impl.conn.PoolingHttpClientConnectionManager -- Connection released: [id: 3][route: {}->http://localhost:3000][total available: 1; route allocated: 1 of 5; total allocated: 1 of 10]
11:17:35.316 [main] DEBUG org.apache.http.impl.conn.PoolingHttpClientConnectionManager -- Connection manager is shutting down
11:17:35.316 [main] DEBUG org.apache.http.impl.conn.DefaultManagedHttpClientConnection -- http-outgoing-3: Close connection
11:17:35.316 [main] DEBUG org.apache.http.impl.conn.PoolingHttpClientConnectionManager -- Connection manager shut down
11:17:35.316 [main] DEBUG com.intuit.karate -- response time in milliseconds: 3
1 < 400
1 < X-Powered-By: Express
1 < Access-Control-Allow-Origin: *
1 < Content-Type: application/json; charset=utf-8
1 < Content-Length: 139
1 < ETag: W/"8b-jvASOgXqyFQUayPe+3zESMaupBM"
1 < Date: Sun, 22 Jun 2025 04:17:35 GMT
1 < Connection: keep-alive
1 < Keep-Alive: timeout=5
{
  "success": false,
  "statusCode": 400,
  "message": "D? li?u không h?p l?",
  "path": "/auth/register",
  "timestamp": "2025-06-22T04:17:35.314Z"
}


11:17:35.316 [main] DEBUG com.intuit.karate.core.ScenarioEngine -- over-writing existing variable 'responseStatus' with new value: karate.get('responseStatus')
11:17:35.318 [main] DEBUG com.intuit.karate.core.ScenarioEngine -- over-writing existing variable 'response' with new value: karate.get('response')
11:17:35.319 [main] INFO com.intuit.karate -- [print] Register API called with: 
11:17:35.319 [main] INFO com.intuit.karate -- [print] Request: {
  "email": "test4@example.com",
  "password": "",
  "name": "John Doe",
  "username": "johndoe4",
  "phoneNumber": "0987654321"
}
 
11:17:35.320 [main] INFO com.intuit.karate -- [print] Response Status: 400 
11:17:35.320 [main] INFO com.intuit.karate -- [print] Response Body: {
  "success": false,
  "statusCode": 400,
  "message": "D? li?u không h?p l?",
  "path": "/auth/register",
  "timestamp": "2025-06-22T04:17:35.314Z"
}
 
11:17:35.321 [main] INFO com.intuit.karate -- Actual Status: 400 
11:17:35.322 [main] INFO com.intuit.karate -- Actual Response: {"success":false,"statusCode":400,"message":"D? li?u không h?p l?","path":"/auth/register","timestamp":"2025-06-22T04:17:35.314Z"} 
11:17:35.322 [main] INFO com.intuit.karate -- Test Status: PASS 
11:17:35.323 [main] INFO com.intuit.karate -- ? TEST CASE #4 PASSED 
11:17:35.323 [main] INFO com.intuit.karate -- ========================================== 
11:17:35.324 [main] INFO com.intuit.karate -- ========================================== 
11:17:35.324 [main] INFO com.intuit.karate -- ?ANG CH?Y TEST CASE #5/28 
11:17:35.324 [main] INFO com.intuit.karate -- Description: TC5: Thi?u tr??ng name - Ki?m tra khi thi?u name 
11:17:35.324 [main] INFO com.intuit.karate -- Email: "test5@example.com" 
11:17:35.324 [main] INFO com.intuit.karate -- Password: "Password123" 
11:17:35.324 [main] INFO com.intuit.karate -- Name: "" 
11:17:35.324 [main] INFO com.intuit.karate -- Username: "johndoe5" 
11:17:35.325 [main] INFO com.intuit.karate -- PhoneNumber: "0987654321" 
11:17:35.325 [main] INFO com.intuit.karate -- Expected Status: 400 
11:17:35.325 [main] INFO com.intuit.karate -- Expected Result: {"error": "Name is required"} 
11:17:35.325 [main] INFO com.intuit.karate -- ========================================== 
11:17:35.334 [main] INFO com.intuit.karate -- karate.env system property was: null 
11:17:35.335 [main] DEBUG com.jayway.jsonpath.internal.path.CompiledPath -- Evaluating path: $
11:17:35.337 [main] DEBUG org.apache.http.client.protocol.RequestAddCookies -- CookieSpec selected: karate
11:17:35.337 [main] DEBUG org.apache.http.client.protocol.RequestAuthCache -- Auth cache not set in the context
11:17:35.337 [main] DEBUG com.intuit.karate -- request:
1 > POST http://localhost:3000/auth/register
1 > Content-Type: application/json; charset=UTF-8
1 > Content-Length: 113
1 > Host: localhost:3000
1 > Connection: Keep-Alive
1 > User-Agent: Apache-HttpClient/4.5.14 (Java/17.0.9)
1 > Accept-Encoding: gzip,deflate
{
  "email": "test5@example.com",
  "password": "Password123",
  "name": "",
  "username": "johndoe5",
  "phoneNumber": "0987654321"
}


11:17:35.337 [main] DEBUG org.apache.http.impl.conn.PoolingHttpClientConnectionManager -- Connection request: [route: {}->http://localhost:3000][total available: 0; route allocated: 0 of 5; total allocated: 0 of 10]
11:17:35.337 [main] DEBUG org.apache.http.impl.conn.PoolingHttpClientConnectionManager -- Connection leased: [id: 4][route: {}->http://localhost:3000][total available: 0; route allocated: 1 of 5; total allocated: 1 of 10]
11:17:35.338 [main] DEBUG org.apache.http.impl.execchain.MainClientExec -- Opening connection {}->http://localhost:3000
11:17:35.339 [main] DEBUG org.apache.http.impl.conn.DefaultHttpClientConnectionOperator -- Connecting to localhost/127.0.0.1:3000
11:17:35.340 [main] DEBUG org.apache.http.impl.conn.DefaultHttpClientConnectionOperator -- Connection established 127.0.0.1:54887<->127.0.0.1:3000
11:17:35.340 [main] DEBUG org.apache.http.impl.conn.DefaultManagedHttpClientConnection -- http-outgoing-4: set socket timeout to 5000
11:17:35.340 [main] DEBUG org.apache.http.impl.execchain.MainClientExec -- Executing request POST /auth/register HTTP/1.1
11:17:35.340 [main] DEBUG org.apache.http.impl.execchain.MainClientExec -- Target auth state: UNCHALLENGED
11:17:35.340 [main] DEBUG org.apache.http.impl.execchain.MainClientExec -- Proxy auth state: UNCHALLENGED
11:17:35.340 [main] DEBUG org.apache.http.headers -- http-outgoing-4 >> POST /auth/register HTTP/1.1
11:17:35.340 [main] DEBUG org.apache.http.headers -- http-outgoing-4 >> Content-Type: application/json; charset=UTF-8
11:17:35.340 [main] DEBUG org.apache.http.headers -- http-outgoing-4 >> Content-Length: 113
11:17:35.340 [main] DEBUG org.apache.http.headers -- http-outgoing-4 >> Host: localhost:3000
11:17:35.340 [main] DEBUG org.apache.http.headers -- http-outgoing-4 >> Connection: Keep-Alive
11:17:35.340 [main] DEBUG org.apache.http.headers -- http-outgoing-4 >> User-Agent: Apache-HttpClient/4.5.14 (Java/17.0.9)
11:17:35.340 [main] DEBUG org.apache.http.headers -- http-outgoing-4 >> Accept-Encoding: gzip,deflate
11:17:35.340 [main] DEBUG org.apache.http.wire -- http-outgoing-4 >> "POST /auth/register HTTP/1.1[\r][\n]"
11:17:35.340 [main] DEBUG org.apache.http.wire -- http-outgoing-4 >> "Content-Type: application/json; charset=UTF-8[\r][\n]"
11:17:35.340 [main] DEBUG org.apache.http.wire -- http-outgoing-4 >> "Content-Length: 113[\r][\n]"
11:17:35.340 [main] DEBUG org.apache.http.wire -- http-outgoing-4 >> "Host: localhost:3000[\r][\n]"
11:17:35.340 [main] DEBUG org.apache.http.wire -- http-outgoing-4 >> "Connection: Keep-Alive[\r][\n]"
11:17:35.340 [main] DEBUG org.apache.http.wire -- http-outgoing-4 >> "User-Agent: Apache-HttpClient/4.5.14 (Java/17.0.9)[\r][\n]"
11:17:35.340 [main] DEBUG org.apache.http.wire -- http-outgoing-4 >> "Accept-Encoding: gzip,deflate[\r][\n]"
11:17:35.340 [main] DEBUG org.apache.http.wire -- http-outgoing-4 >> "[\r][\n]"
11:17:35.340 [main] DEBUG org.apache.http.wire -- http-outgoing-4 >> "{"email":"test5@example.com","password":"Password123","name":"","username":"johndoe5","phoneNumber":"0987654321"}"
11:17:35.342 [main] DEBUG org.apache.http.wire -- http-outgoing-4 << "HTTP/1.1 400 Bad Request[\r][\n]"
11:17:35.342 [main] DEBUG org.apache.http.wire -- http-outgoing-4 << "X-Powered-By: Express[\r][\n]"
11:17:35.342 [main] DEBUG org.apache.http.wire -- http-outgoing-4 << "Access-Control-Allow-Origin: *[\r][\n]"
11:17:35.342 [main] DEBUG org.apache.http.wire -- http-outgoing-4 << "Content-Type: application/json; charset=utf-8[\r][\n]"
11:17:35.342 [main] DEBUG org.apache.http.wire -- http-outgoing-4 << "Content-Length: 139[\r][\n]"
11:17:35.342 [main] DEBUG org.apache.http.wire -- http-outgoing-4 << "ETag: W/"8b-tEjb+XvXvu3S4uUZCttBmMknHPg"[\r][\n]"
11:17:35.342 [main] DEBUG org.apache.http.wire -- http-outgoing-4 << "Date: Sun, 22 Jun 2025 04:17:35 GMT[\r][\n]"
11:17:35.342 [main] DEBUG org.apache.http.wire -- http-outgoing-4 << "Connection: keep-alive[\r][\n]"
11:17:35.342 [main] DEBUG org.apache.http.wire -- http-outgoing-4 << "Keep-Alive: timeout=5[\r][\n]"
11:17:35.342 [main] DEBUG org.apache.http.wire -- http-outgoing-4 << "[\r][\n]"
11:17:35.342 [main] DEBUG org.apache.http.wire -- http-outgoing-4 << "{"success":false,"statusCode":400,"message":"D[0xe1][0xbb][0xaf] li[0xe1][0xbb][0x87]u kh[0xc3][0xb4]ng h[0xe1][0xbb][0xa3]p l[0xe1][0xbb][0x87]","path":"/auth/register","timestamp":"2025-06-22T04:17:35.341Z"}"
11:17:35.342 [main] DEBUG org.apache.http.headers -- http-outgoing-4 << HTTP/1.1 400 Bad Request
11:17:35.342 [main] DEBUG org.apache.http.headers -- http-outgoing-4 << X-Powered-By: Express
11:17:35.342 [main] DEBUG org.apache.http.headers -- http-outgoing-4 << Access-Control-Allow-Origin: *
11:17:35.342 [main] DEBUG org.apache.http.headers -- http-outgoing-4 << Content-Type: application/json; charset=utf-8
11:17:35.342 [main] DEBUG org.apache.http.headers -- http-outgoing-4 << Content-Length: 139
11:17:35.342 [main] DEBUG org.apache.http.headers -- http-outgoing-4 << ETag: W/"8b-tEjb+XvXvu3S4uUZCttBmMknHPg"
11:17:35.342 [main] DEBUG org.apache.http.headers -- http-outgoing-4 << Date: Sun, 22 Jun 2025 04:17:35 GMT
11:17:35.342 [main] DEBUG org.apache.http.headers -- http-outgoing-4 << Connection: keep-alive
11:17:35.342 [main] DEBUG org.apache.http.headers -- http-outgoing-4 << Keep-Alive: timeout=5
11:17:35.342 [main] DEBUG org.apache.http.impl.execchain.MainClientExec -- Connection can be kept alive for 5000 MILLISECONDS
11:17:35.342 [main] DEBUG org.apache.http.impl.conn.PoolingHttpClientConnectionManager -- Connection [id: 4][route: {}->http://localhost:3000] can be kept alive for 5.0 seconds
11:17:35.342 [main] DEBUG org.apache.http.impl.conn.DefaultManagedHttpClientConnection -- http-outgoing-4: set socket timeout to 0
11:17:35.342 [main] DEBUG org.apache.http.impl.conn.PoolingHttpClientConnectionManager -- Connection released: [id: 4][route: {}->http://localhost:3000][total available: 1; route allocated: 1 of 5; total allocated: 1 of 10]
11:17:35.342 [main] DEBUG org.apache.http.impl.conn.PoolingHttpClientConnectionManager -- Connection manager is shutting down
11:17:35.342 [main] DEBUG org.apache.http.impl.conn.DefaultManagedHttpClientConnection -- http-outgoing-4: Close connection
11:17:35.342 [main] DEBUG org.apache.http.impl.conn.PoolingHttpClientConnectionManager -- Connection manager shut down
11:17:35.343 [main] DEBUG com.intuit.karate -- response time in milliseconds: 5
1 < 400
1 < X-Powered-By: Express
1 < Access-Control-Allow-Origin: *
1 < Content-Type: application/json; charset=utf-8
1 < Content-Length: 139
1 < ETag: W/"8b-tEjb+XvXvu3S4uUZCttBmMknHPg"
1 < Date: Sun, 22 Jun 2025 04:17:35 GMT
1 < Connection: keep-alive
1 < Keep-Alive: timeout=5
{
  "success": false,
  "statusCode": 400,
  "message": "D? li?u không h?p l?",
  "path": "/auth/register",
  "timestamp": "2025-06-22T04:17:35.341Z"
}


11:17:35.343 [main] DEBUG com.intuit.karate.core.ScenarioEngine -- over-writing existing variable 'responseStatus' with new value: karate.get('responseStatus')
11:17:35.345 [main] DEBUG com.intuit.karate.core.ScenarioEngine -- over-writing existing variable 'response' with new value: karate.get('response')
11:17:35.345 [main] INFO com.intuit.karate -- [print] Register API called with: 
11:17:35.345 [main] INFO com.intuit.karate -- [print] Request: {
  "email": "test5@example.com",
  "password": "Password123",
  "name": "",
  "username": "johndoe5",
  "phoneNumber": "0987654321"
}
 
11:17:35.346 [main] INFO com.intuit.karate -- [print] Response Status: 400 
11:17:35.346 [main] INFO com.intuit.karate -- [print] Response Body: {
  "success": false,
  "statusCode": 400,
  "message": "D? li?u không h?p l?",
  "path": "/auth/register",
  "timestamp": "2025-06-22T04:17:35.341Z"
}
 
11:17:35.346 [main] INFO com.intuit.karate -- Actual Status: 400 
11:17:35.346 [main] INFO com.intuit.karate -- Actual Response: {"success":false,"statusCode":400,"message":"D? li?u không h?p l?","path":"/auth/register","timestamp":"2025-06-22T04:17:35.341Z"} 
11:17:35.346 [main] INFO com.intuit.karate -- Test Status: PASS 
11:17:35.347 [main] INFO com.intuit.karate -- ? TEST CASE #5 PASSED 
11:17:35.347 [main] INFO com.intuit.karate -- ========================================== 
11:17:35.347 [main] INFO com.intuit.karate -- ========================================== 
11:17:35.347 [main] INFO com.intuit.karate -- ?ANG CH?Y TEST CASE #6/28 
11:17:35.347 [main] INFO com.intuit.karate -- Description: TC6: Thi?u tr??ng username - Ki?m tra khi thi?u username 
11:17:35.347 [main] INFO com.intuit.karate -- Email: "test6@example.com" 
11:17:35.347 [main] INFO com.intuit.karate -- Password: "Password123" 
11:17:35.347 [main] INFO com.intuit.karate -- Name: "John Doe" 
11:17:35.349 [main] INFO com.intuit.karate -- Username: "" 
11:17:35.349 [main] INFO com.intuit.karate -- PhoneNumber: "0987654321" 
11:17:35.349 [main] INFO com.intuit.karate -- Expected Status: 400 
11:17:35.349 [main] INFO com.intuit.karate -- Expected Result: {"error": "Username is required"} 
11:17:35.349 [main] INFO com.intuit.karate -- ========================================== 
11:17:35.356 [main] INFO com.intuit.karate -- karate.env system property was: null 
11:17:35.357 [main] DEBUG com.jayway.jsonpath.internal.path.CompiledPath -- Evaluating path: $
11:17:35.360 [main] DEBUG org.apache.http.client.protocol.RequestAddCookies -- CookieSpec selected: karate
11:17:35.360 [main] DEBUG org.apache.http.client.protocol.RequestAuthCache -- Auth cache not set in the context
11:17:35.360 [main] DEBUG com.intuit.karate -- request:
1 > POST http://localhost:3000/auth/register
1 > Content-Type: application/json; charset=UTF-8
1 > Content-Length: 113
1 > Host: localhost:3000
1 > Connection: Keep-Alive
1 > User-Agent: Apache-HttpClient/4.5.14 (Java/17.0.9)
1 > Accept-Encoding: gzip,deflate
{
  "email": "test6@example.com",
  "password": "Password123",
  "name": "John Doe",
  "username": "",
  "phoneNumber": "0987654321"
}


11:17:35.360 [main] DEBUG org.apache.http.impl.conn.PoolingHttpClientConnectionManager -- Connection request: [route: {}->http://localhost:3000][total available: 0; route allocated: 0 of 5; total allocated: 0 of 10]
11:17:35.360 [main] DEBUG org.apache.http.impl.conn.PoolingHttpClientConnectionManager -- Connection leased: [id: 5][route: {}->http://localhost:3000][total available: 0; route allocated: 1 of 5; total allocated: 1 of 10]
11:17:35.360 [main] DEBUG org.apache.http.impl.execchain.MainClientExec -- Opening connection {}->http://localhost:3000
11:17:35.360 [main] DEBUG org.apache.http.impl.conn.DefaultHttpClientConnectionOperator -- Connecting to localhost/127.0.0.1:3000
11:17:35.361 [main] DEBUG org.apache.http.impl.conn.DefaultHttpClientConnectionOperator -- Connection established 127.0.0.1:54888<->127.0.0.1:3000
11:17:35.361 [main] DEBUG org.apache.http.impl.conn.DefaultManagedHttpClientConnection -- http-outgoing-5: set socket timeout to 5000
11:17:35.361 [main] DEBUG org.apache.http.impl.execchain.MainClientExec -- Executing request POST /auth/register HTTP/1.1
11:17:35.361 [main] DEBUG org.apache.http.impl.execchain.MainClientExec -- Target auth state: UNCHALLENGED
11:17:35.361 [main] DEBUG org.apache.http.impl.execchain.MainClientExec -- Proxy auth state: UNCHALLENGED
11:17:35.361 [main] DEBUG org.apache.http.headers -- http-outgoing-5 >> POST /auth/register HTTP/1.1
11:17:35.361 [main] DEBUG org.apache.http.headers -- http-outgoing-5 >> Content-Type: application/json; charset=UTF-8
11:17:35.361 [main] DEBUG org.apache.http.headers -- http-outgoing-5 >> Content-Length: 113
11:17:35.361 [main] DEBUG org.apache.http.headers -- http-outgoing-5 >> Host: localhost:3000
11:17:35.361 [main] DEBUG org.apache.http.headers -- http-outgoing-5 >> Connection: Keep-Alive
11:17:35.361 [main] DEBUG org.apache.http.headers -- http-outgoing-5 >> User-Agent: Apache-HttpClient/4.5.14 (Java/17.0.9)
11:17:35.361 [main] DEBUG org.apache.http.headers -- http-outgoing-5 >> Accept-Encoding: gzip,deflate
11:17:35.361 [main] DEBUG org.apache.http.wire -- http-outgoing-5 >> "POST /auth/register HTTP/1.1[\r][\n]"
11:17:35.361 [main] DEBUG org.apache.http.wire -- http-outgoing-5 >> "Content-Type: application/json; charset=UTF-8[\r][\n]"
11:17:35.361 [main] DEBUG org.apache.http.wire -- http-outgoing-5 >> "Content-Length: 113[\r][\n]"
11:17:35.361 [main] DEBUG org.apache.http.wire -- http-outgoing-5 >> "Host: localhost:3000[\r][\n]"
11:17:35.361 [main] DEBUG org.apache.http.wire -- http-outgoing-5 >> "Connection: Keep-Alive[\r][\n]"
11:17:35.361 [main] DEBUG org.apache.http.wire -- http-outgoing-5 >> "User-Agent: Apache-HttpClient/4.5.14 (Java/17.0.9)[\r][\n]"
11:17:35.361 [main] DEBUG org.apache.http.wire -- http-outgoing-5 >> "Accept-Encoding: gzip,deflate[\r][\n]"
11:17:35.361 [main] DEBUG org.apache.http.wire -- http-outgoing-5 >> "[\r][\n]"
11:17:35.361 [main] DEBUG org.apache.http.wire -- http-outgoing-5 >> "{"email":"test6@example.com","password":"Password123","name":"John Doe","username":"","phoneNumber":"0987654321"}"
11:17:35.363 [main] DEBUG org.apache.http.wire -- http-outgoing-5 << "HTTP/1.1 400 Bad Request[\r][\n]"
11:17:35.363 [main] DEBUG org.apache.http.wire -- http-outgoing-5 << "X-Powered-By: Express[\r][\n]"
11:17:35.363 [main] DEBUG org.apache.http.wire -- http-outgoing-5 << "Access-Control-Allow-Origin: *[\r][\n]"
11:17:35.363 [main] DEBUG org.apache.http.wire -- http-outgoing-5 << "Content-Type: application/json; charset=utf-8[\r][\n]"
11:17:35.363 [main] DEBUG org.apache.http.wire -- http-outgoing-5 << "Content-Length: 139[\r][\n]"
11:17:35.363 [main] DEBUG org.apache.http.wire -- http-outgoing-5 << "ETag: W/"8b-i6BpLkWlqlQSLyOVHePlf9DZvtU"[\r][\n]"
11:17:35.363 [main] DEBUG org.apache.http.wire -- http-outgoing-5 << "Date: Sun, 22 Jun 2025 04:17:35 GMT[\r][\n]"
11:17:35.363 [main] DEBUG org.apache.http.wire -- http-outgoing-5 << "Connection: keep-alive[\r][\n]"
11:17:35.363 [main] DEBUG org.apache.http.wire -- http-outgoing-5 << "Keep-Alive: timeout=5[\r][\n]"
11:17:35.364 [main] DEBUG org.apache.http.wire -- http-outgoing-5 << "[\r][\n]"
11:17:35.364 [main] DEBUG org.apache.http.wire -- http-outgoing-5 << "{"success":false,"statusCode":400,"message":"D[0xe1][0xbb][0xaf] li[0xe1][0xbb][0x87]u kh[0xc3][0xb4]ng h[0xe1][0xbb][0xa3]p l[0xe1][0xbb][0x87]","path":"/auth/register","timestamp":"2025-06-22T04:17:35.362Z"}"
11:17:35.364 [main] DEBUG org.apache.http.headers -- http-outgoing-5 << HTTP/1.1 400 Bad Request
11:17:35.364 [main] DEBUG org.apache.http.headers -- http-outgoing-5 << X-Powered-By: Express
11:17:35.364 [main] DEBUG org.apache.http.headers -- http-outgoing-5 << Access-Control-Allow-Origin: *
11:17:35.364 [main] DEBUG org.apache.http.headers -- http-outgoing-5 << Content-Type: application/json; charset=utf-8
11:17:35.364 [main] DEBUG org.apache.http.headers -- http-outgoing-5 << Content-Length: 139
11:17:35.364 [main] DEBUG org.apache.http.headers -- http-outgoing-5 << ETag: W/"8b-i6BpLkWlqlQSLyOVHePlf9DZvtU"
11:17:35.364 [main] DEBUG org.apache.http.headers -- http-outgoing-5 << Date: Sun, 22 Jun 2025 04:17:35 GMT
11:17:35.364 [main] DEBUG org.apache.http.headers -- http-outgoing-5 << Connection: keep-alive
11:17:35.364 [main] DEBUG org.apache.http.headers -- http-outgoing-5 << Keep-Alive: timeout=5
11:17:35.364 [main] DEBUG org.apache.http.impl.execchain.MainClientExec -- Connection can be kept alive for 5000 MILLISECONDS
11:17:35.364 [main] DEBUG org.apache.http.impl.conn.PoolingHttpClientConnectionManager -- Connection [id: 5][route: {}->http://localhost:3000] can be kept alive for 5.0 seconds
11:17:35.364 [main] DEBUG org.apache.http.impl.conn.DefaultManagedHttpClientConnection -- http-outgoing-5: set socket timeout to 0
11:17:35.364 [main] DEBUG org.apache.http.impl.conn.PoolingHttpClientConnectionManager -- Connection released: [id: 5][route: {}->http://localhost:3000][total available: 1; route allocated: 1 of 5; total allocated: 1 of 10]
11:17:35.364 [main] DEBUG org.apache.http.impl.conn.PoolingHttpClientConnectionManager -- Connection manager is shutting down
11:17:35.364 [main] DEBUG org.apache.http.impl.conn.DefaultManagedHttpClientConnection -- http-outgoing-5: Close connection
11:17:35.364 [main] DEBUG org.apache.http.impl.conn.PoolingHttpClientConnectionManager -- Connection manager shut down
11:17:35.366 [main] DEBUG com.intuit.karate -- response time in milliseconds: 4
1 < 400
1 < X-Powered-By: Express
1 < Access-Control-Allow-Origin: *
1 < Content-Type: application/json; charset=utf-8
1 < Content-Length: 139
1 < ETag: W/"8b-i6BpLkWlqlQSLyOVHePlf9DZvtU"
1 < Date: Sun, 22 Jun 2025 04:17:35 GMT
1 < Connection: keep-alive
1 < Keep-Alive: timeout=5
{
  "success": false,
  "statusCode": 400,
  "message": "D? li?u không h?p l?",
  "path": "/auth/register",
  "timestamp": "2025-06-22T04:17:35.362Z"
}


11:17:35.367 [main] DEBUG com.intuit.karate.core.ScenarioEngine -- over-writing existing variable 'responseStatus' with new value: karate.get('responseStatus')
11:17:35.367 [main] DEBUG com.intuit.karate.core.ScenarioEngine -- over-writing existing variable 'response' with new value: karate.get('response')
11:17:35.368 [main] INFO com.intuit.karate -- [print] Register API called with: 
11:17:35.368 [main] INFO com.intuit.karate -- [print] Request: {
  "email": "test6@example.com",
  "password": "Password123",
  "name": "John Doe",
  "username": "",
  "phoneNumber": "0987654321"
}
 
11:17:35.369 [main] INFO com.intuit.karate -- [print] Response Status: 400 
11:17:35.370 [main] INFO com.intuit.karate -- [print] Response Body: {
  "success": false,
  "statusCode": 400,
  "message": "D? li?u không h?p l?",
  "path": "/auth/register",
  "timestamp": "2025-06-22T04:17:35.362Z"
}
 
11:17:35.371 [main] INFO com.intuit.karate -- Actual Status: 400 
11:17:35.373 [main] INFO com.intuit.karate -- Actual Response: {"success":false,"statusCode":400,"message":"D? li?u không h?p l?","path":"/auth/register","timestamp":"2025-06-22T04:17:35.362Z"} 
11:17:35.374 [main] INFO com.intuit.karate -- Test Status: PASS 
11:17:35.375 [main] INFO com.intuit.karate -- ? TEST CASE #6 PASSED 
11:17:35.375 [main] INFO com.intuit.karate -- ========================================== 
11:17:35.376 [main] INFO com.intuit.karate -- ========================================== 
11:17:35.377 [main] INFO com.intuit.karate -- ?ANG CH?Y TEST CASE #7/28 
11:17:35.378 [main] INFO com.intuit.karate -- Description: TC7: Thi?u tr??ng phoneNumber - Ki?m tra khi thi?u s? ?i?n tho?i 
11:17:35.378 [main] INFO com.intuit.karate -- Email: "test7@example.com" 
11:17:35.378 [main] INFO com.intuit.karate -- Password: "Password123" 
11:17:35.378 [main] INFO com.intuit.karate -- Name: "John Doe" 
11:17:35.379 [main] INFO com.intuit.karate -- Username: "johndoe7" 
11:17:35.379 [main] INFO com.intuit.karate -- PhoneNumber: "" 
11:17:35.379 [main] INFO com.intuit.karate -- Expected Status: 400 
11:17:35.379 [main] INFO com.intuit.karate -- Expected Result: {"error": "S? ?i?n tho?i không ???c ?? tr?ng"} 
11:17:35.379 [main] INFO com.intuit.karate -- ========================================== 
11:17:35.393 [main] INFO com.intuit.karate -- karate.env system property was: null 
11:17:35.395 [main] DEBUG com.jayway.jsonpath.internal.path.CompiledPath -- Evaluating path: $
11:17:35.397 [main] DEBUG org.apache.http.client.protocol.RequestAddCookies -- CookieSpec selected: karate
11:17:35.397 [main] DEBUG org.apache.http.client.protocol.RequestAuthCache -- Auth cache not set in the context
11:17:35.398 [main] DEBUG com.intuit.karate -- request:
1 > POST http://localhost:3000/auth/register
1 > Content-Type: application/json; charset=UTF-8
1 > Content-Length: 111
1 > Host: localhost:3000
1 > Connection: Keep-Alive
1 > User-Agent: Apache-HttpClient/4.5.14 (Java/17.0.9)
1 > Accept-Encoding: gzip,deflate
{
  "email": "test7@example.com",
  "password": "Password123",
  "name": "John Doe",
  "username": "johndoe7",
  "phoneNumber": ""
}


11:17:35.398 [main] DEBUG org.apache.http.impl.conn.PoolingHttpClientConnectionManager -- Connection request: [route: {}->http://localhost:3000][total available: 0; route allocated: 0 of 5; total allocated: 0 of 10]
11:17:35.398 [main] DEBUG org.apache.http.impl.conn.PoolingHttpClientConnectionManager -- Connection leased: [id: 6][route: {}->http://localhost:3000][total available: 0; route allocated: 1 of 5; total allocated: 1 of 10]
11:17:35.398 [main] DEBUG org.apache.http.impl.execchain.MainClientExec -- Opening connection {}->http://localhost:3000
11:17:35.398 [main] DEBUG org.apache.http.impl.conn.DefaultHttpClientConnectionOperator -- Connecting to localhost/127.0.0.1:3000
11:17:35.399 [main] DEBUG org.apache.http.impl.conn.DefaultHttpClientConnectionOperator -- Connection established 127.0.0.1:54889<->127.0.0.1:3000
11:17:35.399 [main] DEBUG org.apache.http.impl.conn.DefaultManagedHttpClientConnection -- http-outgoing-6: set socket timeout to 5000
11:17:35.399 [main] DEBUG org.apache.http.impl.execchain.MainClientExec -- Executing request POST /auth/register HTTP/1.1
11:17:35.399 [main] DEBUG org.apache.http.impl.execchain.MainClientExec -- Target auth state: UNCHALLENGED
11:17:35.399 [main] DEBUG org.apache.http.impl.execchain.MainClientExec -- Proxy auth state: UNCHALLENGED
11:17:35.399 [main] DEBUG org.apache.http.headers -- http-outgoing-6 >> POST /auth/register HTTP/1.1
11:17:35.399 [main] DEBUG org.apache.http.headers -- http-outgoing-6 >> Content-Type: application/json; charset=UTF-8
11:17:35.399 [main] DEBUG org.apache.http.headers -- http-outgoing-6 >> Content-Length: 111
11:17:35.399 [main] DEBUG org.apache.http.headers -- http-outgoing-6 >> Host: localhost:3000
11:17:35.399 [main] DEBUG org.apache.http.headers -- http-outgoing-6 >> Connection: Keep-Alive
11:17:35.399 [main] DEBUG org.apache.http.headers -- http-outgoing-6 >> User-Agent: Apache-HttpClient/4.5.14 (Java/17.0.9)
11:17:35.399 [main] DEBUG org.apache.http.headers -- http-outgoing-6 >> Accept-Encoding: gzip,deflate
11:17:35.399 [main] DEBUG org.apache.http.wire -- http-outgoing-6 >> "POST /auth/register HTTP/1.1[\r][\n]"
11:17:35.400 [main] DEBUG org.apache.http.wire -- http-outgoing-6 >> "Content-Type: application/json; charset=UTF-8[\r][\n]"
11:17:35.400 [main] DEBUG org.apache.http.wire -- http-outgoing-6 >> "Content-Length: 111[\r][\n]"
11:17:35.400 [main] DEBUG org.apache.http.wire -- http-outgoing-6 >> "Host: localhost:3000[\r][\n]"
11:17:35.400 [main] DEBUG org.apache.http.wire -- http-outgoing-6 >> "Connection: Keep-Alive[\r][\n]"
11:17:35.400 [main] DEBUG org.apache.http.wire -- http-outgoing-6 >> "User-Agent: Apache-HttpClient/4.5.14 (Java/17.0.9)[\r][\n]"
11:17:35.400 [main] DEBUG org.apache.http.wire -- http-outgoing-6 >> "Accept-Encoding: gzip,deflate[\r][\n]"
11:17:35.400 [main] DEBUG org.apache.http.wire -- http-outgoing-6 >> "[\r][\n]"
11:17:35.400 [main] DEBUG org.apache.http.wire -- http-outgoing-6 >> "{"email":"test7@example.com","password":"Password123","name":"John Doe","username":"johndoe7","phoneNumber":""}"
11:17:35.402 [main] DEBUG org.apache.http.wire -- http-outgoing-6 << "HTTP/1.1 400 Bad Request[\r][\n]"
11:17:35.402 [main] DEBUG org.apache.http.wire -- http-outgoing-6 << "X-Powered-By: Express[\r][\n]"
11:17:35.402 [main] DEBUG org.apache.http.wire -- http-outgoing-6 << "Access-Control-Allow-Origin: *[\r][\n]"
11:17:35.402 [main] DEBUG org.apache.http.wire -- http-outgoing-6 << "Content-Type: application/json; charset=utf-8[\r][\n]"
11:17:35.402 [main] DEBUG org.apache.http.wire -- http-outgoing-6 << "Content-Length: 139[\r][\n]"
11:17:35.402 [main] DEBUG org.apache.http.wire -- http-outgoing-6 << "ETag: W/"8b-KanwE8KMHKZt4zRCak6roWN7I1c"[\r][\n]"
11:17:35.402 [main] DEBUG org.apache.http.wire -- http-outgoing-6 << "Date: Sun, 22 Jun 2025 04:17:35 GMT[\r][\n]"
11:17:35.402 [main] DEBUG org.apache.http.wire -- http-outgoing-6 << "Connection: keep-alive[\r][\n]"
11:17:35.402 [main] DEBUG org.apache.http.wire -- http-outgoing-6 << "Keep-Alive: timeout=5[\r][\n]"
11:17:35.402 [main] DEBUG org.apache.http.wire -- http-outgoing-6 << "[\r][\n]"
11:17:35.402 [main] DEBUG org.apache.http.wire -- http-outgoing-6 << "{"success":false,"statusCode":400,"message":"D[0xe1][0xbb][0xaf] li[0xe1][0xbb][0x87]u kh[0xc3][0xb4]ng h[0xe1][0xbb][0xa3]p l[0xe1][0xbb][0x87]","path":"/auth/register","timestamp":"2025-06-22T04:17:35.401Z"}"
11:17:35.402 [main] DEBUG org.apache.http.headers -- http-outgoing-6 << HTTP/1.1 400 Bad Request
11:17:35.402 [main] DEBUG org.apache.http.headers -- http-outgoing-6 << X-Powered-By: Express
11:17:35.402 [main] DEBUG org.apache.http.headers -- http-outgoing-6 << Access-Control-Allow-Origin: *
11:17:35.402 [main] DEBUG org.apache.http.headers -- http-outgoing-6 << Content-Type: application/json; charset=utf-8
11:17:35.402 [main] DEBUG org.apache.http.headers -- http-outgoing-6 << Content-Length: 139
11:17:35.402 [main] DEBUG org.apache.http.headers -- http-outgoing-6 << ETag: W/"8b-KanwE8KMHKZt4zRCak6roWN7I1c"
11:17:35.402 [main] DEBUG org.apache.http.headers -- http-outgoing-6 << Date: Sun, 22 Jun 2025 04:17:35 GMT
11:17:35.402 [main] DEBUG org.apache.http.headers -- http-outgoing-6 << Connection: keep-alive
11:17:35.402 [main] DEBUG org.apache.http.headers -- http-outgoing-6 << Keep-Alive: timeout=5
11:17:35.402 [main] DEBUG org.apache.http.impl.execchain.MainClientExec -- Connection can be kept alive for 5000 MILLISECONDS
11:17:35.402 [main] DEBUG org.apache.http.impl.conn.PoolingHttpClientConnectionManager -- Connection [id: 6][route: {}->http://localhost:3000] can be kept alive for 5.0 seconds
11:17:35.402 [main] DEBUG org.apache.http.impl.conn.DefaultManagedHttpClientConnection -- http-outgoing-6: set socket timeout to 0
11:17:35.402 [main] DEBUG org.apache.http.impl.conn.PoolingHttpClientConnectionManager -- Connection released: [id: 6][route: {}->http://localhost:3000][total available: 1; route allocated: 1 of 5; total allocated: 1 of 10]
11:17:35.404 [main] DEBUG org.apache.http.impl.conn.PoolingHttpClientConnectionManager -- Connection manager is shutting down
11:17:35.404 [main] DEBUG org.apache.http.impl.conn.DefaultManagedHttpClientConnection -- http-outgoing-6: Close connection
11:17:35.404 [main] DEBUG org.apache.http.impl.conn.PoolingHttpClientConnectionManager -- Connection manager shut down
11:17:35.404 [main] DEBUG com.intuit.karate -- response time in milliseconds: 6
1 < 400
1 < X-Powered-By: Express
1 < Access-Control-Allow-Origin: *
1 < Content-Type: application/json; charset=utf-8
1 < Content-Length: 139
1 < ETag: W/"8b-KanwE8KMHKZt4zRCak6roWN7I1c"
1 < Date: Sun, 22 Jun 2025 04:17:35 GMT
1 < Connection: keep-alive
1 < Keep-Alive: timeout=5
{
  "success": false,
  "statusCode": 400,
  "message": "D? li?u không h?p l?",
  "path": "/auth/register",
  "timestamp": "2025-06-22T04:17:35.401Z"
}


11:17:35.405 [main] DEBUG com.intuit.karate.core.ScenarioEngine -- over-writing existing variable 'responseStatus' with new value: karate.get('responseStatus')
11:17:35.405 [main] DEBUG com.intuit.karate.core.ScenarioEngine -- over-writing existing variable 'response' with new value: karate.get('response')
11:17:35.406 [main] INFO com.intuit.karate -- [print] Register API called with: 
11:17:35.407 [main] INFO com.intuit.karate -- [print] Request: {
  "email": "test7@example.com",
  "password": "Password123",
  "name": "John Doe",
  "username": "johndoe7",
  "phoneNumber": ""
}
 
11:17:35.408 [main] INFO com.intuit.karate -- [print] Response Status: 400 
11:17:35.409 [main] INFO com.intuit.karate -- [print] Response Body: {
  "success": false,
  "statusCode": 400,
  "message": "D? li?u không h?p l?",
  "path": "/auth/register",
  "timestamp": "2025-06-22T04:17:35.401Z"
}
 
11:17:35.411 [main] INFO com.intuit.karate -- Actual Status: 400 
11:17:35.412 [main] INFO com.intuit.karate -- Actual Response: {"success":false,"statusCode":400,"message":"D? li?u không h?p l?","path":"/auth/register","timestamp":"2025-06-22T04:17:35.401Z"} 
11:17:35.412 [main] INFO com.intuit.karate -- Test Status: PASS 
11:17:35.412 [main] INFO com.intuit.karate -- ? TEST CASE #7 PASSED 
11:17:35.412 [main] INFO com.intuit.karate -- ========================================== 
11:17:35.413 [main] INFO com.intuit.karate -- ========================================== 
11:17:35.413 [main] INFO com.intuit.karate -- ?ANG CH?Y TEST CASE #8/28 
11:17:35.413 [main] INFO com.intuit.karate -- Description: TC8: Email không h?p l? - Ki?m tra v?i email không ?úng ??nh d?ng 
11:17:35.414 [main] INFO com.intuit.karate -- Email: "invalid_email" 
11:17:35.414 [main] INFO com.intuit.karate -- Password: "Password123" 
11:17:35.414 [main] INFO com.intuit.karate -- Name: "John Doe" 
11:17:35.414 [main] INFO com.intuit.karate -- Username: "johndoe8" 
11:17:35.414 [main] INFO com.intuit.karate -- PhoneNumber: "0987654321" 
11:17:35.414 [main] INFO com.intuit.karate -- Expected Status: 400 
11:17:35.414 [main] INFO com.intuit.karate -- Expected Result: {"error": "Invalid email format"} 
11:17:35.414 [main] INFO com.intuit.karate -- ========================================== 
11:17:35.428 [main] INFO com.intuit.karate -- karate.env system property was: null 
11:17:35.430 [main] DEBUG com.jayway.jsonpath.internal.path.CompiledPath -- Evaluating path: $
11:17:35.433 [main] DEBUG org.apache.http.client.protocol.RequestAddCookies -- CookieSpec selected: karate
11:17:35.433 [main] DEBUG org.apache.http.client.protocol.RequestAuthCache -- Auth cache not set in the context
11:17:35.433 [main] DEBUG com.intuit.karate -- request:
1 > POST http://localhost:3000/auth/register
1 > Content-Type: application/json; charset=UTF-8
1 > Content-Length: 117
1 > Host: localhost:3000
1 > Connection: Keep-Alive
1 > User-Agent: Apache-HttpClient/4.5.14 (Java/17.0.9)
1 > Accept-Encoding: gzip,deflate
{
  "email": "invalid_email",
  "password": "Password123",
  "name": "John Doe",
  "username": "johndoe8",
  "phoneNumber": "0987654321"
}


11:17:35.434 [main] DEBUG org.apache.http.impl.conn.PoolingHttpClientConnectionManager -- Connection request: [route: {}->http://localhost:3000][total available: 0; route allocated: 0 of 5; total allocated: 0 of 10]
11:17:35.434 [main] DEBUG org.apache.http.impl.conn.PoolingHttpClientConnectionManager -- Connection leased: [id: 7][route: {}->http://localhost:3000][total available: 0; route allocated: 1 of 5; total allocated: 1 of 10]
11:17:35.434 [main] DEBUG org.apache.http.impl.execchain.MainClientExec -- Opening connection {}->http://localhost:3000
11:17:35.434 [main] DEBUG org.apache.http.impl.conn.DefaultHttpClientConnectionOperator -- Connecting to localhost/127.0.0.1:3000
11:17:35.435 [main] DEBUG org.apache.http.impl.conn.DefaultHttpClientConnectionOperator -- Connection established 127.0.0.1:54890<->127.0.0.1:3000
11:17:35.435 [main] DEBUG org.apache.http.impl.conn.DefaultManagedHttpClientConnection -- http-outgoing-7: set socket timeout to 5000
11:17:35.435 [main] DEBUG org.apache.http.impl.execchain.MainClientExec -- Executing request POST /auth/register HTTP/1.1
11:17:35.435 [main] DEBUG org.apache.http.impl.execchain.MainClientExec -- Target auth state: UNCHALLENGED
11:17:35.435 [main] DEBUG org.apache.http.impl.execchain.MainClientExec -- Proxy auth state: UNCHALLENGED
11:17:35.435 [main] DEBUG org.apache.http.headers -- http-outgoing-7 >> POST /auth/register HTTP/1.1
11:17:35.435 [main] DEBUG org.apache.http.headers -- http-outgoing-7 >> Content-Type: application/json; charset=UTF-8
11:17:35.435 [main] DEBUG org.apache.http.headers -- http-outgoing-7 >> Content-Length: 117
11:17:35.435 [main] DEBUG org.apache.http.headers -- http-outgoing-7 >> Host: localhost:3000
11:17:35.435 [main] DEBUG org.apache.http.headers -- http-outgoing-7 >> Connection: Keep-Alive
11:17:35.435 [main] DEBUG org.apache.http.headers -- http-outgoing-7 >> User-Agent: Apache-HttpClient/4.5.14 (Java/17.0.9)
11:17:35.435 [main] DEBUG org.apache.http.headers -- http-outgoing-7 >> Accept-Encoding: gzip,deflate
11:17:35.435 [main] DEBUG org.apache.http.wire -- http-outgoing-7 >> "POST /auth/register HTTP/1.1[\r][\n]"
11:17:35.435 [main] DEBUG org.apache.http.wire -- http-outgoing-7 >> "Content-Type: application/json; charset=UTF-8[\r][\n]"
11:17:35.435 [main] DEBUG org.apache.http.wire -- http-outgoing-7 >> "Content-Length: 117[\r][\n]"
11:17:35.435 [main] DEBUG org.apache.http.wire -- http-outgoing-7 >> "Host: localhost:3000[\r][\n]"
11:17:35.435 [main] DEBUG org.apache.http.wire -- http-outgoing-7 >> "Connection: Keep-Alive[\r][\n]"
11:17:35.435 [main] DEBUG org.apache.http.wire -- http-outgoing-7 >> "User-Agent: Apache-HttpClient/4.5.14 (Java/17.0.9)[\r][\n]"
11:17:35.435 [main] DEBUG org.apache.http.wire -- http-outgoing-7 >> "Accept-Encoding: gzip,deflate[\r][\n]"
11:17:35.435 [main] DEBUG org.apache.http.wire -- http-outgoing-7 >> "[\r][\n]"
11:17:35.435 [main] DEBUG org.apache.http.wire -- http-outgoing-7 >> "{"email":"invalid_email","password":"Password123","name":"John Doe","username":"johndoe8","phoneNumber":"0987654321"}"
11:17:35.436 [main] DEBUG org.apache.http.wire -- http-outgoing-7 << "HTTP/1.1 400 Bad Request[\r][\n]"
11:17:35.437 [main] DEBUG org.apache.http.wire -- http-outgoing-7 << "X-Powered-By: Express[\r][\n]"
11:17:35.437 [main] DEBUG org.apache.http.wire -- http-outgoing-7 << "Access-Control-Allow-Origin: *[\r][\n]"
11:17:35.437 [main] DEBUG org.apache.http.wire -- http-outgoing-7 << "Content-Type: application/json; charset=utf-8[\r][\n]"
11:17:35.437 [main] DEBUG org.apache.http.wire -- http-outgoing-7 << "Content-Length: 139[\r][\n]"
11:17:35.437 [main] DEBUG org.apache.http.wire -- http-outgoing-7 << "ETag: W/"8b-4wLZII9IP9PH7upAz+ascDYEq94"[\r][\n]"
11:17:35.437 [main] DEBUG org.apache.http.wire -- http-outgoing-7 << "Date: Sun, 22 Jun 2025 04:17:35 GMT[\r][\n]"
11:17:35.437 [main] DEBUG org.apache.http.wire -- http-outgoing-7 << "Connection: keep-alive[\r][\n]"
11:17:35.437 [main] DEBUG org.apache.http.wire -- http-outgoing-7 << "Keep-Alive: timeout=5[\r][\n]"
11:17:35.437 [main] DEBUG org.apache.http.wire -- http-outgoing-7 << "[\r][\n]"
11:17:35.437 [main] DEBUG org.apache.http.wire -- http-outgoing-7 << "{"success":false,"statusCode":400,"message":"D[0xe1][0xbb][0xaf] li[0xe1][0xbb][0x87]u kh[0xc3][0xb4]ng h[0xe1][0xbb][0xa3]p l[0xe1][0xbb][0x87]","path":"/auth/register","timestamp":"2025-06-22T04:17:35.436Z"}"
11:17:35.437 [main] DEBUG org.apache.http.headers -- http-outgoing-7 << HTTP/1.1 400 Bad Request
11:17:35.437 [main] DEBUG org.apache.http.headers -- http-outgoing-7 << X-Powered-By: Express
11:17:35.437 [main] DEBUG org.apache.http.headers -- http-outgoing-7 << Access-Control-Allow-Origin: *
11:17:35.437 [main] DEBUG org.apache.http.headers -- http-outgoing-7 << Content-Type: application/json; charset=utf-8
11:17:35.437 [main] DEBUG org.apache.http.headers -- http-outgoing-7 << Content-Length: 139
11:17:35.437 [main] DEBUG org.apache.http.headers -- http-outgoing-7 << ETag: W/"8b-4wLZII9IP9PH7upAz+ascDYEq94"
11:17:35.437 [main] DEBUG org.apache.http.headers -- http-outgoing-7 << Date: Sun, 22 Jun 2025 04:17:35 GMT
11:17:35.438 [main] DEBUG org.apache.http.headers -- http-outgoing-7 << Connection: keep-alive
11:17:35.438 [main] DEBUG org.apache.http.headers -- http-outgoing-7 << Keep-Alive: timeout=5
11:17:35.438 [main] DEBUG org.apache.http.impl.execchain.MainClientExec -- Connection can be kept alive for 5000 MILLISECONDS
11:17:35.438 [main] DEBUG org.apache.http.impl.conn.PoolingHttpClientConnectionManager -- Connection [id: 7][route: {}->http://localhost:3000] can be kept alive for 5.0 seconds
11:17:35.438 [main] DEBUG org.apache.http.impl.conn.DefaultManagedHttpClientConnection -- http-outgoing-7: set socket timeout to 0
11:17:35.438 [main] DEBUG org.apache.http.impl.conn.PoolingHttpClientConnectionManager -- Connection released: [id: 7][route: {}->http://localhost:3000][total available: 1; route allocated: 1 of 5; total allocated: 1 of 10]
11:17:35.438 [main] DEBUG org.apache.http.impl.conn.PoolingHttpClientConnectionManager -- Connection manager is shutting down
11:17:35.438 [main] DEBUG org.apache.http.impl.conn.DefaultManagedHttpClientConnection -- http-outgoing-7: Close connection
11:17:35.438 [main] DEBUG org.apache.http.impl.conn.PoolingHttpClientConnectionManager -- Connection manager shut down
11:17:35.438 [main] DEBUG com.intuit.karate -- response time in milliseconds: 4
1 < 400
1 < X-Powered-By: Express
1 < Access-Control-Allow-Origin: *
1 < Content-Type: application/json; charset=utf-8
1 < Content-Length: 139
1 < ETag: W/"8b-4wLZII9IP9PH7upAz+ascDYEq94"
1 < Date: Sun, 22 Jun 2025 04:17:35 GMT
1 < Connection: keep-alive
1 < Keep-Alive: timeout=5
{
  "success": false,
  "statusCode": 400,
  "message": "D? li?u không h?p l?",
  "path": "/auth/register",
  "timestamp": "2025-06-22T04:17:35.436Z"
}


11:17:35.439 [main] DEBUG com.intuit.karate.core.ScenarioEngine -- over-writing existing variable 'responseStatus' with new value: karate.get('responseStatus')
11:17:35.439 [main] DEBUG com.intuit.karate.core.ScenarioEngine -- over-writing existing variable 'response' with new value: karate.get('response')
11:17:35.440 [main] INFO com.intuit.karate -- [print] Register API called with: 
11:17:35.440 [main] INFO com.intuit.karate -- [print] Request: {
  "email": "invalid_email",
  "password": "Password123",
  "name": "John Doe",
  "username": "johndoe8",
  "phoneNumber": "0987654321"
}
 
11:17:35.440 [main] INFO com.intuit.karate -- [print] Response Status: 400 
11:17:35.440 [main] INFO com.intuit.karate -- [print] Response Body: {
  "success": false,
  "statusCode": 400,
  "message": "D? li?u không h?p l?",
  "path": "/auth/register",
  "timestamp": "2025-06-22T04:17:35.436Z"
}
 
11:17:35.441 [main] INFO com.intuit.karate -- Actual Status: 400 
11:17:35.441 [main] INFO com.intuit.karate -- Actual Response: {"success":false,"statusCode":400,"message":"D? li?u không h?p l?","path":"/auth/register","timestamp":"2025-06-22T04:17:35.436Z"} 
11:17:35.441 [main] INFO com.intuit.karate -- Test Status: PASS 
11:17:35.441 [main] INFO com.intuit.karate -- ? TEST CASE #8 PASSED 
11:17:35.441 [main] INFO com.intuit.karate -- ========================================== 
11:17:35.442 [main] INFO com.intuit.karate -- ========================================== 
11:17:35.442 [main] INFO com.intuit.karate -- ?ANG CH?Y TEST CASE #9/28 
11:17:35.442 [main] INFO com.intuit.karate -- Description: TC9: Password quá ng?n - Ki?m tra khi password d??i 6 ký t? 
11:17:35.442 [main] INFO com.intuit.karate -- Email: "testernoo9@example.com" 
11:17:35.444 [main] INFO com.intuit.karate -- Password: "12345" 
11:17:35.444 [main] INFO com.intuit.karate -- Name: "John Doe" 
11:17:35.444 [main] INFO com.intuit.karate -- Username: "johndoenoo9" 
11:17:35.444 [main] INFO com.intuit.karate -- PhoneNumber: "0987654478" 
11:17:35.444 [main] INFO com.intuit.karate -- Expected Status: 400 
11:17:35.444 [main] INFO com.intuit.karate -- Expected Result: {"error": "Password must be at least 6 characters"} 
11:17:35.444 [main] INFO com.intuit.karate -- ========================================== 
11:17:35.452 [main] INFO com.intuit.karate -- karate.env system property was: null 
11:17:35.454 [main] DEBUG com.jayway.jsonpath.internal.path.CompiledPath -- Evaluating path: $
11:17:35.457 [main] DEBUG org.apache.http.client.protocol.RequestAddCookies -- CookieSpec selected: karate
11:17:35.457 [main] DEBUG org.apache.http.client.protocol.RequestAuthCache -- Auth cache not set in the context
11:17:35.457 [main] DEBUG com.intuit.karate -- request:
1 > POST http://localhost:3000/auth/register
1 > Content-Type: application/json; charset=UTF-8
1 > Content-Length: 123
1 > Host: localhost:3000
1 > Connection: Keep-Alive
1 > User-Agent: Apache-HttpClient/4.5.14 (Java/17.0.9)
1 > Accept-Encoding: gzip,deflate
{
  "email": "testernoo9@example.com",
  "password": "12345",
  "name": "John Doe",
  "username": "johndoenoo9",
  "phoneNumber": "0987654478"
}


11:17:35.458 [main] DEBUG org.apache.http.impl.conn.PoolingHttpClientConnectionManager -- Connection request: [route: {}->http://localhost:3000][total available: 0; route allocated: 0 of 5; total allocated: 0 of 10]
11:17:35.458 [main] DEBUG org.apache.http.impl.conn.PoolingHttpClientConnectionManager -- Connection leased: [id: 8][route: {}->http://localhost:3000][total available: 0; route allocated: 1 of 5; total allocated: 1 of 10]
11:17:35.458 [main] DEBUG org.apache.http.impl.execchain.MainClientExec -- Opening connection {}->http://localhost:3000
11:17:35.458 [main] DEBUG org.apache.http.impl.conn.DefaultHttpClientConnectionOperator -- Connecting to localhost/127.0.0.1:3000
11:17:35.459 [main] DEBUG org.apache.http.impl.conn.DefaultHttpClientConnectionOperator -- Connection established 127.0.0.1:54891<->127.0.0.1:3000
11:17:35.459 [main] DEBUG org.apache.http.impl.conn.DefaultManagedHttpClientConnection -- http-outgoing-8: set socket timeout to 5000
11:17:35.459 [main] DEBUG org.apache.http.impl.execchain.MainClientExec -- Executing request POST /auth/register HTTP/1.1
11:17:35.459 [main] DEBUG org.apache.http.impl.execchain.MainClientExec -- Target auth state: UNCHALLENGED
11:17:35.459 [main] DEBUG org.apache.http.impl.execchain.MainClientExec -- Proxy auth state: UNCHALLENGED
11:17:35.459 [main] DEBUG org.apache.http.headers -- http-outgoing-8 >> POST /auth/register HTTP/1.1
11:17:35.459 [main] DEBUG org.apache.http.headers -- http-outgoing-8 >> Content-Type: application/json; charset=UTF-8
11:17:35.459 [main] DEBUG org.apache.http.headers -- http-outgoing-8 >> Content-Length: 123
11:17:35.459 [main] DEBUG org.apache.http.headers -- http-outgoing-8 >> Host: localhost:3000
11:17:35.459 [main] DEBUG org.apache.http.headers -- http-outgoing-8 >> Connection: Keep-Alive
11:17:35.459 [main] DEBUG org.apache.http.headers -- http-outgoing-8 >> User-Agent: Apache-HttpClient/4.5.14 (Java/17.0.9)
11:17:35.459 [main] DEBUG org.apache.http.headers -- http-outgoing-8 >> Accept-Encoding: gzip,deflate
11:17:35.459 [main] DEBUG org.apache.http.wire -- http-outgoing-8 >> "POST /auth/register HTTP/1.1[\r][\n]"
11:17:35.459 [main] DEBUG org.apache.http.wire -- http-outgoing-8 >> "Content-Type: application/json; charset=UTF-8[\r][\n]"
11:17:35.459 [main] DEBUG org.apache.http.wire -- http-outgoing-8 >> "Content-Length: 123[\r][\n]"
11:17:35.460 [main] DEBUG org.apache.http.wire -- http-outgoing-8 >> "Host: localhost:3000[\r][\n]"
11:17:35.460 [main] DEBUG org.apache.http.wire -- http-outgoing-8 >> "Connection: Keep-Alive[\r][\n]"
11:17:35.460 [main] DEBUG org.apache.http.wire -- http-outgoing-8 >> "User-Agent: Apache-HttpClient/4.5.14 (Java/17.0.9)[\r][\n]"
11:17:35.460 [main] DEBUG org.apache.http.wire -- http-outgoing-8 >> "Accept-Encoding: gzip,deflate[\r][\n]"
11:17:35.460 [main] DEBUG org.apache.http.wire -- http-outgoing-8 >> "[\r][\n]"
11:17:35.460 [main] DEBUG org.apache.http.wire -- http-outgoing-8 >> "{"email":"testernoo9@example.com","password":"12345","name":"John Doe","username":"johndoenoo9","phoneNumber":"0987654478"}"
11:17:35.649 [main] DEBUG org.apache.http.wire -- http-outgoing-8 << "HTTP/1.1 201 Created[\r][\n]"
11:17:35.649 [main] DEBUG org.apache.http.wire -- http-outgoing-8 << "X-Powered-By: Express[\r][\n]"
11:17:35.649 [main] DEBUG org.apache.http.wire -- http-outgoing-8 << "Access-Control-Allow-Origin: *[\r][\n]"
11:17:35.649 [main] DEBUG org.apache.http.wire -- http-outgoing-8 << "Content-Type: application/json; charset=utf-8[\r][\n]"
11:17:35.649 [main] DEBUG org.apache.http.wire -- http-outgoing-8 << "Content-Length: 616[\r][\n]"
11:17:35.649 [main] DEBUG org.apache.http.wire -- http-outgoing-8 << "ETag: W/"268-dOBbUJNHX3JKyRkb9D1mv73nKZg"[\r][\n]"
11:17:35.649 [main] DEBUG org.apache.http.wire -- http-outgoing-8 << "Date: Sun, 22 Jun 2025 04:17:35 GMT[\r][\n]"
11:17:35.649 [main] DEBUG org.apache.http.wire -- http-outgoing-8 << "Connection: keep-alive[\r][\n]"
11:17:35.649 [main] DEBUG org.apache.http.wire -- http-outgoing-8 << "Keep-Alive: timeout=5[\r][\n]"
11:17:35.649 [main] DEBUG org.apache.http.wire -- http-outgoing-8 << "[\r][\n]"
11:17:35.649 [main] DEBUG org.apache.http.wire -- http-outgoing-8 << "{"access_token":"eyJhbGciOiJIUzI1NiIsInR5cCI6IkpXVCJ9.eyJzdWIiOiI5ZDg2YzUyZC00YWQ2LTQzODYtYTFhYy1hNTRiY2QwOTg3YmMiLCJ1c2VybmFtZSI6ImpvaG5kb2Vub285Iiwicm9sZSI6MCwiaWF0IjoxNzUwNTY1ODU1LCJleHAiOjE3NTA1Njk0NTV9.HjeS3ud6noKRDSM5Ynt-vRp8yEyvsbF4CEN0uGmmuE4","refresh_token":"4d1a63ea64004aea70b751811261be5e81c901941a3c8bdb72cfa24d8e0bd096","user":{"id":"9d86c52d-4ad6-4386-a1ac-a54bcd0987bc","email":"testernoo9@example.com","username":"johndoenoo9","name":"John Doe","phoneNumber":"0987654478","profilePic":null,"bio":null,"address":null,"private":false,"verified":false,"role":0,"createdAt":"2025-06-22T04:17:35.561Z"}}"
11:17:35.650 [main] DEBUG org.apache.http.headers -- http-outgoing-8 << HTTP/1.1 201 Created
11:17:35.650 [main] DEBUG org.apache.http.headers -- http-outgoing-8 << X-Powered-By: Express
11:17:35.650 [main] DEBUG org.apache.http.headers -- http-outgoing-8 << Access-Control-Allow-Origin: *
11:17:35.650 [main] DEBUG org.apache.http.headers -- http-outgoing-8 << Content-Type: application/json; charset=utf-8
11:17:35.650 [main] DEBUG org.apache.http.headers -- http-outgoing-8 << Content-Length: 616
11:17:35.650 [main] DEBUG org.apache.http.headers -- http-outgoing-8 << ETag: W/"268-dOBbUJNHX3JKyRkb9D1mv73nKZg"
11:17:35.650 [main] DEBUG org.apache.http.headers -- http-outgoing-8 << Date: Sun, 22 Jun 2025 04:17:35 GMT
11:17:35.650 [main] DEBUG org.apache.http.headers -- http-outgoing-8 << Connection: keep-alive
11:17:35.650 [main] DEBUG org.apache.http.headers -- http-outgoing-8 << Keep-Alive: timeout=5
11:17:35.650 [main] DEBUG org.apache.http.impl.execchain.MainClientExec -- Connection can be kept alive for 5000 MILLISECONDS
11:17:35.650 [main] DEBUG org.apache.http.impl.conn.PoolingHttpClientConnectionManager -- Connection [id: 8][route: {}->http://localhost:3000] can be kept alive for 5.0 seconds
11:17:35.650 [main] DEBUG org.apache.http.impl.conn.DefaultManagedHttpClientConnection -- http-outgoing-8: set socket timeout to 0
11:17:35.650 [main] DEBUG org.apache.http.impl.conn.PoolingHttpClientConnectionManager -- Connection released: [id: 8][route: {}->http://localhost:3000][total available: 1; route allocated: 1 of 5; total allocated: 1 of 10]
11:17:35.650 [main] DEBUG org.apache.http.impl.conn.PoolingHttpClientConnectionManager -- Connection manager is shutting down
11:17:35.650 [main] DEBUG org.apache.http.impl.conn.DefaultManagedHttpClientConnection -- http-outgoing-8: Close connection
11:17:35.650 [main] DEBUG org.apache.http.impl.conn.PoolingHttpClientConnectionManager -- Connection manager shut down
11:17:35.650 [main] DEBUG com.intuit.karate -- response time in milliseconds: 192
1 < 201
1 < X-Powered-By: Express
1 < Access-Control-Allow-Origin: *
1 < Content-Type: application/json; charset=utf-8
1 < Content-Length: 616
1 < ETag: W/"268-dOBbUJNHX3JKyRkb9D1mv73nKZg"
1 < Date: Sun, 22 Jun 2025 04:17:35 GMT
1 < Connection: keep-alive
1 < Keep-Alive: timeout=5
{
  "access_token": "eyJhbGciOiJIUzI1NiIsInR5cCI6IkpXVCJ9.eyJzdWIiOiI5ZDg2YzUyZC00YWQ2LTQzODYtYTFhYy1hNTRiY2QwOTg3YmMiLCJ1c2VybmFtZSI6ImpvaG5kb2Vub285Iiwicm9sZSI6MCwiaWF0IjoxNzUwNTY1ODU1LCJleHAiOjE3NTA1Njk0NTV9.HjeS3ud6noKRDSM5Ynt-vRp8yEyvsbF4CEN0uGmmuE4",
  "refresh_token": "4d1a63ea64004aea70b751811261be5e81c901941a3c8bdb72cfa24d8e0bd096",
  "user": {
    "id": "9d86c52d-4ad6-4386-a1ac-a54bcd0987bc",
    "email": "testernoo9@example.com",
    "username": "johndoenoo9",
    "name": "John Doe",
    "phoneNumber": "0987654478",
    "profilePic": null,
    "bio": null,
    "address": null,
    "private": false,
    "verified": false,
    "role": 0,
    "createdAt": "2025-06-22T04:17:35.561Z"
  }
}


11:17:35.651 [main] DEBUG com.intuit.karate.core.ScenarioEngine -- over-writing existing variable 'responseStatus' with new value: karate.get('responseStatus')
11:17:35.652 [main] DEBUG com.intuit.karate.core.ScenarioEngine -- over-writing existing variable 'response' with new value: karate.get('response')
11:17:35.652 [main] INFO com.intuit.karate -- [print] Register API called with: 
11:17:35.653 [main] INFO com.intuit.karate -- [print] Request: {
  "email": "testernoo9@example.com",
  "password": "12345",
  "name": "John Doe",
  "username": "johndoenoo9",
  "phoneNumber": "0987654478"
}
 
11:17:35.653 [main] INFO com.intuit.karate -- [print] Response Status: 201 
11:17:35.653 [main] INFO com.intuit.karate -- [print] Response Body: {
  "access_token": "eyJhbGciOiJIUzI1NiIsInR5cCI6IkpXVCJ9.eyJzdWIiOiI5ZDg2YzUyZC00YWQ2LTQzODYtYTFhYy1hNTRiY2QwOTg3YmMiLCJ1c2VybmFtZSI6ImpvaG5kb2Vub285Iiwicm9sZSI6MCwiaWF0IjoxNzUwNTY1ODU1LCJleHAiOjE3NTA1Njk0NTV9.HjeS3ud6noKRDSM5Ynt-vRp8yEyvsbF4CEN0uGmmuE4",
  "refresh_token": "4d1a63ea64004aea70b751811261be5e81c901941a3c8bdb72cfa24d8e0bd096",
  "user": {
    "id": "9d86c52d-4ad6-4386-a1ac-a54bcd0987bc",
    "email": "testernoo9@example.com",
    "username": "johndoenoo9",
    "name": "John Doe",
    "phoneNumber": "0987654478",
    "profilePic": null,
    "bio": null,
    "address": null,
    "private": false,
    "verified": false,
    "role": 0,
    "createdAt": "2025-06-22T04:17:35.561Z"
  }
}
 
11:17:35.654 [main] INFO com.intuit.karate -- Actual Status: 201 
11:17:35.655 [main] INFO com.intuit.karate -- Actual Response: {"access_token":"eyJhbGciOiJIUzI1NiIsInR5cCI6IkpXVCJ9.eyJzdWIiOiI5ZDg2YzUyZC00YWQ2LTQzODYtYTFhYy1hNTRiY2QwOTg3YmMiLCJ1c2VybmFtZSI6ImpvaG5kb2Vub285Iiwicm9sZSI6MCwiaWF0IjoxNzUwNTY1ODU1LCJleHAiOjE3NTA1Njk0NTV9.HjeS3ud6noKRDSM5Ynt-vRp8yEyvsbF4CEN0uGmmuE4","refresh_token":"4d1a63ea64004aea70b751811261be5e81c901941a3c8bdb72cfa24d8e0bd096","user":{"id":"9d86c52d-4ad6-4386-a1ac-a54bcd0987bc","email":"testernoo9@example.com","username":"johndoenoo9","name":"John Doe","phoneNumber":"0987654478","profilePic":null,"bio":null,"address":null,"private":false,"verified":false,"role":0,"createdAt":"2025-06-22T04:17:35.561Z"}} 
11:17:35.655 [main] INFO com.intuit.karate -- Test Status: FAIL 
11:17:35.656 [main] INFO com.intuit.karate -- Failure Reason: Status mismatch - Expected: 400, Actual: 201 
11:17:35.656 [main] INFO com.intuit.karate -- ? TEST CASE #9 FAILED: Status mismatch - Expected: 400, Actual: 201 
11:17:35.657 [main] INFO com.intuit.karate -- ========================================== 
11:17:35.657 [main] INFO com.intuit.karate -- ========================================== 
11:17:35.657 [main] INFO com.intuit.karate -- ?ANG CH?Y TEST CASE #10/28 
11:17:35.658 [main] INFO com.intuit.karate -- Description: TC10: Username ?ã t?n t?i - Ki?m tra khi username ?ã ???c s? d?ng 
11:17:35.659 [main] INFO com.intuit.karate -- Email: "testernoo10@example.com" 
11:17:35.659 [main] INFO com.intuit.karate -- Password: "Password123" 
11:17:35.659 [main] INFO com.intuit.karate -- Name: "John Doe" 
11:17:35.659 [main] INFO com.intuit.karate -- Username: "johndoetestno1" 
11:17:35.659 [main] INFO com.intuit.karate -- PhoneNumber: "0123456784" 
11:17:35.659 [main] INFO com.intuit.karate -- Expected Status: 409 
11:17:35.659 [main] INFO com.intuit.karate -- Expected Result: {"error": "Username already exists"} 
11:17:35.659 [main] INFO com.intuit.karate -- ========================================== 
11:17:35.667 [main] INFO com.intuit.karate -- karate.env system property was: null 
11:17:35.670 [main] DEBUG com.jayway.jsonpath.internal.path.CompiledPath -- Evaluating path: $
11:17:35.671 [main] DEBUG org.apache.http.client.protocol.RequestAddCookies -- CookieSpec selected: karate
11:17:35.671 [main] DEBUG org.apache.http.client.protocol.RequestAuthCache -- Auth cache not set in the context
11:17:35.671 [main] DEBUG com.intuit.karate -- request:
1 > POST http://localhost:3000/auth/register
1 > Content-Type: application/json; charset=UTF-8
1 > Content-Length: 133
1 > Host: localhost:3000
1 > Connection: Keep-Alive
1 > User-Agent: Apache-HttpClient/4.5.14 (Java/17.0.9)
1 > Accept-Encoding: gzip,deflate
{
  "email": "testernoo10@example.com",
  "password": "Password123",
  "name": "John Doe",
  "username": "johndoetestno1",
  "phoneNumber": "0123456784"
}


11:17:35.671 [main] DEBUG org.apache.http.impl.conn.PoolingHttpClientConnectionManager -- Connection request: [route: {}->http://localhost:3000][total available: 0; route allocated: 0 of 5; total allocated: 0 of 10]
11:17:35.671 [main] DEBUG org.apache.http.impl.conn.PoolingHttpClientConnectionManager -- Connection leased: [id: 9][route: {}->http://localhost:3000][total available: 0; route allocated: 1 of 5; total allocated: 1 of 10]
11:17:35.671 [main] DEBUG org.apache.http.impl.execchain.MainClientExec -- Opening connection {}->http://localhost:3000
11:17:35.672 [main] DEBUG org.apache.http.impl.conn.DefaultHttpClientConnectionOperator -- Connecting to localhost/127.0.0.1:3000
11:17:35.672 [main] DEBUG org.apache.http.impl.conn.DefaultHttpClientConnectionOperator -- Connection established 127.0.0.1:54892<->127.0.0.1:3000
11:17:35.672 [main] DEBUG org.apache.http.impl.conn.DefaultManagedHttpClientConnection -- http-outgoing-9: set socket timeout to 5000
11:17:35.672 [main] DEBUG org.apache.http.impl.execchain.MainClientExec -- Executing request POST /auth/register HTTP/1.1
11:17:35.672 [main] DEBUG org.apache.http.impl.execchain.MainClientExec -- Target auth state: UNCHALLENGED
11:17:35.672 [main] DEBUG org.apache.http.impl.execchain.MainClientExec -- Proxy auth state: UNCHALLENGED
11:17:35.672 [main] DEBUG org.apache.http.headers -- http-outgoing-9 >> POST /auth/register HTTP/1.1
11:17:35.672 [main] DEBUG org.apache.http.headers -- http-outgoing-9 >> Content-Type: application/json; charset=UTF-8
11:17:35.672 [main] DEBUG org.apache.http.headers -- http-outgoing-9 >> Content-Length: 133
11:17:35.672 [main] DEBUG org.apache.http.headers -- http-outgoing-9 >> Host: localhost:3000
11:17:35.672 [main] DEBUG org.apache.http.headers -- http-outgoing-9 >> Connection: Keep-Alive
11:17:35.672 [main] DEBUG org.apache.http.headers -- http-outgoing-9 >> User-Agent: Apache-HttpClient/4.5.14 (Java/17.0.9)
11:17:35.672 [main] DEBUG org.apache.http.headers -- http-outgoing-9 >> Accept-Encoding: gzip,deflate
11:17:35.672 [main] DEBUG org.apache.http.wire -- http-outgoing-9 >> "POST /auth/register HTTP/1.1[\r][\n]"
11:17:35.672 [main] DEBUG org.apache.http.wire -- http-outgoing-9 >> "Content-Type: application/json; charset=UTF-8[\r][\n]"
11:17:35.672 [main] DEBUG org.apache.http.wire -- http-outgoing-9 >> "Content-Length: 133[\r][\n]"
11:17:35.672 [main] DEBUG org.apache.http.wire -- http-outgoing-9 >> "Host: localhost:3000[\r][\n]"
11:17:35.672 [main] DEBUG org.apache.http.wire -- http-outgoing-9 >> "Connection: Keep-Alive[\r][\n]"
11:17:35.672 [main] DEBUG org.apache.http.wire -- http-outgoing-9 >> "User-Agent: Apache-HttpClient/4.5.14 (Java/17.0.9)[\r][\n]"
11:17:35.672 [main] DEBUG org.apache.http.wire -- http-outgoing-9 >> "Accept-Encoding: gzip,deflate[\r][\n]"
11:17:35.672 [main] DEBUG org.apache.http.wire -- http-outgoing-9 >> "[\r][\n]"
11:17:35.672 [main] DEBUG org.apache.http.wire -- http-outgoing-9 >> "{"email":"testernoo10@example.com","password":"Password123","name":"John Doe","username":"johndoetestno1","phoneNumber":"0123456784"}"
11:17:35.703 [main] DEBUG org.apache.http.wire -- http-outgoing-9 << "HTTP/1.1 409 Conflict[\r][\n]"
11:17:35.703 [main] DEBUG org.apache.http.wire -- http-outgoing-9 << "X-Powered-By: Express[\r][\n]"
11:17:35.703 [main] DEBUG org.apache.http.wire -- http-outgoing-9 << "Access-Control-Allow-Origin: *[\r][\n]"
11:17:35.703 [main] DEBUG org.apache.http.wire -- http-outgoing-9 << "Content-Type: application/json; charset=utf-8[\r][\n]"
11:17:35.703 [main] DEBUG org.apache.http.wire -- http-outgoing-9 << "Content-Length: 158[\r][\n]"
11:17:35.703 [main] DEBUG org.apache.http.wire -- http-outgoing-9 << "ETag: W/"9e-15GnwzLjLYckKxJCzy9ARi7eIU8"[\r][\n]"
11:17:35.703 [main] DEBUG org.apache.http.wire -- http-outgoing-9 << "Date: Sun, 22 Jun 2025 04:17:35 GMT[\r][\n]"
11:17:35.703 [main] DEBUG org.apache.http.wire -- http-outgoing-9 << "Connection: keep-alive[\r][\n]"
11:17:35.703 [main] DEBUG org.apache.http.wire -- http-outgoing-9 << "Keep-Alive: timeout=5[\r][\n]"
11:17:35.703 [main] DEBUG org.apache.http.wire -- http-outgoing-9 << "[\r][\n]"
11:17:35.703 [main] DEBUG org.apache.http.wire -- http-outgoing-9 << "{"success":false,"statusCode":409,"message":"Email ho[0xe1][0xba][0xb7]c t[0xc3][0xaa]n [0xc4][0x91][0xc4][0x83]ng nh[0xe1][0xba][0xad]p [0xc4][0x91][0xc3][0xa3] t[0xe1][0xbb][0x93]n t[0xe1][0xba][0xa1]i","path":"/auth/register","timestamp":"2025-06-22T04:17:35.701Z"}"
11:17:35.703 [main] DEBUG org.apache.http.headers -- http-outgoing-9 << HTTP/1.1 409 Conflict
11:17:35.703 [main] DEBUG org.apache.http.headers -- http-outgoing-9 << X-Powered-By: Express
11:17:35.703 [main] DEBUG org.apache.http.headers -- http-outgoing-9 << Access-Control-Allow-Origin: *
11:17:35.703 [main] DEBUG org.apache.http.headers -- http-outgoing-9 << Content-Type: application/json; charset=utf-8
11:17:35.703 [main] DEBUG org.apache.http.headers -- http-outgoing-9 << Content-Length: 158
11:17:35.703 [main] DEBUG org.apache.http.headers -- http-outgoing-9 << ETag: W/"9e-15GnwzLjLYckKxJCzy9ARi7eIU8"
11:17:35.703 [main] DEBUG org.apache.http.headers -- http-outgoing-9 << Date: Sun, 22 Jun 2025 04:17:35 GMT
11:17:35.703 [main] DEBUG org.apache.http.headers -- http-outgoing-9 << Connection: keep-alive
11:17:35.703 [main] DEBUG org.apache.http.headers -- http-outgoing-9 << Keep-Alive: timeout=5
11:17:35.703 [main] DEBUG org.apache.http.impl.execchain.MainClientExec -- Connection can be kept alive for 5000 MILLISECONDS
11:17:35.703 [main] DEBUG org.apache.http.impl.conn.PoolingHttpClientConnectionManager -- Connection [id: 9][route: {}->http://localhost:3000] can be kept alive for 5.0 seconds
11:17:35.703 [main] DEBUG org.apache.http.impl.conn.DefaultManagedHttpClientConnection -- http-outgoing-9: set socket timeout to 0
11:17:35.703 [main] DEBUG org.apache.http.impl.conn.PoolingHttpClientConnectionManager -- Connection released: [id: 9][route: {}->http://localhost:3000][total available: 1; route allocated: 1 of 5; total allocated: 1 of 10]
11:17:35.704 [main] DEBUG org.apache.http.impl.conn.PoolingHttpClientConnectionManager -- Connection manager is shutting down
11:17:35.704 [main] DEBUG org.apache.http.impl.conn.DefaultManagedHttpClientConnection -- http-outgoing-9: Close connection
11:17:35.704 [main] DEBUG org.apache.http.impl.conn.PoolingHttpClientConnectionManager -- Connection manager shut down
11:17:35.704 [main] DEBUG com.intuit.karate -- response time in milliseconds: 33
1 < 409
1 < X-Powered-By: Express
1 < Access-Control-Allow-Origin: *
1 < Content-Type: application/json; charset=utf-8
1 < Content-Length: 158
1 < ETag: W/"9e-15GnwzLjLYckKxJCzy9ARi7eIU8"
1 < Date: Sun, 22 Jun 2025 04:17:35 GMT
1 < Connection: keep-alive
1 < Keep-Alive: timeout=5
{
  "success": false,
  "statusCode": 409,
  "message": "Email ho?c tên ??ng nh?p ?ã t?n t?i",
  "path": "/auth/register",
  "timestamp": "2025-06-22T04:17:35.701Z"
}


11:17:35.704 [main] DEBUG com.intuit.karate.core.ScenarioEngine -- over-writing existing variable 'responseStatus' with new value: karate.get('responseStatus')
11:17:35.705 [main] DEBUG com.intuit.karate.core.ScenarioEngine -- over-writing existing variable 'response' with new value: karate.get('response')
11:17:35.705 [main] INFO com.intuit.karate -- [print] Register API called with: 
11:17:35.705 [main] INFO com.intuit.karate -- [print] Request: {
  "email": "testernoo10@example.com",
  "password": "Password123",
  "name": "John Doe",
  "username": "johndoetestno1",
  "phoneNumber": "0123456784"
}
 
11:17:35.706 [main] INFO com.intuit.karate -- [print] Response Status: 409 
11:17:35.706 [main] INFO com.intuit.karate -- [print] Response Body: {
  "success": false,
  "statusCode": 409,
  "message": "Email ho?c tên ??ng nh?p ?ã t?n t?i",
  "path": "/auth/register",
  "timestamp": "2025-06-22T04:17:35.701Z"
}
 
11:17:35.706 [main] INFO com.intuit.karate -- Actual Status: 409 
11:17:35.707 [main] INFO com.intuit.karate -- Actual Response: {"success":false,"statusCode":409,"message":"Email ho?c tên ??ng nh?p ?ã t?n t?i","path":"/auth/register","timestamp":"2025-06-22T04:17:35.701Z"} 
11:17:35.707 [main] INFO com.intuit.karate -- Test Status: PASS 
11:17:35.707 [main] INFO com.intuit.karate -- ? TEST CASE #10 PASSED 
11:17:35.707 [main] INFO com.intuit.karate -- ========================================== 
11:17:35.708 [main] INFO com.intuit.karate -- ========================================== 
11:17:35.708 [main] INFO com.intuit.karate -- ?ANG CH?Y TEST CASE #11/28 
11:17:35.708 [main] INFO com.intuit.karate -- Description: TC11: Email ?ã t?n t?i - Ki?m tra khi email ?ã ???c s? d?ng 
11:17:35.708 [main] INFO com.intuit.karate -- Email: "testerno1@example.com" 
11:17:35.708 [main] INFO com.intuit.karate -- Password: "Password123" 
11:17:35.708 [main] INFO com.intuit.karate -- Name: "John Doe" 
11:17:35.708 [main] INFO com.intuit.karate -- Username: "newuserno11" 
11:17:35.708 [main] INFO com.intuit.karate -- PhoneNumber: "0123456712" 
11:17:35.708 [main] INFO com.intuit.karate -- Expected Status: 409 
11:17:35.708 [main] INFO com.intuit.karate -- Expected Result: {"error": "Email already exists"} 
11:17:35.708 [main] INFO com.intuit.karate -- ========================================== 
11:17:35.715 [main] INFO com.intuit.karate -- karate.env system property was: null 
11:17:35.717 [main] DEBUG com.jayway.jsonpath.internal.path.CompiledPath -- Evaluating path: $
11:17:35.718 [main] DEBUG org.apache.http.client.protocol.RequestAddCookies -- CookieSpec selected: karate
11:17:35.718 [main] DEBUG org.apache.http.client.protocol.RequestAuthCache -- Auth cache not set in the context
11:17:35.718 [main] DEBUG com.intuit.karate -- request:
1 > POST http://localhost:3000/auth/register
1 > Content-Type: application/json; charset=UTF-8
1 > Content-Length: 128
1 > Host: localhost:3000
1 > Connection: Keep-Alive
1 > User-Agent: Apache-HttpClient/4.5.14 (Java/17.0.9)
1 > Accept-Encoding: gzip,deflate
{
  "email": "testerno1@example.com",
  "password": "Password123",
  "name": "John Doe",
  "username": "newuserno11",
  "phoneNumber": "0123456712"
}


11:17:35.719 [main] DEBUG org.apache.http.impl.conn.PoolingHttpClientConnectionManager -- Connection request: [route: {}->http://localhost:3000][total available: 0; route allocated: 0 of 5; total allocated: 0 of 10]
11:17:35.719 [main] DEBUG org.apache.http.impl.conn.PoolingHttpClientConnectionManager -- Connection leased: [id: 10][route: {}->http://localhost:3000][total available: 0; route allocated: 1 of 5; total allocated: 1 of 10]
11:17:35.719 [main] DEBUG org.apache.http.impl.execchain.MainClientExec -- Opening connection {}->http://localhost:3000
11:17:35.719 [main] DEBUG org.apache.http.impl.conn.DefaultHttpClientConnectionOperator -- Connecting to localhost/127.0.0.1:3000
11:17:35.720 [main] DEBUG org.apache.http.impl.conn.DefaultHttpClientConnectionOperator -- Connection established 127.0.0.1:54893<->127.0.0.1:3000
11:17:35.720 [main] DEBUG org.apache.http.impl.conn.DefaultManagedHttpClientConnection -- http-outgoing-10: set socket timeout to 5000
11:17:35.720 [main] DEBUG org.apache.http.impl.execchain.MainClientExec -- Executing request POST /auth/register HTTP/1.1
11:17:35.720 [main] DEBUG org.apache.http.impl.execchain.MainClientExec -- Target auth state: UNCHALLENGED
11:17:35.720 [main] DEBUG org.apache.http.impl.execchain.MainClientExec -- Proxy auth state: UNCHALLENGED
11:17:35.720 [main] DEBUG org.apache.http.headers -- http-outgoing-10 >> POST /auth/register HTTP/1.1
11:17:35.720 [main] DEBUG org.apache.http.headers -- http-outgoing-10 >> Content-Type: application/json; charset=UTF-8
11:17:35.720 [main] DEBUG org.apache.http.headers -- http-outgoing-10 >> Content-Length: 128
11:17:35.720 [main] DEBUG org.apache.http.headers -- http-outgoing-10 >> Host: localhost:3000
11:17:35.720 [main] DEBUG org.apache.http.headers -- http-outgoing-10 >> Connection: Keep-Alive
11:17:35.720 [main] DEBUG org.apache.http.headers -- http-outgoing-10 >> User-Agent: Apache-HttpClient/4.5.14 (Java/17.0.9)
11:17:35.720 [main] DEBUG org.apache.http.headers -- http-outgoing-10 >> Accept-Encoding: gzip,deflate
11:17:35.720 [main] DEBUG org.apache.http.wire -- http-outgoing-10 >> "POST /auth/register HTTP/1.1[\r][\n]"
11:17:35.720 [main] DEBUG org.apache.http.wire -- http-outgoing-10 >> "Content-Type: application/json; charset=UTF-8[\r][\n]"
11:17:35.720 [main] DEBUG org.apache.http.wire -- http-outgoing-10 >> "Content-Length: 128[\r][\n]"
11:17:35.720 [main] DEBUG org.apache.http.wire -- http-outgoing-10 >> "Host: localhost:3000[\r][\n]"
11:17:35.720 [main] DEBUG org.apache.http.wire -- http-outgoing-10 >> "Connection: Keep-Alive[\r][\n]"
11:17:35.720 [main] DEBUG org.apache.http.wire -- http-outgoing-10 >> "User-Agent: Apache-HttpClient/4.5.14 (Java/17.0.9)[\r][\n]"
11:17:35.720 [main] DEBUG org.apache.http.wire -- http-outgoing-10 >> "Accept-Encoding: gzip,deflate[\r][\n]"
11:17:35.720 [main] DEBUG org.apache.http.wire -- http-outgoing-10 >> "[\r][\n]"
11:17:35.720 [main] DEBUG org.apache.http.wire -- http-outgoing-10 >> "{"email":"testerno1@example.com","password":"Password123","name":"John Doe","username":"newuserno11","phoneNumber":"0123456712"}"
11:17:35.750 [main] DEBUG org.apache.http.wire -- http-outgoing-10 << "HTTP/1.1 409 Conflict[\r][\n]"
11:17:35.750 [main] DEBUG org.apache.http.wire -- http-outgoing-10 << "X-Powered-By: Express[\r][\n]"
11:17:35.750 [main] DEBUG org.apache.http.wire -- http-outgoing-10 << "Access-Control-Allow-Origin: *[\r][\n]"
11:17:35.750 [main] DEBUG org.apache.http.wire -- http-outgoing-10 << "Content-Type: application/json; charset=utf-8[\r][\n]"
11:17:35.750 [main] DEBUG org.apache.http.wire -- http-outgoing-10 << "Content-Length: 158[\r][\n]"
11:17:35.750 [main] DEBUG org.apache.http.wire -- http-outgoing-10 << "ETag: W/"9e-wpi8BhzyRwQD4DaYh84Eivk/TJE"[\r][\n]"
11:17:35.750 [main] DEBUG org.apache.http.wire -- http-outgoing-10 << "Date: Sun, 22 Jun 2025 04:17:35 GMT[\r][\n]"
11:17:35.750 [main] DEBUG org.apache.http.wire -- http-outgoing-10 << "Connection: keep-alive[\r][\n]"
11:17:35.750 [main] DEBUG org.apache.http.wire -- http-outgoing-10 << "Keep-Alive: timeout=5[\r][\n]"
11:17:35.750 [main] DEBUG org.apache.http.wire -- http-outgoing-10 << "[\r][\n]"
11:17:35.750 [main] DEBUG org.apache.http.wire -- http-outgoing-10 << "{"success":false,"statusCode":409,"message":"Email ho[0xe1][0xba][0xb7]c t[0xc3][0xaa]n [0xc4][0x91][0xc4][0x83]ng nh[0xe1][0xba][0xad]p [0xc4][0x91][0xc3][0xa3] t[0xe1][0xbb][0x93]n t[0xe1][0xba][0xa1]i","path":"/auth/register","timestamp":"2025-06-22T04:17:35.749Z"}"
11:17:35.750 [main] DEBUG org.apache.http.headers -- http-outgoing-10 << HTTP/1.1 409 Conflict
11:17:35.750 [main] DEBUG org.apache.http.headers -- http-outgoing-10 << X-Powered-By: Express
11:17:35.750 [main] DEBUG org.apache.http.headers -- http-outgoing-10 << Access-Control-Allow-Origin: *
11:17:35.750 [main] DEBUG org.apache.http.headers -- http-outgoing-10 << Content-Type: application/json; charset=utf-8
11:17:35.750 [main] DEBUG org.apache.http.headers -- http-outgoing-10 << Content-Length: 158
11:17:35.750 [main] DEBUG org.apache.http.headers -- http-outgoing-10 << ETag: W/"9e-wpi8BhzyRwQD4DaYh84Eivk/TJE"
11:17:35.750 [main] DEBUG org.apache.http.headers -- http-outgoing-10 << Date: Sun, 22 Jun 2025 04:17:35 GMT
11:17:35.750 [main] DEBUG org.apache.http.headers -- http-outgoing-10 << Connection: keep-alive
11:17:35.750 [main] DEBUG org.apache.http.headers -- http-outgoing-10 << Keep-Alive: timeout=5
11:17:35.750 [main] DEBUG org.apache.http.impl.execchain.MainClientExec -- Connection can be kept alive for 5000 MILLISECONDS
11:17:35.750 [main] DEBUG org.apache.http.impl.conn.PoolingHttpClientConnectionManager -- Connection [id: 10][route: {}->http://localhost:3000] can be kept alive for 5.0 seconds
11:17:35.750 [main] DEBUG org.apache.http.impl.conn.DefaultManagedHttpClientConnection -- http-outgoing-10: set socket timeout to 0
11:17:35.751 [main] DEBUG org.apache.http.impl.conn.PoolingHttpClientConnectionManager -- Connection released: [id: 10][route: {}->http://localhost:3000][total available: 1; route allocated: 1 of 5; total allocated: 1 of 10]
11:17:35.751 [main] DEBUG org.apache.http.impl.conn.PoolingHttpClientConnectionManager -- Connection manager is shutting down
11:17:35.751 [main] DEBUG org.apache.http.impl.conn.DefaultManagedHttpClientConnection -- http-outgoing-10: Close connection
11:17:35.751 [main] DEBUG org.apache.http.impl.conn.PoolingHttpClientConnectionManager -- Connection manager shut down
11:17:35.751 [main] DEBUG com.intuit.karate -- response time in milliseconds: 32
1 < 409
1 < X-Powered-By: Express
1 < Access-Control-Allow-Origin: *
1 < Content-Type: application/json; charset=utf-8
1 < Content-Length: 158
1 < ETag: W/"9e-wpi8BhzyRwQD4DaYh84Eivk/TJE"
1 < Date: Sun, 22 Jun 2025 04:17:35 GMT
1 < Connection: keep-alive
1 < Keep-Alive: timeout=5
{
  "success": false,
  "statusCode": 409,
  "message": "Email ho?c tên ??ng nh?p ?ã t?n t?i",
  "path": "/auth/register",
  "timestamp": "2025-06-22T04:17:35.749Z"
}


11:17:35.752 [main] DEBUG com.intuit.karate.core.ScenarioEngine -- over-writing existing variable 'responseStatus' with new value: karate.get('responseStatus')
11:17:35.752 [main] DEBUG com.intuit.karate.core.ScenarioEngine -- over-writing existing variable 'response' with new value: karate.get('response')
11:17:35.752 [main] INFO com.intuit.karate -- [print] Register API called with: 
11:17:35.753 [main] INFO com.intuit.karate -- [print] Request: {
  "email": "testerno1@example.com",
  "password": "Password123",
  "name": "John Doe",
  "username": "newuserno11",
  "phoneNumber": "0123456712"
}
 
11:17:35.753 [main] INFO com.intuit.karate -- [print] Response Status: 409 
11:17:35.753 [main] INFO com.intuit.karate -- [print] Response Body: {
  "success": false,
  "statusCode": 409,
  "message": "Email ho?c tên ??ng nh?p ?ã t?n t?i",
  "path": "/auth/register",
  "timestamp": "2025-06-22T04:17:35.749Z"
}
 
11:17:35.753 [main] INFO com.intuit.karate -- Actual Status: 409 
11:17:35.753 [main] INFO com.intuit.karate -- Actual Response: {"success":false,"statusCode":409,"message":"Email ho?c tên ??ng nh?p ?ã t?n t?i","path":"/auth/register","timestamp":"2025-06-22T04:17:35.749Z"} 
11:17:35.755 [main] INFO com.intuit.karate -- Test Status: PASS 
11:17:35.755 [main] INFO com.intuit.karate -- ? TEST CASE #11 PASSED 
11:17:35.755 [main] INFO com.intuit.karate -- ========================================== 
11:17:35.755 [main] INFO com.intuit.karate -- ========================================== 
11:17:35.755 [main] INFO com.intuit.karate -- ?ANG CH?Y TEST CASE #12/28 
11:17:35.755 [main] INFO com.intuit.karate -- Description: TC12: S? ?i?n tho?i ?ã t?n t?i - Ki?m tra khi s? ?i?n tho?i ?ã ???c s? d?ng 
11:17:35.755 [main] INFO com.intuit.karate -- Email: "test12@example.com" 
11:17:35.755 [main] INFO com.intuit.karate -- Password: "Password123" 
11:17:35.755 [main] INFO com.intuit.karate -- Name: "John Doe" 
11:17:35.755 [main] INFO com.intuit.karate -- Username: "newuser12" 
11:17:35.755 [main] INFO com.intuit.karate -- PhoneNumber: "0987654207" 
11:17:35.755 [main] INFO com.intuit.karate -- Expected Status: 409 
11:17:35.755 [main] INFO com.intuit.karate -- Expected Result: {"error": "Phone number already exists"} 
11:17:35.755 [main] INFO com.intuit.karate -- ========================================== 
11:17:35.763 [main] INFO com.intuit.karate -- karate.env system property was: null 
11:17:35.763 [main] DEBUG com.jayway.jsonpath.internal.path.CompiledPath -- Evaluating path: $
11:17:35.765 [main] DEBUG org.apache.http.client.protocol.RequestAddCookies -- CookieSpec selected: karate
11:17:35.765 [main] DEBUG org.apache.http.client.protocol.RequestAuthCache -- Auth cache not set in the context
11:17:35.765 [main] DEBUG com.intuit.karate -- request:
1 > POST http://localhost:3000/auth/register
1 > Content-Type: application/json; charset=UTF-8
1 > Content-Length: 123
1 > Host: localhost:3000
1 > Connection: Keep-Alive
1 > User-Agent: Apache-HttpClient/4.5.14 (Java/17.0.9)
1 > Accept-Encoding: gzip,deflate
{
  "email": "test12@example.com",
  "password": "Password123",
  "name": "John Doe",
  "username": "newuser12",
  "phoneNumber": "0987654207"
}


11:17:35.765 [main] DEBUG org.apache.http.impl.conn.PoolingHttpClientConnectionManager -- Connection request: [route: {}->http://localhost:3000][total available: 0; route allocated: 0 of 5; total allocated: 0 of 10]
11:17:35.765 [main] DEBUG org.apache.http.impl.conn.PoolingHttpClientConnectionManager -- Connection leased: [id: 11][route: {}->http://localhost:3000][total available: 0; route allocated: 1 of 5; total allocated: 1 of 10]
11:17:35.765 [main] DEBUG org.apache.http.impl.execchain.MainClientExec -- Opening connection {}->http://localhost:3000
11:17:35.765 [main] DEBUG org.apache.http.impl.conn.DefaultHttpClientConnectionOperator -- Connecting to localhost/127.0.0.1:3000
11:17:35.766 [main] DEBUG org.apache.http.impl.conn.DefaultHttpClientConnectionOperator -- Connection established 127.0.0.1:54894<->127.0.0.1:3000
11:17:35.766 [main] DEBUG org.apache.http.impl.conn.DefaultManagedHttpClientConnection -- http-outgoing-11: set socket timeout to 5000
11:17:35.766 [main] DEBUG org.apache.http.impl.execchain.MainClientExec -- Executing request POST /auth/register HTTP/1.1
11:17:35.766 [main] DEBUG org.apache.http.impl.execchain.MainClientExec -- Target auth state: UNCHALLENGED
11:17:35.766 [main] DEBUG org.apache.http.impl.execchain.MainClientExec -- Proxy auth state: UNCHALLENGED
11:17:35.766 [main] DEBUG org.apache.http.headers -- http-outgoing-11 >> POST /auth/register HTTP/1.1
11:17:35.766 [main] DEBUG org.apache.http.headers -- http-outgoing-11 >> Content-Type: application/json; charset=UTF-8
11:17:35.766 [main] DEBUG org.apache.http.headers -- http-outgoing-11 >> Content-Length: 123
11:17:35.766 [main] DEBUG org.apache.http.headers -- http-outgoing-11 >> Host: localhost:3000
11:17:35.766 [main] DEBUG org.apache.http.headers -- http-outgoing-11 >> Connection: Keep-Alive
11:17:35.766 [main] DEBUG org.apache.http.headers -- http-outgoing-11 >> User-Agent: Apache-HttpClient/4.5.14 (Java/17.0.9)
11:17:35.766 [main] DEBUG org.apache.http.headers -- http-outgoing-11 >> Accept-Encoding: gzip,deflate
11:17:35.766 [main] DEBUG org.apache.http.wire -- http-outgoing-11 >> "POST /auth/register HTTP/1.1[\r][\n]"
11:17:35.766 [main] DEBUG org.apache.http.wire -- http-outgoing-11 >> "Content-Type: application/json; charset=UTF-8[\r][\n]"
11:17:35.766 [main] DEBUG org.apache.http.wire -- http-outgoing-11 >> "Content-Length: 123[\r][\n]"
11:17:35.766 [main] DEBUG org.apache.http.wire -- http-outgoing-11 >> "Host: localhost:3000[\r][\n]"
11:17:35.766 [main] DEBUG org.apache.http.wire -- http-outgoing-11 >> "Connection: Keep-Alive[\r][\n]"
11:17:35.766 [main] DEBUG org.apache.http.wire -- http-outgoing-11 >> "User-Agent: Apache-HttpClient/4.5.14 (Java/17.0.9)[\r][\n]"
11:17:35.766 [main] DEBUG org.apache.http.wire -- http-outgoing-11 >> "Accept-Encoding: gzip,deflate[\r][\n]"
11:17:35.766 [main] DEBUG org.apache.http.wire -- http-outgoing-11 >> "[\r][\n]"
11:17:35.766 [main] DEBUG org.apache.http.wire -- http-outgoing-11 >> "{"email":"test12@example.com","password":"Password123","name":"John Doe","username":"newuser12","phoneNumber":"0987654207"}"
11:17:35.797 [main] DEBUG org.apache.http.wire -- http-outgoing-11 << "HTTP/1.1 409 Conflict[\r][\n]"
11:17:35.797 [main] DEBUG org.apache.http.wire -- http-outgoing-11 << "X-Powered-By: Express[\r][\n]"
11:17:35.797 [main] DEBUG org.apache.http.wire -- http-outgoing-11 << "Access-Control-Allow-Origin: *[\r][\n]"
11:17:35.797 [main] DEBUG org.apache.http.wire -- http-outgoing-11 << "Content-Type: application/json; charset=utf-8[\r][\n]"
11:17:35.797 [main] DEBUG org.apache.http.wire -- http-outgoing-11 << "Content-Length: 158[\r][\n]"
11:17:35.797 [main] DEBUG org.apache.http.wire -- http-outgoing-11 << "ETag: W/"9e-THRNC0+ZaLyG5Bvh62nv9fSlSEI"[\r][\n]"
11:17:35.797 [main] DEBUG org.apache.http.wire -- http-outgoing-11 << "Date: Sun, 22 Jun 2025 04:17:35 GMT[\r][\n]"
11:17:35.797 [main] DEBUG org.apache.http.wire -- http-outgoing-11 << "Connection: keep-alive[\r][\n]"
11:17:35.797 [main] DEBUG org.apache.http.wire -- http-outgoing-11 << "Keep-Alive: timeout=5[\r][\n]"
11:17:35.797 [main] DEBUG org.apache.http.wire -- http-outgoing-11 << "[\r][\n]"
11:17:35.797 [main] DEBUG org.apache.http.wire -- http-outgoing-11 << "{"success":false,"statusCode":409,"message":"Email ho[0xe1][0xba][0xb7]c t[0xc3][0xaa]n [0xc4][0x91][0xc4][0x83]ng nh[0xe1][0xba][0xad]p [0xc4][0x91][0xc3][0xa3] t[0xe1][0xbb][0x93]n t[0xe1][0xba][0xa1]i","path":"/auth/register","timestamp":"2025-06-22T04:17:35.795Z"}"
11:17:35.797 [main] DEBUG org.apache.http.headers -- http-outgoing-11 << HTTP/1.1 409 Conflict
11:17:35.797 [main] DEBUG org.apache.http.headers -- http-outgoing-11 << X-Powered-By: Express
11:17:35.797 [main] DEBUG org.apache.http.headers -- http-outgoing-11 << Access-Control-Allow-Origin: *
11:17:35.797 [main] DEBUG org.apache.http.headers -- http-outgoing-11 << Content-Type: application/json; charset=utf-8
11:17:35.797 [main] DEBUG org.apache.http.headers -- http-outgoing-11 << Content-Length: 158
11:17:35.797 [main] DEBUG org.apache.http.headers -- http-outgoing-11 << ETag: W/"9e-THRNC0+ZaLyG5Bvh62nv9fSlSEI"
11:17:35.797 [main] DEBUG org.apache.http.headers -- http-outgoing-11 << Date: Sun, 22 Jun 2025 04:17:35 GMT
11:17:35.797 [main] DEBUG org.apache.http.headers -- http-outgoing-11 << Connection: keep-alive
11:17:35.797 [main] DEBUG org.apache.http.headers -- http-outgoing-11 << Keep-Alive: timeout=5
11:17:35.797 [main] DEBUG org.apache.http.impl.execchain.MainClientExec -- Connection can be kept alive for 5000 MILLISECONDS
11:17:35.797 [main] DEBUG org.apache.http.impl.conn.PoolingHttpClientConnectionManager -- Connection [id: 11][route: {}->http://localhost:3000] can be kept alive for 5.0 seconds
11:17:35.797 [main] DEBUG org.apache.http.impl.conn.DefaultManagedHttpClientConnection -- http-outgoing-11: set socket timeout to 0
11:17:35.797 [main] DEBUG org.apache.http.impl.conn.PoolingHttpClientConnectionManager -- Connection released: [id: 11][route: {}->http://localhost:3000][total available: 1; route allocated: 1 of 5; total allocated: 1 of 10]
11:17:35.797 [main] DEBUG org.apache.http.impl.conn.PoolingHttpClientConnectionManager -- Connection manager is shutting down
11:17:35.797 [main] DEBUG org.apache.http.impl.conn.DefaultManagedHttpClientConnection -- http-outgoing-11: Close connection
11:17:35.797 [main] DEBUG org.apache.http.impl.conn.PoolingHttpClientConnectionManager -- Connection manager shut down
11:17:35.798 [main] DEBUG com.intuit.karate -- response time in milliseconds: 32
1 < 409
1 < X-Powered-By: Express
1 < Access-Control-Allow-Origin: *
1 < Content-Type: application/json; charset=utf-8
1 < Content-Length: 158
1 < ETag: W/"9e-THRNC0+ZaLyG5Bvh62nv9fSlSEI"
1 < Date: Sun, 22 Jun 2025 04:17:35 GMT
1 < Connection: keep-alive
1 < Keep-Alive: timeout=5
{
  "success": false,
  "statusCode": 409,
  "message": "Email ho?c tên ??ng nh?p ?ã t?n t?i",
  "path": "/auth/register",
  "timestamp": "2025-06-22T04:17:35.795Z"
}


11:17:35.798 [main] DEBUG com.intuit.karate.core.ScenarioEngine -- over-writing existing variable 'responseStatus' with new value: karate.get('responseStatus')
11:17:35.799 [main] DEBUG com.intuit.karate.core.ScenarioEngine -- over-writing existing variable 'response' with new value: karate.get('response')
11:17:35.800 [main] INFO com.intuit.karate -- [print] Register API called with: 
11:17:35.800 [main] INFO com.intuit.karate -- [print] Request: {
  "email": "test12@example.com",
  "password": "Password123",
  "name": "John Doe",
  "username": "newuser12",
  "phoneNumber": "0987654207"
}
 
11:17:35.800 [main] INFO com.intuit.karate -- [print] Response Status: 409 
11:17:35.800 [main] INFO com.intuit.karate -- [print] Response Body: {
  "success": false,
  "statusCode": 409,
  "message": "Email ho?c tên ??ng nh?p ?ã t?n t?i",
  "path": "/auth/register",
  "timestamp": "2025-06-22T04:17:35.795Z"
}
 
11:17:35.802 [main] INFO com.intuit.karate -- Actual Status: 409 
11:17:35.803 [main] INFO com.intuit.karate -- Actual Response: {"success":false,"statusCode":409,"message":"Email ho?c tên ??ng nh?p ?ã t?n t?i","path":"/auth/register","timestamp":"2025-06-22T04:17:35.795Z"} 
11:17:35.803 [main] INFO com.intuit.karate -- Test Status: PASS 
11:17:35.803 [main] INFO com.intuit.karate -- ? TEST CASE #12 PASSED 
11:17:35.803 [main] INFO com.intuit.karate -- ========================================== 
11:17:35.803 [main] INFO com.intuit.karate -- ========================================== 
11:17:35.804 [main] INFO com.intuit.karate -- ?ANG CH?Y TEST CASE #13/28 
11:17:35.804 [main] INFO com.intuit.karate -- Description: TC13: S? ?i?n tho?i quá ng?n - Ki?m tra khi s? ?i?n tho?i có 9 ch? s? 
11:17:35.804 [main] INFO com.intuit.karate -- Email: "test13@example.com" 
11:17:35.804 [main] INFO com.intuit.karate -- Password: "Password123" 
11:17:35.804 [main] INFO com.intuit.karate -- Name: "John Doe" 
11:17:35.804 [main] INFO com.intuit.karate -- Username: "johndoe13" 
11:17:35.804 [main] INFO com.intuit.karate -- PhoneNumber: "098765432" 
11:17:35.804 [main] INFO com.intuit.karate -- Expected Status: 400 
11:17:35.804 [main] INFO com.intuit.karate -- Expected Result: {"error": "S? ?i?n tho?i ph?i có 10 ho?c 11 ch? s?"} 
11:17:35.804 [main] INFO com.intuit.karate -- ========================================== 
11:17:35.811 [main] INFO com.intuit.karate -- karate.env system property was: null 
11:17:35.812 [main] DEBUG com.jayway.jsonpath.internal.path.CompiledPath -- Evaluating path: $
11:17:35.813 [main] DEBUG org.apache.http.client.protocol.RequestAddCookies -- CookieSpec selected: karate
11:17:35.814 [main] DEBUG org.apache.http.client.protocol.RequestAuthCache -- Auth cache not set in the context
11:17:35.814 [main] DEBUG com.intuit.karate -- request:
1 > POST http://localhost:3000/auth/register
1 > Content-Type: application/json; charset=UTF-8
1 > Content-Length: 122
1 > Host: localhost:3000
1 > Connection: Keep-Alive
1 > User-Agent: Apache-HttpClient/4.5.14 (Java/17.0.9)
1 > Accept-Encoding: gzip,deflate
{
  "email": "test13@example.com",
  "password": "Password123",
  "name": "John Doe",
  "username": "johndoe13",
  "phoneNumber": "098765432"
}


11:17:35.814 [main] DEBUG org.apache.http.impl.conn.PoolingHttpClientConnectionManager -- Connection request: [route: {}->http://localhost:3000][total available: 0; route allocated: 0 of 5; total allocated: 0 of 10]
11:17:35.814 [main] DEBUG org.apache.http.impl.conn.PoolingHttpClientConnectionManager -- Connection leased: [id: 12][route: {}->http://localhost:3000][total available: 0; route allocated: 1 of 5; total allocated: 1 of 10]
11:17:35.814 [main] DEBUG org.apache.http.impl.execchain.MainClientExec -- Opening connection {}->http://localhost:3000
11:17:35.814 [main] DEBUG org.apache.http.impl.conn.DefaultHttpClientConnectionOperator -- Connecting to localhost/127.0.0.1:3000
11:17:35.814 [main] DEBUG org.apache.http.impl.conn.DefaultHttpClientConnectionOperator -- Connection established 127.0.0.1:54895<->127.0.0.1:3000
11:17:35.814 [main] DEBUG org.apache.http.impl.conn.DefaultManagedHttpClientConnection -- http-outgoing-12: set socket timeout to 5000
11:17:35.814 [main] DEBUG org.apache.http.impl.execchain.MainClientExec -- Executing request POST /auth/register HTTP/1.1
11:17:35.814 [main] DEBUG org.apache.http.impl.execchain.MainClientExec -- Target auth state: UNCHALLENGED
11:17:35.814 [main] DEBUG org.apache.http.impl.execchain.MainClientExec -- Proxy auth state: UNCHALLENGED
11:17:35.814 [main] DEBUG org.apache.http.headers -- http-outgoing-12 >> POST /auth/register HTTP/1.1
11:17:35.814 [main] DEBUG org.apache.http.headers -- http-outgoing-12 >> Content-Type: application/json; charset=UTF-8
11:17:35.814 [main] DEBUG org.apache.http.headers -- http-outgoing-12 >> Content-Length: 122
11:17:35.815 [main] DEBUG org.apache.http.headers -- http-outgoing-12 >> Host: localhost:3000
11:17:35.815 [main] DEBUG org.apache.http.headers -- http-outgoing-12 >> Connection: Keep-Alive
11:17:35.815 [main] DEBUG org.apache.http.headers -- http-outgoing-12 >> User-Agent: Apache-HttpClient/4.5.14 (Java/17.0.9)
11:17:35.815 [main] DEBUG org.apache.http.headers -- http-outgoing-12 >> Accept-Encoding: gzip,deflate
11:17:35.815 [main] DEBUG org.apache.http.wire -- http-outgoing-12 >> "POST /auth/register HTTP/1.1[\r][\n]"
11:17:35.815 [main] DEBUG org.apache.http.wire -- http-outgoing-12 >> "Content-Type: application/json; charset=UTF-8[\r][\n]"
11:17:35.815 [main] DEBUG org.apache.http.wire -- http-outgoing-12 >> "Content-Length: 122[\r][\n]"
11:17:35.815 [main] DEBUG org.apache.http.wire -- http-outgoing-12 >> "Host: localhost:3000[\r][\n]"
11:17:35.815 [main] DEBUG org.apache.http.wire -- http-outgoing-12 >> "Connection: Keep-Alive[\r][\n]"
11:17:35.815 [main] DEBUG org.apache.http.wire -- http-outgoing-12 >> "User-Agent: Apache-HttpClient/4.5.14 (Java/17.0.9)[\r][\n]"
11:17:35.815 [main] DEBUG org.apache.http.wire -- http-outgoing-12 >> "Accept-Encoding: gzip,deflate[\r][\n]"
11:17:35.815 [main] DEBUG org.apache.http.wire -- http-outgoing-12 >> "[\r][\n]"
11:17:35.815 [main] DEBUG org.apache.http.wire -- http-outgoing-12 >> "{"email":"test13@example.com","password":"Password123","name":"John Doe","username":"johndoe13","phoneNumber":"098765432"}"
11:17:35.817 [main] DEBUG org.apache.http.wire -- http-outgoing-12 << "HTTP/1.1 400 Bad Request[\r][\n]"
11:17:35.817 [main] DEBUG org.apache.http.wire -- http-outgoing-12 << "X-Powered-By: Express[\r][\n]"
11:17:35.817 [main] DEBUG org.apache.http.wire -- http-outgoing-12 << "Access-Control-Allow-Origin: *[\r][\n]"
11:17:35.817 [main] DEBUG org.apache.http.wire -- http-outgoing-12 << "Content-Type: application/json; charset=utf-8[\r][\n]"
11:17:35.817 [main] DEBUG org.apache.http.wire -- http-outgoing-12 << "Content-Length: 139[\r][\n]"
11:17:35.817 [main] DEBUG org.apache.http.wire -- http-outgoing-12 << "ETag: W/"8b-9bo2KjidHmR4PJ+4KSgyb2lZmqA"[\r][\n]"
11:17:35.817 [main] DEBUG org.apache.http.wire -- http-outgoing-12 << "Date: Sun, 22 Jun 2025 04:17:35 GMT[\r][\n]"
11:17:35.817 [main] DEBUG org.apache.http.wire -- http-outgoing-12 << "Connection: keep-alive[\r][\n]"
11:17:35.817 [main] DEBUG org.apache.http.wire -- http-outgoing-12 << "Keep-Alive: timeout=5[\r][\n]"
11:17:35.817 [main] DEBUG org.apache.http.wire -- http-outgoing-12 << "[\r][\n]"
11:17:35.817 [main] DEBUG org.apache.http.wire -- http-outgoing-12 << "{"success":false,"statusCode":400,"message":"D[0xe1][0xbb][0xaf] li[0xe1][0xbb][0x87]u kh[0xc3][0xb4]ng h[0xe1][0xbb][0xa3]p l[0xe1][0xbb][0x87]","path":"/auth/register","timestamp":"2025-06-22T04:17:35.816Z"}"
11:17:35.817 [main] DEBUG org.apache.http.headers -- http-outgoing-12 << HTTP/1.1 400 Bad Request
11:17:35.817 [main] DEBUG org.apache.http.headers -- http-outgoing-12 << X-Powered-By: Express
11:17:35.817 [main] DEBUG org.apache.http.headers -- http-outgoing-12 << Access-Control-Allow-Origin: *
11:17:35.817 [main] DEBUG org.apache.http.headers -- http-outgoing-12 << Content-Type: application/json; charset=utf-8
11:17:35.817 [main] DEBUG org.apache.http.headers -- http-outgoing-12 << Content-Length: 139
11:17:35.817 [main] DEBUG org.apache.http.headers -- http-outgoing-12 << ETag: W/"8b-9bo2KjidHmR4PJ+4KSgyb2lZmqA"
11:17:35.817 [main] DEBUG org.apache.http.headers -- http-outgoing-12 << Date: Sun, 22 Jun 2025 04:17:35 GMT
11:17:35.817 [main] DEBUG org.apache.http.headers -- http-outgoing-12 << Connection: keep-alive
11:17:35.817 [main] DEBUG org.apache.http.headers -- http-outgoing-12 << Keep-Alive: timeout=5
11:17:35.817 [main] DEBUG org.apache.http.impl.execchain.MainClientExec -- Connection can be kept alive for 5000 MILLISECONDS
11:17:35.817 [main] DEBUG org.apache.http.impl.conn.PoolingHttpClientConnectionManager -- Connection [id: 12][route: {}->http://localhost:3000] can be kept alive for 5.0 seconds
11:17:35.817 [main] DEBUG org.apache.http.impl.conn.DefaultManagedHttpClientConnection -- http-outgoing-12: set socket timeout to 0
11:17:35.817 [main] DEBUG org.apache.http.impl.conn.PoolingHttpClientConnectionManager -- Connection released: [id: 12][route: {}->http://localhost:3000][total available: 1; route allocated: 1 of 5; total allocated: 1 of 10]
11:17:35.817 [main] DEBUG org.apache.http.impl.conn.PoolingHttpClientConnectionManager -- Connection manager is shutting down
11:17:35.817 [main] DEBUG org.apache.http.impl.conn.DefaultManagedHttpClientConnection -- http-outgoing-12: Close connection
11:17:35.818 [main] DEBUG org.apache.http.impl.conn.PoolingHttpClientConnectionManager -- Connection manager shut down
11:17:35.818 [main] DEBUG com.intuit.karate -- response time in milliseconds: 3
1 < 400
1 < X-Powered-By: Express
1 < Access-Control-Allow-Origin: *
1 < Content-Type: application/json; charset=utf-8
1 < Content-Length: 139
1 < ETag: W/"8b-9bo2KjidHmR4PJ+4KSgyb2lZmqA"
1 < Date: Sun, 22 Jun 2025 04:17:35 GMT
1 < Connection: keep-alive
1 < Keep-Alive: timeout=5
{
  "success": false,
  "statusCode": 400,
  "message": "D? li?u không h?p l?",
  "path": "/auth/register",
  "timestamp": "2025-06-22T04:17:35.816Z"
}


11:17:35.818 [main] DEBUG com.intuit.karate.core.ScenarioEngine -- over-writing existing variable 'responseStatus' with new value: karate.get('responseStatus')
11:17:35.820 [main] DEBUG com.intuit.karate.core.ScenarioEngine -- over-writing existing variable 'response' with new value: karate.get('response')
11:17:35.820 [main] INFO com.intuit.karate -- [print] Register API called with: 
11:17:35.820 [main] INFO com.intuit.karate -- [print] Request: {
  "email": "test13@example.com",
  "password": "Password123",
  "name": "John Doe",
  "username": "johndoe13",
  "phoneNumber": "098765432"
}
 
11:17:35.820 [main] INFO com.intuit.karate -- [print] Response Status: 400 
11:17:35.821 [main] INFO com.intuit.karate -- [print] Response Body: {
  "success": false,
  "statusCode": 400,
  "message": "D? li?u không h?p l?",
  "path": "/auth/register",
  "timestamp": "2025-06-22T04:17:35.816Z"
}
 
11:17:35.821 [main] INFO com.intuit.karate -- Actual Status: 400 
11:17:35.822 [main] INFO com.intuit.karate -- Actual Response: {"success":false,"statusCode":400,"message":"D? li?u không h?p l?","path":"/auth/register","timestamp":"2025-06-22T04:17:35.816Z"} 
11:17:35.822 [main] INFO com.intuit.karate -- Test Status: PASS 
11:17:35.822 [main] INFO com.intuit.karate -- ? TEST CASE #13 PASSED 
11:17:35.822 [main] INFO com.intuit.karate -- ========================================== 
11:17:35.823 [main] INFO com.intuit.karate -- ========================================== 
11:17:35.823 [main] INFO com.intuit.karate -- ?ANG CH?Y TEST CASE #14/28 
11:17:35.823 [main] INFO com.intuit.karate -- Description: TC14: S? ?i?n tho?i quá dài - Ki?m tra khi s? ?i?n tho?i có 12 ch? s? 
11:17:35.823 [main] INFO com.intuit.karate -- Email: "test14@example.com" 
11:17:35.823 [main] INFO com.intuit.karate -- Password: "Password123" 
11:17:35.823 [main] INFO com.intuit.karate -- Name: "John Doe" 
11:17:35.823 [main] INFO com.intuit.karate -- Username: "johndoe14" 
11:17:35.823 [main] INFO com.intuit.karate -- PhoneNumber: "098765432123" 
11:17:35.823 [main] INFO com.intuit.karate -- Expected Status: 400 
11:17:35.823 [main] INFO com.intuit.karate -- Expected Result: {"error": "S? ?i?n tho?i ph?i có 10 ho?c 11 ch? s?"} 
11:17:35.823 [main] INFO com.intuit.karate -- ========================================== 
11:17:35.831 [main] INFO com.intuit.karate -- karate.env system property was: null 
11:17:35.833 [main] DEBUG com.jayway.jsonpath.internal.path.CompiledPath -- Evaluating path: $
11:17:35.834 [main] DEBUG org.apache.http.client.protocol.RequestAddCookies -- CookieSpec selected: karate
11:17:35.834 [main] DEBUG org.apache.http.client.protocol.RequestAuthCache -- Auth cache not set in the context
11:17:35.835 [main] DEBUG com.intuit.karate -- request:
1 > POST http://localhost:3000/auth/register
1 > Content-Type: application/json; charset=UTF-8
1 > Content-Length: 125
1 > Host: localhost:3000
1 > Connection: Keep-Alive
1 > User-Agent: Apache-HttpClient/4.5.14 (Java/17.0.9)
1 > Accept-Encoding: gzip,deflate
{
  "email": "test14@example.com",
  "password": "Password123",
  "name": "John Doe",
  "username": "johndoe14",
  "phoneNumber": "098765432123"
}


11:17:35.835 [main] DEBUG org.apache.http.impl.conn.PoolingHttpClientConnectionManager -- Connection request: [route: {}->http://localhost:3000][total available: 0; route allocated: 0 of 5; total allocated: 0 of 10]
11:17:35.835 [main] DEBUG org.apache.http.impl.conn.PoolingHttpClientConnectionManager -- Connection leased: [id: 13][route: {}->http://localhost:3000][total available: 0; route allocated: 1 of 5; total allocated: 1 of 10]
11:17:35.835 [main] DEBUG org.apache.http.impl.execchain.MainClientExec -- Opening connection {}->http://localhost:3000
11:17:35.835 [main] DEBUG org.apache.http.impl.conn.DefaultHttpClientConnectionOperator -- Connecting to localhost/127.0.0.1:3000
11:17:35.835 [main] DEBUG org.apache.http.impl.conn.DefaultHttpClientConnectionOperator -- Connection established 127.0.0.1:54896<->127.0.0.1:3000
11:17:35.835 [main] DEBUG org.apache.http.impl.conn.DefaultManagedHttpClientConnection -- http-outgoing-13: set socket timeout to 5000
11:17:35.835 [main] DEBUG org.apache.http.impl.execchain.MainClientExec -- Executing request POST /auth/register HTTP/1.1
11:17:35.835 [main] DEBUG org.apache.http.impl.execchain.MainClientExec -- Target auth state: UNCHALLENGED
11:17:35.835 [main] DEBUG org.apache.http.impl.execchain.MainClientExec -- Proxy auth state: UNCHALLENGED
11:17:35.835 [main] DEBUG org.apache.http.headers -- http-outgoing-13 >> POST /auth/register HTTP/1.1
11:17:35.835 [main] DEBUG org.apache.http.headers -- http-outgoing-13 >> Content-Type: application/json; charset=UTF-8
11:17:35.835 [main] DEBUG org.apache.http.headers -- http-outgoing-13 >> Content-Length: 125
11:17:35.835 [main] DEBUG org.apache.http.headers -- http-outgoing-13 >> Host: localhost:3000
11:17:35.835 [main] DEBUG org.apache.http.headers -- http-outgoing-13 >> Connection: Keep-Alive
11:17:35.835 [main] DEBUG org.apache.http.headers -- http-outgoing-13 >> User-Agent: Apache-HttpClient/4.5.14 (Java/17.0.9)
11:17:35.835 [main] DEBUG org.apache.http.headers -- http-outgoing-13 >> Accept-Encoding: gzip,deflate
11:17:35.835 [main] DEBUG org.apache.http.wire -- http-outgoing-13 >> "POST /auth/register HTTP/1.1[\r][\n]"
11:17:35.835 [main] DEBUG org.apache.http.wire -- http-outgoing-13 >> "Content-Type: application/json; charset=UTF-8[\r][\n]"
11:17:35.835 [main] DEBUG org.apache.http.wire -- http-outgoing-13 >> "Content-Length: 125[\r][\n]"
11:17:35.835 [main] DEBUG org.apache.http.wire -- http-outgoing-13 >> "Host: localhost:3000[\r][\n]"
11:17:35.835 [main] DEBUG org.apache.http.wire -- http-outgoing-13 >> "Connection: Keep-Alive[\r][\n]"
11:17:35.835 [main] DEBUG org.apache.http.wire -- http-outgoing-13 >> "User-Agent: Apache-HttpClient/4.5.14 (Java/17.0.9)[\r][\n]"
11:17:35.835 [main] DEBUG org.apache.http.wire -- http-outgoing-13 >> "Accept-Encoding: gzip,deflate[\r][\n]"
11:17:35.835 [main] DEBUG org.apache.http.wire -- http-outgoing-13 >> "[\r][\n]"
11:17:35.835 [main] DEBUG org.apache.http.wire -- http-outgoing-13 >> "{"email":"test14@example.com","password":"Password123","name":"John Doe","username":"johndoe14","phoneNumber":"098765432123"}"
11:17:35.838 [main] DEBUG org.apache.http.wire -- http-outgoing-13 << "HTTP/1.1 400 Bad Request[\r][\n]"
11:17:35.838 [main] DEBUG org.apache.http.wire -- http-outgoing-13 << "X-Powered-By: Express[\r][\n]"
11:17:35.838 [main] DEBUG org.apache.http.wire -- http-outgoing-13 << "Access-Control-Allow-Origin: *[\r][\n]"
11:17:35.838 [main] DEBUG org.apache.http.wire -- http-outgoing-13 << "Content-Type: application/json; charset=utf-8[\r][\n]"
11:17:35.838 [main] DEBUG org.apache.http.wire -- http-outgoing-13 << "Content-Length: 139[\r][\n]"
11:17:35.838 [main] DEBUG org.apache.http.wire -- http-outgoing-13 << "ETag: W/"8b-5qkVKpD7Icc7YT+4rDhhulv5BNs"[\r][\n]"
11:17:35.838 [main] DEBUG org.apache.http.wire -- http-outgoing-13 << "Date: Sun, 22 Jun 2025 04:17:35 GMT[\r][\n]"
11:17:35.838 [main] DEBUG org.apache.http.wire -- http-outgoing-13 << "Connection: keep-alive[\r][\n]"
11:17:35.838 [main] DEBUG org.apache.http.wire -- http-outgoing-13 << "Keep-Alive: timeout=5[\r][\n]"
11:17:35.838 [main] DEBUG org.apache.http.wire -- http-outgoing-13 << "[\r][\n]"
11:17:35.838 [main] DEBUG org.apache.http.wire -- http-outgoing-13 << "{"success":false,"statusCode":400,"message":"D[0xe1][0xbb][0xaf] li[0xe1][0xbb][0x87]u kh[0xc3][0xb4]ng h[0xe1][0xbb][0xa3]p l[0xe1][0xbb][0x87]","path":"/auth/register","timestamp":"2025-06-22T04:17:35.837Z"}"
11:17:35.838 [main] DEBUG org.apache.http.headers -- http-outgoing-13 << HTTP/1.1 400 Bad Request
11:17:35.838 [main] DEBUG org.apache.http.headers -- http-outgoing-13 << X-Powered-By: Express
11:17:35.838 [main] DEBUG org.apache.http.headers -- http-outgoing-13 << Access-Control-Allow-Origin: *
11:17:35.838 [main] DEBUG org.apache.http.headers -- http-outgoing-13 << Content-Type: application/json; charset=utf-8
11:17:35.838 [main] DEBUG org.apache.http.headers -- http-outgoing-13 << Content-Length: 139
11:17:35.838 [main] DEBUG org.apache.http.headers -- http-outgoing-13 << ETag: W/"8b-5qkVKpD7Icc7YT+4rDhhulv5BNs"
11:17:35.838 [main] DEBUG org.apache.http.headers -- http-outgoing-13 << Date: Sun, 22 Jun 2025 04:17:35 GMT
11:17:35.838 [main] DEBUG org.apache.http.headers -- http-outgoing-13 << Connection: keep-alive
11:17:35.838 [main] DEBUG org.apache.http.headers -- http-outgoing-13 << Keep-Alive: timeout=5
11:17:35.838 [main] DEBUG org.apache.http.impl.execchain.MainClientExec -- Connection can be kept alive for 5000 MILLISECONDS
11:17:35.839 [main] DEBUG org.apache.http.impl.conn.PoolingHttpClientConnectionManager -- Connection [id: 13][route: {}->http://localhost:3000] can be kept alive for 5.0 seconds
11:17:35.839 [main] DEBUG org.apache.http.impl.conn.DefaultManagedHttpClientConnection -- http-outgoing-13: set socket timeout to 0
11:17:35.839 [main] DEBUG org.apache.http.impl.conn.PoolingHttpClientConnectionManager -- Connection released: [id: 13][route: {}->http://localhost:3000][total available: 1; route allocated: 1 of 5; total allocated: 1 of 10]
11:17:35.839 [main] DEBUG org.apache.http.impl.conn.PoolingHttpClientConnectionManager -- Connection manager is shutting down
11:17:35.839 [main] DEBUG org.apache.http.impl.conn.DefaultManagedHttpClientConnection -- http-outgoing-13: Close connection
11:17:35.839 [main] DEBUG org.apache.http.impl.conn.PoolingHttpClientConnectionManager -- Connection manager shut down
11:17:35.839 [main] DEBUG com.intuit.karate -- response time in milliseconds: 4
1 < 400
1 < X-Powered-By: Express
1 < Access-Control-Allow-Origin: *
1 < Content-Type: application/json; charset=utf-8
1 < Content-Length: 139
1 < ETag: W/"8b-5qkVKpD7Icc7YT+4rDhhulv5BNs"
1 < Date: Sun, 22 Jun 2025 04:17:35 GMT
1 < Connection: keep-alive
1 < Keep-Alive: timeout=5
{
  "success": false,
  "statusCode": 400,
  "message": "D? li?u không h?p l?",
  "path": "/auth/register",
  "timestamp": "2025-06-22T04:17:35.837Z"
}


11:17:35.841 [main] DEBUG com.intuit.karate.core.ScenarioEngine -- over-writing existing variable 'responseStatus' with new value: karate.get('responseStatus')
11:17:35.841 [main] DEBUG com.intuit.karate.core.ScenarioEngine -- over-writing existing variable 'response' with new value: karate.get('response')
11:17:35.842 [main] INFO com.intuit.karate -- [print] Register API called with: 
11:17:35.842 [main] INFO com.intuit.karate -- [print] Request: {
  "email": "test14@example.com",
  "password": "Password123",
  "name": "John Doe",
  "username": "johndoe14",
  "phoneNumber": "098765432123"
}
 
11:17:35.842 [main] INFO com.intuit.karate -- [print] Response Status: 400 
11:17:35.843 [main] INFO com.intuit.karate -- [print] Response Body: {
  "success": false,
  "statusCode": 400,
  "message": "D? li?u không h?p l?",
  "path": "/auth/register",
  "timestamp": "2025-06-22T04:17:35.837Z"
}
 
11:17:35.843 [main] INFO com.intuit.karate -- Actual Status: 400 
11:17:35.844 [main] INFO com.intuit.karate -- Actual Response: {"success":false,"statusCode":400,"message":"D? li?u không h?p l?","path":"/auth/register","timestamp":"2025-06-22T04:17:35.837Z"} 
11:17:35.844 [main] INFO com.intuit.karate -- Test Status: PASS 
11:17:35.844 [main] INFO com.intuit.karate -- ? TEST CASE #14 PASSED 
11:17:35.844 [main] INFO com.intuit.karate -- ========================================== 
11:17:35.846 [main] INFO com.intuit.karate -- ========================================== 
11:17:35.846 [main] INFO com.intuit.karate -- ?ANG CH?Y TEST CASE #15/28 
11:17:35.846 [main] INFO com.intuit.karate -- Description: TC15: S? ?i?n tho?i ch?a ký t? - Ki?m tra khi s? ?i?n tho?i ch?a ch? cái 
11:17:35.846 [main] INFO com.intuit.karate -- Email: "test15@example.com" 
11:17:35.846 [main] INFO com.intuit.karate -- Password: "Password123" 
11:17:35.846 [main] INFO com.intuit.karate -- Name: "John Doe" 
11:17:35.846 [main] INFO com.intuit.karate -- Username: "johndoe15" 
11:17:35.846 [main] INFO com.intuit.karate -- PhoneNumber: "098765432a" 
11:17:35.846 [main] INFO com.intuit.karate -- Expected Status: 400 
11:17:35.846 [main] INFO com.intuit.karate -- Expected Result: {"error": "S? ?i?n tho?i ph?i có 10 ho?c 11 ch? s?"} 
11:17:35.846 [main] INFO com.intuit.karate -- ========================================== 
11:17:35.856 [main] INFO com.intuit.karate -- karate.env system property was: null 
11:17:35.857 [main] DEBUG com.jayway.jsonpath.internal.path.CompiledPath -- Evaluating path: $
11:17:35.860 [main] DEBUG org.apache.http.client.protocol.RequestAddCookies -- CookieSpec selected: karate
11:17:35.861 [main] DEBUG org.apache.http.client.protocol.RequestAuthCache -- Auth cache not set in the context
11:17:35.861 [main] DEBUG com.intuit.karate -- request:
1 > POST http://localhost:3000/auth/register
1 > Content-Type: application/json; charset=UTF-8
1 > Content-Length: 123
1 > Host: localhost:3000
1 > Connection: Keep-Alive
1 > User-Agent: Apache-HttpClient/4.5.14 (Java/17.0.9)
1 > Accept-Encoding: gzip,deflate
{
  "email": "test15@example.com",
  "password": "Password123",
  "name": "John Doe",
  "username": "johndoe15",
  "phoneNumber": "098765432a"
}


11:17:35.861 [main] DEBUG org.apache.http.impl.conn.PoolingHttpClientConnectionManager -- Connection request: [route: {}->http://localhost:3000][total available: 0; route allocated: 0 of 5; total allocated: 0 of 10]
11:17:35.861 [main] DEBUG org.apache.http.impl.conn.PoolingHttpClientConnectionManager -- Connection leased: [id: 14][route: {}->http://localhost:3000][total available: 0; route allocated: 1 of 5; total allocated: 1 of 10]
11:17:35.861 [main] DEBUG org.apache.http.impl.execchain.MainClientExec -- Opening connection {}->http://localhost:3000
11:17:35.861 [main] DEBUG org.apache.http.impl.conn.DefaultHttpClientConnectionOperator -- Connecting to localhost/127.0.0.1:3000
11:17:35.862 [main] DEBUG org.apache.http.impl.conn.DefaultHttpClientConnectionOperator -- Connection established 127.0.0.1:54897<->127.0.0.1:3000
11:17:35.862 [main] DEBUG org.apache.http.impl.conn.DefaultManagedHttpClientConnection -- http-outgoing-14: set socket timeout to 5000
11:17:35.862 [main] DEBUG org.apache.http.impl.execchain.MainClientExec -- Executing request POST /auth/register HTTP/1.1
11:17:35.862 [main] DEBUG org.apache.http.impl.execchain.MainClientExec -- Target auth state: UNCHALLENGED
11:17:35.862 [main] DEBUG org.apache.http.impl.execchain.MainClientExec -- Proxy auth state: UNCHALLENGED
11:17:35.862 [main] DEBUG org.apache.http.headers -- http-outgoing-14 >> POST /auth/register HTTP/1.1
11:17:35.862 [main] DEBUG org.apache.http.headers -- http-outgoing-14 >> Content-Type: application/json; charset=UTF-8
11:17:35.862 [main] DEBUG org.apache.http.headers -- http-outgoing-14 >> Content-Length: 123
11:17:35.862 [main] DEBUG org.apache.http.headers -- http-outgoing-14 >> Host: localhost:3000
11:17:35.862 [main] DEBUG org.apache.http.headers -- http-outgoing-14 >> Connection: Keep-Alive
11:17:35.862 [main] DEBUG org.apache.http.headers -- http-outgoing-14 >> User-Agent: Apache-HttpClient/4.5.14 (Java/17.0.9)
11:17:35.862 [main] DEBUG org.apache.http.headers -- http-outgoing-14 >> Accept-Encoding: gzip,deflate
11:17:35.862 [main] DEBUG org.apache.http.wire -- http-outgoing-14 >> "POST /auth/register HTTP/1.1[\r][\n]"
11:17:35.862 [main] DEBUG org.apache.http.wire -- http-outgoing-14 >> "Content-Type: application/json; charset=UTF-8[\r][\n]"
11:17:35.862 [main] DEBUG org.apache.http.wire -- http-outgoing-14 >> "Content-Length: 123[\r][\n]"
11:17:35.862 [main] DEBUG org.apache.http.wire -- http-outgoing-14 >> "Host: localhost:3000[\r][\n]"
11:17:35.862 [main] DEBUG org.apache.http.wire -- http-outgoing-14 >> "Connection: Keep-Alive[\r][\n]"
11:17:35.862 [main] DEBUG org.apache.http.wire -- http-outgoing-14 >> "User-Agent: Apache-HttpClient/4.5.14 (Java/17.0.9)[\r][\n]"
11:17:35.862 [main] DEBUG org.apache.http.wire -- http-outgoing-14 >> "Accept-Encoding: gzip,deflate[\r][\n]"
11:17:35.862 [main] DEBUG org.apache.http.wire -- http-outgoing-14 >> "[\r][\n]"
11:17:35.862 [main] DEBUG org.apache.http.wire -- http-outgoing-14 >> "{"email":"test15@example.com","password":"Password123","name":"John Doe","username":"johndoe15","phoneNumber":"098765432a"}"
11:17:35.863 [main] DEBUG org.apache.http.wire -- http-outgoing-14 << "HTTP/1.1 400 Bad Request[\r][\n]"
11:17:35.863 [main] DEBUG org.apache.http.wire -- http-outgoing-14 << "X-Powered-By: Express[\r][\n]"
11:17:35.863 [main] DEBUG org.apache.http.wire -- http-outgoing-14 << "Access-Control-Allow-Origin: *[\r][\n]"
11:17:35.863 [main] DEBUG org.apache.http.wire -- http-outgoing-14 << "Content-Type: application/json; charset=utf-8[\r][\n]"
11:17:35.863 [main] DEBUG org.apache.http.wire -- http-outgoing-14 << "Content-Length: 139[\r][\n]"
11:17:35.863 [main] DEBUG org.apache.http.wire -- http-outgoing-14 << "ETag: W/"8b-0DzNVacIzOi505W40+ctvZrZrWQ"[\r][\n]"
11:17:35.863 [main] DEBUG org.apache.http.wire -- http-outgoing-14 << "Date: Sun, 22 Jun 2025 04:17:35 GMT[\r][\n]"
11:17:35.863 [main] DEBUG org.apache.http.wire -- http-outgoing-14 << "Connection: keep-alive[\r][\n]"
11:17:35.863 [main] DEBUG org.apache.http.wire -- http-outgoing-14 << "Keep-Alive: timeout=5[\r][\n]"
11:17:35.863 [main] DEBUG org.apache.http.wire -- http-outgoing-14 << "[\r][\n]"
11:17:35.864 [main] DEBUG org.apache.http.wire -- http-outgoing-14 << "{"success":false,"statusCode":400,"message":"D[0xe1][0xbb][0xaf] li[0xe1][0xbb][0x87]u kh[0xc3][0xb4]ng h[0xe1][0xbb][0xa3]p l[0xe1][0xbb][0x87]","path":"/auth/register","timestamp":"2025-06-22T04:17:35.863Z"}"
11:17:35.864 [main] DEBUG org.apache.http.headers -- http-outgoing-14 << HTTP/1.1 400 Bad Request
11:17:35.864 [main] DEBUG org.apache.http.headers -- http-outgoing-14 << X-Powered-By: Express
11:17:35.864 [main] DEBUG org.apache.http.headers -- http-outgoing-14 << Access-Control-Allow-Origin: *
11:17:35.864 [main] DEBUG org.apache.http.headers -- http-outgoing-14 << Content-Type: application/json; charset=utf-8
11:17:35.864 [main] DEBUG org.apache.http.headers -- http-outgoing-14 << Content-Length: 139
11:17:35.864 [main] DEBUG org.apache.http.headers -- http-outgoing-14 << ETag: W/"8b-0DzNVacIzOi505W40+ctvZrZrWQ"
11:17:35.864 [main] DEBUG org.apache.http.headers -- http-outgoing-14 << Date: Sun, 22 Jun 2025 04:17:35 GMT
11:17:35.864 [main] DEBUG org.apache.http.headers -- http-outgoing-14 << Connection: keep-alive
11:17:35.864 [main] DEBUG org.apache.http.headers -- http-outgoing-14 << Keep-Alive: timeout=5
11:17:35.864 [main] DEBUG org.apache.http.impl.execchain.MainClientExec -- Connection can be kept alive for 5000 MILLISECONDS
11:17:35.864 [main] DEBUG org.apache.http.impl.conn.PoolingHttpClientConnectionManager -- Connection [id: 14][route: {}->http://localhost:3000] can be kept alive for 5.0 seconds
11:17:35.864 [main] DEBUG org.apache.http.impl.conn.DefaultManagedHttpClientConnection -- http-outgoing-14: set socket timeout to 0
11:17:35.864 [main] DEBUG org.apache.http.impl.conn.PoolingHttpClientConnectionManager -- Connection released: [id: 14][route: {}->http://localhost:3000][total available: 1; route allocated: 1 of 5; total allocated: 1 of 10]
11:17:35.864 [main] DEBUG org.apache.http.impl.conn.PoolingHttpClientConnectionManager -- Connection manager is shutting down
11:17:35.864 [main] DEBUG org.apache.http.impl.conn.DefaultManagedHttpClientConnection -- http-outgoing-14: Close connection
11:17:35.864 [main] DEBUG org.apache.http.impl.conn.PoolingHttpClientConnectionManager -- Connection manager shut down
11:17:35.864 [main] DEBUG com.intuit.karate -- response time in milliseconds: 3
1 < 400
1 < X-Powered-By: Express
1 < Access-Control-Allow-Origin: *
1 < Content-Type: application/json; charset=utf-8
1 < Content-Length: 139
1 < ETag: W/"8b-0DzNVacIzOi505W40+ctvZrZrWQ"
1 < Date: Sun, 22 Jun 2025 04:17:35 GMT
1 < Connection: keep-alive
1 < Keep-Alive: timeout=5
{
  "success": false,
  "statusCode": 400,
  "message": "D? li?u không h?p l?",
  "path": "/auth/register",
  "timestamp": "2025-06-22T04:17:35.863Z"
}


11:17:35.866 [main] DEBUG com.intuit.karate.core.ScenarioEngine -- over-writing existing variable 'responseStatus' with new value: karate.get('responseStatus')
11:17:35.866 [main] DEBUG com.intuit.karate.core.ScenarioEngine -- over-writing existing variable 'response' with new value: karate.get('response')
11:17:35.867 [main] INFO com.intuit.karate -- [print] Register API called with: 
11:17:35.867 [main] INFO com.intuit.karate -- [print] Request: {
  "email": "test15@example.com",
  "password": "Password123",
  "name": "John Doe",
  "username": "johndoe15",
  "phoneNumber": "098765432a"
}
 
11:17:35.867 [main] INFO com.intuit.karate -- [print] Response Status: 400 
11:17:35.867 [main] INFO com.intuit.karate -- [print] Response Body: {
  "success": false,
  "statusCode": 400,
  "message": "D? li?u không h?p l?",
  "path": "/auth/register",
  "timestamp": "2025-06-22T04:17:35.863Z"
}
 
11:17:35.868 [main] INFO com.intuit.karate -- Actual Status: 400 
11:17:35.868 [main] INFO com.intuit.karate -- Actual Response: {"success":false,"statusCode":400,"message":"D? li?u không h?p l?","path":"/auth/register","timestamp":"2025-06-22T04:17:35.863Z"} 
11:17:35.868 [main] INFO com.intuit.karate -- Test Status: PASS 
11:17:35.868 [main] INFO com.intuit.karate -- ? TEST CASE #15 PASSED 
11:17:35.868 [main] INFO com.intuit.karate -- ========================================== 
11:17:35.870 [main] INFO com.intuit.karate -- ========================================== 
11:17:35.870 [main] INFO com.intuit.karate -- ?ANG CH?Y TEST CASE #16/28 
11:17:35.870 [main] INFO com.intuit.karate -- Description: TC16: S? ?i?n tho?i ch?a ký t? ??c bi?t - Ki?m tra khi có d?u g?ch ngang 
11:17:35.870 [main] INFO com.intuit.karate -- Email: "test16@example.com" 
11:17:35.870 [main] INFO com.intuit.karate -- Password: "Password123" 
11:17:35.870 [main] INFO com.intuit.karate -- Name: "John Doe" 
11:17:35.870 [main] INFO com.intuit.karate -- Username: "johndoe16" 
11:17:35.871 [main] INFO com.intuit.karate -- PhoneNumber: "0987-654-321" 
11:17:35.871 [main] INFO com.intuit.karate -- Expected Status: 400 
11:17:35.871 [main] INFO com.intuit.karate -- Expected Result: {"error": "S? ?i?n tho?i ph?i có 10 ho?c 11 ch? s?"} 
11:17:35.871 [main] INFO com.intuit.karate -- ========================================== 
11:17:35.879 [main] INFO com.intuit.karate -- karate.env system property was: null 
11:17:35.882 [main] DEBUG com.jayway.jsonpath.internal.path.CompiledPath -- Evaluating path: $
11:17:35.884 [main] DEBUG org.apache.http.client.protocol.RequestAddCookies -- CookieSpec selected: karate
11:17:35.884 [main] DEBUG org.apache.http.client.protocol.RequestAuthCache -- Auth cache not set in the context
11:17:35.884 [main] DEBUG com.intuit.karate -- request:
1 > POST http://localhost:3000/auth/register
1 > Content-Type: application/json; charset=UTF-8
1 > Content-Length: 125
1 > Host: localhost:3000
1 > Connection: Keep-Alive
1 > User-Agent: Apache-HttpClient/4.5.14 (Java/17.0.9)
1 > Accept-Encoding: gzip,deflate
{
  "email": "test16@example.com",
  "password": "Password123",
  "name": "John Doe",
  "username": "johndoe16",
  "phoneNumber": "0987-654-321"
}


11:17:35.884 [main] DEBUG org.apache.http.impl.conn.PoolingHttpClientConnectionManager -- Connection request: [route: {}->http://localhost:3000][total available: 0; route allocated: 0 of 5; total allocated: 0 of 10]
11:17:35.884 [main] DEBUG org.apache.http.impl.conn.PoolingHttpClientConnectionManager -- Connection leased: [id: 15][route: {}->http://localhost:3000][total available: 0; route allocated: 1 of 5; total allocated: 1 of 10]
11:17:35.884 [main] DEBUG org.apache.http.impl.execchain.MainClientExec -- Opening connection {}->http://localhost:3000
11:17:35.885 [main] DEBUG org.apache.http.impl.conn.DefaultHttpClientConnectionOperator -- Connecting to localhost/127.0.0.1:3000
11:17:35.885 [main] DEBUG org.apache.http.impl.conn.DefaultHttpClientConnectionOperator -- Connection established 127.0.0.1:54898<->127.0.0.1:3000
11:17:35.885 [main] DEBUG org.apache.http.impl.conn.DefaultManagedHttpClientConnection -- http-outgoing-15: set socket timeout to 5000
11:17:35.885 [main] DEBUG org.apache.http.impl.execchain.MainClientExec -- Executing request POST /auth/register HTTP/1.1
11:17:35.885 [main] DEBUG org.apache.http.impl.execchain.MainClientExec -- Target auth state: UNCHALLENGED
11:17:35.885 [main] DEBUG org.apache.http.impl.execchain.MainClientExec -- Proxy auth state: UNCHALLENGED
11:17:35.885 [main] DEBUG org.apache.http.headers -- http-outgoing-15 >> POST /auth/register HTTP/1.1
11:17:35.885 [main] DEBUG org.apache.http.headers -- http-outgoing-15 >> Content-Type: application/json; charset=UTF-8
11:17:35.885 [main] DEBUG org.apache.http.headers -- http-outgoing-15 >> Content-Length: 125
11:17:35.885 [main] DEBUG org.apache.http.headers -- http-outgoing-15 >> Host: localhost:3000
11:17:35.885 [main] DEBUG org.apache.http.headers -- http-outgoing-15 >> Connection: Keep-Alive
11:17:35.885 [main] DEBUG org.apache.http.headers -- http-outgoing-15 >> User-Agent: Apache-HttpClient/4.5.14 (Java/17.0.9)
11:17:35.885 [main] DEBUG org.apache.http.headers -- http-outgoing-15 >> Accept-Encoding: gzip,deflate
11:17:35.885 [main] DEBUG org.apache.http.wire -- http-outgoing-15 >> "POST /auth/register HTTP/1.1[\r][\n]"
11:17:35.885 [main] DEBUG org.apache.http.wire -- http-outgoing-15 >> "Content-Type: application/json; charset=UTF-8[\r][\n]"
11:17:35.885 [main] DEBUG org.apache.http.wire -- http-outgoing-15 >> "Content-Length: 125[\r][\n]"
11:17:35.885 [main] DEBUG org.apache.http.wire -- http-outgoing-15 >> "Host: localhost:3000[\r][\n]"
11:17:35.886 [main] DEBUG org.apache.http.wire -- http-outgoing-15 >> "Connection: Keep-Alive[\r][\n]"
11:17:35.886 [main] DEBUG org.apache.http.wire -- http-outgoing-15 >> "User-Agent: Apache-HttpClient/4.5.14 (Java/17.0.9)[\r][\n]"
11:17:35.886 [main] DEBUG org.apache.http.wire -- http-outgoing-15 >> "Accept-Encoding: gzip,deflate[\r][\n]"
11:17:35.886 [main] DEBUG org.apache.http.wire -- http-outgoing-15 >> "[\r][\n]"
11:17:35.886 [main] DEBUG org.apache.http.wire -- http-outgoing-15 >> "{"email":"test16@example.com","password":"Password123","name":"John Doe","username":"johndoe16","phoneNumber":"0987-654-321"}"
11:17:35.887 [main] DEBUG org.apache.http.wire -- http-outgoing-15 << "HTTP/1.1 400 Bad Request[\r][\n]"
11:17:35.887 [main] DEBUG org.apache.http.wire -- http-outgoing-15 << "X-Powered-By: Express[\r][\n]"
11:17:35.887 [main] DEBUG org.apache.http.wire -- http-outgoing-15 << "Access-Control-Allow-Origin: *[\r][\n]"
11:17:35.887 [main] DEBUG org.apache.http.wire -- http-outgoing-15 << "Content-Type: application/json; charset=utf-8[\r][\n]"
11:17:35.887 [main] DEBUG org.apache.http.wire -- http-outgoing-15 << "Content-Length: 139[\r][\n]"
11:17:35.887 [main] DEBUG org.apache.http.wire -- http-outgoing-15 << "ETag: W/"8b-H8ZanL9TQ1tRwPbzjRR6kjFfvZk"[\r][\n]"
11:17:35.887 [main] DEBUG org.apache.http.wire -- http-outgoing-15 << "Date: Sun, 22 Jun 2025 04:17:35 GMT[\r][\n]"
11:17:35.887 [main] DEBUG org.apache.http.wire -- http-outgoing-15 << "Connection: keep-alive[\r][\n]"
11:17:35.887 [main] DEBUG org.apache.http.wire -- http-outgoing-15 << "Keep-Alive: timeout=5[\r][\n]"
11:17:35.887 [main] DEBUG org.apache.http.wire -- http-outgoing-15 << "[\r][\n]"
11:17:35.887 [main] DEBUG org.apache.http.wire -- http-outgoing-15 << "{"success":false,"statusCode":400,"message":"D[0xe1][0xbb][0xaf] li[0xe1][0xbb][0x87]u kh[0xc3][0xb4]ng h[0xe1][0xbb][0xa3]p l[0xe1][0xbb][0x87]","path":"/auth/register","timestamp":"2025-06-22T04:17:35.886Z"}"
11:17:35.889 [main] DEBUG org.apache.http.headers -- http-outgoing-15 << HTTP/1.1 400 Bad Request
11:17:35.889 [main] DEBUG org.apache.http.headers -- http-outgoing-15 << X-Powered-By: Express
11:17:35.889 [main] DEBUG org.apache.http.headers -- http-outgoing-15 << Access-Control-Allow-Origin: *
11:17:35.889 [main] DEBUG org.apache.http.headers -- http-outgoing-15 << Content-Type: application/json; charset=utf-8
11:17:35.889 [main] DEBUG org.apache.http.headers -- http-outgoing-15 << Content-Length: 139
11:17:35.889 [main] DEBUG org.apache.http.headers -- http-outgoing-15 << ETag: W/"8b-H8ZanL9TQ1tRwPbzjRR6kjFfvZk"
11:17:35.889 [main] DEBUG org.apache.http.headers -- http-outgoing-15 << Date: Sun, 22 Jun 2025 04:17:35 GMT
11:17:35.889 [main] DEBUG org.apache.http.headers -- http-outgoing-15 << Connection: keep-alive
11:17:35.889 [main] DEBUG org.apache.http.headers -- http-outgoing-15 << Keep-Alive: timeout=5
11:17:35.889 [main] DEBUG org.apache.http.impl.execchain.MainClientExec -- Connection can be kept alive for 5000 MILLISECONDS
11:17:35.889 [main] DEBUG org.apache.http.impl.conn.PoolingHttpClientConnectionManager -- Connection [id: 15][route: {}->http://localhost:3000] can be kept alive for 5.0 seconds
11:17:35.889 [main] DEBUG org.apache.http.impl.conn.DefaultManagedHttpClientConnection -- http-outgoing-15: set socket timeout to 0
11:17:35.889 [main] DEBUG org.apache.http.impl.conn.PoolingHttpClientConnectionManager -- Connection released: [id: 15][route: {}->http://localhost:3000][total available: 1; route allocated: 1 of 5; total allocated: 1 of 10]
11:17:35.889 [main] DEBUG org.apache.http.impl.conn.PoolingHttpClientConnectionManager -- Connection manager is shutting down
11:17:35.889 [main] DEBUG org.apache.http.impl.conn.DefaultManagedHttpClientConnection -- http-outgoing-15: Close connection
11:17:35.889 [main] DEBUG org.apache.http.impl.conn.PoolingHttpClientConnectionManager -- Connection manager shut down
11:17:35.889 [main] DEBUG com.intuit.karate -- response time in milliseconds: 5
1 < 400
1 < X-Powered-By: Express
1 < Access-Control-Allow-Origin: *
1 < Content-Type: application/json; charset=utf-8
1 < Content-Length: 139
1 < ETag: W/"8b-H8ZanL9TQ1tRwPbzjRR6kjFfvZk"
1 < Date: Sun, 22 Jun 2025 04:17:35 GMT
1 < Connection: keep-alive
1 < Keep-Alive: timeout=5
{
  "success": false,
  "statusCode": 400,
  "message": "D? li?u không h?p l?",
  "path": "/auth/register",
  "timestamp": "2025-06-22T04:17:35.886Z"
}


11:17:35.890 [main] DEBUG com.intuit.karate.core.ScenarioEngine -- over-writing existing variable 'responseStatus' with new value: karate.get('responseStatus')
11:17:35.890 [main] DEBUG com.intuit.karate.core.ScenarioEngine -- over-writing existing variable 'response' with new value: karate.get('response')
11:17:35.892 [main] INFO com.intuit.karate -- [print] Register API called with: 
11:17:35.892 [main] INFO com.intuit.karate -- [print] Request: {
  "email": "test16@example.com",
  "password": "Password123",
  "name": "John Doe",
  "username": "johndoe16",
  "phoneNumber": "0987-654-321"
}
 
11:17:35.893 [main] INFO com.intuit.karate -- [print] Response Status: 400 
11:17:35.893 [main] INFO com.intuit.karate -- [print] Response Body: {
  "success": false,
  "statusCode": 400,
  "message": "D? li?u không h?p l?",
  "path": "/auth/register",
  "timestamp": "2025-06-22T04:17:35.886Z"
}
 
11:17:35.894 [main] INFO com.intuit.karate -- Actual Status: 400 
11:17:35.894 [main] INFO com.intuit.karate -- Actual Response: {"success":false,"statusCode":400,"message":"D? li?u không h?p l?","path":"/auth/register","timestamp":"2025-06-22T04:17:35.886Z"} 
11:17:35.894 [main] INFO com.intuit.karate -- Test Status: PASS 
11:17:35.894 [main] INFO com.intuit.karate -- ? TEST CASE #16 PASSED 
11:17:35.895 [main] INFO com.intuit.karate -- ========================================== 
11:17:35.895 [main] INFO com.intuit.karate -- ========================================== 
11:17:35.895 [main] INFO com.intuit.karate -- ?ANG CH?Y TEST CASE #17/28 
11:17:35.896 [main] INFO com.intuit.karate -- Description: TC17: S? ?i?n tho?i ch?a kho?ng tr?ng - Ki?m tra khi có space 
11:17:35.896 [main] INFO com.intuit.karate -- Email: "test17@example.com" 
11:17:35.896 [main] INFO com.intuit.karate -- Password: "Password123" 
11:17:35.896 [main] INFO com.intuit.karate -- Name: "John Doe" 
11:17:35.896 [main] INFO com.intuit.karate -- Username: "johndoe17" 
11:17:35.896 [main] INFO com.intuit.karate -- PhoneNumber: "0987 654 321" 
11:17:35.896 [main] INFO com.intuit.karate -- Expected Status: 400 
11:17:35.896 [main] INFO com.intuit.karate -- Expected Result: {"error": "S? ?i?n tho?i ph?i có 10 ho?c 11 ch? s?"} 
11:17:35.896 [main] INFO com.intuit.karate -- ========================================== 
11:17:35.904 [main] INFO com.intuit.karate -- karate.env system property was: null 
11:17:35.905 [main] DEBUG com.jayway.jsonpath.internal.path.CompiledPath -- Evaluating path: $
11:17:35.907 [main] DEBUG org.apache.http.client.protocol.RequestAddCookies -- CookieSpec selected: karate
11:17:35.907 [main] DEBUG org.apache.http.client.protocol.RequestAuthCache -- Auth cache not set in the context
11:17:35.907 [main] DEBUG com.intuit.karate -- request:
1 > POST http://localhost:3000/auth/register
1 > Content-Type: application/json; charset=UTF-8
1 > Content-Length: 125
1 > Host: localhost:3000
1 > Connection: Keep-Alive
1 > User-Agent: Apache-HttpClient/4.5.14 (Java/17.0.9)
1 > Accept-Encoding: gzip,deflate
{
  "email": "test17@example.com",
  "password": "Password123",
  "name": "John Doe",
  "username": "johndoe17",
  "phoneNumber": "0987 654 321"
}


11:17:35.907 [main] DEBUG org.apache.http.impl.conn.PoolingHttpClientConnectionManager -- Connection request: [route: {}->http://localhost:3000][total available: 0; route allocated: 0 of 5; total allocated: 0 of 10]
11:17:35.907 [main] DEBUG org.apache.http.impl.conn.PoolingHttpClientConnectionManager -- Connection leased: [id: 16][route: {}->http://localhost:3000][total available: 0; route allocated: 1 of 5; total allocated: 1 of 10]
11:17:35.907 [main] DEBUG org.apache.http.impl.execchain.MainClientExec -- Opening connection {}->http://localhost:3000
11:17:35.907 [main] DEBUG org.apache.http.impl.conn.DefaultHttpClientConnectionOperator -- Connecting to localhost/127.0.0.1:3000
11:17:35.907 [main] DEBUG org.apache.http.impl.conn.DefaultHttpClientConnectionOperator -- Connection established 127.0.0.1:54899<->127.0.0.1:3000
11:17:35.907 [main] DEBUG org.apache.http.impl.conn.DefaultManagedHttpClientConnection -- http-outgoing-16: set socket timeout to 5000
11:17:35.907 [main] DEBUG org.apache.http.impl.execchain.MainClientExec -- Executing request POST /auth/register HTTP/1.1
11:17:35.907 [main] DEBUG org.apache.http.impl.execchain.MainClientExec -- Target auth state: UNCHALLENGED
11:17:35.907 [main] DEBUG org.apache.http.impl.execchain.MainClientExec -- Proxy auth state: UNCHALLENGED
11:17:35.907 [main] DEBUG org.apache.http.headers -- http-outgoing-16 >> POST /auth/register HTTP/1.1
11:17:35.907 [main] DEBUG org.apache.http.headers -- http-outgoing-16 >> Content-Type: application/json; charset=UTF-8
11:17:35.907 [main] DEBUG org.apache.http.headers -- http-outgoing-16 >> Content-Length: 125
11:17:35.907 [main] DEBUG org.apache.http.headers -- http-outgoing-16 >> Host: localhost:3000
11:17:35.907 [main] DEBUG org.apache.http.headers -- http-outgoing-16 >> Connection: Keep-Alive
11:17:35.907 [main] DEBUG org.apache.http.headers -- http-outgoing-16 >> User-Agent: Apache-HttpClient/4.5.14 (Java/17.0.9)
11:17:35.907 [main] DEBUG org.apache.http.headers -- http-outgoing-16 >> Accept-Encoding: gzip,deflate
11:17:35.907 [main] DEBUG org.apache.http.wire -- http-outgoing-16 >> "POST /auth/register HTTP/1.1[\r][\n]"
11:17:35.907 [main] DEBUG org.apache.http.wire -- http-outgoing-16 >> "Content-Type: application/json; charset=UTF-8[\r][\n]"
11:17:35.907 [main] DEBUG org.apache.http.wire -- http-outgoing-16 >> "Content-Length: 125[\r][\n]"
11:17:35.907 [main] DEBUG org.apache.http.wire -- http-outgoing-16 >> "Host: localhost:3000[\r][\n]"
11:17:35.907 [main] DEBUG org.apache.http.wire -- http-outgoing-16 >> "Connection: Keep-Alive[\r][\n]"
11:17:35.907 [main] DEBUG org.apache.http.wire -- http-outgoing-16 >> "User-Agent: Apache-HttpClient/4.5.14 (Java/17.0.9)[\r][\n]"
11:17:35.907 [main] DEBUG org.apache.http.wire -- http-outgoing-16 >> "Accept-Encoding: gzip,deflate[\r][\n]"
11:17:35.907 [main] DEBUG org.apache.http.wire -- http-outgoing-16 >> "[\r][\n]"
11:17:35.908 [main] DEBUG org.apache.http.wire -- http-outgoing-16 >> "{"email":"test17@example.com","password":"Password123","name":"John Doe","username":"johndoe17","phoneNumber":"0987 654 321"}"
11:17:35.909 [main] DEBUG org.apache.http.wire -- http-outgoing-16 << "HTTP/1.1 400 Bad Request[\r][\n]"
11:17:35.909 [main] DEBUG org.apache.http.wire -- http-outgoing-16 << "X-Powered-By: Express[\r][\n]"
11:17:35.909 [main] DEBUG org.apache.http.wire -- http-outgoing-16 << "Access-Control-Allow-Origin: *[\r][\n]"
11:17:35.909 [main] DEBUG org.apache.http.wire -- http-outgoing-16 << "Content-Type: application/json; charset=utf-8[\r][\n]"
11:17:35.909 [main] DEBUG org.apache.http.wire -- http-outgoing-16 << "Content-Length: 139[\r][\n]"
11:17:35.909 [main] DEBUG org.apache.http.wire -- http-outgoing-16 << "ETag: W/"8b-nYES0/FMdSgfyrE9/iggNM+gY1k"[\r][\n]"
11:17:35.909 [main] DEBUG org.apache.http.wire -- http-outgoing-16 << "Date: Sun, 22 Jun 2025 04:17:35 GMT[\r][\n]"
11:17:35.909 [main] DEBUG org.apache.http.wire -- http-outgoing-16 << "Connection: keep-alive[\r][\n]"
11:17:35.909 [main] DEBUG org.apache.http.wire -- http-outgoing-16 << "Keep-Alive: timeout=5[\r][\n]"
11:17:35.909 [main] DEBUG org.apache.http.wire -- http-outgoing-16 << "[\r][\n]"
11:17:35.909 [main] DEBUG org.apache.http.wire -- http-outgoing-16 << "{"success":false,"statusCode":400,"message":"D[0xe1][0xbb][0xaf] li[0xe1][0xbb][0x87]u kh[0xc3][0xb4]ng h[0xe1][0xbb][0xa3]p l[0xe1][0xbb][0x87]","path":"/auth/register","timestamp":"2025-06-22T04:17:35.909Z"}"
11:17:35.909 [main] DEBUG org.apache.http.headers -- http-outgoing-16 << HTTP/1.1 400 Bad Request
11:17:35.909 [main] DEBUG org.apache.http.headers -- http-outgoing-16 << X-Powered-By: Express
11:17:35.909 [main] DEBUG org.apache.http.headers -- http-outgoing-16 << Access-Control-Allow-Origin: *
11:17:35.909 [main] DEBUG org.apache.http.headers -- http-outgoing-16 << Content-Type: application/json; charset=utf-8
11:17:35.909 [main] DEBUG org.apache.http.headers -- http-outgoing-16 << Content-Length: 139
11:17:35.909 [main] DEBUG org.apache.http.headers -- http-outgoing-16 << ETag: W/"8b-nYES0/FMdSgfyrE9/iggNM+gY1k"
11:17:35.909 [main] DEBUG org.apache.http.headers -- http-outgoing-16 << Date: Sun, 22 Jun 2025 04:17:35 GMT
11:17:35.909 [main] DEBUG org.apache.http.headers -- http-outgoing-16 << Connection: keep-alive
11:17:35.909 [main] DEBUG org.apache.http.headers -- http-outgoing-16 << Keep-Alive: timeout=5
11:17:35.909 [main] DEBUG org.apache.http.impl.execchain.MainClientExec -- Connection can be kept alive for 5000 MILLISECONDS
11:17:35.911 [main] DEBUG org.apache.http.impl.conn.PoolingHttpClientConnectionManager -- Connection [id: 16][route: {}->http://localhost:3000] can be kept alive for 5.0 seconds
11:17:35.911 [main] DEBUG org.apache.http.impl.conn.DefaultManagedHttpClientConnection -- http-outgoing-16: set socket timeout to 0
11:17:35.911 [main] DEBUG org.apache.http.impl.conn.PoolingHttpClientConnectionManager -- Connection released: [id: 16][route: {}->http://localhost:3000][total available: 1; route allocated: 1 of 5; total allocated: 1 of 10]
11:17:35.911 [main] DEBUG org.apache.http.impl.conn.PoolingHttpClientConnectionManager -- Connection manager is shutting down
11:17:35.911 [main] DEBUG org.apache.http.impl.conn.DefaultManagedHttpClientConnection -- http-outgoing-16: Close connection
11:17:35.911 [main] DEBUG org.apache.http.impl.conn.PoolingHttpClientConnectionManager -- Connection manager shut down
11:17:35.911 [main] DEBUG com.intuit.karate -- response time in milliseconds: 4
1 < 400
1 < X-Powered-By: Express
1 < Access-Control-Allow-Origin: *
1 < Content-Type: application/json; charset=utf-8
1 < Content-Length: 139
1 < ETag: W/"8b-nYES0/FMdSgfyrE9/iggNM+gY1k"
1 < Date: Sun, 22 Jun 2025 04:17:35 GMT
1 < Connection: keep-alive
1 < Keep-Alive: timeout=5
{
  "success": false,
  "statusCode": 400,
  "message": "D? li?u không h?p l?",
  "path": "/auth/register",
  "timestamp": "2025-06-22T04:17:35.909Z"
}


11:17:35.911 [main] DEBUG com.intuit.karate.core.ScenarioEngine -- over-writing existing variable 'responseStatus' with new value: karate.get('responseStatus')
11:17:35.912 [main] DEBUG com.intuit.karate.core.ScenarioEngine -- over-writing existing variable 'response' with new value: karate.get('response')
11:17:35.912 [main] INFO com.intuit.karate -- [print] Register API called with: 
11:17:35.912 [main] INFO com.intuit.karate -- [print] Request: {
  "email": "test17@example.com",
  "password": "Password123",
  "name": "John Doe",
  "username": "johndoe17",
  "phoneNumber": "0987 654 321"
}
 
11:17:35.912 [main] INFO com.intuit.karate -- [print] Response Status: 400 
11:17:35.912 [main] INFO com.intuit.karate -- [print] Response Body: {
  "success": false,
  "statusCode": 400,
  "message": "D? li?u không h?p l?",
  "path": "/auth/register",
  "timestamp": "2025-06-22T04:17:35.909Z"
}
 
11:17:35.913 [main] INFO com.intuit.karate -- Actual Status: 400 
11:17:35.913 [main] INFO com.intuit.karate -- Actual Response: {"success":false,"statusCode":400,"message":"D? li?u không h?p l?","path":"/auth/register","timestamp":"2025-06-22T04:17:35.909Z"} 
11:17:35.913 [main] INFO com.intuit.karate -- Test Status: PASS 
11:17:35.913 [main] INFO com.intuit.karate -- ? TEST CASE #17 PASSED 
11:17:35.913 [main] INFO com.intuit.karate -- ========================================== 
11:17:35.914 [main] INFO com.intuit.karate -- ========================================== 
11:17:35.914 [main] INFO com.intuit.karate -- ?ANG CH?Y TEST CASE #18/28 
11:17:35.914 [main] INFO com.intuit.karate -- Description: TC18: S? ?i?n tho?i có mã qu?c gia - Ki?m tra khi có d?u + và mã qu?c gia 
11:17:35.914 [main] INFO com.intuit.karate -- Email: "test18@example.com" 
11:17:35.914 [main] INFO com.intuit.karate -- Password: "Password123" 
11:17:35.914 [main] INFO com.intuit.karate -- Name: "John Doe" 
11:17:35.914 [main] INFO com.intuit.karate -- Username: "johndoe18" 
11:17:35.914 [main] INFO com.intuit.karate -- PhoneNumber: "+84987654321" 
11:17:35.914 [main] INFO com.intuit.karate -- Expected Status: 400 
11:17:35.914 [main] INFO com.intuit.karate -- Expected Result: {"error": "S? ?i?n tho?i ph?i có 10 ho?c 11 ch? s?"} 
11:17:35.914 [main] INFO com.intuit.karate -- ========================================== 
11:17:35.921 [main] INFO com.intuit.karate -- karate.env system property was: null 
11:17:35.922 [main] DEBUG com.jayway.jsonpath.internal.path.CompiledPath -- Evaluating path: $
11:17:35.924 [main] DEBUG org.apache.http.client.protocol.RequestAddCookies -- CookieSpec selected: karate
11:17:35.924 [main] DEBUG org.apache.http.client.protocol.RequestAuthCache -- Auth cache not set in the context
11:17:35.924 [main] DEBUG com.intuit.karate -- request:
1 > POST http://localhost:3000/auth/register
1 > Content-Type: application/json; charset=UTF-8
1 > Content-Length: 125
1 > Host: localhost:3000
1 > Connection: Keep-Alive
1 > User-Agent: Apache-HttpClient/4.5.14 (Java/17.0.9)
1 > Accept-Encoding: gzip,deflate
{
  "email": "test18@example.com",
  "password": "Password123",
  "name": "John Doe",
  "username": "johndoe18",
  "phoneNumber": "+84987654321"
}


11:17:35.924 [main] DEBUG org.apache.http.impl.conn.PoolingHttpClientConnectionManager -- Connection request: [route: {}->http://localhost:3000][total available: 0; route allocated: 0 of 5; total allocated: 0 of 10]
11:17:35.924 [main] DEBUG org.apache.http.impl.conn.PoolingHttpClientConnectionManager -- Connection leased: [id: 17][route: {}->http://localhost:3000][total available: 0; route allocated: 1 of 5; total allocated: 1 of 10]
11:17:35.924 [main] DEBUG org.apache.http.impl.execchain.MainClientExec -- Opening connection {}->http://localhost:3000
11:17:35.924 [main] DEBUG org.apache.http.impl.conn.DefaultHttpClientConnectionOperator -- Connecting to localhost/127.0.0.1:3000
11:17:35.924 [main] DEBUG org.apache.http.impl.conn.DefaultHttpClientConnectionOperator -- Connection established 127.0.0.1:54900<->127.0.0.1:3000
11:17:35.924 [main] DEBUG org.apache.http.impl.conn.DefaultManagedHttpClientConnection -- http-outgoing-17: set socket timeout to 5000
11:17:35.924 [main] DEBUG org.apache.http.impl.execchain.MainClientExec -- Executing request POST /auth/register HTTP/1.1
11:17:35.924 [main] DEBUG org.apache.http.impl.execchain.MainClientExec -- Target auth state: UNCHALLENGED
11:17:35.924 [main] DEBUG org.apache.http.impl.execchain.MainClientExec -- Proxy auth state: UNCHALLENGED
11:17:35.924 [main] DEBUG org.apache.http.headers -- http-outgoing-17 >> POST /auth/register HTTP/1.1
11:17:35.924 [main] DEBUG org.apache.http.headers -- http-outgoing-17 >> Content-Type: application/json; charset=UTF-8
11:17:35.924 [main] DEBUG org.apache.http.headers -- http-outgoing-17 >> Content-Length: 125
11:17:35.924 [main] DEBUG org.apache.http.headers -- http-outgoing-17 >> Host: localhost:3000
11:17:35.924 [main] DEBUG org.apache.http.headers -- http-outgoing-17 >> Connection: Keep-Alive
11:17:35.924 [main] DEBUG org.apache.http.headers -- http-outgoing-17 >> User-Agent: Apache-HttpClient/4.5.14 (Java/17.0.9)
11:17:35.924 [main] DEBUG org.apache.http.headers -- http-outgoing-17 >> Accept-Encoding: gzip,deflate
11:17:35.924 [main] DEBUG org.apache.http.wire -- http-outgoing-17 >> "POST /auth/register HTTP/1.1[\r][\n]"
11:17:35.924 [main] DEBUG org.apache.http.wire -- http-outgoing-17 >> "Content-Type: application/json; charset=UTF-8[\r][\n]"
11:17:35.924 [main] DEBUG org.apache.http.wire -- http-outgoing-17 >> "Content-Length: 125[\r][\n]"
11:17:35.924 [main] DEBUG org.apache.http.wire -- http-outgoing-17 >> "Host: localhost:3000[\r][\n]"
11:17:35.924 [main] DEBUG org.apache.http.wire -- http-outgoing-17 >> "Connection: Keep-Alive[\r][\n]"
11:17:35.924 [main] DEBUG org.apache.http.wire -- http-outgoing-17 >> "User-Agent: Apache-HttpClient/4.5.14 (Java/17.0.9)[\r][\n]"
11:17:35.924 [main] DEBUG org.apache.http.wire -- http-outgoing-17 >> "Accept-Encoding: gzip,deflate[\r][\n]"
11:17:35.924 [main] DEBUG org.apache.http.wire -- http-outgoing-17 >> "[\r][\n]"
11:17:35.924 [main] DEBUG org.apache.http.wire -- http-outgoing-17 >> "{"email":"test18@example.com","password":"Password123","name":"John Doe","username":"johndoe18","phoneNumber":"+84987654321"}"
11:17:35.925 [main] DEBUG org.apache.http.wire -- http-outgoing-17 << "HTTP/1.1 400 Bad Request[\r][\n]"
11:17:35.925 [main] DEBUG org.apache.http.wire -- http-outgoing-17 << "X-Powered-By: Express[\r][\n]"
11:17:35.925 [main] DEBUG org.apache.http.wire -- http-outgoing-17 << "Access-Control-Allow-Origin: *[\r][\n]"
11:17:35.925 [main] DEBUG org.apache.http.wire -- http-outgoing-17 << "Content-Type: application/json; charset=utf-8[\r][\n]"
11:17:35.925 [main] DEBUG org.apache.http.wire -- http-outgoing-17 << "Content-Length: 139[\r][\n]"
11:17:35.925 [main] DEBUG org.apache.http.wire -- http-outgoing-17 << "ETag: W/"8b-kDU9KspIFd4ARIo7b2g2ifb85ic"[\r][\n]"
11:17:35.925 [main] DEBUG org.apache.http.wire -- http-outgoing-17 << "Date: Sun, 22 Jun 2025 04:17:35 GMT[\r][\n]"
11:17:35.925 [main] DEBUG org.apache.http.wire -- http-outgoing-17 << "Connection: keep-alive[\r][\n]"
11:17:35.925 [main] DEBUG org.apache.http.wire -- http-outgoing-17 << "Keep-Alive: timeout=5[\r][\n]"
11:17:35.925 [main] DEBUG org.apache.http.wire -- http-outgoing-17 << "[\r][\n]"
11:17:35.925 [main] DEBUG org.apache.http.wire -- http-outgoing-17 << "{"success":false,"statusCode":400,"message":"D[0xe1][0xbb][0xaf] li[0xe1][0xbb][0x87]u kh[0xc3][0xb4]ng h[0xe1][0xbb][0xa3]p l[0xe1][0xbb][0x87]","path":"/auth/register","timestamp":"2025-06-22T04:17:35.924Z"}"
11:17:35.925 [main] DEBUG org.apache.http.headers -- http-outgoing-17 << HTTP/1.1 400 Bad Request
11:17:35.925 [main] DEBUG org.apache.http.headers -- http-outgoing-17 << X-Powered-By: Express
11:17:35.925 [main] DEBUG org.apache.http.headers -- http-outgoing-17 << Access-Control-Allow-Origin: *
11:17:35.925 [main] DEBUG org.apache.http.headers -- http-outgoing-17 << Content-Type: application/json; charset=utf-8
11:17:35.925 [main] DEBUG org.apache.http.headers -- http-outgoing-17 << Content-Length: 139
11:17:35.925 [main] DEBUG org.apache.http.headers -- http-outgoing-17 << ETag: W/"8b-kDU9KspIFd4ARIo7b2g2ifb85ic"
11:17:35.925 [main] DEBUG org.apache.http.headers -- http-outgoing-17 << Date: Sun, 22 Jun 2025 04:17:35 GMT
11:17:35.925 [main] DEBUG org.apache.http.headers -- http-outgoing-17 << Connection: keep-alive
11:17:35.925 [main] DEBUG org.apache.http.headers -- http-outgoing-17 << Keep-Alive: timeout=5
11:17:35.925 [main] DEBUG org.apache.http.impl.execchain.MainClientExec -- Connection can be kept alive for 5000 MILLISECONDS
11:17:35.925 [main] DEBUG org.apache.http.impl.conn.PoolingHttpClientConnectionManager -- Connection [id: 17][route: {}->http://localhost:3000] can be kept alive for 5.0 seconds
11:17:35.925 [main] DEBUG org.apache.http.impl.conn.DefaultManagedHttpClientConnection -- http-outgoing-17: set socket timeout to 0
11:17:35.925 [main] DEBUG org.apache.http.impl.conn.PoolingHttpClientConnectionManager -- Connection released: [id: 17][route: {}->http://localhost:3000][total available: 1; route allocated: 1 of 5; total allocated: 1 of 10]
11:17:35.925 [main] DEBUG org.apache.http.impl.conn.PoolingHttpClientConnectionManager -- Connection manager is shutting down
11:17:35.925 [main] DEBUG org.apache.http.impl.conn.DefaultManagedHttpClientConnection -- http-outgoing-17: Close connection
11:17:35.925 [main] DEBUG org.apache.http.impl.conn.PoolingHttpClientConnectionManager -- Connection manager shut down
11:17:35.926 [main] DEBUG com.intuit.karate -- response time in milliseconds: 1
1 < 400
1 < X-Powered-By: Express
1 < Access-Control-Allow-Origin: *
1 < Content-Type: application/json; charset=utf-8
1 < Content-Length: 139
1 < ETag: W/"8b-kDU9KspIFd4ARIo7b2g2ifb85ic"
1 < Date: Sun, 22 Jun 2025 04:17:35 GMT
1 < Connection: keep-alive
1 < Keep-Alive: timeout=5
{
  "success": false,
  "statusCode": 400,
  "message": "D? li?u không h?p l?",
  "path": "/auth/register",
  "timestamp": "2025-06-22T04:17:35.924Z"
}


11:17:35.926 [main] DEBUG com.intuit.karate.core.ScenarioEngine -- over-writing existing variable 'responseStatus' with new value: karate.get('responseStatus')
11:17:35.926 [main] DEBUG com.intuit.karate.core.ScenarioEngine -- over-writing existing variable 'response' with new value: karate.get('response')
11:17:35.927 [main] INFO com.intuit.karate -- [print] Register API called with: 
11:17:35.927 [main] INFO com.intuit.karate -- [print] Request: {
  "email": "test18@example.com",
  "password": "Password123",
  "name": "John Doe",
  "username": "johndoe18",
  "phoneNumber": "+84987654321"
}
 
11:17:35.927 [main] INFO com.intuit.karate -- [print] Response Status: 400 
11:17:35.927 [main] INFO com.intuit.karate -- [print] Response Body: {
  "success": false,
  "statusCode": 400,
  "message": "D? li?u không h?p l?",
  "path": "/auth/register",
  "timestamp": "2025-06-22T04:17:35.924Z"
}
 
11:17:35.927 [main] INFO com.intuit.karate -- Actual Status: 400 
11:17:35.929 [main] INFO com.intuit.karate -- Actual Response: {"success":false,"statusCode":400,"message":"D? li?u không h?p l?","path":"/auth/register","timestamp":"2025-06-22T04:17:35.924Z"} 
11:17:35.929 [main] INFO com.intuit.karate -- Test Status: PASS 
11:17:35.929 [main] INFO com.intuit.karate -- ? TEST CASE #18 PASSED 
11:17:35.929 [main] INFO com.intuit.karate -- ========================================== 
11:17:35.929 [main] INFO com.intuit.karate -- ========================================== 
11:17:35.929 [main] INFO com.intuit.karate -- ?ANG CH?Y TEST CASE #19/28 
11:17:35.929 [main] INFO com.intuit.karate -- Description: TC19: T?t c? các tr??ng r?ng - Ki?m tra khi t?t c? các tr??ng ?? tr?ng 
11:17:35.929 [main] INFO com.intuit.karate -- Email: "" 
11:17:35.929 [main] INFO com.intuit.karate -- Password: "" 
11:17:35.930 [main] INFO com.intuit.karate -- Name: "" 
11:17:35.930 [main] INFO com.intuit.karate -- Username: "" 
11:17:35.930 [main] INFO com.intuit.karate -- PhoneNumber: "" 
11:17:35.930 [main] INFO com.intuit.karate -- Expected Status: 400 
11:17:35.930 [main] INFO com.intuit.karate -- Expected Result: {"error": "All fields are required"} 
11:17:35.930 [main] INFO com.intuit.karate -- ========================================== 
11:17:35.937 [main] INFO com.intuit.karate -- karate.env system property was: null 
11:17:35.937 [main] DEBUG com.jayway.jsonpath.internal.path.CompiledPath -- Evaluating path: $
11:17:35.939 [main] DEBUG org.apache.http.client.protocol.RequestAddCookies -- CookieSpec selected: karate
11:17:35.939 [main] DEBUG org.apache.http.client.protocol.RequestAuthCache -- Auth cache not set in the context
11:17:35.939 [main] DEBUG com.intuit.karate -- request:
1 > POST http://localhost:3000/auth/register
1 > Content-Type: application/json; charset=UTF-8
1 > Content-Length: 67
1 > Host: localhost:3000
1 > Connection: Keep-Alive
1 > User-Agent: Apache-HttpClient/4.5.14 (Java/17.0.9)
1 > Accept-Encoding: gzip,deflate
{
  "email": "",
  "password": "",
  "name": "",
  "username": "",
  "phoneNumber": ""
}


11:17:35.939 [main] DEBUG org.apache.http.impl.conn.PoolingHttpClientConnectionManager -- Connection request: [route: {}->http://localhost:3000][total available: 0; route allocated: 0 of 5; total allocated: 0 of 10]
11:17:35.940 [main] DEBUG org.apache.http.impl.conn.PoolingHttpClientConnectionManager -- Connection leased: [id: 18][route: {}->http://localhost:3000][total available: 0; route allocated: 1 of 5; total allocated: 1 of 10]
11:17:35.940 [main] DEBUG org.apache.http.impl.execchain.MainClientExec -- Opening connection {}->http://localhost:3000
11:17:35.940 [main] DEBUG org.apache.http.impl.conn.DefaultHttpClientConnectionOperator -- Connecting to localhost/127.0.0.1:3000
11:17:35.940 [main] DEBUG org.apache.http.impl.conn.DefaultHttpClientConnectionOperator -- Connection established 127.0.0.1:54901<->127.0.0.1:3000
11:17:35.940 [main] DEBUG org.apache.http.impl.conn.DefaultManagedHttpClientConnection -- http-outgoing-18: set socket timeout to 5000
11:17:35.940 [main] DEBUG org.apache.http.impl.execchain.MainClientExec -- Executing request POST /auth/register HTTP/1.1
11:17:35.940 [main] DEBUG org.apache.http.impl.execchain.MainClientExec -- Target auth state: UNCHALLENGED
11:17:35.940 [main] DEBUG org.apache.http.impl.execchain.MainClientExec -- Proxy auth state: UNCHALLENGED
11:17:35.941 [main] DEBUG org.apache.http.headers -- http-outgoing-18 >> POST /auth/register HTTP/1.1
11:17:35.941 [main] DEBUG org.apache.http.headers -- http-outgoing-18 >> Content-Type: application/json; charset=UTF-8
11:17:35.941 [main] DEBUG org.apache.http.headers -- http-outgoing-18 >> Content-Length: 67
11:17:35.941 [main] DEBUG org.apache.http.headers -- http-outgoing-18 >> Host: localhost:3000
11:17:35.941 [main] DEBUG org.apache.http.headers -- http-outgoing-18 >> Connection: Keep-Alive
11:17:35.941 [main] DEBUG org.apache.http.headers -- http-outgoing-18 >> User-Agent: Apache-HttpClient/4.5.14 (Java/17.0.9)
11:17:35.941 [main] DEBUG org.apache.http.headers -- http-outgoing-18 >> Accept-Encoding: gzip,deflate
11:17:35.941 [main] DEBUG org.apache.http.wire -- http-outgoing-18 >> "POST /auth/register HTTP/1.1[\r][\n]"
11:17:35.941 [main] DEBUG org.apache.http.wire -- http-outgoing-18 >> "Content-Type: application/json; charset=UTF-8[\r][\n]"
11:17:35.941 [main] DEBUG org.apache.http.wire -- http-outgoing-18 >> "Content-Length: 67[\r][\n]"
11:17:35.941 [main] DEBUG org.apache.http.wire -- http-outgoing-18 >> "Host: localhost:3000[\r][\n]"
11:17:35.941 [main] DEBUG org.apache.http.wire -- http-outgoing-18 >> "Connection: Keep-Alive[\r][\n]"
11:17:35.941 [main] DEBUG org.apache.http.wire -- http-outgoing-18 >> "User-Agent: Apache-HttpClient/4.5.14 (Java/17.0.9)[\r][\n]"
11:17:35.941 [main] DEBUG org.apache.http.wire -- http-outgoing-18 >> "Accept-Encoding: gzip,deflate[\r][\n]"
11:17:35.941 [main] DEBUG org.apache.http.wire -- http-outgoing-18 >> "[\r][\n]"
11:17:35.941 [main] DEBUG org.apache.http.wire -- http-outgoing-18 >> "{"email":"","password":"","name":"","username":"","phoneNumber":""}"
11:17:35.942 [main] DEBUG org.apache.http.wire -- http-outgoing-18 << "HTTP/1.1 400 Bad Request[\r][\n]"
11:17:35.942 [main] DEBUG org.apache.http.wire -- http-outgoing-18 << "X-Powered-By: Express[\r][\n]"
11:17:35.942 [main] DEBUG org.apache.http.wire -- http-outgoing-18 << "Access-Control-Allow-Origin: *[\r][\n]"
11:17:35.942 [main] DEBUG org.apache.http.wire -- http-outgoing-18 << "Content-Type: application/json; charset=utf-8[\r][\n]"
11:17:35.942 [main] DEBUG org.apache.http.wire -- http-outgoing-18 << "Content-Length: 139[\r][\n]"
11:17:35.942 [main] DEBUG org.apache.http.wire -- http-outgoing-18 << "ETag: W/"8b-80hIVQRdERnIe03TGMA5eklD+IU"[\r][\n]"
11:17:35.942 [main] DEBUG org.apache.http.wire -- http-outgoing-18 << "Date: Sun, 22 Jun 2025 04:17:35 GMT[\r][\n]"
11:17:35.942 [main] DEBUG org.apache.http.wire -- http-outgoing-18 << "Connection: keep-alive[\r][\n]"
11:17:35.942 [main] DEBUG org.apache.http.wire -- http-outgoing-18 << "Keep-Alive: timeout=5[\r][\n]"
11:17:35.942 [main] DEBUG org.apache.http.wire -- http-outgoing-18 << "[\r][\n]"
11:17:35.942 [main] DEBUG org.apache.http.wire -- http-outgoing-18 << "{"success":false,"statusCode":400,"message":"D[0xe1][0xbb][0xaf] li[0xe1][0xbb][0x87]u kh[0xc3][0xb4]ng h[0xe1][0xbb][0xa3]p l[0xe1][0xbb][0x87]","path":"/auth/register","timestamp":"2025-06-22T04:17:35.941Z"}"
11:17:35.942 [main] DEBUG org.apache.http.headers -- http-outgoing-18 << HTTP/1.1 400 Bad Request
11:17:35.942 [main] DEBUG org.apache.http.headers -- http-outgoing-18 << X-Powered-By: Express
11:17:35.942 [main] DEBUG org.apache.http.headers -- http-outgoing-18 << Access-Control-Allow-Origin: *
11:17:35.942 [main] DEBUG org.apache.http.headers -- http-outgoing-18 << Content-Type: application/json; charset=utf-8
11:17:35.942 [main] DEBUG org.apache.http.headers -- http-outgoing-18 << Content-Length: 139
11:17:35.942 [main] DEBUG org.apache.http.headers -- http-outgoing-18 << ETag: W/"8b-80hIVQRdERnIe03TGMA5eklD+IU"
11:17:35.942 [main] DEBUG org.apache.http.headers -- http-outgoing-18 << Date: Sun, 22 Jun 2025 04:17:35 GMT
11:17:35.942 [main] DEBUG org.apache.http.headers -- http-outgoing-18 << Connection: keep-alive
11:17:35.942 [main] DEBUG org.apache.http.headers -- http-outgoing-18 << Keep-Alive: timeout=5
11:17:35.942 [main] DEBUG org.apache.http.impl.execchain.MainClientExec -- Connection can be kept alive for 5000 MILLISECONDS
11:17:35.943 [main] DEBUG org.apache.http.impl.conn.PoolingHttpClientConnectionManager -- Connection [id: 18][route: {}->http://localhost:3000] can be kept alive for 5.0 seconds
11:17:35.943 [main] DEBUG org.apache.http.impl.conn.DefaultManagedHttpClientConnection -- http-outgoing-18: set socket timeout to 0
11:17:35.943 [main] DEBUG org.apache.http.impl.conn.PoolingHttpClientConnectionManager -- Connection released: [id: 18][route: {}->http://localhost:3000][total available: 1; route allocated: 1 of 5; total allocated: 1 of 10]
11:17:35.943 [main] DEBUG org.apache.http.impl.conn.PoolingHttpClientConnectionManager -- Connection manager is shutting down
11:17:35.943 [main] DEBUG org.apache.http.impl.conn.DefaultManagedHttpClientConnection -- http-outgoing-18: Close connection
11:17:35.943 [main] DEBUG org.apache.http.impl.conn.PoolingHttpClientConnectionManager -- Connection manager shut down
11:17:35.943 [main] DEBUG com.intuit.karate -- response time in milliseconds: 4
1 < 400
1 < X-Powered-By: Express
1 < Access-Control-Allow-Origin: *
1 < Content-Type: application/json; charset=utf-8
1 < Content-Length: 139
1 < ETag: W/"8b-80hIVQRdERnIe03TGMA5eklD+IU"
1 < Date: Sun, 22 Jun 2025 04:17:35 GMT
1 < Connection: keep-alive
1 < Keep-Alive: timeout=5
{
  "success": false,
  "statusCode": 400,
  "message": "D? li?u không h?p l?",
  "path": "/auth/register",
  "timestamp": "2025-06-22T04:17:35.941Z"
}


11:17:35.944 [main] DEBUG com.intuit.karate.core.ScenarioEngine -- over-writing existing variable 'responseStatus' with new value: karate.get('responseStatus')
11:17:35.944 [main] DEBUG com.intuit.karate.core.ScenarioEngine -- over-writing existing variable 'response' with new value: karate.get('response')
11:17:35.945 [main] INFO com.intuit.karate -- [print] Register API called with: 
11:17:35.945 [main] INFO com.intuit.karate -- [print] Request: {
  "email": "",
  "password": "",
  "name": "",
  "username": "",
  "phoneNumber": ""
}
 
11:17:35.945 [main] INFO com.intuit.karate -- [print] Response Status: 400 
11:17:35.945 [main] INFO com.intuit.karate -- [print] Response Body: {
  "success": false,
  "statusCode": 400,
  "message": "D? li?u không h?p l?",
  "path": "/auth/register",
  "timestamp": "2025-06-22T04:17:35.941Z"
}
 
11:17:35.946 [main] INFO com.intuit.karate -- Actual Status: 400 
11:17:35.946 [main] INFO com.intuit.karate -- Actual Response: {"success":false,"statusCode":400,"message":"D? li?u không h?p l?","path":"/auth/register","timestamp":"2025-06-22T04:17:35.941Z"} 
11:17:35.946 [main] INFO com.intuit.karate -- Test Status: PASS 
11:17:35.946 [main] INFO com.intuit.karate -- ? TEST CASE #19 PASSED 
11:17:35.946 [main] INFO com.intuit.karate -- ========================================== 
11:17:35.947 [main] INFO com.intuit.karate -- ========================================== 
11:17:35.947 [main] INFO com.intuit.karate -- ?ANG CH?Y TEST CASE #20/28 
11:17:35.947 [main] INFO com.intuit.karate -- Description: TC20: Username ch?a ký t? ??c bi?t - Ki?m tra khi username ch?a ký t? không cho phép 
11:17:35.947 [main] INFO com.intuit.karate -- Email: "testernoo20@example.com" 
11:17:35.947 [main] INFO com.intuit.karate -- Password: "Password123" 
11:17:35.947 [main] INFO com.intuit.karate -- Name: "John Doe221" 
11:17:35.947 [main] INFO com.intuit.karate -- Username: "john@doe2221" 
11:17:35.947 [main] INFO com.intuit.karate -- PhoneNumber: "0987654458" 
11:17:35.947 [main] INFO com.intuit.karate -- Expected Status: 400 
11:17:35.947 [main] INFO com.intuit.karate -- Expected Result: {"error": "Username contains invalid characters"} 
11:17:35.947 [main] INFO com.intuit.karate -- ========================================== 
11:17:35.956 [main] INFO com.intuit.karate -- karate.env system property was: null 
11:17:35.956 [main] DEBUG com.jayway.jsonpath.internal.path.CompiledPath -- Evaluating path: $
11:17:35.958 [main] DEBUG org.apache.http.client.protocol.RequestAddCookies -- CookieSpec selected: karate
11:17:35.958 [main] DEBUG org.apache.http.client.protocol.RequestAuthCache -- Auth cache not set in the context
11:17:35.958 [main] DEBUG com.intuit.karate -- request:
1 > POST http://localhost:3000/auth/register
1 > Content-Type: application/json; charset=UTF-8
1 > Content-Length: 134
1 > Host: localhost:3000
1 > Connection: Keep-Alive
1 > User-Agent: Apache-HttpClient/4.5.14 (Java/17.0.9)
1 > Accept-Encoding: gzip,deflate
{
  "email": "testernoo20@example.com",
  "password": "Password123",
  "name": "John Doe221",
  "username": "john@doe2221",
  "phoneNumber": "0987654458"
}


11:17:35.958 [main] DEBUG org.apache.http.impl.conn.PoolingHttpClientConnectionManager -- Connection request: [route: {}->http://localhost:3000][total available: 0; route allocated: 0 of 5; total allocated: 0 of 10]
11:17:35.960 [main] DEBUG org.apache.http.impl.conn.PoolingHttpClientConnectionManager -- Connection leased: [id: 19][route: {}->http://localhost:3000][total available: 0; route allocated: 1 of 5; total allocated: 1 of 10]
11:17:35.960 [main] DEBUG org.apache.http.impl.execchain.MainClientExec -- Opening connection {}->http://localhost:3000
11:17:35.960 [main] DEBUG org.apache.http.impl.conn.DefaultHttpClientConnectionOperator -- Connecting to localhost/127.0.0.1:3000
11:17:35.961 [main] DEBUG org.apache.http.impl.conn.DefaultHttpClientConnectionOperator -- Connection established 127.0.0.1:54902<->127.0.0.1:3000
11:17:35.961 [main] DEBUG org.apache.http.impl.conn.DefaultManagedHttpClientConnection -- http-outgoing-19: set socket timeout to 5000
11:17:35.961 [main] DEBUG org.apache.http.impl.execchain.MainClientExec -- Executing request POST /auth/register HTTP/1.1
11:17:35.961 [main] DEBUG org.apache.http.impl.execchain.MainClientExec -- Target auth state: UNCHALLENGED
11:17:35.961 [main] DEBUG org.apache.http.impl.execchain.MainClientExec -- Proxy auth state: UNCHALLENGED
11:17:35.961 [main] DEBUG org.apache.http.headers -- http-outgoing-19 >> POST /auth/register HTTP/1.1
11:17:35.961 [main] DEBUG org.apache.http.headers -- http-outgoing-19 >> Content-Type: application/json; charset=UTF-8
11:17:35.961 [main] DEBUG org.apache.http.headers -- http-outgoing-19 >> Content-Length: 134
11:17:35.961 [main] DEBUG org.apache.http.headers -- http-outgoing-19 >> Host: localhost:3000
11:17:35.961 [main] DEBUG org.apache.http.headers -- http-outgoing-19 >> Connection: Keep-Alive
11:17:35.961 [main] DEBUG org.apache.http.headers -- http-outgoing-19 >> User-Agent: Apache-HttpClient/4.5.14 (Java/17.0.9)
11:17:35.961 [main] DEBUG org.apache.http.headers -- http-outgoing-19 >> Accept-Encoding: gzip,deflate
11:17:35.961 [main] DEBUG org.apache.http.wire -- http-outgoing-19 >> "POST /auth/register HTTP/1.1[\r][\n]"
11:17:35.961 [main] DEBUG org.apache.http.wire -- http-outgoing-19 >> "Content-Type: application/json; charset=UTF-8[\r][\n]"
11:17:35.961 [main] DEBUG org.apache.http.wire -- http-outgoing-19 >> "Content-Length: 134[\r][\n]"
11:17:35.961 [main] DEBUG org.apache.http.wire -- http-outgoing-19 >> "Host: localhost:3000[\r][\n]"
11:17:35.961 [main] DEBUG org.apache.http.wire -- http-outgoing-19 >> "Connection: Keep-Alive[\r][\n]"
11:17:35.961 [main] DEBUG org.apache.http.wire -- http-outgoing-19 >> "User-Agent: Apache-HttpClient/4.5.14 (Java/17.0.9)[\r][\n]"
11:17:35.961 [main] DEBUG org.apache.http.wire -- http-outgoing-19 >> "Accept-Encoding: gzip,deflate[\r][\n]"
11:17:35.961 [main] DEBUG org.apache.http.wire -- http-outgoing-19 >> "[\r][\n]"
11:17:35.961 [main] DEBUG org.apache.http.wire -- http-outgoing-19 >> "{"email":"testernoo20@example.com","password":"Password123","name":"John Doe221","username":"john@doe2221","phoneNumber":"0987654458"}"
11:17:36.134 [main] DEBUG org.apache.http.wire -- http-outgoing-19 << "HTTP/1.1 201 Created[\r][\n]"
11:17:36.134 [main] DEBUG org.apache.http.wire -- http-outgoing-19 << "X-Powered-By: Express[\r][\n]"
11:17:36.134 [main] DEBUG org.apache.http.wire -- http-outgoing-19 << "Access-Control-Allow-Origin: *[\r][\n]"
11:17:36.134 [main] DEBUG org.apache.http.wire -- http-outgoing-19 << "Content-Type: application/json; charset=utf-8[\r][\n]"
11:17:36.134 [main] DEBUG org.apache.http.wire -- http-outgoing-19 << "Content-Length: 623[\r][\n]"
11:17:36.134 [main] DEBUG org.apache.http.wire -- http-outgoing-19 << "ETag: W/"26f-hMSpvu3zGK1tLBO3iUsoKjmoOYU"[\r][\n]"
11:17:36.134 [main] DEBUG org.apache.http.wire -- http-outgoing-19 << "Date: Sun, 22 Jun 2025 04:17:36 GMT[\r][\n]"
11:17:36.134 [main] DEBUG org.apache.http.wire -- http-outgoing-19 << "Connection: keep-alive[\r][\n]"
11:17:36.134 [main] DEBUG org.apache.http.wire -- http-outgoing-19 << "Keep-Alive: timeout=5[\r][\n]"
11:17:36.134 [main] DEBUG org.apache.http.wire -- http-outgoing-19 << "[\r][\n]"
11:17:36.134 [main] DEBUG org.apache.http.wire -- http-outgoing-19 << "{"access_token":"eyJhbGciOiJIUzI1NiIsInR5cCI6IkpXVCJ9.eyJzdWIiOiI5MDQ2MDc2Yi1mZDgwLTQ1NzUtYjI2ZS0wMzg2N2NjODQ2YzgiLCJ1c2VybmFtZSI6ImpvaG5AZG9lMjIyMSIsInJvbGUiOjAsImlhdCI6MTc1MDU2NTg1NiwiZXhwIjoxNzUwNTY5NDU2fQ.a-dAYVuYJucBfh2rPh4_D7xq7qb8veGpxgYHwZ2uqU0","refresh_token":"f0dbeb5c5c86a09c47aba073d9e0448ceb4bb47a3baa6163331b82cd030138a9","user":{"id":"9046076b-fd80-4575-b26e-03867cc846c8","email":"testernoo20@example.com","username":"john@doe2221","name":"John Doe221","phoneNumber":"0987654458","profilePic":null,"bio":null,"address":null,"private":false,"verified":false,"role":0,"createdAt":"2025-06-22T04:17:36.049Z"}}"
11:17:36.134 [main] DEBUG org.apache.http.headers -- http-outgoing-19 << HTTP/1.1 201 Created
11:17:36.134 [main] DEBUG org.apache.http.headers -- http-outgoing-19 << X-Powered-By: Express
11:17:36.134 [main] DEBUG org.apache.http.headers -- http-outgoing-19 << Access-Control-Allow-Origin: *
11:17:36.134 [main] DEBUG org.apache.http.headers -- http-outgoing-19 << Content-Type: application/json; charset=utf-8
11:17:36.134 [main] DEBUG org.apache.http.headers -- http-outgoing-19 << Content-Length: 623
11:17:36.134 [main] DEBUG org.apache.http.headers -- http-outgoing-19 << ETag: W/"26f-hMSpvu3zGK1tLBO3iUsoKjmoOYU"
11:17:36.134 [main] DEBUG org.apache.http.headers -- http-outgoing-19 << Date: Sun, 22 Jun 2025 04:17:36 GMT
11:17:36.134 [main] DEBUG org.apache.http.headers -- http-outgoing-19 << Connection: keep-alive
11:17:36.134 [main] DEBUG org.apache.http.headers -- http-outgoing-19 << Keep-Alive: timeout=5
11:17:36.134 [main] DEBUG org.apache.http.impl.execchain.MainClientExec -- Connection can be kept alive for 5000 MILLISECONDS
11:17:36.134 [main] DEBUG org.apache.http.impl.conn.PoolingHttpClientConnectionManager -- Connection [id: 19][route: {}->http://localhost:3000] can be kept alive for 5.0 seconds
11:17:36.134 [main] DEBUG org.apache.http.impl.conn.DefaultManagedHttpClientConnection -- http-outgoing-19: set socket timeout to 0
11:17:36.135 [main] DEBUG org.apache.http.impl.conn.PoolingHttpClientConnectionManager -- Connection released: [id: 19][route: {}->http://localhost:3000][total available: 1; route allocated: 1 of 5; total allocated: 1 of 10]
11:17:36.135 [main] DEBUG org.apache.http.impl.conn.PoolingHttpClientConnectionManager -- Connection manager is shutting down
11:17:36.135 [main] DEBUG org.apache.http.impl.conn.DefaultManagedHttpClientConnection -- http-outgoing-19: Close connection
11:17:36.135 [main] DEBUG org.apache.http.impl.conn.PoolingHttpClientConnectionManager -- Connection manager shut down
11:17:36.135 [main] DEBUG com.intuit.karate -- response time in milliseconds: 177
1 < 201
1 < X-Powered-By: Express
1 < Access-Control-Allow-Origin: *
1 < Content-Type: application/json; charset=utf-8
1 < Content-Length: 623
1 < ETag: W/"26f-hMSpvu3zGK1tLBO3iUsoKjmoOYU"
1 < Date: Sun, 22 Jun 2025 04:17:36 GMT
1 < Connection: keep-alive
1 < Keep-Alive: timeout=5
{
  "access_token": "eyJhbGciOiJIUzI1NiIsInR5cCI6IkpXVCJ9.eyJzdWIiOiI5MDQ2MDc2Yi1mZDgwLTQ1NzUtYjI2ZS0wMzg2N2NjODQ2YzgiLCJ1c2VybmFtZSI6ImpvaG5AZG9lMjIyMSIsInJvbGUiOjAsImlhdCI6MTc1MDU2NTg1NiwiZXhwIjoxNzUwNTY5NDU2fQ.a-dAYVuYJucBfh2rPh4_D7xq7qb8veGpxgYHwZ2uqU0",
  "refresh_token": "f0dbeb5c5c86a09c47aba073d9e0448ceb4bb47a3baa6163331b82cd030138a9",
  "user": {
    "id": "9046076b-fd80-4575-b26e-03867cc846c8",
    "email": "testernoo20@example.com",
    "username": "john@doe2221",
    "name": "John Doe221",
    "phoneNumber": "0987654458",
    "profilePic": null,
    "bio": null,
    "address": null,
    "private": false,
    "verified": false,
    "role": 0,
    "createdAt": "2025-06-22T04:17:36.049Z"
  }
}


11:17:36.135 [main] DEBUG com.intuit.karate.core.ScenarioEngine -- over-writing existing variable 'responseStatus' with new value: karate.get('responseStatus')
11:17:36.135 [main] DEBUG com.intuit.karate.core.ScenarioEngine -- over-writing existing variable 'response' with new value: karate.get('response')
11:17:36.135 [main] INFO com.intuit.karate -- [print] Register API called with: 
11:17:36.135 [main] INFO com.intuit.karate -- [print] Request: {
  "email": "testernoo20@example.com",
  "password": "Password123",
  "name": "John Doe221",
  "username": "john@doe2221",
  "phoneNumber": "0987654458"
}
 
11:17:36.135 [main] INFO com.intuit.karate -- [print] Response Status: 201 
11:17:36.135 [main] INFO com.intuit.karate -- [print] Response Body: {
  "access_token": "eyJhbGciOiJIUzI1NiIsInR5cCI6IkpXVCJ9.eyJzdWIiOiI5MDQ2MDc2Yi1mZDgwLTQ1NzUtYjI2ZS0wMzg2N2NjODQ2YzgiLCJ1c2VybmFtZSI6ImpvaG5AZG9lMjIyMSIsInJvbGUiOjAsImlhdCI6MTc1MDU2NTg1NiwiZXhwIjoxNzUwNTY5NDU2fQ.a-dAYVuYJucBfh2rPh4_D7xq7qb8veGpxgYHwZ2uqU0",
  "refresh_token": "f0dbeb5c5c86a09c47aba073d9e0448ceb4bb47a3baa6163331b82cd030138a9",
  "user": {
    "id": "9046076b-fd80-4575-b26e-03867cc846c8",
    "email": "testernoo20@example.com",
    "username": "john@doe2221",
    "name": "John Doe221",
    "phoneNumber": "0987654458",
    "profilePic": null,
    "bio": null,
    "address": null,
    "private": false,
    "verified": false,
    "role": 0,
    "createdAt": "2025-06-22T04:17:36.049Z"
  }
}
 
11:17:36.136 [main] INFO com.intuit.karate -- Actual Status: 201 
11:17:36.136 [main] INFO com.intuit.karate -- Actual Response: {"access_token":"eyJhbGciOiJIUzI1NiIsInR5cCI6IkpXVCJ9.eyJzdWIiOiI5MDQ2MDc2Yi1mZDgwLTQ1NzUtYjI2ZS0wMzg2N2NjODQ2YzgiLCJ1c2VybmFtZSI6ImpvaG5AZG9lMjIyMSIsInJvbGUiOjAsImlhdCI6MTc1MDU2NTg1NiwiZXhwIjoxNzUwNTY5NDU2fQ.a-dAYVuYJucBfh2rPh4_D7xq7qb8veGpxgYHwZ2uqU0","refresh_token":"f0dbeb5c5c86a09c47aba073d9e0448ceb4bb47a3baa6163331b82cd030138a9","user":{"id":"9046076b-fd80-4575-b26e-03867cc846c8","email":"testernoo20@example.com","username":"john@doe2221","name":"John Doe221","phoneNumber":"0987654458","profilePic":null,"bio":null,"address":null,"private":false,"verified":false,"role":0,"createdAt":"2025-06-22T04:17:36.049Z"}} 
11:17:36.137 [main] INFO com.intuit.karate -- Test Status: FAIL 
11:17:36.137 [main] INFO com.intuit.karate -- Failure Reason: Status mismatch - Expected: 400, Actual: 201 
11:17:36.137 [main] INFO com.intuit.karate -- ? TEST CASE #20 FAILED: Status mismatch - Expected: 400, Actual: 201 
11:17:36.137 [main] INFO com.intuit.karate -- ========================================== 
11:17:36.137 [main] INFO com.intuit.karate -- ========================================== 
11:17:36.137 [main] INFO com.intuit.karate -- ?ANG CH?Y TEST CASE #21/28 
11:17:36.137 [main] INFO com.intuit.karate -- Description: TC21: Password không ch?a s? - Ki?m tra khi password không ?áp ?ng yêu c?u ph?c t?p 
11:17:36.137 [main] INFO com.intuit.karate -- Email: "testernoo21@example.com" 
11:17:36.137 [main] INFO com.intuit.karate -- Password: "password" 
11:17:36.137 [main] INFO com.intuit.karate -- Name: "John Doe123" 
11:17:36.137 [main] INFO com.intuit.karate -- Username: "johndoe123as" 
11:17:36.137 [main] INFO com.intuit.karate -- PhoneNumber: "0987123986" 
11:17:36.137 [main] INFO com.intuit.karate -- Expected Status: 400 
11:17:36.137 [main] INFO com.intuit.karate -- Expected Result: {"error": "Password must contain at least one number"} 
11:17:36.137 [main] INFO com.intuit.karate -- ========================================== 
11:17:36.143 [main] INFO com.intuit.karate -- karate.env system property was: null 
11:17:36.144 [main] DEBUG com.jayway.jsonpath.internal.path.CompiledPath -- Evaluating path: $
11:17:36.145 [main] DEBUG org.apache.http.client.protocol.RequestAddCookies -- CookieSpec selected: karate
11:17:36.145 [main] DEBUG org.apache.http.client.protocol.RequestAuthCache -- Auth cache not set in the context
11:17:36.145 [main] DEBUG com.intuit.karate -- request:
1 > POST http://localhost:3000/auth/register
1 > Content-Type: application/json; charset=UTF-8
1 > Content-Length: 131
1 > Host: localhost:3000
1 > Connection: Keep-Alive
1 > User-Agent: Apache-HttpClient/4.5.14 (Java/17.0.9)
1 > Accept-Encoding: gzip,deflate
{
  "email": "testernoo21@example.com",
  "password": "password",
  "name": "John Doe123",
  "username": "johndoe123as",
  "phoneNumber": "0987123986"
}


11:17:36.145 [main] DEBUG org.apache.http.impl.conn.PoolingHttpClientConnectionManager -- Connection request: [route: {}->http://localhost:3000][total available: 0; route allocated: 0 of 5; total allocated: 0 of 10]
11:17:36.145 [main] DEBUG org.apache.http.impl.conn.PoolingHttpClientConnectionManager -- Connection leased: [id: 20][route: {}->http://localhost:3000][total available: 0; route allocated: 1 of 5; total allocated: 1 of 10]
11:17:36.145 [main] DEBUG org.apache.http.impl.execchain.MainClientExec -- Opening connection {}->http://localhost:3000
11:17:36.145 [main] DEBUG org.apache.http.impl.conn.DefaultHttpClientConnectionOperator -- Connecting to localhost/127.0.0.1:3000
11:17:36.146 [main] DEBUG org.apache.http.impl.conn.DefaultHttpClientConnectionOperator -- Connection established 127.0.0.1:54903<->127.0.0.1:3000
11:17:36.146 [main] DEBUG org.apache.http.impl.conn.DefaultManagedHttpClientConnection -- http-outgoing-20: set socket timeout to 5000
11:17:36.146 [main] DEBUG org.apache.http.impl.execchain.MainClientExec -- Executing request POST /auth/register HTTP/1.1
11:17:36.146 [main] DEBUG org.apache.http.impl.execchain.MainClientExec -- Target auth state: UNCHALLENGED
11:17:36.146 [main] DEBUG org.apache.http.impl.execchain.MainClientExec -- Proxy auth state: UNCHALLENGED
11:17:36.146 [main] DEBUG org.apache.http.headers -- http-outgoing-20 >> POST /auth/register HTTP/1.1
11:17:36.146 [main] DEBUG org.apache.http.headers -- http-outgoing-20 >> Content-Type: application/json; charset=UTF-8
11:17:36.146 [main] DEBUG org.apache.http.headers -- http-outgoing-20 >> Content-Length: 131
11:17:36.146 [main] DEBUG org.apache.http.headers -- http-outgoing-20 >> Host: localhost:3000
11:17:36.146 [main] DEBUG org.apache.http.headers -- http-outgoing-20 >> Connection: Keep-Alive
11:17:36.146 [main] DEBUG org.apache.http.headers -- http-outgoing-20 >> User-Agent: Apache-HttpClient/4.5.14 (Java/17.0.9)
11:17:36.146 [main] DEBUG org.apache.http.headers -- http-outgoing-20 >> Accept-Encoding: gzip,deflate
11:17:36.146 [main] DEBUG org.apache.http.wire -- http-outgoing-20 >> "POST /auth/register HTTP/1.1[\r][\n]"
11:17:36.146 [main] DEBUG org.apache.http.wire -- http-outgoing-20 >> "Content-Type: application/json; charset=UTF-8[\r][\n]"
11:17:36.146 [main] DEBUG org.apache.http.wire -- http-outgoing-20 >> "Content-Length: 131[\r][\n]"
11:17:36.146 [main] DEBUG org.apache.http.wire -- http-outgoing-20 >> "Host: localhost:3000[\r][\n]"
11:17:36.146 [main] DEBUG org.apache.http.wire -- http-outgoing-20 >> "Connection: Keep-Alive[\r][\n]"
11:17:36.146 [main] DEBUG org.apache.http.wire -- http-outgoing-20 >> "User-Agent: Apache-HttpClient/4.5.14 (Java/17.0.9)[\r][\n]"
11:17:36.146 [main] DEBUG org.apache.http.wire -- http-outgoing-20 >> "Accept-Encoding: gzip,deflate[\r][\n]"
11:17:36.146 [main] DEBUG org.apache.http.wire -- http-outgoing-20 >> "[\r][\n]"
11:17:36.146 [main] DEBUG org.apache.http.wire -- http-outgoing-20 >> "{"email":"testernoo21@example.com","password":"password","name":"John Doe123","username":"johndoe123as","phoneNumber":"0987123986"}"
11:17:36.342 [main] DEBUG org.apache.http.wire -- http-outgoing-20 << "HTTP/1.1 201 Created[\r][\n]"
11:17:36.342 [main] DEBUG org.apache.http.wire -- http-outgoing-20 << "X-Powered-By: Express[\r][\n]"
11:17:36.342 [main] DEBUG org.apache.http.wire -- http-outgoing-20 << "Access-Control-Allow-Origin: *[\r][\n]"
11:17:36.342 [main] DEBUG org.apache.http.wire -- http-outgoing-20 << "Content-Type: application/json; charset=utf-8[\r][\n]"
11:17:36.342 [main] DEBUG org.apache.http.wire -- http-outgoing-20 << "Content-Length: 623[\r][\n]"
11:17:36.342 [main] DEBUG org.apache.http.wire -- http-outgoing-20 << "ETag: W/"26f-x4LfLyGWxwmZYSdS3nRez2dxgy8"[\r][\n]"
11:17:36.342 [main] DEBUG org.apache.http.wire -- http-outgoing-20 << "Date: Sun, 22 Jun 2025 04:17:36 GMT[\r][\n]"
11:17:36.342 [main] DEBUG org.apache.http.wire -- http-outgoing-20 << "Connection: keep-alive[\r][\n]"
11:17:36.342 [main] DEBUG org.apache.http.wire -- http-outgoing-20 << "Keep-Alive: timeout=5[\r][\n]"
11:17:36.342 [main] DEBUG org.apache.http.wire -- http-outgoing-20 << "[\r][\n]"
11:17:36.342 [main] DEBUG org.apache.http.wire -- http-outgoing-20 << "{"access_token":"eyJhbGciOiJIUzI1NiIsInR5cCI6IkpXVCJ9.eyJzdWIiOiI3MjRiZDAzMi01OWZjLTQxMzEtYmI1OS0xMDE3YmE1ZTBlYTciLCJ1c2VybmFtZSI6ImpvaG5kb2UxMjNhcyIsInJvbGUiOjAsImlhdCI6MTc1MDU2NTg1NiwiZXhwIjoxNzUwNTY5NDU2fQ.eCVUqGBOcBsOIPGQSddctMkPHGwwe6m_ysLY9ivR3fE","refresh_token":"f24f1730bfcdbac028f7ba54b28d40d0c7e04f1f12fc11976968439644392ad8","user":{"id":"724bd032-59fc-4131-bb59-1017ba5e0ea7","email":"testernoo21@example.com","username":"johndoe123as","name":"John Doe123","phoneNumber":"0987123986","profilePic":null,"bio":null,"address":null,"private":false,"verified":false,"role":0,"createdAt":"2025-06-22T04:17:36.235Z"}}"
11:17:36.342 [main] DEBUG org.apache.http.headers -- http-outgoing-20 << HTTP/1.1 201 Created
11:17:36.342 [main] DEBUG org.apache.http.headers -- http-outgoing-20 << X-Powered-By: Express
11:17:36.342 [main] DEBUG org.apache.http.headers -- http-outgoing-20 << Access-Control-Allow-Origin: *
11:17:36.342 [main] DEBUG org.apache.http.headers -- http-outgoing-20 << Content-Type: application/json; charset=utf-8
11:17:36.342 [main] DEBUG org.apache.http.headers -- http-outgoing-20 << Content-Length: 623
11:17:36.342 [main] DEBUG org.apache.http.headers -- http-outgoing-20 << ETag: W/"26f-x4LfLyGWxwmZYSdS3nRez2dxgy8"
11:17:36.342 [main] DEBUG org.apache.http.headers -- http-outgoing-20 << Date: Sun, 22 Jun 2025 04:17:36 GMT
11:17:36.342 [main] DEBUG org.apache.http.headers -- http-outgoing-20 << Connection: keep-alive
11:17:36.342 [main] DEBUG org.apache.http.headers -- http-outgoing-20 << Keep-Alive: timeout=5
11:17:36.343 [main] DEBUG org.apache.http.impl.execchain.MainClientExec -- Connection can be kept alive for 5000 MILLISECONDS
11:17:36.343 [main] DEBUG org.apache.http.impl.conn.PoolingHttpClientConnectionManager -- Connection [id: 20][route: {}->http://localhost:3000] can be kept alive for 5.0 seconds
11:17:36.343 [main] DEBUG org.apache.http.impl.conn.DefaultManagedHttpClientConnection -- http-outgoing-20: set socket timeout to 0
11:17:36.343 [main] DEBUG org.apache.http.impl.conn.PoolingHttpClientConnectionManager -- Connection released: [id: 20][route: {}->http://localhost:3000][total available: 1; route allocated: 1 of 5; total allocated: 1 of 10]
11:17:36.343 [main] DEBUG org.apache.http.impl.conn.PoolingHttpClientConnectionManager -- Connection manager is shutting down
11:17:36.343 [main] DEBUG org.apache.http.impl.conn.DefaultManagedHttpClientConnection -- http-outgoing-20: Close connection
11:17:36.343 [main] DEBUG org.apache.http.impl.conn.PoolingHttpClientConnectionManager -- Connection manager shut down
11:17:36.343 [main] DEBUG com.intuit.karate -- response time in milliseconds: 198
1 < 201
1 < X-Powered-By: Express
1 < Access-Control-Allow-Origin: *
1 < Content-Type: application/json; charset=utf-8
1 < Content-Length: 623
1 < ETag: W/"26f-x4LfLyGWxwmZYSdS3nRez2dxgy8"
1 < Date: Sun, 22 Jun 2025 04:17:36 GMT
1 < Connection: keep-alive
1 < Keep-Alive: timeout=5
{
  "access_token": "eyJhbGciOiJIUzI1NiIsInR5cCI6IkpXVCJ9.eyJzdWIiOiI3MjRiZDAzMi01OWZjLTQxMzEtYmI1OS0xMDE3YmE1ZTBlYTciLCJ1c2VybmFtZSI6ImpvaG5kb2UxMjNhcyIsInJvbGUiOjAsImlhdCI6MTc1MDU2NTg1NiwiZXhwIjoxNzUwNTY5NDU2fQ.eCVUqGBOcBsOIPGQSddctMkPHGwwe6m_ysLY9ivR3fE",
  "refresh_token": "f24f1730bfcdbac028f7ba54b28d40d0c7e04f1f12fc11976968439644392ad8",
  "user": {
    "id": "724bd032-59fc-4131-bb59-1017ba5e0ea7",
    "email": "testernoo21@example.com",
    "username": "johndoe123as",
    "name": "John Doe123",
    "phoneNumber": "0987123986",
    "profilePic": null,
    "bio": null,
    "address": null,
    "private": false,
    "verified": false,
    "role": 0,
    "createdAt": "2025-06-22T04:17:36.235Z"
  }
}


11:17:36.344 [main] DEBUG com.intuit.karate.core.ScenarioEngine -- over-writing existing variable 'responseStatus' with new value: karate.get('responseStatus')
11:17:36.344 [main] DEBUG com.intuit.karate.core.ScenarioEngine -- over-writing existing variable 'response' with new value: karate.get('response')
11:17:36.344 [main] INFO com.intuit.karate -- [print] Register API called with: 
11:17:36.344 [main] INFO com.intuit.karate -- [print] Request: {
  "email": "testernoo21@example.com",
  "password": "password",
  "name": "John Doe123",
  "username": "johndoe123as",
  "phoneNumber": "0987123986"
}
 
11:17:36.344 [main] INFO com.intuit.karate -- [print] Response Status: 201 
11:17:36.344 [main] INFO com.intuit.karate -- [print] Response Body: {
  "access_token": "eyJhbGciOiJIUzI1NiIsInR5cCI6IkpXVCJ9.eyJzdWIiOiI3MjRiZDAzMi01OWZjLTQxMzEtYmI1OS0xMDE3YmE1ZTBlYTciLCJ1c2VybmFtZSI6ImpvaG5kb2UxMjNhcyIsInJvbGUiOjAsImlhdCI6MTc1MDU2NTg1NiwiZXhwIjoxNzUwNTY5NDU2fQ.eCVUqGBOcBsOIPGQSddctMkPHGwwe6m_ysLY9ivR3fE",
  "refresh_token": "f24f1730bfcdbac028f7ba54b28d40d0c7e04f1f12fc11976968439644392ad8",
  "user": {
    "id": "724bd032-59fc-4131-bb59-1017ba5e0ea7",
    "email": "testernoo21@example.com",
    "username": "johndoe123as",
    "name": "John Doe123",
    "phoneNumber": "0987123986",
    "profilePic": null,
    "bio": null,
    "address": null,
    "private": false,
    "verified": false,
    "role": 0,
    "createdAt": "2025-06-22T04:17:36.235Z"
  }
}
 
11:17:36.345 [main] INFO com.intuit.karate -- Actual Status: 201 
11:17:36.345 [main] INFO com.intuit.karate -- Actual Response: {"access_token":"eyJhbGciOiJIUzI1NiIsInR5cCI6IkpXVCJ9.eyJzdWIiOiI3MjRiZDAzMi01OWZjLTQxMzEtYmI1OS0xMDE3YmE1ZTBlYTciLCJ1c2VybmFtZSI6ImpvaG5kb2UxMjNhcyIsInJvbGUiOjAsImlhdCI6MTc1MDU2NTg1NiwiZXhwIjoxNzUwNTY5NDU2fQ.eCVUqGBOcBsOIPGQSddctMkPHGwwe6m_ysLY9ivR3fE","refresh_token":"f24f1730bfcdbac028f7ba54b28d40d0c7e04f1f12fc11976968439644392ad8","user":{"id":"724bd032-59fc-4131-bb59-1017ba5e0ea7","email":"testernoo21@example.com","username":"johndoe123as","name":"John Doe123","phoneNumber":"0987123986","profilePic":null,"bio":null,"address":null,"private":false,"verified":false,"role":0,"createdAt":"2025-06-22T04:17:36.235Z"}} 
11:17:36.345 [main] INFO com.intuit.karate -- Test Status: FAIL 
11:17:36.345 [main] INFO com.intuit.karate -- Failure Reason: Status mismatch - Expected: 400, Actual: 201 
11:17:36.345 [main] INFO com.intuit.karate -- ? TEST CASE #21 FAILED: Status mismatch - Expected: 400, Actual: 201 
11:17:36.346 [main] INFO com.intuit.karate -- ========================================== 
11:17:36.346 [main] INFO com.intuit.karate -- ========================================== 
11:17:36.346 [main] INFO com.intuit.karate -- ?ANG CH?Y TEST CASE #22/28 
11:17:36.346 [main] INFO com.intuit.karate -- Description: TC22: Name quá dài - Ki?m tra khi name v??t quá gi?i h?n ký t? (50 ký t?) 
11:17:36.346 [main] INFO com.intuit.karate -- Email: "testernoo22@example.com" 
11:17:36.346 [main] INFO com.intuit.karate -- Password: "Password123" 
11:17:36.346 [main] INFO com.intuit.karate -- Name: "This is a very l13ong12 name that exceeds the maximum length of fifty characters allowed in the system" 
11:17:36.346 [main] INFO com.intuit.karate -- Username: "johndoe2233" 
11:17:36.346 [main] INFO com.intuit.karate -- PhoneNumber: "0987654888" 
11:17:36.346 [main] INFO com.intuit.karate -- Expected Status: 400 
11:17:36.346 [main] INFO com.intuit.karate -- Expected Result: {"error": "Name exceeds maximum length"} 
11:17:36.346 [main] INFO com.intuit.karate -- ========================================== 
11:17:36.352 [main] INFO com.intuit.karate -- karate.env system property was: null 
11:17:36.352 [main] DEBUG com.jayway.jsonpath.internal.path.CompiledPath -- Evaluating path: $
11:17:36.353 [main] DEBUG org.apache.http.client.protocol.RequestAddCookies -- CookieSpec selected: karate
11:17:36.354 [main] DEBUG org.apache.http.client.protocol.RequestAuthCache -- Auth cache not set in the context
11:17:36.354 [main] DEBUG com.intuit.karate -- request:
1 > POST http://localhost:3000/auth/register
1 > Content-Type: application/json; charset=UTF-8
1 > Content-Length: 224
1 > Host: localhost:3000
1 > Connection: Keep-Alive
1 > User-Agent: Apache-HttpClient/4.5.14 (Java/17.0.9)
1 > Accept-Encoding: gzip,deflate
{
  "email": "testernoo22@example.com",
  "password": "Password123",
  "name": "This is a very l13ong12 name that exceeds the maximum length of fifty characters allowed in the system",
  "username": "johndoe2233",
  "phoneNumber": "0987654888"
}


11:17:36.354 [main] DEBUG org.apache.http.impl.conn.PoolingHttpClientConnectionManager -- Connection request: [route: {}->http://localhost:3000][total available: 0; route allocated: 0 of 5; total allocated: 0 of 10]
11:17:36.354 [main] DEBUG org.apache.http.impl.conn.PoolingHttpClientConnectionManager -- Connection leased: [id: 21][route: {}->http://localhost:3000][total available: 0; route allocated: 1 of 5; total allocated: 1 of 10]
11:17:36.354 [main] DEBUG org.apache.http.impl.execchain.MainClientExec -- Opening connection {}->http://localhost:3000
11:17:36.354 [main] DEBUG org.apache.http.impl.conn.DefaultHttpClientConnectionOperator -- Connecting to localhost/127.0.0.1:3000
11:17:36.354 [main] DEBUG org.apache.http.impl.conn.DefaultHttpClientConnectionOperator -- Connection established 127.0.0.1:54904<->127.0.0.1:3000
11:17:36.354 [main] DEBUG org.apache.http.impl.conn.DefaultManagedHttpClientConnection -- http-outgoing-21: set socket timeout to 5000
11:17:36.354 [main] DEBUG org.apache.http.impl.execchain.MainClientExec -- Executing request POST /auth/register HTTP/1.1
11:17:36.354 [main] DEBUG org.apache.http.impl.execchain.MainClientExec -- Target auth state: UNCHALLENGED
11:17:36.354 [main] DEBUG org.apache.http.impl.execchain.MainClientExec -- Proxy auth state: UNCHALLENGED
11:17:36.354 [main] DEBUG org.apache.http.headers -- http-outgoing-21 >> POST /auth/register HTTP/1.1
11:17:36.354 [main] DEBUG org.apache.http.headers -- http-outgoing-21 >> Content-Type: application/json; charset=UTF-8
11:17:36.354 [main] DEBUG org.apache.http.headers -- http-outgoing-21 >> Content-Length: 224
11:17:36.354 [main] DEBUG org.apache.http.headers -- http-outgoing-21 >> Host: localhost:3000
11:17:36.354 [main] DEBUG org.apache.http.headers -- http-outgoing-21 >> Connection: Keep-Alive
11:17:36.354 [main] DEBUG org.apache.http.headers -- http-outgoing-21 >> User-Agent: Apache-HttpClient/4.5.14 (Java/17.0.9)
11:17:36.354 [main] DEBUG org.apache.http.headers -- http-outgoing-21 >> Accept-Encoding: gzip,deflate
11:17:36.354 [main] DEBUG org.apache.http.wire -- http-outgoing-21 >> "POST /auth/register HTTP/1.1[\r][\n]"
11:17:36.354 [main] DEBUG org.apache.http.wire -- http-outgoing-21 >> "Content-Type: application/json; charset=UTF-8[\r][\n]"
11:17:36.354 [main] DEBUG org.apache.http.wire -- http-outgoing-21 >> "Content-Length: 224[\r][\n]"
11:17:36.354 [main] DEBUG org.apache.http.wire -- http-outgoing-21 >> "Host: localhost:3000[\r][\n]"
11:17:36.355 [main] DEBUG org.apache.http.wire -- http-outgoing-21 >> "Connection: Keep-Alive[\r][\n]"
11:17:36.355 [main] DEBUG org.apache.http.wire -- http-outgoing-21 >> "User-Agent: Apache-HttpClient/4.5.14 (Java/17.0.9)[\r][\n]"
11:17:36.355 [main] DEBUG org.apache.http.wire -- http-outgoing-21 >> "Accept-Encoding: gzip,deflate[\r][\n]"
11:17:36.355 [main] DEBUG org.apache.http.wire -- http-outgoing-21 >> "[\r][\n]"
11:17:36.355 [main] DEBUG org.apache.http.wire -- http-outgoing-21 >> "{"email":"testernoo22@example.com","password":"Password123","name":"This is a very l13ong12 name that exceeds the maximum length of fifty characters allowed in the system","username":"johndoe2233","phoneNumber":"0987654888"}"
11:17:36.527 [main] DEBUG org.apache.http.wire -- http-outgoing-21 << "HTTP/1.1 201 Created[\r][\n]"
11:17:36.527 [main] DEBUG org.apache.http.wire -- http-outgoing-21 << "X-Powered-By: Express[\r][\n]"
11:17:36.527 [main] DEBUG org.apache.http.wire -- http-outgoing-21 << "Access-Control-Allow-Origin: *[\r][\n]"
11:17:36.527 [main] DEBUG org.apache.http.wire -- http-outgoing-21 << "Content-Type: application/json; charset=utf-8[\r][\n]"
11:17:36.527 [main] DEBUG org.apache.http.wire -- http-outgoing-21 << "Content-Length: 711[\r][\n]"
11:17:36.527 [main] DEBUG org.apache.http.wire -- http-outgoing-21 << "ETag: W/"2c7-Ul5jKOHCLqVv2MuG4UUEPRq8mVo"[\r][\n]"
11:17:36.527 [main] DEBUG org.apache.http.wire -- http-outgoing-21 << "Date: Sun, 22 Jun 2025 04:17:36 GMT[\r][\n]"
11:17:36.527 [main] DEBUG org.apache.http.wire -- http-outgoing-21 << "Connection: keep-alive[\r][\n]"
11:17:36.527 [main] DEBUG org.apache.http.wire -- http-outgoing-21 << "Keep-Alive: timeout=5[\r][\n]"
11:17:36.527 [main] DEBUG org.apache.http.wire -- http-outgoing-21 << "[\r][\n]"
11:17:36.527 [main] DEBUG org.apache.http.wire -- http-outgoing-21 << "{"access_token":"eyJhbGciOiJIUzI1NiIsInR5cCI6IkpXVCJ9.eyJzdWIiOiJhNzUzMDY1Yi04YzM2LTQ4ZTMtOTEzYi0xNTNiNmQwZmRlZjQiLCJ1c2VybmFtZSI6ImpvaG5kb2UyMjMzIiwicm9sZSI6MCwiaWF0IjoxNzUwNTY1ODU2LCJleHAiOjE3NTA1Njk0NTZ9.7ZjQIow7xb5iaEg213_bHqUb4_lR1XzIzxRrEJVIbFE","refresh_token":"5bada77623020cec3a02c5236ed725eb5569dfca06f4fd70d5178f25340fb559","user":{"id":"a753065b-8c36-48e3-913b-153b6d0fdef4","email":"testernoo22@example.com","username":"johndoe2233","name":"This is a very l13ong12 name that exceeds the maximum length of fifty characters allowed in the system","phoneNumber":"0987654888","profilePic":null,"bio":null,"address":null,"private":false,"verified":false,"role":0,"createdAt":"2025-06-22T04:17:36.442Z"}}"
11:17:36.527 [main] DEBUG org.apache.http.headers -- http-outgoing-21 << HTTP/1.1 201 Created
11:17:36.527 [main] DEBUG org.apache.http.headers -- http-outgoing-21 << X-Powered-By: Express
11:17:36.527 [main] DEBUG org.apache.http.headers -- http-outgoing-21 << Access-Control-Allow-Origin: *
11:17:36.527 [main] DEBUG org.apache.http.headers -- http-outgoing-21 << Content-Type: application/json; charset=utf-8
11:17:36.527 [main] DEBUG org.apache.http.headers -- http-outgoing-21 << Content-Length: 711
11:17:36.527 [main] DEBUG org.apache.http.headers -- http-outgoing-21 << ETag: W/"2c7-Ul5jKOHCLqVv2MuG4UUEPRq8mVo"
11:17:36.527 [main] DEBUG org.apache.http.headers -- http-outgoing-21 << Date: Sun, 22 Jun 2025 04:17:36 GMT
11:17:36.527 [main] DEBUG org.apache.http.headers -- http-outgoing-21 << Connection: keep-alive
11:17:36.527 [main] DEBUG org.apache.http.headers -- http-outgoing-21 << Keep-Alive: timeout=5
11:17:36.527 [main] DEBUG org.apache.http.impl.execchain.MainClientExec -- Connection can be kept alive for 5000 MILLISECONDS
11:17:36.527 [main] DEBUG org.apache.http.impl.conn.PoolingHttpClientConnectionManager -- Connection [id: 21][route: {}->http://localhost:3000] can be kept alive for 5.0 seconds
11:17:36.527 [main] DEBUG org.apache.http.impl.conn.DefaultManagedHttpClientConnection -- http-outgoing-21: set socket timeout to 0
11:17:36.529 [main] DEBUG org.apache.http.impl.conn.PoolingHttpClientConnectionManager -- Connection released: [id: 21][route: {}->http://localhost:3000][total available: 1; route allocated: 1 of 5; total allocated: 1 of 10]
11:17:36.529 [main] DEBUG org.apache.http.impl.conn.PoolingHttpClientConnectionManager -- Connection manager is shutting down
11:17:36.529 [main] DEBUG org.apache.http.impl.conn.DefaultManagedHttpClientConnection -- http-outgoing-21: Close connection
11:17:36.529 [main] DEBUG org.apache.http.impl.conn.PoolingHttpClientConnectionManager -- Connection manager shut down
11:17:36.529 [main] DEBUG com.intuit.karate -- response time in milliseconds: 175
1 < 201
1 < X-Powered-By: Express
1 < Access-Control-Allow-Origin: *
1 < Content-Type: application/json; charset=utf-8
1 < Content-Length: 711
1 < ETag: W/"2c7-Ul5jKOHCLqVv2MuG4UUEPRq8mVo"
1 < Date: Sun, 22 Jun 2025 04:17:36 GMT
1 < Connection: keep-alive
1 < Keep-Alive: timeout=5
{
  "access_token": "eyJhbGciOiJIUzI1NiIsInR5cCI6IkpXVCJ9.eyJzdWIiOiJhNzUzMDY1Yi04YzM2LTQ4ZTMtOTEzYi0xNTNiNmQwZmRlZjQiLCJ1c2VybmFtZSI6ImpvaG5kb2UyMjMzIiwicm9sZSI6MCwiaWF0IjoxNzUwNTY1ODU2LCJleHAiOjE3NTA1Njk0NTZ9.7ZjQIow7xb5iaEg213_bHqUb4_lR1XzIzxRrEJVIbFE",
  "refresh_token": "5bada77623020cec3a02c5236ed725eb5569dfca06f4fd70d5178f25340fb559",
  "user": {
    "id": "a753065b-8c36-48e3-913b-153b6d0fdef4",
    "email": "testernoo22@example.com",
    "username": "johndoe2233",
    "name": "This is a very l13ong12 name that exceeds the maximum length of fifty characters allowed in the system",
    "phoneNumber": "0987654888",
    "profilePic": null,
    "bio": null,
    "address": null,
    "private": false,
    "verified": false,
    "role": 0,
    "createdAt": "2025-06-22T04:17:36.442Z"
  }
}


11:17:36.529 [main] DEBUG com.intuit.karate.core.ScenarioEngine -- over-writing existing variable 'responseStatus' with new value: karate.get('responseStatus')
11:17:36.530 [main] DEBUG com.intuit.karate.core.ScenarioEngine -- over-writing existing variable 'response' with new value: karate.get('response')
11:17:36.530 [main] INFO com.intuit.karate -- [print] Register API called with: 
11:17:36.530 [main] INFO com.intuit.karate -- [print] Request: {
  "email": "testernoo22@example.com",
  "password": "Password123",
  "name": "This is a very l13ong12 name that exceeds the maximum length of fifty characters allowed in the system",
  "username": "johndoe2233",
  "phoneNumber": "0987654888"
}
 
11:17:36.530 [main] INFO com.intuit.karate -- [print] Response Status: 201 
11:17:36.530 [main] INFO com.intuit.karate -- [print] Response Body: {
  "access_token": "eyJhbGciOiJIUzI1NiIsInR5cCI6IkpXVCJ9.eyJzdWIiOiJhNzUzMDY1Yi04YzM2LTQ4ZTMtOTEzYi0xNTNiNmQwZmRlZjQiLCJ1c2VybmFtZSI6ImpvaG5kb2UyMjMzIiwicm9sZSI6MCwiaWF0IjoxNzUwNTY1ODU2LCJleHAiOjE3NTA1Njk0NTZ9.7ZjQIow7xb5iaEg213_bHqUb4_lR1XzIzxRrEJVIbFE",
  "refresh_token": "5bada77623020cec3a02c5236ed725eb5569dfca06f4fd70d5178f25340fb559",
  "user": {
    "id": "a753065b-8c36-48e3-913b-153b6d0fdef4",
    "email": "testernoo22@example.com",
    "username": "johndoe2233",
    "name": "This is a very l13ong12 name that exceeds the maximum length of fifty characters allowed in the system",
    "phoneNumber": "0987654888",
    "profilePic": null,
    "bio": null,
    "address": null,
    "private": false,
    "verified": false,
    "role": 0,
    "createdAt": "2025-06-22T04:17:36.442Z"
  }
}
 
11:17:36.531 [main] INFO com.intuit.karate -- Actual Status: 201 
11:17:36.531 [main] INFO com.intuit.karate -- Actual Response: {"access_token":"eyJhbGciOiJIUzI1NiIsInR5cCI6IkpXVCJ9.eyJzdWIiOiJhNzUzMDY1Yi04YzM2LTQ4ZTMtOTEzYi0xNTNiNmQwZmRlZjQiLCJ1c2VybmFtZSI6ImpvaG5kb2UyMjMzIiwicm9sZSI6MCwiaWF0IjoxNzUwNTY1ODU2LCJleHAiOjE3NTA1Njk0NTZ9.7ZjQIow7xb5iaEg213_bHqUb4_lR1XzIzxRrEJVIbFE","refresh_token":"5bada77623020cec3a02c5236ed725eb5569dfca06f4fd70d5178f25340fb559","user":{"id":"a753065b-8c36-48e3-913b-153b6d0fdef4","email":"testernoo22@example.com","username":"johndoe2233","name":"This is a very l13ong12 name that exceeds the maximum length of fifty characters allowed in the system","phoneNumber":"0987654888","profilePic":null,"bio":null,"address":null,"private":false,"verified":false,"role":0,"createdAt":"2025-06-22T04:17:36.442Z"}} 
11:17:36.531 [main] INFO com.intuit.karate -- Test Status: FAIL 
11:17:36.532 [main] INFO com.intuit.karate -- Failure Reason: Status mismatch - Expected: 400, Actual: 201 
11:17:36.532 [main] INFO com.intuit.karate -- ? TEST CASE #22 FAILED: Status mismatch - Expected: 400, Actual: 201 
11:17:36.532 [main] INFO com.intuit.karate -- ========================================== 
11:17:36.532 [main] INFO com.intuit.karate -- ========================================== 
11:17:36.532 [main] INFO com.intuit.karate -- ?ANG CH?Y TEST CASE #23/28 
11:17:36.532 [main] INFO com.intuit.karate -- Description: TC23: Ki?m tra SQL Injection - Ki?m tra khi nh?p d? li?u nguy hi?m 
11:17:36.533 [main] INFO com.intuit.karate -- Email: "testernoo23@example.com" 
11:17:36.533 [main] INFO com.intuit.karate -- Password: "Password123" 
11:17:36.533 [main] INFO com.intuit.karate -- Name: "John Doeno23" 
11:17:36.533 [main] INFO com.intuit.karate -- Username: "johndoed12' OR '1'='1" 
11:17:36.533 [main] INFO com.intuit.karate -- PhoneNumber: "0987654155" 
11:17:36.533 [main] INFO com.intuit.karate -- Expected Status: 400 
11:17:36.533 [main] INFO com.intuit.karate -- Expected Result: {"error": "Invalid input"} 
11:17:36.533 [main] INFO com.intuit.karate -- ========================================== 
11:17:36.539 [main] INFO com.intuit.karate -- karate.env system property was: null 
11:17:36.541 [main] DEBUG com.jayway.jsonpath.internal.path.CompiledPath -- Evaluating path: $
11:17:36.542 [main] DEBUG org.apache.http.client.protocol.RequestAddCookies -- CookieSpec selected: karate
11:17:36.542 [main] DEBUG org.apache.http.client.protocol.RequestAuthCache -- Auth cache not set in the context
11:17:36.542 [main] DEBUG com.intuit.karate -- request:
1 > POST http://localhost:3000/auth/register
1 > Content-Type: application/json; charset=UTF-8
1 > Content-Length: 144
1 > Host: localhost:3000
1 > Connection: Keep-Alive
1 > User-Agent: Apache-HttpClient/4.5.14 (Java/17.0.9)
1 > Accept-Encoding: gzip,deflate
{
  "email": "testernoo23@example.com",
  "password": "Password123",
  "name": "John Doeno23",
  "username": "johndoed12' OR '1'='1",
  "phoneNumber": "0987654155"
}


11:17:36.542 [main] DEBUG org.apache.http.impl.conn.PoolingHttpClientConnectionManager -- Connection request: [route: {}->http://localhost:3000][total available: 0; route allocated: 0 of 5; total allocated: 0 of 10]
11:17:36.542 [main] DEBUG org.apache.http.impl.conn.PoolingHttpClientConnectionManager -- Connection leased: [id: 22][route: {}->http://localhost:3000][total available: 0; route allocated: 1 of 5; total allocated: 1 of 10]
11:17:36.542 [main] DEBUG org.apache.http.impl.execchain.MainClientExec -- Opening connection {}->http://localhost:3000
11:17:36.542 [main] DEBUG org.apache.http.impl.conn.DefaultHttpClientConnectionOperator -- Connecting to localhost/127.0.0.1:3000
11:17:36.543 [main] DEBUG org.apache.http.impl.conn.DefaultHttpClientConnectionOperator -- Connection established 127.0.0.1:54905<->127.0.0.1:3000
11:17:36.543 [main] DEBUG org.apache.http.impl.conn.DefaultManagedHttpClientConnection -- http-outgoing-22: set socket timeout to 5000
11:17:36.543 [main] DEBUG org.apache.http.impl.execchain.MainClientExec -- Executing request POST /auth/register HTTP/1.1
11:17:36.543 [main] DEBUG org.apache.http.impl.execchain.MainClientExec -- Target auth state: UNCHALLENGED
11:17:36.543 [main] DEBUG org.apache.http.impl.execchain.MainClientExec -- Proxy auth state: UNCHALLENGED
11:17:36.543 [main] DEBUG org.apache.http.headers -- http-outgoing-22 >> POST /auth/register HTTP/1.1
11:17:36.543 [main] DEBUG org.apache.http.headers -- http-outgoing-22 >> Content-Type: application/json; charset=UTF-8
11:17:36.543 [main] DEBUG org.apache.http.headers -- http-outgoing-22 >> Content-Length: 144
11:17:36.543 [main] DEBUG org.apache.http.headers -- http-outgoing-22 >> Host: localhost:3000
11:17:36.543 [main] DEBUG org.apache.http.headers -- http-outgoing-22 >> Connection: Keep-Alive
11:17:36.543 [main] DEBUG org.apache.http.headers -- http-outgoing-22 >> User-Agent: Apache-HttpClient/4.5.14 (Java/17.0.9)
11:17:36.543 [main] DEBUG org.apache.http.headers -- http-outgoing-22 >> Accept-Encoding: gzip,deflate
11:17:36.543 [main] DEBUG org.apache.http.wire -- http-outgoing-22 >> "POST /auth/register HTTP/1.1[\r][\n]"
11:17:36.543 [main] DEBUG org.apache.http.wire -- http-outgoing-22 >> "Content-Type: application/json; charset=UTF-8[\r][\n]"
11:17:36.543 [main] DEBUG org.apache.http.wire -- http-outgoing-22 >> "Content-Length: 144[\r][\n]"
11:17:36.543 [main] DEBUG org.apache.http.wire -- http-outgoing-22 >> "Host: localhost:3000[\r][\n]"
11:17:36.543 [main] DEBUG org.apache.http.wire -- http-outgoing-22 >> "Connection: Keep-Alive[\r][\n]"
11:17:36.543 [main] DEBUG org.apache.http.wire -- http-outgoing-22 >> "User-Agent: Apache-HttpClient/4.5.14 (Java/17.0.9)[\r][\n]"
11:17:36.543 [main] DEBUG org.apache.http.wire -- http-outgoing-22 >> "Accept-Encoding: gzip,deflate[\r][\n]"
11:17:36.543 [main] DEBUG org.apache.http.wire -- http-outgoing-22 >> "[\r][\n]"
11:17:36.543 [main] DEBUG org.apache.http.wire -- http-outgoing-22 >> "{"email":"testernoo23@example.com","password":"Password123","name":"John Doeno23","username":"johndoed12' OR '1'='1","phoneNumber":"0987654155"}"
11:17:36.712 [main] DEBUG org.apache.http.wire -- http-outgoing-22 << "HTTP/1.1 201 Created[\r][\n]"
11:17:36.712 [main] DEBUG org.apache.http.wire -- http-outgoing-22 << "X-Powered-By: Express[\r][\n]"
11:17:36.712 [main] DEBUG org.apache.http.wire -- http-outgoing-22 << "Access-Control-Allow-Origin: *[\r][\n]"
11:17:36.712 [main] DEBUG org.apache.http.wire -- http-outgoing-22 << "Content-Type: application/json; charset=utf-8[\r][\n]"
11:17:36.712 [main] DEBUG org.apache.http.wire -- http-outgoing-22 << "Content-Length: 645[\r][\n]"
11:17:36.712 [main] DEBUG org.apache.http.wire -- http-outgoing-22 << "ETag: W/"285-O3ifqurjwwaNP5+oPpBRtjndP1o"[\r][\n]"
11:17:36.712 [main] DEBUG org.apache.http.wire -- http-outgoing-22 << "Date: Sun, 22 Jun 2025 04:17:36 GMT[\r][\n]"
11:17:36.712 [main] DEBUG org.apache.http.wire -- http-outgoing-22 << "Connection: keep-alive[\r][\n]"
11:17:36.712 [main] DEBUG org.apache.http.wire -- http-outgoing-22 << "Keep-Alive: timeout=5[\r][\n]"
11:17:36.712 [main] DEBUG org.apache.http.wire -- http-outgoing-22 << "[\r][\n]"
11:17:36.712 [main] DEBUG org.apache.http.wire -- http-outgoing-22 << "{"access_token":"eyJhbGciOiJIUzI1NiIsInR5cCI6IkpXVCJ9.eyJzdWIiOiJhOTI1NmJkOS1mYWY4LTQxMzAtYWI5Zi1kYmM1ODlmZWM4ZDkiLCJ1c2VybmFtZSI6ImpvaG5kb2VkMTInIE9SICcxJz0nMSIsInJvbGUiOjAsImlhdCI6MTc1MDU2NTg1NiwiZXhwIjoxNzUwNTY5NDU2fQ.3aIk-yb0Np9qFG5BCe3qiMcRmRPZXEHKf35cacCHI90","refresh_token":"dca229fe89eb4bc1ce4d9f181d960eddc50e0e00bbcb18937badb5a8aa01bfac","user":{"id":"a9256bd9-faf8-4130-ab9f-dbc589fec8d9","email":"testernoo23@example.com","username":"johndoed12' OR '1'='1","name":"John Doeno23","phoneNumber":"0987654155","profilePic":null,"bio":null,"address":null,"private":false,"verified":false,"role":0,"createdAt":"2025-06-22T04:17:36.627Z"}}"
11:17:36.712 [main] DEBUG org.apache.http.headers -- http-outgoing-22 << HTTP/1.1 201 Created
11:17:36.712 [main] DEBUG org.apache.http.headers -- http-outgoing-22 << X-Powered-By: Express
11:17:36.712 [main] DEBUG org.apache.http.headers -- http-outgoing-22 << Access-Control-Allow-Origin: *
11:17:36.712 [main] DEBUG org.apache.http.headers -- http-outgoing-22 << Content-Type: application/json; charset=utf-8
11:17:36.712 [main] DEBUG org.apache.http.headers -- http-outgoing-22 << Content-Length: 645
11:17:36.712 [main] DEBUG org.apache.http.headers -- http-outgoing-22 << ETag: W/"285-O3ifqurjwwaNP5+oPpBRtjndP1o"
11:17:36.712 [main] DEBUG org.apache.http.headers -- http-outgoing-22 << Date: Sun, 22 Jun 2025 04:17:36 GMT
11:17:36.712 [main] DEBUG org.apache.http.headers -- http-outgoing-22 << Connection: keep-alive
11:17:36.712 [main] DEBUG org.apache.http.headers -- http-outgoing-22 << Keep-Alive: timeout=5
11:17:36.712 [main] DEBUG org.apache.http.impl.execchain.MainClientExec -- Connection can be kept alive for 5000 MILLISECONDS
11:17:36.712 [main] DEBUG org.apache.http.impl.conn.PoolingHttpClientConnectionManager -- Connection [id: 22][route: {}->http://localhost:3000] can be kept alive for 5.0 seconds
11:17:36.712 [main] DEBUG org.apache.http.impl.conn.DefaultManagedHttpClientConnection -- http-outgoing-22: set socket timeout to 0
11:17:36.712 [main] DEBUG org.apache.http.impl.conn.PoolingHttpClientConnectionManager -- Connection released: [id: 22][route: {}->http://localhost:3000][total available: 1; route allocated: 1 of 5; total allocated: 1 of 10]
11:17:36.712 [main] DEBUG org.apache.http.impl.conn.PoolingHttpClientConnectionManager -- Connection manager is shutting down
11:17:36.712 [main] DEBUG org.apache.http.impl.conn.DefaultManagedHttpClientConnection -- http-outgoing-22: Close connection
11:17:36.712 [main] DEBUG org.apache.http.impl.conn.PoolingHttpClientConnectionManager -- Connection manager shut down
11:17:36.713 [main] DEBUG com.intuit.karate -- response time in milliseconds: 170
1 < 201
1 < X-Powered-By: Express
1 < Access-Control-Allow-Origin: *
1 < Content-Type: application/json; charset=utf-8
1 < Content-Length: 645
1 < ETag: W/"285-O3ifqurjwwaNP5+oPpBRtjndP1o"
1 < Date: Sun, 22 Jun 2025 04:17:36 GMT
1 < Connection: keep-alive
1 < Keep-Alive: timeout=5
{
  "access_token": "eyJhbGciOiJIUzI1NiIsInR5cCI6IkpXVCJ9.eyJzdWIiOiJhOTI1NmJkOS1mYWY4LTQxMzAtYWI5Zi1kYmM1ODlmZWM4ZDkiLCJ1c2VybmFtZSI6ImpvaG5kb2VkMTInIE9SICcxJz0nMSIsInJvbGUiOjAsImlhdCI6MTc1MDU2NTg1NiwiZXhwIjoxNzUwNTY5NDU2fQ.3aIk-yb0Np9qFG5BCe3qiMcRmRPZXEHKf35cacCHI90",
  "refresh_token": "dca229fe89eb4bc1ce4d9f181d960eddc50e0e00bbcb18937badb5a8aa01bfac",
  "user": {
    "id": "a9256bd9-faf8-4130-ab9f-dbc589fec8d9",
    "email": "testernoo23@example.com",
    "username": "johndoed12' OR '1'='1",
    "name": "John Doeno23",
    "phoneNumber": "0987654155",
    "profilePic": null,
    "bio": null,
    "address": null,
    "private": false,
    "verified": false,
    "role": 0,
    "createdAt": "2025-06-22T04:17:36.627Z"
  }
}


11:17:36.713 [main] DEBUG com.intuit.karate.core.ScenarioEngine -- over-writing existing variable 'responseStatus' with new value: karate.get('responseStatus')
11:17:36.713 [main] DEBUG com.intuit.karate.core.ScenarioEngine -- over-writing existing variable 'response' with new value: karate.get('response')
11:17:36.714 [main] INFO com.intuit.karate -- [print] Register API called with: 
11:17:36.714 [main] INFO com.intuit.karate -- [print] Request: {
  "email": "testernoo23@example.com",
  "password": "Password123",
  "name": "John Doeno23",
  "username": "johndoed12' OR '1'='1",
  "phoneNumber": "0987654155"
}
 
11:17:36.714 [main] INFO com.intuit.karate -- [print] Response Status: 201 
11:17:36.714 [main] INFO com.intuit.karate -- [print] Response Body: {
  "access_token": "eyJhbGciOiJIUzI1NiIsInR5cCI6IkpXVCJ9.eyJzdWIiOiJhOTI1NmJkOS1mYWY4LTQxMzAtYWI5Zi1kYmM1ODlmZWM4ZDkiLCJ1c2VybmFtZSI6ImpvaG5kb2VkMTInIE9SICcxJz0nMSIsInJvbGUiOjAsImlhdCI6MTc1MDU2NTg1NiwiZXhwIjoxNzUwNTY5NDU2fQ.3aIk-yb0Np9qFG5BCe3qiMcRmRPZXEHKf35cacCHI90",
  "refresh_token": "dca229fe89eb4bc1ce4d9f181d960eddc50e0e00bbcb18937badb5a8aa01bfac",
  "user": {
    "id": "a9256bd9-faf8-4130-ab9f-dbc589fec8d9",
    "email": "testernoo23@example.com",
    "username": "johndoed12' OR '1'='1",
    "name": "John Doeno23",
    "phoneNumber": "0987654155",
    "profilePic": null,
    "bio": null,
    "address": null,
    "private": false,
    "verified": false,
    "role": 0,
    "createdAt": "2025-06-22T04:17:36.627Z"
  }
}
 
11:17:36.714 [main] INFO com.intuit.karate -- Actual Status: 201 
11:17:36.715 [main] INFO com.intuit.karate -- Actual Response: {"access_token":"eyJhbGciOiJIUzI1NiIsInR5cCI6IkpXVCJ9.eyJzdWIiOiJhOTI1NmJkOS1mYWY4LTQxMzAtYWI5Zi1kYmM1ODlmZWM4ZDkiLCJ1c2VybmFtZSI6ImpvaG5kb2VkMTInIE9SICcxJz0nMSIsInJvbGUiOjAsImlhdCI6MTc1MDU2NTg1NiwiZXhwIjoxNzUwNTY5NDU2fQ.3aIk-yb0Np9qFG5BCe3qiMcRmRPZXEHKf35cacCHI90","refresh_token":"dca229fe89eb4bc1ce4d9f181d960eddc50e0e00bbcb18937badb5a8aa01bfac","user":{"id":"a9256bd9-faf8-4130-ab9f-dbc589fec8d9","email":"testernoo23@example.com","username":"johndoed12' OR '1'='1","name":"John Doeno23","phoneNumber":"0987654155","profilePic":null,"bio":null,"address":null,"private":false,"verified":false,"role":0,"createdAt":"2025-06-22T04:17:36.627Z"}} 
11:17:36.715 [main] INFO com.intuit.karate -- Test Status: FAIL 
11:17:36.715 [main] INFO com.intuit.karate -- Failure Reason: Status mismatch - Expected: 400, Actual: 201 
11:17:36.715 [main] INFO com.intuit.karate -- ? TEST CASE #23 FAILED: Status mismatch - Expected: 400, Actual: 201 
11:17:36.715 [main] INFO com.intuit.karate -- ========================================== 
11:17:36.715 [main] INFO com.intuit.karate -- ========================================== 
11:17:36.715 [main] INFO com.intuit.karate -- ?ANG CH?Y TEST CASE #24/28 
11:17:36.715 [main] INFO com.intuit.karate -- Description: TC24: Ki?m tra XSS - Ki?m tra khi nh?p d? li?u nguy hi?m ch?a mã HTML/JavaScript 
11:17:36.715 [main] INFO com.intuit.karate -- Email: "testernoo24@example.com" 
11:17:36.715 [main] INFO com.intuit.karate -- Password: "Password123" 
11:17:36.715 [main] INFO com.intuit.karate -- Name: "<script>alert("xss-test2")</script>" 
11:17:36.715 [main] INFO com.intuit.karate -- Username: "johndoeno241" 
11:17:36.715 [main] INFO com.intuit.karate -- PhoneNumber: "0987311111" 
11:17:36.715 [main] INFO com.intuit.karate -- Expected Status: 400 
11:17:36.715 [main] INFO com.intuit.karate -- Expected Result: {"error": "Invalid input"} 
11:17:36.715 [main] INFO com.intuit.karate -- ========================================== 
11:17:36.721 [main] INFO com.intuit.karate -- karate.env system property was: null 
11:17:36.721 [main] DEBUG com.jayway.jsonpath.internal.path.CompiledPath -- Evaluating path: $
11:17:36.722 [main] DEBUG org.apache.http.client.protocol.RequestAddCookies -- CookieSpec selected: karate
11:17:36.722 [main] DEBUG org.apache.http.client.protocol.RequestAuthCache -- Auth cache not set in the context
11:17:36.723 [main] DEBUG com.intuit.karate -- request:
1 > POST http://localhost:3000/auth/register
1 > Content-Type: application/json; charset=UTF-8
1 > Content-Length: 161
1 > Host: localhost:3000
1 > Connection: Keep-Alive
1 > User-Agent: Apache-HttpClient/4.5.14 (Java/17.0.9)
1 > Accept-Encoding: gzip,deflate
{
  "email": "testernoo24@example.com",
  "password": "Password123",
  "name": "<script>alert(\"xss-test2\")</script>",
  "username": "johndoeno241",
  "phoneNumber": "0987311111"
}


11:17:36.723 [main] DEBUG org.apache.http.impl.conn.PoolingHttpClientConnectionManager -- Connection request: [route: {}->http://localhost:3000][total available: 0; route allocated: 0 of 5; total allocated: 0 of 10]
11:17:36.723 [main] DEBUG org.apache.http.impl.conn.PoolingHttpClientConnectionManager -- Connection leased: [id: 23][route: {}->http://localhost:3000][total available: 0; route allocated: 1 of 5; total allocated: 1 of 10]
11:17:36.723 [main] DEBUG org.apache.http.impl.execchain.MainClientExec -- Opening connection {}->http://localhost:3000
11:17:36.723 [main] DEBUG org.apache.http.impl.conn.DefaultHttpClientConnectionOperator -- Connecting to localhost/127.0.0.1:3000
11:17:36.723 [main] DEBUG org.apache.http.impl.conn.DefaultHttpClientConnectionOperator -- Connection established 127.0.0.1:54906<->127.0.0.1:3000
11:17:36.723 [main] DEBUG org.apache.http.impl.conn.DefaultManagedHttpClientConnection -- http-outgoing-23: set socket timeout to 5000
11:17:36.723 [main] DEBUG org.apache.http.impl.execchain.MainClientExec -- Executing request POST /auth/register HTTP/1.1
11:17:36.723 [main] DEBUG org.apache.http.impl.execchain.MainClientExec -- Target auth state: UNCHALLENGED
11:17:36.723 [main] DEBUG org.apache.http.impl.execchain.MainClientExec -- Proxy auth state: UNCHALLENGED
11:17:36.723 [main] DEBUG org.apache.http.headers -- http-outgoing-23 >> POST /auth/register HTTP/1.1
11:17:36.723 [main] DEBUG org.apache.http.headers -- http-outgoing-23 >> Content-Type: application/json; charset=UTF-8
11:17:36.723 [main] DEBUG org.apache.http.headers -- http-outgoing-23 >> Content-Length: 161
11:17:36.723 [main] DEBUG org.apache.http.headers -- http-outgoing-23 >> Host: localhost:3000
11:17:36.723 [main] DEBUG org.apache.http.headers -- http-outgoing-23 >> Connection: Keep-Alive
11:17:36.723 [main] DEBUG org.apache.http.headers -- http-outgoing-23 >> User-Agent: Apache-HttpClient/4.5.14 (Java/17.0.9)
11:17:36.723 [main] DEBUG org.apache.http.headers -- http-outgoing-23 >> Accept-Encoding: gzip,deflate
11:17:36.723 [main] DEBUG org.apache.http.wire -- http-outgoing-23 >> "POST /auth/register HTTP/1.1[\r][\n]"
11:17:36.724 [main] DEBUG org.apache.http.wire -- http-outgoing-23 >> "Content-Type: application/json; charset=UTF-8[\r][\n]"
11:17:36.724 [main] DEBUG org.apache.http.wire -- http-outgoing-23 >> "Content-Length: 161[\r][\n]"
11:17:36.724 [main] DEBUG org.apache.http.wire -- http-outgoing-23 >> "Host: localhost:3000[\r][\n]"
11:17:36.724 [main] DEBUG org.apache.http.wire -- http-outgoing-23 >> "Connection: Keep-Alive[\r][\n]"
11:17:36.724 [main] DEBUG org.apache.http.wire -- http-outgoing-23 >> "User-Agent: Apache-HttpClient/4.5.14 (Java/17.0.9)[\r][\n]"
11:17:36.724 [main] DEBUG org.apache.http.wire -- http-outgoing-23 >> "Accept-Encoding: gzip,deflate[\r][\n]"
11:17:36.724 [main] DEBUG org.apache.http.wire -- http-outgoing-23 >> "[\r][\n]"
11:17:36.724 [main] DEBUG org.apache.http.wire -- http-outgoing-23 >> "{"email":"testernoo24@example.com","password":"Password123","name":"<script>alert(\"xss-test2\")<\/script>","username":"johndoeno241","phoneNumber":"0987311111"}"
11:17:36.753 [main] DEBUG org.apache.http.wire -- http-outgoing-23 << "HTTP/1.1 409 Conflict[\r][\n]"
11:17:36.753 [main] DEBUG org.apache.http.wire -- http-outgoing-23 << "X-Powered-By: Express[\r][\n]"
11:17:36.753 [main] DEBUG org.apache.http.wire -- http-outgoing-23 << "Access-Control-Allow-Origin: *[\r][\n]"
11:17:36.753 [main] DEBUG org.apache.http.wire -- http-outgoing-23 << "Content-Type: application/json; charset=utf-8[\r][\n]"
11:17:36.753 [main] DEBUG org.apache.http.wire -- http-outgoing-23 << "Content-Length: 158[\r][\n]"
11:17:36.753 [main] DEBUG org.apache.http.wire -- http-outgoing-23 << "ETag: W/"9e-p+kSblZyXQq/Tf9XCkg/azM9XJA"[\r][\n]"
11:17:36.753 [main] DEBUG org.apache.http.wire -- http-outgoing-23 << "Date: Sun, 22 Jun 2025 04:17:36 GMT[\r][\n]"
11:17:36.753 [main] DEBUG org.apache.http.wire -- http-outgoing-23 << "Connection: keep-alive[\r][\n]"
11:17:36.753 [main] DEBUG org.apache.http.wire -- http-outgoing-23 << "Keep-Alive: timeout=5[\r][\n]"
11:17:36.753 [main] DEBUG org.apache.http.wire -- http-outgoing-23 << "[\r][\n]"
11:17:36.753 [main] DEBUG org.apache.http.wire -- http-outgoing-23 << "{"success":false,"statusCode":409,"message":"Email ho[0xe1][0xba][0xb7]c t[0xc3][0xaa]n [0xc4][0x91][0xc4][0x83]ng nh[0xe1][0xba][0xad]p [0xc4][0x91][0xc3][0xa3] t[0xe1][0xbb][0x93]n t[0xe1][0xba][0xa1]i","path":"/auth/register","timestamp":"2025-06-22T04:17:36.752Z"}"
11:17:36.753 [main] DEBUG org.apache.http.headers -- http-outgoing-23 << HTTP/1.1 409 Conflict
11:17:36.753 [main] DEBUG org.apache.http.headers -- http-outgoing-23 << X-Powered-By: Express
11:17:36.753 [main] DEBUG org.apache.http.headers -- http-outgoing-23 << Access-Control-Allow-Origin: *
11:17:36.753 [main] DEBUG org.apache.http.headers -- http-outgoing-23 << Content-Type: application/json; charset=utf-8
11:17:36.753 [main] DEBUG org.apache.http.headers -- http-outgoing-23 << Content-Length: 158
11:17:36.753 [main] DEBUG org.apache.http.headers -- http-outgoing-23 << ETag: W/"9e-p+kSblZyXQq/Tf9XCkg/azM9XJA"
11:17:36.753 [main] DEBUG org.apache.http.headers -- http-outgoing-23 << Date: Sun, 22 Jun 2025 04:17:36 GMT
11:17:36.753 [main] DEBUG org.apache.http.headers -- http-outgoing-23 << Connection: keep-alive
11:17:36.753 [main] DEBUG org.apache.http.headers -- http-outgoing-23 << Keep-Alive: timeout=5
11:17:36.753 [main] DEBUG org.apache.http.impl.execchain.MainClientExec -- Connection can be kept alive for 5000 MILLISECONDS
11:17:36.753 [main] DEBUG org.apache.http.impl.conn.PoolingHttpClientConnectionManager -- Connection [id: 23][route: {}->http://localhost:3000] can be kept alive for 5.0 seconds
11:17:36.753 [main] DEBUG org.apache.http.impl.conn.DefaultManagedHttpClientConnection -- http-outgoing-23: set socket timeout to 0
11:17:36.753 [main] DEBUG org.apache.http.impl.conn.PoolingHttpClientConnectionManager -- Connection released: [id: 23][route: {}->http://localhost:3000][total available: 1; route allocated: 1 of 5; total allocated: 1 of 10]
11:17:36.753 [main] DEBUG org.apache.http.impl.conn.PoolingHttpClientConnectionManager -- Connection manager is shutting down
11:17:36.753 [main] DEBUG org.apache.http.impl.conn.DefaultManagedHttpClientConnection -- http-outgoing-23: Close connection
11:17:36.753 [main] DEBUG org.apache.http.impl.conn.PoolingHttpClientConnectionManager -- Connection manager shut down
11:17:36.753 [main] DEBUG com.intuit.karate -- response time in milliseconds: 30
1 < 409
1 < X-Powered-By: Express
1 < Access-Control-Allow-Origin: *
1 < Content-Type: application/json; charset=utf-8
1 < Content-Length: 158
1 < ETag: W/"9e-p+kSblZyXQq/Tf9XCkg/azM9XJA"
1 < Date: Sun, 22 Jun 2025 04:17:36 GMT
1 < Connection: keep-alive
1 < Keep-Alive: timeout=5
{
  "success": false,
  "statusCode": 409,
  "message": "Email ho?c tên ??ng nh?p ?ã t?n t?i",
  "path": "/auth/register",
  "timestamp": "2025-06-22T04:17:36.752Z"
}


11:17:36.754 [main] DEBUG com.intuit.karate.core.ScenarioEngine -- over-writing existing variable 'responseStatus' with new value: karate.get('responseStatus')
11:17:36.754 [main] DEBUG com.intuit.karate.core.ScenarioEngine -- over-writing existing variable 'response' with new value: karate.get('response')
11:17:36.754 [main] INFO com.intuit.karate -- [print] Register API called with: 
11:17:36.754 [main] INFO com.intuit.karate -- [print] Request: {
  "email": "testernoo24@example.com",
  "password": "Password123",
  "name": "<script>alert(\"xss-test2\")</script>",
  "username": "johndoeno241",
  "phoneNumber": "0987311111"
}
 
11:17:36.754 [main] INFO com.intuit.karate -- [print] Response Status: 409 
11:17:36.755 [main] INFO com.intuit.karate -- [print] Response Body: {
  "success": false,
  "statusCode": 409,
  "message": "Email ho?c tên ??ng nh?p ?ã t?n t?i",
  "path": "/auth/register",
  "timestamp": "2025-06-22T04:17:36.752Z"
}
 
11:17:36.755 [main] INFO com.intuit.karate -- Actual Status: 409 
11:17:36.755 [main] INFO com.intuit.karate -- Actual Response: {"success":false,"statusCode":409,"message":"Email ho?c tên ??ng nh?p ?ã t?n t?i","path":"/auth/register","timestamp":"2025-06-22T04:17:36.752Z"} 
11:17:36.755 [main] INFO com.intuit.karate -- Test Status: FAIL 
11:17:36.755 [main] INFO com.intuit.karate -- Failure Reason: Status mismatch - Expected: 400, Actual: 409 
11:17:36.755 [main] INFO com.intuit.karate -- ? TEST CASE #24 FAILED: Status mismatch - Expected: 400, Actual: 409 
11:17:36.755 [main] INFO com.intuit.karate -- ========================================== 
11:17:36.756 [main] INFO com.intuit.karate -- ========================================== 
11:17:36.756 [main] INFO com.intuit.karate -- ?ANG CH?Y TEST CASE #25/28 
11:17:36.756 [main] INFO com.intuit.karate -- Description: TC25: Ki?m tra kho?ng tr?ng - Ki?m tra khi các tr??ng ch?a toàn kho?ng tr?ng 
11:17:36.757 [main] INFO com.intuit.karate -- Email: "   " 
11:17:36.757 [main] INFO com.intuit.karate -- Password: "   " 
11:17:36.757 [main] INFO com.intuit.karate -- Name: "   " 
11:17:36.757 [main] INFO com.intuit.karate -- Username: "   " 
11:17:36.757 [main] INFO com.intuit.karate -- PhoneNumber: "   " 
11:17:36.757 [main] INFO com.intuit.karate -- Expected Status: 400 
11:17:36.757 [main] INFO com.intuit.karate -- Expected Result: {"error": "Fields cannot contain only whitespace"} 
11:17:36.757 [main] INFO com.intuit.karate -- ========================================== 
11:17:36.763 [main] INFO com.intuit.karate -- karate.env system property was: null 
11:17:36.764 [main] DEBUG com.jayway.jsonpath.internal.path.CompiledPath -- Evaluating path: $
11:17:36.765 [main] DEBUG org.apache.http.client.protocol.RequestAddCookies -- CookieSpec selected: karate
11:17:36.765 [main] DEBUG org.apache.http.client.protocol.RequestAuthCache -- Auth cache not set in the context
11:17:36.765 [main] DEBUG com.intuit.karate -- request:
1 > POST http://localhost:3000/auth/register
1 > Content-Type: application/json; charset=UTF-8
1 > Content-Length: 82
1 > Host: localhost:3000
1 > Connection: Keep-Alive
1 > User-Agent: Apache-HttpClient/4.5.14 (Java/17.0.9)
1 > Accept-Encoding: gzip,deflate
{
  "email": "   ",
  "password": "   ",
  "name": "   ",
  "username": "   ",
  "phoneNumber": "   "
}


11:17:36.765 [main] DEBUG org.apache.http.impl.conn.PoolingHttpClientConnectionManager -- Connection request: [route: {}->http://localhost:3000][total available: 0; route allocated: 0 of 5; total allocated: 0 of 10]
11:17:36.765 [main] DEBUG org.apache.http.impl.conn.PoolingHttpClientConnectionManager -- Connection leased: [id: 24][route: {}->http://localhost:3000][total available: 0; route allocated: 1 of 5; total allocated: 1 of 10]
11:17:36.765 [main] DEBUG org.apache.http.impl.execchain.MainClientExec -- Opening connection {}->http://localhost:3000
11:17:36.765 [main] DEBUG org.apache.http.impl.conn.DefaultHttpClientConnectionOperator -- Connecting to localhost/127.0.0.1:3000
11:17:36.766 [main] DEBUG org.apache.http.impl.conn.DefaultHttpClientConnectionOperator -- Connection established 127.0.0.1:54907<->127.0.0.1:3000
11:17:36.766 [main] DEBUG org.apache.http.impl.conn.DefaultManagedHttpClientConnection -- http-outgoing-24: set socket timeout to 5000
11:17:36.766 [main] DEBUG org.apache.http.impl.execchain.MainClientExec -- Executing request POST /auth/register HTTP/1.1
11:17:36.766 [main] DEBUG org.apache.http.impl.execchain.MainClientExec -- Target auth state: UNCHALLENGED
11:17:36.766 [main] DEBUG org.apache.http.impl.execchain.MainClientExec -- Proxy auth state: UNCHALLENGED
11:17:36.766 [main] DEBUG org.apache.http.headers -- http-outgoing-24 >> POST /auth/register HTTP/1.1
11:17:36.766 [main] DEBUG org.apache.http.headers -- http-outgoing-24 >> Content-Type: application/json; charset=UTF-8
11:17:36.766 [main] DEBUG org.apache.http.headers -- http-outgoing-24 >> Content-Length: 82
11:17:36.766 [main] DEBUG org.apache.http.headers -- http-outgoing-24 >> Host: localhost:3000
11:17:36.766 [main] DEBUG org.apache.http.headers -- http-outgoing-24 >> Connection: Keep-Alive
11:17:36.766 [main] DEBUG org.apache.http.headers -- http-outgoing-24 >> User-Agent: Apache-HttpClient/4.5.14 (Java/17.0.9)
11:17:36.766 [main] DEBUG org.apache.http.headers -- http-outgoing-24 >> Accept-Encoding: gzip,deflate
11:17:36.766 [main] DEBUG org.apache.http.wire -- http-outgoing-24 >> "POST /auth/register HTTP/1.1[\r][\n]"
11:17:36.766 [main] DEBUG org.apache.http.wire -- http-outgoing-24 >> "Content-Type: application/json; charset=UTF-8[\r][\n]"
11:17:36.766 [main] DEBUG org.apache.http.wire -- http-outgoing-24 >> "Content-Length: 82[\r][\n]"
11:17:36.766 [main] DEBUG org.apache.http.wire -- http-outgoing-24 >> "Host: localhost:3000[\r][\n]"
11:17:36.766 [main] DEBUG org.apache.http.wire -- http-outgoing-24 >> "Connection: Keep-Alive[\r][\n]"
11:17:36.766 [main] DEBUG org.apache.http.wire -- http-outgoing-24 >> "User-Agent: Apache-HttpClient/4.5.14 (Java/17.0.9)[\r][\n]"
11:17:36.766 [main] DEBUG org.apache.http.wire -- http-outgoing-24 >> "Accept-Encoding: gzip,deflate[\r][\n]"
11:17:36.766 [main] DEBUG org.apache.http.wire -- http-outgoing-24 >> "[\r][\n]"
11:17:36.766 [main] DEBUG org.apache.http.wire -- http-outgoing-24 >> "{"email":"   ","password":"   ","name":"   ","username":"   ","phoneNumber":"   "}"
11:17:36.768 [main] DEBUG org.apache.http.wire -- http-outgoing-24 << "HTTP/1.1 400 Bad Request[\r][\n]"
11:17:36.768 [main] DEBUG org.apache.http.wire -- http-outgoing-24 << "X-Powered-By: Express[\r][\n]"
11:17:36.768 [main] DEBUG org.apache.http.wire -- http-outgoing-24 << "Access-Control-Allow-Origin: *[\r][\n]"
11:17:36.768 [main] DEBUG org.apache.http.wire -- http-outgoing-24 << "Content-Type: application/json; charset=utf-8[\r][\n]"
11:17:36.768 [main] DEBUG org.apache.http.wire -- http-outgoing-24 << "Content-Length: 139[\r][\n]"
11:17:36.768 [main] DEBUG org.apache.http.wire -- http-outgoing-24 << "ETag: W/"8b-P4+R6I1geLLiOkjPsVa/XKGeRNk"[\r][\n]"
11:17:36.768 [main] DEBUG org.apache.http.wire -- http-outgoing-24 << "Date: Sun, 22 Jun 2025 04:17:36 GMT[\r][\n]"
11:17:36.768 [main] DEBUG org.apache.http.wire -- http-outgoing-24 << "Connection: keep-alive[\r][\n]"
11:17:36.768 [main] DEBUG org.apache.http.wire -- http-outgoing-24 << "Keep-Alive: timeout=5[\r][\n]"
11:17:36.768 [main] DEBUG org.apache.http.wire -- http-outgoing-24 << "[\r][\n]"
11:17:36.768 [main] DEBUG org.apache.http.wire -- http-outgoing-24 << "{"success":false,"statusCode":400,"message":"D[0xe1][0xbb][0xaf] li[0xe1][0xbb][0x87]u kh[0xc3][0xb4]ng h[0xe1][0xbb][0xa3]p l[0xe1][0xbb][0x87]","path":"/auth/register","timestamp":"2025-06-22T04:17:36.767Z"}"
11:17:36.768 [main] DEBUG org.apache.http.headers -- http-outgoing-24 << HTTP/1.1 400 Bad Request
11:17:36.768 [main] DEBUG org.apache.http.headers -- http-outgoing-24 << X-Powered-By: Express
11:17:36.768 [main] DEBUG org.apache.http.headers -- http-outgoing-24 << Access-Control-Allow-Origin: *
11:17:36.768 [main] DEBUG org.apache.http.headers -- http-outgoing-24 << Content-Type: application/json; charset=utf-8
11:17:36.768 [main] DEBUG org.apache.http.headers -- http-outgoing-24 << Content-Length: 139
11:17:36.768 [main] DEBUG org.apache.http.headers -- http-outgoing-24 << ETag: W/"8b-P4+R6I1geLLiOkjPsVa/XKGeRNk"
11:17:36.768 [main] DEBUG org.apache.http.headers -- http-outgoing-24 << Date: Sun, 22 Jun 2025 04:17:36 GMT
11:17:36.768 [main] DEBUG org.apache.http.headers -- http-outgoing-24 << Connection: keep-alive
11:17:36.768 [main] DEBUG org.apache.http.headers -- http-outgoing-24 << Keep-Alive: timeout=5
11:17:36.768 [main] DEBUG org.apache.http.impl.execchain.MainClientExec -- Connection can be kept alive for 5000 MILLISECONDS
11:17:36.769 [main] DEBUG org.apache.http.impl.conn.PoolingHttpClientConnectionManager -- Connection [id: 24][route: {}->http://localhost:3000] can be kept alive for 5.0 seconds
11:17:36.769 [main] DEBUG org.apache.http.impl.conn.DefaultManagedHttpClientConnection -- http-outgoing-24: set socket timeout to 0
11:17:36.769 [main] DEBUG org.apache.http.impl.conn.PoolingHttpClientConnectionManager -- Connection released: [id: 24][route: {}->http://localhost:3000][total available: 1; route allocated: 1 of 5; total allocated: 1 of 10]
11:17:36.769 [main] DEBUG org.apache.http.impl.conn.PoolingHttpClientConnectionManager -- Connection manager is shutting down
11:17:36.769 [main] DEBUG org.apache.http.impl.conn.DefaultManagedHttpClientConnection -- http-outgoing-24: Close connection
11:17:36.769 [main] DEBUG org.apache.http.impl.conn.PoolingHttpClientConnectionManager -- Connection manager shut down
11:17:36.769 [main] DEBUG com.intuit.karate -- response time in milliseconds: 4
1 < 400
1 < X-Powered-By: Express
1 < Access-Control-Allow-Origin: *
1 < Content-Type: application/json; charset=utf-8
1 < Content-Length: 139
1 < ETag: W/"8b-P4+R6I1geLLiOkjPsVa/XKGeRNk"
1 < Date: Sun, 22 Jun 2025 04:17:36 GMT
1 < Connection: keep-alive
1 < Keep-Alive: timeout=5
{
  "success": false,
  "statusCode": 400,
  "message": "D? li?u không h?p l?",
  "path": "/auth/register",
  "timestamp": "2025-06-22T04:17:36.767Z"
}


11:17:36.770 [main] DEBUG com.intuit.karate.core.ScenarioEngine -- over-writing existing variable 'responseStatus' with new value: karate.get('responseStatus')
11:17:36.770 [main] DEBUG com.intuit.karate.core.ScenarioEngine -- over-writing existing variable 'response' with new value: karate.get('response')
11:17:36.770 [main] INFO com.intuit.karate -- [print] Register API called with: 
11:17:36.771 [main] INFO com.intuit.karate -- [print] Request: {
  "email": "   ",
  "password": "   ",
  "name": "   ",
  "username": "   ",
  "phoneNumber": "   "
}
 
11:17:36.771 [main] INFO com.intuit.karate -- [print] Response Status: 400 
11:17:36.771 [main] INFO com.intuit.karate -- [print] Response Body: {
  "success": false,
  "statusCode": 400,
  "message": "D? li?u không h?p l?",
  "path": "/auth/register",
  "timestamp": "2025-06-22T04:17:36.767Z"
}
 
11:17:36.771 [main] INFO com.intuit.karate -- Actual Status: 400 
11:17:36.771 [main] INFO com.intuit.karate -- Actual Response: {"success":false,"statusCode":400,"message":"D? li?u không h?p l?","path":"/auth/register","timestamp":"2025-06-22T04:17:36.767Z"} 
11:17:36.772 [main] INFO com.intuit.karate -- Test Status: PASS 
11:17:36.772 [main] INFO com.intuit.karate -- ? TEST CASE #25 PASSED 
11:17:36.772 [main] INFO com.intuit.karate -- ========================================== 
11:17:36.772 [main] INFO com.intuit.karate -- ========================================== 
11:17:36.772 [main] INFO com.intuit.karate -- ?ANG CH?Y TEST CASE #26/28 
11:17:36.772 [main] INFO com.intuit.karate -- Description: TC26: Ki?m tra tr??ng null - Ki?m tra khi g?i giá tr? null cho các tr??ng 
11:17:36.772 [main] INFO com.intuit.karate -- Email: "null" 
11:17:36.772 [main] INFO com.intuit.karate -- Password: "null" 
11:17:36.772 [main] INFO com.intuit.karate -- Name: "null" 
11:17:36.772 [main] INFO com.intuit.karate -- Username: "null" 
11:17:36.772 [main] INFO com.intuit.karate -- PhoneNumber: "null" 
11:17:36.772 [main] INFO com.intuit.karate -- Expected Status: 400 
11:17:36.772 [main] INFO com.intuit.karate -- Expected Result: {"error": "Fields cannot be null"} 
11:17:36.772 [main] INFO com.intuit.karate -- ========================================== 
11:17:36.780 [main] INFO com.intuit.karate -- karate.env system property was: null 
11:17:36.781 [main] DEBUG com.jayway.jsonpath.internal.path.CompiledPath -- Evaluating path: $
11:17:36.782 [main] DEBUG org.apache.http.client.protocol.RequestAddCookies -- CookieSpec selected: karate
11:17:36.782 [main] DEBUG org.apache.http.client.protocol.RequestAuthCache -- Auth cache not set in the context
11:17:36.782 [main] DEBUG com.intuit.karate -- request:
1 > POST http://localhost:3000/auth/register
1 > Content-Type: application/json; charset=UTF-8
1 > Content-Length: 77
1 > Host: localhost:3000
1 > Connection: Keep-Alive
1 > User-Agent: Apache-HttpClient/4.5.14 (Java/17.0.9)
1 > Accept-Encoding: gzip,deflate
{
  "email": null,
  "password": null,
  "name": null,
  "username": null,
  "phoneNumber": null
}


11:17:36.782 [main] DEBUG org.apache.http.impl.conn.PoolingHttpClientConnectionManager -- Connection request: [route: {}->http://localhost:3000][total available: 0; route allocated: 0 of 5; total allocated: 0 of 10]
11:17:36.782 [main] DEBUG org.apache.http.impl.conn.PoolingHttpClientConnectionManager -- Connection leased: [id: 25][route: {}->http://localhost:3000][total available: 0; route allocated: 1 of 5; total allocated: 1 of 10]
11:17:36.782 [main] DEBUG org.apache.http.impl.execchain.MainClientExec -- Opening connection {}->http://localhost:3000
11:17:36.783 [main] DEBUG org.apache.http.impl.conn.DefaultHttpClientConnectionOperator -- Connecting to localhost/127.0.0.1:3000
11:17:36.783 [main] DEBUG org.apache.http.impl.conn.DefaultHttpClientConnectionOperator -- Connection established 127.0.0.1:54908<->127.0.0.1:3000
11:17:36.783 [main] DEBUG org.apache.http.impl.conn.DefaultManagedHttpClientConnection -- http-outgoing-25: set socket timeout to 5000
11:17:36.783 [main] DEBUG org.apache.http.impl.execchain.MainClientExec -- Executing request POST /auth/register HTTP/1.1
11:17:36.783 [main] DEBUG org.apache.http.impl.execchain.MainClientExec -- Target auth state: UNCHALLENGED
11:17:36.783 [main] DEBUG org.apache.http.impl.execchain.MainClientExec -- Proxy auth state: UNCHALLENGED
11:17:36.783 [main] DEBUG org.apache.http.headers -- http-outgoing-25 >> POST /auth/register HTTP/1.1
11:17:36.783 [main] DEBUG org.apache.http.headers -- http-outgoing-25 >> Content-Type: application/json; charset=UTF-8
11:17:36.783 [main] DEBUG org.apache.http.headers -- http-outgoing-25 >> Content-Length: 77
11:17:36.783 [main] DEBUG org.apache.http.headers -- http-outgoing-25 >> Host: localhost:3000
11:17:36.783 [main] DEBUG org.apache.http.headers -- http-outgoing-25 >> Connection: Keep-Alive
11:17:36.783 [main] DEBUG org.apache.http.headers -- http-outgoing-25 >> User-Agent: Apache-HttpClient/4.5.14 (Java/17.0.9)
11:17:36.783 [main] DEBUG org.apache.http.headers -- http-outgoing-25 >> Accept-Encoding: gzip,deflate
11:17:36.783 [main] DEBUG org.apache.http.wire -- http-outgoing-25 >> "POST /auth/register HTTP/1.1[\r][\n]"
11:17:36.783 [main] DEBUG org.apache.http.wire -- http-outgoing-25 >> "Content-Type: application/json; charset=UTF-8[\r][\n]"
11:17:36.783 [main] DEBUG org.apache.http.wire -- http-outgoing-25 >> "Content-Length: 77[\r][\n]"
11:17:36.783 [main] DEBUG org.apache.http.wire -- http-outgoing-25 >> "Host: localhost:3000[\r][\n]"
11:17:36.783 [main] DEBUG org.apache.http.wire -- http-outgoing-25 >> "Connection: Keep-Alive[\r][\n]"
11:17:36.783 [main] DEBUG org.apache.http.wire -- http-outgoing-25 >> "User-Agent: Apache-HttpClient/4.5.14 (Java/17.0.9)[\r][\n]"
11:17:36.783 [main] DEBUG org.apache.http.wire -- http-outgoing-25 >> "Accept-Encoding: gzip,deflate[\r][\n]"
11:17:36.783 [main] DEBUG org.apache.http.wire -- http-outgoing-25 >> "[\r][\n]"
11:17:36.784 [main] DEBUG org.apache.http.wire -- http-outgoing-25 >> "{"email":null,"password":null,"name":null,"username":null,"phoneNumber":null}"
11:17:36.785 [main] DEBUG org.apache.http.wire -- http-outgoing-25 << "HTTP/1.1 400 Bad Request[\r][\n]"
11:17:36.785 [main] DEBUG org.apache.http.wire -- http-outgoing-25 << "X-Powered-By: Express[\r][\n]"
11:17:36.785 [main] DEBUG org.apache.http.wire -- http-outgoing-25 << "Access-Control-Allow-Origin: *[\r][\n]"
11:17:36.785 [main] DEBUG org.apache.http.wire -- http-outgoing-25 << "Content-Type: application/json; charset=utf-8[\r][\n]"
11:17:36.785 [main] DEBUG org.apache.http.wire -- http-outgoing-25 << "Content-Length: 139[\r][\n]"
11:17:36.785 [main] DEBUG org.apache.http.wire -- http-outgoing-25 << "ETag: W/"8b-MeR/Lq+cOWkr4HcTbx3NM7FzpjQ"[\r][\n]"
11:17:36.785 [main] DEBUG org.apache.http.wire -- http-outgoing-25 << "Date: Sun, 22 Jun 2025 04:17:36 GMT[\r][\n]"
11:17:36.785 [main] DEBUG org.apache.http.wire -- http-outgoing-25 << "Connection: keep-alive[\r][\n]"
11:17:36.785 [main] DEBUG org.apache.http.wire -- http-outgoing-25 << "Keep-Alive: timeout=5[\r][\n]"
11:17:36.785 [main] DEBUG org.apache.http.wire -- http-outgoing-25 << "[\r][\n]"
11:17:36.785 [main] DEBUG org.apache.http.wire -- http-outgoing-25 << "{"success":false,"statusCode":400,"message":"D[0xe1][0xbb][0xaf] li[0xe1][0xbb][0x87]u kh[0xc3][0xb4]ng h[0xe1][0xbb][0xa3]p l[0xe1][0xbb][0x87]","path":"/auth/register","timestamp":"2025-06-22T04:17:36.784Z"}"
11:17:36.785 [main] DEBUG org.apache.http.headers -- http-outgoing-25 << HTTP/1.1 400 Bad Request
11:17:36.785 [main] DEBUG org.apache.http.headers -- http-outgoing-25 << X-Powered-By: Express
11:17:36.785 [main] DEBUG org.apache.http.headers -- http-outgoing-25 << Access-Control-Allow-Origin: *
11:17:36.785 [main] DEBUG org.apache.http.headers -- http-outgoing-25 << Content-Type: application/json; charset=utf-8
11:17:36.785 [main] DEBUG org.apache.http.headers -- http-outgoing-25 << Content-Length: 139
11:17:36.785 [main] DEBUG org.apache.http.headers -- http-outgoing-25 << ETag: W/"8b-MeR/Lq+cOWkr4HcTbx3NM7FzpjQ"
11:17:36.785 [main] DEBUG org.apache.http.headers -- http-outgoing-25 << Date: Sun, 22 Jun 2025 04:17:36 GMT
11:17:36.785 [main] DEBUG org.apache.http.headers -- http-outgoing-25 << Connection: keep-alive
11:17:36.785 [main] DEBUG org.apache.http.headers -- http-outgoing-25 << Keep-Alive: timeout=5
11:17:36.785 [main] DEBUG org.apache.http.impl.execchain.MainClientExec -- Connection can be kept alive for 5000 MILLISECONDS
11:17:36.785 [main] DEBUG org.apache.http.impl.conn.PoolingHttpClientConnectionManager -- Connection [id: 25][route: {}->http://localhost:3000] can be kept alive for 5.0 seconds
11:17:36.785 [main] DEBUG org.apache.http.impl.conn.DefaultManagedHttpClientConnection -- http-outgoing-25: set socket timeout to 0
11:17:36.785 [main] DEBUG org.apache.http.impl.conn.PoolingHttpClientConnectionManager -- Connection released: [id: 25][route: {}->http://localhost:3000][total available: 1; route allocated: 1 of 5; total allocated: 1 of 10]
11:17:36.785 [main] DEBUG org.apache.http.impl.conn.PoolingHttpClientConnectionManager -- Connection manager is shutting down
11:17:36.785 [main] DEBUG org.apache.http.impl.conn.DefaultManagedHttpClientConnection -- http-outgoing-25: Close connection
11:17:36.785 [main] DEBUG org.apache.http.impl.conn.PoolingHttpClientConnectionManager -- Connection manager shut down
11:17:36.786 [main] DEBUG com.intuit.karate -- response time in milliseconds: 3
1 < 400
1 < X-Powered-By: Express
1 < Access-Control-Allow-Origin: *
1 < Content-Type: application/json; charset=utf-8
1 < Content-Length: 139
1 < ETag: W/"8b-MeR/Lq+cOWkr4HcTbx3NM7FzpjQ"
1 < Date: Sun, 22 Jun 2025 04:17:36 GMT
1 < Connection: keep-alive
1 < Keep-Alive: timeout=5
{
  "success": false,
  "statusCode": 400,
  "message": "D? li?u không h?p l?",
  "path": "/auth/register",
  "timestamp": "2025-06-22T04:17:36.784Z"
}


11:17:36.786 [main] DEBUG com.intuit.karate.core.ScenarioEngine -- over-writing existing variable 'responseStatus' with new value: karate.get('responseStatus')
11:17:36.787 [main] DEBUG com.intuit.karate.core.ScenarioEngine -- over-writing existing variable 'response' with new value: karate.get('response')
11:17:36.788 [main] INFO com.intuit.karate -- [print] Register API called with: 
11:17:36.788 [main] INFO com.intuit.karate -- [print] Request: {
  "email": null,
  "password": null,
  "name": null,
  "username": null,
  "phoneNumber": null
}
 
11:17:36.789 [main] INFO com.intuit.karate -- [print] Response Status: 400 
11:17:36.789 [main] INFO com.intuit.karate -- [print] Response Body: {
  "success": false,
  "statusCode": 400,
  "message": "D? li?u không h?p l?",
  "path": "/auth/register",
  "timestamp": "2025-06-22T04:17:36.784Z"
}
 
11:17:36.789 [main] INFO com.intuit.karate -- Actual Status: 400 
11:17:36.790 [main] INFO com.intuit.karate -- Actual Response: {"success":false,"statusCode":400,"message":"D? li?u không h?p l?","path":"/auth/register","timestamp":"2025-06-22T04:17:36.784Z"} 
11:17:36.791 [main] INFO com.intuit.karate -- Test Status: PASS 
11:17:36.791 [main] INFO com.intuit.karate -- ? TEST CASE #26 PASSED 
11:17:36.791 [main] INFO com.intuit.karate -- ========================================== 
11:17:36.792 [main] INFO com.intuit.karate -- ========================================== 
11:17:36.792 [main] INFO com.intuit.karate -- ?ANG CH?Y TEST CASE #27/28 
11:17:36.792 [main] INFO com.intuit.karate -- Description:  
11:17:36.792 [main] INFO com.intuit.karate -- Email: "" 
11:17:36.792 [main] INFO com.intuit.karate -- Password: "" 
11:17:36.792 [main] INFO com.intuit.karate -- Name: "" 
11:17:36.792 [main] INFO com.intuit.karate -- Username: "" 
11:17:36.792 [main] INFO com.intuit.karate -- PhoneNumber: "" 
11:17:36.792 [main] INFO com.intuit.karate -- Expected Status:  
11:17:36.792 [main] INFO com.intuit.karate -- Expected Result:  
11:17:36.792 [main] INFO com.intuit.karate -- ========================================== 
11:17:36.803 [main] INFO com.intuit.karate -- karate.env system property was: null 
11:17:36.804 [main] DEBUG com.jayway.jsonpath.internal.path.CompiledPath -- Evaluating path: $
11:17:36.805 [main] DEBUG org.apache.http.client.protocol.RequestAddCookies -- CookieSpec selected: karate
11:17:36.805 [main] DEBUG org.apache.http.client.protocol.RequestAuthCache -- Auth cache not set in the context
11:17:36.805 [main] DEBUG com.intuit.karate -- request:
1 > POST http://localhost:3000/auth/register
1 > Content-Type: application/json; charset=UTF-8
1 > Content-Length: 67
1 > Host: localhost:3000
1 > Connection: Keep-Alive
1 > User-Agent: Apache-HttpClient/4.5.14 (Java/17.0.9)
1 > Accept-Encoding: gzip,deflate
{
  "email": "",
  "password": "",
  "name": "",
  "username": "",
  "phoneNumber": ""
}


11:17:36.805 [main] DEBUG org.apache.http.impl.conn.PoolingHttpClientConnectionManager -- Connection request: [route: {}->http://localhost:3000][total available: 0; route allocated: 0 of 5; total allocated: 0 of 10]
11:17:36.805 [main] DEBUG org.apache.http.impl.conn.PoolingHttpClientConnectionManager -- Connection leased: [id: 26][route: {}->http://localhost:3000][total available: 0; route allocated: 1 of 5; total allocated: 1 of 10]
11:17:36.805 [main] DEBUG org.apache.http.impl.execchain.MainClientExec -- Opening connection {}->http://localhost:3000
11:17:36.807 [main] DEBUG org.apache.http.impl.conn.DefaultHttpClientConnectionOperator -- Connecting to localhost/127.0.0.1:3000
11:17:36.807 [main] DEBUG org.apache.http.impl.conn.DefaultHttpClientConnectionOperator -- Connection established 127.0.0.1:54909<->127.0.0.1:3000
11:17:36.807 [main] DEBUG org.apache.http.impl.conn.DefaultManagedHttpClientConnection -- http-outgoing-26: set socket timeout to 5000
11:17:36.807 [main] DEBUG org.apache.http.impl.execchain.MainClientExec -- Executing request POST /auth/register HTTP/1.1
11:17:36.807 [main] DEBUG org.apache.http.impl.execchain.MainClientExec -- Target auth state: UNCHALLENGED
11:17:36.807 [main] DEBUG org.apache.http.impl.execchain.MainClientExec -- Proxy auth state: UNCHALLENGED
11:17:36.807 [main] DEBUG org.apache.http.headers -- http-outgoing-26 >> POST /auth/register HTTP/1.1
11:17:36.807 [main] DEBUG org.apache.http.headers -- http-outgoing-26 >> Content-Type: application/json; charset=UTF-8
11:17:36.807 [main] DEBUG org.apache.http.headers -- http-outgoing-26 >> Content-Length: 67
11:17:36.807 [main] DEBUG org.apache.http.headers -- http-outgoing-26 >> Host: localhost:3000
11:17:36.807 [main] DEBUG org.apache.http.headers -- http-outgoing-26 >> Connection: Keep-Alive
11:17:36.807 [main] DEBUG org.apache.http.headers -- http-outgoing-26 >> User-Agent: Apache-HttpClient/4.5.14 (Java/17.0.9)
11:17:36.807 [main] DEBUG org.apache.http.headers -- http-outgoing-26 >> Accept-Encoding: gzip,deflate
11:17:36.807 [main] DEBUG org.apache.http.wire -- http-outgoing-26 >> "POST /auth/register HTTP/1.1[\r][\n]"
11:17:36.807 [main] DEBUG org.apache.http.wire -- http-outgoing-26 >> "Content-Type: application/json; charset=UTF-8[\r][\n]"
11:17:36.807 [main] DEBUG org.apache.http.wire -- http-outgoing-26 >> "Content-Length: 67[\r][\n]"
11:17:36.807 [main] DEBUG org.apache.http.wire -- http-outgoing-26 >> "Host: localhost:3000[\r][\n]"
11:17:36.807 [main] DEBUG org.apache.http.wire -- http-outgoing-26 >> "Connection: Keep-Alive[\r][\n]"
11:17:36.807 [main] DEBUG org.apache.http.wire -- http-outgoing-26 >> "User-Agent: Apache-HttpClient/4.5.14 (Java/17.0.9)[\r][\n]"
11:17:36.807 [main] DEBUG org.apache.http.wire -- http-outgoing-26 >> "Accept-Encoding: gzip,deflate[\r][\n]"
11:17:36.807 [main] DEBUG org.apache.http.wire -- http-outgoing-26 >> "[\r][\n]"
11:17:36.807 [main] DEBUG org.apache.http.wire -- http-outgoing-26 >> "{"email":"","password":"","name":"","username":"","phoneNumber":""}"
11:17:36.808 [main] DEBUG org.apache.http.wire -- http-outgoing-26 << "HTTP/1.1 400 Bad Request[\r][\n]"
11:17:36.808 [main] DEBUG org.apache.http.wire -- http-outgoing-26 << "X-Powered-By: Express[\r][\n]"
11:17:36.808 [main] DEBUG org.apache.http.wire -- http-outgoing-26 << "Access-Control-Allow-Origin: *[\r][\n]"
11:17:36.808 [main] DEBUG org.apache.http.wire -- http-outgoing-26 << "Content-Type: application/json; charset=utf-8[\r][\n]"
11:17:36.808 [main] DEBUG org.apache.http.wire -- http-outgoing-26 << "Content-Length: 139[\r][\n]"
11:17:36.808 [main] DEBUG org.apache.http.wire -- http-outgoing-26 << "ETag: W/"8b-D052My9sRk4j5hcpnO0wid49V5E"[\r][\n]"
11:17:36.808 [main] DEBUG org.apache.http.wire -- http-outgoing-26 << "Date: Sun, 22 Jun 2025 04:17:36 GMT[\r][\n]"
11:17:36.808 [main] DEBUG org.apache.http.wire -- http-outgoing-26 << "Connection: keep-alive[\r][\n]"
11:17:36.808 [main] DEBUG org.apache.http.wire -- http-outgoing-26 << "Keep-Alive: timeout=5[\r][\n]"
11:17:36.808 [main] DEBUG org.apache.http.wire -- http-outgoing-26 << "[\r][\n]"
11:17:36.808 [main] DEBUG org.apache.http.wire -- http-outgoing-26 << "{"success":false,"statusCode":400,"message":"D[0xe1][0xbb][0xaf] li[0xe1][0xbb][0x87]u kh[0xc3][0xb4]ng h[0xe1][0xbb][0xa3]p l[0xe1][0xbb][0x87]","path":"/auth/register","timestamp":"2025-06-22T04:17:36.807Z"}"
11:17:36.808 [main] DEBUG org.apache.http.headers -- http-outgoing-26 << HTTP/1.1 400 Bad Request
11:17:36.808 [main] DEBUG org.apache.http.headers -- http-outgoing-26 << X-Powered-By: Express
11:17:36.808 [main] DEBUG org.apache.http.headers -- http-outgoing-26 << Access-Control-Allow-Origin: *
11:17:36.808 [main] DEBUG org.apache.http.headers -- http-outgoing-26 << Content-Type: application/json; charset=utf-8
11:17:36.808 [main] DEBUG org.apache.http.headers -- http-outgoing-26 << Content-Length: 139
11:17:36.808 [main] DEBUG org.apache.http.headers -- http-outgoing-26 << ETag: W/"8b-D052My9sRk4j5hcpnO0wid49V5E"
11:17:36.808 [main] DEBUG org.apache.http.headers -- http-outgoing-26 << Date: Sun, 22 Jun 2025 04:17:36 GMT
11:17:36.808 [main] DEBUG org.apache.http.headers -- http-outgoing-26 << Connection: keep-alive
11:17:36.808 [main] DEBUG org.apache.http.headers -- http-outgoing-26 << Keep-Alive: timeout=5
11:17:36.808 [main] DEBUG org.apache.http.impl.execchain.MainClientExec -- Connection can be kept alive for 5000 MILLISECONDS
11:17:36.808 [main] DEBUG org.apache.http.impl.conn.PoolingHttpClientConnectionManager -- Connection [id: 26][route: {}->http://localhost:3000] can be kept alive for 5.0 seconds
11:17:36.808 [main] DEBUG org.apache.http.impl.conn.DefaultManagedHttpClientConnection -- http-outgoing-26: set socket timeout to 0
11:17:36.808 [main] DEBUG org.apache.http.impl.conn.PoolingHttpClientConnectionManager -- Connection released: [id: 26][route: {}->http://localhost:3000][total available: 1; route allocated: 1 of 5; total allocated: 1 of 10]
11:17:36.808 [main] DEBUG org.apache.http.impl.conn.PoolingHttpClientConnectionManager -- Connection manager is shutting down
11:17:36.808 [main] DEBUG org.apache.http.impl.conn.DefaultManagedHttpClientConnection -- http-outgoing-26: Close connection
11:17:36.808 [main] DEBUG org.apache.http.impl.conn.PoolingHttpClientConnectionManager -- Connection manager shut down
11:17:36.809 [main] DEBUG com.intuit.karate -- response time in milliseconds: 3
1 < 400
1 < X-Powered-By: Express
1 < Access-Control-Allow-Origin: *
1 < Content-Type: application/json; charset=utf-8
1 < Content-Length: 139
1 < ETag: W/"8b-D052My9sRk4j5hcpnO0wid49V5E"
1 < Date: Sun, 22 Jun 2025 04:17:36 GMT
1 < Connection: keep-alive
1 < Keep-Alive: timeout=5
{
  "success": false,
  "statusCode": 400,
  "message": "D? li?u không h?p l?",
  "path": "/auth/register",
  "timestamp": "2025-06-22T04:17:36.807Z"
}


11:17:36.809 [main] DEBUG com.intuit.karate.core.ScenarioEngine -- over-writing existing variable 'responseStatus' with new value: karate.get('responseStatus')
11:17:36.810 [main] DEBUG com.intuit.karate.core.ScenarioEngine -- over-writing existing variable 'response' with new value: karate.get('response')
11:17:36.810 [main] INFO com.intuit.karate -- [print] Register API called with: 
11:17:36.810 [main] INFO com.intuit.karate -- [print] Request: {
  "email": "",
  "password": "",
  "name": "",
  "username": "",
  "phoneNumber": ""
}
 
11:17:36.810 [main] INFO com.intuit.karate -- [print] Response Status: 400 
11:17:36.810 [main] INFO com.intuit.karate -- [print] Response Body: {
  "success": false,
  "statusCode": 400,
  "message": "D? li?u không h?p l?",
  "path": "/auth/register",
  "timestamp": "2025-06-22T04:17:36.807Z"
}
 
11:17:36.812 [main] INFO com.intuit.karate -- Actual Status: 400 
11:17:36.813 [main] INFO com.intuit.karate -- Actual Response: {"success":false,"statusCode":400,"message":"D? li?u không h?p l?","path":"/auth/register","timestamp":"2025-06-22T04:17:36.807Z"} 
11:17:36.813 [main] INFO com.intuit.karate -- Test Status: FAIL 
11:17:36.813 [main] INFO com.intuit.karate -- Failure Reason: Status mismatch - Expected: , Actual: 400 
11:17:36.813 [main] INFO com.intuit.karate -- ? TEST CASE #27 FAILED: Status mismatch - Expected: , Actual: 400 
11:17:36.813 [main] INFO com.intuit.karate -- ========================================== 
11:17:36.813 [main] INFO com.intuit.karate -- ========================================== 
11:17:36.813 [main] INFO com.intuit.karate -- ?ANG CH?Y TEST CASE #28/28 
11:17:36.813 [main] INFO com.intuit.karate -- Description:  
11:17:36.813 [main] INFO com.intuit.karate -- Email: "" 
11:17:36.813 [main] INFO com.intuit.karate -- Password: "" 
11:17:36.813 [main] INFO com.intuit.karate -- Name: "" 
11:17:36.813 [main] INFO com.intuit.karate -- Username: "" 
11:17:36.813 [main] INFO com.intuit.karate -- PhoneNumber: "" 
11:17:36.813 [main] INFO com.intuit.karate -- Expected Status:  
11:17:36.813 [main] INFO com.intuit.karate -- Expected Result:  
11:17:36.814 [main] INFO com.intuit.karate -- ========================================== 
11:17:36.818 [main] INFO com.intuit.karate -- karate.env system property was: null 
11:17:36.819 [main] DEBUG com.jayway.jsonpath.internal.path.CompiledPath -- Evaluating path: $
11:17:36.820 [main] DEBUG org.apache.http.client.protocol.RequestAddCookies -- CookieSpec selected: karate
11:17:36.820 [main] DEBUG org.apache.http.client.protocol.RequestAuthCache -- Auth cache not set in the context
11:17:36.820 [main] DEBUG com.intuit.karate -- request:
1 > POST http://localhost:3000/auth/register
1 > Content-Type: application/json; charset=UTF-8
1 > Content-Length: 67
1 > Host: localhost:3000
1 > Connection: Keep-Alive
1 > User-Agent: Apache-HttpClient/4.5.14 (Java/17.0.9)
1 > Accept-Encoding: gzip,deflate
{
  "email": "",
  "password": "",
  "name": "",
  "username": "",
  "phoneNumber": ""
}


11:17:36.820 [main] DEBUG org.apache.http.impl.conn.PoolingHttpClientConnectionManager -- Connection request: [route: {}->http://localhost:3000][total available: 0; route allocated: 0 of 5; total allocated: 0 of 10]
11:17:36.820 [main] DEBUG org.apache.http.impl.conn.PoolingHttpClientConnectionManager -- Connection leased: [id: 27][route: {}->http://localhost:3000][total available: 0; route allocated: 1 of 5; total allocated: 1 of 10]
11:17:36.820 [main] DEBUG org.apache.http.impl.execchain.MainClientExec -- Opening connection {}->http://localhost:3000
11:17:36.820 [main] DEBUG org.apache.http.impl.conn.DefaultHttpClientConnectionOperator -- Connecting to localhost/127.0.0.1:3000
11:17:36.821 [main] DEBUG org.apache.http.impl.conn.DefaultHttpClientConnectionOperator -- Connection established 127.0.0.1:54910<->127.0.0.1:3000
11:17:36.821 [main] DEBUG org.apache.http.impl.conn.DefaultManagedHttpClientConnection -- http-outgoing-27: set socket timeout to 5000
11:17:36.821 [main] DEBUG org.apache.http.impl.execchain.MainClientExec -- Executing request POST /auth/register HTTP/1.1
11:17:36.821 [main] DEBUG org.apache.http.impl.execchain.MainClientExec -- Target auth state: UNCHALLENGED
11:17:36.821 [main] DEBUG org.apache.http.impl.execchain.MainClientExec -- Proxy auth state: UNCHALLENGED
11:17:36.821 [main] DEBUG org.apache.http.headers -- http-outgoing-27 >> POST /auth/register HTTP/1.1
11:17:36.821 [main] DEBUG org.apache.http.headers -- http-outgoing-27 >> Content-Type: application/json; charset=UTF-8
11:17:36.821 [main] DEBUG org.apache.http.headers -- http-outgoing-27 >> Content-Length: 67
11:17:36.821 [main] DEBUG org.apache.http.headers -- http-outgoing-27 >> Host: localhost:3000
11:17:36.821 [main] DEBUG org.apache.http.headers -- http-outgoing-27 >> Connection: Keep-Alive
11:17:36.821 [main] DEBUG org.apache.http.headers -- http-outgoing-27 >> User-Agent: Apache-HttpClient/4.5.14 (Java/17.0.9)
11:17:36.821 [main] DEBUG org.apache.http.headers -- http-outgoing-27 >> Accept-Encoding: gzip,deflate
11:17:36.821 [main] DEBUG org.apache.http.wire -- http-outgoing-27 >> "POST /auth/register HTTP/1.1[\r][\n]"
11:17:36.821 [main] DEBUG org.apache.http.wire -- http-outgoing-27 >> "Content-Type: application/json; charset=UTF-8[\r][\n]"
11:17:36.821 [main] DEBUG org.apache.http.wire -- http-outgoing-27 >> "Content-Length: 67[\r][\n]"
11:17:36.821 [main] DEBUG org.apache.http.wire -- http-outgoing-27 >> "Host: localhost:3000[\r][\n]"
11:17:36.821 [main] DEBUG org.apache.http.wire -- http-outgoing-27 >> "Connection: Keep-Alive[\r][\n]"
11:17:36.821 [main] DEBUG org.apache.http.wire -- http-outgoing-27 >> "User-Agent: Apache-HttpClient/4.5.14 (Java/17.0.9)[\r][\n]"
11:17:36.821 [main] DEBUG org.apache.http.wire -- http-outgoing-27 >> "Accept-Encoding: gzip,deflate[\r][\n]"
11:17:36.821 [main] DEBUG org.apache.http.wire -- http-outgoing-27 >> "[\r][\n]"
11:17:36.821 [main] DEBUG org.apache.http.wire -- http-outgoing-27 >> "{"email":"","password":"","name":"","username":"","phoneNumber":""}"
11:17:36.822 [main] DEBUG org.apache.http.wire -- http-outgoing-27 << "HTTP/1.1 400 Bad Request[\r][\n]"
11:17:36.822 [main] DEBUG org.apache.http.wire -- http-outgoing-27 << "X-Powered-By: Express[\r][\n]"
11:17:36.822 [main] DEBUG org.apache.http.wire -- http-outgoing-27 << "Access-Control-Allow-Origin: *[\r][\n]"
11:17:36.822 [main] DEBUG org.apache.http.wire -- http-outgoing-27 << "Content-Type: application/json; charset=utf-8[\r][\n]"
11:17:36.822 [main] DEBUG org.apache.http.wire -- http-outgoing-27 << "Content-Length: 139[\r][\n]"
11:17:36.822 [main] DEBUG org.apache.http.wire -- http-outgoing-27 << "ETag: W/"8b-30rdBIOfWuE5o749GRPq04kFneM"[\r][\n]"
11:17:36.822 [main] DEBUG org.apache.http.wire -- http-outgoing-27 << "Date: Sun, 22 Jun 2025 04:17:36 GMT[\r][\n]"
11:17:36.822 [main] DEBUG org.apache.http.wire -- http-outgoing-27 << "Connection: keep-alive[\r][\n]"
11:17:36.822 [main] DEBUG org.apache.http.wire -- http-outgoing-27 << "Keep-Alive: timeout=5[\r][\n]"
11:17:36.822 [main] DEBUG org.apache.http.wire -- http-outgoing-27 << "[\r][\n]"
11:17:36.822 [main] DEBUG org.apache.http.wire -- http-outgoing-27 << "{"success":false,"statusCode":400,"message":"D[0xe1][0xbb][0xaf] li[0xe1][0xbb][0x87]u kh[0xc3][0xb4]ng h[0xe1][0xbb][0xa3]p l[0xe1][0xbb][0x87]","path":"/auth/register","timestamp":"2025-06-22T04:17:36.822Z"}"
11:17:36.822 [main] DEBUG org.apache.http.headers -- http-outgoing-27 << HTTP/1.1 400 Bad Request
11:17:36.822 [main] DEBUG org.apache.http.headers -- http-outgoing-27 << X-Powered-By: Express
11:17:36.822 [main] DEBUG org.apache.http.headers -- http-outgoing-27 << Access-Control-Allow-Origin: *
11:17:36.822 [main] DEBUG org.apache.http.headers -- http-outgoing-27 << Content-Type: application/json; charset=utf-8
11:17:36.822 [main] DEBUG org.apache.http.headers -- http-outgoing-27 << Content-Length: 139
11:17:36.822 [main] DEBUG org.apache.http.headers -- http-outgoing-27 << ETag: W/"8b-30rdBIOfWuE5o749GRPq04kFneM"
11:17:36.822 [main] DEBUG org.apache.http.headers -- http-outgoing-27 << Date: Sun, 22 Jun 2025 04:17:36 GMT
11:17:36.822 [main] DEBUG org.apache.http.headers -- http-outgoing-27 << Connection: keep-alive
11:17:36.822 [main] DEBUG org.apache.http.headers -- http-outgoing-27 << Keep-Alive: timeout=5
11:17:36.823 [main] DEBUG org.apache.http.impl.execchain.MainClientExec -- Connection can be kept alive for 5000 MILLISECONDS
11:17:36.823 [main] DEBUG org.apache.http.impl.conn.PoolingHttpClientConnectionManager -- Connection [id: 27][route: {}->http://localhost:3000] can be kept alive for 5.0 seconds
11:17:36.823 [main] DEBUG org.apache.http.impl.conn.DefaultManagedHttpClientConnection -- http-outgoing-27: set socket timeout to 0
11:17:36.823 [main] DEBUG org.apache.http.impl.conn.PoolingHttpClientConnectionManager -- Connection released: [id: 27][route: {}->http://localhost:3000][total available: 1; route allocated: 1 of 5; total allocated: 1 of 10]
11:17:36.823 [main] DEBUG org.apache.http.impl.conn.PoolingHttpClientConnectionManager -- Connection manager is shutting down
11:17:36.823 [main] DEBUG org.apache.http.impl.conn.DefaultManagedHttpClientConnection -- http-outgoing-27: Close connection
11:17:36.823 [main] DEBUG org.apache.http.impl.conn.PoolingHttpClientConnectionManager -- Connection manager shut down
11:17:36.823 [main] DEBUG com.intuit.karate -- response time in milliseconds: 3
1 < 400
1 < X-Powered-By: Express
1 < Access-Control-Allow-Origin: *
1 < Content-Type: application/json; charset=utf-8
1 < Content-Length: 139
1 < ETag: W/"8b-30rdBIOfWuE5o749GRPq04kFneM"
1 < Date: Sun, 22 Jun 2025 04:17:36 GMT
1 < Connection: keep-alive
1 < Keep-Alive: timeout=5
{
  "success": false,
  "statusCode": 400,
  "message": "D? li?u không h?p l?",
  "path": "/auth/register",
  "timestamp": "2025-06-22T04:17:36.822Z"
}


11:17:36.824 [main] DEBUG com.intuit.karate.core.ScenarioEngine -- over-writing existing variable 'responseStatus' with new value: karate.get('responseStatus')
11:17:36.824 [main] DEBUG com.intuit.karate.core.ScenarioEngine -- over-writing existing variable 'response' with new value: karate.get('response')
11:17:36.824 [main] INFO com.intuit.karate -- [print] Register API called with: 
11:17:36.824 [main] INFO com.intuit.karate -- [print] Request: {
  "email": "",
  "password": "",
  "name": "",
  "username": "",
  "phoneNumber": ""
}
 
11:17:36.825 [main] INFO com.intuit.karate -- [print] Response Status: 400 
11:17:36.825 [main] INFO com.intuit.karate -- [print] Response Body: {
  "success": false,
  "statusCode": 400,
  "message": "D? li?u không h?p l?",
  "path": "/auth/register",
  "timestamp": "2025-06-22T04:17:36.822Z"
}
 
11:17:36.825 [main] INFO com.intuit.karate -- Actual Status: 400 
11:17:36.826 [main] INFO com.intuit.karate -- Actual Response: {"success":false,"statusCode":400,"message":"D? li?u không h?p l?","path":"/auth/register","timestamp":"2025-06-22T04:17:36.822Z"} 
11:17:36.826 [main] INFO com.intuit.karate -- Test Status: FAIL 
11:17:36.827 [main] INFO com.intuit.karate -- Failure Reason: Status mismatch - Expected: , Actual: 400 
11:17:36.827 [main] INFO com.intuit.karate -- ? TEST CASE #28 FAILED: Status mismatch - Expected: , Actual: 400 
11:17:36.827 [main] INFO com.intuit.karate -- ========================================== 
11:17:36.827 [main] DEBUG com.intuit.karate.core.ScenarioEngine -- over-writing existing variable 'testResults' with new value: results
11:17:36.828 [main] INFO com.intuit.karate -- [print] === GHI K?T QU? VÀO EXCEL === 
11:17:37.118 [main] INFO com.intuit.karate -- ? ?ã ghi k?t qu? vào Excel thành công! 
11:17:37.122 [main] INFO com.intuit.karate -- [print] === REGISTER TEST SUMMARY === 
11:17:37.122 [main] INFO com.intuit.karate -- [print] Total test cases: 28 
11:17:37.122 [main] INFO com.intuit.karate -- [print] Passed: 20 
11:17:37.124 [main] INFO com.intuit.karate -- [print] Failed: 8 
Success rate: 71%
11:17:37.135 [main] INFO com.intuit.karate -- ?? WARNING: 8 out of 28 test cases failed 
11:17:37.137 [main] INFO com.intuit.karate -- [print] === HOÀN THÀNH REGISTER TESTING === 
11:17:37.138 [main] DEBUG com.jayway.jsonpath.internal.path.CompiledPath -- Evaluating path: $
11:17:37.138 [main] DEBUG com.jayway.jsonpath.internal.path.CompiledPath -- Evaluating path: $
11:17:37.138 [main] DEBUG com.jayway.jsonpath.internal.path.CompiledPath -- Evaluating path: $
11:17:37.139 [main] DEBUG com.jayway.jsonpath.internal.path.CompiledPath -- Evaluating path: $
11:17:37.139 [main] DEBUG com.jayway.jsonpath.internal.path.CompiledPath -- Evaluating path: $
11:17:37.139 [main] DEBUG com.jayway.jsonpath.internal.path.CompiledPath -- Evaluating path: $
11:17:37.139 [main] DEBUG com.jayway.jsonpath.internal.path.CompiledPath -- Evaluating path: $
11:17:37.139 [main] DEBUG com.jayway.jsonpath.internal.path.CompiledPath -- Evaluating path: $
11:17:37.139 [main] DEBUG com.jayway.jsonpath.internal.path.CompiledPath -- Evaluating path: $
11:17:37.139 [main] DEBUG com.jayway.jsonpath.internal.path.CompiledPath -- Evaluating path: $
11:17:37.139 [main] DEBUG com.jayway.jsonpath.internal.path.CompiledPath -- Evaluating path: $
11:17:37.139 [main] DEBUG com.jayway.jsonpath.internal.path.CompiledPath -- Evaluating path: $
11:17:37.141 [main] DEBUG com.jayway.jsonpath.internal.path.CompiledPath -- Evaluating path: $
11:17:37.141 [main] DEBUG com.jayway.jsonpath.internal.path.CompiledPath -- Evaluating path: $
11:17:37.141 [main] DEBUG com.jayway.jsonpath.internal.path.CompiledPath -- Evaluating path: $
11:17:37.141 [main] DEBUG com.jayway.jsonpath.internal.path.CompiledPath -- Evaluating path: $
11:17:37.141 [main] DEBUG com.jayway.jsonpath.internal.path.CompiledPath -- Evaluating path: $
11:17:37.141 [main] DEBUG com.jayway.jsonpath.internal.path.CompiledPath -- Evaluating path: $
11:17:37.142 [main] DEBUG com.jayway.jsonpath.internal.path.CompiledPath -- Evaluating path: $
11:17:37.142 [main] DEBUG com.jayway.jsonpath.internal.path.CompiledPath -- Evaluating path: $
11:17:37.142 [main] DEBUG com.jayway.jsonpath.internal.path.CompiledPath -- Evaluating path: $
11:17:37.142 [main] DEBUG com.jayway.jsonpath.internal.path.CompiledPath -- Evaluating path: $
11:17:37.142 [main] DEBUG com.jayway.jsonpath.internal.path.CompiledPath -- Evaluating path: $
11:17:37.142 [main] DEBUG com.jayway.jsonpath.internal.path.CompiledPath -- Evaluating path: $
11:17:37.142 [main] DEBUG com.jayway.jsonpath.internal.path.CompiledPath -- Evaluating path: $
11:17:37.143 [main] DEBUG com.jayway.jsonpath.internal.path.CompiledPath -- Evaluating path: $
11:17:37.143 [main] DEBUG com.jayway.jsonpath.internal.path.CompiledPath -- Evaluating path: $
11:17:37.143 [main] DEBUG com.jayway.jsonpath.internal.path.CompiledPath -- Evaluating path: $
11:17:37.155 [main] DEBUG com.jayway.jsonpath.internal.path.CompiledPath -- Evaluating path: $
11:17:37.155 [main] DEBUG com.jayway.jsonpath.internal.path.CompiledPath -- Evaluating path: $
11:17:37.155 [main] DEBUG com.jayway.jsonpath.internal.path.CompiledPath -- Evaluating path: $
11:17:37.155 [main] DEBUG com.jayway.jsonpath.internal.path.CompiledPath -- Evaluating path: $
11:17:37.155 [main] DEBUG com.jayway.jsonpath.internal.path.CompiledPath -- Evaluating path: $
11:17:37.155 [main] DEBUG com.jayway.jsonpath.internal.path.CompiledPath -- Evaluating path: $
11:17:37.155 [main] DEBUG com.jayway.jsonpath.internal.path.CompiledPath -- Evaluating path: $
11:17:37.155 [main] DEBUG com.jayway.jsonpath.internal.path.CompiledPath -- Evaluating path: $
11:17:37.155 [main] DEBUG com.jayway.jsonpath.internal.path.CompiledPath -- Evaluating path: $
11:17:37.155 [main] DEBUG com.jayway.jsonpath.internal.path.CompiledPath -- Evaluating path: $
11:17:37.155 [main] DEBUG com.jayway.jsonpath.internal.path.CompiledPath -- Evaluating path: $
11:17:37.156 [main] DEBUG com.jayway.jsonpath.internal.path.CompiledPath -- Evaluating path: $
11:17:37.156 [main] DEBUG com.jayway.jsonpath.internal.path.CompiledPath -- Evaluating path: $
11:17:37.156 [main] DEBUG com.jayway.jsonpath.internal.path.CompiledPath -- Evaluating path: $
11:17:37.156 [main] DEBUG com.jayway.jsonpath.internal.path.CompiledPath -- Evaluating path: $
11:17:37.156 [main] DEBUG com.jayway.jsonpath.internal.path.CompiledPath -- Evaluating path: $
11:17:37.156 [main] DEBUG com.jayway.jsonpath.internal.path.CompiledPath -- Evaluating path: $
11:17:37.156 [main] DEBUG com.jayway.jsonpath.internal.path.CompiledPath -- Evaluating path: $
11:17:37.156 [main] DEBUG com.jayway.jsonpath.internal.path.CompiledPath -- Evaluating path: $
11:17:37.156 [main] DEBUG com.jayway.jsonpath.internal.path.CompiledPath -- Evaluating path: $
11:17:37.156 [main] DEBUG com.jayway.jsonpath.internal.path.CompiledPath -- Evaluating path: $
11:17:37.156 [main] DEBUG com.jayway.jsonpath.internal.path.CompiledPath -- Evaluating path: $
11:17:37.156 [main] DEBUG com.jayway.jsonpath.internal.path.CompiledPath -- Evaluating path: $
11:17:37.157 [main] DEBUG com.jayway.jsonpath.internal.path.CompiledPath -- Evaluating path: $
11:17:37.157 [main] DEBUG com.jayway.jsonpath.internal.path.CompiledPath -- Evaluating path: $
11:17:37.157 [main] DEBUG com.jayway.jsonpath.internal.path.CompiledPath -- Evaluating path: $
11:17:37.157 [main] DEBUG com.jayway.jsonpath.internal.path.CompiledPath -- Evaluating path: $
11:17:37.157 [main] DEBUG com.jayway.jsonpath.internal.path.CompiledPath -- Evaluating path: $
11:17:37.186 [main] DEBUG org.thymeleaf.TemplateEngine -- [THYMELEAF] INITIALIZING TEMPLATE ENGINE
11:17:37.317 [main] DEBUG org.thymeleaf.TemplateEngine.CONFIG -- Initializing Thymeleaf Template engine configuration...
[THYMELEAF] TEMPLATE ENGINE CONFIGURATION:
[THYMELEAF] * Thymeleaf version: 3.1.2.RELEASE (built 2023-07-30T19:25:50+0000)
[THYMELEAF] * Cache Manager implementation: org.thymeleaf.cache.StandardCacheManager
[THYMELEAF] * Template resolvers:
[THYMELEAF]     * [1] com.intuit.karate.template.ResourceHtmlTemplateResolver
[THYMELEAF] * Message resolvers:
[THYMELEAF]     * org.thymeleaf.messageresolver.StandardMessageResolver
[THYMELEAF] * Link builders:
[THYMELEAF]     * org.thymeleaf.linkbuilder.StandardLinkBuilder
[THYMELEAF] * Dialect [1 of 2]: Standard (com.intuit.karate.template.KarateStandardDialect)
[THYMELEAF]     * Prefix: "th"
[THYMELEAF]     * Processors for Template Mode: HTML
[THYMELEAF]         * Element Tag Processors by [matching element and attribute name] [precedence]:
[THYMELEAF]             * [* {th:include,data-th-include}] [100]: org.thymeleaf.standard.processor.StandardIncludeTagProcessor
[THYMELEAF]             * [* {th:insert,data-th-insert}] [100]: org.thymeleaf.standard.processor.StandardInsertTagProcessor
[THYMELEAF]             * [* {th:replace,data-th-replace}] [100]: org.thymeleaf.standard.processor.StandardReplaceTagProcessor
[THYMELEAF]             * [* {th:each,data-th-each}] [200]: com.intuit.karate.template.KarateEachTagProcessor
[THYMELEAF]             * [* {th:switch,data-th-switch}] [250]: org.thymeleaf.standard.processor.StandardSwitchTagProcessor
[THYMELEAF]             * [* {th:case,data-th-case}] [275]: org.thymeleaf.standard.processor.StandardCaseTagProcessor
[THYMELEAF]             * [* {th:if,data-th-if}] [300]: org.thymeleaf.standard.processor.StandardIfTagProcessor
[THYMELEAF]             * [* {th:unless,data-th-unless}] [400]: org.thymeleaf.standard.processor.StandardUnlessTagProcessor
[THYMELEAF]             * [* {th:object,data-th-object}] [500]: org.thymeleaf.standard.processor.StandardObjectTagProcessor
[THYMELEAF]             * [* {th:with,data-th-with}] [600]: com.intuit.karate.template.KarateWithTagProcessor
[THYMELEAF]             * [* {th:attr,data-th-attr}] [700]: com.intuit.karate.template.KarateAttributeTagProcessor.KarateAttrTagProcessor
[THYMELEAF]             * [* {th:attrappend,data-th-attrappend}] [900]: com.intuit.karate.template.KarateAttributeTagProcessor.KarateAttrappendTagProcessor
[THYMELEAF]             * [* {th:attrprepend,data-th-attrprepend}] [900]: com.intuit.karate.template.KarateAttributeTagProcessor.KarateAttrprependTagProcessor
[THYMELEAF]             * [* {th:alt-title,data-th-alt-title}] [990]: org.thymeleaf.standard.processor.StandardAltTitleTagProcessor
[THYMELEAF]             * [* {th:lang-xmllang,data-th-lang-xmllang}] [990]: org.thymeleaf.standard.processor.StandardLangXmlLangTagProcessor
[THYMELEAF]             * [* {th:action,data-th-action}] [1000]: org.thymeleaf.standard.processor.StandardActionTagProcessor
[THYMELEAF]             * [* {th:defer,data-th-defer}] [1000]: org.thymeleaf.standard.processor.StandardConditionalFixedValueTagProcessor
[THYMELEAF]             * [* {th:scoped,data-th-scoped}] [1000]: org.thymeleaf.standard.processor.StandardConditionalFixedValueTagProcessor
[THYMELEAF]             * [* {th:multiple,data-th-multiple}] [1000]: org.thymeleaf.standard.processor.StandardConditionalFixedValueTagProcessor
[THYMELEAF]             * [* {th:required,data-th-required}] [1000]: org.thymeleaf.standard.processor.StandardConditionalFixedValueTagProcessor
[THYMELEAF]             * [* {th:nowrap,data-th-nowrap}] [1000]: org.thymeleaf.standard.processor.StandardConditionalFixedValueTagProcessor
[THYMELEAF]             * [* {th:readonly,data-th-readonly}] [1000]: org.thymeleaf.standard.processor.StandardConditionalFixedValueTagProcessor
[THYMELEAF]             * [* {th:checked,data-th-checked}] [1000]: org.thymeleaf.standard.processor.StandardConditionalFixedValueTagProcessor
[THYMELEAF]             * [* {th:autofocus,data-th-autofocus}] [1000]: org.thymeleaf.standard.processor.StandardConditionalFixedValueTagProcessor
[THYMELEAF]             * [* {th:loop,data-th-loop}] [1000]: org.thymeleaf.standard.processor.StandardConditionalFixedValueTagProcessor
[THYMELEAF]             * [* {th:async,data-th-async}] [1000]: org.thymeleaf.standard.processor.StandardConditionalFixedValueTagProcessor
[THYMELEAF]             * [* {th:hidden,data-th-hidden}] [1000]: org.thymeleaf.standard.processor.StandardConditionalFixedValueTagProcessor
[THYMELEAF]             * [* {th:declare,data-th-declare}] [1000]: org.thymeleaf.standard.processor.StandardConditionalFixedValueTagProcessor
[THYMELEAF]             * [* {th:ismap,data-th-ismap}] [1000]: org.thymeleaf.standard.processor.StandardConditionalFixedValueTagProcessor
[THYMELEAF]             * [* {th:selected,data-th-selected}] [1000]: org.thymeleaf.standard.processor.StandardConditionalFixedValueTagProcessor
[THYMELEAF]             * [* {th:seamless,data-th-seamless}] [1000]: org.thymeleaf.standard.processor.StandardConditionalFixedValueTagProcessor
[THYMELEAF]             * [* {th:controls,data-th-controls}] [1000]: org.thymeleaf.standard.processor.StandardConditionalFixedValueTagProcessor
[THYMELEAF]             * [* {th:default,data-th-default}] [1000]: org.thymeleaf.standard.processor.StandardConditionalFixedValueTagProcessor
[THYMELEAF]             * [* {th:formnovalidate,data-th-formnovalidate}] [1000]: org.thymeleaf.standard.processor.StandardConditionalFixedValueTagProcessor
[THYMELEAF]             * [* {th:reversed,data-th-reversed}] [1000]: org.thymeleaf.standard.processor.StandardConditionalFixedValueTagProcessor
[THYMELEAF]             * [* {th:open,data-th-open}] [1000]: org.thymeleaf.standard.processor.StandardConditionalFixedValueTagProcessor
[THYMELEAF]             * [* {th:novalidate,data-th-novalidate}] [1000]: org.thymeleaf.standard.processor.StandardConditionalFixedValueTagProcessor
[THYMELEAF]             * [* {th:autoplay,data-th-autoplay}] [1000]: org.thymeleaf.standard.processor.StandardConditionalFixedValueTagProcessor
[THYMELEAF]             * [* {th:pubdate,data-th-pubdate}] [1000]: org.thymeleaf.standard.processor.StandardConditionalFixedValueTagProcessor
[THYMELEAF]             * [* {th:disabled,data-th-disabled}] [1000]: org.thymeleaf.standard.processor.StandardConditionalFixedValueTagProcessor
[THYMELEAF]             * [* {th:ondblclick,data-th-ondblclick}] [1000]: org.thymeleaf.standard.processor.StandardDOMEventAttributeTagProcessor
[THYMELEAF]             * [* {th:onwaiting,data-th-onwaiting}] [1000]: org.thymeleaf.standard.processor.StandardDOMEventAttributeTagProcessor
[THYMELEAF]             * [* {th:onloadeddata,data-th-onloadeddata}] [1000]: org.thymeleaf.standard.processor.StandardDOMEventAttributeTagProcessor
[THYMELEAF]             * [* {th:ondragend,data-th-ondragend}] [1000]: org.thymeleaf.standard.processor.StandardDOMEventAttributeTagProcessor
[THYMELEAF]             * [* {th:onload,data-th-onload}] [1000]: org.thymeleaf.standard.processor.StandardDOMEventAttributeTagProcessor
[THYMELEAF]             * [* {th:onundo,data-th-onundo}] [1000]: org.thymeleaf.standard.processor.StandardDOMEventAttributeTagProcessor
[THYMELEAF]             * [* {th:ononline,data-th-ononline}] [1000]: org.thymeleaf.standard.processor.StandardDOMEventAttributeTagProcessor
[THYMELEAF]             * [* {th:onunload,data-th-onunload}] [1000]: org.thymeleaf.standard.processor.StandardDOMEventAttributeTagProcessor
[THYMELEAF]             * [* {th:onmousedown,data-th-onmousedown}] [1000]: org.thymeleaf.standard.processor.StandardDOMEventAttributeTagProcessor
[THYMELEAF]             * [* {th:oninput,data-th-oninput}] [1000]: org.thymeleaf.standard.processor.StandardDOMEventAttributeTagProcessor
[THYMELEAF]             * [* {th:onmousewheel,data-th-onmousewheel}] [1000]: org.thymeleaf.standard.processor.StandardDOMEventAttributeTagProcessor
[THYMELEAF]             * [* {th:ondurationchange,data-th-ondurationchange}] [1000]: org.thymeleaf.standard.processor.StandardDOMEventAttributeTagProcessor
[THYMELEAF]             * [* {th:onforminput,data-th-onforminput}] [1000]: org.thymeleaf.standard.processor.StandardDOMEventAttributeTagProcessor
[THYMELEAF]             * [* {th:onpause,data-th-onpause}] [1000]: org.thymeleaf.standard.processor.StandardDOMEventAttributeTagProcessor
[THYMELEAF]             * [* {th:onclick,data-th-onclick}] [1000]: org.thymeleaf.standard.processor.StandardDOMEventAttributeTagProcessor
[THYMELEAF]             * [* {th:onended,data-th-onended}] [1000]: org.thymeleaf.standard.processor.StandardDOMEventAttributeTagProcessor
[THYMELEAF]             * [* {th:ondragstart,data-th-ondragstart}] [1000]: org.thymeleaf.standard.processor.StandardDOMEventAttributeTagProcessor
[THYMELEAF]             * [* {th:onselect,data-th-onselect}] [1000]: org.thymeleaf.standard.processor.StandardDOMEventAttributeTagProcessor
[THYMELEAF]             * [* {th:ondrag,data-th-ondrag}] [1000]: org.thymeleaf.standard.processor.StandardDOMEventAttributeTagProcessor
[THYMELEAF]             * [* {th:oncanplay,data-th-oncanplay}] [1000]: org.thymeleaf.standard.processor.StandardDOMEventAttributeTagProcessor
[THYMELEAF]             * [* {th:onprogress,data-th-onprogress}] [1000]: org.thymeleaf.standard.processor.StandardDOMEventAttributeTagProcessor
[THYMELEAF]             * [* {th:oncanplaythrough,data-th-oncanplaythrough}] [1000]: org.thymeleaf.standard.processor.StandardDOMEventAttributeTagProcessor
[THYMELEAF]             * [* {th:ondragleave,data-th-ondragleave}] [1000]: org.thymeleaf.standard.processor.StandardDOMEventAttributeTagProcessor
[THYMELEAF]             * [* {th:onreset,data-th-onreset}] [1000]: org.thymeleaf.standard.processor.StandardDOMEventAttributeTagProcessor
[THYMELEAF]             * [* {th:onshow,data-th-onshow}] [1000]: org.thymeleaf.standard.processor.StandardDOMEventAttributeTagProcessor
[THYMELEAF]             * [* {th:onblur,data-th-onblur}] [1000]: org.thymeleaf.standard.processor.StandardDOMEventAttributeTagProcessor
[THYMELEAF]             * [* {th:onsubmit,data-th-onsubmit}] [1000]: org.thymeleaf.standard.processor.StandardDOMEventAttributeTagProcessor
[THYMELEAF]             * [* {th:onvolumechange,data-th-onvolumechange}] [1000]: org.thymeleaf.standard.processor.StandardDOMEventAttributeTagProcessor
[THYMELEAF]             * [* {th:onpopstate,data-th-onpopstate}] [1000]: org.thymeleaf.standard.processor.StandardDOMEventAttributeTagProcessor
[THYMELEAF]             * [* {th:onsuspend,data-th-onsuspend}] [1000]: org.thymeleaf.standard.processor.StandardDOMEventAttributeTagProcessor
[THYMELEAF]             * [* {th:onplaying,data-th-onplaying}] [1000]: org.thymeleaf.standard.processor.StandardDOMEventAttributeTagProcessor
[THYMELEAF]             * [* {th:onseeking,data-th-onseeking}] [1000]: org.thymeleaf.standard.processor.StandardDOMEventAttributeTagProcessor
[THYMELEAF]             * [* {th:onbeforeunload,data-th-onbeforeunload}] [1000]: org.thymeleaf.standard.processor.StandardDOMEventAttributeTagProcessor
[THYMELEAF]             * [* {th:onreadystatechange,data-th-onreadystatechange}] [1000]: org.thymeleaf.standard.processor.StandardDOMEventAttributeTagProcessor
[THYMELEAF]             * [* {th:onfocus,data-th-onfocus}] [1000]: org.thymeleaf.standard.processor.StandardDOMEventAttributeTagProcessor
[THYMELEAF]             * [* {th:onloadedmetadata,data-th-onloadedmetadata}] [1000]: org.thymeleaf.standard.processor.StandardDOMEventAttributeTagProcessor
[THYMELEAF]             * [* {th:ondrop,data-th-ondrop}] [1000]: org.thymeleaf.standard.processor.StandardDOMEventAttributeTagProcessor
[THYMELEAF]             * [* {th:onmouseout,data-th-onmouseout}] [1000]: org.thymeleaf.standard.processor.StandardDOMEventAttributeTagProcessor
[THYMELEAF]             * [* {th:onmouseup,data-th-onmouseup}] [1000]: org.thymeleaf.standard.processor.StandardDOMEventAttributeTagProcessor
[THYMELEAF]             * [* {th:onkeyup,data-th-onkeyup}] [1000]: org.thymeleaf.standard.processor.StandardDOMEventAttributeTagProcessor
[THYMELEAF]             * [* {th:onplay,data-th-onplay}] [1000]: org.thymeleaf.standard.processor.StandardDOMEventAttributeTagProcessor
[THYMELEAF]             * [* {th:oncontextmenu,data-th-oncontextmenu}] [1000]: org.thymeleaf.standard.processor.StandardDOMEventAttributeTagProcessor
[THYMELEAF]             * [* {th:onafterprint,data-th-onafterprint}] [1000]: org.thymeleaf.standard.processor.StandardDOMEventAttributeTagProcessor
[THYMELEAF]             * [* {th:onmousemove,data-th-onmousemove}] [1000]: org.thymeleaf.standard.processor.StandardDOMEventAttributeTagProcessor
[THYMELEAF]             * [* {th:onratechange,data-th-onratechange}] [1000]: org.thymeleaf.standard.processor.StandardDOMEventAttributeTagProcessor
[THYMELEAF]             * [* {th:ondragover,data-th-ondragover}] [1000]: org.thymeleaf.standard.processor.StandardDOMEventAttributeTagProcessor
[THYMELEAF]             * [* {th:onredo,data-th-onredo}] [1000]: org.thymeleaf.standard.processor.StandardDOMEventAttributeTagProcessor
[THYMELEAF]             * [* {th:onerror,data-th-onerror}] [1000]: org.thymeleaf.standard.processor.StandardDOMEventAttributeTagProcessor
[THYMELEAF]             * [* {th:onloadstart,data-th-onloadstart}] [1000]: org.thymeleaf.standard.processor.StandardDOMEventAttributeTagProcessor
[THYMELEAF]             * [* {th:onformchange,data-th-onformchange}] [1000]: org.thymeleaf.standard.processor.StandardDOMEventAttributeTagProcessor
[THYMELEAF]             * [* {th:onmessage,data-th-onmessage}] [1000]: org.thymeleaf.standard.processor.StandardDOMEventAttributeTagProcessor
[THYMELEAF]             * [* {th:onemptied,data-th-onemptied}] [1000]: org.thymeleaf.standard.processor.StandardDOMEventAttributeTagProcessor
[THYMELEAF]             * [* {th:oninvalid,data-th-oninvalid}] [1000]: org.thymeleaf.standard.processor.StandardDOMEventAttributeTagProcessor
[THYMELEAF]             * [* {th:onchange,data-th-onchange}] [1000]: org.thymeleaf.standard.processor.StandardDOMEventAttributeTagProcessor
[THYMELEAF]             * [* {th:onscroll,data-th-onscroll}] [1000]: org.thymeleaf.standard.processor.StandardDOMEventAttributeTagProcessor
[THYMELEAF]             * [* {th:onmouseover,data-th-onmouseover}] [1000]: org.thymeleaf.standard.processor.StandardDOMEventAttributeTagProcessor
[THYMELEAF]             * [* {th:onkeypress,data-th-onkeypress}] [1000]: org.thymeleaf.standard.processor.StandardDOMEventAttributeTagProcessor
[THYMELEAF]             * [* {th:onstorage,data-th-onstorage}] [1000]: org.thymeleaf.standard.processor.StandardDOMEventAttributeTagProcessor
[THYMELEAF]             * [* {th:onhashchange,data-th-onhashchange}] [1000]: org.thymeleaf.standard.processor.StandardDOMEventAttributeTagProcessor
[THYMELEAF]             * [* {th:onresize,data-th-onresize}] [1000]: org.thymeleaf.standard.processor.StandardDOMEventAttributeTagProcessor
[THYMELEAF]             * [* {th:onseeked,data-th-onseeked}] [1000]: org.thymeleaf.standard.processor.StandardDOMEventAttributeTagProcessor
[THYMELEAF]             * [* {th:onbeforeprint,data-th-onbeforeprint}] [1000]: org.thymeleaf.standard.processor.StandardDOMEventAttributeTagProcessor
[THYMELEAF]             * [* {th:onkeydown,data-th-onkeydown}] [1000]: org.thymeleaf.standard.processor.StandardDOMEventAttributeTagProcessor
[THYMELEAF]             * [* {th:onstalled,data-th-onstalled}] [1000]: org.thymeleaf.standard.processor.StandardDOMEventAttributeTagProcessor
[THYMELEAF]             * [* {th:ondragenter,data-th-ondragenter}] [1000]: org.thymeleaf.standard.processor.StandardDOMEventAttributeTagProcessor
[THYMELEAF]             * [* {th:onabort,data-th-onabort}] [1000]: org.thymeleaf.standard.processor.StandardDOMEventAttributeTagProcessor
[THYMELEAF]             * [* {th:ontimeupdate,data-th-ontimeupdate}] [1000]: org.thymeleaf.standard.processor.StandardDOMEventAttributeTagProcessor
[THYMELEAF]             * [* {th:onoffline,data-th-onoffline}] [1000]: org.thymeleaf.standard.processor.StandardDOMEventAttributeTagProcessor
[THYMELEAF]             * [* {th:href,data-th-href}] [1000]: org.thymeleaf.standard.processor.StandardHrefTagProcessor
[THYMELEAF]             * [* {th:inline,data-th-inline}] [1000]: org.thymeleaf.standard.processor.StandardInlineHTMLTagProcessor
[THYMELEAF]             * [* {th:method,data-th-method}] [1000]: org.thymeleaf.standard.processor.StandardMethodTagProcessor
[THYMELEAF]             * [* {th:name,data-th-name}] [1000]: org.thymeleaf.standard.processor.StandardNonRemovableAttributeTagProcessor
[THYMELEAF]             * [* {th:type,data-th-type}] [1000]: org.thymeleaf.standard.processor.StandardNonRemovableAttributeTagProcessor
[THYMELEAF]             * [* {th:keytype,data-th-keytype}] [1000]: org.thymeleaf.standard.processor.StandardRemovableAttributeTagProcessor
[THYMELEAF]             * [* {th:axis,data-th-axis}] [1000]: org.thymeleaf.standard.processor.StandardRemovableAttributeTagProcessor
[THYMELEAF]             * [* {th:scrolling,data-th-scrolling}] [1000]: org.thymeleaf.standard.processor.StandardRemovableAttributeTagProcessor
[THYMELEAF]             * [* {th:for,data-th-for}] [1000]: org.thymeleaf.standard.processor.StandardRemovableAttributeTagProcessor
[THYMELEAF]             * [* {th:border,data-th-border}] [1000]: org.thymeleaf.standard.processor.StandardRemovableAttributeTagProcessor
[THYMELEAF]             * [* {th:audio,data-th-audio}] [1000]: org.thymeleaf.standard.processor.StandardRemovableAttributeTagProcessor
[THYMELEAF]             * [* {th:autocomplete,data-th-autocomplete}] [1000]: org.thymeleaf.standard.processor.StandardRemovableAttributeTagProcessor
[THYMELEAF]             * [* {th:lang,data-th-lang}] [1000]: org.thymeleaf.standard.processor.StandardRemovableAttributeTagProcessor
[THYMELEAF]             * [* {th:headers,data-th-headers}] [1000]: org.thymeleaf.standard.processor.StandardRemovableAttributeTagProcessor
[THYMELEAF]             * [* {th:wrap,data-th-wrap}] [1000]: org.thymeleaf.standard.processor.StandardRemovableAttributeTagProcessor
[THYMELEAF]             * [* {th:challenge,data-th-challenge}] [1000]: org.thymeleaf.standard.processor.StandardRemovableAttributeTagProcessor
[THYMELEAF]             * [* {th:formenctype,data-th-formenctype}] [1000]: org.thymeleaf.standard.processor.StandardRemovableAttributeTagProcessor
[THYMELEAF]             * [* {th:http-equiv,data-th-http-equiv}] [1000]: org.thymeleaf.standard.processor.StandardRemovableAttributeTagProcessor
[THYMELEAF]             * [* {th:frameborder,data-th-frameborder}] [1000]: org.thymeleaf.standard.processor.StandardRemovableAttributeTagProcessor
[THYMELEAF]             * [* {th:optimum,data-th-optimum}] [1000]: org.thymeleaf.standard.processor.StandardRemovableAttributeTagProcessor
[THYMELEAF]             * [* {th:id,data-th-id}] [1000]: org.thymeleaf.standard.processor.StandardRemovableAttributeTagProcessor
[THYMELEAF]             * [* {th:content,data-th-content}] [1000]: org.thymeleaf.standard.processor.StandardRemovableAttributeTagProcessor
[THYMELEAF]             * [* {th:contenteditable,data-th-contenteditable}] [1000]: org.thymeleaf.standard.processor.StandardRemovableAttributeTagProcessor
[THYMELEAF]             * [* {th:align,data-th-align}] [1000]: org.thymeleaf.standard.processor.StandardRemovableAttributeTagProcessor
[THYMELEAF]             * [* {th:width,data-th-width}] [1000]: org.thymeleaf.standard.processor.StandardRemovableAttributeTagProcessor
[THYMELEAF]             * [* {th:vspace,data-th-vspace}] [1000]: org.thymeleaf.standard.processor.StandardRemovableAttributeTagProcessor
[THYMELEAF]             * [* {th:srclang,data-th-srclang}] [1000]: org.thymeleaf.standard.processor.StandardRemovableAttributeTagProcessor
[THYMELEAF]             * [* {th:sandbox,data-th-sandbox}] [1000]: org.thymeleaf.standard.processor.StandardRemovableAttributeTagProcessor
[THYMELEAF]             * [* {th:codebase,data-th-codebase}] [1000]: org.thymeleaf.standard.processor.StandardRemovableAttributeTagProcessor
[THYMELEAF]             * [* {th:datetime,data-th-datetime}] [1000]: org.thymeleaf.standard.processor.StandardRemovableAttributeTagProcessor
[THYMELEAF]             * [* {th:placeholder,data-th-placeholder}] [1000]: org.thymeleaf.standard.processor.StandardRemovableAttributeTagProcessor
[THYMELEAF]             * [* {th:colspan,data-th-colspan}] [1000]: org.thymeleaf.standard.processor.StandardRemovableAttributeTagProcessor
[THYMELEAF]             * [* {th:rowspan,data-th-rowspan}] [1000]: org.thymeleaf.standard.processor.StandardRemovableAttributeTagProcessor
[THYMELEAF]             * [* {th:rules,data-th-rules}] [1000]: org.thymeleaf.standard.processor.StandardRemovableAttributeTagProcessor
[THYMELEAF]             * [* {th:draggable,data-th-draggable}] [1000]: org.thymeleaf.standard.processor.StandardRemovableAttributeTagProcessor
[THYMELEAF]             * [* {th:formtarget,data-th-formtarget}] [1000]: org.thymeleaf.standard.processor.StandardRemovableAttributeTagProcessor
[THYMELEAF]             * [* {th:dir,data-th-dir}] [1000]: org.thymeleaf.standard.processor.StandardRemovableAttributeTagProcessor
[THYMELEAF]             * [* {th:high,data-th-high}] [1000]: org.thymeleaf.standard.processor.StandardRemovableAttributeTagProcessor
[THYMELEAF]             * [* {th:enctype,data-th-enctype}] [1000]: org.thymeleaf.standard.processor.StandardRemovableAttributeTagProcessor
[THYMELEAF]             * [* {th:charset,data-th-charset}] [1000]: org.thymeleaf.standard.processor.StandardRemovableAttributeTagProcessor
[THYMELEAF]             * [* {th:cellpadding,data-th-cellpadding}] [1000]: org.thymeleaf.standard.processor.StandardRemovableAttributeTagProcessor
[THYMELEAF]             * [* {th:size,data-th-size}] [1000]: org.thymeleaf.standard.processor.StandardRemovableAttributeTagProcessor
[THYMELEAF]             * [* {th:frame,data-th-frame}] [1000]: org.thymeleaf.standard.processor.StandardRemovableAttributeTagProcessor
[THYMELEAF]             * [* {th:rows,data-th-rows}] [1000]: org.thymeleaf.standard.processor.StandardRemovableAttributeTagProcessor
[THYMELEAF]             * [* {th:scheme,data-th-scheme}] [1000]: org.thymeleaf.standard.processor.StandardRemovableAttributeTagProcessor
[THYMELEAF]             * [* {th:rel,data-th-rel}] [1000]: org.thymeleaf.standard.processor.StandardRemovableAttributeTagProcessor
[THYMELEAF]             * [* {th:start,data-th-start}] [1000]: org.thymeleaf.standard.processor.StandardRemovableAttributeTagProcessor
[THYMELEAF]             * [* {th:span,data-th-span}] [1000]: org.thymeleaf.standard.processor.StandardRemovableAttributeTagProcessor
[THYMELEAF]             * [* {th:classid,data-th-classid}] [1000]: org.thymeleaf.standard.processor.StandardRemovableAttributeTagProcessor
[THYMELEAF]             * [* {th:summary,data-th-summary}] [1000]: org.thymeleaf.standard.processor.StandardRemovableAttributeTagProcessor
[THYMELEAF]             * [* {th:min,data-th-min}] [1000]: org.thymeleaf.standard.processor.StandardRemovableAttributeTagProcessor
[THYMELEAF]             * [* {th:tabindex,data-th-tabindex}] [1000]: org.thymeleaf.standard.processor.StandardRemovableAttributeTagProcessor
[THYMELEAF]             * [* {th:valuetype,data-th-valuetype}] [1000]: org.thymeleaf.standard.processor.StandardRemovableAttributeTagProcessor
[THYMELEAF]             * [* {th:accesskey,data-th-accesskey}] [1000]: org.thymeleaf.standard.processor.StandardRemovableAttributeTagProcessor
[THYMELEAF]             * [* {th:data,data-th-data}] [1000]: org.thymeleaf.standard.processor.StandardRemovableAttributeTagProcessor
[THYMELEAF]             * [* {th:abbr,data-th-abbr}] [1000]: org.thymeleaf.standard.processor.StandardRemovableAttributeTagProcessor
[THYMELEAF]             * [* {th:label,data-th-label}] [1000]: org.thymeleaf.standard.processor.StandardRemovableAttributeTagProcessor
[THYMELEAF]             * [* {th:pattern,data-th-pattern}] [1000]: org.thymeleaf.standard.processor.StandardRemovableAttributeTagProcessor
[THYMELEAF]             * [* {th:accept,data-th-accept}] [1000]: org.thymeleaf.standard.processor.StandardRemovableAttributeTagProcessor
[THYMELEAF]             * [* {th:hreflang,data-th-hreflang}] [1000]: org.thymeleaf.standard.processor.StandardRemovableAttributeTagProcessor
[THYMELEAF]             * [* {th:rev,data-th-rev}] [1000]: org.thymeleaf.standard.processor.StandardRemovableAttributeTagProcessor
[THYMELEAF]             * [* {th:formmethod,data-th-formmethod}] [1000]: org.thymeleaf.standard.processor.StandardRemovableAttributeTagProcessor
[THYMELEAF]             * [* {th:cellspacing,data-th-cellspacing}] [1000]: org.thymeleaf.standard.processor.StandardRemovableAttributeTagProcessor
[THYMELEAF]             * [* {th:cite,data-th-cite}] [1000]: org.thymeleaf.standard.processor.StandardRemovableAttributeTagProcessor
[THYMELEAF]             * [* {th:radiogroup,data-th-radiogroup}] [1000]: org.thymeleaf.standard.processor.StandardRemovableAttributeTagProcessor
[THYMELEAF]             * [* {th:poster,data-th-poster}] [1000]: org.thymeleaf.standard.processor.StandardRemovableAttributeTagProcessor
[THYMELEAF]             * [* {th:bgcolor,data-th-bgcolor}] [1000]: org.thymeleaf.standard.processor.StandardRemovableAttributeTagProcessor
[THYMELEAF]             * [* {th:icon,data-th-icon}] [1000]: org.thymeleaf.standard.processor.StandardRemovableAttributeTagProcessor
[THYMELEAF]             * [* {th:longdesc,data-th-longdesc}] [1000]: org.thymeleaf.standard.processor.StandardRemovableAttributeTagProcessor
[THYMELEAF]             * [* {th:accept-charset,data-th-accept-charset}] [1000]: org.thymeleaf.standard.processor.StandardRemovableAttributeTagProcessor
[THYMELEAF]             * [* {th:contextmenu,data-th-contextmenu}] [1000]: org.thymeleaf.standard.processor.StandardRemovableAttributeTagProcessor
[THYMELEAF]             * [* {th:compact,data-th-compact}] [1000]: org.thymeleaf.standard.processor.StandardRemovableAttributeTagProcessor
[THYMELEAF]             * [* {th:standby,data-th-standby}] [1000]: org.thymeleaf.standard.processor.StandardRemovableAttributeTagProcessor
[THYMELEAF]             * [* {th:alt,data-th-alt}] [1000]: org.thymeleaf.standard.processor.StandardRemovableAttributeTagProcessor
[THYMELEAF]             * [* {th:title,data-th-title}] [1000]: org.thymeleaf.standard.processor.StandardRemovableAttributeTagProcessor
[THYMELEAF]             * [* {th:marginwidth,data-th-marginwidth}] [1000]: org.thymeleaf.standard.processor.StandardRemovableAttributeTagProcessor
[THYMELEAF]             * [* {th:cols,data-th-cols}] [1000]: org.thymeleaf.standard.processor.StandardRemovableAttributeTagProcessor
[THYMELEAF]             * [* {th:scope,data-th-scope}] [1000]: org.thymeleaf.standard.processor.StandardRemovableAttributeTagProcessor
[THYMELEAF]             * [* {th:step,data-th-step}] [1000]: org.thymeleaf.standard.processor.StandardRemovableAttributeTagProcessor
[THYMELEAF]             * [* {th:background,data-th-background}] [1000]: org.thymeleaf.standard.processor.StandardRemovableAttributeTagProcessor
[THYMELEAF]             * [* {th:style,data-th-style}] [1000]: org.thymeleaf.standard.processor.StandardRemovableAttributeTagProcessor
[THYMELEAF]             * [* {th:preload,data-th-preload}] [1000]: org.thymeleaf.standard.processor.StandardRemovableAttributeTagProcessor
[THYMELEAF]             * [* {th:height,data-th-height}] [1000]: org.thymeleaf.standard.processor.StandardRemovableAttributeTagProcessor
[THYMELEAF]             * [* {th:hspace,data-th-hspace}] [1000]: org.thymeleaf.standard.processor.StandardRemovableAttributeTagProcessor
[THYMELEAF]             * [* {th:spellcheck,data-th-spellcheck}] [1000]: org.thymeleaf.standard.processor.StandardRemovableAttributeTagProcessor
[THYMELEAF]             * [* {th:sizes,data-th-sizes}] [1000]: org.thymeleaf.standard.processor.StandardRemovableAttributeTagProcessor
[THYMELEAF]             * [* {th:archive,data-th-archive}] [1000]: org.thymeleaf.standard.processor.StandardRemovableAttributeTagProcessor
[THYMELEAF]             * [* {th:marginheight,data-th-marginheight}] [1000]: org.thymeleaf.standard.processor.StandardRemovableAttributeTagProcessor
[THYMELEAF]             * [* {th:max,data-th-max}] [1000]: org.thymeleaf.standard.processor.StandardRemovableAttributeTagProcessor
[THYMELEAF]             * [* {th:list,data-th-list}] [1000]: org.thymeleaf.standard.processor.StandardRemovableAttributeTagProcessor
[THYMELEAF]             * [* {th:low,data-th-low}] [1000]: org.thymeleaf.standard.processor.StandardRemovableAttributeTagProcessor
[THYMELEAF]             * [* {th:form,data-th-form}] [1000]: org.thymeleaf.standard.processor.StandardRemovableAttributeTagProcessor
[THYMELEAF]             * [* {th:class,data-th-class}] [1000]: org.thymeleaf.standard.processor.StandardRemovableAttributeTagProcessor
[THYMELEAF]             * [* {th:media,data-th-media}] [1000]: org.thymeleaf.standard.processor.StandardRemovableAttributeTagProcessor
[THYMELEAF]             * [* {th:kind,data-th-kind}] [1000]: org.thymeleaf.standard.processor.StandardRemovableAttributeTagProcessor
[THYMELEAF]             * [* {th:manifest,data-th-manifest}] [1000]: org.thymeleaf.standard.processor.StandardRemovableAttributeTagProcessor
[THYMELEAF]             * [* {th:target,data-th-target}] [1000]: org.thymeleaf.standard.processor.StandardRemovableAttributeTagProcessor
[THYMELEAF]             * [* {th:dropzone,data-th-dropzone}] [1000]: org.thymeleaf.standard.processor.StandardRemovableAttributeTagProcessor
[THYMELEAF]             * [* {th:maxlength,data-th-maxlength}] [1000]: org.thymeleaf.standard.processor.StandardRemovableAttributeTagProcessor
[THYMELEAF]             * [* {th:usemap,data-th-usemap}] [1000]: org.thymeleaf.standard.processor.StandardRemovableAttributeTagProcessor
[THYMELEAF]             * [* {th:codetype,data-th-codetype}] [1000]: org.thymeleaf.standard.processor.StandardRemovableAttributeTagProcessor
[THYMELEAF]             * [* {th:formaction,data-th-formaction}] [1000]: org.thymeleaf.standard.processor.StandardRemovableAttributeTagProcessor
[THYMELEAF]             * [* {th:src,data-th-src}] [1000]: org.thymeleaf.standard.processor.StandardSrcTagProcessor
[THYMELEAF]             * [* {th:value,data-th-value}] [1000]: org.thymeleaf.standard.processor.StandardValueTagProcessor
[THYMELEAF]             * [* {th:xmlbase,data-th-xmlbase}] [1000]: org.thymeleaf.standard.processor.StandardXmlBaseTagProcessor
[THYMELEAF]             * [* {th:xmllang,data-th-xmllang}] [1000]: org.thymeleaf.standard.processor.StandardXmlLangTagProcessor
[THYMELEAF]             * [* {xmlns:th}] [1000]: org.thymeleaf.standard.processor.StandardXmlNsTagProcessor
[THYMELEAF]             * [* {th:xmlspace,data-th-xmlspace}] [1000]: org.thymeleaf.standard.processor.StandardXmlSpaceTagProcessor
[THYMELEAF]             * [* {th:classappend,data-th-classappend}] [1100]: org.thymeleaf.standard.processor.StandardClassappendTagProcessor
[THYMELEAF]             * [* {th:styleappend,data-th-styleappend}] [1100]: org.thymeleaf.standard.processor.StandardStyleappendTagProcessor
[THYMELEAF]             * [* {th:text,data-th-text}] [1300]: org.thymeleaf.standard.processor.StandardTextTagProcessor
[THYMELEAF]             * [* {th:utext,data-th-utext}] [1400]: org.thymeleaf.standard.processor.StandardUtextTagProcessor
[THYMELEAF]             * [* {th:fragment,data-th-fragment}] [1500]: org.thymeleaf.standard.processor.StandardFragmentTagProcessor
[THYMELEAF]             * [* {th:assert,data-th-assert}] [1550]: org.thymeleaf.standard.processor.StandardAssertTagProcessor
[THYMELEAF]             * [* {th:remove,data-th-remove}] [1600]: org.thymeleaf.standard.processor.StandardRemoveTagProcessor
[THYMELEAF]             * [* {th:ref,data-th-ref}] [10000]: org.thymeleaf.standard.processor.StandardRefAttributeTagProcessor
[THYMELEAF]             * [{th:block,th-block} *] [100000]: org.thymeleaf.standard.processor.StandardBlockTagProcessor
[THYMELEAF]             * [* th:*] [2147483647]: org.thymeleaf.standard.processor.StandardDefaultAttributesTagProcessor
[THYMELEAF]         * Text Processors by [precedence]:
[THYMELEAF]             * [1000]: org.thymeleaf.standard.processor.StandardInliningTextProcessor
[THYMELEAF]         * DOCTYPE Processors by [precedence]:
[THYMELEAF]             * [1000]: org.thymeleaf.standard.processor.StandardTranslationDocTypeProcessor
[THYMELEAF]         * CDATA Section Processors by [precedence]:
[THYMELEAF]             * [1000]: org.thymeleaf.standard.processor.StandardInliningCDATASectionProcessor
[THYMELEAF]         * Comment Processors by [precedence]:
[THYMELEAF]             * [1000]: org.thymeleaf.standard.processor.StandardInliningCommentProcessor
[THYMELEAF]             * [1100]: org.thymeleaf.standard.processor.StandardConditionalCommentProcessor
[THYMELEAF]     * Processors for Template Mode: XML
[THYMELEAF]         * Element Tag Processors by [matching element and attribute name] [precedence]:
[THYMELEAF]             * [* {th:include}] [100]: org.thymeleaf.standard.processor.StandardIncludeTagProcessor
[THYMELEAF]             * [* {th:insert}] [100]: org.thymeleaf.standard.processor.StandardInsertTagProcessor
[THYMELEAF]             * [* {th:replace}] [100]: org.thymeleaf.standard.processor.StandardReplaceTagProcessor
[THYMELEAF]             * [* {th:each}] [200]: com.intuit.karate.template.KarateEachTagProcessor
[THYMELEAF]             * [* {th:switch}] [250]: org.thymeleaf.standard.processor.StandardSwitchTagProcessor
[THYMELEAF]             * [* {th:case}] [275]: org.thymeleaf.standard.processor.StandardCaseTagProcessor
[THYMELEAF]             * [* {th:if}] [300]: org.thymeleaf.standard.processor.StandardIfTagProcessor
[THYMELEAF]             * [* {th:unless}] [400]: org.thymeleaf.standard.processor.StandardUnlessTagProcessor
[THYMELEAF]             * [* {th:object}] [500]: org.thymeleaf.standard.processor.StandardObjectTagProcessor
[THYMELEAF]             * [* {th:with}] [600]: com.intuit.karate.template.KarateWithTagProcessor
[THYMELEAF]             * [* {th:attr}] [700]: com.intuit.karate.template.KarateAttributeTagProcessor.KarateAttrTagProcessor
[THYMELEAF]             * [* {th:attrappend}] [900]: com.intuit.karate.template.KarateAttributeTagProcessor.KarateAttrappendTagProcessor
[THYMELEAF]             * [* {th:attrprepend}] [900]: com.intuit.karate.template.KarateAttributeTagProcessor.KarateAttrprependTagProcessor
[THYMELEAF]             * [* {th:inline}] [1000]: org.thymeleaf.standard.processor.StandardInlineXMLTagProcessor
[THYMELEAF]             * [* {xmlns:th}] [1000]: org.thymeleaf.standard.processor.StandardXmlNsTagProcessor
[THYMELEAF]             * [* {th:text}] [1300]: org.thymeleaf.standard.processor.StandardTextTagProcessor
[THYMELEAF]             * [* {th:utext}] [1400]: org.thymeleaf.standard.processor.StandardUtextTagProcessor
[THYMELEAF]             * [* {th:fragment}] [1500]: org.thymeleaf.standard.processor.StandardFragmentTagProcessor
[THYMELEAF]             * [* {th:assert}] [1550]: org.thymeleaf.standard.processor.StandardAssertTagProcessor
[THYMELEAF]             * [* {th:remove}] [1600]: org.thymeleaf.standard.processor.StandardRemoveTagProcessor
[THYMELEAF]             * [* {th:ref}] [10000]: org.thymeleaf.standard.processor.StandardRefAttributeTagProcessor
[THYMELEAF]             * [{th:block} *] [100000]: org.thymeleaf.standard.processor.StandardBlockTagProcessor
[THYMELEAF]             * [* th:*] [2147483647]: org.thymeleaf.standard.processor.StandardDefaultAttributesTagProcessor
[THYMELEAF]         * Text Processors by [precedence]:
[THYMELEAF]             * [1000]: org.thymeleaf.standard.processor.StandardInliningTextProcessor
[THYMELEAF]         * CDATA Section Processors by [precedence]:
[THYMELEAF]             * [1000]: org.thymeleaf.standard.processor.StandardInliningCDATASectionProcessor
[THYMELEAF]         * Comment Processors by [precedence]:
[THYMELEAF]             * [1000]: org.thymeleaf.standard.processor.StandardInliningCommentProcessor
[THYMELEAF]     * Processors for Template Mode: TEXT
[THYMELEAF]         * Element Tag Processors by [matching element and attribute name] [precedence]:
[THYMELEAF]             * [* {th:insert}] [100]: org.thymeleaf.standard.processor.StandardInsertTagProcessor
[THYMELEAF]             * [* {th:replace}] [100]: org.thymeleaf.standard.processor.StandardReplaceTagProcessor
[THYMELEAF]             * [* {th:each}] [200]: com.intuit.karate.template.KarateEachTagProcessor
[THYMELEAF]             * [* {th:switch}] [250]: org.thymeleaf.standard.processor.StandardSwitchTagProcessor
[THYMELEAF]             * [* {th:case}] [275]: org.thymeleaf.standard.processor.StandardCaseTagProcessor
[THYMELEAF]             * [* {th:if}] [300]: org.thymeleaf.standard.processor.StandardIfTagProcessor
[THYMELEAF]             * [* {th:unless}] [400]: org.thymeleaf.standard.processor.StandardUnlessTagProcessor
[THYMELEAF]             * [* {th:object}] [500]: org.thymeleaf.standard.processor.StandardObjectTagProcessor
[THYMELEAF]             * [* {th:with}] [600]: com.intuit.karate.template.KarateWithTagProcessor
[THYMELEAF]             * [* {th:inline}] [1000]: org.thymeleaf.standard.processor.StandardInlineTextualTagProcessor
[THYMELEAF]             * [* {th:text}] [1300]: org.thymeleaf.standard.processor.StandardTextTagProcessor
[THYMELEAF]             * [* {th:utext}] [1400]: org.thymeleaf.standard.processor.StandardUtextTagProcessor
[THYMELEAF]             * [* {th:assert}] [1550]: org.thymeleaf.standard.processor.StandardAssertTagProcessor
[THYMELEAF]             * [* {th:remove}] [1600]: org.thymeleaf.standard.processor.StandardRemoveTagProcessor
[THYMELEAF]             * [{th:block} *] [100000]: org.thymeleaf.standard.processor.StandardBlockTagProcessor
[THYMELEAF]             * [* 100000] [org.thymeleaf.standard.processor.StandardBlockTagProcessor]: {}
[THYMELEAF]         * Text Processors by [precedence]:
[THYMELEAF]             * [1000]: org.thymeleaf.standard.processor.StandardInliningTextProcessor
[THYMELEAF]     * Processors for Template Mode: JAVASCRIPT
[THYMELEAF]         * Element Tag Processors by [matching element and attribute name] [precedence]:
[THYMELEAF]             * [* {th:insert}] [100]: org.thymeleaf.standard.processor.StandardInsertTagProcessor
[THYMELEAF]             * [* {th:replace}] [100]: org.thymeleaf.standard.processor.StandardReplaceTagProcessor
[THYMELEAF]             * [* {th:each}] [200]: com.intuit.karate.template.KarateEachTagProcessor
[THYMELEAF]             * [* {th:switch}] [250]: org.thymeleaf.standard.processor.StandardSwitchTagProcessor
[THYMELEAF]             * [* {th:case}] [275]: org.thymeleaf.standard.processor.StandardCaseTagProcessor
[THYMELEAF]             * [* {th:if}] [300]: org.thymeleaf.standard.processor.StandardIfTagProcessor
[THYMELEAF]             * [* {th:unless}] [400]: org.thymeleaf.standard.processor.StandardUnlessTagProcessor
[THYMELEAF]             * [* {th:object}] [500]: org.thymeleaf.standard.processor.StandardObjectTagProcessor
[THYMELEAF]             * [* {th:with}] [600]: com.intuit.karate.template.KarateWithTagProcessor
[THYMELEAF]             * [* {th:inline}] [1000]: org.thymeleaf.standard.processor.StandardInlineTextualTagProcessor
[THYMELEAF]             * [* {th:text}] [1300]: org.thymeleaf.standard.processor.StandardTextTagProcessor
[THYMELEAF]             * [* {th:utext}] [1400]: org.thymeleaf.standard.processor.StandardUtextTagProcessor
[THYMELEAF]             * [* {th:assert}] [1550]: org.thymeleaf.standard.processor.StandardAssertTagProcessor
[THYMELEAF]             * [* {th:remove}] [1600]: org.thymeleaf.standard.processor.StandardRemoveTagProcessor
[THYMELEAF]             * [{th:block} *] [100000]: org.thymeleaf.standard.processor.StandardBlockTagProcessor
[THYMELEAF]             * [* 100000] [org.thymeleaf.standard.processor.StandardBlockTagProcessor]: {}
[THYMELEAF]         * Text Processors by [precedence]:
[THYMELEAF]             * [1000]: org.thymeleaf.standard.processor.StandardInliningTextProcessor
[THYMELEAF]     * Processors for Template Mode: CSS
[THYMELEAF]         * Element Tag Processors by [matching element and attribute name] [precedence]:
[THYMELEAF]             * [* {th:insert}] [100]: org.thymeleaf.standard.processor.StandardInsertTagProcessor
[THYMELEAF]             * [* {th:replace}] [100]: org.thymeleaf.standard.processor.StandardReplaceTagProcessor
[THYMELEAF]             * [* {th:each}] [200]: com.intuit.karate.template.KarateEachTagProcessor
[THYMELEAF]             * [* {th:switch}] [250]: org.thymeleaf.standard.processor.StandardSwitchTagProcessor
[THYMELEAF]             * [* {th:case}] [275]: org.thymeleaf.standard.processor.StandardCaseTagProcessor
[THYMELEAF]             * [* {th:if}] [300]: org.thymeleaf.standard.processor.StandardIfTagProcessor
[THYMELEAF]             * [* {th:unless}] [400]: org.thymeleaf.standard.processor.StandardUnlessTagProcessor
[THYMELEAF]             * [* {th:object}] [500]: org.thymeleaf.standard.processor.StandardObjectTagProcessor
[THYMELEAF]             * [* {th:with}] [600]: com.intuit.karate.template.KarateWithTagProcessor
[THYMELEAF]             * [* {th:inline}] [1000]: org.thymeleaf.standard.processor.StandardInlineTextualTagProcessor
[THYMELEAF]             * [* {th:text}] [1300]: org.thymeleaf.standard.processor.StandardTextTagProcessor
[THYMELEAF]             * [* {th:utext}] [1400]: org.thymeleaf.standard.processor.StandardUtextTagProcessor
[THYMELEAF]             * [* {th:assert}] [1550]: org.thymeleaf.standard.processor.StandardAssertTagProcessor
[THYMELEAF]             * [* {th:remove}] [1600]: org.thymeleaf.standard.processor.StandardRemoveTagProcessor
[THYMELEAF]             * [* 100000] [org.thymeleaf.standard.processor.StandardBlockTagProcessor]: {}
[THYMELEAF]             * [{th:block} *] [100000]: org.thymeleaf.standard.processor.StandardBlockTagProcessor
[THYMELEAF]         * Text Processors by [precedence]:
[THYMELEAF]             * [1000]: org.thymeleaf.standard.processor.StandardInliningTextProcessor
[THYMELEAF]     * Expression Objects:
[THYMELEAF]         * #ctx
[THYMELEAF]         * #root
[THYMELEAF]         * #vars
[THYMELEAF]         * #object
[THYMELEAF]         * #locale
[THYMELEAF]         * #conversions
[THYMELEAF]         * #uris
[THYMELEAF]         * #temporals
[THYMELEAF]         * #calendars
[THYMELEAF]         * #dates
[THYMELEAF]         * #bools
[THYMELEAF]         * #numbers
[THYMELEAF]         * #objects
[THYMELEAF]         * #strings
[THYMELEAF]         * #arrays
[THYMELEAF]         * #lists
[THYMELEAF]         * #sets
[THYMELEAF]         * #maps
[THYMELEAF]         * #aggregates
[THYMELEAF]         * #messages
[THYMELEAF]         * #ids
[THYMELEAF]         * #execInfo
[THYMELEAF]         * #request
[THYMELEAF]         * #response
[THYMELEAF]         * #session
[THYMELEAF]         * #servletContext
[THYMELEAF]     * Execution Attributes:
[THYMELEAF]         * "StandardExpressionParser": com.intuit.karate.template.KarateStandardDialect@27dc335a
[THYMELEAF]         * "StandardJavaScriptSerializer": org.thymeleaf.standard.serializer.StandardJavaScriptSerializer@7db162f2
[THYMELEAF]         * "StandardCSSSerializer": org.thymeleaf.standard.serializer.StandardCSSSerializer@64f3991e
[THYMELEAF]         * "StandardVariableExpressionEvaluator": com.intuit.karate.template.KarateStandardDialect@27dc335a
[THYMELEAF]         * "StandardConversionService": org.thymeleaf.standard.expression.StandardConversionService@39e3ea78
[THYMELEAF] * Dialect [2 of 2]: karate (com.intuit.karate.template.KarateScriptDialect)
[THYMELEAF]     * Prefix: "ka"
[THYMELEAF]     * Processors for Template Mode: HTML
[THYMELEAF]         * Element Tag Processors by [matching element and attribute name] [precedence]:
[THYMELEAF]             * [* {src}] [1000]: com.intuit.karate.template.KaScriptAttrProcessor
[THYMELEAF]         * Element Model Processors by [matching element and attribute name] [precedence]:
[THYMELEAF]             * [{script} {ka:scope,data-ka-scope}] [1000]: com.intuit.karate.template.KaScriptElemProcessor
[THYMELEAF]             * [* {ka:set,data-ka-set}] [1000]: com.intuit.karate.template.KaSetElemProcessor
[THYMELEAF] TEMPLATE ENGINE CONFIGURED OK
11:17:37.319 [main] DEBUG org.thymeleaf.TemplateEngine -- [THYMELEAF] TEMPLATE ENGINE INITIALIZED
---------------------------------------------------------
feature: classpath:features/auth/register-excel.feature
scenarios:  1 | passed:  1 | failed:  0 | time: 3.6297
---------------------------------------------------------

Karate version: 1.4.1
======================================================
elapsed:   5.58 | threads:    1 | thread time: 3.63 
features:     1 | skipped:    0 | efficiency: 0.65
scenarios:    1 | passed:     1 | failed: 0
======================================================
11:17:38.225 [main] DEBUG org.thymeleaf.TemplateEngine -- [THYMELEAF] INITIALIZING TEMPLATE ENGINE
11:17:38.237 [main] DEBUG org.thymeleaf.TemplateEngine.CONFIG -- Initializing Thymeleaf Template engine configuration...
[THYMELEAF] TEMPLATE ENGINE CONFIGURATION:
[THYMELEAF] * Thymeleaf version: 3.1.2.RELEASE (built 2023-07-30T19:25:50+0000)
[THYMELEAF] * Cache Manager implementation: org.thymeleaf.cache.StandardCacheManager
[THYMELEAF] * Template resolvers:
[THYMELEAF]     * [1] com.intuit.karate.template.ResourceHtmlTemplateResolver
[THYMELEAF] * Message resolvers:
[THYMELEAF]     * org.thymeleaf.messageresolver.StandardMessageResolver
[THYMELEAF] * Link builders:
[THYMELEAF]     * org.thymeleaf.linkbuilder.StandardLinkBuilder
[THYMELEAF] * Dialect [1 of 2]: Standard (com.intuit.karate.template.KarateStandardDialect)
[THYMELEAF]     * Prefix: "th"
[THYMELEAF]     * Processors for Template Mode: HTML
[THYMELEAF]         * Element Tag Processors by [matching element and attribute name] [precedence]:
[THYMELEAF]             * [* {th:include,data-th-include}] [100]: org.thymeleaf.standard.processor.StandardIncludeTagProcessor
[THYMELEAF]             * [* {th:insert,data-th-insert}] [100]: org.thymeleaf.standard.processor.StandardInsertTagProcessor
[THYMELEAF]             * [* {th:replace,data-th-replace}] [100]: org.thymeleaf.standard.processor.StandardReplaceTagProcessor
[THYMELEAF]             * [* {th:each,data-th-each}] [200]: com.intuit.karate.template.KarateEachTagProcessor
[THYMELEAF]             * [* {th:switch,data-th-switch}] [250]: org.thymeleaf.standard.processor.StandardSwitchTagProcessor
[THYMELEAF]             * [* {th:case,data-th-case}] [275]: org.thymeleaf.standard.processor.StandardCaseTagProcessor
[THYMELEAF]             * [* {th:if,data-th-if}] [300]: org.thymeleaf.standard.processor.StandardIfTagProcessor
[THYMELEAF]             * [* {th:unless,data-th-unless}] [400]: org.thymeleaf.standard.processor.StandardUnlessTagProcessor
[THYMELEAF]             * [* {th:object,data-th-object}] [500]: org.thymeleaf.standard.processor.StandardObjectTagProcessor
[THYMELEAF]             * [* {th:with,data-th-with}] [600]: com.intuit.karate.template.KarateWithTagProcessor
[THYMELEAF]             * [* {th:attr,data-th-attr}] [700]: com.intuit.karate.template.KarateAttributeTagProcessor.KarateAttrTagProcessor
[THYMELEAF]             * [* {th:attrappend,data-th-attrappend}] [900]: com.intuit.karate.template.KarateAttributeTagProcessor.KarateAttrappendTagProcessor
[THYMELEAF]             * [* {th:attrprepend,data-th-attrprepend}] [900]: com.intuit.karate.template.KarateAttributeTagProcessor.KarateAttrprependTagProcessor
[THYMELEAF]             * [* {th:alt-title,data-th-alt-title}] [990]: org.thymeleaf.standard.processor.StandardAltTitleTagProcessor
[THYMELEAF]             * [* {th:lang-xmllang,data-th-lang-xmllang}] [990]: org.thymeleaf.standard.processor.StandardLangXmlLangTagProcessor
[THYMELEAF]             * [* {th:action,data-th-action}] [1000]: org.thymeleaf.standard.processor.StandardActionTagProcessor
[THYMELEAF]             * [* {th:async,data-th-async}] [1000]: org.thymeleaf.standard.processor.StandardConditionalFixedValueTagProcessor
[THYMELEAF]             * [* {th:defer,data-th-defer}] [1000]: org.thymeleaf.standard.processor.StandardConditionalFixedValueTagProcessor
[THYMELEAF]             * [* {th:checked,data-th-checked}] [1000]: org.thymeleaf.standard.processor.StandardConditionalFixedValueTagProcessor
[THYMELEAF]             * [* {th:selected,data-th-selected}] [1000]: org.thymeleaf.standard.processor.StandardConditionalFixedValueTagProcessor
[THYMELEAF]             * [* {th:declare,data-th-declare}] [1000]: org.thymeleaf.standard.processor.StandardConditionalFixedValueTagProcessor
[THYMELEAF]             * [* {th:open,data-th-open}] [1000]: org.thymeleaf.standard.processor.StandardConditionalFixedValueTagProcessor
[THYMELEAF]             * [* {th:hidden,data-th-hidden}] [1000]: org.thymeleaf.standard.processor.StandardConditionalFixedValueTagProcessor
[THYMELEAF]             * [* {th:pubdate,data-th-pubdate}] [1000]: org.thymeleaf.standard.processor.StandardConditionalFixedValueTagProcessor
[THYMELEAF]             * [* {th:formnovalidate,data-th-formnovalidate}] [1000]: org.thymeleaf.standard.processor.StandardConditionalFixedValueTagProcessor
[THYMELEAF]             * [* {th:default,data-th-default}] [1000]: org.thymeleaf.standard.processor.StandardConditionalFixedValueTagProcessor
[THYMELEAF]             * [* {th:nowrap,data-th-nowrap}] [1000]: org.thymeleaf.standard.processor.StandardConditionalFixedValueTagProcessor
[THYMELEAF]             * [* {th:disabled,data-th-disabled}] [1000]: org.thymeleaf.standard.processor.StandardConditionalFixedValueTagProcessor
[THYMELEAF]             * [* {th:loop,data-th-loop}] [1000]: org.thymeleaf.standard.processor.StandardConditionalFixedValueTagProcessor
[THYMELEAF]             * [* {th:autofocus,data-th-autofocus}] [1000]: org.thymeleaf.standard.processor.StandardConditionalFixedValueTagProcessor
[THYMELEAF]             * [* {th:reversed,data-th-reversed}] [1000]: org.thymeleaf.standard.processor.StandardConditionalFixedValueTagProcessor
[THYMELEAF]             * [* {th:novalidate,data-th-novalidate}] [1000]: org.thymeleaf.standard.processor.StandardConditionalFixedValueTagProcessor
[THYMELEAF]             * [* {th:scoped,data-th-scoped}] [1000]: org.thymeleaf.standard.processor.StandardConditionalFixedValueTagProcessor
[THYMELEAF]             * [* {th:seamless,data-th-seamless}] [1000]: org.thymeleaf.standard.processor.StandardConditionalFixedValueTagProcessor
[THYMELEAF]             * [* {th:controls,data-th-controls}] [1000]: org.thymeleaf.standard.processor.StandardConditionalFixedValueTagProcessor
[THYMELEAF]             * [* {th:readonly,data-th-readonly}] [1000]: org.thymeleaf.standard.processor.StandardConditionalFixedValueTagProcessor
[THYMELEAF]             * [* {th:required,data-th-required}] [1000]: org.thymeleaf.standard.processor.StandardConditionalFixedValueTagProcessor
[THYMELEAF]             * [* {th:autoplay,data-th-autoplay}] [1000]: org.thymeleaf.standard.processor.StandardConditionalFixedValueTagProcessor
[THYMELEAF]             * [* {th:ismap,data-th-ismap}] [1000]: org.thymeleaf.standard.processor.StandardConditionalFixedValueTagProcessor
[THYMELEAF]             * [* {th:multiple,data-th-multiple}] [1000]: org.thymeleaf.standard.processor.StandardConditionalFixedValueTagProcessor
[THYMELEAF]             * [* {th:onmouseover,data-th-onmouseover}] [1000]: org.thymeleaf.standard.processor.StandardDOMEventAttributeTagProcessor
[THYMELEAF]             * [* {th:ononline,data-th-ononline}] [1000]: org.thymeleaf.standard.processor.StandardDOMEventAttributeTagProcessor
[THYMELEAF]             * [* {th:ontimeupdate,data-th-ontimeupdate}] [1000]: org.thymeleaf.standard.processor.StandardDOMEventAttributeTagProcessor
[THYMELEAF]             * [* {th:ondragstart,data-th-ondragstart}] [1000]: org.thymeleaf.standard.processor.StandardDOMEventAttributeTagProcessor
[THYMELEAF]             * [* {th:onloadstart,data-th-onloadstart}] [1000]: org.thymeleaf.standard.processor.StandardDOMEventAttributeTagProcessor
[THYMELEAF]             * [* {th:onstalled,data-th-onstalled}] [1000]: org.thymeleaf.standard.processor.StandardDOMEventAttributeTagProcessor
[THYMELEAF]             * [* {th:onseeked,data-th-onseeked}] [1000]: org.thymeleaf.standard.processor.StandardDOMEventAttributeTagProcessor
[THYMELEAF]             * [* {th:onprogress,data-th-onprogress}] [1000]: org.thymeleaf.standard.processor.StandardDOMEventAttributeTagProcessor
[THYMELEAF]             * [* {th:onemptied,data-th-onemptied}] [1000]: org.thymeleaf.standard.processor.StandardDOMEventAttributeTagProcessor
[THYMELEAF]             * [* {th:onselect,data-th-onselect}] [1000]: org.thymeleaf.standard.processor.StandardDOMEventAttributeTagProcessor
[THYMELEAF]             * [* {th:ondragleave,data-th-ondragleave}] [1000]: org.thymeleaf.standard.processor.StandardDOMEventAttributeTagProcessor
[THYMELEAF]             * [* {th:ondrag,data-th-ondrag}] [1000]: org.thymeleaf.standard.processor.StandardDOMEventAttributeTagProcessor
[THYMELEAF]             * [* {th:onmouseout,data-th-onmouseout}] [1000]: org.thymeleaf.standard.processor.StandardDOMEventAttributeTagProcessor
[THYMELEAF]             * [* {th:onafterprint,data-th-onafterprint}] [1000]: org.thymeleaf.standard.processor.StandardDOMEventAttributeTagProcessor
[THYMELEAF]             * [* {th:onplay,data-th-onplay}] [1000]: org.thymeleaf.standard.processor.StandardDOMEventAttributeTagProcessor
[THYMELEAF]             * [* {th:onundo,data-th-onundo}] [1000]: org.thymeleaf.standard.processor.StandardDOMEventAttributeTagProcessor
[THYMELEAF]             * [* {th:oncontextmenu,data-th-oncontextmenu}] [1000]: org.thymeleaf.standard.processor.StandardDOMEventAttributeTagProcessor
[THYMELEAF]             * [* {th:onended,data-th-onended}] [1000]: org.thymeleaf.standard.processor.StandardDOMEventAttributeTagProcessor
[THYMELEAF]             * [* {th:oncanplay,data-th-oncanplay}] [1000]: org.thymeleaf.standard.processor.StandardDOMEventAttributeTagProcessor
[THYMELEAF]             * [* {th:onbeforeunload,data-th-onbeforeunload}] [1000]: org.thymeleaf.standard.processor.StandardDOMEventAttributeTagProcessor
[THYMELEAF]             * [* {th:onmousedown,data-th-onmousedown}] [1000]: org.thymeleaf.standard.processor.StandardDOMEventAttributeTagProcessor
[THYMELEAF]             * [* {th:onforminput,data-th-onforminput}] [1000]: org.thymeleaf.standard.processor.StandardDOMEventAttributeTagProcessor
[THYMELEAF]             * [* {th:onsubmit,data-th-onsubmit}] [1000]: org.thymeleaf.standard.processor.StandardDOMEventAttributeTagProcessor
[THYMELEAF]             * [* {th:ondrop,data-th-ondrop}] [1000]: org.thymeleaf.standard.processor.StandardDOMEventAttributeTagProcessor
[THYMELEAF]             * [* {th:onseeking,data-th-onseeking}] [1000]: org.thymeleaf.standard.processor.StandardDOMEventAttributeTagProcessor
[THYMELEAF]             * [* {th:onkeypress,data-th-onkeypress}] [1000]: org.thymeleaf.standard.processor.StandardDOMEventAttributeTagProcessor
[THYMELEAF]             * [* {th:onstorage,data-th-onstorage}] [1000]: org.thymeleaf.standard.processor.StandardDOMEventAttributeTagProcessor
[THYMELEAF]             * [* {th:ondragend,data-th-ondragend}] [1000]: org.thymeleaf.standard.processor.StandardDOMEventAttributeTagProcessor
[THYMELEAF]             * [* {th:onratechange,data-th-onratechange}] [1000]: org.thymeleaf.standard.processor.StandardDOMEventAttributeTagProcessor
[THYMELEAF]             * [* {th:onplaying,data-th-onplaying}] [1000]: org.thymeleaf.standard.processor.StandardDOMEventAttributeTagProcessor
[THYMELEAF]             * [* {th:oncanplaythrough,data-th-oncanplaythrough}] [1000]: org.thymeleaf.standard.processor.StandardDOMEventAttributeTagProcessor
[THYMELEAF]             * [* {th:oninvalid,data-th-oninvalid}] [1000]: org.thymeleaf.standard.processor.StandardDOMEventAttributeTagProcessor
[THYMELEAF]             * [* {th:ondragover,data-th-ondragover}] [1000]: org.thymeleaf.standard.processor.StandardDOMEventAttributeTagProcessor
[THYMELEAF]             * [* {th:onerror,data-th-onerror}] [1000]: org.thymeleaf.standard.processor.StandardDOMEventAttributeTagProcessor
[THYMELEAF]             * [* {th:ondblclick,data-th-ondblclick}] [1000]: org.thymeleaf.standard.processor.StandardDOMEventAttributeTagProcessor
[THYMELEAF]             * [* {th:onloadeddata,data-th-onloadeddata}] [1000]: org.thymeleaf.standard.processor.StandardDOMEventAttributeTagProcessor
[THYMELEAF]             * [* {th:onkeydown,data-th-onkeydown}] [1000]: org.thymeleaf.standard.processor.StandardDOMEventAttributeTagProcessor
[THYMELEAF]             * [* {th:onkeyup,data-th-onkeyup}] [1000]: org.thymeleaf.standard.processor.StandardDOMEventAttributeTagProcessor
[THYMELEAF]             * [* {th:onpopstate,data-th-onpopstate}] [1000]: org.thymeleaf.standard.processor.StandardDOMEventAttributeTagProcessor
[THYMELEAF]             * [* {th:onmousemove,data-th-onmousemove}] [1000]: org.thymeleaf.standard.processor.StandardDOMEventAttributeTagProcessor
[THYMELEAF]             * [* {th:onsuspend,data-th-onsuspend}] [1000]: org.thymeleaf.standard.processor.StandardDOMEventAttributeTagProcessor
[THYMELEAF]             * [* {th:onmouseup,data-th-onmouseup}] [1000]: org.thymeleaf.standard.processor.StandardDOMEventAttributeTagProcessor
[THYMELEAF]             * [* {th:onbeforeprint,data-th-onbeforeprint}] [1000]: org.thymeleaf.standard.processor.StandardDOMEventAttributeTagProcessor
[THYMELEAF]             * [* {th:onchange,data-th-onchange}] [1000]: org.thymeleaf.standard.processor.StandardDOMEventAttributeTagProcessor
[THYMELEAF]             * [* {th:onoffline,data-th-onoffline}] [1000]: org.thymeleaf.standard.processor.StandardDOMEventAttributeTagProcessor
[THYMELEAF]             * [* {th:onwaiting,data-th-onwaiting}] [1000]: org.thymeleaf.standard.processor.StandardDOMEventAttributeTagProcessor
[THYMELEAF]             * [* {th:onvolumechange,data-th-onvolumechange}] [1000]: org.thymeleaf.standard.processor.StandardDOMEventAttributeTagProcessor
[THYMELEAF]             * [* {th:ondragenter,data-th-ondragenter}] [1000]: org.thymeleaf.standard.processor.StandardDOMEventAttributeTagProcessor
[THYMELEAF]             * [* {th:onblur,data-th-onblur}] [1000]: org.thymeleaf.standard.processor.StandardDOMEventAttributeTagProcessor
[THYMELEAF]             * [* {th:onscroll,data-th-onscroll}] [1000]: org.thymeleaf.standard.processor.StandardDOMEventAttributeTagProcessor
[THYMELEAF]             * [* {th:onhashchange,data-th-onhashchange}] [1000]: org.thymeleaf.standard.processor.StandardDOMEventAttributeTagProcessor
[THYMELEAF]             * [* {th:onload,data-th-onload}] [1000]: org.thymeleaf.standard.processor.StandardDOMEventAttributeTagProcessor
[THYMELEAF]             * [* {th:onreset,data-th-onreset}] [1000]: org.thymeleaf.standard.processor.StandardDOMEventAttributeTagProcessor
[THYMELEAF]             * [* {th:onloadedmetadata,data-th-onloadedmetadata}] [1000]: org.thymeleaf.standard.processor.StandardDOMEventAttributeTagProcessor
[THYMELEAF]             * [* {th:onfocus,data-th-onfocus}] [1000]: org.thymeleaf.standard.processor.StandardDOMEventAttributeTagProcessor
[THYMELEAF]             * [* {th:onshow,data-th-onshow}] [1000]: org.thymeleaf.standard.processor.StandardDOMEventAttributeTagProcessor
[THYMELEAF]             * [* {th:onmousewheel,data-th-onmousewheel}] [1000]: org.thymeleaf.standard.processor.StandardDOMEventAttributeTagProcessor
[THYMELEAF]             * [* {th:onformchange,data-th-onformchange}] [1000]: org.thymeleaf.standard.processor.StandardDOMEventAttributeTagProcessor
[THYMELEAF]             * [* {th:onpause,data-th-onpause}] [1000]: org.thymeleaf.standard.processor.StandardDOMEventAttributeTagProcessor
[THYMELEAF]             * [* {th:oninput,data-th-oninput}] [1000]: org.thymeleaf.standard.processor.StandardDOMEventAttributeTagProcessor
[THYMELEAF]             * [* {th:onresize,data-th-onresize}] [1000]: org.thymeleaf.standard.processor.StandardDOMEventAttributeTagProcessor
[THYMELEAF]             * [* {th:onunload,data-th-onunload}] [1000]: org.thymeleaf.standard.processor.StandardDOMEventAttributeTagProcessor
[THYMELEAF]             * [* {th:onclick,data-th-onclick}] [1000]: org.thymeleaf.standard.processor.StandardDOMEventAttributeTagProcessor
[THYMELEAF]             * [* {th:onmessage,data-th-onmessage}] [1000]: org.thymeleaf.standard.processor.StandardDOMEventAttributeTagProcessor
[THYMELEAF]             * [* {th:onabort,data-th-onabort}] [1000]: org.thymeleaf.standard.processor.StandardDOMEventAttributeTagProcessor
[THYMELEAF]             * [* {th:ondurationchange,data-th-ondurationchange}] [1000]: org.thymeleaf.standard.processor.StandardDOMEventAttributeTagProcessor
[THYMELEAF]             * [* {th:onreadystatechange,data-th-onreadystatechange}] [1000]: org.thymeleaf.standard.processor.StandardDOMEventAttributeTagProcessor
[THYMELEAF]             * [* {th:onredo,data-th-onredo}] [1000]: org.thymeleaf.standard.processor.StandardDOMEventAttributeTagProcessor
[THYMELEAF]             * [* {th:href,data-th-href}] [1000]: org.thymeleaf.standard.processor.StandardHrefTagProcessor
[THYMELEAF]             * [* {th:inline,data-th-inline}] [1000]: org.thymeleaf.standard.processor.StandardInlineHTMLTagProcessor
[THYMELEAF]             * [* {th:method,data-th-method}] [1000]: org.thymeleaf.standard.processor.StandardMethodTagProcessor
[THYMELEAF]             * [* {th:name,data-th-name}] [1000]: org.thymeleaf.standard.processor.StandardNonRemovableAttributeTagProcessor
[THYMELEAF]             * [* {th:type,data-th-type}] [1000]: org.thymeleaf.standard.processor.StandardNonRemovableAttributeTagProcessor
[THYMELEAF]             * [* {th:for,data-th-for}] [1000]: org.thymeleaf.standard.processor.StandardRemovableAttributeTagProcessor
[THYMELEAF]             * [* {th:sandbox,data-th-sandbox}] [1000]: org.thymeleaf.standard.processor.StandardRemovableAttributeTagProcessor
[THYMELEAF]             * [* {th:manifest,data-th-manifest}] [1000]: org.thymeleaf.standard.processor.StandardRemovableAttributeTagProcessor
[THYMELEAF]             * [* {th:background,data-th-background}] [1000]: org.thymeleaf.standard.processor.StandardRemovableAttributeTagProcessor
[THYMELEAF]             * [* {th:step,data-th-step}] [1000]: org.thymeleaf.standard.processor.StandardRemovableAttributeTagProcessor
[THYMELEAF]             * [* {th:maxlength,data-th-maxlength}] [1000]: org.thymeleaf.standard.processor.StandardRemovableAttributeTagProcessor
[THYMELEAF]             * [* {th:frameborder,data-th-frameborder}] [1000]: org.thymeleaf.standard.processor.StandardRemovableAttributeTagProcessor
[THYMELEAF]             * [* {th:style,data-th-style}] [1000]: org.thymeleaf.standard.processor.StandardRemovableAttributeTagProcessor
[THYMELEAF]             * [* {th:audio,data-th-audio}] [1000]: org.thymeleaf.standard.processor.StandardRemovableAttributeTagProcessor
[THYMELEAF]             * [* {th:longdesc,data-th-longdesc}] [1000]: org.thymeleaf.standard.processor.StandardRemovableAttributeTagProcessor
[THYMELEAF]             * [* {th:standby,data-th-standby}] [1000]: org.thymeleaf.standard.processor.StandardRemovableAttributeTagProcessor
[THYMELEAF]             * [* {th:accept,data-th-accept}] [1000]: org.thymeleaf.standard.processor.StandardRemovableAttributeTagProcessor
[THYMELEAF]             * [* {th:compact,data-th-compact}] [1000]: org.thymeleaf.standard.processor.StandardRemovableAttributeTagProcessor
[THYMELEAF]             * [* {th:formenctype,data-th-formenctype}] [1000]: org.thymeleaf.standard.processor.StandardRemovableAttributeTagProcessor
[THYMELEAF]             * [* {th:cellpadding,data-th-cellpadding}] [1000]: org.thymeleaf.standard.processor.StandardRemovableAttributeTagProcessor
[THYMELEAF]             * [* {th:align,data-th-align}] [1000]: org.thymeleaf.standard.processor.StandardRemovableAttributeTagProcessor
[THYMELEAF]             * [* {th:charset,data-th-charset}] [1000]: org.thymeleaf.standard.processor.StandardRemovableAttributeTagProcessor
[THYMELEAF]             * [* {th:width,data-th-width}] [1000]: org.thymeleaf.standard.processor.StandardRemovableAttributeTagProcessor
[THYMELEAF]             * [* {th:min,data-th-min}] [1000]: org.thymeleaf.standard.processor.StandardRemovableAttributeTagProcessor
[THYMELEAF]             * [* {th:cellspacing,data-th-cellspacing}] [1000]: org.thymeleaf.standard.processor.StandardRemovableAttributeTagProcessor
[THYMELEAF]             * [* {th:codetype,data-th-codetype}] [1000]: org.thymeleaf.standard.processor.StandardRemovableAttributeTagProcessor
[THYMELEAF]             * [* {th:contextmenu,data-th-contextmenu}] [1000]: org.thymeleaf.standard.processor.StandardRemovableAttributeTagProcessor
[THYMELEAF]             * [* {th:alt,data-th-alt}] [1000]: org.thymeleaf.standard.processor.StandardRemovableAttributeTagProcessor
[THYMELEAF]             * [* {th:span,data-th-span}] [1000]: org.thymeleaf.standard.processor.StandardRemovableAttributeTagProcessor
[THYMELEAF]             * [* {th:start,data-th-start}] [1000]: org.thymeleaf.standard.processor.StandardRemovableAttributeTagProcessor
[THYMELEAF]             * [* {th:codebase,data-th-codebase}] [1000]: org.thymeleaf.standard.processor.StandardRemovableAttributeTagProcessor
[THYMELEAF]             * [* {th:http-equiv,data-th-http-equiv}] [1000]: org.thymeleaf.standard.processor.StandardRemovableAttributeTagProcessor
[THYMELEAF]             * [* {th:media,data-th-media}] [1000]: org.thymeleaf.standard.processor.StandardRemovableAttributeTagProcessor
[THYMELEAF]             * [* {th:accesskey,data-th-accesskey}] [1000]: org.thymeleaf.standard.processor.StandardRemovableAttributeTagProcessor
[THYMELEAF]             * [* {th:dir,data-th-dir}] [1000]: org.thymeleaf.standard.processor.StandardRemovableAttributeTagProcessor
[THYMELEAF]             * [* {th:hreflang,data-th-hreflang}] [1000]: org.thymeleaf.standard.processor.StandardRemovableAttributeTagProcessor
[THYMELEAF]             * [* {th:summary,data-th-summary}] [1000]: org.thymeleaf.standard.processor.StandardRemovableAttributeTagProcessor
[THYMELEAF]             * [* {th:challenge,data-th-challenge}] [1000]: org.thymeleaf.standard.processor.StandardRemovableAttributeTagProcessor
[THYMELEAF]             * [* {th:size,data-th-size}] [1000]: org.thymeleaf.standard.processor.StandardRemovableAttributeTagProcessor
[THYMELEAF]             * [* {th:label,data-th-label}] [1000]: org.thymeleaf.standard.processor.StandardRemovableAttributeTagProcessor
[THYMELEAF]             * [* {th:low,data-th-low}] [1000]: org.thymeleaf.standard.processor.StandardRemovableAttributeTagProcessor
[THYMELEAF]             * [* {th:height,data-th-height}] [1000]: org.thymeleaf.standard.processor.StandardRemovableAttributeTagProcessor
[THYMELEAF]             * [* {th:contenteditable,data-th-contenteditable}] [1000]: org.thymeleaf.standard.processor.StandardRemovableAttributeTagProcessor
[THYMELEAF]             * [* {th:classid,data-th-classid}] [1000]: org.thymeleaf.standard.processor.StandardRemovableAttributeTagProcessor
[THYMELEAF]             * [* {th:enctype,data-th-enctype}] [1000]: org.thymeleaf.standard.processor.StandardRemovableAttributeTagProcessor
[THYMELEAF]             * [* {th:poster,data-th-poster}] [1000]: org.thymeleaf.standard.processor.StandardRemovableAttributeTagProcessor
[THYMELEAF]             * [* {th:usemap,data-th-usemap}] [1000]: org.thymeleaf.standard.processor.StandardRemovableAttributeTagProcessor
[THYMELEAF]             * [* {th:target,data-th-target}] [1000]: org.thymeleaf.standard.processor.StandardRemovableAttributeTagProcessor
[THYMELEAF]             * [* {th:pattern,data-th-pattern}] [1000]: org.thymeleaf.standard.processor.StandardRemovableAttributeTagProcessor
[THYMELEAF]             * [* {th:frame,data-th-frame}] [1000]: org.thymeleaf.standard.processor.StandardRemovableAttributeTagProcessor
[THYMELEAF]             * [* {th:autocomplete,data-th-autocomplete}] [1000]: org.thymeleaf.standard.processor.StandardRemovableAttributeTagProcessor
[THYMELEAF]             * [* {th:axis,data-th-axis}] [1000]: org.thymeleaf.standard.processor.StandardRemovableAttributeTagProcessor
[THYMELEAF]             * [* {th:hspace,data-th-hspace}] [1000]: org.thymeleaf.standard.processor.StandardRemovableAttributeTagProcessor
[THYMELEAF]             * [* {th:list,data-th-list}] [1000]: org.thymeleaf.standard.processor.StandardRemovableAttributeTagProcessor
[THYMELEAF]             * [* {th:marginheight,data-th-marginheight}] [1000]: org.thymeleaf.standard.processor.StandardRemovableAttributeTagProcessor
[THYMELEAF]             * [* {th:placeholder,data-th-placeholder}] [1000]: org.thymeleaf.standard.processor.StandardRemovableAttributeTagProcessor
[THYMELEAF]             * [* {th:lang,data-th-lang}] [1000]: org.thymeleaf.standard.processor.StandardRemovableAttributeTagProcessor
[THYMELEAF]             * [* {th:formaction,data-th-formaction}] [1000]: org.thymeleaf.standard.processor.StandardRemovableAttributeTagProcessor
[THYMELEAF]             * [* {th:rev,data-th-rev}] [1000]: org.thymeleaf.standard.processor.StandardRemovableAttributeTagProcessor
[THYMELEAF]             * [* {th:optimum,data-th-optimum}] [1000]: org.thymeleaf.standard.processor.StandardRemovableAttributeTagProcessor
[THYMELEAF]             * [* {th:preload,data-th-preload}] [1000]: org.thymeleaf.standard.processor.StandardRemovableAttributeTagProcessor
[THYMELEAF]             * [* {th:draggable,data-th-draggable}] [1000]: org.thymeleaf.standard.processor.StandardRemovableAttributeTagProcessor
[THYMELEAF]             * [* {th:keytype,data-th-keytype}] [1000]: org.thymeleaf.standard.processor.StandardRemovableAttributeTagProcessor
[THYMELEAF]             * [* {th:valuetype,data-th-valuetype}] [1000]: org.thymeleaf.standard.processor.StandardRemovableAttributeTagProcessor
[THYMELEAF]             * [* {th:colspan,data-th-colspan}] [1000]: org.thymeleaf.standard.processor.StandardRemovableAttributeTagProcessor
[THYMELEAF]             * [* {th:form,data-th-form}] [1000]: org.thymeleaf.standard.processor.StandardRemovableAttributeTagProcessor
[THYMELEAF]             * [* {th:rules,data-th-rules}] [1000]: org.thymeleaf.standard.processor.StandardRemovableAttributeTagProcessor
[THYMELEAF]             * [* {th:sizes,data-th-sizes}] [1000]: org.thymeleaf.standard.processor.StandardRemovableAttributeTagProcessor
[THYMELEAF]             * [* {th:radiogroup,data-th-radiogroup}] [1000]: org.thymeleaf.standard.processor.StandardRemovableAttributeTagProcessor
[THYMELEAF]             * [* {th:rel,data-th-rel}] [1000]: org.thymeleaf.standard.processor.StandardRemovableAttributeTagProcessor
[THYMELEAF]             * [* {th:srclang,data-th-srclang}] [1000]: org.thymeleaf.standard.processor.StandardRemovableAttributeTagProcessor
[THYMELEAF]             * [* {th:tabindex,data-th-tabindex}] [1000]: org.thymeleaf.standard.processor.StandardRemovableAttributeTagProcessor
[THYMELEAF]             * [* {th:title,data-th-title}] [1000]: org.thymeleaf.standard.processor.StandardRemovableAttributeTagProcessor
[THYMELEAF]             * [* {th:spellcheck,data-th-spellcheck}] [1000]: org.thymeleaf.standard.processor.StandardRemovableAttributeTagProcessor
[THYMELEAF]             * [* {th:max,data-th-max}] [1000]: org.thymeleaf.standard.processor.StandardRemovableAttributeTagProcessor
[THYMELEAF]             * [* {th:accept-charset,data-th-accept-charset}] [1000]: org.thymeleaf.standard.processor.StandardRemovableAttributeTagProcessor
[THYMELEAF]             * [* {th:cols,data-th-cols}] [1000]: org.thymeleaf.standard.processor.StandardRemovableAttributeTagProcessor
[THYMELEAF]             * [* {th:rowspan,data-th-rowspan}] [1000]: org.thymeleaf.standard.processor.StandardRemovableAttributeTagProcessor
[THYMELEAF]             * [* {th:high,data-th-high}] [1000]: org.thymeleaf.standard.processor.StandardRemovableAttributeTagProcessor
[THYMELEAF]             * [* {th:dropzone,data-th-dropzone}] [1000]: org.thymeleaf.standard.processor.StandardRemovableAttributeTagProcessor
[THYMELEAF]             * [* {th:abbr,data-th-abbr}] [1000]: org.thymeleaf.standard.processor.StandardRemovableAttributeTagProcessor
[THYMELEAF]             * [* {th:archive,data-th-archive}] [1000]: org.thymeleaf.standard.processor.StandardRemovableAttributeTagProcessor
[THYMELEAF]             * [* {th:cite,data-th-cite}] [1000]: org.thymeleaf.standard.processor.StandardRemovableAttributeTagProcessor
[THYMELEAF]             * [* {th:datetime,data-th-datetime}] [1000]: org.thymeleaf.standard.processor.StandardRemovableAttributeTagProcessor
[THYMELEAF]             * [* {th:vspace,data-th-vspace}] [1000]: org.thymeleaf.standard.processor.StandardRemovableAttributeTagProcessor
[THYMELEAF]             * [* {th:border,data-th-border}] [1000]: org.thymeleaf.standard.processor.StandardRemovableAttributeTagProcessor
[THYMELEAF]             * [* {th:class,data-th-class}] [1000]: org.thymeleaf.standard.processor.StandardRemovableAttributeTagProcessor
[THYMELEAF]             * [* {th:formtarget,data-th-formtarget}] [1000]: org.thymeleaf.standard.processor.StandardRemovableAttributeTagProcessor
[THYMELEAF]             * [* {th:scheme,data-th-scheme}] [1000]: org.thymeleaf.standard.processor.StandardRemovableAttributeTagProcessor
[THYMELEAF]             * [* {th:headers,data-th-headers}] [1000]: org.thymeleaf.standard.processor.StandardRemovableAttributeTagProcessor
[THYMELEAF]             * [* {th:id,data-th-id}] [1000]: org.thymeleaf.standard.processor.StandardRemovableAttributeTagProcessor
[THYMELEAF]             * [* {th:data,data-th-data}] [1000]: org.thymeleaf.standard.processor.StandardRemovableAttributeTagProcessor
[THYMELEAF]             * [* {th:formmethod,data-th-formmethod}] [1000]: org.thymeleaf.standard.processor.StandardRemovableAttributeTagProcessor
[THYMELEAF]             * [* {th:rows,data-th-rows}] [1000]: org.thymeleaf.standard.processor.StandardRemovableAttributeTagProcessor
[THYMELEAF]             * [* {th:wrap,data-th-wrap}] [1000]: org.thymeleaf.standard.processor.StandardRemovableAttributeTagProcessor
[THYMELEAF]             * [* {th:scope,data-th-scope}] [1000]: org.thymeleaf.standard.processor.StandardRemovableAttributeTagProcessor
[THYMELEAF]             * [* {th:scrolling,data-th-scrolling}] [1000]: org.thymeleaf.standard.processor.StandardRemovableAttributeTagProcessor
[THYMELEAF]             * [* {th:icon,data-th-icon}] [1000]: org.thymeleaf.standard.processor.StandardRemovableAttributeTagProcessor
[THYMELEAF]             * [* {th:bgcolor,data-th-bgcolor}] [1000]: org.thymeleaf.standard.processor.StandardRemovableAttributeTagProcessor
[THYMELEAF]             * [* {th:content,data-th-content}] [1000]: org.thymeleaf.standard.processor.StandardRemovableAttributeTagProcessor
[THYMELEAF]             * [* {th:marginwidth,data-th-marginwidth}] [1000]: org.thymeleaf.standard.processor.StandardRemovableAttributeTagProcessor
[THYMELEAF]             * [* {th:kind,data-th-kind}] [1000]: org.thymeleaf.standard.processor.StandardRemovableAttributeTagProcessor
[THYMELEAF]             * [* {th:src,data-th-src}] [1000]: org.thymeleaf.standard.processor.StandardSrcTagProcessor
[THYMELEAF]             * [* {th:value,data-th-value}] [1000]: org.thymeleaf.standard.processor.StandardValueTagProcessor
[THYMELEAF]             * [* {th:xmlbase,data-th-xmlbase}] [1000]: org.thymeleaf.standard.processor.StandardXmlBaseTagProcessor
[THYMELEAF]             * [* {th:xmllang,data-th-xmllang}] [1000]: org.thymeleaf.standard.processor.StandardXmlLangTagProcessor
[THYMELEAF]             * [* {xmlns:th}] [1000]: org.thymeleaf.standard.processor.StandardXmlNsTagProcessor
[THYMELEAF]             * [* {th:xmlspace,data-th-xmlspace}] [1000]: org.thymeleaf.standard.processor.StandardXmlSpaceTagProcessor
[THYMELEAF]             * [* {th:classappend,data-th-classappend}] [1100]: org.thymeleaf.standard.processor.StandardClassappendTagProcessor
[THYMELEAF]             * [* {th:styleappend,data-th-styleappend}] [1100]: org.thymeleaf.standard.processor.StandardStyleappendTagProcessor
[THYMELEAF]             * [* {th:text,data-th-text}] [1300]: org.thymeleaf.standard.processor.StandardTextTagProcessor
[THYMELEAF]             * [* {th:utext,data-th-utext}] [1400]: org.thymeleaf.standard.processor.StandardUtextTagProcessor
[THYMELEAF]             * [* {th:fragment,data-th-fragment}] [1500]: org.thymeleaf.standard.processor.StandardFragmentTagProcessor
[THYMELEAF]             * [* {th:assert,data-th-assert}] [1550]: org.thymeleaf.standard.processor.StandardAssertTagProcessor
[THYMELEAF]             * [* {th:remove,data-th-remove}] [1600]: org.thymeleaf.standard.processor.StandardRemoveTagProcessor
[THYMELEAF]             * [* {th:ref,data-th-ref}] [10000]: org.thymeleaf.standard.processor.StandardRefAttributeTagProcessor
[THYMELEAF]             * [{th:block,th-block} *] [100000]: org.thymeleaf.standard.processor.StandardBlockTagProcessor
[THYMELEAF]             * [* th:*] [2147483647]: org.thymeleaf.standard.processor.StandardDefaultAttributesTagProcessor
[THYMELEAF]         * Text Processors by [precedence]:
[THYMELEAF]             * [1000]: org.thymeleaf.standard.processor.StandardInliningTextProcessor
[THYMELEAF]         * DOCTYPE Processors by [precedence]:
[THYMELEAF]             * [1000]: org.thymeleaf.standard.processor.StandardTranslationDocTypeProcessor
[THYMELEAF]         * CDATA Section Processors by [precedence]:
[THYMELEAF]             * [1000]: org.thymeleaf.standard.processor.StandardInliningCDATASectionProcessor
[THYMELEAF]         * Comment Processors by [precedence]:
[THYMELEAF]             * [1000]: org.thymeleaf.standard.processor.StandardInliningCommentProcessor
[THYMELEAF]             * [1100]: org.thymeleaf.standard.processor.StandardConditionalCommentProcessor
[THYMELEAF]     * Processors for Template Mode: XML
[THYMELEAF]         * Element Tag Processors by [matching element and attribute name] [precedence]:
[THYMELEAF]             * [* {th:include}] [100]: org.thymeleaf.standard.processor.StandardIncludeTagProcessor
[THYMELEAF]             * [* {th:insert}] [100]: org.thymeleaf.standard.processor.StandardInsertTagProcessor
[THYMELEAF]             * [* {th:replace}] [100]: org.thymeleaf.standard.processor.StandardReplaceTagProcessor
[THYMELEAF]             * [* {th:each}] [200]: com.intuit.karate.template.KarateEachTagProcessor
[THYMELEAF]             * [* {th:switch}] [250]: org.thymeleaf.standard.processor.StandardSwitchTagProcessor
[THYMELEAF]             * [* {th:case}] [275]: org.thymeleaf.standard.processor.StandardCaseTagProcessor
[THYMELEAF]             * [* {th:if}] [300]: org.thymeleaf.standard.processor.StandardIfTagProcessor
[THYMELEAF]             * [* {th:unless}] [400]: org.thymeleaf.standard.processor.StandardUnlessTagProcessor
[THYMELEAF]             * [* {th:object}] [500]: org.thymeleaf.standard.processor.StandardObjectTagProcessor
[THYMELEAF]             * [* {th:with}] [600]: com.intuit.karate.template.KarateWithTagProcessor
[THYMELEAF]             * [* {th:attr}] [700]: com.intuit.karate.template.KarateAttributeTagProcessor.KarateAttrTagProcessor
[THYMELEAF]             * [* {th:attrappend}] [900]: com.intuit.karate.template.KarateAttributeTagProcessor.KarateAttrappendTagProcessor
[THYMELEAF]             * [* {th:attrprepend}] [900]: com.intuit.karate.template.KarateAttributeTagProcessor.KarateAttrprependTagProcessor
[THYMELEAF]             * [* {th:inline}] [1000]: org.thymeleaf.standard.processor.StandardInlineXMLTagProcessor
[THYMELEAF]             * [* {xmlns:th}] [1000]: org.thymeleaf.standard.processor.StandardXmlNsTagProcessor
[THYMELEAF]             * [* {th:text}] [1300]: org.thymeleaf.standard.processor.StandardTextTagProcessor
[THYMELEAF]             * [* {th:utext}] [1400]: org.thymeleaf.standard.processor.StandardUtextTagProcessor
[THYMELEAF]             * [* {th:fragment}] [1500]: org.thymeleaf.standard.processor.StandardFragmentTagProcessor
[THYMELEAF]             * [* {th:assert}] [1550]: org.thymeleaf.standard.processor.StandardAssertTagProcessor
[THYMELEAF]             * [* {th:remove}] [1600]: org.thymeleaf.standard.processor.StandardRemoveTagProcessor
[THYMELEAF]             * [* {th:ref}] [10000]: org.thymeleaf.standard.processor.StandardRefAttributeTagProcessor
[THYMELEAF]             * [{th:block} *] [100000]: org.thymeleaf.standard.processor.StandardBlockTagProcessor
[THYMELEAF]             * [* th:*] [2147483647]: org.thymeleaf.standard.processor.StandardDefaultAttributesTagProcessor
[THYMELEAF]         * Text Processors by [precedence]:
[THYMELEAF]             * [1000]: org.thymeleaf.standard.processor.StandardInliningTextProcessor
[THYMELEAF]         * CDATA Section Processors by [precedence]:
[THYMELEAF]             * [1000]: org.thymeleaf.standard.processor.StandardInliningCDATASectionProcessor
[THYMELEAF]         * Comment Processors by [precedence]:
[THYMELEAF]             * [1000]: org.thymeleaf.standard.processor.StandardInliningCommentProcessor
[THYMELEAF]     * Processors for Template Mode: TEXT
[THYMELEAF]         * Element Tag Processors by [matching element and attribute name] [precedence]:
[THYMELEAF]             * [* {th:insert}] [100]: org.thymeleaf.standard.processor.StandardInsertTagProcessor
[THYMELEAF]             * [* {th:replace}] [100]: org.thymeleaf.standard.processor.StandardReplaceTagProcessor
[THYMELEAF]             * [* {th:each}] [200]: com.intuit.karate.template.KarateEachTagProcessor
[THYMELEAF]             * [* {th:switch}] [250]: org.thymeleaf.standard.processor.StandardSwitchTagProcessor
[THYMELEAF]             * [* {th:case}] [275]: org.thymeleaf.standard.processor.StandardCaseTagProcessor
[THYMELEAF]             * [* {th:if}] [300]: org.thymeleaf.standard.processor.StandardIfTagProcessor
[THYMELEAF]             * [* {th:unless}] [400]: org.thymeleaf.standard.processor.StandardUnlessTagProcessor
[THYMELEAF]             * [* {th:object}] [500]: org.thymeleaf.standard.processor.StandardObjectTagProcessor
[THYMELEAF]             * [* {th:with}] [600]: com.intuit.karate.template.KarateWithTagProcessor
[THYMELEAF]             * [* {th:inline}] [1000]: org.thymeleaf.standard.processor.StandardInlineTextualTagProcessor
[THYMELEAF]             * [* {th:text}] [1300]: org.thymeleaf.standard.processor.StandardTextTagProcessor
[THYMELEAF]             * [* {th:utext}] [1400]: org.thymeleaf.standard.processor.StandardUtextTagProcessor
[THYMELEAF]             * [* {th:assert}] [1550]: org.thymeleaf.standard.processor.StandardAssertTagProcessor
[THYMELEAF]             * [* {th:remove}] [1600]: org.thymeleaf.standard.processor.StandardRemoveTagProcessor
[THYMELEAF]             * [{th:block} *] [100000]: org.thymeleaf.standard.processor.StandardBlockTagProcessor
[THYMELEAF]             * [* 100000] [org.thymeleaf.standard.processor.StandardBlockTagProcessor]: {}
[THYMELEAF]         * Text Processors by [precedence]:
[THYMELEAF]             * [1000]: org.thymeleaf.standard.processor.StandardInliningTextProcessor
[THYMELEAF]     * Processors for Template Mode: JAVASCRIPT
[THYMELEAF]         * Element Tag Processors by [matching element and attribute name] [precedence]:
[THYMELEAF]             * [* {th:insert}] [100]: org.thymeleaf.standard.processor.StandardInsertTagProcessor
[THYMELEAF]             * [* {th:replace}] [100]: org.thymeleaf.standard.processor.StandardReplaceTagProcessor
[THYMELEAF]             * [* {th:each}] [200]: com.intuit.karate.template.KarateEachTagProcessor
[THYMELEAF]             * [* {th:switch}] [250]: org.thymeleaf.standard.processor.StandardSwitchTagProcessor
[THYMELEAF]             * [* {th:case}] [275]: org.thymeleaf.standard.processor.StandardCaseTagProcessor
[THYMELEAF]             * [* {th:if}] [300]: org.thymeleaf.standard.processor.StandardIfTagProcessor
[THYMELEAF]             * [* {th:unless}] [400]: org.thymeleaf.standard.processor.StandardUnlessTagProcessor
[THYMELEAF]             * [* {th:object}] [500]: org.thymeleaf.standard.processor.StandardObjectTagProcessor
[THYMELEAF]             * [* {th:with}] [600]: com.intuit.karate.template.KarateWithTagProcessor
[THYMELEAF]             * [* {th:inline}] [1000]: org.thymeleaf.standard.processor.StandardInlineTextualTagProcessor
[THYMELEAF]             * [* {th:text}] [1300]: org.thymeleaf.standard.processor.StandardTextTagProcessor
[THYMELEAF]             * [* {th:utext}] [1400]: org.thymeleaf.standard.processor.StandardUtextTagProcessor
[THYMELEAF]             * [* {th:assert}] [1550]: org.thymeleaf.standard.processor.StandardAssertTagProcessor
[THYMELEAF]             * [* {th:remove}] [1600]: org.thymeleaf.standard.processor.StandardRemoveTagProcessor
[THYMELEAF]             * [* 100000] [org.thymeleaf.standard.processor.StandardBlockTagProcessor]: {}
[THYMELEAF]             * [{th:block} *] [100000]: org.thymeleaf.standard.processor.StandardBlockTagProcessor
[THYMELEAF]         * Text Processors by [precedence]:
[THYMELEAF]             * [1000]: org.thymeleaf.standard.processor.StandardInliningTextProcessor
[THYMELEAF]     * Processors for Template Mode: CSS
[THYMELEAF]         * Element Tag Processors by [matching element and attribute name] [precedence]:
[THYMELEAF]             * [* {th:insert}] [100]: org.thymeleaf.standard.processor.StandardInsertTagProcessor
[THYMELEAF]             * [* {th:replace}] [100]: org.thymeleaf.standard.processor.StandardReplaceTagProcessor
[THYMELEAF]             * [* {th:each}] [200]: com.intuit.karate.template.KarateEachTagProcessor
[THYMELEAF]             * [* {th:switch}] [250]: org.thymeleaf.standard.processor.StandardSwitchTagProcessor
[THYMELEAF]             * [* {th:case}] [275]: org.thymeleaf.standard.processor.StandardCaseTagProcessor
[THYMELEAF]             * [* {th:if}] [300]: org.thymeleaf.standard.processor.StandardIfTagProcessor
[THYMELEAF]             * [* {th:unless}] [400]: org.thymeleaf.standard.processor.StandardUnlessTagProcessor
[THYMELEAF]             * [* {th:object}] [500]: org.thymeleaf.standard.processor.StandardObjectTagProcessor
[THYMELEAF]             * [* {th:with}] [600]: com.intuit.karate.template.KarateWithTagProcessor
[THYMELEAF]             * [* {th:inline}] [1000]: org.thymeleaf.standard.processor.StandardInlineTextualTagProcessor
[THYMELEAF]             * [* {th:text}] [1300]: org.thymeleaf.standard.processor.StandardTextTagProcessor
[THYMELEAF]             * [* {th:utext}] [1400]: org.thymeleaf.standard.processor.StandardUtextTagProcessor
[THYMELEAF]             * [* {th:assert}] [1550]: org.thymeleaf.standard.processor.StandardAssertTagProcessor
[THYMELEAF]             * [* {th:remove}] [1600]: org.thymeleaf.standard.processor.StandardRemoveTagProcessor
[THYMELEAF]             * [* 100000] [org.thymeleaf.standard.processor.StandardBlockTagProcessor]: {}
[THYMELEAF]             * [{th:block} *] [100000]: org.thymeleaf.standard.processor.StandardBlockTagProcessor
[THYMELEAF]         * Text Processors by [precedence]:
[THYMELEAF]             * [1000]: org.thymeleaf.standard.processor.StandardInliningTextProcessor
[THYMELEAF]     * Expression Objects:
[THYMELEAF]         * #ctx
[THYMELEAF]         * #root
[THYMELEAF]         * #vars
[THYMELEAF]         * #object
[THYMELEAF]         * #locale
[THYMELEAF]         * #conversions
[THYMELEAF]         * #uris
[THYMELEAF]         * #temporals
[THYMELEAF]         * #calendars
[THYMELEAF]         * #dates
[THYMELEAF]         * #bools
[THYMELEAF]         * #numbers
[THYMELEAF]         * #objects
[THYMELEAF]         * #strings
[THYMELEAF]         * #arrays
[THYMELEAF]         * #lists
[THYMELEAF]         * #sets
[THYMELEAF]         * #maps
[THYMELEAF]         * #aggregates
[THYMELEAF]         * #messages
[THYMELEAF]         * #ids
[THYMELEAF]         * #execInfo
[THYMELEAF]         * #request
[THYMELEAF]         * #response
[THYMELEAF]         * #session
[THYMELEAF]         * #servletContext
[THYMELEAF]     * Execution Attributes:
[THYMELEAF]         * "StandardExpressionParser": com.intuit.karate.template.KarateStandardDialect@45b27ad3
[THYMELEAF]         * "StandardJavaScriptSerializer": org.thymeleaf.standard.serializer.StandardJavaScriptSerializer@8ce3f27
[THYMELEAF]         * "StandardCSSSerializer": org.thymeleaf.standard.serializer.StandardCSSSerializer@614cd187
[THYMELEAF]         * "StandardVariableExpressionEvaluator": com.intuit.karate.template.KarateStandardDialect@45b27ad3
[THYMELEAF]         * "StandardConversionService": org.thymeleaf.standard.expression.StandardConversionService@6802d023
[THYMELEAF] * Dialect [2 of 2]: karate (com.intuit.karate.template.KarateScriptDialect)
[THYMELEAF]     * Prefix: "ka"
[THYMELEAF]     * Processors for Template Mode: HTML
[THYMELEAF]         * Element Tag Processors by [matching element and attribute name] [precedence]:
[THYMELEAF]             * [* {src}] [1000]: com.intuit.karate.template.KaScriptAttrProcessor
[THYMELEAF]         * Element Model Processors by [matching element and attribute name] [precedence]:
[THYMELEAF]             * [{script} {ka:scope,data-ka-scope}] [1000]: com.intuit.karate.template.KaScriptElemProcessor
[THYMELEAF]             * [* {ka:set,data-ka-set}] [1000]: com.intuit.karate.template.KaSetElemProcessor
[THYMELEAF] TEMPLATE ENGINE CONFIGURED OK
11:17:38.237 [main] DEBUG org.thymeleaf.TemplateEngine -- [THYMELEAF] TEMPLATE ENGINE INITIALIZED
11:17:38.243 [main] DEBUG org.thymeleaf.TemplateEngine -- [THYMELEAF] INITIALIZING TEMPLATE ENGINE
11:17:38.252 [main] DEBUG org.thymeleaf.TemplateEngine.CONFIG -- Initializing Thymeleaf Template engine configuration...
[THYMELEAF] TEMPLATE ENGINE CONFIGURATION:
[THYMELEAF] * Thymeleaf version: 3.1.2.RELEASE (built 2023-07-30T19:25:50+0000)
[THYMELEAF] * Cache Manager implementation: org.thymeleaf.cache.StandardCacheManager
[THYMELEAF] * Template resolvers:
[THYMELEAF]     * [1] com.intuit.karate.template.ResourceHtmlTemplateResolver
[THYMELEAF] * Message resolvers:
[THYMELEAF]     * org.thymeleaf.messageresolver.StandardMessageResolver
[THYMELEAF] * Link builders:
[THYMELEAF]     * org.thymeleaf.linkbuilder.StandardLinkBuilder
[THYMELEAF] * Dialect [1 of 2]: Standard (com.intuit.karate.template.KarateStandardDialect)
[THYMELEAF]     * Prefix: "th"
[THYMELEAF]     * Processors for Template Mode: HTML
[THYMELEAF]         * Element Tag Processors by [matching element and attribute name] [precedence]:
[THYMELEAF]             * [* {th:include,data-th-include}] [100]: org.thymeleaf.standard.processor.StandardIncludeTagProcessor
[THYMELEAF]             * [* {th:insert,data-th-insert}] [100]: org.thymeleaf.standard.processor.StandardInsertTagProcessor
[THYMELEAF]             * [* {th:replace,data-th-replace}] [100]: org.thymeleaf.standard.processor.StandardReplaceTagProcessor
[THYMELEAF]             * [* {th:each,data-th-each}] [200]: com.intuit.karate.template.KarateEachTagProcessor
[THYMELEAF]             * [* {th:switch,data-th-switch}] [250]: org.thymeleaf.standard.processor.StandardSwitchTagProcessor
[THYMELEAF]             * [* {th:case,data-th-case}] [275]: org.thymeleaf.standard.processor.StandardCaseTagProcessor
[THYMELEAF]             * [* {th:if,data-th-if}] [300]: org.thymeleaf.standard.processor.StandardIfTagProcessor
[THYMELEAF]             * [* {th:unless,data-th-unless}] [400]: org.thymeleaf.standard.processor.StandardUnlessTagProcessor
[THYMELEAF]             * [* {th:object,data-th-object}] [500]: org.thymeleaf.standard.processor.StandardObjectTagProcessor
[THYMELEAF]             * [* {th:with,data-th-with}] [600]: com.intuit.karate.template.KarateWithTagProcessor
[THYMELEAF]             * [* {th:attr,data-th-attr}] [700]: com.intuit.karate.template.KarateAttributeTagProcessor.KarateAttrTagProcessor
[THYMELEAF]             * [* {th:attrappend,data-th-attrappend}] [900]: com.intuit.karate.template.KarateAttributeTagProcessor.KarateAttrappendTagProcessor
[THYMELEAF]             * [* {th:attrprepend,data-th-attrprepend}] [900]: com.intuit.karate.template.KarateAttributeTagProcessor.KarateAttrprependTagProcessor
[THYMELEAF]             * [* {th:alt-title,data-th-alt-title}] [990]: org.thymeleaf.standard.processor.StandardAltTitleTagProcessor
[THYMELEAF]             * [* {th:lang-xmllang,data-th-lang-xmllang}] [990]: org.thymeleaf.standard.processor.StandardLangXmlLangTagProcessor
[THYMELEAF]             * [* {th:action,data-th-action}] [1000]: org.thymeleaf.standard.processor.StandardActionTagProcessor
[THYMELEAF]             * [* {th:multiple,data-th-multiple}] [1000]: org.thymeleaf.standard.processor.StandardConditionalFixedValueTagProcessor
[THYMELEAF]             * [* {th:default,data-th-default}] [1000]: org.thymeleaf.standard.processor.StandardConditionalFixedValueTagProcessor
[THYMELEAF]             * [* {th:nowrap,data-th-nowrap}] [1000]: org.thymeleaf.standard.processor.StandardConditionalFixedValueTagProcessor
[THYMELEAF]             * [* {th:declare,data-th-declare}] [1000]: org.thymeleaf.standard.processor.StandardConditionalFixedValueTagProcessor
[THYMELEAF]             * [* {th:loop,data-th-loop}] [1000]: org.thymeleaf.standard.processor.StandardConditionalFixedValueTagProcessor
[THYMELEAF]             * [* {th:readonly,data-th-readonly}] [1000]: org.thymeleaf.standard.processor.StandardConditionalFixedValueTagProcessor
[THYMELEAF]             * [* {th:novalidate,data-th-novalidate}] [1000]: org.thymeleaf.standard.processor.StandardConditionalFixedValueTagProcessor
[THYMELEAF]             * [* {th:defer,data-th-defer}] [1000]: org.thymeleaf.standard.processor.StandardConditionalFixedValueTagProcessor
[THYMELEAF]             * [* {th:seamless,data-th-seamless}] [1000]: org.thymeleaf.standard.processor.StandardConditionalFixedValueTagProcessor
[THYMELEAF]             * [* {th:selected,data-th-selected}] [1000]: org.thymeleaf.standard.processor.StandardConditionalFixedValueTagProcessor
[THYMELEAF]             * [* {th:autofocus,data-th-autofocus}] [1000]: org.thymeleaf.standard.processor.StandardConditionalFixedValueTagProcessor
[THYMELEAF]             * [* {th:checked,data-th-checked}] [1000]: org.thymeleaf.standard.processor.StandardConditionalFixedValueTagProcessor
[THYMELEAF]             * [* {th:controls,data-th-controls}] [1000]: org.thymeleaf.standard.processor.StandardConditionalFixedValueTagProcessor
[THYMELEAF]             * [* {th:autoplay,data-th-autoplay}] [1000]: org.thymeleaf.standard.processor.StandardConditionalFixedValueTagProcessor
[THYMELEAF]             * [* {th:formnovalidate,data-th-formnovalidate}] [1000]: org.thymeleaf.standard.processor.StandardConditionalFixedValueTagProcessor
[THYMELEAF]             * [* {th:async,data-th-async}] [1000]: org.thymeleaf.standard.processor.StandardConditionalFixedValueTagProcessor
[THYMELEAF]             * [* {th:hidden,data-th-hidden}] [1000]: org.thymeleaf.standard.processor.StandardConditionalFixedValueTagProcessor
[THYMELEAF]             * [* {th:pubdate,data-th-pubdate}] [1000]: org.thymeleaf.standard.processor.StandardConditionalFixedValueTagProcessor
[THYMELEAF]             * [* {th:open,data-th-open}] [1000]: org.thymeleaf.standard.processor.StandardConditionalFixedValueTagProcessor
[THYMELEAF]             * [* {th:reversed,data-th-reversed}] [1000]: org.thymeleaf.standard.processor.StandardConditionalFixedValueTagProcessor
[THYMELEAF]             * [* {th:scoped,data-th-scoped}] [1000]: org.thymeleaf.standard.processor.StandardConditionalFixedValueTagProcessor
[THYMELEAF]             * [* {th:disabled,data-th-disabled}] [1000]: org.thymeleaf.standard.processor.StandardConditionalFixedValueTagProcessor
[THYMELEAF]             * [* {th:required,data-th-required}] [1000]: org.thymeleaf.standard.processor.StandardConditionalFixedValueTagProcessor
[THYMELEAF]             * [* {th:ismap,data-th-ismap}] [1000]: org.thymeleaf.standard.processor.StandardConditionalFixedValueTagProcessor
[THYMELEAF]             * [* {th:onprogress,data-th-onprogress}] [1000]: org.thymeleaf.standard.processor.StandardDOMEventAttributeTagProcessor
[THYMELEAF]             * [* {th:onsubmit,data-th-onsubmit}] [1000]: org.thymeleaf.standard.processor.StandardDOMEventAttributeTagProcessor
[THYMELEAF]             * [* {th:onended,data-th-onended}] [1000]: org.thymeleaf.standard.processor.StandardDOMEventAttributeTagProcessor
[THYMELEAF]             * [* {th:onabort,data-th-onabort}] [1000]: org.thymeleaf.standard.processor.StandardDOMEventAttributeTagProcessor
[THYMELEAF]             * [* {th:onplay,data-th-onplay}] [1000]: org.thymeleaf.standard.processor.StandardDOMEventAttributeTagProcessor
[THYMELEAF]             * [* {th:onshow,data-th-onshow}] [1000]: org.thymeleaf.standard.processor.StandardDOMEventAttributeTagProcessor
[THYMELEAF]             * [* {th:onresize,data-th-onresize}] [1000]: org.thymeleaf.standard.processor.StandardDOMEventAttributeTagProcessor
[THYMELEAF]             * [* {th:onscroll,data-th-onscroll}] [1000]: org.thymeleaf.standard.processor.StandardDOMEventAttributeTagProcessor
[THYMELEAF]             * [* {th:onfocus,data-th-onfocus}] [1000]: org.thymeleaf.standard.processor.StandardDOMEventAttributeTagProcessor
[THYMELEAF]             * [* {th:ondragover,data-th-ondragover}] [1000]: org.thymeleaf.standard.processor.StandardDOMEventAttributeTagProcessor
[THYMELEAF]             * [* {th:onoffline,data-th-onoffline}] [1000]: org.thymeleaf.standard.processor.StandardDOMEventAttributeTagProcessor
[THYMELEAF]             * [* {th:onformchange,data-th-onformchange}] [1000]: org.thymeleaf.standard.processor.StandardDOMEventAttributeTagProcessor
[THYMELEAF]             * [* {th:onbeforeprint,data-th-onbeforeprint}] [1000]: org.thymeleaf.standard.processor.StandardDOMEventAttributeTagProcessor
[THYMELEAF]             * [* {th:onratechange,data-th-onratechange}] [1000]: org.thymeleaf.standard.processor.StandardDOMEventAttributeTagProcessor
[THYMELEAF]             * [* {th:onchange,data-th-onchange}] [1000]: org.thymeleaf.standard.processor.StandardDOMEventAttributeTagProcessor
[THYMELEAF]             * [* {th:onmousewheel,data-th-onmousewheel}] [1000]: org.thymeleaf.standard.processor.StandardDOMEventAttributeTagProcessor
[THYMELEAF]             * [* {th:onunload,data-th-onunload}] [1000]: org.thymeleaf.standard.processor.StandardDOMEventAttributeTagProcessor
[THYMELEAF]             * [* {th:ondrag,data-th-ondrag}] [1000]: org.thymeleaf.standard.processor.StandardDOMEventAttributeTagProcessor
[THYMELEAF]             * [* {th:onloadedmetadata,data-th-onloadedmetadata}] [1000]: org.thymeleaf.standard.processor.StandardDOMEventAttributeTagProcessor
[THYMELEAF]             * [* {th:onplaying,data-th-onplaying}] [1000]: org.thymeleaf.standard.processor.StandardDOMEventAttributeTagProcessor
[THYMELEAF]             * [* {th:onblur,data-th-onblur}] [1000]: org.thymeleaf.standard.processor.StandardDOMEventAttributeTagProcessor
[THYMELEAF]             * [* {th:onwaiting,data-th-onwaiting}] [1000]: org.thymeleaf.standard.processor.StandardDOMEventAttributeTagProcessor
[THYMELEAF]             * [* {th:onmouseup,data-th-onmouseup}] [1000]: org.thymeleaf.standard.processor.StandardDOMEventAttributeTagProcessor
[THYMELEAF]             * [* {th:onafterprint,data-th-onafterprint}] [1000]: org.thymeleaf.standard.processor.StandardDOMEventAttributeTagProcessor
[THYMELEAF]             * [* {th:onkeypress,data-th-onkeypress}] [1000]: org.thymeleaf.standard.processor.StandardDOMEventAttributeTagProcessor
[THYMELEAF]             * [* {th:onpopstate,data-th-onpopstate}] [1000]: org.thymeleaf.standard.processor.StandardDOMEventAttributeTagProcessor
[THYMELEAF]             * [* {th:onstorage,data-th-onstorage}] [1000]: org.thymeleaf.standard.processor.StandardDOMEventAttributeTagProcessor
[THYMELEAF]             * [* {th:onsuspend,data-th-onsuspend}] [1000]: org.thymeleaf.standard.processor.StandardDOMEventAttributeTagProcessor
[THYMELEAF]             * [* {th:oninput,data-th-oninput}] [1000]: org.thymeleaf.standard.processor.StandardDOMEventAttributeTagProcessor
[THYMELEAF]             * [* {th:ondragend,data-th-ondragend}] [1000]: org.thymeleaf.standard.processor.StandardDOMEventAttributeTagProcessor
[THYMELEAF]             * [* {th:onvolumechange,data-th-onvolumechange}] [1000]: org.thymeleaf.standard.processor.StandardDOMEventAttributeTagProcessor
[THYMELEAF]             * [* {th:onreset,data-th-onreset}] [1000]: org.thymeleaf.standard.processor.StandardDOMEventAttributeTagProcessor
[THYMELEAF]             * [* {th:onloadeddata,data-th-onloadeddata}] [1000]: org.thymeleaf.standard.processor.StandardDOMEventAttributeTagProcessor
[THYMELEAF]             * [* {th:onseeking,data-th-onseeking}] [1000]: org.thymeleaf.standard.processor.StandardDOMEventAttributeTagProcessor
[THYMELEAF]             * [* {th:onmessage,data-th-onmessage}] [1000]: org.thymeleaf.standard.processor.StandardDOMEventAttributeTagProcessor
[THYMELEAF]             * [* {th:onredo,data-th-onredo}] [1000]: org.thymeleaf.standard.processor.StandardDOMEventAttributeTagProcessor
[THYMELEAF]             * [* {th:onemptied,data-th-onemptied}] [1000]: org.thymeleaf.standard.processor.StandardDOMEventAttributeTagProcessor
[THYMELEAF]             * [* {th:onclick,data-th-onclick}] [1000]: org.thymeleaf.standard.processor.StandardDOMEventAttributeTagProcessor
[THYMELEAF]             * [* {th:onstalled,data-th-onstalled}] [1000]: org.thymeleaf.standard.processor.StandardDOMEventAttributeTagProcessor
[THYMELEAF]             * [* {th:onbeforeunload,data-th-onbeforeunload}] [1000]: org.thymeleaf.standard.processor.StandardDOMEventAttributeTagProcessor
[THYMELEAF]             * [* {th:onload,data-th-onload}] [1000]: org.thymeleaf.standard.processor.StandardDOMEventAttributeTagProcessor
[THYMELEAF]             * [* {th:ononline,data-th-ononline}] [1000]: org.thymeleaf.standard.processor.StandardDOMEventAttributeTagProcessor
[THYMELEAF]             * [* {th:oncanplay,data-th-oncanplay}] [1000]: org.thymeleaf.standard.processor.StandardDOMEventAttributeTagProcessor
[THYMELEAF]             * [* {th:oncontextmenu,data-th-oncontextmenu}] [1000]: org.thymeleaf.standard.processor.StandardDOMEventAttributeTagProcessor
[THYMELEAF]             * [* {th:onmouseover,data-th-onmouseover}] [1000]: org.thymeleaf.standard.processor.StandardDOMEventAttributeTagProcessor
[THYMELEAF]             * [* {th:onmouseout,data-th-onmouseout}] [1000]: org.thymeleaf.standard.processor.StandardDOMEventAttributeTagProcessor
[THYMELEAF]             * [* {th:onerror,data-th-onerror}] [1000]: org.thymeleaf.standard.processor.StandardDOMEventAttributeTagProcessor
[THYMELEAF]             * [* {th:onkeydown,data-th-onkeydown}] [1000]: org.thymeleaf.standard.processor.StandardDOMEventAttributeTagProcessor
[THYMELEAF]             * [* {th:onloadstart,data-th-onloadstart}] [1000]: org.thymeleaf.standard.processor.StandardDOMEventAttributeTagProcessor
[THYMELEAF]             * [* {th:onkeyup,data-th-onkeyup}] [1000]: org.thymeleaf.standard.processor.StandardDOMEventAttributeTagProcessor
[THYMELEAF]             * [* {th:oncanplaythrough,data-th-oncanplaythrough}] [1000]: org.thymeleaf.standard.processor.StandardDOMEventAttributeTagProcessor
[THYMELEAF]             * [* {th:oninvalid,data-th-oninvalid}] [1000]: org.thymeleaf.standard.processor.StandardDOMEventAttributeTagProcessor
[THYMELEAF]             * [* {th:ondragstart,data-th-ondragstart}] [1000]: org.thymeleaf.standard.processor.StandardDOMEventAttributeTagProcessor
[THYMELEAF]             * [* {th:onseeked,data-th-onseeked}] [1000]: org.thymeleaf.standard.processor.StandardDOMEventAttributeTagProcessor
[THYMELEAF]             * [* {th:onforminput,data-th-onforminput}] [1000]: org.thymeleaf.standard.processor.StandardDOMEventAttributeTagProcessor
[THYMELEAF]             * [* {th:ondragenter,data-th-ondragenter}] [1000]: org.thymeleaf.standard.processor.StandardDOMEventAttributeTagProcessor
[THYMELEAF]             * [* {th:onreadystatechange,data-th-onreadystatechange}] [1000]: org.thymeleaf.standard.processor.StandardDOMEventAttributeTagProcessor
[THYMELEAF]             * [* {th:ontimeupdate,data-th-ontimeupdate}] [1000]: org.thymeleaf.standard.processor.StandardDOMEventAttributeTagProcessor
[THYMELEAF]             * [* {th:ondblclick,data-th-ondblclick}] [1000]: org.thymeleaf.standard.processor.StandardDOMEventAttributeTagProcessor
[THYMELEAF]             * [* {th:ondragleave,data-th-ondragleave}] [1000]: org.thymeleaf.standard.processor.StandardDOMEventAttributeTagProcessor
[THYMELEAF]             * [* {th:ondrop,data-th-ondrop}] [1000]: org.thymeleaf.standard.processor.StandardDOMEventAttributeTagProcessor
[THYMELEAF]             * [* {th:ondurationchange,data-th-ondurationchange}] [1000]: org.thymeleaf.standard.processor.StandardDOMEventAttributeTagProcessor
[THYMELEAF]             * [* {th:onhashchange,data-th-onhashchange}] [1000]: org.thymeleaf.standard.processor.StandardDOMEventAttributeTagProcessor
[THYMELEAF]             * [* {th:onundo,data-th-onundo}] [1000]: org.thymeleaf.standard.processor.StandardDOMEventAttributeTagProcessor
[THYMELEAF]             * [* {th:onmousemove,data-th-onmousemove}] [1000]: org.thymeleaf.standard.processor.StandardDOMEventAttributeTagProcessor
[THYMELEAF]             * [* {th:onmousedown,data-th-onmousedown}] [1000]: org.thymeleaf.standard.processor.StandardDOMEventAttributeTagProcessor
[THYMELEAF]             * [* {th:onselect,data-th-onselect}] [1000]: org.thymeleaf.standard.processor.StandardDOMEventAttributeTagProcessor
[THYMELEAF]             * [* {th:onpause,data-th-onpause}] [1000]: org.thymeleaf.standard.processor.StandardDOMEventAttributeTagProcessor
[THYMELEAF]             * [* {th:href,data-th-href}] [1000]: org.thymeleaf.standard.processor.StandardHrefTagProcessor
[THYMELEAF]             * [* {th:inline,data-th-inline}] [1000]: org.thymeleaf.standard.processor.StandardInlineHTMLTagProcessor
[THYMELEAF]             * [* {th:method,data-th-method}] [1000]: org.thymeleaf.standard.processor.StandardMethodTagProcessor
[THYMELEAF]             * [* {th:name,data-th-name}] [1000]: org.thymeleaf.standard.processor.StandardNonRemovableAttributeTagProcessor
[THYMELEAF]             * [* {th:type,data-th-type}] [1000]: org.thymeleaf.standard.processor.StandardNonRemovableAttributeTagProcessor
[THYMELEAF]             * [* {th:vspace,data-th-vspace}] [1000]: org.thymeleaf.standard.processor.StandardRemovableAttributeTagProcessor
[THYMELEAF]             * [* {th:rowspan,data-th-rowspan}] [1000]: org.thymeleaf.standard.processor.StandardRemovableAttributeTagProcessor
[THYMELEAF]             * [* {th:charset,data-th-charset}] [1000]: org.thymeleaf.standard.processor.StandardRemovableAttributeTagProcessor
[THYMELEAF]             * [* {th:colspan,data-th-colspan}] [1000]: org.thymeleaf.standard.processor.StandardRemovableAttributeTagProcessor
[THYMELEAF]             * [* {th:lang,data-th-lang}] [1000]: org.thymeleaf.standard.processor.StandardRemovableAttributeTagProcessor
[THYMELEAF]             * [* {th:sandbox,data-th-sandbox}] [1000]: org.thymeleaf.standard.processor.StandardRemovableAttributeTagProcessor
[THYMELEAF]             * [* {th:draggable,data-th-draggable}] [1000]: org.thymeleaf.standard.processor.StandardRemovableAttributeTagProcessor
[THYMELEAF]             * [* {th:cellspacing,data-th-cellspacing}] [1000]: org.thymeleaf.standard.processor.StandardRemovableAttributeTagProcessor
[THYMELEAF]             * [* {th:accesskey,data-th-accesskey}] [1000]: org.thymeleaf.standard.processor.StandardRemovableAttributeTagProcessor
[THYMELEAF]             * [* {th:wrap,data-th-wrap}] [1000]: org.thymeleaf.standard.processor.StandardRemovableAttributeTagProcessor
[THYMELEAF]             * [* {th:formtarget,data-th-formtarget}] [1000]: org.thymeleaf.standard.processor.StandardRemovableAttributeTagProcessor
[THYMELEAF]             * [* {th:step,data-th-step}] [1000]: org.thymeleaf.standard.processor.StandardRemovableAttributeTagProcessor
[THYMELEAF]             * [* {th:contextmenu,data-th-contextmenu}] [1000]: org.thymeleaf.standard.processor.StandardRemovableAttributeTagProcessor
[THYMELEAF]             * [* {th:label,data-th-label}] [1000]: org.thymeleaf.standard.processor.StandardRemovableAttributeTagProcessor
[THYMELEAF]             * [* {th:high,data-th-high}] [1000]: org.thymeleaf.standard.processor.StandardRemovableAttributeTagProcessor
[THYMELEAF]             * [* {th:summary,data-th-summary}] [1000]: org.thymeleaf.standard.processor.StandardRemovableAttributeTagProcessor
[THYMELEAF]             * [* {th:style,data-th-style}] [1000]: org.thymeleaf.standard.processor.StandardRemovableAttributeTagProcessor
[THYMELEAF]             * [* {th:formaction,data-th-formaction}] [1000]: org.thymeleaf.standard.processor.StandardRemovableAttributeTagProcessor
[THYMELEAF]             * [* {th:dir,data-th-dir}] [1000]: org.thymeleaf.standard.processor.StandardRemovableAttributeTagProcessor
[THYMELEAF]             * [* {th:for,data-th-for}] [1000]: org.thymeleaf.standard.processor.StandardRemovableAttributeTagProcessor
[THYMELEAF]             * [* {th:compact,data-th-compact}] [1000]: org.thymeleaf.standard.processor.StandardRemovableAttributeTagProcessor
[THYMELEAF]             * [* {th:longdesc,data-th-longdesc}] [1000]: org.thymeleaf.standard.processor.StandardRemovableAttributeTagProcessor
[THYMELEAF]             * [* {th:maxlength,data-th-maxlength}] [1000]: org.thymeleaf.standard.processor.StandardRemovableAttributeTagProcessor
[THYMELEAF]             * [* {th:media,data-th-media}] [1000]: org.thymeleaf.standard.processor.StandardRemovableAttributeTagProcessor
[THYMELEAF]             * [* {th:border,data-th-border}] [1000]: org.thymeleaf.standard.processor.StandardRemovableAttributeTagProcessor
[THYMELEAF]             * [* {th:autocomplete,data-th-autocomplete}] [1000]: org.thymeleaf.standard.processor.StandardRemovableAttributeTagProcessor
[THYMELEAF]             * [* {th:dropzone,data-th-dropzone}] [1000]: org.thymeleaf.standard.processor.StandardRemovableAttributeTagProcessor
[THYMELEAF]             * [* {th:spellcheck,data-th-spellcheck}] [1000]: org.thymeleaf.standard.processor.StandardRemovableAttributeTagProcessor
[THYMELEAF]             * [* {th:pattern,data-th-pattern}] [1000]: org.thymeleaf.standard.processor.StandardRemovableAttributeTagProcessor
[THYMELEAF]             * [* {th:cite,data-th-cite}] [1000]: org.thymeleaf.standard.processor.StandardRemovableAttributeTagProcessor
[THYMELEAF]             * [* {th:id,data-th-id}] [1000]: org.thymeleaf.standard.processor.StandardRemovableAttributeTagProcessor
[THYMELEAF]             * [* {th:form,data-th-form}] [1000]: org.thymeleaf.standard.processor.StandardRemovableAttributeTagProcessor
[THYMELEAF]             * [* {th:accept,data-th-accept}] [1000]: org.thymeleaf.standard.processor.StandardRemovableAttributeTagProcessor
[THYMELEAF]             * [* {th:headers,data-th-headers}] [1000]: org.thymeleaf.standard.processor.StandardRemovableAttributeTagProcessor
[THYMELEAF]             * [* {th:codetype,data-th-codetype}] [1000]: org.thymeleaf.standard.processor.StandardRemovableAttributeTagProcessor
[THYMELEAF]             * [* {th:title,data-th-title}] [1000]: org.thymeleaf.standard.processor.StandardRemovableAttributeTagProcessor
[THYMELEAF]             * [* {th:data,data-th-data}] [1000]: org.thymeleaf.standard.processor.StandardRemovableAttributeTagProcessor
[THYMELEAF]             * [* {th:optimum,data-th-optimum}] [1000]: org.thymeleaf.standard.processor.StandardRemovableAttributeTagProcessor
[THYMELEAF]             * [* {th:radiogroup,data-th-radiogroup}] [1000]: org.thymeleaf.standard.processor.StandardRemovableAttributeTagProcessor
[THYMELEAF]             * [* {th:target,data-th-target}] [1000]: org.thymeleaf.standard.processor.StandardRemovableAttributeTagProcessor
[THYMELEAF]             * [* {th:sizes,data-th-sizes}] [1000]: org.thymeleaf.standard.processor.StandardRemovableAttributeTagProcessor
[THYMELEAF]             * [* {th:bgcolor,data-th-bgcolor}] [1000]: org.thymeleaf.standard.processor.StandardRemovableAttributeTagProcessor
[THYMELEAF]             * [* {th:background,data-th-background}] [1000]: org.thymeleaf.standard.processor.StandardRemovableAttributeTagProcessor
[THYMELEAF]             * [* {th:content,data-th-content}] [1000]: org.thymeleaf.standard.processor.StandardRemovableAttributeTagProcessor
[THYMELEAF]             * [* {th:frame,data-th-frame}] [1000]: org.thymeleaf.standard.processor.StandardRemovableAttributeTagProcessor
[THYMELEAF]             * [* {th:poster,data-th-poster}] [1000]: org.thymeleaf.standard.processor.StandardRemovableAttributeTagProcessor
[THYMELEAF]             * [* {th:datetime,data-th-datetime}] [1000]: org.thymeleaf.standard.processor.StandardRemovableAttributeTagProcessor
[THYMELEAF]             * [* {th:low,data-th-low}] [1000]: org.thymeleaf.standard.processor.StandardRemovableAttributeTagProcessor
[THYMELEAF]             * [* {th:rules,data-th-rules}] [1000]: org.thymeleaf.standard.processor.StandardRemovableAttributeTagProcessor
[THYMELEAF]             * [* {th:placeholder,data-th-placeholder}] [1000]: org.thymeleaf.standard.processor.StandardRemovableAttributeTagProcessor
[THYMELEAF]             * [* {th:srclang,data-th-srclang}] [1000]: org.thymeleaf.standard.processor.StandardRemovableAttributeTagProcessor
[THYMELEAF]             * [* {th:contenteditable,data-th-contenteditable}] [1000]: org.thymeleaf.standard.processor.StandardRemovableAttributeTagProcessor
[THYMELEAF]             * [* {th:cols,data-th-cols}] [1000]: org.thymeleaf.standard.processor.StandardRemovableAttributeTagProcessor
[THYMELEAF]             * [* {th:width,data-th-width}] [1000]: org.thymeleaf.standard.processor.StandardRemovableAttributeTagProcessor
[THYMELEAF]             * [* {th:max,data-th-max}] [1000]: org.thymeleaf.standard.processor.StandardRemovableAttributeTagProcessor
[THYMELEAF]             * [* {th:classid,data-th-classid}] [1000]: org.thymeleaf.standard.processor.StandardRemovableAttributeTagProcessor
[THYMELEAF]             * [* {th:formmethod,data-th-formmethod}] [1000]: org.thymeleaf.standard.processor.StandardRemovableAttributeTagProcessor
[THYMELEAF]             * [* {th:hspace,data-th-hspace}] [1000]: org.thymeleaf.standard.processor.StandardRemovableAttributeTagProcessor
[THYMELEAF]             * [* {th:accept-charset,data-th-accept-charset}] [1000]: org.thymeleaf.standard.processor.StandardRemovableAttributeTagProcessor
[THYMELEAF]             * [* {th:align,data-th-align}] [1000]: org.thymeleaf.standard.processor.StandardRemovableAttributeTagProcessor
[THYMELEAF]             * [* {th:marginheight,data-th-marginheight}] [1000]: org.thymeleaf.standard.processor.StandardRemovableAttributeTagProcessor
[THYMELEAF]             * [* {th:enctype,data-th-enctype}] [1000]: org.thymeleaf.standard.processor.StandardRemovableAttributeTagProcessor
[THYMELEAF]             * [* {th:rel,data-th-rel}] [1000]: org.thymeleaf.standard.processor.StandardRemovableAttributeTagProcessor
[THYMELEAF]             * [* {th:manifest,data-th-manifest}] [1000]: org.thymeleaf.standard.processor.StandardRemovableAttributeTagProcessor
[THYMELEAF]             * [* {th:abbr,data-th-abbr}] [1000]: org.thymeleaf.standard.processor.StandardRemovableAttributeTagProcessor
[THYMELEAF]             * [* {th:class,data-th-class}] [1000]: org.thymeleaf.standard.processor.StandardRemovableAttributeTagProcessor
[THYMELEAF]             * [* {th:preload,data-th-preload}] [1000]: org.thymeleaf.standard.processor.StandardRemovableAttributeTagProcessor
[THYMELEAF]             * [* {th:frameborder,data-th-frameborder}] [1000]: org.thymeleaf.standard.processor.StandardRemovableAttributeTagProcessor
[THYMELEAF]             * [* {th:http-equiv,data-th-http-equiv}] [1000]: org.thymeleaf.standard.processor.StandardRemovableAttributeTagProcessor
[THYMELEAF]             * [* {th:codebase,data-th-codebase}] [1000]: org.thymeleaf.standard.processor.StandardRemovableAttributeTagProcessor
[THYMELEAF]             * [* {th:rev,data-th-rev}] [1000]: org.thymeleaf.standard.processor.StandardRemovableAttributeTagProcessor
[THYMELEAF]             * [* {th:challenge,data-th-challenge}] [1000]: org.thymeleaf.standard.processor.StandardRemovableAttributeTagProcessor
[THYMELEAF]             * [* {th:min,data-th-min}] [1000]: org.thymeleaf.standard.processor.StandardRemovableAttributeTagProcessor
[THYMELEAF]             * [* {th:scheme,data-th-scheme}] [1000]: org.thymeleaf.standard.processor.StandardRemovableAttributeTagProcessor
[THYMELEAF]             * [* {th:size,data-th-size}] [1000]: org.thymeleaf.standard.processor.StandardRemovableAttributeTagProcessor
[THYMELEAF]             * [* {th:standby,data-th-standby}] [1000]: org.thymeleaf.standard.processor.StandardRemovableAttributeTagProcessor
[THYMELEAF]             * [* {th:marginwidth,data-th-marginwidth}] [1000]: org.thymeleaf.standard.processor.StandardRemovableAttributeTagProcessor
[THYMELEAF]             * [* {th:list,data-th-list}] [1000]: org.thymeleaf.standard.processor.StandardRemovableAttributeTagProcessor
[THYMELEAF]             * [* {th:kind,data-th-kind}] [1000]: org.thymeleaf.standard.processor.StandardRemovableAttributeTagProcessor
[THYMELEAF]             * [* {th:cellpadding,data-th-cellpadding}] [1000]: org.thymeleaf.standard.processor.StandardRemovableAttributeTagProcessor
[THYMELEAF]             * [* {th:archive,data-th-archive}] [1000]: org.thymeleaf.standard.processor.StandardRemovableAttributeTagProcessor
[THYMELEAF]             * [* {th:formenctype,data-th-formenctype}] [1000]: org.thymeleaf.standard.processor.StandardRemovableAttributeTagProcessor
[THYMELEAF]             * [* {th:span,data-th-span}] [1000]: org.thymeleaf.standard.processor.StandardRemovableAttributeTagProcessor
[THYMELEAF]             * [* {th:axis,data-th-axis}] [1000]: org.thymeleaf.standard.processor.StandardRemovableAttributeTagProcessor
[THYMELEAF]             * [* {th:icon,data-th-icon}] [1000]: org.thymeleaf.standard.processor.StandardRemovableAttributeTagProcessor
[THYMELEAF]             * [* {th:usemap,data-th-usemap}] [1000]: org.thymeleaf.standard.processor.StandardRemovableAttributeTagProcessor
[THYMELEAF]             * [* {th:height,data-th-height}] [1000]: org.thymeleaf.standard.processor.StandardRemovableAttributeTagProcessor
[THYMELEAF]             * [* {th:alt,data-th-alt}] [1000]: org.thymeleaf.standard.processor.StandardRemovableAttributeTagProcessor
[THYMELEAF]             * [* {th:rows,data-th-rows}] [1000]: org.thymeleaf.standard.processor.StandardRemovableAttributeTagProcessor
[THYMELEAF]             * [* {th:valuetype,data-th-valuetype}] [1000]: org.thymeleaf.standard.processor.StandardRemovableAttributeTagProcessor
[THYMELEAF]             * [* {th:scope,data-th-scope}] [1000]: org.thymeleaf.standard.processor.StandardRemovableAttributeTagProcessor
[THYMELEAF]             * [* {th:start,data-th-start}] [1000]: org.thymeleaf.standard.processor.StandardRemovableAttributeTagProcessor
[THYMELEAF]             * [* {th:keytype,data-th-keytype}] [1000]: org.thymeleaf.standard.processor.StandardRemovableAttributeTagProcessor
[THYMELEAF]             * [* {th:audio,data-th-audio}] [1000]: org.thymeleaf.standard.processor.StandardRemovableAttributeTagProcessor
[THYMELEAF]             * [* {th:hreflang,data-th-hreflang}] [1000]: org.thymeleaf.standard.processor.StandardRemovableAttributeTagProcessor
[THYMELEAF]             * [* {th:tabindex,data-th-tabindex}] [1000]: org.thymeleaf.standard.processor.StandardRemovableAttributeTagProcessor
[THYMELEAF]             * [* {th:scrolling,data-th-scrolling}] [1000]: org.thymeleaf.standard.processor.StandardRemovableAttributeTagProcessor
[THYMELEAF]             * [* {th:src,data-th-src}] [1000]: org.thymeleaf.standard.processor.StandardSrcTagProcessor
[THYMELEAF]             * [* {th:value,data-th-value}] [1000]: org.thymeleaf.standard.processor.StandardValueTagProcessor
[THYMELEAF]             * [* {th:xmlbase,data-th-xmlbase}] [1000]: org.thymeleaf.standard.processor.StandardXmlBaseTagProcessor
[THYMELEAF]             * [* {th:xmllang,data-th-xmllang}] [1000]: org.thymeleaf.standard.processor.StandardXmlLangTagProcessor
[THYMELEAF]             * [* {xmlns:th}] [1000]: org.thymeleaf.standard.processor.StandardXmlNsTagProcessor
[THYMELEAF]             * [* {th:xmlspace,data-th-xmlspace}] [1000]: org.thymeleaf.standard.processor.StandardXmlSpaceTagProcessor
[THYMELEAF]             * [* {th:classappend,data-th-classappend}] [1100]: org.thymeleaf.standard.processor.StandardClassappendTagProcessor
[THYMELEAF]             * [* {th:styleappend,data-th-styleappend}] [1100]: org.thymeleaf.standard.processor.StandardStyleappendTagProcessor
[THYMELEAF]             * [* {th:text,data-th-text}] [1300]: org.thymeleaf.standard.processor.StandardTextTagProcessor
[THYMELEAF]             * [* {th:utext,data-th-utext}] [1400]: org.thymeleaf.standard.processor.StandardUtextTagProcessor
[THYMELEAF]             * [* {th:fragment,data-th-fragment}] [1500]: org.thymeleaf.standard.processor.StandardFragmentTagProcessor
[THYMELEAF]             * [* {th:assert,data-th-assert}] [1550]: org.thymeleaf.standard.processor.StandardAssertTagProcessor
[THYMELEAF]             * [* {th:remove,data-th-remove}] [1600]: org.thymeleaf.standard.processor.StandardRemoveTagProcessor
[THYMELEAF]             * [* {th:ref,data-th-ref}] [10000]: org.thymeleaf.standard.processor.StandardRefAttributeTagProcessor
[THYMELEAF]             * [{th:block,th-block} *] [100000]: org.thymeleaf.standard.processor.StandardBlockTagProcessor
[THYMELEAF]             * [* th:*] [2147483647]: org.thymeleaf.standard.processor.StandardDefaultAttributesTagProcessor
[THYMELEAF]         * Text Processors by [precedence]:
[THYMELEAF]             * [1000]: org.thymeleaf.standard.processor.StandardInliningTextProcessor
[THYMELEAF]         * DOCTYPE Processors by [precedence]:
[THYMELEAF]             * [1000]: org.thymeleaf.standard.processor.StandardTranslationDocTypeProcessor
[THYMELEAF]         * CDATA Section Processors by [precedence]:
[THYMELEAF]             * [1000]: org.thymeleaf.standard.processor.StandardInliningCDATASectionProcessor
[THYMELEAF]         * Comment Processors by [precedence]:
[THYMELEAF]             * [1000]: org.thymeleaf.standard.processor.StandardInliningCommentProcessor
[THYMELEAF]             * [1100]: org.thymeleaf.standard.processor.StandardConditionalCommentProcessor
[THYMELEAF]     * Processors for Template Mode: XML
[THYMELEAF]         * Element Tag Processors by [matching element and attribute name] [precedence]:
[THYMELEAF]             * [* {th:include}] [100]: org.thymeleaf.standard.processor.StandardIncludeTagProcessor
[THYMELEAF]             * [* {th:insert}] [100]: org.thymeleaf.standard.processor.StandardInsertTagProcessor
[THYMELEAF]             * [* {th:replace}] [100]: org.thymeleaf.standard.processor.StandardReplaceTagProcessor
[THYMELEAF]             * [* {th:each}] [200]: com.intuit.karate.template.KarateEachTagProcessor
[THYMELEAF]             * [* {th:switch}] [250]: org.thymeleaf.standard.processor.StandardSwitchTagProcessor
[THYMELEAF]             * [* {th:case}] [275]: org.thymeleaf.standard.processor.StandardCaseTagProcessor
[THYMELEAF]             * [* {th:if}] [300]: org.thymeleaf.standard.processor.StandardIfTagProcessor
[THYMELEAF]             * [* {th:unless}] [400]: org.thymeleaf.standard.processor.StandardUnlessTagProcessor
[THYMELEAF]             * [* {th:object}] [500]: org.thymeleaf.standard.processor.StandardObjectTagProcessor
[THYMELEAF]             * [* {th:with}] [600]: com.intuit.karate.template.KarateWithTagProcessor
[THYMELEAF]             * [* {th:attr}] [700]: com.intuit.karate.template.KarateAttributeTagProcessor.KarateAttrTagProcessor
[THYMELEAF]             * [* {th:attrappend}] [900]: com.intuit.karate.template.KarateAttributeTagProcessor.KarateAttrappendTagProcessor
[THYMELEAF]             * [* {th:attrprepend}] [900]: com.intuit.karate.template.KarateAttributeTagProcessor.KarateAttrprependTagProcessor
[THYMELEAF]             * [* {th:inline}] [1000]: org.thymeleaf.standard.processor.StandardInlineXMLTagProcessor
[THYMELEAF]             * [* {xmlns:th}] [1000]: org.thymeleaf.standard.processor.StandardXmlNsTagProcessor
[THYMELEAF]             * [* {th:text}] [1300]: org.thymeleaf.standard.processor.StandardTextTagProcessor
[THYMELEAF]             * [* {th:utext}] [1400]: org.thymeleaf.standard.processor.StandardUtextTagProcessor
[THYMELEAF]             * [* {th:fragment}] [1500]: org.thymeleaf.standard.processor.StandardFragmentTagProcessor
[THYMELEAF]             * [* {th:assert}] [1550]: org.thymeleaf.standard.processor.StandardAssertTagProcessor
[THYMELEAF]             * [* {th:remove}] [1600]: org.thymeleaf.standard.processor.StandardRemoveTagProcessor
[THYMELEAF]             * [* {th:ref}] [10000]: org.thymeleaf.standard.processor.StandardRefAttributeTagProcessor
[THYMELEAF]             * [{th:block} *] [100000]: org.thymeleaf.standard.processor.StandardBlockTagProcessor
[THYMELEAF]             * [* th:*] [2147483647]: org.thymeleaf.standard.processor.StandardDefaultAttributesTagProcessor
[THYMELEAF]         * Text Processors by [precedence]:
[THYMELEAF]             * [1000]: org.thymeleaf.standard.processor.StandardInliningTextProcessor
[THYMELEAF]         * CDATA Section Processors by [precedence]:
[THYMELEAF]             * [1000]: org.thymeleaf.standard.processor.StandardInliningCDATASectionProcessor
[THYMELEAF]         * Comment Processors by [precedence]:
[THYMELEAF]             * [1000]: org.thymeleaf.standard.processor.StandardInliningCommentProcessor
[THYMELEAF]     * Processors for Template Mode: TEXT
[THYMELEAF]         * Element Tag Processors by [matching element and attribute name] [precedence]:
[THYMELEAF]             * [* {th:insert}] [100]: org.thymeleaf.standard.processor.StandardInsertTagProcessor
[THYMELEAF]             * [* {th:replace}] [100]: org.thymeleaf.standard.processor.StandardReplaceTagProcessor
[THYMELEAF]             * [* {th:each}] [200]: com.intuit.karate.template.KarateEachTagProcessor
[THYMELEAF]             * [* {th:switch}] [250]: org.thymeleaf.standard.processor.StandardSwitchTagProcessor
[THYMELEAF]             * [* {th:case}] [275]: org.thymeleaf.standard.processor.StandardCaseTagProcessor
[THYMELEAF]             * [* {th:if}] [300]: org.thymeleaf.standard.processor.StandardIfTagProcessor
[THYMELEAF]             * [* {th:unless}] [400]: org.thymeleaf.standard.processor.StandardUnlessTagProcessor
[THYMELEAF]             * [* {th:object}] [500]: org.thymeleaf.standard.processor.StandardObjectTagProcessor
[THYMELEAF]             * [* {th:with}] [600]: com.intuit.karate.template.KarateWithTagProcessor
[THYMELEAF]             * [* {th:inline}] [1000]: org.thymeleaf.standard.processor.StandardInlineTextualTagProcessor
[THYMELEAF]             * [* {th:text}] [1300]: org.thymeleaf.standard.processor.StandardTextTagProcessor
[THYMELEAF]             * [* {th:utext}] [1400]: org.thymeleaf.standard.processor.StandardUtextTagProcessor
[THYMELEAF]             * [* {th:assert}] [1550]: org.thymeleaf.standard.processor.StandardAssertTagProcessor
[THYMELEAF]             * [* {th:remove}] [1600]: org.thymeleaf.standard.processor.StandardRemoveTagProcessor
[THYMELEAF]             * [{th:block} *] [100000]: org.thymeleaf.standard.processor.StandardBlockTagProcessor
[THYMELEAF]             * [* 100000] [org.thymeleaf.standard.processor.StandardBlockTagProcessor]: {}
[THYMELEAF]         * Text Processors by [precedence]:
[THYMELEAF]             * [1000]: org.thymeleaf.standard.processor.StandardInliningTextProcessor
[THYMELEAF]     * Processors for Template Mode: JAVASCRIPT
[THYMELEAF]         * Element Tag Processors by [matching element and attribute name] [precedence]:
[THYMELEAF]             * [* {th:insert}] [100]: org.thymeleaf.standard.processor.StandardInsertTagProcessor
[THYMELEAF]             * [* {th:replace}] [100]: org.thymeleaf.standard.processor.StandardReplaceTagProcessor
[THYMELEAF]             * [* {th:each}] [200]: com.intuit.karate.template.KarateEachTagProcessor
[THYMELEAF]             * [* {th:switch}] [250]: org.thymeleaf.standard.processor.StandardSwitchTagProcessor
[THYMELEAF]             * [* {th:case}] [275]: org.thymeleaf.standard.processor.StandardCaseTagProcessor
[THYMELEAF]             * [* {th:if}] [300]: org.thymeleaf.standard.processor.StandardIfTagProcessor
[THYMELEAF]             * [* {th:unless}] [400]: org.thymeleaf.standard.processor.StandardUnlessTagProcessor
[THYMELEAF]             * [* {th:object}] [500]: org.thymeleaf.standard.processor.StandardObjectTagProcessor
[THYMELEAF]             * [* {th:with}] [600]: com.intuit.karate.template.KarateWithTagProcessor
[THYMELEAF]             * [* {th:inline}] [1000]: org.thymeleaf.standard.processor.StandardInlineTextualTagProcessor
[THYMELEAF]             * [* {th:text}] [1300]: org.thymeleaf.standard.processor.StandardTextTagProcessor
[THYMELEAF]             * [* {th:utext}] [1400]: org.thymeleaf.standard.processor.StandardUtextTagProcessor
[THYMELEAF]             * [* {th:assert}] [1550]: org.thymeleaf.standard.processor.StandardAssertTagProcessor
[THYMELEAF]             * [* {th:remove}] [1600]: org.thymeleaf.standard.processor.StandardRemoveTagProcessor
[THYMELEAF]             * [{th:block} *] [100000]: org.thymeleaf.standard.processor.StandardBlockTagProcessor
[THYMELEAF]             * [* 100000] [org.thymeleaf.standard.processor.StandardBlockTagProcessor]: {}
[THYMELEAF]         * Text Processors by [precedence]:
[THYMELEAF]             * [1000]: org.thymeleaf.standard.processor.StandardInliningTextProcessor
[THYMELEAF]     * Processors for Template Mode: CSS
[THYMELEAF]         * Element Tag Processors by [matching element and attribute name] [precedence]:
[THYMELEAF]             * [* {th:insert}] [100]: org.thymeleaf.standard.processor.StandardInsertTagProcessor
[THYMELEAF]             * [* {th:replace}] [100]: org.thymeleaf.standard.processor.StandardReplaceTagProcessor
[THYMELEAF]             * [* {th:each}] [200]: com.intuit.karate.template.KarateEachTagProcessor
[THYMELEAF]             * [* {th:switch}] [250]: org.thymeleaf.standard.processor.StandardSwitchTagProcessor
[THYMELEAF]             * [* {th:case}] [275]: org.thymeleaf.standard.processor.StandardCaseTagProcessor
[THYMELEAF]             * [* {th:if}] [300]: org.thymeleaf.standard.processor.StandardIfTagProcessor
[THYMELEAF]             * [* {th:unless}] [400]: org.thymeleaf.standard.processor.StandardUnlessTagProcessor
[THYMELEAF]             * [* {th:object}] [500]: org.thymeleaf.standard.processor.StandardObjectTagProcessor
[THYMELEAF]             * [* {th:with}] [600]: com.intuit.karate.template.KarateWithTagProcessor
[THYMELEAF]             * [* {th:inline}] [1000]: org.thymeleaf.standard.processor.StandardInlineTextualTagProcessor
[THYMELEAF]             * [* {th:text}] [1300]: org.thymeleaf.standard.processor.StandardTextTagProcessor
[THYMELEAF]             * [* {th:utext}] [1400]: org.thymeleaf.standard.processor.StandardUtextTagProcessor
[THYMELEAF]             * [* {th:assert}] [1550]: org.thymeleaf.standard.processor.StandardAssertTagProcessor
[THYMELEAF]             * [* {th:remove}] [1600]: org.thymeleaf.standard.processor.StandardRemoveTagProcessor
[THYMELEAF]             * [{th:block} *] [100000]: org.thymeleaf.standard.processor.StandardBlockTagProcessor
[THYMELEAF]             * [* 100000] [org.thymeleaf.standard.processor.StandardBlockTagProcessor]: {}
[THYMELEAF]         * Text Processors by [precedence]:
[THYMELEAF]             * [1000]: org.thymeleaf.standard.processor.StandardInliningTextProcessor
[THYMELEAF]     * Expression Objects:
[THYMELEAF]         * #ctx
[THYMELEAF]         * #root
[THYMELEAF]         * #vars
[THYMELEAF]         * #object
[THYMELEAF]         * #locale
[THYMELEAF]         * #conversions
[THYMELEAF]         * #uris
[THYMELEAF]         * #temporals
[THYMELEAF]         * #calendars
[THYMELEAF]         * #dates
[THYMELEAF]         * #bools
[THYMELEAF]         * #numbers
[THYMELEAF]         * #objects
[THYMELEAF]         * #strings
[THYMELEAF]         * #arrays
[THYMELEAF]         * #lists
[THYMELEAF]         * #sets
[THYMELEAF]         * #maps
[THYMELEAF]         * #aggregates
[THYMELEAF]         * #messages
[THYMELEAF]         * #ids
[THYMELEAF]         * #execInfo
[THYMELEAF]         * #request
[THYMELEAF]         * #response
[THYMELEAF]         * #session
[THYMELEAF]         * #servletContext
[THYMELEAF]     * Execution Attributes:
[THYMELEAF]         * "StandardExpressionParser": com.intuit.karate.template.KarateStandardDialect@4bca8eaf
[THYMELEAF]         * "StandardJavaScriptSerializer": org.thymeleaf.standard.serializer.StandardJavaScriptSerializer@24955144
[THYMELEAF]         * "StandardCSSSerializer": org.thymeleaf.standard.serializer.StandardCSSSerializer@9d2af36
[THYMELEAF]         * "StandardVariableExpressionEvaluator": com.intuit.karate.template.KarateStandardDialect@4bca8eaf
[THYMELEAF]         * "StandardConversionService": org.thymeleaf.standard.expression.StandardConversionService@740ad32e
[THYMELEAF] * Dialect [2 of 2]: karate (com.intuit.karate.template.KarateScriptDialect)
[THYMELEAF]     * Prefix: "ka"
[THYMELEAF]     * Processors for Template Mode: HTML
[THYMELEAF]         * Element Tag Processors by [matching element and attribute name] [precedence]:
[THYMELEAF]             * [* {src}] [1000]: com.intuit.karate.template.KaScriptAttrProcessor
[THYMELEAF]         * Element Model Processors by [matching element and attribute name] [precedence]:
[THYMELEAF]             * [{script} {ka:scope,data-ka-scope}] [1000]: com.intuit.karate.template.KaScriptElemProcessor
[THYMELEAF]             * [* {ka:set,data-ka-set}] [1000]: com.intuit.karate.template.KaSetElemProcessor
[THYMELEAF] TEMPLATE ENGINE CONFIGURED OK
11:17:38.253 [main] DEBUG org.thymeleaf.TemplateEngine -- [THYMELEAF] TEMPLATE ENGINE INITIALIZED
11:17:38.270 [main] DEBUG org.thymeleaf.TemplateEngine -- [THYMELEAF] INITIALIZING TEMPLATE ENGINE
11:17:38.287 [main] DEBUG org.thymeleaf.TemplateEngine.CONFIG -- Initializing Thymeleaf Template engine configuration...
[THYMELEAF] TEMPLATE ENGINE CONFIGURATION:
[THYMELEAF] * Thymeleaf version: 3.1.2.RELEASE (built 2023-07-30T19:25:50+0000)
[THYMELEAF] * Cache Manager implementation: org.thymeleaf.cache.StandardCacheManager
[THYMELEAF] * Template resolvers:
[THYMELEAF]     * [1] com.intuit.karate.template.ResourceHtmlTemplateResolver
[THYMELEAF] * Message resolvers:
[THYMELEAF]     * org.thymeleaf.messageresolver.StandardMessageResolver
[THYMELEAF] * Link builders:
[THYMELEAF]     * org.thymeleaf.linkbuilder.StandardLinkBuilder
[THYMELEAF] * Dialect [1 of 2]: Standard (com.intuit.karate.template.KarateStandardDialect)
[THYMELEAF]     * Prefix: "th"
[THYMELEAF]     * Processors for Template Mode: HTML
[THYMELEAF]         * Element Tag Processors by [matching element and attribute name] [precedence]:
[THYMELEAF]             * [* {th:include,data-th-include}] [100]: org.thymeleaf.standard.processor.StandardIncludeTagProcessor
[THYMELEAF]             * [* {th:insert,data-th-insert}] [100]: org.thymeleaf.standard.processor.StandardInsertTagProcessor
[THYMELEAF]             * [* {th:replace,data-th-replace}] [100]: org.thymeleaf.standard.processor.StandardReplaceTagProcessor
[THYMELEAF]             * [* {th:each,data-th-each}] [200]: com.intuit.karate.template.KarateEachTagProcessor
[THYMELEAF]             * [* {th:switch,data-th-switch}] [250]: org.thymeleaf.standard.processor.StandardSwitchTagProcessor
[THYMELEAF]             * [* {th:case,data-th-case}] [275]: org.thymeleaf.standard.processor.StandardCaseTagProcessor
[THYMELEAF]             * [* {th:if,data-th-if}] [300]: org.thymeleaf.standard.processor.StandardIfTagProcessor
[THYMELEAF]             * [* {th:unless,data-th-unless}] [400]: org.thymeleaf.standard.processor.StandardUnlessTagProcessor
[THYMELEAF]             * [* {th:object,data-th-object}] [500]: org.thymeleaf.standard.processor.StandardObjectTagProcessor
[THYMELEAF]             * [* {th:with,data-th-with}] [600]: com.intuit.karate.template.KarateWithTagProcessor
[THYMELEAF]             * [* {th:attr,data-th-attr}] [700]: com.intuit.karate.template.KarateAttributeTagProcessor.KarateAttrTagProcessor
[THYMELEAF]             * [* {th:attrappend,data-th-attrappend}] [900]: com.intuit.karate.template.KarateAttributeTagProcessor.KarateAttrappendTagProcessor
[THYMELEAF]             * [* {th:attrprepend,data-th-attrprepend}] [900]: com.intuit.karate.template.KarateAttributeTagProcessor.KarateAttrprependTagProcessor
[THYMELEAF]             * [* {th:alt-title,data-th-alt-title}] [990]: org.thymeleaf.standard.processor.StandardAltTitleTagProcessor
[THYMELEAF]             * [* {th:lang-xmllang,data-th-lang-xmllang}] [990]: org.thymeleaf.standard.processor.StandardLangXmlLangTagProcessor
[THYMELEAF]             * [* {th:action,data-th-action}] [1000]: org.thymeleaf.standard.processor.StandardActionTagProcessor
[THYMELEAF]             * [* {th:nowrap,data-th-nowrap}] [1000]: org.thymeleaf.standard.processor.StandardConditionalFixedValueTagProcessor
[THYMELEAF]             * [* {th:hidden,data-th-hidden}] [1000]: org.thymeleaf.standard.processor.StandardConditionalFixedValueTagProcessor
[THYMELEAF]             * [* {th:selected,data-th-selected}] [1000]: org.thymeleaf.standard.processor.StandardConditionalFixedValueTagProcessor
[THYMELEAF]             * [* {th:readonly,data-th-readonly}] [1000]: org.thymeleaf.standard.processor.StandardConditionalFixedValueTagProcessor
[THYMELEAF]             * [* {th:formnovalidate,data-th-formnovalidate}] [1000]: org.thymeleaf.standard.processor.StandardConditionalFixedValueTagProcessor
[THYMELEAF]             * [* {th:scoped,data-th-scoped}] [1000]: org.thymeleaf.standard.processor.StandardConditionalFixedValueTagProcessor
[THYMELEAF]             * [* {th:checked,data-th-checked}] [1000]: org.thymeleaf.standard.processor.StandardConditionalFixedValueTagProcessor
[THYMELEAF]             * [* {th:open,data-th-open}] [1000]: org.thymeleaf.standard.processor.StandardConditionalFixedValueTagProcessor
[THYMELEAF]             * [* {th:loop,data-th-loop}] [1000]: org.thymeleaf.standard.processor.StandardConditionalFixedValueTagProcessor
[THYMELEAF]             * [* {th:disabled,data-th-disabled}] [1000]: org.thymeleaf.standard.processor.StandardConditionalFixedValueTagProcessor
[THYMELEAF]             * [* {th:pubdate,data-th-pubdate}] [1000]: org.thymeleaf.standard.processor.StandardConditionalFixedValueTagProcessor
[THYMELEAF]             * [* {th:autoplay,data-th-autoplay}] [1000]: org.thymeleaf.standard.processor.StandardConditionalFixedValueTagProcessor
[THYMELEAF]             * [* {th:multiple,data-th-multiple}] [1000]: org.thymeleaf.standard.processor.StandardConditionalFixedValueTagProcessor
[THYMELEAF]             * [* {th:controls,data-th-controls}] [1000]: org.thymeleaf.standard.processor.StandardConditionalFixedValueTagProcessor
[THYMELEAF]             * [* {th:declare,data-th-declare}] [1000]: org.thymeleaf.standard.processor.StandardConditionalFixedValueTagProcessor
[THYMELEAF]             * [* {th:novalidate,data-th-novalidate}] [1000]: org.thymeleaf.standard.processor.StandardConditionalFixedValueTagProcessor
[THYMELEAF]             * [* {th:autofocus,data-th-autofocus}] [1000]: org.thymeleaf.standard.processor.StandardConditionalFixedValueTagProcessor
[THYMELEAF]             * [* {th:reversed,data-th-reversed}] [1000]: org.thymeleaf.standard.processor.StandardConditionalFixedValueTagProcessor
[THYMELEAF]             * [* {th:defer,data-th-defer}] [1000]: org.thymeleaf.standard.processor.StandardConditionalFixedValueTagProcessor
[THYMELEAF]             * [* {th:seamless,data-th-seamless}] [1000]: org.thymeleaf.standard.processor.StandardConditionalFixedValueTagProcessor
[THYMELEAF]             * [* {th:ismap,data-th-ismap}] [1000]: org.thymeleaf.standard.processor.StandardConditionalFixedValueTagProcessor
[THYMELEAF]             * [* {th:required,data-th-required}] [1000]: org.thymeleaf.standard.processor.StandardConditionalFixedValueTagProcessor
[THYMELEAF]             * [* {th:async,data-th-async}] [1000]: org.thymeleaf.standard.processor.StandardConditionalFixedValueTagProcessor
[THYMELEAF]             * [* {th:default,data-th-default}] [1000]: org.thymeleaf.standard.processor.StandardConditionalFixedValueTagProcessor
[THYMELEAF]             * [* {th:onstorage,data-th-onstorage}] [1000]: org.thymeleaf.standard.processor.StandardDOMEventAttributeTagProcessor
[THYMELEAF]             * [* {th:onoffline,data-th-onoffline}] [1000]: org.thymeleaf.standard.processor.StandardDOMEventAttributeTagProcessor
[THYMELEAF]             * [* {th:ondragend,data-th-ondragend}] [1000]: org.thymeleaf.standard.processor.StandardDOMEventAttributeTagProcessor
[THYMELEAF]             * [* {th:onkeypress,data-th-onkeypress}] [1000]: org.thymeleaf.standard.processor.StandardDOMEventAttributeTagProcessor
[THYMELEAF]             * [* {th:onmousemove,data-th-onmousemove}] [1000]: org.thymeleaf.standard.processor.StandardDOMEventAttributeTagProcessor
[THYMELEAF]             * [* {th:onloadstart,data-th-onloadstart}] [1000]: org.thymeleaf.standard.processor.StandardDOMEventAttributeTagProcessor
[THYMELEAF]             * [* {th:onchange,data-th-onchange}] [1000]: org.thymeleaf.standard.processor.StandardDOMEventAttributeTagProcessor
[THYMELEAF]             * [* {th:onplay,data-th-onplay}] [1000]: org.thymeleaf.standard.processor.StandardDOMEventAttributeTagProcessor
[THYMELEAF]             * [* {th:ondrop,data-th-ondrop}] [1000]: org.thymeleaf.standard.processor.StandardDOMEventAttributeTagProcessor
[THYMELEAF]             * [* {th:oninvalid,data-th-oninvalid}] [1000]: org.thymeleaf.standard.processor.StandardDOMEventAttributeTagProcessor
[THYMELEAF]             * [* {th:onbeforeprint,data-th-onbeforeprint}] [1000]: org.thymeleaf.standard.processor.StandardDOMEventAttributeTagProcessor
[THYMELEAF]             * [* {th:onabort,data-th-onabort}] [1000]: org.thymeleaf.standard.processor.StandardDOMEventAttributeTagProcessor
[THYMELEAF]             * [* {th:onseeking,data-th-onseeking}] [1000]: org.thymeleaf.standard.processor.StandardDOMEventAttributeTagProcessor
[THYMELEAF]             * [* {th:onvolumechange,data-th-onvolumechange}] [1000]: org.thymeleaf.standard.processor.StandardDOMEventAttributeTagProcessor
[THYMELEAF]             * [* {th:onpause,data-th-onpause}] [1000]: org.thymeleaf.standard.processor.StandardDOMEventAttributeTagProcessor
[THYMELEAF]             * [* {th:onblur,data-th-onblur}] [1000]: org.thymeleaf.standard.processor.StandardDOMEventAttributeTagProcessor
[THYMELEAF]             * [* {th:ondurationchange,data-th-ondurationchange}] [1000]: org.thymeleaf.standard.processor.StandardDOMEventAttributeTagProcessor
[THYMELEAF]             * [* {th:onhashchange,data-th-onhashchange}] [1000]: org.thymeleaf.standard.processor.StandardDOMEventAttributeTagProcessor
[THYMELEAF]             * [* {th:onprogress,data-th-onprogress}] [1000]: org.thymeleaf.standard.processor.StandardDOMEventAttributeTagProcessor
[THYMELEAF]             * [* {th:onundo,data-th-onundo}] [1000]: org.thymeleaf.standard.processor.StandardDOMEventAttributeTagProcessor
[THYMELEAF]             * [* {th:ondragover,data-th-ondragover}] [1000]: org.thymeleaf.standard.processor.StandardDOMEventAttributeTagProcessor
[THYMELEAF]             * [* {th:onforminput,data-th-onforminput}] [1000]: org.thymeleaf.standard.processor.StandardDOMEventAttributeTagProcessor
[THYMELEAF]             * [* {th:onload,data-th-onload}] [1000]: org.thymeleaf.standard.processor.StandardDOMEventAttributeTagProcessor
[THYMELEAF]             * [* {th:onkeyup,data-th-onkeyup}] [1000]: org.thymeleaf.standard.processor.StandardDOMEventAttributeTagProcessor
[THYMELEAF]             * [* {th:onended,data-th-onended}] [1000]: org.thymeleaf.standard.processor.StandardDOMEventAttributeTagProcessor
[THYMELEAF]             * [* {th:onselect,data-th-onselect}] [1000]: org.thymeleaf.standard.processor.StandardDOMEventAttributeTagProcessor
[THYMELEAF]             * [* {th:onmouseup,data-th-onmouseup}] [1000]: org.thymeleaf.standard.processor.StandardDOMEventAttributeTagProcessor
[THYMELEAF]             * [* {th:onsubmit,data-th-onsubmit}] [1000]: org.thymeleaf.standard.processor.StandardDOMEventAttributeTagProcessor
[THYMELEAF]             * [* {th:oncontextmenu,data-th-oncontextmenu}] [1000]: org.thymeleaf.standard.processor.StandardDOMEventAttributeTagProcessor
[THYMELEAF]             * [* {th:onscroll,data-th-onscroll}] [1000]: org.thymeleaf.standard.processor.StandardDOMEventAttributeTagProcessor
[THYMELEAF]             * [* {th:onredo,data-th-onredo}] [1000]: org.thymeleaf.standard.processor.StandardDOMEventAttributeTagProcessor
[THYMELEAF]             * [* {th:onbeforeunload,data-th-onbeforeunload}] [1000]: org.thymeleaf.standard.processor.StandardDOMEventAttributeTagProcessor
[THYMELEAF]             * [* {th:onplaying,data-th-onplaying}] [1000]: org.thymeleaf.standard.processor.StandardDOMEventAttributeTagProcessor
[THYMELEAF]             * [* {th:oncanplay,data-th-oncanplay}] [1000]: org.thymeleaf.standard.processor.StandardDOMEventAttributeTagProcessor
[THYMELEAF]             * [* {th:onreadystatechange,data-th-onreadystatechange}] [1000]: org.thymeleaf.standard.processor.StandardDOMEventAttributeTagProcessor
[THYMELEAF]             * [* {th:onformchange,data-th-onformchange}] [1000]: org.thymeleaf.standard.processor.StandardDOMEventAttributeTagProcessor
[THYMELEAF]             * [* {th:onunload,data-th-onunload}] [1000]: org.thymeleaf.standard.processor.StandardDOMEventAttributeTagProcessor
[THYMELEAF]             * [* {th:onloadedmetadata,data-th-onloadedmetadata}] [1000]: org.thymeleaf.standard.processor.StandardDOMEventAttributeTagProcessor
[THYMELEAF]             * [* {th:onpopstate,data-th-onpopstate}] [1000]: org.thymeleaf.standard.processor.StandardDOMEventAttributeTagProcessor
[THYMELEAF]             * [* {th:onwaiting,data-th-onwaiting}] [1000]: org.thymeleaf.standard.processor.StandardDOMEventAttributeTagProcessor
[THYMELEAF]             * [* {th:onshow,data-th-onshow}] [1000]: org.thymeleaf.standard.processor.StandardDOMEventAttributeTagProcessor
[THYMELEAF]             * [* {th:onmouseout,data-th-onmouseout}] [1000]: org.thymeleaf.standard.processor.StandardDOMEventAttributeTagProcessor
[THYMELEAF]             * [* {th:onmessage,data-th-onmessage}] [1000]: org.thymeleaf.standard.processor.StandardDOMEventAttributeTagProcessor
[THYMELEAF]             * [* {th:oncanplaythrough,data-th-oncanplaythrough}] [1000]: org.thymeleaf.standard.processor.StandardDOMEventAttributeTagProcessor
[THYMELEAF]             * [* {th:onemptied,data-th-onemptied}] [1000]: org.thymeleaf.standard.processor.StandardDOMEventAttributeTagProcessor
[THYMELEAF]             * [* {th:ontimeupdate,data-th-ontimeupdate}] [1000]: org.thymeleaf.standard.processor.StandardDOMEventAttributeTagProcessor
[THYMELEAF]             * [* {th:onreset,data-th-onreset}] [1000]: org.thymeleaf.standard.processor.StandardDOMEventAttributeTagProcessor
[THYMELEAF]             * [* {th:onerror,data-th-onerror}] [1000]: org.thymeleaf.standard.processor.StandardDOMEventAttributeTagProcessor
[THYMELEAF]             * [* {th:onfocus,data-th-onfocus}] [1000]: org.thymeleaf.standard.processor.StandardDOMEventAttributeTagProcessor
[THYMELEAF]             * [* {th:onratechange,data-th-onratechange}] [1000]: org.thymeleaf.standard.processor.StandardDOMEventAttributeTagProcessor
[THYMELEAF]             * [* {th:onmousewheel,data-th-onmousewheel}] [1000]: org.thymeleaf.standard.processor.StandardDOMEventAttributeTagProcessor
[THYMELEAF]             * [* {th:ondrag,data-th-ondrag}] [1000]: org.thymeleaf.standard.processor.StandardDOMEventAttributeTagProcessor
[THYMELEAF]             * [* {th:onkeydown,data-th-onkeydown}] [1000]: org.thymeleaf.standard.processor.StandardDOMEventAttributeTagProcessor
[THYMELEAF]             * [* {th:ondragleave,data-th-ondragleave}] [1000]: org.thymeleaf.standard.processor.StandardDOMEventAttributeTagProcessor
[THYMELEAF]             * [* {th:onclick,data-th-onclick}] [1000]: org.thymeleaf.standard.processor.StandardDOMEventAttributeTagProcessor
[THYMELEAF]             * [* {th:oninput,data-th-oninput}] [1000]: org.thymeleaf.standard.processor.StandardDOMEventAttributeTagProcessor
[THYMELEAF]             * [* {th:ononline,data-th-ononline}] [1000]: org.thymeleaf.standard.processor.StandardDOMEventAttributeTagProcessor
[THYMELEAF]             * [* {th:onmousedown,data-th-onmousedown}] [1000]: org.thymeleaf.standard.processor.StandardDOMEventAttributeTagProcessor
[THYMELEAF]             * [* {th:onsuspend,data-th-onsuspend}] [1000]: org.thymeleaf.standard.processor.StandardDOMEventAttributeTagProcessor
[THYMELEAF]             * [* {th:onresize,data-th-onresize}] [1000]: org.thymeleaf.standard.processor.StandardDOMEventAttributeTagProcessor
[THYMELEAF]             * [* {th:onloadeddata,data-th-onloadeddata}] [1000]: org.thymeleaf.standard.processor.StandardDOMEventAttributeTagProcessor
[THYMELEAF]             * [* {th:onstalled,data-th-onstalled}] [1000]: org.thymeleaf.standard.processor.StandardDOMEventAttributeTagProcessor
[THYMELEAF]             * [* {th:ondragenter,data-th-ondragenter}] [1000]: org.thymeleaf.standard.processor.StandardDOMEventAttributeTagProcessor
[THYMELEAF]             * [* {th:ondblclick,data-th-ondblclick}] [1000]: org.thymeleaf.standard.processor.StandardDOMEventAttributeTagProcessor
[THYMELEAF]             * [* {th:onafterprint,data-th-onafterprint}] [1000]: org.thymeleaf.standard.processor.StandardDOMEventAttributeTagProcessor
[THYMELEAF]             * [* {th:ondragstart,data-th-ondragstart}] [1000]: org.thymeleaf.standard.processor.StandardDOMEventAttributeTagProcessor
[THYMELEAF]             * [* {th:onseeked,data-th-onseeked}] [1000]: org.thymeleaf.standard.processor.StandardDOMEventAttributeTagProcessor
[THYMELEAF]             * [* {th:onmouseover,data-th-onmouseover}] [1000]: org.thymeleaf.standard.processor.StandardDOMEventAttributeTagProcessor
[THYMELEAF]             * [* {th:href,data-th-href}] [1000]: org.thymeleaf.standard.processor.StandardHrefTagProcessor
[THYMELEAF]             * [* {th:inline,data-th-inline}] [1000]: org.thymeleaf.standard.processor.StandardInlineHTMLTagProcessor
[THYMELEAF]             * [* {th:method,data-th-method}] [1000]: org.thymeleaf.standard.processor.StandardMethodTagProcessor
[THYMELEAF]             * [* {th:type,data-th-type}] [1000]: org.thymeleaf.standard.processor.StandardNonRemovableAttributeTagProcessor
[THYMELEAF]             * [* {th:name,data-th-name}] [1000]: org.thymeleaf.standard.processor.StandardNonRemovableAttributeTagProcessor
[THYMELEAF]             * [* {th:frame,data-th-frame}] [1000]: org.thymeleaf.standard.processor.StandardRemovableAttributeTagProcessor
[THYMELEAF]             * [* {th:max,data-th-max}] [1000]: org.thymeleaf.standard.processor.StandardRemovableAttributeTagProcessor
[THYMELEAF]             * [* {th:axis,data-th-axis}] [1000]: org.thymeleaf.standard.processor.StandardRemovableAttributeTagProcessor
[THYMELEAF]             * [* {th:formenctype,data-th-formenctype}] [1000]: org.thymeleaf.standard.processor.StandardRemovableAttributeTagProcessor
[THYMELEAF]             * [* {th:dir,data-th-dir}] [1000]: org.thymeleaf.standard.processor.StandardRemovableAttributeTagProcessor
[THYMELEAF]             * [* {th:colspan,data-th-colspan}] [1000]: org.thymeleaf.standard.processor.StandardRemovableAttributeTagProcessor
[THYMELEAF]             * [* {th:wrap,data-th-wrap}] [1000]: org.thymeleaf.standard.processor.StandardRemovableAttributeTagProcessor
[THYMELEAF]             * [* {th:icon,data-th-icon}] [1000]: org.thymeleaf.standard.processor.StandardRemovableAttributeTagProcessor
[THYMELEAF]             * [* {th:valuetype,data-th-valuetype}] [1000]: org.thymeleaf.standard.processor.StandardRemovableAttributeTagProcessor
[THYMELEAF]             * [* {th:high,data-th-high}] [1000]: org.thymeleaf.standard.processor.StandardRemovableAttributeTagProcessor
[THYMELEAF]             * [* {th:title,data-th-title}] [1000]: org.thymeleaf.standard.processor.StandardRemovableAttributeTagProcessor
[THYMELEAF]             * [* {th:border,data-th-border}] [1000]: org.thymeleaf.standard.processor.StandardRemovableAttributeTagProcessor
[THYMELEAF]             * [* {th:id,data-th-id}] [1000]: org.thymeleaf.standard.processor.StandardRemovableAttributeTagProcessor
[THYMELEAF]             * [* {th:longdesc,data-th-longdesc}] [1000]: org.thymeleaf.standard.processor.StandardRemovableAttributeTagProcessor
[THYMELEAF]             * [* {th:scrolling,data-th-scrolling}] [1000]: org.thymeleaf.standard.processor.StandardRemovableAttributeTagProcessor
[THYMELEAF]             * [* {th:manifest,data-th-manifest}] [1000]: org.thymeleaf.standard.processor.StandardRemovableAttributeTagProcessor
[THYMELEAF]             * [* {th:formtarget,data-th-formtarget}] [1000]: org.thymeleaf.standard.processor.StandardRemovableAttributeTagProcessor
[THYMELEAF]             * [* {th:dropzone,data-th-dropzone}] [1000]: org.thymeleaf.standard.processor.StandardRemovableAttributeTagProcessor
[THYMELEAF]             * [* {th:class,data-th-class}] [1000]: org.thymeleaf.standard.processor.StandardRemovableAttributeTagProcessor
[THYMELEAF]             * [* {th:label,data-th-label}] [1000]: org.thymeleaf.standard.processor.StandardRemovableAttributeTagProcessor
[THYMELEAF]             * [* {th:standby,data-th-standby}] [1000]: org.thymeleaf.standard.processor.StandardRemovableAttributeTagProcessor
[THYMELEAF]             * [* {th:scope,data-th-scope}] [1000]: org.thymeleaf.standard.processor.StandardRemovableAttributeTagProcessor
[THYMELEAF]             * [* {th:target,data-th-target}] [1000]: org.thymeleaf.standard.processor.StandardRemovableAttributeTagProcessor
[THYMELEAF]             * [* {th:cols,data-th-cols}] [1000]: org.thymeleaf.standard.processor.StandardRemovableAttributeTagProcessor
[THYMELEAF]             * [* {th:start,data-th-start}] [1000]: org.thymeleaf.standard.processor.StandardRemovableAttributeTagProcessor
[THYMELEAF]             * [* {th:maxlength,data-th-maxlength}] [1000]: org.thymeleaf.standard.processor.StandardRemovableAttributeTagProcessor
[THYMELEAF]             * [* {th:placeholder,data-th-placeholder}] [1000]: org.thymeleaf.standard.processor.StandardRemovableAttributeTagProcessor
[THYMELEAF]             * [* {th:height,data-th-height}] [1000]: org.thymeleaf.standard.processor.StandardRemovableAttributeTagProcessor
[THYMELEAF]             * [* {th:preload,data-th-preload}] [1000]: org.thymeleaf.standard.processor.StandardRemovableAttributeTagProcessor
[THYMELEAF]             * [* {th:width,data-th-width}] [1000]: org.thymeleaf.standard.processor.StandardRemovableAttributeTagProcessor
[THYMELEAF]             * [* {th:srclang,data-th-srclang}] [1000]: org.thymeleaf.standard.processor.StandardRemovableAttributeTagProcessor
[THYMELEAF]             * [* {th:bgcolor,data-th-bgcolor}] [1000]: org.thymeleaf.standard.processor.StandardRemovableAttributeTagProcessor
[THYMELEAF]             * [* {th:accept-charset,data-th-accept-charset}] [1000]: org.thymeleaf.standard.processor.StandardRemovableAttributeTagProcessor
[THYMELEAF]             * [* {th:sizes,data-th-sizes}] [1000]: org.thymeleaf.standard.processor.StandardRemovableAttributeTagProcessor
[THYMELEAF]             * [* {th:radiogroup,data-th-radiogroup}] [1000]: org.thymeleaf.standard.processor.StandardRemovableAttributeTagProcessor
[THYMELEAF]             * [* {th:cellspacing,data-th-cellspacing}] [1000]: org.thymeleaf.standard.processor.StandardRemovableAttributeTagProcessor
[THYMELEAF]             * [* {th:step,data-th-step}] [1000]: org.thymeleaf.standard.processor.StandardRemovableAttributeTagProcessor
[THYMELEAF]             * [* {th:poster,data-th-poster}] [1000]: org.thymeleaf.standard.processor.StandardRemovableAttributeTagProcessor
[THYMELEAF]             * [* {th:accept,data-th-accept}] [1000]: org.thymeleaf.standard.processor.StandardRemovableAttributeTagProcessor
[THYMELEAF]             * [* {th:content,data-th-content}] [1000]: org.thymeleaf.standard.processor.StandardRemovableAttributeTagProcessor
[THYMELEAF]             * [* {th:charset,data-th-charset}] [1000]: org.thymeleaf.standard.processor.StandardRemovableAttributeTagProcessor
[THYMELEAF]             * [* {th:rows,data-th-rows}] [1000]: org.thymeleaf.standard.processor.StandardRemovableAttributeTagProcessor
[THYMELEAF]             * [* {th:kind,data-th-kind}] [1000]: org.thymeleaf.standard.processor.StandardRemovableAttributeTagProcessor
[THYMELEAF]             * [* {th:usemap,data-th-usemap}] [1000]: org.thymeleaf.standard.processor.StandardRemovableAttributeTagProcessor
[THYMELEAF]             * [* {th:enctype,data-th-enctype}] [1000]: org.thymeleaf.standard.processor.StandardRemovableAttributeTagProcessor
[THYMELEAF]             * [* {th:audio,data-th-audio}] [1000]: org.thymeleaf.standard.processor.StandardRemovableAttributeTagProcessor
[THYMELEAF]             * [* {th:summary,data-th-summary}] [1000]: org.thymeleaf.standard.processor.StandardRemovableAttributeTagProcessor
[THYMELEAF]             * [* {th:rel,data-th-rel}] [1000]: org.thymeleaf.standard.processor.StandardRemovableAttributeTagProcessor
[THYMELEAF]             * [* {th:classid,data-th-classid}] [1000]: org.thymeleaf.standard.processor.StandardRemovableAttributeTagProcessor
[THYMELEAF]             * [* {th:datetime,data-th-datetime}] [1000]: org.thymeleaf.standard.processor.StandardRemovableAttributeTagProcessor
[THYMELEAF]             * [* {th:min,data-th-min}] [1000]: org.thymeleaf.standard.processor.StandardRemovableAttributeTagProcessor
[THYMELEAF]             * [* {th:draggable,data-th-draggable}] [1000]: org.thymeleaf.standard.processor.StandardRemovableAttributeTagProcessor
[THYMELEAF]             * [* {th:autocomplete,data-th-autocomplete}] [1000]: org.thymeleaf.standard.processor.StandardRemovableAttributeTagProcessor
[THYMELEAF]             * [* {th:span,data-th-span}] [1000]: org.thymeleaf.standard.processor.StandardRemovableAttributeTagProcessor
[THYMELEAF]             * [* {th:style,data-th-style}] [1000]: org.thymeleaf.standard.processor.StandardRemovableAttributeTagProcessor
[THYMELEAF]             * [* {th:media,data-th-media}] [1000]: org.thymeleaf.standard.processor.StandardRemovableAttributeTagProcessor
[THYMELEAF]             * [* {th:size,data-th-size}] [1000]: org.thymeleaf.standard.processor.StandardRemovableAttributeTagProcessor
[THYMELEAF]             * [* {th:form,data-th-form}] [1000]: org.thymeleaf.standard.processor.StandardRemovableAttributeTagProcessor
[THYMELEAF]             * [* {th:align,data-th-align}] [1000]: org.thymeleaf.standard.processor.StandardRemovableAttributeTagProcessor
[THYMELEAF]             * [* {th:scheme,data-th-scheme}] [1000]: org.thymeleaf.standard.processor.StandardRemovableAttributeTagProcessor
[THYMELEAF]             * [* {th:rules,data-th-rules}] [1000]: org.thymeleaf.standard.processor.StandardRemovableAttributeTagProcessor
[THYMELEAF]             * [* {th:for,data-th-for}] [1000]: org.thymeleaf.standard.processor.StandardRemovableAttributeTagProcessor
[THYMELEAF]             * [* {th:cellpadding,data-th-cellpadding}] [1000]: org.thymeleaf.standard.processor.StandardRemovableAttributeTagProcessor
[THYMELEAF]             * [* {th:rowspan,data-th-rowspan}] [1000]: org.thymeleaf.standard.processor.StandardRemovableAttributeTagProcessor
[THYMELEAF]             * [* {th:archive,data-th-archive}] [1000]: org.thymeleaf.standard.processor.StandardRemovableAttributeTagProcessor
[THYMELEAF]             * [* {th:sandbox,data-th-sandbox}] [1000]: org.thymeleaf.standard.processor.StandardRemovableAttributeTagProcessor
[THYMELEAF]             * [* {th:compact,data-th-compact}] [1000]: org.thymeleaf.standard.processor.StandardRemovableAttributeTagProcessor
[THYMELEAF]             * [* {th:challenge,data-th-challenge}] [1000]: org.thymeleaf.standard.processor.StandardRemovableAttributeTagProcessor
[THYMELEAF]             * [* {th:abbr,data-th-abbr}] [1000]: org.thymeleaf.standard.processor.StandardRemovableAttributeTagProcessor
[THYMELEAF]             * [* {th:tabindex,data-th-tabindex}] [1000]: org.thymeleaf.standard.processor.StandardRemovableAttributeTagProcessor
[THYMELEAF]             * [* {th:hreflang,data-th-hreflang}] [1000]: org.thymeleaf.standard.processor.StandardRemovableAttributeTagProcessor
[THYMELEAF]             * [* {th:optimum,data-th-optimum}] [1000]: org.thymeleaf.standard.processor.StandardRemovableAttributeTagProcessor
[THYMELEAF]             * [* {th:background,data-th-background}] [1000]: org.thymeleaf.standard.processor.StandardRemovableAttributeTagProcessor
[THYMELEAF]             * [* {th:marginheight,data-th-marginheight}] [1000]: org.thymeleaf.standard.processor.StandardRemovableAttributeTagProcessor
[THYMELEAF]             * [* {th:data,data-th-data}] [1000]: org.thymeleaf.standard.processor.StandardRemovableAttributeTagProcessor
[THYMELEAF]             * [* {th:contenteditable,data-th-contenteditable}] [1000]: org.thymeleaf.standard.processor.StandardRemovableAttributeTagProcessor
[THYMELEAF]             * [* {th:list,data-th-list}] [1000]: org.thymeleaf.standard.processor.StandardRemovableAttributeTagProcessor
[THYMELEAF]             * [* {th:alt,data-th-alt}] [1000]: org.thymeleaf.standard.processor.StandardRemovableAttributeTagProcessor
[THYMELEAF]             * [* {th:lang,data-th-lang}] [1000]: org.thymeleaf.standard.processor.StandardRemovableAttributeTagProcessor
[THYMELEAF]             * [* {th:marginwidth,data-th-marginwidth}] [1000]: org.thymeleaf.standard.processor.StandardRemovableAttributeTagProcessor
[THYMELEAF]             * [* {th:keytype,data-th-keytype}] [1000]: org.thymeleaf.standard.processor.StandardRemovableAttributeTagProcessor
[THYMELEAF]             * [* {th:frameborder,data-th-frameborder}] [1000]: org.thymeleaf.standard.processor.StandardRemovableAttributeTagProcessor
[THYMELEAF]             * [* {th:headers,data-th-headers}] [1000]: org.thymeleaf.standard.processor.StandardRemovableAttributeTagProcessor
[THYMELEAF]             * [* {th:low,data-th-low}] [1000]: org.thymeleaf.standard.processor.StandardRemovableAttributeTagProcessor
[THYMELEAF]             * [* {th:codetype,data-th-codetype}] [1000]: org.thymeleaf.standard.processor.StandardRemovableAttributeTagProcessor
[THYMELEAF]             * [* {th:rev,data-th-rev}] [1000]: org.thymeleaf.standard.processor.StandardRemovableAttributeTagProcessor
[THYMELEAF]             * [* {th:http-equiv,data-th-http-equiv}] [1000]: org.thymeleaf.standard.processor.StandardRemovableAttributeTagProcessor
[THYMELEAF]             * [* {th:codebase,data-th-codebase}] [1000]: org.thymeleaf.standard.processor.StandardRemovableAttributeTagProcessor
[THYMELEAF]             * [* {th:vspace,data-th-vspace}] [1000]: org.thymeleaf.standard.processor.StandardRemovableAttributeTagProcessor
[THYMELEAF]             * [* {th:spellcheck,data-th-spellcheck}] [1000]: org.thymeleaf.standard.processor.StandardRemovableAttributeTagProcessor
[THYMELEAF]             * [* {th:accesskey,data-th-accesskey}] [1000]: org.thymeleaf.standard.processor.StandardRemovableAttributeTagProcessor
[THYMELEAF]             * [* {th:contextmenu,data-th-contextmenu}] [1000]: org.thymeleaf.standard.processor.StandardRemovableAttributeTagProcessor
[THYMELEAF]             * [* {th:cite,data-th-cite}] [1000]: org.thymeleaf.standard.processor.StandardRemovableAttributeTagProcessor
[THYMELEAF]             * [* {th:hspace,data-th-hspace}] [1000]: org.thymeleaf.standard.processor.StandardRemovableAttributeTagProcessor
[THYMELEAF]             * [* {th:formaction,data-th-formaction}] [1000]: org.thymeleaf.standard.processor.StandardRemovableAttributeTagProcessor
[THYMELEAF]             * [* {th:pattern,data-th-pattern}] [1000]: org.thymeleaf.standard.processor.StandardRemovableAttributeTagProcessor
[THYMELEAF]             * [* {th:formmethod,data-th-formmethod}] [1000]: org.thymeleaf.standard.processor.StandardRemovableAttributeTagProcessor
[THYMELEAF]             * [* {th:src,data-th-src}] [1000]: org.thymeleaf.standard.processor.StandardSrcTagProcessor
[THYMELEAF]             * [* {th:value,data-th-value}] [1000]: org.thymeleaf.standard.processor.StandardValueTagProcessor
[THYMELEAF]             * [* {th:xmlbase,data-th-xmlbase}] [1000]: org.thymeleaf.standard.processor.StandardXmlBaseTagProcessor
[THYMELEAF]             * [* {th:xmllang,data-th-xmllang}] [1000]: org.thymeleaf.standard.processor.StandardXmlLangTagProcessor
[THYMELEAF]             * [* {xmlns:th}] [1000]: org.thymeleaf.standard.processor.StandardXmlNsTagProcessor
[THYMELEAF]             * [* {th:xmlspace,data-th-xmlspace}] [1000]: org.thymeleaf.standard.processor.StandardXmlSpaceTagProcessor
[THYMELEAF]             * [* {th:classappend,data-th-classappend}] [1100]: org.thymeleaf.standard.processor.StandardClassappendTagProcessor
[THYMELEAF]             * [* {th:styleappend,data-th-styleappend}] [1100]: org.thymeleaf.standard.processor.StandardStyleappendTagProcessor
[THYMELEAF]             * [* {th:text,data-th-text}] [1300]: org.thymeleaf.standard.processor.StandardTextTagProcessor
[THYMELEAF]             * [* {th:utext,data-th-utext}] [1400]: org.thymeleaf.standard.processor.StandardUtextTagProcessor
[THYMELEAF]             * [* {th:fragment,data-th-fragment}] [1500]: org.thymeleaf.standard.processor.StandardFragmentTagProcessor
[THYMELEAF]             * [* {th:assert,data-th-assert}] [1550]: org.thymeleaf.standard.processor.StandardAssertTagProcessor
[THYMELEAF]             * [* {th:remove,data-th-remove}] [1600]: org.thymeleaf.standard.processor.StandardRemoveTagProcessor
[THYMELEAF]             * [* {th:ref,data-th-ref}] [10000]: org.thymeleaf.standard.processor.StandardRefAttributeTagProcessor
[THYMELEAF]             * [{th:block,th-block} *] [100000]: org.thymeleaf.standard.processor.StandardBlockTagProcessor
[THYMELEAF]             * [* th:*] [2147483647]: org.thymeleaf.standard.processor.StandardDefaultAttributesTagProcessor
[THYMELEAF]         * Text Processors by [precedence]:
[THYMELEAF]             * [1000]: org.thymeleaf.standard.processor.StandardInliningTextProcessor
[THYMELEAF]         * DOCTYPE Processors by [precedence]:
[THYMELEAF]             * [1000]: org.thymeleaf.standard.processor.StandardTranslationDocTypeProcessor
[THYMELEAF]         * CDATA Section Processors by [precedence]:
[THYMELEAF]             * [1000]: org.thymeleaf.standard.processor.StandardInliningCDATASectionProcessor
[THYMELEAF]         * Comment Processors by [precedence]:
[THYMELEAF]             * [1000]: org.thymeleaf.standard.processor.StandardInliningCommentProcessor
[THYMELEAF]             * [1100]: org.thymeleaf.standard.processor.StandardConditionalCommentProcessor
[THYMELEAF]     * Processors for Template Mode: XML
[THYMELEAF]         * Element Tag Processors by [matching element and attribute name] [precedence]:
[THYMELEAF]             * [* {th:include}] [100]: org.thymeleaf.standard.processor.StandardIncludeTagProcessor
[THYMELEAF]             * [* {th:insert}] [100]: org.thymeleaf.standard.processor.StandardInsertTagProcessor
[THYMELEAF]             * [* {th:replace}] [100]: org.thymeleaf.standard.processor.StandardReplaceTagProcessor
[THYMELEAF]             * [* {th:each}] [200]: com.intuit.karate.template.KarateEachTagProcessor
[THYMELEAF]             * [* {th:switch}] [250]: org.thymeleaf.standard.processor.StandardSwitchTagProcessor
[THYMELEAF]             * [* {th:case}] [275]: org.thymeleaf.standard.processor.StandardCaseTagProcessor
[THYMELEAF]             * [* {th:if}] [300]: org.thymeleaf.standard.processor.StandardIfTagProcessor
[THYMELEAF]             * [* {th:unless}] [400]: org.thymeleaf.standard.processor.StandardUnlessTagProcessor
[THYMELEAF]             * [* {th:object}] [500]: org.thymeleaf.standard.processor.StandardObjectTagProcessor
[THYMELEAF]             * [* {th:with}] [600]: com.intuit.karate.template.KarateWithTagProcessor
[THYMELEAF]             * [* {th:attr}] [700]: com.intuit.karate.template.KarateAttributeTagProcessor.KarateAttrTagProcessor
[THYMELEAF]             * [* {th:attrappend}] [900]: com.intuit.karate.template.KarateAttributeTagProcessor.KarateAttrappendTagProcessor
[THYMELEAF]             * [* {th:attrprepend}] [900]: com.intuit.karate.template.KarateAttributeTagProcessor.KarateAttrprependTagProcessor
[THYMELEAF]             * [* {th:inline}] [1000]: org.thymeleaf.standard.processor.StandardInlineXMLTagProcessor
[THYMELEAF]             * [* {xmlns:th}] [1000]: org.thymeleaf.standard.processor.StandardXmlNsTagProcessor
[THYMELEAF]             * [* {th:text}] [1300]: org.thymeleaf.standard.processor.StandardTextTagProcessor
[THYMELEAF]             * [* {th:utext}] [1400]: org.thymeleaf.standard.processor.StandardUtextTagProcessor
[THYMELEAF]             * [* {th:fragment}] [1500]: org.thymeleaf.standard.processor.StandardFragmentTagProcessor
[THYMELEAF]             * [* {th:assert}] [1550]: org.thymeleaf.standard.processor.StandardAssertTagProcessor
[THYMELEAF]             * [* {th:remove}] [1600]: org.thymeleaf.standard.processor.StandardRemoveTagProcessor
[THYMELEAF]             * [* {th:ref}] [10000]: org.thymeleaf.standard.processor.StandardRefAttributeTagProcessor
[THYMELEAF]             * [{th:block} *] [100000]: org.thymeleaf.standard.processor.StandardBlockTagProcessor
[THYMELEAF]             * [* th:*] [2147483647]: org.thymeleaf.standard.processor.StandardDefaultAttributesTagProcessor
[THYMELEAF]         * Text Processors by [precedence]:
[THYMELEAF]             * [1000]: org.thymeleaf.standard.processor.StandardInliningTextProcessor
[THYMELEAF]         * CDATA Section Processors by [precedence]:
[THYMELEAF]             * [1000]: org.thymeleaf.standard.processor.StandardInliningCDATASectionProcessor
[THYMELEAF]         * Comment Processors by [precedence]:
[THYMELEAF]             * [1000]: org.thymeleaf.standard.processor.StandardInliningCommentProcessor
[THYMELEAF]     * Processors for Template Mode: TEXT
[THYMELEAF]         * Element Tag Processors by [matching element and attribute name] [precedence]:
[THYMELEAF]             * [* {th:insert}] [100]: org.thymeleaf.standard.processor.StandardInsertTagProcessor
[THYMELEAF]             * [* {th:replace}] [100]: org.thymeleaf.standard.processor.StandardReplaceTagProcessor
[THYMELEAF]             * [* {th:each}] [200]: com.intuit.karate.template.KarateEachTagProcessor
[THYMELEAF]             * [* {th:switch}] [250]: org.thymeleaf.standard.processor.StandardSwitchTagProcessor
[THYMELEAF]             * [* {th:case}] [275]: org.thymeleaf.standard.processor.StandardCaseTagProcessor
[THYMELEAF]             * [* {th:if}] [300]: org.thymeleaf.standard.processor.StandardIfTagProcessor
[THYMELEAF]             * [* {th:unless}] [400]: org.thymeleaf.standard.processor.StandardUnlessTagProcessor
[THYMELEAF]             * [* {th:object}] [500]: org.thymeleaf.standard.processor.StandardObjectTagProcessor
[THYMELEAF]             * [* {th:with}] [600]: com.intuit.karate.template.KarateWithTagProcessor
[THYMELEAF]             * [* {th:inline}] [1000]: org.thymeleaf.standard.processor.StandardInlineTextualTagProcessor
[THYMELEAF]             * [* {th:text}] [1300]: org.thymeleaf.standard.processor.StandardTextTagProcessor
[THYMELEAF]             * [* {th:utext}] [1400]: org.thymeleaf.standard.processor.StandardUtextTagProcessor
[THYMELEAF]             * [* {th:assert}] [1550]: org.thymeleaf.standard.processor.StandardAssertTagProcessor
[THYMELEAF]             * [* {th:remove}] [1600]: org.thymeleaf.standard.processor.StandardRemoveTagProcessor
[THYMELEAF]             * [{th:block} *] [100000]: org.thymeleaf.standard.processor.StandardBlockTagProcessor
[THYMELEAF]             * [* 100000] [org.thymeleaf.standard.processor.StandardBlockTagProcessor]: {}
[THYMELEAF]         * Text Processors by [precedence]:
[THYMELEAF]             * [1000]: org.thymeleaf.standard.processor.StandardInliningTextProcessor
[THYMELEAF]     * Processors for Template Mode: JAVASCRIPT
[THYMELEAF]         * Element Tag Processors by [matching element and attribute name] [precedence]:
[THYMELEAF]             * [* {th:insert}] [100]: org.thymeleaf.standard.processor.StandardInsertTagProcessor
[THYMELEAF]             * [* {th:replace}] [100]: org.thymeleaf.standard.processor.StandardReplaceTagProcessor
[THYMELEAF]             * [* {th:each}] [200]: com.intuit.karate.template.KarateEachTagProcessor
[THYMELEAF]             * [* {th:switch}] [250]: org.thymeleaf.standard.processor.StandardSwitchTagProcessor
[THYMELEAF]             * [* {th:case}] [275]: org.thymeleaf.standard.processor.StandardCaseTagProcessor
[THYMELEAF]             * [* {th:if}] [300]: org.thymeleaf.standard.processor.StandardIfTagProcessor
[THYMELEAF]             * [* {th:unless}] [400]: org.thymeleaf.standard.processor.StandardUnlessTagProcessor
[THYMELEAF]             * [* {th:object}] [500]: org.thymeleaf.standard.processor.StandardObjectTagProcessor
[THYMELEAF]             * [* {th:with}] [600]: com.intuit.karate.template.KarateWithTagProcessor
[THYMELEAF]             * [* {th:inline}] [1000]: org.thymeleaf.standard.processor.StandardInlineTextualTagProcessor
[THYMELEAF]             * [* {th:text}] [1300]: org.thymeleaf.standard.processor.StandardTextTagProcessor
[THYMELEAF]             * [* {th:utext}] [1400]: org.thymeleaf.standard.processor.StandardUtextTagProcessor
[THYMELEAF]             * [* {th:assert}] [1550]: org.thymeleaf.standard.processor.StandardAssertTagProcessor
[THYMELEAF]             * [* {th:remove}] [1600]: org.thymeleaf.standard.processor.StandardRemoveTagProcessor
[THYMELEAF]             * [* 100000] [org.thymeleaf.standard.processor.StandardBlockTagProcessor]: {}
[THYMELEAF]             * [{th:block} *] [100000]: org.thymeleaf.standard.processor.StandardBlockTagProcessor
[THYMELEAF]         * Text Processors by [precedence]:
[THYMELEAF]             * [1000]: org.thymeleaf.standard.processor.StandardInliningTextProcessor
[THYMELEAF]     * Processors for Template Mode: CSS
[THYMELEAF]         * Element Tag Processors by [matching element and attribute name] [precedence]:
[THYMELEAF]             * [* {th:insert}] [100]: org.thymeleaf.standard.processor.StandardInsertTagProcessor
[THYMELEAF]             * [* {th:replace}] [100]: org.thymeleaf.standard.processor.StandardReplaceTagProcessor
[THYMELEAF]             * [* {th:each}] [200]: com.intuit.karate.template.KarateEachTagProcessor
[THYMELEAF]             * [* {th:switch}] [250]: org.thymeleaf.standard.processor.StandardSwitchTagProcessor
[THYMELEAF]             * [* {th:case}] [275]: org.thymeleaf.standard.processor.StandardCaseTagProcessor
[THYMELEAF]             * [* {th:if}] [300]: org.thymeleaf.standard.processor.StandardIfTagProcessor
[THYMELEAF]             * [* {th:unless}] [400]: org.thymeleaf.standard.processor.StandardUnlessTagProcessor
[THYMELEAF]             * [* {th:object}] [500]: org.thymeleaf.standard.processor.StandardObjectTagProcessor
[THYMELEAF]             * [* {th:with}] [600]: com.intuit.karate.template.KarateWithTagProcessor
[THYMELEAF]             * [* {th:inline}] [1000]: org.thymeleaf.standard.processor.StandardInlineTextualTagProcessor
[THYMELEAF]             * [* {th:text}] [1300]: org.thymeleaf.standard.processor.StandardTextTagProcessor
[THYMELEAF]             * [* {th:utext}] [1400]: org.thymeleaf.standard.processor.StandardUtextTagProcessor
[THYMELEAF]             * [* {th:assert}] [1550]: org.thymeleaf.standard.processor.StandardAssertTagProcessor
[THYMELEAF]             * [* {th:remove}] [1600]: org.thymeleaf.standard.processor.StandardRemoveTagProcessor
[THYMELEAF]             * [{th:block} *] [100000]: org.thymeleaf.standard.processor.StandardBlockTagProcessor
[THYMELEAF]             * [* 100000] [org.thymeleaf.standard.processor.StandardBlockTagProcessor]: {}
[THYMELEAF]         * Text Processors by [precedence]:
[THYMELEAF]             * [1000]: org.thymeleaf.standard.processor.StandardInliningTextProcessor
[THYMELEAF]     * Expression Objects:
[THYMELEAF]         * #ctx
[THYMELEAF]         * #root
[THYMELEAF]         * #vars
[THYMELEAF]         * #object
[THYMELEAF]         * #locale
[THYMELEAF]         * #conversions
[THYMELEAF]         * #uris
[THYMELEAF]         * #temporals
[THYMELEAF]         * #calendars
[THYMELEAF]         * #dates
[THYMELEAF]         * #bools
[THYMELEAF]         * #numbers
[THYMELEAF]         * #objects
[THYMELEAF]         * #strings
[THYMELEAF]         * #arrays
[THYMELEAF]         * #lists
[THYMELEAF]         * #sets
[THYMELEAF]         * #maps
[THYMELEAF]         * #aggregates
[THYMELEAF]         * #messages
[THYMELEAF]         * #ids
[THYMELEAF]         * #execInfo
[THYMELEAF]         * #request
[THYMELEAF]         * #response
[THYMELEAF]         * #session
[THYMELEAF]         * #servletContext
[THYMELEAF]     * Execution Attributes:
[THYMELEAF]         * "StandardExpressionParser": com.intuit.karate.template.KarateStandardDialect@248d2cec
[THYMELEAF]         * "StandardJavaScriptSerializer": org.thymeleaf.standard.serializer.StandardJavaScriptSerializer@7c8b37a8
[THYMELEAF]         * "StandardCSSSerializer": org.thymeleaf.standard.serializer.StandardCSSSerializer@3831f4c2
[THYMELEAF]         * "StandardVariableExpressionEvaluator": com.intuit.karate.template.KarateStandardDialect@248d2cec
[THYMELEAF]         * "StandardConversionService": org.thymeleaf.standard.expression.StandardConversionService@75f2ff80
[THYMELEAF] * Dialect [2 of 2]: karate (com.intuit.karate.template.KarateScriptDialect)
[THYMELEAF]     * Prefix: "ka"
[THYMELEAF]     * Processors for Template Mode: HTML
[THYMELEAF]         * Element Tag Processors by [matching element and attribute name] [precedence]:
[THYMELEAF]             * [* {src}] [1000]: com.intuit.karate.template.KaScriptAttrProcessor
[THYMELEAF]         * Element Model Processors by [matching element and attribute name] [precedence]:
[THYMELEAF]             * [{script} {ka:scope,data-ka-scope}] [1000]: com.intuit.karate.template.KaScriptElemProcessor
[THYMELEAF]             * [* {ka:set,data-ka-set}] [1000]: com.intuit.karate.template.KaSetElemProcessor
[THYMELEAF] TEMPLATE ENGINE CONFIGURED OK
11:17:38.288 [main] DEBUG org.thymeleaf.TemplateEngine -- [THYMELEAF] TEMPLATE ENGINE INITIALIZED

HTML report: (paste into browser to view) | Karate version: 1.4.1
file:///C:/Users/monst/karate-tests/target/karate-reports/karate-summary.html
===================================================================

]]></system-out>
    <system-err><![CDATA[ERROR StatusLogger Log4j2 could not find a logging implementation. Please add log4j-core to the classpath. Using SimpleLogger to log to the console...
]]></system-err>
  </testcase>
</testsuite>