<?xml version="1.0" encoding="UTF-8"?>
<testsuite xmlns:xsi="http://www.w3.org/2001/XMLSchema-instance" xsi:noNamespaceSchemaLocation="https://maven.apache.org/surefire/maven-surefire-plugin/xsd/surefire-test-report-3.0.xsd" version="3.0" name="runners.auth.LoginExcelTestRunner" time="6.454" tests="1" errors="0" skipped="0" failures="0">
  <properties>
    <property name="java.specification.version" value="17"/>
    <property name="sun.cpu.isalist" value="amd64"/>
    <property name="sun.jnu.encoding" value="Cp1252"/>
    <property name="java.class.path" value="C:\Users\monst\karate-tests\target\test-classes;C:\Users\monst\karate-tests\target\classes;C:\Users\monst\.m2\repository\com\intuit\karate\karate-junit5\1.4.1\karate-junit5-1.4.1.jar;C:\Users\monst\.m2\repository\com\intuit\karate\karate-core\1.4.1\karate-core-1.4.1.jar;C:\Users\monst\.m2\repository\org\graalvm\js\js-scriptengine\22.3.3\js-scriptengine-22.3.3.jar;C:\Users\monst\.m2\repository\org\graalvm\sdk\graal-sdk\22.3.3\graal-sdk-22.3.3.jar;C:\Users\monst\.m2\repository\org\graalvm\js\js\22.3.3\js-22.3.3.jar;C:\Users\monst\.m2\repository\org\graalvm\regex\regex\22.3.3\regex-22.3.3.jar;C:\Users\monst\.m2\repository\org\graalvm\truffle\truffle-api\22.3.3\truffle-api-22.3.3.jar;C:\Users\monst\.m2\repository\com\ibm\icu\icu4j\71.1\icu4j-71.1.jar;C:\Users\monst\.m2\repository\org\thymeleaf\thymeleaf\3.1.2.RELEASE\thymeleaf-3.1.2.RELEASE.jar;C:\Users\monst\.m2\repository\ognl\ognl\3.3.4\ognl-3.3.4.jar;C:\Users\monst\.m2\repository\org\javassist\javassist\3.29.0-GA\javassist-3.29.0-GA.jar;C:\Users\monst\.m2\repository\org\attoparser\attoparser\2.0.7.RELEASE\attoparser-2.0.7.RELEASE.jar;C:\Users\monst\.m2\repository\org\unbescape\unbescape\1.1.6.RELEASE\unbescape-1.1.6.RELEASE.jar;C:\Users\monst\.m2\repository\org\slf4j\slf4j-api\2.0.7\slf4j-api-2.0.7.jar;C:\Users\monst\.m2\repository\com\linecorp\armeria\armeria\1.25.2\armeria-1.25.2.jar;C:\Users\monst\.m2\repository\com\fasterxml\jackson\core\jackson-core\2.15.2\jackson-core-2.15.2.jar;C:\Users\monst\.m2\repository\com\fasterxml\jackson\core\jackson-annotations\2.15.2\jackson-annotations-2.15.2.jar;C:\Users\monst\.m2\repository\com\fasterxml\jackson\core\jackson-databind\2.15.2\jackson-databind-2.15.2.jar;C:\Users\monst\.m2\repository\com\fasterxml\jackson\datatype\jackson-datatype-jdk8\2.15.2\jackson-datatype-jdk8-2.15.2.jar;C:\Users\monst\.m2\repository\com\fasterxml\jackson\datatype\jackson-datatype-jsr310\2.15.2\jackson-datatype-jsr310-2.15.2.jar;C:\Users\monst\.m2\repository\io\micrometer\micrometer-core\1.11.3\micrometer-core-1.11.3.jar;C:\Users\monst\.m2\repository\io\micrometer\micrometer-commons\1.11.3\micrometer-commons-1.11.3.jar;C:\Users\monst\.m2\repository\io\micrometer\micrometer-observation\1.11.3\micrometer-observation-1.11.3.jar;C:\Users\monst\.m2\repository\org\hdrhistogram\HdrHistogram\2.1.12\HdrHistogram-2.1.12.jar;C:\Users\monst\.m2\repository\org\latencyutils\LatencyUtils\2.0.3\LatencyUtils-2.0.3.jar;C:\Users\monst\.m2\repository\io\netty\netty-transport\4.1.96.Final\netty-transport-4.1.96.Final.jar;C:\Users\monst\.m2\repository\io\netty\netty-common\4.1.96.Final\netty-common-4.1.96.Final.jar;C:\Users\monst\.m2\repository\io\netty\netty-buffer\4.1.96.Final\netty-buffer-4.1.96.Final.jar;C:\Users\monst\.m2\repository\io\netty\netty-resolver\4.1.96.Final\netty-resolver-4.1.96.Final.jar;C:\Users\monst\.m2\repository\io\netty\netty-codec-haproxy\4.1.96.Final\netty-codec-haproxy-4.1.96.Final.jar;C:\Users\monst\.m2\repository\io\netty\netty-codec\4.1.96.Final\netty-codec-4.1.96.Final.jar;C:\Users\monst\.m2\repository\io\netty\netty-codec-http2\4.1.96.Final\netty-codec-http2-4.1.96.Final.jar;C:\Users\monst\.m2\repository\io\netty\netty-handler\4.1.96.Final\netty-handler-4.1.96.Final.jar;C:\Users\monst\.m2\repository\io\netty\netty-codec-http\4.1.96.Final\netty-codec-http-4.1.96.Final.jar;C:\Users\monst\.m2\repository\io\netty\netty-resolver-dns\4.1.96.Final\netty-resolver-dns-4.1.96.Final.jar;C:\Users\monst\.m2\repository\io\netty\netty-codec-dns\4.1.96.Final\netty-codec-dns-4.1.96.Final.jar;C:\Users\monst\.m2\repository\org\reactivestreams\reactive-streams\1.0.4\reactive-streams-1.0.4.jar;C:\Users\monst\.m2\repository\com\google\code\findbugs\jsr305\3.0.2\jsr305-3.0.2.jar;C:\Users\monst\.m2\repository\io\netty\netty-handler-proxy\4.1.96.Final\netty-handler-proxy-4.1.96.Final.jar;C:\Users\monst\.m2\repository\io\netty\netty-codec-socks\4.1.96.Final\netty-codec-socks-4.1.96.Final.jar;C:\Users\monst\.m2\repository\io\netty\netty-transport-native-unix-common\4.1.96.Final\netty-transport-native-unix-common-4.1.96.Final-linux-x86_64.jar;C:\Users\monst\.m2\repository\io\netty\netty-transport-native-epoll\4.1.96.Final\netty-transport-native-epoll-4.1.96.Final-linux-x86_64.jar;C:\Users\monst\.m2\repository\io\netty\netty-transport-native-unix-common\4.1.96.Final\netty-transport-native-unix-common-4.1.96.Final.jar;C:\Users\monst\.m2\repository\io\netty\netty-transport-classes-epoll\4.1.96.Final\netty-transport-classes-epoll-4.1.96.Final.jar;C:\Users\monst\.m2\repository\io\netty\netty-transport-native-unix-common\4.1.96.Final\netty-transport-native-unix-common-4.1.96.Final-linux-aarch_64.jar;C:\Users\monst\.m2\repository\io\netty\netty-transport-native-epoll\4.1.96.Final\netty-transport-native-epoll-4.1.96.Final-linux-aarch_64.jar;C:\Users\monst\.m2\repository\io\netty\netty-transport-native-unix-common\4.1.96.Final\netty-transport-native-unix-common-4.1.96.Final-osx-x86_64.jar;C:\Users\monst\.m2\repository\io\netty\netty-transport-native-kqueue\4.1.96.Final\netty-transport-native-kqueue-4.1.96.Final-osx-x86_64.jar;C:\Users\monst\.m2\repository\io\netty\netty-transport-classes-kqueue\4.1.96.Final\netty-transport-classes-kqueue-4.1.96.Final.jar;C:\Users\monst\.m2\repository\io\netty\netty-resolver-dns-native-macos\4.1.96.Final\netty-resolver-dns-native-macos-4.1.96.Final-osx-x86_64.jar;C:\Users\monst\.m2\repository\io\netty\netty-resolver-dns-classes-macos\4.1.96.Final\netty-resolver-dns-classes-macos-4.1.96.Final.jar;C:\Users\monst\.m2\repository\io\netty\netty-transport-native-unix-common\4.1.96.Final\netty-transport-native-unix-common-4.1.96.Final-osx-aarch_64.jar;C:\Users\monst\.m2\repository\io\netty\netty-transport-native-kqueue\4.1.96.Final\netty-transport-native-kqueue-4.1.96.Final-osx-aarch_64.jar;C:\Users\monst\.m2\repository\io\netty\netty-resolver-dns-native-macos\4.1.96.Final\netty-resolver-dns-native-macos-4.1.96.Final-osx-aarch_64.jar;C:\Users\monst\.m2\repository\io\netty\netty-tcnative-boringssl-static\2.0.61.Final\netty-tcnative-boringssl-static-2.0.61.Final-linux-x86_64.jar;C:\Users\monst\.m2\repository\io\netty\netty-tcnative-classes\2.0.61.Final\netty-tcnative-classes-2.0.61.Final.jar;C:\Users\monst\.m2\repository\io\netty\netty-tcnative-boringssl-static\2.0.61.Final\netty-tcnative-boringssl-static-2.0.61.Final-linux-aarch_64.jar;C:\Users\monst\.m2\repository\io\netty\netty-tcnative-boringssl-static\2.0.61.Final\netty-tcnative-boringssl-static-2.0.61.Final-osx-x86_64.jar;C:\Users\monst\.m2\repository\io\netty\netty-tcnative-boringssl-static\2.0.61.Final\netty-tcnative-boringssl-static-2.0.61.Final-osx-aarch_64.jar;C:\Users\monst\.m2\repository\io\netty\netty-tcnative-boringssl-static\2.0.61.Final\netty-tcnative-boringssl-static-2.0.61.Final-windows-x86_64.jar;C:\Users\monst\.m2\repository\com\aayushatharva\brotli4j\brotli4j\1.12.0\brotli4j-1.12.0.jar;C:\Users\monst\.m2\repository\com\aayushatharva\brotli4j\service\1.12.0\service-1.12.0.jar;C:\Users\monst\.m2\repository\com\aayushatharva\brotli4j\native-windows-x86_64\1.12.0\native-windows-x86_64-1.12.0.jar;C:\Users\monst\.m2\repository\org\apache\httpcomponents\httpclient\4.5.14\httpclient-4.5.14.jar;C:\Users\monst\.m2\repository\org\apache\httpcomponents\httpcore\4.4.16\httpcore-4.4.16.jar;C:\Users\monst\.m2\repository\ch\qos\logback\logback-classic\1.4.11\logback-classic-1.4.11.jar;C:\Users\monst\.m2\repository\ch\qos\logback\logback-core\1.4.11\logback-core-1.4.11.jar;C:\Users\monst\.m2\repository\org\slf4j\jcl-over-slf4j\2.0.9\jcl-over-slf4j-2.0.9.jar;C:\Users\monst\.m2\repository\org\antlr\antlr4-runtime\4.11.1\antlr4-runtime-4.11.1.jar;C:\Users\monst\.m2\repository\com\jayway\jsonpath\json-path\2.8.0\json-path-2.8.0.jar;C:\Users\monst\.m2\repository\net\minidev\json-smart\2.4.10\json-smart-2.4.10.jar;C:\Users\monst\.m2\repository\net\minidev\accessors-smart\2.4.9\accessors-smart-2.4.9.jar;C:\Users\monst\.m2\repository\org\ow2\asm\asm\9.3\asm-9.3.jar;C:\Users\monst\.m2\repository\org\yaml\snakeyaml\2.0\snakeyaml-2.0.jar;C:\Users\monst\.m2\repository\de\siegmar\fastcsv\2.2.1\fastcsv-2.2.1.jar;C:\Users\monst\.m2\repository\info\picocli\picocli\4.7.1\picocli-4.7.1.jar;C:\Users\monst\.m2\repository\io\github\classgraph\classgraph\4.8.160\classgraph-4.8.160.jar;C:\Users\monst\.m2\repository\io\github\t12y\resemble\1.0.2\resemble-1.0.2.jar;C:\Users\monst\.m2\repository\io\github\t12y\ssim\1.0.0\ssim-1.0.0.jar;C:\Users\monst\.m2\repository\org\junit\jupiter\junit-jupiter-api\5.9.3\junit-jupiter-api-5.9.3.jar;C:\Users\monst\.m2\repository\org\opentest4j\opentest4j\1.2.0\opentest4j-1.2.0.jar;C:\Users\monst\.m2\repository\org\junit\platform\junit-platform-commons\1.9.3\junit-platform-commons-1.9.3.jar;C:\Users\monst\.m2\repository\org\apiguardian\apiguardian-api\1.1.2\apiguardian-api-1.1.2.jar;C:\Users\monst\.m2\repository\org\junit\jupiter\junit-jupiter-engine\5.9.3\junit-jupiter-engine-5.9.3.jar;C:\Users\monst\.m2\repository\org\junit\platform\junit-platform-engine\1.9.3\junit-platform-engine-1.9.3.jar;C:\Users\monst\.m2\repository\org\apache\poi\poi\5.2.4\poi-5.2.4.jar;C:\Users\monst\.m2\repository\commons-codec\commons-codec\1.16.0\commons-codec-1.16.0.jar;C:\Users\monst\.m2\repository\org\apache\commons\commons-collections4\4.4\commons-collections4-4.4.jar;C:\Users\monst\.m2\repository\org\apache\commons\commons-math3\3.6.1\commons-math3-3.6.1.jar;C:\Users\monst\.m2\repository\commons-io\commons-io\2.13.0\commons-io-2.13.0.jar;C:\Users\monst\.m2\repository\com\zaxxer\SparseBitSet\1.3\SparseBitSet-1.3.jar;C:\Users\monst\.m2\repository\org\apache\logging\log4j\log4j-api\2.20.0\log4j-api-2.20.0.jar;C:\Users\monst\.m2\repository\org\apache\poi\poi-ooxml\5.2.4\poi-ooxml-5.2.4.jar;C:\Users\monst\.m2\repository\org\apache\poi\poi-ooxml-lite\5.2.4\poi-ooxml-lite-5.2.4.jar;C:\Users\monst\.m2\repository\org\apache\xmlbeans\xmlbeans\5.1.1\xmlbeans-5.1.1.jar;C:\Users\monst\.m2\repository\org\apache\commons\commons-compress\1.24.0\commons-compress-1.24.0.jar;C:\Users\monst\.m2\repository\com\github\virtuald\curvesapi\1.08\curvesapi-1.08.jar;"/>
    <property name="java.vm.vendor" value="Oracle Corporation"/>
    <property name="sun.arch.data.model" value="64"/>
    <property name="user.variant" value=""/>
    <property name="java.vendor.url" value="https://java.oracle.com/"/>
    <property name="user.timezone" value="Asia/Saigon"/>
    <property name="os.name" value="Windows 11"/>
    <property name="java.vm.specification.version" value="17"/>
    <property name="sun.java.launcher" value="SUN_STANDARD"/>
    <property name="user.country" value="US"/>
    <property name="sun.boot.library.path" value="C:\Program Files\Java\jdk-17\bin"/>
    <property name="sun.java.command" value="C:\Users\monst\AppData\Local\Temp\surefire10786780446781082027\surefirebooter-20250617213221645_3.jar C:\Users\monst\AppData\Local\Temp\surefire10786780446781082027 2025-06-17T21-32-21_134-jvmRun1 surefire-20250617213221645_1tmp surefire_0-20250617213221645_2tmp"/>
    <property name="jdk.debug" value="release"/>
    <property name="test" value="runners.auth.LoginExcelTestRunner"/>
    <property name="surefire.test.class.path" value="C:\Users\monst\karate-tests\target\test-classes;C:\Users\monst\karate-tests\target\classes;C:\Users\monst\.m2\repository\com\intuit\karate\karate-junit5\1.4.1\karate-junit5-1.4.1.jar;C:\Users\monst\.m2\repository\com\intuit\karate\karate-core\1.4.1\karate-core-1.4.1.jar;C:\Users\monst\.m2\repository\org\graalvm\js\js-scriptengine\22.3.3\js-scriptengine-22.3.3.jar;C:\Users\monst\.m2\repository\org\graalvm\sdk\graal-sdk\22.3.3\graal-sdk-22.3.3.jar;C:\Users\monst\.m2\repository\org\graalvm\js\js\22.3.3\js-22.3.3.jar;C:\Users\monst\.m2\repository\org\graalvm\regex\regex\22.3.3\regex-22.3.3.jar;C:\Users\monst\.m2\repository\org\graalvm\truffle\truffle-api\22.3.3\truffle-api-22.3.3.jar;C:\Users\monst\.m2\repository\com\ibm\icu\icu4j\71.1\icu4j-71.1.jar;C:\Users\monst\.m2\repository\org\thymeleaf\thymeleaf\3.1.2.RELEASE\thymeleaf-3.1.2.RELEASE.jar;C:\Users\monst\.m2\repository\ognl\ognl\3.3.4\ognl-3.3.4.jar;C:\Users\monst\.m2\repository\org\javassist\javassist\3.29.0-GA\javassist-3.29.0-GA.jar;C:\Users\monst\.m2\repository\org\attoparser\attoparser\2.0.7.RELEASE\attoparser-2.0.7.RELEASE.jar;C:\Users\monst\.m2\repository\org\unbescape\unbescape\1.1.6.RELEASE\unbescape-1.1.6.RELEASE.jar;C:\Users\monst\.m2\repository\org\slf4j\slf4j-api\2.0.7\slf4j-api-2.0.7.jar;C:\Users\monst\.m2\repository\com\linecorp\armeria\armeria\1.25.2\armeria-1.25.2.jar;C:\Users\monst\.m2\repository\com\fasterxml\jackson\core\jackson-core\2.15.2\jackson-core-2.15.2.jar;C:\Users\monst\.m2\repository\com\fasterxml\jackson\core\jackson-annotations\2.15.2\jackson-annotations-2.15.2.jar;C:\Users\monst\.m2\repository\com\fasterxml\jackson\core\jackson-databind\2.15.2\jackson-databind-2.15.2.jar;C:\Users\monst\.m2\repository\com\fasterxml\jackson\datatype\jackson-datatype-jdk8\2.15.2\jackson-datatype-jdk8-2.15.2.jar;C:\Users\monst\.m2\repository\com\fasterxml\jackson\datatype\jackson-datatype-jsr310\2.15.2\jackson-datatype-jsr310-2.15.2.jar;C:\Users\monst\.m2\repository\io\micrometer\micrometer-core\1.11.3\micrometer-core-1.11.3.jar;C:\Users\monst\.m2\repository\io\micrometer\micrometer-commons\1.11.3\micrometer-commons-1.11.3.jar;C:\Users\monst\.m2\repository\io\micrometer\micrometer-observation\1.11.3\micrometer-observation-1.11.3.jar;C:\Users\monst\.m2\repository\org\hdrhistogram\HdrHistogram\2.1.12\HdrHistogram-2.1.12.jar;C:\Users\monst\.m2\repository\org\latencyutils\LatencyUtils\2.0.3\LatencyUtils-2.0.3.jar;C:\Users\monst\.m2\repository\io\netty\netty-transport\4.1.96.Final\netty-transport-4.1.96.Final.jar;C:\Users\monst\.m2\repository\io\netty\netty-common\4.1.96.Final\netty-common-4.1.96.Final.jar;C:\Users\monst\.m2\repository\io\netty\netty-buffer\4.1.96.Final\netty-buffer-4.1.96.Final.jar;C:\Users\monst\.m2\repository\io\netty\netty-resolver\4.1.96.Final\netty-resolver-4.1.96.Final.jar;C:\Users\monst\.m2\repository\io\netty\netty-codec-haproxy\4.1.96.Final\netty-codec-haproxy-4.1.96.Final.jar;C:\Users\monst\.m2\repository\io\netty\netty-codec\4.1.96.Final\netty-codec-4.1.96.Final.jar;C:\Users\monst\.m2\repository\io\netty\netty-codec-http2\4.1.96.Final\netty-codec-http2-4.1.96.Final.jar;C:\Users\monst\.m2\repository\io\netty\netty-handler\4.1.96.Final\netty-handler-4.1.96.Final.jar;C:\Users\monst\.m2\repository\io\netty\netty-codec-http\4.1.96.Final\netty-codec-http-4.1.96.Final.jar;C:\Users\monst\.m2\repository\io\netty\netty-resolver-dns\4.1.96.Final\netty-resolver-dns-4.1.96.Final.jar;C:\Users\monst\.m2\repository\io\netty\netty-codec-dns\4.1.96.Final\netty-codec-dns-4.1.96.Final.jar;C:\Users\monst\.m2\repository\org\reactivestreams\reactive-streams\1.0.4\reactive-streams-1.0.4.jar;C:\Users\monst\.m2\repository\com\google\code\findbugs\jsr305\3.0.2\jsr305-3.0.2.jar;C:\Users\monst\.m2\repository\io\netty\netty-handler-proxy\4.1.96.Final\netty-handler-proxy-4.1.96.Final.jar;C:\Users\monst\.m2\repository\io\netty\netty-codec-socks\4.1.96.Final\netty-codec-socks-4.1.96.Final.jar;C:\Users\monst\.m2\repository\io\netty\netty-transport-native-unix-common\4.1.96.Final\netty-transport-native-unix-common-4.1.96.Final-linux-x86_64.jar;C:\Users\monst\.m2\repository\io\netty\netty-transport-native-epoll\4.1.96.Final\netty-transport-native-epoll-4.1.96.Final-linux-x86_64.jar;C:\Users\monst\.m2\repository\io\netty\netty-transport-native-unix-common\4.1.96.Final\netty-transport-native-unix-common-4.1.96.Final.jar;C:\Users\monst\.m2\repository\io\netty\netty-transport-classes-epoll\4.1.96.Final\netty-transport-classes-epoll-4.1.96.Final.jar;C:\Users\monst\.m2\repository\io\netty\netty-transport-native-unix-common\4.1.96.Final\netty-transport-native-unix-common-4.1.96.Final-linux-aarch_64.jar;C:\Users\monst\.m2\repository\io\netty\netty-transport-native-epoll\4.1.96.Final\netty-transport-native-epoll-4.1.96.Final-linux-aarch_64.jar;C:\Users\monst\.m2\repository\io\netty\netty-transport-native-unix-common\4.1.96.Final\netty-transport-native-unix-common-4.1.96.Final-osx-x86_64.jar;C:\Users\monst\.m2\repository\io\netty\netty-transport-native-kqueue\4.1.96.Final\netty-transport-native-kqueue-4.1.96.Final-osx-x86_64.jar;C:\Users\monst\.m2\repository\io\netty\netty-transport-classes-kqueue\4.1.96.Final\netty-transport-classes-kqueue-4.1.96.Final.jar;C:\Users\monst\.m2\repository\io\netty\netty-resolver-dns-native-macos\4.1.96.Final\netty-resolver-dns-native-macos-4.1.96.Final-osx-x86_64.jar;C:\Users\monst\.m2\repository\io\netty\netty-resolver-dns-classes-macos\4.1.96.Final\netty-resolver-dns-classes-macos-4.1.96.Final.jar;C:\Users\monst\.m2\repository\io\netty\netty-transport-native-unix-common\4.1.96.Final\netty-transport-native-unix-common-4.1.96.Final-osx-aarch_64.jar;C:\Users\monst\.m2\repository\io\netty\netty-transport-native-kqueue\4.1.96.Final\netty-transport-native-kqueue-4.1.96.Final-osx-aarch_64.jar;C:\Users\monst\.m2\repository\io\netty\netty-resolver-dns-native-macos\4.1.96.Final\netty-resolver-dns-native-macos-4.1.96.Final-osx-aarch_64.jar;C:\Users\monst\.m2\repository\io\netty\netty-tcnative-boringssl-static\2.0.61.Final\netty-tcnative-boringssl-static-2.0.61.Final-linux-x86_64.jar;C:\Users\monst\.m2\repository\io\netty\netty-tcnative-classes\2.0.61.Final\netty-tcnative-classes-2.0.61.Final.jar;C:\Users\monst\.m2\repository\io\netty\netty-tcnative-boringssl-static\2.0.61.Final\netty-tcnative-boringssl-static-2.0.61.Final-linux-aarch_64.jar;C:\Users\monst\.m2\repository\io\netty\netty-tcnative-boringssl-static\2.0.61.Final\netty-tcnative-boringssl-static-2.0.61.Final-osx-x86_64.jar;C:\Users\monst\.m2\repository\io\netty\netty-tcnative-boringssl-static\2.0.61.Final\netty-tcnative-boringssl-static-2.0.61.Final-osx-aarch_64.jar;C:\Users\monst\.m2\repository\io\netty\netty-tcnative-boringssl-static\2.0.61.Final\netty-tcnative-boringssl-static-2.0.61.Final-windows-x86_64.jar;C:\Users\monst\.m2\repository\com\aayushatharva\brotli4j\brotli4j\1.12.0\brotli4j-1.12.0.jar;C:\Users\monst\.m2\repository\com\aayushatharva\brotli4j\service\1.12.0\service-1.12.0.jar;C:\Users\monst\.m2\repository\com\aayushatharva\brotli4j\native-windows-x86_64\1.12.0\native-windows-x86_64-1.12.0.jar;C:\Users\monst\.m2\repository\org\apache\httpcomponents\httpclient\4.5.14\httpclient-4.5.14.jar;C:\Users\monst\.m2\repository\org\apache\httpcomponents\httpcore\4.4.16\httpcore-4.4.16.jar;C:\Users\monst\.m2\repository\ch\qos\logback\logback-classic\1.4.11\logback-classic-1.4.11.jar;C:\Users\monst\.m2\repository\ch\qos\logback\logback-core\1.4.11\logback-core-1.4.11.jar;C:\Users\monst\.m2\repository\org\slf4j\jcl-over-slf4j\2.0.9\jcl-over-slf4j-2.0.9.jar;C:\Users\monst\.m2\repository\org\antlr\antlr4-runtime\4.11.1\antlr4-runtime-4.11.1.jar;C:\Users\monst\.m2\repository\com\jayway\jsonpath\json-path\2.8.0\json-path-2.8.0.jar;C:\Users\monst\.m2\repository\net\minidev\json-smart\2.4.10\json-smart-2.4.10.jar;C:\Users\monst\.m2\repository\net\minidev\accessors-smart\2.4.9\accessors-smart-2.4.9.jar;C:\Users\monst\.m2\repository\org\ow2\asm\asm\9.3\asm-9.3.jar;C:\Users\monst\.m2\repository\org\yaml\snakeyaml\2.0\snakeyaml-2.0.jar;C:\Users\monst\.m2\repository\de\siegmar\fastcsv\2.2.1\fastcsv-2.2.1.jar;C:\Users\monst\.m2\repository\info\picocli\picocli\4.7.1\picocli-4.7.1.jar;C:\Users\monst\.m2\repository\io\github\classgraph\classgraph\4.8.160\classgraph-4.8.160.jar;C:\Users\monst\.m2\repository\io\github\t12y\resemble\1.0.2\resemble-1.0.2.jar;C:\Users\monst\.m2\repository\io\github\t12y\ssim\1.0.0\ssim-1.0.0.jar;C:\Users\monst\.m2\repository\org\junit\jupiter\junit-jupiter-api\5.9.3\junit-jupiter-api-5.9.3.jar;C:\Users\monst\.m2\repository\org\opentest4j\opentest4j\1.2.0\opentest4j-1.2.0.jar;C:\Users\monst\.m2\repository\org\junit\platform\junit-platform-commons\1.9.3\junit-platform-commons-1.9.3.jar;C:\Users\monst\.m2\repository\org\apiguardian\apiguardian-api\1.1.2\apiguardian-api-1.1.2.jar;C:\Users\monst\.m2\repository\org\junit\jupiter\junit-jupiter-engine\5.9.3\junit-jupiter-engine-5.9.3.jar;C:\Users\monst\.m2\repository\org\junit\platform\junit-platform-engine\1.9.3\junit-platform-engine-1.9.3.jar;C:\Users\monst\.m2\repository\org\apache\poi\poi\5.2.4\poi-5.2.4.jar;C:\Users\monst\.m2\repository\commons-codec\commons-codec\1.16.0\commons-codec-1.16.0.jar;C:\Users\monst\.m2\repository\org\apache\commons\commons-collections4\4.4\commons-collections4-4.4.jar;C:\Users\monst\.m2\repository\org\apache\commons\commons-math3\3.6.1\commons-math3-3.6.1.jar;C:\Users\monst\.m2\repository\commons-io\commons-io\2.13.0\commons-io-2.13.0.jar;C:\Users\monst\.m2\repository\com\zaxxer\SparseBitSet\1.3\SparseBitSet-1.3.jar;C:\Users\monst\.m2\repository\org\apache\logging\log4j\log4j-api\2.20.0\log4j-api-2.20.0.jar;C:\Users\monst\.m2\repository\org\apache\poi\poi-ooxml\5.2.4\poi-ooxml-5.2.4.jar;C:\Users\monst\.m2\repository\org\apache\poi\poi-ooxml-lite\5.2.4\poi-ooxml-lite-5.2.4.jar;C:\Users\monst\.m2\repository\org\apache\xmlbeans\xmlbeans\5.1.1\xmlbeans-5.1.1.jar;C:\Users\monst\.m2\repository\org\apache\commons\commons-compress\1.24.0\commons-compress-1.24.0.jar;C:\Users\monst\.m2\repository\com\github\virtuald\curvesapi\1.08\curvesapi-1.08.jar;"/>
    <property name="sun.cpu.endian" value="little"/>
    <property name="user.home" value="C:\Users\monst"/>
    <property name="user.language" value="en"/>
    <property name="java.specification.vendor" value="Oracle Corporation"/>
    <property name="java.version.date" value="2023-10-17"/>
    <property name="java.home" value="C:\Program Files\Java\jdk-17"/>
    <property name="file.separator" value="\"/>
    <property name="basedir" value="C:\Users\monst\karate-tests"/>
    <property name="java.vm.compressedOopsMode" value="Zero based"/>
    <property name="line.separator" value="&#10;"/>
    <property name="java.vm.specification.vendor" value="Oracle Corporation"/>
    <property name="java.specification.name" value="Java Platform API Specification"/>
    <property name="surefire.real.class.path" value="C:\Users\monst\AppData\Local\Temp\surefire10786780446781082027\surefirebooter-20250617213221645_3.jar"/>
    <property name="user.script" value=""/>
    <property name="sun.management.compiler" value="HotSpot 64-Bit Tiered Compilers"/>
    <property name="java.runtime.version" value="17.0.9+11-LTS-201"/>
    <property name="user.name" value="monst"/>
    <property name="path.separator" value=";"/>
    <property name="os.version" value="10.0"/>
    <property name="java.runtime.name" value="Java(TM) SE Runtime Environment"/>
    <property name="file.encoding" value="Cp1252"/>
    <property name="java.vm.name" value="Java HotSpot(TM) 64-Bit Server VM"/>
    <property name="localRepository" value="C:\Users\monst\.m2\repository"/>
    <property name="java.vendor.url.bug" value="https://bugreport.java.com/bugreport/"/>
    <property name="java.io.tmpdir" value="C:\Users\monst\AppData\Local\Temp\"/>
    <property name="java.version" value="17.0.9"/>
    <property name="user.dir" value="C:\Users\monst\karate-tests"/>
    <property name="os.arch" value="amd64"/>
    <property name="java.vm.specification.name" value="Java Virtual Machine Specification"/>
    <property name="sun.os.patch.level" value=""/>
    <property name="native.encoding" value="Cp1252"/>
    <property name="java.library.path" value="C:\Program Files\Java\jdk-17\bin;C:\WINDOWS\Sun\Java\bin;C:\WINDOWS\system32;C:\WINDOWS;C:\Users\monst\bin;C:\Program Files\Git\mingw64\bin;C:\Program Files\Git\usr\local\bin;C:\Program Files\Git\usr\bin;C:\Program Files\Git\usr\bin;C:\Program Files\Git\mingw64\bin;C:\Program Files\Git\usr\bin;C:\Users\monst\bin;C:\Program Files\Eclipse Adoptium\jdk-17.0.12.7-hotspot\bin;C:\Program Files\Common Files\Oracle\Java\javapath;C:\Program Files (x86)\VMware\VMware Workstation\bin;C:\Windows\system32;C:\Windows;C:\Windows\System32\Wbem;C:\Windows\System32\WindowsPowerShell\v1.0;C:\Windows\System32\OpenSSH;C:\Program Files (x86)\NVIDIA Corporation\PhysX\Common;C:\Program Files\NVIDIA Corporation\NVIDIA NvDLISR;C:\WINDOWS\system32;C:\WINDOWS;C:\WINDOWS\System32\Wbem;C:\WINDOWS\System32\WindowsPowerShell\v1.0;C:\WINDOWS\System32\OpenSSH;C:\Program Files\Azure Data Studio\bin;C:\Program Files (x86)\Microsoft SQL Server\160\Tools\Binn;C:\Program Files\Microsoft SQL Server\160\Tools\Binn;C:\Program Files\Microsoft SQL Server\Client SDK\ODBC\170\Tools\Binn;C:\Program Files\Microsoft SQL Server\160\DTS\Binn;C:\Program Files (x86)\Microsoft SQL Server\160\DTS\Binn;C:\ProgramData\chocolatey\bin;C:\Program Files\Docker\Docker\resources\bin;C:\Program Files\nodejs;C:\Program Files\MySQL\MySQL Server 8.0\bin;C:\Program Files\Git\cmd;C:\Program Files (x86)\Windows Kits\10\Windows Performance Toolkit;C:\Program Files\dotnet;C:\Program Files\Microsoft SQL Server\150\Tools\Binn;C:\Program Files\Apache\apache-maven-3.9.9\bin;C:\Users\monst\AppData\Local\Android\Sdk\platform-tools;C:\Program Files\Cloudflare\Cloudflare WARP;C:\Users\monst\AppData\Local\Programs\Python\Python313\Scripts;C:\dev\flutter\bin;C:\Users\monst\.dotnet\tools;C:\Users\monst\AppData\Local\Programs\Microsoft VS Code\bin;C:\Users\monst\AppData\Local\Programs\Python\Python313;C:\Users\monst\AppData\Local\Programs\cursor\resources\app\bin;C:\Users\monst\AppData\Roaming\npm;C:\Program Files\Git\usr\bin\vendor_perl;C:\Program Files\Git\usr\bin\core_perl;."/>
    <property name="java.vm.info" value="mixed mode, sharing"/>
    <property name="java.vendor" value="Oracle Corporation"/>
    <property name="java.vm.version" value="17.0.9+11-LTS-201"/>
    <property name="sun.io.unicode.encoding" value="UnicodeLittle"/>
    <property name="java.class.version" value="61.0"/>
  </properties>
  <testcase name="[1:13] Chạy tất cả test cases từ Excel Login sheet" classname="features/auth/login-excel" time="5.681">
    <system-out><![CDATA[21:32:23.077 [main] DEBUG com.intuit.karate.Suite -- [config] classpath:karate-config.js
21:32:24.056 [main] INFO com.intuit.karate -- karate.env system property was: null 
21:32:24.801 [main] INFO com.intuit.karate -- Headers found: [
  "email",
  "password",
  "expectedStatus",
  "expectedResult",
  "testDescription",
  "responseStatus",
  "result"
]
 
21:32:24.906 [main] INFO com.intuit.karate -- Read data from Excel: [
  {
    "email": "nam@gmail.com",
    "password": "123456",
    "expectedStatus": 200.0,
    "expectedResult": "success",
    "testDescription": "Valid login credentials",
    "responseStatus": "",
    "result": ""
  },
  {
    "email": "nam@gmail.com",
    "password": "",
    "expectedStatus": 400.0,
    "expectedResult": "Missing password",
    "testDescription": "Login without password",
    "responseStatus": "",
    "result": ""
  },
  {
    "email": "invalid@email.com",
    "password": "password123",
    "expectedStatus": 400.0,
    "expectedResult": "user not found",
    "testDescription": "Login with invalid email",
    "responseStatus": "",
    "result": ""
  },
  {
    "email": "",
    "password": "password123",
    "expectedStatus": 400.0,
    "expectedResult": "Missing email or username",
    "testDescription": "Login without email",
    "responseStatus": "",
    "result": ""
  },
  {
    "email": "nam@gmail.com",
    "password": "wrongpassword",
    "expectedStatus": 400.0,
    "expectedResult": "user not found",
    "testDescription": "Login with wrong password",
    "responseStatus": "",
    "result": ""
  },
  {
    "email": "user@",
    "password": "password123",
    "expectedStatus": 400.0,
    "expectedResult": "Invalid email format",
    "testDescription": "TC: Email không h?p l? - thi?u domain",
    "responseStatus": "",
    "result": ""
  },
  {
    "email": "user.example.com",
    "password": "password123",
    "expectedStatus": 400.0,
    "expectedResult": "Invalid email format",
    "testDescription": "TC: Email không h?p l? - thi?u ký t? @",
    "responseStatus": "",
    "result": ""
  },
  {
    "email": "@example.com",
    "password": "password123",
    "expectedStatus": 400.0,
    "expectedResult": "Invalid email format",
    "testDescription": "TC: Email không h?p l? - thi?u ph?n username",
    "responseStatus": "",
    "result": ""
  },
  {
    "email": "nam@gmail.com",
    "password": "12",
    "expectedStatus": 400.0,
    "expectedResult": "Password must be between X and Y characters",
    "testDescription": "TC: Password quá ng?n",
    "responseStatus": "",
    "result": ""
  },
  {
    "email": "nam@gmail.com",
    "password": "verylongpasswordthatexceedsthenormallimitsforpasswordlengthvalidationwhichshouldnotbeaccepted123456789",
    "expectedStatus": 400.0,
    "expectedResult": "Password must be between X and Y characters",
    "testDescription": "TC: Password quá dài",
    "responseStatus": "",
    "result": ""
  },
  {
    "email": "' OR '1'='1",
    "password": "password123",
    "expectedStatus": 400.0,
    "expectedResult": "Invalid input",
    "testDescription": "TC: SQL Injection trong email",
    "responseStatus": "",
    "result": ""
  },
  {
    "email": "nam@gmail.com",
    "password": "' OR '1'='1",
    "expectedStatus": 400.0,
    "expectedResult": "Invalid input",
    "testDescription": "TC: SQL Injection trong password",
    "responseStatus": "",
    "result": ""
  },
  {
    "email": "<script>alert(\"xss\")</script>@test.com",
    "password": "password123",
    "expectedStatus": 400.0,
    "expectedResult": "Invalid input",
    "testDescription": "TC: XSS trong email",
    "responseStatus": "",
    "result": ""
  },
  {
    "email": "nam@gmail.com",
    "password": "<script>alert(\"xss\")</script>",
    "expectedStatus": 400.0,
    "expectedResult": "Invalid input",
    "testDescription": "TC: XSS trong password",
    "responseStatus": "",
    "result": ""
  },
  {
    "email": "brute.force@test.com",
    "password": "wrongpass1",
    "expectedStatus": 429.0,
    "expectedResult": "Too many login attempts",
    "testDescription": "TC: V??t quá s? l?n th? - l?n 1",
    "responseStatus": "",
    "result": ""
  },
  {
    "email": "brute.force@test.com",
    "password": "wrongpass2",
    "expectedStatus": 429.0,
    "expectedResult": "Too many login attempts",
    "testDescription": "TC: V??t quá s? l?n th? - l?n 2",
    "responseStatus": "",
    "result": ""
  },
  {
    "email": "brute.force@test.com",
    "password": "wrongpass3",
    "expectedStatus": 429.0,
    "expectedResult": "Too many login attempts",
    "testDescription": "TC: V??t quá s? l?n th? - l?n 3",
    "responseStatus": "",
    "result": ""
  },
  {
    "email": "brute.force@test.com",
    "password": "wrongpass4",
    "expectedStatus": 429.0,
    "expectedResult": "Too many login attempts",
    "testDescription": "TC: V??t quá s? l?n th? - l?n 4",
    "responseStatus": "",
    "result": ""
  },
  {
    "email": "brute.force@test.com",
    "password": "wrongpass5",
    "expectedStatus": 429.0,
    "expectedResult": "Too many login attempts",
    "testDescription": "TC: V??t quá s? l?n th? - l?n 5",
    "responseStatus": "",
    "result": ""
  }
]
 
21:32:24.948 [main] INFO com.intuit.karate -- [print] ??c ???c 19 test cases t? Excel sheet: login 
21:32:24.965 [main] DEBUG com.jayway.jsonpath.internal.path.CompiledPath -- Evaluating path: $
21:32:24.986 [main] INFO com.intuit.karate -- ?ang ch?y test case #1: Valid login credentials 
21:32:25.011 [main] INFO com.intuit.karate -- karate.env system property was: null 
21:32:25.016 [main] DEBUG com.jayway.jsonpath.internal.path.CompiledPath -- Evaluating path: $
21:32:25.046 [main] DEBUG io.netty.util.internal.logging.InternalLoggerFactory -- Using SLF4J as the default logging framework
21:32:25.047 [main] DEBUG io.netty.util.internal.PlatformDependent0 -- -Dio.netty.noUnsafe: false
21:32:25.048 [main] DEBUG io.netty.util.internal.PlatformDependent0 -- Java version: 17
21:32:25.048 [main] DEBUG io.netty.util.internal.PlatformDependent0 -- sun.misc.Unsafe.theUnsafe: available
21:32:25.049 [main] DEBUG io.netty.util.internal.PlatformDependent0 -- sun.misc.Unsafe.copyMemory: available
21:32:25.050 [main] DEBUG io.netty.util.internal.PlatformDependent0 -- sun.misc.Unsafe.storeFence: available
21:32:25.051 [main] DEBUG io.netty.util.internal.PlatformDependent0 -- java.nio.Buffer.address: available
21:32:25.053 [main] DEBUG io.netty.util.internal.PlatformDependent0 -- direct buffer constructor: unavailable: Reflective setAccessible(true) disabled
21:32:25.054 [main] DEBUG io.netty.util.internal.PlatformDependent0 -- java.nio.Bits.unaligned: available, true
21:32:25.055 [main] DEBUG io.netty.util.internal.PlatformDependent0 -- jdk.internal.misc.Unsafe.allocateUninitializedArray(int): unavailable: class io.netty.util.internal.PlatformDependent0$7 cannot access class jdk.internal.misc.Unsafe (in module java.base) because module java.base does not export jdk.internal.misc to unnamed module @b3d7190
21:32:25.056 [main] DEBUG io.netty.util.internal.PlatformDependent0 -- java.nio.DirectByteBuffer.<init>(long, {int,long}): unavailable
21:32:25.056 [main] DEBUG io.netty.util.internal.PlatformDependent -- sun.misc.Unsafe: available
21:32:25.058 [main] DEBUG io.netty.util.internal.PlatformDependent -- maxDirectMemory: 4123000832 bytes (maybe)
21:32:25.058 [main] DEBUG io.netty.util.internal.PlatformDependent -- -Dio.netty.tmpdir: C:\Users\monst\AppData\Local\Temp (java.io.tmpdir)
21:32:25.058 [main] DEBUG io.netty.util.internal.PlatformDependent -- -Dio.netty.bitMode: 64 (sun.arch.data.model)
21:32:25.058 [main] DEBUG io.netty.util.internal.PlatformDependent -- Platform: Windows
21:32:25.059 [main] DEBUG io.netty.util.internal.PlatformDependent -- -Dio.netty.maxDirectMemory: -1 bytes
21:32:25.059 [main] DEBUG io.netty.util.internal.PlatformDependent -- -Dio.netty.uninitializedArrayAllocationThreshold: -1
21:32:25.060 [main] DEBUG io.netty.util.internal.CleanerJava9 -- java.nio.ByteBuffer.cleaner(): available
21:32:25.060 [main] DEBUG io.netty.util.internal.PlatformDependent -- -Dio.netty.noPreferDirect: false
21:32:25.348 [main] DEBUG org.apache.http.client.protocol.RequestAddCookies -- CookieSpec selected: karate
21:32:25.353 [main] DEBUG org.apache.http.client.protocol.RequestAuthCache -- Auth cache not set in the context
21:32:25.358 [main] DEBUG com.intuit.karate -- request:
1 > POST http://localhost:3000/auth/login
1 > Content-Type: application/json; charset=UTF-8
1 > Content-Length: 45
1 > Host: localhost:3000
1 > Connection: Keep-Alive
1 > User-Agent: Apache-HttpClient/4.5.14 (Java/17.0.9)
1 > Accept-Encoding: gzip,deflate
{
  "email": "nam@gmail.com",
  "password": "123456"
}


21:32:25.360 [main] DEBUG org.apache.http.impl.conn.PoolingHttpClientConnectionManager -- Connection request: [route: {}->http://localhost:3000][total available: 0; route allocated: 0 of 5; total allocated: 0 of 10]
21:32:25.370 [main] DEBUG org.apache.http.impl.conn.PoolingHttpClientConnectionManager -- Connection leased: [id: 0][route: {}->http://localhost:3000][total available: 0; route allocated: 1 of 5; total allocated: 1 of 10]
21:32:25.371 [main] DEBUG org.apache.http.impl.execchain.MainClientExec -- Opening connection {}->http://localhost:3000
21:32:25.381 [main] DEBUG org.apache.http.impl.conn.DefaultHttpClientConnectionOperator -- Connecting to localhost/127.0.0.1:3000
21:32:25.383 [main] DEBUG org.apache.http.impl.conn.DefaultHttpClientConnectionOperator -- Connection established 127.0.0.1:62511<->127.0.0.1:3000
21:32:25.384 [main] DEBUG org.apache.http.impl.conn.DefaultManagedHttpClientConnection -- http-outgoing-0: set socket timeout to 5000
21:32:25.384 [main] DEBUG org.apache.http.impl.execchain.MainClientExec -- Executing request POST /auth/login HTTP/1.1
21:32:25.384 [main] DEBUG org.apache.http.impl.execchain.MainClientExec -- Target auth state: UNCHALLENGED
21:32:25.384 [main] DEBUG org.apache.http.impl.execchain.MainClientExec -- Proxy auth state: UNCHALLENGED
21:32:25.385 [main] DEBUG org.apache.http.headers -- http-outgoing-0 >> POST /auth/login HTTP/1.1
21:32:25.386 [main] DEBUG org.apache.http.headers -- http-outgoing-0 >> Content-Type: application/json; charset=UTF-8
21:32:25.386 [main] DEBUG org.apache.http.headers -- http-outgoing-0 >> Content-Length: 45
21:32:25.386 [main] DEBUG org.apache.http.headers -- http-outgoing-0 >> Host: localhost:3000
21:32:25.386 [main] DEBUG org.apache.http.headers -- http-outgoing-0 >> Connection: Keep-Alive
21:32:25.386 [main] DEBUG org.apache.http.headers -- http-outgoing-0 >> User-Agent: Apache-HttpClient/4.5.14 (Java/17.0.9)
21:32:25.386 [main] DEBUG org.apache.http.headers -- http-outgoing-0 >> Accept-Encoding: gzip,deflate
21:32:25.386 [main] DEBUG org.apache.http.wire -- http-outgoing-0 >> "POST /auth/login HTTP/1.1[\r][\n]"
21:32:25.386 [main] DEBUG org.apache.http.wire -- http-outgoing-0 >> "Content-Type: application/json; charset=UTF-8[\r][\n]"
21:32:25.387 [main] DEBUG org.apache.http.wire -- http-outgoing-0 >> "Content-Length: 45[\r][\n]"
21:32:25.387 [main] DEBUG org.apache.http.wire -- http-outgoing-0 >> "Host: localhost:3000[\r][\n]"
21:32:25.387 [main] DEBUG org.apache.http.wire -- http-outgoing-0 >> "Connection: Keep-Alive[\r][\n]"
21:32:25.387 [main] DEBUG org.apache.http.wire -- http-outgoing-0 >> "User-Agent: Apache-HttpClient/4.5.14 (Java/17.0.9)[\r][\n]"
21:32:25.387 [main] DEBUG org.apache.http.wire -- http-outgoing-0 >> "Accept-Encoding: gzip,deflate[\r][\n]"
21:32:25.387 [main] DEBUG org.apache.http.wire -- http-outgoing-0 >> "[\r][\n]"
21:32:25.387 [main] DEBUG org.apache.http.wire -- http-outgoing-0 >> "{"email":"nam@gmail.com","password":"123456"}"
21:32:26.075 [main] DEBUG org.apache.http.wire -- http-outgoing-0 << "HTTP/1.1 200 OK[\r][\n]"
21:32:26.076 [main] DEBUG org.apache.http.wire -- http-outgoing-0 << "X-Powered-By: Express[\r][\n]"
21:32:26.076 [main] DEBUG org.apache.http.wire -- http-outgoing-0 << "Access-Control-Allow-Origin: *[\r][\n]"
21:32:26.076 [main] DEBUG org.apache.http.wire -- http-outgoing-0 << "Content-Type: application/json; charset=utf-8[\r][\n]"
21:32:26.076 [main] DEBUG org.apache.http.wire -- http-outgoing-0 << "Content-Length: 708[\r][\n]"
21:32:26.076 [main] DEBUG org.apache.http.wire -- http-outgoing-0 << "ETag: W/"2c4-uWpP0wqQNQJ5JOqYe7qazc0ymo8"[\r][\n]"
21:32:26.076 [main] DEBUG org.apache.http.wire -- http-outgoing-0 << "Date: Tue, 17 Jun 2025 14:32:26 GMT[\r][\n]"
21:32:26.076 [main] DEBUG org.apache.http.wire -- http-outgoing-0 << "Connection: keep-alive[\r][\n]"
21:32:26.076 [main] DEBUG org.apache.http.wire -- http-outgoing-0 << "Keep-Alive: timeout=5[\r][\n]"
21:32:26.076 [main] DEBUG org.apache.http.wire -- http-outgoing-0 << "[\r][\n]"
21:32:26.076 [main] DEBUG org.apache.http.wire -- http-outgoing-0 << "{"access_token":"eyJhbGciOiJIUzI1NiIsInR5cCI6IkpXVCJ9.eyJzdWIiOiIwODUxNWIwNS0yZDNlLTQ3ODktYWQ2MC1kYjM1NTI1YTQ5NzAiLCJ1c2VybmFtZSI6Im5hbSIsInJvbGUiOjAsImlhdCI6MTc1MDE3MDc0NSwiZXhwIjoxNzUwMTc0MzQ1fQ.iSdX6PpiHjSzNcNOs6WylQKTWQUUQyEGwW2lAMsX95g","refresh_token":"760e5ec4ad01002670c43cf695cf0d90510749b2055c10616a2cf75afd896691","user":{"id":"08515b05-2d3e-4789-ad60-db35525a4970","email":"nam@gmail.com","username":"nam","name":"nam","phoneNumber":"0123456789","profilePic":"https://res.cloudinary.com/dizcvrefo/image/upload/v1749266646/nestjs_uploads/zk9zrpeidnovxibfqdxr.png","bio":"Chu tich hoi dong Quan tri 1","private":false,"verified":false,"role":0,"followersCount":2,"followingCount":3,"postCount":13}}"
21:32:26.077 [main] DEBUG org.apache.http.headers -- http-outgoing-0 << HTTP/1.1 200 OK
21:32:26.077 [main] DEBUG org.apache.http.headers -- http-outgoing-0 << X-Powered-By: Express
21:32:26.077 [main] DEBUG org.apache.http.headers -- http-outgoing-0 << Access-Control-Allow-Origin: *
21:32:26.078 [main] DEBUG org.apache.http.headers -- http-outgoing-0 << Content-Type: application/json; charset=utf-8
21:32:26.078 [main] DEBUG org.apache.http.headers -- http-outgoing-0 << Content-Length: 708
21:32:26.078 [main] DEBUG org.apache.http.headers -- http-outgoing-0 << ETag: W/"2c4-uWpP0wqQNQJ5JOqYe7qazc0ymo8"
21:32:26.078 [main] DEBUG org.apache.http.headers -- http-outgoing-0 << Date: Tue, 17 Jun 2025 14:32:26 GMT
21:32:26.078 [main] DEBUG org.apache.http.headers -- http-outgoing-0 << Connection: keep-alive
21:32:26.078 [main] DEBUG org.apache.http.headers -- http-outgoing-0 << Keep-Alive: timeout=5
21:32:26.080 [main] DEBUG org.apache.http.impl.execchain.MainClientExec -- Connection can be kept alive for 5000 MILLISECONDS
21:32:26.082 [main] DEBUG org.apache.http.impl.conn.PoolingHttpClientConnectionManager -- Connection [id: 0][route: {}->http://localhost:3000] can be kept alive for 5.0 seconds
21:32:26.082 [main] DEBUG org.apache.http.impl.conn.DefaultManagedHttpClientConnection -- http-outgoing-0: set socket timeout to 0
21:32:26.082 [main] DEBUG org.apache.http.impl.conn.PoolingHttpClientConnectionManager -- Connection released: [id: 0][route: {}->http://localhost:3000][total available: 1; route allocated: 1 of 5; total allocated: 1 of 10]
21:32:26.082 [main] DEBUG org.apache.http.impl.conn.PoolingHttpClientConnectionManager -- Connection manager is shutting down
21:32:26.082 [main] DEBUG org.apache.http.impl.conn.DefaultManagedHttpClientConnection -- http-outgoing-0: Close connection
21:32:26.083 [main] DEBUG org.apache.http.impl.conn.PoolingHttpClientConnectionManager -- Connection manager shut down
21:32:26.083 [main] DEBUG com.intuit.karate -- response time in milliseconds: 723
1 < 200
1 < X-Powered-By: Express
1 < Access-Control-Allow-Origin: *
1 < Content-Type: application/json; charset=utf-8
1 < Content-Length: 708
1 < ETag: W/"2c4-uWpP0wqQNQJ5JOqYe7qazc0ymo8"
1 < Date: Tue, 17 Jun 2025 14:32:26 GMT
1 < Connection: keep-alive
1 < Keep-Alive: timeout=5
{
  "access_token": "eyJhbGciOiJIUzI1NiIsInR5cCI6IkpXVCJ9.eyJzdWIiOiIwODUxNWIwNS0yZDNlLTQ3ODktYWQ2MC1kYjM1NTI1YTQ5NzAiLCJ1c2VybmFtZSI6Im5hbSIsInJvbGUiOjAsImlhdCI6MTc1MDE3MDc0NSwiZXhwIjoxNzUwMTc0MzQ1fQ.iSdX6PpiHjSzNcNOs6WylQKTWQUUQyEGwW2lAMsX95g",
  "refresh_token": "760e5ec4ad01002670c43cf695cf0d90510749b2055c10616a2cf75afd896691",
  "user": {
    "id": "08515b05-2d3e-4789-ad60-db35525a4970",
    "email": "nam@gmail.com",
    "username": "nam",
    "name": "nam",
    "phoneNumber": "0123456789",
    "profilePic": "https://res.cloudinary.com/dizcvrefo/image/upload/v1749266646/nestjs_uploads/zk9zrpeidnovxibfqdxr.png",
    "bio": "Chu tich hoi dong Quan tri 1",
    "private": false,
    "verified": false,
    "role": 0,
    "followersCount": 2,
    "followingCount": 3,
    "postCount": 13
  }
}


21:32:26.087 [main] INFO com.intuit.karate -- [print] Calling login API v?i email: nam@gmail.com password: 123456 
21:32:26.088 [main] INFO com.intuit.karate -- [print] Response status: 200 body: {
  "access_token": "eyJhbGciOiJIUzI1NiIsInR5cCI6IkpXVCJ9.eyJzdWIiOiIwODUxNWIwNS0yZDNlLTQ3ODktYWQ2MC1kYjM1NTI1YTQ5NzAiLCJ1c2VybmFtZSI6Im5hbSIsInJvbGUiOjAsImlhdCI6MTc1MDE3MDc0NSwiZXhwIjoxNzUwMTc0MzQ1fQ.iSdX6PpiHjSzNcNOs6WylQKTWQUUQyEGwW2lAMsX95g",
  "refresh_token": "760e5ec4ad01002670c43cf695cf0d90510749b2055c10616a2cf75afd896691",
  "user": {
    "id": "08515b05-2d3e-4789-ad60-db35525a4970",
    "email": "nam@gmail.com",
    "username": "nam",
    "name": "nam",
    "phoneNumber": "0123456789",
    "profilePic": "https://res.cloudinary.com/dizcvrefo/image/upload/v1749266646/nestjs_uploads/zk9zrpeidnovxibfqdxr.png",
    "bio": "Chu tich hoi dong Quan tri 1",
    "private": false,
    "verified": false,
    "role": 0,
    "followersCount": 2,
    "followingCount": 3,
    "postCount": 13
  }
}
 
21:32:26.104 [main] INFO com.intuit.karate -- Test Case Data: {
  "email": "nam@gmail.com",
  "password": "123456",
  "expectedStatus": 200.0,
  "expectedResult": "success",
  "testDescription": "Valid login credentials",
  "responseStatus": "",
  "result": ""
}
 
21:32:26.104 [main] INFO com.intuit.karate -- Expected Status: 200.0 
21:32:26.105 [main] INFO com.intuit.karate -- Expected Result: success 
21:32:26.105 [main] INFO com.intuit.karate -- Actual Status: 200 
21:32:26.105 [main] INFO com.intuit.karate -- Is Expected Status: true 
21:32:26.105 [main] INFO com.intuit.karate -- Test case #1 - Status: 200, Result: {"access_token":"eyJhbGciOiJIUzI1NiIsInR5cCI6IkpXVCJ9.eyJzdWIiOiIwODUxNWIwNS0yZDNlLTQ3ODktYWQ2MC1kYjM1NTI1YTQ5NzAiLCJ1c2VybmFtZSI6Im5hbSIsInJvbGUiOjAsImlhdCI6MTc1MDE3MDc0NSwiZXhwIjoxNzUwMTc0MzQ1fQ.iSdX6PpiHjSzNcNOs6WylQKTWQUUQyEGwW2lAMsX95g","refresh_token":"760e5ec4ad01002670c43cf695cf0d90510749b2055c10616a2cf75afd896691","user":{"id":"08515b05-2d3e-4789-ad60-db35525a4970","email":"nam@gmail.com","username":"nam","name":"nam","phoneNumber":"0123456789","profilePic":"https://res.cloudinary.com/dizcvrefo/image/upload/v1749266646/nestjs_uploads/zk9zrpeidnovxibfqdxr.png","bio":"Chu tich hoi dong Quan tri 1","private":false,"verified":false,"role":0,"followersCount":2,"followingCount":3,"postCount":13}} 
21:32:26.106 [main] INFO com.intuit.karate -- ?ang ch?y test case #2: Login without password 
21:32:26.118 [main] INFO com.intuit.karate -- karate.env system property was: null 
21:32:26.120 [main] DEBUG com.jayway.jsonpath.internal.path.CompiledPath -- Evaluating path: $
21:32:26.121 [main] DEBUG org.apache.http.client.protocol.RequestAddCookies -- CookieSpec selected: karate
21:32:26.122 [main] DEBUG org.apache.http.client.protocol.RequestAuthCache -- Auth cache not set in the context
21:32:26.122 [main] DEBUG com.intuit.karate -- request:
1 > POST http://localhost:3000/auth/login
1 > Content-Type: application/json; charset=UTF-8
1 > Content-Length: 39
1 > Host: localhost:3000
1 > Connection: Keep-Alive
1 > User-Agent: Apache-HttpClient/4.5.14 (Java/17.0.9)
1 > Accept-Encoding: gzip,deflate
{
  "email": "nam@gmail.com",
  "password": ""
}


21:32:26.122 [main] DEBUG org.apache.http.impl.conn.PoolingHttpClientConnectionManager -- Connection request: [route: {}->http://localhost:3000][total available: 0; route allocated: 0 of 5; total allocated: 0 of 10]
21:32:26.122 [main] DEBUG org.apache.http.impl.conn.PoolingHttpClientConnectionManager -- Connection leased: [id: 1][route: {}->http://localhost:3000][total available: 0; route allocated: 1 of 5; total allocated: 1 of 10]
21:32:26.122 [main] DEBUG org.apache.http.impl.execchain.MainClientExec -- Opening connection {}->http://localhost:3000
21:32:26.123 [main] DEBUG org.apache.http.impl.conn.DefaultHttpClientConnectionOperator -- Connecting to localhost/127.0.0.1:3000
21:32:26.123 [main] DEBUG org.apache.http.impl.conn.DefaultHttpClientConnectionOperator -- Connection established 127.0.0.1:62514<->127.0.0.1:3000
21:32:26.123 [main] DEBUG org.apache.http.impl.conn.DefaultManagedHttpClientConnection -- http-outgoing-1: set socket timeout to 5000
21:32:26.123 [main] DEBUG org.apache.http.impl.execchain.MainClientExec -- Executing request POST /auth/login HTTP/1.1
21:32:26.123 [main] DEBUG org.apache.http.impl.execchain.MainClientExec -- Target auth state: UNCHALLENGED
21:32:26.123 [main] DEBUG org.apache.http.impl.execchain.MainClientExec -- Proxy auth state: UNCHALLENGED
21:32:26.123 [main] DEBUG org.apache.http.headers -- http-outgoing-1 >> POST /auth/login HTTP/1.1
21:32:26.123 [main] DEBUG org.apache.http.headers -- http-outgoing-1 >> Content-Type: application/json; charset=UTF-8
21:32:26.123 [main] DEBUG org.apache.http.headers -- http-outgoing-1 >> Content-Length: 39
21:32:26.123 [main] DEBUG org.apache.http.headers -- http-outgoing-1 >> Host: localhost:3000
21:32:26.123 [main] DEBUG org.apache.http.headers -- http-outgoing-1 >> Connection: Keep-Alive
21:32:26.123 [main] DEBUG org.apache.http.headers -- http-outgoing-1 >> User-Agent: Apache-HttpClient/4.5.14 (Java/17.0.9)
21:32:26.123 [main] DEBUG org.apache.http.headers -- http-outgoing-1 >> Accept-Encoding: gzip,deflate
21:32:26.123 [main] DEBUG org.apache.http.wire -- http-outgoing-1 >> "POST /auth/login HTTP/1.1[\r][\n]"
21:32:26.123 [main] DEBUG org.apache.http.wire -- http-outgoing-1 >> "Content-Type: application/json; charset=UTF-8[\r][\n]"
21:32:26.124 [main] DEBUG org.apache.http.wire -- http-outgoing-1 >> "Content-Length: 39[\r][\n]"
21:32:26.124 [main] DEBUG org.apache.http.wire -- http-outgoing-1 >> "Host: localhost:3000[\r][\n]"
21:32:26.124 [main] DEBUG org.apache.http.wire -- http-outgoing-1 >> "Connection: Keep-Alive[\r][\n]"
21:32:26.124 [main] DEBUG org.apache.http.wire -- http-outgoing-1 >> "User-Agent: Apache-HttpClient/4.5.14 (Java/17.0.9)[\r][\n]"
21:32:26.124 [main] DEBUG org.apache.http.wire -- http-outgoing-1 >> "Accept-Encoding: gzip,deflate[\r][\n]"
21:32:26.124 [main] DEBUG org.apache.http.wire -- http-outgoing-1 >> "[\r][\n]"
21:32:26.124 [main] DEBUG org.apache.http.wire -- http-outgoing-1 >> "{"email":"nam@gmail.com","password":""}"
21:32:26.130 [main] DEBUG org.apache.http.wire -- http-outgoing-1 << "HTTP/1.1 400 Bad Request[\r][\n]"
21:32:26.131 [main] DEBUG org.apache.http.wire -- http-outgoing-1 << "X-Powered-By: Express[\r][\n]"
21:32:26.131 [main] DEBUG org.apache.http.wire -- http-outgoing-1 << "Access-Control-Allow-Origin: *[\r][\n]"
21:32:26.131 [main] DEBUG org.apache.http.wire -- http-outgoing-1 << "Content-Type: application/json; charset=utf-8[\r][\n]"
21:32:26.131 [main] DEBUG org.apache.http.wire -- http-outgoing-1 << "Content-Length: 136[\r][\n]"
21:32:26.131 [main] DEBUG org.apache.http.wire -- http-outgoing-1 << "ETag: W/"88-aCnhx2cxRQagNdB7i9lVLBwpKOc"[\r][\n]"
21:32:26.131 [main] DEBUG org.apache.http.wire -- http-outgoing-1 << "Date: Tue, 17 Jun 2025 14:32:26 GMT[\r][\n]"
21:32:26.131 [main] DEBUG org.apache.http.wire -- http-outgoing-1 << "Connection: keep-alive[\r][\n]"
21:32:26.131 [main] DEBUG org.apache.http.wire -- http-outgoing-1 << "Keep-Alive: timeout=5[\r][\n]"
21:32:26.132 [main] DEBUG org.apache.http.wire -- http-outgoing-1 << "[\r][\n]"
21:32:26.132 [main] DEBUG org.apache.http.wire -- http-outgoing-1 << "{"success":false,"statusCode":400,"message":"D[0xe1][0xbb][0xaf] li[0xe1][0xbb][0x87]u kh[0xc3][0xb4]ng h[0xe1][0xbb][0xa3]p l[0xe1][0xbb][0x87]","path":"/auth/login","timestamp":"2025-06-17T14:32:26.128Z"}"
21:32:26.132 [main] DEBUG org.apache.http.headers -- http-outgoing-1 << HTTP/1.1 400 Bad Request
21:32:26.132 [main] DEBUG org.apache.http.headers -- http-outgoing-1 << X-Powered-By: Express
21:32:26.132 [main] DEBUG org.apache.http.headers -- http-outgoing-1 << Access-Control-Allow-Origin: *
21:32:26.132 [main] DEBUG org.apache.http.headers -- http-outgoing-1 << Content-Type: application/json; charset=utf-8
21:32:26.132 [main] DEBUG org.apache.http.headers -- http-outgoing-1 << Content-Length: 136
21:32:26.132 [main] DEBUG org.apache.http.headers -- http-outgoing-1 << ETag: W/"88-aCnhx2cxRQagNdB7i9lVLBwpKOc"
21:32:26.132 [main] DEBUG org.apache.http.headers -- http-outgoing-1 << Date: Tue, 17 Jun 2025 14:32:26 GMT
21:32:26.132 [main] DEBUG org.apache.http.headers -- http-outgoing-1 << Connection: keep-alive
21:32:26.132 [main] DEBUG org.apache.http.headers -- http-outgoing-1 << Keep-Alive: timeout=5
21:32:26.132 [main] DEBUG org.apache.http.impl.execchain.MainClientExec -- Connection can be kept alive for 5000 MILLISECONDS
21:32:26.132 [main] DEBUG org.apache.http.impl.conn.PoolingHttpClientConnectionManager -- Connection [id: 1][route: {}->http://localhost:3000] can be kept alive for 5.0 seconds
21:32:26.132 [main] DEBUG org.apache.http.impl.conn.DefaultManagedHttpClientConnection -- http-outgoing-1: set socket timeout to 0
21:32:26.133 [main] DEBUG org.apache.http.impl.conn.PoolingHttpClientConnectionManager -- Connection released: [id: 1][route: {}->http://localhost:3000][total available: 1; route allocated: 1 of 5; total allocated: 1 of 10]
21:32:26.133 [main] DEBUG org.apache.http.impl.conn.PoolingHttpClientConnectionManager -- Connection manager is shutting down
21:32:26.133 [main] DEBUG org.apache.http.impl.conn.DefaultManagedHttpClientConnection -- http-outgoing-1: Close connection
21:32:26.133 [main] DEBUG org.apache.http.impl.conn.PoolingHttpClientConnectionManager -- Connection manager shut down
21:32:26.134 [main] DEBUG com.intuit.karate -- response time in milliseconds: 11
1 < 400
1 < X-Powered-By: Express
1 < Access-Control-Allow-Origin: *
1 < Content-Type: application/json; charset=utf-8
1 < Content-Length: 136
1 < ETag: W/"88-aCnhx2cxRQagNdB7i9lVLBwpKOc"
1 < Date: Tue, 17 Jun 2025 14:32:26 GMT
1 < Connection: keep-alive
1 < Keep-Alive: timeout=5
{
  "success": false,
  "statusCode": 400,
  "message": "D? li?u không h?p l?",
  "path": "/auth/login",
  "timestamp": "2025-06-17T14:32:26.128Z"
}


21:32:26.138 [main] INFO com.intuit.karate -- [print] Calling login API v?i email: nam@gmail.com password:  
21:32:26.139 [main] INFO com.intuit.karate -- [print] Response status: 400 body: {
  "success": false,
  "statusCode": 400,
  "message": "D? li?u không h?p l?",
  "path": "/auth/login",
  "timestamp": "2025-06-17T14:32:26.128Z"
}
 
21:32:26.141 [main] INFO com.intuit.karate -- Test Case Data: {
  "email": "nam@gmail.com",
  "password": "",
  "expectedStatus": 400.0,
  "expectedResult": "Missing password",
  "testDescription": "Login without password",
  "responseStatus": "",
  "result": ""
}
 
21:32:26.142 [main] INFO com.intuit.karate -- Expected Status: 400.0 
21:32:26.143 [main] INFO com.intuit.karate -- Expected Result: Missing password 
21:32:26.143 [main] INFO com.intuit.karate -- Actual Status: 400 
21:32:26.143 [main] INFO com.intuit.karate -- Is Expected Status: true 
21:32:26.145 [main] INFO com.intuit.karate -- Test case #2 - Status: 400, Result: {"success":false,"statusCode":400,"message":"D? li?u không h?p l?","path":"/auth/login","timestamp":"2025-06-17T14:32:26.128Z"} 
21:32:26.146 [main] INFO com.intuit.karate -- ?ang ch?y test case #3: Login with invalid email 
21:32:26.168 [main] INFO com.intuit.karate -- karate.env system property was: null 
21:32:26.172 [main] DEBUG com.jayway.jsonpath.internal.path.CompiledPath -- Evaluating path: $
21:32:26.175 [main] DEBUG org.apache.http.client.protocol.RequestAddCookies -- CookieSpec selected: karate
21:32:26.175 [main] DEBUG org.apache.http.client.protocol.RequestAuthCache -- Auth cache not set in the context
21:32:26.176 [main] DEBUG com.intuit.karate -- request:
1 > POST http://localhost:3000/auth/login
1 > Content-Type: application/json; charset=UTF-8
1 > Content-Length: 54
1 > Host: localhost:3000
1 > Connection: Keep-Alive
1 > User-Agent: Apache-HttpClient/4.5.14 (Java/17.0.9)
1 > Accept-Encoding: gzip,deflate
{
  "email": "invalid@email.com",
  "password": "password123"
}


21:32:26.176 [main] DEBUG org.apache.http.impl.conn.PoolingHttpClientConnectionManager -- Connection request: [route: {}->http://localhost:3000][total available: 0; route allocated: 0 of 5; total allocated: 0 of 10]
21:32:26.176 [main] DEBUG org.apache.http.impl.conn.PoolingHttpClientConnectionManager -- Connection leased: [id: 2][route: {}->http://localhost:3000][total available: 0; route allocated: 1 of 5; total allocated: 1 of 10]
21:32:26.176 [main] DEBUG org.apache.http.impl.execchain.MainClientExec -- Opening connection {}->http://localhost:3000
21:32:26.176 [main] DEBUG org.apache.http.impl.conn.DefaultHttpClientConnectionOperator -- Connecting to localhost/127.0.0.1:3000
21:32:26.177 [main] DEBUG org.apache.http.impl.conn.DefaultHttpClientConnectionOperator -- Connection established 127.0.0.1:62515<->127.0.0.1:3000
21:32:26.177 [main] DEBUG org.apache.http.impl.conn.DefaultManagedHttpClientConnection -- http-outgoing-2: set socket timeout to 5000
21:32:26.177 [main] DEBUG org.apache.http.impl.execchain.MainClientExec -- Executing request POST /auth/login HTTP/1.1
21:32:26.177 [main] DEBUG org.apache.http.impl.execchain.MainClientExec -- Target auth state: UNCHALLENGED
21:32:26.177 [main] DEBUG org.apache.http.impl.execchain.MainClientExec -- Proxy auth state: UNCHALLENGED
21:32:26.178 [main] DEBUG org.apache.http.headers -- http-outgoing-2 >> POST /auth/login HTTP/1.1
21:32:26.178 [main] DEBUG org.apache.http.headers -- http-outgoing-2 >> Content-Type: application/json; charset=UTF-8
21:32:26.178 [main] DEBUG org.apache.http.headers -- http-outgoing-2 >> Content-Length: 54
21:32:26.178 [main] DEBUG org.apache.http.headers -- http-outgoing-2 >> Host: localhost:3000
21:32:26.178 [main] DEBUG org.apache.http.headers -- http-outgoing-2 >> Connection: Keep-Alive
21:32:26.178 [main] DEBUG org.apache.http.headers -- http-outgoing-2 >> User-Agent: Apache-HttpClient/4.5.14 (Java/17.0.9)
21:32:26.178 [main] DEBUG org.apache.http.headers -- http-outgoing-2 >> Accept-Encoding: gzip,deflate
21:32:26.178 [main] DEBUG org.apache.http.wire -- http-outgoing-2 >> "POST /auth/login HTTP/1.1[\r][\n]"
21:32:26.178 [main] DEBUG org.apache.http.wire -- http-outgoing-2 >> "Content-Type: application/json; charset=UTF-8[\r][\n]"
21:32:26.178 [main] DEBUG org.apache.http.wire -- http-outgoing-2 >> "Content-Length: 54[\r][\n]"
21:32:26.178 [main] DEBUG org.apache.http.wire -- http-outgoing-2 >> "Host: localhost:3000[\r][\n]"
21:32:26.178 [main] DEBUG org.apache.http.wire -- http-outgoing-2 >> "Connection: Keep-Alive[\r][\n]"
21:32:26.178 [main] DEBUG org.apache.http.wire -- http-outgoing-2 >> "User-Agent: Apache-HttpClient/4.5.14 (Java/17.0.9)[\r][\n]"
21:32:26.178 [main] DEBUG org.apache.http.wire -- http-outgoing-2 >> "Accept-Encoding: gzip,deflate[\r][\n]"
21:32:26.178 [main] DEBUG org.apache.http.wire -- http-outgoing-2 >> "[\r][\n]"
21:32:26.178 [main] DEBUG org.apache.http.wire -- http-outgoing-2 >> "{"email":"invalid@email.com","password":"password123"}"
21:32:26.213 [main] DEBUG org.apache.http.wire -- http-outgoing-2 << "HTTP/1.1 401 Unauthorized[\r][\n]"
21:32:26.213 [main] DEBUG org.apache.http.wire -- http-outgoing-2 << "X-Powered-By: Express[\r][\n]"
21:32:26.213 [main] DEBUG org.apache.http.wire -- http-outgoing-2 << "Access-Control-Allow-Origin: *[\r][\n]"
21:32:26.213 [main] DEBUG org.apache.http.wire -- http-outgoing-2 << "Content-Type: application/json; charset=utf-8[\r][\n]"
21:32:26.213 [main] DEBUG org.apache.http.wire -- http-outgoing-2 << "Content-Length: 149[\r][\n]"
21:32:26.213 [main] DEBUG org.apache.http.wire -- http-outgoing-2 << "ETag: W/"95-GXvVArYEAEaHGOWmwLr7TfRJG90"[\r][\n]"
21:32:26.213 [main] DEBUG org.apache.http.wire -- http-outgoing-2 << "Date: Tue, 17 Jun 2025 14:32:26 GMT[\r][\n]"
21:32:26.213 [main] DEBUG org.apache.http.wire -- http-outgoing-2 << "Connection: keep-alive[\r][\n]"
21:32:26.213 [main] DEBUG org.apache.http.wire -- http-outgoing-2 << "Keep-Alive: timeout=5[\r][\n]"
21:32:26.213 [main] DEBUG org.apache.http.wire -- http-outgoing-2 << "[\r][\n]"
21:32:26.213 [main] DEBUG org.apache.http.wire -- http-outgoing-2 << "{"success":false,"statusCode":401,"message":"Th[0xc3][0xb4]ng tin [0xc4][0x91][0xc4][0x83]ng nh[0xe1][0xba][0xad]p kh[0xc3][0xb4]ng h[0xe1][0xbb][0xa3]p l[0xe1][0xbb][0x87]","path":"/auth/login","timestamp":"2025-06-17T14:32:26.212Z"}"
21:32:26.213 [main] DEBUG org.apache.http.headers -- http-outgoing-2 << HTTP/1.1 401 Unauthorized
21:32:26.213 [main] DEBUG org.apache.http.headers -- http-outgoing-2 << X-Powered-By: Express
21:32:26.213 [main] DEBUG org.apache.http.headers -- http-outgoing-2 << Access-Control-Allow-Origin: *
21:32:26.213 [main] DEBUG org.apache.http.headers -- http-outgoing-2 << Content-Type: application/json; charset=utf-8
21:32:26.213 [main] DEBUG org.apache.http.headers -- http-outgoing-2 << Content-Length: 149
21:32:26.213 [main] DEBUG org.apache.http.headers -- http-outgoing-2 << ETag: W/"95-GXvVArYEAEaHGOWmwLr7TfRJG90"
21:32:26.213 [main] DEBUG org.apache.http.headers -- http-outgoing-2 << Date: Tue, 17 Jun 2025 14:32:26 GMT
21:32:26.213 [main] DEBUG org.apache.http.headers -- http-outgoing-2 << Connection: keep-alive
21:32:26.213 [main] DEBUG org.apache.http.headers -- http-outgoing-2 << Keep-Alive: timeout=5
21:32:26.213 [main] DEBUG org.apache.http.impl.execchain.MainClientExec -- Connection can be kept alive for 5000 MILLISECONDS
21:32:26.213 [main] DEBUG org.apache.http.impl.auth.HttpAuthenticator -- Authentication required
21:32:26.213 [main] DEBUG org.apache.http.impl.auth.HttpAuthenticator -- localhost:3000 requested authentication
21:32:26.215 [main] DEBUG org.apache.http.impl.auth.HttpAuthenticator -- Response contains no authentication challenges
21:32:26.215 [main] DEBUG org.apache.http.impl.conn.PoolingHttpClientConnectionManager -- Connection [id: 2][route: {}->http://localhost:3000] can be kept alive for 5.0 seconds
21:32:26.215 [main] DEBUG org.apache.http.impl.conn.DefaultManagedHttpClientConnection -- http-outgoing-2: set socket timeout to 0
21:32:26.215 [main] DEBUG org.apache.http.impl.conn.PoolingHttpClientConnectionManager -- Connection released: [id: 2][route: {}->http://localhost:3000][total available: 1; route allocated: 1 of 5; total allocated: 1 of 10]
21:32:26.215 [main] DEBUG org.apache.http.impl.conn.PoolingHttpClientConnectionManager -- Connection manager is shutting down
21:32:26.215 [main] DEBUG org.apache.http.impl.conn.DefaultManagedHttpClientConnection -- http-outgoing-2: Close connection
21:32:26.215 [main] DEBUG org.apache.http.impl.conn.PoolingHttpClientConnectionManager -- Connection manager shut down
21:32:26.215 [main] DEBUG com.intuit.karate -- response time in milliseconds: 39
1 < 401
1 < X-Powered-By: Express
1 < Access-Control-Allow-Origin: *
1 < Content-Type: application/json; charset=utf-8
1 < Content-Length: 149
1 < ETag: W/"95-GXvVArYEAEaHGOWmwLr7TfRJG90"
1 < Date: Tue, 17 Jun 2025 14:32:26 GMT
1 < Connection: keep-alive
1 < Keep-Alive: timeout=5
{
  "success": false,
  "statusCode": 401,
  "message": "Thông tin ??ng nh?p không h?p l?",
  "path": "/auth/login",
  "timestamp": "2025-06-17T14:32:26.212Z"
}


21:32:26.217 [main] INFO com.intuit.karate -- [print] Calling login API v?i email: invalid@email.com password: password123 
21:32:26.217 [main] INFO com.intuit.karate -- [print] Response status: 401 body: {
  "success": false,
  "statusCode": 401,
  "message": "Thông tin ??ng nh?p không h?p l?",
  "path": "/auth/login",
  "timestamp": "2025-06-17T14:32:26.212Z"
}
 
21:32:26.220 [main] INFO com.intuit.karate -- STATUS MISMATCH - Expected: 400, Actual: 401 
21:32:26.221 [main] INFO com.intuit.karate -- Test Case Data: {
  "email": "invalid@email.com",
  "password": "password123",
  "expectedStatus": 400.0,
  "expectedResult": "user not found",
  "testDescription": "Login with invalid email",
  "responseStatus": "",
  "result": ""
}
 
21:32:26.221 [main] INFO com.intuit.karate -- Expected Status: 400.0 
21:32:26.222 [main] INFO com.intuit.karate -- Expected Result: user not found 
21:32:26.222 [main] INFO com.intuit.karate -- Actual Status: 401 
21:32:26.222 [main] INFO com.intuit.karate -- Is Expected Status: false 
21:32:26.223 [main] INFO com.intuit.karate -- Test case #3 - Status: 401, Result: {"success":false,"statusCode":401,"message":"Thông tin ??ng nh?p không h?p l?","path":"/auth/login","timestamp":"2025-06-17T14:32:26.212Z"} 
21:32:26.225 [main] INFO com.intuit.karate -- ?ang ch?y test case #4: Login without email 
21:32:26.242 [main] INFO com.intuit.karate -- karate.env system property was: null 
21:32:26.246 [main] DEBUG com.jayway.jsonpath.internal.path.CompiledPath -- Evaluating path: $
21:32:26.248 [main] DEBUG org.apache.http.client.protocol.RequestAddCookies -- CookieSpec selected: karate
21:32:26.248 [main] DEBUG org.apache.http.client.protocol.RequestAuthCache -- Auth cache not set in the context
21:32:26.248 [main] DEBUG com.intuit.karate -- request:
1 > POST http://localhost:3000/auth/login
1 > Content-Type: application/json; charset=UTF-8
1 > Content-Length: 37
1 > Host: localhost:3000
1 > Connection: Keep-Alive
1 > User-Agent: Apache-HttpClient/4.5.14 (Java/17.0.9)
1 > Accept-Encoding: gzip,deflate
{
  "email": "",
  "password": "password123"
}


21:32:26.249 [main] DEBUG org.apache.http.impl.conn.PoolingHttpClientConnectionManager -- Connection request: [route: {}->http://localhost:3000][total available: 0; route allocated: 0 of 5; total allocated: 0 of 10]
21:32:26.249 [main] DEBUG org.apache.http.impl.conn.PoolingHttpClientConnectionManager -- Connection leased: [id: 3][route: {}->http://localhost:3000][total available: 0; route allocated: 1 of 5; total allocated: 1 of 10]
21:32:26.249 [main] DEBUG org.apache.http.impl.execchain.MainClientExec -- Opening connection {}->http://localhost:3000
21:32:26.249 [main] DEBUG org.apache.http.impl.conn.DefaultHttpClientConnectionOperator -- Connecting to localhost/127.0.0.1:3000
21:32:26.250 [main] DEBUG org.apache.http.impl.conn.DefaultHttpClientConnectionOperator -- Connection established 127.0.0.1:62516<->127.0.0.1:3000
21:32:26.250 [main] DEBUG org.apache.http.impl.conn.DefaultManagedHttpClientConnection -- http-outgoing-3: set socket timeout to 5000
21:32:26.250 [main] DEBUG org.apache.http.impl.execchain.MainClientExec -- Executing request POST /auth/login HTTP/1.1
21:32:26.250 [main] DEBUG org.apache.http.impl.execchain.MainClientExec -- Target auth state: UNCHALLENGED
21:32:26.250 [main] DEBUG org.apache.http.impl.execchain.MainClientExec -- Proxy auth state: UNCHALLENGED
21:32:26.250 [main] DEBUG org.apache.http.headers -- http-outgoing-3 >> POST /auth/login HTTP/1.1
21:32:26.251 [main] DEBUG org.apache.http.headers -- http-outgoing-3 >> Content-Type: application/json; charset=UTF-8
21:32:26.251 [main] DEBUG org.apache.http.headers -- http-outgoing-3 >> Content-Length: 37
21:32:26.251 [main] DEBUG org.apache.http.headers -- http-outgoing-3 >> Host: localhost:3000
21:32:26.251 [main] DEBUG org.apache.http.headers -- http-outgoing-3 >> Connection: Keep-Alive
21:32:26.251 [main] DEBUG org.apache.http.headers -- http-outgoing-3 >> User-Agent: Apache-HttpClient/4.5.14 (Java/17.0.9)
21:32:26.251 [main] DEBUG org.apache.http.headers -- http-outgoing-3 >> Accept-Encoding: gzip,deflate
21:32:26.251 [main] DEBUG org.apache.http.wire -- http-outgoing-3 >> "POST /auth/login HTTP/1.1[\r][\n]"
21:32:26.251 [main] DEBUG org.apache.http.wire -- http-outgoing-3 >> "Content-Type: application/json; charset=UTF-8[\r][\n]"
21:32:26.251 [main] DEBUG org.apache.http.wire -- http-outgoing-3 >> "Content-Length: 37[\r][\n]"
21:32:26.251 [main] DEBUG org.apache.http.wire -- http-outgoing-3 >> "Host: localhost:3000[\r][\n]"
21:32:26.251 [main] DEBUG org.apache.http.wire -- http-outgoing-3 >> "Connection: Keep-Alive[\r][\n]"
21:32:26.251 [main] DEBUG org.apache.http.wire -- http-outgoing-3 >> "User-Agent: Apache-HttpClient/4.5.14 (Java/17.0.9)[\r][\n]"
21:32:26.251 [main] DEBUG org.apache.http.wire -- http-outgoing-3 >> "Accept-Encoding: gzip,deflate[\r][\n]"
21:32:26.251 [main] DEBUG org.apache.http.wire -- http-outgoing-3 >> "[\r][\n]"
21:32:26.251 [main] DEBUG org.apache.http.wire -- http-outgoing-3 >> "{"email":"","password":"password123"}"
21:32:26.255 [main] DEBUG org.apache.http.wire -- http-outgoing-3 << "HTTP/1.1 400 Bad Request[\r][\n]"
21:32:26.256 [main] DEBUG org.apache.http.wire -- http-outgoing-3 << "X-Powered-By: Express[\r][\n]"
21:32:26.256 [main] DEBUG org.apache.http.wire -- http-outgoing-3 << "Access-Control-Allow-Origin: *[\r][\n]"
21:32:26.256 [main] DEBUG org.apache.http.wire -- http-outgoing-3 << "Content-Type: application/json; charset=utf-8[\r][\n]"
21:32:26.256 [main] DEBUG org.apache.http.wire -- http-outgoing-3 << "Content-Length: 136[\r][\n]"
21:32:26.256 [main] DEBUG org.apache.http.wire -- http-outgoing-3 << "ETag: W/"88-YycHJpuNFx6u2zN3Mf7GCEJQen0"[\r][\n]"
21:32:26.256 [main] DEBUG org.apache.http.wire -- http-outgoing-3 << "Date: Tue, 17 Jun 2025 14:32:26 GMT[\r][\n]"
21:32:26.256 [main] DEBUG org.apache.http.wire -- http-outgoing-3 << "Connection: keep-alive[\r][\n]"
21:32:26.256 [main] DEBUG org.apache.http.wire -- http-outgoing-3 << "Keep-Alive: timeout=5[\r][\n]"
21:32:26.256 [main] DEBUG org.apache.http.wire -- http-outgoing-3 << "[\r][\n]"
21:32:26.256 [main] DEBUG org.apache.http.wire -- http-outgoing-3 << "{"success":false,"statusCode":400,"message":"D[0xe1][0xbb][0xaf] li[0xe1][0xbb][0x87]u kh[0xc3][0xb4]ng h[0xe1][0xbb][0xa3]p l[0xe1][0xbb][0x87]","path":"/auth/login","timestamp":"2025-06-17T14:32:26.254Z"}"
21:32:26.256 [main] DEBUG org.apache.http.headers -- http-outgoing-3 << HTTP/1.1 400 Bad Request
21:32:26.256 [main] DEBUG org.apache.http.headers -- http-outgoing-3 << X-Powered-By: Express
21:32:26.256 [main] DEBUG org.apache.http.headers -- http-outgoing-3 << Access-Control-Allow-Origin: *
21:32:26.256 [main] DEBUG org.apache.http.headers -- http-outgoing-3 << Content-Type: application/json; charset=utf-8
21:32:26.256 [main] DEBUG org.apache.http.headers -- http-outgoing-3 << Content-Length: 136
21:32:26.256 [main] DEBUG org.apache.http.headers -- http-outgoing-3 << ETag: W/"88-YycHJpuNFx6u2zN3Mf7GCEJQen0"
21:32:26.256 [main] DEBUG org.apache.http.headers -- http-outgoing-3 << Date: Tue, 17 Jun 2025 14:32:26 GMT
21:32:26.256 [main] DEBUG org.apache.http.headers -- http-outgoing-3 << Connection: keep-alive
21:32:26.256 [main] DEBUG org.apache.http.headers -- http-outgoing-3 << Keep-Alive: timeout=5
21:32:26.258 [main] DEBUG org.apache.http.impl.execchain.MainClientExec -- Connection can be kept alive for 5000 MILLISECONDS
21:32:26.258 [main] DEBUG org.apache.http.impl.conn.PoolingHttpClientConnectionManager -- Connection [id: 3][route: {}->http://localhost:3000] can be kept alive for 5.0 seconds
21:32:26.258 [main] DEBUG org.apache.http.impl.conn.DefaultManagedHttpClientConnection -- http-outgoing-3: set socket timeout to 0
21:32:26.258 [main] DEBUG org.apache.http.impl.conn.PoolingHttpClientConnectionManager -- Connection released: [id: 3][route: {}->http://localhost:3000][total available: 1; route allocated: 1 of 5; total allocated: 1 of 10]
21:32:26.258 [main] DEBUG org.apache.http.impl.conn.PoolingHttpClientConnectionManager -- Connection manager is shutting down
21:32:26.258 [main] DEBUG org.apache.http.impl.conn.DefaultManagedHttpClientConnection -- http-outgoing-3: Close connection
21:32:26.258 [main] DEBUG org.apache.http.impl.conn.PoolingHttpClientConnectionManager -- Connection manager shut down
21:32:26.259 [main] DEBUG com.intuit.karate -- response time in milliseconds: 9
1 < 400
1 < X-Powered-By: Express
1 < Access-Control-Allow-Origin: *
1 < Content-Type: application/json; charset=utf-8
1 < Content-Length: 136
1 < ETag: W/"88-YycHJpuNFx6u2zN3Mf7GCEJQen0"
1 < Date: Tue, 17 Jun 2025 14:32:26 GMT
1 < Connection: keep-alive
1 < Keep-Alive: timeout=5
{
  "success": false,
  "statusCode": 400,
  "message": "D? li?u không h?p l?",
  "path": "/auth/login",
  "timestamp": "2025-06-17T14:32:26.254Z"
}


21:32:26.261 [main] INFO com.intuit.karate -- [print] Calling login API v?i email:  password: password123 
21:32:26.262 [main] INFO com.intuit.karate -- [print] Response status: 400 body: {
  "success": false,
  "statusCode": 400,
  "message": "D? li?u không h?p l?",
  "path": "/auth/login",
  "timestamp": "2025-06-17T14:32:26.254Z"
}
 
21:32:26.263 [main] INFO com.intuit.karate -- Test Case Data: {
  "email": "",
  "password": "password123",
  "expectedStatus": 400.0,
  "expectedResult": "Missing email or username",
  "testDescription": "Login without email",
  "responseStatus": "",
  "result": ""
}
 
21:32:26.263 [main] INFO com.intuit.karate -- Expected Status: 400.0 
21:32:26.265 [main] INFO com.intuit.karate -- Expected Result: Missing email or username 
21:32:26.265 [main] INFO com.intuit.karate -- Actual Status: 400 
21:32:26.265 [main] INFO com.intuit.karate -- Is Expected Status: true 
21:32:26.265 [main] INFO com.intuit.karate -- Test case #4 - Status: 400, Result: {"success":false,"statusCode":400,"message":"D? li?u không h?p l?","path":"/auth/login","timestamp":"2025-06-17T14:32:26.254Z"} 
21:32:26.265 [main] INFO com.intuit.karate -- ?ang ch?y test case #5: Login with wrong password 
21:32:26.277 [main] INFO com.intuit.karate -- karate.env system property was: null 
21:32:26.278 [main] DEBUG com.jayway.jsonpath.internal.path.CompiledPath -- Evaluating path: $
21:32:26.279 [main] DEBUG org.apache.http.client.protocol.RequestAddCookies -- CookieSpec selected: karate
21:32:26.279 [main] DEBUG org.apache.http.client.protocol.RequestAuthCache -- Auth cache not set in the context
21:32:26.280 [main] DEBUG com.intuit.karate -- request:
1 > POST http://localhost:3000/auth/login
1 > Content-Type: application/json; charset=UTF-8
1 > Content-Length: 52
1 > Host: localhost:3000
1 > Connection: Keep-Alive
1 > User-Agent: Apache-HttpClient/4.5.14 (Java/17.0.9)
1 > Accept-Encoding: gzip,deflate
{
  "email": "nam@gmail.com",
  "password": "wrongpassword"
}


21:32:26.280 [main] DEBUG org.apache.http.impl.conn.PoolingHttpClientConnectionManager -- Connection request: [route: {}->http://localhost:3000][total available: 0; route allocated: 0 of 5; total allocated: 0 of 10]
21:32:26.280 [main] DEBUG org.apache.http.impl.conn.PoolingHttpClientConnectionManager -- Connection leased: [id: 4][route: {}->http://localhost:3000][total available: 0; route allocated: 1 of 5; total allocated: 1 of 10]
21:32:26.280 [main] DEBUG org.apache.http.impl.execchain.MainClientExec -- Opening connection {}->http://localhost:3000
21:32:26.280 [main] DEBUG org.apache.http.impl.conn.DefaultHttpClientConnectionOperator -- Connecting to localhost/127.0.0.1:3000
21:32:26.281 [main] DEBUG org.apache.http.impl.conn.DefaultHttpClientConnectionOperator -- Connection established 127.0.0.1:62517<->127.0.0.1:3000
21:32:26.281 [main] DEBUG org.apache.http.impl.conn.DefaultManagedHttpClientConnection -- http-outgoing-4: set socket timeout to 5000
21:32:26.281 [main] DEBUG org.apache.http.impl.execchain.MainClientExec -- Executing request POST /auth/login HTTP/1.1
21:32:26.281 [main] DEBUG org.apache.http.impl.execchain.MainClientExec -- Target auth state: UNCHALLENGED
21:32:26.281 [main] DEBUG org.apache.http.impl.execchain.MainClientExec -- Proxy auth state: UNCHALLENGED
21:32:26.281 [main] DEBUG org.apache.http.headers -- http-outgoing-4 >> POST /auth/login HTTP/1.1
21:32:26.281 [main] DEBUG org.apache.http.headers -- http-outgoing-4 >> Content-Type: application/json; charset=UTF-8
21:32:26.281 [main] DEBUG org.apache.http.headers -- http-outgoing-4 >> Content-Length: 52
21:32:26.281 [main] DEBUG org.apache.http.headers -- http-outgoing-4 >> Host: localhost:3000
21:32:26.281 [main] DEBUG org.apache.http.headers -- http-outgoing-4 >> Connection: Keep-Alive
21:32:26.281 [main] DEBUG org.apache.http.headers -- http-outgoing-4 >> User-Agent: Apache-HttpClient/4.5.14 (Java/17.0.9)
21:32:26.282 [main] DEBUG org.apache.http.headers -- http-outgoing-4 >> Accept-Encoding: gzip,deflate
21:32:26.282 [main] DEBUG org.apache.http.wire -- http-outgoing-4 >> "POST /auth/login HTTP/1.1[\r][\n]"
21:32:26.282 [main] DEBUG org.apache.http.wire -- http-outgoing-4 >> "Content-Type: application/json; charset=UTF-8[\r][\n]"
21:32:26.282 [main] DEBUG org.apache.http.wire -- http-outgoing-4 >> "Content-Length: 52[\r][\n]"
21:32:26.282 [main] DEBUG org.apache.http.wire -- http-outgoing-4 >> "Host: localhost:3000[\r][\n]"
21:32:26.282 [main] DEBUG org.apache.http.wire -- http-outgoing-4 >> "Connection: Keep-Alive[\r][\n]"
21:32:26.282 [main] DEBUG org.apache.http.wire -- http-outgoing-4 >> "User-Agent: Apache-HttpClient/4.5.14 (Java/17.0.9)[\r][\n]"
21:32:26.282 [main] DEBUG org.apache.http.wire -- http-outgoing-4 >> "Accept-Encoding: gzip,deflate[\r][\n]"
21:32:26.282 [main] DEBUG org.apache.http.wire -- http-outgoing-4 >> "[\r][\n]"
21:32:26.282 [main] DEBUG org.apache.http.wire -- http-outgoing-4 >> "{"email":"nam@gmail.com","password":"wrongpassword"}"
21:32:26.376 [main] DEBUG org.apache.http.wire -- http-outgoing-4 << "HTTP/1.1 401 Unauthorized[\r][\n]"
21:32:26.376 [main] DEBUG org.apache.http.wire -- http-outgoing-4 << "X-Powered-By: Express[\r][\n]"
21:32:26.376 [main] DEBUG org.apache.http.wire -- http-outgoing-4 << "Access-Control-Allow-Origin: *[\r][\n]"
21:32:26.376 [main] DEBUG org.apache.http.wire -- http-outgoing-4 << "Content-Type: application/json; charset=utf-8[\r][\n]"
21:32:26.376 [main] DEBUG org.apache.http.wire -- http-outgoing-4 << "Content-Length: 149[\r][\n]"
21:32:26.376 [main] DEBUG org.apache.http.wire -- http-outgoing-4 << "ETag: W/"95-l5boZUxP9MysfJuEqiFdJJPdkVk"[\r][\n]"
21:32:26.376 [main] DEBUG org.apache.http.wire -- http-outgoing-4 << "Date: Tue, 17 Jun 2025 14:32:26 GMT[\r][\n]"
21:32:26.376 [main] DEBUG org.apache.http.wire -- http-outgoing-4 << "Connection: keep-alive[\r][\n]"
21:32:26.376 [main] DEBUG org.apache.http.wire -- http-outgoing-4 << "Keep-Alive: timeout=5[\r][\n]"
21:32:26.376 [main] DEBUG org.apache.http.wire -- http-outgoing-4 << "[\r][\n]"
21:32:26.376 [main] DEBUG org.apache.http.wire -- http-outgoing-4 << "{"success":false,"statusCode":401,"message":"Th[0xc3][0xb4]ng tin [0xc4][0x91][0xc4][0x83]ng nh[0xe1][0xba][0xad]p kh[0xc3][0xb4]ng h[0xe1][0xbb][0xa3]p l[0xe1][0xbb][0x87]","path":"/auth/login","timestamp":"2025-06-17T14:32:26.375Z"}"
21:32:26.376 [main] DEBUG org.apache.http.headers -- http-outgoing-4 << HTTP/1.1 401 Unauthorized
21:32:26.376 [main] DEBUG org.apache.http.headers -- http-outgoing-4 << X-Powered-By: Express
21:32:26.376 [main] DEBUG org.apache.http.headers -- http-outgoing-4 << Access-Control-Allow-Origin: *
21:32:26.376 [main] DEBUG org.apache.http.headers -- http-outgoing-4 << Content-Type: application/json; charset=utf-8
21:32:26.376 [main] DEBUG org.apache.http.headers -- http-outgoing-4 << Content-Length: 149
21:32:26.376 [main] DEBUG org.apache.http.headers -- http-outgoing-4 << ETag: W/"95-l5boZUxP9MysfJuEqiFdJJPdkVk"
21:32:26.376 [main] DEBUG org.apache.http.headers -- http-outgoing-4 << Date: Tue, 17 Jun 2025 14:32:26 GMT
21:32:26.376 [main] DEBUG org.apache.http.headers -- http-outgoing-4 << Connection: keep-alive
21:32:26.376 [main] DEBUG org.apache.http.headers -- http-outgoing-4 << Keep-Alive: timeout=5
21:32:26.376 [main] DEBUG org.apache.http.impl.execchain.MainClientExec -- Connection can be kept alive for 5000 MILLISECONDS
21:32:26.376 [main] DEBUG org.apache.http.impl.auth.HttpAuthenticator -- Authentication required
21:32:26.376 [main] DEBUG org.apache.http.impl.auth.HttpAuthenticator -- localhost:3000 requested authentication
21:32:26.376 [main] DEBUG org.apache.http.impl.auth.HttpAuthenticator -- Response contains no authentication challenges
21:32:26.378 [main] DEBUG org.apache.http.impl.conn.PoolingHttpClientConnectionManager -- Connection [id: 4][route: {}->http://localhost:3000] can be kept alive for 5.0 seconds
21:32:26.378 [main] DEBUG org.apache.http.impl.conn.DefaultManagedHttpClientConnection -- http-outgoing-4: set socket timeout to 0
21:32:26.378 [main] DEBUG org.apache.http.impl.conn.PoolingHttpClientConnectionManager -- Connection released: [id: 4][route: {}->http://localhost:3000][total available: 1; route allocated: 1 of 5; total allocated: 1 of 10]
21:32:26.378 [main] DEBUG org.apache.http.impl.conn.PoolingHttpClientConnectionManager -- Connection manager is shutting down
21:32:26.378 [main] DEBUG org.apache.http.impl.conn.DefaultManagedHttpClientConnection -- http-outgoing-4: Close connection
21:32:26.378 [main] DEBUG org.apache.http.impl.conn.PoolingHttpClientConnectionManager -- Connection manager shut down
21:32:26.378 [main] DEBUG com.intuit.karate -- response time in milliseconds: 98
1 < 401
1 < X-Powered-By: Express
1 < Access-Control-Allow-Origin: *
1 < Content-Type: application/json; charset=utf-8
1 < Content-Length: 149
1 < ETag: W/"95-l5boZUxP9MysfJuEqiFdJJPdkVk"
1 < Date: Tue, 17 Jun 2025 14:32:26 GMT
1 < Connection: keep-alive
1 < Keep-Alive: timeout=5
{
  "success": false,
  "statusCode": 401,
  "message": "Thông tin ??ng nh?p không h?p l?",
  "path": "/auth/login",
  "timestamp": "2025-06-17T14:32:26.375Z"
}


21:32:26.381 [main] INFO com.intuit.karate -- [print] Calling login API v?i email: nam@gmail.com password: wrongpassword 
21:32:26.381 [main] INFO com.intuit.karate -- [print] Response status: 401 body: {
  "success": false,
  "statusCode": 401,
  "message": "Thông tin ??ng nh?p không h?p l?",
  "path": "/auth/login",
  "timestamp": "2025-06-17T14:32:26.375Z"
}
 
21:32:26.382 [main] INFO com.intuit.karate -- STATUS MISMATCH - Expected: 400, Actual: 401 
21:32:26.383 [main] INFO com.intuit.karate -- Test Case Data: {
  "email": "nam@gmail.com",
  "password": "wrongpassword",
  "expectedStatus": 400.0,
  "expectedResult": "user not found",
  "testDescription": "Login with wrong password",
  "responseStatus": "",
  "result": ""
}
 
21:32:26.383 [main] INFO com.intuit.karate -- Expected Status: 400.0 
21:32:26.384 [main] INFO com.intuit.karate -- Expected Result: user not found 
21:32:26.385 [main] INFO com.intuit.karate -- Actual Status: 401 
21:32:26.385 [main] INFO com.intuit.karate -- Is Expected Status: false 
21:32:26.385 [main] INFO com.intuit.karate -- Test case #5 - Status: 401, Result: {"success":false,"statusCode":401,"message":"Thông tin ??ng nh?p không h?p l?","path":"/auth/login","timestamp":"2025-06-17T14:32:26.375Z"} 
21:32:26.387 [main] INFO com.intuit.karate -- ?ang ch?y test case #6: TC: Email không h?p l? - thi?u domain 
21:32:26.395 [main] INFO com.intuit.karate -- karate.env system property was: null 
21:32:26.397 [main] DEBUG com.jayway.jsonpath.internal.path.CompiledPath -- Evaluating path: $
21:32:26.397 [main] DEBUG org.apache.http.client.protocol.RequestAddCookies -- CookieSpec selected: karate
21:32:26.397 [main] DEBUG org.apache.http.client.protocol.RequestAuthCache -- Auth cache not set in the context
21:32:26.397 [main] DEBUG com.intuit.karate -- request:
1 > POST http://localhost:3000/auth/login
1 > Content-Type: application/json; charset=UTF-8
1 > Content-Length: 42
1 > Host: localhost:3000
1 > Connection: Keep-Alive
1 > User-Agent: Apache-HttpClient/4.5.14 (Java/17.0.9)
1 > Accept-Encoding: gzip,deflate
{
  "email": "user@",
  "password": "password123"
}


21:32:26.397 [main] DEBUG org.apache.http.impl.conn.PoolingHttpClientConnectionManager -- Connection request: [route: {}->http://localhost:3000][total available: 0; route allocated: 0 of 5; total allocated: 0 of 10]
21:32:26.397 [main] DEBUG org.apache.http.impl.conn.PoolingHttpClientConnectionManager -- Connection leased: [id: 5][route: {}->http://localhost:3000][total available: 0; route allocated: 1 of 5; total allocated: 1 of 10]
21:32:26.397 [main] DEBUG org.apache.http.impl.execchain.MainClientExec -- Opening connection {}->http://localhost:3000
21:32:26.398 [main] DEBUG org.apache.http.impl.conn.DefaultHttpClientConnectionOperator -- Connecting to localhost/127.0.0.1:3000
21:32:26.398 [main] DEBUG org.apache.http.impl.conn.DefaultHttpClientConnectionOperator -- Connection established 127.0.0.1:62518<->127.0.0.1:3000
21:32:26.398 [main] DEBUG org.apache.http.impl.conn.DefaultManagedHttpClientConnection -- http-outgoing-5: set socket timeout to 5000
21:32:26.398 [main] DEBUG org.apache.http.impl.execchain.MainClientExec -- Executing request POST /auth/login HTTP/1.1
21:32:26.398 [main] DEBUG org.apache.http.impl.execchain.MainClientExec -- Target auth state: UNCHALLENGED
21:32:26.398 [main] DEBUG org.apache.http.impl.execchain.MainClientExec -- Proxy auth state: UNCHALLENGED
21:32:26.398 [main] DEBUG org.apache.http.headers -- http-outgoing-5 >> POST /auth/login HTTP/1.1
21:32:26.398 [main] DEBUG org.apache.http.headers -- http-outgoing-5 >> Content-Type: application/json; charset=UTF-8
21:32:26.398 [main] DEBUG org.apache.http.headers -- http-outgoing-5 >> Content-Length: 42
21:32:26.398 [main] DEBUG org.apache.http.headers -- http-outgoing-5 >> Host: localhost:3000
21:32:26.398 [main] DEBUG org.apache.http.headers -- http-outgoing-5 >> Connection: Keep-Alive
21:32:26.398 [main] DEBUG org.apache.http.headers -- http-outgoing-5 >> User-Agent: Apache-HttpClient/4.5.14 (Java/17.0.9)
21:32:26.398 [main] DEBUG org.apache.http.headers -- http-outgoing-5 >> Accept-Encoding: gzip,deflate
21:32:26.398 [main] DEBUG org.apache.http.wire -- http-outgoing-5 >> "POST /auth/login HTTP/1.1[\r][\n]"
21:32:26.398 [main] DEBUG org.apache.http.wire -- http-outgoing-5 >> "Content-Type: application/json; charset=UTF-8[\r][\n]"
21:32:26.398 [main] DEBUG org.apache.http.wire -- http-outgoing-5 >> "Content-Length: 42[\r][\n]"
21:32:26.398 [main] DEBUG org.apache.http.wire -- http-outgoing-5 >> "Host: localhost:3000[\r][\n]"
21:32:26.399 [main] DEBUG org.apache.http.wire -- http-outgoing-5 >> "Connection: Keep-Alive[\r][\n]"
21:32:26.399 [main] DEBUG org.apache.http.wire -- http-outgoing-5 >> "User-Agent: Apache-HttpClient/4.5.14 (Java/17.0.9)[\r][\n]"
21:32:26.399 [main] DEBUG org.apache.http.wire -- http-outgoing-5 >> "Accept-Encoding: gzip,deflate[\r][\n]"
21:32:26.399 [main] DEBUG org.apache.http.wire -- http-outgoing-5 >> "[\r][\n]"
21:32:26.399 [main] DEBUG org.apache.http.wire -- http-outgoing-5 >> "{"email":"user@","password":"password123"}"
21:32:26.400 [main] DEBUG org.apache.http.wire -- http-outgoing-5 << "HTTP/1.1 400 Bad Request[\r][\n]"
21:32:26.400 [main] DEBUG org.apache.http.wire -- http-outgoing-5 << "X-Powered-By: Express[\r][\n]"
21:32:26.400 [main] DEBUG org.apache.http.wire -- http-outgoing-5 << "Access-Control-Allow-Origin: *[\r][\n]"
21:32:26.400 [main] DEBUG org.apache.http.wire -- http-outgoing-5 << "Content-Type: application/json; charset=utf-8[\r][\n]"
21:32:26.400 [main] DEBUG org.apache.http.wire -- http-outgoing-5 << "Content-Length: 136[\r][\n]"
21:32:26.400 [main] DEBUG org.apache.http.wire -- http-outgoing-5 << "ETag: W/"88-9JtaGPGisopjex7A55N1hYYunb8"[\r][\n]"
21:32:26.400 [main] DEBUG org.apache.http.wire -- http-outgoing-5 << "Date: Tue, 17 Jun 2025 14:32:26 GMT[\r][\n]"
21:32:26.400 [main] DEBUG org.apache.http.wire -- http-outgoing-5 << "Connection: keep-alive[\r][\n]"
21:32:26.400 [main] DEBUG org.apache.http.wire -- http-outgoing-5 << "Keep-Alive: timeout=5[\r][\n]"
21:32:26.400 [main] DEBUG org.apache.http.wire -- http-outgoing-5 << "[\r][\n]"
21:32:26.400 [main] DEBUG org.apache.http.wire -- http-outgoing-5 << "{"success":false,"statusCode":400,"message":"D[0xe1][0xbb][0xaf] li[0xe1][0xbb][0x87]u kh[0xc3][0xb4]ng h[0xe1][0xbb][0xa3]p l[0xe1][0xbb][0x87]","path":"/auth/login","timestamp":"2025-06-17T14:32:26.400Z"}"
21:32:26.401 [main] DEBUG org.apache.http.headers -- http-outgoing-5 << HTTP/1.1 400 Bad Request
21:32:26.401 [main] DEBUG org.apache.http.headers -- http-outgoing-5 << X-Powered-By: Express
21:32:26.401 [main] DEBUG org.apache.http.headers -- http-outgoing-5 << Access-Control-Allow-Origin: *
21:32:26.401 [main] DEBUG org.apache.http.headers -- http-outgoing-5 << Content-Type: application/json; charset=utf-8
21:32:26.401 [main] DEBUG org.apache.http.headers -- http-outgoing-5 << Content-Length: 136
21:32:26.401 [main] DEBUG org.apache.http.headers -- http-outgoing-5 << ETag: W/"88-9JtaGPGisopjex7A55N1hYYunb8"
21:32:26.401 [main] DEBUG org.apache.http.headers -- http-outgoing-5 << Date: Tue, 17 Jun 2025 14:32:26 GMT
21:32:26.401 [main] DEBUG org.apache.http.headers -- http-outgoing-5 << Connection: keep-alive
21:32:26.401 [main] DEBUG org.apache.http.headers -- http-outgoing-5 << Keep-Alive: timeout=5
21:32:26.401 [main] DEBUG org.apache.http.impl.execchain.MainClientExec -- Connection can be kept alive for 5000 MILLISECONDS
21:32:26.401 [main] DEBUG org.apache.http.impl.conn.PoolingHttpClientConnectionManager -- Connection [id: 5][route: {}->http://localhost:3000] can be kept alive for 5.0 seconds
21:32:26.401 [main] DEBUG org.apache.http.impl.conn.DefaultManagedHttpClientConnection -- http-outgoing-5: set socket timeout to 0
21:32:26.401 [main] DEBUG org.apache.http.impl.conn.PoolingHttpClientConnectionManager -- Connection released: [id: 5][route: {}->http://localhost:3000][total available: 1; route allocated: 1 of 5; total allocated: 1 of 10]
21:32:26.401 [main] DEBUG org.apache.http.impl.conn.PoolingHttpClientConnectionManager -- Connection manager is shutting down
21:32:26.401 [main] DEBUG org.apache.http.impl.conn.DefaultManagedHttpClientConnection -- http-outgoing-5: Close connection
21:32:26.401 [main] DEBUG org.apache.http.impl.conn.PoolingHttpClientConnectionManager -- Connection manager shut down
21:32:26.401 [main] DEBUG com.intuit.karate -- response time in milliseconds: 4
1 < 400
1 < X-Powered-By: Express
1 < Access-Control-Allow-Origin: *
1 < Content-Type: application/json; charset=utf-8
1 < Content-Length: 136
1 < ETag: W/"88-9JtaGPGisopjex7A55N1hYYunb8"
1 < Date: Tue, 17 Jun 2025 14:32:26 GMT
1 < Connection: keep-alive
1 < Keep-Alive: timeout=5
{
  "success": false,
  "statusCode": 400,
  "message": "D? li?u không h?p l?",
  "path": "/auth/login",
  "timestamp": "2025-06-17T14:32:26.400Z"
}


21:32:26.403 [main] INFO com.intuit.karate -- [print] Calling login API v?i email: user@ password: password123 
21:32:26.404 [main] INFO com.intuit.karate -- [print] Response status: 400 body: {
  "success": false,
  "statusCode": 400,
  "message": "D? li?u không h?p l?",
  "path": "/auth/login",
  "timestamp": "2025-06-17T14:32:26.400Z"
}
 
21:32:26.404 [main] INFO com.intuit.karate -- Test Case Data: {
  "email": "user@",
  "password": "password123",
  "expectedStatus": 400.0,
  "expectedResult": "Invalid email format",
  "testDescription": "TC: Email không h?p l? - thi?u domain",
  "responseStatus": "",
  "result": ""
}
 
21:32:26.405 [main] INFO com.intuit.karate -- Expected Status: 400.0 
21:32:26.405 [main] INFO com.intuit.karate -- Expected Result: Invalid email format 
21:32:26.405 [main] INFO com.intuit.karate -- Actual Status: 400 
21:32:26.405 [main] INFO com.intuit.karate -- Is Expected Status: true 
21:32:26.405 [main] INFO com.intuit.karate -- Test case #6 - Status: 400, Result: {"success":false,"statusCode":400,"message":"D? li?u không h?p l?","path":"/auth/login","timestamp":"2025-06-17T14:32:26.400Z"} 
21:32:26.405 [main] INFO com.intuit.karate -- ?ang ch?y test case #7: TC: Email không h?p l? - thi?u ký t? @ 
21:32:26.413 [main] INFO com.intuit.karate -- karate.env system property was: null 
21:32:26.416 [main] DEBUG com.jayway.jsonpath.internal.path.CompiledPath -- Evaluating path: $
21:32:26.418 [main] DEBUG org.apache.http.client.protocol.RequestAddCookies -- CookieSpec selected: karate
21:32:26.419 [main] DEBUG org.apache.http.client.protocol.RequestAuthCache -- Auth cache not set in the context
21:32:26.419 [main] DEBUG com.intuit.karate -- request:
1 > POST http://localhost:3000/auth/login
1 > Content-Type: application/json; charset=UTF-8
1 > Content-Length: 53
1 > Host: localhost:3000
1 > Connection: Keep-Alive
1 > User-Agent: Apache-HttpClient/4.5.14 (Java/17.0.9)
1 > Accept-Encoding: gzip,deflate
{
  "email": "user.example.com",
  "password": "password123"
}


21:32:26.419 [main] DEBUG org.apache.http.impl.conn.PoolingHttpClientConnectionManager -- Connection request: [route: {}->http://localhost:3000][total available: 0; route allocated: 0 of 5; total allocated: 0 of 10]
21:32:26.419 [main] DEBUG org.apache.http.impl.conn.PoolingHttpClientConnectionManager -- Connection leased: [id: 6][route: {}->http://localhost:3000][total available: 0; route allocated: 1 of 5; total allocated: 1 of 10]
21:32:26.419 [main] DEBUG org.apache.http.impl.execchain.MainClientExec -- Opening connection {}->http://localhost:3000
21:32:26.420 [main] DEBUG org.apache.http.impl.conn.DefaultHttpClientConnectionOperator -- Connecting to localhost/127.0.0.1:3000
21:32:26.420 [main] DEBUG org.apache.http.impl.conn.DefaultHttpClientConnectionOperator -- Connection established 127.0.0.1:62519<->127.0.0.1:3000
21:32:26.420 [main] DEBUG org.apache.http.impl.conn.DefaultManagedHttpClientConnection -- http-outgoing-6: set socket timeout to 5000
21:32:26.420 [main] DEBUG org.apache.http.impl.execchain.MainClientExec -- Executing request POST /auth/login HTTP/1.1
21:32:26.421 [main] DEBUG org.apache.http.impl.execchain.MainClientExec -- Target auth state: UNCHALLENGED
21:32:26.421 [main] DEBUG org.apache.http.impl.execchain.MainClientExec -- Proxy auth state: UNCHALLENGED
21:32:26.421 [main] DEBUG org.apache.http.headers -- http-outgoing-6 >> POST /auth/login HTTP/1.1
21:32:26.421 [main] DEBUG org.apache.http.headers -- http-outgoing-6 >> Content-Type: application/json; charset=UTF-8
21:32:26.421 [main] DEBUG org.apache.http.headers -- http-outgoing-6 >> Content-Length: 53
21:32:26.421 [main] DEBUG org.apache.http.headers -- http-outgoing-6 >> Host: localhost:3000
21:32:26.421 [main] DEBUG org.apache.http.headers -- http-outgoing-6 >> Connection: Keep-Alive
21:32:26.421 [main] DEBUG org.apache.http.headers -- http-outgoing-6 >> User-Agent: Apache-HttpClient/4.5.14 (Java/17.0.9)
21:32:26.421 [main] DEBUG org.apache.http.headers -- http-outgoing-6 >> Accept-Encoding: gzip,deflate
21:32:26.421 [main] DEBUG org.apache.http.wire -- http-outgoing-6 >> "POST /auth/login HTTP/1.1[\r][\n]"
21:32:26.421 [main] DEBUG org.apache.http.wire -- http-outgoing-6 >> "Content-Type: application/json; charset=UTF-8[\r][\n]"
21:32:26.421 [main] DEBUG org.apache.http.wire -- http-outgoing-6 >> "Content-Length: 53[\r][\n]"
21:32:26.421 [main] DEBUG org.apache.http.wire -- http-outgoing-6 >> "Host: localhost:3000[\r][\n]"
21:32:26.421 [main] DEBUG org.apache.http.wire -- http-outgoing-6 >> "Connection: Keep-Alive[\r][\n]"
21:32:26.421 [main] DEBUG org.apache.http.wire -- http-outgoing-6 >> "User-Agent: Apache-HttpClient/4.5.14 (Java/17.0.9)[\r][\n]"
21:32:26.421 [main] DEBUG org.apache.http.wire -- http-outgoing-6 >> "Accept-Encoding: gzip,deflate[\r][\n]"
21:32:26.421 [main] DEBUG org.apache.http.wire -- http-outgoing-6 >> "[\r][\n]"
21:32:26.421 [main] DEBUG org.apache.http.wire -- http-outgoing-6 >> "{"email":"user.example.com","password":"password123"}"
21:32:26.423 [main] DEBUG org.apache.http.wire -- http-outgoing-6 << "HTTP/1.1 400 Bad Request[\r][\n]"
21:32:26.423 [main] DEBUG org.apache.http.wire -- http-outgoing-6 << "X-Powered-By: Express[\r][\n]"
21:32:26.423 [main] DEBUG org.apache.http.wire -- http-outgoing-6 << "Access-Control-Allow-Origin: *[\r][\n]"
21:32:26.423 [main] DEBUG org.apache.http.wire -- http-outgoing-6 << "Content-Type: application/json; charset=utf-8[\r][\n]"
21:32:26.423 [main] DEBUG org.apache.http.wire -- http-outgoing-6 << "Content-Length: 136[\r][\n]"
21:32:26.423 [main] DEBUG org.apache.http.wire -- http-outgoing-6 << "ETag: W/"88-8pWbLpQmC9USUa5gUDEEDHmQsfE"[\r][\n]"
21:32:26.425 [main] DEBUG org.apache.http.wire -- http-outgoing-6 << "Date: Tue, 17 Jun 2025 14:32:26 GMT[\r][\n]"
21:32:26.425 [main] DEBUG org.apache.http.wire -- http-outgoing-6 << "Connection: keep-alive[\r][\n]"
21:32:26.425 [main] DEBUG org.apache.http.wire -- http-outgoing-6 << "Keep-Alive: timeout=5[\r][\n]"
21:32:26.425 [main] DEBUG org.apache.http.wire -- http-outgoing-6 << "[\r][\n]"
21:32:26.425 [main] DEBUG org.apache.http.wire -- http-outgoing-6 << "{"success":false,"statusCode":400,"message":"D[0xe1][0xbb][0xaf] li[0xe1][0xbb][0x87]u kh[0xc3][0xb4]ng h[0xe1][0xbb][0xa3]p l[0xe1][0xbb][0x87]","path":"/auth/login","timestamp":"2025-06-17T14:32:26.423Z"}"
21:32:26.425 [main] DEBUG org.apache.http.headers -- http-outgoing-6 << HTTP/1.1 400 Bad Request
21:32:26.425 [main] DEBUG org.apache.http.headers -- http-outgoing-6 << X-Powered-By: Express
21:32:26.425 [main] DEBUG org.apache.http.headers -- http-outgoing-6 << Access-Control-Allow-Origin: *
21:32:26.425 [main] DEBUG org.apache.http.headers -- http-outgoing-6 << Content-Type: application/json; charset=utf-8
21:32:26.425 [main] DEBUG org.apache.http.headers -- http-outgoing-6 << Content-Length: 136
21:32:26.425 [main] DEBUG org.apache.http.headers -- http-outgoing-6 << ETag: W/"88-8pWbLpQmC9USUa5gUDEEDHmQsfE"
21:32:26.425 [main] DEBUG org.apache.http.headers -- http-outgoing-6 << Date: Tue, 17 Jun 2025 14:32:26 GMT
21:32:26.425 [main] DEBUG org.apache.http.headers -- http-outgoing-6 << Connection: keep-alive
21:32:26.425 [main] DEBUG org.apache.http.headers -- http-outgoing-6 << Keep-Alive: timeout=5
21:32:26.425 [main] DEBUG org.apache.http.impl.execchain.MainClientExec -- Connection can be kept alive for 5000 MILLISECONDS
21:32:26.425 [main] DEBUG org.apache.http.impl.conn.PoolingHttpClientConnectionManager -- Connection [id: 6][route: {}->http://localhost:3000] can be kept alive for 5.0 seconds
21:32:26.425 [main] DEBUG org.apache.http.impl.conn.DefaultManagedHttpClientConnection -- http-outgoing-6: set socket timeout to 0
21:32:26.425 [main] DEBUG org.apache.http.impl.conn.PoolingHttpClientConnectionManager -- Connection released: [id: 6][route: {}->http://localhost:3000][total available: 1; route allocated: 1 of 5; total allocated: 1 of 10]
21:32:26.425 [main] DEBUG org.apache.http.impl.conn.PoolingHttpClientConnectionManager -- Connection manager is shutting down
21:32:26.425 [main] DEBUG org.apache.http.impl.conn.DefaultManagedHttpClientConnection -- http-outgoing-6: Close connection
21:32:26.426 [main] DEBUG org.apache.http.impl.conn.PoolingHttpClientConnectionManager -- Connection manager shut down
21:32:26.426 [main] DEBUG com.intuit.karate -- response time in milliseconds: 6
1 < 400
1 < X-Powered-By: Express
1 < Access-Control-Allow-Origin: *
1 < Content-Type: application/json; charset=utf-8
1 < Content-Length: 136
1 < ETag: W/"88-8pWbLpQmC9USUa5gUDEEDHmQsfE"
1 < Date: Tue, 17 Jun 2025 14:32:26 GMT
1 < Connection: keep-alive
1 < Keep-Alive: timeout=5
{
  "success": false,
  "statusCode": 400,
  "message": "D? li?u không h?p l?",
  "path": "/auth/login",
  "timestamp": "2025-06-17T14:32:26.423Z"
}


21:32:26.427 [main] INFO com.intuit.karate -- [print] Calling login API v?i email: user.example.com password: password123 
21:32:26.427 [main] INFO com.intuit.karate -- [print] Response status: 400 body: {
  "success": false,
  "statusCode": 400,
  "message": "D? li?u không h?p l?",
  "path": "/auth/login",
  "timestamp": "2025-06-17T14:32:26.423Z"
}
 
21:32:26.428 [main] INFO com.intuit.karate -- Test Case Data: {
  "email": "user.example.com",
  "password": "password123",
  "expectedStatus": 400.0,
  "expectedResult": "Invalid email format",
  "testDescription": "TC: Email không h?p l? - thi?u ký t? @",
  "responseStatus": "",
  "result": ""
}
 
21:32:26.428 [main] INFO com.intuit.karate -- Expected Status: 400.0 
21:32:26.428 [main] INFO com.intuit.karate -- Expected Result: Invalid email format 
21:32:26.428 [main] INFO com.intuit.karate -- Actual Status: 400 
21:32:26.429 [main] INFO com.intuit.karate -- Is Expected Status: true 
21:32:26.429 [main] INFO com.intuit.karate -- Test case #7 - Status: 400, Result: {"success":false,"statusCode":400,"message":"D? li?u không h?p l?","path":"/auth/login","timestamp":"2025-06-17T14:32:26.423Z"} 
21:32:26.429 [main] INFO com.intuit.karate -- ?ang ch?y test case #8: TC: Email không h?p l? - thi?u ph?n username 
21:32:26.436 [main] INFO com.intuit.karate -- karate.env system property was: null 
21:32:26.437 [main] DEBUG com.jayway.jsonpath.internal.path.CompiledPath -- Evaluating path: $
21:32:26.438 [main] DEBUG org.apache.http.client.protocol.RequestAddCookies -- CookieSpec selected: karate
21:32:26.439 [main] DEBUG org.apache.http.client.protocol.RequestAuthCache -- Auth cache not set in the context
21:32:26.439 [main] DEBUG com.intuit.karate -- request:
1 > POST http://localhost:3000/auth/login
1 > Content-Type: application/json; charset=UTF-8
1 > Content-Length: 49
1 > Host: localhost:3000
1 > Connection: Keep-Alive
1 > User-Agent: Apache-HttpClient/4.5.14 (Java/17.0.9)
1 > Accept-Encoding: gzip,deflate
{
  "email": "@example.com",
  "password": "password123"
}


21:32:26.439 [main] DEBUG org.apache.http.impl.conn.PoolingHttpClientConnectionManager -- Connection request: [route: {}->http://localhost:3000][total available: 0; route allocated: 0 of 5; total allocated: 0 of 10]
21:32:26.439 [main] DEBUG org.apache.http.impl.conn.PoolingHttpClientConnectionManager -- Connection leased: [id: 7][route: {}->http://localhost:3000][total available: 0; route allocated: 1 of 5; total allocated: 1 of 10]
21:32:26.439 [main] DEBUG org.apache.http.impl.execchain.MainClientExec -- Opening connection {}->http://localhost:3000
21:32:26.441 [main] DEBUG org.apache.http.impl.conn.DefaultHttpClientConnectionOperator -- Connecting to localhost/127.0.0.1:3000
21:32:26.442 [main] DEBUG org.apache.http.impl.conn.DefaultHttpClientConnectionOperator -- Connection established 127.0.0.1:62520<->127.0.0.1:3000
21:32:26.442 [main] DEBUG org.apache.http.impl.conn.DefaultManagedHttpClientConnection -- http-outgoing-7: set socket timeout to 5000
21:32:26.442 [main] DEBUG org.apache.http.impl.execchain.MainClientExec -- Executing request POST /auth/login HTTP/1.1
21:32:26.442 [main] DEBUG org.apache.http.impl.execchain.MainClientExec -- Target auth state: UNCHALLENGED
21:32:26.442 [main] DEBUG org.apache.http.impl.execchain.MainClientExec -- Proxy auth state: UNCHALLENGED
21:32:26.442 [main] DEBUG org.apache.http.headers -- http-outgoing-7 >> POST /auth/login HTTP/1.1
21:32:26.442 [main] DEBUG org.apache.http.headers -- http-outgoing-7 >> Content-Type: application/json; charset=UTF-8
21:32:26.442 [main] DEBUG org.apache.http.headers -- http-outgoing-7 >> Content-Length: 49
21:32:26.442 [main] DEBUG org.apache.http.headers -- http-outgoing-7 >> Host: localhost:3000
21:32:26.442 [main] DEBUG org.apache.http.headers -- http-outgoing-7 >> Connection: Keep-Alive
21:32:26.442 [main] DEBUG org.apache.http.headers -- http-outgoing-7 >> User-Agent: Apache-HttpClient/4.5.14 (Java/17.0.9)
21:32:26.442 [main] DEBUG org.apache.http.headers -- http-outgoing-7 >> Accept-Encoding: gzip,deflate
21:32:26.443 [main] DEBUG org.apache.http.wire -- http-outgoing-7 >> "POST /auth/login HTTP/1.1[\r][\n]"
21:32:26.443 [main] DEBUG org.apache.http.wire -- http-outgoing-7 >> "Content-Type: application/json; charset=UTF-8[\r][\n]"
21:32:26.443 [main] DEBUG org.apache.http.wire -- http-outgoing-7 >> "Content-Length: 49[\r][\n]"
21:32:26.443 [main] DEBUG org.apache.http.wire -- http-outgoing-7 >> "Host: localhost:3000[\r][\n]"
21:32:26.443 [main] DEBUG org.apache.http.wire -- http-outgoing-7 >> "Connection: Keep-Alive[\r][\n]"
21:32:26.443 [main] DEBUG org.apache.http.wire -- http-outgoing-7 >> "User-Agent: Apache-HttpClient/4.5.14 (Java/17.0.9)[\r][\n]"
21:32:26.443 [main] DEBUG org.apache.http.wire -- http-outgoing-7 >> "Accept-Encoding: gzip,deflate[\r][\n]"
21:32:26.443 [main] DEBUG org.apache.http.wire -- http-outgoing-7 >> "[\r][\n]"
21:32:26.443 [main] DEBUG org.apache.http.wire -- http-outgoing-7 >> "{"email":"@example.com","password":"password123"}"
21:32:26.446 [main] DEBUG org.apache.http.wire -- http-outgoing-7 << "HTTP/1.1 400 Bad Request[\r][\n]"
21:32:26.446 [main] DEBUG org.apache.http.wire -- http-outgoing-7 << "X-Powered-By: Express[\r][\n]"
21:32:26.446 [main] DEBUG org.apache.http.wire -- http-outgoing-7 << "Access-Control-Allow-Origin: *[\r][\n]"
21:32:26.446 [main] DEBUG org.apache.http.wire -- http-outgoing-7 << "Content-Type: application/json; charset=utf-8[\r][\n]"
21:32:26.446 [main] DEBUG org.apache.http.wire -- http-outgoing-7 << "Content-Length: 136[\r][\n]"
21:32:26.446 [main] DEBUG org.apache.http.wire -- http-outgoing-7 << "ETag: W/"88-yBj5JJXn84CoARFHQS9+0YYhrJo"[\r][\n]"
21:32:26.446 [main] DEBUG org.apache.http.wire -- http-outgoing-7 << "Date: Tue, 17 Jun 2025 14:32:26 GMT[\r][\n]"
21:32:26.446 [main] DEBUG org.apache.http.wire -- http-outgoing-7 << "Connection: keep-alive[\r][\n]"
21:32:26.446 [main] DEBUG org.apache.http.wire -- http-outgoing-7 << "Keep-Alive: timeout=5[\r][\n]"
21:32:26.446 [main] DEBUG org.apache.http.wire -- http-outgoing-7 << "[\r][\n]"
21:32:26.446 [main] DEBUG org.apache.http.wire -- http-outgoing-7 << "{"success":false,"statusCode":400,"message":"D[0xe1][0xbb][0xaf] li[0xe1][0xbb][0x87]u kh[0xc3][0xb4]ng h[0xe1][0xbb][0xa3]p l[0xe1][0xbb][0x87]","path":"/auth/login","timestamp":"2025-06-17T14:32:26.445Z"}"
21:32:26.447 [main] DEBUG org.apache.http.headers -- http-outgoing-7 << HTTP/1.1 400 Bad Request
21:32:26.447 [main] DEBUG org.apache.http.headers -- http-outgoing-7 << X-Powered-By: Express
21:32:26.447 [main] DEBUG org.apache.http.headers -- http-outgoing-7 << Access-Control-Allow-Origin: *
21:32:26.447 [main] DEBUG org.apache.http.headers -- http-outgoing-7 << Content-Type: application/json; charset=utf-8
21:32:26.447 [main] DEBUG org.apache.http.headers -- http-outgoing-7 << Content-Length: 136
21:32:26.447 [main] DEBUG org.apache.http.headers -- http-outgoing-7 << ETag: W/"88-yBj5JJXn84CoARFHQS9+0YYhrJo"
21:32:26.447 [main] DEBUG org.apache.http.headers -- http-outgoing-7 << Date: Tue, 17 Jun 2025 14:32:26 GMT
21:32:26.447 [main] DEBUG org.apache.http.headers -- http-outgoing-7 << Connection: keep-alive
21:32:26.447 [main] DEBUG org.apache.http.headers -- http-outgoing-7 << Keep-Alive: timeout=5
21:32:26.447 [main] DEBUG org.apache.http.impl.execchain.MainClientExec -- Connection can be kept alive for 5000 MILLISECONDS
21:32:26.447 [main] DEBUG org.apache.http.impl.conn.PoolingHttpClientConnectionManager -- Connection [id: 7][route: {}->http://localhost:3000] can be kept alive for 5.0 seconds
21:32:26.447 [main] DEBUG org.apache.http.impl.conn.DefaultManagedHttpClientConnection -- http-outgoing-7: set socket timeout to 0
21:32:26.447 [main] DEBUG org.apache.http.impl.conn.PoolingHttpClientConnectionManager -- Connection released: [id: 7][route: {}->http://localhost:3000][total available: 1; route allocated: 1 of 5; total allocated: 1 of 10]
21:32:26.447 [main] DEBUG org.apache.http.impl.conn.PoolingHttpClientConnectionManager -- Connection manager is shutting down
21:32:26.447 [main] DEBUG org.apache.http.impl.conn.DefaultManagedHttpClientConnection -- http-outgoing-7: Close connection
21:32:26.448 [main] DEBUG org.apache.http.impl.conn.PoolingHttpClientConnectionManager -- Connection manager shut down
21:32:26.448 [main] DEBUG com.intuit.karate -- response time in milliseconds: 8
1 < 400
1 < X-Powered-By: Express
1 < Access-Control-Allow-Origin: *
1 < Content-Type: application/json; charset=utf-8
1 < Content-Length: 136
1 < ETag: W/"88-yBj5JJXn84CoARFHQS9+0YYhrJo"
1 < Date: Tue, 17 Jun 2025 14:32:26 GMT
1 < Connection: keep-alive
1 < Keep-Alive: timeout=5
{
  "success": false,
  "statusCode": 400,
  "message": "D? li?u không h?p l?",
  "path": "/auth/login",
  "timestamp": "2025-06-17T14:32:26.445Z"
}


21:32:26.452 [main] INFO com.intuit.karate -- [print] Calling login API v?i email: @example.com password: password123 
21:32:26.453 [main] INFO com.intuit.karate -- [print] Response status: 400 body: {
  "success": false,
  "statusCode": 400,
  "message": "D? li?u không h?p l?",
  "path": "/auth/login",
  "timestamp": "2025-06-17T14:32:26.445Z"
}
 
21:32:26.456 [main] INFO com.intuit.karate -- Test Case Data: {
  "email": "@example.com",
  "password": "password123",
  "expectedStatus": 400.0,
  "expectedResult": "Invalid email format",
  "testDescription": "TC: Email không h?p l? - thi?u ph?n username",
  "responseStatus": "",
  "result": ""
}
 
21:32:26.458 [main] INFO com.intuit.karate -- Expected Status: 400.0 
21:32:26.458 [main] INFO com.intuit.karate -- Expected Result: Invalid email format 
21:32:26.458 [main] INFO com.intuit.karate -- Actual Status: 400 
21:32:26.458 [main] INFO com.intuit.karate -- Is Expected Status: true 
21:32:26.459 [main] INFO com.intuit.karate -- Test case #8 - Status: 400, Result: {"success":false,"statusCode":400,"message":"D? li?u không h?p l?","path":"/auth/login","timestamp":"2025-06-17T14:32:26.445Z"} 
21:32:26.460 [main] INFO com.intuit.karate -- ?ang ch?y test case #9: TC: Password quá ng?n 
21:32:26.475 [main] INFO com.intuit.karate -- karate.env system property was: null 
21:32:26.479 [main] DEBUG com.jayway.jsonpath.internal.path.CompiledPath -- Evaluating path: $
21:32:26.483 [main] DEBUG org.apache.http.client.protocol.RequestAddCookies -- CookieSpec selected: karate
21:32:26.484 [main] DEBUG org.apache.http.client.protocol.RequestAuthCache -- Auth cache not set in the context
21:32:26.485 [main] DEBUG com.intuit.karate -- request:
1 > POST http://localhost:3000/auth/login
1 > Content-Type: application/json; charset=UTF-8
1 > Content-Length: 41
1 > Host: localhost:3000
1 > Connection: Keep-Alive
1 > User-Agent: Apache-HttpClient/4.5.14 (Java/17.0.9)
1 > Accept-Encoding: gzip,deflate
{
  "email": "nam@gmail.com",
  "password": "12"
}


21:32:26.485 [main] DEBUG org.apache.http.impl.conn.PoolingHttpClientConnectionManager -- Connection request: [route: {}->http://localhost:3000][total available: 0; route allocated: 0 of 5; total allocated: 0 of 10]
21:32:26.485 [main] DEBUG org.apache.http.impl.conn.PoolingHttpClientConnectionManager -- Connection leased: [id: 8][route: {}->http://localhost:3000][total available: 0; route allocated: 1 of 5; total allocated: 1 of 10]
21:32:26.485 [main] DEBUG org.apache.http.impl.execchain.MainClientExec -- Opening connection {}->http://localhost:3000
21:32:26.486 [main] DEBUG org.apache.http.impl.conn.DefaultHttpClientConnectionOperator -- Connecting to localhost/127.0.0.1:3000
21:32:26.487 [main] DEBUG org.apache.http.impl.conn.DefaultHttpClientConnectionOperator -- Connection established 127.0.0.1:62521<->127.0.0.1:3000
21:32:26.487 [main] DEBUG org.apache.http.impl.conn.DefaultManagedHttpClientConnection -- http-outgoing-8: set socket timeout to 5000
21:32:26.487 [main] DEBUG org.apache.http.impl.execchain.MainClientExec -- Executing request POST /auth/login HTTP/1.1
21:32:26.487 [main] DEBUG org.apache.http.impl.execchain.MainClientExec -- Target auth state: UNCHALLENGED
21:32:26.487 [main] DEBUG org.apache.http.impl.execchain.MainClientExec -- Proxy auth state: UNCHALLENGED
21:32:26.487 [main] DEBUG org.apache.http.headers -- http-outgoing-8 >> POST /auth/login HTTP/1.1
21:32:26.487 [main] DEBUG org.apache.http.headers -- http-outgoing-8 >> Content-Type: application/json; charset=UTF-8
21:32:26.487 [main] DEBUG org.apache.http.headers -- http-outgoing-8 >> Content-Length: 41
21:32:26.487 [main] DEBUG org.apache.http.headers -- http-outgoing-8 >> Host: localhost:3000
21:32:26.487 [main] DEBUG org.apache.http.headers -- http-outgoing-8 >> Connection: Keep-Alive
21:32:26.487 [main] DEBUG org.apache.http.headers -- http-outgoing-8 >> User-Agent: Apache-HttpClient/4.5.14 (Java/17.0.9)
21:32:26.487 [main] DEBUG org.apache.http.headers -- http-outgoing-8 >> Accept-Encoding: gzip,deflate
21:32:26.487 [main] DEBUG org.apache.http.wire -- http-outgoing-8 >> "POST /auth/login HTTP/1.1[\r][\n]"
21:32:26.487 [main] DEBUG org.apache.http.wire -- http-outgoing-8 >> "Content-Type: application/json; charset=UTF-8[\r][\n]"
21:32:26.488 [main] DEBUG org.apache.http.wire -- http-outgoing-8 >> "Content-Length: 41[\r][\n]"
21:32:26.488 [main] DEBUG org.apache.http.wire -- http-outgoing-8 >> "Host: localhost:3000[\r][\n]"
21:32:26.488 [main] DEBUG org.apache.http.wire -- http-outgoing-8 >> "Connection: Keep-Alive[\r][\n]"
21:32:26.488 [main] DEBUG org.apache.http.wire -- http-outgoing-8 >> "User-Agent: Apache-HttpClient/4.5.14 (Java/17.0.9)[\r][\n]"
21:32:26.488 [main] DEBUG org.apache.http.wire -- http-outgoing-8 >> "Accept-Encoding: gzip,deflate[\r][\n]"
21:32:26.488 [main] DEBUG org.apache.http.wire -- http-outgoing-8 >> "[\r][\n]"
21:32:26.488 [main] DEBUG org.apache.http.wire -- http-outgoing-8 >> "{"email":"nam@gmail.com","password":"12"}"
21:32:26.582 [main] DEBUG org.apache.http.wire -- http-outgoing-8 << "HTTP/1.1 401 Unauthorized[\r][\n]"
21:32:26.582 [main] DEBUG org.apache.http.wire -- http-outgoing-8 << "X-Powered-By: Express[\r][\n]"
21:32:26.582 [main] DEBUG org.apache.http.wire -- http-outgoing-8 << "Access-Control-Allow-Origin: *[\r][\n]"
21:32:26.582 [main] DEBUG org.apache.http.wire -- http-outgoing-8 << "Content-Type: application/json; charset=utf-8[\r][\n]"
21:32:26.582 [main] DEBUG org.apache.http.wire -- http-outgoing-8 << "Content-Length: 149[\r][\n]"
21:32:26.582 [main] DEBUG org.apache.http.wire -- http-outgoing-8 << "ETag: W/"95-0D8zHqbQ4OTVN07SP8/xT7eoLog"[\r][\n]"
21:32:26.582 [main] DEBUG org.apache.http.wire -- http-outgoing-8 << "Date: Tue, 17 Jun 2025 14:32:26 GMT[\r][\n]"
21:32:26.582 [main] DEBUG org.apache.http.wire -- http-outgoing-8 << "Connection: keep-alive[\r][\n]"
21:32:26.582 [main] DEBUG org.apache.http.wire -- http-outgoing-8 << "Keep-Alive: timeout=5[\r][\n]"
21:32:26.582 [main] DEBUG org.apache.http.wire -- http-outgoing-8 << "[\r][\n]"
21:32:26.582 [main] DEBUG org.apache.http.wire -- http-outgoing-8 << "{"success":false,"statusCode":401,"message":"Th[0xc3][0xb4]ng tin [0xc4][0x91][0xc4][0x83]ng nh[0xe1][0xba][0xad]p kh[0xc3][0xb4]ng h[0xe1][0xbb][0xa3]p l[0xe1][0xbb][0x87]","path":"/auth/login","timestamp":"2025-06-17T14:32:26.581Z"}"
21:32:26.582 [main] DEBUG org.apache.http.headers -- http-outgoing-8 << HTTP/1.1 401 Unauthorized
21:32:26.582 [main] DEBUG org.apache.http.headers -- http-outgoing-8 << X-Powered-By: Express
21:32:26.583 [main] DEBUG org.apache.http.headers -- http-outgoing-8 << Access-Control-Allow-Origin: *
21:32:26.583 [main] DEBUG org.apache.http.headers -- http-outgoing-8 << Content-Type: application/json; charset=utf-8
21:32:26.583 [main] DEBUG org.apache.http.headers -- http-outgoing-8 << Content-Length: 149
21:32:26.583 [main] DEBUG org.apache.http.headers -- http-outgoing-8 << ETag: W/"95-0D8zHqbQ4OTVN07SP8/xT7eoLog"
21:32:26.583 [main] DEBUG org.apache.http.headers -- http-outgoing-8 << Date: Tue, 17 Jun 2025 14:32:26 GMT
21:32:26.583 [main] DEBUG org.apache.http.headers -- http-outgoing-8 << Connection: keep-alive
21:32:26.583 [main] DEBUG org.apache.http.headers -- http-outgoing-8 << Keep-Alive: timeout=5
21:32:26.583 [main] DEBUG org.apache.http.impl.execchain.MainClientExec -- Connection can be kept alive for 5000 MILLISECONDS
21:32:26.583 [main] DEBUG org.apache.http.impl.auth.HttpAuthenticator -- Authentication required
21:32:26.583 [main] DEBUG org.apache.http.impl.auth.HttpAuthenticator -- localhost:3000 requested authentication
21:32:26.583 [main] DEBUG org.apache.http.impl.auth.HttpAuthenticator -- Response contains no authentication challenges
21:32:26.583 [main] DEBUG org.apache.http.impl.conn.PoolingHttpClientConnectionManager -- Connection [id: 8][route: {}->http://localhost:3000] can be kept alive for 5.0 seconds
21:32:26.583 [main] DEBUG org.apache.http.impl.conn.DefaultManagedHttpClientConnection -- http-outgoing-8: set socket timeout to 0
21:32:26.583 [main] DEBUG org.apache.http.impl.conn.PoolingHttpClientConnectionManager -- Connection released: [id: 8][route: {}->http://localhost:3000][total available: 1; route allocated: 1 of 5; total allocated: 1 of 10]
21:32:26.583 [main] DEBUG org.apache.http.impl.conn.PoolingHttpClientConnectionManager -- Connection manager is shutting down
21:32:26.583 [main] DEBUG org.apache.http.impl.conn.DefaultManagedHttpClientConnection -- http-outgoing-8: Close connection
21:32:26.583 [main] DEBUG org.apache.http.impl.conn.PoolingHttpClientConnectionManager -- Connection manager shut down
21:32:26.583 [main] DEBUG com.intuit.karate -- response time in milliseconds: 98
1 < 401
1 < X-Powered-By: Express
1 < Access-Control-Allow-Origin: *
1 < Content-Type: application/json; charset=utf-8
1 < Content-Length: 149
1 < ETag: W/"95-0D8zHqbQ4OTVN07SP8/xT7eoLog"
1 < Date: Tue, 17 Jun 2025 14:32:26 GMT
1 < Connection: keep-alive
1 < Keep-Alive: timeout=5
{
  "success": false,
  "statusCode": 401,
  "message": "Thông tin ??ng nh?p không h?p l?",
  "path": "/auth/login",
  "timestamp": "2025-06-17T14:32:26.581Z"
}


21:32:26.585 [main] INFO com.intuit.karate -- [print] Calling login API v?i email: nam@gmail.com password: 12 
21:32:26.585 [main] INFO com.intuit.karate -- [print] Response status: 401 body: {
  "success": false,
  "statusCode": 401,
  "message": "Thông tin ??ng nh?p không h?p l?",
  "path": "/auth/login",
  "timestamp": "2025-06-17T14:32:26.581Z"
}
 
21:32:26.586 [main] INFO com.intuit.karate -- STATUS MISMATCH - Expected: 400, Actual: 401 
21:32:26.586 [main] INFO com.intuit.karate -- Test Case Data: {
  "email": "nam@gmail.com",
  "password": "12",
  "expectedStatus": 400.0,
  "expectedResult": "Password must be between X and Y characters",
  "testDescription": "TC: Password quá ng?n",
  "responseStatus": "",
  "result": ""
}
 
21:32:26.586 [main] INFO com.intuit.karate -- Expected Status: 400.0 
21:32:26.586 [main] INFO com.intuit.karate -- Expected Result: Password must be between X and Y characters 
21:32:26.586 [main] INFO com.intuit.karate -- Actual Status: 401 
21:32:26.586 [main] INFO com.intuit.karate -- Is Expected Status: false 
21:32:26.586 [main] INFO com.intuit.karate -- Test case #9 - Status: 401, Result: {"success":false,"statusCode":401,"message":"Thông tin ??ng nh?p không h?p l?","path":"/auth/login","timestamp":"2025-06-17T14:32:26.581Z"} 
21:32:26.587 [main] INFO com.intuit.karate -- ?ang ch?y test case #10: TC: Password quá dài 
21:32:26.594 [main] INFO com.intuit.karate -- karate.env system property was: null 
21:32:26.595 [main] DEBUG com.jayway.jsonpath.internal.path.CompiledPath -- Evaluating path: $
21:32:26.596 [main] DEBUG org.apache.http.client.protocol.RequestAddCookies -- CookieSpec selected: karate
21:32:26.597 [main] DEBUG org.apache.http.client.protocol.RequestAuthCache -- Auth cache not set in the context
21:32:26.597 [main] DEBUG com.intuit.karate -- request:
1 > POST http://localhost:3000/auth/login
1 > Content-Type: application/json; charset=UTF-8
1 > Content-Length: 141
1 > Host: localhost:3000
1 > Connection: Keep-Alive
1 > User-Agent: Apache-HttpClient/4.5.14 (Java/17.0.9)
1 > Accept-Encoding: gzip,deflate
{
  "email": "nam@gmail.com",
  "password": "verylongpasswordthatexceedsthenormallimitsforpasswordlengthvalidationwhichshouldnotbeaccepted123456789"
}


21:32:26.597 [main] DEBUG org.apache.http.impl.conn.PoolingHttpClientConnectionManager -- Connection request: [route: {}->http://localhost:3000][total available: 0; route allocated: 0 of 5; total allocated: 0 of 10]
21:32:26.597 [main] DEBUG org.apache.http.impl.conn.PoolingHttpClientConnectionManager -- Connection leased: [id: 9][route: {}->http://localhost:3000][total available: 0; route allocated: 1 of 5; total allocated: 1 of 10]
21:32:26.597 [main] DEBUG org.apache.http.impl.execchain.MainClientExec -- Opening connection {}->http://localhost:3000
21:32:26.597 [main] DEBUG org.apache.http.impl.conn.DefaultHttpClientConnectionOperator -- Connecting to localhost/127.0.0.1:3000
21:32:26.598 [main] DEBUG org.apache.http.impl.conn.DefaultHttpClientConnectionOperator -- Connection established 127.0.0.1:62522<->127.0.0.1:3000
21:32:26.598 [main] DEBUG org.apache.http.impl.conn.DefaultManagedHttpClientConnection -- http-outgoing-9: set socket timeout to 5000
21:32:26.598 [main] DEBUG org.apache.http.impl.execchain.MainClientExec -- Executing request POST /auth/login HTTP/1.1
21:32:26.598 [main] DEBUG org.apache.http.impl.execchain.MainClientExec -- Target auth state: UNCHALLENGED
21:32:26.598 [main] DEBUG org.apache.http.impl.execchain.MainClientExec -- Proxy auth state: UNCHALLENGED
21:32:26.598 [main] DEBUG org.apache.http.headers -- http-outgoing-9 >> POST /auth/login HTTP/1.1
21:32:26.598 [main] DEBUG org.apache.http.headers -- http-outgoing-9 >> Content-Type: application/json; charset=UTF-8
21:32:26.598 [main] DEBUG org.apache.http.headers -- http-outgoing-9 >> Content-Length: 141
21:32:26.598 [main] DEBUG org.apache.http.headers -- http-outgoing-9 >> Host: localhost:3000
21:32:26.598 [main] DEBUG org.apache.http.headers -- http-outgoing-9 >> Connection: Keep-Alive
21:32:26.598 [main] DEBUG org.apache.http.headers -- http-outgoing-9 >> User-Agent: Apache-HttpClient/4.5.14 (Java/17.0.9)
21:32:26.598 [main] DEBUG org.apache.http.headers -- http-outgoing-9 >> Accept-Encoding: gzip,deflate
21:32:26.598 [main] DEBUG org.apache.http.wire -- http-outgoing-9 >> "POST /auth/login HTTP/1.1[\r][\n]"
21:32:26.598 [main] DEBUG org.apache.http.wire -- http-outgoing-9 >> "Content-Type: application/json; charset=UTF-8[\r][\n]"
21:32:26.598 [main] DEBUG org.apache.http.wire -- http-outgoing-9 >> "Content-Length: 141[\r][\n]"
21:32:26.598 [main] DEBUG org.apache.http.wire -- http-outgoing-9 >> "Host: localhost:3000[\r][\n]"
21:32:26.598 [main] DEBUG org.apache.http.wire -- http-outgoing-9 >> "Connection: Keep-Alive[\r][\n]"
21:32:26.598 [main] DEBUG org.apache.http.wire -- http-outgoing-9 >> "User-Agent: Apache-HttpClient/4.5.14 (Java/17.0.9)[\r][\n]"
21:32:26.598 [main] DEBUG org.apache.http.wire -- http-outgoing-9 >> "Accept-Encoding: gzip,deflate[\r][\n]"
21:32:26.598 [main] DEBUG org.apache.http.wire -- http-outgoing-9 >> "[\r][\n]"
21:32:26.598 [main] DEBUG org.apache.http.wire -- http-outgoing-9 >> "{"email":"nam@gmail.com","password":"verylongpasswordthatexceedsthenormallimitsforpasswordlengthvalidationwhichshouldnotbeaccepted123456789"}"
21:32:26.694 [main] DEBUG org.apache.http.wire -- http-outgoing-9 << "HTTP/1.1 401 Unauthorized[\r][\n]"
21:32:26.694 [main] DEBUG org.apache.http.wire -- http-outgoing-9 << "X-Powered-By: Express[\r][\n]"
21:32:26.694 [main] DEBUG org.apache.http.wire -- http-outgoing-9 << "Access-Control-Allow-Origin: *[\r][\n]"
21:32:26.694 [main] DEBUG org.apache.http.wire -- http-outgoing-9 << "Content-Type: application/json; charset=utf-8[\r][\n]"
21:32:26.694 [main] DEBUG org.apache.http.wire -- http-outgoing-9 << "Content-Length: 149[\r][\n]"
21:32:26.694 [main] DEBUG org.apache.http.wire -- http-outgoing-9 << "ETag: W/"95-xUTjbCTFVPuKnl23fVCNNs5BOZI"[\r][\n]"
21:32:26.694 [main] DEBUG org.apache.http.wire -- http-outgoing-9 << "Date: Tue, 17 Jun 2025 14:32:26 GMT[\r][\n]"
21:32:26.694 [main] DEBUG org.apache.http.wire -- http-outgoing-9 << "Connection: keep-alive[\r][\n]"
21:32:26.695 [main] DEBUG org.apache.http.wire -- http-outgoing-9 << "Keep-Alive: timeout=5[\r][\n]"
21:32:26.695 [main] DEBUG org.apache.http.wire -- http-outgoing-9 << "[\r][\n]"
21:32:26.695 [main] DEBUG org.apache.http.wire -- http-outgoing-9 << "{"success":false,"statusCode":401,"message":"Th[0xc3][0xb4]ng tin [0xc4][0x91][0xc4][0x83]ng nh[0xe1][0xba][0xad]p kh[0xc3][0xb4]ng h[0xe1][0xbb][0xa3]p l[0xe1][0xbb][0x87]","path":"/auth/login","timestamp":"2025-06-17T14:32:26.692Z"}"
21:32:26.695 [main] DEBUG org.apache.http.headers -- http-outgoing-9 << HTTP/1.1 401 Unauthorized
21:32:26.695 [main] DEBUG org.apache.http.headers -- http-outgoing-9 << X-Powered-By: Express
21:32:26.695 [main] DEBUG org.apache.http.headers -- http-outgoing-9 << Access-Control-Allow-Origin: *
21:32:26.695 [main] DEBUG org.apache.http.headers -- http-outgoing-9 << Content-Type: application/json; charset=utf-8
21:32:26.695 [main] DEBUG org.apache.http.headers -- http-outgoing-9 << Content-Length: 149
21:32:26.695 [main] DEBUG org.apache.http.headers -- http-outgoing-9 << ETag: W/"95-xUTjbCTFVPuKnl23fVCNNs5BOZI"
21:32:26.695 [main] DEBUG org.apache.http.headers -- http-outgoing-9 << Date: Tue, 17 Jun 2025 14:32:26 GMT
21:32:26.695 [main] DEBUG org.apache.http.headers -- http-outgoing-9 << Connection: keep-alive
21:32:26.695 [main] DEBUG org.apache.http.headers -- http-outgoing-9 << Keep-Alive: timeout=5
21:32:26.695 [main] DEBUG org.apache.http.impl.execchain.MainClientExec -- Connection can be kept alive for 5000 MILLISECONDS
21:32:26.695 [main] DEBUG org.apache.http.impl.auth.HttpAuthenticator -- Authentication required
21:32:26.695 [main] DEBUG org.apache.http.impl.auth.HttpAuthenticator -- localhost:3000 requested authentication
21:32:26.695 [main] DEBUG org.apache.http.impl.auth.HttpAuthenticator -- Response contains no authentication challenges
21:32:26.695 [main] DEBUG org.apache.http.impl.conn.PoolingHttpClientConnectionManager -- Connection [id: 9][route: {}->http://localhost:3000] can be kept alive for 5.0 seconds
21:32:26.695 [main] DEBUG org.apache.http.impl.conn.DefaultManagedHttpClientConnection -- http-outgoing-9: set socket timeout to 0
21:32:26.695 [main] DEBUG org.apache.http.impl.conn.PoolingHttpClientConnectionManager -- Connection released: [id: 9][route: {}->http://localhost:3000][total available: 1; route allocated: 1 of 5; total allocated: 1 of 10]
21:32:26.695 [main] DEBUG org.apache.http.impl.conn.PoolingHttpClientConnectionManager -- Connection manager is shutting down
21:32:26.695 [main] DEBUG org.apache.http.impl.conn.DefaultManagedHttpClientConnection -- http-outgoing-9: Close connection
21:32:26.695 [main] DEBUG org.apache.http.impl.conn.PoolingHttpClientConnectionManager -- Connection manager shut down
21:32:26.695 [main] DEBUG com.intuit.karate -- response time in milliseconds: 98
1 < 401
1 < X-Powered-By: Express
1 < Access-Control-Allow-Origin: *
1 < Content-Type: application/json; charset=utf-8
1 < Content-Length: 149
1 < ETag: W/"95-xUTjbCTFVPuKnl23fVCNNs5BOZI"
1 < Date: Tue, 17 Jun 2025 14:32:26 GMT
1 < Connection: keep-alive
1 < Keep-Alive: timeout=5
{
  "success": false,
  "statusCode": 401,
  "message": "Thông tin ??ng nh?p không h?p l?",
  "path": "/auth/login",
  "timestamp": "2025-06-17T14:32:26.692Z"
}


21:32:26.697 [main] INFO com.intuit.karate -- [print] Calling login API v?i email: nam@gmail.com password: verylongpasswordthatexceedsthenormallimitsforpasswordlengthvalidationwhichshouldnotbeaccepted123456789 
21:32:26.697 [main] INFO com.intuit.karate -- [print] Response status: 401 body: {
  "success": false,
  "statusCode": 401,
  "message": "Thông tin ??ng nh?p không h?p l?",
  "path": "/auth/login",
  "timestamp": "2025-06-17T14:32:26.692Z"
}
 
21:32:26.698 [main] INFO com.intuit.karate -- STATUS MISMATCH - Expected: 400, Actual: 401 
21:32:26.699 [main] INFO com.intuit.karate -- Test Case Data: {
  "email": "nam@gmail.com",
  "password": "verylongpasswordthatexceedsthenormallimitsforpasswordlengthvalidationwhichshouldnotbeaccepted123456789",
  "expectedStatus": 400.0,
  "expectedResult": "Password must be between X and Y characters",
  "testDescription": "TC: Password quá dài",
  "responseStatus": "",
  "result": ""
}
 
21:32:26.699 [main] INFO com.intuit.karate -- Expected Status: 400.0 
21:32:26.699 [main] INFO com.intuit.karate -- Expected Result: Password must be between X and Y characters 
21:32:26.699 [main] INFO com.intuit.karate -- Actual Status: 401 
21:32:26.699 [main] INFO com.intuit.karate -- Is Expected Status: false 
21:32:26.699 [main] INFO com.intuit.karate -- Test case #10 - Status: 401, Result: {"success":false,"statusCode":401,"message":"Thông tin ??ng nh?p không h?p l?","path":"/auth/login","timestamp":"2025-06-17T14:32:26.692Z"} 
21:32:26.700 [main] INFO com.intuit.karate -- ?ang ch?y test case #11: TC: SQL Injection trong email 
21:32:26.708 [main] INFO com.intuit.karate -- karate.env system property was: null 
21:32:26.709 [main] DEBUG com.jayway.jsonpath.internal.path.CompiledPath -- Evaluating path: $
21:32:26.710 [main] DEBUG org.apache.http.client.protocol.RequestAddCookies -- CookieSpec selected: karate
21:32:26.710 [main] DEBUG org.apache.http.client.protocol.RequestAuthCache -- Auth cache not set in the context
21:32:26.710 [main] DEBUG com.intuit.karate -- request:
1 > POST http://localhost:3000/auth/login
1 > Content-Type: application/json; charset=UTF-8
1 > Content-Length: 48
1 > Host: localhost:3000
1 > Connection: Keep-Alive
1 > User-Agent: Apache-HttpClient/4.5.14 (Java/17.0.9)
1 > Accept-Encoding: gzip,deflate
{
  "email": "' OR '1'='1",
  "password": "password123"
}


21:32:26.710 [main] DEBUG org.apache.http.impl.conn.PoolingHttpClientConnectionManager -- Connection request: [route: {}->http://localhost:3000][total available: 0; route allocated: 0 of 5; total allocated: 0 of 10]
21:32:26.711 [main] DEBUG org.apache.http.impl.conn.PoolingHttpClientConnectionManager -- Connection leased: [id: 10][route: {}->http://localhost:3000][total available: 0; route allocated: 1 of 5; total allocated: 1 of 10]
21:32:26.711 [main] DEBUG org.apache.http.impl.execchain.MainClientExec -- Opening connection {}->http://localhost:3000
21:32:26.711 [main] DEBUG org.apache.http.impl.conn.DefaultHttpClientConnectionOperator -- Connecting to localhost/127.0.0.1:3000
21:32:26.711 [main] DEBUG org.apache.http.impl.conn.DefaultHttpClientConnectionOperator -- Connection established 127.0.0.1:62523<->127.0.0.1:3000
21:32:26.711 [main] DEBUG org.apache.http.impl.conn.DefaultManagedHttpClientConnection -- http-outgoing-10: set socket timeout to 5000
21:32:26.711 [main] DEBUG org.apache.http.impl.execchain.MainClientExec -- Executing request POST /auth/login HTTP/1.1
21:32:26.711 [main] DEBUG org.apache.http.impl.execchain.MainClientExec -- Target auth state: UNCHALLENGED
21:32:26.711 [main] DEBUG org.apache.http.impl.execchain.MainClientExec -- Proxy auth state: UNCHALLENGED
21:32:26.711 [main] DEBUG org.apache.http.headers -- http-outgoing-10 >> POST /auth/login HTTP/1.1
21:32:26.711 [main] DEBUG org.apache.http.headers -- http-outgoing-10 >> Content-Type: application/json; charset=UTF-8
21:32:26.711 [main] DEBUG org.apache.http.headers -- http-outgoing-10 >> Content-Length: 48
21:32:26.711 [main] DEBUG org.apache.http.headers -- http-outgoing-10 >> Host: localhost:3000
21:32:26.711 [main] DEBUG org.apache.http.headers -- http-outgoing-10 >> Connection: Keep-Alive
21:32:26.711 [main] DEBUG org.apache.http.headers -- http-outgoing-10 >> User-Agent: Apache-HttpClient/4.5.14 (Java/17.0.9)
21:32:26.711 [main] DEBUG org.apache.http.headers -- http-outgoing-10 >> Accept-Encoding: gzip,deflate
21:32:26.711 [main] DEBUG org.apache.http.wire -- http-outgoing-10 >> "POST /auth/login HTTP/1.1[\r][\n]"
21:32:26.711 [main] DEBUG org.apache.http.wire -- http-outgoing-10 >> "Content-Type: application/json; charset=UTF-8[\r][\n]"
21:32:26.711 [main] DEBUG org.apache.http.wire -- http-outgoing-10 >> "Content-Length: 48[\r][\n]"
21:32:26.711 [main] DEBUG org.apache.http.wire -- http-outgoing-10 >> "Host: localhost:3000[\r][\n]"
21:32:26.711 [main] DEBUG org.apache.http.wire -- http-outgoing-10 >> "Connection: Keep-Alive[\r][\n]"
21:32:26.711 [main] DEBUG org.apache.http.wire -- http-outgoing-10 >> "User-Agent: Apache-HttpClient/4.5.14 (Java/17.0.9)[\r][\n]"
21:32:26.711 [main] DEBUG org.apache.http.wire -- http-outgoing-10 >> "Accept-Encoding: gzip,deflate[\r][\n]"
21:32:26.711 [main] DEBUG org.apache.http.wire -- http-outgoing-10 >> "[\r][\n]"
21:32:26.711 [main] DEBUG org.apache.http.wire -- http-outgoing-10 >> "{"email":"' OR '1'='1","password":"password123"}"
21:32:26.716 [main] DEBUG org.apache.http.wire -- http-outgoing-10 << "HTTP/1.1 400 Bad Request[\r][\n]"
21:32:26.716 [main] DEBUG org.apache.http.wire -- http-outgoing-10 << "X-Powered-By: Express[\r][\n]"
21:32:26.716 [main] DEBUG org.apache.http.wire -- http-outgoing-10 << "Access-Control-Allow-Origin: *[\r][\n]"
21:32:26.716 [main] DEBUG org.apache.http.wire -- http-outgoing-10 << "Content-Type: application/json; charset=utf-8[\r][\n]"
21:32:26.716 [main] DEBUG org.apache.http.wire -- http-outgoing-10 << "Content-Length: 136[\r][\n]"
21:32:26.716 [main] DEBUG org.apache.http.wire -- http-outgoing-10 << "ETag: W/"88-7+Y/c0rO6omOeMB2yZLtTSh8CEI"[\r][\n]"
21:32:26.716 [main] DEBUG org.apache.http.wire -- http-outgoing-10 << "Date: Tue, 17 Jun 2025 14:32:26 GMT[\r][\n]"
21:32:26.716 [main] DEBUG org.apache.http.wire -- http-outgoing-10 << "Connection: keep-alive[\r][\n]"
21:32:26.716 [main] DEBUG org.apache.http.wire -- http-outgoing-10 << "Keep-Alive: timeout=5[\r][\n]"
21:32:26.716 [main] DEBUG org.apache.http.wire -- http-outgoing-10 << "[\r][\n]"
21:32:26.716 [main] DEBUG org.apache.http.wire -- http-outgoing-10 << "{"success":false,"statusCode":400,"message":"D[0xe1][0xbb][0xaf] li[0xe1][0xbb][0x87]u kh[0xc3][0xb4]ng h[0xe1][0xbb][0xa3]p l[0xe1][0xbb][0x87]","path":"/auth/login","timestamp":"2025-06-17T14:32:26.714Z"}"
21:32:26.716 [main] DEBUG org.apache.http.headers -- http-outgoing-10 << HTTP/1.1 400 Bad Request
21:32:26.716 [main] DEBUG org.apache.http.headers -- http-outgoing-10 << X-Powered-By: Express
21:32:26.716 [main] DEBUG org.apache.http.headers -- http-outgoing-10 << Access-Control-Allow-Origin: *
21:32:26.716 [main] DEBUG org.apache.http.headers -- http-outgoing-10 << Content-Type: application/json; charset=utf-8
21:32:26.716 [main] DEBUG org.apache.http.headers -- http-outgoing-10 << Content-Length: 136
21:32:26.716 [main] DEBUG org.apache.http.headers -- http-outgoing-10 << ETag: W/"88-7+Y/c0rO6omOeMB2yZLtTSh8CEI"
21:32:26.716 [main] DEBUG org.apache.http.headers -- http-outgoing-10 << Date: Tue, 17 Jun 2025 14:32:26 GMT
21:32:26.716 [main] DEBUG org.apache.http.headers -- http-outgoing-10 << Connection: keep-alive
21:32:26.716 [main] DEBUG org.apache.http.headers -- http-outgoing-10 << Keep-Alive: timeout=5
21:32:26.717 [main] DEBUG org.apache.http.impl.execchain.MainClientExec -- Connection can be kept alive for 5000 MILLISECONDS
21:32:26.717 [main] DEBUG org.apache.http.impl.conn.PoolingHttpClientConnectionManager -- Connection [id: 10][route: {}->http://localhost:3000] can be kept alive for 5.0 seconds
21:32:26.717 [main] DEBUG org.apache.http.impl.conn.DefaultManagedHttpClientConnection -- http-outgoing-10: set socket timeout to 0
21:32:26.717 [main] DEBUG org.apache.http.impl.conn.PoolingHttpClientConnectionManager -- Connection released: [id: 10][route: {}->http://localhost:3000][total available: 1; route allocated: 1 of 5; total allocated: 1 of 10]
21:32:26.717 [main] DEBUG org.apache.http.impl.conn.PoolingHttpClientConnectionManager -- Connection manager is shutting down
21:32:26.717 [main] DEBUG org.apache.http.impl.conn.DefaultManagedHttpClientConnection -- http-outgoing-10: Close connection
21:32:26.717 [main] DEBUG org.apache.http.impl.conn.PoolingHttpClientConnectionManager -- Connection manager shut down
21:32:26.718 [main] DEBUG com.intuit.karate -- response time in milliseconds: 7
1 < 400
1 < X-Powered-By: Express
1 < Access-Control-Allow-Origin: *
1 < Content-Type: application/json; charset=utf-8
1 < Content-Length: 136
1 < ETag: W/"88-7+Y/c0rO6omOeMB2yZLtTSh8CEI"
1 < Date: Tue, 17 Jun 2025 14:32:26 GMT
1 < Connection: keep-alive
1 < Keep-Alive: timeout=5
{
  "success": false,
  "statusCode": 400,
  "message": "D? li?u không h?p l?",
  "path": "/auth/login",
  "timestamp": "2025-06-17T14:32:26.714Z"
}


21:32:26.719 [main] INFO com.intuit.karate -- [print] Calling login API v?i email: ' OR '1'='1 password: password123 
21:32:26.721 [main] INFO com.intuit.karate -- [print] Response status: 400 body: {
  "success": false,
  "statusCode": 400,
  "message": "D? li?u không h?p l?",
  "path": "/auth/login",
  "timestamp": "2025-06-17T14:32:26.714Z"
}
 
21:32:26.721 [main] INFO com.intuit.karate -- Test Case Data: {
  "email": "' OR '1'='1",
  "password": "password123",
  "expectedStatus": 400.0,
  "expectedResult": "Invalid input",
  "testDescription": "TC: SQL Injection trong email",
  "responseStatus": "",
  "result": ""
}
 
21:32:26.722 [main] INFO com.intuit.karate -- Expected Status: 400.0 
21:32:26.722 [main] INFO com.intuit.karate -- Expected Result: Invalid input 
21:32:26.722 [main] INFO com.intuit.karate -- Actual Status: 400 
21:32:26.722 [main] INFO com.intuit.karate -- Is Expected Status: true 
21:32:26.722 [main] INFO com.intuit.karate -- Test case #11 - Status: 400, Result: {"success":false,"statusCode":400,"message":"D? li?u không h?p l?","path":"/auth/login","timestamp":"2025-06-17T14:32:26.714Z"} 
21:32:26.723 [main] INFO com.intuit.karate -- ?ang ch?y test case #12: TC: SQL Injection trong password 
21:32:26.736 [main] INFO com.intuit.karate -- karate.env system property was: null 
21:32:26.740 [main] DEBUG com.jayway.jsonpath.internal.path.CompiledPath -- Evaluating path: $
21:32:26.742 [main] DEBUG org.apache.http.client.protocol.RequestAddCookies -- CookieSpec selected: karate
21:32:26.742 [main] DEBUG org.apache.http.client.protocol.RequestAuthCache -- Auth cache not set in the context
21:32:26.743 [main] DEBUG com.intuit.karate -- request:
1 > POST http://localhost:3000/auth/login
1 > Content-Type: application/json; charset=UTF-8
1 > Content-Length: 50
1 > Host: localhost:3000
1 > Connection: Keep-Alive
1 > User-Agent: Apache-HttpClient/4.5.14 (Java/17.0.9)
1 > Accept-Encoding: gzip,deflate
{
  "email": "nam@gmail.com",
  "password": "' OR '1'='1"
}


21:32:26.743 [main] DEBUG org.apache.http.impl.conn.PoolingHttpClientConnectionManager -- Connection request: [route: {}->http://localhost:3000][total available: 0; route allocated: 0 of 5; total allocated: 0 of 10]
21:32:26.743 [main] DEBUG org.apache.http.impl.conn.PoolingHttpClientConnectionManager -- Connection leased: [id: 11][route: {}->http://localhost:3000][total available: 0; route allocated: 1 of 5; total allocated: 1 of 10]
21:32:26.743 [main] DEBUG org.apache.http.impl.execchain.MainClientExec -- Opening connection {}->http://localhost:3000
21:32:26.743 [main] DEBUG org.apache.http.impl.conn.DefaultHttpClientConnectionOperator -- Connecting to localhost/127.0.0.1:3000
21:32:26.745 [main] DEBUG org.apache.http.impl.conn.DefaultHttpClientConnectionOperator -- Connection established 127.0.0.1:62524<->127.0.0.1:3000
21:32:26.746 [main] DEBUG org.apache.http.impl.conn.DefaultManagedHttpClientConnection -- http-outgoing-11: set socket timeout to 5000
21:32:26.746 [main] DEBUG org.apache.http.impl.execchain.MainClientExec -- Executing request POST /auth/login HTTP/1.1
21:32:26.746 [main] DEBUG org.apache.http.impl.execchain.MainClientExec -- Target auth state: UNCHALLENGED
21:32:26.746 [main] DEBUG org.apache.http.impl.execchain.MainClientExec -- Proxy auth state: UNCHALLENGED
21:32:26.746 [main] DEBUG org.apache.http.headers -- http-outgoing-11 >> POST /auth/login HTTP/1.1
21:32:26.746 [main] DEBUG org.apache.http.headers -- http-outgoing-11 >> Content-Type: application/json; charset=UTF-8
21:32:26.746 [main] DEBUG org.apache.http.headers -- http-outgoing-11 >> Content-Length: 50
21:32:26.746 [main] DEBUG org.apache.http.headers -- http-outgoing-11 >> Host: localhost:3000
21:32:26.746 [main] DEBUG org.apache.http.headers -- http-outgoing-11 >> Connection: Keep-Alive
21:32:26.746 [main] DEBUG org.apache.http.headers -- http-outgoing-11 >> User-Agent: Apache-HttpClient/4.5.14 (Java/17.0.9)
21:32:26.746 [main] DEBUG org.apache.http.headers -- http-outgoing-11 >> Accept-Encoding: gzip,deflate
21:32:26.746 [main] DEBUG org.apache.http.wire -- http-outgoing-11 >> "POST /auth/login HTTP/1.1[\r][\n]"
21:32:26.746 [main] DEBUG org.apache.http.wire -- http-outgoing-11 >> "Content-Type: application/json; charset=UTF-8[\r][\n]"
21:32:26.746 [main] DEBUG org.apache.http.wire -- http-outgoing-11 >> "Content-Length: 50[\r][\n]"
21:32:26.746 [main] DEBUG org.apache.http.wire -- http-outgoing-11 >> "Host: localhost:3000[\r][\n]"
21:32:26.746 [main] DEBUG org.apache.http.wire -- http-outgoing-11 >> "Connection: Keep-Alive[\r][\n]"
21:32:26.746 [main] DEBUG org.apache.http.wire -- http-outgoing-11 >> "User-Agent: Apache-HttpClient/4.5.14 (Java/17.0.9)[\r][\n]"
21:32:26.746 [main] DEBUG org.apache.http.wire -- http-outgoing-11 >> "Accept-Encoding: gzip,deflate[\r][\n]"
21:32:26.746 [main] DEBUG org.apache.http.wire -- http-outgoing-11 >> "[\r][\n]"
21:32:26.746 [main] DEBUG org.apache.http.wire -- http-outgoing-11 >> "{"email":"nam@gmail.com","password":"' OR '1'='1"}"
21:32:26.849 [main] DEBUG org.apache.http.wire -- http-outgoing-11 << "HTTP/1.1 401 Unauthorized[\r][\n]"
21:32:26.850 [main] DEBUG org.apache.http.wire -- http-outgoing-11 << "X-Powered-By: Express[\r][\n]"
21:32:26.850 [main] DEBUG org.apache.http.wire -- http-outgoing-11 << "Access-Control-Allow-Origin: *[\r][\n]"
21:32:26.850 [main] DEBUG org.apache.http.wire -- http-outgoing-11 << "Content-Type: application/json; charset=utf-8[\r][\n]"
21:32:26.850 [main] DEBUG org.apache.http.wire -- http-outgoing-11 << "Content-Length: 149[\r][\n]"
21:32:26.850 [main] DEBUG org.apache.http.wire -- http-outgoing-11 << "ETag: W/"95-ip01rS8BMu8852wW24H3FHT1y3E"[\r][\n]"
21:32:26.850 [main] DEBUG org.apache.http.wire -- http-outgoing-11 << "Date: Tue, 17 Jun 2025 14:32:26 GMT[\r][\n]"
21:32:26.850 [main] DEBUG org.apache.http.wire -- http-outgoing-11 << "Connection: keep-alive[\r][\n]"
21:32:26.850 [main] DEBUG org.apache.http.wire -- http-outgoing-11 << "Keep-Alive: timeout=5[\r][\n]"
21:32:26.850 [main] DEBUG org.apache.http.wire -- http-outgoing-11 << "[\r][\n]"
21:32:26.850 [main] DEBUG org.apache.http.wire -- http-outgoing-11 << "{"success":false,"statusCode":401,"message":"Th[0xc3][0xb4]ng tin [0xc4][0x91][0xc4][0x83]ng nh[0xe1][0xba][0xad]p kh[0xc3][0xb4]ng h[0xe1][0xbb][0xa3]p l[0xe1][0xbb][0x87]","path":"/auth/login","timestamp":"2025-06-17T14:32:26.848Z"}"
21:32:26.850 [main] DEBUG org.apache.http.headers -- http-outgoing-11 << HTTP/1.1 401 Unauthorized
21:32:26.850 [main] DEBUG org.apache.http.headers -- http-outgoing-11 << X-Powered-By: Express
21:32:26.850 [main] DEBUG org.apache.http.headers -- http-outgoing-11 << Access-Control-Allow-Origin: *
21:32:26.850 [main] DEBUG org.apache.http.headers -- http-outgoing-11 << Content-Type: application/json; charset=utf-8
21:32:26.850 [main] DEBUG org.apache.http.headers -- http-outgoing-11 << Content-Length: 149
21:32:26.850 [main] DEBUG org.apache.http.headers -- http-outgoing-11 << ETag: W/"95-ip01rS8BMu8852wW24H3FHT1y3E"
21:32:26.850 [main] DEBUG org.apache.http.headers -- http-outgoing-11 << Date: Tue, 17 Jun 2025 14:32:26 GMT
21:32:26.850 [main] DEBUG org.apache.http.headers -- http-outgoing-11 << Connection: keep-alive
21:32:26.850 [main] DEBUG org.apache.http.headers -- http-outgoing-11 << Keep-Alive: timeout=5
21:32:26.851 [main] DEBUG org.apache.http.impl.execchain.MainClientExec -- Connection can be kept alive for 5000 MILLISECONDS
21:32:26.851 [main] DEBUG org.apache.http.impl.auth.HttpAuthenticator -- Authentication required
21:32:26.851 [main] DEBUG org.apache.http.impl.auth.HttpAuthenticator -- localhost:3000 requested authentication
21:32:26.851 [main] DEBUG org.apache.http.impl.auth.HttpAuthenticator -- Response contains no authentication challenges
21:32:26.851 [main] DEBUG org.apache.http.impl.conn.PoolingHttpClientConnectionManager -- Connection [id: 11][route: {}->http://localhost:3000] can be kept alive for 5.0 seconds
21:32:26.851 [main] DEBUG org.apache.http.impl.conn.DefaultManagedHttpClientConnection -- http-outgoing-11: set socket timeout to 0
21:32:26.851 [main] DEBUG org.apache.http.impl.conn.PoolingHttpClientConnectionManager -- Connection released: [id: 11][route: {}->http://localhost:3000][total available: 1; route allocated: 1 of 5; total allocated: 1 of 10]
21:32:26.851 [main] DEBUG org.apache.http.impl.conn.PoolingHttpClientConnectionManager -- Connection manager is shutting down
21:32:26.851 [main] DEBUG org.apache.http.impl.conn.DefaultManagedHttpClientConnection -- http-outgoing-11: Close connection
21:32:26.851 [main] DEBUG org.apache.http.impl.conn.PoolingHttpClientConnectionManager -- Connection manager shut down
21:32:26.852 [main] DEBUG com.intuit.karate -- response time in milliseconds: 108
1 < 401
1 < X-Powered-By: Express
1 < Access-Control-Allow-Origin: *
1 < Content-Type: application/json; charset=utf-8
1 < Content-Length: 149
1 < ETag: W/"95-ip01rS8BMu8852wW24H3FHT1y3E"
1 < Date: Tue, 17 Jun 2025 14:32:26 GMT
1 < Connection: keep-alive
1 < Keep-Alive: timeout=5
{
  "success": false,
  "statusCode": 401,
  "message": "Thông tin ??ng nh?p không h?p l?",
  "path": "/auth/login",
  "timestamp": "2025-06-17T14:32:26.848Z"
}


21:32:26.855 [main] INFO com.intuit.karate -- [print] Calling login API v?i email: nam@gmail.com password: ' OR '1'='1 
21:32:26.855 [main] INFO com.intuit.karate -- [print] Response status: 401 body: {
  "success": false,
  "statusCode": 401,
  "message": "Thông tin ??ng nh?p không h?p l?",
  "path": "/auth/login",
  "timestamp": "2025-06-17T14:32:26.848Z"
}
 
21:32:26.856 [main] INFO com.intuit.karate -- STATUS MISMATCH - Expected: 400, Actual: 401 
21:32:26.857 [main] INFO com.intuit.karate -- Test Case Data: {
  "email": "nam@gmail.com",
  "password": "' OR '1'='1",
  "expectedStatus": 400.0,
  "expectedResult": "Invalid input",
  "testDescription": "TC: SQL Injection trong password",
  "responseStatus": "",
  "result": ""
}
 
21:32:26.857 [main] INFO com.intuit.karate -- Expected Status: 400.0 
21:32:26.857 [main] INFO com.intuit.karate -- Expected Result: Invalid input 
21:32:26.857 [main] INFO com.intuit.karate -- Actual Status: 401 
21:32:26.862 [main] INFO com.intuit.karate -- Is Expected Status: false 
21:32:26.862 [main] INFO com.intuit.karate -- Test case #12 - Status: 401, Result: {"success":false,"statusCode":401,"message":"Thông tin ??ng nh?p không h?p l?","path":"/auth/login","timestamp":"2025-06-17T14:32:26.848Z"} 
21:32:26.863 [main] INFO com.intuit.karate -- ?ang ch?y test case #13: TC: XSS trong email 
21:32:26.869 [main] INFO com.intuit.karate -- karate.env system property was: null 
21:32:26.870 [main] DEBUG com.jayway.jsonpath.internal.path.CompiledPath -- Evaluating path: $
21:32:26.872 [main] DEBUG org.apache.http.client.protocol.RequestAddCookies -- CookieSpec selected: karate
21:32:26.872 [main] DEBUG org.apache.http.client.protocol.RequestAuthCache -- Auth cache not set in the context
21:32:26.872 [main] DEBUG com.intuit.karate -- request:
1 > POST http://localhost:3000/auth/login
1 > Content-Type: application/json; charset=UTF-8
1 > Content-Length: 78
1 > Host: localhost:3000
1 > Connection: Keep-Alive
1 > User-Agent: Apache-HttpClient/4.5.14 (Java/17.0.9)
1 > Accept-Encoding: gzip,deflate
{
  "email": "<script>alert(\"xss\")</script>@test.com",
  "password": "password123"
}


21:32:26.872 [main] DEBUG org.apache.http.impl.conn.PoolingHttpClientConnectionManager -- Connection request: [route: {}->http://localhost:3000][total available: 0; route allocated: 0 of 5; total allocated: 0 of 10]
21:32:26.872 [main] DEBUG org.apache.http.impl.conn.PoolingHttpClientConnectionManager -- Connection leased: [id: 12][route: {}->http://localhost:3000][total available: 0; route allocated: 1 of 5; total allocated: 1 of 10]
21:32:26.872 [main] DEBUG org.apache.http.impl.execchain.MainClientExec -- Opening connection {}->http://localhost:3000
21:32:26.872 [main] DEBUG org.apache.http.impl.conn.DefaultHttpClientConnectionOperator -- Connecting to localhost/127.0.0.1:3000
21:32:26.873 [main] DEBUG org.apache.http.impl.conn.DefaultHttpClientConnectionOperator -- Connection established 127.0.0.1:62525<->127.0.0.1:3000
21:32:26.873 [main] DEBUG org.apache.http.impl.conn.DefaultManagedHttpClientConnection -- http-outgoing-12: set socket timeout to 5000
21:32:26.873 [main] DEBUG org.apache.http.impl.execchain.MainClientExec -- Executing request POST /auth/login HTTP/1.1
21:32:26.873 [main] DEBUG org.apache.http.impl.execchain.MainClientExec -- Target auth state: UNCHALLENGED
21:32:26.873 [main] DEBUG org.apache.http.impl.execchain.MainClientExec -- Proxy auth state: UNCHALLENGED
21:32:26.873 [main] DEBUG org.apache.http.headers -- http-outgoing-12 >> POST /auth/login HTTP/1.1
21:32:26.873 [main] DEBUG org.apache.http.headers -- http-outgoing-12 >> Content-Type: application/json; charset=UTF-8
21:32:26.873 [main] DEBUG org.apache.http.headers -- http-outgoing-12 >> Content-Length: 78
21:32:26.873 [main] DEBUG org.apache.http.headers -- http-outgoing-12 >> Host: localhost:3000
21:32:26.873 [main] DEBUG org.apache.http.headers -- http-outgoing-12 >> Connection: Keep-Alive
21:32:26.873 [main] DEBUG org.apache.http.headers -- http-outgoing-12 >> User-Agent: Apache-HttpClient/4.5.14 (Java/17.0.9)
21:32:26.873 [main] DEBUG org.apache.http.headers -- http-outgoing-12 >> Accept-Encoding: gzip,deflate
21:32:26.873 [main] DEBUG org.apache.http.wire -- http-outgoing-12 >> "POST /auth/login HTTP/1.1[\r][\n]"
21:32:26.873 [main] DEBUG org.apache.http.wire -- http-outgoing-12 >> "Content-Type: application/json; charset=UTF-8[\r][\n]"
21:32:26.873 [main] DEBUG org.apache.http.wire -- http-outgoing-12 >> "Content-Length: 78[\r][\n]"
21:32:26.873 [main] DEBUG org.apache.http.wire -- http-outgoing-12 >> "Host: localhost:3000[\r][\n]"
21:32:26.873 [main] DEBUG org.apache.http.wire -- http-outgoing-12 >> "Connection: Keep-Alive[\r][\n]"
21:32:26.873 [main] DEBUG org.apache.http.wire -- http-outgoing-12 >> "User-Agent: Apache-HttpClient/4.5.14 (Java/17.0.9)[\r][\n]"
21:32:26.873 [main] DEBUG org.apache.http.wire -- http-outgoing-12 >> "Accept-Encoding: gzip,deflate[\r][\n]"
21:32:26.873 [main] DEBUG org.apache.http.wire -- http-outgoing-12 >> "[\r][\n]"
21:32:26.873 [main] DEBUG org.apache.http.wire -- http-outgoing-12 >> "{"email":"<script>alert(\"xss\")<\/script>@test.com","password":"password123"}"
21:32:26.876 [main] DEBUG org.apache.http.wire -- http-outgoing-12 << "HTTP/1.1 400 Bad Request[\r][\n]"
21:32:26.877 [main] DEBUG org.apache.http.wire -- http-outgoing-12 << "X-Powered-By: Express[\r][\n]"
21:32:26.877 [main] DEBUG org.apache.http.wire -- http-outgoing-12 << "Access-Control-Allow-Origin: *[\r][\n]"
21:32:26.877 [main] DEBUG org.apache.http.wire -- http-outgoing-12 << "Content-Type: application/json; charset=utf-8[\r][\n]"
21:32:26.877 [main] DEBUG org.apache.http.wire -- http-outgoing-12 << "Content-Length: 136[\r][\n]"
21:32:26.877 [main] DEBUG org.apache.http.wire -- http-outgoing-12 << "ETag: W/"88-FlVZabu6Taw5qpY+M5wszvuEmkk"[\r][\n]"
21:32:26.877 [main] DEBUG org.apache.http.wire -- http-outgoing-12 << "Date: Tue, 17 Jun 2025 14:32:26 GMT[\r][\n]"
21:32:26.877 [main] DEBUG org.apache.http.wire -- http-outgoing-12 << "Connection: keep-alive[\r][\n]"
21:32:26.877 [main] DEBUG org.apache.http.wire -- http-outgoing-12 << "Keep-Alive: timeout=5[\r][\n]"
21:32:26.877 [main] DEBUG org.apache.http.wire -- http-outgoing-12 << "[\r][\n]"
21:32:26.877 [main] DEBUG org.apache.http.wire -- http-outgoing-12 << "{"success":false,"statusCode":400,"message":"D[0xe1][0xbb][0xaf] li[0xe1][0xbb][0x87]u kh[0xc3][0xb4]ng h[0xe1][0xbb][0xa3]p l[0xe1][0xbb][0x87]","path":"/auth/login","timestamp":"2025-06-17T14:32:26.875Z"}"
21:32:26.877 [main] DEBUG org.apache.http.headers -- http-outgoing-12 << HTTP/1.1 400 Bad Request
21:32:26.877 [main] DEBUG org.apache.http.headers -- http-outgoing-12 << X-Powered-By: Express
21:32:26.877 [main] DEBUG org.apache.http.headers -- http-outgoing-12 << Access-Control-Allow-Origin: *
21:32:26.877 [main] DEBUG org.apache.http.headers -- http-outgoing-12 << Content-Type: application/json; charset=utf-8
21:32:26.877 [main] DEBUG org.apache.http.headers -- http-outgoing-12 << Content-Length: 136
21:32:26.877 [main] DEBUG org.apache.http.headers -- http-outgoing-12 << ETag: W/"88-FlVZabu6Taw5qpY+M5wszvuEmkk"
21:32:26.877 [main] DEBUG org.apache.http.headers -- http-outgoing-12 << Date: Tue, 17 Jun 2025 14:32:26 GMT
21:32:26.877 [main] DEBUG org.apache.http.headers -- http-outgoing-12 << Connection: keep-alive
21:32:26.877 [main] DEBUG org.apache.http.headers -- http-outgoing-12 << Keep-Alive: timeout=5
21:32:26.877 [main] DEBUG org.apache.http.impl.execchain.MainClientExec -- Connection can be kept alive for 5000 MILLISECONDS
21:32:26.878 [main] DEBUG org.apache.http.impl.conn.PoolingHttpClientConnectionManager -- Connection [id: 12][route: {}->http://localhost:3000] can be kept alive for 5.0 seconds
21:32:26.878 [main] DEBUG org.apache.http.impl.conn.DefaultManagedHttpClientConnection -- http-outgoing-12: set socket timeout to 0
21:32:26.878 [main] DEBUG org.apache.http.impl.conn.PoolingHttpClientConnectionManager -- Connection released: [id: 12][route: {}->http://localhost:3000][total available: 1; route allocated: 1 of 5; total allocated: 1 of 10]
21:32:26.878 [main] DEBUG org.apache.http.impl.conn.PoolingHttpClientConnectionManager -- Connection manager is shutting down
21:32:26.878 [main] DEBUG org.apache.http.impl.conn.DefaultManagedHttpClientConnection -- http-outgoing-12: Close connection
21:32:26.878 [main] DEBUG org.apache.http.impl.conn.PoolingHttpClientConnectionManager -- Connection manager shut down
21:32:26.878 [main] DEBUG com.intuit.karate -- response time in milliseconds: 6
1 < 400
1 < X-Powered-By: Express
1 < Access-Control-Allow-Origin: *
1 < Content-Type: application/json; charset=utf-8
1 < Content-Length: 136
1 < ETag: W/"88-FlVZabu6Taw5qpY+M5wszvuEmkk"
1 < Date: Tue, 17 Jun 2025 14:32:26 GMT
1 < Connection: keep-alive
1 < Keep-Alive: timeout=5
{
  "success": false,
  "statusCode": 400,
  "message": "D? li?u không h?p l?",
  "path": "/auth/login",
  "timestamp": "2025-06-17T14:32:26.875Z"
}


21:32:26.880 [main] INFO com.intuit.karate -- [print] Calling login API v?i email: <script>alert("xss")</script>@test.com password: password123 
21:32:26.881 [main] INFO com.intuit.karate -- [print] Response status: 400 body: {
  "success": false,
  "statusCode": 400,
  "message": "D? li?u không h?p l?",
  "path": "/auth/login",
  "timestamp": "2025-06-17T14:32:26.875Z"
}
 
21:32:26.883 [main] INFO com.intuit.karate -- Test Case Data: {
  "email": "<script>alert(\"xss\")</script>@test.com",
  "password": "password123",
  "expectedStatus": 400.0,
  "expectedResult": "Invalid input",
  "testDescription": "TC: XSS trong email",
  "responseStatus": "",
  "result": ""
}
 
21:32:26.883 [main] INFO com.intuit.karate -- Expected Status: 400.0 
21:32:26.885 [main] INFO com.intuit.karate -- Expected Result: Invalid input 
21:32:26.885 [main] INFO com.intuit.karate -- Actual Status: 400 
21:32:26.885 [main] INFO com.intuit.karate -- Is Expected Status: true 
21:32:26.885 [main] INFO com.intuit.karate -- Test case #13 - Status: 400, Result: {"success":false,"statusCode":400,"message":"D? li?u không h?p l?","path":"/auth/login","timestamp":"2025-06-17T14:32:26.875Z"} 
21:32:26.887 [main] INFO com.intuit.karate -- ?ang ch?y test case #14: TC: XSS trong password 
21:32:26.898 [main] INFO com.intuit.karate -- karate.env system property was: null 
21:32:26.899 [main] DEBUG com.jayway.jsonpath.internal.path.CompiledPath -- Evaluating path: $
21:32:26.901 [main] DEBUG org.apache.http.client.protocol.RequestAddCookies -- CookieSpec selected: karate
21:32:26.901 [main] DEBUG org.apache.http.client.protocol.RequestAuthCache -- Auth cache not set in the context
21:32:26.901 [main] DEBUG com.intuit.karate -- request:
1 > POST http://localhost:3000/auth/login
1 > Content-Type: application/json; charset=UTF-8
1 > Content-Length: 71
1 > Host: localhost:3000
1 > Connection: Keep-Alive
1 > User-Agent: Apache-HttpClient/4.5.14 (Java/17.0.9)
1 > Accept-Encoding: gzip,deflate
{
  "email": "nam@gmail.com",
  "password": "<script>alert(\"xss\")</script>"
}


21:32:26.901 [main] DEBUG org.apache.http.impl.conn.PoolingHttpClientConnectionManager -- Connection request: [route: {}->http://localhost:3000][total available: 0; route allocated: 0 of 5; total allocated: 0 of 10]
21:32:26.901 [main] DEBUG org.apache.http.impl.conn.PoolingHttpClientConnectionManager -- Connection leased: [id: 13][route: {}->http://localhost:3000][total available: 0; route allocated: 1 of 5; total allocated: 1 of 10]
21:32:26.901 [main] DEBUG org.apache.http.impl.execchain.MainClientExec -- Opening connection {}->http://localhost:3000
21:32:26.902 [main] DEBUG org.apache.http.impl.conn.DefaultHttpClientConnectionOperator -- Connecting to localhost/127.0.0.1:3000
21:32:26.903 [main] DEBUG org.apache.http.impl.conn.DefaultHttpClientConnectionOperator -- Connection established 127.0.0.1:62526<->127.0.0.1:3000
21:32:26.903 [main] DEBUG org.apache.http.impl.conn.DefaultManagedHttpClientConnection -- http-outgoing-13: set socket timeout to 5000
21:32:26.903 [main] DEBUG org.apache.http.impl.execchain.MainClientExec -- Executing request POST /auth/login HTTP/1.1
21:32:26.903 [main] DEBUG org.apache.http.impl.execchain.MainClientExec -- Target auth state: UNCHALLENGED
21:32:26.903 [main] DEBUG org.apache.http.impl.execchain.MainClientExec -- Proxy auth state: UNCHALLENGED
21:32:26.903 [main] DEBUG org.apache.http.headers -- http-outgoing-13 >> POST /auth/login HTTP/1.1
21:32:26.903 [main] DEBUG org.apache.http.headers -- http-outgoing-13 >> Content-Type: application/json; charset=UTF-8
21:32:26.903 [main] DEBUG org.apache.http.headers -- http-outgoing-13 >> Content-Length: 71
21:32:26.903 [main] DEBUG org.apache.http.headers -- http-outgoing-13 >> Host: localhost:3000
21:32:26.903 [main] DEBUG org.apache.http.headers -- http-outgoing-13 >> Connection: Keep-Alive
21:32:26.903 [main] DEBUG org.apache.http.headers -- http-outgoing-13 >> User-Agent: Apache-HttpClient/4.5.14 (Java/17.0.9)
21:32:26.903 [main] DEBUG org.apache.http.headers -- http-outgoing-13 >> Accept-Encoding: gzip,deflate
21:32:26.903 [main] DEBUG org.apache.http.wire -- http-outgoing-13 >> "POST /auth/login HTTP/1.1[\r][\n]"
21:32:26.903 [main] DEBUG org.apache.http.wire -- http-outgoing-13 >> "Content-Type: application/json; charset=UTF-8[\r][\n]"
21:32:26.903 [main] DEBUG org.apache.http.wire -- http-outgoing-13 >> "Content-Length: 71[\r][\n]"
21:32:26.903 [main] DEBUG org.apache.http.wire -- http-outgoing-13 >> "Host: localhost:3000[\r][\n]"
21:32:26.903 [main] DEBUG org.apache.http.wire -- http-outgoing-13 >> "Connection: Keep-Alive[\r][\n]"
21:32:26.904 [main] DEBUG org.apache.http.wire -- http-outgoing-13 >> "User-Agent: Apache-HttpClient/4.5.14 (Java/17.0.9)[\r][\n]"
21:32:26.904 [main] DEBUG org.apache.http.wire -- http-outgoing-13 >> "Accept-Encoding: gzip,deflate[\r][\n]"
21:32:26.904 [main] DEBUG org.apache.http.wire -- http-outgoing-13 >> "[\r][\n]"
21:32:26.904 [main] DEBUG org.apache.http.wire -- http-outgoing-13 >> "{"email":"nam@gmail.com","password":"<script>alert(\"xss\")<\/script>"}"
21:32:26.999 [main] DEBUG org.apache.http.wire -- http-outgoing-13 << "HTTP/1.1 401 Unauthorized[\r][\n]"
21:32:26.999 [main] DEBUG org.apache.http.wire -- http-outgoing-13 << "X-Powered-By: Express[\r][\n]"
21:32:26.999 [main] DEBUG org.apache.http.wire -- http-outgoing-13 << "Access-Control-Allow-Origin: *[\r][\n]"
21:32:26.999 [main] DEBUG org.apache.http.wire -- http-outgoing-13 << "Content-Type: application/json; charset=utf-8[\r][\n]"
21:32:26.999 [main] DEBUG org.apache.http.wire -- http-outgoing-13 << "Content-Length: 149[\r][\n]"
21:32:26.999 [main] DEBUG org.apache.http.wire -- http-outgoing-13 << "ETag: W/"95-HELuefuteJhxKBwbyBL68F2uBMU"[\r][\n]"
21:32:26.999 [main] DEBUG org.apache.http.wire -- http-outgoing-13 << "Date: Tue, 17 Jun 2025 14:32:26 GMT[\r][\n]"
21:32:26.999 [main] DEBUG org.apache.http.wire -- http-outgoing-13 << "Connection: keep-alive[\r][\n]"
21:32:26.999 [main] DEBUG org.apache.http.wire -- http-outgoing-13 << "Keep-Alive: timeout=5[\r][\n]"
21:32:26.999 [main] DEBUG org.apache.http.wire -- http-outgoing-13 << "[\r][\n]"
21:32:27.000 [main] DEBUG org.apache.http.wire -- http-outgoing-13 << "{"success":false,"statusCode":401,"message":"Th[0xc3][0xb4]ng tin [0xc4][0x91][0xc4][0x83]ng nh[0xe1][0xba][0xad]p kh[0xc3][0xb4]ng h[0xe1][0xbb][0xa3]p l[0xe1][0xbb][0x87]","path":"/auth/login","timestamp":"2025-06-17T14:32:26.998Z"}"
21:32:27.000 [main] DEBUG org.apache.http.headers -- http-outgoing-13 << HTTP/1.1 401 Unauthorized
21:32:27.000 [main] DEBUG org.apache.http.headers -- http-outgoing-13 << X-Powered-By: Express
21:32:27.000 [main] DEBUG org.apache.http.headers -- http-outgoing-13 << Access-Control-Allow-Origin: *
21:32:27.000 [main] DEBUG org.apache.http.headers -- http-outgoing-13 << Content-Type: application/json; charset=utf-8
21:32:27.000 [main] DEBUG org.apache.http.headers -- http-outgoing-13 << Content-Length: 149
21:32:27.000 [main] DEBUG org.apache.http.headers -- http-outgoing-13 << ETag: W/"95-HELuefuteJhxKBwbyBL68F2uBMU"
21:32:27.000 [main] DEBUG org.apache.http.headers -- http-outgoing-13 << Date: Tue, 17 Jun 2025 14:32:26 GMT
21:32:27.000 [main] DEBUG org.apache.http.headers -- http-outgoing-13 << Connection: keep-alive
21:32:27.000 [main] DEBUG org.apache.http.headers -- http-outgoing-13 << Keep-Alive: timeout=5
21:32:27.000 [main] DEBUG org.apache.http.impl.execchain.MainClientExec -- Connection can be kept alive for 5000 MILLISECONDS
21:32:27.000 [main] DEBUG org.apache.http.impl.auth.HttpAuthenticator -- Authentication required
21:32:27.000 [main] DEBUG org.apache.http.impl.auth.HttpAuthenticator -- localhost:3000 requested authentication
21:32:27.000 [main] DEBUG org.apache.http.impl.auth.HttpAuthenticator -- Response contains no authentication challenges
21:32:27.000 [main] DEBUG org.apache.http.impl.conn.PoolingHttpClientConnectionManager -- Connection [id: 13][route: {}->http://localhost:3000] can be kept alive for 5.0 seconds
21:32:27.000 [main] DEBUG org.apache.http.impl.conn.DefaultManagedHttpClientConnection -- http-outgoing-13: set socket timeout to 0
21:32:27.000 [main] DEBUG org.apache.http.impl.conn.PoolingHttpClientConnectionManager -- Connection released: [id: 13][route: {}->http://localhost:3000][total available: 1; route allocated: 1 of 5; total allocated: 1 of 10]
21:32:27.000 [main] DEBUG org.apache.http.impl.conn.PoolingHttpClientConnectionManager -- Connection manager is shutting down
21:32:27.000 [main] DEBUG org.apache.http.impl.conn.DefaultManagedHttpClientConnection -- http-outgoing-13: Close connection
21:32:27.000 [main] DEBUG org.apache.http.impl.conn.PoolingHttpClientConnectionManager -- Connection manager shut down
21:32:27.000 [main] DEBUG com.intuit.karate -- response time in milliseconds: 99
1 < 401
1 < X-Powered-By: Express
1 < Access-Control-Allow-Origin: *
1 < Content-Type: application/json; charset=utf-8
1 < Content-Length: 149
1 < ETag: W/"95-HELuefuteJhxKBwbyBL68F2uBMU"
1 < Date: Tue, 17 Jun 2025 14:32:26 GMT
1 < Connection: keep-alive
1 < Keep-Alive: timeout=5
{
  "success": false,
  "statusCode": 401,
  "message": "Thông tin ??ng nh?p không h?p l?",
  "path": "/auth/login",
  "timestamp": "2025-06-17T14:32:26.998Z"
}


21:32:27.001 [main] INFO com.intuit.karate -- [print] Calling login API v?i email: nam@gmail.com password: <script>alert("xss")</script> 
21:32:27.002 [main] INFO com.intuit.karate -- [print] Response status: 401 body: {
  "success": false,
  "statusCode": 401,
  "message": "Thông tin ??ng nh?p không h?p l?",
  "path": "/auth/login",
  "timestamp": "2025-06-17T14:32:26.998Z"
}
 
21:32:27.003 [main] INFO com.intuit.karate -- STATUS MISMATCH - Expected: 400, Actual: 401 
21:32:27.003 [main] INFO com.intuit.karate -- Test Case Data: {
  "email": "nam@gmail.com",
  "password": "<script>alert(\"xss\")</script>",
  "expectedStatus": 400.0,
  "expectedResult": "Invalid input",
  "testDescription": "TC: XSS trong password",
  "responseStatus": "",
  "result": ""
}
 
21:32:27.003 [main] INFO com.intuit.karate -- Expected Status: 400.0 
21:32:27.003 [main] INFO com.intuit.karate -- Expected Result: Invalid input 
21:32:27.003 [main] INFO com.intuit.karate -- Actual Status: 401 
21:32:27.003 [main] INFO com.intuit.karate -- Is Expected Status: false 
21:32:27.003 [main] INFO com.intuit.karate -- Test case #14 - Status: 401, Result: {"success":false,"statusCode":401,"message":"Thông tin ??ng nh?p không h?p l?","path":"/auth/login","timestamp":"2025-06-17T14:32:26.998Z"} 
21:32:27.005 [main] INFO com.intuit.karate -- ?ang ch?y test case #15: TC: V??t quá s? l?n th? - l?n 1 
21:32:27.013 [main] INFO com.intuit.karate -- karate.env system property was: null 
21:32:27.016 [main] DEBUG com.jayway.jsonpath.internal.path.CompiledPath -- Evaluating path: $
21:32:27.018 [main] DEBUG org.apache.http.client.protocol.RequestAddCookies -- CookieSpec selected: karate
21:32:27.018 [main] DEBUG org.apache.http.client.protocol.RequestAuthCache -- Auth cache not set in the context
21:32:27.018 [main] DEBUG com.intuit.karate -- request:
1 > POST http://localhost:3000/auth/login
1 > Content-Type: application/json; charset=UTF-8
1 > Content-Length: 56
1 > Host: localhost:3000
1 > Connection: Keep-Alive
1 > User-Agent: Apache-HttpClient/4.5.14 (Java/17.0.9)
1 > Accept-Encoding: gzip,deflate
{
  "email": "brute.force@test.com",
  "password": "wrongpass1"
}


21:32:27.018 [main] DEBUG org.apache.http.impl.conn.PoolingHttpClientConnectionManager -- Connection request: [route: {}->http://localhost:3000][total available: 0; route allocated: 0 of 5; total allocated: 0 of 10]
21:32:27.018 [main] DEBUG org.apache.http.impl.conn.PoolingHttpClientConnectionManager -- Connection leased: [id: 14][route: {}->http://localhost:3000][total available: 0; route allocated: 1 of 5; total allocated: 1 of 10]
21:32:27.018 [main] DEBUG org.apache.http.impl.execchain.MainClientExec -- Opening connection {}->http://localhost:3000
21:32:27.018 [main] DEBUG org.apache.http.impl.conn.DefaultHttpClientConnectionOperator -- Connecting to localhost/127.0.0.1:3000
21:32:27.019 [main] DEBUG org.apache.http.impl.conn.DefaultHttpClientConnectionOperator -- Connection established 127.0.0.1:62527<->127.0.0.1:3000
21:32:27.019 [main] DEBUG org.apache.http.impl.conn.DefaultManagedHttpClientConnection -- http-outgoing-14: set socket timeout to 5000
21:32:27.019 [main] DEBUG org.apache.http.impl.execchain.MainClientExec -- Executing request POST /auth/login HTTP/1.1
21:32:27.019 [main] DEBUG org.apache.http.impl.execchain.MainClientExec -- Target auth state: UNCHALLENGED
21:32:27.019 [main] DEBUG org.apache.http.impl.execchain.MainClientExec -- Proxy auth state: UNCHALLENGED
21:32:27.019 [main] DEBUG org.apache.http.headers -- http-outgoing-14 >> POST /auth/login HTTP/1.1
21:32:27.019 [main] DEBUG org.apache.http.headers -- http-outgoing-14 >> Content-Type: application/json; charset=UTF-8
21:32:27.019 [main] DEBUG org.apache.http.headers -- http-outgoing-14 >> Content-Length: 56
21:32:27.019 [main] DEBUG org.apache.http.headers -- http-outgoing-14 >> Host: localhost:3000
21:32:27.019 [main] DEBUG org.apache.http.headers -- http-outgoing-14 >> Connection: Keep-Alive
21:32:27.019 [main] DEBUG org.apache.http.headers -- http-outgoing-14 >> User-Agent: Apache-HttpClient/4.5.14 (Java/17.0.9)
21:32:27.019 [main] DEBUG org.apache.http.headers -- http-outgoing-14 >> Accept-Encoding: gzip,deflate
21:32:27.019 [main] DEBUG org.apache.http.wire -- http-outgoing-14 >> "POST /auth/login HTTP/1.1[\r][\n]"
21:32:27.019 [main] DEBUG org.apache.http.wire -- http-outgoing-14 >> "Content-Type: application/json; charset=UTF-8[\r][\n]"
21:32:27.019 [main] DEBUG org.apache.http.wire -- http-outgoing-14 >> "Content-Length: 56[\r][\n]"
21:32:27.019 [main] DEBUG org.apache.http.wire -- http-outgoing-14 >> "Host: localhost:3000[\r][\n]"
21:32:27.019 [main] DEBUG org.apache.http.wire -- http-outgoing-14 >> "Connection: Keep-Alive[\r][\n]"
21:32:27.019 [main] DEBUG org.apache.http.wire -- http-outgoing-14 >> "User-Agent: Apache-HttpClient/4.5.14 (Java/17.0.9)[\r][\n]"
21:32:27.019 [main] DEBUG org.apache.http.wire -- http-outgoing-14 >> "Accept-Encoding: gzip,deflate[\r][\n]"
21:32:27.019 [main] DEBUG org.apache.http.wire -- http-outgoing-14 >> "[\r][\n]"
21:32:27.019 [main] DEBUG org.apache.http.wire -- http-outgoing-14 >> "{"email":"brute.force@test.com","password":"wrongpass1"}"
21:32:27.050 [main] DEBUG org.apache.http.wire -- http-outgoing-14 << "HTTP/1.1 401 Unauthorized[\r][\n]"
21:32:27.050 [main] DEBUG org.apache.http.wire -- http-outgoing-14 << "X-Powered-By: Express[\r][\n]"
21:32:27.050 [main] DEBUG org.apache.http.wire -- http-outgoing-14 << "Access-Control-Allow-Origin: *[\r][\n]"
21:32:27.050 [main] DEBUG org.apache.http.wire -- http-outgoing-14 << "Content-Type: application/json; charset=utf-8[\r][\n]"
21:32:27.050 [main] DEBUG org.apache.http.wire -- http-outgoing-14 << "Content-Length: 149[\r][\n]"
21:32:27.050 [main] DEBUG org.apache.http.wire -- http-outgoing-14 << "ETag: W/"95-izDSTOTiedl8fxthTXfH6TcdBVc"[\r][\n]"
21:32:27.050 [main] DEBUG org.apache.http.wire -- http-outgoing-14 << "Date: Tue, 17 Jun 2025 14:32:27 GMT[\r][\n]"
21:32:27.050 [main] DEBUG org.apache.http.wire -- http-outgoing-14 << "Connection: keep-alive[\r][\n]"
21:32:27.050 [main] DEBUG org.apache.http.wire -- http-outgoing-14 << "Keep-Alive: timeout=5[\r][\n]"
21:32:27.050 [main] DEBUG org.apache.http.wire -- http-outgoing-14 << "[\r][\n]"
21:32:27.050 [main] DEBUG org.apache.http.wire -- http-outgoing-14 << "{"success":false,"statusCode":401,"message":"Th[0xc3][0xb4]ng tin [0xc4][0x91][0xc4][0x83]ng nh[0xe1][0xba][0xad]p kh[0xc3][0xb4]ng h[0xe1][0xbb][0xa3]p l[0xe1][0xbb][0x87]","path":"/auth/login","timestamp":"2025-06-17T14:32:27.049Z"}"
21:32:27.050 [main] DEBUG org.apache.http.headers -- http-outgoing-14 << HTTP/1.1 401 Unauthorized
21:32:27.050 [main] DEBUG org.apache.http.headers -- http-outgoing-14 << X-Powered-By: Express
21:32:27.050 [main] DEBUG org.apache.http.headers -- http-outgoing-14 << Access-Control-Allow-Origin: *
21:32:27.050 [main] DEBUG org.apache.http.headers -- http-outgoing-14 << Content-Type: application/json; charset=utf-8
21:32:27.050 [main] DEBUG org.apache.http.headers -- http-outgoing-14 << Content-Length: 149
21:32:27.050 [main] DEBUG org.apache.http.headers -- http-outgoing-14 << ETag: W/"95-izDSTOTiedl8fxthTXfH6TcdBVc"
21:32:27.050 [main] DEBUG org.apache.http.headers -- http-outgoing-14 << Date: Tue, 17 Jun 2025 14:32:27 GMT
21:32:27.050 [main] DEBUG org.apache.http.headers -- http-outgoing-14 << Connection: keep-alive
21:32:27.050 [main] DEBUG org.apache.http.headers -- http-outgoing-14 << Keep-Alive: timeout=5
21:32:27.050 [main] DEBUG org.apache.http.impl.execchain.MainClientExec -- Connection can be kept alive for 5000 MILLISECONDS
21:32:27.050 [main] DEBUG org.apache.http.impl.auth.HttpAuthenticator -- Authentication required
21:32:27.050 [main] DEBUG org.apache.http.impl.auth.HttpAuthenticator -- localhost:3000 requested authentication
21:32:27.050 [main] DEBUG org.apache.http.impl.auth.HttpAuthenticator -- Response contains no authentication challenges
21:32:27.050 [main] DEBUG org.apache.http.impl.conn.PoolingHttpClientConnectionManager -- Connection [id: 14][route: {}->http://localhost:3000] can be kept alive for 5.0 seconds
21:32:27.050 [main] DEBUG org.apache.http.impl.conn.DefaultManagedHttpClientConnection -- http-outgoing-14: set socket timeout to 0
21:32:27.052 [main] DEBUG org.apache.http.impl.conn.PoolingHttpClientConnectionManager -- Connection released: [id: 14][route: {}->http://localhost:3000][total available: 1; route allocated: 1 of 5; total allocated: 1 of 10]
21:32:27.052 [main] DEBUG org.apache.http.impl.conn.PoolingHttpClientConnectionManager -- Connection manager is shutting down
21:32:27.052 [main] DEBUG org.apache.http.impl.conn.DefaultManagedHttpClientConnection -- http-outgoing-14: Close connection
21:32:27.052 [main] DEBUG org.apache.http.impl.conn.PoolingHttpClientConnectionManager -- Connection manager shut down
21:32:27.052 [main] DEBUG com.intuit.karate -- response time in milliseconds: 34
1 < 401
1 < X-Powered-By: Express
1 < Access-Control-Allow-Origin: *
1 < Content-Type: application/json; charset=utf-8
1 < Content-Length: 149
1 < ETag: W/"95-izDSTOTiedl8fxthTXfH6TcdBVc"
1 < Date: Tue, 17 Jun 2025 14:32:27 GMT
1 < Connection: keep-alive
1 < Keep-Alive: timeout=5
{
  "success": false,
  "statusCode": 401,
  "message": "Thông tin ??ng nh?p không h?p l?",
  "path": "/auth/login",
  "timestamp": "2025-06-17T14:32:27.049Z"
}


21:32:27.053 [main] INFO com.intuit.karate -- [print] Calling login API v?i email: brute.force@test.com password: wrongpass1 
21:32:27.053 [main] INFO com.intuit.karate -- [print] Response status: 401 body: {
  "success": false,
  "statusCode": 401,
  "message": "Thông tin ??ng nh?p không h?p l?",
  "path": "/auth/login",
  "timestamp": "2025-06-17T14:32:27.049Z"
}
 
21:32:27.054 [main] INFO com.intuit.karate -- STATUS MISMATCH - Expected: 429, Actual: 401 
21:32:27.054 [main] INFO com.intuit.karate -- Test Case Data: {
  "email": "brute.force@test.com",
  "password": "wrongpass1",
  "expectedStatus": 429.0,
  "expectedResult": "Too many login attempts",
  "testDescription": "TC: V??t quá s? l?n th? - l?n 1",
  "responseStatus": "",
  "result": ""
}
 
21:32:27.054 [main] INFO com.intuit.karate -- Expected Status: 429.0 
21:32:27.054 [main] INFO com.intuit.karate -- Expected Result: Too many login attempts 
21:32:27.054 [main] INFO com.intuit.karate -- Actual Status: 401 
21:32:27.054 [main] INFO com.intuit.karate -- Is Expected Status: false 
21:32:27.054 [main] INFO com.intuit.karate -- Test case #15 - Status: 401, Result: {"success":false,"statusCode":401,"message":"Thông tin ??ng nh?p không h?p l?","path":"/auth/login","timestamp":"2025-06-17T14:32:27.049Z"} 
21:32:27.055 [main] INFO com.intuit.karate -- ?ang ch?y test case #16: TC: V??t quá s? l?n th? - l?n 2 
21:32:27.060 [main] INFO com.intuit.karate -- karate.env system property was: null 
21:32:27.062 [main] DEBUG com.jayway.jsonpath.internal.path.CompiledPath -- Evaluating path: $
21:32:27.063 [main] DEBUG org.apache.http.client.protocol.RequestAddCookies -- CookieSpec selected: karate
21:32:27.063 [main] DEBUG org.apache.http.client.protocol.RequestAuthCache -- Auth cache not set in the context
21:32:27.063 [main] DEBUG com.intuit.karate -- request:
1 > POST http://localhost:3000/auth/login
1 > Content-Type: application/json; charset=UTF-8
1 > Content-Length: 56
1 > Host: localhost:3000
1 > Connection: Keep-Alive
1 > User-Agent: Apache-HttpClient/4.5.14 (Java/17.0.9)
1 > Accept-Encoding: gzip,deflate
{
  "email": "brute.force@test.com",
  "password": "wrongpass2"
}


21:32:27.063 [main] DEBUG org.apache.http.impl.conn.PoolingHttpClientConnectionManager -- Connection request: [route: {}->http://localhost:3000][total available: 0; route allocated: 0 of 5; total allocated: 0 of 10]
21:32:27.063 [main] DEBUG org.apache.http.impl.conn.PoolingHttpClientConnectionManager -- Connection leased: [id: 15][route: {}->http://localhost:3000][total available: 0; route allocated: 1 of 5; total allocated: 1 of 10]
21:32:27.063 [main] DEBUG org.apache.http.impl.execchain.MainClientExec -- Opening connection {}->http://localhost:3000
21:32:27.063 [main] DEBUG org.apache.http.impl.conn.DefaultHttpClientConnectionOperator -- Connecting to localhost/127.0.0.1:3000
21:32:27.065 [main] DEBUG org.apache.http.impl.conn.DefaultHttpClientConnectionOperator -- Connection established 127.0.0.1:62528<->127.0.0.1:3000
21:32:27.065 [main] DEBUG org.apache.http.impl.conn.DefaultManagedHttpClientConnection -- http-outgoing-15: set socket timeout to 5000
21:32:27.065 [main] DEBUG org.apache.http.impl.execchain.MainClientExec -- Executing request POST /auth/login HTTP/1.1
21:32:27.065 [main] DEBUG org.apache.http.impl.execchain.MainClientExec -- Target auth state: UNCHALLENGED
21:32:27.065 [main] DEBUG org.apache.http.impl.execchain.MainClientExec -- Proxy auth state: UNCHALLENGED
21:32:27.065 [main] DEBUG org.apache.http.headers -- http-outgoing-15 >> POST /auth/login HTTP/1.1
21:32:27.065 [main] DEBUG org.apache.http.headers -- http-outgoing-15 >> Content-Type: application/json; charset=UTF-8
21:32:27.065 [main] DEBUG org.apache.http.headers -- http-outgoing-15 >> Content-Length: 56
21:32:27.065 [main] DEBUG org.apache.http.headers -- http-outgoing-15 >> Host: localhost:3000
21:32:27.065 [main] DEBUG org.apache.http.headers -- http-outgoing-15 >> Connection: Keep-Alive
21:32:27.065 [main] DEBUG org.apache.http.headers -- http-outgoing-15 >> User-Agent: Apache-HttpClient/4.5.14 (Java/17.0.9)
21:32:27.065 [main] DEBUG org.apache.http.headers -- http-outgoing-15 >> Accept-Encoding: gzip,deflate
21:32:27.065 [main] DEBUG org.apache.http.wire -- http-outgoing-15 >> "POST /auth/login HTTP/1.1[\r][\n]"
21:32:27.065 [main] DEBUG org.apache.http.wire -- http-outgoing-15 >> "Content-Type: application/json; charset=UTF-8[\r][\n]"
21:32:27.065 [main] DEBUG org.apache.http.wire -- http-outgoing-15 >> "Content-Length: 56[\r][\n]"
21:32:27.065 [main] DEBUG org.apache.http.wire -- http-outgoing-15 >> "Host: localhost:3000[\r][\n]"
21:32:27.065 [main] DEBUG org.apache.http.wire -- http-outgoing-15 >> "Connection: Keep-Alive[\r][\n]"
21:32:27.065 [main] DEBUG org.apache.http.wire -- http-outgoing-15 >> "User-Agent: Apache-HttpClient/4.5.14 (Java/17.0.9)[\r][\n]"
21:32:27.065 [main] DEBUG org.apache.http.wire -- http-outgoing-15 >> "Accept-Encoding: gzip,deflate[\r][\n]"
21:32:27.065 [main] DEBUG org.apache.http.wire -- http-outgoing-15 >> "[\r][\n]"
21:32:27.065 [main] DEBUG org.apache.http.wire -- http-outgoing-15 >> "{"email":"brute.force@test.com","password":"wrongpass2"}"
21:32:27.103 [main] DEBUG org.apache.http.wire -- http-outgoing-15 << "HTTP/1.1 401 Unauthorized[\r][\n]"
21:32:27.103 [main] DEBUG org.apache.http.wire -- http-outgoing-15 << "X-Powered-By: Express[\r][\n]"
21:32:27.103 [main] DEBUG org.apache.http.wire -- http-outgoing-15 << "Access-Control-Allow-Origin: *[\r][\n]"
21:32:27.103 [main] DEBUG org.apache.http.wire -- http-outgoing-15 << "Content-Type: application/json; charset=utf-8[\r][\n]"
21:32:27.103 [main] DEBUG org.apache.http.wire -- http-outgoing-15 << "Content-Length: 149[\r][\n]"
21:32:27.103 [main] DEBUG org.apache.http.wire -- http-outgoing-15 << "ETag: W/"95-s1eP2x3AXlWp4pJkwL72uEc9LMQ"[\r][\n]"
21:32:27.103 [main] DEBUG org.apache.http.wire -- http-outgoing-15 << "Date: Tue, 17 Jun 2025 14:32:27 GMT[\r][\n]"
21:32:27.103 [main] DEBUG org.apache.http.wire -- http-outgoing-15 << "Connection: keep-alive[\r][\n]"
21:32:27.103 [main] DEBUG org.apache.http.wire -- http-outgoing-15 << "Keep-Alive: timeout=5[\r][\n]"
21:32:27.103 [main] DEBUG org.apache.http.wire -- http-outgoing-15 << "[\r][\n]"
21:32:27.103 [main] DEBUG org.apache.http.wire -- http-outgoing-15 << "{"success":false,"statusCode":401,"message":"Th[0xc3][0xb4]ng tin [0xc4][0x91][0xc4][0x83]ng nh[0xe1][0xba][0xad]p kh[0xc3][0xb4]ng h[0xe1][0xbb][0xa3]p l[0xe1][0xbb][0x87]","path":"/auth/login","timestamp":"2025-06-17T14:32:27.102Z"}"
21:32:27.103 [main] DEBUG org.apache.http.headers -- http-outgoing-15 << HTTP/1.1 401 Unauthorized
21:32:27.103 [main] DEBUG org.apache.http.headers -- http-outgoing-15 << X-Powered-By: Express
21:32:27.103 [main] DEBUG org.apache.http.headers -- http-outgoing-15 << Access-Control-Allow-Origin: *
21:32:27.103 [main] DEBUG org.apache.http.headers -- http-outgoing-15 << Content-Type: application/json; charset=utf-8
21:32:27.103 [main] DEBUG org.apache.http.headers -- http-outgoing-15 << Content-Length: 149
21:32:27.103 [main] DEBUG org.apache.http.headers -- http-outgoing-15 << ETag: W/"95-s1eP2x3AXlWp4pJkwL72uEc9LMQ"
21:32:27.103 [main] DEBUG org.apache.http.headers -- http-outgoing-15 << Date: Tue, 17 Jun 2025 14:32:27 GMT
21:32:27.103 [main] DEBUG org.apache.http.headers -- http-outgoing-15 << Connection: keep-alive
21:32:27.103 [main] DEBUG org.apache.http.headers -- http-outgoing-15 << Keep-Alive: timeout=5
21:32:27.103 [main] DEBUG org.apache.http.impl.execchain.MainClientExec -- Connection can be kept alive for 5000 MILLISECONDS
21:32:27.105 [main] DEBUG org.apache.http.impl.auth.HttpAuthenticator -- Authentication required
21:32:27.105 [main] DEBUG org.apache.http.impl.auth.HttpAuthenticator -- localhost:3000 requested authentication
21:32:27.105 [main] DEBUG org.apache.http.impl.auth.HttpAuthenticator -- Response contains no authentication challenges
21:32:27.105 [main] DEBUG org.apache.http.impl.conn.PoolingHttpClientConnectionManager -- Connection [id: 15][route: {}->http://localhost:3000] can be kept alive for 5.0 seconds
21:32:27.105 [main] DEBUG org.apache.http.impl.conn.DefaultManagedHttpClientConnection -- http-outgoing-15: set socket timeout to 0
21:32:27.105 [main] DEBUG org.apache.http.impl.conn.PoolingHttpClientConnectionManager -- Connection released: [id: 15][route: {}->http://localhost:3000][total available: 1; route allocated: 1 of 5; total allocated: 1 of 10]
21:32:27.105 [main] DEBUG org.apache.http.impl.conn.PoolingHttpClientConnectionManager -- Connection manager is shutting down
21:32:27.105 [main] DEBUG org.apache.http.impl.conn.DefaultManagedHttpClientConnection -- http-outgoing-15: Close connection
21:32:27.105 [main] DEBUG org.apache.http.impl.conn.PoolingHttpClientConnectionManager -- Connection manager shut down
21:32:27.105 [main] DEBUG com.intuit.karate -- response time in milliseconds: 42
1 < 401
1 < X-Powered-By: Express
1 < Access-Control-Allow-Origin: *
1 < Content-Type: application/json; charset=utf-8
1 < Content-Length: 149
1 < ETag: W/"95-s1eP2x3AXlWp4pJkwL72uEc9LMQ"
1 < Date: Tue, 17 Jun 2025 14:32:27 GMT
1 < Connection: keep-alive
1 < Keep-Alive: timeout=5
{
  "success": false,
  "statusCode": 401,
  "message": "Thông tin ??ng nh?p không h?p l?",
  "path": "/auth/login",
  "timestamp": "2025-06-17T14:32:27.102Z"
}


21:32:27.108 [main] INFO com.intuit.karate -- [print] Calling login API v?i email: brute.force@test.com password: wrongpass2 
21:32:27.108 [main] INFO com.intuit.karate -- [print] Response status: 401 body: {
  "success": false,
  "statusCode": 401,
  "message": "Thông tin ??ng nh?p không h?p l?",
  "path": "/auth/login",
  "timestamp": "2025-06-17T14:32:27.102Z"
}
 
21:32:27.110 [main] INFO com.intuit.karate -- STATUS MISMATCH - Expected: 429, Actual: 401 
21:32:27.110 [main] INFO com.intuit.karate -- Test Case Data: {
  "email": "brute.force@test.com",
  "password": "wrongpass2",
  "expectedStatus": 429.0,
  "expectedResult": "Too many login attempts",
  "testDescription": "TC: V??t quá s? l?n th? - l?n 2",
  "responseStatus": "",
  "result": ""
}
 
21:32:27.110 [main] INFO com.intuit.karate -- Expected Status: 429.0 
21:32:27.111 [main] INFO com.intuit.karate -- Expected Result: Too many login attempts 
21:32:27.111 [main] INFO com.intuit.karate -- Actual Status: 401 
21:32:27.111 [main] INFO com.intuit.karate -- Is Expected Status: false 
21:32:27.111 [main] INFO com.intuit.karate -- Test case #16 - Status: 401, Result: {"success":false,"statusCode":401,"message":"Thông tin ??ng nh?p không h?p l?","path":"/auth/login","timestamp":"2025-06-17T14:32:27.102Z"} 
21:32:27.112 [main] INFO com.intuit.karate -- ?ang ch?y test case #17: TC: V??t quá s? l?n th? - l?n 3 
21:32:27.125 [main] INFO com.intuit.karate -- karate.env system property was: null 
21:32:27.127 [main] DEBUG com.jayway.jsonpath.internal.path.CompiledPath -- Evaluating path: $
21:32:27.129 [main] DEBUG org.apache.http.client.protocol.RequestAddCookies -- CookieSpec selected: karate
21:32:27.129 [main] DEBUG org.apache.http.client.protocol.RequestAuthCache -- Auth cache not set in the context
21:32:27.129 [main] DEBUG com.intuit.karate -- request:
1 > POST http://localhost:3000/auth/login
1 > Content-Type: application/json; charset=UTF-8
1 > Content-Length: 56
1 > Host: localhost:3000
1 > Connection: Keep-Alive
1 > User-Agent: Apache-HttpClient/4.5.14 (Java/17.0.9)
1 > Accept-Encoding: gzip,deflate
{
  "email": "brute.force@test.com",
  "password": "wrongpass3"
}


21:32:27.129 [main] DEBUG org.apache.http.impl.conn.PoolingHttpClientConnectionManager -- Connection request: [route: {}->http://localhost:3000][total available: 0; route allocated: 0 of 5; total allocated: 0 of 10]
21:32:27.129 [main] DEBUG org.apache.http.impl.conn.PoolingHttpClientConnectionManager -- Connection leased: [id: 16][route: {}->http://localhost:3000][total available: 0; route allocated: 1 of 5; total allocated: 1 of 10]
21:32:27.129 [main] DEBUG org.apache.http.impl.execchain.MainClientExec -- Opening connection {}->http://localhost:3000
21:32:27.129 [main] DEBUG org.apache.http.impl.conn.DefaultHttpClientConnectionOperator -- Connecting to localhost/127.0.0.1:3000
21:32:27.130 [main] DEBUG org.apache.http.impl.conn.DefaultHttpClientConnectionOperator -- Connection established 127.0.0.1:62529<->127.0.0.1:3000
21:32:27.130 [main] DEBUG org.apache.http.impl.conn.DefaultManagedHttpClientConnection -- http-outgoing-16: set socket timeout to 5000
21:32:27.130 [main] DEBUG org.apache.http.impl.execchain.MainClientExec -- Executing request POST /auth/login HTTP/1.1
21:32:27.130 [main] DEBUG org.apache.http.impl.execchain.MainClientExec -- Target auth state: UNCHALLENGED
21:32:27.130 [main] DEBUG org.apache.http.impl.execchain.MainClientExec -- Proxy auth state: UNCHALLENGED
21:32:27.130 [main] DEBUG org.apache.http.headers -- http-outgoing-16 >> POST /auth/login HTTP/1.1
21:32:27.130 [main] DEBUG org.apache.http.headers -- http-outgoing-16 >> Content-Type: application/json; charset=UTF-8
21:32:27.130 [main] DEBUG org.apache.http.headers -- http-outgoing-16 >> Content-Length: 56
21:32:27.130 [main] DEBUG org.apache.http.headers -- http-outgoing-16 >> Host: localhost:3000
21:32:27.130 [main] DEBUG org.apache.http.headers -- http-outgoing-16 >> Connection: Keep-Alive
21:32:27.130 [main] DEBUG org.apache.http.headers -- http-outgoing-16 >> User-Agent: Apache-HttpClient/4.5.14 (Java/17.0.9)
21:32:27.130 [main] DEBUG org.apache.http.headers -- http-outgoing-16 >> Accept-Encoding: gzip,deflate
21:32:27.130 [main] DEBUG org.apache.http.wire -- http-outgoing-16 >> "POST /auth/login HTTP/1.1[\r][\n]"
21:32:27.130 [main] DEBUG org.apache.http.wire -- http-outgoing-16 >> "Content-Type: application/json; charset=UTF-8[\r][\n]"
21:32:27.130 [main] DEBUG org.apache.http.wire -- http-outgoing-16 >> "Content-Length: 56[\r][\n]"
21:32:27.130 [main] DEBUG org.apache.http.wire -- http-outgoing-16 >> "Host: localhost:3000[\r][\n]"
21:32:27.130 [main] DEBUG org.apache.http.wire -- http-outgoing-16 >> "Connection: Keep-Alive[\r][\n]"
21:32:27.130 [main] DEBUG org.apache.http.wire -- http-outgoing-16 >> "User-Agent: Apache-HttpClient/4.5.14 (Java/17.0.9)[\r][\n]"
21:32:27.130 [main] DEBUG org.apache.http.wire -- http-outgoing-16 >> "Accept-Encoding: gzip,deflate[\r][\n]"
21:32:27.130 [main] DEBUG org.apache.http.wire -- http-outgoing-16 >> "[\r][\n]"
21:32:27.130 [main] DEBUG org.apache.http.wire -- http-outgoing-16 >> "{"email":"brute.force@test.com","password":"wrongpass3"}"
21:32:27.161 [main] DEBUG org.apache.http.wire -- http-outgoing-16 << "HTTP/1.1 401 Unauthorized[\r][\n]"
21:32:27.161 [main] DEBUG org.apache.http.wire -- http-outgoing-16 << "X-Powered-By: Express[\r][\n]"
21:32:27.161 [main] DEBUG org.apache.http.wire -- http-outgoing-16 << "Access-Control-Allow-Origin: *[\r][\n]"
21:32:27.161 [main] DEBUG org.apache.http.wire -- http-outgoing-16 << "Content-Type: application/json; charset=utf-8[\r][\n]"
21:32:27.161 [main] DEBUG org.apache.http.wire -- http-outgoing-16 << "Content-Length: 149[\r][\n]"
21:32:27.161 [main] DEBUG org.apache.http.wire -- http-outgoing-16 << "ETag: W/"95-R5umwVJu6xkBe+++jsA+u1nvGBI"[\r][\n]"
21:32:27.161 [main] DEBUG org.apache.http.wire -- http-outgoing-16 << "Date: Tue, 17 Jun 2025 14:32:27 GMT[\r][\n]"
21:32:27.161 [main] DEBUG org.apache.http.wire -- http-outgoing-16 << "Connection: keep-alive[\r][\n]"
21:32:27.161 [main] DEBUG org.apache.http.wire -- http-outgoing-16 << "Keep-Alive: timeout=5[\r][\n]"
21:32:27.161 [main] DEBUG org.apache.http.wire -- http-outgoing-16 << "[\r][\n]"
21:32:27.161 [main] DEBUG org.apache.http.wire -- http-outgoing-16 << "{"success":false,"statusCode":401,"message":"Th[0xc3][0xb4]ng tin [0xc4][0x91][0xc4][0x83]ng nh[0xe1][0xba][0xad]p kh[0xc3][0xb4]ng h[0xe1][0xbb][0xa3]p l[0xe1][0xbb][0x87]","path":"/auth/login","timestamp":"2025-06-17T14:32:27.160Z"}"
21:32:27.163 [main] DEBUG org.apache.http.headers -- http-outgoing-16 << HTTP/1.1 401 Unauthorized
21:32:27.163 [main] DEBUG org.apache.http.headers -- http-outgoing-16 << X-Powered-By: Express
21:32:27.163 [main] DEBUG org.apache.http.headers -- http-outgoing-16 << Access-Control-Allow-Origin: *
21:32:27.163 [main] DEBUG org.apache.http.headers -- http-outgoing-16 << Content-Type: application/json; charset=utf-8
21:32:27.163 [main] DEBUG org.apache.http.headers -- http-outgoing-16 << Content-Length: 149
21:32:27.163 [main] DEBUG org.apache.http.headers -- http-outgoing-16 << ETag: W/"95-R5umwVJu6xkBe+++jsA+u1nvGBI"
21:32:27.163 [main] DEBUG org.apache.http.headers -- http-outgoing-16 << Date: Tue, 17 Jun 2025 14:32:27 GMT
21:32:27.163 [main] DEBUG org.apache.http.headers -- http-outgoing-16 << Connection: keep-alive
21:32:27.163 [main] DEBUG org.apache.http.headers -- http-outgoing-16 << Keep-Alive: timeout=5
21:32:27.163 [main] DEBUG org.apache.http.impl.execchain.MainClientExec -- Connection can be kept alive for 5000 MILLISECONDS
21:32:27.163 [main] DEBUG org.apache.http.impl.auth.HttpAuthenticator -- Authentication required
21:32:27.163 [main] DEBUG org.apache.http.impl.auth.HttpAuthenticator -- localhost:3000 requested authentication
21:32:27.163 [main] DEBUG org.apache.http.impl.auth.HttpAuthenticator -- Response contains no authentication challenges
21:32:27.163 [main] DEBUG org.apache.http.impl.conn.PoolingHttpClientConnectionManager -- Connection [id: 16][route: {}->http://localhost:3000] can be kept alive for 5.0 seconds
21:32:27.163 [main] DEBUG org.apache.http.impl.conn.DefaultManagedHttpClientConnection -- http-outgoing-16: set socket timeout to 0
21:32:27.163 [main] DEBUG org.apache.http.impl.conn.PoolingHttpClientConnectionManager -- Connection released: [id: 16][route: {}->http://localhost:3000][total available: 1; route allocated: 1 of 5; total allocated: 1 of 10]
21:32:27.164 [main] DEBUG org.apache.http.impl.conn.PoolingHttpClientConnectionManager -- Connection manager is shutting down
21:32:27.164 [main] DEBUG org.apache.http.impl.conn.DefaultManagedHttpClientConnection -- http-outgoing-16: Close connection
21:32:27.164 [main] DEBUG org.apache.http.impl.conn.PoolingHttpClientConnectionManager -- Connection manager shut down
21:32:27.164 [main] DEBUG com.intuit.karate -- response time in milliseconds: 35
1 < 401
1 < X-Powered-By: Express
1 < Access-Control-Allow-Origin: *
1 < Content-Type: application/json; charset=utf-8
1 < Content-Length: 149
1 < ETag: W/"95-R5umwVJu6xkBe+++jsA+u1nvGBI"
1 < Date: Tue, 17 Jun 2025 14:32:27 GMT
1 < Connection: keep-alive
1 < Keep-Alive: timeout=5
{
  "success": false,
  "statusCode": 401,
  "message": "Thông tin ??ng nh?p không h?p l?",
  "path": "/auth/login",
  "timestamp": "2025-06-17T14:32:27.160Z"
}


21:32:27.165 [main] INFO com.intuit.karate -- [print] Calling login API v?i email: brute.force@test.com password: wrongpass3 
21:32:27.167 [main] INFO com.intuit.karate -- [print] Response status: 401 body: {
  "success": false,
  "statusCode": 401,
  "message": "Thông tin ??ng nh?p không h?p l?",
  "path": "/auth/login",
  "timestamp": "2025-06-17T14:32:27.160Z"
}
 
21:32:27.168 [main] INFO com.intuit.karate -- STATUS MISMATCH - Expected: 429, Actual: 401 
21:32:27.168 [main] INFO com.intuit.karate -- Test Case Data: {
  "email": "brute.force@test.com",
  "password": "wrongpass3",
  "expectedStatus": 429.0,
  "expectedResult": "Too many login attempts",
  "testDescription": "TC: V??t quá s? l?n th? - l?n 3",
  "responseStatus": "",
  "result": ""
}
 
21:32:27.168 [main] INFO com.intuit.karate -- Expected Status: 429.0 
21:32:27.168 [main] INFO com.intuit.karate -- Expected Result: Too many login attempts 
21:32:27.169 [main] INFO com.intuit.karate -- Actual Status: 401 
21:32:27.169 [main] INFO com.intuit.karate -- Is Expected Status: false 
21:32:27.169 [main] INFO com.intuit.karate -- Test case #17 - Status: 401, Result: {"success":false,"statusCode":401,"message":"Thông tin ??ng nh?p không h?p l?","path":"/auth/login","timestamp":"2025-06-17T14:32:27.160Z"} 
21:32:27.169 [main] INFO com.intuit.karate -- ?ang ch?y test case #18: TC: V??t quá s? l?n th? - l?n 4 
21:32:27.177 [main] INFO com.intuit.karate -- karate.env system property was: null 
21:32:27.179 [main] DEBUG com.jayway.jsonpath.internal.path.CompiledPath -- Evaluating path: $
21:32:27.180 [main] DEBUG org.apache.http.client.protocol.RequestAddCookies -- CookieSpec selected: karate
21:32:27.181 [main] DEBUG org.apache.http.client.protocol.RequestAuthCache -- Auth cache not set in the context
21:32:27.181 [main] DEBUG com.intuit.karate -- request:
1 > POST http://localhost:3000/auth/login
1 > Content-Type: application/json; charset=UTF-8
1 > Content-Length: 56
1 > Host: localhost:3000
1 > Connection: Keep-Alive
1 > User-Agent: Apache-HttpClient/4.5.14 (Java/17.0.9)
1 > Accept-Encoding: gzip,deflate
{
  "email": "brute.force@test.com",
  "password": "wrongpass4"
}


21:32:27.181 [main] DEBUG org.apache.http.impl.conn.PoolingHttpClientConnectionManager -- Connection request: [route: {}->http://localhost:3000][total available: 0; route allocated: 0 of 5; total allocated: 0 of 10]
21:32:27.181 [main] DEBUG org.apache.http.impl.conn.PoolingHttpClientConnectionManager -- Connection leased: [id: 17][route: {}->http://localhost:3000][total available: 0; route allocated: 1 of 5; total allocated: 1 of 10]
21:32:27.181 [main] DEBUG org.apache.http.impl.execchain.MainClientExec -- Opening connection {}->http://localhost:3000
21:32:27.181 [main] DEBUG org.apache.http.impl.conn.DefaultHttpClientConnectionOperator -- Connecting to localhost/127.0.0.1:3000
21:32:27.182 [main] DEBUG org.apache.http.impl.conn.DefaultHttpClientConnectionOperator -- Connection established 127.0.0.1:62530<->127.0.0.1:3000
21:32:27.182 [main] DEBUG org.apache.http.impl.conn.DefaultManagedHttpClientConnection -- http-outgoing-17: set socket timeout to 5000
21:32:27.182 [main] DEBUG org.apache.http.impl.execchain.MainClientExec -- Executing request POST /auth/login HTTP/1.1
21:32:27.182 [main] DEBUG org.apache.http.impl.execchain.MainClientExec -- Target auth state: UNCHALLENGED
21:32:27.182 [main] DEBUG org.apache.http.impl.execchain.MainClientExec -- Proxy auth state: UNCHALLENGED
21:32:27.182 [main] DEBUG org.apache.http.headers -- http-outgoing-17 >> POST /auth/login HTTP/1.1
21:32:27.182 [main] DEBUG org.apache.http.headers -- http-outgoing-17 >> Content-Type: application/json; charset=UTF-8
21:32:27.182 [main] DEBUG org.apache.http.headers -- http-outgoing-17 >> Content-Length: 56
21:32:27.182 [main] DEBUG org.apache.http.headers -- http-outgoing-17 >> Host: localhost:3000
21:32:27.182 [main] DEBUG org.apache.http.headers -- http-outgoing-17 >> Connection: Keep-Alive
21:32:27.182 [main] DEBUG org.apache.http.headers -- http-outgoing-17 >> User-Agent: Apache-HttpClient/4.5.14 (Java/17.0.9)
21:32:27.183 [main] DEBUG org.apache.http.headers -- http-outgoing-17 >> Accept-Encoding: gzip,deflate
21:32:27.183 [main] DEBUG org.apache.http.wire -- http-outgoing-17 >> "POST /auth/login HTTP/1.1[\r][\n]"
21:32:27.183 [main] DEBUG org.apache.http.wire -- http-outgoing-17 >> "Content-Type: application/json; charset=UTF-8[\r][\n]"
21:32:27.183 [main] DEBUG org.apache.http.wire -- http-outgoing-17 >> "Content-Length: 56[\r][\n]"
21:32:27.183 [main] DEBUG org.apache.http.wire -- http-outgoing-17 >> "Host: localhost:3000[\r][\n]"
21:32:27.183 [main] DEBUG org.apache.http.wire -- http-outgoing-17 >> "Connection: Keep-Alive[\r][\n]"
21:32:27.183 [main] DEBUG org.apache.http.wire -- http-outgoing-17 >> "User-Agent: Apache-HttpClient/4.5.14 (Java/17.0.9)[\r][\n]"
21:32:27.183 [main] DEBUG org.apache.http.wire -- http-outgoing-17 >> "Accept-Encoding: gzip,deflate[\r][\n]"
21:32:27.183 [main] DEBUG org.apache.http.wire -- http-outgoing-17 >> "[\r][\n]"
21:32:27.183 [main] DEBUG org.apache.http.wire -- http-outgoing-17 >> "{"email":"brute.force@test.com","password":"wrongpass4"}"
21:32:27.214 [main] DEBUG org.apache.http.wire -- http-outgoing-17 << "HTTP/1.1 401 Unauthorized[\r][\n]"
21:32:27.215 [main] DEBUG org.apache.http.wire -- http-outgoing-17 << "X-Powered-By: Express[\r][\n]"
21:32:27.215 [main] DEBUG org.apache.http.wire -- http-outgoing-17 << "Access-Control-Allow-Origin: *[\r][\n]"
21:32:27.215 [main] DEBUG org.apache.http.wire -- http-outgoing-17 << "Content-Type: application/json; charset=utf-8[\r][\n]"
21:32:27.215 [main] DEBUG org.apache.http.wire -- http-outgoing-17 << "Content-Length: 149[\r][\n]"
21:32:27.215 [main] DEBUG org.apache.http.wire -- http-outgoing-17 << "ETag: W/"95-D1u3nQbenKf3c7EtK+XsqFJ0Y4U"[\r][\n]"
21:32:27.215 [main] DEBUG org.apache.http.wire -- http-outgoing-17 << "Date: Tue, 17 Jun 2025 14:32:27 GMT[\r][\n]"
21:32:27.215 [main] DEBUG org.apache.http.wire -- http-outgoing-17 << "Connection: keep-alive[\r][\n]"
21:32:27.215 [main] DEBUG org.apache.http.wire -- http-outgoing-17 << "Keep-Alive: timeout=5[\r][\n]"
21:32:27.215 [main] DEBUG org.apache.http.wire -- http-outgoing-17 << "[\r][\n]"
21:32:27.215 [main] DEBUG org.apache.http.wire -- http-outgoing-17 << "{"success":false,"statusCode":401,"message":"Th[0xc3][0xb4]ng tin [0xc4][0x91][0xc4][0x83]ng nh[0xe1][0xba][0xad]p kh[0xc3][0xb4]ng h[0xe1][0xbb][0xa3]p l[0xe1][0xbb][0x87]","path":"/auth/login","timestamp":"2025-06-17T14:32:27.214Z"}"
21:32:27.215 [main] DEBUG org.apache.http.headers -- http-outgoing-17 << HTTP/1.1 401 Unauthorized
21:32:27.215 [main] DEBUG org.apache.http.headers -- http-outgoing-17 << X-Powered-By: Express
21:32:27.215 [main] DEBUG org.apache.http.headers -- http-outgoing-17 << Access-Control-Allow-Origin: *
21:32:27.215 [main] DEBUG org.apache.http.headers -- http-outgoing-17 << Content-Type: application/json; charset=utf-8
21:32:27.215 [main] DEBUG org.apache.http.headers -- http-outgoing-17 << Content-Length: 149
21:32:27.215 [main] DEBUG org.apache.http.headers -- http-outgoing-17 << ETag: W/"95-D1u3nQbenKf3c7EtK+XsqFJ0Y4U"
21:32:27.216 [main] DEBUG org.apache.http.headers -- http-outgoing-17 << Date: Tue, 17 Jun 2025 14:32:27 GMT
21:32:27.216 [main] DEBUG org.apache.http.headers -- http-outgoing-17 << Connection: keep-alive
21:32:27.216 [main] DEBUG org.apache.http.headers -- http-outgoing-17 << Keep-Alive: timeout=5
21:32:27.216 [main] DEBUG org.apache.http.impl.execchain.MainClientExec -- Connection can be kept alive for 5000 MILLISECONDS
21:32:27.216 [main] DEBUG org.apache.http.impl.auth.HttpAuthenticator -- Authentication required
21:32:27.216 [main] DEBUG org.apache.http.impl.auth.HttpAuthenticator -- localhost:3000 requested authentication
21:32:27.216 [main] DEBUG org.apache.http.impl.auth.HttpAuthenticator -- Response contains no authentication challenges
21:32:27.216 [main] DEBUG org.apache.http.impl.conn.PoolingHttpClientConnectionManager -- Connection [id: 17][route: {}->http://localhost:3000] can be kept alive for 5.0 seconds
21:32:27.216 [main] DEBUG org.apache.http.impl.conn.DefaultManagedHttpClientConnection -- http-outgoing-17: set socket timeout to 0
21:32:27.217 [main] DEBUG org.apache.http.impl.conn.PoolingHttpClientConnectionManager -- Connection released: [id: 17][route: {}->http://localhost:3000][total available: 1; route allocated: 1 of 5; total allocated: 1 of 10]
21:32:27.217 [main] DEBUG org.apache.http.impl.conn.PoolingHttpClientConnectionManager -- Connection manager is shutting down
21:32:27.217 [main] DEBUG org.apache.http.impl.conn.DefaultManagedHttpClientConnection -- http-outgoing-17: Close connection
21:32:27.217 [main] DEBUG org.apache.http.impl.conn.PoolingHttpClientConnectionManager -- Connection manager shut down
21:32:27.217 [main] DEBUG com.intuit.karate -- response time in milliseconds: 36
1 < 401
1 < X-Powered-By: Express
1 < Access-Control-Allow-Origin: *
1 < Content-Type: application/json; charset=utf-8
1 < Content-Length: 149
1 < ETag: W/"95-D1u3nQbenKf3c7EtK+XsqFJ0Y4U"
1 < Date: Tue, 17 Jun 2025 14:32:27 GMT
1 < Connection: keep-alive
1 < Keep-Alive: timeout=5
{
  "success": false,
  "statusCode": 401,
  "message": "Thông tin ??ng nh?p không h?p l?",
  "path": "/auth/login",
  "timestamp": "2025-06-17T14:32:27.214Z"
}


21:32:27.219 [main] INFO com.intuit.karate -- [print] Calling login API v?i email: brute.force@test.com password: wrongpass4 
21:32:27.219 [main] INFO com.intuit.karate -- [print] Response status: 401 body: {
  "success": false,
  "statusCode": 401,
  "message": "Thông tin ??ng nh?p không h?p l?",
  "path": "/auth/login",
  "timestamp": "2025-06-17T14:32:27.214Z"
}
 
21:32:27.220 [main] INFO com.intuit.karate -- STATUS MISMATCH - Expected: 429, Actual: 401 
21:32:27.221 [main] INFO com.intuit.karate -- Test Case Data: {
  "email": "brute.force@test.com",
  "password": "wrongpass4",
  "expectedStatus": 429.0,
  "expectedResult": "Too many login attempts",
  "testDescription": "TC: V??t quá s? l?n th? - l?n 4",
  "responseStatus": "",
  "result": ""
}
 
21:32:27.221 [main] INFO com.intuit.karate -- Expected Status: 429.0 
21:32:27.221 [main] INFO com.intuit.karate -- Expected Result: Too many login attempts 
21:32:27.221 [main] INFO com.intuit.karate -- Actual Status: 401 
21:32:27.221 [main] INFO com.intuit.karate -- Is Expected Status: false 
21:32:27.222 [main] INFO com.intuit.karate -- Test case #18 - Status: 401, Result: {"success":false,"statusCode":401,"message":"Thông tin ??ng nh?p không h?p l?","path":"/auth/login","timestamp":"2025-06-17T14:32:27.214Z"} 
21:32:27.223 [main] INFO com.intuit.karate -- ?ang ch?y test case #19: TC: V??t quá s? l?n th? - l?n 5 
21:32:27.228 [main] INFO com.intuit.karate -- karate.env system property was: null 
21:32:27.229 [main] DEBUG com.jayway.jsonpath.internal.path.CompiledPath -- Evaluating path: $
21:32:27.230 [main] DEBUG org.apache.http.client.protocol.RequestAddCookies -- CookieSpec selected: karate
21:32:27.230 [main] DEBUG org.apache.http.client.protocol.RequestAuthCache -- Auth cache not set in the context
21:32:27.230 [main] DEBUG com.intuit.karate -- request:
1 > POST http://localhost:3000/auth/login
1 > Content-Type: application/json; charset=UTF-8
1 > Content-Length: 56
1 > Host: localhost:3000
1 > Connection: Keep-Alive
1 > User-Agent: Apache-HttpClient/4.5.14 (Java/17.0.9)
1 > Accept-Encoding: gzip,deflate
{
  "email": "brute.force@test.com",
  "password": "wrongpass5"
}


21:32:27.230 [main] DEBUG org.apache.http.impl.conn.PoolingHttpClientConnectionManager -- Connection request: [route: {}->http://localhost:3000][total available: 0; route allocated: 0 of 5; total allocated: 0 of 10]
21:32:27.230 [main] DEBUG org.apache.http.impl.conn.PoolingHttpClientConnectionManager -- Connection leased: [id: 18][route: {}->http://localhost:3000][total available: 0; route allocated: 1 of 5; total allocated: 1 of 10]
21:32:27.230 [main] DEBUG org.apache.http.impl.execchain.MainClientExec -- Opening connection {}->http://localhost:3000
21:32:27.230 [main] DEBUG org.apache.http.impl.conn.DefaultHttpClientConnectionOperator -- Connecting to localhost/127.0.0.1:3000
21:32:27.231 [main] DEBUG org.apache.http.impl.conn.DefaultHttpClientConnectionOperator -- Connection established 127.0.0.1:62531<->127.0.0.1:3000
21:32:27.231 [main] DEBUG org.apache.http.impl.conn.DefaultManagedHttpClientConnection -- http-outgoing-18: set socket timeout to 5000
21:32:27.231 [main] DEBUG org.apache.http.impl.execchain.MainClientExec -- Executing request POST /auth/login HTTP/1.1
21:32:27.231 [main] DEBUG org.apache.http.impl.execchain.MainClientExec -- Target auth state: UNCHALLENGED
21:32:27.231 [main] DEBUG org.apache.http.impl.execchain.MainClientExec -- Proxy auth state: UNCHALLENGED
21:32:27.231 [main] DEBUG org.apache.http.headers -- http-outgoing-18 >> POST /auth/login HTTP/1.1
21:32:27.231 [main] DEBUG org.apache.http.headers -- http-outgoing-18 >> Content-Type: application/json; charset=UTF-8
21:32:27.231 [main] DEBUG org.apache.http.headers -- http-outgoing-18 >> Content-Length: 56
21:32:27.231 [main] DEBUG org.apache.http.headers -- http-outgoing-18 >> Host: localhost:3000
21:32:27.231 [main] DEBUG org.apache.http.headers -- http-outgoing-18 >> Connection: Keep-Alive
21:32:27.231 [main] DEBUG org.apache.http.headers -- http-outgoing-18 >> User-Agent: Apache-HttpClient/4.5.14 (Java/17.0.9)
21:32:27.231 [main] DEBUG org.apache.http.headers -- http-outgoing-18 >> Accept-Encoding: gzip,deflate
21:32:27.231 [main] DEBUG org.apache.http.wire -- http-outgoing-18 >> "POST /auth/login HTTP/1.1[\r][\n]"
21:32:27.231 [main] DEBUG org.apache.http.wire -- http-outgoing-18 >> "Content-Type: application/json; charset=UTF-8[\r][\n]"
21:32:27.231 [main] DEBUG org.apache.http.wire -- http-outgoing-18 >> "Content-Length: 56[\r][\n]"
21:32:27.231 [main] DEBUG org.apache.http.wire -- http-outgoing-18 >> "Host: localhost:3000[\r][\n]"
21:32:27.231 [main] DEBUG org.apache.http.wire -- http-outgoing-18 >> "Connection: Keep-Alive[\r][\n]"
21:32:27.231 [main] DEBUG org.apache.http.wire -- http-outgoing-18 >> "User-Agent: Apache-HttpClient/4.5.14 (Java/17.0.9)[\r][\n]"
21:32:27.231 [main] DEBUG org.apache.http.wire -- http-outgoing-18 >> "Accept-Encoding: gzip,deflate[\r][\n]"
21:32:27.231 [main] DEBUG org.apache.http.wire -- http-outgoing-18 >> "[\r][\n]"
21:32:27.231 [main] DEBUG org.apache.http.wire -- http-outgoing-18 >> "{"email":"brute.force@test.com","password":"wrongpass5"}"
21:32:27.259 [main] DEBUG org.apache.http.wire -- http-outgoing-18 << "HTTP/1.1 401 Unauthorized[\r][\n]"
21:32:27.259 [main] DEBUG org.apache.http.wire -- http-outgoing-18 << "X-Powered-By: Express[\r][\n]"
21:32:27.259 [main] DEBUG org.apache.http.wire -- http-outgoing-18 << "Access-Control-Allow-Origin: *[\r][\n]"
21:32:27.259 [main] DEBUG org.apache.http.wire -- http-outgoing-18 << "Content-Type: application/json; charset=utf-8[\r][\n]"
21:32:27.259 [main] DEBUG org.apache.http.wire -- http-outgoing-18 << "Content-Length: 149[\r][\n]"
21:32:27.259 [main] DEBUG org.apache.http.wire -- http-outgoing-18 << "ETag: W/"95-x5njWgcZdyL56oVg/KBMACqZfPQ"[\r][\n]"
21:32:27.259 [main] DEBUG org.apache.http.wire -- http-outgoing-18 << "Date: Tue, 17 Jun 2025 14:32:27 GMT[\r][\n]"
21:32:27.259 [main] DEBUG org.apache.http.wire -- http-outgoing-18 << "Connection: keep-alive[\r][\n]"
21:32:27.259 [main] DEBUG org.apache.http.wire -- http-outgoing-18 << "Keep-Alive: timeout=5[\r][\n]"
21:32:27.259 [main] DEBUG org.apache.http.wire -- http-outgoing-18 << "[\r][\n]"
21:32:27.259 [main] DEBUG org.apache.http.wire -- http-outgoing-18 << "{"success":false,"statusCode":401,"message":"Th[0xc3][0xb4]ng tin [0xc4][0x91][0xc4][0x83]ng nh[0xe1][0xba][0xad]p kh[0xc3][0xb4]ng h[0xe1][0xbb][0xa3]p l[0xe1][0xbb][0x87]","path":"/auth/login","timestamp":"2025-06-17T14:32:27.258Z"}"
21:32:27.259 [main] DEBUG org.apache.http.headers -- http-outgoing-18 << HTTP/1.1 401 Unauthorized
21:32:27.259 [main] DEBUG org.apache.http.headers -- http-outgoing-18 << X-Powered-By: Express
21:32:27.259 [main] DEBUG org.apache.http.headers -- http-outgoing-18 << Access-Control-Allow-Origin: *
21:32:27.259 [main] DEBUG org.apache.http.headers -- http-outgoing-18 << Content-Type: application/json; charset=utf-8
21:32:27.259 [main] DEBUG org.apache.http.headers -- http-outgoing-18 << Content-Length: 149
21:32:27.259 [main] DEBUG org.apache.http.headers -- http-outgoing-18 << ETag: W/"95-x5njWgcZdyL56oVg/KBMACqZfPQ"
21:32:27.259 [main] DEBUG org.apache.http.headers -- http-outgoing-18 << Date: Tue, 17 Jun 2025 14:32:27 GMT
21:32:27.259 [main] DEBUG org.apache.http.headers -- http-outgoing-18 << Connection: keep-alive
21:32:27.259 [main] DEBUG org.apache.http.headers -- http-outgoing-18 << Keep-Alive: timeout=5
21:32:27.260 [main] DEBUG org.apache.http.impl.execchain.MainClientExec -- Connection can be kept alive for 5000 MILLISECONDS
21:32:27.260 [main] DEBUG org.apache.http.impl.auth.HttpAuthenticator -- Authentication required
21:32:27.260 [main] DEBUG org.apache.http.impl.auth.HttpAuthenticator -- localhost:3000 requested authentication
21:32:27.260 [main] DEBUG org.apache.http.impl.auth.HttpAuthenticator -- Response contains no authentication challenges
21:32:27.260 [main] DEBUG org.apache.http.impl.conn.PoolingHttpClientConnectionManager -- Connection [id: 18][route: {}->http://localhost:3000] can be kept alive for 5.0 seconds
21:32:27.260 [main] DEBUG org.apache.http.impl.conn.DefaultManagedHttpClientConnection -- http-outgoing-18: set socket timeout to 0
21:32:27.260 [main] DEBUG org.apache.http.impl.conn.PoolingHttpClientConnectionManager -- Connection released: [id: 18][route: {}->http://localhost:3000][total available: 1; route allocated: 1 of 5; total allocated: 1 of 10]
21:32:27.260 [main] DEBUG org.apache.http.impl.conn.PoolingHttpClientConnectionManager -- Connection manager is shutting down
21:32:27.260 [main] DEBUG org.apache.http.impl.conn.DefaultManagedHttpClientConnection -- http-outgoing-18: Close connection
21:32:27.260 [main] DEBUG org.apache.http.impl.conn.PoolingHttpClientConnectionManager -- Connection manager shut down
21:32:27.260 [main] DEBUG com.intuit.karate -- response time in milliseconds: 30
1 < 401
1 < X-Powered-By: Express
1 < Access-Control-Allow-Origin: *
1 < Content-Type: application/json; charset=utf-8
1 < Content-Length: 149
1 < ETag: W/"95-x5njWgcZdyL56oVg/KBMACqZfPQ"
1 < Date: Tue, 17 Jun 2025 14:32:27 GMT
1 < Connection: keep-alive
1 < Keep-Alive: timeout=5
{
  "success": false,
  "statusCode": 401,
  "message": "Thông tin ??ng nh?p không h?p l?",
  "path": "/auth/login",
  "timestamp": "2025-06-17T14:32:27.258Z"
}


21:32:27.261 [main] INFO com.intuit.karate -- [print] Calling login API v?i email: brute.force@test.com password: wrongpass5 
21:32:27.261 [main] INFO com.intuit.karate -- [print] Response status: 401 body: {
  "success": false,
  "statusCode": 401,
  "message": "Thông tin ??ng nh?p không h?p l?",
  "path": "/auth/login",
  "timestamp": "2025-06-17T14:32:27.258Z"
}
 
21:32:27.262 [main] INFO com.intuit.karate -- STATUS MISMATCH - Expected: 429, Actual: 401 
21:32:27.262 [main] INFO com.intuit.karate -- Test Case Data: {
  "email": "brute.force@test.com",
  "password": "wrongpass5",
  "expectedStatus": 429.0,
  "expectedResult": "Too many login attempts",
  "testDescription": "TC: V??t quá s? l?n th? - l?n 5",
  "responseStatus": "",
  "result": ""
}
 
21:32:27.263 [main] INFO com.intuit.karate -- Expected Status: 429.0 
21:32:27.263 [main] INFO com.intuit.karate -- Expected Result: Too many login attempts 
21:32:27.263 [main] INFO com.intuit.karate -- Actual Status: 401 
21:32:27.263 [main] INFO com.intuit.karate -- Is Expected Status: false 
21:32:27.263 [main] INFO com.intuit.karate -- Test case #19 - Status: 401, Result: {"success":false,"statusCode":401,"message":"Thông tin ??ng nh?p không h?p l?","path":"/auth/login","timestamp":"2025-06-17T14:32:27.258Z"} 
21:32:27.263 [main] DEBUG com.intuit.karate.core.ScenarioEngine -- over-writing existing variable 'testResults' with new value: results
21:32:27.265 [main] INFO com.intuit.karate -- [print] Hoàn thành t?t c? test cases. ?ang ghi k?t qu? vào Excel... 
21:32:27.524 [main] INFO com.intuit.karate -- ?ã ghi k?t qu? vào Excel thành công! 
21:32:27.529 [main] DEBUG com.jayway.jsonpath.internal.path.CompiledPath -- Evaluating path: $
21:32:27.529 [main] DEBUG com.jayway.jsonpath.internal.path.CompiledPath -- Evaluating path: $
21:32:27.529 [main] DEBUG com.jayway.jsonpath.internal.path.CompiledPath -- Evaluating path: $
21:32:27.529 [main] DEBUG com.jayway.jsonpath.internal.path.CompiledPath -- Evaluating path: $
21:32:27.530 [main] DEBUG com.jayway.jsonpath.internal.path.CompiledPath -- Evaluating path: $
21:32:27.530 [main] DEBUG com.jayway.jsonpath.internal.path.CompiledPath -- Evaluating path: $
21:32:27.530 [main] DEBUG com.jayway.jsonpath.internal.path.CompiledPath -- Evaluating path: $
21:32:27.530 [main] DEBUG com.jayway.jsonpath.internal.path.CompiledPath -- Evaluating path: $
21:32:27.530 [main] DEBUG com.jayway.jsonpath.internal.path.CompiledPath -- Evaluating path: $
21:32:27.530 [main] DEBUG com.jayway.jsonpath.internal.path.CompiledPath -- Evaluating path: $
21:32:27.530 [main] DEBUG com.jayway.jsonpath.internal.path.CompiledPath -- Evaluating path: $
21:32:27.530 [main] DEBUG com.jayway.jsonpath.internal.path.CompiledPath -- Evaluating path: $
21:32:27.531 [main] DEBUG com.jayway.jsonpath.internal.path.CompiledPath -- Evaluating path: $
21:32:27.531 [main] DEBUG com.jayway.jsonpath.internal.path.CompiledPath -- Evaluating path: $
21:32:27.531 [main] DEBUG com.jayway.jsonpath.internal.path.CompiledPath -- Evaluating path: $
21:32:27.531 [main] DEBUG com.jayway.jsonpath.internal.path.CompiledPath -- Evaluating path: $
21:32:27.531 [main] DEBUG com.jayway.jsonpath.internal.path.CompiledPath -- Evaluating path: $
21:32:27.531 [main] DEBUG com.jayway.jsonpath.internal.path.CompiledPath -- Evaluating path: $
21:32:27.531 [main] DEBUG com.jayway.jsonpath.internal.path.CompiledPath -- Evaluating path: $
21:32:27.545 [main] DEBUG com.jayway.jsonpath.internal.path.CompiledPath -- Evaluating path: $
21:32:27.545 [main] DEBUG com.jayway.jsonpath.internal.path.CompiledPath -- Evaluating path: $
21:32:27.547 [main] DEBUG com.jayway.jsonpath.internal.path.CompiledPath -- Evaluating path: $
21:32:27.547 [main] DEBUG com.jayway.jsonpath.internal.path.CompiledPath -- Evaluating path: $
21:32:27.547 [main] DEBUG com.jayway.jsonpath.internal.path.CompiledPath -- Evaluating path: $
21:32:27.547 [main] DEBUG com.jayway.jsonpath.internal.path.CompiledPath -- Evaluating path: $
21:32:27.547 [main] DEBUG com.jayway.jsonpath.internal.path.CompiledPath -- Evaluating path: $
21:32:27.547 [main] DEBUG com.jayway.jsonpath.internal.path.CompiledPath -- Evaluating path: $
21:32:27.547 [main] DEBUG com.jayway.jsonpath.internal.path.CompiledPath -- Evaluating path: $
21:32:27.547 [main] DEBUG com.jayway.jsonpath.internal.path.CompiledPath -- Evaluating path: $
21:32:27.547 [main] DEBUG com.jayway.jsonpath.internal.path.CompiledPath -- Evaluating path: $
21:32:27.547 [main] DEBUG com.jayway.jsonpath.internal.path.CompiledPath -- Evaluating path: $
21:32:27.547 [main] DEBUG com.jayway.jsonpath.internal.path.CompiledPath -- Evaluating path: $
21:32:27.547 [main] DEBUG com.jayway.jsonpath.internal.path.CompiledPath -- Evaluating path: $
21:32:27.548 [main] DEBUG com.jayway.jsonpath.internal.path.CompiledPath -- Evaluating path: $
21:32:27.548 [main] DEBUG com.jayway.jsonpath.internal.path.CompiledPath -- Evaluating path: $
21:32:27.548 [main] DEBUG com.jayway.jsonpath.internal.path.CompiledPath -- Evaluating path: $
21:32:27.548 [main] DEBUG com.jayway.jsonpath.internal.path.CompiledPath -- Evaluating path: $
21:32:27.548 [main] DEBUG com.jayway.jsonpath.internal.path.CompiledPath -- Evaluating path: $
21:32:27.581 [main] DEBUG org.thymeleaf.TemplateEngine -- [THYMELEAF] INITIALIZING TEMPLATE ENGINE
21:32:27.719 [main] DEBUG org.thymeleaf.TemplateEngine.CONFIG -- Initializing Thymeleaf Template engine configuration...
[THYMELEAF] TEMPLATE ENGINE CONFIGURATION:
[THYMELEAF] * Thymeleaf version: 3.1.2.RELEASE (built 2023-07-30T19:25:50+0000)
[THYMELEAF] * Cache Manager implementation: org.thymeleaf.cache.StandardCacheManager
[THYMELEAF] * Template resolvers:
[THYMELEAF]     * [1] com.intuit.karate.template.ResourceHtmlTemplateResolver
[THYMELEAF] * Message resolvers:
[THYMELEAF]     * org.thymeleaf.messageresolver.StandardMessageResolver
[THYMELEAF] * Link builders:
[THYMELEAF]     * org.thymeleaf.linkbuilder.StandardLinkBuilder
[THYMELEAF] * Dialect [1 of 2]: Standard (com.intuit.karate.template.KarateStandardDialect)
[THYMELEAF]     * Prefix: "th"
[THYMELEAF]     * Processors for Template Mode: HTML
[THYMELEAF]         * Element Tag Processors by [matching element and attribute name] [precedence]:
[THYMELEAF]             * [* {th:include,data-th-include}] [100]: org.thymeleaf.standard.processor.StandardIncludeTagProcessor
[THYMELEAF]             * [* {th:insert,data-th-insert}] [100]: org.thymeleaf.standard.processor.StandardInsertTagProcessor
[THYMELEAF]             * [* {th:replace,data-th-replace}] [100]: org.thymeleaf.standard.processor.StandardReplaceTagProcessor
[THYMELEAF]             * [* {th:each,data-th-each}] [200]: com.intuit.karate.template.KarateEachTagProcessor
[THYMELEAF]             * [* {th:switch,data-th-switch}] [250]: org.thymeleaf.standard.processor.StandardSwitchTagProcessor
[THYMELEAF]             * [* {th:case,data-th-case}] [275]: org.thymeleaf.standard.processor.StandardCaseTagProcessor
[THYMELEAF]             * [* {th:if,data-th-if}] [300]: org.thymeleaf.standard.processor.StandardIfTagProcessor
[THYMELEAF]             * [* {th:unless,data-th-unless}] [400]: org.thymeleaf.standard.processor.StandardUnlessTagProcessor
[THYMELEAF]             * [* {th:object,data-th-object}] [500]: org.thymeleaf.standard.processor.StandardObjectTagProcessor
[THYMELEAF]             * [* {th:with,data-th-with}] [600]: com.intuit.karate.template.KarateWithTagProcessor
[THYMELEAF]             * [* {th:attr,data-th-attr}] [700]: com.intuit.karate.template.KarateAttributeTagProcessor.KarateAttrTagProcessor
[THYMELEAF]             * [* {th:attrappend,data-th-attrappend}] [900]: com.intuit.karate.template.KarateAttributeTagProcessor.KarateAttrappendTagProcessor
[THYMELEAF]             * [* {th:attrprepend,data-th-attrprepend}] [900]: com.intuit.karate.template.KarateAttributeTagProcessor.KarateAttrprependTagProcessor
[THYMELEAF]             * [* {th:alt-title,data-th-alt-title}] [990]: org.thymeleaf.standard.processor.StandardAltTitleTagProcessor
[THYMELEAF]             * [* {th:lang-xmllang,data-th-lang-xmllang}] [990]: org.thymeleaf.standard.processor.StandardLangXmlLangTagProcessor
[THYMELEAF]             * [* {th:action,data-th-action}] [1000]: org.thymeleaf.standard.processor.StandardActionTagProcessor
[THYMELEAF]             * [* {th:async,data-th-async}] [1000]: org.thymeleaf.standard.processor.StandardConditionalFixedValueTagProcessor
[THYMELEAF]             * [* {th:pubdate,data-th-pubdate}] [1000]: org.thymeleaf.standard.processor.StandardConditionalFixedValueTagProcessor
[THYMELEAF]             * [* {th:novalidate,data-th-novalidate}] [1000]: org.thymeleaf.standard.processor.StandardConditionalFixedValueTagProcessor
[THYMELEAF]             * [* {th:default,data-th-default}] [1000]: org.thymeleaf.standard.processor.StandardConditionalFixedValueTagProcessor
[THYMELEAF]             * [* {th:readonly,data-th-readonly}] [1000]: org.thymeleaf.standard.processor.StandardConditionalFixedValueTagProcessor
[THYMELEAF]             * [* {th:hidden,data-th-hidden}] [1000]: org.thymeleaf.standard.processor.StandardConditionalFixedValueTagProcessor
[THYMELEAF]             * [* {th:controls,data-th-controls}] [1000]: org.thymeleaf.standard.processor.StandardConditionalFixedValueTagProcessor
[THYMELEAF]             * [* {th:nowrap,data-th-nowrap}] [1000]: org.thymeleaf.standard.processor.StandardConditionalFixedValueTagProcessor
[THYMELEAF]             * [* {th:disabled,data-th-disabled}] [1000]: org.thymeleaf.standard.processor.StandardConditionalFixedValueTagProcessor
[THYMELEAF]             * [* {th:open,data-th-open}] [1000]: org.thymeleaf.standard.processor.StandardConditionalFixedValueTagProcessor
[THYMELEAF]             * [* {th:seamless,data-th-seamless}] [1000]: org.thymeleaf.standard.processor.StandardConditionalFixedValueTagProcessor
[THYMELEAF]             * [* {th:loop,data-th-loop}] [1000]: org.thymeleaf.standard.processor.StandardConditionalFixedValueTagProcessor
[THYMELEAF]             * [* {th:selected,data-th-selected}] [1000]: org.thymeleaf.standard.processor.StandardConditionalFixedValueTagProcessor
[THYMELEAF]             * [* {th:checked,data-th-checked}] [1000]: org.thymeleaf.standard.processor.StandardConditionalFixedValueTagProcessor
[THYMELEAF]             * [* {th:declare,data-th-declare}] [1000]: org.thymeleaf.standard.processor.StandardConditionalFixedValueTagProcessor
[THYMELEAF]             * [* {th:reversed,data-th-reversed}] [1000]: org.thymeleaf.standard.processor.StandardConditionalFixedValueTagProcessor
[THYMELEAF]             * [* {th:formnovalidate,data-th-formnovalidate}] [1000]: org.thymeleaf.standard.processor.StandardConditionalFixedValueTagProcessor
[THYMELEAF]             * [* {th:ismap,data-th-ismap}] [1000]: org.thymeleaf.standard.processor.StandardConditionalFixedValueTagProcessor
[THYMELEAF]             * [* {th:required,data-th-required}] [1000]: org.thymeleaf.standard.processor.StandardConditionalFixedValueTagProcessor
[THYMELEAF]             * [* {th:multiple,data-th-multiple}] [1000]: org.thymeleaf.standard.processor.StandardConditionalFixedValueTagProcessor
[THYMELEAF]             * [* {th:scoped,data-th-scoped}] [1000]: org.thymeleaf.standard.processor.StandardConditionalFixedValueTagProcessor
[THYMELEAF]             * [* {th:autoplay,data-th-autoplay}] [1000]: org.thymeleaf.standard.processor.StandardConditionalFixedValueTagProcessor
[THYMELEAF]             * [* {th:autofocus,data-th-autofocus}] [1000]: org.thymeleaf.standard.processor.StandardConditionalFixedValueTagProcessor
[THYMELEAF]             * [* {th:defer,data-th-defer}] [1000]: org.thymeleaf.standard.processor.StandardConditionalFixedValueTagProcessor
[THYMELEAF]             * [* {th:oninput,data-th-oninput}] [1000]: org.thymeleaf.standard.processor.StandardDOMEventAttributeTagProcessor
[THYMELEAF]             * [* {th:onplay,data-th-onplay}] [1000]: org.thymeleaf.standard.processor.StandardDOMEventAttributeTagProcessor
[THYMELEAF]             * [* {th:onkeyup,data-th-onkeyup}] [1000]: org.thymeleaf.standard.processor.StandardDOMEventAttributeTagProcessor
[THYMELEAF]             * [* {th:onfocus,data-th-onfocus}] [1000]: org.thymeleaf.standard.processor.StandardDOMEventAttributeTagProcessor
[THYMELEAF]             * [* {th:ondragend,data-th-ondragend}] [1000]: org.thymeleaf.standard.processor.StandardDOMEventAttributeTagProcessor
[THYMELEAF]             * [* {th:onresize,data-th-onresize}] [1000]: org.thymeleaf.standard.processor.StandardDOMEventAttributeTagProcessor
[THYMELEAF]             * [* {th:ondrag,data-th-ondrag}] [1000]: org.thymeleaf.standard.processor.StandardDOMEventAttributeTagProcessor
[THYMELEAF]             * [* {th:onmouseout,data-th-onmouseout}] [1000]: org.thymeleaf.standard.processor.StandardDOMEventAttributeTagProcessor
[THYMELEAF]             * [* {th:ondragenter,data-th-ondragenter}] [1000]: org.thymeleaf.standard.processor.StandardDOMEventAttributeTagProcessor
[THYMELEAF]             * [* {th:onload,data-th-onload}] [1000]: org.thymeleaf.standard.processor.StandardDOMEventAttributeTagProcessor
[THYMELEAF]             * [* {th:onstorage,data-th-onstorage}] [1000]: org.thymeleaf.standard.processor.StandardDOMEventAttributeTagProcessor
[THYMELEAF]             * [* {th:onshow,data-th-onshow}] [1000]: org.thymeleaf.standard.processor.StandardDOMEventAttributeTagProcessor
[THYMELEAF]             * [* {th:onmousedown,data-th-onmousedown}] [1000]: org.thymeleaf.standard.processor.StandardDOMEventAttributeTagProcessor
[THYMELEAF]             * [* {th:ondragleave,data-th-ondragleave}] [1000]: org.thymeleaf.standard.processor.StandardDOMEventAttributeTagProcessor
[THYMELEAF]             * [* {th:onredo,data-th-onredo}] [1000]: org.thymeleaf.standard.processor.StandardDOMEventAttributeTagProcessor
[THYMELEAF]             * [* {th:onmousewheel,data-th-onmousewheel}] [1000]: org.thymeleaf.standard.processor.StandardDOMEventAttributeTagProcessor
[THYMELEAF]             * [* {th:onmouseover,data-th-onmouseover}] [1000]: org.thymeleaf.standard.processor.StandardDOMEventAttributeTagProcessor
[THYMELEAF]             * [* {th:onloadstart,data-th-onloadstart}] [1000]: org.thymeleaf.standard.processor.StandardDOMEventAttributeTagProcessor
[THYMELEAF]             * [* {th:onemptied,data-th-onemptied}] [1000]: org.thymeleaf.standard.processor.StandardDOMEventAttributeTagProcessor
[THYMELEAF]             * [* {th:onbeforeunload,data-th-onbeforeunload}] [1000]: org.thymeleaf.standard.processor.StandardDOMEventAttributeTagProcessor
[THYMELEAF]             * [* {th:onmousemove,data-th-onmousemove}] [1000]: org.thymeleaf.standard.processor.StandardDOMEventAttributeTagProcessor
[THYMELEAF]             * [* {th:onforminput,data-th-onforminput}] [1000]: org.thymeleaf.standard.processor.StandardDOMEventAttributeTagProcessor
[THYMELEAF]             * [* {th:onseeking,data-th-onseeking}] [1000]: org.thymeleaf.standard.processor.StandardDOMEventAttributeTagProcessor
[THYMELEAF]             * [* {th:ondblclick,data-th-ondblclick}] [1000]: org.thymeleaf.standard.processor.StandardDOMEventAttributeTagProcessor
[THYMELEAF]             * [* {th:onformchange,data-th-onformchange}] [1000]: org.thymeleaf.standard.processor.StandardDOMEventAttributeTagProcessor
[THYMELEAF]             * [* {th:onratechange,data-th-onratechange}] [1000]: org.thymeleaf.standard.processor.StandardDOMEventAttributeTagProcessor
[THYMELEAF]             * [* {th:onafterprint,data-th-onafterprint}] [1000]: org.thymeleaf.standard.processor.StandardDOMEventAttributeTagProcessor
[THYMELEAF]             * [* {th:onundo,data-th-onundo}] [1000]: org.thymeleaf.standard.processor.StandardDOMEventAttributeTagProcessor
[THYMELEAF]             * [* {th:onprogress,data-th-onprogress}] [1000]: org.thymeleaf.standard.processor.StandardDOMEventAttributeTagProcessor
[THYMELEAF]             * [* {th:ondurationchange,data-th-ondurationchange}] [1000]: org.thymeleaf.standard.processor.StandardDOMEventAttributeTagProcessor
[THYMELEAF]             * [* {th:onunload,data-th-onunload}] [1000]: org.thymeleaf.standard.processor.StandardDOMEventAttributeTagProcessor
[THYMELEAF]             * [* {th:oncontextmenu,data-th-oncontextmenu}] [1000]: org.thymeleaf.standard.processor.StandardDOMEventAttributeTagProcessor
[THYMELEAF]             * [* {th:onreadystatechange,data-th-onreadystatechange}] [1000]: org.thymeleaf.standard.processor.StandardDOMEventAttributeTagProcessor
[THYMELEAF]             * [* {th:onerror,data-th-onerror}] [1000]: org.thymeleaf.standard.processor.StandardDOMEventAttributeTagProcessor
[THYMELEAF]             * [* {th:oncanplay,data-th-oncanplay}] [1000]: org.thymeleaf.standard.processor.StandardDOMEventAttributeTagProcessor
[THYMELEAF]             * [* {th:onseeked,data-th-onseeked}] [1000]: org.thymeleaf.standard.processor.StandardDOMEventAttributeTagProcessor
[THYMELEAF]             * [* {th:onended,data-th-onended}] [1000]: org.thymeleaf.standard.processor.StandardDOMEventAttributeTagProcessor
[THYMELEAF]             * [* {th:onreset,data-th-onreset}] [1000]: org.thymeleaf.standard.processor.StandardDOMEventAttributeTagProcessor
[THYMELEAF]             * [* {th:onloadedmetadata,data-th-onloadedmetadata}] [1000]: org.thymeleaf.standard.processor.StandardDOMEventAttributeTagProcessor
[THYMELEAF]             * [* {th:onmessage,data-th-onmessage}] [1000]: org.thymeleaf.standard.processor.StandardDOMEventAttributeTagProcessor
[THYMELEAF]             * [* {th:onbeforeprint,data-th-onbeforeprint}] [1000]: org.thymeleaf.standard.processor.StandardDOMEventAttributeTagProcessor
[THYMELEAF]             * [* {th:onsuspend,data-th-onsuspend}] [1000]: org.thymeleaf.standard.processor.StandardDOMEventAttributeTagProcessor
[THYMELEAF]             * [* {th:onplaying,data-th-onplaying}] [1000]: org.thymeleaf.standard.processor.StandardDOMEventAttributeTagProcessor
[THYMELEAF]             * [* {th:onkeypress,data-th-onkeypress}] [1000]: org.thymeleaf.standard.processor.StandardDOMEventAttributeTagProcessor
[THYMELEAF]             * [* {th:onstalled,data-th-onstalled}] [1000]: org.thymeleaf.standard.processor.StandardDOMEventAttributeTagProcessor
[THYMELEAF]             * [* {th:ondragstart,data-th-ondragstart}] [1000]: org.thymeleaf.standard.processor.StandardDOMEventAttributeTagProcessor
[THYMELEAF]             * [* {th:onblur,data-th-onblur}] [1000]: org.thymeleaf.standard.processor.StandardDOMEventAttributeTagProcessor
[THYMELEAF]             * [* {th:ononline,data-th-ononline}] [1000]: org.thymeleaf.standard.processor.StandardDOMEventAttributeTagProcessor
[THYMELEAF]             * [* {th:onselect,data-th-onselect}] [1000]: org.thymeleaf.standard.processor.StandardDOMEventAttributeTagProcessor
[THYMELEAF]             * [* {th:onvolumechange,data-th-onvolumechange}] [1000]: org.thymeleaf.standard.processor.StandardDOMEventAttributeTagProcessor
[THYMELEAF]             * [* {th:onoffline,data-th-onoffline}] [1000]: org.thymeleaf.standard.processor.StandardDOMEventAttributeTagProcessor
[THYMELEAF]             * [* {th:oninvalid,data-th-oninvalid}] [1000]: org.thymeleaf.standard.processor.StandardDOMEventAttributeTagProcessor
[THYMELEAF]             * [* {th:onmouseup,data-th-onmouseup}] [1000]: org.thymeleaf.standard.processor.StandardDOMEventAttributeTagProcessor
[THYMELEAF]             * [* {th:ondragover,data-th-ondragover}] [1000]: org.thymeleaf.standard.processor.StandardDOMEventAttributeTagProcessor
[THYMELEAF]             * [* {th:oncanplaythrough,data-th-oncanplaythrough}] [1000]: org.thymeleaf.standard.processor.StandardDOMEventAttributeTagProcessor
[THYMELEAF]             * [* {th:onsubmit,data-th-onsubmit}] [1000]: org.thymeleaf.standard.processor.StandardDOMEventAttributeTagProcessor
[THYMELEAF]             * [* {th:onwaiting,data-th-onwaiting}] [1000]: org.thymeleaf.standard.processor.StandardDOMEventAttributeTagProcessor
[THYMELEAF]             * [* {th:ontimeupdate,data-th-ontimeupdate}] [1000]: org.thymeleaf.standard.processor.StandardDOMEventAttributeTagProcessor
[THYMELEAF]             * [* {th:ondrop,data-th-ondrop}] [1000]: org.thymeleaf.standard.processor.StandardDOMEventAttributeTagProcessor
[THYMELEAF]             * [* {th:onloadeddata,data-th-onloadeddata}] [1000]: org.thymeleaf.standard.processor.StandardDOMEventAttributeTagProcessor
[THYMELEAF]             * [* {th:onscroll,data-th-onscroll}] [1000]: org.thymeleaf.standard.processor.StandardDOMEventAttributeTagProcessor
[THYMELEAF]             * [* {th:onpause,data-th-onpause}] [1000]: org.thymeleaf.standard.processor.StandardDOMEventAttributeTagProcessor
[THYMELEAF]             * [* {th:onhashchange,data-th-onhashchange}] [1000]: org.thymeleaf.standard.processor.StandardDOMEventAttributeTagProcessor
[THYMELEAF]             * [* {th:onclick,data-th-onclick}] [1000]: org.thymeleaf.standard.processor.StandardDOMEventAttributeTagProcessor
[THYMELEAF]             * [* {th:onchange,data-th-onchange}] [1000]: org.thymeleaf.standard.processor.StandardDOMEventAttributeTagProcessor
[THYMELEAF]             * [* {th:onpopstate,data-th-onpopstate}] [1000]: org.thymeleaf.standard.processor.StandardDOMEventAttributeTagProcessor
[THYMELEAF]             * [* {th:onabort,data-th-onabort}] [1000]: org.thymeleaf.standard.processor.StandardDOMEventAttributeTagProcessor
[THYMELEAF]             * [* {th:onkeydown,data-th-onkeydown}] [1000]: org.thymeleaf.standard.processor.StandardDOMEventAttributeTagProcessor
[THYMELEAF]             * [* {th:href,data-th-href}] [1000]: org.thymeleaf.standard.processor.StandardHrefTagProcessor
[THYMELEAF]             * [* {th:inline,data-th-inline}] [1000]: org.thymeleaf.standard.processor.StandardInlineHTMLTagProcessor
[THYMELEAF]             * [* {th:method,data-th-method}] [1000]: org.thymeleaf.standard.processor.StandardMethodTagProcessor
[THYMELEAF]             * [* {th:type,data-th-type}] [1000]: org.thymeleaf.standard.processor.StandardNonRemovableAttributeTagProcessor
[THYMELEAF]             * [* {th:name,data-th-name}] [1000]: org.thymeleaf.standard.processor.StandardNonRemovableAttributeTagProcessor
[THYMELEAF]             * [* {th:span,data-th-span}] [1000]: org.thymeleaf.standard.processor.StandardRemovableAttributeTagProcessor
[THYMELEAF]             * [* {th:cite,data-th-cite}] [1000]: org.thymeleaf.standard.processor.StandardRemovableAttributeTagProcessor
[THYMELEAF]             * [* {th:for,data-th-for}] [1000]: org.thymeleaf.standard.processor.StandardRemovableAttributeTagProcessor
[THYMELEAF]             * [* {th:manifest,data-th-manifest}] [1000]: org.thymeleaf.standard.processor.StandardRemovableAttributeTagProcessor
[THYMELEAF]             * [* {th:dropzone,data-th-dropzone}] [1000]: org.thymeleaf.standard.processor.StandardRemovableAttributeTagProcessor
[THYMELEAF]             * [* {th:longdesc,data-th-longdesc}] [1000]: org.thymeleaf.standard.processor.StandardRemovableAttributeTagProcessor
[THYMELEAF]             * [* {th:axis,data-th-axis}] [1000]: org.thymeleaf.standard.processor.StandardRemovableAttributeTagProcessor
[THYMELEAF]             * [* {th:scheme,data-th-scheme}] [1000]: org.thymeleaf.standard.processor.StandardRemovableAttributeTagProcessor
[THYMELEAF]             * [* {th:tabindex,data-th-tabindex}] [1000]: org.thymeleaf.standard.processor.StandardRemovableAttributeTagProcessor
[THYMELEAF]             * [* {th:sandbox,data-th-sandbox}] [1000]: org.thymeleaf.standard.processor.StandardRemovableAttributeTagProcessor
[THYMELEAF]             * [* {th:vspace,data-th-vspace}] [1000]: org.thymeleaf.standard.processor.StandardRemovableAttributeTagProcessor
[THYMELEAF]             * [* {th:alt,data-th-alt}] [1000]: org.thymeleaf.standard.processor.StandardRemovableAttributeTagProcessor
[THYMELEAF]             * [* {th:step,data-th-step}] [1000]: org.thymeleaf.standard.processor.StandardRemovableAttributeTagProcessor
[THYMELEAF]             * [* {th:enctype,data-th-enctype}] [1000]: org.thymeleaf.standard.processor.StandardRemovableAttributeTagProcessor
[THYMELEAF]             * [* {th:scope,data-th-scope}] [1000]: org.thymeleaf.standard.processor.StandardRemovableAttributeTagProcessor
[THYMELEAF]             * [* {th:dir,data-th-dir}] [1000]: org.thymeleaf.standard.processor.StandardRemovableAttributeTagProcessor
[THYMELEAF]             * [* {th:align,data-th-align}] [1000]: org.thymeleaf.standard.processor.StandardRemovableAttributeTagProcessor
[THYMELEAF]             * [* {th:srclang,data-th-srclang}] [1000]: org.thymeleaf.standard.processor.StandardRemovableAttributeTagProcessor
[THYMELEAF]             * [* {th:radiogroup,data-th-radiogroup}] [1000]: org.thymeleaf.standard.processor.StandardRemovableAttributeTagProcessor
[THYMELEAF]             * [* {th:codebase,data-th-codebase}] [1000]: org.thymeleaf.standard.processor.StandardRemovableAttributeTagProcessor
[THYMELEAF]             * [* {th:autocomplete,data-th-autocomplete}] [1000]: org.thymeleaf.standard.processor.StandardRemovableAttributeTagProcessor
[THYMELEAF]             * [* {th:compact,data-th-compact}] [1000]: org.thymeleaf.standard.processor.StandardRemovableAttributeTagProcessor
[THYMELEAF]             * [* {th:background,data-th-background}] [1000]: org.thymeleaf.standard.processor.StandardRemovableAttributeTagProcessor
[THYMELEAF]             * [* {th:placeholder,data-th-placeholder}] [1000]: org.thymeleaf.standard.processor.StandardRemovableAttributeTagProcessor
[THYMELEAF]             * [* {th:archive,data-th-archive}] [1000]: org.thymeleaf.standard.processor.StandardRemovableAttributeTagProcessor
[THYMELEAF]             * [* {th:rowspan,data-th-rowspan}] [1000]: org.thymeleaf.standard.processor.StandardRemovableAttributeTagProcessor
[THYMELEAF]             * [* {th:width,data-th-width}] [1000]: org.thymeleaf.standard.processor.StandardRemovableAttributeTagProcessor
[THYMELEAF]             * [* {th:cols,data-th-cols}] [1000]: org.thymeleaf.standard.processor.StandardRemovableAttributeTagProcessor
[THYMELEAF]             * [* {th:maxlength,data-th-maxlength}] [1000]: org.thymeleaf.standard.processor.StandardRemovableAttributeTagProcessor
[THYMELEAF]             * [* {th:label,data-th-label}] [1000]: org.thymeleaf.standard.processor.StandardRemovableAttributeTagProcessor
[THYMELEAF]             * [* {th:start,data-th-start}] [1000]: org.thymeleaf.standard.processor.StandardRemovableAttributeTagProcessor
[THYMELEAF]             * [* {th:optimum,data-th-optimum}] [1000]: org.thymeleaf.standard.processor.StandardRemovableAttributeTagProcessor
[THYMELEAF]             * [* {th:cellspacing,data-th-cellspacing}] [1000]: org.thymeleaf.standard.processor.StandardRemovableAttributeTagProcessor
[THYMELEAF]             * [* {th:contenteditable,data-th-contenteditable}] [1000]: org.thymeleaf.standard.processor.StandardRemovableAttributeTagProcessor
[THYMELEAF]             * [* {th:lang,data-th-lang}] [1000]: org.thymeleaf.standard.processor.StandardRemovableAttributeTagProcessor
[THYMELEAF]             * [* {th:usemap,data-th-usemap}] [1000]: org.thymeleaf.standard.processor.StandardRemovableAttributeTagProcessor
[THYMELEAF]             * [* {th:form,data-th-form}] [1000]: org.thymeleaf.standard.processor.StandardRemovableAttributeTagProcessor
[THYMELEAF]             * [* {th:spellcheck,data-th-spellcheck}] [1000]: org.thymeleaf.standard.processor.StandardRemovableAttributeTagProcessor
[THYMELEAF]             * [* {th:keytype,data-th-keytype}] [1000]: org.thymeleaf.standard.processor.StandardRemovableAttributeTagProcessor
[THYMELEAF]             * [* {th:rel,data-th-rel}] [1000]: org.thymeleaf.standard.processor.StandardRemovableAttributeTagProcessor
[THYMELEAF]             * [* {th:data,data-th-data}] [1000]: org.thymeleaf.standard.processor.StandardRemovableAttributeTagProcessor
[THYMELEAF]             * [* {th:style,data-th-style}] [1000]: org.thymeleaf.standard.processor.StandardRemovableAttributeTagProcessor
[THYMELEAF]             * [* {th:title,data-th-title}] [1000]: org.thymeleaf.standard.processor.StandardRemovableAttributeTagProcessor
[THYMELEAF]             * [* {th:sizes,data-th-sizes}] [1000]: org.thymeleaf.standard.processor.StandardRemovableAttributeTagProcessor
[THYMELEAF]             * [* {th:formenctype,data-th-formenctype}] [1000]: org.thymeleaf.standard.processor.StandardRemovableAttributeTagProcessor
[THYMELEAF]             * [* {th:classid,data-th-classid}] [1000]: org.thymeleaf.standard.processor.StandardRemovableAttributeTagProcessor
[THYMELEAF]             * [* {th:formmethod,data-th-formmethod}] [1000]: org.thymeleaf.standard.processor.StandardRemovableAttributeTagProcessor
[THYMELEAF]             * [* {th:frameborder,data-th-frameborder}] [1000]: org.thymeleaf.standard.processor.StandardRemovableAttributeTagProcessor
[THYMELEAF]             * [* {th:accesskey,data-th-accesskey}] [1000]: org.thymeleaf.standard.processor.StandardRemovableAttributeTagProcessor
[THYMELEAF]             * [* {th:wrap,data-th-wrap}] [1000]: org.thymeleaf.standard.processor.StandardRemovableAttributeTagProcessor
[THYMELEAF]             * [* {th:size,data-th-size}] [1000]: org.thymeleaf.standard.processor.StandardRemovableAttributeTagProcessor
[THYMELEAF]             * [* {th:id,data-th-id}] [1000]: org.thymeleaf.standard.processor.StandardRemovableAttributeTagProcessor
[THYMELEAF]             * [* {th:min,data-th-min}] [1000]: org.thymeleaf.standard.processor.StandardRemovableAttributeTagProcessor
[THYMELEAF]             * [* {th:kind,data-th-kind}] [1000]: org.thymeleaf.standard.processor.StandardRemovableAttributeTagProcessor
[THYMELEAF]             * [* {th:accept,data-th-accept}] [1000]: org.thymeleaf.standard.processor.StandardRemovableAttributeTagProcessor
[THYMELEAF]             * [* {th:icon,data-th-icon}] [1000]: org.thymeleaf.standard.processor.StandardRemovableAttributeTagProcessor
[THYMELEAF]             * [* {th:poster,data-th-poster}] [1000]: org.thymeleaf.standard.processor.StandardRemovableAttributeTagProcessor
[THYMELEAF]             * [* {th:marginwidth,data-th-marginwidth}] [1000]: org.thymeleaf.standard.processor.StandardRemovableAttributeTagProcessor
[THYMELEAF]             * [* {th:audio,data-th-audio}] [1000]: org.thymeleaf.standard.processor.StandardRemovableAttributeTagProcessor
[THYMELEAF]             * [* {th:http-equiv,data-th-http-equiv}] [1000]: org.thymeleaf.standard.processor.StandardRemovableAttributeTagProcessor
[THYMELEAF]             * [* {th:cellpadding,data-th-cellpadding}] [1000]: org.thymeleaf.standard.processor.StandardRemovableAttributeTagProcessor
[THYMELEAF]             * [* {th:class,data-th-class}] [1000]: org.thymeleaf.standard.processor.StandardRemovableAttributeTagProcessor
[THYMELEAF]             * [* {th:border,data-th-border}] [1000]: org.thymeleaf.standard.processor.StandardRemovableAttributeTagProcessor
[THYMELEAF]             * [* {th:media,data-th-media}] [1000]: org.thymeleaf.standard.processor.StandardRemovableAttributeTagProcessor
[THYMELEAF]             * [* {th:height,data-th-height}] [1000]: org.thymeleaf.standard.processor.StandardRemovableAttributeTagProcessor
[THYMELEAF]             * [* {th:draggable,data-th-draggable}] [1000]: org.thymeleaf.standard.processor.StandardRemovableAttributeTagProcessor
[THYMELEAF]             * [* {th:list,data-th-list}] [1000]: org.thymeleaf.standard.processor.StandardRemovableAttributeTagProcessor
[THYMELEAF]             * [* {th:colspan,data-th-colspan}] [1000]: org.thymeleaf.standard.processor.StandardRemovableAttributeTagProcessor
[THYMELEAF]             * [* {th:high,data-th-high}] [1000]: org.thymeleaf.standard.processor.StandardRemovableAttributeTagProcessor
[THYMELEAF]             * [* {th:content,data-th-content}] [1000]: org.thymeleaf.standard.processor.StandardRemovableAttributeTagProcessor
[THYMELEAF]             * [* {th:marginheight,data-th-marginheight}] [1000]: org.thymeleaf.standard.processor.StandardRemovableAttributeTagProcessor
[THYMELEAF]             * [* {th:low,data-th-low}] [1000]: org.thymeleaf.standard.processor.StandardRemovableAttributeTagProcessor
[THYMELEAF]             * [* {th:target,data-th-target}] [1000]: org.thymeleaf.standard.processor.StandardRemovableAttributeTagProcessor
[THYMELEAF]             * [* {th:frame,data-th-frame}] [1000]: org.thymeleaf.standard.processor.StandardRemovableAttributeTagProcessor
[THYMELEAF]             * [* {th:rows,data-th-rows}] [1000]: org.thymeleaf.standard.processor.StandardRemovableAttributeTagProcessor
[THYMELEAF]             * [* {th:charset,data-th-charset}] [1000]: org.thymeleaf.standard.processor.StandardRemovableAttributeTagProcessor
[THYMELEAF]             * [* {th:codetype,data-th-codetype}] [1000]: org.thymeleaf.standard.processor.StandardRemovableAttributeTagProcessor
[THYMELEAF]             * [* {th:rules,data-th-rules}] [1000]: org.thymeleaf.standard.processor.StandardRemovableAttributeTagProcessor
[THYMELEAF]             * [* {th:max,data-th-max}] [1000]: org.thymeleaf.standard.processor.StandardRemovableAttributeTagProcessor
[THYMELEAF]             * [* {th:scrolling,data-th-scrolling}] [1000]: org.thymeleaf.standard.processor.StandardRemovableAttributeTagProcessor
[THYMELEAF]             * [* {th:datetime,data-th-datetime}] [1000]: org.thymeleaf.standard.processor.StandardRemovableAttributeTagProcessor
[THYMELEAF]             * [* {th:formtarget,data-th-formtarget}] [1000]: org.thymeleaf.standard.processor.StandardRemovableAttributeTagProcessor
[THYMELEAF]             * [* {th:preload,data-th-preload}] [1000]: org.thymeleaf.standard.processor.StandardRemovableAttributeTagProcessor
[THYMELEAF]             * [* {th:bgcolor,data-th-bgcolor}] [1000]: org.thymeleaf.standard.processor.StandardRemovableAttributeTagProcessor
[THYMELEAF]             * [* {th:summary,data-th-summary}] [1000]: org.thymeleaf.standard.processor.StandardRemovableAttributeTagProcessor
[THYMELEAF]             * [* {th:headers,data-th-headers}] [1000]: org.thymeleaf.standard.processor.StandardRemovableAttributeTagProcessor
[THYMELEAF]             * [* {th:formaction,data-th-formaction}] [1000]: org.thymeleaf.standard.processor.StandardRemovableAttributeTagProcessor
[THYMELEAF]             * [* {th:pattern,data-th-pattern}] [1000]: org.thymeleaf.standard.processor.StandardRemovableAttributeTagProcessor
[THYMELEAF]             * [* {th:abbr,data-th-abbr}] [1000]: org.thymeleaf.standard.processor.StandardRemovableAttributeTagProcessor
[THYMELEAF]             * [* {th:accept-charset,data-th-accept-charset}] [1000]: org.thymeleaf.standard.processor.StandardRemovableAttributeTagProcessor
[THYMELEAF]             * [* {th:challenge,data-th-challenge}] [1000]: org.thymeleaf.standard.processor.StandardRemovableAttributeTagProcessor
[THYMELEAF]             * [* {th:contextmenu,data-th-contextmenu}] [1000]: org.thymeleaf.standard.processor.StandardRemovableAttributeTagProcessor
[THYMELEAF]             * [* {th:hreflang,data-th-hreflang}] [1000]: org.thymeleaf.standard.processor.StandardRemovableAttributeTagProcessor
[THYMELEAF]             * [* {th:hspace,data-th-hspace}] [1000]: org.thymeleaf.standard.processor.StandardRemovableAttributeTagProcessor
[THYMELEAF]             * [* {th:standby,data-th-standby}] [1000]: org.thymeleaf.standard.processor.StandardRemovableAttributeTagProcessor
[THYMELEAF]             * [* {th:valuetype,data-th-valuetype}] [1000]: org.thymeleaf.standard.processor.StandardRemovableAttributeTagProcessor
[THYMELEAF]             * [* {th:rev,data-th-rev}] [1000]: org.thymeleaf.standard.processor.StandardRemovableAttributeTagProcessor
[THYMELEAF]             * [* {th:src,data-th-src}] [1000]: org.thymeleaf.standard.processor.StandardSrcTagProcessor
[THYMELEAF]             * [* {th:value,data-th-value}] [1000]: org.thymeleaf.standard.processor.StandardValueTagProcessor
[THYMELEAF]             * [* {th:xmlbase,data-th-xmlbase}] [1000]: org.thymeleaf.standard.processor.StandardXmlBaseTagProcessor
[THYMELEAF]             * [* {th:xmllang,data-th-xmllang}] [1000]: org.thymeleaf.standard.processor.StandardXmlLangTagProcessor
[THYMELEAF]             * [* {xmlns:th}] [1000]: org.thymeleaf.standard.processor.StandardXmlNsTagProcessor
[THYMELEAF]             * [* {th:xmlspace,data-th-xmlspace}] [1000]: org.thymeleaf.standard.processor.StandardXmlSpaceTagProcessor
[THYMELEAF]             * [* {th:classappend,data-th-classappend}] [1100]: org.thymeleaf.standard.processor.StandardClassappendTagProcessor
[THYMELEAF]             * [* {th:styleappend,data-th-styleappend}] [1100]: org.thymeleaf.standard.processor.StandardStyleappendTagProcessor
[THYMELEAF]             * [* {th:text,data-th-text}] [1300]: org.thymeleaf.standard.processor.StandardTextTagProcessor
[THYMELEAF]             * [* {th:utext,data-th-utext}] [1400]: org.thymeleaf.standard.processor.StandardUtextTagProcessor
[THYMELEAF]             * [* {th:fragment,data-th-fragment}] [1500]: org.thymeleaf.standard.processor.StandardFragmentTagProcessor
[THYMELEAF]             * [* {th:assert,data-th-assert}] [1550]: org.thymeleaf.standard.processor.StandardAssertTagProcessor
[THYMELEAF]             * [* {th:remove,data-th-remove}] [1600]: org.thymeleaf.standard.processor.StandardRemoveTagProcessor
[THYMELEAF]             * [* {th:ref,data-th-ref}] [10000]: org.thymeleaf.standard.processor.StandardRefAttributeTagProcessor
[THYMELEAF]             * [{th:block,th-block} *] [100000]: org.thymeleaf.standard.processor.StandardBlockTagProcessor
[THYMELEAF]             * [* th:*] [2147483647]: org.thymeleaf.standard.processor.StandardDefaultAttributesTagProcessor
[THYMELEAF]         * Text Processors by [precedence]:
[THYMELEAF]             * [1000]: org.thymeleaf.standard.processor.StandardInliningTextProcessor
[THYMELEAF]         * DOCTYPE Processors by [precedence]:
[THYMELEAF]             * [1000]: org.thymeleaf.standard.processor.StandardTranslationDocTypeProcessor
[THYMELEAF]         * CDATA Section Processors by [precedence]:
[THYMELEAF]             * [1000]: org.thymeleaf.standard.processor.StandardInliningCDATASectionProcessor
[THYMELEAF]         * Comment Processors by [precedence]:
[THYMELEAF]             * [1000]: org.thymeleaf.standard.processor.StandardInliningCommentProcessor
[THYMELEAF]             * [1100]: org.thymeleaf.standard.processor.StandardConditionalCommentProcessor
[THYMELEAF]     * Processors for Template Mode: XML
[THYMELEAF]         * Element Tag Processors by [matching element and attribute name] [precedence]:
[THYMELEAF]             * [* {th:include}] [100]: org.thymeleaf.standard.processor.StandardIncludeTagProcessor
[THYMELEAF]             * [* {th:insert}] [100]: org.thymeleaf.standard.processor.StandardInsertTagProcessor
[THYMELEAF]             * [* {th:replace}] [100]: org.thymeleaf.standard.processor.StandardReplaceTagProcessor
[THYMELEAF]             * [* {th:each}] [200]: com.intuit.karate.template.KarateEachTagProcessor
[THYMELEAF]             * [* {th:switch}] [250]: org.thymeleaf.standard.processor.StandardSwitchTagProcessor
[THYMELEAF]             * [* {th:case}] [275]: org.thymeleaf.standard.processor.StandardCaseTagProcessor
[THYMELEAF]             * [* {th:if}] [300]: org.thymeleaf.standard.processor.StandardIfTagProcessor
[THYMELEAF]             * [* {th:unless}] [400]: org.thymeleaf.standard.processor.StandardUnlessTagProcessor
[THYMELEAF]             * [* {th:object}] [500]: org.thymeleaf.standard.processor.StandardObjectTagProcessor
[THYMELEAF]             * [* {th:with}] [600]: com.intuit.karate.template.KarateWithTagProcessor
[THYMELEAF]             * [* {th:attr}] [700]: com.intuit.karate.template.KarateAttributeTagProcessor.KarateAttrTagProcessor
[THYMELEAF]             * [* {th:attrappend}] [900]: com.intuit.karate.template.KarateAttributeTagProcessor.KarateAttrappendTagProcessor
[THYMELEAF]             * [* {th:attrprepend}] [900]: com.intuit.karate.template.KarateAttributeTagProcessor.KarateAttrprependTagProcessor
[THYMELEAF]             * [* {th:inline}] [1000]: org.thymeleaf.standard.processor.StandardInlineXMLTagProcessor
[THYMELEAF]             * [* {xmlns:th}] [1000]: org.thymeleaf.standard.processor.StandardXmlNsTagProcessor
[THYMELEAF]             * [* {th:text}] [1300]: org.thymeleaf.standard.processor.StandardTextTagProcessor
[THYMELEAF]             * [* {th:utext}] [1400]: org.thymeleaf.standard.processor.StandardUtextTagProcessor
[THYMELEAF]             * [* {th:fragment}] [1500]: org.thymeleaf.standard.processor.StandardFragmentTagProcessor
[THYMELEAF]             * [* {th:assert}] [1550]: org.thymeleaf.standard.processor.StandardAssertTagProcessor
[THYMELEAF]             * [* {th:remove}] [1600]: org.thymeleaf.standard.processor.StandardRemoveTagProcessor
[THYMELEAF]             * [* {th:ref}] [10000]: org.thymeleaf.standard.processor.StandardRefAttributeTagProcessor
[THYMELEAF]             * [{th:block} *] [100000]: org.thymeleaf.standard.processor.StandardBlockTagProcessor
[THYMELEAF]             * [* th:*] [2147483647]: org.thymeleaf.standard.processor.StandardDefaultAttributesTagProcessor
[THYMELEAF]         * Text Processors by [precedence]:
[THYMELEAF]             * [1000]: org.thymeleaf.standard.processor.StandardInliningTextProcessor
[THYMELEAF]         * CDATA Section Processors by [precedence]:
[THYMELEAF]             * [1000]: org.thymeleaf.standard.processor.StandardInliningCDATASectionProcessor
[THYMELEAF]         * Comment Processors by [precedence]:
[THYMELEAF]             * [1000]: org.thymeleaf.standard.processor.StandardInliningCommentProcessor
[THYMELEAF]     * Processors for Template Mode: TEXT
[THYMELEAF]         * Element Tag Processors by [matching element and attribute name] [precedence]:
[THYMELEAF]             * [* {th:insert}] [100]: org.thymeleaf.standard.processor.StandardInsertTagProcessor
[THYMELEAF]             * [* {th:replace}] [100]: org.thymeleaf.standard.processor.StandardReplaceTagProcessor
[THYMELEAF]             * [* {th:each}] [200]: com.intuit.karate.template.KarateEachTagProcessor
[THYMELEAF]             * [* {th:switch}] [250]: org.thymeleaf.standard.processor.StandardSwitchTagProcessor
[THYMELEAF]             * [* {th:case}] [275]: org.thymeleaf.standard.processor.StandardCaseTagProcessor
[THYMELEAF]             * [* {th:if}] [300]: org.thymeleaf.standard.processor.StandardIfTagProcessor
[THYMELEAF]             * [* {th:unless}] [400]: org.thymeleaf.standard.processor.StandardUnlessTagProcessor
[THYMELEAF]             * [* {th:object}] [500]: org.thymeleaf.standard.processor.StandardObjectTagProcessor
[THYMELEAF]             * [* {th:with}] [600]: com.intuit.karate.template.KarateWithTagProcessor
[THYMELEAF]             * [* {th:inline}] [1000]: org.thymeleaf.standard.processor.StandardInlineTextualTagProcessor
[THYMELEAF]             * [* {th:text}] [1300]: org.thymeleaf.standard.processor.StandardTextTagProcessor
[THYMELEAF]             * [* {th:utext}] [1400]: org.thymeleaf.standard.processor.StandardUtextTagProcessor
[THYMELEAF]             * [* {th:assert}] [1550]: org.thymeleaf.standard.processor.StandardAssertTagProcessor
[THYMELEAF]             * [* {th:remove}] [1600]: org.thymeleaf.standard.processor.StandardRemoveTagProcessor
[THYMELEAF]             * [* 100000] [org.thymeleaf.standard.processor.StandardBlockTagProcessor]: {}
[THYMELEAF]             * [{th:block} *] [100000]: org.thymeleaf.standard.processor.StandardBlockTagProcessor
[THYMELEAF]         * Text Processors by [precedence]:
[THYMELEAF]             * [1000]: org.thymeleaf.standard.processor.StandardInliningTextProcessor
[THYMELEAF]     * Processors for Template Mode: JAVASCRIPT
[THYMELEAF]         * Element Tag Processors by [matching element and attribute name] [precedence]:
[THYMELEAF]             * [* {th:insert}] [100]: org.thymeleaf.standard.processor.StandardInsertTagProcessor
[THYMELEAF]             * [* {th:replace}] [100]: org.thymeleaf.standard.processor.StandardReplaceTagProcessor
[THYMELEAF]             * [* {th:each}] [200]: com.intuit.karate.template.KarateEachTagProcessor
[THYMELEAF]             * [* {th:switch}] [250]: org.thymeleaf.standard.processor.StandardSwitchTagProcessor
[THYMELEAF]             * [* {th:case}] [275]: org.thymeleaf.standard.processor.StandardCaseTagProcessor
[THYMELEAF]             * [* {th:if}] [300]: org.thymeleaf.standard.processor.StandardIfTagProcessor
[THYMELEAF]             * [* {th:unless}] [400]: org.thymeleaf.standard.processor.StandardUnlessTagProcessor
[THYMELEAF]             * [* {th:object}] [500]: org.thymeleaf.standard.processor.StandardObjectTagProcessor
[THYMELEAF]             * [* {th:with}] [600]: com.intuit.karate.template.KarateWithTagProcessor
[THYMELEAF]             * [* {th:inline}] [1000]: org.thymeleaf.standard.processor.StandardInlineTextualTagProcessor
[THYMELEAF]             * [* {th:text}] [1300]: org.thymeleaf.standard.processor.StandardTextTagProcessor
[THYMELEAF]             * [* {th:utext}] [1400]: org.thymeleaf.standard.processor.StandardUtextTagProcessor
[THYMELEAF]             * [* {th:assert}] [1550]: org.thymeleaf.standard.processor.StandardAssertTagProcessor
[THYMELEAF]             * [* {th:remove}] [1600]: org.thymeleaf.standard.processor.StandardRemoveTagProcessor
[THYMELEAF]             * [* 100000] [org.thymeleaf.standard.processor.StandardBlockTagProcessor]: {}
[THYMELEAF]             * [{th:block} *] [100000]: org.thymeleaf.standard.processor.StandardBlockTagProcessor
[THYMELEAF]         * Text Processors by [precedence]:
[THYMELEAF]             * [1000]: org.thymeleaf.standard.processor.StandardInliningTextProcessor
[THYMELEAF]     * Processors for Template Mode: CSS
[THYMELEAF]         * Element Tag Processors by [matching element and attribute name] [precedence]:
[THYMELEAF]             * [* {th:insert}] [100]: org.thymeleaf.standard.processor.StandardInsertTagProcessor
[THYMELEAF]             * [* {th:replace}] [100]: org.thymeleaf.standard.processor.StandardReplaceTagProcessor
[THYMELEAF]             * [* {th:each}] [200]: com.intuit.karate.template.KarateEachTagProcessor
[THYMELEAF]             * [* {th:switch}] [250]: org.thymeleaf.standard.processor.StandardSwitchTagProcessor
[THYMELEAF]             * [* {th:case}] [275]: org.thymeleaf.standard.processor.StandardCaseTagProcessor
[THYMELEAF]             * [* {th:if}] [300]: org.thymeleaf.standard.processor.StandardIfTagProcessor
[THYMELEAF]             * [* {th:unless}] [400]: org.thymeleaf.standard.processor.StandardUnlessTagProcessor
[THYMELEAF]             * [* {th:object}] [500]: org.thymeleaf.standard.processor.StandardObjectTagProcessor
[THYMELEAF]             * [* {th:with}] [600]: com.intuit.karate.template.KarateWithTagProcessor
[THYMELEAF]             * [* {th:inline}] [1000]: org.thymeleaf.standard.processor.StandardInlineTextualTagProcessor
[THYMELEAF]             * [* {th:text}] [1300]: org.thymeleaf.standard.processor.StandardTextTagProcessor
[THYMELEAF]             * [* {th:utext}] [1400]: org.thymeleaf.standard.processor.StandardUtextTagProcessor
[THYMELEAF]             * [* {th:assert}] [1550]: org.thymeleaf.standard.processor.StandardAssertTagProcessor
[THYMELEAF]             * [* {th:remove}] [1600]: org.thymeleaf.standard.processor.StandardRemoveTagProcessor
[THYMELEAF]             * [{th:block} *] [100000]: org.thymeleaf.standard.processor.StandardBlockTagProcessor
[THYMELEAF]             * [* 100000] [org.thymeleaf.standard.processor.StandardBlockTagProcessor]: {}
[THYMELEAF]         * Text Processors by [precedence]:
[THYMELEAF]             * [1000]: org.thymeleaf.standard.processor.StandardInliningTextProcessor
[THYMELEAF]     * Expression Objects:
[THYMELEAF]         * #ctx
[THYMELEAF]         * #root
[THYMELEAF]         * #vars
[THYMELEAF]         * #object
[THYMELEAF]         * #locale
[THYMELEAF]         * #conversions
[THYMELEAF]         * #uris
[THYMELEAF]         * #temporals
[THYMELEAF]         * #calendars
[THYMELEAF]         * #dates
[THYMELEAF]         * #bools
[THYMELEAF]         * #numbers
[THYMELEAF]         * #objects
[THYMELEAF]         * #strings
[THYMELEAF]         * #arrays
[THYMELEAF]         * #lists
[THYMELEAF]         * #sets
[THYMELEAF]         * #maps
[THYMELEAF]         * #aggregates
[THYMELEAF]         * #messages
[THYMELEAF]         * #ids
[THYMELEAF]         * #execInfo
[THYMELEAF]         * #request
[THYMELEAF]         * #response
[THYMELEAF]         * #session
[THYMELEAF]         * #servletContext
[THYMELEAF]     * Execution Attributes:
[THYMELEAF]         * "StandardExpressionParser": com.intuit.karate.template.KarateStandardDialect@70f4abc1
[THYMELEAF]         * "StandardJavaScriptSerializer": org.thymeleaf.standard.serializer.StandardJavaScriptSerializer@67b8d45
[THYMELEAF]         * "StandardCSSSerializer": org.thymeleaf.standard.serializer.StandardCSSSerializer@365e65bb
[THYMELEAF]         * "StandardVariableExpressionEvaluator": com.intuit.karate.template.KarateStandardDialect@70f4abc1
[THYMELEAF]         * "StandardConversionService": org.thymeleaf.standard.expression.StandardConversionService@52f43225
[THYMELEAF] * Dialect [2 of 2]: karate (com.intuit.karate.template.KarateScriptDialect)
[THYMELEAF]     * Prefix: "ka"
[THYMELEAF]     * Processors for Template Mode: HTML
[THYMELEAF]         * Element Tag Processors by [matching element and attribute name] [precedence]:
[THYMELEAF]             * [* {src}] [1000]: com.intuit.karate.template.KaScriptAttrProcessor
[THYMELEAF]         * Element Model Processors by [matching element and attribute name] [precedence]:
[THYMELEAF]             * [{script} {ka:scope,data-ka-scope}] [1000]: com.intuit.karate.template.KaScriptElemProcessor
[THYMELEAF]             * [* {ka:set,data-ka-set}] [1000]: com.intuit.karate.template.KaSetElemProcessor
[THYMELEAF] TEMPLATE ENGINE CONFIGURED OK
21:32:27.720 [main] DEBUG org.thymeleaf.TemplateEngine -- [THYMELEAF] TEMPLATE ENGINE INITIALIZED
---------------------------------------------------------
feature: classpath:features/auth/login-excel.feature
scenarios:  1 | passed:  1 | failed:  0 | time: 3.4276
---------------------------------------------------------

Karate version: 1.4.1
======================================================
elapsed:   5.57 | threads:    1 | thread time: 3.43 
features:     1 | skipped:    0 | efficiency: 0.62
scenarios:    1 | passed:     1 | failed: 0
======================================================
21:32:28.630 [main] DEBUG org.thymeleaf.TemplateEngine -- [THYMELEAF] INITIALIZING TEMPLATE ENGINE
21:32:28.663 [main] DEBUG org.thymeleaf.TemplateEngine.CONFIG -- Initializing Thymeleaf Template engine configuration...
[THYMELEAF] TEMPLATE ENGINE CONFIGURATION:
[THYMELEAF] * Thymeleaf version: 3.1.2.RELEASE (built 2023-07-30T19:25:50+0000)
[THYMELEAF] * Cache Manager implementation: org.thymeleaf.cache.StandardCacheManager
[THYMELEAF] * Template resolvers:
[THYMELEAF]     * [1] com.intuit.karate.template.ResourceHtmlTemplateResolver
[THYMELEAF] * Message resolvers:
[THYMELEAF]     * org.thymeleaf.messageresolver.StandardMessageResolver
[THYMELEAF] * Link builders:
[THYMELEAF]     * org.thymeleaf.linkbuilder.StandardLinkBuilder
[THYMELEAF] * Dialect [1 of 2]: Standard (com.intuit.karate.template.KarateStandardDialect)
[THYMELEAF]     * Prefix: "th"
[THYMELEAF]     * Processors for Template Mode: HTML
[THYMELEAF]         * Element Tag Processors by [matching element and attribute name] [precedence]:
[THYMELEAF]             * [* {th:include,data-th-include}] [100]: org.thymeleaf.standard.processor.StandardIncludeTagProcessor
[THYMELEAF]             * [* {th:insert,data-th-insert}] [100]: org.thymeleaf.standard.processor.StandardInsertTagProcessor
[THYMELEAF]             * [* {th:replace,data-th-replace}] [100]: org.thymeleaf.standard.processor.StandardReplaceTagProcessor
[THYMELEAF]             * [* {th:each,data-th-each}] [200]: com.intuit.karate.template.KarateEachTagProcessor
[THYMELEAF]             * [* {th:switch,data-th-switch}] [250]: org.thymeleaf.standard.processor.StandardSwitchTagProcessor
[THYMELEAF]             * [* {th:case,data-th-case}] [275]: org.thymeleaf.standard.processor.StandardCaseTagProcessor
[THYMELEAF]             * [* {th:if,data-th-if}] [300]: org.thymeleaf.standard.processor.StandardIfTagProcessor
[THYMELEAF]             * [* {th:unless,data-th-unless}] [400]: org.thymeleaf.standard.processor.StandardUnlessTagProcessor
[THYMELEAF]             * [* {th:object,data-th-object}] [500]: org.thymeleaf.standard.processor.StandardObjectTagProcessor
[THYMELEAF]             * [* {th:with,data-th-with}] [600]: com.intuit.karate.template.KarateWithTagProcessor
[THYMELEAF]             * [* {th:attr,data-th-attr}] [700]: com.intuit.karate.template.KarateAttributeTagProcessor.KarateAttrTagProcessor
[THYMELEAF]             * [* {th:attrappend,data-th-attrappend}] [900]: com.intuit.karate.template.KarateAttributeTagProcessor.KarateAttrappendTagProcessor
[THYMELEAF]             * [* {th:attrprepend,data-th-attrprepend}] [900]: com.intuit.karate.template.KarateAttributeTagProcessor.KarateAttrprependTagProcessor
[THYMELEAF]             * [* {th:alt-title,data-th-alt-title}] [990]: org.thymeleaf.standard.processor.StandardAltTitleTagProcessor
[THYMELEAF]             * [* {th:lang-xmllang,data-th-lang-xmllang}] [990]: org.thymeleaf.standard.processor.StandardLangXmlLangTagProcessor
[THYMELEAF]             * [* {th:action,data-th-action}] [1000]: org.thymeleaf.standard.processor.StandardActionTagProcessor
[THYMELEAF]             * [* {th:open,data-th-open}] [1000]: org.thymeleaf.standard.processor.StandardConditionalFixedValueTagProcessor
[THYMELEAF]             * [* {th:loop,data-th-loop}] [1000]: org.thymeleaf.standard.processor.StandardConditionalFixedValueTagProcessor
[THYMELEAF]             * [* {th:seamless,data-th-seamless}] [1000]: org.thymeleaf.standard.processor.StandardConditionalFixedValueTagProcessor
[THYMELEAF]             * [* {th:reversed,data-th-reversed}] [1000]: org.thymeleaf.standard.processor.StandardConditionalFixedValueTagProcessor
[THYMELEAF]             * [* {th:async,data-th-async}] [1000]: org.thymeleaf.standard.processor.StandardConditionalFixedValueTagProcessor
[THYMELEAF]             * [* {th:scoped,data-th-scoped}] [1000]: org.thymeleaf.standard.processor.StandardConditionalFixedValueTagProcessor
[THYMELEAF]             * [* {th:pubdate,data-th-pubdate}] [1000]: org.thymeleaf.standard.processor.StandardConditionalFixedValueTagProcessor
[THYMELEAF]             * [* {th:formnovalidate,data-th-formnovalidate}] [1000]: org.thymeleaf.standard.processor.StandardConditionalFixedValueTagProcessor
[THYMELEAF]             * [* {th:required,data-th-required}] [1000]: org.thymeleaf.standard.processor.StandardConditionalFixedValueTagProcessor
[THYMELEAF]             * [* {th:checked,data-th-checked}] [1000]: org.thymeleaf.standard.processor.StandardConditionalFixedValueTagProcessor
[THYMELEAF]             * [* {th:controls,data-th-controls}] [1000]: org.thymeleaf.standard.processor.StandardConditionalFixedValueTagProcessor
[THYMELEAF]             * [* {th:hidden,data-th-hidden}] [1000]: org.thymeleaf.standard.processor.StandardConditionalFixedValueTagProcessor
[THYMELEAF]             * [* {th:defer,data-th-defer}] [1000]: org.thymeleaf.standard.processor.StandardConditionalFixedValueTagProcessor
[THYMELEAF]             * [* {th:autoplay,data-th-autoplay}] [1000]: org.thymeleaf.standard.processor.StandardConditionalFixedValueTagProcessor
[THYMELEAF]             * [* {th:multiple,data-th-multiple}] [1000]: org.thymeleaf.standard.processor.StandardConditionalFixedValueTagProcessor
[THYMELEAF]             * [* {th:ismap,data-th-ismap}] [1000]: org.thymeleaf.standard.processor.StandardConditionalFixedValueTagProcessor
[THYMELEAF]             * [* {th:selected,data-th-selected}] [1000]: org.thymeleaf.standard.processor.StandardConditionalFixedValueTagProcessor
[THYMELEAF]             * [* {th:declare,data-th-declare}] [1000]: org.thymeleaf.standard.processor.StandardConditionalFixedValueTagProcessor
[THYMELEAF]             * [* {th:novalidate,data-th-novalidate}] [1000]: org.thymeleaf.standard.processor.StandardConditionalFixedValueTagProcessor
[THYMELEAF]             * [* {th:autofocus,data-th-autofocus}] [1000]: org.thymeleaf.standard.processor.StandardConditionalFixedValueTagProcessor
[THYMELEAF]             * [* {th:nowrap,data-th-nowrap}] [1000]: org.thymeleaf.standard.processor.StandardConditionalFixedValueTagProcessor
[THYMELEAF]             * [* {th:default,data-th-default}] [1000]: org.thymeleaf.standard.processor.StandardConditionalFixedValueTagProcessor
[THYMELEAF]             * [* {th:readonly,data-th-readonly}] [1000]: org.thymeleaf.standard.processor.StandardConditionalFixedValueTagProcessor
[THYMELEAF]             * [* {th:disabled,data-th-disabled}] [1000]: org.thymeleaf.standard.processor.StandardConditionalFixedValueTagProcessor
[THYMELEAF]             * [* {th:onmousemove,data-th-onmousemove}] [1000]: org.thymeleaf.standard.processor.StandardDOMEventAttributeTagProcessor
[THYMELEAF]             * [* {th:onratechange,data-th-onratechange}] [1000]: org.thymeleaf.standard.processor.StandardDOMEventAttributeTagProcessor
[THYMELEAF]             * [* {th:ondragover,data-th-ondragover}] [1000]: org.thymeleaf.standard.processor.StandardDOMEventAttributeTagProcessor
[THYMELEAF]             * [* {th:onresize,data-th-onresize}] [1000]: org.thymeleaf.standard.processor.StandardDOMEventAttributeTagProcessor
[THYMELEAF]             * [* {th:ondragstart,data-th-ondragstart}] [1000]: org.thymeleaf.standard.processor.StandardDOMEventAttributeTagProcessor
[THYMELEAF]             * [* {th:onredo,data-th-onredo}] [1000]: org.thymeleaf.standard.processor.StandardDOMEventAttributeTagProcessor
[THYMELEAF]             * [* {th:onforminput,data-th-onforminput}] [1000]: org.thymeleaf.standard.processor.StandardDOMEventAttributeTagProcessor
[THYMELEAF]             * [* {th:onprogress,data-th-onprogress}] [1000]: org.thymeleaf.standard.processor.StandardDOMEventAttributeTagProcessor
[THYMELEAF]             * [* {th:onkeydown,data-th-onkeydown}] [1000]: org.thymeleaf.standard.processor.StandardDOMEventAttributeTagProcessor
[THYMELEAF]             * [* {th:onmousedown,data-th-onmousedown}] [1000]: org.thymeleaf.standard.processor.StandardDOMEventAttributeTagProcessor
[THYMELEAF]             * [* {th:onkeyup,data-th-onkeyup}] [1000]: org.thymeleaf.standard.processor.StandardDOMEventAttributeTagProcessor
[THYMELEAF]             * [* {th:onmessage,data-th-onmessage}] [1000]: org.thymeleaf.standard.processor.StandardDOMEventAttributeTagProcessor
[THYMELEAF]             * [* {th:oninput,data-th-oninput}] [1000]: org.thymeleaf.standard.processor.StandardDOMEventAttributeTagProcessor
[THYMELEAF]             * [* {th:onerror,data-th-onerror}] [1000]: org.thymeleaf.standard.processor.StandardDOMEventAttributeTagProcessor
[THYMELEAF]             * [* {th:onloadstart,data-th-onloadstart}] [1000]: org.thymeleaf.standard.processor.StandardDOMEventAttributeTagProcessor
[THYMELEAF]             * [* {th:ondurationchange,data-th-ondurationchange}] [1000]: org.thymeleaf.standard.processor.StandardDOMEventAttributeTagProcessor
[THYMELEAF]             * [* {th:onloadedmetadata,data-th-onloadedmetadata}] [1000]: org.thymeleaf.standard.processor.StandardDOMEventAttributeTagProcessor
[THYMELEAF]             * [* {th:onemptied,data-th-onemptied}] [1000]: org.thymeleaf.standard.processor.StandardDOMEventAttributeTagProcessor
[THYMELEAF]             * [* {th:onplay,data-th-onplay}] [1000]: org.thymeleaf.standard.processor.StandardDOMEventAttributeTagProcessor
[THYMELEAF]             * [* {th:onhashchange,data-th-onhashchange}] [1000]: org.thymeleaf.standard.processor.StandardDOMEventAttributeTagProcessor
[THYMELEAF]             * [* {th:onafterprint,data-th-onafterprint}] [1000]: org.thymeleaf.standard.processor.StandardDOMEventAttributeTagProcessor
[THYMELEAF]             * [* {th:onoffline,data-th-onoffline}] [1000]: org.thymeleaf.standard.processor.StandardDOMEventAttributeTagProcessor
[THYMELEAF]             * [* {th:onstalled,data-th-onstalled}] [1000]: org.thymeleaf.standard.processor.StandardDOMEventAttributeTagProcessor
[THYMELEAF]             * [* {th:ononline,data-th-ononline}] [1000]: org.thymeleaf.standard.processor.StandardDOMEventAttributeTagProcessor
[THYMELEAF]             * [* {th:onscroll,data-th-onscroll}] [1000]: org.thymeleaf.standard.processor.StandardDOMEventAttributeTagProcessor
[THYMELEAF]             * [* {th:oninvalid,data-th-oninvalid}] [1000]: org.thymeleaf.standard.processor.StandardDOMEventAttributeTagProcessor
[THYMELEAF]             * [* {th:ondblclick,data-th-ondblclick}] [1000]: org.thymeleaf.standard.processor.StandardDOMEventAttributeTagProcessor
[THYMELEAF]             * [* {th:onbeforeprint,data-th-onbeforeprint}] [1000]: org.thymeleaf.standard.processor.StandardDOMEventAttributeTagProcessor
[THYMELEAF]             * [* {th:onundo,data-th-onundo}] [1000]: org.thymeleaf.standard.processor.StandardDOMEventAttributeTagProcessor
[THYMELEAF]             * [* {th:onunload,data-th-onunload}] [1000]: org.thymeleaf.standard.processor.StandardDOMEventAttributeTagProcessor
[THYMELEAF]             * [* {th:onreset,data-th-onreset}] [1000]: org.thymeleaf.standard.processor.StandardDOMEventAttributeTagProcessor
[THYMELEAF]             * [* {th:onstorage,data-th-onstorage}] [1000]: org.thymeleaf.standard.processor.StandardDOMEventAttributeTagProcessor
[THYMELEAF]             * [* {th:onvolumechange,data-th-onvolumechange}] [1000]: org.thymeleaf.standard.processor.StandardDOMEventAttributeTagProcessor
[THYMELEAF]             * [* {th:onshow,data-th-onshow}] [1000]: org.thymeleaf.standard.processor.StandardDOMEventAttributeTagProcessor
[THYMELEAF]             * [* {th:onclick,data-th-onclick}] [1000]: org.thymeleaf.standard.processor.StandardDOMEventAttributeTagProcessor
[THYMELEAF]             * [* {th:onmouseover,data-th-onmouseover}] [1000]: org.thymeleaf.standard.processor.StandardDOMEventAttributeTagProcessor
[THYMELEAF]             * [* {th:onpause,data-th-onpause}] [1000]: org.thymeleaf.standard.processor.StandardDOMEventAttributeTagProcessor
[THYMELEAF]             * [* {th:onsubmit,data-th-onsubmit}] [1000]: org.thymeleaf.standard.processor.StandardDOMEventAttributeTagProcessor
[THYMELEAF]             * [* {th:onwaiting,data-th-onwaiting}] [1000]: org.thymeleaf.standard.processor.StandardDOMEventAttributeTagProcessor
[THYMELEAF]             * [* {th:onload,data-th-onload}] [1000]: org.thymeleaf.standard.processor.StandardDOMEventAttributeTagProcessor
[THYMELEAF]             * [* {th:onmouseout,data-th-onmouseout}] [1000]: org.thymeleaf.standard.processor.StandardDOMEventAttributeTagProcessor
[THYMELEAF]             * [* {th:onloadeddata,data-th-onloadeddata}] [1000]: org.thymeleaf.standard.processor.StandardDOMEventAttributeTagProcessor
[THYMELEAF]             * [* {th:ondragend,data-th-ondragend}] [1000]: org.thymeleaf.standard.processor.StandardDOMEventAttributeTagProcessor
[THYMELEAF]             * [* {th:onplaying,data-th-onplaying}] [1000]: org.thymeleaf.standard.processor.StandardDOMEventAttributeTagProcessor
[THYMELEAF]             * [* {th:ondrop,data-th-ondrop}] [1000]: org.thymeleaf.standard.processor.StandardDOMEventAttributeTagProcessor
[THYMELEAF]             * [* {th:onseeked,data-th-onseeked}] [1000]: org.thymeleaf.standard.processor.StandardDOMEventAttributeTagProcessor
[THYMELEAF]             * [* {th:oncanplaythrough,data-th-oncanplaythrough}] [1000]: org.thymeleaf.standard.processor.StandardDOMEventAttributeTagProcessor
[THYMELEAF]             * [* {th:onmouseup,data-th-onmouseup}] [1000]: org.thymeleaf.standard.processor.StandardDOMEventAttributeTagProcessor
[THYMELEAF]             * [* {th:ondrag,data-th-ondrag}] [1000]: org.thymeleaf.standard.processor.StandardDOMEventAttributeTagProcessor
[THYMELEAF]             * [* {th:onmousewheel,data-th-onmousewheel}] [1000]: org.thymeleaf.standard.processor.StandardDOMEventAttributeTagProcessor
[THYMELEAF]             * [* {th:onbeforeunload,data-th-onbeforeunload}] [1000]: org.thymeleaf.standard.processor.StandardDOMEventAttributeTagProcessor
[THYMELEAF]             * [* {th:onreadystatechange,data-th-onreadystatechange}] [1000]: org.thymeleaf.standard.processor.StandardDOMEventAttributeTagProcessor
[THYMELEAF]             * [* {th:ondragleave,data-th-ondragleave}] [1000]: org.thymeleaf.standard.processor.StandardDOMEventAttributeTagProcessor
[THYMELEAF]             * [* {th:onended,data-th-onended}] [1000]: org.thymeleaf.standard.processor.StandardDOMEventAttributeTagProcessor
[THYMELEAF]             * [* {th:oncanplay,data-th-oncanplay}] [1000]: org.thymeleaf.standard.processor.StandardDOMEventAttributeTagProcessor
[THYMELEAF]             * [* {th:onformchange,data-th-onformchange}] [1000]: org.thymeleaf.standard.processor.StandardDOMEventAttributeTagProcessor
[THYMELEAF]             * [* {th:onselect,data-th-onselect}] [1000]: org.thymeleaf.standard.processor.StandardDOMEventAttributeTagProcessor
[THYMELEAF]             * [* {th:onfocus,data-th-onfocus}] [1000]: org.thymeleaf.standard.processor.StandardDOMEventAttributeTagProcessor
[THYMELEAF]             * [* {th:onabort,data-th-onabort}] [1000]: org.thymeleaf.standard.processor.StandardDOMEventAttributeTagProcessor
[THYMELEAF]             * [* {th:ondragenter,data-th-ondragenter}] [1000]: org.thymeleaf.standard.processor.StandardDOMEventAttributeTagProcessor
[THYMELEAF]             * [* {th:onpopstate,data-th-onpopstate}] [1000]: org.thymeleaf.standard.processor.StandardDOMEventAttributeTagProcessor
[THYMELEAF]             * [* {th:onkeypress,data-th-onkeypress}] [1000]: org.thymeleaf.standard.processor.StandardDOMEventAttributeTagProcessor
[THYMELEAF]             * [* {th:onchange,data-th-onchange}] [1000]: org.thymeleaf.standard.processor.StandardDOMEventAttributeTagProcessor
[THYMELEAF]             * [* {th:onseeking,data-th-onseeking}] [1000]: org.thymeleaf.standard.processor.StandardDOMEventAttributeTagProcessor
[THYMELEAF]             * [* {th:ontimeupdate,data-th-ontimeupdate}] [1000]: org.thymeleaf.standard.processor.StandardDOMEventAttributeTagProcessor
[THYMELEAF]             * [* {th:onsuspend,data-th-onsuspend}] [1000]: org.thymeleaf.standard.processor.StandardDOMEventAttributeTagProcessor
[THYMELEAF]             * [* {th:onblur,data-th-onblur}] [1000]: org.thymeleaf.standard.processor.StandardDOMEventAttributeTagProcessor
[THYMELEAF]             * [* {th:oncontextmenu,data-th-oncontextmenu}] [1000]: org.thymeleaf.standard.processor.StandardDOMEventAttributeTagProcessor
[THYMELEAF]             * [* {th:href,data-th-href}] [1000]: org.thymeleaf.standard.processor.StandardHrefTagProcessor
[THYMELEAF]             * [* {th:inline,data-th-inline}] [1000]: org.thymeleaf.standard.processor.StandardInlineHTMLTagProcessor
[THYMELEAF]             * [* {th:method,data-th-method}] [1000]: org.thymeleaf.standard.processor.StandardMethodTagProcessor
[THYMELEAF]             * [* {th:name,data-th-name}] [1000]: org.thymeleaf.standard.processor.StandardNonRemovableAttributeTagProcessor
[THYMELEAF]             * [* {th:type,data-th-type}] [1000]: org.thymeleaf.standard.processor.StandardNonRemovableAttributeTagProcessor
[THYMELEAF]             * [* {th:rel,data-th-rel}] [1000]: org.thymeleaf.standard.processor.StandardRemovableAttributeTagProcessor
[THYMELEAF]             * [* {th:content,data-th-content}] [1000]: org.thymeleaf.standard.processor.StandardRemovableAttributeTagProcessor
[THYMELEAF]             * [* {th:headers,data-th-headers}] [1000]: org.thymeleaf.standard.processor.StandardRemovableAttributeTagProcessor
[THYMELEAF]             * [* {th:autocomplete,data-th-autocomplete}] [1000]: org.thymeleaf.standard.processor.StandardRemovableAttributeTagProcessor
[THYMELEAF]             * [* {th:vspace,data-th-vspace}] [1000]: org.thymeleaf.standard.processor.StandardRemovableAttributeTagProcessor
[THYMELEAF]             * [* {th:cols,data-th-cols}] [1000]: org.thymeleaf.standard.processor.StandardRemovableAttributeTagProcessor
[THYMELEAF]             * [* {th:enctype,data-th-enctype}] [1000]: org.thymeleaf.standard.processor.StandardRemovableAttributeTagProcessor
[THYMELEAF]             * [* {th:form,data-th-form}] [1000]: org.thymeleaf.standard.processor.StandardRemovableAttributeTagProcessor
[THYMELEAF]             * [* {th:cellspacing,data-th-cellspacing}] [1000]: org.thymeleaf.standard.processor.StandardRemovableAttributeTagProcessor
[THYMELEAF]             * [* {th:span,data-th-span}] [1000]: org.thymeleaf.standard.processor.StandardRemovableAttributeTagProcessor
[THYMELEAF]             * [* {th:srclang,data-th-srclang}] [1000]: org.thymeleaf.standard.processor.StandardRemovableAttributeTagProcessor
[THYMELEAF]             * [* {th:spellcheck,data-th-spellcheck}] [1000]: org.thymeleaf.standard.processor.StandardRemovableAttributeTagProcessor
[THYMELEAF]             * [* {th:target,data-th-target}] [1000]: org.thymeleaf.standard.processor.StandardRemovableAttributeTagProcessor
[THYMELEAF]             * [* {th:usemap,data-th-usemap}] [1000]: org.thymeleaf.standard.processor.StandardRemovableAttributeTagProcessor
[THYMELEAF]             * [* {th:max,data-th-max}] [1000]: org.thymeleaf.standard.processor.StandardRemovableAttributeTagProcessor
[THYMELEAF]             * [* {th:marginwidth,data-th-marginwidth}] [1000]: org.thymeleaf.standard.processor.StandardRemovableAttributeTagProcessor
[THYMELEAF]             * [* {th:alt,data-th-alt}] [1000]: org.thymeleaf.standard.processor.StandardRemovableAttributeTagProcessor
[THYMELEAF]             * [* {th:poster,data-th-poster}] [1000]: org.thymeleaf.standard.processor.StandardRemovableAttributeTagProcessor
[THYMELEAF]             * [* {th:label,data-th-label}] [1000]: org.thymeleaf.standard.processor.StandardRemovableAttributeTagProcessor
[THYMELEAF]             * [* {th:sandbox,data-th-sandbox}] [1000]: org.thymeleaf.standard.processor.StandardRemovableAttributeTagProcessor
[THYMELEAF]             * [* {th:bgcolor,data-th-bgcolor}] [1000]: org.thymeleaf.standard.processor.StandardRemovableAttributeTagProcessor
[THYMELEAF]             * [* {th:high,data-th-high}] [1000]: org.thymeleaf.standard.processor.StandardRemovableAttributeTagProcessor
[THYMELEAF]             * [* {th:border,data-th-border}] [1000]: org.thymeleaf.standard.processor.StandardRemovableAttributeTagProcessor
[THYMELEAF]             * [* {th:codetype,data-th-codetype}] [1000]: org.thymeleaf.standard.processor.StandardRemovableAttributeTagProcessor
[THYMELEAF]             * [* {th:placeholder,data-th-placeholder}] [1000]: org.thymeleaf.standard.processor.StandardRemovableAttributeTagProcessor
[THYMELEAF]             * [* {th:lang,data-th-lang}] [1000]: org.thymeleaf.standard.processor.StandardRemovableAttributeTagProcessor
[THYMELEAF]             * [* {th:optimum,data-th-optimum}] [1000]: org.thymeleaf.standard.processor.StandardRemovableAttributeTagProcessor
[THYMELEAF]             * [* {th:summary,data-th-summary}] [1000]: org.thymeleaf.standard.processor.StandardRemovableAttributeTagProcessor
[THYMELEAF]             * [* {th:class,data-th-class}] [1000]: org.thymeleaf.standard.processor.StandardRemovableAttributeTagProcessor
[THYMELEAF]             * [* {th:title,data-th-title}] [1000]: org.thymeleaf.standard.processor.StandardRemovableAttributeTagProcessor
[THYMELEAF]             * [* {th:axis,data-th-axis}] [1000]: org.thymeleaf.standard.processor.StandardRemovableAttributeTagProcessor
[THYMELEAF]             * [* {th:audio,data-th-audio}] [1000]: org.thymeleaf.standard.processor.StandardRemovableAttributeTagProcessor
[THYMELEAF]             * [* {th:maxlength,data-th-maxlength}] [1000]: org.thymeleaf.standard.processor.StandardRemovableAttributeTagProcessor
[THYMELEAF]             * [* {th:cite,data-th-cite}] [1000]: org.thymeleaf.standard.processor.StandardRemovableAttributeTagProcessor
[THYMELEAF]             * [* {th:style,data-th-style}] [1000]: org.thymeleaf.standard.processor.StandardRemovableAttributeTagProcessor
[THYMELEAF]             * [* {th:accesskey,data-th-accesskey}] [1000]: org.thymeleaf.standard.processor.StandardRemovableAttributeTagProcessor
[THYMELEAF]             * [* {th:manifest,data-th-manifest}] [1000]: org.thymeleaf.standard.processor.StandardRemovableAttributeTagProcessor
[THYMELEAF]             * [* {th:accept-charset,data-th-accept-charset}] [1000]: org.thymeleaf.standard.processor.StandardRemovableAttributeTagProcessor
[THYMELEAF]             * [* {th:draggable,data-th-draggable}] [1000]: org.thymeleaf.standard.processor.StandardRemovableAttributeTagProcessor
[THYMELEAF]             * [* {th:abbr,data-th-abbr}] [1000]: org.thymeleaf.standard.processor.StandardRemovableAttributeTagProcessor
[THYMELEAF]             * [* {th:charset,data-th-charset}] [1000]: org.thymeleaf.standard.processor.StandardRemovableAttributeTagProcessor
[THYMELEAF]             * [* {th:radiogroup,data-th-radiogroup}] [1000]: org.thymeleaf.standard.processor.StandardRemovableAttributeTagProcessor
[THYMELEAF]             * [* {th:valuetype,data-th-valuetype}] [1000]: org.thymeleaf.standard.processor.StandardRemovableAttributeTagProcessor
[THYMELEAF]             * [* {th:formenctype,data-th-formenctype}] [1000]: org.thymeleaf.standard.processor.StandardRemovableAttributeTagProcessor
[THYMELEAF]             * [* {th:dropzone,data-th-dropzone}] [1000]: org.thymeleaf.standard.processor.StandardRemovableAttributeTagProcessor
[THYMELEAF]             * [* {th:wrap,data-th-wrap}] [1000]: org.thymeleaf.standard.processor.StandardRemovableAttributeTagProcessor
[THYMELEAF]             * [* {th:low,data-th-low}] [1000]: org.thymeleaf.standard.processor.StandardRemovableAttributeTagProcessor
[THYMELEAF]             * [* {th:scheme,data-th-scheme}] [1000]: org.thymeleaf.standard.processor.StandardRemovableAttributeTagProcessor
[THYMELEAF]             * [* {th:archive,data-th-archive}] [1000]: org.thymeleaf.standard.processor.StandardRemovableAttributeTagProcessor
[THYMELEAF]             * [* {th:dir,data-th-dir}] [1000]: org.thymeleaf.standard.processor.StandardRemovableAttributeTagProcessor
[THYMELEAF]             * [* {th:longdesc,data-th-longdesc}] [1000]: org.thymeleaf.standard.processor.StandardRemovableAttributeTagProcessor
[THYMELEAF]             * [* {th:formtarget,data-th-formtarget}] [1000]: org.thymeleaf.standard.processor.StandardRemovableAttributeTagProcessor
[THYMELEAF]             * [* {th:datetime,data-th-datetime}] [1000]: org.thymeleaf.standard.processor.StandardRemovableAttributeTagProcessor
[THYMELEAF]             * [* {th:http-equiv,data-th-http-equiv}] [1000]: org.thymeleaf.standard.processor.StandardRemovableAttributeTagProcessor
[THYMELEAF]             * [* {th:height,data-th-height}] [1000]: org.thymeleaf.standard.processor.StandardRemovableAttributeTagProcessor
[THYMELEAF]             * [* {th:marginheight,data-th-marginheight}] [1000]: org.thymeleaf.standard.processor.StandardRemovableAttributeTagProcessor
[THYMELEAF]             * [* {th:rowspan,data-th-rowspan}] [1000]: org.thymeleaf.standard.processor.StandardRemovableAttributeTagProcessor
[THYMELEAF]             * [* {th:width,data-th-width}] [1000]: org.thymeleaf.standard.processor.StandardRemovableAttributeTagProcessor
[THYMELEAF]             * [* {th:start,data-th-start}] [1000]: org.thymeleaf.standard.processor.StandardRemovableAttributeTagProcessor
[THYMELEAF]             * [* {th:kind,data-th-kind}] [1000]: org.thymeleaf.standard.processor.StandardRemovableAttributeTagProcessor
[THYMELEAF]             * [* {th:contenteditable,data-th-contenteditable}] [1000]: org.thymeleaf.standard.processor.StandardRemovableAttributeTagProcessor
[THYMELEAF]             * [* {th:compact,data-th-compact}] [1000]: org.thymeleaf.standard.processor.StandardRemovableAttributeTagProcessor
[THYMELEAF]             * [* {th:rows,data-th-rows}] [1000]: org.thymeleaf.standard.processor.StandardRemovableAttributeTagProcessor
[THYMELEAF]             * [* {th:hspace,data-th-hspace}] [1000]: org.thymeleaf.standard.processor.StandardRemovableAttributeTagProcessor
[THYMELEAF]             * [* {th:data,data-th-data}] [1000]: org.thymeleaf.standard.processor.StandardRemovableAttributeTagProcessor
[THYMELEAF]             * [* {th:pattern,data-th-pattern}] [1000]: org.thymeleaf.standard.processor.StandardRemovableAttributeTagProcessor
[THYMELEAF]             * [* {th:challenge,data-th-challenge}] [1000]: org.thymeleaf.standard.processor.StandardRemovableAttributeTagProcessor
[THYMELEAF]             * [* {th:tabindex,data-th-tabindex}] [1000]: org.thymeleaf.standard.processor.StandardRemovableAttributeTagProcessor
[THYMELEAF]             * [* {th:accept,data-th-accept}] [1000]: org.thymeleaf.standard.processor.StandardRemovableAttributeTagProcessor
[THYMELEAF]             * [* {th:hreflang,data-th-hreflang}] [1000]: org.thymeleaf.standard.processor.StandardRemovableAttributeTagProcessor
[THYMELEAF]             * [* {th:size,data-th-size}] [1000]: org.thymeleaf.standard.processor.StandardRemovableAttributeTagProcessor
[THYMELEAF]             * [* {th:scope,data-th-scope}] [1000]: org.thymeleaf.standard.processor.StandardRemovableAttributeTagProcessor
[THYMELEAF]             * [* {th:codebase,data-th-codebase}] [1000]: org.thymeleaf.standard.processor.StandardRemovableAttributeTagProcessor
[THYMELEAF]             * [* {th:contextmenu,data-th-contextmenu}] [1000]: org.thymeleaf.standard.processor.StandardRemovableAttributeTagProcessor
[THYMELEAF]             * [* {th:formmethod,data-th-formmethod}] [1000]: org.thymeleaf.standard.processor.StandardRemovableAttributeTagProcessor
[THYMELEAF]             * [* {th:list,data-th-list}] [1000]: org.thymeleaf.standard.processor.StandardRemovableAttributeTagProcessor
[THYMELEAF]             * [* {th:frameborder,data-th-frameborder}] [1000]: org.thymeleaf.standard.processor.StandardRemovableAttributeTagProcessor
[THYMELEAF]             * [* {th:sizes,data-th-sizes}] [1000]: org.thymeleaf.standard.processor.StandardRemovableAttributeTagProcessor
[THYMELEAF]             * [* {th:min,data-th-min}] [1000]: org.thymeleaf.standard.processor.StandardRemovableAttributeTagProcessor
[THYMELEAF]             * [* {th:colspan,data-th-colspan}] [1000]: org.thymeleaf.standard.processor.StandardRemovableAttributeTagProcessor
[THYMELEAF]             * [* {th:align,data-th-align}] [1000]: org.thymeleaf.standard.processor.StandardRemovableAttributeTagProcessor
[THYMELEAF]             * [* {th:id,data-th-id}] [1000]: org.thymeleaf.standard.processor.StandardRemovableAttributeTagProcessor
[THYMELEAF]             * [* {th:classid,data-th-classid}] [1000]: org.thymeleaf.standard.processor.StandardRemovableAttributeTagProcessor
[THYMELEAF]             * [* {th:step,data-th-step}] [1000]: org.thymeleaf.standard.processor.StandardRemovableAttributeTagProcessor
[THYMELEAF]             * [* {th:formaction,data-th-formaction}] [1000]: org.thymeleaf.standard.processor.StandardRemovableAttributeTagProcessor
[THYMELEAF]             * [* {th:rev,data-th-rev}] [1000]: org.thymeleaf.standard.processor.StandardRemovableAttributeTagProcessor
[THYMELEAF]             * [* {th:rules,data-th-rules}] [1000]: org.thymeleaf.standard.processor.StandardRemovableAttributeTagProcessor
[THYMELEAF]             * [* {th:scrolling,data-th-scrolling}] [1000]: org.thymeleaf.standard.processor.StandardRemovableAttributeTagProcessor
[THYMELEAF]             * [* {th:frame,data-th-frame}] [1000]: org.thymeleaf.standard.processor.StandardRemovableAttributeTagProcessor
[THYMELEAF]             * [* {th:background,data-th-background}] [1000]: org.thymeleaf.standard.processor.StandardRemovableAttributeTagProcessor
[THYMELEAF]             * [* {th:for,data-th-for}] [1000]: org.thymeleaf.standard.processor.StandardRemovableAttributeTagProcessor
[THYMELEAF]             * [* {th:media,data-th-media}] [1000]: org.thymeleaf.standard.processor.StandardRemovableAttributeTagProcessor
[THYMELEAF]             * [* {th:icon,data-th-icon}] [1000]: org.thymeleaf.standard.processor.StandardRemovableAttributeTagProcessor
[THYMELEAF]             * [* {th:standby,data-th-standby}] [1000]: org.thymeleaf.standard.processor.StandardRemovableAttributeTagProcessor
[THYMELEAF]             * [* {th:preload,data-th-preload}] [1000]: org.thymeleaf.standard.processor.StandardRemovableAttributeTagProcessor
[THYMELEAF]             * [* {th:keytype,data-th-keytype}] [1000]: org.thymeleaf.standard.processor.StandardRemovableAttributeTagProcessor
[THYMELEAF]             * [* {th:cellpadding,data-th-cellpadding}] [1000]: org.thymeleaf.standard.processor.StandardRemovableAttributeTagProcessor
[THYMELEAF]             * [* {th:src,data-th-src}] [1000]: org.thymeleaf.standard.processor.StandardSrcTagProcessor
[THYMELEAF]             * [* {th:value,data-th-value}] [1000]: org.thymeleaf.standard.processor.StandardValueTagProcessor
[THYMELEAF]             * [* {th:xmlbase,data-th-xmlbase}] [1000]: org.thymeleaf.standard.processor.StandardXmlBaseTagProcessor
[THYMELEAF]             * [* {th:xmllang,data-th-xmllang}] [1000]: org.thymeleaf.standard.processor.StandardXmlLangTagProcessor
[THYMELEAF]             * [* {xmlns:th}] [1000]: org.thymeleaf.standard.processor.StandardXmlNsTagProcessor
[THYMELEAF]             * [* {th:xmlspace,data-th-xmlspace}] [1000]: org.thymeleaf.standard.processor.StandardXmlSpaceTagProcessor
[THYMELEAF]             * [* {th:classappend,data-th-classappend}] [1100]: org.thymeleaf.standard.processor.StandardClassappendTagProcessor
[THYMELEAF]             * [* {th:styleappend,data-th-styleappend}] [1100]: org.thymeleaf.standard.processor.StandardStyleappendTagProcessor
[THYMELEAF]             * [* {th:text,data-th-text}] [1300]: org.thymeleaf.standard.processor.StandardTextTagProcessor
[THYMELEAF]             * [* {th:utext,data-th-utext}] [1400]: org.thymeleaf.standard.processor.StandardUtextTagProcessor
[THYMELEAF]             * [* {th:fragment,data-th-fragment}] [1500]: org.thymeleaf.standard.processor.StandardFragmentTagProcessor
[THYMELEAF]             * [* {th:assert,data-th-assert}] [1550]: org.thymeleaf.standard.processor.StandardAssertTagProcessor
[THYMELEAF]             * [* {th:remove,data-th-remove}] [1600]: org.thymeleaf.standard.processor.StandardRemoveTagProcessor
[THYMELEAF]             * [* {th:ref,data-th-ref}] [10000]: org.thymeleaf.standard.processor.StandardRefAttributeTagProcessor
[THYMELEAF]             * [{th:block,th-block} *] [100000]: org.thymeleaf.standard.processor.StandardBlockTagProcessor
[THYMELEAF]             * [* th:*] [2147483647]: org.thymeleaf.standard.processor.StandardDefaultAttributesTagProcessor
[THYMELEAF]         * Text Processors by [precedence]:
[THYMELEAF]             * [1000]: org.thymeleaf.standard.processor.StandardInliningTextProcessor
[THYMELEAF]         * DOCTYPE Processors by [precedence]:
[THYMELEAF]             * [1000]: org.thymeleaf.standard.processor.StandardTranslationDocTypeProcessor
[THYMELEAF]         * CDATA Section Processors by [precedence]:
[THYMELEAF]             * [1000]: org.thymeleaf.standard.processor.StandardInliningCDATASectionProcessor
[THYMELEAF]         * Comment Processors by [precedence]:
[THYMELEAF]             * [1000]: org.thymeleaf.standard.processor.StandardInliningCommentProcessor
[THYMELEAF]             * [1100]: org.thymeleaf.standard.processor.StandardConditionalCommentProcessor
[THYMELEAF]     * Processors for Template Mode: XML
[THYMELEAF]         * Element Tag Processors by [matching element and attribute name] [precedence]:
[THYMELEAF]             * [* {th:include}] [100]: org.thymeleaf.standard.processor.StandardIncludeTagProcessor
[THYMELEAF]             * [* {th:insert}] [100]: org.thymeleaf.standard.processor.StandardInsertTagProcessor
[THYMELEAF]             * [* {th:replace}] [100]: org.thymeleaf.standard.processor.StandardReplaceTagProcessor
[THYMELEAF]             * [* {th:each}] [200]: com.intuit.karate.template.KarateEachTagProcessor
[THYMELEAF]             * [* {th:switch}] [250]: org.thymeleaf.standard.processor.StandardSwitchTagProcessor
[THYMELEAF]             * [* {th:case}] [275]: org.thymeleaf.standard.processor.StandardCaseTagProcessor
[THYMELEAF]             * [* {th:if}] [300]: org.thymeleaf.standard.processor.StandardIfTagProcessor
[THYMELEAF]             * [* {th:unless}] [400]: org.thymeleaf.standard.processor.StandardUnlessTagProcessor
[THYMELEAF]             * [* {th:object}] [500]: org.thymeleaf.standard.processor.StandardObjectTagProcessor
[THYMELEAF]             * [* {th:with}] [600]: com.intuit.karate.template.KarateWithTagProcessor
[THYMELEAF]             * [* {th:attr}] [700]: com.intuit.karate.template.KarateAttributeTagProcessor.KarateAttrTagProcessor
[THYMELEAF]             * [* {th:attrappend}] [900]: com.intuit.karate.template.KarateAttributeTagProcessor.KarateAttrappendTagProcessor
[THYMELEAF]             * [* {th:attrprepend}] [900]: com.intuit.karate.template.KarateAttributeTagProcessor.KarateAttrprependTagProcessor
[THYMELEAF]             * [* {th:inline}] [1000]: org.thymeleaf.standard.processor.StandardInlineXMLTagProcessor
[THYMELEAF]             * [* {xmlns:th}] [1000]: org.thymeleaf.standard.processor.StandardXmlNsTagProcessor
[THYMELEAF]             * [* {th:text}] [1300]: org.thymeleaf.standard.processor.StandardTextTagProcessor
[THYMELEAF]             * [* {th:utext}] [1400]: org.thymeleaf.standard.processor.StandardUtextTagProcessor
[THYMELEAF]             * [* {th:fragment}] [1500]: org.thymeleaf.standard.processor.StandardFragmentTagProcessor
[THYMELEAF]             * [* {th:assert}] [1550]: org.thymeleaf.standard.processor.StandardAssertTagProcessor
[THYMELEAF]             * [* {th:remove}] [1600]: org.thymeleaf.standard.processor.StandardRemoveTagProcessor
[THYMELEAF]             * [* {th:ref}] [10000]: org.thymeleaf.standard.processor.StandardRefAttributeTagProcessor
[THYMELEAF]             * [{th:block} *] [100000]: org.thymeleaf.standard.processor.StandardBlockTagProcessor
[THYMELEAF]             * [* th:*] [2147483647]: org.thymeleaf.standard.processor.StandardDefaultAttributesTagProcessor
[THYMELEAF]         * Text Processors by [precedence]:
[THYMELEAF]             * [1000]: org.thymeleaf.standard.processor.StandardInliningTextProcessor
[THYMELEAF]         * CDATA Section Processors by [precedence]:
[THYMELEAF]             * [1000]: org.thymeleaf.standard.processor.StandardInliningCDATASectionProcessor
[THYMELEAF]         * Comment Processors by [precedence]:
[THYMELEAF]             * [1000]: org.thymeleaf.standard.processor.StandardInliningCommentProcessor
[THYMELEAF]     * Processors for Template Mode: TEXT
[THYMELEAF]         * Element Tag Processors by [matching element and attribute name] [precedence]:
[THYMELEAF]             * [* {th:insert}] [100]: org.thymeleaf.standard.processor.StandardInsertTagProcessor
[THYMELEAF]             * [* {th:replace}] [100]: org.thymeleaf.standard.processor.StandardReplaceTagProcessor
[THYMELEAF]             * [* {th:each}] [200]: com.intuit.karate.template.KarateEachTagProcessor
[THYMELEAF]             * [* {th:switch}] [250]: org.thymeleaf.standard.processor.StandardSwitchTagProcessor
[THYMELEAF]             * [* {th:case}] [275]: org.thymeleaf.standard.processor.StandardCaseTagProcessor
[THYMELEAF]             * [* {th:if}] [300]: org.thymeleaf.standard.processor.StandardIfTagProcessor
[THYMELEAF]             * [* {th:unless}] [400]: org.thymeleaf.standard.processor.StandardUnlessTagProcessor
[THYMELEAF]             * [* {th:object}] [500]: org.thymeleaf.standard.processor.StandardObjectTagProcessor
[THYMELEAF]             * [* {th:with}] [600]: com.intuit.karate.template.KarateWithTagProcessor
[THYMELEAF]             * [* {th:inline}] [1000]: org.thymeleaf.standard.processor.StandardInlineTextualTagProcessor
[THYMELEAF]             * [* {th:text}] [1300]: org.thymeleaf.standard.processor.StandardTextTagProcessor
[THYMELEAF]             * [* {th:utext}] [1400]: org.thymeleaf.standard.processor.StandardUtextTagProcessor
[THYMELEAF]             * [* {th:assert}] [1550]: org.thymeleaf.standard.processor.StandardAssertTagProcessor
[THYMELEAF]             * [* {th:remove}] [1600]: org.thymeleaf.standard.processor.StandardRemoveTagProcessor
[THYMELEAF]             * [{th:block} *] [100000]: org.thymeleaf.standard.processor.StandardBlockTagProcessor
[THYMELEAF]             * [* 100000] [org.thymeleaf.standard.processor.StandardBlockTagProcessor]: {}
[THYMELEAF]         * Text Processors by [precedence]:
[THYMELEAF]             * [1000]: org.thymeleaf.standard.processor.StandardInliningTextProcessor
[THYMELEAF]     * Processors for Template Mode: JAVASCRIPT
[THYMELEAF]         * Element Tag Processors by [matching element and attribute name] [precedence]:
[THYMELEAF]             * [* {th:insert}] [100]: org.thymeleaf.standard.processor.StandardInsertTagProcessor
[THYMELEAF]             * [* {th:replace}] [100]: org.thymeleaf.standard.processor.StandardReplaceTagProcessor
[THYMELEAF]             * [* {th:each}] [200]: com.intuit.karate.template.KarateEachTagProcessor
[THYMELEAF]             * [* {th:switch}] [250]: org.thymeleaf.standard.processor.StandardSwitchTagProcessor
[THYMELEAF]             * [* {th:case}] [275]: org.thymeleaf.standard.processor.StandardCaseTagProcessor
[THYMELEAF]             * [* {th:if}] [300]: org.thymeleaf.standard.processor.StandardIfTagProcessor
[THYMELEAF]             * [* {th:unless}] [400]: org.thymeleaf.standard.processor.StandardUnlessTagProcessor
[THYMELEAF]             * [* {th:object}] [500]: org.thymeleaf.standard.processor.StandardObjectTagProcessor
[THYMELEAF]             * [* {th:with}] [600]: com.intuit.karate.template.KarateWithTagProcessor
[THYMELEAF]             * [* {th:inline}] [1000]: org.thymeleaf.standard.processor.StandardInlineTextualTagProcessor
[THYMELEAF]             * [* {th:text}] [1300]: org.thymeleaf.standard.processor.StandardTextTagProcessor
[THYMELEAF]             * [* {th:utext}] [1400]: org.thymeleaf.standard.processor.StandardUtextTagProcessor
[THYMELEAF]             * [* {th:assert}] [1550]: org.thymeleaf.standard.processor.StandardAssertTagProcessor
[THYMELEAF]             * [* {th:remove}] [1600]: org.thymeleaf.standard.processor.StandardRemoveTagProcessor
[THYMELEAF]             * [{th:block} *] [100000]: org.thymeleaf.standard.processor.StandardBlockTagProcessor
[THYMELEAF]             * [* 100000] [org.thymeleaf.standard.processor.StandardBlockTagProcessor]: {}
[THYMELEAF]         * Text Processors by [precedence]:
[THYMELEAF]             * [1000]: org.thymeleaf.standard.processor.StandardInliningTextProcessor
[THYMELEAF]     * Processors for Template Mode: CSS
[THYMELEAF]         * Element Tag Processors by [matching element and attribute name] [precedence]:
[THYMELEAF]             * [* {th:insert}] [100]: org.thymeleaf.standard.processor.StandardInsertTagProcessor
[THYMELEAF]             * [* {th:replace}] [100]: org.thymeleaf.standard.processor.StandardReplaceTagProcessor
[THYMELEAF]             * [* {th:each}] [200]: com.intuit.karate.template.KarateEachTagProcessor
[THYMELEAF]             * [* {th:switch}] [250]: org.thymeleaf.standard.processor.StandardSwitchTagProcessor
[THYMELEAF]             * [* {th:case}] [275]: org.thymeleaf.standard.processor.StandardCaseTagProcessor
[THYMELEAF]             * [* {th:if}] [300]: org.thymeleaf.standard.processor.StandardIfTagProcessor
[THYMELEAF]             * [* {th:unless}] [400]: org.thymeleaf.standard.processor.StandardUnlessTagProcessor
[THYMELEAF]             * [* {th:object}] [500]: org.thymeleaf.standard.processor.StandardObjectTagProcessor
[THYMELEAF]             * [* {th:with}] [600]: com.intuit.karate.template.KarateWithTagProcessor
[THYMELEAF]             * [* {th:inline}] [1000]: org.thymeleaf.standard.processor.StandardInlineTextualTagProcessor
[THYMELEAF]             * [* {th:text}] [1300]: org.thymeleaf.standard.processor.StandardTextTagProcessor
[THYMELEAF]             * [* {th:utext}] [1400]: org.thymeleaf.standard.processor.StandardUtextTagProcessor
[THYMELEAF]             * [* {th:assert}] [1550]: org.thymeleaf.standard.processor.StandardAssertTagProcessor
[THYMELEAF]             * [* {th:remove}] [1600]: org.thymeleaf.standard.processor.StandardRemoveTagProcessor
[THYMELEAF]             * [{th:block} *] [100000]: org.thymeleaf.standard.processor.StandardBlockTagProcessor
[THYMELEAF]             * [* 100000] [org.thymeleaf.standard.processor.StandardBlockTagProcessor]: {}
[THYMELEAF]         * Text Processors by [precedence]:
[THYMELEAF]             * [1000]: org.thymeleaf.standard.processor.StandardInliningTextProcessor
[THYMELEAF]     * Expression Objects:
[THYMELEAF]         * #ctx
[THYMELEAF]         * #root
[THYMELEAF]         * #vars
[THYMELEAF]         * #object
[THYMELEAF]         * #locale
[THYMELEAF]         * #conversions
[THYMELEAF]         * #uris
[THYMELEAF]         * #temporals
[THYMELEAF]         * #calendars
[THYMELEAF]         * #dates
[THYMELEAF]         * #bools
[THYMELEAF]         * #numbers
[THYMELEAF]         * #objects
[THYMELEAF]         * #strings
[THYMELEAF]         * #arrays
[THYMELEAF]         * #lists
[THYMELEAF]         * #sets
[THYMELEAF]         * #maps
[THYMELEAF]         * #aggregates
[THYMELEAF]         * #messages
[THYMELEAF]         * #ids
[THYMELEAF]         * #execInfo
[THYMELEAF]         * #request
[THYMELEAF]         * #response
[THYMELEAF]         * #session
[THYMELEAF]         * #servletContext
[THYMELEAF]     * Execution Attributes:
[THYMELEAF]         * "StandardExpressionParser": com.intuit.karate.template.KarateStandardDialect@69de72ec
[THYMELEAF]         * "StandardJavaScriptSerializer": org.thymeleaf.standard.serializer.StandardJavaScriptSerializer@7e691624
[THYMELEAF]         * "StandardCSSSerializer": org.thymeleaf.standard.serializer.StandardCSSSerializer@7ef60c02
[THYMELEAF]         * "StandardVariableExpressionEvaluator": com.intuit.karate.template.KarateStandardDialect@69de72ec
[THYMELEAF]         * "StandardConversionService": org.thymeleaf.standard.expression.StandardConversionService@5d9d8e46
[THYMELEAF] * Dialect [2 of 2]: karate (com.intuit.karate.template.KarateScriptDialect)
[THYMELEAF]     * Prefix: "ka"
[THYMELEAF]     * Processors for Template Mode: HTML
[THYMELEAF]         * Element Tag Processors by [matching element and attribute name] [precedence]:
[THYMELEAF]             * [* {src}] [1000]: com.intuit.karate.template.KaScriptAttrProcessor
[THYMELEAF]         * Element Model Processors by [matching element and attribute name] [precedence]:
[THYMELEAF]             * [{script} {ka:scope,data-ka-scope}] [1000]: com.intuit.karate.template.KaScriptElemProcessor
[THYMELEAF]             * [* {ka:set,data-ka-set}] [1000]: com.intuit.karate.template.KaSetElemProcessor
[THYMELEAF] TEMPLATE ENGINE CONFIGURED OK
21:32:28.663 [main] DEBUG org.thymeleaf.TemplateEngine -- [THYMELEAF] TEMPLATE ENGINE INITIALIZED
21:32:28.672 [main] DEBUG org.thymeleaf.TemplateEngine -- [THYMELEAF] INITIALIZING TEMPLATE ENGINE
21:32:28.685 [main] DEBUG org.thymeleaf.TemplateEngine.CONFIG -- Initializing Thymeleaf Template engine configuration...
[THYMELEAF] TEMPLATE ENGINE CONFIGURATION:
[THYMELEAF] * Thymeleaf version: 3.1.2.RELEASE (built 2023-07-30T19:25:50+0000)
[THYMELEAF] * Cache Manager implementation: org.thymeleaf.cache.StandardCacheManager
[THYMELEAF] * Template resolvers:
[THYMELEAF]     * [1] com.intuit.karate.template.ResourceHtmlTemplateResolver
[THYMELEAF] * Message resolvers:
[THYMELEAF]     * org.thymeleaf.messageresolver.StandardMessageResolver
[THYMELEAF] * Link builders:
[THYMELEAF]     * org.thymeleaf.linkbuilder.StandardLinkBuilder
[THYMELEAF] * Dialect [1 of 2]: Standard (com.intuit.karate.template.KarateStandardDialect)
[THYMELEAF]     * Prefix: "th"
[THYMELEAF]     * Processors for Template Mode: HTML
[THYMELEAF]         * Element Tag Processors by [matching element and attribute name] [precedence]:
[THYMELEAF]             * [* {th:include,data-th-include}] [100]: org.thymeleaf.standard.processor.StandardIncludeTagProcessor
[THYMELEAF]             * [* {th:insert,data-th-insert}] [100]: org.thymeleaf.standard.processor.StandardInsertTagProcessor
[THYMELEAF]             * [* {th:replace,data-th-replace}] [100]: org.thymeleaf.standard.processor.StandardReplaceTagProcessor
[THYMELEAF]             * [* {th:each,data-th-each}] [200]: com.intuit.karate.template.KarateEachTagProcessor
[THYMELEAF]             * [* {th:switch,data-th-switch}] [250]: org.thymeleaf.standard.processor.StandardSwitchTagProcessor
[THYMELEAF]             * [* {th:case,data-th-case}] [275]: org.thymeleaf.standard.processor.StandardCaseTagProcessor
[THYMELEAF]             * [* {th:if,data-th-if}] [300]: org.thymeleaf.standard.processor.StandardIfTagProcessor
[THYMELEAF]             * [* {th:unless,data-th-unless}] [400]: org.thymeleaf.standard.processor.StandardUnlessTagProcessor
[THYMELEAF]             * [* {th:object,data-th-object}] [500]: org.thymeleaf.standard.processor.StandardObjectTagProcessor
[THYMELEAF]             * [* {th:with,data-th-with}] [600]: com.intuit.karate.template.KarateWithTagProcessor
[THYMELEAF]             * [* {th:attr,data-th-attr}] [700]: com.intuit.karate.template.KarateAttributeTagProcessor.KarateAttrTagProcessor
[THYMELEAF]             * [* {th:attrappend,data-th-attrappend}] [900]: com.intuit.karate.template.KarateAttributeTagProcessor.KarateAttrappendTagProcessor
[THYMELEAF]             * [* {th:attrprepend,data-th-attrprepend}] [900]: com.intuit.karate.template.KarateAttributeTagProcessor.KarateAttrprependTagProcessor
[THYMELEAF]             * [* {th:alt-title,data-th-alt-title}] [990]: org.thymeleaf.standard.processor.StandardAltTitleTagProcessor
[THYMELEAF]             * [* {th:lang-xmllang,data-th-lang-xmllang}] [990]: org.thymeleaf.standard.processor.StandardLangXmlLangTagProcessor
[THYMELEAF]             * [* {th:action,data-th-action}] [1000]: org.thymeleaf.standard.processor.StandardActionTagProcessor
[THYMELEAF]             * [* {th:open,data-th-open}] [1000]: org.thymeleaf.standard.processor.StandardConditionalFixedValueTagProcessor
[THYMELEAF]             * [* {th:required,data-th-required}] [1000]: org.thymeleaf.standard.processor.StandardConditionalFixedValueTagProcessor
[THYMELEAF]             * [* {th:ismap,data-th-ismap}] [1000]: org.thymeleaf.standard.processor.StandardConditionalFixedValueTagProcessor
[THYMELEAF]             * [* {th:pubdate,data-th-pubdate}] [1000]: org.thymeleaf.standard.processor.StandardConditionalFixedValueTagProcessor
[THYMELEAF]             * [* {th:nowrap,data-th-nowrap}] [1000]: org.thymeleaf.standard.processor.StandardConditionalFixedValueTagProcessor
[THYMELEAF]             * [* {th:checked,data-th-checked}] [1000]: org.thymeleaf.standard.processor.StandardConditionalFixedValueTagProcessor
[THYMELEAF]             * [* {th:seamless,data-th-seamless}] [1000]: org.thymeleaf.standard.processor.StandardConditionalFixedValueTagProcessor
[THYMELEAF]             * [* {th:autofocus,data-th-autofocus}] [1000]: org.thymeleaf.standard.processor.StandardConditionalFixedValueTagProcessor
[THYMELEAF]             * [* {th:disabled,data-th-disabled}] [1000]: org.thymeleaf.standard.processor.StandardConditionalFixedValueTagProcessor
[THYMELEAF]             * [* {th:loop,data-th-loop}] [1000]: org.thymeleaf.standard.processor.StandardConditionalFixedValueTagProcessor
[THYMELEAF]             * [* {th:async,data-th-async}] [1000]: org.thymeleaf.standard.processor.StandardConditionalFixedValueTagProcessor
[THYMELEAF]             * [* {th:readonly,data-th-readonly}] [1000]: org.thymeleaf.standard.processor.StandardConditionalFixedValueTagProcessor
[THYMELEAF]             * [* {th:scoped,data-th-scoped}] [1000]: org.thymeleaf.standard.processor.StandardConditionalFixedValueTagProcessor
[THYMELEAF]             * [* {th:controls,data-th-controls}] [1000]: org.thymeleaf.standard.processor.StandardConditionalFixedValueTagProcessor
[THYMELEAF]             * [* {th:autoplay,data-th-autoplay}] [1000]: org.thymeleaf.standard.processor.StandardConditionalFixedValueTagProcessor
[THYMELEAF]             * [* {th:declare,data-th-declare}] [1000]: org.thymeleaf.standard.processor.StandardConditionalFixedValueTagProcessor
[THYMELEAF]             * [* {th:default,data-th-default}] [1000]: org.thymeleaf.standard.processor.StandardConditionalFixedValueTagProcessor
[THYMELEAF]             * [* {th:hidden,data-th-hidden}] [1000]: org.thymeleaf.standard.processor.StandardConditionalFixedValueTagProcessor
[THYMELEAF]             * [* {th:formnovalidate,data-th-formnovalidate}] [1000]: org.thymeleaf.standard.processor.StandardConditionalFixedValueTagProcessor
[THYMELEAF]             * [* {th:selected,data-th-selected}] [1000]: org.thymeleaf.standard.processor.StandardConditionalFixedValueTagProcessor
[THYMELEAF]             * [* {th:novalidate,data-th-novalidate}] [1000]: org.thymeleaf.standard.processor.StandardConditionalFixedValueTagProcessor
[THYMELEAF]             * [* {th:multiple,data-th-multiple}] [1000]: org.thymeleaf.standard.processor.StandardConditionalFixedValueTagProcessor
[THYMELEAF]             * [* {th:reversed,data-th-reversed}] [1000]: org.thymeleaf.standard.processor.StandardConditionalFixedValueTagProcessor
[THYMELEAF]             * [* {th:defer,data-th-defer}] [1000]: org.thymeleaf.standard.processor.StandardConditionalFixedValueTagProcessor
[THYMELEAF]             * [* {th:onloadeddata,data-th-onloadeddata}] [1000]: org.thymeleaf.standard.processor.StandardDOMEventAttributeTagProcessor
[THYMELEAF]             * [* {th:oninvalid,data-th-oninvalid}] [1000]: org.thymeleaf.standard.processor.StandardDOMEventAttributeTagProcessor
[THYMELEAF]             * [* {th:onloadedmetadata,data-th-onloadedmetadata}] [1000]: org.thymeleaf.standard.processor.StandardDOMEventAttributeTagProcessor
[THYMELEAF]             * [* {th:onmousedown,data-th-onmousedown}] [1000]: org.thymeleaf.standard.processor.StandardDOMEventAttributeTagProcessor
[THYMELEAF]             * [* {th:onafterprint,data-th-onafterprint}] [1000]: org.thymeleaf.standard.processor.StandardDOMEventAttributeTagProcessor
[THYMELEAF]             * [* {th:onclick,data-th-onclick}] [1000]: org.thymeleaf.standard.processor.StandardDOMEventAttributeTagProcessor
[THYMELEAF]             * [* {th:onkeypress,data-th-onkeypress}] [1000]: org.thymeleaf.standard.processor.StandardDOMEventAttributeTagProcessor
[THYMELEAF]             * [* {th:onseeking,data-th-onseeking}] [1000]: org.thymeleaf.standard.processor.StandardDOMEventAttributeTagProcessor
[THYMELEAF]             * [* {th:onstalled,data-th-onstalled}] [1000]: org.thymeleaf.standard.processor.StandardDOMEventAttributeTagProcessor
[THYMELEAF]             * [* {th:onvolumechange,data-th-onvolumechange}] [1000]: org.thymeleaf.standard.processor.StandardDOMEventAttributeTagProcessor
[THYMELEAF]             * [* {th:onreadystatechange,data-th-onreadystatechange}] [1000]: org.thymeleaf.standard.processor.StandardDOMEventAttributeTagProcessor
[THYMELEAF]             * [* {th:onwaiting,data-th-onwaiting}] [1000]: org.thymeleaf.standard.processor.StandardDOMEventAttributeTagProcessor
[THYMELEAF]             * [* {th:onresize,data-th-onresize}] [1000]: org.thymeleaf.standard.processor.StandardDOMEventAttributeTagProcessor
[THYMELEAF]             * [* {th:ondragend,data-th-ondragend}] [1000]: org.thymeleaf.standard.processor.StandardDOMEventAttributeTagProcessor
[THYMELEAF]             * [* {th:onfocus,data-th-onfocus}] [1000]: org.thymeleaf.standard.processor.StandardDOMEventAttributeTagProcessor
[THYMELEAF]             * [* {th:onended,data-th-onended}] [1000]: org.thymeleaf.standard.processor.StandardDOMEventAttributeTagProcessor
[THYMELEAF]             * [* {th:onpause,data-th-onpause}] [1000]: org.thymeleaf.standard.processor.StandardDOMEventAttributeTagProcessor
[THYMELEAF]             * [* {th:onredo,data-th-onredo}] [1000]: org.thymeleaf.standard.processor.StandardDOMEventAttributeTagProcessor
[THYMELEAF]             * [* {th:ondurationchange,data-th-ondurationchange}] [1000]: org.thymeleaf.standard.processor.StandardDOMEventAttributeTagProcessor
[THYMELEAF]             * [* {th:onload,data-th-onload}] [1000]: org.thymeleaf.standard.processor.StandardDOMEventAttributeTagProcessor
[THYMELEAF]             * [* {th:onabort,data-th-onabort}] [1000]: org.thymeleaf.standard.processor.StandardDOMEventAttributeTagProcessor
[THYMELEAF]             * [* {th:onscroll,data-th-onscroll}] [1000]: org.thymeleaf.standard.processor.StandardDOMEventAttributeTagProcessor
[THYMELEAF]             * [* {th:onstorage,data-th-onstorage}] [1000]: org.thymeleaf.standard.processor.StandardDOMEventAttributeTagProcessor
[THYMELEAF]             * [* {th:ondragstart,data-th-ondragstart}] [1000]: org.thymeleaf.standard.processor.StandardDOMEventAttributeTagProcessor
[THYMELEAF]             * [* {th:onkeydown,data-th-onkeydown}] [1000]: org.thymeleaf.standard.processor.StandardDOMEventAttributeTagProcessor
[THYMELEAF]             * [* {th:onsubmit,data-th-onsubmit}] [1000]: org.thymeleaf.standard.processor.StandardDOMEventAttributeTagProcessor
[THYMELEAF]             * [* {th:onratechange,data-th-onratechange}] [1000]: org.thymeleaf.standard.processor.StandardDOMEventAttributeTagProcessor
[THYMELEAF]             * [* {th:onpopstate,data-th-onpopstate}] [1000]: org.thymeleaf.standard.processor.StandardDOMEventAttributeTagProcessor
[THYMELEAF]             * [* {th:ontimeupdate,data-th-ontimeupdate}] [1000]: org.thymeleaf.standard.processor.StandardDOMEventAttributeTagProcessor
[THYMELEAF]             * [* {th:onchange,data-th-onchange}] [1000]: org.thymeleaf.standard.processor.StandardDOMEventAttributeTagProcessor
[THYMELEAF]             * [* {th:onsuspend,data-th-onsuspend}] [1000]: org.thymeleaf.standard.processor.StandardDOMEventAttributeTagProcessor
[THYMELEAF]             * [* {th:onselect,data-th-onselect}] [1000]: org.thymeleaf.standard.processor.StandardDOMEventAttributeTagProcessor
[THYMELEAF]             * [* {th:onprogress,data-th-onprogress}] [1000]: org.thymeleaf.standard.processor.StandardDOMEventAttributeTagProcessor
[THYMELEAF]             * [* {th:ondrag,data-th-ondrag}] [1000]: org.thymeleaf.standard.processor.StandardDOMEventAttributeTagProcessor
[THYMELEAF]             * [* {th:oncontextmenu,data-th-oncontextmenu}] [1000]: org.thymeleaf.standard.processor.StandardDOMEventAttributeTagProcessor
[THYMELEAF]             * [* {th:onloadstart,data-th-onloadstart}] [1000]: org.thymeleaf.standard.processor.StandardDOMEventAttributeTagProcessor
[THYMELEAF]             * [* {th:onreset,data-th-onreset}] [1000]: org.thymeleaf.standard.processor.StandardDOMEventAttributeTagProcessor
[THYMELEAF]             * [* {th:ondblclick,data-th-ondblclick}] [1000]: org.thymeleaf.standard.processor.StandardDOMEventAttributeTagProcessor
[THYMELEAF]             * [* {th:onforminput,data-th-onforminput}] [1000]: org.thymeleaf.standard.processor.StandardDOMEventAttributeTagProcessor
[THYMELEAF]             * [* {th:onblur,data-th-onblur}] [1000]: org.thymeleaf.standard.processor.StandardDOMEventAttributeTagProcessor
[THYMELEAF]             * [* {th:onmouseup,data-th-onmouseup}] [1000]: org.thymeleaf.standard.processor.StandardDOMEventAttributeTagProcessor
[THYMELEAF]             * [* {th:onkeyup,data-th-onkeyup}] [1000]: org.thymeleaf.standard.processor.StandardDOMEventAttributeTagProcessor
[THYMELEAF]             * [* {th:oncanplay,data-th-oncanplay}] [1000]: org.thymeleaf.standard.processor.StandardDOMEventAttributeTagProcessor
[THYMELEAF]             * [* {th:onplay,data-th-onplay}] [1000]: org.thymeleaf.standard.processor.StandardDOMEventAttributeTagProcessor
[THYMELEAF]             * [* {th:onemptied,data-th-onemptied}] [1000]: org.thymeleaf.standard.processor.StandardDOMEventAttributeTagProcessor
[THYMELEAF]             * [* {th:ondragover,data-th-ondragover}] [1000]: org.thymeleaf.standard.processor.StandardDOMEventAttributeTagProcessor
[THYMELEAF]             * [* {th:onseeked,data-th-onseeked}] [1000]: org.thymeleaf.standard.processor.StandardDOMEventAttributeTagProcessor
[THYMELEAF]             * [* {th:onerror,data-th-onerror}] [1000]: org.thymeleaf.standard.processor.StandardDOMEventAttributeTagProcessor
[THYMELEAF]             * [* {th:ondragleave,data-th-ondragleave}] [1000]: org.thymeleaf.standard.processor.StandardDOMEventAttributeTagProcessor
[THYMELEAF]             * [* {th:oninput,data-th-oninput}] [1000]: org.thymeleaf.standard.processor.StandardDOMEventAttributeTagProcessor
[THYMELEAF]             * [* {th:onbeforeprint,data-th-onbeforeprint}] [1000]: org.thymeleaf.standard.processor.StandardDOMEventAttributeTagProcessor
[THYMELEAF]             * [* {th:ondragenter,data-th-ondragenter}] [1000]: org.thymeleaf.standard.processor.StandardDOMEventAttributeTagProcessor
[THYMELEAF]             * [* {th:onunload,data-th-onunload}] [1000]: org.thymeleaf.standard.processor.StandardDOMEventAttributeTagProcessor
[THYMELEAF]             * [* {th:ononline,data-th-ononline}] [1000]: org.thymeleaf.standard.processor.StandardDOMEventAttributeTagProcessor
[THYMELEAF]             * [* {th:oncanplaythrough,data-th-oncanplaythrough}] [1000]: org.thymeleaf.standard.processor.StandardDOMEventAttributeTagProcessor
[THYMELEAF]             * [* {th:onmouseover,data-th-onmouseover}] [1000]: org.thymeleaf.standard.processor.StandardDOMEventAttributeTagProcessor
[THYMELEAF]             * [* {th:onshow,data-th-onshow}] [1000]: org.thymeleaf.standard.processor.StandardDOMEventAttributeTagProcessor
[THYMELEAF]             * [* {th:onmessage,data-th-onmessage}] [1000]: org.thymeleaf.standard.processor.StandardDOMEventAttributeTagProcessor
[THYMELEAF]             * [* {th:onmousemove,data-th-onmousemove}] [1000]: org.thymeleaf.standard.processor.StandardDOMEventAttributeTagProcessor
[THYMELEAF]             * [* {th:ondrop,data-th-ondrop}] [1000]: org.thymeleaf.standard.processor.StandardDOMEventAttributeTagProcessor
[THYMELEAF]             * [* {th:onoffline,data-th-onoffline}] [1000]: org.thymeleaf.standard.processor.StandardDOMEventAttributeTagProcessor
[THYMELEAF]             * [* {th:onmouseout,data-th-onmouseout}] [1000]: org.thymeleaf.standard.processor.StandardDOMEventAttributeTagProcessor
[THYMELEAF]             * [* {th:onundo,data-th-onundo}] [1000]: org.thymeleaf.standard.processor.StandardDOMEventAttributeTagProcessor
[THYMELEAF]             * [* {th:onbeforeunload,data-th-onbeforeunload}] [1000]: org.thymeleaf.standard.processor.StandardDOMEventAttributeTagProcessor
[THYMELEAF]             * [* {th:onmousewheel,data-th-onmousewheel}] [1000]: org.thymeleaf.standard.processor.StandardDOMEventAttributeTagProcessor
[THYMELEAF]             * [* {th:onhashchange,data-th-onhashchange}] [1000]: org.thymeleaf.standard.processor.StandardDOMEventAttributeTagProcessor
[THYMELEAF]             * [* {th:onplaying,data-th-onplaying}] [1000]: org.thymeleaf.standard.processor.StandardDOMEventAttributeTagProcessor
[THYMELEAF]             * [* {th:onformchange,data-th-onformchange}] [1000]: org.thymeleaf.standard.processor.StandardDOMEventAttributeTagProcessor
[THYMELEAF]             * [* {th:href,data-th-href}] [1000]: org.thymeleaf.standard.processor.StandardHrefTagProcessor
[THYMELEAF]             * [* {th:inline,data-th-inline}] [1000]: org.thymeleaf.standard.processor.StandardInlineHTMLTagProcessor
[THYMELEAF]             * [* {th:method,data-th-method}] [1000]: org.thymeleaf.standard.processor.StandardMethodTagProcessor
[THYMELEAF]             * [* {th:name,data-th-name}] [1000]: org.thymeleaf.standard.processor.StandardNonRemovableAttributeTagProcessor
[THYMELEAF]             * [* {th:type,data-th-type}] [1000]: org.thymeleaf.standard.processor.StandardNonRemovableAttributeTagProcessor
[THYMELEAF]             * [* {th:step,data-th-step}] [1000]: org.thymeleaf.standard.processor.StandardRemovableAttributeTagProcessor
[THYMELEAF]             * [* {th:codetype,data-th-codetype}] [1000]: org.thymeleaf.standard.processor.StandardRemovableAttributeTagProcessor
[THYMELEAF]             * [* {th:draggable,data-th-draggable}] [1000]: org.thymeleaf.standard.processor.StandardRemovableAttributeTagProcessor
[THYMELEAF]             * [* {th:formaction,data-th-formaction}] [1000]: org.thymeleaf.standard.processor.StandardRemovableAttributeTagProcessor
[THYMELEAF]             * [* {th:width,data-th-width}] [1000]: org.thymeleaf.standard.processor.StandardRemovableAttributeTagProcessor
[THYMELEAF]             * [* {th:charset,data-th-charset}] [1000]: org.thymeleaf.standard.processor.StandardRemovableAttributeTagProcessor
[THYMELEAF]             * [* {th:abbr,data-th-abbr}] [1000]: org.thymeleaf.standard.processor.StandardRemovableAttributeTagProcessor
[THYMELEAF]             * [* {th:placeholder,data-th-placeholder}] [1000]: org.thymeleaf.standard.processor.StandardRemovableAttributeTagProcessor
[THYMELEAF]             * [* {th:poster,data-th-poster}] [1000]: org.thymeleaf.standard.processor.StandardRemovableAttributeTagProcessor
[THYMELEAF]             * [* {th:compact,data-th-compact}] [1000]: org.thymeleaf.standard.processor.StandardRemovableAttributeTagProcessor
[THYMELEAF]             * [* {th:sizes,data-th-sizes}] [1000]: org.thymeleaf.standard.processor.StandardRemovableAttributeTagProcessor
[THYMELEAF]             * [* {th:formtarget,data-th-formtarget}] [1000]: org.thymeleaf.standard.processor.StandardRemovableAttributeTagProcessor
[THYMELEAF]             * [* {th:http-equiv,data-th-http-equiv}] [1000]: org.thymeleaf.standard.processor.StandardRemovableAttributeTagProcessor
[THYMELEAF]             * [* {th:max,data-th-max}] [1000]: org.thymeleaf.standard.processor.StandardRemovableAttributeTagProcessor
[THYMELEAF]             * [* {th:data,data-th-data}] [1000]: org.thymeleaf.standard.processor.StandardRemovableAttributeTagProcessor
[THYMELEAF]             * [* {th:bgcolor,data-th-bgcolor}] [1000]: org.thymeleaf.standard.processor.StandardRemovableAttributeTagProcessor
[THYMELEAF]             * [* {th:align,data-th-align}] [1000]: org.thymeleaf.standard.processor.StandardRemovableAttributeTagProcessor
[THYMELEAF]             * [* {th:low,data-th-low}] [1000]: org.thymeleaf.standard.processor.StandardRemovableAttributeTagProcessor
[THYMELEAF]             * [* {th:standby,data-th-standby}] [1000]: org.thymeleaf.standard.processor.StandardRemovableAttributeTagProcessor
[THYMELEAF]             * [* {th:rev,data-th-rev}] [1000]: org.thymeleaf.standard.processor.StandardRemovableAttributeTagProcessor
[THYMELEAF]             * [* {th:vspace,data-th-vspace}] [1000]: org.thymeleaf.standard.processor.StandardRemovableAttributeTagProcessor
[THYMELEAF]             * [* {th:datetime,data-th-datetime}] [1000]: org.thymeleaf.standard.processor.StandardRemovableAttributeTagProcessor
[THYMELEAF]             * [* {th:height,data-th-height}] [1000]: org.thymeleaf.standard.processor.StandardRemovableAttributeTagProcessor
[THYMELEAF]             * [* {th:dir,data-th-dir}] [1000]: org.thymeleaf.standard.processor.StandardRemovableAttributeTagProcessor
[THYMELEAF]             * [* {th:lang,data-th-lang}] [1000]: org.thymeleaf.standard.processor.StandardRemovableAttributeTagProcessor
[THYMELEAF]             * [* {th:rows,data-th-rows}] [1000]: org.thymeleaf.standard.processor.StandardRemovableAttributeTagProcessor
[THYMELEAF]             * [* {th:classid,data-th-classid}] [1000]: org.thymeleaf.standard.processor.StandardRemovableAttributeTagProcessor
[THYMELEAF]             * [* {th:scheme,data-th-scheme}] [1000]: org.thymeleaf.standard.processor.StandardRemovableAttributeTagProcessor
[THYMELEAF]             * [* {th:form,data-th-form}] [1000]: org.thymeleaf.standard.processor.StandardRemovableAttributeTagProcessor
[THYMELEAF]             * [* {th:enctype,data-th-enctype}] [1000]: org.thymeleaf.standard.processor.StandardRemovableAttributeTagProcessor
[THYMELEAF]             * [* {th:codebase,data-th-codebase}] [1000]: org.thymeleaf.standard.processor.StandardRemovableAttributeTagProcessor
[THYMELEAF]             * [* {th:start,data-th-start}] [1000]: org.thymeleaf.standard.processor.StandardRemovableAttributeTagProcessor
[THYMELEAF]             * [* {th:cols,data-th-cols}] [1000]: org.thymeleaf.standard.processor.StandardRemovableAttributeTagProcessor
[THYMELEAF]             * [* {th:valuetype,data-th-valuetype}] [1000]: org.thymeleaf.standard.processor.StandardRemovableAttributeTagProcessor
[THYMELEAF]             * [* {th:challenge,data-th-challenge}] [1000]: org.thymeleaf.standard.processor.StandardRemovableAttributeTagProcessor
[THYMELEAF]             * [* {th:manifest,data-th-manifest}] [1000]: org.thymeleaf.standard.processor.StandardRemovableAttributeTagProcessor
[THYMELEAF]             * [* {th:radiogroup,data-th-radiogroup}] [1000]: org.thymeleaf.standard.processor.StandardRemovableAttributeTagProcessor
[THYMELEAF]             * [* {th:hreflang,data-th-hreflang}] [1000]: org.thymeleaf.standard.processor.StandardRemovableAttributeTagProcessor
[THYMELEAF]             * [* {th:spellcheck,data-th-spellcheck}] [1000]: org.thymeleaf.standard.processor.StandardRemovableAttributeTagProcessor
[THYMELEAF]             * [* {th:background,data-th-background}] [1000]: org.thymeleaf.standard.processor.StandardRemovableAttributeTagProcessor
[THYMELEAF]             * [* {th:colspan,data-th-colspan}] [1000]: org.thymeleaf.standard.processor.StandardRemovableAttributeTagProcessor
[THYMELEAF]             * [* {th:frameborder,data-th-frameborder}] [1000]: org.thymeleaf.standard.processor.StandardRemovableAttributeTagProcessor
[THYMELEAF]             * [* {th:autocomplete,data-th-autocomplete}] [1000]: org.thymeleaf.standard.processor.StandardRemovableAttributeTagProcessor
[THYMELEAF]             * [* {th:cite,data-th-cite}] [1000]: org.thymeleaf.standard.processor.StandardRemovableAttributeTagProcessor
[THYMELEAF]             * [* {th:cellpadding,data-th-cellpadding}] [1000]: org.thymeleaf.standard.processor.StandardRemovableAttributeTagProcessor
[THYMELEAF]             * [* {th:for,data-th-for}] [1000]: org.thymeleaf.standard.processor.StandardRemovableAttributeTagProcessor
[THYMELEAF]             * [* {th:scrolling,data-th-scrolling}] [1000]: org.thymeleaf.standard.processor.StandardRemovableAttributeTagProcessor
[THYMELEAF]             * [* {th:formmethod,data-th-formmethod}] [1000]: org.thymeleaf.standard.processor.StandardRemovableAttributeTagProcessor
[THYMELEAF]             * [* {th:keytype,data-th-keytype}] [1000]: org.thymeleaf.standard.processor.StandardRemovableAttributeTagProcessor
[THYMELEAF]             * [* {th:rowspan,data-th-rowspan}] [1000]: org.thymeleaf.standard.processor.StandardRemovableAttributeTagProcessor
[THYMELEAF]             * [* {th:contenteditable,data-th-contenteditable}] [1000]: org.thymeleaf.standard.processor.StandardRemovableAttributeTagProcessor
[THYMELEAF]             * [* {th:border,data-th-border}] [1000]: org.thymeleaf.standard.processor.StandardRemovableAttributeTagProcessor
[THYMELEAF]             * [* {th:alt,data-th-alt}] [1000]: org.thymeleaf.standard.processor.StandardRemovableAttributeTagProcessor
[THYMELEAF]             * [* {th:accept-charset,data-th-accept-charset}] [1000]: org.thymeleaf.standard.processor.StandardRemovableAttributeTagProcessor
[THYMELEAF]             * [* {th:cellspacing,data-th-cellspacing}] [1000]: org.thymeleaf.standard.processor.StandardRemovableAttributeTagProcessor
[THYMELEAF]             * [* {th:srclang,data-th-srclang}] [1000]: org.thymeleaf.standard.processor.StandardRemovableAttributeTagProcessor
[THYMELEAF]             * [* {th:kind,data-th-kind}] [1000]: org.thymeleaf.standard.processor.StandardRemovableAttributeTagProcessor
[THYMELEAF]             * [* {th:frame,data-th-frame}] [1000]: org.thymeleaf.standard.processor.StandardRemovableAttributeTagProcessor
[THYMELEAF]             * [* {th:contextmenu,data-th-contextmenu}] [1000]: org.thymeleaf.standard.processor.StandardRemovableAttributeTagProcessor
[THYMELEAF]             * [* {th:marginwidth,data-th-marginwidth}] [1000]: org.thymeleaf.standard.processor.StandardRemovableAttributeTagProcessor
[THYMELEAF]             * [* {th:tabindex,data-th-tabindex}] [1000]: org.thymeleaf.standard.processor.StandardRemovableAttributeTagProcessor
[THYMELEAF]             * [* {th:accesskey,data-th-accesskey}] [1000]: org.thymeleaf.standard.processor.StandardRemovableAttributeTagProcessor
[THYMELEAF]             * [* {th:wrap,data-th-wrap}] [1000]: org.thymeleaf.standard.processor.StandardRemovableAttributeTagProcessor
[THYMELEAF]             * [* {th:hspace,data-th-hspace}] [1000]: org.thymeleaf.standard.processor.StandardRemovableAttributeTagProcessor
[THYMELEAF]             * [* {th:span,data-th-span}] [1000]: org.thymeleaf.standard.processor.StandardRemovableAttributeTagProcessor
[THYMELEAF]             * [* {th:accept,data-th-accept}] [1000]: org.thymeleaf.standard.processor.StandardRemovableAttributeTagProcessor
[THYMELEAF]             * [* {th:dropzone,data-th-dropzone}] [1000]: org.thymeleaf.standard.processor.StandardRemovableAttributeTagProcessor
[THYMELEAF]             * [* {th:label,data-th-label}] [1000]: org.thymeleaf.standard.processor.StandardRemovableAttributeTagProcessor
[THYMELEAF]             * [* {th:scope,data-th-scope}] [1000]: org.thymeleaf.standard.processor.StandardRemovableAttributeTagProcessor
[THYMELEAF]             * [* {th:title,data-th-title}] [1000]: org.thymeleaf.standard.processor.StandardRemovableAttributeTagProcessor
[THYMELEAF]             * [* {th:headers,data-th-headers}] [1000]: org.thymeleaf.standard.processor.StandardRemovableAttributeTagProcessor
[THYMELEAF]             * [* {th:archive,data-th-archive}] [1000]: org.thymeleaf.standard.processor.StandardRemovableAttributeTagProcessor
[THYMELEAF]             * [* {th:sandbox,data-th-sandbox}] [1000]: org.thymeleaf.standard.processor.StandardRemovableAttributeTagProcessor
[THYMELEAF]             * [* {th:list,data-th-list}] [1000]: org.thymeleaf.standard.processor.StandardRemovableAttributeTagProcessor
[THYMELEAF]             * [* {th:formenctype,data-th-formenctype}] [1000]: org.thymeleaf.standard.processor.StandardRemovableAttributeTagProcessor
[THYMELEAF]             * [* {th:min,data-th-min}] [1000]: org.thymeleaf.standard.processor.StandardRemovableAttributeTagProcessor
[THYMELEAF]             * [* {th:usemap,data-th-usemap}] [1000]: org.thymeleaf.standard.processor.StandardRemovableAttributeTagProcessor
[THYMELEAF]             * [* {th:rules,data-th-rules}] [1000]: org.thymeleaf.standard.processor.StandardRemovableAttributeTagProcessor
[THYMELEAF]             * [* {th:content,data-th-content}] [1000]: org.thymeleaf.standard.processor.StandardRemovableAttributeTagProcessor
[THYMELEAF]             * [* {th:optimum,data-th-optimum}] [1000]: org.thymeleaf.standard.processor.StandardRemovableAttributeTagProcessor
[THYMELEAF]             * [* {th:size,data-th-size}] [1000]: org.thymeleaf.standard.processor.StandardRemovableAttributeTagProcessor
[THYMELEAF]             * [* {th:marginheight,data-th-marginheight}] [1000]: org.thymeleaf.standard.processor.StandardRemovableAttributeTagProcessor
[THYMELEAF]             * [* {th:pattern,data-th-pattern}] [1000]: org.thymeleaf.standard.processor.StandardRemovableAttributeTagProcessor
[THYMELEAF]             * [* {th:high,data-th-high}] [1000]: org.thymeleaf.standard.processor.StandardRemovableAttributeTagProcessor
[THYMELEAF]             * [* {th:icon,data-th-icon}] [1000]: org.thymeleaf.standard.processor.StandardRemovableAttributeTagProcessor
[THYMELEAF]             * [* {th:target,data-th-target}] [1000]: org.thymeleaf.standard.processor.StandardRemovableAttributeTagProcessor
[THYMELEAF]             * [* {th:media,data-th-media}] [1000]: org.thymeleaf.standard.processor.StandardRemovableAttributeTagProcessor
[THYMELEAF]             * [* {th:rel,data-th-rel}] [1000]: org.thymeleaf.standard.processor.StandardRemovableAttributeTagProcessor
[THYMELEAF]             * [* {th:longdesc,data-th-longdesc}] [1000]: org.thymeleaf.standard.processor.StandardRemovableAttributeTagProcessor
[THYMELEAF]             * [* {th:id,data-th-id}] [1000]: org.thymeleaf.standard.processor.StandardRemovableAttributeTagProcessor
[THYMELEAF]             * [* {th:axis,data-th-axis}] [1000]: org.thymeleaf.standard.processor.StandardRemovableAttributeTagProcessor
[THYMELEAF]             * [* {th:style,data-th-style}] [1000]: org.thymeleaf.standard.processor.StandardRemovableAttributeTagProcessor
[THYMELEAF]             * [* {th:maxlength,data-th-maxlength}] [1000]: org.thymeleaf.standard.processor.StandardRemovableAttributeTagProcessor
[THYMELEAF]             * [* {th:class,data-th-class}] [1000]: org.thymeleaf.standard.processor.StandardRemovableAttributeTagProcessor
[THYMELEAF]             * [* {th:preload,data-th-preload}] [1000]: org.thymeleaf.standard.processor.StandardRemovableAttributeTagProcessor
[THYMELEAF]             * [* {th:audio,data-th-audio}] [1000]: org.thymeleaf.standard.processor.StandardRemovableAttributeTagProcessor
[THYMELEAF]             * [* {th:summary,data-th-summary}] [1000]: org.thymeleaf.standard.processor.StandardRemovableAttributeTagProcessor
[THYMELEAF]             * [* {th:src,data-th-src}] [1000]: org.thymeleaf.standard.processor.StandardSrcTagProcessor
[THYMELEAF]             * [* {th:value,data-th-value}] [1000]: org.thymeleaf.standard.processor.StandardValueTagProcessor
[THYMELEAF]             * [* {th:xmlbase,data-th-xmlbase}] [1000]: org.thymeleaf.standard.processor.StandardXmlBaseTagProcessor
[THYMELEAF]             * [* {th:xmllang,data-th-xmllang}] [1000]: org.thymeleaf.standard.processor.StandardXmlLangTagProcessor
[THYMELEAF]             * [* {xmlns:th}] [1000]: org.thymeleaf.standard.processor.StandardXmlNsTagProcessor
[THYMELEAF]             * [* {th:xmlspace,data-th-xmlspace}] [1000]: org.thymeleaf.standard.processor.StandardXmlSpaceTagProcessor
[THYMELEAF]             * [* {th:classappend,data-th-classappend}] [1100]: org.thymeleaf.standard.processor.StandardClassappendTagProcessor
[THYMELEAF]             * [* {th:styleappend,data-th-styleappend}] [1100]: org.thymeleaf.standard.processor.StandardStyleappendTagProcessor
[THYMELEAF]             * [* {th:text,data-th-text}] [1300]: org.thymeleaf.standard.processor.StandardTextTagProcessor
[THYMELEAF]             * [* {th:utext,data-th-utext}] [1400]: org.thymeleaf.standard.processor.StandardUtextTagProcessor
[THYMELEAF]             * [* {th:fragment,data-th-fragment}] [1500]: org.thymeleaf.standard.processor.StandardFragmentTagProcessor
[THYMELEAF]             * [* {th:assert,data-th-assert}] [1550]: org.thymeleaf.standard.processor.StandardAssertTagProcessor
[THYMELEAF]             * [* {th:remove,data-th-remove}] [1600]: org.thymeleaf.standard.processor.StandardRemoveTagProcessor
[THYMELEAF]             * [* {th:ref,data-th-ref}] [10000]: org.thymeleaf.standard.processor.StandardRefAttributeTagProcessor
[THYMELEAF]             * [{th:block,th-block} *] [100000]: org.thymeleaf.standard.processor.StandardBlockTagProcessor
[THYMELEAF]             * [* th:*] [2147483647]: org.thymeleaf.standard.processor.StandardDefaultAttributesTagProcessor
[THYMELEAF]         * Text Processors by [precedence]:
[THYMELEAF]             * [1000]: org.thymeleaf.standard.processor.StandardInliningTextProcessor
[THYMELEAF]         * DOCTYPE Processors by [precedence]:
[THYMELEAF]             * [1000]: org.thymeleaf.standard.processor.StandardTranslationDocTypeProcessor
[THYMELEAF]         * CDATA Section Processors by [precedence]:
[THYMELEAF]             * [1000]: org.thymeleaf.standard.processor.StandardInliningCDATASectionProcessor
[THYMELEAF]         * Comment Processors by [precedence]:
[THYMELEAF]             * [1000]: org.thymeleaf.standard.processor.StandardInliningCommentProcessor
[THYMELEAF]             * [1100]: org.thymeleaf.standard.processor.StandardConditionalCommentProcessor
[THYMELEAF]     * Processors for Template Mode: XML
[THYMELEAF]         * Element Tag Processors by [matching element and attribute name] [precedence]:
[THYMELEAF]             * [* {th:include}] [100]: org.thymeleaf.standard.processor.StandardIncludeTagProcessor
[THYMELEAF]             * [* {th:insert}] [100]: org.thymeleaf.standard.processor.StandardInsertTagProcessor
[THYMELEAF]             * [* {th:replace}] [100]: org.thymeleaf.standard.processor.StandardReplaceTagProcessor
[THYMELEAF]             * [* {th:each}] [200]: com.intuit.karate.template.KarateEachTagProcessor
[THYMELEAF]             * [* {th:switch}] [250]: org.thymeleaf.standard.processor.StandardSwitchTagProcessor
[THYMELEAF]             * [* {th:case}] [275]: org.thymeleaf.standard.processor.StandardCaseTagProcessor
[THYMELEAF]             * [* {th:if}] [300]: org.thymeleaf.standard.processor.StandardIfTagProcessor
[THYMELEAF]             * [* {th:unless}] [400]: org.thymeleaf.standard.processor.StandardUnlessTagProcessor
[THYMELEAF]             * [* {th:object}] [500]: org.thymeleaf.standard.processor.StandardObjectTagProcessor
[THYMELEAF]             * [* {th:with}] [600]: com.intuit.karate.template.KarateWithTagProcessor
[THYMELEAF]             * [* {th:attr}] [700]: com.intuit.karate.template.KarateAttributeTagProcessor.KarateAttrTagProcessor
[THYMELEAF]             * [* {th:attrappend}] [900]: com.intuit.karate.template.KarateAttributeTagProcessor.KarateAttrappendTagProcessor
[THYMELEAF]             * [* {th:attrprepend}] [900]: com.intuit.karate.template.KarateAttributeTagProcessor.KarateAttrprependTagProcessor
[THYMELEAF]             * [* {th:inline}] [1000]: org.thymeleaf.standard.processor.StandardInlineXMLTagProcessor
[THYMELEAF]             * [* {xmlns:th}] [1000]: org.thymeleaf.standard.processor.StandardXmlNsTagProcessor
[THYMELEAF]             * [* {th:text}] [1300]: org.thymeleaf.standard.processor.StandardTextTagProcessor
[THYMELEAF]             * [* {th:utext}] [1400]: org.thymeleaf.standard.processor.StandardUtextTagProcessor
[THYMELEAF]             * [* {th:fragment}] [1500]: org.thymeleaf.standard.processor.StandardFragmentTagProcessor
[THYMELEAF]             * [* {th:assert}] [1550]: org.thymeleaf.standard.processor.StandardAssertTagProcessor
[THYMELEAF]             * [* {th:remove}] [1600]: org.thymeleaf.standard.processor.StandardRemoveTagProcessor
[THYMELEAF]             * [* {th:ref}] [10000]: org.thymeleaf.standard.processor.StandardRefAttributeTagProcessor
[THYMELEAF]             * [{th:block} *] [100000]: org.thymeleaf.standard.processor.StandardBlockTagProcessor
[THYMELEAF]             * [* th:*] [2147483647]: org.thymeleaf.standard.processor.StandardDefaultAttributesTagProcessor
[THYMELEAF]         * Text Processors by [precedence]:
[THYMELEAF]             * [1000]: org.thymeleaf.standard.processor.StandardInliningTextProcessor
[THYMELEAF]         * CDATA Section Processors by [precedence]:
[THYMELEAF]             * [1000]: org.thymeleaf.standard.processor.StandardInliningCDATASectionProcessor
[THYMELEAF]         * Comment Processors by [precedence]:
[THYMELEAF]             * [1000]: org.thymeleaf.standard.processor.StandardInliningCommentProcessor
[THYMELEAF]     * Processors for Template Mode: TEXT
[THYMELEAF]         * Element Tag Processors by [matching element and attribute name] [precedence]:
[THYMELEAF]             * [* {th:insert}] [100]: org.thymeleaf.standard.processor.StandardInsertTagProcessor
[THYMELEAF]             * [* {th:replace}] [100]: org.thymeleaf.standard.processor.StandardReplaceTagProcessor
[THYMELEAF]             * [* {th:each}] [200]: com.intuit.karate.template.KarateEachTagProcessor
[THYMELEAF]             * [* {th:switch}] [250]: org.thymeleaf.standard.processor.StandardSwitchTagProcessor
[THYMELEAF]             * [* {th:case}] [275]: org.thymeleaf.standard.processor.StandardCaseTagProcessor
[THYMELEAF]             * [* {th:if}] [300]: org.thymeleaf.standard.processor.StandardIfTagProcessor
[THYMELEAF]             * [* {th:unless}] [400]: org.thymeleaf.standard.processor.StandardUnlessTagProcessor
[THYMELEAF]             * [* {th:object}] [500]: org.thymeleaf.standard.processor.StandardObjectTagProcessor
[THYMELEAF]             * [* {th:with}] [600]: com.intuit.karate.template.KarateWithTagProcessor
[THYMELEAF]             * [* {th:inline}] [1000]: org.thymeleaf.standard.processor.StandardInlineTextualTagProcessor
[THYMELEAF]             * [* {th:text}] [1300]: org.thymeleaf.standard.processor.StandardTextTagProcessor
[THYMELEAF]             * [* {th:utext}] [1400]: org.thymeleaf.standard.processor.StandardUtextTagProcessor
[THYMELEAF]             * [* {th:assert}] [1550]: org.thymeleaf.standard.processor.StandardAssertTagProcessor
[THYMELEAF]             * [* {th:remove}] [1600]: org.thymeleaf.standard.processor.StandardRemoveTagProcessor
[THYMELEAF]             * [* 100000] [org.thymeleaf.standard.processor.StandardBlockTagProcessor]: {}
[THYMELEAF]             * [{th:block} *] [100000]: org.thymeleaf.standard.processor.StandardBlockTagProcessor
[THYMELEAF]         * Text Processors by [precedence]:
[THYMELEAF]             * [1000]: org.thymeleaf.standard.processor.StandardInliningTextProcessor
[THYMELEAF]     * Processors for Template Mode: JAVASCRIPT
[THYMELEAF]         * Element Tag Processors by [matching element and attribute name] [precedence]:
[THYMELEAF]             * [* {th:insert}] [100]: org.thymeleaf.standard.processor.StandardInsertTagProcessor
[THYMELEAF]             * [* {th:replace}] [100]: org.thymeleaf.standard.processor.StandardReplaceTagProcessor
[THYMELEAF]             * [* {th:each}] [200]: com.intuit.karate.template.KarateEachTagProcessor
[THYMELEAF]             * [* {th:switch}] [250]: org.thymeleaf.standard.processor.StandardSwitchTagProcessor
[THYMELEAF]             * [* {th:case}] [275]: org.thymeleaf.standard.processor.StandardCaseTagProcessor
[THYMELEAF]             * [* {th:if}] [300]: org.thymeleaf.standard.processor.StandardIfTagProcessor
[THYMELEAF]             * [* {th:unless}] [400]: org.thymeleaf.standard.processor.StandardUnlessTagProcessor
[THYMELEAF]             * [* {th:object}] [500]: org.thymeleaf.standard.processor.StandardObjectTagProcessor
[THYMELEAF]             * [* {th:with}] [600]: com.intuit.karate.template.KarateWithTagProcessor
[THYMELEAF]             * [* {th:inline}] [1000]: org.thymeleaf.standard.processor.StandardInlineTextualTagProcessor
[THYMELEAF]             * [* {th:text}] [1300]: org.thymeleaf.standard.processor.StandardTextTagProcessor
[THYMELEAF]             * [* {th:utext}] [1400]: org.thymeleaf.standard.processor.StandardUtextTagProcessor
[THYMELEAF]             * [* {th:assert}] [1550]: org.thymeleaf.standard.processor.StandardAssertTagProcessor
[THYMELEAF]             * [* {th:remove}] [1600]: org.thymeleaf.standard.processor.StandardRemoveTagProcessor
[THYMELEAF]             * [{th:block} *] [100000]: org.thymeleaf.standard.processor.StandardBlockTagProcessor
[THYMELEAF]             * [* 100000] [org.thymeleaf.standard.processor.StandardBlockTagProcessor]: {}
[THYMELEAF]         * Text Processors by [precedence]:
[THYMELEAF]             * [1000]: org.thymeleaf.standard.processor.StandardInliningTextProcessor
[THYMELEAF]     * Processors for Template Mode: CSS
[THYMELEAF]         * Element Tag Processors by [matching element and attribute name] [precedence]:
[THYMELEAF]             * [* {th:insert}] [100]: org.thymeleaf.standard.processor.StandardInsertTagProcessor
[THYMELEAF]             * [* {th:replace}] [100]: org.thymeleaf.standard.processor.StandardReplaceTagProcessor
[THYMELEAF]             * [* {th:each}] [200]: com.intuit.karate.template.KarateEachTagProcessor
[THYMELEAF]             * [* {th:switch}] [250]: org.thymeleaf.standard.processor.StandardSwitchTagProcessor
[THYMELEAF]             * [* {th:case}] [275]: org.thymeleaf.standard.processor.StandardCaseTagProcessor
[THYMELEAF]             * [* {th:if}] [300]: org.thymeleaf.standard.processor.StandardIfTagProcessor
[THYMELEAF]             * [* {th:unless}] [400]: org.thymeleaf.standard.processor.StandardUnlessTagProcessor
[THYMELEAF]             * [* {th:object}] [500]: org.thymeleaf.standard.processor.StandardObjectTagProcessor
[THYMELEAF]             * [* {th:with}] [600]: com.intuit.karate.template.KarateWithTagProcessor
[THYMELEAF]             * [* {th:inline}] [1000]: org.thymeleaf.standard.processor.StandardInlineTextualTagProcessor
[THYMELEAF]             * [* {th:text}] [1300]: org.thymeleaf.standard.processor.StandardTextTagProcessor
[THYMELEAF]             * [* {th:utext}] [1400]: org.thymeleaf.standard.processor.StandardUtextTagProcessor
[THYMELEAF]             * [* {th:assert}] [1550]: org.thymeleaf.standard.processor.StandardAssertTagProcessor
[THYMELEAF]             * [* {th:remove}] [1600]: org.thymeleaf.standard.processor.StandardRemoveTagProcessor
[THYMELEAF]             * [* 100000] [org.thymeleaf.standard.processor.StandardBlockTagProcessor]: {}
[THYMELEAF]             * [{th:block} *] [100000]: org.thymeleaf.standard.processor.StandardBlockTagProcessor
[THYMELEAF]         * Text Processors by [precedence]:
[THYMELEAF]             * [1000]: org.thymeleaf.standard.processor.StandardInliningTextProcessor
[THYMELEAF]     * Expression Objects:
[THYMELEAF]         * #ctx
[THYMELEAF]         * #root
[THYMELEAF]         * #vars
[THYMELEAF]         * #object
[THYMELEAF]         * #locale
[THYMELEAF]         * #conversions
[THYMELEAF]         * #uris
[THYMELEAF]         * #temporals
[THYMELEAF]         * #calendars
[THYMELEAF]         * #dates
[THYMELEAF]         * #bools
[THYMELEAF]         * #numbers
[THYMELEAF]         * #objects
[THYMELEAF]         * #strings
[THYMELEAF]         * #arrays
[THYMELEAF]         * #lists
[THYMELEAF]         * #sets
[THYMELEAF]         * #maps
[THYMELEAF]         * #aggregates
[THYMELEAF]         * #messages
[THYMELEAF]         * #ids
[THYMELEAF]         * #execInfo
[THYMELEAF]         * #request
[THYMELEAF]         * #response
[THYMELEAF]         * #session
[THYMELEAF]         * #servletContext
[THYMELEAF]     * Execution Attributes:
[THYMELEAF]         * "StandardExpressionParser": com.intuit.karate.template.KarateStandardDialect@73a5d86c
[THYMELEAF]         * "StandardJavaScriptSerializer": org.thymeleaf.standard.serializer.StandardJavaScriptSerializer@4a3509b0
[THYMELEAF]         * "StandardCSSSerializer": org.thymeleaf.standard.serializer.StandardCSSSerializer@3d7314b3
[THYMELEAF]         * "StandardVariableExpressionEvaluator": com.intuit.karate.template.KarateStandardDialect@73a5d86c
[THYMELEAF]         * "StandardConversionService": org.thymeleaf.standard.expression.StandardConversionService@d677be9
[THYMELEAF] * Dialect [2 of 2]: karate (com.intuit.karate.template.KarateScriptDialect)
[THYMELEAF]     * Prefix: "ka"
[THYMELEAF]     * Processors for Template Mode: HTML
[THYMELEAF]         * Element Tag Processors by [matching element and attribute name] [precedence]:
[THYMELEAF]             * [* {src}] [1000]: com.intuit.karate.template.KaScriptAttrProcessor
[THYMELEAF]         * Element Model Processors by [matching element and attribute name] [precedence]:
[THYMELEAF]             * [{script} {ka:scope,data-ka-scope}] [1000]: com.intuit.karate.template.KaScriptElemProcessor
[THYMELEAF]             * [* {ka:set,data-ka-set}] [1000]: com.intuit.karate.template.KaSetElemProcessor
[THYMELEAF] TEMPLATE ENGINE CONFIGURED OK
21:32:28.687 [main] DEBUG org.thymeleaf.TemplateEngine -- [THYMELEAF] TEMPLATE ENGINE INITIALIZED
21:32:28.717 [main] DEBUG org.thymeleaf.TemplateEngine -- [THYMELEAF] INITIALIZING TEMPLATE ENGINE
21:32:28.740 [main] DEBUG org.thymeleaf.TemplateEngine.CONFIG -- Initializing Thymeleaf Template engine configuration...
[THYMELEAF] TEMPLATE ENGINE CONFIGURATION:
[THYMELEAF] * Thymeleaf version: 3.1.2.RELEASE (built 2023-07-30T19:25:50+0000)
[THYMELEAF] * Cache Manager implementation: org.thymeleaf.cache.StandardCacheManager
[THYMELEAF] * Template resolvers:
[THYMELEAF]     * [1] com.intuit.karate.template.ResourceHtmlTemplateResolver
[THYMELEAF] * Message resolvers:
[THYMELEAF]     * org.thymeleaf.messageresolver.StandardMessageResolver
[THYMELEAF] * Link builders:
[THYMELEAF]     * org.thymeleaf.linkbuilder.StandardLinkBuilder
[THYMELEAF] * Dialect [1 of 2]: Standard (com.intuit.karate.template.KarateStandardDialect)
[THYMELEAF]     * Prefix: "th"
[THYMELEAF]     * Processors for Template Mode: HTML
[THYMELEAF]         * Element Tag Processors by [matching element and attribute name] [precedence]:
[THYMELEAF]             * [* {th:include,data-th-include}] [100]: org.thymeleaf.standard.processor.StandardIncludeTagProcessor
[THYMELEAF]             * [* {th:insert,data-th-insert}] [100]: org.thymeleaf.standard.processor.StandardInsertTagProcessor
[THYMELEAF]             * [* {th:replace,data-th-replace}] [100]: org.thymeleaf.standard.processor.StandardReplaceTagProcessor
[THYMELEAF]             * [* {th:each,data-th-each}] [200]: com.intuit.karate.template.KarateEachTagProcessor
[THYMELEAF]             * [* {th:switch,data-th-switch}] [250]: org.thymeleaf.standard.processor.StandardSwitchTagProcessor
[THYMELEAF]             * [* {th:case,data-th-case}] [275]: org.thymeleaf.standard.processor.StandardCaseTagProcessor
[THYMELEAF]             * [* {th:if,data-th-if}] [300]: org.thymeleaf.standard.processor.StandardIfTagProcessor
[THYMELEAF]             * [* {th:unless,data-th-unless}] [400]: org.thymeleaf.standard.processor.StandardUnlessTagProcessor
[THYMELEAF]             * [* {th:object,data-th-object}] [500]: org.thymeleaf.standard.processor.StandardObjectTagProcessor
[THYMELEAF]             * [* {th:with,data-th-with}] [600]: com.intuit.karate.template.KarateWithTagProcessor
[THYMELEAF]             * [* {th:attr,data-th-attr}] [700]: com.intuit.karate.template.KarateAttributeTagProcessor.KarateAttrTagProcessor
[THYMELEAF]             * [* {th:attrappend,data-th-attrappend}] [900]: com.intuit.karate.template.KarateAttributeTagProcessor.KarateAttrappendTagProcessor
[THYMELEAF]             * [* {th:attrprepend,data-th-attrprepend}] [900]: com.intuit.karate.template.KarateAttributeTagProcessor.KarateAttrprependTagProcessor
[THYMELEAF]             * [* {th:alt-title,data-th-alt-title}] [990]: org.thymeleaf.standard.processor.StandardAltTitleTagProcessor
[THYMELEAF]             * [* {th:lang-xmllang,data-th-lang-xmllang}] [990]: org.thymeleaf.standard.processor.StandardLangXmlLangTagProcessor
[THYMELEAF]             * [* {th:action,data-th-action}] [1000]: org.thymeleaf.standard.processor.StandardActionTagProcessor
[THYMELEAF]             * [* {th:defer,data-th-defer}] [1000]: org.thymeleaf.standard.processor.StandardConditionalFixedValueTagProcessor
[THYMELEAF]             * [* {th:hidden,data-th-hidden}] [1000]: org.thymeleaf.standard.processor.StandardConditionalFixedValueTagProcessor
[THYMELEAF]             * [* {th:autoplay,data-th-autoplay}] [1000]: org.thymeleaf.standard.processor.StandardConditionalFixedValueTagProcessor
[THYMELEAF]             * [* {th:seamless,data-th-seamless}] [1000]: org.thymeleaf.standard.processor.StandardConditionalFixedValueTagProcessor
[THYMELEAF]             * [* {th:open,data-th-open}] [1000]: org.thymeleaf.standard.processor.StandardConditionalFixedValueTagProcessor
[THYMELEAF]             * [* {th:default,data-th-default}] [1000]: org.thymeleaf.standard.processor.StandardConditionalFixedValueTagProcessor
[THYMELEAF]             * [* {th:novalidate,data-th-novalidate}] [1000]: org.thymeleaf.standard.processor.StandardConditionalFixedValueTagProcessor
[THYMELEAF]             * [* {th:checked,data-th-checked}] [1000]: org.thymeleaf.standard.processor.StandardConditionalFixedValueTagProcessor
[THYMELEAF]             * [* {th:readonly,data-th-readonly}] [1000]: org.thymeleaf.standard.processor.StandardConditionalFixedValueTagProcessor
[THYMELEAF]             * [* {th:loop,data-th-loop}] [1000]: org.thymeleaf.standard.processor.StandardConditionalFixedValueTagProcessor
[THYMELEAF]             * [* {th:pubdate,data-th-pubdate}] [1000]: org.thymeleaf.standard.processor.StandardConditionalFixedValueTagProcessor
[THYMELEAF]             * [* {th:formnovalidate,data-th-formnovalidate}] [1000]: org.thymeleaf.standard.processor.StandardConditionalFixedValueTagProcessor
[THYMELEAF]             * [* {th:declare,data-th-declare}] [1000]: org.thymeleaf.standard.processor.StandardConditionalFixedValueTagProcessor
[THYMELEAF]             * [* {th:scoped,data-th-scoped}] [1000]: org.thymeleaf.standard.processor.StandardConditionalFixedValueTagProcessor
[THYMELEAF]             * [* {th:async,data-th-async}] [1000]: org.thymeleaf.standard.processor.StandardConditionalFixedValueTagProcessor
[THYMELEAF]             * [* {th:multiple,data-th-multiple}] [1000]: org.thymeleaf.standard.processor.StandardConditionalFixedValueTagProcessor
[THYMELEAF]             * [* {th:disabled,data-th-disabled}] [1000]: org.thymeleaf.standard.processor.StandardConditionalFixedValueTagProcessor
[THYMELEAF]             * [* {th:reversed,data-th-reversed}] [1000]: org.thymeleaf.standard.processor.StandardConditionalFixedValueTagProcessor
[THYMELEAF]             * [* {th:controls,data-th-controls}] [1000]: org.thymeleaf.standard.processor.StandardConditionalFixedValueTagProcessor
[THYMELEAF]             * [* {th:ismap,data-th-ismap}] [1000]: org.thymeleaf.standard.processor.StandardConditionalFixedValueTagProcessor
[THYMELEAF]             * [* {th:selected,data-th-selected}] [1000]: org.thymeleaf.standard.processor.StandardConditionalFixedValueTagProcessor
[THYMELEAF]             * [* {th:required,data-th-required}] [1000]: org.thymeleaf.standard.processor.StandardConditionalFixedValueTagProcessor
[THYMELEAF]             * [* {th:autofocus,data-th-autofocus}] [1000]: org.thymeleaf.standard.processor.StandardConditionalFixedValueTagProcessor
[THYMELEAF]             * [* {th:nowrap,data-th-nowrap}] [1000]: org.thymeleaf.standard.processor.StandardConditionalFixedValueTagProcessor
[THYMELEAF]             * [* {th:onundo,data-th-onundo}] [1000]: org.thymeleaf.standard.processor.StandardDOMEventAttributeTagProcessor
[THYMELEAF]             * [* {th:onpopstate,data-th-onpopstate}] [1000]: org.thymeleaf.standard.processor.StandardDOMEventAttributeTagProcessor
[THYMELEAF]             * [* {th:ondurationchange,data-th-ondurationchange}] [1000]: org.thymeleaf.standard.processor.StandardDOMEventAttributeTagProcessor
[THYMELEAF]             * [* {th:onsuspend,data-th-onsuspend}] [1000]: org.thymeleaf.standard.processor.StandardDOMEventAttributeTagProcessor
[THYMELEAF]             * [* {th:onoffline,data-th-onoffline}] [1000]: org.thymeleaf.standard.processor.StandardDOMEventAttributeTagProcessor
[THYMELEAF]             * [* {th:onreadystatechange,data-th-onreadystatechange}] [1000]: org.thymeleaf.standard.processor.StandardDOMEventAttributeTagProcessor
[THYMELEAF]             * [* {th:ontimeupdate,data-th-ontimeupdate}] [1000]: org.thymeleaf.standard.processor.StandardDOMEventAttributeTagProcessor
[THYMELEAF]             * [* {th:ondragover,data-th-ondragover}] [1000]: org.thymeleaf.standard.processor.StandardDOMEventAttributeTagProcessor
[THYMELEAF]             * [* {th:onload,data-th-onload}] [1000]: org.thymeleaf.standard.processor.StandardDOMEventAttributeTagProcessor
[THYMELEAF]             * [* {th:onformchange,data-th-onformchange}] [1000]: org.thymeleaf.standard.processor.StandardDOMEventAttributeTagProcessor
[THYMELEAF]             * [* {th:onstalled,data-th-onstalled}] [1000]: org.thymeleaf.standard.processor.StandardDOMEventAttributeTagProcessor
[THYMELEAF]             * [* {th:onselect,data-th-onselect}] [1000]: org.thymeleaf.standard.processor.StandardDOMEventAttributeTagProcessor
[THYMELEAF]             * [* {th:onprogress,data-th-onprogress}] [1000]: org.thymeleaf.standard.processor.StandardDOMEventAttributeTagProcessor
[THYMELEAF]             * [* {th:onafterprint,data-th-onafterprint}] [1000]: org.thymeleaf.standard.processor.StandardDOMEventAttributeTagProcessor
[THYMELEAF]             * [* {th:onshow,data-th-onshow}] [1000]: org.thymeleaf.standard.processor.StandardDOMEventAttributeTagProcessor
[THYMELEAF]             * [* {th:onkeypress,data-th-onkeypress}] [1000]: org.thymeleaf.standard.processor.StandardDOMEventAttributeTagProcessor
[THYMELEAF]             * [* {th:onmouseup,data-th-onmouseup}] [1000]: org.thymeleaf.standard.processor.StandardDOMEventAttributeTagProcessor
[THYMELEAF]             * [* {th:ondragend,data-th-ondragend}] [1000]: org.thymeleaf.standard.processor.StandardDOMEventAttributeTagProcessor
[THYMELEAF]             * [* {th:onstorage,data-th-onstorage}] [1000]: org.thymeleaf.standard.processor.StandardDOMEventAttributeTagProcessor
[THYMELEAF]             * [* {th:oncanplaythrough,data-th-oncanplaythrough}] [1000]: org.thymeleaf.standard.processor.StandardDOMEventAttributeTagProcessor
[THYMELEAF]             * [* {th:onabort,data-th-onabort}] [1000]: org.thymeleaf.standard.processor.StandardDOMEventAttributeTagProcessor
[THYMELEAF]             * [* {th:onloadeddata,data-th-onloadeddata}] [1000]: org.thymeleaf.standard.processor.StandardDOMEventAttributeTagProcessor
[THYMELEAF]             * [* {th:onmousewheel,data-th-onmousewheel}] [1000]: org.thymeleaf.standard.processor.StandardDOMEventAttributeTagProcessor
[THYMELEAF]             * [* {th:onended,data-th-onended}] [1000]: org.thymeleaf.standard.processor.StandardDOMEventAttributeTagProcessor
[THYMELEAF]             * [* {th:onscroll,data-th-onscroll}] [1000]: org.thymeleaf.standard.processor.StandardDOMEventAttributeTagProcessor
[THYMELEAF]             * [* {th:onunload,data-th-onunload}] [1000]: org.thymeleaf.standard.processor.StandardDOMEventAttributeTagProcessor
[THYMELEAF]             * [* {th:onkeydown,data-th-onkeydown}] [1000]: org.thymeleaf.standard.processor.StandardDOMEventAttributeTagProcessor
[THYMELEAF]             * [* {th:onerror,data-th-onerror}] [1000]: org.thymeleaf.standard.processor.StandardDOMEventAttributeTagProcessor
[THYMELEAF]             * [* {th:onmessage,data-th-onmessage}] [1000]: org.thymeleaf.standard.processor.StandardDOMEventAttributeTagProcessor
[THYMELEAF]             * [* {th:onvolumechange,data-th-onvolumechange}] [1000]: org.thymeleaf.standard.processor.StandardDOMEventAttributeTagProcessor
[THYMELEAF]             * [* {th:onblur,data-th-onblur}] [1000]: org.thymeleaf.standard.processor.StandardDOMEventAttributeTagProcessor
[THYMELEAF]             * [* {th:onwaiting,data-th-onwaiting}] [1000]: org.thymeleaf.standard.processor.StandardDOMEventAttributeTagProcessor
[THYMELEAF]             * [* {th:onratechange,data-th-onratechange}] [1000]: org.thymeleaf.standard.processor.StandardDOMEventAttributeTagProcessor
[THYMELEAF]             * [* {th:ononline,data-th-ononline}] [1000]: org.thymeleaf.standard.processor.StandardDOMEventAttributeTagProcessor
[THYMELEAF]             * [* {th:onmouseout,data-th-onmouseout}] [1000]: org.thymeleaf.standard.processor.StandardDOMEventAttributeTagProcessor
[THYMELEAF]             * [* {th:onloadstart,data-th-onloadstart}] [1000]: org.thymeleaf.standard.processor.StandardDOMEventAttributeTagProcessor
[THYMELEAF]             * [* {th:onresize,data-th-onresize}] [1000]: org.thymeleaf.standard.processor.StandardDOMEventAttributeTagProcessor
[THYMELEAF]             * [* {th:onbeforeprint,data-th-onbeforeprint}] [1000]: org.thymeleaf.standard.processor.StandardDOMEventAttributeTagProcessor
[THYMELEAF]             * [* {th:ondragleave,data-th-ondragleave}] [1000]: org.thymeleaf.standard.processor.StandardDOMEventAttributeTagProcessor
[THYMELEAF]             * [* {th:onplaying,data-th-onplaying}] [1000]: org.thymeleaf.standard.processor.StandardDOMEventAttributeTagProcessor
[THYMELEAF]             * [* {th:ondragenter,data-th-ondragenter}] [1000]: org.thymeleaf.standard.processor.StandardDOMEventAttributeTagProcessor
[THYMELEAF]             * [* {th:onmousedown,data-th-onmousedown}] [1000]: org.thymeleaf.standard.processor.StandardDOMEventAttributeTagProcessor
[THYMELEAF]             * [* {th:onemptied,data-th-onemptied}] [1000]: org.thymeleaf.standard.processor.StandardDOMEventAttributeTagProcessor
[THYMELEAF]             * [* {th:oninput,data-th-oninput}] [1000]: org.thymeleaf.standard.processor.StandardDOMEventAttributeTagProcessor
[THYMELEAF]             * [* {th:onreset,data-th-onreset}] [1000]: org.thymeleaf.standard.processor.StandardDOMEventAttributeTagProcessor
[THYMELEAF]             * [* {th:onchange,data-th-onchange}] [1000]: org.thymeleaf.standard.processor.StandardDOMEventAttributeTagProcessor
[THYMELEAF]             * [* {th:onforminput,data-th-onforminput}] [1000]: org.thymeleaf.standard.processor.StandardDOMEventAttributeTagProcessor
[THYMELEAF]             * [* {th:onseeking,data-th-onseeking}] [1000]: org.thymeleaf.standard.processor.StandardDOMEventAttributeTagProcessor
[THYMELEAF]             * [* {th:onfocus,data-th-onfocus}] [1000]: org.thymeleaf.standard.processor.StandardDOMEventAttributeTagProcessor
[THYMELEAF]             * [* {th:onmouseover,data-th-onmouseover}] [1000]: org.thymeleaf.standard.processor.StandardDOMEventAttributeTagProcessor
[THYMELEAF]             * [* {th:ondrag,data-th-ondrag}] [1000]: org.thymeleaf.standard.processor.StandardDOMEventAttributeTagProcessor
[THYMELEAF]             * [* {th:onplay,data-th-onplay}] [1000]: org.thymeleaf.standard.processor.StandardDOMEventAttributeTagProcessor
[THYMELEAF]             * [* {th:oncanplay,data-th-oncanplay}] [1000]: org.thymeleaf.standard.processor.StandardDOMEventAttributeTagProcessor
[THYMELEAF]             * [* {th:onpause,data-th-onpause}] [1000]: org.thymeleaf.standard.processor.StandardDOMEventAttributeTagProcessor
[THYMELEAF]             * [* {th:onbeforeunload,data-th-onbeforeunload}] [1000]: org.thymeleaf.standard.processor.StandardDOMEventAttributeTagProcessor
[THYMELEAF]             * [* {th:oncontextmenu,data-th-oncontextmenu}] [1000]: org.thymeleaf.standard.processor.StandardDOMEventAttributeTagProcessor
[THYMELEAF]             * [* {th:onmousemove,data-th-onmousemove}] [1000]: org.thymeleaf.standard.processor.StandardDOMEventAttributeTagProcessor
[THYMELEAF]             * [* {th:onloadedmetadata,data-th-onloadedmetadata}] [1000]: org.thymeleaf.standard.processor.StandardDOMEventAttributeTagProcessor
[THYMELEAF]             * [* {th:oninvalid,data-th-oninvalid}] [1000]: org.thymeleaf.standard.processor.StandardDOMEventAttributeTagProcessor
[THYMELEAF]             * [* {th:onsubmit,data-th-onsubmit}] [1000]: org.thymeleaf.standard.processor.StandardDOMEventAttributeTagProcessor
[THYMELEAF]             * [* {th:onhashchange,data-th-onhashchange}] [1000]: org.thymeleaf.standard.processor.StandardDOMEventAttributeTagProcessor
[THYMELEAF]             * [* {th:ondblclick,data-th-ondblclick}] [1000]: org.thymeleaf.standard.processor.StandardDOMEventAttributeTagProcessor
[THYMELEAF]             * [* {th:ondragstart,data-th-ondragstart}] [1000]: org.thymeleaf.standard.processor.StandardDOMEventAttributeTagProcessor
[THYMELEAF]             * [* {th:onkeyup,data-th-onkeyup}] [1000]: org.thymeleaf.standard.processor.StandardDOMEventAttributeTagProcessor
[THYMELEAF]             * [* {th:onseeked,data-th-onseeked}] [1000]: org.thymeleaf.standard.processor.StandardDOMEventAttributeTagProcessor
[THYMELEAF]             * [* {th:ondrop,data-th-ondrop}] [1000]: org.thymeleaf.standard.processor.StandardDOMEventAttributeTagProcessor
[THYMELEAF]             * [* {th:onredo,data-th-onredo}] [1000]: org.thymeleaf.standard.processor.StandardDOMEventAttributeTagProcessor
[THYMELEAF]             * [* {th:onclick,data-th-onclick}] [1000]: org.thymeleaf.standard.processor.StandardDOMEventAttributeTagProcessor
[THYMELEAF]             * [* {th:href,data-th-href}] [1000]: org.thymeleaf.standard.processor.StandardHrefTagProcessor
[THYMELEAF]             * [* {th:inline,data-th-inline}] [1000]: org.thymeleaf.standard.processor.StandardInlineHTMLTagProcessor
[THYMELEAF]             * [* {th:method,data-th-method}] [1000]: org.thymeleaf.standard.processor.StandardMethodTagProcessor
[THYMELEAF]             * [* {th:name,data-th-name}] [1000]: org.thymeleaf.standard.processor.StandardNonRemovableAttributeTagProcessor
[THYMELEAF]             * [* {th:type,data-th-type}] [1000]: org.thymeleaf.standard.processor.StandardNonRemovableAttributeTagProcessor
[THYMELEAF]             * [* {th:placeholder,data-th-placeholder}] [1000]: org.thymeleaf.standard.processor.StandardRemovableAttributeTagProcessor
[THYMELEAF]             * [* {th:manifest,data-th-manifest}] [1000]: org.thymeleaf.standard.processor.StandardRemovableAttributeTagProcessor
[THYMELEAF]             * [* {th:width,data-th-width}] [1000]: org.thymeleaf.standard.processor.StandardRemovableAttributeTagProcessor
[THYMELEAF]             * [* {th:start,data-th-start}] [1000]: org.thymeleaf.standard.processor.StandardRemovableAttributeTagProcessor
[THYMELEAF]             * [* {th:frame,data-th-frame}] [1000]: org.thymeleaf.standard.processor.StandardRemovableAttributeTagProcessor
[THYMELEAF]             * [* {th:for,data-th-for}] [1000]: org.thymeleaf.standard.processor.StandardRemovableAttributeTagProcessor
[THYMELEAF]             * [* {th:poster,data-th-poster}] [1000]: org.thymeleaf.standard.processor.StandardRemovableAttributeTagProcessor
[THYMELEAF]             * [* {th:enctype,data-th-enctype}] [1000]: org.thymeleaf.standard.processor.StandardRemovableAttributeTagProcessor
[THYMELEAF]             * [* {th:cite,data-th-cite}] [1000]: org.thymeleaf.standard.processor.StandardRemovableAttributeTagProcessor
[THYMELEAF]             * [* {th:icon,data-th-icon}] [1000]: org.thymeleaf.standard.processor.StandardRemovableAttributeTagProcessor
[THYMELEAF]             * [* {th:rel,data-th-rel}] [1000]: org.thymeleaf.standard.processor.StandardRemovableAttributeTagProcessor
[THYMELEAF]             * [* {th:rowspan,data-th-rowspan}] [1000]: org.thymeleaf.standard.processor.StandardRemovableAttributeTagProcessor
[THYMELEAF]             * [* {th:autocomplete,data-th-autocomplete}] [1000]: org.thymeleaf.standard.processor.StandardRemovableAttributeTagProcessor
[THYMELEAF]             * [* {th:datetime,data-th-datetime}] [1000]: org.thymeleaf.standard.processor.StandardRemovableAttributeTagProcessor
[THYMELEAF]             * [* {th:draggable,data-th-draggable}] [1000]: org.thymeleaf.standard.processor.StandardRemovableAttributeTagProcessor
[THYMELEAF]             * [* {th:longdesc,data-th-longdesc}] [1000]: org.thymeleaf.standard.processor.StandardRemovableAttributeTagProcessor
[THYMELEAF]             * [* {th:low,data-th-low}] [1000]: org.thymeleaf.standard.processor.StandardRemovableAttributeTagProcessor
[THYMELEAF]             * [* {th:compact,data-th-compact}] [1000]: org.thymeleaf.standard.processor.StandardRemovableAttributeTagProcessor
[THYMELEAF]             * [* {th:scope,data-th-scope}] [1000]: org.thymeleaf.standard.processor.StandardRemovableAttributeTagProcessor
[THYMELEAF]             * [* {th:form,data-th-form}] [1000]: org.thymeleaf.standard.processor.StandardRemovableAttributeTagProcessor
[THYMELEAF]             * [* {th:archive,data-th-archive}] [1000]: org.thymeleaf.standard.processor.StandardRemovableAttributeTagProcessor
[THYMELEAF]             * [* {th:http-equiv,data-th-http-equiv}] [1000]: org.thymeleaf.standard.processor.StandardRemovableAttributeTagProcessor
[THYMELEAF]             * [* {th:size,data-th-size}] [1000]: org.thymeleaf.standard.processor.StandardRemovableAttributeTagProcessor
[THYMELEAF]             * [* {th:formenctype,data-th-formenctype}] [1000]: org.thymeleaf.standard.processor.StandardRemovableAttributeTagProcessor
[THYMELEAF]             * [* {th:scrolling,data-th-scrolling}] [1000]: org.thymeleaf.standard.processor.StandardRemovableAttributeTagProcessor
[THYMELEAF]             * [* {th:valuetype,data-th-valuetype}] [1000]: org.thymeleaf.standard.processor.StandardRemovableAttributeTagProcessor
[THYMELEAF]             * [* {th:bgcolor,data-th-bgcolor}] [1000]: org.thymeleaf.standard.processor.StandardRemovableAttributeTagProcessor
[THYMELEAF]             * [* {th:pattern,data-th-pattern}] [1000]: org.thymeleaf.standard.processor.StandardRemovableAttributeTagProcessor
[THYMELEAF]             * [* {th:accesskey,data-th-accesskey}] [1000]: org.thymeleaf.standard.processor.StandardRemovableAttributeTagProcessor
[THYMELEAF]             * [* {th:dropzone,data-th-dropzone}] [1000]: org.thymeleaf.standard.processor.StandardRemovableAttributeTagProcessor
[THYMELEAF]             * [* {th:usemap,data-th-usemap}] [1000]: org.thymeleaf.standard.processor.StandardRemovableAttributeTagProcessor
[THYMELEAF]             * [* {th:media,data-th-media}] [1000]: org.thymeleaf.standard.processor.StandardRemovableAttributeTagProcessor
[THYMELEAF]             * [* {th:contenteditable,data-th-contenteditable}] [1000]: org.thymeleaf.standard.processor.StandardRemovableAttributeTagProcessor
[THYMELEAF]             * [* {th:summary,data-th-summary}] [1000]: org.thymeleaf.standard.processor.StandardRemovableAttributeTagProcessor
[THYMELEAF]             * [* {th:tabindex,data-th-tabindex}] [1000]: org.thymeleaf.standard.processor.StandardRemovableAttributeTagProcessor
[THYMELEAF]             * [* {th:accept,data-th-accept}] [1000]: org.thymeleaf.standard.processor.StandardRemovableAttributeTagProcessor
[THYMELEAF]             * [* {th:max,data-th-max}] [1000]: org.thymeleaf.standard.processor.StandardRemovableAttributeTagProcessor
[THYMELEAF]             * [* {th:cellpadding,data-th-cellpadding}] [1000]: org.thymeleaf.standard.processor.StandardRemovableAttributeTagProcessor
[THYMELEAF]             * [* {th:sandbox,data-th-sandbox}] [1000]: org.thymeleaf.standard.processor.StandardRemovableAttributeTagProcessor
[THYMELEAF]             * [* {th:hreflang,data-th-hreflang}] [1000]: org.thymeleaf.standard.processor.StandardRemovableAttributeTagProcessor
[THYMELEAF]             * [* {th:style,data-th-style}] [1000]: org.thymeleaf.standard.processor.StandardRemovableAttributeTagProcessor
[THYMELEAF]             * [* {th:id,data-th-id}] [1000]: org.thymeleaf.standard.processor.StandardRemovableAttributeTagProcessor
[THYMELEAF]             * [* {th:lang,data-th-lang}] [1000]: org.thymeleaf.standard.processor.StandardRemovableAttributeTagProcessor
[THYMELEAF]             * [* {th:min,data-th-min}] [1000]: org.thymeleaf.standard.processor.StandardRemovableAttributeTagProcessor
[THYMELEAF]             * [* {th:optimum,data-th-optimum}] [1000]: org.thymeleaf.standard.processor.StandardRemovableAttributeTagProcessor
[THYMELEAF]             * [* {th:marginwidth,data-th-marginwidth}] [1000]: org.thymeleaf.standard.processor.StandardRemovableAttributeTagProcessor
[THYMELEAF]             * [* {th:keytype,data-th-keytype}] [1000]: org.thymeleaf.standard.processor.StandardRemovableAttributeTagProcessor
[THYMELEAF]             * [* {th:list,data-th-list}] [1000]: org.thymeleaf.standard.processor.StandardRemovableAttributeTagProcessor
[THYMELEAF]             * [* {th:rules,data-th-rules}] [1000]: org.thymeleaf.standard.processor.StandardRemovableAttributeTagProcessor
[THYMELEAF]             * [* {th:challenge,data-th-challenge}] [1000]: org.thymeleaf.standard.processor.StandardRemovableAttributeTagProcessor
[THYMELEAF]             * [* {th:scheme,data-th-scheme}] [1000]: org.thymeleaf.standard.processor.StandardRemovableAttributeTagProcessor
[THYMELEAF]             * [* {th:marginheight,data-th-marginheight}] [1000]: org.thymeleaf.standard.processor.StandardRemovableAttributeTagProcessor
[THYMELEAF]             * [* {th:title,data-th-title}] [1000]: org.thymeleaf.standard.processor.StandardRemovableAttributeTagProcessor
[THYMELEAF]             * [* {th:rev,data-th-rev}] [1000]: org.thymeleaf.standard.processor.StandardRemovableAttributeTagProcessor
[THYMELEAF]             * [* {th:formaction,data-th-formaction}] [1000]: org.thymeleaf.standard.processor.StandardRemovableAttributeTagProcessor
[THYMELEAF]             * [* {th:frameborder,data-th-frameborder}] [1000]: org.thymeleaf.standard.processor.StandardRemovableAttributeTagProcessor
[THYMELEAF]             * [* {th:formmethod,data-th-formmethod}] [1000]: org.thymeleaf.standard.processor.StandardRemovableAttributeTagProcessor
[THYMELEAF]             * [* {th:span,data-th-span}] [1000]: org.thymeleaf.standard.processor.StandardRemovableAttributeTagProcessor
[THYMELEAF]             * [* {th:accept-charset,data-th-accept-charset}] [1000]: org.thymeleaf.standard.processor.StandardRemovableAttributeTagProcessor
[THYMELEAF]             * [* {th:standby,data-th-standby}] [1000]: org.thymeleaf.standard.processor.StandardRemovableAttributeTagProcessor
[THYMELEAF]             * [* {th:colspan,data-th-colspan}] [1000]: org.thymeleaf.standard.processor.StandardRemovableAttributeTagProcessor
[THYMELEAF]             * [* {th:rows,data-th-rows}] [1000]: org.thymeleaf.standard.processor.StandardRemovableAttributeTagProcessor
[THYMELEAF]             * [* {th:spellcheck,data-th-spellcheck}] [1000]: org.thymeleaf.standard.processor.StandardRemovableAttributeTagProcessor
[THYMELEAF]             * [* {th:maxlength,data-th-maxlength}] [1000]: org.thymeleaf.standard.processor.StandardRemovableAttributeTagProcessor
[THYMELEAF]             * [* {th:content,data-th-content}] [1000]: org.thymeleaf.standard.processor.StandardRemovableAttributeTagProcessor
[THYMELEAF]             * [* {th:abbr,data-th-abbr}] [1000]: org.thymeleaf.standard.processor.StandardRemovableAttributeTagProcessor
[THYMELEAF]             * [* {th:sizes,data-th-sizes}] [1000]: org.thymeleaf.standard.processor.StandardRemovableAttributeTagProcessor
[THYMELEAF]             * [* {th:label,data-th-label}] [1000]: org.thymeleaf.standard.processor.StandardRemovableAttributeTagProcessor
[THYMELEAF]             * [* {th:headers,data-th-headers}] [1000]: org.thymeleaf.standard.processor.StandardRemovableAttributeTagProcessor
[THYMELEAF]             * [* {th:dir,data-th-dir}] [1000]: org.thymeleaf.standard.processor.StandardRemovableAttributeTagProcessor
[THYMELEAF]             * [* {th:axis,data-th-axis}] [1000]: org.thymeleaf.standard.processor.StandardRemovableAttributeTagProcessor
[THYMELEAF]             * [* {th:data,data-th-data}] [1000]: org.thymeleaf.standard.processor.StandardRemovableAttributeTagProcessor
[THYMELEAF]             * [* {th:charset,data-th-charset}] [1000]: org.thymeleaf.standard.processor.StandardRemovableAttributeTagProcessor
[THYMELEAF]             * [* {th:cols,data-th-cols}] [1000]: org.thymeleaf.standard.processor.StandardRemovableAttributeTagProcessor
[THYMELEAF]             * [* {th:high,data-th-high}] [1000]: org.thymeleaf.standard.processor.StandardRemovableAttributeTagProcessor
[THYMELEAF]             * [* {th:alt,data-th-alt}] [1000]: org.thymeleaf.standard.processor.StandardRemovableAttributeTagProcessor
[THYMELEAF]             * [* {th:background,data-th-background}] [1000]: org.thymeleaf.standard.processor.StandardRemovableAttributeTagProcessor
[THYMELEAF]             * [* {th:contextmenu,data-th-contextmenu}] [1000]: org.thymeleaf.standard.processor.StandardRemovableAttributeTagProcessor
[THYMELEAF]             * [* {th:step,data-th-step}] [1000]: org.thymeleaf.standard.processor.StandardRemovableAttributeTagProcessor
[THYMELEAF]             * [* {th:formtarget,data-th-formtarget}] [1000]: org.thymeleaf.standard.processor.StandardRemovableAttributeTagProcessor
[THYMELEAF]             * [* {th:vspace,data-th-vspace}] [1000]: org.thymeleaf.standard.processor.StandardRemovableAttributeTagProcessor
[THYMELEAF]             * [* {th:audio,data-th-audio}] [1000]: org.thymeleaf.standard.processor.StandardRemovableAttributeTagProcessor
[THYMELEAF]             * [* {th:kind,data-th-kind}] [1000]: org.thymeleaf.standard.processor.StandardRemovableAttributeTagProcessor
[THYMELEAF]             * [* {th:codebase,data-th-codebase}] [1000]: org.thymeleaf.standard.processor.StandardRemovableAttributeTagProcessor
[THYMELEAF]             * [* {th:cellspacing,data-th-cellspacing}] [1000]: org.thymeleaf.standard.processor.StandardRemovableAttributeTagProcessor
[THYMELEAF]             * [* {th:srclang,data-th-srclang}] [1000]: org.thymeleaf.standard.processor.StandardRemovableAttributeTagProcessor
[THYMELEAF]             * [* {th:class,data-th-class}] [1000]: org.thymeleaf.standard.processor.StandardRemovableAttributeTagProcessor
[THYMELEAF]             * [* {th:border,data-th-border}] [1000]: org.thymeleaf.standard.processor.StandardRemovableAttributeTagProcessor
[THYMELEAF]             * [* {th:preload,data-th-preload}] [1000]: org.thymeleaf.standard.processor.StandardRemovableAttributeTagProcessor
[THYMELEAF]             * [* {th:wrap,data-th-wrap}] [1000]: org.thymeleaf.standard.processor.StandardRemovableAttributeTagProcessor
[THYMELEAF]             * [* {th:codetype,data-th-codetype}] [1000]: org.thymeleaf.standard.processor.StandardRemovableAttributeTagProcessor
[THYMELEAF]             * [* {th:target,data-th-target}] [1000]: org.thymeleaf.standard.processor.StandardRemovableAttributeTagProcessor
[THYMELEAF]             * [* {th:classid,data-th-classid}] [1000]: org.thymeleaf.standard.processor.StandardRemovableAttributeTagProcessor
[THYMELEAF]             * [* {th:radiogroup,data-th-radiogroup}] [1000]: org.thymeleaf.standard.processor.StandardRemovableAttributeTagProcessor
[THYMELEAF]             * [* {th:align,data-th-align}] [1000]: org.thymeleaf.standard.processor.StandardRemovableAttributeTagProcessor
[THYMELEAF]             * [* {th:hspace,data-th-hspace}] [1000]: org.thymeleaf.standard.processor.StandardRemovableAttributeTagProcessor
[THYMELEAF]             * [* {th:height,data-th-height}] [1000]: org.thymeleaf.standard.processor.StandardRemovableAttributeTagProcessor
[THYMELEAF]             * [* {th:src,data-th-src}] [1000]: org.thymeleaf.standard.processor.StandardSrcTagProcessor
[THYMELEAF]             * [* {th:value,data-th-value}] [1000]: org.thymeleaf.standard.processor.StandardValueTagProcessor
[THYMELEAF]             * [* {th:xmlbase,data-th-xmlbase}] [1000]: org.thymeleaf.standard.processor.StandardXmlBaseTagProcessor
[THYMELEAF]             * [* {th:xmllang,data-th-xmllang}] [1000]: org.thymeleaf.standard.processor.StandardXmlLangTagProcessor
[THYMELEAF]             * [* {xmlns:th}] [1000]: org.thymeleaf.standard.processor.StandardXmlNsTagProcessor
[THYMELEAF]             * [* {th:xmlspace,data-th-xmlspace}] [1000]: org.thymeleaf.standard.processor.StandardXmlSpaceTagProcessor
[THYMELEAF]             * [* {th:classappend,data-th-classappend}] [1100]: org.thymeleaf.standard.processor.StandardClassappendTagProcessor
[THYMELEAF]             * [* {th:styleappend,data-th-styleappend}] [1100]: org.thymeleaf.standard.processor.StandardStyleappendTagProcessor
[THYMELEAF]             * [* {th:text,data-th-text}] [1300]: org.thymeleaf.standard.processor.StandardTextTagProcessor
[THYMELEAF]             * [* {th:utext,data-th-utext}] [1400]: org.thymeleaf.standard.processor.StandardUtextTagProcessor
[THYMELEAF]             * [* {th:fragment,data-th-fragment}] [1500]: org.thymeleaf.standard.processor.StandardFragmentTagProcessor
[THYMELEAF]             * [* {th:assert,data-th-assert}] [1550]: org.thymeleaf.standard.processor.StandardAssertTagProcessor
[THYMELEAF]             * [* {th:remove,data-th-remove}] [1600]: org.thymeleaf.standard.processor.StandardRemoveTagProcessor
[THYMELEAF]             * [* {th:ref,data-th-ref}] [10000]: org.thymeleaf.standard.processor.StandardRefAttributeTagProcessor
[THYMELEAF]             * [{th:block,th-block} *] [100000]: org.thymeleaf.standard.processor.StandardBlockTagProcessor
[THYMELEAF]             * [* th:*] [2147483647]: org.thymeleaf.standard.processor.StandardDefaultAttributesTagProcessor
[THYMELEAF]         * Text Processors by [precedence]:
[THYMELEAF]             * [1000]: org.thymeleaf.standard.processor.StandardInliningTextProcessor
[THYMELEAF]         * DOCTYPE Processors by [precedence]:
[THYMELEAF]             * [1000]: org.thymeleaf.standard.processor.StandardTranslationDocTypeProcessor
[THYMELEAF]         * CDATA Section Processors by [precedence]:
[THYMELEAF]             * [1000]: org.thymeleaf.standard.processor.StandardInliningCDATASectionProcessor
[THYMELEAF]         * Comment Processors by [precedence]:
[THYMELEAF]             * [1000]: org.thymeleaf.standard.processor.StandardInliningCommentProcessor
[THYMELEAF]             * [1100]: org.thymeleaf.standard.processor.StandardConditionalCommentProcessor
[THYMELEAF]     * Processors for Template Mode: XML
[THYMELEAF]         * Element Tag Processors by [matching element and attribute name] [precedence]:
[THYMELEAF]             * [* {th:include}] [100]: org.thymeleaf.standard.processor.StandardIncludeTagProcessor
[THYMELEAF]             * [* {th:insert}] [100]: org.thymeleaf.standard.processor.StandardInsertTagProcessor
[THYMELEAF]             * [* {th:replace}] [100]: org.thymeleaf.standard.processor.StandardReplaceTagProcessor
[THYMELEAF]             * [* {th:each}] [200]: com.intuit.karate.template.KarateEachTagProcessor
[THYMELEAF]             * [* {th:switch}] [250]: org.thymeleaf.standard.processor.StandardSwitchTagProcessor
[THYMELEAF]             * [* {th:case}] [275]: org.thymeleaf.standard.processor.StandardCaseTagProcessor
[THYMELEAF]             * [* {th:if}] [300]: org.thymeleaf.standard.processor.StandardIfTagProcessor
[THYMELEAF]             * [* {th:unless}] [400]: org.thymeleaf.standard.processor.StandardUnlessTagProcessor
[THYMELEAF]             * [* {th:object}] [500]: org.thymeleaf.standard.processor.StandardObjectTagProcessor
[THYMELEAF]             * [* {th:with}] [600]: com.intuit.karate.template.KarateWithTagProcessor
[THYMELEAF]             * [* {th:attr}] [700]: com.intuit.karate.template.KarateAttributeTagProcessor.KarateAttrTagProcessor
[THYMELEAF]             * [* {th:attrappend}] [900]: com.intuit.karate.template.KarateAttributeTagProcessor.KarateAttrappendTagProcessor
[THYMELEAF]             * [* {th:attrprepend}] [900]: com.intuit.karate.template.KarateAttributeTagProcessor.KarateAttrprependTagProcessor
[THYMELEAF]             * [* {th:inline}] [1000]: org.thymeleaf.standard.processor.StandardInlineXMLTagProcessor
[THYMELEAF]             * [* {xmlns:th}] [1000]: org.thymeleaf.standard.processor.StandardXmlNsTagProcessor
[THYMELEAF]             * [* {th:text}] [1300]: org.thymeleaf.standard.processor.StandardTextTagProcessor
[THYMELEAF]             * [* {th:utext}] [1400]: org.thymeleaf.standard.processor.StandardUtextTagProcessor
[THYMELEAF]             * [* {th:fragment}] [1500]: org.thymeleaf.standard.processor.StandardFragmentTagProcessor
[THYMELEAF]             * [* {th:assert}] [1550]: org.thymeleaf.standard.processor.StandardAssertTagProcessor
[THYMELEAF]             * [* {th:remove}] [1600]: org.thymeleaf.standard.processor.StandardRemoveTagProcessor
[THYMELEAF]             * [* {th:ref}] [10000]: org.thymeleaf.standard.processor.StandardRefAttributeTagProcessor
[THYMELEAF]             * [{th:block} *] [100000]: org.thymeleaf.standard.processor.StandardBlockTagProcessor
[THYMELEAF]             * [* th:*] [2147483647]: org.thymeleaf.standard.processor.StandardDefaultAttributesTagProcessor
[THYMELEAF]         * Text Processors by [precedence]:
[THYMELEAF]             * [1000]: org.thymeleaf.standard.processor.StandardInliningTextProcessor
[THYMELEAF]         * CDATA Section Processors by [precedence]:
[THYMELEAF]             * [1000]: org.thymeleaf.standard.processor.StandardInliningCDATASectionProcessor
[THYMELEAF]         * Comment Processors by [precedence]:
[THYMELEAF]             * [1000]: org.thymeleaf.standard.processor.StandardInliningCommentProcessor
[THYMELEAF]     * Processors for Template Mode: TEXT
[THYMELEAF]         * Element Tag Processors by [matching element and attribute name] [precedence]:
[THYMELEAF]             * [* {th:insert}] [100]: org.thymeleaf.standard.processor.StandardInsertTagProcessor
[THYMELEAF]             * [* {th:replace}] [100]: org.thymeleaf.standard.processor.StandardReplaceTagProcessor
[THYMELEAF]             * [* {th:each}] [200]: com.intuit.karate.template.KarateEachTagProcessor
[THYMELEAF]             * [* {th:switch}] [250]: org.thymeleaf.standard.processor.StandardSwitchTagProcessor
[THYMELEAF]             * [* {th:case}] [275]: org.thymeleaf.standard.processor.StandardCaseTagProcessor
[THYMELEAF]             * [* {th:if}] [300]: org.thymeleaf.standard.processor.StandardIfTagProcessor
[THYMELEAF]             * [* {th:unless}] [400]: org.thymeleaf.standard.processor.StandardUnlessTagProcessor
[THYMELEAF]             * [* {th:object}] [500]: org.thymeleaf.standard.processor.StandardObjectTagProcessor
[THYMELEAF]             * [* {th:with}] [600]: com.intuit.karate.template.KarateWithTagProcessor
[THYMELEAF]             * [* {th:inline}] [1000]: org.thymeleaf.standard.processor.StandardInlineTextualTagProcessor
[THYMELEAF]             * [* {th:text}] [1300]: org.thymeleaf.standard.processor.StandardTextTagProcessor
[THYMELEAF]             * [* {th:utext}] [1400]: org.thymeleaf.standard.processor.StandardUtextTagProcessor
[THYMELEAF]             * [* {th:assert}] [1550]: org.thymeleaf.standard.processor.StandardAssertTagProcessor
[THYMELEAF]             * [* {th:remove}] [1600]: org.thymeleaf.standard.processor.StandardRemoveTagProcessor
[THYMELEAF]             * [* 100000] [org.thymeleaf.standard.processor.StandardBlockTagProcessor]: {}
[THYMELEAF]             * [{th:block} *] [100000]: org.thymeleaf.standard.processor.StandardBlockTagProcessor
[THYMELEAF]         * Text Processors by [precedence]:
[THYMELEAF]             * [1000]: org.thymeleaf.standard.processor.StandardInliningTextProcessor
[THYMELEAF]     * Processors for Template Mode: JAVASCRIPT
[THYMELEAF]         * Element Tag Processors by [matching element and attribute name] [precedence]:
[THYMELEAF]             * [* {th:insert}] [100]: org.thymeleaf.standard.processor.StandardInsertTagProcessor
[THYMELEAF]             * [* {th:replace}] [100]: org.thymeleaf.standard.processor.StandardReplaceTagProcessor
[THYMELEAF]             * [* {th:each}] [200]: com.intuit.karate.template.KarateEachTagProcessor
[THYMELEAF]             * [* {th:switch}] [250]: org.thymeleaf.standard.processor.StandardSwitchTagProcessor
[THYMELEAF]             * [* {th:case}] [275]: org.thymeleaf.standard.processor.StandardCaseTagProcessor
[THYMELEAF]             * [* {th:if}] [300]: org.thymeleaf.standard.processor.StandardIfTagProcessor
[THYMELEAF]             * [* {th:unless}] [400]: org.thymeleaf.standard.processor.StandardUnlessTagProcessor
[THYMELEAF]             * [* {th:object}] [500]: org.thymeleaf.standard.processor.StandardObjectTagProcessor
[THYMELEAF]             * [* {th:with}] [600]: com.intuit.karate.template.KarateWithTagProcessor
[THYMELEAF]             * [* {th:inline}] [1000]: org.thymeleaf.standard.processor.StandardInlineTextualTagProcessor
[THYMELEAF]             * [* {th:text}] [1300]: org.thymeleaf.standard.processor.StandardTextTagProcessor
[THYMELEAF]             * [* {th:utext}] [1400]: org.thymeleaf.standard.processor.StandardUtextTagProcessor
[THYMELEAF]             * [* {th:assert}] [1550]: org.thymeleaf.standard.processor.StandardAssertTagProcessor
[THYMELEAF]             * [* {th:remove}] [1600]: org.thymeleaf.standard.processor.StandardRemoveTagProcessor
[THYMELEAF]             * [* 100000] [org.thymeleaf.standard.processor.StandardBlockTagProcessor]: {}
[THYMELEAF]             * [{th:block} *] [100000]: org.thymeleaf.standard.processor.StandardBlockTagProcessor
[THYMELEAF]         * Text Processors by [precedence]:
[THYMELEAF]             * [1000]: org.thymeleaf.standard.processor.StandardInliningTextProcessor
[THYMELEAF]     * Processors for Template Mode: CSS
[THYMELEAF]         * Element Tag Processors by [matching element and attribute name] [precedence]:
[THYMELEAF]             * [* {th:insert}] [100]: org.thymeleaf.standard.processor.StandardInsertTagProcessor
[THYMELEAF]             * [* {th:replace}] [100]: org.thymeleaf.standard.processor.StandardReplaceTagProcessor
[THYMELEAF]             * [* {th:each}] [200]: com.intuit.karate.template.KarateEachTagProcessor
[THYMELEAF]             * [* {th:switch}] [250]: org.thymeleaf.standard.processor.StandardSwitchTagProcessor
[THYMELEAF]             * [* {th:case}] [275]: org.thymeleaf.standard.processor.StandardCaseTagProcessor
[THYMELEAF]             * [* {th:if}] [300]: org.thymeleaf.standard.processor.StandardIfTagProcessor
[THYMELEAF]             * [* {th:unless}] [400]: org.thymeleaf.standard.processor.StandardUnlessTagProcessor
[THYMELEAF]             * [* {th:object}] [500]: org.thymeleaf.standard.processor.StandardObjectTagProcessor
[THYMELEAF]             * [* {th:with}] [600]: com.intuit.karate.template.KarateWithTagProcessor
[THYMELEAF]             * [* {th:inline}] [1000]: org.thymeleaf.standard.processor.StandardInlineTextualTagProcessor
[THYMELEAF]             * [* {th:text}] [1300]: org.thymeleaf.standard.processor.StandardTextTagProcessor
[THYMELEAF]             * [* {th:utext}] [1400]: org.thymeleaf.standard.processor.StandardUtextTagProcessor
[THYMELEAF]             * [* {th:assert}] [1550]: org.thymeleaf.standard.processor.StandardAssertTagProcessor
[THYMELEAF]             * [* {th:remove}] [1600]: org.thymeleaf.standard.processor.StandardRemoveTagProcessor
[THYMELEAF]             * [* 100000] [org.thymeleaf.standard.processor.StandardBlockTagProcessor]: {}
[THYMELEAF]             * [{th:block} *] [100000]: org.thymeleaf.standard.processor.StandardBlockTagProcessor
[THYMELEAF]         * Text Processors by [precedence]:
[THYMELEAF]             * [1000]: org.thymeleaf.standard.processor.StandardInliningTextProcessor
[THYMELEAF]     * Expression Objects:
[THYMELEAF]         * #ctx
[THYMELEAF]         * #root
[THYMELEAF]         * #vars
[THYMELEAF]         * #object
[THYMELEAF]         * #locale
[THYMELEAF]         * #conversions
[THYMELEAF]         * #uris
[THYMELEAF]         * #temporals
[THYMELEAF]         * #calendars
[THYMELEAF]         * #dates
[THYMELEAF]         * #bools
[THYMELEAF]         * #numbers
[THYMELEAF]         * #objects
[THYMELEAF]         * #strings
[THYMELEAF]         * #arrays
[THYMELEAF]         * #lists
[THYMELEAF]         * #sets
[THYMELEAF]         * #maps
[THYMELEAF]         * #aggregates
[THYMELEAF]         * #messages
[THYMELEAF]         * #ids
[THYMELEAF]         * #execInfo
[THYMELEAF]         * #request
[THYMELEAF]         * #response
[THYMELEAF]         * #session
[THYMELEAF]         * #servletContext
[THYMELEAF]     * Execution Attributes:
[THYMELEAF]         * "StandardExpressionParser": com.intuit.karate.template.KarateStandardDialect@254513e8
[THYMELEAF]         * "StandardJavaScriptSerializer": org.thymeleaf.standard.serializer.StandardJavaScriptSerializer@51172948
[THYMELEAF]         * "StandardCSSSerializer": org.thymeleaf.standard.serializer.StandardCSSSerializer@6f2a3b37
[THYMELEAF]         * "StandardVariableExpressionEvaluator": com.intuit.karate.template.KarateStandardDialect@254513e8
[THYMELEAF]         * "StandardConversionService": org.thymeleaf.standard.expression.StandardConversionService@323b0632
[THYMELEAF] * Dialect [2 of 2]: karate (com.intuit.karate.template.KarateScriptDialect)
[THYMELEAF]     * Prefix: "ka"
[THYMELEAF]     * Processors for Template Mode: HTML
[THYMELEAF]         * Element Tag Processors by [matching element and attribute name] [precedence]:
[THYMELEAF]             * [* {src}] [1000]: com.intuit.karate.template.KaScriptAttrProcessor
[THYMELEAF]         * Element Model Processors by [matching element and attribute name] [precedence]:
[THYMELEAF]             * [{script} {ka:scope,data-ka-scope}] [1000]: com.intuit.karate.template.KaScriptElemProcessor
[THYMELEAF]             * [* {ka:set,data-ka-set}] [1000]: com.intuit.karate.template.KaSetElemProcessor
[THYMELEAF] TEMPLATE ENGINE CONFIGURED OK
21:32:28.741 [main] DEBUG org.thymeleaf.TemplateEngine -- [THYMELEAF] TEMPLATE ENGINE INITIALIZED

HTML report: (paste into browser to view) | Karate version: 1.4.1
file:///C:/Users/monst/karate-tests/target/karate-reports/karate-summary.html
===================================================================

]]></system-out>
    <system-err><![CDATA[ERROR StatusLogger Log4j2 could not find a logging implementation. Please add log4j-core to the classpath. Using SimpleLogger to log to the console...
]]></system-err>
  </testcase>
</testsuite>